new-calib: New touch screen calibration program v3.13
Serial Number='15061E00010B06020114'
Using tnt_mode=1
Setting for delay_in_us:        1
Setting for y_delay_in_us:      1
Setting for tnt_delay_in_us:    1
Setting for max_delta_tnt:      5
Setting for tnt_mode:           1
Setting for averaging:         -1
Entering get_five_points
target_noise  x= 2.50 y= 2.50 t= 2.50
target state=0 point=240,136
 X= 921 X2=  -1  Y= 972 Y2=  -1 P1=  -1 P2=  -1 T1=1019 T2= 843  P=  -1  D=  -1 
 X=1018 X2=1006  Y= 979 Y2=1022 P1=  -1 P2=  -1 T1=1023 T2= 926  P=  -1  D=  -1 
 X= 886 X2=1023  Y= 986 Y2=1023 P1=  -1 P2=  -1 T1=1023 T2= 873  P=  -1  D=  -1 
 X= 955 X2=1023  Y= 992 Y2=1023 P1=  -1 P2=  -1 T1=1020 T2= 866  P=  -1  D=  -1 
 X= 946 X2=1023  Y= 974 Y2=1019 P1=  -1 P2=  -1 T1=1020 T2= 921  P=  -1  D=  -1 
 X=1023 X2=1009  Y= 978 Y2=1023 P1=  -1 P2=  -1 T1=1023 T2= 931  P=  -1  D=  -1 
 X= 851 X2=1023  Y= 989 Y2=1023 P1=  -1 P2=  -1 T1=1021 T2= 917  P=  -1  D=  -1 
 X= 974 X2=1022  Y= 977 Y2=1021 P1=  -1 P2=  -1 T1=1023 T2= 934  P=  -1  D=  -1 
 X= 935 X2=1023  Y= 992 Y2=1023 P1=  -1 P2=  -1 T1=1020 T2= 922  P=  -1  D=  -1 
 X= 938 X2=1023  Y= 976 Y2=1023 P1=  -1 P2=  -1 T1=1023 T2= 895  P=  -1  D=  -1 
 X= 816 X2=1023  Y= 978 Y2=1019 P1=  -1 P2=  -1 T1=1023 T2= 928  P=  -1  D=  -1 
 X=1011 X2=1004  Y= 974 Y2=1023 P1=  -1 P2=  -1 T1=1023 T2= 912  P=  -1  D=  -1 
 X= 988 X2=1009  Y= 970 Y2=1020 P1=1021 P2=  -1 T1=1023 T2= 935  P=  -1  D=  -1 
 X= 977 X2=1022  Y= 985 Y2=1021 P1=1023 P2=  -1 T1=1023 T2= 934  P=  -1  D=  -1 
 X= 962 X2= 999  Y= 979 Y2=1020 P1=1023 P2=  -1 T1=1023 T2= 925  P=  -1  D=  -1 
 X= 942 X2=1021  Y= 985 Y2=1022 P1=1023 P2=  -1 T1=1020 T2= 922  P=  -1  D=  -1 
 X= 935 X2=1023  Y= 975 Y2=1019 P1=1023 P2=  -1 T1=1021 T2= 934  P=  -1  D=  -1 
 X= 968 X2=1022  Y= 986 Y2=1023 P1=1023 P2=  -1 T1=1021 T2= 944  P=  -1  D=  -1 
 X= 875 X2=1017  Y= 981 Y2=1020 P1=1023 P2=  -1 T1=1023 T2= 928  P=  -1  D=  -1 
 X= 958 X2= 999  Y= 982 Y2=1020 P1=1022 P2=  -1 T1=1023 T2= 914  P=  -1  D=  -1 
 X=1008 X2= 995  Y= 990 Y2=1023 P1=1023 P2=  -1 T1=1023 T2= 919  P=  -1  D=  -1 
 X= 969 X2=1019  Y= 960 Y2=1023 P1=1023 P2=  -1 T1=1023 T2= 945  P=  -1  D=  -1 
 X= 935 X2= 999  Y= 986 Y2=1023 P1=1023 P2=  -1 T1=1021 T2= 940  P=  -1  D=  -1 
 X= 980 X2= 992  Y= 978 Y2=1023 P1=1023 P2=  -1 T1=1023 T2= 937  P=  -1  D=  -1 
 X= 938 X2=1004  Y= 979 Y2=1021 P1=1023 P2=  -1 T1=1023 T2= 927  P=  -1  D=  -1 
 X= 882 X2=1023  Y= 983 Y2=1020 P1=1023 P2=  -1 T1=1020 T2= 936  P=  -1  D=  -1 
 X= 947 X2=1023  Y= 983 Y2=1023 P1=1023 P2=  -1 T1=1023 T2= 938  P=  -1  D=  -1 
 X= 863 X2=1019  Y= 982 Y2=1021 P1=1023 P2=  -1 T1=1022 T2= 935  P=  -1  D=  -1 
 X= 932 X2=1021  Y= 980 Y2=1023 P1=1023 P2=  -1 T1=1020 T2= 933  P=  -1  D=  -1 
 X= 999 X2=1008  Y= 983 Y2=1023 P1=1023 P2=  -1 T1=1023 T2= 953  P=  -1  D=  -1 
 X=1016 X2= 995  Y= 977 Y2=1023 P1=1022 P2=  -1 T1=1021 T2= 925  P=  -1  D=  -1 
 X= 995 X2=1015  Y= 976 Y2=1020 P1=1023 P2=  -1 T1=1021 T2= 927  P=  -1  D=  -1 
 X= 958 X2=1023  Y= 980 Y2=1023 P1=1023 P2=  -1 T1=1018 T2= 930  P=  -1  D=  -1 
 X= 934 X2=1023  Y= 974 Y2=1020 P1=1023 P2=  -1 T1=1023 T2= 946  P=  -1  D=  -1 
 X= 815 X2=1023  Y= 970 Y2=1023 P1=1023 P2=  -1 T1=1023 T2= 942  P=  -1  D=  -1 
 X= 935 X2=1023  Y= 986 Y2=1023 P1=1023 P2=  -1 T1=1023 T2= 866  P=  -1  D=  -1 
 X= 921 X2=1022  Y= 981 Y2=1019 P1=1021 P2=  -1 T1=1021 T2= 932  P=  -1  D=  -1 
 X= 894 X2=1018  Y= 981 Y2=1023 P1=1023 P2=  -1 T1=1020 T2= 929  P=  -1  D=  -1 
 X= 937 X2=1020  Y= 986 Y2=1019 P1=1023 P2=  -1 T1=1023 T2= 929  P=  -1  D=  -1 
 X=1023 X2= 995  Y= 986 Y2=1023 P1=1023 P2=  -1 T1=1019 T2= 944  P=  -1  D=  -1 
 X=1016 X2= 997  Y= 982 Y2=1022 P1=1023 P2=  -1 T1=1023 T2= 933  P=  -1  D=  -1 
 X= 931 X2=1023  Y= 985 Y2=1023 P1=1023 P2=  -1 T1=1020 T2= 939  P=  -1  D=  -1 
 X= 952 X2=1023  Y= 987 Y2=1019 P1=1023 P2=  -1 T1=1020 T2= 924  P=  -1  D=  -1 
 X= 969 X2=1023  Y= 983 Y2=1020 P1=1023 P2=  -1 T1=1023 T2= 932  P=  -1  D=  -1 
 X= 960 X2=1011  Y= 960 Y2=1023 P1=1023 P2=  -1 T1=1020 T2= 907  P=  -1  D=  -1 
 X= 957 X2=1023  Y= 982 Y2=1021 P1=1023 P2=  -1 T1=1023 T2= 925  P=  -1  D=  -1 
 X= 950 X2=1023  Y= 996 Y2=1023 P1=1023 P2=  -1 T1=1021 T2= 919  P=  -1  D=  -1 
 X= 815 X2=1023  Y= 979 Y2=1019 P1=1023 P2=  -1 T1=1021 T2= 913  P=  -1  D=  -1 
 X=1023 X2=1008  Y= 982 Y2=1020 P1=1023 P2=  -1 T1=1020 T2= 926  P=  -1  D=  -1 
 X=1023 X2=1011  Y= 980 Y2=1023 P1=1023 P2=  -1 T1=1023 T2= 913  P=  -1  D=  -1 
 X= 969 X2=1004  Y= 983 Y2=1020 P1=1023 P2=  -1 T1=1023 T2= 937  P=  -1  D=  -1 
 X= 941 X2=1022  Y= 986 Y2=1020 P1=1023 P2=  -1 T1=1023 T2= 930  P=  -1  D=  -1 
 X= 967 X2=1023  Y= 976 Y2=1021 P1=1023 P2=  -1 T1=1023 T2= 931  P=  -1  D=  -1 
 X= 964 X2=1023  Y= 974 Y2=1021 P1=1023 P2=  -1 T1=1023 T2= 936  P=  -1  D=  -1 
 X= 915 X2=1023  Y= 971 Y2=1023 P1=1023 P2=  -1 T1=1023 T2= 927  P=  -1  D=  -1 
 X=1003 X2=1008  Y= 989 Y2=1023 P1=1023 P2=  -1 T1=1023 T2= 921  P=  -1  D=  -1 
 X= 916 X2=1016  Y= 982 Y2=1023 P1=1023 P2=  -1 T1=1019 T2= 919  P=  -1  D=  -1 
 X=1023 X2=1016  Y= 978 Y2=1023 P1=1023 P2=  -1 T1=1021 T2= 930  P=  -1  D=  -1 
 X=1023 X2= 999  Y= 980 Y2=1023 P1=1023 P2=  -1 T1=1023 T2= 916  P=  -1  D=  -1 
 X=1021 X2=1010  Y= 979 Y2=1023 P1=1023 P2=  -1 T1=1023 T2= 922  P=  -1  D=  -1 
 X= 904 X2=1023  Y= 976 Y2=1020 P1=1023 P2=  -1 T1=1023 T2= 921  P=  -1  D=  -1 
 X= 940 X2=1023  Y= 971 Y2=1019 P1=1023 P2=  -1 T1=1020 T2= 916  P=  -1  D=  -1 
 X= 924 X2=1018  Y= 982 Y2=1020 P1=1023 P2=  -1 T1=1023 T2= 927  P=  -1  D=  -1 
 X= 815 X2=1023  Y= 984 Y2=1023 P1=1023 P2=  -1 T1=1019 T2= 919  P=  -1  D=  -1 
 X= 967 X2=1011  Y= 983 Y2=1020 P1=1023 P2=  -1 T1=1021 T2= 914  P=  -1  D=  -1 
 X= 985 X2=1004  Y= 975 Y2=1020 P1=1023 P2=  -1 T1=1021 T2= 932  P=  -1  D=  -1 
 X= 873 X2=1017  Y= 991 Y2=1020 P1=1023 P2=  -1 T1=1023 T2= 939  P=  -1  D=  -1 
 X= 968 X2=1023  Y= 982 Y2=1020 P1=1023 P2=  -1 T1=1023 T2= 920  P=  -1  D=  -1 
 X=1023 X2= 997  Y= 975 Y2=1020 P1=1023 P2=  -1 T1=1021 T2= 943  P=  -1  D=  -1 
 X= 955 X2=1007  Y= 979 Y2=1023 P1=1023 P2=  -1 T1=1023 T2= 909  P=  -1  D=  -1 
 X= 963 X2=1023  Y= 971 Y2=1023 P1=1023 P2=  -1 T1=1020 T2= 940  P=  -1  D=  -1 
 X=1022 X2=1023  Y=1017 Y2=1023 P1=1023 P2=  -1 T1=1020 T2=1019  P=  -1  D=  -1 
 X=1023 X2=1009  Y= 980 Y2=1019 P1=1023 P2=  -1 T1=1018 T2= 935  P=  -1  D=  -1 
 X= 856 X2=1022  Y= 979 Y2=1023 P1=1023 P2=  -1 T1=1023 T2= 937  P=  -1  D=  -1 
 X= 970 X2=1014  Y= 984 Y2=1023 P1=1023 P2=  -1 T1=1023 T2= 937  P=  -1  D=  -1 
 X= 872 X2=1019  Y= 980 Y2=1023 P1=1023 P2=  -1 T1=1018 T2= 927  P=  -1  D=  -1 
 X= 957 X2=1023  Y= 988 Y2=1022 P1=1023 P2=  -1 T1=1023 T2= 928  P=  -1  D=  -1 
 X=1023 X2=1004  Y= 955 Y2=1020 P1=1023 P2=  -1 T1=1022 T2= 898  P=  -1  D=  -1 
 X=1013 X2=1023  Y= 997 Y2=1023 P1=1023 P2=  -1 T1=1020 T2= 930  P=  -1  D=  -1 
 X= 949 X2=1022  Y= 987 Y2=1020 P1=1023 P2=  -1 T1=1023 T2= 935  P=  -1  D=  -1 
 X= 950 X2=1023  Y= 994 Y2=1023 P1=1023 P2=  -1 T1=1019 T2= 916  P=  -1  D=  -1 
 X= 903 X2=1016  Y= 980 Y2=1020 P1=1023 P2=  -1 T1=1023 T2= 942  P=  -1  D=  -1 
 X= 889 X2=1023  Y= 974 Y2=1023 P1=1023 P2=  -1 T1=1020 T2= 923  P=  -1  D=  -1 
 X= 936 X2= 996  Y= 989 Y2=1023 P1=1023 P2=  -1 T1=1023 T2= 929  P=  -1  D=  -1 
 X=1023 X2= 989  Y= 971 Y2=1020 P1=1023 P2=  -1 T1=1020 T2= 936  P=  -1  D=  -1 
 X= 946 X2=1023  Y= 983 Y2=1021 P1=1023 P2=  -1 T1=1020 T2= 933  P=  -1  D=  -1 
 X= 977 X2=1023  Y= 949 Y2=1019 P1=1023 P2=  -1 T1=1023 T2= 925  P=  -1  D=  -1 
 X=1023 X2=1010  Y= 974 Y2=1020 P1=1023 P2=  -1 T1=1021 T2= 936  P=  -1  D=  -1 
 X= 879 X2=1023  Y= 960 Y2=1023 P1=1023 P2=  -1 T1=1021 T2= 931  P=  -1  D=  -1 
 X=1020 X2=1020  Y= 994 Y2=1023 P1=1023 P2=  -1 T1=1023 T2= 922  P=  -1  D=  -1 
 X= 791 X2=1023  Y= 976 Y2=1023 P1=1023 P2=  -1 T1=1021 T2= 929  P=  -1  D=  -1 
 X= 948 X2=1023  Y= 988 Y2=1023 P1=1023 P2=  -1 T1=1023 T2= 930  P=  -1  D=  -1 
 X= 994 X2=1000  Y= 983 Y2=1022 P1=1023 P2=  -1 T1=1023 T2= 934  P=  -1  D=  -1 
 X=1016 X2= 996  Y= 981 Y2=1021 P1=1023 P2=  -1 T1=1021 T2= 876  P=  -1  D=  -1 
 X= 957 X2=1023  Y= 976 Y2=1023 P1=1023 P2=  -1 T1=1023 T2= 932  P=  -1  D=  -1 
 X= 956 X2=1023  Y= 981 Y2=1023 P1=1023 P2=  -1 T1=1019 T2= 953  P=  -1  D=  -1 
 X= 967 X2=1022  Y= 981 Y2=1020 P1=1023 P2=  -1 T1=1020 T2= 924  P=  -1  D=  -1 
 X= 951 X2=1023  Y= 984 Y2=1022 P1=1023 P2=  -1 T1=1023 T2= 928  P=  -1  D=  -1 
 X= 935 X2=1023  Y= 977 Y2=1020 P1=1023 P2=  -1 T1=1021 T2= 921  P=  -1  D=  -1 
 X= 983 X2=1023  Y= 985 Y2=1022 P1=1023 P2=  -1 T1=1021 T2= 911  P=  -1  D=  -1 
 X=1023 X2=1005  Y= 993 Y2=1023 P1=1023 P2=  -1 T1=1023 T2= 935  P=  -1  D=  -1 
 X= 931 X2=1023  Y= 983 Y2=1023 P1=1023 P2=  -1 T1=1023 T2= 932  P=  -1  D=  -1 
 X= 998 X2=1010  Y= 980 Y2=1023 P1=1023 P2=  -1 T1=1020 T2= 928  P=  -1  D=  -1 
 X=1019 X2= 989  Y= 977 Y2=1020 P1=1023 P2=  -1 T1=1023 T2= 942  P=  -1  D=  -1 
 X=1015 X2=1011  Y= 985 Y2=1023 P1=1023 P2=  -1 T1=1023 T2= 935  P=  -1  D=  -1 
 X=1023 X2= 998  Y= 978 Y2=1020 P1=1023 P2=  -1 T1=1020 T2= 918  P=  -1  D=  -1 
 X= 956 X2=1023  Y= 980 Y2=1020 P1=1023 P2=  -1 T1=1022 T2= 921  P=  -1  D=  -1 
 X= 852 X2=1023  Y= 981 Y2=1020 P1=1023 P2=  -1 T1=1023 T2= 933  P=  -1  D=  -1 
 X= 978 X2=1007  Y= 985 Y2=1021 P1=1023 P2=  -1 T1=1023 T2= 912  P=  -1  D=  -1 
 X= 928 X2=1018  Y= 980 Y2=1023 P1=1023 P2=  -1 T1=1020 T2= 926  P=  -1  D=  -1 
 X= 901 X2=1018  Y= 974 Y2=1019 P1=1023 P2=  -1 T1=1023 T2= 927  P=  -1  D=  -1 
 X= 936 X2=1021  Y= 984 Y2=1023 P1=1023 P2=  -1 T1=1023 T2= 920  P=  -1  D=  -1 
 X=1023 X2=1007  Y= 989 Y2=1019 P1=1023 P2=  -1 T1=1019 T2= 914  P=  -1  D=  -1 
 X= 964 X2=1023  Y= 978 Y2=1023 P1=1023 P2=  -1 T1=1021 T2= 933  P=  -1  D=  -1 
 X= 924 X2=1023  Y= 976 Y2=1020 P1=1023 P2=  -1 T1=1020 T2= 914  P=  -1  D=  -1 
 X= 869 X2=1017  Y= 980 Y2=1021 P1=1023 P2=  -1 T1=1020 T2= 935  P=  -1  D=  -1 
 X= 960 X2=1022  Y= 975 Y2=1018 P1=1023 P2=  -1 T1=1023 T2= 938  P=  -1  D=  -1 
 X= 830 X2=1023  Y= 990 Y2=1023 P1=1023 P2=  -1 T1=1023 T2= 934  P=  -1  D=  -1 
 X=1010 X2= 999  Y= 990 Y2=1023 P1=1023 P2=  -1 T1=1020 T2= 927  P=  -1  D=  -1 
 X= 823 X2=1023  Y= 977 Y2=1020 P1=1023 P2=  -1 T1=1023 T2= 939  P=  -1  D=  -1 
 X=1023 X2=1006  Y= 962 Y2=1020 P1=1023 P2=  -1 T1=1023 T2= 917  P=  -1  D=  -1 
 X= 943 X2=1006  Y= 977 Y2=1019 P1=1023 P2=  -1 T1=1023 T2= 931  P=  -1  D=  -1 
 X= 792 X2=1023  Y= 979 Y2=1021 P1=1023 P2=  -1 T1=1023 T2= 936  P=  -1  D=  -1 
 X= 891 X2=1023  Y= 981 Y2=1023 P1=1023 P2=  -1 T1=1021 T2= 934  P=  -1  D=  -1 
 X= 866 X2=1023  Y= 971 Y2=1023 P1=1023 P2=  -1 T1=1023 T2= 935  P=  -1  D=  -1 
 X= 926 X2=1019  Y= 986 Y2=1022 P1=1023 P2=  -1 T1=1023 T2= 926  P=  -1  D=  -1 
 X= 861 X2=1023  Y= 978 Y2=1023 P1=1023 P2=  -1 T1=1021 T2= 944  P=  -1  D=  -1 
 X= 983 X2=1007  Y= 987 Y2=1020 P1=1023 P2=  -1 T1=1023 T2= 924  P=  -1  D=  -1 
 X= 990 X2=1005  Y= 976 Y2=1021 P1=1023 P2=  -1 T1=1020 T2= 925  P=  -1  D=  -1 
 X= 949 X2=1020  Y= 973 Y2=1023 P1=1023 P2=  -1 T1=1021 T2= 924  P=  -1  D=  -1 
 X= 968 X2=1023  Y= 983 Y2=1023 P1=1023 P2=  -1 T1=1020 T2= 934  P=  -1  D=  -1 
 X=1014 X2= 986  Y= 981 Y2=1021 P1=1023 P2=  -1 T1=1021 T2= 927  P=  -1  D=  -1 
 X= 838 X2=1023  Y= 983 Y2=1023 P1=1023 P2=  -1 T1=1023 T2= 946  P=  -1  D=  -1 
 X= 904 X2=1023  Y= 981 Y2=1020 P1=1023 P2=  -1 T1=1021 T2= 930  P=  -1  D=  -1 
 X= 828 X2=1023  Y= 981 Y2=1023 P1=1023 P2=  -1 T1=1020 T2= 922  P=  -1  D=  -1 
 X= 962 X2=1022  Y= 980 Y2=1023 P1=1023 P2=  -1 T1=1021 T2= 942  P=  -1  D=  -1 
 X= 928 X2= 991  Y= 978 Y2=1020 P1=1023 P2=  -1 T1=1021 T2= 924  P=  -1  D=  -1 
 X=1019 X2=1008  Y= 980 Y2=1023 P1=1023 P2=  -1 T1=1023 T2= 917  P=  -1  D=  -1 
 X=1012 X2= 992  Y= 977 Y2=1021 P1=1023 P2=  -1 T1=1020 T2= 923  P=  -1  D=  -1 
 X= 927 X2=1023  Y= 973 Y2=1023 P1=1023 P2=  -1 T1=1020 T2= 966  P=  -1  D=  -1 
 X=1011 X2=1023  Y=1019 Y2=1020 P1=1023 P2=  -1 T1=1020 T2=1012  P=  -1  D=  -1 
 X=1023 X2=1023  Y=1014 Y2=1019 P1=1023 P2=  -1 T1=1023 T2=1005  P=  -1  D=  -1 
 X= 965 X2=1019  Y=1019 Y2=1023 P1=1023 P2=  -1 T1=1021 T2=1010  P=  -1  D=  -1 
 X= 962 X2=1017  Y=1003 Y2=1022 P1=1023 P2=  -1 T1=1021 T2=1014  P=  -1  D=  -1 
 X= 912 X2=1014  Y=1006 Y2=1023 P1=1023 P2=  -1 T1=1020 T2= 984  P=  -1  D=  -1 
 X= 969 X2=1020  Y=1020 Y2=1023 P1=1023 P2=  -1 T1=1023 T2=1014  P=  -1  D=  -1 
 X= 962 X2=1021  Y= 980 Y2=1023 P1=1023 P2=  -1 T1=1020 T2= 933  P=  -1  D=  -1 
 X= 912 X2=1023  Y= 982 Y2=1023 P1=1023 P2=  -1 T1=1023 T2= 931  P=  -1  D=  -1 
 X= 946 X2=1023  Y= 984 Y2=1019 P1=1023 P2=  -1 T1=1023 T2= 911  P=  -1  D=  -1 
 X= 973 X2= 980  Y= 988 Y2=1019 P1=1023 P2=  -1 T1=1021 T2= 926  P=  -1  D=  -1 
 X= 919 X2=1021  Y= 985 Y2=1021 P1=1023 P2=  -1 T1=1023 T2= 937  P=  -1  D=  -1 
 X= 863 X2=1023  Y= 983 Y2=1023 P1=1023 P2=  -1 T1=1019 T2= 935  P=  -1  D=  -1 
 X= 853 X2=1023  Y= 977 Y2=1023 P1=1023 P2=  -1 T1=1023 T2= 934  P=  -1  D=  -1 
 X= 997 X2=1004  Y= 981 Y2=1020 P1=1023 P2=  -1 T1=1021 T2= 935  P=  -1  D=  -1 
 X= 900 X2=1022  Y= 983 Y2=1021 P1=1023 P2=  -1 T1=1023 T2= 925  P=  -1  D=  -1 
 X=1023 X2= 996  Y= 994 Y2=1020 P1=1023 P2=  -1 T1=1023 T2= 927  P=  -1  D=  -1 
 X=1023 X2=1015  Y= 980 Y2=1020 P1=1023 P2=  -1 T1=1019 T2= 934  P=  -1  D=  -1 
 X= 912 X2=1023  Y= 981 Y2=1022 P1=1023 P2=  -1 T1=1021 T2= 919  P=  -1  D=  -1 
 X= 950 X2=1023  Y= 984 Y2=1020 P1=1023 P2=  -1 T1=1022 T2= 930  P=  -1  D=  -1 
 X= 951 X2=1022  Y= 983 Y2=1023 P1=1023 P2=  -1 T1=1020 T2= 939  P=  -1  D=  -1 
 X= 968 X2=1023  Y= 984 Y2=1020 P1=1023 P2=  -1 T1=1021 T2= 938  P=  -1  D=  -1 
 X= 843 X2=1023  Y= 976 Y2=1023 P1=1023 P2=  -1 T1=1022 T2= 941  P=  -1  D=  -1 
 X= 880 X2=1019  Y= 987 Y2=1020 P1=1023 P2=  -1 T1=1020 T2= 930  P=  -1  D=  -1 
 X= 994 X2=1016  Y= 973 Y2=1023 P1=1023 P2=  -1 T1=1023 T2= 938  P=  -1  D=  -1 
 X= 963 X2=1023  Y= 985 Y2=1023 P1=1023 P2=  -1 T1=1023 T2= 919  P=  -1  D=  -1 
 X= 972 X2=1023  Y= 974 Y2=1023 P1=1023 P2=  -1 T1=1023 T2= 911  P=  -1  D=  -1 
 X=1023 X2=1005  Y= 984 Y2=1019 P1=1023 P2=  -1 T1=1023 T2= 939  P=  -1  D=  -1 
 X= 950 X2=1023  Y= 991 Y2=1019 P1=1023 P2=  -1 T1=1021 T2= 925  P=  -1  D=  -1 
 X= 916 X2=1023  Y= 977 Y2=1021 P1=1023 P2=  -1 T1=1023 T2= 925  P=  -1  D=  -1 
 X= 947 X2=1022  Y= 974 Y2=1020 P1=1023 P2=  -1 T1=1020 T2= 914  P=  -1  D=  -1 
 X= 854 X2=1023  Y= 975 Y2=1020 P1=1023 P2=  -1 T1=1019 T2= 925  P=  -1  D=  -1 
 X=1023 X2=1008  Y= 982 Y2=1020 P1=1023 P2=  -1 T1=1020 T2= 924  P=  -1  D=  -1 
 X= 940 X2=1023  Y=1019 Y2=1021 P1=1023 P2=  -1 T1=1023 T2=1019  P=  -1  D=  -1 
 X= 982 X2=1022  Y= 982 Y2=1023 P1=1023 P2=  -1 T1=1021 T2= 934  P=  -1  D=  -1 
 X= 963 X2=1021  Y= 975 Y2=1023 P1=1023 P2=  -1 T1=1021 T2= 927  P=  -1  D=  -1 
 X=1011 X2= 998  Y= 988 Y2=1023 P1=1023 P2=  -1 T1=1023 T2= 904  P=  -1  D=  -1 
 X= 903 X2=1023  Y= 989 Y2=1021 P1=1023 P2=  -1 T1=1023 T2= 916  P=  -1  D=  -1 
 X= 948 X2=1023  Y= 972 Y2=1023 P1=1023 P2=  -1 T1=1020 T2= 946  P=  -1  D=  -1 
 X= 985 X2=1019  Y= 983 Y2=1020 P1=1023 P2=  -1 T1=1021 T2= 945  P=  -1  D=  -1 
 X=1021 X2=1014  Y= 974 Y2=1023 P1=1023 P2=  -1 T1=1021 T2= 918  P=  -1  D=  -1 
 X= 942 X2=1023  Y= 980 Y2=1020 P1=1023 P2=  -1 T1=1023 T2= 938  P=  -1  D=  -1 
 X=1014 X2= 996  Y= 976 Y2=1023 P1=1023 P2=  -1 T1=1023 T2= 941  P=  -1  D=  -1 
 X= 981 X2= 998  Y= 975 Y2=1020 P1=1023 P2=  -1 T1=1023 T2= 922  P=  -1  D=  -1 
 X=1023 X2=1008  Y= 980 Y2=1023 P1=1023 P2=  -1 T1=1023 T2= 940  P=  -1  D=  -1 
 X= 941 X2=1023  Y= 980 Y2=1021 P1=1023 P2=  -1 T1=1020 T2= 928  P=  -1  D=  -1 
 X= 938 X2=1021  Y= 978 Y2=1020 P1=1023 P2=  -1 T1=1023 T2= 924  P=  -1  D=  -1 
 X= 926 X2=1023  Y= 991 Y2=1020 P1=1023 P2=  -1 T1=1023 T2= 914  P=  -1  D=  -1 
 X= 898 X2=1023  Y= 995 Y2=1020 P1=1023 P2=  -1 T1=1023 T2= 928  P=  -1  D=  -1 
 X= 990 X2=1005  Y= 972 Y2=1020 P1=1023 P2=  -1 T1=1019 T2= 939  P=  -1  D=  -1 
 X= 946 X2=1020  Y= 947 Y2=1023 P1=1023 P2=  -1 T1=1023 T2= 935  P=  -1  D=  -1 
 X= 934 X2=1022  Y= 991 Y2=1023 P1=1023 P2=  -1 T1=1020 T2= 940  P=  -1  D=  -1 
 X= 934 X2=1020  Y= 990 Y2=1023 P1=1023 P2=  -1 T1=1023 T2= 863  P=  -1  D=  -1 
 X= 925 X2=1023  Y= 981 Y2=1020 P1=1023 P2=  -1 T1=1023 T2= 934  P=  -1  D=  -1 
 X= 930 X2= 991  Y= 988 Y2=1020 P1=1023 P2=  -1 T1=1023 T2= 930  P=  -1  D=  -1 
 X=1001 X2=1018  Y= 986 Y2=1023 P1=1023 P2=  -1 T1=1020 T2= 914  P=  -1  D=  -1 
 X= 781 X2=1023  Y= 979 Y2=1023 P1=1023 P2=  -1 T1=1023 T2= 936  P=  -1  D=  -1 
 X= 888 X2=1023  Y= 980 Y2=1023 P1=1023 P2=  -1 T1=1023 T2= 915  P=  -1  D=  -1 
 X= 912 X2=1018  Y= 981 Y2=1020 P1=1023 P2=  -1 T1=1023 T2= 939  P=  -1  D=  -1 
 X= 955 X2=1023  Y= 989 Y2=1023 P1=1023 P2=  -1 T1=1020 T2= 917  P=  -1  D=  -1 
 X=1023 X2=1007  Y= 978 Y2=1023 P1=1023 P2=  -1 T1=1021 T2= 936  P=  -1  D=  -1 
 X=1023 X2=1016  Y= 979 Y2=1020 P1=1023 P2=  -1 T1=1021 T2= 930  P=  -1  D=  -1 
 X=1005 X2= 993  Y= 975 Y2=1023 P1=1023 P2=  -1 T1=1023 T2= 933  P=  -1  D=  -1 
 X= 936 X2=1023  Y= 982 Y2=1023 P1=1023 P2=  -1 T1=1021 T2= 919  P=  -1  D=  -1 
 X= 943 X2=1023  Y= 978 Y2=1023 P1=1023 P2=  -1 T1=1021 T2= 946  P=  -1  D=  -1 
 X= 905 X2=1023  Y= 948 Y2=1023 P1=1023 P2=  -1 T1=1023 T2= 914  P=  -1  D=  -1 
 X= 874 X2=1023  Y= 983 Y2=1023 P1=1023 P2=  -1 T1=1019 T2= 930  P=  -1  D=  -1 
 X=1003 X2=1004  Y= 982 Y2=1020 P1=1023 P2=  -1 T1=1021 T2= 942  P=  -1  D=  -1 
 X= 947 X2=1016  Y= 977 Y2=1019 P1=1023 P2=  -1 T1=1023 T2= 948  P=  -1  D=  -1 
 X= 965 X2=1018  Y= 990 Y2=1023 P1=1023 P2=  -1 T1=1023 T2= 934  P=  -1  D=  -1 
 X=1023 X2= 979  Y= 973 Y2=1023 P1=1023 P2=  -1 T1=1020 T2= 933  P=  -1  D=  -1 
 X=1023 X2=1010  Y= 990 Y2=1023 P1=1023 P2=  -1 T1=1022 T2= 902  P=  -1  D=  -1 
 X= 962 X2=1023  Y= 975 Y2=1020 P1=1023 P2=  -1 T1=1023 T2= 933  P=  -1  D=  -1 
 X= 938 X2=1023  Y= 988 Y2=1020 P1=1023 P2=  -1 T1=1023 T2= 937  P=  -1  D=  -1 
 X= 964 X2=1022  Y= 979 Y2=1023 P1=1023 P2=  -1 T1=1023 T2= 930  P=  -1  D=  -1 
 X= 942 X2=1023  Y= 985 Y2=1021 P1=1023 P2=  -1 T1=1021 T2= 933  P=  -1  D=  -1 
 X= 862 X2=1023  Y= 983 Y2=1023 P1=1023 P2=  -1 T1=1023 T2= 922  P=  -1  D=  -1 
 X=1001 X2=1009  Y= 979 Y2=1023 P1=1023 P2=  -1 T1=1020 T2= 944  P=  -1  D=  -1 
 X= 961 X2=1011  Y= 987 Y2=1023 P1=1023 P2=  -1 T1=1018 T2= 915  P=  -1  D=  -1 
 X=1023 X2=1009  Y= 971 Y2=1023 P1=1023 P2=  -1 T1=1021 T2= 932  P=  -1  D=  -1 
 X= 971 X2=1023  Y= 961 Y2=1019 P1=1023 P2=  -1 T1=1021 T2= 973  P=  -1  D=  -1 
 X= 901 X2=1023  Y= 987 Y2=1023 P1=1023 P2=  -1 T1=1020 T2= 922  P=  -1  D=  -1 
 X= 936 X2=1023  Y= 984 Y2=1019 P1=1023 P2=  -1 T1=1021 T2= 935  P=  -1  D=  -1 
 X= 943 X2=1022  Y= 983 Y2=1023 P1=1023 P2=  -1 T1=1021 T2= 914  P=  -1  D=  -1 
 X= 928 X2=1018  Y= 987 Y2=1020 P1=1023 P2=  -1 T1=1023 T2= 929  P=  -1  D=  -1 
 X= 817 X2=1023  Y= 976 Y2=1023 P1=1023 P2=  -1 T1=1021 T2= 936  P=  -1  D=  -1 
 X= 898 X2=1018  Y= 980 Y2=1023 P1=1023 P2=  -1 T1=1019 T2= 906  P=  -1  D=  -1 
 X= 991 X2=1010  Y= 981 Y2=1019 P1=1023 P2=  -1 T1=1023 T2= 936  P=  -1  D=  -1 
 X= 972 X2=1023  Y= 977 Y2=1021 P1=1023 P2=  -1 T1=1023 T2= 935  P=  -1  D=  -1 
 X= 971 X2= 993  Y= 983 Y2=1023 P1=1023 P2=  -1 T1=1023 T2= 926  P=  -1  D=  -1 
 X= 850 X2=1023  Y= 973 Y2=1023 P1=1023 P2=  -1 T1=1023 T2= 918  P=  -1  D=  -1 
 X= 900 X2=1023  Y= 979 Y2=1023 P1=1023 P2=  -1 T1=1023 T2= 929  P=  -1  D=  -1 
 X= 943 X2=1023  Y= 985 Y2=1018 P1=1023 P2=  -1 T1=1021 T2= 936  P=  -1  D=  -1 
 X= 823 X2=1023  Y= 987 Y2=1020 P1=1023 P2=  -1 T1=1021 T2= 935  P=  -1  D=  -1 
 X= 981 X2=1023  Y= 981 Y2=1023 P1=1023 P2=  -1 T1=1023 T2= 941  P=  -1  D=  -1 
 X=1023 X2= 999  Y= 981 Y2=1023 P1=1022 P2=  -1 T1=1021 T2= 938  P=  -1  D=  -1 
 X=1011 X2= 997  Y= 979 Y2=1020 P1=1023 P2=  -1 T1=1023 T2= 933  P=  -1  D=  -1 
 X= 872 X2=1023  Y= 980 Y2=1020 P1=1023 P2=  -1 T1=1021 T2= 923  P=  -1  D=  -1 
 X= 953 X2=1021  Y= 973 Y2=1023 P1=1023 P2=  -1 T1=1020 T2= 926  P=  -1  D=  -1 
 X= 943 X2=1023  Y= 987 Y2=1021 P1=1023 P2=  -1 T1=1021 T2= 938  P=  -1  D=  -1 
 X= 905 X2=1023  Y= 965 Y2=1019 P1=1023 P2=  -1 T1=1021 T2= 929  P=  -1  D=  -1 
 X= 893 X2=1023  Y= 992 Y2=1023 P1=1023 P2=  -1 T1=1020 T2= 942  P=  -1  D=  -1 
 X= 970 X2=1008  Y= 982 Y2=1023 P1=1023 P2=  -1 T1=1021 T2= 936  P=  -1  D=  -1 
 X= 936 X2=1021  Y= 983 Y2=1023 P1=1023 P2=  -1 T1=1020 T2= 917  P=  -1  D=  -1 
 X= 950 X2=1020  Y= 952 Y2=1023 P1=1023 P2=  -1 T1=1023 T2= 904  P=  -1  D=  -1 
 X= 878 X2=1021  Y= 995 Y2=1020 P1=1023 P2=  -1 T1=1021 T2= 937  P=  -1  D=  -1 
 X= 824 X2=1023  Y= 990 Y2=1021 P1=1023 P2=  -1 T1=1023 T2= 933  P=  -1  D=  -1 
 X=1023 X2= 999  Y= 975 Y2=1023 P1=1023 P2=  -1 T1=1020 T2= 927  P=  -1  D=  -1 
 X=1023 X2=1009  Y= 987 Y2=1023 P1=1023 P2=  -1 T1=1019 T2= 919  P=  -1  D=  -1 
 X= 969 X2=1023  Y= 983 Y2=1023 P1=1023 P2=  -1 T1=1020 T2= 919  P=  -1  D=  -1 
 X= 938 X2=1023  Y= 982 Y2=1021 P1=1023 P2=  -1 T1=1020 T2= 939  P=  -1  D=  -1 
 X= 975 X2=1006  Y= 980 Y2=1022 P1=1023 P2=  -1 T1=1021 T2= 927  P=  -1  D=  -1 
 X= 880 X2=1020  Y= 983 Y2=1020 P1=1023 P2=  -1 T1=1020 T2= 927  P=  -1  D=  -1 
 X= 937 X2=1019  Y= 982 Y2=1020 P1=1023 P2=  -1 T1=1023 T2= 928  P=  -1  D=  -1 
 X= 989 X2= 997  Y= 978 Y2=1020 P1=1023 P2=  -1 T1=1023 T2= 930  P=  -1  D=  -1 
 X=1012 X2= 996  Y= 980 Y2=1020 P1=1023 P2=  -1 T1=1020 T2= 916  P=  -1  D=  -1 
 X= 938 X2=1023  Y= 984 Y2=1023 P1=1023 P2=  -1 T1=1021 T2= 925  P=  -1  D=  -1 
 X= 978 X2=1023  Y= 976 Y2=1022 P1=1023 P2=  -1 T1=1022 T2= 946  P=  -1  D=  -1 
 X= 975 X2=1023  Y= 987 Y2=1023 P1=1023 P2=  -1 T1=1021 T2= 925  P=  -1  D=  -1 
 X= 971 X2=1023  Y= 974 Y2=1021 P1=1023 P2=  -1 T1=1020 T2= 935  P=  -1  D=  -1 
 X= 901 X2=1023  Y= 968 Y2=1023 P1=1023 P2=  -1 T1=1021 T2= 936  P=  -1  D=  -1 
 X= 915 X2=1019  Y= 988 Y2=1020 P1=1023 P2=  -1 T1=1020 T2= 934  P=  -1  D=  -1 
 X= 977 X2=1016  Y= 979 Y2=1019 P1=1023 P2=  -1 T1=1019 T2= 936  P=  -1  D=  -1 
 X= 944 X2=1023  Y= 990 Y2=1019 P1=1023 P2=  -1 T1=1020 T2= 937  P=  -1  D=  -1 
 X=1023 X2=1008  Y= 982 Y2=1020 P1=1023 P2=  -1 T1=1023 T2= 917  P=  -1  D=  -1 
 X= 890 X2=1023  Y= 978 Y2=1023 P1=1023 P2=  -1 T1=1022 T2= 929  P=  -1  D=  -1 
 X= 931 X2=1023  Y= 984 Y2=1021 P1=1023 P2=  -1 T1=1020 T2= 926  P=  -1  D=  -1 
 X= 970 X2=1023  Y= 984 Y2=1023 P1=1023 P2=  -1 T1=1021 T2= 906  P=  -1  D=  -1 
 X= 925 X2=1023  Y= 988 Y2=1020 P1=1023 P2=  -1 T1=1023 T2= 919  P=  -1  D=  -1 
 X= 842 X2=1023  Y= 966 Y2=1023 P1=1023 P2=  -1 T1=1019 T2= 922  P=  -1  D=  -1 
 X= 981 X2=1023  Y= 984 Y2=1020 P1=1023 P2=  -1 T1=1019 T2= 896  P=  -1  D=  -1 
 X= 994 X2=1014  Y= 973 Y2=1023 P1=1023 P2=  -1 T1=1020 T2= 943  P=  -1  D=  -1 
 X= 954 X2=1023  Y= 971 Y2=1023 P1=1023 P2=  -1 T1=1021 T2= 927  P=  -1  D=  -1 
 X= 965 X2= 981  Y= 984 Y2=1020 P1=1023 P2=  -1 T1=1023 T2= 927  P=  -1  D=  -1 
 X=1001 X2=1023  Y=1016 Y2=1019 P1=1023 P2=  -1 T1=1021 T2=1021  P=  -1  D=  -1 
 X= 888 X2=1019  Y= 988 Y2=1019 P1=1023 P2=  -1 T1=1022 T2= 935  P=  -1  D=  -1 
 X= 975 X2= 996  Y= 985 Y2=1023 P1=1023 P2=  -1 T1=1023 T2= 959  P=  -1  D=  -1 
 X= 883 X2=1018  Y= 984 Y2=1020 P1=1023 P2=  -1 T1=1019 T2= 922  P=  -1  D=  -1 
 X= 802 X2=1023  Y= 988 Y2=1023 P1=1023 P2=  -1 T1=1023 T2= 931  P=  -1  D=  -1 
 X=1023 X2= 997  Y= 986 Y2=1021 P1=1023 P2=  -1 T1=1021 T2= 929  P=  -1  D=  -1 
 X=1000 X2=1005  Y= 983 Y2=1020 P1=1023 P2=  -1 T1=1021 T2= 927  P=  -1  D=  -1 
 X=1023 X2=1006  Y= 993 Y2=1021 P1=1023 P2=  -1 T1=1023 T2= 930  P=  -1  D=  -1 
 X=1001 X2= 999  Y= 978 Y2=1020 P1=1023 P2=  -1 T1=1021 T2= 904  P=  -1  D=  -1 
 X=1023 X2=1007  Y= 973 Y2=1021 P1=1023 P2=  -1 T1=1021 T2= 887  P=  -1  D=  -1 
 X= 813 X2=1023  Y= 977 Y2=1023 P1=1023 P2=  -1 T1=1021 T2= 941  P=  -1  D=  -1 
 X= 889 X2=1023  Y= 985 Y2=1019 P1=1023 P2=  -1 T1=1023 T2= 869  P=  -1  D=  -1 
 X= 968 X2=1011  Y= 977 Y2=1023 P1=1023 P2=  -1 T1=1023 T2= 919  P=  -1  D=  -1 
 X= 868 X2=1020  Y= 971 Y2=1023 P1=1023 P2=  -1 T1=1020 T2= 921  P=  -1  D=  -1 
 X= 799 X2=1023  Y= 984 Y2=1023 P1=1023 P2=  -1 T1=1023 T2= 937  P=  -1  D=  -1 
 X=1021 X2= 992  Y= 973 Y2=1019 P1=1023 P2=  -1 T1=1023 T2= 936  P=  -1  D=  -1 
 X= 989 X2= 995  Y= 976 Y2=1023 P1=1023 P2=  -1 T1=1021 T2= 928  P=  -1  D=  -1 
 X= 940 X2=1022  Y= 979 Y2=1023 P1=1023 P2=  -1 T1=1020 T2= 932  P=  -1  D=  -1 
 X= 911 X2=1023  Y= 989 Y2=1020 P1=1023 P2=  -1 T1=1019 T2= 938  P=  -1  D=  -1 
 X= 931 X2=1023  Y= 984 Y2=1021 P1=1023 P2=  -1 T1=1023 T2= 924  P=  -1  D=  -1 
 X= 919 X2=1023  Y= 984 Y2=1023 P1=1023 P2=  -1 T1=1023 T2= 928  P=  -1  D=  -1 
 X=1023 X2=1007  Y= 987 Y2=1023 P1=1023 P2=  -1 T1=1017 T2= 916  P=  -1  D=  -1 
 X= 862 X2=1023  Y= 973 Y2=1020 P1=1023 P2=  -1 T1=1021 T2= 932  P=  -1  D=  -1 
 X= 930 X2=1021  Y= 978 Y2=1020 P1=1023 P2=  -1 T1=1021 T2= 915  P=  -1  D=  -1 
 X=1023 X2=1007  Y= 983 Y2=1023 P1=1023 P2=  -1 T1=1018 T2= 914  P=  -1  D=  -1 
 X=1023 X2=1016  Y= 979 Y2=1019 P1=1023 P2=  -1 T1=1017 T2= 916  P=  -1  D=  -1 
 X= 966 X2=1013  Y= 991 Y2=1023 P1=1023 P2=  -1 T1=1023 T2= 925  P=  -1  D=  -1 
 X= 974 X2=1023  Y= 985 Y2=1022 P1=1023 P2=  -1 T1=1020 T2= 944  P=  -1  D=  -1 
 X= 969 X2=1023  Y= 975 Y2=1019 P1=1023 P2=  -1 T1=1022 T2= 920  P=  -1  D=  -1 
 X= 947 X2=1023  Y= 993 Y2=1020 P1=1023 P2=  -1 T1=1020 T2= 941  P=  -1  D=  -1 
 X= 910 X2=1023  Y= 985 Y2=1020 P1=1023 P2=  -1 T1=1021 T2= 956  P=  -1  D=  -1 
 X= 941 X2=1023  Y= 975 Y2=1023 P1=1023 P2=  -1 T1=1023 T2= 941  P=  -1  D=  -1 
 X= 975 X2=1023  Y= 981 Y2=1020 P1=1023 P2=  -1 T1=1023 T2= 939  P=  -1  D=  -1 
 X= 978 X2=1022  Y= 982 Y2=1020 P1=1023 P2=  -1 T1=1023 T2= 910  P=  -1  D=  -1 
 X=1023 X2=1015  Y= 981 Y2=1020 P1=1023 P2=  -1 T1=1023 T2= 936  P=  -1  D=  -1 
 X=1013 X2=1012  Y= 967 Y2=1020 P1=1023 P2=  -1 T1=1020 T2= 919  P=  -1  D=  -1 
 X= 966 X2=1021  Y= 980 Y2=1019 P1=1023 P2=  -1 T1=1023 T2= 924  P=  -1  D=  -1 
 X= 966 X2=1023  Y= 978 Y2=1023 P1=1023 P2=  -1 T1=1023 T2= 930  P=  -1  D=  -1 
 X= 961 X2=1022  Y= 978 Y2=1021 P1=1023 P2=  -1 T1=1020 T2= 939  P=  -1  D=  -1 
 X= 913 X2=1023  Y= 982 Y2=1023 P1=1023 P2=  -1 T1=1023 T2= 934  P=  -1  D=  -1 
 X= 992 X2=1017  Y= 993 Y2=1020 P1=1022 P2=  -1 T1=1023 T2= 955  P=  -1  D=  -1 
 X= 915 X2=1019  Y= 995 Y2=1019 P1=1023 P2=  -1 T1=1020 T2= 954  P=  -1  D=  -1 
 X= 880 X2=1023  Y= 967 Y2=1023 P1=1023 P2=  -1 T1=1023 T2= 942  P=  -1  D=  -1 
 X= 875 X2=1018  Y= 986 Y2=1020 P1=1023 P2=  -1 T1=1021 T2= 928  P=  -1  D=  -1 
 X=1023 X2=1017  Y= 984 Y2=1020 P1=1023 P2=  -1 T1=1023 T2= 885  P=  -1  D=  -1 
 X= 875 X2=1023  Y= 963 Y2=1020 P1=1023 P2=  -1 T1=1020 T2= 926  P=  -1  D=  -1 
 X= 947 X2=1021  Y= 988 Y2=1023 P1=1023 P2=  -1 T1=1020 T2= 918  P=  -1  D=  -1 
 X= 901 X2=1018  Y= 980 Y2=1023 P1=1023 P2=  -1 T1=1020 T2= 916  P=  -1  D=  -1 
 X= 834 X2=1023  Y= 986 Y2=1023 P1=1023 P2=  -1 T1=1020 T2= 922  P=  -1  D=  -1 
 X= 859 X2=1023  Y= 972 Y2=1022 P1=1023 P2=  -1 T1=1023 T2= 910  P=  -1  D=  -1 
 X= 961 X2=1014  Y= 988 Y2=1021 P1=1023 P2=  -1 T1=1022 T2= 938  P=  -1  D=  -1 
 X= 996 X2=1016  Y= 976 Y2=1020 P1=1023 P2=  -1 T1=1023 T2= 923  P=  -1  D=  -1 
 X= 525 X2= 524  Y= 517 Y2= 520 P1= 808 P2= 402 T1=  22 T2=  20  P= 528  D=  -1 * 0
 X=1023 X2=1015  Y= 983 Y2=1023 P1=1023 P2=   0 T1=1020 T2= 943  P= 528  D=  -1 
 X= 894 X2=1023  Y= 977 Y2=1020 P1=1023 P2=   0 T1=1021 T2= 921  P= 528  D=  -1 
 X= 523 X2= 523  Y= 519 Y2= 518 P1= 805 P2= 405 T1=  17 T2=  17  P= 516  D=  -1 * 0
 X= 525 X2= 524  Y= 519 Y2= 519 P1= 809 P2= 399 T1=  19 T2=  18  P= 538  D=  -1 * 0
 X= 527 X2= 526  Y= 524 Y2= 523 P1= 830 P2= 362 T1=  22 T2=  21  P= 679  D=  -1 * 0
 X= 525 X2= 524  Y= 519 Y2= 519 P1= 810 P2= 396 T1=  18 T2=  17  P= 547  D=  -1 * 1
 X= 526 X2= 524  Y= 518 Y2= 519 P1= 809 P2= 399 T1=  18 T2=  17  P= 539  D=  -1 * 2
 X= 524 X2= 524  Y= 519 Y2= 519 P1= 809 P2= 400 T1=  17 T2=  16  P= 535  D=  -1 * 3
 X= 525 X2= 524  Y= 519 Y2= 519 P1= 808 P2= 400 T1=  17 T2=  18  P= 534  D=  -1 * 4
 X= 524 X2= 523  Y= 518 Y2= 518 P1= 807 P2= 400 T1=  17 T2=  18  P= 531  D=  -1 * 5
 X= 524 X2= 524  Y= 519 Y2= 518 P1= 808 P2= 400 T1=  17 T2=  17  P= 534  D=  -1 * 6
 X= 524 X2= 524  Y= 519 Y2= 519 P1= 808 P2= 400 T1=  17 T2=  18  P= 534  D=  -1 * 7
 X= 525 X2= 523  Y= 520 Y2= 519 P1= 808 P2= 400 T1=  18 T2=  18  P= 534  D=  -1 * 8
 X= 524 X2= 524  Y= 519 Y2= 519 P1= 808 P2= 401 T1=  17 T2=  18  P= 531  D=  -1 * 9
 X= 523 X2= 524  Y= 519 Y2= 519 P1= 808 P2= 401 T1=  17 T2=  18  P= 530  D=  -1 * 10
 X= 524 X2= 524  Y= 519 Y2= 519 P1= 807 P2= 401 T1=  18 T2=  18  P= 530  D=  -1 * 11
 X= 524 X2= 523  Y= 518 Y2= 518 P1= 807 P2= 401 T1=  17 T2=  17  P= 529  D=  -1 * 12
 X= 524 X2= 524  Y= 519 Y2= 518 P1= 808 P2= 401 T1=  17 T2=  17  P= 531  D=  -1 * 13
 X= 523 X2= 524  Y= 519 Y2= 519 P1= 808 P2= 402 T1=  18 T2=  17  P= 527  D=  -1 * 14
 X= 524 X2= 523  Y= 517 Y2= 518 P1= 808 P2= 401 T1=  18 T2=  18  P= 530  D=  -1 * 15
 X= 524 X2= 523  Y= 519 Y2= 518 P1= 807 P2= 401 T1=  18 T2=  17  P= 529  D=  -1 * 16
 X= 524 X2= 524  Y= 516 Y2= 518 P1= 807 P2= 401 T1=  18 T2=  17  P= 530  D=  -1 * 17
 X= 524 X2= 524  Y= 518 Y2= 518 P1= 807 P2= 402 T1=  17 T2=  17  P= 527  D=  -1 * 18
 X= 524 X2= 524  Y= 518 Y2= 518 P1= 807 P2= 402 T1=  17 T2=  17  P= 524  D=  -1 * 19
 X= 524 X2= 524  Y= 518 Y2= 518 P1= 807 P2= 402 T1=  18 T2=  17  P= 527  D=  -1 * 20
 X= 524 X2= 523  Y= 519 Y2= 518 P1= 807 P2= 402 T1=  17 T2=  18  P= 526  D=  -1 * 21
 X= 525 X2= 524  Y= 518 Y2= 518 P1= 807 P2= 402 T1=  17 T2=  18  P= 527  D=  -1 * 22
 X= 523 X2= 524  Y= 518 Y2= 519 P1= 807 P2= 402 T1=  17 T2=  17  P= 526  D=  -1 * 23
 X= 524 X2= 523  Y= 519 Y2= 519 P1= 807 P2= 402 T1=  19 T2=  18  P= 526  D=  -1 * 24
Remove Pin
 X= 524 X2= 524  Y= 518 Y2= 518 P1= 807 P2= 402 T1=  17 T2=  18  P= 527  D=  -1 * 24
 X= 524 X2= 524  Y= 519 Y2= 519 P1= 807 P2= 402 T1=  17 T2=  18  P= 527  D=  -1 * 24
 X= 524 X2= 524  Y= 519 Y2= 518 P1= 807 P2= 402 T1=  18 T2=  18  P= 527  D=  -1 * 24
 X= 524 X2= 523  Y= 518 Y2= 519 P1= 807 P2= 403 T1=  17 T2=  17  P= 524  D=  -1 * 24
 X= 524 X2= 524  Y= 519 Y2= 517 P1= 807 P2= 402 T1=  18 T2=  17  P= 527  D=  -1 * 24
 X= 523 X2= 523  Y= 518 Y2= 519 P1= 806 P2= 403 T1=  18 T2=  18  P= 523  D=  -1 * 24
 X= 524 X2= 524  Y= 518 Y2= 518 P1= 807 P2= 402 T1=  17 T2=  18  P= 527  D=  -1 * 24
 X= 524 X2= 523  Y= 519 Y2= 519 P1= 806 P2= 402 T1=  19 T2=  17  P= 525  D=  -1 * 24
 X= 524 X2= 523  Y= 520 Y2= 518 P1= 807 P2= 401 T1=  17 T2=  17  P= 529  D=  -1 * 24
 X= 523 X2= 523  Y= 518 Y2= 518 P1= 807 P2= 403 T1=  18 T2=  17  P= 524  D=  -1 * 24
 X= 526 X2= 523  Y= 518 Y2= 519 P1= 807 P2= 402 T1=  21 T2=  17  P= 527  D=  -1 * 24
 X= 524 X2= 524  Y= 516 Y2= 518 P1= 808 P2= 402 T1=  17 T2=  17  P= 528  D=  -1 * 24
 X= 524 X2= 524  Y= 518 Y2= 518 P1= 807 P2= 402 T1=  17 T2=  17  P= 527  D=  -1 * 24
 X= 524 X2= 524  Y= 518 Y2= 519 P1= 807 P2= 402 T1=  18 T2=  18  P= 527  D=  -1 * 24
 X= 523 X2= 523  Y= 519 Y2= 519 P1= 807 P2= 402 T1=  18 T2=  18  P= 526  D=  -1 * 24
 X= 524 X2= 521  Y= 519 Y2= 519 P1= 807 P2= 403 T1=  17 T2=  18  P= 523  D=  -1 * 24
 X= 524 X2= 522  Y= 518 Y2= 519 P1= 807 P2= 402 T1=  18 T2=  17  P= 526  D=  -1 * 24
 X= 524 X2= 524  Y= 519 Y2= 519 P1= 807 P2= 402 T1=  18 T2=  17  P= 527  D=  -1 * 24
 X= 524 X2= 525  Y= 519 Y2= 518 P1= 806 P2= 403 T1=  18 T2=  18  P= 524  D=  -1 * 24
 X= 524 X2= 523  Y= 519 Y2= 518 P1= 806 P2= 403 T1=  17 T2=  18  P= 523  D=  -1 * 24
 X= 524 X2= 523  Y= 518 Y2= 519 P1= 807 P2= 402 T1=  18 T2=  18  P= 526  D=  -1 * 24
 X= 524 X2= 525  Y= 521 Y2= 518 P1= 807 P2= 402 T1=  17 T2=  18  P= 527  D=  -1 * 24
 X= 524 X2= 523  Y= 519 Y2= 518 P1= 807 P2= 402 T1=  17 T2=  17  P= 526  D=  -1 * 24
 X= 524 X2= 524  Y= 518 Y2= 518 P1= 807 P2= 402 T1=  18 T2=  17  P= 527  D=  -1 * 24
 X= 524 X2= 525  Y= 519 Y2= 517 P1= 806 P2= 402 T1=  18 T2=  18  P= 526  D=  -1 * 24
 X= 523 X2= 524  Y= 518 Y2= 518 P1= 807 P2= 402 T1=  17 T2=  17  P= 526  D=  -1 * 24
 X= 524 X2= 523  Y= 520 Y2= 519 P1= 807 P2= 402 T1=  17 T2=  19  P= 526  D=  -1 * 24
 X= 523 X2= 523  Y= 518 Y2= 519 P1= 807 P2= 402 T1=  17 T2=  18  P= 526  D=  -1 * 24
 X= 524 X2= 523  Y= 519 Y2= 518 P1= 807 P2= 402 T1=  19 T2=  17  P= 526  D=  -1 * 24
 X= 524 X2= 524  Y= 519 Y2= 519 P1= 807 P2= 402 T1=  17 T2=  18  P= 527  D=  -1 * 24
 X= 525 X2= 524  Y= 518 Y2= 518 P1= 807 P2= 403 T1=  18 T2=  18  P= 525  D=  -1 * 24
 X= 523 X2= 524  Y= 518 Y2= 519 P1= 807 P2= 403 T1=  17 T2=  18  P= 524  D=  -1 * 24
 X= 524 X2= 524  Y= 518 Y2= 518 P1= 807 P2= 402 T1=  15 T2=  17  P= 527  D=  -1 * 24
 X= 524 X2= 525  Y= 519 Y2= 519 P1= 807 P2= 403 T1=  17 T2=  18  P= 525  D=  -1 * 24
 X= 523 X2= 524  Y= 519 Y2= 519 P1= 807 P2= 403 T1=  17 T2=  17  P= 524  D=  -1 * 24
 X= 527 X2= 524  Y= 519 Y2= 519 P1= 807 P2= 402 T1=  17 T2=  18  P= 528  D=  -1 * 24
 X= 524 X2= 523  Y= 519 Y2= 518 P1= 807 P2= 402 T1=  18 T2=  17  P= 526  D=  -1 * 24
 X= 524 X2= 524  Y= 519 Y2= 518 P1= 807 P2= 402 T1=  18 T2=  17  P= 527  D=  -1 * 24
 X= 523 X2= 522  Y= 519 Y2= 519 P1= 807 P2= 403 T1=  17 T2=  18  P= 523  D=  -1 * 24
 X= 524 X2= 523  Y= 522 Y2= 519 P1= 807 P2= 402 T1=  17 T2=  17  P= 526  D=  -1 * 24
 X= 525 X2= 524  Y= 518 Y2= 518 P1= 807 P2= 403 T1=  18 T2=  17  P= 525  D=  -1 * 24
 X= 524 X2= 523  Y= 518 Y2= 518 P1= 807 P2= 402 T1=  18 T2=  17  P= 526  D=  -1 * 24
 X= 524 X2= 524  Y= 518 Y2= 518 P1= 806 P2= 402 T1=  17 T2=  18  P= 526  D=  -1 * 24
 X= 524 X2= 523  Y= 519 Y2= 518 P1= 808 P2= 402 T1=  17 T2=  20  P= 527  D=  -1 * 24
 X= 524 X2= 523  Y= 519 Y2= 518 P1= 807 P2= 403 T1=  16 T2=  17  P= 524  D=  -1 * 24
 X= 525 X2= 524  Y= 519 Y2= 518 P1= 807 P2= 403 T1=  17 T2=  17  P= 525  D=  -1 * 24
 X= 523 X2= 524  Y= 518 Y2= 518 P1= 806 P2= 403 T1=  17 T2=  18  P= 523  D=  -1 * 24
 X= 524 X2= 523  Y= 519 Y2= 518 P1= 806 P2= 404 T1=  17 T2=  17  P= 520  D=  -1 * 24
 X= 942 X2= 980  Y= 966 Y2=1023 P1=1023 P2=   0 T1=1023 T2= 922  P= 520  D=  -1 
 X= 826 X2=1023  Y= 989 Y2=1020 P1=1023 P2=   0 T1=1023 T2= 926  P= 520  D=  -1 
 X= 852 X2=1023  Y= 977 Y2=1019 P1=1023 P2=   0 T1=1023 T2= 939  P= 520  D=  -1 
target state=1 point=23,22
 X= 979 X2=1023  Y= 985 Y2=1021 P1=1023 P2=   0 T1=1023 T2= 930  P= 520  D=  -1 
 X= 936 X2=1023  Y= 984 Y2=1023 P1=1023 P2=   0 T1=1020 T2= 921  P= 520  D=  -1 
 X= 974 X2=1023  Y= 987 Y2=1021 P1=1023 P2=   0 T1=1020 T2= 866  P= 520  D=  -1 
 X=1023 X2=1011  Y= 981 Y2=1023 P1=1023 P2=   0 T1=1021 T2= 865  P= 520  D=  -1 
 X=1020 X2=1015  Y= 978 Y2=1020 P1=1023 P2=   0 T1=1021 T2= 916  P= 520  D=  -1 
 X= 846 X2=1023  Y= 986 Y2=1019 P1=1023 P2=   0 T1=1023 T2= 947  P= 520  D=  -1 
 X= 892 X2=1023  Y= 972 Y2=1020 P1=1023 P2=   0 T1=1020 T2= 949  P= 520  D=  -1 
 X= 901 X2=1017  Y= 977 Y2=1023 P1=1023 P2=   0 T1=1023 T2= 929  P= 520  D=  -1 
 X= 912 X2=1023  Y= 987 Y2=1019 P1=1023 P2=   0 T1=1021 T2= 932  P= 520  D=  -1 
 X= 964 X2= 984  Y= 983 Y2=1020 P1=1023 P2=   0 T1=1023 T2= 933  P= 520  D=  -1 
 X= 990 X2=1014  Y= 992 Y2=1023 P1=1023 P2=   0 T1=1023 T2= 942  P= 520  D=  -1 
 X= 972 X2=1015  Y= 984 Y2=1019 P1=1023 P2=   0 T1=1023 T2= 868  P= 520  D=  -1 
 X= 971 X2= 990  Y= 980 Y2=1023 P1=1023 P2=   0 T1=1021 T2= 949  P= 520  D=  -1 
 X= 935 X2=1020  Y= 980 Y2=1021 P1=1023 P2=   0 T1=1020 T2= 931  P= 520  D=  -1 
 X= 969 X2=1016  Y= 993 Y2=1020 P1=1023 P2=   0 T1=1023 T2= 946  P= 520  D=  -1 
 X= 962 X2= 997  Y= 985 Y2=1023 P1=1023 P2=   0 T1=1020 T2= 927  P= 520  D=  -1 
 X= 935 X2=1018  Y= 989 Y2=1023 P1=1023 P2=   0 T1=1023 T2= 938  P= 520  D=  -1 
 X= 963 X2=1019  Y= 987 Y2=1022 P1=1023 P2=   0 T1=1020 T2= 917  P= 520  D=  -1 
 X= 869 X2=1023  Y= 975 Y2=1020 P1=1023 P2=   0 T1=1023 T2= 933  P= 520  D=  -1 
 X=1023 X2=1016  Y= 989 Y2=1018 P1=1023 P2=   0 T1=1019 T2= 944  P= 520  D=  -1 
 X= 877 X2=1023  Y=1020 Y2=1020 P1=1023 P2=   0 T1=1023 T2=1019  P= 520  D=  -1 
 X=1003 X2=1016  Y= 984 Y2=1023 P1=1023 P2=   0 T1=1023 T2= 929  P= 520  D=  -1 
 X= 976 X2=1014  Y= 987 Y2=1023 P1=1023 P2=   0 T1=1023 T2= 942  P= 520  D=  -1 
 X= 941 X2=1023  Y= 978 Y2=1023 P1=1023 P2=   0 T1=1021 T2= 918  P= 520  D=  -1 
 X= 931 X2=1023  Y= 978 Y2=1023 P1=1023 P2=   0 T1=1023 T2= 929  P= 520  D=  -1 
 X= 876 X2=1023  Y= 986 Y2=1020 P1=1023 P2=   0 T1=1023 T2= 916  P= 520  D=  -1 
 X= 983 X2=1016  Y= 982 Y2=1020 P1=1023 P2=   0 T1=1018 T2= 935  P= 520  D=  -1 
 X=1014 X2=1019  Y= 979 Y2=1020 P1=1023 P2=   0 T1=1021 T2= 939  P= 520  D=  -1 
 X= 981 X2=1005  Y= 956 Y2=1023 P1=1023 P2=   0 T1=1021 T2= 919  P= 520  D=  -1 
 X= 934 X2=1019  Y= 984 Y2=1019 P1=1022 P2=   0 T1=1021 T2= 932  P= 520  D=  -1 
 X= 931 X2=1020  Y= 976 Y2=1023 P1=1023 P2=   0 T1=1021 T2= 916  P= 520  D=  -1 
 X= 950 X2=1023  Y= 980 Y2=1020 P1=1023 P2=   0 T1=1023 T2= 891  P= 520  D=  -1 
 X=1023 X2=1010  Y= 969 Y2=1023 P1=1023 P2=   0 T1=1023 T2= 938  P= 520  D=  -1 
 X= 825 X2=1023  Y= 973 Y2=1021 P1=1023 P2=   0 T1=1021 T2= 921  P= 520  D=  -1 
 X= 926 X2=1023  Y= 984 Y2=1021 P1=1023 P2=   0 T1=1023 T2= 933  P= 520  D=  -1 
 X= 990 X2=1014  Y= 948 Y2=1020 P1=1023 P2=   0 T1=1023 T2= 934  P= 520  D=  -1 
 X= 805 X2=1023  Y= 978 Y2=1019 P1=1023 P2=   0 T1=1023 T2= 924  P= 520  D=  -1 
 X=1023 X2= 996  Y= 970 Y2=1020 P1=1023 P2=   0 T1=1021 T2= 868  P= 520  D=  -1 
 X= 880 X2=1023  Y= 988 Y2=1023 P1=1023 P2=   0 T1=1021 T2= 894  P= 520  D=  -1 
 X= 969 X2=1023  Y= 995 Y2=1020 P1=1023 P2=   0 T1=1020 T2= 898  P= 520  D=  -1 
 X= 973 X2=1023  Y= 985 Y2=1020 P1=1023 P2=   0 T1=1020 T2= 929  P= 520  D=  -1 
 X= 948 X2=1019  Y= 988 Y2=1019 P1=1023 P2=   0 T1=1023 T2= 933  P= 520  D=  -1 
 X= 791 X2=1023  Y= 981 Y2=1023 P1=1023 P2=   0 T1=1023 T2= 921  P= 520  D=  -1 
 X= 900 X2=1023  Y= 984 Y2=1020 P1=1023 P2=   0 T1=1021 T2= 933  P= 520  D=  -1 
 X= 996 X2=1015  Y= 989 Y2=1020 P1=1023 P2=   0 T1=1023 T2= 940  P= 520  D=  -1 
 X= 988 X2=1015  Y= 983 Y2=1020 P1=1023 P2=   0 T1=1021 T2= 935  P= 520  D=  -1 
 X= 869 X2=1019  Y= 975 Y2=1023 P1=1023 P2=   0 T1=1023 T2= 940  P= 520  D=  -1 
 X= 963 X2=1007  Y= 985 Y2=1023 P1=1023 P2=   0 T1=1020 T2= 942  P= 520  D=  -1 
 X=1023 X2=1016  Y= 980 Y2=1023 P1=1023 P2=   0 T1=1021 T2= 924  P= 520  D=  -1 
 X= 982 X2=1023  Y= 981 Y2=1020 P1=1023 P2=   0 T1=1020 T2= 923  P= 520  D=  -1 
 X= 991 X2=1014  Y= 975 Y2=1023 P1=1023 P2=   0 T1=1023 T2= 921  P= 520  D=  -1 
 X= 939 X2=1018  Y= 987 Y2=1019 P1=1023 P2=   0 T1=1023 T2= 933  P= 520  D=  -1 
 X= 853 X2=1023  Y= 983 Y2=1023 P1=1023 P2=   0 T1=1023 T2= 942  P= 520  D=  -1 
 X= 827 X2=1023  Y= 982 Y2=1020 P1=1023 P2=   0 T1=1020 T2= 925  P= 520  D=  -1 
 X= 966 X2=1008  Y= 988 Y2=1020 P1=1023 P2=   0 T1=1021 T2= 916  P= 520  D=  -1 
 X= 942 X2=1019  Y= 982 Y2=1023 P1=1023 P2=   0 T1=1021 T2= 941  P= 520  D=  -1 
 X= 963 X2=1023  Y= 984 Y2=1020 P1=1023 P2=   0 T1=1021 T2= 928  P= 520  D=  -1 
 X= 997 X2=1015  Y= 971 Y2=1023 P1=1023 P2=   0 T1=1023 T2= 923  P= 520  D=  -1 
 X= 940 X2=1023  Y= 979 Y2=1023 P1=1023 P2=   0 T1=1020 T2= 916  P= 520  D=  -1 
 X= 927 X2=1023  Y= 987 Y2=1020 P1=1023 P2=   0 T1=1023 T2= 953  P= 520  D=  -1 
 X= 234 X2= 231  Y= 328 Y2= 321 P1= 684 P2= 194 T1=  25 T2=  21  P= 585  D=  -1 * 0
 X= 953 X2=1021  Y= 984 Y2=1023 P1=1022 P2=   0 T1=1020 T2= 927  P= 585  D=  -1 
 X= 235 X2= 233  Y= 332 Y2= 322 P1= 691 P2= 190 T1=  23 T2=  20  P= 616  D=  -1 * 0
 X= 236 X2= 234  Y= 329 Y2= 322 P1= 697 P2= 186 T1=  23 T2=  22  P= 645  D=  -1 * 0
 X= 235 X2= 233  Y= 329 Y2= 321 P1= 693 P2= 188 T1=  22 T2=  22  P= 628  D=  -1 * 0
 X= 237 X2= 233  Y= 328 Y2= 321 P1= 692 P2= 189 T1=  22 T2=  22  P= 625  D=  -1 * 1
 X= 236 X2= 233  Y= 328 Y2= 321 P1= 688 P2= 191 T1=  22 T2=  21  P= 608  D=  -1 * 2
 X= 236 X2= 233  Y= 328 Y2= 321 P1= 688 P2= 191 T1=  22 T2=  22  P= 608  D=  -1 * 3
 X= 235 X2= 232  Y= 328 Y2= 320 P1= 687 P2= 192 T1=  21 T2=  22  P= 600  D=  -1 * 4
 X= 236 X2= 233  Y= 328 Y2= 321 P1= 687 P2= 192 T1=  23 T2=  22  P= 603  D=  -1 * 5
 X= 233 X2= 234  Y= 328 Y2= 322 P1= 687 P2= 192 T1=  23 T2=  22  P= 600  D=  -1 * 6
 X= 235 X2= 233  Y= 328 Y2= 321 P1= 687 P2= 192 T1=  21 T2=  22  P= 603  D=  -1 * 7
 X= 235 X2= 233  Y= 327 Y2= 320 P1= 687 P2= 192 T1=  22 T2=  22  P= 603  D=  -1 * 8
 X= 235 X2= 232  Y= 328 Y2= 320 P1= 686 P2= 192 T1=  22 T2=  24  P= 599  D=  -1 * 9
 X= 236 X2= 232  Y= 328 Y2= 321 P1= 686 P2= 193 T1=  21 T2=  20  P= 597  D=  -1 * 10
 X= 236 X2= 233  Y= 328 Y2= 321 P1= 687 P2= 192 T1=  22 T2=  20  P= 603  D=  -1 * 11
 X= 235 X2= 233  Y= 328 Y2= 321 P1= 686 P2= 192 T1=  23 T2=  22  P= 601  D=  -1 * 12
 X= 236 X2= 233  Y= 328 Y2= 321 P1= 687 P2= 192 T1=  22 T2=  22  P= 603  D=  -1 * 13
 X= 235 X2= 232  Y= 328 Y2= 321 P1= 687 P2= 192 T1=  24 T2=  22  P= 600  D=  -1 * 14
 X= 235 X2= 233  Y= 328 Y2= 321 P1= 686 P2= 193 T1=  21 T2=  21  P= 597  D=  -1 * 15
 X= 234 X2= 232  Y= 327 Y2= 321 P1= 686 P2= 192 T1=  22 T2=  23  P= 599  D=  -1 * 16
 X= 235 X2= 233  Y= 327 Y2= 320 P1= 685 P2= 192 T1=  22 T2=  22  P= 600  D=  -1 * 17
 X= 235 X2= 233  Y= 328 Y2= 321 P1= 685 P2= 192 T1=  22 T2=  21  P= 600  D=  -1 * 18
 X= 235 X2= 233  Y= 328 Y2= 321 P1= 686 P2= 192 T1=  21 T2=  21  P= 601  D=  -1 * 19
 X= 236 X2= 232  Y= 327 Y2= 321 P1= 686 P2= 193 T1=  22 T2=  21  P= 597  D=  -1 * 20
 X= 235 X2= 232  Y= 327 Y2= 320 P1= 686 P2= 192 T1=  21 T2=  22  P= 599  D=  -1 * 21
 X= 236 X2= 232  Y= 328 Y2= 322 P1= 685 P2= 193 T1=  22 T2=  20  P= 596  D=  -1 * 22
 X= 234 X2= 232  Y= 328 Y2= 320 P1= 686 P2= 193 T1=  21 T2=  22  P= 595  D=  -1 * 23
 X= 235 X2= 232  Y= 328 Y2= 321 P1= 686 P2= 193 T1=  22 T2=  22  P= 595  D=  -1 * 24
Remove Pin
 X= 235 X2= 233  Y= 328 Y2= 320 P1= 685 P2= 193 T1=  21 T2=  22  P= 596  D=  -1 * 24
 X= 235 X2= 233  Y= 328 Y2= 320 P1= 685 P2= 193 T1=  22 T2=  21  P= 596  D=  -1 * 24
 X= 235 X2= 231  Y= 328 Y2= 321 P1= 685 P2= 192 T1=  20 T2=  22  P= 598  D=  -1 * 24
 X= 236 X2= 233  Y= 328 Y2= 320 P1= 686 P2= 192 T1=  21 T2=  21  P= 601  D=  -1 * 24
 X= 234 X2= 231  Y= 328 Y2= 320 P1= 686 P2= 193 T1=  21 T2=  21  P= 592  D=  -1 * 24
 X= 235 X2= 233  Y= 328 Y2= 320 P1= 685 P2= 193 T1=  22 T2=  21  P= 596  D=  -1 * 24
 X= 235 X2= 232  Y= 328 Y2= 320 P1= 684 P2= 193 T1=  22 T2=  21  P= 592  D=  -1 * 24
 X= 235 X2= 232  Y= 327 Y2= 321 P1= 685 P2= 193 T1=  21 T2=  21  P= 593  D=  -1 * 24
 X= 235 X2= 233  Y= 328 Y2= 320 P1= 685 P2= 193 T1=  21 T2=  21  P= 596  D=  -1 * 24
 X= 235 X2= 233  Y= 328 Y2= 320 P1= 685 P2= 193 T1=  21 T2=  21  P= 596  D=  -1 * 24
 X= 235 X2= 232  Y= 328 Y2= 319 P1= 685 P2= 193 T1=  21 T2=  22  P= 593  D=  -1 * 24
 X= 235 X2= 232  Y= 327 Y2= 321 P1= 685 P2= 193 T1=  22 T2=  21  P= 593  D=  -1 * 24
 X= 235 X2= 233  Y= 327 Y2= 321 P1= 685 P2= 193 T1=  21 T2=  22  P= 596  D=  -1 * 24
 X= 234 X2= 233  Y= 327 Y2= 321 P1= 685 P2= 193 T1=  22 T2=  21  P= 593  D=  -1 * 24
 X= 235 X2= 232  Y= 328 Y2= 320 P1= 685 P2= 193 T1=  21 T2=  22  P= 593  D=  -1 * 24
 X= 235 X2= 232  Y= 328 Y2= 322 P1= 684 P2= 193 T1=  24 T2=  21  P= 592  D=  -1 * 24
 X= 235 X2= 233  Y= 329 Y2= 320 P1= 685 P2= 193 T1=  21 T2=  21  P= 596  D=  -1 * 24
 X= 235 X2= 232  Y= 328 Y2= 321 P1= 685 P2= 193 T1=  22 T2=  22  P= 593  D=  -1 * 24
 X= 236 X2= 232  Y= 327 Y2= 320 P1= 685 P2= 193 T1=  21 T2=  20  P= 596  D=  -1 * 24
 X= 235 X2= 233  Y= 327 Y2= 321 P1= 685 P2= 193 T1=  21 T2=  21  P= 596  D=  -1 * 24
 X= 235 X2= 233  Y= 327 Y2= 320 P1= 684 P2= 193 T1=  21 T2=  20  P= 595  D=  -1 * 24
 X= 236 X2= 233  Y= 328 Y2= 321 P1= 687 P2= 192 T1=  21 T2=  21  P= 603  D=  -1 * 24
 X= 233 X2= 231  Y= 327 Y2= 322 P1= 681 P2= 194 T1=  22 T2=  21  P= 582  D=  -1 * 24
 X= 933 X2=1023  Y= 986 Y2=1019 P1=1023 P2=   0 T1=1022 T2= 924  P= 582  D=  -1 
 X= 936 X2=1023  Y= 990 Y2=1022 P1=1023 P2=   0 T1=1023 T2= 925  P= 582  D=  -1 
 X= 857 X2=1023  Y= 985 Y2=1020 P1=1023 P2=   0 T1=1022 T2= 920  P= 582  D=  -1 
target state=2 point=456,22
 X= 978 X2=1022  Y= 988 Y2=1023 P1=1023 P2=   0 T1=1020 T2= 934  P= 582  D=  -1 
 X= 913 X2=1023  Y= 990 Y2=1023 P1=1023 P2=   0 T1=1023 T2= 921  P= 582  D=  -1 
 X= 994 X2=1016  Y= 978 Y2=1023 P1=1023 P2=   0 T1=1023 T2= 933  P= 582  D=  -1 
 X= 986 X2=1015  Y= 977 Y2=1023 P1=1023 P2=   0 T1=1023 T2= 940  P= 582  D=  -1 
 X= 970 X2=1022  Y= 979 Y2=1019 P1=1023 P2=   0 T1=1022 T2= 946  P= 582  D=  -1 
 X=1021 X2= 990  Y= 979 Y2=1020 P1=1023 P2=   0 T1=1021 T2= 943  P= 582  D=  -1 
 X= 961 X2=1019  Y=1022 Y2=1020 P1=1023 P2=   0 T1=1023 T2=1020  P= 582  D=  -1 
 X= 914 X2=1020  Y= 986 Y2=1020 P1=1023 P2=   0 T1=1023 T2= 927  P= 582  D=  -1 
 X= 969 X2=1022  Y= 983 Y2=1022 P1=1023 P2=   0 T1=1023 T2= 915  P= 582  D=  -1 
 X= 930 X2=1023  Y= 989 Y2=1022 P1=1023 P2=   0 T1=1020 T2= 926  P= 582  D=  -1 
 X= 834 X2=1023  Y= 979 Y2=1020 P1=1023 P2=   0 T1=1023 T2= 922  P= 582  D=  -1 
 X=1023 X2=1010  Y= 976 Y2=1019 P1=1023 P2=   0 T1=1023 T2= 921  P= 582  D=  -1 
 X= 977 X2=1015  Y= 972 Y2=1023 P1=1023 P2=   0 T1=1021 T2= 931  P= 582  D=  -1 
 X= 867 X2=1023  Y= 993 Y2=1023 P1=1023 P2=   0 T1=1022 T2= 943  P= 582  D=  -1 
 X=1019 X2=1017  Y= 984 Y2=1023 P1=1023 P2=   0 T1=1021 T2= 934  P= 582  D=  -1 
 X= 845 X2=1022  Y= 979 Y2=1023 P1=1023 P2=   0 T1=1023 T2= 911  P= 582  D=  -1 
 X= 885 X2=1023  Y= 990 Y2=1023 P1=1023 P2=   0 T1=1021 T2= 927  P= 582  D=  -1 
 X= 903 X2=1023  Y= 989 Y2=1023 P1=1023 P2=   0 T1=1023 T2= 932  P= 582  D=  -1 
 X= 894 X2=1018  Y= 987 Y2=1020 P1=1023 P2=   0 T1=1023 T2= 908  P= 582  D=  -1 
 X= 863 X2=1023  Y= 980 Y2=1023 P1=1023 P2=   0 T1=1023 T2= 936  P= 582  D=  -1 
 X= 941 X2= 980  Y= 981 Y2=1020 P1=1023 P2=   0 T1=1023 T2= 940  P= 582  D=  -1 
 X=1023 X2=1016  Y= 991 Y2=1020 P1=1023 P2=   0 T1=1023 T2= 917  P= 582  D=  -1 
 X= 866 X2=1023  Y= 989 Y2=1023 P1=1023 P2=   0 T1=1023 T2= 922  P= 582  D=  -1 
 X= 954 X2=1023  Y= 991 Y2=1023 P1=1023 P2=   0 T1=1020 T2= 951  P= 582  D=  -1 
 X=1022 X2=1008  Y=1006 Y2=1023 P1=1023 P2=   0 T1=1023 T2= 966  P= 582  D=  -1 
 X= 964 X2=1023  Y= 986 Y2=1019 P1=1023 P2=   0 T1=1023 T2= 950  P= 582  D=  -1 
 X= 976 X2=1022  Y= 961 Y2=1020 P1=1023 P2=   0 T1=1023 T2= 938  P= 582  D=  -1 
 X= 959 X2=1022  Y= 978 Y2=1020 P1=1023 P2=   0 T1=1023 T2= 934  P= 582  D=  -1 
 X= 884 X2=1020  Y= 976 Y2=1023 P1=1023 P2=   0 T1=1017 T2= 927  P= 582  D=  -1 
 X=1023 X2=1006  Y= 988 Y2=1020 P1=1023 P2=   0 T1=1021 T2= 910  P= 582  D=  -1 
 X= 832 X2=1023  Y= 975 Y2=1019 P1=1023 P2=   0 T1=1021 T2= 935  P= 582  D=  -1 
 X=1002 X2=1014  Y= 990 Y2=1019 P1=1023 P2=   0 T1=1021 T2= 915  P= 582  D=  -1 
 X= 921 X2=1023  Y= 990 Y2=1021 P1=1023 P2=   0 T1=1020 T2= 934  P= 582  D=  -1 
 X=1015 X2= 998  Y= 981 Y2=1022 P1=1023 P2=   0 T1=1021 T2= 941  P= 582  D=  -1 
 X= 960 X2=1023  Y= 979 Y2=1023 P1=1023 P2=   0 T1=1023 T2= 919  P= 582  D=  -1 
 X= 854 X2=1023  Y= 976 Y2=1021 P1=1023 P2=   0 T1=1023 T2= 941  P= 582  D=  -1 
 X= 989 X2=1001  Y= 980 Y2=1021 P1=1023 P2=   0 T1=1022 T2= 918  P= 582  D=  -1 
 X= 871 X2=1016  Y= 986 Y2=1023 P1=1023 P2=   0 T1=1023 T2= 936  P= 582  D=  -1 
 X= 912 X2=1019  Y= 976 Y2=1020 P1=1023 P2=   0 T1=1021 T2= 936  P= 582  D=  -1 
 X= 974 X2=1004  Y= 982 Y2=1023 P1=1023 P2=   0 T1=1021 T2= 927  P= 582  D=  -1 
 X= 997 X2=1016  Y= 985 Y2=1020 P1=1023 P2=   0 T1=1021 T2= 922  P= 582  D=  -1 
 X= 940 X2=1023  Y= 981 Y2=1021 P1=1023 P2=   0 T1=1023 T2= 918  P= 582  D=  -1 
 X= 962 X2=1023  Y= 985 Y2=1023 P1=1023 P2=   0 T1=1020 T2= 933  P= 582  D=  -1 
 X= 909 X2=1017  Y= 971 Y2=1023 P1=1023 P2=   0 T1=1021 T2= 915  P= 582  D=  -1 
 X= 826 X2=1023  Y= 958 Y2=1020 P1=1023 P2=   0 T1=1023 T2= 930  P= 582  D=  -1 
 X= 877 X2=1023  Y= 982 Y2=1023 P1=1023 P2=   0 T1=1023 T2= 937  P= 582  D=  -1 
 X=1021 X2= 997  Y= 984 Y2=1020 P1=1023 P2=   0 T1=1021 T2= 933  P= 582  D=  -1 
 X= 816 X2=1023  Y= 989 Y2=1021 P1=1023 P2=   0 T1=1020 T2= 944  P= 582  D=  -1 
 X= 977 X2=1023  Y= 980 Y2=1023 P1=1023 P2=   0 T1=1023 T2= 921  P= 582  D=  -1 
 X= 926 X2=1023  Y= 979 Y2=1023 P1=1023 P2=   0 T1=1020 T2= 919  P= 582  D=  -1 
 X= 940 X2=1023  Y= 985 Y2=1019 P1=1023 P2=   0 T1=1023 T2= 933  P= 582  D=  -1 
 X= 895 X2=1023  Y= 983 Y2=1021 P1=1023 P2=   0 T1=1023 T2= 931  P= 582  D=  -1 
 X= 961 X2=1023  Y= 973 Y2=1019 P1=1023 P2=   0 T1=1023 T2= 935  P= 582  D=  -1 
 X= 809 X2= 808  Y= 323 Y2= 330 P1= 796 P2= 486 T1=  13 T2=  13  P= 514  D=  -1 * 0
 X= 810 X2= 809  Y= 325 Y2= 332 P1= 803 P2= 472 T1=  14 T2=  15  P= 567  D=  -1 * 0
 X= 811 X2= 809  Y= 325 Y2= 330 P1= 802 P2= 475 T1=  15 T2=  14  P= 557  D=  -1 * 0
 X= 878 X2=1019  Y= 969 Y2=1021 P1=1023 P2=   0 T1=  45 T2= 917  P= 557  D=  -1 
 X= 810 X2= 809  Y= 325 Y2= 332 P1= 802 P2= 476 T1=  13 T2=  15  P= 553  D=  -1 * 0
 X= 809 X2= 808  Y= 324 Y2= 331 P1= 801 P2= 477 T1=  14 T2=  15  P= 548  D=  -1 * 1
 X= 810 X2= 808  Y= 324 Y2= 330 P1= 801 P2= 478 T1=  14 T2=  13  P= 546  D=  -1 * 2
 X= 809 X2= 809  Y= 324 Y2= 331 P1= 800 P2= 478 T1=  14 T2=  15  P= 544  D=  -1 * 3
 X= 810 X2= 807  Y= 324 Y2= 331 P1= 800 P2= 479 T1=  13 T2=  14  P= 541  D=  -1 * 4
 X= 809 X2= 808  Y= 324 Y2= 331 P1= 800 P2= 478 T1=  15 T2=  16  P= 543  D=  -1 * 5
 X= 809 X2= 809  Y= 324 Y2= 331 P1= 800 P2= 479 T1=  14 T2=  14  P= 542  D=  -1 * 6
 X= 809 X2= 808  Y= 324 Y2= 331 P1= 800 P2= 479 T1=  14 T2=  14  P= 541  D=  -1 * 7
 X= 809 X2= 808  Y= 323 Y2= 331 P1= 800 P2= 480 T1=  15 T2=  15  P= 538  D=  -1 * 8
 X= 809 X2= 809  Y= 324 Y2= 331 P1= 799 P2= 481 T1=  15 T2=  14  P= 534  D=  -1 * 9
 X= 810 X2= 808  Y= 324 Y2= 331 P1= 799 P2= 480 T1=  14 T2=  14  P= 537  D=  -1 * 10
 X= 809 X2= 808  Y= 323 Y2= 330 P1= 799 P2= 480 T1=  14 T2=  13  P= 536  D=  -1 * 11
 X= 809 X2= 808  Y= 324 Y2= 331 P1= 799 P2= 480 T1=  14 T2=  14  P= 536  D=  -1 * 12
 X= 811 X2= 809  Y= 324 Y2= 331 P1= 799 P2= 480 T1=  13 T2=  14  P= 537  D=  -1 * 13
 X= 809 X2= 809  Y= 324 Y2= 330 P1= 799 P2= 481 T1=  14 T2=  14  P= 534  D=  -1 * 14
 X= 809 X2= 808  Y= 324 Y2= 330 P1= 799 P2= 480 T1=  14 T2=  14  P= 536  D=  -1 * 15
 X= 809 X2= 809  Y= 324 Y2= 331 P1= 799 P2= 481 T1=  13 T2=  14  P= 534  D=  -1 * 16
 X= 810 X2= 809  Y= 324 Y2= 331 P1= 799 P2= 481 T1=  13 T2=  14  P= 534  D=  -1 * 17
 X= 809 X2= 808  Y= 324 Y2= 331 P1= 799 P2= 480 T1=  14 T2=  15  P= 536  D=  -1 * 18
 X= 813 X2= 808  Y= 323 Y2= 331 P1= 799 P2= 480 T1=  14 T2=  14  P= 537  D=  -1 * 19
 X= 810 X2= 808  Y= 324 Y2= 331 P1= 799 P2= 480 T1=  14 T2=  14  P= 537  D=  -1 * 20
 X= 810 X2= 808  Y= 324 Y2= 331 P1= 799 P2= 480 T1=  13 T2=  13  P= 537  D=  -1 * 21
 X= 809 X2= 808  Y= 324 Y2= 333 P1= 800 P2= 480 T1=  14 T2=  14  P= 538  D=  -1 * 22
 X= 809 X2= 808  Y= 324 Y2= 330 P1= 803 P2= 480 T1=  14 T2=  14  P= 542  D=  -1 * 23
 X= 810 X2= 807  Y= 324 Y2= 331 P1= 799 P2= 481 T1=  14 T2=  14  P= 534  D=  -1 * 24
Remove Pin
 X= 808 X2= 808  Y= 323 Y2= 332 P1= 799 P2= 481 T1=  13 T2=  13  P= 534  D=  -1 * 24
 X= 809 X2= 808  Y= 323 Y2= 332 P1= 799 P2= 480 T1=  14 T2=  13  P= 536  D=  -1 * 24
 X= 809 X2= 808  Y= 326 Y2= 331 P1= 798 P2= 481 T1=  14 T2=  14  P= 532  D=  -1 * 24
 X= 809 X2= 809  Y= 324 Y2= 331 P1= 799 P2= 481 T1=  12 T2=  14  P= 534  D=  -1 * 24
 X= 810 X2= 808  Y= 324 Y2= 330 P1= 799 P2= 480 T1=  14 T2=  14  P= 537  D=  -1 * 24
 X= 808 X2= 808  Y= 325 Y2= 333 P1= 799 P2= 480 T1=  13 T2=  15  P= 536  D=  -1 * 24
 X= 809 X2= 811  Y= 324 Y2= 332 P1= 799 P2= 480 T1=  14 T2=  14  P= 537  D=  -1 * 24
 X= 810 X2= 808  Y= 324 Y2= 331 P1= 799 P2= 480 T1=  14 T2=  13  P= 537  D=  -1 * 24
 X= 809 X2= 808  Y= 324 Y2= 331 P1= 798 P2= 481 T1=  13 T2=  14  P= 532  D=  -1 * 24
 X= 809 X2= 808  Y= 323 Y2= 331 P1= 799 P2= 481 T1=  14 T2=  14  P= 534  D=  -1 * 24
 X= 809 X2= 808  Y= 324 Y2= 331 P1= 799 P2= 481 T1=  14 T2=  14  P= 534  D=  -1 * 24
 X= 810 X2= 808  Y= 324 Y2= 331 P1= 799 P2= 481 T1=  13 T2=  13  P= 534  D=  -1 * 24
 X= 810 X2= 808  Y= 324 Y2= 331 P1= 798 P2= 481 T1=  14 T2=  14  P= 533  D=  -1 * 24
 X= 810 X2= 808  Y= 323 Y2= 331 P1= 799 P2= 480 T1=  14 T2=  14  P= 537  D=  -1 * 24
 X= 811 X2= 808  Y= 324 Y2= 331 P1= 798 P2= 481 T1=  14 T2=  14  P= 533  D=  -1 * 24
 X= 809 X2= 808  Y= 323 Y2= 331 P1= 799 P2= 481 T1=  14 T2=  13  P= 534  D=  -1 * 24
 X= 808 X2= 808  Y= 323 Y2= 332 P1= 799 P2= 480 T1=  13 T2=  13  P= 536  D=  -1 * 24
 X= 810 X2= 808  Y= 324 Y2= 331 P1= 799 P2= 481 T1=  13 T2=  13  P= 534  D=  -1 * 24
 X= 809 X2= 808  Y= 324 Y2= 330 P1= 799 P2= 481 T1=  13 T2=  14  P= 534  D=  -1 * 24
 X= 809 X2= 809  Y= 323 Y2= 330 P1= 799 P2= 481 T1=  14 T2=  14  P= 534  D=  -1 * 24
 X= 809 X2= 808  Y= 323 Y2= 331 P1= 799 P2= 481 T1=  14 T2=  14  P= 534  D=  -1 * 24
 X= 809 X2= 808  Y= 324 Y2= 330 P1= 798 P2= 481 T1=  14 T2=  14  P= 532  D=  -1 * 24
 X= 810 X2= 808  Y= 323 Y2= 330 P1= 798 P2= 488 T1=  13 T2=  13  P= 513  D=  -1 * 24
 X= 959 X2=1023  Y= 973 Y2=1020 P1=1023 P2=   0 T1=1021 T2= 916  P= 513  D=  -1 
 X= 917 X2=1019  Y= 977 Y2=1020 P1=1023 P2=   0 T1=1020 T2= 910  P= 513  D=  -1 
 X=1016 X2=1023  Y=1021 Y2=1023 P1=1023 P2=   0 T1=1020 T2=1020  P= 513  D=  -1 
target state=3 point=456,249
 X= 938 X2=1023  Y= 949 Y2=1023 P1=1023 P2=   0 T1=1021 T2= 845  P= 513  D=  -1 
 X= 863 X2=1023  Y= 976 Y2=1023 P1=1023 P2=   0 T1=1020 T2= 919  P= 513  D=  -1 
 X= 873 X2=1023  Y= 993 Y2=1021 P1=1023 P2=   0 T1=1023 T2= 932  P= 513  D=  -1 
 X= 972 X2=1022  Y= 975 Y2=1023 P1=1023 P2=   0 T1=1023 T2= 922  P= 513  D=  -1 
 X= 958 X2= 996  Y= 982 Y2=1023 P1=1023 P2=   0 T1=1023 T2= 938  P= 513  D=  -1 
 X= 822 X2=1023  Y= 973 Y2=1020 P1=1023 P2=   0 T1=1023 T2= 866  P= 513  D=  -1 
 X= 913 X2=1023  Y= 983 Y2=1023 P1=1023 P2=   0 T1=1023 T2= 943  P= 513  D=  -1 
 X=1023 X2=1010  Y= 987 Y2=1023 P1=1023 P2=   0 T1=1020 T2= 921  P= 513  D=  -1 
 X= 917 X2=1021  Y= 972 Y2=1023 P1=1023 P2=   0 T1=1023 T2= 933  P= 513  D=  -1 
 X= 855 X2=1023  Y= 983 Y2=1023 P1=1023 P2=   0 T1=1020 T2= 917  P= 513  D=  -1 
 X=1023 X2= 989  Y= 977 Y2=1020 P1=1023 P2=   0 T1=1023 T2= 920  P= 513  D=  -1 
 X=1001 X2=1005  Y= 981 Y2=1020 P1=1023 P2=   0 T1=1020 T2= 926  P= 513  D=  -1 
 X= 888 X2=1023  Y= 983 Y2=1020 P1=1023 P2=   0 T1=1023 T2= 927  P= 513  D=  -1 
 X= 972 X2=1023  Y= 982 Y2=1020 P1=1023 P2=   0 T1=1023 T2= 923  P= 513  D=  -1 
 X= 967 X2=1023  Y= 986 Y2=1023 P1=1023 P2=   0 T1=1019 T2= 924  P= 513  D=  -1 
 X= 858 X2=1023  Y= 984 Y2=1020 P1=1023 P2=   0 T1=1020 T2= 935  P= 513  D=  -1 
 X=1023 X2=1020  Y= 977 Y2=1023 P1=1023 P2=   0 T1=1023 T2= 938  P= 513  D=  -1 
 X= 971 X2=1004  Y= 994 Y2=1021 P1=1023 P2=   0 T1=1023 T2= 930  P= 513  D=  -1 
 X= 919 X2=1023  Y= 985 Y2=1023 P1=1023 P2=   0 T1=1022 T2= 940  P= 513  D=  -1 
 X=1023 X2=1012  Y= 972 Y2=1023 P1=1023 P2=   0 T1=1020 T2= 945  P= 513  D=  -1 
 X=1008 X2= 991  Y= 980 Y2=1020 P1=1023 P2=   0 T1=1023 T2= 868  P= 513  D=  -1 
 X= 962 X2=1021  Y= 982 Y2=1023 P1=1023 P2=   0 T1=1023 T2= 929  P= 513  D=  -1 
 X= 965 X2=1023  Y= 979 Y2=1020 P1=1023 P2=   0 T1=1020 T2= 933  P= 513  D=  -1 
 X=1023 X2=1000  Y= 978 Y2=1020 P1=1023 P2=   0 T1=1023 T2= 911  P= 513  D=  -1 
 X= 960 X2=1023  Y= 971 Y2=1023 P1=1023 P2=   0 T1=1020 T2= 923  P= 513  D=  -1 
 X= 849 X2=1023  Y= 987 Y2=1019 P1=1023 P2=   0 T1=1023 T2= 935  P= 513  D=  -1 
 X=1023 X2=1014  Y= 988 Y2=1023 P1=1023 P2=   0 T1=1023 T2= 919  P= 513  D=  -1 
 X= 935 X2=1021  Y= 984 Y2=1023 P1=1023 P2=   0 T1=1021 T2= 932  P= 513  D=  -1 
 X= 916 X2=1023  Y= 982 Y2=1021 P1=1023 P2=   0 T1=1023 T2= 926  P= 513  D=  -1 
 X=1023 X2=1005  Y= 986 Y2=1020 P1=1023 P2=   0 T1=1021 T2= 933  P= 513  D=  -1 
 X=1001 X2=1019  Y= 978 Y2=1020 P1=1023 P2=   0 T1=1020 T2= 930  P= 513  D=  -1 
 X= 850 X2=1023  Y= 976 Y2=1020 P1=1023 P2=   0 T1=1023 T2= 934  P= 513  D=  -1 
 X= 957 X2=1023  Y= 973 Y2=1023 P1=1023 P2=   0 T1=1023 T2= 931  P= 513  D=  -1 
 X= 869 X2=1019  Y= 986 Y2=1020 P1=1023 P2=   0 T1=1021 T2= 918  P= 513  D=  -1 
 X= 939 X2=1023  Y= 980 Y2=1021 P1=1023 P2=   0 T1=1023 T2= 948  P= 513  D=  -1 
 X=1020 X2=1009  Y= 972 Y2=1023 P1=1023 P2=   0 T1=1023 T2= 915  P= 513  D=  -1 
 X= 981 X2=1000  Y= 980 Y2=1020 P1=1023 P2=   0 T1=1020 T2= 866  P= 513  D=  -1 
 X= 937 X2=1022  Y= 969 Y2=1020 P1=1023 P2=   0 T1=1023 T2= 921  P= 513  D=  -1 
 X= 956 X2=1022  Y= 983 Y2=1023 P1=1023 P2=   0 T1=1020 T2= 934  P= 513  D=  -1 
 X=1021 X2= 998  Y= 977 Y2=1023 P1=1023 P2=   0 T1=1021 T2= 923  P= 513  D=  -1 
 X= 900 X2=1023  Y= 990 Y2=1020 P1=1023 P2=   0 T1=1023 T2= 939  P= 513  D=  -1 
 X= 963 X2=1016  Y= 980 Y2=1019 P1=1023 P2=   0 T1=1019 T2= 919  P= 513  D=  -1 
 X= 963 X2=1023  Y= 983 Y2=1020 P1=1023 P2=   0 T1=1022 T2= 927  P= 513  D=  -1 
 X= 929 X2=1023  Y= 983 Y2=1023 P1=1023 P2=   0 T1=1021 T2= 926  P= 513  D=  -1 
 X= 892 X2=1023  Y= 977 Y2=1021 P1=1023 P2=   0 T1=1023 T2= 927  P= 513  D=  -1 
 X=1013 X2= 996  Y= 951 Y2=1023 P1=1023 P2=   0 T1=1023 T2= 936  P= 513  D=  -1 
 X= 991 X2=1004  Y= 980 Y2=1023 P1=1023 P2=   0 T1=1023 T2= 885  P= 513  D=  -1 
 X= 916 X2=1023  Y= 987 Y2=1020 P1=1023 P2=   0 T1=1023 T2= 915  P= 513  D=  -1 
 X= 964 X2=1023  Y= 978 Y2=1020 P1=1023 P2=   0 T1=1023 T2= 929  P= 513  D=  -1 
 X= 816 X2=1023  Y= 976 Y2=1023 P1=1023 P2=   0 T1=1023 T2= 931  P= 513  D=  -1 
 X= 926 X2=1023  Y= 980 Y2=1023 P1=1023 P2=   0 T1=1023 T2= 926  P= 513  D=  -1 
 X= 945 X2=1022  Y= 974 Y2=1020 P1=1023 P2=   0 T1=1021 T2= 930  P= 513  D=  -1 
 X= 872 X2=1019  Y= 978 Y2=1020 P1=1023 P2=   0 T1=1023 T2= 923  P= 513  D=  -1 
 X= 966 X2=1023  Y= 979 Y2=1021 P1=1023 P2=   0 T1=1020 T2= 935  P= 513  D=  -1 
 X=1021 X2=1015  Y= 969 Y2=1023 P1=1023 P2=   0 T1=1020 T2= 925  P= 513  D=  -1 
 X= 808 X2= 809  Y= 708 Y2= 713 P1= 907 P2= 549 T1=  14 T2=  13  P= 526  D=  -1 * 0
 X= 966 X2=1021  Y= 981 Y2=1021 P1=1023 P2=   0 T1=1021 T2= 924  P= 526  D=  -1 
 X= 808 X2= 808  Y= 709 Y2= 712 P1= 909 P2= 534 T1=  13 T2=  14  P= 567  D=  -1 * 0
 X= 808 X2= 808  Y= 708 Y2= 713 P1= 909 P2= 541 T1=  14 T2=  15  P= 549  D=  -1 * 0
 X= 807 X2= 809  Y= 708 Y2= 712 P1= 909 P2= 542 T1=  14 T2=  14  P= 547  D=  -1 * 0
 X= 808 X2= 808  Y= 708 Y2= 712 P1= 908 P2= 543 T1=  14 T2=  14  P= 542  D=  -1 * 1
 X= 807 X2= 809  Y= 709 Y2= 712 P1= 907 P2= 544 T1=  13 T2=  14  P= 538  D=  -1 * 2
 X= 807 X2= 808  Y= 707 Y2= 712 P1= 908 P2= 545 T1=  14 T2=  14  P= 537  D=  -1 * 3
 X= 808 X2= 809  Y= 710 Y2= 711 P1= 908 P2= 545 T1=  14 T2=  14  P= 538  D=  -1 * 4
 X= 808 X2= 808  Y= 708 Y2= 712 P1= 908 P2= 545 T1=  14 T2=  14  P= 538  D=  -1 * 5
 X= 807 X2= 809  Y= 708 Y2= 712 P1= 909 P2= 545 T1=  14 T2=  17  P= 538  D=  -1 * 6
 X= 808 X2= 809  Y= 708 Y2= 712 P1= 907 P2= 545 T1=  14 T2=  14  P= 536  D=  -1 * 7
 X= 808 X2= 808  Y= 707 Y2= 711 P1= 908 P2= 545 T1=  14 T2=  14  P= 538  D=  -1 * 8
 X= 807 X2= 809  Y= 708 Y2= 711 P1= 908 P2= 545 T1=  14 T2=  14  P= 538  D=  -1 * 9
 X= 807 X2= 809  Y= 707 Y2= 712 P1= 908 P2= 545 T1=  14 T2=  14  P= 538  D=  -1 * 10
 X= 808 X2= 809  Y= 708 Y2= 712 P1= 908 P2= 545 T1=  14 T2=  14  P= 538  D=  -1 * 11
 X= 807 X2= 809  Y= 708 Y2= 712 P1= 907 P2= 545 T1=  13 T2=  12  P= 536  D=  -1 * 12
 X= 807 X2= 808  Y= 707 Y2= 712 P1= 908 P2= 545 T1=  14 T2=  14  P= 537  D=  -1 * 13
 X= 808 X2= 808  Y= 708 Y2= 712 P1= 908 P2= 545 T1=  14 T2=  14  P= 538  D=  -1 * 14
 X= 807 X2= 811  Y= 708 Y2= 712 P1= 908 P2= 545 T1=  14 T2=  14  P= 538  D=  -1 * 15
 X= 808 X2= 810  Y= 708 Y2= 714 P1= 907 P2= 545 T1=  14 T2=  13  P= 537  D=  -1 * 16
 X= 809 X2= 808  Y= 707 Y2= 712 P1= 908 P2= 545 T1=  14 T2=  14  P= 538  D=  -1 * 17
 X= 807 X2= 809  Y= 708 Y2= 712 P1= 908 P2= 545 T1=  14 T2=  14  P= 538  D=  -1 * 18
 X= 808 X2= 808  Y= 708 Y2= 711 P1= 908 P2= 545 T1=  14 T2=  13  P= 538  D=  -1 * 19
 X= 807 X2= 809  Y= 708 Y2= 712 P1= 908 P2= 546 T1=  14 T2=  15  P= 535  D=  -1 * 20
 X= 809 X2= 809  Y= 708 Y2= 712 P1= 907 P2= 546 T1=  14 T2=  14  P= 534  D=  -1 * 21
 X= 807 X2= 809  Y= 708 Y2= 712 P1= 907 P2= 545 T1=  14 T2=  14  P= 536  D=  -1 * 22
 X= 809 X2= 808  Y= 709 Y2= 712 P1= 907 P2= 546 T1=  13 T2=  14  P= 534  D=  -1 * 23
 X= 807 X2= 807  Y= 708 Y2= 713 P1= 907 P2= 546 T1=  14 T2=  14  P= 533  D=  -1 * 24
Remove Pin
 X= 809 X2= 809  Y= 708 Y2= 712 P1= 908 P2= 545 T1=  14 T2=  13  P= 538  D=  -1 * 24
 X= 808 X2= 808  Y= 708 Y2= 712 P1= 908 P2= 546 T1=  15 T2=  14  P= 535  D=  -1 * 24
 X= 807 X2= 808  Y= 707 Y2= 712 P1= 908 P2= 546 T1=  13 T2=  14  P= 535  D=  -1 * 24
 X= 808 X2= 809  Y= 708 Y2= 712 P1= 907 P2= 546 T1=  13 T2=  14  P= 534  D=  -1 * 24
 X= 808 X2= 808  Y= 708 Y2= 712 P1= 907 P2= 546 T1=  14 T2=  16  P= 534  D=  -1 * 24
 X= 808 X2= 808  Y= 708 Y2= 711 P1= 908 P2= 545 T1=  14 T2=  13  P= 538  D=  -1 * 24
 X= 807 X2= 808  Y= 707 Y2= 712 P1= 908 P2= 546 T1=  14 T2=  15  P= 535  D=  -1 * 24
 X= 808 X2= 810  Y= 708 Y2= 712 P1= 908 P2= 546 T1=  14 T2=  14  P= 536  D=  -1 * 24
 X= 808 X2= 809  Y= 708 Y2= 712 P1= 907 P2= 546 T1=  13 T2=  13  P= 534  D=  -1 * 24
 X= 807 X2= 809  Y= 707 Y2= 712 P1= 907 P2= 546 T1=  14 T2=  14  P= 534  D=  -1 * 24
 X= 808 X2= 808  Y= 707 Y2= 711 P1= 908 P2= 546 T1=  13 T2=  14  P= 535  D=  -1 * 24
 X= 808 X2= 808  Y= 708 Y2= 712 P1= 908 P2= 545 T1=  14 T2=  13  P= 538  D=  -1 * 24
 X= 807 X2= 809  Y= 707 Y2= 712 P1= 907 P2= 548 T1=  14 T2=  14  P= 529  D=  -1 * 24
 X= 793 X2=1023  Y= 981 Y2=1020 P1=1023 P2= 299 T1= 903 T2=  43  P= 529  D=  -1 
 X=1023 X2=1014  Y= 970 Y2=1021 P1=1023 P2=   0 T1=1023 T2= 919  P= 529  D=  -1 
 X= 993 X2=1009  Y= 968 Y2=1023 P1=1023 P2=   0 T1=1021 T2= 921  P= 529  D=  -1 
 X=1007 X2=1022  Y=1022 Y2=1020 P1=1023 P2=   0 T1=1020 T2=1017  P= 529  D=  -1 
target state=4 point=23,249
 X= 962 X2= 992  Y= 943 Y2=1023 P1=1023 P2=   0 T1=1020 T2= 875  P= 529  D=  -1 
 X= 945 X2=1015  Y= 981 Y2=1023 P1=1023 P2=   0 T1=1020 T2= 937  P= 529  D=  -1 
 X= 897 X2=1023  Y= 958 Y2=1023 P1=1023 P2=   0 T1=1023 T2= 928  P= 529  D=  -1 
 X= 870 X2=1023  Y= 984 Y2=1023 P1=1023 P2=   0 T1=1021 T2= 907  P= 529  D=  -1 
 X= 989 X2=1014  Y= 978 Y2=1023 P1=1023 P2=   0 T1=1022 T2= 933  P= 529  D=  -1 
 X= 935 X2=1019  Y= 978 Y2=1018 P1=1023 P2=   0 T1=1020 T2= 912  P= 529  D=  -1 
 X=1000 X2=1023  Y= 992 Y2=1019 P1=1023 P2=   0 T1=1023 T2= 902  P= 529  D=  -1 
 X= 890 X2=1019  Y= 976 Y2=1023 P1=1023 P2=   0 T1=1023 T2= 936  P= 529  D=  -1 
 X= 977 X2=1014  Y= 992 Y2=1023 P1=1023 P2=   0 T1=1023 T2= 913  P= 529  D=  -1 
 X= 971 X2=1023  Y= 979 Y2=1020 P1=1023 P2=   0 T1=1023 T2= 908  P= 529  D=  -1 
 X= 963 X2=1023  Y= 972 Y2=1023 P1=1023 P2=   0 T1=1023 T2= 929  P= 529  D=  -1 
 X= 977 X2=1023  Y= 981 Y2=1021 P1=1023 P2=   0 T1=1021 T2= 937  P= 529  D=  -1 
 X=1023 X2=1006  Y= 989 Y2=1019 P1=1023 P2=   0 T1=1023 T2= 935  P= 529  D=  -1 
 X= 947 X2=1004  Y= 975 Y2=1023 P1=1023 P2=   0 T1=1020 T2= 906  P= 529  D=  -1 
 X= 869 X2=1020  Y= 973 Y2=1019 P1=1023 P2=   0 T1=1023 T2= 938  P= 529  D=  -1 
 X= 965 X2=1022  Y=1001 Y2=1023 P1=1023 P2=   0 T1=1021 T2= 899  P= 529  D=  -1 
 X=1023 X2=1016  Y= 979 Y2=1023 P1=1023 P2=   0 T1=1021 T2= 945  P= 529  D=  -1 
 X= 951 X2=1023  Y= 986 Y2=1023 P1=1023 P2=   0 T1=1020 T2= 933  P= 529  D=  -1 
 X= 965 X2=1021  Y= 991 Y2=1023 P1=1023 P2=   0 T1=1023 T2= 927  P= 529  D=  -1 
 X=1023 X2=1004  Y= 987 Y2=1023 P1=1023 P2=   0 T1=1023 T2= 917  P= 529  D=  -1 
 X= 998 X2=1016  Y= 980 Y2=1023 P1=1023 P2=   0 T1=1021 T2= 916  P= 529  D=  -1 
 X= 875 X2=1023  Y= 981 Y2=1023 P1=1023 P2=   0 T1=1023 T2= 928  P= 529  D=  -1 
 X= 848 X2=1023  Y= 977 Y2=1021 P1=1023 P2=   0 T1=1021 T2= 923  P= 529  D=  -1 
 X=1007 X2=1008  Y= 981 Y2=1020 P1=1023 P2=   0 T1=1023 T2= 930  P= 529  D=  -1 
 X= 867 X2=1018  Y= 986 Y2=1023 P1=1023 P2=   0 T1=1019 T2= 928  P= 529  D=  -1 
 X= 939 X2= 998  Y= 979 Y2=1023 P1=1023 P2=   0 T1=1020 T2= 930  P= 529  D=  -1 
 X=1023 X2=1015  Y= 977 Y2=1023 P1=1023 P2=   0 T1=1023 T2= 935  P= 529  D=  -1 
 X= 908 X2=1021  Y= 981 Y2=1023 P1=1023 P2=   0 T1=1019 T2= 943  P= 529  D=  -1 
 X= 964 X2=1023  Y= 984 Y2=1023 P1=1023 P2=   0 T1=1023 T2= 937  P= 529  D=  -1 
 X= 977 X2=1021  Y= 976 Y2=1023 P1=1023 P2=   0 T1=1023 T2= 921  P= 529  D=  -1 
 X= 903 X2=1022  Y= 983 Y2=1023 P1=1023 P2=   0 T1=1020 T2= 927  P= 529  D=  -1 
 X= 926 X2=1021  Y= 982 Y2=1020 P1=1023 P2=   0 T1=1020 T2= 933  P= 529  D=  -1 
 X=1021 X2=1014  Y= 979 Y2=1023 P1=1023 P2=   0 T1=1023 T2= 922  P= 529  D=  -1 
 X= 998 X2=1007  Y= 986 Y2=1023 P1=1023 P2=   0 T1=1023 T2= 922  P= 529  D=  -1 
 X= 973 X2=1023  Y= 971 Y2=1023 P1=1023 P2=   0 T1=1020 T2= 932  P= 529  D=  -1 
 X= 972 X2=1023  Y= 955 Y2=1020 P1=1023 P2=   0 T1=1020 T2= 876  P= 529  D=  -1 
 X=1023 X2=1009  Y= 987 Y2=1019 P1=1023 P2=   0 T1=1020 T2= 941  P= 529  D=  -1 
 X= 855 X2=1023  Y= 987 Y2=1023 P1=1023 P2=   0 T1=1020 T2= 925  P= 529  D=  -1 
 X= 961 X2=1023  Y= 984 Y2=1023 P1=1023 P2=   0 T1=1023 T2= 912  P= 529  D=  -1 
 X= 912 X2=1017  Y= 990 Y2=1020 P1=1023 P2=   0 T1=1021 T2= 934  P= 529  D=  -1 
 X= 935 X2=1022  Y= 973 Y2=1022 P1=1023 P2=   0 T1=1021 T2= 896  P= 529  D=  -1 
 X= 873 X2=1018  Y= 980 Y2=1021 P1=1023 P2=   0 T1=1022 T2= 923  P= 529  D=  -1 
 X= 938 X2=1015  Y= 978 Y2=1023 P1=1023 P2=   0 T1=1020 T2= 943  P= 529  D=  -1 
 X= 975 X2=1010  Y= 977 Y2=1021 P1=1023 P2=   0 T1=1020 T2= 931  P= 529  D=  -1 
 X= 967 X2=1023  Y= 985 Y2=1019 P1=1023 P2=   0 T1=1023 T2= 931  P= 529  D=  -1 
 X= 939 X2=1023  Y= 978 Y2=1023 P1=1023 P2=   0 T1=1023 T2= 926  P= 529  D=  -1 
 X= 799 X2=1023  Y= 976 Y2=1023 P1=1023 P2=   0 T1=1023 T2= 859  P= 529  D=  -1 
 X= 892 X2=1023  Y= 987 Y2=1023 P1=1023 P2=   0 T1=1021 T2= 936  P= 529  D=  -1 
 X= 937 X2=1023  Y= 982 Y2=1021 P1=1023 P2=   0 T1=1020 T2= 934  P= 529  D=  -1 
 X= 938 X2=1022  Y= 983 Y2=1019 P1=1023 P2=   0 T1=1023 T2= 947  P= 529  D=  -1 
 X= 812 X2=1023  Y= 979 Y2=1023 P1=1023 P2=   0 T1=1023 T2= 913  P= 529  D=  -1 
 X=1001 X2=1015  Y= 980 Y2=1020 P1=1023 P2=   0 T1=1021 T2= 875  P= 529  D=  -1 
 X= 981 X2=1008  Y= 977 Y2=1020 P1=1023 P2=   0 T1=1020 T2= 933  P= 529  D=  -1 
 X= 937 X2=1023  Y= 973 Y2=1023 P1=1023 P2=   0 T1=1019 T2= 939  P= 529  D=  -1 
 X= 970 X2= 982  Y= 975 Y2=1023 P1=1023 P2=   0 T1=1021 T2= 932  P= 529  D=  -1 
 X= 936 X2=1023  Y= 979 Y2=1021 P1=1023 P2=   0 T1=1021 T2= 920  P= 529  D=  -1 
 X= 234 X2= 236  Y= 708 Y2= 703 P1= 850 P2= 214 T1=  24 T2=  23  P= 698  D=  -1 * 0
 X= 234 X2= 237  Y= 707 Y2= 703 P1= 853 P2= 208 T1=  23 T2=  25  P= 728  D=  -1 * 0
 X= 233 X2= 235  Y= 707 Y2= 703 P1= 842 P2= 224 T1=  22 T2=  23  P= 645  D=  -1 * 0
 X= 231 X2= 236  Y= 707 Y2= 703 P1= 842 P2= 222 T1=  22 T2=  23  P= 650  D=  -1 * 0
 X= 233 X2= 235  Y= 707 Y2= 703 P1= 841 P2= 224 T1=  22 T2=  23  P= 644  D=  -1 * 1
 X= 232 X2= 235  Y= 707 Y2= 703 P1= 842 P2= 223 T1=  22 T2=  23  P= 646  D=  -1 * 2
 X= 231 X2= 234  Y= 707 Y2= 703 P1= 841 P2= 223 T1=  21 T2=  23  P= 642  D=  -1 * 3
 X= 232 X2= 234  Y= 706 Y2= 703 P1= 841 P2= 224 T1=  23 T2=  23  P= 641  D=  -1 * 4
 X= 233 X2= 234  Y= 707 Y2= 702 P1= 841 P2= 224 T1=  22 T2=  22  P= 641  D=  -1 * 5
 X= 232 X2= 235  Y= 707 Y2= 702 P1= 842 P2= 224 T1=  23 T2=  22  P= 642  D=  -1 * 6
 X= 232 X2= 234  Y= 709 Y2= 702 P1= 841 P2= 225 T1=  22 T2=  23  P= 637  D=  -1 * 7
 X= 232 X2= 234  Y= 706 Y2= 703 P1= 840 P2= 225 T1=  22 T2=  23  P= 636  D=  -1 * 8
 X= 232 X2= 234  Y= 707 Y2= 702 P1= 839 P2= 226 T1=  23 T2=  22  P= 631  D=  -1 * 9
 X= 232 X2= 234  Y= 706 Y2= 703 P1= 839 P2= 226 T1=  23 T2=  21  P= 631  D=  -1 * 10
 X= 232 X2= 235  Y= 707 Y2= 702 P1= 838 P2= 226 T1=  24 T2=  22  P= 630  D=  -1 * 11
 X= 233 X2= 235  Y= 707 Y2= 703 P1= 839 P2= 227 T1=  22 T2=  23  P= 630  D=  -1 * 12
 X= 231 X2= 234  Y= 707 Y2= 702 P1= 839 P2= 226 T1=  22 T2=  22  P= 629  D=  -1 * 13
 X= 232 X2= 234  Y= 707 Y2= 702 P1= 840 P2= 226 T1=  25 T2=  24  P= 632  D=  -1 * 14
 X= 232 X2= 235  Y= 706 Y2= 702 P1= 840 P2= 227 T1=  21 T2=  22  P= 629  D=  -1 * 15
 X= 232 X2= 235  Y= 707 Y2= 702 P1= 839 P2= 226 T1=  23 T2=  23  P= 631  D=  -1 * 16
 X= 231 X2= 235  Y= 707 Y2= 702 P1= 839 P2= 227 T1=  22 T2=  22  P= 628  D=  -1 * 17
 X= 232 X2= 235  Y= 708 Y2= 702 P1= 839 P2= 227 T1=  22 T2=  22  P= 628  D=  -1 * 18
 X= 231 X2= 234  Y= 706 Y2= 703 P1= 839 P2= 228 T1=  23 T2=  22  P= 621  D=  -1 * 19
 X= 233 X2= 234  Y= 706 Y2= 702 P1= 839 P2= 227 T1=  23 T2=  22  P= 628  D=  -1 * 20
 X= 232 X2= 235  Y= 707 Y2= 702 P1= 839 P2= 227 T1=  22 T2=  23  P= 628  D=  -1 * 21
 X= 231 X2= 233  Y= 707 Y2= 702 P1= 839 P2= 227 T1=  23 T2=  22  P= 625  D=  -1 * 22
 X= 232 X2= 234  Y= 707 Y2= 702 P1= 839 P2= 227 T1=  21 T2=  21  P= 628  D=  -1 * 23
 X= 231 X2= 234  Y= 706 Y2= 702 P1= 839 P2= 227 T1=  22 T2=  22  P= 625  D=  -1 * 24
Remove Pin
 X= 231 X2= 235  Y= 707 Y2= 702 P1= 842 P2= 227 T1=  20 T2=  23  P= 631  D=  -1 * 24
 X= 232 X2= 235  Y= 707 Y2= 703 P1= 839 P2= 227 T1=  22 T2=  24  P= 628  D=  -1 * 24
 X= 232 X2= 235  Y= 706 Y2= 702 P1= 840 P2= 227 T1=  23 T2=  22  P= 629  D=  -1 * 24
 X= 232 X2= 235  Y= 707 Y2= 702 P1= 839 P2= 227 T1=  22 T2=  22  P= 628  D=  -1 * 24
 X= 232 X2= 234  Y= 707 Y2= 703 P1= 838 P2= 228 T1=  22 T2=  22  P= 623  D=  -1 * 24
 X= 232 X2= 234  Y= 707 Y2= 702 P1= 839 P2= 227 T1=  22 T2=  22  P= 628  D=  -1 * 24
 X= 232 X2= 235  Y= 709 Y2= 702 P1= 839 P2= 227 T1=  20 T2=  23  P= 628  D=  -1 * 24
 X= 232 X2= 233  Y= 707 Y2= 703 P1= 839 P2= 227 T1=  22 T2=  24  P= 625  D=  -1 * 24
 X= 233 X2= 235  Y= 706 Y2= 702 P1= 840 P2= 227 T1=  22 T2=  22  P= 631  D=  -1 * 24
 X= 232 X2= 236  Y= 707 Y2= 704 P1= 839 P2= 227 T1=  22 T2=  22  P= 630  D=  -1 * 24
 X= 231 X2= 234  Y= 707 Y2= 703 P1= 838 P2= 227 T1=  22 T2=  21  P= 624  D=  -1 * 24
 X= 232 X2= 234  Y= 707 Y2= 702 P1= 839 P2= 227 T1=  21 T2=  22  P= 628  D=  -1 * 24
 X= 231 X2= 234  Y= 704 Y2= 702 P1= 839 P2= 227 T1=  22 T2=  23  P= 625  D=  -1 * 24
 X= 232 X2= 235  Y= 706 Y2= 703 P1= 839 P2= 227 T1=  22 T2=  20  P= 628  D=  -1 * 24
 X= 232 X2= 233  Y= 707 Y2= 702 P1= 838 P2= 227 T1=  22 T2=  22  P= 624  D=  -1 * 24
 X= 232 X2= 234  Y= 706 Y2= 702 P1= 839 P2= 227 T1=  22 T2=  23  P= 628  D=  -1 * 24
 X= 233 X2= 235  Y= 707 Y2= 703 P1= 839 P2= 227 T1=  23 T2=  22  P= 630  D=  -1 * 24
 X= 231 X2= 236  Y= 707 Y2= 703 P1= 839 P2= 227 T1=  22 T2=  22  P= 628  D=  -1 * 24
 X= 232 X2= 235  Y= 708 Y2= 702 P1= 839 P2= 228 T1=  22 T2=  22  P= 624  D=  -1 * 24
 X= 231 X2= 235  Y= 707 Y2= 702 P1= 839 P2= 227 T1=  22 T2=  22  P= 628  D=  -1 * 24
 X= 232 X2= 235  Y= 705 Y2= 702 P1= 839 P2= 228 T1=  22 T2=  23  P= 624  D=  -1 * 24
 X= 233 X2= 234  Y= 706 Y2= 703 P1= 839 P2= 227 T1=  22 T2=  22  P= 628  D=  -1 * 24
 X= 232 X2= 235  Y= 707 Y2= 702 P1= 839 P2= 226 T1=  20 T2=  23  P= 631  D=  -1 * 24
 X= 863 X2=1023  Y= 983 Y2=1023 P1=1023 P2=   0 T1=1020 T2= 945  P= 631  D=  -1 
 X= 988 X2= 999  Y= 983 Y2=1023 P1=1023 P2=   0 T1=1023 T2= 926  P= 631  D=  -1 
 X= 781 X2=1023  Y= 971 Y2=1021 P1=1023 P2=   0 T1=1020 T2= 942  P= 631  D=  -1 
Target Noise  x= 2.50 y= 2.50
X[0]: Target=240   523/ 524/ 526 Stdev= 0.69 N= 24  Y[0]: Target=136   517/ 519/ 523 Stdev= 1.10 N= 24
X[1]: Target= 23   233/ 234/ 235 Stdev= 0.51 N= 24  Y[1]: Target= 22   323/ 324/ 325 Stdev= 0.49 N= 24
X[2]: Target=456   808/ 809/ 810 Stdev= 0.62 N= 24  Y[2]: Target= 22   326/ 327/ 328 Stdev= 0.34 N= 24
X[3]: Target=456   807/ 808/ 809 Stdev= 0.45 N= 24  Y[3]: Target=249   709/ 710/ 711 Stdev= 0.51 N= 24
X[4]: Target= 23   232/ 233/ 234 Stdev= 0.48 N= 24  Y[4]: Target=249   704/ 704/ 705 Stdev= 0.45 N= 24
N=24 Avg=17
min: 16 17 17 17 17 17 
max: 21 18 18 18 17 17 
N=24 Avg=21
min: 20 21 21 21 21 21 
max: 23 23 22 22 22 22 
N=24 Avg=13
min: 13 13 13 13 13 13 
max: 15 15 14 14 14 14 
N=24 Avg=13
min: 12 13 13 13 13 14 
max: 15 14 14 14 14 14 
N=24 Avg=22
min: 21 21 22 22 22 22 
max: 24 23 23 23 22 22 
Using TNT center offset = 18
TNT Plane Coef: a= -910 b=   -1 c= 462531
At  523, 518: Real=  17 Fit=  18 Offset=   0
At  233, 324: Real=  22 Fit=  22 Offset=   4
At  808, 327: Real=  14 Fit=  15 Offset=  -3
At  808, 709: Real=  14 Fit=  15 Offset=  -3
At  232, 704: Real=  22 Fit=  22 Offset=   4
Fit Points: 18, 25, 12, 12, 25,  center: 18
Setting for min_tnt_up:   521
Setting for max_tnt_down: 23 (V2:34)
Entering calib_pressure_mfg
Using default pressure curve
468 471 487 495 509 524 553 575 612 
Summary:
Setting for max_tnt_down:      23
3.7 setting for max_tnt_down:     -1
Setting for min_tnt_up:       521
Setting for max_delta_tnt:      5
3.8 setting for max_delta_tnt:     -1
Setting for delay_in_us:        1
Setting for y_delay_in_us:      1
Setting for tnt_delay_in_us:    1
Setting for pressure_curve:  468 471 487 495 509 524 553 575 612
Setting for tnt_mode:           1
Setting for averaging:         -1
Setting for pointercal:      49350 129 -10033481 -204 39148 -11194763 65536
Setting for tnt_plane:       -910 -1 462531
