new-calib: New touch screen calibration program v3.13
Serial Number='15061E00010B06020114'
Using tnt_mode=1
Setting for delay_in_us:        1
Setting for y_delay_in_us:      1
Setting for tnt_delay_in_us:    1
Setting for max_delta_tnt:      5
Setting for tnt_mode:           1
Setting for averaging:         -1
Entering get_four_points
target_noise  x= 2.50 y= 2.50 t= 2.50
target state=0 point=23,22
 X= 923 X2=1022  Y= 950 Y2=1021 P1=  -1 P2=  -1 T1=1019 T2=  -1  P=  -1  D=  -1 
 X= 979 X2=1021  Y= 990 Y2=1021 P1=  -1 P2=  -1 T1=1023 T2= 936  P=  -1  D=  -1 
 X= 889 X2=1023  Y= 982 Y2=1019 P1=  -1 P2=  -1 T1=1021 T2= 958  P=  -1  D=  -1 
 X= 933 X2=1019  Y= 986 Y2=1022 P1=  -1 P2=  -1 T1=1023 T2= 940  P=  -1  D=  -1 
 X= 955 X2=1013  Y= 979 Y2=1021 P1=  -1 P2=  -1 T1=1021 T2= 923  P=  -1  D=  -1 
 X= 997 X2=1013  Y= 986 Y2=1021 P1=  -1 P2=  -1 T1=1023 T2= 932  P=  -1  D=  -1 
 X=1023 X2=1016  Y= 984 Y2=1023 P1=  -1 P2=  -1 T1=1021 T2= 934  P=  -1  D=  -1 
 X= 924 X2=1023  Y= 982 Y2=1020 P1=  -1 P2=  -1 T1=1021 T2= 940  P=  -1  D=  -1 
 X= 951 X2=1023  Y= 992 Y2=1020 P1=  -1 P2=  -1 T1=1023 T2= 946  P=  -1  D=  -1 
 X= 872 X2=1019  Y= 990 Y2=1021 P1=  -1 P2=  -1 T1=1017 T2= 933  P=  -1  D=  -1 
 X= 980 X2=1023  Y= 995 Y2=1023 P1=  -1 P2=  -1 T1=1023 T2= 897  P=  -1  D=  -1 
 X= 918 X2=1023  Y= 984 Y2=1023 P1=  -1 P2=  -1 T1=1023 T2= 888  P=  -1  D=  -1 
 X= 967 X2=1023  Y= 992 Y2=1020 P1=  -1 P2=  -1 T1=1023 T2= 937  P=  -1  D=  -1 
 X= 898 X2=1018  Y= 990 Y2=1020 P1=  -1 P2=  -1 T1=1023 T2= 933  P=  -1  D=  -1 
 X= 974 X2= 992  Y= 987 Y2=1023 P1=  -1 P2=  -1 T1=1023 T2= 950  P=  -1  D=  -1 
 X= 944 X2=1013  Y= 986 Y2=1020 P1=  -1 P2=  -1 T1=1021 T2= 944  P=  -1  D=  -1 
 X= 897 X2=1023  Y= 985 Y2=1023 P1=  -1 P2=  -1 T1=1023 T2= 936  P=  -1  D=  -1 
 X= 925 X2=1023  Y= 987 Y2=1020 P1=  -1 P2=  -1 T1=1021 T2= 937  P=  -1  D=  -1 
 X= 940 X2=1023  Y= 987 Y2=1020 P1=  -1 P2=  -1 T1=1021 T2= 917  P=  -1  D=  -1 
 X= 928 X2=1023  Y= 963 Y2=1023 P1=  -1 P2=  -1 T1=1020 T2= 861  P=  -1  D=  -1 
 X= 872 X2=1023  Y= 982 Y2=1020 P1=  -1 P2=  -1 T1=1023 T2= 954  P=  -1  D=  -1 
 X=1023 X2= 991  Y= 986 Y2=1020 P1=  -1 P2=  -1 T1=1023 T2= 929  P=  -1  D=  -1 
 X= 994 X2=1016  Y= 985 Y2=1021 P1=  -1 P2=  -1 T1=1021 T2= 921  P=  -1  D=  -1 
 X= 949 X2=1023  Y= 993 Y2=1023 P1=  -1 P2=  -1 T1=1022 T2= 898  P=  -1  D=  -1 
 X= 951 X2=1022  Y= 980 Y2=1023 P1=  -1 P2=  -1 T1=1023 T2= 951  P=  -1  D=  -1 
 X=1023 X2=1005  Y= 980 Y2=1023 P1=  -1 P2=  -1 T1=1023 T2= 889  P=  -1  D=  -1 
 X=1023 X2=1020  Y=1020 Y2=1023 P1=  -1 P2=  -1 T1=1021 T2=1021  P=  -1  D=  -1 
 X= 881 X2=1021  Y= 990 Y2=1023 P1=  -1 P2=  -1 T1=1021 T2= 931  P=  -1  D=  -1 
 X= 915 X2=1021  Y= 987 Y2=1023 P1=  -1 P2=  -1 T1=1023 T2= 928  P=  -1  D=  -1 
 X= 958 X2=1009  Y= 976 Y2=1019 P1=  -1 P2=  -1 T1=1020 T2= 924  P=  -1  D=  -1 
 X=1023 X2=1004  Y= 982 Y2=1021 P1=  -1 P2=  -1 T1=1020 T2= 947  P=  -1  D=  -1 
 X=1017 X2= 994  Y= 981 Y2=1023 P1=  -1 P2=  -1 T1=1020 T2= 937  P=  -1  D=  -1 
 X= 899 X2=1020  Y= 985 Y2=1019 P1=  -1 P2=  -1 T1=1021 T2= 951  P=  -1  D=  -1 
 X=1023 X2=1016  Y= 977 Y2=1023 P1=  -1 P2=  -1 T1=1018 T2= 884  P=  -1  D=  -1 
 X=1023 X2=1010  Y= 990 Y2=1023 P1=  -1 P2=  -1 T1=1023 T2= 926  P=  -1  D=  -1 
 X= 814 X2=1023  Y= 984 Y2=1020 P1=  -1 P2=  -1 T1=1021 T2= 945  P=  -1  D=  -1 
 X= 801 X2=1023  Y= 982 Y2=1020 P1=  -1 P2=  -1 T1=1021 T2= 915  P=  -1  D=  -1 
 X=1000 X2=1011  Y= 986 Y2=1023 P1=  -1 P2=  -1 T1=1023 T2= 931  P=  -1  D=  -1 
 X= 938 X2=1019  Y= 981 Y2=1020 P1=  -1 P2=  -1 T1=1022 T2= 945  P=  -1  D=  -1 
 X= 942 X2=1023  Y= 975 Y2=1020 P1=  -1 P2=  -1 T1=1020 T2= 946  P=  -1  D=  -1 
 X= 996 X2=1015  Y= 990 Y2=1023 P1=  -1 P2=  -1 T1=1023 T2= 953  P=  -1  D=  -1 
 X=1023 X2=1009  Y= 988 Y2=1020 P1=  -1 P2=  -1 T1=1023 T2= 930  P=  -1  D=  -1 
 X= 943 X2=1023  Y= 986 Y2=1023 P1=  -1 P2=  -1 T1=1023 T2= 939  P=  -1  D=  -1 
 X= 970 X2=1023  Y= 990 Y2=1023 P1=  -1 P2=  -1 T1=1023 T2= 940  P=  -1  D=  -1 
 X= 974 X2=1023  Y= 988 Y2=1020 P1=  -1 P2=  -1 T1=1020 T2= 938  P=  -1  D=  -1 
 X= 901 X2=1021  Y= 984 Y2=1023 P1=  -1 P2=  -1 T1=1023 T2= 936  P=  -1  D=  -1 
 X=1023 X2=1016  Y= 984 Y2=1023 P1=  -1 P2=  -1 T1=1023 T2= 920  P=  -1  D=  -1 
 X= 852 X2=1023  Y= 992 Y2=1023 P1=  -1 P2=  -1 T1=1023 T2= 923  P=  -1  D=  -1 
 X= 928 X2=1019  Y= 983 Y2=1021 P1=  -1 P2=  -1 T1=1023 T2= 942  P=  -1  D=  -1 
 X= 970 X2= 995  Y= 969 Y2=1019 P1=  -1 P2=  -1 T1=1021 T2= 929  P=  -1  D=  -1 
 X=1010 X2=1015  Y= 987 Y2=1023 P1=  -1 P2=  -1 T1=1023 T2= 926  P=  -1  D=  -1 
 X= 919 X2=1023  Y= 981 Y2=1020 P1=  -1 P2=  -1 T1=1020 T2= 954  P=  -1  D=  -1 
 X= 947 X2=1023  Y= 985 Y2=1023 P1=  -1 P2=  -1 T1=1019 T2= 937  P=  -1  D=  -1 
 X= 953 X2= 991  Y= 983 Y2=1023 P1=  -1 P2=  -1 T1=1023 T2= 941  P=  -1  D=  -1 
 X= 964 X2=1006  Y= 975 Y2=1020 P1=  -1 P2=  -1 T1=1021 T2= 919  P=  -1  D=  -1 
 X= 917 X2=1023  Y= 979 Y2=1020 P1=  -1 P2=  -1 T1=1023 T2= 922  P=  -1  D=  -1 
 X=1021 X2= 998  Y= 989 Y2=1020 P1=  -1 P2=  -1 T1=1019 T2= 951  P=  -1  D=  -1 
 X= 874 X2=1017  Y= 984 Y2=1023 P1=  -1 P2=  -1 T1=1022 T2= 930  P=  -1  D=  -1 
 X= 973 X2=1023  Y= 982 Y2=1023 P1=  -1 P2=  -1 T1=1023 T2= 944  P=  -1  D=  -1 
 X= 926 X2=1023  Y= 991 Y2=1020 P1=  -1 P2=  -1 T1=1021 T2= 931  P=  -1  D=  -1 
 X=1023 X2=1023  Y= 981 Y2=1022 P1=  -1 P2=  -1 T1=1019 T2= 893  P=  -1  D=  -1 
 X= 977 X2= 996  Y= 968 Y2=1020 P1=  -1 P2=  -1 T1=1023 T2= 933  P=  -1  D=  -1 
 X= 972 X2=1023  Y= 982 Y2=1023 P1=  -1 P2=  -1 T1=1020 T2= 933  P=  -1  D=  -1 
 X= 926 X2=1019  Y= 982 Y2=1023 P1=  -1 P2=  -1 T1=1023 T2= 948  P=  -1  D=  -1 
 X= 833 X2=1023  Y= 975 Y2=1019 P1=  -1 P2=  -1 T1=1023 T2= 946  P=  -1  D=  -1 
 X=1023 X2=1017  Y= 983 Y2=1023 P1=  -1 P2=  -1 T1=1022 T2= 944  P=  -1  D=  -1 
 X= 997 X2=1015  Y= 983 Y2=1023 P1=  -1 P2=  -1 T1=1021 T2= 946  P=  -1  D=  -1 
 X= 959 X2=1021  Y= 988 Y2=1023 P1=  -1 P2=  -1 T1=1023 T2= 912  P=  -1  D=  -1 
 X=1023 X2=1015  Y= 987 Y2=1020 P1=  -1 P2=  -1 T1=1023 T2= 920  P=  -1  D=  -1 
 X=1023 X2=1015  Y= 984 Y2=1023 P1=  -1 P2=  -1 T1=1020 T2= 950  P=  -1  D=  -1 
 X= 916 X2=1023  Y= 984 Y2=1023 P1=  -1 P2=  -1 T1=1023 T2= 937  P=  -1  D=  -1 
 X= 941 X2=1023  Y= 986 Y2=1020 P1=  -1 P2=  -1 T1=1020 T2= 918  P=  -1  D=  -1 
 X= 891 X2=1018  Y= 983 Y2=1023 P1=  -1 P2=  -1 T1=1023 T2= 934  P=  -1  D=  -1 
 X= 905 X2=1019  Y= 950 Y2=1023 P1=  -1 P2=  -1 T1=1020 T2= 932  P=  -1  D=  -1 
 X=1021 X2= 996  Y= 990 Y2=1020 P1=  -1 P2=  -1 T1=1023 T2= 953  P=  -1  D=  -1 
 X= 874 X2=1018  Y= 990 Y2=1020 P1=  -1 P2=  -1 T1=1023 T2= 934  P=  -1  D=  -1 
 X=1023 X2=1008  Y= 990 Y2=1023 P1=  -1 P2=  -1 T1=1022 T2= 933  P=  -1  D=  -1 
 X= 933 X2=1023  Y= 987 Y2=1021 P1=  -1 P2=  -1 T1=1023 T2= 927  P=  -1  D=  -1 
 X= 943 X2= 997  Y= 981 Y2=1022 P1=  -1 P2=  -1 T1=1023 T2= 940  P=  -1  D=  -1 
 X= 937 X2=1017  Y=1000 Y2=1022 P1=1022 P2=  -1 T1=1023 T2= 921  P=  -1  D=  -1 
 X= 945 X2=1023  Y= 986 Y2=1021 P1=1023 P2=  -1 T1=1023 T2= 870  P=  -1  D=  -1 
 X= 916 X2=1018  Y= 980 Y2=1023 P1=1023 P2=  -1 T1=1023 T2= 952  P=  -1  D=  -1 
 X= 831 X2=1023  Y= 984 Y2=1020 P1=1023 P2=  -1 T1=1020 T2= 950  P=  -1  D=  -1 
 X= 947 X2=1023  Y= 986 Y2=1020 P1=1023 P2=  -1 T1=1023 T2= 861  P=  -1  D=  -1 
 X= 906 X2=1023  Y= 991 Y2=1021 P1=1023 P2=  -1 T1=1021 T2= 895  P=  -1  D=  -1 
 X= 869 X2=1019  Y= 985 Y2=1023 P1=1023 P2=  -1 T1=1018 T2= 889  P=  -1  D=  -1 
 X= 962 X2=1022  Y= 981 Y2=1020 P1=1023 P2=  -1 T1=1019 T2= 862  P=  -1  D=  -1 
 X= 943 X2=1009  Y= 981 Y2=1023 P1=1023 P2=  -1 T1=1020 T2= 932  P=  -1  D=  -1 
 X= 861 X2=1023  Y= 985 Y2=1023 P1=1023 P2=  -1 T1=1022 T2= 924  P=  -1  D=  -1 
 X= 927 X2=1017  Y= 993 Y2=1023 P1=1023 P2=  -1 T1=1021 T2= 959  P=  -1  D=  -1 
 X= 877 X2=1023  Y= 978 Y2=1023 P1=1023 P2=  -1 T1=1023 T2= 921  P=  -1  D=  -1 
 X=1004 X2=1016  Y= 986 Y2=1023 P1=1023 P2=  -1 T1=1023 T2= 891  P=  -1  D=  -1 
 X= 962 X2=1022  Y= 993 Y2=1022 P1=1023 P2=  -1 T1=1023 T2= 935  P=  -1  D=  -1 
 X= 981 X2= 994  Y= 981 Y2=1023 P1=1023 P2=  -1 T1=1020 T2= 946  P=  -1  D=  -1 
 X=1023 X2=1015  Y= 964 Y2=1020 P1=1023 P2=  -1 T1=1020 T2= 932  P=  -1  D=  -1 
 X= 899 X2=1023  Y= 979 Y2=1023 P1=1023 P2=  -1 T1=1023 T2= 927  P=  -1  D=  -1 
 X= 966 X2=1022  Y= 987 Y2=1020 P1=1023 P2=  -1 T1=1023 T2= 924  P=  -1  D=  -1 
 X= 896 X2=1018  Y= 988 Y2=1020 P1=1023 P2=  -1 T1=1021 T2= 936  P=  -1  D=  -1 
 X= 797 X2=1023  Y= 963 Y2=1019 P1=1023 P2=  -1 T1=1023 T2= 941  P=  -1  D=  -1 
 X= 811 X2=1023  Y= 991 Y2=1021 P1=1023 P2=  -1 T1=1021 T2= 941  P=  -1  D=  -1 
 X= 980 X2=1003  Y= 993 Y2=1020 P1=1023 P2=  -1 T1=1021 T2= 936  P=  -1  D=  -1 
 X= 989 X2=1015  Y= 981 Y2=1023 P1=1023 P2=  -1 T1=1023 T2= 937  P=  -1  D=  -1 
 X= 932 X2=1023  Y= 997 Y2=1020 P1=1023 P2=  -1 T1=1020 T2= 865  P=  -1  D=  -1 
 X= 839 X2=1023  Y= 995 Y2=1020 P1=1023 P2=  -1 T1=1019 T2= 940  P=  -1  D=  -1 
 X= 944 X2=1023  Y=1006 Y2=1023 P1=1023 P2=  -1 T1=1023 T2= 952  P=  -1  D=  -1 
 X= 931 X2=1023  Y= 992 Y2=1023 P1=1023 P2=  -1 T1=1020 T2= 948  P=  -1  D=  -1 
 X= 973 X2=1023  Y= 993 Y2=1020 P1=1023 P2=  -1 T1=1021 T2= 930  P=  -1  D=  -1 
 X= 943 X2=1021  Y= 986 Y2=1020 P1=1023 P2=  -1 T1=1023 T2= 891  P=  -1  D=  -1 
 X= 826 X2=1023  Y= 976 Y2=1023 P1=1023 P2=  -1 T1=1023 T2= 892  P=  -1  D=  -1 
 X=1022 X2=1010  Y= 962 Y2=1023 P1=1023 P2=  -1 T1=1023 T2= 941  P=  -1  D=  -1 
 X= 936 X2=1019  Y= 984 Y2=1020 P1=1023 P2=  -1 T1=1023 T2= 939  P=  -1  D=  -1 
 X= 981 X2=1014  Y= 986 Y2=1021 P1=1023 P2=  -1 T1=1020 T2= 934  P=  -1  D=  -1 
 X= 978 X2=1009  Y= 985 Y2=1023 P1=1023 P2=  -1 T1=1023 T2= 951  P=  -1  D=  -1 
 X=1023 X2=1010  Y= 990 Y2=1023 P1=1023 P2=  -1 T1=1020 T2= 943  P=  -1  D=  -1 
 X= 884 X2=1023  Y= 994 Y2=1023 P1=1023 P2=  -1 T1=1020 T2= 941  P=  -1  D=  -1 
 X= 871 X2=1023  Y= 991 Y2=1023 P1=1023 P2=  -1 T1=1023 T2= 930  P=  -1  D=  -1 
 X= 977 X2=1014  Y= 975 Y2=1020 P1=1023 P2=  -1 T1=1021 T2= 951  P=  -1  D=  -1 
 X= 945 X2=1023  Y= 967 Y2=1019 P1=1023 P2=  -1 T1=1023 T2= 939  P=  -1  D=  -1 
 X= 862 X2=1023  Y= 964 Y2=1023 P1=1023 P2=  -1 T1=1023 T2= 935  P=  -1  D=  -1 
 X=1008 X2=1014  Y= 965 Y2=1023 P1=1023 P2=  -1 T1=1023 T2= 931  P=  -1  D=  -1 
 X= 869 X2=1020  Y= 982 Y2=1023 P1=1023 P2=  -1 T1=1023 T2= 936  P=  -1  D=  -1 
 X= 969 X2=1023  Y= 986 Y2=1020 P1=1023 P2=  -1 T1=1019 T2= 950  P=  -1  D=  -1 
 X=1023 X2=1006  Y= 979 Y2=1023 P1=1023 P2=  -1 T1=1023 T2= 939  P=  -1  D=  -1 
 X= 820 X2=1023  Y= 988 Y2=1023 P1=1023 P2=  -1 T1=1021 T2= 937  P=  -1  D=  -1 
 X= 923 X2=1023  Y= 992 Y2=1021 P1=1023 P2=  -1 T1=1019 T2= 926  P=  -1  D=  -1 
 X= 894 X2=1023  Y= 979 Y2=1021 P1=1023 P2=  -1 T1=1021 T2= 927  P=  -1  D=  -1 
 X= 914 X2=1022  Y= 972 Y2=1023 P1=1023 P2=  -1 T1=1023 T2= 932  P=  -1  D=  -1 
 X=1015 X2=1023  Y=1020 Y2=1019 P1=1023 P2=  -1 T1=1020 T2=1019  P=  -1  D=  -1 
 X= 936 X2=1023  Y= 992 Y2=1023 P1=1023 P2=  -1 T1=1021 T2= 928  P=  -1  D=  -1 
 X= 880 X2=1023  Y= 966 Y2=1020 P1=1023 P2=  -1 T1=1023 T2= 887  P=  -1  D=  -1 
 X= 945 X2=1016  Y= 990 Y2=1020 P1=1023 P2=  -1 T1=1023 T2= 925  P=  -1  D=  -1 
 X=1016 X2=1004  Y= 976 Y2=1023 P1=1023 P2=  -1 T1=1023 T2= 945  P=  -1  D=  -1 
 X=1023 X2=1014  Y= 990 Y2=1021 P1=1023 P2=  -1 T1=1019 T2= 927  P=  -1  D=  -1 
 X= 870 X2=1023  Y= 990 Y2=1019 P1=1023 P2=  -1 T1=1021 T2= 929  P=  -1  D=  -1 
 X= 847 X2=1023  Y= 973 Y2=1023 P1=1023 P2=  -1 T1=1021 T2= 931  P=  -1  D=  -1 
 X= 999 X2=1017  Y= 985 Y2=1020 P1=1023 P2=  -1 T1=1023 T2= 941  P=  -1  D=  -1 
 X= 924 X2=1019  Y= 992 Y2=1021 P1=1023 P2=  -1 T1=1023 T2= 941  P=  -1  D=  -1 
 X= 937 X2= 996  Y= 984 Y2=1023 P1=1023 P2=  -1 T1=1023 T2= 932  P=  -1  D=  -1 
 X= 990 X2=1016  Y= 985 Y2=1023 P1=1023 P2=  -1 T1=1020 T2= 940  P=  -1  D=  -1 
 X=1003 X2=1015  Y= 989 Y2=1023 P1=1023 P2=  -1 T1=1021 T2= 954  P=  -1  D=  -1 
 X= 901 X2=1022  Y= 984 Y2=1021 P1=1023 P2=  -1 T1=1023 T2= 919  P=  -1  D=  -1 
 X= 967 X2= 997  Y= 986 Y2=1020 P1=1023 P2=  -1 T1=1020 T2= 953  P=  -1  D=  -1 
 X= 818 X2=1023  Y= 977 Y2=1020 P1=1023 P2=  -1 T1=1023 T2= 930  P=  -1  D=  -1 
 X= 884 X2=1023  Y= 987 Y2=1023 P1=1023 P2=  -1 T1=1023 T2= 937  P=  -1  D=  -1 
 X=1005 X2=1000  Y= 984 Y2=1022 P1=1023 P2=  -1 T1=1023 T2= 927  P=  -1  D=  -1 
 X= 860 X2=1023  Y= 987 Y2=1021 P1=1023 P2=  -1 T1=1023 T2= 889  P=  -1  D=  -1 
 X= 965 X2=1021  Y= 974 Y2=1023 P1=1023 P2=  -1 T1=1020 T2= 933  P=  -1  D=  -1 
 X= 891 X2=1022  Y= 987 Y2=1023 P1=1023 P2=  -1 T1=1021 T2= 923  P=  -1  D=  -1 
 X=1004 X2=1007  Y= 992 Y2=1020 P1=1023 P2=  -1 T1=1022 T2= 956  P=  -1  D=  -1 
 X= 947 X2=1023  Y= 989 Y2=1018 P1=1023 P2=  -1 T1=1023 T2= 942  P=  -1  D=  -1 
 X= 982 X2=1023  Y= 991 Y2=1023 P1=1023 P2=  -1 T1=1019 T2= 930  P=  -1  D=  -1 
 X= 893 X2=1021  Y= 985 Y2=1020 P1=1023 P2=  -1 T1=1023 T2= 948  P=  -1  D=  -1 
 X= 954 X2=1023  Y= 981 Y2=1019 P1=1023 P2=  -1 T1=1023 T2= 872  P=  -1  D=  -1 
 X= 849 X2=1023  Y= 973 Y2=1019 P1=1023 P2=  -1 T1=1023 T2= 953  P=  -1  D=  -1 
 X= 849 X2=1023  Y= 990 Y2=1020 P1=1023 P2=  -1 T1=1023 T2= 910  P=  -1  D=  -1 
 X= 912 X2=1021  Y= 979 Y2=1019 P1=1023 P2=  -1 T1=1023 T2= 943  P=  -1  D=  -1 
 X= 944 X2= 998  Y= 983 Y2=1020 P1=1023 P2=  -1 T1=1023 T2= 929  P=  -1  D=  -1 
 X=1023 X2= 996  Y= 984 Y2=1023 P1=1023 P2=  -1 T1=1020 T2= 936  P=  -1  D=  -1 
 X= 834 X2=1023  Y= 978 Y2=1023 P1=1023 P2=  -1 T1=1023 T2= 942  P=  -1  D=  -1 
 X= 946 X2=1023  Y= 983 Y2=1023 P1=1023 P2=  -1 T1=1022 T2= 952  P=  -1  D=  -1 
 X= 234 X2= 231  Y= 327 Y2= 321 P1= 680 P2= 195 T1=  22 T2=  21  P= 576  D=  -1 * 0
 X= 235 X2= 232  Y= 328 Y2= 321 P1= 700 P2= 179 T1=  21 T2=  24  P= 678  D=  -1 * 0
 X= 234 X2= 231  Y= 328 Y2= 321 P1= 687 P2= 190 T1=  21 T2=  22  P= 606  D=  -1 * 0
 X= 235 X2= 231  Y= 328 Y2= 321 P1= 687 P2= 190 T1=  21 T2=  21  P= 609  D=  -1 * 0
 X= 234 X2= 232  Y= 328 Y2= 320 P1= 686 P2= 191 T1=  20 T2=  22  P= 603  D=  -1 * 1
 X= 235 X2= 231  Y= 328 Y2= 321 P1= 687 P2= 190 T1=  23 T2=  22  P= 609  D=  -1 * 2
 X= 233 X2= 232  Y= 328 Y2= 321 P1= 685 P2= 191 T1=  21 T2=  22  P= 599  D=  -1 * 3
 X= 234 X2= 232  Y= 328 Y2= 321 P1= 686 P2= 191 T1=  22 T2=  21  P= 603  D=  -1 * 4
 X= 235 X2= 227  Y= 328 Y2= 321 P1= 686 P2= 190 T1=  22 T2=  21  P= 602  D=  -1 * 5
 X= 236 X2= 231  Y= 328 Y2= 321 P1= 686 P2= 191 T1=  20 T2=  21  P= 603  D=  -1 * 6
 X= 234 X2= 231  Y= 328 Y2= 320 P1= 685 P2= 191 T1=  21 T2=  21  P= 599  D=  -1 * 7
 X= 234 X2= 230  Y= 327 Y2= 320 P1= 686 P2= 191 T1=  22 T2=  21  P= 601  D=  -1 * 8
 X= 234 X2= 231  Y= 327 Y2= 320 P1= 686 P2= 191 T1=  22 T2=  21  P= 601  D=  -1 * 9
 X= 234 X2= 231  Y= 327 Y2= 321 P1= 685 P2= 192 T1=  21 T2=  21  P= 595  D=  -1 * 10
 X= 234 X2= 231  Y= 328 Y2= 321 P1= 685 P2= 191 T1=  21 T2=  21  P= 599  D=  -1 * 11
 X= 235 X2= 231  Y= 326 Y2= 320 P1= 685 P2= 192 T1=  22 T2=  20  P= 598  D=  -1 * 12
 X= 234 X2= 231  Y= 327 Y2= 321 P1= 686 P2= 193 T1=  22 T2=  22  P= 592  D=  -1 * 13
 X= 234 X2= 231  Y= 328 Y2= 320 P1= 685 P2= 191 T1=  21 T2=  21  P= 599  D=  -1 * 14
 X= 234 X2= 232  Y= 328 Y2= 319 P1= 684 P2= 191 T1=  21 T2=  20  P= 601  D=  -1 * 15
 X= 234 X2= 231  Y= 330 Y2= 321 P1= 685 P2= 191 T1=  22 T2=  18  P= 599  D=  -1 * 16
 X= 234 X2= 232  Y= 328 Y2= 320 P1= 685 P2= 192 T1=  22 T2=  22  P= 598  D=  -1 * 17
 X= 234 X2= 231  Y= 327 Y2= 321 P1= 685 P2= 192 T1=  21 T2=  21  P= 595  D=  -1 * 18
 X= 234 X2= 231  Y= 328 Y2= 321 P1= 684 P2= 191 T1=  21 T2=  21  P= 598  D=  -1 * 19
 X= 234 X2= 232  Y= 327 Y2= 321 P1= 684 P2= 191 T1=  21 T2=  23  P= 601  D=  -1 * 20
 X= 233 X2= 231  Y= 327 Y2= 319 P1= 685 P2= 191 T1=  21 T2=  20  P= 599  D=  -1 * 21
 X= 234 X2= 231  Y= 328 Y2= 320 P1= 684 P2= 191 T1=  20 T2=  21  P= 598  D=  -1 * 22
 X= 234 X2= 231  Y= 328 Y2= 320 P1= 687 P2= 191 T1=  22 T2=  22  P= 602  D=  -1 * 23
 X= 234 X2= 231  Y= 328 Y2= 321 P1= 685 P2= 192 T1=  21 T2=  21  P= 595  D=  -1 * 24
Remove Pin
 X= 233 X2= 231  Y= 328 Y2= 321 P1= 684 P2= 192 T1=  21 T2=  21  P= 594  D=  -1 * 24
 X= 234 X2= 231  Y= 328 Y2= 321 P1= 685 P2= 192 T1=  22 T2=  21  P= 595  D=  -1 * 24
 X= 234 X2= 231  Y= 328 Y2= 320 P1= 685 P2= 192 T1=  22 T2=  22  P= 595  D=  -1 * 24
 X= 234 X2= 229  Y= 328 Y2= 321 P1= 684 P2= 192 T1=  21 T2=  21  P= 591  D=  -1 * 24
 X= 234 X2= 231  Y= 328 Y2= 320 P1= 684 P2= 191 T1=  22 T2=  21  P= 598  D=  -1 * 24
 X= 234 X2= 230  Y= 328 Y2= 321 P1= 686 P2= 192 T1=  24 T2=  22  P= 596  D=  -1 * 24
 X= 234 X2= 232  Y= 328 Y2= 321 P1= 684 P2= 192 T1=  21 T2=  21  P= 596  D=  -1 * 24
 X= 233 X2= 231  Y= 328 Y2= 320 P1= 684 P2= 192 T1=  21 T2=  21  P= 594  D=  -1 * 24
 X= 234 X2= 231  Y= 327 Y2= 321 P1= 684 P2= 192 T1=  21 T2=  21  P= 594  D=  -1 * 24
 X= 233 X2= 231  Y= 328 Y2= 321 P1= 684 P2= 191 T1=  22 T2=  21  P= 598  D=  -1 * 24
 X= 235 X2= 231  Y= 327 Y2= 319 P1= 685 P2= 192 T1=  22 T2=  21  P= 598  D=  -1 * 24
 X= 234 X2= 232  Y= 327 Y2= 320 P1= 685 P2= 192 T1=  21 T2=  23  P= 598  D=  -1 * 24
 X= 234 X2= 231  Y= 329 Y2= 320 P1= 684 P2= 192 T1=  21 T2=  21  P= 594  D=  -1 * 24
 X= 235 X2= 233  Y= 327 Y2= 320 P1= 691 P2= 188 T1=  21 T2=  22  P= 625  D=  -1 * 24
 X= 940 X2=1023  Y= 982 Y2=1023 P1=1023 P2=   0 T1=1023 T2=  70  P= 625  D=  -1 
 X= 255 X2=1023  Y= 989 Y2=1023 P1=1023 P2=   0 T1=  27 T2= 886  P= 625  D=  -1 * 24
 X= 951 X2=1020  Y= 976 Y2=1023 P1=1023 P2=   0 T1=1023 T2= 924  P= 625  D=  -1 
 X= 885 X2=1023  Y= 984 Y2=1023 P1=1023 P2=   0 T1=1021 T2= 937  P= 625  D=  -1 
target state=1 point=456,22
 X= 945 X2=1023  Y= 983 Y2=1023 P1=1023 P2=   0 T1=1020 T2= 922  P= 625  D=  -1 
 X= 983 X2=1010  Y= 976 Y2=1023 P1=1023 P2=   0 T1=1023 T2= 893  P= 625  D=  -1 
 X= 951 X2=1023  Y= 981 Y2=1023 P1=1023 P2=   0 T1=1023 T2= 939  P= 625  D=  -1 
 X= 919 X2=1020  Y= 981 Y2=1020 P1=1023 P2=   0 T1=1020 T2= 924  P= 625  D=  -1 
 X= 970 X2= 990  Y= 989 Y2=1020 P1=1023 P2=   0 T1=1021 T2= 940  P= 625  D=  -1 
 X=1023 X2=1010  Y= 991 Y2=1023 P1=1023 P2=   0 T1=1023 T2= 927  P= 625  D=  -1 
 X= 907 X2=1023  Y= 983 Y2=1021 P1=1023 P2=   0 T1=1023 T2= 917  P= 625  D=  -1 
 X= 966 X2=1023  Y= 966 Y2=1023 P1=1023 P2=   0 T1=1021 T2= 954  P= 625  D=  -1 
 X= 935 X2=1019  Y= 987 Y2=1021 P1=1023 P2=   0 T1=1023 T2= 930  P= 625  D=  -1 
 X= 932 X2=1023  Y= 970 Y2=1023 P1=1023 P2=   0 T1=1023 T2= 943  P= 625  D=  -1 
 X=1023 X2=1014  Y= 985 Y2=1023 P1=1023 P2=   0 T1=1021 T2= 935  P= 625  D=  -1 
 X=1012 X2= 994  Y= 958 Y2=1020 P1=1023 P2=   0 T1=1023 T2= 891  P= 625  D=  -1 
 X= 940 X2=1020  Y= 970 Y2=1023 P1=1023 P2=   0 T1=1020 T2= 885  P= 625  D=  -1 
 X= 955 X2=1022  Y= 984 Y2=1023 P1=1023 P2=   0 T1=1021 T2= 944  P= 625  D=  -1 
 X= 940 X2=1006  Y= 983 Y2=1023 P1=1023 P2=   0 T1=1023 T2= 930  P= 625  D=  -1 
 X= 805 X2=1023  Y= 974 Y2=1020 P1=1023 P2=   0 T1=1021 T2= 941  P= 625  D=  -1 
 X= 949 X2=1023  Y= 993 Y2=1023 P1=1023 P2=   0 T1=1023 T2= 922  P= 625  D=  -1 
 X= 993 X2=1018  Y= 965 Y2=1019 P1=1023 P2=   0 T1=1023 T2= 933  P= 625  D=  -1 
 X= 922 X2=1019  Y= 993 Y2=1023 P1=1023 P2=   0 T1=1020 T2= 936  P= 625  D=  -1 
 X= 817 X2=1023  Y= 975 Y2=1023 P1=1023 P2=   0 T1=1021 T2= 942  P= 625  D=  -1 
 X=1023 X2=1007  Y= 956 Y2=1023 P1=1023 P2=   0 T1=1023 T2= 945  P= 625  D=  -1 
 X=1003 X2=1000  Y= 977 Y2=1021 P1=1023 P2=   0 T1=1021 T2= 946  P= 625  D=  -1 
 X=1019 X2=1016  Y=1021 Y2=1018 P1=1023 P2=   0 T1=1020 T2=1019  P= 625  D=  -1 
 X= 961 X2=1007  Y= 981 Y2=1020 P1=1023 P2=   0 T1=1023 T2= 913  P= 625  D=  -1 
 X= 865 X2=1023  Y= 964 Y2=1021 P1=1023 P2=   0 T1=1020 T2= 930  P= 625  D=  -1 
 X= 945 X2=1023  Y= 977 Y2=1019 P1=1023 P2=   0 T1=1022 T2= 942  P= 625  D=  -1 
 X= 972 X2=1023  Y= 992 Y2=1023 P1=1023 P2=   0 T1=1021 T2= 932  P= 625  D=  -1 
 X= 895 X2=1020  Y= 982 Y2=1020 P1=1023 P2=   0 T1=1023 T2= 940  P= 625  D=  -1 
 X= 916 X2=1022  Y= 988 Y2=1023 P1=1023 P2=   0 T1=1023 T2= 938  P= 625  D=  -1 
 X=1023 X2=1015  Y= 984 Y2=1023 P1=1023 P2=   0 T1=1019 T2= 953  P= 625  D=  -1 
 X= 875 X2=1018  Y= 964 Y2=1019 P1=1023 P2=   0 T1=1023 T2= 924  P= 625  D=  -1 
 X= 903 X2=1023  Y= 980 Y2=1023 P1=1023 P2=   0 T1=1023 T2= 944  P= 625  D=  -1 
 X= 933 X2=1023  Y= 980 Y2=1020 P1=1023 P2=   0 T1=1021 T2= 935  P= 625  D=  -1 
 X= 968 X2=1022  Y= 981 Y2=1023 P1=1023 P2=   0 T1=1023 T2= 931  P= 625  D=  -1 
 X= 918 X2=1019  Y= 988 Y2=1023 P1=1023 P2=   0 T1=1023 T2= 941  P= 625  D=  -1 
 X= 929 X2=1023  Y= 982 Y2=1023 P1=1023 P2=   0 T1=1021 T2= 943  P= 625  D=  -1 
 X= 927 X2=1019  Y= 987 Y2=1020 P1=1023 P2=   0 T1=1023 T2= 929  P= 625  D=  -1 
 X= 946 X2=1022  Y= 979 Y2=1021 P1=1023 P2=   0 T1=1019 T2= 943  P= 625  D=  -1 
 X= 982 X2= 999  Y= 978 Y2=1023 P1=1023 P2=   0 T1=1020 T2= 943  P= 625  D=  -1 
 X=1023 X2=1015  Y= 996 Y2=1020 P1=1023 P2=   0 T1=1020 T2= 931  P= 625  D=  -1 
 X= 914 X2=1023  Y= 991 Y2=1019 P1=1023 P2=   0 T1=1021 T2= 935  P= 625  D=  -1 
 X= 937 X2=1022  Y= 984 Y2=1023 P1=1023 P2=   0 T1=1023 T2= 951  P= 625  D=  -1 
 X= 940 X2=1022  Y= 992 Y2=1020 P1=1023 P2=   0 T1=1020 T2= 947  P= 625  D=  -1 
 X= 940 X2=1022  Y= 975 Y2=1021 P1=1023 P2=   0 T1=1020 T2= 951  P= 625  D=  -1 
 X= 948 X2=1023  Y= 989 Y2=1020 P1=1023 P2=   0 T1=1023 T2= 949  P= 625  D=  -1 
 X=1005 X2= 997  Y= 976 Y2=1023 P1=1023 P2=   0 T1=1023 T2= 920  P= 625  D=  -1 
 X= 889 X2=1019  Y= 994 Y2=1023 P1=1023 P2=   0 T1=1023 T2= 940  P= 625  D=  -1 
 X= 969 X2=1023  Y= 975 Y2=1020 P1=1023 P2=   0 T1=1020 T2= 944  P= 625  D=  -1 
 X=1023 X2=1016  Y= 970 Y2=1021 P1=1023 P2=   0 T1=1020 T2= 933  P= 625  D=  -1 
 X=1023 X2= 998  Y= 982 Y2=1023 P1=1023 P2=   0 T1=1023 T2= 948  P= 625  D=  -1 
 X= 861 X2=1023  Y= 993 Y2=1023 P1=1023 P2=   0 T1=1023 T2= 947  P= 625  D=  -1 
 X= 980 X2=1008  Y= 981 Y2=1020 P1=1023 P2=   0 T1=1023 T2= 936  P= 625  D=  -1 
 X= 972 X2=1023  Y= 984 Y2=1020 P1=1023 P2=   0 T1=1021 T2= 920  P= 625  D=  -1 
 X= 945 X2=1023  Y= 989 Y2=1021 P1=1023 P2=   0 T1=1020 T2= 951  P= 625  D=  -1 
 X= 886 X2=1023  Y= 978 Y2=1023 P1=1023 P2=   0 T1=1020 T2= 942  P= 625  D=  -1 
 X=1011 X2=1003  Y= 972 Y2=1023 P1=1023 P2=   0 T1=1023 T2= 947  P= 625  D=  -1 
 X= 874 X2=1017  Y= 983 Y2=1020 P1=1023 P2=   0 T1=1018 T2= 884  P= 625  D=  -1 
 X= 972 X2= 994  Y= 989 Y2=1023 P1=1023 P2=   0 T1=1021 T2= 921  P= 625  D=  -1 
 X= 996 X2=1005  Y= 976 Y2=1020 P1=1023 P2=   0 T1=1020 T2= 918  P= 625  D=  -1 
 X= 873 X2=1023  Y= 979 Y2=1023 P1=1023 P2=   0 T1=1023 T2= 955  P= 625  D=  -1 
 X= 925 X2=1023  Y= 981 Y2=1018 P1=1023 P2=   0 T1=1023 T2= 932  P= 625  D=  -1 
 X= 972 X2=1023  Y= 986 Y2=1023 P1=1023 P2=   0 T1=1023 T2= 934  P= 625  D=  -1 
 X= 895 X2=1022  Y= 981 Y2=1023 P1=1023 P2=   0 T1=1023 T2= 897  P= 625  D=  -1 
 X= 936 X2=1023  Y= 983 Y2=1023 P1=1023 P2=   0 T1=1023 T2= 949  P= 625  D=  -1 
 X=1023 X2=1016  Y= 963 Y2=1023 P1=1023 P2=   0 T1=1019 T2= 932  P= 625  D=  -1 
 X= 884 X2=1018  Y= 983 Y2=1023 P1=1023 P2=   0 T1=1023 T2= 946  P= 625  D=  -1 
 X= 970 X2=1023  Y= 986 Y2=1023 P1=1023 P2=   0 T1=1020 T2= 947  P= 625  D=  -1 
 X= 975 X2= 991  Y= 964 Y2=1023 P1=1023 P2=   0 T1=1020 T2= 932  P= 625  D=  -1 
 X=1023 X2=1008  Y= 982 Y2=1020 P1=1023 P2=   0 T1=1023 T2= 937  P= 625  D=  -1 
 X= 953 X2=1013  Y= 985 Y2=1023 P1=1023 P2=   0 T1=1020 T2= 937  P= 625  D=  -1 
 X= 943 X2=1023  Y= 983 Y2=1023 P1=1023 P2=   0 T1=1020 T2= 924  P= 625  D=  -1 
 X= 876 X2=1017  Y= 954 Y2=1023 P1=1023 P2=   0 T1=1020 T2= 930  P= 625  D=  -1 
 X= 969 X2=1023  Y= 987 Y2=1020 P1=1023 P2=   0 T1=1023 T2= 921  P= 625  D=  -1 
 X= 955 X2=1023  Y=1002 Y2=1020 P1=1023 P2=   0 T1=1021 T2= 919  P= 625  D=  -1 
 X= 983 X2=1006  Y= 958 Y2=1023 P1=1023 P2=   0 T1=1020 T2= 929  P= 625  D=  -1 
 X= 874 X2=1019  Y= 992 Y2=1023 P1=1023 P2=   0 T1=1023 T2= 941  P= 625  D=  -1 
 X= 943 X2=1022  Y= 992 Y2=1020 P1=1023 P2=   0 T1=1020 T2= 885  P= 625  D=  -1 
 X=1004 X2= 998  Y= 980 Y2=1020 P1=1023 P2=   0 T1=1021 T2= 929  P= 625  D=  -1 
 X= 967 X2=1023  Y= 975 Y2=1021 P1=1023 P2=   0 T1=1021 T2= 925  P= 625  D=  -1 
 X= 879 X2=1022  Y= 988 Y2=1019 P1=1023 P2=   0 T1=1023 T2= 942  P= 625  D=  -1 
 X= 811 X2= 808  Y= 324 Y2= 331 P1= 795 P2= 489 T1=  13 T2=  13  P= 505  D=  -1 * 0
 X= 924 X2=1023  Y= 988 Y2=1023 P1=1023 P2=   0 T1=1023 T2= 894  P= 505  D=  -1 
 X= 880 X2=1023  Y= 986 Y2=1023 P1=1023 P2=   0 T1=1023 T2= 932  P= 505  D=  -1 
 X= 811 X2= 809  Y= 324 Y2= 330 P1= 802 P2= 474 T1=  15 T2=  15  P= 559  D=  -1 * 0
 X= 810 X2= 810  Y= 325 Y2= 331 P1= 801 P2= 475 T1=  15 T2=  15  P= 555  D=  -1 * 0
 X= 810 X2= 806  Y= 325 Y2= 331 P1= 801 P2= 476 T1=  14 T2=  14  P= 551  D=  -1 * 0
 X= 810 X2= 811  Y= 325 Y2= 332 P1= 802 P2= 474 T1=  14 T2=  14  P= 559  D=  -1 * 1
 X= 809 X2= 811  Y= 325 Y2= 332 P1= 805 P2= 476 T1=  14 T2=  14  P= 559  D=  -1 * 2
 X= 812 X2= 809  Y= 325 Y2= 332 P1= 800 P2= 477 T1=  14 T2=  14  P= 548  D=  -1 * 3
 X= 810 X2= 809  Y= 324 Y2= 332 P1= 799 P2= 477 T1=  13 T2=  14  P= 546  D=  -1 * 4
 X= 810 X2= 809  Y= 325 Y2= 331 P1= 800 P2= 478 T1=  13 T2=  14  P= 544  D=  -1 * 5
 X= 810 X2= 809  Y= 325 Y2= 332 P1= 800 P2= 478 T1=  14 T2=  13  P= 544  D=  -1 * 6
 X= 810 X2= 808  Y= 325 Y2= 331 P1= 800 P2= 478 T1=  14 T2=  14  P= 544  D=  -1 * 7
 X= 810 X2= 811  Y= 325 Y2= 331 P1= 800 P2= 478 T1=  13 T2=  14  P= 545  D=  -1 * 8
 X= 812 X2= 808  Y= 324 Y2= 332 P1= 800 P2= 479 T1=  14 T2=  14  P= 542  D=  -1 * 9
 X= 810 X2= 809  Y= 325 Y2= 332 P1= 800 P2= 478 T1=  13 T2=  13  P= 544  D=  -1 * 10
 X= 810 X2= 809  Y= 324 Y2= 332 P1= 799 P2= 479 T1=  14 T2=  13  P= 540  D=  -1 * 11
 X= 810 X2= 812  Y= 324 Y2= 331 P1= 800 P2= 479 T1=  14 T2=  14  P= 543  D=  -1 * 12
 X= 810 X2= 811  Y= 325 Y2= 332 P1= 799 P2= 479 T1=  13 T2=  13  P= 541  D=  -1 * 13
 X= 810 X2= 810  Y= 324 Y2= 332 P1= 800 P2= 479 T1=  14 T2=  14  P= 542  D=  -1 * 14
 X= 809 X2= 809  Y= 325 Y2= 332 P1= 800 P2= 478 T1=  12 T2=  14  P= 544  D=  -1 * 15
 X= 809 X2= 809  Y= 324 Y2= 331 P1= 799 P2= 478 T1=  14 T2=  14  P= 542  D=  -1 * 16
 X= 810 X2= 808  Y= 325 Y2= 332 P1= 799 P2= 479 T1=  13 T2=  14  P= 540  D=  -1 * 17
 X= 811 X2= 810  Y= 326 Y2= 332 P1= 800 P2= 479 T1=  13 T2=  14  P= 542  D=  -1 * 18
 X= 810 X2= 809  Y= 325 Y2= 332 P1= 799 P2= 479 T1=  14 T2=  15  P= 540  D=  -1 * 19
 X= 810 X2= 809  Y= 325 Y2= 331 P1= 799 P2= 479 T1=  14 T2=  14  P= 540  D=  -1 * 20
 X= 810 X2= 809  Y= 325 Y2= 332 P1= 800 P2= 479 T1=  14 T2=  13  P= 542  D=  -1 * 21
 X= 809 X2= 809  Y= 325 Y2= 332 P1= 799 P2= 479 T1=  14 T2=  14  P= 540  D=  -1 * 22
 X= 814 X2= 809  Y= 324 Y2= 333 P1= 800 P2= 479 T1=  14 T2=  13  P= 543  D=  -1 * 23
 X= 810 X2= 809  Y= 325 Y2= 331 P1= 800 P2= 478 T1=  13 T2=  14  P= 544  D=  -1 * 24
Remove Pin
 X= 810 X2= 809  Y= 321 Y2= 333 P1= 799 P2= 479 T1=  14 T2=  14  P= 540  D=  -1 * 24
 X= 810 X2= 808  Y= 323 Y2= 332 P1= 799 P2= 479 T1=  14 T2=  16  P= 540  D=  -1 * 24
 X= 814 X2= 809  Y= 324 Y2= 332 P1= 799 P2= 479 T1=  14 T2=  14  P= 541  D=  -1 * 24
 X= 809 X2= 809  Y= 324 Y2= 332 P1= 799 P2= 479 T1=  13 T2=  13  P= 540  D=  -1 * 24
 X= 810 X2= 809  Y= 325 Y2= 332 P1= 800 P2= 479 T1=  14 T2=  14  P= 542  D=  -1 * 24
 X= 809 X2= 809  Y= 325 Y2= 332 P1= 799 P2= 479 T1=  14 T2=  13  P= 540  D=  -1 * 24
 X= 810 X2= 809  Y= 325 Y2= 332 P1= 800 P2= 479 T1=  13 T2=  14  P= 542  D=  -1 * 24
 X= 810 X2= 808  Y= 324 Y2= 331 P1= 799 P2= 480 T1=  14 T2=  14  P= 537  D=  -1 * 24
 X= 810 X2= 808  Y= 324 Y2= 332 P1= 799 P2= 479 T1=  13 T2=  14  P= 540  D=  -1 * 24
 X= 810 X2= 809  Y= 325 Y2= 332 P1= 799 P2= 478 T1=  14 T2=  14  P= 542  D=  -1 * 24
 X= 810 X2= 809  Y= 327 Y2= 335 P1= 813 P2= 448 T1=  15 T2=  17  P= 658  D=  -1 * 24
 X= 998 X2=1004  Y= 986 Y2=1020 P1=1023 P2=   0 T1=1023 T2= 928  P= 658  D=  -1 
 X= 929 X2=1023  Y= 981 Y2=1022 P1=1023 P2=   0 T1=1023 T2= 930  P= 658  D=  -1 
 X= 986 X2=1023  Y=1020 Y2=1023 P1=1023 P2=   0 T1=1023 T2=1021  P= 658  D=  -1 
target state=2 point=456,249
 X= 861 X2=1012  Y= 952 Y2=1020 P1=1023 P2=   0 T1=1021 T2= 850  P= 658  D=  -1 
 X= 873 X2=1023  Y= 982 Y2=1023 P1=1023 P2=   0 T1=1021 T2= 878  P= 658  D=  -1 
 X= 938 X2=1023  Y= 980 Y2=1020 P1=1023 P2=   0 T1=1020 T2= 947  P= 658  D=  -1 
 X=1023 X2=1015  Y= 982 Y2=1023 P1=1023 P2=   0 T1=1023 T2= 941  P= 658  D=  -1 
 X= 885 X2=1021  Y= 991 Y2=1023 P1=1023 P2=   0 T1=1023 T2= 937  P= 658  D=  -1 
 X= 957 X2=1023  Y= 979 Y2=1020 P1=1023 P2=   0 T1=1021 T2= 935  P= 658  D=  -1 
 X= 967 X2=1022  Y= 948 Y2=1020 P1=1023 P2=   0 T1=1023 T2= 941  P= 658  D=  -1 
 X= 939 X2=1023  Y= 980 Y2=1023 P1=1023 P2=   0 T1=1023 T2= 936  P= 658  D=  -1 
 X= 868 X2=1023  Y= 982 Y2=1023 P1=1023 P2=   0 T1=1023 T2= 937  P= 658  D=  -1 
 X= 826 X2=1023  Y= 993 Y2=1023 P1=1023 P2=   0 T1=1020 T2= 932  P= 658  D=  -1 
 X= 979 X2=1019  Y= 987 Y2=1020 P1=1023 P2=   0 T1=1023 T2= 933  P= 658  D=  -1 
 X= 939 X2=1023  Y= 980 Y2=1021 P1=1023 P2=   0 T1=1020 T2= 930  P= 658  D=  -1 
 X=1023 X2=1007  Y= 978 Y2=1023 P1=1023 P2=   0 T1=1020 T2= 939  P= 658  D=  -1 
 X=1023 X2=1014  Y= 979 Y2=1023 P1=1023 P2=   0 T1=1023 T2= 941  P= 658  D=  -1 
 X= 863 X2=1023  Y= 982 Y2=1023 P1=1023 P2=   0 T1=1023 T2= 933  P= 658  D=  -1 
 X= 985 X2=1015  Y= 967 Y2=1023 P1=1023 P2=   0 T1=1023 T2= 928  P= 658  D=  -1 
 X=1023 X2=1006  Y= 984 Y2=1020 P1=1023 P2=   0 T1=1023 T2= 937  P= 658  D=  -1 
 X= 928 X2=1023  Y= 985 Y2=1020 P1=1023 P2=   0 T1=1023 T2= 925  P= 658  D=  -1 
 X= 949 X2=1023  Y= 979 Y2=1023 P1=1023 P2=   0 T1=1020 T2= 889  P= 658  D=  -1 
 X=1000 X2=1009  Y= 957 Y2=1017 P1=1023 P2=   0 T1=1023 T2= 933  P= 658  D=  -1 
 X= 868 X2=1019  Y= 983 Y2=1019 P1=1023 P2=   0 T1=1018 T2= 932  P= 658  D=  -1 
 X= 970 X2=1022  Y= 981 Y2=1020 P1=1023 P2=   0 T1=1023 T2= 940  P= 658  D=  -1 
 X=1023 X2=1010  Y= 990 Y2=1023 P1=1023 P2=   0 T1=1023 T2= 921  P= 658  D=  -1 
 X=1012 X2=1015  Y= 958 Y2=1019 P1=1023 P2=   0 T1=1020 T2= 937  P= 658  D=  -1 
 X= 951 X2=1022  Y= 987 Y2=1020 P1=1023 P2=   0 T1=1023 T2= 926  P= 658  D=  -1 
 X=1023 X2=1006  Y= 982 Y2=1023 P1=1023 P2=   0 T1=1023 T2= 946  P= 658  D=  -1 
 X= 922 X2=1020  Y= 987 Y2=1023 P1=1023 P2=   0 T1=1023 T2= 942  P= 658  D=  -1 
 X= 887 X2=1023  Y= 990 Y2=1019 P1=1023 P2=   0 T1=1023 T2= 933  P= 658  D=  -1 
 X=1019 X2=1004  Y= 973 Y2=1023 P1=1023 P2=   0 T1=1021 T2= 935  P= 658  D=  -1 
 X= 986 X2=1010  Y= 978 Y2=1023 P1=1023 P2=   0 T1=1021 T2= 951  P= 658  D=  -1 
 X= 894 X2=1021  Y= 986 Y2=1023 P1=1023 P2=   0 T1=1021 T2= 934  P= 658  D=  -1 
 X= 967 X2= 998  Y= 983 Y2=1023 P1=1023 P2=   0 T1=1021 T2= 931  P= 658  D=  -1 
 X=1003 X2=1015  Y= 984 Y2=1023 P1=1023 P2=   0 T1=1023 T2= 938  P= 658  D=  -1 
 X= 862 X2=1023  Y= 978 Y2=1023 P1=1023 P2=   0 T1=1023 T2= 922  P= 658  D=  -1 
 X= 931 X2=1023  Y= 988 Y2=1023 P1=1023 P2=   0 T1=1023 T2= 929  P= 658  D=  -1 
 X= 879 X2=1019  Y= 985 Y2=1020 P1=1023 P2=   0 T1=1023 T2= 931  P= 658  D=  -1 
 X= 831 X2=1023  Y= 984 Y2=1023 P1=1023 P2=   0 T1=1023 T2= 946  P= 658  D=  -1 
 X= 889 X2=1023  Y= 989 Y2=1023 P1=1023 P2=   0 T1=1020 T2= 938  P= 658  D=  -1 
 X= 999 X2= 997  Y= 989 Y2=1020 P1=1023 P2=   0 T1=1020 T2= 930  P= 658  D=  -1 
 X= 976 X2=1023  Y= 980 Y2=1020 P1=1023 P2=   0 T1=1021 T2= 939  P= 658  D=  -1 
 X= 975 X2=1023  Y= 989 Y2=1023 P1=1023 P2=   0 T1=1020 T2= 926  P= 658  D=  -1 
 X= 967 X2= 982  Y= 986 Y2=1023 P1=1023 P2=   0 T1=1023 T2= 941  P= 658  D=  -1 
 X= 853 X2=1023  Y= 984 Y2=1023 P1=1023 P2=   0 T1=1023 T2= 942  P= 658  D=  -1 
 X= 851 X2=1023  Y= 983 Y2=1023 P1=1023 P2=   0 T1=1021 T2= 936  P= 658  D=  -1 
 X= 946 X2=1023  Y= 985 Y2=1023 P1=1023 P2=   0 T1=1020 T2= 932  P= 658  D=  -1 
 X= 947 X2=1018  Y= 988 Y2=1020 P1=1023 P2=   0 T1=1023 T2= 949  P= 658  D=  -1 
 X= 865 X2=1023  Y= 980 Y2=1021 P1=1023 P2=   0 T1=1023 T2= 938  P= 658  D=  -1 
 X=1023 X2=1015  Y= 975 Y2=1023 P1=1023 P2=   0 T1=1023 T2= 944  P= 658  D=  -1 
 X=1000 X2=1010  Y= 984 Y2=1020 P1=1023 P2=   0 T1=1023 T2= 937  P= 658  D=  -1 
 X=1009 X2=1010  Y=1000 Y2=1019 P1=1023 P2=   0 T1=1023 T2= 924  P= 658  D=  -1 
 X=1016 X2= 998  Y= 990 Y2=1021 P1=1023 P2=   0 T1=1020 T2= 879  P= 658  D=  -1 
 X=1023 X2=1015  Y= 979 Y2=1020 P1=1023 P2=   0 T1=1023 T2= 932  P= 658  D=  -1 
 X= 869 X2=1023  Y= 988 Y2=1021 P1=1023 P2=   0 T1=1023 T2= 918  P= 658  D=  -1 
 X= 953 X2=1022  Y= 982 Y2=1023 P1=1023 P2=   0 T1=1023 T2= 922  P= 658  D=  -1 
 X= 873 X2=1019  Y= 988 Y2=1022 P1=1023 P2=   0 T1=1021 T2= 925  P= 658  D=  -1 
 X= 965 X2=1023  Y= 975 Y2=1019 P1=1023 P2=   0 T1=1023 T2= 956  P= 658  D=  -1 
 X= 956 X2= 990  Y= 981 Y2=1020 P1=1023 P2=   0 T1=1020 T2= 943  P= 658  D=  -1 
 X= 897 X2=1023  Y= 969 Y2=1020 P1=1023 P2=   0 T1=1020 T2= 935  P= 658  D=  -1 
 X= 975 X2=1023  Y= 981 Y2=1023 P1=1023 P2=   0 T1=1023 T2= 939  P= 658  D=  -1 
 X= 945 X2=1021  Y= 987 Y2=1023 P1=1023 P2=   0 T1=1021 T2= 908  P= 658  D=  -1 
 X= 990 X2=1004  Y= 980 Y2=1019 P1=1023 P2=   0 T1=1021 T2= 933  P= 658  D=  -1 
 X= 965 X2=1023  Y= 985 Y2=1023 P1=1023 P2=   0 T1=1021 T2= 882  P= 658  D=  -1 
 X= 896 X2=1023  Y= 947 Y2=1020 P1=1023 P2=   0 T1=1023 T2= 863  P= 658  D=  -1 
 X= 992 X2=1008  Y= 985 Y2=1023 P1=1023 P2=   0 T1=1023 T2= 939  P= 658  D=  -1 
 X= 931 X2=1015  Y= 975 Y2=1021 P1=1023 P2=   0 T1=1023 T2= 917  P= 658  D=  -1 
 X= 807 X2= 809  Y= 709 Y2= 712 P1= 909 P2= 537 T1=  14 T2=  15  P= 559  D=  -1 * 0
 X= 808 X2= 809  Y= 707 Y2= 712 P1= 907 P2= 541 T1=  14 T2=  13  P= 546  D=  -1 * 0
 X= 808 X2= 809  Y= 707 Y2= 712 P1= 908 P2= 543 T1=  11 T2=  14  P= 542  D=  -1 * 0
 X= 807 X2= 808  Y= 707 Y2= 711 P1= 908 P2= 545 T1=  14 T2=  13  P= 537  D=  -1 * 0
 X= 807 X2= 809  Y= 707 Y2= 710 P1= 907 P2= 545 T1=  14 T2=  13  P= 536  D=  -1 * 1
 X= 807 X2= 811  Y= 710 Y2= 712 P1= 907 P2= 545 T1=  13 T2=  14  P= 537  D=  -1 * 2
 X= 808 X2= 809  Y= 707 Y2= 712 P1= 907 P2= 546 T1=  14 T2=  13  P= 534  D=  -1 * 3
 X= 808 X2= 810  Y= 707 Y2= 712 P1= 907 P2= 546 T1=  14 T2=  14  P= 534  D=  -1 * 4
 X= 808 X2= 809  Y= 709 Y2= 715 P1= 907 P2= 546 T1=  13 T2=  13  P= 534  D=  -1 * 5
 X= 809 X2= 809  Y= 707 Y2= 717 P1= 907 P2= 546 T1=  14 T2=  14  P= 534  D=  -1 * 6
 X= 808 X2= 809  Y= 708 Y2= 712 P1= 907 P2= 547 T1=  13 T2=  14  P= 531  D=  -1 * 7
 X= 808 X2= 808  Y= 707 Y2= 712 P1= 907 P2= 547 T1=  13 T2=  13  P= 531  D=  -1 * 8
 X= 807 X2= 809  Y= 708 Y2= 711 P1= 907 P2= 547 T1=  13 T2=  14  P= 531  D=  -1 * 9
 X= 808 X2= 809  Y= 708 Y2= 712 P1= 907 P2= 547 T1=  13 T2=  14  P= 531  D=  -1 * 10
 X= 808 X2= 809  Y= 708 Y2= 712 P1= 907 P2= 547 T1=  13 T2=  14  P= 531  D=  -1 * 11
 X= 808 X2= 809  Y= 708 Y2= 711 P1= 907 P2= 547 T1=  14 T2=  14  P= 531  D=  -1 * 12
 X= 808 X2= 808  Y= 707 Y2= 711 P1= 907 P2= 548 T1=  14 T2=  13  P= 529  D=  -1 * 13
 X= 806 X2= 809  Y= 707 Y2= 709 P1= 907 P2= 547 T1=  12 T2=  13  P= 531  D=  -1 * 14
 X= 807 X2= 809  Y= 708 Y2= 711 P1= 906 P2= 548 T1=  13 T2=  13  P= 527  D=  -1 * 15
 X= 807 X2= 808  Y= 708 Y2= 709 P1= 907 P2= 548 T1=  14 T2=  14  P= 528  D=  -1 * 16
 X= 810 X2= 809  Y= 708 Y2= 716 P1= 907 P2= 548 T1=  14 T2=  14  P= 529  D=  -1 * 17
 X= 807 X2= 809  Y= 707 Y2= 711 P1= 907 P2= 548 T1=  14 T2=  13  P= 529  D=  -1 * 18
 X= 807 X2= 809  Y= 707 Y2= 712 P1= 907 P2= 549 T1=  13 T2=  14  P= 526  D=  -1 * 19
 X= 808 X2= 808  Y= 708 Y2= 712 P1= 907 P2= 548 T1=  13 T2=  13  P= 529  D=  -1 * 20
 X= 808 X2= 809  Y= 707 Y2= 712 P1= 907 P2= 548 T1=  14 T2=  13  P= 529  D=  -1 * 21
 X= 808 X2= 811  Y= 708 Y2= 712 P1= 906 P2= 548 T1=  13 T2=  13  P= 528  D=  -1 * 22
 X= 808 X2= 809  Y= 707 Y2= 712 P1= 907 P2= 548 T1=  13 T2=  14  P= 529  D=  -1 * 23
 X= 808 X2= 809  Y= 707 Y2= 712 P1= 906 P2= 548 T1=  13 T2=  14  P= 527  D=  -1 * 24
Remove Pin
 X= 808 X2= 809  Y= 707 Y2= 711 P1= 906 P2= 548 T1=  13 T2=  14  P= 527  D=  -1 * 24
 X= 808 X2= 808  Y= 708 Y2= 712 P1= 906 P2= 548 T1=  12 T2=  12  P= 527  D=  -1 * 24
 X= 808 X2= 809  Y= 707 Y2= 713 P1= 906 P2= 548 T1=  13 T2=  14  P= 527  D=  -1 * 24
 X= 807 X2= 809  Y= 707 Y2= 711 P1= 907 P2= 548 T1=  13 T2=  13  P= 529  D=  -1 * 24
 X= 808 X2= 802  Y= 708 Y2= 712 P1= 907 P2= 548 T1=  14 T2=  13  P= 527  D=  -1 * 24
 X= 808 X2= 807  Y= 707 Y2= 713 P1= 906 P2= 548 T1=  13 T2=  14  P= 526  D=  -1 * 24
 X= 807 X2= 809  Y= 707 Y2= 712 P1= 906 P2= 548 T1=  13 T2=  14  P= 527  D=  -1 * 24
 X= 807 X2= 809  Y= 708 Y2= 711 P1= 907 P2= 542 T1=  12 T2=  13  P= 543  D=  -1 * 24
 X= 807 X2= 808  Y= 707 Y2= 712 P1= 908 P2= 541 T1=  14 T2=  13  P= 547  D=  -1 * 24
 X= 807 X2= 808  Y= 707 Y2= 711 P1= 907 P2= 544 T1=  14 T2=  14  P= 538  D=  -1 * 24
 X= 806 X2= 807  Y= 707 Y2= 712 P1= 907 P2= 546 T1=  13 T2=  13  P= 532  D=  -1 * 24
 X= 807 X2= 808  Y= 707 Y2= 711 P1= 907 P2= 547 T1=  14 T2=  14  P= 531  D=  -1 * 24
 X= 807 X2= 808  Y= 707 Y2= 712 P1= 907 P2= 547 T1=  13 T2=  14  P= 531  D=  -1 * 24
 X= 805 X2= 806  Y= 707 Y2= 712 P1= 908 P2= 539 T1=  14 T2=  14  P= 550  D=  -1 * 24
 X= 807 X2= 809  Y= 708 Y2= 712 P1= 910 P2= 529 T1=  15 T2=  15  P= 581  D=  -1 * 24
 X= 937 X2=1023  Y= 980 Y2=1022 P1=1023 P2=   0 T1=1020 T2= 932  P= 581  D=  -1 
 X= 827 X2=1023  Y= 975 Y2=1019 P1=1023 P2=   0 T1=1021 T2= 941  P= 581  D=  -1 
 X=1023 X2=1006  Y= 979 Y2=1020 P1=1023 P2=   0 T1=1023 T2= 927  P= 581  D=  -1 
target state=3 point=23,249
 X= 826 X2=1023  Y= 989 Y2=1019 P1=1023 P2=   0 T1=1023 T2= 879  P= 581  D=  -1 
 X= 957 X2=1023  Y= 975 Y2=1021 P1=1023 P2=   0 T1=1021 T2= 939  P= 581  D=  -1 
 X= 936 X2=1023  Y= 985 Y2=1023 P1=1023 P2=   0 T1=1023 T2= 932  P= 581  D=  -1 
 X= 940 X2=1021  Y= 980 Y2=1023 P1=1023 P2=   0 T1=1022 T2= 936  P= 581  D=  -1 
 X= 855 X2=1023  Y= 949 Y2=1023 P1=1023 P2=   0 T1=1023 T2= 933  P= 581  D=  -1 
 X= 970 X2=1022  Y= 977 Y2=1020 P1=1023 P2=   0 T1=1021 T2= 947  P= 581  D=  -1 
 X= 873 X2=1020  Y= 986 Y2=1021 P1=1023 P2=   0 T1=1020 T2= 944  P= 581  D=  -1 
 X= 924 X2=1022  Y= 981 Y2=1023 P1=1023 P2=   0 T1=1023 T2= 942  P= 581  D=  -1 
 X= 971 X2= 995  Y= 978 Y2=1023 P1=1023 P2=   0 T1=1023 T2= 941  P= 581  D=  -1 
 X=1023 X2=1010  Y= 991 Y2=1023 P1=1023 P2=   0 T1=1023 T2= 930  P= 581  D=  -1 
 X= 919 X2=1023  Y= 984 Y2=1020 P1=1023 P2=   0 T1=1020 T2= 942  P= 581  D=  -1 
 X= 911 X2=1023  Y= 978 Y2=1023 P1=1023 P2=   0 T1=1021 T2= 935  P= 581  D=  -1 
 X=1023 X2=1015  Y= 958 Y2=1023 P1=1023 P2=   0 T1=1020 T2= 942  P= 581  D=  -1 
 X= 924 X2=1023  Y= 986 Y2=1023 P1=1023 P2=   0 T1=1023 T2= 884  P= 581  D=  -1 
 X= 924 X2=1023  Y= 989 Y2=1021 P1=1023 P2=   0 T1=1019 T2= 885  P= 581  D=  -1 
 X= 992 X2=1010  Y= 989 Y2=1023 P1=1023 P2=   0 T1=1021 T2= 937  P= 581  D=  -1 
 X=1000 X2=1015  Y= 993 Y2=1020 P1=1023 P2=   0 T1=1020 T2= 949  P= 581  D=  -1 
 X= 948 X2=1023  Y= 981 Y2=1019 P1=1023 P2=   0 T1=1022 T2= 929  P= 581  D=  -1 
 X= 929 X2= 999  Y= 988 Y2=1023 P1=1023 P2=   0 T1=1023 T2= 936  P= 581  D=  -1 
 X= 979 X2=1009  Y= 986 Y2=1023 P1=1023 P2=   0 T1=1023 T2= 862  P= 581  D=  -1 
 X= 907 X2=1023  Y= 985 Y2=1020 P1=1023 P2=   0 T1=1023 T2= 902  P= 581  D=  -1 
 X= 902 X2=1023  Y= 990 Y2=1020 P1=1023 P2=   0 T1=1023 T2= 929  P= 581  D=  -1 
 X= 882 X2=1021  Y= 982 Y2=1023 P1=1023 P2=   0 T1=1021 T2= 936  P= 581  D=  -1 
 X= 835 X2=1023  Y= 989 Y2=1020 P1=1023 P2=   0 T1=1023 T2= 935  P= 581  D=  -1 
 X=1023 X2=1008  Y= 975 Y2=1020 P1=1023 P2=   0 T1=1023 T2= 928  P= 581  D=  -1 
 X= 995 X2=1009  Y= 986 Y2=1020 P1=1023 P2=   0 T1=1023 T2= 928  P= 581  D=  -1 
 X= 958 X2=1023  Y= 991 Y2=1020 P1=1023 P2=   0 T1=1023 T2= 933  P= 581  D=  -1 
 X= 949 X2=1023  Y= 994 Y2=1023 P1=1023 P2=   0 T1=1020 T2= 874  P= 581  D=  -1 
 X=1023 X2=1009  Y= 987 Y2=1020 P1=1023 P2=   0 T1=1021 T2= 936  P= 581  D=  -1 
 X= 904 X2=1023  Y= 992 Y2=1023 P1=1023 P2=   0 T1=1020 T2= 939  P= 581  D=  -1 
 X= 930 X2=1023  Y= 989 Y2=1023 P1=1023 P2=   0 T1=1020 T2= 938  P= 581  D=  -1 
 X= 867 X2=1019  Y= 979 Y2=1020 P1=1023 P2=   0 T1=1023 T2= 933  P= 581  D=  -1 
 X= 967 X2=1023  Y= 990 Y2=1021 P1=1023 P2=   0 T1=1023 T2= 923  P= 581  D=  -1 
 X= 872 X2=1023  Y= 987 Y2=1023 P1=1023 P2=   0 T1=1020 T2= 944  P= 581  D=  -1 
 X=1007 X2=1014  Y= 961 Y2=1023 P1=1023 P2=   0 T1=1020 T2= 936  P= 581  D=  -1 
 X= 995 X2=1018  Y= 987 Y2=1020 P1=1023 P2=   0 T1=1023 T2= 924  P= 581  D=  -1 
 X= 949 X2=1023  Y= 988 Y2=1021 P1=1023 P2=   0 T1=1021 T2= 943  P= 581  D=  -1 
 X= 972 X2= 999  Y= 987 Y2=1020 P1=1023 P2=   0 T1=1023 T2= 926  P= 581  D=  -1 
 X= 911 X2=1023  Y= 976 Y2=1021 P1=1023 P2=   0 T1=1023 T2= 919  P= 581  D=  -1 
 X= 912 X2=1023  Y= 989 Y2=1023 P1=1023 P2=   0 T1=1021 T2= 938  P= 581  D=  -1 
 X=1023 X2=1015  Y= 977 Y2=1020 P1=1023 P2=   0 T1=1018 T2= 935  P= 581  D=  -1 
 X= 951 X2=1021  Y= 989 Y2=1023 P1=1023 P2=   0 T1=1023 T2= 917  P= 581  D=  -1 
 X= 955 X2=1023  Y= 989 Y2=1021 P1=1023 P2=   0 T1=1020 T2= 940  P= 581  D=  -1 
 X=1023 X2=1008  Y= 956 Y2=1020 P1=1023 P2=   0 T1=1021 T2= 936  P= 581  D=  -1 
 X=1023 X2=1018  Y= 988 Y2=1023 P1=1023 P2=   0 T1=1023 T2= 923  P= 581  D=  -1 
 X= 932 X2=1023  Y= 983 Y2=1023 P1=1023 P2=   0 T1=1023 T2= 940  P= 581  D=  -1 
 X= 928 X2=1023  Y= 967 Y2=1023 P1=1023 P2=   0 T1=1020 T2= 937  P= 581  D=  -1 
 X=1002 X2=1023  Y=1001 Y2=1023 P1=1023 P2=   0 T1=1021 T2= 950  P= 581  D=  -1 
 X= 907 X2=1023  Y= 968 Y2=1020 P1=1023 P2=   0 T1=1023 T2= 956  P= 581  D=  -1 
 X= 924 X2=1023  Y= 978 Y2=1023 P1=1023 P2=   0 T1=1023 T2= 922  P= 581  D=  -1 
 X= 948 X2=1021  Y= 988 Y2=1021 P1=1023 P2=   0 T1=1023 T2= 945  P= 581  D=  -1 
 X= 940 X2=1020  Y= 983 Y2=1023 P1=1023 P2=   0 T1=1021 T2= 933  P= 581  D=  -1 
 X= 953 X2= 996  Y= 984 Y2=1023 P1=1023 P2=   0 T1=1023 T2= 955  P= 581  D=  -1 
 X= 977 X2=1023  Y= 991 Y2=1020 P1=1023 P2=   0 T1=1021 T2= 939  P= 581  D=  -1 
 X= 979 X2=1023  Y= 979 Y2=1020 P1=1023 P2=   0 T1=1020 T2= 942  P= 581  D=  -1 
 X= 958 X2=1023  Y= 989 Y2=1020 P1=1023 P2=   0 T1=1023 T2= 945  P= 581  D=  -1 
 X= 964 X2=1022  Y= 987 Y2=1023 P1=1023 P2=   0 T1=1020 T2= 929  P= 581  D=  -1 
 X= 964 X2=1023  Y= 985 Y2=1020 P1=1023 P2=   0 T1=1020 T2= 949  P= 581  D=  -1 
 X= 903 X2=1023  Y= 979 Y2=1021 P1=1023 P2=   0 T1=1023 T2= 928  P= 581  D=  -1 
 X=1023 X2=1011  Y= 987 Y2=1020 P1=1023 P2=   0 T1=1023 T2= 933  P= 581  D=  -1 
 X= 964 X2=1015  Y= 973 Y2=1022 P1=1023 P2=   0 T1=1021 T2= 939  P= 581  D=  -1 
 X= 841 X2=1023  Y= 983 Y2=1023 P1=1023 P2=   0 T1=1022 T2= 940  P= 581  D=  -1 
 X= 960 X2= 997  Y= 986 Y2=1019 P1=1023 P2=   0 T1=1020 T2= 947  P= 581  D=  -1 
 X= 863 X2=1023  Y= 991 Y2=1023 P1=1023 P2=   0 T1=1021 T2= 922  P= 581  D=  -1 
 X= 907 X2=1023  Y= 988 Y2=1023 P1=1023 P2=   0 T1=1021 T2= 931  P= 581  D=  -1 
 X= 961 X2=1009  Y= 998 Y2=1020 P1=1023 P2=   0 T1=1023 T2= 943  P= 581  D=  -1 
 X= 935 X2=1023  Y= 990 Y2=1023 P1=1023 P2=   0 T1=1023 T2= 892  P= 581  D=  -1 
 X= 798 X2=1023  Y= 990 Y2=1020 P1=1022 P2=   0 T1=1021 T2= 943  P= 581  D=  -1 
 X= 945 X2=1023  Y= 989 Y2=1023 P1=1023 P2=   0 T1=1023 T2= 938  P= 581  D=  -1 
 X=1012 X2=1010  Y= 978 Y2=1020 P1=1023 P2=   0 T1=1023 T2= 939  P= 581  D=  -1 
 X= 958 X2=1022  Y= 993 Y2=1023 P1=1023 P2=   0 T1=1020 T2= 933  P= 581  D=  -1 
 X= 933 X2=1001  Y= 980 Y2=1023 P1=1023 P2=   0 T1=1023 T2= 930  P= 581  D=  -1 
 X=1023 X2=1014  Y= 980 Y2=1019 P1=1023 P2=   0 T1=1020 T2= 929  P= 581  D=  -1 
 X= 918 X2=1023  Y= 979 Y2=1021 P1=1023 P2=   0 T1=1021 T2= 935  P= 581  D=  -1 
 X= 931 X2=1023  Y= 981 Y2=1021 P1=1023 P2=   0 T1=1021 T2= 943  P= 581  D=  -1 
 X=1023 X2=1005  Y= 990 Y2=1021 P1=1023 P2=   0 T1=1023 T2= 939  P= 581  D=  -1 
 X= 979 X2=1023  Y= 993 Y2=1023 P1=1023 P2=   0 T1=1021 T2= 922  P= 581  D=  -1 
 X= 804 X2=1023  Y= 971 Y2=1019 P1=1023 P2=   0 T1=1023 T2= 953  P= 581  D=  -1 
 X=1023 X2=1000  Y= 984 Y2=1019 P1=1023 P2=   0 T1=1019 T2= 933  P= 581  D=  -1 
 X= 970 X2=1015  Y= 983 Y2=1023 P1=1023 P2=   0 T1=1021 T2= 928  P= 581  D=  -1 
 X= 971 X2=1023  Y= 980 Y2=1023 P1=1023 P2=   0 T1=1023 T2= 930  P= 581  D=  -1 
 X=1023 X2=1008  Y= 977 Y2=1023 P1=1023 P2=   0 T1=1021 T2= 944  P= 581  D=  -1 
 X= 971 X2= 996  Y= 982 Y2=1023 P1=1023 P2=   0 T1=1020 T2= 938  P= 581  D=  -1 
 X= 848 X2=1023  Y= 979 Y2=1020 P1=1023 P2=   0 T1=1023 T2= 963  P= 581  D=  -1 
 X= 944 X2=1023  Y= 965 Y2=1023 P1=1023 P2=   0 T1=1020 T2= 937  P= 581  D=  -1 
 X= 975 X2=1017  Y= 990 Y2=1023 P1=1023 P2=   0 T1=1023 T2= 935  P= 581  D=  -1 
 X= 977 X2=1023  Y= 972 Y2=1023 P1=1023 P2=   0 T1=1023 T2= 925  P= 581  D=  -1 
 X=1023 X2=1008  Y= 979 Y2=1023 P1=1023 P2=   0 T1=1020 T2= 897  P= 581  D=  -1 
 X= 964 X2=1019  Y= 972 Y2=1023 P1=1023 P2=   0 T1=1023 T2= 979  P= 581  D=  -1 
 X= 952 X2=1023  Y= 983 Y2=1023 P1=1023 P2=   0 T1=1023 T2= 884  P= 581  D=  -1 
 X= 869 X2=1018  Y=1020 Y2=1021 P1=1023 P2=   0 T1=1023 T2=1019  P= 581  D=  -1 
 X= 895 X2=1023  Y= 983 Y2=1019 P1=1023 P2=   0 T1=1023 T2= 929  P= 581  D=  -1 
 X= 873 X2=1023  Y= 983 Y2=1020 P1=1023 P2=   0 T1=1023 T2= 948  P= 581  D=  -1 
 X= 940 X2=1023  Y= 977 Y2=1020 P1=1023 P2=   0 T1=1023 T2= 928  P= 581  D=  -1 
 X= 915 X2=1016  Y= 980 Y2=1023 P1=1023 P2=   0 T1=1023 T2= 938  P= 581  D=  -1 
 X= 869 X2=1018  Y= 981 Y2=1021 P1=1023 P2=   0 T1=1023 T2= 931  P= 581  D=  -1 
 X= 935 X2=1023  Y= 981 Y2=1023 P1=1023 P2=   0 T1=1023 T2= 927  P= 581  D=  -1 
 X=1023 X2=1016  Y= 981 Y2=1023 P1=1023 P2=   0 T1=1023 T2= 943  P= 581  D=  -1 
 X= 995 X2=1010  Y= 987 Y2=1022 P1=1023 P2=   0 T1=1023 T2= 946  P= 581  D=  -1 
 X= 952 X2=1023  Y= 990 Y2=1021 P1=1023 P2=   0 T1=1023 T2= 915  P= 581  D=  -1 
 X= 932 X2=1023  Y= 987 Y2=1023 P1=1023 P2=   0 T1=1023 T2= 929  P= 581  D=  -1 
 X= 938 X2=1023  Y= 989 Y2=1019 P1=1023 P2=   0 T1=1020 T2= 928  P= 581  D=  -1 
 X= 827 X2=1023  Y= 984 Y2=1023 P1=1023 P2=   0 T1=1018 T2= 940  P= 581  D=  -1 
 X= 950 X2=1019  Y= 978 Y2=1023 P1=1023 P2=   0 T1=1023 T2= 925  P= 581  D=  -1 
 X= 924 X2=1023  Y= 995 Y2=1020 P1=1023 P2=   0 T1=1023 T2= 957  P= 581  D=  -1 
 X= 957 X2=1023  Y= 985 Y2=1023 P1=1023 P2=   0 T1=1023 T2= 920  P= 581  D=  -1 
 X= 976 X2= 994  Y= 990 Y2=1023 P1=1023 P2=   0 T1=1021 T2= 934  P= 581  D=  -1 
 X=1012 X2=1006  Y= 985 Y2=1023 P1=1023 P2=   0 T1=1023 T2= 931  P= 581  D=  -1 
 X= 233 X2= 235  Y= 707 Y2= 702 P1= 839 P2= 228 T1=  22 T2=  22  P= 626  D=  -1 * 0
 X= 235 X2= 236  Y= 707 Y2= 702 P1= 854 P2= 209 T1=  25 T2=  23  P= 725  D=  -1 * 0
 X= 231 X2= 236  Y= 706 Y2= 702 P1= 838 P2= 229 T1=  20 T2=  23  P= 619  D=  -1 * 0
 X= 233 X2= 236  Y= 707 Y2= 703 P1= 840 P2= 227 T1=  21 T2=  24  P= 631  D=  -1 * 0
 X= 233 X2= 236  Y= 707 Y2= 702 P1= 841 P2= 227 T1=  22 T2=  21  P= 632  D=  -1 * 1
 X= 234 X2= 236  Y= 708 Y2= 703 P1= 838 P2= 229 T1=  22 T2=  22  P= 624  D=  -1 * 2
 X= 233 X2= 236  Y= 709 Y2= 703 P1= 838 P2= 229 T1=  22 T2=  24  P= 622  D=  -1 * 3
 X= 233 X2= 236  Y= 710 Y2= 703 P1= 838 P2= 229 T1=  22 T2=  22  P= 622  D=  -1 * 4
 X= 232 X2= 234  Y= 708 Y2= 703 P1= 838 P2= 231 T1=  22 T2=  21  P= 612  D=  -1 * 5
 X= 233 X2= 235  Y= 708 Y2= 703 P1= 837 P2= 230 T1=  21 T2=  22  P= 617  D=  -1 * 6
 X= 233 X2= 235  Y= 707 Y2= 703 P1= 838 P2= 230 T1=  22 T2=  22  P= 618  D=  -1 * 7
 X= 233 X2= 234  Y= 707 Y2= 703 P1= 838 P2= 230 T1=  23 T2=  22  P= 615  D=  -1 * 8
 X= 233 X2= 235  Y= 707 Y2= 703 P1= 838 P2= 230 T1=  22 T2=  23  P= 618  D=  -1 * 9
 X= 233 X2= 235  Y= 707 Y2= 692 P1= 839 P2= 229 T1=  22 T2=  22  P= 623  D=  -1 * 10
 X= 233 X2= 236  Y= 708 Y2= 703 P1= 838 P2= 228 T1=  22 T2=  23  P= 625  D=  -1 * 11
 X= 233 X2= 235  Y= 708 Y2= 703 P1= 839 P2= 228 T1=  22 T2=  21  P= 626  D=  -1 * 12
 X= 233 X2= 235  Y= 707 Y2= 703 P1= 839 P2= 228 T1=  22 T2=  22  P= 626  D=  -1 * 13
 X= 233 X2= 235  Y= 707 Y2= 705 P1= 838 P2= 229 T1=  25 T2=  22  P= 622  D=  -1 * 14
 X= 233 X2= 235  Y= 707 Y2= 703 P1= 838 P2= 229 T1=  21 T2=  22  P= 622  D=  -1 * 15
 X= 232 X2= 234  Y= 707 Y2= 703 P1= 838 P2= 228 T1=  21 T2=  21  P= 623  D=  -1 * 16
 X= 233 X2= 235  Y= 707 Y2= 703 P1= 838 P2= 229 T1=  22 T2=  22  P= 622  D=  -1 * 17
 X= 233 X2= 236  Y= 708 Y2= 703 P1= 838 P2= 229 T1=  22 T2=  22  P= 622  D=  -1 * 18
 X= 233 X2= 236  Y= 708 Y2= 702 P1= 838 P2= 229 T1=  20 T2=  21  P= 622  D=  -1 * 19
 X= 232 X2= 235  Y= 707 Y2= 703 P1= 838 P2= 229 T1=  22 T2=  22  P= 619  D=  -1 * 20
 X= 232 X2= 235  Y= 707 Y2= 704 P1= 838 P2= 229 T1=  21 T2=  21  P= 619  D=  -1 * 21
 X= 233 X2= 235  Y= 707 Y2= 703 P1= 838 P2= 229 T1=  21 T2=  22  P= 622  D=  -1 * 22
 X= 233 X2= 235  Y= 707 Y2= 703 P1= 837 P2= 229 T1=  22 T2=  21  P= 621  D=  -1 * 23
 X= 233 X2= 235  Y= 707 Y2= 703 P1= 838 P2= 230 T1=  23 T2=  22  P= 618  D=  -1 * 24
Remove Pin
 X= 232 X2= 237  Y= 708 Y2= 703 P1= 837 P2= 229 T1=  22 T2=  22  P= 621  D=  -1 * 24
 X= 232 X2= 235  Y= 709 Y2= 702 P1= 837 P2= 230 T1=  22 T2=  20  P= 614  D=  -1 * 24
 X= 231 X2= 235  Y= 706 Y2= 702 P1= 838 P2= 230 T1=  22 T2=  22  P= 615  D=  -1 * 24
 X= 232 X2= 235  Y= 707 Y2= 703 P1= 837 P2= 230 T1=  22 T2=  22  P= 614  D=  -1 * 24
 X= 232 X2= 234  Y= 707 Y2= 703 P1= 838 P2= 229 T1=  22 T2=  22  P= 619  D=  -1 * 24
 X= 234 X2= 234  Y= 705 Y2= 703 P1= 837 P2= 230 T1=  22 T2=  22  P= 617  D=  -1 * 24
 X= 237 X2= 235  Y= 707 Y2= 702 P1= 838 P2= 230 T1=  22 T2=  22  P= 623  D=  -1 * 24
 X= 232 X2= 235  Y= 708 Y2= 703 P1= 838 P2= 230 T1=  22 T2=  21  P= 615  D=  -1 * 24
 X= 233 X2= 235  Y= 706 Y2= 702 P1= 837 P2= 229 T1=  22 T2=  23  P= 621  D=  -1 * 24
 X= 233 X2= 235  Y= 707 Y2= 702 P1= 837 P2= 230 T1=  22 T2=  22  P= 617  D=  -1 * 24
 X= 233 X2= 235  Y= 707 Y2= 703 P1= 837 P2= 230 T1=  22 T2=  22  P= 617  D=  -1 * 24
 X= 232 X2= 236  Y= 708 Y2= 703 P1= 838 P2= 230 T1=  22 T2=  22  P= 618  D=  -1 * 24
 X= 233 X2= 235  Y= 708 Y2= 703 P1= 837 P2= 229 T1=  22 T2=  22  P= 621  D=  -1 * 24
 X= 233 X2= 235  Y= 707 Y2= 703 P1= 837 P2= 230 T1=  22 T2=  22  P= 617  D=  -1 * 24
 X= 232 X2= 235  Y= 707 Y2= 703 P1= 838 P2= 230 T1=  22 T2=  22  P= 615  D=  -1 * 24
 X= 234 X2= 235  Y= 708 Y2= 703 P1= 837 P2= 230 T1=  22 T2=  21  P= 617  D=  -1 * 24
 X= 233 X2= 234  Y= 707 Y2= 702 P1= 837 P2= 230 T1=  21 T2=  21  P= 614  D=  -1 * 24
 X= 233 X2= 235  Y= 707 Y2= 701 P1= 837 P2= 230 T1=  22 T2=  21  P= 617  D=  -1 * 24
 X= 233 X2= 234  Y= 707 Y2= 703 P1= 838 P2= 230 T1=  23 T2=  22  P= 615  D=  -1 * 24
 X= 233 X2= 235  Y= 706 Y2= 703 P1= 838 P2= 230 T1=  23 T2=  22  P= 618  D=  -1 * 24
 X= 233 X2= 234  Y= 707 Y2= 703 P1= 838 P2= 230 T1=  21 T2=  22  P= 615  D=  -1 * 24
 X= 236 X2= 236  Y= 707 Y2= 703 P1= 837 P2= 230 T1=  21 T2=  22  P= 622  D=  -1 * 24
 X= 232 X2= 235  Y= 707 Y2= 702 P1= 836 P2= 230 T1=  22 T2=  22  P= 613  D=  -1 * 24
 X= 233 X2= 234  Y= 707 Y2= 703 P1= 837 P2= 231 T1=  22 T2=  22  P= 611  D=  -1 * 24
 X= 235 X2= 237  Y= 707 Y2= 703 P1= 859 P2= 202 T1=  24 T2=  25  P= 767  D=  -1 * 24
 X= 870 X2=1018  Y= 982 Y2=1020 P1=1023 P2=   0 T1=1020 T2= 932  P= 767  D=  -1 
 X= 889 X2=1023  Y= 987 Y2=1021 P1=1023 P2=   0 T1=1023 T2= 933  P= 767  D=  -1 
 X=1023 X2=1016  Y= 974 Y2=1020 P1=1023 P2=   0 T1=1020 T2= 884  P= 767  D=  -1 
Target Noise  x= 2.50 y= 2.50
X[0]: Target= 23   231/ 232/ 233 Stdev= 0.54 N= 24  Y[0]: Target= 22   323/ 324/ 325 Stdev= 0.46 N= 24
X[1]: Target=456   808/ 809/ 811 Stdev= 0.69 N= 24  Y[1]: Target= 22   327/ 328/ 329 Stdev= 0.34 N= 24
X[2]: Target=456   807/ 808/ 809 Stdev= 0.56 N= 24  Y[2]: Target=249   708/ 710/ 712 Stdev= 1.13 N= 24
X[3]: Target= 23   233/ 234/ 235 Stdev= 0.46 N= 24  Y[3]: Target=249   699/ 705/ 706 Stdev= 1.25 N= 24
N=24 Avg=21
min: 20 20 20 20 20 21 
max: 22 22 22 22 22 21 
N=24 Avg=13
min: 13 13 13 13 13 13 
max: 14 14 14 14 14 14 
N=24 Avg=13
min: 12 13 13 13 13 13 
max: 14 14 14 14 14 13 
N=24 Avg=21
min: 20 21 21 21 21 21 
max: 23 23 22 22 22 22 
Using TNT center offset = 18
TNT Plane Coef: a= -909 b=    0 c= 441017
At  232, 323: Real=  21 Fit=  22 Offset=   4
At  809, 327: Real=  14 Fit=  15 Offset=  -3
At  808, 709: Real=  13 Fit=  15 Offset=  -3
At  233, 704: Real=  22 Fit=  21 Offset=   3
Fit Corners: 25, 12, 12, 25  Center: 18
Setting for min_tnt_up:   521
Setting for max_tnt_down: 23 (V2:34)
Entering calib_pressure_mfg
Using default pressure curve
468 471 487 495 509 524 553 575 612 
Summary:
Setting for max_tnt_down:      23
3.7 setting for max_tnt_down:     -1
Setting for min_tnt_up:       521
Setting for max_delta_tnt:      5
3.8 setting for max_delta_tnt:     -1
Setting for delay_in_us:        1
Setting for y_delay_in_us:      1
Setting for tnt_delay_in_us:    1
Setting for pressure_curve:  468 471 487 495 509 524 553 575 612
Setting for tnt_mode:           1
Setting for averaging:         -1
Setting for pointercal:      49181 -129 -9861036 -270 39047 -11107619 65536
Setting for tnt_plane:       -909 0 441017
