new-calib: New touch screen calibration program v3.13
Serial Number='15061E00010B06020114'
Using tnt_mode=1
Setting for delay_in_us:        1
Setting for y_delay_in_us:      1
Setting for tnt_delay_in_us:    1
Setting for max_delta_tnt:      5
Setting for tnt_mode:           1
Setting for averaging:         -1
Entering get_five_points
target_noise  x= 2.50 y= 2.50 t= 2.50
target state=0 point=240,136
 X= 942 X2=1005  Y= 993 Y2=1020 P1=1023 P2=  -1 T1=1021 T2= 932  P= 600  D=   1 
 X= 960 X2=1021  Y= 990 Y2=1023 P1=1023 P2=  -1 T1=1023 T2= 930  P= 600  D=   1 
 X= 976 X2=1009  Y= 957 Y2=1018 P1=1023 P2=  -1 T1=1023 T2= 929  P= 600  D=   1 
 X=1014 X2= 998  Y= 953 Y2=1023 P1=1023 P2=  -1 T1=1023 T2= 942  P= 600  D=   1 
 X=1023 X2=1022  Y= 976 Y2=1023 P1=1023 P2=  -1 T1=1021 T2= 922  P= 600  D=   1 
 X= 950 X2=1023  Y= 975 Y2=1019 P1=1023 P2=  -1 T1=1023 T2= 923  P= 600  D=   1 
 X= 976 X2=1023  Y= 965 Y2=1023 P1=1022 P2=  -1 T1=1023 T2= 927  P= 600  D=   1 
 X= 801 X2=1023  Y= 978 Y2=1020 P1=1023 P2=  -1 T1=1023 T2= 935  P= 600  D=   1 
 X= 946 X2=1023  Y= 950 Y2=1020 P1=1023 P2=  -1 T1=1021 T2= 930  P= 600  D=   1 
 X=1021 X2=1014  Y= 985 Y2=1019 P1=1023 P2=  -1 T1=1022 T2= 928  P= 600  D=   1 
 X= 983 X2= 992  Y= 982 Y2=1020 P1=1023 P2=  -1 T1=1023 T2= 926  P= 600  D=   1 
 X= 870 X2=1019  Y= 986 Y2=1020 P1=1023 P2=  -1 T1=1023 T2= 935  P= 600  D=   1 
 X= 939 X2=1023  Y= 962 Y2=1023 P1=1023 P2=  -1 T1=1021 T2= 932  P= 600  D=   1 
 X=1023 X2=1004  Y= 959 Y2=1020 P1=1023 P2=  -1 T1=1022 T2= 932  P= 600  D=   1 
 X= 898 X2=1023  Y= 986 Y2=1023 P1=1023 P2=  -1 T1=1020 T2= 945  P= 600  D=   1 
 X= 998 X2=1023  Y= 991 Y2=1020 P1=1023 P2=  -1 T1=1023 T2= 939  P= 600  D=   1 
 X= 852 X2=1023  Y= 974 Y2=1023 P1=1023 P2=  -1 T1=1023 T2= 945  P= 600  D=   1 
 X= 887 X2=1023  Y= 962 Y2=1019 P1=1023 P2=  -1 T1=1019 T2= 929  P= 600  D=   1 
 X= 854 X2=1023  Y= 983 Y2=1023 P1=1023 P2=  -1 T1=1022 T2= 928  P= 600  D=   1 
 X= 985 X2= 995  Y= 960 Y2=1023 P1=1023 P2=  -1 T1=1022 T2= 903  P= 600  D=   1 
 X= 962 X2=1015  Y= 975 Y2=1020 P1=1023 P2=  -1 T1=1023 T2= 937  P= 600  D=   1 
 X=1023 X2=1009  Y= 992 Y2=1020 P1=1023 P2=  -1 T1=1020 T2= 940  P= 600  D=   1 
 X=1023 X2=1005  Y= 988 Y2=1021 P1=1023 P2=  -1 T1=1023 T2= 915  P= 600  D=   1 
 X= 937 X2=1023  Y= 949 Y2=1023 P1=1023 P2=  -1 T1=1023 T2= 934  P= 600  D=   1 
 X= 902 X2=1023  Y= 984 Y2=1020 P1=1023 P2=  -1 T1=1023 T2= 923  P= 600  D=   1 
 X= 947 X2=1023  Y= 978 Y2=1023 P1=1023 P2=  -1 T1=1021 T2= 916  P= 600  D=   1 
 X= 917 X2=1021  Y= 979 Y2=1020 P1=1023 P2=  -1 T1=1020 T2= 937  P= 600  D=   1 
 X= 952 X2=1020  Y= 988 Y2=1023 P1=1023 P2=  -1 T1=1021 T2= 941  P= 600  D=   1 
 X=1014 X2= 993  Y= 992 Y2=1020 P1=1023 P2=  -1 T1=1022 T2= 911  P= 600  D=   1 
 X= 974 X2=1014  Y= 981 Y2=1020 P1=1023 P2=  -1 T1=1023 T2= 883  P= 600  D=   1 
 X= 877 X2=1023  Y= 986 Y2=1023 P1=1023 P2=  -1 T1=1021 T2= 924  P= 600  D=   1 
 X= 956 X2=1023  Y=1019 Y2=1023 P1=1023 P2=  -1 T1=1023 T2= 934  P= 600  D=   1 
 X= 939 X2=1022  Y= 977 Y2=1021 P1=1023 P2=  -1 T1=1023 T2= 918  P= 600  D=   1 
 X= 820 X2=1023  Y= 983 Y2=1023 P1=1023 P2=  -1 T1=1020 T2= 939  P= 600  D=   1 
 X= 921 X2=1023  Y= 970 Y2=1022 P1=1023 P2=  -1 T1=1021 T2= 943  P= 600  D=   1 
 X= 869 X2=1019  Y= 982 Y2=1023 P1=1023 P2=  -1 T1=1020 T2= 927  P= 600  D=   1 
 X= 968 X2=1023  Y= 990 Y2=1023 P1=1023 P2=  -1 T1=1020 T2= 916  P= 600  D=   1 
 X=1023 X2= 998  Y= 985 Y2=1020 P1=1023 P2=  -1 T1=1023 T2= 930  P= 600  D=   1 
 X=1023 X2=1010  Y= 986 Y2=1023 P1=1023 P2=  -1 T1=1023 T2= 890  P= 600  D=   1 
 X= 930 X2=1023  Y= 991 Y2=1023 P1=1023 P2=  -1 T1=1023 T2= 915  P= 600  D=   1 
 X= 968 X2=1019  Y= 978 Y2=1020 P1=1023 P2=  -1 T1=1021 T2= 923  P= 600  D=   1 
 X= 969 X2= 997  Y= 983 Y2=1021 P1=1023 P2=  -1 T1=1023 T2= 922  P= 600  D=   1 
 X= 838 X2=1023  Y= 975 Y2=1023 P1=1023 P2=  -1 T1=1021 T2= 937  P= 600  D=   1 
 X= 822 X2=1023  Y= 989 Y2=1020 P1=1023 P2=  -1 T1=1019 T2= 931  P= 600  D=   1 
 X= 987 X2=1000  Y= 958 Y2=1020 P1=1023 P2=  -1 T1=1023 T2= 946  P= 600  D=   1 
 X= 893 X2=1018  Y= 982 Y2=1019 P1=1023 P2=  -1 T1=1021 T2= 941  P= 600  D=   1 
 X= 963 X2=1021  Y= 984 Y2=1023 P1=1023 P2=  -1 T1=1023 T2= 923  P= 600  D=   1 
 X=1023 X2=1013  Y= 973 Y2=1020 P1=1023 P2=  -1 T1=1023 T2= 955  P= 600  D=   1 
 X=1013 X2=1005  Y= 982 Y2=1023 P1=1023 P2=  -1 T1=1021 T2= 941  P= 600  D=   1 
 X= 979 X2=1023  Y= 988 Y2=1019 P1=1023 P2=  -1 T1=1023 T2= 944  P= 600  D=   1 
 X= 940 X2=1020  Y= 988 Y2=1020 P1=1023 P2=  -1 T1=1023 T2= 942  P= 600  D=   1 
 X= 938 X2=1019  Y= 993 Y2=1020 P1=1023 P2=  -1 T1=1021 T2= 931  P= 600  D=   1 
 X= 929 X2=1023  Y= 982 Y2=1023 P1=1023 P2=  -1 T1=1023 T2= 925  P= 600  D=   1 
 X=1003 X2=1008  Y= 979 Y2=1023 P1=1023 P2=  -1 T1=1021 T2= 911  P= 600  D=   1 
 X= 980 X2=1005  Y= 979 Y2=1023 P1=1023 P2=  -1 T1=1023 T2= 926  P= 600  D=   1 
 X= 881 X2=1019  Y= 956 Y2=1020 P1=1023 P2=  -1 T1=1023 T2= 912  P= 600  D=   1 
 X=1009 X2=1007  Y= 984 Y2=1020 P1=1023 P2=  -1 T1=1020 T2= 939  P= 600  D=   1 
 X=1012 X2= 995  Y= 972 Y2=1023 P1=1023 P2=  -1 T1=1023 T2= 953  P= 600  D=   1 
 X= 837 X2=1023  Y= 989 Y2=1023 P1=1023 P2=  -1 T1=1023 T2= 932  P= 600  D=   1 
 X= 941 X2=1023  Y= 985 Y2=1023 P1=1023 P2=  -1 T1=1023 T2= 947  P= 600  D=   1 
 X= 950 X2=1014  Y= 977 Y2=1023 P1=1023 P2=  -1 T1=1020 T2= 937  P= 600  D=   1 
 X= 864 X2=1023  Y= 981 Y2=1023 P1=1023 P2=  -1 T1=1023 T2= 908  P= 600  D=   1 
 X= 888 X2=1023  Y= 985 Y2=1020 P1=1023 P2=  -1 T1=1022 T2= 926  P= 600  D=   1 
 X= 871 X2=1020  Y= 981 Y2=1021 P1=1023 P2=  -1 T1=1023 T2= 933  P= 600  D=   1 
 X= 994 X2=1015  Y= 979 Y2=1023 P1=1023 P2=  -1 T1=1020 T2= 931  P= 600  D=   1 
 X=1023 X2=1014  Y= 970 Y2=1021 P1=1023 P2=  -1 T1=1023 T2= 934  P= 600  D=   1 
 X= 931 X2= 989  Y= 968 Y2=1020 P1=1023 P2=  -1 T1=1023 T2= 931  P= 600  D=   1 
 X= 893 X2=1021  Y= 983 Y2=1019 P1=1023 P2=  -1 T1=1021 T2= 931  P= 600  D=   1 
 X= 932 X2=1023  Y= 984 Y2=1023 P1=1023 P2=  -1 T1=1023 T2= 922  P= 600  D=   1 
 X= 921 X2=1023  Y= 993 Y2=1023 P1=1023 P2=  -1 T1=1020 T2= 944  P= 600  D=   1 
 X= 949 X2=1023  Y= 990 Y2=1023 P1=1023 P2=  -1 T1=1023 T2= 929  P= 600  D=   1 
 X= 896 X2=1023  Y= 988 Y2=1023 P1=1023 P2=  -1 T1=1023 T2= 931  P= 600  D=   1 
 X=1011 X2=1017  Y= 975 Y2=1021 P1=1023 P2=  -1 T1=1023 T2= 935  P= 600  D=   1 
 X= 969 X2=1017  Y= 991 Y2=1023 P1=1023 P2=  -1 T1=1023 T2= 923  P= 600  D=   1 
 X= 876 X2=1023  Y= 981 Y2=1020 P1=1023 P2=  -1 T1=1023 T2= 909  P= 600  D=   1 
 X= 964 X2=1023  Y= 992 Y2=1023 P1=1023 P2=  -1 T1=1023 T2= 920  P= 600  D=   1 
 X= 970 X2= 996  Y= 985 Y2=1023 P1=1023 P2=  -1 T1=1020 T2= 917  P= 600  D=   1 
 X= 932 X2=1023  Y= 995 Y2=1022 P1=1023 P2=  -1 T1=1023 T2= 928  P= 600  D=   1 
 X= 976 X2=1023  Y= 978 Y2=1023 P1=1023 P2=  -1 T1=1020 T2= 940  P= 600  D=   1 
 X= 941 X2=1015  Y= 986 Y2=1023 P1=1023 P2=  -1 T1=1020 T2= 933  P= 600  D=   1 
 X= 881 X2=1023  Y= 981 Y2=1020 P1=1023 P2=  -1 T1=1023 T2= 924  P= 600  D=   1 
 X= 953 X2=1023  Y= 956 Y2=1020 P1=1023 P2=  -1 T1=1021 T2= 939  P= 600  D=   1 
 X=1019 X2= 997  Y= 985 Y2=1020 P1=1023 P2=  -1 T1=1021 T2= 889  P= 600  D=   1 
 X= 871 X2=1020  Y= 990 Y2=1020 P1=1023 P2=  -1 T1=1021 T2= 931  P= 600  D=   1 
 X= 946 X2=1001  Y= 967 Y2=1023 P1=1023 P2=  -1 T1=1021 T2= 924  P= 600  D=   1 
 X= 943 X2=1023  Y= 990 Y2=1023 P1=1023 P2=  -1 T1=1021 T2= 928  P= 600  D=   1 
 X= 910 X2=1022  Y= 987 Y2=1020 P1=1023 P2=  -1 T1=1023 T2= 933  P= 600  D=   1 
 X= 921 X2=1023  Y= 998 Y2=1022 P1=1023 P2=  -1 T1=1021 T2= 935  P= 600  D=   1 
 X= 996 X2= 998  Y= 983 Y2=1023 P1=1023 P2=  -1 T1=1022 T2= 933  P= 600  D=   1 
 X= 989 X2=1004  Y= 975 Y2=1023 P1=1023 P2=  -1 T1=1023 T2= 946  P= 600  D=   1 
 X= 947 X2=1023  Y= 975 Y2=1023 P1=1023 P2=  -1 T1=1021 T2= 901  P= 600  D=   1 
 X=1007 X2= 999  Y= 981 Y2=1020 P1=1023 P2=  -1 T1=1020 T2= 934  P= 600  D=   1 
 X=1021 X2=1015  Y= 979 Y2=1022 P1=1023 P2=  -1 T1=1020 T2= 890  P= 600  D=   1 
 X= 886 X2=1023  Y= 990 Y2=1023 P1=1023 P2=  -1 T1=1023 T2= 893  P= 600  D=   1 
 X= 937 X2=1023  Y= 989 Y2=1023 P1=1023 P2=  -1 T1=1020 T2= 925  P= 600  D=   1 
 X= 972 X2=1023  Y= 987 Y2=1020 P1=1023 P2=  -1 T1=1020 T2= 931  P= 600  D=   1 
 X= 805 X2=1023  Y= 991 Y2=1019 P1=1023 P2=  -1 T1=1022 T2= 948  P= 600  D=   1 
 X=1023 X2=1015  Y= 981 Y2=1022 P1=1023 P2=  -1 T1=1021 T2= 938  P= 600  D=   1 
 X=1009 X2=1023  Y=1017 Y2=1023 P1=1023 P2=  -1 T1=1020 T2=1018  P= 600  D=   1 
 X= 937 X2=1023  Y= 958 Y2=1023 P1=1023 P2=  -1 T1=1023 T2= 923  P= 600  D=   1 
 X=1023 X2=1008  Y= 986 Y2=1019 P1=1023 P2=  -1 T1=1021 T2= 937  P= 600  D=   1 
 X=1020 X2= 992  Y= 991 Y2=1023 P1=1023 P2=  -1 T1=1023 T2= 932  P= 600  D=   1 
 X= 909 X2=1023  Y= 989 Y2=1023 P1=1023 P2=  -1 T1=1023 T2= 922  P= 600  D=   1 
 X= 921 X2=1023  Y= 981 Y2=1020 P1=1023 P2=  -1 T1=1021 T2= 951  P= 600  D=   1 
 X= 950 X2=1022  Y= 961 Y2=1023 P1=1023 P2=  -1 T1=1021 T2= 937  P= 600  D=   1 
 X= 886 X2=1023  Y= 971 Y2=1023 P1=1023 P2=  -1 T1=1023 T2= 943  P= 600  D=   1 
 X= 930 X2=1023  Y= 981 Y2=1020 P1=1023 P2=  -1 T1=1020 T2= 936  P= 600  D=   1 
 X=1004 X2= 992  Y= 979 Y2=1020 P1=1023 P2=  -1 T1=1023 T2= 941  P= 600  D=   1 
 X= 875 X2=1020  Y= 978 Y2=1023 P1=1023 P2=  -1 T1=1023 T2= 926  P= 600  D=   1 
 X= 944 X2=1022  Y= 982 Y2=1022 P1=1023 P2=  -1 T1=1019 T2= 935  P= 600  D=   1 
 X= 935 X2= 982  Y= 982 Y2=1021 P1=1023 P2=  -1 T1=1023 T2= 890  P= 600  D=   1 
 X=1023 X2=1015  Y= 985 Y2=1023 P1=1023 P2=  -1 T1=1023 T2= 923  P= 600  D=   1 
 X= 957 X2=1023  Y= 981 Y2=1023 P1=1023 P2=  -1 T1=1021 T2= 932  P= 600  D=   1 
 X= 947 X2=1023  Y= 979 Y2=1023 P1=1023 P2=  -1 T1=1019 T2= 938  P= 600  D=   1 
 X= 900 X2=1018  Y= 979 Y2=1020 P1=1023 P2=  -1 T1=1020 T2= 925  P= 600  D=   1 
 X= 896 X2=1023  Y= 984 Y2=1021 P1=1023 P2=  -1 T1=1023 T2= 898  P= 600  D=   1 
 X= 855 X2=1023  Y= 987 Y2=1023 P1=1023 P2=  -1 T1=1023 T2= 929  P= 600  D=   1 
 X= 887 X2=1017  Y= 988 Y2=1023 P1=1023 P2=  -1 T1=1020 T2= 918  P= 600  D=   1 
 X= 913 X2=1021  Y= 988 Y2=1023 P1=1023 P2=  -1 T1=1020 T2= 926  P= 600  D=   1 
 X=1022 X2= 999  Y= 987 Y2=1023 P1=1023 P2=  -1 T1=1023 T2= 922  P= 600  D=   1 
 X=1023 X2=1010  Y= 971 Y2=1023 P1=1023 P2=  -1 T1=1021 T2= 933  P= 600  D=   1 
 X= 825 X2=1023  Y= 948 Y2=1020 P1=1023 P2=  -1 T1=1023 T2= 921  P= 600  D=   1 
 X= 848 X2=1023  Y= 976 Y2=1023 P1=1023 P2=  -1 T1=1023 T2= 944  P= 600  D=   1 
 X= 880 X2=1018  Y= 982 Y2=1021 P1=1023 P2=  -1 T1=1023 T2= 915  P= 600  D=   1 
 X= 965 X2=1023  Y= 975 Y2=1021 P1=1023 P2=  -1 T1=1020 T2= 919  P= 600  D=   1 
 X= 815 X2=1023  Y= 959 Y2=1021 P1=1023 P2=  -1 T1=1021 T2= 929  P= 600  D=   1 
 X=1005 X2=1007  Y= 989 Y2=1023 P1=1023 P2=  -1 T1=1020 T2= 938  P= 600  D=   1 
 X= 992 X2=1009  Y= 960 Y2=1023 P1=1023 P2=  -1 T1=1023 T2= 948  P= 600  D=   1 
 X= 946 X2=1023  Y= 993 Y2=1020 P1=1023 P2=  -1 T1=1023 T2= 933  P= 600  D=   1 
 X= 978 X2=1021  Y= 987 Y2=1019 P1=1023 P2=  -1 T1=1023 T2= 927  P= 600  D=   1 
 X= 927 X2=1023  Y= 989 Y2=1020 P1=1023 P2=  -1 T1=1021 T2= 925  P= 600  D=   1 
 X= 798 X2=1023  Y= 960 Y2=1021 P1=1023 P2=  -1 T1=1023 T2= 940  P= 600  D=   1 
 X= 934 X2=1023  Y= 977 Y2=1020 P1=1023 P2=  -1 T1=1021 T2= 934  P= 600  D=   1 
 X= 946 X2=1023  Y= 989 Y2=1023 P1=1023 P2=  -1 T1=1023 T2= 930  P= 600  D=   1 
 X= 967 X2=1021  Y= 967 Y2=1023 P1=1023 P2=  -1 T1=1020 T2= 933  P= 600  D=   1 
 X=1023 X2=1008  Y= 977 Y2=1019 P1=1023 P2=  -1 T1=1020 T2= 928  P= 600  D=   1 
 X=1021 X2=1015  Y= 982 Y2=1021 P1=1023 P2=  -1 T1=1021 T2= 891  P= 600  D=   1 
 X= 891 X2=1023  Y= 975 Y2=1023 P1=1023 P2=  -1 T1=1023 T2= 945  P= 600  D=   1 
 X= 958 X2=1023  Y= 976 Y2=1023 P1=1023 P2=  -1 T1=1023 T2= 928  P= 600  D=   1 
 X= 971 X2= 985  Y= 975 Y2=1023 P1=1023 P2=  -1 T1=1023 T2= 915  P= 600  D=   1 
 X= 980 X2=1015  Y= 981 Y2=1021 P1=1023 P2=  -1 T1=1023 T2= 915  P= 600  D=   1 
 X= 888 X2=1023  Y= 971 Y2=1023 P1=1023 P2=  -1 T1=1023 T2= 934  P= 600  D=   1 
 X=1010 X2= 997  Y= 977 Y2=1023 P1=1023 P2=  -1 T1=1023 T2= 920  P= 600  D=   1 
 X= 962 X2=1019  Y= 986 Y2=1019 P1=1023 P2=  -1 T1=1023 T2= 929  P= 600  D=   1 
 X= 931 X2=1022  Y= 977 Y2=1023 P1=1023 P2=  -1 T1=1022 T2= 941  P= 600  D=   1 
 X=1023 X2=1009  Y= 971 Y2=1020 P1=1023 P2=  -1 T1=1021 T2= 867  P= 600  D=   1 
 X=1012 X2=1022  Y= 963 Y2=1023 P1=1023 P2=  -1 T1=1023 T2= 929  P= 600  D=   1 
 X= 877 X2=1018  Y= 954 Y2=1023 P1=1022 P2=  -1 T1=1023 T2= 915  P= 600  D=   1 
 X= 971 X2=1023  Y= 977 Y2=1023 P1=1023 P2=  -1 T1=1021 T2= 939  P= 600  D=   1 
 X= 912 X2=1021  Y= 983 Y2=1023 P1=1023 P2=  -1 T1=1020 T2= 944  P= 600  D=   1 
 X= 918 X2=1023  Y= 984 Y2=1023 P1=1023 P2=  -1 T1=1023 T2= 932  P= 600  D=   1 
 X=1021 X2=1011  Y= 992 Y2=1020 P1=1023 P2=  -1 T1=1020 T2= 929  P= 600  D=   1 
 X= 908 X2=1015  Y= 972 Y2=1020 P1=1023 P2=  -1 T1=1018 T2= 945  P= 600  D=   1 
 X= 972 X2= 986  Y= 992 Y2=1020 P1=1023 P2=  -1 T1=1023 T2= 924  P= 600  D=   1 
 X=1016 X2=1000  Y= 988 Y2=1023 P1=1023 P2=  -1 T1=1020 T2= 928  P= 600  D=   1 
 X=1023 X2=1003  Y= 976 Y2=1023 P1=1023 P2=  -1 T1=1023 T2= 954  P= 600  D=   1 
 X= 911 X2=1023  Y= 970 Y2=1023 P1=1023 P2=  -1 T1=1023 T2= 922  P= 600  D=   1 
 X= 932 X2=1023  Y= 994 Y2=1023 P1=1023 P2=  -1 T1=1022 T2= 928  P= 600  D=   1 
 X= 868 X2=1017  Y= 985 Y2=1020 P1=1023 P2=  -1 T1=1023 T2= 924  P= 600  D=   1 
 X= 835 X2=1023  Y= 979 Y2=1023 P1=1023 P2=  -1 T1=1020 T2= 923  P= 600  D=   1 
 X=1021 X2=1014  Y= 979 Y2=1020 P1=1023 P2=  -1 T1=1020 T2= 912  P= 600  D=   1 
 X= 909 X2=1021  Y= 989 Y2=1019 P1=1023 P2=  -1 T1=1018 T2= 920  P= 600  D=   1 
 X= 963 X2=1010  Y= 948 Y2=1021 P1=1023 P2=  -1 T1=1022 T2= 931  P= 600  D=   1 
 X= 969 X2=1021  Y= 974 Y2=1023 P1=1023 P2=  -1 T1=1021 T2= 919  P= 600  D=   1 
 X=1014 X2=1007  Y= 982 Y2=1023 P1=1023 P2=  -1 T1=1021 T2= 914  P= 600  D=   1 
 X= 933 X2=1023  Y= 972 Y2=1020 P1=1023 P2=  -1 T1=1021 T2= 908  P= 600  D=   1 
 X= 951 X2=1023  Y= 975 Y2=1020 P1=1023 P2=  -1 T1=1020 T2= 930  P= 600  D=   1 
 X= 909 X2=1023  Y= 974 Y2=1022 P1=1023 P2=  -1 T1=1023 T2= 919  P= 600  D=   1 
 X= 869 X2=1023  Y= 981 Y2=1020 P1=1023 P2=  -1 T1=1020 T2= 925  P= 600  D=   1 
 X= 884 X2=1023  Y= 976 Y2=1023 P1=1023 P2=  -1 T1=1023 T2= 930  P= 600  D=   1 
 X= 982 X2=1014  Y= 997 Y2=1020 P1=1023 P2=  -1 T1=1020 T2= 941  P= 600  D=   1 
 X= 823 X2=1019  Y= 991 Y2=1020 P1=1023 P2=  -1 T1=1020 T2= 930  P= 600  D=   1 
 X= 915 X2=1023  Y= 989 Y2=1020 P1=1023 P2=  -1 T1=1021 T2= 917  P= 600  D=   1 
 X=1023 X2=1007  Y= 978 Y2=1023 P1=1023 P2=  -1 T1=1023 T2= 935  P= 600  D=   1 
 X= 821 X2=1023  Y= 975 Y2=1020 P1=1023 P2=  -1 T1=1021 T2= 912  P= 600  D=   1 
 X= 931 X2=1023  Y= 974 Y2=1020 P1=1023 P2=  -1 T1=1019 T2= 944  P= 600  D=   1 
 X= 945 X2=1023  Y= 987 Y2=1021 P1=1023 P2=  -1 T1=1021 T2= 934  P= 600  D=   1 
 X= 954 X2=1015  Y= 969 Y2=1020 P1=1023 P2=  -1 T1=1021 T2= 871  P= 600  D=   1 
 X= 984 X2=1015  Y= 976 Y2=1020 P1=1023 P2=  -1 T1=1020 T2= 939  P= 600  D=   1 
 X=1008 X2= 998  Y= 996 Y2=1023 P1=1023 P2=  -1 T1=1023 T2= 908  P= 600  D=   1 
 X= 988 X2=1015  Y= 987 Y2=1020 P1=1023 P2=  -1 T1=1021 T2= 927  P= 600  D=   1 
 X= 884 X2=1023  Y= 986 Y2=1023 P1=1023 P2=  -1 T1=1023 T2= 927  P= 600  D=   1 
 X=1023 X2=1012  Y= 979 Y2=1021 P1=1023 P2=  -1 T1=1021 T2= 910  P= 600  D=   1 
 X= 930 X2=1023  Y= 981 Y2=1019 P1=1023 P2=  -1 T1=1022 T2= 861  P= 600  D=   1 
 X= 828 X2=1023  Y= 979 Y2=1023 P1=1023 P2=  -1 T1=1023 T2= 923  P= 600  D=   1 
 X= 853 X2=1023  Y= 988 Y2=1023 P1=1023 P2=  -1 T1=1021 T2= 924  P= 600  D=   1 
 X= 982 X2=1015  Y= 977 Y2=1020 P1=1023 P2=  -1 T1=1021 T2= 955  P= 600  D=   1 
 X= 936 X2=1013  Y= 982 Y2=1021 P1=1023 P2=  -1 T1=1019 T2=  21  P= 600  D=   1 
 X= 523 X2= 522  Y= 516 Y2= 520 P1= 811 P2= 392 T1=  18 T2=  18  P= 557  D=   1 * 0
 X= 524 X2= 524  Y= 520 Y2= 520 P1= 814 P2= 389 T1=  19 T2=  19  P= 572  D=   1 * 0
 X= 523 X2= 523  Y= 519 Y2= 519 P1= 808 P2= 398 T1=  18 T2=  18  P= 538  D=   1 * 0
 X= 523 X2= 523  Y= 519 Y2= 519 P1= 809 P2= 397 T1=  18 T2=  18  P= 542  D=   1 * 0
 X= 524 X2= 524  Y= 519 Y2= 518 P1= 809 P2= 399 T1=  18 T2=  18  P= 538  D=   1 * 1
 X= 523 X2= 524  Y= 519 Y2= 520 P1= 809 P2= 399 T1=  17 T2=  19  P= 537  D=   1 * 2
 X= 523 X2= 521  Y= 519 Y2= 519 P1= 808 P2= 399 T1=  17 T2=  18  P= 535  D=   1 * 3
 X= 522 X2= 522  Y= 520 Y2= 519 P1= 807 P2= 399 T1=  17 T2=  15  P= 533  D=   1 * 4
 X= 523 X2= 523  Y= 519 Y2= 520 P1= 808 P2= 400 T1=  18 T2=  18  P= 533  D=   1 * 5
 X= 522 X2= 523  Y= 519 Y2= 520 P1= 808 P2= 401 T1=  18 T2=  17  P= 529  D=   1 * 6
 X= 523 X2= 523  Y= 520 Y2= 519 P1= 807 P2= 400 T1=  20 T2=  18  P= 531  D=   1 * 7
 X= 523 X2= 523  Y= 519 Y2= 519 P1= 807 P2= 400 T1=  19 T2=  17  P= 531  D=   1 * 8
 X= 524 X2= 523  Y= 519 Y2= 519 P1= 807 P2= 400 T1=  17 T2=  18  P= 531  D=   1 * 9
 X= 523 X2= 523  Y= 520 Y2= 519 P1= 807 P2= 401 T1=  17 T2=  16  P= 529  D=   1 * 10
 X= 524 X2= 523  Y= 518 Y2= 519 P1= 808 P2= 401 T1=  18 T2=  17  P= 530  D=   1 * 11
 X= 522 X2= 523  Y= 519 Y2= 519 P1= 808 P2= 400 T1=  17 T2=  18  P= 532  D=   1 * 12
 X= 522 X2= 522  Y= 519 Y2= 519 P1= 808 P2= 400 T1=  18 T2=  17  P= 532  D=   1 * 13
 X= 523 X2= 523  Y= 518 Y2= 519 P1= 808 P2= 401 T1=  20 T2=  17  P= 530  D=   1 * 14
 X= 523 X2= 523  Y= 519 Y2= 519 P1= 807 P2= 401 T1=  18 T2=  18  P= 529  D=   1 * 15
 X= 523 X2= 522  Y= 518 Y2= 519 P1= 807 P2= 401 T1=  17 T2=  17  P= 528  D=   1 * 16
 X= 523 X2= 523  Y= 519 Y2= 519 P1= 807 P2= 401 T1=  18 T2=  17  P= 529  D=   1 * 17
 X= 522 X2= 522  Y= 518 Y2= 519 P1= 807 P2= 401 T1=  18 T2=  17  P= 528  D=   1 * 18
 X= 523 X2= 521  Y= 519 Y2= 517 P1= 808 P2= 400 T1=  18 T2=  18  P= 532  D=   1 * 19
 X= 522 X2= 522  Y= 519 Y2= 519 P1= 809 P2= 401 T1=  18 T2=  17  P= 530  D=   1 * 20
 X= 523 X2= 523  Y= 518 Y2= 519 P1= 807 P2= 401 T1=  17 T2=  17  P= 529  D=   1 * 21
 X= 523 X2= 523  Y= 519 Y2= 515 P1= 807 P2= 401 T1=  17 T2=  17  P= 529  D=   1 * 22
 X= 523 X2= 522  Y= 519 Y2= 519 P1= 807 P2= 401 T1=  17 T2=  18  P= 528  D=   1 * 23
 X= 523 X2= 523  Y= 519 Y2= 519 P1= 808 P2= 401 T1=  17 T2=  18  P= 530  D=   1 * 24
Remove Pin
 X= 526 X2= 522  Y= 519 Y2= 518 P1= 807 P2= 401 T1=  18 T2=  18  P= 530  D=   1 * 24
 X= 523 X2= 522  Y= 519 Y2= 519 P1= 807 P2= 401 T1=  18 T2=  18  P= 528  D=   1 * 24
 X= 522 X2= 523  Y= 519 Y2= 519 P1= 807 P2= 401 T1=  17 T2=  18  P= 528  D=   1 * 24
 X= 522 X2= 523  Y= 519 Y2= 519 P1= 807 P2= 400 T1=  17 T2=  17  P= 530  D=   1 * 24
 X= 523 X2= 522  Y= 519 Y2= 519 P1= 807 P2= 401 T1=  17 T2=  17  P= 528  D=   1 * 24
 X= 523 X2= 523  Y= 519 Y2= 519 P1= 807 P2= 402 T1=  18 T2=  18  P= 526  D=   1 * 24
 X= 524 X2= 523  Y= 519 Y2= 519 P1= 808 P2= 401 T1=  17 T2=  17  P= 530  D=   1 * 24
 X= 523 X2= 523  Y= 519 Y2= 519 P1= 807 P2= 401 T1=  18 T2=  17  P= 529  D=   1 * 24
 X= 523 X2= 523  Y= 519 Y2= 519 P1= 807 P2= 401 T1=  18 T2=  18  P= 529  D=   1 * 24
 X= 523 X2= 523  Y= 519 Y2= 518 P1= 807 P2= 401 T1=  16 T2=  18  P= 529  D=   1 * 24
 X= 523 X2= 523  Y= 518 Y2= 518 P1= 807 P2= 401 T1=  17 T2=  17  P= 529  D=   1 * 24
 X= 523 X2= 523  Y= 519 Y2= 519 P1= 807 P2= 401 T1=  17 T2=  18  P= 529  D=   1 * 24
 X= 523 X2= 525  Y= 519 Y2= 519 P1= 807 P2= 401 T1=  18 T2=  16  P= 530  D=   1 * 24
 X= 523 X2= 523  Y= 521 Y2= 518 P1= 807 P2= 402 T1=  17 T2=  17  P= 526  D=   1 * 24
 X= 523 X2= 522  Y= 519 Y2= 519 P1= 807 P2= 402 T1=  18 T2=  18  P= 525  D=   1 * 24
 X= 522 X2= 523  Y= 519 Y2= 520 P1= 807 P2= 401 T1=  17 T2=  18  P= 528  D=   1 * 24
 X= 522 X2= 523  Y= 519 Y2= 519 P1= 807 P2= 401 T1=  18 T2=  18  P= 528  D=   1 * 24
 X= 523 X2= 522  Y= 520 Y2= 519 P1= 807 P2= 401 T1=  17 T2=  17  P= 528  D=   1 * 24
 X= 524 X2= 523  Y= 519 Y2= 519 P1= 807 P2= 402 T1=  18 T2=  18  P= 526  D=   1 * 24
 X= 523 X2= 523  Y= 519 Y2= 519 P1= 807 P2= 401 T1=  18 T2=  17  P= 529  D=   1 * 24
 X= 522 X2= 522  Y= 519 Y2= 516 P1= 807 P2= 401 T1=  17 T2=  17  P= 528  D=   1 * 24
 X= 523 X2= 523  Y= 519 Y2= 518 P1= 807 P2= 402 T1=  17 T2=  16  P= 526  D=   1 * 24
 X= 522 X2= 522  Y= 517 Y2= 518 P1= 807 P2= 402 T1=  16 T2=  18  P= 525  D=   1 * 24
 X= 522 X2= 522  Y= 519 Y2= 519 P1= 807 P2= 401 T1=  18 T2=  17  P= 528  D=   1 * 24
 X= 523 X2= 523  Y= 518 Y2= 520 P1= 811 P2= 395 T1=  21 T2=  17  P= 550  D=   1 * 24
 X= 524 X2= 525  Y= 520 Y2= 522 P1= 828 P2= 365 T1=  22 T2=  20  P= 664  D=   1 * 24
 X= 923 X2=1001  Y= 992 Y2=1023 P1=1023 P2=   0 T1=1021 T2= 910  P= 664  D=   1 
 X=1023 X2=1015  Y= 985 Y2=1023 P1=1023 P2=   0 T1=1023 T2= 933  P= 664  D=   1 
 X= 935 X2=1023  Y= 949 Y2=1023 P1=1023 P2=   0 T1=1023 T2= 928  P= 664  D=   1 
target state=1 point=23,22
 X= 909 X2=1023  Y= 993 Y2=1023 P1=1023 P2=   0 T1=1019 T2= 940  P= 664  D=   1 
 X= 944 X2= 998  Y= 976 Y2=1020 P1=1023 P2=   0 T1=1021 T2= 922  P= 664  D=   1 
 X= 938 X2=1022  Y= 986 Y2=1023 P1=1023 P2=   0 T1=1021 T2= 928  P= 664  D=   1 
 X= 887 X2=1023  Y= 981 Y2=1023 P1=1023 P2=   0 T1=1021 T2= 922  P= 664  D=   1 
 X= 991 X2=1007  Y= 990 Y2=1023 P1=1023 P2=   0 T1=1020 T2= 945  P= 664  D=   1 
 X= 934 X2=1023  Y= 988 Y2=1023 P1=1023 P2=   0 T1=1023 T2= 933  P= 664  D=   1 
 X= 967 X2= 992  Y= 988 Y2=1023 P1=1023 P2=   0 T1=1021 T2= 914  P= 664  D=   1 
 X= 997 X2=1004  Y= 988 Y2=1023 P1=1023 P2=   0 T1=1021 T2= 929  P= 664  D=   1 
 X= 981 X2=1008  Y= 962 Y2=1023 P1=1023 P2=   0 T1=1023 T2= 935  P= 664  D=   1 
 X= 883 X2=1023  Y= 968 Y2=1023 P1=1023 P2=   0 T1=1021 T2= 944  P= 664  D=   1 
 X= 951 X2=1023  Y= 981 Y2=1023 P1=1023 P2=   0 T1=1020 T2= 916  P= 664  D=   1 
 X= 971 X2=1023  Y= 985 Y2=1023 P1=1023 P2=   0 T1=1021 T2= 936  P= 664  D=   1 
 X= 858 X2=1023  Y= 993 Y2=1023 P1=1023 P2=   0 T1=1023 T2= 920  P= 664  D=   1 
 X=1023 X2=1008  Y= 972 Y2=1023 P1=1023 P2=   0 T1=1023 T2= 858  P= 664  D=   1 
 X= 919 X2=1023  Y= 959 Y2=1023 P1=1023 P2=   0 T1=1021 T2= 933  P= 664  D=   1 
 X= 952 X2=1018  Y= 975 Y2=1023 P1=1023 P2=   0 T1=1023 T2= 939  P= 664  D=   1 
 X= 987 X2=1021  Y= 982 Y2=1023 P1=1023 P2=   0 T1=1023 T2= 928  P= 664  D=   1 
 X=1023 X2=1005  Y= 987 Y2=1020 P1=1023 P2=   0 T1=1021 T2= 931  P= 664  D=   1 
 X= 861 X2=1023  Y= 988 Y2=1023 P1=1023 P2=   0 T1=1023 T2= 927  P= 664  D=   1 
 X= 961 X2=1023  Y= 978 Y2=1020 P1=1023 P2=   0 T1=1023 T2= 922  P= 664  D=   1 
 X= 820 X2=1023  Y= 990 Y2=1020 P1=1023 P2=   0 T1=1018 T2= 929  P= 664  D=   1 
 X= 852 X2=1023  Y= 990 Y2=1023 P1=1023 P2=   0 T1=1023 T2= 918  P= 664  D=   1 
 X= 947 X2=1022  Y= 982 Y2=1021 P1=1023 P2=   0 T1=1022 T2= 940  P= 664  D=   1 
 X= 991 X2=1001  Y= 987 Y2=1023 P1=1022 P2=   0 T1=1023 T2= 944  P= 664  D=   1 
 X= 875 X2=1020  Y= 988 Y2=1020 P1=1023 P2=   0 T1=1023 T2= 937  P= 664  D=   1 
 X= 897 X2=1023  Y= 982 Y2=1023 P1=1023 P2=   0 T1=1021 T2= 946  P= 664  D=   1 
 X= 962 X2=1010  Y= 967 Y2=1023 P1=1023 P2=   0 T1=1021 T2= 927  P= 664  D=   1 
 X= 959 X2=1022  Y= 990 Y2=1023 P1=1023 P2=   0 T1=1020 T2= 922  P= 664  D=   1 
 X= 945 X2= 990  Y= 988 Y2=1019 P1=1023 P2=   0 T1=1023 T2= 932  P= 664  D=   1 
 X= 868 X2=1018  Y= 979 Y2=1023 P1=1023 P2=   0 T1=1023 T2= 917  P= 664  D=   1 
 X= 938 X2=1019  Y= 988 Y2=1020 P1=1023 P2=   0 T1=1023 T2= 926  P= 664  D=   1 
 X= 964 X2=1022  Y= 975 Y2=1023 P1=1023 P2=   0 T1=1021 T2= 922  P= 664  D=   1 
 X= 932 X2= 999  Y= 974 Y2=1023 P1=1023 P2=   0 T1=1023 T2= 888  P= 664  D=   1 
 X=1022 X2=1015  Y= 988 Y2=1021 P1=1023 P2=   0 T1=1023 T2= 945  P= 664  D=   1 
 X= 953 X2=1023  Y= 983 Y2=1021 P1=1023 P2=   0 T1=1023 T2= 929  P= 664  D=   1 
 X=1023 X2=1022  Y= 982 Y2=1023 P1=1023 P2=   0 T1=1021 T2= 885  P= 664  D=   1 
 X= 802 X2=1023  Y= 980 Y2=1020 P1=1023 P2=   0 T1=1023 T2= 947  P= 664  D=   1 
 X= 929 X2=1023  Y= 969 Y2=1020 P1=1023 P2=   0 T1=1020 T2= 923  P= 664  D=   1 
 X= 946 X2=1023  Y= 982 Y2=1020 P1=1023 P2=   0 T1=1023 T2= 936  P= 664  D=   1 
 X=1003 X2=1003  Y= 987 Y2=1020 P1=1023 P2=   0 T1=1023 T2= 925  P= 664  D=   1 
 X= 869 X2=1020  Y= 978 Y2=1023 P1=1023 P2=   0 T1=1020 T2= 937  P= 664  D=   1 
 X= 936 X2= 998  Y= 990 Y2=1021 P1=1023 P2=   0 T1=1021 T2= 922  P= 664  D=   1 
 X= 977 X2=1016  Y= 978 Y2=1020 P1=1023 P2=   0 T1=1023 T2= 933  P= 664  D=   1 
 X= 944 X2=1023  Y= 954 Y2=1023 P1=1023 P2=   0 T1=1020 T2= 935  P= 664  D=   1 
 X= 937 X2=1023  Y= 985 Y2=1021 P1=1023 P2=   0 T1=1021 T2= 928  P= 664  D=   1 
 X= 996 X2=1019  Y= 980 Y2=1023 P1=1023 P2=   0 T1=1023 T2= 920  P= 664  D=   1 
 X= 871 X2= 235  Y= 328 Y2= 320 P1= 676 P2= 198 T1=1020 T2=  21  P= 664  D=   1 
 X= 866 X2=1023  Y= 987 Y2=1023 P1=1023 P2=   0 T1=1023 T2= 922  P= 664  D=   1 
 X= 234 X2= 232  Y= 327 Y2= 320 P1= 685 P2= 192 T1=  21 T2=  22  P= 598  D=   1 * 0
 X= 248 X2= 245  Y= 338 Y2= 329 P1= 755 P2= 155 T1=  50 T2=  29  P= 598  D=   1 
 X= 236 X2= 233  Y= 329 Y2= 321 P1= 693 P2= 188 T1=  23 T2=  23  P= 628  D=   1 * 0
 X= 235 X2= 233  Y= 329 Y2= 322 P1= 695 P2= 187 T1=  22 T2=  22  P= 635  D=   1 * 0
 X= 235 X2= 233  Y= 328 Y2= 321 P1= 692 P2= 189 T1=  23 T2=  21  P= 622  D=   1 * 0
 X= 235 X2= 232  Y= 330 Y2= 322 P1= 691 P2= 189 T1=  23 T2=  23  P= 618  D=   1 * 1
 X= 234 X2= 231  Y= 328 Y2= 321 P1= 686 P2= 192 T1=  21 T2=  22  P= 596  D=   1 * 2
 X= 235 X2= 231  Y= 327 Y2= 320 P1= 687 P2= 191 T1=  21 T2=  22  P= 604  D=   1 * 3
 X= 234 X2= 231  Y= 327 Y2= 320 P1= 685 P2= 192 T1=  21 T2=  22  P= 595  D=   1 * 4
 X= 234 X2= 232  Y= 327 Y2= 321 P1= 685 P2= 191 T1=  22 T2=  21  P= 602  D=   1 * 5
 X= 234 X2= 232  Y= 328 Y2= 320 P1= 685 P2= 191 T1=  22 T2=  22  P= 602  D=   1 * 6
 X= 232 X2= 232  Y= 327 Y2= 320 P1= 685 P2= 191 T1=  21 T2=  22  P= 599  D=   1 * 7
 X= 235 X2= 232  Y= 328 Y2= 320 P1= 684 P2= 192 T1=  22 T2=  21  P= 596  D=   1 * 8
 X= 234 X2= 231  Y= 327 Y2= 318 P1= 685 P2= 192 T1=  22 T2=  22  P= 595  D=   1 * 9
 X= 234 X2= 232  Y= 327 Y2= 322 P1= 685 P2= 192 T1=  21 T2=  23  P= 598  D=   1 * 10
 X= 235 X2= 231  Y= 327 Y2= 320 P1= 684 P2= 193 T1=  22 T2=  22  P= 592  D=   1 * 11
 X= 235 X2= 231  Y= 327 Y2= 320 P1= 686 P2= 192 T1=  21 T2=  21  P= 599  D=   1 * 12
 X= 235 X2= 231  Y= 328 Y2= 320 P1= 685 P2= 192 T1=  22 T2=  23  P= 598  D=   1 * 13
 X= 235 X2= 231  Y= 325 Y2= 320 P1= 685 P2= 192 T1=  20 T2=  22  P= 598  D=   1 * 14
 X= 234 X2= 231  Y= 328 Y2= 320 P1= 685 P2= 192 T1=  21 T2=  21  P= 595  D=   1 * 15
 X= 234 X2= 232  Y= 328 Y2= 320 P1= 685 P2= 193 T1=  21 T2=  23  P= 593  D=   1 * 16
 X= 235 X2= 231  Y= 328 Y2= 320 P1= 685 P2= 192 T1=  22 T2=  21  P= 598  D=   1 * 17
 X= 235 X2= 233  Y= 327 Y2= 322 P1= 684 P2= 192 T1=  21 T2=  21  P= 599  D=   1 * 18
 X= 235 X2= 232  Y= 327 Y2= 320 P1= 684 P2= 192 T1=  22 T2=  22  P= 596  D=   1 * 19
 X= 235 X2= 232  Y= 329 Y2= 321 P1= 685 P2= 193 T1=  21 T2=  21  P= 593  D=   1 * 20
 X= 234 X2= 231  Y= 330 Y2= 320 P1= 684 P2= 192 T1=  22 T2=  21  P= 594  D=   1 * 21
 X= 234 X2= 231  Y= 327 Y2= 321 P1= 684 P2= 192 T1=  21 T2=  21  P= 594  D=   1 * 22
 X= 234 X2= 231  Y= 328 Y2= 320 P1= 684 P2= 192 T1=  22 T2=  21  P= 594  D=   1 * 23
 X= 234 X2= 231  Y= 326 Y2= 320 P1= 684 P2= 193 T1=  22 T2=  21  P= 590  D=   1 * 24
Remove Pin
 X= 234 X2= 232  Y= 327 Y2= 320 P1= 684 P2= 193 T1=  21 T2=  22  P= 592  D=   1 * 24
 X= 234 X2= 231  Y= 326 Y2= 320 P1= 685 P2= 192 T1=  21 T2=  21  P= 595  D=   1 * 24
 X= 234 X2= 231  Y= 328 Y2= 320 P1= 683 P2= 192 T1=  21 T2=  22  P= 593  D=   1 * 24
 X= 234 X2= 230  Y= 329 Y2= 321 P1= 684 P2= 193 T1=  21 T2=  21  P= 590  D=   1 * 24
 X= 234 X2= 231  Y= 327 Y2= 320 P1= 685 P2= 192 T1=  22 T2=  20  P= 595  D=   1 * 24
 X= 234 X2= 231  Y= 328 Y2= 320 P1= 684 P2= 193 T1=  22 T2=  22  P= 590  D=   1 * 24
 X= 233 X2= 232  Y= 327 Y2= 321 P1= 684 P2= 193 T1=  21 T2=  22  P= 590  D=   1 * 24
 X= 234 X2= 232  Y= 326 Y2= 320 P1= 684 P2= 193 T1=  20 T2=  21  P= 592  D=   1 * 24
 X= 234 X2= 231  Y= 327 Y2= 320 P1= 684 P2= 193 T1=  22 T2=  22  P= 590  D=   1 * 24
 X= 235 X2= 231  Y= 327 Y2= 321 P1= 684 P2= 192 T1=  21 T2=  21  P= 596  D=   1 * 24
 X= 235 X2= 232  Y= 327 Y2= 320 P1= 685 P2= 192 T1=  22 T2=  22  P= 598  D=   1 * 24
 X= 234 X2= 231  Y= 328 Y2= 320 P1= 684 P2= 192 T1=  21 T2=  22  P= 594  D=   1 * 24
 X= 235 X2= 231  Y= 327 Y2= 321 P1= 684 P2= 193 T1=  22 T2=  22  P= 592  D=   1 * 24
 X= 234 X2= 232  Y= 327 Y2= 321 P1= 684 P2= 193 T1=  21 T2=  22  P= 592  D=   1 * 24
 X= 234 X2= 231  Y= 327 Y2= 320 P1= 684 P2= 193 T1=  22 T2=  21  P= 590  D=   1 * 24
 X= 235 X2= 231  Y= 328 Y2= 320 P1= 684 P2= 193 T1=  22 T2=  21  P= 592  D=   1 * 24
 X= 233 X2= 232  Y= 327 Y2= 320 P1= 684 P2= 193 T1=  21 T2=  24  P= 590  D=   1 * 24
 X= 235 X2= 233  Y= 327 Y2= 321 P1= 684 P2= 192 T1=  21 T2=  23  P= 599  D=   1 * 24
 X= 233 X2= 231  Y= 326 Y2= 319 P1= 679 P2= 195 T1=  22 T2=  21  P= 575  D=   1 * 24
 X= 233 X2= 232  Y= 330 Y2= 571 P1=1023 P2=   0 T1=  21 T2= 918  P= 575  D=   1 * 24
 X= 924 X2=1023  Y= 978 Y2=1023 P1=1023 P2=   0 T1=1023 T2= 932  P= 575  D=   1 
 X=1023 X2=1009  Y= 981 Y2=1019 P1=1023 P2=   0 T1=1020 T2= 930  P= 575  D=   1 
 X= 907 X2=1023  Y= 989 Y2=1023 P1=1023 P2=   0 T1=1023 T2= 929  P= 575  D=   1 
target state=2 point=456,22
 X= 970 X2=1023  Y= 987 Y2=1020 P1=1023 P2=   0 T1=1023 T2= 960  P= 575  D=   1 
 X= 937 X2=1023  Y= 978 Y2=1019 P1=1023 P2=   0 T1=1020 T2= 934  P= 575  D=   1 
 X= 983 X2=1001  Y= 981 Y2=1020 P1=1023 P2=   0 T1=1023 T2= 929  P= 575  D=   1 
 X= 892 X2=1019  Y= 986 Y2=1023 P1=1023 P2=   0 T1=1021 T2= 937  P= 575  D=   1 
 X= 947 X2=1023  Y= 988 Y2=1021 P1=1023 P2=   0 T1=1021 T2= 939  P= 575  D=   1 
 X= 965 X2=1020  Y= 976 Y2=1023 P1=1023 P2=   0 T1=1021 T2= 931  P= 575  D=   1 
 X= 897 X2=1023  Y= 991 Y2=1020 P1=1023 P2=   0 T1=1021 T2= 931  P= 575  D=   1 
 X= 927 X2=1023  Y= 986 Y2=1023 P1=1023 P2=   0 T1=1021 T2= 909  P= 575  D=   1 
 X= 922 X2=1023  Y= 983 Y2=1021 P1=1023 P2=   0 T1=1019 T2= 932  P= 575  D=   1 
 X= 858 X2=1023  Y= 987 Y2=1023 P1=1023 P2=   0 T1=1023 T2= 936  P= 575  D=   1 
 X= 836 X2=1023  Y= 984 Y2=1023 P1=1023 P2=   0 T1=1021 T2= 931  P= 575  D=   1 
 X=1013 X2=1005  Y= 979 Y2=1020 P1=1023 P2=   0 T1=1023 T2= 914  P= 575  D=   1 
 X= 951 X2=1023  Y= 966 Y2=1021 P1=1023 P2=   0 T1=1023 T2= 930  P= 575  D=   1 
 X= 932 X2=1023  Y= 989 Y2=1023 P1=1023 P2=   0 T1=1023 T2= 946  P= 575  D=   1 
 X=1011 X2= 999  Y= 991 Y2=1023 P1=1023 P2=   0 T1=1023 T2= 924  P= 575  D=   1 
 X=1023 X2=1005  Y= 986 Y2=1020 P1=1023 P2=   0 T1=1023 T2= 945  P= 575  D=   1 
 X= 840 X2=1020  Y= 981 Y2=1023 P1=1023 P2=   0 T1=1023 T2= 926  P= 575  D=   1 
 X= 878 X2=1023  Y= 991 Y2=1021 P1=1023 P2=   0 T1=1023 T2= 931  P= 575  D=   1 
 X= 869 X2=1018  Y= 956 Y2=1020 P1=1023 P2=   0 T1=1023 T2= 923  P= 575  D=   1 
 X= 865 X2=1023  Y= 986 Y2=1023 P1=1023 P2=   0 T1=1023 T2= 936  P= 575  D=   1 
 X= 959 X2=1023  Y= 977 Y2=1023 P1=1023 P2=   0 T1=1021 T2= 923  P= 575  D=   1 
 X= 974 X2=1017  Y= 976 Y2=1023 P1=1023 P2=   0 T1=1020 T2= 915  P= 575  D=   1 
 X= 869 X2=1015  Y= 984 Y2=1022 P1=1023 P2=   0 T1=1023 T2= 912  P= 575  D=   1 
 X= 930 X2=1022  Y= 990 Y2=1023 P1=1023 P2=   0 T1=1020 T2= 931  P= 575  D=   1 
 X= 956 X2= 990  Y= 991 Y2=1021 P1=1023 P2=   0 T1=1023 T2= 933  P= 575  D=   1 
 X= 903 X2=1023  Y= 984 Y2=1021 P1=1023 P2=   0 T1=1022 T2= 912  P= 575  D=   1 
 X= 967 X2=1023  Y= 979 Y2=1021 P1=1023 P2=   0 T1=1020 T2= 941  P= 575  D=   1 
 X=1021 X2=1018  Y= 965 Y2=1023 P1=1023 P2=   0 T1=1023 T2= 938  P= 575  D=   1 
 X= 950 X2=1023  Y= 999 Y2=1019 P1=1023 P2=   0 T1=1023 T2= 919  P= 575  D=   1 
 X= 918 X2=1023  Y= 959 Y2=1023 P1=1023 P2=   0 T1=1023 T2= 921  P= 575  D=   1 
 X= 989 X2= 995  Y= 987 Y2=1022 P1=1023 P2=   0 T1=1021 T2= 926  P= 575  D=   1 
 X= 984 X2= 998  Y= 981 Y2=1022 P1=1023 P2=   0 T1=1023 T2= 936  P= 575  D=   1 
 X= 952 X2=1023  Y= 966 Y2=1019 P1=1023 P2=   0 T1=1023 T2= 920  P= 575  D=   1 
 X=1022 X2= 993  Y= 983 Y2=1023 P1=1023 P2=   0 T1=1023 T2= 932  P= 575  D=   1 
 X= 847 X2=1023  Y= 983 Y2=1023 P1=1023 P2=   0 T1=1022 T2= 938  P= 575  D=   1 
 X= 937 X2=1023  Y= 965 Y2=1023 P1=1023 P2=   0 T1=1023 T2= 919  P= 575  D=   1 
 X= 948 X2=1023  Y= 988 Y2=1023 P1=1023 P2=   0 T1=1021 T2= 966  P= 575  D=   1 
 X= 943 X2=1015  Y= 989 Y2=1022 P1=1023 P2=   0 T1=1023 T2= 920  P= 575  D=   1 
 X= 945 X2=1023  Y= 984 Y2=1020 P1=1023 P2=   0 T1=1023 T2= 941  P= 575  D=   1 
 X=1023 X2=1004  Y= 980 Y2=1023 P1=1023 P2=   0 T1=1020 T2= 859  P= 575  D=   1 
 X= 895 X2=1019  Y= 980 Y2=1023 P1=1023 P2=   0 T1=1023 T2= 934  P= 575  D=   1 
 X= 875 X2=1023  Y= 978 Y2=1023 P1=1023 P2=   0 T1=1019 T2= 936  P= 575  D=   1 
 X= 973 X2=1023  Y= 985 Y2=1023 P1=1023 P2=   0 T1=1020 T2= 932  P= 575  D=   1 
 X= 966 X2=1022  Y= 990 Y2=1023 P1=1023 P2=   0 T1=1021 T2= 922  P= 575  D=   1 
 X= 824 X2=1023  Y= 981 Y2=1020 P1=1023 P2=   0 T1=1022 T2= 933  P= 575  D=   1 
 X= 968 X2=1015  Y= 977 Y2=1021 P1=1023 P2=   0 T1=1020 T2= 934  P= 575  D=   1 
 X= 891 X2=1019  Y= 977 Y2=1022 P1=1023 P2=   0 T1=1023 T2= 925  P= 575  D=   1 
 X= 948 X2=1023  Y= 986 Y2=1020 P1=1023 P2=   0 T1=1023 T2= 924  P= 575  D=   1 
 X=1023 X2=1001  Y= 990 Y2=1023 P1=1023 P2=   0 T1=1023 T2= 937  P= 575  D=   1 
 X=1022 X2=1016  Y= 983 Y2=1023 P1=1023 P2=   0 T1=1023 T2= 944  P= 575  D=   1 
 X= 929 X2= 997  Y= 988 Y2=1020 P1=1023 P2=   0 T1=1023 T2= 921  P= 575  D=   1 
 X= 958 X2=1023  Y= 980 Y2=1023 P1=1023 P2=   0 T1=1023 T2= 938  P= 575  D=   1 
 X= 931 X2=1023  Y= 964 Y2=1023 P1=1023 P2=   0 T1=1019 T2= 929  P= 575  D=   1 
 X= 933 X2=1023  Y= 985 Y2=1023 P1=1023 P2=   0 T1=1023 T2= 924  P= 575  D=   1 
 X= 920 X2=1023  Y= 975 Y2=1023 P1=1023 P2=   0 T1=  16 T2= 916  P= 575  D=   1 * 0
 X= 994 X2= 999  Y= 498 Y2= 355 P1= 820 P2= 457 T1=1023 T2=  15  P= 575  D=   1 
 X= 809 X2= 808  Y= 324 Y2= 332 P1= 801 P2= 476 T1=  14 T2=  14  P= 551  D=   1 * 0
 X= 809 X2= 813  Y= 324 Y2= 331 P1= 801 P2= 476 T1=  15 T2=  14  P= 553  D=   1 * 0
 X= 810 X2= 809  Y= 324 Y2= 331 P1= 801 P2= 477 T1=  14 T2=  15  P= 549  D=   1 * 0
 X= 810 X2= 808  Y= 324 Y2= 331 P1= 800 P2= 477 T1=  15 T2=  14  P= 547  D=   1 * 1
 X= 809 X2= 808  Y= 325 Y2= 331 P1= 800 P2= 477 T1=  14 T2=  15  P= 547  D=   1 * 2
 X= 809 X2= 808  Y= 324 Y2= 332 P1= 801 P2= 477 T1=  13 T2=  14  P= 548  D=   1 * 3
 X= 810 X2= 808  Y= 324 Y2= 331 P1= 800 P2= 478 T1=  14 T2=  15  P= 544  D=   1 * 4
 X= 808 X2= 809  Y= 324 Y2= 331 P1= 800 P2= 478 T1=  14 T2=  14  P= 543  D=   1 * 5
 X= 810 X2= 809  Y= 324 Y2= 331 P1= 800 P2= 477 T1=  14 T2=  14  P= 547  D=   1 * 6
 X= 810 X2= 808  Y= 325 Y2= 331 P1= 800 P2= 478 T1=  13 T2=  14  P= 544  D=   1 * 7
 X= 808 X2= 808  Y= 324 Y2= 331 P1= 801 P2= 478 T1=  15 T2=  15  P= 545  D=   1 * 8
 X= 810 X2= 807  Y= 327 Y2= 331 P1= 800 P2= 478 T1=  14 T2=  14  P= 543  D=   1 * 9
 X= 809 X2= 808  Y= 325 Y2= 331 P1= 800 P2= 478 T1=  14 T2=  14  P= 543  D=   1 * 10
 X= 810 X2= 808  Y= 324 Y2= 331 P1= 800 P2= 478 T1=  13 T2=  14  P= 544  D=   1 * 11
 X= 810 X2= 807  Y= 324 Y2= 332 P1= 800 P2= 478 T1=  14 T2=  13  P= 543  D=   1 * 12
 X= 810 X2= 808  Y= 324 Y2= 331 P1= 800 P2= 479 T1=  14 T2=  15  P= 542  D=   1 * 13
 X= 808 X2= 808  Y= 323 Y2= 331 P1= 801 P2= 478 T1=  14 T2=  15  P= 545  D=   1 * 14
 X= 809 X2= 808  Y= 324 Y2= 331 P1= 800 P2= 479 T1=  14 T2=  14  P= 541  D=   1 * 15
 X= 809 X2= 807  Y= 324 Y2= 331 P1= 800 P2= 479 T1=  14 T2=  14  P= 541  D=   1 * 16
 X= 809 X2= 808  Y= 324 Y2= 331 P1= 800 P2= 478 T1=  14 T2=  13  P= 543  D=   1 * 17
 X= 809 X2= 809  Y= 324 Y2= 330 P1= 800 P2= 478 T1=  14 T2=  14  P= 544  D=   1 * 18
 X= 809 X2= 808  Y= 324 Y2= 332 P1= 800 P2= 479 T1=  14 T2=  14  P= 541  D=   1 * 19
 X= 802 X2= 807  Y= 325 Y2= 331 P1= 801 P2= 478 T1=  14 T2=  14  P= 542  D=   1 * 20
 X= 808 X2= 807  Y= 324 Y2= 331 P1= 800 P2= 478 T1=  14 T2=  14  P= 543  D=   1 * 21
 X= 810 X2= 808  Y= 324 Y2= 331 P1= 800 P2= 478 T1=  14 T2=  14  P= 544  D=   1 * 22
 X= 807 X2= 808  Y= 323 Y2= 331 P1= 800 P2= 479 T1=  14 T2=  14  P= 540  D=   1 * 23
 X= 809 X2= 808  Y= 323 Y2= 331 P1= 800 P2= 479 T1=  14 T2=  14  P= 541  D=   1 * 24
Remove Pin
 X= 809 X2= 808  Y= 324 Y2= 330 P1= 800 P2= 479 T1=  14 T2=  14  P= 541  D=   1 * 24
 X= 810 X2= 808  Y= 323 Y2= 331 P1= 800 P2= 479 T1=  14 T2=  14  P= 542  D=   1 * 24
 X= 809 X2= 808  Y= 324 Y2= 331 P1= 800 P2= 479 T1=  15 T2=  14  P= 541  D=   1 * 24
 X= 809 X2= 805  Y= 325 Y2= 332 P1= 800 P2= 479 T1=  13 T2=  13  P= 540  D=   1 * 24
 X= 809 X2= 808  Y= 324 Y2= 330 P1= 800 P2= 479 T1=  14 T2=  13  P= 541  D=   1 * 24
 X= 809 X2= 808  Y= 324 Y2= 331 P1= 800 P2= 479 T1=  14 T2=  16  P= 541  D=   1 * 24
 X= 810 X2= 808  Y= 324 Y2= 331 P1= 799 P2= 479 T1=  14 T2=  14  P= 540  D=   1 * 24
 X= 809 X2= 808  Y= 327 Y2= 331 P1= 799 P2= 480 T1=  14 T2=  14  P= 536  D=   1 * 24
 X= 809 X2= 808  Y= 324 Y2= 331 P1= 800 P2= 479 T1=  14 T2=  13  P= 541  D=   1 * 24
 X= 809 X2= 808  Y= 324 Y2= 331 P1= 799 P2= 480 T1=  14 T2=  15  P= 536  D=   1 * 24
 X= 809 X2= 809  Y= 323 Y2= 331 P1= 797 P2= 485 T1=  13 T2=  14  P= 520  D=   1 * 24
 X= 969 X2=1015  Y= 971 Y2=1022 P1=1023 P2=   0 T1=1021 T2= 907  P= 520  D=   1 
 X=1023 X2=1020  Y= 977 Y2=1023 P1=1023 P2=   0 T1=1017 T2= 896  P= 520  D=   1 
 X=1021 X2=1015  Y= 985 Y2=1020 P1=1023 P2=   0 T1=1019 T2= 919  P= 520  D=   1 
target state=3 point=456,249
 X= 947 X2=1023  Y= 980 Y2=1023 P1=1023 P2=   0 T1=1023 T2= 936  P= 520  D=   1 
 X=1023 X2=1000  Y= 985 Y2=1023 P1=1023 P2=   0 T1=1023 T2= 926  P= 520  D=   1 
 X= 994 X2=1014  Y= 980 Y2=1021 P1=1023 P2=   0 T1=1021 T2= 918  P= 520  D=   1 
 X= 931 X2=1022  Y= 988 Y2=1021 P1=1023 P2=   0 T1=1023 T2= 915  P= 520  D=   1 
 X= 901 X2=1018  Y= 989 Y2=1021 P1=1023 P2=   0 T1=1020 T2= 926  P= 520  D=   1 
 X= 972 X2=1022  Y= 983 Y2=1019 P1=1023 P2=   0 T1=1023 T2= 927  P= 520  D=   1 
 X= 982 X2=1014  Y= 962 Y2=1023 P1=1023 P2=   0 T1=1023 T2= 934  P= 520  D=   1 
 X= 812 X2=1023  Y= 974 Y2=1023 P1=1023 P2=   0 T1=1020 T2= 940  P= 520  D=   1 
 X=1023 X2= 998  Y= 948 Y2=1023 P1=1023 P2=   0 T1=1019 T2= 927  P= 520  D=   1 
 X= 847 X2=1023  Y= 978 Y2=1023 P1=1023 P2=   0 T1=1021 T2= 932  P= 520  D=   1 
 X= 827 X2=1023  Y= 976 Y2=1020 P1=1023 P2=   0 T1=1020 T2= 940  P= 520  D=   1 
 X= 885 X2=1023  Y= 989 Y2=1020 P1=1023 P2=   0 T1=1023 T2= 931  P= 520  D=   1 
 X=1016 X2= 998  Y= 991 Y2=1020 P1=1023 P2=   0 T1=1022 T2= 908  P= 520  D=   1 
 X= 838 X2=1023  Y= 989 Y2=1023 P1=1023 P2=   0 T1=1021 T2= 919  P= 520  D=   1 
 X= 940 X2= 992  Y= 976 Y2=1021 P1=1023 P2=   0 T1=1021 T2= 935  P= 520  D=   1 
 X= 954 X2= 996  Y= 982 Y2=1023 P1=1023 P2=   0 T1=1023 T2= 922  P= 520  D=   1 
 X= 938 X2=1023  Y= 990 Y2=1021 P1=1023 P2=   0 T1=1020 T2= 946  P= 520  D=   1 
 X= 947 X2=1023  Y= 989 Y2=1021 P1=1023 P2=   0 T1=1021 T2= 948  P= 520  D=   1 
 X= 977 X2=1023  Y= 988 Y2=1021 P1=1023 P2=   0 T1=1023 T2= 932  P= 520  D=   1 
 X= 911 X2=1021  Y= 987 Y2=1020 P1=1023 P2=   0 T1=1021 T2= 934  P= 520  D=   1 
 X= 952 X2=1023  Y= 990 Y2=1023 P1=1023 P2=   0 T1=1023 T2= 925  P= 520  D=   1 
 X=1004 X2= 996  Y= 982 Y2=1020 P1=1023 P2=   0 T1=1021 T2= 930  P= 520  D=   1 
 X= 874 X2=1020  Y= 987 Y2=1020 P1=1023 P2=   0 T1=1021 T2= 917  P= 520  D=   1 
 X= 953 X2=1019  Y= 974 Y2=1023 P1=1023 P2=   0 T1=1020 T2= 916  P= 520  D=   1 
 X= 944 X2=1009  Y= 981 Y2=1020 P1=1023 P2=   0 T1=1020 T2= 868  P= 520  D=   1 
 X=1010 X2= 997  Y= 989 Y2=1020 P1=1023 P2=   0 T1=1023 T2= 915  P= 520  D=   1 
 X= 887 X2=1023  Y= 964 Y2=1023 P1=1023 P2=   0 T1=1023 T2= 934  P= 520  D=   1 
 X= 981 X2=1022  Y= 980 Y2=1020 P1=1023 P2=   0 T1=1020 T2= 915  P= 520  D=   1 
 X= 894 X2=1019  Y= 976 Y2=1023 P1=1023 P2=   0 T1=1023 T2= 936  P= 520  D=   1 
 X= 833 X2=1023  Y= 984 Y2=1020 P1=1023 P2=   0 T1=1021 T2= 936  P= 520  D=   1 
 X=1023 X2=1007  Y= 981 Y2=1020 P1=1023 P2=   0 T1=1021 T2= 905  P= 520  D=   1 
 X=1022 X2=1018  Y= 999 Y2=1021 P1=1023 P2=   0 T1=1023 T2= 940  P= 520  D=   1 
 X= 932 X2=1020  Y= 986 Y2=1021 P1=1023 P2=   0 T1=1021 T2= 924  P= 520  D=   1 
 X= 967 X2= 980  Y= 985 Y2=1019 P1=1023 P2=   0 T1=1023 T2= 922  P= 520  D=   1 
 X= 990 X2=1008  Y= 975 Y2=1023 P1=1023 P2=   0 T1=1021 T2= 918  P= 520  D=   1 
 X= 802 X2=1023  Y= 992 Y2=1020 P1=1023 P2=   0 T1=1020 T2= 920  P= 520  D=   1 
 X= 905 X2=1023  Y= 985 Y2=1023 P1=1023 P2=   0 T1=1023 T2= 932  P= 520  D=   1 
 X=1020 X2=1000  Y= 983 Y2=1023 P1=1023 P2=   0 T1=1023 T2= 929  P= 520  D=   1 
 X= 935 X2=1019  Y= 977 Y2=1023 P1=1023 P2=   0 T1=1020 T2= 924  P= 520  D=   1 
 X= 915 X2=1021  Y= 978 Y2=1020 P1=1023 P2=   0 T1=1023 T2= 935  P= 520  D=   1 
 X=1023 X2=1015  Y= 953 Y2=1023 P1=1023 P2=   0 T1=1023 T2= 925  P= 520  D=   1 
 X= 851 X2=1023  Y= 970 Y2=1023 P1=1023 P2=   0 T1=1019 T2= 935  P= 520  D=   1 
 X= 978 X2=1022  Y= 965 Y2=1023 P1=1023 P2=   0 T1=1022 T2= 923  P= 520  D=   1 
 X= 964 X2=1023  Y= 976 Y2=1023 P1=1023 P2=   0 T1=1023 T2= 926  P= 520  D=   1 
 X= 927 X2=1019  Y= 985 Y2=1023 P1=1023 P2=   0 T1=1023 T2= 936  P= 520  D=   1 
 X= 864 X2=1023  Y= 978 Y2=1021 P1=1023 P2=   0 T1=1023 T2= 921  P= 520  D=   1 
 X= 939 X2=1023  Y= 983 Y2=1022 P1=1023 P2=   0 T1=1023 T2= 925  P= 520  D=   1 
 X= 975 X2=1005  Y= 965 Y2=1020 P1=1023 P2=   0 T1=1023 T2= 927  P= 520  D=   1 
 X= 931 X2=1022  Y= 958 Y2=1021 P1=1023 P2=   0 T1=1023 T2= 927  P= 520  D=   1 
 X=1023 X2=1007  Y= 984 Y2=1023 P1=1023 P2=   0 T1=1021 T2= 923  P= 520  D=   1 
 X= 983 X2= 998  Y= 980 Y2=1021 P1=1023 P2=   0 T1=1021 T2= 923  P= 520  D=   1 
 X= 983 X2= 998  Y= 709 Y2= 712 P1= 908 P2= 545 T1=1021 T2= 923  P= 536  D=   1 
 X= 807 X2= 998  Y= 708 Y2= 712 P1= 907 P2= 546 T1=1021 T2=  12  P= 533  D=   1 
 X= 806 X2= 808  Y= 709 Y2= 712 P1= 908 P2= 545 T1=1021 T2=  13  P= 537  D=   1 
 X= 806 X2= 807  Y= 708 Y2= 711 P1= 907 P2= 546 T1=1021 T2=  15  P= 532  D=   1 
 X= 805 X2= 807  Y= 708 Y2= 712 P1= 908 P2= 546 T1=  13 T2=  14  P= 534  D=   1 * 0
 X= 806 X2= 809  Y= 709 Y2= 712 P1= 908 P2= 546 T1=  14 T2=  14  P= 535  D=   1 * 0
 X= 806 X2= 806  Y= 708 Y2= 713 P1= 908 P2= 546 T1=  14 T2=  15  P= 534  D=   1 * 0
 X= 806 X2= 807  Y= 708 Y2= 712 P1= 907 P2= 547 T1=  13 T2=  15  P= 530  D=   1 * 0
 X= 806 X2= 807  Y= 708 Y2= 713 P1= 909 P2= 537 T1=  14 T2=  15  P= 557  D=   1 * 1
 X=1023 X2= 994  Y= 976 Y2=1023 P1=1023 P2=   0 T1=1021 T2= 922  P= 557  D=   1 
 X=1000 X2=1008  Y= 984 Y2=1020 P1=1023 P2=   0 T1=1020 T2= 911  P= 557  D=   1 
 X= 934 X2=1023  Y= 962 Y2=1019 P1=1023 P2=   0 T1=1021 T2= 919  P= 557  D=   1 
 X= 902 X2=1023  Y= 977 Y2=1023 P1=1023 P2=   0 T1=1022 T2= 949  P= 557  D=   1 
 X= 989 X2=1006  Y= 979 Y2=1020 P1=1023 P2=   0 T1=1022 T2= 858  P= 557  D=   1 
 X= 873 X2=1017  Y= 979 Y2=1019 P1=1023 P2=   0 T1=1022 T2= 929  P= 557  D=   1 
 X= 978 X2=1022  Y= 983 Y2=1019 P1=1023 P2=   0 T1=1022 T2= 924  P= 557  D=   1 
 X=1023 X2= 999  Y= 985 Y2=1021 P1=1023 P2=   0 T1=1023 T2= 927  P= 557  D=   1 
 X= 981 X2=1023  Y= 994 Y2=1020 P1=1023 P2=   0 T1=1021 T2= 922  P= 557  D=   1 
 X= 934 X2=1023  Y= 993 Y2=1023 P1=1023 P2=   0 T1=1020 T2= 933  P= 557  D=   1 
 X= 974 X2=1023  Y= 985 Y2=1020 P1=1023 P2=   0 T1=1023 T2= 915  P= 557  D=   1 
 X= 946 X2=1019  Y= 962 Y2=1023 P1=1023 P2=   0 T1=1023 T2= 915  P= 557  D=   1 
 X= 806 X2=1023  Y= 979 Y2=1023 P1=1023 P2=   0 T1=1023 T2= 931  P= 557  D=   1 
 X=1005 X2=1016  Y= 984 Y2=1023 P1=1023 P2=   0 T1=1022 T2= 928  P= 557  D=   1 
 X= 878 X2=1017  Y= 987 Y2=1021 P1=1023 P2=   0 T1=1023 T2= 872  P= 557  D=   1 
 X= 827 X2=1023  Y= 987 Y2=1023 P1=1023 P2=   0 T1=1023 T2= 921  P= 557  D=   1 
 X= 969 X2=1023  Y= 978 Y2=1020 P1=1023 P2=   0 T1=1023 T2= 931  P= 557  D=   1 
 X=1023 X2=1010  Y= 987 Y2=1023 P1=1023 P2=   0 T1=1021 T2= 930  P= 557  D=   1 
 X= 871 X2=1023  Y= 987 Y2=1020 P1=1023 P2=   0 T1=1023 T2= 943  P= 557  D=   1 
 X= 919 X2=1023  Y= 987 Y2=1020 P1=1023 P2=   0 T1=1023 T2= 925  P= 557  D=   1 
 X= 868 X2=1015  Y= 983 Y2=1019 P1=1023 P2=   0 T1=1019 T2= 934  P= 557  D=   1 
 X= 827 X2=1023  Y= 977 Y2=1023 P1=1023 P2=   0 T1=1023 T2= 943  P= 557  D=   1 
 X= 912 X2=1023  Y= 961 Y2=1023 P1=1023 P2=   0 T1=1023 T2= 944  P= 557  D=   1 
 X= 979 X2= 996  Y= 985 Y2=1020 P1=1023 P2=   0 T1=1021 T2= 942  P= 557  D=   1 
 X= 948 X2=1014  Y= 980 Y2=1017 P1=1023 P2=   0 T1=1020 T2= 944  P= 557  D=   1 
 X= 973 X2=1022  Y= 991 Y2=1023 P1=1023 P2=   0 T1=1023 T2= 931  P= 557  D=   1 
 X= 971 X2= 998  Y= 963 Y2=1023 P1=1023 P2=   0 T1=1021 T2= 940  P= 557  D=   1 
 X= 926 X2=1008  Y= 979 Y2=1021 P1=1023 P2=   0 T1=1023 T2= 917  P= 557  D=   1 
 X= 858 X2=1022  Y= 971 Y2=1023 P1=1023 P2=   0 T1=1020 T2= 928  P= 557  D=   1 
 X= 949 X2=1021  Y= 947 Y2=1021 P1=1023 P2=   0 T1=1020 T2= 944  P= 557  D=   1 
 X= 867 X2=1019  Y= 976 Y2=1020 P1=1023 P2=   0 T1=1020 T2= 938  P= 557  D=   1 
 X= 916 X2=1022  Y= 956 Y2=1020 P1=1023 P2=   0 T1=1021 T2= 924  P= 557  D=   1 
 X=1023 X2=1008  Y= 954 Y2=1020 P1=1022 P2=   0 T1=1021 T2= 955  P= 557  D=   1 
 X=1000 X2=1015  Y= 979 Y2=1023 P1=1023 P2=   0 T1=1020 T2= 927  P= 557  D=   1 
 X= 951 X2=1022  Y= 989 Y2=1019 P1=1023 P2=   0 T1=1023 T2= 937  P= 557  D=   1 
 X= 930 X2=1023  Y= 975 Y2=1023 P1=1023 P2=   0 T1=1023 T2= 921  P= 557  D=   1 
 X=1016 X2=1012  Y= 988 Y2=1023 P1=1023 P2=   0 T1=1023 T2= 915  P= 557  D=   1 
 X= 971 X2=1022  Y= 984 Y2=1018 P1=1023 P2=   0 T1=1023 T2= 923  P= 557  D=   1 
 X= 964 X2=1023  Y= 987 Y2=1020 P1=1023 P2=   0 T1=1019 T2= 886  P= 557  D=   1 
 X= 962 X2=1019  Y= 981 Y2=1021 P1=1023 P2=   0 T1=1021 T2= 937  P= 557  D=   1 
 X= 883 X2=1022  Y= 971 Y2=1023 P1=1023 P2=   0 T1=1021 T2= 925  P= 557  D=   1 
 X= 976 X2= 993  Y= 961 Y2=1023 P1=1023 P2=   0 T1=1020 T2= 921  P= 557  D=   1 
 X= 954 X2=1023  Y= 981 Y2=1020 P1=1023 P2=   0 T1=1023 T2= 933  P= 557  D=   1 
 X= 975 X2=1023  Y= 987 Y2=1020 P1=1023 P2=   0 T1=1020 T2= 931  P= 557  D=   1 
 X= 956 X2=1023  Y= 970 Y2=1020 P1=1023 P2=   0 T1=1021 T2= 942  P= 557  D=   1 
 X=1023 X2= 994  Y= 971 Y2=1023 P1=1023 P2=   0 T1=1023 T2= 926  P= 557  D=   1 
 X= 934 X2=1023  Y= 990 Y2=1021 P1=1023 P2=   0 T1=1023 T2= 934  P= 557  D=   1 
 X= 913 X2=1023  Y= 973 Y2=1019 P1=1023 P2=   0 T1=1020 T2= 928  P= 557  D=   1 
 X=1008 X2= 985  Y= 981 Y2=1023 P1=1023 P2=   0 T1=1021 T2= 941  P= 557  D=   1 
 X= 970 X2=1023  Y= 982 Y2=1021 P1=1023 P2=   0 T1=1023 T2= 927  P= 557  D=   1 
 X= 943 X2=1023  Y= 987 Y2=1023 P1=1023 P2=   0 T1=1023 T2= 920  P= 557  D=   1 
 X=1023 X2=1010  Y= 978 Y2=1023 P1=1023 P2=   0 T1=1023 T2= 928  P= 557  D=   1 
 X= 948 X2=1023  Y= 974 Y2=1020 P1=1023 P2=   0 T1=1021 T2= 918  P= 557  D=   1 
 X= 900 X2=1023  Y= 984 Y2=1023 P1=1023 P2=   0 T1=1021 T2= 901  P= 557  D=   1 
 X= 978 X2=1021  Y= 970 Y2=1020 P1=1023 P2=   0 T1=1023 T2= 927  P= 557  D=   1 
 X= 957 X2=1023  Y= 987 Y2=1020 P1=1023 P2=   0 T1=1020 T2= 941  P= 557  D=   1 
 X= 873 X2=1023  Y= 977 Y2=1023 P1=1023 P2=   0 T1=1020 T2= 947  P= 557  D=   1 
 X= 944 X2=1023  Y= 988 Y2=1023 P1=1023 P2=   0 T1=1023 T2= 941  P= 557  D=   1 
 X= 998 X2=1010  Y= 982 Y2=1020 P1=1023 P2=   0 T1=1021 T2= 923  P= 557  D=   1 
 X= 894 X2=1020  Y= 988 Y2=1020 P1=1023 P2=   0 T1=1020 T2= 917  P= 557  D=   1 
 X= 959 X2=1023  Y= 964 Y2=1020 P1=1023 P2=   0 T1=1021 T2= 916  P= 557  D=   1 
 X=1023 X2=1008  Y= 976 Y2=1023 P1=1023 P2=   0 T1=1021 T2= 924  P= 557  D=   1 
 X= 939 X2=1023  Y= 986 Y2=1023 P1=1023 P2=   0 T1=1023 T2= 926  P= 557  D=   1 
 X= 935 X2=1023  Y= 984 Y2=1021 P1=1023 P2=   0 T1=1023 T2= 943  P= 557  D=   1 
 X=1023 X2=1009  Y= 983 Y2=1020 P1=1023 P2=   0 T1=1021 T2= 933  P= 557  D=   1 
 X= 958 X2=1023  Y=1019 Y2=1020 P1=1023 P2=   0 T1=1023 T2=1018  P= 557  D=   1 
 X=1023 X2=1015  Y= 984 Y2=1023 P1=1023 P2=   0 T1=1020 T2= 927  P= 557  D=   1 
 X= 994 X2=1015  Y= 983 Y2=1021 P1=1023 P2=   0 T1=1023 T2= 885  P= 557  D=   1 
 X= 953 X2=1023  Y= 993 Y2=1023 P1=1023 P2=   0 T1=1021 T2= 864  P= 557  D=   1 
 X= 963 X2=1022  Y= 989 Y2=1019 P1=1023 P2=   0 T1=1023 T2= 935  P= 557  D=   1 
 X= 942 X2= 994  Y= 963 Y2=1021 P1=1023 P2=   0 T1=1021 T2= 922  P= 557  D=   1 
 X= 981 X2=1008  Y= 958 Y2=1019 P1=1023 P2=   0 T1=1023 T2= 935  P= 557  D=   1 
 X= 919 X2=1023  Y=1000 Y2=1023 P1=1023 P2=   0 T1=1020 T2= 946  P= 557  D=   1 
 X=1023 X2=1006  Y= 983 Y2=1023 P1=1023 P2=   0 T1=1021 T2= 910  P= 557  D=   1 
 X= 869 X2=1020  Y= 983 Y2=1023 P1=1023 P2=   0 T1=1023 T2= 940  P= 557  D=   1 
 X= 899 X2=1023  Y= 983 Y2=1021 P1=1023 P2=   0 T1=1021 T2= 924  P= 557  D=   1 
 X=1023 X2=1007  Y= 978 Y2=1023 P1=1023 P2=   0 T1=1018 T2= 924  P= 557  D=   1 
 X= 967 X2=1023  Y= 995 Y2=1021 P1=1023 P2=   0 T1=1021 T2= 918  P= 557  D=   1 
 X= 807 X2= 808  Y= 707 Y2= 712 P1= 905 P2= 558 T1=  13 T2=  13  P= 501  D=   1 * 2
 X=1023 X2=1008  Y= 993 Y2=1020 P1=1023 P2=   0 T1=1023 T2= 933  P= 501  D=   1 
 X= 948 X2= 996  Y= 975 Y2=1023 P1=1023 P2=   0 T1=1023 T2= 916  P= 501  D=   1 
 X= 808 X2= 810  Y= 708 Y2= 712 P1= 909 P2= 535 T1=  14 T2=  16  P= 565  D=   1 * 3
 X= 808 X2= 807  Y= 709 Y2= 713 P1= 909 P2= 539 T1=  15 T2=  14  P= 553  D=   1 * 4
 X= 807 X2= 808  Y= 707 Y2= 712 P1= 908 P2= 543 T1=  15 T2=  14  P= 542  D=   1 * 5
 X= 808 X2= 810  Y= 708 Y2= 713 P1= 908 P2= 543 T1=  14 T2=  14  P= 543  D=   1 * 6
 X= 807 X2= 809  Y= 708 Y2= 712 P1= 908 P2= 544 T1=  14 T2=  14  P= 540  D=   1 * 7
 X= 808 X2= 809  Y= 707 Y2= 713 P1= 908 P2= 544 T1=  13 T2=  14  P= 540  D=   1 * 8
 X= 808 X2= 809  Y= 708 Y2= 712 P1= 907 P2= 545 T1=  15 T2=  13  P= 536  D=   1 * 9
 X= 807 X2= 808  Y= 710 Y2= 712 P1= 907 P2= 546 T1=  14 T2=  13  P= 533  D=   1 * 10
 X= 809 X2= 808  Y= 708 Y2= 712 P1= 907 P2= 545 T1=  14 T2=  14  P= 536  D=   1 * 11
 X= 807 X2= 809  Y= 708 Y2= 712 P1= 908 P2= 546 T1=  13 T2=  14  P= 535  D=   1 * 12
 X= 807 X2= 810  Y= 708 Y2= 712 P1= 907 P2= 546 T1=  15 T2=  13  P= 534  D=   1 * 13
 X= 808 X2= 809  Y= 708 Y2= 712 P1= 908 P2= 547 T1=  13 T2=  17  P= 532  D=   1 * 14
 X= 804 X2= 809  Y= 708 Y2= 712 P1= 908 P2= 546 T1=  13 T2=  14  P= 534  D=   1 * 15
 X= 807 X2= 809  Y= 708 Y2= 713 P1= 908 P2= 546 T1=  14 T2=  14  P= 535  D=   1 * 16
 X= 809 X2= 809  Y= 708 Y2= 712 P1= 908 P2= 546 T1=  13 T2=  14  P= 536  D=   1 * 17
 X= 809 X2= 809  Y= 708 Y2= 713 P1= 907 P2= 546 T1=  14 T2=  14  P= 534  D=   1 * 18
 X= 807 X2= 808  Y= 708 Y2= 712 P1= 908 P2= 546 T1=  14 T2=  13  P= 535  D=   1 * 19
 X= 807 X2= 808  Y= 709 Y2= 712 P1= 907 P2= 547 T1=  14 T2=  13  P= 531  D=   1 * 20
 X= 806 X2= 808  Y= 708 Y2= 713 P1= 906 P2= 546 T1=  13 T2=  14  P= 531  D=   1 * 21
 X= 807 X2= 809  Y= 708 Y2= 712 P1= 907 P2= 547 T1=  14 T2=  14  P= 531  D=   1 * 22
 X= 807 X2= 808  Y= 708 Y2= 712 P1= 907 P2= 546 T1=  14 T2=  14  P= 533  D=   1 * 23
 X= 807 X2= 808  Y= 708 Y2= 712 P1= 904 P2= 546 T1=  11 T2=  14  P= 528  D=   1 * 24
Remove Pin
 X= 806 X2= 811  Y= 708 Y2= 713 P1= 907 P2= 546 T1=  14 T2=  14  P= 534  D=   1 * 24
 X= 808 X2= 807  Y= 708 Y2= 712 P1= 907 P2= 546 T1=  14 T2=  14  P= 533  D=   1 * 24
 X= 810 X2= 808  Y= 710 Y2= 712 P1= 907 P2= 546 T1=  14 T2=  14  P= 534  D=   1 * 24
 X= 805 X2= 808  Y= 708 Y2= 712 P1= 908 P2= 546 T1=  13 T2=  14  P= 534  D=   1 * 24
 X= 808 X2= 808  Y= 708 Y2= 713 P1= 908 P2= 546 T1=  14 T2=  14  P= 535  D=   1 * 24
 X= 807 X2= 808  Y= 708 Y2= 713 P1= 908 P2= 547 T1=  14 T2=  14  P= 531  D=   1 * 24
 X= 808 X2= 808  Y= 708 Y2= 712 P1= 907 P2= 547 T1=  13 T2=  13  P= 531  D=   1 * 24
 X= 808 X2= 809  Y= 708 Y2= 713 P1= 907 P2= 546 T1=  14 T2=  13  P= 534  D=   1 * 24
 X= 807 X2= 808  Y= 707 Y2= 713 P1= 907 P2= 546 T1=  14 T2=  13  P= 533  D=   1 * 24
 X= 807 X2= 808  Y= 707 Y2= 712 P1= 907 P2= 547 T1=  14 T2=  15  P= 531  D=   1 * 24
 X= 807 X2= 809  Y= 708 Y2= 712 P1= 907 P2= 547 T1=  15 T2=  14  P= 531  D=   1 * 24
 X= 808 X2= 807  Y= 708 Y2= 713 P1= 908 P2= 546 T1=  14 T2=  14  P= 535  D=   1 * 24
 X= 808 X2= 809  Y= 708 Y2= 712 P1= 907 P2= 547 T1=  14 T2=  14  P= 531  D=   1 * 24
 X= 808 X2= 809  Y= 707 Y2= 712 P1= 907 P2= 546 T1=  14 T2=  13  P= 534  D=   1 * 24
 X= 807 X2= 808  Y= 708 Y2= 712 P1= 908 P2= 547 T1=  14 T2=  14  P= 531  D=   1 * 24
 X= 807 X2= 809  Y= 708 Y2= 712 P1= 908 P2= 547 T1=  14 T2=  16  P= 532  D=   1 * 24
 X= 806 X2= 808  Y= 708 Y2= 711 P1= 907 P2= 547 T1=  14 T2=  14  P= 531  D=   1 * 24
 X= 808 X2= 810  Y= 708 Y2= 712 P1= 908 P2= 547 T1=  14 T2=  14  P= 533  D=   1 * 24
 X= 808 X2= 808  Y= 708 Y2= 713 P1= 908 P2= 547 T1=  14 T2=  13  P= 532  D=   1 * 24
 X= 807 X2= 807  Y= 707 Y2= 712 P1= 907 P2= 547 T1=  13 T2=  14  P= 531  D=   1 * 24
 X= 808 X2= 808  Y= 708 Y2= 711 P1= 907 P2= 547 T1=  14 T2=  14  P= 531  D=   1 * 24
 X= 808 X2= 808  Y= 707 Y2= 712 P1= 907 P2= 547 T1=  13 T2=  13  P= 531  D=   1 * 24
 X= 807 X2= 809  Y= 708 Y2= 712 P1= 908 P2= 547 T1=  13 T2=  14  P= 532  D=   1 * 24
 X= 809 X2= 808  Y= 708 Y2= 713 P1= 908 P2= 546 T1=  15 T2=  13  P= 535  D=   1 * 24
 X= 803 X2= 809  Y= 708 Y2= 712 P1= 908 P2= 547 T1=  13 T2=  14  P= 531  D=   1 * 24
 X= 808 X2= 809  Y= 708 Y2= 713 P1= 907 P2= 546 T1=  13 T2=  14  P= 534  D=   1 * 24
 X= 807 X2= 810  Y= 708 Y2= 713 P1= 907 P2= 547 T1=  14 T2=  13  P= 531  D=   1 * 24
 X= 807 X2= 808  Y= 708 Y2= 712 P1= 906 P2= 547 T1=  14 T2=  14  P= 529  D=   1 * 24
 X= 807 X2= 809  Y= 707 Y2= 712 P1= 907 P2= 547 T1=  13 T2=  16  P= 531  D=   1 * 24
 X= 807 X2= 809  Y= 708 Y2= 713 P1= 908 P2= 547 T1=  14 T2=  14  P= 532  D=   1 * 24
 X= 809 X2= 809  Y= 708 Y2= 713 P1= 907 P2= 547 T1=  13 T2=  14  P= 532  D=   1 * 24
 X= 807 X2= 809  Y= 707 Y2= 713 P1= 907 P2= 549 T1=  14 T2=  13  P= 526  D=   1 * 24
 X= 806 X2= 808  Y= 708 Y2= 711 P1= 910 P2= 534 T1=  15 T2=  15  P= 568  D=   1 * 24
 X= 923 X2=1023  Y= 969 Y2=1020 P1=1023 P2=   0 T1=1021 T2= 929  P= 568  D=   1 
 X= 996 X2=1022  Y= 957 Y2=1023 P1=1023 P2=   0 T1=1023 T2= 926  P= 568  D=   1 
 X= 866 X2=1023  Y= 967 Y2=1020 P1=1023 P2=   0 T1=1023 T2= 918  P= 568  D=   1 
target state=4 point=23,249
 X= 930 X2=1018  Y= 991 Y2=1023 P1=1023 P2=   0 T1=1021 T2= 866  P= 568  D=   1 
 X= 819 X2=1023  Y= 978 Y2=1018 P1=1023 P2=   0 T1=1020 T2= 940  P= 568  D=   1 
 X=1023 X2=1000  Y= 980 Y2=1022 P1=1023 P2=   0 T1=1020 T2= 934  P= 568  D=   1 
 X= 977 X2= 990  Y= 994 Y2=1023 P1=1023 P2=   0 T1=1023 T2= 925  P= 568  D=   1 
 X=1023 X2= 998  Y= 979 Y2=1021 P1=1023 P2=   0 T1=1023 T2= 911  P= 568  D=   1 
 X= 797 X2=1021  Y= 990 Y2=1021 P1=1023 P2=   0 T1=1021 T2= 927  P= 568  D=   1 
 X= 867 X2=1023  Y= 981 Y2=1023 P1=1023 P2=   0 T1=1023 T2= 910  P= 568  D=   1 
 X= 962 X2=1016  Y= 973 Y2=1021 P1=1023 P2=   0 T1=1020 T2= 926  P= 568  D=   1 
 X= 943 X2=1019  Y= 981 Y2=1023 P1=1023 P2=   0 T1=1021 T2= 928  P= 568  D=   1 
 X=1023 X2= 996  Y= 984 Y2=1023 P1=1023 P2=   0 T1=1023 T2= 915  P= 568  D=   1 
 X=1023 X2=1010  Y= 981 Y2=1020 P1=1023 P2=   0 T1=1020 T2= 910  P= 568  D=   1 
 X= 989 X2= 997  Y= 989 Y2=1023 P1=1023 P2=   0 T1=1023 T2= 923  P= 568  D=   1 
 X= 936 X2=1023  Y= 984 Y2=1021 P1=1023 P2=   0 T1=1023 T2= 916  P= 568  D=   1 
 X=1007 X2=1016  Y= 974 Y2=1020 P1=1023 P2=   0 T1=1023 T2= 908  P= 568  D=   1 
 X= 934 X2=1023  Y= 992 Y2=1018 P1=1023 P2=   0 T1=1020 T2= 916  P= 568  D=   1 
 X= 910 X2=1023  Y= 986 Y2=1021 P1=1023 P2=   0 T1=1023 T2= 919  P= 568  D=   1 
 X= 864 X2=1019  Y= 987 Y2=1022 P1=1023 P2=   0 T1=1019 T2= 913  P= 568  D=   1 
 X= 869 X2=1019  Y= 993 Y2=1020 P1=1023 P2=   0 T1=1020 T2= 919  P= 568  D=   1 
 X= 910 X2=1018  Y= 987 Y2=1020 P1=1023 P2=   0 T1=1023 T2= 942  P= 568  D=   1 
 X=1023 X2=1004  Y= 987 Y2=1021 P1=1023 P2=   0 T1=1020 T2= 918  P= 568  D=   1 
 X=1020 X2= 990  Y= 957 Y2=1023 P1=1023 P2=   0 T1=1023 T2= 932  P= 568  D=   1 
 X= 953 X2=1023  Y= 982 Y2=1023 P1=1023 P2=   0 T1=1023 T2= 938  P= 568  D=   1 
 X= 965 X2=1023  Y= 992 Y2=1019 P1=1023 P2=   0 T1=1019 T2= 933  P= 568  D=   1 
 X= 798 X2=1023  Y= 985 Y2=1020 P1=1023 P2=   0 T1=1021 T2= 935  P= 568  D=   1 
 X= 872 X2=1023  Y= 976 Y2=1020 P1=1023 P2=   0 T1=1022 T2= 948  P= 568  D=   1 
 X= 911 X2=1023  Y= 978 Y2=1019 P1=1023 P2=   0 T1=1022 T2= 862  P= 568  D=   1 
 X= 962 X2=1015  Y= 983 Y2=1020 P1=1023 P2=   0 T1=1020 T2= 933  P= 568  D=   1 
 X=1010 X2=1023  Y=1020 Y2=1020 P1=1023 P2=   0 T1=1023 T2=1019  P= 568  D=   1 
 X= 931 X2=1019  Y= 962 Y2=1023 P1=1023 P2=   0 T1=1021 T2= 933  P= 568  D=   1 
 X=1021 X2=1015  Y= 989 Y2=1023 P1=1023 P2=   0 T1=1019 T2= 937  P= 568  D=   1 
 X= 991 X2= 999  Y= 996 Y2=1020 P1=1023 P2=   0 T1=1020 T2= 925  P= 568  D=   1 
 X= 966 X2=1022  Y= 989 Y2=1020 P1=1023 P2=   0 T1=1020 T2= 943  P= 568  D=   1 
 X= 924 X2=1021  Y= 989 Y2=1023 P1=1023 P2=   0 T1=1021 T2= 927  P= 568  D=   1 
 X= 932 X2=1022  Y= 965 Y2=1019 P1=1023 P2=   0 T1=1023 T2= 933  P= 568  D=   1 
 X= 999 X2=1023  Y= 964 Y2=1023 P1=1023 P2=   0 T1=1020 T2= 889  P= 568  D=   1 
 X= 869 X2=1018  Y= 993 Y2=1019 P1=1023 P2=   0 T1=1020 T2= 923  P= 568  D=   1 
 X= 969 X2=1014  Y= 960 Y2=1020 P1=1023 P2=   0 T1=1023 T2= 935  P= 568  D=   1 
 X= 939 X2=1023  Y= 993 Y2=1020 P1=1023 P2=   0 T1=1022 T2= 919  P= 568  D=   1 
 X= 891 X2=1019  Y= 972 Y2=1020 P1=1023 P2=   0 T1=1023 T2= 939  P= 568  D=   1 
 X=1022 X2=1010  Y= 993 Y2=1020 P1=1023 P2=   0 T1=1023 T2= 923  P= 568  D=   1 
 X= 836 X2=1023  Y= 982 Y2=1023 P1=1023 P2=   0 T1=1021 T2= 927  P= 568  D=   1 
 X= 955 X2=1023  Y= 952 Y2=1019 P1=1023 P2=   0 T1=1023 T2= 859  P= 568  D=   1 
 X= 872 X2=1020  Y= 986 Y2=1023 P1=1023 P2=   0 T1=1020 T2= 923  P= 568  D=   1 
 X= 907 X2=1018  Y= 984 Y2=1021 P1=1023 P2=   0 T1=1020 T2= 944  P= 568  D=   1 
 X=1014 X2= 998  Y= 981 Y2=1020 P1=1023 P2=   0 T1=1023 T2= 920  P= 568  D=   1 
 X= 936 X2=1023  Y= 996 Y2=1021 P1=1023 P2=   0 T1=1019 T2= 932  P= 568  D=   1 
 X= 904 X2=1023  Y= 971 Y2=1020 P1=1023 P2=   0 T1=1022 T2= 924  P= 568  D=   1 
 X=1023 X2=1015  Y= 957 Y2=1020 P1=1023 P2=   0 T1=1021 T2= 927  P= 568  D=   1 
 X=1007 X2=1000  Y= 979 Y2=1019 P1=1023 P2=   0 T1=1023 T2= 924  P= 568  D=   1 
 X= 790 X2=1023  Y= 982 Y2=1023 P1=1023 P2=   0 T1=1021 T2= 876  P= 568  D=   1 
 X= 834 X2=1023  Y= 988 Y2=1023 P1=1023 P2=   0 T1=1021 T2= 918  P= 568  D=   1 
 X= 952 X2=1023  Y= 996 Y2=1023 P1=1023 P2=   0 T1=1020 T2= 921  P= 568  D=   1 
 X= 937 X2=1022  Y= 980 Y2=1019 P1=1023 P2=   0 T1=1022 T2= 928  P= 568  D=   1 
 X= 824 X2=1023  Y= 970 Y2=1023 P1=1023 P2=   0 T1=1021 T2= 906  P= 568  D=   1 
 X=1021 X2=1014  Y= 979 Y2=1023 P1=1023 P2=   0 T1=1023 T2= 927  P= 568  D=   1 
 X= 995 X2=1006  Y= 964 Y2=1021 P1=1023 P2=   0 T1=1021 T2= 932  P= 568  D=   1 
 X= 928 X2=1023  Y= 973 Y2=1023 P1=1023 P2=   0 T1=1023 T2= 927  P= 568  D=   1 
 X= 928 X2=1023  Y= 983 Y2=1020 P1=1023 P2=   0 T1=1023 T2= 932  P= 568  D=   1 
 X= 924 X2=1023  Y= 983 Y2=1020 P1=1023 P2=   0 T1=1020 T2= 943  P= 568  D=   1 
 X= 847 X2=1023  Y= 983 Y2=1023 P1=1023 P2=   0 T1=1020 T2= 929  P= 568  D=   1 
 X= 923 X2=1023  Y= 985 Y2=1023 P1=1023 P2=   0 T1=1023 T2= 932  P= 568  D=   1 
 X= 954 X2=1019  Y= 978 Y2=1020 P1=1023 P2=   0 T1=1021 T2= 921  P= 568  D=   1 
 X= 948 X2=1021  Y= 992 Y2=1020 P1=1023 P2=   0 T1=1023 T2= 910  P= 568  D=   1 
 X= 981 X2=1022  Y= 961 Y2=1023 P1=1023 P2=   0 T1=1023 T2= 915  P= 568  D=   1 
 X= 230 X2= 232  Y= 706 Y2= 701 P1= 840 P2= 212 T1=  94 T2=  29  P= 568  D=   1 
 X= 985 X2=1023  Y= 973 Y2=1023 P1=1023 P2=   0 T1=1020 T2= 905  P= 568  D=   1 
 X= 229 X2= 232  Y= 706 Y2= 702 P1= 834 P2= 231 T1=  22 T2=  22  P= 600  D=   1 * 0
 X= 231 X2= 234  Y= 705 Y2= 702 P1= 844 P2= 218 T1=  23 T2=  23  P= 666  D=   1 * 0
 X= 228 X2= 231  Y= 707 Y2= 702 P1= 838 P2= 225 T1=  22 T2=  22  P= 623  D=   1 * 0
 X= 230 X2= 233  Y= 706 Y2= 701 P1= 839 P2= 224 T1=  23 T2=  23  P= 634  D=   1 * 0
 X= 230 X2= 232  Y= 708 Y2= 702 P1= 839 P2= 225 T1=  22 T2=  23  P= 630  D=   1 * 1
 X= 230 X2= 232  Y= 705 Y2= 702 P1= 839 P2= 225 T1=  22 T2=  22  P= 630  D=   1 * 2
 X= 230 X2= 233  Y= 706 Y2= 702 P1= 838 P2= 226 T1=  23 T2=  22  P= 625  D=   1 * 3
 X= 230 X2= 233  Y= 706 Y2= 702 P1= 837 P2= 225 T1=  22 T2=  22  P= 628  D=   1 * 4
 X= 230 X2= 232  Y= 705 Y2= 702 P1= 838 P2= 226 T1=  22 T2=  22  P= 625  D=   1 * 5
 X= 230 X2= 232  Y= 706 Y2= 702 P1= 837 P2= 227 T1=  23 T2=  22  P= 620  D=   1 * 6
 X= 231 X2= 232  Y= 705 Y2= 701 P1= 837 P2= 226 T1=  22 T2=  22  P= 624  D=   1 * 7
 X= 230 X2= 232  Y= 705 Y2= 702 P1= 837 P2= 227 T1=  22 T2=  24  P= 620  D=   1 * 8
 X= 229 X2= 232  Y= 706 Y2= 702 P1= 837 P2= 227 T1=  22 T2=  23  P= 618  D=   1 * 9
 X= 230 X2= 232  Y= 706 Y2= 702 P1= 837 P2= 228 T1=  24 T2=  22  P= 617  D=   1 * 10
 X= 230 X2= 231  Y= 706 Y2= 701 P1= 836 P2= 228 T1=  22 T2=  22  P= 613  D=   1 * 11
 X= 230 X2= 232  Y= 706 Y2= 701 P1= 837 P2= 227 T1=  22 T2=  22  P= 620  D=   1 * 12
 X= 230 X2= 232  Y= 706 Y2= 701 P1= 837 P2= 228 T1=  22 T2=  22  P= 617  D=   1 * 13
 X= 230 X2= 233  Y= 706 Y2= 701 P1= 836 P2= 227 T1=  22 T2=  22  P= 619  D=   1 * 14
 X= 230 X2= 232  Y= 706 Y2= 701 P1= 836 P2= 227 T1=  22 T2=  22  P= 619  D=   1 * 15
 X= 230 X2= 233  Y= 705 Y2= 701 P1= 836 P2= 228 T1=  22 T2=  22  P= 615  D=   1 * 16
 X= 230 X2= 232  Y= 706 Y2= 702 P1= 836 P2= 227 T1=  23 T2=  23  P= 619  D=   1 * 17
 X= 230 X2= 233  Y= 706 Y2= 701 P1= 836 P2= 228 T1=  22 T2=  22  P= 615  D=   1 * 18
 X= 229 X2= 232  Y= 706 Y2= 701 P1= 836 P2= 228 T1=  22 T2=  22  P= 613  D=   1 * 19
 X= 231 X2= 232  Y= 707 Y2= 701 P1= 836 P2= 228 T1=  22 T2=  22  P= 615  D=   1 * 20
 X= 229 X2= 232  Y= 706 Y2= 702 P1= 834 P2= 228 T1=  22 T2=  23  P= 611  D=   1 * 21
 X= 230 X2= 232  Y= 706 Y2= 701 P1= 836 P2= 227 T1=  23 T2=  22  P= 619  D=   1 * 22
 X= 231 X2= 232  Y= 706 Y2= 702 P1= 836 P2= 228 T1=  23 T2=  22  P= 615  D=   1 * 23
 X= 230 X2= 232  Y= 706 Y2= 701 P1= 836 P2= 229 T1=  22 T2=  23  P= 612  D=   1 * 24
Remove Pin
 X= 230 X2= 232  Y= 706 Y2= 701 P1= 836 P2= 228 T1=  22 T2=  22  P= 615  D=   1 * 24
 X= 229 X2= 230  Y= 706 Y2= 700 P1= 836 P2= 228 T1=  22 T2=  22  P= 610  D=   1 * 24
 X= 228 X2= 233  Y= 706 Y2= 701 P1= 836 P2= 228 T1=  22 T2=  22  P= 613  D=   1 * 24
 X= 230 X2= 233  Y= 706 Y2= 701 P1= 836 P2= 228 T1=  22 T2=  22  P= 615  D=   1 * 24
 X= 231 X2= 231  Y= 706 Y2= 702 P1= 835 P2= 228 T1=  21 T2=  22  P= 614  D=   1 * 24
 X= 230 X2= 233  Y= 705 Y2= 702 P1= 836 P2= 228 T1=  22 T2=  22  P= 615  D=   1 * 24
 X= 229 X2= 232  Y= 707 Y2= 701 P1= 836 P2= 228 T1=  21 T2=  22  P= 613  D=   1 * 24
 X= 230 X2= 232  Y= 706 Y2= 701 P1= 836 P2= 228 T1=  22 T2=  22  P= 615  D=   1 * 24
 X= 230 X2= 232  Y= 707 Y2= 701 P1= 836 P2= 228 T1=  22 T2=  22  P= 615  D=   1 * 24
 X= 230 X2= 233  Y= 705 Y2= 699 P1= 836 P2= 227 T1=  22 T2=  23  P= 619  D=   1 * 24
 X= 229 X2= 233  Y= 706 Y2= 702 P1= 836 P2= 228 T1=  22 T2=  22  P= 615  D=   1 * 24
 X= 230 X2= 232  Y= 706 Y2= 701 P1= 836 P2= 228 T1=  22 T2=  23  P= 615  D=   1 * 24
 X= 230 X2= 232  Y= 706 Y2= 701 P1= 836 P2= 229 T1=  22 T2=  20  P= 612  D=   1 * 24
 X= 230 X2= 231  Y= 706 Y2= 701 P1= 836 P2= 228 T1=  22 T2=  22  P= 613  D=   1 * 24
 X= 230 X2= 231  Y= 706 Y2= 701 P1= 836 P2= 228 T1=  22 T2=  23  P= 613  D=   1 * 24
 X= 231 X2= 232  Y= 705 Y2= 701 P1= 836 P2= 229 T1=  23 T2=  22  P= 612  D=   1 * 24
 X= 230 X2= 232  Y= 706 Y2= 701 P1= 835 P2= 229 T1=  24 T2=  25  P= 611  D=   1 * 24
 X= 230 X2= 232  Y= 705 Y2= 702 P1= 835 P2= 229 T1=  22 T2=  22  P= 611  D=   1 * 24
 X= 230 X2= 232  Y= 704 Y2= 701 P1= 836 P2= 228 T1=  22 T2=  22  P= 615  D=   1 * 24
 X= 230 X2= 232  Y= 706 Y2= 701 P1= 836 P2= 228 T1=  22 T2=  22  P= 615  D=   1 * 24
 X= 230 X2= 233  Y= 706 Y2= 701 P1= 836 P2= 229 T1=  22 T2=  22  P= 612  D=   1 * 24
 X= 880 X2=1018  Y= 985 Y2=1023 P1=1023 P2=   0 T1=1023 T2= 931  P= 612  D=   1 
 X= 941 X2=1022  Y= 987 Y2=1020 P1=1023 P2=   0 T1=1021 T2= 943  P= 612  D=   1 
 X=1022 X2=1009  Y= 981 Y2=1023 P1=1023 P2=   0 T1=1023 T2= 926  P= 612  D=   1 
Target Noise  x= 2.50 y= 2.50
X[0]: Target=240   522/ 523/ 524 Stdev= 0.55 N= 24  Y[0]: Target=136   517/ 519/ 519 Stdev= 0.55 N= 24
X[1]: Target= 23   232/ 233/ 234 Stdev= 0.58 N= 24  Y[1]: Target= 22   322/ 324/ 326 Stdev= 0.86 N= 24
X[2]: Target=456   804/ 808/ 809 Stdev= 1.03 N= 24  Y[2]: Target= 22   327/ 327/ 329 Stdev= 0.55 N= 24
X[3]: Target=456   806/ 808/ 809 Stdev= 0.89 N= 24  Y[3]: Target=249   709/ 710/ 711 Stdev= 0.40 N= 24
X[4]: Target= 23   230/ 231/ 231 Stdev= 0.37 N= 24  Y[4]: Target=249   703/ 703/ 705 Stdev= 0.56 N= 24
N=24 Avg=17
min: 16 16 17 17 17 17 
max: 19 18 18 18 18 18 
N=24 Avg=21
min: 21 21 21 21 21 21 
max: 23 22 22 22 22 22 
N=24 Avg=13
min: 13 13 13 13 13 14 
max: 15 14 14 14 14 14 
N=24 Avg=13
min: 13 13 13 13 13 13 
max: 15 15 14 14 14 14 
N=24 Avg=22
min: 22 22 22 22 22 22 
max: 23 23 23 23 22 22 
Using TNT center offset = 18
TNT Plane Coef: a= -908 b=   -3 c= 474524
At  522, 518: Real=  18 Fit=  18 Offset=   0
At  232, 323: Real=  22 Fit=  22 Offset=   4
At  808, 327: Real=  14 Fit=  15 Offset=  -3
At  807, 710: Real=  14 Fit=  15 Offset=  -3
At  230, 703: Real=  22 Fit=  22 Offset=   4
Fit Points: 18, 25, 12, 12, 25,  center: 18
Setting for min_tnt_up:   521
Setting for max_tnt_down: 23 (V2:34)
Entering calib_pressure_mfg
Using default pressure curve
468 471 487 495 509 524 553 575 612 
Summary:
Setting for max_tnt_down:      23
3.7 setting for max_tnt_down:     -1
Setting for min_tnt_up:       521
Setting for max_delta_tnt:      5
3.8 setting for max_delta_tnt:     -1
Setting for delay_in_us:        1
Setting for y_delay_in_us:      1
Setting for tnt_delay_in_us:    1
Setting for pressure_curve:  468 471 487 495 509 524 553 575 612
Setting for tnt_mode:           1
Setting for averaging:         -1
Setting for pointercal:      49263 259 -10005663 -271 39147 -11139845 65536
Setting for tnt_plane:       -908 -3 474524
