new-calib: New touch screen calibration program v3.13
Serial Number='150A1E00010B06020304'
Using tnt_mode=1
Setting for delay_in_us:        1
Setting for y_delay_in_us:      1
Setting for tnt_delay_in_us:    1
Setting for max_delta_tnt:      5
Setting for tnt_mode:           1
Setting for averaging:         -1
Entering get_four_points
target_noise  x= 2.50 y= 2.50 t= 2.50
target state=0 point=23,22
 X= 944 X2=1017  Y= 980 Y2=1022 P1=1023 P2=  -1 T1=1022 T2= 980  P= 584  D=   5 
 X= 984 X2=1016  Y=1018 Y2=1022 P1=1023 P2=  -1 T1=1023 T2= 940  P= 584  D=   1 
 X= 890 X2=1018  Y= 949 Y2=1022 P1=1023 P2=  -1 T1=1023 T2= 874  P= 584  D=   1 
 X= 917 X2=1023  Y= 952 Y2=1022 P1=1023 P2=  -1 T1=1023 T2= 844  P= 584  D=   1 
 X= 956 X2=1023  Y=1017 Y2=1023 P1=1023 P2=  -1 T1=1023 T2= 968  P= 584  D=   1 
 X= 914 X2=1023  Y= 938 Y2=1021 P1=1023 P2=  -1 T1=1023 T2= 891  P= 584  D=   1 
 X= 921 X2=1010  Y= 962 Y2=1022 P1=1023 P2=  -1 T1=1022 T2= 862  P= 584  D=   1 
 X= 957 X2=1012  Y= 955 Y2=1022 P1=1023 P2=  -1 T1=1023 T2= 876  P= 584  D=   1 
 X= 883 X2=1017  Y= 955 Y2=1023 P1=1023 P2=  -1 T1=1023 T2= 879  P= 584  D=   1 
 X= 986 X2=1011  Y= 925 Y2=1022 P1=1023 P2=  -1 T1=1023 T2= 853  P= 584  D=   1 
 X=1022 X2=1014  Y= 949 Y2=1022 P1=1023 P2=  -1 T1=1022 T2= 840  P= 584  D=   1 
 X= 822 X2=1023  Y= 961 Y2=1022 P1=1023 P2=  -1 T1=1022 T2= 840  P= 584  D=   1 
 X= 858 X2=1023  Y= 949 Y2=1022 P1=1023 P2=  -1 T1=1023 T2= 858  P= 584  D=   1 
 X= 940 X2=1011  Y= 937 Y2=1022 P1=1023 P2=  -1 T1=1023 T2= 813  P= 584  D=   1 
 X= 868 X2=1023  Y= 946 Y2=1021 P1=1023 P2=  -1 T1=1023 T2= 859  P= 584  D=   1 
 X= 778 X2=1023  Y= 953 Y2=1022 P1=1023 P2=  -1 T1=1023 T2= 863  P= 584  D=   1 
 X= 950 X2=1012  Y= 943 Y2=1022 P1=1023 P2=  -1 T1=1023 T2= 841  P= 584  D=   1 
 X= 877 X2=1014  Y= 944 Y2=1022 P1=1023 P2=  -1 T1=1023 T2= 853  P= 584  D=   1 
 X= 829 X2=1023  Y= 940 Y2=1022 P1=1023 P2=  -1 T1=1023 T2= 867  P= 584  D=   1 
 X= 910 X2= 989  Y= 960 Y2=1022 P1=1023 P2=  -1 T1=1023 T2= 815  P= 584  D=   1 
 X= 848 X2=1017  Y= 933 Y2=1022 P1=1023 P2=  -1 T1=1023 T2= 863  P= 584  D=   1 
 X= 799 X2=1023  Y= 958 Y2=1022 P1=1023 P2=  -1 T1=1023 T2= 885  P= 584  D=   1 
 X= 809 X2=1023  Y= 954 Y2=1021 P1=1023 P2=  -1 T1=1023 T2= 870  P= 584  D=   1 
 X= 807 X2=1023  Y= 957 Y2=1021 P1=1023 P2=  -1 T1=1023 T2= 839  P= 584  D=   1 
 X= 772 X2=1023  Y= 927 Y2=1021 P1=1023 P2=  -1 T1=1022 T2= 822  P= 584  D=   1 
 X= 996 X2=1006  Y= 945 Y2=1022 P1=1023 P2=  -1 T1=1023 T2= 791  P= 584  D=   1 
 X= 949 X2=1005  Y= 947 Y2=1022 P1=1023 P2=  -1 T1=1023 T2= 850  P= 584  D=   1 
 X= 787 X2=1023  Y= 940 Y2=1021 P1=1023 P2=  -1 T1=1023 T2= 820  P= 584  D=   1 
 X= 905 X2=1023  Y= 948 Y2=1022 P1=1023 P2=  -1 T1=1022 T2= 865  P= 584  D=   1 
 X= 901 X2= 986  Y= 945 Y2=1021 P1=1023 P2=  -1 T1=1023 T2= 814  P= 584  D=   1 
 X= 780 X2=1023  Y= 954 Y2=1021 P1=1023 P2=  -1 T1=1022 T2= 861  P= 584  D=   1 
 X= 791 X2=1023  Y= 955 Y2=1021 P1=1023 P2=  -1 T1=1023 T2= 870  P= 584  D=   1 
 X= 917 X2=1013  Y= 951 Y2=1021 P1=1023 P2=  -1 T1=1023 T2= 863  P= 584  D=   1 
 X= 858 X2=1015  Y= 945 Y2=1023 P1=1023 P2=  -1 T1=1022 T2= 888  P= 584  D=   1 
 X= 850 X2=1023  Y= 945 Y2=1021 P1=1023 P2=  -1 T1=1023 T2= 855  P= 584  D=   1 
 X= 847 X2=1003  Y= 916 Y2=1022 P1=1023 P2=  -1 T1=1023 T2= 842  P= 584  D=   1 
 X= 963 X2=1004  Y= 925 Y2=1023 P1=1023 P2=  -1 T1=1022 T2= 862  P= 584  D=   1 
 X= 869 X2=1023  Y= 962 Y2=1022 P1=1023 P2=  -1 T1=1023 T2= 867  P= 584  D=   1 
 X= 863 X2= 992  Y= 955 Y2=1022 P1=1023 P2=  -1 T1=1023 T2= 864  P= 584  D=   1 
 X= 869 X2=1023  Y= 915 Y2=1021 P1=1023 P2=  -1 T1=1022 T2= 874  P= 584  D=   1 
 X= 713 X2=1023  Y= 963 Y2=1022 P1=1023 P2=  -1 T1=1023 T2= 850  P= 584  D=   1 
 X= 958 X2=1007  Y= 941 Y2=1023 P1=1023 P2=  -1 T1=1022 T2= 856  P= 584  D=   1 
 X= 878 X2=1016  Y= 917 Y2=1021 P1=1023 P2=  -1 T1=1023 T2= 859  P= 584  D=   1 
 X= 889 X2=1023  Y= 946 Y2=1022 P1=1023 P2=  -1 T1=1023 T2= 857  P= 584  D=   1 
 X= 970 X2=1008  Y= 941 Y2=1022 P1=1023 P2=  -1 T1=1023 T2= 858  P= 584  D=   1 
 X= 972 X2=1012  Y= 948 Y2=1023 P1=1023 P2=  -1 T1=1023 T2= 878  P= 584  D=   1 
 X= 874 X2=1003  Y= 952 Y2=1022 P1=1023 P2=  -1 T1=1023 T2= 856  P= 584  D=   1 
 X= 807 X2=1023  Y= 953 Y2=1022 P1=1023 P2=  -1 T1=1023 T2= 852  P= 584  D=   1 
 X= 732 X2=1023  Y= 920 Y2=1022 P1=1023 P2=  -1 T1=1023 T2= 861  P= 584  D=   1 
 X= 755 X2=1023  Y= 918 Y2=1021 P1=1023 P2=  -1 T1=1022 T2= 872  P= 584  D=   1 
 X= 763 X2=1023  Y= 945 Y2=1022 P1=1023 P2=  -1 T1=1022 T2= 865  P= 584  D=   1 
 X= 923 X2=1023  Y= 948 Y2=1022 P1=1023 P2=  -1 T1=1023 T2= 851  P= 584  D=   1 
 X=1010 X2=1013  Y= 916 Y2=1021 P1=1023 P2=  -1 T1=1023 T2= 876  P= 584  D=   1 
 X= 980 X2=1014  Y= 947 Y2=1022 P1=1023 P2=  -1 T1=1022 T2= 866  P= 584  D=   1 
 X=1009 X2=1013  Y= 953 Y2=1021 P1=1023 P2=  -1 T1=1023 T2= 871  P= 584  D=   1 
 X= 831 X2=1023  Y= 956 Y2=1021 P1=1023 P2=  -1 T1=1023 T2= 840  P= 584  D=   1 
 X= 857 X2=1023  Y= 957 Y2=1022 P1=1022 P2=  -1 T1=1023 T2= 864  P= 584  D=   1 
 X= 849 X2=1023  Y= 952 Y2=1022 P1=1023 P2=  -1 T1=1022 T2= 862  P= 584  D=   1 
 X= 768 X2=1023  Y= 959 Y2=1021 P1=1023 P2=  -1 T1=1023 T2= 865  P= 584  D=   1 
 X= 774 X2=1023  Y= 952 Y2=1022 P1=1023 P2=  -1 T1=1022 T2= 856  P= 584  D=   1 
 X= 935 X2=1023  Y= 964 Y2=1021 P1=1023 P2=  -1 T1=1022 T2= 863  P= 584  D=   1 
 X= 799 X2=1023  Y= 950 Y2=1021 P1=1023 P2=  -1 T1=1023 T2= 890  P= 584  D=   1 
 X= 852 X2=1023  Y= 946 Y2=1022 P1=1023 P2=  -1 T1=1023 T2= 864  P= 584  D=   1 
 X=1023 X2=1012  Y= 951 Y2=1023 P1=1023 P2=  -1 T1=1023 T2= 880  P= 584  D=   1 
 X=1013 X2=1013  Y= 948 Y2=1022 P1=1023 P2=  -1 T1=1023 T2= 876  P= 584  D=   1 
 X= 891 X2=1022  Y= 918 Y2=1021 P1=1023 P2=  -1 T1=1022 T2= 869  P= 584  D=   1 
 X= 902 X2=1023  Y= 946 Y2=1021 P1=1023 P2=  -1 T1=1023 T2= 815  P= 584  D=   1 
 X= 920 X2=1023  Y= 944 Y2=1021 P1=1023 P2=  -1 T1=1023 T2= 875  P= 584  D=   1 
 X= 867 X2=1023  Y= 948 Y2=1022 P1=1023 P2=  -1 T1=1022 T2= 863  P= 584  D=   1 
 X= 870 X2=1004  Y= 952 Y2=1022 P1=1023 P2=  -1 T1=1023 T2= 867  P= 584  D=   1 
 X= 912 X2=1000  Y= 943 Y2=1023 P1=1023 P2=  -1 T1=1023 T2= 875  P= 584  D=   1 
 X= 907 X2=1007  Y= 939 Y2=1022 P1=1023 P2=  -1 T1=1023 T2= 856  P= 584  D=   1 
 X= 873 X2= 994  Y= 955 Y2=1023 P1=1023 P2=  -1 T1=1023 T2= 843  P= 584  D=   1 
 X= 900 X2=1013  Y= 961 Y2=1022 P1=1023 P2=  -1 T1=1023 T2= 879  P= 584  D=   1 
 X= 841 X2=1023  Y= 963 Y2=1021 P1=1023 P2=  -1 T1=1023 T2= 876  P= 584  D=   1 
 X= 799 X2=1023  Y= 950 Y2=1021 P1=1023 P2=  -1 T1=1022 T2= 871  P= 584  D=   1 
 X= 948 X2=1014  Y= 938 Y2=1022 P1=1023 P2=  -1 T1=1023 T2= 852  P= 584  D=   1 
 X= 874 X2=1014  Y= 952 Y2=1021 P1=1023 P2=  -1 T1=1023 T2= 874  P= 584  D=   1 
 X= 866 X2=1017  Y= 941 Y2=1023 P1=1022 P2=  -1 T1=1023 T2= 844  P= 584  D=   1 
 X= 970 X2=1012  Y= 935 Y2=1022 P1=1023 P2=  -1 T1=1023 T2= 869  P= 584  D=   1 
 X= 957 X2= 996  Y= 947 Y2=1021 P1=1023 P2=  -1 T1=1023 T2= 853  P= 584  D=   1 
 X= 849 X2=1023  Y= 966 Y2=1022 P1=1023 P2=  -1 T1=1023 T2= 862  P= 584  D=   1 
 X= 810 X2=1022  Y= 954 Y2=1021 P1=1023 P2=  -1 T1=1023 T2= 856  P= 584  D=   1 
 X= 957 X2=1023  Y= 960 Y2=1022 P1=1023 P2=  -1 T1=1022 T2= 870  P= 584  D=   1 
 X= 920 X2= 995  Y= 959 Y2=1022 P1=1022 P2=  -1 T1=1023 T2= 861  P= 584  D=   1 
 X= 847 X2=1023  Y= 941 Y2=1021 P1=1023 P2=  -1 T1=1023 T2= 847  P= 584  D=   1 
 X= 863 X2=1023  Y= 959 Y2=1022 P1=1023 P2=  -1 T1=1023 T2= 820  P= 584  D=   1 
 X= 927 X2=1023  Y= 954 Y2=1021 P1=1023 P2=  -1 T1=1022 T2= 838  P= 584  D=   1 
 X= 915 X2= 998  Y= 953 Y2=1022 P1=1023 P2=  -1 T1=1023 T2= 829  P= 584  D=   1 
 X= 869 X2=1009  Y= 953 Y2=1022 P1=1023 P2=  -1 T1=1022 T2= 869  P= 584  D=   1 
 X= 831 X2=1023  Y= 940 Y2=1021 P1=1023 P2=  -1 T1=1023 T2= 830  P= 584  D=   1 
 X= 845 X2=1023  Y= 952 Y2=1022 P1=1023 P2=  -1 T1=1023 T2= 813  P= 584  D=   1 
 X= 850 X2= 982  Y= 941 Y2=1022 P1=1023 P2=  -1 T1=1023 T2= 877  P= 584  D=   1 
 X= 854 X2=1023  Y= 954 Y2=1021 P1=1023 P2=  -1 T1=1023 T2= 859  P= 584  D=   1 
 X= 784 X2=1023  Y= 947 Y2=1021 P1=1023 P2=  -1 T1=1023 T2= 855  P= 584  D=   1 
 X= 947 X2=1014  Y= 946 Y2=1022 P1=1023 P2=  -1 T1=1023 T2= 889  P= 584  D=   1 
 X= 862 X2=1018  Y= 946 Y2=1022 P1=1023 P2=  -1 T1=1023 T2= 849  P= 584  D=   1 
 X= 932 X2=1007  Y= 961 Y2=1023 P1=1023 P2=  -1 T1=1023 T2= 812  P= 584  D=   1 
 X= 924 X2=1023  Y= 947 Y2=1022 P1=1023 P2=  -1 T1=1022 T2= 860  P= 584  D=   1 
 X= 934 X2=1022  Y= 913 Y2=1022 P1=1023 P2=  -1 T1=1023 T2= 861  P= 584  D=   1 
 X= 857 X2=1023  Y= 946 Y2=1022 P1=1023 P2=  -1 T1=1023 T2= 872  P= 584  D=   1 
 X= 871 X2=1023  Y= 953 Y2=1021 P1=1023 P2=  -1 T1=1023 T2= 850  P= 584  D=   1 
 X= 886 X2=1017  Y= 948 Y2=1022 P1=1023 P2=  -1 T1=1022 T2= 873  P= 584  D=   1 
 X= 850 X2=1023  Y= 959 Y2=1022 P1=1023 P2=  -1 T1=1023 T2= 845  P= 584  D=   1 
 X=1007 X2= 984  Y= 959 Y2=1022 P1=1023 P2=  -1 T1=1023 T2= 820  P= 584  D=   1 
 X= 919 X2=1023  Y=1022 Y2=1023 P1=1023 P2=  -1 T1=1022 T2=1020  P= 584  D=   1 
 X= 913 X2=1023  Y= 913 Y2=1022 P1=1023 P2=  -1 T1=1023 T2= 858  P= 584  D=   1 
 X= 963 X2=1006  Y= 945 Y2=1022 P1=1023 P2=  -1 T1=1023 T2= 859  P= 584  D=   1 
 X= 994 X2=1014  Y= 931 Y2=1021 P1=1023 P2=  -1 T1=1023 T2= 872  P= 584  D=   1 
 X= 772 X2=1023  Y= 959 Y2=1021 P1=1023 P2=  -1 T1=1022 T2= 865  P= 584  D=   1 
 X= 802 X2=1023  Y= 939 Y2=1022 P1=1023 P2=  -1 T1=1023 T2= 853  P= 584  D=   1 
 X= 900 X2=1017  Y= 952 Y2=1022 P1=1023 P2=  -1 T1=1023 T2= 862  P= 584  D=   1 
 X= 849 X2=1023  Y= 926 Y2=1023 P1=1023 P2=  -1 T1=1023 T2= 866  P= 584  D=   1 
 X=1008 X2=1016  Y= 941 Y2=1022 P1=1023 P2=  -1 T1=1023 T2= 861  P= 584  D=   1 
 X= 892 X2=1014  Y= 944 Y2=1022 P1=1023 P2=  -1 T1=1022 T2= 876  P= 584  D=   1 
 X= 880 X2=1019  Y= 944 Y2=1022 P1=1023 P2=  -1 T1=1023 T2= 856  P= 584  D=   1 
 X= 921 X2=1006  Y= 957 Y2=1021 P1=1023 P2=  -1 T1=1023 T2= 866  P= 584  D=   1 
 X=1023 X2=1013  Y= 916 Y2=1023 P1=1023 P2=  -1 T1=1022 T2= 867  P= 584  D=   1 
 X= 757 X2=1023  Y= 963 Y2=1022 P1=1023 P2=  -1 T1=1023 T2= 858  P= 584  D=   1 
 X= 764 X2=1023  Y= 952 Y2=1022 P1=1023 P2=  -1 T1=1021 T2= 858  P= 584  D=   1 
 X= 921 X2=1023  Y= 941 Y2=1021 P1=1023 P2=  -1 T1=1023 T2= 781  P= 584  D=   1 
 X= 919 X2=1023  Y= 955 Y2=1022 P1=1023 P2=  -1 T1=1022 T2= 869  P= 584  D=   1 
 X= 904 X2=1017  Y= 932 Y2=1023 P1=1023 P2=  -1 T1=1023 T2= 847  P= 584  D=   1 
 X= 893 X2=1018  Y= 927 Y2=1022 P1=1023 P2=  -1 T1=1023 T2= 858  P= 584  D=   1 
 X= 952 X2=1014  Y= 919 Y2=1022 P1=1023 P2=  -1 T1=1023 T2= 874  P= 584  D=   1 
 X= 872 X2=1023  Y= 945 Y2=1022 P1=1023 P2=  -1 T1=1023 T2= 866  P= 584  D=   1 
 X= 899 X2= 998  Y= 933 Y2=1022 P1=1023 P2=  -1 T1=1023 T2= 870  P= 584  D=   1 
 X= 795 X2=1023  Y= 936 Y2=1020 P1=1023 P2=  -1 T1=1023 T2= 853  P= 584  D=   1 
 X= 874 X2=1023  Y= 946 Y2=1022 P1=1023 P2=  -1 T1=1022 T2= 879  P= 584  D=   1 
 X= 817 X2=1023  Y= 934 Y2=1020 P1=1023 P2=  -1 T1=1023 T2= 854  P= 584  D=   1 
 X= 936 X2=1009  Y= 949 Y2=1022 P1=1023 P2=  -1 T1=1023 T2= 853  P= 584  D=   1 
 X= 895 X2=1015  Y= 954 Y2=1022 P1=1023 P2=  -1 T1=1022 T2= 884  P= 584  D=   1 
 X= 896 X2=1006  Y= 944 Y2=1022 P1=1023 P2=  -1 T1=1023 T2= 847  P= 584  D=   1 
 X=1023 X2=1013  Y= 950 Y2=1022 P1=1023 P2=  -1 T1=1023 T2= 856  P= 584  D=   1 
 X= 811 X2=1023  Y= 934 Y2=1021 P1=1023 P2=  -1 T1=1023 T2= 858  P= 584  D=   1 
 X= 929 X2=1009  Y= 940 Y2=1022 P1=1023 P2=  -1 T1=1023 T2= 872  P= 584  D=   1 
 X= 974 X2=1005  Y= 947 Y2=1022 P1=1023 P2=  -1 T1=1023 T2= 843  P= 584  D=   1 
 X= 920 X2=1023  Y= 939 Y2=1023 P1=1023 P2=  -1 T1=1022 T2= 881  P= 584  D=   1 
 X= 238 X2= 244  Y= 530 Y2= 994 P1=1023 P2=  -1 T1=  23 T2= 860  P= 584  D=   1 * 0
 X= 877 X2=1015  Y= 960 Y2=1022 P1=1023 P2=  -1 T1=1023 T2= 849  P= 584  D=   1 
 X= 871 X2=1015  Y= 435 Y2= 343 P1= 723 P2= 197 T1=1023 T2=  21  P= 584  D=   1 
 X= 409 X2= 563  Y= 923 Y2=1020 P1=1023 P2=   0 T1=  55 T2= 854  P= 584  D=   1 
 X= 971 X2=1010  Y= 951 Y2=1023 P1=1023 P2=   0 T1=1022 T2= 817  P= 584  D=   1 
 X= 959 X2= 981  Y= 944 Y2=1023 P1=1023 P2=   0 T1=1022 T2= 846  P= 584  D=   1 
 X= 272 X2= 268  Y= 378 Y2= 373 P1= 822 P2= 138 T1=  54 T2=  36  P= 584  D=   1 
 X= 353 X2= 337  Y= 426 Y2= 420 P1= 821 P2= 132 T1= 121 T2=  35  P= 584  D=   1 
 X= 247 X2= 246  Y= 355 Y2= 348 P1= 781 P2= 156 T1=  31 T2=  30  P= 584  D=   1 
 X= 259 X2= 256  Y= 367 Y2= 359 P1= 804 P2= 142 T1=  42 T2=  35  P= 584  D=   1 
 X= 249 X2= 246  Y= 356 Y2= 349 P1= 788 P2= 153 T1=  32 T2=  31  P= 584  D=   1 
 X= 248 X2= 246  Y= 355 Y2= 348 P1= 785 P2= 154 T1=  31 T2=  32  P= 584  D=   1 
 X= 247 X2= 245  Y= 356 Y2= 348 P1= 783 P2= 155 T1=  32 T2=  32  P= 584  D=   1 
 X= 249 X2= 246  Y= 355 Y2= 348 P1= 783 P2= 155 T1=  32 T2=  32  P= 584  D=   1 
 X= 248 X2= 245  Y= 356 Y2= 348 P1= 784 P2= 154 T1=  31 T2=  32  P= 584  D=   1 
 X= 248 X2= 246  Y= 356 Y2= 349 P1= 785 P2= 155 T1=  31 T2=  31  P= 584  D=   1 
 X= 249 X2= 246  Y= 356 Y2= 349 P1= 785 P2= 154 T1=  32 T2=  31  P= 584  D=   1 
 X= 248 X2= 246  Y= 356 Y2= 348 P1= 782 P2= 155 T1=  32 T2=  31  P= 584  D=   1 
 X= 248 X2= 246  Y= 356 Y2= 349 P1= 783 P2= 156 T1=  32 T2=  32  P= 584  D=   1 
 X= 248 X2= 246  Y= 356 Y2= 349 P1= 783 P2= 156 T1=  32 T2=  32  P= 584  D=   1 
 X= 249 X2= 246  Y= 356 Y2= 349 P1= 783 P2= 155 T1=  31 T2=  32  P= 584  D=   1 
 X= 249 X2= 246  Y= 356 Y2= 349 P1= 783 P2= 155 T1=  31 T2=  32  P= 584  D=   1 
 X= 248 X2= 246  Y= 355 Y2= 349 P1= 782 P2= 157 T1=  31 T2=  31  P= 584  D=   1 
 X= 249 X2= 245  Y= 355 Y2= 348 P1= 782 P2= 156 T1=  31 T2=  31  P= 584  D=   1 
 X= 248 X2= 246  Y= 356 Y2= 348 P1= 781 P2= 157 T1=  32 T2=  31  P= 584  D=   1 
 X= 246 X2= 244  Y= 355 Y2= 348 P1= 779 P2= 157 T1=  30 T2=  30  P= 584  D=   1 * 0
 X= 248 X2= 245  Y= 353 Y2= 348 P1= 780 P2= 158 T1=  31 T2=  29  P= 584  D=   1 
 X= 247 X2= 245  Y= 354 Y2= 348 P1= 780 P2= 158 T1=  31 T2=  31  P= 584  D=   1 
 X= 246 X2= 245  Y= 354 Y2= 347 P1= 778 P2= 160 T1=  30 T2=  30  P= 584  D=   1 * 0
 X= 247 X2= 244  Y= 354 Y2= 348 P1= 777 P2= 159 T1=  31 T2=  30  P= 584  D=   1 
 X= 247 X2= 245  Y= 354 Y2= 347 P1= 776 P2= 160 T1=  30 T2=  29  P= 584  D=   1 * 0
 X= 250 X2= 244  Y= 354 Y2= 347 P1= 775 P2= 160 T1=  30 T2=  30  P= 584  D=   1 * 1
 X= 248 X2= 243  Y= 353 Y2= 347 P1= 774 P2= 161 T1=  29 T2=  30  P= 584  D=   1 * 2
 X= 247 X2= 244  Y= 355 Y2= 347 P1= 775 P2= 160 T1=  30 T2=  30  P= 584  D=   1 * 3
 X= 246 X2= 244  Y= 355 Y2= 348 P1= 775 P2= 161 T1=  30 T2=  30  P= 584  D=   1 * 4
 X= 247 X2= 242  Y= 353 Y2= 347 P1= 775 P2= 162 T1=  30 T2=  30  P= 584  D=   1 * 5
 X= 246 X2= 244  Y= 354 Y2= 347 P1= 774 P2= 161 T1=  30 T2=  30  P= 584  D=   1 * 6
 X= 246 X2= 243  Y= 354 Y2= 347 P1= 774 P2= 161 T1=  31 T2=  30  P= 584  D=   1 
 X= 247 X2= 244  Y= 354 Y2= 347 P1= 776 P2= 161 T1=  30 T2=  29  P= 584  D=   1 * 7
 X= 246 X2= 244  Y= 354 Y2= 347 P1= 775 P2= 161 T1=  30 T2=  30  P= 584  D=   1 * 8
 X= 251 X2= 244  Y= 354 Y2= 347 P1= 775 P2= 161 T1=  30 T2=  29  P= 584  D=   1 * 9
 X= 246 X2= 244  Y= 354 Y2= 347 P1= 775 P2= 161 T1=  31 T2=  30  P= 584  D=   1 
 X= 247 X2= 244  Y= 354 Y2= 347 P1= 773 P2= 161 T1=  30 T2=  30  P= 584  D=   1 * 10
 X= 247 X2= 248  Y= 354 Y2= 347 P1= 773 P2= 161 T1=  30 T2=  30  P= 584  D=   1 * 11
 X= 246 X2= 243  Y= 353 Y2= 346 P1= 773 P2= 162 T1=  29 T2=  30  P= 584  D=   1 * 12
 X= 246 X2= 244  Y= 354 Y2= 347 P1= 773 P2= 162 T1=  30 T2=  29  P= 584  D=   1 * 13
 X= 246 X2= 242  Y= 353 Y2= 347 P1= 770 P2= 164 T1=  29 T2=  29  P= 584  D=   1 * 14
 X= 245 X2= 244  Y= 352 Y2= 346 P1= 771 P2= 164 T1=  28 T2=  29  P= 584  D=   1 * 15
 X= 245 X2= 243  Y= 353 Y2= 346 P1= 771 P2= 164 T1=  29 T2=  29  P= 584  D=   1 * 16
 X= 246 X2= 243  Y= 353 Y2= 346 P1= 770 P2= 164 T1=  29 T2=  29  P= 584  D=   1 * 17
 X= 246 X2= 243  Y= 353 Y2= 346 P1= 769 P2= 165 T1=  29 T2=  28  P= 584  D=   1 * 18
 X= 245 X2= 243  Y= 354 Y2= 345 P1= 771 P2= 164 T1=  29 T2=  29  P= 584  D=   1 * 19
 X= 246 X2= 244  Y= 354 Y2= 347 P1= 770 P2= 164 T1=  29 T2=  29  P= 584  D=   1 * 20
 X= 246 X2= 243  Y= 353 Y2= 346 P1= 770 P2= 165 T1=  28 T2=  29  P= 584  D=   1 * 21
 X= 245 X2= 243  Y= 353 Y2= 345 P1= 768 P2= 166 T1=  28 T2=  29  P= 584  D=   1 * 22
 X= 244 X2= 243  Y= 353 Y2= 345 P1= 768 P2= 165 T1=  28 T2=  28  P= 584  D=   1 * 23
 X= 245 X2= 243  Y= 353 Y2= 345 P1= 768 P2= 167 T1=  28 T2=  28  P= 584  D=   1 * 24
Remove Pin
 X= 244 X2= 242  Y= 352 Y2= 346 P1= 767 P2= 166 T1=  28 T2=  29  P= 584  D=   1 * 24
 X= 245 X2= 242  Y= 353 Y2= 346 P1= 767 P2= 166 T1=  28 T2=  28  P= 584  D=   1 * 24
 X= 244 X2= 242  Y= 352 Y2= 345 P1= 765 P2= 166 T1=  29 T2=  29  P= 584  D=   1 * 24
 X= 245 X2= 242  Y= 353 Y2= 345 P1= 768 P2= 167 T1=  28 T2=  29  P= 584  D=   1 * 24
 X= 251 X2= 242  Y= 353 Y2= 346 P1= 767 P2= 166 T1=  29 T2=  28  P= 584  D=   1 * 24
 X= 245 X2= 243  Y= 353 Y2= 346 P1= 766 P2= 167 T1=  28 T2=  29  P= 584  D=   1 * 24
 X= 244 X2= 243  Y= 352 Y2= 345 P1= 766 P2= 168 T1=  28 T2=  28  P= 584  D=   1 * 24
 X= 245 X2= 242  Y= 352 Y2= 346 P1= 765 P2= 167 T1=  28 T2=  29  P= 584  D=   1 * 24
 X= 244 X2= 241  Y= 352 Y2= 345 P1= 765 P2= 167 T1=  29 T2=  28  P= 584  D=   1 * 24
 X= 245 X2= 241  Y= 352 Y2= 346 P1= 764 P2= 167 T1=  29 T2=  28  P= 584  D=   1 * 24
 X= 245 X2= 242  Y= 352 Y2= 345 P1= 765 P2= 168 T1=  28 T2=  28  P= 584  D=   1 * 24
 X= 245 X2= 241  Y= 352 Y2= 345 P1= 765 P2= 168 T1=  28 T2=  27  P= 584  D=   1 * 24
 X= 244 X2= 241  Y= 352 Y2= 345 P1= 765 P2= 168 T1=  28 T2=  28  P= 584  D=   1 * 24
 X= 245 X2= 241  Y= 352 Y2= 346 P1= 765 P2= 167 T1=  27 T2=  28  P= 584  D=   1 * 24
 X= 244 X2= 242  Y= 352 Y2= 345 P1= 764 P2= 168 T1=  28 T2=  28  P= 584  D=   1 * 24
 X= 243 X2= 242  Y= 352 Y2= 345 P1= 764 P2= 168 T1=  27 T2=  28  P= 584  D=   1 * 24
 X= 245 X2= 239  Y= 352 Y2= 346 P1= 764 P2= 168 T1=  28 T2=  28  P= 584  D=   1 * 24
 X= 244 X2= 243  Y= 353 Y2= 345 P1= 765 P2= 168 T1=  28 T2=  28  P= 584  D=   1 * 24
 X= 244 X2= 242  Y= 353 Y2= 345 P1= 764 P2= 168 T1=  28 T2=  28  P= 584  D=   1 * 24
 X= 244 X2= 242  Y= 353 Y2= 345 P1= 764 P2= 168 T1=  28 T2=  28  P= 584  D=   1 * 24
 X= 244 X2= 242  Y= 352 Y2= 345 P1= 764 P2= 168 T1=  28 T2=  28  P= 584  D=   1 * 24
 X= 245 X2= 242  Y= 352 Y2= 346 P1= 764 P2= 169 T1=  28 T2=  28  P= 584  D=   1 * 24
 X= 245 X2= 240  Y= 352 Y2= 345 P1= 763 P2= 169 T1=  28 T2=  28  P= 584  D=   1 * 24
 X= 244 X2= 242  Y= 352 Y2= 345 P1= 763 P2= 169 T1=  28 T2=  28  P= 584  D=   1 * 24
 X= 244 X2= 242  Y= 352 Y2= 345 P1= 763 P2= 169 T1=  28 T2=  28  P= 584  D=   1 * 24
 X= 244 X2= 242  Y= 352 Y2= 345 P1= 763 P2= 170 T1=  28 T2=  27  P= 584  D=   1 * 24
 X= 244 X2= 242  Y= 353 Y2= 345 P1= 760 P2= 169 T1=  28 T2=  27  P= 584  D=   1 * 24
 X= 245 X2= 242  Y= 352 Y2= 345 P1= 762 P2= 168 T1=  27 T2=  27  P= 584  D=   1 * 24
 X= 245 X2= 241  Y= 352 Y2= 345 P1= 761 P2= 169 T1=  28 T2=  28  P= 584  D=   1 * 24
 X= 244 X2= 241  Y= 351 Y2= 345 P1= 761 P2= 170 T1=  27 T2=  28  P= 584  D=   1 * 24
 X= 244 X2= 242  Y= 352 Y2= 345 P1= 761 P2= 170 T1=  28 T2=  28  P= 584  D=   1 * 24
 X= 244 X2= 241  Y= 352 Y2= 345 P1= 761 P2= 170 T1=  28 T2=  27  P= 584  D=   1 * 24
 X= 244 X2= 242  Y= 351 Y2= 344 P1= 760 P2= 171 T1=  27 T2=  27  P= 584  D=   1 * 24
 X= 243 X2= 242  Y= 351 Y2= 346 P1= 760 P2= 171 T1=  27 T2=  27  P= 584  D=   1 * 24
 X= 243 X2= 242  Y= 351 Y2= 344 P1= 759 P2= 171 T1=  27 T2=  26  P= 584  D=   1 * 24
 X= 244 X2= 241  Y= 351 Y2= 346 P1= 758 P2= 170 T1=  27 T2=  27  P= 584  D=   1 * 24
 X= 244 X2= 243  Y= 351 Y2= 345 P1= 759 P2= 170 T1=  27 T2=  27  P= 584  D=   1 * 24
 X= 243 X2= 241  Y= 352 Y2= 343 P1= 760 P2= 171 T1=  28 T2=  27  P= 584  D=   1 * 24
 X= 243 X2= 241  Y= 352 Y2= 345 P1= 759 P2= 170 T1=  27 T2=  28  P= 584  D=   1 * 24
 X= 243 X2= 241  Y= 351 Y2= 345 P1= 759 P2= 171 T1=  28 T2=  27  P= 584  D=   1 * 24
 X= 239 X2= 242  Y= 352 Y2= 345 P1= 760 P2= 170 T1=  28 T2=  27  P= 584  D=   1 * 24
 X= 243 X2= 240  Y= 352 Y2= 345 P1= 761 P2= 171 T1=  27 T2=  27  P= 584  D=   1 * 24
 X= 244 X2= 242  Y= 352 Y2= 345 P1= 760 P2= 171 T1=  27 T2=  27  P= 584  D=   1 * 24
 X= 243 X2= 241  Y= 352 Y2= 345 P1= 759 P2= 171 T1=  27 T2=  27  P= 584  D=   1 * 24
 X= 244 X2= 241  Y= 352 Y2= 345 P1= 759 P2= 171 T1=  27 T2=  28  P= 584  D=   1 * 24
 X= 243 X2= 241  Y= 351 Y2= 344 P1= 759 P2= 171 T1=  27 T2=  27  P= 584  D=   1 * 24
 X= 243 X2= 241  Y= 352 Y2= 345 P1= 758 P2= 171 T1=  26 T2=  27  P= 584  D=   1 * 24
 X= 243 X2= 241  Y= 352 Y2= 345 P1= 759 P2= 172 T1=  27 T2=  27  P= 584  D=   1 * 24
 X= 244 X2= 241  Y= 351 Y2= 344 P1= 757 P2= 172 T1=  27 T2=  27  P= 584  D=   1 * 24
 X= 243 X2= 241  Y= 352 Y2= 344 P1= 758 P2= 172 T1=  27 T2=  28  P= 584  D=   1 * 24
 X= 244 X2= 241  Y= 351 Y2= 345 P1= 758 P2= 172 T1=  27 T2=  27  P= 584  D=   1 * 24
 X= 251 X2= 241  Y= 351 Y2= 345 P1= 759 P2= 171 T1=  27 T2=  27  P= 584  D=   1 * 24
 X= 243 X2= 241  Y= 352 Y2= 344 P1= 758 P2= 173 T1=  27 T2=  27  P= 584  D=   1 * 24
 X= 244 X2= 241  Y= 352 Y2= 345 P1= 757 P2= 172 T1=  27 T2=  27  P= 584  D=   1 * 24
 X= 243 X2= 240  Y= 352 Y2= 344 P1= 758 P2= 173 T1=  26 T2=  27  P= 584  D=   1 * 24
 X= 244 X2= 241  Y= 352 Y2= 345 P1= 758 P2= 171 T1=  28 T2=  26  P= 584  D=   1 * 24
 X= 243 X2= 242  Y= 351 Y2= 343 P1= 758 P2= 172 T1=  27 T2=  27  P= 584  D=   1 * 24
 X= 242 X2= 241  Y= 352 Y2= 344 P1= 758 P2= 173 T1=  27 T2=  27  P= 584  D=   1 * 24
 X= 243 X2= 240  Y= 351 Y2= 345 P1= 757 P2= 173 T1=  26 T2=  27  P= 584  D=   1 * 24
 X= 243 X2= 241  Y= 352 Y2= 343 P1= 756 P2= 172 T1=  27 T2=  27  P= 584  D=   1 * 24
 X= 242 X2= 241  Y= 351 Y2= 345 P1= 757 P2= 173 T1=  27 T2=  27  P= 584  D=   1 * 24
 X= 243 X2= 240  Y= 351 Y2= 344 P1= 757 P2= 173 T1=  27 T2=  27  P= 584  D=   1 * 24
 X= 243 X2= 241  Y= 351 Y2= 345 P1= 756 P2= 173 T1=  26 T2=  27  P= 584  D=   1 * 24
 X= 243 X2= 241  Y= 352 Y2= 344 P1= 757 P2= 173 T1=  27 T2=  27  P= 584  D=   1 * 24
 X= 243 X2= 240  Y= 351 Y2= 345 P1= 755 P2= 174 T1=  27 T2=  27  P= 584  D=   1 * 24
 X= 242 X2= 241  Y= 350 Y2= 344 P1= 756 P2= 173 T1=  27 T2=  27  P= 584  D=   1 * 24
 X= 242 X2= 239  Y= 351 Y2= 344 P1= 752 P2= 175 T1=  26 T2=  26  P= 584  D=   1 * 24
 X= 241 X2= 239  Y= 350 Y2= 344 P1= 753 P2= 173 T1=  24 T2=  27  P= 584  D=   1 * 24
 X= 807 X2=1023  Y= 966 Y2=1022 P1=1023 P2=   0 T1=1022 T2= 890  P= 584  D=   1 
 X= 746 X2=1023  Y= 934 Y2=1022 P1=1023 P2=   0 T1=1023 T2= 870  P= 584  D=   1 
 X= 981 X2=1006  Y= 960 Y2=1022 P1=1023 P2=   0 T1=1023 T2= 901  P= 584  D=   1 
target state=1 point=456,22
 X= 700 X2=1023  Y= 965 Y2=1022 P1=1023 P2=   0 T1=1023 T2= 845  P= 584  D=   1 
 X= 930 X2=1016  Y= 943 Y2=1021 P1=1023 P2=   0 T1=1023 T2= 873  P= 584  D=   1 
 X= 989 X2= 998  Y= 959 Y2=1022 P1=1023 P2=   0 T1=1022 T2= 894  P= 584  D=   1 
 X= 791 X2=1023  Y= 966 Y2=1022 P1=1023 P2=   0 T1=1023 T2= 870  P= 584  D=   1 
 X= 762 X2=1023  Y= 972 Y2=1023 P1=1023 P2=   0 T1=1023 T2= 894  P= 584  D=   1 
 X= 856 X2=1023  Y= 950 Y2=1022 P1=1023 P2=   0 T1=1023 T2= 858  P= 584  D=   1 
 X= 903 X2=1015  Y= 953 Y2=1022 P1=1023 P2=   0 T1=1023 T2= 866  P= 584  D=   1 
 X= 805 X2=1023  Y= 950 Y2=1023 P1=1023 P2=   0 T1=1023 T2= 866  P= 584  D=   1 
 X=1023 X2=1016  Y= 959 Y2=1023 P1=1023 P2=   0 T1=1023 T2= 881  P= 584  D=   1 
 X= 969 X2=1016  Y= 963 Y2=1023 P1=1023 P2=   0 T1=1023 T2= 863  P= 584  D=   1 
 X= 870 X2=1023  Y= 958 Y2=1022 P1=1023 P2=   0 T1=1022 T2= 835  P= 584  D=   1 
 X= 879 X2=1022  Y= 950 Y2=1021 P1=1023 P2=   0 T1=1023 T2= 888  P= 584  D=   1 
 X= 887 X2= 984  Y= 960 Y2=1022 P1=1023 P2=   0 T1=1023 T2= 881  P= 584  D=   1 
 X= 711 X2=1023  Y= 946 Y2=1022 P1=1023 P2=   0 T1=1023 T2= 856  P= 584  D=   1 
 X= 964 X2= 997  Y= 960 Y2=1022 P1=1023 P2=   0 T1=1023 T2= 885  P= 584  D=   1 
 X= 892 X2=1016  Y= 951 Y2=1022 P1=1023 P2=   0 T1=1023 T2= 869  P= 584  D=   1 
 X= 783 X2=1023  Y= 954 Y2=1022 P1=1023 P2=   0 T1=1022 T2= 878  P= 584  D=   1 
 X= 898 X2=1002  Y= 952 Y2=1023 P1=1023 P2=   0 T1=1023 T2= 822  P= 584  D=   1 
 X= 993 X2=1015  Y= 966 Y2=1022 P1=1023 P2=   0 T1=1023 T2= 884  P= 584  D=   1 
 X= 933 X2=1019  Y= 959 Y2=1022 P1=1023 P2=   0 T1=1023 T2= 881  P= 584  D=   1 
 X=1006 X2=1016  Y= 922 Y2=1022 P1=1023 P2=   0 T1=1023 T2= 849  P= 584  D=   1 
 X=1023 X2=1013  Y= 923 Y2=1022 P1=1023 P2=   0 T1=1023 T2= 872  P= 584  D=   1 
 X= 787 X2=1023  Y= 960 Y2=1023 P1=1023 P2=   0 T1=1023 T2= 873  P= 584  D=   1 
 X= 834 X2=1023  Y= 963 Y2=1021 P1=1023 P2=   0 T1=1022 T2= 868  P= 584  D=   1 
 X= 955 X2=1012  Y= 955 Y2=1021 P1=1023 P2=   0 T1=1023 T2= 882  P= 584  D=   1 
 X= 934 X2=1010  Y= 950 Y2=1022 P1=1023 P2=   0 T1=1023 T2= 876  P= 584  D=   1 
 X= 878 X2=1023  Y= 954 Y2=1021 P1=1023 P2=   0 T1=1023 T2= 867  P= 584  D=   1 
 X= 896 X2=1006  Y= 955 Y2=1022 P1=1023 P2=   0 T1=1023 T2= 874  P= 584  D=   1 
 X= 896 X2=1023  Y= 963 Y2=1022 P1=1023 P2=   0 T1=1022 T2= 893  P= 584  D=   1 
 X= 858 X2=1023  Y= 953 Y2=1022 P1=1023 P2=   0 T1=1023 T2= 869  P= 584  D=   1 
 X= 921 X2=1003  Y= 958 Y2=1022 P1=1023 P2=   0 T1=1023 T2= 886  P= 584  D=   1 
 X= 914 X2=1018  Y= 939 Y2=1021 P1=1023 P2=   0 T1=1022 T2= 820  P= 584  D=   1 
 X= 831 X2=1023  Y= 959 Y2=1022 P1=1023 P2=   0 T1=1023 T2= 873  P= 584  D=   1 
 X= 878 X2=1023  Y= 962 Y2=1021 P1=1023 P2=   0 T1=1023 T2= 859  P= 584  D=   1 
 X= 948 X2=1012  Y= 955 Y2=1022 P1=1023 P2=   0 T1=1023 T2= 833  P= 584  D=   1 
 X= 912 X2=1013  Y= 957 Y2=1023 P1=1023 P2=   0 T1=1022 T2= 856  P= 584  D=   1 
 X= 910 X2= 997  Y= 922 Y2=1022 P1=1023 P2=   0 T1=1023 T2= 819  P= 584  D=   1 
 X= 996 X2=1014  Y= 952 Y2=1023 P1=1023 P2=   0 T1=1023 T2= 852  P= 584  D=   1 
 X= 829 X2=1023  Y= 953 Y2=1021 P1=1023 P2=   0 T1=1023 T2= 868  P= 584  D=   1 
 X= 773 X2=1023  Y= 950 Y2=1021 P1=1023 P2=   0 T1=1023 T2= 864  P= 584  D=   1 
 X= 914 X2=1023  Y= 949 Y2=1022 P1=1023 P2=   0 T1=1023 T2= 895  P= 584  D=   1 
 X= 997 X2=1023  Y=1021 Y2=1022 P1=1023 P2=   0 T1=1023 T2=1021  P= 584  D=   1 
 X= 992 X2=1010  Y= 960 Y2=1022 P1=1023 P2=   0 T1=1022 T2= 893  P= 584  D=   1 
 X= 952 X2=1011  Y= 932 Y2=1022 P1=1023 P2=   0 T1=1023 T2= 869  P= 584  D=   1 
 X= 871 X2=1023  Y= 959 Y2=1022 P1=1023 P2=   0 T1=1023 T2= 876  P= 584  D=   1 
 X= 872 X2= 989  Y= 965 Y2=1022 P1=1023 P2=   0 T1=1023 T2= 863  P= 584  D=   1 
 X= 908 X2=1006  Y= 949 Y2=1021 P1=1023 P2=   0 T1=1023 T2= 815  P= 584  D=   1 
 X=1014 X2=1015  Y= 956 Y2=1021 P1=1023 P2=   0 T1=1023 T2= 862  P= 584  D=   1 
 X= 740 X2=1023  Y= 964 Y2=1022 P1=1023 P2=   0 T1=1023 T2= 849  P= 584  D=   1 
 X= 854 X2=1023  Y= 950 Y2=1021 P1=1023 P2=   0 T1=1023 T2= 870  P= 584  D=   1 
 X= 898 X2=1023  Y= 948 Y2=1021 P1=1023 P2=   0 T1=1023 T2= 843  P= 584  D=   1 
 X= 743 X2=1023  Y= 953 Y2=1021 P1=1023 P2=   0 T1=1023 T2= 876  P= 584  D=   1 
 X=1002 X2=1014  Y= 957 Y2=1022 P1=1023 P2=   0 T1=1023 T2= 855  P= 584  D=   1 
 X= 955 X2=1012  Y= 943 Y2=1022 P1=1023 P2=   0 T1=1023 T2= 852  P= 584  D=   1 
 X= 945 X2=1015  Y= 937 Y2=1022 P1=1023 P2=   0 T1=1023 T2= 862  P= 584  D=   1 
 X= 873 X2=1023  Y= 949 Y2=1021 P1=1023 P2=   0 T1=1023 T2= 857  P= 584  D=   1 
 X= 911 X2=1004  Y= 952 Y2=1023 P1=1023 P2=   0 T1=1022 T2= 842  P= 584  D=   1 
 X= 899 X2=1014  Y= 969 Y2=1023 P1=1023 P2=   0 T1=1023 T2= 928  P= 584  D=   1 
 X= 925 X2=1023  Y= 957 Y2=1022 P1=1023 P2=   0 T1=1023 T2= 892  P= 584  D=   1 
 X= 876 X2=1016  Y= 955 Y2=1023 P1=1023 P2=   0 T1=1023 T2= 866  P= 584  D=   1 
 X= 855 X2=1016  Y= 932 Y2=1023 P1=1023 P2=   0 T1=1023 T2= 848  P= 584  D=   1 
 X= 774 X2=1023  Y= 942 Y2=1021 P1=1023 P2=   0 T1=1023 T2= 860  P= 584  D=   1 
 X= 958 X2=1016  Y= 951 Y2=1023 P1=1023 P2=   0 T1=1023 T2= 854  P= 584  D=   1 
 X= 957 X2=1009  Y= 941 Y2=1022 P1=1023 P2=   0 T1=1023 T2= 840  P= 584  D=   1 
 X= 901 X2=1023  Y= 946 Y2=1022 P1=1023 P2=   0 T1=1023 T2= 859  P= 584  D=   1 
 X=1023 X2=1011  Y= 955 Y2=1022 P1=1023 P2=   0 T1=1023 T2= 884  P= 584  D=   1 
 X= 874 X2=1017  Y= 949 Y2=1023 P1=1023 P2=   0 T1=1023 T2= 857  P= 584  D=   1 
 X= 758 X2=1023  Y= 924 Y2=1022 P1=1023 P2=   0 T1=1023 T2= 868  P= 584  D=   1 
 X= 802 X2=1023  Y= 944 Y2=1022 P1=1023 P2=   0 T1=1023 T2= 897  P= 584  D=   1 
 X= 876 X2=1017  Y= 948 Y2=1022 P1=1023 P2=   0 T1=1022 T2= 872  P= 584  D=   1 
 X= 854 X2=1016  Y= 943 Y2=1022 P1=1023 P2=   0 T1=1022 T2= 789  P= 584  D=   1 
 X= 906 X2=1005  Y= 949 Y2=1023 P1=1023 P2=   0 T1=1023 T2= 877  P= 584  D=   1 
 X= 918 X2=1008  Y= 946 Y2=1022 P1=1023 P2=   0 T1=1022 T2= 883  P= 584  D=   1 
 X= 865 X2=1023  Y= 964 Y2=1023 P1=1023 P2=   0 T1=1023 T2= 865  P= 584  D=   1 
 X= 903 X2=1023  Y= 942 Y2=1022 P1=1023 P2=   0 T1=1022 T2= 827  P= 584  D=   1 
 X= 867 X2=1021  Y= 945 Y2=1022 P1=1023 P2=   0 T1=1023 T2= 855  P= 584  D=   1 
 X= 868 X2=1023  Y= 956 Y2=1022 P1=1023 P2=   0 T1=1023 T2= 887  P= 584  D=   1 
 X= 844 X2=1023  Y= 962 Y2=1021 P1=1023 P2=   0 T1=1023 T2= 847  P= 584  D=   1 
 X= 957 X2= 991  Y= 948 Y2=1023 P1=1023 P2=   0 T1=1023 T2= 872  P= 584  D=   1 
 X= 886 X2=1022  Y= 952 Y2=1022 P1=1023 P2=   0 T1=1023 T2= 873  P= 584  D=   1 
 X= 959 X2=1007  Y= 949 Y2=1022 P1=1023 P2=   0 T1=1023 T2= 877  P= 584  D=   1 
 X= 995 X2=1014  Y= 930 Y2=1021 P1=1023 P2=   0 T1=1022 T2= 887  P= 584  D=   1 
 X= 906 X2=1018  Y= 933 Y2=1022 P1=1023 P2=   0 T1=1023 T2= 870  P= 584  D=   1 
 X= 811 X2= 810  Y= 347 Y2= 353 P1= 841 P2= 437 T1=  22 T2=  18  P= 584  D=   1 * 0
 X= 865 X2= 997  Y= 951 Y2=1022 P1=1023 P2=   0 T1=1023 T2= 867  P= 584  D=   1 
 X= 810 X2= 810  Y= 347 Y2= 355 P1= 849 P2= 415 T1=  21 T2=  22  P= 584  D=   1 * 0
 X= 818 X2= 816  Y= 359 Y2= 364 P1= 865 P2= 387 T1=  52 T2=  23  P= 584  D=   1 
 X= 810 X2= 809  Y= 346 Y2= 353 P1= 843 P2= 431 T1=  19 T2=  20  P= 584  D=   1 * 0
 X= 811 X2= 810  Y= 348 Y2= 355 P1= 850 P2= 415 T1=  22 T2=  22  P= 584  D=   1 * 0
 X= 810 X2= 810  Y= 348 Y2= 355 P1= 852 P2= 408 T1=  21 T2=  23  P= 584  D=   1 * 1
 X= 819 X2= 810  Y= 348 Y2= 356 P1= 851 P2= 412 T1=  22 T2=  22  P= 584  D=   1 * 2
 X= 811 X2= 809  Y= 348 Y2= 355 P1= 849 P2= 416 T1=  21 T2=  22  P= 584  D=   1 * 3
 X= 809 X2= 809  Y= 347 Y2= 353 P1= 841 P2= 437 T1=  19 T2=  18  P= 584  D=   1 * 4
 X= 812 X2= 809  Y= 346 Y2= 353 P1= 843 P2= 429 T1=  20 T2=  21  P= 584  D=   1 * 5
 X= 809 X2= 809  Y= 346 Y2= 353 P1= 839 P2= 440 T1=  19 T2=  18  P= 584  D=   1 * 6
 X= 809 X2= 809  Y= 345 Y2= 353 P1= 841 P2= 437 T1=  19 T2=  20  P= 584  D=   1 * 7
 X= 809 X2= 809  Y= 345 Y2= 353 P1= 838 P2= 441 T1=  19 T2=  18  P= 584  D=   1 * 8
 X= 809 X2= 809  Y= 346 Y2= 352 P1= 840 P2= 437 T1=  19 T2=  19  P= 584  D=   1 * 9
 X= 809 X2= 808  Y= 345 Y2= 351 P1= 835 P2= 449 T1=  17 T2=  19  P= 694  D=   1 * 10
 X= 811 X2= 808  Y= 345 Y2= 352 P1= 836 P2= 447 T1=  18 T2=  18  P= 703  D=   1 * 11
 X= 809 X2= 808  Y= 344 Y2= 351 P1= 834 P2= 452 T1=  18 T2=  18  P= 682  D=   1 * 12
 X= 809 X2= 808  Y= 345 Y2= 352 P1= 837 P2= 446 T1=  18 T2=  18  P= 707  D=   1 * 13
 X= 809 X2= 809  Y= 345 Y2= 352 P1= 837 P2= 447 T1=  19 T2=  18  P= 707  D=   1 * 14
 X= 809 X2= 809  Y= 345 Y2= 352 P1= 835 P2= 448 T1=  18 T2=  19  P= 707  D=   1 * 15
 X= 809 X2= 808  Y= 345 Y2= 351 P1= 835 P2= 449 T1=  18 T2=  18  P= 694  D=   1 * 16
 X= 809 X2= 808  Y= 345 Y2= 352 P1= 835 P2= 449 T1=  18 T2=  18  P= 694  D=   1 * 17
 X= 809 X2= 808  Y= 345 Y2= 352 P1= 835 P2= 450 T1=  18 T2=  18  P= 690  D=   1 * 18
 X= 809 X2= 808  Y= 344 Y2= 351 P1= 835 P2= 449 T1=  18 T2=  18  P= 694  D=   1 * 19
 X= 809 X2= 807  Y= 345 Y2= 352 P1= 835 P2= 449 T1=  18 T2=  18  P= 694  D=   1 * 20
 X= 809 X2= 808  Y= 345 Y2= 352 P1= 835 P2= 449 T1=  18 T2=  18  P= 694  D=   1 * 21
 X= 809 X2= 809  Y= 345 Y2= 352 P1= 835 P2= 449 T1=  19 T2=  17  P= 694  D=   1 * 22
 X= 809 X2= 808  Y= 345 Y2= 351 P1= 836 P2= 449 T1=  18 T2=  18  P= 695  D=   1 * 23
 X= 809 X2= 808  Y= 345 Y2= 352 P1= 836 P2= 448 T1=  18 T2=  19  P= 695  D=   1 * 24
Remove Pin
 X= 809 X2= 807  Y= 345 Y2= 352 P1= 836 P2= 448 T1=  18 T2=  18  P= 699  D=   1 * 24
 X= 809 X2= 808  Y= 345 Y2= 352 P1= 836 P2= 448 T1=  18 T2=  18  P= 699  D=   1 * 24
 X= 809 X2= 808  Y= 344 Y2= 352 P1= 835 P2= 449 T1=  18 T2=  18  P= 694  D=   1 * 24
 X= 809 X2= 809  Y= 345 Y2= 352 P1= 836 P2= 448 T1=  18 T2=  18  P= 700  D=   1 * 24
 X= 804 X2= 808  Y= 345 Y2= 352 P1= 836 P2= 449 T1=  18 T2=  18  P= 693  D=   1 * 24
 X= 810 X2= 809  Y= 345 Y2= 352 P1= 835 P2= 448 T1=  18 T2=  18  P= 698  D=   1 * 24
 X= 809 X2= 808  Y= 345 Y2= 351 P1= 836 P2= 448 T1=  18 T2=  18  P= 699  D=   1 * 24
 X= 810 X2= 808  Y= 344 Y2= 352 P1= 836 P2= 448 T1=  18 T2=  18  P= 700  D=   1 * 24
 X= 809 X2= 809  Y= 345 Y2= 352 P1= 836 P2= 448 T1=  18 T2=  18  P= 700  D=   1 * 24
 X= 809 X2= 808  Y= 343 Y2= 352 P1= 836 P2= 448 T1=  18 T2=  18  P= 699  D=   1 * 24
 X= 808 X2= 809  Y= 345 Y2= 351 P1= 837 P2= 448 T1=  18 T2=  18  P= 701  D=   1 * 24
 X= 809 X2= 808  Y= 345 Y2= 351 P1= 835 P2= 448 T1=  18 T2=  19  P= 701  D=   1 * 24
 X= 808 X2= 808  Y= 344 Y2= 352 P1= 836 P2= 447 T1=  18 T2=  18  P= 702  D=   1 * 24
 X= 809 X2= 808  Y= 344 Y2= 352 P1= 836 P2= 448 T1=  18 T2=  19  P= 702  D=   1 * 24
 X= 809 X2= 809  Y= 345 Y2= 352 P1= 836 P2= 448 T1=  19 T2=  18  P= 702  D=   1 * 24
 X= 809 X2= 808  Y= 345 Y2= 352 P1= 836 P2= 448 T1=  18 T2=  18  P= 699  D=   1 * 24
 X= 809 X2= 808  Y= 345 Y2= 352 P1= 836 P2= 448 T1=  18 T2=  18  P= 699  D=   1 * 24
 X= 809 X2= 808  Y= 345 Y2= 352 P1= 836 P2= 448 T1=  16 T2=  18  P= 699  D=   1 * 24
 X= 809 X2= 808  Y= 345 Y2= 352 P1= 836 P2= 447 T1=  18 T2=  18  P= 702  D=   1 * 24
 X= 809 X2= 809  Y= 345 Y2= 352 P1= 836 P2= 448 T1=  18 T2=  18  P= 700  D=   1 * 24
 X= 809 X2= 809  Y= 345 Y2= 352 P1= 836 P2= 448 T1=  18 T2=  18  P= 700  D=   1 * 24
 X= 809 X2= 808  Y= 344 Y2= 352 P1= 835 P2= 448 T1=  19 T2=  18  P= 700  D=   1 * 24
 X= 809 X2= 808  Y= 345 Y2= 352 P1= 836 P2= 447 T1=  18 T2=  19  P= 700  D=   1 * 24
 X= 809 X2= 808  Y= 344 Y2= 350 P1= 830 P2= 463 T1=  16 T2=  17  P= 639  D=   1 * 24
 X= 966 X2=1023  Y= 932 Y2=1022 P1=1023 P2=   0 T1=  37 T2= 840  P= 639  D=   1 
 X= 811 X2= 810  Y= 348 Y2= 354 P1= 847 P2= 422 T1=  22 T2=  22  P= 639  D=   1 * 24
 X= 842 X2=1023  Y= 892 Y2=1021 P1=1023 P2=   0 T1=1023 T2= 827  P= 639  D=   1 
 X= 818 X2=1023  Y= 927 Y2=1020 P1=1023 P2=   0 T1=1023 T2= 821  P= 639  D=   1 
 X= 909 X2= 986  Y= 894 Y2=1022 P1=1023 P2=   0 T1=1023 T2= 824  P= 639  D=   1 
target state=2 point=456,249
 X=1015 X2=1023  Y=1022 Y2=1023 P1=1023 P2=   0 T1=1023 T2=1020  P= 639  D=   1 
 X= 920 X2=1015  Y= 949 Y2=1022 P1=1023 P2=   0 T1=1023 T2= 822  P= 639  D=   1 
 X= 952 X2= 992  Y= 925 Y2=1021 P1=1023 P2=   0 T1=1022 T2= 828  P= 639  D=   1 
 X= 849 X2=1023  Y= 930 Y2=1022 P1=1023 P2=   0 T1=1023 T2= 830  P= 639  D=   1 
 X= 839 X2=1023  Y= 940 Y2=1022 P1=1023 P2=   0 T1=1023 T2= 814  P= 639  D=   1 
 X= 839 X2=1023  Y= 931 Y2=1023 P1=1023 P2=   0 T1=1023 T2= 819  P= 639  D=   1 
 X= 903 X2=1023  Y= 944 Y2=1022 P1=1023 P2=   0 T1=1023 T2= 820  P= 639  D=   1 
 X= 822 X2=1023  Y= 923 Y2=1022 P1=1023 P2=   0 T1=1022 T2= 757  P= 639  D=   1 
 X= 939 X2= 991  Y= 930 Y2=1023 P1=1023 P2=   0 T1=1021 T2= 833  P= 639  D=   1 
 X= 944 X2=1006  Y= 926 Y2=1022 P1=1023 P2=   0 T1=1023 T2= 819  P= 639  D=   1 
 X= 857 X2=1023  Y= 934 Y2=1022 P1=1023 P2=   0 T1=1023 T2= 826  P= 639  D=   1 
 X= 901 X2=1023  Y= 899 Y2=1022 P1=1023 P2=   0 T1=1023 T2= 814  P= 639  D=   1 
 X=1015 X2=1008  Y= 926 Y2=1022 P1=1023 P2=   0 T1=1023 T2= 851  P= 639  D=   1 
 X= 755 X2=1023  Y= 933 Y2=1022 P1=1023 P2=   0 T1=1023 T2= 851  P= 639  D=   1 
 X= 831 X2=1023  Y= 941 Y2=1022 P1=1023 P2=   0 T1=1023 T2= 825  P= 639  D=   1 
 X= 723 X2=1023  Y= 936 Y2=1021 P1=1023 P2=   0 T1=1023 T2= 827  P= 639  D=   1 
 X= 889 X2=1023  Y= 935 Y2=1022 P1=1023 P2=   0 T1=1023 T2= 863  P= 639  D=   1 
 X=1008 X2=1011  Y= 938 Y2=1022 P1=1023 P2=   0 T1=1023 T2= 831  P= 639  D=   1 
 X= 952 X2=1000  Y= 946 Y2=1022 P1=1023 P2=   0 T1=1023 T2= 830  P= 639  D=   1 
 X= 937 X2=1011  Y= 938 Y2=1023 P1=1023 P2=   0 T1=1023 T2= 843  P= 639  D=   1 
 X= 862 X2=1023  Y= 921 Y2=1022 P1=1023 P2=   0 T1=1023 T2= 836  P= 639  D=   1 
 X= 982 X2= 993  Y= 939 Y2=1023 P1=1023 P2=   0 T1=1023 T2= 868  P= 639  D=   1 
 X= 739 X2=1023  Y= 943 Y2=1022 P1=1023 P2=   0 T1=1022 T2= 838  P= 639  D=   1 
 X= 846 X2=1023  Y= 942 Y2=1022 P1=1023 P2=   0 T1=1023 T2= 829  P= 639  D=   1 
 X= 902 X2=1003  Y= 943 Y2=1021 P1=1023 P2=   0 T1=1022 T2= 825  P= 639  D=   1 
 X= 883 X2=1017  Y= 949 Y2=1022 P1=1023 P2=   0 T1=1023 T2= 856  P= 639  D=   1 
 X= 902 X2=1023  Y= 947 Y2=1022 P1=1023 P2=   0 T1=1023 T2= 839  P= 639  D=   1 
 X= 978 X2=1011  Y= 921 Y2=1022 P1=1023 P2=   0 T1=1023 T2= 857  P= 639  D=   1 
 X= 881 X2=1014  Y= 949 Y2=1022 P1=1023 P2=   0 T1=1023 T2= 840  P= 639  D=   1 
 X= 797 X2=1023  Y= 936 Y2=1022 P1=1023 P2=   0 T1=1023 T2= 877  P= 639  D=   1 
 X= 852 X2=1023  Y= 936 Y2=1021 P1=1023 P2=   0 T1=1023 T2= 793  P= 639  D=   1 
 X= 848 X2=1016  Y= 945 Y2=1021 P1=1023 P2=   0 T1=1022 T2= 837  P= 639  D=   1 
 X= 782 X2=1023  Y= 941 Y2=1022 P1=1023 P2=   0 T1=1023 T2= 837  P= 639  D=   1 
 X= 788 X2=1023  Y= 948 Y2=1022 P1=1023 P2=   0 T1=1023 T2= 819  P= 639  D=   1 
 X= 927 X2=1013  Y= 936 Y2=1022 P1=1023 P2=   0 T1=1023 T2= 857  P= 639  D=   1 
 X= 816 X2=1023  Y= 941 Y2=1022 P1=1023 P2=   0 T1=1023 T2= 842  P= 639  D=   1 
 X=1022 X2=1011  Y= 937 Y2=1023 P1=1023 P2=   0 T1=1023 T2= 846  P= 639  D=   1 
 X=1006 X2=1014  Y= 941 Y2=1022 P1=1023 P2=   0 T1=1023 T2= 860  P= 639  D=   1 
 X= 820 X2=1023  Y= 962 Y2=1022 P1=1023 P2=   0 T1=1022 T2= 876  P= 639  D=   1 
 X= 821 X2=1023  Y= 949 Y2=1022 P1=1023 P2=   0 T1=1023 T2= 846  P= 639  D=   1 
 X= 977 X2=1011  Y= 930 Y2=1022 P1=1023 P2=   0 T1=1023 T2= 890  P= 639  D=   1 
 X= 786 X2=1023  Y= 940 Y2=1021 P1=1023 P2=   0 T1=1023 T2= 854  P= 639  D=   1 
 X= 800 X2=1023  Y= 947 Y2=1022 P1=1023 P2=   0 T1=1023 T2= 863  P= 639  D=   1 
 X= 948 X2=1007  Y= 943 Y2=1022 P1=1023 P2=   0 T1=1023 T2= 851  P= 639  D=   1 
 X= 915 X2=1013  Y= 950 Y2=1022 P1=1023 P2=   0 T1=1023 T2= 874  P= 639  D=   1 
 X= 907 X2= 984  Y= 949 Y2=1021 P1=1023 P2=   0 T1=1023 T2= 862  P= 639  D=   1 
 X= 888 X2=1003  Y= 951 Y2=1022 P1=1023 P2=   0 T1=1023 T2= 856  P= 639  D=   1 
 X= 990 X2=1021  Y= 927 Y2=1022 P1=1023 P2=   0 T1=1023 T2= 882  P= 639  D=   1 
 X= 920 X2=1023  Y= 961 Y2=1022 P1=1023 P2=   0 T1=1022 T2= 843  P= 639  D=   1 
 X= 954 X2=1010  Y= 932 Y2=1022 P1=1023 P2=   0 T1=1023 T2= 839  P= 639  D=   1 
 X= 877 X2=1018  Y= 947 Y2=1022 P1=1023 P2=   0 T1=1023 T2= 850  P= 639  D=   1 
 X= 780 X2=1023  Y= 941 Y2=1020 P1=1023 P2=   0 T1=1023 T2= 850  P= 639  D=   1 
 X= 990 X2= 988  Y= 941 Y2=1022 P1=1023 P2=   0 T1=1023 T2= 869  P= 639  D=   1 
 X= 884 X2=1017  Y= 908 Y2=1022 P1=1023 P2=   0 T1=1023 T2= 870  P= 639  D=   1 
 X= 909 X2=1018  Y= 943 Y2=1023 P1=1023 P2=   0 T1=1023 T2= 853  P= 639  D=   1 
 X=1023 X2=1008  Y= 927 Y2=1022 P1=1022 P2=   0 T1=1023 T2= 858  P= 639  D=   1 
 X= 895 X2=1023  Y= 956 Y2=1021 P1=1023 P2=   0 T1=1023 T2= 885  P= 639  D=   1 
 X= 824 X2=1023  Y= 957 Y2=1022 P1=1023 P2=   0 T1=1023 T2= 865  P= 639  D=   1 
 X= 846 X2=1023  Y= 960 Y2=1022 P1=1023 P2=   0 T1=1023 T2= 851  P= 639  D=   1 
 X= 791 X2=1023  Y= 941 Y2=1022 P1=1023 P2=   0 T1=1023 T2= 848  P= 639  D=   1 
 X= 905 X2=1019  Y= 950 Y2=1021 P1=1023 P2=   0 T1=1023 T2= 841  P= 639  D=   1 
 X=1023 X2=1005  Y= 959 Y2=1022 P1=1023 P2=   0 T1=1023 T2= 861  P= 639  D=   1 
 X= 962 X2=1001  Y= 922 Y2=1022 P1=1023 P2=   0 T1=1023 T2= 862  P= 639  D=   1 
 X= 922 X2=1023  Y= 947 Y2=1022 P1=1023 P2=   0 T1=1022 T2= 849  P= 639  D=   1 
 X= 919 X2= 989  Y= 955 Y2=1022 P1=1022 P2=   0 T1=1023 T2= 884  P= 639  D=   1 
 X= 944 X2=1015  Y= 940 Y2=1022 P1=1023 P2=   0 T1=1022 T2= 924  P= 639  D=   1 
 X= 865 X2=1023  Y= 957 Y2=1021 P1=1023 P2=   0 T1=1023 T2= 865  P= 639  D=   1 
 X= 802 X2=1023  Y= 950 Y2=1022 P1=1023 P2=   0 T1=1023 T2= 844  P= 639  D=   1 
 X= 806 X2= 807  Y= 698 Y2= 703 P1= 910 P2= 564 T1=  13 T2=  13  P= 494  D=   1 * 0
 X= 859 X2=1016  Y= 953 Y2=1023 P1=1023 P2=   0 T1=1023 T2= 854  P= 494  D=   1 
 X= 852 X2=1023  Y= 950 Y2=1021 P1=1023 P2=   0 T1=1023 T2= 832  P= 494  D=   1 
 X=1023 X2=1014  Y= 947 Y2=1022 P1=1023 P2=   0 T1= 356 T2= 862  P= 494  D=   1 
 X= 943 X2= 990  Y= 948 Y2=1020 P1=1023 P2=   0 T1=1023 T2= 895  P= 494  D=   1 
 X= 773 X2=1023  Y= 924 Y2=1022 P1=1023 P2=   0 T1=1021 T2= 852  P= 494  D=   1 
 X= 912 X2=1023  Y= 942 Y2=1021 P1=1023 P2= 196 T1=1022 T2=  64  P= 494  D=   1 
 X= 819 X2= 823  Y= 718 Y2= 724 P1= 953 P2= 357 T1=  43 T2=  35  P= 494  D=   1 
 X= 815 X2= 816  Y= 708 Y2= 714 P1= 949 P2= 380 T1=  35 T2=  32  P= 494  D=   1 
 X= 811 X2= 813  Y= 704 Y2= 709 P1= 940 P2= 410 T1=  28 T2=  27  P= 494  D=   1 * 0
 X= 811 X2= 812  Y= 702 Y2= 708 P1= 937 P2= 436 T1=  26 T2=  24  P= 494  D=   1 * 0
 X= 811 X2= 812  Y= 704 Y2= 708 P1= 939 P2= 420 T1=  27 T2=  25  P= 494  D=   1 * 0
 X= 810 X2= 811  Y= 703 Y2= 706 P1= 934 P2= 436 T1=  24 T2=  25  P= 494  D=   1 * 1
 X= 810 X2= 810  Y= 702 Y2= 706 P1= 932 P2= 452 T1=  23 T2=  23  P= 494  D=   1 * 2
 X= 808 X2= 810  Y= 702 Y2= 706 P1= 933 P2= 447 T1=  23 T2=  23  P= 494  D=   1 * 3
 X= 809 X2= 809  Y= 701 Y2= 706 P1= 933 P2= 445 T1=  23 T2=  22  P= 494  D=   1 * 4
 X= 810 X2= 811  Y= 703 Y2= 706 P1= 935 P2= 433 T1=  23 T2=  25  P= 494  D=   1 * 5
 X= 810 X2= 810  Y= 702 Y2= 706 P1= 935 P2= 438 T1=  24 T2=  25  P= 494  D=   1 * 6
 X= 809 X2= 811  Y= 702 Y2= 706 P1= 935 P2= 439 T1=  24 T2=  23  P= 494  D=   1 * 7
 X= 810 X2= 811  Y= 701 Y2= 707 P1= 934 P2= 443 T1=  24 T2=  24  P= 494  D=   1 * 8
 X= 809 X2= 810  Y= 702 Y2= 706 P1= 933 P2= 442 T1=  24 T2=  25  P= 494  D=   1 * 9
 X= 810 X2= 811  Y= 702 Y2= 706 P1= 934 P2= 442 T1=  24 T2=  24  P= 494  D=   1 * 10
 X= 809 X2= 812  Y= 702 Y2= 707 P1= 934 P2= 442 T1=  23 T2=  24  P= 494  D=   1 * 11
 X= 809 X2= 811  Y= 702 Y2= 706 P1= 933 P2= 442 T1=  24 T2=  24  P= 494  D=   1 * 12
 X= 809 X2= 810  Y= 702 Y2= 706 P1= 934 P2= 444 T1=  23 T2=  24  P= 494  D=   1 * 13
 X= 810 X2= 811  Y= 702 Y2= 707 P1= 934 P2= 443 T1=  24 T2=  24  P= 494  D=   1 * 14
 X= 810 X2= 812  Y= 702 Y2= 707 P1= 934 P2= 444 T1=  24 T2=  24  P= 494  D=   1 * 15
 X= 809 X2= 813  Y= 701 Y2= 707 P1= 933 P2= 444 T1=  24 T2=  22  P= 494  D=   1 * 16
 X= 809 X2= 810  Y= 702 Y2= 706 P1= 934 P2= 443 T1=  24 T2=  24  P= 494  D=   1 * 17
 X= 810 X2= 810  Y= 702 Y2= 707 P1= 934 P2= 443 T1=  24 T2=  23  P= 494  D=   1 * 18
 X= 810 X2= 811  Y= 702 Y2= 706 P1= 934 P2= 444 T1=  24 T2=  23  P= 494  D=   1 * 19
 X= 810 X2= 810  Y= 702 Y2= 705 P1= 934 P2= 444 T1=  24 T2=  24  P= 494  D=   1 * 20
 X= 809 X2= 810  Y= 702 Y2= 706 P1= 934 P2= 444 T1=  24 T2=  24  P= 494  D=   1 * 21
 X= 810 X2= 809  Y= 702 Y2= 706 P1= 933 P2= 445 T1=  24 T2=  24  P= 494  D=   1 * 22
 X= 809 X2= 811  Y= 702 Y2= 706 P1= 934 P2= 443 T1=  24 T2=  24  P= 494  D=   1 * 23
 X= 810 X2= 811  Y= 702 Y2= 707 P1= 933 P2= 444 T1=  24 T2=  24  P= 494  D=   1 * 24
Remove Pin
 X= 809 X2= 809  Y= 702 Y2= 707 P1= 933 P2= 445 T1=  23 T2=  23  P= 494  D=   1 * 24
 X= 810 X2= 809  Y= 702 Y2= 706 P1= 934 P2= 444 T1=  24 T2=  24  P= 494  D=   1 * 24
 X= 809 X2= 810  Y= 702 Y2= 707 P1= 934 P2= 442 T1=  24 T2=  24  P= 494  D=   1 * 24
 X= 810 X2= 811  Y= 702 Y2= 706 P1= 934 P2= 444 T1=  24 T2=  25  P= 494  D=   1 * 24
 X= 810 X2= 810  Y= 702 Y2= 706 P1= 933 P2= 444 T1=  24 T2=  24  P= 494  D=   1 * 24
 X= 809 X2= 810  Y= 702 Y2= 707 P1= 933 P2= 446 T1=  24 T2=  24  P= 494  D=   1 * 24
 X= 809 X2= 810  Y= 702 Y2= 706 P1= 933 P2= 444 T1=  24 T2=  24  P= 494  D=   1 * 24
 X= 809 X2= 810  Y= 703 Y2= 706 P1= 934 P2= 444 T1=  24 T2=  24  P= 494  D=   1 * 24
 X= 812 X2= 811  Y= 702 Y2= 707 P1= 934 P2= 445 T1=  24 T2=  24  P= 494  D=   1 * 24
 X= 809 X2= 810  Y= 702 Y2= 706 P1= 934 P2= 445 T1=  24 T2=  23  P= 494  D=   1 * 24
 X= 809 X2= 812  Y= 702 Y2= 706 P1= 933 P2= 445 T1=  24 T2=  23  P= 494  D=   1 * 24
 X= 810 X2= 811  Y= 701 Y2= 706 P1= 933 P2= 447 T1=  23 T2=  23  P= 494  D=   1 * 24
 X= 809 X2= 811  Y= 702 Y2= 707 P1= 933 P2= 447 T1=  23 T2=  24  P= 494  D=   1 * 24
 X= 809 X2= 811  Y= 702 Y2= 706 P1= 934 P2= 446 T1=  23 T2=  23  P= 494  D=   1 * 24
 X= 810 X2= 810  Y= 701 Y2= 706 P1= 933 P2= 447 T1=  23 T2=  23  P= 494  D=   1 * 24
 X= 809 X2= 810  Y= 702 Y2= 706 P1= 933 P2= 447 T1=  23 T2=  24  P= 494  D=   1 * 24
 X= 809 X2= 813  Y= 701 Y2= 706 P1= 935 P2= 448 T1=  24 T2=  24  P= 494  D=   1 * 24
 X= 809 X2= 810  Y= 702 Y2= 706 P1= 933 P2= 447 T1=  24 T2=  24  P= 494  D=   1 * 24
 X= 810 X2= 810  Y= 701 Y2= 706 P1= 933 P2= 447 T1=  24 T2=  23  P= 494  D=   1 * 24
 X= 810 X2= 810  Y= 702 Y2= 706 P1= 933 P2= 448 T1=  24 T2=  23  P= 494  D=   1 * 24
 X= 810 X2= 810  Y= 701 Y2= 705 P1= 932 P2= 450 T1=  23 T2=  23  P= 494  D=   1 * 24
 X= 809 X2= 810  Y= 702 Y2= 706 P1= 932 P2= 448 T1=  23 T2=  23  P= 494  D=   1 * 24
 X= 809 X2= 810  Y= 701 Y2= 706 P1= 932 P2= 448 T1=  24 T2=  23  P= 494  D=   1 * 24
 X= 809 X2= 810  Y= 701 Y2= 705 P1= 932 P2= 451 T1=  23 T2=  23  P= 494  D=   1 * 24
 X= 808 X2= 809  Y= 700 Y2= 705 P1= 930 P2= 464 T1=  21 T2=  21  P= 494  D=   1 * 24
 X= 822 X2= 961  Y= 949 Y2=1001 P1= 968 P2= 277 T1=  62 T2= 506  P= 494  D=   1 
 X= 791 X2=1023  Y= 955 Y2=1022 P1=1023 P2=   0 T1=1023 T2= 876  P= 494  D=   1 
 X= 996 X2=1001  Y= 952 Y2=1023 P1=1023 P2=   0 T1=1023 T2= 874  P= 494  D=   1 
 X= 961 X2=1013  Y= 955 Y2=1022 P1=1023 P2=   0 T1=1023 T2= 875  P= 494  D=   1 
target state=3 point=23,249
 X= 955 X2=1012  Y= 950 Y2=1022 P1=1023 P2=   0 T1=1023 T2= 873  P= 494  D=   1 
 X= 963 X2=1005  Y= 949 Y2=1023 P1=1023 P2=   0 T1=1023 T2= 875  P= 494  D=   1 
 X= 946 X2= 997  Y= 947 Y2=1023 P1=1023 P2=   0 T1=1023 T2= 879  P= 494  D=   1 
 X= 804 X2=1023  Y= 953 Y2=1022 P1=1023 P2=   0 T1=1023 T2= 861  P= 494  D=   1 
 X= 902 X2=1023  Y= 951 Y2=1023 P1=1023 P2=   0 T1=1023 T2= 860  P= 494  D=   1 
 X= 919 X2=1023  Y= 943 Y2=1021 P1=1023 P2=   0 T1=1023 T2= 856  P= 494  D=   1 
 X= 797 X2=1023  Y= 961 Y2=1022 P1=1023 P2=   0 T1=1023 T2= 851  P= 494  D=   1 
 X= 977 X2= 998  Y= 951 Y2=1023 P1=1023 P2=   0 T1=1022 T2= 844  P= 494  D=   1 
 X= 936 X2=1016  Y= 958 Y2=1023 P1=1023 P2=   0 T1=1022 T2= 872  P= 494  D=   1 
 X= 868 X2=1016  Y= 958 Y2=1021 P1=1023 P2=   0 T1=1023 T2= 869  P= 494  D=   1 
 X= 867 X2=1023  Y= 950 Y2=1021 P1=1023 P2=   0 T1=1022 T2= 810  P= 494  D=   1 
 X=1023 X2=1009  Y= 939 Y2=1022 P1=1023 P2=   0 T1=1023 T2= 831  P= 494  D=   1 
 X= 736 X2=1023  Y= 950 Y2=1022 P1=1023 P2=   0 T1=1022 T2= 870  P= 494  D=   1 
 X= 794 X2=1023  Y= 943 Y2=1022 P1=1023 P2=   0 T1=1023 T2= 875  P= 494  D=   1 
 X= 912 X2= 998  Y= 959 Y2=1022 P1=1023 P2=   0 T1=1023 T2= 863  P= 494  D=   1 
 X= 869 X2=1023  Y= 952 Y2=1022 P1=1023 P2=   0 T1=1022 T2= 866  P= 494  D=   1 
 X= 958 X2=1023  Y= 957 Y2=1021 P1=1023 P2=   0 T1=1023 T2= 893  P= 494  D=   1 
 X= 859 X2=1016  Y= 958 Y2=1022 P1=1023 P2=   0 T1=1023 T2= 861  P= 494  D=   1 
 X= 936 X2=1010  Y= 944 Y2=1022 P1=1023 P2=   0 T1=1023 T2= 861  P= 494  D=   1 
 X= 922 X2=1022  Y= 955 Y2=1021 P1=1023 P2=   0 T1=1023 T2= 853  P= 494  D=   1 
 X= 904 X2=1002  Y= 945 Y2=1022 P1=1023 P2=   0 T1=1023 T2= 850  P= 494  D=   1 
 X= 951 X2=1007  Y= 942 Y2=1023 P1=1023 P2=   0 T1=1023 T2= 839  P= 494  D=   1 
 X= 831 X2=1023  Y= 958 Y2=1022 P1=1022 P2=   0 T1=1023 T2= 839  P= 494  D=   1 
 X= 853 X2=1023  Y= 958 Y2=1021 P1=1023 P2=   0 T1=1023 T2= 873  P= 494  D=   1 
 X= 875 X2=1023  Y= 959 Y2=1023 P1=1023 P2=   0 T1=1023 T2= 870  P= 494  D=   1 
 X= 889 X2=1023  Y= 972 Y2=1020 P1=1023 P2=   0 T1=1023 T2= 864  P= 494  D=   1 
 X= 943 X2= 993  Y= 945 Y2=1023 P1=1023 P2=   0 T1=1023 T2= 868  P= 494  D=   1 
 X= 906 X2=1008  Y= 932 Y2=1022 P1=1023 P2=   0 T1=1023 T2= 874  P= 494  D=   1 
 X= 936 X2=1023  Y= 958 Y2=1022 P1=1023 P2=   0 T1=1023 T2= 818  P= 494  D=   1 
 X= 893 X2=1023  Y= 956 Y2=1022 P1=1023 P2=   0 T1=1023 T2= 867  P= 494  D=   1 
 X=1021 X2=1005  Y= 944 Y2=1022 P1=1023 P2=   0 T1=1023 T2= 872  P= 494  D=   1 
 X= 804 X2=1023  Y= 942 Y2=1022 P1=1023 P2=   0 T1=1023 T2= 859  P= 494  D=   1 
 X= 863 X2=1020  Y= 952 Y2=1023 P1=1023 P2=   0 T1=1023 T2= 854  P= 494  D=   1 
 X= 918 X2=1012  Y= 942 Y2=1021 P1=1023 P2=   0 T1=1023 T2= 871  P= 494  D=   1 
 X= 777 X2=1023  Y= 941 Y2=1021 P1=1023 P2=   0 T1=1023 T2= 846  P= 494  D=   1 
 X= 842 X2=1020  Y= 949 Y2=1021 P1=1023 P2=   0 T1=1023 T2= 862  P= 494  D=   1 
 X= 967 X2= 999  Y= 951 Y2=1021 P1=1023 P2=   0 T1=1023 T2= 852  P= 494  D=   1 
 X= 941 X2=1005  Y= 951 Y2=1023 P1=1023 P2=   0 T1=1023 T2= 864  P= 494  D=   1 
 X= 847 X2=1023  Y= 957 Y2=1022 P1=1023 P2=   0 T1=1023 T2= 792  P= 494  D=   1 
 X= 866 X2= 996  Y= 947 Y2=1022 P1=1023 P2=   0 T1=1023 T2= 806  P= 494  D=   1 
 X= 929 X2=1023  Y= 952 Y2=1022 P1=1023 P2=   0 T1=1023 T2= 869  P= 494  D=   1 
 X= 771 X2=1023  Y= 944 Y2=1019 P1=1023 P2=   0 T1=1023 T2= 851  P= 494  D=   1 
 X= 860 X2=1014  Y= 933 Y2=1023 P1=1023 P2=   0 T1=1023 T2= 842  P= 494  D=   1 
 X=1023 X2=1008  Y= 944 Y2=1022 P1=1023 P2=   0 T1=1023 T2= 870  P= 494  D=   1 
 X= 821 X2=1023  Y= 938 Y2=1020 P1=1023 P2=   0 T1=1023 T2= 850  P= 494  D=   1 
 X= 950 X2= 994  Y= 942 Y2=1023 P1=1023 P2=   0 T1=1022 T2= 865  P= 494  D=   1 
 X= 929 X2=1003  Y= 959 Y2=1022 P1=1023 P2=   0 T1=1023 T2= 878  P= 494  D=   1 
 X= 804 X2=1023  Y= 959 Y2=1022 P1=1022 P2=   0 T1=1023 T2= 852  P= 494  D=   1 
 X=1023 X2=1013  Y= 949 Y2=1022 P1=1023 P2=   0 T1=1023 T2= 865  P= 494  D=   1 
 X= 776 X2=1023  Y= 953 Y2=1022 P1=1023 P2=   0 T1=1023 T2= 835  P= 494  D=   1 
 X= 797 X2=1023  Y= 956 Y2=1021 P1=1023 P2=   0 T1=1022 T2= 865  P= 494  D=   1 
 X=1017 X2=1013  Y= 948 Y2=1022 P1=1023 P2=   0 T1=1023 T2= 874  P= 494  D=   1 
 X= 891 X2=1015  Y= 950 Y2=1022 P1=1023 P2=   0 T1=1023 T2= 868  P= 494  D=   1 
 X= 872 X2=1018  Y= 952 Y2=1022 P1=1023 P2=   0 T1=1022 T2= 883  P= 494  D=   1 
 X= 925 X2=1012  Y= 933 Y2=1022 P1=1023 P2=   0 T1=1023 T2= 855  P= 494  D=   1 
 X=1005 X2=1014  Y= 944 Y2=1022 P1=1023 P2=   0 T1=1023 T2= 861  P= 494  D=   1 
 X= 868 X2=1021  Y= 943 Y2=1021 P1=1023 P2=   0 T1=1022 T2= 838  P= 494  D=   1 
 X=1012 X2= 994  Y= 951 Y2=1022 P1=1023 P2=   0 T1=1023 T2= 859  P= 494  D=   1 
 X= 849 X2=1023  Y= 914 Y2=1022 P1=1023 P2=   0 T1=1023 T2= 844  P= 494  D=   1 
 X= 780 X2=1023  Y= 966 Y2=1021 P1=1023 P2=   0 T1=1023 T2= 868  P= 494  D=   1 
 X= 974 X2=1012  Y= 955 Y2=1023 P1=1023 P2=   0 T1=1021 T2= 850  P= 494  D=   1 
 X= 992 X2= 989  Y= 919 Y2=1022 P1=1023 P2=   0 T1=1023 T2= 794  P= 494  D=   1 
 X= 878 X2=1016  Y= 957 Y2=1022 P1=1023 P2=   0 T1=1023 T2= 845  P= 494  D=   1 
 X= 880 X2=1007  Y= 961 Y2=1022 P1=1023 P2=   0 T1=1023 T2= 883  P= 494  D=   1 
 X=1023 X2=1011  Y= 962 Y2=1022 P1=1023 P2=   0 T1=1023 T2= 886  P= 494  D=   1 
 X= 976 X2=1004  Y= 952 Y2=1021 P1=1023 P2=   0 T1=1022 T2= 852  P= 494  D=   1 
 X= 831 X2=1023  Y= 959 Y2=1021 P1=1023 P2=   0 T1=1023 T2= 889  P= 494  D=   1 
 X= 318 X2= 325  Y= 747 Y2= 743 P1= 949 P2= 111 T1= 106 T2=  47  P= 494  D=   1 
 X= 879 X2=1016  Y= 926 Y2=1022 P1=1023 P2=   0 T1=1023 T2= 902  P= 494  D=   1 
 X=1007 X2=1023  Y=1022 Y2=1023 P1=1023 P2=   0 T1=1023 T2=1022  P= 494  D=   1 
 X= 837 X2=1023  Y= 965 Y2=1021 P1=1023 P2=   0 T1=1023 T2= 881  P= 494  D=   1 
 X= 878 X2=1017  Y= 975 Y2=1022 P1=1023 P2=   0 T1=1022 T2= 884  P= 494  D=   1 
 X= 875 X2=1017  Y= 955 Y2=1022 P1=1023 P2=   0 T1=1023 T2= 876  P= 494  D=   1 
 X= 904 X2=1023  Y= 959 Y2=1021 P1=1023 P2=   0 T1=1023 T2= 896  P= 494  D=   1 
 X= 915 X2= 998  Y= 965 Y2=1023 P1=1023 P2=   0 T1=1023 T2= 868  P= 494  D=   1 
 X= 802 X2=1023  Y= 960 Y2=1022 P1=1023 P2=   0 T1=1023 T2= 876  P= 494  D=   1 
 X= 765 X2=1023  Y= 948 Y2=1021 P1=1023 P2=   0 T1=1023 T2= 869  P= 494  D=   1 
 X= 918 X2=1023  Y= 958 Y2=1022 P1=1023 P2=   0 T1=1023 T2= 891  P= 494  D=   1 
 X= 923 X2=1023  Y= 952 Y2=1021 P1=1023 P2=   0 T1=1023 T2= 865  P= 494  D=   1 
 X= 807 X2=1023  Y= 974 Y2=1021 P1=1023 P2=   0 T1=1023 T2= 908  P= 494  D=   1 
 X= 895 X2=1000  Y= 974 Y2=1023 P1=1023 P2=   0 T1=1023 T2= 892  P= 494  D=   1 
 X= 955 X2= 999  Y= 957 Y2=1023 P1=1023 P2=   0 T1=1023 T2= 894  P= 494  D=   1 
 X= 974 X2=1002  Y= 959 Y2=1022 P1=1023 P2=   0 T1=1023 T2= 876  P= 494  D=   1 
 X= 972 X2= 990  Y= 968 Y2=1022 P1=1023 P2=   0 T1=1022 T2= 880  P= 494  D=   1 
 X= 895 X2=1023  Y= 965 Y2=1021 P1=1023 P2=   0 T1=1023 T2= 892  P= 494  D=   1 
 X= 860 X2=1023  Y= 959 Y2=1022 P1=1023 P2=   0 T1=1022 T2= 884  P= 494  D=   1 
 X= 871 X2=1023  Y= 967 Y2=1022 P1=1023 P2=   0 T1=1023 T2= 855  P= 494  D=   1 
 X= 967 X2=1016  Y= 964 Y2=1023 P1=1023 P2=   0 T1=1022 T2= 898  P= 494  D=   1 
 X= 895 X2=1015  Y= 963 Y2=1022 P1=1023 P2=   0 T1=1023 T2= 896  P= 494  D=   1 
 X= 976 X2=1009  Y= 960 Y2=1023 P1=1023 P2=   0 T1=1023 T2= 891  P= 494  D=   1 
 X=1003 X2= 991  Y= 962 Y2=1023 P1=1023 P2=   0 T1=1022 T2= 900  P= 494  D=   1 
 X= 895 X2=1023  Y= 974 Y2=1023 P1=1023 P2=   0 T1=1023 T2= 893  P= 494  D=   1 
 X= 917 X2=1023  Y= 960 Y2=1022 P1=1023 P2=   0 T1=1022 T2= 862  P= 494  D=   1 
 X= 882 X2=1005  Y= 941 Y2=1023 P1=1023 P2=   0 T1=1022 T2= 891  P= 494  D=   1 
 X= 890 X2=1023  Y= 966 Y2=1022 P1=1023 P2=   0 T1=1023 T2= 904  P= 494  D=   1 
 X= 893 X2=1023  Y= 973 Y2=1022 P1=1023 P2=   0 T1=1023 T2= 904  P= 494  D=   1 
 X= 961 X2=1012  Y= 975 Y2=1023 P1=1023 P2=   0 T1=1023 T2= 908  P= 494  D=   1 
 X= 928 X2=1018  Y= 961 Y2=1022 P1=1023 P2=   0 T1=1023 T2= 879  P= 494  D=   1 
 X= 890 X2=1004  Y= 958 Y2=1022 P1=1023 P2=   0 T1=1022 T2= 879  P= 494  D=   1 
 X=1023 X2=1009  Y= 962 Y2=1022 P1=1023 P2=   0 T1=1023 T2= 899  P= 494  D=   1 
 X= 983 X2=1015  Y= 949 Y2=1022 P1=1023 P2=   0 T1=1023 T2= 881  P= 494  D=   1 
 X=1022 X2= 989  Y= 963 Y2=1023 P1=1023 P2=   0 T1=1023 T2= 848  P= 494  D=   1 
 X= 891 X2=1005  Y= 969 Y2=1023 P1=1023 P2=   0 T1=1023 T2= 891  P= 494  D=   1 
 X= 799 X2=1023  Y= 964 Y2=1022 P1=1023 P2=   0 T1=1023 T2= 892  P= 494  D=   1 
 X= 728 X2=1023  Y= 966 Y2=1022 P1=1023 P2=   0 T1=1023 T2= 912  P= 494  D=   1 
 X= 897 X2=1019  Y= 965 Y2=1023 P1=1023 P2=   0 T1=1022 T2= 902  P= 494  D=   1 
 X= 942 X2=1018  Y= 968 Y2=1023 P1=1023 P2=   0 T1=1023 T2= 899  P= 494  D=   1 
 X= 827 X2=1023  Y= 954 Y2=1022 P1=1023 P2=   0 T1=1023 T2= 848  P= 494  D=   1 
 X=1023 X2=1010  Y= 958 Y2=1021 P1=1023 P2=   0 T1=1021 T2= 905  P= 494  D=   1 
 X=1018 X2= 994  Y= 976 Y2=1021 P1=1023 P2=   0 T1=1022 T2= 856  P= 494  D=   1 
 X= 874 X2=1023  Y= 962 Y2=1022 P1=1023 P2=   0 T1=1023 T2= 882  P= 494  D=   1 
 X= 799 X2=1023  Y= 956 Y2=1022 P1=1023 P2=   0 T1=1023 T2= 882  P= 494  D=   1 
 X= 804 X2=1023  Y= 970 Y2=1022 P1=1023 P2=   0 T1=1022 T2= 895  P= 494  D=   1 
 X= 801 X2=1023  Y= 966 Y2=1022 P1=1023 P2=   0 T1=1023 T2= 877  P= 494  D=   1 
 X= 755 X2=1023  Y= 971 Y2=1022 P1=1023 P2=   0 T1=1023 T2= 889  P= 494  D=   1 
 X= 975 X2=1012  Y= 967 Y2=1022 P1=1023 P2=   0 T1=1023 T2= 905  P= 494  D=   1 
 X= 951 X2=1013  Y= 961 Y2=1022 P1=1023 P2=   0 T1=1023 T2= 890  P= 494  D=   1 
 X= 859 X2=1023  Y= 971 Y2=1022 P1=1023 P2=   0 T1=1023 T2= 916  P= 494  D=   1 
 X= 979 X2=1008  Y= 974 Y2=1023 P1=1023 P2=   0 T1=1023 T2= 901  P= 494  D=   1 
 X= 832 X2=1023  Y= 965 Y2=1022 P1=1023 P2=   0 T1=1023 T2= 898  P= 494  D=   1 
 X= 875 X2=1023  Y= 973 Y2=1022 P1=1023 P2=   0 T1=1023 T2= 879  P= 494  D=   1 
 X= 871 X2=1023  Y= 971 Y2=1021 P1=1023 P2=   0 T1=1023 T2= 893  P= 494  D=   1 
 X= 904 X2=1023  Y= 949 Y2=1022 P1=1023 P2=   0 T1=1023 T2= 892  P= 494  D=   1 
 X= 778 X2=1023  Y= 961 Y2=1021 P1=1023 P2=   0 T1=1023 T2= 906  P= 494  D=   1 
 X=1023 X2=1011  Y= 967 Y2=1023 P1=1023 P2=   0 T1=1023 T2= 914  P= 494  D=   1 
 X= 864 X2=1023  Y= 974 Y2=1022 P1=1023 P2=   0 T1=1023 T2= 904  P= 494  D=   1 
 X= 969 X2=1002  Y= 966 Y2=1023 P1=1023 P2=   0 T1=1022 T2= 910  P= 494  D=   1 
 X=1022 X2=1013  Y= 978 Y2=1022 P1=1023 P2=   0 T1=1023 T2= 895  P= 494  D=   1 
 X=1006 X2=1014  Y= 964 Y2=1022 P1=1023 P2=   0 T1=1023 T2= 870  P= 494  D=   1 
 X= 842 X2=1023  Y= 959 Y2=1021 P1=1023 P2=   0 T1=1023 T2= 894  P= 494  D=   1 
 X= 827 X2=1023  Y= 959 Y2=1022 P1=1023 P2=   0 T1=1023 T2= 884  P= 494  D=   1 
 X= 897 X2=1019  Y= 970 Y2=1023 P1=1023 P2=   0 T1=1023 T2= 894  P= 494  D=   1 
 X= 828 X2=1023  Y= 974 Y2=1022 P1=1023 P2=   0 T1=1023 T2= 885  P= 494  D=   1 
 X= 997 X2= 996  Y= 963 Y2=1023 P1=1023 P2=   0 T1=1022 T2= 904  P= 494  D=   1 
 X= 977 X2= 997  Y= 959 Y2=1023 P1=1023 P2=   0 T1=1022 T2= 891  P= 494  D=   1 
 X= 938 X2=1010  Y= 969 Y2=1021 P1=1023 P2=   0 T1=1022 T2= 902  P= 494  D=   1 
 X= 890 X2=1023  Y= 966 Y2=1022 P1=1023 P2=   0 T1=1023 T2= 883  P= 494  D=   1 
 X=1023 X2=1006  Y= 970 Y2=1022 P1=1023 P2=   0 T1=1023 T2= 903  P= 494  D=   1 
 X= 790 X2=1023  Y= 977 Y2=1022 P1=1023 P2=   0 T1=1023 T2= 902  P= 494  D=   1 
 X= 821 X2=1023  Y= 966 Y2=1020 P1=1023 P2=   0 T1=1023 T2= 821  P= 494  D=   1 
 X= 870 X2=1019  Y= 974 Y2=1022 P1=1023 P2=   0 T1=1022 T2= 884  P= 494  D=   1 
 X= 892 X2=1018  Y= 965 Y2=1022 P1=1023 P2=   0 T1=1022 T2= 900  P= 494  D=   1 
 X= 925 X2=1023  Y= 973 Y2=1021 P1=1023 P2=   0 T1=1023 T2= 895  P= 494  D=   1 
 X= 891 X2=1004  Y= 972 Y2=1022 P1=1023 P2=   0 T1=1022 T2= 903  P= 494  D=   1 
 X= 969 X2=1009  Y= 962 Y2=1022 P1=1022 P2=   0 T1=1023 T2= 892  P= 494  D=   1 
 X= 820 X2=1023  Y= 965 Y2=1022 P1=1023 P2=   0 T1=1023 T2= 870  P= 494  D=   1 
 X= 876 X2=1023  Y= 969 Y2=1021 P1=1023 P2=   0 T1=1023 T2= 893  P= 494  D=   1 
 X= 761 X2=1023  Y= 977 Y2=1022 P1=1023 P2=   0 T1=1023 T2= 888  P= 494  D=   1 
 X= 911 X2=1023  Y= 978 Y2=1022 P1=1023 P2=   0 T1=1023 T2= 878  P= 494  D=   1 
 X= 926 X2=1022  Y= 966 Y2=1021 P1=1023 P2=   0 T1=1023 T2= 904  P= 494  D=   1 
 X= 922 X2=1023  Y= 949 Y2=1022 P1=1023 P2=   0 T1=1023 T2= 884  P= 494  D=   1 
 X= 788 X2=1023  Y= 977 Y2=1022 P1=1023 P2=   0 T1=1022 T2= 888  P= 494  D=   1 
 X= 944 X2=1015  Y= 967 Y2=1022 P1=1023 P2=   0 T1=1023 T2= 917  P= 494  D=   1 
 X= 989 X2=1009  Y= 961 Y2=1022 P1=1023 P2=   0 T1=1022 T2= 894  P= 494  D=   1 
 X= 939 X2= 993  Y= 972 Y2=1022 P1=1023 P2=   0 T1=1023 T2= 825  P= 494  D=   1 
 X= 910 X2=1023  Y= 974 Y2=1022 P1=1023 P2=   0 T1=1023 T2= 898  P= 494  D=   1 
 X= 929 X2=1022  Y= 966 Y2=1021 P1=1023 P2=   0 T1=1023 T2= 905  P= 494  D=   1 
 X= 825 X2=1023  Y= 964 Y2=1022 P1=1023 P2=   0 T1=1023 T2= 891  P= 494  D=   1 
 X= 832 X2=1023  Y= 970 Y2=1022 P1=1023 P2=   0 T1=1023 T2= 898  P= 494  D=   1 
 X= 984 X2= 999  Y= 965 Y2=1022 P1=1023 P2=   0 T1=1023 T2= 897  P= 494  D=   1 
 X= 942 X2=1016  Y= 966 Y2=1022 P1=1023 P2=   0 T1=1023 T2= 878  P= 494  D=   1 
 X=1012 X2=1005  Y= 972 Y2=1021 P1=1023 P2=   0 T1=1023 T2= 899  P= 494  D=   1 
 X= 920 X2=1007  Y= 945 Y2=1022 P1=1023 P2=   0 T1=1023 T2= 906  P= 494  D=   1 
 X= 842 X2=1023  Y= 989 Y2=1022 P1=1023 P2=   0 T1=1023 T2= 902  P= 494  D=   1 
 X= 843 X2=1023  Y= 942 Y2=1021 P1=1023 P2=   0 T1=1023 T2= 884  P= 494  D=   1 
 X= 912 X2=1023  Y= 964 Y2=1022 P1=1023 P2=   0 T1=1023 T2= 892  P= 494  D=   1 
 X= 928 X2=1023  Y= 953 Y2=1022 P1=1023 P2=   0 T1=1023 T2= 903  P= 494  D=   1 
 X= 777 X2=1023  Y= 975 Y2=1023 P1=1023 P2=   0 T1=1023 T2= 878  P= 494  D=   1 
 X= 970 X2=1007  Y= 961 Y2=1021 P1=1023 P2=   0 T1=1023 T2= 916  P= 494  D=   1 
 X= 963 X2=1002  Y= 966 Y2=1023 P1=1023 P2=   0 T1=1023 T2= 899  P= 494  D=   1 
 X= 999 X2=1013  Y=1023 Y2=1022 P1=1023 P2=   0 T1=1022 T2=1020  P= 494  D=   1 
 X= 893 X2=1023  Y= 966 Y2=1021 P1=1023 P2=   0 T1=1021 T2= 898  P= 494  D=   1 
 X=1003 X2= 991  Y= 958 Y2=1022 P1=1023 P2=   0 T1=1023 T2= 892  P= 494  D=   1 
 X= 806 X2=1023  Y= 966 Y2=1022 P1=1023 P2=   0 T1=1023 T2= 893  P= 494  D=   1 
 X= 802 X2=1023  Y= 973 Y2=1022 P1=1023 P2=   0 T1=1023 T2= 853  P= 494  D=   1 
 X= 776 X2=1023  Y= 976 Y2=1022 P1=1023 P2=   0 T1=1023 T2= 881  P= 494  D=   1 
 X= 924 X2=1023  Y= 971 Y2=1022 P1=1023 P2=   0 T1=1023 T2= 890  P= 494  D=   1 
 X= 974 X2= 994  Y= 966 Y2=1023 P1=1023 P2=   0 T1=1023 T2= 876  P= 494  D=   1 
 X=1014 X2=1001  Y= 960 Y2=1022 P1=1023 P2=   0 T1=1022 T2= 856  P= 494  D=   1 
 X= 964 X2=1011  Y= 965 Y2=1022 P1=1023 P2=   0 T1=1023 T2= 892  P= 494  D=   1 
 X= 881 X2=1023  Y= 967 Y2=1022 P1=1023 P2=   0 T1=1021 T2= 905  P= 494  D=   1 
 X= 879 X2= 994  Y= 964 Y2=1022 P1=1023 P2=   0 T1=1023 T2= 906  P= 494  D=   1 
 X= 934 X2=1018  Y= 956 Y2=1022 P1=1023 P2=   0 T1=1022 T2= 903  P= 494  D=   1 
 X= 826 X2=1023  Y= 961 Y2=1022 P1=1023 P2=   0 T1=1023 T2= 894  P= 494  D=   1 
 X= 954 X2=1015  Y= 963 Y2=1022 P1=1023 P2=   0 T1=1023 T2= 891  P= 494  D=   1 
 X= 907 X2=1018  Y= 953 Y2=1022 P1=1023 P2=   0 T1=1022 T2= 874  P= 494  D=   1 
 X= 787 X2=1023  Y= 963 Y2=1022 P1=1023 P2=   0 T1=1022 T2= 910  P= 494  D=   1 
 X=1023 X2=1014  Y= 969 Y2=1023 P1=1023 P2=   0 T1=1023 T2= 898  P= 494  D=   1 
 X= 952 X2=1007  Y= 956 Y2=1022 P1=1023 P2=   0 T1=1023 T2= 851  P= 494  D=   1 
 X= 887 X2=1022  Y= 973 Y2=1023 P1=1023 P2=   0 T1=1023 T2= 884  P= 494  D=   1 
 X= 930 X2=1005  Y= 963 Y2=1021 P1=1023 P2=   0 T1=1023 T2= 904  P= 494  D=   1 
 X= 928 X2=1023  Y= 963 Y2=1022 P1=1023 P2=   0 T1=1023 T2= 877  P= 494  D=   1 
 X= 773 X2=1023  Y= 978 Y2=1022 P1=1023 P2=   0 T1=1023 T2= 902  P= 494  D=   1 
 X= 771 X2=1023  Y= 971 Y2=1020 P1=1023 P2=   0 T1=1022 T2= 881  P= 494  D=   1 
 X= 902 X2=1016  Y= 954 Y2=1022 P1=1023 P2=   0 T1=1023 T2= 891  P= 494  D=   1 
 X= 879 X2=1018  Y= 957 Y2=1022 P1=1023 P2=   0 T1=1023 T2= 887  P= 494  D=   1 
 X= 999 X2= 997  Y= 965 Y2=1020 P1=1023 P2=   0 T1=1023 T2= 894  P= 494  D=   1 
 X= 986 X2=1007  Y= 962 Y2=1022 P1=1023 P2=   0 T1=1022 T2= 911  P= 494  D=   1 
 X= 849 X2=1023  Y= 976 Y2=1022 P1=1023 P2=   0 T1=1023 T2= 916  P= 494  D=   1 
 X= 927 X2=1022  Y= 961 Y2=1023 P1=1023 P2=   0 T1=1022 T2= 875  P= 494  D=   1 
 X= 910 X2= 991  Y= 962 Y2=1023 P1=1023 P2=   0 T1=1023 T2= 885  P= 494  D=   1 
 X= 788 X2=1023  Y= 976 Y2=1022 P1=1023 P2=   0 T1=1023 T2= 898  P= 494  D=   1 
 X=1023 X2=1011  Y= 962 Y2=1022 P1=1023 P2=   0 T1=1023 T2= 837  P= 494  D=   1 
 X= 863 X2=1019  Y= 972 Y2=1022 P1=1023 P2=   0 T1=1023 T2= 871  P= 494  D=   1 
 X= 884 X2=1019  Y= 971 Y2=1023 P1=1023 P2=   0 T1=1022 T2= 827  P= 494  D=   1 
 X= 883 X2=1022  Y= 965 Y2=1022 P1=1023 P2=   0 T1=1023 T2= 891  P= 494  D=   1 
 X=1023 X2=1011  Y= 956 Y2=1023 P1=1023 P2=   0 T1=1022 T2= 895  P= 494  D=   1 
 X= 938 X2=1023  Y= 949 Y2=1022 P1=1023 P2=   0 T1=1023 T2= 894  P= 494  D=   1 
 X= 821 X2=1023  Y= 973 Y2=1022 P1=1023 P2=   0 T1=1023 T2= 894  P= 494  D=   1 
 X= 907 X2=1022  Y= 966 Y2=1021 P1=1023 P2=   0 T1=1023 T2= 889  P= 494  D=   1 
 X= 794 X2=1023  Y= 964 Y2=1022 P1=1023 P2=   0 T1=1022 T2= 896  P= 494  D=   1 
 X= 759 X2=1023  Y= 966 Y2=1022 P1=1023 P2=   0 T1=1023 T2= 885  P= 494  D=   1 
 X=1010 X2=1017  Y= 965 Y2=1021 P1=1023 P2=   0 T1=1022 T2= 882  P= 494  D=   1 
 X= 963 X2=1013  Y= 966 Y2=1022 P1=1023 P2=   0 T1=1023 T2= 912  P= 494  D=   1 
 X= 870 X2=1015  Y= 967 Y2=1022 P1=1023 P2=   0 T1=1023 T2= 887  P= 494  D=   1 
 X= 911 X2=1003  Y= 981 Y2=1022 P1=1023 P2=   0 T1=1023 T2= 886  P= 494  D=   1 
 X= 874 X2=1011  Y= 967 Y2=1023 P1=1023 P2=   0 T1=1023 T2= 883  P= 494  D=   1 
 X= 837 X2=1023  Y= 975 Y2=1022 P1=1023 P2=   0 T1=1023 T2= 900  P= 494  D=   1 
 X= 793 X2=1023  Y= 980 Y2=1022 P1=1023 P2=   0 T1=1023 T2= 881  P= 494  D=   1 
 X= 941 X2=1023  Y= 976 Y2=1022 P1=1023 P2=   0 T1=1022 T2= 902  P= 494  D=   1 
 X= 842 X2=1023  Y= 977 Y2=1022 P1=1023 P2=   0 T1=1023 T2= 882  P= 494  D=   1 
 X= 844 X2=1023  Y= 968 Y2=1022 P1=1023 P2=   0 T1=1023 T2= 889  P= 494  D=   1 
 X= 954 X2= 996  Y= 961 Y2=1022 P1=1023 P2=   0 T1=1023 T2= 886  P= 494  D=   1 
 X= 970 X2=1016  Y= 972 Y2=1023 P1=1023 P2=   0 T1=1023 T2= 905  P= 494  D=   1 
 X= 893 X2=1007  Y= 974 Y2=1022 P1=1023 P2=   0 T1=1023 T2= 885  P= 494  D=   1 
 X=1021 X2=1015  Y= 970 Y2=1022 P1=1023 P2=   0 T1=1022 T2= 899  P= 494  D=   1 
 X= 946 X2=1017  Y= 972 Y2=1022 P1=1023 P2=   0 T1=1023 T2= 904  P= 494  D=   1 
 X= 884 X2=1023  Y= 971 Y2=1023 P1=1023 P2=   0 T1=1022 T2= 853  P= 494  D=   1 
 X= 899 X2=1023  Y= 962 Y2=1022 P1=1023 P2=   0 T1=1023 T2= 897  P= 494  D=   1 
 X= 899 X2=1023  Y= 976 Y2=1023 P1=1023 P2=   0 T1=1023 T2= 885  P= 494  D=   1 
 X= 796 X2=1023  Y= 976 Y2=1022 P1=1023 P2=   0 T1=1023 T2= 897  P= 494  D=   1 
 X= 870 X2=1016  Y= 965 Y2=1022 P1=1023 P2=   0 T1=1022 T2= 906  P= 494  D=   1 
 X= 884 X2=1023  Y= 962 Y2=1022 P1=1023 P2=   0 T1=1022 T2= 856  P= 494  D=   1 
 X= 814 X2=1023  Y= 964 Y2=1022 P1=1023 P2=   0 T1=1023 T2= 910  P= 494  D=   1 
 X= 933 X2=1005  Y= 963 Y2=1023 P1=1023 P2=   0 T1=1023 T2= 880  P= 494  D=   1 
 X=1023 X2=1015  Y= 961 Y2=1023 P1=1023 P2=   0 T1=1023 T2= 887  P= 494  D=   1 
 X= 756 X2=1023  Y= 951 Y2=1022 P1=1023 P2=   0 T1=1023 T2= 886  P= 494  D=   1 
 X= 861 X2=1023  Y= 975 Y2=1022 P1=1023 P2=   0 T1=1023 T2= 880  P= 494  D=   1 
 X= 870 X2=1018  Y= 966 Y2=1023 P1=1023 P2=   0 T1=1023 T2= 893  P= 494  D=   1 
 X= 908 X2=1023  Y= 973 Y2=1022 P1=1023 P2=   0 T1=1022 T2= 902  P= 494  D=   1 
 X= 922 X2=1023  Y= 942 Y2=1022 P1=1023 P2=   0 T1=1023 T2= 912  P= 494  D=   1 
 X= 961 X2=1011  Y= 956 Y2=1022 P1=1023 P2=   0 T1=1023 T2= 899  P= 494  D=   1 
 X= 964 X2=1011  Y= 970 Y2=1023 P1=1023 P2=   0 T1=1023 T2= 824  P= 494  D=   1 
 X= 970 X2=1023  Y= 969 Y2=1022 P1=1023 P2=   0 T1=1023 T2= 827  P= 494  D=   1 
 X= 998 X2= 987  Y= 966 Y2=1023 P1=1023 P2=   0 T1=1023 T2= 905  P= 494  D=   1 
 X= 837 X2=1023  Y= 975 Y2=1022 P1=1023 P2=   0 T1=1023 T2= 852  P= 494  D=   1 
 X= 860 X2=1023  Y= 942 Y2=1022 P1=1023 P2=   0 T1=1023 T2= 891  P= 494  D=   1 
 X= 971 X2=1012  Y= 974 Y2=1022 P1=1023 P2=   0 T1=1023 T2= 890  P= 494  D=   1 
 X= 863 X2=1017  Y= 968 Y2=1022 P1=1023 P2=   0 T1=1023 T2= 883  P= 494  D=   1 
 X= 938 X2=1022  Y= 965 Y2=1021 P1=1023 P2=   0 T1=1022 T2= 883  P= 494  D=   1 
 X= 871 X2=1016  Y= 968 Y2=1023 P1=1023 P2=   0 T1=1023 T2= 909  P= 494  D=   1 
 X= 971 X2=1011  Y= 972 Y2=1023 P1=1023 P2=   0 T1=1023 T2= 904  P= 494  D=   1 
 X= 899 X2= 999  Y= 963 Y2=1023 P1=1023 P2=   0 T1=1023 T2= 911  P= 494  D=   1 
 X= 979 X2=1009  Y= 952 Y2=1023 P1=1023 P2=   0 T1=1023 T2= 863  P= 494  D=   1 
 X= 914 X2=1023  Y= 969 Y2=1021 P1=1023 P2=   0 T1=1023 T2= 860  P= 494  D=   1 
 X= 796 X2=1023  Y= 973 Y2=1022 P1=1023 P2=   0 T1=1022 T2= 887  P= 494  D=   1 
 X= 779 X2=1023  Y= 967 Y2=1022 P1=1023 P2=   0 T1=1023 T2= 882  P= 494  D=   1 
 X= 913 X2=1023  Y= 961 Y2=1022 P1=1023 P2=   0 T1=1023 T2= 949  P= 494  D=   1 
 X= 936 X2=1023  Y= 971 Y2=1022 P1=1023 P2=   0 T1=1023 T2= 889  P= 494  D=   1 
 X= 974 X2=1023  Y=1009 Y2=1022 P1=1023 P2=   0 T1=1023 T2= 966  P= 494  D=   1 
 X= 998 X2=1023  Y= 984 Y2=1022 P1=1023 P2=   0 T1=1023 T2= 944  P= 494  D=   1 
 X= 936 X2=1017  Y=1015 Y2=1023 P1=1023 P2=   0 T1=1023 T2= 977  P= 494  D=   1 
 X= 960 X2=1023  Y= 993 Y2=1023 P1=1023 P2=   0 T1=1023 T2= 959  P= 494  D=   1 
 X= 990 X2=1023  Y=1012 Y2=1022 P1=1023 P2=   0 T1=1023 T2= 931  P= 494  D=   1 
 X= 818 X2=1023  Y= 991 Y2=1022 P1=1023 P2=   0 T1=1023 T2= 966  P= 494  D=   1 
 X= 919 X2=1015  Y= 992 Y2=1022 P1=1023 P2=   0 T1=1023 T2= 942  P= 494  D=   1 
 X= 854 X2=1023  Y= 981 Y2=1022 P1=1023 P2=   0 T1=1023 T2= 972  P= 494  D=   1 
 X= 945 X2=1023  Y= 969 Y2=1021 P1=1023 P2=   0 T1=1023 T2= 901  P= 494  D=   1 
 X= 915 X2= 990  Y= 970 Y2=1022 P1=1023 P2=   0 T1=1023 T2= 887  P= 494  D=   1 
 X=1023 X2=1011  Y= 967 Y2=1023 P1=1023 P2=   0 T1=1023 T2= 898  P= 494  D=   1 
 X=1006 X2=1022  Y= 965 Y2=1022 P1=1023 P2=   0 T1=1022 T2= 922  P= 494  D=   1 
 X= 993 X2=1023  Y=1021 Y2=1023 P1=1023 P2=   0 T1=1023 T2=1022  P= 494  D=   1 
 X= 920 X2=1023  Y= 966 Y2=1022 P1=1023 P2=   0 T1=1023 T2= 833  P= 494  D=   1 
 X= 779 X2=1023  Y= 973 Y2=1021 P1=1023 P2=   0 T1=1023 T2= 905  P= 494  D=   1 
 X= 865 X2=1023  Y= 979 Y2=1021 P1=1023 P2=   0 T1=1022 T2= 880  P= 494  D=   1 
 X=1001 X2=1000  Y= 968 Y2=1022 P1=1023 P2=   0 T1=1023 T2= 905  P= 494  D=   1 
 X= 980 X2=1010  Y= 963 Y2=1023 P1=1023 P2=   0 T1=1023 T2= 873  P= 494  D=   1 
 X= 877 X2=1019  Y= 969 Y2=1021 P1=1023 P2=   0 T1=1023 T2= 898  P= 494  D=   1 
 X= 933 X2= 988  Y= 966 Y2=1022 P1=1023 P2=   0 T1=1023 T2= 903  P= 494  D=   1 
 X=1023 X2=1008  Y= 955 Y2=1022 P1=1023 P2=   0 T1=1023 T2= 899  P= 494  D=   1 
 X= 887 X2=1023  Y= 973 Y2=1022 P1=1023 P2=   0 T1=1023 T2= 824  P= 494  D=   1 
 X= 871 X2=1023  Y= 974 Y2=1021 P1=1023 P2=   0 T1=1022 T2= 887  P= 494  D=   1 
 X= 916 X2=1023  Y= 961 Y2=1022 P1=1023 P2=   0 T1=1023 T2= 889  P= 494  D=   1 
 X= 908 X2=1023  Y= 968 Y2=1022 P1=1023 P2=   0 T1=1023 T2= 888  P= 494  D=   1 
 X= 929 X2=1015  Y= 969 Y2=1022 P1=1023 P2=   0 T1=1022 T2= 899  P= 494  D=   1 
 X= 983 X2=1007  Y= 972 Y2=1021 P1=1023 P2=   0 T1=1023 T2= 884  P= 494  D=   1 
 X= 965 X2=1003  Y= 970 Y2=1021 P1=1023 P2=   0 T1=1023 T2= 911  P= 494  D=   1 
 X= 876 X2= 990  Y= 973 Y2=1022 P1=1023 P2=   0 T1=1023 T2= 906  P= 494  D=   1 
 X=1023 X2=1005  Y= 974 Y2=1022 P1=1023 P2=   0 T1=1023 T2= 903  P= 494  D=   1 
 X= 938 X2=1023  Y= 974 Y2=1022 P1=1023 P2=   0 T1=1022 T2= 889  P= 494  D=   1 
 X= 858 X2=1023  Y= 975 Y2=1022 P1=1023 P2=   0 T1=1022 T2= 894  P= 494  D=   1 
 X= 866 X2=1016  Y= 969 Y2=1022 P1=1023 P2=   0 T1=1023 T2= 894  P= 494  D=   1 
 X= 910 X2=1014  Y= 959 Y2=1021 P1=1023 P2=   0 T1=1023 T2= 887  P= 494  D=   1 
 X= 925 X2=1023  Y= 974 Y2=1022 P1=1023 P2=   0 T1=1022 T2= 889  P= 494  D=   1 
 X= 995 X2=1014  Y= 971 Y2=1023 P1=1023 P2=   0 T1=1023 T2= 888  P= 494  D=   1 
 X= 972 X2=1011  Y= 967 Y2=1023 P1=1023 P2=   0 T1=1023 T2= 899  P= 494  D=   1 
 X= 805 X2=1023  Y= 965 Y2=1022 P1=1023 P2=   0 T1=1023 T2= 902  P= 494  D=   1 
 X= 814 X2=1023  Y= 973 Y2=1022 P1=1023 P2=   0 T1=1022 T2= 878  P= 494  D=   1 
 X= 771 X2=1023  Y= 960 Y2=1022 P1=1023 P2=   0 T1=1023 T2= 902  P= 494  D=   1 
 X= 822 X2=1023  Y= 970 Y2=1021 P1=1023 P2=   0 T1=1023 T2= 896  P= 494  D=   1 
 X= 802 X2=1023  Y= 972 Y2=1022 P1=1023 P2=   0 T1=1023 T2= 895  P= 494  D=   1 
 X= 884 X2=1019  Y= 942 Y2=1023 P1=1023 P2=   0 T1=1023 T2= 919  P= 494  D=   1 
 X= 923 X2=1023  Y= 964 Y2=1022 P1=1023 P2=   0 T1=1023 T2= 902  P= 494  D=   1 
 X= 922 X2=1020  Y= 958 Y2=1022 P1=1023 P2=   0 T1=1023 T2= 866  P= 494  D=   1 
 X= 879 X2=1023  Y= 974 Y2=1022 P1=1023 P2=   0 T1=1023 T2= 888  P= 494  D=   1 
 X= 837 X2=1023  Y= 964 Y2=1022 P1=1023 P2=   0 T1=1023 T2= 903  P= 494  D=   1 
 X= 926 X2=1023  Y= 973 Y2=1021 P1=1023 P2=   0 T1=1023 T2= 901  P= 494  D=   1 
 X= 987 X2=1010  Y= 958 Y2=1022 P1=1023 P2=   0 T1=1022 T2= 919  P= 494  D=   1 
 X= 809 X2=1023  Y= 969 Y2=1020 P1=1023 P2=   0 T1=1022 T2= 852  P= 494  D=   1 
 X= 820 X2=1023  Y= 976 Y2=1021 P1=1023 P2=   0 T1=1023 T2= 883  P= 494  D=   1 
 X= 983 X2=1008  Y= 968 Y2=1022 P1=1023 P2=   0 T1=1023 T2= 884  P= 494  D=   1 
 X= 960 X2=1013  Y= 972 Y2=1022 P1=1023 P2=   0 T1=1023 T2= 917  P= 494  D=   1 
 X= 927 X2=1022  Y= 965 Y2=1022 P1=1022 P2=   0 T1=1023 T2= 831  P= 494  D=   1 
 X= 941 X2=1007  Y= 966 Y2=1022 P1=1023 P2=   0 T1=1023 T2= 908  P= 494  D=   1 
 X=1013 X2=1014  Y= 973 Y2=1023 P1=1023 P2=   0 T1=1022 T2= 891  P= 494  D=   1 
 X= 891 X2= 993  Y= 971 Y2=1022 P1=1023 P2=   0 T1=1022 T2= 849  P= 494  D=   1 
 X= 895 X2=1023  Y= 967 Y2=1022 P1=1023 P2=   0 T1=1023 T2= 903  P= 494  D=   1 
 X= 911 X2=1017  Y= 967 Y2=1023 P1=1023 P2=   0 T1=1023 T2= 889  P= 494  D=   1 
 X= 776 X2=1023  Y= 969 Y2=1022 P1=1023 P2=   0 T1=1023 T2= 874  P= 494  D=   1 
 X= 935 X2= 999  Y= 975 Y2=1022 P1=1023 P2=   0 T1=1023 T2= 900  P= 494  D=   1 
 X= 938 X2=1023  Y= 965 Y2=1022 P1=1023 P2=   0 T1=1022 T2= 911  P= 494  D=   1 
 X= 922 X2=1018  Y= 962 Y2=1023 P1=1023 P2=   0 T1=1023 T2= 899  P= 494  D=   1 
 X=1023 X2=1016  Y= 966 Y2=1021 P1=1023 P2=   0 T1=1023 T2= 895  P= 494  D=   1 
 X=1022 X2=1012  Y= 965 Y2=1022 P1=1023 P2=   0 T1=1023 T2= 894  P= 494  D=   1 
 X= 777 X2=1023  Y= 970 Y2=1022 P1=1023 P2=   0 T1=1022 T2= 900  P= 494  D=   1 
 X= 800 X2=1023  Y= 969 Y2=1022 P1=1023 P2=   0 T1=1023 T2= 903  P= 494  D=   1 
 X= 886 X2=1018  Y= 932 Y2=1022 P1=1023 P2=   0 T1=1023 T2= 903  P= 494  D=   1 
 X= 924 X2=1013  Y= 978 Y2=1022 P1=1023 P2=   0 T1=1023 T2= 901  P= 494  D=   1 
 X= 883 X2=1023  Y= 967 Y2=1022 P1=1023 P2=   0 T1=1023 T2= 899  P= 494  D=   1 
 X= 953 X2=1023  Y= 973 Y2=1022 P1=1023 P2=   0 T1=1023 T2= 869  P= 494  D=   1 
 X= 902 X2=1018  Y= 963 Y2=1022 P1=1023 P2=   0 T1=1023 T2= 905  P= 494  D=   1 
 X= 851 X2=1023  Y= 969 Y2=1022 P1=1023 P2=   0 T1=1022 T2= 872  P= 494  D=   1 
 X= 995 X2=1019  Y= 967 Y2=1022 P1=1023 P2=   0 T1=1022 T2= 886  P= 494  D=   1 
 X= 798 X2=1023  Y= 965 Y2=1022 P1=1023 P2=   0 T1=1023 T2= 889  P= 494  D=   1 
 X= 820 X2=1023  Y= 983 Y2=1022 P1=1023 P2=   0 T1=1023 T2= 912  P= 494  D=   1 
 X= 862 X2=1023  Y= 964 Y2=1022 P1=1023 P2=   0 T1=1023 T2= 897  P= 494  D=   1 
 X= 897 X2=1023  Y= 966 Y2=1022 P1=1023 P2=   0 T1=1023 T2= 893  P= 494  D=   1 
 X= 915 X2=1023  Y= 960 Y2=1022 P1=1023 P2=   0 T1=1023 T2= 825  P= 494  D=   1 
 X=1018 X2=1012  Y= 966 Y2=1023 P1=1023 P2=   0 T1=1023 T2= 889  P= 494  D=   1 
 X= 985 X2= 995  Y= 959 Y2=1021 P1=1023 P2=   0 T1=1022 T2= 851  P= 494  D=   1 
 X= 873 X2=1023  Y= 965 Y2=1022 P1=1023 P2=   0 T1=1022 T2= 855  P= 494  D=   1 
 X= 924 X2=1023  Y= 972 Y2=1022 P1=1023 P2=   0 T1=1023 T2= 892  P= 494  D=   1 
 X= 897 X2= 986  Y= 979 Y2=1022 P1=1023 P2=   0 T1=1023 T2= 899  P= 494  D=   1 
 X= 847 X2=1023  Y= 971 Y2=1022 P1=1023 P2=   0 T1=1023 T2= 896  P= 494  D=   1 
 X= 897 X2=1023  Y= 973 Y2=1022 P1=1023 P2=   0 T1=1023 T2= 893  P= 494  D=   1 
 X= 924 X2=1015  Y= 965 Y2=1022 P1=1023 P2=   0 T1=1023 T2= 882  P= 494  D=   1 
 X= 866 X2=1018  Y= 973 Y2=1023 P1=1023 P2=   0 T1=1022 T2= 907  P= 494  D=   1 
 X= 931 X2=1002  Y= 965 Y2=1022 P1=1023 P2=   0 T1=1023 T2= 916  P= 494  D=   1 
 X=1022 X2=1016  Y= 970 Y2=1021 P1=1023 P2=   0 T1=1023 T2= 906  P= 494  D=   1 
 X=1008 X2= 990  Y= 970 Y2=1023 P1=1023 P2=   0 T1=1023 T2= 879  P= 494  D=   1 
 X= 994 X2=1013  Y= 953 Y2=1022 P1=1023 P2=   0 T1=1022 T2= 906  P= 494  D=   1 
 X= 993 X2=1005  Y= 963 Y2=1023 P1=1022 P2=   0 T1=1022 T2= 906  P= 494  D=   1 
 X= 753 X2=1023  Y= 965 Y2=1022 P1=1023 P2=   0 T1=1023 T2= 898  P= 494  D=   1 
 X= 880 X2=1023  Y= 968 Y2=1022 P1=1023 P2=   0 T1=1023 T2= 880  P= 494  D=   1 
 X= 887 X2=1023  Y= 984 Y2=1022 P1=1023 P2=   0 T1=1022 T2= 891  P= 494  D=   1 
 X= 902 X2=1017  Y= 973 Y2=1023 P1=1023 P2=   0 T1=1023 T2= 898  P= 494  D=   1 
 X= 918 X2=1023  Y= 978 Y2=1022 P1=1023 P2=   0 T1=1022 T2= 909  P= 494  D=   1 
 X= 905 X2=1023  Y= 977 Y2=1022 P1=1023 P2=   0 T1=1022 T2= 908  P= 494  D=   1 
 X=1012 X2= 998  Y= 972 Y2=1022 P1=1023 P2=   0 T1=1022 T2= 917  P= 494  D=   1 
 X= 869 X2=1023  Y= 973 Y2=1022 P1=1023 P2=   0 T1=1022 T2= 825  P= 494  D=   1 
 X= 888 X2=1023  Y= 971 Y2=1022 P1=1023 P2=   0 T1=1023 T2= 913  P= 494  D=   1 
 X= 878 X2=1018  Y= 966 Y2=1022 P1=1023 P2=   0 T1=1022 T2= 901  P= 494  D=   1 
 X= 873 X2=1023  Y= 974 Y2=1023 P1=1023 P2=   0 T1=1022 T2= 885  P= 494  D=   1 
 X= 886 X2=1023  Y= 963 Y2=1021 P1=1023 P2=   0 T1=1023 T2= 902  P= 494  D=   1 
 X= 928 X2=1013  Y= 936 Y2=1022 P1=1023 P2=   0 T1=1023 T2= 905  P= 494  D=   1 
 X= 886 X2=1018  Y= 953 Y2=1023 P1=1023 P2=   0 T1=1023 T2= 903  P= 494  D=   1 
 X= 891 X2=1021  Y= 974 Y2=1023 P1=1023 P2=   0 T1=1023 T2= 897  P= 494  D=   1 
 X=1023 X2=1014  Y= 962 Y2=1022 P1=1023 P2=   0 T1=1023 T2= 846  P= 494  D=   1 
 X= 841 X2=1023  Y= 962 Y2=1022 P1=1023 P2=   0 T1=1023 T2= 902  P= 494  D=   1 
 X= 889 X2=1023  Y= 962 Y2=1022 P1=1023 P2=   0 T1=1023 T2= 885  P= 494  D=   1 
 X= 903 X2=1023  Y= 925 Y2=1022 P1=1023 P2=   0 T1=1023 T2= 871  P= 494  D=   1 
 X= 928 X2=1023  Y= 969 Y2=1022 P1=1023 P2=   0 T1=1023 T2= 885  P= 494  D=   1 
 X=1011 X2=1023  Y=1021 Y2=1023 P1=1023 P2=   0 T1=1023 T2=1021  P= 494  D=   1 
 X= 860 X2=1023  Y= 971 Y2=1022 P1=1023 P2=   0 T1=1023 T2= 913  P= 494  D=   1 
 X= 915 X2=1019  Y= 980 Y2=1021 P1=1023 P2=   0 T1=1023 T2= 899  P= 494  D=   1 
 X= 879 X2=1023  Y= 970 Y2=1022 P1=1023 P2=   0 T1=1023 T2= 885  P= 494  D=   1 
 X=1023 X2=1010  Y= 956 Y2=1022 P1=1023 P2=   0 T1=1022 T2= 854  P= 494  D=   1 
 X=1022 X2= 989  Y= 963 Y2=1022 P1=1023 P2=   0 T1=1023 T2= 884  P= 494  D=   1 
 X= 839 X2=1023  Y= 971 Y2=1022 P1=1023 P2=   0 T1=1023 T2= 897  P= 494  D=   1 
 X= 820 X2=1023  Y= 968 Y2=1022 P1=1023 P2=   0 T1=1023 T2= 905  P= 494  D=   1 
 X= 873 X2=1017  Y= 973 Y2=1022 P1=1023 P2=   0 T1=1023 T2= 893  P= 494  D=   1 
 X= 857 X2=1023  Y= 959 Y2=1022 P1=1023 P2=   0 T1=1023 T2= 873  P= 494  D=   1 
 X= 956 X2=1018  Y= 960 Y2=1023 P1=1023 P2=   0 T1=1023 T2= 883  P= 494  D=   1 
 X= 975 X2=1007  Y= 966 Y2=1022 P1=1023 P2=   0 T1=1022 T2= 888  P= 494  D=   1 
 X= 959 X2=1016  Y= 962 Y2=1022 P1=1023 P2=   0 T1=1023 T2= 900  P= 494  D=   1 
 X=1012 X2=1015  Y= 925 Y2=1022 P1=1023 P2=   0 T1=1023 T2= 911  P= 494  D=   1 
 X= 922 X2=1008  Y= 938 Y2=1022 P1=1023 P2=   0 T1=1023 T2= 902  P= 494  D=   1 
 X= 725 X2=1023  Y= 964 Y2=1022 P1=1023 P2=   0 T1=1023 T2= 885  P= 494  D=   1 
 X= 822 X2=1023  Y= 976 Y2=1021 P1=1023 P2=   0 T1=1021 T2= 883  P= 494  D=   1 
 X= 969 X2=1013  Y= 966 Y2=1021 P1=1023 P2=   0 T1=1023 T2= 880  P= 494  D=   1 
 X= 866 X2=1015  Y= 960 Y2=1021 P1=1023 P2=   0 T1=1022 T2= 905  P= 494  D=   1 
 X= 875 X2=1021  Y= 965 Y2=1023 P1=1023 P2=   0 T1=1022 T2= 862  P= 494  D=   1 
 X= 875 X2=1017  Y= 970 Y2=1023 P1=1023 P2=   0 T1=1023 T2= 908  P= 494  D=   1 
 X= 956 X2=1013  Y= 974 Y2=1022 P1=1023 P2=   0 T1=1023 T2= 878  P= 494  D=   1 
 X= 874 X2=1023  Y= 969 Y2=1022 P1=1023 P2=   0 T1=1023 T2= 898  P= 494  D=   1 
 X= 235 X2= 236  Y= 705 Y2= 700 P1= 849 P2= 234 T1=  26 T2=  21  P= 494  D=   1 * 0
 X= 233 X2= 236  Y= 704 Y2= 700 P1= 877 P2= 154 T1=  24 T2= 118  P= 494  D=   1 * 0
 X= 235 X2= 237  Y= 704 Y2= 700 P1= 864 P2= 212 T1=  24 T2=  25  P= 494  D=   1 * 0
 X= 234 X2= 237  Y= 703 Y2= 699 P1= 858 P2= 220 T1=  24 T2=  23  P= 494  D=   1 * 0
 X= 234 X2= 236  Y= 704 Y2= 699 P1= 859 P2= 220 T1=  24 T2=  23  P= 494  D=   1 * 1
 X= 237 X2= 238  Y= 705 Y2= 700 P1= 869 P2= 206 T1=  25 T2=  25  P= 494  D=   1 * 2
 X= 468 X2= 565  Y= 857 Y2= 995 P1=1023 P2=  68 T1= 288 T2=  75  P= 494  D=   1 
 X= 993 X2= 985  Y= 968 Y2=1022 P1=1023 P2=   0 T1=1022 T2= 911  P= 494  D=   1 
 X= 821 X2=1023  Y= 966 Y2=1021 P1=1023 P2=   0 T1=1023 T2= 885  P= 494  D=   1 
 X= 849 X2=1023  Y= 969 Y2=1023 P1=1023 P2=   0 T1=1023 T2= 897  P= 494  D=   1 
 X= 942 X2=1022  Y= 973 Y2=1022 P1=1023 P2=   0 T1=1023 T2= 872  P= 494  D=   1 
 X= 849 X2=1023  Y= 973 Y2=1022 P1=1023 P2=   0 T1=1023 T2= 892  P= 494  D=   1 
 X= 917 X2=1016  Y= 962 Y2=1023 P1=1023 P2=   0 T1=1023 T2= 902  P= 494  D=   1 
 X= 964 X2=1015  Y= 975 Y2=1022 P1=1023 P2=   0 T1=1023 T2= 891  P= 494  D=   1 
 X= 965 X2=1017  Y= 979 Y2=1023 P1=1023 P2=   0 T1=1023 T2= 884  P= 494  D=   1 
 X= 895 X2=1003  Y= 969 Y2=1023 P1=1023 P2=   0 T1=1023 T2= 901  P= 494  D=   1 
 X=1022 X2= 989  Y= 964 Y2=1022 P1=1023 P2=   0 T1=1023 T2= 879  P= 494  D=   1 
 X= 786 X2=1023  Y= 975 Y2=1021 P1=1023 P2=   0 T1=1023 T2= 880  P= 494  D=   1 
 X= 870 X2=1023  Y= 964 Y2=1022 P1=1023 P2=   0 T1=1023 T2= 887  P= 494  D=   1 
 X= 924 X2=1023  Y= 966 Y2=1022 P1=1023 P2=   0 T1=1023 T2= 915  P= 494  D=   1 
 X= 942 X2=1023  Y= 979 Y2=1022 P1=1023 P2=   0 T1=1023 T2= 900  P= 494  D=   1 
 X= 888 X2=1023  Y= 969 Y2=1021 P1=1023 P2=   0 T1=1023 T2= 914  P= 494  D=   1 
 X= 991 X2= 993  Y= 958 Y2=1022 P1=1023 P2=   0 T1=1023 T2= 892  P= 494  D=   1 
 X= 974 X2=1014  Y= 967 Y2=1023 P1=1023 P2=   0 T1=1023 T2= 887  P= 494  D=   1 
 X= 924 X2=1023  Y= 964 Y2=1020 P1=1023 P2=   0 T1=1023 T2= 897  P= 494  D=   1 
 X=1006 X2=1019  Y= 972 Y2=1021 P1=1023 P2=   0 T1=1023 T2=  29  P= 494  D=   1 
 X= 234 X2= 235  Y= 703 Y2= 698 P1= 847 P2= 234 T1=  25 T2=  22  P= 494  D=   1 * 3
 X= 235 X2= 237  Y= 704 Y2= 699 P1= 855 P2= 230 T1=  24 T2=  22  P= 641  D=   1 * 4
 X= 237 X2= 237  Y= 704 Y2= 700 P1= 861 P2= 218 T1=  25 T2=  23  P= 641  D=   1 * 5
 X= 234 X2= 237  Y= 703 Y2= 700 P1= 856 P2= 224 T1=  22 T2=  23  P= 662  D=   1 * 6
 X= 235 X2= 237  Y= 704 Y2= 700 P1= 861 P2= 219 T1=  23 T2=  25  P= 662  D=   1 * 7
 X= 240 X2= 241  Y= 708 Y2= 703 P1= 893 P2= 174 T1=  29 T2=  29  P= 662  D=   1 * 8
 X= 895 X2=1018  Y= 976 Y2=1022 P1=1023 P2=   0 T1=1023 T2= 903  P= 662  D=   1 
 X= 843 X2=1023  Y= 979 Y2=1021 P1=1023 P2=   0 T1=1023 T2= 905  P= 662  D=   1 
 X=1023 X2=1013  Y= 938 Y2=1022 P1=1023 P2=   0 T1=1022 T2= 907  P= 662  D=   1 
 X= 872 X2=1001  Y= 971 Y2=1023 P1=1023 P2=   0 T1=1023 T2= 823  P= 662  D=   1 
 X= 875 X2=1023  Y= 978 Y2=1022 P1=1023 P2=   0 T1=1022 T2= 903  P= 662  D=   1 
 X= 909 X2=1016  Y= 962 Y2=1021 P1=1023 P2=   0 T1=1023 T2= 890  P= 662  D=   1 
 X= 894 X2=1016  Y= 958 Y2=1022 P1=1023 P2=   0 T1=1023 T2= 881  P= 662  D=   1 
 X= 841 X2=1023  Y= 960 Y2=1022 P1=1023 P2=   0 T1=1022 T2= 905  P= 662  D=   1 
 X= 792 X2=1023  Y= 980 Y2=1022 P1=1023 P2=   0 T1=1022 T2= 876  P= 662  D=   1 
 X=1023 X2=1014  Y= 980 Y2=1022 P1=1023 P2=   0 T1=1022 T2= 891  P= 662  D=   1 
 X= 968 X2=1013  Y= 963 Y2=1023 P1=1023 P2=   0 T1=1023 T2= 892  P= 662  D=   1 
 X= 883 X2=1023  Y= 968 Y2=1022 P1=1023 P2=   0 T1=1023 T2= 879  P= 662  D=   1 
 X= 892 X2= 988  Y= 954 Y2=1021 P1=1023 P2=   0 T1=1023 T2= 903  P= 662  D=   1 
 X= 924 X2=1023  Y= 968 Y2=1022 P1=1023 P2=   0 T1=1023 T2= 904  P= 662  D=   1 
 X= 812 X2=1023  Y= 963 Y2=1022 P1=1023 P2=   0 T1=1023 T2= 892  P= 662  D=   1 
 X= 749 X2=1023  Y= 974 Y2=1021 P1=1023 P2=   0 T1=1023 T2= 836  P= 662  D=   1 
 X= 891 X2=1015  Y= 942 Y2=1022 P1=1023 P2=   0 T1=1023 T2= 905  P= 662  D=   1 
 X= 785 X2=1023  Y= 968 Y2=1023 P1=1023 P2=   0 T1=1023 T2= 901  P= 662  D=   1 
 X= 231 X2= 233  Y= 702 Y2= 698 P1= 833 P2= 255 T1=  20 T2=  20  P= 525  D=   1 * 9
 X= 925 X2=1023  Y= 971 Y2=1022 P1= 932 P2= 182 T1=1022 T2=  26  P= 525  D=   1 
 X= 234 X2= 235  Y= 702 Y2= 698 P1= 842 P2= 244 T1=  21 T2=  21  P= 573  D=   1 * 10
 X= 234 X2= 236  Y= 703 Y2= 698 P1= 843 P2= 243 T1=  21 T2=  21  P= 580  D=   1 * 11
 X= 234 X2= 236  Y= 702 Y2= 697 P1= 842 P2= 244 T1=  22 T2=  21  P= 575  D=   1 * 12
 X= 233 X2= 236  Y= 703 Y2= 699 P1= 845 P2= 240 T1=  21 T2=  22  P= 589  D=   1 * 13
 X= 234 X2= 236  Y= 703 Y2= 698 P1= 848 P2= 235 T1=  21 T2=  22  P= 612  D=   1 * 14
 X= 235 X2= 237  Y= 703 Y2= 699 P1= 857 P2= 223 T1=  23 T2=  23  P= 670  D=   1 * 15
 X= 769 X2=1023  Y= 965 Y2=1022 P1=1023 P2=   0 T1=1022 T2= 898  P= 670  D=   1 
 X=1019 X2= 987  Y= 969 Y2=1022 P1=1023 P2=   0 T1=1023 T2= 921  P= 670  D=   1 
 X= 804 X2=1023  Y= 978 Y2=1022 P1=1023 P2=   0 T1=1023 T2= 881  P= 670  D=   1 
 X= 969 X2=1007  Y= 972 Y2=1023 P1=1023 P2=   0 T1=1022 T2= 887  P= 670  D=   1 
 X= 909 X2=1020  Y= 987 Y2=1023 P1=1023 P2=   0 T1=1021 T2= 902  P= 670  D=   1 
 X= 905 X2= 995  Y= 971 Y2=1023 P1=1023 P2=   0 T1=1023 T2= 924  P= 670  D=   1 
 X= 856 X2=1018  Y= 962 Y2=1022 P1=1023 P2=   0 T1=1022 T2= 902  P= 670  D=   1 
 X= 781 X2=1023  Y= 961 Y2=1022 P1=1023 P2=   0 T1=1023 T2= 881  P= 670  D=   1 
 X=1022 X2=1006  Y= 970 Y2=1022 P1=1023 P2=   0 T1=1023 T2= 890  P= 670  D=   1 
 X= 936 X2=1023  Y= 957 Y2=1022 P1=1023 P2=   0 T1=1023 T2= 877  P= 670  D=   1 
 X= 881 X2=1019  Y= 964 Y2=1022 P1=1023 P2=   0 T1=1023 T2= 904  P= 670  D=   1 
 X= 910 X2=1023  Y= 968 Y2=1022 P1=1023 P2=   0 T1=1023 T2= 901  P= 670  D=   1 
 X=1016 X2= 994  Y= 970 Y2=1021 P1=1023 P2=   0 T1=1023 T2= 915  P= 670  D=   1 
 X= 849 X2=1023  Y= 978 Y2=1021 P1=1023 P2=   0 T1=1022 T2= 903  P= 670  D=   1 
 X= 881 X2=1023  Y= 979 Y2=1022 P1=1023 P2=   0 T1=1023 T2= 906  P= 670  D=   1 
 X= 908 X2=1018  Y= 942 Y2=1021 P1=1023 P2=   0 T1=1023 T2= 897  P= 670  D=   1 
 X= 841 X2=1023  Y= 962 Y2=1021 P1=1023 P2=   0 T1=1023 T2= 897  P= 670  D=   1 
 X= 789 X2=1023  Y= 969 Y2=1022 P1=1023 P2=   0 T1=1023 T2= 899  P= 670  D=   1 
 X= 987 X2=1006  Y= 969 Y2=1022 P1=1023 P2=   0 T1=1023 T2= 888  P= 670  D=   1 
 X= 232 X2= 235  Y= 702 Y2= 697 P1= 832 P2= 258 T1=  21 T2=  20  P= 518  D=   1 * 16
 X= 234 X2= 235  Y= 702 Y2= 697 P1= 844 P2= 241 T1=  21 T2=  21  P= 585  D=   1 * 17
 X= 231 X2= 235  Y= 701 Y2= 697 P1= 837 P2= 250 T1=  21 T2=  20  P= 547  D=   1 * 18
 X= 234 X2= 235  Y= 702 Y2= 698 P1= 838 P2= 249 T1=  21 T2=  21  P= 553  D=   1 * 19
 X= 233 X2= 235  Y= 702 Y2= 698 P1= 838 P2= 249 T1=  21 T2=  21  P= 553  D=   1 * 20
 X= 234 X2= 236  Y= 702 Y2= 698 P1= 838 P2= 249 T1=  22 T2=  21  P= 555  D=   1 * 21
 X= 234 X2= 236  Y= 702 Y2= 698 P1= 839 P2= 249 T1=  21 T2=  21  P= 556  D=   1 * 22
 X= 234 X2= 236  Y= 702 Y2= 698 P1= 845 P2= 240 T1=  22 T2=  21  P= 592  D=   1 * 23
 X= 234 X2= 236  Y= 702 Y2= 698 P1= 847 P2= 237 T1=  21 T2=  22  P= 604  D=   1 * 24
Remove Pin
 X= 939 X2=1023  Y= 967 Y2=1022 P1=1023 P2=   0 T1=1022 T2= 872  P= 604  D=   1 
 X=1023 X2=1018  Y= 967 Y2=1023 P1=1023 P2=   0 T1=1021 T2= 903  P= 604  D=   1 
 X=1023 X2=1015  Y= 954 Y2=1023 P1=1023 P2=   0 T1=1023 T2= 892  P= 604  D=   1 
Target Noise  x= 2.50 y= 2.50
X[0]: Target= 23   243/ 245/ 247 Stdev= 1.02 N= 24  Y[0]: Target= 22   349/ 350/ 351 Stdev= 0.60 N= 24
X[1]: Target=456   808/ 809/ 814 Stdev= 1.25 N= 24  Y[1]: Target= 22   347/ 349/ 352 Stdev= 1.27 N= 24
X[2]: Target=456   809/ 810/ 811 Stdev= 0.61 N= 24  Y[2]: Target=249   703/ 704/ 706 Stdev= 0.49 N= 24
X[3]: Target= 23   232/ 235/ 240 Stdev= 1.54 N= 24  Y[3]: Target=249   699/ 701/ 705 Stdev= 1.26 N= 24
N=24 Avg=29
min: 28 28 28 28 28 29 
max: 30 30 30 30 30 30 
N=24 Avg=18
min: 18 18 18 18 18 18 
max: 22 22 22 21 20 19 
N=24 Avg=23
min: 22 23 23 23 23 23 
max: 26 24 24 24 24 24 
N=24 Avg=22
min: 20 20 20 21 21 21 
max: 29 25 24 24 23 23 
Using TNT center offset = 24
TNT Plane Coef: a= -567 b= -184 c= 394587
At  244, 349: Real=  30 Fit=  27 Offset=   3
At  808, 348: Real=  19 Fit=  23 Offset=  -1
At  809, 704: Real=  24 Fit=  22 Offset=  -2
At  234, 700: Real=  23 Fit=  26 Offset=   2
Fit Corners: 29, 21, 20, 28  Center: 24
Setting for min_tnt_up:   524
Setting for max_tnt_down: 29 (V2:43)
Entering calib_pressure_mfg
Using default pressure curve
468 471 487 495 509 524 553 575 612 
Summary:
Setting for max_tnt_down:      29
3.7 setting for max_tnt_down:     -1
Setting for min_tnt_up:       524
Setting for max_delta_tnt:      5
3.8 setting for max_delta_tnt:     -1
Setting for delay_in_us:        1
Setting for y_delay_in_us:      1
Setting for tnt_delay_in_us:    1
Setting for pressure_curve:  468 471 487 495 509 524 553 575 612
Setting for tnt_mode:           1
Setting for averaging:         -1
Setting for pointercal:      50316 1433 -11270202 75 42385 -13369197 65536
Setting for tnt_plane:       -567 -184 394587
