new-calib: New touch screen calibration program v3.13
Serial Number='150A1E00010B06020304'
Using tnt_mode=1
Setting for delay_in_us:        1
Setting for y_delay_in_us:      1
Setting for tnt_delay_in_us:    1
Setting for max_delta_tnt:      5
Setting for tnt_mode:           1
Setting for averaging:         -1
Entering get_four_points
target_noise  x= 2.50 y= 2.50 t= 2.50
target state=0 point=23,22
 X= 859 X2= 989  Y= 960 Y2=  -1 P1=  -1 P2=  -1 T1=1022 T2= 837  P=  -1  D=  -1 
 X= 842 X2=1023  Y= 928 Y2=  -1 P1=  -1 P2=  -1 T1=1022 T2= 848  P=  -1  D=  -1 
 X= 849 X2=1016  Y= 908 Y2=  -1 P1=  -1 P2=  -1 T1=1023 T2= 810  P=  -1  D=  -1 
 X= 844 X2=1023  Y= 935 Y2=1021 P1=  -1 P2=  -1 T1=1023 T2= 817  P=  -1  D=  -1 
 X= 922 X2= 999  Y= 950 Y2=1022 P1=  -1 P2=  -1 T1=1022 T2= 838  P=  -1  D=  -1 
 X= 870 X2= 998  Y= 938 Y2=1022 P1=  -1 P2=  -1 T1=1023 T2= 849  P=  -1  D=  -1 
 X= 946 X2=1006  Y= 952 Y2=1022 P1=  -1 P2=  -1 T1=1023 T2= 848  P=  -1  D=  -1 
 X= 976 X2=1014  Y= 941 Y2=1022 P1=  -1 P2=  -1 T1=1022 T2= 857  P=  -1  D=  -1 
 X= 823 X2=1023  Y= 936 Y2=1020 P1=  -1 P2=  -1 T1=1023 T2= 787  P=  -1  D=  -1 
 X= 788 X2=1023  Y= 948 Y2=1022 P1=  -1 P2=  -1 T1=1023 T2= 847  P=  -1  D=  -1 
 X= 886 X2=1023  Y= 946 Y2=1021 P1=  -1 P2=  -1 T1=1023 T2= 854  P=  -1  D=  -1 
 X= 868 X2=1023  Y= 904 Y2=1022 P1=  -1 P2=  -1 T1=1023 T2= 858  P=  -1  D=  -1 
 X= 961 X2=1015  Y= 933 Y2=1022 P1=  -1 P2=  -1 T1=1023 T2= 841  P=  -1  D=  -1 
 X= 937 X2=1007  Y= 939 Y2=1022 P1=  -1 P2=  -1 T1=1023 T2= 846  P=  -1  D=  -1 
 X=1020 X2=1015  Y= 932 Y2=1022 P1=  -1 P2=  -1 T1=1023 T2= 875  P=  -1  D=  -1 
 X= 965 X2= 998  Y= 953 Y2=1023 P1=  -1 P2=  -1 T1=1023 T2= 842  P=  -1  D=  -1 
 X= 971 X2=1012  Y= 945 Y2=1022 P1=  -1 P2=  -1 T1=1022 T2= 849  P=  -1  D=  -1 
 X= 878 X2= 999  Y= 948 Y2=1023 P1=  -1 P2=  -1 T1=1023 T2= 873  P=  -1  D=  -1 
 X= 921 X2= 995  Y= 949 Y2=1021 P1=  -1 P2=  -1 T1=1023 T2= 869  P=  -1  D=  -1 
 X= 875 X2=1017  Y= 945 Y2=1022 P1=  -1 P2=  -1 T1=1022 T2= 815  P=  -1  D=  -1 
 X= 899 X2=1023  Y= 939 Y2=1021 P1=  -1 P2=  -1 T1=1023 T2= 829  P=  -1  D=  -1 
 X= 792 X2=1023  Y= 944 Y2=1022 P1=  -1 P2=  -1 T1=1023 T2= 869  P=  -1  D=  -1 
 X= 790 X2=1023  Y= 943 Y2=1022 P1=  -1 P2=  -1 T1=1023 T2= 862  P=  -1  D=  -1 
 X= 700 X2=1023  Y= 913 Y2=1021 P1=  -1 P2=  -1 T1=1022 T2= 859  P=  -1  D=  -1 
 X= 921 X2= 993  Y= 947 Y2=1021 P1=  -1 P2=  -1 T1=1023 T2= 832  P=  -1  D=  -1 
 X= 952 X2=1011  Y= 913 Y2=1023 P1=  -1 P2=  -1 T1=1022 T2= 851  P=  -1  D=  -1 
 X= 786 X2=1023  Y= 941 Y2=1020 P1=  -1 P2=  -1 T1=1022 T2= 837  P=  -1  D=  -1 
 X= 749 X2=1023  Y= 948 Y2=1022 P1=  -1 P2=  -1 T1=1023 T2= 852  P=  -1  D=  -1 
 X= 813 X2=1023  Y= 940 Y2=1022 P1=  -1 P2=  -1 T1=1022 T2= 843  P=  -1  D=  -1 
 X= 890 X2=1017  Y= 952 Y2=1022 P1=  -1 P2=  -1 T1=1022 T2= 842  P=  -1  D=  -1 
 X= 808 X2=1023  Y= 940 Y2=1022 P1=  -1 P2=  -1 T1=1023 T2= 848  P=  -1  D=  -1 
 X= 955 X2=1002  Y= 952 Y2=1022 P1=  -1 P2=  -1 T1=1022 T2= 861  P=  -1  D=  -1 
 X= 880 X2=1017  Y= 950 Y2=1022 P1=  -1 P2=  -1 T1=1022 T2= 858  P=  -1  D=  -1 
 X= 840 X2=1023  Y= 939 Y2=1022 P1=  -1 P2=  -1 T1=1023 T2= 849  P=  -1  D=  -1 
 X= 917 X2=1022  Y= 944 Y2=1021 P1=  -1 P2=  -1 T1=1023 T2= 865  P=  -1  D=  -1 
 X= 849 X2= 988  Y= 948 Y2=1022 P1=  -1 P2=  -1 T1=1023 T2= 828  P=  -1  D=  -1 
 X= 774 X2=1023  Y= 945 Y2=1021 P1=  -1 P2=  -1 T1=1023 T2= 849  P=  -1  D=  -1 
 X= 834 X2=1023  Y= 917 Y2=1022 P1=  -1 P2=  -1 T1=1023 T2= 838  P=  -1  D=  -1 
 X= 921 X2=1007  Y= 942 Y2=1022 P1=  -1 P2=  -1 T1=1023 T2= 853  P=  -1  D=  -1 
 X= 859 X2=1023  Y= 936 Y2=1022 P1=  -1 P2=  -1 T1=1023 T2= 850  P=  -1  D=  -1 
 X= 998 X2=1001  Y= 947 Y2=1022 P1=  -1 P2=  -1 T1=1023 T2= 853  P=  -1  D=  -1 
 X= 990 X2=1014  Y= 933 Y2=1021 P1=  -1 P2=  -1 T1=1022 T2= 868  P=  -1  D=  -1 
 X= 851 X2=1023  Y= 934 Y2=1022 P1=  -1 P2=  -1 T1=1023 T2= 827  P=  -1  D=  -1 
 X= 907 X2= 979  Y= 952 Y2=1021 P1=  -1 P2=  -1 T1=1023 T2= 866  P=  -1  D=  -1 
 X= 900 X2= 988  Y= 935 Y2=1022 P1=  -1 P2=  -1 T1=1023 T2= 862  P=  -1  D=  -1 
 X= 967 X2=1023  Y= 949 Y2=1022 P1=  -1 P2=  -1 T1=1022 T2= 795  P=  -1  D=  -1 
 X= 878 X2=1014  Y= 949 Y2=1022 P1=  -1 P2=  -1 T1=1022 T2= 849  P=  -1  D=  -1 
 X= 891 X2=1015  Y= 944 Y2=1020 P1=  -1 P2=  -1 T1=1023 T2= 842  P=  -1  D=  -1 
 X= 915 X2=1023  Y= 934 Y2=1022 P1=  -1 P2=  -1 T1=1023 T2= 845  P=  -1  D=  -1 
 X= 882 X2=1016  Y= 936 Y2=1022 P1=  -1 P2=  -1 T1=1022 T2= 833  P=  -1  D=  -1 
 X= 985 X2=1008  Y= 899 Y2=1022 P1=  -1 P2=  -1 T1=1023 T2= 842  P=  -1  D=  -1 
 X= 949 X2= 986  Y= 941 Y2=1022 P1=  -1 P2=  -1 T1=1023 T2= 864  P=  -1  D=  -1 
 X= 797 X2=1023  Y= 952 Y2=1022 P1=  -1 P2=  -1 T1=1023 T2= 842  P=  -1  D=  -1 
 X= 871 X2=1023  Y= 957 Y2=1022 P1=  -1 P2=  -1 T1=1023 T2= 887  P=  -1  D=  -1 
 X= 848 X2=1017  Y= 955 Y2=1022 P1=  -1 P2=  -1 T1=1023 T2= 854  P=  -1  D=  -1 
 X= 781 X2=1023  Y= 945 Y2=1021 P1=  -1 P2=  -1 T1=1023 T2= 843  P=  -1  D=  -1 
 X= 849 X2=1023  Y= 918 Y2=1022 P1=  -1 P2=  -1 T1=1023 T2= 919  P=  -1  D=  -1 
 X= 955 X2=1007  Y= 935 Y2=1023 P1=  -1 P2=  -1 T1=1023 T2= 840  P=  -1  D=  -1 
 X= 847 X2=1016  Y= 946 Y2=1022 P1=  -1 P2=  -1 T1=1021 T2= 858  P=  -1  D=  -1 
 X= 908 X2= 992  Y= 954 Y2=1022 P1=  -1 P2=  -1 T1=1023 T2= 849  P=  -1  D=  -1 
 X= 953 X2=1009  Y= 946 Y2=1023 P1=  -1 P2=  -1 T1=1023 T2= 858  P=  -1  D=  -1 
 X= 839 X2=1023  Y= 938 Y2=1022 P1=  -1 P2=  -1 T1=1023 T2= 828  P=  -1  D=  -1 
 X= 850 X2=1023  Y= 943 Y2=1022 P1=  -1 P2=  -1 T1=1023 T2= 850  P=  -1  D=  -1 
 X= 908 X2=1021  Y= 957 Y2=1022 P1=  -1 P2=  -1 T1=1022 T2= 858  P=  -1  D=  -1 
 X= 867 X2=1015  Y= 952 Y2=1022 P1=  -1 P2=  -1 T1=1023 T2= 842  P=  -1  D=  -1 
 X= 773 X2=1023  Y= 948 Y2=1021 P1=  -1 P2=  -1 T1=1022 T2= 874  P=  -1  D=  -1 
 X= 997 X2= 986  Y= 947 Y2=1022 P1=  -1 P2=  -1 T1=1022 T2= 841  P=  -1  D=  -1 
 X= 792 X2=1023  Y= 948 Y2=1022 P1=  -1 P2=  -1 T1=1023 T2= 848  P=  -1  D=  -1 
 X= 849 X2=1023  Y= 942 Y2=1020 P1=  -1 P2=  -1 T1=1023 T2= 851  P=  -1  D=  -1 
 X= 911 X2= 997  Y= 953 Y2=1022 P1=  -1 P2=  -1 T1=1023 T2= 837  P=  -1  D=  -1 
 X= 793 X2=1023  Y= 967 Y2=1021 P1=  -1 P2=  -1 T1=1023 T2= 824  P=  -1  D=  -1 
 X= 819 X2=1023  Y= 939 Y2=1021 P1=  -1 P2=  -1 T1=1023 T2= 855  P=  -1  D=  -1 
 X= 864 X2=1023  Y= 943 Y2=1022 P1=  -1 P2=  -1 T1=1023 T2= 844  P=  -1  D=  -1 
 X= 875 X2=1014  Y= 947 Y2=1022 P1=  -1 P2=  -1 T1=1023 T2= 872  P=  -1  D=  -1 
 X= 990 X2= 999  Y= 958 Y2=1021 P1=  -1 P2=  -1 T1=1023 T2= 869  P=  -1  D=  -1 
 X= 934 X2= 995  Y= 954 Y2=1023 P1=  -1 P2=  -1 T1=1023 T2= 876  P=  -1  D=  -1 
 X= 956 X2=1011  Y= 947 Y2=1022 P1=  -1 P2=  -1 T1=1023 T2= 862  P=  -1  D=  -1 
 X= 923 X2=1021  Y= 883 Y2=1022 P1=  -1 P2=  -1 T1=1022 T2= 861  P=  -1  D=  -1 
 X= 907 X2= 997  Y= 949 Y2=1022 P1=  -1 P2=  -1 T1=1023 T2= 860  P=  -1  D=  -1 
 X= 993 X2= 980  Y= 933 Y2=1022 P1=  -1 P2=  -1 T1=1023 T2= 839  P=  -1  D=  -1 
 X= 802 X2=1023  Y= 941 Y2=1022 P1=  -1 P2=  -1 T1=1022 T2= 849  P=  -1  D=  -1 
 X= 917 X2= 985  Y= 937 Y2=1021 P1=  -1 P2=  -1 T1=1023 T2= 863  P=  -1  D=  -1 
 X= 880 X2=1016  Y= 940 Y2=1021 P1=  -1 P2=  -1 T1=1023 T2= 792  P=  -1  D=  -1 
 X= 871 X2=1017  Y= 941 Y2=1022 P1=  -1 P2=  -1 T1=1022 T2= 861  P=  -1  D=  -1 
 X= 985 X2=1004  Y= 935 Y2=1021 P1=  -1 P2=  -1 T1=1023 T2= 871  P=  -1  D=  -1 
 X=1021 X2=1014  Y= 951 Y2=1021 P1=  -1 P2=  -1 T1=1021 T2= 853  P=  -1  D=  -1 
 X= 946 X2=1007  Y= 934 Y2=1021 P1=  -1 P2=  -1 T1=1023 T2= 853  P=  -1  D=  -1 
 X= 867 X2=1023  Y= 954 Y2=1022 P1=  -1 P2=  -1 T1=1023 T2= 838  P=  -1  D=  -1 
 X=1005 X2= 988  Y= 946 Y2=1022 P1=  -1 P2=  -1 T1=1023 T2= 839  P=  -1  D=  -1 
 X= 804 X2=1023  Y= 944 Y2=1020 P1=  -1 P2=  -1 T1=1023 T2= 847  P=  -1  D=  -1 
 X= 871 X2=1023  Y= 950 Y2=1021 P1=  -1 P2=  -1 T1=1023 T2= 861  P=  -1  D=  -1 
 X= 969 X2= 995  Y= 935 Y2=1021 P1=  -1 P2=  -1 T1=1023 T2= 856  P=  -1  D=  -1 
 X= 771 X2=1023  Y= 945 Y2=1022 P1=  -1 P2=  -1 T1=1023 T2= 828  P=  -1  D=  -1 
 X= 763 X2=1023  Y= 930 Y2=1020 P1=  -1 P2=  -1 T1=1023 T2= 862  P=  -1  D=  -1 
 X=1014 X2=1005  Y= 953 Y2=1022 P1=  -1 P2=  -1 T1=1023 T2= 842  P=  -1  D=  -1 
 X= 922 X2=1015  Y= 935 Y2=1022 P1=  -1 P2=  -1 T1=1023 T2= 818  P=  -1  D=  -1 
 X=1023 X2=1008  Y=1022 Y2=1022 P1=  -1 P2=  -1 T1=1022 T2=1021  P=  -1  D=  -1 
 X= 914 X2=1023  Y= 948 Y2=1022 P1=  -1 P2=  -1 T1=1023 T2= 849  P=  -1  D=  -1 
 X= 795 X2=1023  Y= 945 Y2=1022 P1=  -1 P2=  -1 T1=1023 T2= 872  P=  -1  D=  -1 
 X= 840 X2=1023  Y= 941 Y2=1022 P1=  -1 P2=  -1 T1=1021 T2= 840  P=  -1  D=  -1 
 X= 807 X2=1023  Y= 939 Y2=1021 P1=  -1 P2=  -1 T1=1023 T2= 871  P=  -1  D=  -1 
 X= 948 X2=1009  Y= 946 Y2=1021 P1=  -1 P2=  -1 T1=1023 T2= 854  P=  -1  D=  -1 
 X= 745 X2=1023  Y= 950 Y2=1022 P1=  -1 P2=  -1 T1=1023 T2= 818  P=  -1  D=  -1 
 X= 849 X2=1023  Y= 937 Y2=1021 P1=  -1 P2=  -1 T1=1023 T2= 781  P=  -1  D=  -1 
 X= 967 X2= 987  Y= 936 Y2=1022 P1=  -1 P2=  -1 T1=1022 T2= 844  P=  -1  D=  -1 
 X= 847 X2=1023  Y= 945 Y2=1021 P1=  -1 P2=  -1 T1=1023 T2= 836  P=  -1  D=  -1 
 X= 795 X2=1023  Y= 946 Y2=1022 P1=  -1 P2=  -1 T1=1022 T2= 853  P=  -1  D=  -1 
 X= 895 X2= 985  Y= 933 Y2=1022 P1=  -1 P2=  -1 T1=1023 T2= 850  P=  -1  D=  -1 
 X= 238 X2= 236  Y= 349 Y2= 342 P1= 726 P2= 191 T1=  35 T2=  23  P=  -1  D=  -1 
 X= 760 X2=1023  Y= 960 Y2=1021 P1=1023 P2=   0 T1=1023 T2= 871  P=  -1  D=  -1 
 X= 263 X2= 259  Y= 372 Y2= 374 P1= 829 P2= 132 T1=  40 T2=  48  P=  -1  D=  -1 
 X= 246 X2= 241  Y= 352 Y2= 345 P1= 759 P2= 172 T1=  35 T2=  27  P=  -1  D=  -1 
 X= 328 X2= 320  Y= 420 Y2= 409 P1= 855 P2= 111 T1= 111 T2=  43  P=  -1  D=  -1 
 X= 262 X2= 259  Y= 368 Y2= 361 P1= 809 P2= 140 T1=  46 T2=  33  P=  -1  D=  -1 
 X= 262 X2= 258  Y= 369 Y2= 362 P1= 839 P2= 120 T1=  46 T2=  40  P=  -1  D=  -1 
 X= 253 X2= 253  Y= 361 Y2= 354 P1= 803 P2= 143 T1=  37 T2=  34  P=  -1  D=  -1 
 X= 258 X2= 256  Y= 366 Y2= 359 P1= 833 P2= 130 T1=  42 T2=  37  P=  -1  D=  -1 
 X= 253 X2= 251  Y= 360 Y2= 355 P1= 806 P2= 142 T1=  36 T2=  34  P=  -1  D=  -1 
 X= 252 X2= 251  Y= 360 Y2= 353 P1= 806 P2= 141 T1=  37 T2=  35  P=  -1  D=  -1 
 X= 251 X2= 248  Y= 358 Y2= 351 P1= 802 P2= 144 T1=  34 T2=  33  P=  -1  D=  -1 
 X= 252 X2= 249  Y= 359 Y2= 352 P1= 801 P2= 143 T1=  35 T2=  34  P=  -1  D=  -1 
 X= 251 X2= 249  Y= 359 Y2= 351 P1= 798 P2= 146 T1=  33 T2=  34  P=  -1  D=  -1 
 X= 250 X2= 247  Y= 358 Y2= 351 P1= 797 P2= 146 T1=  34 T2=  33  P=  -1  D=  -1 
 X= 250 X2= 248  Y= 358 Y2= 351 P1= 798 P2= 146 T1=  33 T2=  34  P=  -1  D=  -1 
 X= 250 X2= 248  Y= 358 Y2= 351 P1= 792 P2= 150 T1=  34 T2=  32  P=  -1  D=  -1 
 X= 250 X2= 247  Y= 358 Y2= 351 P1= 795 P2= 148 T1=  34 T2=  33  P=  -1  D=  -1 
 X= 251 X2= 248  Y= 358 Y2= 351 P1= 795 P2= 147 T1=  34 T2=  33  P=  -1  D=  -1 
 X= 249 X2= 247  Y= 357 Y2= 350 P1= 792 P2= 149 T1=  33 T2=  33  P=  -1  D=  -1 
 X= 249 X2= 247  Y= 357 Y2= 350 P1= 792 P2= 149 T1=  33 T2=  32  P=  -1  D=  -1 
 X= 249 X2= 246  Y= 357 Y2= 350 P1= 790 P2= 150 T1=  32 T2=  33  P=  -1  D=  -1 
 X= 250 X2= 247  Y= 357 Y2= 350 P1= 791 P2= 150 T1=  33 T2=  33  P=  -1  D=  -1 
 X= 251 X2= 247  Y= 357 Y2= 350 P1= 789 P2= 150 T1=  33 T2=  32  P=  -1  D=  -1 
 X= 249 X2= 246  Y= 357 Y2= 349 P1= 790 P2= 151 T1=  32 T2=  32  P=1045  D=  -1 
 X= 249 X2= 246  Y= 357 Y2= 350 P1= 789 P2= 152 T1=  33 T2=  33  P=1045  D=  -1 
 X= 249 X2= 247  Y= 357 Y2= 350 P1= 790 P2= 151 T1=  33 T2=  33  P=1045  D=  -1 
 X= 249 X2= 246  Y= 357 Y2= 349 P1= 790 P2= 151 T1=  33 T2=  32  P=1045  D=  -1 
 X= 248 X2= 247  Y= 357 Y2= 350 P1= 790 P2= 151 T1=  33 T2=  33  P=1045  D=  -1 
 X= 249 X2= 246  Y= 357 Y2= 350 P1= 789 P2= 151 T1=  33 T2=  32  P=1045  D=  -1 
 X= 249 X2= 247  Y= 357 Y2= 350 P1= 789 P2= 151 T1=  33 T2=  32  P=1045  D=  -1 
 X= 249 X2= 247  Y= 357 Y2= 350 P1= 789 P2= 152 T1=  33 T2=  32  P=1045  D=  -1 
 X= 249 X2= 246  Y= 357 Y2= 350 P1= 789 P2= 152 T1=  32 T2=  32  P=1034  D=  -1 
 X= 249 X2= 247  Y= 356 Y2= 350 P1= 788 P2= 151 T1=  33 T2=  32  P=1034  D=  -1 
 X= 249 X2= 247  Y= 357 Y2= 350 P1= 789 P2= 152 T1=  33 T2=  32  P=1034  D=  -1 
 X= 260 X2= 260  Y= 369 Y2= 362 P1= 845 P2= 130 T1=  45 T2=  37  P=1034  D=  -1 
 X= 250 X2= 247  Y= 358 Y2= 351 P1= 791 P2= 151 T1=  34 T2=  31  P=1034  D=  -1 
 X= 252 X2= 249  Y= 358 Y2= 351 P1= 796 P2= 148 T1=  34 T2=  33  P=1034  D=  -1 
 X= 250 X2= 247  Y= 358 Y2= 350 P1= 795 P2= 148 T1=  33 T2=  33  P=1034  D=  -1 
 X= 250 X2= 248  Y= 358 Y2= 350 P1= 794 P2= 150 T1=  33 T2=  33  P=1034  D=  -1 
 X= 249 X2= 246  Y= 355 Y2= 350 P1= 789 P2= 151 T1=  32 T2=  32  P=1043  D=  -1 
 X= 249 X2= 246  Y= 356 Y2= 349 P1= 790 P2= 151 T1=  32 T2=  32  P=1045  D=  -1 
 X= 249 X2= 246  Y= 356 Y2= 349 P1= 789 P2= 151 T1=  32 T2=  32  P=1043  D=  -1 
 X= 249 X2= 246  Y= 356 Y2= 348 P1= 789 P2= 152 T1=  32 T2=  32  P=1034  D=  -1 
 X= 248 X2= 248  Y= 356 Y2= 349 P1= 789 P2= 152 T1=  32 T2=  31  P=1039  D=  -1 
 X= 248 X2= 247  Y= 356 Y2= 349 P1= 789 P2= 152 T1=  32 T2=  31  P=1034  D=  -1 
 X= 249 X2= 246  Y= 356 Y2= 349 P1= 788 P2= 152 T1=  32 T2=  32  P=1033  D=  -1 
 X= 248 X2= 246  Y= 356 Y2= 349 P1= 789 P2= 152 T1=  32 T2=  32  P=1034  D=  -1 
 X= 249 X2= 247  Y= 356 Y2= 350 P1= 792 P2= 150 T1=  33 T2=  32  P=1034  D=  -1 
 X= 248 X2= 245  Y= 355 Y2= 348 P1= 788 P2= 151 T1=  31 T2=  31  P=1037  D=  -1 
 X= 248 X2= 246  Y= 356 Y2= 349 P1= 789 P2= 151 T1=  31 T2=  32  P=1043  D=  -1 
 X= 248 X2= 247  Y= 356 Y2= 349 P1= 789 P2= 151 T1=  32 T2=  32  P=1043  D=  -1 
 X= 249 X2= 246  Y= 356 Y2= 349 P1= 790 P2= 150 T1=  33 T2=  32  P=1043  D=  -1 
 X= 248 X2= 246  Y= 356 Y2= 349 P1= 790 P2= 150 T1=  31 T2=  32  P=1053  D=  -1 
 X= 248 X2= 247  Y= 356 Y2= 349 P1= 790 P2= 151 T1=  32 T2=  32  P=1045  D=  -1 
 X= 248 X2= 246  Y= 356 Y2= 349 P1= 789 P2= 151 T1=  31 T2=  32  P=1043  D=  -1 
 X= 248 X2= 245  Y= 356 Y2= 349 P1= 789 P2= 152 T1=  32 T2=  32  P=1030  D=  -1 
 X= 248 X2= 246  Y= 356 Y2= 349 P1= 788 P2= 151 T1=  31 T2=  32  P=1041  D=  -1 
 X= 248 X2= 246  Y= 356 Y2= 349 P1= 789 P2= 151 T1=  32 T2=  31  P=1043  D=  -1 
 X= 249 X2= 246  Y= 356 Y2= 349 P1= 789 P2= 152 T1=  32 T2=  31  P=1034  D=  -1 
 X= 248 X2= 248  Y= 356 Y2= 349 P1= 789 P2= 152 T1=  32 T2=  32  P=1039  D=  -1 
 X= 249 X2= 246  Y= 356 Y2= 349 P1= 788 P2= 152 T1=  31 T2=  32  P=1033  D=  -1 
 X= 249 X2= 247  Y= 356 Y2= 349 P1= 788 P2= 152 T1=  32 T2=  32  P=1037  D=  -1 
 X= 249 X2= 246  Y= 355 Y2= 349 P1= 788 P2= 152 T1=  32 T2=  31  P=1033  D=  -1 
 X= 248 X2= 246  Y= 355 Y2= 349 P1= 788 P2= 152 T1=  32 T2=  32  P=1033  D=  -1 
 X= 248 X2= 245  Y= 355 Y2= 349 P1= 788 P2= 151 T1=  33 T2=  31  P=1037  D=  -1 
 X= 248 X2= 245  Y= 355 Y2= 349 P1= 788 P2= 152 T1=  31 T2=  32  P=1029  D=  -1 
 X= 249 X2= 246  Y= 356 Y2= 349 P1= 788 P2= 152 T1=  32 T2=  32  P=1033  D=  -1 
 X= 248 X2= 246  Y= 356 Y2= 349 P1= 789 P2= 152 T1=  31 T2=  31  P=1034  D=  -1 
 X= 248 X2= 246  Y= 356 Y2= 349 P1= 789 P2= 152 T1=  31 T2=  32  P=1034  D=  -1 
 X= 248 X2= 246  Y= 356 Y2= 349 P1= 789 P2= 151 T1=  32 T2=  31  P=1043  D=  -1 
 X= 248 X2= 246  Y= 356 Y2= 349 P1= 789 P2= 152 T1=  32 T2=  32  P=1034  D=  -1 
 X= 249 X2= 246  Y= 355 Y2= 349 P1= 788 P2= 152 T1=  32 T2=  31  P=1033  D=  -1 
 X= 248 X2= 246  Y= 356 Y2= 349 P1= 789 P2= 152 T1=  32 T2=  32  P=1034  D=  -1 
 X= 248 X2= 246  Y= 356 Y2= 349 P1= 788 P2= 152 T1=  32 T2=  32  P=1033  D=  -1 
 X= 248 X2= 246  Y= 356 Y2= 349 P1= 788 P2= 152 T1=  32 T2=  31  P=1033  D=  -1 
 X= 248 X2= 246  Y= 355 Y2= 349 P1= 789 P2= 152 T1=  32 T2=  32  P=1034  D=  -1 
 X= 248 X2= 246  Y= 356 Y2= 349 P1= 789 P2= 151 T1=  32 T2=  32  P=1043  D=  -1 
 X= 248 X2= 246  Y= 355 Y2= 349 P1= 788 P2= 152 T1=  32 T2=  32  P=1033  D=  -1 
 X= 249 X2= 246  Y= 356 Y2= 348 P1= 787 P2= 151 T1=  32 T2=  32  P=1040  D=  -1 
 X= 248 X2= 246  Y= 355 Y2= 349 P1= 788 P2= 152 T1=  32 T2=  32  P=1033  D=  -1 
 X= 249 X2= 246  Y= 355 Y2= 349 P1= 788 P2= 152 T1=  32 T2=  32  P=1033  D=  -1 
 X= 247 X2= 247  Y= 356 Y2= 349 P1= 788 P2= 152 T1=  32 T2=  32  P=1033  D=  -1 
 X= 248 X2= 246  Y= 356 Y2= 349 P1= 788 P2= 152 T1=  32 T2=  32  P=1033  D=  -1 
 X= 248 X2= 246  Y= 356 Y2= 349 P1= 788 P2= 152 T1=  32 T2=  31  P=1033  D=  -1 
 X= 248 X2= 246  Y= 356 Y2= 349 P1= 787 P2= 152 T1=  31 T2=  32  P=1031  D=  -1 
 X= 249 X2= 246  Y= 356 Y2= 349 P1= 788 P2= 152 T1=  32 T2=  32  P=1033  D=  -1 
 X= 249 X2= 245  Y= 356 Y2= 349 P1= 788 P2= 152 T1=  32 T2=  32  P=1033  D=  -1 
 X= 248 X2= 246  Y= 356 Y2= 349 P1= 788 P2= 152 T1=  32 T2=  32  P=1033  D=  -1 
 X= 249 X2= 246  Y= 355 Y2= 349 P1= 788 P2= 153 T1=  31 T2=  31  P=1025  D=  -1 
 X= 247 X2= 245  Y= 356 Y2= 348 P1= 788 P2= 153 T1=  32 T2=  32  P=1020  D=  -1 
 X= 248 X2= 246  Y= 355 Y2= 349 P1= 787 P2= 152 T1=  32 T2=  31  P=1031  D=  -1 
 X= 248 X2= 246  Y= 356 Y2= 349 P1= 788 P2= 152 T1=  32 T2=  31  P=1033  D=  -1 
 X= 249 X2= 246  Y= 356 Y2= 349 P1= 787 P2= 152 T1=  33 T2=  32  P=1033  D=  -1 
 X= 249 X2= 246  Y= 356 Y2= 348 P1= 786 P2= 152 T1=  32 T2=  31  P=1030  D=  -1 
 X= 248 X2= 246  Y= 356 Y2= 349 P1= 788 P2= 151 T1=  31 T2=  32  P=1041  D=  -1 
 X= 249 X2= 246  Y= 356 Y2= 348 P1= 788 P2= 152 T1=  32 T2=  32  P=1033  D=  -1 
 X= 249 X2= 246  Y= 356 Y2= 349 P1= 787 P2= 152 T1=  32 T2=  32  P=1031  D=  -1 
 X= 247 X2= 245  Y= 355 Y2= 348 P1= 786 P2= 153 T1=  32 T2=  31  P=1017  D=  -1 
 X= 247 X2= 246  Y= 356 Y2= 348 P1= 787 P2= 152 T1=  31 T2=  31  P=1027  D=  -1 
 X= 248 X2= 246  Y= 355 Y2= 349 P1= 787 P2= 153 T1=  31 T2=  32  P=1023  D=  -1 
 X= 249 X2= 246  Y= 355 Y2= 349 P1= 788 P2= 153 T1=  32 T2=  32  P=1025  D=  -1 
 X= 248 X2= 246  Y= 355 Y2= 349 P1= 786 P2= 152 T1=  31 T2=  32  P=1030  D=  -1 
 X= 251 X2= 245  Y= 355 Y2= 348 P1= 787 P2= 153 T1=  31 T2=  30  P=1027  D=  -1 
 X= 248 X2= 246  Y= 356 Y2= 349 P1= 787 P2= 153 T1=  31 T2=  32  P=1023  D=  -1 
 X= 247 X2= 246  Y= 356 Y2= 349 P1= 786 P2= 153 T1=  32 T2=  31  P=1017  D=  -1 
 X= 247 X2= 245  Y= 355 Y2= 349 P1= 787 P2= 153 T1=  31 T2=  31  P=1019  D=  -1 
 X= 248 X2= 246  Y= 355 Y2= 349 P1= 786 P2= 153 T1=  32 T2=  31  P=1021  D=  -1 
 X= 247 X2= 246  Y= 356 Y2= 349 P1= 786 P2= 153 T1=  31 T2=  31  P=1017  D=  -1 
 X= 249 X2= 246  Y= 355 Y2= 349 P1= 786 P2= 153 T1=  31 T2=  32  P=1021  D=  -1 
 X= 248 X2= 246  Y= 356 Y2= 349 P1= 786 P2= 153 T1=  31 T2=  32  P=1021  D=  -1 
 X= 248 X2= 245  Y= 355 Y2= 347 P1= 787 P2= 153 T1=  31 T2=  31  P=1019  D=  -1 
 X= 248 X2= 245  Y= 355 Y2= 348 P1= 786 P2= 153 T1=  33 T2=  31  P=1017  D=  -1 
 X= 248 X2= 245  Y= 355 Y2= 349 P1= 786 P2= 153 T1=  31 T2=  32  P=1017  D=  -1 
 X= 248 X2= 245  Y= 356 Y2= 349 P1= 786 P2= 154 T1=  31 T2=  32  P=1009  D=  -1 
 X= 247 X2= 245  Y= 355 Y2= 348 P1= 785 P2= 153 T1=  31 T2=  31  P=1015  D=  -1 
 X= 249 X2= 245  Y= 355 Y2= 349 P1= 785 P2= 154 T1=  31 T2=  31  P=1011  D=  -1 
 X= 248 X2= 245  Y= 355 Y2= 348 P1= 785 P2= 155 T1=  31 T2=  31  P= 999  D=  -1 
 X= 248 X2= 245  Y= 355 Y2= 348 P1= 785 P2= 154 T1=  31 T2=  32  P=1007  D=  -1 
 X= 248 X2= 246  Y= 356 Y2= 348 P1= 785 P2= 154 T1=  31 T2=  32  P=1011  D=  -1 
 X= 248 X2= 248  Y= 355 Y2= 348 P1= 785 P2= 154 T1=  32 T2=  31  P=1016  D=  -1 
 X= 248 X2= 246  Y= 355 Y2= 348 P1= 785 P2= 155 T1=  32 T2=  31  P=1003  D=  -1 
 X= 248 X2= 245  Y= 354 Y2= 348 P1= 785 P2= 155 T1=  31 T2=  31  P= 999  D=  -1 
 X= 248 X2= 245  Y= 355 Y2= 349 P1= 784 P2= 154 T1=  30 T2=  31  P=1006  D=  -1 * 0
 X= 247 X2= 245  Y= 355 Y2= 348 P1= 785 P2= 154 T1=  31 T2=  31  P=1007  D=  -1 
 X= 248 X2= 246  Y= 354 Y2= 349 P1= 784 P2= 154 T1=  31 T2=  31  P=1010  D=  -1 
 X= 247 X2= 246  Y= 355 Y2= 348 P1= 786 P2= 154 T1=  31 T2=  32  P=1009  D=  -1 
 X= 247 X2= 246  Y= 355 Y2= 349 P1= 784 P2= 155 T1=  31 T2=  31  P= 998  D=  -1 
 X= 247 X2= 246  Y= 355 Y2= 349 P1= 784 P2= 154 T1=  31 T2=  31  P=1006  D=  -1 
 X= 248 X2= 246  Y= 355 Y2= 348 P1= 784 P2= 154 T1=  31 T2=  31  P=1010  D=  -1 
 X= 248 X2= 244  Y= 356 Y2= 348 P1= 785 P2= 155 T1=  31 T2=  31  P= 999  D=  -1 
 X= 248 X2= 245  Y= 355 Y2= 348 P1= 783 P2= 155 T1=  31 T2=  31  P= 996  D=  -1 
 X= 248 X2= 246  Y= 355 Y2= 348 P1= 784 P2= 154 T1=  31 T2=  32  P=1010  D=  -1 
 X= 247 X2= 245  Y= 355 Y2= 348 P1= 784 P2= 154 T1=  31 T2=  31  P=1006  D=  -1 
 X= 248 X2= 245  Y= 355 Y2= 348 P1= 784 P2= 155 T1=  31 T2=  31  P= 998  D=  -1 
 X= 248 X2= 245  Y= 355 Y2= 347 P1= 783 P2= 155 T1=  30 T2=  31  P= 996  D=  -1 * 0
 X= 246 X2= 245  Y= 355 Y2= 348 P1= 783 P2= 155 T1=  31 T2=  31  P= 992  D=  -1 
 X= 249 X2= 245  Y= 355 Y2= 349 P1= 783 P2= 155 T1=  31 T2=  31  P=1000  D=  -1 
 X= 248 X2= 244  Y= 355 Y2= 348 P1= 783 P2= 156 T1=  31 T2=  31  P= 988  D=  -1 
 X= 247 X2= 245  Y= 355 Y2= 348 P1= 782 P2= 156 T1=  30 T2=  31  P= 986  D=  -1 * 0
 X= 247 X2= 245  Y= 355 Y2= 348 P1= 782 P2= 156 T1=  30 T2=  31  P= 986  D=  -1 * 0
 X= 247 X2= 245  Y= 354 Y2= 348 P1= 783 P2= 156 T1=  31 T2=  31  P= 988  D=  -1 
 X= 247 X2= 245  Y= 355 Y2= 348 P1= 782 P2= 156 T1=  31 T2=  30  P= 986  D=  -1 
 X= 248 X2= 245  Y= 355 Y2= 348 P1= 782 P2= 156 T1=  31 T2=  30  P= 986  D=  -1 
 X= 247 X2= 245  Y= 354 Y2= 348 P1= 782 P2= 156 T1=  30 T2=  31  P= 986  D=  -1 * 1
 X= 239 X2= 245  Y= 355 Y2= 347 P1= 782 P2= 155 T1=  31 T2=  30  P= 978  D=  -1 
 X= 247 X2= 245  Y= 355 Y2= 348 P1= 782 P2= 156 T1=  31 T2=  31  P= 986  D=  -1 
 X= 247 X2= 243  Y= 355 Y2= 348 P1= 782 P2= 156 T1=  31 T2=  31  P= 982  D=  -1 
 X= 247 X2= 245  Y= 355 Y2= 348 P1= 782 P2= 156 T1=  30 T2=  31  P= 986  D=  -1 * 2
 X= 247 X2= 245  Y= 355 Y2= 348 P1= 781 P2= 156 T1=  31 T2=  30  P= 985  D=  -1 
 X= 248 X2= 245  Y= 355 Y2= 348 P1= 781 P2= 156 T1=  31 T2=  30  P= 985  D=  -1 
 X= 248 X2= 245  Y= 355 Y2= 348 P1= 782 P2= 157 T1=  31 T2=  31  P= 979  D=  -1 
 X= 247 X2= 245  Y= 355 Y2= 348 P1= 782 P2= 155 T1=  31 T2=  31  P= 995  D=  -1 
 X= 247 X2= 244  Y= 355 Y2= 348 P1= 782 P2= 156 T1=  31 T2=  30  P= 982  D=  -1 
 X= 247 X2= 245  Y= 355 Y2= 348 P1= 781 P2= 156 T1=  31 T2=  31  P= 985  D=  -1 
 X= 247 X2= 245  Y= 355 Y2= 348 P1= 781 P2= 157 T1=  31 T2=  31  P= 977  D=  -1 
 X= 247 X2= 245  Y= 355 Y2= 348 P1= 782 P2= 157 T1=  31 T2=  30  P= 979  D=  -1 
 X= 247 X2= 245  Y= 354 Y2= 348 P1= 781 P2= 156 T1=  31 T2=  31  P= 985  D=  -1 
 X= 247 X2= 245  Y= 355 Y2= 348 P1= 781 P2= 157 T1=  31 T2=  31  P= 977  D=  -1 
 X= 247 X2= 243  Y= 354 Y2= 348 P1= 781 P2= 157 T1=  30 T2=  30  P= 973  D=  -1 * 3
 X= 246 X2= 244  Y= 354 Y2= 348 P1= 781 P2= 157 T1=  31 T2=  30  P= 973  D=  -1 
 X= 247 X2= 245  Y= 354 Y2= 348 P1= 780 P2= 157 T1=  31 T2=  30  P= 976  D=  -1 
 X= 246 X2= 244  Y= 355 Y2= 348 P1= 780 P2= 157 T1=  30 T2=  30  P= 972  D=  -1 * 4
 X= 247 X2= 245  Y= 354 Y2= 348 P1= 781 P2= 157 T1=  30 T2=  31  P= 977  D=  -1 * 5
 X= 247 X2= 245  Y= 354 Y2= 348 P1= 780 P2= 157 T1=  30 T2=  31  P= 976  D=  -1 * 6
 X= 247 X2= 245  Y= 354 Y2= 348 P1= 780 P2= 158 T1=  31 T2=  30  P= 968  D=  -1 
 X= 247 X2= 244  Y= 354 Y2= 348 P1= 780 P2= 157 T1=  30 T2=  30  P= 972  D=  -1 * 7
 X= 247 X2= 244  Y= 354 Y2= 348 P1= 780 P2= 157 T1=  31 T2=  31  P= 972  D=  -1 
 X= 246 X2= 244  Y= 354 Y2= 348 P1= 781 P2= 157 T1=  30 T2=  31  P= 973  D=  -1 * 8
 X= 247 X2= 245  Y= 353 Y2= 348 P1= 780 P2= 157 T1=  31 T2=  30  P= 976  D=  -1 
 X= 247 X2= 245  Y= 354 Y2= 348 P1= 780 P2= 157 T1=  30 T2=  31  P= 976  D=  -1 * 9
 X= 247 X2= 244  Y= 354 Y2= 348 P1= 779 P2= 158 T1=  31 T2=  30  P= 962  D=  -1 
 X= 247 X2= 245  Y= 355 Y2= 348 P1= 780 P2= 158 T1=  31 T2=  30  P= 968  D=  -1 
 X= 247 X2= 244  Y= 355 Y2= 348 P1= 779 P2= 157 T1=  30 T2=  31  P= 970  D=  -1 * 10
 X= 247 X2= 244  Y= 355 Y2= 348 P1= 780 P2= 157 T1=  31 T2=  31  P= 972  D=  -1 
 X= 246 X2= 244  Y= 355 Y2= 347 P1= 779 P2= 158 T1=  30 T2=  30  P= 962  D=  -1 * 11
 X= 247 X2= 245  Y= 354 Y2= 347 P1= 780 P2= 158 T1=  30 T2=  29  P= 968  D=  -1 * 12
 X= 247 X2= 244  Y= 354 Y2= 347 P1= 780 P2= 158 T1=  30 T2=  31  P= 964  D=  -1 * 13
 X= 246 X2= 244  Y= 354 Y2= 347 P1= 779 P2= 158 T1=  30 T2=  30  P= 962  D=  -1 * 14
 X= 247 X2= 245  Y= 354 Y2= 348 P1= 779 P2= 158 T1=  30 T2=  30  P= 966  D=  -1 * 15
 X= 246 X2= 245  Y= 354 Y2= 347 P1= 779 P2= 158 T1=  31 T2=  31  P= 962  D=  -1 
 X= 247 X2= 245  Y= 354 Y2= 347 P1= 779 P2= 158 T1=  30 T2=  30  P= 966  D=  -1 * 16
 X= 247 X2= 245  Y= 354 Y2= 348 P1= 779 P2= 158 T1=  31 T2=  30  P= 966  D=  -1 
 X= 247 X2= 245  Y= 355 Y2= 347 P1= 779 P2= 158 T1=  30 T2=  30  P= 966  D=  -1 * 17
 X= 247 X2= 244  Y= 355 Y2= 347 P1= 779 P2= 159 T1=  31 T2=  30  P= 955  D=  -1 
 X= 246 X2= 245  Y= 354 Y2= 348 P1= 778 P2= 158 T1=  30 T2=  30  P= 961  D=  -1 * 18
 X= 247 X2= 245  Y= 354 Y2= 347 P1= 779 P2= 159 T1=  30 T2=  30  P= 959  D=  -1 * 19
 X= 247 X2= 244  Y= 354 Y2= 347 P1= 778 P2= 158 T1=  30 T2=  30  P= 961  D=  -1 * 20
 X= 247 X2= 245  Y= 355 Y2= 348 P1= 778 P2= 158 T1=  31 T2=  30  P= 965  D=  -1 
 X= 247 X2= 244  Y= 354 Y2= 347 P1= 778 P2= 158 T1=  30 T2=  30  P= 961  D=  -1 * 21
 X= 247 X2= 244  Y= 353 Y2= 348 P1= 779 P2= 158 T1=  30 T2=  30  P= 962  D=  -1 * 22
 X= 246 X2= 244  Y= 354 Y2= 347 P1= 778 P2= 159 T1=  30 T2=  29  P= 953  D=  -1 * 23
 X= 246 X2= 244  Y= 354 Y2= 347 P1= 779 P2= 159 T1=  30 T2=  30  P= 955  D=  -1 * 24
Remove Pin
 X= 247 X2= 245  Y= 354 Y2= 347 P1= 778 P2= 159 T1=  31 T2=  30  P= 957  D=  -1 
 X= 246 X2= 244  Y= 354 Y2= 347 P1= 777 P2= 160 T1=  31 T2=  30  P= 944  D=  -1 
 X= 246 X2= 243  Y= 354 Y2= 347 P1= 778 P2= 159 T1=  29 T2=  30  P= 949  D=  -1 * 24
 X= 246 X2= 243  Y= 354 Y2= 347 P1= 777 P2= 159 T1=  29 T2=  30  P= 948  D=  -1 * 24
 X= 246 X2= 244  Y= 354 Y2= 347 P1= 777 P2= 159 T1=  29 T2=  29  P= 952  D=  -1 * 24
 X= 247 X2= 244  Y= 354 Y2= 347 P1= 777 P2= 160 T1=  30 T2=  30  P= 944  D=  -1 * 24
 X= 246 X2= 244  Y= 353 Y2= 347 P1= 776 P2= 160 T1=  30 T2=  29  P= 943  D=  -1 * 24
 X= 246 X2= 243  Y= 354 Y2= 347 P1= 776 P2= 160 T1=  30 T2=  30  P= 939  D=  -1 * 24
 X= 245 X2= 243  Y= 353 Y2= 347 P1= 777 P2= 159 T1=  30 T2=  30  P= 948  D=  -1 * 24
 X= 246 X2= 244  Y= 355 Y2= 348 P1= 777 P2= 159 T1=  30 T2=  31  P= 952  D=  -1 * 24
 X= 246 X2= 244  Y= 354 Y2= 346 P1= 775 P2= 160 T1=  30 T2=  29  P= 941  D=  -1 * 24
 X= 246 X2= 244  Y= 354 Y2= 347 P1= 775 P2= 160 T1=  30 T2=  29  P= 941  D=  -1 * 24
 X= 246 X2= 244  Y= 354 Y2= 347 P1= 776 P2= 160 T1=  29 T2=  30  P= 943  D=  -1 * 24
 X= 246 X2= 244  Y= 354 Y2= 347 P1= 776 P2= 160 T1=  29 T2=  30  P= 943  D=  -1 * 24
 X= 246 X2= 244  Y= 354 Y2= 347 P1= 776 P2= 160 T1=  29 T2=  30  P= 943  D=  -1 * 24
 X= 245 X2= 244  Y= 353 Y2= 346 P1= 776 P2= 161 T1=  29 T2=  30  P= 931  D=  -1 * 24
 X= 246 X2= 240  Y= 354 Y2= 347 P1= 775 P2= 161 T1=  29 T2=  29  P= 926  D=  -1 * 24
 X= 246 X2= 243  Y= 353 Y2= 347 P1= 774 P2= 162 T1=  29 T2=  29  P= 921  D=  -1 * 24
 X= 246 X2= 243  Y= 354 Y2= 347 P1= 775 P2= 161 T1=  30 T2=  29  P= 930  D=  -1 * 24
 X= 246 X2= 243  Y= 353 Y2= 346 P1= 774 P2= 161 T1=  30 T2=  29  P= 928  D=  -1 * 24
 X= 246 X2= 244  Y= 354 Y2= 346 P1= 774 P2= 161 T1=  29 T2=  30  P= 932  D=  -1 * 24
 X= 246 X2= 243  Y= 353 Y2= 347 P1= 774 P2= 161 T1=  29 T2=  29  P= 928  D=  -1 * 24
 X= 246 X2= 243  Y= 353 Y2= 346 P1= 774 P2= 162 T1=  29 T2=  29  P= 921  D=  -1 * 24
 X= 246 X2= 243  Y= 353 Y2= 347 P1= 774 P2= 161 T1=  29 T2=  29  P= 928  D=  -1 * 24
 X= 246 X2= 244  Y= 353 Y2= 347 P1= 774 P2= 160 T1=  29 T2=  29  P= 940  D=  -1 * 24
 X= 245 X2= 243  Y= 353 Y2= 346 P1= 773 P2= 163 T1=  29 T2=  29  P= 913  D=  -1 * 24
 X= 248 X2= 247  Y= 357 Y2= 350 P1= 798 P2= 147 T1=  32 T2=  31  P=1093  D=  -1 
 X= 246 X2= 244  Y= 354 Y2= 348 P1= 777 P2= 160 T1=  30 T2=  30  P= 944  D=  -1 * 24
 X= 247 X2= 244  Y= 355 Y2= 347 P1= 775 P2= 161 T1=  31 T2=  28  P= 934  D=  -1 
 X= 246 X2= 245  Y= 356 Y2= 350 P1= 805 P2= 143 T1=  29 T2=  34  P=1134  D=  -1 * 24
 X= 250 X2= 248  Y= 358 Y2= 353 P1= 789 P2= 152 T1=  34 T2=  31  P=1134  D=  -1 
 X= 251 X2= 251  Y= 361 Y2= 353 P1= 806 P2= 144 T1=  37 T2=  35  P=1134  D=  -1 
 X= 250 X2= 247  Y= 358 Y2= 351 P1= 790 P2= 151 T1=  33 T2=  32  P=1134  D=  -1 
 X= 249 X2= 246  Y= 357 Y2= 350 P1= 784 P2= 155 T1=  31 T2=  32  P=1002  D=  -1 
 X= 250 X2= 248  Y= 357 Y2= 350 P1= 787 P2= 152 T1=  33 T2=  32  P=1002  D=  -1 
 X= 249 X2= 247  Y= 357 Y2= 350 P1= 789 P2= 151 T1=  34 T2=  33  P=1002  D=  -1 
 X= 250 X2= 247  Y= 358 Y2= 351 P1= 787 P2= 154 T1=  34 T2=  31  P=1002  D=  -1 
 X= 245 X2= 244  Y= 354 Y2= 347 P1= 775 P2= 161 T1=  30 T2=  29  P= 930  D=  -1 * 24
 X= 246 X2= 242  Y= 354 Y2= 347 P1= 780 P2= 157 T1=  30 T2=  31  P= 968  D=  -1 * 24
 X= 248 X2= 247  Y= 356 Y2= 348 P1= 792 P2= 149 T1=  31 T2=  30  P=1065  D=  -1 
 X= 245 X2= 244  Y= 354 Y2= 347 P1= 777 P2= 164 T1=  28 T2=  28  P= 911  D=  -1 * 24
 X= 246 X2= 245  Y= 356 Y2= 350 P1= 788 P2= 155 T1=  28 T2=  30  P=1000  D=  -1 * 24
 X= 253 X2= 251  Y= 360 Y2= 353 P1= 788 P2= 156 T1=  35 T2=  30  P=1000  D=  -1 
 X= 244 X2= 242  Y= 351 Y2= 345 P1= 765 P2= 167 T1=  27 T2=  27  P= 869  D=  -1 * 24
 X= 243 X2= 241  Y= 351 Y2= 344 P1= 760 P2= 171 T1=  26 T2=  27  P= 833  D=  -1 * 24
 X= 245 X2= 243  Y= 353 Y2= 345 P1= 767 P2= 167 T1=  28 T2=  28  P= 876  D=  -1 * 24
 X= 245 X2= 243  Y= 352 Y2= 345 P1= 763 P2= 170 T1=  27 T2=  27  P= 851  D=  -1 * 24
 X= 245 X2= 243  Y= 352 Y2= 345 P1= 765 P2= 168 T1=  27 T2=  27  P= 866  D=  -1 * 24
 X= 245 X2= 242  Y= 353 Y2= 346 P1= 763 P2= 169 T1=  27 T2=  27  P= 853  D=  -1 * 24
 X= 244 X2= 246  Y= 352 Y2= 344 P1= 759 P2= 172 T1=  26 T2=  27  P= 835  D=  -1 * 24
 X= 243 X2= 241  Y= 351 Y2= 343 P1= 755 P2= 175 T1=  27 T2=  26  P= 801  D=  -1 * 24
 X= 243 X2= 240  Y= 350 Y2= 343 P1= 753 P2= 176 T1=  25 T2=  25  P= 789  D=  -1 * 24
 X= 242 X2= 241  Y= 350 Y2= 343 P1= 750 P2= 177 T1=  26 T2=  26  P= 780  D=  -1 * 24
 X= 242 X2= 240  Y= 350 Y2= 344 P1= 749 P2= 178 T1=  25 T2=  25  P= 772  D=  -1 * 24
 X= 240 X2= 239  Y= 349 Y2= 342 P1= 741 P2= 183 T1=  24 T2=  24  P= 728  D=  -1 * 24
 X= 241 X2= 239  Y= 350 Y2= 342 P1= 741 P2= 183 T1=  24 T2=  24  P= 731  D=  -1 * 24
 X= 240 X2= 239  Y= 350 Y2= 342 P1= 741 P2= 184 T1=  25 T2=  25  P= 723  D=  -1 * 24
 X= 241 X2= 240  Y= 349 Y2= 342 P1= 742 P2= 183 T1=  25 T2=  25  P= 732  D=  -1 * 24
 X= 241 X2= 240  Y= 349 Y2= 343 P1= 743 P2= 183 T1=  25 T2=  24  P= 734  D=  -1 * 24
 X= 242 X2= 240  Y= 349 Y2= 343 P1= 743 P2= 182 T1=  25 T2=  24  P= 742  D=  -1 * 24
 X= 242 X2= 239  Y= 349 Y2= 342 P1= 743 P2= 182 T1=  25 T2=  25  P= 739  D=  -1 * 24
 X= 242 X2= 239  Y= 349 Y2= 343 P1= 743 P2= 183 T1=  25 T2=  24  P= 734  D=  -1 * 24
 X= 242 X2= 239  Y= 349 Y2= 342 P1= 743 P2= 183 T1=  25 T2=  25  P= 734  D=  -1 * 24
 X= 241 X2= 238  Y= 349 Y2= 342 P1= 739 P2= 185 T1=  25 T2=  24  P= 715  D=  -1 * 24
 X= 241 X2= 240  Y= 349 Y2= 342 P1= 744 P2= 181 T1=  24 T2=  25  P= 746  D=  -1 * 24
 X= 238 X2= 237  Y= 348 Y2= 340 P1= 727 P2= 191 T1=  23 T2=  23  P= 665  D=  -1 * 24
 X= 239 X2= 237  Y= 348 Y2= 341 P1= 730 P2= 191 T1=  24 T2=  24  P= 671  D=  -1 * 24
 X= 240 X2= 237  Y= 347 Y2= 340 P1= 726 P2= 194 T1=  23 T2=  23  P= 652  D=  -1 * 24
 X= 240 X2= 237  Y= 347 Y2= 341 P1= 724 P2= 194 T1=  22 T2=  23  P= 649  D=  -1 * 24
 X= 238 X2= 235  Y= 345 Y2= 339 P1= 709 P2= 203 T1=  21 T2=  22  P= 588  D=  -1 * 24
 X= 241 X2= 239  Y= 349 Y2= 342 P1= 744 P2= 181 T1=  24 T2=  25  P= 746  D=  -1 * 24
 X=1009 X2=1011  Y= 949 Y2=1022 P1=1023 P2=   0 T1=1023 T2= 812  P= 746  D=  -1 
 X= 792 X2=1023  Y= 961 Y2=1022 P1=1023 P2=   0 T1=1023 T2= 873  P= 746  D=  -1 
 X= 818 X2=1023  Y= 957 Y2=1022 P1=1023 P2=   0 T1=1023 T2= 878  P= 746  D=  -1 
target state=1 point=456,22
 X= 842 X2=1023  Y= 968 Y2=1022 P1=1023 P2=   0 T1=1023 T2= 886  P= 746  D=  -1 
 X= 861 X2=1023  Y= 958 Y2=1022 P1=1023 P2=   0 T1=1023 T2= 875  P= 746  D=  -1 
 X= 791 X2=1023  Y= 948 Y2=1022 P1=1023 P2=   0 T1=1022 T2= 858  P= 746  D=  -1 
 X= 960 X2=1005  Y= 952 Y2=1023 P1=1023 P2=   0 T1=1023 T2= 846  P= 746  D=  -1 
 X= 940 X2=1011  Y= 945 Y2=1022 P1=1023 P2=   0 T1=1022 T2= 872  P= 746  D=  -1 
 X= 913 X2=1023  Y= 951 Y2=1021 P1=1023 P2=   0 T1=1023 T2= 883  P= 746  D=  -1 
 X=1023 X2=1005  Y= 959 Y2=1022 P1=1023 P2=   0 T1=1023 T2= 883  P= 746  D=  -1 
 X= 795 X2=1023  Y= 945 Y2=1021 P1=1023 P2=   0 T1=1023 T2= 885  P= 746  D=  -1 
 X= 985 X2= 991  Y= 957 Y2=1021 P1=1023 P2=   0 T1=1023 T2= 875  P= 746  D=  -1 
 X= 897 X2=1023  Y= 960 Y2=1022 P1=1023 P2=   0 T1=1023 T2= 861  P= 746  D=  -1 
 X= 937 X2=1013  Y= 953 Y2=1022 P1=1023 P2=   0 T1=1022 T2= 862  P= 746  D=  -1 
 X= 858 X2=1016  Y= 945 Y2=1021 P1=1023 P2=   0 T1=1023 T2= 808  P= 746  D=  -1 
 X=1016 X2=1004  Y= 973 Y2=1022 P1=1023 P2=   0 T1=1023 T2= 868  P= 746  D=  -1 
 X= 987 X2= 991  Y= 957 Y2=1021 P1=1023 P2=   0 T1=1022 T2= 860  P= 746  D=  -1 
 X= 863 X2=1023  Y= 945 Y2=1022 P1=1023 P2=   0 T1=1023 T2= 866  P= 746  D=  -1 
 X= 880 X2=1021  Y= 936 Y2=1021 P1=1023 P2=   0 T1=1023 T2= 844  P= 746  D=  -1 
 X= 906 X2=1006  Y= 941 Y2=1021 P1=1023 P2=   0 T1=1023 T2= 837  P= 746  D=  -1 
 X= 817 X2=1023  Y= 942 Y2=1022 P1=1023 P2=   0 T1=1023 T2= 834  P= 746  D=  -1 
 X= 856 X2=1023  Y= 953 Y2=1021 P1=1023 P2=   0 T1=1023 T2= 833  P= 746  D=  -1 
 X= 927 X2=1011  Y= 953 Y2=1022 P1=1023 P2=   0 T1=1023 T2= 862  P= 746  D=  -1 
 X= 868 X2=1016  Y= 943 Y2=1022 P1=1023 P2=   0 T1=1022 T2= 858  P= 746  D=  -1 
 X= 958 X2=1023  Y= 928 Y2=1021 P1=1023 P2=   0 T1=1023 T2= 852  P= 746  D=  -1 
 X= 967 X2=1005  Y= 941 Y2=1022 P1=1023 P2=   0 T1=1023 T2= 864  P= 746  D=  -1 
 X= 954 X2=1006  Y= 956 Y2=1022 P1=1023 P2=   0 T1=1023 T2= 849  P= 746  D=  -1 
 X=1002 X2=1014  Y=1022 Y2=1022 P1=1023 P2=   0 T1=1022 T2=1020  P= 746  D=  -1 
 X= 882 X2=1023  Y= 919 Y2=1021 P1=1023 P2=   0 T1=1022 T2= 872  P= 746  D=  -1 
 X= 847 X2=1023  Y= 950 Y2=1021 P1=1023 P2=   0 T1=1023 T2= 847  P= 746  D=  -1 
 X= 811 X2=1023  Y= 954 Y2=1021 P1=1023 P2=   0 T1=1022 T2= 847  P= 746  D=  -1 
 X= 883 X2=1017  Y= 949 Y2=1022 P1=1023 P2=   0 T1=1023 T2= 855  P= 746  D=  -1 
 X= 861 X2=1015  Y= 947 Y2=1022 P1=1023 P2=   0 T1=1023 T2= 870  P= 746  D=  -1 
 X= 879 X2=1023  Y= 958 Y2=1022 P1=1023 P2=   0 T1=1023 T2= 833  P= 746  D=  -1 
 X= 855 X2=1002  Y= 954 Y2=1022 P1=1023 P2=   0 T1=1023 T2= 853  P= 746  D=  -1 
 X= 981 X2=1012  Y= 932 Y2=1022 P1=1023 P2=   0 T1=1022 T2= 850  P= 746  D=  -1 
 X= 777 X2=1023  Y= 957 Y2=1022 P1=1023 P2=   0 T1=1023 T2= 853  P= 746  D=  -1 
 X= 895 X2=1023  Y= 932 Y2=1022 P1=1023 P2=   0 T1=1022 T2= 853  P= 746  D=  -1 
 X= 776 X2=1023  Y= 962 Y2=1022 P1=1023 P2=   0 T1=1023 T2= 851  P= 746  D=  -1 
 X= 765 X2=1023  Y= 949 Y2=1022 P1=1023 P2=   0 T1=1023 T2= 853  P= 746  D=  -1 
 X= 825 X2=1023  Y= 932 Y2=1022 P1=1023 P2=   0 T1=1023 T2= 911  P= 746  D=  -1 
 X= 971 X2=1005  Y= 954 Y2=1022 P1=1023 P2=   0 T1=1023 T2= 866  P= 746  D=  -1 
 X= 863 X2=1015  Y= 948 Y2=1022 P1=1023 P2=   0 T1=1022 T2= 833  P= 746  D=  -1 
 X= 872 X2=1023  Y= 963 Y2=1021 P1=1023 P2=   0 T1=1023 T2= 844  P= 746  D=  -1 
 X=1023 X2=1012  Y= 945 Y2=1022 P1=1023 P2=   0 T1=1022 T2= 851  P= 746  D=  -1 
 X=1019 X2=1018  Y= 953 Y2=1022 P1=1023 P2=   0 T1=1023 T2= 867  P= 746  D=  -1 
 X= 794 X2=1023  Y= 954 Y2=1021 P1=1023 P2=   0 T1=1023 T2= 849  P= 746  D=  -1 
 X= 910 X2=1021  Y= 948 Y2=1023 P1=1023 P2=   0 T1=1023 T2= 833  P= 746  D=  -1 
 X= 735 X2=1023  Y= 958 Y2=1022 P1=1023 P2=   0 T1=1023 T2= 874  P= 746  D=  -1 
 X= 801 X2=1023  Y= 951 Y2=1022 P1=1023 P2=   0 T1=1023 T2= 862  P= 746  D=  -1 
 X= 983 X2= 999  Y= 955 Y2=1022 P1=1023 P2=   0 T1=1022 T2= 828  P= 746  D=  -1 
 X= 944 X2=1011  Y= 956 Y2=1022 P1=1023 P2=   0 T1=1022 T2= 880  P= 746  D=  -1 
 X=1023 X2=1005  Y= 952 Y2=1021 P1=1023 P2=   0 T1=1023 T2= 851  P= 746  D=  -1 
 X=1023 X2=1007  Y= 938 Y2=1022 P1=1023 P2=   0 T1=1023 T2= 886  P= 746  D=  -1 
 X= 875 X2=1022  Y= 936 Y2=1022 P1=1023 P2=   0 T1=1023 T2= 844  P= 746  D=  -1 
 X= 876 X2= 983  Y= 958 Y2=1022 P1=1023 P2=   0 T1=1022 T2= 855  P= 746  D=  -1 
 X= 911 X2= 986  Y= 940 Y2=1022 P1=1023 P2=   0 T1=1022 T2= 850  P= 746  D=  -1 
 X= 860 X2=1017  Y= 949 Y2=1022 P1=1023 P2=   0 T1=1022 T2= 842  P= 746  D=  -1 
 X= 749 X2=1023  Y= 955 Y2=1021 P1=1023 P2=   0 T1=1023 T2= 847  P= 746  D=  -1 
 X= 922 X2=1008  Y= 940 Y2=1022 P1=1023 P2=   0 T1=1023 T2= 851  P= 746  D=  -1 
 X= 925 X2=1000  Y= 945 Y2=1023 P1=1023 P2=   0 T1=1023 T2= 876  P= 746  D=  -1 
 X= 922 X2=1022  Y= 929 Y2=1021 P1=1023 P2=   0 T1=1023 T2= 824  P= 746  D=  -1 
 X= 861 X2=1023  Y= 949 Y2=1022 P1=1023 P2=   0 T1=1023 T2= 858  P= 746  D=  -1 
 X= 877 X2= 982  Y= 950 Y2=1022 P1=1023 P2=   0 T1=1023 T2= 818  P= 746  D=  -1 
 X= 777 X2=1023  Y= 927 Y2=1021 P1=1023 P2=   0 T1=1023 T2= 864  P= 746  D=  -1 
 X= 848 X2=1023  Y= 953 Y2=1021 P1=1023 P2=   0 T1=1023 T2= 837  P= 746  D=  -1 
 X= 876 X2=1017  Y= 944 Y2=1022 P1=1023 P2=   0 T1=1022 T2= 822  P= 746  D=  -1 
 X= 872 X2=1016  Y= 939 Y2=1022 P1=1023 P2=   0 T1=1023 T2= 852  P= 746  D=  -1 
 X=1005 X2=1007  Y= 954 Y2=1023 P1=1023 P2=   0 T1=1023 T2= 853  P= 746  D=  -1 
 X=1002 X2=1013  Y= 943 Y2=1021 P1=1023 P2=   0 T1=1023 T2= 859  P= 746  D=  -1 
 X= 873 X2=1023  Y= 948 Y2=1022 P1=1023 P2=   0 T1=1023 T2= 860  P= 746  D=  -1 
 X= 905 X2=1023  Y= 937 Y2=1020 P1=1023 P2=   0 T1=1023 T2= 850  P= 746  D=  -1 
 X= 850 X2=1022  Y= 925 Y2=1021 P1=1023 P2=   0 T1=1023 T2= 816  P= 746  D=  -1 
 X= 742 X2=1023  Y= 930 Y2=1021 P1=1022 P2=   0 T1=1023 T2= 857  P= 746  D=  -1 
 X= 891 X2= 988  Y= 950 Y2=1022 P1=1023 P2=   0 T1=1023 T2= 848  P= 746  D=  -1 
 X= 946 X2=1007  Y= 941 Y2=1022 P1=1023 P2=   0 T1=1023 T2= 793  P= 746  D=  -1 
 X= 858 X2=1016  Y= 924 Y2=1021 P1=1023 P2=   0 T1=1023 T2= 834  P= 746  D=  -1 
 X= 967 X2=1023  Y= 950 Y2=1022 P1=1023 P2=   0 T1=1023 T2= 868  P= 746  D=  -1 
 X= 892 X2=1015  Y= 942 Y2=1023 P1=1023 P2=   0 T1=1023 T2= 857  P= 746  D=  -1 
 X= 915 X2=1003  Y= 929 Y2=1022 P1=1023 P2=   0 T1=1023 T2= 849  P= 746  D=  -1 
 X=1023 X2=1009  Y= 931 Y2=1022 P1=1023 P2=   0 T1=1023 T2= 831  P= 746  D=  -1 
 X= 907 X2=1017  Y= 945 Y2=1022 P1=1023 P2=   0 T1=1023 T2= 824  P= 746  D=  -1 
 X= 850 X2=1016  Y= 940 Y2=1021 P1=1023 P2=   0 T1=1022 T2= 847  P= 746  D=  -1 
 X= 729 X2=1023  Y= 936 Y2=1020 P1=1023 P2=   0 T1=1023 T2= 863  P= 746  D=  -1 
 X= 827 X2=1023  Y= 952 Y2=1021 P1=1023 P2=   0 T1=1022 T2= 826  P= 746  D=  -1 
 X= 984 X2= 984  Y= 932 Y2=1022 P1=1023 P2=   0 T1=1023 T2= 831  P= 746  D=  -1 
 X= 895 X2=1016  Y= 935 Y2=1022 P1=1023 P2=   0 T1=1022 T2= 839  P= 746  D=  -1 
 X= 871 X2= 997  Y= 957 Y2=1023 P1=1023 P2=   0 T1=1023 T2= 851  P= 746  D=  -1 
 X= 988 X2=1009  Y= 934 Y2=1022 P1=1023 P2=   0 T1=1023 T2= 824  P= 746  D=  -1 
 X= 720 X2=1023  Y= 948 Y2=1022 P1=1023 P2=   0 T1=1023 T2= 830  P= 746  D=  -1 
 X= 815 X2=1023  Y= 955 Y2=1022 P1=1023 P2=   0 T1=1023 T2= 848  P= 746  D=  -1 
 X= 892 X2=1023  Y= 953 Y2=1022 P1=1023 P2=   0 T1=1022 T2= 865  P= 746  D=  -1 
 X= 901 X2=1023  Y= 941 Y2=1021 P1=1023 P2=   0 T1=1023 T2= 863  P= 746  D=  -1 
 X= 770 X2=1023  Y= 944 Y2=1022 P1=1023 P2=   0 T1=1022 T2= 854  P= 746  D=  -1 
 X= 908 X2=1009  Y= 935 Y2=1022 P1=1023 P2=   0 T1=1023 T2= 859  P= 746  D=  -1 
 X= 752 X2=1023  Y= 935 Y2=1022 P1=1023 P2=   0 T1=1022 T2= 910  P= 746  D=  -1 
 X= 881 X2=1023  Y= 487 Y2= 347 P1= 814 P2= 502 T1=1023 T2=  12  P= 746  D=  -1 
 X= 837 X2= 836  Y= 701 Y2=1021 P1=1023 P2=   0 T1=  86 T2= 854  P= 746  D=  -1 
 X=1014 X2=1009  Y= 930 Y2=1022 P1=1022 P2=   0 T1=1023 T2= 826  P= 746  D=  -1 
 X= 818 X2=1023  Y= 927 Y2=1020 P1=1023 P2=   0 T1=1023 T2= 841  P= 746  D=  -1 
 X= 808 X2= 808  Y= 342 Y2= 349 P1= 833 P2= 449 T1=  16 T2=  19  P= 690  D=  -1 * 0
 X= 810 X2= 811  Y= 347 Y2= 354 P1= 851 P2= 411 T1=  23 T2=  23  P= 866  D=  -1 * 0
 X= 811 X2= 809  Y= 346 Y2= 352 P1= 843 P2= 431 T1=  21 T2=  19  P= 773  D=  -1 * 0
 X= 811 X2= 810  Y= 347 Y2= 354 P1= 853 P2= 403 T1=  22 T2=  23  P= 903  D=  -1 * 0
 X= 814 X2= 809  Y= 343 Y2= 351 P1= 840 P2= 436 T1=  19 T2=  19  P= 750  D=  -1 * 1
 X= 810 X2= 810  Y= 347 Y2= 353 P1= 849 P2= 414 T1=  21 T2=  22  P= 850  D=  -1 * 2
 X= 810 X2= 807  Y= 343 Y2= 350 P1= 837 P2= 445 T1=  19 T2=  18  P= 711  D=  -1 * 3
 X= 810 X2= 809  Y= 345 Y2= 351 P1= 842 P2= 431 T1=  20 T2=  19  P= 770  D=  -1 * 4
 X= 810 X2= 810  Y= 343 Y2= 350 P1= 837 P2= 445 T1=  18 T2=  18  P= 712  D=  -1 * 5
 X= 810 X2= 809  Y= 344 Y2= 351 P1= 838 P2= 443 T1=  18 T2=  18  P= 720  D=  -1 * 6
 X= 809 X2= 809  Y= 344 Y2= 351 P1= 837 P2= 442 T1=  18 T2=  19  P= 722  D=  -1 * 7
 X= 810 X2= 808  Y= 343 Y2= 350 P1= 836 P2= 445 T1=  18 T2=  19  P= 710  D=  -1 * 8
 X= 810 X2= 810  Y= 344 Y2= 351 P1= 836 P2= 446 T1=  17 T2=  17  P= 707  D=  -1 * 9
 X= 810 X2= 808  Y= 343 Y2= 351 P1= 835 P2= 447 T1=  19 T2=  18  P= 702  D=  -1 * 10
 X= 809 X2= 809  Y= 343 Y2= 350 P1= 835 P2= 449 T1=  18 T2=  17  P= 694  D=  -1 * 11
 X= 810 X2= 809  Y= 343 Y2= 349 P1= 834 P2= 453 T1=  18 T2=  18  P= 680  D=  -1 * 12
 X= 809 X2= 808  Y= 342 Y2= 349 P1= 833 P2= 454 T1=  17 T2=  17  P= 673  D=  -1 * 13
 X= 809 X2= 809  Y= 343 Y2= 350 P1= 835 P2= 448 T1=  18 T2=  18  P= 698  D=  -1 * 14
 X= 809 X2= 808  Y= 343 Y2= 350 P1= 836 P2= 448 T1=  17 T2=  18  P= 699  D=  -1 * 15
 X= 810 X2= 809  Y= 344 Y2= 350 P1= 835 P2= 448 T1=  18 T2=  18  P= 698  D=  -1 * 16
 X= 810 X2= 813  Y= 343 Y2= 350 P1= 835 P2= 449 T1=  17 T2=  18  P= 696  D=  -1 * 17
 X= 809 X2= 809  Y= 343 Y2= 350 P1= 836 P2= 448 T1=  17 T2=  18  P= 700  D=  -1 * 18
 X= 810 X2= 808  Y= 343 Y2= 350 P1= 835 P2= 449 T1=  17 T2=  18  P= 694  D=  -1 * 19
 X= 809 X2= 809  Y= 343 Y2= 350 P1= 835 P2= 449 T1=  18 T2=  18  P= 694  D=  -1 * 20
 X= 810 X2= 809  Y= 344 Y2= 350 P1= 835 P2= 449 T1=  18 T2=  18  P= 694  D=  -1 * 21
 X= 809 X2= 809  Y= 343 Y2= 350 P1= 835 P2= 449 T1=  18 T2=  18  P= 694  D=  -1 * 22
 X= 810 X2= 809  Y= 343 Y2= 350 P1= 834 P2= 448 T1=  18 T2=  18  P= 696  D=  -1 * 23
 X= 809 X2= 809  Y= 343 Y2= 350 P1= 836 P2= 448 T1=  18 T2=  18  P= 700  D=  -1 * 24
Remove Pin
 X= 810 X2= 809  Y= 343 Y2= 349 P1= 835 P2= 449 T1=  18 T2=  18  P= 694  D=  -1 * 24
 X= 810 X2= 808  Y= 343 Y2= 350 P1= 833 P2= 449 T1=  17 T2=  18  P= 691  D=  -1 * 24
 X= 810 X2= 808  Y= 343 Y2= 350 P1= 835 P2= 450 T1=  18 T2=  18  P= 691  D=  -1 * 24
 X= 809 X2= 809  Y= 343 Y2= 350 P1= 834 P2= 450 T1=  17 T2=  17  P= 690  D=  -1 * 24
 X= 810 X2= 808  Y= 344 Y2= 350 P1= 834 P2= 449 T1=  17 T2=  17  P= 693  D=  -1 * 24
 X= 813 X2= 809  Y= 343 Y2= 350 P1= 835 P2= 449 T1=  18 T2=  18  P= 696  D=  -1 * 24
 X= 810 X2= 809  Y= 343 Y2= 350 P1= 835 P2= 449 T1=  18 T2=  18  P= 694  D=  -1 * 24
 X= 810 X2= 809  Y= 343 Y2= 350 P1= 835 P2= 449 T1=  18 T2=  18  P= 694  D=  -1 * 24
 X= 811 X2= 809  Y= 343 Y2= 350 P1= 835 P2= 449 T1=  18 T2=  17  P= 695  D=  -1 * 24
 X= 810 X2= 809  Y= 343 Y2= 350 P1= 835 P2= 449 T1=  18 T2=  18  P= 694  D=  -1 * 24
 X= 810 X2= 810  Y= 343 Y2= 350 P1= 835 P2= 449 T1=  18 T2=  18  P= 695  D=  -1 * 24
 X= 809 X2= 809  Y= 343 Y2= 350 P1= 835 P2= 449 T1=  17 T2=  18  P= 694  D=  -1 * 24
 X= 810 X2= 809  Y= 343 Y2= 350 P1= 835 P2= 449 T1=  18 T2=  18  P= 694  D=  -1 * 24
 X= 810 X2= 809  Y= 344 Y2= 350 P1= 835 P2= 449 T1=  17 T2=  17  P= 694  D=  -1 * 24
 X= 810 X2= 809  Y= 343 Y2= 350 P1= 835 P2= 449 T1=  18 T2=  17  P= 694  D=  -1 * 24
 X= 810 X2= 809  Y= 343 Y2= 350 P1= 835 P2= 449 T1=  17 T2=  18  P= 694  D=  -1 * 24
 X= 810 X2= 809  Y= 343 Y2= 349 P1= 835 P2= 449 T1=  18 T2=  18  P= 694  D=  -1 * 24
 X= 810 X2= 809  Y= 343 Y2= 349 P1= 835 P2= 449 T1=  18 T2=  18  P= 694  D=  -1 * 24
 X= 810 X2= 809  Y= 343 Y2= 349 P1= 835 P2= 449 T1=  18 T2=  18  P= 694  D=  -1 * 24
 X= 810 X2= 809  Y= 343 Y2= 350 P1= 835 P2= 448 T1=  17 T2=  18  P= 698  D=  -1 * 24
 X= 809 X2= 809  Y= 343 Y2= 350 P1= 835 P2= 449 T1=  17 T2=  18  P= 694  D=  -1 * 24
 X= 810 X2= 809  Y= 343 Y2= 350 P1= 835 P2= 449 T1=  18 T2=  18  P= 694  D=  -1 * 24
 X= 810 X2= 808  Y= 343 Y2= 350 P1= 835 P2= 449 T1=  18 T2=  18  P= 694  D=  -1 * 24
 X= 809 X2= 808  Y= 343 Y2= 350 P1= 835 P2= 449 T1=  18 T2=  18  P= 694  D=  -1 * 24
 X= 804 X2=1023  Y= 924 Y2=1022 P1=1023 P2=   0 T1=1022 T2= 814  P= 694  D=  -1 
 X= 822 X2=1023  Y= 931 Y2=1021 P1=1023 P2=   0 T1=1022 T2= 833  P= 694  D=  -1 
 X= 880 X2=1023  Y= 923 Y2=1022 P1=1023 P2=   0 T1=1022 T2= 805  P= 694  D=  -1 
target state=2 point=456,249
 X= 911 X2=1014  Y= 937 Y2=1022 P1=1023 P2=   0 T1=1022 T2= 823  P= 694  D=  -1 
 X= 834 X2=1023  Y= 942 Y2=1022 P1=1023 P2=   0 T1=1023 T2= 807  P= 694  D=  -1 
 X= 872 X2=1012  Y= 930 Y2=1021 P1=1023 P2=   0 T1=1023 T2= 826  P= 694  D=  -1 
 X= 874 X2=1015  Y= 892 Y2=1022 P1=1023 P2=   0 T1=1023 T2= 819  P= 694  D=  -1 
 X= 899 X2=1023  Y= 930 Y2=1022 P1=1023 P2=   0 T1=1023 T2= 821  P= 694  D=  -1 
 X= 889 X2=1022  Y= 919 Y2=1022 P1=1023 P2=   0 T1=1023 T2= 807  P= 694  D=  -1 
 X= 994 X2=1022  Y= 921 Y2=1022 P1=1023 P2=   0 T1=1023 T2= 864  P= 694  D=  -1 
 X= 815 X2=1023  Y= 947 Y2=1022 P1=1023 P2=   0 T1=1023 T2= 855  P= 694  D=  -1 
 X= 825 X2=1023  Y= 924 Y2=1021 P1=1023 P2=   0 T1=1023 T2= 821  P= 694  D=  -1 
 X= 894 X2=1023  Y= 913 Y2=1021 P1=1023 P2=   0 T1=1023 T2= 802  P= 694  D=  -1 
 X= 769 X2=1023  Y= 940 Y2=1022 P1=1023 P2=   0 T1=1023 T2= 819  P= 694  D=  -1 
 X= 895 X2= 996  Y= 923 Y2=1022 P1=1023 P2=   0 T1=1023 T2= 836  P= 694  D=  -1 
 X= 943 X2=1003  Y= 931 Y2=1023 P1=1023 P2=   0 T1=1023 T2= 804  P= 694  D=  -1 
 X= 877 X2=1016  Y= 932 Y2=1022 P1=1023 P2=   0 T1=1023 T2= 823  P= 694  D=  -1 
 X= 881 X2=1023  Y= 929 Y2=1021 P1=1023 P2=   0 T1=1023 T2= 817  P= 694  D=  -1 
 X= 937 X2=1014  Y= 928 Y2=1021 P1=1023 P2=   0 T1=1023 T2= 820  P= 694  D=  -1 
 X= 865 X2=1023  Y= 944 Y2=1021 P1=1023 P2=   0 T1=1023 T2= 765  P= 694  D=  -1 
 X=1023 X2=1009  Y= 932 Y2=1022 P1=1023 P2=   0 T1=1023 T2= 830  P= 694  D=  -1 
 X= 936 X2=1011  Y= 935 Y2=1021 P1=1023 P2=   0 T1=1023 T2= 857  P= 694  D=  -1 
 X= 884 X2=1016  Y= 935 Y2=1022 P1=1023 P2=   0 T1=1023 T2= 834  P= 694  D=  -1 
 X= 882 X2=1018  Y= 946 Y2=1022 P1=1023 P2=   0 T1=1023 T2= 764  P= 694  D=  -1 
 X= 948 X2= 983  Y= 936 Y2=1022 P1=1023 P2=   0 T1=1023 T2= 849  P= 694  D=  -1 
 X=1003 X2= 982  Y= 932 Y2=1022 P1=1023 P2=   0 T1=1023 T2= 827  P= 694  D=  -1 
 X= 970 X2=1005  Y= 947 Y2=1023 P1=1023 P2=   0 T1=1023 T2= 835  P= 694  D=  -1 
 X= 947 X2=1008  Y= 940 Y2=1022 P1=1023 P2=   0 T1=1023 T2= 845  P= 694  D=  -1 
 X= 760 X2=1023  Y= 934 Y2=1021 P1=1023 P2=   0 T1=1022 T2= 876  P= 694  D=  -1 
 X= 791 X2=1023  Y= 929 Y2=1020 P1=1023 P2=   0 T1=1023 T2= 836  P= 694  D=  -1 
 X= 909 X2=1016  Y= 926 Y2=1022 P1=1023 P2=   0 T1=1023 T2= 824  P= 694  D=  -1 
 X= 879 X2=1012  Y= 938 Y2=1022 P1=1023 P2=   0 T1=1023 T2= 847  P= 694  D=  -1 
 X= 881 X2=1017  Y= 938 Y2=1022 P1=1023 P2=   0 T1=1023 T2= 862  P= 694  D=  -1 
 X= 954 X2=1009  Y= 931 Y2=1022 P1=1023 P2=   0 T1=1023 T2= 836  P= 694  D=  -1 
 X= 993 X2=1011  Y= 915 Y2=1022 P1=1023 P2=   0 T1=1023 T2= 828  P= 694  D=  -1 
 X= 808 X2=1023  Y= 934 Y2=1022 P1=1023 P2=   0 T1=1022 T2= 778  P= 694  D=  -1 
 X= 839 X2=1023  Y= 942 Y2=1022 P1=1023 P2=   0 T1=1023 T2= 854  P= 694  D=  -1 
 X= 772 X2=1023  Y= 935 Y2=1022 P1=1023 P2=   0 T1=1023 T2= 849  P= 694  D=  -1 
 X= 885 X2=1023  Y= 947 Y2=1021 P1=1023 P2=   0 T1=1023 T2= 833  P= 694  D=  -1 
 X= 750 X2=1023  Y= 936 Y2=1021 P1=1023 P2=   0 T1=1023 T2= 835  P= 694  D=  -1 
 X= 865 X2=1016  Y= 938 Y2=1022 P1=1023 P2=   0 T1=1023 T2= 803  P= 694  D=  -1 
 X= 862 X2=1016  Y= 945 Y2=1021 P1=1023 P2=   0 T1=1022 T2= 855  P= 694  D=  -1 
 X= 840 X2=1023  Y= 936 Y2=1022 P1=1023 P2=   0 T1=1023 T2= 849  P= 694  D=  -1 
 X= 920 X2=1016  Y= 930 Y2=1021 P1=1023 P2=   0 T1=1023 T2= 808  P= 694  D=  -1 
 X= 785 X2=1023  Y= 939 Y2=1022 P1=1023 P2=   0 T1=1023 T2= 833  P= 694  D=  -1 
 X= 847 X2=1023  Y= 938 Y2=1022 P1=1023 P2=   0 T1=1023 T2= 843  P= 694  D=  -1 
 X= 892 X2=1023  Y= 935 Y2=1021 P1=1023 P2=   0 T1=1023 T2= 773  P= 694  D=  -1 
 X= 768 X2=1023  Y= 951 Y2=1021 P1=1023 P2=   0 T1=1023 T2= 815  P= 694  D=  -1 
 X= 725 X2=1023  Y= 933 Y2=1022 P1=1023 P2=   0 T1=1023 T2= 840  P= 694  D=  -1 
 X= 973 X2= 980  Y= 939 Y2=1022 P1=1023 P2=   0 T1=1022 T2= 829  P= 694  D=  -1 
 X= 906 X2=1009  Y= 935 Y2=1022 P1=1023 P2=   0 T1=1023 T2= 833  P= 694  D=  -1 
 X= 749 X2=1023  Y= 938 Y2=1020 P1=1023 P2=   0 T1=1023 T2= 844  P= 694  D=  -1 
 X= 911 X2= 997  Y= 952 Y2=1022 P1=1023 P2=   0 T1=1023 T2= 841  P= 694  D=  -1 
 X=1009 X2=1000  Y= 912 Y2=1021 P1=1023 P2=   0 T1=1022 T2= 856  P= 694  D=  -1 
 X= 784 X2=1023  Y= 955 Y2=1021 P1=1023 P2=   0 T1=1023 T2= 821  P= 694  D=  -1 
 X= 824 X2=1023  Y= 948 Y2=1022 P1=1023 P2=   0 T1=1023 T2= 847  P= 694  D=  -1 
 X= 903 X2=1016  Y= 940 Y2=1021 P1=1023 P2=   0 T1=1023 T2= 841  P= 694  D=  -1 
 X= 905 X2=1017  Y= 948 Y2=1022 P1=1023 P2=   0 T1=1023 T2= 886  P= 694  D=  -1 
 X=1009 X2=1000  Y= 937 Y2=1022 P1=1023 P2=   0 T1=1023 T2= 834  P= 694  D=  -1 
 X= 962 X2= 990  Y= 933 Y2=1022 P1=1023 P2=   0 T1=1022 T2= 824  P= 694  D=  -1 
 X= 924 X2=1009  Y= 952 Y2=1022 P1=1023 P2=   0 T1=1023 T2= 824  P= 694  D=  -1 
 X= 883 X2=1005  Y= 944 Y2=1022 P1=1023 P2=   0 T1=1023 T2= 815  P= 694  D=  -1 
 X= 897 X2= 994  Y= 940 Y2=1021 P1=1023 P2=   0 T1=1023 T2= 863  P= 694  D=  -1 
 X= 755 X2=1023  Y= 948 Y2=1022 P1=1023 P2=   0 T1=1023 T2= 855  P= 694  D=  -1 
 X= 808 X2=1023  Y= 943 Y2=1021 P1=1023 P2=   0 T1=1023 T2= 856  P= 694  D=  -1 
 X= 949 X2=1008  Y= 939 Y2=1023 P1=1023 P2=   0 T1=1023 T2= 852  P= 694  D=  -1 
 X= 897 X2=1023  Y= 940 Y2=1022 P1=1023 P2=   0 T1=1023 T2= 861  P= 694  D=  -1 
 X= 901 X2=1023  Y= 932 Y2=1022 P1=1023 P2=   0 T1=1023 T2= 833  P= 694  D=  -1 
 X= 894 X2=1023  Y= 959 Y2=1022 P1=1023 P2=   0 T1=1023 T2= 853  P= 694  D=  -1 
 X= 943 X2=1006  Y= 932 Y2=1023 P1=1023 P2=   0 T1=1023 T2= 842  P= 694  D=  -1 
 X= 835 X2=1023  Y= 931 Y2=1021 P1=1023 P2=   0 T1=1023 T2= 850  P= 694  D=  -1 
 X= 927 X2=1008  Y= 955 Y2=1022 P1=1023 P2=   0 T1=1023 T2= 845  P= 694  D=  -1 
 X= 771 X2=1023  Y= 957 Y2=1022 P1=1023 P2=   0 T1=1022 T2= 875  P= 694  D=  -1 
 X= 785 X2=1023  Y= 950 Y2=1022 P1=1023 P2=   0 T1=1023 T2= 844  P= 694  D=  -1 
 X= 777 X2=1023  Y= 940 Y2=1021 P1=1023 P2=   0 T1=1023 T2= 824  P= 694  D=  -1 
 X= 909 X2=1023  Y= 911 Y2=1021 P1=1023 P2=   0 T1=1022 T2= 871  P= 694  D=  -1 
 X= 864 X2=1016  Y= 948 Y2=1022 P1=1023 P2=   0 T1=1023 T2= 833  P= 694  D=  -1 
 X= 894 X2=1002  Y=1023 Y2=1023 P1=1023 P2=   0 T1=1023 T2=1022  P= 694  D=  -1 
 X= 869 X2=1023  Y= 958 Y2=1022 P1=1023 P2=   0 T1=1022 T2= 867  P= 694  D=  -1 
 X= 781 X2=1023  Y= 948 Y2=1021 P1=1023 P2=   0 T1=1022 T2= 850  P= 694  D=  -1 
 X= 903 X2=1023  Y= 904 Y2=1022 P1=1023 P2=   0 T1=1023 T2= 831  P= 694  D=  -1 
 X= 870 X2= 988  Y= 944 Y2=1022 P1=1023 P2=   0 T1=1023 T2= 848  P= 694  D=  -1 
 X= 720 X2=1023  Y= 924 Y2=1022 P1=1023 P2=   0 T1=1023 T2= 870  P= 694  D=  -1 
 X= 812 X2=1023  Y= 951 Y2=1021 P1=1023 P2=   0 T1=1022 T2= 789  P= 694  D=  -1 
 X= 805 X2= 806  Y= 696 Y2= 700 P1= 910 P2= 558 T1=  14 T2=  14  P= 507  D=  -1 * 0
 X= 890 X2=1017  Y= 948 Y2=1022 P1=1023 P2=   0 T1=1021 T2= 865  P= 507  D=  -1 
 X= 809 X2= 810  Y= 699 Y2= 704 P1= 924 P2= 498 T1=  17 T2=  17  P= 691  D=  -1 * 0
 X= 978 X2= 988  Y= 945 Y2=1022 P1=1023 P2=   0 T1=1023 T2= 858  P= 691  D=  -1 
 X= 953 X2=1003  Y= 943 Y2=1022 P1=1023 P2=   0 T1=1022 T2= 177  P= 691  D=  -1 
 X= 813 X2= 815  Y= 705 Y2= 710 P1= 941 P2= 411 T1=  28 T2=  29  P= 691  D=  -1 * 0
 X= 812 X2= 813  Y= 704 Y2= 708 P1= 937 P2= 428 T1=  26 T2=  25  P= 691  D=  -1 * 0
 X= 813 X2= 814  Y= 703 Y2= 709 P1= 938 P2= 425 T1=  27 T2=  27  P= 691  D=  -1 * 1
 X= 812 X2= 813  Y= 703 Y2= 707 P1= 935 P2= 437 T1=  25 T2=  24  P= 691  D=  -1 * 2
 X= 811 X2= 812  Y= 701 Y2= 706 P1= 931 P2= 461 T1=  22 T2=  22  P= 826  D=  -1 * 3
 X= 812 X2= 812  Y= 702 Y2= 708 P1= 935 P2= 439 T1=  24 T2=  24  P= 916  D=  -1 * 4
 X= 811 X2= 812  Y= 702 Y2= 707 P1= 933 P2= 447 T1=  24 T2=  23  P= 881  D=  -1 * 5
 X= 810 X2= 812  Y= 701 Y2= 705 P1= 930 P2= 463 T1=  21 T2=  21  P= 817  D=  -1 * 6
 X= 810 X2= 811  Y= 700 Y2= 705 P1= 928 P2= 473 T1=  20 T2=  21  P= 778  D=  -1 * 7
 X= 810 X2= 810  Y= 700 Y2= 705 P1= 928 P2= 474 T1=  19 T2=  20  P= 775  D=  -1 * 8
 X= 810 X2= 811  Y= 700 Y2= 704 P1= 927 P2= 479 T1=  20 T2=  19  P= 757  D=  -1 * 9
 X= 809 X2= 811  Y= 700 Y2= 705 P1= 927 P2= 479 T1=  20 T2=  20  P= 757  D=  -1 * 10
 X= 809 X2= 811  Y= 699 Y2= 704 P1= 927 P2= 479 T1=  20 T2=  19  P= 757  D=  -1 * 11
 X= 810 X2= 811  Y= 700 Y2= 704 P1= 927 P2= 481 T1=  18 T2=  19  P= 750  D=  -1 * 12
 X= 810 X2= 811  Y= 700 Y2= 704 P1= 926 P2= 480 T1=  19 T2=  19  P= 752  D=  -1 * 13
 X= 808 X2= 810  Y= 700 Y2= 704 P1= 926 P2= 482 T1=  19 T2=  19  P= 745  D=  -1 * 14
 X= 810 X2= 809  Y= 700 Y2= 705 P1= 926 P2= 480 T1=  20 T2=  19  P= 751  D=  -1 * 15
 X= 810 X2= 809  Y= 700 Y2= 704 P1= 927 P2= 480 T1=  19 T2=  19  P= 753  D=  -1 * 16
 X= 809 X2= 810  Y= 700 Y2= 704 P1= 927 P2= 480 T1=  20 T2=  19  P= 753  D=  -1 * 17
 X= 810 X2= 810  Y= 700 Y2= 704 P1= 926 P2= 482 T1=  20 T2=  19  P= 746  D=  -1 * 18
 X= 810 X2= 811  Y= 699 Y2= 704 P1= 926 P2= 481 T1=  19 T2=  19  P= 749  D=  -1 * 19
 X= 809 X2= 810  Y= 700 Y2= 704 P1= 927 P2= 481 T1=  19 T2=  19  P= 749  D=  -1 * 20
 X= 809 X2= 810  Y= 700 Y2= 704 P1= 926 P2= 483 T1=  19 T2=  19  P= 741  D=  -1 * 21
 X= 810 X2= 811  Y= 699 Y2= 704 P1= 926 P2= 482 T1=  19 T2=  19  P= 746  D=  -1 * 22
 X= 814 X2= 810  Y= 698 Y2= 703 P1= 925 P2= 482 T1=  19 T2=  19  P= 746  D=  -1 * 23
 X= 809 X2= 810  Y= 700 Y2= 704 P1= 926 P2= 484 T1=  19 T2=  19  P= 738  D=  -1 * 24
Remove Pin
 X= 813 X2= 811  Y= 699 Y2= 702 P1= 926 P2= 484 T1=  19 T2=  18  P= 741  D=  -1 * 24
 X= 809 X2= 810  Y= 700 Y2= 704 P1= 925 P2= 485 T1=  19 T2=  19  P= 733  D=  -1 * 24
 X= 809 X2= 810  Y= 700 Y2= 704 P1= 926 P2= 485 T1=  19 T2=  19  P= 735  D=  -1 * 24
 X= 809 X2= 809  Y= 699 Y2= 704 P1= 926 P2= 485 T1=  19 T2=  18  P= 735  D=  -1 * 24
 X= 809 X2= 810  Y= 699 Y2= 704 P1= 924 P2= 486 T1=  19 T2=  19  P= 728  D=  -1 * 24
 X= 809 X2= 810  Y= 699 Y2= 704 P1= 925 P2= 488 T1=  18 T2=  19  P= 724  D=  -1 * 24
 X= 809 X2= 810  Y= 699 Y2= 703 P1= 925 P2= 491 T1=  17 T2=  18  P= 714  D=  -1 * 24
 X= 809 X2= 810  Y= 699 Y2= 703 P1= 924 P2= 494 T1=  19 T2=  18  P= 703  D=  -1 * 24
 X= 809 X2= 810  Y= 699 Y2= 704 P1= 923 P2= 495 T1=  18 T2=  18  P= 698  D=  -1 * 24
 X= 809 X2= 810  Y= 698 Y2= 703 P1= 922 P2= 497 T1=  18 T2=  18  P= 691  D=  -1 * 24
 X= 810 X2= 810  Y= 698 Y2= 703 P1= 922 P2= 499 T1=  17 T2=  17  P= 686  D=  -1 * 24
 X= 809 X2= 810  Y= 699 Y2= 704 P1= 923 P2= 498 T1=  18 T2=  18  P= 690  D=  -1 * 24
 X= 809 X2= 809  Y= 698 Y2= 704 P1= 922 P2= 498 T1=  18 T2=  18  P= 688  D=  -1 * 24
 X= 809 X2= 810  Y= 699 Y2= 703 P1= 923 P2= 498 T1=  18 T2=  18  P= 690  D=  -1 * 24
 X= 809 X2= 810  Y= 698 Y2= 703 P1= 923 P2= 498 T1=  17 T2=  18  P= 690  D=  -1 * 24
 X= 809 X2= 810  Y= 699 Y2= 703 P1= 923 P2= 498 T1=  18 T2=  17  P= 690  D=  -1 * 24
 X= 809 X2= 810  Y= 699 Y2= 703 P1= 924 P2= 498 T1=  18 T2=  17  P= 691  D=  -1 * 24
 X= 808 X2= 810  Y= 699 Y2= 703 P1= 923 P2= 497 T1=  18 T2=  18  P= 693  D=  -1 * 24
 X= 809 X2= 810  Y= 699 Y2= 703 P1= 923 P2= 497 T1=  18 T2=  18  P= 693  D=  -1 * 24
 X= 809 X2= 809  Y= 699 Y2= 703 P1= 922 P2= 498 T1=  18 T2=  17  P= 688  D=  -1 * 24
 X= 809 X2= 812  Y= 699 Y2= 702 P1= 922 P2= 498 T1=  18 T2=  18  P= 689  D=  -1 * 24
 X= 808 X2= 810  Y= 699 Y2= 703 P1= 922 P2= 504 T1=  18 T2=  16  P= 670  D=  -1 * 24
 X= 907 X2=1003  Y= 935 Y2=1022 P1=1023 P2=   0 T1=1023 T2= 796  P= 670  D=  -1 
 X= 863 X2=1015  Y= 960 Y2=1022 P1=1023 P2=   0 T1=1023 T2= 878  P= 670  D=  -1 
 X= 902 X2=1018  Y= 950 Y2=1023 P1=1023 P2=   0 T1=1023 T2= 869  P= 670  D=  -1 
target state=3 point=23,249
 X= 930 X2=1005  Y= 955 Y2=1023 P1=1023 P2=   0 T1=1023 T2= 849  P= 670  D=  -1 
 X=1014 X2=1013  Y= 948 Y2=1023 P1=1023 P2=   0 T1=1023 T2= 833  P= 670  D=  -1 
 X= 824 X2=1023  Y= 949 Y2=1022 P1=1023 P2=   0 T1=1023 T2= 844  P= 670  D=  -1 
 X= 890 X2= 991  Y= 930 Y2=1023 P1=1023 P2=   0 T1=1023 T2= 856  P= 670  D=  -1 
 X= 897 X2=1017  Y= 939 Y2=1023 P1=1023 P2=   0 T1=1023 T2= 847  P= 670  D=  -1 
 X= 850 X2=1023  Y= 943 Y2=1022 P1=1023 P2=   0 T1=1022 T2= 847  P= 670  D=  -1 
 X= 737 X2=1023  Y= 953 Y2=1022 P1=1023 P2=   0 T1=1023 T2= 838  P= 670  D=  -1 
 X= 975 X2=1001  Y= 950 Y2=1022 P1=1023 P2=   0 T1=1023 T2= 823  P= 670  D=  -1 
 X= 912 X2=1011  Y= 944 Y2=1022 P1=1023 P2=   0 T1=1023 T2= 864  P= 670  D=  -1 
 X= 870 X2= 989  Y= 946 Y2=1022 P1=1023 P2=   0 T1=1023 T2= 840  P= 670  D=  -1 
 X= 881 X2=1004  Y= 937 Y2=1022 P1=1023 P2=   0 T1=1023 T2= 857  P= 670  D=  -1 
 X= 886 X2=1023  Y= 946 Y2=1022 P1=1023 P2=   0 T1=1022 T2= 849  P= 670  D=  -1 
 X= 891 X2=1023  Y= 942 Y2=1022 P1=1023 P2=   0 T1=1023 T2= 830  P= 670  D=  -1 
 X= 900 X2=1023  Y= 942 Y2=1021 P1=1023 P2=   0 T1=1023 T2= 857  P= 670  D=  -1 
 X= 866 X2=1015  Y= 936 Y2=1023 P1=1023 P2=   0 T1=1023 T2= 834  P= 670  D=  -1 
 X= 885 X2=1023  Y= 929 Y2=1020 P1=1023 P2=   0 T1=1022 T2= 855  P= 670  D=  -1 
 X= 961 X2= 987  Y= 937 Y2=1022 P1=1023 P2=   0 T1=1023 T2= 862  P= 670  D=  -1 
 X= 917 X2=1010  Y= 948 Y2=1022 P1=1023 P2=   0 T1=1022 T2= 839  P= 670  D=  -1 
 X= 853 X2=1023  Y= 943 Y2=1021 P1=1023 P2=   0 T1=1023 T2= 847  P= 670  D=  -1 
 X= 940 X2=1004  Y= 948 Y2=1022 P1=1023 P2=   0 T1=1023 T2= 846  P= 670  D=  -1 
 X=1023 X2=1009  Y= 934 Y2=1022 P1=1023 P2=   0 T1=1023 T2= 860  P= 670  D=  -1 
 X= 779 X2=1023  Y= 947 Y2=1021 P1=1023 P2=   0 T1=1023 T2= 847  P= 670  D=  -1 
 X= 835 X2=1023  Y= 943 Y2=1021 P1=1023 P2=   0 T1=1023 T2= 842  P= 670  D=  -1 
 X= 919 X2=1012  Y= 938 Y2=1022 P1=1023 P2=   0 T1=1022 T2= 848  P= 670  D=  -1 
 X= 896 X2=1016  Y= 948 Y2=1022 P1=1023 P2=   0 T1=1022 T2= 867  P= 670  D=  -1 
 X=1023 X2=1004  Y= 952 Y2=1021 P1=1023 P2=   0 T1=1023 T2= 843  P= 670  D=  -1 
 X= 940 X2=1010  Y= 925 Y2=1021 P1=1023 P2=   0 T1=1023 T2= 837  P= 670  D=  -1 
 X= 936 X2=1010  Y= 940 Y2=1022 P1=1023 P2=   0 T1=1023 T2= 825  P= 670  D=  -1 
 X=1008 X2=1019  Y= 944 Y2=1022 P1=1023 P2=   0 T1=1023 T2= 865  P= 670  D=  -1 
 X= 867 X2=1017  Y= 949 Y2=1022 P1=1023 P2=   0 T1=1023 T2= 842  P= 670  D=  -1 
 X= 789 X2=1023  Y= 932 Y2=1021 P1=1023 P2=   0 T1=1023 T2= 841  P= 670  D=  -1 
 X= 835 X2=1023  Y= 947 Y2=1020 P1=1022 P2=   0 T1=1023 T2= 844  P= 670  D=  -1 
 X= 962 X2=1003  Y= 938 Y2=1022 P1=1023 P2=   0 T1=1022 T2= 847  P= 670  D=  -1 
 X= 854 X2=1023  Y= 946 Y2=1022 P1=1023 P2=   0 T1=1022 T2= 850  P= 670  D=  -1 
 X= 898 X2=1023  Y= 950 Y2=1021 P1=1023 P2=   0 T1=1023 T2= 852  P= 670  D=  -1 
 X= 975 X2=1003  Y= 946 Y2=1022 P1=1023 P2=   0 T1=1023 T2= 856  P= 670  D=  -1 
 X= 948 X2=1002  Y= 932 Y2=1023 P1=1023 P2=   0 T1=1023 T2= 859  P= 670  D=  -1 
 X= 821 X2=1023  Y= 929 Y2=1021 P1=1023 P2=   0 T1=1023 T2= 826  P= 670  D=  -1 
 X= 998 X2=1014  Y=1022 Y2=1023 P1=1023 P2=   0 T1=1023 T2=1021  P= 670  D=  -1 
 X= 914 X2=1023  Y= 949 Y2=1022 P1=1023 P2=   0 T1=1023 T2= 779  P= 670  D=  -1 
 X= 930 X2=1023  Y= 904 Y2=1022 P1=1023 P2=   0 T1=1023 T2= 841  P= 670  D=  -1 
 X= 833 X2=1023  Y= 934 Y2=1021 P1=1023 P2=   0 T1=1023 T2= 841  P= 670  D=  -1 
 X= 935 X2=1010  Y= 932 Y2=1021 P1=1023 P2=   0 T1=1022 T2= 859  P= 670  D=  -1 
 X= 878 X2=1017  Y= 945 Y2=1022 P1=1023 P2=   0 T1=1021 T2= 864  P= 670  D=  -1 
 X= 848 X2=1023  Y= 947 Y2=1021 P1=1023 P2=   0 T1=1023 T2= 847  P= 670  D=  -1 
 X= 990 X2= 988  Y= 937 Y2=1021 P1=1023 P2=   0 T1=1023 T2= 817  P= 670  D=  -1 
 X= 817 X2=1023  Y= 936 Y2=1020 P1=1023 P2=   0 T1=1022 T2= 829  P= 670  D=  -1 
 X= 919 X2= 984  Y= 911 Y2=1022 P1=1022 P2=   0 T1=1023 T2= 851  P= 670  D=  -1 
 X= 920 X2= 998  Y= 946 Y2=1022 P1=1023 P2=   0 T1=1023 T2= 863  P= 670  D=  -1 
 X= 873 X2=1023  Y= 941 Y2=1023 P1=1023 P2=   0 T1=1022 T2= 848  P= 670  D=  -1 
 X= 706 X2=1023  Y= 945 Y2=1021 P1=1023 P2=   0 T1=1023 T2= 855  P= 670  D=  -1 
 X= 964 X2=1009  Y= 932 Y2=1022 P1=1023 P2=   0 T1=1023 T2= 868  P= 670  D=  -1 
 X= 876 X2=1015  Y= 930 Y2=1022 P1=1023 P2=   0 T1=1022 T2= 853  P= 670  D=  -1 
 X= 972 X2=1009  Y= 971 Y2=1021 P1=1023 P2=   0 T1=1022 T2= 863  P= 670  D=  -1 
 X= 976 X2=1005  Y= 934 Y2=1022 P1=1023 P2=   0 T1=1022 T2= 799  P= 670  D=  -1 
 X= 996 X2= 980  Y= 949 Y2=1022 P1=1023 P2=   0 T1=1021 T2= 853  P= 670  D=  -1 
 X= 230 X2= 231  Y= 701 Y2= 697 P1= 835 P2= 249 T1=  21 T2=  21  P= 541  D=  -1 * 0
 X= 826 X2=1023  Y= 954 Y2=1022 P1=1023 P2=   0 T1=1023 T2= 838  P= 541  D=  -1 
 X= 864 X2=1023  Y= 915 Y2=1019 P1=1023 P2=   0 T1=1023 T2= 876  P= 541  D=  -1 
 X= 728 X2=1023  Y= 954 Y2=1021 P1=1023 P2=   0 T1=1023 T2= 874  P= 541  D=  -1 
 X= 968 X2= 988  Y= 946 Y2=1022 P1=1023 P2=   0 T1=1023 T2= 842  P= 541  D=  -1 
 X= 902 X2=1019  Y= 955 Y2=1022 P1=1023 P2=   0 T1=1023 T2= 857  P= 541  D=  -1 
 X= 876 X2=1014  Y= 941 Y2=1022 P1=1023 P2=   0 T1=1023 T2= 878  P= 541  D=  -1 
 X= 900 X2=1021  Y= 955 Y2=1021 P1=1023 P2=   0 T1=1022 T2= 887  P= 541  D=  -1 
 X= 926 X2= 993  Y= 966 Y2=1021 P1=1023 P2=   0 T1=1023 T2= 866  P= 541  D=  -1 
 X= 929 X2=1013  Y= 963 Y2=1022 P1=1023 P2=   0 T1=1022 T2= 881  P= 541  D=  -1 
 X= 877 X2=1002  Y= 959 Y2=1022 P1=1023 P2=   0 T1=1023 T2= 874  P= 541  D=  -1 
 X= 926 X2=1023  Y= 954 Y2=1022 P1=1023 P2=   0 T1=1023 T2= 858  P= 541  D=  -1 
 X= 781 X2=1023  Y= 961 Y2=1021 P1=1023 P2=   0 T1=1023 T2= 862  P= 541  D=  -1 
 X= 724 X2=1023  Y= 965 Y2=1022 P1=1023 P2=   0 T1=1022 T2= 882  P= 541  D=  -1 
 X= 978 X2=1013  Y= 962 Y2=1022 P1=1023 P2=   0 T1=1023 T2= 873  P= 541  D=  -1 
 X= 980 X2=1008  Y= 951 Y2=1023 P1=1023 P2=   0 T1=1023 T2= 880  P= 541  D=  -1 
 X= 910 X2=1023  Y= 962 Y2=1022 P1=1023 P2=   0 T1=1023 T2= 876  P= 541  D=  -1 
 X= 863 X2= 993  Y= 949 Y2=1021 P1=1023 P2=   0 T1=1023 T2= 865  P= 541  D=  -1 
 X= 885 X2=1023  Y= 955 Y2=1023 P1=1023 P2=   0 T1=1023 T2= 869  P= 541  D=  -1 
 X= 796 X2=1023  Y= 964 Y2=1022 P1=1023 P2=   0 T1=1023 T2= 871  P= 541  D=  -1 
 X= 856 X2=1023  Y= 955 Y2=1021 P1=1023 P2=   0 T1=1023 T2= 856  P= 541  D=  -1 
 X= 875 X2=1012  Y= 962 Y2=1022 P1=1023 P2=   0 T1=1022 T2= 881  P= 541  D=  -1 
 X= 792 X2=1013  Y= 953 Y2=1022 P1=1023 P2=   0 T1=1023 T2= 898  P= 541  D=  -1 
 X=1023 X2=1007  Y= 966 Y2=1021 P1=1023 P2=   0 T1=1023 T2= 871  P= 541  D=  -1 
 X= 882 X2=1023  Y= 960 Y2=1022 P1=1023 P2=   0 T1=1023 T2= 884  P= 541  D=  -1 
 X= 878 X2=1023  Y= 951 Y2=1022 P1=1023 P2=   0 T1=1023 T2= 877  P= 541  D=  -1 
 X= 890 X2= 998  Y= 949 Y2=1022 P1=1023 P2=   0 T1=1023 T2= 877  P= 541  D=  -1 
 X=1023 X2=1008  Y= 930 Y2=1022 P1=1023 P2=   0 T1=1022 T2= 850  P= 541  D=  -1 
 X= 815 X2=1023  Y= 971 Y2=1022 P1=1023 P2=   0 T1=1023 T2= 862  P= 541  D=  -1 
 X= 861 X2=1023  Y= 939 Y2=1022 P1=1023 P2=   0 T1=1023 T2= 880  P= 541  D=  -1 
 X= 967 X2=1010  Y= 958 Y2=1022 P1=1023 P2=   0 T1=1023 T2= 828  P= 541  D=  -1 
 X= 913 X2=1018  Y= 952 Y2=1023 P1=1023 P2=   0 T1=1022 T2= 861  P= 541  D=  -1 
 X= 895 X2= 995  Y= 961 Y2=1021 P1=1023 P2=   0 T1=1023 T2= 873  P= 541  D=  -1 
 X= 876 X2=1023  Y= 957 Y2=1022 P1=1023 P2=   0 T1=1023 T2= 878  P= 541  D=  -1 
 X= 861 X2=1016  Y= 950 Y2=1022 P1=1023 P2=   0 T1=1022 T2= 866  P= 541  D=  -1 
 X= 882 X2=1022  Y= 971 Y2=1022 P1=1022 P2=   0 T1=1023 T2= 867  P= 541  D=  -1 
 X= 889 X2= 993  Y= 954 Y2=1022 P1=1023 P2=   0 T1=1023 T2= 844  P= 541  D=  -1 
 X= 917 X2=1023  Y= 964 Y2=1022 P1=1023 P2=   0 T1=1023 T2= 892  P= 541  D=  -1 
 X= 824 X2=1023  Y= 957 Y2=1022 P1=1023 P2=   0 T1=1023 T2= 868  P= 541  D=  -1 
 X=1023 X2=1004  Y= 963 Y2=1023 P1=1023 P2=   0 T1=1022 T2= 892  P= 541  D=  -1 
 X= 874 X2=1018  Y= 953 Y2=1022 P1=1023 P2=   0 T1=1022 T2= 874  P= 541  D=  -1 
 X= 919 X2=1019  Y= 966 Y2=1022 P1=1023 P2=   0 T1=1022 T2= 860  P= 541  D=  -1 
 X= 850 X2=1021  Y= 959 Y2=1022 P1=1023 P2=   0 T1=1023 T2= 871  P= 541  D=  -1 
 X=1011 X2=1011  Y= 958 Y2=1022 P1=1023 P2=   0 T1=1023 T2= 869  P= 541  D=  -1 
 X= 856 X2=1023  Y= 966 Y2=1021 P1=1023 P2=   0 T1=1023 T2= 892  P= 541  D=  -1 
 X= 834 X2=1023  Y= 964 Y2=1022 P1=1023 P2=   0 T1=1023 T2= 846  P= 541  D=  -1 
 X= 897 X2=1017  Y= 955 Y2=1022 P1=1023 P2=   0 T1=1022 T2= 870  P= 541  D=  -1 
 X= 896 X2= 998  Y= 939 Y2=1022 P1=1023 P2=   0 T1=1022 T2= 885  P= 541  D=  -1 
 X= 837 X2=1023  Y= 961 Y2=1022 P1=1023 P2=   0 T1=1023 T2= 890  P= 541  D=  -1 
 X= 947 X2=1001  Y= 959 Y2=1023 P1=1023 P2=   0 T1=1023 T2= 872  P= 541  D=  -1 
 X= 906 X2=1018  Y= 970 Y2=1022 P1=1023 P2=   0 T1=1022 T2= 861  P= 541  D=  -1 
 X= 936 X2=1021  Y= 938 Y2=1022 P1=1023 P2=   0 T1=1023 T2= 869  P= 541  D=  -1 
 X= 914 X2=1006  Y= 966 Y2=1023 P1=1023 P2=   0 T1=1023 T2= 888  P= 541  D=  -1 
 X= 753 X2=1023  Y= 954 Y2=1022 P1=1023 P2=   0 T1=1023 T2= 880  P= 541  D=  -1 
 X= 892 X2=1023  Y= 964 Y2=1022 P1=1023 P2=   0 T1=1022 T2= 906  P= 541  D=  -1 
 X= 922 X2=1020  Y= 956 Y2=1023 P1=1023 P2=   0 T1=1023 T2= 855  P= 541  D=  -1 
 X= 886 X2=1018  Y= 936 Y2=1022 P1=1023 P2=   0 T1=1023 T2= 878  P= 541  D=  -1 
 X= 741 X2=1023  Y= 940 Y2=1022 P1=1023 P2=   0 T1=1023 T2= 891  P= 541  D=  -1 
 X=1023 X2=1010  Y= 952 Y2=1022 P1=1023 P2=   0 T1=1023 T2= 885  P= 541  D=  -1 
 X= 943 X2= 993  Y= 958 Y2=1022 P1=1023 P2=   0 T1=1023 T2= 882  P= 541  D=  -1 
 X= 901 X2=1022  Y= 958 Y2=1022 P1=1023 P2=   0 T1=1023 T2= 884  P= 541  D=  -1 
 X=1023 X2=1009  Y= 957 Y2=1022 P1=1023 P2=   0 T1=1023 T2= 894  P= 541  D=  -1 
 X= 851 X2=1019  Y= 962 Y2=1022 P1=1023 P2=   0 T1=1023 T2= 880  P= 541  D=  -1 
 X= 718 X2=1023  Y= 962 Y2=1021 P1=1023 P2=   0 T1=1022 T2= 867  P= 541  D=  -1 
 X= 872 X2=1023  Y= 964 Y2=1021 P1=1023 P2=   0 T1=1023 T2= 854  P= 541  D=  -1 
 X= 254 X2= 263  Y= 719 Y2= 720 P1= 922 P2= 137 T1=  42 T2=  51  P= 541  D=  -1 
 X= 247 X2= 249  Y= 711 Y2= 706 P1= 909 P2= 154 T1=  37 T2=  36  P= 541  D=  -1 
 X= 243 X2= 245  Y= 706 Y2= 704 P1= 896 P2= 169 T1=  33 T2=  31  P= 541  D=  -1 
 X= 240 X2= 242  Y= 706 Y2= 703 P1= 887 P2= 182 T1=  28 T2=  29  P= 933  D=  -1 * 0
 X= 238 X2= 240  Y= 706 Y2= 701 P1= 880 P2= 192 T1=  28 T2=  27  P= 856  D=  -1 * 0
 X= 237 X2= 238  Y= 704 Y2= 700 P1= 870 P2= 203 T1=  25 T2=  25  P= 778  D=  -1 * 0
 X= 235 X2= 236  Y= 703 Y2= 699 P1= 862 P2= 215 T1=  24 T2=  24  P= 707  D=  -1 * 1
 X= 234 X2= 236  Y= 703 Y2= 698 P1= 855 P2= 224 T1=  23 T2=  23  P= 661  D=  -1 * 2
 X= 234 X2= 235  Y= 703 Y2= 698 P1= 852 P2= 228 T1=  23 T2=  23  P= 640  D=  -1 * 3
 X= 233 X2= 234  Y= 702 Y2= 698 P1= 850 P2= 232 T1=  22 T2=  23  P= 620  D=  -1 * 4
 X= 233 X2= 235  Y= 702 Y2= 698 P1= 849 P2= 233 T1=  22 T2=  22  P= 618  D=  -1 * 5
 X= 232 X2= 235  Y= 702 Y2= 698 P1= 848 P2= 233 T1=  23 T2=  21  P= 614  D=  -1 * 6
 X= 232 X2= 235  Y= 702 Y2= 698 P1= 846 P2= 235 T1=  21 T2=  22  P= 605  D=  -1 * 7
 X= 233 X2= 235  Y= 702 Y2= 698 P1= 846 P2= 237 T1=  21 T2=  22  P= 601  D=  -1 * 8
 X= 233 X2= 234  Y= 702 Y2= 697 P1= 845 P2= 239 T1=  22 T2=  22  P= 590  D=  -1 * 9
 X= 232 X2= 234  Y= 702 Y2= 696 P1= 844 P2= 239 T1=  22 T2=  22  P= 589  D=  -1 * 10
 X= 232 X2= 234  Y= 702 Y2= 697 P1= 843 P2= 240 T1=  22 T2=  21  P= 585  D=  -1 * 11
 X= 232 X2= 234  Y= 702 Y2= 697 P1= 844 P2= 238 T1=  21 T2=  22  P= 593  D=  -1 * 12
 X= 232 X2= 235  Y= 702 Y2= 697 P1= 847 P2= 236 T1=  22 T2=  22  P= 603  D=  -1 * 13
 X= 233 X2= 235  Y= 702 Y2= 698 P1= 849 P2= 231 T1=  20 T2=  22  P= 625  D=  -1 * 14
 X= 234 X2= 237  Y= 704 Y2= 699 P1= 860 P2= 217 T1=  23 T2=  24  P= 696  D=  -1 * 15
 X= 242 X2= 243  Y= 708 Y2= 703 P1= 897 P2= 168 T1=  29 T2=  31  P= 696  D=  -1 * 16
 X= 941 X2=1014  Y= 955 Y2=1023 P1=1023 P2=   0 T1=1023 T2= 873  P= 696  D=  -1 
 X= 836 X2=1023  Y= 967 Y2=1021 P1=1023 P2=   0 T1=1023 T2= 873  P= 696  D=  -1 
 X= 907 X2= 995  Y= 960 Y2=1022 P1=1023 P2=   0 T1=1023 T2= 877  P= 696  D=  -1 
 X= 912 X2=1023  Y= 961 Y2=1022 P1=1023 P2=   0 T1=1023 T2= 888  P= 696  D=  -1 
 X= 761 X2=1023  Y= 962 Y2=1022 P1=1023 P2=   0 T1=1023 T2= 890  P= 696  D=  -1 
 X= 756 X2=1023  Y= 961 Y2=1022 P1=1023 P2=   0 T1=1023 T2= 892  P= 696  D=  -1 
 X= 975 X2=1005  Y= 953 Y2=1022 P1=1023 P2=   0 T1=1023 T2= 891  P= 696  D=  -1 
 X= 871 X2=1014  Y= 971 Y2=1023 P1=1023 P2=   0 T1=1022 T2= 881  P= 696  D=  -1 
 X= 925 X2=1022  Y= 963 Y2=1022 P1=1023 P2=   0 T1=1023 T2= 870  P= 696  D=  -1 
 X= 975 X2=1008  Y= 958 Y2=1022 P1=1023 P2=   0 T1=1023 T2= 910  P= 696  D=  -1 
 X= 900 X2=1004  Y= 959 Y2=1022 P1=1023 P2=   0 T1=1023 T2= 891  P= 696  D=  -1 
 X= 858 X2=1023  Y= 966 Y2=1022 P1=1023 P2=   0 T1=1023 T2= 826  P= 696  D=  -1 
 X= 894 X2=1023  Y= 961 Y2=1022 P1=1023 P2=   0 T1=1023 T2= 865  P= 696  D=  -1 
 X= 911 X2=1023  Y= 950 Y2=1021 P1=1023 P2=   0 T1=1022 T2= 858  P= 696  D=  -1 
 X= 754 X2=1023  Y= 953 Y2=1021 P1=1023 P2=   0 T1=1023 T2= 892  P= 696  D=  -1 
 X= 940 X2=1007  Y= 976 Y2=1022 P1=1023 P2=   0 T1=1023 T2= 901  P= 696  D=  -1 
 X= 828 X2=1023  Y= 967 Y2=1022 P1=1023 P2=   0 T1=1023 T2= 820  P= 696  D=  -1 
 X= 842 X2=1023  Y= 951 Y2=1021 P1=1023 P2=   0 T1=1023 T2= 871  P= 696  D=  -1 
 X= 910 X2=1023  Y= 958 Y2=1022 P1=1023 P2=   0 T1=1023 T2= 893  P= 696  D=  -1 
 X= 975 X2=1008  Y= 954 Y2=1022 P1=1023 P2=   0 T1=1023 T2= 882  P= 696  D=  -1 
 X= 869 X2=1023  Y= 965 Y2=1022 P1=1023 P2=   0 T1=1023 T2= 846  P= 696  D=  -1 
 X= 758 X2=1023  Y= 961 Y2=1022 P1=1023 P2=   0 T1=1023 T2= 880  P= 696  D=  -1 
 X= 902 X2=1018  Y= 953 Y2=1022 P1=1023 P2=   0 T1=1022 T2= 912  P= 696  D=  -1 
 X=1005 X2=1008  Y= 927 Y2=1022 P1=1023 P2=   0 T1=1023 T2= 882  P= 696  D=  -1 
 X= 925 X2=1017  Y= 974 Y2=1022 P1=1023 P2=   0 T1=1023 T2= 898  P= 696  D=  -1 
 X= 954 X2=1005  Y= 957 Y2=1022 P1=1023 P2=   0 T1=1023 T2= 878  P= 696  D=  -1 
 X= 933 X2=1018  Y= 955 Y2=1022 P1=1023 P2=   0 T1=1022 T2= 863  P= 696  D=  -1 
 X= 933 X2= 994  Y= 958 Y2=1022 P1=1023 P2=   0 T1=1023 T2= 878  P= 696  D=  -1 
 X= 870 X2=1000  Y= 962 Y2=1022 P1=1023 P2=   0 T1=1023 T2= 890  P= 696  D=  -1 
 X= 878 X2=1023  Y= 958 Y2=1021 P1=1023 P2=   0 T1=1022 T2= 876  P= 696  D=  -1 
 X= 923 X2= 991  Y= 962 Y2=1020 P1=1023 P2=   0 T1=1022 T2= 819  P= 696  D=  -1 
 X= 867 X2=1016  Y= 961 Y2=1022 P1=1023 P2=   0 T1=1023 T2= 880  P= 696  D=  -1 
 X= 875 X2=1017  Y= 965 Y2=1022 P1=1023 P2=   0 T1=1022 T2= 877  P= 696  D=  -1 
 X= 756 X2=1023  Y= 945 Y2=1022 P1=1022 P2=   0 T1=1023 T2= 875  P= 696  D=  -1 
 X=1009 X2=1008  Y= 962 Y2=1022 P1=1023 P2=   0 T1=1022 T2= 882  P= 696  D=  -1 
 X= 905 X2=1023  Y= 965 Y2=1022 P1=1023 P2=   0 T1=1022 T2= 905  P= 696  D=  -1 
 X= 873 X2=1013  Y= 973 Y2=1022 P1=1023 P2=   0 T1=1023 T2= 856  P= 696  D=  -1 
 X= 901 X2=1023  Y= 959 Y2=1022 P1=1023 P2=   0 T1=1022 T2= 901  P= 696  D=  -1 
 X= 794 X2=1023  Y= 957 Y2=1022 P1=1023 P2=   0 T1=1023 T2= 898  P= 696  D=  -1 
 X= 862 X2=1023  Y= 958 Y2=1022 P1=1023 P2=   0 T1=1023 T2= 880  P= 696  D=  -1 
 X= 878 X2=1023  Y= 969 Y2=1021 P1=1023 P2=   0 T1=1023 T2= 889  P= 696  D=  -1 
 X= 891 X2=1018  Y= 967 Y2=1022 P1=1023 P2=   0 T1=1023 T2= 862  P= 696  D=  -1 
 X= 915 X2=1018  Y= 968 Y2=1022 P1=1023 P2=   0 T1=1022 T2= 884  P= 696  D=  -1 
 X= 871 X2=1004  Y= 974 Y2=1023 P1=1023 P2=   0 T1=1023 T2= 887  P= 696  D=  -1 
 X= 934 X2=1015  Y= 952 Y2=1022 P1=1023 P2=   0 T1=1023 T2= 873  P= 696  D=  -1 
 X= 873 X2=1023  Y= 973 Y2=1021 P1=1023 P2=   0 T1=1023 T2= 894  P= 696  D=  -1 
 X= 894 X2=1023  Y= 978 Y2=1022 P1=1023 P2=   0 T1=1022 T2= 864  P= 696  D=  -1 
 X= 981 X2= 987  Y= 973 Y2=1022 P1=1023 P2=   0 T1=1022 T2= 891  P= 696  D=  -1 
 X= 807 X2=1023  Y= 971 Y2=1020 P1=1023 P2=   0 T1=1023 T2= 865  P= 696  D=  -1 
 X= 877 X2=1023  Y= 968 Y2=1021 P1=1023 P2=   0 T1=1023 T2= 881  P= 696  D=  -1 
 X= 968 X2=1007  Y= 974 Y2=1021 P1=1023 P2=   0 T1=1022 T2= 881  P= 696  D=  -1 
 X= 737 X2=1023  Y= 969 Y2=1021 P1=1023 P2=   0 T1=1023 T2= 891  P= 696  D=  -1 
 X= 914 X2=1023  Y= 960 Y2=1021 P1=1023 P2=   0 T1=1023 T2= 872  P= 696  D=  -1 
 X= 983 X2= 999  Y= 958 Y2=1023 P1=1023 P2=   0 T1=1023 T2= 865  P= 696  D=  -1 
 X= 970 X2=1012  Y= 960 Y2=1022 P1=1023 P2=   0 T1=1023 T2= 893  P= 696  D=  -1 
 X= 844 X2=1023  Y= 964 Y2=1021 P1=1023 P2=   0 T1=1023 T2= 892  P= 696  D=  -1 
 X= 913 X2=1023  Y= 958 Y2=1021 P1=1023 P2=   0 T1=1023 T2= 873  P= 696  D=  -1 
 X= 905 X2=1019  Y= 965 Y2=1023 P1=1023 P2=   0 T1=1022 T2= 879  P= 696  D=  -1 
 X= 821 X2=1023  Y= 962 Y2=1021 P1=1023 P2=   0 T1=1023 T2= 887  P= 696  D=  -1 
 X=1003 X2= 989  Y= 963 Y2=1022 P1=1023 P2=   0 T1=1021 T2= 880  P= 696  D=  -1 
 X= 752 X2=1023  Y= 973 Y2=1022 P1=1023 P2=   0 T1=1023 T2= 882  P= 696  D=  -1 
 X= 859 X2=1015  Y= 949 Y2=1022 P1=1023 P2=   0 T1=1022 T2= 881  P= 696  D=  -1 
 X= 891 X2=1023  Y= 957 Y2=1022 P1=1023 P2=   0 T1=1023 T2= 840  P= 696  D=  -1 
 X=1014 X2=1014  Y= 944 Y2=1022 P1=1023 P2=   0 T1=1022 T2= 868  P= 696  D=  -1 
 X= 750 X2=1023  Y= 965 Y2=1022 P1=1023 P2=   0 T1=1023 T2= 895  P= 696  D=  -1 
 X= 907 X2=1023  Y= 957 Y2=1022 P1=1023 P2=   0 T1=1022 T2= 887  P= 696  D=  -1 
 X= 867 X2=1016  Y= 956 Y2=1022 P1=1023 P2=   0 T1=1023 T2= 891  P= 696  D=  -1 
 X=1019 X2=1015  Y= 955 Y2=1022 P1=1023 P2=   0 T1=1022 T2= 882  P= 696  D=  -1 
 X= 849 X2=1023  Y= 961 Y2=1021 P1=1023 P2=   0 T1=1022 T2= 861  P= 696  D=  -1 
 X= 958 X2=1004  Y= 969 Y2=1023 P1=1023 P2=   0 T1=1023 T2= 890  P= 696  D=  -1 
 X= 904 X2=1018  Y= 954 Y2=1022 P1=1023 P2=   0 T1=1023 T2= 893  P= 696  D=  -1 
 X= 911 X2=1023  Y= 966 Y2=1021 P1=1023 P2=   0 T1=1022 T2= 878  P= 696  D=  -1 
 X= 991 X2=1015  Y= 961 Y2=1021 P1=1023 P2=   0 T1=1023 T2= 884  P= 696  D=  -1 
 X= 838 X2=1023  Y= 955 Y2=1022 P1=1023 P2=   0 T1=1022 T2= 855  P= 696  D=  -1 
 X= 873 X2=1023  Y= 968 Y2=1022 P1=1023 P2=   0 T1=1023 T2= 845  P= 696  D=  -1 
 X= 867 X2=1023  Y= 967 Y2=1022 P1=1023 P2=   0 T1=1023 T2= 881  P= 696  D=  -1 
 X= 867 X2=1016  Y= 970 Y2=1022 P1=1023 P2=   0 T1=1022 T2= 887  P= 696  D=  -1 
 X= 902 X2=1016  Y= 952 Y2=1023 P1=1023 P2=   0 T1=1022 T2= 829  P= 696  D=  -1 
 X=1015 X2=1011  Y= 953 Y2=1022 P1=1023 P2=   0 T1=1023 T2= 875  P= 696  D=  -1 
 X= 880 X2=1016  Y= 934 Y2=1022 P1=1023 P2=   0 T1=1022 T2= 885  P= 696  D=  -1 
 X= 803 X2=1023  Y= 957 Y2=1021 P1=1023 P2=   0 T1=1022 T2= 892  P= 696  D=  -1 
 X= 907 X2=1023  Y= 964 Y2=1022 P1=1023 P2=   0 T1=1023 T2= 889  P= 696  D=  -1 
 X= 868 X2=1022  Y= 948 Y2=1022 P1=1023 P2=   0 T1=1023 T2= 873  P= 696  D=  -1 
 X= 863 X2=1023  Y= 967 Y2=1022 P1=1023 P2=   0 T1=1023 T2= 891  P= 696  D=  -1 
 X= 884 X2=1023  Y= 959 Y2=1022 P1=1023 P2=   0 T1=1023 T2= 884  P= 696  D=  -1 
 X= 747 X2=1023  Y= 963 Y2=1022 P1=1023 P2=   0 T1=1022 T2= 872  P= 696  D=  -1 
 X= 782 X2=1023  Y= 955 Y2=1020 P1=1023 P2=   0 T1=1022 T2= 884  P= 696  D=  -1 
 X= 921 X2=1002  Y= 965 Y2=1023 P1=1023 P2=   0 T1=1023 T2= 866  P= 696  D=  -1 
 X= 879 X2=1023  Y= 963 Y2=1022 P1=1023 P2=   0 T1=1023 T2= 867  P= 696  D=  -1 
 X= 924 X2=1020  Y= 954 Y2=1022 P1=1023 P2=   0 T1=1023 T2= 895  P= 696  D=  -1 
 X= 883 X2=1023  Y= 965 Y2=1021 P1=1023 P2=   0 T1=1023 T2= 863  P= 696  D=  -1 
 X= 913 X2= 998  Y= 959 Y2=1022 P1=1023 P2=   0 T1=1023 T2= 882  P= 696  D=  -1 
 X= 934 X2=1023  Y= 958 Y2=1022 P1=1023 P2=   0 T1=1022 T2= 881  P= 696  D=  -1 
 X= 887 X2=1023  Y= 958 Y2=1022 P1=1023 P2=   0 T1=1022 T2= 883  P= 696  D=  -1 
 X= 966 X2=1010  Y= 958 Y2=1021 P1=1023 P2=   0 T1=1022 T2= 873  P= 696  D=  -1 
 X= 953 X2=1013  Y= 958 Y2=1022 P1=1023 P2=   0 T1=1023 T2= 894  P= 696  D=  -1 
 X= 919 X2= 994  Y= 968 Y2=1022 P1=1022 P2=   0 T1=1022 T2= 869  P= 696  D=  -1 
 X= 922 X2=1012  Y=1021 Y2=1022 P1=1023 P2=   0 T1=1023 T2=1021  P= 696  D=  -1 
 X= 885 X2=1023  Y= 984 Y2=1022 P1=1023 P2=   0 T1=1023 T2= 906  P= 696  D=  -1 
 X= 934 X2= 998  Y= 927 Y2=1022 P1=1023 P2=   0 T1=1023 T2= 879  P= 696  D=  -1 
 X= 971 X2=1006  Y= 969 Y2=1023 P1=1023 P2=   0 T1=1022 T2= 888  P= 696  D=  -1 
 X= 869 X2=1023  Y= 952 Y2=1022 P1=1023 P2=   0 T1=1023 T2= 877  P= 696  D=  -1 
 X= 780 X2=1023  Y= 968 Y2=1021 P1=1023 P2=   0 T1=1022 T2= 890  P= 696  D=  -1 
 X= 971 X2=1011  Y= 945 Y2=1022 P1=1023 P2=   0 T1=1023 T2= 852  P= 696  D=  -1 
 X= 970 X2=1012  Y= 954 Y2=1022 P1=1023 P2=   0 T1=1023 T2= 870  P= 696  D=  -1 
 X= 875 X2=1023  Y= 960 Y2=1022 P1=1023 P2=   0 T1=1023 T2= 883  P= 696  D=  -1 
 X= 917 X2=1022  Y= 961 Y2=1022 P1=1023 P2=   0 T1=1023 T2= 858  P= 696  D=  -1 
 X= 944 X2=1009  Y= 967 Y2=1022 P1=1023 P2=   0 T1=1022 T2= 868  P= 696  D=  -1 
 X= 843 X2=1023  Y= 964 Y2=1021 P1=1023 P2=   0 T1=1023 T2= 888  P= 696  D=  -1 
 X= 871 X2=1023  Y= 964 Y2=1022 P1=1023 P2=   0 T1=1023 T2= 866  P= 696  D=  -1 
 X= 839 X2=1023  Y= 953 Y2=1022 P1=1023 P2=   0 T1=1022 T2= 861  P= 696  D=  -1 
 X= 775 X2=1023  Y= 970 Y2=1022 P1=1023 P2=   0 T1=1023 T2= 885  P= 696  D=  -1 
 X= 876 X2=1023  Y= 965 Y2=1021 P1=1023 P2=   0 T1=1022 T2= 884  P= 696  D=  -1 
 X= 963 X2=1013  Y= 956 Y2=1022 P1=1023 P2=   0 T1=1023 T2= 887  P= 696  D=  -1 
 X= 937 X2=1023  Y= 970 Y2=1022 P1=1023 P2=   0 T1=1022 T2= 882  P= 696  D=  -1 
 X= 895 X2=1023  Y= 963 Y2=1022 P1=1023 P2=   0 T1=1023 T2= 869  P= 696  D=  -1 
 X= 872 X2= 998  Y= 960 Y2=1022 P1=1023 P2=   0 T1=1023 T2= 875  P= 696  D=  -1 
 X= 855 X2=1023  Y= 958 Y2=1021 P1=1023 P2=   0 T1=1023 T2= 867  P= 696  D=  -1 
 X= 329 X2= 332  Y= 753 Y2= 751 P1= 973 P2=  67 T1= 123 T2=  73  P= 696  D=  -1 
 X= 286 X2= 287  Y= 731 Y2= 726 P1= 935 P2= 117 T1=  75 T2=  43  P= 696  D=  -1 
 X= 254 X2= 255  Y= 714 Y2= 710 P1= 932 P2= 123 T1=  43 T2=  42  P= 696  D=  -1 
 X= 252 X2= 255  Y= 713 Y2= 709 P1= 927 P2= 129 T1=  41 T2=  41  P= 696  D=  -1 
 X= 251 X2= 252  Y= 711 Y2= 708 P1= 920 P2= 137 T1=  39 T2=  39  P= 696  D=  -1 
 X= 246 X2= 248  Y= 710 Y2= 706 P1= 910 P2= 149 T1=  36 T2=  36  P= 696  D=  -1 
 X= 245 X2= 248  Y= 710 Y2= 705 P1= 906 P2= 158 T1=  34 T2=  34  P= 696  D=  -1 
 X= 241 X2= 243  Y= 707 Y2= 703 P1= 891 P2= 178 T1=  30 T2=  30  P= 696  D=  -1 * 17
Too Noisy!  2.686331 > 2.500000 or 1.724437 > 2.500000.  Try again.
 X= 238 X2= 240  Y= 705 Y2= 701 P1= 877 P2= 195 T1=  27 T2=  26  P= 835  D=  -1 * 18
 X= 237 X2= 238  Y= 705 Y2= 700 P1= 873 P2= 200 T1=  25 T2=  26  P= 797  D=  -1 * 18
 X= 236 X2= 237  Y= 704 Y2= 699 P1= 868 P2= 207 T1=  25 T2=  25  P= 753  D=  -1 * 18
 X= 234 X2= 235  Y= 703 Y2= 699 P1= 857 P2= 223 T1=  23 T2=  23  P= 665  D=  -1 * 18
 X= 234 X2= 235  Y= 702 Y2= 697 P1= 852 P2= 230 T1=  23 T2=  22  P= 632  D=  -1 * 18
 X= 235 X2= 235  Y= 703 Y2= 698 P1= 849 P2= 233 T1=  22 T2=  22  P= 621  D=  -1 * 18
 X= 233 X2= 234  Y= 702 Y2= 698 P1= 847 P2= 235 T1=  22 T2=  22  P= 606  D=  -1 * 18
 X= 232 X2= 235  Y= 702 Y2= 698 P1= 846 P2= 236 T1=  21 T2=  22  P= 602  D=  -1 * 18
 X= 233 X2= 234  Y= 702 Y2= 697 P1= 845 P2= 238 T1=  21 T2=  21  P= 594  D=  -1 * 18
 X= 232 X2= 234  Y= 702 Y2= 698 P1= 844 P2= 238 T1=  22 T2=  21  P= 593  D=  -1 * 18
 X= 233 X2= 234  Y= 702 Y2= 697 P1= 844 P2= 239 T1=  21 T2=  21  P= 589  D=  -1 * 18
 X= 233 X2= 234  Y= 701 Y2= 698 P1= 844 P2= 239 T1=  21 T2=  22  P= 589  D=  -1 * 18
 X= 231 X2= 234  Y= 702 Y2= 698 P1= 844 P2= 240 T1=  21 T2=  22  P= 583  D=  -1 * 18
 X= 232 X2= 233  Y= 702 Y2= 698 P1= 844 P2= 239 T1=  22 T2=  21  P= 587  D=  -1 * 18
 X= 231 X2= 235  Y= 702 Y2= 697 P1= 844 P2= 239 T1=  22 T2=  22  P= 589  D=  -1 * 18
 X= 232 X2= 235  Y= 702 Y2= 698 P1= 846 P2= 236 T1=  21 T2=  22  P= 602  D=  -1 * 18
 X= 232 X2= 234  Y= 703 Y2= 698 P1= 850 P2= 230 T1=  23 T2=  22  P= 627  D=  -1 * 18
 X= 234 X2= 237  Y= 704 Y2= 699 P1= 863 P2= 215 T1=  24 T2=  24  P= 708  D=  -1 * 18
 X= 245 X2= 246  Y= 709 Y2= 706 P1= 913 P2= 144 T1=  34 T2=  36  P= 708  D=  -1 
 X= 912 X2=1023  Y= 963 Y2=1022 P1=1023 P2=   0 T1=1022 T2= 877  P= 708  D=  -1 
target state=3 point=23,249
 X= 919 X2=1023  Y= 960 Y2=1021 P1=1023 P2=   0 T1=1022 T2= 875  P= 708  D=  -1 
 X= 938 X2=1023  Y= 964 Y2=1021 P1=1023 P2=   0 T1=1023 T2= 873  P= 708  D=  -1 
 X= 836 X2=1023  Y= 969 Y2=1021 P1=1023 P2=   0 T1=1023 T2= 886  P= 708  D=  -1 
 X= 863 X2=1023  Y= 964 Y2=1022 P1=1023 P2=   0 T1=1023 T2= 899  P= 708  D=  -1 
 X= 988 X2= 984  Y= 959 Y2=1022 P1=1023 P2=   0 T1=1022 T2= 882  P= 708  D=  -1 
 X= 971 X2=1003  Y= 954 Y2=1023 P1=1023 P2=   0 T1=1023 T2= 877  P= 708  D=  -1 
 X= 891 X2=1023  Y= 954 Y2=1020 P1=1023 P2=   0 T1=1023 T2= 877  P= 708  D=  -1 
 X= 832 X2=1023  Y= 958 Y2=1022 P1=1023 P2=   0 T1=1023 T2= 894  P= 708  D=  -1 
 X= 867 X2=1022  Y= 958 Y2=1022 P1=1023 P2=   0 T1=1023 T2= 893  P= 708  D=  -1 
 X= 922 X2=1023  Y= 965 Y2=1021 P1=1023 P2=   0 T1=1022 T2= 891  P= 708  D=  -1 
 X= 817 X2=1023  Y= 956 Y2=1021 P1=1023 P2=   0 T1=1022 T2= 889  P= 708  D=  -1 
 X= 950 X2=1004  Y= 957 Y2=1022 P1=1023 P2=   0 T1=1023 T2= 884  P= 708  D=  -1 
 X= 864 X2=1015  Y= 967 Y2=1022 P1=1023 P2=   0 T1=1023 T2= 891  P= 708  D=  -1 
 X= 925 X2=1023  Y= 963 Y2=1022 P1=1023 P2=   0 T1=1022 T2= 901  P= 708  D=  -1 
 X= 980 X2=1017  Y= 935 Y2=1021 P1=1023 P2=   0 T1=1023 T2= 938  P= 708  D=  -1 
 X= 965 X2= 998  Y= 959 Y2=1023 P1=1023 P2=   0 T1=1023 T2= 896  P= 708  D=  -1 
 X= 872 X2=1023  Y= 953 Y2=1021 P1=1023 P2=   0 T1=1022 T2= 868  P= 708  D=  -1 
 X= 893 X2= 993  Y= 967 Y2=1022 P1=1023 P2=   0 T1=1022 T2= 887  P= 708  D=  -1 
 X= 912 X2=1018  Y= 956 Y2=1022 P1=1023 P2=   0 T1=1022 T2= 874  P= 708  D=  -1 
 X= 879 X2=1023  Y= 966 Y2=1022 P1=1023 P2=   0 T1=1023 T2= 886  P= 708  D=  -1 
 X= 997 X2= 995  Y= 962 Y2=1022 P1=1023 P2=   0 T1=1023 T2= 895  P= 708  D=  -1 
 X= 985 X2=1007  Y= 962 Y2=1022 P1=1023 P2=   0 T1=1023 T2= 867  P= 708  D=  -1 
 X= 864 X2=1015  Y= 968 Y2=1022 P1=1023 P2=   0 T1=1023 T2= 876  P= 708  D=  -1 
 X= 919 X2= 980  Y= 969 Y2=1022 P1=1023 P2=   0 T1=1023 T2= 887  P= 708  D=  -1 
 X=1009 X2= 998  Y= 961 Y2=1022 P1=1023 P2=   0 T1=1023 T2= 885  P= 708  D=  -1 
 X= 812 X2=1023  Y= 959 Y2=1022 P1=1023 P2=   0 T1=1023 T2= 889  P= 708  D=  -1 
 X= 786 X2=1023  Y= 958 Y2=1022 P1=1023 P2=   0 T1=1023 T2= 881  P= 708  D=  -1 
 X= 957 X2=1013  Y= 962 Y2=1022 P1=1023 P2=   0 T1=1022 T2= 881  P= 708  D=  -1 
 X= 910 X2=1016  Y= 972 Y2=1022 P1=1023 P2=   0 T1=1023 T2= 883  P= 708  D=  -1 
 X= 924 X2=1023  Y= 961 Y2=1022 P1=1023 P2=   0 T1=1023 T2= 917  P= 708  D=  -1 
 X=1021 X2=1014  Y= 962 Y2=1023 P1=1023 P2=   0 T1=1023 T2= 884  P= 708  D=  -1 
 X= 910 X2=1018  Y= 966 Y2=1022 P1=1023 P2=   0 T1=1023 T2= 871  P= 708  D=  -1 
 X= 912 X2=1023  Y= 969 Y2=1022 P1=1023 P2=   0 T1=1022 T2= 880  P= 708  D=  -1 
 X= 870 X2=1023  Y= 960 Y2=1021 P1=1023 P2=   0 T1=1023 T2= 915  P= 708  D=  -1 
 X= 832 X2=1023  Y= 967 Y2=1021 P1=1023 P2=   0 T1=1023 T2= 869  P= 708  D=  -1 
 X= 807 X2=1023  Y= 963 Y2=1022 P1=1023 P2=   0 T1=1023 T2= 888  P= 708  D=  -1 
 X= 783 X2=1023  Y= 964 Y2=1022 P1=1023 P2=   0 T1=1023 T2= 854  P= 708  D=  -1 
 X= 896 X2=1017  Y= 965 Y2=1022 P1=1023 P2=   0 T1=1022 T2= 886  P= 708  D=  -1 
 X= 761 X2=1023  Y= 963 Y2=1022 P1=1023 P2=   0 T1=1022 T2= 881  P= 708  D=  -1 
 X= 952 X2=1017  Y= 959 Y2=1022 P1=1023 P2=   0 T1=1023 T2= 930  P= 708  D=  -1 
 X= 945 X2=1009  Y= 948 Y2=1022 P1=1023 P2=   0 T1=1023 T2= 881  P= 708  D=  -1 
 X=1015 X2=1014  Y= 956 Y2=1022 P1=1023 P2=   0 T1=1023 T2= 850  P= 708  D=  -1 
 X= 910 X2=1021  Y= 961 Y2=1022 P1=1023 P2=   0 T1=1023 T2= 849  P= 708  D=  -1 
 X= 885 X2= 987  Y= 953 Y2=1021 P1=1023 P2=   0 T1=1023 T2= 849  P= 708  D=  -1 
 X= 764 X2=1023  Y= 970 Y2=1022 P1=1023 P2=   0 T1=1022 T2= 881  P= 708  D=  -1 
 X= 874 X2=1023  Y= 973 Y2=1022 P1=1023 P2=   0 T1=1023 T2= 868  P= 708  D=  -1 
 X= 933 X2=1000  Y= 962 Y2=1023 P1=1023 P2=   0 T1=1023 T2= 863  P= 708  D=  -1 
 X= 875 X2=1017  Y= 945 Y2=1022 P1=1023 P2=   0 T1=1022 T2= 870  P= 708  D=  -1 
 X= 890 X2= 991  Y= 969 Y2=1022 P1=1023 P2=   0 T1=1023 T2= 907  P= 708  D=  -1 
 X=1014 X2=1015  Y= 953 Y2=1023 P1=1023 P2=   0 T1=1023 T2= 875  P= 708  D=  -1 
 X=1006 X2= 987  Y= 954 Y2=1022 P1=1023 P2=   0 T1=1022 T2= 861  P= 708  D=  -1 
 X= 877 X2=1023  Y= 965 Y2=1023 P1=1023 P2=   0 T1=1022 T2= 879  P= 708  D=  -1 
 X= 917 X2=1018  Y=1022 Y2=1023 P1=1023 P2=   0 T1=1022 T2=1022  P= 708  D=  -1 
 X= 900 X2=1007  Y= 961 Y2=1021 P1=1023 P2=   0 T1=1021 T2= 898  P= 708  D=  -1 
 X= 856 X2=1023  Y= 964 Y2=1021 P1=1023 P2=   0 T1=1022 T2= 888  P= 708  D=  -1 
 X= 912 X2=1015  Y= 966 Y2=1022 P1=1023 P2=   0 T1=1023 T2= 909  P= 708  D=  -1 
 X= 917 X2=1018  Y= 961 Y2=1022 P1=1023 P2=   0 T1=1022 T2= 900  P= 708  D=  -1 
 X= 908 X2=1021  Y= 937 Y2=1022 P1=1023 P2=   0 T1=1023 T2= 879  P= 708  D=  -1 
 X=1008 X2=1011  Y= 964 Y2=1022 P1=1023 P2=   0 T1=1023 T2= 885  P= 708  D=  -1 
 X= 961 X2=1014  Y= 948 Y2=1022 P1=1023 P2=   0 T1=1023 T2= 888  P= 708  D=  -1 
 X= 813 X2=1023  Y= 953 Y2=1021 P1=1023 P2=   0 T1=1023 T2= 875  P= 708  D=  -1 
 X= 849 X2=1023  Y= 963 Y2=1021 P1=1023 P2=   0 T1=1023 T2= 874  P= 708  D=  -1 
 X= 886 X2=1017  Y= 965 Y2=1022 P1=1023 P2=   0 T1=1023 T2= 915  P= 708  D=  -1 
 X= 774 X2=1023  Y= 961 Y2=1022 P1=1023 P2=   0 T1=1023 T2= 883  P= 708  D=  -1 
 X= 906 X2=1023  Y= 983 Y2=1022 P1=1023 P2=   0 T1=1022 T2= 879  P= 708  D=  -1 
 X= 868 X2=1018  Y= 962 Y2=1021 P1=1023 P2=   0 T1=1023 T2= 883  P= 708  D=  -1 
 X= 853 X2=1016  Y= 965 Y2=1023 P1=1023 P2=   0 T1=1022 T2= 895  P= 708  D=  -1 
 X= 923 X2= 994  Y= 960 Y2=1022 P1=1023 P2=   0 T1=1022 T2= 896  P= 708  D=  -1 
 X=1023 X2=1002  Y= 967 Y2=1022 P1=1023 P2=   0 T1=1023 T2= 831  P= 708  D=  -1 
 X= 874 X2=1023  Y= 972 Y2=1022 P1=1023 P2=   0 T1=1023 T2= 897  P= 708  D=  -1 
 X= 880 X2=1023  Y= 959 Y2=1021 P1=1023 P2=   0 T1=1023 T2= 870  P= 708  D=  -1 
 X=1023 X2=1012  Y= 939 Y2=1022 P1=1023 P2=   0 T1=1023 T2= 880  P= 708  D=  -1 
 X= 844 X2=1023  Y= 957 Y2=1022 P1=1023 P2=   0 T1=1023 T2= 885  P= 708  D=  -1 
 X= 892 X2=1023  Y= 959 Y2=1021 P1=1023 P2=   0 T1=1022 T2= 909  P= 708  D=  -1 
 X= 977 X2=1000  Y= 940 Y2=1022 P1=1023 P2=   0 T1=1023 T2= 875  P= 708  D=  -1 
 X= 958 X2=1009  Y= 953 Y2=1022 P1=1023 P2=   0 T1=1023 T2= 876  P= 708  D=  -1 
 X= 873 X2=1023  Y= 957 Y2=1022 P1=1023 P2=   0 T1=1023 T2= 816  P= 708  D=  -1 
 X= 890 X2=1004  Y= 949 Y2=1022 P1=1023 P2=   0 T1=1023 T2= 897  P= 708  D=  -1 
 X= 314 X2= 317  Y= 745 Y2= 742 P1= 938 P2= 113 T1= 103 T2=  42  P= 708  D=  -1 
 X= 254 X2= 256  Y= 714 Y2= 710 P1= 924 P2= 132 T1=  44 T2=  39  P= 708  D=  -1 
 X= 248 X2= 250  Y= 711 Y2= 707 P1= 912 P2= 148 T1=  37 T2=  37  P= 708  D=  -1 
 X= 241 X2= 243  Y= 707 Y2= 703 P1= 892 P2= 176 T1=  30 T2=  28  P= 984  D=  -1 * 0
 X= 237 X2= 240  Y= 706 Y2= 701 P1= 877 P2= 196 T1=  27 T2=  26  P= 826  D=  -1 * 0
 X= 235 X2= 237  Y= 704 Y2= 700 P1= 865 P2= 210 T1=  25 T2=  24  P= 736  D=  -1 * 0
 X= 235 X2= 237  Y= 704 Y2= 700 P1= 865 P2= 211 T1=  25 T2=  25  P= 731  D=  -1 * 0
 X= 236 X2= 236  Y= 704 Y2= 700 P1= 863 P2= 214 T1=  24 T2=  23  P= 715  D=  -1 * 1
 X= 234 X2= 237  Y= 703 Y2= 700 P1= 860 P2= 217 T1=  24 T2=  24  P= 696  D=  -1 * 2
 X= 234 X2= 236  Y= 703 Y2= 699 P1= 857 P2= 221 T1=  24 T2=  24  P= 676  D=  -1 * 3
 X= 233 X2= 237  Y= 703 Y2= 699 P1= 853 P2= 227 T1=  22 T2=  23  P= 647  D=  -1 * 4
 X= 233 X2= 235  Y= 703 Y2= 698 P1= 850 P2= 231 T1=  22 T2=  21  P= 626  D=  -1 * 5
 X= 232 X2= 235  Y= 702 Y2= 698 P1= 848 P2= 233 T1=  22 T2=  22  P= 614  D=  -1 * 6
 X= 231 X2= 234  Y= 703 Y2= 698 P1= 846 P2= 236 T1=  22 T2=  21  P= 599  D=  -1 * 7
 X= 232 X2= 234  Y= 702 Y2= 698 P1= 845 P2= 238 T1=  21 T2=  22  P= 594  D=  -1 * 8
 X= 232 X2= 234  Y= 702 Y2= 698 P1= 843 P2= 240 T1=  22 T2=  21  P= 585  D=  -1 * 9
 X= 232 X2= 234  Y= 702 Y2= 698 P1= 843 P2= 240 T1=  21 T2=  20  P= 585  D=  -1 * 10
 X= 232 X2= 234  Y= 702 Y2= 697 P1= 844 P2= 240 T1=  22 T2=  21  P= 586  D=  -1 * 11
 X= 232 X2= 235  Y= 703 Y2= 698 P1= 845 P2= 238 T1=  22 T2=  22  P= 594  D=  -1 * 12
 X= 232 X2= 235  Y= 703 Y2= 698 P1= 849 P2= 233 T1=  22 T2=  22  P= 615  D=  -1 * 13
 X= 234 X2= 236  Y= 704 Y2= 699 P1= 857 P2= 223 T1=  23 T2=  23  P= 668  D=  -1 * 14
 X= 234 X2= 238  Y= 704 Y2= 700 P1= 864 P2= 211 T1=  25 T2=  24  P= 730  D=  -1 * 15
 X= 916 X2=1023  Y= 960 Y2=1021 P1=1023 P2=   0 T1=1022 T2= 894  P= 730  D=  -1 
 X= 755 X2=1023  Y= 962 Y2=1022 P1=1023 P2=   0 T1=1023 T2= 875  P= 730  D=  -1 
 X= 920 X2=1010  Y= 961 Y2=1022 P1=1023 P2=   0 T1=1023 T2= 898  P= 730  D=  -1 
 X= 890 X2=1017  Y= 965 Y2=1022 P1=1023 P2=   0 T1=1023 T2= 825  P= 730  D=  -1 
 X= 850 X2=1023  Y= 972 Y2=1021 P1=1023 P2=   0 T1=1022 T2= 898  P= 730  D=  -1 
 X= 880 X2=1022  Y= 965 Y2=1022 P1=1023 P2=   0 T1=1023 T2= 881  P= 730  D=  -1 
 X= 864 X2=1017  Y= 960 Y2=1023 P1=1023 P2=   0 T1=1022 T2= 917  P= 730  D=  -1 
 X= 818 X2=1023  Y= 965 Y2=1022 P1=1023 P2=   0 T1=1023 T2= 867  P= 730  D=  -1 
 X= 888 X2=1023  Y= 968 Y2=1021 P1=1023 P2=   0 T1=1023 T2= 889  P= 730  D=  -1 
 X= 960 X2= 997  Y= 958 Y2=1023 P1=1023 P2=   0 T1=1023 T2= 884  P= 730  D=  -1 
 X= 936 X2=1014  Y= 957 Y2=1022 P1=1023 P2=   0 T1=1023 T2= 886  P= 730  D=  -1 
 X= 868 X2=1023  Y= 960 Y2=1021 P1=1023 P2=   0 T1=1023 T2= 863  P= 730  D=  -1 
 X= 989 X2=1004  Y= 968 Y2=1022 P1=1023 P2=   0 T1=1023 T2= 858  P= 730  D=  -1 
 X= 783 X2=1023  Y= 957 Y2=1022 P1=1023 P2=   0 T1=1023 T2= 888  P= 730  D=  -1 
 X= 890 X2=1015  Y= 964 Y2=1022 P1=1023 P2=   0 T1=1023 T2= 919  P= 730  D=  -1 
 X=1023 X2=1010  Y= 959 Y2=1022 P1=1023 P2=   0 T1=1023 T2= 900  P= 730  D=  -1 
 X= 793 X2=1023  Y= 954 Y2=1022 P1=1023 P2=   0 T1=1022 T2= 870  P= 730  D=  -1 
 X= 726 X2=1023  Y= 963 Y2=1022 P1=1023 P2=   0 T1=1023 T2= 869  P= 730  D=  -1 
 X= 969 X2= 990  Y= 953 Y2=1021 P1=1023 P2=   0 T1=1023 T2= 868  P= 730  D=  -1 
 X= 928 X2=1009  Y= 960 Y2=1022 P1=1023 P2=   0 T1=1022 T2= 867  P= 730  D=  -1 
 X= 902 X2=1023  Y= 926 Y2=1023 P1=1023 P2=   0 T1=1022 T2= 887  P= 730  D=  -1 
 X= 900 X2=1018  Y= 966 Y2=1022 P1=1023 P2=   0 T1=1023 T2= 899  P= 730  D=  -1 
 X= 894 X2=1017  Y= 968 Y2=1022 P1=1023 P2=   0 T1=1022 T2= 889  P= 730  D=  -1 
 X= 829 X2=1023  Y= 957 Y2=1020 P1=1023 P2=   0 T1=1023 T2= 889  P= 730  D=  -1 
 X= 830 X2=1023  Y= 979 Y2=1022 P1=1023 P2=   0 T1=1023 T2= 900  P= 730  D=  -1 
 X= 934 X2=1015  Y= 971 Y2=1022 P1=1023 P2=   0 T1=1023 T2= 888  P= 730  D=  -1 
 X= 871 X2=1023  Y= 957 Y2=1022 P1=1023 P2=   0 T1=1023 T2= 891  P= 730  D=  -1 
 X=1019 X2=1015  Y= 959 Y2=1023 P1=1022 P2=   0 T1=1023 T2= 867  P= 730  D=  -1 
 X= 968 X2=1006  Y= 936 Y2=1023 P1=1023 P2=   0 T1=1022 T2= 877  P= 730  D=  -1 
 X= 936 X2=1023  Y= 942 Y2=1022 P1=1023 P2=   0 T1=1022 T2= 873  P= 730  D=  -1 
 X= 871 X2=1023  Y= 958 Y2=1021 P1=1023 P2=   0 T1=1023 T2= 887  P= 730  D=  -1 
 X= 916 X2= 993  Y= 965 Y2=1022 P1=1023 P2=   0 T1=1023 T2= 863  P= 730  D=  -1 
 X= 710 X2=1023  Y= 973 Y2=1022 P1=1023 P2=   0 T1=1023 T2= 891  P= 730  D=  -1 
 X= 860 X2=1023  Y= 925 Y2=1020 P1=1023 P2=   0 T1=1022 T2= 882  P= 730  D=  -1 
 X= 872 X2=1015  Y= 955 Y2=1021 P1=1023 P2=   0 T1=1022 T2= 877  P= 730  D=  -1 
 X= 892 X2=1018  Y= 954 Y2=1023 P1=1023 P2=   0 T1=1022 T2= 897  P= 730  D=  -1 
 X= 884 X2=1023  Y= 965 Y2=1018 P1= 995 P2=  41 T1= 890 T2=  89  P= 730  D=  -1 
 X= 984 X2=1000  Y= 958 Y2=1022 P1=1023 P2=   0 T1=1023 T2= 902  P= 730  D=  -1 
 X= 975 X2= 995  Y= 960 Y2=1022 P1=1023 P2=   0 T1=1023 T2= 889  P= 730  D=  -1 
 X= 903 X2=1018  Y= 962 Y2=1023 P1=1023 P2=   0 T1=1022 T2= 870  P= 730  D=  -1 
 X=1023 X2=1010  Y= 959 Y2=1022 P1=1023 P2=   0 T1=1023 T2= 877  P= 730  D=  -1 
 X= 889 X2=1023  Y= 963 Y2=1022 P1=1023 P2=   0 T1=1022 T2= 894  P= 730  D=  -1 
 X= 869 X2=1023  Y= 956 Y2=1022 P1=1023 P2=   0 T1=1023 T2= 876  P= 730  D=  -1 
 X= 945 X2=1023  Y= 960 Y2=1022 P1=1023 P2=   0 T1=1022 T2= 881  P= 730  D=  -1 
 X= 865 X2=1015  Y= 972 Y2=1023 P1=1023 P2=   0 T1=1023 T2= 822  P= 730  D=  -1 
 X= 899 X2=1018  Y= 964 Y2=1022 P1=1023 P2=   0 T1=1022 T2= 855  P= 730  D=  -1 
 X= 921 X2= 993  Y= 969 Y2=1022 P1=1023 P2=   0 T1=1023 T2= 813  P= 730  D=  -1 
 X= 960 X2= 994  Y= 930 Y2=1022 P1=1023 P2=   0 T1=1023 T2= 847  P= 730  D=  -1 
 X= 830 X2=1023  Y= 953 Y2=1021 P1=1023 P2=   0 T1=1022 T2= 886  P= 730  D=  -1 
 X= 868 X2=1023  Y= 933 Y2=1020 P1=1023 P2=   0 T1=1023 T2= 885  P= 730  D=  -1 
 X=1003 X2=1013  Y= 967 Y2=1021 P1=1023 P2=   0 T1=1023 T2= 863  P= 730  D=  -1 
 X= 774 X2=1023  Y= 948 Y2=1021 P1=1023 P2=   0 T1=1023 T2= 886  P= 730  D=  -1 
 X= 867 X2=1023  Y= 950 Y2=1022 P1=1023 P2=   0 T1=1023 T2= 888  P= 730  D=  -1 
 X= 881 X2=1023  Y=1020 Y2=1022 P1=1023 P2=   0 T1=1022 T2=1022  P= 730  D=  -1 
 X= 965 X2=1004  Y= 955 Y2=1022 P1=1023 P2=   0 T1=1023 T2= 894  P= 730  D=  -1 
 X=1007 X2=1007  Y= 959 Y2=1022 P1=1022 P2=   0 T1=1023 T2= 877  P= 730  D=  -1 
 X= 948 X2=1002  Y= 942 Y2=1022 P1=1023 P2=   0 T1=1022 T2= 877  P= 730  D=  -1 
 X= 890 X2=1023  Y= 943 Y2=1022 P1=1023 P2=   0 T1=1022 T2= 868  P= 730  D=  -1 
 X= 865 X2=1023  Y= 961 Y2=1021 P1=1023 P2=   0 T1=1023 T2= 831  P= 730  D=  -1 
 X= 861 X2=1023  Y= 954 Y2=1021 P1=1023 P2=   0 T1=1023 T2= 865  P= 730  D=  -1 
 X= 865 X2=1017  Y= 967 Y2=1022 P1=1023 P2=   0 T1=1022 T2= 840  P= 730  D=  -1 
 X= 723 X2=1023  Y= 950 Y2=1021 P1=1023 P2=   0 T1=1023 T2= 854  P= 730  D=  -1 
 X= 993 X2=1012  Y= 962 Y2=1022 P1=1023 P2=   0 T1=1023 T2= 886  P= 730  D=  -1 
 X= 946 X2=1011  Y= 942 Y2=1021 P1=1023 P2=   0 T1=1022 T2= 866  P= 730  D=  -1 
 X= 838 X2= 999  Y= 944 Y2=1022 P1=1023 P2=   0 T1=1023 T2= 862  P= 730  D=  -1 
 X=1023 X2=1008  Y= 949 Y2=1022 P1=1023 P2=   0 T1=1023 T2= 853  P= 730  D=  -1 
 X= 994 X2= 986  Y= 960 Y2=1022 P1=1023 P2=   0 T1=1022 T2= 872  P= 730  D=  -1 
 X= 831 X2=1023  Y= 960 Y2=1021 P1=1023 P2=   0 T1=1022 T2= 857  P= 730  D=  -1 
 X= 816 X2=1023  Y= 943 Y2=1021 P1=1023 P2=   0 T1=1023 T2= 854  P= 730  D=  -1 
 X= 906 X2=1018  Y= 925 Y2=1022 P1=1023 P2=   0 T1=1022 T2= 865  P= 730  D=  -1 
 X= 864 X2=1023  Y= 942 Y2=1022 P1=1023 P2=   0 T1=1023 T2= 867  P= 730  D=  -1 
 X= 872 X2=1023  Y= 941 Y2=1022 P1=1022 P2=   0 T1=1021 T2= 834  P= 730  D=  -1 
 X= 924 X2=1015  Y= 959 Y2=1023 P1=1023 P2=   0 T1=1023 T2= 875  P= 730  D=  -1 
 X= 756 X2=1023  Y= 956 Y2=1021 P1=1023 P2=   0 T1=1022 T2= 885  P= 730  D=  -1 
 X= 876 X2=1023  Y= 946 Y2=1022 P1=1023 P2=   0 T1=1022 T2= 838  P= 730  D=  -1 
 X=1022 X2=1010  Y= 949 Y2=1020 P1=1023 P2=   0 T1=1023 T2= 860  P= 730  D=  -1 
 X= 754 X2=1023  Y= 947 Y2=1022 P1=1023 P2=   0 T1=1022 T2= 858  P= 730  D=  -1 
 X= 828 X2=1023  Y= 945 Y2=1021 P1=1023 P2=   0 T1=1023 T2= 874  P= 730  D=  -1 
 X= 913 X2=1021  Y= 947 Y2=1022 P1=1023 P2=   0 T1=1023 T2= 829  P= 730  D=  -1 
 X= 916 X2=1023  Y= 944 Y2=1021 P1=1023 P2=   0 T1=1023 T2= 859  P= 730  D=  -1 
 X= 916 X2=1008  Y= 906 Y2=1021 P1=1023 P2=   0 T1=1023 T2= 871  P= 730  D=  -1 
 X= 854 X2=1016  Y= 934 Y2=1021 P1=1023 P2=   0 T1=1022 T2= 876  P= 730  D=  -1 
 X= 869 X2=1012  Y= 931 Y2=1021 P1=1023 P2=   0 T1=1022 T2= 856  P= 730  D=  -1 
 X= 911 X2=1022  Y= 937 Y2= 695 P1= 836 P2= 251 T1=1022 T2=  21  P= 730  D=  -1 
 X= 922 X2=1023  Y= 963 Y2=1021 P1=1023 P2=   0 T1=1022 T2= 866  P= 730  D=  -1 
 X= 827 X2=1023  Y= 969 Y2=1021 P1=1023 P2=   0 T1=1023 T2= 845  P= 730  D=  -1 
 X= 849 X2=1023  Y= 955 Y2=1021 P1=1023 P2=   0 T1=1022 T2= 874  P= 730  D=  -1 
 X= 823 X2=1023  Y= 960 Y2=1022 P1=1023 P2=   0 T1=1023 T2= 847  P= 730  D=  -1 
 X= 942 X2=1008  Y= 953 Y2=1023 P1=1023 P2=   0 T1=1023 T2= 887  P= 730  D=  -1 
 X= 781 X2=1023  Y= 950 Y2=1022 P1=1023 P2=   0 T1=1023 T2= 838  P= 730  D=  -1 
 X=1013 X2=1006  Y= 953 Y2=1021 P1=1023 P2=   0 T1=1022 T2= 849  P= 730  D=  -1 
 X= 985 X2=1001  Y= 950 Y2=1022 P1=1023 P2=   0 T1=1022 T2= 896  P= 730  D=  -1 
 X= 970 X2=1012  Y= 957 Y2=1023 P1=1023 P2=   0 T1=1022 T2= 861  P= 730  D=  -1 
 X= 869 X2=1023  Y= 967 Y2=1021 P1=1023 P2=   0 T1=1023 T2= 875  P= 730  D=  -1 
 X= 863 X2=1023  Y= 963 Y2=1022 P1=1023 P2=   0 T1=1023 T2= 878  P= 730  D=  -1 
 X= 747 X2=1023  Y= 957 Y2=1021 P1=1023 P2=   0 T1=1023 T2= 881  P= 730  D=  -1 
 X= 788 X2=1023  Y= 961 Y2=1022 P1=1023 P2=   0 T1=1023 T2= 872  P= 730  D=  -1 
 X= 954 X2=1012  Y= 962 Y2=1022 P1=1023 P2=   0 T1=1023 T2= 852  P= 730  D=  -1 
 X= 894 X2=1017  Y= 965 Y2=1023 P1=1023 P2=   0 T1=1023 T2= 810  P= 730  D=  -1 
 X= 992 X2= 992  Y= 947 Y2=1022 P1=1023 P2=   0 T1=1023 T2= 875  P= 730  D=  -1 
 X=1022 X2=1011  Y= 964 Y2=1022 P1=1023 P2=   0 T1=1023 T2= 875  P= 730  D=  -1 
 X=1002 X2= 993  Y= 957 Y2=1022 P1=1023 P2=   0 T1=1022 T2= 873  P= 730  D=  -1 
 X= 854 X2=1023  Y= 956 Y2=1020 P1=1023 P2=   0 T1=1022 T2= 871  P= 730  D=  -1 
 X= 866 X2=1023  Y= 976 Y2=1022 P1=1023 P2=   0 T1=1023 T2= 890  P= 730  D=  -1 
 X= 782 X2=1023  Y= 954 Y2=1021 P1=1023 P2=   0 T1=1022 T2= 870  P= 730  D=  -1 
 X= 830 X2=1023  Y= 957 Y2=1021 P1=1023 P2=   0 T1=1022 T2= 880  P= 730  D=  -1 
 X= 242 X2= 244  Y= 710 Y2= 708 P1= 907 P2= 156 T1=  30 T2=  34  P= 730  D=  -1 * 16
 X= 236 X2= 240  Y= 705 Y2= 701 P1= 871 P2= 202 T1=  26 T2=  26  P= 788  D=  -1 * 17
 X= 233 X2= 235  Y= 703 Y2= 699 P1= 859 P2= 217 T1=  23 T2=  23  P= 692  D=  -1 * 18
 X= 233 X2= 235  Y= 704 Y2= 699 P1= 855 P2= 222 T1=  23 T2=  24  P= 667  D=  -1 * 19
 X= 232 X2= 234  Y= 702 Y2= 699 P1= 850 P2= 230 T1=  22 T2=  22  P= 627  D=  -1 * 20
 X= 232 X2= 235  Y= 703 Y2= 698 P1= 848 P2= 232 T1=  22 T2=  23  P= 618  D=  -1 * 21
 X= 231 X2= 233  Y= 703 Y2= 698 P1= 845 P2= 236 T1=  22 T2=  22  P= 598  D=  -1 * 22
 X= 231 X2= 233  Y= 702 Y2= 697 P1= 844 P2= 239 T1=  22 T2=  21  P= 587  D=  -1 * 23
 X= 231 X2= 232  Y= 702 Y2= 698 P1= 841 P2= 241 T1=  21 T2=  21  P= 574  D=  -1 * 24
Remove Pin
 X= 231 X2= 232  Y= 702 Y2= 698 P1= 841 P2= 242 T1=  21 T2=  21  P= 571  D=  -1 * 24
 X= 230 X2= 233  Y= 701 Y2= 697 P1= 839 P2= 243 T1=  21 T2=  21  P= 566  D=  -1 * 24
 X= 230 X2= 232  Y= 702 Y2= 698 P1= 839 P2= 244 T1=  21 T2=  21  P= 563  D=  -1 * 24
 X= 231 X2= 233  Y= 702 Y2= 697 P1= 839 P2= 244 T1=  21 T2=  21  P= 565  D=  -1 * 24
 X= 231 X2= 232  Y= 702 Y2= 698 P1= 839 P2= 243 T1=  21 T2=  21  P= 566  D=  -1 * 24
 X= 229 X2= 233  Y= 702 Y2= 698 P1= 841 P2= 242 T1=  21 T2=  21  P= 571  D=  -1 * 24
 X= 231 X2= 232  Y= 702 Y2= 698 P1= 841 P2= 240 T1=  21 T2=  21  P= 578  D=  -1 * 24
 X= 231 X2= 233  Y= 703 Y2= 698 P1= 845 P2= 236 T1=  21 T2=  21  P= 598  D=  -1 * 24
 X= 232 X2= 236  Y= 703 Y2= 699 P1= 857 P2= 221 T1=  23 T2=  24  P= 673  D=  -1 * 24
 X= 857 X2=1023  Y= 951 Y2=1021 P1=1023 P2=   0 T1=1022 T2= 880  P= 673  D=  -1 
 X=1021 X2=1013  Y= 951 Y2=1021 P1=1023 P2=   0 T1=1022 T2= 870  P= 673  D=  -1 
 X= 972 X2=1009  Y= 954 Y2=1023 P1=1023 P2=   0 T1=1023 T2= 863  P= 673  D=  -1 
Target Noise  x= 2.50 y= 2.50
X[0]: Target= 23   245/ 245/ 246 Stdev= 0.49 N= 24  Y[0]: Target= 22   350/ 351/ 351 Stdev= 0.47 N= 24
X[1]: Target=456   808/ 809/ 811 Stdev= 0.75 N= 24  Y[1]: Target= 22   345/ 347/ 350 Stdev= 1.15 N= 24
X[2]: Target=456   809/ 810/ 813 Stdev= 1.12 N= 24  Y[2]: Target=249   700/ 703/ 706 Stdev= 1.50 N= 24
X[3]: Target= 23   232/ 234/ 243 Stdev= 2.29 N= 24  Y[3]: Target=249   699/ 701/ 709 Stdev= 1.90 N= 24
N=24 Avg=29
min: 29 29 30 30 30 30 
max: 30 30 30 30 30 30 
N=24 Avg=18
min: 17 17 17 17 17 17 
max: 22 21 19 19 18 18 
N=24 Avg=20
min: 18 19 19 19 19 19 
max: 27 25 24 24 23 22 
N=24 Avg=22
min: 20 21 21 21 21 21 
max: 32 26 25 24 24 24 
Using TNT center offset = 24
TNT Plane Coef: a= -798 b= -188 c= 485380
At  245, 350: Real=  30 Fit=  27 Offset=   3
At  809, 346: Real=  18 Fit=  22 Offset=  -2
At  810, 702: Real=  22 Fit=  21 Offset=  -3
At  234, 700: Real=  24 Fit=  27 Offset=   3
Fit Corners: 30, 19, 18, 29  Center: 24
Setting for min_tnt_up:   524
Setting for max_tnt_down: 29 (V2:43)
Entering calib_pressure_mfg
Using default pressure curve
468 471 487 495 509 524 553 575 612 
Summary:
Setting for max_tnt_down:      29
3.7 setting for max_tnt_down:     -1
Setting for min_tnt_up:       524
Setting for max_delta_tnt:      5
3.8 setting for max_delta_tnt:     -1
Setting for delay_in_us:        1
Setting for y_delay_in_us:      1
Setting for tnt_delay_in_us:    1
Setting for pressure_curve:  468 471 487 495 509 524 553 575 612
Setting for tnt_mode:           1
Setting for averaging:         -1
Setting for pointercal:      50325 1581 -11375924 301 42514 -13512068 65536
Setting for tnt_plane:       -798 -188 485380
