new-calib: New touch screen calibration program v3.12
Serial Number='15091E00010B060201E0'
Using tnt_mode=1
Setting for delay_in_us:        1
Setting for y_delay_in_us:      1
Setting for tnt_delay_in_us:    1
Setting for max_delta_tnt:      5
Setting for tnt_mode:           1
Setting for averaging:         -1
Entering get_four_points
target_noise  x= 2.50 y= 2.50 t= 2.50
target state=0 point=23,22
 X= 813 X2=1023  Y=1006 Y2=1018 P1=1023 P2=  -1 T1=1018 T2= 986  P= 638  D=   1 
 X= 946 X2= 966  Y= 971 Y2=1021 P1=1023 P2=  -1 T1=1019 T2= 873  P= 638  D=   1 
 X=1023 X2=1012  Y= 979 Y2=1023 P1=1023 P2=  -1 T1=1015 T2= 915  P= 638  D=   1 
 X= 961 X2=1023  Y= 982 Y2=1023 P1=1023 P2=  -1 T1=1023 T2= 903  P= 638  D=   1 
 X= 787 X2=1023  Y= 984 Y2=1020 P1=1023 P2=  -1 T1=1018 T2= 935  P= 638  D=   1 
 X= 978 X2= 992  Y= 976 Y2=1019 P1=1021 P2=  -1 T1=1023 T2= 905  P= 638  D=   1 
 X= 897 X2=1023  Y= 999 Y2=1023 P1=1023 P2=  -1 T1=1023 T2= 976  P= 638  D=   1 
 X= 957 X2=1023  Y= 980 Y2=1019 P1=1023 P2=  -1 T1=1017 T2= 932  P= 638  D=   1 
 X= 853 X2=1023  Y= 984 Y2=1021 P1=1023 P2=  -1 T1=1023 T2= 917  P= 638  D=   1 
 X= 997 X2=1011  Y= 984 Y2=1023 P1=1023 P2=  -1 T1=1018 T2= 909  P= 638  D=   1 
 X= 978 X2=1023  Y= 994 Y2=1023 P1=1023 P2=  -1 T1=1019 T2= 933  P= 638  D=   1 
 X=1021 X2=1012  Y= 981 Y2=1016 P1=1023 P2=  -1 T1=1018 T2= 938  P= 638  D=   1 
 X= 943 X2=1023  Y= 982 Y2=1019 P1=1022 P2=  -1 T1=1019 T2= 921  P= 638  D=   1 
 X= 842 X2=1023  Y= 971 Y2=1022 P1=1023 P2=  -1 T1=1023 T2= 897  P= 638  D=   1 
 X= 872 X2=1022  Y= 985 Y2=1018 P1=1023 P2=  -1 T1=1023 T2= 915  P= 638  D=   1 
 X= 960 X2=1021  Y= 976 Y2=1017 P1=1023 P2=  -1 T1=1022 T2= 912  P= 638  D=   1 
 X= 948 X2=1000  Y= 975 Y2=1023 P1=1023 P2=  -1 T1=1019 T2= 883  P= 638  D=   1 
 X= 880 X2=1023  Y= 975 Y2=1023 P1=1023 P2=  -1 T1=1017 T2= 897  P= 638  D=   1 
 X= 878 X2=1023  Y= 976 Y2=1021 P1=1022 P2=  -1 T1=1023 T2= 915  P= 638  D=   1 
 X= 989 X2=1011  Y= 986 Y2=1023 P1=1023 P2=  -1 T1=1020 T2= 895  P= 638  D=   1 
 X= 885 X2=1019  Y= 970 Y2=1018 P1=1023 P2=  -1 T1=1020 T2= 907  P= 638  D=   1 
 X= 939 X2=1019  Y= 969 Y2=1023 P1=1023 P2=  -1 T1=1018 T2= 902  P= 638  D=   1 
 X=1023 X2=1013  Y= 968 Y2=1023 P1=1023 P2=  -1 T1=1023 T2= 900  P= 638  D=   1 
 X= 946 X2=1023  Y= 973 Y2=1018 P1=1023 P2=  -1 T1=1023 T2= 932  P= 638  D=   1 
 X=1022 X2=1012  Y= 965 Y2=1023 P1=1023 P2=  -1 T1=1023 T2= 896  P= 638  D=   1 
 X= 963 X2=1023  Y= 981 Y2=1023 P1=1023 P2=  -1 T1=1023 T2= 916  P= 638  D=   1 
 X= 848 X2=1023  Y= 969 Y2=1019 P1=1023 P2=  -1 T1=1019 T2= 916  P= 638  D=   1 
 X= 880 X2=1021  Y= 988 Y2=1023 P1=1023 P2=  -1 T1=1023 T2= 917  P= 638  D=   1 
 X= 924 X2=1023  Y= 988 Y2=1023 P1=1023 P2=  -1 T1=1022 T2= 897  P= 638  D=   1 
 X= 982 X2=1011  Y= 975 Y2=1019 P1=1023 P2=  -1 T1=1021 T2= 903  P= 638  D=   1 
 X= 932 X2=1017  Y= 970 Y2=1023 P1=1023 P2=  -1 T1=1023 T2= 913  P= 638  D=   1 
 X=1006 X2= 989  Y= 977 Y2=1023 P1=1023 P2=  -1 T1=1021 T2= 917  P= 638  D=   1 
 X=1023 X2=1010  Y= 980 Y2=1016 P1=1023 P2=  -1 T1=1023 T2= 880  P= 638  D=   1 
 X= 922 X2=1023  Y= 986 Y2=1023 P1=1023 P2=  -1 T1=1023 T2= 914  P= 638  D=   1 
 X= 947 X2=1023  Y= 993 Y2=1017 P1=1023 P2=  -1 T1=1019 T2= 899  P= 638  D=   1 
 X= 967 X2= 995  Y= 975 Y2=1023 P1=1023 P2=  -1 T1=1019 T2= 913  P= 638  D=   1 
 X= 847 X2=1022  Y= 981 Y2=1017 P1=1023 P2=  -1 T1=1018 T2= 905  P= 638  D=   1 
 X= 851 X2=1022  Y= 974 Y2=1023 P1=1023 P2=  -1 T1=1023 T2= 907  P= 638  D=   1 
 X= 876 X2=1014  Y= 969 Y2=1021 P1=1023 P2=  -1 T1=1023 T2= 906  P= 638  D=   1 
 X= 981 X2=1009  Y= 970 Y2=1023 P1=1023 P2=  -1 T1=1022 T2= 915  P= 638  D=   1 
 X= 854 X2=1017  Y= 980 Y2=1023 P1=1023 P2=  -1 T1=1019 T2= 919  P= 638  D=   1 
 X=1023 X2=1012  Y= 981 Y2=1019 P1=1023 P2=  -1 T1=1017 T2= 919  P= 638  D=   1 
 X=1007 X2= 974  Y= 976 Y2=1022 P1=1023 P2=  -1 T1=1023 T2= 913  P= 638  D=   1 
 X= 903 X2=1023  Y= 971 Y2=1017 P1=1023 P2=  -1 T1=1019 T2= 904  P= 638  D=   1 
 X= 932 X2=1023  Y= 992 Y2=1015 P1=1023 P2=  -1 T1=1019 T2= 895  P= 638  D=   1 
 X= 799 X2=1023  Y= 986 Y2=1023 P1=1023 P2=  -1 T1=1018 T2= 916  P= 638  D=   1 
 X= 966 X2= 991  Y= 981 Y2=1014 P1=1023 P2=  -1 T1=1023 T2= 909  P= 638  D=   1 
 X= 990 X2=1004  Y= 976 Y2=1021 P1=1023 P2=  -1 T1=1022 T2= 930  P= 638  D=   1 
 X= 770 X2=1023  Y= 993 Y2=1023 P1=1023 P2=  -1 T1=1019 T2= 895  P= 638  D=   1 
 X= 947 X2=1021  Y= 978 Y2=1018 P1=1023 P2=  -1 T1=1021 T2= 886  P= 638  D=   1 
 X=1023 X2=1002  Y= 982 Y2=1021 P1=1023 P2=  -1 T1=1019 T2= 883  P= 638  D=   1 
 X= 960 X2=1016  Y=1023 Y2=1023 P1=1023 P2=  -1 T1=1019 T2=1023  P= 638  D=   1 
 X= 986 X2=1012  Y= 969 Y2=1017 P1=1023 P2=  -1 T1=1018 T2= 921  P= 638  D=   1 
 X= 957 X2=1019  Y= 976 Y2=1018 P1=1023 P2=  -1 T1=1022 T2= 921  P= 638  D=   1 
 X= 814 X2=1023  Y= 971 Y2=1019 P1=1023 P2=  -1 T1=1020 T2= 927  P= 638  D=   1 
 X= 942 X2=1023  Y= 978 Y2=1018 P1=1023 P2=  -1 T1=1019 T2= 917  P= 638  D=   1 
 X= 952 X2=1004  Y= 988 Y2=1023 P1=1023 P2=  -1 T1=1023 T2= 902  P= 638  D=   1 
 X=1018 X2= 983  Y= 968 Y2=1023 P1=1023 P2=  -1 T1=1023 T2= 896  P= 638  D=   1 
 X= 983 X2=1012  Y= 965 Y2=1023 P1=1023 P2=  -1 T1=1019 T2= 898  P= 638  D=   1 
 X= 950 X2= 988  Y= 974 Y2=1019 P1=1023 P2=  -1 T1=1019 T2= 917  P= 638  D=   1 
 X=1023 X2=1003  Y= 977 Y2=1018 P1=1023 P2=  -1 T1=1022 T2= 913  P= 638  D=   1 
 X= 818 X2=1023  Y= 978 Y2=1023 P1=1023 P2=  -1 T1=1023 T2= 911  P= 638  D=   1 
 X= 892 X2=1023  Y= 991 Y2=1021 P1=1023 P2=  -1 T1=1017 T2= 899  P= 638  D=   1 
 X= 993 X2=1004  Y= 984 Y2=1023 P1=1023 P2=  -1 T1=1023 T2= 903  P= 638  D=   1 
 X= 854 X2=1015  Y= 967 Y2=1023 P1=1023 P2=  -1 T1=1018 T2= 905  P= 638  D=   1 
 X= 953 X2=1023  Y= 971 Y2=1020 P1=1023 P2=  -1 T1=1023 T2= 910  P= 638  D=   1 
 X= 863 X2=1012  Y= 981 Y2=1018 P1=1023 P2=  -1 T1=1020 T2= 900  P= 638  D=   1 
 X= 926 X2=1022  Y=1017 Y2=1021 P1=1023 P2=  -1 T1=1023 T2=1004  P= 638  D=   1 
 X=1023 X2= 986  Y= 981 Y2=1023 P1=1023 P2=  -1 T1=1019 T2= 909  P= 638  D=   1 
 X= 963 X2= 990  Y= 979 Y2=1023 P1=1023 P2=  -1 T1=1023 T2= 906  P= 638  D=   1 
 X= 834 X2=1019  Y= 976 Y2=1023 P1=1023 P2=  -1 T1=1023 T2= 914  P= 638  D=   1 
 X= 889 X2=1023  Y= 977 Y2=1023 P1=1023 P2=  -1 T1=1023 T2= 947  P= 638  D=   1 
 X= 909 X2=1023  Y= 983 Y2=1020 P1=1023 P2=  -1 T1=1022 T2= 905  P= 638  D=   1 
 X= 934 X2=1023  Y= 973 Y2=1023 P1=1023 P2=  -1 T1=1023 T2= 961  P= 638  D=   1 
 X= 942 X2=1016  Y= 967 Y2=1023 P1=1023 P2=  -1 T1=1019 T2= 913  P= 638  D=   1 
 X= 961 X2=1022  Y= 984 Y2=1015 P1=1023 P2=  -1 T1=1019 T2= 900  P= 638  D=   1 
 X=1014 X2= 988  Y= 983 Y2=1023 P1=1023 P2=  -1 T1=1023 T2= 923  P= 638  D=   1 
 X= 916 X2=1023  Y= 973 Y2=1022 P1=1023 P2=  -1 T1=1023 T2= 898  P= 638  D=   1 
 X= 952 X2=1023  Y= 994 Y2=1018 P1=1022 P2=  -1 T1=1023 T2= 893  P= 638  D=   1 
 X= 956 X2=1023  Y= 976 Y2=1016 P1=1023 P2=  -1 T1=1023 T2= 906  P= 638  D=   1 
 X= 802 X2=1023  Y= 980 Y2=1023 P1=1023 P2=  -1 T1=1023 T2= 925  P= 638  D=   1 
 X= 863 X2=1023  Y= 982 Y2=1019 P1=1023 P2=  -1 T1=1023 T2= 911  P= 638  D=   1 
 X= 999 X2=1003  Y= 980 Y2=1023 P1=1023 P2=  -1 T1=1019 T2= 910  P= 638  D=   1 
 X= 892 X2=1019  Y= 966 Y2=1021 P1=1023 P2=  -1 T1=1023 T2= 883  P= 638  D=   1 
 X= 998 X2= 995  Y= 971 Y2=1018 P1=1023 P2=  -1 T1=1019 T2= 899  P= 638  D=   1 
 X=1017 X2= 998  Y= 974 Y2=1017 P1=1023 P2=  -1 T1=1018 T2= 898  P= 638  D=   1 
 X= 994 X2=1001  Y= 984 Y2=1023 P1=1023 P2=  -1 T1=1023 T2= 905  P= 638  D=   1 
 X= 937 X2=1023  Y= 975 Y2=1015 P1=1023 P2=  -1 T1=1023 T2= 890  P= 638  D=   1 
 X= 874 X2=1023  Y= 993 Y2=1017 P1=1023 P2=  -1 T1=1019 T2= 901  P= 638  D=   1 
 X= 916 X2=1023  Y= 986 Y2=1022 P1=1023 P2=  -1 T1=1019 T2= 912  P= 638  D=   1 
 X= 862 X2=1023  Y= 976 Y2=1018 P1=1023 P2=  -1 T1=1023 T2= 916  P= 638  D=   1 
 X= 988 X2=1000  Y= 978 Y2=1023 P1=1023 P2=  -1 T1=1023 T2= 900  P= 638  D=   1 
 X= 985 X2=1005  Y= 990 Y2=1021 P1=1023 P2=  -1 T1=1018 T2= 924  P= 638  D=   1 
 X= 882 X2=1016  Y= 987 Y2=1023 P1=1023 P2=  -1 T1=1016 T2= 922  P= 638  D=   1 
 X=1022 X2=1010  Y= 984 Y2=1023 P1=1023 P2=  -1 T1=1023 T2= 924  P= 638  D=   1 
 X=1023 X2=1002  Y= 975 Y2=1015 P1=1023 P2=  -1 T1=1019 T2= 929  P= 638  D=   1 
 X= 913 X2=1023  Y= 980 Y2=1018 P1=1023 P2=  -1 T1=1018 T2= 922  P= 638  D=   1 
 X=1022 X2=1013  Y= 982 Y2=1017 P1=1023 P2=  -1 T1=1019 T2= 907  P= 638  D=   1 
 X= 803 X2=1023  Y= 992 Y2=1023 P1=1023 P2=  -1 T1=1020 T2= 923  P= 638  D=   1 
 X= 785 X2=1023  Y= 975 Y2=1023 P1=1023 P2=  -1 T1=1023 T2= 916  P= 638  D=   1 
 X= 984 X2=1023  Y= 985 Y2=1023 P1=1023 P2=  -1 T1=1022 T2= 927  P= 638  D=   1 
 X= 786 X2=1023  Y= 984 Y2=1020 P1=1023 P2=  -1 T1=1018 T2= 909  P= 638  D=   1 
 X= 845 X2=1016  Y= 977 Y2=1023 P1=1021 P2=  -1 T1=1017 T2= 909  P= 638  D=   1 
 X= 961 X2=1023  Y= 984 Y2=1019 P1=1023 P2=  -1 T1=1023 T2= 910  P= 638  D=   1 
 X=1023 X2=1004  Y= 977 Y2=1023 P1=1023 P2=  -1 T1=1021 T2= 903  P= 638  D=   1 
 X= 825 X2=1023  Y= 978 Y2=1023 P1=1023 P2=  -1 T1=1023 T2= 908  P= 638  D=   1 
 X= 916 X2=1023  Y= 979 Y2=1023 P1=1023 P2=  -1 T1=1022 T2= 914  P= 638  D=   1 
 X= 917 X2=1023  Y= 975 Y2=1017 P1=1023 P2=  -1 T1=1017 T2= 916  P= 638  D=   1 
 X= 928 X2=1023  Y= 971 Y2=1023 P1=1023 P2=  -1 T1=1019 T2= 925  P= 638  D=   1 
 X= 972 X2=1017  Y= 981 Y2=1019 P1=1023 P2=  -1 T1=1023 T2= 907  P= 638  D=   1 
 X= 873 X2=1015  Y= 965 Y2=1020 P1=1023 P2=  -1 T1=1018 T2= 912  P= 638  D=   1 
 X= 959 X2=1012  Y= 975 Y2=1023 P1=1023 P2=  -1 T1=1017 T2= 877  P= 638  D=   1 
 X= 929 X2=1023  Y= 978 Y2=1023 P1=1023 P2=  -1 T1=1023 T2= 925  P= 638  D=   1 
 X= 938 X2=1007  Y= 977 Y2=1018 P1=1023 P2=  -1 T1=1020 T2= 899  P= 638  D=   1 
 X= 959 X2= 989  Y= 981 Y2=1015 P1=1023 P2=  -1 T1=1023 T2= 906  P= 638  D=   1 
 X= 934 X2=1022  Y= 962 Y2=1017 P1=1023 P2=  -1 T1=1023 T2= 906  P= 638  D=   1 
 X= 920 X2=1021  Y= 962 Y2=1016 P1=1023 P2=  -1 T1=1017 T2= 910  P= 638  D=   1 
 X= 968 X2=1004  Y= 979 Y2=1023 P1=1023 P2=  -1 T1=1023 T2= 898  P= 638  D=   1 
 X= 920 X2=1019  Y= 982 Y2=1023 P1=1023 P2=  -1 T1=1022 T2= 879  P= 638  D=   1 
 X= 965 X2= 998  Y= 981 Y2=1023 P1=1023 P2=  -1 T1=1022 T2= 906  P= 638  D=   1 
 X= 991 X2= 985  Y= 974 Y2=1023 P1=1023 P2=  -1 T1=1023 T2= 912  P= 638  D=   1 
 X=1014 X2=1004  Y= 985 Y2=1019 P1=1023 P2=  -1 T1=1020 T2= 910  P= 638  D=   1 
 X= 968 X2=1021  Y= 977 Y2=1022 P1=1023 P2=  -1 T1=1023 T2= 885  P= 638  D=   1 
 X=1002 X2=1013  Y= 972 Y2=1023 P1=1023 P2=  -1 T1=1022 T2= 889  P= 638  D=   1 
 X= 843 X2=1023  Y= 981 Y2=1019 P1=1023 P2=  -1 T1=1018 T2= 916  P= 638  D=   1 
 X= 876 X2=1023  Y= 980 Y2=1018 P1=1023 P2=  -1 T1=1023 T2= 905  P= 638  D=   1 
 X= 977 X2=1017  Y= 972 Y2=1023 P1=1023 P2=  -1 T1=1020 T2= 896  P= 638  D=   1 
 X= 861 X2=1018  Y= 976 Y2=1021 P1=1023 P2=  -1 T1=1023 T2= 897  P= 638  D=   1 
 X= 886 X2=1019  Y= 979 Y2=1019 P1=1023 P2=  -1 T1=1023 T2= 913  P= 638  D=   1 
 X= 994 X2=1005  Y= 970 Y2=1017 P1=1023 P2=  -1 T1=1023 T2= 908  P= 638  D=   1 
 X=1007 X2= 987  Y= 982 Y2=1023 P1=1023 P2=  -1 T1=1022 T2= 898  P= 638  D=   1 
 X= 928 X2=1023  Y= 977 Y2=1017 P1=1019 P2=  -1 T1=1022 T2= 891  P= 638  D=   1 
 X= 944 X2=1023  Y= 992 Y2=1018 P1=1023 P2=  -1 T1=1023 T2= 906  P= 638  D=   1 
 X= 932 X2=1016  Y= 968 Y2=1023 P1=1023 P2=  -1 T1=1020 T2= 936  P= 638  D=   1 
 X= 818 X2=1023  Y= 968 Y2=1023 P1=1023 P2=  -1 T1=1019 T2= 918  P= 638  D=   1 
 X= 893 X2=1023  Y= 989 Y2=1018 P1=1023 P2=  -1 T1=1021 T2= 921  P= 638  D=   1 
 X= 931 X2=1019  Y= 978 Y2=1023 P1=1023 P2=  -1 T1=1017 T2= 905  P= 638  D=   1 
 X= 898 X2=1019  Y= 965 Y2=1023 P1=1023 P2=  -1 T1=1017 T2= 908  P= 638  D=   1 
 X= 949 X2= 998  Y= 974 Y2=1021 P1=1023 P2=  -1 T1=1019 T2= 906  P= 638  D=   1 
 X=1023 X2=1003  Y= 979 Y2=1017 P1=1023 P2=  -1 T1=1020 T2= 916  P= 638  D=   1 
 X= 920 X2=1023  Y= 974 Y2=1022 P1=1023 P2=  -1 T1=1020 T2= 900  P= 638  D=   1 
 X= 914 X2=1023  Y= 985 Y2=1018 P1=1023 P2=  -1 T1=1020 T2= 916  P= 638  D=   1 
 X= 958 X2=1023  Y= 974 Y2=1018 P1=1023 P2=  -1 T1=1023 T2= 909  P= 638  D=   1 
 X= 842 X2=1023  Y= 980 Y2=1023 P1=1023 P2=  -1 T1=1019 T2= 922  P= 638  D=   1 
 X= 840 X2=1023  Y= 980 Y2=1019 P1=1023 P2=  -1 T1=1019 T2= 897  P= 638  D=   1 
 X=1006 X2= 999  Y= 960 Y2=1023 P1=1023 P2=  -1 T1=1023 T2= 909  P= 638  D=   1 
 X= 852 X2=1018  Y= 977 Y2=1023 P1=1023 P2=  -1 T1=1023 T2= 905  P= 638  D=   1 
 X=1017 X2= 989  Y= 972 Y2=1023 P1=1023 P2=  -1 T1=1022 T2= 897  P= 638  D=   1 
 X= 892 X2=1023  Y= 966 Y2=1023 P1=1023 P2=  -1 T1=1023 T2= 888  P= 638  D=   1 
 X=1022 X2=1012  Y= 978 Y2=1023 P1=1023 P2=  -1 T1=1023 T2= 886  P= 638  D=   1 
 X= 959 X2=1023  Y= 987 Y2=1017 P1=1023 P2=  -1 T1=1023 T2= 887  P= 638  D=   1 
 X= 953 X2=1023  Y= 984 Y2=1017 P1=1023 P2=  -1 T1=1018 T2= 907  P= 638  D=   1 
 X= 916 X2=1022  Y=1021 Y2=1019 P1=1023 P2=  -1 T1=1018 T2=1021  P= 638  D=   1 
 X=1023 X2=1013  Y= 979 Y2=1023 P1=1023 P2=  -1 T1=1021 T2= 882  P= 638  D=   1 
 X= 983 X2=1007  Y= 980 Y2=1019 P1=1023 P2=  -1 T1=1021 T2= 906  P= 638  D=   1 
 X= 872 X2=1014  Y= 970 Y2=1018 P1=1023 P2=  -1 T1=1018 T2= 913  P= 638  D=   1 
 X= 882 X2=1016  Y= 971 Y2=1021 P1=1023 P2=  -1 T1=1021 T2= 889  P= 638  D=   1 
 X=1023 X2=1013  Y= 979 Y2=1023 P1=1023 P2=  -1 T1=1020 T2= 909  P= 638  D=   1 
 X=1023 X2= 994  Y= 978 Y2=1023 P1=1023 P2=  -1 T1=1023 T2= 902  P= 638  D=   1 
 X= 884 X2=1023  Y= 980 Y2=1018 P1=1023 P2=  -1 T1=1023 T2= 911  P= 638  D=   1 
 X= 859 X2=1023  Y= 981 Y2=1016 P1=1023 P2=  -1 T1=1023 T2= 900  P= 638  D=   1 
 X= 966 X2=1011  Y= 975 Y2=1018 P1=1023 P2=  -1 T1=1020 T2= 913  P= 638  D=   1 
 X= 949 X2=1023  Y= 977 Y2=1018 P1=1023 P2=  -1 T1=1021 T2= 898  P= 638  D=   1 
 X= 837 X2=1023  Y= 976 Y2=1022 P1=1022 P2=  -1 T1=1023 T2= 913  P= 638  D=   1 
 X= 986 X2=1012  Y= 966 Y2=1023 P1=1022 P2=  -1 T1=1017 T2= 886  P= 638  D=   1 
 X= 995 X2= 989  Y= 973 Y2=1018 P1=1023 P2=  -1 T1=1023 T2= 924  P= 638  D=   1 
 X= 959 X2=1020  Y= 979 Y2=1021 P1=1023 P2=  -1 T1=1023 T2= 912  P= 638  D=   1 
 X= 952 X2= 983  Y= 976 Y2=1018 P1=1023 P2=  -1 T1=1022 T2= 923  P= 638  D=   1 
 X= 806 X2=1023  Y= 970 Y2=1023 P1=1023 P2=  -1 T1=1018 T2= 908  P= 638  D=   1 
 X= 923 X2=1023  Y= 976 Y2=1018 P1=1023 P2=  -1 T1=1021 T2= 886  P= 638  D=   1 
 X= 934 X2=1019  Y= 973 Y2=1023 P1=1021 P2=  -1 T1=1019 T2= 894  P= 638  D=   1 
 X= 797 X2=1023  Y= 976 Y2=1018 P1=1023 P2=  -1 T1=1023 T2= 907  P= 638  D=   1 
 X= 942 X2=1019  Y= 975 Y2=1023 P1=1023 P2=  -1 T1=1018 T2= 913  P= 638  D=   1 
 X= 901 X2=1014  Y= 985 Y2=1019 P1=1023 P2=  -1 T1=1023 T2= 893  P= 638  D=   1 
 X= 994 X2=1004  Y= 978 Y2=1023 P1=1023 P2=  -1 T1=1023 T2= 900  P= 638  D=   1 
 X= 921 X2=1023  Y= 993 Y2=1016 P1=1023 P2=  -1 T1=1023 T2= 897  P= 638  D=   1 
 X= 955 X2=1020  Y= 991 Y2=1018 P1=1023 P2=  -1 T1=1023 T2= 890  P= 638  D=   1 
 X= 956 X2=1023  Y= 965 Y2=1019 P1=1023 P2=  -1 T1=1023 T2= 901  P= 638  D=   1 
 X= 918 X2=1023  Y= 979 Y2=1015 P1=1023 P2=  -1 T1=1018 T2= 915  P= 638  D=   1 
 X= 897 X2=1023  Y= 982 Y2=1019 P1=1022 P2=  -1 T1=1023 T2= 923  P= 638  D=   1 
 X= 975 X2=1011  Y= 973 Y2=1017 P1=1023 P2=  -1 T1=1020 T2= 891  P= 638  D=   1 
 X= 913 X2=1017  Y= 980 Y2=1023 P1=1023 P2=  -1 T1=1017 T2= 928  P= 638  D=   1 
 X= 959 X2=1019  Y= 981 Y2=1023 P1=1023 P2=  -1 T1=1019 T2= 898  P= 638  D=   1 
 X=1023 X2= 996  Y= 983 Y2=1021 P1=1023 P2=  -1 T1=1023 T2= 894  P= 638  D=   1 
 X= 921 X2=1023  Y= 981 Y2=1023 P1=1023 P2=  -1 T1=1023 T2= 919  P= 638  D=   1 
 X= 973 X2=1021  Y= 984 Y2=1018 P1=1023 P2=  -1 T1=1023 T2= 911  P= 638  D=   1 
 X= 964 X2= 993  Y= 983 Y2=1016 P1=1023 P2=  -1 T1=1019 T2= 887  P= 638  D=   1 
 X= 789 X2=1023  Y= 975 Y2=1020 P1=1023 P2=  -1 T1=1023 T2= 911  P= 638  D=   1 
 X= 822 X2=1023  Y= 967 Y2=1020 P1=1023 P2=  -1 T1=1023 T2= 916  P= 638  D=   1 
 X= 971 X2=1019  Y= 980 Y2=1023 P1=1023 P2=  -1 T1=1019 T2= 919  P= 638  D=   1 
 X= 841 X2=1022  Y= 985 Y2=1023 P1=1023 P2=  -1 T1=1023 T2= 910  P= 638  D=   1 
 X=1023 X2=1010  Y= 977 Y2=1023 P1=1023 P2=  -1 T1=1023 T2= 889  P= 638  D=   1 
 X= 948 X2=1012  Y= 982 Y2=1017 P1=1023 P2=  -1 T1=1023 T2= 910  P= 638  D=   1 
 X=1022 X2=1009  Y= 985 Y2=1023 P1=1023 P2=  -1 T1=1023 T2= 909  P= 638  D=   1 
 X= 876 X2=1023  Y= 979 Y2=1018 P1=1023 P2=  -1 T1=1022 T2= 916  P= 638  D=   1 
 X= 909 X2=1023  Y= 974 Y2=1023 P1=1023 P2=  -1 T1=1020 T2= 925  P= 638  D=   1 
 X= 908 X2=1020  Y= 966 Y2=1023 P1=1023 P2=  -1 T1=1017 T2= 881  P= 638  D=   1 
 X= 957 X2=1023  Y= 976 Y2=1020 P1=1023 P2=  -1 T1=1018 T2= 909  P= 638  D=   1 
 X= 846 X2=1022  Y= 980 Y2=1023 P1=1023 P2=  -1 T1=1023 T2= 934  P= 638  D=   1 
 X= 804 X2=1023  Y= 970 Y2=1018 P1=1023 P2=  -1 T1=1020 T2= 922  P= 638  D=   1 
 X= 898 X2=1020  Y= 979 Y2=1018 P1=1023 P2=  -1 T1=1019 T2= 914  P= 638  D=   1 
 X= 896 X2=1023  Y= 986 Y2=1018 P1=1021 P2=  -1 T1=1023 T2= 904  P= 638  D=   1 
 X= 990 X2=1002  Y= 977 Y2=1023 P1=1023 P2=  -1 T1=1023 T2= 895  P= 638  D=   1 
 X= 838 X2=1023  Y= 987 Y2=1022 P1=1023 P2=  -1 T1=1020 T2= 909  P= 638  D=   1 
 X= 900 X2=1023  Y= 966 Y2=1017 P1=1023 P2=  -1 T1=1023 T2= 920  P= 638  D=   1 
 X= 854 X2=1008  Y= 974 Y2=1023 P1=1023 P2=  -1 T1=1020 T2= 904  P= 638  D=   1 
 X= 897 X2=1023  Y= 983 Y2=1019 P1=1023 P2=  -1 T1=1018 T2= 930  P= 638  D=   1 
 X= 808 X2=1023  Y= 982 Y2=1023 P1=1023 P2=  -1 T1=1022 T2= 895  P= 638  D=   1 
 X=1019 X2= 987  Y= 973 Y2=1023 P1=1023 P2=  -1 T1=1023 T2= 894  P= 638  D=   1 
 X= 994 X2=1017  Y= 980 Y2=1023 P1=1023 P2=  -1 T1=1023 T2= 892  P= 638  D=   1 
 X= 997 X2=1023  Y= 983 Y2=1023 P1=1023 P2=  -1 T1=1019 T2= 908  P= 638  D=   1 
 X= 998 X2= 994  Y= 976 Y2=1023 P1=1023 P2=  -1 T1=1023 T2= 916  P= 638  D=   1 
 X= 867 X2=1023  Y= 981 Y2=1018 P1=1023 P2=  -1 T1=1023 T2= 920  P= 638  D=   1 
 X= 970 X2=1021  Y= 966 Y2=1023 P1=1023 P2=  -1 T1=1023 T2= 853  P= 638  D=   1 
 X= 941 X2=1020  Y= 982 Y2=1018 P1=1023 P2=  -1 T1=1018 T2= 914  P= 638  D=   1 
 X= 869 X2=1016  Y= 976 Y2=1023 P1=1023 P2=  -1 T1=1018 T2= 908  P= 638  D=   1 
 X= 786 X2=1023  Y= 962 Y2=1019 P1=1023 P2=  -1 T1=1019 T2= 909  P= 638  D=   1 
 X=1021 X2=1012  Y= 976 Y2=1018 P1=1023 P2=  -1 T1=1018 T2= 890  P= 638  D=   1 
 X=1023 X2= 983  Y= 979 Y2=1023 P1=1023 P2=  -1 T1=1018 T2= 897  P= 638  D=   1 
 X= 891 X2=1023  Y= 971 Y2=1019 P1=1023 P2=  -1 T1=1018 T2= 921  P= 638  D=   1 
 X= 943 X2=1020  Y= 978 Y2=1018 P1=1023 P2=  -1 T1=1023 T2= 909  P= 638  D=   1 
 X= 934 X2= 991  Y= 976 Y2=1013 P1=1023 P2=  -1 T1=1020 T2= 914  P= 638  D=   1 
 X= 837 X2=1023  Y= 984 Y2=1019 P1=1023 P2=  -1 T1=1023 T2= 910  P= 638  D=   1 
 X= 953 X2=1016  Y= 991 Y2=1023 P1=1023 P2=  -1 T1=1023 T2= 949  P= 638  D=   1 
 X= 978 X2=1012  Y= 967 Y2=1023 P1=1023 P2=  -1 T1=1023 T2= 910  P= 638  D=   1 
 X= 914 X2=1020  Y= 964 Y2=1023 P1=1023 P2=  -1 T1=1023 T2= 890  P= 638  D=   1 
 X=1023 X2=1002  Y= 966 Y2=1018 P1=1023 P2=  -1 T1=1020 T2= 887  P= 638  D=   1 
 X= 982 X2=1006  Y= 985 Y2=1022 P1=1023 P2=  -1 T1=1019 T2= 910  P= 638  D=   1 
 X=1014 X2=1017  Y= 971 Y2=1019 P1=1023 P2=  -1 T1=1023 T2= 895  P= 638  D=   1 
 X= 910 X2=1023  Y= 984 Y2=1019 P1=1023 P2=  -1 T1=1023 T2= 912  P= 638  D=   1 
 X= 931 X2=1023  Y= 981 Y2=1022 P1=1023 P2=  -1 T1=1023 T2= 900  P= 638  D=   1 
 X= 825 X2=1023  Y= 974 Y2=1023 P1=1023 P2=  -1 T1=1023 T2= 918  P= 638  D=   1 
 X= 809 X2=1023  Y= 968 Y2=1023 P1=1023 P2=  -1 T1=1018 T2= 929  P= 638  D=   1 
 X=1010 X2= 998  Y= 970 Y2=1016 P1=1023 P2=  -1 T1=1019 T2= 903  P= 638  D=   1 
 X= 972 X2=1023  Y= 974 Y2=1018 P1=1023 P2=  -1 T1=1018 T2= 919  P= 638  D=   1 
 X= 949 X2=1023  Y= 972 Y2=1023 P1=1023 P2=  -1 T1=1018 T2= 897  P= 638  D=   1 
 X=1023 X2=1003  Y= 988 Y2=1023 P1=1023 P2=  -1 T1=1019 T2= 893  P= 638  D=   1 
 X=1019 X2= 984  Y= 995 Y2=1017 P1=1023 P2=  -1 T1=1023 T2= 898  P= 638  D=   1 
 X= 901 X2=1023  Y= 986 Y2=1017 P1=1023 P2=  -1 T1=1023 T2= 915  P= 638  D=   1 
 X= 944 X2=1023  Y= 979 Y2=1017 P1=1023 P2=  -1 T1=1023 T2= 930  P= 638  D=   1 
 X= 912 X2=1020  Y= 969 Y2=1023 P1=1023 P2=  -1 T1=1023 T2= 926  P= 638  D=   1 
 X= 859 X2=1022  Y= 978 Y2=1018 P1=1023 P2=  -1 T1=1023 T2= 914  P= 638  D=   1 
 X= 888 X2=1023  Y= 973 Y2=1019 P1=1023 P2=  -1 T1=1023 T2= 893  P= 638  D=   1 
 X= 992 X2= 990  Y= 978 Y2=1023 P1=1023 P2=  -1 T1=1019 T2= 926  P= 638  D=   1 
 X= 856 X2=1017  Y= 967 Y2=1023 P1=1023 P2=  -1 T1=1023 T2= 893  P= 638  D=   1 
 X= 952 X2=1023  Y= 983 Y2=1023 P1=1023 P2=  -1 T1=1021 T2= 902  P= 638  D=   1 
 X=1023 X2=1004  Y= 984 Y2=1017 P1=1023 P2=  -1 T1=1019 T2= 879  P= 638  D=   1 
 X= 900 X2=1023  Y= 978 Y2=1016 P1=1023 P2=  -1 T1=1018 T2= 901  P= 638  D=   1 
 X= 974 X2=1023  Y= 987 Y2=1016 P1=1023 P2=  -1 T1=1017 T2= 915  P= 638  D=   1 
 X= 965 X2= 984  Y= 978 Y2=1018 P1=1023 P2=  -1 T1=1018 T2= 908  P= 638  D=   1 
 X= 817 X2=1016  Y= 979 Y2=1021 P1=1023 P2=  -1 T1=1017 T2= 910  P= 638  D=   1 
 X= 844 X2=1023  Y= 969 Y2=1023 P1=1023 P2=  -1 T1=1021 T2= 919  P= 638  D=   1 
 X=1023 X2=1012  Y= 989 Y2=1023 P1=1023 P2=  -1 T1=1023 T2= 885  P= 638  D=   1 
 X= 894 X2=1022  Y=1011 Y2=1021 P1=1023 P2=  -1 T1=1023 T2=1020  P= 638  D=   1 
 X= 915 X2=1015  Y= 967 Y2=1023 P1=1023 P2=  -1 T1=1023 T2= 918  P= 638  D=   1 
 X= 981 X2=1014  Y= 974 Y2=1023 P1=1023 P2=  -1 T1=1023 T2= 901  P= 638  D=   1 
 X=1004 X2=1002  Y= 957 Y2=1019 P1=1023 P2=  -1 T1=1023 T2= 883  P= 638  D=   1 
 X= 857 X2=1023  Y= 980 Y2=1023 P1=1023 P2=  -1 T1=1023 T2= 907  P= 638  D=   1 
 X= 899 X2=1023  Y= 988 Y2=1018 P1=1023 P2=  -1 T1=1023 T2= 909  P= 638  D=   1 
 X= 885 X2=1019  Y= 975 Y2=1023 P1=1023 P2=  -1 T1=1019 T2= 915  P= 638  D=   1 
 X= 961 X2=1023  Y= 973 Y2=1023 P1=1023 P2=  -1 T1=1023 T2= 921  P= 638  D=   1 
 X=1022 X2=1011  Y= 980 Y2=1017 P1=1023 P2=  -1 T1=1018 T2= 914  P= 638  D=   1 
 X= 882 X2=1020  Y= 966 Y2=1023 P1=1023 P2=  -1 T1=1023 T2= 903  P= 638  D=   1 
 X= 951 X2=1010  Y= 976 Y2=1023 P1=1023 P2=  -1 T1=1017 T2= 900  P= 638  D=   1 
 X= 942 X2=1023  Y= 988 Y2=1016 P1=1023 P2=  -1 T1=1019 T2= 901  P= 638  D=   1 
 X= 953 X2=1023  Y= 983 Y2=1005 P1=1023 P2=  -1 T1=1019 T2= 879  P= 638  D=   1 
 X= 820 X2=1023  Y= 984 Y2=1020 P1=1023 P2=  -1 T1=1023 T2= 915  P= 638  D=   1 
 X= 879 X2=1023  Y= 987 Y2=1023 P1=1023 P2=  -1 T1=1018 T2= 900  P= 638  D=   1 
 X= 982 X2=1003  Y= 974 Y2=1023 P1=1023 P2=  -1 T1=1019 T2= 910  P= 638  D=   1 
 X= 812 X2=1015  Y= 970 Y2=1023 P1=1023 P2=  -1 T1=1023 T2= 899  P= 638  D=   1 
 X= 785 X2=1023  Y= 964 Y2=1023 P1=1023 P2=  -1 T1=1019 T2= 903  P= 638  D=   1 
 X=1020 X2=1012  Y= 980 Y2=1023 P1=1023 P2=  -1 T1=1023 T2= 904  P= 638  D=   1 
 X= 992 X2=1013  Y= 978 Y2=1023 P1=1023 P2=  -1 T1=1023 T2= 919  P= 638  D=   1 
 X=1023 X2= 987  Y= 976 Y2=1023 P1=1023 P2=  -1 T1=1023 T2= 925  P= 638  D=   1 
 X= 965 X2= 992  Y= 982 Y2=1014 P1=1023 P2=  -1 T1=1023 T2= 932  P= 638  D=   1 
 X= 797 X2=1023  Y= 979 Y2=1018 P1=1023 P2=  -1 T1=1019 T2= 897  P= 638  D=   1 
 X= 952 X2=1022  Y= 977 Y2=1018 P1=1023 P2=  -1 T1=1018 T2= 887  P= 638  D=   1 
 X= 884 X2=1023  Y= 974 Y2=1022 P1=1023 P2=  -1 T1=1023 T2= 879  P= 638  D=   1 
 X= 985 X2=1012  Y= 975 Y2=1022 P1=1023 P2=  -1 T1=1023 T2= 923  P= 638  D=   1 
 X= 882 X2=1015  Y= 973 Y2=1023 P1=1023 P2=  -1 T1=1018 T2= 908  P= 638  D=   1 
 X= 946 X2= 992  Y= 983 Y2=1017 P1=1023 P2=  -1 T1=1018 T2= 888  P= 638  D=   1 
 X=1023 X2=1011  Y= 970 Y2=1022 P1=1023 P2=  -1 T1=1018 T2= 912  P= 638  D=   1 
 X= 899 X2=1023  Y= 971 Y2=1016 P1=1023 P2=  -1 T1=1019 T2= 904  P= 638  D=   1 
 X= 974 X2=1022  Y= 977 Y2=1018 P1=1023 P2=  -1 T1=1023 T2= 911  P= 638  D=   1 
 X= 886 X2=1019  Y= 978 Y2=1020 P1=1023 P2=  -1 T1=1023 T2= 926  P= 638  D=   1 
 X= 910 X2=1023  Y= 970 Y2=1016 P1=1023 P2=  -1 T1=1022 T2= 904  P= 638  D=   1 
 X= 918 X2=1022  Y= 987 Y2=1015 P1=1023 P2=  -1 T1=1018 T2= 908  P= 638  D=   1 
 X= 993 X2= 992  Y= 992 Y2=1017 P1=1023 P2=  -1 T1=1023 T2= 912  P= 638  D=   1 
 X= 880 X2=1016  Y= 973 Y2=1023 P1=1023 P2=  -1 T1=1023 T2= 920  P= 638  D=   1 
 X= 958 X2=1023  Y= 970 Y2=1023 P1=1023 P2=  -1 T1=1023 T2= 896  P= 638  D=   1 
 X=1012 X2=1005  Y= 966 Y2=1020 P1=1023 P2=  -1 T1=1023 T2= 931  P= 638  D=   1 
 X= 968 X2=1020  Y= 981 Y2=1023 P1=1023 P2=  -1 T1=1022 T2= 898  P= 638  D=   1 
 X= 962 X2= 982  Y= 983 Y2=1018 P1=1023 P2=  -1 T1=1023 T2= 910  P= 638  D=   1 
 X= 958 X2=1022  Y= 975 Y2=1018 P1=1021 P2=  -1 T1=1017 T2= 882  P= 638  D=   1 
 X= 822 X2=1023  Y= 977 Y2=1023 P1=1023 P2=  -1 T1=1023 T2= 918  P= 638  D=   1 
 X= 873 X2=1023  Y= 990 Y2=1019 P1=1023 P2=  -1 T1=1023 T2= 913  P= 638  D=   1 
 X=1006 X2=1000  Y= 978 Y2=1023 P1=1023 P2=  -1 T1=1023 T2= 925  P= 638  D=   1 
 X= 811 X2=1023  Y= 977 Y2=1023 P1=1023 P2=  -1 T1=1023 T2= 905  P= 638  D=   1 
 X=1016 X2=1016  Y= 990 Y2=1022 P1=1023 P2=  -1 T1=1023 T2= 898  P= 638  D=   1 
 X= 913 X2=1016  Y= 967 Y2=1018 P1=1023 P2=  -1 T1=1023 T2= 892  P= 638  D=   1 
 X= 992 X2=1011  Y= 980 Y2=1018 P1=1023 P2=  -1 T1=1017 T2= 902  P= 638  D=   1 
 X= 885 X2=1023  Y= 984 Y2=1016 P1=1023 P2=  -1 T1=1018 T2= 917  P= 638  D=   1 
 X= 979 X2=1023  Y= 987 Y2=1017 P1=1023 P2=  -1 T1=1016 T2= 897  P= 638  D=   1 
 X= 798 X2=1023  Y= 984 Y2=1018 P1=1023 P2=  -1 T1=1020 T2= 916  P= 638  D=   1 
 X= 842 X2=1023  Y= 977 Y2=1020 P1=1023 P2=  -1 T1=1023 T2= 932  P= 638  D=   1 
 X=1008 X2=1019  Y= 976 Y2=1023 P1=1023 P2=  -1 T1=1020 T2= 895  P= 638  D=   1 
 X= 996 X2=1013  Y= 975 Y2=1021 P1=1023 P2=  -1 T1=1023 T2= 921  P= 638  D=   1 
 X= 974 X2=1017  Y= 969 Y2=1023 P1=1023 P2=  -1 T1=1021 T2= 910  P= 638  D=   1 
 X= 942 X2=1023  Y= 985 Y2=1022 P1=1023 P2=  -1 T1=1019 T2= 888  P= 638  D=   1 
 X= 954 X2= 999  Y= 983 Y2=1020 P1=1023 P2=  -1 T1=1019 T2= 910  P= 638  D=   1 
 X= 805 X2=1023  Y= 968 Y2=1018 P1=1023 P2=  -1 T1=1018 T2= 922  P= 638  D=   1 
 X=1020 X2=1016  Y= 984 Y2=1023 P1=1023 P2=  -1 T1=1023 T2= 929  P= 638  D=   1 
 X= 928 X2=1023  Y= 979 Y2=1023 P1=1023 P2=  -1 T1=1019 T2= 898  P= 638  D=   1 
 X= 800 X2=1023  Y= 976 Y2=1020 P1=1023 P2=  -1 T1=1018 T2= 900  P= 638  D=   1 
 X= 886 X2=1022  Y= 989 Y2=1018 P1=1023 P2=  -1 T1=1017 T2= 916  P= 638  D=   1 
 X=1019 X2=1014  Y= 966 Y2=1023 P1=1023 P2=  -1 T1=1018 T2= 892  P= 638  D=   1 
 X= 982 X2=1011  Y= 970 Y2=1018 P1=1023 P2=  -1 T1=1018 T2= 896  P= 638  D=   1 
 X= 875 X2=1023  Y= 976 Y2=1017 P1=1023 P2=  -1 T1=1018 T2= 880  P= 638  D=   1 
 X= 240 X2= 237  Y= 325 Y2= 319 P1= 680 P2= 198 T1=  21 T2=  21  P= 579  D=   1 * 0
 X= 242 X2= 239  Y= 328 Y2= 320 P1= 691 P2= 194 T1=  23 T2=  22  P= 614  D=   1 * 0
 X= 240 X2= 238  Y= 325 Y2= 319 P1= 681 P2= 198 T1=  21 T2=  22  P= 582  D=   1 * 0
 X= 242 X2= 238  Y= 326 Y2= 319 P1= 680 P2= 199 T1=  22 T2=  22  P= 580  D=   1 * 0
 X= 240 X2= 238  Y= 326 Y2= 319 P1= 680 P2= 200 T1=  24 T2=  23  P= 573  D=   1 * 1
 X= 242 X2= 238  Y= 326 Y2= 320 P1= 681 P2= 199 T1=  26 T2=  23  P= 581  D=   1 * 2
 X= 241 X2= 238  Y= 325 Y2= 319 P1= 681 P2= 199 T1=  21 T2=  21  P= 578  D=   1 * 3
 X= 241 X2= 238  Y= 326 Y2= 319 P1= 681 P2= 199 T1=  21 T2=  22  P= 578  D=   1 * 4
 X= 241 X2= 238  Y= 326 Y2= 318 P1= 680 P2= 199 T1=  21 T2=  21  P= 577  D=   1 * 5
 X= 240 X2= 237  Y= 326 Y2= 318 P1= 680 P2= 199 T1=  22 T2=  23  P= 575  D=   1 * 6
 X= 241 X2= 239  Y= 326 Y2= 319 P1= 680 P2= 199 T1=  22 T2=  21  P= 580  D=   1 * 7
 X= 241 X2= 238  Y= 327 Y2= 319 P1= 681 P2= 199 T1=  21 T2=  22  P= 578  D=   1 * 8
 X= 241 X2= 237  Y= 326 Y2= 318 P1= 682 P2= 199 T1=  25 T2=  21  P= 580  D=   1 * 9
 X= 240 X2= 238  Y= 326 Y2= 319 P1= 679 P2= 199 T1=  22 T2=  22  P= 576  D=   1 * 10
 X= 240 X2= 238  Y= 325 Y2= 318 P1= 680 P2= 200 T1=  21 T2=  22  P= 573  D=   1 * 11
 X= 242 X2= 237  Y= 326 Y2= 319 P1= 680 P2= 199 T1=  21 T2=  21  P= 577  D=   1 * 12
 X= 241 X2= 238  Y= 326 Y2= 319 P1= 679 P2= 200 T1=  23 T2=  22  P= 572  D=   1 * 13
 X= 241 X2= 239  Y= 325 Y2= 320 P1= 679 P2= 199 T1=  22 T2=  22  P= 578  D=   1 * 14
 X= 241 X2= 238  Y= 326 Y2= 318 P1= 680 P2= 199 T1=  22 T2=  20  P= 577  D=   1 * 15
 X= 241 X2= 238  Y= 326 Y2= 319 P1= 680 P2= 200 T1=  21 T2=  23  P= 573  D=   1 * 16
 X= 241 X2= 240  Y= 326 Y2= 318 P1= 680 P2= 199 T1=  22 T2=  22  P= 580  D=   1 * 17
 X= 240 X2= 238  Y= 326 Y2= 318 P1= 680 P2= 199 T1=  22 T2=  21  P= 577  D=   1 * 18
 X= 240 X2= 238  Y= 326 Y2= 320 P1= 680 P2= 199 T1=  22 T2=  22  P= 577  D=   1 * 19
 X= 240 X2= 238  Y= 326 Y2= 319 P1= 680 P2= 199 T1=  21 T2=  22  P= 577  D=   1 * 20
 X= 239 X2= 238  Y= 326 Y2= 319 P1= 680 P2= 199 T1=  22 T2=  23  P= 575  D=   1 * 21
 X= 241 X2= 239  Y= 325 Y2= 319 P1= 680 P2= 199 T1=  20 T2=  22  P= 580  D=   1 * 22
 X= 241 X2= 238  Y= 324 Y2= 320 P1= 680 P2= 199 T1=  21 T2=  22  P= 577  D=   1 * 23
 X= 240 X2= 238  Y= 326 Y2= 319 P1= 680 P2= 199 T1=  22 T2=  22  P= 577  D=   1 * 24
Remove Pin
 X= 242 X2= 237  Y= 325 Y2= 319 P1= 680 P2= 199 T1=  22 T2=  23  P= 577  D=   1 * 24
 X= 240 X2= 238  Y= 325 Y2= 319 P1= 680 P2= 199 T1=  22 T2=  22  P= 577  D=   1 * 24
 X= 240 X2= 239  Y= 328 Y2= 319 P1= 680 P2= 199 T1=  22 T2=  21  P= 577  D=   1 * 24
 X= 241 X2= 237  Y= 325 Y2= 319 P1= 680 P2= 199 T1=  21 T2=  22  P= 577  D=   1 * 24
 X= 241 X2= 238  Y= 326 Y2= 319 P1= 680 P2= 200 T1=  21 T2=  21  P= 573  D=   1 * 24
 X= 240 X2= 237  Y= 326 Y2= 319 P1= 680 P2= 199 T1=  22 T2=  22  P= 575  D=   1 * 24
 X= 240 X2= 238  Y= 326 Y2= 319 P1= 680 P2= 200 T1=  22 T2=  22  P= 573  D=   1 * 24
 X= 241 X2= 238  Y= 325 Y2= 319 P1= 680 P2= 199 T1=  21 T2=  22  P= 577  D=   1 * 24
 X= 241 X2= 238  Y= 325 Y2= 319 P1= 679 P2= 199 T1=  22 T2=  22  P= 576  D=   1 * 24
 X= 240 X2= 237  Y= 326 Y2= 319 P1= 680 P2= 200 T1=  22 T2=  21  P= 571  D=   1 * 24
 X= 241 X2= 238  Y= 325 Y2= 316 P1= 679 P2= 200 T1=  21 T2=  22  P= 572  D=   1 * 24
 X= 240 X2= 238  Y= 326 Y2= 318 P1= 680 P2= 199 T1=  23 T2=  22  P= 577  D=   1 * 24
 X= 240 X2= 237  Y= 325 Y2= 319 P1= 679 P2= 199 T1=  22 T2=  22  P= 574  D=   1 * 24
 X= 240 X2= 238  Y= 326 Y2= 319 P1= 679 P2= 200 T1=  23 T2=  22  P= 572  D=   1 * 24
 X= 241 X2= 240  Y= 326 Y2= 319 P1= 680 P2= 199 T1=  21 T2=  22  P= 580  D=   1 * 24
 X= 240 X2= 239  Y= 327 Y2= 318 P1= 680 P2= 199 T1=  22 T2=  22  P= 577  D=   1 * 24
 X= 245 X2= 238  Y= 326 Y2= 319 P1= 680 P2= 199 T1=  22 T2=  22  P= 582  D=   1 * 24
 X= 240 X2= 238  Y= 326 Y2= 319 P1= 680 P2= 199 T1=  21 T2=  22  P= 577  D=   1 * 24
 X= 240 X2= 237  Y= 327 Y2= 319 P1= 680 P2= 199 T1=  21 T2=  21  P= 575  D=   1 * 24
 X= 241 X2= 239  Y= 326 Y2= 319 P1= 679 P2= 200 T1=  22 T2=  21  P= 574  D=   1 * 24
 X= 240 X2= 238  Y= 325 Y2= 319 P1= 680 P2= 199 T1=  21 T2=  22  P= 577  D=   1 * 24
 X= 241 X2= 238  Y= 325 Y2= 319 P1= 680 P2= 199 T1=  22 T2=  22  P= 577  D=   1 * 24
 X= 241 X2= 238  Y= 325 Y2= 319 P1= 680 P2= 199 T1=  22 T2=  21  P= 577  D=   1 * 24
 X= 240 X2= 238  Y= 326 Y2= 318 P1= 680 P2= 200 T1=  22 T2=  22  P= 573  D=   1 * 24
 X= 241 X2= 239  Y= 326 Y2= 318 P1= 679 P2= 200 T1=  21 T2=  24  P= 574  D=   1 * 24
 X= 241 X2= 238  Y= 326 Y2= 319 P1= 680 P2= 199 T1=  23 T2=  22  P= 577  D=   1 * 24
 X= 242 X2= 237  Y= 325 Y2= 320 P1= 680 P2= 200 T1=  22 T2=  22  P= 573  D=   1 * 24
 X= 242 X2= 238  Y= 326 Y2= 319 P1= 679 P2= 200 T1=  22 T2=  21  P= 574  D=   1 * 24
 X= 241 X2= 238  Y= 326 Y2= 319 P1= 679 P2= 200 T1=  21 T2=  22  P= 572  D=   1 * 24
 X= 240 X2= 238  Y= 326 Y2= 318 P1= 679 P2= 199 T1=  22 T2=  22  P= 576  D=   1 * 24
 X= 242 X2= 241  Y= 326 Y2= 318 P1= 679 P2= 200 T1=  22 T2=  21  P= 577  D=   1 * 24
 X= 240 X2= 239  Y= 327 Y2= 320 P1= 685 P2= 196 T1=  22 T2=  23  P= 596  D=   1 * 24
 X= 240 X2= 238  Y= 327 Y2= 320 P1= 687 P2= 195 T1=  23 T2=  22  P= 602  D=   1 * 24
 X= 987 X2=1005  Y= 978 Y2=1023 P1=1023 P2=   0 T1=1023 T2= 898  P= 602  D=   1 
 X= 912 X2=1021  Y= 978 Y2=1023 P1=1023 P2=   0 T1=1023 T2= 894  P= 602  D=   1 
 X=1023 X2=1010  Y= 976 Y2=1018 P1=1022 P2=   0 T1=1018 T2= 911  P= 602  D=   1 
target state=1 point=456,22
 X= 942 X2=1023  Y= 979 Y2=1018 P1=1023 P2=   0 T1=1023 T2= 907  P= 602  D=   1 
 X= 887 X2=1023  Y= 981 Y2=1023 P1=1023 P2=   0 T1=1023 T2= 920  P= 602  D=   1 
 X= 895 X2=1023  Y= 987 Y2=1018 P1=1023 P2=   0 T1=1020 T2= 903  P= 602  D=   1 
 X= 982 X2=1011  Y= 979 Y2=1023 P1=1023 P2=   0 T1=1023 T2= 887  P= 602  D=   1 
 X= 857 X2=1015  Y= 968 Y2=1023 P1=1023 P2=   0 T1=1023 T2= 895  P= 602  D=   1 
 X= 950 X2= 994  Y= 977 Y2=1017 P1=1023 P2=   0 T1=1019 T2= 915  P= 602  D=   1 
 X= 994 X2=1004  Y= 980 Y2=1023 P1=1023 P2=   0 T1=1022 T2= 913  P= 602  D=   1 
 X= 906 X2=1023  Y= 982 Y2=1023 P1=1023 P2=   0 T1=1020 T2= 932  P= 602  D=   1 
 X= 922 X2=1022  Y= 991 Y2=1017 P1=1023 P2=   0 T1=1023 T2= 917  P= 602  D=   1 
 X=1023 X2=1009  Y= 989 Y2=1023 P1=1023 P2=   0 T1=1019 T2= 899  P= 602  D=   1 
 X= 937 X2=1023  Y= 971 Y2=1023 P1=1023 P2=   0 T1=1023 T2= 915  P= 602  D=   1 
 X= 891 X2=1023  Y= 978 Y2=1023 P1=1023 P2=   0 T1=1022 T2= 901  P= 602  D=   1 
 X= 990 X2=1005  Y= 978 Y2=1020 P1=1023 P2=   0 T1=1019 T2= 913  P= 602  D=   1 
 X= 961 X2=1023  Y= 977 Y2=1018 P1=1023 P2=   0 T1=1021 T2= 905  P= 602  D=   1 
 X= 957 X2= 972  Y= 983 Y2=1017 P1=1023 P2=   0 T1=1023 T2= 906  P= 602  D=   1 
 X= 814 X2=1023  Y= 973 Y2=1018 P1=1023 P2=   0 T1=1019 T2= 928  P= 602  D=   1 
 X= 951 X2=1023  Y= 979 Y2=1021 P1=1023 P2=   0 T1=1018 T2= 904  P= 602  D=   1 
 X= 939 X2=1022  Y= 980 Y2=1018 P1=1023 P2=   0 T1=1023 T2= 921  P= 602  D=   1 
 X= 900 X2=1023  Y= 990 Y2=1023 P1=1023 P2=   0 T1=1023 T2= 893  P= 602  D=   1 
 X= 985 X2=1013  Y= 964 Y2=1023 P1=1023 P2=   0 T1=1020 T2= 922  P= 602  D=   1 
 X= 855 X2=1023  Y= 978 Y2=1021 P1=1023 P2=   0 T1=1022 T2= 904  P= 602  D=   1 
 X= 980 X2=1012  Y= 988 Y2=1023 P1=1023 P2=   0 T1=1023 T2= 917  P= 602  D=   1 
 X= 947 X2=1023  Y= 968 Y2=1020 P1=1023 P2=   0 T1=1018 T2= 903  P= 602  D=   1 
 X= 956 X2=1021  Y= 977 Y2=1016 P1=1023 P2=   0 T1=1023 T2= 885  P= 602  D=   1 
 X=1023 X2= 991  Y= 966 Y2=1023 P1=1023 P2=   0 T1=1020 T2= 898  P= 602  D=   1 
 X=1023 X2=1003  Y= 976 Y2=1020 P1=1023 P2=   0 T1=1023 T2= 902  P= 602  D=   1 
 X= 841 X2=1023  Y= 977 Y2=1018 P1=1023 P2=   0 T1=1023 T2= 923  P= 602  D=   1 
 X= 935 X2=1023  Y= 993 Y2=1015 P1=1023 P2=   0 T1=1023 T2= 867  P= 602  D=   1 
 X= 860 X2=1013  Y= 970 Y2=1022 P1=1023 P2=   0 T1=1017 T2= 928  P= 602  D=   1 
 X= 947 X2=1019  Y= 980 Y2=1019 P1=1023 P2=   0 T1=1023 T2= 899  P= 602  D=   1 
 X= 854 X2=1023  Y= 976 Y2=1018 P1=1023 P2=   0 T1=1023 T2= 915  P= 602  D=   1 
 X= 952 X2=1023  Y= 969 Y2=1023 P1=1023 P2=   0 T1=1022 T2= 912  P= 602  D=   1 
 X= 937 X2=1023  Y= 973 Y2=1020 P1=1023 P2=   0 T1=1021 T2= 890  P= 602  D=   1 
 X= 961 X2= 993  Y= 978 Y2=1017 P1=1023 P2=   0 T1=1023 T2= 909  P= 602  D=   1 
 X= 984 X2=1002  Y= 978 Y2=1023 P1=1023 P2=   0 T1=1018 T2= 896  P= 602  D=   1 
 X= 797 X2=1023  Y= 983 Y2=1018 P1=1023 P2=   0 T1=1023 T2= 919  P= 602  D=   1 
 X= 915 X2=1023  Y= 986 Y2=1017 P1=1023 P2=   0 T1=1023 T2= 915  P= 602  D=   1 
 X= 978 X2=1013  Y= 980 Y2=1021 P1=1023 P2=   0 T1=1019 T2= 894  P= 602  D=   1 
 X= 851 X2=1020  Y= 978 Y2=1023 P1=1023 P2=   0 T1=1018 T2= 917  P= 602  D=   1 
 X= 950 X2=1023  Y= 982 Y2=1023 P1=1023 P2=   0 T1=1023 T2= 925  P= 602  D=   1 
 X=1023 X2=1012  Y= 973 Y2=1018 P1=1023 P2=   0 T1=1019 T2= 887  P= 602  D=   1 
 X= 894 X2=1022  Y= 973 Y2=1022 P1=1023 P2=   0 T1=1023 T2= 895  P= 602  D=   1 
 X= 939 X2=1023  Y= 985 Y2=1017 P1=1023 P2=   0 T1=1023 T2= 893  P= 602  D=   1 
 X= 961 X2=1023  Y= 968 Y2=1023 P1=1023 P2=   0 T1=1023 T2= 913  P= 602  D=   1 
 X= 816 X2=1021  Y= 970 Y2=1020 P1=1023 P2=   0 T1=1023 T2= 869  P= 602  D=   1 
 X= 874 X2=1022  Y= 978 Y2=1019 P1=1023 P2=   0 T1=1017 T2= 905  P= 602  D=   1 
 X= 875 X2=1023  Y= 985 Y2=1018 P1=1023 P2=   0 T1=1019 T2= 910  P= 602  D=   1 
 X= 986 X2=1000  Y= 986 Y2=1020 P1=1022 P2=   0 T1=1018 T2= 893  P= 602  D=   1 
 X= 938 X2=1015  Y= 976 Y2=1023 P1=1023 P2=   0 T1=1018 T2= 912  P= 602  D=   1 
 X= 956 X2=1023  Y= 977 Y2=1023 P1=1023 P2=   0 T1=1023 T2= 910  P= 602  D=   1 
 X=1023 X2=1001  Y= 979 Y2=1023 P1=1023 P2=   0 T1=1019 T2= 923  P= 602  D=   1 
 X= 910 X2=1023  Y= 967 Y2=1023 P1=1023 P2=   0 T1=1019 T2= 923  P= 602  D=   1 
 X= 961 X2=1023  Y= 981 Y2=1018 P1=1023 P2=   0 T1=1023 T2= 908  P= 602  D=   1 
 X= 952 X2=1023  Y= 979 Y2=1017 P1=1023 P2=   0 T1=1019 T2= 908  P= 602  D=   1 
 X= 814 X2=1023  Y= 969 Y2=1020 P1=1023 P2=   0 T1=1018 T2= 908  P= 602  D=   1 
 X= 928 X2=1023  Y= 981 Y2=1017 P1=1023 P2=   0 T1=1023 T2= 897  P= 602  D=   1 
 X= 891 X2=1016  Y= 974 Y2=1019 P1=1023 P2=   0 T1=1019 T2= 902  P= 602  D=   1 
 X= 912 X2=1019  Y= 969 Y2=1023 P1=1023 P2=   0 T1=1018 T2= 940  P= 602  D=   1 
 X=1023 X2=1004  Y= 987 Y2=1023 P1=1023 P2=   0 T1=1023 T2= 917  P= 602  D=   1 
 X= 958 X2=1020  Y= 991 Y2=1022 P1=1023 P2=   0 T1=1023 T2= 917  P= 602  D=   1 
 X= 847 X2=1017  Y= 974 Y2=1023 P1=1023 P2=   0 T1=1023 T2= 909  P= 602  D=   1 
 X= 957 X2=1021  Y= 990 Y2=1020 P1=1023 P2=   0 T1=1018 T2= 909  P= 602  D=   1 
 X= 931 X2=1022  Y= 983 Y2=1017 P1=1023 P2=   0 T1=1021 T2= 890  P= 602  D=   1 
 X= 932 X2=1017  Y= 978 Y2=1023 P1=1023 P2=   0 T1=1023 T2= 911  P= 602  D=   1 
 X= 781 X2=1023  Y= 968 Y2=1023 P1=1023 P2=   0 T1=1019 T2= 929  P= 602  D=   1 
 X= 951 X2=1023  Y= 966 Y2=1019 P1=1023 P2=   0 T1=1022 T2= 915  P= 602  D=   1 
 X= 789 X2=1023  Y= 984 Y2=1023 P1=1022 P2=   0 T1=1023 T2= 911  P= 602  D=   1 
 X= 902 X2=1019  Y= 968 Y2=1023 P1=1023 P2=   0 T1=1023 T2= 891  P= 602  D=   1 
 X= 950 X2=1022  Y= 973 Y2=1017 P1=1021 P2=   0 T1=1023 T2= 917  P= 602  D=   1 
 X= 982 X2=1012  Y= 980 Y2=1023 P1=1023 P2=   0 T1=1019 T2= 886  P= 602  D=   1 
 X= 813 X2= 815  Y= 326 Y2= 332 P1= 800 P2= 479 T1=  15 T2=  15  P= 545  D=   1 * 0
 X= 815 X2= 813  Y= 325 Y2= 331 P1= 798 P2= 482 T1=  14 T2=  14  P= 533  D=   1 * 0
 X= 814 X2= 813  Y= 326 Y2= 331 P1= 798 P2= 480 T1=  15 T2=  15  P= 538  D=   1 * 0
 X= 812 X2= 813  Y= 326 Y2= 332 P1= 798 P2= 481 T1=  15 T2=  16  P= 535  D=   1 * 0
 X= 814 X2= 813  Y= 325 Y2= 331 P1= 798 P2= 481 T1=  15 T2=  15  P= 535  D=   1 * 1
 X= 814 X2= 812  Y= 325 Y2= 333 P1= 798 P2= 482 T1=  15 T2=  15  P= 532  D=   1 * 2
 X= 813 X2= 813  Y= 325 Y2= 332 P1= 798 P2= 483 T1=  15 T2=  15  P= 530  D=   1 * 3
 X= 816 X2= 813  Y= 325 Y2= 332 P1= 797 P2= 483 T1=  14 T2=  15  P= 529  D=   1 * 4
 X= 811 X2= 812  Y= 326 Y2= 331 P1= 797 P2= 482 T1=  13 T2=  15  P= 529  D=   1 * 5
 X= 814 X2= 813  Y= 325 Y2= 332 P1= 798 P2= 483 T1=  15 T2=  15  P= 530  D=   1 * 6
 X= 813 X2= 813  Y= 326 Y2= 327 P1= 798 P2= 483 T1=  13 T2=  15  P= 530  D=   1 * 7
 X= 813 X2= 813  Y= 325 Y2= 332 P1= 798 P2= 483 T1=  14 T2=  15  P= 530  D=   1 * 8
 X= 813 X2= 812  Y= 325 Y2= 338 P1= 798 P2= 483 T1=  14 T2=  15  P= 529  D=   1 * 9
 X= 814 X2= 813  Y= 324 Y2= 332 P1= 797 P2= 483 T1=  13 T2=  15  P= 528  D=   1 * 10
 X= 814 X2= 812  Y= 323 Y2= 331 P1= 798 P2= 483 T1=  15 T2=  15  P= 530  D=   1 * 11
 X= 814 X2= 814  Y= 323 Y2= 333 P1= 797 P2= 483 T1=  14 T2=  18  P= 529  D=   1 * 12
 X= 815 X2= 811  Y= 325 Y2= 333 P1= 797 P2= 483 T1=  15 T2=  14  P= 528  D=   1 * 13
 X= 813 X2= 812  Y= 326 Y2= 332 P1= 797 P2= 483 T1=  14 T2=  14  P= 527  D=   1 * 14
 X= 813 X2= 811  Y= 325 Y2= 332 P1= 798 P2= 483 T1=  15 T2=  15  P= 529  D=   1 * 15
 X= 813 X2= 815  Y= 329 Y2= 331 P1= 798 P2= 482 T1=  15 T2=  14  P= 533  D=   1 * 16
 X= 813 X2= 812  Y= 325 Y2= 332 P1= 797 P2= 483 T1=  16 T2=  15  P= 527  D=   1 * 17
 X= 813 X2= 812  Y= 326 Y2= 332 P1= 797 P2= 483 T1=  15 T2=  15  P= 527  D=   1 * 18
 X= 813 X2= 812  Y= 326 Y2= 332 P1= 797 P2= 483 T1=  15 T2=  15  P= 527  D=   1 * 19
 X= 813 X2= 812  Y= 325 Y2= 335 P1= 797 P2= 483 T1=  14 T2=  15  P= 527  D=   1 * 20
 X= 815 X2= 812  Y= 325 Y2= 332 P1= 797 P2= 482 T1=  14 T2=  15  P= 530  D=   1 * 21
 X= 814 X2= 812  Y= 325 Y2= 333 P1= 797 P2= 483 T1=  14 T2=  15  P= 528  D=   1 * 22
 X= 813 X2= 813  Y= 325 Y2= 331 P1= 798 P2= 482 T1=  14 T2=  16  P= 532  D=   1 * 23
 X= 814 X2= 812  Y= 325 Y2= 332 P1= 798 P2= 483 T1=  14 T2=  15  P= 530  D=   1 * 24
Remove Pin
 X= 813 X2= 812  Y= 326 Y2= 335 P1= 797 P2= 482 T1=  15 T2=  15  P= 530  D=   1 * 24
 X= 813 X2= 812  Y= 326 Y2= 332 P1= 797 P2= 482 T1=  14 T2=  14  P= 530  D=   1 * 24
 X= 812 X2= 818  Y= 322 Y2= 333 P1= 798 P2= 483 T1=  15 T2=  15  P= 531  D=   1 * 24
 X= 813 X2= 813  Y= 325 Y2= 332 P1= 798 P2= 482 T1=  16 T2=  15  P= 532  D=   1 * 24
 X= 814 X2= 812  Y= 325 Y2= 332 P1= 797 P2= 483 T1=  14 T2=  14  P= 528  D=   1 * 24
 X= 813 X2= 812  Y= 326 Y2= 331 P1= 797 P2= 483 T1=  14 T2=  16  P= 527  D=   1 * 24
 X= 813 X2= 812  Y= 325 Y2= 332 P1= 797 P2= 483 T1=  14 T2=  15  P= 527  D=   1 * 24
 X= 814 X2= 813  Y= 325 Y2= 332 P1= 797 P2= 483 T1=  15 T2=  14  P= 528  D=   1 * 24
 X= 813 X2= 811  Y= 326 Y2= 333 P1= 797 P2= 483 T1=  14 T2=  16  P= 527  D=   1 * 24
 X= 813 X2= 813  Y= 326 Y2= 331 P1= 797 P2= 483 T1=  15 T2=  15  P= 528  D=   1 * 24
 X= 814 X2= 812  Y= 325 Y2= 330 P1= 797 P2= 483 T1=  14 T2=  14  P= 528  D=   1 * 24
 X= 813 X2= 813  Y= 325 Y2= 333 P1= 797 P2= 483 T1=  15 T2=  15  P= 528  D=   1 * 24
 X= 814 X2= 813  Y= 324 Y2= 332 P1= 797 P2= 483 T1=  14 T2=  15  P= 528  D=   1 * 24
 X= 814 X2= 813  Y= 325 Y2= 332 P1= 797 P2= 483 T1=  15 T2=  15  P= 528  D=   1 * 24
 X= 813 X2= 813  Y= 325 Y2= 332 P1= 797 P2= 483 T1=  14 T2=  15  P= 528  D=   1 * 24
 X= 814 X2= 812  Y= 325 Y2= 332 P1= 798 P2= 483 T1=  13 T2=  17  P= 530  D=   1 * 24
 X= 814 X2= 812  Y= 325 Y2= 332 P1= 798 P2= 483 T1=1018 T2= 901  P= 530  D=   1 
 X= 934 X2=1023  Y= 978 Y2=1018 P1= 798 P2= 483 T1=1019 T2= 892  P= 530  D=   1 
 X=1023 X2=1017  Y= 973 Y2=1023 P1= 798 P2= 483 T1=1023 T2= 924  P= 530  D=   1 
target state=2 point=456,249
 X= 965 X2=1016  Y= 991 Y2=1021 P1=1023 P2= 483 T1=1023 T2= 893  P= 530  D=   1 
 X= 879 X2=1021  Y= 988 Y2=1017 P1=1023 P2= 483 T1=1023 T2= 899  P= 530  D=   1 
 X= 918 X2=1015  Y= 969 Y2=1023 P1=1023 P2= 483 T1=1017 T2= 908  P= 530  D=   1 
 X= 919 X2=1023  Y= 972 Y2=1023 P1=1023 P2= 483 T1=1022 T2= 917  P= 530  D=   1 
 X= 953 X2=1023  Y= 987 Y2=1021 P1=1023 P2= 483 T1=1023 T2= 911  P= 530  D=   1 
 X= 867 X2=1017  Y= 967 Y2=1019 P1=1023 P2= 483 T1=1023 T2= 902  P= 530  D=   1 
 X= 848 X2=1014  Y= 969 Y2=1023 P1=1023 P2= 483 T1=1018 T2= 890  P= 530  D=   1 
 X= 790 X2=1023  Y= 973 Y2=1022 P1=1023 P2= 483 T1=1019 T2= 896  P= 530  D=   1 
 X=1016 X2=1000  Y= 969 Y2=1015 P1=1023 P2= 483 T1=1021 T2= 911  P= 530  D=   1 
 X= 857 X2=1014  Y= 959 Y2=1023 P1=1022 P2= 483 T1=1023 T2= 912  P= 530  D=   1 
 X= 958 X2=1021  Y= 995 Y2=1017 P1=1023 P2= 483 T1=1023 T2= 881  P= 530  D=   1 
 X=1008 X2=1011  Y= 969 Y2=1023 P1=1023 P2= 483 T1=1021 T2= 903  P= 530  D=   1 
 X= 799 X2=1023  Y= 968 Y2=1023 P1=1023 P2= 483 T1=1018 T2= 908  P= 530  D=   1 
 X= 876 X2=1023  Y= 987 Y2=1019 P1=1023 P2= 483 T1=1017 T2= 888  P= 530  D=   1 
 X= 946 X2=1020  Y= 981 Y2=1017 P1=1023 P2= 483 T1=1019 T2= 904  P= 530  D=   1 
 X= 845 X2=1017  Y= 969 Y2=1023 P1=1023 P2= 483 T1=1017 T2= 893  P= 530  D=   1 
 X= 899 X2=1023  Y= 976 Y2=1018 P1=1023 P2= 483 T1=1020 T2= 904  P= 530  D=   1 
 X=1023 X2= 998  Y= 973 Y2=1017 P1=1023 P2= 483 T1=1023 T2= 895  P= 530  D=   1 
 X=1018 X2= 981  Y= 978 Y2=1017 P1=1023 P2= 483 T1=1023 T2= 912  P= 530  D=   1 
 X= 873 X2=1023  Y= 960 Y2=1017 P1=1023 P2= 483 T1=1023 T2= 895  P= 530  D=   1 
 X= 942 X2=1022  Y= 971 Y2=1019 P1=1023 P2= 483 T1=1023 T2= 922  P= 530  D=   1 
 X= 942 X2=1020  Y= 967 Y2=1020 P1=1023 P2= 483 T1=1023 T2= 905  P= 530  D=   1 
 X= 776 X2=1023  Y= 983 Y2=1023 P1=1023 P2= 483 T1=1023 T2= 927  P= 530  D=   1 
 X= 925 X2=1021  Y= 980 Y2=1017 P1=1023 P2= 483 T1=1023 T2= 886  P= 530  D=   1 
 X= 989 X2=1012  Y= 979 Y2=1023 P1=1023 P2= 483 T1=1019 T2= 905  P= 530  D=   1 
 X= 896 X2=1019  Y= 975 Y2=1023 P1=1023 P2= 483 T1=1019 T2= 903  P= 530  D=   1 
 X= 945 X2=1020  Y= 974 Y2=1023 P1=1023 P2= 483 T1=1021 T2= 912  P= 530  D=   1 
 X=1007 X2=1003  Y= 970 Y2=1017 P1=1023 P2= 483 T1=1017 T2= 908  P= 530  D=   1 
 X= 904 X2=1023  Y= 982 Y2=1019 P1=1023 P2= 483 T1=1023 T2= 910  P= 530  D=   1 
 X= 900 X2=1022  Y= 974 Y2=1023 P1=1023 P2= 483 T1=1020 T2= 899  P= 530  D=   1 
 X= 980 X2= 993  Y= 984 Y2=1017 P1=1023 P2= 483 T1=1023 T2= 905  P= 530  D=   1 
 X= 945 X2=1023  Y= 970 Y2=1020 P1=1023 P2= 483 T1=1023 T2= 922  P= 530  D=   1 
 X= 782 X2=1023  Y= 967 Y2=1023 P1=1023 P2= 483 T1=1023 T2= 933  P= 530  D=   1 
 X= 997 X2=1001  Y= 968 Y2=1021 P1=1022 P2= 483 T1=1023 T2= 909  P= 530  D=   1 
 X= 986 X2=1012  Y= 967 Y2=1023 P1=1023 P2= 483 T1=1023 T2= 903  P= 530  D=   1 
 X= 940 X2=1023  Y= 985 Y2=1023 P1=1023 P2= 483 T1=1023 T2= 894  P= 530  D=   1 
 X= 997 X2=1020  Y= 978 Y2=1020 P1=1023 P2= 483 T1=1021 T2= 870  P= 530  D=   1 
 X= 875 X2=1016  Y= 968 Y2=1021 P1=1023 P2= 483 T1=1018 T2= 918  P= 530  D=   1 
 X= 899 X2=1023  Y= 974 Y2=1021 P1=1023 P2= 483 T1=1023 T2= 905  P= 530  D=   1 
 X= 898 X2=1022  Y= 995 Y2=1017 P1=1023 P2= 483 T1=1018 T2= 901  P= 530  D=   1 
 X= 884 X2=1019  Y= 975 Y2=1023 P1=1023 P2= 483 T1=1018 T2= 919  P= 530  D=   1 
 X= 952 X2=1023  Y= 967 Y2=1019 P1=1023 P2=   1 T1=1023 T2= 908  P= 530  D=   1 
 X=1023 X2=1014  Y= 978 Y2=1021 P1=1023 P2=   0 T1=1019 T2= 892  P= 530  D=   1 
 X= 988 X2=1004  Y= 976 Y2=1023 P1=1023 P2=   0 T1=1023 T2= 899  P= 530  D=   1 
 X=1003 X2= 884  Y=1012 Y2=1023 P1=1023 P2=   0 T1=1019 T2=1010  P= 530  D=   1 
 X= 964 X2=1023  Y= 967 Y2=1023 P1=1023 P2=   0 T1=1018 T2= 913  P= 530  D=   1 
 X=1023 X2=1011  Y= 971 Y2=1020 P1=1023 P2=   0 T1=1023 T2= 907  P= 530  D=   1 
 X= 955 X2=1001  Y= 976 Y2=1017 P1=1023 P2=   0 T1=1018 T2= 892  P= 530  D=   1 
 X= 938 X2=1022  Y= 979 Y2=1016 P1=1023 P2=   0 T1=1023 T2= 897  P= 530  D=   1 
 X= 877 X2=1015  Y= 961 Y2=1023 P1=1023 P2=   0 T1=1020 T2= 907  P= 530  D=   1 
 X= 931 X2=1017  Y= 987 Y2=1020 P1=1023 P2=   0 T1=1022 T2= 902  P= 530  D=   1 
 X= 923 X2=1023  Y= 979 Y2=1017 P1=1023 P2=   0 T1=1022 T2= 942  P= 530  D=   1 
 X=1023 X2=1009  Y= 985 Y2=1023 P1=1023 P2=   0 T1=1020 T2= 916  P= 530  D=   1 
 X=1008 X2=1001  Y= 975 Y2=1022 P1=1023 P2=   0 T1=1019 T2= 900  P= 530  D=   1 
 X= 975 X2=1019  Y= 975 Y2=1023 P1=1023 P2=   0 T1=1023 T2= 892  P= 530  D=   1 
 X= 928 X2= 990  Y= 979 Y2=1015 P1=1023 P2=   0 T1=1019 T2= 882  P= 530  D=   1 
 X= 786 X2=1023  Y= 969 Y2=1023 P1=1023 P2=   0 T1=1019 T2= 901  P= 530  D=   1 
 X= 858 X2=1023  Y= 986 Y2=1018 P1=1023 P2=   0 T1=1018 T2= 902  P= 530  D=   1 
 X= 962 X2=1023  Y= 982 Y2=1018 P1=1023 P2=   0 T1=1023 T2= 893  P= 530  D=   1 
 X= 896 X2=1020  Y= 970 Y2=1019 P1=1023 P2=   0 T1=1018 T2= 912  P= 530  D=   1 
 X= 810 X2= 810  Y= 707 Y2= 711 P1= 905 P2= 552 T1=  14 T2=  15  P= 517  D=   1 * 0
 X= 809 X2= 818  Y= 708 Y2= 712 P1= 907 P2= 545 T1=  15 T2=  15  P= 539  D=   1 * 0
 X= 810 X2= 811  Y= 706 Y2= 712 P1= 907 P2= 545 T1=  15 T2=  15  P= 537  D=   1 * 0
 X= 809 X2= 810  Y= 708 Y2= 712 P1= 906 P2= 544 T1=  15 T2=  15  P= 537  D=   1 * 0
 X= 809 X2= 810  Y= 707 Y2= 712 P1= 907 P2= 545 T1=  13 T2=  14  P= 537  D=   1 * 1
 X= 809 X2= 810  Y= 707 Y2= 712 P1= 906 P2= 545 T1=  14 T2=  15  P= 535  D=   1 * 2
 X= 809 X2= 813  Y= 708 Y2= 712 P1= 906 P2= 546 T1=  15 T2=  15  P= 534  D=   1 * 3
 X= 808 X2= 810  Y= 709 Y2= 711 P1= 906 P2= 546 T1=  15 T2=  15  P= 533  D=   1 * 4
 X= 809 X2= 810  Y= 707 Y2= 712 P1= 906 P2= 547 T1=  15 T2=  15  P= 530  D=   1 * 5
 X= 809 X2= 810  Y= 708 Y2= 711 P1= 906 P2= 547 T1=  14 T2=  15  P= 530  D=   1 * 6
 X= 809 X2= 810  Y= 708 Y2= 711 P1= 906 P2= 547 T1=  14 T2=  15  P= 530  D=   1 * 7
 X= 809 X2= 809  Y= 707 Y2= 711 P1= 906 P2= 546 T1=  18 T2=  15  P= 533  D=   1 * 8
 X= 809 X2= 810  Y= 707 Y2= 712 P1= 906 P2= 546 T1=  14 T2=  15  P= 533  D=   1 * 9
 X= 809 X2= 810  Y= 708 Y2= 711 P1= 906 P2= 546 T1=  15 T2=  15  P= 533  D=   1 * 10
 X= 810 X2= 810  Y= 708 Y2= 712 P1= 907 P2= 546 T1=  14 T2=  15  P= 535  D=   1 * 11
 X= 808 X2= 810  Y= 707 Y2= 712 P1= 906 P2= 546 T1=  15 T2=  14  P= 533  D=   1 * 12
 X= 810 X2= 811  Y= 709 Y2= 711 P1= 906 P2= 546 T1=  14 T2=  15  P= 533  D=   1 * 13
 X= 809 X2= 811  Y= 707 Y2= 711 P1= 906 P2= 546 T1=  15 T2=  15  P= 533  D=   1 * 14
 X= 809 X2= 810  Y= 707 Y2= 712 P1= 906 P2= 546 T1=  15 T2=  14  P= 533  D=   1 * 15
 X= 809 X2= 810  Y= 708 Y2= 712 P1= 906 P2= 546 T1=  13 T2=  15  P= 533  D=   1 * 16
 X= 809 X2= 809  Y= 708 Y2= 712 P1= 906 P2= 547 T1=  14 T2=  15  P= 530  D=   1 * 17
 X= 809 X2= 809  Y= 708 Y2= 712 P1= 906 P2= 547 T1=  14 T2=  18  P= 530  D=   1 * 18
 X= 809 X2= 809  Y= 708 Y2= 711 P1= 906 P2= 547 T1=  15 T2=  15  P= 530  D=   1 * 19
 X= 810 X2= 810  Y= 708 Y2= 712 P1= 906 P2= 547 T1=  14 T2=  15  P= 531  D=   1 * 20
 X= 809 X2= 810  Y= 708 Y2= 712 P1= 906 P2= 547 T1=  15 T2=  15  P= 530  D=   1 * 21
 X= 809 X2= 813  Y= 708 Y2= 712 P1= 906 P2= 547 T1=  15 T2=  15  P= 532  D=   1 * 22
 X= 809 X2= 810  Y= 708 Y2= 713 P1= 906 P2= 547 T1=  15 T2=  15  P= 530  D=   1 * 23
 X= 809 X2= 810  Y= 707 Y2= 711 P1= 906 P2= 547 T1=  14 T2=  15  P= 530  D=   1 * 24
Remove Pin
 X= 809 X2= 811  Y= 708 Y2= 711 P1= 906 P2= 547 T1=  15 T2=  15  P= 531  D=   1 * 24
 X= 809 X2= 811  Y= 708 Y2= 712 P1= 908 P2= 547 T1=  14 T2=  15  P= 533  D=   1 * 24
 X= 809 X2= 811  Y= 707 Y2= 712 P1= 906 P2= 546 T1=  15 T2=  14  P= 533  D=   1 * 24
 X= 809 X2= 810  Y= 707 Y2= 711 P1= 905 P2= 546 T1=  13 T2=  15  P= 531  D=   1 * 24
 X= 809 X2= 810  Y= 707 Y2= 712 P1= 907 P2= 547 T1=  14 T2=  14  P= 532  D=   1 * 24
 X= 808 X2= 810  Y= 706 Y2= 708 P1= 906 P2= 547 T1=  15 T2=  16  P= 530  D=   1 * 24
 X= 809 X2= 812  Y= 708 Y2= 711 P1= 906 P2= 546 T1=  15 T2=  16  P= 533  D=   1 * 24
 X= 809 X2= 808  Y= 708 Y2= 710 P1= 906 P2= 547 T1=  14 T2=  15  P= 530  D=   1 * 24
 X= 809 X2= 810  Y= 707 Y2= 712 P1= 906 P2= 547 T1=  15 T2=  16  P= 530  D=   1 * 24
 X= 809 X2= 811  Y= 708 Y2= 712 P1= 906 P2= 546 T1=  15 T2=  14  P= 533  D=   1 * 24
 X= 810 X2= 809  Y= 707 Y2= 712 P1= 906 P2= 547 T1=  15 T2=  14  P= 530  D=   1 * 24
 X= 808 X2= 809  Y= 708 Y2= 711 P1= 906 P2= 547 T1=  15 T2=  15  P= 530  D=   1 * 24
 X= 808 X2= 813  Y= 707 Y2= 712 P1= 906 P2= 546 T1=  15 T2=  15  P= 533  D=   1 * 24
 X= 808 X2= 810  Y= 707 Y2= 711 P1= 907 P2= 547 T1=  15 T2=  15  P= 532  D=   1 * 24
 X= 809 X2= 808  Y= 707 Y2= 711 P1= 907 P2= 547 T1=  14 T2=  15  P= 531  D=   1 * 24
 X= 809 X2= 810  Y= 707 Y2= 712 P1= 906 P2= 547 T1=  15 T2=  16  P= 530  D=   1 * 24
 X= 809 X2= 810  Y= 708 Y2= 711 P1= 906 P2= 547 T1=  15 T2=  17  P= 530  D=   1 * 24
 X= 809 X2= 809  Y= 707 Y2= 712 P1= 907 P2= 546 T1=  15 T2=  15  P= 534  D=   1 * 24
 X= 808 X2= 809  Y= 708 Y2= 715 P1= 909 P2= 536 T1=  16 T2=  15  P= 561  D=   1 * 24
 X= 920 X2=1023  Y= 956 Y2=1016 P1=1023 P2=   0 T1=1023 T2= 870  P= 561  D=   1 
 X= 948 X2=1020  Y= 985 Y2=1019 P1=1023 P2=   0 T1=1019 T2= 877  P= 561  D=   1 
 X=1023 X2=1000  Y= 974 Y2=1016 P1=1023 P2=   0 T1=1020 T2= 866  P= 561  D=   1 
target state=3 point=23,249
 X= 947 X2=1023  Y= 980 Y2=1023 P1=1023 P2=   0 T1=1017 T2= 898  P= 561  D=   1 
 X= 946 X2=1021  Y= 970 Y2=1021 P1=1023 P2=   0 T1=1021 T2= 910  P= 561  D=   1 
 X= 856 X2=1017  Y= 961 Y2=1023 P1=1022 P2=   0 T1=1021 T2= 877  P= 561  D=   1 
 X= 854 X2=1015  Y= 971 Y2=1023 P1=1023 P2=   0 T1=1022 T2= 886  P= 561  D=   1 
 X= 912 X2=1023  Y= 966 Y2=1023 P1=1023 P2=   0 T1=1021 T2= 890  P= 561  D=   1 
 X=1023 X2=1013  Y= 978 Y2=1023 P1=1022 P2=   0 T1=1018 T2= 892  P= 561  D=   1 
 X=1017 X2=1000  Y= 976 Y2=1023 P1=1023 P2=   0 T1=1017 T2= 886  P= 561  D=   1 
 X= 902 X2=1023  Y= 973 Y2=1019 P1=1023 P2=   0 T1=1023 T2= 894  P= 561  D=   1 
 X= 955 X2=1023  Y= 975 Y2=1016 P1=1023 P2=   0 T1=1023 T2= 915  P= 561  D=   1 
 X= 935 X2=1019  Y= 984 Y2=1020 P1=1023 P2=   0 T1=1023 T2= 883  P= 561  D=   1 
 X= 818 X2=1023  Y= 983 Y2=1023 P1=1023 P2=   0 T1=1023 T2= 921  P= 561  D=   1 
 X= 923 X2=1021  Y= 982 Y2=1022 P1=1023 P2=   0 T1=1020 T2= 915  P= 561  D=   1 
 X= 876 X2=1015  Y= 962 Y2=1023 P1=1023 P2=   0 T1=1019 T2= 905  P= 561  D=   1 
 X= 864 X2=1016  Y= 971 Y2=1021 P1=1023 P2=   0 T1=1019 T2= 900  P= 561  D=   1 
 X=1023 X2=1002  Y= 973 Y2=1017 P1=1023 P2=   0 T1=1019 T2= 913  P= 561  D=   1 
 X=1022 X2=1012  Y= 973 Y2=1023 P1=1023 P2=   0 T1=1023 T2= 897  P= 561  D=   1 
 X= 861 X2=1023  Y= 975 Y2=1023 P1=1023 P2=   0 T1=1018 T2= 897  P= 561  D=   1 
 X= 877 X2=1023  Y= 981 Y2=1023 P1=1023 P2=   0 T1=1020 T2= 894  P= 561  D=   1 
 X=1023 X2=1021  Y= 973 Y2=1021 P1=1023 P2=   0 T1=1019 T2= 910  P= 561  D=   1 
 X= 800 X2=1023  Y= 978 Y2=1018 P1=1022 P2=   0 T1=1018 T2= 902  P= 561  D=   1 
 X= 797 X2=1023  Y= 971 Y2=1018 P1=1023 P2=   0 T1=1023 T2= 904  P= 561  D=   1 
 X=1022 X2=1012  Y= 981 Y2=1023 P1=1022 P2=   0 T1=1021 T2= 910  P= 561  D=   1 
 X= 849 X2=1017  Y= 975 Y2=1016 P1=1023 P2=   0 T1=1019 T2= 900  P= 561  D=   1 
 X= 946 X2=1023  Y= 989 Y2=1023 P1=1023 P2=   0 T1=1023 T2= 921  P= 561  D=   1 
 X=1023 X2=1012  Y= 966 Y2=1023 P1=1023 P2=   0 T1=1023 T2= 913  P= 561  D=   1 
 X= 965 X2=1019  Y= 988 Y2=1019 P1=1023 P2=   0 T1=1023 T2= 885  P= 561  D=   1 
 X= 938 X2=1013  Y= 985 Y2=1018 P1=1023 P2=   0 T1=1023 T2= 910  P= 561  D=   1 
 X= 963 X2=1023  Y= 984 Y2=1023 P1=1023 P2=   0 T1=1023 T2= 924  P= 561  D=   1 
 X= 950 X2=1023  Y= 981 Y2=1023 P1=1023 P2=   0 T1=1021 T2= 892  P= 561  D=   1 
 X= 752 X2=1023  Y= 966 Y2=1023 P1=1023 P2=   0 T1=1019 T2= 928  P= 561  D=   1 
 X=1023 X2=1006  Y= 976 Y2=1023 P1=1023 P2=   0 T1=1016 T2= 910  P= 561  D=   1 
 X= 985 X2=1010  Y= 963 Y2=1023 P1=1023 P2=   0 T1=1021 T2= 929  P= 561  D=   1 
 X= 957 X2= 989  Y= 972 Y2=1023 P1=1023 P2=   0 T1=1022 T2= 890  P= 561  D=   1 
 X= 952 X2= 981  Y= 975 Y2=1015 P1=1023 P2=   0 T1=1023 T2= 891  P= 561  D=   1 
 X=1023 X2=1012  Y= 979 Y2=1019 P1=1023 P2=   0 T1=1019 T2= 879  P= 561  D=   1 
 X=1015 X2= 981  Y=1012 Y2=1023 P1=1023 P2=   0 T1=1023 T2=1016  P= 561  D=   1 
 X= 855 X2=1018  Y= 947 Y2=1018 P1=1023 P2=   0 T1=1023 T2= 917  P= 561  D=   1 
 X= 942 X2=1023  Y= 975 Y2=1023 P1=1023 P2=   0 T1=1019 T2= 908  P= 561  D=   1 
 X= 881 X2=1021  Y= 970 Y2=1023 P1=1023 P2=   0 T1=1020 T2= 904  P= 561  D=   1 
 X= 989 X2=1009  Y= 973 Y2=1023 P1=1023 P2=   0 T1=1023 T2= 901  P= 561  D=   1 
 X=1010 X2= 990  Y= 978 Y2=1023 P1=1021 P2=   0 T1=1021 T2= 893  P= 561  D=   1 
 X= 994 X2=1006  Y= 966 Y2=1022 P1=1023 P2=   0 T1=1018 T2= 896  P= 561  D=   1 
 X= 922 X2=1020  Y= 991 Y2=1023 P1=1023 P2=   0 T1=1019 T2= 893  P= 561  D=   1 
 X= 953 X2=1022  Y= 961 Y2=1016 P1=1023 P2=   0 T1=1020 T2= 911  P= 561  D=   1 
 X= 848 X2=1021  Y= 986 Y2=1023 P1=1023 P2=   0 T1=1023 T2= 908  P= 561  D=   1 
 X= 828 X2=1023  Y= 976 Y2=1023 P1=1023 P2=   0 T1=1018 T2= 889  P= 561  D=   1 
 X= 789 X2=1023  Y= 973 Y2=1023 P1=1023 P2=   0 T1=1023 T2= 911  P= 561  D=   1 
 X= 971 X2=1011  Y= 966 Y2=1023 P1=1023 P2=   0 T1=1018 T2= 901  P= 561  D=   1 
 X= 947 X2=1023  Y= 978 Y2=1023 P1=1023 P2=   0 T1=1018 T2= 891  P= 561  D=   1 
 X=1023 X2=1012  Y= 980 Y2=1023 P1=1023 P2=   0 T1=1019 T2= 891  P= 561  D=   1 
 X= 996 X2=1004  Y= 979 Y2=1023 P1=1023 P2=   0 T1=1023 T2= 895  P= 561  D=   1 
 X=1023 X2= 988  Y= 979 Y2=1018 P1=1023 P2=   0 T1=1017 T2= 928  P= 561  D=   1 
 X= 961 X2=1023  Y= 977 Y2=1018 P1=1023 P2=   0 T1=1023 T2= 885  P= 561  D=   1 
 X= 877 X2=1023  Y= 981 Y2=1023 P1=1023 P2=   0 T1=1019 T2= 928  P= 561  D=   1 
 X= 899 X2=1023  Y= 981 Y2=1019 P1=1023 P2=   0 T1=1018 T2= 909  P= 561  D=   1 
 X= 916 X2=1023  Y= 970 Y2=1018 P1=1023 P2=   0 T1=1020 T2= 896  P= 561  D=   1 
 X= 969 X2=1011  Y= 983 Y2=1020 P1=1023 P2=   0 T1=1019 T2= 901  P= 561  D=   1 
 X= 873 X2=1016  Y= 967 Y2=1018 P1=1022 P2=   0 T1=  26 T2= 900  P= 561  D=   1 * 0
 X= 235 X2= 238  Y= 703 Y2= 699 P1= 829 P2= 241 T1=  22 T2=  21  P= 575  D=   1 * 0
 X= 236 X2= 238  Y= 700 Y2= 699 P1= 832 P2= 238 T1=  22 T2=  22  P= 591  D=   1 * 0
 X= 237 X2= 237  Y= 704 Y2= 699 P1= 833 P2= 234 T1=  22 T2=  20  P= 606  D=   1 * 0
 X= 235 X2= 238  Y= 704 Y2= 698 P1= 830 P2= 239 T1=  22 T2=  22  P= 583  D=   1 * 1
 X= 236 X2= 237  Y= 703 Y2= 698 P1= 829 P2= 240 T1=  22 T2=  21  P= 579  D=   1 * 2
 X= 236 X2= 237  Y= 703 Y2= 699 P1= 829 P2= 241 T1=  22 T2=  21  P= 575  D=   1 * 3
 X= 235 X2= 237  Y= 704 Y2= 699 P1= 829 P2= 240 T1=  22 T2=  21  P= 579  D=   1 * 4
 X= 234 X2= 237  Y= 705 Y2= 700 P1= 829 P2= 240 T1=  22 T2=  25  P= 576  D=   1 * 5
 X= 235 X2= 237  Y= 704 Y2= 699 P1= 829 P2= 240 T1=  22 T2=  23  P= 579  D=   1 * 6
 X= 235 X2= 236  Y= 703 Y2= 700 P1= 829 P2= 240 T1=  26 T2=  22  P= 576  D=   1 * 7
 X= 235 X2= 237  Y= 703 Y2= 699 P1= 828 P2= 241 T1=  22 T2=  23  P= 574  D=   1 * 8
 X= 235 X2= 237  Y= 704 Y2= 699 P1= 828 P2= 241 T1=  21 T2=  22  P= 574  D=   1 * 9
 X= 234 X2= 237  Y= 704 Y2= 699 P1= 828 P2= 241 T1=  22 T2=  22  P= 572  D=   1 * 10
 X= 235 X2= 237  Y= 704 Y2= 699 P1= 828 P2= 241 T1=  22 T2=  22  P= 574  D=   1 * 11
 X= 236 X2= 241  Y= 704 Y2= 699 P1= 828 P2= 240 T1=  22 T2=  23  P= 583  D=   1 * 12
 X= 235 X2= 237  Y= 704 Y2= 699 P1= 829 P2= 241 T1=  22 T2=  22  P= 575  D=   1 * 13
 X= 235 X2= 238  Y= 702 Y2= 699 P1= 828 P2= 240 T1=  21 T2=  21  P= 578  D=   1 * 14
 X= 234 X2= 240  Y= 704 Y2= 700 P1= 829 P2= 241 T1=  20 T2=  21  P= 578  D=   1 * 15
 X= 235 X2= 238  Y= 704 Y2= 700 P1= 828 P2= 241 T1=  21 T2=  22  P= 574  D=   1 * 16
 X= 236 X2= 237  Y= 704 Y2= 698 P1= 828 P2= 241 T1=  24 T2=  22  P= 574  D=   1 * 17
 X= 235 X2= 237  Y= 704 Y2= 699 P1= 829 P2= 240 T1=  21 T2=  21  P= 579  D=   1 * 18
 X= 234 X2= 237  Y= 705 Y2= 699 P1= 828 P2= 242 T1=  22 T2=  22  P= 568  D=   1 * 19
 X= 235 X2= 237  Y= 703 Y2= 699 P1= 828 P2= 241 T1=  22 T2=  22  P= 574  D=   1 * 20
 X= 234 X2= 236  Y= 703 Y2= 700 P1= 829 P2= 241 T1=  24 T2=  22  P= 573  D=   1 * 21
 X= 235 X2= 237  Y= 704 Y2= 699 P1= 829 P2= 241 T1=  22 T2=  22  P= 575  D=   1 * 22
 X= 235 X2= 239  Y= 704 Y2= 700 P1= 829 P2= 241 T1=  22 T2=  22  P= 578  D=   1 * 23
 X= 236 X2= 237  Y= 704 Y2= 700 P1= 829 P2= 241 T1=  21 T2=  21  P= 575  D=   1 * 24
Remove Pin
 X= 235 X2= 237  Y= 704 Y2= 699 P1= 828 P2= 242 T1=  21 T2=  20  P= 571  D=   1 * 24
 X= 235 X2= 238  Y= 704 Y2= 700 P1= 828 P2= 241 T1=  22 T2=  22  P= 574  D=   1 * 24
 X= 235 X2= 237  Y= 704 Y2= 700 P1= 828 P2= 241 T1=  22 T2=  22  P= 574  D=   1 * 24
 X= 234 X2= 237  Y= 704 Y2= 700 P1= 828 P2= 241 T1=  22 T2=  22  P= 572  D=   1 * 24
 X= 234 X2= 237  Y= 704 Y2= 700 P1= 828 P2= 240 T1=  22 T2=  22  P= 575  D=   1 * 24
 X= 235 X2= 237  Y= 703 Y2= 699 P1= 829 P2= 241 T1=  18 T2=  21  P= 575  D=   1 * 24
 X= 235 X2= 237  Y= 703 Y2= 699 P1= 828 P2= 241 T1=  22 T2=  23  P= 574  D=   1 * 24
 X= 234 X2= 237  Y= 703 Y2= 699 P1= 829 P2= 241 T1=  22 T2=  21  P= 573  D=   1 * 24
 X= 235 X2= 237  Y= 704 Y2= 699 P1= 828 P2= 241 T1=  22 T2=  22  P= 574  D=   1 * 24
 X= 235 X2= 237  Y= 703 Y2= 695 P1= 829 P2= 241 T1=  22 T2=  22  P= 575  D=   1 * 24
 X= 235 X2= 237  Y= 703 Y2= 699 P1= 828 P2= 240 T1=  22 T2=  22  P= 578  D=   1 * 24
 X= 235 X2= 238  Y= 704 Y2= 698 P1= 828 P2= 241 T1=  22 T2=  22  P= 574  D=   1 * 24
 X= 235 X2= 238  Y= 704 Y2= 699 P1= 828 P2= 241 T1=  22 T2=  22  P= 574  D=   1 * 24
 X= 234 X2= 237  Y= 703 Y2= 699 P1= 828 P2= 241 T1=  22 T2=  22  P= 572  D=   1 * 24
 X= 233 X2= 237  Y= 704 Y2= 699 P1= 829 P2= 241 T1=  21 T2=  20  P= 573  D=   1 * 24
 X= 233 X2= 237  Y= 704 Y2= 700 P1= 828 P2= 240 T1=  21 T2=  23  P= 575  D=   1 * 24
 X= 235 X2= 236  Y= 704 Y2= 699 P1= 828 P2= 239 T1=  21 T2=  22  P= 579  D=   1 * 24
 X= 236 X2= 239  Y= 702 Y2= 700 P1= 827 P2= 240 T1=  22 T2=  22  P= 579  D=   1 * 24
 X= 235 X2= 237  Y= 704 Y2= 699 P1= 828 P2= 241 T1=  22 T2=  21  P= 574  D=   1 * 24
 X= 235 X2= 237  Y= 700 Y2= 699 P1= 828 P2= 242 T1=  22 T2=  22  P= 571  D=   1 * 24
 X= 235 X2= 237  Y= 704 Y2= 700 P1= 829 P2= 241 T1=  22 T2=  22  P= 575  D=   1 * 24
 X= 235 X2= 236  Y= 703 Y2= 699 P1= 828 P2= 241 T1=  22 T2=  21  P= 572  D=   1 * 24
 X= 234 X2= 237  Y= 704 Y2= 699 P1= 829 P2= 241 T1=  23 T2=  22  P= 573  D=   1 * 24
 X= 237 X2= 237  Y= 703 Y2= 699 P1= 828 P2= 241 T1=  22 T2=  25  P= 577  D=   1 * 24
 X= 235 X2= 237  Y= 703 Y2= 697 P1= 828 P2= 241 T1=  23 T2=  21  P= 574  D=   1 * 24
 X= 235 X2= 238  Y= 703 Y2= 699 P1= 828 P2= 241 T1=  22 T2=  22  P= 574  D=   1 * 24
 X= 234 X2= 236  Y= 704 Y2= 700 P1= 828 P2= 241 T1=  22 T2=  21  P= 572  D=   1 * 24
 X= 236 X2= 238  Y= 703 Y2= 699 P1= 830 P2= 239 T1=  19 T2=  22  P= 585  D=   1 * 24
 X= 261 X2= 263  Y= 719 Y2= 802 P1= 936 P2= 108 T1=  36 T2= 896  P= 585  D=   1 
 X= 916 X2=1021  Y= 988 Y2=1016 P1=1023 P2=   0 T1=1018 T2= 907  P= 585  D=   1 
 X= 943 X2=1023  Y= 991 Y2=1017 P1=1023 P2=   0 T1=1023 T2= 901  P= 585  D=   1 
 X= 798 X2=1022  Y= 972 Y2=1023 P1=1023 P2=   0 T1=1023 T2= 920  P= 585  D=   1 
Target Noise  x= 2.50 y= 2.50
X[0]: Target= 23   238/ 239/ 240 Stdev= 0.54 N= 24  Y[0]: Target= 22   321/ 322/ 323 Stdev= 0.39 N= 24
X[1]: Target=456   811/ 813/ 814 Stdev= 0.72 N= 24  Y[1]: Target= 22   326/ 328/ 331 Stdev= 0.98 N= 24
X[2]: Target=456   809/ 809/ 811 Stdev= 0.61 N= 24  Y[2]: Target=249   709/ 710/ 710 Stdev= 0.49 N= 24
X[3]: Target= 23   235/ 236/ 238 Stdev= 0.69 N= 24  Y[3]: Target=249   700/ 701/ 702 Stdev= 0.51 N= 24
N=24 Avg=21
min: 21 21 21 21 21 21 
max: 24 23 23 22 22 22 
N=24 Avg=14
min: 14 14 14 14 14 14 
max: 16 15 15 15 15 15 
N=24 Avg=14
min: 13 14 14 14 14 14 
max: 16 16 15 15 15 15 
N=24 Avg=21
min: 20 21 21 21 21 21 
max: 24 23 23 23 22 22 
Using TNT center offset = 19
TNT Plane Coef: a= -800 b=   -5 c= 389968
At  239, 322: Real=  22 Fit=  22 Offset=   3
At  812, 328: Real=  15 Fit=  16 Offset=  -3
At  809, 709: Real=  15 Fit=  16 Offset=  -3
At  236, 701: Real=  22 Fit=  22 Offset=   3
Fit Corners: 25, 13, 13, 25  Center: 19
Setting for min_tnt_up:   521
Setting for max_tnt_down: 24 (V2:36)
Entering calib_pressure_mfg
Using default pressure curve
468 471 487 495 509 524 553 575 612 
Summary:
Setting for max_tnt_down:      24
3.7 setting for max_tnt_down:     -1
Setting for min_tnt_up:       521
Setting for max_delta_tnt:      5
3.8 setting for max_delta_tnt:     -1
Setting for delay_in_us:        1
Setting for y_delay_in_us:      1
Setting for tnt_delay_in_us:    1
Setting for pressure_curve:  468 471 487 495 509 524 553 575 612
Setting for tnt_mode:           1
Setting for averaging:         -1
Setting for pointercal:      49519 391 -10454074 -410 39249 -11098218 65536
Setting for tnt_plane:       -800 -5 389968
