new-calib: New touch screen calibration program v3.12
Serial Number='15091E00010B060201E0'
Using tnt_mode=1
Setting for delay_in_us:        1
Setting for y_delay_in_us:      1
Setting for tnt_delay_in_us:    1
Setting for max_delta_tnt:      5
Setting for tnt_mode:           1
Setting for averaging:         -1
Entering get_five_points
target_noise  x= 2.50 y= 2.50 t= 2.50
target state=0 point=240,136
 X= 919 X2=1023  Y= 962 Y2=1017 P1=  -1 P2=  -1 T1=1023 T2= 851  P=  -1  D=  -1 
 X= 864 X2=1023  Y= 995 Y2=1018 P1=  -1 P2=  -1 T1=1023 T2= 919  P=  -1  D=  -1 
 X= 945 X2=1020  Y= 989 Y2=1021 P1=  -1 P2=  -1 T1=1023 T2= 930  P=  -1  D=  -1 
 X= 984 X2=1011  Y= 986 Y2=1023 P1=1022 P2=  -1 T1=1023 T2= 907  P=  -1  D=  -1 
 X=1007 X2= 996  Y= 983 Y2=1017 P1=1023 P2=  -1 T1=1021 T2= 902  P=  -1  D=  -1 
 X= 960 X2=1023  Y= 996 Y2=1023 P1=1023 P2=  -1 T1=1023 T2= 918  P=  -1  D=  -1 
 X= 850 X2=1014  Y= 983 Y2=1019 P1=1023 P2=  -1 T1=1017 T2= 913  P=  -1  D=  -1 
 X= 888 X2=1023  Y= 976 Y2=1021 P1=1023 P2=  -1 T1=1021 T2= 906  P=  -1  D=  -1 
 X=1008 X2= 984  Y= 984 Y2=1018 P1=1023 P2=  -1 T1=1019 T2= 890  P=  -1  D=  -1 
 X= 990 X2=1010  Y= 980 Y2=1023 P1=1023 P2=  -1 T1=1017 T2= 925  P=  -1  D=  -1 
 X= 973 X2=1013  Y= 971 Y2=1023 P1=1023 P2=  -1 T1=1021 T2= 917  P=  -1  D=  -1 
 X= 929 X2=1021  Y= 984 Y2=1023 P1=1023 P2=  -1 T1=1023 T2= 906  P=  -1  D=  -1 
 X= 962 X2=1022  Y= 988 Y2=1019 P1=1023 P2=  -1 T1=1023 T2= 902  P=  -1  D=  -1 
 X= 804 X2=1023  Y= 984 Y2=1023 P1=1023 P2=  -1 T1=1023 T2= 914  P=  -1  D=  -1 
 X=1013 X2=1021  Y=1016 Y2=1023 P1=1023 P2=  -1 T1=1023 T2=1016  P=  -1  D=  -1 
 X=1023 X2=1011  Y= 985 Y2=1023 P1=1023 P2=  -1 T1=1023 T2= 923  P=  -1  D=  -1 
 X= 797 X2=1023  Y= 975 Y2=1021 P1=1023 P2=  -1 T1=1023 T2= 923  P=  -1  D=  -1 
 X= 882 X2=1023  Y= 979 Y2=1022 P1=1023 P2=  -1 T1=1023 T2= 939  P=  -1  D=  -1 
 X=1015 X2=1000  Y= 982 Y2=1018 P1=1023 P2=  -1 T1=1023 T2= 934  P=  -1  D=  -1 
 X= 976 X2=1011  Y= 979 Y2=1020 P1=1023 P2=  -1 T1=1021 T2= 920  P=  -1  D=  -1 
 X= 950 X2=1023  Y= 998 Y2=1016 P1=1023 P2=  -1 T1=1019 T2= 914  P=  -1  D=  -1 
 X= 931 X2=1023  Y= 994 Y2=1017 P1=1022 P2=  -1 T1=1023 T2= 901  P=  -1  D=  -1 
 X= 847 X2=1023  Y= 972 Y2=1023 P1=1023 P2=  -1 T1=1018 T2= 919  P=  -1  D=  -1 
 X= 945 X2=1021  Y= 970 Y2=1023 P1=1018 P2=  -1 T1=1023 T2= 923  P=  -1  D=  -1 
 X= 925 X2=1023  Y= 987 Y2=1017 P1=1022 P2=  -1 T1=1017 T2= 940  P=  -1  D=  -1 
 X= 905 X2=1015  Y= 984 Y2=1023 P1=1023 P2=  -1 T1=1018 T2= 931  P=  -1  D=  -1 
 X= 978 X2= 999  Y= 985 Y2=1023 P1=1023 P2=  -1 T1=1023 T2= 932  P=  -1  D=  -1 
 X= 991 X2=1009  Y= 976 Y2=1019 P1=1023 P2=  -1 T1=1023 T2= 931  P=  -1  D=  -1 
 X= 994 X2= 998  Y= 981 Y2=1017 P1=1023 P2=  -1 T1=1022 T2= 912  P=  -1  D=  -1 
 X= 955 X2= 984  Y= 984 Y2=1017 P1=1023 P2=  -1 T1=1020 T2= 904  P=  -1  D=  -1 
 X= 965 X2=1023  Y= 991 Y2=1019 P1=1023 P2=  -1 T1=1023 T2= 943  P=  -1  D=  -1 
 X= 971 X2= 990  Y= 982 Y2=1018 P1=1023 P2=  -1 T1=1023 T2= 916  P=  -1  D=  -1 
 X= 881 X2=1023  Y= 979 Y2=1021 P1=1023 P2=  -1 T1=1017 T2= 880  P=  -1  D=  -1 
 X= 899 X2=1023  Y= 984 Y2=1016 P1=1023 P2=  -1 T1=1023 T2= 913  P=  -1  D=  -1 
 X=1001 X2=1002  Y= 995 Y2=1023 P1=1023 P2=  -1 T1=1018 T2= 909  P=  -1  D=  -1 
 X= 863 X2=1020  Y= 979 Y2=1023 P1=1023 P2=  -1 T1=1019 T2= 930  P=  -1  D=  -1 
 X= 968 X2= 998  Y= 981 Y2=1023 P1=1023 P2=  -1 T1=1023 T2= 897  P=  -1  D=  -1 
 X=1023 X2=1012  Y= 975 Y2=1023 P1=1023 P2=  -1 T1=1018 T2= 896  P=  -1  D=  -1 
 X=1013 X2= 990  Y= 990 Y2=1018 P1=1023 P2=  -1 T1=1022 T2= 917  P=  -1  D=  -1 
 X= 887 X2=1023  Y= 987 Y2=1018 P1=1023 P2=  -1 T1=1023 T2= 925  P=  -1  D=  -1 
 X= 956 X2=1022  Y= 987 Y2=1018 P1=1023 P2=  -1 T1=1023 T2= 909  P=  -1  D=  -1 
 X= 929 X2=1021  Y= 985 Y2=1020 P1=1023 P2=  -1 T1=1018 T2= 920  P=  -1  D=  -1 
 X= 808 X2=1023  Y= 986 Y2=1018 P1=1023 P2=  -1 T1=1022 T2= 917  P=  -1  D=  -1 
 X= 873 X2=1015  Y= 977 Y2=1023 P1=1022 P2=  -1 T1=1020 T2= 902  P=  -1  D=  -1 
 X=1021 X2=1017  Y= 977 Y2=1023 P1=1022 P2=  -1 T1=1021 T2= 907  P=  -1  D=  -1 
 X= 894 X2=1023  Y= 970 Y2=1021 P1=1023 P2=  -1 T1=1018 T2= 929  P=  -1  D=  -1 
 X= 952 X2=1023  Y= 979 Y2=1023 P1=1023 P2=  -1 T1=1018 T2= 906  P=  -1  D=  -1 
 X=1010 X2= 998  Y= 984 Y2=1023 P1=1023 P2=  -1 T1=1023 T2= 923  P=  -1  D=  -1 
 X= 900 X2=1023  Y= 974 Y2=1023 P1=1023 P2=  -1 T1=1023 T2= 926  P=  -1  D=  -1 
 X= 924 X2=1023  Y= 987 Y2=1018 P1=1023 P2=  -1 T1=1018 T2= 923  P=  -1  D=  -1 
 X= 829 X2=1023  Y= 984 Y2=1017 P1=1023 P2=  -1 T1=1019 T2= 918  P=  -1  D=  -1 
 X= 784 X2=1023  Y= 965 Y2=1018 P1=1023 P2=  -1 T1=1018 T2= 894  P=  -1  D=  -1 
 X= 971 X2=1023  Y= 986 Y2=1018 P1=1023 P2=  -1 T1=1022 T2= 909  P=  -1  D=  -1 
 X= 793 X2=1023  Y= 983 Y2=1021 P1=1023 P2=  -1 T1=1023 T2= 902  P=  -1  D=  -1 
 X= 969 X2=1023  Y= 976 Y2=1020 P1=1023 P2=  -1 T1=1019 T2= 926  P=  -1  D=  -1 
 X=1023 X2=1003  Y= 980 Y2=1023 P1=1023 P2=  -1 T1=1022 T2= 929  P=  -1  D=  -1 
 X=1023 X2=1000  Y= 983 Y2=1023 P1=1023 P2=  -1 T1=1019 T2= 908  P=  -1  D=  -1 
 X=1023 X2=1013  Y= 975 Y2=1020 P1=1023 P2=  -1 T1=1018 T2= 962  P=  -1  D=  -1 
 X= 905 X2=1023  Y= 982 Y2=1015 P1=1023 P2=  -1 T1=1021 T2= 924  P=  -1  D=  -1 
 X= 959 X2=1021  Y= 985 Y2=1019 P1=1023 P2=  -1 T1=1023 T2= 909  P=  -1  D=  -1 
 X= 963 X2=1023  Y= 976 Y2=1023 P1=1023 P2=  -1 T1=1018 T2= 926  P=  -1  D=  -1 
 X= 780 X2=1023  Y= 970 Y2=1019 P1=1022 P2=  -1 T1=1023 T2= 927  P=  -1  D=  -1 
 X=1021 X2= 993  Y= 978 Y2=1023 P1=1023 P2=  -1 T1=1023 T2= 932  P=  -1  D=  -1 
 X= 989 X2=1003  Y= 976 Y2=1017 P1=1023 P2=  -1 T1=1023 T2= 921  P=  -1  D=  -1 
 X= 968 X2=1023  Y= 996 Y2=1018 P1=1023 P2=  -1 T1=1023 T2= 916  P=  -1  D=  -1 
 X= 945 X2= 989  Y= 979 Y2=1018 P1=1023 P2=  -1 T1=1019 T2= 928  P=  -1  D=  -1 
 X= 955 X2= 993  Y= 969 Y2=1022 P1=1023 P2=  -1 T1=1019 T2= 908  P=  -1  D=  -1 
 X= 776 X2=1023  Y= 993 Y2=1018 P1=1023 P2=  -1 T1=1023 T2= 902  P=  -1  D=  -1 
 X= 902 X2=1023  Y= 983 Y2=1018 P1=1023 P2=  -1 T1=1023 T2= 904  P=  -1  D=  -1 
 X= 996 X2=1011  Y= 982 Y2=1019 P1=1023 P2=  -1 T1=1023 T2= 923  P=  -1  D=  -1 
 X= 824 X2=1023  Y= 983 Y2=1020 P1=1023 P2=  -1 T1=1018 T2= 911  P=  -1  D=  -1 
 X= 995 X2= 992  Y= 992 Y2=1021 P1=1023 P2=  -1 T1=1019 T2= 918  P=  -1  D=  -1 
 X=1003 X2= 994  Y= 990 Y2=1020 P1=1023 P2=  -1 T1=1023 T2= 917  P=  -1  D=  -1 
 X= 982 X2=1021  Y= 970 Y2=1017 P1=1023 P2=  -1 T1=1023 T2= 912  P=  -1  D=  -1 
 X= 914 X2=1023  Y= 998 Y2=1023 P1=1023 P2=  -1 T1=1017 T2= 926  P=  -1  D=  -1 
 X= 996 X2=1013  Y= 966 Y2=1021 P1=1023 P2=  -1 T1=1023 T2= 890  P=  -1  D=  -1 
 X= 825 X2=1022  Y= 992 Y2=1018 P1=1023 P2=  -1 T1=1018 T2= 921  P=  -1  D=  -1 
 X= 928 X2=1022  Y= 995 Y2=1020 P1=1023 P2=  -1 T1=1020 T2= 908  P=  -1  D=  -1 
 X= 880 X2=1020  Y= 980 Y2=1018 P1=1023 P2=  -1 T1=1018 T2= 925  P=  -1  D=  -1 
 X= 953 X2=1019  Y= 988 Y2=1023 P1=1023 P2=  -1 T1=1018 T2= 916  P=  -1  D=  -1 
 X= 960 X2=1009  Y= 978 Y2=1023 P1=1023 P2=  -1 T1=1022 T2= 922  P=  -1  D=  -1 
 X=1023 X2=1012  Y= 982 Y2=1023 P1=1023 P2=  -1 T1=1017 T2= 899  P=  -1  D=  -1 
 X= 938 X2=1023  Y= 980 Y2=1018 P1=1023 P2=  -1 T1=1022 T2= 920  P=  -1  D=  -1 
 X= 913 X2=1023  Y= 988 Y2=1019 P1=1023 P2=  -1 T1=1023 T2= 919  P=  -1  D=  -1 
 X= 942 X2=1023  Y= 987 Y2=1016 P1=1023 P2=  -1 T1=1018 T2= 916  P=  -1  D=  -1 
 X= 807 X2=1023  Y= 971 Y2=1023 P1=1023 P2=  -1 T1=1019 T2= 929  P=  -1  D=  -1 
 X= 852 X2=1023  Y= 975 Y2=1018 P1=1023 P2=  -1 T1=1023 T2= 908  P=  -1  D=  -1 
 X= 990 X2=1003  Y= 984 Y2=1020 P1=1023 P2=  -1 T1=1023 T2= 908  P=  -1  D=  -1 
 X= 997 X2=1005  Y= 985 Y2=1023 P1=1023 P2=  -1 T1=1023 T2= 929  P=  -1  D=  -1 
 X= 918 X2=1016  Y= 968 Y2=1023 P1=1023 P2=  -1 T1=1022 T2= 911  P=  -1  D=  -1 
 X=1023 X2=1000  Y= 977 Y2=1020 P1=1023 P2=  -1 T1=1023 T2= 919  P=  -1  D=  -1 
 X=1022 X2=1011  Y= 983 Y2=1023 P1=1023 P2=  -1 T1=1023 T2= 913  P=  -1  D=  -1 
 X= 897 X2=1023  Y= 980 Y2=1018 P1=1023 P2=  -1 T1=1018 T2= 927  P=  -1  D=  -1 
 X= 929 X2=1023  Y= 997 Y2=1016 P1=1023 P2=  -1 T1=1022 T2= 911  P=  -1  D=  -1 
 X= 925 X2=1021  Y= 971 Y2=1023 P1=1023 P2=  -1 T1=1019 T2= 910  P=  -1  D=  -1 
 X= 786 X2=1023  Y= 970 Y2=1023 P1=1023 P2=  -1 T1=1018 T2= 921  P=  -1  D=  -1 
 X= 845 X2=1023  Y= 977 Y2=1020 P1=1023 P2=  -1 T1=1019 T2= 921  P=  -1  D=  -1 
 X= 818 X2=1023  Y= 987 Y2=1023 P1=1023 P2=  -1 T1=1018 T2= 922  P=  -1  D=  -1 
 X= 889 X2=1020  Y= 950 Y2=1023 P1=1023 P2=  -1 T1=1017 T2= 912  P=  -1  D=  -1 
 X=1023 X2=1006  Y= 985 Y2=1023 P1=1023 P2=  -1 T1=1023 T2= 908  P=  -1  D=  -1 
 X=1022 X2=1011  Y= 971 Y2=1018 P1=1023 P2=  -1 T1=1021 T2= 917  P=  -1  D=  -1 
 X= 831 X2=1023  Y= 982 Y2=1020 P1=1023 P2=  -1 T1=1018 T2= 939  P=  -1  D=  -1 
 X= 901 X2=1021  Y= 992 Y2=1022 P1=1023 P2=  -1 T1=1023 T2= 922  P=  -1  D=  -1 
 X= 863 X2=1023  Y= 984 Y2=1023 P1=1023 P2=  -1 T1=1023 T2= 905  P=  -1  D=  -1 
 X= 894 X2=1018  Y= 986 Y2=1023 P1=1023 P2=  -1 T1=1018 T2= 914  P=  -1  D=  -1 
 X= 869 X2=1023  Y= 976 Y2=1019 P1=1023 P2=  -1 T1=1020 T2= 922  P=  -1  D=  -1 
 X=1001 X2=1002  Y= 986 Y2=1023 P1=1023 P2=  -1 T1=1021 T2= 929  P=  -1  D=  -1 
 X= 950 X2=1023  Y= 975 Y2=1018 P1=1023 P2=  -1 T1=1017 T2= 928  P=  -1  D=  -1 
 X= 964 X2=1023  Y= 973 Y2=1018 P1=1022 P2=  -1 T1=1023 T2= 905  P=  -1  D=  -1 
 X= 955 X2= 991  Y= 983 Y2=1017 P1=1023 P2=  -1 T1=1020 T2= 910  P=  -1  D=  -1 
 X=1019 X2=1010  Y= 989 Y2=1017 P1=1023 P2=  -1 T1=1023 T2= 924  P=  -1  D=  -1 
 X= 851 X2=1023  Y= 979 Y2=1019 P1=1023 P2=  -1 T1=1023 T2= 944  P=  -1  D=  -1 
 X= 917 X2=1021  Y= 984 Y2=1017 P1=1023 P2=  -1 T1=1019 T2= 931  P=  -1  D=  -1 
 X= 933 X2=1023  Y= 968 Y2=1018 P1=1023 P2=  -1 T1=1023 T2= 925  P=  -1  D=  -1 
 X= 932 X2=1023  Y= 976 Y2=1023 P1=1023 P2=  -1 T1=1023 T2= 932  P=  -1  D=  -1 
 X= 878 X2=1021  Y=1019 Y2=1023 P1=1023 P2=  -1 T1=1023 T2=1015  P=  -1  D=  -1 
 X= 908 X2=1023  Y= 989 Y2=1014 P1=1023 P2=  -1 T1=1019 T2= 930  P=  -1  D=  -1 
 X= 941 X2=1020  Y= 980 Y2=1017 P1=1023 P2=  -1 T1=1023 T2= 916  P=  -1  D=  -1 
 X= 970 X2= 975  Y= 991 Y2=1023 P1=1023 P2=  -1 T1=1021 T2= 913  P=  -1  D=  -1 
 X=1023 X2=1003  Y= 972 Y2=1017 P1=1023 P2=  -1 T1=1020 T2= 921  P=  -1  D=  -1 
 X= 925 X2=1023  Y= 975 Y2=1023 P1=1023 P2=  -1 T1=1021 T2= 913  P=  -1  D=  -1 
 X= 915 X2=1023  Y= 984 Y2=1018 P1=1023 P2=  -1 T1=1018 T2= 929  P=  -1  D=  -1 
 X= 988 X2= 996  Y= 977 Y2=1023 P1=1023 P2=  -1 T1=1019 T2= 897  P=  -1  D=  -1 
 X= 845 X2=1015  Y= 967 Y2=1023 P1=1023 P2=  -1 T1=1017 T2= 907  P=  -1  D=  -1 
 X= 946 X2=1016  Y= 983 Y2=1023 P1=1023 P2=  -1 T1=1021 T2= 921  P=  -1  D=  -1 
 X=1023 X2= 999  Y= 983 Y2=1017 P1=1023 P2=  -1 T1=1023 T2= 918  P=  -1  D=  -1 
 X= 998 X2=1001  Y= 984 Y2=1023 P1=1023 P2=  -1 T1=1019 T2= 906  P=  -1  D=  -1 
 X= 978 X2= 992  Y= 977 Y2=1017 P1=1023 P2=  -1 T1=1023 T2= 903  P=  -1  D=  -1 
 X= 966 X2=1023  Y= 986 Y2=1018 P1=1023 P2=  -1 T1=1021 T2= 909  P=  -1  D=  -1 
 X= 954 X2=1023  Y= 970 Y2=1018 P1=1023 P2=  -1 T1=1023 T2= 920  P=  -1  D=  -1 
 X= 845 X2=1022  Y= 990 Y2=1018 P1=1023 P2=  -1 T1=1023 T2= 926  P=  -1  D=  -1 
 X= 874 X2=1023  Y= 988 Y2=1022 P1=1023 P2=  -1 T1=1023 T2= 904  P=  -1  D=  -1 
 X= 946 X2=1021  Y= 995 Y2=1016 P1=1023 P2=  -1 T1=1023 T2= 908  P=  -1  D=  -1 
 X= 936 X2=1017  Y= 982 Y2=1023 P1=1023 P2=  -1 T1=1018 T2= 891  P=  -1  D=  -1 
 X=1021 X2=1001  Y= 985 Y2=1021 P1=1023 P2=  -1 T1=1018 T2= 923  P=  -1  D=  -1 
 X=1018 X2= 989  Y= 977 Y2=1017 P1=1023 P2=  -1 T1=1023 T2= 915  P=  -1  D=  -1 
 X= 884 X2=1023  Y= 974 Y2=1018 P1=1023 P2=  -1 T1=1023 T2= 927  P=  -1  D=  -1 
 X= 920 X2=1021  Y= 986 Y2=1023 P1=1023 P2=  -1 T1=1018 T2= 907  P=  -1  D=  -1 
 X= 946 X2=1023  Y= 988 Y2=1018 P1=1023 P2=  -1 T1=1019 T2= 931  P=  -1  D=  -1 
 X= 817 X2=1023  Y= 983 Y2=1018 P1=1023 P2=  -1 T1=1019 T2= 909  P=  -1  D=  -1 
 X= 895 X2=1023  Y= 992 Y2=1018 P1=1023 P2=  -1 T1=1023 T2= 927  P=  -1  D=  -1 
 X= 852 X2=1017  Y= 969 Y2=1023 P1=1023 P2=  -1 T1=1022 T2= 919  P=  -1  D=  -1 
 X= 968 X2=1023  Y= 985 Y2=1023 P1=1023 P2=  -1 T1=1021 T2= 950  P=  -1  D=  -1 
 X=1023 X2=1002  Y= 992 Y2=1017 P1=1023 P2=  -1 T1=1023 T2= 920  P=  -1  D=  -1 
 X=1019 X2= 993  Y= 965 Y2=1023 P1=1023 P2=  -1 T1=1017 T2= 938  P=  -1  D=  -1 
 X= 977 X2= 995  Y= 980 Y2=1022 P1=1023 P2=  -1 T1=1020 T2= 933  P=  -1  D=  -1 
 X=1019 X2=1004  Y= 992 Y2=1023 P1=1023 P2=  -1 T1=1018 T2= 937  P=  -1  D=  -1 
 X= 979 X2=1017  Y= 977 Y2=1020 P1=1023 P2=  -1 T1=1023 T2= 944  P=  -1  D=  -1 
 X= 773 X2=1021  Y= 986 Y2=1023 P1=1023 P2=  -1 T1=1018 T2= 932  P=  -1  D=  -1 
 X=1023 X2=1023  Y= 974 Y2=1021 P1=1023 P2=  -1 T1=1023 T2= 914  P=  -1  D=  -1 
 X= 934 X2=1017  Y= 990 Y2=1023 P1=1023 P2=  -1 T1=1023 T2= 926  P=  -1  D=  -1 
 X= 852 X2=1013  Y= 979 Y2=1023 P1=1023 P2=  -1 T1=1018 T2= 923  P=  -1  D=  -1 
 X= 940 X2=1020  Y= 979 Y2=1019 P1=1023 P2=  -1 T1=1019 T2= 939  P=  -1  D=  -1 
 X= 876 X2=1023  Y= 981 Y2=1019 P1=1023 P2=  -1 T1=1022 T2= 932  P=  -1  D=  -1 
 X= 858 X2=1017  Y= 971 Y2=1018 P1=1023 P2=  -1 T1=1023 T2= 918  P=  -1  D=  -1 
 X= 927 X2=1023  Y= 965 Y2=1018 P1=1023 P2=  -1 T1=1019 T2= 925  P=  -1  D=  -1 
 X= 943 X2=1005  Y= 980 Y2=1023 P1=1023 P2=  -1 T1=1023 T2= 910  P=  -1  D=  -1 
 X= 872 X2=1022  Y= 976 Y2=1023 P1=1023 P2=  -1 T1=1023 T2= 904  P=  -1  D=  -1 
 X= 871 X2=1023  Y= 980 Y2=1023 P1=1023 P2=  -1 T1=1018 T2= 917  P=  -1  D=  -1 
 X= 822 X2=1023  Y= 982 Y2=1018 P1=1023 P2=  -1 T1=1017 T2= 931  P=  -1  D=  -1 
 X=1019 X2= 994  Y= 971 Y2=1017 P1=1023 P2=  -1 T1=1023 T2= 927  P=  -1  D=  -1 
 X= 986 X2=1011  Y= 982 Y2=1023 P1=1023 P2=  -1 T1=1020 T2= 927  P=  -1  D=  -1 
 X= 908 X2=1021  Y= 998 Y2=1022 P1=1023 P2=  -1 T1=1023 T2= 897  P=  -1  D=  -1 
 X=1017 X2= 994  Y= 966 Y2=1023 P1=1023 P2=  -1 T1=1018 T2= 898  P=  -1  D=  -1 
 X= 818 X2=1023  Y= 973 Y2=1023 P1=1023 P2=  -1 T1=1023 T2= 926  P=  -1  D=  -1 
 X= 905 X2=1023  Y= 985 Y2=1019 P1=1023 P2=  -1 T1=1018 T2= 925  P=  -1  D=  -1 
 X= 927 X2=1023  Y= 981 Y2=1017 P1=1023 P2=  -1 T1=1018 T2= 917  P=  -1  D=  -1 
 X= 866 X2=1016  Y= 979 Y2=1023 P1=1023 P2=  -1 T1=1018 T2= 957  P=  -1  D=  -1 
 X= 855 X2=1016  Y= 978 Y2=1018 P1=1023 P2=  -1 T1=1019 T2= 918  P=  -1  D=  -1 
 X= 988 X2=1001  Y= 974 Y2=1023 P1=1023 P2=  -1 T1=1023 T2= 913  P=  -1  D=  -1 
 X= 942 X2=1016  Y= 977 Y2=1023 P1=1023 P2=  -1 T1=1021 T2= 930  P=  -1  D=  -1 
 X= 921 X2=1023  Y= 982 Y2=1018 P1=1023 P2=  -1 T1=1023 T2= 928  P=  -1  D=  -1 
 X= 964 X2= 971  Y= 964 Y2=1018 P1=1023 P2=  -1 T1=1023 T2= 913  P=  -1  D=  -1 
 X= 953 X2=1019  Y= 978 Y2=1023 P1=1023 P2=  -1 T1=1023 T2= 897  P=  -1  D=  -1 
 X= 791 X2=1023  Y= 988 Y2=1023 P1=1023 P2=  -1 T1=1018 T2= 912  P=  -1  D=  -1 
 X= 964 X2=1022  Y= 981 Y2=1018 P1=1023 P2=  -1 T1=1017 T2= 920  P=  -1  D=  -1 
 X= 749 X2=1023  Y= 951 Y2=1020 P1=1023 P2=  -1 T1=1019 T2= 924  P=  -1  D=  -1 
 X= 872 X2=1023  Y= 978 Y2=1017 P1=1023 P2=  -1 T1=1023 T2= 905  P=  -1  D=  -1 
 X=1023 X2= 983  Y= 968 Y2=1018 P1=1023 P2=  -1 T1=1023 T2= 918  P=  -1  D=  -1 
 X=1014 X2= 990  Y= 975 Y2=1023 P1=1023 P2=  -1 T1=1023 T2= 934  P=  -1  D=  -1 
 X= 975 X2=1013  Y= 975 Y2=1023 P1=1023 P2=  -1 T1=1023 T2= 894  P=  -1  D=  -1 
 X= 950 X2=1023  Y= 986 Y2=1016 P1=1023 P2=  -1 T1=1023 T2= 935  P=  -1  D=  -1 
 X=1023 X2=1022  Y= 990 Y2=1019 P1=1023 P2=  -1 T1=1023 T2= 905  P=  -1  D=  -1 
 X= 841 X2=1023  Y= 980 Y2=1023 P1=1023 P2=  -1 T1=1018 T2= 917  P=  -1  D=  -1 
 X= 896 X2=1022  Y= 972 Y2=1023 P1=1023 P2=  -1 T1=1022 T2= 921  P=  -1  D=  -1 
 X= 996 X2=1011  Y= 979 Y2=1023 P1=1023 P2=  -1 T1=1022 T2= 932  P=  -1  D=  -1 
 X= 989 X2=1013  Y= 969 Y2=1018 P1=1023 P2=  -1 T1=1018 T2= 905  P=  -1  D=  -1 
 X= 914 X2=1020  Y= 980 Y2=1022 P1=1023 P2=  -1 T1=1023 T2= 917  P=  -1  D=  -1 
 X=1023 X2=1003  Y= 978 Y2=1018 P1=1023 P2=  -1 T1=1023 T2= 929  P=  -1  D=  -1 
 X=1021 X2= 988  Y= 976 Y2=1023 P1=1023 P2=  -1 T1=1022 T2= 919  P=  -1  D=  -1 
 X= 903 X2=1023  Y= 971 Y2=1017 P1=1023 P2=  -1 T1=1017 T2= 917  P=  -1  D=  -1 
 X= 965 X2= 996  Y= 991 Y2=1019 P1=1023 P2=  -1 T1=1021 T2= 910  P=  -1  D=  -1 
 X= 849 X2=1016  Y= 974 Y2=1017 P1=1023 P2=  -1 T1=1017 T2= 900  P=  -1  D=  -1 
 X= 817 X2=1023  Y= 982 Y2=1021 P1=1023 P2=  -1 T1=1023 T2= 919  P=  -1  D=  -1 
 X= 953 X2=1021  Y= 984 Y2=1023 P1=1023 P2=  -1 T1=1016 T2= 910  P=  -1  D=  -1 
 X= 886 X2=1017  Y= 975 Y2=1018 P1=1023 P2=  -1 T1=1018 T2= 912  P=  -1  D=  -1 
 X= 852 X2=1015  Y= 975 Y2=1023 P1=1023 P2=  -1 T1=1020 T2= 915  P=  -1  D=  -1 
 X= 947 X2=1021  Y= 990 Y2=1018 P1=1023 P2=  -1 T1=1023 T2= 906  P=  -1  D=  -1 
 X= 829 X2=1023  Y= 990 Y2=1017 P1=1023 P2=  -1 T1=1023 T2= 931  P=  -1  D=  -1 
 X= 873 X2=1023  Y= 990 Y2=1014 P1=1023 P2=  -1 T1=1021 T2= 933  P=  -1  D=  -1 
 X= 956 X2=1022  Y= 982 Y2=1018 P1=1020 P2=  -1 T1=1023 T2= 896  P=  -1  D=  -1 
 X= 934 X2=1017  Y= 971 Y2=1023 P1=1023 P2=  -1 T1=1023 T2= 907  P=  -1  D=  -1 
 X= 950 X2=1023  Y= 978 Y2=1018 P1=1023 P2=  -1 T1=1023 T2= 927  P=  -1  D=  -1 
 X= 845 X2=1023  Y= 978 Y2=1023 P1=1023 P2=  -1 T1=1023 T2= 935  P=  -1  D=  -1 
 X=1010 X2= 987  Y= 975 Y2=1018 P1=1023 P2=  -1 T1=1023 T2= 917  P=  -1  D=  -1 
 X= 974 X2=1023  Y= 969 Y2=1023 P1=1023 P2=  -1 T1=1023 T2= 926  P=  -1  D=  -1 
 X= 955 X2=1023  Y= 979 Y2=1017 P1=1023 P2=  -1 T1=1023 T2= 922  P=  -1  D=  -1 
 X= 990 X2=1020  Y= 990 Y2=1021 P1=1023 P2=  -1 T1=1023 T2= 957  P=  -1  D=  -1 
 X= 926 X2=1023  Y= 969 Y2=1016 P1=1023 P2=  -1 T1=1023 T2= 895  P=  -1  D=  -1 
 X= 899 X2=1023  Y= 974 Y2=1016 P1=1023 P2=  -1 T1=1022 T2= 925  P=  -1  D=  -1 
 X= 936 X2=1019  Y= 989 Y2=1018 P1=1023 P2=  -1 T1=1023 T2= 919  P=  -1  D=  -1 
 X= 895 X2=1017  Y= 971 Y2=1023 P1=1023 P2=  -1 T1=1018 T2= 921  P=  -1  D=  -1 
 X= 918 X2=1023  Y= 992 Y2=1021 P1=1023 P2=  -1 T1=1017 T2= 919  P=  -1  D=  -1 
 X=1018 X2= 992  Y= 987 Y2=1017 P1=1023 P2=  -1 T1=1017 T2= 920  P=  -1  D=  -1 
 X=1008 X2= 998  Y= 984 Y2=1023 P1=1023 P2=  -1 T1=1023 T2= 929  P=  -1  D=  -1 
 X= 937 X2=1022  Y= 974 Y2=1011 P1=1023 P2=  -1 T1=1023 T2= 901  P=  -1  D=  -1 
 X= 863 X2=1019  Y=1022 Y2=1023 P1=1023 P2=  -1 T1=1018 T2=1019  P=  -1  D=  -1 
 X= 859 X2=1021  Y= 992 Y2=1023 P1=1023 P2=  -1 T1=1018 T2= 924  P=  -1  D=  -1 
 X= 886 X2=1023  Y= 967 Y2=1018 P1=1023 P2=  -1 T1=1019 T2= 917  P=  -1  D=  -1 
 X= 935 X2= 991  Y= 989 Y2=1016 P1=1023 P2=  -1 T1=1021 T2= 914  P=  -1  D=  -1 
 X= 964 X2=1017  Y= 984 Y2=1023 P1=1023 P2=  -1 T1=1018 T2= 911  P=  -1  D=  -1 
 X= 950 X2=1015  Y= 973 Y2=1023 P1=1023 P2=  -1 T1=1018 T2= 922  P=  -1  D=  -1 
 X=1023 X2=1009  Y= 980 Y2=1018 P1=1023 P2=  -1 T1=1020 T2= 884  P=  -1  D=  -1 
 X=1023 X2=1011  Y= 975 Y2=1023 P1=1023 P2=  -1 T1=1022 T2= 923  P=  -1  D=  -1 
 X=1015 X2= 999  Y= 987 Y2=1023 P1=1023 P2=  -1 T1=1019 T2= 927  P=  -1  D=  -1 
 X= 958 X2=1023  Y= 977 Y2=1023 P1=1023 P2=  -1 T1=1023 T2= 927  P=  -1  D=  -1 
 X=1022 X2= 989  Y= 978 Y2=1023 P1=1023 P2=  -1 T1=1017 T2= 907  P=  -1  D=  -1 
 X= 783 X2=1023  Y= 974 Y2=1018 P1=1023 P2=  -1 T1=1023 T2= 928  P=  -1  D=  -1 
 X= 894 X2=1023  Y= 979 Y2=1021 P1=1023 P2=  -1 T1=1022 T2= 925  P=  -1  D=  -1 
 X=1007 X2=1000  Y= 984 Y2=1023 P1=1023 P2=  -1 T1=1020 T2= 907  P=  -1  D=  -1 
 X= 886 X2=1018  Y= 988 Y2=1023 P1=1023 P2=  -1 T1=1018 T2= 918  P=  -1  D=  -1 
 X= 817 X2=1023  Y= 961 Y2=1023 P1=1023 P2=  -1 T1=1023 T2= 917  P=  -1  D=  -1 
 X= 995 X2=1017  Y= 971 Y2=1017 P1=1023 P2=  -1 T1=1023 T2= 926  P=  -1  D=  -1 
 X= 846 X2=1015  Y= 979 Y2=1018 P1=1023 P2=  -1 T1=1017 T2= 916  P=  -1  D=  -1 
 X= 911 X2=1023  Y= 991 Y2=1023 P1=1023 P2=  -1 T1=1018 T2= 914  P=  -1  D=  -1 
 X= 961 X2=1021  Y= 987 Y2=1023 P1=1023 P2=  -1 T1=1023 T2= 899  P=  -1  D=  -1 
 X= 949 X2=1020  Y= 973 Y2=1023 P1=1023 P2=  -1 T1=1023 T2= 910  P=  -1  D=  -1 
 X= 817 X2=1023  Y= 971 Y2=1021 P1=1023 P2=  -1 T1=1018 T2= 922  P=  -1  D=  -1 
 X= 905 X2=1023  Y= 963 Y2=1019 P1=1023 P2=  -1 T1=1023 T2= 913  P=  -1  D=  -1 
 X= 876 X2=1014  Y= 948 Y2=1023 P1=1023 P2=  -1 T1=1023 T2= 901  P=  -1  D=  -1 
 X= 841 X2=1023  Y= 981 Y2=1019 P1=1023 P2=  -1 T1=1023 T2= 885  P=  -1  D=  -1 
 X= 954 X2=1022  Y= 978 Y2=1019 P1=1023 P2=  -1 T1=1023 T2= 898  P=  -1  D=  -1 
 X=1022 X2=1014  Y= 980 Y2=1017 P1=1023 P2=  -1 T1=1023 T2= 896  P=  -1  D=  -1 
 X= 840 X2=1023  Y= 980 Y2=1019 P1=1023 P2=  -1 T1=1023 T2= 918  P=  -1  D=  -1 
 X= 918 X2=1023  Y= 982 Y2=1023 P1=1023 P2=  -1 T1=1023 T2= 916  P=  -1  D=  -1 
 X= 945 X2=1023  Y= 979 Y2=1023 P1=1023 P2=  -1 T1=1023 T2= 927  P=  -1  D=  -1 
 X= 961 X2=1023  Y= 982 Y2=1019 P1=1023 P2=  -1 T1=1017 T2= 914  P=  -1  D=  -1 
 X= 975 X2=1021  Y= 977 Y2=1023 P1=1022 P2=  -1 T1=1023 T2= 923  P=  -1  D=  -1 
 X= 873 X2=1022  Y= 979 Y2=1022 P1=1023 P2=  -1 T1=1019 T2= 928  P=  -1  D=  -1 
 X= 892 X2=1018  Y= 966 Y2=1023 P1=1023 P2=  -1 T1=1019 T2= 945  P=  -1  D=  -1 
 X= 975 X2=1022  Y= 989 Y2=1017 P1=1023 P2=  -1 T1=1023 T2= 907  P=  -1  D=  -1 
 X=1023 X2= 998  Y= 980 Y2=1018 P1=1023 P2=  -1 T1=1021 T2= 897  P=  -1  D=  -1 
 X=1021 X2=1013  Y= 985 Y2=1019 P1=1023 P2=  -1 T1=1019 T2= 923  P=  -1  D=  -1 
 X= 906 X2=1023  Y= 976 Y2=1018 P1=1023 P2=  -1 T1=1023 T2= 915  P=  -1  D=  -1 
 X= 914 X2=1023  Y= 990 Y2=1019 P1=1023 P2=  -1 T1=1021 T2= 902  P=  -1  D=  -1 
 X= 918 X2=1023  Y= 988 Y2=1017 P1=1023 P2=  -1 T1=1021 T2= 923  P=  -1  D=  -1 
 X= 886 X2=1023  Y= 965 Y2=1017 P1=1023 P2=  -1 T1=1023 T2= 930  P=  -1  D=  -1 
 X= 869 X2=1022  Y= 986 Y2=1018 P1=1023 P2=  -1 T1=1020 T2= 920  P=  -1  D=  -1 
 X= 989 X2=1013  Y= 978 Y2=1023 P1=1023 P2=  -1 T1=1018 T2= 917  P=  -1  D=  -1 
 X= 910 X2=1012  Y= 980 Y2=1023 P1=1023 P2=  -1 T1=1018 T2= 912  P=  -1  D=  -1 
 X= 962 X2= 983  Y= 982 Y2=1016 P1=1023 P2=  -1 T1=1021 T2= 916  P=  -1  D=  -1 
 X= 994 X2=1013  Y= 984 Y2=1023 P1=1023 P2=  -1 T1=1022 T2= 922  P=  -1  D=  -1 
 X= 847 X2=1023  Y= 983 Y2=1019 P1=1023 P2=  -1 T1=1021 T2= 914  P=  -1  D=  -1 
 X= 891 X2=1023  Y= 980 Y2=1017 P1=1023 P2=  -1 T1=1022 T2= 906  P=  -1  D=  -1 
 X= 892 X2=1021  Y= 992 Y2=1023 P1=1023 P2=  -1 T1=1023 T2= 913  P=  -1  D=  -1 
 X= 833 X2=1023  Y= 984 Y2=1023 P1=1023 P2=  -1 T1=1023 T2= 941  P=  -1  D=  -1 
 X= 776 X2=1023  Y= 991 Y2=1023 P1=1023 P2=  -1 T1=1018 T2= 904  P=  -1  D=  -1 
 X=1019 X2= 993  Y= 981 Y2=1023 P1=1023 P2=  -1 T1=1018 T2= 920  P=  -1  D=  -1 
 X= 958 X2=1023  Y= 976 Y2=1023 P1=1023 P2=  -1 T1=1017 T2= 905  P=  -1  D=  -1 
 X= 960 X2=1020  Y= 979 Y2=1023 P1=1023 P2=  -1 T1=1018 T2= 919  P=  -1  D=  -1 
 X=1023 X2=1001  Y= 976 Y2=1018 P1=1023 P2=  -1 T1=1020 T2= 904  P=  -1  D=  -1 
 X= 793 X2=1023  Y= 972 Y2=1023 P1=1023 P2=  -1 T1=1019 T2= 919  P=  -1  D=  -1 
 X= 839 X2=1023  Y= 986 Y2=1023 P1=1023 P2=  -1 T1=1016 T2= 930  P=  -1  D=  -1 
 X= 919 X2=1023  Y= 976 Y2=1017 P1=1023 P2=  -1 T1=1023 T2= 903  P=  -1  D=  -1 
 X= 920 X2=1011  Y= 979 Y2=1019 P1=1019 P2=  -1 T1=1023 T2= 927  P=  -1  D=  -1 
 X= 899 X2=1023  Y= 976 Y2=1021 P1=1023 P2=  -1 T1=1023 T2= 893  P=  -1  D=  -1 
 X= 953 X2=1004  Y= 989 Y2=1017 P1=1023 P2=  -1 T1=1021 T2= 920  P=  -1  D=  -1 
 X= 962 X2=1023  Y= 974 Y2=1018 P1=1023 P2=  -1 T1=1019 T2= 916  P=  -1  D=  -1 
 X= 953 X2=1023  Y= 986 Y2=1017 P1=1023 P2=  -1 T1=1023 T2= 922  P=  -1  D=  -1 
 X= 968 X2= 999  Y= 979 Y2=1018 P1=1023 P2=  -1 T1=1023 T2= 933  P=  -1  D=  -1 
 X= 966 X2= 993  Y= 985 Y2=1013 P1=1023 P2=  -1 T1=1018 T2= 906  P=  -1  D=  -1 
 X= 816 X2=1023  Y= 989 Y2=1021 P1=1022 P2=  -1 T1=1017 T2= 920  P=  -1  D=  -1 
 X=1023 X2=1023  Y= 982 Y2=1023 P1=1023 P2=  -1 T1=1019 T2= 931  P=  -1  D=  -1 
 X= 839 X2=1015  Y= 972 Y2=1021 P1=1023 P2=  -1 T1=1015 T2= 928  P=  -1  D=  -1 
 X= 542 X2= 545  Y= 530 Y2= 529 P1= 862 P2= 313 T1=  46 T2=  26  P=  -1  D=  -1 
 X= 527 X2= 528  Y= 517 Y2= 517 P1= 811 P2= 393 T1=  21 T2=  19  P= 560  D=  -1 * 0
 X= 527 X2= 528  Y= 518 Y2= 517 P1= 810 P2= 394 T1=  20 T2=  19  P= 555  D=  -1 * 0
 X= 528 X2= 526  Y= 518 Y2= 518 P1= 810 P2= 394 T1=  19 T2=  19  P= 555  D=  -1 * 0
 X= 527 X2= 527  Y= 518 Y2= 518 P1= 810 P2= 395 T1=  20 T2=  18  P= 553  D=  -1 * 0
 X= 527 X2= 527  Y= 518 Y2= 517 P1= 809 P2= 396 T1=  19 T2=  18  P= 549  D=  -1 * 1
 X= 527 X2= 527  Y= 517 Y2= 517 P1= 808 P2= 397 T1=  19 T2=  18  P= 545  D=  -1 * 2
 X= 527 X2= 527  Y= 518 Y2= 517 P1= 809 P2= 397 T1=  18 T2=  19  P= 546  D=  -1 * 3
 X= 527 X2= 527  Y= 517 Y2= 518 P1= 808 P2= 398 T1=  20 T2=  20  P= 542  D=  -1 * 4
 X= 527 X2= 528  Y= 518 Y2= 518 P1= 809 P2= 398 T1=  19 T2=  19  P= 543  D=  -1 * 5
 X= 527 X2= 527  Y= 517 Y2= 520 P1= 808 P2= 398 T1=  18 T2=  19  P= 542  D=  -1 * 6
 X= 527 X2= 527  Y= 518 Y2= 516 P1= 808 P2= 398 T1=  19 T2=  18  P= 542  D=  -1 * 7
 X= 527 X2= 528  Y= 517 Y2= 517 P1= 808 P2= 398 T1=  20 T2=  18  P= 542  D=  -1 * 8
 X= 528 X2= 527  Y= 517 Y2= 518 P1= 808 P2= 399 T1=  19 T2=  18  P= 540  D=  -1 * 9
 X= 527 X2= 527  Y= 517 Y2= 517 P1= 808 P2= 399 T1=  18 T2=  18  P= 540  D=  -1 * 10
 X= 527 X2= 527  Y= 517 Y2= 517 P1= 808 P2= 399 T1=  19 T2=  19  P= 540  D=  -1 * 11
 X= 527 X2= 527  Y= 517 Y2= 517 P1= 807 P2= 398 T1=  18 T2=  19  P= 541  D=  -1 * 12
 X= 526 X2= 527  Y= 517 Y2= 518 P1= 808 P2= 399 T1=  19 T2=  19  P= 539  D=  -1 * 13
 X= 527 X2= 528  Y= 518 Y2= 518 P1= 808 P2= 398 T1=  19 T2=  19  P= 542  D=  -1 * 14
 X= 527 X2= 527  Y= 517 Y2= 517 P1= 807 P2= 399 T1=  17 T2=  19  P= 538  D=  -1 * 15
 X= 528 X2= 527  Y= 516 Y2= 517 P1= 808 P2= 399 T1=  18 T2=  18  P= 540  D=  -1 * 16
 X= 527 X2= 527  Y= 517 Y2= 517 P1= 806 P2= 399 T1=  20 T2=  19  P= 537  D=  -1 * 17
 X= 525 X2= 528  Y= 518 Y2= 516 P1= 807 P2= 399 T1=  19 T2=  19  P= 537  D=  -1 * 18
 X= 529 X2= 527  Y= 517 Y2= 518 P1= 807 P2= 399 T1=  19 T2=  19  P= 539  D=  -1 * 19
 X= 528 X2= 527  Y= 517 Y2= 517 P1= 808 P2= 400 T1=  18 T2=  18  P= 537  D=  -1 * 20
 X= 527 X2= 527  Y= 517 Y2= 518 P1= 807 P2= 399 T1=  19 T2=  18  P= 538  D=  -1 * 21
 X= 527 X2= 527  Y= 518 Y2= 517 P1= 807 P2= 399 T1=  18 T2=  18  P= 538  D=  -1 * 22
 X= 528 X2= 526  Y= 517 Y2= 519 P1= 807 P2= 399 T1=  18 T2=  18  P= 538  D=  -1 * 23
 X= 526 X2= 526  Y= 517 Y2= 517 P1= 807 P2= 399 T1=  19 T2=  20  P= 537  D=  -1 * 24
Remove Pin
 X= 527 X2= 527  Y= 514 Y2= 517 P1= 807 P2= 399 T1=  19 T2=  19  P= 538  D=  -1 * 24
 X= 527 X2= 527  Y= 518 Y2= 517 P1= 807 P2= 399 T1=  17 T2=  19  P= 538  D=  -1 * 24
 X= 527 X2= 527  Y= 517 Y2= 517 P1= 807 P2= 399 T1=  19 T2=  18  P= 538  D=  -1 * 24
 X= 527 X2= 528  Y= 517 Y2= 517 P1= 807 P2= 399 T1=  17 T2=  18  P= 538  D=  -1 * 24
 X= 527 X2= 527  Y= 517 Y2= 517 P1= 808 P2= 400 T1=  19 T2=  19  P= 537  D=  -1 * 24
 X= 527 X2= 527  Y= 517 Y2= 517 P1= 807 P2= 399 T1=  19 T2=  20  P= 538  D=  -1 * 24
 X= 527 X2= 527  Y= 517 Y2= 517 P1= 807 P2= 400 T1=  19 T2=  16  P= 535  D=  -1 * 24
 X= 527 X2= 527  Y= 517 Y2= 518 P1= 807 P2= 400 T1=  19 T2=  19  P= 535  D=  -1 * 24
 X= 527 X2= 528  Y= 517 Y2= 518 P1= 806 P2= 400 T1=  18 T2=  19  P= 534  D=  -1 * 24
 X= 527 X2= 527  Y= 518 Y2= 517 P1= 806 P2= 399 T1=  18 T2=  19  P= 537  D=  -1 * 24
 X= 526 X2= 525  Y= 518 Y2= 516 P1= 807 P2= 400 T1=  19 T2=  18  P= 533  D=  -1 * 24
 X= 527 X2= 527  Y= 518 Y2= 517 P1= 807 P2= 400 T1=  18 T2=  20  P= 535  D=  -1 * 24
 X= 528 X2= 530  Y= 517 Y2= 518 P1= 807 P2= 401 T1=  18 T2=  19  P= 535  D=  -1 * 24
 X= 527 X2= 527  Y= 517 Y2= 516 P1= 808 P2= 399 T1=  19 T2=  18  P= 540  D=  -1 * 24
 X= 527 X2= 527  Y= 517 Y2= 517 P1= 808 P2= 399 T1=  22 T2=  18  P= 540  D=  -1 * 24
 X= 966 X2=1023  Y= 982 Y2=1023 P1=1023 P2=   0 T1=1023 T2= 937  P= 540  D=  -1 
 X=1023 X2=1004  Y= 977 Y2=1019 P1=1023 P2=   0 T1=1019 T2= 918  P= 540  D=  -1 
 X=1018 X2= 990  Y= 970 Y2=1023 P1=1023 P2=   0 T1=1017 T2= 912  P= 540  D=  -1 
target state=1 point=23,22
 X= 927 X2=1023  Y= 993 Y2=1019 P1=1023 P2=   0 T1=1019 T2= 949  P= 540  D=  -1 
 X=1017 X2=1006  Y= 976 Y2=1023 P1=1023 P2=   0 T1=1018 T2= 910  P= 540  D=  -1 
 X= 958 X2=1023  Y= 994 Y2=1017 P1=1023 P2=   0 T1=1019 T2= 907  P= 540  D=  -1 
 X= 951 X2=1023  Y= 967 Y2=1023 P1=1023 P2=   0 T1=1023 T2= 942  P= 540  D=  -1 
 X= 875 X2=1022  Y= 985 Y2=1023 P1=1023 P2=   0 T1=1023 T2= 916  P= 540  D=  -1 
 X= 994 X2=1003  Y= 974 Y2=1018 P1=1023 P2=   0 T1=1023 T2= 905  P= 540  D=  -1 
 X= 952 X2=1017  Y= 982 Y2=1023 P1=1023 P2=   0 T1=1018 T2= 906  P= 540  D=  -1 
 X= 865 X2=1022  Y= 995 Y2=1023 P1=1023 P2=   0 T1=1022 T2= 907  P= 540  D=  -1 
 X=1023 X2=1002  Y= 981 Y2=1017 P1=1023 P2=   0 T1=1023 T2= 901  P= 540  D=  -1 
 X=1019 X2= 991  Y= 977 Y2=1018 P1=1022 P2=   0 T1=1017 T2= 893  P= 540  D=  -1 
 X= 888 X2=1023  Y= 982 Y2=1023 P1=1023 P2=   0 T1=1023 T2= 920  P= 540  D=  -1 
 X= 961 X2=1021  Y= 977 Y2=1016 P1=1023 P2=   0 T1=1023 T2= 929  P= 540  D=  -1 
 X= 934 X2=1016  Y= 973 Y2=1020 P1=1023 P2=   0 T1=1018 T2= 924  P= 540  D=  -1 
 X= 805 X2=1023  Y= 973 Y2=1018 P1=1023 P2=   0 T1=1023 T2= 922  P= 540  D=  -1 
 X= 868 X2=1023  Y= 981 Y2=1023 P1=1023 P2=   0 T1=1023 T2= 911  P= 540  D=  -1 
 X= 992 X2=1004  Y= 969 Y2=1018 P1=1023 P2=   0 T1=1023 T2= 920  P= 540  D=  -1 
 X= 984 X2=1023  Y=1016 Y2=1018 P1=1023 P2=   0 T1=1023 T2= 911  P= 540  D=  -1 
 X=1023 X2=1011  Y= 982 Y2=1023 P1=1022 P2=   0 T1=1017 T2= 924  P= 540  D=  -1 
 X=1014 X2= 989  Y= 977 Y2=1023 P1=1023 P2=   0 T1=1021 T2= 926  P= 540  D=  -1 
 X= 904 X2=1023  Y= 970 Y2=1019 P1=1023 P2=   0 T1=1019 T2= 933  P= 540  D=  -1 
 X= 893 X2=1023  Y= 976 Y2=1023 P1=1023 P2=   0 T1=1023 T2= 930  P= 540  D=  -1 
 X= 951 X2=1022  Y= 990 Y2=1018 P1=1023 P2=   0 T1=1019 T2= 906  P= 540  D=  -1 
 X= 904 X2=1019  Y= 971 Y2=1021 P1=1023 P2=   0 T1=1021 T2= 908  P= 540  D=  -1 
 X= 787 X2=1023  Y= 981 Y2=1023 P1=1023 P2=   0 T1=1018 T2= 925  P= 540  D=  -1 
 X= 814 X2=1023  Y= 955 Y2=1017 P1=1023 P2=   0 T1=1019 T2= 936  P= 540  D=  -1 
 X= 790 X2=1023  Y= 983 Y2=1023 P1=1023 P2=   0 T1=1022 T2= 933  P= 540  D=  -1 
 X=1012 X2= 999  Y= 972 Y2=1023 P1=1023 P2=   0 T1=1022 T2= 928  P= 540  D=  -1 
 X=1023 X2=1010  Y= 985 Y2=1023 P1=1023 P2=   0 T1=1023 T2= 911  P= 540  D=  -1 
 X= 996 X2=1012  Y= 949 Y2=1017 P1=1023 P2=   0 T1=1023 T2= 922  P= 540  D=  -1 
 X= 913 X2=1023  Y= 980 Y2=1018 P1=1023 P2=   0 T1=1021 T2= 919  P= 540  D=  -1 
 X= 921 X2=1023  Y= 986 Y2=1022 P1=1023 P2=   0 T1=1019 T2= 921  P= 540  D=  -1 
 X= 906 X2=1020  Y= 978 Y2=1023 P1=1023 P2=   0 T1=1017 T2= 937  P= 540  D=  -1 
 X= 950 X2=1020  Y= 981 Y2=1023 P1=1023 P2=   0 T1=1021 T2= 914  P= 540  D=  -1 
 X=1023 X2=1003  Y= 979 Y2=1017 P1=1023 P2=   0 T1=1023 T2= 915  P= 540  D=  -1 
 X= 990 X2= 992  Y= 972 Y2=1023 P1=1023 P2=   0 T1=1019 T2= 902  P= 540  D=  -1 
 X= 950 X2=1023  Y= 979 Y2=1023 P1=1023 P2=   0 T1=1021 T2= 941  P= 540  D=  -1 
 X= 942 X2=1023  Y= 989 Y2=1023 P1=1023 P2=   0 T1=1018 T2= 900  P= 540  D=  -1 
 X=1023 X2= 991  Y= 985 Y2=1019 P1=1023 P2=   0 T1=1019 T2= 917  P= 540  D=  -1 
 X= 917 X2=1023  Y= 985 Y2=1023 P1=1023 P2=   0 T1=1022 T2= 917  P= 540  D=  -1 
 X= 900 X2=1023  Y= 972 Y2=1023 P1=1023 P2=   0 T1=1023 T2= 920  P= 540  D=  -1 
 X= 995 X2=1012  Y= 972 Y2=1023 P1=1023 P2=   0 T1=1023 T2= 926  P= 540  D=  -1 
 X= 846 X2=1018  Y= 984 Y2=1023 P1=1023 P2=   0 T1=1019 T2= 929  P= 540  D=  -1 
 X= 903 X2=1023  Y= 977 Y2=1018 P1=1023 P2=   0 T1=1023 T2= 920  P= 540  D=  -1 
 X=1023 X2=1005  Y= 983 Y2=1018 P1=1023 P2=   0 T1=1023 T2= 904  P= 540  D=  -1 
 X= 988 X2= 999  Y= 979 Y2=1023 P1=1023 P2=   0 T1=1023 T2= 909  P= 540  D=  -1 
 X= 908 X2=1023  Y= 986 Y2=1021 P1=1023 P2=   0 T1=1019 T2= 900  P= 540  D=  -1 
 X= 922 X2=1023  Y= 987 Y2=1018 P1=1023 P2=   0 T1=1023 T2= 913  P= 540  D=  -1 
 X= 921 X2=1023  Y= 991 Y2=1023 P1=1023 P2=   0 T1=1017 T2= 928  P= 540  D=  -1 
 X= 917 X2=1023  Y= 982 Y2=1018 P1=1023 P2=   0 T1=1021 T2= 902  P= 540  D=  -1 
 X= 995 X2=1000  Y= 986 Y2=1017 P1=1023 P2=   0 T1=1023 T2= 925  P= 540  D=  -1 
 X= 961 X2=1017  Y= 977 Y2=1023 P1=1023 P2=   0 T1=1023 T2= 920  P= 540  D=  -1 
 X= 898 X2= 999  Y= 970 Y2=1023 P1=1023 P2=   0 T1=1019 T2= 922  P= 540  D=  -1 
 X=1022 X2=1007  Y= 990 Y2=1023 P1=1023 P2=   0 T1=1018 T2= 909  P= 540  D=  -1 
 X=1018 X2= 988  Y= 975 Y2=1023 P1=1023 P2=   0 T1=1018 T2= 914  P= 540  D=  -1 
 X= 898 X2=1023  Y= 987 Y2=1023 P1=1023 P2=   0 T1=1022 T2= 919  P= 540  D=  -1 
 X= 943 X2=1022  Y= 990 Y2=1015 P1=1023 P2=   0 T1=1018 T2= 922  P= 540  D=  -1 
 X= 240 X2= 237  Y= 326 Y2= 318 P1= 693 P2= 191 T1=  22 T2=  22  P= 625  D=  -1 * 0
 X= 820 X2=1023  Y= 977 Y2=1023 P1=1023 P2=   0 T1=1023 T2=  46  P= 625  D=  -1 
 X= 239 X2= 237  Y= 326 Y2= 319 P1= 686 P2= 194 T1=  22 T2=  24  P= 603  D=  -1 * 0
 X= 240 X2= 238  Y= 327 Y2= 319 P1= 685 P2= 195 T1=  22 T2=  22  P= 600  D=  -1 * 0
 X= 239 X2= 237  Y= 327 Y2= 319 P1= 683 P2= 196 T1=  22 T2=  22  P= 591  D=  -1 * 0
 X= 240 X2= 236  Y= 325 Y2= 319 P1= 681 P2= 196 T1=  22 T2=  22  P= 588  D=  -1 * 1
 X= 240 X2= 236  Y= 325 Y2= 319 P1= 683 P2= 196 T1=  23 T2=  22  P= 591  D=  -1 * 2
 X= 239 X2= 236  Y= 326 Y2= 319 P1= 682 P2= 196 T1=  24 T2=  21  P= 587  D=  -1 * 3
 X= 240 X2= 236  Y= 325 Y2= 318 P1= 681 P2= 197 T1=  22 T2=  21  P= 584  D=  -1 * 4
 X= 240 X2= 236  Y= 326 Y2= 318 P1= 682 P2= 197 T1=  22 T2=  22  P= 585  D=  -1 * 5
 X= 240 X2= 237  Y= 326 Y2= 319 P1= 683 P2= 197 T1=  21 T2=  23  P= 587  D=  -1 * 6
 X= 239 X2= 237  Y= 325 Y2= 319 P1= 682 P2= 197 T1=  26 T2=  22  P= 585  D=  -1 * 7
 X= 247 X2= 237  Y= 326 Y2= 319 P1= 682 P2= 197 T1=  22 T2=  22  P= 595  D=  -1 * 8
 X= 240 X2= 237  Y= 325 Y2= 319 P1= 682 P2= 197 T1=  23 T2=  22  P= 585  D=  -1 * 9
 X= 240 X2= 237  Y= 325 Y2= 320 P1= 682 P2= 198 T1=  22 T2=  22  P= 581  D=  -1 * 10
 X= 240 X2= 236  Y= 322 Y2= 318 P1= 681 P2= 197 T1=  21 T2=  23  P= 584  D=  -1 * 11
 X= 240 X2= 237  Y= 325 Y2= 319 P1= 681 P2= 197 T1=  23 T2=  22  P= 584  D=  -1 * 12
 X= 239 X2= 236  Y= 325 Y2= 318 P1= 682 P2= 198 T1=  23 T2=  22  P= 579  D=  -1 * 13
 X= 239 X2= 238  Y= 326 Y2= 319 P1= 681 P2= 197 T1=  22 T2=  22  P= 584  D=  -1 * 14
 X= 239 X2= 237  Y= 326 Y2= 319 P1= 681 P2= 197 T1=  22 T2=  22  P= 584  D=  -1 * 15
 X= 239 X2= 236  Y= 326 Y2= 319 P1= 681 P2= 197 T1=  21 T2=  24  P= 582  D=  -1 * 16
 X= 239 X2= 236  Y= 325 Y2= 318 P1= 681 P2= 198 T1=  22 T2=  22  P= 578  D=  -1 * 17
 X= 240 X2= 237  Y= 324 Y2= 318 P1= 681 P2= 197 T1=  21 T2=  23  P= 584  D=  -1 * 18
 X= 239 X2= 237  Y= 326 Y2= 319 P1= 682 P2= 197 T1=  22 T2=  22  P= 585  D=  -1 * 19
 X= 240 X2= 235  Y= 326 Y2= 318 P1= 681 P2= 197 T1=  22 T2=  22  P= 582  D=  -1 * 20
 X= 239 X2= 236  Y= 324 Y2= 318 P1= 681 P2= 197 T1=  22 T2=  25  P= 582  D=  -1 * 21
 X= 240 X2= 237  Y= 325 Y2= 318 P1= 681 P2= 197 T1=  22 T2=  22  P= 584  D=  -1 * 22
 X= 240 X2= 236  Y= 326 Y2= 318 P1= 681 P2= 197 T1=  22 T2=  22  P= 584  D=  -1 * 23
 X= 240 X2= 234  Y= 325 Y2= 319 P1= 681 P2= 197 T1=  22 T2=  21  P= 582  D=  -1 * 24
Remove Pin
 X= 240 X2= 237  Y= 325 Y2= 319 P1= 681 P2= 198 T1=  22 T2=  22  P= 580  D=  -1 * 24
 X= 239 X2= 237  Y= 325 Y2= 319 P1= 682 P2= 197 T1=  23 T2=  23  P= 585  D=  -1 * 24
 X= 239 X2= 237  Y= 326 Y2= 319 P1= 681 P2= 197 T1=  22 T2=  21  P= 584  D=  -1 * 24
 X= 239 X2= 237  Y= 326 Y2= 320 P1= 681 P2= 197 T1=  22 T2=  22  P= 584  D=  -1 * 24
 X= 239 X2= 237  Y= 326 Y2= 319 P1= 681 P2= 197 T1=  23 T2=  22  P= 584  D=  -1 * 24
 X= 240 X2= 237  Y= 325 Y2= 319 P1= 681 P2= 197 T1=  22 T2=  22  P= 584  D=  -1 * 24
 X= 239 X2= 237  Y= 325 Y2= 319 P1= 681 P2= 197 T1=  22 T2=  22  P= 584  D=  -1 * 24
 X= 238 X2= 236  Y= 326 Y2= 319 P1= 681 P2= 197 T1=  22 T2=  22  P= 582  D=  -1 * 24
 X= 239 X2= 237  Y= 326 Y2= 319 P1= 681 P2= 197 T1=  21 T2=  22  P= 584  D=  -1 * 24
 X= 239 X2= 238  Y= 325 Y2= 318 P1= 681 P2= 197 T1=  21 T2=  23  P= 584  D=  -1 * 24
 X= 239 X2= 237  Y= 324 Y2= 319 P1= 681 P2= 198 T1=  22 T2=  22  P= 580  D=  -1 * 24
 X= 239 X2= 236  Y= 326 Y2= 318 P1= 681 P2= 198 T1=  22 T2=  23  P= 578  D=  -1 * 24
 X= 240 X2= 236  Y= 325 Y2= 318 P1= 681 P2= 198 T1=  22 T2=  22  P= 580  D=  -1 * 24
 X= 239 X2= 236  Y= 325 Y2= 318 P1= 677 P2= 199 T1=  21 T2=  23  P= 569  D=  -1 * 24
 X= 239 X2= 237  Y= 325 Y2= 319 P1= 681 P2= 198 T1=  22 T2=  23  P= 580  D=  -1 * 24
 X= 239 X2= 236  Y= 327 Y2= 319 P1= 677 P2= 199 T1=  22 T2=  22  P= 569  D=  -1 * 24
 X= 894 X2=1023  Y= 978 Y2=1018 P1=1023 P2=   0 T1=1018 T2= 932  P= 569  D=  -1 
 X= 936 X2=1023  Y= 980 Y2=1016 P1=1023 P2=   0 T1=1019 T2= 919  P= 569  D=  -1 
 X= 992 X2=1013  Y= 975 Y2=1023 P1=1023 P2=   0 T1=1023 T2= 911  P= 569  D=  -1 
target state=2 point=456,22
 X= 912 X2=1023  Y= 975 Y2=1020 P1=1023 P2=   0 T1=1023 T2= 937  P= 569  D=  -1 
 X= 968 X2= 989  Y= 975 Y2=1021 P1=1023 P2=   0 T1=1023 T2= 912  P= 569  D=  -1 
 X=1021 X2=1010  Y= 985 Y2=1023 P1=1022 P2=   0 T1=1023 T2= 906  P= 569  D=  -1 
 X= 997 X2=1000  Y= 986 Y2=1019 P1=1023 P2=   0 T1=1023 T2= 910  P= 569  D=  -1 
 X= 890 X2=1023  Y= 982 Y2=1021 P1=1023 P2=   0 T1=1018 T2= 928  P= 569  D=  -1 
 X= 956 X2=1021  Y= 992 Y2=1023 P1=1023 P2=   0 T1=1023 T2= 891  P= 569  D=  -1 
 X= 952 X2=1021  Y= 982 Y2=1018 P1=1023 P2=   0 T1=1019 T2= 900  P= 569  D=  -1 
 X= 812 X2=1023  Y= 984 Y2=1023 P1=1022 P2=   0 T1=1023 T2= 913  P= 569  D=  -1 
 X=1014 X2=1015  Y= 975 Y2=1019 P1=1023 P2=   0 T1=1023 T2= 907  P= 569  D=  -1 
 X= 963 X2=1006  Y= 987 Y2=1023 P1=1023 P2=   0 T1=1022 T2= 919  P= 569  D=  -1 
 X= 968 X2=1010  Y= 978 Y2=1023 P1=1023 P2=   0 T1=1017 T2= 910  P= 569  D=  -1 
 X= 984 X2=1017  Y= 964 Y2=1023 P1=1023 P2=   0 T1=1023 T2= 938  P= 569  D=  -1 
 X= 993 X2=1002  Y= 987 Y2=1023 P1=1023 P2=   0 T1=1018 T2= 918  P= 569  D=  -1 
 X= 835 X2=1022  Y= 982 Y2=1018 P1=1023 P2=   0 T1=1018 T2= 940  P= 569  D=  -1 
 X= 962 X2= 988  Y= 985 Y2=1017 P1=1023 P2=   0 T1=1023 T2= 924  P= 569  D=  -1 
 X= 918 X2=1022  Y= 978 Y2=1023 P1=1023 P2=   0 T1=1019 T2= 927  P= 569  D=  -1 
 X= 790 X2=1023  Y= 967 Y2=1023 P1=1023 P2=   0 T1=1018 T2= 906  P= 569  D=  -1 
 X= 865 X2=1022  Y= 975 Y2=1023 P1=1023 P2=   0 T1=1023 T2= 914  P= 569  D=  -1 
 X=1008 X2=1000  Y= 974 Y2=1023 P1=1023 P2=   0 T1=1021 T2= 937  P= 569  D=  -1 
 X= 856 X2=1015  Y= 981 Y2=1023 P1=1023 P2=   0 T1=1018 T2= 932  P= 569  D=  -1 
 X= 953 X2=1023  Y= 990 Y2=1017 P1=1023 P2=   0 T1=1018 T2= 916  P= 569  D=  -1 
 X= 884 X2=1023  Y= 973 Y2=1019 P1=1023 P2=   0 T1=1018 T2= 951  P= 569  D=  -1 
 X= 913 X2=1020  Y= 963 Y2=1019 P1=1023 P2=   0 T1=1023 T2= 911  P= 569  D=  -1 
 X= 928 X2=1018  Y= 982 Y2=1021 P1=1023 P2=   0 T1=1023 T2= 920  P= 569  D=  -1 
 X= 928 X2=1019  Y= 990 Y2=1016 P1=1023 P2=   0 T1=1023 T2= 902  P= 569  D=  -1 
 X= 953 X2=1023  Y= 980 Y2=1023 P1=1023 P2=   0 T1=1019 T2= 916  P= 569  D=  -1 
 X= 797 X2=1023  Y= 981 Y2=1023 P1=1023 P2=   0 T1=1018 T2= 926  P= 569  D=  -1 
 X=1023 X2= 981  Y= 983 Y2=1022 P1=1023 P2=   0 T1=1019 T2= 925  P= 569  D=  -1 
 X= 991 X2=1011  Y= 971 Y2=1023 P1=1023 P2=   0 T1=1022 T2= 924  P= 569  D=  -1 
 X= 959 X2=1019  Y= 970 Y2=1023 P1=1023 P2=   0 T1=1023 T2= 920  P= 569  D=  -1 
 X= 954 X2=1023  Y= 979 Y2=1019 P1=1023 P2=   0 T1=1023 T2= 898  P= 569  D=  -1 
 X= 962 X2= 999  Y= 980 Y2=1023 P1=1023 P2=   0 T1=1023 T2= 909  P= 569  D=  -1 
 X= 760 X2=1023  Y= 968 Y2=1021 P1=1023 P2=   0 T1=1023 T2= 941  P= 569  D=  -1 
 X= 911 X2=1023  Y= 983 Y2=1023 P1=1023 P2=   0 T1=1018 T2= 927  P= 569  D=  -1 
 X= 926 X2=1012  Y= 962 Y2=1023 P1=1023 P2=   0 T1=1019 T2= 922  P= 569  D=  -1 
 X= 937 X2=1023  Y= 973 Y2=1023 P1=1023 P2=   0 T1=1018 T2= 924  P= 569  D=  -1 
 X=1018 X2=1008  Y= 973 Y2=1021 P1=1023 P2=   0 T1=1017 T2= 918  P= 569  D=  -1 
 X=1023 X2=1018  Y= 982 Y2=1023 P1=1023 P2=   0 T1=1023 T2= 919  P= 569  D=  -1 
 X= 991 X2=1012  Y= 973 Y2=1023 P1=1023 P2=   0 T1=1019 T2= 922  P= 569  D=  -1 
 X= 954 X2=1022  Y= 971 Y2=1018 P1=1023 P2=   0 T1=1019 T2= 906  P= 569  D=  -1 
 X= 968 X2=1023  Y= 992 Y2=1023 P1=1023 P2=   0 T1=1019 T2= 917  P= 569  D=  -1 
 X= 818 X2=1023  Y= 982 Y2=1020 P1=1023 P2=   0 T1=1023 T2= 924  P= 569  D=  -1 
 X= 861 X2=1023  Y= 989 Y2=1022 P1=1023 P2=   0 T1=1023 T2= 934  P= 569  D=  -1 
 X=1023 X2=1023  Y= 975 Y2=1023 P1=1023 P2=   0 T1=1018 T2= 930  P= 569  D=  -1 
 X= 874 X2=1022  Y= 991 Y2=1018 P1=1023 P2=   0 T1=1023 T2= 900  P= 569  D=  -1 
 X= 848 X2=1022  Y= 984 Y2=1023 P1=1023 P2=   0 T1=1023 T2= 931  P= 569  D=  -1 
 X=1018 X2= 987  Y= 979 Y2=1018 P1=1022 P2=   0 T1=1023 T2= 915  P= 569  D=  -1 
 X= 944 X2=1023  Y= 971 Y2=1022 P1=1023 P2=   0 T1=1018 T2= 957  P= 569  D=  -1 
 X= 945 X2=1023  Y= 978 Y2=1018 P1=1023 P2=   0 T1=1018 T2= 931  P= 569  D=  -1 
 X= 963 X2=1021  Y= 987 Y2=1023 P1=1023 P2=   0 T1=1023 T2= 891  P= 569  D=  -1 
 X= 767 X2=1023  Y= 982 Y2=1018 P1=1023 P2=   0 T1=1023 T2= 916  P= 569  D=  -1 
 X= 883 X2=1021  Y= 986 Y2=1019 P1=1023 P2=   0 T1=1016 T2= 906  P= 569  D=  -1 
 X= 884 X2=1022  Y= 988 Y2=1018 P1=1023 P2=   0 T1=1023 T2= 922  P= 569  D=  -1 
 X= 993 X2=1010  Y= 966 Y2=1018 P1=1023 P2=   0 T1=1023 T2= 934  P= 569  D=  -1 
 X= 811 X2= 810  Y= 986 Y2=1021 P1=1023 P2=   0 T1=  14 T2= 901  P= 569  D=  -1 * 0
 X= 810 X2= 810  Y= 321 Y2= 329 P1= 794 P2= 488 T1=  13 T2=  15  P= 507  D=  -1 * 0
 X= 811 X2= 811  Y= 323 Y2= 330 P1= 794 P2= 487 T1=  15 T2=  14  P= 510  D=  -1 * 0
 X= 812 X2= 810  Y= 323 Y2= 331 P1= 796 P2= 484 T1=  12 T2=  14  P= 522  D=  -1 * 0
 X= 811 X2= 808  Y= 323 Y2= 330 P1= 796 P2= 483 T1=  14 T2=  16  P= 524  D=  -1 * 1
 X= 813 X2= 810  Y= 324 Y2= 331 P1= 796 P2= 483 T1=  15 T2=  15  P= 525  D=  -1 * 2
 X= 810 X2= 810  Y= 323 Y2= 330 P1= 797 P2= 482 T1=  15 T2=  16  P= 528  D=  -1 * 3
 X= 812 X2= 809  Y= 325 Y2= 330 P1= 797 P2= 482 T1=  15 T2=  14  P= 528  D=  -1 * 4
 X= 810 X2= 810  Y= 324 Y2= 330 P1= 797 P2= 482 T1=  15 T2=  15  P= 528  D=  -1 * 5
 X= 811 X2= 810  Y= 324 Y2= 332 P1= 796 P2= 482 T1=  14 T2=  14  P= 527  D=  -1 * 6
 X= 811 X2= 809  Y= 324 Y2= 330 P1= 796 P2= 482 T1=  14 T2=  14  P= 527  D=  -1 * 7
 X= 810 X2= 810  Y= 323 Y2= 331 P1= 796 P2= 483 T1=  14 T2=  15  P= 524  D=  -1 * 8
 X= 810 X2= 809  Y= 324 Y2= 330 P1= 797 P2= 483 T1=  15 T2=  16  P= 525  D=  -1 * 9
 X= 811 X2= 810  Y= 324 Y2= 331 P1= 797 P2= 483 T1=  17 T2=  14  P= 526  D=  -1 * 10
 X= 810 X2= 810  Y= 324 Y2= 330 P1= 796 P2= 483 T1=  14 T2=  14  P= 524  D=  -1 * 11
 X= 810 X2= 809  Y= 325 Y2= 330 P1= 797 P2= 483 T1=  14 T2=  16  P= 525  D=  -1 * 12
 X= 809 X2= 810  Y= 324 Y2= 331 P1= 796 P2= 483 T1=  14 T2=  15  P= 524  D=  -1 * 13
 X= 811 X2= 810  Y= 324 Y2= 331 P1= 796 P2= 483 T1=  15 T2=  15  P= 524  D=  -1 * 14
 X= 811 X2= 808  Y= 324 Y2= 333 P1= 796 P2= 483 T1=  14 T2=  14  P= 524  D=  -1 * 15
 X= 810 X2= 809  Y= 324 Y2= 331 P1= 797 P2= 483 T1=  14 T2=  15  P= 525  D=  -1 * 16
 X= 812 X2= 810  Y= 324 Y2= 329 P1= 797 P2= 483 T1=  14 T2=  14  P= 527  D=  -1 * 17
 X= 811 X2= 810  Y= 322 Y2= 331 P1= 797 P2= 483 T1=  14 T2=  15  P= 526  D=  -1 * 18
 X= 811 X2= 810  Y= 324 Y2= 329 P1= 796 P2= 483 T1=  16 T2=  15  P= 524  D=  -1 * 19
 X= 810 X2= 810  Y= 324 Y2= 330 P1= 797 P2= 483 T1=  16 T2=  14  P= 526  D=  -1 * 20
 X= 811 X2= 810  Y= 323 Y2= 330 P1= 796 P2= 483 T1=  15 T2=  16  P= 524  D=  -1 * 21
 X= 810 X2= 811  Y= 323 Y2= 330 P1= 796 P2= 483 T1=  14 T2=  14  P= 524  D=  -1 * 22
 X= 810 X2= 809  Y= 324 Y2= 331 P1= 797 P2= 483 T1=  14 T2=  16  P= 525  D=  -1 * 23
 X= 811 X2= 809  Y= 324 Y2= 330 P1= 796 P2= 483 T1=  15 T2=  15  P= 524  D=  -1 * 24
Remove Pin
 X= 810 X2= 810  Y= 324 Y2= 331 P1= 796 P2= 483 T1=  18 T2=  15  P= 524  D=  -1 * 24
 X= 811 X2= 809  Y= 324 Y2= 330 P1= 796 P2= 483 T1=  15 T2=  14  P= 524  D=  -1 * 24
 X= 809 X2= 809  Y= 324 Y2= 330 P1= 796 P2= 483 T1=  14 T2=  14  P= 524  D=  -1 * 24
 X= 811 X2= 809  Y= 324 Y2= 331 P1= 796 P2= 483 T1=  14 T2=  18  P= 524  D=  -1 * 24
 X= 811 X2= 808  Y= 324 Y2= 331 P1= 797 P2= 483 T1=  16 T2=  15  P= 525  D=  -1 * 24
 X= 811 X2= 809  Y= 324 Y2= 328 P1= 796 P2= 483 T1=  14 T2=  15  P= 524  D=  -1 * 24
 X= 810 X2= 810  Y= 324 Y2= 330 P1= 796 P2= 483 T1=  14 T2=  16  P= 524  D=  -1 * 24
 X= 810 X2= 812  Y= 323 Y2= 331 P1= 796 P2= 483 T1=  14 T2=  15  P= 525  D=  -1 * 24
 X= 810 X2= 809  Y= 324 Y2= 330 P1= 795 P2= 483 T1=  15 T2=  15  P= 521  D=  -1 * 24
 X= 811 X2= 809  Y= 324 Y2= 330 P1= 795 P2= 482 T1=  14 T2=  14  P= 525  D=  -1 * 24
 X= 811 X2= 809  Y= 324 Y2= 331 P1= 796 P2= 482 T1=  15 T2=  18  P= 527  D=  -1 * 24
 X= 811 X2= 810  Y= 325 Y2= 331 P1= 795 P2= 483 T1=  15 T2=  15  P= 522  D=  -1 * 24
 X= 811 X2= 810  Y= 324 Y2= 331 P1= 796 P2= 483 T1=  14 T2=  15  P= 524  D=  -1 * 24
 X= 810 X2= 810  Y= 323 Y2= 331 P1= 796 P2= 483 T1=  14 T2=  14  P= 524  D=  -1 * 24
 X= 811 X2= 809  Y= 324 Y2= 331 P1= 796 P2= 483 T1=  15 T2=  15  P= 524  D=  -1 * 24
 X= 811 X2= 810  Y= 324 Y2= 331 P1= 797 P2= 483 T1=  15 T2=  14  P= 526  D=  -1 * 24
 X= 811 X2= 809  Y= 324 Y2= 331 P1= 796 P2= 483 T1=  15 T2=  16  P= 524  D=  -1 * 24
 X= 810 X2= 810  Y= 323 Y2= 330 P1= 790 P2= 482 T1=  15 T2=  15  P= 517  D=  -1 * 24
 X= 811 X2= 810  Y= 324 Y2= 330 P1= 797 P2= 483 T1=  15 T2=  14  P= 526  D=  -1 * 24
 X= 812 X2= 810  Y= 323 Y2= 331 P1= 796 P2= 483 T1=  15 T2=  15  P= 525  D=  -1 * 24
 X= 937 X2=1020  Y= 971 Y2=1023 P1=1023 P2=   0 T1=1023 T2= 908  P= 525  D=  -1 
 X= 925 X2=1021  Y= 985 Y2=1018 P1=1022 P2=   0 T1=1019 T2= 907  P= 525  D=  -1 
 X= 951 X2=1011  Y= 976 Y2=1023 P1=1023 P2=   0 T1=1020 T2= 908  P= 525  D=  -1 
target state=3 point=456,249
 X= 944 X2=1023  Y= 982 Y2=1022 P1=1023 P2=   0 T1=1023 T2= 902  P= 525  D=  -1 
 X= 938 X2=1023  Y= 977 Y2=1023 P1=1023 P2=   0 T1=1020 T2= 926  P= 525  D=  -1 
 X= 847 X2=1017  Y= 971 Y2=1023 P1=1023 P2=   0 T1=1017 T2= 917  P= 525  D=  -1 
 X= 799 X2=1023  Y= 973 Y2=1021 P1=1023 P2=   0 T1=1023 T2= 886  P= 525  D=  -1 
 X= 896 X2=1020  Y= 962 Y2=1023 P1=1023 P2=   0 T1=1018 T2= 928  P= 525  D=  -1 
 X=1004 X2=1005  Y= 971 Y2=1023 P1=1023 P2=   0 T1=1023 T2= 913  P= 525  D=  -1 
 X= 909 X2=1023  Y= 972 Y2=1019 P1=1023 P2=   0 T1=1018 T2= 928  P= 525  D=  -1 
 X= 873 X2=1023  Y= 978 Y2=1019 P1=1023 P2=   0 T1=1023 T2= 914  P= 525  D=  -1 
 X= 860 X2=1022  Y= 993 Y2=1018 P1=1023 P2=   0 T1=1023 T2= 913  P= 525  D=  -1 
 X= 850 X2=1023  Y= 992 Y2=1021 P1=1023 P2=   0 T1=1022 T2= 915  P= 525  D=  -1 
 X= 964 X2=1021  Y= 975 Y2=1023 P1=1023 P2=   0 T1=1023 T2= 923  P= 525  D=  -1 
 X= 943 X2=1012  Y= 978 Y2=1023 P1=1023 P2=   0 T1=1017 T2= 917  P= 525  D=  -1 
 X= 862 X2=1014  Y= 983 Y2=1023 P1=1023 P2=   0 T1=1023 T2= 935  P= 525  D=  -1 
 X= 961 X2=1020  Y= 974 Y2=1023 P1=1021 P2=   0 T1=1022 T2= 914  P= 525  D=  -1 
 X=1023 X2=1012  Y= 982 Y2=1019 P1=1023 P2=   0 T1=1023 T2= 915  P= 525  D=  -1 
 X= 916 X2=1023  Y= 973 Y2=1017 P1=1023 P2=   0 T1=1019 T2= 905  P= 525  D=  -1 
 X= 894 X2=1023  Y= 987 Y2=1022 P1=1023 P2=   0 T1=1017 T2= 923  P= 525  D=  -1 
 X=1006 X2=1019  Y= 981 Y2=1023 P1=1023 P2=   0 T1=1022 T2= 904  P= 525  D=  -1 
 X= 917 X2=1023  Y= 990 Y2=1018 P1=1023 P2=   0 T1=1018 T2= 918  P= 525  D=  -1 
 X= 885 X2=1023  Y= 983 Y2=1018 P1=1023 P2=   0 T1=1023 T2= 932  P= 525  D=  -1 
 X= 973 X2=1012  Y= 984 Y2=1023 P1=1023 P2=   0 T1=1023 T2= 917  P= 525  D=  -1 
 X= 865 X2=1015  Y= 973 Y2=1019 P1=1023 P2=   0 T1=1019 T2= 919  P= 525  D=  -1 
 X= 928 X2=1022  Y= 981 Y2=1023 P1=1023 P2=   0 T1=1023 T2= 891  P= 525  D=  -1 
 X= 948 X2= 989  Y= 979 Y2=1016 P1=1023 P2=   0 T1=1019 T2= 927  P= 525  D=  -1 
 X= 806 X2=1023  Y= 977 Y2=1019 P1=1023 P2=   0 T1=1023 T2= 919  P= 525  D=  -1 
 X= 891 X2=1023  Y= 979 Y2=1019 P1=1023 P2=   0 T1=1019 T2= 905  P= 525  D=  -1 
 X= 872 X2=1023  Y= 974 Y2=1023 P1=1023 P2=   0 T1=1020 T2= 914  P= 525  D=  -1 
 X= 945 X2=1012  Y= 965 Y2=1023 P1=1022 P2=   0 T1=1018 T2= 898  P= 525  D=  -1 
 X=1023 X2= 981  Y= 986 Y2=1023 P1=1022 P2=   0 T1=1020 T2= 922  P= 525  D=  -1 
 X= 936 X2=1017  Y= 988 Y2=1023 P1=1023 P2=   0 T1=1019 T2= 949  P= 525  D=  -1 
 X= 981 X2=1011  Y= 989 Y2=1023 P1=1023 P2=   0 T1=1018 T2= 921  P= 525  D=  -1 
 X= 933 X2=1022  Y= 983 Y2=1018 P1=1023 P2=   0 T1=1020 T2= 905  P= 525  D=  -1 
 X= 959 X2=1020  Y= 989 Y2=1023 P1=1023 P2=   0 T1=1023 T2= 909  P= 525  D=  -1 
 X=1023 X2=1012  Y= 994 Y2=1018 P1=1021 P2=   0 T1=1020 T2= 910  P= 525  D=  -1 
 X= 810 X2=1023  Y= 980 Y2=1020 P1=1023 P2=   0 T1=1023 T2= 919  P= 525  D=  -1 
 X= 907 X2=1023  Y= 981 Y2=1022 P1=1023 P2=   0 T1=1023 T2= 941  P= 525  D=  -1 
 X= 947 X2=1023  Y= 984 Y2=1023 P1=1023 P2=   0 T1=1018 T2= 935  P= 525  D=  -1 
 X= 898 X2=1020  Y= 975 Y2=1023 P1=1023 P2=   0 T1=1023 T2= 932  P= 525  D=  -1 
 X= 951 X2= 989  Y= 980 Y2=1023 P1=1023 P2=   0 T1=1023 T2= 901  P= 525  D=  -1 
 X= 976 X2=1018  Y= 972 Y2=1017 P1=1023 P2=   0 T1=1023 T2= 920  P= 525  D=  -1 
 X= 797 X2=1023  Y= 984 Y2=1023 P1=1023 P2=   0 T1=1023 T2= 886  P= 525  D=  -1 
 X= 970 X2=1020  Y= 996 Y2=1023 P1=1023 P2=   0 T1=1023 T2= 908  P= 525  D=  -1 
 X=1000 X2=1020  Y= 970 Y2=1019 P1=1023 P2=   0 T1=1017 T2= 928  P= 525  D=  -1 
 X= 939 X2=1023  Y= 975 Y2=1018 P1=1023 P2=   0 T1=1020 T2= 906  P= 525  D=  -1 
 X= 874 X2=1023  Y= 984 Y2=1018 P1=1023 P2=   0 T1=1017 T2= 916  P= 525  D=  -1 
 X=1008 X2=1000  Y= 980 Y2=1022 P1=1023 P2=   0 T1=1023 T2= 938  P= 525  D=  -1 
 X= 870 X2=1014  Y= 986 Y2=1019 P1=1023 P2=   0 T1=1021 T2= 908  P= 525  D=  -1 
 X= 808 X2=1016  Y= 981 Y2=1019 P1=1023 P2=   0 T1=1023 T2= 924  P= 525  D=  -1 
 X= 962 X2=1023  Y= 986 Y2=1023 P1=1023 P2=   0 T1=1019 T2= 905  P= 525  D=  -1 
 X=1023 X2=1014  Y= 975 Y2=1019 P1=1023 P2=   0 T1=1020 T2= 901  P= 525  D=  -1 
 X= 965 X2=1020  Y= 995 Y2=1023 P1=1023 P2=   0 T1=1019 T2= 915  P= 525  D=  -1 
 X= 935 X2=1023  Y= 985 Y2=1023 P1=1023 P2=   0 T1=1023 T2= 917  P= 525  D=  -1 
 X= 898 X2=1020  Y= 977 Y2=1018 P1=1023 P2=   0 T1=1020 T2= 913  P= 525  D=  -1 
 X= 863 X2=1022  Y= 980 Y2=1018 P1=1023 P2=   0 T1=1023 T2= 905  P= 525  D=  -1 
 X= 891 X2=1023  Y= 985 Y2=1017 P1=1023 P2=   0 T1=1023 T2= 897  P= 525  D=  -1 
 X= 919 X2=1023  Y= 988 Y2=1023 P1=1023 P2=   0 T1=1023 T2= 939  P= 525  D=  -1 
 X= 964 X2=1023  Y= 981 Y2=1019 P1=1023 P2=   0 T1=1022 T2= 926  P= 525  D=  -1 
 X=1015 X2=1004  Y= 978 Y2=1020 P1=1023 P2=   0 T1=1018 T2= 912  P= 525  D=  -1 
 X=1023 X2=1013  Y= 981 Y2=1023 P1=1023 P2=   0 T1=1023 T2= 915  P= 525  D=  -1 
 X= 820 X2=1023  Y= 975 Y2=1023 P1=1023 P2=   0 T1=1019 T2= 910  P= 525  D=  -1 
 X= 877 X2=1023  Y= 978 Y2=1018 P1=1023 P2=   0 T1=1017 T2= 915  P= 525  D=  -1 
 X= 945 X2=1023  Y= 995 Y2=1018 P1=1023 P2=   0 T1=1023 T2= 905  P= 525  D=  -1 
 X= 931 X2=1022  Y= 985 Y2=1023 P1=1023 P2=   0 T1=1019 T2= 922  P= 525  D=  -1 
 X= 813 X2=1023  Y= 970 Y2=1017 P1= 982 P2= 340 T1=1023 T2=  24  P= 525  D=  -1 
 X= 809 X2= 811  Y= 706 Y2= 713 P1= 910 P2= 529 T1=  16 T2=  16  P= 583  D=  -1 * 0
 X= 809 X2= 811  Y= 709 Y2= 713 P1= 910 P2= 532 T1=  15 T2=  15  P= 575  D=  -1 * 0
 X= 809 X2= 810  Y= 708 Y2= 712 P1= 909 P2= 537 T1=  16 T2=  15  P= 559  D=  -1 * 0
 X= 810 X2= 810  Y= 709 Y2= 713 P1= 908 P2= 539 T1=  15 T2=  15  P= 554  D=  -1 * 0
 X= 809 X2= 810  Y= 708 Y2= 713 P1= 908 P2= 540 T1=  15 T2=  16  P= 550  D=  -1 * 1
 X= 809 X2= 809  Y= 708 Y2= 713 P1= 908 P2= 540 T1=  15 T2=  14  P= 550  D=  -1 * 2
 X= 809 X2= 810  Y= 708 Y2= 713 P1= 908 P2= 541 T1=  15 T2=  15  P= 548  D=  -1 * 3
 X= 809 X2= 810  Y= 708 Y2= 711 P1= 907 P2= 541 T1=  17 T2=  15  P= 546  D=  -1 * 4
 X= 809 X2= 810  Y= 709 Y2= 712 P1= 908 P2= 542 T1=  14 T2=  15  P= 546  D=  -1 * 5
 X= 808 X2= 809  Y= 708 Y2= 716 P1= 907 P2= 542 T1=  15 T2=  15  P= 543  D=  -1 * 6
 X= 809 X2= 811  Y= 708 Y2= 717 P1= 906 P2= 543 T1=  15 T2=  14  P= 541  D=  -1 * 7
 X= 809 X2= 809  Y= 709 Y2= 712 P1= 908 P2= 541 T1=  15 T2=  15  P= 548  D=  -1 * 8
 X= 809 X2= 810  Y= 709 Y2= 712 P1= 908 P2= 542 T1=  15 T2=  12  P= 546  D=  -1 * 9
 X= 809 X2= 810  Y= 709 Y2= 713 P1= 907 P2= 543 T1=  14 T2=  15  P= 542  D=  -1 * 10
 X= 809 X2= 810  Y= 708 Y2= 712 P1= 907 P2= 543 T1=  16 T2=  14  P= 542  D=  -1 * 11
 X= 811 X2= 808  Y= 709 Y2= 712 P1= 908 P2= 543 T1=  14 T2=  16  P= 543  D=  -1 * 12
 X= 809 X2= 811  Y= 709 Y2= 713 P1= 907 P2= 543 T1=  15 T2=  15  P= 542  D=  -1 * 13
 X= 809 X2= 810  Y= 708 Y2= 713 P1= 907 P2= 543 T1=  15 T2=  15  P= 542  D=  -1 * 14
 X= 807 X2= 809  Y= 708 Y2= 712 P1= 907 P2= 543 T1=  16 T2=  14  P= 541  D=  -1 * 15
 X= 809 X2= 809  Y= 707 Y2= 712 P1= 908 P2= 542 T1=  14 T2=  15  P= 546  D=  -1 * 16
 X= 808 X2= 813  Y= 709 Y2= 713 P1= 907 P2= 543 T1=  15 T2=  14  P= 542  D=  -1 * 17
 X= 809 X2= 809  Y= 709 Y2= 712 P1= 907 P2= 543 T1=  15 T2=  15  P= 542  D=  -1 * 18
 X= 809 X2= 810  Y= 708 Y2= 712 P1= 907 P2= 543 T1=  15 T2=  15  P= 542  D=  -1 * 19
 X= 807 X2= 809  Y= 709 Y2= 712 P1= 907 P2= 543 T1=  15 T2=  14  P= 541  D=  -1 * 20
 X= 809 X2= 809  Y= 708 Y2= 710 P1= 907 P2= 543 T1=  15 T2=  15  P= 542  D=  -1 * 21
 X= 808 X2= 808  Y= 708 Y2= 712 P1= 907 P2= 543 T1=  15 T2=  14  P= 541  D=  -1 * 22
 X= 808 X2= 810  Y= 708 Y2= 712 P1= 907 P2= 543 T1=  15 T2=  16  P= 542  D=  -1 * 23
 X= 809 X2= 810  Y= 708 Y2= 713 P1= 908 P2= 543 T1=  15 T2=  15  P= 543  D=  -1 * 24
Remove Pin
 X= 809 X2= 810  Y= 708 Y2= 713 P1= 907 P2= 543 T1=  15 T2=  15  P= 542  D=  -1 * 24
 X= 810 X2= 809  Y= 709 Y2= 712 P1= 907 P2= 543 T1=  15 T2=  14  P= 542  D=  -1 * 24
 X= 805 X2= 810  Y= 708 Y2= 709 P1= 907 P2= 542 T1=  16 T2=  15  P= 543  D=  -1 * 24
 X= 809 X2= 809  Y= 708 Y2= 713 P1= 907 P2= 543 T1=  15 T2=  16  P= 542  D=  -1 * 24
 X= 809 X2= 810  Y= 708 Y2= 713 P1= 907 P2= 543 T1=  13 T2=  16  P= 542  D=  -1 * 24
 X= 808 X2= 810  Y= 708 Y2= 713 P1= 907 P2= 543 T1=  16 T2=  15  P= 542  D=  -1 * 24
 X= 808 X2= 812  Y= 708 Y2= 712 P1= 909 P2= 544 T1=  14 T2=  15  P= 542  D=  -1 * 24
 X= 809 X2= 809  Y= 709 Y2= 713 P1= 907 P2= 543 T1=  13 T2=  16  P= 542  D=  -1 * 24
 X= 808 X2= 810  Y= 710 Y2= 712 P1= 907 P2= 543 T1=  16 T2=  15  P= 542  D=  -1 * 24
 X= 808 X2= 809  Y= 706 Y2= 713 P1= 908 P2= 540 T1=  15 T2=  16  P= 550  D=  -1 * 24
 X= 810 X2= 810  Y= 709 Y2= 714 P1= 922 P2= 472 T1=  20 T2=  20  P= 771  D=  -1 * 24
 X= 998 X2=1012  Y= 970 Y2=1023 P1=1023 P2=   0 T1=1023 T2= 921  P= 771  D=  -1 
 X=1019 X2= 992  Y= 986 Y2=1020 P1=1023 P2=   0 T1=1020 T2= 915  P= 771  D=  -1 
 X=1018 X2= 999  Y= 976 Y2=1017 P1=1023 P2=   0 T1=1023 T2= 912  P= 771  D=  -1 
target state=4 point=23,249
 X= 973 X2=1020  Y= 974 Y2=1023 P1=1023 P2=   0 T1=1018 T2= 896  P= 771  D=  -1 
 X= 899 X2=1023  Y= 982 Y2=1018 P1=1023 P2=   0 T1=1018 T2= 894  P= 771  D=  -1 
 X=1015 X2= 989  Y= 990 Y2=1023 P1=1023 P2=   0 T1=1023 T2= 922  P= 771  D=  -1 
 X= 987 X2=1011  Y= 980 Y2=1019 P1=1023 P2=   0 T1=1019 T2= 903  P= 771  D=  -1 
 X=1008 X2=1019  Y= 981 Y2=1022 P1=1023 P2=   0 T1=1019 T2= 924  P= 771  D=  -1 
 X= 995 X2=1004  Y= 968 Y2=1017 P1=1023 P2=   0 T1=1023 T2= 902  P= 771  D=  -1 
 X=1010 X2= 988  Y= 974 Y2=1023 P1=1023 P2=   0 T1=1023 T2= 914  P= 771  D=  -1 
 X= 948 X2=1021  Y= 985 Y2=1017 P1=1022 P2=   0 T1=1022 T2= 882  P= 771  D=  -1 
 X= 932 X2=1022  Y= 973 Y2=1018 P1=1023 P2=   0 T1=1019 T2= 908  P= 771  D=  -1 
 X= 847 X2=1017  Y= 974 Y2=1023 P1=1023 P2=   0 T1=1023 T2= 899  P= 771  D=  -1 
 X= 890 X2=1017  Y= 969 Y2=1018 P1=1023 P2=   0 T1=1021 T2= 934  P= 771  D=  -1 
 X= 951 X2= 991  Y= 989 Y2=1022 P1=1023 P2=   0 T1=1023 T2= 890  P= 771  D=  -1 
 X= 903 X2=1023  Y= 988 Y2=1019 P1=1023 P2=   0 T1=1019 T2= 898  P= 771  D=  -1 
 X= 842 X2=1021  Y= 984 Y2=1019 P1=1023 P2=   0 T1=1020 T2= 920  P= 771  D=  -1 
 X=1003 X2=1002  Y= 980 Y2=1023 P1=1023 P2=   0 T1=1022 T2= 929  P= 771  D=  -1 
 X=1008 X2=1002  Y= 979 Y2=1022 P1=1023 P2=   0 T1=1022 T2= 909  P= 771  D=  -1 
 X= 858 X2=1023  Y= 973 Y2=1023 P1=1023 P2=   0 T1=1018 T2= 915  P= 771  D=  -1 
 X= 842 X2=1022  Y= 996 Y2=1017 P1=1023 P2=   0 T1=1022 T2= 924  P= 771  D=  -1 
 X= 897 X2=1023  Y= 974 Y2=1022 P1=1023 P2=   0 T1=1019 T2= 961  P= 771  D=  -1 
 X= 863 X2=1014  Y= 977 Y2=1021 P1=1023 P2=   0 T1=1018 T2= 910  P= 771  D=  -1 
 X= 950 X2=1023  Y= 955 Y2=1023 P1=1023 P2=   0 T1=1018 T2= 925  P= 771  D=  -1 
 X= 866 X2=1020  Y= 982 Y2=1023 P1=1023 P2=   0 T1=1023 T2= 905  P= 771  D=  -1 
 X= 981 X2=1012  Y= 979 Y2=1023 P1=1023 P2=   0 T1=1023 T2= 903  P= 771  D=  -1 
 X= 930 X2=1022  Y= 991 Y2=1018 P1=1023 P2=   0 T1=1023 T2= 903  P= 771  D=  -1 
 X= 968 X2= 991  Y= 989 Y2=1018 P1=1023 P2=   0 T1=1023 T2= 922  P= 771  D=  -1 
 X= 954 X2=1020  Y= 975 Y2=1023 P1=1023 P2=   0 T1=1021 T2= 933  P= 771  D=  -1 
 X= 819 X2=1022  Y= 993 Y2=1019 P1=1023 P2=   0 T1=1023 T2= 907  P= 771  D=  -1 
 X= 893 X2=1021  Y= 988 Y2=1023 P1=1023 P2=   0 T1=1023 T2= 935  P= 771  D=  -1 
 X= 954 X2=1023  Y= 980 Y2=1020 P1=1023 P2=   0 T1=1018 T2= 924  P= 771  D=  -1 
 X= 962 X2=1023  Y= 985 Y2=1023 P1=1023 P2=   0 T1=1022 T2= 907  P= 771  D=  -1 
 X=1023 X2= 998  Y= 979 Y2=1021 P1=1023 P2=   0 T1=1023 T2= 908  P= 771  D=  -1 
 X=1005 X2= 977  Y= 986 Y2=1023 P1=1022 P2=   0 T1=1018 T2= 894  P= 771  D=  -1 
 X= 898 X2=1023  Y= 991 Y2=1017 P1=1023 P2=   0 T1=1022 T2= 925  P= 771  D=  -1 
 X= 907 X2=1023  Y= 989 Y2=1022 P1=1023 P2=   0 T1=1023 T2= 911  P= 771  D=  -1 
 X= 938 X2=1001  Y= 983 Y2=1017 P1=1023 P2=   0 T1=1023 T2= 928  P= 771  D=  -1 
 X=1023 X2= 998  Y= 980 Y2=1023 P1=1022 P2=   0 T1=1020 T2= 910  P= 771  D=  -1 
 X= 927 X2=1020  Y= 989 Y2=1023 P1=1023 P2=   0 T1=1019 T2= 899  P= 771  D=  -1 
 X= 926 X2=1023  Y= 987 Y2=1023 P1=1023 P2=   0 T1=1018 T2= 918  P= 771  D=  -1 
 X= 893 X2=1019  Y= 977 Y2=1023 P1=1023 P2=   0 T1=1018 T2= 913  P= 771  D=  -1 
 X= 974 X2= 991  Y= 971 Y2=1017 P1=1023 P2=   0 T1=1020 T2= 902  P= 771  D=  -1 
 X=1023 X2=1000  Y= 970 Y2=1023 P1=1023 P2=   0 T1=1023 T2= 923  P= 771  D=  -1 
 X=1010 X2= 981  Y= 986 Y2=1023 P1=1023 P2=   0 T1=1023 T2= 921  P= 771  D=  -1 
 X= 954 X2=1023  Y= 986 Y2=1023 P1=1023 P2=   0 T1=1018 T2= 925  P= 771  D=  -1 
 X= 962 X2=1020  Y= 989 Y2=1018 P1=1023 P2=   0 T1=1023 T2= 904  P= 771  D=  -1 
 X= 935 X2=1016  Y= 969 Y2=1019 P1=1023 P2=   0 T1=1019 T2= 938  P= 771  D=  -1 
 X= 810 X2=1017  Y= 982 Y2=1023 P1=1023 P2=   0 T1=1018 T2= 920  P= 771  D=  -1 
 X= 987 X2=1010  Y= 962 Y2=1019 P1=1020 P2=   0 T1=1023 T2= 901  P= 771  D=  -1 
 X= 989 X2=1005  Y= 975 Y2=1019 P1=1023 P2=   0 T1=1021 T2= 916  P= 771  D=  -1 
 X= 873 X2=1023  Y= 977 Y2=1017 P1=1023 P2=   0 T1=1019 T2= 934  P= 771  D=  -1 
 X=1007 X2=1003  Y= 984 Y2=1023 P1=1023 P2=   0 T1=1021 T2= 912  P= 771  D=  -1 
 X=1005 X2=1003  Y= 977 Y2=1018 P1=1023 P2=   0 T1=1023 T2= 912  P= 771  D=  -1 
 X= 913 X2=1023  Y= 993 Y2=1023 P1=1023 P2=   0 T1=1019 T2= 918  P= 771  D=  -1 
 X= 969 X2=1023  Y= 972 Y2=1018 P1=1023 P2=   0 T1=1023 T2= 902  P= 771  D=  -1 
 X= 845 X2=1016  Y= 964 Y2=1020 P1=1023 P2=   0 T1=1019 T2= 927  P= 771  D=  -1 
 X= 797 X2=1023  Y= 982 Y2=1019 P1=1023 P2=   0 T1=1020 T2= 916  P= 771  D=  -1 
 X= 239 X2=1023  Y= 976 Y2=1019 P1=1023 P2=   0 T1=  21 T2= 920  P= 771  D=  -1 * 0
 X= 898 X2=1019  Y= 977 Y2=1018 P1=1023 P2=   0 T1=1023 T2= 920  P= 771  D=  -1 
 X= 235 X2= 237  Y= 703 Y2= 700 P1= 834 P2= 234 T1=  23 T2=  23  P= 605  D=  -1 * 0
 X= 235 X2= 237  Y= 704 Y2= 700 P1= 835 P2= 233 T1=  25 T2=  23  P= 609  D=  -1 * 0
 X= 235 X2= 237  Y= 705 Y2= 700 P1= 832 P2= 235 T1=  22 T2=  22  P= 599  D=  -1 * 0
 X= 234 X2= 237  Y= 705 Y2= 700 P1= 831 P2= 237 T1=  23 T2=  22  P= 588  D=  -1 * 1
 X= 239 X2= 237  Y= 704 Y2= 700 P1= 833 P2= 237 T1=  22 T2=  22  P= 598  D=  -1 * 2
 X= 235 X2= 237  Y= 705 Y2= 699 P1= 831 P2= 237 T1=  22 T2=  22  P= 591  D=  -1 * 3
 X= 236 X2= 237  Y= 704 Y2= 699 P1= 830 P2= 237 T1=  19 T2=  22  P= 590  D=  -1 * 4
 X= 235 X2= 238  Y= 704 Y2= 701 P1= 831 P2= 237 T1=  23 T2=  23  P= 591  D=  -1 * 5
 X= 235 X2= 237  Y= 704 Y2= 700 P1= 830 P2= 238 T1=  25 T2=  23  P= 586  D=  -1 * 6
 X= 235 X2= 240  Y= 704 Y2= 700 P1= 830 P2= 238 T1=  23 T2=  22  P= 589  D=  -1 * 7
 X= 234 X2= 237  Y= 703 Y2= 700 P1= 830 P2= 238 T1=  22 T2=  23  P= 584  D=  -1 * 8
 X= 235 X2= 236  Y= 705 Y2= 700 P1= 829 P2= 238 T1=  22 T2=  22  P= 583  D=  -1 * 9
 X= 235 X2= 236  Y= 704 Y2= 698 P1= 830 P2= 239 T1=  22 T2=  22  P= 580  D=  -1 * 10
 X= 234 X2= 236  Y= 704 Y2= 699 P1= 829 P2= 239 T1=  23 T2=  18  P= 579  D=  -1 * 11
 X= 235 X2= 236  Y= 704 Y2= 697 P1= 829 P2= 239 T1=  21 T2=  22  P= 579  D=  -1 * 12
 X= 235 X2= 238  Y= 704 Y2= 700 P1= 830 P2= 240 T1=  22 T2=  22  P= 580  D=  -1 * 13
 X= 235 X2= 237  Y= 704 Y2= 700 P1= 830 P2= 239 T1=  21 T2=  22  P= 583  D=  -1 * 14
 X= 235 X2= 237  Y= 704 Y2= 699 P1= 829 P2= 240 T1=  22 T2=  22  P= 579  D=  -1 * 15
 X= 218 X2= 237  Y= 704 Y2= 699 P1= 830 P2= 239 T1=  22 T2=  22  P= 561  D=  -1 * 16
 X= 233 X2= 237  Y= 703 Y2= 700 P1= 830 P2= 239 T1=  18 T2=  22  P= 580  D=  -1 * 17
 X= 235 X2= 237  Y= 703 Y2= 699 P1= 829 P2= 240 T1=  22 T2=  21  P= 579  D=  -1 * 18
 X= 235 X2= 237  Y= 704 Y2= 699 P1= 829 P2= 238 T1=  22 T2=  22  P= 585  D=  -1 * 19
 X= 235 X2= 238  Y= 704 Y2= 699 P1= 829 P2= 240 T1=  21 T2=  23  P= 579  D=  -1 * 20
 X= 234 X2= 237  Y= 704 Y2= 699 P1= 830 P2= 239 T1=  23 T2=  22  P= 580  D=  -1 * 21
 X= 234 X2= 239  Y= 703 Y2= 700 P1= 830 P2= 239 T1=  22 T2=  23  P= 583  D=  -1 * 22
 X= 239 X2= 238  Y= 701 Y2= 699 P1= 829 P2= 239 T1=  22 T2=  22  P= 587  D=  -1 * 23
 X= 235 X2= 237  Y= 704 Y2= 699 P1= 830 P2= 239 T1=  22 T2=  22  P= 583  D=  -1 * 24
Remove Pin
 X= 234 X2= 238  Y= 704 Y2= 700 P1= 830 P2= 239 T1=  23 T2=  22  P= 583  D=  -1 * 24
 X= 235 X2= 238  Y= 704 Y2= 699 P1= 829 P2= 240 T1=  22 T2=  22  P= 579  D=  -1 * 24
 X= 235 X2= 237  Y= 704 Y2= 699 P1= 829 P2= 239 T1=  22 T2=  22  P= 582  D=  -1 * 24
 X= 235 X2= 237  Y= 704 Y2= 699 P1= 830 P2= 240 T1=  22 T2=  23  P= 580  D=  -1 * 24
 X= 236 X2= 237  Y= 704 Y2= 700 P1= 829 P2= 239 T1=  22 T2=  23  P= 582  D=  -1 * 24
 X= 235 X2= 237  Y= 704 Y2= 699 P1= 830 P2= 239 T1=  22 T2=  22  P= 583  D=  -1 * 24
 X= 233 X2= 236  Y= 704 Y2= 699 P1= 829 P2= 239 T1=  23 T2=  22  P= 577  D=  -1 * 24
 X= 235 X2= 238  Y= 704 Y2= 699 P1= 830 P2= 239 T1=  22 T2=  22  P= 583  D=  -1 * 24
 X= 232 X2= 237  Y= 704 Y2= 700 P1= 829 P2= 239 T1=  20 T2=  24  P= 577  D=  -1 * 24
 X= 235 X2= 237  Y= 704 Y2= 700 P1= 829 P2= 239 T1=  22 T2=  22  P= 582  D=  -1 * 24
 X= 234 X2= 237  Y= 703 Y2= 699 P1= 830 P2= 239 T1=  21 T2=  22  P= 580  D=  -1 * 24
 X= 234 X2= 237  Y= 704 Y2= 699 P1= 829 P2= 239 T1=  22 T2=  22  P= 579  D=  -1 * 24
 X= 235 X2= 237  Y= 704 Y2= 700 P1= 830 P2= 239 T1=  23 T2=  22  P= 583  D=  -1 * 24
 X= 235 X2= 237  Y= 704 Y2= 698 P1= 830 P2= 239 T1=  25 T2=  22  P= 583  D=  -1 * 24
 X= 234 X2= 239  Y= 704 Y2= 700 P1= 830 P2= 239 T1=  23 T2=  21  P= 583  D=  -1 * 24
 X= 235 X2= 237  Y= 704 Y2= 699 P1= 829 P2= 239 T1=  22 T2=  21  P= 582  D=  -1 * 24
 X= 235 X2= 237  Y= 704 Y2= 700 P1= 828 P2= 240 T1=  22 T2=  21  P= 578  D=  -1 * 24
 X= 235 X2= 237  Y= 703 Y2= 700 P1= 830 P2= 239 T1=  22 T2=  21  P= 583  D=  -1 * 24
 X= 235 X2= 236  Y= 704 Y2= 700 P1= 830 P2= 238 T1=  22 T2=  22  P= 584  D=  -1 * 24
 X=1000 X2= 993  Y= 986 Y2=1018 P1=1023 P2=   0 T1=1021 T2= 890  P= 584  D=  -1 
 X= 990 X2=1004  Y= 975 Y2=1018 P1=1023 P2=   0 T1=1019 T2= 926  P= 584  D=  -1 
 X= 964 X2=1023  Y= 996 Y2=1017 P1=1023 P2=   0 T1=1023 T2= 919  P= 584  D=  -1 
Target Noise  x= 2.50 y= 2.50
X[0]: Target=240   526/ 527/ 528 Stdev= 0.34 N= 24  Y[0]: Target=136   516/ 517/ 518 Stdev= 0.46 N= 24
X[1]: Target= 23   237/ 238/ 242 Stdev= 0.93 N= 24  Y[1]: Target= 22   320/ 322/ 323 Stdev= 0.60 N= 24
X[2]: Target=456   809/ 810/ 811 Stdev= 0.61 N= 24  Y[2]: Target= 22   326/ 327/ 328 Stdev= 0.56 N= 24
X[3]: Target=456   808/ 809/ 810 Stdev= 0.57 N= 24  Y[3]: Target=249   709/ 710/ 712 Stdev= 0.75 N= 24
X[4]: Target= 23   227/ 236/ 238 Stdev= 1.92 N= 24  Y[4]: Target=249   700/ 701/ 702 Stdev= 0.61 N= 24
N=24 Avg=18
min: 18 18 18 18 18 18 
max: 20 19 19 19 19 19 
N=24 Avg=22
min: 21 22 22 22 22 22 
max: 24 23 22 22 22 22 
N=24 Avg=14
min: 13 14 14 14 14 14 
max: 15 15 15 15 15 15 
N=24 Avg=14
min: 13 14 14 14 14 14 
max: 16 15 15 15 15 15 
N=24 Avg=21
min: 20 20 20 21 21 21 
max: 24 23 22 22 22 22 
Using TNT center offset = 19
TNT Plane Coef: a= -799 b=   -1 c= 393323
At  526, 517: Real=  19 Fit=  19 Offset=   0
At  237, 321: Real=  22 Fit=  22 Offset=   3
At  809, 326: Real=  15 Fit=  16 Offset=  -3
At  809, 710: Real=  15 Fit=  16 Offset=  -3
At  235, 701: Real=  22 Fit=  22 Offset=   3
Fit Points: 19, 25, 14, 14, 25,  center: 19
Setting for min_tnt_up:   521
Setting for max_tnt_down: 24 (V2:36)
Entering calib_pressure_mfg
Using default pressure curve
468 471 487 495 509 524 553 575 612 
Summary:
Setting for max_tnt_down:      24
3.7 setting for max_tnt_down:     -1
Setting for min_tnt_up:       521
Setting for max_delta_tnt:      5
3.8 setting for max_delta_tnt:     -1
Setting for delay_in_us:        1
Setting for y_delay_in_us:      1
Setting for tnt_delay_in_us:    1
Setting for pressure_curve:  468 471 487 495 509 524 553 575 612
Setting for tnt_mode:           1
Setting for averaging:         -1
Setting for pointercal:      49608 261 -10333582 -342 39147 -11043402 65536
Setting for tnt_plane:       -799 -1 393323
