new-calib: New touch screen calibration program v3.12
Serial Number='15091E00010B060201E0'
Using tnt_mode=1
Setting for delay_in_us:        1
Setting for y_delay_in_us:      1
Setting for tnt_delay_in_us:    1
Setting for max_delta_tnt:      5
Setting for tnt_mode:           1
Setting for averaging:         -1
Entering get_four_points
target_noise  x= 2.50 y= 2.50 t= 2.50
target state=0 point=23,22
 X= 900 X2=1011  Y= 957 Y2=1016 P1=  -1 P2=  -1 T1=  -1 T2= 871  P=  -1  D=  -1 * 0
 X=1023 X2=1002  Y= 977 Y2=1017 P1=  -1 P2=  -1 T1=  -1 T2= 905  P=  -1  D=  -1 * 0
 X= 935 X2=1020  Y= 972 Y2=1022 P1=  -1 P2=  -1 T1=  -1 T2= 904  P=  -1  D=  -1 * 0
 X= 809 X2=1023  Y= 981 Y2=1016 P1=  -1 P2=  -1 T1=  -1 T2= 880  P=  -1  D=  -1 * 0
 X=1019 X2= 989  Y= 973 Y2=1018 P1=  -1 P2=  -1 T1=1018 T2= 894  P=  -1  D=  -1 
 X=1023 X2= 999  Y= 982 Y2=1021 P1=  -1 P2=  -1 T1=1023 T2= 901  P=  -1  D=  -1 
 X= 874 X2=1014  Y= 970 Y2=1023 P1=1019 P2=  -1 T1=1016 T2= 911  P=  -1  D=  -1 
 X= 941 X2=1012  Y= 966 Y2=1023 P1=1023 P2=  -1 T1=1023 T2= 915  P=  -1  D=  -1 
 X= 943 X2=1017  Y= 975 Y2=1019 P1=1023 P2=  -1 T1=1019 T2= 895  P=  -1  D=  -1 
 X= 950 X2=1021  Y= 976 Y2=1018 P1=1023 P2=  -1 T1=1021 T2= 882  P=  -1  D=  -1 
 X=1018 X2=1012  Y= 978 Y2=1019 P1=1023 P2=  -1 T1=1018 T2= 909  P=  -1  D=  -1 
 X= 914 X2=1023  Y= 979 Y2=1017 P1=1023 P2=  -1 T1=1022 T2= 910  P=  -1  D=  -1 
 X= 960 X2=1020  Y= 986 Y2=1017 P1=1023 P2=  -1 T1=1019 T2= 902  P=  -1  D=  -1 
 X= 815 X2=1023  Y= 972 Y2=1023 P1=1023 P2=  -1 T1=1019 T2= 930  P=  -1  D=  -1 
 X= 805 X2=1023  Y= 966 Y2=1023 P1=1023 P2=  -1 T1=1023 T2= 906  P=  -1  D=  -1 
 X= 936 X2=1011  Y= 986 Y2=1023 P1=1023 P2=  -1 T1=1018 T2= 928  P=  -1  D=  -1 
 X= 985 X2=1007  Y= 977 Y2=1023 P1=1019 P2=  -1 T1=1023 T2= 897  P=  -1  D=  -1 
 X= 886 X2=1018  Y= 965 Y2=1023 P1=1023 P2=  -1 T1=1018 T2= 897  P=  -1  D=  -1 
 X= 961 X2=1020  Y= 986 Y2=1023 P1=1023 P2=  -1 T1=1023 T2= 893  P=  -1  D=  -1 
 X= 987 X2=1013  Y= 985 Y2=1023 P1=1023 P2=  -1 T1=1020 T2= 896  P=  -1  D=  -1 
 X= 910 X2=1023  Y= 991 Y2=1019 P1=1023 P2=  -1 T1=1021 T2= 900  P=  -1  D=  -1 
 X= 872 X2=1023  Y= 985 Y2=1018 P1=1023 P2=  -1 T1=1023 T2= 906  P=  -1  D=  -1 
 X= 954 X2=1023  Y= 983 Y2=1023 P1=1023 P2=  -1 T1=1023 T2= 919  P=  -1  D=  -1 
 X= 915 X2=1019  Y= 968 Y2=1017 P1=1023 P2=  -1 T1=1019 T2= 910  P=  -1  D=  -1 
 X= 869 X2=1023  Y= 979 Y2=1019 P1=1023 P2=  -1 T1=1019 T2= 920  P=  -1  D=  -1 
 X=1022 X2=1013  Y= 978 Y2=1018 P1=1023 P2=  -1 T1=1018 T2= 894  P=  -1  D=  -1 
 X= 918 X2=1020  Y= 977 Y2=1023 P1=1023 P2=  -1 T1=1018 T2= 902  P=  -1  D=  -1 
 X= 936 X2=1023  Y= 952 Y2=1018 P1=1023 P2=  -1 T1=1022 T2= 903  P=  -1  D=  -1 
 X= 922 X2=1023  Y= 986 Y2=1017 P1=1023 P2=  -1 T1=1023 T2= 892  P=  -1  D=  -1 
 X=1023 X2=1007  Y= 982 Y2=1015 P1=1023 P2=  -1 T1=1023 T2= 902  P=  -1  D=  -1 
 X= 882 X2=1023  Y= 978 Y2=1020 P1=1023 P2=  -1 T1=1022 T2= 903  P=  -1  D=  -1 
 X= 896 X2=1023  Y= 980 Y2=1018 P1=1023 P2=  -1 T1=1023 T2= 913  P=  -1  D=  -1 
 X= 869 X2=1014  Y= 965 Y2=1023 P1=1023 P2=  -1 T1=1018 T2= 910  P=  -1  D=  -1 
 X= 833 X2=1023  Y= 977 Y2=1017 P1=1023 P2=  -1 T1=1022 T2= 915  P=  -1  D=  -1 
 X=1022 X2=1012  Y= 973 Y2=1022 P1=1023 P2=  -1 T1=1018 T2= 881  P=  -1  D=  -1 
 X= 999 X2=1000  Y= 959 Y2=1018 P1=1023 P2=  -1 T1=1018 T2= 915  P=  -1  D=  -1 
 X= 978 X2=1012  Y= 977 Y2=1020 P1=1023 P2=  -1 T1=1019 T2= 895  P=  -1  D=  -1 
 X= 943 X2=1021  Y= 978 Y2=1023 P1=1023 P2=  -1 T1=1023 T2= 896  P=  -1  D=  -1 
 X=1023 X2= 998  Y= 983 Y2=1018 P1=1023 P2=  -1 T1=1023 T2= 900  P=  -1  D=  -1 
 X= 818 X2=1023  Y= 977 Y2=1023 P1=1023 P2=  -1 T1=1017 T2= 908  P=  -1  D=  -1 
 X=1023 X2=1002  Y= 969 Y2=1019 P1=1023 P2=  -1 T1=1023 T2= 908  P=  -1  D=  -1 
 X= 881 X2=1020  Y= 982 Y2=1018 P1=1023 P2=  -1 T1=1018 T2= 885  P=  -1  D=  -1 
 X= 941 X2=1016  Y= 972 Y2=1019 P1=1023 P2=  -1 T1=1019 T2= 896  P=  -1  D=  -1 
 X= 783 X2=1023  Y= 970 Y2=1023 P1=1023 P2=  -1 T1=1023 T2= 904  P=  -1  D=  -1 
 X=1012 X2=1013  Y= 981 Y2=1023 P1=1022 P2=  -1 T1=1022 T2= 871  P=  -1  D=  -1 
 X= 990 X2=1011  Y= 979 Y2=1023 P1=1023 P2=  -1 T1=1018 T2= 889  P=  -1  D=  -1 
 X= 961 X2=1018  Y=1011 Y2=1023 P1=1023 P2=  -1 T1=1021 T2=1017  P=  -1  D=  -1 
 X= 908 X2=1023  Y= 983 Y2=1017 P1=1023 P2=  -1 T1=1023 T2= 903  P=  -1  D=  -1 
 X= 886 X2=1022  Y= 971 Y2=1017 P1=1023 P2=  -1 T1=1023 T2= 922  P=  -1  D=  -1 
 X= 886 X2=1023  Y= 971 Y2=1016 P1=1023 P2=  -1 T1=1020 T2= 881  P=  -1  D=  -1 
 X= 922 X2=1023  Y= 975 Y2=1016 P1=1023 P2=  -1 T1=1023 T2= 915  P=  -1  D=  -1 
 X= 981 X2=1022  Y= 985 Y2=1016 P1=1023 P2=  -1 T1=1023 T2= 904  P=  -1  D=  -1 
 X= 833 X2=1023  Y= 975 Y2=1023 P1=1023 P2=  -1 T1=1023 T2= 885  P=  -1  D=  -1 
 X=1023 X2=1005  Y= 965 Y2=1017 P1=1023 P2=  -1 T1=1023 T2= 891  P=  -1  D=  -1 
 X= 847 X2=1017  Y= 965 Y2=1023 P1=1023 P2=  -1 T1=1019 T2= 898  P=  -1  D=  -1 
 X= 901 X2=1022  Y= 965 Y2=1017 P1=1023 P2=  -1 T1=1023 T2= 909  P=  -1  D=  -1 
 X= 913 X2=1023  Y= 976 Y2=1016 P1=1023 P2=  -1 T1=1023 T2= 897  P=  -1  D=  -1 
 X= 955 X2=1020  Y= 976 Y2=1021 P1=1023 P2=  -1 T1=1019 T2= 885  P=  -1  D=  -1 
 X= 944 X2=1023  Y= 967 Y2=1023 P1=1023 P2=  -1 T1=1017 T2= 915  P=  -1  D=  -1 
 X= 900 X2=1023  Y= 975 Y2=1022 P1=1023 P2=  -1 T1=1021 T2= 907  P=  -1  D=  -1 
 X= 992 X2=1001  Y= 949 Y2=1018 P1=1023 P2=  -1 T1=1020 T2= 891  P=  -1  D=  -1 
 X= 961 X2=1023  Y= 970 Y2=1023 P1=1023 P2=  -1 T1=1018 T2= 905  P=  -1  D=  -1 
 X= 944 X2=1019  Y= 973 Y2=1023 P1=1023 P2=  -1 T1=1023 T2= 887  P=  -1  D=  -1 
 X=1023 X2=1010  Y= 972 Y2=1023 P1=1023 P2=  -1 T1=1023 T2= 914  P=  -1  D=  -1 
 X=1021 X2=1021  Y= 972 Y2=1018 P1=1023 P2=  -1 T1=1023 T2= 913  P=  -1  D=  -1 
 X=1023 X2= 992  Y= 964 Y2=1023 P1=1023 P2=  -1 T1=1020 T2= 924  P=  -1  D=  -1 
 X= 974 X2=1023  Y= 991 Y2=1018 P1=1023 P2=  -1 T1=1023 T2= 914  P=  -1  D=  -1 
 X= 943 X2=1019  Y= 974 Y2=1020 P1=1023 P2=  -1 T1=1020 T2= 902  P=  -1  D=  -1 
 X= 929 X2=1023  Y= 984 Y2=1019 P1=1019 P2=  -1 T1=1022 T2= 907  P=  -1  D=  -1 
 X=1023 X2=1011  Y= 971 Y2=1015 P1=1023 P2=  -1 T1=1019 T2= 913  P=  -1  D=  -1 
 X= 983 X2=1005  Y= 967 Y2=1021 P1=1023 P2=  -1 T1=1023 T2= 913  P=  -1  D=  -1 
 X= 952 X2=1021  Y= 981 Y2=1022 P1=1023 P2=  -1 T1=1022 T2= 918  P=  -1  D=  -1 
 X= 959 X2= 986  Y= 985 Y2=1017 P1=1023 P2=  -1 T1=1019 T2= 904  P=  -1  D=  -1 
 X=1008 X2= 989  Y= 977 Y2=1023 P1=1023 P2=  -1 T1=1023 T2= 895  P=  -1  D=  -1 
 X= 881 X2=1023  Y= 982 Y2=1019 P1=1023 P2=  -1 T1=1023 T2= 910  P=  -1  D=  -1 
 X= 976 X2=1019  Y= 984 Y2=1023 P1=1023 P2=  -1 T1=1023 T2= 882  P=  -1  D=  -1 
 X= 916 X2=1018  Y= 973 Y2=1023 P1=1022 P2=  -1 T1=1023 T2= 900  P=  -1  D=  -1 
 X= 958 X2=1023  Y= 969 Y2=1017 P1=1023 P2=  -1 T1=1023 T2= 892  P=  -1  D=  -1 
 X=1023 X2=1012  Y= 981 Y2=1017 P1=1023 P2=  -1 T1=1022 T2= 895  P=  -1  D=  -1 
 X= 989 X2=1005  Y= 967 Y2=1022 P1=1023 P2=  -1 T1=1023 T2= 886  P=  -1  D=  -1 
 X= 946 X2=1011  Y= 960 Y2=1019 P1=1023 P2=  -1 T1=1021 T2= 882  P=  -1  D=  -1 
 X= 965 X2=1021  Y= 981 Y2=1022 P1=1023 P2=  -1 T1=1019 T2= 899  P=  -1  D=  -1 
 X=1001 X2=1004  Y= 982 Y2=1023 P1=1023 P2=  -1 T1=1022 T2= 914  P=  -1  D=  -1 
 X= 957 X2=1021  Y= 982 Y2=1023 P1=1023 P2=  -1 T1=1019 T2= 919  P=  -1  D=  -1 
 X= 933 X2=1020  Y= 977 Y2=1023 P1=1023 P2=  -1 T1=1023 T2= 914  P=  -1  D=  -1 
 X= 920 X2=1017  Y= 983 Y2=1023 P1=1023 P2=  -1 T1=1017 T2= 903  P=  -1  D=  -1 
 X= 792 X2=1023  Y= 977 Y2=1018 P1=1023 P2=  -1 T1=1023 T2= 911  P=  -1  D=  -1 
 X= 764 X2=1023  Y= 973 Y2=1023 P1=1023 P2=  -1 T1=1023 T2= 917  P=  -1  D=  -1 
 X=1014 X2= 990  Y= 974 Y2=1017 P1=1023 P2=  -1 T1=1022 T2= 891  P=  -1  D=  -1 
 X= 881 X2=1020  Y= 975 Y2=1021 P1=1023 P2=  -1 T1=1023 T2= 900  P=  -1  D=  -1 
 X= 947 X2=1019  Y= 986 Y2=1019 P1=1023 P2=  -1 T1=1023 T2= 925  P=  -1  D=  -1 
 X=1023 X2=1012  Y= 974 Y2=1019 P1=1023 P2=  -1 T1=1023 T2= 895  P=  -1  D=  -1 
 X= 870 X2=1023  Y= 964 Y2=1019 P1=1023 P2=  -1 T1=1022 T2= 892  P=  -1  D=  -1 
 X= 884 X2=1023  Y= 981 Y2=1021 P1=1023 P2=  -1 T1=1019 T2= 916  P=  -1  D=  -1 
 X= 865 X2=1023  Y= 979 Y2=1022 P1=1023 P2=  -1 T1=1023 T2= 889  P=  -1  D=  -1 
 X=1012 X2=1000  Y= 978 Y2=1023 P1=1023 P2=  -1 T1=1019 T2= 906  P=  -1  D=  -1 
 X= 966 X2=1023  Y= 985 Y2=1023 P1=1023 P2=  -1 T1=1022 T2= 914  P=  -1  D=  -1 
 X= 975 X2=1023  Y= 975 Y2=1020 P1=1023 P2=  -1 T1=1020 T2= 920  P=  -1  D=  -1 
 X= 990 X2=1011  Y= 976 Y2=1022 P1=1023 P2=  -1 T1=1023 T2= 903  P=  -1  D=  -1 
 X= 886 X2=1023  Y= 976 Y2=1023 P1=1023 P2=  -1 T1=1023 T2= 892  P=  -1  D=  -1 
 X= 950 X2=1023  Y= 990 Y2=1023 P1=1023 P2=  -1 T1=1023 T2= 909  P=  -1  D=  -1 
 X= 956 X2=1021  Y= 982 Y2=1015 P1=1023 P2=  -1 T1=1023 T2= 891  P=  -1  D=  -1 
 X= 794 X2=1023  Y= 971 Y2=1023 P1=1023 P2=  -1 T1=1019 T2= 899  P=  -1  D=  -1 
 X= 945 X2=1022  Y= 972 Y2=1018 P1=1023 P2=  -1 T1=1018 T2= 914  P=  -1  D=  -1 
 X= 937 X2=1023  Y= 984 Y2=1023 P1=1023 P2=  -1 T1=1019 T2= 917  P=  -1  D=  -1 
 X= 918 X2=1023  Y= 981 Y2=1023 P1=1023 P2=  -1 T1=1018 T2= 901  P=  -1  D=  -1 
 X=1023 X2=1011  Y= 966 Y2=1018 P1=1023 P2=  -1 T1=1019 T2= 918  P=  -1  D=  -1 
 X=1008 X2= 987  Y= 971 Y2=1017 P1=1023 P2=  -1 T1=1023 T2= 889  P=  -1  D=  -1 
 X= 998 X2=1000  Y= 983 Y2=1021 P1=1023 P2=  -1 T1=1023 T2= 915  P=  -1  D=  -1 
 X= 900 X2=1023  Y= 980 Y2=1016 P1=1023 P2=  -1 T1=1023 T2= 925  P=  -1  D=  -1 
 X=1023 X2=1001  Y= 968 Y2=1017 P1=1023 P2=  -1 T1=1023 T2= 894  P=  -1  D=  -1 
 X= 819 X2=1023  Y= 974 Y2=1023 P1=1023 P2=  -1 T1=1023 T2= 905  P=  -1  D=  -1 
 X= 783 X2=1023  Y= 983 Y2=1023 P1=1023 P2=  -1 T1=1023 T2= 906  P=  -1  D=  -1 
 X= 997 X2= 981  Y= 976 Y2=1023 P1=1023 P2=  -1 T1=1019 T2= 890  P=  -1  D=  -1 
 X= 875 X2=1016  Y= 961 Y2=1017 P1=1021 P2=  -1 T1=1017 T2= 929  P=  -1  D=  -1 
 X= 848 X2=1021  Y= 981 Y2=1018 P1=1023 P2=  -1 T1=1019 T2= 894  P=  -1  D=  -1 
 X=1023 X2= 981  Y= 973 Y2=1018 P1=1023 P2=  -1 T1=1019 T2= 875  P=  -1  D=  -1 
 X= 993 X2=1012  Y= 969 Y2=1023 P1=1023 P2=  -1 T1=1023 T2= 899  P=  -1  D=  -1 
 X= 924 X2=1023  Y= 980 Y2=1018 P1=1023 P2=  -1 T1=1023 T2= 920  P=  -1  D=  -1 
 X= 872 X2=1023  Y= 985 Y2=1023 P1=1023 P2=  -1 T1=1020 T2= 891  P=  -1  D=  -1 
 X= 877 X2=1017  Y= 970 Y2=1023 P1=1023 P2=  -1 T1=1023 T2= 901  P=  -1  D=  -1 
 X= 956 X2=1023  Y= 978 Y2=1020 P1=1023 P2=  -1 T1=1018 T2= 889  P=  -1  D=  -1 
 X= 814 X2=1023  Y= 966 Y2=1023 P1=1023 P2=  -1 T1=1019 T2= 895  P=  -1  D=  -1 
 X= 989 X2=1005  Y= 965 Y2=1021 P1=1023 P2=  -1 T1=1023 T2= 889  P=  -1  D=  -1 
 X= 952 X2=1023  Y= 965 Y2=1023 P1=1023 P2=  -1 T1=1023 T2= 865  P=  -1  D=  -1 
 X= 948 X2=1019  Y= 978 Y2=1017 P1=1023 P2=  -1 T1=1021 T2= 901  P=  -1  D=  -1 
 X=1023 X2=1004  Y= 978 Y2=1021 P1=1023 P2=  -1 T1=1023 T2= 891  P=  -1  D=  -1 
 X= 844 X2=1023  Y= 976 Y2=1023 P1=1023 P2=  -1 T1=1018 T2= 904  P=  -1  D=  -1 
 X= 886 X2=1023  Y= 975 Y2=1023 P1=1022 P2=  -1 T1=1023 T2= 886  P=  -1  D=  -1 
 X= 952 X2=1023  Y= 982 Y2=1022 P1=1023 P2=  -1 T1=1023 T2= 902  P=  -1  D=  -1 
 X= 936 X2=1020  Y= 974 Y2=1023 P1=1023 P2=  -1 T1=1017 T2= 911  P=  -1  D=  -1 
 X= 872 X2=1023  Y= 983 Y2=1019 P1=1023 P2=  -1 T1=1023 T2= 896  P=  -1  D=  -1 
 X=1022 X2=1012  Y= 977 Y2=1023 P1=1023 P2=  -1 T1=1020 T2= 898  P=  -1  D=  -1 
 X= 903 X2=1013  Y= 971 Y2=1020 P1=1023 P2=  -1 T1=1023 T2=  23  P=  -1  D=  -1 
 X= 903 X2=1023  Y= 980 Y2=1017 P1=1023 P2=  -1 T1=1023 T2= 891  P=  -1  D=  -1 
 X= 241 X2= 238  Y= 325 Y2= 319 P1= 680 P2= 199 T1=  22 T2=  22  P= 577  D=  -1 * 1
Too Noisy!  276.384093 > 2.500000 or 275.975844 > 2.500000.  Try again.
 X= 239 X2= 239  Y= 327 Y2= 320 P1= 684 P2= 197 T1=  22 T2=  20  P= 590  D=  -1 * 2
 X= 240 X2= 239  Y= 326 Y2= 320 P1= 683 P2= 198 T1=  22 T2=  22  P= 585  D=  -1 * 2
 X= 242 X2= 239  Y= 327 Y2= 319 P1= 683 P2= 198 T1=  22 T2=  22  P= 587  D=  -1 * 2
 X= 239 X2= 237  Y= 327 Y2= 321 P1= 681 P2= 198 T1=  22 T2=  22  P= 580  D=  -1 * 2
 X= 239 X2= 238  Y= 327 Y2= 320 P1= 680 P2= 199 T1=  22 T2=  22  P= 575  D=  -1 * 2
 X= 240 X2= 237  Y= 326 Y2= 320 P1= 679 P2= 199 T1=  22 T2=  21  P= 574  D=  -1 * 2
 X= 240 X2= 237  Y= 327 Y2= 320 P1= 680 P2= 199 T1=  21 T2=  24  P= 575  D=  -1 * 2
 X= 239 X2= 237  Y= 326 Y2= 320 P1= 679 P2= 200 T1=  22 T2=  18  P= 570  D=  -1 * 2
 X= 240 X2= 237  Y= 327 Y2= 321 P1= 679 P2= 200 T1=  22 T2=  22  P= 570  D=  -1 * 2
 X= 240 X2= 237  Y= 327 Y2= 320 P1= 678 P2= 200 T1=  23 T2=  22  P= 568  D=  -1 * 2
 X= 239 X2= 236  Y= 327 Y2= 320 P1= 679 P2= 200 T1=  22 T2=  22  P= 567  D=  -1 * 2
 X= 240 X2= 237  Y= 326 Y2= 320 P1= 678 P2= 199 T1=  22 T2=  22  P= 572  D=  -1 * 2
 X= 239 X2= 237  Y= 327 Y2= 320 P1= 678 P2= 200 T1=  21 T2=  21  P= 568  D=  -1 * 2
 X= 241 X2= 237  Y= 326 Y2= 320 P1= 678 P2= 200 T1=  22 T2=  21  P= 571  D=  -1 * 2
 X= 240 X2= 238  Y= 327 Y2= 320 P1= 678 P2= 200 T1=  21 T2=  23  P= 571  D=  -1 * 2
 X= 240 X2= 238  Y= 328 Y2= 320 P1= 678 P2= 200 T1=  21 T2=  21  P= 571  D=  -1 * 2
 X= 239 X2= 237  Y= 327 Y2= 320 P1= 678 P2= 200 T1=  21 T2=  21  P= 568  D=  -1 * 2
 X= 241 X2= 237  Y= 327 Y2= 320 P1= 677 P2= 201 T1=  22 T2=  22  P= 565  D=  -1 * 2
 X= 240 X2= 237  Y= 326 Y2= 320 P1= 678 P2= 199 T1=  22 T2=  21  P= 572  D=  -1 * 2
 X= 239 X2= 237  Y= 327 Y2= 320 P1= 678 P2= 200 T1=  22 T2=  22  P= 568  D=  -1 * 2
 X= 240 X2= 237  Y= 327 Y2= 318 P1= 678 P2= 199 T1=  22 T2=  21  P= 572  D=  -1 * 2
 X= 238 X2= 237  Y= 326 Y2= 320 P1= 677 P2= 200 T1=  21 T2=  21  P= 565  D=  -1 * 2
 X= 240 X2= 237  Y= 327 Y2= 320 P1= 677 P2= 200 T1=  23 T2=  22  P= 567  D=  -1 * 2
 X= 239 X2= 237  Y= 326 Y2= 320 P1= 677 P2= 201 T1=  22 T2=  22  P= 563  D=  -1 * 2
 X= 240 X2= 237  Y= 326 Y2= 320 P1= 677 P2= 200 T1=  23 T2=  21  P= 567  D=  -1 * 2
 X= 240 X2= 237  Y= 327 Y2= 320 P1= 677 P2= 200 T1=  21 T2=  21  P= 567  D=  -1 * 2
 X= 239 X2= 237  Y= 325 Y2= 320 P1= 678 P2= 201 T1=  21 T2=  24  P= 564  D=  -1 * 2
 X= 240 X2= 237  Y= 326 Y2= 319 P1= 677 P2= 200 T1=  21 T2=  21  P= 567  D=  -1 * 2
 X= 240 X2= 235  Y= 326 Y2= 319 P1= 677 P2= 200 T1=  21 T2=  22  P= 565  D=  -1 * 2
 X= 240 X2= 237  Y= 326 Y2= 320 P1= 677 P2= 200 T1=  22 T2=  20  P= 567  D=  -1 * 2
 X= 239 X2= 236  Y= 326 Y2= 319 P1= 677 P2= 201 T1=  21 T2=  23  P= 561  D=  -1 * 2
 X= 240 X2= 237  Y= 327 Y2= 320 P1= 677 P2= 200 T1=  22 T2=  21  P= 567  D=  -1 * 2
 X= 240 X2= 237  Y= 327 Y2= 320 P1= 677 P2= 202 T1=  21 T2=  21  P= 559  D=  -1 * 2
 X= 240 X2= 237  Y= 326 Y2= 319 P1= 676 P2= 201 T1=  22 T2=  21  P= 562  D=  -1 * 2
 X= 240 X2= 237  Y= 326 Y2= 319 P1= 677 P2= 201 T1=  22 T2=  22  P= 563  D=  -1 * 2
 X= 240 X2= 236  Y= 327 Y2= 319 P1= 677 P2= 200 T1=  22 T2=  22  P= 567  D=  -1 * 2
 X= 239 X2= 237  Y= 326 Y2= 319 P1= 676 P2= 200 T1=  21 T2=  22  P= 566  D=  -1 * 2
 X= 239 X2= 237  Y= 327 Y2= 320 P1= 677 P2= 200 T1=  22 T2=  20  P= 567  D=  -1 * 2
 X= 239 X2= 238  Y= 326 Y2= 319 P1= 676 P2= 200 T1=  22 T2=  21  P= 566  D=  -1 * 2
 X= 240 X2= 238  Y= 327 Y2= 319 P1= 679 P2= 200 T1=  21 T2=  22  P= 572  D=  -1 * 2
 X= 251 X2= 249  Y= 338 Y2= 333 P1= 778 P2= 144 T1=  34 T2=  32  P= 572  D=  -1 
 X= 245 X2= 239  Y= 330 Y2= 322 P1= 711 P2= 180 T1=  24 T2=  24  P= 713  D=  -1 * 2
 X= 886 X2=1019  Y= 963 Y2=1022 P1=1023 P2=   0 T1=1018 T2= 886  P= 713  D=  -1 
target state=0 point=23,22
 X= 982 X2=1012  Y= 967 Y2=1022 P1=1023 P2=   0 T1=1019 T2= 896  P= 713  D=  -1 
 X= 995 X2=1011  Y= 971 Y2=1023 P1=1023 P2=   0 T1=1018 T2= 909  P= 713  D=  -1 
 X= 883 X2=1023  Y= 978 Y2=1018 P1=1023 P2=   0 T1=1021 T2= 920  P= 713  D=  -1 
 X= 906 X2=1021  Y= 967 Y2=1016 P1=1023 P2=   0 T1=1019 T2= 909  P= 713  D=  -1 
 X= 917 X2=1020  Y= 982 Y2=1023 P1=1023 P2=   0 T1=1019 T2= 914  P= 713  D=  -1 
 X=1017 X2=1017  Y= 983 Y2=1023 P1=1023 P2=   0 T1=1018 T2= 903  P= 713  D=  -1 
 X= 930 X2=1020  Y= 966 Y2=1023 P1=1023 P2=   0 T1=1023 T2= 900  P= 713  D=  -1 
 X= 988 X2=1010  Y= 964 Y2=1023 P1=1023 P2=   0 T1=1021 T2= 900  P= 713  D=  -1 
 X= 825 X2=1023  Y= 973 Y2=1019 P1=1023 P2=   0 T1=1023 T2= 923  P= 713  D=  -1 
 X= 963 X2=1023  Y= 988 Y2=1018 P1=1023 P2=   0 T1=1023 T2= 885  P= 713  D=  -1 
 X= 939 X2=1000  Y= 975 Y2=1023 P1=1023 P2=   0 T1=1023 T2= 911  P= 713  D=  -1 
 X= 967 X2=1020  Y= 978 Y2=1023 P1=1023 P2=   0 T1=1021 T2= 904  P= 713  D=  -1 
 X= 914 X2=1023  Y= 980 Y2=1017 P1=1023 P2=   0 T1=1022 T2= 913  P= 713  D=  -1 
 X= 953 X2=1003  Y= 967 Y2=1021 P1=1023 P2=   0 T1=1022 T2= 890  P= 713  D=  -1 
 X= 954 X2=1023  Y= 975 Y2=1018 P1=1023 P2=   0 T1=1021 T2= 891  P= 713  D=  -1 
 X= 896 X2=1023  Y= 975 Y2=1018 P1=1023 P2=   0 T1=1023 T2= 922  P= 713  D=  -1 
 X= 894 X2=1016  Y= 956 Y2=1018 P1=1023 P2=   0 T1=1017 T2= 900  P= 713  D=  -1 
 X=1023 X2=1013  Y= 982 Y2=1023 P1=1023 P2=   0 T1=1018 T2= 904  P= 713  D=  -1 
 X=1023 X2=1006  Y= 983 Y2=1023 P1=1023 P2=   0 T1=1023 T2= 889  P= 713  D=  -1 
 X= 955 X2=1023  Y= 968 Y2=1017 P1=1023 P2=   0 T1=1022 T2= 887  P= 713  D=  -1 
 X= 928 X2=1014  Y= 972 Y2=1019 P1=1023 P2=   0 T1=1019 T2= 897  P= 713  D=  -1 
 X= 848 X2=1023  Y= 983 Y2=1021 P1=1023 P2=   0 T1=1023 T2= 912  P= 713  D=  -1 
 X= 958 X2=1020  Y= 996 Y2=1018 P1=1023 P2=   0 T1=1019 T2= 922  P= 713  D=  -1 
 X= 988 X2=1017  Y= 965 Y2=1017 P1=1023 P2=   0 T1=1019 T2= 908  P= 713  D=  -1 
 X= 911 X2=1019  Y= 980 Y2=1019 P1=1023 P2=   0 T1=1023 T2= 902  P= 713  D=  -1 
 X=1023 X2= 989  Y= 981 Y2=1021 P1=1023 P2=   0 T1=1020 T2= 895  P= 713  D=  -1 
 X= 829 X2=1023  Y= 981 Y2=1021 P1=1023 P2=   0 T1=1022 T2= 918  P= 713  D=  -1 
 X=1019 X2=1008  Y= 966 Y2=1020 P1=1023 P2=   0 T1=1021 T2= 886  P= 713  D=  -1 
 X= 955 X2= 981  Y= 976 Y2=1018 P1=1023 P2=   0 T1=1021 T2= 896  P= 713  D=  -1 
 X=1001 X2=1005  Y= 960 Y2=1021 P1=1023 P2=   0 T1=1018 T2= 894  P= 713  D=  -1 
 X= 782 X2=1023  Y= 966 Y2=1019 P1=1023 P2=   0 T1=1019 T2= 907  P= 713  D=  -1 
 X= 899 X2=1023  Y= 979 Y2=1018 P1=1023 P2=   0 T1=1023 T2= 904  P= 713  D=  -1 
 X= 997 X2=1004  Y= 982 Y2=1023 P1=1023 P2=   0 T1=1018 T2= 861  P= 713  D=  -1 
 X= 972 X2=1011  Y= 982 Y2=1023 P1=1023 P2=   0 T1=1023 T2= 909  P= 713  D=  -1 
 X= 945 X2=1021  Y= 970 Y2=1018 P1=1023 P2=   0 T1=1023 T2= 899  P= 713  D=  -1 
 X= 951 X2= 986  Y= 976 Y2=1016 P1=1023 P2=   0 T1=1023 T2= 912  P= 713  D=  -1 
 X= 803 X2=1023  Y= 991 Y2=1018 P1=1023 P2=   0 T1=1023 T2= 919  P= 713  D=  -1 
 X= 931 X2=1021  Y= 988 Y2=1016 P1=1023 P2=   0 T1=1018 T2= 878  P= 713  D=  -1 
 X= 946 X2=1023  Y= 981 Y2=1018 P1=1023 P2=   0 T1=1023 T2= 924  P= 713  D=  -1 
 X= 942 X2=1021  Y= 971 Y2=1023 P1=1023 P2=   0 T1=1023 T2= 906  P= 713  D=  -1 
 X= 796 X2=1023  Y= 973 Y2=1023 P1=1023 P2=   0 T1=1018 T2= 930  P= 713  D=  -1 
 X=1020 X2=1011  Y= 962 Y2=1019 P1=1023 P2=   0 T1=1023 T2= 892  P= 713  D=  -1 
 X= 992 X2= 990  Y= 975 Y2=1023 P1=1023 P2=   0 T1=1023 T2= 884  P= 713  D=  -1 
 X= 807 X2=1023  Y= 961 Y2=1019 P1=1023 P2=   0 T1=1020 T2= 912  P= 713  D=  -1 
 X= 945 X2= 984  Y= 971 Y2=1023 P1=1023 P2=   0 T1=1023 T2= 900  P= 713  D=  -1 
 X=1023 X2=1012  Y= 970 Y2=1022 P1=1023 P2=   0 T1=1019 T2= 871  P= 713  D=  -1 
 X= 893 X2=1023  Y= 983 Y2=1023 P1=1023 P2=   0 T1=1019 T2= 916  P= 713  D=  -1 
 X= 900 X2=1023  Y= 977 Y2=1018 P1=1023 P2=   0 T1=1019 T2= 907  P= 713  D=  -1 
 X= 846 X2=1016  Y= 969 Y2=1023 P1=1023 P2=   0 T1=1019 T2= 894  P= 713  D=  -1 
 X= 919 X2=1016  Y= 967 Y2=1023 P1=1023 P2=   0 T1=1017 T2= 900  P= 713  D=  -1 
 X= 830 X2=1023  Y= 977 Y2=1018 P1=1023 P2=   0 T1=1023 T2= 913  P= 713  D=  -1 
 X=1018 X2= 984  Y= 983 Y2=1023 P1=1023 P2=   0 T1=1022 T2= 895  P= 713  D=  -1 
 X= 928 X2=1012  Y= 959 Y2=1023 P1=1023 P2=   0 T1=1023 T2= 904  P= 713  D=  -1 
 X= 949 X2=1020  Y= 987 Y2=1018 P1=1023 P2=   0 T1=1019 T2= 892  P= 713  D=  -1 
 X= 913 X2=1023  Y= 976 Y2=1016 P1=1023 P2=   0 T1=1021 T2= 904  P= 713  D=  -1 
 X= 809 X2=1023  Y= 968 Y2=1023 P1=1023 P2=   0 T1=1019 T2= 911  P= 713  D=  -1 
 X= 919 X2=1023  Y= 988 Y2=1018 P1=1023 P2=   0 T1=1023 T2= 911  P= 713  D=  -1 
 X= 947 X2=1021  Y= 978 Y2=1017 P1=1023 P2=   0 T1=1023 T2= 892  P= 713  D=  -1 
 X= 875 X2=1014  Y= 963 Y2=1023 P1=1022 P2=   0 T1=1018 T2= 904  P= 713  D=  -1 
 X= 946 X2=1023  Y= 974 Y2=1019 P1=1023 P2=   0 T1=1023 T2= 902  P= 713  D=  -1 
 X=1023 X2=1012  Y= 966 Y2=1017 P1=1023 P2=   0 T1=1017 T2= 904  P= 713  D=  -1 
 X= 903 X2=1023  Y= 979 Y2=1023 P1=1023 P2=   0 T1=1018 T2= 897  P= 713  D=  -1 
 X= 893 X2=1023  Y= 961 Y2=1017 P1=1023 P2=   0 T1=1016 T2= 857  P= 713  D=  -1 
 X= 956 X2=1023  Y= 979 Y2=1017 P1=1023 P2=   0 T1=1023 T2= 883  P= 713  D=  -1 
 X=1006 X2= 998  Y= 981 Y2=1023 P1=1023 P2=   0 T1=1022 T2= 876  P= 713  D=  -1 
 X= 869 X2=1023  Y= 978 Y2=1018 P1=1023 P2=   0 T1=1017 T2= 898  P= 713  D=  -1 
 X= 898 X2=1023  Y= 972 Y2=1016 P1=1023 P2=   0 T1=1019 T2= 901  P= 713  D=  -1 
 X= 850 X2=1023  Y= 977 Y2=1018 P1=1023 P2=   0 T1=1023 T2= 912  P= 713  D=  -1 
 X= 800 X2=1023  Y= 966 Y2=1020 P1=1023 P2=   0 T1=1023 T2= 894  P= 713  D=  -1 
 X= 989 X2=1017  Y=1017 Y2=1018 P1=1023 P2=   0 T1=1023 T2=1023  P= 713  D=  -1 
 X= 936 X2=1023  Y= 994 Y2=1018 P1=1023 P2=   0 T1=1018 T2= 902  P= 713  D=  -1 
 X= 900 X2=1023  Y= 965 Y2=1019 P1=1023 P2=   0 T1=1023 T2= 905  P= 713  D=  -1 
 X=1019 X2=1011  Y= 976 Y2=1023 P1=1023 P2=   0 T1=1018 T2= 902  P= 713  D=  -1 
 X=1023 X2=1012  Y= 978 Y2=1023 P1=1023 P2=   0 T1=1019 T2= 917  P= 713  D=  -1 
 X= 869 X2=1023  Y= 976 Y2=1021 P1=1023 P2=   0 T1=1023 T2= 909  P= 713  D=  -1 
 X= 886 X2=1023  Y= 967 Y2=1019 P1=1023 P2=   0 T1=1022 T2= 898  P= 713  D=  -1 
 X= 989 X2=1003  Y= 968 Y2=1021 P1=1023 P2=   0 T1=1023 T2= 903  P= 713  D=  -1 
 X= 845 X2=1014  Y= 968 Y2=1023 P1=1023 P2=   0 T1=1018 T2= 916  P= 713  D=  -1 
 X= 792 X2=1023  Y= 969 Y2=1023 P1=1023 P2=   0 T1=1023 T2= 915  P= 713  D=  -1 
 X=1023 X2= 992  Y= 980 Y2=1015 P1=1023 P2=   0 T1=1022 T2= 894  P= 713  D=  -1 
 X=1017 X2= 990  Y= 977 Y2=1023 P1=1023 P2=   0 T1=1018 T2= 901  P= 713  D=  -1 
 X= 920 X2=1023  Y= 980 Y2=1018 P1=1023 P2=   0 T1=1023 T2= 870  P= 713  D=  -1 
 X= 958 X2=1023  Y= 984 Y2=1018 P1=1023 P2=   0 T1=1023 T2= 893  P= 713  D=  -1 
 X= 903 X2=1019  Y= 965 Y2=1023 P1=1023 P2=   0 T1=1020 T2= 904  P= 713  D=  -1 
 X= 801 X2=1023  Y= 970 Y2=1023 P1=1023 P2=   0 T1=1016 T2= 918  P= 713  D=  -1 
 X= 872 X2=1021  Y= 973 Y2=1014 P1=1023 P2=   0 T1=1016 T2= 873  P= 713  D=  -1 
 X= 801 X2=1023  Y=1010 Y2=1019 P1=1023 P2=   0 T1=1017 T2= 900  P= 713  D=  -1 
 X= 917 X2=1016  Y= 960 Y2=1023 P1=1023 P2=   0 T1=1018 T2= 902  P= 713  D=  -1 
 X= 958 X2= 991  Y= 988 Y2=1015 P1=1023 P2=   0 T1=1023 T2= 909  P= 713  D=  -1 
 X=1023 X2= 999  Y= 975 Y2=1023 P1=1023 P2=   0 T1=1018 T2= 884  P= 713  D=  -1 
 X= 870 X2=1023  Y= 967 Y2=1018 P1=1023 P2=   0 T1=1018 T2= 913  P= 713  D=  -1 
 X= 851 X2=1022  Y= 971 Y2=1023 P1=1023 P2=   0 T1=1023 T2= 893  P= 713  D=  -1 
 X=1023 X2=1001  Y= 977 Y2=1018 P1=1023 P2=   0 T1=1019 T2= 898  P= 713  D=  -1 
 X= 793 X2=1023  Y= 985 Y2=1019 P1=1023 P2=   0 T1=1019 T2= 917  P= 713  D=  -1 
 X= 843 X2=1023  Y= 971 Y2=1023 P1=1023 P2=   0 T1=1023 T2= 932  P= 713  D=  -1 
 X=1007 X2=1013  Y= 969 Y2=1023 P1=1023 P2=   0 T1=1023 T2= 906  P= 713  D=  -1 
 X= 901 X2=1017  Y= 971 Y2=1023 P1=1023 P2=   0 T1=1021 T2= 911  P= 713  D=  -1 
 X= 911 X2=1023  Y=1000 Y2=1015 P1=1023 P2=   0 T1=1023 T2= 906  P= 713  D=  -1 
 X= 961 X2= 988  Y= 979 Y2=1015 P1=1023 P2=   0 T1=1023 T2= 905  P= 713  D=  -1 
 X= 965 X2=1002  Y= 970 Y2=1023 P1=1023 P2=   0 T1=1023 T2= 896  P= 713  D=  -1 
 X= 886 X2=1023  Y= 987 Y2=1023 P1=1023 P2=   0 T1=1021 T2= 896  P= 713  D=  -1 
 X= 948 X2=1022  Y= 963 Y2=1018 P1=1023 P2=   0 T1=1017 T2= 918  P= 713  D=  -1 
 X= 862 X2=1016  Y= 976 Y2=1018 P1=1023 P2=   0 T1=1023 T2= 887  P= 713  D=  -1 
 X= 930 X2=1023  Y= 976 Y2=1017 P1=1023 P2=   0 T1=1023 T2= 902  P= 713  D=  -1 
 X=1023 X2= 973  Y= 981 Y2=1023 P1=1023 P2=   0 T1=1023 T2= 905  P= 713  D=  -1 
 X=1005 X2= 992  Y= 984 Y2=1023 P1=1023 P2=   0 T1=1023 T2= 892  P= 713  D=  -1 
 X=1005 X2=1023  Y= 997 Y2=1023 P1=1023 P2=   0 T1=1022 T2= 904  P= 713  D=  -1 
 X= 990 X2= 993  Y= 976 Y2=1023 P1=1023 P2=   0 T1=1023 T2= 906  P= 713  D=  -1 
 X=1023 X2=1011  Y= 974 Y2=1023 P1=1023 P2=   0 T1=1023 T2= 898  P= 713  D=  -1 
 X= 886 X2=1023  Y= 972 Y2=1019 P1=1023 P2=   0 T1=1023 T2= 911  P= 713  D=  -1 
 X= 914 X2=1023  Y= 976 Y2=1017 P1=1023 P2=   0 T1=1023 T2= 925  P= 713  D=  -1 
 X= 945 X2=1020  Y= 975 Y2=1019 P1=1023 P2=   0 T1=1019 T2= 906  P= 713  D=  -1 
 X= 954 X2=1023  Y= 967 Y2=1018 P1=1023 P2=   0 T1=1023 T2= 899  P= 713  D=  -1 
 X= 928 X2=1023  Y= 987 Y2=1022 P1=1023 P2=   0 T1=1018 T2= 893  P= 713  D=  -1 
 X=1015 X2= 992  Y= 974 Y2=1018 P1=1023 P2=   0 T1=1021 T2= 909  P= 713  D=  -1 
 X= 989 X2=1005  Y= 979 Y2=1023 P1=1022 P2=   0 T1=1023 T2= 905  P= 713  D=  -1 
 X= 887 X2=1023  Y= 969 Y2=1016 P1=1022 P2=   0 T1=1017 T2= 910  P= 713  D=  -1 
 X= 987 X2=1010  Y= 982 Y2=1023 P1=1023 P2=   0 T1=1023 T2= 913  P= 713  D=  -1 
 X= 878 X2=1022  Y= 989 Y2=1017 P1=1023 P2=   0 T1=1019 T2= 889  P= 713  D=  -1 
 X= 942 X2=1023  Y= 981 Y2=1021 P1=1023 P2=   0 T1=1023 T2= 927  P= 713  D=  -1 
 X= 955 X2=1022  Y= 946 Y2=1020 P1= 790 P2= 149 T1=1018 T2=  29  P= 713  D=  -1 
 X= 892 X2=1015  Y= 948 Y2=1023 P1=1023 P2=   0 T1=1018 T2=  29  P= 713  D=  -1 
 X= 240 X2= 238  Y= 327 Y2= 319 P1= 684 P2= 195 T1=  22 T2=  22  P= 599  D=  -1 * 0
 X= 240 X2= 238  Y= 326 Y2= 320 P1= 683 P2= 197 T1=  23 T2=  22  P= 589  D=  -1 * 0
 X= 240 X2= 238  Y= 326 Y2= 320 P1= 682 P2= 198 T1=  22 T2=  21  P= 584  D=  -1 * 0
 X= 240 X2= 238  Y= 325 Y2= 319 P1= 681 P2= 198 T1=  22 T2=  21  P= 582  D=  -1 * 0
 X= 240 X2= 238  Y= 326 Y2= 318 P1= 681 P2= 199 T1=  22 T2=  22  P= 578  D=  -1 * 1
 X= 241 X2= 238  Y= 325 Y2= 320 P1= 680 P2= 198 T1=  23 T2=  22  P= 581  D=  -1 * 2
 X= 241 X2= 238  Y= 326 Y2= 319 P1= 680 P2= 200 T1=  23 T2=  21  P= 573  D=  -1 * 3
 X= 240 X2= 237  Y= 325 Y2= 319 P1= 680 P2= 199 T1=  22 T2=  21  P= 575  D=  -1 * 4
 X= 240 X2= 238  Y= 326 Y2= 319 P1= 679 P2= 200 T1=  22 T2=  23  P= 572  D=  -1 * 5
 X= 240 X2= 238  Y= 326 Y2= 319 P1= 679 P2= 200 T1=  21 T2=  22  P= 572  D=  -1 * 6
 X= 241 X2= 237  Y= 326 Y2= 319 P1= 679 P2= 200 T1=  21 T2=  22  P= 572  D=  -1 * 7
 X= 241 X2= 236  Y= 326 Y2= 319 P1= 679 P2= 200 T1=  22 T2=  22  P= 570  D=  -1 * 8
 X= 239 X2= 237  Y= 325 Y2= 319 P1= 678 P2= 200 T1=  21 T2=  22  P= 568  D=  -1 * 9
 X= 241 X2= 237  Y= 326 Y2= 319 P1= 679 P2= 200 T1=  25 T2=  22  P= 572  D=  -1 * 10
 X= 239 X2= 238  Y= 327 Y2= 319 P1= 679 P2= 200 T1=  22 T2=  21  P= 570  D=  -1 * 11
 X= 241 X2= 237  Y= 326 Y2= 316 P1= 678 P2= 200 T1=  23 T2=  22  P= 571  D=  -1 * 12
 X= 241 X2= 237  Y= 326 Y2= 319 P1= 679 P2= 200 T1=  21 T2=  22  P= 572  D=  -1 * 13
 X= 240 X2= 237  Y= 326 Y2= 319 P1= 678 P2= 200 T1=  22 T2=  22  P= 568  D=  -1 * 14
 X= 240 X2= 238  Y= 326 Y2= 319 P1= 678 P2= 200 T1=  21 T2=  21  P= 571  D=  -1 * 15
 X= 240 X2= 238  Y= 326 Y2= 319 P1= 678 P2= 201 T1=  22 T2=  22  P= 567  D=  -1 * 16
 X= 240 X2= 237  Y= 325 Y2= 319 P1= 678 P2= 200 T1=  22 T2=  25  P= 568  D=  -1 * 17
 X= 240 X2= 237  Y= 326 Y2= 319 P1= 678 P2= 200 T1=  21 T2=  22  P= 568  D=  -1 * 18
 X= 240 X2= 237  Y= 326 Y2= 319 P1= 678 P2= 200 T1=  25 T2=  21  P= 568  D=  -1 * 19
 X= 240 X2= 238  Y= 326 Y2= 319 P1= 678 P2= 200 T1=  22 T2=  23  P= 571  D=  -1 * 20
 X= 240 X2= 237  Y= 326 Y2= 318 P1= 678 P2= 201 T1=  21 T2=  23  P= 564  D=  -1 * 21
 X= 240 X2= 237  Y= 326 Y2= 319 P1= 678 P2= 200 T1=  23 T2=  22  P= 568  D=  -1 * 22
 X= 240 X2= 238  Y= 325 Y2= 320 P1= 679 P2= 200 T1=  22 T2=  19  P= 572  D=  -1 * 23
 X= 240 X2= 238  Y= 324 Y2= 319 P1= 675 P2= 201 T1=  22 T2=  22  P= 563  D=  -1 * 24
Remove Pin
 X= 240 X2= 238  Y= 326 Y2= 319 P1= 679 P2= 200 T1=  22 T2=  20  P= 572  D=  -1 * 24
 X= 241 X2= 238  Y= 325 Y2= 318 P1= 678 P2= 200 T1=  22 T2=  21  P= 571  D=  -1 * 24
 X= 241 X2= 238  Y= 327 Y2= 318 P1= 678 P2= 201 T1=  22 T2=  22  P= 567  D=  -1 * 24
 X= 241 X2= 238  Y= 326 Y2= 320 P1= 678 P2= 200 T1=  22 T2=  22  P= 571  D=  -1 * 24
 X= 241 X2= 237  Y= 325 Y2= 319 P1= 679 P2= 200 T1=  22 T2=  21  P= 572  D=  -1 * 24
 X= 236 X2= 238  Y= 326 Y2= 319 P1= 678 P2= 200 T1=  22 T2=  22  P= 566  D=  -1 * 24
 X= 240 X2= 238  Y= 324 Y2= 319 P1= 679 P2= 200 T1=  22 T2=  22  P= 572  D=  -1 * 24
 X= 241 X2= 237  Y= 325 Y2= 319 P1= 678 P2= 200 T1=  22 T2=  21  P= 571  D=  -1 * 24
 X= 247 X2= 237  Y= 328 Y2= 318 P1= 679 P2= 200 T1=  22 T2=  22  P= 579  D=  -1 * 24
 X= 242 X2= 239  Y= 326 Y2= 319 P1= 681 P2= 199 T1=  21 T2=  22  P= 581  D=  -1 * 24
 X= 241 X2= 238  Y= 324 Y2= 319 P1= 678 P2= 200 T1=  21 T2=  21  P= 571  D=  -1 * 24
 X= 240 X2= 237  Y= 326 Y2= 318 P1= 678 P2= 200 T1=  21 T2=  22  P= 568  D=  -1 * 24
 X= 922 X2=1020  Y= 986 Y2=1023 P1=1023 P2=   0 T1=1022 T2= 886  P= 568  D=  -1 
 X= 883 X2=1023  Y= 976 Y2=1019 P1=1023 P2=   0 T1=1021 T2= 891  P= 568  D=  -1 
 X= 902 X2=1023  Y= 965 Y2=1018 P1=1023 P2=   0 T1=1018 T2= 909  P= 568  D=  -1 
target state=1 point=456,22
 X= 950 X2=1023  Y= 986 Y2=1022 P1=1023 P2=   0 T1=1018 T2= 923  P= 568  D=  -1 
 X= 802 X2=1023  Y= 981 Y2=1023 P1=1023 P2=   0 T1=1023 T2= 913  P= 568  D=  -1 
 X=1023 X2=1005  Y= 985 Y2=1021 P1=1023 P2=   0 T1=1023 T2= 894  P= 568  D=  -1 
 X=1018 X2= 988  Y= 967 Y2=1023 P1=1023 P2=   0 T1=1021 T2= 897  P= 568  D=  -1 
 X= 955 X2=1018  Y= 985 Y2=1023 P1=1023 P2=   0 T1=1023 T2= 895  P= 568  D=  -1 
 X= 845 X2=1016  Y=1023 Y2=1017 P1=1023 P2=   0 T1=1020 T2=1015  P= 568  D=  -1 
 X= 791 X2=1023  Y= 970 Y2=1018 P1=1023 P2=   0 T1=1017 T2= 924  P= 568  D=  -1 
 X= 888 X2=1023  Y= 979 Y2=1018 P1=1023 P2=   0 T1=1020 T2= 928  P= 568  D=  -1 
 X= 936 X2=1020  Y= 984 Y2=1017 P1=1023 P2=   0 T1=1020 T2= 906  P= 568  D=  -1 
 X= 969 X2=1016  Y= 970 Y2=1023 P1=1023 P2=   0 T1=1023 T2= 908  P= 568  D=  -1 
 X= 923 X2=1019  Y= 960 Y2=1021 P1=1023 P2=   0 T1=1019 T2= 904  P= 568  D=  -1 
 X=1007 X2= 992  Y= 974 Y2=1023 P1=1023 P2=   0 T1=1019 T2= 902  P= 568  D=  -1 
 X=1021 X2=1012  Y= 970 Y2=1023 P1=1023 P2=   0 T1=1017 T2= 892  P= 568  D=  -1 
 X= 979 X2=1005  Y= 973 Y2=1018 P1=1023 P2=   0 T1=1023 T2= 885  P= 568  D=  -1 
 X= 909 X2=1023  Y= 981 Y2=1018 P1=1023 P2=   0 T1=1019 T2= 886  P= 568  D=  -1 
 X= 934 X2=1021  Y= 980 Y2=1023 P1=1023 P2=   0 T1=1018 T2= 884  P= 568  D=  -1 
 X= 962 X2=1023  Y= 972 Y2=1019 P1=1023 P2=   0 T1=1018 T2= 911  P= 568  D=  -1 
 X= 805 X2=1023  Y= 966 Y2=1023 P1=1023 P2=   0 T1=1023 T2= 919  P= 568  D=  -1 
 X= 847 X2=1017  Y= 969 Y2=1023 P1=1023 P2=   0 T1=1018 T2= 899  P= 568  D=  -1 
 X= 846 X2=1016  Y= 964 Y2=1017 P1=1023 P2=   0 T1=1019 T2= 909  P= 568  D=  -1 
 X= 888 X2=1015  Y= 958 Y2=1019 P1=1023 P2=   0 T1=1023 T2= 900  P= 568  D=  -1 
 X=1000 X2=1018  Y= 992 Y2=1021 P1=1023 P2=   0 T1=1019 T2= 898  P= 568  D=  -1 
 X=1008 X2=1011  Y= 970 Y2=1018 P1=1023 P2=   0 T1=1023 T2= 896  P= 568  D=  -1 
 X= 830 X2=1023  Y= 981 Y2=1018 P1=1023 P2=   0 T1=1023 T2= 891  P= 568  D=  -1 
 X= 918 X2=1023  Y= 981 Y2=1018 P1=1023 P2=   0 T1=1019 T2= 897  P= 568  D=  -1 
 X= 793 X2=1023  Y= 973 Y2=1023 P1=1023 P2=   0 T1=1023 T2= 905  P= 568  D=  -1 
 X= 839 X2=1023  Y= 979 Y2=1018 P1=1023 P2=   0 T1=1023 T2= 911  P= 568  D=  -1 
 X= 824 X2=1023  Y= 980 Y2=1023 P1=1023 P2=   0 T1=1023 T2= 901  P= 568  D=  -1 
 X=1006 X2= 988  Y= 972 Y2=1022 P1=1023 P2=   0 T1=1018 T2= 893  P= 568  D=  -1 
 X= 943 X2=1012  Y= 974 Y2=1023 P1=1023 P2=   0 T1=1015 T2= 901  P= 568  D=  -1 
 X= 945 X2=1023  Y= 997 Y2=1017 P1=1023 P2=   0 T1=1023 T2= 896  P= 568  D=  -1 
 X=1023 X2= 993  Y= 980 Y2=1018 P1=1023 P2=   0 T1=1020 T2= 902  P= 568  D=  -1 
 X= 922 X2=1023  Y= 975 Y2=1023 P1=1022 P2=   0 T1=1019 T2= 903  P= 568  D=  -1 
 X= 917 X2=1023  Y= 976 Y2=1015 P1=1023 P2=   0 T1=1018 T2= 909  P= 568  D=  -1 
 X= 938 X2=1023  Y= 970 Y2=1023 P1=1023 P2=   0 T1=1023 T2= 890  P= 568  D=  -1 
 X= 871 X2=1016  Y= 965 Y2=1023 P1=1022 P2=   0 T1=1019 T2= 893  P= 568  D=  -1 
 X= 793 X2=1023  Y= 968 Y2=1023 P1=1023 P2=   0 T1=1018 T2= 898  P= 568  D=  -1 
 X=1021 X2=1011  Y= 966 Y2=1023 P1=1023 P2=   0 T1=1023 T2= 889  P= 568  D=  -1 
 X= 968 X2=1010  Y= 972 Y2=1023 P1=1023 P2=   0 T1=1023 T2= 917  P= 568  D=  -1 
 X= 965 X2= 999  Y= 968 Y2=1017 P1=1023 P2=   0 T1=1019 T2= 903  P= 568  D=  -1 
 X= 951 X2= 990  Y= 972 Y2=1017 P1=1022 P2=   0 T1=1023 T2= 903  P= 568  D=  -1 
 X=1023 X2=1010  Y= 970 Y2=1016 P1=1023 P2=   0 T1=1023 T2= 889  P= 568  D=  -1 
 X= 953 X2=1023  Y= 975 Y2=1016 P1=1023 P2=   0 T1=1016 T2= 917  P= 568  D=  -1 
 X=1023 X2=1001  Y= 980 Y2=1015 P1=1023 P2=   0 T1=1020 T2= 899  P= 568  D=  -1 
 X= 915 X2=1016  Y= 971 Y2=1023 P1=1023 P2=   0 T1=1022 T2= 886  P= 568  D=  -1 
 X= 743 X2=1023  Y= 975 Y2=1023 P1=1023 P2=   0 T1=1023 T2= 920  P= 568  D=  -1 
 X= 935 X2=1023  Y= 990 Y2=1023 P1=1023 P2=   0 T1=1021 T2= 891  P= 568  D=  -1 
 X= 982 X2=1013  Y= 973 Y2=1019 P1=1023 P2=   0 T1=1023 T2= 911  P= 568  D=  -1 
 X= 986 X2=1003  Y= 978 Y2=1018 P1=1023 P2=   0 T1=1018 T2= 890  P= 568  D=  -1 
 X= 952 X2=1023  Y= 977 Y2=1023 P1=1023 P2=   0 T1=1019 T2= 895  P= 568  D=  -1 
 X= 958 X2=1023  Y= 972 Y2=1018 P1=1023 P2=   0 T1=1023 T2= 898  P= 568  D=  -1 
 X= 954 X2= 981  Y= 982 Y2=1018 P1=1023 P2=   0 T1=1023 T2= 902  P= 568  D=  -1 
 X= 914 X2=1023  Y= 971 Y2=1021 P1=1023 P2=   0 T1=1023 T2= 906  P= 568  D=  -1 
 X= 959 X2=1023  Y= 974 Y2=1023 P1=1023 P2=   0 T1=1019 T2= 906  P= 568  D=  -1 
 X= 998 X2=1017  Y= 976 Y2=1019 P1=1023 P2=   0 T1=1018 T2= 926  P= 568  D=  -1 
 X= 915 X2=1023  Y= 982 Y2=1023 P1=1023 P2=   0 T1=1020 T2= 907  P= 568  D=  -1 
 X=1020 X2=1011  Y= 975 Y2=1023 P1=1023 P2=   0 T1=1023 T2= 919  P= 568  D=  -1 
 X=1002 X2=1002  Y= 964 Y2=1023 P1=1023 P2=   0 T1=1023 T2= 895  P= 568  D=  -1 
 X= 922 X2=1023  Y= 974 Y2=1023 P1=1023 P2=   0 T1=1023 T2= 906  P= 568  D=  -1 
 X= 936 X2=1019  Y= 974 Y2=1018 P1=1023 P2=   0 T1=1023 T2= 884  P= 568  D=  -1 
 X= 893 X2=1023  Y= 981 Y2=1018 P1=1023 P2=   0 T1=1023 T2= 891  P= 568  D=  -1 
 X= 834 X2=1023  Y= 982 Y2=1018 P1=1023 P2=   0 T1=1018 T2= 878  P= 568  D=  -1 
 X= 913 X2=1023  Y= 985 Y2=1019 P1=1023 P2=   0 T1=1018 T2= 888  P= 568  D=  -1 
 X= 932 X2=1019  Y= 973 Y2=1023 P1=1023 P2=   0 T1=1023 T2= 917  P= 568  D=  -1 
 X= 837 X2=1021  Y= 986 Y2=1023 P1=1023 P2=   0 T1=1022 T2= 894  P= 568  D=  -1 
 X=1023 X2=1000  Y= 977 Y2=1017 P1=1023 P2=   0 T1=1018 T2= 903  P= 568  D=  -1 
 X=1012 X2= 993  Y= 973 Y2=1023 P1=1023 P2=   0 T1=1019 T2= 896  P= 568  D=  -1 
 X= 959 X2=1020  Y= 979 Y2=1023 P1=1023 P2=   0 T1=1023 T2= 892  P= 568  D=  -1 
 X= 943 X2=1021  Y= 988 Y2=1023 P1=1023 P2=   0 T1=1023 T2= 902  P= 568  D=  -1 
 X= 949 X2= 991  Y= 976 Y2=1022 P1=1023 P2=   0 T1=1022 T2= 904  P= 568  D=  -1 
 X= 800 X2=1023  Y= 981 Y2=1019 P1=1023 P2=   0 T1=1019 T2= 899  P= 568  D=  -1 
 X= 958 X2=1013  Y= 975 Y2=1023 P1=1023 P2=   0 T1=1018 T2= 901  P= 568  D=  -1 
 X= 990 X2=1010  Y= 967 Y2=1021 P1=1023 P2=   0 T1=1023 T2= 885  P= 568  D=  -1 
 X= 848 X2=1017  Y= 955 Y2=1018 P1=1023 P2=   0 T1=1023 T2= 890  P= 568  D=  -1 
 X=1023 X2=1001  Y= 964 Y2=1017 P1=1023 P2=   0 T1=1023 T2= 903  P= 568  D=  -1 
 X=1023 X2= 992  Y= 983 Y2=1023 P1=1023 P2=   0 T1=1023 T2= 881  P= 568  D=  -1 
 X= 813 X2= 812  Y= 323 Y2= 329 P1= 796 P2= 488 T1=  16 T2=  14  P= 512  D=  -1 * 0
 X= 951 X2=1021  Y= 974 Y2=1015 P1=1023 P2=   0 T1=1023 T2= 883  P= 512  D=  -1 
 X= 811 X2= 811  Y= 324 Y2= 332 P1= 797 P2= 480 T1=  15 T2=  15  P= 535  D=  -1 * 0
 X= 813 X2= 812  Y= 326 Y2= 331 P1= 800 P2= 476 T1=  15 T2=  15  P= 552  D=  -1 * 0
 X= 813 X2= 812  Y= 325 Y2= 331 P1= 799 P2= 479 T1=  14 T2=  14  P= 542  D=  -1 * 0
 X= 814 X2= 813  Y= 325 Y2= 331 P1= 798 P2= 481 T1=  15 T2=  15  P= 535  D=  -1 * 1
 X= 813 X2= 812  Y= 325 Y2= 331 P1= 797 P2= 482 T1=  14 T2=  15  P= 530  D=  -1 * 2
 X= 814 X2= 813  Y= 324 Y2= 330 P1= 798 P2= 482 T1=  15 T2=  14  P= 532  D=  -1 * 3
 X= 814 X2= 813  Y= 324 Y2= 331 P1= 798 P2= 482 T1=  13 T2=  15  P= 532  D=  -1 * 4
 X= 814 X2= 812  Y= 325 Y2= 331 P1= 797 P2= 483 T1=  14 T2=  14  P= 528  D=  -1 * 5
 X= 814 X2= 814  Y= 325 Y2= 331 P1= 798 P2= 483 T1=  15 T2=  14  P= 530  D=  -1 * 6
 X= 814 X2= 813  Y= 324 Y2= 331 P1= 797 P2= 483 T1=  15 T2=  14  P= 528  D=  -1 * 7
 X= 814 X2= 812  Y= 325 Y2= 331 P1= 797 P2= 483 T1=  14 T2=  14  P= 528  D=  -1 * 8
 X= 814 X2= 813  Y= 325 Y2= 331 P1= 797 P2= 482 T1=  14 T2=  15  P= 530  D=  -1 * 9
 X= 814 X2= 812  Y= 324 Y2= 331 P1= 797 P2= 484 T1=  15 T2=  14  P= 525  D=  -1 * 10
 X= 814 X2= 813  Y= 324 Y2= 331 P1= 797 P2= 483 T1=  14 T2=  15  P= 528  D=  -1 * 11
 X= 812 X2= 813  Y= 325 Y2= 331 P1= 798 P2= 483 T1=  15 T2=  14  P= 529  D=  -1 * 12
 X= 814 X2= 813  Y= 322 Y2= 331 P1= 797 P2= 483 T1=  14 T2=  14  P= 528  D=  -1 * 13
 X= 814 X2= 813  Y= 325 Y2= 333 P1= 797 P2= 483 T1=  14 T2=  15  P= 528  D=  -1 * 14
 X= 813 X2= 812  Y= 325 Y2= 331 P1= 797 P2= 484 T1=  15 T2=  14  P= 524  D=  -1 * 15
 X= 813 X2= 813  Y= 325 Y2= 331 P1= 797 P2= 484 T1=  15 T2=  15  P= 525  D=  -1 * 16
 X= 813 X2= 813  Y= 324 Y2= 331 P1= 797 P2= 484 T1=  15 T2=  14  P= 525  D=  -1 * 17
 X= 814 X2= 813  Y= 324 Y2= 332 P1= 797 P2= 483 T1=  15 T2=  14  P= 528  D=  -1 * 18
 X= 814 X2= 813  Y= 325 Y2= 332 P1= 797 P2= 484 T1=  15 T2=  14  P= 525  D=  -1 * 19
 X= 814 X2= 813  Y= 325 Y2= 331 P1= 797 P2= 483 T1=  15 T2=  13  P= 528  D=  -1 * 20
 X= 814 X2= 813  Y= 324 Y2= 331 P1= 797 P2= 483 T1=  15 T2=  15  P= 528  D=  -1 * 21
 X= 814 X2= 809  Y= 324 Y2= 332 P1= 797 P2= 483 T1=  14 T2=  14  P= 527  D=  -1 * 22
 X= 814 X2= 813  Y= 325 Y2= 331 P1= 797 P2= 483 T1=  13 T2=  14  P= 528  D=  -1 * 23
 X= 814 X2= 813  Y= 322 Y2= 331 P1= 797 P2= 484 T1=  14 T2=  14  P= 525  D=  -1 * 24
Remove Pin
 X= 814 X2= 813  Y= 324 Y2= 332 P1= 797 P2= 483 T1=  15 T2=  14  P= 528  D=  -1 * 24
 X= 820 X2= 814  Y= 324 Y2= 331 P1= 795 P2= 483 T1=  14 T2=  14  P= 526  D=  -1 * 24
 X= 814 X2= 812  Y= 324 Y2= 330 P1= 797 P2= 484 T1=  15 T2=  15  P= 525  D=  -1 * 24
 X= 814 X2= 813  Y= 324 Y2= 331 P1= 797 P2= 484 T1=  14 T2=  15  P= 525  D=  -1 * 24
 X= 814 X2= 813  Y= 323 Y2= 332 P1= 797 P2= 484 T1=  14 T2=  15  P= 525  D=  -1 * 24
 X= 814 X2= 812  Y= 325 Y2= 331 P1= 798 P2= 483 T1=  15 T2=  15  P= 530  D=  -1 * 24
 X= 812 X2= 813  Y= 325 Y2= 330 P1= 797 P2= 483 T1=  14 T2=  15  P= 527  D=  -1 * 24
 X= 814 X2= 813  Y= 324 Y2= 331 P1= 797 P2= 483 T1=  14 T2=  15  P= 528  D=  -1 * 24
 X= 814 X2= 812  Y= 324 Y2= 331 P1= 797 P2= 484 T1=  15 T2=  15  P= 525  D=  -1 * 24
 X= 813 X2= 812  Y= 325 Y2= 331 P1= 797 P2= 483 T1=  17 T2=  14  P= 527  D=  -1 * 24
 X= 814 X2= 814  Y= 325 Y2= 332 P1= 797 P2= 484 T1=  15 T2=  14  P= 525  D=  -1 * 24
 X= 814 X2= 814  Y= 324 Y2= 331 P1= 796 P2= 483 T1=  14 T2=  16  P= 527  D=  -1 * 24
 X= 814 X2= 812  Y= 324 Y2= 330 P1= 797 P2= 483 T1=  14 T2=  13  P= 528  D=  -1 * 24
 X= 814 X2= 813  Y= 324 Y2= 331 P1= 797 P2= 484 T1=  13 T2=  14  P= 525  D=  -1 * 24
 X= 814 X2= 813  Y= 324 Y2= 333 P1= 797 P2= 483 T1=  15 T2=  14  P= 528  D=  -1 * 24
 X= 814 X2= 813  Y= 324 Y2= 331 P1= 797 P2= 484 T1=  15 T2=  14  P= 525  D=  -1 * 24
 X= 815 X2= 813  Y= 325 Y2= 331 P1= 797 P2= 484 T1=  14 T2=  15  P= 525  D=  -1 * 24
 X= 814 X2= 812  Y= 326 Y2= 332 P1= 801 P2= 475 T1=  15 T2=  15  P= 557  D=  -1 * 24
 X= 827 X2= 832  Y= 959 Y2=1018 P1=1023 P2=   0 T1=  40 T2= 881  P= 557  D=  -1 
 X= 793 X2=1023  Y= 974 Y2=1018 P1=1023 P2=   0 T1=1019 T2= 902  P= 557  D=  -1 
 X=1010 X2=1010  Y= 959 Y2=1023 P1=1023 P2=   0 T1=1022 T2= 888  P= 557  D=  -1 
 X= 987 X2=1003  Y= 973 Y2=1021 P1=1023 P2=   0 T1=1023 T2= 875  P= 557  D=  -1 
target state=2 point=456,249
 X= 869 X2=1021  Y= 970 Y2=1023 P1=1023 P2=   0 T1=1023 T2= 890  P= 557  D=  -1 
 X= 936 X2=1019  Y= 980 Y2=1018 P1=1023 P2=   0 T1=1023 T2= 898  P= 557  D=  -1 
 X=1022 X2= 984  Y= 965 Y2=1018 P1=1023 P2=   0 T1=1022 T2= 891  P= 557  D=  -1 
 X= 915 X2=1023  Y= 986 Y2=1017 P1=1023 P2=   0 T1=1022 T2= 904  P= 557  D=  -1 
 X= 898 X2=1021  Y= 967 Y2=1023 P1=1023 P2=   0 T1=1019 T2= 916  P= 557  D=  -1 
 X= 849 X2=1015  Y= 970 Y2=1021 P1=1023 P2=   0 T1=1018 T2= 902  P= 557  D=  -1 
 X= 930 X2=1023  Y= 975 Y2=1020 P1=1023 P2=   0 T1=1018 T2= 904  P= 557  D=  -1 
 X= 839 X2=1023  Y= 980 Y2=1018 P1=1023 P2=   0 T1=1018 T2= 892  P= 557  D=  -1 
 X=1021 X2=1014  Y= 964 Y2=1023 P1=1023 P2=   0 T1=1023 T2= 884  P= 557  D=  -1 
 X= 988 X2=1010  Y= 969 Y2=1023 P1=1023 P2=   0 T1=1019 T2= 914  P= 557  D=  -1 
 X=1023 X2= 993  Y= 983 Y2=1021 P1=1023 P2=   0 T1=1023 T2= 886  P= 557  D=  -1 
 X= 946 X2=1020  Y= 979 Y2=1023 P1=1023 P2=   0 T1=1019 T2= 896  P= 557  D=  -1 
 X= 825 X2=1023  Y= 980 Y2=1017 P1=1023 P2=   0 T1=1018 T2= 919  P= 557  D=  -1 
 X= 897 X2=1023  Y= 980 Y2=1017 P1=1023 P2=   0 T1=1022 T2= 913  P= 557  D=  -1 
 X= 878 X2=1023  Y= 975 Y2=1019 P1=1023 P2=   0 T1=1019 T2= 901  P= 557  D=  -1 
 X= 907 X2=1019  Y= 976 Y2=1023 P1=1023 P2=   0 T1=1018 T2= 893  P= 557  D=  -1 
 X= 953 X2=1023  Y= 989 Y2=1019 P1=1023 P2=   0 T1=1017 T2= 900  P= 557  D=  -1 
 X= 809 X2=1023  Y= 962 Y2=1023 P1=1023 P2=   0 T1=1023 T2= 900  P= 557  D=  -1 
 X= 857 X2=1020  Y= 979 Y2=1023 P1=1023 P2=   0 T1=1019 T2= 886  P= 557  D=  -1 
 X=1023 X2=1004  Y= 963 Y2=1020 P1=1023 P2=   0 T1=1022 T2= 912  P= 557  D=  -1 
 X= 945 X2=1019  Y= 972 Y2=1018 P1=1023 P2=   0 T1=1023 T2= 896  P= 557  D=  -1 
 X= 967 X2= 984  Y= 969 Y2=1017 P1=1018 P2=   0 T1=1019 T2= 891  P= 557  D=  -1 
 X= 863 X2=1023  Y= 992 Y2=1023 P1=1023 P2=   0 T1=1019 T2= 904  P= 557  D=  -1 
 X=1023 X2=1000  Y= 971 Y2=1023 P1=1023 P2=   0 T1=1019 T2= 909  P= 557  D=  -1 
 X= 802 X2=1023  Y= 971 Y2=1021 P1=1023 P2=   0 T1=1018 T2= 911  P= 557  D=  -1 
 X= 893 X2=1019  Y= 977 Y2=1019 P1=1023 P2=   0 T1=1021 T2= 920  P= 557  D=  -1 
 X= 957 X2= 990  Y= 970 Y2=1018 P1=1023 P2=   0 T1=1023 T2= 899  P= 557  D=  -1 
 X= 987 X2=1003  Y= 968 Y2=1017 P1=1023 P2=   0 T1=1018 T2= 870  P= 557  D=  -1 
 X=1021 X2=1011  Y= 974 Y2=1023 P1=1023 P2=   0 T1=1023 T2= 911  P= 557  D=  -1 
 X=1023 X2=1003  Y= 986 Y2=1023 P1=1023 P2=   0 T1=1023 T2= 925  P= 557  D=  -1 
 X= 945 X2=1019  Y= 981 Y2=1022 P1=1023 P2=   0 T1=1023 T2= 897  P= 557  D=  -1 
 X= 904 X2=1023  Y= 974 Y2=1023 P1=1023 P2=   0 T1=1019 T2= 897  P= 557  D=  -1 
 X= 877 X2=1023  Y= 975 Y2=1023 P1=1023 P2=   0 T1=1018 T2= 899  P= 557  D=  -1 
 X= 843 X2=1014  Y= 982 Y2=1023 P1=1023 P2=   0 T1=1023 T2= 900  P= 557  D=  -1 
 X= 870 X2=1015  Y= 970 Y2=1023 P1=1023 P2=   0 T1=1023 T2= 911  P= 557  D=  -1 
 X= 928 X2=1016  Y= 965 Y2=1020 P1=1023 P2=   0 T1=1023 T2= 921  P= 557  D=  -1 
 X=1023 X2= 994  Y= 980 Y2=1015 P1=1023 P2=   0 T1=1020 T2= 888  P= 557  D=  -1 
 X= 850 X2=1023  Y= 979 Y2=1022 P1=1023 P2=   0 T1=1022 T2= 907  P= 557  D=  -1 
 X=1012 X2= 989  Y= 976 Y2=1023 P1=1023 P2=   0 T1=1022 T2= 885  P= 557  D=  -1 
 X=1023 X2=1006  Y= 982 Y2=1019 P1=1023 P2=   0 T1=1019 T2= 904  P= 557  D=  -1 
 X= 799 X2=1023  Y= 959 Y2=1021 P1=1023 P2=   0 T1=1023 T2= 924  P= 557  D=  -1 
 X= 792 X2=1019  Y= 966 Y2=1023 P1=1023 P2=   0 T1=1018 T2= 919  P= 557  D=  -1 
 X= 899 X2=1023  Y= 983 Y2=1022 P1=1023 P2=   0 T1=1019 T2= 894  P= 557  D=  -1 
 X=1003 X2= 993  Y= 973 Y2=1023 P1=1023 P2=   0 T1=1023 T2= 890  P= 557  D=  -1 
 X= 816 X2=1023  Y= 994 Y2=1017 P1=1023 P2=   0 T1=1023 T2= 957  P= 557  D=  -1 
 X=1023 X2=1012  Y= 971 Y2=1017 P1=1023 P2=   0 T1=1019 T2= 891  P= 557  D=  -1 
 X=1023 X2=1001  Y= 981 Y2=1023 P1=1023 P2=   0 T1=1019 T2= 879  P= 557  D=  -1 
 X= 867 X2=1023  Y= 965 Y2=1023 P1=1023 P2=   0 T1=1019 T2= 915  P= 557  D=  -1 
 X= 913 X2=1023  Y= 971 Y2=1018 P1=1023 P2=   0 T1=1023 T2= 904  P= 557  D=  -1 
 X= 927 X2=1022  Y= 968 Y2=1017 P1=1023 P2=   0 T1=1023 T2= 902  P= 557  D=  -1 
 X= 790 X2=1023  Y= 966 Y2=1020 P1=1023 P2=   0 T1=1023 T2= 886  P= 557  D=  -1 
 X= 841 X2=1023  Y= 988 Y2=1023 P1=1023 P2=   0 T1=1023 T2= 918  P= 557  D=  -1 
 X= 987 X2=1011  Y= 968 Y2=1023 P1=1023 P2=   0 T1=1022 T2= 928  P= 557  D=  -1 
 X= 846 X2=1012  Y= 967 Y2=1018 P1=1019 P2=   0 T1=1019 T2= 891  P= 557  D=  -1 
 X= 956 X2=1020  Y= 965 Y2=1023 P1=1023 P2=   0 T1=1023 T2= 921  P= 557  D=  -1 
 X=1023 X2= 999  Y= 983 Y2=1020 P1=1023 P2=   0 T1=1023 T2= 895  P= 557  D=  -1 
 X=1023 X2=1005  Y= 971 Y2=1023 P1=1023 P2=   0 T1=1023 T2= 894  P= 557  D=  -1 
 X= 885 X2=1023  Y= 976 Y2=1018 P1=1023 P2=   0 T1=1018 T2= 915  P= 557  D=  -1 
 X= 941 X2=1023  Y= 985 Y2=1018 P1=1023 P2=   0 T1=1021 T2= 909  P= 557  D=  -1 
 X= 788 X2=1023  Y= 977 Y2=1022 P1=1023 P2=   0 T1=1018 T2= 905  P= 557  D=  -1 
 X= 808 X2= 810  Y= 708 Y2= 712 P1= 904 P2= 558 T1=  14 T2=  15  P= 501  D=  -1 * 0
 X= 810 X2= 811  Y= 708 Y2= 713 P1= 908 P2= 539 T1=1016 T2=  15  P= 501  D=  -1 
 X= 809 X2= 810  Y= 708 Y2= 713 P1= 908 P2= 536 T1=  16 T2=  15  P= 561  D=  -1 * 0
 X= 808 X2= 810  Y= 708 Y2= 712 P1= 908 P2= 540 T1=  15 T2=  15  P= 550  D=  -1 * 0
 X= 809 X2= 809  Y= 708 Y2= 713 P1= 907 P2= 541 T1=  15 T2=  15  P= 546  D=  -1 * 0
 X= 808 X2= 807  Y= 708 Y2= 711 P1= 907 P2= 541 T1=  16 T2=  15  P= 545  D=  -1 * 1
 X= 809 X2= 808  Y= 708 Y2= 712 P1= 907 P2= 542 T1=  14 T2=  16  P= 543  D=  -1 * 2
 X= 808 X2= 807  Y= 708 Y2= 712 P1= 907 P2= 542 T1=  15 T2=  15  P= 543  D=  -1 * 3
 X= 808 X2= 809  Y= 710 Y2= 711 P1= 907 P2= 543 T1=  14 T2=  15  P= 541  D=  -1 * 4
 X= 806 X2= 809  Y= 708 Y2= 712 P1= 906 P2= 544 T1=  15 T2=  15  P= 536  D=  -1 * 5
 X= 808 X2= 809  Y= 707 Y2= 713 P1= 907 P2= 544 T1=  14 T2=  15  P= 538  D=  -1 * 6
 X= 808 X2= 809  Y= 707 Y2= 712 P1= 907 P2= 544 T1=  15 T2=  15  P= 538  D=  -1 * 7
 X= 807 X2= 809  Y= 708 Y2= 712 P1= 907 P2= 544 T1=  13 T2=  16  P= 538  D=  -1 * 8
 X= 808 X2= 810  Y= 708 Y2= 712 P1= 907 P2= 544 T1=  15 T2=  16  P= 539  D=  -1 * 9
 X= 808 X2= 809  Y= 707 Y2= 712 P1= 907 P2= 544 T1=  16 T2=  14  P= 538  D=  -1 * 10
 X= 808 X2= 810  Y= 708 Y2= 712 P1= 906 P2= 544 T1=  14 T2=  11  P= 537  D=  -1 * 11
 X= 808 X2= 810  Y= 709 Y2= 712 P1= 907 P2= 544 T1=  15 T2=  14  P= 539  D=  -1 * 12
 X= 808 X2= 812  Y= 707 Y2= 712 P1= 907 P2= 544 T1=  15 T2=  15  P= 540  D=  -1 * 13
 X= 809 X2= 809  Y= 708 Y2= 713 P1= 907 P2= 544 T1=  15 T2=  15  P= 539  D=  -1 * 14
 X= 808 X2= 809  Y= 707 Y2= 712 P1= 906 P2= 544 T1=  15 T2=  16  P= 537  D=  -1 * 15
 X= 812 X2= 809  Y= 707 Y2= 712 P1= 907 P2= 545 T1=  15 T2=  14  P= 537  D=  -1 * 16
 X= 808 X2= 810  Y= 708 Y2= 712 P1= 907 P2= 543 T1=  16 T2=  16  P= 542  D=  -1 * 17
 X= 808 X2= 809  Y= 708 Y2= 712 P1= 907 P2= 545 T1=  15 T2=  14  P= 536  D=  -1 * 18
 X= 809 X2= 809  Y= 708 Y2= 712 P1= 906 P2= 544 T1=  15 T2=  15  P= 537  D=  -1 * 19
 X= 808 X2= 810  Y= 707 Y2= 710 P1= 907 P2= 544 T1=  14 T2=  15  P= 539  D=  -1 * 20
 X= 808 X2= 807  Y= 710 Y2= 711 P1= 907 P2= 544 T1=  14 T2=  14  P= 538  D=  -1 * 21
 X= 808 X2= 807  Y= 707 Y2= 710 P1= 907 P2= 544 T1=  15 T2=  14  P= 538  D=  -1 * 22
 X= 808 X2= 810  Y= 707 Y2= 712 P1= 907 P2= 544 T1=  15 T2=  15  P= 539  D=  -1 * 23
 X= 808 X2= 809  Y= 708 Y2= 712 P1= 907 P2= 544 T1=  15 T2=  15  P= 538  D=  -1 * 24
Remove Pin
 X= 809 X2= 810  Y= 708 Y2= 712 P1= 906 P2= 544 T1=  14 T2=  14  P= 537  D=  -1 * 24
 X= 808 X2= 811  Y= 707 Y2= 713 P1= 907 P2= 544 T1=  16 T2=  15  P= 539  D=  -1 * 24
 X= 808 X2= 809  Y= 708 Y2= 712 P1= 906 P2= 544 T1=  14 T2=  15  P= 537  D=  -1 * 24
 X= 809 X2= 809  Y= 708 Y2= 711 P1= 907 P2= 544 T1=  15 T2=  14  P= 539  D=  -1 * 24
 X= 809 X2= 808  Y= 708 Y2= 712 P1= 906 P2= 543 T1=  15 T2=  15  P= 539  D=  -1 * 24
 X= 808 X2= 808  Y= 708 Y2= 712 P1= 906 P2= 545 T1=  17 T2=  14  P= 534  D=  -1 * 24
 X= 808 X2= 808  Y= 708 Y2= 711 P1= 907 P2= 544 T1=  15 T2=  15  P= 538  D=  -1 * 24
 X= 808 X2= 809  Y= 708 Y2= 712 P1= 907 P2= 545 T1=  16 T2=  15  P= 536  D=  -1 * 24
 X= 808 X2= 810  Y= 708 Y2= 712 P1= 906 P2= 545 T1=  15 T2=  15  P= 535  D=  -1 * 24
 X= 808 X2= 809  Y= 707 Y2= 711 P1= 907 P2= 545 T1=  15 T2=  14  P= 536  D=  -1 * 24
 X= 809 X2= 809  Y= 708 Y2= 712 P1= 906 P2= 544 T1=  15 T2=  14  P= 537  D=  -1 * 24
 X= 809 X2= 809  Y= 708 Y2= 712 P1= 907 P2= 544 T1=  15 T2=  16  P= 539  D=  -1 * 24
 X= 808 X2= 810  Y= 708 Y2= 712 P1= 907 P2= 544 T1=  16 T2=  15  P= 539  D=  -1 * 24
 X= 808 X2= 806  Y= 708 Y2= 712 P1= 907 P2= 545 T1=  15 T2=  15  P= 535  D=  -1 * 24
 X= 808 X2= 809  Y= 708 Y2= 712 P1= 906 P2= 544 T1=  15 T2=  15  P= 537  D=  -1 * 24
 X= 808 X2= 810  Y= 707 Y2= 711 P1= 907 P2= 546 T1=  15 T2=  15  P= 534  D=  -1 * 24
 X= 809 X2= 810  Y= 708 Y2= 712 P1= 909 P2= 532 T1=  16 T2=  15  P= 572  D=  -1 * 24
 X= 978 X2=1011  Y= 960 Y2=1023 P1=1023 P2=   0 T1=1020 T2= 885  P= 572  D=  -1 
 X= 930 X2=1019  Y= 952 Y2=1022 P1=1023 P2=   0 T1=1022 T2= 889  P= 572  D=  -1 
 X=1023 X2= 998  Y= 966 Y2=1015 P1=1023 P2=   0 T1=1019 T2= 898  P= 572  D=  -1 
target state=3 point=23,249
 X= 925 X2=1012  Y= 977 Y2=1023 P1=1023 P2=   0 T1=1017 T2= 902  P= 572  D=  -1 
 X= 851 X2=1023  Y= 982 Y2=1023 P1=1023 P2=   0 T1=1022 T2= 883  P= 572  D=  -1 
 X= 898 X2=1023  Y= 987 Y2=1018 P1=1023 P2=   0 T1=1023 T2= 909  P= 572  D=  -1 
 X= 850 X2=1016  Y= 971 Y2=1023 P1=1023 P2=   0 T1=1018 T2= 910  P= 572  D=  -1 
 X= 925 X2=1017  Y= 980 Y2=1023 P1=1023 P2=   0 T1=1018 T2= 892  P= 572  D=  -1 
 X= 803 X2=1023  Y= 965 Y2=1023 P1=1023 P2=   0 T1=1019 T2= 908  P= 572  D=  -1 
 X= 990 X2=1010  Y= 964 Y2=1021 P1=1023 P2=   0 T1=1018 T2= 898  P= 572  D=  -1 
 X= 977 X2=1010  Y= 976 Y2=1023 P1=1023 P2=   0 T1=1021 T2= 898  P= 572  D=  -1 
 X= 819 X2=1023  Y= 978 Y2=1023 P1=1023 P2=   0 T1=1018 T2= 922  P= 572  D=  -1 
 X= 990 X2=1002  Y= 966 Y2=1023 P1=1023 P2=   0 T1=1023 T2= 890  P= 572  D=  -1 
 X= 950 X2=1009  Y= 957 Y2=1020 P1=1023 P2=   0 T1=1021 T2= 924  P= 572  D=  -1 
 X= 953 X2=1020  Y= 977 Y2=1021 P1=1023 P2=   0 T1=1023 T2= 899  P= 572  D=  -1 
 X=1013 X2= 997  Y= 972 Y2=1023 P1=1023 P2=   0 T1=1021 T2= 918  P= 572  D=  -1 
 X= 884 X2=1023  Y= 971 Y2=1018 P1=1023 P2=   0 T1=1019 T2= 911  P= 572  D=  -1 
 X= 947 X2=1023  Y= 968 Y2=1023 P1=1023 P2=   0 T1=1023 T2= 913  P= 572  D=  -1 
 X=1023 X2=1004  Y= 974 Y2=1020 P1=1023 P2=   0 T1=1023 T2= 895  P= 572  D=  -1 
 X=1004 X2=1002  Y= 969 Y2=1022 P1=1023 P2=   0 T1=1019 T2= 890  P= 572  D=  -1 
 X= 894 X2=1023  Y= 978 Y2=1023 P1=1023 P2=   0 T1=1019 T2= 894  P= 572  D=  -1 
 X= 957 X2=1020  Y= 984 Y2=1021 P1=1023 P2=   0 T1=1018 T2= 903  P= 572  D=  -1 
 X= 953 X2= 991  Y= 974 Y2=1015 P1=1023 P2=   0 T1=1020 T2= 925  P= 572  D=  -1 
 X= 993 X2=1023  Y= 985 Y2=1018 P1=1023 P2=   0 T1=1017 T2= 920  P= 572  D=  -1 
 X= 957 X2=1020  Y= 976 Y2=1018 P1=1023 P2=   0 T1=1018 T2= 913  P= 572  D=  -1 
 X= 970 X2=1013  Y= 977 Y2=1022 P1=1023 P2=   0 T1=1017 T2= 900  P= 572  D=  -1 
 X= 793 X2=1023  Y= 979 Y2=1017 P1=1023 P2=   0 T1=1019 T2= 894  P= 572  D=  -1 
 X=1023 X2= 991  Y= 987 Y2=1021 P1=1023 P2=   0 T1=1019 T2= 887  P= 572  D=  -1 
 X=1023 X2=1012  Y= 979 Y2=1017 P1=1023 P2=   0 T1=1023 T2= 893  P= 572  D=  -1 
 X= 988 X2=1005  Y= 967 Y2=1017 P1=1023 P2=   0 T1=1023 T2= 896  P= 572  D=  -1 
 X=1023 X2= 988  Y= 980 Y2=1015 P1=1023 P2=   0 T1=1021 T2= 881  P= 572  D=  -1 
 X= 950 X2=1017  Y= 989 Y2=1023 P1=1023 P2=   0 T1=1023 T2= 889  P= 572  D=  -1 
 X= 984 X2=1007  Y= 979 Y2=1023 P1=1023 P2=   0 T1=1019 T2= 904  P= 572  D=  -1 
 X= 953 X2=1023  Y= 980 Y2=1023 P1=1023 P2=   0 T1=1023 T2= 894  P= 572  D=  -1 
 X= 978 X2=1010  Y= 977 Y2=1022 P1=1023 P2=   0 T1=1023 T2= 882  P= 572  D=  -1 
 X= 928 X2=1015  Y= 969 Y2=1023 P1=1023 P2=   0 T1=1018 T2= 943  P= 572  D=  -1 
 X= 791 X2=1023  Y= 972 Y2=1023 P1=1023 P2=   0 T1=1023 T2= 917  P= 572  D=  -1 
 X=1011 X2= 970  Y= 965 Y2=1022 P1=1022 P2=   0 T1=1021 T2= 892  P= 572  D=  -1 
 X= 951 X2=1023  Y= 982 Y2=1017 P1=1023 P2=   0 T1=1023 T2= 916  P= 572  D=  -1 
 X= 908 X2=1023  Y= 983 Y2=1018 P1=1023 P2=   0 T1=1023 T2= 892  P= 572  D=  -1 
 X= 956 X2=1020  Y= 973 Y2=1014 P1=1023 P2=   0 T1=1023 T2= 882  P= 572  D=  -1 
 X= 890 X2=1020  Y= 965 Y2=1021 P1=1023 P2=   0 T1=1019 T2= 906  P= 572  D=  -1 
 X= 875 X2=1023  Y= 969 Y2=1020 P1=1023 P2=   0 T1=1018 T2= 923  P= 572  D=  -1 
 X= 853 X2=1023  Y= 983 Y2=1019 P1=1023 P2=   0 T1=1023 T2= 895  P= 572  D=  -1 
 X= 850 X2=1014  Y= 965 Y2=1023 P1=1023 P2=   0 T1=1018 T2= 890  P= 572  D=  -1 
 X= 847 X2=1017  Y= 974 Y2=1023 P1=1023 P2=   0 T1=1023 T2= 906  P= 572  D=  -1 
 X= 956 X2=1023  Y= 974 Y2=1023 P1=1023 P2=   0 T1=1023 T2= 912  P= 572  D=  -1 
 X= 959 X2= 993  Y= 974 Y2=1021 P1=1019 P2=   0 T1=1019 T2= 895  P= 572  D=  -1 
 X= 800 X2=1023  Y= 976 Y2=1017 P1=1023 P2=   0 T1=1019 T2= 912  P= 572  D=  -1 
 X= 898 X2=1023  Y= 980 Y2=1023 P1=1023 P2=   0 T1=1018 T2= 897  P= 572  D=  -1 
 X= 958 X2=1021  Y= 977 Y2=1017 P1=1023 P2=   0 T1=1023 T2= 885  P= 572  D=  -1 
 X= 884 X2=1023  Y= 967 Y2=1018 P1=1023 P2=   0 T1=1023 T2= 892  P= 572  D=  -1 
 X= 818 X2=1023  Y= 973 Y2=1023 P1=1023 P2=   0 T1=1023 T2= 909  P= 572  D=  -1 
 X=1023 X2=1011  Y= 980 Y2=1023 P1=1023 P2=   0 T1=1018 T2= 904  P= 572  D=  -1 
 X= 995 X2=1011  Y= 981 Y2=1023 P1=1023 P2=   0 T1=1023 T2= 908  P= 572  D=  -1 
 X= 931 X2=1023  Y= 974 Y2=1023 P1=1023 P2=   0 T1=1023 T2= 892  P= 572  D=  -1 
 X= 937 X2=1023  Y= 973 Y2=1022 P1=1023 P2=   0 T1=1019 T2= 902  P= 572  D=  -1 
 X=1023 X2= 999  Y= 972 Y2=1016 P1=1023 P2=   0 T1=1023 T2= 895  P= 572  D=  -1 
 X= 892 X2=1023  Y= 975 Y2=1023 P1=1023 P2=   0 T1=1019 T2= 898  P= 572  D=  -1 
 X= 877 X2=1021  Y= 975 Y2=1017 P1=1023 P2=   0 T1=1023 T2= 921  P= 572  D=  -1 
 X= 867 X2=1017  Y= 970 Y2=1023 P1=1023 P2=   0 T1=1014 T2= 920  P= 572  D=  -1 
 X= 927 X2=1016  Y= 961 Y2=1018 P1=1023 P2=   0 T1=1020 T2= 876  P= 572  D=  -1 
 X= 961 X2=1022  Y= 980 Y2=1016 P1=1023 P2=   0 T1=1023 T2= 905  P= 572  D=  -1 
 X= 942 X2=1021  Y= 975 Y2=1021 P1=1023 P2=   0 T1=1020 T2= 911  P= 572  D=  -1 
 X= 846 X2=1017  Y= 973 Y2=1023 P1=1023 P2=   0 T1=1018 T2= 907  P= 572  D=  -1 
 X= 928 X2= 991  Y= 988 Y2=1015 P1=1023 P2=   0 T1=1019 T2= 900  P= 572  D=  -1 
 X= 849 X2=1023  Y= 978 Y2=1023 P1=1023 P2=   0 T1=1018 T2= 911  P= 572  D=  -1 
 X= 913 X2=1023  Y= 979 Y2=1023 P1=1023 P2=   0 T1=1023 T2= 892  P= 572  D=  -1 
 X= 904 X2=1023  Y= 975 Y2=1019 P1=1023 P2=   0 T1=1023 T2= 923  P= 572  D=  -1 
 X= 978 X2=1012  Y= 973 Y2=1023 P1=1023 P2=   0 T1=1018 T2= 890  P= 572  D=  -1 
 X= 873 X2=1020  Y= 977 Y2=1023 P1=1023 P2=   0 T1=1023 T2= 904  P= 572  D=  -1 
 X= 854 X2=1023  Y= 976 Y2=1022 P1=1023 P2=   0 T1=1019 T2= 877  P= 572  D=  -1 
 X= 847 X2=1014  Y= 980 Y2=1018 P1=1023 P2=   0 T1=1016 T2= 891  P= 572  D=  -1 
 X= 988 X2=1006  Y= 976 Y2=1017 P1=1023 P2=   0 T1=1022 T2= 897  P= 572  D=  -1 
 X= 951 X2=1023  Y= 988 Y2=1023 P1=1023 P2=   0 T1=1017 T2= 924  P= 572  D=  -1 
 X= 975 X2=1020  Y=1019 Y2=1018 P1=1023 P2=   0 T1=1023 T2=1023  P= 572  D=  -1 
 X=1023 X2= 994  Y= 978 Y2=1015 P1=1023 P2=   0 T1=1022 T2= 900  P= 572  D=  -1 
 X= 949 X2=1022  Y= 995 Y2=1018 P1=1023 P2=   0 T1=1018 T2= 907  P= 572  D=  -1 
 X= 236 X2= 238  Y= 705 Y2= 700 P1= 825 P2= 246 T1=  22 T2=  20  P= 557  D=  -1 * 0
 X= 236 X2= 239  Y= 704 Y2= 700 P1= 828 P2= 243 T1=  22 T2=  21  P= 570  D=  -1 * 0
 X= 240 X2= 242  Y= 705 Y2= 701 P1= 856 P2= 208 T1=  25 T2=  26  P= 750  D=  -1 * 0
 X= 238 X2= 240  Y= 703 Y2= 699 P1= 832 P2= 238 T1=  22 T2=  21  P= 596  D=  -1 * 0
 X= 237 X2= 238  Y= 704 Y2= 699 P1= 829 P2= 241 T1=  22 T2=  22  P= 578  D=  -1 * 1
 X= 237 X2= 238  Y= 703 Y2= 699 P1= 829 P2= 241 T1=  22 T2=  22  P= 578  D=  -1 * 2
 X= 236 X2= 237  Y= 702 Y2= 699 P1= 827 P2= 241 T1=  22 T2=  22  P= 573  D=  -1 * 3
 X= 237 X2= 238  Y= 703 Y2= 700 P1= 831 P2= 239 T1=  22 T2=  22  P= 586  D=  -1 * 4
 X= 237 X2= 239  Y= 703 Y2= 699 P1= 829 P2= 240 T1=  22 T2=  21  P= 584  D=  -1 * 5
 X= 236 X2= 236  Y= 703 Y2= 699 P1= 829 P2= 240 T1=  24 T2=  22  P= 579  D=  -1 * 6
 X= 237 X2= 239  Y= 704 Y2= 699 P1= 830 P2= 240 T1=  22 T2=  22  P= 585  D=  -1 * 7
 X= 237 X2= 239  Y= 704 Y2= 700 P1= 830 P2= 241 T1=  21 T2=  23  P= 581  D=  -1 * 8
 X= 236 X2= 237  Y= 703 Y2= 699 P1= 830 P2= 241 T1=  22 T2=  22  P= 576  D=  -1 * 9
 X= 237 X2= 239  Y= 703 Y2= 699 P1= 829 P2= 241 T1=  22 T2=  24  P= 580  D=  -1 * 10
 X= 237 X2= 239  Y= 703 Y2= 702 P1= 829 P2= 241 T1=  22 T2=  22  P= 580  D=  -1 * 11
 X= 237 X2= 239  Y= 703 Y2= 699 P1= 829 P2= 241 T1=  22 T2=  23  P= 580  D=  -1 * 12
 X= 237 X2= 241  Y= 703 Y2= 699 P1= 829 P2= 241 T1=  21 T2=  22  P= 582  D=  -1 * 13
 X= 236 X2= 239  Y= 704 Y2= 699 P1= 829 P2= 241 T1=  22 T2=  22  P= 578  D=  -1 * 14
 X= 237 X2= 239  Y= 702 Y2= 700 P1= 829 P2= 242 T1=  20 T2=  22  P= 577  D=  -1 * 15
 X= 236 X2= 238  Y= 703 Y2= 699 P1= 829 P2= 242 T1=  22 T2=  25  P= 574  D=  -1 * 16
 X= 237 X2= 239  Y= 703 Y2= 699 P1= 828 P2= 242 T1=  22 T2=  22  P= 576  D=  -1 * 17
 X= 237 X2= 238  Y= 704 Y2= 697 P1= 829 P2= 242 T1=  22 T2=  22  P= 574  D=  -1 * 18
 X= 236 X2= 239  Y= 703 Y2= 700 P1= 828 P2= 242 T1=  22 T2=  20  P= 573  D=  -1 * 19
 X= 237 X2= 237  Y= 703 Y2= 697 P1= 827 P2= 242 T1=  22 T2=  22  P= 572  D=  -1 * 20
 X= 237 X2= 239  Y= 703 Y2= 699 P1= 828 P2= 242 T1=  25 T2=  21  P= 576  D=  -1 * 21
 X= 237 X2= 238  Y= 703 Y2= 698 P1= 829 P2= 241 T1=  22 T2=  21  P= 578  D=  -1 * 22
 X= 238 X2= 238  Y= 703 Y2= 699 P1= 829 P2= 242 T1=  22 T2=  22  P= 577  D=  -1 * 23
 X= 236 X2= 239  Y= 703 Y2= 699 P1= 829 P2= 242 T1=  22 T2=  22  P= 574  D=  -1 * 24
Remove Pin
 X= 226 X2= 240  Y= 704 Y2= 699 P1= 829 P2= 242 T1=  22 T2=  24  P= 565  D=  -1 * 24
 X= 237 X2= 239  Y= 702 Y2= 699 P1= 829 P2= 242 T1=  21 T2=  22  P= 577  D=  -1 * 24
 X= 237 X2= 239  Y= 703 Y2= 699 P1= 828 P2= 242 T1=  22 T2=  21  P= 576  D=  -1 * 24
 X= 237 X2= 239  Y= 703 Y2= 699 P1= 828 P2= 241 T1=  22 T2=  22  P= 579  D=  -1 * 24
 X= 237 X2= 239  Y= 703 Y2= 698 P1= 829 P2= 241 T1=  22 T2=  22  P= 580  D=  -1 * 24
 X= 236 X2= 240  Y= 703 Y2= 699 P1= 829 P2= 242 T1=  22 T2=  22  P= 577  D=  -1 * 24
 X= 234 X2= 242  Y= 703 Y2= 698 P1= 829 P2= 242 T1=  21 T2=  21  P= 577  D=  -1 * 24
 X= 234 X2= 238  Y= 702 Y2= 699 P1= 828 P2= 242 T1=  22 T2=  22  P= 571  D=  -1 * 24
 X= 236 X2= 239  Y= 703 Y2= 699 P1= 828 P2= 242 T1=  22 T2=  22  P= 573  D=  -1 * 24
 X= 238 X2= 238  Y= 701 Y2= 698 P1= 828 P2= 242 T1=  22 T2=  21  P= 576  D=  -1 * 24
 X= 237 X2= 239  Y= 702 Y2= 699 P1= 828 P2= 242 T1=  22 T2=  22  P= 576  D=  -1 * 24
 X= 237 X2= 238  Y= 703 Y2= 699 P1= 828 P2= 242 T1=  21 T2=  22  P= 573  D=  -1 * 24
 X= 236 X2= 238  Y= 703 Y2= 698 P1= 829 P2= 242 T1=  22 T2=  22  P= 574  D=  -1 * 24
 X= 236 X2= 239  Y= 703 Y2= 699 P1= 828 P2= 242 T1=  22 T2=  21  P= 573  D=  -1 * 24
 X= 235 X2= 238  Y= 703 Y2= 699 P1= 829 P2= 243 T1=  21 T2=  21  P= 568  D=  -1 * 24
 X= 237 X2= 238  Y= 704 Y2= 699 P1= 828 P2= 242 T1=  23 T2=  22  P= 573  D=  -1 * 24
 X= 237 X2= 238  Y= 703 Y2= 698 P1= 828 P2= 243 T1=  23 T2=  22  P= 570  D=  -1 * 24
 X= 237 X2= 239  Y= 702 Y2= 706 P1= 828 P2= 242 T1=  22 T2=  22  P= 576  D=  -1 * 24
 X= 237 X2= 239  Y= 703 Y2= 698 P1= 828 P2= 242 T1=  22 T2=  22  P= 576  D=  -1 * 24
 X= 239 X2= 239  Y= 703 Y2= 699 P1= 828 P2= 243 T1=  24 T2=  24  P= 575  D=  -1 * 24
 X= 237 X2= 239  Y= 700 Y2= 699 P1= 827 P2= 243 T1=  21 T2=  22  P= 571  D=  -1 * 24
 X= 237 X2= 239  Y= 703 Y2= 700 P1= 829 P2= 242 T1=  22 T2=  21  P= 577  D=  -1 * 24
 X= 237 X2= 239  Y= 703 Y2= 698 P1= 830 P2= 240 T1=  21 T2=  22  P= 585  D=  -1 * 24
 X= 237 X2= 239  Y= 701 Y2= 699 P1= 829 P2= 242 T1=  21 T2=  21  P= 577  D=  -1 * 24
 X= 237 X2= 239  Y= 703 Y2= 698 P1= 831 P2= 238 T1=  23 T2=  22  P= 592  D=  -1 * 24
 X= 917 X2=1023  Y= 967 Y2=1018 P1=1023 P2=   0 T1=1022 T2= 886  P= 592  D=  -1 
 X= 981 X2=1006  Y= 960 Y2=1020 P1=1023 P2=   0 T1=1018 T2= 918  P= 592  D=  -1 
 X= 938 X2=1013  Y= 958 Y2=1023 P1=1023 P2=   0 T1=1019 T2= 905  P= 592  D=  -1 
Target Noise  x= 2.50 y= 2.50
X[0]: Target= 23   238/ 239/ 239 Stdev= 0.48 N= 24  Y[0]: Target= 22   321/ 322/ 323 Stdev= 0.28 N= 24
X[1]: Target=456   811/ 813/ 814 Stdev= 0.56 N= 24  Y[1]: Target= 22   326/ 328/ 329 Stdev= 0.61 N= 24
X[2]: Target=456   807/ 808/ 810 Stdev= 0.88 N= 24  Y[2]: Target=249   708/ 710/ 710 Stdev= 0.63 N= 24
X[3]: Target= 23   236/ 237/ 239 Stdev= 0.80 N= 24  Y[3]: Target=249   700/ 701/ 702 Stdev= 0.48 N= 24
N=24 Avg=21
min: 20 21 21 21 21 21 
max: 23 23 23 22 22 22 
N=24 Avg=14
min: 13 14 14 14 14 14 
max: 15 15 15 14 14 14 
N=24 Avg=14
min: 12 14 14 14 14 14 
max: 16 15 15 15 15 15 
N=24 Avg=21
min: 21 21 21 21 21 21 
max: 23 23 23 23 22 22 
Using TNT center offset = 18
TNT Plane Coef: a= -859 b=   81 c= 424961
At  238, 322: Real=  22 Fit=  22 Offset=   4
At  812, 327: Real=  14 Fit=  15 Offset=  -3
At  808, 709: Real=  15 Fit=  16 Offset=  -2
At  237, 700: Real=  22 Fit=  22 Offset=   4
Fit Corners: 25, 12, 13, 25  Center: 18
Setting for min_tnt_up:   521
Setting for max_tnt_down: 23 (V2:34)
Entering calib_pressure_mfg
Using default pressure curve
468 471 487 495 509 524 553 575 612 
Summary:
Setting for max_tnt_down:      23
3.7 setting for max_tnt_down:     -1
Setting for min_tnt_up:       521
Setting for max_delta_tnt:      5
3.8 setting for max_delta_tnt:     -1
Setting for delay_in_us:        1
Setting for y_delay_in_us:      1
Setting for tnt_delay_in_us:    1
Setting for pressure_curve:  468 471 487 495 509 524 553 575 612
Setting for tnt_mode:           1
Setting for averaging:         -1
Setting for pointercal:      49436 130 -10300622 -342 39355 -11149046 65536
Setting for tnt_plane:       -859 81 424961
