new-calib: New touch screen calibration program v3.12
Serial Number='15051E00010B0602005B'
Using tnt_mode=1
Setting for delay_in_us:        1
Setting for y_delay_in_us:      1
Setting for tnt_delay_in_us:    1
Setting for max_delta_tnt:      5
Setting for tnt_mode:           1
Setting for averaging:         -1
Entering get_four_points
target_noise  x= 2.50 y= 2.50 t= 2.50
target state=0 point=23,22
 X= 832 X2=1022  Y= 964 Y2=1023 P1=  -1 P2=  -1 T1=1018 T2= 941  P=  -1  D=  -1 
 X= 869 X2=1023  Y=1017 Y2=1019 P1=1023 P2=  -1 T1=1020 T2= 936  P=  -1  D=  -1 
 X= 954 X2= 994  Y= 984 Y2=1020 P1=1023 P2=  -1 T1=1019 T2= 905  P=  -1  D=  -1 
 X=1014 X2= 995  Y= 990 Y2=1019 P1=1022 P2=  -1 T1=1019 T2= 900  P=  -1  D=  -1 
 X= 992 X2=1013  Y= 970 Y2=1023 P1=1023 P2=  -1 T1=1023 T2= 922  P=  -1  D=  -1 
 X= 884 X2=1021  Y= 991 Y2=1019 P1=1022 P2=  -1 T1=1023 T2= 920  P=  -1  D=  -1 
 X= 891 X2=1023  Y= 987 Y2=1023 P1=1022 P2=  -1 T1=1023 T2= 938  P=  -1  D=  -1 
 X= 897 X2=1018  Y= 989 Y2=1018 P1=1023 P2=  -1 T1=1019 T2= 917  P=  -1  D=  -1 
 X= 958 X2=1023  Y= 981 Y2=1018 P1=1022 P2=  -1 T1=1018 T2= 929  P=  -1  D=  -1 
 X=1021 X2=1009  Y= 987 Y2=1023 P1=1022 P2=  -1 T1=1019 T2= 941  P=  -1  D=  -1 
 X=1003 X2=1005  Y= 977 Y2=1023 P1=1022 P2=  -1 T1=1019 T2= 930  P=  -1  D=  -1 
 X= 945 X2=1019  Y= 989 Y2=1023 P1=1022 P2=  -1 T1=1023 T2= 920  P=  -1  D=  -1 
 X= 970 X2=1023  Y= 986 Y2=1018 P1=1023 P2=  -1 T1=1016 T2= 935  P=  -1  D=  -1 
 X= 969 X2=1022  Y= 982 Y2=1015 P1=1022 P2=  -1 T1=1023 T2= 935  P=  -1  D=  -1 
 X= 824 X2=1023  Y= 990 Y2=1023 P1=1023 P2=  -1 T1=1023 T2= 909  P=  -1  D=  -1 
 X= 887 X2=1023  Y= 986 Y2=1023 P1=1022 P2=  -1 T1=1019 T2= 931  P=  -1  D=  -1 
 X=1002 X2=1008  Y= 985 Y2=1023 P1=1022 P2=  -1 T1=1018 T2= 929  P=  -1  D=  -1 
 X= 865 X2=1014  Y= 994 Y2=1023 P1=1023 P2=  -1 T1=1023 T2= 935  P=  -1  D=  -1 
 X=1022 X2=1019  Y= 981 Y2=1017 P1=1021 P2=  -1 T1=1019 T2= 943  P=  -1  D=  -1 
 X=1023 X2=1007  Y= 994 Y2=1023 P1=1023 P2=  -1 T1=1020 T2= 930  P=  -1  D=  -1 
 X= 980 X2=1008  Y= 989 Y2=1018 P1=1022 P2=  -1 T1=1019 T2= 931  P=  -1  D=  -1 
 X= 938 X2=1005  Y= 981 Y2=1022 P1=1022 P2=  -1 T1=1019 T2= 932  P=  -1  D=  -1 
 X= 935 X2=1022  Y= 986 Y2=1019 P1=1022 P2=  -1 T1=1023 T2= 936  P=  -1  D=  -1 
 X= 953 X2=1023  Y= 987 Y2=1019 P1=1023 P2=  -1 T1=1023 T2= 924  P=  -1  D=  -1 
 X= 837 X2=1023  Y= 984 Y2=1018 P1=1022 P2=  -1 T1=1019 T2= 935  P=  -1  D=  -1 
 X= 867 X2=1016  Y= 985 Y2=1023 P1=1023 P2=  -1 T1=1023 T2= 922  P=  -1  D=  -1 
 X= 867 X2=1018  Y= 983 Y2=1019 P1=1023 P2=  -1 T1=1020 T2= 929  P=  -1  D=  -1 
 X=1005 X2=1023  Y= 982 Y2=1023 P1=1021 P2=  -1 T1=1022 T2= 922  P=  -1  D=  -1 
 X= 975 X2=1013  Y= 995 Y2=1019 P1=1022 P2=  -1 T1=1018 T2= 935  P=  -1  D=  -1 
 X=1000 X2=1013  Y= 982 Y2=1023 P1=1022 P2=  -1 T1=1023 T2= 930  P=  -1  D=  -1 
 X= 971 X2=1023  Y= 989 Y2=1022 P1=1022 P2=  -1 T1=1019 T2= 920  P=  -1  D=  -1 
 X= 923 X2=1020  Y= 989 Y2=1023 P1=1022 P2=  -1 T1=1018 T2= 928  P=  -1  D=  -1 
 X= 841 X2=1023  Y= 984 Y2=1023 P1=1023 P2=  -1 T1=1019 T2= 940  P=  -1  D=  -1 
 X= 814 X2=1023  Y= 981 Y2=1018 P1=1023 P2=  -1 T1=1022 T2= 922  P=  -1  D=  -1 
 X= 931 X2=1023  Y= 977 Y2=1023 P1=1023 P2=  -1 T1=1023 T2= 930  P=  -1  D=  -1 
 X= 994 X2=1013  Y= 985 Y2=1023 P1=1020 P2=  -1 T1=1023 T2= 939  P=  -1  D=  -1 
 X= 968 X2=1014  Y= 994 Y2=1018 P1=1023 P2=  -1 T1=1023 T2= 928  P=  -1  D=  -1 
 X= 969 X2= 994  Y= 974 Y2=1017 P1=1022 P2=  -1 T1=1019 T2= 927  P=  -1  D=  -1 
 X=1023 X2= 998  Y= 978 Y2=1023 P1=1022 P2=  -1 T1=1023 T2= 934  P=  -1  D=  -1 
 X= 915 X2=1023  Y= 981 Y2=1010 P1=1023 P2=  -1 T1=1019 T2= 902  P=  -1  D=  -1 
 X=1013 X2=1014  Y=1022 Y2=1019 P1=1022 P2=  -1 T1=1018 T2=1019  P=  -1  D=  -1 
 X= 899 X2=1017  Y= 984 Y2=1021 P1=1023 P2=  -1 T1=1019 T2= 932  P=  -1  D=  -1 
 X= 823 X2=1023  Y= 991 Y2=1019 P1=1023 P2=  -1 T1=1019 T2= 929  P=  -1  D=  -1 
 X= 886 X2=1023  Y= 987 Y2=1019 P1=1022 P2=  -1 T1=1019 T2= 944  P=  -1  D=  -1 
 X=1022 X2=1015  Y= 993 Y2=1023 P1=1022 P2=  -1 T1=1018 T2= 921  P=  -1  D=  -1 
 X= 990 X2=1014  Y= 967 Y2=1023 P1=1023 P2=  -1 T1=1020 T2= 924  P=  -1  D=  -1 
 X= 990 X2=1014  Y= 994 Y2=1023 P1=1023 P2=  -1 T1=1020 T2= 928  P=  -1  D=  -1 
 X=1023 X2=1008  Y= 985 Y2=1019 P1=1023 P2=  -1 T1=1023 T2= 943  P=  -1  D=  -1 
 X=1023 X2=1021  Y= 983 Y2=1023 P1=1023 P2=  -1 T1=1019 T2= 946  P=  -1  D=  -1 
 X= 900 X2=1023  Y= 997 Y2=1018 P1=1023 P2=  -1 T1=1022 T2= 942  P=  -1  D=  -1 
 X= 943 X2=1021  Y= 990 Y2=1023 P1=1023 P2=  -1 T1=1019 T2= 939  P=  -1  D=  -1 
 X= 885 X2=1016  Y= 990 Y2=1018 P1=1023 P2=  -1 T1=1020 T2= 935  P=  -1  D=  -1 
 X= 946 X2=1020  Y= 974 Y2=1023 P1=1022 P2=  -1 T1=1023 T2= 898  P=  -1  D=  -1 
 X= 992 X2=1017  Y= 983 Y2=1018 P1=1022 P2=  -1 T1=1022 T2= 943  P=  -1  D=  -1 
 X= 997 X2=1008  Y= 992 Y2=1023 P1=1023 P2=  -1 T1=1023 T2= 931  P=  -1  D=  -1 
 X= 934 X2=1017  Y= 993 Y2=1018 P1=1023 P2=  -1 T1=1021 T2= 917  P=  -1  D=  -1 
 X= 971 X2=1020  Y= 990 Y2=1023 P1=1023 P2=  -1 T1=1023 T2= 916  P=  -1  D=  -1 
 X= 967 X2=1002  Y= 977 Y2=1023 P1=1023 P2=  -1 T1=1022 T2= 930  P=  -1  D=  -1 
 X=1017 X2= 996  Y= 986 Y2=1023 P1=1023 P2=  -1 T1=1019 T2= 927  P=  -1  D=  -1 
 X= 934 X2=1020  Y= 988 Y2=1019 P1=1023 P2=  -1 T1=1022 T2= 932  P=  -1  D=  -1 
 X= 943 X2=1023  Y= 984 Y2=1023 P1=1022 P2=  -1 T1=1023 T2= 930  P=  -1  D=  -1 
 X= 884 X2=1021  Y= 990 Y2=1023 P1=1022 P2=  -1 T1=1023 T2= 920  P=  -1  D=  -1 
 X=1023 X2=1006  Y= 986 Y2=1018 P1=1022 P2=  -1 T1=1021 T2= 948  P=  -1  D=  -1 
 X=1019 X2=1014  Y= 987 Y2=1019 P1=1023 P2=  -1 T1=1022 T2= 929  P=  -1  D=  -1 
 X= 978 X2=1018  Y= 979 Y2=1017 P1=1022 P2=  -1 T1=1019 T2= 932  P=  -1  D=  -1 
 X= 966 X2=1020  Y= 966 Y2=1023 P1=1023 P2=  -1 T1=1022 T2= 927  P=  -1  D=  -1 
 X= 969 X2= 993  Y= 981 Y2=1018 P1=1022 P2=  -1 T1=1023 T2= 918  P=  -1  D=  -1 
 X= 942 X2=1023  Y= 985 Y2=1022 P1=1022 P2=  -1 T1=1020 T2= 944  P=  -1  D=  -1 
 X= 900 X2=1023  Y= 991 Y2=1023 P1=1023 P2=  -1 T1=1023 T2= 944  P=  -1  D=  -1 
 X= 987 X2=1011  Y= 970 Y2=1021 P1=1022 P2=  -1 T1=1019 T2= 929  P=  -1  D=  -1 
 X= 867 X2=1016  Y= 991 Y2=1018 P1=1022 P2=  -1 T1=1018 T2= 929  P=  -1  D=  -1 
 X= 891 X2=1016  Y= 980 Y2=1022 P1=1021 P2=  -1 T1=1023 T2= 940  P=  -1  D=  -1 
 X= 940 X2= 998  Y= 987 Y2=1023 P1=1021 P2=  -1 T1=1023 T2= 933  P=  -1  D=  -1 
 X=1018 X2=1000  Y= 987 Y2=1019 P1=1023 P2=  -1 T1=1020 T2= 915  P=  -1  D=  -1 
 X= 958 X2=1023  Y= 988 Y2=1019 P1=1022 P2=  -1 T1=1020 T2= 944  P=  -1  D=  -1 
 X= 937 X2=1023  Y= 993 Y2=1017 P1=1022 P2=  -1 T1=1022 T2= 918  P=  -1  D=  -1 
 X= 936 X2=1023  Y= 988 Y2=1023 P1=1023 P2=  -1 T1=1019 T2= 931  P=  -1  D=  -1 
 X= 925 X2=1021  Y=1006 Y2=1023 P1=1023 P2=  -1 T1=1022 T2= 936  P=  -1  D=  -1 
 X= 924 X2=1023  Y= 978 Y2=1019 P1=1023 P2=  -1 T1=1018 T2= 935  P=  -1  D=  -1 
 X= 992 X2=1011  Y= 990 Y2=1023 P1=1022 P2=  -1 T1=1023 T2= 926  P=  -1  D=  -1 
 X=1007 X2=1020  Y= 985 Y2=1018 P1=1022 P2=  -1 T1=1023 T2= 920  P=  -1  D=  -1 
 X=1006 X2=1013  Y= 988 Y2=1019 P1=1023 P2=  -1 T1=1023 T2= 942  P=  -1  D=  -1 
 X=1004 X2=1004  Y= 986 Y2=1019 P1=1023 P2=  -1 T1=1023 T2= 931  P=  -1  D=  -1 
 X= 946 X2=1019  Y= 985 Y2=1023 P1=1021 P2=  -1 T1=1023 T2= 946  P=  -1  D=  -1 
 X= 934 X2=1023  Y= 982 Y2=1023 P1=1022 P2=  -1 T1=1023 T2= 931  P=  -1  D=  -1 
 X= 933 X2=1023  Y= 989 Y2=1023 P1=1023 P2=  -1 T1=1023 T2= 925  P=  -1  D=  -1 
 X= 940 X2=1023  Y= 985 Y2=1023 P1=1022 P2=  -1 T1=1023 T2= 918  P=  -1  D=  -1 
 X= 820 X2=1021  Y= 984 Y2=1023 P1=1023 P2=  -1 T1=1019 T2= 922  P=  -1  D=  -1 
 X= 983 X2=1011  Y= 981 Y2=1023 P1=1023 P2=  -1 T1=1023 T2= 921  P=  -1  D=  -1 
 X= 880 X2=1018  Y= 990 Y2=1018 P1=1022 P2=  -1 T1=1023 T2= 944  P=  -1  D=  -1 
 X= 953 X2=1023  Y= 983 Y2=1018 P1=1022 P2=  -1 T1=1018 T2= 919  P=  -1  D=  -1 
 X= 930 X2=1022  Y= 983 Y2=1018 P1=1022 P2=  -1 T1=1020 T2= 927  P=  -1  D=  -1 
 X=1023 X2=1006  Y= 980 Y2=1019 P1=1023 P2=  -1 T1=1023 T2= 932  P=  -1  D=  -1 
 X= 892 X2=1023  Y= 992 Y2=1023 P1=1023 P2=  -1 T1=1019 T2= 941  P=  -1  D=  -1 
 X= 919 X2=1023  Y= 985 Y2=1017 P1=1023 P2=  -1 T1=1020 T2= 913  P=  -1  D=  -1 
 X= 950 X2=1023  Y= 990 Y2=1023 P1=1023 P2=  -1 T1=1020 T2= 935  P=  -1  D=  -1 
 X= 837 X2=1023  Y= 981 Y2=1018 P1=1023 P2=  -1 T1=1023 T2= 928  P=  -1  D=  -1 
 X= 973 X2=1013  Y= 993 Y2=1022 P1=1023 P2=  -1 T1=1023 T2= 938  P=  -1  D=  -1 
 X= 977 X2=1008  Y= 988 Y2=1018 P1=1022 P2=  -1 T1=1023 T2= 938  P=  -1  D=  -1 
 X= 969 X2=1015  Y= 987 Y2=1018 P1=1023 P2=  -1 T1=1023 T2= 930  P=  -1  D=  -1 
 X= 958 X2=1020  Y= 991 Y2=1023 P1=1022 P2=  -1 T1=1023 T2= 928  P=  -1  D=  -1 
 X= 945 X2= 996  Y= 988 Y2=1018 P1=1023 P2=  -1 T1=1019 T2= 929  P=  -1  D=  -1 
 X= 959 X2=1015  Y= 996 Y2=1023 P1=1023 P2=  -1 T1=1019 T2= 925  P=  -1  D=  -1 
 X= 937 X2=1021  Y= 993 Y2=1023 P1=1023 P2=  -1 T1=1023 T2= 947  P=  -1  D=  -1 
 X= 986 X2=1018  Y= 991 Y2=1018 P1=1022 P2=  -1 T1=1019 T2= 931  P=  -1  D=  -1 
 X= 959 X2=1023  Y= 986 Y2=1023 P1=1022 P2=  -1 T1=1023 T2= 924  P=  -1  D=  -1 
 X= 829 X2=1023  Y= 981 Y2=1023 P1=1022 P2=  -1 T1=1022 T2= 931  P=  -1  D=  -1 
 X=1023 X2=1008  Y= 977 Y2=1018 P1=1023 P2=  -1 T1=1020 T2= 926  P=  -1  D=  -1 
 X= 985 X2=1013  Y= 994 Y2=1023 P1=1023 P2=  -1 T1=1023 T2= 936  P=  -1  D=  -1 
 X= 944 X2= 991  Y= 991 Y2=1018 P1=1023 P2=  -1 T1=1018 T2= 920  P=  -1  D=  -1 
 X= 972 X2=1019  Y= 984 Y2=1019 P1=1023 P2=  -1 T1=1023 T2= 919  P=  -1  D=  -1 
 X= 951 X2=1021  Y= 989 Y2=1019 P1=1022 P2=  -1 T1=1023 T2= 918  P=  -1  D=  -1 
 X= 929 X2=1023  Y= 982 Y2=1022 P1=1023 P2=  -1 T1=1023 T2= 937  P=  -1  D=  -1 
 X= 906 X2=1021  Y= 985 Y2=1018 P1=1023 P2=  -1 T1=1018 T2= 917  P=  -1  D=  -1 
 X= 994 X2=1013  Y= 989 Y2=1019 P1=1022 P2=  -1 T1=1018 T2= 924  P=  -1  D=  -1 
 X= 956 X2=1023  Y= 978 Y2=1018 P1=1023 P2=  -1 T1=1023 T2= 921  P=  -1  D=  -1 
 X=1023 X2=1018  Y= 982 Y2=1021 P1=1023 P2=  -1 T1=1019 T2= 926  P=  -1  D=  -1 
 X=1021 X2= 993  Y= 990 Y2=1018 P1=1023 P2=  -1 T1=1021 T2= 921  P=  -1  D=  -1 
 X= 926 X2=1023  Y= 990 Y2=1022 P1=1022 P2=  -1 T1=1019 T2= 929  P=  -1  D=  -1 
 X= 944 X2=1020  Y= 980 Y2=1019 P1=1023 P2=  -1 T1=1020 T2= 914  P=  -1  D=  -1 
 X= 929 X2=1020  Y= 988 Y2=1018 P1=1019 P2=  -1 T1=1023 T2= 932  P=  -1  D=  -1 
 X= 877 X2=1023  Y= 997 Y2=1023 P1=1023 P2=  -1 T1=1019 T2= 940  P=  -1  D=  -1 
 X= 965 X2=1020  Y= 977 Y2=1022 P1=1022 P2=  -1 T1=1019 T2= 939  P=  -1  D=  -1 
 X= 929 X2=1018  Y= 984 Y2=1018 P1=1022 P2=  -1 T1=1019 T2= 915  P=  -1  D=  -1 
 X= 927 X2=1020  Y= 564 Y2= 353 P1= 737 P2= 172 T1=1020 T2=  24  P=  -1  D=  -1 
 X= 232 X2= 231  Y= 330 Y2= 323 P1= 685 P2= 191 T1=  24 T2=  24  P= 597  D=  -1 * 0
 X= 234 X2= 231  Y= 332 Y2= 324 P1= 695 P2= 185 T1=  24 T2=  23  P= 639  D=  -1 * 0
 X= 233 X2= 231  Y= 329 Y2= 323 P1= 685 P2= 191 T1=  23 T2=  25  P= 599  D=  -1 * 0
 X= 232 X2= 230  Y= 330 Y2= 324 P1= 682 P2= 191 T1=  23 T2=  23  P= 593  D=  -1 * 0
 X= 234 X2= 230  Y= 330 Y2= 323 P1= 680 P2= 193 T1=  23 T2=  23  P= 585  D=  -1 * 1
 X= 233 X2= 229  Y= 330 Y2= 323 P1= 681 P2= 193 T1=  23 T2=  23  P= 583  D=  -1 * 2
 X= 233 X2= 230  Y= 330 Y2= 323 P1= 680 P2= 193 T1=  22 T2=  22  P= 582  D=  -1 * 3
 X= 232 X2= 232  Y= 330 Y2= 323 P1= 680 P2= 193 T1=  22 T2=  23  P= 585  D=  -1 * 4
 X= 232 X2= 229  Y= 330 Y2= 322 P1= 680 P2= 193 T1=  22 T2=  23  P= 580  D=  -1 * 5
 X= 233 X2= 230  Y= 330 Y2= 323 P1= 679 P2= 193 T1=  22 T2=  23  P= 581  D=  -1 * 6
 X= 232 X2= 226  Y= 330 Y2= 323 P1= 680 P2= 193 T1=  22 T2=  23  P= 577  D=  -1 * 7
 X= 232 X2= 230  Y= 329 Y2= 323 P1= 680 P2= 193 T1=  23 T2=  23  P= 582  D=  -1 * 8
 X= 233 X2= 229  Y= 330 Y2= 323 P1= 679 P2= 193 T1=  22 T2=  22  P= 581  D=  -1 * 9
 X= 233 X2= 229  Y= 330 Y2= 322 P1= 680 P2= 193 T1=  23 T2=  23  P= 582  D=  -1 * 10
 X= 233 X2= 230  Y= 329 Y2= 323 P1= 680 P2= 193 T1=  23 T2=  23  P= 582  D=  -1 * 11
 X= 233 X2= 231  Y= 329 Y2= 323 P1= 680 P2= 193 T1=  22 T2=  22  P= 585  D=  -1 * 12
 X= 233 X2= 230  Y= 330 Y2= 322 P1= 680 P2= 193 T1=  22 T2=  22  P= 582  D=  -1 * 13
 X= 231 X2= 230  Y= 330 Y2= 322 P1= 679 P2= 194 T1=  23 T2=  23  P= 575  D=  -1 * 14
 X= 233 X2= 230  Y= 330 Y2= 323 P1= 679 P2= 193 T1=  22 T2=  23  P= 581  D=  -1 * 15
 X= 232 X2= 230  Y= 329 Y2= 323 P1= 679 P2= 194 T1=  22 T2=  22  P= 577  D=  -1 * 16
 X= 231 X2= 229  Y= 330 Y2= 324 P1= 679 P2= 193 T1=  22 T2=  24  P= 579  D=  -1 * 17
 X= 232 X2= 230  Y= 330 Y2= 323 P1= 679 P2= 193 T1=  22 T2=  22  P= 581  D=  -1 * 18
 X= 231 X2= 229  Y= 329 Y2= 322 P1= 679 P2= 193 T1=  23 T2=  23  P= 579  D=  -1 * 19
 X= 232 X2= 229  Y= 330 Y2= 323 P1= 679 P2= 194 T1=  22 T2=  22  P= 575  D=  -1 * 20
 X= 232 X2= 231  Y= 330 Y2= 323 P1= 679 P2= 194 T1=  23 T2=  23  P= 577  D=  -1 * 21
 X= 231 X2= 230  Y= 331 Y2= 322 P1= 679 P2= 194 T1=  23 T2=  22  P= 575  D=  -1 * 22
 X= 232 X2= 230  Y= 330 Y2= 323 P1= 679 P2= 193 T1=  22 T2=  23  P= 581  D=  -1 * 23
 X= 233 X2= 230  Y= 330 Y2= 323 P1= 679 P2= 194 T1=  23 T2=  25  P= 577  D=  -1 * 24
Remove Pin
 X= 232 X2= 230  Y= 329 Y2= 323 P1= 679 P2= 193 T1=  23 T2=  22  P= 581  D=  -1 * 24
 X= 231 X2= 229  Y= 330 Y2= 323 P1= 679 P2= 194 T1=  22 T2=  22  P= 575  D=  -1 * 24
 X= 233 X2= 229  Y= 330 Y2= 323 P1= 679 P2= 194 T1=  23 T2=  23  P= 577  D=  -1 * 24
 X= 232 X2= 231  Y= 329 Y2= 322 P1= 679 P2= 194 T1=  22 T2=  23  P= 577  D=  -1 * 24
 X= 234 X2= 230  Y= 329 Y2= 322 P1= 679 P2= 193 T1=  23 T2=  22  P= 584  D=  -1 * 24
 X= 232 X2= 229  Y= 328 Y2= 322 P1= 678 P2= 194 T1=  23 T2=  21  P= 573  D=  -1 * 24
 X= 232 X2= 230  Y= 330 Y2= 323 P1= 679 P2= 194 T1=  24 T2=  23  P= 577  D=  -1 * 24
 X= 232 X2= 230  Y= 330 Y2= 324 P1= 679 P2= 193 T1=  23 T2=  23  P= 581  D=  -1 * 24
 X= 232 X2= 229  Y= 330 Y2= 322 P1= 679 P2= 193 T1=  22 T2=  22  P= 579  D=  -1 * 24
 X= 232 X2= 230  Y= 330 Y2= 322 P1= 679 P2= 193 T1=  23 T2=  23  P= 581  D=  -1 * 24
 X= 232 X2= 230  Y= 330 Y2= 323 P1= 678 P2= 194 T1=  22 T2=  22  P= 576  D=  -1 * 24
 X= 233 X2= 230  Y= 329 Y2= 323 P1= 679 P2= 193 T1=  23 T2=  23  P= 581  D=  -1 * 24
 X= 232 X2= 230  Y= 330 Y2= 323 P1= 678 P2= 194 T1=  22 T2=  22  P= 576  D=  -1 * 24
 X= 232 X2= 229  Y= 330 Y2= 323 P1= 679 P2= 193 T1=  22 T2=  23  P= 579  D=  -1 * 24
 X= 232 X2= 229  Y= 330 Y2= 322 P1= 679 P2= 193 T1=  23 T2=  23  P= 579  D=  -1 * 24
 X= 232 X2= 230  Y= 330 Y2= 323 P1= 679 P2= 193 T1=  23 T2=  23  P= 581  D=  -1 * 24
 X= 232 X2= 230  Y= 330 Y2= 323 P1= 679 P2= 193 T1=  23 T2=  22  P= 581  D=  -1 * 24
 X= 232 X2= 229  Y= 329 Y2= 323 P1= 679 P2= 194 T1=  23 T2=  23  P= 575  D=  -1 * 24
 X= 232 X2= 230  Y= 329 Y2= 322 P1= 680 P2= 194 T1=  22 T2=  23  P= 578  D=  -1 * 24
 X= 232 X2= 228  Y= 330 Y2= 322 P1= 679 P2= 193 T1=  23 T2=  22  P= 579  D=  -1 * 24
 X= 232 X2= 229  Y= 330 Y2= 323 P1= 679 P2= 193 T1=  24 T2=  23  P= 579  D=  -1 * 24
 X= 232 X2= 231  Y= 330 Y2= 322 P1= 679 P2= 192 T1=  22 T2=  22  P= 585  D=  -1 * 24
 X= 233 X2= 229  Y= 329 Y2= 323 P1= 679 P2= 193 T1=  22 T2=  23  P= 581  D=  -1 * 24
 X= 953 X2=1004  Y= 974 Y2= 375 P1= 743 P2= 174 T1=1021 T2=  25  P= 581  D=  -1 
 X= 854 X2=1021  Y= 998 Y2=1023 P1=1023 P2=   0 T1=1022 T2= 931  P= 581  D=  -1 
 X= 959 X2=1023  Y= 983 Y2=1018 P1=1023 P2=   0 T1=1018 T2= 941  P= 581  D=  -1 
target state=1 point=456,22
 X= 885 X2=1016  Y= 987 Y2=1018 P1=1023 P2=   0 T1=1022 T2= 930  P= 581  D=  -1 
 X=1007 X2= 993  Y= 992 Y2=1019 P1=1022 P2=   0 T1=1019 T2= 921  P= 581  D=  -1 
 X= 934 X2=1023  Y= 996 Y2=1019 P1=1023 P2=   0 T1=1018 T2= 938  P= 581  D=  -1 
 X=1023 X2=1018  Y= 989 Y2=1015 P1=1022 P2=   0 T1=1018 T2= 929  P= 581  D=  -1 
 X= 847 X2=1023  Y= 980 Y2=1018 P1=1022 P2=   0 T1=1022 T2= 923  P= 581  D=  -1 
 X= 822 X2=1023  Y= 984 Y2=1023 P1=1023 P2=   0 T1=1023 T2= 931  P= 581  D=  -1 
 X= 924 X2=1023  Y= 989 Y2=1018 P1=1022 P2=   0 T1=1023 T2= 927  P= 581  D=  -1 
 X= 897 X2=1016  Y= 991 Y2=1022 P1=1023 P2=   0 T1=1023 T2= 962  P= 581  D=  -1 
 X= 868 X2=1019  Y= 991 Y2=1018 P1=1022 P2=   0 T1=1018 T2= 920  P= 581  D=  -1 
 X= 947 X2=1020  Y= 980 Y2=1018 P1=1023 P2=   0 T1=1019 T2= 919  P= 581  D=  -1 
 X= 932 X2=1001  Y= 985 Y2=1022 P1=1023 P2=   0 T1=1019 T2= 924  P= 581  D=  -1 
 X= 920 X2=1023  Y= 985 Y2=1019 P1=1022 P2=   0 T1=1023 T2= 909  P= 581  D=  -1 
 X= 904 X2=1023  Y= 986 Y2=1023 P1=1023 P2=   0 T1=1023 T2= 925  P= 581  D=  -1 
 X= 924 X2=1019  Y= 991 Y2=1023 P1=1023 P2=   0 T1=1018 T2= 927  P= 581  D=  -1 
 X= 829 X2=1023  Y= 987 Y2=1023 P1=1022 P2=   0 T1=1022 T2= 913  P= 581  D=  -1 
 X= 924 X2=1020  Y= 977 Y2=1018 P1=1022 P2=   0 T1=1023 T2= 933  P= 581  D=  -1 
 X= 846 X2=1023  Y= 993 Y2=1018 P1=1023 P2=   0 T1=1023 T2= 921  P= 581  D=  -1 
 X= 985 X2=1012  Y= 985 Y2=1023 P1=1022 P2=   0 T1=1019 T2= 910  P= 581  D=  -1 
 X= 934 X2=1022  Y= 988 Y2=1019 P1=1022 P2=   0 T1=1019 T2= 924  P= 581  D=  -1 
 X= 932 X2=1019  Y= 984 Y2=1023 P1=1022 P2=   0 T1=1022 T2= 913  P= 581  D=  -1 
 X= 943 X2=1004  Y= 979 Y2=1023 P1=1022 P2=   0 T1=1019 T2= 877  P= 581  D=  -1 
 X= 899 X2=1023  Y= 980 Y2=1023 P1=1023 P2=   0 T1=1023 T2= 934  P= 581  D=  -1 
 X= 882 X2=1023  Y= 985 Y2=1019 P1=1023 P2=   0 T1=1019 T2= 927  P= 581  D=  -1 
 X= 841 X2=1023  Y= 982 Y2=1019 P1=1022 P2=   0 T1=1020 T2= 932  P= 581  D=  -1 
 X= 827 X2=1023  Y= 977 Y2=1018 P1=1022 P2=   0 T1=1019 T2= 917  P= 581  D=  -1 
 X=1023 X2=1005  Y= 989 Y2=1023 P1=1023 P2=   0 T1=1021 T2= 924  P= 581  D=  -1 
 X= 984 X2=1004  Y= 986 Y2=1023 P1=1022 P2=   0 T1=1018 T2= 911  P= 581  D=  -1 
 X= 990 X2=1014  Y= 986 Y2=1018 P1=1022 P2=   0 T1=1023 T2= 931  P= 581  D=  -1 
 X= 953 X2=1003  Y= 986 Y2=1019 P1=1022 P2=   0 T1=1019 T2= 946  P= 581  D=  -1 
 X= 939 X2=1021  Y= 984 Y2=1023 P1=1023 P2=   0 T1=1018 T2= 932  P= 581  D=  -1 
 X= 936 X2=1023  Y= 968 Y2=1023 P1=1022 P2=   0 T1=1023 T2= 918  P= 581  D=  -1 
 X= 910 X2=1023  Y= 982 Y2=1017 P1=1022 P2=   0 T1=1023 T2= 929  P= 581  D=  -1 
 X=1014 X2=1009  Y= 991 Y2=1023 P1=1022 P2=   0 T1=1023 T2= 920  P= 581  D=  -1 
 X= 870 X2=1016  Y= 989 Y2=1023 P1=1022 P2=   0 T1=1016 T2= 923  P= 581  D=  -1 
 X= 960 X2=1023  Y= 978 Y2=1023 P1=1022 P2=   0 T1=1019 T2= 925  P= 581  D=  -1 
 X=1023 X2= 997  Y= 986 Y2=1019 P1=1022 P2=   0 T1=1023 T2= 925  P= 581  D=  -1 
 X= 981 X2=1011  Y= 989 Y2=1023 P1=1021 P2=   0 T1=1019 T2= 928  P= 581  D=  -1 
 X= 939 X2=1023  Y= 966 Y2=1023 P1=1023 P2=   0 T1=1019 T2= 931  P= 581  D=  -1 
 X= 960 X2=1018  Y= 986 Y2=1023 P1=1023 P2=   0 T1=1023 T2= 925  P= 581  D=  -1 
 X= 880 X2=1020  Y= 988 Y2=1022 P1=1022 P2=   0 T1=1023 T2= 927  P= 581  D=  -1 
 X= 811 X2=1021  Y= 984 Y2=1018 P1=1023 P2=   0 T1=1019 T2= 938  P= 581  D=  -1 
 X= 841 X2=1021  Y= 988 Y2=1019 P1=1022 P2=   0 T1=1019 T2= 947  P= 581  D=  -1 
 X= 967 X2=1023  Y= 990 Y2=1023 P1=1022 P2=   0 T1=1019 T2= 933  P= 581  D=  -1 
 X= 873 X2=1023  Y= 992 Y2=1016 P1=1022 P2=   0 T1=1019 T2= 943  P= 581  D=  -1 
 X=1017 X2= 992  Y= 993 Y2=1017 P1=1023 P2=   0 T1=1021 T2= 932  P= 581  D=  -1 
 X=1023 X2=1012  Y= 986 Y2=1023 P1=1022 P2=   0 T1=1019 T2= 934  P= 581  D=  -1 
 X= 893 X2=1023  Y= 974 Y2=1017 P1=1022 P2=   0 T1=1023 T2= 942  P= 581  D=  -1 
 X= 968 X2=1020  Y= 991 Y2=1017 P1=1022 P2=   0 T1=1021 T2= 941  P= 581  D=  -1 
 X= 992 X2=1021  Y= 977 Y2=1023 P1=1022 P2=   0 T1=1023 T2= 911  P= 581  D=  -1 
 X= 926 X2=1023  Y= 991 Y2=1004 P1=1023 P2=   0 T1=1023 T2= 919  P= 581  D=  -1 
 X= 971 X2=1017  Y= 986 Y2=1017 P1=1023 P2=   0 T1=1023 T2= 937  P= 581  D=  -1 
 X= 947 X2=1023  Y= 974 Y2=1022 P1=1022 P2=   0 T1=1023 T2= 922  P= 581  D=  -1 
 X= 929 X2=1023  Y= 985 Y2=1023 P1=1022 P2=   0 T1=1018 T2= 939  P= 581  D=  -1 
 X= 940 X2=1008  Y= 987 Y2=1023 P1=1023 P2=   0 T1=1023 T2= 932  P= 581  D=  -1 
 X=1023 X2= 980  Y= 983 Y2=1023 P1=1022 P2=   0 T1=1019 T2= 935  P= 581  D=  -1 
 X=1022 X2=1011  Y= 989 Y2=1018 P1=1022 P2=   0 T1=1019 T2= 933  P= 581  D=  -1 
 X= 933 X2= 993  Y= 983 Y2=1023 P1=1022 P2=   0 T1=1018 T2= 929  P= 581  D=  -1 
 X= 932 X2=1020  Y= 997 Y2=1023 P1=1022 P2=   0 T1=1018 T2= 926  P= 581  D=  -1 
 X= 922 X2=1017  Y= 990 Y2=1023 P1=1022 P2=   0 T1=1019 T2= 921  P= 581  D=  -1 
 X= 942 X2=1021  Y= 991 Y2=1019 P1=1023 P2=   0 T1=1023 T2= 929  P= 581  D=  -1 
 X=1023 X2=1019  Y= 987 Y2=1018 P1=1023 P2=   0 T1=1019 T2= 924  P= 581  D=  -1 
 X= 990 X2=1013  Y= 983 Y2=1023 P1=1022 P2=   0 T1=1019 T2= 920  P= 581  D=  -1 
 X= 810 X2= 809  Y= 326 Y2= 332 P1= 803 P2= 466 T1=  16 T2=  17  P= 584  D=  -1 * 0
 X= 810 X2= 809  Y= 325 Y2= 331 P1= 800 P2= 475 T1=  17 T2=  15  P= 553  D=  -1 * 0
 X= 810 X2= 810  Y= 323 Y2= 330 P1= 799 P2= 474 T1=  15 T2=  16  P= 554  D=  -1 * 0
 X= 808 X2= 809  Y= 323 Y2= 330 P1= 799 P2= 475 T1=  15 T2=  16  P= 551  D=  -1 * 0
 X= 812 X2= 811  Y= 323 Y2= 330 P1= 799 P2= 475 T1=  15 T2=  16  P= 553  D=  -1 * 1
 X= 809 X2= 810  Y= 323 Y2= 334 P1= 799 P2= 475 T1=  16 T2=  16  P= 551  D=  -1 * 2
 X= 810 X2= 809  Y= 323 Y2= 329 P1= 799 P2= 475 T1=  16 T2=  15  P= 551  D=  -1 * 3
 X= 809 X2= 811  Y= 323 Y2= 330 P1= 799 P2= 475 T1=  15 T2=  16  P= 552  D=  -1 * 4
 X= 809 X2= 809  Y= 323 Y2= 330 P1= 798 P2= 475 T1=  16 T2=  15  P= 550  D=  -1 * 5
 X= 809 X2= 808  Y= 323 Y2= 330 P1= 799 P2= 475 T1=  15 T2=  16  P= 551  D=  -1 * 6
 X= 809 X2= 809  Y= 323 Y2= 330 P1= 798 P2= 476 T1=  16 T2=  15  P= 546  D=  -1 * 7
 X= 809 X2= 809  Y= 323 Y2= 329 P1= 799 P2= 476 T1=  17 T2=  16  P= 548  D=  -1 * 8
 X= 810 X2= 808  Y= 323 Y2= 329 P1= 798 P2= 476 T1=  14 T2=  16  P= 546  D=  -1 * 9
 X= 809 X2= 807  Y= 323 Y2= 330 P1= 799 P2= 476 T1=  15 T2=  16  P= 547  D=  -1 * 10
 X= 809 X2= 809  Y= 323 Y2= 330 P1= 798 P2= 477 T1=  16 T2=  15  P= 543  D=  -1 * 11
 X= 811 X2= 809  Y= 323 Y2= 330 P1= 798 P2= 476 T1=  16 T2=  16  P= 547  D=  -1 * 12
 X= 810 X2= 809  Y= 323 Y2= 330 P1= 798 P2= 476 T1=  15 T2=  16  P= 546  D=  -1 * 13
 X= 809 X2= 807  Y= 322 Y2= 330 P1= 799 P2= 477 T1=  16 T2=  16  P= 545  D=  -1 * 14
 X= 810 X2= 809  Y= 322 Y2= 329 P1= 799 P2= 477 T1=  16 T2=  17  P= 546  D=  -1 * 15
 X= 812 X2= 809  Y= 323 Y2= 331 P1= 798 P2= 476 T1=  16 T2=  15  P= 547  D=  -1 * 16
 X= 809 X2= 808  Y= 323 Y2= 328 P1= 798 P2= 476 T1=  16 T2=  15  P= 546  D=  -1 * 17
 X= 810 X2= 809  Y= 322 Y2= 329 P1= 798 P2= 476 T1=  13 T2=  15  P= 546  D=  -1 * 18
 X= 809 X2= 808  Y= 324 Y2= 329 P1= 799 P2= 477 T1=  16 T2=  15  P= 545  D=  -1 * 19
 X= 811 X2= 809  Y= 322 Y2= 330 P1= 798 P2= 477 T1=  16 T2=  15  P= 544  D=  -1 * 20
 X= 810 X2= 810  Y= 323 Y2= 327 P1= 798 P2= 476 T1=  16 T2=  16  P= 547  D=  -1 * 21
 X= 810 X2= 809  Y= 323 Y2= 330 P1= 797 P2= 477 T1=  14 T2=  16  P= 542  D=  -1 * 22
 X= 809 X2= 807  Y= 323 Y2= 331 P1= 798 P2= 477 T1=  15 T2=  15  P= 542  D=  -1 * 23
 X= 809 X2= 808  Y= 323 Y2= 331 P1= 798 P2= 477 T1=  16 T2=  16  P= 542  D=  -1 * 24
Remove Pin
 X= 809 X2= 809  Y= 324 Y2= 330 P1= 798 P2= 477 T1=  16 T2=  16  P= 543  D=  -1 * 24
 X= 809 X2= 809  Y= 322 Y2= 330 P1= 797 P2= 477 T1=  15 T2=  15  P= 542  D=  -1 * 24
 X= 809 X2= 807  Y= 323 Y2= 330 P1= 798 P2= 477 T1=  16 T2=  16  P= 542  D=  -1 * 24
 X= 810 X2= 809  Y= 323 Y2= 330 P1= 798 P2= 477 T1=  16 T2=  15  P= 543  D=  -1 * 24
 X= 811 X2= 808  Y= 324 Y2= 329 P1= 798 P2= 477 T1=  15 T2=  15  P= 543  D=  -1 * 24
 X= 809 X2= 809  Y= 322 Y2= 329 P1= 798 P2= 477 T1=  15 T2=  16  P= 543  D=  -1 * 24
 X= 809 X2= 810  Y= 322 Y2= 330 P1= 798 P2= 476 T1=  16 T2=  16  P= 546  D=  -1 * 24
 X= 809 X2= 808  Y= 324 Y2= 330 P1= 798 P2= 477 T1=  14 T2=  16  P= 542  D=  -1 * 24
 X= 810 X2= 808  Y= 322 Y2= 332 P1= 798 P2= 477 T1=  16 T2=  16  P= 543  D=  -1 * 24
 X= 808 X2= 808  Y= 323 Y2= 330 P1= 798 P2= 477 T1=  15 T2=  16  P= 542  D=  -1 * 24
 X= 811 X2= 809  Y= 323 Y2= 330 P1= 798 P2= 477 T1=  15 T2=  15  P= 544  D=  -1 * 24
 X= 809 X2= 808  Y= 322 Y2= 330 P1= 798 P2= 477 T1=  16 T2=  16  P= 542  D=  -1 * 24
 X= 809 X2= 809  Y= 323 Y2= 330 P1= 798 P2= 476 T1=  16 T2=  16  P= 546  D=  -1 * 24
 X= 808 X2= 808  Y= 323 Y2= 329 P1= 798 P2= 477 T1=  16 T2=  15  P= 542  D=  -1 * 24
 X= 810 X2= 808  Y= 323 Y2= 329 P1= 798 P2= 477 T1=  16 T2=  15  P= 543  D=  -1 * 24
 X= 806 X2= 808  Y= 323 Y2= 332 P1= 797 P2= 477 T1=  16 T2=  15  P= 540  D=  -1 * 24
 X= 810 X2= 809  Y= 324 Y2= 330 P1= 798 P2= 478 T1=  15 T2=  16  P= 541  D=  -1 * 24
 X= 811 X2= 809  Y= 322 Y2= 329 P1= 797 P2= 479 T1=  15 T2=  15  P= 537  D=  -1 * 24
 X= 999 X2=1000  Y= 988 Y2=1023 P1=1022 P2=   0 T1=1023 T2= 901  P= 537  D=  -1 
 X= 909 X2=1023  Y= 980 Y2=1019 P1=1021 P2=   0 T1=1023 T2= 926  P= 537  D=  -1 
 X= 925 X2=1022  Y= 974 Y2=1017 P1=1023 P2=   0 T1=1019 T2= 913  P= 537  D=  -1 
target state=2 point=456,249
 X= 972 X2=1019  Y= 977 Y2=1017 P1=1022 P2=   0 T1=1023 T2= 920  P= 537  D=  -1 
 X= 926 X2=1023  Y= 982 Y2=1019 P1=1022 P2=   0 T1=1019 T2= 927  P= 537  D=  -1 
 X= 805 X2=1023  Y= 980 Y2=1023 P1=1022 P2=   0 T1=1021 T2= 943  P= 537  D=  -1 
 X=1023 X2=1014  Y= 992 Y2=1019 P1=1022 P2=   0 T1=1018 T2= 926  P= 537  D=  -1 
 X= 866 X2=1023  Y= 984 Y2=1017 P1=1022 P2=   0 T1=1023 T2= 931  P= 537  D=  -1 
 X= 935 X2= 996  Y= 986 Y2=1019 P1=1022 P2=   0 T1=1019 T2= 933  P= 537  D=  -1 
 X= 937 X2=1022  Y= 987 Y2=1023 P1=1023 P2=   0 T1=1018 T2= 919  P= 537  D=  -1 
 X= 891 X2=1023  Y=1005 Y2=1023 P1=1022 P2=   0 T1=1021 T2= 917  P= 537  D=  -1 
 X= 935 X2=1023  Y= 987 Y2=1018 P1=1021 P2=   0 T1=1019 T2= 936  P= 537  D=  -1 
 X= 957 X2=1023  Y= 979 Y2=1018 P1=1023 P2=   0 T1=1021 T2= 936  P= 537  D=  -1 
 X= 928 X2=1016  Y= 992 Y2=1023 P1=1023 P2=   0 T1=1017 T2= 918  P= 537  D=  -1 
 X= 835 X2=1023  Y= 983 Y2=1023 P1=1023 P2=   0 T1=1020 T2= 952  P= 537  D=  -1 
 X= 983 X2=1020  Y= 987 Y2=1016 P1=1023 P2=   0 T1=1019 T2= 922  P= 537  D=  -1 
 X= 995 X2=1003  Y= 980 Y2=1022 P1=1022 P2=   0 T1=1023 T2= 948  P= 537  D=  -1 
 X= 941 X2=1019  Y= 989 Y2=1023 P1=1023 P2=   0 T1=1023 T2= 929  P= 537  D=  -1 
 X=1023 X2=1013  Y= 993 Y2=1023 P1=1023 P2=   0 T1=1023 T2= 925  P= 537  D=  -1 
 X=1023 X2=1014  Y= 969 Y2=1023 P1=1022 P2=   0 T1=1019 T2= 916  P= 537  D=  -1 
 X= 828 X2=1020  Y= 990 Y2=1020 P1=1023 P2=   1 T1=1020 T2= 915  P= 537  D=  -1 
 X= 871 X2=1023  Y= 978 Y2=1018 P1=1022 P2=   0 T1=1020 T2= 916  P= 537  D=  -1 
 X= 994 X2=1014  Y= 981 Y2=1018 P1=1022 P2=   0 T1=1023 T2= 941  P= 537  D=  -1 
 X= 931 X2=1023  Y= 992 Y2=1018 P1=1022 P2=   0 T1=1018 T2= 923  P= 537  D=  -1 
 X=1023 X2=1004  Y= 988 Y2=1023 P1=1022 P2=   0 T1=1019 T2= 933  P= 537  D=  -1 
 X= 984 X2=1014  Y= 978 Y2=1022 P1=1022 P2=   0 T1=1023 T2= 930  P= 537  D=  -1 
 X=1006 X2=1003  Y= 985 Y2=1022 P1=1023 P2=   0 T1=1019 T2= 925  P= 537  D=  -1 
 X= 925 X2=1023  Y= 988 Y2=1018 P1=1023 P2=   0 T1=1019 T2= 929  P= 537  D=  -1 
 X=1023 X2=1004  Y= 984 Y2=1018 P1=1022 P2=   0 T1=1023 T2= 921  P= 537  D=  -1 
 X= 928 X2=1023  Y= 983 Y2=1018 P1=1022 P2=   0 T1=1023 T2= 929  P= 537  D=  -1 
 X= 848 X2=1023  Y= 962 Y2=1023 P1=1022 P2=   0 T1=1019 T2= 933  P= 537  D=  -1 
 X= 990 X2=1006  Y= 991 Y2=1022 P1=1022 P2=   0 T1=1020 T2= 936  P= 537  D=  -1 
 X= 943 X2=1023  Y= 976 Y2=1017 P1=1022 P2=   0 T1=1023 T2= 936  P= 537  D=  -1 
 X= 932 X2=1023  Y= 969 Y2=1023 P1=1023 P2=   0 T1=1023 T2= 924  P= 537  D=  -1 
 X=1023 X2=1012  Y= 989 Y2=1023 P1=1022 P2=   0 T1=1019 T2= 922  P= 537  D=  -1 
 X=1023 X2= 992  Y= 985 Y2=1023 P1=1023 P2=   0 T1=1023 T2= 912  P= 537  D=  -1 
 X= 985 X2=1023  Y= 997 Y2=1023 P1=1023 P2=   0 T1=1023 T2= 946  P= 537  D=  -1 
 X= 944 X2=1005  Y= 978 Y2=1018 P1=1023 P2=   0 T1=1023 T2= 908  P= 537  D=  -1 
 X= 931 X2=1023  Y= 980 Y2=1018 P1=1023 P2=   0 T1=1019 T2= 926  P= 537  D=  -1 
 X= 871 X2=1023  Y= 990 Y2=1018 P1=1022 P2=   0 T1=1022 T2= 926  P= 537  D=  -1 
 X= 951 X2=1016  Y= 994 Y2=1023 P1=1023 P2=   0 T1=1017 T2= 916  P= 537  D=  -1 
 X= 999 X2=1014  Y= 982 Y2=1023 P1=1022 P2=   0 T1=1023 T2= 927  P= 537  D=  -1 
 X= 894 X2=1021  Y= 983 Y2=1022 P1=1022 P2=   0 T1=1019 T2= 947  P= 537  D=  -1 
 X= 914 X2=1023  Y= 988 Y2=1018 P1=1022 P2=   0 T1=1023 T2= 938  P= 537  D=  -1 
 X= 867 X2=1020  Y= 983 Y2=1023 P1=1023 P2=   0 T1=1019 T2= 928  P= 537  D=  -1 
 X= 953 X2=1023  Y= 987 Y2=1023 P1=1022 P2=   0 T1=1023 T2= 912  P= 537  D=  -1 
 X= 927 X2=1007  Y= 989 Y2=1023 P1=1021 P2=   0 T1=1022 T2= 939  P= 537  D=  -1 
 X= 967 X2=1023  Y= 979 Y2=1022 P1=1023 P2=   0 T1=1023 T2= 934  P= 537  D=  -1 
 X= 844 X2=1023  Y= 984 Y2=1023 P1=1022 P2=   0 T1=1018 T2= 919  P= 537  D=  -1 
 X= 893 X2=1023  Y= 983 Y2=1018 P1=1023 P2=   0 T1=1023 T2= 947  P= 537  D=  -1 
 X=1022 X2= 997  Y= 985 Y2=1021 P1=1022 P2=   0 T1=1023 T2= 938  P= 537  D=  -1 
 X= 985 X2=1006  Y= 988 Y2=1020 P1=1022 P2=   0 T1=1023 T2= 936  P= 537  D=  -1 
 X= 930 X2=1021  Y= 983 Y2=1017 P1=1022 P2=   0 T1=1023 T2= 933  P= 537  D=  -1 
 X=1017 X2=1003  Y= 980 Y2=1023 P1=1022 P2=   0 T1=1019 T2= 927  P= 537  D=  -1 
 X=1023 X2=1012  Y= 987 Y2=1023 P1=1022 P2=   0 T1=1019 T2= 907  P= 537  D=  -1 
 X= 833 X2=1023  Y= 978 Y2=1019 P1=1023 P2=   0 T1=1017 T2= 929  P= 537  D=  -1 
 X= 936 X2=1020  Y=1018 Y2=1023 P1=1023 P2=   0 T1=1023 T2=  15  P= 537  D=  -1 
 X= 956 X2=1018  Y= 995 Y2=1020 P1=1022 P2=   0 T1=1023 T2= 932  P= 537  D=  -1 
 X= 919 X2=1023  Y= 981 Y2=1023 P1=1023 P2=   0 T1=1019 T2= 927  P= 537  D=  -1 
 X= 808 X2= 809  Y= 710 Y2= 719 P1= 906 P2= 549 T1=  15 T2=  14  P= 525  D=  -1 * 0
 X= 808 X2= 809  Y= 711 Y2= 715 P1= 909 P2= 540 T1=  12 T2=  16  P= 551  D=  -1 * 0
 X= 808 X2= 809  Y= 710 Y2= 714 P1= 908 P2= 541 T1=  15 T2=  16  P= 547  D=  -1 * 0
 X= 808 X2= 809  Y= 710 Y2= 715 P1= 908 P2= 542 T1=  18 T2=  16  P= 545  D=  -1 * 0
 X= 808 X2= 809  Y= 710 Y2= 714 P1= 907 P2= 542 T1=  15 T2=  15  P= 543  D=  -1 * 1
 X= 808 X2= 810  Y= 710 Y2= 714 P1= 908 P2= 543 T1=  15 T2=  18  P= 543  D=  -1 * 2
 X= 808 X2= 808  Y= 710 Y2= 714 P1= 907 P2= 543 T1=  15 T2=  16  P= 541  D=  -1 * 3
 X= 808 X2= 809  Y= 709 Y2= 714 P1= 907 P2= 544 T1=  14 T2=  17  P= 538  D=  -1 * 4
 X= 806 X2= 808  Y= 709 Y2= 714 P1= 907 P2= 544 T1=  16 T2=  16  P= 538  D=  -1 * 5
 X= 808 X2= 810  Y= 709 Y2= 713 P1= 906 P2= 545 T1=  15 T2=  16  P= 535  D=  -1 * 6
 X= 809 X2= 809  Y= 710 Y2= 714 P1= 907 P2= 545 T1=  16 T2=  16  P= 537  D=  -1 * 7
 X= 808 X2= 810  Y= 710 Y2= 714 P1= 907 P2= 545 T1=  16 T2=  15  P= 537  D=  -1 * 8
 X= 808 X2= 809  Y= 710 Y2= 714 P1= 906 P2= 544 T1=  16 T2=  15  P= 537  D=  -1 * 9
 X= 809 X2= 808  Y= 710 Y2= 714 P1= 907 P2= 544 T1=  16 T2=  15  P= 538  D=  -1 * 10
 X= 808 X2= 809  Y= 710 Y2= 713 P1= 908 P2= 545 T1=  16 T2=  15  P= 538  D=  -1 * 11
 X= 809 X2= 809  Y= 710 Y2= 713 P1= 905 P2= 545 T1=  16 T2=  15  P= 533  D=  -1 * 12
 X= 809 X2= 809  Y= 710 Y2= 713 P1= 907 P2= 545 T1=  16 T2=  16  P= 537  D=  -1 * 13
 X= 807 X2= 809  Y= 709 Y2= 714 P1= 907 P2= 544 T1=  15 T2=  15  P= 538  D=  -1 * 14
 X= 806 X2= 809  Y= 712 Y2= 714 P1= 906 P2= 544 T1=  13 T2=  15  P= 536  D=  -1 * 15
 X= 808 X2= 809  Y= 710 Y2= 714 P1= 907 P2= 545 T1=  16 T2=  15  P= 536  D=  -1 * 16
 X= 809 X2= 809  Y= 709 Y2= 714 P1= 907 P2= 545 T1=  16 T2=  14  P= 537  D=  -1 * 17
 X= 808 X2= 809  Y= 710 Y2= 714 P1= 907 P2= 545 T1=  15 T2=  16  P= 536  D=  -1 * 18
 X= 808 X2= 808  Y= 709 Y2= 715 P1= 907 P2= 545 T1=  15 T2=  15  P= 536  D=  -1 * 19
 X= 809 X2= 809  Y= 710 Y2= 714 P1= 907 P2= 545 T1=  15 T2=  16  P= 537  D=  -1 * 20
 X= 809 X2= 810  Y= 710 Y2= 712 P1= 907 P2= 545 T1=  15 T2=  17  P= 537  D=  -1 * 21
 X= 808 X2= 809  Y= 710 Y2= 714 P1= 903 P2= 545 T1=  16 T2=  15  P= 530  D=  -1 * 22
 X= 807 X2= 809  Y= 710 Y2= 714 P1= 907 P2= 544 T1=  15 T2=  16  P= 538  D=  -1 * 23
 X= 808 X2= 811  Y= 709 Y2= 714 P1= 907 P2= 545 T1=  16 T2=  15  P= 537  D=  -1 * 24
Remove Pin
 X= 808 X2= 809  Y= 710 Y2= 714 P1= 907 P2= 545 T1=  15 T2=  16  P= 536  D=  -1 * 24
 X= 807 X2= 809  Y= 709 Y2= 715 P1= 907 P2= 545 T1=  18 T2=  15  P= 536  D=  -1 * 24
 X= 809 X2= 809  Y= 710 Y2= 714 P1= 906 P2= 545 T1=  16 T2=  16  P= 535  D=  -1 * 24
 X= 808 X2= 806  Y= 710 Y2= 714 P1= 907 P2= 545 T1=  16 T2=  15  P= 535  D=  -1 * 24
 X= 808 X2= 807  Y= 709 Y2= 714 P1= 907 P2= 544 T1=  15 T2=  16  P= 538  D=  -1 * 24
 X= 808 X2= 810  Y= 709 Y2= 713 P1= 907 P2= 545 T1=  14 T2=  15  P= 537  D=  -1 * 24
 X= 807 X2= 810  Y= 710 Y2= 714 P1= 907 P2= 545 T1=  14 T2=  16  P= 536  D=  -1 * 24
 X= 808 X2= 808  Y= 710 Y2= 714 P1= 907 P2= 545 T1=  15 T2=  14  P= 536  D=  -1 * 24
 X= 808 X2= 810  Y= 710 Y2= 713 P1= 908 P2= 545 T1=  17 T2=  14  P= 538  D=  -1 * 24
 X= 809 X2= 806  Y= 710 Y2= 716 P1= 907 P2= 545 T1=  13 T2=  15  P= 535  D=  -1 * 24
 X= 808 X2= 811  Y= 710 Y2= 714 P1= 906 P2= 545 T1=  15 T2=  15  P= 535  D=  -1 * 24
 X= 808 X2= 809  Y= 709 Y2= 715 P1= 907 P2= 544 T1=  16 T2=  15  P= 538  D=  -1 * 24
 X= 808 X2= 809  Y= 710 Y2= 714 P1= 907 P2= 545 T1=  16 T2=  16  P= 536  D=  -1 * 24
 X= 810 X2= 808  Y= 710 Y2= 714 P1= 907 P2= 545 T1=  16 T2=  15  P= 537  D=  -1 * 24
 X= 808 X2= 809  Y= 710 Y2= 713 P1= 907 P2= 545 T1=  15 T2=  16  P= 536  D=  -1 * 24
 X= 808 X2= 809  Y= 710 Y2= 714 P1= 906 P2= 545 T1=  15 T2=  15  P= 534  D=  -1 * 24
 X= 809 X2= 810  Y= 709 Y2= 714 P1= 906 P2= 547 T1=  16 T2=  15  P= 530  D=  -1 * 24
 X= 808 X2= 809  Y= 709 Y2= 715 P1= 914 P2= 505 T1=  17 T2=  25  P= 530  D=  -1 * 24
 X= 943 X2=1017  Y= 982 Y2=1023 P1=1023 P2=   0 T1=1023 T2= 926  P= 530  D=  -1 
 X= 995 X2=1014  Y= 981 Y2=1018 P1=1021 P2=   0 T1=1019 T2= 933  P= 530  D=  -1 
 X=1023 X2=1014  Y= 992 Y2=1019 P1=1022 P2=   0 T1=1019 T2= 939  P= 530  D=  -1 
target state=3 point=23,249
 X= 946 X2= 994  Y= 987 Y2=1018 P1=1022 P2=   0 T1=1020 T2= 938  P= 530  D=  -1 
 X= 977 X2= 993  Y= 993 Y2=1023 P1=1022 P2=   0 T1=1023 T2= 920  P= 530  D=  -1 
 X= 945 X2=1021  Y= 992 Y2=1021 P1=1023 P2=   0 T1=1023 T2= 916  P= 530  D=  -1 
 X= 960 X2=1023  Y= 987 Y2=1019 P1=1022 P2=   0 T1=1019 T2= 924  P= 530  D=  -1 
 X= 812 X2=1023  Y= 994 Y2=1019 P1=1023 P2=   0 T1=1023 T2= 930  P= 530  D=  -1 
 X=1023 X2=1008  Y= 983 Y2=1018 P1=1022 P2=   0 T1=1019 T2= 921  P= 530  D=  -1 
 X= 993 X2=1007  Y= 980 Y2=1022 P1=1022 P2=   0 T1=1019 T2= 938  P= 530  D=  -1 
 X=1021 X2=1004  Y= 975 Y2=1023 P1=1023 P2=   0 T1=1017 T2= 977  P= 530  D=  -1 
 X=1011 X2=1002  Y= 985 Y2=1022 P1=1022 P2=   0 T1=1023 T2= 939  P= 530  D=  -1 
 X=1023 X2=1021  Y= 977 Y2=1020 P1=1023 P2=   0 T1=1020 T2= 943  P= 530  D=  -1 
 X= 885 X2=1023  Y= 986 Y2=1022 P1=1022 P2=   0 T1=1023 T2= 923  P= 530  D=  -1 
 X= 922 X2=1023  Y= 981 Y2=1018 P1=1023 P2=   0 T1=1023 T2= 920  P= 530  D=  -1 
 X= 972 X2=1014  Y= 983 Y2=1018 P1=1022 P2=   0 T1=1019 T2= 932  P= 530  D=  -1 
 X= 938 X2=1019  Y= 983 Y2=1019 P1=1022 P2=   0 T1=1023 T2= 931  P= 530  D=  -1 
 X= 935 X2=1022  Y= 982 Y2=1023 P1=1023 P2=   0 T1=1023 T2= 892  P= 530  D=  -1 
 X= 981 X2=1006  Y= 990 Y2=1023 P1=1021 P2=   0 T1=1019 T2= 932  P= 530  D=  -1 
 X= 948 X2=1020  Y= 978 Y2=1018 P1=1021 P2=   0 T1=1022 T2= 916  P= 530  D=  -1 
 X= 934 X2=1020  Y= 986 Y2=1018 P1=1022 P2=   0 T1=1023 T2= 942  P= 530  D=  -1 
 X= 958 X2=1023  Y= 989 Y2=1018 P1=1022 P2=   0 T1=1023 T2= 917  P= 530  D=  -1 
 X= 817 X2=1023  Y= 983 Y2=1017 P1=1023 P2=   0 T1=1019 T2= 905  P= 530  D=  -1 
 X= 940 X2=1021  Y= 984 Y2=1022 P1=1023 P2=   0 T1=1019 T2= 924  P= 530  D=  -1 
 X=1007 X2=1011  Y= 993 Y2=1023 P1=1023 P2=   0 T1=1019 T2= 932  P= 530  D=  -1 
 X= 944 X2=1023  Y= 980 Y2=1018 P1=1023 P2=   0 T1=1019 T2= 920  P= 530  D=  -1 
 X= 955 X2= 987  Y= 992 Y2=1019 P1=1022 P2=   0 T1=1021 T2= 933  P= 530  D=  -1 
 X=1023 X2=1015  Y= 981 Y2=1023 P1=1023 P2=   0 T1=1020 T2= 915  P= 530  D=  -1 
 X=1004 X2= 997  Y= 980 Y2=1022 P1=1022 P2=   0 T1=1023 T2= 926  P= 530  D=  -1 
 X= 924 X2=1023  Y= 982 Y2=1022 P1=1023 P2=   0 T1=1023 T2= 918  P= 530  D=  -1 
 X= 964 X2=1023  Y= 981 Y2=1019 P1=1023 P2=   0 T1=1019 T2= 929  P= 530  D=  -1 
 X= 926 X2=1017  Y= 977 Y2=1019 P1=1022 P2=   0 T1=1018 T2= 928  P= 530  D=  -1 
 X= 875 X2=1021  Y=1000 Y2=1018 P1=1023 P2=   0 T1=1019 T2= 933  P= 530  D=  -1 
 X= 938 X2=1021  Y= 980 Y2=1023 P1=1022 P2=   0 T1=1020 T2= 933  P= 530  D=  -1 
 X= 958 X2=1015  Y= 983 Y2=1019 P1=1022 P2=   0 T1=1019 T2= 916  P= 530  D=  -1 
 X= 842 X2=1022  Y=1001 Y2=1019 P1=1022 P2=   0 T1=1023 T2= 931  P= 530  D=  -1 
 X=1023 X2=1013  Y= 989 Y2=1017 P1=1022 P2=   0 T1=1019 T2= 933  P= 530  D=  -1 
 X=1002 X2=1014  Y= 994 Y2=1018 P1=1022 P2=   0 T1=1023 T2= 932  P= 530  D=  -1 
 X= 861 X2=1023  Y= 992 Y2=1023 P1=1022 P2=   0 T1=1019 T2= 930  P= 530  D=  -1 
 X= 899 X2=1023  Y= 987 Y2=1018 P1=1022 P2=   0 T1=1020 T2= 943  P= 530  D=  -1 
 X= 924 X2=1023  Y= 985 Y2=1023 P1=1022 P2=   0 T1=1023 T2= 938  P= 530  D=  -1 
 X= 874 X2=1020  Y= 993 Y2=1023 P1=1023 P2=   0 T1=1020 T2= 936  P= 530  D=  -1 
 X= 932 X2=1023  Y= 989 Y2=1022 P1=1023 P2=   0 T1=1018 T2= 930  P= 530  D=  -1 
 X= 998 X2=1015  Y= 985 Y2=1022 P1=1022 P2=   0 T1=1023 T2= 918  P= 530  D=  -1 
 X= 886 X2=1018  Y= 981 Y2=1022 P1=1022 P2=   0 T1=1019 T2= 930  P= 530  D=  -1 
 X= 966 X2=1019  Y= 987 Y2=1023 P1=1022 P2=   0 T1=1018 T2= 914  P= 530  D=  -1 
 X= 992 X2= 994  Y= 989 Y2=1023 P1=1022 P2=   0 T1=1019 T2= 932  P= 530  D=  -1 
 X= 898 X2=1023  Y= 980 Y2=1018 P1=1022 P2=   0 T1=1023 T2= 921  P= 530  D=  -1 
 X= 942 X2=1021  Y= 983 Y2=1019 P1=1023 P2=   0 T1=1023 T2= 939  P= 530  D=  -1 
 X= 965 X2=1021  Y= 976 Y2=1018 P1=1023 P2=   0 T1=1023 T2= 939  P= 530  D=  -1 
 X= 903 X2=1019  Y= 984 Y2=1023 P1=1022 P2=   0 T1=1022 T2= 906  P= 530  D=  -1 
 X= 964 X2=1019  Y= 995 Y2=1023 P1=1022 P2=   0 T1=1023 T2= 934  P= 530  D=  -1 
 X= 989 X2=1016  Y=1022 Y2=1019 P1=1022 P2=   0 T1=1023 T2=1022  P= 530  D=  -1 
 X= 962 X2= 994  Y= 989 Y2=1022 P1=1022 P2=   0 T1=1023 T2= 912  P= 530  D=  -1 
 X= 230 X2= 234  Y= 711 Y2= 706 P1= 827 P2= 243 T1=  22 T2=  23  P= 557  D=  -1 * 0
 X=1021 X2=1014  Y= 982 Y2=1018 P1=1022 P2=   0 T1=1017 T2= 923  P= 557  D=  -1 
 X= 231 X2= 233  Y= 711 Y2= 707 P1= 851 P2= 186 T1=  23 T2=  32  P= 557  D=  -1 * 0
 X= 232 X2= 235  Y= 710 Y2= 706 P1= 843 P2= 222 T1=  22 T2=  24  P= 651  D=  -1 * 0
 X= 232 X2= 233  Y= 711 Y2= 707 P1= 839 P2= 228 T1=  23 T2=  24  P= 621  D=  -1 * 0
 X= 231 X2= 233  Y= 711 Y2= 707 P1= 838 P2= 229 T1=  23 T2=  22  P= 616  D=  -1 * 1
 X= 232 X2= 233  Y= 711 Y2= 707 P1= 838 P2= 229 T1=  23 T2=  24  P= 616  D=  -1 * 2
 X= 232 X2= 233  Y= 711 Y2= 706 P1= 838 P2= 229 T1=  24 T2=  24  P= 616  D=  -1 * 3
 X= 231 X2= 233  Y= 711 Y2= 706 P1= 837 P2= 230 T1=  23 T2=  24  P= 612  D=  -1 * 4
 X= 231 X2= 233  Y= 711 Y2= 707 P1= 837 P2= 231 T1=  24 T2=  23  P= 608  D=  -1 * 5
 X= 231 X2= 233  Y= 711 Y2= 706 P1= 836 P2= 232 T1=  23 T2=  23  P= 603  D=  -1 * 6
 X= 231 X2= 233  Y= 711 Y2= 706 P1= 835 P2= 232 T1=  23 T2=  23  P= 602  D=  -1 * 7
 X= 231 X2= 233  Y= 711 Y2= 706 P1= 836 P2= 232 T1=  23 T2=  23  P= 603  D=  -1 * 8
 X= 231 X2= 233  Y= 713 Y2= 706 P1= 835 P2= 232 T1=  23 T2=  23  P= 602  D=  -1 * 9
 X= 232 X2= 234  Y= 710 Y2= 706 P1= 836 P2= 232 T1=  20 T2=  22  P= 606  D=  -1 * 10
 X= 232 X2= 234  Y= 711 Y2= 704 P1= 835 P2= 233 T1=  23 T2=  24  P= 601  D=  -1 * 11
 X= 231 X2= 234  Y= 711 Y2= 706 P1= 835 P2= 232 T1=  23 T2=  23  P= 602  D=  -1 * 12
 X= 231 X2= 234  Y= 711 Y2= 706 P1= 836 P2= 232 T1=  23 T2=  23  P= 603  D=  -1 * 13
 X= 231 X2= 234  Y= 711 Y2= 707 P1= 835 P2= 233 T1=  22 T2=  23  P= 599  D=  -1 * 14
 X= 230 X2= 233  Y= 711 Y2= 706 P1= 835 P2= 233 T1=  22 T2=  23  P= 596  D=  -1 * 15
 X= 230 X2= 233  Y= 711 Y2= 706 P1= 835 P2= 232 T1=  23 T2=  24  P= 600  D=  -1 * 16
 X= 229 X2= 233  Y= 711 Y2= 706 P1= 836 P2= 233 T1=  23 T2=  23  P= 597  D=  -1 * 17
 X= 231 X2= 233  Y= 711 Y2= 707 P1= 835 P2= 232 T1=  23 T2=  24  P= 602  D=  -1 * 18
 X= 232 X2= 232  Y= 710 Y2= 706 P1= 835 P2= 232 T1=  22 T2=  23  P= 602  D=  -1 * 19
 X= 231 X2= 233  Y= 710 Y2= 707 P1= 835 P2= 233 T1=  23 T2=  23  P= 599  D=  -1 * 20
 X= 231 X2= 233  Y= 711 Y2= 706 P1= 835 P2= 232 T1=  22 T2=  24  P= 602  D=  -1 * 21
 X= 231 X2= 233  Y= 710 Y2= 707 P1= 836 P2= 233 T1=  23 T2=  23  P= 600  D=  -1 * 22
 X= 230 X2= 234  Y= 711 Y2= 706 P1= 835 P2= 232 T1=  23 T2=  22  P= 602  D=  -1 * 23
 X= 231 X2= 233  Y= 711 Y2= 706 P1= 835 P2= 233 T1=  23 T2=  21  P= 599  D=  -1 * 24
Remove Pin
 X= 230 X2= 233  Y= 711 Y2= 706 P1= 835 P2= 232 T1=  23 T2=  24  P= 600  D=  -1 * 24
 X= 230 X2= 233  Y= 711 Y2= 707 P1= 835 P2= 233 T1=  23 T2=  22  P= 596  D=  -1 * 24
 X= 230 X2= 234  Y= 711 Y2= 706 P1= 835 P2= 233 T1=  23 T2=  21  P= 599  D=  -1 * 24
 X= 231 X2= 236  Y= 711 Y2= 706 P1= 835 P2= 232 T1=  23 T2=  23  P= 605  D=  -1 * 24
 X= 231 X2= 235  Y= 711 Y2= 707 P1= 834 P2= 233 T1=  23 T2=  23  P= 600  D=  -1 * 24
 X= 229 X2= 234  Y= 711 Y2= 707 P1= 835 P2= 233 T1=  24 T2=  20  P= 596  D=  -1 * 24
 X= 233 X2= 234  Y= 710 Y2= 706 P1= 835 P2= 233 T1=  23 T2=  23  P= 601  D=  -1 * 24
 X= 231 X2= 233  Y= 710 Y2= 706 P1= 835 P2= 233 T1=  23 T2=  23  P= 599  D=  -1 * 24
 X= 230 X2= 233  Y= 710 Y2= 707 P1= 835 P2= 233 T1=  23 T2=  23  P= 596  D=  -1 * 24
 X= 231 X2= 232  Y= 711 Y2= 706 P1= 835 P2= 233 T1=  22 T2=  22  P= 596  D=  -1 * 24
 X= 231 X2= 233  Y= 711 Y2= 707 P1= 835 P2= 233 T1=  22 T2=  23  P= 599  D=  -1 * 24
 X= 231 X2= 237  Y= 710 Y2= 698 P1= 835 P2= 233 T1=  22 T2=  23  P= 604  D=  -1 * 24
 X= 230 X2= 234  Y= 711 Y2= 707 P1= 833 P2= 233 T1=  23 T2=  23  P= 597  D=  -1 * 24
 X= 231 X2= 233  Y= 711 Y2= 707 P1= 835 P2= 233 T1=  23 T2=  23  P= 599  D=  -1 * 24
 X= 231 X2= 233  Y= 709 Y2= 707 P1= 835 P2= 233 T1=  22 T2=  24  P= 599  D=  -1 * 24
 X= 229 X2= 234  Y= 710 Y2= 706 P1= 835 P2= 233 T1=  22 T2=  22  P= 596  D=  -1 * 24
 X= 231 X2= 234  Y= 711 Y2= 707 P1= 835 P2= 233 T1=  22 T2=  22  P= 599  D=  -1 * 24
 X= 231 X2= 233  Y= 711 Y2= 707 P1= 835 P2= 233 T1=  22 T2=  23  P= 599  D=  -1 * 24
 X= 231 X2= 234  Y= 711 Y2= 707 P1= 835 P2= 233 T1=  23 T2=  23  P= 599  D=  -1 * 24
 X= 232 X2= 233  Y= 711 Y2= 706 P1= 835 P2= 233 T1=  23 T2=  23  P= 599  D=  -1 * 24
 X= 234 X2= 237  Y= 713 Y2= 708 P1= 853 P2= 213 T1=  24 T2=  25  P= 705  D=  -1 * 24
 X= 816 X2=1022  Y= 991 Y2=1019 P1=1021 P2=   0 T1=1023 T2= 928  P= 705  D=  -1 
 X= 828 X2=1023  Y= 987 Y2=1023 P1=1023 P2=   0 T1=1023 T2= 922  P= 705  D=  -1 
 X=1016 X2=1017  Y= 987 Y2=1018 P1=1022 P2=   0 T1=1022 T2= 924  P= 705  D=  -1 
Target Noise  x= 2.50 y= 2.50
X[0]: Target= 23   229/ 231/ 232 Stdev= 0.69 N= 24  Y[0]: Target= 22   325/ 326/ 327 Stdev= 0.34 N= 24
X[1]: Target=456   808/ 809/ 811 Stdev= 0.80 N= 24  Y[1]: Target= 22   325/ 326/ 328 Stdev= 0.63 N= 24
X[2]: Target=456   807/ 808/ 809 Stdev= 0.60 N= 24  Y[2]: Target=249   711/ 712/ 713 Stdev= 0.54 N= 24
X[3]: Target= 23   231/ 232/ 233 Stdev= 0.45 N= 24  Y[3]: Target=249   707/ 708/ 709 Stdev= 0.51 N= 24
N=24 Avg=22
min: 22 22 22 22 22 22 
max: 23 23 23 23 23 23 
N=24 Avg=15
min: 14 15 15 15 15 15 
max: 16 16 16 16 16 16 
N=24 Avg=15
min: 14 15 15 15 15 15 
max: 17 16 16 16 16 16 
N=24 Avg=22
min: 21 22 22 22 22 22 
max: 24 23 23 23 23 23 
Using TNT center offset = 20
TNT Plane Coef: a= -793 b=    0 c= 379556
At  230, 326: Real=  23 Fit=  23 Offset=   3
At  809, 326: Real=  16 Fit=  17 Offset=  -3
At  808, 711: Real=  16 Fit=  17 Offset=  -3
At  231, 708: Real=  23 Fit=  23 Offset=   3
Fit Corners: 26, 14, 14, 26  Center: 20
Setting for min_tnt_up:   522
Setting for max_tnt_down: 25 (V2:37)
Entering calib_pressure_mfg
Using default pressure curve
468 471 487 495 509 524 553 575 612 
Summary:
Setting for max_tnt_down:      25
3.7 setting for max_tnt_down:     -1
Setting for min_tnt_up:       522
Setting for max_delta_tnt:      5
3.8 setting for max_delta_tnt:     -1
Setting for delay_in_us:        1
Setting for y_delay_in_us:      1
Setting for tnt_delay_in_us:    1
Setting for pressure_curve:  468 471 487 495 509 524 553 575 612
Setting for tnt_mode:           1
Setting for averaging:         -1
Setting for pointercal:      49010 -128 -9723264 0 38944 -11254006 65536
Setting for tnt_plane:       -793 0 379556
