new-calib: New touch screen calibration program v3.12
Serial Number='15051E00010B0602005B'
Using tnt_mode=1
Setting for delay_in_us:        1
Setting for y_delay_in_us:      1
Setting for tnt_delay_in_us:    1
Setting for max_delta_tnt:      5
Setting for tnt_mode:           1
Setting for averaging:         -1
Entering get_four_points
target_noise  x= 2.50 y= 2.50 t= 2.50
target state=0 point=23,22
 X=1001 X2=1015  Y= 989 Y2=1018 P1=1022 P2=  -1 T1=1020 T2= 933  P= 531  D=   1 
 X= 885 X2=1023  Y= 981 Y2=1019 P1=1023 P2=  -1 T1=1023 T2= 931  P= 531  D=   1 
 X= 913 X2=1023  Y= 984 Y2=1023 P1=1023 P2=  -1 T1=1023 T2= 929  P= 531  D=   1 
 X=1020 X2=1011  Y= 976 Y2=1023 P1=1022 P2=  -1 T1=1020 T2= 904  P= 531  D=   1 
 X= 971 X2=1022  Y= 981 Y2=1023 P1=1023 P2=  -1 T1=1023 T2= 922  P= 531  D=   1 
 X= 962 X2=1023  Y= 982 Y2=1017 P1=1023 P2=  -1 T1=1019 T2= 933  P= 531  D=   1 
 X= 935 X2=1020  Y= 977 Y2=1019 P1=1023 P2=  -1 T1=1020 T2= 923  P= 531  D=   1 
 X= 809 X2=1023  Y= 984 Y2=1023 P1=1022 P2=  -1 T1=1023 T2= 901  P= 531  D=   1 
 X= 839 X2=1023  Y= 977 Y2=1022 P1=1023 P2=  -1 T1=1019 T2= 925  P= 531  D=   1 
 X=1023 X2=1014  Y= 969 Y2=1023 P1=1023 P2=  -1 T1=1020 T2= 931  P= 531  D=   1 
 X= 974 X2=1008  Y= 982 Y2=1023 P1=1023 P2=  -1 T1=1023 T2= 921  P= 531  D=   1 
 X= 881 X2=1016  Y= 982 Y2=1023 P1=1022 P2=  -1 T1=1023 T2= 902  P= 531  D=   1 
 X= 943 X2=1021  Y= 989 Y2=1022 P1=1023 P2=  -1 T1=1022 T2= 907  P= 531  D=   1 
 X= 958 X2= 994  Y= 981 Y2=1022 P1=1023 P2=  -1 T1=1019 T2= 938  P= 531  D=   1 
 X= 933 X2=1021  Y= 986 Y2=1019 P1=1023 P2=  -1 T1=1019 T2= 921  P= 531  D=   1 
 X= 933 X2=1023  Y= 977 Y2=1018 P1=1022 P2=  -1 T1=1023 T2= 903  P= 531  D=   1 
 X= 875 X2=1017  Y= 987 Y2=1018 P1=1021 P2=  -1 T1=1019 T2= 911  P= 531  D=   1 
 X= 955 X2=1023  Y= 985 Y2=1021 P1=1022 P2=  -1 T1=1019 T2= 944  P= 531  D=   1 
 X= 807 X2=1023  Y= 991 Y2=1023 P1=1022 P2=  -1 T1=1023 T2= 900  P= 531  D=   1 
 X=1023 X2=1013  Y= 976 Y2=1019 P1=1022 P2=  -1 T1=1022 T2= 920  P= 531  D=   1 
 X= 983 X2=1013  Y= 980 Y2=1019 P1=1023 P2=  -1 T1=1019 T2= 919  P= 531  D=   1 
 X= 960 X2=1021  Y= 985 Y2=1018 P1=1023 P2=  -1 T1=1019 T2= 912  P= 531  D=   1 
 X= 932 X2=1001  Y= 992 Y2=1019 P1=1022 P2=  -1 T1=1023 T2= 916  P= 531  D=   1 
 X= 893 X2=1023  Y= 982 Y2=1018 P1=1023 P2=  -1 T1=1023 T2= 918  P= 531  D=   1 
 X= 856 X2=1023  Y= 982 Y2=1019 P1=1021 P2=  -1 T1=1020 T2= 921  P= 531  D=   1 
 X= 865 X2=1023  Y= 976 Y2=1019 P1=1023 P2=  -1 T1=1023 T2= 916  P= 531  D=   1 
 X=1020 X2=1017  Y= 985 Y2=1019 P1=1022 P2=  -1 T1=1023 T2= 914  P= 531  D=   1 
 X= 925 X2=1023  Y= 983 Y2=1019 P1=1022 P2=  -1 T1=1023 T2= 927  P= 531  D=   1 
 X= 983 X2=1002  Y= 988 Y2=1019 P1=1022 P2=  -1 T1=1019 T2= 934  P= 531  D=   1 
 X= 970 X2=1023  Y= 986 Y2=1023 P1=1022 P2=  -1 T1=1018 T2= 962  P= 531  D=   1 
 X= 918 X2=1023  Y= 969 Y2=1018 P1=1022 P2=  -1 T1=1023 T2= 901  P= 531  D=   1 
 X= 933 X2=1023  Y= 986 Y2=1023 P1=1022 P2=  -1 T1=1023 T2= 930  P= 531  D=   1 
 X=1023 X2=1007  Y= 984 Y2=1021 P1=1023 P2=  -1 T1=1023 T2= 900  P= 531  D=   1 
 X= 975 X2=1015  Y= 987 Y2=1023 P1=1023 P2=  -1 T1=1021 T2= 934  P= 531  D=   1 
 X= 974 X2= 994  Y= 982 Y2=1018 P1=1022 P2=  -1 T1=1023 T2= 914  P= 531  D=   1 
 X= 828 X2=1023  Y= 985 Y2=1023 P1=1022 P2=  -1 T1=1023 T2= 919  P= 531  D=   1 
 X= 963 X2=1023  Y= 992 Y2=1023 P1=1023 P2=  -1 T1=1019 T2= 920  P= 531  D=   1 
 X= 972 X2=1004  Y= 987 Y2=1018 P1=1022 P2=  -1 T1=1023 T2= 922  P= 531  D=   1 
 X=1023 X2=1002  Y= 979 Y2=1022 P1=1023 P2=  -1 T1=1020 T2= 929  P= 531  D=   1 
 X=1001 X2=1020  Y= 976 Y2=1019 P1=1023 P2=  -1 T1=1019 T2= 946  P= 531  D=   1 
 X= 936 X2=1023  Y= 978 Y2=1023 P1=1023 P2=  -1 T1=1023 T2= 887  P= 531  D=   1 
 X= 968 X2=1022  Y= 988 Y2=1018 P1=1022 P2=  -1 T1=1022 T2= 922  P= 531  D=   1 
 X= 917 X2=1023  Y= 987 Y2=1020 P1=1023 P2=  -1 T1=1023 T2= 903  P= 531  D=   1 
 X= 873 X2=1023  Y= 984 Y2=1018 P1=1023 P2=  -1 T1=1022 T2= 922  P= 531  D=   1 
 X=1023 X2=1013  Y= 987 Y2=1019 P1=1021 P2=  -1 T1=1023 T2= 930  P= 531  D=   1 
 X= 972 X2=1012  Y= 982 Y2=1023 P1=1022 P2=  -1 T1=1023 T2= 926  P= 531  D=   1 
 X=1017 X2=1022  Y=1018 Y2=1019 P1=1023 P2=  -1 T1=1023 T2=1022  P= 531  D=   1 
 X= 853 X2=1023  Y= 989 Y2=1022 P1=1023 P2=  -1 T1=1018 T2= 929  P= 531  D=   1 
 X= 981 X2=1005  Y= 981 Y2=1023 P1=1023 P2=  -1 T1=1023 T2= 902  P= 531  D=   1 
 X=1023 X2=1009  Y= 985 Y2=1023 P1=1022 P2=  -1 T1=1023 T2= 936  P= 531  D=   1 
 X= 965 X2=1020  Y= 977 Y2=1023 P1=1023 P2=  -1 T1=1018 T2= 926  P= 531  D=   1 
 X= 932 X2=1020  Y= 988 Y2=1023 P1=1023 P2=  -1 T1=1023 T2= 903  P= 531  D=   1 
 X= 876 X2=1021  Y= 987 Y2=1018 P1=1023 P2=  -1 T1=1020 T2= 891  P= 531  D=   1 
 X=1019 X2=1015  Y= 981 Y2=1018 P1=1022 P2=  -1 T1=1019 T2= 909  P= 531  D=   1 
 X= 923 X2=1023  Y= 987 Y2=1023 P1=1022 P2=  -1 T1=1019 T2= 937  P= 531  D=   1 
 X= 885 X2=1016  Y= 990 Y2=1023 P1=1023 P2=  -1 T1=1019 T2= 933  P= 531  D=   1 
 X=1023 X2=1007  Y= 985 Y2=1018 P1=1022 P2=  -1 T1=1019 T2= 934  P= 531  D=   1 
 X= 935 X2=1002  Y= 973 Y2=1023 P1=1022 P2=  -1 T1=1019 T2= 914  P= 531  D=   1 
 X= 876 X2=1021  Y= 988 Y2=1023 P1=1023 P2=  -1 T1=1023 T2= 905  P= 531  D=   1 
 X= 885 X2=1022  Y= 986 Y2=1023 P1=1023 P2=  -1 T1=1023 T2= 905  P= 531  D=   1 
 X= 897 X2=1020  Y= 972 Y2=1023 P1=1022 P2=  -1 T1=1023 T2= 920  P= 531  D=   1 
 X= 967 X2=1023  Y= 983 Y2=1023 P1=1023 P2=  -1 T1=1023 T2= 917  P= 531  D=   1 
 X= 895 X2=1023  Y= 985 Y2=1022 P1=1022 P2=  -1 T1=1023 T2= 920  P= 531  D=   1 
 X= 973 X2=1013  Y= 982 Y2=1019 P1=1023 P2=  -1 T1=1023 T2= 929  P= 531  D=   1 
 X= 988 X2=1015  Y= 976 Y2=1023 P1=1022 P2=  -1 T1=1023 T2= 928  P= 531  D=   1 
 X= 956 X2=1021  Y= 982 Y2=1018 P1=1022 P2=  -1 T1=1019 T2= 908  P= 531  D=   1 
 X= 948 X2=1022  Y= 982 Y2=1019 P1=1021 P2=  -1 T1=1018 T2= 920  P= 531  D=   1 
 X= 910 X2=1023  Y= 971 Y2=1023 P1=1023 P2=  -1 T1=1020 T2= 921  P= 531  D=   1 
 X= 855 X2=1021  Y= 977 Y2=1023 P1=1022 P2=  -1 T1=1019 T2= 927  P= 531  D=   1 
 X= 885 X2=1023  Y= 984 Y2=1018 P1=1023 P2=  -1 T1=1023 T2= 925  P= 531  D=   1 
 X= 933 X2=1023  Y= 985 Y2=1017 P1=1022 P2=  -1 T1=1023 T2= 921  P= 531  D=   1 
 X= 830 X2=1023  Y= 991 Y2=1023 P1=1023 P2=  -1 T1=1019 T2= 931  P= 531  D=   1 
 X=1021 X2=1008  Y= 988 Y2=1019 P1=1022 P2=  -1 T1=1022 T2= 917  P= 531  D=   1 
 X=1017 X2= 996  Y= 988 Y2=1023 P1=1022 P2=  -1 T1=1023 T2= 903  P= 531  D=   1 
 X= 950 X2=1018  Y= 975 Y2=1019 P1=1022 P2=  -1 T1=1023 T2= 925  P= 531  D=   1 
 X= 963 X2=1023  Y= 978 Y2=1023 P1=1022 P2=  -1 T1=1018 T2= 919  P= 531  D=   1 
 X= 948 X2=1023  Y= 983 Y2=1018 P1=1023 P2=  -1 T1=1019 T2= 906  P= 531  D=   1 
 X= 908 X2=1023  Y= 978 Y2=1022 P1=1022 P2=  -1 T1=1023 T2= 900  P= 531  D=   1 
 X= 861 X2=1023  Y= 989 Y2=1023 P1=1022 P2=  -1 T1=1023 T2= 937  P= 531  D=   1 
 X= 819 X2=1023  Y= 987 Y2=1023 P1=1022 P2=  -1 T1=1023 T2= 915  P= 531  D=   1 
 X= 935 X2=1017  Y= 975 Y2=1018 P1=1022 P2=  -1 T1=1019 T2= 924  P= 531  D=   1 
 X=1023 X2=1013  Y= 991 Y2=1019 P1=1023 P2=  -1 T1=1023 T2= 903  P= 531  D=   1 
 X=1010 X2=1005  Y= 977 Y2=1018 P1=1023 P2=  -1 T1=1020 T2= 926  P= 531  D=   1 
 X= 999 X2=1004  Y= 991 Y2=1023 P1=1023 P2=  -1 T1=1019 T2= 906  P= 531  D=   1 
 X= 964 X2=1021  Y= 983 Y2=1023 P1=1022 P2=  -1 T1=1020 T2= 907  P= 531  D=   1 
 X= 961 X2=1021  Y= 971 Y2=1023 P1=1021 P2=  -1 T1=1023 T2= 917  P= 531  D=   1 
 X= 912 X2=1023  Y= 996 Y2=1017 P1=1022 P2=  -1 T1=1019 T2= 945  P= 531  D=   1 
 X= 964 X2=1019  Y= 987 Y2=1019 P1=1022 P2=  -1 T1=1019 T2= 902  P= 531  D=   1 
 X= 987 X2= 995  Y= 981 Y2=1023 P1=1023 P2=  -1 T1=1023 T2= 922  P= 531  D=   1 
 X= 952 X2=1019  Y= 984 Y2=1019 P1=1022 P2=  -1 T1=1023 T2= 924  P= 531  D=   1 
 X= 784 X2=1023  Y= 987 Y2=1019 P1=1022 P2=  -1 T1=1019 T2= 919  P= 531  D=   1 
 X=1013 X2=1005  Y= 984 Y2=1023 P1=1023 P2=  -1 T1=1019 T2= 914  P= 531  D=   1 
 X= 990 X2=1008  Y= 982 Y2=1023 P1=1022 P2=  -1 T1=1023 T2= 907  P= 531  D=   1 
 X= 922 X2=1023  Y= 994 Y2=1023 P1=1022 P2=  -1 T1=1023 T2= 927  P= 531  D=   1 
 X= 902 X2=1023  Y= 983 Y2=1016 P1=1022 P2=  -1 T1=1019 T2= 925  P= 531  D=   1 
 X= 883 X2=1012  Y= 987 Y2=1017 P1=1022 P2=  -1 T1=1023 T2= 910  P= 531  D=   1 
 X= 968 X2=1023  Y= 981 Y2=1018 P1=1022 P2=  -1 T1=1019 T2= 917  P= 531  D=   1 
 X=1023 X2=1006  Y= 974 Y2=1018 P1=1023 P2=  -1 T1=1018 T2= 925  P= 531  D=   1 
 X= 942 X2=1020  Y= 987 Y2=1019 P1=1023 P2=  -1 T1=1023 T2= 903  P= 531  D=   1 
 X= 926 X2=1017  Y= 973 Y2=1023 P1=1023 P2=  -1 T1=1018 T2= 919  P= 531  D=   1 
 X= 953 X2=1023  Y= 991 Y2=1019 P1=1022 P2=  -1 T1=1023 T2= 922  P= 531  D=   1 
 X=1023 X2=1014  Y= 987 Y2=1023 P1=1022 P2=  -1 T1=1017 T2= 917  P= 531  D=   1 
 X= 898 X2=1023  Y= 993 Y2=1023 P1=1023 P2=  -1 T1=1019 T2= 922  P= 531  D=   1 
 X= 903 X2=1023  Y= 979 Y2=1019 P1=1023 P2=  -1 T1=1019 T2= 920  P= 531  D=   1 
 X=1022 X2=1015  Y= 990 Y2=1020 P1=1022 P2=  -1 T1=1023 T2= 965  P= 531  D=   1 
 X= 895 X2=1021  Y= 980 Y2=1019 P1=1022 P2=  -1 T1=1023 T2= 905  P= 531  D=   1 
 X= 878 X2=1022  Y= 973 Y2=1023 P1=1022 P2=  -1 T1=1023 T2= 906  P= 531  D=   1 
 X=1023 X2= 992  Y= 983 Y2=1018 P1=1022 P2=  -1 T1=1022 T2= 915  P= 531  D=   1 
 X= 877 X2=1019  Y= 976 Y2=1023 P1=1022 P2=  -1 T1=1018 T2= 902  P= 531  D=   1 
 X= 945 X2=1022  Y= 983 Y2=1017 P1=1023 P2=  -1 T1=1019 T2= 915  P= 531  D=   1 
 X= 968 X2=1022  Y= 985 Y2=1019 P1=1022 P2=  -1 T1=1018 T2= 912  P= 531  D=   1 
 X=1023 X2=1012  Y= 981 Y2=1023 P1=1022 P2=  -1 T1=1020 T2= 900  P= 531  D=   1 
 X= 966 X2=1020  Y= 983 Y2=1022 P1=1022 P2=  -1 T1=1023 T2= 931  P= 531  D=   1 
 X= 933 X2=1023  Y= 970 Y2=1019 P1=1023 P2=  -1 T1=1023 T2= 913  P= 531  D=   1 
 X= 929 X2=1017  Y= 990 Y2=1018 P1=1022 P2=  -1 T1=1023 T2= 920  P= 531  D=   1 
 X= 957 X2=1023  Y= 981 Y2=1019 P1=1023 P2=  -1 T1=1023 T2= 931  P= 531  D=   1 
 X=1023 X2=1007  Y= 992 Y2=1023 P1=1023 P2=  -1 T1=1019 T2= 919  P= 531  D=   1 
 X= 990 X2=1002  Y= 975 Y2=1023 P1=1023 P2=  -1 T1=1022 T2= 927  P= 531  D=   1 
 X= 976 X2=1013  Y= 989 Y2=1019 P1=1022 P2=  -1 T1=1023 T2= 918  P= 531  D=   1 
 X= 943 X2= 993  Y= 981 Y2=1018 P1=1022 P2=  -1 T1=1019 T2= 931  P= 531  D=   1 
 X= 955 X2= 995  Y= 987 Y2=1019 P1=1022 P2=  -1 T1=1018 T2= 920  P= 531  D=   1 
 X= 882 X2=1022  Y= 988 Y2=1023 P1=1022 P2=  -1 T1=1022 T2= 938  P= 531  D=   1 
 X= 904 X2=1023  Y= 993 Y2=1023 P1=1023 P2=  -1 T1=1023 T2= 905  P= 531  D=   1 
 X= 981 X2=1013  Y= 988 Y2=1023 P1=1023 P2=  -1 T1=1019 T2= 899  P= 531  D=   1 
 X= 887 X2=1016  Y= 978 Y2=1018 P1=1023 P2=  -1 T1=1018 T2= 914  P= 531  D=   1 
 X= 963 X2=1023  Y= 953 Y2=1023 P1=1023 P2=  -1 T1=1023 T2= 920  P= 531  D=   1 
 X=1007 X2=1006  Y= 987 Y2=1023 P1=1022 P2=  -1 T1=1023 T2= 935  P= 531  D=   1 
 X=1023 X2=1013  Y= 991 Y2=1023 P1=1021 P2=  -1 T1=1020 T2= 913  P= 531  D=   1 
 X= 936 X2= 991  Y= 980 Y2=1017 P1=1023 P2=  -1 T1=1022 T2= 936  P= 531  D=   1 
 X=1023 X2=1012  Y= 993 Y2=1023 P1=1022 P2=  -1 T1=1018 T2= 931  P= 531  D=   1 
 X= 812 X2=1023  Y= 989 Y2=1019 P1=1023 P2=  -1 T1=1018 T2= 931  P= 531  D=   1 
 X= 809 X2=1023  Y= 972 Y2=1018 P1=1023 P2=  -1 T1=1020 T2= 916  P= 531  D=   1 
 X= 919 X2=1023  Y= 979 Y2=1023 P1=1022 P2=  -1 T1=1019 T2= 926  P= 531  D=   1 
 X= 923 X2=1020  Y= 993 Y2=1017 P1=1022 P2=  -1 T1=1018 T2= 926  P= 531  D=   1 
 X= 961 X2=1013  Y= 988 Y2=1018 P1=1022 P2=  -1 T1=1019 T2= 927  P= 531  D=   1 
 X= 969 X2=1015  Y= 971 Y2=1023 P1=1023 P2=  -1 T1=1018 T2= 940  P= 531  D=   1 
 X=1005 X2=1005  Y= 987 Y2=1018 P1=1023 P2=  -1 T1=1023 T2= 901  P= 531  D=   1 
 X= 946 X2=1021  Y= 986 Y2=1023 P1=1022 P2=  -1 T1=1019 T2= 938  P= 531  D=   1 
 X= 962 X2=1023  Y= 992 Y2=1019 P1=1022 P2=  -1 T1=1022 T2= 908  P= 531  D=   1 
 X= 918 X2=1021  Y= 986 Y2=1022 P1=1022 P2=  -1 T1=1018 T2= 912  P= 531  D=   1 
 X= 917 X2=1023  Y= 986 Y2=1018 P1=1023 P2=  -1 T1=1022 T2= 918  P= 531  D=   1 
 X= 914 X2=1023  Y= 981 Y2=1022 P1=1022 P2=  -1 T1=1020 T2= 924  P= 531  D=   1 
 X= 983 X2=1013  Y= 979 Y2=1022 P1=1022 P2=  -1 T1=1019 T2= 924  P= 531  D=   1 
 X= 979 X2=1013  Y= 989 Y2=1022 P1=1022 P2=  -1 T1=1023 T2= 932  P= 531  D=   1 
 X= 962 X2=1020  Y= 977 Y2=1022 P1=1022 P2=  -1 T1=1023 T2= 913  P= 531  D=   1 
 X=1023 X2=1008  Y= 990 Y2=1023 P1=1022 P2=  -1 T1=1020 T2= 904  P= 531  D=   1 
 X=1022 X2=1012  Y= 980 Y2=1020 P1=1023 P2=  -1 T1=1020 T2= 915  P= 531  D=   1 
 X= 994 X2=1023  Y=1019 Y2=1019 P1=1023 P2=  -1 T1=1023 T2=1022  P= 531  D=   1 
 X= 954 X2=1023  Y= 985 Y2=1023 P1=1023 P2=  -1 T1=1023 T2= 922  P= 531  D=   1 
 X= 830 X2=1022  Y= 988 Y2=1023 P1=1022 P2=  -1 T1=1018 T2= 923  P= 531  D=   1 
 X= 912 X2=1023  Y= 965 Y2=1021 P1=1023 P2=  -1 T1=1020 T2= 913  P= 531  D=   1 
 X=1000 X2= 993  Y= 971 Y2=1023 P1=1022 P2=  -1 T1=1018 T2= 929  P= 531  D=   1 
 X= 947 X2=1011  Y= 986 Y2=1018 P1=1021 P2=  -1 T1=1019 T2= 926  P= 531  D=   1 
 X= 928 X2=1023  Y= 984 Y2=1021 P1=1022 P2=  -1 T1=1019 T2= 905  P= 531  D=   1 
 X= 923 X2=1023  Y=1000 Y2=1018 P1=1022 P2=  -1 T1=1022 T2= 958  P= 531  D=   1 
 X=1008 X2= 989  Y= 992 Y2=1023 P1=1022 P2=  -1 T1=1023 T2= 904  P= 531  D=   1 
 X= 914 X2=1023  Y= 992 Y2=1023 P1=1022 P2=  -1 T1=1019 T2= 900  P= 531  D=   1 
 X= 945 X2=1023  Y= 977 Y2=1020 P1=1022 P2=  -1 T1=1023 T2= 938  P= 531  D=   1 
 X= 872 X2=1016  Y= 980 Y2=1022 P1=1022 P2=  -1 T1=1023 T2= 922  P= 531  D=   1 
 X= 818 X2=1023  Y= 988 Y2=1023 P1=1023 P2=  -1 T1=1023 T2= 926  P= 531  D=   1 
 X= 955 X2=1021  Y= 979 Y2=1019 P1=1023 P2=  -1 T1=1019 T2= 928  P= 531  D=   1 
 X= 896 X2=1020  Y= 980 Y2=1023 P1=1022 P2=  -1 T1=1023 T2= 903  P= 531  D=   1 
 X= 946 X2=1013  Y= 972 Y2=1018 P1=1023 P2=  -1 T1=1019 T2= 912  P= 531  D=   1 
 X= 950 X2=1020  Y= 988 Y2=1023 P1=1023 P2=  -1 T1=1019 T2= 924  P= 531  D=   1 
 X=1023 X2=1007  Y= 980 Y2=1019 P1=1022 P2=  -1 T1=1019 T2= 928  P= 531  D=   1 
 X= 829 X2=1023  Y= 984 Y2=1018 P1=1023 P2=  -1 T1=1019 T2= 912  P= 531  D=   1 
 X= 924 X2=1023  Y= 986 Y2=1023 P1=1023 P2=  -1 T1=1022 T2= 917  P= 531  D=   1 
 X= 959 X2=1004  Y= 972 Y2=1023 P1=1022 P2=  -1 T1=1022 T2= 910  P= 531  D=   1 
 X= 859 X2=1021  Y= 987 Y2=1022 P1=1021 P2=  -1 T1=1019 T2= 934  P= 531  D=   1 
 X= 828 X2=1023  Y= 976 Y2=1018 P1=1023 P2=  -1 T1=1023 T2= 918  P= 531  D=   1 
 X=1019 X2=1014  Y= 978 Y2=1022 P1=1023 P2=  -1 T1=1019 T2= 931  P= 531  D=   1 
 X= 994 X2=1014  Y= 985 Y2=1019 P1=1022 P2=  -1 T1=1020 T2= 918  P= 531  D=   1 
 X= 956 X2=1023  Y= 982 Y2=1023 P1=1022 P2=  -1 T1=1023 T2= 921  P= 531  D=   1 
 X= 963 X2=1019  Y= 980 Y2=1023 P1=1022 P2=  -1 T1=1020 T2= 930  P= 531  D=   1 
 X= 954 X2=1021  Y= 978 Y2=1018 P1=1023 P2=  -1 T1=1023 T2= 920  P= 531  D=   1 
 X= 938 X2=1022  Y= 975 Y2=1017 P1=1022 P2=  -1 T1=1023 T2= 903  P= 531  D=   1 
 X= 884 X2=1023  Y= 980 Y2=1019 P1=1023 P2=  -1 T1=1020 T2= 933  P= 531  D=   1 
 X= 940 X2=1017  Y= 988 Y2=1023 P1=1022 P2=  -1 T1=1019 T2= 943  P= 531  D=   1 
 X= 934 X2=1017  Y= 989 Y2=1023 P1=1023 P2=  -1 T1=1019 T2= 929  P= 531  D=   1 
 X= 976 X2=1023  Y= 987 Y2=1022 P1=1023 P2=  -1 T1=1019 T2= 911  P= 531  D=   1 
 X=1010 X2= 998  Y= 994 Y2=1019 P1=1022 P2=  -1 T1=1019 T2= 930  P= 531  D=   1 
 X= 958 X2=1018  Y= 964 Y2=1023 P1=1022 P2=  -1 T1=1019 T2= 922  P= 531  D=   1 
 X=1023 X2=1009  Y= 971 Y2=1023 P1=1023 P2=  -1 T1=1019 T2= 906  P= 531  D=   1 
 X=1023 X2= 996  Y= 985 Y2=1023 P1=1022 P2=  -1 T1=1018 T2= 913  P= 531  D=   1 
 X= 819 X2=1023  Y= 981 Y2=1019 P1=1022 P2=  -1 T1=1019 T2= 917  P= 531  D=   1 
 X= 995 X2=1006  Y= 982 Y2=1023 P1=1022 P2=  -1 T1=1022 T2= 920  P= 531  D=   1 
 X= 971 X2=1014  Y= 982 Y2=1018 P1=1021 P2=  -1 T1=1018 T2= 924  P= 531  D=   1 
 X=1023 X2=1016  Y= 985 Y2=1018 P1=1022 P2=  -1 T1=1019 T2= 925  P= 531  D=   1 
 X=1016 X2=1017  Y= 980 Y2=1021 P1=1022 P2=  -1 T1=1020 T2= 927  P= 531  D=   1 
 X= 996 X2=1013  Y= 985 Y2=1018 P1=1022 P2=  -1 T1=1019 T2= 910  P= 531  D=   1 
 X=1000 X2=1003  Y= 983 Y2=1023 P1=1022 P2=  -1 T1=1023 T2= 939  P= 531  D=   1 
 X= 924 X2=1023  Y= 982 Y2=1019 P1=1023 P2=  -1 T1=1019 T2= 915  P= 531  D=   1 
 X= 950 X2=1020  Y= 983 Y2=1018 P1=1023 P2=  -1 T1=1019 T2= 941  P= 531  D=   1 
 X= 963 X2=1023  Y= 981 Y2=1018 P1=1023 P2=  -1 T1=1018 T2= 941  P= 531  D=   1 
 X= 885 X2=1023  Y= 982 Y2=1023 P1=1022 P2=  -1 T1=1023 T2= 911  P= 531  D=   1 
 X=1018 X2= 990  Y= 980 Y2=1023 P1=1023 P2=  -1 T1=1020 T2= 926  P= 531  D=   1 
 X= 948 X2=1023  Y= 981 Y2=1023 P1=1023 P2=  -1 T1=1023 T2= 895  P= 531  D=   1 
 X= 912 X2=1020  Y= 971 Y2=1018 P1=1023 P2=  -1 T1=1018 T2= 921  P= 531  D=   1 
 X= 979 X2=1012  Y= 977 Y2=1023 P1=1022 P2=  -1 T1=1020 T2= 903  P= 531  D=   1 
 X=1007 X2=1003  Y= 979 Y2=1018 P1=1023 P2=  -1 T1=1023 T2= 911  P= 531  D=   1 
 X= 863 X2=1023  Y= 981 Y2=1018 P1=1023 P2=  -1 T1=1023 T2= 929  P= 531  D=   1 
 X= 885 X2=1023  Y= 974 Y2=1023 P1=1022 P2=   1 T1=1019 T2= 923  P= 531  D=   1 
 X= 872 X2=1015  Y= 990 Y2=1023 P1=1022 P2=   0 T1=1023 T2= 928  P= 531  D=   1 
 X= 873 X2=1021  Y= 987 Y2=1019 P1=1022 P2=   0 T1=1023 T2= 930  P= 531  D=   1 
 X= 959 X2=1016  Y= 980 Y2=1023 P1=1022 P2=   0 T1=1018 T2= 959  P= 531  D=   1 
 X= 994 X2=1015  Y= 988 Y2=1023 P1=1022 P2=   0 T1=1023 T2= 910  P= 531  D=   1 
 X= 982 X2=1018  Y= 985 Y2=1023 P1=1022 P2=   0 T1=1018 T2= 914  P= 531  D=   1 
 X= 959 X2=1021  Y= 990 Y2=1017 P1=1022 P2=   0 T1=1018 T2= 893  P= 531  D=   1 
 X= 939 X2= 992  Y= 981 Y2=1022 P1=1022 P2=   0 T1=1020 T2= 918  P= 531  D=   1 
 X= 921 X2=1023  Y= 991 Y2=1019 P1=1022 P2=   0 T1=1023 T2= 905  P= 531  D=   1 
 X= 966 X2= 988  Y= 971 Y2=1019 P1=1023 P2=   0 T1=1022 T2= 918  P= 531  D=   1 
 X= 962 X2=1020  Y= 977 Y2=1023 P1=1023 P2=   0 T1=1023 T2= 907  P= 531  D=   1 
 X= 931 X2=1017  Y= 986 Y2=1023 P1=1022 P2=   0 T1=1019 T2= 911  P= 531  D=   1 
 X= 809 X2=1023  Y= 977 Y2=1018 P1=1022 P2=   0 T1=1020 T2= 919  P= 531  D=   1 
 X=1023 X2=1013  Y= 984 Y2=1023 P1=1022 P2=   0 T1=1023 T2= 924  P= 531  D=   1 
 X= 983 X2=1008  Y= 988 Y2=1018 P1=1023 P2=   0 T1=1018 T2= 913  P= 531  D=   1 
 X= 939 X2=1023  Y= 980 Y2=1023 P1=1023 P2=   0 T1=1023 T2= 927  P= 531  D=   1 
 X=1023 X2=1006  Y= 992 Y2=1017 P1=1023 P2=   0 T1=1019 T2= 923  P= 531  D=   1 
 X=1023 X2=1011  Y= 985 Y2=1023 P1=1022 P2=   0 T1=1018 T2= 920  P= 531  D=   1 
 X= 845 X2=1023  Y= 987 Y2=1019 P1=1022 P2=   0 T1=1023 T2= 899  P= 531  D=   1 
 X= 912 X2=1023  Y= 978 Y2=1018 P1=1022 P2=   0 T1=1023 T2= 921  P= 531  D=   1 
 X= 975 X2=1008  Y= 987 Y2=1018 P1=1023 P2=   0 T1=1023 T2= 914  P= 531  D=   1 
 X= 934 X2=1017  Y= 985 Y2=1019 P1=1022 P2=   0 T1=1023 T2= 917  P= 531  D=   1 
 X=1023 X2=1002  Y= 984 Y2=1023 P1=1023 P2=   0 T1=1022 T2= 934  P= 531  D=   1 
 X= 869 X2=1014  Y= 981 Y2=1016 P1=1020 P2=   0 T1=1018 T2= 910  P= 531  D=   1 
 X= 987 X2=1015  Y= 986 Y2=1021 P1=1023 P2=   0 T1=1020 T2= 899  P= 531  D=   1 
 X= 864 X2=1023  Y= 984 Y2=1018 P1=1022 P2=   0 T1=1019 T2= 905  P= 531  D=   1 
 X= 970 X2= 988  Y= 981 Y2=1023 P1=1023 P2=   0 T1=1019 T2= 905  P= 531  D=   1 
 X= 990 X2=1023  Y= 985 Y2=1018 P1=1023 P2=   0 T1=1023 T2= 926  P= 531  D=   1 
 X=1017 X2=1018  Y= 992 Y2=1019 P1=1022 P2=   0 T1=1019 T2= 922  P= 531  D=   1 
 X= 961 X2=1011  Y= 982 Y2=1023 P1=1023 P2=   0 T1=1018 T2= 905  P= 531  D=   1 
 X= 871 X2=1022  Y= 958 Y2=1018 P1=1022 P2=   0 T1=1019 T2= 933  P= 531  D=   1 
 X= 825 X2=1023  Y= 976 Y2=1017 P1=1023 P2=   0 T1=1019 T2= 900  P= 531  D=   1 
 X=1023 X2=1009  Y= 980 Y2=1018 P1=1022 P2=   0 T1=1023 T2= 908  P= 531  D=   1 
 X=1013 X2= 988  Y= 986 Y2=1020 P1=1023 P2=   0 T1=1020 T2= 928  P= 531  D=   1 
 X=1020 X2=1017  Y= 993 Y2=1019 P1=1023 P2=   0 T1=1023 T2= 931  P= 531  D=   1 
 X=1018 X2= 995  Y= 975 Y2=1017 P1=1022 P2=   0 T1=1020 T2= 912  P= 531  D=   1 
 X= 851 X2=1023  Y= 982 Y2=1019 P1=1023 P2=   0 T1=1023 T2= 901  P= 531  D=   1 
 X= 948 X2=1020  Y= 976 Y2=1022 P1=1022 P2=   0 T1=1018 T2= 910  P= 531  D=   1 
 X= 910 X2=1023  Y= 978 Y2=1022 P1=1023 P2=   0 T1=1020 T2= 927  P= 531  D=   1 
 X= 986 X2=1013  Y= 992 Y2=1023 P1=1022 P2=   0 T1=1023 T2= 927  P= 531  D=   1 
 X= 888 X2=1018  Y= 981 Y2=1023 P1=1022 P2=   0 T1=1019 T2= 911  P= 531  D=   1 
 X=1023 X2=1007  Y= 979 Y2=1018 P1=1022 P2=   0 T1=1020 T2= 931  P= 531  D=   1 
 X=1009 X2=1007  Y= 989 Y2=1023 P1=1022 P2=   0 T1=1019 T2= 915  P= 531  D=   1 
 X= 845 X2=1023  Y= 986 Y2=1019 P1=1023 P2=   0 T1=1023 T2= 898  P= 531  D=   1 
 X=1023 X2=1013  Y= 957 Y2=1019 P1=1022 P2=   0 T1=1023 T2= 934  P= 531  D=   1 
 X= 972 X2=1012  Y= 982 Y2=1020 P1=1022 P2=   0 T1=1018 T2= 938  P= 531  D=   1 
 X= 952 X2=1023  Y= 972 Y2=1023 P1=1021 P2=   0 T1=1022 T2= 927  P= 531  D=   1 
 X=1018 X2=1015  Y=1023 Y2=1019 P1=1022 P2=   0 T1=1018 T2=1021  P= 531  D=   1 
 X= 916 X2=1023  Y= 978 Y2=1019 P1=1023 P2=   0 T1=1017 T2= 920  P= 531  D=   1 
 X= 933 X2=1017  Y= 981 Y2=1023 P1=1023 P2=   0 T1=1023 T2= 930  P= 531  D=   1 
 X= 944 X2= 996  Y= 987 Y2=1018 P1=1022 P2=   0 T1=1023 T2= 923  P= 531  D=   1 
 X=1020 X2=1014  Y= 980 Y2=1023 P1=1022 P2=   0 T1=1019 T2= 917  P= 531  D=   1 
 X=1008 X2= 997  Y= 974 Y2=1023 P1=1022 P2=   0 T1=1023 T2= 933  P= 531  D=   1 
 X= 963 X2=1019  Y= 995 Y2=1023 P1=1022 P2=   0 T1=1023 T2= 915  P= 531  D=   1 
 X=1020 X2=1015  Y= 975 Y2=1021 P1=1022 P2=   0 T1=1019 T2= 921  P= 531  D=   1 
 X= 961 X2=1019  Y= 988 Y2=1018 P1=1022 P2=   0 T1=1023 T2= 920  P= 531  D=   1 
 X= 857 X2=1023  Y= 980 Y2=1018 P1=1023 P2=   0 T1=1018 T2= 913  P= 531  D=   1 
 X=1023 X2=1013  Y= 979 Y2=1023 P1=1022 P2=   0 T1=1023 T2= 909  P= 531  D=   1 
 X= 987 X2=1006  Y= 983 Y2=1023 P1=1022 P2=   0 T1=1018 T2= 933  P= 531  D=   1 
 X= 964 X2=1008  Y= 986 Y2=1018 P1=1022 P2=   0 T1=1019 T2= 917  P= 531  D=   1 
 X= 960 X2=1022  Y= 987 Y2=1018 P1=1020 P2=   0 T1=1023 T2= 924  P= 531  D=   1 
 X=1013 X2= 995  Y= 987 Y2=1019 P1=1023 P2=   0 T1=1019 T2= 921  P= 531  D=   1 
 X= 899 X2=1023  Y= 984 Y2=1023 P1=1023 P2=   0 T1=1023 T2= 914  P= 531  D=   1 
 X= 952 X2=1021  Y= 979 Y2=1022 P1=1023 P2=   0 T1=1019 T2= 923  P= 531  D=   1 
 X= 868 X2=1015  Y= 984 Y2=1023 P1=1023 P2=   0 T1=1021 T2= 919  P= 531  D=   1 
 X= 946 X2=1023  Y= 988 Y2=1018 P1=1023 P2=   0 T1=1018 T2= 905  P= 531  D=   1 
 X= 935 X2=1023  Y= 977 Y2=1021 P1=1022 P2=   0 T1=1023 T2= 897  P= 531  D=   1 
 X=1023 X2=1013  Y= 977 Y2=1018 P1=1022 P2=   0 T1=1023 T2= 917  P= 531  D=   1 
 X= 867 X2=1012  Y= 984 Y2=1023 P1=1022 P2=   0 T1=1018 T2= 915  P= 531  D=   1 
 X= 961 X2=1023  Y= 983 Y2=1018 P1=1023 P2=   0 T1=1018 T2= 921  P= 531  D=   1 
 X= 952 X2=1004  Y= 977 Y2=1022 P1=1023 P2=   0 T1=1023 T2= 937  P= 531  D=   1 
 X= 853 X2=1023  Y= 978 Y2=1023 P1=1023 P2=   0 T1=1018 T2= 904  P= 531  D=   1 
 X= 905 X2=1023  Y= 972 Y2=1019 P1=1023 P2=   0 T1=1019 T2= 923  P= 531  D=   1 
 X= 879 X2=1023  Y= 989 Y2=1021 P1=1023 P2=   0 T1=1023 T2= 968  P= 531  D=   1 
 X= 912 X2=1017  Y= 981 Y2=1019 P1=1023 P2=   0 T1=1019 T2= 913  P= 531  D=   1 
 X= 884 X2=1023  Y= 981 Y2=1023 P1=1022 P2=   0 T1=1023 T2= 908  P= 531  D=   1 
 X=1023 X2=1012  Y= 988 Y2=1023 P1=1023 P2=   0 T1=1023 T2= 911  P= 531  D=   1 
 X= 998 X2=1005  Y= 981 Y2=1021 P1=1023 P2=   0 T1=1019 T2= 907  P= 531  D=   1 
 X= 949 X2=1016  Y= 977 Y2=1022 P1=1023 P2=   0 T1=1023 T2= 927  P= 531  D=   1 
 X= 953 X2=1022  Y= 987 Y2=1023 P1=1023 P2=   0 T1=1019 T2= 918  P= 531  D=   1 
 X= 950 X2=1020  Y= 982 Y2=1023 P1=1022 P2=   2 T1=1023 T2= 908  P= 531  D=   1 
 X= 931 X2=1023  Y= 982 Y2=1018 P1=1023 P2=   0 T1=1023 T2= 925  P= 531  D=   1 
 X= 976 X2=1022  Y= 984 Y2=1023 P1=1022 P2=   0 T1=1023 T2= 914  P= 531  D=   1 
 X= 986 X2=1014  Y= 977 Y2=1018 P1=1022 P2=   0 T1=1023 T2= 911  P= 531  D=   1 
 X= 901 X2=1020  Y= 986 Y2=1023 P1=1023 P2=   0 T1=1022 T2= 908  P= 531  D=   1 
 X= 944 X2=1021  Y= 989 Y2=1023 P1=1023 P2=   0 T1=1019 T2= 909  P= 531  D=   1 
 X=1022 X2=1014  Y= 980 Y2=1023 P1=1022 P2=   0 T1=1019 T2= 920  P= 531  D=   1 
 X= 926 X2=1023  Y= 989 Y2=1020 P1=1023 P2=   0 T1=1022 T2= 927  P= 531  D=   1 
 X= 998 X2=1003  Y= 983 Y2=1023 P1=1023 P2=   0 T1=1020 T2= 936  P= 531  D=   1 
 X= 988 X2=1007  Y= 985 Y2=1023 P1=1022 P2=   0 T1=1023 T2= 923  P= 531  D=   1 
 X= 898 X2=1022  Y= 989 Y2=1023 P1=1022 P2=   0 T1=1018 T2= 931  P= 531  D=   1 
 X= 890 X2=1023  Y= 989 Y2=1018 P1=1023 P2=   0 T1=1023 T2= 917  P= 531  D=   1 
 X=1006 X2= 997  Y= 983 Y2=1022 P1=1022 P2=   0 T1=1023 T2= 928  P= 531  D=   1 
 X= 954 X2=1015  Y= 979 Y2=1018 P1=1022 P2=   0 T1=1021 T2= 914  P= 531  D=   1 
 X= 977 X2=1004  Y= 983 Y2=1023 P1=1023 P2=   0 T1=1023 T2= 916  P= 531  D=   1 
 X=1023 X2=1005  Y= 992 Y2=1023 P1=1022 P2=   0 T1=1018 T2= 925  P= 531  D=   1 
 X= 869 X2=1018  Y= 985 Y2=1018 P1=1023 P2=   0 T1=1023 T2= 925  P= 531  D=   1 
 X= 921 X2=1023  Y= 978 Y2=1019 P1=1023 P2=   0 T1=1023 T2= 919  P= 531  D=   1 
 X= 994 X2=1007  Y= 981 Y2=1019 P1=1022 P2=   0 T1=1023 T2= 917  P= 531  D=   1 
 X= 829 X2=1023  Y= 989 Y2=1023 P1=1022 P2=   0 T1=1023 T2= 923  P= 531  D=   1 
 X= 831 X2=1023  Y= 985 Y2=1023 P1=1023 P2=   0 T1=1023 T2= 924  P= 531  D=   1 
 X=1013 X2=1011  Y= 976 Y2=1023 P1=1023 P2=   0 T1=1019 T2= 900  P= 531  D=   1 
 X= 984 X2=1018  Y= 982 Y2=1023 P1=1022 P2=   0 T1=1023 T2= 908  P= 531  D=   1 
 X= 870 X2=1023  Y= 967 Y2=1019 P1=1023 P2=   0 T1=1019 T2= 964  P= 531  D=   1 
 X=1023 X2=1008  Y= 991 Y2=1019 P1=1023 P2=   0 T1=1019 T2= 927  P= 531  D=   1 
 X=1023 X2=1013  Y= 986 Y2=1019 P1=1022 P2=   0 T1=1018 T2= 913  P= 531  D=   1 
 X= 879 X2=1023  Y= 984 Y2=1020 P1=1022 P2=   0 T1=1019 T2= 913  P= 531  D=   1 
 X= 858 X2=1023  Y= 985 Y2=1023 P1=1022 P2=   0 T1=1019 T2= 917  P= 531  D=   1 
 X= 979 X2=1012  Y= 980 Y2=1023 P1=1021 P2=   0 T1=1018 T2= 915  P= 531  D=   1 
 X= 961 X2=1020  Y= 983 Y2=1023 P1=1023 P2=   0 T1=1018 T2= 918  P= 531  D=   1 
 X= 938 X2=1023  Y= 978 Y2=1018 P1=1022 P2=   0 T1=1023 T2= 928  P= 531  D=   1 
 X= 994 X2= 988  Y= 989 Y2=1018 P1=1021 P2=   0 T1=1023 T2= 919  P= 531  D=   1 
 X= 985 X2=1013  Y= 986 Y2=1021 P1=1022 P2=   0 T1=1020 T2= 879  P= 531  D=   1 
 X= 956 X2=1020  Y= 984 Y2=1023 P1=1023 P2=   0 T1=1023 T2= 917  P= 531  D=   1 
 X= 963 X2= 996  Y= 984 Y2=1023 P1=1022 P2=   0 T1=1023 T2= 927  P= 531  D=   1 
 X= 949 X2=1023  Y= 985 Y2=1019 P1=1023 P2=   0 T1=1019 T2= 922  P= 531  D=   1 
 X= 921 X2=1023  Y= 974 Y2=1019 P1=1023 P2=   0 T1=1023 T2= 931  P= 531  D=   1 
 X= 946 X2=1019  Y= 987 Y2=1023 P1=1023 P2=   0 T1=1020 T2= 919  P= 531  D=   1 
 X= 960 X2=1021  Y= 986 Y2=1018 P1=1022 P2=   0 T1=1023 T2= 912  P= 531  D=   1 
 X= 956 X2=1023  Y= 991 Y2=1022 P1=1022 P2=   0 T1=1023 T2= 927  P= 531  D=   1 
 X= 937 X2= 999  Y= 982 Y2=1019 P1=1022 P2=   0 T1=1023 T2= 901  P= 531  D=   1 
 X= 993 X2=1007  Y= 975 Y2=1020 P1=1023 P2=   0 T1=1019 T2= 915  P= 531  D=   1 
 X= 903 X2=1023  Y= 986 Y2=1018 P1=1023 P2=   0 T1=1019 T2= 896  P= 531  D=   1 
 X= 971 X2=1020  Y= 979 Y2=1022 P1=1023 P2=   0 T1=1018 T2= 907  P= 531  D=   1 
 X=1023 X2= 987  Y= 984 Y2=1022 P1=1022 P2=   0 T1=1019 T2= 906  P= 531  D=   1 
 X= 822 X2=1023  Y= 973 Y2=1023 P1=1022 P2=   0 T1=1023 T2= 908  P= 531  D=   1 
 X= 912 X2=1020  Y= 984 Y2=1019 P1=1022 P2=   0 T1=1018 T2= 921  P= 531  D=   1 
 X= 982 X2=1008  Y= 986 Y2=1018 P1=1022 P2=   0 T1=1023 T2= 917  P= 531  D=   1 
 X= 995 X2=1023  Y= 985 Y2=1018 P1=1023 P2=   0 T1=1019 T2= 936  P= 531  D=   1 
 X=1016 X2=1012  Y= 989 Y2=1018 P1=1023 P2=   0 T1=1019 T2= 917  P= 531  D=   1 
 X=1012 X2=1014  Y= 985 Y2=1018 P1=1022 P2=   0 T1=1023 T2= 918  P= 531  D=   1 
 X= 969 X2=1023  Y= 984 Y2=1017 P1=1023 P2=   0 T1=1018 T2= 919  P= 531  D=   1 
 X= 924 X2=1023  Y= 977 Y2=1018 P1=1022 P2=   0 T1=1023 T2= 936  P= 531  D=   1 
 X= 936 X2=1020  Y= 976 Y2=1018 P1=1022 P2=   0 T1=1023 T2= 915  P= 531  D=   1 
 X= 957 X2=1023  Y= 978 Y2=1022 P1=1023 P2=   0 T1=1020 T2= 915  P= 531  D=   1 
 X= 985 X2=1017  Y= 983 Y2=1017 P1=1022 P2=   0 T1=1019 T2= 924  P= 531  D=   1 
 X= 972 X2=1023  Y= 990 Y2=1019 P1=1022 P2=   0 T1=1020 T2= 934  P= 531  D=   1 
 X= 910 X2=1020  Y= 980 Y2=1018 P1=1022 P2=   0 T1=1023 T2= 939  P= 531  D=   1 
 X= 937 X2=1023  Y= 985 Y2=1018 P1=1023 P2=   0 T1=1022 T2= 931  P= 531  D=   1 
 X=1023 X2=1008  Y= 990 Y2=1023 P1=1023 P2=   0 T1=1018 T2= 935  P= 531  D=   1 
 X=1007 X2= 979  Y= 980 Y2=1019 P1=1022 P2=   0 T1=1023 T2= 905  P= 531  D=   1 
 X= 933 X2=1021  Y= 983 Y2=1023 P1=1023 P2=   0 T1=1023 T2= 927  P= 531  D=   1 
 X= 927 X2=1021  Y= 977 Y2=1023 P1=1023 P2=   0 T1=1019 T2= 914  P= 531  D=   1 
 X= 963 X2=1023  Y= 984 Y2=1019 P1=1022 P2=   0 T1=1018 T2= 920  P= 531  D=   1 
 X= 791 X2=1023  Y= 975 Y2=1018 P1=1023 P2=   0 T1=1019 T2= 924  P= 531  D=   1 
 X= 926 X2=1023  Y= 977 Y2=1023 P1=1022 P2=   0 T1=1018 T2= 907  P= 531  D=   1 
 X= 992 X2=1002  Y= 986 Y2=1023 P1=1022 P2=   0 T1=1023 T2= 933  P= 531  D=   1 
 X= 981 X2=1011  Y= 990 Y2=1017 P1=1022 P2=   0 T1=1023 T2= 921  P= 531  D=   1 
 X= 911 X2=1008  Y=1018 Y2=1018 P1=1022 P2=   0 T1=1023 T2=1019  P= 531  D=   1 
 X= 799 X2=1023  Y= 977 Y2=1023 P1=1023 P2=   0 T1=1023 T2= 933  P= 531  D=   1 
 X= 905 X2=1023  Y= 983 Y2=1019 P1=1022 P2=   0 T1=1023 T2= 932  P= 531  D=   1 
 X= 966 X2=1007  Y= 976 Y2=1023 P1=1023 P2=   0 T1=1019 T2= 916  P= 531  D=   1 
 X=1022 X2= 991  Y= 979 Y2=1019 P1=1022 P2=   0 T1=1023 T2= 910  P= 531  D=   1 
 X= 913 X2=1023  Y= 995 Y2=1019 P1=1020 P2=   0 T1=1019 T2= 927  P= 531  D=   1 
 X= 850 X2=1023  Y= 982 Y2=1023 P1=1022 P2=   0 T1=1018 T2= 944  P= 531  D=   1 
 X=1001 X2=1002  Y= 979 Y2=1020 P1=1022 P2=   0 T1=1023 T2= 917  P= 531  D=   1 
 X= 994 X2=1008  Y= 977 Y2=1019 P1=1022 P2=   0 T1=1023 T2= 933  P= 531  D=   1 
 X= 948 X2=1020  Y= 985 Y2=1023 P1=1023 P2=   0 T1=1023 T2= 925  P= 531  D=   1 
 X=1023 X2= 988  Y= 979 Y2=1023 P1=1022 P2=   0 T1=1019 T2= 923  P= 531  D=   1 
 X= 983 X2=1007  Y= 979 Y2=1018 P1=1022 P2=   0 T1=1023 T2= 910  P= 531  D=   1 
 X= 849 X2=1023  Y= 978 Y2=1023 P1=1022 P2=   0 T1=1020 T2= 932  P= 531  D=   1 
 X= 950 X2=1020  Y= 979 Y2=1022 P1=1023 P2=   0 T1=1021 T2= 937  P= 531  D=   1 
 X= 874 X2=1015  Y= 967 Y2=1018 P1=1022 P2=   0 T1=1018 T2= 917  P= 531  D=   1 
 X= 958 X2=1023  Y= 985 Y2=1018 P1=1022 P2=   0 T1=1023 T2= 920  P= 531  D=   1 
 X=1022 X2=1006  Y= 972 Y2=1018 P1=1022 P2=   0 T1=1019 T2= 918  P= 531  D=   1 
 X=1000 X2= 991  Y= 981 Y2=1018 P1=1016 P2=   0 T1=1021 T2= 920  P= 531  D=   1 
 X= 962 X2=1023  Y= 978 Y2=1023 P1=1023 P2=   0 T1=1023 T2= 913  P= 531  D=   1 
 X= 944 X2=1020  Y= 989 Y2=1022 P1=1023 P2=   0 T1=1022 T2= 932  P= 531  D=   1 
 X=1023 X2=1007  Y= 980 Y2=1018 P1=1022 P2=   0 T1=1023 T2= 928  P= 531  D=   1 
 X= 902 X2=1023  Y= 981 Y2=1018 P1=1023 P2=   0 T1=1019 T2= 927  P= 531  D=   1 
 X= 903 X2=1023  Y= 981 Y2=1019 P1=1023 P2=   0 T1=1019 T2= 917  P= 531  D=   1 
 X= 873 X2=1014  Y= 984 Y2=1023 P1=1023 P2=   0 T1=1023 T2= 924  P= 531  D=   1 
 X= 862 X2=1016  Y= 990 Y2=1022 P1=1023 P2=   0 T1=1019 T2= 915  P= 531  D=   1 
 X= 888 X2=1023  Y= 980 Y2=1023 P1=1022 P2=   0 T1=1018 T2= 913  P= 531  D=   1 
 X=1021 X2= 991  Y= 980 Y2=1017 P1=1022 P2=   0 T1=1018 T2= 935  P= 531  D=   1 
 X= 985 X2=1009  Y= 987 Y2=1018 P1=1021 P2=   0 T1=1018 T2= 932  P= 531  D=   1 
 X= 952 X2=1023  Y= 968 Y2=1023 P1=1022 P2=   0 T1=1022 T2= 911  P= 531  D=   1 
 X= 947 X2=1019  Y= 972 Y2=1018 P1=1023 P2=   0 T1=1019 T2= 926  P= 531  D=   1 
 X= 905 X2=1002  Y= 988 Y2=1016 P1=1022 P2=   0 T1=1023 T2= 933  P= 531  D=   1 
 X= 841 X2=1023  Y= 990 Y2=1019 P1=1022 P2=   0 T1=1019 T2= 908  P= 531  D=   1 
 X= 937 X2=1023  Y= 987 Y2=1018 P1=1022 P2=   0 T1=1019 T2= 917  P= 531  D=   1 
 X= 874 X2=1015  Y= 995 Y2=1023 P1=1023 P2=   0 T1=1023 T2= 912  P= 531  D=   1 
 X= 922 X2=1020  Y= 988 Y2=1023 P1=1023 P2=   0 T1=1018 T2= 926  P= 531  D=   1 
 X=1023 X2=1003  Y= 983 Y2=1023 P1=1023 P2=   0 T1=1019 T2= 936  P= 531  D=   1 
 X=1023 X2=1005  Y= 988 Y2=1023 P1=1023 P2=   0 T1=1018 T2= 927  P= 531  D=   1 
 X= 913 X2=1023  Y= 981 Y2=1018 P1=1022 P2=   0 T1=1018 T2= 935  P= 531  D=   1 
 X= 968 X2=1023  Y= 985 Y2=1019 P1=1022 P2=   0 T1=1018 T2= 927  P= 531  D=   1 
 X=1023 X2=1013  Y= 981 Y2=1021 P1=1022 P2=   0 T1=1020 T2= 917  P= 531  D=   1 
 X= 955 X2=1023  Y= 989 Y2=1019 P1=1022 P2=   0 T1=1021 T2= 929  P= 531  D=   1 
 X= 964 X2= 996  Y= 981 Y2=1023 P1=1023 P2=   0 T1=1017 T2= 928  P= 531  D=   1 
 X= 888 X2=1015  Y= 978 Y2=1023 P1=1022 P2=   0 T1=1023 T2= 932  P= 531  D=   1 
 X= 815 X2=1023  Y= 975 Y2=1021 P1=1022 P2=   0 T1=1023 T2= 923  P= 531  D=   1 
 X= 960 X2=1023  Y= 977 Y2=1023 P1=1022 P2=   0 T1=1023 T2= 932  P= 531  D=   1 
 X=1023 X2=1004  Y= 990 Y2=1018 P1=1022 P2=   0 T1=1019 T2= 932  P= 531  D=   1 
 X= 972 X2=1021  Y= 981 Y2=1022 P1=1022 P2=   0 T1=1018 T2= 931  P= 531  D=   1 
 X= 933 X2=1023  Y= 991 Y2=1019 P1=1022 P2=   0 T1=1019 T2= 927  P= 531  D=   1 
 X= 980 X2=1023  Y= 984 Y2=1019 P1=1022 P2=   0 T1=1023 T2= 915  P= 531  D=   1 
 X= 936 X2=1016  Y= 978 Y2=1023 P1=1022 P2=   0 T1=1023 T2= 928  P= 531  D=   1 
 X= 855 X2=1021  Y= 984 Y2=1017 P1=1023 P2=   0 T1=1023 T2= 936  P= 531  D=   1 
 X= 958 X2=1023  Y= 990 Y2=1019 P1=1023 P2=   0 T1=1023 T2= 900  P= 531  D=   1 
 X= 874 X2=1015  Y= 977 Y2=1019 P1=1023 P2=   0 T1=1018 T2= 921  P= 531  D=   1 
 X= 920 X2=1004  Y= 956 Y2=1023 P1=1023 P2=   0 T1=1021 T2= 930  P= 531  D=   1 
 X= 973 X2= 991  Y= 986 Y2=1018 P1=1022 P2=   0 T1=1019 T2= 898  P= 531  D=   1 
 X= 899 X2=1023  Y= 987 Y2=1017 P1=1021 P2=   0 T1=1018 T2= 968  P= 531  D=   1 
 X= 938 X2=1023  Y= 988 Y2=1023 P1=1023 P2=   0 T1=1023 T2= 908  P= 531  D=   1 
 X= 901 X2=1021  Y= 985 Y2=1019 P1=1023 P2=   0 T1=1020 T2= 913  P= 531  D=   1 
 X= 910 X2=1020  Y= 987 Y2=1018 P1=1022 P2=   0 T1=1022 T2= 927  P= 531  D=   1 
 X= 815 X2=1023  Y= 984 Y2=1022 P1=1022 P2=   0 T1=1023 T2= 916  P= 531  D=   1 
 X= 978 X2=1015  Y= 982 Y2=1019 P1=1022 P2=   0 T1=1022 T2= 907  P= 531  D=   1 
 X= 995 X2=1001  Y= 986 Y2=1022 P1=1022 P2=   0 T1=1018 T2= 932  P= 531  D=   1 
 X= 865 X2=1015  Y= 981 Y2=1023 P1=1023 P2=   0 T1=1023 T2= 926  P= 531  D=   1 
 X= 966 X2= 995  Y= 976 Y2=1017 P1=1022 P2=   0 T1=1022 T2= 913  P= 531  D=   1 
 X= 937 X2= 997  Y= 988 Y2=1018 P1=1022 P2=   0 T1=1023 T2= 923  P= 531  D=   1 
 X= 872 X2=1022  Y= 980 Y2=1018 P1=1022 P2=   0 T1=1023 T2= 923  P= 531  D=   1 
 X= 882 X2=1023  Y= 979 Y2=1019 P1=1023 P2=   0 T1=1023 T2= 896  P= 531  D=   1 
 X= 956 X2=1023  Y= 976 Y2=1023 P1=1022 P2=   0 T1=1018 T2= 908  P= 531  D=   1 
 X= 934 X2=1019  Y= 988 Y2=1023 P1=1023 P2=   0 T1=1021 T2= 924  P= 531  D=   1 
 X= 823 X2=1023  Y= 986 Y2=1023 P1=1023 P2=   0 T1=1019 T2= 953  P= 531  D=   1 
 X=1018 X2=1013  Y= 984 Y2=1019 P1=1022 P2=   0 T1=1020 T2= 919  P= 531  D=   1 
 X= 973 X2=1003  Y= 972 Y2=1019 P1=1022 P2=   0 T1=1018 T2= 896  P= 531  D=   1 
 X= 884 X2=1023  Y= 982 Y2=1018 P1=1022 P2=   0 T1=1019 T2= 911  P= 531  D=   1 
 X= 954 X2= 993  Y= 977 Y2=1017 P1=1022 P2=   0 T1=1019 T2= 900  P= 531  D=   1 
 X= 895 X2=1023  Y= 985 Y2=1023 P1=1022 P2=   0 T1=1020 T2= 910  P= 531  D=   1 
 X= 868 X2=1023  Y= 975 Y2=1023 P1=1022 P2=   0 T1=1019 T2= 923  P= 531  D=   1 
 X= 892 X2=1023  Y= 977 Y2=1022 P1=1022 P2=   0 T1=1023 T2= 921  P= 531  D=   1 
 X= 912 X2=1017  Y= 983 Y2=1023 P1=1022 P2=   0 T1=1023 T2= 903  P= 531  D=   1 
 X= 910 X2=1020  Y= 978 Y2=1017 P1=1023 P2=   0 T1=1018 T2= 910  P= 531  D=   1 
 X=1023 X2=1005  Y= 971 Y2=1019 P1=1023 P2=   0 T1=1019 T2= 931  P= 531  D=   1 
 X= 975 X2=1021  Y= 992 Y2=1018 P1=1023 P2=   0 T1=1023 T2= 928  P= 531  D=   1 
 X= 934 X2=1019  Y= 984 Y2=1023 P1=1023 P2=   0 T1=1023 T2= 918  P= 531  D=   1 
 X=1018 X2=1018  Y= 978 Y2=1019 P1=1022 P2=   0 T1=1018 T2= 928  P= 531  D=   1 
 X=1023 X2=1008  Y= 980 Y2=1023 P1=1023 P2=   0 T1=1020 T2= 912  P= 531  D=   1 
 X= 811 X2=1023  Y= 985 Y2=1017 P1=1023 P2=   0 T1=1020 T2= 930  P= 531  D=   1 
 X= 857 X2=1021  Y= 994 Y2=1023 P1=1022 P2=   0 T1=1023 T2= 896  P= 531  D=   1 
 X= 993 X2=1013  Y= 972 Y2=1021 P1=1021 P2=   0 T1=1020 T2= 916  P= 531  D=   1 
 X= 876 X2=1017  Y= 985 Y2=1023 P1=1020 P2=   0 T1=1023 T2= 913  P= 531  D=   1 
 X= 902 X2=1022  Y= 989 Y2=1019 P1=1022 P2=   0 T1=1019 T2= 917  P= 531  D=   1 
 X= 883 X2=1015  Y= 988 Y2=1023 P1=1022 P2=   0 T1=1023 T2= 900  P= 531  D=   1 
 X= 986 X2=1012  Y= 986 Y2=1017 P1=1022 P2=   0 T1=1023 T2= 919  P= 531  D=   1 
 X= 973 X2=1020  Y= 989 Y2=1023 P1=1023 P2=   0 T1=1020 T2= 928  P= 531  D=   1 
 X= 950 X2=1023  Y= 983 Y2=1019 P1=1023 P2=   0 T1=1023 T2= 924  P= 531  D=   1 
 X= 951 X2=1023  Y= 979 Y2=1021 P1=1022 P2=   0 T1=1023 T2= 921  P= 531  D=   1 
 X= 279 X2=1023  Y= 978 Y2=1018 P1=1023 P2=   0 T1=  31 T2= 899  P= 531  D=   1 
 X= 236 X2= 234  Y= 332 Y2= 326 P1= 711 P2= 177 T1=  22 T2=  26  P= 708  D=   1 * 0
 X= 235 X2= 233  Y= 330 Y2= 323 P1= 687 P2= 191 T1=  21 T2=  22  P= 607  D=   1 * 0
 X= 235 X2= 232  Y= 330 Y2= 323 P1= 685 P2= 191 T1=  22 T2=  23  P= 602  D=   1 * 0
 X= 235 X2= 232  Y= 330 Y2= 323 P1= 686 P2= 191 T1=  24 T2=  23  P= 603  D=   1 * 0
 X= 235 X2= 232  Y= 330 Y2= 323 P1= 683 P2= 192 T1=  23 T2=  23  P= 595  D=   1 * 1
 X= 234 X2= 232  Y= 330 Y2= 323 P1= 684 P2= 192 T1=  23 T2=  22  P= 596  D=   1 * 2
 X= 235 X2= 233  Y= 329 Y2= 323 P1= 686 P2= 191 T1=  24 T2=  23  P= 606  D=   1 * 3
 X= 235 X2= 233  Y= 329 Y2= 323 P1= 685 P2= 192 T1=  22 T2=  23  P= 600  D=   1 * 4
 X= 234 X2= 232  Y= 330 Y2= 322 P1= 684 P2= 193 T1=  21 T2=  23  P= 592  D=   1 * 5
 X= 233 X2= 232  Y= 330 Y2= 322 P1= 683 P2= 193 T1=  22 T2=  22  P= 588  D=   1 * 6
 X= 235 X2= 232  Y= 329 Y2= 323 P1= 684 P2= 193 T1=  23 T2=  23  P= 592  D=   1 * 7
 X= 235 X2= 232  Y= 330 Y2= 323 P1= 683 P2= 193 T1=  23 T2=  22  P= 591  D=   1 * 8
 X= 235 X2= 231  Y= 330 Y2= 322 P1= 683 P2= 194 T1=  21 T2=  23  P= 587  D=   1 * 9
 X= 235 X2= 230  Y= 330 Y2= 322 P1= 683 P2= 193 T1=  22 T2=  22  P= 588  D=   1 * 10
 X= 235 X2= 232  Y= 329 Y2= 322 P1= 683 P2= 192 T1=  22 T2=  23  P= 595  D=   1 * 11
 X= 234 X2= 232  Y= 329 Y2= 322 P1= 683 P2= 193 T1=  21 T2=  23  P= 591  D=   1 * 12
 X= 235 X2= 232  Y= 330 Y2= 322 P1= 682 P2= 193 T1=  23 T2=  23  P= 590  D=   1 * 13
 X= 234 X2= 232  Y= 329 Y2= 322 P1= 683 P2= 193 T1=  23 T2=  23  P= 591  D=   1 * 14
 X= 235 X2= 231  Y= 329 Y2= 322 P1= 682 P2= 193 T1=  22 T2=  22  P= 590  D=   1 * 15
 X= 234 X2= 232  Y= 330 Y2= 323 P1= 683 P2= 194 T1=  23 T2=  23  P= 587  D=   1 * 16
 X= 234 X2= 233  Y= 330 Y2= 323 P1= 683 P2= 193 T1=  22 T2=  22  P= 591  D=   1 * 17
 X= 235 X2= 232  Y= 329 Y2= 323 P1= 682 P2= 193 T1=  22 T2=  23  P= 590  D=   1 * 18
 X= 234 X2= 232  Y= 329 Y2= 323 P1= 683 P2= 193 T1=  23 T2=  23  P= 591  D=   1 * 19
 X= 235 X2= 231  Y= 330 Y2= 323 P1= 683 P2= 194 T1=  23 T2=  22  P= 587  D=   1 * 20
 X= 234 X2= 232  Y= 330 Y2= 322 P1= 683 P2= 193 T1=  22 T2=  23  P= 591  D=   1 * 21
 X= 234 X2= 232  Y= 330 Y2= 322 P1= 683 P2= 193 T1=  23 T2=  22  P= 591  D=   1 * 22
 X= 234 X2= 232  Y= 331 Y2= 323 P1= 683 P2= 194 T1=  23 T2=  22  P= 587  D=   1 * 23
 X= 234 X2= 232  Y= 329 Y2= 323 P1= 683 P2= 193 T1=  23 T2=  23  P= 591  D=   1 * 24
Remove Pin
 X= 234 X2= 232  Y= 330 Y2= 322 P1= 683 P2= 193 T1=  22 T2=  23  P= 591  D=   1 * 24
 X= 234 X2= 233  Y= 329 Y2= 323 P1= 683 P2= 193 T1=  22 T2=  23  P= 591  D=   1 * 24
 X= 234 X2= 233  Y= 329 Y2= 323 P1= 683 P2= 193 T1=  23 T2=  22  P= 591  D=   1 * 24
 X= 234 X2= 232  Y= 329 Y2= 323 P1= 683 P2= 193 T1=  23 T2=  24  P= 591  D=   1 * 24
 X= 234 X2= 232  Y= 329 Y2= 320 P1= 683 P2= 193 T1=  23 T2=  22  P= 591  D=   1 * 24
 X= 235 X2= 231  Y= 330 Y2= 322 P1= 683 P2= 193 T1=  23 T2=  22  P= 591  D=   1 * 24
 X= 233 X2= 232  Y= 330 Y2= 321 P1= 682 P2= 193 T1=  22 T2=  23  P= 587  D=   1 * 24
 X= 235 X2= 232  Y= 329 Y2= 324 P1= 684 P2= 193 T1=  22 T2=  23  P= 592  D=   1 * 24
 X= 235 X2= 232  Y= 329 Y2= 323 P1= 683 P2= 193 T1=  23 T2=  23  P= 591  D=   1 * 24
 X= 235 X2= 232  Y= 330 Y2= 323 P1= 682 P2= 193 T1=  23 T2=  22  P= 590  D=   1 * 24
 X= 235 X2= 232  Y= 329 Y2= 322 P1= 683 P2= 193 T1=  23 T2=  23  P= 591  D=   1 * 24
 X= 235 X2= 232  Y= 330 Y2= 322 P1= 682 P2= 193 T1=  22 T2=  23  P= 590  D=   1 * 24
 X= 234 X2= 232  Y= 329 Y2= 322 P1= 683 P2= 193 T1=  22 T2=  23  P= 591  D=   1 * 24
 X= 235 X2= 232  Y= 329 Y2= 323 P1= 683 P2= 194 T1=  23 T2=  22  P= 587  D=   1 * 24
 X= 234 X2= 234  Y= 329 Y2= 322 P1= 683 P2= 194 T1=  23 T2=  22  P= 589  D=   1 * 24
 X= 235 X2= 232  Y= 330 Y2= 322 P1= 683 P2= 194 T1=  22 T2=  23  P= 587  D=   1 * 24
 X= 235 X2= 231  Y= 328 Y2= 322 P1= 683 P2= 193 T1=  20 T2=  22  P= 591  D=   1 * 24
 X= 234 X2= 231  Y= 329 Y2= 323 P1= 683 P2= 194 T1=  23 T2=  22  P= 584  D=   1 * 24
 X= 235 X2= 232  Y= 330 Y2= 322 P1= 683 P2= 194 T1=  23 T2=  23  P= 587  D=   1 * 24
 X= 234 X2= 232  Y= 329 Y2= 322 P1= 683 P2= 193 T1=  23 T2=  23  P= 591  D=   1 * 24
 X= 233 X2= 232  Y= 330 Y2= 324 P1= 683 P2= 193 T1=  23 T2=  22  P= 588  D=   1 * 24
 X= 235 X2= 232  Y= 329 Y2= 323 P1= 682 P2= 194 T1=  23 T2=  23  P= 585  D=   1 * 24
 X= 235 X2= 233  Y= 329 Y2= 323 P1= 683 P2= 194 T1=  23 T2=  23  P= 589  D=   1 * 24
 X= 234 X2= 232  Y= 329 Y2= 323 P1= 682 P2= 194 T1=  23 T2=  22  P= 585  D=   1 * 24
 X= 234 X2= 232  Y= 329 Y2= 322 P1= 682 P2= 193 T1=  23 T2=  24  P= 590  D=   1 * 24
 X= 234 X2= 232  Y= 330 Y2= 322 P1= 683 P2= 194 T1=  22 T2=  22  P= 587  D=   1 * 24
 X= 236 X2= 232  Y= 330 Y2= 324 P1= 683 P2= 193 T1=  23 T2=  23  P= 593  D=   1 * 24
 X= 236 X2= 232  Y= 330 Y2= 323 P1= 683 P2= 193 T1=  22 T2=  22  P= 593  D=   1 * 24
 X= 235 X2= 232  Y= 329 Y2= 323 P1= 683 P2= 193 T1=  23 T2=  22  P= 591  D=   1 * 24
 X= 234 X2= 233  Y= 330 Y2= 323 P1= 682 P2= 193 T1=  23 T2=  23  P= 590  D=   1 * 24
 X= 235 X2= 232  Y= 329 Y2= 322 P1= 682 P2= 193 T1=  23 T2=  23  P= 590  D=   1 * 24
 X= 236 X2= 233  Y= 330 Y2= 322 P1= 692 P2= 188 T1=  23 T2=  24  P= 627  D=   1 * 24
 X= 236 X2= 233  Y= 330 Y2= 323 P1= 689 P2= 190 T1=  24 T2=  23  P= 614  D=   1 * 24
 X= 234 X2= 234  Y= 330 Y2= 323 P1= 690 P2= 190 T1=  23 T2=  24  P= 615  D=   1 * 24
 X= 237 X2= 233  Y= 331 Y2= 324 P1= 692 P2= 189 T1=  24 T2=  23  P= 625  D=   1 * 24
 X= 895 X2=1016  Y= 984 Y2=1022 P1=1022 P2=   0 T1=1022 T2= 879  P= 625  D=   1 
 X= 940 X2=1012  Y= 984 Y2=1021 P1=1023 P2=   0 T1=1023 T2= 915  P= 625  D=   1 
 X= 930 X2=1016  Y= 975 Y2=1021 P1=1023 P2=   0 T1=1019 T2= 922  P= 625  D=   1 
target state=1 point=456,22
 X= 993 X2=1003  Y= 976 Y2=1019 P1=1022 P2=   0 T1=1019 T2= 912  P= 625  D=   1 
 X=1016 X2=1013  Y= 985 Y2=1018 P1=1023 P2=   0 T1=1023 T2= 904  P= 625  D=   1 
 X= 923 X2=1023  Y= 982 Y2=1018 P1=1023 P2=   0 T1=1023 T2= 908  P= 625  D=   1 
 X= 948 X2=1023  Y= 981 Y2=1019 P1=1023 P2=   0 T1=1020 T2= 900  P= 625  D=   1 
 X= 810 X2=1023  Y= 981 Y2=1018 P1=1022 P2=   0 T1=1023 T2= 925  P= 625  D=   1 
 X= 961 X2=1023  Y= 980 Y2=1023 P1=1023 P2=   0 T1=1023 T2= 910  P= 625  D=   1 
 X= 968 X2=1021  Y= 980 Y2=1020 P1=1022 P2=   0 T1=1018 T2= 916  P= 625  D=   1 
 X=1010 X2= 994  Y= 986 Y2=1018 P1=1022 P2=   0 T1=1023 T2= 922  P= 625  D=   1 
 X= 969 X2=1012  Y= 982 Y2=1018 P1=1021 P2=   0 T1=1023 T2= 912  P= 625  D=   1 
 X= 961 X2=1020  Y= 977 Y2=1023 P1=1023 P2=   0 T1=1018 T2= 929  P= 625  D=   1 
 X= 930 X2=1004  Y= 975 Y2=1015 P1=1022 P2=   0 T1=1019 T2= 910  P= 625  D=   1 
 X= 925 X2=1023  Y= 990 Y2=1019 P1=1023 P2=   0 T1=1023 T2= 929  P= 625  D=   1 
 X= 906 X2=1023  Y= 990 Y2=1023 P1=1022 P2=   0 T1=1020 T2= 924  P= 625  D=   1 
 X= 957 X2=1009  Y= 973 Y2=1021 P1=1022 P2=   0 T1=1021 T2= 907  P= 625  D=   1 
 X= 966 X2=1023  Y= 980 Y2=1019 P1=1023 P2=   0 T1=1023 T2= 917  P= 625  D=   1 
 X= 955 X2=1023  Y= 983 Y2=1023 P1=1023 P2=   0 T1=1023 T2= 920  P= 625  D=   1 
 X= 931 X2= 997  Y= 978 Y2=1018 P1=1021 P2=   0 T1=1019 T2= 914  P= 625  D=   1 
 X= 989 X2=1006  Y= 985 Y2=1023 P1=1022 P2=   0 T1=1023 T2= 909  P= 625  D=   1 
 X= 933 X2= 991  Y= 981 Y2=1018 P1=1022 P2=   0 T1=1019 T2= 934  P= 625  D=   1 
 X= 881 X2=1016  Y= 988 Y2=1019 P1=1022 P2=   0 T1=1019 T2= 945  P= 625  D=   1 
 X= 806 X2=1023  Y= 977 Y2=1022 P1=1023 P2=   0 T1=1018 T2= 903  P= 625  D=   1 
 X= 885 X2=1023  Y= 981 Y2=1023 P1=1022 P2=   0 T1=1023 T2= 917  P= 625  D=   1 
 X= 963 X2= 987  Y= 956 Y2=1011 P1=1023 P2=   0 T1=1019 T2= 922  P= 625  D=   1 
 X= 889 X2=1021  Y= 981 Y2=1018 P1=1022 P2=   0 T1=1019 T2= 902  P= 625  D=   1 
 X= 955 X2=1023  Y= 984 Y2=1023 P1=1023 P2=   0 T1=1023 T2= 907  P= 625  D=   1 
 X=1006 X2=1004  Y= 980 Y2=1019 P1=1023 P2=   0 T1=1019 T2= 915  P= 625  D=   1 
 X=1019 X2= 994  Y= 981 Y2=1023 P1=1023 P2=   0 T1=1022 T2= 925  P= 625  D=   1 
 X= 917 X2=1023  Y= 981 Y2=1023 P1=1022 P2=   0 T1=1023 T2= 922  P= 625  D=   1 
 X=1015 X2=1021  Y= 977 Y2=1019 P1=1023 P2=   0 T1=1023 T2= 934  P= 625  D=   1 
 X= 987 X2= 995  Y= 979 Y2=1018 P1=1022 P2=   0 T1=1020 T2= 921  P= 625  D=   1 
 X= 880 X2=1022  Y= 988 Y2=1018 P1=1023 P2=   0 T1=1019 T2= 897  P= 625  D=   1 
 X= 885 X2=1023  Y= 988 Y2=1023 P1=1023 P2=   0 T1=1023 T2= 917  P= 625  D=   1 
 X= 823 X2=1023  Y= 987 Y2=1019 P1=1023 P2=   0 T1=1023 T2= 925  P= 625  D=   1 
 X= 916 X2=1016  Y= 984 Y2=1023 P1=1023 P2=   0 T1=1018 T2= 926  P= 625  D=   1 
 X= 963 X2=1019  Y= 980 Y2=1019 P1=1022 P2=   0 T1=1018 T2= 925  P= 625  D=   1 
 X=1023 X2= 992  Y= 991 Y2=1019 P1=1022 P2=   0 T1=1020 T2= 897  P= 625  D=   1 
 X= 969 X2=1023  Y= 976 Y2=1016 P1=1022 P2=   0 T1=1018 T2= 931  P= 625  D=   1 
 X= 930 X2=1023  Y= 981 Y2=1023 P1=1022 P2=   0 T1=1023 T2= 922  P= 625  D=   1 
 X= 911 X2=1023  Y= 988 Y2=1023 P1=1023 P2=   0 T1=1021 T2= 913  P= 625  D=   1 
 X= 986 X2=1023  Y= 988 Y2=1020 P1=1022 P2=   0 T1=1017 T2= 929  P= 625  D=   1 
 X= 915 X2=1023  Y= 990 Y2=1018 P1=1023 P2=   0 T1=1023 T2= 933  P= 625  D=   1 
 X= 918 X2=1013  Y=1023 Y2=1018 P1=1022 P2=   0 T1=1023 T2=1017  P= 625  D=   1 
 X= 970 X2=1020  Y= 978 Y2=1019 P1=1022 P2=   0 T1=1019 T2= 923  P= 625  D=   1 
 X= 953 X2=1023  Y= 970 Y2=1018 P1=1022 P2=   0 T1=1020 T2= 932  P= 625  D=   1 
 X= 967 X2=1023  Y= 993 Y2=1023 P1=1023 P2=   0 T1=1019 T2= 930  P= 625  D=   1 
 X=1008 X2=1007  Y= 975 Y2=1018 P1=1023 P2=   0 T1=1018 T2= 918  P= 625  D=   1 
 X= 955 X2=1023  Y= 981 Y2=1023 P1=1022 P2=   0 T1=1023 T2= 918  P= 625  D=   1 
 X= 924 X2=1020  Y= 986 Y2=1023 P1=1023 P2=   0 T1=1019 T2= 927  P= 625  D=   1 
 X= 920 X2=1019  Y= 982 Y2=1018 P1=1023 P2=   0 T1=1023 T2= 909  P= 625  D=   1 
 X= 825 X2=1023  Y= 991 Y2=1023 P1=1022 P2=   0 T1=1019 T2= 919  P= 625  D=   1 
 X= 806 X2=1016  Y= 982 Y2=1023 P1=1023 P2=   0 T1=1020 T2= 897  P= 625  D=   1 
 X=1021 X2=1013  Y= 986 Y2=1019 P1=1022 P2=   0 T1=1020 T2= 938  P= 625  D=   1 
 X= 930 X2=1016  Y= 982 Y2=1023 P1=1022 P2=   0 T1=1018 T2= 908  P= 625  D=   1 
 X= 935 X2=1019  Y= 991 Y2=1018 P1=1022 P2=   0 T1=1019 T2= 904  P= 625  D=   1 
 X= 935 X2= 992  Y= 981 Y2=1018 P1=1021 P2=   0 T1=1019 T2= 935  P= 625  D=   1 
 X= 843 X2=1023  Y= 986 Y2=1022 P1=1022 P2=   0 T1=1019 T2= 915  P= 625  D=   1 
 X= 922 X2=1023  Y= 985 Y2=1018 P1=1022 P2=   0 T1=1020 T2= 915  P= 625  D=   1 
 X= 904 X2=1021  Y= 996 Y2=1018 P1=1022 P2=   0 T1=1019 T2= 921  P= 625  D=   1 
 X= 919 X2=1018  Y= 974 Y2=1017 P1=1022 P2=   0 T1=1019 T2= 929  P= 625  D=   1 
 X= 958 X2=1023  Y= 984 Y2=1019 P1=1022 P2=   0 T1=1018 T2= 915  P= 625  D=   1 
 X= 992 X2=1002  Y= 987 Y2=1023 P1=1023 P2=   0 T1=1022 T2= 929  P= 625  D=   1 
 X= 990 X2=1006  Y= 980 Y2=1018 P1=1023 P2=   0 T1=1023 T2= 921  P= 625  D=   1 
 X= 937 X2=1023  Y= 982 Y2=1023 P1=1022 P2=   0 T1=1023 T2= 908  P= 625  D=   1 
 X= 956 X2=1023  Y= 981 Y2=1019 P1=1022 P2=   0 T1=1023 T2= 930  P= 625  D=   1 
 X= 919 X2= 998  Y= 976 Y2=1018 P1=1022 P2=   0 T1=1023 T2= 912  P= 625  D=   1 
 X= 826 X2=1022  Y= 976 Y2=1022 P1=1023 P2=   0 T1=1023 T2= 897  P= 625  D=   1 
 X= 894 X2=1023  Y= 981 Y2=1019 P1=1022 P2=   0 T1=1023 T2= 925  P= 625  D=   1 
 X= 965 X2=1023  Y= 980 Y2=1019 P1=1022 P2=   0 T1=1019 T2= 905  P= 625  D=   1 
 X= 948 X2=1019  Y= 979 Y2=1022 P1=1022 P2=   0 T1=1018 T2= 914  P= 625  D=   1 
 X= 916 X2=1023  Y= 982 Y2=1023 P1=1022 P2=   0 T1=1023 T2= 945  P= 625  D=   1 
 X= 960 X2=1004  Y= 976 Y2=1022 P1=1023 P2=   0 T1=1023 T2= 901  P= 625  D=   1 
 X= 993 X2=1008  Y= 978 Y2=1019 P1=1022 P2=   0 T1=1019 T2= 920  P= 625  D=   1 
 X= 945 X2=1021  Y= 980 Y2=1023 P1=1023 P2=   0 T1=1019 T2= 921  P= 625  D=   1 
 X= 937 X2=1020  Y= 983 Y2=1023 P1=1022 P2=   0 T1=1019 T2= 925  P= 625  D=   1 
 X= 812 X2= 811  Y= 323 Y2= 330 P1= 794 P2= 471 T1=  14 T2= 100  P= 625  D=   1 * 0
 X= 939 X2=1023  Y= 981 Y2=1023 P1=1022 P2=   0 T1=1019 T2= 894  P= 625  D=   1 
 X= 820 X2= 810  Y= 322 Y2= 330 P1= 797 P2= 480 T1=  17 T2=  15  P= 537  D=   1 * 0
 X= 894 X2=1020  Y= 974 Y2=1023 P1=1023 P2=   0 T1=1018 T2= 250  P= 537  D=   1 
 X= 811 X2= 809  Y= 322 Y2= 329 P1= 799 P2= 475 T1=  16 T2=  16  P= 552  D=   1 * 0
 X= 810 X2= 809  Y= 323 Y2= 331 P1= 801 P2= 471 T1=  16 T2=  16  P= 566  D=   1 * 0
 X= 809 X2= 809  Y= 322 Y2= 330 P1= 800 P2= 473 T1=  16 T2=  15  P= 559  D=   1 * 1
 X= 811 X2= 808  Y= 323 Y2= 330 P1= 800 P2= 476 T1=  14 T2=  15  P= 550  D=   1 * 2
 X= 812 X2= 809  Y= 322 Y2= 331 P1= 799 P2= 475 T1=  16 T2=  15  P= 552  D=   1 * 3
 X= 810 X2= 809  Y= 323 Y2= 331 P1= 799 P2= 475 T1=  16 T2=  16  P= 551  D=   1 * 4
 X= 811 X2= 810  Y= 321 Y2= 329 P1= 799 P2= 476 T1=  16 T2=  15  P= 549  D=   1 * 5
 X= 810 X2= 809  Y= 322 Y2= 330 P1= 798 P2= 476 T1=  16 T2=  16  P= 546  D=   1 * 6
 X= 811 X2= 810  Y= 322 Y2= 329 P1= 798 P2= 476 T1=  16 T2=  15  P= 547  D=   1 * 7
 X= 812 X2= 810  Y= 320 Y2= 328 P1= 798 P2= 477 T1=  16 T2=  16  P= 544  D=   1 * 8
 X= 811 X2= 810  Y= 322 Y2= 329 P1= 799 P2= 478 T1=  15 T2=  15  P= 543  D=   1 * 9
 X= 810 X2= 810  Y= 321 Y2= 329 P1= 790 P2= 477 T1=  15 T2=  16  P= 531  D=   1 * 10
 X= 809 X2= 809  Y= 322 Y2= 330 P1= 798 P2= 477 T1=  15 T2=  15  P= 543  D=   1 * 11
 X= 810 X2= 809  Y= 322 Y2= 329 P1= 798 P2= 478 T1=  16 T2=  14  P= 541  D=   1 * 12
 X= 811 X2= 809  Y= 323 Y2= 329 P1= 799 P2= 478 T1=  15 T2=  15  P= 543  D=   1 * 13
 X= 811 X2= 809  Y= 322 Y2= 329 P1= 798 P2= 477 T1=  16 T2=  16  P= 544  D=   1 * 14
 X= 810 X2= 809  Y= 322 Y2= 329 P1= 799 P2= 477 T1=  15 T2=  15  P= 546  D=   1 * 15
 X= 810 X2= 810  Y= 322 Y2= 330 P1= 798 P2= 478 T1=  15 T2=  16  P= 541  D=   1 * 16
 X= 810 X2= 809  Y= 323 Y2= 329 P1= 797 P2= 478 T1=  13 T2=  15  P= 539  D=   1 * 17
 X= 809 X2= 809  Y= 322 Y2= 329 P1= 798 P2= 478 T1=  15 T2=  16  P= 541  D=   1 * 18
 X= 811 X2= 810  Y= 322 Y2= 328 P1= 797 P2= 478 T1=  15 T2=  15  P= 540  D=   1 * 19
 X= 811 X2= 809  Y= 322 Y2= 329 P1= 798 P2= 477 T1=  16 T2=  15  P= 544  D=   1 * 20
 X= 810 X2= 809  Y= 322 Y2= 329 P1= 798 P2= 478 T1=  16 T2=  13  P= 541  D=   1 * 21
 X= 811 X2= 807  Y= 323 Y2= 329 P1= 798 P2= 477 T1=  15 T2=  15  P= 543  D=   1 * 22
 X= 809 X2= 810  Y= 322 Y2= 328 P1= 798 P2= 478 T1=  16 T2=  16  P= 541  D=   1 * 23
 X= 810 X2= 809  Y= 322 Y2= 328 P1= 799 P2= 477 T1=  16 T2=  15  P= 546  D=   1 * 24
Remove Pin
 X= 810 X2= 810  Y= 322 Y2= 329 P1= 797 P2= 478 T1=  15 T2=  15  P= 540  D=   1 * 24
 X= 810 X2= 809  Y= 322 Y2= 329 P1= 797 P2= 477 T1=  15 T2=  16  P= 542  D=   1 * 24
 X= 810 X2= 809  Y= 322 Y2= 329 P1= 798 P2= 478 T1=  15 T2=  15  P= 541  D=   1 * 24
 X= 811 X2= 809  Y= 322 Y2= 329 P1= 797 P2= 478 T1=  16 T2=  14  P= 540  D=   1 * 24
 X= 810 X2= 809  Y= 323 Y2= 331 P1= 798 P2= 478 T1=  16 T2=  15  P= 541  D=   1 * 24
 X= 810 X2= 809  Y= 323 Y2= 329 P1= 798 P2= 478 T1=  16 T2=  15  P= 541  D=   1 * 24
 X= 810 X2= 810  Y= 322 Y2= 329 P1= 798 P2= 478 T1=  15 T2=  15  P= 541  D=   1 * 24
 X= 811 X2= 808  Y= 322 Y2= 329 P1= 798 P2= 478 T1=  14 T2=  14  P= 541  D=   1 * 24
 X= 809 X2= 810  Y= 323 Y2= 329 P1= 798 P2= 478 T1=  15 T2=  15  P= 541  D=   1 * 24
 X= 810 X2= 809  Y= 322 Y2= 329 P1= 798 P2= 478 T1=  15 T2=  14  P= 541  D=   1 * 24
 X= 810 X2= 810  Y= 323 Y2= 329 P1= 797 P2= 478 T1=  16 T2=  15  P= 540  D=   1 * 24
 X= 808 X2= 810  Y= 322 Y2= 329 P1= 798 P2= 478 T1=  15 T2=  15  P= 541  D=   1 * 24
 X= 811 X2= 809  Y= 323 Y2= 329 P1= 797 P2= 478 T1=  15 T2=  15  P= 540  D=   1 * 24
 X= 811 X2= 809  Y= 323 Y2= 333 P1= 798 P2= 478 T1=  15 T2=  16  P= 541  D=   1 * 24
 X= 809 X2= 810  Y= 322 Y2= 329 P1= 798 P2= 478 T1=  17 T2=  15  P= 541  D=   1 * 24
 X= 811 X2= 809  Y= 322 Y2= 329 P1= 798 P2= 478 T1=  15 T2=  16  P= 541  D=   1 * 24
 X= 810 X2= 809  Y= 322 Y2= 329 P1= 798 P2= 478 T1=  17 T2=  15  P= 541  D=   1 * 24
 X= 810 X2= 811  Y= 323 Y2= 330 P1= 798 P2= 478 T1=  15 T2=  15  P= 541  D=   1 * 24
 X= 810 X2= 810  Y= 322 Y2= 329 P1= 798 P2= 479 T1=  16 T2=  15  P= 538  D=   1 * 24
 X= 811 X2= 810  Y= 326 Y2= 333 P1= 811 P2= 452 T1=  19 T2=  18  P= 643  D=   1 * 24
 X= 811 X2= 811  Y= 325 Y2= 332 P1= 808 P2= 457 T1=  18 T2=  18  P= 622  D=   1 * 24
 X= 825 X2= 823  Y= 357 Y2= 362 P1= 901 P2= 258 T1=  50 T2=  49  P= 622  D=   1 
 X= 953 X2=1020  Y= 979 Y2=1023 P1=1022 P2=   0 T1=1018 T2= 919  P= 622  D=   1 
 X= 923 X2=1020  Y= 979 Y2=1023 P1=1023 P2=   0 T1=1023 T2= 890  P= 622  D=   1 
 X= 810 X2=1023  Y= 975 Y2=1023 P1=1023 P2=   0 T1=1023 T2= 909  P= 622  D=   1 
target state=2 point=456,249
 X= 877 X2=1023  Y= 984 Y2=1022 P1=1023 P2=   0 T1=1019 T2= 903  P= 622  D=   1 
 X= 858 X2=1021  Y= 987 Y2=1018 P1=1023 P2=   0 T1=1022 T2= 929  P= 622  D=   1 
 X= 949 X2=1021  Y= 981 Y2=1021 P1=1022 P2=   0 T1=1023 T2= 909  P= 622  D=   1 
 X=1022 X2=1012  Y= 977 Y2=1018 P1=1022 P2=   0 T1=1019 T2= 945  P= 622  D=   1 
 X=1021 X2=1014  Y= 985 Y2=1018 P1=1022 P2=   0 T1=1019 T2= 918  P= 622  D=   1 
 X= 893 X2=1023  Y= 996 Y2=1023 P1=1022 P2=   0 T1=1021 T2= 921  P= 622  D=   1 
 X= 902 X2=1021  Y= 989 Y2=1022 P1=1023 P2=   0 T1=1018 T2= 924  P= 622  D=   1 
 X= 917 X2=1022  Y=1011 Y2=1018 P1=1022 P2=   0 T1=1018 T2= 908  P= 622  D=   1 
 X= 933 X2=1022  Y= 991 Y2=1019 P1=1023 P2=   0 T1=1023 T2= 916  P= 622  D=   1 
 X= 878 X2=1023  Y= 980 Y2=1023 P1=1022 P2=   0 T1=1018 T2= 927  P= 622  D=   1 
 X=1014 X2= 998  Y= 986 Y2=1022 P1=1022 P2=   0 T1=1018 T2= 897  P= 622  D=   1 
 X= 870 X2=1015  Y= 977 Y2=1023 P1=1022 P2=   0 T1=1019 T2= 918  P= 622  D=   1 
 X= 988 X2= 996  Y= 988 Y2=1023 P1=1023 P2=   0 T1=1020 T2= 933  P= 622  D=   1 
 X= 990 X2=1017  Y=1022 Y2=1019 P1=1022 P2=   0 T1=1019 T2=1018  P= 622  D=   1 
 X= 916 X2=1023  Y= 976 Y2=1023 P1=1023 P2=   0 T1=1018 T2= 928  P= 622  D=   1 
 X= 996 X2=1016  Y= 978 Y2=1020 P1=1022 P2=   0 T1=1019 T2= 922  P= 622  D=   1 
 X= 969 X2=1007  Y= 982 Y2=1023 P1=1023 P2=   0 T1=1022 T2= 914  P= 622  D=   1 
 X= 963 X2=1023  Y= 986 Y2=1017 P1=1023 P2=   0 T1=1018 T2= 919  P= 622  D=   1 
 X= 820 X2=1023  Y= 980 Y2=1023 P1=1023 P2=   0 T1=1019 T2= 907  P= 622  D=   1 
 X= 997 X2= 986  Y= 972 Y2=1023 P1=1022 P2=   0 T1=1023 T2= 909  P= 622  D=   1 
 X= 992 X2=1010  Y= 986 Y2=1023 P1=1022 P2=   0 T1=1023 T2= 912  P= 622  D=   1 
 X= 937 X2=1013  Y= 988 Y2=1023 P1=1022 P2=   0 T1=1023 T2= 915  P= 622  D=   1 
 X=1023 X2=1009  Y= 982 Y2=1023 P1=1022 P2=   0 T1=1018 T2= 907  P= 622  D=   1 
 X=1023 X2=1008  Y= 990 Y2=1018 P1=1022 P2=   0 T1=1018 T2= 921  P= 622  D=   1 
 X= 858 X2=1023  Y= 982 Y2=1018 P1=1022 P2=   0 T1=1023 T2= 907  P= 622  D=   1 
 X= 911 X2=1023  Y= 976 Y2=1017 P1=1022 P2=   0 T1=1023 T2= 917  P= 622  D=   1 
 X= 972 X2=1010  Y= 982 Y2=1018 P1=1021 P2=   0 T1=1023 T2= 926  P= 622  D=   1 
 X= 914 X2=1016  Y= 979 Y2=1019 P1=1022 P2=   0 T1=1019 T2= 920  P= 622  D=   1 
 X= 974 X2=1023  Y= 979 Y2=1018 P1=1023 P2=   0 T1=1018 T2= 914  P= 622  D=   1 
 X= 866 X2=1014  Y= 977 Y2=1018 P1=1022 P2=   0 T1=1018 T2= 941  P= 622  D=   1 
 X= 995 X2=1018  Y= 976 Y2=1023 P1=1021 P2=   0 T1=1023 T2= 916  P= 622  D=   1 
 X= 920 X2=1023  Y= 979 Y2=1023 P1=1023 P2=   0 T1=1023 T2= 906  P= 622  D=   1 
 X= 954 X2= 990  Y= 982 Y2=1022 P1=1023 P2=   0 T1=1023 T2= 912  P= 622  D=   1 
 X= 869 X2=1020  Y= 991 Y2=1018 P1=1023 P2=   0 T1=1023 T2= 897  P= 622  D=   1 
 X= 897 X2=1021  Y= 977 Y2=1021 P1=1023 P2=   1 T1=1018 T2= 918  P= 622  D=   1 
 X= 914 X2=1023  Y= 977 Y2=1023 P1=1022 P2=   0 T1=1019 T2= 909  P= 622  D=   1 
 X= 884 X2=1023  Y= 988 Y2=1017 P1=1023 P2=   0 T1=1018 T2= 920  P= 622  D=   1 
 X= 930 X2=1017  Y= 978 Y2=1018 P1=1023 P2=   0 T1=1019 T2= 912  P= 622  D=   1 
 X= 959 X2=1001  Y= 976 Y2=1017 P1=1023 P2=   0 T1=1023 T2= 904  P= 622  D=   1 
 X=1005 X2= 996  Y= 986 Y2=1023 P1=1022 P2=   0 T1=1019 T2= 938  P= 622  D=   1 
 X=1023 X2=1015  Y=1006 Y2=1019 P1=1023 P2=   0 T1=1019 T2= 934  P= 622  D=   1 
 X= 950 X2=1019  Y= 978 Y2=1019 P1=1023 P2=   0 T1=1022 T2= 932  P= 622  D=   1 
 X=1023 X2=1006  Y= 991 Y2=1023 P1=1023 P2=   0 T1=1019 T2= 928  P= 622  D=   1 
 X= 956 X2=1021  Y= 974 Y2=1023 P1=1023 P2=   0 T1=1023 T2= 931  P= 622  D=   1 
 X= 887 X2=1023  Y= 983 Y2=1019 P1=1023 P2=   0 T1=1023 T2= 913  P= 622  D=   1 
 X= 968 X2=1007  Y= 977 Y2=1018 P1=1022 P2=   0 T1=1019 T2= 918  P= 622  D=   1 
 X= 942 X2=1020  Y= 961 Y2=1017 P1=1022 P2=   0 T1=1018 T2= 926  P= 622  D=   1 
 X= 929 X2= 995  Y= 986 Y2=1023 P1=1022 P2=   0 T1=1023 T2= 901  P= 622  D=   1 
 X=1017 X2= 997  Y= 980 Y2=1023 P1=1022 P2=   0 T1=1018 T2= 915  P= 622  D=   1 
 X=1002 X2=1014  Y= 983 Y2=1022 P1=1022 P2=   0 T1=1020 T2= 926  P= 622  D=   1 
 X= 963 X2=1023  Y= 979 Y2=1018 P1=1022 P2=   0 T1=1023 T2= 912  P= 622  D=   1 
 X=1022 X2=1013  Y= 992 Y2=1023 P1=1022 P2=   0 T1=1019 T2= 905  P= 622  D=   1 
 X= 932 X2=1019  Y= 983 Y2=1022 P1=1022 P2=   0 T1=1023 T2= 920  P= 622  D=   1 
 X= 877 X2=1023  Y= 992 Y2=1023 P1=1023 P2=   0 T1=1019 T2= 942  P= 622  D=   1 
 X= 931 X2=1017  Y= 985 Y2=1023 P1=1023 P2=   0 T1=1022 T2= 920  P= 622  D=   1 
 X= 960 X2=1020  Y= 983 Y2=1019 P1=1023 P2=   0 T1=1019 T2= 912  P= 622  D=   1 
 X= 958 X2=1023  Y= 987 Y2=1023 P1=1023 P2=   0 T1=1019 T2= 919  P= 622  D=   1 
 X=1019 X2=1012  Y= 967 Y2=1023 P1=1023 P2=   0 T1=1023 T2= 920  P= 622  D=   1 
 X=1016 X2=1003  Y= 974 Y2=1023 P1=1022 P2=   0 T1=1022 T2= 924  P= 622  D=   1 
 X=1023 X2=1003  Y= 992 Y2=1018 P1=1022 P2=   0 T1=1018 T2= 927  P= 622  D=   1 
 X= 809 X2= 809  Y= 710 Y2= 732 P1=1022 P2=   0 T1=  15 T2= 896  P= 622  D=   1 * 0
 X= 952 X2=1023  Y= 984 Y2=1018 P1=1023 P2=   0 T1=1019 T2= 919  P= 622  D=   1 
 X= 933 X2=1023  Y= 979 Y2=1019 P1=1022 P2=   0 T1=1022 T2= 947  P= 622  D=   1 
 X= 915 X2=1021  Y= 988 Y2=1019 P1=1023 P2=   0 T1=1018 T2= 906  P= 622  D=   1 
 X= 900 X2=1016  Y= 986 Y2=1023 P1=1023 P2=   0 T1=1018 T2= 927  P= 622  D=   1 
 X= 808 X2= 809  Y= 711 Y2= 715 P1= 907 P2= 549 T1=  15 T2=  15  P= 526  D=   1 * 0
 X= 809 X2= 809  Y= 711 Y2= 716 P1= 908 P2= 542 T1=  16 T2=  15  P= 546  D=   1 * 0
 X= 808 X2= 805  Y= 711 Y2= 715 P1= 908 P2= 539 T1=  15 T2=  16  P= 551  D=   1 * 0
 X= 808 X2= 810  Y= 711 Y2= 716 P1= 908 P2= 542 T1=  16 T2=  15  P= 546  D=   1 * 1
 X= 809 X2= 809  Y= 711 Y2= 715 P1= 908 P2= 542 T1=  16 T2=  16  P= 546  D=   1 * 2
 X= 808 X2= 809  Y= 711 Y2= 715 P1= 908 P2= 543 T1=  15 T2=  16  P= 542  D=   1 * 3
 X= 808 X2= 809  Y= 711 Y2= 715 P1= 910 P2= 543 T1=  16 T2=  16  P= 545  D=   1 * 4
 X= 807 X2= 810  Y= 711 Y2= 715 P1= 908 P2= 542 T1=  15 T2=  15  P= 545  D=   1 * 5
 X= 809 X2= 812  Y= 711 Y2= 716 P1= 906 P2= 543 T1=  15 T2=  16  P= 541  D=   1 * 6
 X= 808 X2= 810  Y= 710 Y2= 715 P1= 908 P2= 543 T1=  17 T2=  15  P= 543  D=   1 * 7
 X= 808 X2= 808  Y= 712 Y2= 715 P1= 907 P2= 543 T1=  16 T2=  16  P= 541  D=   1 * 8
 X= 808 X2= 810  Y= 711 Y2= 715 P1= 908 P2= 543 T1=  15 T2=  16  P= 543  D=   1 * 9
 X= 808 X2= 809  Y= 711 Y2= 715 P1= 908 P2= 543 T1=  15 T2=  14  P= 542  D=   1 * 10
 X= 808 X2= 809  Y= 711 Y2= 716 P1= 907 P2= 542 T1=  15 T2=  16  P= 543  D=   1 * 11
 X= 809 X2= 809  Y= 711 Y2= 716 P1= 908 P2= 544 T1=  16 T2=  14  P= 541  D=   1 * 12
 X= 808 X2= 810  Y= 711 Y2= 715 P1= 908 P2= 544 T1=  15 T2=  16  P= 541  D=   1 * 13
 X= 808 X2= 809  Y= 711 Y2= 715 P1= 907 P2= 543 T1=  15 T2=  15  P= 541  D=   1 * 14
 X= 808 X2= 808  Y= 711 Y2= 715 P1= 907 P2= 543 T1=  16 T2=  16  P= 541  D=   1 * 15
 X= 809 X2= 809  Y= 710 Y2= 716 P1= 907 P2= 544 T1=  16 T2=  16  P= 539  D=   1 * 16
 X= 808 X2= 809  Y= 711 Y2= 715 P1= 907 P2= 543 T1=  16 T2=  16  P= 541  D=   1 * 17
 X= 808 X2= 809  Y= 711 Y2= 715 P1= 907 P2= 543 T1=  15 T2=  16  P= 541  D=   1 * 18
 X= 809 X2= 809  Y= 711 Y2= 715 P1= 907 P2= 544 T1=  15 T2=  15  P= 539  D=   1 * 19
 X= 809 X2= 809  Y= 711 Y2= 715 P1= 908 P2= 544 T1=  15 T2=  15  P= 541  D=   1 * 20
 X= 808 X2= 810  Y= 711 Y2= 716 P1= 908 P2= 544 T1=  15 T2=  15  P= 541  D=   1 * 21
 X= 808 X2= 810  Y= 711 Y2= 714 P1= 907 P2= 543 T1=  15 T2=  16  P= 542  D=   1 * 22
 X= 806 X2= 803  Y= 711 Y2= 715 P1= 908 P2= 544 T1=  15 T2=  16  P= 537  D=   1 * 23
 X= 808 X2= 810  Y= 711 Y2= 715 P1= 907 P2= 543 T1=  15 T2=  15  P= 542  D=   1 * 24
Remove Pin
 X= 808 X2= 809  Y= 711 Y2= 715 P1= 909 P2= 543 T1=  16 T2=  15  P= 544  D=   1 * 24
 X= 808 X2= 809  Y= 711 Y2= 715 P1= 908 P2= 543 T1=  16 T2=  15  P= 542  D=   1 * 24
 X= 808 X2= 809  Y= 714 Y2= 715 P1= 907 P2= 544 T1=  15 T2=  16  P= 538  D=   1 * 24
 X= 808 X2= 808  Y= 711 Y2= 715 P1= 906 P2= 544 T1=  16 T2=  17  P= 537  D=   1 * 24
 X= 808 X2= 809  Y= 711 Y2= 715 P1= 908 P2= 544 T1=  17 T2=  15  P= 540  D=   1 * 24
 X= 808 X2= 810  Y= 711 Y2= 715 P1= 906 P2= 544 T1=  16 T2=  15  P= 537  D=   1 * 24
 X= 808 X2= 808  Y= 710 Y2= 715 P1= 908 P2= 544 T1=  16 T2=  15  P= 540  D=   1 * 24
 X= 808 X2= 810  Y= 711 Y2= 715 P1= 908 P2= 544 T1=  15 T2=  16  P= 541  D=   1 * 24
 X= 810 X2= 810  Y= 711 Y2= 716 P1= 909 P2= 545 T1=  16 T2=  15  P= 540  D=   1 * 24
 X= 809 X2= 809  Y= 712 Y2= 715 P1= 907 P2= 544 T1=  16 T2=  14  P= 539  D=   1 * 24
 X= 807 X2= 808  Y= 711 Y2= 715 P1= 907 P2= 545 T1=  16 T2=  15  P= 535  D=   1 * 24
 X= 807 X2= 809  Y= 711 Y2= 716 P1= 907 P2= 546 T1=  16 T2=  14  P= 534  D=   1 * 24
 X= 808 X2= 809  Y= 711 Y2= 715 P1= 907 P2= 544 T1=  16 T2=  16  P= 538  D=   1 * 24
 X= 808 X2= 809  Y= 712 Y2= 715 P1= 908 P2= 545 T1=  15 T2=  15  P= 538  D=   1 * 24
 X= 808 X2= 810  Y= 712 Y2= 716 P1= 908 P2= 537 T1=  16 T2=  17  P= 558  D=   1 * 24
 X=1023 X2=1003  Y= 974 Y2=1018 P1=1022 P2=   0 T1=1019 T2= 921  P= 558  D=   1 
 X= 984 X2=1006  Y= 973 Y2=1018 P1=1022 P2=   0 T1=1018 T2= 921  P= 558  D=   1 
 X= 978 X2=1013  Y= 977 Y2=1023 P1=1023 P2=   0 T1=1023 T2= 906  P= 558  D=   1 
target state=3 point=23,249
 X=1007 X2=1003  Y= 980 Y2=1019 P1=1022 P2=   0 T1=1019 T2= 938  P= 558  D=   1 
 X=1023 X2=1005  Y= 977 Y2=1018 P1=1022 P2=   0 T1=1022 T2= 924  P= 558  D=   1 
 X=1017 X2=1021  Y= 973 Y2=1019 P1=1022 P2=   0 T1=1023 T2= 938  P= 558  D=   1 
 X=1023 X2= 997  Y= 989 Y2=1018 P1=1023 P2=   0 T1=1019 T2= 914  P= 558  D=   1 
 X=1012 X2=1016  Y=1023 Y2=1018 P1=1022 P2=   0 T1=1023 T2=1018  P= 558  D=   1 
 X= 996 X2=1019  Y= 982 Y2=1023 P1=1022 P2=   0 T1=1019 T2= 951  P= 558  D=   1 
 X= 941 X2=1023  Y= 992 Y2=1023 P1=1022 P2=   0 T1=1019 T2= 918  P= 558  D=   1 
 X= 991 X2=1003  Y= 980 Y2=1018 P1=1022 P2=   0 T1=1023 T2= 922  P= 558  D=   1 
 X= 979 X2=1007  Y= 978 Y2=1021 P1=1023 P2=   0 T1=1019 T2= 926  P= 558  D=   1 
 X= 938 X2=1019  Y= 977 Y2=1023 P1=1023 P2=   0 T1=1022 T2= 916  P= 558  D=   1 
 X=1015 X2= 996  Y= 984 Y2=1018 P1=1023 P2=   0 T1=1019 T2= 899  P= 558  D=   1 
 X=1020 X2=1015  Y= 974 Y2=1023 P1=1023 P2=   0 T1=1023 T2= 929  P= 558  D=   1 
 X= 871 X2=1023  Y= 977 Y2=1023 P1=1023 P2=   0 T1=1022 T2= 930  P= 558  D=   1 
 X= 957 X2=1020  Y= 988 Y2=1023 P1=1022 P2=   0 T1=1017 T2= 929  P= 558  D=   1 
 X= 881 X2=1015  Y= 981 Y2=1018 P1=1022 P2=   0 T1=1023 T2= 899  P= 558  D=   1 
 X= 923 X2=1023  Y= 976 Y2=1023 P1=1022 P2=   0 T1=1019 T2= 929  P= 558  D=   1 
 X=1023 X2=1015  Y= 989 Y2=1023 P1=1022 P2=   0 T1=1023 T2= 908  P= 558  D=   1 
 X= 870 X2=1022  Y= 978 Y2=1017 P1=1023 P2=   0 T1=1019 T2= 931  P= 558  D=   1 
 X= 893 X2=1018  Y= 975 Y2=1018 P1=1023 P2=   0 T1=1019 T2= 921  P= 558  D=   1 
 X= 963 X2=1023  Y= 992 Y2=1018 P1=1023 P2=   0 T1=1023 T2= 914  P= 558  D=   1 
 X= 965 X2=1019  Y= 981 Y2=1023 P1=1023 P2=   0 T1=1018 T2= 897  P= 558  D=   1 
 X= 804 X2=1023  Y= 987 Y2=1019 P1=1023 P2=   0 T1=1020 T2= 940  P= 558  D=   1 
 X= 901 X2=1023  Y= 980 Y2=1018 P1=1022 P2=   0 T1=1019 T2= 911  P= 558  D=   1 
 X= 863 X2=1014  Y= 977 Y2=1018 P1=1022 P2=   0 T1=1019 T2= 916  P= 558  D=   1 
 X= 799 X2=1023  Y= 987 Y2=1018 P1=1022 P2=   0 T1=1023 T2= 905  P= 558  D=   1 
 X= 823 X2=1023  Y= 968 Y2=1023 P1=1023 P2=   0 T1=1019 T2= 902  P= 558  D=   1 
 X=1019 X2= 997  Y= 984 Y2=1023 P1=1022 P2=   0 T1=1023 T2= 911  P= 558  D=   1 
 X=1017 X2= 992  Y= 980 Y2=1023 P1=1022 P2=   0 T1=1023 T2= 926  P= 558  D=   1 
 X= 926 X2=1023  Y= 988 Y2=1023 P1=1022 P2=   0 T1=1023 T2= 918  P= 558  D=   1 
 X= 967 X2=1022  Y= 973 Y2=1023 P1=1022 P2=   0 T1=1022 T2= 923  P= 558  D=   1 
 X= 911 X2=1022  Y= 995 Y2=1018 P1=1022 P2=   0 T1=1019 T2= 907  P= 558  D=   1 
 X= 946 X2=1023  Y= 983 Y2=1018 P1=1022 P2=   0 T1=1022 T2= 922  P= 558  D=   1 
 X= 875 X2=1023  Y= 974 Y2=1019 P1=1023 P2=   0 T1=1020 T2= 907  P= 558  D=   1 
 X= 944 X2=1018  Y= 975 Y2=1018 P1=1022 P2=   0 T1=1018 T2= 923  P= 558  D=   1 
 X= 886 X2=1016  Y= 983 Y2=1019 P1=1022 P2=   0 T1=1019 T2= 914  P= 558  D=   1 
 X= 930 X2= 989  Y= 984 Y2=1022 P1=1023 P2=   0 T1=1023 T2= 920  P= 558  D=   1 
 X=1008 X2=1001  Y= 976 Y2=1018 P1=1022 P2=   0 T1=1021 T2= 910  P= 558  D=   1 
 X= 931 X2=1019  Y= 976 Y2=1022 P1=1023 P2=   0 T1=1018 T2= 908  P= 558  D=   1 
 X=1023 X2=1004  Y= 978 Y2=1019 P1=1022 P2=   0 T1=1023 T2= 902  P= 558  D=   1 
 X= 960 X2=1023  Y= 981 Y2=1019 P1=1023 P2=   0 T1=1022 T2= 904  P= 558  D=   1 
 X= 936 X2=1023  Y= 979 Y2=1023 P1=1023 P2=   0 T1=1018 T2= 919  P= 558  D=   1 
 X= 822 X2=1023  Y= 981 Y2=1023 P1=1023 P2=   0 T1=1023 T2= 910  P= 558  D=   1 
 X=1021 X2=1013  Y= 987 Y2=1023 P1=1022 P2=   0 T1=1021 T2= 909  P= 558  D=   1 
 X= 910 X2=1020  Y= 990 Y2=1019 P1=1023 P2=   0 T1=1020 T2= 920  P= 558  D=   1 
 X= 894 X2=1021  Y= 980 Y2=1018 P1=1023 P2=   0 T1=1020 T2= 918  P= 558  D=   1 
 X= 969 X2=1023  Y= 982 Y2=1021 P1=1023 P2=   0 T1=1018 T2= 942  P= 558  D=   1 
 X= 990 X2=1013  Y= 979 Y2=1018 P1=1022 P2=   0 T1=1023 T2= 927  P= 558  D=   1 
 X= 992 X2=1014  Y= 989 Y2=1023 P1=1022 P2=   0 T1=1023 T2= 923  P= 558  D=   1 
 X= 926 X2=1020  Y= 975 Y2=1023 P1=1022 P2=   0 T1=1019 T2= 940  P= 558  D=   1 
 X= 933 X2=1016  Y= 991 Y2=1018 P1=1022 P2=   0 T1=1019 T2= 916  P= 558  D=   1 
 X= 837 X2=1023  Y= 984 Y2=1023 P1=1023 P2=   0 T1=1022 T2= 910  P= 558  D=   1 
 X=1017 X2=1015  Y= 983 Y2=1022 P1=1023 P2=   0 T1=1019 T2= 919  P= 558  D=   1 
 X= 918 X2=1017  Y= 989 Y2=1019 P1=1023 P2=   0 T1=1023 T2= 900  P= 558  D=   1 
 X= 934 X2=1019  Y= 981 Y2=1023 P1=1022 P2=   0 T1=1019 T2= 915  P= 558  D=   1 
 X= 962 X2= 997  Y= 970 Y2=1018 P1=1023 P2=   0 T1=1019 T2= 925  P= 558  D=   1 
 X= 951 X2=1023  Y= 988 Y2=1022 P1=1022 P2=   0 T1=1023 T2= 926  P= 558  D=   1 
 X= 892 X2=1023  Y= 986 Y2=1018 P1=1023 P2=   0 T1=1023 T2= 918  P= 558  D=   1 
 X= 923 X2=1023  Y= 982 Y2=1018 P1=1023 P2=   0 T1=1023 T2= 919  P= 558  D=   1 
 X= 234 X2= 240  Y= 719 Y2= 745 P1=1022 P2=   0 T1=  23 T2= 921  P= 558  D=   1 * 0
 X= 232 X2= 234  Y= 711 Y2= 707 P1= 832 P2= 239 T1=  23 T2=  22  P= 578  D=   1 * 0
 X= 233 X2= 236  Y= 712 Y2= 708 P1= 838 P2= 232 T1=  24 T2=  23  P= 611  D=   1 * 0
 X= 233 X2= 238  Y= 712 Y2= 707 P1= 831 P2= 234 T1=  23 T2=  22  P= 599  D=   1 * 0
 X= 233 X2= 235  Y= 711 Y2= 707 P1= 836 P2= 235 T1=  22 T2=  23  P= 598  D=   1 * 1
 X= 233 X2= 234  Y= 712 Y2= 707 P1= 836 P2= 234 T1=  23 T2=  23  P= 599  D=   1 * 2
 X= 234 X2= 235  Y= 712 Y2= 708 P1= 836 P2= 235 T1=  22 T2=  22  P= 598  D=   1 * 3
 X= 234 X2= 235  Y= 709 Y2= 707 P1= 836 P2= 235 T1=  23 T2=  23  P= 598  D=   1 * 4
 X= 233 X2= 236  Y= 712 Y2= 708 P1= 835 P2= 235 T1=  23 T2=  23  P= 597  D=   1 * 5
 X= 233 X2= 235  Y= 712 Y2= 707 P1= 835 P2= 236 T1=  22 T2=  24  P= 593  D=   1 * 6
 X= 231 X2= 236  Y= 712 Y2= 707 P1= 835 P2= 236 T1=  23 T2=  23  P= 591  D=   1 * 7
 X= 233 X2= 237  Y= 712 Y2= 707 P1= 834 P2= 237 T1=  22 T2=  23  P= 591  D=   1 * 8
 X= 232 X2= 234  Y= 712 Y2= 708 P1= 833 P2= 238 T1=  22 T2=  23  P= 582  D=   1 * 9
 X= 233 X2= 236  Y= 712 Y2= 707 P1= 833 P2= 237 T1=  22 T2=  23  P= 588  D=   1 * 10
 X= 233 X2= 235  Y= 711 Y2= 707 P1= 834 P2= 237 T1=  23 T2=  22  P= 589  D=   1 * 11
 X= 233 X2= 234  Y= 711 Y2= 707 P1= 834 P2= 238 T1=  23 T2=  25  P= 583  D=   1 * 12
 X= 233 X2= 235  Y= 711 Y2= 708 P1= 834 P2= 237 T1=  23 T2=  23  P= 589  D=   1 * 13
 X= 234 X2= 235  Y= 711 Y2= 707 P1= 834 P2= 237 T1=  21 T2=  23  P= 589  D=   1 * 14
 X= 233 X2= 235  Y= 712 Y2= 707 P1= 834 P2= 237 T1=  22 T2=  22  P= 589  D=   1 * 15
 X= 233 X2= 235  Y= 712 Y2= 707 P1= 834 P2= 237 T1=  22 T2=  24  P= 589  D=   1 * 16
 X= 230 X2= 235  Y= 712 Y2= 707 P1= 834 P2= 237 T1=  21 T2=  23  P= 584  D=   1 * 17
 X= 232 X2= 234  Y= 711 Y2= 708 P1= 833 P2= 237 T1=  22 T2=  22  P= 585  D=   1 * 18
 X= 233 X2= 235  Y= 711 Y2= 707 P1= 833 P2= 237 T1=  22 T2=  23  P= 588  D=   1 * 19
 X= 232 X2= 234  Y= 711 Y2= 707 P1= 833 P2= 238 T1=  23 T2=  23  P= 582  D=   1 * 20
 X= 233 X2= 235  Y= 712 Y2= 707 P1= 833 P2= 238 T1=  23 T2=  22  P= 585  D=   1 * 21
 X= 234 X2= 235  Y= 711 Y2= 707 P1= 833 P2= 238 T1=  23 T2=  22  P= 585  D=   1 * 22
 X= 233 X2= 234  Y= 711 Y2= 707 P1= 833 P2= 238 T1=  23 T2=  22  P= 582  D=   1 * 23
 X= 225 X2= 237  Y= 711 Y2= 707 P1= 833 P2= 238 T1=  23 T2=  23  P= 577  D=   1 * 24
Remove Pin
 X= 233 X2= 235  Y= 711 Y2= 707 P1= 833 P2= 238 T1=  22 T2=  21  P= 585  D=   1 * 24
 X= 232 X2= 235  Y= 711 Y2= 705 P1= 833 P2= 238 T1=  23 T2=  23  P= 582  D=   1 * 24
 X= 232 X2= 235  Y= 712 Y2= 707 P1= 833 P2= 238 T1=  22 T2=  23  P= 582  D=   1 * 24
 X= 233 X2= 235  Y= 711 Y2= 709 P1= 833 P2= 238 T1=  21 T2=  23  P= 585  D=   1 * 24
 X= 233 X2= 235  Y= 712 Y2= 708 P1= 833 P2= 238 T1=  22 T2=  23  P= 585  D=   1 * 24
 X= 232 X2= 235  Y= 712 Y2= 707 P1= 833 P2= 238 T1=  22 T2=  22  P= 582  D=   1 * 24
 X= 234 X2= 234  Y= 711 Y2= 708 P1= 835 P2= 238 T1=  22 T2=  22  P= 586  D=   1 * 24
 X= 232 X2= 235  Y= 712 Y2= 707 P1= 833 P2= 237 T1=  22 T2=  23  P= 585  D=   1 * 24
 X= 234 X2= 235  Y= 712 Y2= 707 P1= 833 P2= 238 T1=  24 T2=  23  P= 585  D=   1 * 24
 X= 233 X2= 235  Y= 712 Y2= 707 P1= 833 P2= 238 T1=  23 T2=  22  P= 585  D=   1 * 24
 X= 234 X2= 237  Y= 711 Y2= 707 P1= 832 P2= 238 T1=  23 T2=  23  P= 586  D=   1 * 24
 X= 233 X2= 235  Y= 712 Y2= 707 P1= 833 P2= 237 T1=  23 T2=  24  P= 588  D=   1 * 24
 X= 233 X2= 235  Y= 711 Y2= 708 P1= 833 P2= 238 T1=  23 T2=  23  P= 585  D=   1 * 24
 X= 232 X2= 235  Y= 712 Y2= 708 P1= 833 P2= 238 T1=  22 T2=  23  P= 582  D=   1 * 24
 X= 232 X2= 236  Y= 712 Y2= 707 P1= 834 P2= 238 T1=  22 T2=  21  P= 585  D=   1 * 24
 X= 233 X2= 233  Y= 712 Y2= 707 P1= 833 P2= 238 T1=  22 T2=  23  P= 582  D=   1 * 24
 X= 233 X2= 234  Y= 711 Y2= 708 P1= 833 P2= 239 T1=  22 T2=  22  P= 579  D=   1 * 24
 X= 243 X2= 256  Y= 726 Y2= 736 P1= 911 P2= 145 T1=  30 T2=  49  P= 579  D=   1 * 24
 X= 908 X2=1023  Y= 983 Y2=1019 P1=1023 P2=   0 T1=1019 T2= 901  P= 579  D=   1 
 X= 973 X2=1021  Y=1008 Y2=1019 P1=1022 P2=   0 T1=1019 T2=1017  P= 579  D=   1 
 X= 936 X2=1023  Y= 986 Y2=1018 P1=1022 P2=   0 T1=1019 T2= 921  P= 579  D=   1 
Target Noise  x= 2.50 y= 2.50
X[0]: Target= 23   232/ 233/ 234 Stdev= 0.40 N= 24  Y[0]: Target= 22   325/ 326/ 327 Stdev= 0.43 N= 24
X[1]: Target=456   809/ 810/ 811 Stdev= 0.57 N= 24  Y[1]: Target= 22   324/ 326/ 327 Stdev= 0.69 N= 24
X[2]: Target=456   804/ 808/ 810 Stdev= 1.15 N= 24  Y[2]: Target=249   712/ 713/ 713 Stdev= 0.27 N= 24
X[3]: Target= 23   232/ 234/ 235 Stdev= 0.66 N= 24  Y[3]: Target=249   708/ 709/ 710 Stdev= 0.39 N= 24
N=24 Avg=22
min: 22 22 22 22 22 22 
max: 23 23 23 23 23 23 
N=24 Avg=15
min: 14 14 14 15 15 15 
max: 16 16 16 16 16 16 
N=24 Avg=15
min: 14 15 15 15 15 15 
max: 16 16 16 16 16 16 
N=24 Avg=22
min: 22 22 22 22 22 22 
max: 24 23 23 23 23 23 
Using TNT center offset = 20
TNT Plane Coef: a= -796 b=    0 c= 382876
At  233, 325: Real=  23 Fit=  23 Offset=   3
At  809, 325: Real=  16 Fit=  17 Offset=  -3
At  808, 712: Real=  16 Fit=  17 Offset=  -3
At  233, 709: Real=  23 Fit=  23 Offset=   3
Fit Corners: 26, 14, 14, 26  Center: 20
Setting for min_tnt_up:   522
Setting for max_tnt_down: 25 (V2:37)
Entering calib_pressure_mfg
Using default pressure curve
468 471 487 495 509 524 553 575 612 
Summary:
Setting for max_tnt_down:      25
3.7 setting for max_tnt_down:     -1
Setting for min_tnt_up:       522
Setting for max_delta_tnt:      5
3.8 setting for max_delta_tnt:     -1
Setting for delay_in_us:        1
Setting for y_delay_in_us:      1
Setting for tnt_delay_in_us:    1
Setting for pressure_curve:  468 471 487 495 509 524 553 575 612
Setting for tnt_mode:           1
Setting for averaging:         -1
Setting for pointercal:      49265 0 -9971598 0 38741 -11149141 65536
Setting for tnt_plane:       -796 0 382876
