new-calib: New touch screen calibration program v3.12
Serial Number='15061E00010B06020116'
Using tnt_mode=1
Setting for delay_in_us:        1
Setting for y_delay_in_us:      1
Setting for tnt_delay_in_us:    1
Setting for max_delta_tnt:      5
Setting for tnt_mode:           1
Setting for averaging:         -1
Entering get_five_points
target_noise  x= 2.50 y= 2.50 t= 2.50
target state=0 point=240,136
 X= 881 X2=1017  Y= 981 Y2=1022 P1=1023 P2=  -1 T1=1023 T2= 997  P=  -1  D=   1 
 X= 895 X2=1016  Y= 976 Y2=1021 P1=1023 P2=  -1 T1=1022 T2= 957  P=  -1  D=   1 
 X=1023 X2= 997  Y= 987 Y2=1022 P1=1023 P2=  -1 T1=1023 T2= 951  P=  -1  D=   1 
 X= 868 X2=1023  Y=1000 Y2=1023 P1=1023 P2=  -1 T1=1023 T2= 936  P=  -1  D=   1 
 X= 938 X2=1020  Y= 983 Y2=1023 P1=1023 P2=  -1 T1=1022 T2= 935  P=  -1  D=   1 
 X= 959 X2=1022  Y= 984 Y2=1023 P1=1023 P2=  -1 T1=1023 T2= 926  P=  -1  D=   1 
 X= 871 X2=1023  Y= 995 Y2=1021 P1=1023 P2=  -1 T1=1023 T2= 928  P=  -1  D=   1 
 X=1006 X2= 998  Y= 984 Y2=1023 P1=1023 P2=  -1 T1=1023 T2= 932  P=  -1  D=   1 
 X= 985 X2=1014  Y= 983 Y2=1021 P1=1023 P2=  -1 T1=1022 T2= 904  P=  -1  D=   1 
 X= 948 X2=1023  Y= 988 Y2=1023 P1=1023 P2=  -1 T1=1023 T2= 943  P=  -1  D=   1 
 X=1012 X2=1010  Y= 983 Y2=1023 P1=1023 P2=  -1 T1=1021 T2= 942  P=  -1  D=   1 
 X=1023 X2=1015  Y= 986 Y2=1021 P1=1023 P2=  -1 T1=1020 T2= 936  P=  -1  D=   1 
 X= 906 X2=1023  Y= 995 Y2=1020 P1=1023 P2=  -1 T1=1023 T2= 927  P=  -1  D=   1 
 X= 891 X2=1023  Y= 977 Y2=1023 P1=1023 P2=  -1 T1=1022 T2= 912  P=  -1  D=   1 
 X= 970 X2=1016  Y= 988 Y2=1019 P1=1023 P2=  -1 T1=1023 T2= 921  P=  -1  D=   1 
 X= 973 X2=1023  Y= 990 Y2=1022 P1=1023 P2=  -1 T1=1022 T2= 940  P=  -1  D=   1 
 X=1023 X2=1022  Y= 986 Y2=1021 P1=1023 P2=  -1 T1=1023 T2= 914  P=  -1  D=   1 
 X= 904 X2=1022  Y= 987 Y2=1021 P1=1023 P2=  -1 T1=1020 T2= 932  P=  -1  D=   1 
 X= 968 X2=1014  Y= 987 Y2=1021 P1=1023 P2=  -1 T1=1022 T2= 919  P=  -1  D=   1 
 X= 966 X2=1023  Y= 981 Y2=1023 P1=1023 P2=  -1 T1=1023 T2= 925  P=  -1  D=   1 
 X= 968 X2= 997  Y= 976 Y2=1023 P1=1023 P2=  -1 T1=1023 T2= 923  P=  -1  D=   1 
 X= 841 X2=1023  Y= 984 Y2=1022 P1=1023 P2=  -1 T1=1021 T2= 943  P=  -1  D=   1 
 X= 906 X2=1023  Y= 993 Y2=1021 P1=1023 P2=  -1 T1=1023 T2= 922  P=  -1  D=   1 
 X= 990 X2=1016  Y= 986 Y2=1022 P1=1023 P2=  -1 T1=1022 T2= 924  P=  -1  D=   1 
 X= 814 X2=1023  Y= 978 Y2=1022 P1=1023 P2=  -1 T1=1022 T2= 923  P=  -1  D=   1 
 X= 946 X2=1023  Y= 991 Y2=1023 P1=1023 P2=  -1 T1=1023 T2= 923  P=  -1  D=   1 
 X=1023 X2=1015  Y= 988 Y2=1021 P1=1023 P2=  -1 T1=1021 T2= 915  P=  -1  D=   1 
 X= 982 X2=1018  Y= 994 Y2=1023 P1=1023 P2=  -1 T1=1022 T2= 936  P=  -1  D=   1 
 X=1013 X2=1021  Y= 994 Y2=1023 P1=1023 P2=  -1 T1=1023 T2= 974  P=  -1  D=   1 
 X= 962 X2= 981  Y= 998 Y2=1023 P1=1023 P2=  -1 T1=1023 T2= 937  P=  -1  D=   1 
 X= 827 X2=1023  Y= 982 Y2=1023 P1=1023 P2=  -1 T1=1023 T2= 918  P=  -1  D=   1 
 X= 951 X2=1023  Y= 984 Y2=1023 P1=1023 P2=  -1 T1=1022 T2= 922  P=  -1  D=   1 
 X= 923 X2=1023  Y= 982 Y2=1023 P1=1023 P2=  -1 T1=1021 T2= 916  P=  -1  D=   1 
 X= 978 X2=1016  Y= 980 Y2=1021 P1=1023 P2=  -1 T1=1022 T2= 932  P=  -1  D=   1 
 X= 953 X2=1023  Y= 981 Y2=1023 P1=1023 P2=  -1 T1=1023 T2= 933  P=  -1  D=   1 
 X= 937 X2=1023  Y= 997 Y2=1023 P1=1023 P2=  -1 T1=1023 T2= 945  P=  -1  D=   1 
 X= 935 X2=1021  Y= 988 Y2=1021 P1=1023 P2=  -1 T1=1021 T2= 927  P=  -1  D=   1 
 X= 968 X2=1023  Y= 996 Y2=1023 P1=1023 P2=  -1 T1=1023 T2= 915  P=  -1  D=   1 
 X=1021 X2=1012  Y= 991 Y2=1023 P1=1023 P2=  -1 T1=1023 T2= 919  P=  -1  D=   1 
 X= 963 X2= 993  Y= 986 Y2=1023 P1=1023 P2=  -1 T1=1021 T2= 939  P=  -1  D=   1 
 X= 816 X2=1023  Y= 987 Y2=1021 P1=1023 P2=  -1 T1=1021 T2= 929  P=  -1  D=   1 
 X= 851 X2=1023  Y= 993 Y2=1021 P1=1023 P2=  -1 T1=1023 T2= 935  P=  -1  D=   1 
 X= 988 X2=1006  Y= 992 Y2=1018 P1=1023 P2=  -1 T1=1023 T2= 923  P=  -1  D=   1 
 X= 883 X2=1019  Y= 991 Y2=1021 P1=1023 P2=  -1 T1=1022 T2= 920  P=  -1  D=   1 
 X= 958 X2=1022  Y= 990 Y2=1023 P1=1023 P2=  -1 T1=1021 T2= 938  P=  -1  D=   1 
 X=1008 X2=1000  Y= 985 Y2=1021 P1=1023 P2=  -1 T1=1022 T2= 948  P=  -1  D=   1 
 X= 965 X2=1023  Y= 988 Y2=1023 P1=1023 P2=  -1 T1=1023 T2= 929  P=  -1  D=   1 
 X= 938 X2=1021  Y= 987 Y2=1021 P1=1023 P2=  -1 T1=1022 T2= 930  P=  -1  D=   1 
 X= 950 X2=1023  Y= 987 Y2=1023 P1=1023 P2=  -1 T1=1023 T2= 932  P=  -1  D=   1 
 X= 966 X2=1023  Y= 988 Y2=1021 P1=1023 P2=  -1 T1=1023 T2= 921  P=  -1  D=   1 
 X= 844 X2=1023  Y= 981 Y2=1021 P1=1023 P2=  -1 T1=1022 T2= 935  P=  -1  D=   1 
 X=1023 X2=1011  Y= 986 Y2=1020 P1=1023 P2=  -1 T1=1023 T2= 933  P=  -1  D=   1 
 X= 936 X2=1023  Y= 990 Y2=1023 P1=1023 P2=  -1 T1=1022 T2= 937  P=  -1  D=   1 
 X= 870 X2=1023  Y= 991 Y2=1023 P1=1023 P2=  -1 T1=1023 T2= 942  P=  -1  D=   1 
 X=1023 X2=1013  Y= 993 Y2=1020 P1=1023 P2=  -1 T1=1023 T2= 932  P=  -1  D=   1 
 X=1023 X2= 990  Y= 989 Y2=1022 P1=1023 P2=  -1 T1=1023 T2= 930  P=  -1  D=   1 
 X= 948 X2=1023  Y= 989 Y2=1023 P1=1023 P2=  -1 T1=1023 T2= 937  P=  -1  D=   1 
 X= 946 X2=1023  Y= 986 Y2=1022 P1=1023 P2=  -1 T1=1023 T2= 929  P=  -1  D=   1 
 X= 992 X2=1021  Y= 995 Y2=1022 P1=1023 P2=  -1 T1=1023 T2= 918  P=  -1  D=   1 
 X= 895 X2=1023  Y= 982 Y2=1020 P1=1023 P2=  -1 T1=1023 T2= 919  P=  -1  D=   1 
 X=1018 X2= 997  Y= 989 Y2=1023 P1=1023 P2=  -1 T1=1022 T2= 922  P=  -1  D=   1 
 X=1000 X2= 999  Y= 984 Y2=1023 P1=1023 P2=  -1 T1=1023 T2= 926  P=  -1  D=   1 
 X= 957 X2=1014  Y= 976 Y2=1023 P1=1023 P2=  -1 T1=1023 T2= 940  P=  -1  D=   1 
 X= 972 X2=1022  Y= 988 Y2=1021 P1=1023 P2=  -1 T1=1022 T2= 923  P=  -1  D=   1 
 X= 957 X2= 997  Y= 984 Y2=1021 P1=1023 P2=  -1 T1=1022 T2= 931  P=  -1  D=   1 
 X=1013 X2= 911  Y=1019 Y2=1023 P1=1023 P2=  -1 T1=1022 T2=1019  P=  -1  D=   1 
 X= 810 X2=1023  Y= 987 Y2=1023 P1=1023 P2=  -1 T1=1022 T2= 944  P=  -1  D=   1 
 X= 819 X2=1023  Y= 990 Y2=1021 P1=1023 P2=  -1 T1=1021 T2= 935  P=  -1  D=   1 
 X= 868 X2=1023  Y= 976 Y2=1019 P1=1023 P2=  -1 T1=1023 T2= 912  P=  -1  D=   1 
 X= 818 X2=1023  Y= 987 Y2=1020 P1=1023 P2=  -1 T1=1023 T2= 926  P=  -1  D=   1 
 X=1023 X2=1010  Y= 980 Y2=1020 P1=1023 P2=  -1 T1=1019 T2= 904  P=  -1  D=   1 
 X=1008 X2= 996  Y= 982 Y2=1023 P1=1023 P2=  -1 T1=1022 T2= 940  P=  -1  D=   1 
 X= 921 X2=1023  Y= 988 Y2=1023 P1=1023 P2=  -1 T1=1023 T2= 926  P=  -1  D=   1 
 X=1023 X2=1008  Y= 984 Y2=1021 P1=1023 P2=  -1 T1=1021 T2= 943  P=  -1  D=   1 
 X= 884 X2=1020  Y= 982 Y2=1022 P1=1023 P2=  -1 T1=1023 T2= 937  P=  -1  D=   1 
 X= 926 X2=1023  Y= 989 Y2=1021 P1=1023 P2=  -1 T1=1023 T2= 920  P=  -1  D=   1 
 X= 964 X2=1001  Y= 992 Y2=1021 P1=1023 P2=  -1 T1=1023 T2= 939  P=  -1  D=   1 
 X= 830 X2=1023  Y= 980 Y2=1021 P1=1023 P2=  -1 T1=1023 T2= 912  P=  -1  D=   1 
 X= 928 X2=1023  Y= 989 Y2=1023 P1=1023 P2=  -1 T1=1023 T2= 921  P=  -1  D=   1 
 X= 882 X2=1018  Y= 992 Y2=1023 P1=1023 P2=  -1 T1=1023 T2= 936  P=  -1  D=   1 
 X= 963 X2=1023  Y= 988 Y2=1021 P1=1023 P2=  -1 T1=1023 T2= 921  P=  -1  D=   1 
 X= 908 X2=1023  Y= 986 Y2=1022 P1=1023 P2=  -1 T1=1023 T2= 932  P=  -1  D=   1 
 X= 960 X2=1023  Y= 986 Y2=1023 P1=1023 P2=  -1 T1=1023 T2= 923  P=  -1  D=   1 
 X= 961 X2=1023  Y= 994 Y2=1023 P1=1023 P2=  -1 T1=1022 T2= 923  P=  -1  D=   1 
 X= 802 X2=1023  Y= 984 Y2=1023 P1=1023 P2=  -1 T1=1023 T2= 936  P=  -1  D=   1 
 X= 850 X2=1023  Y= 991 Y2=1020 P1=1023 P2=  -1 T1=1021 T2= 937  P=  -1  D=   1 
 X= 997 X2=1017  Y= 987 Y2=1023 P1=1023 P2=  -1 T1=1022 T2= 921  P=  -1  D=   1 
 X= 970 X2=1023  Y= 984 Y2=1020 P1=1023 P2=  -1 T1=1023 T2= 948  P=  -1  D=   1 
 X= 970 X2=1023  Y= 992 Y2=1023 P1=1023 P2=  -1 T1=1022 T2= 904  P=  -1  D=   1 
 X=1023 X2=1011  Y= 981 Y2=1021 P1=1023 P2=  -1 T1=1023 T2= 932  P=  -1  D=   1 
 X=1023 X2=1016  Y= 990 Y2=1023 P1=1023 P2=  -1 T1=1023 T2= 940  P=  -1  D=   1 
 X= 932 X2=1023  Y= 990 Y2=1022 P1=1023 P2=  -1 T1=1023 T2= 937  P=  -1  D=   1 
 X= 972 X2=1023  Y= 994 Y2=1022 P1=1023 P2=  -1 T1=1021 T2= 930  P=  -1  D=   1 
 X= 870 X2=1018  Y= 976 Y2=1021 P1=1023 P2=  -1 T1=1022 T2= 929  P=  -1  D=   1 
 X= 873 X2=1023  Y= 999 Y2=1023 P1=1023 P2=  -1 T1=1022 T2= 943  P=  -1  D=   1 
 X=1023 X2=1014  Y= 989 Y2=1023 P1=1023 P2=  -1 T1=1022 T2= 940  P=  -1  D=   1 
 X= 970 X2=1015  Y= 974 Y2=1023 P1=1023 P2=  -1 T1=1019 T2= 922  P=  -1  D=   1 
 X= 959 X2=1023  Y= 992 Y2=1023 P1=1023 P2=  -1 T1=1022 T2= 936  P=  -1  D=   1 
 X= 963 X2=1023  Y= 992 Y2=1023 P1=1023 P2=  -1 T1=1023 T2= 942  P=  -1  D=   1 
 X=1023 X2=1010  Y= 985 Y2=1023 P1=1023 P2=  -1 T1=1021 T2= 944  P=  -1  D=   1 
 X= 912 X2=1023  Y= 983 Y2=1021 P1=1023 P2=  -1 T1=1023 T2= 944  P=  -1  D=   1 
 X= 969 X2= 999  Y= 984 Y2=1023 P1=1023 P2=  -1 T1=1021 T2= 934  P=  -1  D=   1 
 X= 924 X2=1022  Y= 986 Y2=1022 P1=1023 P2=  -1 T1=1022 T2= 942  P=  -1  D=   1 
 X= 921 X2=1023  Y=1009 Y2=1023 P1=1023 P2=  -1 T1=1021 T2= 929  P=  -1  D=   1 
 X= 893 X2=1023  Y= 976 Y2=1023 P1=1023 P2=  -1 T1=1023 T2= 925  P=  -1  D=   1 
 X= 998 X2=1009  Y= 983 Y2=1021 P1=1023 P2=  -1 T1=1023 T2= 927  P=  -1  D=   1 
 X= 960 X2=1014  Y= 982 Y2=1023 P1=1023 P2=  -1 T1=1022 T2= 926  P=  -1  D=   1 
 X= 973 X2=1023  Y= 981 Y2=1023 P1=1023 P2=  -1 T1=1023 T2= 938  P=  -1  D=   1 
 X=1020 X2=1016  Y= 987 Y2=1022 P1=1023 P2=  -1 T1=1023 T2= 940  P=  -1  D=   1 
 X=1009 X2=1017  Y= 989 Y2=1023 P1=1023 P2=  -1 T1=1022 T2= 957  P=  -1  D=   1 
 X= 971 X2= 998  Y= 983 Y2=1019 P1=1023 P2=  -1 T1=1023 T2= 933  P=  -1  D=   1 
 X= 967 X2=1023  Y= 985 Y2=1023 P1=1023 P2=  -1 T1=1023 T2= 942  P=  -1  D=   1 
 X= 930 X2=1017  Y= 991 Y2=1023 P1=1023 P2=  -1 T1=1021 T2= 934  P=  -1  D=   1 
 X=1023 X2=1007  Y= 989 Y2=1021 P1=1023 P2=  -1 T1=1023 T2= 938  P=  -1  D=   1 
 X= 979 X2=1015  Y= 989 Y2=1023 P1=1023 P2=  -1 T1=1023 T2= 925  P=  -1  D=   1 
 X= 863 X2=1018  Y= 982 Y2=1023 P1=1023 P2=  -1 T1=1023 T2= 928  P=  -1  D=   1 
 X= 952 X2=1023  Y= 984 Y2=1023 P1=1023 P2=  -1 T1=1023 T2= 913  P=  -1  D=   1 
 X= 961 X2=1005  Y= 991 Y2=1023 P1=1023 P2=  -1 T1=1023 T2= 925  P=  -1  D=   1 
 X=1023 X2=1011  Y= 986 Y2=1023 P1=1023 P2=  -1 T1=1023 T2= 931  P=  -1  D=   1 
 X= 873 X2=1023  Y= 992 Y2=1023 P1=1023 P2=  -1 T1=1023 T2= 929  P=  -1  D=   1 
 X= 929 X2=1023  Y= 985 Y2=1021 P1=1023 P2=  -1 T1=1022 T2= 918  P=  -1  D=   1 
 X= 985 X2=1016  Y= 990 Y2=1023 P1=1023 P2=  -1 T1=1021 T2= 941  P=  -1  D=   1 
 X= 942 X2=1023  Y= 982 Y2=1022 P1=1023 P2=  -1 T1=1022 T2= 922  P=  -1  D=   1 
 X= 961 X2=1005  Y= 992 Y2=1021 P1=1023 P2=  -1 T1=1021 T2= 918  P=  -1  D=   1 
 X=1005 X2=1009  Y= 987 Y2=1022 P1=1019 P2=  -1 T1=1022 T2= 939  P=  -1  D=   1 
 X= 994 X2=1017  Y= 990 Y2=1023 P1=1023 P2=  -1 T1=1022 T2= 928  P=  -1  D=   1 
 X= 972 X2=1021  Y= 981 Y2=1023 P1=1023 P2=  -1 T1=1022 T2= 930  P=  -1  D=   1 
 X= 974 X2=1022  Y= 988 Y2=1023 P1=1023 P2=  -1 T1=1022 T2= 925  P=  -1  D=   1 
 X= 956 X2=1023  Y=1005 Y2=1022 P1=1023 P2=  -1 T1=1022 T2= 927  P=  -1  D=   1 
 X= 973 X2=1009  Y= 996 Y2=1021 P1=1023 P2=  -1 T1=1023 T2= 957  P=  -1  D=   1 
 X= 926 X2=1019  Y= 985 Y2=1023 P1=1023 P2=  -1 T1=1023 T2= 927  P=  -1  D=   1 
 X= 890 X2=1022  Y= 987 Y2=1022 P1=1023 P2=  -1 T1=1021 T2= 916  P=  -1  D=   1 
 X= 949 X2=1019  Y= 979 Y2=1023 P1=1023 P2=  -1 T1=1023 T2= 926  P=  -1  D=   1 
 X=1023 X2=1010  Y= 980 Y2=1023 P1=1023 P2=  -1 T1=1023 T2= 950  P=  -1  D=   1 
 X=1020 X2= 994  Y= 987 Y2=1021 P1=1023 P2=  -1 T1=1023 T2= 919  P=  -1  D=   1 
 X= 938 X2=1023  Y= 988 Y2=1023 P1=1023 P2=  -1 T1=1023 T2= 918  P=  -1  D=   1 
 X= 998 X2=1023  Y= 992 Y2=1021 P1=1023 P2=  -1 T1=1020 T2= 934  P=  -1  D=   1 
 X= 901 X2=1023  Y= 980 Y2=1023 P1=1023 P2=  -1 T1=1023 T2= 932  P=  -1  D=   1 
 X= 935 X2=1023  Y= 994 Y2=1023 P1=1023 P2=  -1 T1=1022 T2= 932  P=  -1  D=   1 
 X= 965 X2=1023  Y= 986 Y2=1023 P1=1023 P2=  -1 T1=1023 T2= 944  P=  -1  D=   1 
 X= 995 X2=1016  Y= 987 Y2=1023 P1=1023 P2=  -1 T1=1023 T2= 941  P=  -1  D=   1 
 X= 898 X2=1018  Y= 981 Y2=1021 P1=1023 P2=  -1 T1=1021 T2= 932  P=  -1  D=   1 
 X= 958 X2=1021  Y= 984 Y2=1021 P1=1023 P2=  -1 T1=1023 T2= 942  P=  -1  D=   1 
 X=1000 X2=1008  Y= 982 Y2=1021 P1=1023 P2=  -1 T1=1023 T2= 916  P=  -1  D=   1 
 X= 935 X2=1023  Y= 989 Y2=1022 P1=1023 P2=  -1 T1=1022 T2= 907  P=  -1  D=   1 
 X= 873 X2=1023  Y= 996 Y2=1023 P1=1023 P2=  -1 T1=1023 T2= 936  P=  -1  D=   1 
 X= 873 X2=1023  Y= 996 Y2=1023 P1=1023 P2=  -1 T1=1023 T2= 936  P=  -1  D=   1 
 X=1022 X2=1023  Y=1021 Y2=1021 P1=1023 P2=  -1 T1=1023 T2=1011  P=  -1  D=   1 
 X= 965 X2=1022  Y=1009 Y2=1021 P1=1023 P2=  -1 T1=1022 T2= 997  P=  -1  D=   1 
 X= 960 X2=1018  Y=1017 Y2=1023 P1=1023 P2=  -1 T1=1021 T2=1017  P=  -1  D=   1 
 X= 988 X2=1022  Y=1016 Y2=1023 P1=1023 P2=  -1 T1=1022 T2=1011  P=  -1  D=   1 
 X= 944 X2=1021  Y= 983 Y2=1021 P1=1023 P2=  -1 T1=1023 T2= 958  P=  -1  D=   1 
 X= 932 X2=1023  Y= 984 Y2=1023 P1=1023 P2=  -1 T1=1023 T2= 970  P=  -1  D=   1 
 X= 954 X2=1023  Y= 986 Y2=1022 P1=1023 P2=  -1 T1=1021 T2= 934  P=  -1  D=   1 
 X=1023 X2=1007  Y= 991 Y2=1023 P1=1023 P2=  -1 T1=1022 T2= 929  P=  -1  D=   1 
 X= 903 X2=1023  Y= 980 Y2=1022 P1=1023 P2=  -1 T1=1023 T2= 933  P=  -1  D=   1 
 X= 960 X2=1023  Y= 990 Y2=1021 P1=1023 P2=  -1 T1=1023 T2= 930  P=  -1  D=   1 
 X= 865 X2=1018  Y= 983 Y2=1023 P1=1023 P2=  -1 T1=1020 T2= 938  P=  -1  D=   1 
 X= 891 X2=1015  Y=1022 Y2=1023 P1=1023 P2=  -1 T1=1021 T2=1022  P=  -1  D=   1 
 X= 969 X2=1022  Y= 984 Y2=1023 P1=1023 P2=  -1 T1=1023 T2= 941  P=  -1  D=   1 
 X= 882 X2=1018  Y= 980 Y2=1023 P1=1020 P2=  -1 T1=1023 T2= 927  P=  -1  D=   1 
 X= 892 X2=1018  Y= 997 Y2=1023 P1=1023 P2=  -1 T1=1023 T2= 918  P=  -1  D=   1 
 X= 964 X2=1023  Y= 989 Y2=1023 P1=1023 P2=  -1 T1=1020 T2= 921  P=  -1  D=   1 
 X=1023 X2= 991  Y= 978 Y2=1022 P1=1023 P2=  -1 T1=1022 T2= 937  P=  -1  D=   1 
 X= 817 X2=1023  Y= 979 Y2=1022 P1=1023 P2=  -1 T1=1023 T2= 916  P=  -1  D=   1 
 X= 920 X2=1023  Y= 991 Y2=1020 P1=1023 P2=  -1 T1=1022 T2= 933  P=  -1  D=   1 
 X= 958 X2=1010  Y= 990 Y2=1022 P1=1023 P2=  -1 T1=1023 T2= 915  P=  -1  D=   1 
 X= 893 X2=1017  Y= 986 Y2=1023 P1=1023 P2=  -1 T1=1021 T2= 918  P=  -1  D=   1 
 X= 964 X2=1023  Y= 983 Y2=1020 P1=1023 P2=  -1 T1=1023 T2= 905  P=  -1  D=   1 
 X= 865 X2=1023  Y=1001 Y2=1021 P1=1023 P2=  -1 T1=1022 T2= 954  P=  -1  D=   1 
 X= 909 X2=1023  Y= 996 Y2=1023 P1=1023 P2=  -1 T1=1023 T2= 974  P=  -1  D=   1 
 X= 962 X2=1022  Y= 983 Y2=1023 P1=1023 P2=  -1 T1=1023 T2= 945  P=  -1  D=   1 
 X= 961 X2=1022  Y= 985 Y2=1023 P1=1023 P2=  -1 T1=1023 T2= 932  P=  -1  D=   1 
 X= 957 X2=1023  Y= 978 Y2=1023 P1=1023 P2=  -1 T1=1023 T2= 923  P=  -1  D=   1 
 X= 871 X2=1023  Y= 977 Y2=1022 P1=1023 P2=  -1 T1=1023 T2= 908  P=  -1  D=   1 
 X= 911 X2=1023  Y= 995 Y2=1021 P1=1023 P2=  -1 T1=1022 T2= 934  P=  -1  D=   1 
 X= 920 X2=1021  Y= 986 Y2=1023 P1=1023 P2=  -1 T1=1022 T2= 932  P=  -1  D=   1 
 X= 876 X2=1023  Y= 988 Y2=1023 P1=1023 P2=  -1 T1=1023 T2= 927  P=  -1  D=   1 
 X= 961 X2= 999  Y= 984 Y2=1021 P1=1023 P2=  -1 T1=1022 T2= 928  P=  -1  D=   1 
 X=1023 X2=1011  Y= 988 Y2=1023 P1=1023 P2=  -1 T1=1023 T2= 934  P=  -1  D=   1 
 X= 940 X2=1019  Y= 983 Y2=1023 P1=1023 P2=  -1 T1=1021 T2= 915  P=  -1  D=   1 
 X= 924 X2=1023  Y= 986 Y2=1023 P1=1023 P2=  -1 T1=1023 T2= 929  P=  -1  D=   1 
 X= 525 X2= 525  Y= 518 Y2= 519 P1= 805 P2= 410 T1=  18 T2=  18  P= 505  D=   1 * 0
 X= 803 X2=1023  Y= 992 Y2=1021 P1=1023 P2=   0 T1=1021 T2= 934  P= 505  D=   1 
 X= 526 X2= 526  Y= 520 Y2= 519 P1= 813 P2= 393 T1=  19 T2=  21  P= 561  D=   1 * 0
 X= 536 X2= 532  Y= 525 Y2= 523 P1= 827 P2= 375 T1=  42 T2=  21  P= 561  D=   1 
 X= 526 X2= 525  Y= 521 Y2= 521 P1= 814 P2= 393 T1=  20 T2=  20  P= 562  D=   1 * 0
 X= 525 X2= 522  Y= 521 Y2= 520 P1= 813 P2= 395 T1=  20 T2=  19  P= 553  D=   1 * 0
 X= 524 X2= 525  Y= 520 Y2= 521 P1= 813 P2= 395 T1=  20 T2=  20  P= 554  D=   1 * 1
 X= 526 X2= 525  Y= 520 Y2= 520 P1= 814 P2= 393 T1=  20 T2=  20  P= 562  D=   1 * 2
 X= 525 X2= 524  Y= 520 Y2= 511 P1= 813 P2= 393 T1=  21 T2=  20  P= 559  D=   1 * 3
 X= 529 X2= 525  Y= 520 Y2= 521 P1= 813 P2= 395 T1=  20 T2=  20  P= 557  D=   1 * 4
 X= 524 X2= 525  Y= 521 Y2= 519 P1= 812 P2= 397 T1=  19 T2=  19  P= 547  D=   1 * 5
 X= 525 X2= 524  Y= 520 Y2= 521 P1= 812 P2= 398 T1=  20 T2=  19  P= 544  D=   1 * 6
 X= 525 X2= 525  Y= 520 Y2= 520 P1= 811 P2= 397 T1=  19 T2=  18  P= 547  D=   1 * 7
 X= 524 X2= 525  Y= 521 Y2= 520 P1= 812 P2= 398 T1=  19 T2=  19  P= 544  D=   1 * 8
 X= 524 X2= 525  Y= 520 Y2= 521 P1= 811 P2= 397 T1=  20 T2=  20  P= 546  D=   1 * 9
 X= 525 X2= 525  Y= 520 Y2= 520 P1= 810 P2= 399 T1=  19 T2=  19  P= 540  D=   1 * 10
 X= 525 X2= 525  Y= 520 Y2= 520 P1= 811 P2= 398 T1=  19 T2=  20  P= 544  D=   1 * 11
 X= 525 X2= 525  Y= 520 Y2= 520 P1= 811 P2= 398 T1=  19 T2=  19  P= 544  D=   1 * 12
 X= 527 X2= 525  Y= 520 Y2= 519 P1= 811 P2= 398 T1=  20 T2=  19  P= 545  D=   1 * 13
 X= 525 X2= 525  Y= 520 Y2= 520 P1= 811 P2= 398 T1=  19 T2=  19  P= 544  D=   1 * 14
 X= 525 X2= 525  Y= 520 Y2= 520 P1= 812 P2= 398 T1=  20 T2=  21  P= 546  D=   1 * 15
 X= 525 X2= 524  Y= 520 Y2= 520 P1= 811 P2= 398 T1=  20 T2=  20  P= 543  D=   1 * 16
 X= 525 X2= 524  Y= 520 Y2= 520 P1= 811 P2= 399 T1=  20 T2=  19  P= 540  D=   1 * 17
 X= 524 X2= 525  Y= 520 Y2= 519 P1= 811 P2= 398 T1=  19 T2=  19  P= 543  D=   1 * 18
 X= 525 X2= 524  Y= 520 Y2= 518 P1= 811 P2= 399 T1=  20 T2=  19  P= 540  D=   1 * 19
 X= 524 X2= 524  Y= 520 Y2= 521 P1= 811 P2= 399 T1=  19 T2=  19  P= 540  D=   1 * 20
 X= 525 X2= 525  Y= 520 Y2= 520 P1= 811 P2= 398 T1=  19 T2=  20  P= 544  D=   1 * 21
 X= 525 X2= 522  Y= 520 Y2= 520 P1= 811 P2= 399 T1=  18 T2=  19  P= 539  D=   1 * 22
 X= 525 X2= 522  Y= 520 Y2= 520 P1= 811 P2= 399 T1=  18 T2=  19  P= 543  D=   1 * 23
 X= 525 X2= 525  Y= 520 Y2= 520 P1= 812 P2= 399 T1=  19 T2=  19  P= 546  D=   1 * 24
Remove Pin
 X= 524 X2= 525  Y= 520 Y2= 519 P1= 811 P2= 399 T1=  20 T2=  19  P= 540  D=   1 * 24
 X= 525 X2= 524  Y= 520 Y2= 520 P1= 811 P2= 399 T1=  19 T2=  20  P= 540  D=   1 * 24
 X= 526 X2= 524  Y= 520 Y2= 521 P1= 811 P2= 399 T1=  19 T2=  19  P= 541  D=   1 * 24
 X= 524 X2= 524  Y= 521 Y2= 520 P1= 811 P2= 399 T1=  19 T2=  19  P= 540  D=   1 * 24
 X= 526 X2= 524  Y= 520 Y2= 519 P1= 811 P2= 398 T1=  19 T2=  19  P= 544  D=   1 * 24
 X= 525 X2= 524  Y= 520 Y2= 521 P1= 811 P2= 399 T1=  19 T2=  19  P= 540  D=   1 * 24
 X= 527 X2= 525  Y= 520 Y2= 520 P1= 811 P2= 399 T1=  18 T2=  21  P= 542  D=   1 * 24
 X= 525 X2= 524  Y= 520 Y2= 520 P1= 811 P2= 398 T1=  17 T2=  20  P= 543  D=   1 * 24
 X= 525 X2= 525  Y= 520 Y2= 520 P1= 811 P2= 398 T1=  20 T2=  19  P= 544  D=   1 * 24
 X= 525 X2= 525  Y= 520 Y2= 520 P1= 810 P2= 399 T1=  19 T2=  20  P= 540  D=   1 * 24
 X= 524 X2= 525  Y= 520 Y2= 520 P1= 811 P2= 399 T1=  19 T2=  19  P= 540  D=   1 * 24
 X= 522 X2= 525  Y= 520 Y2= 520 P1= 810 P2= 398 T1=  19 T2=  19  P= 541  D=   1 * 24
 X= 525 X2= 525  Y= 520 Y2= 520 P1= 811 P2= 399 T1=  20 T2=  19  P= 541  D=   1 * 24
 X= 525 X2= 524  Y= 520 Y2= 520 P1= 811 P2= 399 T1=  19 T2=  19  P= 540  D=   1 * 24
 X= 524 X2= 524  Y= 520 Y2= 520 P1= 811 P2= 398 T1=  19 T2=  19  P= 543  D=   1 * 24
 X= 524 X2= 524  Y= 520 Y2= 520 P1= 811 P2= 399 T1=  19 T2=  19  P= 540  D=   1 * 24
 X= 524 X2= 524  Y= 520 Y2= 521 P1= 811 P2= 399 T1=  19 T2=  19  P= 540  D=   1 * 24
 X= 524 X2= 525  Y= 521 Y2= 520 P1= 812 P2= 398 T1=  19 T2=  19  P= 544  D=   1 * 24
 X= 529 X2= 522  Y= 520 Y2= 520 P1= 810 P2= 399 T1=  19 T2=  19  P= 540  D=   1 * 24
 X= 525 X2= 526  Y= 520 Y2= 520 P1= 810 P2= 399 T1=  19 T2=  19  P= 540  D=   1 * 24
 X= 525 X2= 524  Y= 521 Y2= 520 P1= 811 P2= 399 T1=  19 T2=  19  P= 540  D=   1 * 24
 X= 525 X2= 524  Y= 520 Y2= 520 P1= 811 P2= 399 T1=  19 T2=  19  P= 540  D=   1 * 24
 X= 525 X2= 524  Y= 520 Y2= 520 P1= 810 P2= 399 T1=  20 T2=  19  P= 539  D=   1 * 24
 X= 523 X2= 524  Y= 520 Y2= 520 P1= 811 P2= 398 T1=  19 T2=  19  P= 542  D=   1 * 24
 X= 525 X2= 525  Y= 520 Y2= 520 P1= 811 P2= 399 T1=  20 T2=  19  P= 541  D=   1 * 24
 X= 525 X2= 526  Y= 520 Y2= 520 P1= 811 P2= 399 T1=  18 T2=  19  P= 541  D=   1 * 24
 X= 525 X2= 525  Y= 520 Y2= 520 P1= 810 P2= 399 T1=  19 T2=  20  P= 540  D=   1 * 24
 X= 524 X2= 524  Y= 520 Y2= 520 P1= 811 P2= 399 T1=  19 T2=  20  P= 540  D=   1 * 24
 X= 526 X2= 525  Y= 520 Y2= 520 P1= 810 P2= 399 T1=  19 T2=  19  P= 540  D=   1 * 24
 X= 525 X2= 525  Y= 520 Y2= 525 P1= 814 P2= 393 T1=  20 T2=  20  P= 562  D=   1 * 24
 X= 528 X2= 527  Y= 521 Y2= 519 P1= 819 P2= 386 T1=  20 T2=  20  P= 590  D=   1 * 24
 X=1023 X2= 993  Y= 966 Y2=1023 P1=1023 P2=   0 T1=1023 T2= 913  P= 590  D=   1 
 X=1023 X2= 993  Y= 966 Y2=1023 P1=1023 P2=   0 T1=1023 T2= 966  P= 590  D=   1 
 X= 825 X2= 993  Y= 990 Y2=1023 P1=1023 P2=   0 T1=1023 T2= 951  P= 590  D=   1 
target state=1 point=23,22
 X=1023 X2=1017  Y= 989 Y2=1023 P1=1023 P2=   0 T1=1022 T2= 946  P= 590  D=   1 
 X=1023 X2=1011  Y= 993 Y2=1021 P1=1023 P2=   0 T1=1022 T2= 937  P= 590  D=   1 
 X=1007 X2=1006  Y= 991 Y2=1022 P1=1023 P2=   0 T1=1023 T2= 924  P= 590  D=   1 
 X= 921 X2=1023  Y= 990 Y2=1021 P1=1023 P2=   0 T1=1022 T2= 929  P= 590  D=   1 
 X= 919 X2=1023  Y= 985 Y2=1021 P1=1023 P2=   0 T1=1023 T2= 928  P= 590  D=   1 
 X= 955 X2=1022  Y= 980 Y2=1023 P1=1023 P2=   0 T1=1023 T2= 925  P= 590  D=   1 
 X= 862 X2=1023  Y= 979 Y2=1021 P1=1023 P2=   0 T1=1023 T2= 935  P= 590  D=   1 
 X= 931 X2=1023  Y= 993 Y2=1023 P1=1023 P2=   0 T1=1023 T2= 914  P= 590  D=   1 
 X=1003 X2=1015  Y= 983 Y2=1023 P1=1023 P2=   0 T1=1022 T2= 920  P= 590  D=   1 
 X= 875 X2=1017  Y= 987 Y2=1023 P1=1023 P2=   0 T1=1023 T2= 927  P= 590  D=   1 
 X= 954 X2=1023  Y= 991 Y2=1022 P1=1023 P2=   0 T1=1023 T2= 918  P= 590  D=   1 
 X=1023 X2=1016  Y= 986 Y2=1021 P1=1023 P2=   0 T1=1022 T2= 949  P= 590  D=   1 
 X= 897 X2=1023  Y= 987 Y2=1023 P1=1023 P2=   0 T1=1023 T2= 925  P= 590  D=   1 
 X= 931 X2=1023  Y= 989 Y2=1023 P1=1023 P2=   0 T1=1023 T2= 932  P= 590  D=   1 
 X= 977 X2= 998  Y= 998 Y2=1023 P1=1023 P2=   0 T1=1022 T2= 914  P= 590  D=   1 
 X= 945 X2=1018  Y= 987 Y2=1023 P1=1023 P2=   0 T1=1023 T2= 933  P= 590  D=   1 
 X= 893 X2=1023  Y= 991 Y2=1023 P1=1023 P2=   0 T1=1023 T2= 946  P= 590  D=   1 
 X=1023 X2=1013  Y= 984 Y2=1023 P1=1023 P2=   0 T1=1022 T2= 932  P= 590  D=   1 
 X= 990 X2=1010  Y= 991 Y2=1022 P1=1023 P2=   0 T1=1022 T2= 950  P= 590  D=   1 
 X= 973 X2=1020  Y= 989 Y2=1023 P1=1023 P2=   0 T1=1023 T2= 931  P= 590  D=   1 
 X= 990 X2=1018  Y= 986 Y2=1021 P1=1023 P2=   0 T1=1021 T2= 942  P= 590  D=   1 
 X= 983 X2=1016  Y= 985 Y2=1021 P1=1023 P2=   0 T1=1023 T2= 935  P= 590  D=   1 
 X= 930 X2=1023  Y= 992 Y2=1023 P1=1023 P2=   0 T1=1022 T2= 923  P= 590  D=   1 
 X= 924 X2=1023  Y= 984 Y2=1023 P1=1023 P2=   0 T1=1022 T2= 929  P= 590  D=   1 
 X= 908 X2=1021  Y= 992 Y2=1023 P1=1023 P2=   0 T1=1023 T2= 919  P= 590  D=   1 
 X= 949 X2=1023  Y= 990 Y2=1022 P1=1023 P2=   0 T1=1021 T2= 931  P= 590  D=   1 
 X=1017 X2= 999  Y= 987 Y2=1020 P1=1023 P2=   0 T1=1023 T2= 922  P= 590  D=   1 
 X=1004 X2=1006  Y= 980 Y2=1023 P1=1023 P2=   0 T1=1022 T2= 932  P= 590  D=   1 
 X= 967 X2=1023  Y= 979 Y2=1023 P1=1023 P2=   0 T1=1022 T2= 920  P= 590  D=   1 
 X= 968 X2=1023  Y= 973 Y2=1023 P1=1023 P2=   0 T1=1022 T2= 921  P= 590  D=   1 
 X= 871 X2=1023  Y= 988 Y2=1021 P1=1023 P2=   0 T1=1021 T2= 949  P= 590  D=   1 
 X= 889 X2=1023  Y= 990 Y2=1021 P1=1023 P2=   0 T1=1023 T2= 920  P= 590  D=   1 
 X= 953 X2=1023  Y= 988 Y2=1023 P1=1023 P2=   0 T1=1023 T2= 922  P= 590  D=   1 
 X= 929 X2=1010  Y= 986 Y2=1021 P1=1023 P2=   0 T1=1022 T2= 933  P= 590  D=   1 
 X= 922 X2=1019  Y= 983 Y2=1022 P1=1023 P2=   0 T1=1021 T2= 927  P= 590  D=   1 
 X= 884 X2=1023  Y= 986 Y2=1022 P1=1023 P2=   0 T1=1023 T2= 916  P= 590  D=   1 
 X= 999 X2= 996  Y= 984 Y2=1023 P1=1023 P2=   0 T1=1023 T2= 910  P= 590  D=   1 
 X= 994 X2=1011  Y= 981 Y2=1021 P1=1023 P2=   0 T1=1021 T2= 916  P= 590  D=   1 
 X= 927 X2=1023  Y= 989 Y2=1022 P1=1023 P2=   0 T1=1022 T2= 911  P= 590  D=   1 
 X= 961 X2=1023  Y= 983 Y2=1020 P1=1023 P2=   0 T1=1022 T2= 932  P= 590  D=   1 
 X= 810 X2=1023  Y= 980 Y2=1023 P1=1023 P2=   0 T1=1023 T2= 914  P= 590  D=   1 
 X= 841 X2=1023  Y= 992 Y2=1021 P1=1023 P2=   0 T1=1023 T2= 915  P= 590  D=   1 
 X= 975 X2=1023  Y= 986 Y2=1023 P1=1023 P2=   0 T1=1021 T2= 928  P= 590  D=   1 
 X= 916 X2=1019  Y= 981 Y2=1022 P1=1023 P2=   0 T1=1023 T2= 928  P= 590  D=   1 
 X= 909 X2=1023  Y= 989 Y2=1021 P1=1023 P2=   0 T1=1023 T2= 935  P= 590  D=   1 
 X= 876 X2=1019  Y= 983 Y2=1021 P1=1023 P2=   0 T1=1022 T2= 946  P= 590  D=   1 
 X=1008 X2= 996  Y= 983 Y2=1021 P1=1023 P2=   0 T1=1023 T2= 923  P= 590  D=   1 
 X= 896 X2=1023  Y= 990 Y2=1021 P1=1023 P2=   0 T1=1022 T2= 941  P= 590  D=   1 
 X=1023 X2=1016  Y= 989 Y2=1023 P1=1023 P2=   0 T1=1021 T2= 926  P= 590  D=   1 
 X=1006 X2=1015  Y= 983 Y2=1023 P1=1023 P2=   0 T1=1023 T2= 917  P= 590  D=   1 
 X= 978 X2=1022  Y= 986 Y2=1023 P1=1023 P2=   0 T1=1021 T2= 925  P= 590  D=   1 
 X= 922 X2=1023  Y= 984 Y2=1023 P1=1023 P2=   0 T1=1023 T2= 919  P= 590  D=   1 
 X=1000 X2=1012  Y= 978 Y2=1020 P1=1023 P2=   0 T1=1022 T2= 916  P= 590  D=   1 
 X= 933 X2=1019  Y= 990 Y2=1022 P1=1023 P2=   0 T1=1023 T2= 901  P= 590  D=   1 
 X= 236 X2= 235  Y= 330 Y2= 322 P1= 695 P2= 190 T1=  24 T2=  23  P= 624  D=   1 * 0
 X= 236 X2= 233  Y= 330 Y2= 323 P1= 696 P2= 188 T1=  24 T2=  24  P= 632  D=   1 * 0
 X= 237 X2= 235  Y= 330 Y2= 323 P1= 697 P2= 188 T1=  24 T2=  24  P= 638  D=   1 * 0
 X= 237 X2= 231  Y= 330 Y2= 323 P1= 696 P2= 189 T1=  23 T2=  24  P= 627  D=   1 * 0
 X= 237 X2= 235  Y= 330 Y2= 323 P1= 695 P2= 189 T1=  22 T2=  23  P= 631  D=   1 * 1
 X= 236 X2= 234  Y= 330 Y2= 323 P1= 695 P2= 189 T1=  23 T2=  24  P= 629  D=   1 * 2
 X= 236 X2= 234  Y= 330 Y2= 323 P1= 694 P2= 189 T1=  24 T2=  23  P= 627  D=   1 * 3
 X= 237 X2= 233  Y= 330 Y2= 322 P1= 694 P2= 190 T1=  23 T2=  23  P= 623  D=   1 * 4
 X= 235 X2= 233  Y= 329 Y2= 322 P1= 694 P2= 190 T1=  23 T2=  23  P= 620  D=   1 * 5
 X= 236 X2= 234  Y= 330 Y2= 322 P1= 692 P2= 190 T1=  24 T2=  22  P= 620  D=   1 * 6
 X= 237 X2= 233  Y= 329 Y2= 322 P1= 693 P2= 190 T1=  25 T2=  24  P= 622  D=   1 * 7
 X= 236 X2= 232  Y= 330 Y2= 322 P1= 693 P2= 191 T1=  23 T2=  24  P= 614  D=   1 * 8
 X= 235 X2= 233  Y= 329 Y2= 322 P1= 692 P2= 190 T1=  24 T2=  24  P= 618  D=   1 * 9
 X= 236 X2= 233  Y= 330 Y2= 322 P1= 692 P2= 190 T1=  24 T2=  24  P= 618  D=   1 * 10
 X= 236 X2= 233  Y= 330 Y2= 322 P1= 692 P2= 190 T1=  22 T2=  22  P= 618  D=   1 * 11
 X= 236 X2= 233  Y= 329 Y2= 322 P1= 692 P2= 191 T1=  24 T2=  24  P= 613  D=   1 * 12
 X= 236 X2= 233  Y= 330 Y2= 323 P1= 692 P2= 190 T1=  23 T2=  23  P= 618  D=   1 * 13
 X= 237 X2= 235  Y= 329 Y2= 322 P1= 692 P2= 191 T1=  23 T2=  23  P= 619  D=   1 * 14
 X= 236 X2= 233  Y= 330 Y2= 322 P1= 692 P2= 191 T1=  23 T2=  22  P= 613  D=   1 * 15
 X= 238 X2= 233  Y= 329 Y2= 322 P1= 691 P2= 191 T1=  23 T2=  24  P= 614  D=   1 * 16
 X= 237 X2= 234  Y= 329 Y2= 322 P1= 692 P2= 190 T1=  24 T2=  23  P= 620  D=   1 * 17
 X= 236 X2= 233  Y= 330 Y2= 322 P1= 691 P2= 190 T1=  24 T2=  23  P= 616  D=   1 * 18
 X= 235 X2= 233  Y= 329 Y2= 322 P1= 691 P2= 191 T1=  24 T2=  24  P= 612  D=   1 * 19
 X= 236 X2= 233  Y= 331 Y2= 322 P1= 691 P2= 191 T1=  23 T2=  23  P= 612  D=   1 * 20
 X= 235 X2= 233  Y= 330 Y2= 322 P1= 692 P2= 191 T1=  23 T2=  25  P= 613  D=   1 * 21
 X= 236 X2= 235  Y= 330 Y2= 324 P1= 691 P2= 191 T1=  23 T2=  23  P= 614  D=   1 * 22
 X= 237 X2= 233  Y= 330 Y2= 323 P1= 691 P2= 191 T1=  24 T2=  23  P= 614  D=   1 * 23
 X= 237 X2= 234  Y= 329 Y2= 322 P1= 691 P2= 191 T1=  23 T2=  23  P= 614  D=   1 * 24
Remove Pin
 X= 236 X2= 233  Y= 330 Y2= 322 P1= 691 P2= 191 T1=  24 T2=  22  P= 612  D=   1 * 24
 X= 236 X2= 234  Y= 330 Y2= 322 P1= 691 P2= 191 T1=  24 T2=  23  P= 614  D=   1 * 24
 X= 236 X2= 234  Y= 330 Y2= 322 P1= 691 P2= 191 T1=  24 T2=  24  P= 614  D=   1 * 24
 X= 238 X2= 233  Y= 329 Y2= 322 P1= 691 P2= 191 T1=  23 T2=  23  P= 614  D=   1 * 24
 X= 234 X2= 233  Y= 330 Y2= 322 P1= 691 P2= 191 T1=  23 T2=  25  P= 609  D=   1 * 24
 X= 236 X2= 234  Y= 330 Y2= 322 P1= 691 P2= 191 T1=  24 T2=  23  P= 614  D=   1 * 24
 X= 236 X2= 234  Y= 329 Y2= 322 P1= 691 P2= 191 T1=  22 T2=  23  P= 614  D=   1 * 24
 X= 237 X2= 232  Y= 330 Y2= 323 P1= 691 P2= 191 T1=  23 T2=  23  P= 612  D=   1 * 24
 X= 244 X2= 233  Y= 331 Y2= 322 P1= 691 P2= 191 T1=  23 T2=  24  P= 622  D=   1 * 24
 X= 236 X2= 233  Y= 330 Y2= 322 P1= 691 P2= 189 T1=  23 T2=  24  P= 621  D=   1 * 24
 X= 236 X2= 233  Y= 330 Y2= 322 P1= 692 P2= 191 T1=  24 T2=  24  P= 613  D=   1 * 24
 X= 237 X2= 233  Y= 329 Y2= 322 P1= 691 P2= 191 T1=  24 T2=  23  P= 614  D=   1 * 24
 X= 237 X2= 231  Y= 330 Y2= 322 P1= 691 P2= 191 T1=  23 T2=  22  P= 612  D=   1 * 24
 X= 238 X2= 233  Y= 330 Y2= 323 P1= 691 P2= 191 T1=  23 T2=  23  P= 614  D=   1 * 24
 X= 236 X2= 233  Y= 329 Y2= 322 P1= 691 P2= 191 T1=  23 T2=  23  P= 612  D=   1 * 24
 X= 235 X2= 234  Y= 329 Y2= 322 P1= 691 P2= 191 T1=  24 T2=  23  P= 612  D=   1 * 24
 X= 235 X2= 233  Y= 328 Y2= 322 P1= 691 P2= 191 T1=  23 T2=  23  P= 612  D=   1 * 24
 X= 236 X2= 232  Y= 330 Y2= 322 P1= 691 P2= 192 T1=  24 T2=  23  P= 607  D=   1 * 24
 X= 238 X2= 233  Y= 329 Y2= 322 P1= 691 P2= 191 T1=  23 T2=  23  P= 614  D=   1 * 24
 X= 236 X2= 233  Y= 329 Y2= 322 P1= 691 P2= 191 T1=  23 T2=  23  P= 612  D=   1 * 24
 X= 237 X2= 234  Y= 329 Y2= 322 P1= 692 P2= 191 T1=  24 T2=  23  P= 616  D=   1 * 24
 X= 236 X2= 233  Y= 330 Y2= 322 P1= 692 P2= 190 T1=  23 T2=  23  P= 618  D=   1 * 24
 X= 929 X2=1023  Y= 981 Y2=1023 P1=1023 P2=   0 T1=1022 T2= 923  P= 618  D=   1 
 X= 978 X2=1022  Y= 981 Y2=1023 P1=1023 P2=   0 T1=1022 T2= 913  P= 618  D=   1 
 X= 879 X2=1021  Y= 977 Y2=1023 P1=1023 P2=   0 T1=1020 T2= 937  P= 618  D=   1 
target state=2 point=456,22
 X= 931 X2=1023  Y= 982 Y2=1023 P1=1023 P2=   0 T1=1023 T2= 901  P= 618  D=   1 
 X= 966 X2= 999  Y= 985 Y2=1023 P1=1023 P2=   0 T1=1023 T2= 924  P= 618  D=   1 
 X=1023 X2=1014  Y= 983 Y2=1023 P1=1023 P2=   0 T1=1019 T2= 939  P= 618  D=   1 
 X= 878 X2=1023  Y= 994 Y2=1021 P1=1023 P2=   0 T1=1023 T2= 920  P= 618  D=   1 
 X= 955 X2=1023  Y= 991 Y2=1021 P1=1023 P2=   0 T1=1021 T2= 914  P= 618  D=   1 
 X=1023 X2=1009  Y= 986 Y2=1023 P1=1023 P2=   0 T1=1023 T2= 946  P= 618  D=   1 
 X= 891 X2=1023  Y= 986 Y2=1021 P1=1023 P2=   0 T1=1021 T2= 911  P= 618  D=   1 
 X= 848 X2=1023  Y= 987 Y2=1023 P1=1023 P2=   0 T1=1023 T2= 921  P= 618  D=   1 
 X= 995 X2=1010  Y= 991 Y2=1023 P1=1023 P2=   0 T1=1023 T2= 936  P= 618  D=   1 
 X= 972 X2=1016  Y= 986 Y2=1023 P1=1023 P2=   0 T1=1023 T2= 949  P= 618  D=   1 
 X= 961 X2=1023  Y= 978 Y2=1023 P1=1023 P2=   0 T1=1023 T2= 929  P= 618  D=   1 
 X= 962 X2=1000  Y= 975 Y2=1023 P1=1023 P2=   0 T1=1023 T2= 933  P= 618  D=   1 
 X=1011 X2=1023  Y= 990 Y2=1023 P1=1023 P2=   0 T1=1023 T2= 930  P= 618  D=   1 
 X= 927 X2=1014  Y=1010 Y2=1021 P1=1023 P2=   0 T1=1021 T2= 947  P= 618  D=   1 
 X= 976 X2=1023  Y= 990 Y2=1023 P1=1023 P2=   0 T1=1021 T2= 915  P= 618  D=   1 
 X= 883 X2=1017  Y= 987 Y2=1021 P1=1023 P2=   0 T1=1022 T2= 919  P= 618  D=   1 
 X= 848 X2=1023  Y= 996 Y2=1022 P1=1023 P2=   0 T1=1023 T2= 937  P= 618  D=   1 
 X=1023 X2=1016  Y= 991 Y2=1023 P1=1023 P2=   0 T1=1022 T2= 934  P= 618  D=   1 
 X=1009 X2=1005  Y= 985 Y2=1023 P1=1023 P2=   0 T1=1021 T2= 917  P= 618  D=   1 
 X= 968 X2= 998  Y= 986 Y2=1021 P1=1023 P2=   0 T1=1023 T2= 933  P= 618  D=   1 
 X= 955 X2= 996  Y= 987 Y2=1021 P1=1023 P2=   0 T1=1023 T2= 926  P= 618  D=   1 
 X= 958 X2=1004  Y= 984 Y2=1021 P1=1023 P2=   0 T1=1021 T2= 926  P= 618  D=   1 
 X= 837 X2=1023  Y= 972 Y2=1023 P1=1023 P2=   0 T1=1023 T2= 932  P= 618  D=   1 
 X= 926 X2=1023  Y= 983 Y2=1021 P1=1023 P2=   0 T1=1022 T2= 932  P= 618  D=   1 
 X= 883 X2=1021  Y= 988 Y2=1022 P1=1023 P2=   0 T1=1023 T2= 941  P= 618  D=   1 
 X= 929 X2=1023  Y= 980 Y2=1020 P1=1023 P2=   0 T1=1023 T2= 921  P= 618  D=   1 
 X=1008 X2=1013  Y= 988 Y2=1022 P1=1023 P2=   0 T1=1021 T2= 934  P= 618  D=   1 
 X=1018 X2= 996  Y= 990 Y2=1023 P1=1023 P2=   0 T1=1023 T2= 933  P= 618  D=   1 
 X= 996 X2=1016  Y= 975 Y2=1023 P1=1023 P2=   0 T1=1023 T2= 920  P= 618  D=   1 
 X= 959 X2=1023  Y= 982 Y2=1021 P1=1023 P2=   0 T1=1023 T2= 936  P= 618  D=   1 
 X= 964 X2= 998  Y= 980 Y2=1021 P1=1023 P2=   0 T1=1023 T2= 923  P= 618  D=   1 
 X= 857 X2=1023  Y= 984 Y2=1023 P1=1023 P2=   0 T1=1022 T2= 940  P= 618  D=   1 
 X= 911 X2=1023  Y= 985 Y2=1020 P1=1023 P2=   0 T1=1023 T2= 928  P= 618  D=   1 
 X= 969 X2=1023  Y= 984 Y2=1023 P1=1023 P2=   0 T1=1022 T2= 926  P= 618  D=   1 
 X= 902 X2=1023  Y= 981 Y2=1023 P1=1023 P2=   0 T1=1023 T2= 933  P= 618  D=   1 
 X= 960 X2=1023  Y= 981 Y2=1020 P1=1023 P2=   0 T1=1023 T2= 933  P= 618  D=   1 
 X=1023 X2=1016  Y= 977 Y2=1021 P1=1023 P2=   0 T1=1021 T2= 931  P= 618  D=   1 
 X= 991 X2=1009  Y= 986 Y2=1023 P1=1023 P2=   0 T1=1021 T2= 931  P= 618  D=   1 
 X= 961 X2=1016  Y= 992 Y2=1023 P1=1023 P2=   0 T1=1023 T2= 944  P= 618  D=   1 
 X= 966 X2= 996  Y= 977 Y2=1021 P1=1018 P2=   0 T1=1023 T2= 934  P= 618  D=   1 
 X= 923 X2=1023  Y= 985 Y2=1022 P1=1023 P2=   0 T1=1023 T2= 918  P= 618  D=   1 
 X= 953 X2=1021  Y= 995 Y2=1021 P1=1023 P2=   0 T1=1021 T2= 939  P= 618  D=   1 
 X= 970 X2=1023  Y= 984 Y2=1023 P1=1023 P2=   0 T1=1023 T2= 927  P= 618  D=   1 
 X= 881 X2=1017  Y= 981 Y2=1023 P1=1023 P2=   0 T1=1021 T2= 927  P= 618  D=   1 
 X= 861 X2=1018  Y= 987 Y2=1020 P1=1023 P2=   0 T1=1023 T2= 917  P= 618  D=   1 
 X= 957 X2= 997  Y= 980 Y2=1023 P1=1023 P2=   0 T1=1023 T2= 929  P= 618  D=   1 
 X=1022 X2=1017  Y= 984 Y2=1023 P1=1023 P2=   0 T1=1023 T2= 917  P= 618  D=   1 
 X= 959 X2=1023  Y= 990 Y2=1021 P1=1023 P2=   0 T1=1023 T2= 932  P= 618  D=   1 
 X= 944 X2=1023  Y= 987 Y2=1023 P1=1023 P2=   0 T1=1023 T2= 918  P= 618  D=   1 
 X= 960 X2=1023  Y= 998 Y2=1023 P1=1023 P2=   0 T1=1023 T2= 936  P= 618  D=   1 
 X= 947 X2=1023  Y= 989 Y2=1021 P1=1023 P2=   0 T1=1022 T2= 935  P= 618  D=   1 
 X= 903 X2=1023  Y= 989 Y2=1021 P1=1022 P2=   0 T1=1023 T2= 923  P= 618  D=   1 
 X= 893 X2=1019  Y= 979 Y2=1021 P1=1023 P2=   0 T1=1022 T2= 929  P= 618  D=   1 
 X= 871 X2=1017  Y= 978 Y2=1023 P1=1023 P2=   0 T1=1022 T2= 934  P= 618  D=   1 
 X=1023 X2=1007  Y= 988 Y2=1023 P1=1023 P2=   0 T1=1022 T2= 916  P= 618  D=   1 
 X=1023 X2=1009  Y= 982 Y2=1020 P1=1023 P2=   0 T1=1023 T2= 919  P= 618  D=   1 
 X=1022 X2=1016  Y= 986 Y2=1023 P1=1023 P2=   0 T1=1023 T2= 938  P= 618  D=   1 
 X= 881 X2=1023  Y= 982 Y2=1021 P1=1023 P2=   0 T1=1022 T2= 930  P= 618  D=   1 
 X= 964 X2=1021  Y= 991 Y2=1022 P1=1023 P2=   0 T1=1022 T2= 928  P= 618  D=   1 
 X= 914 X2=1022  Y= 977 Y2=1023 P1=1023 P2=   0 T1=1023 T2= 927  P= 618  D=   1 
 X= 817 X2=1023  Y= 983 Y2=1023 P1=1023 P2=   0 T1=1023 T2= 939  P= 618  D=   1 
 X=1019 X2=1009  Y= 989 Y2=1023 P1=1023 P2=   0 T1=1021 T2= 934  P= 618  D=   1 
 X= 871 X2=1021  Y= 977 Y2=1020 P1=1023 P2=   0 T1=1023 T2= 934  P= 618  D=   1 
 X= 812 X2= 810  Y= 326 Y2= 333 P1= 798 P2= 489 T1=  15 T2=  15  P= 511  D=   1 * 0
 X= 812 X2= 810  Y= 326 Y2= 333 P1= 804 P2= 475 T1=1023 T2=  16  P= 511  D=   1 
 X= 957 X2=1005  Y= 983 Y2=1023 P1=1023 P2=   0 T1=1022 T2= 903  P= 511  D=   1 
 X= 811 X2= 810  Y= 326 Y2= 333 P1= 800 P2= 482 T1=  15 T2=  15  P= 533  D=   1 * 0
 X= 810 X2= 810  Y= 326 Y2= 332 P1= 801 P2= 480 T1=  15 T2=  15  P= 541  D=   1 * 0
 X= 811 X2= 809  Y= 326 Y2= 333 P1= 802 P2= 480 T1=  15 T2=  15  P= 542  D=   1 * 0
 X= 811 X2= 810  Y= 326 Y2= 333 P1= 802 P2= 480 T1=  17 T2=  16  P= 542  D=   1 * 1
 X= 809 X2= 809  Y= 327 Y2= 333 P1= 801 P2= 481 T1=  15 T2=  15  P= 537  D=   1 * 2
 X= 811 X2= 808  Y= 326 Y2= 334 P1= 802 P2= 481 T1=  15 T2=  17  P= 539  D=   1 * 3
 X= 810 X2= 809  Y= 326 Y2= 333 P1= 801 P2= 481 T1=  15 T2=  15  P= 537  D=   1 * 4
 X= 811 X2= 809  Y= 326 Y2= 333 P1= 801 P2= 481 T1=  15 T2=  14  P= 538  D=   1 * 5
 X= 812 X2= 809  Y= 326 Y2= 333 P1= 801 P2= 482 T1=  15 T2=  16  P= 535  D=   1 * 6
 X= 810 X2= 809  Y= 326 Y2= 333 P1= 801 P2= 482 T1=  15 T2=  15  P= 534  D=   1 * 7
 X= 811 X2= 809  Y= 327 Y2= 333 P1= 801 P2= 482 T1=  14 T2=  15  P= 535  D=   1 * 8
 X= 811 X2= 810  Y= 325 Y2= 333 P1= 801 P2= 481 T1=  15 T2=  15  P= 538  D=   1 * 9
 X= 811 X2= 810  Y= 326 Y2= 331 P1= 801 P2= 482 T1=  15 T2=  17  P= 535  D=   1 * 10
 X= 811 X2= 809  Y= 326 Y2= 333 P1= 800 P2= 482 T1=  15 T2=  15  P= 533  D=   1 * 11
 X= 811 X2= 809  Y= 326 Y2= 333 P1= 801 P2= 481 T1=  15 T2=  15  P= 538  D=   1 * 12
 X= 810 X2= 809  Y= 325 Y2= 334 P1= 801 P2= 482 T1=  14 T2=  15  P= 534  D=   1 * 13
 X= 810 X2= 809  Y= 326 Y2= 332 P1= 801 P2= 482 T1=  13 T2=  15  P= 534  D=   1 * 14
 X= 811 X2= 809  Y= 326 Y2= 333 P1= 801 P2= 482 T1=  15 T2=  15  P= 535  D=   1 * 15
 X= 811 X2= 809  Y= 326 Y2= 333 P1= 801 P2= 482 T1=  16 T2=  14  P= 535  D=   1 * 16
 X= 811 X2= 810  Y= 327 Y2= 333 P1= 801 P2= 482 T1=  15 T2=  15  P= 535  D=   1 * 17
 X= 810 X2= 810  Y= 326 Y2= 334 P1= 801 P2= 482 T1=  15 T2=  15  P= 535  D=   1 * 18
 X= 810 X2= 810  Y= 326 Y2= 333 P1= 801 P2= 482 T1=  14 T2=  15  P= 535  D=   1 * 19
 X= 810 X2= 810  Y= 326 Y2= 333 P1= 801 P2= 482 T1=  15 T2=  16  P= 535  D=   1 * 20
 X= 810 X2= 810  Y= 326 Y2= 334 P1= 801 P2= 481 T1=  15 T2=  15  P= 538  D=   1 * 21
 X= 811 X2= 810  Y= 326 Y2= 333 P1= 801 P2= 482 T1=  15 T2=  15  P= 535  D=   1 * 22
 X= 811 X2= 810  Y= 326 Y2= 333 P1= 801 P2= 482 T1=  15 T2=  15  P= 535  D=   1 * 23
 X= 811 X2= 810  Y= 326 Y2= 333 P1= 801 P2= 483 T1=  15 T2=  15  P= 532  D=   1 * 24
Remove Pin
 X= 811 X2= 809  Y= 327 Y2= 333 P1= 801 P2= 483 T1=  15 T2=  15  P= 532  D=   1 * 24
 X= 810 X2= 809  Y= 326 Y2= 333 P1= 801 P2= 482 T1=  15 T2=  15  P= 534  D=   1 * 24
 X= 810 X2= 809  Y= 326 Y2= 333 P1= 801 P2= 482 T1=  15 T2=  16  P= 534  D=   1 * 24
 X= 811 X2= 809  Y= 326 Y2= 333 P1= 801 P2= 482 T1=  15 T2=  15  P= 535  D=   1 * 24
 X= 811 X2= 810  Y= 326 Y2= 334 P1= 801 P2= 482 T1=  15 T2=  18  P= 535  D=   1 * 24
 X= 813 X2= 809  Y= 326 Y2= 333 P1= 801 P2= 482 T1=  15 T2=  16  P= 536  D=   1 * 24
 X= 810 X2= 809  Y= 326 Y2= 333 P1= 801 P2= 482 T1=  15 T2=  16  P= 534  D=   1 * 24
 X= 811 X2= 810  Y= 327 Y2= 333 P1= 800 P2= 482 T1=  15 T2=  15  P= 533  D=   1 * 24
 X= 810 X2= 808  Y= 326 Y2= 332 P1= 801 P2= 482 T1=  15 T2=  15  P= 534  D=   1 * 24
 X= 809 X2= 809  Y= 327 Y2= 333 P1= 801 P2= 482 T1=  15 T2=  15  P= 534  D=   1 * 24
 X= 811 X2= 809  Y= 326 Y2= 334 P1= 801 P2= 482 T1=  16 T2=  14  P= 535  D=   1 * 24
 X= 811 X2= 810  Y= 326 Y2= 333 P1= 801 P2= 482 T1=  15 T2=  14  P= 535  D=   1 * 24
 X= 811 X2= 810  Y= 326 Y2= 333 P1= 801 P2= 483 T1=  15 T2=  15  P= 532  D=   1 * 24
 X= 810 X2= 809  Y= 326 Y2= 333 P1= 800 P2= 483 T1=  15 T2=  15  P= 530  D=   1 * 24
 X= 811 X2= 809  Y= 325 Y2= 333 P1= 801 P2= 482 T1=  15 T2=  15  P= 535  D=   1 * 24
 X= 811 X2= 810  Y= 326 Y2= 333 P1= 801 P2= 483 T1=  15 T2=  15  P= 532  D=   1 * 24
 X= 811 X2= 809  Y= 326 Y2= 333 P1= 801 P2= 482 T1=  15 T2=  15  P= 535  D=   1 * 24
 X= 812 X2= 809  Y= 327 Y2= 333 P1= 801 P2= 483 T1=  15 T2=  15  P= 532  D=   1 * 24
 X= 812 X2= 809  Y=1012 Y2=1021 P1= 801 P2= 483 T1=1023 T2= 964  P= 532  D=   1 
 X= 828 X2=1022  Y= 988 Y2=1023 P1= 801 P2= 483 T1=1023 T2= 923  P= 532  D=   1 
 X= 965 X2=1023  Y= 987 Y2=1021 P1= 801 P2= 483 T1=1023 T2= 930  P= 532  D=   1 
target state=3 point=456,249
 X= 950 X2=1023  Y= 994 Y2=1023 P1= 801 P2= 483 T1=1023 T2= 927  P= 532  D=   1 
 X= 987 X2=1007  Y= 980 Y2=1019 P1= 801 P2= 483 T1=1021 T2= 950  P= 532  D=   1 
 X=1015 X2=1016  Y= 983 Y2=1022 P1= 801 P2= 483 T1=1023 T2= 910  P= 532  D=   1 
 X= 969 X2=1023  Y= 987 Y2=1023 P1= 801 P2= 483 T1=1023 T2= 927  P= 532  D=   1 
 X= 970 X2=1023  Y= 988 Y2=1021 P1= 801 P2= 483 T1=1023 T2= 935  P= 532  D=   1 
 X= 964 X2=1023  Y= 984 Y2=1021 P1= 801 P2= 483 T1=1023 T2= 905  P= 532  D=   1 
 X= 808 X2=1023  Y= 983 Y2=1023 P1= 801 P2= 483 T1=1022 T2= 911  P= 532  D=   1 
 X= 894 X2=1023  Y= 990 Y2=1020 P1= 801 P2= 483 T1=1023 T2= 926  P= 532  D=   1 
 X= 952 X2=1023  Y= 990 Y2=1023 P1= 801 P2= 483 T1=1023 T2= 930  P= 532  D=   1 
 X= 923 X2=1023  Y= 991 Y2=1021 P1= 801 P2= 483 T1=1023 T2= 926  P= 532  D=   1 
 X=1002 X2=1009  Y= 986 Y2=1022 P1= 801 P2= 483 T1=1023 T2= 937  P= 532  D=   1 
 X=1021 X2= 993  Y= 979 Y2=1023 P1= 801 P2= 483 T1=1021 T2= 942  P= 532  D=   1 
 X= 932 X2=1023  Y= 978 Y2=1022 P1= 801 P2= 483 T1=1021 T2= 907  P= 532  D=   1 
 X= 940 X2=1023  Y= 986 Y2=1023 P1= 801 P2= 483 T1=1023 T2= 920  P= 532  D=   1 
 X= 971 X2= 999  Y= 992 Y2=1023 P1= 801 P2= 483 T1=1022 T2= 932  P= 532  D=   1 
 X= 961 X2=1023  Y= 983 Y2=1022 P1= 801 P2= 483 T1=1023 T2= 934  P= 532  D=   1 
 X= 813 X2=1023  Y= 984 Y2=1022 P1= 801 P2= 483 T1=1021 T2= 928  P= 532  D=   1 
 X= 982 X2=1017  Y= 993 Y2=1023 P1= 801 P2= 483 T1=1023 T2= 926  P= 532  D=   1 
 X= 996 X2=1015  Y= 982 Y2=1023 P1= 801 P2= 483 T1=1019 T2= 941  P= 532  D=   1 
 X= 954 X2=1021  Y= 980 Y2=1023 P1= 801 P2= 483 T1=1023 T2= 916  P= 532  D=   1 
 X= 962 X2= 991  Y= 990 Y2=1021 P1= 801 P2= 483 T1=1023 T2= 919  P= 532  D=   1 
 X= 968 X2=1023  Y= 995 Y2=1022 P1= 801 P2= 483 T1=1021 T2= 921  P= 532  D=   1 
 X= 929 X2=1023  Y= 989 Y2=1023 P1= 801 P2= 483 T1=1022 T2= 925  P= 532  D=   1 
 X= 924 X2=1023  Y= 993 Y2=1022 P1= 801 P2= 483 T1=1021 T2= 921  P= 532  D=   1 
 X= 871 X2=1023  Y= 999 Y2=1021 P1= 801 P2= 483 T1=1023 T2= 943  P= 532  D=   1 
 X= 934 X2=1023  Y= 984 Y2=1023 P1= 801 P2= 483 T1=1022 T2= 931  P= 532  D=   1 
 X= 965 X2=1023  Y= 992 Y2=1023 P1= 801 P2= 483 T1=1023 T2= 931  P= 532  D=   1 
 X= 862 X2=1018  Y= 981 Y2=1021 P1= 801 P2= 483 T1=1023 T2= 922  P= 532  D=   1 
 X= 860 X2=1021  Y= 980 Y2=1021 P1= 801 P2= 483 T1=1021 T2= 929  P= 532  D=   1 
 X= 956 X2=1022  Y= 983 Y2=1022 P1= 801 P2= 483 T1=1022 T2= 917  P= 532  D=   1 
 X= 962 X2=1022  Y= 991 Y2=1020 P1= 801 P2= 483 T1=1023 T2= 916  P= 532  D=   1 
 X= 913 X2=1023  Y= 987 Y2=1021 P1= 801 P2= 483 T1=1023 T2= 923  P= 532  D=   1 
 X= 956 X2=1023  Y= 987 Y2=1023 P1= 801 P2= 483 T1=1022 T2= 941  P= 532  D=   1 
 X= 978 X2=1013  Y= 978 Y2=1023 P1= 801 P2= 483 T1=1022 T2= 918  P= 532  D=   1 
 X= 969 X2=1023  Y= 987 Y2=1023 P1= 801 P2= 483 T1=1023 T2= 934  P= 532  D=   1 
 X= 817 X2=1023  Y= 985 Y2=1023 P1= 801 P2= 483 T1=1023 T2= 939  P= 532  D=   1 
 X=1022 X2=1018  Y= 983 Y2=1023 P1= 801 P2= 483 T1=1023 T2= 934  P= 532  D=   1 
 X= 999 X2=1000  Y= 984 Y2=1022 P1= 801 P2= 483 T1=1023 T2= 923  P= 532  D=   1 
 X=1022 X2=1010  Y=1023 Y2=1023 P1= 801 P2= 483 T1=1023 T2=1023  P= 532  D=   1 
 X= 827 X2=1023  Y= 998 Y2=1021 P1= 801 P2= 483 T1=1023 T2= 933  P= 532  D=   1 
 X= 893 X2=1023  Y= 988 Y2=1023 P1= 801 P2= 483 T1=1022 T2= 930  P= 532  D=   1 
 X= 933 X2=1023  Y= 989 Y2=1022 P1= 801 P2= 483 T1=1023 T2= 917  P= 532  D=   1 
 X= 944 X2=1023  Y= 990 Y2=1021 P1= 801 P2= 483 T1=1023 T2= 938  P= 532  D=   1 
 X= 899 X2=1023  Y= 982 Y2=1023 P1= 801 P2= 483 T1=1022 T2= 923  P= 532  D=   1 
 X= 841 X2=1023  Y= 982 Y2=1022 P1= 801 P2= 483 T1=1021 T2= 929  P= 532  D=   1 
 X= 995 X2=1005  Y= 978 Y2=1021 P1= 801 P2= 483 T1=1022 T2= 943  P= 532  D=   1 
 X= 961 X2=1023  Y= 993 Y2=1023 P1= 801 P2= 483 T1=1023 T2= 936  P= 532  D=   1 
 X= 949 X2=1023  Y= 991 Y2=1021 P1= 801 P2= 483 T1=1022 T2= 921  P= 532  D=   1 
 X= 967 X2=1023  Y= 989 Y2=1023 P1= 801 P2= 483 T1=1021 T2= 905  P= 532  D=   1 
 X= 955 X2=1021  Y= 979 Y2=1023 P1= 801 P2= 483 T1=1023 T2= 906  P= 532  D=   1 
 X= 802 X2=1023  Y= 987 Y2=1022 P1= 801 P2= 483 T1=1022 T2= 924  P= 532  D=   1 
 X= 920 X2=1023  Y= 990 Y2=1023 P1= 801 P2= 483 T1=1023 T2= 929  P= 532  D=   1 
 X= 944 X2=1021  Y= 981 Y2=1023 P1= 801 P2= 483 T1=1022 T2= 938  P= 532  D=   1 
 X= 862 X2=1018  Y= 985 Y2=1023 P1= 801 P2= 483 T1=1023 T2= 915  P= 532  D=   1 
 X= 810 X2= 811  Y= 709 Y2= 714 P1= 912 P2= 530 T1=  17 T2=  15  P= 583  D=   1 * 0
 X= 810 X2= 810  Y= 708 Y2= 713 P1= 910 P2= 539 T1=  16 T2=  16  P= 557  D=   1 * 0
 X= 810 X2= 810  Y= 708 Y2= 712 P1= 909 P2= 543 T1=  15 T2=  15  P= 545  D=   1 * 0
 X= 810 X2= 811  Y= 708 Y2= 713 P1= 910 P2= 543 T1=  17 T2=  15  P= 546  D=   1 * 0
 X= 809 X2= 808  Y= 709 Y2= 713 P1= 909 P2= 545 T1=  15 T2=  15  P= 538  D=   1 * 1
 X= 810 X2= 811  Y= 708 Y2= 712 P1= 909 P2= 544 T1=  15 T2=  16  P= 542  D=   1 * 2
 X= 810 X2= 810  Y= 707 Y2= 712 P1= 909 P2= 546 T1=  15 T2=  15  P= 537  D=   1 * 3
 X= 813 X2= 810  Y= 708 Y2= 712 P1= 909 P2= 545 T1=  15 T2=  16  P= 540  D=   1 * 4
 X= 809 X2= 810  Y= 709 Y2= 713 P1= 909 P2= 544 T1=  15 T2=  15  P= 542  D=   1 * 5
 X= 809 X2= 810  Y= 708 Y2= 712 P1= 909 P2= 544 T1=  15 T2=  16  P= 542  D=   1 * 6
 X= 809 X2= 810  Y= 708 Y2= 712 P1= 908 P2= 544 T1=  15 T2=  15  P= 541  D=   1 * 7
 X= 810 X2= 811  Y= 708 Y2= 713 P1= 909 P2= 544 T1=  14 T2=  16  P= 542  D=   1 * 8
 X= 810 X2= 811  Y= 708 Y2= 712 P1= 909 P2= 544 T1=  15 T2=  15  P= 542  D=   1 * 9
 X= 810 X2= 811  Y= 708 Y2= 713 P1= 909 P2= 545 T1=  15 T2=  13  P= 540  D=   1 * 10
 X= 809 X2= 810  Y= 707 Y2= 713 P1= 909 P2= 545 T1=  16 T2=  16  P= 539  D=   1 * 11
 X= 809 X2= 811  Y= 708 Y2= 712 P1= 910 P2= 544 T1=  15 T2=  16  P= 544  D=   1 * 12
 X= 810 X2= 810  Y= 707 Y2= 712 P1= 909 P2= 544 T1=  15 T2=  14  P= 542  D=   1 * 13
 X= 809 X2= 810  Y= 708 Y2= 712 P1= 909 P2= 545 T1=  16 T2=  15  P= 539  D=   1 * 14
 X= 809 X2= 810  Y= 708 Y2= 713 P1= 909 P2= 544 T1=  16 T2=  15  P= 542  D=   1 * 15
 X= 808 X2= 807  Y= 707 Y2= 713 P1= 908 P2= 545 T1=  15 T2=  15  P= 537  D=   1 * 16
 X= 809 X2= 811  Y= 709 Y2= 713 P1= 908 P2= 545 T1=  16 T2=  14  P= 539  D=   1 * 17
 X= 810 X2= 811  Y= 708 Y2= 712 P1= 909 P2= 545 T1=  15 T2=  15  P= 540  D=   1 * 18
 X= 809 X2= 810  Y= 708 Y2= 712 P1= 907 P2= 545 T1=  16 T2=  15  P= 537  D=   1 * 19
 X= 810 X2= 811  Y= 708 Y2= 713 P1= 909 P2= 545 T1=  15 T2=  15  P= 540  D=   1 * 20
 X= 810 X2= 810  Y= 708 Y2= 712 P1= 909 P2= 545 T1=  15 T2=  16  P= 540  D=   1 * 21
 X= 809 X2= 811  Y= 708 Y2= 712 P1= 909 P2= 545 T1=  15 T2=  15  P= 540  D=   1 * 22
 X= 809 X2= 810  Y= 708 Y2= 712 P1= 909 P2= 545 T1=  15 T2=  15  P= 539  D=   1 * 23
 X= 808 X2= 810  Y= 708 Y2= 712 P1= 909 P2= 545 T1=  14 T2=  16  P= 539  D=   1 * 24
Remove Pin
 X= 810 X2= 810  Y= 708 Y2= 713 P1= 909 P2= 545 T1=  14 T2=  15  P= 540  D=   1 * 24
 X= 809 X2= 811  Y= 708 Y2= 714 P1= 909 P2= 545 T1=  14 T2=  15  P= 540  D=   1 * 24
 X= 810 X2= 813  Y= 708 Y2= 711 P1= 909 P2= 545 T1=  15 T2=  14  P= 540  D=   1 * 24
 X= 809 X2= 809  Y= 708 Y2= 712 P1= 910 P2= 545 T1=  15 T2=  15  P= 541  D=   1 * 24
 X= 809 X2= 807  Y= 709 Y2= 714 P1= 909 P2= 546 T1=  15 T2=  15  P= 536  D=   1 * 24
 X= 809 X2= 809  Y= 708 Y2= 712 P1= 909 P2= 545 T1=  16 T2=  15  P= 539  D=   1 * 24
 X= 808 X2= 811  Y= 708 Y2= 712 P1= 909 P2= 545 T1=  16 T2=  15  P= 539  D=   1 * 24
 X= 810 X2= 811  Y= 708 Y2= 713 P1= 909 P2= 546 T1=  15 T2=  16  P= 537  D=   1 * 24
 X= 809 X2= 811  Y= 709 Y2= 712 P1= 909 P2= 545 T1=  15 T2=  15  P= 540  D=   1 * 24
 X= 809 X2= 810  Y= 707 Y2= 712 P1= 909 P2= 546 T1=  15 T2=  15  P= 537  D=   1 * 24
 X= 809 X2= 807  Y= 708 Y2= 713 P1= 908 P2= 546 T1=  15 T2=  15  P= 535  D=   1 * 24
 X= 812 X2= 810  Y= 708 Y2= 713 P1= 909 P2= 546 T1=  15 T2=  15  P= 538  D=   1 * 24
 X= 809 X2= 810  Y= 708 Y2= 712 P1= 909 P2= 546 T1=  15 T2=  14  P= 537  D=   1 * 24
 X= 810 X2= 811  Y= 708 Y2= 712 P1= 909 P2= 545 T1=  15 T2=  15  P= 540  D=   1 * 24
 X= 810 X2= 810  Y= 709 Y2= 712 P1= 909 P2= 546 T1=  16 T2=  14  P= 537  D=   1 * 24
 X= 809 X2= 811  Y= 708 Y2= 713 P1= 909 P2= 546 T1=  16 T2=  16  P= 537  D=   1 * 24
 X= 809 X2= 812  Y= 708 Y2= 712 P1= 909 P2= 546 T1=  15 T2=  12  P= 537  D=   1 * 24
 X= 810 X2= 810  Y= 707 Y2= 712 P1= 909 P2= 546 T1=  16 T2=  16  P= 537  D=   1 * 24
 X= 810 X2= 810  Y= 707 Y2= 712 P1= 907 P2= 550 T1=  15 T2=  15  P= 525  D=   1 * 24
 X= 810 X2= 810  Y= 708 Y2= 711 P1= 910 P2= 538 T1=  15 T2=  16  P= 559  D=   1 * 24
 X= 997 X2= 997  Y= 984 Y2=1023 P1=1023 P2=   0 T1=1022 T2= 937  P= 559  D=   1 
 X= 872 X2=1023  Y= 976 Y2=1020 P1=1023 P2=   0 T1=1022 T2= 925  P= 559  D=   1 
 X= 921 X2=1023  Y= 986 Y2=1023 P1=1023 P2=   0 T1=1022 T2= 917  P= 559  D=   1 
target state=4 point=23,249
 X= 968 X2=1023  Y= 987 Y2=1023 P1=1023 P2=   0 T1=1023 T2= 946  P= 559  D=   1 
 X= 900 X2=1023  Y= 987 Y2=1020 P1=1023 P2=   0 T1=1022 T2= 928  P= 559  D=   1 
 X= 962 X2=1023  Y= 983 Y2=1023 P1=1023 P2=   0 T1=1022 T2= 927  P= 559  D=   1 
 X=1023 X2=1016  Y= 988 Y2=1021 P1=1023 P2=   0 T1=1023 T2= 932  P= 559  D=   1 
 X= 833 X2=1023  Y= 988 Y2=1021 P1=1023 P2=   0 T1=1023 T2= 932  P= 559  D=   1 
 X= 958 X2= 984  Y= 996 Y2=1023 P1=1023 P2=   0 T1=1023 T2= 941  P= 559  D=   1 
 X= 969 X2=1022  Y= 986 Y2=1023 P1=1023 P2=   0 T1=1023 T2= 932  P= 559  D=   1 
 X= 951 X2=1023  Y= 984 Y2=1023 P1=1023 P2=   0 T1=1021 T2= 918  P= 559  D=   1 
 X= 955 X2=1023  Y= 988 Y2=1022 P1=1023 P2=   0 T1=1022 T2= 938  P= 559  D=   1 
 X= 912 X2=1023  Y= 983 Y2=1022 P1=1023 P2=   0 T1=1023 T2= 922  P= 559  D=   1 
 X= 936 X2=1020  Y= 980 Y2=1023 P1=1023 P2=   0 T1=1022 T2= 920  P= 559  D=   1 
 X= 863 X2=1021  Y= 990 Y2=1023 P1=1023 P2=   0 T1=1023 T2= 927  P= 559  D=   1 
 X= 969 X2=1021  Y= 979 Y2=1021 P1=1023 P2=   0 T1=1021 T2= 930  P= 559  D=   1 
 X=1023 X2=1009  Y= 981 Y2=1022 P1=1023 P2=   0 T1=1023 T2= 927  P= 559  D=   1 
 X= 899 X2=1023  Y= 997 Y2=1021 P1=1023 P2=   0 T1=1023 T2= 922  P= 559  D=   1 
 X= 910 X2=1023  Y= 988 Y2=1021 P1=1023 P2=   0 T1=1023 T2= 940  P= 559  D=   1 
 X=1022 X2=1012  Y= 979 Y2=1023 P1=1023 P2=   0 T1=1021 T2= 932  P= 559  D=   1 
 X= 898 X2=1023  Y= 987 Y2=1021 P1=1023 P2=   0 T1=1023 T2= 925  P= 559  D=   1 
 X= 842 X2=1023  Y= 987 Y2=1023 P1=1023 P2=   0 T1=1023 T2= 921  P= 559  D=   1 
 X= 839 X2=1023  Y= 989 Y2=1021 P1=1023 P2=   0 T1=1021 T2= 934  P= 559  D=   1 
 X=1023 X2=1014  Y= 997 Y2=1023 P1=1023 P2=   0 T1=1023 T2= 941  P= 559  D=   1 
 X=1000 X2=1013  Y= 991 Y2=1022 P1=1023 P2=   0 T1=1021 T2= 939  P= 559  D=   1 
 X=1023 X2=1007  Y= 987 Y2=1021 P1=1023 P2=   0 T1=1023 T2= 919  P= 559  D=   1 
 X=1017 X2= 983  Y= 992 Y2=1021 P1=1023 P2=   0 T1=1022 T2= 945  P= 559  D=   1 
 X= 951 X2=1023  Y= 994 Y2=1021 P1=1023 P2=   0 T1=1022 T2= 912  P= 559  D=   1 
 X= 894 X2=1023  Y= 982 Y2=1021 P1=1023 P2=   0 T1=1023 T2= 921  P= 559  D=   1 
 X= 981 X2=1014  Y= 986 Y2=1023 P1=1023 P2=   0 T1=1023 T2= 927  P= 559  D=   1 
 X= 959 X2=1022  Y= 991 Y2=1023 P1=1023 P2=   0 T1=1023 T2= 920  P= 559  D=   1 
 X=1022 X2=1014  Y= 989 Y2=1023 P1=1023 P2=   0 T1=1022 T2= 918  P= 559  D=   1 
 X=1004 X2= 999  Y= 986 Y2=1021 P1=1023 P2=   0 T1=1022 T2= 936  P= 559  D=   1 
 X= 921 X2=1021  Y= 984 Y2=1023 P1=1023 P2=   0 T1=1023 T2= 925  P= 559  D=   1 
 X= 984 X2= 996  Y= 989 Y2=1020 P1=1023 P2=   0 T1=1022 T2= 926  P= 559  D=   1 
 X= 952 X2= 998  Y= 988 Y2=1021 P1=1023 P2=   0 T1=1023 T2= 917  P= 559  D=   1 
 X= 861 X2=1023  Y= 990 Y2=1023 P1=1023 P2=   0 T1=1023 T2= 938  P= 559  D=   1 
 X=1004 X2=1023  Y=1018 Y2=1021 P1=1023 P2=   0 T1=1021 T2=1019  P= 559  D=   1 
 X= 964 X2=1021  Y= 988 Y2=1023 P1=1023 P2=   0 T1=1021 T2= 940  P= 559  D=   1 
 X= 804 X2=1019  Y= 989 Y2=1023 P1=1023 P2=   0 T1=1021 T2= 941  P= 559  D=   1 
 X= 917 X2=1023  Y= 986 Y2=1023 P1=1023 P2=   0 T1=1023 T2= 939  P= 559  D=   1 
 X= 869 X2=1021  Y= 980 Y2=1021 P1=1023 P2=   0 T1=1023 T2= 924  P= 559  D=   1 
 X= 978 X2=1013  Y= 987 Y2=1023 P1=1023 P2=   0 T1=1023 T2= 920  P= 559  D=   1 
 X= 948 X2=1023  Y= 985 Y2=1021 P1=1023 P2=   0 T1=1022 T2= 938  P= 559  D=   1 
 X=1023 X2=1005  Y=1000 Y2=1022 P1=1023 P2=   0 T1=1021 T2= 941  P= 559  D=   1 
 X= 812 X2=1023  Y= 977 Y2=1022 P1=1023 P2=   0 T1=1023 T2= 932  P= 559  D=   1 
 X= 844 X2=1023  Y= 985 Y2=1022 P1=1023 P2=   0 T1=1023 T2= 922  P= 559  D=   1 
 X= 937 X2=1023  Y= 978 Y2=1020 P1=1023 P2=   0 T1=1022 T2= 910  P= 559  D=   1 
 X= 965 X2=1019  Y= 986 Y2=1023 P1=1023 P2=   0 T1=1022 T2= 938  P= 559  D=   1 
 X= 923 X2=1023  Y= 985 Y2=1023 P1=1023 P2=   0 T1=1021 T2= 920  P= 559  D=   1 
 X= 972 X2= 994  Y= 985 Y2=1023 P1=1023 P2=   0 T1=1023 T2= 928  P= 559  D=   1 
 X=1023 X2=1010  Y= 983 Y2=1021 P1=1023 P2=   0 T1=1023 T2= 922  P= 559  D=   1 
 X= 924 X2=1023  Y= 984 Y2=1021 P1=1023 P2=   0 T1=1023 T2= 902  P= 559  D=   1 
 X= 942 X2=1023  Y= 981 Y2=1023 P1=1023 P2=   0 T1=1022 T2= 917  P= 559  D=   1 
 X= 958 X2=1023  Y= 994 Y2=1020 P1=1023 P2=   0 T1=1022 T2= 938  P= 559  D=   1 
 X= 916 X2=1023  Y= 994 Y2=1021 P1=1023 P2=   0 T1=1022 T2= 924  P= 559  D=   1 
 X= 863 X2=1023  Y= 981 Y2=1022 P1=1023 P2=   0 T1=1023 T2= 936  P= 559  D=   1 
 X= 987 X2=1011  Y= 987 Y2=1023 P1=1023 P2=   0 T1=1021 T2= 911  P= 559  D=   1 
 X= 964 X2=1016  Y= 983 Y2=1023 P1=1023 P2=   0 T1=1023 T2= 930  P= 559  D=   1 
 X= 970 X2=1023  Y= 994 Y2=1021 P1=1023 P2=   0 T1=1022 T2= 936  P= 559  D=   1 
 X=1023 X2=1007  Y= 984 Y2=1023 P1=1021 P2=   0 T1=1023 T2= 938  P= 559  D=   1 
 X=1023 X2=1020  Y= 982 Y2=1023 P1=1023 P2=   0 T1=1021 T2= 932  P= 559  D=   1 
 X= 960 X2=1023  Y= 990 Y2=1021 P1=1023 P2=   0 T1=1023 T2= 919  P= 559  D=   1 
 X= 967 X2=1023  Y= 994 Y2=1023 P1=1023 P2=   0 T1=1022 T2= 934  P= 559  D=   1 
 X= 975 X2=1023  Y= 984 Y2=1023 P1=1023 P2=   0 T1=1023 T2= 939  P= 559  D=   1 
 X= 859 X2=1023  Y= 982 Y2=1023 P1=1023 P2=   0 T1=1023 T2= 923  P= 559  D=   1 
 X=1023 X2=1016  Y= 996 Y2=1023 P1=1023 P2=   0 T1=1022 T2= 933  P= 559  D=   1 
 X= 992 X2=1016  Y= 977 Y2=1023 P1=1023 P2=   0 T1=1022 T2= 934  P= 559  D=   1 
 X= 945 X2=1014  Y= 991 Y2=1023 P1=1023 P2=   0 T1=1023 T2= 944  P= 559  D=   1 
 X= 987 X2=1022  Y= 984 Y2=1022 P1=1023 P2=   0 T1=1023 T2= 927  P= 559  D=   1 
 X=1020 X2= 997  Y= 990 Y2=1021 P1=1023 P2=   0 T1=1022 T2= 936  P= 559  D=   1 
 X= 879 X2=1023  Y= 990 Y2=1023 P1=1023 P2=   0 T1=1023 T2= 946  P= 559  D=   1 
 X= 925 X2=1023  Y= 980 Y2=1020 P1=1023 P2=   0 T1=1022 T2= 928  P= 559  D=   1 
 X= 937 X2=1023  Y= 980 Y2=1023 P1=1023 P2=   0 T1=1023 T2= 933  P= 559  D=   1 
 X= 843 X2=1023  Y= 994 Y2=1021 P1=1023 P2=   0 T1=1023 T2= 915  P= 559  D=   1 
 X= 843 X2=1023  Y= 995 Y2=1021 P1=1023 P2=   0 T1=1023 T2= 929  P= 559  D=   1 
 X= 873 X2=1017  Y= 991 Y2=1023 P1=1023 P2=   0 T1=1023 T2= 924  P= 559  D=   1 
 X= 896 X2=1021  Y= 979 Y2=1023 P1=1023 P2=   0 T1=1023 T2= 930  P= 559  D=   1 
 X= 976 X2=1009  Y= 989 Y2=1020 P1=1023 P2=   0 T1=1022 T2= 951  P= 559  D=   1 
 X= 989 X2= 998  Y= 986 Y2=1020 P1=1023 P2=   0 T1=1023 T2= 936  P= 559  D=   1 
 X= 936 X2=1023  Y= 980 Y2=1023 P1=1023 P2=   0 T1=1021 T2= 945  P= 559  D=   1 
 X= 910 X2=1023  Y= 988 Y2=1022 P1=1023 P2=   0 T1=1023 T2= 938  P= 559  D=   1 
 X= 965 X2=1023  Y= 983 Y2=1023 P1=1023 P2=   0 T1=1021 T2= 926  P= 559  D=   1 
 X= 830 X2=1023  Y= 993 Y2=1023 P1=1023 P2=   0 T1=1023 T2= 925  P= 559  D=   1 
 X= 857 X2=1023  Y= 994 Y2=1021 P1=1023 P2=   0 T1=1021 T2= 925  P= 559  D=   1 
 X=1023 X2=1017  Y= 993 Y2=1023 P1=1023 P2=   0 T1=1022 T2= 918  P= 559  D=   1 
 X=1020 X2= 995  Y= 983 Y2=1023 P1=1023 P2=   0 T1=1023 T2= 927  P= 559  D=   1 
 X= 930 X2=1023  Y= 988 Y2=1023 P1=1023 P2=   0 T1=1023 T2= 931  P= 559  D=   1 
 X= 977 X2= 995  Y= 989 Y2=1023 P1=1023 P2=   0 T1=1021 T2= 922  P= 559  D=   1 
 X=1023 X2= 998  Y= 996 Y2=1022 P1=1019 P2=   0 T1=1021 T2= 916  P= 559  D=   1 
 X= 932 X2=1023  Y= 990 Y2=1023 P1=1023 P2=   0 T1=1023 T2= 901  P= 559  D=   1 
 X= 902 X2=1023  Y= 986 Y2=1021 P1=1023 P2=   0 T1=1023 T2= 938  P= 559  D=   1 
 X= 892 X2=1019  Y= 993 Y2=1023 P1=1023 P2=   0 T1=1021 T2= 941  P= 559  D=   1 
 X= 952 X2=1021  Y= 990 Y2=1023 P1=1023 P2=   0 T1=1023 T2= 910  P= 559  D=   1 
 X= 993 X2=1019  Y= 989 Y2=1022 P1=1023 P2=   0 T1=1022 T2= 929  P= 559  D=   1 
 X=1015 X2= 999  Y= 986 Y2=1021 P1=1023 P2=   0 T1=1022 T2= 920  P= 559  D=   1 
 X= 990 X2=1011  Y= 985 Y2=1021 P1=1020 P2=   0 T1=1023 T2= 928  P= 559  D=   1 
 X= 973 X2= 998  Y= 983 Y2=1021 P1=1023 P2=   0 T1=1023 T2= 951  P= 559  D=   1 
 X= 959 X2= 996  Y= 995 Y2=1021 P1=1023 P2=   0 T1=1023 T2= 913  P= 559  D=   1 
 X= 825 X2=1023  Y= 995 Y2=1021 P1=1023 P2=   0 T1=1021 T2= 913  P= 559  D=   1 
 X= 236 X2= 237  Y= 706 Y2= 702 P1= 841 P2= 228 T1=  24 T2=  23  P= 634  D=   1 * 0
 X= 235 X2= 238  Y= 706 Y2= 702 P1= 844 P2= 225 T1=  24 T2=  23  P= 649  D=   1 * 0
 X= 235 X2= 238  Y= 705 Y2= 702 P1= 841 P2= 229 T1=  24 T2=  24  P= 630  D=   1 * 0
 X= 236 X2= 240  Y= 706 Y2= 701 P1= 841 P2= 229 T1=  24 T2=  24  P= 635  D=   1 * 0
 X= 235 X2= 238  Y= 705 Y2= 701 P1= 839 P2= 231 T1=  24 T2=  24  P= 621  D=   1 * 1
 X= 236 X2= 238  Y= 706 Y2= 702 P1= 836 P2= 231 T1=  24 T2=  24  P= 620  D=   1 * 2
 X= 237 X2= 237  Y= 705 Y2= 701 P1= 839 P2= 231 T1=  24 T2=  23  P= 623  D=   1 * 3
 X= 235 X2= 239  Y= 706 Y2= 700 P1= 838 P2= 232 T1=  23 T2=  23  P= 619  D=   1 * 4
 X= 236 X2= 237  Y= 705 Y2= 701 P1= 838 P2= 232 T1=  23 T2=  23  P= 616  D=   1 * 5
 X= 235 X2= 238  Y= 705 Y2= 701 P1= 838 P2= 233 T1=  24 T2=  23  P= 612  D=   1 * 6
 X= 235 X2= 237  Y= 706 Y2= 701 P1= 838 P2= 233 T1=  24 T2=  24  P= 612  D=   1 * 7
 X= 235 X2= 237  Y= 706 Y2= 702 P1= 838 P2= 233 T1=  23 T2=  23  P= 612  D=   1 * 8
 X= 234 X2= 238  Y= 706 Y2= 702 P1= 838 P2= 233 T1=  24 T2=  24  P= 612  D=   1 * 9
 X= 235 X2= 237  Y= 705 Y2= 701 P1= 837 P2= 233 T1=  23 T2=  23  P= 611  D=   1 * 10
 X= 235 X2= 237  Y= 706 Y2= 702 P1= 838 P2= 233 T1=  23 T2=  23  P= 612  D=   1 * 11
 X= 235 X2= 239  Y= 705 Y2= 701 P1= 838 P2= 233 T1=  23 T2=  24  P= 615  D=   1 * 12
 X= 236 X2= 237  Y= 706 Y2= 701 P1= 837 P2= 233 T1=  23 T2=  23  P= 611  D=   1 * 13
 X= 236 X2= 238  Y= 706 Y2= 702 P1= 837 P2= 233 T1=  23 T2=  24  P= 614  D=   1 * 14
 X= 232 X2= 238  Y= 706 Y2= 701 P1= 837 P2= 233 T1=  24 T2=  24  P= 609  D=   1 * 15
 X= 235 X2= 236  Y= 706 Y2= 701 P1= 838 P2= 233 T1=  23 T2=  24  P= 610  D=   1 * 16
 X= 234 X2= 237  Y= 705 Y2= 701 P1= 837 P2= 233 T1=  23 T2=  24  P= 609  D=   1 * 17
 X= 235 X2= 237  Y= 705 Y2= 701 P1= 837 P2= 234 T1=  24 T2=  24  P= 607  D=   1 * 18
 X= 236 X2= 239  Y= 705 Y2= 701 P1= 837 P2= 233 T1=  24 T2=  24  P= 614  D=   1 * 19
 X= 235 X2= 237  Y= 706 Y2= 701 P1= 837 P2= 234 T1=  23 T2=  23  P= 607  D=   1 * 20
 X= 235 X2= 238  Y= 706 Y2= 701 P1= 837 P2= 233 T1=  23 T2=  24  P= 611  D=   1 * 21
 X= 234 X2= 236  Y= 706 Y2= 701 P1= 837 P2= 233 T1=  23 T2=  24  P= 609  D=   1 * 22
 X= 235 X2= 237  Y= 705 Y2= 700 P1= 837 P2= 234 T1=  24 T2=  23  P= 607  D=   1 * 23
 X= 234 X2= 237  Y= 706 Y2= 701 P1= 837 P2= 233 T1=  23 T2=  23  P= 609  D=   1 * 24
Remove Pin
 X= 236 X2= 237  Y= 706 Y2= 702 P1= 837 P2= 233 T1=  23 T2=  24  P= 611  D=   1 * 24
 X= 236 X2= 235  Y= 705 Y2= 701 P1= 837 P2= 234 T1=  23 T2=  23  P= 605  D=   1 * 24
 X= 235 X2= 237  Y= 705 Y2= 705 P1= 836 P2= 233 T1=  23 T2=  23  P= 610  D=   1 * 24
 X= 235 X2= 237  Y= 706 Y2= 702 P1= 837 P2= 234 T1=  23 T2=  23  P= 607  D=   1 * 24
 X= 235 X2= 240  Y= 706 Y2= 701 P1= 836 P2= 234 T1=  23 T2=  23  P= 609  D=   1 * 24
 X= 233 X2= 237  Y= 706 Y2= 701 P1= 836 P2= 234 T1=  23 T2=  23  P= 604  D=   1 * 24
 X= 235 X2= 238  Y= 705 Y2= 701 P1= 836 P2= 234 T1=  23 T2=  23  P= 606  D=   1 * 24
 X= 235 X2= 237  Y= 706 Y2= 701 P1= 837 P2= 234 T1=  23 T2=  23  P= 607  D=   1 * 24
 X= 235 X2= 238  Y= 706 Y2= 701 P1= 837 P2= 234 T1=  22 T2=  23  P= 607  D=   1 * 24
 X= 235 X2= 240  Y= 706 Y2= 701 P1= 837 P2= 234 T1=  23 T2=  23  P= 610  D=   1 * 24
 X= 235 X2= 237  Y= 705 Y2= 701 P1= 836 P2= 233 T1=  23 T2=  23  P= 610  D=   1 * 24
 X= 234 X2= 238  Y= 705 Y2= 701 P1= 836 P2= 234 T1=  25 T2=  23  P= 606  D=   1 * 24
 X= 236 X2= 238  Y= 706 Y2= 701 P1= 836 P2= 234 T1=  24 T2=  23  P= 609  D=   1 * 24
 X= 234 X2= 237  Y= 706 Y2= 701 P1= 836 P2= 234 T1=  23 T2=  23  P= 604  D=   1 * 24
 X= 235 X2= 237  Y= 705 Y2= 701 P1= 836 P2= 234 T1=  23 T2=  23  P= 606  D=   1 * 24
 X= 234 X2= 237  Y= 705 Y2= 701 P1= 837 P2= 234 T1=  22 T2=  24  P= 605  D=   1 * 24
 X= 235 X2= 237  Y= 706 Y2= 701 P1= 837 P2= 235 T1=  23 T2=  24  P= 604  D=   1 * 24
 X= 234 X2= 237  Y= 706 Y2= 700 P1= 836 P2= 234 T1=  23 T2=  23  P= 604  D=   1 * 24
 X= 235 X2= 236  Y= 705 Y2= 701 P1= 836 P2= 235 T1=  24 T2=  23  P= 600  D=   1 * 24
 X= 232 X2= 237  Y= 705 Y2= 701 P1= 836 P2= 234 T1=  23 T2=  23  P= 601  D=   1 * 24
 X= 235 X2= 237  Y= 705 Y2= 701 P1= 837 P2= 234 T1=  21 T2=  24  P= 607  D=   1 * 24
 X= 234 X2= 238  Y= 706 Y2= 701 P1= 837 P2= 234 T1=  23 T2=  24  P= 607  D=   1 * 24
 X= 234 X2= 237  Y= 705 Y2= 701 P1= 836 P2= 234 T1=  23 T2=  23  P= 604  D=   1 * 24
 X= 234 X2= 236  Y= 706 Y2= 701 P1= 833 P2= 238 T1=  24 T2=  22  P= 587  D=   1 * 24
 X= 235 X2= 238  Y= 707 Y2= 701 P1= 841 P2= 226 T1=  23 T2=  24  P= 642  D=   1 * 24
 X= 234 X2= 237  Y= 706 Y2= 701 P1= 837 P2= 232 T1=  24 T2=  24  P= 612  D=   1 * 24
 X= 234 X2= 238  Y= 705 Y2= 701 P1= 849 P2= 215 T1=  24 T2=  26  P= 695  D=   1 * 24
 X= 872 X2=1020  Y= 989 Y2=1021 P1=1023 P2=   0 T1=1021 T2= 937  P= 695  D=   1 
 X= 951 X2=1018  Y= 978 Y2=1023 P1=1023 P2=   0 T1=1023 T2= 943  P= 695  D=   1 
 X= 972 X2= 996  Y= 976 Y2=1022 P1=1023 P2=   0 T1=1022 T2= 906  P= 695  D=   1 
Target Noise  x= 2.50 y= 2.50
X[0]: Target=240   523/ 524/ 527 Stdev= 0.89 N= 24  Y[0]: Target=136   515/ 520/ 520 Stdev= 1.01 N= 24
X[1]: Target= 23   234/ 235/ 236 Stdev= 0.63 N= 24  Y[1]: Target= 22   325/ 326/ 327 Stdev= 0.53 N= 24
X[2]: Target=456   809/ 810/ 810 Stdev= 0.42 N= 24  Y[2]: Target= 22   328/ 329/ 330 Stdev= 0.49 N= 24
X[3]: Target=456   807/ 810/ 811 Stdev= 0.80 N= 24  Y[3]: Target=249   709/ 710/ 711 Stdev= 0.45 N= 24
X[4]: Target= 23   235/ 236/ 238 Stdev= 0.73 N= 24  Y[4]: Target=249   702/ 703/ 704 Stdev= 0.46 N= 24
N=24 Avg=19
min: 18 18 18 19 19 19 
max: 20 20 20 20 20 20 
N=24 Avg=23
min: 22 22 22 23 23 23 
max: 24 24 24 24 24 24 
N=24 Avg=14
min: 14 14 14 14 14 15 
max: 16 16 16 15 15 15 
N=24 Avg=15
min: 14 14 15 15 15 15 
max: 16 16 15 15 15 15 
N=24 Avg=23
min: 23 23 23 23 23 23 
max: 24 24 24 24 24 24 
Using TNT center offset = 20
TNT Plane Coef: a=-1026 b=    3 c= 508895
At  524, 519: Real=  20 Fit=  20 Offset=   0
At  234, 325: Real=  24 Fit=  24 Offset=   4
At  809, 329: Real=  15 Fit=  16 Offset=  -4
At  809, 710: Real=  15 Fit=  16 Offset=  -4
At  236, 703: Real=  24 Fit=  24 Offset=   4
Fit Points: 20, 28, 13, 13, 28,  center: 20
Setting for min_tnt_up:   522
Setting for max_tnt_down: 25 (V2:37)
Entering calib_pressure_mfg
Using default pressure curve
468 471 487 495 509 524 553 575 612 
Summary:
Setting for max_tnt_down:      25
3.7 setting for max_tnt_down:     -1
Setting for min_tnt_up:       522
Setting for max_delta_tnt:      5
3.8 setting for max_delta_tnt:     -1
Setting for delay_in_us:        1
Setting for y_delay_in_us:      1
Setting for tnt_delay_in_us:    1
Setting for pressure_curve:  468 471 487 495 509 524 553 575 612
Setting for tnt_mode:           1
Setting for averaging:         -1
Setting for pointercal:      49353 -261 -9956471 -273 39357 -11285400 65536
Setting for tnt_plane:       -1026 3 508895
