new-calib: New touch screen calibration program v3.12
Serial Number='15061E00010B06020116'
Using tnt_mode=1
Setting for delay_in_us:        1
Setting for y_delay_in_us:      1
Setting for tnt_delay_in_us:    1
Setting for max_delta_tnt:      5
Setting for tnt_mode:           1
Setting for averaging:         -1
Entering get_four_points
target_noise  x= 2.50 y= 2.50 t= 2.50
target state=0 point=23,22
 X= 972 X2=1016  Y= 971 Y2=  -1 P1=  -1 P2=  -1 T1=  -1 T2= 913  P=  -1  D=  -1 * 0
 X= 984 X2=1023  Y= 997 Y2=  -1 P1=  -1 P2=  -1 T1=  -1 T2= 922  P=  -1  D=  -1 * 0
 X=1023 X2=1017  Y= 984 Y2=1021 P1=  -1 P2=  -1 T1=1023 T2= 909  P=  -1  D=  -1 
 X= 958 X2=1023  Y= 986 Y2=1021 P1=  -1 P2=  -1 T1=1021 T2= 933  P=  -1  D=  -1 
 X= 810 X2=1023  Y= 976 Y2=1021 P1=  -1 P2=  -1 T1=1021 T2= 931  P=  -1  D=  -1 
 X= 984 X2=1016  Y= 983 Y2=1023 P1=  -1 P2=  -1 T1=1023 T2= 934  P=  -1  D=  -1 
 X= 899 X2=1023  Y= 992 Y2=1022 P1=  -1 P2=  -1 T1=1022 T2= 913  P=  -1  D=  -1 
 X= 970 X2=1023  Y= 989 Y2=1023 P1=  -1 P2=  -1 T1=1023 T2= 916  P=  -1  D=  -1 
 X= 859 X2=1023  Y= 983 Y2=1021 P1=  -1 P2=  -1 T1=1023 T2= 942  P=  -1  D=  -1 
 X= 809 X2=1023  Y= 983 Y2=1021 P1=  -1 P2=  -1 T1=1021 T2= 915  P=  -1  D=  -1 
 X= 964 X2=1014  Y= 984 Y2=1023 P1=  -1 P2=  -1 T1=1023 T2= 919  P=  -1  D=  -1 
 X= 971 X2=1016  Y= 989 Y2=1021 P1=  -1 P2=  -1 T1=1023 T2= 918  P=  -1  D=  -1 
 X= 861 X2=1017  Y= 981 Y2=1020 P1=  -1 P2=  -1 T1=1021 T2= 925  P=  -1  D=  -1 
 X= 960 X2=1023  Y= 987 Y2=1023 P1=  -1 P2=  -1 T1=1023 T2= 911  P=  -1  D=  -1 
 X=1023 X2=1009  Y= 982 Y2=1021 P1=  -1 P2=  -1 T1=1019 T2= 903  P=  -1  D=  -1 
 X=1023 X2=1009  Y= 983 Y2=1023 P1=  -1 P2=  -1 T1=1023 T2= 961  P=  -1  D=  -1 
 X= 947 X2=1021  Y= 979 Y2=1023 P1=  -1 P2=  -1 T1=1023 T2= 917  P=  -1  D=  -1 
 X= 942 X2=1022  Y= 980 Y2=1023 P1=  -1 P2=  -1 T1=1022 T2= 926  P=  -1  D=  -1 
 X= 959 X2=1021  Y= 988 Y2=1023 P1=  -1 P2=  -1 T1=1023 T2= 933  P=  -1  D=  -1 
 X= 853 X2=1023  Y= 988 Y2=1021 P1=  -1 P2=  -1 T1=1023 T2= 931  P=  -1  D=  -1 
 X=1011 X2= 996  Y= 979 Y2=1023 P1=  -1 P2=  -1 T1=1023 T2= 912  P=  -1  D=  -1 
 X= 979 X2=1016  Y= 980 Y2=1021 P1=  -1 P2=  -1 T1=1018 T2= 926  P=  -1  D=  -1 
 X=1023 X2=1007  Y= 981 Y2=1023 P1=  -1 P2=  -1 T1=1021 T2= 920  P=  -1  D=  -1 
 X=1023 X2=1005  Y= 994 Y2=1023 P1=  -1 P2=  -1 T1=1018 T2= 908  P=  -1  D=  -1 
 X= 781 X2=1023  Y= 986 Y2=1021 P1=  -1 P2=  -1 T1=1023 T2= 906  P=  -1  D=  -1 
 X= 899 X2=1023  Y= 982 Y2=1023 P1=  -1 P2=  -1 T1=1021 T2= 916  P=  -1  D=  -1 
 X= 899 X2=1021  Y= 991 Y2=1023 P1=  -1 P2=  -1 T1=1023 T2= 930  P=  -1  D=  -1 
 X= 917 X2=1023  Y= 983 Y2=1021 P1=  -1 P2=  -1 T1=1021 T2= 917  P=  -1  D=  -1 
 X= 964 X2=1023  Y= 988 Y2=1022 P1=  -1 P2=  -1 T1=1022 T2= 940  P=  -1  D=  -1 
 X=1009 X2= 996  Y= 984 Y2=1021 P1=  -1 P2=  -1 T1=1021 T2= 944  P=  -1  D=  -1 
 X= 990 X2=1011  Y= 976 Y2=1023 P1=1021 P2=  -1 T1=1023 T2= 935  P=  -1  D=  -1 
 X= 947 X2=1022  Y= 983 Y2=1023 P1=1023 P2=  -1 T1=1022 T2= 901  P=  -1  D=  -1 
 X= 960 X2=1021  Y= 991 Y2=1023 P1=1023 P2=  -1 T1=1023 T2= 940  P=  -1  D=  -1 
 X=1023 X2=1015  Y= 983 Y2=1021 P1=1023 P2=  -1 T1=1023 T2= 932  P=  -1  D=  -1 
 X= 807 X2=1023  Y= 987 Y2=1022 P1=1023 P2=  -1 T1=1021 T2= 936  P=  -1  D=  -1 
 X= 982 X2=1022  Y= 987 Y2=1023 P1=1023 P2=  -1 T1=1023 T2= 937  P=  -1  D=  -1 
 X= 904 X2=1023  Y= 985 Y2=1021 P1=1023 P2=  -1 T1=1023 T2= 924  P=  -1  D=  -1 
 X= 954 X2=1023  Y= 985 Y2=1022 P1=1023 P2=  -1 T1=1023 T2= 928  P=  -1  D=  -1 
 X= 955 X2= 994  Y= 972 Y2=1023 P1=1023 P2=  -1 T1=1023 T2= 920  P=  -1  D=  -1 
 X=1023 X2=1015  Y= 987 Y2=1021 P1=1023 P2=  -1 T1=1022 T2= 934  P=  -1  D=  -1 
 X= 903 X2=1023  Y= 978 Y2=1023 P1=1023 P2=  -1 T1=1023 T2= 916  P=  -1  D=  -1 
 X= 962 X2=1023  Y= 983 Y2=1023 P1=1023 P2=  -1 T1=1022 T2= 922  P=  -1  D=  -1 
 X= 954 X2=1021  Y= 993 Y2=1021 P1=1023 P2=  -1 T1=1022 T2= 928  P=  -1  D=  -1 
 X=1023 X2= 998  Y=1018 Y2=1022 P1=1023 P2=  -1 T1=1023 T2=1020  P=  -1  D=  -1 
 X= 998 X2=1016  Y= 979 Y2=1023 P1=1023 P2=  -1 T1=1023 T2= 935  P=  -1  D=  -1 
 X= 912 X2=1022  Y= 980 Y2=1021 P1=1023 P2=  -1 T1=1022 T2= 930  P=  -1  D=  -1 
 X= 945 X2=1023  Y= 991 Y2=1023 P1=1023 P2=  -1 T1=1022 T2= 937  P=  -1  D=  -1 
 X= 817 X2=1023  Y= 979 Y2=1021 P1=1023 P2=  -1 T1=1021 T2= 930  P=  -1  D=  -1 
 X=1023 X2=1017  Y= 982 Y2=1021 P1=1023 P2=  -1 T1=1019 T2= 919  P=  -1  D=  -1 
 X=1015 X2= 994  Y= 978 Y2=1020 P1=1023 P2=  -1 T1=1023 T2= 926  P=  -1  D=  -1 
 X= 969 X2=1023  Y= 986 Y2=1023 P1=1023 P2=  -1 T1=1023 T2= 932  P=  -1  D=  -1 
 X= 938 X2=1020  Y= 982 Y2=1023 P1=1023 P2=  -1 T1=1023 T2= 919  P=  -1  D=  -1 
 X= 924 X2=1018  Y= 990 Y2=1023 P1=1023 P2=  -1 T1=1023 T2= 913  P=  -1  D=  -1 
 X= 909 X2=1023  Y= 983 Y2=1021 P1=1023 P2=  -1 T1=1023 T2= 917  P=  -1  D=  -1 
 X= 905 X2=1023  Y= 975 Y2=1020 P1=1023 P2=  -1 T1=1023 T2= 925  P=  -1  D=  -1 
 X= 985 X2=1006  Y= 986 Y2=1020 P1=1023 P2=  -1 T1=1021 T2= 906  P=  -1  D=  -1 
 X= 859 X2=1020  Y= 972 Y2=1023 P1=1023 P2=  -1 T1=1021 T2= 926  P=  -1  D=  -1 
 X=1023 X2= 994  Y= 977 Y2=1023 P1=1023 P2=  -1 T1=1022 T2= 904  P=  -1  D=  -1 
 X=1023 X2=1007  Y= 994 Y2=1021 P1=1023 P2=  -1 T1=1023 T2= 923  P=  -1  D=  -1 
 X= 962 X2=1021  Y= 974 Y2=1022 P1=1023 P2=  -1 T1=1023 T2= 937  P=  -1  D=  -1 
 X= 971 X2= 997  Y= 986 Y2=1021 P1=1018 P2=  -1 T1=1023 T2= 929  P=  -1  D=  -1 
 X= 966 X2= 994  Y= 986 Y2=1021 P1=1023 P2=  -1 T1=1022 T2= 900  P=  -1  D=  -1 
 X= 963 X2=1021  Y= 988 Y2=1023 P1=1023 P2=  -1 T1=1022 T2= 913  P=  -1  D=  -1 
 X= 824 X2=1023  Y= 978 Y2=1022 P1=1023 P2=  -1 T1=1023 T2= 910  P=  -1  D=  -1 
 X= 867 X2=1021  Y= 988 Y2=1023 P1=1023 P2=  -1 T1=1022 T2= 915  P=  -1  D=  -1 
 X= 822 X2=1023  Y= 987 Y2=1021 P1=1023 P2=  -1 T1=1022 T2= 934  P=  -1  D=  -1 
 X= 949 X2=1023  Y= 987 Y2=1021 P1=1023 P2=  -1 T1=1023 T2= 930  P=  -1  D=  -1 
 X=1023 X2=1005  Y= 977 Y2=1021 P1=1023 P2=  -1 T1=1021 T2= 920  P=  -1  D=  -1 
 X=1023 X2=1011  Y= 971 Y2=1023 P1=1023 P2=  -1 T1=1023 T2= 913  P=  -1  D=  -1 
 X= 855 X2=1023  Y= 982 Y2=1023 P1=1023 P2=  -1 T1=1022 T2= 922  P=  -1  D=  -1 
 X= 928 X2=1023  Y= 985 Y2=1023 P1=1023 P2=  -1 T1=1020 T2= 909  P=  -1  D=  -1 
 X= 843 X2=1023  Y= 981 Y2=1023 P1=1023 P2=  -1 T1=1022 T2= 913  P=  -1  D=  -1 
 X= 818 X2=1023  Y= 984 Y2=1023 P1=1023 P2=  -1 T1=1023 T2= 910  P=  -1  D=  -1 
 X=1023 X2= 991  Y= 989 Y2=1021 P1=1023 P2=  -1 T1=1022 T2= 921  P=  -1  D=  -1 
 X=1000 X2= 999  Y= 979 Y2=1022 P1=1023 P2=  -1 T1=1023 T2= 907  P=  -1  D=  -1 
 X= 976 X2=1013  Y= 984 Y2=1023 P1=1023 P2=  -1 T1=1020 T2= 928  P=  -1  D=  -1 
 X= 953 X2=1023  Y= 985 Y2=1020 P1=1023 P2=  -1 T1=1023 T2= 922  P=  -1  D=  -1 
 X=1023 X2=1007  Y= 981 Y2=1023 P1=1023 P2=  -1 T1=1023 T2= 926  P=  -1  D=  -1 
 X= 927 X2=1023  Y= 979 Y2=1023 P1=1023 P2=  -1 T1=1023 T2= 926  P=  -1  D=  -1 
 X= 910 X2=1023  Y= 975 Y2=1023 P1=1023 P2=  -1 T1=1023 T2= 929  P=  -1  D=  -1 
 X= 949 X2=1013  Y= 984 Y2=1021 P1=1023 P2=  -1 T1=1022 T2= 897  P=  -1  D=  -1 
 X= 869 X2=1016  Y= 982 Y2=1021 P1=1023 P2=  -1 T1=1023 T2= 896  P=  -1  D=  -1 
 X= 955 X2=1021  Y= 981 Y2=1020 P1=1023 P2=  -1 T1=1022 T2= 924  P=  -1  D=  -1 
 X=1019 X2=1009  Y= 987 Y2=1022 P1=1023 P2=  -1 T1=1023 T2= 920  P=  -1  D=  -1 
 X=1003 X2= 996  Y= 995 Y2=1021 P1=1023 P2=  -1 T1=1022 T2= 937  P=  -1  D=  -1 
 X= 975 X2= 992  Y= 984 Y2=1023 P1=1023 P2=  -1 T1=1023 T2= 925  P=  -1  D=  -1 
 X= 960 X2=1023  Y= 981 Y2=1021 P1=1023 P2=  -1 T1=1021 T2= 924  P=  -1  D=  -1 
 X= 956 X2=1023  Y= 983 Y2=1022 P1=1023 P2=  -1 T1=1023 T2= 922  P=  -1  D=  -1 
 X= 822 X2=1023  Y= 982 Y2=1021 P1=1023 P2=  -1 T1=1022 T2= 915  P=  -1  D=  -1 
 X= 931 X2=1023  Y= 987 Y2=1023 P1=1023 P2=  -1 T1=1021 T2= 908  P=  -1  D=  -1 
 X= 831 X2=1022  Y= 984 Y2=1020 P1=1023 P2=  -1 T1=1023 T2= 939  P=  -1  D=  -1 
 X= 966 X2=1023  Y= 977 Y2=1023 P1=1023 P2=  -1 T1=1023 T2= 909  P=  -1  D=  -1 
 X=1023 X2=1014  Y= 989 Y2=1023 P1=1023 P2=  -1 T1=1023 T2= 915  P=  -1  D=  -1 
 X= 995 X2= 994  Y= 982 Y2=1021 P1=1023 P2=  -1 T1=1022 T2= 929  P=  -1  D=  -1 
 X= 917 X2=1023  Y= 974 Y2=1023 P1=1023 P2=  -1 T1=1022 T2= 903  P=  -1  D=  -1 
 X= 948 X2=1023  Y= 983 Y2=1021 P1=1023 P2=  -1 T1=1023 T2= 928  P=  -1  D=  -1 
 X= 834 X2=1023  Y= 978 Y2=1020 P1=1023 P2=  -1 T1=1023 T2= 912  P=  -1  D=  -1 
 X=1023 X2=1010  Y= 989 Y2=1021 P1=1023 P2=  -1 T1=1021 T2= 936  P=  -1  D=  -1 
 X= 911 X2=1023  Y= 979 Y2=1023 P1=1023 P2=  -1 T1=1021 T2= 933  P=  -1  D=  -1 
 X= 933 X2=1022  Y= 985 Y2=1021 P1=1023 P2=  -1 T1=1022 T2= 932  P=  -1  D=  -1 
 X= 952 X2=1023  Y= 995 Y2=1021 P1=1023 P2=  -1 T1=1023 T2= 919  P=  -1  D=  -1 
 X= 967 X2=1008  Y= 982 Y2=1023 P1=1023 P2=  -1 T1=1023 T2= 928  P=  -1  D=  -1 
 X=1023 X2=1016  Y= 976 Y2=1021 P1=1023 P2=  -1 T1=1023 T2= 927  P=  -1  D=  -1 
 X=1012 X2=1005  Y= 983 Y2=1023 P1=1023 P2=  -1 T1=1023 T2= 924  P=  -1  D=  -1 
 X= 917 X2=1023  Y= 990 Y2=1023 P1=1023 P2=  -1 T1=1022 T2= 922  P=  -1  D=  -1 
 X= 958 X2=1022  Y= 980 Y2=1021 P1=1023 P2=  -1 T1=1021 T2= 907  P=  -1  D=  -1 
 X= 834 X2=1023  Y= 986 Y2=1021 P1=1023 P2=  -1 T1=1022 T2= 931  P=  -1  D=  -1 
 X= 825 X2=1023  Y= 987 Y2=1021 P1=1023 P2=  -1 T1=1021 T2= 925  P=  -1  D=  -1 
 X= 992 X2=1007  Y= 988 Y2=1021 P1=1023 P2=  -1 T1=1022 T2= 942  P=  -1  D=  -1 
 X= 999 X2=1015  Y= 988 Y2=1023 P1=1023 P2=  -1 T1=1022 T2= 909  P=  -1  D=  -1 
 X= 891 X2=1023  Y= 984 Y2=1022 P1=1023 P2=  -1 T1=1021 T2= 902  P=  -1  D=  -1 
 X= 948 X2=1023  Y= 971 Y2=1022 P1=1023 P2=  -1 T1=1023 T2= 930  P=  -1  D=  -1 
 X=1008 X2= 989  Y= 981 Y2=1023 P1=1023 P2=  -1 T1=1023 T2= 926  P=  -1  D=  -1 
 X= 976 X2=1022  Y= 990 Y2=1020 P1=1023 P2=  -1 T1=1023 T2= 924  P=  -1  D=  -1 
 X= 967 X2=1023  Y= 992 Y2=1021 P1=1023 P2=  -1 T1=1023 T2= 920  P=  -1  D=  -1 
 X= 890 X2=1023  Y= 986 Y2=1023 P1=1023 P2=  -1 T1=1021 T2= 913  P=  -1  D=  -1 
 X= 897 X2=1023  Y= 984 Y2=1019 P1=1023 P2=  -1 T1=1022 T2= 919  P=  -1  D=  -1 
 X= 894 X2=1023  Y= 983 Y2=1023 P1=1023 P2=  -1 T1=1023 T2= 922  P=  -1  D=  -1 
 X= 993 X2=1009  Y= 983 Y2=1020 P1=1023 P2=  -1 T1=1023 T2= 921  P=  -1  D=  -1 
 X= 926 X2=1016  Y= 987 Y2=1023 P1=1023 P2=  -1 T1=1022 T2= 940  P=  -1  D=  -1 
 X=1023 X2=1015  Y= 983 Y2=1022 P1=1023 P2=  -1 T1=1021 T2= 941  P=  -1  D=  -1 
 X=1023 X2= 998  Y= 987 Y2=1023 P1=1023 P2=  -1 T1=1023 T2= 917  P=  -1  D=  -1 
 X= 853 X2=1023  Y= 976 Y2=1022 P1=1023 P2=  -1 T1=1022 T2= 928  P=  -1  D=  -1 
 X= 929 X2=1023  Y= 988 Y2=1023 P1=1023 P2=  -1 T1=1023 T2= 908  P=  -1  D=  -1 
 X= 961 X2=1022  Y= 974 Y2=1023 P1=1023 P2=  -1 T1=1023 T2= 914  P=  -1  D=  -1 
 X= 943 X2=1021  Y= 984 Y2=1023 P1=1023 P2=  -1 T1=1021 T2= 905  P=  -1  D=  -1 
 X= 954 X2=1018  Y= 986 Y2=1020 P1=1023 P2=  -1 T1=1023 T2= 940  P=  -1  D=  -1 
 X= 984 X2=1005  Y= 985 Y2=1020 P1=1023 P2=  -1 T1=1021 T2= 933  P=  -1  D=  -1 
 X= 988 X2= 992  Y= 989 Y2=1023 P1=1023 P2=  -1 T1=1022 T2= 900  P=  -1  D=  -1 
 X= 961 X2=1022  Y= 982 Y2=1021 P1=1023 P2=  -1 T1=1023 T2= 906  P=  -1  D=  -1 
 X= 967 X2=1022  Y= 989 Y2=1020 P1=1023 P2=  -1 T1=1021 T2= 914  P=  -1  D=  -1 
 X= 923 X2=1023  Y= 979 Y2=1020 P1=1023 P2=  -1 T1=1023 T2= 913  P=  -1  D=  -1 
 X= 852 X2=1022  Y= 979 Y2=1023 P1=1023 P2=  -1 T1=1023 T2= 896  P=  -1  D=  -1 
 X= 943 X2=1023  Y= 988 Y2=1021 P1=1023 P2=  -1 T1=1021 T2= 927  P=  -1  D=  -1 
 X= 966 X2=1023  Y= 988 Y2=1022 P1=1023 P2=  -1 T1=1023 T2= 929  P=  -1  D=  -1 
 X= 959 X2=1023  Y= 987 Y2=1022 P1=1023 P2=  -1 T1=1023 T2= 921  P=  -1  D=  -1 
 X= 987 X2=1016  Y= 994 Y2=1021 P1=1023 P2=  -1 T1=1022 T2= 924  P=  -1  D=  -1 
 X= 893 X2=1022  Y= 983 Y2=1023 P1=1023 P2=  -1 T1=1022 T2= 928  P=  -1  D=  -1 
 X= 951 X2=1020  Y= 980 Y2=1022 P1=1023 P2=  -1 T1=1023 T2= 929  P=  -1  D=  -1 
 X= 958 X2=1023  Y= 979 Y2=1021 P1=1023 P2=  -1 T1=1021 T2= 931  P=  -1  D=  -1 
 X= 994 X2=1022  Y= 969 Y2=1023 P1=1023 P2=  -1 T1=1023 T2= 911  P=  -1  D=  -1 
 X= 897 X2=1023  Y= 991 Y2=1023 P1=1023 P2=  -1 T1=1023 T2= 925  P=  -1  D=  -1 
 X= 925 X2=1023  Y= 990 Y2=1023 P1=1023 P2=  -1 T1=1022 T2= 960  P=  -1  D=  -1 
 X= 878 X2=1014  Y= 977 Y2=1023 P1=1023 P2=  -1 T1=1021 T2= 915  P=  -1  D=  -1 
 X= 885 X2=1020  Y=1021 Y2=1021 P1=1023 P2=  -1 T1=1023 T2=1020  P=  -1  D=  -1 
 X= 853 X2=1023  Y= 981 Y2=1022 P1=1023 P2=  -1 T1=1021 T2= 928  P=  -1  D=  -1 
 X=1005 X2=1006  Y= 985 Y2=1023 P1=1023 P2=  -1 T1=1022 T2= 930  P=  -1  D=  -1 
 X= 921 X2=1023  Y= 982 Y2=1023 P1=1023 P2=  -1 T1=1023 T2= 906  P=  -1  D=  -1 
 X= 955 X2=1003  Y= 987 Y2=1023 P1=1023 P2=  -1 T1=1022 T2= 920  P=  -1  D=  -1 
 X= 950 X2=1023  Y= 982 Y2=1023 P1=1023 P2=  -1 T1=1022 T2= 923  P=  -1  D=  -1 
 X= 965 X2=1023  Y= 984 Y2=1021 P1=1023 P2=  -1 T1=1023 T2= 948  P=  -1  D=  -1 
 X= 852 X2=1023  Y= 979 Y2=1021 P1=1023 P2=  -1 T1=1020 T2= 930  P=  -1  D=  -1 
 X=1017 X2= 991  Y= 984 Y2=1021 P1=1023 P2=  -1 T1=1023 T2= 921  P=  -1  D=  -1 
 X= 859 X2=1020  Y= 991 Y2=1023 P1=1023 P2=  -1 T1=1021 T2= 942  P=  -1  D=  -1 
 X= 958 X2=1023  Y= 983 Y2=1021 P1=1023 P2=  -1 T1=1023 T2= 937  P=  -1  D=  -1 
 X= 998 X2= 997  Y= 997 Y2=1022 P1=1023 P2=  -1 T1=1021 T2= 924  P=  -1  D=  -1 
 X=1023 X2=1009  Y= 975 Y2=1023 P1=1023 P2=  -1 T1=1021 T2= 908  P=  -1  D=  -1 
 X= 882 X2=1023  Y= 983 Y2=1021 P1=1023 P2=  -1 T1=1023 T2= 916  P=  -1  D=  -1 
 X= 949 X2=1023  Y= 985 Y2=1023 P1=1023 P2=  -1 T1=1023 T2= 917  P=  -1  D=  -1 
 X=1023 X2=1016  Y= 979 Y2=1023 P1=1023 P2=  -1 T1=1022 T2= 937  P=  -1  D=  -1 
 X= 962 X2=1019  Y= 981 Y2=1022 P1=1023 P2=  -1 T1=1021 T2= 946  P=  -1  D=  -1 
 X= 905 X2=1023  Y= 986 Y2=1020 P1=1023 P2=  -1 T1=1023 T2= 915  P=  -1  D=  -1 
 X= 816 X2=1023  Y= 980 Y2=1023 P1=1023 P2=  -1 T1=1023 T2= 898  P=  -1  D=  -1 
 X= 861 X2=1021  Y= 970 Y2=1022 P1=1023 P2=  -1 T1=1023 T2= 907  P=  -1  D=  -1 
 X= 959 X2=1023  Y= 986 Y2=1023 P1=1023 P2=  -1 T1=1023 T2= 933  P=  -1  D=  -1 
 X= 911 X2=1023  Y= 985 Y2=1021 P1=1023 P2=  -1 T1=1021 T2= 919  P=  -1  D=  -1 
 X= 871 X2=1023  Y= 989 Y2=1023 P1=1023 P2=  -1 T1=1023 T2= 908  P=  -1  D=  -1 
 X= 907 X2=1023  Y= 988 Y2=1022 P1=1023 P2=  -1 T1=1023 T2= 912  P=  -1  D=  -1 
 X= 955 X2=1023  Y= 990 Y2=1020 P1=1023 P2=  -1 T1=1023 T2= 931  P=  -1  D=  -1 
 X= 871 X2=1023  Y= 980 Y2=1021 P1=1023 P2=  -1 T1=1022 T2= 945  P=  -1  D=  -1 
 X= 893 X2=1023  Y= 987 Y2=1021 P1=1023 P2=  -1 T1=1020 T2= 917  P=  -1  D=  -1 
 X=1017 X2= 996  Y= 986 Y2=1021 P1=1023 P2=  -1 T1=1023 T2= 919  P=  -1  D=  -1 
 X= 987 X2=1008  Y= 979 Y2=1021 P1=1023 P2=  -1 T1=1021 T2= 925  P=  -1  D=  -1 
 X= 956 X2=1023  Y= 988 Y2=1022 P1=1023 P2=  -1 T1=1022 T2= 924  P=  -1  D=  -1 
 X= 954 X2=1021  Y= 978 Y2=1022 P1=1023 P2=  -1 T1=1021 T2= 929  P=  -1  D=  -1 
 X=1023 X2=1005  Y= 990 Y2=1023 P1=1023 P2=  -1 T1=1018 T2= 924  P=  -1  D=  -1 
 X= 930 X2=1023  Y= 983 Y2=1021 P1=1023 P2=  -1 T1=1022 T2= 916  P=  -1  D=  -1 
 X= 922 X2=1023  Y= 978 Y2=1023 P1=1023 P2=  -1 T1=1023 T2= 914  P=  -1  D=  -1 
 X= 892 X2=1019  Y= 985 Y2=1023 P1=1023 P2=  -1 T1=1022 T2= 906  P=  -1  D=  -1 
 X= 945 X2=1018  Y= 983 Y2=1023 P1=1023 P2=  -1 T1=1023 T2= 929  P=  -1  D=  -1 
 X= 965 X2= 995  Y= 983 Y2=1020 P1=1023 P2=  -1 T1=1023 T2= 909  P=  -1  D=  -1 
 X= 993 X2= 997  Y= 983 Y2=1023 P1=1023 P2=  -1 T1=1021 T2= 928  P=  -1  D=  -1 
 X= 983 X2=1016  Y= 983 Y2=1022 P1=1023 P2=  -1 T1=1019 T2= 904  P=  -1  D=  -1 
 X=1023 X2=1014  Y= 978 Y2=1023 P1=1023 P2=  -1 T1=1021 T2= 913  P=  -1  D=  -1 
 X=1023 X2= 994  Y= 979 Y2=1021 P1=1023 P2=  -1 T1=1023 T2= 927  P=  -1  D=  -1 
 X= 857 X2=1023  Y= 987 Y2=1021 P1=1023 P2=  -1 T1=1023 T2= 923  P=  -1  D=  -1 
 X= 918 X2=1023  Y= 987 Y2=1022 P1=1023 P2=  -1 T1=1021 T2= 931  P=  -1  D=  -1 
 X= 974 X2=1003  Y= 994 Y2=1023 P1=1023 P2=  -1 T1=1021 T2= 909  P=  -1  D=  -1 
 X= 866 X2=1015  Y= 973 Y2=1021 P1=1023 P2=  -1 T1=1023 T2= 908  P=  -1  D=  -1 
 X= 949 X2=1018  Y= 995 Y2=1023 P1=1023 P2=  -1 T1=1023 T2= 916  P=  -1  D=  -1 
 X= 930 X2=1023  Y= 988 Y2=1022 P1=1023 P2=  -1 T1=1022 T2= 935  P=  -1  D=  -1 
 X= 986 X2=1015  Y= 978 Y2=1023 P1=1023 P2=  -1 T1=1020 T2= 929  P=  -1  D=  -1 
 X= 917 X2=1023  Y= 987 Y2=1021 P1=1023 P2=  -1 T1=1021 T2= 925  P=  -1  D=  -1 
 X= 963 X2=1023  Y= 986 Y2=1021 P1=1023 P2=  -1 T1=1023 T2= 927  P=  -1  D=  -1 
 X= 938 X2=1022  Y= 984 Y2=1021 P1=1023 P2=  -1 T1=1023 T2= 943  P=  -1  D=  -1 
 X= 835 X2=1015  Y= 979 Y2=1023 P1=1023 P2=  -1 T1=1023 T2= 918  P=  -1  D=  -1 
 X=1020 X2=1014  Y= 982 Y2=1023 P1=1023 P2=  -1 T1=1023 T2= 915  P=  -1  D=  -1 
 X= 977 X2= 993  Y=1021 Y2=1023 P1=1023 P2=  -1 T1=1021 T2=1015  P=  -1  D=  -1 
 X= 965 X2=1023  Y= 985 Y2=1021 P1=1023 P2=  -1 T1=1021 T2= 920  P=  -1  D=  -1 
 X=1023 X2=1016  Y= 983 Y2=1021 P1=1023 P2=  -1 T1=1023 T2= 921  P=  -1  D=  -1 
 X=1002 X2= 997  Y= 979 Y2=1020 P1=1023 P2=  -1 T1=1023 T2= 932  P=  -1  D=  -1 
 X= 904 X2=1023  Y= 995 Y2=1023 P1=1023 P2=  -1 T1=1022 T2= 929  P=  -1  D=  -1 
 X= 947 X2=1023  Y= 985 Y2=1023 P1=1023 P2=  -1 T1=1021 T2= 932  P=  -1  D=  -1 
 X= 977 X2=1020  Y= 991 Y2=1023 P1=1023 P2=  -1 T1=1021 T2= 916  P=  -1  D=  -1 
 X= 885 X2=1023  Y= 994 Y2=1021 P1=1022 P2=  -1 T1=1021 T2= 916  P=  -1  D=  -1 
 X= 910 X2=1023  Y= 987 Y2=1023 P1=1023 P2=  -1 T1=1023 T2= 933  P=  -1  D=  -1 
 X= 997 X2=1007  Y= 981 Y2=1023 P1=1023 P2=  -1 T1=1022 T2= 936  P=  -1  D=  -1 
 X= 883 X2=1020  Y= 983 Y2=1023 P1=1023 P2=  -1 T1=1023 T2= 929  P=  -1  D=  -1 
 X= 972 X2=1021  Y= 985 Y2=1023 P1=1023 P2=  -1 T1=1023 T2= 935  P=  -1  D=  -1 
 X=1023 X2=1005  Y= 980 Y2=1020 P1=1023 P2=  -1 T1=1023 T2= 918  P=  -1  D=  -1 
 X=1021 X2=1010  Y= 973 Y2=1023 P1=1023 P2=  -1 T1=1023 T2= 922  P=  -1  D=  -1 
 X= 972 X2=1020  Y= 974 Y2=1021 P1=1023 P2=  -1 T1=1022 T2= 923  P=  -1  D=  -1 
 X= 949 X2=1022  Y= 976 Y2=1021 P1=1023 P2=  -1 T1=1022 T2= 920  P=  -1  D=  -1 
 X= 961 X2=1023  Y= 973 Y2=1023 P1=1023 P2=  -1 T1=1023 T2= 908  P=  -1  D=  -1 
 X= 821 X2=1023  Y= 982 Y2=1022 P1=1023 P2=  -1 T1=1018 T2= 922  P=  -1  D=  -1 
 X= 967 X2=1023  Y= 987 Y2=1021 P1=1023 P2=  -1 T1=1022 T2= 924  P=  -1  D=  -1 
 X= 884 X2=1020  Y= 978 Y2=1021 P1=1023 P2=  -1 T1=1021 T2= 927  P=  -1  D=  -1 
 X= 952 X2=1018  Y= 976 Y2=1022 P1=1023 P2=  -1 T1=1021 T2= 920  P=  -1  D=  -1 
 X=1012 X2= 994  Y= 981 Y2=1021 P1=1023 P2=  -1 T1=1023 T2= 927  P=  -1  D=  -1 
 X=1022 X2=1015  Y= 985 Y2=1023 P1=1023 P2=  -1 T1=1023 T2= 917  P=  -1  D=  -1 
 X= 915 X2=1023  Y= 988 Y2=1022 P1=1023 P2=  -1 T1=1023 T2= 929  P=  -1  D=  -1 
 X= 923 X2=1023  Y= 993 Y2=1021 P1=1023 P2=  -1 T1=1022 T2= 920  P=  -1  D=  -1 
 X= 993 X2=1020  Y= 985 Y2=1021 P1=1023 P2=  -1 T1=1023 T2= 911  P=  -1  D=  -1 
 X= 824 X2=1023  Y= 978 Y2=1023 P1=1023 P2=  -1 T1=1022 T2= 923  P=  -1  D=  -1 
 X= 857 X2=1023  Y= 989 Y2=1023 P1=1023 P2=  -1 T1=1023 T2= 916  P=  -1  D=  -1 
 X= 991 X2=1012  Y= 975 Y2=1020 P1=1023 P2=  -1 T1=1022 T2= 908  P=  -1  D=  -1 
 X= 991 X2=1016  Y= 981 Y2=1023 P1=1023 P2=  -1 T1=1021 T2= 919  P=  -1  D=  -1 
 X= 947 X2=1023  Y= 978 Y2=1020 P1=1023 P2=  -1 T1=1023 T2= 921  P=  -1  D=  -1 
 X= 955 X2= 991  Y= 986 Y2=1023 P1=1023 P2=  -1 T1=1023 T2= 927  P=  -1  D=  -1 
 X= 836 X2=1023  Y= 979 Y2=1023 P1=1023 P2=  -1 T1=1023 T2= 922  P=  -1  D=  -1 
 X= 872 X2=1023  Y= 980 Y2=1023 P1=1023 P2=  -1 T1=1023 T2= 922  P=  -1  D=  -1 
 X= 908 X2=1023  Y= 977 Y2=1023 P1=1023 P2=  -1 T1=1020 T2= 920  P=  -1  D=  -1 
 X= 824 X2=1023  Y= 983 Y2=1020 P1=1023 P2=  -1 T1=1022 T2= 925  P=  -1  D=  -1 
 X= 879 X2=1023  Y= 993 Y2=1023 P1=1023 P2=  -1 T1=1023 T2= 941  P=  -1  D=  -1 
 X=1023 X2=1016  Y= 983 Y2=1023 P1=1023 P2=  -1 T1=1023 T2= 917  P=  -1  D=  -1 
 X=1002 X2= 994  Y= 981 Y2=1021 P1=1023 P2=  -1 T1=1023 T2= 919  P=  -1  D=  -1 
 X= 937 X2=1023  Y= 973 Y2=1021 P1=1023 P2=  -1 T1=1021 T2= 916  P=  -1  D=  -1 
 X= 952 X2=1023  Y= 992 Y2=1021 P1=1023 P2=  -1 T1=1023 T2= 941  P=  -1  D=  -1 
 X= 999 X2=1023  Y= 984 Y2=1023 P1=1023 P2=  -1 T1=1023 T2= 961  P=  -1  D=  -1 
 X= 977 X2= 994  Y= 984 Y2=1023 P1=1023 P2=  -1 T1=1021 T2= 917  P=  -1  D=  -1 
 X= 949 X2=1005  Y= 983 Y2=1020 P1=1023 P2=  -1 T1=1023 T2= 933  P=  -1  D=  -1 
 X= 884 X2=1019  Y= 981 Y2=1023 P1=1023 P2=  -1 T1=1023 T2= 911  P=  -1  D=  -1 
 X= 926 X2=1023  Y= 975 Y2=1021 P1=1023 P2=  -1 T1=1023 T2= 921  P=  -1  D=  -1 
 X=1023 X2=1003  Y= 387 Y2= 332 P1= 738 P2= 174 T1=1021 T2=  24  P=  -1  D=  -1 
 X= 239 X2= 236  Y= 329 Y2= 322 P1= 689 P2= 195 T1=  22 T2=  22  P= 600  D=  -1 * 0
 X= 235 X2= 236  Y= 329 Y2= 322 P1= 688 P2= 196 T1=  22 T2=  22  P= 589  D=  -1 * 0
 X= 239 X2= 236  Y= 329 Y2= 322 P1= 689 P2= 195 T1=  23 T2=  22  P= 600  D=  -1 * 1
 X= 239 X2= 236  Y= 330 Y2= 322 P1= 686 P2= 197 T1=  22 T2=  22  P= 588  D=  -1 * 2
 X= 239 X2= 235  Y= 329 Y2= 322 P1= 685 P2= 197 T1=  23 T2=  23  P= 587  D=  -1 * 3
 X= 239 X2= 236  Y= 329 Y2= 321 P1= 685 P2= 197 T1=  23 T2=  22  P= 587  D=  -1 * 4
 X= 239 X2= 236  Y= 329 Y2= 322 P1= 684 P2= 198 T1=  22 T2=  22  P= 581  D=  -1 * 5
 X= 238 X2= 237  Y= 329 Y2= 322 P1= 684 P2= 198 T1=  22 T2=  22  P= 581  D=  -1 * 6
 X= 238 X2= 236  Y= 329 Y2= 322 P1= 685 P2= 198 T1=  22 T2=  22  P= 582  D=  -1 * 7
 X= 239 X2= 236  Y= 329 Y2= 322 P1= 684 P2= 198 T1=  22 T2=  22  P= 581  D=  -1 * 8
 X= 238 X2= 235  Y= 329 Y2= 322 P1= 683 P2= 198 T1=  22 T2=  22  P= 577  D=  -1 * 9
 X= 239 X2= 235  Y= 329 Y2= 322 P1= 683 P2= 199 T1=  22 T2=  22  P= 576  D=  -1 * 10
 X= 239 X2= 235  Y= 329 Y2= 322 P1= 683 P2= 199 T1=  22 T2=  21  P= 576  D=  -1 * 11
 X= 238 X2= 236  Y= 329 Y2= 322 P1= 684 P2= 198 T1=  22 T2=  22  P= 581  D=  -1 * 12
 X= 238 X2= 236  Y= 329 Y2= 322 P1= 685 P2= 198 T1=  21 T2=  22  P= 582  D=  -1 * 13
 X= 238 X2= 235  Y= 329 Y2= 322 P1= 682 P2= 199 T1=  22 T2=  21  P= 572  D=  -1 * 14
 X= 238 X2= 236  Y= 329 Y2= 322 P1= 683 P2= 199 T1=  22 T2=  22  P= 576  D=  -1 * 15
 X= 239 X2= 236  Y= 330 Y2= 322 P1= 684 P2= 198 T1=  22 T2=  22  P= 581  D=  -1 * 16
 X= 238 X2= 236  Y= 329 Y2= 322 P1= 683 P2= 199 T1=  21 T2=  22  P= 576  D=  -1 * 17
 X= 238 X2= 236  Y= 329 Y2= 322 P1= 683 P2= 198 T1=  22 T2=  22  P= 580  D=  -1 * 18
 X= 237 X2= 235  Y= 330 Y2= 322 P1= 684 P2= 199 T1=  22 T2=  22  P= 575  D=  -1 * 19
 X= 238 X2= 236  Y= 329 Y2= 323 P1= 683 P2= 199 T1=  22 T2=  21  P= 576  D=  -1 * 20
 X= 237 X2= 236  Y= 329 Y2= 322 P1= 683 P2= 198 T1=  22 T2=  21  P= 577  D=  -1 * 21
 X= 235 X2= 235  Y= 329 Y2= 322 P1= 683 P2= 199 T1=  22 T2=  22  P= 571  D=  -1 * 22
 X= 241 X2= 236  Y= 329 Y2= 321 P1= 683 P2= 199 T1=  22 T2=  22  P= 578  D=  -1 * 23
 X= 238 X2= 236  Y= 329 Y2= 322 P1= 684 P2= 198 T1=  22 T2=  22  P= 581  D=  -1 * 24
Remove Pin
 X= 238 X2= 236  Y= 329 Y2= 322 P1= 683 P2= 199 T1=  22 T2=  22  P= 576  D=  -1 * 24
 X= 238 X2= 235  Y= 329 Y2= 322 P1= 681 P2= 198 T1=  22 T2=  21  P= 575  D=  -1 * 24
 X= 238 X2= 236  Y= 329 Y2= 322 P1= 683 P2= 198 T1=  22 T2=  22  P= 580  D=  -1 * 24
 X= 238 X2= 236  Y= 329 Y2= 322 P1= 684 P2= 199 T1=  22 T2=  22  P= 577  D=  -1 * 24
 X= 239 X2= 236  Y= 329 Y2= 322 P1= 683 P2= 198 T1=  23 T2=  23  P= 580  D=  -1 * 24
 X= 238 X2= 236  Y= 330 Y2= 322 P1= 683 P2= 199 T1=  22 T2=  22  P= 576  D=  -1 * 24
 X= 238 X2= 236  Y= 329 Y2= 322 P1= 683 P2= 198 T1=  22 T2=  22  P= 580  D=  -1 * 24
 X= 238 X2= 236  Y= 329 Y2= 322 P1= 683 P2= 198 T1=  22 T2=  20  P= 580  D=  -1 * 24
 X= 238 X2= 236  Y= 329 Y2= 322 P1= 684 P2= 198 T1=  23 T2=  22  P= 581  D=  -1 * 24
 X= 238 X2= 236  Y= 329 Y2= 321 P1= 684 P2= 198 T1=  21 T2=  20  P= 581  D=  -1 * 24
 X= 238 X2= 236  Y= 330 Y2= 322 P1= 684 P2= 198 T1=  21 T2=  22  P= 581  D=  -1 * 24
 X= 237 X2= 235  Y= 329 Y2= 322 P1= 683 P2= 199 T1=  22 T2=  21  P= 573  D=  -1 * 24
 X= 238 X2= 236  Y= 330 Y2= 322 P1= 683 P2= 198 T1=  22 T2=  22  P= 580  D=  -1 * 24
 X= 239 X2= 235  Y= 330 Y2= 322 P1= 683 P2= 199 T1=  22 T2=  22  P= 576  D=  -1 * 24
 X= 239 X2= 235  Y= 329 Y2= 322 P1= 684 P2= 199 T1=  21 T2=  22  P= 577  D=  -1 * 24
 X= 238 X2= 235  Y= 329 Y2= 322 P1= 683 P2= 199 T1=  21 T2=  22  P= 573  D=  -1 * 24
 X= 238 X2= 235  Y= 329 Y2= 322 P1= 683 P2= 199 T1=  21 T2=  22  P= 573  D=  -1 * 24
 X= 238 X2= 236  Y= 329 Y2= 322 P1= 683 P2= 199 T1=  22 T2=  22  P= 576  D=  -1 * 24
 X= 239 X2= 235  Y= 329 Y2= 322 P1= 681 P2= 200 T1=  22 T2=  24  P= 569  D=  -1 * 24
 X= 238 X2= 237  Y= 329 Y2= 322 P1= 680 P2= 200 T1=  21 T2=  21  P= 568  D=  -1 * 24
 X= 237 X2= 235  Y= 329 Y2= 322 P1= 679 P2= 201 T1=  22 T2=  23  P= 561  D=  -1 * 24
 X= 238 X2= 234  Y= 328 Y2= 321 P1= 679 P2= 200 T1=  21 T2=  21  P= 565  D=  -1 * 24
 X= 236 X2= 233  Y= 329 Y2= 322 P1= 686 P2= 195 T1=  21 T2=  22  P= 588  D=  -1 * 24
 X= 236 X2= 233  Y= 330 Y2= 323 P1= 689 P2= 193 T1=  23 T2=  23  P= 601  D=  -1 * 24
 X= 881 X2=1019  Y= 983 Y2=1021 P1=1023 P2=   0 T1=1022 T2= 917  P= 601  D=  -1 
 X= 869 X2=1023  Y= 975 Y2=1020 P1=1023 P2=   0 T1=1023 T2= 921  P= 601  D=  -1 
 X= 956 X2= 998  Y= 977 Y2=1020 P1=1023 P2=   0 T1=1023 T2= 921  P= 601  D=  -1 
target state=1 point=456,22
 X= 909 X2=1022  Y= 988 Y2=1021 P1=1023 P2=   0 T1=1021 T2= 917  P= 601  D=  -1 
 X= 983 X2=1005  Y= 978 Y2=1023 P1=1023 P2=   0 T1=1023 T2= 917  P= 601  D=  -1 
 X= 939 X2=1023  Y= 992 Y2=1023 P1=1023 P2=   0 T1=1021 T2= 917  P= 601  D=  -1 
 X= 943 X2=1022  Y= 981 Y2=1023 P1=1023 P2=   0 T1=1023 T2= 913  P= 601  D=  -1 
 X= 816 X2=1023  Y= 981 Y2=1023 P1=1023 P2=   0 T1=1022 T2= 942  P= 601  D=  -1 
 X= 946 X2=1023  Y= 986 Y2=1023 P1=1023 P2=   0 T1=1022 T2= 927  P= 601  D=  -1 
 X= 932 X2=1023  Y= 986 Y2=1020 P1=1023 P2=   0 T1=1022 T2= 942  P= 601  D=  -1 
 X= 977 X2=1009  Y= 985 Y2=1023 P1=1023 P2=   0 T1=1020 T2= 927  P= 601  D=  -1 
 X= 908 X2=1017  Y= 982 Y2=1020 P1=1023 P2=   0 T1=1021 T2= 923  P= 601  D=  -1 
 X= 959 X2= 996  Y= 984 Y2=1023 P1=1022 P2=   0 T1=1023 T2= 920  P= 601  D=  -1 
 X=1023 X2= 990  Y= 980 Y2=1023 P1=1023 P2=   0 T1=1023 T2= 904  P= 601  D=  -1 
 X= 929 X2=1023  Y= 989 Y2=1022 P1=1023 P2=   0 T1=1021 T2= 926  P= 601  D=  -1 
 X= 958 X2= 994  Y= 981 Y2=1023 P1=1023 P2=   0 T1=1021 T2= 916  P= 601  D=  -1 
 X= 954 X2=1022  Y= 968 Y2=1020 P1=1023 P2=   0 T1=1023 T2= 925  P= 601  D=  -1 
 X= 941 X2=1019  Y= 975 Y2=1020 P1=1023 P2=   0 T1=1020 T2=  53  P= 601  D=  -1 
 X= 238 X2= 234  Y= 331 Y2= 325 P1= 703 P2= 185 T1=  24 T2=  24  P= 660  D=  -1 * 0
 X= 234 X2= 234  Y= 330 Y2= 324 P1= 695 P2= 190 T1=  23 T2=  23  P= 621  D=  -1 * 0
 X= 237 X2= 234  Y= 331 Y2= 324 P1= 693 P2= 191 T1=  23 T2=  23  P= 617  D=  -1 * 0
 X= 237 X2= 234  Y= 330 Y2= 323 P1= 692 P2= 192 T1=  22 T2=  22  P= 611  D=  -1 * 0
 X= 235 X2= 234  Y= 331 Y2= 323 P1= 691 P2= 192 T1=  23 T2=  23  P= 607  D=  -1 * 1
 X= 238 X2= 234  Y= 330 Y2= 323 P1= 691 P2= 193 T1=  23 T2=  23  P= 608  D=  -1 * 1
 X= 236 X2= 234  Y= 330 Y2= 323 P1= 691 P2= 193 T1=  22 T2=  23  P= 606  D=  -1 * 1
 X= 236 X2= 233  Y= 330 Y2= 323 P1= 690 P2= 192 T1=  22 T2=  23  P= 606  D=  -1 * 1
 X= 235 X2= 234  Y= 330 Y2= 323 P1= 689 P2= 193 T1=  23 T2=  23  P= 601  D=  -1 * 1
 X= 236 X2= 234  Y= 329 Y2= 323 P1= 688 P2= 193 T1=  22 T2=  22  P= 602  D=  -1 * 1
 X= 237 X2= 234  Y= 330 Y2= 323 P1= 689 P2= 193 T1=  22 T2=  23  P= 603  D=  -1 * 1
 X= 237 X2= 234  Y= 330 Y2= 323 P1= 689 P2= 193 T1=  22 T2=  22  P= 603  D=  -1 * 1
 X= 236 X2= 234  Y= 330 Y2= 322 P1= 689 P2= 193 T1=  23 T2=  21  P= 603  D=  -1 * 1
 X= 236 X2= 233  Y= 330 Y2= 322 P1= 689 P2= 194 T1=  22 T2=  22  P= 596  D=  -1 * 1
 X= 236 X2= 234  Y= 330 Y2= 323 P1= 688 P2= 193 T1=  23 T2=  23  P= 602  D=  -1 * 1
 X= 237 X2= 234  Y= 330 Y2= 323 P1= 689 P2= 193 T1=  21 T2=  23  P= 603  D=  -1 * 1
 X= 237 X2= 233  Y= 330 Y2= 323 P1= 689 P2= 194 T1=  26 T2=  22  P= 599  D=  -1 * 1
 X= 236 X2= 234  Y= 330 Y2= 323 P1= 689 P2= 194 T1=  22 T2=  22  P= 599  D=  -1 * 1
 X= 237 X2= 234  Y= 330 Y2= 323 P1= 689 P2= 194 T1=  23 T2=  21  P= 599  D=  -1 * 1
 X= 236 X2= 234  Y= 330 Y2= 321 P1= 689 P2= 194 T1=  23 T2=  22  P= 599  D=  -1 * 1
 X= 237 X2= 233  Y= 330 Y2= 323 P1= 688 P2= 194 T1=  22 T2=  22  P= 598  D=  -1 * 1
 X= 236 X2= 234  Y= 330 Y2= 323 P1= 688 P2= 194 T1=  23 T2=  22  P= 598  D=  -1 * 1
 X= 237 X2= 234  Y= 330 Y2= 322 P1= 689 P2= 194 T1=  23 T2=  22  P= 599  D=  -1 * 1
 X= 237 X2= 234  Y= 330 Y2= 323 P1= 688 P2= 193 T1=  21 T2=  22  P= 602  D=  -1 * 1
 X= 236 X2= 235  Y= 330 Y2= 323 P1= 689 P2= 194 T1=  21 T2=  23  P= 599  D=  -1 * 1
 X= 237 X2= 233  Y= 330 Y2= 322 P1= 688 P2= 194 T1=  22 T2=  22  P= 598  D=  -1 * 1
 X= 236 X2= 234  Y= 330 Y2= 323 P1= 688 P2= 194 T1=  23 T2=  23  P= 598  D=  -1 * 1
 X= 236 X2= 234  Y= 330 Y2= 324 P1= 688 P2= 194 T1=  23 T2=  22  P= 598  D=  -1 * 1
 X= 236 X2= 234  Y= 330 Y2= 323 P1= 688 P2= 194 T1=  23 T2=  23  P= 598  D=  -1 * 1
 X= 236 X2= 234  Y= 330 Y2= 323 P1= 688 P2= 194 T1=  22 T2=  22  P= 598  D=  -1 * 1
 X= 239 X2= 234  Y= 330 Y2= 323 P1= 688 P2= 194 T1=  22 T2=  22  P= 600  D=  -1 * 1
 X= 236 X2= 234  Y= 330 Y2= 323 P1= 688 P2= 193 T1=  23 T2=  22  P= 602  D=  -1 * 1
 X= 237 X2= 234  Y= 330 Y2= 323 P1= 688 P2= 194 T1=  22 T2=  23  P= 598  D=  -1 * 1
 X= 237 X2= 235  Y= 330 Y2= 323 P1= 688 P2= 194 T1=  22 T2=  22  P= 600  D=  -1 * 1
 X= 236 X2= 233  Y= 330 Y2= 323 P1= 688 P2= 194 T1=  22 T2=  22  P= 595  D=  -1 * 1
 X= 236 X2= 236  Y= 330 Y2= 323 P1= 688 P2= 193 T1=  21 T2=  23  P= 605  D=  -1 * 1
 X= 237 X2= 234  Y= 330 Y2= 323 P1= 689 P2= 194 T1=  23 T2=  23  P= 599  D=  -1 * 1
 X= 237 X2= 234  Y= 330 Y2= 323 P1= 688 P2= 194 T1=  23 T2=  23  P= 598  D=  -1 * 1
 X= 237 X2= 234  Y= 331 Y2= 323 P1= 688 P2= 194 T1=  21 T2=  22  P= 598  D=  -1 * 1
 X= 237 X2= 234  Y= 330 Y2= 324 P1= 687 P2= 194 T1=  22 T2=  22  P= 597  D=  -1 * 1
 X= 237 X2= 234  Y= 330 Y2= 323 P1= 688 P2= 194 T1=  23 T2=  22  P= 598  D=  -1 * 1
 X= 236 X2= 235  Y= 331 Y2= 323 P1= 688 P2= 194 T1=  21 T2=  23  P= 598  D=  -1 * 1
 X= 237 X2= 234  Y= 330 Y2= 323 P1= 688 P2= 193 T1=  22 T2=  22  P= 602  D=  -1 * 1
 X= 237 X2= 234  Y= 330 Y2= 323 P1= 688 P2= 194 T1=  22 T2=  22  P= 598  D=  -1 * 1
 X= 236 X2= 234  Y= 330 Y2= 323 P1= 688 P2= 194 T1=  22 T2=  23  P= 598  D=  -1 * 1
 X= 236 X2= 235  Y= 331 Y2= 323 P1= 688 P2= 194 T1=  23 T2=  22  P= 598  D=  -1 * 1
 X= 236 X2= 235  Y= 329 Y2= 323 P1= 688 P2= 194 T1=  22 T2=  23  P= 598  D=  -1 * 1
 X= 237 X2= 234  Y= 330 Y2= 323 P1= 688 P2= 194 T1=  23 T2=  22  P= 598  D=  -1 * 1
 X= 236 X2= 233  Y= 330 Y2= 324 P1= 688 P2= 194 T1=  23 T2=  22  P= 595  D=  -1 * 1
 X= 236 X2= 234  Y= 330 Y2= 323 P1= 688 P2= 194 T1=  22 T2=  23  P= 598  D=  -1 * 1
 X= 236 X2= 234  Y= 329 Y2= 323 P1= 688 P2= 194 T1=  22 T2=  22  P= 598  D=  -1 * 1
 X= 237 X2= 235  Y= 330 Y2= 322 P1= 687 P2= 194 T1=  22 T2=  22  P= 599  D=  -1 * 1
 X= 236 X2= 234  Y= 330 Y2= 323 P1= 688 P2= 194 T1=  22 T2=  22  P= 598  D=  -1 * 1
 X= 236 X2= 233  Y= 330 Y2= 323 P1= 688 P2= 194 T1=  22 T2=  22  P= 595  D=  -1 * 1
 X= 237 X2= 233  Y= 330 Y2= 322 P1= 688 P2= 194 T1=  22 T2=  22  P= 598  D=  -1 * 1
 X= 236 X2= 234  Y= 330 Y2= 323 P1= 687 P2= 194 T1=  22 T2=  23  P= 597  D=  -1 * 1
 X= 236 X2= 234  Y= 329 Y2= 323 P1= 687 P2= 194 T1=  22 T2=  22  P= 597  D=  -1 * 1
 X= 237 X2= 234  Y= 330 Y2= 323 P1= 687 P2= 194 T1=  23 T2=  23  P= 597  D=  -1 * 1
 X= 237 X2= 233  Y= 330 Y2= 322 P1= 687 P2= 195 T1=  22 T2=  22  P= 592  D=  -1 * 1
 X= 236 X2= 233  Y= 329 Y2= 320 P1= 678 P2= 198 T1=  21 T2=  24  P= 567  D=  -1 * 1
 X= 927 X2= 994  Y= 973 Y2=1023 P1=1023 P2=   0 T1=1021 T2= 906  P= 567  D=  -1 
target state=1 point=456,22
 X= 907 X2=1023  Y= 991 Y2=1021 P1=1023 P2=   0 T1=1023 T2= 916  P= 567  D=  -1 
 X= 961 X2=1023  Y= 986 Y2=1022 P1=1023 P2=   0 T1=1023 T2= 927  P= 567  D=  -1 
 X= 791 X2=1023  Y= 977 Y2=1023 P1=1023 P2=   0 T1=1022 T2= 917  P= 567  D=  -1 
 X=1004 X2=1007  Y= 986 Y2=1023 P1=1023 P2=   0 T1=1023 T2= 922  P= 567  D=  -1 
 X= 990 X2=1005  Y= 985 Y2=1023 P1=1023 P2=   0 T1=1022 T2= 907  P= 567  D=  -1 
 X= 873 X2=1023  Y= 973 Y2=1023 P1=1023 P2=   0 T1=1023 T2= 920  P= 567  D=  -1 
 X= 997 X2=1009  Y= 974 Y2=1023 P1=1023 P2=   0 T1=1023 T2= 922  P= 567  D=  -1 
 X= 844 X2=1021  Y= 974 Y2=1022 P1=1023 P2=   0 T1=1023 T2= 908  P= 567  D=  -1 
 X= 927 X2=1023  Y= 989 Y2=1023 P1=1023 P2=   0 T1=1021 T2= 927  P= 567  D=  -1 
 X= 935 X2=1023  Y= 979 Y2=1021 P1=1023 P2=   0 T1=1023 T2= 918  P= 567  D=  -1 
 X= 894 X2=1022  Y= 985 Y2=1021 P1=1023 P2=   0 T1=1023 T2= 895  P= 567  D=  -1 
 X= 877 X2=1023  Y= 982 Y2=1021 P1=1023 P2=   0 T1=1023 T2= 931  P= 567  D=  -1 
 X= 945 X2= 995  Y= 984 Y2=1023 P1=1023 P2=   0 T1=1021 T2= 927  P= 567  D=  -1 
 X= 886 X2=1018  Y= 983 Y2=1023 P1=1023 P2=   0 T1=1021 T2= 922  P= 567  D=  -1 
 X= 922 X2=1019  Y= 977 Y2=1023 P1=1023 P2=   0 T1=1023 T2= 913  P= 567  D=  -1 
 X= 951 X2=1023  Y= 990 Y2=1023 P1=1023 P2=   0 T1=1023 T2= 930  P= 567  D=  -1 
 X= 948 X2=1023  Y= 988 Y2=1023 P1=1023 P2=   0 T1=1022 T2= 910  P= 567  D=  -1 
 X= 958 X2=1000  Y= 983 Y2=1021 P1=1023 P2=   0 T1=1021 T2= 944  P= 567  D=  -1 
 X= 921 X2=1023  Y= 980 Y2=1022 P1=1023 P2=   0 T1=1023 T2= 925  P= 567  D=  -1 
 X= 990 X2=1017  Y= 987 Y2=1020 P1=1023 P2=   0 T1=1022 T2= 920  P= 567  D=  -1 
 X= 858 X2=1023  Y= 980 Y2=1023 P1=1023 P2=   0 T1=1022 T2= 920  P= 567  D=  -1 
 X= 951 X2=1019  Y= 983 Y2=1023 P1=1023 P2=   0 T1=1021 T2= 926  P= 567  D=  -1 
 X= 953 X2=1023  Y= 970 Y2=1023 P1=1023 P2=   0 T1=1023 T2= 930  P= 567  D=  -1 
 X= 989 X2=1013  Y= 984 Y2=1023 P1=1023 P2=   0 T1=1021 T2= 937  P= 567  D=  -1 
 X= 905 X2=1023  Y= 988 Y2=1020 P1=1023 P2=   0 T1=1022 T2= 908  P= 567  D=  -1 
 X= 950 X2=1023  Y= 991 Y2=1023 P1=1023 P2=   0 T1=1021 T2= 940  P= 567  D=  -1 
 X= 957 X2=1023  Y= 988 Y2=1022 P1=1023 P2=   0 T1=1023 T2= 918  P= 567  D=  -1 
 X= 939 X2=1022  Y= 986 Y2=1023 P1=1023 P2=   0 T1=1021 T2= 925  P= 567  D=  -1 
 X= 996 X2=1007  Y= 983 Y2=1022 P1=1023 P2=   0 T1=1023 T2= 914  P= 567  D=  -1 
 X= 987 X2=1012  Y= 981 Y2=1023 P1=1023 P2=   0 T1=1023 T2= 921  P= 567  D=  -1 
 X= 885 X2=1020  Y= 982 Y2=1021 P1=1023 P2=   0 T1=1023 T2= 910  P= 567  D=  -1 
 X= 974 X2=1005  Y= 986 Y2=1023 P1=1023 P2=   0 T1=1023 T2= 927  P= 567  D=  -1 
 X=1023 X2=1016  Y= 974 Y2=1021 P1=1023 P2=   0 T1=1021 T2= 909  P= 567  D=  -1 
 X= 922 X2=1023  Y= 983 Y2=1023 P1=1023 P2=   0 T1=1022 T2= 928  P= 567  D=  -1 
 X= 959 X2= 997  Y= 985 Y2=1020 P1=1023 P2=   0 T1=1021 T2= 913  P= 567  D=  -1 
 X= 867 X2=1019  Y= 984 Y2=1023 P1=1023 P2=   0 T1=1023 T2= 912  P= 567  D=  -1 
 X= 964 X2=1023  Y= 985 Y2=1021 P1=1023 P2=   0 T1=1021 T2= 926  P= 567  D=  -1 
 X= 850 X2=1022  Y= 982 Y2=1023 P1=1023 P2=   0 T1=1023 T2= 910  P= 567  D=  -1 
 X= 991 X2=1013  Y= 981 Y2=1021 P1=1023 P2=   0 T1=1022 T2= 914  P= 567  D=  -1 
 X= 866 X2=1019  Y= 986 Y2=1023 P1=1023 P2=   0 T1=1021 T2= 921  P= 567  D=  -1 
 X= 951 X2=1021  Y= 991 Y2=1022 P1=1023 P2=   0 T1=1022 T2= 926  P= 567  D=  -1 
 X=1011 X2= 997  Y= 974 Y2=1021 P1=1023 P2=   0 T1=1023 T2= 918  P= 567  D=  -1 
 X= 954 X2=1010  Y= 998 Y2=1021 P1=1023 P2=   0 T1=1023 T2= 950  P= 567  D=  -1 
 X= 933 X2=1023  Y= 985 Y2=1023 P1=1023 P2=   0 T1=1022 T2= 907  P= 567  D=  -1 
 X= 959 X2=1021  Y= 985 Y2=1023 P1=1023 P2=   0 T1=1023 T2= 910  P= 567  D=  -1 
 X= 961 X2=1023  Y= 987 Y2=1021 P1=1023 P2=   0 T1=1023 T2= 933  P= 567  D=  -1 
 X= 835 X2=1023  Y= 969 Y2=1020 P1=1023 P2=   0 T1=1023 T2= 936  P= 567  D=  -1 
 X=1004 X2= 996  Y= 984 Y2=1023 P1=1023 P2=   0 T1=1023 T2= 914  P= 567  D=  -1 
 X= 970 X2=1023  Y= 976 Y2=1021 P1=1023 P2=   0 T1=1023 T2= 919  P= 567  D=  -1 
 X= 944 X2=1023  Y= 989 Y2=1023 P1=1023 P2=   0 T1=1022 T2= 926  P= 567  D=  -1 
 X= 952 X2=1021  Y= 977 Y2=1020 P1=1023 P2=   0 T1=1023 T2= 911  P= 567  D=  -1 
 X=1023 X2=1007  Y= 979 Y2=1021 P1=1023 P2=   0 T1=1023 T2= 931  P= 567  D=  -1 
 X= 915 X2=1023  Y= 981 Y2=1023 P1=1023 P2=   0 T1=1021 T2= 928  P= 567  D=  -1 
 X= 892 X2=1023  Y= 981 Y2=1023 P1=1023 P2=   0 T1=1023 T2= 910  P= 567  D=  -1 
 X= 883 X2=1017  Y= 977 Y2=1021 P1=1023 P2=   0 T1=1021 T2= 914  P= 567  D=  -1 
 X= 855 X2=1023  Y= 991 Y2=1021 P1=1023 P2=   0 T1=1021 T2= 904  P= 567  D=  -1 
 X=1022 X2=1016  Y= 989 Y2=1023 P1=1023 P2=   0 T1=1023 T2= 910  P= 567  D=  -1 
 X= 996 X2=1010  Y= 987 Y2=1023 P1=1023 P2=   0 T1=1023 T2= 928  P= 567  D=  -1 
 X= 870 X2=1021  Y= 982 Y2=1021 P1=1023 P2=   0 T1=1021 T2= 937  P= 567  D=  -1 
 X= 976 X2=1021  Y= 983 Y2=1023 P1=1023 P2=   0 T1=1022 T2= 915  P= 567  D=  -1 
 X=1023 X2=1016  Y= 984 Y2=1023 P1=1023 P2=   0 T1=1020 T2= 932  P= 567  D=  -1 
 X= 801 X2=1023  Y= 986 Y2=1023 P1=1023 P2=   0 T1=1021 T2= 910  P= 567  D=  -1 
 X= 969 X2=1021  Y= 977 Y2=1021 P1=1023 P2=   0 T1=1023 T2= 930  P= 567  D=  -1 
 X= 986 X2=1016  Y= 981 Y2=1020 P1=1023 P2=   0 T1=1023 T2= 921  P= 567  D=  -1 
 X= 870 X2=1016  Y= 979 Y2=1023 P1=1023 P2=   0 T1=1023 T2= 915  P= 567  D=  -1 
 X= 960 X2=1021  Y= 978 Y2=1022 P1=1023 P2=   0 T1=1023 T2= 936  P= 567  D=  -1 
 X= 976 X2=1016  Y= 970 Y2=1023 P1=1023 P2=   0 T1=1022 T2= 924  P= 567  D=  -1 
 X= 899 X2=1021  Y= 984 Y2=1023 P1=1023 P2=   0 T1=1023 T2= 938  P= 567  D=  -1 
 X= 939 X2=1020  Y= 984 Y2=1023 P1=1023 P2=   0 T1=1023 T2= 924  P= 567  D=  -1 
 X=1021 X2= 999  Y= 985 Y2=1021 P1=1023 P2=   0 T1=1023 T2= 921  P= 567  D=  -1 
 X= 825 X2=1023  Y= 988 Y2=1021 P1=1023 P2=   0 T1=1023 T2= 924  P= 567  D=  -1 
 X= 874 X2=1023  Y= 992 Y2=1021 P1=1023 P2=   0 T1=1023 T2= 917  P= 567  D=  -1 
 X=1003 X2=1005  Y= 982 Y2=1022 P1=1023 P2=   0 T1=1023 T2= 914  P= 567  D=  -1 
 X= 867 X2=1015  Y= 990 Y2=1021 P1=1023 P2=   0 T1=1019 T2= 925  P= 567  D=  -1 
 X= 963 X2=1023  Y=1019 Y2=1023 P1=1023 P2=   0 T1=1023 T2=1020  P= 567  D=  -1 
 X= 792 X2=1023  Y= 979 Y2=1023 P1=1023 P2=   0 T1=1021 T2= 937  P= 567  D=  -1 
 X= 870 X2=1023  Y= 983 Y2=1023 P1=1023 P2=   0 T1=1023 T2= 923  P= 567  D=  -1 
 X= 966 X2=1023  Y= 989 Y2=1022 P1=1023 P2=   0 T1=1022 T2= 926  P= 567  D=  -1 
 X= 965 X2=1022  Y= 981 Y2=1021 P1=1023 P2=   0 T1=1023 T2= 910  P= 567  D=  -1 
 X= 959 X2=1023  Y= 984 Y2=1020 P1=1023 P2=   0 T1=1023 T2= 942  P= 567  D=  -1 
 X= 833 X2=1023  Y= 994 Y2=1023 P1=1023 P2=   0 T1=1023 T2= 906  P= 567  D=  -1 
 X= 912 X2=1023  Y= 983 Y2=1022 P1=1023 P2=   0 T1=1022 T2= 907  P= 567  D=  -1 
 X=1000 X2= 994  Y= 976 Y2=1020 P1=1023 P2=   0 T1=1021 T2= 914  P= 567  D=  -1 
 X= 956 X2=1021  Y= 988 Y2=1021 P1=1023 P2=   0 T1=1021 T2= 931  P= 567  D=  -1 
 X= 944 X2=1022  Y= 983 Y2=1023 P1=1023 P2=   0 T1=1023 T2= 915  P= 567  D=  -1 
 X=1023 X2=1008  Y= 980 Y2=1023 P1=1023 P2=   0 T1=1023 T2= 935  P= 567  D=  -1 
 X=1012 X2= 999  Y= 988 Y2=1022 P1=1023 P2=   0 T1=1021 T2= 911  P= 567  D=  -1 
 X= 808 X2= 812  Y= 326 Y2= 333 P1= 797 P2= 492 T1=  14 T2=  13  P= 501  D=  -1 * 0
 X= 976 X2=1005  Y= 982 Y2=1021 P1=1023 P2=   0 T1=1023 T2= 927  P= 501  D=  -1 
 X= 812 X2= 811  Y= 326 Y2= 333 P1= 798 P2= 488 T1=  14 T2=  14  P= 514  D=  -1 * 0
 X= 811 X2= 811  Y= 329 Y2= 344 P1= 821 P2= 426 T1=  15 T2=  26  P= 514  D=  -1 * 0
 X= 812 X2= 810  Y= 326 Y2= 335 P1= 802 P2= 480 T1=  14 T2=  15  P= 543  D=  -1 * 0
 X= 812 X2= 811  Y= 327 Y2= 334 P1= 803 P2= 480 T1=  15 T2=  15  P= 544  D=  -1 * 1
 X= 812 X2= 809  Y= 327 Y2= 333 P1= 803 P2= 480 T1=  15 T2=  14  P= 544  D=  -1 * 2
 X= 813 X2= 811  Y= 326 Y2= 334 P1= 803 P2= 480 T1=  14 T2=  15  P= 545  D=  -1 * 3
 X= 812 X2= 811  Y= 327 Y2= 333 P1= 802 P2= 481 T1=  15 T2=  15  P= 540  D=  -1 * 4
 X= 811 X2= 811  Y= 327 Y2= 333 P1= 802 P2= 480 T1=  15 T2=  14  P= 543  D=  -1 * 5
 X= 812 X2= 810  Y= 326 Y2= 334 P1= 802 P2= 480 T1=  15 T2=  15  P= 543  D=  -1 * 6
 X= 811 X2= 811  Y= 326 Y2= 334 P1= 802 P2= 481 T1=  15 T2=  14  P= 540  D=  -1 * 7
 X= 812 X2= 811  Y= 327 Y2= 333 P1= 802 P2= 480 T1=  15 T2=  15  P= 543  D=  -1 * 8
 X= 812 X2= 811  Y= 327 Y2= 333 P1= 802 P2= 481 T1=  15 T2=  14  P= 540  D=  -1 * 9
 X= 812 X2= 811  Y= 326 Y2= 337 P1= 801 P2= 481 T1=  15 T2=  15  P= 539  D=  -1 * 10
 X= 812 X2= 811  Y= 327 Y2= 333 P1= 802 P2= 481 T1=  15 T2=  14  P= 540  D=  -1 * 11
 X= 812 X2= 809  Y= 326 Y2= 334 P1= 802 P2= 481 T1=  15 T2=  15  P= 540  D=  -1 * 12
 X= 812 X2= 811  Y= 326 Y2= 333 P1= 801 P2= 481 T1=  15 T2=  15  P= 539  D=  -1 * 13
 X= 812 X2= 811  Y= 327 Y2= 333 P1= 801 P2= 481 T1=  15 T2=  16  P= 539  D=  -1 * 14
 X= 813 X2= 809  Y= 327 Y2= 334 P1= 801 P2= 480 T1=  15 T2=  14  P= 541  D=  -1 * 15
 X= 812 X2= 811  Y= 327 Y2= 333 P1= 802 P2= 481 T1=  15 T2=  15  P= 540  D=  -1 * 16
 X= 812 X2= 811  Y= 327 Y2= 335 P1= 802 P2= 481 T1=  14 T2=  15  P= 540  D=  -1 * 17
 X= 812 X2= 811  Y= 326 Y2= 334 P1= 802 P2= 481 T1=  14 T2=  15  P= 540  D=  -1 * 18
 X= 812 X2= 810  Y= 327 Y2= 333 P1= 802 P2= 481 T1=  15 T2=  14  P= 540  D=  -1 * 19
 X= 812 X2= 811  Y= 327 Y2= 332 P1= 802 P2= 481 T1=  15 T2=  14  P= 540  D=  -1 * 20
 X= 812 X2= 811  Y= 327 Y2= 333 P1= 802 P2= 481 T1=  15 T2=  15  P= 540  D=  -1 * 21
 X= 813 X2= 811  Y= 327 Y2= 334 P1= 801 P2= 482 T1=  15 T2=  14  P= 536  D=  -1 * 22
 X= 812 X2= 816  Y= 326 Y2= 334 P1= 802 P2= 481 T1=  14 T2=  13  P= 542  D=  -1 * 23
 X= 813 X2= 810  Y= 326 Y2= 334 P1= 802 P2= 481 T1=  15 T2=  15  P= 540  D=  -1 * 24
Remove Pin
 X= 812 X2= 811  Y= 327 Y2= 334 P1= 802 P2= 481 T1=  15 T2=  15  P= 540  D=  -1 * 24
 X= 812 X2= 812  Y= 326 Y2= 333 P1= 802 P2= 481 T1=  15 T2=  14  P= 541  D=  -1 * 24
 X= 813 X2= 814  Y= 327 Y2= 333 P1= 801 P2= 481 T1=  15 T2=  13  P= 540  D=  -1 * 24
 X= 812 X2= 810  Y= 328 Y2= 333 P1= 801 P2= 481 T1=  14 T2=  15  P= 539  D=  -1 * 24
 X= 812 X2= 811  Y= 327 Y2= 334 P1= 802 P2= 481 T1=  14 T2=  15  P= 540  D=  -1 * 24
 X= 812 X2= 810  Y= 326 Y2= 334 P1= 801 P2= 481 T1=  13 T2=  15  P= 539  D=  -1 * 24
 X= 812 X2= 810  Y= 327 Y2= 333 P1= 800 P2= 481 T1=  16 T2=  15  P= 537  D=  -1 * 24
 X= 813 X2= 811  Y= 326 Y2= 334 P1= 801 P2= 482 T1=  15 T2=  15  P= 536  D=  -1 * 24
 X= 812 X2= 811  Y= 327 Y2= 333 P1= 802 P2= 481 T1=  14 T2=  14  P= 540  D=  -1 * 24
 X= 812 X2= 811  Y= 327 Y2= 333 P1= 802 P2= 481 T1=  14 T2=  15  P= 540  D=  -1 * 24
 X= 813 X2= 811  Y= 327 Y2= 333 P1= 800 P2= 481 T1=  12 T2=  15  P= 538  D=  -1 * 24
 X= 812 X2= 813  Y= 326 Y2= 334 P1= 806 P2= 481 T1=  14 T2=  15  P= 548  D=  -1 * 24
 X= 812 X2= 811  Y= 327 Y2= 333 P1= 801 P2= 481 T1=  14 T2=  14  P= 539  D=  -1 * 24
 X= 812 X2= 808  Y= 327 Y2= 334 P1= 801 P2= 482 T1=  15 T2=  15  P= 535  D=  -1 * 24
 X= 814 X2= 811  Y= 327 Y2= 334 P1= 801 P2= 482 T1=  15 T2=  14  P= 536  D=  -1 * 24
 X= 812 X2= 810  Y= 327 Y2= 334 P1= 802 P2= 481 T1=  15 T2=  15  P= 540  D=  -1 * 24
 X= 812 X2= 810  Y= 330 Y2= 334 P1= 801 P2= 482 T1=  14 T2=  14  P= 536  D=  -1 * 24
 X= 812 X2= 810  Y= 327 Y2= 334 P1= 802 P2= 481 T1=  16 T2=  15  P= 540  D=  -1 * 24
 X= 812 X2= 814  Y= 327 Y2= 334 P1= 801 P2= 481 T1=  15 T2=  15  P= 540  D=  -1 * 24
 X= 813 X2= 811  Y= 326 Y2= 333 P1= 800 P2= 486 T1=  15 T2=  15  P= 524  D=  -1 * 24
 X= 813 X2= 812  Y= 328 Y2= 337 P1= 809 P2= 467 T1=  16 T2=  18  P= 594  D=  -1 * 24
 X= 939 X2=1023  Y= 976 Y2=1022 P1=1023 P2=   0 T1=1022 T2= 901  P= 594  D=  -1 
 X= 953 X2=1021  Y= 978 Y2=1023 P1=1023 P2=   0 T1=1021 T2= 930  P= 594  D=  -1 
 X= 995 X2= 999  Y= 982 Y2=1022 P1=1023 P2=   0 T1=1023 T2= 936  P= 594  D=  -1 
target state=2 point=456,249
 X= 961 X2=1023  Y= 984 Y2=1023 P1=1023 P2=   0 T1=1021 T2= 919  P= 594  D=  -1 
 X= 968 X2=1023  Y= 988 Y2=1021 P1=1023 P2=   0 T1=1021 T2= 916  P= 594  D=  -1 
 X= 872 X2=1021  Y= 993 Y2=1020 P1=1023 P2=   0 T1=1023 T2= 929  P= 594  D=  -1 
 X= 876 X2=1023  Y= 983 Y2=1021 P1=1023 P2=   0 T1=1023 T2= 920  P= 594  D=  -1 
 X= 861 X2=1023  Y= 992 Y2=1021 P1=1023 P2=   0 T1=1023 T2= 917  P= 594  D=  -1 
 X=1004 X2=1005  Y= 979 Y2=1023 P1=1022 P2=   0 T1=1023 T2= 909  P= 594  D=  -1 
 X= 964 X2=1023  Y= 975 Y2=1022 P1=1023 P2=   0 T1=1023 T2= 927  P= 594  D=  -1 
 X= 941 X2=1023  Y= 994 Y2=1021 P1=1023 P2=   0 T1=1022 T2= 924  P= 594  D=  -1 
 X=1023 X2=1015  Y= 980 Y2=1022 P1=1023 P2=   0 T1=1022 T2= 917  P= 594  D=  -1 
 X= 860 X2=1023  Y= 981 Y2=1023 P1=1023 P2=   0 T1=1023 T2= 940  P= 594  D=  -1 
 X= 937 X2=1023  Y= 988 Y2=1023 P1=1023 P2=   0 T1=1023 T2= 932  P= 594  D=  -1 
 X= 909 X2=1023  Y= 977 Y2=1020 P1=1023 P2=   0 T1=1023 T2= 936  P= 594  D=  -1 
 X= 895 X2=1017  Y= 982 Y2=1023 P1=1023 P2=   0 T1=1022 T2= 931  P= 594  D=  -1 
 X= 916 X2=1023  Y= 986 Y2=1021 P1=1023 P2=   0 T1=1023 T2= 919  P= 594  D=  -1 
 X=1023 X2=1006  Y= 977 Y2=1021 P1=1023 P2=   0 T1=1023 T2= 928  P= 594  D=  -1 
 X= 991 X2=1011  Y= 974 Y2=1023 P1=1023 P2=   0 T1=1023 T2= 921  P= 594  D=  -1 
 X= 917 X2=1023  Y= 974 Y2=1023 P1=1023 P2=   0 T1=1023 T2= 912  P= 594  D=  -1 
 X= 958 X2= 993  Y= 986 Y2=1022 P1=1023 P2=   0 T1=1023 T2= 924  P= 594  D=  -1 
 X=1023 X2=1011  Y= 995 Y2=1023 P1=1023 P2=   0 T1=1021 T2= 908  P= 594  D=  -1 
 X= 858 X2=1023  Y= 980 Y2=1021 P1=1023 P2=   0 T1=1022 T2= 906  P= 594  D=  -1 
 X= 971 X2= 990  Y= 985 Y2=1023 P1=1023 P2=   0 T1=1023 T2= 926  P= 594  D=  -1 
 X= 873 X2=1018  Y= 993 Y2=1021 P1=1023 P2=   0 T1=1023 T2= 923  P= 594  D=  -1 
 X= 923 X2=1022  Y= 985 Y2=1023 P1=1023 P2=   0 T1=1023 T2= 928  P= 594  D=  -1 
 X= 957 X2=1004  Y= 984 Y2=1021 P1=1023 P2=   0 T1=1022 T2= 919  P= 594  D=  -1 
 X= 998 X2= 992  Y= 989 Y2=1021 P1=1023 P2=   0 T1=1023 T2= 914  P= 594  D=  -1 
 X= 990 X2=1007  Y= 985 Y2=1023 P1=1023 P2=   0 T1=1023 T2= 925  P= 594  D=  -1 
 X= 926 X2=1022  Y= 994 Y2=1023 P1=1023 P2=   0 T1=1021 T2= 920  P= 594  D=  -1 
 X=1022 X2=1020  Y= 986 Y2=1023 P1=1023 P2=   0 T1=1023 T2= 935  P= 594  D=  -1 
 X= 917 X2=1023  Y= 992 Y2=1020 P1=1023 P2=   0 T1=1023 T2= 925  P= 594  D=  -1 
 X= 904 X2=1023  Y= 983 Y2=1021 P1=1023 P2=   0 T1=1022 T2= 917  P= 594  D=  -1 
 X= 870 X2=1017  Y= 984 Y2=1023 P1=1023 P2=   0 T1=1020 T2= 932  P= 594  D=  -1 
 X= 939 X2=1023  Y= 989 Y2=1023 P1=1023 P2=   0 T1=1023 T2= 928  P= 594  D=  -1 
 X= 818 X2=1023  Y= 979 Y2=1021 P1=1023 P2=   0 T1=1023 T2= 924  P= 594  D=  -1 
 X=1023 X2=1007  Y= 972 Y2=1023 P1=1023 P2=   0 T1=1023 T2= 922  P= 594  D=  -1 
 X= 888 X2=1017  Y= 984 Y2=1023 P1=1023 P2=   0 T1=1020 T2= 906  P= 594  D=  -1 
 X=1010 X2=1023  Y=1021 Y2=1023 P1=1023 P2=   0 T1=1021 T2=1019  P= 594  D=  -1 
 X= 854 X2=1023  Y= 981 Y2=1021 P1=1023 P2=   0 T1=1022 T2= 933  P= 594  D=  -1 
 X= 843 X2=1023  Y= 988 Y2=1020 P1=1023 P2=   0 T1=1023 T2= 929  P= 594  D=  -1 
 X= 926 X2=1023  Y= 979 Y2=1021 P1=1023 P2=   0 T1=1022 T2= 915  P= 594  D=  -1 
 X= 929 X2=1023  Y= 977 Y2=1023 P1=1023 P2=   0 T1=1023 T2= 914  P= 594  D=  -1 
 X= 988 X2=1015  Y= 983 Y2=1023 P1=1023 P2=   0 T1=1019 T2= 919  P= 594  D=  -1 
 X= 847 X2=1023  Y= 982 Y2=1023 P1=1023 P2=   0 T1=1023 T2= 931  P= 594  D=  -1 
 X= 951 X2=1023  Y= 975 Y2=1021 P1=1023 P2=   0 T1=1023 T2= 920  P= 594  D=  -1 
 X=1019 X2= 996  Y= 981 Y2=1021 P1=1023 P2=   0 T1=1021 T2= 933  P= 594  D=  -1 
 X= 911 X2=1023  Y= 981 Y2=1023 P1=1023 P2=   0 T1=1023 T2= 914  P= 594  D=  -1 
 X= 807 X2= 811  Y= 709 Y2= 713 P1= 906 P2= 558 T1=  14 T2= 826  P= 594  D=  -1 * 0
 X= 962 X2=1023  Y= 983 Y2=1022 P1=1023 P2=   0 T1=1023 T2= 919  P= 594  D=  -1 
 X= 817 X2=1023  Y= 979 Y2=1020 P1=1023 P2=   0 T1=1022 T2= 917  P= 594  D=  -1 
 X= 933 X2=1023  Y= 988 Y2=1021 P1=1023 P2=   0 T1=1021 T2= 902  P= 594  D=  -1 
 X= 809 X2= 809  Y= 708 Y2= 712 P1= 906 P2= 560 T1=  14 T2=  14  P= 499  D=  -1 * 0
 X=1001 X2=1023  Y= 984 Y2=1021 P1=1023 P2=   0 T1=1022 T2= 942  P= 499  D=  -1 
 X= 810 X2= 810  Y= 707 Y2= 712 P1= 909 P2= 543 T1=  16 T2=  14  P= 545  D=  -1 * 0
 X= 809 X2= 813  Y= 707 Y2= 712 P1= 910 P2= 536 T1=  15 T2=  15  P= 565  D=  -1 * 0
 X= 810 X2= 810  Y= 707 Y2= 711 P1= 909 P2= 544 T1=  15 T2=  15  P= 542  D=  -1 * 1
 X= 810 X2= 810  Y= 707 Y2= 711 P1= 909 P2= 545 T1=  15 T2=  15  P= 540  D=  -1 * 2
 X= 809 X2= 810  Y= 707 Y2= 712 P1= 908 P2= 545 T1=  15 T2=  15  P= 538  D=  -1 * 3
 X= 809 X2= 809  Y= 707 Y2= 711 P1= 909 P2= 545 T1=  15 T2=  15  P= 539  D=  -1 * 4
 X= 808 X2= 810  Y= 707 Y2= 712 P1= 908 P2= 545 T1=  16 T2=  14  P= 538  D=  -1 * 5
 X= 809 X2= 806  Y= 707 Y2= 712 P1= 908 P2= 547 T1=  14 T2=  15  P= 531  D=  -1 * 6
 X= 808 X2= 810  Y= 707 Y2= 711 P1= 908 P2= 547 T1=  15 T2=  15  P= 533  D=  -1 * 7
 X= 809 X2= 811  Y= 707 Y2= 711 P1= 908 P2= 548 T1=  15 T2=  15  P= 531  D=  -1 * 8
 X= 810 X2= 811  Y= 708 Y2= 711 P1= 908 P2= 548 T1=  15 T2=  15  P= 531  D=  -1 * 9
 X= 809 X2= 810  Y= 708 Y2= 711 P1= 908 P2= 548 T1=  15 T2=  13  P= 530  D=  -1 * 10
 X= 809 X2= 810  Y= 707 Y2= 711 P1= 908 P2= 547 T1=  15 T2=  15  P= 533  D=  -1 * 11
 X= 808 X2= 810  Y= 707 Y2= 711 P1= 908 P2= 547 T1=  15 T2=  14  P= 533  D=  -1 * 12
 X= 809 X2= 810  Y= 707 Y2= 711 P1= 908 P2= 547 T1=  14 T2=  15  P= 533  D=  -1 * 13
 X= 808 X2= 810  Y= 707 Y2= 711 P1= 908 P2= 547 T1=  14 T2=  15  P= 533  D=  -1 * 14
 X= 808 X2= 813  Y= 707 Y2= 711 P1= 908 P2= 547 T1=  15 T2=  15  P= 533  D=  -1 * 15
 X= 809 X2= 810  Y= 706 Y2= 711 P1= 908 P2= 547 T1=  14 T2=  15  P= 533  D=  -1 * 16
 X= 809 X2= 809  Y= 707 Y2= 711 P1= 908 P2= 547 T1=  14 T2=  14  P= 533  D=  -1 * 17
 X= 809 X2= 810  Y= 707 Y2= 711 P1= 908 P2= 548 T1=  15 T2=  14  P= 530  D=  -1 * 18
 X= 809 X2= 810  Y= 707 Y2= 711 P1= 908 P2= 547 T1=  15 T2=  14  P= 533  D=  -1 * 19
 X= 809 X2= 810  Y= 707 Y2= 711 P1= 909 P2= 547 T1=  15 T2=  15  P= 534  D=  -1 * 20
 X= 809 X2= 810  Y= 707 Y2= 711 P1= 908 P2= 547 T1=  17 T2=  15  P= 533  D=  -1 * 21
 X= 810 X2= 809  Y= 707 Y2= 711 P1= 908 P2= 547 T1=  14 T2=  15  P= 533  D=  -1 * 22
 X= 809 X2= 810  Y= 707 Y2= 712 P1= 909 P2= 547 T1=  15 T2=  14  P= 534  D=  -1 * 23
 X= 809 X2= 810  Y= 707 Y2= 711 P1= 908 P2= 547 T1=  15 T2=  15  P= 533  D=  -1 * 24
Remove Pin
 X= 809 X2= 810  Y= 707 Y2= 711 P1= 908 P2= 547 T1=  15 T2=  15  P= 533  D=  -1 * 24
 X= 810 X2= 810  Y= 707 Y2= 711 P1= 908 P2= 547 T1=  14 T2=  15  P= 533  D=  -1 * 24
 X= 809 X2= 810  Y= 706 Y2= 711 P1= 908 P2= 547 T1=  15 T2=  14  P= 533  D=  -1 * 24
 X= 807 X2= 811  Y= 707 Y2= 711 P1= 908 P2= 547 T1=  14 T2=  15  P= 533  D=  -1 * 24
 X= 809 X2= 810  Y= 707 Y2= 711 P1= 908 P2= 547 T1=  15 T2=  15  P= 533  D=  -1 * 24
 X= 809 X2= 812  Y= 707 Y2= 711 P1= 909 P2= 547 T1=  15 T2=  15  P= 535  D=  -1 * 24
 X= 809 X2= 811  Y= 707 Y2= 711 P1= 908 P2= 547 T1=  14 T2=  14  P= 533  D=  -1 * 24
 X= 806 X2= 812  Y= 707 Y2= 712 P1= 908 P2= 547 T1=  14 T2=  14  P= 533  D=  -1 * 24
 X= 809 X2= 811  Y= 707 Y2= 715 P1= 908 P2= 548 T1=  15 T2=  14  P= 531  D=  -1 * 24
 X= 810 X2= 810  Y= 706 Y2= 711 P1= 910 P2= 547 T1=  14 T2=  15  P= 537  D=  -1 * 24
 X= 809 X2= 810  Y= 707 Y2= 711 P1= 908 P2= 548 T1=  15 T2=  15  P= 530  D=  -1 * 24
 X= 809 X2= 810  Y= 707 Y2= 712 P1= 908 P2= 547 T1=  14 T2=  14  P= 533  D=  -1 * 24
 X= 809 X2= 810  Y= 707 Y2= 708 P1= 908 P2= 548 T1=  14 T2=  15  P= 530  D=  -1 * 24
 X= 809 X2= 810  Y= 707 Y2= 711 P1= 908 P2= 548 T1=  14 T2=  15  P= 530  D=  -1 * 24
 X= 809 X2= 811  Y= 707 Y2= 712 P1= 908 P2= 547 T1=  15 T2=  14  P= 533  D=  -1 * 24
 X= 810 X2= 810  Y= 707 Y2= 711 P1= 908 P2= 547 T1=  14 T2=  15  P= 533  D=  -1 * 24
 X= 814 X2= 811  Y= 721 Y2= 964 P1=1023 P2=   0 T1=  17 T2= 902  P= 533  D=  -1 * 24
 X= 948 X2=1018  Y= 981 Y2=1023 P1=1023 P2=   0 T1=1023 T2= 925  P= 533  D=  -1 
 X= 962 X2= 980  Y= 989 Y2=1021 P1=1023 P2=   0 T1=1023 T2= 899  P= 533  D=  -1 
 X=1023 X2= 996  Y= 976 Y2=1023 P1=1023 P2=   0 T1=1023 T2= 915  P= 533  D=  -1 
target state=3 point=23,249
 X= 853 X2=1023  Y= 975 Y2=1020 P1=1023 P2=   0 T1=1020 T2= 929  P= 533  D=  -1 
 X= 916 X2=1023  Y= 976 Y2=1022 P1=1023 P2=   0 T1=1023 T2= 908  P= 533  D=  -1 
 X= 952 X2=1023  Y= 975 Y2=1023 P1=1023 P2=   0 T1=1022 T2= 919  P= 533  D=  -1 
 X= 966 X2=1023  Y= 983 Y2=1023 P1=1023 P2=   0 T1=1023 T2= 905  P= 533  D=  -1 
 X= 822 X2=1023  Y= 983 Y2=1023 P1=1023 P2=   0 T1=1023 T2= 943  P= 533  D=  -1 
 X= 919 X2=1023  Y=1005 Y2=1021 P1=1023 P2=   0 T1=1022 T2= 909  P= 533  D=  -1 
 X= 996 X2=1009  Y= 980 Y2=1022 P1=1023 P2=   0 T1=1023 T2= 912  P= 533  D=  -1 
 X= 822 X2=1023  Y= 970 Y2=1023 P1=1023 P2=   0 T1=1022 T2= 906  P= 533  D=  -1 
 X= 961 X2=1020  Y= 986 Y2=1023 P1=1023 P2=   0 T1=1022 T2= 918  P= 533  D=  -1 
 X= 962 X2= 996  Y= 982 Y2=1021 P1=1023 P2=   0 T1=1021 T2= 905  P= 533  D=  -1 
 X= 853 X2=1023  Y= 988 Y2=1021 P1=1023 P2=   0 T1=1023 T2= 913  P= 533  D=  -1 
 X= 931 X2=1023  Y= 985 Y2=1021 P1=1023 P2=   0 T1=1023 T2= 933  P= 533  D=  -1 
 X= 915 X2=1021  Y= 983 Y2=1022 P1=1023 P2=   0 T1=1021 T2= 914  P= 533  D=  -1 
 X= 965 X2=1023  Y= 984 Y2=1023 P1=1023 P2=   0 T1=1023 T2= 926  P= 533  D=  -1 
 X= 916 X2=1023  Y= 988 Y2=1021 P1=1023 P2=   0 T1=1022 T2= 911  P= 533  D=  -1 
 X=1008 X2= 994  Y= 981 Y2=1021 P1=1023 P2=   0 T1=1023 T2= 910  P= 533  D=  -1 
 X= 981 X2=1016  Y= 986 Y2=1023 P1=1023 P2=   0 T1=1022 T2= 916  P= 533  D=  -1 
 X= 939 X2=1023  Y= 984 Y2=1023 P1=1023 P2=   0 T1=1023 T2= 905  P= 533  D=  -1 
 X= 966 X2=1021  Y= 980 Y2=1021 P1=1023 P2=   0 T1=1023 T2= 920  P= 533  D=  -1 
 X= 799 X2=1023  Y= 978 Y2=1023 P1=1023 P2=   0 T1=1021 T2= 929  P= 533  D=  -1 
 X= 916 X2=1023  Y= 989 Y2=1021 P1=1023 P2=   0 T1=1022 T2= 921  P= 533  D=  -1 
 X= 959 X2=1008  Y= 981 Y2=1023 P1=1023 P2=   0 T1=1022 T2= 918  P= 533  D=  -1 
 X= 901 X2=1022  Y= 987 Y2=1023 P1=1023 P2=   0 T1=1021 T2= 915  P= 533  D=  -1 
 X= 841 X2=1023  Y= 982 Y2=1023 P1=1023 P2=   0 T1=1023 T2= 945  P= 533  D=  -1 
 X=1023 X2=1011  Y= 983 Y2=1023 P1=1023 P2=   0 T1=1023 T2= 914  P= 533  D=  -1 
 X= 989 X2=1006  Y= 976 Y2=1022 P1=1023 P2=   0 T1=1023 T2= 905  P= 533  D=  -1 
 X= 925 X2=1023  Y= 981 Y2=1023 P1=1023 P2=   0 T1=1023 T2= 900  P= 533  D=  -1 
 X= 959 X2=1021  Y= 975 Y2=1021 P1=1023 P2=   0 T1=1022 T2= 931  P= 533  D=  -1 
 X=1011 X2= 997  Y= 983 Y2=1021 P1=1023 P2=   0 T1=1021 T2= 915  P= 533  D=  -1 
 X= 780 X2=1023  Y= 978 Y2=1023 P1=1023 P2=   0 T1=1021 T2= 911  P= 533  D=  -1 
 X= 949 X2=1007  Y=1002 Y2=1020 P1=1023 P2=   0 T1=1022 T2= 914  P= 533  D=  -1 
 X=1020 X2=1020  Y= 987 Y2=1021 P1=1023 P2=   0 T1=1022 T2= 913  P= 533  D=  -1 
 X= 974 X2=1023  Y= 992 Y2=1021 P1=1023 P2=   0 T1=1023 T2= 927  P= 533  D=  -1 
 X=1017 X2=1006  Y= 982 Y2=1020 P1=1023 P2=   0 T1=1022 T2= 914  P= 533  D=  -1 
 X=1019 X2= 994  Y= 985 Y2=1021 P1=1023 P2=   0 T1=1023 T2= 926  P= 533  D=  -1 
 X= 960 X2=1021  Y= 981 Y2=1021 P1=1023 P2=   0 T1=1021 T2= 928  P= 533  D=  -1 
 X= 925 X2=1023  Y= 989 Y2=1023 P1=1023 P2=   0 T1=1022 T2= 934  P= 533  D=  -1 
 X= 953 X2=1022  Y= 974 Y2=1023 P1=1023 P2=   0 T1=1022 T2= 938  P= 533  D=  -1 
 X= 814 X2=1023  Y= 985 Y2=1023 P1=1023 P2=   0 T1=1022 T2= 933  P= 533  D=  -1 
 X= 926 X2=1023  Y=1021 Y2=1021 P1=1023 P2=   0 T1=1022 T2=1020  P= 533  D=  -1 
 X= 941 X2=1023  Y= 994 Y2=1021 P1=1023 P2=   0 T1=1023 T2= 919  P= 533  D=  -1 
 X= 950 X2=1021  Y= 984 Y2=1021 P1=1023 P2=   0 T1=1023 T2= 919  P= 533  D=  -1 
 X= 938 X2=1023  Y= 979 Y2=1020 P1=1023 P2=   0 T1=1021 T2= 916  P= 533  D=  -1 
 X=1023 X2=1019  Y= 983 Y2=1023 P1=1023 P2=   0 T1=1021 T2= 934  P= 533  D=  -1 
 X=1019 X2= 981  Y= 977 Y2=1023 P1=1023 P2=   0 T1=1021 T2= 932  P= 533  D=  -1 
 X= 910 X2=1023  Y= 982 Y2=1021 P1=1023 P2=   0 T1=1022 T2= 915  P= 533  D=  -1 
 X= 951 X2=1021  Y= 981 Y2=1021 P1=1023 P2=   0 T1=1023 T2= 898  P= 533  D=  -1 
 X= 833 X2=1023  Y= 985 Y2=1023 P1=1023 P2=   0 T1=1021 T2= 923  P= 533  D=  -1 
 X= 943 X2=1018  Y= 982 Y2=1021 P1=1023 P2=   0 T1=1023 T2= 921  P= 533  D=  -1 
 X= 976 X2=1022  Y= 987 Y2=1021 P1=1023 P2=   0 T1=1021 T2= 921  P= 533  D=  -1 
 X= 231 X2= 233  Y= 705 Y2= 701 P1=1023 P2=   0 T1=  21 T2= 922  P= 533  D=  -1 * 0
 X= 927 X2=1022  Y= 980 Y2=1023 P1=1023 P2=   0 T1=1018 T2= 907  P= 533  D=  -1 
 X= 922 X2=1022  Y= 976 Y2=1010 P1= 864 P2= 214 T1=1023 T2=  24  P= 533  D=  -1 
 X=1023 X2=1009  Y= 979 Y2=1021 P1=1023 P2=   0 T1=1021 T2= 879  P= 533  D=  -1 
 X= 236 X2= 240  Y= 706 Y2= 702 P1= 844 P2= 225 T1=  23 T2=  23  P= 654  D=  -1 * 0
 X= 236 X2= 243  Y= 705 Y2= 701 P1= 840 P2= 230 T1=  23 T2=  22  P= 633  D=  -1 * 0
 X= 235 X2= 237  Y= 705 Y2= 700 P1= 836 P2= 234 T1=  22 T2=  23  P= 606  D=  -1 * 0
 X= 236 X2= 236  Y= 705 Y2= 700 P1= 837 P2= 233 T1=  23 T2=  22  P= 611  D=  -1 * 1
 X= 233 X2= 237  Y= 706 Y2= 700 P1= 836 P2= 234 T1=  23 T2=  23  P= 604  D=  -1 * 2
 X= 235 X2= 238  Y= 705 Y2= 700 P1= 836 P2= 234 T1=  23 T2=  23  P= 606  D=  -1 * 3
 X= 235 X2= 237  Y= 704 Y2= 700 P1= 836 P2= 235 T1=  23 T2=  22  P= 603  D=  -1 * 4
 X= 236 X2= 238  Y= 705 Y2= 701 P1= 836 P2= 234 T1=  23 T2=  23  P= 609  D=  -1 * 5
 X= 235 X2= 238  Y= 705 Y2= 700 P1= 836 P2= 234 T1=  23 T2=  21  P= 606  D=  -1 * 6
 X= 235 X2= 237  Y= 705 Y2= 701 P1= 836 P2= 235 T1=  22 T2=  23  P= 603  D=  -1 * 7
 X= 234 X2= 237  Y= 705 Y2= 700 P1= 836 P2= 235 T1=  22 T2=  22  P= 600  D=  -1 * 8
 X= 237 X2= 237  Y= 705 Y2= 701 P1= 836 P2= 236 T1=  22 T2=  23  P= 602  D=  -1 * 9
 X= 235 X2= 237  Y= 704 Y2= 700 P1= 835 P2= 235 T1=  22 T2=  23  P= 602  D=  -1 * 10
 X= 235 X2= 237  Y= 704 Y2= 701 P1= 836 P2= 236 T1=  22 T2=  22  P= 599  D=  -1 * 11
 X= 235 X2= 238  Y= 704 Y2= 701 P1= 835 P2= 236 T1=  23 T2=  23  P= 598  D=  -1 * 12
 X= 236 X2= 237  Y= 706 Y2= 700 P1= 835 P2= 236 T1=  23 T2=  23  P= 598  D=  -1 * 13
 X= 233 X2= 237  Y= 705 Y2= 700 P1= 836 P2= 236 T1=  22 T2=  23  P= 597  D=  -1 * 14
 X= 235 X2= 237  Y= 703 Y2= 701 P1= 835 P2= 236 T1=  23 T2=  22  P= 598  D=  -1 * 15
 X= 235 X2= 237  Y= 704 Y2= 700 P1= 835 P2= 235 T1=  23 T2=  23  P= 602  D=  -1 * 16
 X= 235 X2= 237  Y= 705 Y2= 701 P1= 835 P2= 236 T1=  23 T2=  22  P= 598  D=  -1 * 17
 X= 235 X2= 237  Y= 705 Y2= 700 P1= 835 P2= 236 T1=  23 T2=  22  P= 598  D=  -1 * 18
 X= 235 X2= 238  Y= 705 Y2= 700 P1= 835 P2= 236 T1=  21 T2=  22  P= 598  D=  -1 * 19
 X= 234 X2= 237  Y= 705 Y2= 700 P1= 835 P2= 235 T1=  22 T2=  23  P= 599  D=  -1 * 20
 X= 235 X2= 237  Y= 704 Y2= 700 P1= 835 P2= 236 T1=  23 T2=  22  P= 598  D=  -1 * 21
 X= 235 X2= 237  Y= 705 Y2= 700 P1= 835 P2= 236 T1=  23 T2=  24  P= 598  D=  -1 * 22
 X= 235 X2= 239  Y= 704 Y2= 700 P1= 835 P2= 236 T1=  23 T2=  23  P= 601  D=  -1 * 23
 X= 236 X2= 237  Y= 705 Y2= 700 P1= 835 P2= 235 T1=  23 T2=  23  P= 602  D=  -1 * 24
Remove Pin
 X= 238 X2= 240  Y= 705 Y2= 700 P1= 835 P2= 236 T1=  22 T2=  24  P= 606  D=  -1 * 24
 X= 234 X2= 238  Y= 705 Y2= 700 P1= 835 P2= 236 T1=  22 T2=  22  P= 598  D=  -1 * 24
 X= 235 X2= 237  Y= 704 Y2= 699 P1= 835 P2= 236 T1=  23 T2=  23  P= 598  D=  -1 * 24
 X= 235 X2= 237  Y= 704 Y2= 701 P1= 835 P2= 237 T1=  22 T2=  23  P= 595  D=  -1 * 24
 X= 234 X2= 237  Y= 704 Y2= 701 P1= 833 P2= 236 T1=  22 T2=  22  P= 594  D=  -1 * 24
 X= 235 X2= 236  Y= 705 Y2= 700 P1= 835 P2= 236 T1=  22 T2=  22  P= 596  D=  -1 * 24
 X= 236 X2= 238  Y= 705 Y2= 701 P1= 835 P2= 236 T1=  23 T2=  23  P= 601  D=  -1 * 24
 X= 234 X2= 237  Y= 705 Y2= 700 P1= 835 P2= 236 T1=  23 T2=  22  P= 596  D=  -1 * 24
 X= 235 X2= 238  Y= 705 Y2= 700 P1= 834 P2= 236 T1=  22 T2=  22  P= 597  D=  -1 * 24
 X= 235 X2= 236  Y= 704 Y2= 700 P1= 834 P2= 236 T1=  24 T2=  20  P= 595  D=  -1 * 24
 X= 235 X2= 237  Y= 704 Y2= 701 P1= 834 P2= 237 T1=  22 T2=  22  P= 594  D=  -1 * 24
 X= 235 X2= 237  Y= 705 Y2= 700 P1= 834 P2= 236 T1=  22 T2=  23  P= 597  D=  -1 * 24
 X= 235 X2= 237  Y= 705 Y2= 700 P1= 835 P2= 237 T1=  22 T2=  22  P= 595  D=  -1 * 24
 X= 234 X2= 237  Y= 703 Y2= 701 P1= 835 P2= 236 T1=  23 T2=  23  P= 596  D=  -1 * 24
 X= 234 X2= 237  Y= 705 Y2= 700 P1= 833 P2= 238 T1=  22 T2=  22  P= 587  D=  -1 * 24
 X= 234 X2= 237  Y= 705 Y2= 701 P1= 842 P2= 225 T1=  24 T2=  23  P= 644  D=  -1 * 24
 X=1013 X2= 995  Y= 980 Y2=1020 P1=1023 P2=   0 T1=1023 T2= 906  P= 644  D=  -1 
 X= 940 X2=1014  Y= 971 Y2=1023 P1=1023 P2=   0 T1=1022 T2= 908  P= 644  D=  -1 
 X= 925 X2=1023  Y= 980 Y2=1023 P1=1023 P2=   0 T1=1022 T2= 915  P= 644  D=  -1 
Target Noise  x= 2.50 y= 2.50
X[0]: Target= 23   235/ 237/ 238 Stdev= 0.66 N= 24  Y[0]: Target= 22   325/ 325/ 326 Stdev= 0.37 N= 24
X[1]: Target=456   810/ 811/ 814 Stdev= 0.71 N= 24  Y[1]: Target= 22   329/ 330/ 331 Stdev= 0.40 N= 24
X[2]: Target=456   807/ 809/ 811 Stdev= 0.69 N= 24  Y[2]: Target=249   708/ 709/ 709 Stdev= 0.20 N= 24
X[3]: Target= 23   235/ 236/ 237 Stdev= 0.53 N= 24  Y[3]: Target=249   702/ 702/ 703 Stdev= 0.42 N= 24
N=24 Avg=21
min: 21 21 21 21 21 21 
max: 23 22 22 22 22 22 
N=24 Avg=14
min: 13 14 14 14 14 14 
max: 15 15 15 15 15 15 
N=24 Avg=14
min: 14 14 14 14 14 14 
max: 16 15 15 15 15 15 
N=24 Avg=22
min: 21 22 22 22 22 22 
max: 23 23 23 23 23 23 
Using TNT center offset = 19
TNT Plane Coef: a= -855 b=   83 c= 388257
At  236, 325: Real=  22 Fit=  22 Offset=   3
At  811, 330: Real=  15 Fit=  16 Offset=  -3
At  809, 708: Real=  15 Fit=  16 Offset=  -3
At  235, 702: Real=  23 Fit=  23 Offset=   4
Fit Corners: 25, 13, 13, 26  Center: 19
Setting for min_tnt_up:   521
Setting for max_tnt_down: 24 (V2:36)
Entering calib_pressure_mfg
Using default pressure curve
468 471 487 495 509 524 553 575 612 
Summary:
Setting for max_tnt_down:      24
3.7 setting for max_tnt_down:     -1
Setting for min_tnt_up:       521
Setting for max_delta_tnt:      5
3.8 setting for max_delta_tnt:     -1
Setting for delay_in_us:        1
Setting for y_delay_in_us:      1
Setting for tnt_delay_in_us:    1
Setting for pressure_curve:  468 471 487 495 509 524 553 575 612
Setting for tnt_mode:           1
Setting for averaging:         -1
Setting for pointercal:      49350 130 -10181890 -343 39459 -11301651 65536
Setting for tnt_plane:       -855 83 388257
