new-calib: New touch screen calibration program v3.12
Serial Number='13171E00010B06010197'
Using tnt_mode=1
Setting for delay_in_us:        1
Setting for y_delay_in_us:      1
Setting for tnt_delay_in_us:    1
Setting for max_delta_tnt:      5
Setting for tnt_mode:           1
Setting for averaging:         -1
Entering get_five_points
target_noise  x= 2.50 y= 2.50 t= 2.50
target state=0 point=240,136
 X= 819 X2=  -1  Y= 941 Y2=1023 P1=  -1 P2=  -1 T1=  -1 T2= 791  P=  -1  D=  -1 * 0
 X= 647 X2=  -1  Y= 909 Y2=1023 P1=  -1 P2=  -1 T1=  -1 T2= 905  P=  -1  D=  -1 * 0
 X= 599 X2=  -1  Y=1023 Y2=1023 P1=  -1 P2=  -1 T1=  -1 T2= 889  P=  -1  D=  -1 * 0
 X=1023 X2= 987  Y= 973 Y2=1023 P1=  -1 P2=  -1 T1=  -1 T2= 900  P=  -1  D=  -1 * 0
 X= 766 X2=1012  Y= 958 Y2=1023 P1=  -1 P2=  -1 T1=  -1 T2= 904  P=  -1  D=  -1 * 1
Too Noisy!  47.356802 > 2.500000 or 3.265986 > 2.500000.  Try again.
 X=1022 X2= 962  Y= 963 Y2=1023 P1=  -1 P2=  -1 T1=  -1 T2= 883  P=  -1  D=  -1 * 2
 X= 663 X2=1023  Y= 959 Y2=1023 P1=  -1 P2=  -1 T1=  -1 T2= 886  P=  -1  D=  -1 * 2
 X= 686 X2=1023  Y= 970 Y2=1023 P1=  -1 P2=  -1 T1=  -1 T2= 909  P=  -1  D=  -1 * 2
 X= 842 X2=1023  Y= 966 Y2=1023 P1=  -1 P2=  -1 T1=  -1 T2= 927  P=  -1  D=  -1 * 2
 X= 735 X2=1006  Y= 959 Y2=1022 P1=  -1 P2=  -1 T1=  -1 T2= 899  P=  -1  D=  -1 * 2
 X= 810 X2=1013  Y= 969 Y2=1023 P1=  -1 P2=  -1 T1=  -1 T2= 882  P=  -1  D=  -1 * 2
 X= 850 X2=1023  Y= 972 Y2=1019 P1=  -1 P2=  -1 T1=  -1 T2= 890  P=  -1  D=  -1 * 2
 X= 837 X2=1023  Y= 983 Y2=1021 P1=  -1 P2=  -1 T1=  -1 T2= 890  P=  -1  D=  -1 * 2
 X= 911 X2=1023  Y= 974 Y2=1021 P1=  -1 P2=  -1 T1=  -1 T2= 880  P=  -1  D=  -1 * 2
 X= 918 X2=1023  Y= 977 Y2=1021 P1=  -1 P2=  -1 T1=  -1 T2= 898  P=  -1  D=  -1 * 2
 X= 898 X2=1021  Y= 966 Y2=1023 P1=  -1 P2=  -1 T1=  -1 T2= 883  P=  -1  D=  -1 * 2
 X= 641 X2=1023  Y= 960 Y2=1023 P1=  -1 P2=  -1 T1=  -1 T2= 892  P=  -1  D=  -1 * 2
 X= 786 X2=1023  Y= 978 Y2=1022 P1=  -1 P2=  -1 T1=  -1 T2= 888  P=  -1  D=  -1 * 2
 X= 987 X2= 960  Y= 973 Y2=1022 P1=  -1 P2=  -1 T1=  -1 T2= 896  P=  -1  D=  -1 * 2
 X= 742 X2=1010  Y= 948 Y2=1023 P1=  -1 P2=  -1 T1=  -1 T2= 883  P=  -1  D=  -1 * 2
 X= 974 X2=1023  Y= 944 Y2=1023 P1=  -1 P2=  -1 T1=  -1 T2= 904  P=  -1  D=  -1 * 2
 X= 895 X2=1023  Y= 955 Y2=1023 P1=  -1 P2=  -1 T1=  -1 T2= 894  P=  -1  D=  -1 * 2
 X= 863 X2=1019  Y= 986 Y2=1022 P1=  -1 P2=  -1 T1=  -1 T2= 886  P=  -1  D=  -1 * 2
 X= 866 X2=1023  Y= 968 Y2=1022 P1=  -1 P2=  -1 T1=  -1 T2= 879  P=  -1  D=  -1 * 2
 X= 841 X2=1023  Y= 988 Y2=1021 P1=  -1 P2=  -1 T1=  -1 T2= 888  P=  -1  D=  -1 * 2
 X= 731 X2=1010  Y= 957 Y2=1023 P1=  -1 P2=  -1 T1=  -1 T2= 886  P=  -1  D=  -1 * 2
 X= 627 X2=1023  Y= 963 Y2=1023 P1=  -1 P2=  -1 T1=1022 T2= 934  P=  -1  D=  -1 
target state=0 point=240,136
 X= 803 X2=1023  Y= 940 Y2=1020 P1=  -1 P2=  -1 T1=1023 T2= 806  P=  -1  D=  -1 
 X= 768 X2=1010  Y= 948 Y2=1023 P1=  -1 P2=  -1 T1=1023 T2= 907  P=  -1  D=  -1 
 X= 886 X2= 964  Y= 984 Y2=1021 P1=  -1 P2=  -1 T1=1023 T2= 906  P=  -1  D=  -1 
 X= 849 X2=1023  Y= 977 Y2=1022 P1=  -1 P2=  -1 T1=1023 T2= 887  P=  -1  D=  -1 
 X= 857 X2= 942  Y= 979 Y2=1021 P1=  -1 P2=  -1 T1=1023 T2= 898  P=  -1  D=  -1 
 X= 661 X2=1023  Y= 962 Y2=1023 P1=  -1 P2=  -1 T1=1023 T2= 905  P=  -1  D=  -1 
 X= 747 X2=1023  Y= 965 Y2=1023 P1=  -1 P2=  -1 T1=1023 T2= 916  P=  -1  D=  -1 
 X= 982 X2= 982  Y= 956 Y2=1022 P1=  -1 P2=  -1 T1=1023 T2= 886  P=  -1  D=  -1 
 X= 755 X2=1011  Y= 958 Y2=1023 P1=  -1 P2=  -1 T1=1023 T2= 881  P=  -1  D=  -1 
 X=1008 X2= 969  Y= 952 Y2=1022 P1=  -1 P2=  -1 T1=1023 T2= 874  P=  -1  D=  -1 
 X= 637 X2=1023  Y= 963 Y2=1023 P1=  -1 P2=  -1 T1=1023 T2= 913  P=  -1  D=  -1 
 X= 958 X2= 997  Y= 971 Y2=1023 P1=  -1 P2=  -1 T1=1023 T2= 866  P=  -1  D=  -1 
 X= 797 X2=1023  Y= 967 Y2=1022 P1=  -1 P2=  -1 T1=1023 T2= 905  P=  -1  D=  -1 
 X= 901 X2=1023  Y= 980 Y2=1021 P1=  -1 P2=  -1 T1=1023 T2= 879  P=  -1  D=  -1 
 X= 834 X2=1013  Y= 960 Y2=1023 P1=  -1 P2=  -1 T1=1023 T2= 895  P=  -1  D=  -1 
 X= 723 X2=1023  Y= 967 Y2=1023 P1=  -1 P2=  -1 T1=1023 T2= 891  P=  -1  D=  -1 
 X= 723 X2=1004  Y= 950 Y2=1023 P1=  -1 P2=  -1 T1=1023 T2= 883  P=  -1  D=  -1 
 X= 664 X2=1023  Y= 979 Y2=1023 P1=  -1 P2=  -1 T1=1023 T2= 878  P=  -1  D=  -1 
 X= 806 X2=1013  Y= 953 Y2=1023 P1=  -1 P2=  -1 T1=1023 T2= 896  P=  -1  D=  -1 
 X= 967 X2=1012  Y= 967 Y2=1023 P1=  -1 P2=  -1 T1=1023 T2= 868  P=  -1  D=  -1 
 X=1003 X2= 954  Y= 964 Y2=1023 P1=  -1 P2=  -1 T1=1023 T2= 867  P=  -1  D=  -1 
 X= 769 X2=1023  Y= 968 Y2=1023 P1=  -1 P2=  -1 T1=1023 T2= 893  P=  -1  D=  -1 
 X= 895 X2=1023  Y= 965 Y2=1021 P1=  -1 P2=  -1 T1=1023 T2= 878  P=  -1  D=  -1 
 X= 724 X2=1014  Y= 967 Y2=1023 P1=  -1 P2=  -1 T1=1023 T2= 915  P=  -1  D=  -1 
 X= 643 X2=1023  Y= 958 Y2=1023 P1=  -1 P2=  -1 T1=1023 T2= 900  P=  -1  D=  -1 
 X= 708 X2=1023  Y= 968 Y2=1023 P1=  -1 P2=  -1 T1=1023 T2= 904  P=  -1  D=  -1 
 X=1021 X2= 928  Y= 940 Y2=1022 P1=  -1 P2=  -1 T1=1023 T2= 869  P=  -1  D=  -1 
 X= 942 X2= 992  Y= 965 Y2=1023 P1=  -1 P2=  -1 T1=1023 T2= 870  P=  -1  D=  -1 
 X= 843 X2=1023  Y= 969 Y2=1019 P1=  -1 P2=  -1 T1=1023 T2= 888  P=  -1  D=  -1 
 X=1023 X2= 990  Y= 973 Y2=1021 P1=  -1 P2=  -1 T1=1023 T2= 870  P=  -1  D=  -1 
 X= 770 X2=1021  Y= 967 Y2=1022 P1=  -1 P2=  -1 T1=1023 T2= 901  P=  -1  D=  -1 
 X= 758 X2=1023  Y= 960 Y2=1023 P1=  -1 P2=  -1 T1=1023 T2= 906  P=  -1  D=  -1 
 X= 911 X2= 938  Y= 965 Y2=1020 P1=  -1 P2=  -1 T1=1023 T2= 903  P=  -1  D=  -1 
 X= 822 X2=1012  Y= 954 Y2=1023 P1=  -1 P2=  -1 T1=1023 T2= 887  P=  -1  D=  -1 
 X= 643 X2=1023  Y= 961 Y2=1023 P1=  -1 P2=  -1 T1=1023 T2= 913  P=  -1  D=  -1 
 X= 948 X2=1015  Y=1022 Y2=1023 P1=  -1 P2=  -1 T1=1022 T2=1022  P=  -1  D=  -1 
 X= 888 X2=1022  Y= 986 Y2=1021 P1=  -1 P2=  -1 T1=1023 T2= 875  P=  -1  D=  -1 
 X=1023 X2= 993  Y= 960 Y2=1021 P1=  -1 P2=  -1 T1=1023 T2= 885  P=  -1  D=  -1 
 X=1023 X2= 998  Y= 972 Y2=1022 P1=  -1 P2=  -1 T1=1023 T2= 891  P=  -1  D=  -1 
 X=1023 X2= 979  Y= 972 Y2=1022 P1=  -1 P2=  -1 T1=1023 T2= 849  P=  -1  D=  -1 
 X= 731 X2=1023  Y= 971 Y2=1022 P1=  -1 P2=  -1 T1=1023 T2= 902  P=  -1  D=  -1 
 X= 732 X2=1023  Y= 966 Y2=1022 P1=  -1 P2=  -1 T1=1023 T2= 881  P=  -1  D=  -1 
 X= 830 X2=1013  Y= 966 Y2=1023 P1=  -1 P2=  -1 T1=1023 T2= 891  P=  -1  D=  -1 
 X= 884 X2=1023  Y= 934 Y2=1023 P1=  -1 P2=  -1 T1=1023 T2= 890  P=  -1  D=  -1 
 X= 650 X2=1023  Y= 984 Y2=1023 P1=  -1 P2=  -1 T1=1023 T2= 881  P=  -1  D=  -1 
 X=1001 X2= 963  Y= 955 Y2=1023 P1=  -1 P2=  -1 T1=1023 T2= 867  P=  -1  D=  -1 
 X= 930 X2=1001  Y= 932 Y2=1023 P1=  -1 P2=  -1 T1=1023 T2= 895  P=  -1  D=  -1 
 X= 899 X2=1023  Y= 961 Y2=1021 P1=  -1 P2=  -1 T1=1023 T2= 872  P=  -1  D=  -1 
 X= 887 X2= 933  Y= 975 Y2=1021 P1=  -1 P2=  -1 T1=1023 T2= 898  P=  -1  D=  -1 
 X= 641 X2=1023  Y= 956 Y2=1023 P1=  -1 P2=  -1 T1=1023 T2= 891  P=  -1  D=  -1 
 X= 735 X2=1023  Y= 961 Y2=1022 P1=  -1 P2=  -1 T1=1023 T2= 892  P=  -1  D=  -1 
 X= 859 X2=1014  Y= 958 Y2=1023 P1=  -1 P2=  -1 T1=1023 T2= 879  P=  -1  D=  -1 
 X= 866 X2=1011  Y= 962 Y2=1023 P1=  -1 P2=  -1 T1=1023 T2= 904  P=  -1  D=  -1 
 X= 885 X2=1012  Y= 958 Y2=1023 P1=  -1 P2=  -1 T1=1023 T2= 907  P=  -1  D=  -1 
 X=1023 X2= 974  Y= 974 Y2=1023 P1=  -1 P2=  -1 T1=1023 T2= 867  P=  -1  D=  -1 
 X= 986 X2= 931  Y= 962 Y2=1022 P1=  -1 P2=  -1 T1=1023 T2= 858  P=  -1  D=  -1 
 X= 660 X2=1023  Y= 960 Y2=1022 P1=  -1 P2=  -1 T1=1023 T2= 864  P=  -1  D=  -1 
 X= 893 X2=1023  Y= 982 Y2=1020 P1=  -1 P2=  -1 T1=1023 T2= 877  P=  -1  D=  -1 
 X= 715 X2=1023  Y= 963 Y2=1023 P1=  -1 P2=  -1 T1=1023 T2= 905  P=  -1  D=  -1 
 X= 636 X2=1023  Y= 969 Y2=1023 P1=  -1 P2=  -1 T1=1023 T2= 904  P=  -1  D=  -1 
 X= 657 X2=1023  Y= 970 Y2=1022 P1=  -1 P2=  -1 T1=1023 T2= 891  P=  -1  D=  -1 
 X= 967 X2= 983  Y= 962 Y2=1023 P1=  -1 P2=  -1 T1=1023 T2= 863  P=  -1  D=  -1 
 X= 841 X2=1013  Y= 970 Y2=1022 P1=  -1 P2=  -1 T1=1022 T2= 906  P=  -1  D=  -1 
 X=1023 X2= 944  Y= 973 Y2=1021 P1=  -1 P2=  -1 T1=1023 T2= 857  P=  -1  D=  -1 
 X=1022 X2= 938  Y= 976 Y2=1023 P1=  -1 P2=  -1 T1=1023 T2= 857  P=  -1  D=  -1 
 X= 886 X2=1023  Y= 980 Y2=1021 P1=  -1 P2=  -1 T1=1023 T2= 883  P=  -1  D=  -1 
 X= 843 X2=1023  Y= 981 Y2=1022 P1=  -1 P2=  -1 T1=1023 T2= 888  P=  -1  D=  -1 
 X=1023 X2= 991  Y= 972 Y2=1023 P1=  -1 P2=  -1 T1=1023 T2= 902  P=  -1  D=  -1 
 X= 847 X2=1023  Y= 967 Y2=1022 P1=  -1 P2=  -1 T1=1018 T2= 896  P=  -1  D=  -1 
 X=1023 X2=1010  Y= 969 Y2=1023 P1=  -1 P2=  -1 T1=1023 T2= 886  P=  -1  D=  -1 
 X= 724 X2=1006  Y= 945 Y2=1023 P1=  -1 P2=  -1 T1=1023 T2= 872  P=  -1  D=  -1 
 X= 713 X2=1008  Y= 951 Y2=1023 P1=  -1 P2=  -1 T1=1023 T2= 870  P=  -1  D=  -1 
 X=1016 X2= 970  Y= 974 Y2=1023 P1=  -1 P2=  -1 T1=1023 T2= 896  P=  -1  D=  -1 
 X=1023 X2= 990  Y= 970 Y2=1022 P1=  -1 P2=  -1 T1=1021 T2= 866  P=  -1  D=  -1 
 X= 979 X2= 965  Y= 963 Y2=1022 P1=  -1 P2=  -1 T1=1023 T2= 899  P=  -1  D=  -1 
 X= 647 X2=1023  Y= 970 Y2=1022 P1=  -1 P2=  -1 T1=1023 T2= 887  P=  -1  D=  -1 
 X= 867 X2=1023  Y= 973 Y2=1021 P1=  -1 P2=  -1 T1=1023 T2= 905  P=  -1  D=  -1 
 X= 844 X2=1015  Y= 960 Y2=1023 P1=  -1 P2=  -1 T1=1023 T2= 885  P=  -1  D=  -1 
 X= 654 X2=1023  Y= 956 Y2=1023 P1=  -1 P2=  -1 T1=1023 T2= 920  P=  -1  D=  -1 
 X= 848 X2=1001  Y= 957 Y2=1023 P1=  -1 P2=  -1 T1=1023 T2= 881  P=  -1  D=  -1 
 X= 945 X2= 985  Y= 973 Y2=1023 P1=  -1 P2=  -1 T1=1023 T2= 894  P=  -1  D=  -1 
 X= 772 X2=1004  Y= 974 Y2=1023 P1=  -1 P2=  -1 T1=1023 T2= 898  P=  -1  D=  -1 
 X=1023 X2= 966  Y= 967 Y2=1021 P1=  -1 P2=  -1 T1=1023 T2= 874  P=  -1  D=  -1 
 X=1023 X2= 992  Y= 983 Y2=1021 P1=  -1 P2=  -1 T1=1023 T2= 866  P=  -1  D=  -1 
 X= 727 X2=1023  Y= 974 Y2=1023 P1=  -1 P2=  -1 T1=1023 T2= 901  P=  -1  D=  -1 
 X= 861 X2=1023  Y= 952 Y2=1022 P1=  -1 P2=  -1 T1=1023 T2= 893  P=  -1  D=  -1 
 X= 769 X2=1023  Y= 973 Y2=1023 P1=  -1 P2=  -1 T1=1023 T2= 885  P=  -1  D=  -1 
 X= 770 X2=1023  Y= 968 Y2=1023 P1=  -1 P2=  -1 T1=1023 T2= 887  P=  -1  D=  -1 
 X= 774 X2=1023  Y= 975 Y2=1023 P1=  -1 P2=  -1 T1=1023 T2= 889  P=  -1  D=  -1 
 X= 975 X2= 991  Y= 965 Y2=1023 P1=  -1 P2=  -1 T1=1023 T2= 878  P=  -1  D=  -1 
 X= 729 X2=1003  Y= 965 Y2=1022 P1=  -1 P2=  -1 T1=1023 T2= 871  P=  -1  D=  -1 
 X= 898 X2=1023  Y= 975 Y2=1020 P1=  -1 P2=  -1 T1=1023 T2= 883  P=  -1  D=  -1 
 X=1023 X2= 967  Y= 963 Y2=1020 P1=  -1 P2=  -1 T1=1023 T2= 898  P=  -1  D=  -1 
 X= 840 X2=1023  Y= 968 Y2=1021 P1=  -1 P2=  -1 T1=1023 T2= 892  P=  -1  D=  -1 
 X= 924 X2=1023  Y= 967 Y2=1022 P1=  -1 P2=  -1 T1=1023 T2= 894  P=  -1  D=  -1 
 X=1023 X2= 983  Y= 973 Y2=1023 P1=  -1 P2=  -1 T1=1023 T2= 896  P=  -1  D=  -1 
 X= 909 X2=1023  Y= 936 Y2=1023 P1=  -1 P2=  -1 T1=1023 T2= 902  P=  -1  D=  -1 
 X= 672 X2=1023  Y= 975 Y2=1023 P1=  -1 P2=  -1 T1=1023 T2= 884  P=  -1  D=  -1 
 X=1023 X2= 986  Y= 969 Y2=1022 P1=  -1 P2=  -1 T1=1023 T2= 865  P=  -1  D=  -1 
 X= 983 X2= 985  Y= 958 Y2=1023 P1=  -1 P2=  -1 T1=1023 T2= 896  P=  -1  D=  -1 
 X= 905 X2=1023  Y= 972 Y2=1022 P1=  -1 P2=  -1 T1=1023 T2= 876  P=  -1  D=  -1 
 X= 904 X2= 942  Y= 976 Y2=1020 P1=  -1 P2=  -1 T1=1023 T2= 902  P=  -1  D=  -1 
 X=1023 X2=1023  Y= 970 Y2=1023 P1=  -1 P2=  -1 T1=1023 T2= 893  P=  -1  D=  -1 
 X= 675 X2=1023  Y= 963 Y2=1023 P1=  -1 P2=  -1 T1=1022 T2= 911  P=  -1  D=  -1 
 X= 787 X2=1023  Y= 972 Y2=1022 P1=  -1 P2=  -1 T1=1023 T2= 922  P=  -1  D=  -1 
 X= 963 X2= 996  Y= 958 Y2=1023 P1=  -1 P2=  -1 T1=1023 T2= 878  P=  -1  D=  -1 
 X= 864 X2=1013  Y= 943 Y2=1023 P1=  -1 P2=  -1 T1=1023 T2= 882  P=  -1  D=  -1 
 X=1023 X2= 997  Y= 969 Y2=1022 P1=  -1 P2=  -1 T1=1023 T2= 877  P=  -1  D=  -1 
 X=1020 X2= 929  Y= 957 Y2=1022 P1=  -1 P2=  -1 T1=1023 T2= 872  P=  -1  D=  -1 
 X= 855 X2=1021  Y= 963 Y2=1023 P1=  -1 P2=  -1 T1=1023 T2= 876  P=  -1  D=  -1 
 X= 898 X2=1023  Y= 974 Y2=1022 P1=  -1 P2=  -1 T1=1023 T2= 886  P=  -1  D=  -1 
 X= 845 X2=1023  Y= 977 Y2=1021 P1=  -1 P2=  -1 T1=1023 T2= 913  P=  -1  D=  -1 
 X= 689 X2=1023  Y= 974 Y2=1023 P1=  -1 P2=  -1 T1=1023 T2= 896  P=  -1  D=  -1 
 X= 754 X2=1023  Y= 969 Y2=1023 P1=  -1 P2=  -1 T1=1023 T2= 904  P=  -1  D=  -1 
 X= 822 X2=1014  Y= 959 Y2=1023 P1=  -1 P2=  -1 T1=1023 T2= 914  P=  -1  D=  -1 
 X= 760 X2=1012  Y= 952 Y2=1023 P1=  -1 P2=  -1 T1=1023 T2= 902  P=  -1  D=  -1 
 X= 836 X2=1015  Y= 971 Y2=1021 P1=  -1 P2=  -1 T1=1023 T2= 888  P=  -1  D=  -1 
 X=1023 X2= 969  Y= 970 Y2=1022 P1=  -1 P2=  -1 T1=1023 T2= 880  P=  -1  D=  -1 
 X= 587 X2=1023  Y= 971 Y2=1023 P1=  -1 P2=  -1 T1=1023 T2= 900  P=  -1  D=  -1 
 X=1023 X2=1014  Y= 959 Y2=1023 P1=  -1 P2=  -1 T1=1023 T2= 943  P=  -1  D=  -1 
 X= 840 X2=1023  Y= 981 Y2=1022 P1=  -1 P2=  -1 T1=1023 T2= 895  P=  -1  D=  -1 
 X= 769 X2=1023  Y= 964 Y2=1023 P1=  -1 P2=  -1 T1=1023 T2= 883  P=  -1  D=  -1 
 X= 632 X2=1023  Y= 962 Y2=1023 P1=  -1 P2=  -1 T1=1023 T2= 890  P=  -1  D=  -1 
 X= 983 X2= 940  Y= 960 Y2=1022 P1=  -1 P2=  -1 T1=1023 T2= 867  P=  -1  D=  -1 
 X= 725 X2=1008  Y= 942 Y2=1023 P1=  -1 P2=  -1 T1=1022 T2= 898  P=  -1  D=  -1 
 X= 858 X2= 998  Y= 966 Y2=1022 P1=  -1 P2=  -1 T1=1023 T2= 907  P=  -1  D=  -1 
 X= 877 X2=1023  Y= 972 Y2=1021 P1=  -1 P2=  -1 T1=1023 T2= 888  P=  -1  D=  -1 
 X=1023 X2= 995  Y= 965 Y2=1022 P1=  -1 P2=  -1 T1=1023 T2= 887  P=  -1  D=  -1 
 X= 849 X2=1023  Y= 964 Y2=1020 P1=  -1 P2=  -1 T1=1023 T2= 890  P=  -1  D=  -1 
 X= 760 X2=1023  Y= 967 Y2=1022 P1=  -1 P2=  -1 T1=1023 T2= 910  P=  -1  D=  -1 
 X= 815 X2=1009  Y= 954 Y2=1023 P1=  -1 P2=  -1 T1=1023 T2= 889  P=  -1  D=  -1 
 X= 886 X2=1023  Y= 950 Y2=1023 P1=  -1 P2=  -1 T1=1023 T2= 888  P=  -1  D=  -1 
 X= 770 X2=1023  Y= 965 Y2=1023 P1=  -1 P2=  -1 T1=1023 T2= 878  P=  -1  D=  -1 
 X=1021 X2= 951  Y= 964 Y2=1023 P1=  -1 P2=  -1 T1=1023 T2= 867  P=  -1  D=  -1 
 X= 964 X2= 990  Y= 968 Y2=1022 P1=  -1 P2=  -1 T1=1023 T2= 882  P=  -1  D=  -1 
 X= 885 X2= 989  Y= 979 Y2=1022 P1=  -1 P2=  -1 T1=1023 T2= 871  P=  -1  D=  -1 
 X= 926 X2=1008  Y=1022 Y2=1022 P1=  -1 P2=  -1 T1=1023 T2=1020  P=  -1  D=  -1 
 X=1022 X2= 987  Y= 976 Y2=1022 P1=  -1 P2=  -1 T1=1023 T2= 887  P=  -1  D=  -1 
 X= 888 X2=1023  Y= 958 Y2=1020 P1=  -1 P2=  -1 T1=1023 T2= 886  P=  -1  D=  -1 
 X= 860 X2=1023  Y= 966 Y2=1021 P1=  -1 P2=  -1 T1=1023 T2= 885  P=  -1  D=  -1 
 X= 800 X2=1010  Y= 963 Y2=1023 P1=  -1 P2=  -1 T1=1023 T2= 885  P=  -1  D=  -1 
 X= 611 X2=1023  Y= 968 Y2=1023 P1=  -1 P2=  -1 T1=1023 T2= 918  P=  -1  D=  -1 
 X= 762 X2=1006  Y= 948 Y2=1023 P1=  -1 P2=  -1 T1=1023 T2= 878  P=  -1  D=  -1 
 X= 977 X2= 967  Y= 969 Y2=1023 P1=  -1 P2=  -1 T1=1023 T2= 887  P=  -1  D=  -1 
 X=1015 X2= 970  Y= 955 Y2=1023 P1=  -1 P2=  -1 T1=1023 T2= 933  P=  -1  D=  -1 
 X=1023 X2= 944  Y= 969 Y2=1021 P1=  -1 P2=  -1 T1=1023 T2= 895  P=  -1  D=  -1 
 X=1023 X2= 976  Y= 971 Y2=1022 P1=  -1 P2=  -1 T1=1023 T2= 889  P=  -1  D=  -1 
 X= 713 X2=1023  Y= 973 Y2=1023 P1=  -1 P2=  -1 T1=1022 T2= 910  P=  -1  D=  -1 
 X= 732 X2=1023  Y= 968 Y2=1023 P1=  -1 P2=  -1 T1=1023 T2= 916  P=  -1  D=  -1 
 X= 867 X2=1023  Y= 932 Y2=1023 P1=  -1 P2=  -1 T1=1023 T2= 912  P=  -1  D=  -1 
 X= 902 X2=1023  Y= 974 Y2=1023 P1=  -1 P2=  -1 T1=1023 T2= 920  P=  -1  D=  -1 
 X= 876 X2=1013  Y= 976 Y2=1022 P1=  -1 P2=  -1 T1=1023 T2= 881  P=  -1  D=  -1 
 X= 995 X2= 972  Y= 969 Y2=1022 P1=  -1 P2=  -1 T1=1023 T2= 892  P=  -1  D=  -1 
 X= 980 X2= 976  Y= 969 Y2=1023 P1=  -1 P2=  -1 T1=1023 T2= 920  P=  -1  D=  -1 
 X= 546 X2= 548  Y= 547 Y2= 547 P1= 900 P2= 273 T1=  49 T2=  32  P=  -1  D=  -1 
 X= 534 X2= 533  Y= 535 Y2= 534 P1= 885 P2= 294 T1=  32 T2=  30  P=  -1  D=  -1 
 X= 539 X2= 539  Y= 541 Y2= 540 P1= 900 P2= 280 T1=  40 T2=  33  P=  -1  D=  -1 
 X= 538 X2= 538  Y= 538 Y2= 539 P1= 900 P2= 260 T1=  38 T2=  37  P=  -1  D=  -1 
 X= 534 X2= 535  Y= 536 Y2= 536 P1= 890 P2= 283 T1=  34 T2=  33  P=  -1  D=  -1 
 X= 532 X2= 533  Y= 533 Y2= 533 P1= 885 P2= 290 T1=  31 T2=  31  P=  -1  D=  -1 
 X= 532 X2= 532  Y= 532 Y2= 533 P1= 884 P2= 297 T1=  31 T2=  30  P=  -1  D=  -1 
 X= 535 X2= 535  Y= 537 Y2= 536 P1= 887 P2= 292 T1=  34 T2=  33  P=  -1  D=  -1 
 X= 532 X2= 532  Y= 534 Y2= 534 P1= 884 P2= 295 T1=  31 T2=  31  P=  -1  D=  -1 
 X= 532 X2= 531  Y= 532 Y2= 532 P1= 880 P2= 301 T1=  31 T2=  30  P=  -1  D=  -1 
 X= 531 X2= 531  Y= 532 Y2= 532 P1= 879 P2= 307 T1=  29 T2=  29  P=  -1  D=  -1 * 0
 X= 529 X2= 529  Y= 531 Y2= 531 P1= 875 P2= 316 T1=  27 T2=  28  P= 935  D=  -1 * 0
 X= 529 X2= 529  Y= 530 Y2= 530 P1= 872 P2= 318 T1=  27 T2=  27  P= 921  D=  -1 * 0
 X= 528 X2= 528  Y= 530 Y2= 530 P1= 872 P2= 320 T1=  26 T2=  26  P= 910  D=  -1 * 0
 X= 529 X2= 528  Y= 530 Y2= 530 P1= 871 P2= 322 T1=  26 T2=  27  P= 899  D=  -1 * 1
 X= 527 X2= 527  Y= 529 Y2= 529 P1= 869 P2= 324 T1=  26 T2=  26  P= 886  D=  -1 * 2
 X= 527 X2= 527  Y= 528 Y2= 529 P1= 870 P2= 325 T1=  25 T2=  26  P= 883  D=  -1 * 3
 X= 528 X2= 528  Y= 529 Y2= 529 P1= 869 P2= 323 T1=  25 T2=  26  P= 892  D=  -1 * 4
 X= 527 X2= 528  Y= 529 Y2= 529 P1= 870 P2= 323 T1=  26 T2=  26  P= 892  D=  -1 * 5
 X= 528 X2= 528  Y= 530 Y2= 529 P1= 871 P2= 322 T1=  26 T2=  26  P= 899  D=  -1 * 6
 X= 529 X2= 528  Y= 529 Y2= 529 P1= 871 P2= 322 T1=  26 T2=  26  P= 899  D=  -1 * 7
 X= 528 X2= 527  Y= 529 Y2= 529 P1= 870 P2= 322 T1=  25 T2=  26  P= 896  D=  -1 * 8
 X= 528 X2= 528  Y= 530 Y2= 529 P1= 870 P2= 323 T1=  26 T2=  26  P= 893  D=  -1 * 9
 X= 527 X2= 528  Y= 529 Y2= 529 P1= 870 P2= 321 T1=  26 T2=  26  P= 901  D=  -1 * 10
 X= 528 X2= 528  Y= 529 Y2= 530 P1= 871 P2= 323 T1=  26 T2=  27  P= 895  D=  -1 * 11
 X= 528 X2= 528  Y= 529 Y2= 530 P1= 871 P2= 321 T1=  27 T2=  26  P= 904  D=  -1 * 12
 X= 529 X2= 528  Y= 530 Y2= 530 P1= 871 P2= 321 T1=  25 T2=  26  P= 904  D=  -1 * 13
 X= 529 X2= 528  Y= 529 Y2= 529 P1= 870 P2= 324 T1=  26 T2=  26  P= 889  D=  -1 * 14
 X= 528 X2= 528  Y= 530 Y2= 529 P1= 870 P2= 323 T1=  27 T2=  26  P= 893  D=  -1 * 15
 X= 528 X2= 528  Y= 530 Y2= 529 P1= 870 P2= 321 T1=  26 T2=  26  P= 902  D=  -1 * 16
 X= 528 X2= 528  Y= 530 Y2= 530 P1= 871 P2= 321 T1=  27 T2=  26  P= 904  D=  -1 * 17
 X= 528 X2= 528  Y= 529 Y2= 530 P1= 871 P2= 321 T1=  26 T2=  26  P= 904  D=  -1 * 18
 X= 528 X2= 528  Y= 530 Y2= 530 P1= 871 P2= 320 T1=  27 T2=  25  P= 908  D=  -1 * 19
 X= 528 X2= 528  Y= 529 Y2= 529 P1= 870 P2= 321 T1=  24 T2=  27  P= 902  D=  -1 * 20
 X= 528 X2= 528  Y= 530 Y2= 529 P1= 871 P2= 322 T1=  26 T2=  27  P= 899  D=  -1 * 21
 X= 530 X2= 528  Y= 529 Y2= 529 P1= 870 P2= 322 T1=  26 T2=  26  P= 899  D=  -1 * 22
 X= 529 X2= 528  Y= 530 Y2= 529 P1= 871 P2= 323 T1=  26 T2=  26  P= 895  D=  -1 * 23
 X= 528 X2= 528  Y= 530 Y2= 529 P1= 871 P2= 322 T1=  26 T2=  26  P= 899  D=  -1 * 24
Remove Pin
 X= 529 X2= 527  Y= 529 Y2= 530 P1= 871 P2= 323 T1=  26 T2=  26  P= 895  D=  -1 * 24
 X= 527 X2= 528  Y= 529 Y2= 529 P1= 870 P2= 322 T1=  26 T2=  26  P= 896  D=  -1 * 24
 X= 527 X2= 528  Y= 530 Y2= 530 P1= 871 P2= 322 T1=  26 T2=  26  P= 898  D=  -1 * 24
 X= 528 X2= 528  Y= 529 Y2= 529 P1= 871 P2= 324 T1=  26 T2=  26  P= 891  D=  -1 * 24
 X= 528 X2= 528  Y= 529 Y2= 529 P1= 869 P2= 324 T1=  26 T2=  26  P= 888  D=  -1 * 24
 X= 527 X2= 528  Y= 529 Y2= 529 P1= 870 P2= 324 T1=  25 T2=  26  P= 887  D=  -1 * 24
 X= 528 X2= 527  Y= 528 Y2= 530 P1= 869 P2= 325 T1=  26 T2=  26  P= 881  D=  -1 * 24
 X= 528 X2= 527  Y= 530 Y2= 529 P1= 870 P2= 323 T1=  25 T2=  26  P= 892  D=  -1 * 24
 X= 528 X2= 528  Y= 529 Y2= 530 P1= 870 P2= 324 T1=  29 T2=  25  P= 889  D=  -1 * 24
 X= 528 X2= 528  Y= 530 Y2= 529 P1= 870 P2= 322 T1=  26 T2=  26  P= 898  D=  -1 * 24
 X= 528 X2= 528  Y= 529 Y2= 530 P1= 870 P2= 325 T1=  26 T2=  26  P= 884  D=  -1 * 24
 X= 527 X2= 528  Y= 529 Y2= 529 P1= 869 P2= 323 T1=  26 T2=  26  P= 890  D=  -1 * 24
 X= 528 X2= 528  Y= 529 Y2= 530 P1= 871 P2= 322 T1=  26 T2=  26  P= 899  D=  -1 * 24
 X= 526 X2= 528  Y= 529 Y2= 529 P1= 870 P2= 325 T1=  26 T2=  26  P= 883  D=  -1 * 24
 X= 528 X2= 528  Y= 529 Y2= 529 P1= 869 P2= 327 T1=  26 T2=  26  P= 874  D=  -1 * 24
 X= 526 X2= 527  Y= 529 Y2= 529 P1= 869 P2= 325 T1=  26 T2=  26  P= 879  D=  -1 * 24
 X= 527 X2= 528  Y= 529 Y2= 529 P1= 869 P2= 324 T1=  26 T2=  26  P= 886  D=  -1 * 24
 X= 528 X2= 528  Y= 530 Y2= 529 P1= 870 P2= 324 T1=  26 T2=  26  P= 889  D=  -1 * 24
 X= 528 X2= 528  Y= 530 Y2= 529 P1= 871 P2= 324 T1=  26 T2=  26  P= 891  D=  -1 * 24
 X= 528 X2= 527  Y= 529 Y2= 528 P1= 870 P2= 324 T1=  26 T2=  26  P= 887  D=  -1 * 24
 X= 527 X2= 528  Y= 529 Y2= 529 P1= 870 P2= 324 T1=  26 T2=  26  P= 887  D=  -1 * 24
 X= 527 X2= 528  Y= 529 Y2= 529 P1= 869 P2= 325 T1=  25 T2=  25  P= 881  D=  -1 * 24
 X= 546 X2= 544  Y= 545 Y2= 544 P1= 887 P2= 296 T1=  43 T2=  31  P= 881  D=  -1 
 X= 549 X2= 543  Y= 545 Y2= 546 P1= 890 P2= 289 T1=  46 T2=  31  P= 881  D=  -1 
 X=1023 X2= 995  Y= 965 Y2=1023 P1=1023 P2=   0 T1=1023 T2= 899  P= 881  D=  -1 
 X= 967 X2= 984  Y= 961 Y2=1023 P1=1023 P2=   0 T1=1023 T2= 888  P= 881  D=  -1 
 X= 874 X2= 959  Y= 971 Y2=1023 P1=1023 P2=   0 T1=1023 T2= 898  P= 881  D=  -1 
target state=1 point=23,22
 X=1016 X2=1007  Y= 960 Y2=1023 P1=1023 P2=   0 T1=1022 T2= 888  P= 881  D=  -1 
 X= 759 X2=1023  Y= 961 Y2=1022 P1=1023 P2=   0 T1=1022 T2= 892  P= 881  D=  -1 
 X= 988 X2= 969  Y= 961 Y2=1022 P1=1023 P2=   0 T1=1023 T2= 894  P= 881  D=  -1 
 X= 776 X2=1010  Y= 960 Y2=1023 P1=1023 P2=   0 T1=1022 T2= 903  P= 881  D=  -1 
 X= 873 X2=1021  Y= 966 Y2=1021 P1=1023 P2=   0 T1=1023 T2= 897  P= 881  D=  -1 
 X= 859 X2= 943  Y= 969 Y2=1022 P1=1023 P2=   0 T1=1023 T2= 889  P= 881  D=  -1 
 X=1023 X2= 928  Y= 960 Y2=1020 P1=1023 P2=   0 T1=1023 T2= 893  P= 881  D=  -1 
 X= 840 X2=1023  Y= 971 Y2=1021 P1=1023 P2=   0 T1=1023 T2= 880  P= 881  D=  -1 
 X= 831 X2=1023  Y= 969 Y2=1022 P1=1023 P2=   0 T1=1023 T2= 892  P= 881  D=  -1 
 X= 715 X2=1010  Y= 955 Y2=1023 P1=1023 P2=   0 T1=1023 T2= 862  P= 881  D=  -1 
 X= 643 X2=1023  Y= 963 Y2=1023 P1=1023 P2=   0 T1=1023 T2= 898  P= 881  D=  -1 
 X= 889 X2= 999  Y= 955 Y2=1022 P1=1023 P2=   0 T1=1023 T2= 864  P= 881  D=  -1 
 X= 985 X2= 974  Y= 958 Y2=1022 P1=1023 P2=   0 T1=1023 T2= 900  P= 881  D=  -1 
 X= 795 X2=1012  Y= 965 Y2=1023 P1=1023 P2=   0 T1=1023 T2= 881  P= 881  D=  -1 
 X=1023 X2= 991  Y= 968 Y2=1022 P1=1023 P2=   0 T1=1023 T2= 866  P= 881  D=  -1 
 X=1023 X2= 974  Y= 967 Y2=1022 P1=1023 P2=   0 T1=1015 T2= 896  P= 881  D=  -1 
 X= 727 X2=1023  Y= 967 Y2=1023 P1=1023 P2=   0 T1=1023 T2= 881  P= 881  D=  -1 
 X= 758 X2=1023  Y= 958 Y2=1023 P1=1023 P2=   0 T1=1023 T2= 898  P= 881  D=  -1 
 X=1016 X2=1002  Y=1012 Y2=1023 P1=1023 P2=   0 T1=1023 T2=1021  P= 881  D=  -1 
 X=1023 X2= 984  Y= 975 Y2=1022 P1=1023 P2=   0 T1=1023 T2= 903  P= 881  D=  -1 
 X= 723 X2=1023  Y= 961 Y2=1023 P1=1023 P2=   0 T1=1023 T2= 895  P= 881  D=  -1 
 X= 637 X2=1023  Y= 965 Y2=1023 P1=1023 P2=   0 T1=1023 T2= 882  P= 881  D=  -1 
 X= 968 X2=1001  Y= 969 Y2=1022 P1=1023 P2=   0 T1=1023 T2= 891  P= 881  D=  -1 
 X= 915 X2=1023  Y= 966 Y2=1022 P1=1023 P2=   0 T1=1023 T2= 886  P= 881  D=  -1 
 X= 836 X2= 921  Y= 973 Y2=1022 P1=1023 P2=   0 T1=1023 T2= 899  P= 881  D=  -1 
 X= 912 X2=1000  Y= 961 Y2=1022 P1=1023 P2=   0 T1=1023 T2= 876  P= 881  D=  -1 
 X= 756 X2=1023  Y= 958 Y2=1023 P1=1023 P2=   0 T1=1023 T2= 890  P= 881  D=  -1 
 X= 774 X2=1023  Y= 975 Y2=1021 P1=1023 P2=   0 T1=1023 T2= 888  P= 881  D=  -1 
 X= 580 X2=1023  Y= 953 Y2=1023 P1=1023 P2=   0 T1=1023 T2= 925  P= 881  D=  -1 
 X= 683 X2=1023  Y= 970 Y2=1023 P1=1023 P2=   0 T1=1023 T2= 876  P= 881  D=  -1 
 X=1023 X2= 996  Y= 958 Y2=1022 P1=1023 P2=   0 T1=1018 T2= 891  P= 881  D=  -1 
 X=1021 X2= 950  Y= 954 Y2=1022 P1=1023 P2=   0 T1=1023 T2= 853  P= 881  D=  -1 
 X= 691 X2=1013  Y= 966 Y2=1020 P1=1023 P2=   0 T1=1023 T2= 893  P= 881  D=  -1 
 X= 876 X2=1023  Y= 974 Y2=1022 P1=1023 P2=   0 T1=1023 T2= 897  P= 881  D=  -1 
 X= 900 X2= 954  Y= 947 Y2=1021 P1=1023 P2=   0 T1=1023 T2= 866  P= 881  D=  -1 
 X= 651 X2=1023  Y= 965 Y2=1023 P1=1023 P2=   0 T1=1023 T2= 871  P= 881  D=  -1 
 X= 654 X2=1023  Y= 973 Y2=1023 P1=1023 P2=   0 T1=1023 T2= 917  P= 881  D=  -1 
 X= 979 X2= 963  Y= 973 Y2=1022 P1=1023 P2=   0 T1=1023 T2= 884  P= 881  D=  -1 
 X= 780 X2=1010  Y= 957 Y2=1023 P1=1023 P2=   0 T1=1023 T2= 904  P= 881  D=  -1 
 X=1009 X2= 952  Y= 969 Y2=1021 P1=1023 P2=   0 T1=1023 T2= 877  P= 881  D=  -1 
 X=1023 X2= 991  Y= 960 Y2=1021 P1=1023 P2=   0 T1=1023 T2= 889  P= 881  D=  -1 
 X= 997 X2= 961  Y= 968 Y2=1023 P1=1023 P2=   0 T1=1023 T2= 903  P= 881  D=  -1 
 X= 884 X2= 955  Y= 967 Y2=1020 P1=1023 P2=   0 T1=1023 T2= 894  P= 881  D=  -1 
 X= 881 X2= 952  Y= 981 Y2=1021 P1=1023 P2=   0 T1=1023 T2= 884  P= 881  D=  -1 
 X= 886 X2=1023  Y= 961 Y2=1023 P1=1023 P2=   0 T1=1023 T2= 883  P= 881  D=  -1 
 X= 706 X2=1023  Y= 975 Y2=1023 P1=1023 P2=   0 T1=1022 T2= 917  P= 881  D=  -1 
 X= 983 X2= 971  Y= 974 Y2=1022 P1=1023 P2=   0 T1=1023 T2= 870  P= 881  D=  -1 
 X= 730 X2=1003  Y= 945 Y2=1023 P1=1023 P2=   0 T1=1022 T2= 889  P= 881  D=  -1 
 X= 857 X2=1023  Y= 973 Y2=1021 P1=1023 P2=   0 T1=1023 T2= 908  P= 881  D=  -1 
 X= 957 X2=1002  Y= 958 Y2=1023 P1=1023 P2=   0 T1=1023 T2= 916  P= 881  D=  -1 
 X= 892 X2=1023  Y= 953 Y2=1022 P1=1023 P2=   0 T1=1023 T2= 874  P= 881  D=  -1 
 X= 868 X2=1023  Y= 983 Y2=1022 P1=1023 P2=   0 T1=1023 T2= 892  P= 881  D=  -1 
 X= 886 X2=1021  Y= 969 Y2=1022 P1=1023 P2=   0 T1=1023 T2= 913  P= 881  D=  -1 
 X= 624 X2=1023  Y= 959 Y2=1023 P1=1023 P2=   0 T1=1023 T2= 896  P= 881  D=  -1 
 X= 605 X2=1023  Y= 952 Y2=1023 P1=1023 P2=   0 T1=1022 T2= 883  P= 881  D=  -1 
 X= 784 X2=1023  Y= 974 Y2=1023 P1=1023 P2=   0 T1=1023 T2= 900  P= 881  D=  -1 
 X= 834 X2=1015  Y= 949 Y2=1023 P1=1023 P2=   0 T1=1023 T2= 876  P= 881  D=  -1 
 X= 781 X2=1013  Y= 958 Y2=1023 P1=1023 P2=   0 T1=1023 T2= 901  P= 881  D=  -1 
 X= 233 X2= 231  Y= 349 Y2= 342 P1= 697 P2= 218 T1=  19 T2=  19  P= 509  D=  -1 * 0
 X=1021 X2= 927  Y= 964 Y2=1022 P1=1023 P2=   0 T1=1023 T2= 893  P= 509  D=  -1 
 X= 602 X2=1023  Y= 966 Y2=1023 P1=1023 P2=   0 T1=1023 T2= 881  P= 509  D=  -1 
 X= 682 X2=1023  Y= 958 Y2=1021 P1=1023 P2=   0 T1=1023 T2= 882  P= 509  D=  -1 
 X= 304 X2= 305  Y= 421 Y2= 427 P1= 832 P2= 156 T1= 106 T2=  29  P= 509  D=  -1 
 X= 239 X2= 239  Y= 355 Y2= 348 P1= 769 P2= 173 T1=  24 T2=  27  P= 823  D=  -1 * 0
 X= 281 X2= 281  Y= 391 Y2= 385 P1= 861 P2= 111 T1=  63 T2=  42  P= 823  D=  -1 
 X= 241 X2= 240  Y= 354 Y2= 348 P1= 764 P2= 175 T1=  25 T2=  26  P= 807  D=  -1 * 0
 X= 244 X2= 242  Y= 356 Y2= 350 P1= 774 P2= 171 T1=  27 T2=  26  P= 856  D=  -1 * 0
 X= 242 X2= 239  Y= 354 Y2= 347 P1= 762 P2= 177 T1=  24 T2=  25  P= 793  D=  -1 * 1
 X= 241 X2= 240  Y= 354 Y2= 348 P1= 761 P2= 178 T1=  24 T2=  25  P= 786  D=  -1 * 2
 X= 240 X2= 238  Y= 354 Y2= 347 P1= 752 P2= 184 T1=  23 T2=  24  P= 737  D=  -1 * 3
 X= 240 X2= 237  Y= 353 Y2= 346 P1= 747 P2= 187 T1=  23 T2=  23  P= 712  D=  -1 * 4
 X= 240 X2= 238  Y= 352 Y2= 346 P1= 745 P2= 189 T1=  23 T2=  22  P= 702  D=  -1 * 5
 X= 240 X2= 238  Y= 353 Y2= 346 P1= 745 P2= 190 T1=  23 T2=  23  P= 698  D=  -1 * 6
 X= 240 X2= 238  Y= 352 Y2= 346 P1= 744 P2= 190 T1=  23 T2=  23  P= 696  D=  -1 * 7
 X= 239 X2= 238  Y= 352 Y2= 346 P1= 743 P2= 191 T1=  23 T2=  23  P= 687  D=  -1 * 8
 X= 239 X2= 237  Y= 352 Y2= 345 P1= 741 P2= 192 T1=  22 T2=  22  P= 680  D=  -1 * 9
 X= 240 X2= 238  Y= 352 Y2= 347 P1= 741 P2= 191 T1=  23 T2=  22  P= 688  D=  -1 * 10
 X= 239 X2= 237  Y= 353 Y2= 346 P1= 740 P2= 192 T1=  22 T2=  22  P= 679  D=  -1 * 11
 X= 239 X2= 238  Y= 352 Y2= 346 P1= 741 P2= 194 T1=  22 T2=  22  P= 670  D=  -1 * 12
 X= 239 X2= 237  Y= 353 Y2= 346 P1= 742 P2= 192 T1=  23 T2=  22  P= 681  D=  -1 * 13
 X= 240 X2= 236  Y= 353 Y2= 346 P1= 741 P2= 192 T1=  22 T2=  22  P= 680  D=  -1 * 14
 X= 238 X2= 237  Y= 352 Y2= 346 P1= 742 P2= 192 T1=  22 T2=  22  P= 678  D=  -1 * 15
 X= 239 X2= 237  Y= 352 Y2= 346 P1= 741 P2= 192 T1=  23 T2=  23  P= 680  D=  -1 * 16
 X= 239 X2= 237  Y= 353 Y2= 346 P1= 742 P2= 191 T1=  22 T2=  23  P= 686  D=  -1 * 17
 X= 239 X2= 238  Y= 352 Y2= 346 P1= 741 P2= 191 T1=  23 T2=  23  P= 685  D=  -1 * 18
 X= 240 X2= 238  Y= 353 Y2= 346 P1= 741 P2= 192 T1=  22 T2=  23  P= 683  D=  -1 * 19
 X= 239 X2= 238  Y= 353 Y2= 346 P1= 742 P2= 191 T1=  23 T2=  22  P= 686  D=  -1 * 20
 X= 239 X2= 238  Y= 353 Y2= 346 P1= 742 P2= 191 T1=  23 T2=  22  P= 686  D=  -1 * 21
 X= 237 X2= 238  Y= 352 Y2= 346 P1= 742 P2= 191 T1=  23 T2=  22  P= 683  D=  -1 * 22
 X= 239 X2= 238  Y= 353 Y2= 346 P1= 741 P2= 191 T1=  22 T2=  23  P= 685  D=  -1 * 23
 X= 240 X2= 237  Y= 353 Y2= 346 P1= 741 P2= 191 T1=  22 T2=  22  P= 685  D=  -1 * 24
Remove Pin
 X= 240 X2= 237  Y= 352 Y2= 346 P1= 742 P2= 191 T1=  22 T2=  23  P= 686  D=  -1 * 24
 X= 238 X2= 238  Y= 352 Y2= 346 P1= 742 P2= 191 T1=  23 T2=  22  P= 686  D=  -1 * 24
 X= 239 X2= 237  Y= 353 Y2= 346 P1= 742 P2= 191 T1=  22 T2=  22  P= 686  D=  -1 * 24
 X= 239 X2= 237  Y= 352 Y2= 346 P1= 742 P2= 191 T1=  23 T2=  22  P= 686  D=  -1 * 24
 X= 240 X2= 238  Y= 352 Y2= 346 P1= 742 P2= 190 T1=  23 T2=  23  P= 694  D=  -1 * 24
 X= 239 X2= 238  Y= 353 Y2= 345 P1= 743 P2= 191 T1=  22 T2=  23  P= 687  D=  -1 * 24
 X= 238 X2= 238  Y= 353 Y2= 346 P1= 742 P2= 192 T1=  22 T2=  23  P= 681  D=  -1 * 24
 X= 240 X2= 237  Y= 353 Y2= 345 P1= 742 P2= 192 T1=  22 T2=  22  P= 681  D=  -1 * 24
 X= 239 X2= 238  Y= 352 Y2= 346 P1= 742 P2= 191 T1=  22 T2=  23  P= 686  D=  -1 * 24
 X= 239 X2= 238  Y= 352 Y2= 346 P1= 741 P2= 192 T1=  22 T2=  22  P= 680  D=  -1 * 24
 X= 239 X2= 237  Y= 352 Y2= 346 P1= 742 P2= 191 T1=  22 T2=  22  P= 686  D=  -1 * 24
 X= 240 X2= 237  Y= 352 Y2= 346 P1= 741 P2= 191 T1=  23 T2=  22  P= 685  D=  -1 * 24
 X= 239 X2= 237  Y= 353 Y2= 346 P1= 742 P2= 191 T1=  22 T2=  22  P= 686  D=  -1 * 24
 X= 239 X2= 238  Y= 352 Y2= 347 P1= 741 P2= 191 T1=  23 T2=  22  P= 685  D=  -1 * 24
 X= 241 X2= 237  Y= 352 Y2= 346 P1= 742 P2= 191 T1=  23 T2=  23  P= 689  D=  -1 * 24
 X= 239 X2= 237  Y= 353 Y2= 346 P1= 742 P2= 192 T1=  23 T2=  22  P= 681  D=  -1 * 24
 X= 239 X2= 238  Y= 353 Y2= 346 P1= 742 P2= 191 T1=  23 T2=  23  P= 686  D=  -1 * 24
 X= 240 X2= 237  Y= 353 Y2= 346 P1= 742 P2= 191 T1=  22 T2=  22  P= 686  D=  -1 * 24
 X= 240 X2= 237  Y= 352 Y2= 346 P1= 741 P2= 192 T1=  23 T2=  23  P= 680  D=  -1 * 24
 X= 239 X2= 238  Y= 353 Y2= 346 P1= 742 P2= 192 T1=  23 T2=  23  P= 681  D=  -1 * 24
 X= 240 X2= 237  Y= 352 Y2= 346 P1= 742 P2= 192 T1=  22 T2=  22  P= 681  D=  -1 * 24
 X= 239 X2= 237  Y= 353 Y2= 346 P1= 745 P2= 188 T1=  22 T2=  23  P= 704  D=  -1 * 24
 X= 245 X2= 244  Y= 362 Y2= 359 P1= 798 P2= 158 T1=  26 T2=  33  P= 704  D=  -1 * 24
 X= 756 X2=1023  Y= 968 Y2=1022 P1=1023 P2=   0 T1=1023 T2= 860  P= 704  D=  -1 
 X= 877 X2=1023  Y= 971 Y2=1020 P1=1023 P2=   0 T1=1023 T2= 883  P= 704  D=  -1 
 X= 923 X2= 993  Y= 967 Y2=1022 P1=1023 P2=   0 T1=1022 T2= 856  P= 704  D=  -1 
target state=2 point=456,22
 X= 777 X2=1023  Y= 966 Y2=1022 P1=1023 P2=   0 T1=1023 T2= 897  P= 704  D=  -1 
 X= 701 X2=1023  Y= 963 Y2=1023 P1=1023 P2=   0 T1=1023 T2= 894  P= 704  D=  -1 
 X= 935 X2=1023  Y=1018 Y2=1023 P1=1023 P2=   0 T1=1023 T2=1022  P= 704  D=  -1 
 X= 866 X2= 954  Y= 967 Y2=1021 P1=1023 P2=   0 T1=1023 T2= 891  P= 704  D=  -1 
 X= 890 X2=1022  Y= 972 Y2=1022 P1=1023 P2=   0 T1=1023 T2= 910  P= 704  D=  -1 
 X=1023 X2= 950  Y= 965 Y2=1023 P1=1023 P2=   0 T1=1023 T2= 875  P= 704  D=  -1 
 X= 731 X2=1023  Y= 970 Y2=1023 P1=1023 P2=   0 T1=1023 T2= 882  P= 704  D=  -1 
 X= 760 X2=1023  Y= 935 Y2=1023 P1=1023 P2=   0 T1=1023 T2= 888  P= 704  D=  -1 
 X= 859 X2=1021  Y= 966 Y2=1022 P1=1023 P2=   0 T1=1023 T2= 932  P= 704  D=  -1 
 X= 774 X2=1023  Y= 976 Y2=1023 P1=1023 P2=   0 T1=1023 T2= 888  P= 704  D=  -1 
 X= 605 X2=1023  Y= 961 Y2=1023 P1=1023 P2=   0 T1=1023 T2= 906  P= 704  D=  -1 
 X=1023 X2= 990  Y= 947 Y2=1021 P1=1023 P2=   0 T1=1023 T2= 874  P= 704  D=  -1 
 X= 985 X2= 955  Y= 962 Y2=1022 P1=1023 P2=   0 T1=1023 T2= 879  P= 704  D=  -1 
 X= 867 X2=1023  Y= 954 Y2=1022 P1=1023 P2=   0 T1=1023 T2= 866  P= 704  D=  -1 
 X= 885 X2=1023  Y= 985 Y2=1020 P1=1023 P2=   0 T1=1023 T2= 869  P= 704  D=  -1 
 X= 612 X2=1023  Y= 963 Y2=1023 P1=1023 P2=   0 T1=1023 T2= 908  P= 704  D=  -1 
 X= 873 X2=1023  Y= 979 Y2=1021 P1=1023 P2=   0 T1=1023 T2= 900  P= 704  D=  -1 
 X= 824 X2=1023  Y= 957 Y2=1022 P1=1023 P2=   0 T1=1023 T2= 884  P= 704  D=  -1 
 X= 916 X2=1002  Y= 970 Y2=1023 P1=1023 P2=   0 T1=1023 T2= 892  P= 704  D=  -1 
 X= 838 X2=1012  Y= 946 Y2=1023 P1=1023 P2=   0 T1=1023 T2= 891  P= 704  D=  -1 
 X= 870 X2= 928  Y= 970 Y2=1023 P1=1023 P2=   0 T1=1023 T2= 903  P= 704  D=  -1 
 X=1021 X2= 946  Y= 960 Y2=1023 P1=1023 P2=   0 T1=1023 T2= 880  P= 704  D=  -1 
 X= 693 X2=1021  Y= 967 Y2=1023 P1=1023 P2=   0 T1=1023 T2= 883  P= 704  D=  -1 
 X= 845 X2=1023  Y= 970 Y2=1021 P1=1023 P2=   0 T1=1023 T2= 855  P= 704  D=  -1 
 X= 907 X2= 950  Y= 975 Y2=1023 P1=1023 P2=   0 T1=1023 T2= 876  P= 704  D=  -1 
 X= 655 X2=1023  Y= 964 Y2=1023 P1=1023 P2=   0 T1=1023 T2= 911  P= 704  D=  -1 
 X= 674 X2=1023  Y= 970 Y2=1023 P1=1023 P2=   0 T1=1023 T2= 898  P= 704  D=  -1 
 X= 977 X2= 983  Y= 961 Y2=1023 P1=1023 P2=   0 T1=1023 T2= 895  P= 704  D=  -1 
 X= 727 X2=1006  Y= 950 Y2=1023 P1=1023 P2=   0 T1=1023 T2= 872  P= 704  D=  -1 
 X= 808 X2=1012  Y= 960 Y2=1023 P1=1023 P2=   0 T1=1023 T2= 890  P= 704  D=  -1 
 X= 736 X2=1001  Y= 956 Y2=1023 P1=1023 P2=   0 T1=1023 T2= 881  P= 704  D=  -1 
 X= 984 X2= 991  Y= 974 Y2=1022 P1=1023 P2=   0 T1=1023 T2= 881  P= 704  D=  -1 
 X= 766 X2=1023  Y= 972 Y2=1015 P1=1023 P2=   0 T1=1023 T2= 921  P= 704  D=  -1 
 X=1023 X2= 998  Y= 942 Y2=1023 P1=1023 P2=   0 T1=1023 T2= 871  P= 704  D=  -1 
 X= 853 X2=1023  Y= 968 Y2=1023 P1=1023 P2=   0 T1=1021 T2= 898  P= 704  D=  -1 
 X= 803 X2=1023  Y= 972 Y2=1023 P1=1023 P2=   0 T1=1021 T2= 886  P= 704  D=  -1 
 X= 902 X2= 990  Y= 952 Y2=1022 P1=1023 P2=   0 T1=1023 T2= 898  P= 704  D=  -1 
 X= 611 X2=1023  Y= 977 Y2=1023 P1=1023 P2=   0 T1=1023 T2= 899  P= 704  D=  -1 
 X= 818 X2=1011  Y= 895 Y2=1023 P1=1023 P2=   0 T1=1023 T2= 889  P= 704  D=  -1 
 X= 907 X2=1023  Y= 973 Y2=1021 P1=1023 P2=   0 T1=1023 T2= 888  P= 704  D=  -1 
 X= 780 X2=1023  Y= 992 Y2=1023 P1=1023 P2=   0 T1=1023 T2= 906  P= 704  D=  -1 
 X= 698 X2=1023  Y= 973 Y2=1022 P1=1023 P2=   0 T1=1023 T2= 893  P= 704  D=  -1 
 X= 903 X2=1000  Y= 948 Y2=1020 P1=1023 P2=   0 T1=1023 T2= 870  P= 704  D=  -1 
 X= 828 X2=1011  Y= 945 Y2=1023 P1=1023 P2=   0 T1=1023 T2= 878  P= 704  D=  -1 
 X= 680 X2=1023  Y= 967 Y2=1022 P1=1023 P2=   0 T1=1023 T2= 882  P= 704  D=  -1 
 X= 752 X2=1023  Y= 967 Y2=1023 P1=1023 P2=   0 T1=1023 T2= 878  P= 704  D=  -1 
 X= 953 X2= 986  Y= 968 Y2=1023 P1=1023 P2=   0 T1=1023 T2= 893  P= 704  D=  -1 
 X= 962 X2= 998  Y= 937 Y2=1023 P1=1023 P2=   0 T1=1022 T2= 883  P= 704  D=  -1 
 X= 879 X2=1023  Y= 986 Y2=1022 P1=1023 P2=   0 T1=1023 T2= 907  P= 704  D=  -1 
 X=1023 X2= 990  Y= 970 Y2=1023 P1=1023 P2=   0 T1=1023 T2= 887  P= 704  D=  -1 
 X= 625 X2=1018  Y= 948 Y2=1023 P1=1023 P2=   0 T1=1023 T2= 895  P= 704  D=  -1 
 X= 914 X2=1023  Y= 975 Y2=1021 P1=1023 P2=   0 T1=1023 T2= 891  P= 704  D=  -1 
 X= 882 X2=1023  Y= 990 Y2=1021 P1=1023 P2=   0 T1=1023 T2= 881  P= 704  D=  -1 
 X=1011 X2=1008  Y= 947 Y2=1023 P1=1023 P2=   0 T1=1023 T2= 883  P= 704  D=  -1 
 X= 801 X2=1023  Y= 970 Y2=1021 P1=1023 P2=   0 T1=1023 T2= 897  P= 704  D=  -1 
 X= 976 X2= 990  Y= 970 Y2=1023 P1=1023 P2=   0 T1=1023 T2= 861  P= 704  D=  -1 
 X= 751 X2=1001  Y= 945 Y2=1023 P1=1023 P2=   0 T1=1023 T2= 886  P= 704  D=  -1 
 X= 802 X2=1023  Y= 970 Y2=1022 P1=1023 P2=   0 T1=1023 T2= 870  P= 704  D=  -1 
 X= 877 X2=1023  Y= 970 Y2=1023 P1=1023 P2=   0 T1=1023 T2= 880  P= 704  D=  -1 
 X=1023 X2= 990  Y= 971 Y2=1023 P1=1023 P2=   0 T1=1023 T2= 873  P= 704  D=  -1 
 X= 557 X2=1023  Y= 953 Y2=1023 P1=1023 P2=   0 T1=1022 T2= 906  P= 704  D=  -1 
 X=1023 X2= 987  Y= 977 Y2=1023 P1=1023 P2=   0 T1=1023 T2= 897  P= 704  D=  -1 
 X= 697 X2=1023  Y= 973 Y2=1023 P1=1023 P2=   0 T1=1023 T2= 905  P= 704  D=  -1 
 X= 643 X2=1023  Y= 971 Y2=1023 P1=1023 P2=   0 T1=1023 T2= 870  P= 704  D=  -1 
 X=1023 X2= 942  Y= 968 Y2=1023 P1=1023 P2=   0 T1=1023 T2= 879  P= 704  D=  -1 
 X= 769 X2=1010  Y= 974 Y2=1023 P1=1023 P2=   0 T1=1023 T2= 879  P= 704  D=  -1 
 X= 735 X2=1007  Y= 929 Y2=1023 P1=1023 P2=   0 T1=1023 T2= 864  P= 704  D=  -1 
 X= 885 X2=1023  Y= 968 Y2=1021 P1=1023 P2=   0 T1=1023 T2= 850  P= 704  D=  -1 
 X= 829 X2=1023  Y= 971 Y2=1021 P1=1023 P2=   0 T1=1023 T2= 846  P= 704  D=  -1 
 X= 801 X2= 803  Y= 345 Y2= 351 P1= 826 P2= 493 T1=  13 T2=  13  P= 541  D=  -1 * 0
 X= 804 X2= 803  Y= 346 Y2= 352 P1= 831 P2= 479 T1=  14 T2=  14  P= 589  D=  -1 * 0
 X= 804 X2= 804  Y= 345 Y2= 352 P1= 827 P2= 486 T1=  14 T2=  13  P= 563  D=  -1 * 0
 X= 805 X2= 804  Y= 347 Y2= 354 P1= 841 P2= 452 T1=  15 T2=  17  P= 691  D=  -1 * 0
 X= 803 X2= 804  Y= 346 Y2= 352 P1= 830 P2= 480 T1=  14 T2=  15  P= 585  D=  -1 * 1
 X= 804 X2= 804  Y= 345 Y2= 352 P1= 829 P2= 482 T1=  15 T2=  14  P= 578  D=  -1 * 2
 X= 805 X2= 803  Y= 346 Y2= 352 P1= 830 P2= 481 T1=  14 T2=  15  P= 582  D=  -1 * 3
 X= 805 X2= 803  Y= 346 Y2= 352 P1= 830 P2= 482 T1=  15 T2=  14  P= 579  D=  -1 * 4
 X= 803 X2= 803  Y= 345 Y2= 352 P1= 830 P2= 484 T1=  14 T2=  14  P= 573  D=  -1 * 5
 X= 804 X2= 803  Y= 346 Y2= 352 P1= 829 P2= 482 T1=  15 T2=  14  P= 577  D=  -1 * 6
 X= 804 X2= 803  Y= 345 Y2= 352 P1= 829 P2= 482 T1=  14 T2=  14  P= 577  D=  -1 * 7
 X= 804 X2= 803  Y= 345 Y2= 352 P1= 829 P2= 482 T1=  14 T2=  14  P= 577  D=  -1 * 8
 X= 804 X2= 804  Y= 346 Y2= 352 P1= 829 P2= 481 T1=  15 T2=  14  P= 581  D=  -1 * 9
 X= 803 X2= 804  Y= 345 Y2= 352 P1= 830 P2= 481 T1=  14 T2=  14  P= 582  D=  -1 * 10
 X= 804 X2= 804  Y= 345 Y2= 352 P1= 829 P2= 482 T1=  14 T2=  14  P= 578  D=  -1 * 11
 X= 804 X2= 803  Y= 345 Y2= 352 P1= 830 P2= 482 T1=  14 T2=  14  P= 578  D=  -1 * 12
 X= 805 X2= 803  Y= 346 Y2= 352 P1= 830 P2= 481 T1=  14 T2=  15  P= 582  D=  -1 * 13
 X= 805 X2= 803  Y= 346 Y2= 352 P1= 830 P2= 482 T1=  15 T2=  15  P= 579  D=  -1 * 14
 X= 804 X2= 804  Y= 345 Y2= 352 P1= 830 P2= 481 T1=  14 T2=  14  P= 582  D=  -1 * 15
 X= 800 X2= 804  Y= 346 Y2= 352 P1= 830 P2= 481 T1=  16 T2=  15  P= 581  D=  -1 * 16
 X= 803 X2= 803  Y= 346 Y2= 352 P1= 830 P2= 482 T1=  14 T2=  15  P= 578  D=  -1 * 17
 X= 805 X2= 803  Y= 345 Y2= 352 P1= 830 P2= 481 T1=  14 T2=  15  P= 582  D=  -1 * 18
 X= 804 X2= 804  Y= 345 Y2= 353 P1= 830 P2= 481 T1=  14 T2=  14  P= 582  D=  -1 * 19
 X= 804 X2= 804  Y= 346 Y2= 352 P1= 829 P2= 482 T1=  15 T2=  14  P= 578  D=  -1 * 20
 X= 804 X2= 803  Y= 345 Y2= 352 P1= 830 P2= 481 T1=  14 T2=  14  P= 582  D=  -1 * 21
 X= 804 X2= 803  Y= 346 Y2= 352 P1= 830 P2= 482 T1=  14 T2=  14  P= 578  D=  -1 * 22
 X= 803 X2= 803  Y= 345 Y2= 352 P1= 830 P2= 481 T1=  14 T2=  15  P= 582  D=  -1 * 23
 X= 804 X2= 803  Y= 346 Y2= 352 P1= 829 P2= 482 T1=  14 T2=  14  P= 577  D=  -1 * 24
Remove Pin
 X= 804 X2= 803  Y= 345 Y2= 352 P1= 830 P2= 482 T1=  14 T2=  15  P= 578  D=  -1 * 24
 X= 804 X2= 803  Y= 346 Y2= 352 P1= 830 P2= 481 T1=  14 T2=  14  P= 582  D=  -1 * 24
 X= 804 X2= 803  Y= 346 Y2= 353 P1= 829 P2= 481 T1=  15 T2=  15  P= 580  D=  -1 * 24
 X= 804 X2= 804  Y= 346 Y2= 352 P1= 830 P2= 482 T1=  15 T2=  15  P= 579  D=  -1 * 24
 X= 804 X2= 803  Y= 345 Y2= 353 P1= 830 P2= 482 T1=  14 T2=  15  P= 578  D=  -1 * 24
 X= 804 X2= 803  Y= 346 Y2= 352 P1= 830 P2= 482 T1=  15 T2=  15  P= 578  D=  -1 * 24
 X= 804 X2= 803  Y= 346 Y2= 353 P1= 829 P2= 481 T1=  14 T2=  14  P= 580  D=  -1 * 24
 X= 804 X2= 803  Y= 346 Y2= 352 P1= 830 P2= 481 T1=  15 T2=  14  P= 582  D=  -1 * 24
 X= 804 X2= 804  Y= 346 Y2= 352 P1= 830 P2= 481 T1=  15 T2=  14  P= 582  D=  -1 * 24
 X= 804 X2= 803  Y= 345 Y2= 352 P1= 830 P2= 481 T1=  14 T2=  14  P= 582  D=  -1 * 24
 X= 804 X2= 803  Y= 346 Y2= 352 P1= 829 P2= 484 T1=  14 T2=  14  P= 571  D=  -1 * 24
 X= 804 X2= 803  Y= 345 Y2= 352 P1= 829 P2= 485 T1=  14 T2=  14  P= 569  D=  -1 * 24
 X= 805 X2= 804  Y= 346 Y2= 353 P1= 832 P2= 476 T1=  15 T2=  15  P= 600  D=  -1 * 24
 X= 804 X2= 805  Y= 347 Y2= 354 P1= 833 P2= 472 T1=  15 T2=  15  P= 614  D=  -1 * 24
 X= 805 X2= 804  Y= 346 Y2= 353 P1= 832 P2= 474 T1=  15 T2=  15  P= 607  D=  -1 * 24
 X= 805 X2= 805  Y= 346 Y2= 353 P1= 832 P2= 477 T1=  14 T2=  15  P= 598  D=  -1 * 24
 X= 806 X2= 805  Y= 346 Y2= 352 P1= 830 P2= 482 T1=  15 T2=  15  P= 580  D=  -1 * 24
 X= 809 X2= 810  Y= 363 Y2= 369 P1= 877 P2= 371 T1=  22 T2=  26  P= 580  D=  -1 * 24
 X= 892 X2=1023  Y= 966 Y2=1023 P1=1023 P2=   0 T1=1023 T2= 846  P= 580  D=  -1 
 X= 877 X2=1014  Y= 961 Y2=1023 P1=1023 P2=   0 T1=1023 T2= 889  P= 580  D=  -1 
 X= 839 X2=1023  Y= 974 Y2=1023 P1=1023 P2=   0 T1=1023 T2= 902  P= 580  D=  -1 
target state=3 point=456,249
 X= 741 X2=1003  Y= 957 Y2=1022 P1=1023 P2=   0 T1=1021 T2= 879  P= 580  D=  -1 
 X= 968 X2= 995  Y= 967 Y2=1023 P1=1023 P2=   0 T1=1023 T2= 907  P= 580  D=  -1 
 X= 666 X2=1023  Y= 960 Y2=1023 P1=1023 P2=   0 T1=1023 T2= 881  P= 580  D=  -1 
 X=1023 X2= 942  Y= 964 Y2=1022 P1=1023 P2=   0 T1=1023 T2= 885  P= 580  D=  -1 
 X= 895 X2=1023  Y= 956 Y2=1023 P1=1023 P2=   0 T1=1023 T2= 935  P= 580  D=  -1 
 X= 574 X2=1023  Y= 955 Y2=1023 P1=1023 P2=   0 T1=1022 T2= 889  P= 580  D=  -1 
 X= 719 X2=1023  Y= 961 Y2=1023 P1=1023 P2=   0 T1=1023 T2= 898  P= 580  D=  -1 
 X= 977 X2=1002  Y= 962 Y2=1023 P1=1023 P2=   0 T1=1023 T2= 884  P= 580  D=  -1 
 X= 823 X2=1012  Y= 959 Y2=1023 P1=1023 P2=   0 T1=1023 T2= 907  P= 580  D=  -1 
 X= 839 X2= 924  Y= 969 Y2=1021 P1=1023 P2=   0 T1=1023 T2= 895  P= 580  D=  -1 
 X= 605 X2=1023  Y= 962 Y2=1023 P1=1023 P2=   0 T1=1022 T2= 898  P= 580  D=  -1 
 X= 875 X2=1022  Y= 955 Y2=1022 P1=1023 P2=   0 T1=1023 T2= 855  P= 580  D=  -1 
 X= 855 X2=1023  Y= 988 Y2=1021 P1=1023 P2=   0 T1=1023 T2= 910  P= 580  D=  -1 
 X= 906 X2=1023  Y= 981 Y2=1019 P1=1023 P2=   0 T1=1023 T2= 887  P= 580  D=  -1 
 X= 825 X2=1011  Y= 941 Y2=1023 P1=1023 P2=   0 T1=1023 T2= 897  P= 580  D=  -1 
 X= 898 X2= 984  Y= 968 Y2=1023 P1=1023 P2=   0 T1=1023 T2= 849  P= 580  D=  -1 
 X= 962 X2= 992  Y= 962 Y2=1023 P1=1023 P2=   0 T1=1023 T2= 887  P= 580  D=  -1 
 X= 788 X2=1023  Y= 986 Y2=1023 P1=1023 P2=   0 T1=1023 T2= 909  P= 580  D=  -1 
 X=1016 X2= 917  Y= 954 Y2=1020 P1=1023 P2=   0 T1=1023 T2= 877  P= 580  D=  -1 
 X=1023 X2= 937  Y= 964 Y2=1022 P1=1023 P2=   0 T1=1023 T2= 880  P= 580  D=  -1 
 X= 966 X2= 998  Y= 965 Y2=1022 P1=1023 P2=   0 T1=1023 T2= 819  P= 580  D=  -1 
 X= 810 X2=1023  Y= 973 Y2=1022 P1=1023 P2=   0 T1=1023 T2= 899  P= 580  D=  -1 
 X= 934 X2=1023  Y=1021 Y2=1023 P1=1023 P2=   0 T1=1023 T2= 997  P= 580  D=  -1 
 X= 660 X2=1023  Y= 976 Y2=1023 P1=1023 P2=   0 T1=1023 T2= 889  P= 580  D=  -1 
 X= 781 X2=1023  Y=1018 Y2=1021 P1=1023 P2=   0 T1=1023 T2= 892  P= 580  D=  -1 
 X= 993 X2= 971  Y= 967 Y2=1023 P1=1023 P2=   0 T1=1023 T2= 883  P= 580  D=  -1 
 X= 912 X2= 995  Y= 958 Y2=1022 P1=1023 P2=   0 T1=1023 T2= 875  P= 580  D=  -1 
 X= 769 X2=1008  Y= 947 Y2=1023 P1=1023 P2=   0 T1=1023 T2= 892  P= 580  D=  -1 
 X= 889 X2=1021  Y= 973 Y2=1022 P1=1023 P2=   0 T1=1023 T2= 889  P= 580  D=  -1 
 X=1023 X2= 981  Y= 959 Y2=1020 P1=1023 P2=   0 T1=1023 T2= 865  P= 580  D=  -1 
 X= 703 X2=1023  Y= 966 Y2=1023 P1=1023 P2=   0 T1=1023 T2= 894  P= 580  D=  -1 
 X= 921 X2= 964  Y= 967 Y2=1021 P1=1023 P2=   0 T1=1023 T2= 886  P= 580  D=  -1 
 X= 851 X2=1014  Y= 966 Y2=1023 P1=1023 P2=   0 T1=1023 T2= 909  P= 580  D=  -1 
 X= 878 X2=1023  Y= 960 Y2=1023 P1=1023 P2=   0 T1=1023 T2= 890  P= 580  D=  -1 
 X= 633 X2=1023  Y= 971 Y2=1023 P1=1023 P2=   0 T1=1023 T2= 877  P= 580  D=  -1 
 X=1023 X2=1002  Y= 964 Y2=1022 P1=1023 P2=   0 T1=1023 T2= 869  P= 580  D=  -1 
 X=1023 X2= 967  Y= 972 Y2=1023 P1=1023 P2=   0 T1=1023 T2= 869  P= 580  D=  -1 
 X=1023 X2= 988  Y= 950 Y2=1021 P1=1023 P2=   0 T1=1023 T2= 857  P= 580  D=  -1 
 X= 958 X2= 978  Y= 971 Y2=1023 P1=1023 P2=   0 T1=1023 T2= 877  P= 580  D=  -1 
 X= 726 X2=1023  Y= 963 Y2=1023 P1=1023 P2=   0 T1=1023 T2= 905  P= 580  D=  -1 
 X=1023 X2= 974  Y= 988 Y2=1023 P1=1023 P2=   0 T1=1023 T2= 876  P= 580  D=  -1 
 X= 886 X2=1023  Y= 985 Y2=1021 P1=1023 P2=   0 T1=1023 T2= 900  P= 580  D=  -1 
 X= 721 X2=1008  Y= 966 Y2=1023 P1=1023 P2=   0 T1=1022 T2= 883  P= 580  D=  -1 
 X= 630 X2=1023  Y= 961 Y2=1023 P1=1023 P2=   0 T1=1023 T2= 896  P= 580  D=  -1 
 X= 912 X2=1023  Y= 977 Y2=1023 P1=1023 P2=   0 T1=1023 T2= 901  P= 580  D=  -1 
 X= 764 X2=1023  Y= 974 Y2=1022 P1=1023 P2=   0 T1=1023 T2= 896  P= 580  D=  -1 
 X= 860 X2=1023  Y= 980 Y2=1022 P1=1023 P2=   0 T1=1023 T2= 898  P= 580  D=  -1 
 X=1005 X2= 990  Y= 973 Y2=1022 P1=1023 P2=   0 T1=1023 T2= 884  P= 580  D=  -1 
 X=1023 X2= 991  Y= 960 Y2=1022 P1=1023 P2=   0 T1=1023 T2= 898  P= 580  D=  -1 
 X= 629 X2=1023  Y= 958 Y2=1023 P1=1023 P2=   0 T1=1023 T2= 886  P= 580  D=  -1 
 X= 655 X2=1023  Y= 962 Y2=1023 P1=1023 P2=   0 T1=1023 T2= 900  P= 580  D=  -1 
 X= 963 X2= 987  Y= 950 Y2=1022 P1=1023 P2=   0 T1=1023 T2= 888  P= 580  D=  -1 
 X= 585 X2=1023  Y= 955 Y2=1023 P1=1023 P2=   0 T1=1023 T2= 881  P= 580  D=  -1 
 X=1023 X2= 969  Y= 972 Y2=1019 P1=1023 P2=   0 T1=1023 T2= 880  P= 580  D=  -1 
 X=1023 X2= 972  Y= 969 Y2=1022 P1=1023 P2=   0 T1=1023 T2= 887  P= 580  D=  -1 
 X= 975 X2= 987  Y= 961 Y2=1023 P1=1023 P2=   0 T1=1023 T2= 883  P= 580  D=  -1 
 X= 823 X2=1023  Y= 988 Y2=1021 P1=1023 P2=   0 T1=1023 T2= 867  P= 580  D=  -1 
 X= 913 X2=1023  Y= 954 Y2=1021 P1=1023 P2=   0 T1=1023 T2= 903  P= 580  D=  -1 
 X= 633 X2=1023  Y= 964 Y2=1023 P1=1023 P2=   0 T1=1023 T2= 927  P= 580  D=  -1 
 X= 814 X2=1023  Y= 974 Y2=1023 P1=1023 P2=   0 T1=1023 T2= 896  P= 580  D=  -1 
 X= 962 X2= 973  Y= 968 Y2=1022 P1=1023 P2=   0 T1=1023 T2= 886  P= 580  D=  -1 
 X= 776 X2=1023  Y= 970 Y2=1022 P1=1023 P2=   0 T1=1023 T2= 894  P= 580  D=  -1 
 X= 648 X2=1023  Y= 971 Y2=1023 P1=1023 P2=   0 T1=1023 T2= 919  P= 580  D=  -1 
 X= 803 X2= 803  Y= 687 Y2= 692 P1= 911 P2= 563 T1=  12 T2=  12  P= 496  D=  -1 * 0
 X= 972 X2= 996  Y= 970 Y2=1022 P1=1023 P2=   0 T1=1023 T2= 875  P= 496  D=  -1 
 X= 803 X2= 803  Y= 686 Y2= 691 P1= 911 P2= 561 T1=1021 T2=  13  P= 496  D=  -1 
 X=1023 X2= 972  Y= 964 Y2=1021 P1=1023 P2=   0 T1=1023 T2= 864  P= 496  D=  -1 
 X= 856 X2=1013  Y= 947 Y2=1023 P1=1023 P2=   0 T1=1023 T2= 141  P= 496  D=  -1 
 X= 813 X2= 815  Y= 702 Y2= 707 P1= 953 P2= 357 T1=  41 T2=  34  P= 496  D=  -1 
 X= 804 X2= 806  Y= 689 Y2= 694 P1= 927 P2= 481 T1=  19 T2=  18  P= 746  D=  -1 * 0
 X= 804 X2= 805  Y= 689 Y2= 694 P1= 924 P2= 499 T1=  17 T2=  17  P= 684  D=  -1 * 0
 X= 803 X2= 805  Y= 689 Y2= 693 P1= 923 P2= 500 T1=  17 T2=  17  P= 680  D=  -1 * 0
 X= 803 X2= 804  Y= 689 Y2= 693 P1= 923 P2= 502 T1=  17 T2=  16  P= 672  D=  -1 * 1
 X= 804 X2= 805  Y= 689 Y2= 694 P1= 923 P2= 500 T1=  16 T2=  17  P= 680  D=  -1 * 2
 X= 802 X2= 804  Y= 689 Y2= 693 P1= 922 P2= 506 T1=  16 T2=  17  P= 660  D=  -1 * 3
 X= 803 X2= 804  Y= 689 Y2= 694 P1= 923 P2= 502 T1=  16 T2=  16  P= 672  D=  -1 * 4
 X= 803 X2= 804  Y= 689 Y2= 693 P1= 922 P2= 508 T1=  17 T2=  16  P= 653  D=  -1 * 5
 X= 803 X2= 804  Y= 689 Y2= 693 P1= 922 P2= 509 T1=  17 T2=  16  P= 651  D=  -1 * 6
 X= 803 X2= 804  Y= 689 Y2= 694 P1= 921 P2= 509 T1=  16 T2=  16  P= 649  D=  -1 * 7
 X= 803 X2= 804  Y= 689 Y2= 693 P1= 921 P2= 509 T1=  16 T2=  15  P= 649  D=  -1 * 8
 X= 803 X2= 805  Y= 688 Y2= 693 P1= 921 P2= 510 T1=  16 T2=  16  P= 647  D=  -1 * 9
 X= 803 X2= 802  Y= 690 Y2= 693 P1= 921 P2= 510 T1=  16 T2=  15  P= 645  D=  -1 * 10
 X= 803 X2= 804  Y= 688 Y2= 693 P1= 921 P2= 510 T1=  16 T2=  16  P= 646  D=  -1 * 11
 X= 804 X2= 804  Y= 689 Y2= 693 P1= 922 P2= 510 T1=  16 T2=  16  P= 648  D=  -1 * 12
 X= 802 X2= 805  Y= 689 Y2= 693 P1= 921 P2= 509 T1=  16 T2=  16  P= 649  D=  -1 * 13
 X= 803 X2= 804  Y= 689 Y2= 693 P1= 921 P2= 510 T1=  16 T2=  15  P= 646  D=  -1 * 14
 X= 803 X2= 804  Y= 689 Y2= 693 P1= 921 P2= 511 T1=  15 T2=  17  P= 644  D=  -1 * 15
 X= 805 X2= 804  Y= 689 Y2= 694 P1= 921 P2= 510 T1=  16 T2=  16  P= 647  D=  -1 * 16
 X= 803 X2= 805  Y= 689 Y2= 694 P1= 921 P2= 510 T1=  16 T2=  16  P= 647  D=  -1 * 17
 X= 804 X2= 804  Y= 689 Y2= 693 P1= 922 P2= 510 T1=  16 T2=  16  P= 648  D=  -1 * 18
 X= 803 X2= 804  Y= 689 Y2= 693 P1= 921 P2= 510 T1=  16 T2=  16  P= 646  D=  -1 * 19
 X= 804 X2= 804  Y= 689 Y2= 693 P1= 921 P2= 509 T1=  16 T2=  16  P= 650  D=  -1 * 20
 X= 803 X2= 804  Y= 689 Y2= 693 P1= 922 P2= 509 T1=  16 T2=  16  P= 651  D=  -1 * 21
 X= 804 X2= 805  Y= 688 Y2= 693 P1= 922 P2= 509 T1=  16 T2=  16  P= 652  D=  -1 * 22
 X= 803 X2= 804  Y= 689 Y2= 693 P1= 921 P2= 510 T1=  16 T2=  15  P= 646  D=  -1 * 23
 X= 803 X2= 804  Y= 689 Y2= 693 P1= 922 P2= 509 T1=  16 T2=  16  P= 651  D=  -1 * 24
Remove Pin
 X= 803 X2= 804  Y= 689 Y2= 693 P1= 921 P2= 509 T1=  16 T2=  16  P= 649  D=  -1 * 24
 X= 804 X2= 804  Y= 689 Y2= 693 P1= 922 P2= 509 T1=  16 T2=  16  P= 652  D=  -1 * 24
 X= 804 X2= 804  Y= 688 Y2= 693 P1= 921 P2= 509 T1=  17 T2=  16  P= 650  D=  -1 * 24
 X= 809 X2= 804  Y= 689 Y2= 694 P1= 921 P2= 509 T1=  16 T2=  17  P= 652  D=  -1 * 24
 X= 804 X2= 804  Y= 689 Y2= 693 P1= 921 P2= 509 T1=  16 T2=  16  P= 650  D=  -1 * 24
 X= 803 X2= 803  Y= 689 Y2= 694 P1= 922 P2= 508 T1=  17 T2=  16  P= 653  D=  -1 * 24
 X= 803 X2= 804  Y= 689 Y2= 693 P1= 921 P2= 509 T1=  16 T2=  16  P= 649  D=  -1 * 24
 X= 803 X2= 804  Y= 688 Y2= 693 P1= 921 P2= 509 T1=  16 T2=  16  P= 649  D=  -1 * 24
 X= 803 X2= 804  Y= 689 Y2= 693 P1= 921 P2= 509 T1=  17 T2=  16  P= 649  D=  -1 * 24
 X= 803 X2= 804  Y= 688 Y2= 693 P1= 921 P2= 510 T1=  16 T2=  16  P= 646  D=  -1 * 24
 X= 803 X2= 805  Y= 689 Y2= 693 P1= 922 P2= 509 T1=  16 T2=  15  P= 652  D=  -1 * 24
 X= 803 X2= 803  Y= 688 Y2= 693 P1= 920 P2= 513 T1=  16 T2=  16  P= 636  D=  -1 * 24
 X= 822 X2= 825  Y= 716 Y2= 719 P1= 950 P2= 374 T1=  61 T2=  30  P= 636  D=  -1 
 X= 882 X2= 877  Y= 754 Y2= 759 P1= 972 P2= 254 T1= 285 T2=  51  P= 636  D=  -1 
 X= 894 X2=1023  Y= 961 Y2=1021 P1=1023 P2=   0 T1=1023 T2= 859  P= 636  D=  -1 
 X= 904 X2= 942  Y= 964 Y2=1020 P1=1023 P2=   0 T1=1023 T2= 863  P= 636  D=  -1 
 X= 870 X2=1023  Y= 961 Y2=1023 P1=1023 P2=   0 T1=1023 T2= 885  P= 636  D=  -1 
target state=4 point=23,249
 X= 859 X2=1023  Y= 977 Y2=1022 P1=1023 P2=   0 T1=1023 T2= 896  P= 636  D=  -1 
 X= 965 X2= 990  Y= 973 Y2=1022 P1=1023 P2=   0 T1=1023 T2= 873  P= 636  D=  -1 
 X= 795 X2=1023  Y= 959 Y2=1022 P1=1023 P2=   0 T1=1023 T2= 883  P= 636  D=  -1 
 X=1023 X2= 982  Y= 981 Y2=1021 P1=1023 P2=   0 T1=1023 T2= 890  P= 636  D=  -1 
 X=1023 X2= 973  Y= 977 Y2=1022 P1=1023 P2=   0 T1=1023 T2= 866  P= 636  D=  -1 
 X= 648 X2=1022  Y= 968 Y2=1023 P1=1023 P2=   0 T1=1023 T2= 895  P= 636  D=  -1 
 X=1023 X2= 984  Y= 970 Y2=1020 P1=1023 P2=   0 T1=1023 T2= 877  P= 636  D=  -1 
 X= 902 X2= 957  Y= 976 Y2=1021 P1=1023 P2=   0 T1=1023 T2= 894  P= 636  D=  -1 
 X= 691 X2=1023  Y= 966 Y2=1023 P1=1023 P2=   0 T1=1023 T2= 882  P= 636  D=  -1 
 X= 889 X2=1023  Y= 994 Y2=1022 P1=1023 P2=   0 T1=1021 T2= 882  P= 636  D=  -1 
 X= 898 X2=1001  Y= 971 Y2=1022 P1=1023 P2=   0 T1=1023 T2= 885  P= 636  D=  -1 
 X= 729 X2=1006  Y= 955 Y2=1023 P1=1023 P2=   0 T1=1023 T2= 873  P= 636  D=  -1 
 X= 884 X2=1020  Y= 952 Y2=1021 P1=1023 P2=   0 T1=1023 T2= 881  P= 636  D=  -1 
 X=1023 X2= 973  Y= 970 Y2=1021 P1=1023 P2=   0 T1=1023 T2= 874  P= 636  D=  -1 
 X=1023 X2= 969  Y= 974 Y2=1021 P1=1023 P2=   0 T1=1023 T2= 882  P= 636  D=  -1 
 X= 674 X2=1023  Y= 977 Y2=1023 P1=1023 P2=   0 T1=1023 T2= 902  P= 636  D=  -1 
 X= 869 X2= 955  Y= 980 Y2=1021 P1=1023 P2=   0 T1=1023 T2= 882  P= 636  D=  -1 
 X= 734 X2=1007  Y= 952 Y2=1023 P1=1023 P2=   0 T1=1023 T2= 895  P= 636  D=  -1 
 X= 879 X2=1012  Y= 950 Y2=1023 P1=1023 P2=   0 T1=1023 T2= 879  P= 636  D=  -1 
 X= 862 X2= 974  Y= 965 Y2=1022 P1=1023 P2=   0 T1=1023 T2= 875  P= 636  D=  -1 
 X= 958 X2= 987  Y= 970 Y2=1022 P1=1023 P2=   0 T1=1023 T2= 901  P= 636  D=  -1 
 X= 971 X2= 989  Y= 957 Y2=1022 P1=1023 P2=   0 T1=1023 T2= 883  P= 636  D=  -1 
 X= 894 X2=1023  Y= 968 Y2=1020 P1=1023 P2=   0 T1=1023 T2= 873  P= 636  D=  -1 
 X=1005 X2= 944  Y= 967 Y2=1023 P1=1023 P2=   0 T1=1023 T2= 890  P= 636  D=  -1 
 X= 824 X2=1023  Y= 973 Y2=1023 P1=1023 P2=   0 T1=1021 T2= 912  P= 636  D=  -1 
 X= 897 X2= 922  Y= 971 Y2=1021 P1=1023 P2=   0 T1=1023 T2= 878  P= 636  D=  -1 
 X= 840 X2=1012  Y= 962 Y2=1023 P1=1023 P2=   0 T1=1023 T2= 885  P= 636  D=  -1 
 X= 848 X2=1023  Y= 964 Y2=1022 P1=1023 P2=   0 T1=1023 T2= 891  P= 636  D=  -1 
 X= 602 X2=1023  Y= 958 Y2=1023 P1=1023 P2=   0 T1=1023 T2= 886  P= 636  D=  -1 
 X=1023 X2= 991  Y= 957 Y2=1020 P1=1023 P2=   0 T1=1023 T2= 867  P= 636  D=  -1 
 X= 873 X2=1023  Y= 963 Y2=1023 P1=1023 P2=   0 T1=1023 T2= 886  P= 636  D=  -1 
 X= 859 X2=1023  Y= 968 Y2=1021 P1=1023 P2=   0 T1=1023 T2= 889  P= 636  D=  -1 
 X= 978 X2=1023  Y= 966 Y2=1023 P1=1023 P2=   0 T1=1023 T2= 893  P= 636  D=  -1 
 X= 903 X2=1023  Y= 990 Y2=1021 P1=1023 P2=   0 T1=1023 T2= 881  P= 636  D=  -1 
 X= 640 X2=1023  Y= 976 Y2=1023 P1=1023 P2=   0 T1=1023 T2= 914  P= 636  D=  -1 
 X= 895 X2=1023  Y= 985 Y2=1021 P1=1023 P2=   0 T1=1023 T2= 896  P= 636  D=  -1 
 X= 740 X2=1010  Y= 955 Y2=1023 P1=1023 P2=   0 T1=1023 T2= 904  P= 636  D=  -1 
 X= 628 X2=1023  Y= 968 Y2=1023 P1=1023 P2=   0 T1=1023 T2= 889  P= 636  D=  -1 
 X=1023 X2= 962  Y= 967 Y2=1021 P1=1023 P2=   0 T1=1023 T2= 896  P= 636  D=  -1 
 X=1022 X2=1000  Y= 969 Y2=1023 P1=1023 P2=   0 T1=1023 T2= 867  P= 636  D=  -1 
 X= 626 X2=1023  Y= 971 Y2=1023 P1=1023 P2=   0 T1=1023 T2= 902  P= 636  D=  -1 
 X= 869 X2=1023  Y= 963 Y2=1022 P1=1023 P2=   0 T1=1023 T2= 897  P= 636  D=  -1 
 X= 872 X2=1023  Y= 980 Y2=1022 P1=1023 P2=   0 T1=1023 T2= 878  P= 636  D=  -1 
 X= 606 X2=1023  Y= 952 Y2=1023 P1=1023 P2=   0 T1=1023 T2= 903  P= 636  D=  -1 
 X= 904 X2=1023  Y= 990 Y2=1021 P1=1023 P2=   0 T1=1023 T2= 902  P= 636  D=  -1 
 X= 864 X2= 991  Y= 974 Y2=1022 P1=1023 P2=   0 T1=1022 T2= 895  P= 636  D=  -1 
 X= 791 X2=1023  Y= 973 Y2=1022 P1=1023 P2=   0 T1=1023 T2= 900  P= 636  D=  -1 
 X= 838 X2= 958  Y= 963 Y2=1020 P1=1023 P2=   0 T1=1023 T2= 873  P= 636  D=  -1 
 X=1023 X2= 991  Y= 975 Y2=1022 P1=1023 P2=   0 T1=1023 T2= 905  P= 636  D=  -1 
 X=1021 X2= 999  Y= 955 Y2=1022 P1=1023 P2=   0 T1=1023 T2= 875  P= 636  D=  -1 
 X= 731 X2=1023  Y= 965 Y2=1023 P1=1023 P2=   0 T1=1023 T2= 910  P= 636  D=  -1 
 X=1023 X2= 950  Y= 949 Y2=1023 P1=1023 P2=   0 T1=1023 T2= 866  P= 636  D=  -1 
 X= 737 X2=1023  Y= 974 Y2=1021 P1=1023 P2=   0 T1=1023 T2= 878  P= 636  D=  -1 
 X= 706 X2=1023  Y= 969 Y2=1023 P1=1023 P2=   0 T1=1022 T2= 905  P= 636  D=  -1 
 X= 981 X2= 928  Y= 949 Y2=1021 P1=1023 P2=   0 T1=1023 T2= 876  P= 636  D=  -1 
 X= 830 X2=1014  Y= 962 Y2=1023 P1=1023 P2=   0 T1=1023 T2= 877  P= 636  D=  -1 
 X= 767 X2=1011  Y= 960 Y2=1023 P1=1023 P2=   0 T1=1022 T2= 882  P= 636  D=  -1 
 X= 895 X2=1022  Y= 974 Y2=1020 P1=1023 P2=   0 T1=1023 T2= 878  P= 636  D=  -1 
 X= 875 X2=1006  Y= 950 Y2=1023 P1=1023 P2=   0 T1=1023 T2= 904  P= 636  D=  -1 
 X= 702 X2=1023  Y= 961 Y2=1023 P1=1023 P2=   0 T1=1023 T2= 902  P= 636  D=  -1 
 X= 819 X2=1023  Y= 991 Y2=1021 P1=1023 P2=   0 T1=1023 T2= 865  P= 636  D=  -1 
 X= 900 X2= 985  Y= 927 Y2=1022 P1=1023 P2=   0 T1=1022 T2= 897  P= 636  D=  -1 
 X= 837 X2=1023  Y= 958 Y2=1023 P1=1023 P2=   0 T1=1023 T2= 817  P= 636  D=  -1 
 X= 603 X2=1023  Y= 974 Y2=1023 P1=1023 P2=   0 T1=1023 T2= 892  P= 636  D=  -1 
 X=1004 X2= 971  Y= 975 Y2=1023 P1=1023 P2=   0 T1=1023 T2= 900  P= 636  D=  -1 
 X= 624 X2=1023  Y= 956 Y2=1023 P1=1023 P2=   0 T1=1023 T2= 901  P= 636  D=  -1 
 X= 909 X2=1022  Y= 981 Y2=1023 P1=1023 P2=   0 T1=1023 T2= 870  P= 636  D=  -1 
 X=1023 X2= 981  Y= 976 Y2=1023 P1=1023 P2=   0 T1=1023 T2= 864  P= 636  D=  -1 
 X= 633 X2=1023  Y= 957 Y2=1023 P1=1023 P2=   0 T1=1023 T2= 917  P= 636  D=  -1 
 X= 629 X2=1023  Y= 965 Y2=1023 P1=1023 P2=   0 T1=1023 T2= 893  P= 636  D=  -1 
 X= 796 X2=1023  Y= 965 Y2=1021 P1=1023 P2=   0 T1=1023 T2= 881  P= 636  D=  -1 
 X= 784 X2=1013  Y= 954 Y2=1023 P1=1023 P2=   0 T1=1023 T2= 868  P= 636  D=  -1 
 X= 743 X2=1023  Y= 971 Y2=1023 P1=1023 P2=   0 T1=1023 T2= 879  P= 636  D=  -1 
 X= 234 X2= 236  Y= 692 Y2= 688 P1= 858 P2= 227 T1=  20 T2=  21  P= 653  D=  -1 * 0
 X= 896 X2=1023  Y=1016 Y2=1023 P1=1023 P2=   0 T1=1023 T2=1023  P= 653  D=  -1 
 X= 783 X2=1011  Y= 954 Y2=1023 P1=1023 P2=   0 T1=1022 T2= 883  P= 653  D=  -1 
 X=1023 X2= 993  Y= 966 Y2=1023 P1=1023 P2=   0 T1=1023 T2= 862  P= 653  D=  -1 
 X= 234 X2= 236  Y= 693 Y2= 688 P1= 846 P2= 237 T1=  20 T2=  21  P= 603  D=  -1 * 0
 X= 791 X2=1023  Y= 881 Y2=1003 P1=1023 P2= 113 T1=1023 T2=  33  P= 603  D=  -1 
 X= 253 X2= 257  Y= 704 Y2= 699 P1= 899 P2= 178 T1=  39 T2=  28  P= 603  D=  -1 
 X= 242 X2= 244  Y= 697 Y2= 693 P1= 888 P2= 189 T1=  28 T2=  27  P= 898  D=  -1 * 0
 X= 244 X2= 246  Y= 698 Y2= 694 P1= 889 P2= 184 T1=  30 T2=  28  P= 938  D=  -1 * 0
 X= 242 X2= 243  Y= 696 Y2= 693 P1= 885 P2= 190 T1=  27 T2=  27  P= 884  D=  -1 * 1
 X= 242 X2= 244  Y= 696 Y2= 692 P1= 883 P2= 192 T1=  27 T2=  27  P= 874  D=  -1 * 2
 X= 239 X2= 243  Y= 695 Y2= 691 P1= 877 P2= 201 T1=  26 T2=  26  P= 810  D=  -1 * 3
 X= 240 X2= 242  Y= 696 Y2= 691 P1= 875 P2= 202 T1=  25 T2=  25  P= 802  D=  -1 * 4
 X= 240 X2= 241  Y= 694 Y2= 691 P1= 874 P2= 204 T1=  25 T2=  25  P= 788  D=  -1 * 5
 X= 239 X2= 241  Y= 695 Y2= 690 P1= 873 P2= 207 T1=  24 T2=  25  P= 772  D=  -1 * 6
 X= 240 X2= 241  Y= 694 Y2= 691 P1= 872 P2= 207 T1=  25 T2=  25  P= 770  D=  -1 * 7
 X= 241 X2= 243  Y= 696 Y2= 692 P1= 882 P2= 192 T1=  23 T2=  26  P= 869  D=  -1 * 8
 X= 240 X2= 243  Y= 694 Y2= 692 P1= 881 P2= 195 T1=  26 T2=  27  P= 847  D=  -1 * 9
 X= 242 X2= 243  Y= 696 Y2= 692 P1= 881 P2= 195 T1=  26 T2=  27  P= 851  D=  -1 * 10
 X= 241 X2= 242  Y= 696 Y2= 692 P1= 880 P2= 196 T1=  27 T2=  26  P= 840  D=  -1 * 11
 X= 241 X2= 243  Y= 696 Y2= 692 P1= 880 P2= 196 T1=  27 T2=  26  P= 844  D=  -1 * 12
 X= 240 X2= 240  Y= 695 Y2= 690 P1= 871 P2= 208 T1=  25 T2=  24  P= 764  D=  -1 * 13
 X= 239 X2= 240  Y= 695 Y2= 690 P1= 870 P2= 209 T1=  24 T2=  25  P= 755  D=  -1 * 14
 X= 239 X2= 241  Y= 695 Y2= 690 P1= 872 P2= 210 T1=  24 T2=  24  P= 756  D=  -1 * 15
 X= 239 X2= 240  Y= 695 Y2= 691 P1= 871 P2= 209 T1=  24 T2=  25  P= 756  D=  -1 * 16
 X= 239 X2= 241  Y= 694 Y2= 690 P1= 870 P2= 210 T1=  25 T2=  24  P= 754  D=  -1 * 17
 X= 239 X2= 241  Y= 694 Y2= 690 P1= 869 P2= 210 T1=  24 T2=  24  P= 753  D=  -1 * 18
 X= 239 X2= 241  Y= 695 Y2= 690 P1= 871 P2= 210 T1=  24 T2=  24  P= 755  D=  -1 * 19
 X= 239 X2= 241  Y= 695 Y2= 690 P1= 870 P2= 209 T1=  24 T2=  24  P= 758  D=  -1 * 20
 X= 239 X2= 241  Y= 695 Y2= 690 P1= 870 P2= 210 T1=  24 T2=  24  P= 754  D=  -1 * 21
 X= 239 X2= 240  Y= 695 Y2= 690 P1= 871 P2= 209 T1=  25 T2=  24  P= 756  D=  -1 * 22
 X= 240 X2= 241  Y= 695 Y2= 691 P1= 870 P2= 209 T1=  25 T2=  24  P= 758  D=  -1 * 23
 X= 239 X2= 241  Y= 695 Y2= 690 P1= 870 P2= 209 T1=  24 T2=  24  P= 758  D=  -1 * 24
Remove Pin
 X= 239 X2= 240  Y= 694 Y2= 691 P1= 870 P2= 209 T1=  25 T2=  25  P= 755  D=  -1 * 24
 X= 239 X2= 241  Y= 695 Y2= 691 P1= 871 P2= 209 T1=  24 T2=  24  P= 760  D=  -1 * 24
 X= 240 X2= 241  Y= 694 Y2= 690 P1= 871 P2= 210 T1=  22 T2=  25  P= 755  D=  -1 * 24
 X= 239 X2= 241  Y= 695 Y2= 690 P1= 870 P2= 209 T1=  24 T2=  25  P= 758  D=  -1 * 24
 X= 239 X2= 238  Y= 694 Y2= 690 P1= 869 P2= 210 T1=  24 T2=  24  P= 746  D=  -1 * 24
 X= 239 X2= 240  Y= 695 Y2= 690 P1= 870 P2= 210 T1=  25 T2=  24  P= 750  D=  -1 * 24
 X= 238 X2= 241  Y= 694 Y2= 691 P1= 870 P2= 210 T1=  24 T2=  24  P= 750  D=  -1 * 24
 X= 239 X2= 241  Y= 695 Y2= 690 P1= 870 P2= 210 T1=  24 T2=  24  P= 754  D=  -1 * 24
 X= 239 X2= 241  Y= 695 Y2= 690 P1= 870 P2= 210 T1=  24 T2=  25  P= 754  D=  -1 * 24
 X= 239 X2= 241  Y= 695 Y2= 691 P1= 869 P2= 210 T1=  24 T2=  25  P= 753  D=  -1 * 24
 X= 239 X2= 241  Y= 695 Y2= 690 P1= 870 P2= 210 T1=  25 T2=  24  P= 754  D=  -1 * 24
 X= 239 X2= 240  Y= 694 Y2= 691 P1= 870 P2= 210 T1=  25 T2=  24  P= 750  D=  -1 * 24
 X= 238 X2= 241  Y= 695 Y2= 690 P1= 869 P2= 211 T1=  24 T2=  25  P= 745  D=  -1 * 24
 X= 238 X2= 241  Y= 694 Y2= 691 P1= 870 P2= 211 T1=  25 T2=  24  P= 746  D=  -1 * 24
 X= 240 X2= 241  Y= 695 Y2= 690 P1= 869 P2= 210 T1=  24 T2=  24  P= 753  D=  -1 * 24
 X= 239 X2= 240  Y= 695 Y2= 691 P1= 869 P2= 211 T1=  24 T2=  25  P= 745  D=  -1 * 24
 X= 238 X2= 240  Y= 694 Y2= 690 P1= 869 P2= 211 T1=  24 T2=  24  P= 745  D=  -1 * 24
 X= 239 X2= 241  Y= 695 Y2= 690 P1= 869 P2= 211 T1=  24 T2=  23  P= 748  D=  -1 * 24
 X= 238 X2= 241  Y= 694 Y2= 690 P1= 870 P2= 211 T1=  24 T2=  24  P= 746  D=  -1 * 24
 X= 239 X2= 240  Y= 695 Y2= 690 P1= 868 P2= 211 T1=  24 T2=  24  P= 744  D=  -1 * 24
 X= 317 X2= 327  Y= 735 Y2= 730 P1= 933 P2= 127 T1=  88 T2=  50  P= 744  D=  -1 
 X= 255 X2= 262  Y= 967 Y2=1020 P1=1023 P2=   0 T1=  34 T2= 933  P= 744  D=  -1 
 X= 867 X2=1023  Y= 961 Y2=1023 P1=1023 P2=   0 T1=1023 T2= 883  P= 744  D=  -1 
 X= 840 X2=1023  Y= 984 Y2=1021 P1=1023 P2=   0 T1=1023 T2= 913  P= 744  D=  -1 
 X= 885 X2= 950  Y= 966 Y2=1021 P1=1023 P2=   0 T1=1023 T2= 903  P= 744  D=  -1 
Target Noise  x= 2.50 y= 2.50
X[0]: Target=240   527/ 528/ 529 Stdev= 0.46 N= 24  Y[0]: Target=136   528/ 529/ 530 Stdev= 0.46 N= 24
X[1]: Target= 23   237/ 239/ 243 Stdev= 1.17 N= 24  Y[1]: Target= 22   348/ 349/ 353 Stdev= 0.92 N= 24
X[2]: Target=456   802/ 803/ 804 Stdev= 0.56 N= 24  Y[2]: Target= 22   348/ 349/ 350 Stdev= 0.56 N= 24
X[3]: Target=456   802/ 803/ 804 Stdev= 0.54 N= 24  Y[3]: Target=249   690/ 691/ 691 Stdev= 0.32 N= 24
X[4]: Target= 23   239/ 241/ 245 Stdev= 1.34 N= 24  Y[4]: Target=249   692/ 693/ 696 Stdev= 1.03 N= 24
N=24 Avg=25
min: 25 25 25 25 25 26 
max: 26 26 26 26 26 26 
N=24 Avg=22
min: 22 22 22 22 22 22 
max: 26 24 24 23 23 23 
N=24 Avg=14
min: 14 14 14 14 14 14 
max: 16 15 15 14 14 14 
N=24 Avg=15
min: 15 15 15 15 16 16 
max: 17 16 16 16 16 16 
N=24 Avg=25
min: 24 24 24 24 24 24 
max: 29 27 27 26 26 26 
Using TNT center offset = 21
TNT Plane Coef: a=-1095 b=  508 c= 307639
At  527, 529: Real=  26 Fit=  21 Offset=   0
At  238, 349: Real=  23 Fit=  24 Offset=   3
At  803, 348: Real=  14 Fit=  16 Offset=  -5
At  803, 690: Real=  16 Fit=  19 Offset=  -2
At  240, 692: Real=  26 Fit=  27 Offset=   6
Fit Points: 21, 28, 12, 15, 31,  center: 21
Setting for min_tnt_up:   522
Setting for max_tnt_down: 26 (V2:39)
Entering calib_pressure_mfg
Using default pressure curve
468 471 487 495 509 524 553 575 612 
Summary:
Setting for max_tnt_down:      26
3.7 setting for max_tnt_down:     -1
Setting for min_tnt_up:       522
Setting for max_delta_tnt:      5
3.8 setting for max_delta_tnt:     -1
Setting for delay_in_us:        1
Setting for y_delay_in_us:      1
Setting for tnt_delay_in_us:    1
Setting for pressure_curve:  468 471 487 495 509 524 553 575 612
Setting for tnt_mode:           1
Setting for averaging:         -1
Setting for pointercal:      50224 -292 -10343877 76 43371 -13713226 65536
Setting for tnt_plane:       -1095 508 307639
