new-calib: New touch screen calibration program v3.12
Serial Number='13171E00010B06010197'
Using tnt_mode=1
Setting for delay_in_us:        1
Setting for y_delay_in_us:      1
Setting for tnt_delay_in_us:    1
Setting for max_delta_tnt:      5
Setting for tnt_mode:           1
Setting for averaging:         -1
Entering get_four_points
target_noise  x= 2.50 y= 2.50 t= 2.50
target state=0 point=23,22
 X= 985 X2=1022  Y= 958 Y2=  -1 P1=  -1 P2=  -1 T1=  -1 T2= 925  P=  -1  D=  -1 * 0
 X= 981 X2=1006  Y= 997 Y2=1022 P1=  -1 P2=  -1 T1=  -1 T2= 882  P=  -1  D=  -1 * 0
 X= 981 X2= 998  Y= 963 Y2=1022 P1=  -1 P2=  -1 T1=  -1 T2= 878  P=  -1  D=  -1 * 0
 X= 968 X2=1001  Y= 973 Y2=1023 P1=  -1 P2=  -1 T1=1022 T2= 878  P=  -1  D=  -1 
 X= 778 X2=1023  Y= 966 Y2=1023 P1=  -1 P2=  -1 T1=1023 T2= 904  P=  -1  D=  -1 
 X= 893 X2=1023  Y= 981 Y2=1021 P1=  -1 P2=  -1 T1=1023 T2= 910  P=  -1  D=  -1 
 X= 904 X2=1022  Y= 966 Y2=1022 P1=  -1 P2=  -1 T1=1023 T2= 887  P=  -1  D=  -1 
 X= 892 X2=1021  Y= 960 Y2=1023 P1=  -1 P2=  -1 T1=1023 T2= 902  P=  -1  D=  -1 
 X= 725 X2=1023  Y= 963 Y2=1023 P1=  -1 P2=  -1 T1=1023 T2= 919  P=  -1  D=  -1 
 X= 893 X2=1023  Y= 978 Y2=1023 P1=  -1 P2=  -1 T1=1023 T2= 886  P=  -1  D=  -1 
 X= 742 X2=1011  Y= 948 Y2=1023 P1=  -1 P2=  -1 T1=1019 T2= 884  P=  -1  D=  -1 
 X= 753 X2=1008  Y= 960 Y2=1022 P1=  -1 P2=  -1 T1=1023 T2= 896  P=  -1  D=  -1 
 X=1023 X2= 975  Y= 975 Y2=1021 P1=  -1 P2=  -1 T1=1023 T2= 894  P=  -1  D=  -1 
 X=1005 X2= 985  Y= 965 Y2=1023 P1=  -1 P2=  -1 T1=1023 T2= 886  P=  -1  D=  -1 
 X= 784 X2=1022  Y= 986 Y2=1023 P1=  -1 P2=  -1 T1=1023 T2= 902  P=  -1  D=  -1 
 X= 849 X2=1022  Y= 976 Y2=1022 P1=  -1 P2=  -1 T1=1023 T2= 893  P=  -1  D=  -1 
 X= 902 X2= 976  Y= 976 Y2=1021 P1=  -1 P2=  -1 T1=1023 T2= 889  P=  -1  D=  -1 
 X= 662 X2=1023  Y= 953 Y2=1023 P1=  -1 P2=  -1 T1=1023 T2= 901  P=  -1  D=  -1 
 X= 765 X2=1023  Y= 975 Y2=1023 P1=  -1 P2=  -1 T1=1023 T2= 914  P=  -1  D=  -1 
 X= 953 X2= 973  Y= 971 Y2=1022 P1=  -1 P2=  -1 T1=1023 T2= 892  P=  -1  D=  -1 
 X= 784 X2=1011  Y= 947 Y2=1023 P1=  -1 P2=  -1 T1=1023 T2= 891  P=  -1  D=  -1 
 X= 861 X2= 975  Y= 964 Y2=1021 P1=  -1 P2=  -1 T1=1023 T2= 894  P=  -1  D=  -1 
 X= 936 X2= 994  Y= 969 Y2=1023 P1=  -1 P2=  -1 T1=1023 T2= 890  P=  -1  D=  -1 
 X= 962 X2= 990  Y= 969 Y2=1022 P1=  -1 P2=  -1 T1=1023 T2= 890  P=  -1  D=  -1 
 X= 787 X2=1023  Y= 967 Y2=1022 P1=  -1 P2=  -1 T1=1023 T2= 896  P=  -1  D=  -1 
 X= 892 X2=1023  Y= 976 Y2=1021 P1=  -1 P2=  -1 T1=1023 T2= 909  P=  -1  D=  -1 
 X= 706 X2=1023  Y= 977 Y2=1022 P1=  -1 P2=  -1 T1=1023 T2= 890  P=  -1  D=  -1 
 X= 775 X2=1023  Y= 978 Y2=1023 P1=  -1 P2=  -1 T1=1023 T2= 914  P=  -1  D=  -1 
 X= 968 X2= 990  Y= 953 Y2=1023 P1=  -1 P2=  -1 T1=1023 T2= 891  P=  -1  D=  -1 
 X= 806 X2=1023  Y= 986 Y2=1023 P1=  -1 P2=  -1 T1=1023 T2= 913  P=  -1  D=  -1 
 X= 797 X2=1023  Y= 966 Y2=1023 P1=  -1 P2=  -1 T1=1023 T2= 894  P=  -1  D=  -1 
 X=1023 X2= 995  Y= 970 Y2=1023 P1=  -1 P2=  -1 T1=1023 T2= 881  P=  -1  D=  -1 
 X= 980 X2= 942  Y= 955 Y2=1023 P1=  -1 P2=  -1 T1=1023 T2= 887  P=  -1  D=  -1 
 X=1015 X2=1021  Y=1021 Y2=1023 P1=  -1 P2=  -1 T1=1023 T2=1022  P=  -1  D=  -1 
 X= 769 X2=1010  Y= 954 Y2=1023 P1=  -1 P2=  -1 T1=1022 T2= 910  P=  -1  D=  -1 
 X= 896 X2=1016  Y= 957 Y2=1023 P1=  -1 P2=  -1 T1=1023 T2= 905  P=  -1  D=  -1 
 X= 822 X2=1023  Y= 962 Y2=1020 P1=  -1 P2=  -1 T1=1023 T2= 870  P=  -1  D=  -1 
 X= 731 X2=1023  Y= 966 Y2=1023 P1=  -1 P2=  -1 T1=1023 T2= 906  P=  -1  D=  -1 
 X=1001 X2= 961  Y= 974 Y2=1022 P1=  -1 P2=  -1 T1=1023 T2= 866  P=  -1  D=  -1 
 X= 846 X2=1015  Y= 960 Y2=1023 P1=  -1 P2=  -1 T1=1023 T2= 916  P=  -1  D=  -1 
 X= 884 X2=1023  Y= 947 Y2=1021 P1=  -1 P2=  -1 T1=1023 T2= 911  P=  -1  D=  -1 
 X=1023 X2= 965  Y= 965 Y2=1021 P1=  -1 P2=  -1 T1=1023 T2= 899  P=  -1  D=  -1 
 X= 576 X2=1018  Y= 962 Y2=1023 P1=  -1 P2=  -1 T1=1023 T2= 912  P=  -1  D=  -1 
 X= 911 X2=1023  Y= 982 Y2=1023 P1=  -1 P2=  -1 T1=1023 T2= 916  P=  -1  D=  -1 
 X= 891 X2=1023  Y= 968 Y2=1023 P1=  -1 P2=  -1 T1=1023 T2= 888  P=  -1  D=  -1 
 X= 810 X2=1012  Y= 958 Y2=1023 P1=  -1 P2=  -1 T1=1023 T2= 884  P=  -1  D=  -1 
 X= 861 X2= 967  Y= 971 Y2=1022 P1=  -1 P2=  -1 T1=1023 T2= 833  P=  -1  D=  -1 
 X= 973 X2= 992  Y= 977 Y2=1023 P1=  -1 P2=  -1 T1=1023 T2= 903  P=  -1  D=  -1 
 X= 974 X2= 987  Y= 971 Y2=1023 P1=  -1 P2=  -1 T1=1023 T2= 893  P=  -1  D=  -1 
 X= 884 X2=1020  Y= 969 Y2=1019 P1=  -1 P2=  -1 T1=1023 T2= 910  P=  -1  D=  -1 
 X= 997 X2= 991  Y= 966 Y2=1023 P1=  -1 P2=  -1 T1=1023 T2= 893  P=  -1  D=  -1 
 X= 938 X2=1023  Y= 954 Y2=1023 P1=  -1 P2=  -1 T1=1023 T2= 882  P=  -1  D=  -1 
 X= 780 X2=1023  Y= 972 Y2=1023 P1=  -1 P2=  -1 T1=1023 T2= 906  P=  -1  D=  -1 
 X= 824 X2=1023  Y= 973 Y2=1020 P1=  -1 P2=  -1 T1=1023 T2= 890  P=  -1  D=  -1 
 X= 845 X2=1002  Y= 953 Y2=1023 P1=  -1 P2=  -1 T1=1023 T2= 892  P=  -1  D=  -1 
 X= 794 X2=1009  Y= 952 Y2=1023 P1=  -1 P2=  -1 T1=1023 T2= 907  P=  -1  D=  -1 
 X=1023 X2= 984  Y= 958 Y2=1021 P1=  -1 P2=  -1 T1=1022 T2= 864  P=  -1  D=  -1 
 X= 730 X2=1005  Y= 949 Y2=1023 P1=  -1 P2=  -1 T1=1023 T2= 898  P=  -1  D=  -1 
 X= 972 X2=1004  Y= 966 Y2=1022 P1=  -1 P2=  -1 T1=1022 T2= 905  P=  -1  D=  -1 
 X= 906 X2=1023  Y= 977 Y2=1021 P1=  -1 P2=  -1 T1=1023 T2= 912  P=  -1  D=  -1 
 X= 900 X2=1023  Y= 980 Y2=1022 P1=  -1 P2=  -1 T1=1023 T2= 914  P=  -1  D=  -1 
 X= 780 X2=1023  Y= 960 Y2=1023 P1=  -1 P2=  -1 T1=1023 T2= 901  P=  -1  D=  -1 
 X= 738 X2=1023  Y= 960 Y2=1023 P1=  -1 P2=  -1 T1=1023 T2= 904  P=  -1  D=  -1 
 X= 980 X2= 982  Y= 959 Y2=1023 P1=  -1 P2=  -1 T1=1023 T2= 877  P=  -1  D=  -1 
 X= 667 X2=1023  Y= 973 Y2=1023 P1=  -1 P2=  -1 T1=1023 T2= 901  P=  -1  D=  -1 
 X= 900 X2=1023  Y= 974 Y2=1023 P1=  -1 P2=  -1 T1=1023 T2= 904  P=  -1  D=  -1 
 X=1023 X2= 997  Y= 974 Y2=1021 P1=  -1 P2=  -1 T1=1023 T2= 874  P=  -1  D=  -1 
 X=1007 X2= 947  Y= 968 Y2=1023 P1=  -1 P2=  -1 T1=1023 T2= 889  P=  -1  D=  -1 
 X= 744 X2=1023  Y= 972 Y2=1022 P1=  -1 P2=  -1 T1=1023 T2= 918  P=  -1  D=  -1 
 X= 876 X2=1023  Y= 976 Y2=1022 P1=  -1 P2=  -1 T1=1023 T2= 896  P=  -1  D=  -1 
 X= 865 X2=1023  Y= 950 Y2=1023 P1=  -1 P2=  -1 T1=1023 T2= 950  P=  -1  D=  -1 
 X= 798 X2=1023  Y= 974 Y2=1022 P1=  -1 P2=  -1 T1=1023 T2= 906  P=  -1  D=  -1 
 X= 669 X2=1023  Y= 965 Y2=1022 P1=  -1 P2=  -1 T1=1023 T2= 900  P=  -1  D=  -1 
 X= 885 X2=1000  Y= 961 Y2=1023 P1=  -1 P2=  -1 T1=1023 T2= 875  P=  -1  D=  -1 
 X= 870 X2=1016  Y= 970 Y2=1023 P1=  -1 P2=  -1 T1=1023 T2= 880  P=  -1  D=  -1 
 X=1023 X2= 970  Y= 968 Y2=1021 P1=  -1 P2=  -1 T1=1023 T2= 889  P=  -1  D=  -1 
 X= 914 X2=1023  Y= 989 Y2=1023 P1=  -1 P2=  -1 T1=1022 T2= 890  P=  -1  D=  -1 
 X= 812 X2=1023  Y= 964 Y2=1022 P1=  -1 P2=  -1 T1=1023 T2= 906  P=  -1  D=  -1 
 X= 927 X2= 973  Y= 977 Y2=1022 P1=  -1 P2=  -1 T1=1023 T2= 905  P=  -1  D=  -1 
 X= 894 X2=1022  Y= 967 Y2=1022 P1=  -1 P2=  -1 T1=1023 T2= 899  P=  -1  D=  -1 
 X= 665 X2=1023  Y= 959 Y2=1023 P1=  -1 P2=  -1 T1=1023 T2= 894  P=  -1  D=  -1 
 X= 710 X2=1023  Y= 964 Y2=1023 P1=  -1 P2=  -1 T1=1023 T2= 921  P=  -1  D=  -1 
 X= 988 X2= 963  Y= 974 Y2=1023 P1=  -1 P2=  -1 T1=1023 T2= 903  P=  -1  D=  -1 
 X= 811 X2=1015  Y= 954 Y2=1023 P1=  -1 P2=  -1 T1=1023 T2= 897  P=  -1  D=  -1 
 X= 894 X2=1023  Y= 975 Y2=1022 P1=  -1 P2=  -1 T1=1023 T2= 910  P=  -1  D=  -1 
 X=1022 X2=1002  Y= 959 Y2=1023 P1=  -1 P2=  -1 T1=1023 T2= 906  P=  -1  D=  -1 
 X= 988 X2= 962  Y= 964 Y2=1023 P1=  -1 P2=  -1 T1=1023 T2= 891  P=  -1  D=  -1 
 X= 756 X2=1023  Y= 995 Y2=1021 P1=  -1 P2=  -1 T1=1023 T2= 904  P=  -1  D=  -1 
 X=1023 X2= 995  Y= 981 Y2=1023 P1=  -1 P2=  -1 T1=1023 T2= 879  P=  -1  D=  -1 
 X= 646 X2=1023  Y= 968 Y2=1023 P1=  -1 P2=  -1 T1=1023 T2= 909  P=  -1  D=  -1 
 X= 680 X2=1023  Y= 966 Y2=1023 P1=  -1 P2=  -1 T1=1023 T2= 903  P=  -1  D=  -1 
 X=1015 X2= 943  Y= 957 Y2=1022 P1=  -1 P2=  -1 T1=1023 T2= 881  P=  -1  D=  -1 
 X= 644 X2=1023  Y= 949 Y2=1023 P1=  -1 P2=  -1 T1=1023 T2= 903  P=  -1  D=  -1 
 X= 731 X2=1008  Y= 835 Y2=1023 P1=  -1 P2=  -1 T1=1023 T2= 884  P=  -1  D=  -1 
 X= 858 X2=1023  Y= 970 Y2=1022 P1=  -1 P2=  -1 T1=1023 T2= 901  P=  -1  D=  -1 
 X=1023 X2=1000  Y= 953 Y2=1021 P1=  -1 P2=  -1 T1=1023 T2= 892  P=  -1  D=  -1 
 X=1023 X2=1008  Y= 973 Y2=1023 P1=  -1 P2=  -1 T1=1023 T2= 924  P=  -1  D=  -1 
 X= 972 X2=1004  Y= 968 Y2=1023 P1=  -1 P2=  -1 T1=1023 T2= 907  P=  -1  D=  -1 
 X= 677 X2=1023  Y= 974 Y2=1023 P1=  -1 P2=  -1 T1=1023 T2= 894  P=  -1  D=  -1 
 X= 862 X2=1023  Y= 993 Y2=1021 P1=  -1 P2=  -1 T1=1023 T2= 889  P=  -1  D=  -1 
 X= 720 X2=1023  Y= 967 Y2=1023 P1=  -1 P2=  -1 T1=1023 T2= 917  P=  -1  D=  -1 
 X= 871 X2=1023  Y= 965 Y2=1023 P1=  -1 P2=  -1 T1=1023 T2= 942  P=  -1  D=  -1 
 X= 833 X2=1014  Y= 958 Y2=1023 P1=  -1 P2=  -1 T1=1023 T2= 896  P=  -1  D=  -1 
 X= 880 X2=1023  Y= 965 Y2=1022 P1=  -1 P2=  -1 T1=1023 T2= 892  P=  -1  D=  -1 
 X=1023 X2= 972  Y= 976 Y2=1022 P1=  -1 P2=  -1 T1=1023 T2= 877  P=  -1  D=  -1 
 X= 635 X2=1023  Y= 960 Y2=1023 P1=  -1 P2=  -1 T1=1023 T2= 898  P=  -1  D=  -1 
 X= 912 X2= 940  Y= 972 Y2=1019 P1=  -1 P2=  -1 T1=1023 T2= 871  P=  -1  D=  -1 
 X= 237 X2= 235  Y= 352 Y2= 345 P1= 723 P2= 205 T1=  22 T2=  21  P= 596  D=  -1 * 0
 X= 781 X2=1023  Y= 967 Y2=1022 P1=1023 P2=   0 T1=1023 T2= 888  P= 596  D=  -1 
 X= 323 X2= 327  Y= 535 Y2= 519 P1=1023 P2=   0 T1=  96 T2= 888  P= 596  D=  -1 
 X= 250 X2= 245  Y= 362 Y2= 355 P1= 787 P2= 161 T1=  34 T2=  30  P= 596  D=  -1 
 X= 255 X2= 251  Y= 365 Y2= 358 P1= 786 P2= 163 T1=  38 T2=  28  P= 596  D=  -1 
 X= 240 X2= 239  Y= 356 Y2= 349 P1= 753 P2= 184 T1=  24 T2=  24  P= 738  D=  -1 * 1
 X= 241 X2= 238  Y= 356 Y2= 350 P1= 753 P2= 183 T1=  25 T2=  24  P= 744  D=  -1 * 2
 X= 239 X2= 237  Y= 355 Y2= 349 P1= 747 P2= 188 T1=  23 T2=  23  P= 707  D=  -1 * 3
 X= 241 X2= 238  Y= 355 Y2= 349 P1= 753 P2= 183 T1=  24 T2=  24  P= 744  D=  -1 * 4
 X= 241 X2= 238  Y= 355 Y2= 348 P1= 752 P2= 185 T1=  24 T2=  23  P= 732  D=  -1 * 5
 X= 240 X2= 238  Y= 355 Y2= 348 P1= 747 P2= 188 T1=  24 T2=  24  P= 710  D=  -1 * 6
 X= 239 X2= 237  Y= 355 Y2= 348 P1= 748 P2= 188 T1=  23 T2=  24  P= 708  D=  -1 * 7
 X= 240 X2= 238  Y= 355 Y2= 348 P1= 746 P2= 188 T1=  23 T2=  24  P= 709  D=  -1 * 8
 X= 239 X2= 238  Y= 354 Y2= 349 P1= 744 P2= 190 T1=  23 T2=  23  P= 693  D=  -1 * 9
 X= 239 X2= 238  Y= 355 Y2= 348 P1= 743 P2= 191 T1=  22 T2=  23  P= 687  D=  -1 * 10
 X= 239 X2= 238  Y= 354 Y2= 348 P1= 742 P2= 191 T1=  23 T2=  24  P= 686  D=  -1 * 11
 X= 240 X2= 237  Y= 355 Y2= 348 P1= 742 P2= 191 T1=  24 T2=  22  P= 686  D=  -1 * 12
 X= 239 X2= 239  Y= 356 Y2= 347 P1= 742 P2= 191 T1=  23 T2=  24  P= 689  D=  -1 * 13
 X= 239 X2= 237  Y= 356 Y2= 348 P1= 742 P2= 191 T1=  23 T2=  23  P= 686  D=  -1 * 14
 X= 239 X2= 237  Y= 355 Y2= 348 P1= 742 P2= 193 T1=  23 T2=  23  P= 676  D=  -1 * 15
 X= 240 X2= 237  Y= 355 Y2= 348 P1= 742 P2= 192 T1=  23 T2=  23  P= 681  D=  -1 * 16
 X= 240 X2= 237  Y= 355 Y2= 348 P1= 740 P2= 193 T1=  23 T2=  23  P= 674  D=  -1 * 17
 X= 239 X2= 238  Y= 355 Y2= 348 P1= 740 P2= 193 T1=  22 T2=  23  P= 674  D=  -1 * 18
 X= 239 X2= 237  Y= 354 Y2= 348 P1= 740 P2= 192 T1=  23 T2=  23  P= 679  D=  -1 * 19
 X= 239 X2= 237  Y= 355 Y2= 348 P1= 740 P2= 193 T1=  23 T2=  22  P= 674  D=  -1 * 20
 X= 239 X2= 237  Y= 354 Y2= 348 P1= 741 P2= 192 T1=  23 T2=  23  P= 680  D=  -1 * 21
 X= 239 X2= 237  Y= 355 Y2= 348 P1= 740 P2= 193 T1=  22 T2=  23  P= 674  D=  -1 * 22
 X= 239 X2= 237  Y= 354 Y2= 348 P1= 741 P2= 193 T1=  23 T2=  23  P= 675  D=  -1 * 23
 X= 221 X2= 237  Y= 355 Y2= 348 P1= 741 P2= 193 T1=  23 T2=  23  P= 650  D=  -1 * 24
Remove Pin
 X= 240 X2= 238  Y= 355 Y2= 347 P1= 741 P2= 193 T1=  23 T2=  23  P= 678  D=  -1 * 24
 X= 239 X2= 237  Y= 355 Y2= 348 P1= 740 P2= 193 T1=  23 T2=  23  P= 674  D=  -1 * 24
 X= 239 X2= 237  Y= 355 Y2= 348 P1= 740 P2= 193 T1=  23 T2=  23  P= 674  D=  -1 * 24
 X= 240 X2= 238  Y= 355 Y2= 349 P1= 741 P2= 192 T1=  22 T2=  23  P= 683  D=  -1 * 24
 X= 240 X2= 237  Y= 354 Y2= 347 P1= 741 P2= 193 T1=  23 T2=  23  P= 675  D=  -1 * 24
 X= 240 X2= 237  Y= 355 Y2= 348 P1= 740 P2= 193 T1=  23 T2=  22  P= 674  D=  -1 * 24
 X= 239 X2= 237  Y= 355 Y2= 348 P1= 741 P2= 193 T1=  22 T2=  23  P= 675  D=  -1 * 24
 X= 239 X2= 237  Y= 355 Y2= 348 P1= 741 P2= 193 T1=  23 T2=  23  P= 675  D=  -1 * 24
 X= 240 X2= 239  Y= 354 Y2= 347 P1= 740 P2= 193 T1=  23 T2=  23  P= 677  D=  -1 * 24
 X= 239 X2= 238  Y= 354 Y2= 348 P1= 740 P2= 192 T1=  23 T2=  23  P= 679  D=  -1 * 24
 X= 239 X2= 237  Y= 355 Y2= 348 P1= 740 P2= 193 T1=  23 T2=  23  P= 674  D=  -1 * 24
 X= 239 X2= 238  Y= 354 Y2= 348 P1= 741 P2= 193 T1=  23 T2=  23  P= 675  D=  -1 * 24
 X= 240 X2= 237  Y= 355 Y2= 348 P1= 741 P2= 193 T1=  23 T2=  22  P= 675  D=  -1 * 24
 X= 240 X2= 239  Y= 355 Y2= 348 P1= 740 P2= 193 T1=  23 T2=  23  P= 677  D=  -1 * 24
 X= 239 X2= 237  Y= 354 Y2= 347 P1= 740 P2= 194 T1=  23 T2=  23  P= 669  D=  -1 * 24
 X= 240 X2= 237  Y= 354 Y2= 348 P1= 740 P2= 193 T1=  22 T2=  23  P= 674  D=  -1 * 24
 X= 240 X2= 238  Y= 355 Y2= 348 P1= 740 P2= 193 T1=  23 T2=  23  P= 677  D=  -1 * 24
 X= 239 X2= 237  Y= 355 Y2= 348 P1= 740 P2= 193 T1=  22 T2=  24  P= 674  D=  -1 * 24
 X= 239 X2= 237  Y= 355 Y2= 348 P1= 740 P2= 193 T1=  23 T2=  22  P= 674  D=  -1 * 24
 X= 239 X2= 238  Y= 354 Y2= 348 P1= 740 P2= 193 T1=  23 T2=  23  P= 674  D=  -1 * 24
 X= 240 X2= 237  Y= 354 Y2= 347 P1= 740 P2= 193 T1=  23 T2=  23  P= 674  D=  -1 * 24
 X= 242 X2= 237  Y= 355 Y2= 348 P1= 741 P2= 193 T1=  23 T2=  22  P= 678  D=  -1 * 24
 X= 241 X2= 242  Y= 367 Y2= 377 P1= 806 P2= 149 T1=  22 T2=  37  P= 678  D=  -1 * 24
 X= 774 X2=1023  Y= 968 Y2=1023 P1=1023 P2=   0 T1=1023 T2= 890  P= 678  D=  -1 
 X= 615 X2=1023  Y= 958 Y2=1023 P1=1023 P2=   0 T1=1023 T2= 908  P= 678  D=  -1 
 X= 744 X2=1010  Y= 945 Y2=1023 P1=1023 P2=   0 T1=1022 T2= 883  P= 678  D=  -1 
target state=1 point=456,22
 X= 936 X2=1022  Y= 981 Y2=1021 P1=1023 P2=   0 T1=1023 T2= 904  P= 678  D=  -1 
 X=1014 X2= 951  Y= 947 Y2=1023 P1=1023 P2=   0 T1=1023 T2= 887  P= 678  D=  -1 
 X= 996 X2= 965  Y= 967 Y2=1023 P1=1023 P2=   0 T1=1023 T2= 895  P= 678  D=  -1 
 X=1003 X2= 974  Y= 976 Y2=1022 P1=1023 P2=   0 T1=1023 T2= 887  P= 678  D=  -1 
 X= 867 X2=1023  Y= 970 Y2=1023 P1=1023 P2=   0 T1=1023 T2= 905  P= 678  D=  -1 
 X= 865 X2=1023  Y= 979 Y2=1022 P1=1023 P2=   0 T1=1023 T2= 894  P= 678  D=  -1 
 X= 671 X2=1023  Y= 957 Y2=1023 P1=1023 P2=   0 T1=1023 T2= 905  P= 678  D=  -1 
 X= 907 X2=1023  Y= 987 Y2=1021 P1=1023 P2=   0 T1=1023 T2= 882  P= 678  D=  -1 
 X= 978 X2= 984  Y= 967 Y2=1022 P1=1023 P2=   0 T1=1023 T2= 889  P= 678  D=  -1 
 X= 814 X2=1014  Y= 963 Y2=1023 P1=1023 P2=   0 T1=1023 T2= 894  P= 678  D=  -1 
 X= 897 X2=1023  Y= 967 Y2=1023 P1=1023 P2=   0 T1=1023 T2= 886  P= 678  D=  -1 
 X=1023 X2= 967  Y= 975 Y2=1022 P1=1023 P2=   0 T1=1023 T2= 910  P= 678  D=  -1 
 X= 984 X2= 959  Y= 974 Y2=1023 P1=1023 P2=   0 T1=1023 T2= 884  P= 678  D=  -1 
 X= 769 X2=1023  Y= 961 Y2=1023 P1=1023 P2=   0 T1=1023 T2= 900  P= 678  D=  -1 
 X= 967 X2=1014  Y= 950 Y2=1023 P1=1023 P2=   0 T1=1023 T2= 889  P= 678  D=  -1 
 X= 861 X2=1023  Y= 962 Y2=1023 P1=1023 P2=   0 T1=1023 T2= 888  P= 678  D=  -1 
 X= 603 X2=1023  Y= 962 Y2=1023 P1=1023 P2=   0 T1=1023 T2= 895  P= 678  D=  -1 
 X= 762 X2=1023  Y= 957 Y2=1023 P1=1023 P2=   0 T1=1023 T2= 903  P= 678  D=  -1 
 X= 969 X2= 993  Y= 971 Y2=1022 P1=1023 P2=   0 T1=1023 T2= 885  P= 678  D=  -1 
 X= 811 X2=1014  Y= 954 Y2=1023 P1=1023 P2=   0 T1=1023 T2= 902  P= 678  D=  -1 
 X= 886 X2=1023  Y= 975 Y2=1022 P1=1023 P2=   0 T1=1023 T2= 896  P= 678  D=  -1 
 X= 956 X2= 980  Y= 962 Y2=1023 P1=1023 P2=   0 T1=1023 T2= 896  P= 678  D=  -1 
 X= 705 X2=1023  Y= 964 Y2=1023 P1=1023 P2=   0 T1=1023 T2= 922  P= 678  D=  -1 
 X= 792 X2=1023  Y= 968 Y2=1022 P1=1023 P2=   0 T1=1022 T2= 912  P= 678  D=  -1 
 X= 911 X2=1023  Y= 967 Y2=1022 P1=1023 P2=   0 T1=1023 T2= 891  P= 678  D=  -1 
 X=1023 X2= 999  Y= 970 Y2=1022 P1=1023 P2=   0 T1=1023 T2= 882  P= 678  D=  -1 
 X= 661 X2=1023  Y= 967 Y2=1023 P1=1023 P2=   0 T1=1023 T2= 908  P= 678  D=  -1 
 X= 729 X2=1008  Y= 949 Y2=1023 P1=1023 P2=   0 T1=1023 T2= 908  P= 678  D=  -1 
 X= 748 X2=1023  Y= 974 Y2=1023 P1=1023 P2=   0 T1=1023 T2= 893  P= 678  D=  -1 
 X= 851 X2=1023  Y= 976 Y2=1021 P1=1023 P2=   0 T1=1023 T2= 915  P= 678  D=  -1 
 X=1023 X2= 979  Y= 967 Y2=1021 P1=1023 P2=   0 T1=1023 T2= 894  P= 678  D=  -1 
 X=1023 X2= 996  Y= 966 Y2=1023 P1=1023 P2=   0 T1=1023 T2= 887  P= 678  D=  -1 
 X= 759 X2=1023  Y= 967 Y2=1023 P1=1023 P2=   0 T1=1023 T2= 896  P= 678  D=  -1 
 X=1006 X2= 989  Y= 970 Y2=1023 P1=1023 P2=   0 T1=1023 T2= 910  P= 678  D=  -1 
 X= 802 X2=1011  Y= 948 Y2=1023 P1=1023 P2=   0 T1=1023 T2= 905  P= 678  D=  -1 
 X=1023 X2=1013  Y= 970 Y2=1023 P1=1023 P2=   0 T1=1023 T2= 914  P= 678  D=  -1 
 X= 822 X2=1014  Y= 936 Y2=1023 P1=1023 P2=   0 T1=1023 T2= 898  P= 678  D=  -1 
 X= 772 X2=1012  Y= 944 Y2=1023 P1=1023 P2=   0 T1=1023 T2= 896  P= 678  D=  -1 
 X= 870 X2=1013  Y= 971 Y2=1023 P1=1023 P2=   0 T1=1023 T2= 872  P= 678  D=  -1 
 X=1023 X2=1000  Y= 983 Y2=1023 P1=1023 P2=   0 T1=1023 T2= 901  P= 678  D=  -1 
 X=1023 X2= 995  Y= 966 Y2=1022 P1=1023 P2=   0 T1=1023 T2= 907  P= 678  D=  -1 
 X= 680 X2=1023  Y= 969 Y2=1023 P1=1023 P2=   0 T1=1022 T2= 904  P= 678  D=  -1 
 X=1023 X2= 996  Y= 968 Y2=1022 P1=1023 P2=   0 T1=1023 T2= 897  P= 678  D=  -1 
 X= 743 X2=1006  Y= 958 Y2=1023 P1=1023 P2=   0 T1=1023 T2= 882  P= 678  D=  -1 
 X= 643 X2=1023  Y= 954 Y2=1023 P1=1023 P2=   0 T1=1023 T2= 891  P= 678  D=  -1 
 X= 686 X2=1023  Y= 972 Y2=1023 P1=1023 P2=   0 T1=1022 T2= 904  P= 678  D=  -1 
 X=1023 X2= 998  Y= 958 Y2=1022 P1=1023 P2=   0 T1=1023 T2= 898  P= 678  D=  -1 
 X= 755 X2=1007  Y= 965 Y2=1022 P1=1023 P2=   0 T1=1023 T2= 887  P= 678  D=  -1 
 X= 808 X2=1023  Y= 968 Y2=1022 P1=1023 P2=   0 T1=1023 T2= 897  P= 678  D=  -1 
 X=1023 X2= 986  Y= 965 Y2=1022 P1=1023 P2=   0 T1=1023 T2= 898  P= 678  D=  -1 
 X= 632 X2=1023  Y= 966 Y2=1023 P1=1023 P2=   0 T1=1023 T2= 901  P= 678  D=  -1 
 X= 754 X2=1023  Y= 962 Y2=1023 P1=1023 P2=   0 T1=1023 T2= 918  P= 678  D=  -1 
 X= 753 X2=1023  Y= 962 Y2=1023 P1=1023 P2=   0 T1=1023 T2= 903  P= 678  D=  -1 
 X= 929 X2=1000  Y= 971 Y2=1023 P1=1023 P2=   0 T1=1023 T2= 907  P= 678  D=  -1 
 X= 894 X2=1023  Y= 961 Y2=1023 P1=1023 P2=   0 T1=1023 T2= 881  P= 678  D=  -1 
 X=1023 X2= 991  Y= 956 Y2=1023 P1=1023 P2=   0 T1=1023 T2= 882  P= 678  D=  -1 
 X= 825 X2= 847  Y= 677 Y2=1023 P1=1023 P2=   0 T1=  79 T2= 898  P= 678  D=  -1 
 X= 780 X2=1023  Y= 960 Y2=1021 P1=1023 P2=   0 T1=1023 T2= 883  P= 678  D=  -1 
 X= 811 X2= 808  Y= 351 Y2= 357 P1= 840 P2= 462 T1=  19 T2=  16  P= 661  D=  -1 * 0
 X=1023 X2= 994  Y= 949 Y2=1022 P1=1023 P2=   0 T1=1023 T2= 847  P= 661  D=  -1 
 X= 806 X2= 807  Y= 349 Y2= 357 P1= 837 P2= 467 T1=  16 T2=  15  P= 638  D=  -1 * 0
 X= 807 X2= 806  Y= 349 Y2= 356 P1= 835 P2= 473 T1=  15 T2=  16  P= 616  D=  -1 * 0
 X= 806 X2= 806  Y= 349 Y2= 356 P1= 833 P2= 474 T1=  15 T2=  16  P= 610  D=  -1 * 0
 X= 807 X2= 806  Y= 348 Y2= 355 P1= 831 P2= 482 T1=  14 T2=  14  P= 583  D=  -1 * 1
 X= 807 X2= 806  Y= 348 Y2= 355 P1= 831 P2= 481 T1=  15 T2=  15  P= 585  D=  -1 * 2
 X= 807 X2= 806  Y= 348 Y2= 355 P1= 830 P2= 483 T1=  15 T2=  15  P= 578  D=  -1 * 3
 X= 807 X2= 806  Y= 348 Y2= 355 P1= 831 P2= 482 T1=  15 T2=  15  P= 583  D=  -1 * 4
 X= 808 X2= 806  Y= 348 Y2= 355 P1= 831 P2= 482 T1=  14 T2=  15  P= 584  D=  -1 * 5
 X= 807 X2= 806  Y= 348 Y2= 355 P1= 831 P2= 482 T1=  15 T2=  15  P= 583  D=  -1 * 6
 X= 807 X2= 805  Y= 348 Y2= 355 P1= 831 P2= 482 T1=  14 T2=  15  P= 583  D=  -1 * 7
 X= 807 X2= 806  Y= 348 Y2= 355 P1= 830 P2= 483 T1=  14 T2=  15  P= 578  D=  -1 * 8
 X= 807 X2= 806  Y= 348 Y2= 355 P1= 831 P2= 482 T1=  15 T2=  14  P= 583  D=  -1 * 9
 X= 806 X2= 807  Y= 348 Y2= 355 P1= 831 P2= 483 T1=  14 T2=  15  P= 580  D=  -1 * 10
 X= 806 X2= 820  Y= 349 Y2= 354 P1= 830 P2= 483 T1=  14 T2=  14  P= 583  D=  -1 * 11
 X= 806 X2= 806  Y= 348 Y2= 355 P1= 830 P2= 483 T1=  14 T2=  15  P= 578  D=  -1 * 12
 X= 806 X2= 806  Y= 347 Y2= 355 P1= 830 P2= 484 T1=  15 T2=  15  P= 575  D=  -1 * 13
 X= 806 X2= 806  Y= 348 Y2= 355 P1= 830 P2= 484 T1=  14 T2=  15  P= 575  D=  -1 * 14
 X= 806 X2= 805  Y= 348 Y2= 355 P1= 829 P2= 485 T1=  14 T2=  14  P= 570  D=  -1 * 15
 X= 806 X2= 806  Y= 348 Y2= 355 P1= 830 P2= 484 T1=  15 T2=  15  P= 575  D=  -1 * 16
 X= 806 X2= 807  Y= 348 Y2= 355 P1= 831 P2= 484 T1=  14 T2=  15  P= 577  D=  -1 * 17
 X= 807 X2= 806  Y= 348 Y2= 355 P1= 830 P2= 484 T1=  15 T2=  15  P= 575  D=  -1 * 18
 X= 807 X2= 806  Y= 348 Y2= 355 P1= 830 P2= 484 T1=  14 T2=  14  P= 575  D=  -1 * 19
 X= 807 X2= 806  Y= 348 Y2= 355 P1= 829 P2= 484 T1=  14 T2=  14  P= 573  D=  -1 * 20
 X= 805 X2= 805  Y= 348 Y2= 355 P1= 830 P2= 484 T1=  14 T2=  15  P= 574  D=  -1 * 21
 X= 807 X2= 806  Y= 349 Y2= 355 P1= 829 P2= 484 T1=  14 T2=  14  P= 573  D=  -1 * 22
 X= 806 X2= 806  Y= 348 Y2= 355 P1= 831 P2= 485 T1=  14 T2=  15  P= 574  D=  -1 * 23
 X= 806 X2= 805  Y= 348 Y2= 355 P1= 830 P2= 484 T1=  15 T2=  14  P= 574  D=  -1 * 24
Remove Pin
 X= 807 X2= 806  Y= 348 Y2= 355 P1= 830 P2= 485 T1=  15 T2=  15  P= 573  D=  -1 * 24
 X= 806 X2= 809  Y= 348 Y2= 354 P1= 830 P2= 485 T1=  14 T2=  14  P= 573  D=  -1 * 24
 X= 807 X2= 806  Y= 348 Y2= 354 P1= 829 P2= 485 T1=  14 T2=  14  P= 571  D=  -1 * 24
 X= 807 X2= 806  Y= 347 Y2= 354 P1= 829 P2= 485 T1=  14 T2=  14  P= 571  D=  -1 * 24
 X= 807 X2= 806  Y= 348 Y2= 355 P1= 830 P2= 485 T1=  15 T2=  14  P= 573  D=  -1 * 24
 X= 807 X2= 806  Y= 348 Y2= 355 P1= 830 P2= 485 T1=  14 T2=  14  P= 573  D=  -1 * 24
 X= 808 X2= 806  Y= 348 Y2= 355 P1= 830 P2= 484 T1=  14 T2=  15  P= 576  D=  -1 * 24
 X= 807 X2= 806  Y= 348 Y2= 354 P1= 828 P2= 489 T1=  15 T2=  15  P= 558  D=  -1 * 24
 X= 807 X2= 806  Y= 348 Y2= 354 P1= 826 P2= 496 T1=  14 T2=  13  P= 535  D=  -1 * 24
 X= 819 X2=1023  Y= 517 Y2= 420 P1= 877 P2= 420 T1=1023 T2=  17  P= 535  D=  -1 
 X= 825 X2=1013  Y= 958 Y2=1023 P1=1023 P2=   0 T1=1023 T2= 878  P= 535  D=  -1 
 X= 652 X2=1023  Y= 970 Y2=1023 P1=1023 P2=   0 T1=1023 T2= 905  P= 535  D=  -1 
target state=2 point=456,249
 X= 737 X2=1007  Y= 961 Y2=1023 P1=1023 P2=   0 T1=1023 T2= 890  P= 535  D=  -1 
 X= 754 X2=1007  Y= 953 Y2=1023 P1=1023 P2=   0 T1=1023 T2= 884  P= 535  D=  -1 
 X= 894 X2=1023  Y= 932 Y2=1021 P1=1023 P2=   0 T1=1023 T2= 881  P= 535  D=  -1 
 X= 903 X2=1023  Y= 985 Y2=1022 P1=1023 P2=   0 T1=1023 T2= 867  P= 535  D=  -1 
 X= 904 X2= 966  Y= 971 Y2=1021 P1=1023 P2=   0 T1=1023 T2= 890  P= 535  D=  -1 
 X= 702 X2=1023  Y= 962 Y2=1023 P1=1023 P2=   0 T1=1023 T2= 892  P= 535  D=  -1 
 X= 895 X2=1023  Y= 981 Y2=1020 P1=1023 P2=   0 T1=1023 T2= 886  P= 535  D=  -1 
 X= 761 X2=1008  Y= 934 Y2=1023 P1=1023 P2=   0 T1=1023 T2= 879  P= 535  D=  -1 
 X= 884 X2=1013  Y= 963 Y2=1023 P1=1023 P2=   0 T1=1023 T2= 900  P= 535  D=  -1 
 X= 886 X2= 936  Y= 962 Y2=1022 P1=1023 P2=   0 T1=1023 T2= 893  P= 535  D=  -1 
 X=1023 X2= 994  Y= 957 Y2=1022 P1=1023 P2=   0 T1=1023 T2= 876  P= 535  D=  -1 
 X=1008 X2= 971  Y= 963 Y2=1022 P1=1023 P2=   0 T1=1023 T2= 886  P= 535  D=  -1 
 X= 858 X2=1023  Y= 976 Y2=1021 P1=1023 P2=   0 T1=1023 T2= 880  P= 535  D=  -1 
 X=1023 X2= 964  Y= 973 Y2=1023 P1=1023 P2=   0 T1=1023 T2= 893  P= 535  D=  -1 
 X= 832 X2=1014  Y= 951 Y2=1023 P1=1023 P2=   0 T1=1023 T2= 879  P= 535  D=  -1 
 X= 902 X2= 986  Y= 954 Y2=1022 P1=1023 P2=   0 T1=1023 T2= 892  P= 535  D=  -1 
 X= 976 X2= 985  Y= 964 Y2=1023 P1=1023 P2=   0 T1=1023 T2= 883  P= 535  D=  -1 
 X= 737 X2=1008  Y= 958 Y2=1023 P1=1023 P2=   0 T1=1023 T2= 897  P= 535  D=  -1 
 X= 833 X2=1014  Y= 958 Y2=1023 P1=1023 P2=   0 T1=1023 T2= 921  P= 535  D=  -1 
 X= 851 X2=1023  Y= 973 Y2=1022 P1=1023 P2=   0 T1=1023 T2= 907  P= 535  D=  -1 
 X= 763 X2=1006  Y= 967 Y2=1023 P1=1023 P2=   0 T1=1023 T2= 888  P= 535  D=  -1 
 X= 796 X2=1023  Y= 974 Y2=1020 P1=1023 P2=   0 T1=1023 T2= 904  P= 535  D=  -1 
 X= 890 X2=1023  Y= 991 Y2=1021 P1=1023 P2=   0 T1=1023 T2= 904  P= 535  D=  -1 
 X= 858 X2=1015  Y= 950 Y2=1023 P1=1023 P2=   0 T1=1023 T2= 881  P= 535  D=  -1 
 X= 674 X2=1023  Y= 968 Y2=1023 P1=1023 P2=   0 T1=1023 T2= 888  P= 535  D=  -1 
 X= 751 X2=1023  Y= 971 Y2=1023 P1=1023 P2=   0 T1=1023 T2= 886  P= 535  D=  -1 
 X= 977 X2= 992  Y= 967 Y2=1023 P1=1023 P2=   0 T1=1023 T2= 876  P= 535  D=  -1 
 X= 675 X2=1023  Y= 970 Y2=1023 P1=1023 P2=   0 T1=1023 T2= 925  P= 535  D=  -1 
 X= 846 X2=1023  Y= 976 Y2=1021 P1=1023 P2=   0 T1=1023 T2= 880  P= 535  D=  -1 
 X= 941 X2= 999  Y= 972 Y2=1023 P1=1023 P2=   0 T1=1023 T2= 895  P= 535  D=  -1 
 X= 768 X2=1023  Y= 970 Y2=1023 P1=1023 P2=   0 T1=1023 T2= 910  P= 535  D=  -1 
 X= 848 X2=1023  Y= 962 Y2=1021 P1=1023 P2=   0 T1=1023 T2= 922  P= 535  D=  -1 
 X= 861 X2=1023  Y= 963 Y2=1021 P1=1023 P2=   0 T1=1023 T2= 907  P= 535  D=  -1 
 X= 803 X2=1023  Y= 970 Y2=1022 P1=1023 P2=   0 T1=1023 T2= 896  P= 535  D=  -1 
 X= 840 X2=1023  Y= 973 Y2=1022 P1=1023 P2=   0 T1=1023 T2= 891  P= 535  D=  -1 
 X= 977 X2= 965  Y= 971 Y2=1022 P1=1023 P2=   0 T1=1023 T2= 900  P= 535  D=  -1 
 X= 919 X2=1004  Y= 961 Y2=1023 P1=1023 P2=   0 T1=1022 T2= 907  P= 535  D=  -1 
 X= 989 X2=1015  Y= 967 Y2=1023 P1=1023 P2=   0 T1=1023 T2= 899  P= 535  D=  -1 
 X= 984 X2= 992  Y= 970 Y2=1023 P1=1023 P2=   0 T1=1023 T2= 874  P= 535  D=  -1 
 X=1007 X2=1001  Y= 962 Y2=1023 P1=1023 P2=   0 T1=1023 T2= 881  P= 535  D=  -1 
 X= 876 X2= 998  Y= 935 Y2=1023 P1=1023 P2=   0 T1=1023 T2= 897  P= 535  D=  -1 
 X=1023 X2= 977  Y= 970 Y2=1021 P1=1023 P2=   0 T1=1022 T2= 877  P= 535  D=  -1 
 X= 738 X2=1008  Y= 957 Y2=1023 P1=1023 P2=   0 T1=1023 T2= 897  P= 535  D=  -1 
 X= 738 X2=1023  Y= 965 Y2=1023 P1=1023 P2=   0 T1=1023 T2= 899  P= 535  D=  -1 
 X=1023 X2= 984  Y= 963 Y2=1021 P1=1023 P2=   0 T1=1023 T2= 881  P= 535  D=  -1 
 X= 989 X2= 958  Y= 966 Y2=1023 P1=1023 P2=   0 T1=1023 T2= 889  P= 535  D=  -1 
 X= 930 X2= 990  Y= 967 Y2=1023 P1=1023 P2=   0 T1=1023 T2= 884  P= 535  D=  -1 
 X= 902 X2=1023  Y= 958 Y2=1022 P1=1023 P2=   0 T1=1023 T2= 889  P= 535  D=  -1 
 X= 996 X2= 967  Y= 962 Y2=1023 P1=1023 P2=   0 T1=1023 T2= 879  P= 535  D=  -1 
 X= 638 X2=1023  Y= 952 Y2=1023 P1=1023 P2=   0 T1=1023 T2= 913  P= 535  D=  -1 
 X= 755 X2=1023  Y= 957 Y2=1023 P1=1023 P2=   0 T1=1023 T2= 901  P= 535  D=  -1 
 X= 963 X2= 998  Y= 960 Y2=1023 P1=1023 P2=   0 T1=1023 T2= 881  P= 535  D=  -1 
 X= 732 X2=1008  Y= 960 Y2=1023 P1=1023 P2=   0 T1=1023 T2= 878  P= 535  D=  -1 
 X= 686 X2=1009  Y= 954 Y2=1023 P1=1023 P2=   0 T1=1023 T2= 931  P= 535  D=  -1 
 X=1001 X2= 986  Y= 977 Y2=1022 P1=1023 P2=   0 T1=1023 T2= 868  P= 535  D=  -1 
 X= 791 X2=1012  Y= 954 Y2=1023 P1=1023 P2=   0 T1=  29 T2= 880  P= 535  D=  -1 * 0
 X= 874 X2=1023  Y= 965 Y2=1023 P1= 942 P2= 518 T1=1023 T2=  15  P= 535  D=  -1 
 X= 804 X2= 805  Y= 688 Y2= 692 P1= 919 P2= 524 T1=  24 T2=  15  P= 535  D=  -1 * 0
 X= 804 X2= 804  Y= 689 Y2= 693 P1= 921 P2= 515 T1=  18 T2=  16  P= 633  D=  -1 * 0
 X= 804 X2= 805  Y= 688 Y2= 694 P1= 923 P2= 497 T1=  17 T2=  17  P= 689  D=  -1 * 0
 X= 803 X2= 805  Y= 688 Y2= 692 P1= 922 P2= 503 T1=  17 T2=  17  P= 669  D=  -1 * 1
 X= 804 X2= 805  Y= 687 Y2= 692 P1= 922 P2= 508 T1=  16 T2=  16  P= 654  D=  -1 * 2
 X= 804 X2= 805  Y= 688 Y2= 692 P1= 922 P2= 508 T1=  17 T2=  16  P= 654  D=  -1 * 3
 X= 803 X2= 805  Y= 688 Y2= 692 P1= 922 P2= 509 T1=  16 T2=  16  P= 652  D=  -1 * 4
 X= 804 X2= 805  Y= 688 Y2= 692 P1= 920 P2= 513 T1=  16 T2=  16  P= 637  D=  -1 * 5
 X= 803 X2= 804  Y= 688 Y2= 693 P1= 922 P2= 506 T1=  17 T2=  17  P= 660  D=  -1 * 6
 X= 803 X2= 804  Y= 688 Y2= 693 P1= 921 P2= 511 T1=  16 T2=  16  P= 644  D=  -1 * 7
 X= 804 X2= 805  Y= 688 Y2= 692 P1= 920 P2= 511 T1=  17 T2=  16  P= 643  D=  -1 * 8
 X= 803 X2= 805  Y= 688 Y2= 692 P1= 921 P2= 513 T1=  16 T2=  16  P= 639  D=  -1 * 9
 X= 803 X2= 804  Y= 688 Y2= 692 P1= 921 P2= 515 T1=  16 T2=  16  P= 632  D=  -1 * 10
 X= 803 X2= 805  Y= 688 Y2= 692 P1= 919 P2= 515 T1=  16 T2=  16  P= 630  D=  -1 * 11
 X= 804 X2= 804  Y= 687 Y2= 692 P1= 919 P2= 517 T1=  16 T2=  16  P= 624  D=  -1 * 12
 X= 805 X2= 804  Y= 687 Y2= 692 P1= 919 P2= 517 T1=  16 T2=  16  P= 624  D=  -1 * 13
 X= 803 X2= 804  Y= 688 Y2= 692 P1= 920 P2= 517 T1=  16 T2=  16  P= 625  D=  -1 * 14
 X= 804 X2= 804  Y= 687 Y2= 693 P1= 920 P2= 517 T1=  16 T2=  16  P= 626  D=  -1 * 15
 X= 801 X2= 804  Y= 688 Y2= 692 P1= 920 P2= 517 T1=  16 T2=  15  P= 624  D=  -1 * 16
 X= 803 X2= 805  Y= 688 Y2= 692 P1= 920 P2= 518 T1=  16 T2=  16  P= 623  D=  -1 * 17
 X= 803 X2= 804  Y= 687 Y2= 692 P1= 920 P2= 516 T1=  15 T2=  16  P= 627  D=  -1 * 18
 X= 803 X2= 804  Y= 688 Y2= 692 P1= 920 P2= 517 T1=  17 T2=  16  P= 625  D=  -1 * 19
 X= 803 X2= 804  Y= 687 Y2= 692 P1= 920 P2= 516 T1=  15 T2=  16  P= 627  D=  -1 * 20
 X= 803 X2= 804  Y= 688 Y2= 692 P1= 919 P2= 517 T1=  16 T2=  15  P= 623  D=  -1 * 21
 X= 803 X2= 804  Y= 688 Y2= 692 P1= 920 P2= 517 T1=  16 T2=  16  P= 625  D=  -1 * 22
 X= 803 X2= 804  Y= 687 Y2= 692 P1= 920 P2= 517 T1=  16 T2=  15  P= 625  D=  -1 * 23
 X= 803 X2= 804  Y= 688 Y2= 692 P1= 920 P2= 516 T1=  16 T2=  16  P= 627  D=  -1 * 24
Remove Pin
 X= 804 X2= 804  Y= 688 Y2= 692 P1= 920 P2= 516 T1=  16 T2=  17  P= 628  D=  -1 * 24
 X= 803 X2= 804  Y= 688 Y2= 692 P1= 920 P2= 516 T1=  16 T2=  15  P= 627  D=  -1 * 24
 X= 803 X2= 804  Y= 687 Y2= 692 P1= 920 P2= 517 T1=  16 T2=  15  P= 625  D=  -1 * 24
 X= 802 X2= 804  Y= 688 Y2= 692 P1= 920 P2= 517 T1=  16 T2=  16  P= 625  D=  -1 * 24
 X= 803 X2= 804  Y= 688 Y2= 692 P1= 920 P2= 516 T1=  16 T2=  16  P= 627  D=  -1 * 24
 X= 803 X2= 804  Y= 688 Y2= 691 P1= 920 P2= 517 T1=  16 T2=  15  P= 625  D=  -1 * 24
 X= 803 X2= 804  Y= 687 Y2= 692 P1= 920 P2= 515 T1=  15 T2=  15  P= 631  D=  -1 * 24
 X= 802 X2= 803  Y= 687 Y2= 691 P1= 913 P2= 551 T1=  14 T2=  14  P= 526  D=  -1 * 24
 X=1022 X2= 999  Y= 955 Y2=1022 P1=1023 P2=   0 T1=1023 T2= 878  P= 526  D=  -1 
 X= 764 X2=1023  Y= 964 Y2=1023 P1=1023 P2=   0 T1=1022 T2= 871  P= 526  D=  -1 
 X= 659 X2=1023  Y= 963 Y2=1023 P1=1023 P2=   0 T1=1023 T2= 896  P= 526  D=  -1 
target state=3 point=23,249
 X=1023 X2=1022  Y= 964 Y2=1023 P1=1023 P2=   0 T1=1023 T2= 923  P= 526  D=  -1 
 X= 835 X2=1012  Y= 955 Y2=1023 P1=1023 P2=   0 T1=1023 T2= 868  P= 526  D=  -1 
 X= 795 X2=1023  Y= 968 Y2=1021 P1=1023 P2=   0 T1=1023 T2= 916  P= 526  D=  -1 
 X=1002 X2= 964  Y= 953 Y2=1022 P1=1023 P2=   0 T1=1023 T2= 895  P= 526  D=  -1 
 X= 974 X2= 999  Y= 970 Y2=1023 P1=1023 P2=   0 T1=1023 T2= 892  P= 526  D=  -1 
 X= 898 X2=1023  Y= 968 Y2=1020 P1=1023 P2=   0 T1=1023 T2= 866  P= 526  D=  -1 
 X= 896 X2= 932  Y= 975 Y2=1022 P1=1023 P2=   0 T1=1023 T2= 863  P= 526  D=  -1 
 X= 879 X2=1021  Y= 958 Y2=1023 P1=1023 P2=   0 T1=1023 T2= 902  P= 526  D=  -1 
 X= 639 X2=1023  Y= 950 Y2=1023 P1=1023 P2=   0 T1=1022 T2= 877  P= 526  D=  -1 
 X= 919 X2=1023  Y= 981 Y2=1022 P1=1023 P2=   0 T1=1023 T2= 901  P= 526  D=  -1 
 X= 969 X2= 997  Y= 960 Y2=1022 P1=1023 P2=   0 T1=1023 T2= 900  P= 526  D=  -1 
 X= 746 X2=1008  Y= 940 Y2=1023 P1=1023 P2=   0 T1=1023 T2= 901  P= 526  D=  -1 
 X=1023 X2= 975  Y= 971 Y2=1021 P1=1023 P2=   0 T1=1023 T2= 892  P= 526  D=  -1 
 X= 984 X2= 984  Y= 961 Y2=1022 P1=1023 P2=   0 T1=1023 T2= 893  P= 526  D=  -1 
 X= 788 X2=1023  Y= 985 Y2=1023 P1=1023 P2=   0 T1=1023 T2= 896  P= 526  D=  -1 
 X= 881 X2=1023  Y= 984 Y2=1021 P1=1023 P2=   0 T1=1023 T2= 878  P= 526  D=  -1 
 X=1023 X2= 945  Y= 960 Y2=1021 P1=1023 P2=   0 T1=1022 T2= 888  P= 526  D=  -1 
 X= 647 X2=1023  Y= 968 Y2=1023 P1=1023 P2=   0 T1=1023 T2= 895  P= 526  D=  -1 
 X= 784 X2=1023  Y= 960 Y2=1023 P1=1023 P2=   0 T1=1023 T2= 911  P= 526  D=  -1 
 X= 979 X2= 973  Y= 965 Y2=1023 P1=1023 P2=   0 T1=1023 T2= 905  P= 526  D=  -1 
 X= 608 X2=1023  Y= 965 Y2=1022 P1=1023 P2=   0 T1=1023 T2= 866  P= 526  D=  -1 
 X= 867 X2= 959  Y= 973 Y2=1020 P1=1023 P2=   0 T1=1023 T2= 906  P= 526  D=  -1 
 X=1023 X2= 992  Y= 971 Y2=1022 P1=1023 P2=   0 T1=1023 T2= 881  P= 526  D=  -1 
 X= 843 X2=1014  Y= 971 Y2=1023 P1=1023 P2=   0 T1=1023 T2= 898  P= 526  D=  -1 
 X= 767 X2=1023  Y= 964 Y2=1023 P1=1023 P2=   0 T1=1022 T2= 904  P= 526  D=  -1 
 X= 895 X2=1023  Y= 980 Y2=1020 P1=1023 P2=   0 T1=1023 T2= 885  P= 526  D=  -1 
 X= 849 X2=1015  Y= 969 Y2=1023 P1=1023 P2=   0 T1=1023 T2= 910  P= 526  D=  -1 
 X= 600 X2=1023  Y= 967 Y2=1023 P1=1023 P2=   0 T1=1023 T2= 892  P= 526  D=  -1 
 X= 976 X2=1013  Y= 964 Y2=1023 P1=1023 P2=   0 T1=1023 T2= 879  P= 526  D=  -1 
 X= 736 X2=1005  Y= 947 Y2=1023 P1=1023 P2=   0 T1=1023 T2= 889  P= 526  D=  -1 
 X= 685 X2=1023  Y= 968 Y2=1023 P1=1023 P2=   0 T1=1023 T2= 906  P= 526  D=  -1 
 X=1023 X2= 996  Y= 975 Y2=1022 P1=1023 P2=   0 T1=1023 T2= 824  P= 526  D=  -1 
 X= 959 X2= 995  Y= 967 Y2=1022 P1=1023 P2=   0 T1=1023 T2= 892  P= 526  D=  -1 
 X= 894 X2=1023  Y= 977 Y2=1020 P1=1023 P2=   0 T1=1023 T2= 891  P= 526  D=  -1 
 X= 692 X2=1023  Y= 996 Y2=1022 P1=1023 P2=   0 T1=1023 T2= 924  P= 526  D=  -1 
 X= 698 X2=1023  Y= 950 Y2=1023 P1=1023 P2=   0 T1=1023 T2= 888  P= 526  D=  -1 
 X= 629 X2=1023  Y= 961 Y2=1023 P1=1023 P2=   0 T1=1023 T2= 907  P= 526  D=  -1 
 X= 992 X2= 990  Y= 961 Y2=1023 P1=1023 P2=   0 T1=1023 T2= 903  P= 526  D=  -1 
 X= 957 X2= 996  Y= 962 Y2=1023 P1=1023 P2=   0 T1=1020 T2= 906  P= 526  D=  -1 
 X= 855 X2=1002  Y= 958 Y2=1023 P1=1023 P2=   0 T1=1022 T2= 889  P= 526  D=  -1 
 X= 920 X2= 951  Y= 976 Y2=1021 P1=1023 P2=   0 T1=1023 T2= 894  P= 526  D=  -1 
 X=1023 X2= 976  Y= 974 Y2=1021 P1=1023 P2=   0 T1=1023 T2= 878  P= 526  D=  -1 
 X= 735 X2=1023  Y= 970 Y2=1023 P1=1023 P2=   0 T1=1023 T2= 913  P= 526  D=  -1 
 X= 764 X2=1015  Y= 973 Y2=1023 P1=1023 P2=   0 T1=1022 T2= 892  P= 526  D=  -1 
 X= 975 X2=1005  Y= 960 Y2=1023 P1=1023 P2=   0 T1=1023 T2= 918  P= 526  D=  -1 
 X= 729 X2=1023  Y= 967 Y2=1022 P1=1023 P2=   0 T1=1023 T2= 900  P= 526  D=  -1 
 X= 752 X2=1023  Y= 969 Y2=1023 P1=1023 P2=   0 T1=1023 T2= 910  P= 526  D=  -1 
 X=1023 X2= 941  Y= 971 Y2=1023 P1=1023 P2=   0 T1=1023 T2= 876  P= 526  D=  -1 
 X= 980 X2= 994  Y= 967 Y2=1023 P1=1023 P2=   0 T1=1023 T2= 887  P= 526  D=  -1 
 X= 893 X2=1023  Y= 982 Y2=1022 P1=1023 P2=   0 T1=1023 T2= 889  P= 526  D=  -1 
 X= 899 X2=1023  Y= 984 Y2=1022 P1=1023 P2=   0 T1=1023 T2= 892  P= 526  D=  -1 
 X= 985 X2= 948  Y= 954 Y2=1022 P1=1023 P2=   0 T1=1023 T2= 876  P= 526  D=  -1 
 X= 319 X2= 384  Y= 757 Y2= 892 P1=1023 P2=   0 T1=  43 T2= 880  P= 526  D=  -1 
 X= 238 X2= 238  Y= 696 Y2= 691 P1= 861 P2= 224 T1=  25 T2=  23  P= 676  D=  -1 * 0
 X= 256 X2= 263  Y= 711 Y2= 710 P1= 915 P2= 149 T1=  38 T2=  32  P= 676  D=  -1 
 X= 239 X2= 242  Y= 697 Y2= 693 P1= 881 P2= 190 T1=  26 T2=  30  P= 872  D=  -1 * 0
 X= 244 X2= 246  Y= 701 Y2= 696 P1= 892 P2= 182 T1=  30 T2=  28  P= 955  D=  -1 * 0
 X= 240 X2= 241  Y= 698 Y2= 693 P1= 883 P2= 192 T1=  26 T2=  27  P= 863  D=  -1 * 0
 X= 239 X2= 240  Y= 697 Y2= 692 P1= 879 P2= 198 T1=  26 T2=  26  P= 821  D=  -1 * 1
 X= 239 X2= 240  Y= 696 Y2= 691 P1= 870 P2= 208 T1=  25 T2=  24  P= 760  D=  -1 * 2
 X= 238 X2= 240  Y= 696 Y2= 691 P1= 869 P2= 209 T1=  24 T2=  25  P= 754  D=  -1 * 3
 X= 238 X2= 240  Y= 696 Y2= 691 P1= 870 P2= 209 T1=  24 T2=  24  P= 755  D=  -1 * 4
 X= 237 X2= 240  Y= 696 Y2= 691 P1= 868 P2= 213 T1=  24 T2=  24  P= 731  D=  -1 * 5
 X= 238 X2= 239  Y= 696 Y2= 691 P1= 869 P2= 210 T1=  24 T2=  24  P= 746  D=  -1 * 6
 X= 237 X2= 240  Y= 696 Y2= 692 P1= 869 P2= 211 T1=  25 T2=  25  P= 742  D=  -1 * 7
 X= 238 X2= 239  Y= 696 Y2= 692 P1= 870 P2= 209 T1=  24 T2=  25  P= 752  D=  -1 * 8
 X= 238 X2= 239  Y= 695 Y2= 692 P1= 869 P2= 211 T1=  25 T2=  24  P= 742  D=  -1 * 9
 X= 237 X2= 239  Y= 695 Y2= 691 P1= 868 P2= 212 T1=  23 T2=  23  P= 736  D=  -1 * 10
 X= 238 X2= 239  Y= 695 Y2= 691 P1= 869 P2= 212 T1=  24 T2=  25  P= 737  D=  -1 * 11
 X= 234 X2= 240  Y= 695 Y2= 692 P1= 867 P2= 213 T1=  24 T2=  24  P= 727  D=  -1 * 12
 X= 237 X2= 239  Y= 695 Y2= 691 P1= 868 P2= 213 T1=  20 T2=  24  P= 731  D=  -1 * 13
 X= 237 X2= 239  Y= 695 Y2= 690 P1= 868 P2= 213 T1=  25 T2=  25  P= 731  D=  -1 * 14
 X= 241 X2= 240  Y= 696 Y2= 691 P1= 868 P2= 212 T1=  24 T2=  24  P= 742  D=  -1 * 15
 X= 237 X2= 239  Y= 696 Y2= 691 P1= 868 P2= 213 T1=  24 T2=  25  P= 731  D=  -1 * 16
 X= 237 X2= 240  Y= 696 Y2= 691 P1= 868 P2= 212 T1=  24 T2=  24  P= 736  D=  -1 * 17
 X= 238 X2= 240  Y= 696 Y2= 691 P1= 868 P2= 213 T1=  24 T2=  23  P= 734  D=  -1 * 18
 X= 236 X2= 239  Y= 695 Y2= 692 P1= 868 P2= 212 T1=  24 T2=  24  P= 733  D=  -1 * 19
 X= 237 X2= 240  Y= 696 Y2= 691 P1= 868 P2= 213 T1=  24 T2=  24  P= 731  D=  -1 * 20
 X= 238 X2= 239  Y= 695 Y2= 691 P1= 868 P2= 213 T1=  25 T2=  23  P= 731  D=  -1 * 21
 X= 237 X2= 239  Y= 696 Y2= 692 P1= 867 P2= 213 T1=  24 T2=  25  P= 730  D=  -1 * 22
 X= 237 X2= 239  Y= 696 Y2= 692 P1= 868 P2= 212 T1=  24 T2=  25  P= 736  D=  -1 * 23
 X= 247 X2= 239  Y= 696 Y2= 690 P1= 867 P2= 213 T1=  24 T2=  24  P= 746  D=  -1 * 24
Remove Pin
 X= 236 X2= 240  Y= 696 Y2= 691 P1= 867 P2= 214 T1=  24 T2=  24  P= 726  D=  -1 * 24
 X= 237 X2= 239  Y= 695 Y2= 691 P1= 867 P2= 214 T1=  24 T2=  24  P= 726  D=  -1 * 24
 X= 238 X2= 239  Y= 695 Y2= 691 P1= 867 P2= 215 T1=  24 T2=  24  P= 721  D=  -1 * 24
 X= 237 X2= 239  Y= 695 Y2= 691 P1= 867 P2= 215 T1=  24 T2=  24  P= 721  D=  -1 * 24
 X= 238 X2= 240  Y= 696 Y2= 691 P1= 867 P2= 215 T1=  24 T2=  24  P= 724  D=  -1 * 24
 X= 238 X2= 241  Y= 695 Y2= 691 P1= 866 P2= 214 T1=  24 T2=  24  P= 727  D=  -1 * 24
 X= 238 X2= 239  Y= 695 Y2= 692 P1= 867 P2= 214 T1=  25 T2=  24  P= 726  D=  -1 * 24
 X= 236 X2= 240  Y= 696 Y2= 691 P1= 867 P2= 213 T1=  24 T2=  24  P= 730  D=  -1 * 24
 X= 237 X2= 239  Y= 696 Y2= 691 P1= 867 P2= 213 T1=  24 T2=  24  P= 730  D=  -1 * 24
 X= 237 X2= 238  Y= 695 Y2= 691 P1= 867 P2= 213 T1=  24 T2=  24  P= 727  D=  -1 * 24
 X= 237 X2= 240  Y= 695 Y2= 691 P1= 867 P2= 214 T1=  24 T2=  24  P= 726  D=  -1 * 24
 X= 706 X2=1023  Y= 975 Y2=1023 P1=1023 P2=   0 T1=1023 T2= 903  P= 726  D=  -1 
 X= 898 X2= 948  Y= 976 Y2=1020 P1=1023 P2=   0 T1=1023 T2= 878  P= 726  D=  -1 
 X= 808 X2=1014  Y= 955 Y2=1023 P1=1023 P2=   0 T1=1022 T2= 885  P= 726  D=  -1 
Target Noise  x= 2.50 y= 2.50
X[0]: Target= 23   236/ 238/ 239 Stdev= 0.63 N= 24  Y[0]: Target= 22   348/ 351/ 353 Stdev= 0.82 N= 24
X[1]: Target=456   805/ 806/ 813 Stdev= 1.42 N= 24  Y[1]: Target= 22   351/ 351/ 352 Stdev= 0.27 N= 24
X[2]: Target=456   802/ 804/ 804 Stdev= 0.57 N= 24  Y[2]: Target=249   689/ 690/ 691 Stdev= 0.49 N= 24
X[3]: Target= 23   237/ 238/ 240 Stdev= 0.72 N= 24  Y[3]: Target=249   692/ 693/ 695 Stdev= 0.58 N= 24
N=24 Avg=22
min: 21 22 22 22 22 23 
max: 24 24 24 24 23 23 
N=24 Avg=14
min: 14 14 14 14 14 14 
max: 15 15 15 15 15 15 
N=24 Avg=15
min: 15 15 15 15 15 16 
max: 17 17 17 16 16 16 
N=24 Avg=24
min: 22 23 23 24 24 24 
max: 26 26 25 25 24 24 
Using TNT center offset = 20
TNT Plane Coef: a= -924 b=  189 c= 350984
At  238, 351: Real=  23 Fit=  23 Offset=   3
At  806, 351: Real=  15 Fit=  16 Offset=  -4
At  803, 689: Real=  16 Fit=  17 Offset=  -3
At  238, 693: Real=  24 Fit=  24 Offset=   4
Fit Corners: 26, 13, 14, 27  Center: 20
Setting for min_tnt_up:   522
Setting for max_tnt_down: 25 (V2:37)
Entering calib_pressure_mfg
Using default pressure curve
468 471 487 495 509 524 553 575 612 
Summary:
Setting for max_tnt_down:      25
3.7 setting for max_tnt_down:     -1
Setting for min_tnt_up:       522
Setting for max_delta_tnt:      5
3.8 setting for max_delta_tnt:     -1
Setting for delay_in_us:        1
Setting for y_delay_in_us:      1
Setting for tnt_delay_in_us:    1
Setting for pressure_curve:  468 471 487 495 509 524 553 575 612
Setting for tnt_mode:           1
Setting for averaging:         -1
Setting for pointercal:      49959 0 -10383071 0 43499 -13826371 65536
Setting for tnt_plane:       -924 189 350984
