new-calib: New touch screen calibration program v3.12
Serial Number='15051E00010B0602005B'
Using tnt_mode=1
Setting for delay_in_us:        1
Setting for y_delay_in_us:      1
Setting for tnt_delay_in_us:    1
Setting for max_delta_tnt:      5
Setting for tnt_mode:           1
Setting for averaging:         -1
Entering get_five_points
target_noise  x= 2.50 y= 2.50 t= 2.50
target state=0 point=240,136
 X= 967 X2=1006  Y= 964 Y2=1020 P1=1022 P2=  -1 T1=1022 T2= 899  P=  -1  D=  -1 
 X=1011 X2=1014  Y= 992 Y2=1018 P1=1023 P2=  -1 T1=1020 T2= 916  P=  -1  D=  -1 
 X= 823 X2=1021  Y= 988 Y2=1023 P1=1023 P2=  -1 T1=1023 T2= 932  P=  -1  D=  -1 
 X= 948 X2=1023  Y= 995 Y2=1023 P1=1022 P2=  -1 T1=1018 T2= 936  P=  -1  D=  -1 
 X=1010 X2= 997  Y= 989 Y2=1018 P1=1022 P2=  -1 T1=1017 T2= 905  P=  -1  D=  -1 
 X= 997 X2=1008  Y= 987 Y2=1020 P1=1023 P2=  -1 T1=1019 T2= 940  P=  -1  D=  -1 
 X= 972 X2=1019  Y= 975 Y2=1018 P1=1023 P2=  -1 T1=1019 T2= 908  P=  -1  D=  -1 
 X= 957 X2=1021  Y= 981 Y2=1018 P1=1022 P2=  -1 T1=1019 T2= 923  P=  -1  D=  -1 
 X= 993 X2=1023  Y= 974 Y2=1019 P1=1022 P2=  -1 T1=1023 T2= 926  P=  -1  D=  -1 
 X= 952 X2=1023  Y= 980 Y2=1023 P1=1022 P2=  -1 T1=1023 T2= 950  P=  -1  D=  -1 
 X=1023 X2=1008  Y= 982 Y2=1018 P1=1022 P2=  -1 T1=1019 T2= 938  P=  -1  D=  -1 
 X=1023 X2=1014  Y= 979 Y2=1023 P1=1022 P2=  -1 T1=1018 T2= 942  P=  -1  D=  -1 
 X= 963 X2=1023  Y= 980 Y2=1019 P1=1022 P2=  -1 T1=1023 T2= 913  P=  -1  D=  -1 
 X= 821 X2=1022  Y= 982 Y2=1023 P1=1023 P2=  -1 T1=1017 T2= 928  P=  -1  D=  -1 
 X= 963 X2=1005  Y= 986 Y2=1023 P1=1023 P2=  -1 T1=1021 T2= 944  P=  -1  D=  -1 
 X= 980 X2=1018  Y= 981 Y2=1023 P1=1022 P2=  -1 T1=1023 T2= 922  P=  -1  D=  -1 
 X= 876 X2=1020  Y= 978 Y2=1018 P1=1023 P2=  -1 T1=1017 T2= 912  P=  -1  D=  -1 
 X=1019 X2= 998  Y= 987 Y2=1022 P1=1022 P2=  -1 T1=1023 T2= 929  P=  -1  D=  -1 
 X=1023 X2=1006  Y= 993 Y2=1018 P1=1022 P2=  -1 T1=1017 T2= 923  P=  -1  D=  -1 
 X= 917 X2=1023  Y= 990 Y2=1022 P1=1022 P2=  -1 T1=1023 T2= 927  P=  -1  D=  -1 
 X= 903 X2=1021  Y= 983 Y2=1023 P1=1023 P2=  -1 T1=1020 T2= 943  P=  -1  D=  -1 
 X= 900 X2=1020  Y= 984 Y2=1020 P1=1022 P2=  -1 T1=1023 T2= 929  P=  -1  D=  -1 
 X= 936 X2=1023  Y= 982 Y2=1018 P1=1023 P2=  -1 T1=1023 T2= 924  P=  -1  D=  -1 
 X= 817 X2=1023  Y= 984 Y2=1019 P1=1023 P2=  -1 T1=1021 T2= 909  P=  -1  D=  -1 
 X= 872 X2=1018  Y= 980 Y2=1023 P1=1022 P2=  -1 T1=1018 T2= 921  P=  -1  D=  -1 
 X= 868 X2=1016  Y= 990 Y2=1023 P1=1023 P2=  -1 T1=1022 T2= 926  P=  -1  D=  -1 
 X= 948 X2=1023  Y= 985 Y2=1019 P1=1021 P2=  -1 T1=1023 T2= 932  P=  -1  D=  -1 
 X=1023 X2=1008  Y= 991 Y2=1020 P1=1022 P2=  -1 T1=1019 T2= 928  P=  -1  D=  -1 
 X=1005 X2=1018  Y= 991 Y2=1023 P1=1022 P2=  -1 T1=1023 T2= 910  P=  -1  D=  -1 
 X= 962 X2= 998  Y= 985 Y2=1022 P1=1023 P2=  -1 T1=1019 T2= 924  P=  -1  D=  -1 
 X= 971 X2=1023  Y= 977 Y2=1019 P1=1022 P2=  -1 T1=1023 T2= 925  P=  -1  D=  -1 
 X= 934 X2=1023  Y= 986 Y2=1019 P1=1023 P2=  -1 T1=1018 T2= 943  P=  -1  D=  -1 
 X= 844 X2=1023  Y= 976 Y2=1018 P1=1022 P2=  -1 T1=1023 T2= 929  P=  -1  D=  -1 
 X= 975 X2=1023  Y= 986 Y2=1018 P1=1022 P2=  -1 T1=1022 T2= 910  P=  -1  D=  -1 
 X= 905 X2=1018  Y= 985 Y2=1019 P1=1023 P2=  -1 T1=1023 T2= 929  P=  -1  D=  -1 
 X= 930 X2=1019  Y= 986 Y2=1023 P1=1023 P2=  -1 T1=1019 T2= 918  P=  -1  D=  -1 
 X= 960 X2= 989  Y= 988 Y2=1018 P1=1023 P2=  -1 T1=1023 T2= 924  P=  -1  D=  -1 
 X=1023 X2=1014  Y= 982 Y2=1023 P1=1022 P2=  -1 T1=1019 T2= 935  P=  -1  D=  -1 
 X= 954 X2=1021  Y= 978 Y2=1018 P1=1023 P2=  -1 T1=1018 T2= 929  P=  -1  D=  -1 
 X= 906 X2=1023  Y= 988 Y2=1022 P1=1022 P2=  -1 T1=1023 T2= 915  P=  -1  D=  -1 
 X= 971 X2=1014  Y= 974 Y2=1018 P1=1022 P2=  -1 T1=1019 T2= 924  P=  -1  D=  -1 
 X= 942 X2=1023  Y= 993 Y2=1018 P1=1022 P2=  -1 T1=1023 T2= 948  P=  -1  D=  -1 
 X=1023 X2=1005  Y= 978 Y2=1019 P1=1021 P2=  -1 T1=1023 T2= 928  P=  -1  D=  -1 
 X=1013 X2= 992  Y= 976 Y2=1023 P1=1022 P2=  -1 T1=1023 T2= 919  P=  -1  D=  -1 
 X= 995 X2=1008  Y= 975 Y2=1023 P1=1022 P2=  -1 T1=1023 T2= 942  P=  -1  D=  -1 
 X= 965 X2= 996  Y= 983 Y2=1023 P1=1023 P2=  -1 T1=1017 T2= 935  P=  -1  D=  -1 
 X= 991 X2=1013  Y= 983 Y2=1018 P1=1022 P2=  -1 T1=1018 T2= 914  P=  -1  D=  -1 
 X= 788 X2=1023  Y= 988 Y2=1019 P1=1022 P2=  -1 T1=1019 T2= 930  P=  -1  D=  -1 
 X= 893 X2=1023  Y= 986 Y2=1017 P1=1022 P2=  -1 T1=1020 T2= 920  P=  -1  D=  -1 
 X=1018 X2=1011  Y= 981 Y2=1023 P1=1022 P2=  -1 T1=1019 T2= 931  P=  -1  D=  -1 
 X= 867 X2=1015  Y= 991 Y2=1023 P1=1023 P2=  -1 T1=1023 T2= 932  P=  -1  D=  -1 
 X= 829 X2=1023  Y= 978 Y2=1018 P1=1023 P2=  -1 T1=1023 T2= 939  P=  -1  D=  -1 
 X= 994 X2=1013  Y= 977 Y2=1023 P1=1022 P2=  -1 T1=1023 T2= 921  P=  -1  D=  -1 
 X= 993 X2=1007  Y= 989 Y2=1023 P1=1022 P2=  -1 T1=1019 T2= 914  P=  -1  D=  -1 
 X= 934 X2=1023  Y= 983 Y2=1016 P1=1023 P2=  -1 T1=1019 T2= 921  P=  -1  D=  -1 
 X= 941 X2=1022  Y= 985 Y2=1023 P1=1023 P2=  -1 T1=1022 T2= 937  P=  -1  D=  -1 
 X= 921 X2=1014  Y= 979 Y2=1023 P1=1023 P2=  -1 T1=1023 T2= 931  P=  -1  D=  -1 
 X= 863 X2=1023  Y= 985 Y2=1023 P1=1023 P2=  -1 T1=1018 T2= 922  P=  -1  D=  -1 
 X= 958 X2=1012  Y= 977 Y2=1019 P1=1022 P2=  -1 T1=1020 T2= 899  P=  -1  D=  -1 
 X= 965 X2=1023  Y= 980 Y2=1022 P1=1023 P2=  -1 T1=1018 T2= 904  P=  -1  D=  -1 
 X= 905 X2=1015  Y= 984 Y2=1023 P1=1023 P2=  -1 T1=1023 T2= 926  P=  -1  D=  -1 
 X= 965 X2= 998  Y= 986 Y2=1018 P1=1022 P2=  -1 T1=1019 T2= 914  P=  -1  D=  -1 
 X=1023 X2=1007  Y= 985 Y2=1018 P1=1022 P2=  -1 T1=1017 T2= 908  P=  -1  D=  -1 
 X= 866 X2=1021  Y= 984 Y2=1018 P1=1023 P2=  -1 T1=1023 T2= 937  P=  -1  D=  -1 
 X= 955 X2=1020  Y= 986 Y2=1018 P1=1022 P2=  -1 T1=1020 T2= 936  P=  -1  D=  -1 
 X= 957 X2=1023  Y= 982 Y2=1019 P1=1022 P2=  -1 T1=1019 T2= 917  P=  -1  D=  -1 
 X= 897 X2=1023  Y= 986 Y2=1022 P1=1023 P2=  -1 T1=1023 T2= 940  P=  -1  D=  -1 
 X= 875 X2=1023  Y= 986 Y2=1017 P1=1022 P2=  -1 T1=1017 T2= 917  P=  -1  D=  -1 
 X= 880 X2=1023  Y= 982 Y2=1018 P1=1023 P2=  -1 T1=1019 T2= 916  P=  -1  D=  -1 
 X= 964 X2=1023  Y= 980 Y2=1022 P1=1023 P2=  -1 T1=1023 T2= 942  P=  -1  D=  -1 
 X=1013 X2=1022  Y=1023 Y2=1023 P1=1023 P2=  -1 T1=1018 T2=1019  P=  -1  D=  -1 
 X= 924 X2=1023  Y= 984 Y2=1017 P1=1022 P2=  -1 T1=1023 T2= 931  P=  -1  D=  -1 
 X= 993 X2=1007  Y= 977 Y2=1019 P1=1020 P2=  -1 T1=1019 T2= 938  P=  -1  D=  -1 
 X= 971 X2=1005  Y= 988 Y2=1019 P1=1022 P2=  -1 T1=1023 T2= 916  P=  -1  D=  -1 
 X= 937 X2=1023  Y= 988 Y2=1023 P1=1022 P2=  -1 T1=1021 T2= 934  P=  -1  D=  -1 
 X= 954 X2=1021  Y= 982 Y2=1022 P1=1023 P2=  -1 T1=1021 T2= 939  P=  -1  D=  -1 
 X= 964 X2=1023  Y= 974 Y2=1018 P1=1022 P2=  -1 T1=1018 T2= 936  P=  -1  D=  -1 
 X=1017 X2= 997  Y= 980 Y2=1023 P1=1023 P2=  -1 T1=1023 T2= 927  P=  -1  D=  -1 
 X= 989 X2=1004  Y= 978 Y2=1023 P1=1023 P2=  -1 T1=1019 T2= 916  P=  -1  D=  -1 
 X= 978 X2=1018  Y= 987 Y2=1019 P1=1022 P2=  -1 T1=1016 T2= 925  P=  -1  D=  -1 
 X=1021 X2=1012  Y= 992 Y2=1023 P1=1022 P2=  -1 T1=1023 T2= 927  P=  -1  D=  -1 
 X=1023 X2=1012  Y= 979 Y2=1018 P1=1022 P2=  -1 T1=1022 T2= 904  P=  -1  D=  -1 
 X= 844 X2=1022  Y= 989 Y2=1018 P1=1022 P2=  -1 T1=1022 T2= 937  P=  -1  D=  -1 
 X= 946 X2=1020  Y=1006 Y2=1022 P1=1023 P2=  -1 T1=1023 T2= 927  P=  -1  D=  -1 
 X= 936 X2=1019  Y= 985 Y2=1020 P1=1022 P2=  -1 T1=1018 T2= 925  P=  -1  D=  -1 
 X= 949 X2=1023  Y= 983 Y2=1023 P1=1022 P2=  -1 T1=1020 T2= 936  P=  -1  D=  -1 
 X= 824 X2=1023  Y= 988 Y2=1023 P1=1022 P2=  -1 T1=1022 T2= 926  P=  -1  D=  -1 
 X= 994 X2=1013  Y= 980 Y2=1023 P1=1023 P2=  -1 T1=1019 T2= 919  P=  -1  D=  -1 
 X= 984 X2=1005  Y= 987 Y2=1018 P1=1022 P2=  -1 T1=1022 T2= 928  P=  -1  D=  -1 
 X= 899 X2=1021  Y= 982 Y2=1018 P1=1022 P2=  -1 T1=1021 T2= 943  P=  -1  D=  -1 
 X= 966 X2=1021  Y= 986 Y2=1017 P1=1022 P2=  -1 T1=1019 T2= 927  P=  -1  D=  -1 
 X= 820 X2=1023  Y= 979 Y2=1018 P1=1022 P2=  -1 T1=1019 T2= 929  P=  -1  D=  -1 
 X= 916 X2=1023  Y= 986 Y2=1018 P1=1023 P2=  -1 T1=1020 T2= 915  P=  -1  D=  -1 
 X= 946 X2=1023  Y= 982 Y2=1019 P1=1022 P2=  -1 T1=1023 T2= 917  P=  -1  D=  -1 
 X= 823 X2=1023  Y= 987 Y2=1023 P1=1023 P2=  -1 T1=1023 T2= 937  P=  -1  D=  -1 
 X= 823 X2=1023  Y= 988 Y2=1019 P1=1023 P2=  -1 T1=1023 T2= 906  P=  -1  D=  -1 
 X=1023 X2=1012  Y= 982 Y2=1019 P1=1022 P2=  -1 T1=1020 T2= 930  P=  -1  D=  -1 
 X= 860 X2=1023  Y= 988 Y2=1022 P1=1023 P2=  -1 T1=1018 T2= 936  P=  -1  D=  -1 
 X= 933 X2=1021  Y= 988 Y2=1022 P1=1023 P2=  -1 T1=1019 T2= 918  P=  -1  D=  -1 
 X= 962 X2=1020  Y= 977 Y2=1019 P1=1023 P2=  -1 T1=1023 T2= 917  P=  -1  D=  -1 
 X=1023 X2=1008  Y= 968 Y2=1023 P1=1022 P2=  -1 T1=1023 T2= 931  P=  -1  D=  -1 
 X= 994 X2=1023  Y= 970 Y2=1018 P1=1023 P2=  -1 T1=1020 T2= 942  P=  -1  D=  -1 
 X= 957 X2=1020  Y= 980 Y2=1023 P1=1022 P2=  -1 T1=1023 T2= 920  P=  -1  D=  -1 
 X= 915 X2=1016  Y= 986 Y2=1018 P1=1023 P2=  -1 T1=1023 T2= 917  P=  -1  D=  -1 
 X= 920 X2=1016  Y= 981 Y2=1023 P1=1022 P2=  -1 T1=1022 T2= 915  P=  -1  D=  -1 
 X= 955 X2=1022  Y= 988 Y2=1018 P1=1022 P2=  -1 T1=1019 T2= 933  P=  -1  D=  -1 
 X=1021 X2=1017  Y= 988 Y2=1023 P1=1022 P2=  -1 T1=1022 T2= 936  P=  -1  D=  -1 
 X=1003 X2=1005  Y= 983 Y2=1023 P1=1021 P2=  -1 T1=1023 T2= 932  P=  -1  D=  -1 
 X=1023 X2=1016  Y= 977 Y2=1018 P1=1022 P2=  -1 T1=1021 T2= 921  P=  -1  D=  -1 
 X= 996 X2=1023  Y= 987 Y2=1023 P1=1023 P2=  -1 T1=1018 T2= 943  P=  -1  D=  -1 
 X= 902 X2=1023  Y= 983 Y2=1023 P1=1023 P2=  -1 T1=1018 T2= 940  P=  -1  D=  -1 
 X= 933 X2=1023  Y= 978 Y2=1022 P1=1022 P2=  -1 T1=1019 T2= 925  P=  -1  D=  -1 
 X= 991 X2=1015  Y= 982 Y2=1017 P1=1022 P2=  -1 T1=1018 T2= 925  P=  -1  D=  -1 
 X= 918 X2=1018  Y= 981 Y2=1018 P1=1023 P2=  -1 T1=1019 T2= 925  P=  -1  D=  -1 
 X= 924 X2=1018  Y= 986 Y2=1021 P1=1022 P2=  -1 T1=1018 T2= 929  P=  -1  D=  -1 
 X= 998 X2=1007  Y= 974 Y2=1018 P1=1023 P2=  -1 T1=1023 T2= 913  P=  -1  D=  -1 
 X=1005 X2=1003  Y= 989 Y2=1019 P1=1022 P2=  -1 T1=1019 T2= 926  P=  -1  D=  -1 
 X= 888 X2=1023  Y= 985 Y2=1018 P1=1022 P2=  -1 T1=1023 T2= 902  P=  -1  D=  -1 
 X= 898 X2=1021  Y= 986 Y2=1019 P1=1021 P2=  -1 T1=1019 T2= 928  P=  -1  D=  -1 
 X= 915 X2=1016  Y= 983 Y2=1019 P1=1023 P2=  -1 T1=1023 T2= 932  P=  -1  D=  -1 
 X= 956 X2=1023  Y= 972 Y2=1018 P1=1023 P2=  -1 T1=1018 T2= 934  P=  -1  D=  -1 
 X= 923 X2=1023  Y= 985 Y2=1020 P1=1022 P2=  -1 T1=1020 T2= 964  P=  -1  D=  -1 
 X= 905 X2=1019  Y= 979 Y2=1023 P1=1023 P2=  -1 T1=1020 T2= 925  P=  -1  D=  -1 
 X= 868 X2=1017  Y= 977 Y2=1023 P1=1022 P2=  -1 T1=1023 T2= 917  P=  -1  D=  -1 
 X= 961 X2=1023  Y= 984 Y2=1020 P1=1023 P2=  -1 T1=1023 T2= 922  P=  -1  D=  -1 
 X=1023 X2= 998  Y= 984 Y2=1023 P1=1023 P2=  -1 T1=1023 T2= 917  P=  -1  D=  -1 
 X= 880 X2=1023  Y= 988 Y2=1023 P1=1022 P2=  -1 T1=1019 T2= 930  P=  -1  D=  -1 
 X= 916 X2=1023  Y= 985 Y2=1022 P1=1022 P2=  -1 T1=1023 T2= 927  P=  -1  D=  -1 
 X= 963 X2=1021  Y= 981 Y2=1023 P1=1022 P2=  -1 T1=1023 T2= 916  P=  -1  D=  -1 
 X= 920 X2=1023  Y= 990 Y2=1023 P1=1022 P2=  -1 T1=1023 T2= 920  P=  -1  D=  -1 
 X= 965 X2=1023  Y= 979 Y2=1018 P1=1023 P2=  -1 T1=1022 T2= 918  P=  -1  D=  -1 
 X=1001 X2=1014  Y= 982 Y2=1019 P1=1023 P2=  -1 T1=1023 T2= 928  P=  -1  D=  -1 
 X= 931 X2=1017  Y= 986 Y2=1019 P1=1023 P2=  -1 T1=1023 T2= 908  P=  -1  D=  -1 
 X=1023 X2= 994  Y= 988 Y2=1019 P1=1023 P2=  -1 T1=1016 T2= 914  P=  -1  D=  -1 
 X=1023 X2=1008  Y= 990 Y2=1023 P1=1022 P2=  -1 T1=1023 T2= 935  P=  -1  D=  -1 
 X= 848 X2=1019  Y= 999 Y2=1018 P1=1023 P2=  -1 T1=1021 T2= 919  P=  -1  D=  -1 
 X= 955 X2=1021  Y= 982 Y2=1019 P1=1023 P2=  -1 T1=1020 T2= 932  P=  -1  D=  -1 
 X= 942 X2=1022  Y= 983 Y2=1018 P1=1022 P2=  -1 T1=1023 T2= 934  P=  -1  D=  -1 
 X= 871 X2=1016  Y= 983 Y2=1023 P1=1022 P2=  -1 T1=1017 T2= 920  P=  -1  D=  -1 
 X= 819 X2=1023  Y= 990 Y2=1018 P1=1022 P2=  -1 T1=1019 T2= 931  P=  -1  D=  -1 
 X=1023 X2=1007  Y= 980 Y2=1023 P1=1022 P2=  -1 T1=1023 T2= 934  P=  -1  D=  -1 
 X=1022 X2=1011  Y= 978 Y2=1019 P1=1023 P2=  -1 T1=1020 T2= 925  P=  -1  D=  -1 
 X= 928 X2=1021  Y= 977 Y2=1019 P1=1022 P2=  -1 T1=1023 T2= 934  P=  -1  D=  -1 
 X= 932 X2=1003  Y= 980 Y2=1018 P1=1023 P2=  -1 T1=1023 T2= 937  P=  -1  D=  -1 
 X=1023 X2=1015  Y= 986 Y2=1023 P1=1022 P2=  -1 T1=1019 T2= 928  P=  -1  D=  -1 
 X= 804 X2=1023  Y= 986 Y2=1019 P1=1022 P2=  -1 T1=1023 T2= 922  P=  -1  D=  -1 
 X= 909 X2=1021  Y= 989 Y2=1022 P1=1023 P2=  -1 T1=1018 T2= 923  P=  -1  D=  -1 
 X= 879 X2=1022  Y= 981 Y2=1018 P1=1022 P2=  -1 T1=1019 T2= 934  P=  -1  D=  -1 
 X= 957 X2=1019  Y= 981 Y2=1023 P1=1023 P2=  -1 T1=1018 T2= 926  P=  -1  D=  -1 
 X=1020 X2=1010  Y= 987 Y2=1020 P1=1023 P2=  -1 T1=1022 T2= 915  P=  -1  D=  -1 
 X= 984 X2=1005  Y= 977 Y2=1018 P1=1023 P2=  -1 T1=1023 T2= 917  P=  -1  D=  -1 
 X= 877 X2=1017  Y= 987 Y2=1023 P1=1022 P2=  -1 T1=1019 T2= 927  P=  -1  D=  -1 
 X= 928 X2=1023  Y= 977 Y2=1019 P1=1021 P2=  -1 T1=1019 T2= 921  P=  -1  D=  -1 
 X= 968 X2=1020  Y= 988 Y2=1023 P1=1023 P2=  -1 T1=1019 T2= 908  P=  -1  D=  -1 
 X= 960 X2=1023  Y= 979 Y2=1019 P1=1023 P2=  -1 T1=1023 T2= 936  P=  -1  D=  -1 
 X= 826 X2=1023  Y= 975 Y2=1023 P1=1022 P2=  -1 T1=1023 T2= 917  P=  -1  D=  -1 
 X= 972 X2=1004  Y= 992 Y2=1023 P1=1022 P2=  -1 T1=1023 T2= 937  P=  -1  D=  -1 
 X= 964 X2=1023  Y= 982 Y2=1018 P1=1022 P2=  -1 T1=1019 T2= 921  P=  -1  D=  -1 
 X= 893 X2=1023  Y= 985 Y2=1018 P1=1022 P2=  -1 T1=1019 T2= 926  P=  -1  D=  -1 
 X=1023 X2=1009  Y= 984 Y2=1018 P1=1021 P2=  -1 T1=1023 T2= 933  P=  -1  D=  -1 
 X=1021 X2=1014  Y= 986 Y2=1023 P1=1022 P2=  -1 T1=1017 T2= 924  P=  -1  D=  -1 
 X= 929 X2=1020  Y= 988 Y2=1023 P1=1023 P2=  -1 T1=1020 T2= 924  P=  -1  D=  -1 
 X= 929 X2=1021  Y= 983 Y2=1023 P1=1023 P2=  -1 T1=1016 T2= 911  P=  -1  D=  -1 
 X= 959 X2=1023  Y= 978 Y2=1023 P1=1023 P2=  -1 T1=1019 T2= 923  P=  -1  D=  -1 
 X= 916 X2=1023  Y= 980 Y2=1023 P1=1023 P2=  -1 T1=1018 T2= 922  P=  -1  D=  -1 
 X= 892 X2=1023  Y= 992 Y2=1017 P1=1023 P2=  -1 T1=1019 T2= 917  P=  -1  D=  -1 
 X=1004 X2=1007  Y= 985 Y2=1017 P1=1022 P2=  -1 T1=1023 T2= 925  P=  -1  D=  -1 
 X= 882 X2=1018  Y= 987 Y2=1018 P1=1021 P2=  -1 T1=1023 T2= 928  P=  -1  D=  -1 
 X= 963 X2=1002  Y= 986 Y2=1022 P1=1023 P2=  -1 T1=1018 T2= 930  P=  -1  D=  -1 
 X=1023 X2=1012  Y= 986 Y2=1019 P1=1022 P2=  -1 T1=1022 T2= 920  P=  -1  D=  -1 
 X= 924 X2=1018  Y= 979 Y2=1023 P1=1023 P2=  -1 T1=1023 T2= 913  P=  -1  D=  -1 
 X= 881 X2=1016  Y=1018 Y2=1017 P1=1023 P2=  -1 T1=1018 T2=1016  P=  -1  D=  -1 
 X= 902 X2=1023  Y= 986 Y2=1023 P1=1022 P2=  -1 T1=1022 T2= 938  P=  -1  D=  -1 
 X= 880 X2=1023  Y= 988 Y2=1018 P1=1022 P2=  -1 T1=1018 T2= 931  P=  -1  D=  -1 
 X= 923 X2=1023  Y= 984 Y2=1018 P1=1023 P2=  -1 T1=1019 T2= 938  P=  -1  D=  -1 
 X=1002 X2= 995  Y= 976 Y2=1022 P1=1023 P2=  -1 T1=1023 T2= 917  P=  -1  D=  -1 
 X= 982 X2=1012  Y= 988 Y2=1018 P1=1022 P2=  -1 T1=1023 T2= 927  P=  -1  D=  -1 
 X= 905 X2=1021  Y= 988 Y2=1018 P1=1023 P2=  -1 T1=1019 T2= 917  P=  -1  D=  -1 
 X=1015 X2=1002  Y= 985 Y2=1017 P1=1023 P2=  -1 T1=1023 T2= 913  P=  -1  D=  -1 
 X=1021 X2= 996  Y= 979 Y2=1019 P1=1022 P2=  -1 T1=1023 T2= 929  P=  -1  D=  -1 
 X= 904 X2=1023  Y= 978 Y2=1018 P1=1022 P2=  -1 T1=1019 T2= 933  P=  -1  D=  -1 
 X= 918 X2=1023  Y= 983 Y2=1023 P1=1023 P2=  -1 T1=1016 T2= 938  P=  -1  D=  -1 
 X= 879 X2=1016  Y= 989 Y2=1020 P1=1023 P2=  -1 T1=1017 T2= 929  P=  -1  D=  -1 
 X= 904 X2=1020  Y=1004 Y2=1023 P1=1022 P2=  -1 T1=1023 T2= 928  P=  -1  D=  -1 
 X=1023 X2=1014  Y= 983 Y2=1018 P1=1022 P2=  -1 T1=1018 T2= 930  P=  -1  D=  -1 
 X= 867 X2=1015  Y= 976 Y2=1023 P1=1023 P2=  -1 T1=1017 T2= 935  P=  -1  D=  -1 
 X= 864 X2=1016  Y= 989 Y2=1023 P1=1023 P2=  -1 T1=1019 T2= 933  P=  -1  D=  -1 
 X= 949 X2=1020  Y= 981 Y2=1019 P1=1022 P2=  -1 T1=1018 T2= 932  P=  -1  D=  -1 
 X=1023 X2=1007  Y= 977 Y2=1023 P1=1022 P2=  -1 T1=1023 T2= 918  P=  -1  D=  -1 
 X= 820 X2=1021  Y= 982 Y2=1018 P1=1022 P2=  -1 T1=1023 T2= 941  P=  -1  D=  -1 
 X= 912 X2=1023  Y= 986 Y2=1022 P1=1022 P2=  -1 T1=1023 T2= 927  P=  -1  D=  -1 
 X= 981 X2=1018  Y= 987 Y2=1019 P1=1022 P2=  -1 T1=1019 T2= 930  P=  -1  D=  -1 
 X= 860 X2=1023  Y= 977 Y2=1017 P1=1022 P2=  -1 T1=1019 T2= 934  P=  -1  D=  -1 
 X= 945 X2=1023  Y= 980 Y2=1018 P1=1022 P2=  -1 T1=1023 T2= 928  P=  -1  D=  -1 
 X=1022 X2=1018  Y= 984 Y2=1017 P1=1022 P2=  -1 T1=1017 T2= 934  P=  -1  D=  -1 
 X= 994 X2=1007  Y= 996 Y2=1023 P1=1023 P2=  -1 T1=1023 T2= 926  P=  -1  D=  -1 
 X= 939 X2=1023  Y= 981 Y2=1017 P1=1022 P2=  -1 T1=1021 T2= 918  P=  -1  D=  -1 
 X= 975 X2=1020  Y= 985 Y2=1023 P1=1021 P2=  -1 T1=1019 T2= 927  P=  -1  D=  -1 
 X= 966 X2=1020  Y= 990 Y2=1023 P1=1022 P2=  -1 T1=1019 T2= 931  P=  -1  D=  -1 
 X= 980 X2=1019  Y= 983 Y2=1018 P1=1023 P2=  -1 T1=1019 T2= 921  P=  -1  D=  -1 
 X= 926 X2=1022  Y= 991 Y2=1023 P1=1022 P2=  -1 T1=1019 T2= 940  P=  -1  D=  -1 
 X= 886 X2=1014  Y= 988 Y2=1023 P1=1023 P2=  -1 T1=1022 T2= 926  P=  -1  D=  -1 
 X=1017 X2=1018  Y= 995 Y2=1019 P1=1023 P2=  -1 T1=1018 T2= 938  P=  -1  D=  -1 
 X= 994 X2=1013  Y= 982 Y2=1019 P1=1022 P2=  -1 T1=1020 T2= 919  P=  -1  D=  -1 
 X=1001 X2=1002  Y= 977 Y2=1019 P1=1022 P2=  -1 T1=1023 T2= 935  P=  -1  D=  -1 
 X= 906 X2=1023  Y= 997 Y2=1018 P1=1023 P2=  -1 T1=1023 T2= 906  P=  -1  D=  -1 
 X=1023 X2=1012  Y= 981 Y2=1019 P1=1022 P2=  -1 T1=1019 T2= 931  P=  -1  D=  -1 
 X= 959 X2=1023  Y= 981 Y2=1018 P1=1022 P2=  -1 T1=1022 T2= 917  P=  -1  D=  -1 
 X= 943 X2=1019  Y= 983 Y2=1023 P1=1022 P2=  -1 T1=1018 T2= 935  P=  -1  D=  -1 
 X= 927 X2=1023  Y= 974 Y2=1018 P1=1022 P2=  -1 T1=1023 T2= 937  P=  -1  D=  -1 
 X= 915 X2=1021  Y= 981 Y2=1023 P1=1022 P2=  -1 T1=1017 T2= 927  P=  -1  D=  -1 
 X= 909 X2=1023  Y= 975 Y2=1023 P1=1023 P2=  -1 T1=1018 T2= 929  P=  -1  D=  -1 
 X=1023 X2=1014  Y= 984 Y2=1018 P1=1022 P2=  -1 T1=1023 T2= 929  P=  -1  D=  -1 
 X= 990 X2=1013  Y= 976 Y2=1021 P1=1022 P2=  -1 T1=1023 T2= 932  P=  -1  D=  -1 
 X=1006 X2=1009  Y= 988 Y2=1023 P1=1023 P2=  -1 T1=1023 T2= 930  P=  -1  D=  -1 
 X= 915 X2=1023  Y= 985 Y2=1023 P1=1023 P2=  -1 T1=1019 T2= 925  P=  -1  D=  -1 
 X= 947 X2=1021  Y= 975 Y2=1021 P1=1022 P2=  -1 T1=1018 T2= 917  P=  -1  D=  -1 
 X= 961 X2=1023  Y= 981 Y2=1023 P1=1022 P2=  -1 T1=1020 T2= 935  P=  -1  D=  -1 
 X= 865 X2=1023  Y= 983 Y2=1019 P1=1022 P2=  -1 T1=1022 T2= 929  P=  -1  D=  -1 
 X=1023 X2= 989  Y= 984 Y2=1018 P1=1022 P2=  -1 T1=1020 T2= 909  P=  -1  D=  -1 
 X= 947 X2=1023  Y= 983 Y2=1023 P1=1023 P2=  -1 T1=1018 T2= 926  P=  -1  D=  -1 
 X= 945 X2=1018  Y= 977 Y2=1022 P1=1023 P2=  -1 T1=1023 T2= 926  P=  -1  D=  -1 
 X= 962 X2= 994  Y= 977 Y2=1021 P1=1022 P2=  -1 T1=1023 T2= 925  P=  -1  D=  -1 
 X=1022 X2=1013  Y= 985 Y2=1017 P1=1023 P2=  -1 T1=1019 T2= 930  P=  -1  D=  -1 
 X= 904 X2=1023  Y= 986 Y2=1018 P1=1023 P2=  -1 T1=1019 T2= 936  P=  -1  D=  -1 
 X= 948 X2=1020  Y= 974 Y2=1019 P1=1023 P2=  -1 T1=1023 T2= 941  P=  -1  D=  -1 
 X= 985 X2=1011  Y= 986 Y2=1017 P1=1022 P2=  -1 T1=1018 T2= 923  P=  -1  D=  -1 
 X= 909 X2=1023  Y= 983 Y2=1018 P1=1023 P2=  -1 T1=1023 T2= 920  P=  -1  D=  -1 
 X= 870 X2=1021  Y= 986 Y2=1017 P1=1022 P2=  -1 T1=1023 T2= 914  P=  -1  D=  -1 
 X=1003 X2=1008  Y= 976 Y2=1019 P1=1023 P2=  -1 T1=1019 T2= 916  P=  -1  D=  -1 
 X=1023 X2=1019  Y= 990 Y2=1023 P1=1023 P2=  -1 T1=1023 T2= 922  P=  -1  D=  -1 
 X= 992 X2=1012  Y= 984 Y2=1019 P1=1022 P2=  -1 T1=1018 T2= 919  P=  -1  D=  -1 
 X=1022 X2=1015  Y= 989 Y2=1023 P1=1022 P2=  -1 T1=1023 T2= 932  P=  -1  D=  -1 
 X= 959 X2=1013  Y= 968 Y2=1023 P1=1023 P2=  -1 T1=1019 T2= 931  P=  -1  D=  -1 
 X= 969 X2=1003  Y= 980 Y2=1023 P1=1023 P2=  -1 T1=1018 T2= 909  P=  -1  D=  -1 
 X= 953 X2=1020  Y= 980 Y2=1021 P1=1023 P2=  -1 T1=1023 T2= 927  P=  -1  D=  -1 
 X= 947 X2=1020  Y= 986 Y2=1023 P1=1023 P2=  -1 T1=1018 T2= 938  P=  -1  D=  -1 
 X= 953 X2=1023  Y= 977 Y2=1023 P1=1022 P2=  -1 T1=1019 T2= 928  P=  -1  D=  -1 
 X=1020 X2=1012  Y= 986 Y2=1023 P1=1022 P2=  -1 T1=1022 T2= 930  P=  -1  D=  -1 
 X= 989 X2=1012  Y= 988 Y2=1022 P1=1022 P2=  -1 T1=1023 T2= 915  P=  -1  D=  -1 
 X= 933 X2=1023  Y= 985 Y2=1018 P1=1023 P2=  -1 T1=1023 T2= 931  P=  -1  D=  -1 
 X=1017 X2=1002  Y= 982 Y2=1023 P1=1023 P2=  -1 T1=1019 T2= 924  P=  -1  D=  -1 
 X=1023 X2=1021  Y= 983 Y2=1018 P1=1023 P2=  -1 T1=1023 T2= 941  P=  -1  D=  -1 
 X= 868 X2=1021  Y= 982 Y2=1018 P1=1022 P2=  -1 T1=1018 T2= 926  P=  -1  D=  -1 
 X= 924 X2=1022  Y= 984 Y2=1023 P1=1023 P2=  -1 T1=1019 T2= 918  P=  -1  D=  -1 
 X= 970 X2=1013  Y= 986 Y2=1023 P1=1023 P2=  -1 T1=1023 T2= 926  P=  -1  D=  -1 
 X= 919 X2=1016  Y= 983 Y2=1018 P1=1023 P2=  -1 T1=1022 T2= 941  P=  -1  D=  -1 
 X=1023 X2=1013  Y= 984 Y2=1023 P1=1022 P2=  -1 T1=1018 T2= 928  P=  -1  D=  -1 
 X= 940 X2=1023  Y= 991 Y2=1023 P1=1022 P2=  -1 T1=1023 T2= 927  P=  -1  D=  -1 
 X= 951 X2=1022  Y= 986 Y2=1019 P1=1022 P2=  -1 T1=1021 T2= 918  P=  -1  D=  -1 
 X= 960 X2=1023  Y= 980 Y2=1018 P1=1022 P2=  -1 T1=1022 T2= 937  P=  -1  D=  -1 
 X=1023 X2=1011  Y= 991 Y2=1023 P1=1023 P2=  -1 T1=1019 T2= 913  P=  -1  D=  -1 
 X= 850 X2=1021  Y= 990 Y2=1023 P1=1023 P2=  -1 T1=1023 T2= 939  P=  -1  D=  -1 
 X= 910 X2=1023  Y= 985 Y2=1018 P1=1023 P2=  -1 T1=1023 T2= 920  P=  -1  D=  -1 
 X= 996 X2=1003  Y= 980 Y2=1023 P1=1023 P2=  -1 T1=1023 T2= 927  P=  -1  D=  -1 
 X= 966 X2=1023  Y= 985 Y2=1017 P1=1022 P2=  -1 T1=1023 T2= 920  P=  -1  D=  -1 
 X=1023 X2=1004  Y= 989 Y2=1019 P1=1019 P2=  -1 T1=1021 T2= 930  P=  -1  D=  -1 
 X= 915 X2=1002  Y= 979 Y2=1018 P1=1022 P2=  -1 T1=1023 T2= 916  P=  -1  D=  -1 
 X= 870 X2=1023  Y= 997 Y2=1023 P1=1020 P2=  -1 T1=1022 T2= 969  P=  -1  D=  -1 
 X= 939 X2=1023  Y= 974 Y2=1018 P1=1023 P2=  -1 T1=1023 T2= 924  P=  -1  D=  -1 
 X= 954 X2=1020  Y= 976 Y2=1019 P1=1023 P2=  -1 T1=1020 T2= 941  P=  -1  D=  -1 
 X= 965 X2=1023  Y= 982 Y2=1018 P1=1022 P2=  -1 T1=1019 T2= 922  P=  -1  D=  -1 
 X= 939 X2=1023  Y= 983 Y2=1022 P1=1023 P2=  -1 T1=1019 T2= 925  P=  -1  D=  -1 
 X= 998 X2=1010  Y= 979 Y2=1023 P1=1022 P2=  -1 T1=1023 T2= 929  P=  -1  D=  -1 
 X= 985 X2=1007  Y= 980 Y2=1018 P1=1023 P2=  -1 T1=1023 T2= 924  P=  -1  D=  -1 
 X= 896 X2=1021  Y= 985 Y2=1022 P1=1023 P2=  -1 T1=1023 T2= 922  P=  -1  D=  -1 
 X= 954 X2= 997  Y= 977 Y2=1018 P1=1023 P2=  -1 T1=1019 T2= 919  P=  -1  D=  -1 
 X=1023 X2= 990  Y= 986 Y2=1023 P1=1023 P2=  -1 T1=1019 T2= 933  P=  -1  D=  -1 
 X= 933 X2=1023  Y=1017 Y2=1018 P1=1023 P2=  -1 T1=1022 T2=1008  P=  -1  D=  -1 
 X= 931 X2=1018  Y= 980 Y2=1022 P1=1022 P2=  -1 T1=1019 T2= 949  P=  -1  D=  -1 
 X= 806 X2=1022  Y= 983 Y2=1019 P1=1023 P2=  -1 T1=1020 T2= 917  P=  -1  D=  -1 
 X= 858 X2=1023  Y= 983 Y2=1017 P1=1023 P2=  -1 T1=1022 T2= 939  P=  -1  D=  -1 
 X=1018 X2=1023  Y=1019 Y2=1023 P1=1022 P2=  -1 T1=1023 T2=1018  P=  -1  D=  -1 
 X= 966 X2=1020  Y= 988 Y2=1023 P1=1022 P2=  -1 T1=1018 T2= 933  P=  -1  D=  -1 
 X= 953 X2=1023  Y= 992 Y2=1023 P1=1023 P2=  -1 T1=1019 T2= 945  P=  -1  D=  -1 
 X= 971 X2= 995  Y= 983 Y2=1018 P1=1022 P2=  -1 T1=1023 T2= 917  P=  -1  D=  -1 
 X=1015 X2=1001  Y= 992 Y2=1017 P1=1022 P2=  -1 T1=1023 T2= 933  P=  -1  D=  -1 
 X= 902 X2=1023  Y= 985 Y2=1018 P1=1022 P2=  -1 T1=1020 T2= 920  P=  -1  D=  -1 
 X= 916 X2=1023  Y= 989 Y2=1018 P1=1023 P2=  -1 T1=1023 T2= 907  P=  -1  D=  -1 
 X= 963 X2=1023  Y= 987 Y2=1019 P1=1022 P2=  -1 T1=1021 T2= 938  P=  -1  D=  -1 
 X= 932 X2=1019  Y= 989 Y2=1023 P1=1022 P2=  -1 T1=1019 T2= 934  P=  -1  D=  -1 
 X= 865 X2=1023  Y= 987 Y2=1023 P1=1022 P2=  -1 T1=1019 T2= 920  P=  -1  D=  -1 
 X=1006 X2=1007  Y= 985 Y2=1018 P1=1023 P2=  -1 T1=1018 T2= 914  P=  -1  D=  -1 
 X= 833 X2=1023  Y= 990 Y2=1019 P1=1021 P2=  -1 T1=1017 T2= 921  P=  -1  D=  -1 
 X= 962 X2=1019  Y= 984 Y2=1019 P1=1022 P2=  -1 T1=1023 T2= 935  P=  -1  D=  -1 
 X= 961 X2=1019  Y= 979 Y2=1016 P1=1022 P2=  -1 T1=1018 T2= 929  P=  -1  D=  -1 
 X=1023 X2=1018  Y= 987 Y2=1019 P1=1023 P2=  -1 T1=1022 T2= 908  P=  -1  D=  -1 
 X= 897 X2=1023  Y= 982 Y2=1018 P1=1023 P2=  -1 T1=1023 T2= 895  P=  -1  D=  -1 
 X= 894 X2=1023  Y= 985 Y2=1023 P1=1022 P2=  -1 T1=1023 T2= 945  P=  -1  D=  -1 
 X= 870 X2=1018  Y= 983 Y2=1018 P1=1022 P2=  -1 T1=1019 T2= 929  P=  -1  D=  -1 
 X= 838 X2=1021  Y= 994 Y2=1023 P1=1023 P2=  -1 T1=1019 T2= 923  P=  -1  D=  -1 
 X=1023 X2=1006  Y= 991 Y2=1023 P1=1023 P2=  -1 T1=1019 T2= 922  P=  -1  D=  -1 
 X=1017 X2= 994  Y= 984 Y2=1017 P1=1023 P2=  -1 T1=1018 T2= 930  P=  -1  D=  -1 
 X= 975 X2=1008  Y= 973 Y2=1019 P1=1022 P2=  -1 T1=1023 T2= 944  P=  -1  D=  -1 
 X= 907 X2=1023  Y= 987 Y2=1017 P1=1023 P2=  -1 T1=1021 T2= 915  P=  -1  D=  -1 
 X= 948 X2=1023  Y= 989 Y2=1023 P1=1022 P2=  -1 T1=1018 T2= 940  P=  -1  D=  -1 
 X= 887 X2=1023  Y= 982 Y2=1018 P1=1022 P2=  -1 T1=1023 T2= 930  P=  -1  D=  -1 
 X= 953 X2=1023  Y= 979 Y2=1018 P1=1022 P2=  -1 T1=1023 T2= 909  P=  -1  D=  -1 
 X= 993 X2=1007  Y= 981 Y2=1020 P1=1022 P2=  -1 T1=1023 T2= 921  P=  -1  D=  -1 
 X= 935 X2=1021  Y= 994 Y2=1018 P1=1023 P2=  -1 T1=1019 T2= 925  P=  -1  D=  -1 
 X= 878 X2=1023  Y= 985 Y2=1017 P1=1023 P2=  -1 T1=1020 T2= 915  P=  -1  D=  -1 
 X=1009 X2= 989  Y= 982 Y2=1017 P1=1022 P2=  -1 T1=1023 T2= 934  P=  -1  D=  -1 
 X= 996 X2=1008  Y= 985 Y2=1023 P1=1023 P2=  -1 T1=1023 T2= 920  P=  -1  D=  -1 
 X= 839 X2=1023  Y= 992 Y2=1022 P1=1023 P2=  -1 T1=1023 T2= 914  P=  -1  D=  -1 
 X= 991 X2=1014  Y= 994 Y2=1018 P1=1023 P2=  -1 T1=1021 T2= 941  P=  -1  D=  -1 
 X= 966 X2=1023  Y= 982 Y2=1023 P1=1023 P2=  -1 T1=1019 T2= 941  P=  -1  D=  -1 
 X= 904 X2=1023  Y= 988 Y2=1017 P1=1022 P2=  -1 T1=1023 T2= 909  P=  -1  D=  -1 
 X= 895 X2=1023  Y= 982 Y2=1018 P1=1022 P2=  -1 T1=1019 T2= 916  P=  -1  D=  -1 
 X= 940 X2=1023  Y=1004 Y2=1018 P1=1023 P2=  -1 T1=1019 T2= 933  P=  -1  D=  -1 
 X= 971 X2=1023  Y= 982 Y2=1018 P1=1022 P2=  -1 T1=1023 T2= 925  P=  -1  D=  -1 
 X=1023 X2=1001  Y= 984 Y2=1023 P1=1023 P2=  -1 T1=1023 T2= 925  P=  -1  D=  -1 
 X= 996 X2=1007  Y= 987 Y2=1018 P1=1023 P2=  -1 T1=1023 T2= 929  P=  -1  D=  -1 
 X= 958 X2=1023  Y= 984 Y2=1019 P1=1023 P2=  -1 T1=1023 T2= 929  P=  -1  D=  -1 
 X= 963 X2= 994  Y= 979 Y2=1018 P1=1022 P2=  -1 T1=1018 T2= 925  P=  -1  D=  -1 
 X=1023 X2=1014  Y= 982 Y2=1018 P1=1023 P2=  -1 T1=1022 T2= 926  P=  -1  D=  -1 
 X= 809 X2=1023  Y= 988 Y2=1017 P1=1022 P2=  -1 T1=1019 T2= 923  P=  -1  D=  -1 
 X= 890 X2=1023  Y= 985 Y2=1023 P1=1023 P2=  -1 T1=1018 T2= 908  P=  -1  D=  -1 
 X=1018 X2=1003  Y= 986 Y2=1019 P1=1022 P2=  -1 T1=1023 T2= 926  P=  -1  D=  -1 
 X= 963 X2=1019  Y= 975 Y2=1017 P1=1023 P2=  -1 T1=1020 T2= 936  P=  -1  D=  -1 
 X= 946 X2=1020  Y= 988 Y2=1023 P1=1022 P2=  -1 T1=1017 T2= 920  P=  -1  D=  -1 
 X= 951 X2=1021  Y= 984 Y2=1023 P1=1023 P2=  -1 T1=1023 T2= 923  P=  -1  D=  -1 
 X=1007 X2=1003  Y= 984 Y2=1017 P1=1023 P2=  -1 T1=1020 T2= 922  P=  -1  D=  -1 
 X= 918 X2=1023  Y= 979 Y2=1023 P1=1023 P2=  -1 T1=1023 T2= 915  P=  -1  D=  -1 
 X= 969 X2=1023  Y= 981 Y2=1018 P1=1022 P2=  -1 T1=1022 T2= 938  P=  -1  D=  -1 
 X= 969 X2=1023  Y= 986 Y2=1018 P1=1022 P2=  -1 T1=1021 T2= 925  P=  -1  D=  -1 
 X= 890 X2=1023  Y= 981 Y2=1019 P1=1023 P2=  -1 T1=1018 T2= 934  P=  -1  D=  -1 
 X=1008 X2=1003  Y= 974 Y2=1019 P1=1022 P2=  -1 T1=1019 T2= 918  P=  -1  D=  -1 
 X= 979 X2=1009  Y= 982 Y2=1017 P1=1022 P2=  -1 T1=1020 T2= 934  P=  -1  D=  -1 
 X= 888 X2=1020  Y= 984 Y2=1023 P1=1023 P2=  -1 T1=1018 T2= 928  P=  -1  D=  -1 
 X= 954 X2=1019  Y= 986 Y2=1018 P1=1023 P2=  -1 T1=1023 T2= 920  P=  -1  D=  -1 
 X= 961 X2= 995  Y= 988 Y2=1022 P1=1022 P2=  -1 T1=1023 T2= 928  P=  -1  D=  -1 
 X= 962 X2=1023  Y= 997 Y2=1019 P1=1023 P2=  -1 T1=1021 T2= 921  P=  -1  D=  -1 
 X=1020 X2=1002  Y= 983 Y2=1019 P1=1023 P2=  -1 T1=1022 T2= 912  P=  -1  D=  -1 
 X= 926 X2=1021  Y=1006 Y2=1020 P1=1022 P2=  -1 T1=1018 T2= 923  P=  -1  D=  -1 
 X= 916 X2=1023  Y= 991 Y2=1017 P1=1023 P2=  -1 T1=1020 T2= 938  P=  -1  D=  -1 
 X= 888 X2=1023  Y= 995 Y2=1019 P1=1022 P2=  -1 T1=1023 T2= 920  P=  -1  D=  -1 
 X=1022 X2= 996  Y= 983 Y2=1023 P1=1022 P2=  -1 T1=1022 T2= 917  P=  -1  D=  -1 
 X= 982 X2=1004  Y= 975 Y2=1019 P1=1023 P2=  -1 T1=1023 T2= 929  P=  -1  D=  -1 
 X= 952 X2=1023  Y= 986 Y2=1023 P1=1022 P2=  -1 T1=1016 T2= 908  P=  -1  D=  -1 
 X=1023 X2= 993  Y= 979 Y2=1023 P1=1023 P2=  -1 T1=1020 T2= 917  P=  -1  D=  -1 
 X= 843 X2=1023  Y= 982 Y2=1018 P1=1022 P2=  -1 T1=1020 T2= 922  P=  -1  D=  -1 
 X= 914 X2=1023  Y= 975 Y2=1023 P1=1022 P2=  -1 T1=1023 T2= 939  P=  -1  D=  -1 
 X= 915 X2=1023  Y= 978 Y2=1017 P1=1022 P2=  -1 T1=1020 T2= 919  P=  -1  D=  -1 
 X= 992 X2=1012  Y= 987 Y2=1023 P1=1022 P2=  -1 T1=1023 T2= 914  P=  -1  D=  -1 
 X= 954 X2=1023  Y= 984 Y2=1023 P1=1023 P2=  -1 T1=1018 T2= 934  P=  -1  D=  -1 
 X= 946 X2= 998  Y= 978 Y2=1023 P1=1023 P2=  -1 T1=1023 T2= 906  P=  -1  D=  -1 
 X= 876 X2=1018  Y= 993 Y2=1023 P1=1023 P2=  -1 T1=1019 T2= 923  P=  -1  D=  -1 
 X= 933 X2=1021  Y= 983 Y2=1023 P1=1023 P2=  -1 T1=1023 T2= 953  P=  -1  D=  -1 
 X= 936 X2=1020  Y= 978 Y2=1022 P1=1022 P2=  -1 T1=1019 T2= 918  P=  -1  D=  -1 
 X= 977 X2=1019  Y= 990 Y2=1021 P1=1022 P2=  -1 T1=1023 T2= 935  P=  -1  D=  -1 
 X= 984 X2=1003  Y= 986 Y2=1018 P1=1023 P2=  -1 T1=1023 T2= 927  P=  -1  D=  -1 
 X= 956 X2=1020  Y= 990 Y2=1023 P1=1023 P2=  -1 T1=1018 T2= 930  P=  -1  D=  -1 
 X= 985 X2=1012  Y= 992 Y2=1019 P1=1023 P2=  -1 T1=1023 T2= 943  P=  -1  D=  -1 
 X= 887 X2=1023  Y= 994 Y2=1018 P1=1023 P2=  -1 T1=1019 T2= 920  P=  -1  D=  -1 
 X= 959 X2= 989  Y= 982 Y2=1018 P1=1023 P2=  -1 T1=1019 T2= 930  P=  -1  D=  -1 
 X=1022 X2=1018  Y= 986 Y2=1017 P1=1022 P2=  -1 T1=1023 T2= 936  P=  -1  D=  -1 
 X=1021 X2=1011  Y= 979 Y2=1021 P1=1022 P2=  -1 T1=1023 T2= 915  P=  -1  D=  -1 
 X= 897 X2=1021  Y= 987 Y2=1018 P1=1023 P2=  -1 T1=1023 T2= 925  P=  -1  D=  -1 
 X=1018 X2=1019  Y= 993 Y2=1023 P1=1023 P2=  -1 T1=1019 T2= 930  P=  -1  D=  -1 
 X= 955 X2=1019  Y= 986 Y2=1014 P1=1023 P2=  -1 T1=1023 T2= 920  P=  -1  D=  -1 
 X= 912 X2=1023  Y= 990 Y2=1019 P1=1022 P2=  -1 T1=1019 T2= 913  P=  -1  D=  -1 
 X= 969 X2=1014  Y= 976 Y2=1023 P1=1021 P2=  -1 T1=1019 T2= 928  P=  -1  D=  -1 
 X= 983 X2=1013  Y= 995 Y2=1010 P1=1022 P2=  -1 T1=1017 T2= 919  P=  -1  D=  -1 
 X= 951 X2=1020  Y= 982 Y2=1023 P1=1023 P2=  -1 T1=1023 T2= 919  P=  -1  D=  -1 
 X=1023 X2=1005  Y= 976 Y2=1018 P1=1023 P2=  -1 T1=1023 T2= 930  P=  -1  D=  -1 
 X=1011 X2=1007  Y= 978 Y2=1022 P1=1023 P2=  -1 T1=1019 T2= 923  P=  -1  D=  -1 
 X= 875 X2=1023  Y= 978 Y2=1018 P1=1023 P2=  -1 T1=1019 T2= 919  P=  -1  D=  -1 
 X= 953 X2= 995  Y= 991 Y2=1023 P1=1022 P2=  -1 T1=1023 T2= 929  P=  -1  D=  -1 
 X= 914 X2=1019  Y= 990 Y2=1019 P1=1023 P2=  -1 T1=1018 T2= 924  P=  -1  D=  -1 
 X= 844 X2=1021  Y= 986 Y2=1023 P1=1022 P2=  -1 T1=1018 T2= 924  P=  -1  D=  -1 
 X= 964 X2=1000  Y= 974 Y2=1023 P1=1023 P2=  -1 T1=1021 T2= 908  P=  -1  D=  -1 
 X= 872 X2=1019  Y= 984 Y2=1023 P1=1023 P2=  -1 T1=1022 T2= 921  P=  -1  D=  -1 
 X= 891 X2=1020  Y= 982 Y2=1018 P1=1022 P2=  -1 T1=1017 T2= 933  P=  -1  D=  -1 
 X= 885 X2=1004  Y=1019 Y2=1018 P1=1023 P2=  -1 T1=1019 T2=1022  P=  -1  D=  -1 
 X= 930 X2=1023  Y= 983 Y2=1018 P1=1023 P2=  -1 T1=1019 T2= 922  P=  -1  D=  -1 
 X= 915 X2=1023  Y= 992 Y2=1019 P1=1022 P2=  -1 T1=1023 T2= 916  P=  -1  D=  -1 
 X= 966 X2=1019  Y= 986 Y2=1017 P1=1023 P2=  -1 T1=1023 T2= 908  P=  -1  D=  -1 
 X= 954 X2=1023  Y= 980 Y2=1023 P1=1023 P2=  -1 T1=1020 T2= 924  P=  -1  D=  -1 
 X= 935 X2=1023  Y= 989 Y2=1022 P1=1022 P2=  -1 T1=1019 T2= 923  P=  -1  D=  -1 
 X= 826 X2=1023  Y= 987 Y2=1019 P1=1022 P2=  -1 T1=1019 T2= 921  P=  -1  D=  -1 
 X=1009 X2=1002  Y= 983 Y2=1018 P1=1023 P2=  -1 T1=1023 T2= 940  P=  -1  D=  -1 
 X= 973 X2=1023  Y= 986 Y2=1022 P1=1022 P2=  -1 T1=1018 T2= 909  P=  -1  D=  -1 
 X= 962 X2=1023  Y= 989 Y2=1023 P1=1022 P2=  -1 T1=1019 T2= 912  P=  -1  D=  -1 
 X= 982 X2=1020  Y= 980 Y2=1020 P1=1022 P2=  -1 T1=1023 T2= 945  P=  -1  D=  -1 
 X= 878 X2=1023  Y= 987 Y2=1018 P1=1022 P2=  -1 T1=1023 T2= 922  P=  -1  D=  -1 
 X= 895 X2=1023  Y= 982 Y2=1015 P1=1023 P2=  -1 T1=1023 T2= 915  P=  -1  D=  -1 
 X= 916 X2=1021  Y= 987 Y2=1023 P1=1023 P2=  -1 T1=1023 T2= 912  P=  -1  D=  -1 
 X= 915 X2=1021  Y= 976 Y2=1017 P1=1023 P2=  -1 T1=1019 T2= 925  P=  -1  D=  -1 
 X= 927 X2=1023  Y= 985 Y2=1016 P1=1023 P2=  -1 T1=1019 T2= 926  P=  -1  D=  -1 
 X=1022 X2=1015  Y= 977 Y2=1017 P1=1022 P2=  -1 T1=1019 T2= 934  P=  -1  D=  -1 
 X= 988 X2=1013  Y= 985 Y2=1023 P1=1022 P2=  -1 T1=1023 T2= 935  P=  -1  D=  -1 
 X= 911 X2=1021  Y= 985 Y2=1019 P1=1022 P2=  -1 T1=1023 T2= 929  P=  -1  D=  -1 
 X= 962 X2=1022  Y= 984 Y2=1016 P1=1022 P2=  -1 T1=1023 T2= 921  P=  -1  D=  -1 
 X= 969 X2=1006  Y= 983 Y2=1023 P1=1022 P2=  -1 T1=1020 T2= 914  P=  -1  D=  -1 
 X= 819 X2=1023  Y= 990 Y2=1023 P1=1022 P2=  -1 T1=1019 T2= 925  P=  -1  D=  -1 
 X= 930 X2=1023  Y= 987 Y2=1019 P1=1023 P2=  -1 T1=1019 T2= 951  P=  -1  D=  -1 
 X= 986 X2=1018  Y= 983 Y2=1023 P1=1023 P2=  -1 T1=1019 T2= 920  P=  -1  D=  -1 
 X= 930 X2=1021  Y= 990 Y2=1020 P1=1022 P2=  -1 T1=1023 T2= 942  P=  -1  D=  -1 
 X= 954 X2= 998  Y= 984 Y2=1023 P1=1022 P2=  -1 T1=1022 T2= 928  P=  -1  D=  -1 
 X=1020 X2=1014  Y= 987 Y2=1023 P1=1022 P2=  -1 T1=1022 T2= 940  P=  -1  D=  -1 
 X= 904 X2=1023  Y= 990 Y2=1019 P1=1023 P2=  -1 T1=1023 T2= 940  P=  -1  D=  -1 
 X= 955 X2=1023  Y= 992 Y2=1019 P1=1023 P2=  -1 T1=1022 T2= 918  P=  -1  D=  -1 
 X=1019 X2=1003  Y= 989 Y2=1017 P1=1022 P2=  -1 T1=1023 T2= 940  P=  -1  D=  -1 
 X= 954 X2=1023  Y= 985 Y2=1023 P1=1022 P2=  -1 T1=1023 T2= 913  P=  -1  D=  -1 
 X= 991 X2=1021  Y= 991 Y2=1022 P1=1022 P2=  -1 T1=1019 T2= 931  P=  -1  D=  -1 
 X= 894 X2=1015  Y= 990 Y2=1023 P1=1023 P2=  -1 T1=1023 T2= 928  P=  -1  D=  -1 
 X= 926 X2=1016  Y= 979 Y2=1019 P1=1023 P2=  -1 T1=1018 T2= 928  P=  -1  D=  -1 
 X= 947 X2=1023  Y= 985 Y2=1018 P1=1022 P2=  -1 T1=1019 T2= 912  P=  -1  D=  -1 
 X= 997 X2=1020  Y= 973 Y2=1023 P1=1022 P2=  -1 T1=1023 T2= 929  P=  -1  D=  -1 
 X= 988 X2=1018  Y= 978 Y2=1023 P1=1022 P2=  -1 T1=1023 T2= 935  P=  -1  D=  -1 
 X= 837 X2=1023  Y= 989 Y2=1023 P1=1023 P2=  -1 T1=1019 T2= 933  P=  -1  D=  -1 
 X= 967 X2=1019  Y= 985 Y2=1023 P1=1022 P2=  -1 T1=1023 T2= 911  P=  -1  D=  -1 
 X= 946 X2=1004  Y= 983 Y2=1018 P1=1022 P2=  -1 T1=1019 T2= 925  P=  -1  D=  -1 
 X= 909 X2=1023  Y= 978 Y2=1023 P1=1023 P2=  -1 T1=1023 T2= 912  P=  -1  D=  -1 
 X= 945 X2=1020  Y= 991 Y2=1023 P1=1022 P2=  -1 T1=1023 T2= 932  P=  -1  D=  -1 
 X= 885 X2=1020  Y= 978 Y2=1018 P1=1023 P2=  -1 T1=1021 T2= 930  P=  -1  D=  -1 
 X= 846 X2=1023  Y= 988 Y2=1023 P1=1023 P2=  -1 T1=1018 T2= 922  P=  -1  D=  -1 
 X= 952 X2=1019  Y= 984 Y2=1016 P1=1022 P2=  -1 T1=1023 T2= 922  P=  -1  D=  -1 
 X=1022 X2=1013  Y= 975 Y2=1018 P1=1019 P2=  -1 T1=1020 T2= 925  P=  -1  D=  -1 
 X= 872 X2=1020  Y= 986 Y2=1018 P1=1022 P2=  -1 T1=1023 T2= 927  P=  -1  D=  -1 
 X= 928 X2=1023  Y= 983 Y2=1018 P1=1023 P2=  -1 T1=1018 T2= 941  P=  -1  D=  -1 
 X= 960 X2=1023  Y= 980 Y2=1023 P1=1022 P2=  -1 T1=1018 T2= 909  P=  -1  D=  -1 
 X= 965 X2=1023  Y= 982 Y2=1022 P1=1023 P2=  -1 T1=1018 T2= 945  P=  -1  D=  -1 
 X= 922 X2=1023  Y= 982 Y2=1023 P1=1022 P2=  -1 T1=1021 T2= 944  P=  -1  D=  -1 
 X=1023 X2=1018  Y= 981 Y2=1023 P1=1023 P2=  -1 T1=1018 T2= 931  P=  -1  D=  -1 
 X= 977 X2=1018  Y= 983 Y2=1022 P1=1023 P2=  -1 T1=1019 T2= 930  P=  -1  D=  -1 
 X= 961 X2=1020  Y= 985 Y2=1023 P1=1022 P2=  -1 T1=1020 T2= 923  P=  -1  D=  -1 
 X= 959 X2= 996  Y= 990 Y2=1021 P1=1023 P2=  -1 T1=1019 T2= 931  P=  -1  D=  -1 
 X=1023 X2=1007  Y= 982 Y2=1019 P1=1023 P2=  -1 T1=1023 T2= 918  P=  -1  D=  -1 
 X= 893 X2=1023  Y= 986 Y2=1023 P1=1023 P2=  -1 T1=1023 T2= 906  P=  -1  D=  -1 
 X= 973 X2=1002  Y= 973 Y2=1018 P1=1022 P2=  -1 T1=1019 T2= 934  P=  -1  D=  -1 
 X= 944 X2=1019  Y= 975 Y2=1023 P1=1023 P2=  -1 T1=1023 T2= 920  P=  -1  D=  -1 
 X= 997 X2=1023  Y= 988 Y2=1023 P1=1022 P2=  -1 T1=1023 T2= 935  P=  -1  D=  -1 
 X= 800 X2=1023  Y= 986 Y2=1023 P1=1022 P2=  -1 T1=1019 T2= 940  P=  -1  D=  -1 
 X= 868 X2=1015  Y= 989 Y2=1022 P1=1023 P2=  -1 T1=1022 T2= 935  P=  -1  D=  -1 
 X= 961 X2=1023  Y= 983 Y2=1023 P1=1022 P2=  -1 T1=1023 T2= 914  P=  -1  D=  -1 
 X= 950 X2=1018  Y= 977 Y2=1018 P1=1022 P2=  -1 T1=1019 T2= 927  P=  -1  D=  -1 
 X=1009 X2=1002  Y= 979 Y2=1019 P1=1022 P2=  -1 T1=1018 T2= 921  P=  -1  D=  -1 
 X= 852 X2=1023  Y= 992 Y2=1018 P1=1022 P2=  -1 T1=1021 T2= 934  P=  -1  D=  -1 
 X= 910 X2=1023  Y= 985 Y2=1023 P1=1022 P2=  -1 T1=1023 T2= 931  P=  -1  D=  -1 
 X= 983 X2=1009  Y= 975 Y2=1016 P1=1023 P2=  -1 T1=1023 T2= 919  P=  -1  D=  -1 
 X= 967 X2=1022  Y= 983 Y2=1019 P1=1023 P2=  -1 T1=1020 T2= 929  P=  -1  D=  -1 
 X= 946 X2=1023  Y= 986 Y2=1023 P1=1023 P2=  -1 T1=1020 T2= 928  P=  -1  D=  -1 
 X=1023 X2= 998  Y= 992 Y2=1019 P1=1022 P2=  -1 T1=1017 T2= 907  P=  -1  D=  -1 
 X= 874 X2=1015  Y= 979 Y2=1018 P1=1022 P2=  -1 T1=1019 T2= 942  P=  -1  D=  -1 
 X= 959 X2=1019  Y= 976 Y2=1018 P1=1023 P2=  -1 T1=1018 T2= 922  P=  -1  D=  -1 
 X= 957 X2=1023  Y= 985 Y2=1022 P1=1022 P2=  -1 T1=1023 T2= 930  P=  -1  D=  -1 
 X= 961 X2=1023  Y= 979 Y2=1018 P1=1022 P2=  -1 T1=1023 T2= 916  P=  -1  D=  -1 
 X= 897 X2=1023  Y= 974 Y2=1017 P1= 885 P2= 299 T1=1019 T2=  30  P=  -1  D=  -1 
 X= 526 X2= 525  Y= 521 Y2= 521 P1= 812 P2= 392 T1=  20 T2=  20  P= 562  D=  -1 * 0
 X= 526 X2= 526  Y= 522 Y2= 521 P1= 812 P2= 392 T1=  20 T2=  20  P= 563  D=  -1 * 0
 X= 525 X2= 525  Y= 522 Y2= 522 P1= 810 P2= 393 T1=  20 T2=  20  P= 557  D=  -1 * 0
 X= 525 X2= 525  Y= 522 Y2= 521 P1= 811 P2= 394 T1=  21 T2=  19  P= 555  D=  -1 * 0
 X= 524 X2= 526  Y= 521 Y2= 521 P1= 810 P2= 395 T1=  19 T2=  20  P= 551  D=  -1 * 1
 X= 525 X2= 524  Y= 522 Y2= 520 P1= 810 P2= 395 T1=  19 T2=  19  P= 550  D=  -1 * 2
 X= 525 X2= 524  Y= 522 Y2= 522 P1= 811 P2= 396 T1=  19 T2=  19  P= 548  D=  -1 * 3
 X= 526 X2= 525  Y= 519 Y2= 521 P1= 808 P2= 395 T1=  19 T2=  20  P= 548  D=  -1 * 4
 X= 525 X2= 524  Y= 521 Y2= 522 P1= 810 P2= 395 T1=  20 T2=  20  P= 550  D=  -1 * 5
 X= 526 X2= 525  Y= 522 Y2= 521 P1= 810 P2= 396 T1=  19 T2=  19  P= 548  D=  -1 * 6
 X= 525 X2= 525  Y= 521 Y2= 522 P1= 810 P2= 395 T1=  19 T2=  20  P= 551  D=  -1 * 7
 X= 525 X2= 525  Y= 523 Y2= 525 P1= 812 P2= 396 T1=  19 T2=  19  P= 551  D=  -1 * 8
 X= 525 X2= 525  Y= 522 Y2= 521 P1= 810 P2= 395 T1=  18 T2=  19  P= 551  D=  -1 * 9
 X= 525 X2= 525  Y= 522 Y2= 522 P1= 811 P2= 395 T1=  20 T2=  19  P= 552  D=  -1 * 10
 X= 524 X2= 525  Y= 521 Y2= 522 P1= 810 P2= 395 T1=  20 T2=  19  P= 550  D=  -1 * 11
 X= 525 X2= 525  Y= 521 Y2= 515 P1= 810 P2= 396 T1=  17 T2=  20  P= 548  D=  -1 * 12
 X= 528 X2= 525  Y= 521 Y2= 522 P1= 811 P2= 395 T1=  20 T2=  21  P= 553  D=  -1 * 13
 X= 524 X2= 526  Y= 522 Y2= 521 P1= 810 P2= 395 T1=  20 T2=  19  P= 551  D=  -1 * 14
 X= 525 X2= 528  Y= 521 Y2= 519 P1= 810 P2= 397 T1=  19 T2=  20  P= 547  D=  -1 * 15
 X= 525 X2= 524  Y= 522 Y2= 521 P1= 809 P2= 397 T1=  19 T2=  20  P= 543  D=  -1 * 16
 X= 525 X2= 525  Y= 521 Y2= 521 P1= 809 P2= 397 T1=  19 T2=  19  P= 544  D=  -1 * 17
 X= 525 X2= 525  Y= 522 Y2= 521 P1= 809 P2= 397 T1=  20 T2=  19  P= 544  D=  -1 * 18
 X= 525 X2= 525  Y= 522 Y2= 521 P1= 809 P2= 397 T1=  19 T2=  19  P= 544  D=  -1 * 19
 X= 524 X2= 525  Y= 522 Y2= 522 P1= 810 P2= 397 T1=  19 T2=  20  P= 544  D=  -1 * 20
 X= 527 X2= 524  Y= 521 Y2= 521 P1= 809 P2= 398 T1=  19 T2=  18  P= 541  D=  -1 * 21
 X= 521 X2= 525  Y= 522 Y2= 521 P1= 809 P2= 397 T1=  19 T2=  19  P= 542  D=  -1 * 22
 X= 524 X2= 524  Y= 522 Y2= 521 P1= 809 P2= 397 T1=  19 T2=  19  P= 543  D=  -1 * 23
 X= 519 X2= 523  Y= 522 Y2= 521 P1= 810 P2= 397 T1=  20 T2=  20  P= 541  D=  -1 * 24
Remove Pin
 X= 525 X2= 525  Y= 522 Y2= 521 P1= 809 P2= 396 T1=  19 T2=  20  P= 547  D=  -1 * 24
 X= 525 X2= 525  Y= 521 Y2= 521 P1= 810 P2= 397 T1=  19 T2=  19  P= 546  D=  -1 * 24
 X= 524 X2= 524  Y= 520 Y2= 522 P1= 809 P2= 395 T1=  19 T2=  20  P= 549  D=  -1 * 24
 X= 525 X2= 525  Y= 521 Y2= 521 P1= 809 P2= 396 T1=  19 T2=  19  P= 547  D=  -1 * 24
 X= 525 X2= 525  Y= 521 Y2= 521 P1= 809 P2= 397 T1=  18 T2=  19  P= 544  D=  -1 * 24
 X= 525 X2= 527  Y= 522 Y2= 521 P1= 810 P2= 397 T1=  19 T2=  20  P= 547  D=  -1 * 24
 X= 524 X2= 525  Y= 521 Y2= 522 P1= 809 P2= 396 T1=  20 T2=  19  P= 546  D=  -1 * 24
 X= 525 X2= 524  Y= 521 Y2= 521 P1= 809 P2= 396 T1=  20 T2=  19  P= 546  D=  -1 * 24
 X= 525 X2= 525  Y= 521 Y2= 521 P1= 809 P2= 397 T1=  20 T2=  20  P= 544  D=  -1 * 24
 X= 526 X2= 524  Y= 522 Y2= 521 P1= 810 P2= 397 T1=  19 T2=  19  P= 546  D=  -1 * 24
 X= 525 X2= 524  Y= 522 Y2= 522 P1= 810 P2= 397 T1=  19 T2=  20  P= 544  D=  -1 * 24
 X= 525 X2= 525  Y= 521 Y2= 521 P1= 810 P2= 397 T1=  19 T2=  20  P= 546  D=  -1 * 24
 X= 525 X2= 524  Y= 521 Y2= 521 P1= 809 P2= 397 T1=  20 T2=  20  P= 543  D=  -1 * 24
 X= 525 X2= 525  Y= 522 Y2= 521 P1= 810 P2= 397 T1=  19 T2=  20  P= 546  D=  -1 * 24
 X= 525 X2= 525  Y= 521 Y2= 521 P1= 809 P2= 397 T1=  19 T2=  20  P= 544  D=  -1 * 24
 X= 525 X2= 523  Y= 521 Y2= 521 P1= 810 P2= 397 T1=  19 T2=  20  P= 544  D=  -1 * 24
 X= 525 X2= 524  Y= 521 Y2= 521 P1= 810 P2= 396 T1=  20 T2=  19  P= 547  D=  -1 * 24
 X= 524 X2= 526  Y= 522 Y2= 522 P1= 810 P2= 398 T1=  20 T2=  19  P= 543  D=  -1 * 24
 X= 524 X2= 525  Y= 521 Y2= 518 P1= 811 P2= 391 T1=  20 T2=  22  P= 562  D=  -1 * 24
 X=1023 X2= 989  Y= 989 Y2=1023 P1=1022 P2=   0 T1=1019 T2= 925  P= 562  D=  -1 
 X=1023 X2= 996  Y= 982 Y2=1018 P1=1023 P2=   0 T1=1023 T2= 949  P= 562  D=  -1 
 X= 910 X2=1023  Y= 980 Y2=1023 P1=1023 P2=   0 T1=1019 T2= 929  P= 562  D=  -1 
target state=1 point=23,22
 X= 915 X2=1018  Y= 987 Y2=1019 P1=1023 P2=   0 T1=1023 T2= 927  P= 562  D=  -1 
 X= 995 X2=1007  Y= 979 Y2=1018 P1=1022 P2=   0 T1=1022 T2= 935  P= 562  D=  -1 
 X= 916 X2=1023  Y= 981 Y2=1023 P1=1023 P2=   0 T1=1018 T2= 926  P= 562  D=  -1 
 X= 872 X2=1023  Y= 977 Y2=1018 P1=1022 P2=   0 T1=1023 T2= 929  P= 562  D=  -1 
 X= 991 X2=1008  Y= 976 Y2=1018 P1=1023 P2=   0 T1=1019 T2= 924  P= 562  D=  -1 
 X= 925 X2=1016  Y= 986 Y2=1023 P1=1023 P2=   0 T1=1019 T2= 938  P= 562  D=  -1 
 X= 947 X2=1023  Y= 980 Y2=1023 P1=1023 P2=   0 T1=1019 T2= 925  P= 562  D=  -1 
 X= 994 X2=1014  Y= 979 Y2=1018 P1=1022 P2=   0 T1=1023 T2= 922  P= 562  D=  -1 
 X= 930 X2=1016  Y= 987 Y2=1017 P1=1022 P2=   0 T1=1023 T2= 927  P= 562  D=  -1 
 X=1022 X2=1006  Y= 974 Y2=1019 P1=1022 P2=   0 T1=1023 T2= 930  P= 562  D=  -1 
 X= 958 X2=1023  Y= 977 Y2=1023 P1=1022 P2=   0 T1=1019 T2= 929  P= 562  D=  -1 
 X= 923 X2=1020  Y= 993 Y2=1023 P1=1022 P2=   0 T1=1022 T2= 920  P= 562  D=  -1 
 X= 907 X2=1023  Y= 991 Y2=1023 P1=1022 P2=   0 T1=1023 T2= 930  P= 562  D=  -1 
 X= 997 X2=1004  Y= 979 Y2=1020 P1=1023 P2=   0 T1=1019 T2= 941  P= 562  D=  -1 
 X= 956 X2=1002  Y= 991 Y2=1020 P1=1022 P2=   0 T1=1023 T2= 923  P= 562  D=  -1 
 X= 933 X2=1021  Y= 982 Y2=1018 P1=1022 P2=   0 T1=1020 T2= 941  P= 562  D=  -1 
 X=1020 X2=1014  Y= 985 Y2=1023 P1=1023 P2=   0 T1=1023 T2= 917  P= 562  D=  -1 
 X= 979 X2=1006  Y= 980 Y2=1018 P1=1022 P2=   0 T1=1023 T2= 915  P= 562  D=  -1 
 X= 918 X2=1023  Y= 974 Y2=1017 P1=1023 P2=   0 T1=1023 T2= 921  P= 562  D=  -1 
 X= 931 X2=1023  Y= 984 Y2=1019 P1=1022 P2=   0 T1=1023 T2= 924  P= 562  D=  -1 
 X= 899 X2=1019  Y= 987 Y2=1018 P1=1023 P2=   0 T1=1023 T2= 917  P= 562  D=  -1 
 X= 824 X2=1022  Y= 991 Y2=1019 P1=1022 P2=   0 T1=1018 T2= 932  P= 562  D=  -1 
 X= 950 X2=1023  Y= 980 Y2=1018 P1=1022 P2=   0 T1=1023 T2= 923  P= 562  D=  -1 
 X= 990 X2=1014  Y= 981 Y2=1022 P1=1022 P2=   0 T1=1023 T2= 922  P= 562  D=  -1 
 X= 914 X2=1016  Y= 980 Y2=1018 P1=1023 P2=   0 T1=1023 T2= 927  P= 562  D=  -1 
 X= 973 X2= 996  Y= 988 Y2=1018 P1=1022 P2=   0 T1=1022 T2= 921  P= 562  D=  -1 
 X=1023 X2=1012  Y= 988 Y2=1023 P1=1023 P2=   0 T1=1019 T2= 930  P= 562  D=  -1 
 X= 890 X2=1023  Y= 996 Y2=1023 P1=1023 P2=   0 T1=1023 T2= 930  P= 562  D=  -1 
 X= 930 X2=1023  Y= 988 Y2=1023 P1=1023 P2=   0 T1=1018 T2= 925  P= 562  D=  -1 
 X= 963 X2=1023  Y= 984 Y2=1023 P1=1023 P2=   0 T1=1023 T2= 932  P= 562  D=  -1 
 X= 962 X2=1023  Y= 983 Y2=1023 P1=1022 P2=   0 T1=1019 T2= 920  P= 562  D=  -1 
 X= 809 X2=1021  Y= 987 Y2=1023 P1=1022 P2=   0 T1=1023 T2= 909  P= 562  D=  -1 
 X=1002 X2= 998  Y= 977 Y2=1022 P1=1022 P2=   0 T1=1018 T2= 922  P= 562  D=  -1 
 X= 989 X2=1004  Y= 973 Y2=1018 P1=1023 P2=   0 T1=1023 T2= 901  P= 562  D=  -1 
 X=1005 X2=1022  Y= 976 Y2=1018 P1=1021 P2=   0 T1=1023 T2= 941  P= 562  D=  -1 
 X= 992 X2=1012  Y= 989 Y2=1023 P1=1022 P2=   0 T1=1021 T2= 936  P= 562  D=  -1 
 X= 873 X2=1020  Y= 993 Y2=1023 P1=1023 P2=   0 T1=1023 T2= 937  P= 562  D=  -1 
 X= 931 X2=1023  Y= 989 Y2=1017 P1=1023 P2=   0 T1=1023 T2= 930  P= 562  D=  -1 
 X= 919 X2=1023  Y= 996 Y2=1019 P1=1023 P2=   0 T1=1023 T2= 922  P= 562  D=  -1 
 X= 885 X2=1017  Y= 989 Y2=1023 P1=1022 P2=   0 T1=1019 T2= 912  P= 562  D=  -1 
 X= 970 X2=1023  Y= 979 Y2=1018 P1=1022 P2=   0 T1=1023 T2= 927  P= 562  D=  -1 
 X=1023 X2=1006  Y= 982 Y2=1021 P1=1022 P2=   0 T1=1021 T2= 939  P= 562  D=  -1 
 X=1017 X2= 997  Y= 976 Y2=1023 P1=1022 P2=   0 T1=1023 T2= 928  P= 562  D=  -1 
 X= 967 X2=1023  Y= 978 Y2=1018 P1=1022 P2=   0 T1=1018 T2= 927  P= 562  D=  -1 
 X= 946 X2=1023  Y= 989 Y2=1023 P1=1022 P2=   0 T1=1023 T2= 929  P= 562  D=  -1 
 X= 965 X2= 998  Y= 985 Y2=1018 P1=1023 P2=   0 T1=1019 T2= 942  P= 562  D=  -1 
 X= 867 X2=1021  Y= 990 Y2=1019 P1=1023 P2=   0 T1=1018 T2= 908  P= 562  D=  -1 
 X= 890 X2=1022  Y= 987 Y2=1020 P1=1023 P2=   0 T1=1022 T2= 913  P= 562  D=  -1 
 X= 982 X2=1008  Y= 986 Y2=1017 P1=1022 P2=   0 T1=1023 T2= 932  P= 562  D=  -1 
 X= 873 X2=1017  Y= 978 Y2=1018 P1=1023 P2=   0 T1=1018 T2= 925  P= 562  D=  -1 
 X=1023 X2=1016  Y= 979 Y2=1019 P1=1022 P2=   2 T1=1018 T2= 932  P= 562  D=  -1 
 X=1021 X2=1015  Y= 992 Y2=1017 P1=1021 P2=   0 T1=1023 T2= 938  P= 562  D=  -1 
 X= 991 X2=1013  Y= 995 Y2=1023 P1=1022 P2=   0 T1=1020 T2= 919  P= 562  D=  -1 
 X= 934 X2=1019  Y= 992 Y2=1017 P1=1022 P2=   0 T1=1019 T2= 938  P= 562  D=  -1 
 X= 964 X2=1019  Y= 980 Y2=1023 P1=1021 P2=   0 T1=1018 T2= 931  P= 562  D=  -1 
 X= 950 X2=1023  Y= 984 Y2=1019 P1=1022 P2=   0 T1=1019 T2= 919  P= 562  D=  -1 
 X= 812 X2=1023  Y= 989 Y2=1023 P1=1023 P2=   0 T1=1023 T2= 922  P= 562  D=  -1 
 X= 971 X2=1019  Y= 985 Y2=1018 P1=1023 P2=   0 T1=1020 T2= 926  P= 562  D=  -1 
 X= 982 X2=1014  Y= 976 Y2=1023 P1=1023 P2=   0 T1=1023 T2= 910  P= 562  D=  -1 
 X= 286 X2=1010  Y= 984 Y2=1023 P1=1022 P2=   0 T1=  26 T2= 908  P= 562  D=  -1 * 0
 X= 233 X2= 231  Y= 331 Y2= 324 P1= 686 P2= 191 T1=  23 T2=  23  P= 601  D=  -1 * 0
 X= 234 X2= 231  Y= 330 Y2= 324 P1= 686 P2= 190 T1=  24 T2=  23  P= 605  D=  -1 * 0
 X= 235 X2= 231  Y= 331 Y2= 324 P1= 686 P2= 191 T1=  24 T2=  23  P= 603  D=  -1 * 0
 X= 234 X2= 232  Y= 331 Y2= 323 P1= 685 P2= 191 T1=  24 T2=  23  P= 602  D=  -1 * 1
 X= 233 X2= 231  Y= 331 Y2= 324 P1= 684 P2= 192 T1=  23 T2=  23  P= 594  D=  -1 * 2
 X= 234 X2= 231  Y= 330 Y2= 323 P1= 683 P2= 192 T1=  23 T2=  23  P= 593  D=  -1 * 3
 X= 233 X2= 231  Y= 331 Y2= 323 P1= 683 P2= 193 T1=  23 T2=  22  P= 588  D=  -1 * 4
 X= 233 X2= 230  Y= 331 Y2= 324 P1= 683 P2= 193 T1=  23 T2=  23  P= 586  D=  -1 * 5
 X= 232 X2= 231  Y= 330 Y2= 323 P1= 682 P2= 193 T1=  23 T2=  23  P= 585  D=  -1 * 6
 X= 234 X2= 231  Y= 331 Y2= 323 P1= 682 P2= 193 T1=  22 T2=  23  P= 587  D=  -1 * 7
 X= 233 X2= 232  Y= 331 Y2= 323 P1= 681 P2= 194 T1=  23 T2=  22  P= 582  D=  -1 * 8
 X= 232 X2= 230  Y= 330 Y2= 323 P1= 681 P2= 193 T1=  23 T2=  24  P= 583  D=  -1 * 9
 X= 234 X2= 231  Y= 330 Y2= 323 P1= 682 P2= 193 T1=  23 T2=  22  P= 587  D=  -1 * 10
 X= 233 X2= 229  Y= 330 Y2= 324 P1= 681 P2= 193 T1=  23 T2=  22  P= 583  D=  -1 * 11
 X= 233 X2= 231  Y= 331 Y2= 323 P1= 682 P2= 193 T1=  24 T2=  24  P= 587  D=  -1 * 12
 X= 233 X2= 231  Y= 330 Y2= 321 P1= 681 P2= 193 T1=  23 T2=  23  P= 586  D=  -1 * 13
 X= 233 X2= 230  Y= 330 Y2= 324 P1= 682 P2= 193 T1=  22 T2=  23  P= 585  D=  -1 * 14
 X= 232 X2= 230  Y= 330 Y2= 324 P1= 681 P2= 193 T1=  23 T2=  23  P= 583  D=  -1 * 15
 X= 233 X2= 230  Y= 329 Y2= 323 P1= 681 P2= 193 T1=  23 T2=  22  P= 583  D=  -1 * 16
 X= 234 X2= 230  Y= 330 Y2= 324 P1= 681 P2= 193 T1=  23 T2=  23  P= 586  D=  -1 * 17
 X= 232 X2= 231  Y= 331 Y2= 323 P1= 681 P2= 194 T1=  23 T2=  23  P= 579  D=  -1 * 18
 X= 234 X2= 230  Y= 330 Y2= 323 P1= 681 P2= 194 T1=  23 T2=  22  P= 582  D=  -1 * 19
 X= 233 X2= 230  Y= 332 Y2= 323 P1= 681 P2= 193 T1=  23 T2=  23  P= 583  D=  -1 * 20
 X= 233 X2= 232  Y= 331 Y2= 324 P1= 681 P2= 193 T1=  23 T2=  23  P= 586  D=  -1 * 21
 X= 233 X2= 230  Y= 330 Y2= 323 P1= 681 P2= 193 T1=  22 T2=  23  P= 583  D=  -1 * 22
 X= 234 X2= 231  Y= 331 Y2= 322 P1= 681 P2= 193 T1=  23 T2=  23  P= 586  D=  -1 * 23
 X= 233 X2= 231  Y= 330 Y2= 324 P1= 682 P2= 193 T1=  25 T2=  23  P= 587  D=  -1 * 24
Remove Pin
 X= 234 X2= 231  Y= 330 Y2= 323 P1= 681 P2= 193 T1=  22 T2=  23  P= 586  D=  -1 * 24
 X= 233 X2= 232  Y= 330 Y2= 323 P1= 682 P2= 193 T1=  23 T2=  23  P= 587  D=  -1 * 24
 X= 234 X2= 231  Y= 331 Y2= 322 P1= 681 P2= 194 T1=  22 T2=  23  P= 582  D=  -1 * 24
 X= 233 X2= 230  Y= 330 Y2= 324 P1= 681 P2= 194 T1=  23 T2=  23  P= 579  D=  -1 * 24
 X= 233 X2= 230  Y= 333 Y2= 324 P1= 681 P2= 194 T1=  22 T2=  23  P= 579  D=  -1 * 24
 X= 235 X2= 230  Y= 330 Y2= 323 P1= 681 P2= 194 T1=  22 T2=  22  P= 582  D=  -1 * 24
 X= 233 X2= 231  Y= 330 Y2= 323 P1= 681 P2= 193 T1=  23 T2=  22  P= 586  D=  -1 * 24
 X= 234 X2= 231  Y= 330 Y2= 323 P1= 682 P2= 193 T1=  23 T2=  22  P= 587  D=  -1 * 24
 X= 233 X2= 231  Y= 330 Y2= 324 P1= 681 P2= 193 T1=  23 T2=  24  P= 586  D=  -1 * 24
 X= 234 X2= 231  Y= 330 Y2= 323 P1= 682 P2= 193 T1=  22 T2=  23  P= 587  D=  -1 * 24
 X= 234 X2= 230  Y= 330 Y2= 323 P1= 682 P2= 193 T1=  22 T2=  21  P= 587  D=  -1 * 24
 X= 234 X2= 231  Y= 331 Y2= 324 P1= 681 P2= 193 T1=  23 T2=  24  P= 586  D=  -1 * 24
 X= 233 X2= 231  Y= 331 Y2= 324 P1= 681 P2= 193 T1=  23 T2=  22  P= 586  D=  -1 * 24
 X= 233 X2= 231  Y= 331 Y2= 324 P1= 681 P2= 193 T1=  23 T2=  22  P= 586  D=  -1 * 24
 X= 233 X2= 231  Y= 331 Y2= 323 P1= 681 P2= 193 T1=  23 T2=  22  P= 586  D=  -1 * 24
 X= 233 X2= 231  Y= 330 Y2= 323 P1= 681 P2= 194 T1=  22 T2=  23  P= 582  D=  -1 * 24
 X= 810 X2=1023  Y= 976 Y2=1023 P1=1023 P2=   0 T1=1019 T2= 905  P= 582  D=  -1 
 X=1019 X2=1004  Y= 980 Y2=1023 P1=1023 P2=   0 T1=1021 T2= 914  P= 582  D=  -1 
 X=1023 X2= 993  Y= 977 Y2=1022 P1=1023 P2=   0 T1=1023 T2= 886  P= 582  D=  -1 
target state=2 point=456,22
 X= 962 X2=1016  Y= 976 Y2=1023 P1=1023 P2=   0 T1=1022 T2= 924  P= 582  D=  -1 
 X= 923 X2=1021  Y= 993 Y2=1023 P1=1022 P2=   0 T1=1023 T2= 924  P= 582  D=  -1 
 X=1019 X2= 996  Y= 978 Y2=1020 P1=1022 P2=   0 T1=1019 T2= 910  P= 582  D=  -1 
 X= 908 X2= 995  Y= 991 Y2=1023 P1=1023 P2=   0 T1=1023 T2= 939  P= 582  D=  -1 
 X= 938 X2=1023  Y= 994 Y2=1023 P1=1023 P2=   0 T1=1023 T2= 934  P= 582  D=  -1 
 X= 980 X2=1014  Y= 983 Y2=1017 P1=1023 P2=   0 T1=1019 T2= 935  P= 582  D=  -1 
 X= 877 X2=1016  Y= 989 Y2=1018 P1=1023 P2=   0 T1=1018 T2= 924  P= 582  D=  -1 
 X=1017 X2= 993  Y= 979 Y2=1019 P1=1023 P2=   0 T1=1018 T2= 924  P= 582  D=  -1 
 X=1023 X2=1008  Y= 984 Y2=1018 P1=1022 P2=   0 T1=1023 T2= 920  P= 582  D=  -1 
 X= 866 X2=1023  Y= 988 Y2=1023 P1=1022 P2=   0 T1=1023 T2= 925  P= 582  D=  -1 
 X=1023 X2=1005  Y= 985 Y2=1023 P1=1023 P2=   0 T1=1019 T2= 937  P= 582  D=  -1 
 X= 963 X2=1020  Y= 978 Y2=1019 P1=1023 P2=   0 T1=1019 T2= 913  P= 582  D=  -1 
 X= 848 X2=1023  Y= 987 Y2=1023 P1=1022 P2=   0 T1=1023 T2= 929  P= 582  D=  -1 
 X= 848 X2=1023  Y= 983 Y2=1023 P1=1022 P2=   0 T1=1019 T2= 934  P= 582  D=  -1 
 X= 875 X2=1015  Y= 982 Y2=1023 P1=1022 P2=   0 T1=1019 T2= 940  P= 582  D=  -1 
 X= 987 X2=1004  Y= 979 Y2=1018 P1=1022 P2=   0 T1=1019 T2= 924  P= 582  D=  -1 
 X= 919 X2=1017  Y= 988 Y2=1018 P1=1023 P2=   0 T1=1022 T2= 925  P= 582  D=  -1 
 X= 976 X2=1004  Y= 990 Y2=1023 P1=1023 P2=   0 T1=1019 T2= 907  P= 582  D=  -1 
 X=1022 X2=1012  Y= 988 Y2=1023 P1=1022 P2=   0 T1=1019 T2= 920  P= 582  D=  -1 
 X= 847 X2=1022  Y= 991 Y2=1023 P1=1023 P2=   0 T1=1018 T2= 914  P= 582  D=  -1 
 X= 949 X2=1020  Y= 986 Y2=1023 P1=1022 P2=   0 T1=1019 T2= 912  P= 582  D=  -1 
 X= 815 X2=1021  Y= 990 Y2=1023 P1=1022 P2=   0 T1=1020 T2= 923  P= 582  D=  -1 
 X= 848 X2=1021  Y= 980 Y2=1019 P1=1023 P2=   0 T1=1023 T2= 916  P= 582  D=  -1 
 X= 812 X2=1023  Y= 987 Y2=1023 P1=1022 P2=   0 T1=1023 T2= 930  P= 582  D=  -1 
 X= 999 X2=1004  Y= 977 Y2=1020 P1=1023 P2=   0 T1=1019 T2= 916  P= 582  D=  -1 
 X= 925 X2=1013  Y= 989 Y2=1021 P1=1023 P2=   0 T1=1019 T2= 932  P= 582  D=  -1 
 X= 969 X2= 994  Y= 987 Y2=1023 P1=1022 P2=   0 T1=1023 T2= 918  P= 582  D=  -1 
 X= 956 X2= 997  Y= 971 Y2=1022 P1=1021 P2=   0 T1=1023 T2= 921  P= 582  D=  -1 
 X= 954 X2=1012  Y= 984 Y2=1023 P1=1022 P2=   0 T1=1020 T2= 945  P= 582  D=  -1 
 X= 839 X2=1023  Y= 995 Y2=1023 P1=1023 P2=   0 T1=1023 T2= 926  P= 582  D=  -1 
 X=1023 X2=1015  Y= 991 Y2=1019 P1=1023 P2=   0 T1=1019 T2= 936  P= 582  D=  -1 
 X= 951 X2=1023  Y= 981 Y2=1018 P1=1023 P2=   0 T1=1023 T2= 923  P= 582  D=  -1 
 X= 855 X2=1023  Y= 984 Y2=1018 P1=1023 P2=   0 T1=1023 T2= 925  P= 582  D=  -1 
 X=1017 X2= 997  Y= 985 Y2=1022 P1=1023 P2=   0 T1=1023 T2= 918  P= 582  D=  -1 
 X= 983 X2=1013  Y= 973 Y2=1023 P1=1022 P2=   0 T1=1019 T2= 907  P= 582  D=  -1 
 X= 966 X2=1018  Y= 989 Y2=1018 P1=1022 P2=   0 T1=1023 T2= 928  P= 582  D=  -1 
 X= 949 X2= 997  Y= 986 Y2=1018 P1=1023 P2=   0 T1=1021 T2= 917  P= 582  D=  -1 
 X=1021 X2=1011  Y= 988 Y2=1019 P1=1022 P2=   0 T1=1023 T2= 916  P= 582  D=  -1 
 X= 827 X2=1023  Y= 993 Y2=1022 P1=1022 P2=   0 T1=1019 T2= 935  P= 582  D=  -1 
 X= 915 X2=1023  Y= 990 Y2=1019 P1=1023 P2=   0 T1=1019 T2= 932  P= 582  D=  -1 
 X= 978 X2=1012  Y= 973 Y2=1018 P1=1023 P2=   0 T1=1021 T2= 919  P= 582  D=  -1 
 X= 923 X2=1017  Y= 975 Y2=1023 P1=1022 P2=   0 T1=1022 T2= 938  P= 582  D=  -1 
 X=1015 X2=1013  Y= 979 Y2=1022 P1=1023 P2=   0 T1=1019 T2= 930  P= 582  D=  -1 
 X= 838 X2=1023  Y= 989 Y2=1023 P1=1023 P2=   0 T1=1018 T2= 931  P= 582  D=  -1 
 X= 974 X2=1013  Y= 987 Y2=1023 P1=1021 P2=   0 T1=1017 T2= 923  P= 582  D=  -1 
 X= 922 X2=1021  Y= 978 Y2=1018 P1=1023 P2=   0 T1=1022 T2= 930  P= 582  D=  -1 
 X= 952 X2=1006  Y= 986 Y2=1019 P1=1022 P2=   0 T1=1019 T2= 923  P= 582  D=  -1 
 X= 898 X2=1023  Y= 979 Y2=1022 P1=1022 P2=   0 T1=1023 T2= 929  P= 582  D=  -1 
 X= 883 X2=1023  Y= 980 Y2=1023 P1=1022 P2=   0 T1=1023 T2= 929  P= 582  D=  -1 
 X= 873 X2=1017  Y= 986 Y2=1023 P1=1023 P2=   0 T1=1019 T2= 935  P= 582  D=  -1 
 X= 896 X2=1021  Y= 984 Y2=1023 P1=1022 P2=   0 T1=1023 T2= 931  P= 582  D=  -1 
 X= 954 X2=1023  Y= 983 Y2=1018 P1=1022 P2=   0 T1=1019 T2= 925  P= 582  D=  -1 
 X= 955 X2= 996  Y= 988 Y2=1023 P1=1022 P2=   0 T1=1019 T2= 934  P= 582  D=  -1 
 X= 970 X2=1017  Y= 977 Y2=1019 P1=1022 P2=   0 T1=1018 T2= 931  P= 582  D=  -1 
 X= 927 X2=1021  Y= 982 Y2=1023 P1=1023 P2=   0 T1=1022 T2= 925  P= 582  D=  -1 
 X= 961 X2=1023  Y= 978 Y2=1019 P1=1022 P2=   0 T1=1022 T2= 933  P= 582  D=  -1 
 X= 919 X2=1023  Y= 979 Y2=1023 P1=1023 P2=   0 T1=1023 T2= 932  P= 582  D=  -1 
 X= 855 X2=1020  Y= 990 Y2=1018 P1=1023 P2=   0 T1=1019 T2= 920  P= 582  D=  -1 
 X= 867 X2=1022  Y= 991 Y2=1023 P1=1022 P2=   0 T1=1019 T2= 928  P= 582  D=  -1 
 X= 997 X2=1007  Y= 985 Y2=1018 P1=1022 P2=   0 T1=1019 T2= 923  P= 582  D=  -1 
 X= 924 X2=1020  Y= 984 Y2=1023 P1=1023 P2=   0 T1=1023 T2= 931  P= 582  D=  -1 
 X= 964 X2= 996  Y= 990 Y2=1023 P1=1022 P2=   0 T1=1020 T2= 930  P= 582  D=  -1 
 X=1021 X2= 995  Y= 984 Y2=1018 P1=1022 P2=   0 T1=1021 T2= 930  P= 582  D=  -1 
 X= 875 X2=1023  Y= 985 Y2=1023 P1=1023 P2=   0 T1=1019 T2= 920  P= 582  D=  -1 
 X= 972 X2=1003  Y= 982 Y2=1018 P1=1023 P2=   0 T1=1019 T2= 941  P= 582  D=  -1 
 X= 942 X2=1020  Y= 991 Y2=1023 P1=1023 P2=   0 T1=1019 T2= 930  P= 582  D=  -1 
 X= 887 X2=1023  Y= 989 Y2= 333 P1= 800 P2= 476 T1=1020 T2=  16  P= 582  D=  -1 
 X= 854 X2=1021  Y= 977 Y2=1019 P1=1023 P2=   0 T1=1023 T2= 932  P= 582  D=  -1 
 X= 810 X2= 808  Y= 325 Y2= 332 P1= 801 P2= 472 T1=  16 T2=  17  P= 563  D=  -1 * 0
 X= 809 X2= 807  Y= 325 Y2= 335 P1= 801 P2= 473 T1=  16 T2=  16  P= 559  D=  -1 * 0
 X= 810 X2= 808  Y= 324 Y2= 331 P1= 800 P2= 473 T1=  16 T2=  16  P= 559  D=  -1 * 0
 X= 807 X2= 808  Y= 324 Y2= 331 P1= 800 P2= 475 T1=  16 T2=  16  P= 551  D=  -1 * 0
 X= 809 X2= 808  Y= 324 Y2= 331 P1= 799 P2= 476 T1=  17 T2=  14  P= 547  D=  -1 * 1
 X= 809 X2= 808  Y= 325 Y2= 331 P1= 798 P2= 477 T1=  16 T2=  16  P= 542  D=  -1 * 2
 X= 809 X2= 808  Y= 324 Y2= 331 P1= 798 P2= 477 T1=  16 T2=  16  P= 542  D=  -1 * 3
 X= 809 X2= 808  Y= 324 Y2= 330 P1= 798 P2= 478 T1=  16 T2=  15  P= 540  D=  -1 * 4
 X= 809 X2= 809  Y= 323 Y2= 331 P1= 798 P2= 478 T1=  15 T2=  15  P= 541  D=  -1 * 5
 X= 808 X2= 808  Y= 323 Y2= 330 P1= 799 P2= 478 T1=  16 T2=  15  P= 542  D=  -1 * 6
 X= 809 X2= 807  Y= 324 Y2= 332 P1= 798 P2= 478 T1=  16 T2=  16  P= 540  D=  -1 * 7
 X= 809 X2= 809  Y= 323 Y2= 330 P1= 798 P2= 478 T1=  15 T2=  17  P= 541  D=  -1 * 8
 X= 809 X2= 808  Y= 324 Y2= 331 P1= 797 P2= 478 T1=  16 T2=  16  P= 538  D=  -1 * 9
 X= 808 X2= 808  Y= 324 Y2= 330 P1= 797 P2= 478 T1=  15 T2=  16  P= 538  D=  -1 * 10
 X= 809 X2= 809  Y= 324 Y2= 331 P1= 798 P2= 479 T1=  15 T2=  14  P= 537  D=  -1 * 11
 X= 809 X2= 808  Y= 324 Y2= 331 P1= 799 P2= 477 T1=  16 T2=  16  P= 545  D=  -1 * 12
 X= 809 X2= 808  Y= 323 Y2= 331 P1= 798 P2= 478 T1=  16 T2=  16  P= 540  D=  -1 * 13
 X= 809 X2= 808  Y= 324 Y2= 331 P1= 798 P2= 478 T1=  16 T2=  15  P= 540  D=  -1 * 14
 X= 808 X2= 809  Y= 323 Y2= 331 P1= 797 P2= 478 T1=  15 T2=  16  P= 538  D=  -1 * 15
 X= 808 X2= 812  Y= 323 Y2= 331 P1= 798 P2= 478 T1=  17 T2=  16  P= 541  D=  -1 * 16
 X= 809 X2= 809  Y= 324 Y2= 331 P1= 798 P2= 478 T1=  15 T2=  15  P= 541  D=  -1 * 17
 X= 809 X2= 808  Y= 323 Y2= 330 P1= 798 P2= 478 T1=  16 T2=  15  P= 540  D=  -1 * 18
 X= 810 X2= 808  Y= 323 Y2= 330 P1= 798 P2= 478 T1=  16 T2=  16  P= 541  D=  -1 * 19
 X= 807 X2= 808  Y= 324 Y2= 330 P1= 798 P2= 478 T1=  16 T2=  15  P= 539  D=  -1 * 20
 X= 809 X2= 809  Y= 323 Y2= 330 P1= 798 P2= 478 T1=  15 T2=  15  P= 541  D=  -1 * 21
 X= 810 X2= 806  Y= 324 Y2= 330 P1= 798 P2= 478 T1=  15 T2=  16  P= 540  D=  -1 * 22
 X= 810 X2= 808  Y= 324 Y2= 330 P1= 799 P2= 478 T1=  16 T2=  16  P= 542  D=  -1 * 23
 X= 810 X2= 809  Y= 324 Y2= 331 P1= 798 P2= 478 T1=  16 T2=  16  P= 541  D=  -1 * 24
Remove Pin
 X= 810 X2= 808  Y= 324 Y2= 331 P1= 798 P2= 478 T1=  16 T2=  15  P= 541  D=  -1 * 24
 X= 808 X2= 808  Y= 324 Y2= 331 P1= 798 P2= 478 T1=  15 T2=  16  P= 540  D=  -1 * 24
 X= 809 X2= 808  Y= 324 Y2= 330 P1= 798 P2= 478 T1=  16 T2=  16  P= 540  D=  -1 * 24
 X= 809 X2= 807  Y= 324 Y2= 331 P1= 797 P2= 478 T1=  16 T2=  16  P= 538  D=  -1 * 24
 X= 811 X2= 808  Y= 324 Y2= 331 P1= 798 P2= 478 T1=  16 T2=  15  P= 541  D=  -1 * 24
 X= 809 X2= 808  Y= 324 Y2= 330 P1= 798 P2= 478 T1=  16 T2=  14  P= 540  D=  -1 * 24
 X= 809 X2= 808  Y= 324 Y2= 330 P1= 798 P2= 478 T1=  16 T2=  15  P= 540  D=  -1 * 24
 X= 809 X2= 808  Y= 324 Y2= 331 P1= 797 P2= 478 T1=  17 T2=  15  P= 538  D=  -1 * 24
 X= 806 X2= 808  Y= 323 Y2= 330 P1= 797 P2= 479 T1=  16 T2=  16  P= 535  D=  -1 * 24
 X=1019 X2= 992  Y= 977 Y2=1018 P1=1022 P2=   0 T1=1019 T2= 906  P= 535  D=  -1 
 X=1018 X2= 995  Y= 991 Y2=1023 P1=1022 P2=   0 T1=1019 T2= 896  P= 535  D=  -1 
 X=1014 X2= 997  Y= 978 Y2=1021 P1=1022 P2=   0 T1=1020 T2= 936  P= 535  D=  -1 
target state=3 point=456,249
 X=1021 X2=1014  Y= 979 Y2=1018 P1=1022 P2=   0 T1=1021 T2= 905  P= 535  D=  -1 
 X= 957 X2= 993  Y= 982 Y2=1023 P1=1023 P2=   0 T1=1018 T2= 934  P= 535  D=  -1 
 X= 984 X2=1018  Y= 987 Y2=1018 P1=1022 P2=   0 T1=1022 T2= 946  P= 535  D=  -1 
 X= 966 X2=1019  Y= 992 Y2=1023 P1=1023 P2=   0 T1=1018 T2= 928  P= 535  D=  -1 
 X= 980 X2=1023  Y= 975 Y2=1019 P1=1022 P2=   0 T1=1019 T2= 920  P= 535  D=  -1 
 X= 954 X2=1023  Y= 969 Y2=1023 P1=1023 P2=   0 T1=1019 T2= 935  P= 535  D=  -1 
 X= 956 X2=1021  Y= 980 Y2=1022 P1=1022 P2=   0 T1=1019 T2= 915  P= 535  D=  -1 
 X= 947 X2= 995  Y= 982 Y2=1022 P1=1023 P2=   0 T1=1023 T2= 927  P= 535  D=  -1 
 X=1011 X2=1006  Y= 988 Y2=1019 P1=1022 P2=   0 T1=1019 T2= 924  P= 535  D=  -1 
 X= 928 X2=1022  Y= 978 Y2=1022 P1=1023 P2=   0 T1=1019 T2= 938  P= 535  D=  -1 
 X= 936 X2=1023  Y= 993 Y2=1023 P1=1022 P2=   0 T1=1019 T2= 924  P= 535  D=  -1 
 X= 813 X2=1023  Y= 980 Y2=1019 P1=1021 P2=   0 T1=1023 T2= 941  P= 535  D=  -1 
 X= 907 X2=1023  Y= 982 Y2=1018 P1=1023 P2=   0 T1=1023 T2= 913  P= 535  D=  -1 
 X= 960 X2=1015  Y= 979 Y2=1023 P1=1023 P2=   0 T1=1021 T2= 919  P= 535  D=  -1 
 X= 996 X2=1006  Y= 976 Y2=1017 P1=1023 P2=   0 T1=1019 T2= 925  P= 535  D=  -1 
 X= 888 X2=1017  Y= 984 Y2=1021 P1=1022 P2=   0 T1=1020 T2= 936  P= 535  D=  -1 
 X= 944 X2=1023  Y= 988 Y2=1022 P1=1021 P2=   0 T1=1018 T2= 926  P= 535  D=  -1 
 X= 952 X2= 998  Y= 984 Y2=1019 P1=1022 P2=   0 T1=1023 T2= 919  P= 535  D=  -1 
 X= 898 X2=1023  Y= 978 Y2=1018 P1=1023 P2=   0 T1=1023 T2= 912  P= 535  D=  -1 
 X= 928 X2=1023  Y= 981 Y2=1023 P1=1023 P2=   0 T1=1022 T2= 906  P= 535  D=  -1 
 X= 819 X2=1023  Y= 984 Y2=1023 P1=1023 P2=   0 T1=1023 T2= 899  P= 535  D=  -1 
 X= 868 X2=1022  Y= 985 Y2=1023 P1=1022 P2=   0 T1=1019 T2= 934  P= 535  D=  -1 
 X= 891 X2=1022  Y= 997 Y2=1018 P1=1022 P2=   0 T1=1022 T2= 934  P= 535  D=  -1 
 X= 912 X2=1021  Y= 980 Y2=1018 P1=1023 P2=   0 T1=1020 T2= 923  P= 535  D=  -1 
 X= 871 X2=1016  Y= 978 Y2=1023 P1=1023 P2=   0 T1=1018 T2= 933  P= 535  D=  -1 
 X=1023 X2= 995  Y= 980 Y2=1019 P1=1022 P2=   0 T1=1023 T2= 925  P= 535  D=  -1 
 X=1023 X2=1010  Y= 979 Y2=1023 P1=1023 P2=   0 T1=1023 T2= 915  P= 535  D=  -1 
 X= 875 X2=1023  Y= 980 Y2=1023 P1=1023 P2=   0 T1=1023 T2= 926  P= 535  D=  -1 
 X= 935 X2=1021  Y= 991 Y2=1018 P1=1023 P2=   0 T1=1019 T2= 925  P= 535  D=  -1 
 X= 927 X2=1023  Y= 982 Y2=1023 P1=1022 P2=   0 T1=1019 T2= 927  P= 535  D=  -1 
 X= 972 X2=1018  Y= 980 Y2=1019 P1=1023 P2=   0 T1=1023 T2= 921  P= 535  D=  -1 
 X= 968 X2=1023  Y= 986 Y2=1023 P1=1022 P2=   0 T1=1023 T2= 904  P= 535  D=  -1 
 X=1020 X2=1019  Y= 983 Y2=1019 P1=1023 P2=   0 T1=1018 T2= 922  P= 535  D=  -1 
 X= 988 X2=1005  Y= 981 Y2=1023 P1=1022 P2=   0 T1=1023 T2= 939  P= 535  D=  -1 
 X=1013 X2= 997  Y= 976 Y2=1019 P1=1022 P2=   0 T1=1018 T2= 920  P= 535  D=  -1 
 X= 944 X2=1019  Y= 989 Y2=1018 P1=1022 P2=   0 T1=1019 T2= 924  P= 535  D=  -1 
 X=1023 X2=1012  Y= 989 Y2=1018 P1=1021 P2=   0 T1=1019 T2= 930  P= 535  D=  -1 
 X= 828 X2=1023  Y= 988 Y2=1019 P1=1023 P2=   0 T1=1023 T2= 938  P= 535  D=  -1 
 X= 901 X2=1023  Y= 977 Y2=1018 P1=1022 P2=   0 T1=1022 T2= 916  P= 535  D=  -1 
 X= 921 X2=1018  Y= 981 Y2=1020 P1=1023 P2=   0 T1=1021 T2= 929  P= 535  D=  -1 
 X= 930 X2=1021  Y= 980 Y2=1023 P1=1022 P2=   0 T1=1018 T2= 931  P= 535  D=  -1 
 X= 960 X2=1023  Y= 983 Y2=1023 P1=1023 P2=   0 T1=1019 T2= 921  P= 535  D=  -1 
 X=1021 X2=1014  Y= 988 Y2=1019 P1=1023 P2=   0 T1=1019 T2= 924  P= 535  D=  -1 
 X= 999 X2=1005  Y= 983 Y2=1018 P1=1023 P2=   0 T1=1019 T2= 908  P= 535  D=  -1 
 X= 923 X2=1021  Y= 980 Y2=1023 P1=1022 P2=   0 T1=1019 T2= 935  P= 535  D=  -1 
 X=1023 X2=1012  Y= 990 Y2=1023 P1=1023 P2=   0 T1=1019 T2= 929  P= 535  D=  -1 
 X= 925 X2=1023  Y= 987 Y2=1019 P1=1023 P2=   0 T1=1018 T2= 950  P= 535  D=  -1 
 X= 870 X2=1023  Y= 989 Y2=1019 P1=1022 P2=   0 T1=1018 T2= 930  P= 535  D=  -1 
 X= 991 X2=1011  Y= 983 Y2=1023 P1=1022 P2=   0 T1=1020 T2= 949  P= 535  D=  -1 
 X= 990 X2=1018  Y= 979 Y2=1018 P1=1022 P2=   0 T1=1019 T2= 913  P= 535  D=  -1 
 X= 966 X2=1023  Y= 977 Y2=1023 P1=1022 P2=   0 T1=1022 T2= 926  P= 535  D=  -1 
 X= 959 X2= 996  Y= 981 Y2=1023 P1=1022 P2=   0 T1=1021 T2= 927  P= 535  D=  -1 
 X= 999 X2= 993  Y= 989 Y2=1023 P1=1022 P2=   0 T1=1023 T2= 941  P= 535  D=  -1 
 X= 888 X2=1021  Y= 985 Y2=1023 P1=1022 P2=   0 T1=1023 T2= 930  P= 535  D=  -1 
 X= 945 X2=1023  Y= 973 Y2=1019 P1=1023 P2=   0 T1=1023 T2= 932  P= 535  D=  -1 
 X= 920 X2=1019  Y= 979 Y2=1023 P1=1023 P2=   0 T1=1023 T2= 916  P= 535  D=  -1 
 X= 811 X2=1022  Y= 984 Y2=1023 P1=1023 P2=   0 T1=1023 T2= 918  P= 535  D=  -1 
 X= 878 X2=1022  Y= 991 Y2=1023 P1=1023 P2=   0 T1=1019 T2= 931  P= 535  D=  -1 
 X= 995 X2=1014  Y= 980 Y2=1017 P1=1022 P2=   0 T1=1019 T2= 909  P= 535  D=  -1 
 X= 986 X2=1018  Y= 976 Y2=1021 P1=1023 P2=   0 T1=1018 T2= 924  P= 535  D=  -1 
 X=1022 X2=1008  Y= 981 Y2=1023 P1=1022 P2=   0 T1=1019 T2= 940  P= 535  D=  -1 
 X=1023 X2=1012  Y= 979 Y2=1023 P1=1023 P2=   0 T1=1020 T2= 940  P= 535  D=  -1 
 X= 873 X2=1023  Y= 984 Y2=1019 P1=1022 P2=   0 T1=1023 T2= 929  P= 535  D=  -1 
 X= 927 X2=1023  Y= 985 Y2=1019 P1=1022 P2=   0 T1=1019 T2= 920  P= 535  D=  -1 
 X= 926 X2=1019  Y=1017 Y2=1022 P1=1022 P2=   0 T1=1023 T2=1018  P= 535  D=  -1 
 X=1023 X2=1014  Y= 989 Y2=1018 P1=1022 P2=   0 T1=1019 T2= 925  P= 535  D=  -1 
 X= 919 X2=1023  Y= 978 Y2=1017 P1=1022 P2=   0 T1=1022 T2= 923  P= 535  D=  -1 
 X= 895 X2=1020  Y= 979 Y2=1019 P1=1022 P2=   0 T1=1020 T2= 923  P= 535  D=  -1 
 X= 872 X2=1016  Y= 989 Y2=1023 P1=1022 P2=   0 T1=1020 T2= 931  P= 535  D=  -1 
 X= 910 X2=1021  Y= 982 Y2=1018 P1=1023 P2=   0 T1=1021 T2= 902  P= 535  D=  -1 
 X= 981 X2=1018  Y= 997 Y2=1019 P1=1023 P2=   0 T1=1023 T2= 941  P= 535  D=  -1 
 X=1022 X2= 993  Y= 986 Y2=1023 P1=1023 P2=   0 T1=1020 T2= 951  P= 535  D=  -1 
 X= 918 X2=1023  Y= 983 Y2=1018 P1=1022 P2=   0 T1=1019 T2= 941  P= 535  D=  -1 
 X= 913 X2=1023  Y= 986 Y2=1019 P1=1023 P2=   0 T1=1023 T2= 926  P= 535  D=  -1 
 X= 870 X2=1023  Y= 982 Y2=1022 P1=1022 P2=   0 T1=1018 T2= 927  P= 535  D=  -1 
 X= 958 X2=1023  Y= 981 Y2=1023 P1=1022 P2=   0 T1=1023 T2= 920  P= 535  D=  -1 
 X=1023 X2=1011  Y= 986 Y2=1019 P1=1022 P2=   0 T1=1019 T2= 934  P= 535  D=  -1 
 X=1002 X2= 995  Y= 988 Y2=1019 P1=1022 P2=   0 T1=1023 T2= 919  P= 535  D=  -1 
 X= 874 X2=1020  Y= 976 Y2=1023 P1=1022 P2=   0 T1=1023 T2= 935  P= 535  D=  -1 
 X= 951 X2=1020  Y= 986 Y2=1019 P1=1023 P2=   0 T1=1018 T2= 922  P= 535  D=  -1 
 X= 955 X2=1005  Y= 979 Y2=1023 P1=1023 P2=   0 T1=1019 T2= 905  P= 535  D=  -1 
 X= 931 X2=1023  Y= 979 Y2=1023 P1=1023 P2=   0 T1=1023 T2= 924  P= 535  D=  -1 
 X= 906 X2=1023  Y= 978 Y2=1023 P1=1022 P2=   0 T1=1023 T2= 927  P= 535  D=  -1 
 X= 987 X2=1007  Y= 986 Y2=1023 P1=1023 P2=   0 T1=1023 T2= 924  P= 535  D=  -1 
 X= 945 X2=1020  Y= 981 Y2=1023 P1=1022 P2=   0 T1=1023 T2= 916  P= 535  D=  -1 
 X= 968 X2= 993  Y= 986 Y2=1023 P1=1023 P2=   0 T1=1018 T2= 933  P= 535  D=  -1 
 X=1006 X2= 997  Y= 994 Y2=1018 P1=1022 P2=   0 T1=1023 T2= 936  P= 535  D=  -1 
 X= 984 X2=1014  Y= 970 Y2=1021 P1=1022 P2=   0 T1=1022 T2= 922  P= 535  D=  -1 
 X= 968 X2=1006  Y= 987 Y2=1023 P1=1023 P2=   0 T1=1019 T2= 923  P= 535  D=  -1 
 X= 967 X2= 995  Y= 981 Y2=1023 P1=1022 P2=   0 T1=1018 T2= 933  P= 535  D=  -1 
 X= 833 X2=1023  Y= 988 Y2=1018 P1=1023 P2=   0 T1=1023 T2= 905  P= 535  D=  -1 
 X= 882 X2=1020  Y= 988 Y2=1023 P1=1023 P2=   0 T1=1019 T2= 903  P= 535  D=  -1 
 X= 923 X2=1023  Y= 991 Y2=1023 P1=1022 P2=   0 T1=1019 T2= 925  P= 535  D=  -1 
 X= 480 X2= 474  Y= 370 Y2= 393 P1=1022 P2=   0 T1=  21 T2= 900  P= 535  D=  -1 * 0
 X= 471 X2= 469  Y= 376 Y2= 375 P1= 761 P2= 335 T1=  21 T2=  21  P= 597  D=  -1 * 0
 X= 470 X2= 464  Y= 384 Y2= 383 P1= 767 P2= 328 T1=  24 T2=  21  P= 624  D=  -1 * 0
 X= 462 X2= 460  Y= 391 Y2= 389 P1= 757 P2= 342 T1=  20 T2=  19  P= 559  D=  -1 * 0
 X= 458 X2= 452  Y= 399 Y2= 398 P1= 759 P2= 340 T1=  20 T2=  20  P= 560  D=  -1 * 1
Too Noisy!  2.449490 > 2.500000 or 3.265986 > 2.500000.  Try again.
 X= 452 X2= 450  Y= 397 Y2= 395 P1= 771 P2= 317 T1=  21 T2=  23  P= 645  D=  -1 * 2
 X= 461 X2= 457  Y= 366 Y2= 364 P1= 751 P2= 336 T1=  20 T2=  20  P= 566  D=  -1 * 2
 X= 505 X2= 503  Y= 367 Y2= 367 P1= 758 P2= 363 T1=  20 T2=  18  P= 548  D=  -1 * 2
 X= 514 X2= 513  Y= 401 Y2= 401 P1= 771 P2= 370 T1=  19 T2=  19  P= 555  D=  -1 * 2
 X= 510 X2= 507  Y= 418 Y2= 417 P1= 773 P2= 374 T1=  17 T2=  20  P= 541  D=  -1 * 2
 X= 496 X2= 494  Y= 431 Y2= 429 P1= 775 P2= 367 T1=  19 T2=  20  P= 549  D=  -1 * 2
 X= 495 X2= 493  Y= 431 Y2= 430 P1= 775 P2= 367 T1=  20 T2=  20  P= 548  D=  -1 * 2
 X= 491 X2= 487  Y= 430 Y2= 430 P1= 757 P2= 379 T1=  20 T2=  19  P= 487  D=  -1 * 2
 X= 464 X2= 463  Y= 416 Y2= 416 P1= 761 P2= 354 T1=  21 T2=  20  P= 531  D=  -1 * 2
 X= 467 X2= 464  Y= 362 Y2= 360 P1= 755 P2= 335 T1=  21 T2=  21  P= 582  D=  -1 * 2
 X= 502 X2= 499  Y= 349 Y2= 348 P1= 756 P2= 352 T1=  20 T2=  20  P= 573  D=  -1 * 2
 X= 518 X2= 517  Y= 361 Y2= 361 P1= 762 P2= 364 T1=  20 T2=  20  P= 565  D=  -1 * 2
 X= 524 X2= 522  Y= 375 Y2= 375 P1= 767 P2= 369 T1=  19 T2=  20  P= 563  D=  -1 * 2
 X= 524 X2= 522  Y= 389 Y2= 390 P1= 770 P2= 373 T1=  19 T2=  20  P= 556  D=  -1 * 2
 X= 519 X2= 518  Y= 405 Y2= 406 P1= 772 P2= 377 T1=  19 T2=  19  P= 542  D=  -1 * 2
 X= 503 X2= 501  Y= 419 Y2= 419 P1= 771 P2= 373 T1=  20 T2=  18  P= 535  D=  -1 * 2
 X= 468 X2= 465  Y= 399 Y2= 398 P1= 767 P2= 336 T1=  19 T2=  21  P= 597  D=  -1 * 2
 X= 464 X2= 460  Y= 360 Y2= 358 P1= 751 P2= 336 T1=  20 T2=  20  P= 570  D=  -1 * 2
 X= 480 X2= 477  Y= 339 Y2= 337 P1= 750 P2= 337 T1=  20 T2=  20  P= 585  D=  -1 * 2
 X= 496 X2= 494  Y= 335 Y2= 333 P1= 751 P2= 346 T1=  20 T2=  20  P= 579  D=  -1 * 2
 X= 509 X2= 509  Y= 341 Y2= 338 P1= 755 P2= 356 T1=  20 T2=  20  P= 570  D=  -1 * 2
 X= 521 X2= 521  Y= 360 Y2= 360 P1= 763 P2= 363 T1=  20 T2=  19  P= 573  D=  -1 * 2
 X= 518 X2= 517  Y= 396 Y2= 396 P1= 765 P2= 382 T1=  19 T2=  19  P= 518  D=  -1 * 2
 X= 483 X2= 482  Y= 418 Y2= 417 P1= 766 P2= 359 T1=  20 T2=  20  P= 546  D=  -1 * 2
 X= 457 X2= 457  Y= 397 Y2= 397 P1= 761 P2= 338 T1=  21 T2=  21  P= 571  D=  -1 * 2
 X= 459 X2= 456  Y= 358 Y2= 354 P1= 750 P2= 332 T1=  20 T2=  23  P= 575  D=  -1 * 2
 X= 460 X2= 462  Y= 356 Y2= 355 P1= 751 P2= 330 T1=  21 T2=  21  P= 587  D=  -1 * 2
 X= 476 X2= 474  Y= 338 Y2= 336 P1= 751 P2= 335 T1=  20 T2=  21  P= 589  D=  -1 * 2
 X= 504 X2= 501  Y= 344 Y2= 343 P1= 752 P2= 360 T1=  21 T2=  19  P= 546  D=  -1 * 2
 X= 517 X2= 516  Y= 395 Y2= 397 P1= 765 P2= 377 T1=  19 T2=  19  P= 530  D=  -1 * 2
 X= 491 X2= 490  Y= 425 Y2= 424 P1= 771 P2= 366 T1=  19 T2=  20  P= 541  D=  -1 * 2
 X= 470 X2= 468  Y= 421 Y2= 420 P1= 765 P2= 355 T1=  20 T2=  20  P= 541  D=  -1 * 2
 X= 456 X2= 455  Y= 406 Y2= 405 P1= 758 P2= 346 T1=  20 T2=  21  P= 541  D=  -1 * 2
 X= 452 X2= 450  Y= 379 Y2= 376 P1= 751 P2= 336 T1=  20 T2=  20  P= 556  D=  -1 * 2
 X= 486 X2= 481  Y= 347 Y2= 346 P1= 757 P2= 337 T1=  21 T2=  20  P= 601  D=  -1 * 2
 X= 522 X2= 520  Y= 370 Y2= 372 P1= 770 P2= 362 T1=  19 T2=  21  P= 587  D=  -1 * 2
 X= 520 X2= 519  Y= 409 Y2= 408 P1= 775 P2= 377 T1=  19 T2=  18  P= 547  D=  -1 * 2
 X= 504 X2= 503  Y= 427 Y2= 427 P1= 772 P2= 376 T1=  19 T2=  18  P= 529  D=  -1 * 2
 X= 482 X2= 478  Y= 431 Y2= 430 P1= 771 P2= 362 T1=  20 T2=  20  P= 541  D=  -1 * 2
 X= 456 X2= 454  Y= 394 Y2= 392 P1= 754 P2= 342 T1=  20 T2=  20  P= 547  D=  -1 * 2
 X= 503 X2= 502  Y= 347 Y2= 347 P1= 756 P2= 353 T1=  20 T2=  20  P= 572  D=  -1 * 2
 X= 451 X2= 446  Y= 388 Y2= 387 P1= 737 P2= 360 T1=  18 T2=  19  P= 469  D=  -1 * 2
 X= 513 X2= 512  Y= 377 Y2= 377 P1= 744 P2= 396 T1=  17 T2=  17  P= 449  D=  -1 * 2
 X= 501 X2= 499  Y= 378 Y2= 378 P1= 765 P2= 345 T1=  20 T2=  26  P= 449  D=  -1 * 2
 X= 958 X2=1019  Y= 984 Y2=1019 P1=1022 P2=   0 T1=1018 T2= 932  P= 449  D=  -1 
target state=3 point=456,249
 X=1000 X2=1006  Y= 988 Y2=1019 P1=1022 P2=   0 T1=1023 T2= 927  P= 449  D=  -1 
 X= 948 X2=1023  Y= 977 Y2=1023 P1=1023 P2=   0 T1=1018 T2= 934  P= 449  D=  -1 
 X= 944 X2=1019  Y= 990 Y2=1023 P1=1023 P2=   0 T1=1023 T2= 941  P= 449  D=  -1 
 X= 981 X2=1014  Y= 981 Y2=1023 P1=1023 P2=   0 T1=1019 T2= 920  P= 449  D=  -1 
 X= 901 X2=1016  Y= 986 Y2=1023 P1=1023 P2=   0 T1=1019 T2= 924  P= 449  D=  -1 
 X=1023 X2=1013  Y= 985 Y2=1019 P1=1022 P2=   0 T1=1023 T2= 929  P= 449  D=  -1 
 X=1019 X2=1018  Y= 985 Y2=1018 P1=1022 P2=   0 T1=1023 T2= 923  P= 449  D=  -1 
 X= 997 X2=1007  Y= 989 Y2=1019 P1=1023 P2=   0 T1=1023 T2= 916  P= 449  D=  -1 
 X= 971 X2=1020  Y= 983 Y2=1019 P1=1023 P2=   0 T1=1019 T2= 942  P= 449  D=  -1 
 X= 954 X2=1020  Y= 988 Y2=1023 P1=1022 P2=   0 T1=1018 T2= 928  P= 449  D=  -1 
 X= 961 X2=1023  Y= 983 Y2=1022 P1=1022 P2=   0 T1=1023 T2= 935  P= 449  D=  -1 
 X= 898 X2=1023  Y= 979 Y2=1022 P1=1023 P2=   0 T1=1017 T2= 917  P= 449  D=  -1 
 X= 965 X2=1023  Y= 981 Y2=1022 P1=1023 P2=   0 T1=1018 T2= 930  P= 449  D=  -1 
 X= 932 X2=1019  Y= 987 Y2=1019 P1=1023 P2=   0 T1=1019 T2= 906  P= 449  D=  -1 
 X= 959 X2=1023  Y= 977 Y2=1023 P1=1022 P2=   0 T1=1023 T2= 911  P= 449  D=  -1 
 X=1021 X2=1012  Y= 983 Y2=1022 P1=1023 P2=   0 T1=1019 T2= 928  P= 449  D=  -1 
 X=1018 X2= 996  Y= 985 Y2=1019 P1=1022 P2=   0 T1=1023 T2= 936  P= 449  D=  -1 
 X= 911 X2=1023  Y= 985 Y2=1023 P1=1022 P2=   0 T1=1023 T2= 941  P= 449  D=  -1 
 X= 953 X2=1023  Y= 971 Y2=1023 P1=1022 P2=   0 T1=1019 T2= 924  P= 449  D=  -1 
 X= 910 X2=1019  Y= 987 Y2=1018 P1=1022 P2=   0 T1=1023 T2= 927  P= 449  D=  -1 
 X= 965 X2=1023  Y= 984 Y2=1018 P1=1022 P2=   0 T1=1019 T2= 917  P= 449  D=  -1 
 X= 924 X2=1023  Y= 983 Y2=1018 P1=1023 P2=   0 T1=1019 T2= 915  P= 449  D=  -1 
 X= 970 X2=1020  Y=1019 Y2=1018 P1=1023 P2=   0 T1=1023 T2=1023  P= 449  D=  -1 
 X= 968 X2=1023  Y= 991 Y2=1023 P1=1023 P2=   0 T1=1023 T2= 928  P= 449  D=  -1 
 X= 962 X2=1003  Y= 985 Y2=1018 P1=1022 P2=   0 T1=1023 T2= 925  P= 449  D=  -1 
 X=1011 X2=1003  Y= 986 Y2=1023 P1=1023 P2=   0 T1=1019 T2= 940  P= 449  D=  -1 
 X= 878 X2=1023  Y= 979 Y2=1018 P1=1023 P2=   0 T1=1023 T2= 916  P= 449  D=  -1 
 X= 945 X2=1018  Y= 982 Y2=1018 P1=1023 P2=   0 T1=1023 T2= 916  P= 449  D=  -1 
 X= 965 X2=1023  Y= 980 Y2=1019 P1=1022 P2=   0 T1=1018 T2= 931  P= 449  D=  -1 
 X= 807 X2=1023  Y= 984 Y2=1018 P1=1023 P2=   0 T1=1019 T2= 913  P= 449  D=  -1 
 X= 814 X2=1023  Y= 975 Y2=1019 P1=1022 P2=   0 T1=1020 T2= 916  P= 449  D=  -1 
 X=1017 X2= 995  Y= 978 Y2=1016 P1=1023 P2=   0 T1=1019 T2= 901  P= 449  D=  -1 
 X= 999 X2=1007  Y= 981 Y2=1023 P1=1023 P2=   0 T1=1023 T2= 941  P= 449  D=  -1 
 X= 940 X2=1023  Y= 986 Y2=1018 P1=1022 P2=   0 T1=1023 T2= 929  P= 449  D=  -1 
 X= 951 X2=1023  Y= 981 Y2=1018 P1=1022 P2=   0 T1=1019 T2= 938  P= 449  D=  -1 
 X=1016 X2=1008  Y= 988 Y2=1023 P1=1023 P2=   0 T1=1023 T2= 928  P= 449  D=  -1 
 X= 918 X2=1023  Y= 980 Y2=1019 P1=1023 P2=   0 T1=1019 T2= 936  P= 449  D=  -1 
 X= 917 X2=1023  Y= 993 Y2=1023 P1=1023 P2=   0 T1=1019 T2= 934  P= 449  D=  -1 
 X= 875 X2=1015  Y= 987 Y2=1023 P1=1022 P2=   0 T1=1023 T2= 921  P= 449  D=  -1 
 X= 949 X2=1020  Y= 982 Y2=1023 P1=1022 P2=   0 T1=1023 T2= 932  P= 449  D=  -1 
 X= 868 X2=1015  Y= 987 Y2=1018 P1=1023 P2=   0 T1=1018 T2= 942  P= 449  D=  -1 
 X= 990 X2=1007  Y= 980 Y2=1017 P1=1022 P2=   0 T1=1023 T2= 913  P= 449  D=  -1 
 X= 993 X2=1014  Y= 981 Y2=1023 P1=1022 P2=   0 T1=1019 T2= 934  P= 449  D=  -1 
 X=1023 X2=1016  Y= 977 Y2=1019 P1=1022 P2=   0 T1=1022 T2= 940  P= 449  D=  -1 
 X=1023 X2=1005  Y= 985 Y2=1022 P1=1022 P2=   0 T1=1019 T2= 930  P= 449  D=  -1 
 X= 855 X2=1023  Y= 992 Y2=1018 P1=1023 P2=   0 T1=1019 T2= 923  P= 449  D=  -1 
 X= 904 X2=1023  Y= 982 Y2=1019 P1=1023 P2=   0 T1=1018 T2= 927  P= 449  D=  -1 
 X= 989 X2=1018  Y= 986 Y2=1023 P1=1023 P2=   0 T1=1022 T2= 926  P= 449  D=  -1 
 X= 891 X2=1020  Y= 983 Y2=1023 P1=1023 P2=   0 T1=1018 T2= 910  P= 449  D=  -1 
 X= 960 X2=1017  Y= 983 Y2=1019 P1=1023 P2=   0 T1=1023 T2= 928  P= 449  D=  -1 
 X=1018 X2= 995  Y= 981 Y2=1018 P1=1022 P2=   0 T1=1019 T2= 924  P= 449  D=  -1 
 X=1023 X2=1018  Y= 983 Y2=1023 P1=1022 P2=   0 T1=1023 T2= 928  P= 449  D=  -1 
 X= 961 X2=1021  Y= 989 Y2=1019 P1=1023 P2=   0 T1=1018 T2= 905  P= 449  D=  -1 
 X= 936 X2=1020  Y= 995 Y2=1018 P1=1022 P2=   0 T1=1023 T2= 924  P= 449  D=  -1 
 X= 925 X2=1023  Y= 989 Y2=1018 P1=1021 P2=   0 T1=1023 T2= 929  P= 449  D=  -1 
 X= 870 X2=1023  Y= 987 Y2=1019 P1=1022 P2=   0 T1=1023 T2= 903  P= 449  D=  -1 
 X= 938 X2=1022  Y= 983 Y2=1019 P1=1023 P2=   0 T1=1019 T2= 929  P= 449  D=  -1 
 X= 934 X2=1017  Y= 985 Y2=1017 P1=1023 P2=   0 T1=1019 T2= 923  P= 449  D=  -1 
 X= 890 X2=1020  Y= 975 Y2=1023 P1=1023 P2=   0 T1=1023 T2= 927  P= 449  D=  -1 
 X= 961 X2= 998  Y= 981 Y2=1023 P1=1020 P2=   0 T1=1019 T2= 942  P= 449  D=  -1 
 X=1023 X2=1011  Y= 994 Y2=1023 P1=1023 P2=   0 T1=1019 T2= 920  P= 449  D=  -1 
 X=1023 X2=1015  Y= 988 Y2=1023 P1=1023 P2=   0 T1=1020 T2= 937  P= 449  D=  -1 
 X=1021 X2=1014  Y= 984 Y2=1019 P1=1023 P2=   0 T1=1023 T2= 947  P= 449  D=  -1 
 X=1023 X2=1014  Y= 974 Y2=1018 P1=1022 P2=   0 T1=1023 T2= 936  P= 449  D=  -1 
 X= 940 X2=1022  Y= 984 Y2=1023 P1=1023 P2=   0 T1=1023 T2= 915  P= 449  D=  -1 
 X= 923 X2=1023  Y= 983 Y2=1018 P1=1023 P2=   0 T1=1023 T2= 928  P= 449  D=  -1 
 X= 990 X2=1008  Y= 989 Y2=1017 P1=1022 P2=   0 T1=1019 T2= 903  P= 449  D=  -1 
 X= 882 X2=1014  Y= 977 Y2=1018 P1=1022 P2=   0 T1=1019 T2= 920  P= 449  D=  -1 
 X= 959 X2=1020  Y= 984 Y2=1023 P1=1023 P2=   0 T1=1022 T2= 913  P= 449  D=  -1 
 X=1023 X2=1003  Y= 978 Y2=1018 P1=1023 P2=   0 T1=1018 T2= 920  P= 449  D=  -1 
 X=1023 X2=1010  Y= 982 Y2=1023 P1=1022 P2=   0 T1=1023 T2= 898  P= 449  D=  -1 
 X= 976 X2=1023  Y= 978 Y2=1019 P1=1022 P2=   0 T1=1018 T2= 928  P= 449  D=  -1 
 X= 953 X2=1023  Y= 981 Y2=1023 P1=1022 P2=   0 T1=1023 T2= 924  P= 449  D=  -1 
 X= 951 X2=1020  Y= 979 Y2=1016 P1=1021 P2=   0 T1=1019 T2= 909  P= 449  D=  -1 
 X= 829 X2=1023  Y= 987 Y2=1021 P1=1023 P2=   0 T1=1019 T2= 912  P= 449  D=  -1 
 X=1021 X2= 992  Y= 984 Y2=1023 P1=1023 P2=   0 T1=1019 T2= 912  P= 449  D=  -1 
 X= 992 X2=1004  Y= 980 Y2=1018 P1=1022 P2=   0 T1=1023 T2= 931  P= 449  D=  -1 
 X= 813 X2=1023  Y= 999 Y2=1018 P1=1022 P2=   0 T1=1018 T2= 926  P= 449  D=  -1 
 X=1023 X2=1009  Y= 991 Y2=1018 P1=1023 P2=   0 T1=1018 T2= 921  P= 449  D=  -1 
 X=1023 X2=1018  Y= 978 Y2=1023 P1=1022 P2=   0 T1=1017 T2= 941  P= 449  D=  -1 
 X= 904 X2=1023  Y= 991 Y2=1022 P1=1022 P2=   0 T1=1021 T2= 930  P= 449  D=  -1 
 X= 959 X2=1023  Y= 990 Y2=1020 P1=1022 P2=   0 T1=1023 T2= 939  P= 449  D=  -1 
 X= 789 X2=1023  Y= 984 Y2=1022 P1=1023 P2=   0 T1=1021 T2= 910  P= 449  D=  -1 
 X= 825 X2=1023  Y= 979 Y2=1023 P1=1022 P2=   0 T1=1022 T2= 927  P= 449  D=  -1 
 X= 884 X2=1023  Y= 978 Y2=1023 P1=1023 P2=   0 T1=1018 T2= 937  P= 449  D=  -1 
 X= 914 X2=1017  Y= 984 Y2=1019 P1=1023 P2=   0 T1=1023 T2= 925  P= 449  D=  -1 
 X= 980 X2=1014  Y= 980 Y2=1023 P1=1022 P2=   0 T1=1018 T2= 946  P= 449  D=  -1 
 X= 923 X2=1021  Y= 979 Y2=1023 P1=1022 P2=   0 T1=1023 T2= 926  P= 449  D=  -1 
 X= 956 X2=1004  Y= 984 Y2=1023 P1=1023 P2=   0 T1=1018 T2= 924  P= 449  D=  -1 
 X= 820 X2=1023  Y= 982 Y2=1019 P1=1022 P2=   0 T1=1023 T2= 933  P= 449  D=  -1 
 X=1023 X2=1004  Y= 981 Y2=1018 P1=1023 P2=   0 T1=1023 T2= 921  P= 449  D=  -1 
 X= 957 X2=1020  Y= 979 Y2=1021 P1=1023 P2=   0 T1=1023 T2= 927  P= 449  D=  -1 
 X= 817 X2=1023  Y= 988 Y2=1019 P1=1022 P2=   0 T1=1018 T2= 936  P= 449  D=  -1 
 X= 929 X2=1023  Y= 989 Y2=1023 P1=1023 P2=   0 T1=1023 T2= 939  P= 449  D=  -1 
 X=1023 X2=1014  Y= 984 Y2=1019 P1=1022 P2=   0 T1=1019 T2= 919  P= 449  D=  -1 
 X= 986 X2= 998  Y= 987 Y2=1023 P1=1022 P2=   0 T1=1020 T2= 943  P= 449  D=  -1 
 X= 911 X2=1023  Y= 985 Y2=1023 P1=1023 P2=   0 T1=1020 T2= 928  P= 449  D=  -1 
 X= 956 X2=1020  Y= 988 Y2=1023 P1=1023 P2=   0 T1=1023 T2= 901  P= 449  D=  -1 
 X= 952 X2=1022  Y= 977 Y2=1020 P1=1022 P2=   0 T1=1023 T2= 943  P= 449  D=  -1 
 X= 944 X2=1020  Y= 987 Y2=1018 P1=1023 P2=   0 T1=1019 T2= 927  P= 449  D=  -1 
 X= 917 X2=1023  Y= 976 Y2=1018 P1=1023 P2=   0 T1=1018 T2= 923  P= 449  D=  -1 
 X= 987 X2=1008  Y= 985 Y2=1019 P1=1022 P2=   0 T1=1019 T2= 930  P= 449  D=  -1 
 X= 789 X2=1023  Y= 984 Y2=1018 P1=1022 P2=   0 T1=1019 T2= 930  P= 449  D=  -1 
 X=1023 X2=1005  Y= 977 Y2=1023 P1=1022 P2=   0 T1=1023 T2= 922  P= 449  D=  -1 
 X=1023 X2=1004  Y= 983 Y2=1022 P1=1022 P2=   0 T1=1017 T2= 931  P= 449  D=  -1 
 X= 959 X2=1020  Y= 981 Y2=1019 P1=1021 P2=   0 T1=1022 T2= 948  P= 449  D=  -1 
 X= 967 X2=1019  Y= 987 Y2=1018 P1=1023 P2=   0 T1=1023 T2= 928  P= 449  D=  -1 
 X= 923 X2=1011  Y= 985 Y2=1023 P1=1023 P2=   0 T1=1023 T2= 923  P= 449  D=  -1 
 X=1022 X2=1014  Y= 984 Y2=1018 P1=1022 P2=   0 T1=1023 T2=1017  P= 449  D=  -1 
 X= 930 X2=1022  Y= 976 Y2=1023 P1=1023 P2=   0 T1=1023 T2= 937  P= 449  D=  -1 
 X= 993 X2=1018  Y= 983 Y2=1018 P1=1022 P2=   0 T1=1023 T2= 934  P= 449  D=  -1 
 X= 875 X2=1015  Y= 988 Y2=1023 P1=1022 P2=   0 T1=1018 T2= 926  P= 449  D=  -1 
 X=1023 X2=1006  Y= 990 Y2=1017 P1=1022 P2=   0 T1=1022 T2= 928  P= 449  D=  -1 
 X= 995 X2=1013  Y= 980 Y2=1017 P1=1022 P2=   0 T1=1023 T2= 914  P= 449  D=  -1 
 X=1023 X2= 995  Y= 983 Y2=1023 P1=1023 P2=   0 T1=1019 T2= 916  P= 449  D=  -1 
 X= 927 X2=1023  Y= 984 Y2=1023 P1=1022 P2=   0 T1=1023 T2= 933  P= 449  D=  -1 
 X= 972 X2=1023  Y= 983 Y2=1019 P1=1022 P2=   0 T1=1021 T2= 926  P= 449  D=  -1 
 X= 944 X2=1021  Y= 981 Y2=1023 P1=1023 P2=   0 T1=1023 T2= 915  P= 449  D=  -1 
 X= 891 X2=1023  Y= 990 Y2=1023 P1=1022 P2=   0 T1=1019 T2= 944  P= 449  D=  -1 
 X= 989 X2=1017  Y= 992 Y2=1019 P1=1022 P2=   0 T1=1020 T2= 907  P= 449  D=  -1 
 X= 965 X2=1023  Y= 991 Y2=1023 P1=1022 P2=   0 T1=1023 T2= 921  P= 449  D=  -1 
 X= 929 X2=1020  Y= 981 Y2=1023 P1=1022 P2=   0 T1=1019 T2= 919  P= 449  D=  -1 
 X= 973 X2= 991  Y= 980 Y2=1023 P1=1023 P2=   0 T1=1018 T2= 902  P= 449  D=  -1 
 X= 980 X2=1018  Y=1022 Y2=1018 P1=1023 P2=   0 T1=1019 T2=1019  P= 449  D=  -1 
 X=1019 X2= 998  Y= 976 Y2=1018 P1=1022 P2=   0 T1=1019 T2= 934  P= 449  D=  -1 
 X= 964 X2=1007  Y= 979 Y2=1019 P1=1022 P2=   0 T1=1019 T2= 934  P= 449  D=  -1 
 X= 820 X2=1023  Y= 981 Y2=1019 P1=1023 P2=   0 T1=1020 T2= 940  P= 449  D=  -1 
 X= 959 X2=1012  Y= 985 Y2=1018 P1=1022 P2=   0 T1=1018 T2= 933  P= 449  D=  -1 
 X= 850 X2=1023  Y= 984 Y2=1018 P1=1023 P2=   0 T1=1023 T2= 938  P= 449  D=  -1 
 X=1005 X2=1004  Y= 984 Y2=1018 P1=1023 P2=   0 T1=1020 T2= 935  P= 449  D=  -1 
 X= 987 X2=1012  Y= 976 Y2=1023 P1=1023 P2=   0 T1=1021 T2= 934  P= 449  D=  -1 
 X= 953 X2=1023  Y= 985 Y2=1018 P1=1022 P2=   0 T1=1017 T2= 929  P= 449  D=  -1 
 X= 954 X2= 992  Y= 982 Y2=1018 P1=1023 P2=   0 T1=1021 T2= 919  P= 449  D=  -1 
 X= 832 X2=1023  Y= 987 Y2=1018 P1=1023 P2=   0 T1=1020 T2= 903  P= 449  D=  -1 
 X= 950 X2=1023  Y= 984 Y2=1022 P1=1023 P2=   0 T1=1023 T2= 922  P= 449  D=  -1 
 X= 951 X2=1021  Y= 987 Y2=1018 P1=1023 P2=   0 T1=1021 T2= 915  P= 449  D=  -1 
 X= 869 X2=1018  Y= 984 Y2=1019 P1=1023 P2=   0 T1=1018 T2= 926  P= 449  D=  -1 
 X= 890 X2=1023  Y= 982 Y2=1018 P1=1023 P2=   0 T1=1022 T2= 917  P= 449  D=  -1 
 X=1022 X2= 993  Y= 979 Y2=1018 P1=1023 P2=   0 T1=1022 T2= 925  P= 449  D=  -1 
 X=1008 X2=1004  Y= 982 Y2=1023 P1=1022 P2=   0 T1=1019 T2= 919  P= 449  D=  -1 
 X= 931 X2=1019  Y= 988 Y2=1018 P1=1023 P2=   0 T1=1019 T2= 936  P= 449  D=  -1 
 X= 948 X2=1018  Y= 992 Y2=1023 P1=1022 P2=   0 T1=1021 T2= 926  P= 449  D=  -1 
 X=1023 X2=1007  Y= 990 Y2=1018 P1=1022 P2=   0 T1=1022 T2= 937  P= 449  D=  -1 
 X= 856 X2=1022  Y= 979 Y2=1019 P1=1023 P2=   0 T1=1021 T2= 930  P= 449  D=  -1 
 X= 915 X2=1023  Y= 986 Y2=1023 P1=1023 P2=   0 T1=1021 T2= 917  P= 449  D=  -1 
 X= 941 X2=1018  Y= 983 Y2=1018 P1=1022 P2=   0 T1=1020 T2= 938  P= 449  D=  -1 
 X= 902 X2=1021  Y= 984 Y2=1018 P1=1022 P2=   0 T1=1022 T2= 918  P= 449  D=  -1 
 X= 952 X2=1017  Y= 988 Y2=1023 P1=1022 P2=   0 T1=1019 T2= 927  P= 449  D=  -1 
 X= 985 X2=1019  Y= 981 Y2=1018 P1=1022 P2=   0 T1=1019 T2= 920  P= 449  D=  -1 
 X= 983 X2=1012  Y= 989 Y2=1018 P1=1023 P2=   0 T1=1019 T2= 933  P= 449  D=  -1 
 X=1002 X2=1023  Y=1012 Y2=1023 P1=1022 P2=   0 T1=1019 T2=1012  P= 449  D=  -1 
 X=1023 X2= 995  Y= 987 Y2=1023 P1=1022 P2=   0 T1=1019 T2= 943  P= 449  D=  -1 
 X= 937 X2=1009  Y= 992 Y2=1019 P1=1023 P2=   0 T1=1019 T2= 933  P= 449  D=  -1 
 X= 867 X2=1023  Y= 992 Y2=1023 P1=1023 P2=   0 T1=1023 T2= 934  P= 449  D=  -1 
 X= 987 X2=1011  Y= 991 Y2=1023 P1=1022 P2=   0 T1=1023 T2= 900  P= 449  D=  -1 
 X= 943 X2=1022  Y= 985 Y2=1023 P1=1023 P2=   0 T1=1019 T2= 936  P= 449  D=  -1 
 X= 841 X2=1023  Y= 984 Y2=1023 P1=1022 P2=   0 T1=1023 T2= 921  P= 449  D=  -1 
 X=1021 X2=1015  Y= 985 Y2=1018 P1=1022 P2=   0 T1=1023 T2= 909  P= 449  D=  -1 
 X=1022 X2=1012  Y= 989 Y2=1023 P1=1023 P2=   0 T1=1019 T2= 936  P= 449  D=  -1 
 X= 918 X2=1023  Y= 988 Y2=1022 P1=1022 P2=   0 T1=1023 T2= 935  P= 449  D=  -1 
 X= 912 X2=1023  Y= 989 Y2=1018 P1=1023 P2=   0 T1=1020 T2= 927  P= 449  D=  -1 
 X= 909 X2=1016  Y= 977 Y2=1019 P1=1023 P2=   0 T1=1019 T2= 930  P= 449  D=  -1 
 X= 958 X2=1023  Y= 992 Y2=1018 P1=1022 P2=   0 T1=1023 T2= 926  P= 449  D=  -1 
 X= 959 X2= 988  Y= 981 Y2=1019 P1=1023 P2=   0 T1=1023 T2= 943  P= 449  D=  -1 
 X= 869 X2=1015  Y= 986 Y2=1018 P1=1022 P2=   0 T1=1019 T2= 927  P= 449  D=  -1 
 X= 822 X2=1023  Y= 989 Y2=1023 P1=1022 P2=   0 T1=1018 T2= 913  P= 449  D=  -1 
 X= 963 X2=1002  Y= 973 Y2=1023 P1=1022 P2=   0 T1=1019 T2= 917  P= 449  D=  -1 
 X=1021 X2=1018  Y= 990 Y2=1022 P1=1022 P2=   0 T1=1019 T2= 929  P= 449  D=  -1 
 X= 781 X2=1023  Y= 985 Y2=1020 P1=1023 P2=   0 T1=1023 T2= 907  P= 449  D=  -1 
 X= 781 X2=1023  Y= 985 Y2=1020 P1=1023 P2=   0 T1=  15 T2=  16  P= 554  D=  -1 * 0
 X= 809 X2= 810  Y= 713 Y2=1020 P1=1023 P2=   0 T1=  16 T2=  17  P= 554  D=  -1 * 0
 X= 809 X2= 810  Y= 712 Y2= 716 P1=1023 P2= 540 T1=  15 T2=  16  P= 552  D=  -1 * 0
 X= 809 X2= 810  Y= 712 Y2= 718 P1=1023 P2= 540 T1=  17 T2=  15  P= 552  D=  -1 * 0
 X= 810 X2= 810  Y= 713 Y2= 717 P1=1023 P2= 540 T1=  16 T2=  16  P= 553  D=  -1 * 1
 X= 808 X2= 811  Y= 712 Y2= 717 P1=1023 P2= 540 T1=  16 T2=  15  P= 552  D=  -1 * 2
 X= 809 X2= 809  Y= 713 Y2= 716 P1= 910 P2= 540 T1=  16 T2=  16  P= 554  D=  -1 * 3
 X= 808 X2= 810  Y= 712 Y2= 716 P1= 909 P2= 541 T1=  17 T2=  16  P= 550  D=  -1 * 4
 X= 808 X2= 810  Y= 712 Y2= 716 P1= 906 P2= 540 T1=  16 T2=  16  P= 547  D=  -1 * 5
 X= 809 X2= 810  Y= 712 Y2= 716 P1= 909 P2= 540 T1=  17 T2=  16  P= 552  D=  -1 * 6
 X= 808 X2= 810  Y= 713 Y2= 717 P1= 909 P2= 541 T1=  16 T2=  15  P= 550  D=  -1 * 7
 X= 808 X2= 810  Y= 712 Y2= 716 P1= 909 P2= 540 T1=  15 T2=  17  P= 552  D=  -1 * 8
 X= 808 X2= 810  Y= 713 Y2= 717 P1= 909 P2= 541 T1=  15 T2=  15  P= 550  D=  -1 * 9
 X= 808 X2= 809  Y= 713 Y2= 712 P1= 909 P2= 540 T1=  16 T2=  16  P= 551  D=  -1 * 10
 X= 809 X2= 810  Y= 712 Y2= 717 P1= 909 P2= 541 T1=  16 T2=  16  P= 550  D=  -1 * 11
 X= 809 X2= 809  Y= 712 Y2= 717 P1= 909 P2= 540 T1=  15 T2=  16  P= 552  D=  -1 * 12
 X= 812 X2= 810  Y= 713 Y2= 717 P1= 909 P2= 540 T1=  16 T2=  16  P= 553  D=  -1 * 13
 X= 809 X2= 809  Y= 712 Y2= 716 P1= 909 P2= 541 T1=  17 T2=  16  P= 550  D=  -1 * 14
 X= 809 X2= 809  Y= 713 Y2= 717 P1= 909 P2= 541 T1=  16 T2=  15  P= 550  D=  -1 * 15
 X= 809 X2= 810  Y= 713 Y2= 717 P1= 909 P2= 541 T1=  16 T2=  16  P= 550  D=  -1 * 16
 X= 810 X2= 810  Y= 713 Y2= 717 P1= 909 P2= 541 T1=  16 T2=  16  P= 550  D=  -1 * 17
 X= 810 X2= 810  Y= 713 Y2= 716 P1= 909 P2= 541 T1=  15 T2=  16  P= 550  D=  -1 * 18
 X= 809 X2= 810  Y= 712 Y2= 717 P1= 909 P2= 539 T1=  16 T2=  15  P= 554  D=  -1 * 19
 X= 809 X2= 809  Y= 712 Y2= 717 P1= 909 P2= 540 T1=  16 T2=  18  P= 552  D=  -1 * 20
 X= 809 X2= 810  Y= 712 Y2= 717 P1= 909 P2= 541 T1=  15 T2=  16  P= 550  D=  -1 * 21
 X= 809 X2= 809  Y= 712 Y2= 716 P1= 908 P2= 541 T1=  15 T2=  16  P= 548  D=  -1 * 22
 X= 810 X2= 812  Y= 713 Y2= 717 P1= 909 P2= 541 T1=  16 T2=  15  P= 551  D=  -1 * 23
 X= 809 X2= 810  Y= 712 Y2= 716 P1= 909 P2= 541 T1=  16 T2=  15  P= 550  D=  -1 * 24
Remove Pin
 X= 809 X2= 809  Y= 711 Y2= 717 P1= 907 P2= 541 T1=  16 T2=  15  P= 546  D=  -1 * 24
 X= 809 X2= 809  Y= 712 Y2= 716 P1= 909 P2= 541 T1=  16 T2=  16  P= 550  D=  -1 * 24
 X= 813 X2= 809  Y= 712 Y2= 717 P1= 907 P2= 538 T1=  17 T2=  15  P= 555  D=  -1 * 24
 X= 810 X2= 810  Y= 712 Y2= 716 P1= 909 P2= 541 T1=  15 T2=  15  P= 550  D=  -1 * 24
 X= 809 X2= 810  Y= 712 Y2= 719 P1= 910 P2= 541 T1=  16 T2=  15  P= 551  D=  -1 * 24
 X= 808 X2= 810  Y= 713 Y2= 717 P1= 909 P2= 541 T1=  16 T2=  16  P= 550  D=  -1 * 24
 X= 806 X2= 810  Y= 712 Y2= 716 P1= 909 P2= 541 T1=  15 T2=  16  P= 549  D=  -1 * 24
 X= 809 X2= 810  Y= 712 Y2= 717 P1= 909 P2= 541 T1=  16 T2=  16  P= 550  D=  -1 * 24
 X= 809 X2= 810  Y= 712 Y2= 717 P1= 909 P2= 541 T1=  16 T2=  17  P= 550  D=  -1 * 24
 X= 809 X2= 810  Y= 712 Y2= 717 P1= 908 P2= 541 T1=  16 T2=  16  P= 548  D=  -1 * 24
 X= 809 X2= 809  Y= 712 Y2= 717 P1= 909 P2= 541 T1=  16 T2=  17  P= 550  D=  -1 * 24
 X= 810 X2= 811  Y= 713 Y2= 717 P1= 909 P2= 541 T1=  16 T2=  16  P= 550  D=  -1 * 24
 X= 810 X2= 810  Y= 713 Y2= 717 P1= 909 P2= 541 T1=  17 T2=  16  P= 550  D=  -1 * 24
 X= 809 X2= 809  Y= 714 Y2= 717 P1= 909 P2= 541 T1=  16 T2=  16  P= 550  D=  -1 * 24
 X= 809 X2= 809  Y= 713 Y2= 717 P1= 911 P2= 541 T1=  16 T2=  16  P= 552  D=  -1 * 24
 X= 808 X2= 810  Y= 712 Y2= 717 P1= 909 P2= 542 T1=  16 T2=  16  P= 547  D=  -1 * 24
 X= 808 X2= 810  Y= 713 Y2= 717 P1= 909 P2= 541 T1=  16 T2=  16  P= 550  D=  -1 * 24
 X= 809 X2= 810  Y= 712 Y2= 716 P1= 910 P2= 541 T1=  16 T2=  15  P= 551  D=  -1 * 24
 X= 809 X2= 810  Y= 712 Y2= 717 P1= 909 P2= 542 T1=  15 T2=  16  P= 547  D=  -1 * 24
 X= 810 X2= 810  Y= 712 Y2= 717 P1= 909 P2= 541 T1=  16 T2=  15  P= 550  D=  -1 * 24
 X= 960 X2=1023  Y= 978 Y2=1022 P1=1022 P2=   0 T1=1020 T2= 914  P= 550  D=  -1 
 X= 881 X2=1023  Y= 989 Y2=1023 P1=1023 P2=   0 T1=1023 T2= 928  P= 550  D=  -1 
 X= 959 X2=1023  Y= 979 Y2=1023 P1=1022 P2=   0 T1=1023 T2= 910  P= 550  D=  -1 
target state=4 point=23,249
 X= 952 X2=1020  Y= 992 Y2=1023 P1=1022 P2=   0 T1=1023 T2= 906  P= 550  D=  -1 
 X= 929 X2=1018  Y= 982 Y2=1017 P1=1022 P2=   0 T1=1023 T2= 936  P= 550  D=  -1 
 X= 987 X2=1013  Y= 984 Y2=1018 P1=1022 P2=   0 T1=1023 T2= 940  P= 550  D=  -1 
 X= 951 X2=1020  Y= 979 Y2=1023 P1=1022 P2=   0 T1=1019 T2= 934  P= 550  D=  -1 
 X=1023 X2=1017  Y= 990 Y2=1020 P1=1023 P2=   0 T1=1018 T2= 929  P= 550  D=  -1 
 X= 832 X2=1022  Y= 983 Y2=1023 P1=1023 P2=   0 T1=1023 T2= 924  P= 550  D=  -1 
 X= 876 X2=1023  Y= 981 Y2=1023 P1=1023 P2=   0 T1=1021 T2= 930  P= 550  D=  -1 
 X= 933 X2=1022  Y= 991 Y2=1023 P1=1023 P2=   0 T1=1019 T2= 924  P= 550  D=  -1 
 X= 888 X2=1017  Y= 988 Y2=1023 P1=1023 P2=   0 T1=1019 T2= 923  P= 550  D=  -1 
 X= 963 X2=1023  Y= 970 Y2=1018 P1=1022 P2=   0 T1=1019 T2= 933  P= 550  D=  -1 
 X=1021 X2=1014  Y= 986 Y2=1018 P1=1022 P2=   0 T1=1019 T2= 918  P= 550  D=  -1 
 X= 991 X2=1018  Y= 994 Y2=1023 P1=1023 P2=   0 T1=1023 T2= 929  P= 550  D=  -1 
 X= 902 X2=1022  Y= 976 Y2=1023 P1=1022 P2=   0 T1=1019 T2= 913  P= 550  D=  -1 
 X= 936 X2=1021  Y= 987 Y2=1023 P1=1022 P2=   0 T1=1018 T2= 926  P= 550  D=  -1 
 X= 968 X2=1007  Y= 974 Y2=1018 P1=1023 P2=   0 T1=1023 T2= 923  P= 550  D=  -1 
 X= 832 X2=1022  Y= 985 Y2=1023 P1=1023 P2=   0 T1=1023 T2= 931  P= 550  D=  -1 
 X= 927 X2=1023  Y= 989 Y2=1019 P1=1022 P2=   0 T1=1023 T2= 924  P= 550  D=  -1 
 X= 916 X2=1021  Y= 979 Y2=1018 P1=1023 P2=   0 T1=1018 T2= 924  P= 550  D=  -1 
 X= 813 X2=1023  Y= 984 Y2=1023 P1=1023 P2=   0 T1=1019 T2= 935  P= 550  D=  -1 
 X= 893 X2=1018  Y= 980 Y2=1023 P1=1022 P2=   0 T1=1023 T2= 941  P= 550  D=  -1 
 X= 989 X2=1021  Y= 995 Y2=1023 P1=1023 P2=   0 T1=1022 T2= 938  P= 550  D=  -1 
 X= 921 X2=1017  Y= 989 Y2=1023 P1=1023 P2=   0 T1=1022 T2= 923  P= 550  D=  -1 
 X= 956 X2=1020  Y= 982 Y2=1018 P1=1023 P2=   0 T1=1023 T2= 909  P= 550  D=  -1 
 X= 976 X2= 989  Y= 998 Y2=1023 P1=1022 P2=   0 T1=1019 T2= 930  P= 550  D=  -1 
 X= 950 X2=1023  Y= 984 Y2=1018 P1=1023 P2=   0 T1=1019 T2= 930  P= 550  D=  -1 
 X= 918 X2=1023  Y= 986 Y2=1018 P1=1023 P2=   0 T1=1022 T2= 918  P= 550  D=  -1 
 X=1013 X2=1011  Y= 978 Y2=1019 P1=1022 P2=   0 T1=1019 T2= 919  P= 550  D=  -1 
 X= 871 X2=1016  Y= 978 Y2=1019 P1=1023 P2=   0 T1=1019 T2= 916  P= 550  D=  -1 
 X= 951 X2=1002  Y= 984 Y2=1018 P1=1023 P2=   0 T1=1019 T2= 939  P= 550  D=  -1 
 X= 995 X2=1013  Y= 990 Y2=1018 P1=1022 P2=   0 T1=1018 T2= 922  P= 550  D=  -1 
 X= 985 X2=1013  Y= 986 Y2=1017 P1=1021 P2=   0 T1=1019 T2= 913  P= 550  D=  -1 
 X= 926 X2=1021  Y= 987 Y2=1022 P1=1023 P2=   0 T1=1019 T2= 931  P= 550  D=  -1 
 X= 978 X2=1007  Y= 975 Y2=1023 P1=1023 P2=   0 T1=1018 T2= 916  P= 550  D=  -1 
 X= 926 X2=1021  Y= 978 Y2=1019 P1=1023 P2=   0 T1=1019 T2= 927  P= 550  D=  -1 
 X= 826 X2=1023  Y= 990 Y2=1023 P1=1022 P2=   0 T1=1023 T2= 930  P= 550  D=  -1 
 X= 905 X2=1023  Y= 986 Y2=1020 P1=1022 P2=   0 T1=1020 T2= 931  P= 550  D=  -1 
 X=1018 X2=1002  Y= 978 Y2=1019 P1=1022 P2=   0 T1=1019 T2= 924  P= 550  D=  -1 
 X= 892 X2=1021  Y= 980 Y2=1019 P1=1023 P2=   0 T1=1018 T2= 949  P= 550  D=  -1 
 X= 949 X2=1023  Y= 981 Y2=1019 P1=1022 P2=   0 T1=1021 T2= 933  P= 550  D=  -1 
 X=1016 X2=1001  Y= 977 Y2=1017 P1=1022 P2=   0 T1=1023 T2= 922  P= 550  D=  -1 
 X= 871 X2=1023  Y= 986 Y2=1018 P1=1023 P2=   0 T1=1023 T2= 910  P= 550  D=  -1 
 X= 934 X2=1023  Y= 982 Y2=1019 P1=1023 P2=   0 T1=1018 T2= 916  P= 550  D=  -1 
 X= 944 X2=1017  Y= 974 Y2=1018 P1=1022 P2=   0 T1=1019 T2= 928  P= 550  D=  -1 
 X= 918 X2=1018  Y= 983 Y2=1019 P1=1023 P2=   0 T1=1023 T2= 923  P= 550  D=  -1 
 X= 893 X2=1023  Y= 982 Y2=1023 P1=1022 P2=   0 T1=1023 T2= 922  P= 550  D=  -1 
 X=1004 X2=1006  Y= 981 Y2=1017 P1=1022 P2=   0 T1=1023 T2= 934  P= 550  D=  -1 
 X= 925 X2=1023  Y= 975 Y2=1019 P1=1023 P2=   0 T1=1019 T2= 930  P= 550  D=  -1 
 X= 918 X2=1021  Y= 994 Y2=1023 P1=1023 P2=   0 T1=1019 T2= 922  P= 550  D=  -1 
 X= 957 X2=1023  Y= 991 Y2=1019 P1=1023 P2=   0 T1=1019 T2= 928  P= 550  D=  -1 
 X= 965 X2=1018  Y= 985 Y2=1023 P1=1021 P2=   0 T1=1018 T2= 938  P= 550  D=  -1 
 X= 917 X2=1021  Y= 986 Y2=1019 P1=1023 P2=   0 T1=1023 T2= 934  P= 550  D=  -1 
 X= 972 X2= 979  Y= 984 Y2=1023 P1=1022 P2=   0 T1=1018 T2= 922  P= 550  D=  -1 
 X= 864 X2=1018  Y= 983 Y2=1023 P1=1023 P2=   0 T1=1017 T2= 926  P= 550  D=  -1 
 X= 869 X2=1023  Y= 991 Y2=1018 P1=1023 P2=   0 T1=1019 T2= 915  P= 550  D=  -1 
 X=1023 X2=1003  Y= 989 Y2=1017 P1=1023 P2=   0 T1=1020 T2= 928  P= 550  D=  -1 
 X=1014 X2= 994  Y= 981 Y2=1023 P1=1023 P2=   0 T1=1019 T2= 901  P= 550  D=  -1 
 X= 982 X2=1013  Y= 991 Y2=1023 P1=1022 P2=   0 T1=1021 T2= 925  P= 550  D=  -1 
 X= 957 X2=1023  Y= 979 Y2=1021 P1=1022 P2=   0 T1=1017 T2= 921  P= 550  D=  -1 
 X= 233 X2= 235  Y= 711 Y2= 707 P1= 840 P2= 227 T1=  25 T2=  26  P= 631  D=  -1 * 0
 X= 235 X2= 236  Y= 713 Y2= 686 P1= 843 P2= 225 T1=  24 T2=  24  P= 645  D=  -1 * 0
 X= 237 X2= 238  Y= 713 Y2= 708 P1= 855 P2= 209 T1=  26 T2=  26  P= 732  D=  -1 * 0
 X= 231 X2= 234  Y= 713 Y2= 708 P1= 840 P2= 229 T1=  23 T2=  25  P= 618  D=  -1 * 0
 X= 231 X2= 235  Y= 712 Y2= 707 P1= 838 P2= 229 T1=  24 T2=  23  P= 619  D=  -1 * 1
 X= 232 X2= 234  Y= 712 Y2= 708 P1= 838 P2= 230 T1=  24 T2=  24  P= 615  D=  -1 * 2
 X= 231 X2= 234  Y= 712 Y2= 707 P1= 840 P2= 226 T1=  24 T2=  24  P= 630  D=  -1 * 3
 X= 231 X2= 233  Y= 712 Y2= 707 P1= 838 P2= 228 T1=  24 T2=  24  P= 620  D=  -1 * 4
 X= 232 X2= 233  Y= 711 Y2= 707 P1= 837 P2= 229 T1=  22 T2=  23  P= 615  D=  -1 * 5
 X= 229 X2= 233  Y= 711 Y2= 707 P1= 836 P2= 230 T1=  23 T2=  23  P= 608  D=  -1 * 6
 X= 230 X2= 233  Y= 711 Y2= 707 P1= 836 P2= 231 T1=  25 T2=  25  P= 604  D=  -1 * 7
 X= 230 X2= 233  Y= 711 Y2= 707 P1= 836 P2= 230 T1=  23 T2=  23  P= 608  D=  -1 * 8
 X= 230 X2= 233  Y= 711 Y2= 707 P1= 836 P2= 231 T1=  23 T2=  23  P= 604  D=  -1 * 9
 X= 230 X2= 233  Y= 712 Y2= 707 P1= 837 P2= 231 T1=  22 T2=  24  P= 605  D=  -1 * 10
 X= 229 X2= 233  Y= 711 Y2= 707 P1= 836 P2= 231 T1=  24 T2=  23  P= 604  D=  -1 * 11
 X= 231 X2= 232  Y= 711 Y2= 707 P1= 836 P2= 231 T1=  23 T2=  23  P= 604  D=  -1 * 12
 X= 231 X2= 233  Y= 711 Y2= 707 P1= 837 P2= 231 T1=  24 T2=  24  P= 608  D=  -1 * 13
 X= 230 X2= 233  Y= 711 Y2= 707 P1= 836 P2= 230 T1=  23 T2=  24  P= 608  D=  -1 * 14
 X= 230 X2= 233  Y= 711 Y2= 706 P1= 835 P2= 231 T1=  23 T2=  24  P= 603  D=  -1 * 15
 X= 233 X2= 232  Y= 711 Y2= 707 P1= 836 P2= 231 T1=  24 T2=  24  P= 607  D=  -1 * 16
 X= 230 X2= 232  Y= 712 Y2= 707 P1= 836 P2= 231 T1=  24 T2=  24  P= 604  D=  -1 * 17
 X= 230 X2= 234  Y= 711 Y2= 707 P1= 836 P2= 230 T1=  24 T2=  23  P= 611  D=  -1 * 18
 X= 231 X2= 233  Y= 711 Y2= 707 P1= 836 P2= 231 T1=  23 T2=  24  P= 607  D=  -1 * 19
 X= 230 X2= 233  Y= 711 Y2= 707 P1= 837 P2= 231 T1=  22 T2=  23  P= 605  D=  -1 * 20
 X= 231 X2= 232  Y= 711 Y2= 707 P1= 836 P2= 230 T1=  24 T2=  23  P= 608  D=  -1 * 21
 X= 232 X2= 234  Y= 712 Y2= 707 P1= 836 P2= 231 T1=  23 T2=  23  P= 610  D=  -1 * 22
 X= 230 X2= 233  Y= 711 Y2= 707 P1= 836 P2= 231 T1=  23 T2=  23  P= 604  D=  -1 * 23
 X= 230 X2= 232  Y= 711 Y2= 707 P1= 837 P2= 229 T1=  23 T2=  23  P= 613  D=  -1 * 24
Remove Pin
 X= 230 X2= 232  Y= 711 Y2= 707 P1= 836 P2= 231 T1=  24 T2=  23  P= 604  D=  -1 * 24
 X= 230 X2= 233  Y= 711 Y2= 707 P1= 836 P2= 231 T1=  23 T2=  23  P= 604  D=  -1 * 24
 X= 231 X2= 233  Y= 711 Y2= 707 P1= 835 P2= 231 T1=  23 T2=  23  P= 606  D=  -1 * 24
 X= 230 X2= 232  Y= 712 Y2= 709 P1= 837 P2= 231 T1=  24 T2=  23  P= 605  D=  -1 * 24
 X= 230 X2= 233  Y= 711 Y2= 706 P1= 836 P2= 231 T1=  23 T2=  23  P= 604  D=  -1 * 24
 X= 230 X2= 232  Y= 711 Y2= 707 P1= 836 P2= 231 T1=  25 T2=  23  P= 604  D=  -1 * 24
 X= 230 X2= 233  Y= 711 Y2= 707 P1= 835 P2= 231 T1=  23 T2=  23  P= 603  D=  -1 * 24
 X= 232 X2= 233  Y= 711 Y2= 709 P1= 836 P2= 230 T1=  23 T2=  24  P= 611  D=  -1 * 24
 X= 229 X2= 232  Y= 712 Y2= 707 P1= 836 P2= 231 T1=  24 T2=  23  P= 602  D=  -1 * 24
 X= 231 X2= 232  Y= 711 Y2= 707 P1= 836 P2= 231 T1=  24 T2=  23  P= 604  D=  -1 * 24
 X= 231 X2= 232  Y= 712 Y2= 707 P1= 836 P2= 231 T1=  23 T2=  23  P= 604  D=  -1 * 24
 X= 230 X2= 233  Y= 712 Y2= 707 P1= 837 P2= 231 T1=  23 T2=  23  P= 605  D=  -1 * 24
 X= 230 X2= 233  Y= 711 Y2= 707 P1= 836 P2= 230 T1=  24 T2=  23  P= 608  D=  -1 * 24
 X= 231 X2= 233  Y= 711 Y2= 706 P1= 837 P2= 231 T1=  24 T2=  23  P= 608  D=  -1 * 24
 X= 230 X2= 231  Y= 711 Y2= 709 P1= 836 P2= 230 T1=  24 T2=  23  P= 605  D=  -1 * 24
 X= 231 X2= 233  Y= 711 Y2= 707 P1= 836 P2= 230 T1=  23 T2=  24  P= 611  D=  -1 * 24
 X= 230 X2= 233  Y= 711 Y2= 707 P1= 836 P2= 231 T1=  23 T2=  23  P= 604  D=  -1 * 24
 X= 230 X2= 233  Y= 709 Y2= 705 P1= 835 P2= 231 T1=  23 T2=  23  P= 603  D=  -1 * 24
 X= 231 X2= 231  Y= 712 Y2= 707 P1= 836 P2= 230 T1=  23 T2=  24  P= 608  D=  -1 * 24
 X= 230 X2= 233  Y= 711 Y2= 708 P1= 836 P2= 231 T1=  23 T2=  23  P= 604  D=  -1 * 24
 X= 230 X2= 232  Y= 711 Y2= 708 P1= 835 P2= 232 T1=  22 T2=  23  P= 600  D=  -1 * 24
 X= 813 X2=1023  Y= 980 Y2=1019 P1=1023 P2=   0 T1=1020 T2= 919  P= 600  D=  -1 
 X=1022 X2=1017  Y= 983 Y2=1023 P1=1022 P2=   0 T1=1022 T2= 905  P= 600  D=  -1 
 X= 872 X2=1015  Y= 989 Y2=1023 P1=1022 P2=   0 T1=1023 T2= 940  P= 600  D=  -1 
Target Noise  x= 2.50 y= 2.50
X[0]: Target=240   523/ 525/ 526 Stdev= 0.66 N= 24  Y[0]: Target=136   518/ 521/ 524 Stdev= 0.96 N= 24
X[1]: Target= 23   231/ 232/ 233 Stdev= 0.61 N= 24  Y[1]: Target= 22   325/ 327/ 327 Stdev= 0.56 N= 24
X[2]: Target=456   807/ 808/ 810 Stdev= 0.66 N= 24  Y[2]: Target= 22   326/ 327/ 328 Stdev= 0.51 N= 24
X[3]: Target=456   808/ 809/ 811 Stdev= 0.65 N= 24  Y[3]: Target=249   712/ 714/ 715 Stdev= 0.66 N= 24
X[4]: Target= 23   231/ 232/ 233 Stdev= 0.69 N= 24  Y[4]: Target=249   708/ 709/ 710 Stdev= 0.34 N= 24
N=24 Avg=19
min: 18 18 18 19 19 19 
max: 20 20 20 19 19 19 
N=24 Avg=22
min: 22 22 22 22 22 22 
max: 24 23 23 23 23 23 
N=24 Avg=15
min: 14 15 15 15 15 15 
max: 16 16 16 16 16 16 
N=24 Avg=15
min: 15 15 15 15 15 15 
max: 17 16 16 16 16 16 
N=24 Avg=23
min: 22 22 23 23 23 23 
max: 25 24 24 24 24 24 
Using TNT center offset = 20
TNT Plane Coef: a= -851 b=   85 c= 373199
At  524, 521: Real=  19 Fit=  20 Offset=   0
At  231, 326: Real=  23 Fit=  23 Offset=   3
At  808, 326: Real=  16 Fit=  17 Offset=  -3
At  809, 714: Real=  16 Fit=  17 Offset=  -3
At  231, 709: Real=  24 Fit=  24 Offset=   4
Fit Points: 20, 26, 14, 14, 27,  center: 20
Setting for min_tnt_up:   522
Setting for max_tnt_down: 25 (V2:37)
Entering calib_pressure_mfg
Using default pressure curve
468 471 487 495 509 524 553 575 612 
Summary:
Setting for max_tnt_down:      25
3.7 setting for max_tnt_down:     -1
Setting for min_tnt_up:       522
Setting for max_delta_tnt:      5
3.8 setting for max_delta_tnt:     -1
Setting for delay_in_us:        1
Setting for y_delay_in_us:      1
Setting for tnt_delay_in_us:    1
Setting for pressure_curve:  468 471 487 495 509 524 553 575 612
Setting for tnt_mode:           1
Setting for averaging:         -1
Setting for pointercal:      49180 0 -9853343 0 38842 -11220858 65536
Setting for tnt_plane:       -851 85 373199
