new-calib: New touch screen calibration program v3.12
Serial Number='150A1E00010B06020303'
Using tnt_mode=1
Setting for delay_in_us:        1
Setting for y_delay_in_us:      1
Setting for tnt_delay_in_us:    1
Setting for max_delta_tnt:      5
Setting for tnt_mode:           1
Setting for averaging:         -1
Entering get_four_points
target_noise  x= 2.50 y= 2.50 t= 2.50
target state=0 point=23,22
 X= 915 X2=1023  Y= 948 Y2=1021 P1=  -1 P2=  -1 T1=  -1 T2= 864  P= 747  D=  -1 * 0
 X= 933 X2=1023  Y= 909 Y2=1021 P1=  -1 P2=  -1 T1=  -1 T2= 837  P= 747  D=  -1 * 0
 X= 974 X2= 993  Y= 952 Y2=1022 P1=  -1 P2=  -1 T1=  -1 T2= 831  P= 747  D=  -1 * 0
 X= 938 X2=1023  Y= 957 Y2=1021 P1=  -1 P2=  -1 T1=1022 T2= 862  P= 747  D=  -1 
 X= 975 X2= 992  Y= 974 Y2=1022 P1=  -1 P2=  -1 T1=1022 T2= 845  P= 747  D=  -1 
 X= 804 X2=1023  Y= 969 Y2=1021 P1=  -1 P2=  -1 T1=1022 T2= 880  P= 747  D=  -1 
 X=1021 X2=1023  Y= 964 Y2=1022 P1=  -1 P2=  -1 T1=1023 T2= 970  P= 747  D=  -1 
 X= 948 X2= 991  Y= 955 Y2=1022 P1=  -1 P2=  -1 T1=1023 T2= 816  P= 747  D=  -1 
 X= 929 X2=1023  Y= 971 Y2=1022 P1=  -1 P2=  -1 T1=1023 T2= 863  P= 747  D=  -1 
 X= 997 X2=1007  Y= 956 Y2=1022 P1=  -1 P2=  -1 T1=1022 T2= 856  P= 747  D=  -1 
 X=1006 X2=1023  Y= 983 Y2=1021 P1=  -1 P2=  -1 T1=1022 T2= 863  P= 747  D=  -1 
 X= 786 X2=1023  Y= 945 Y2=1020 P1=  -1 P2=  -1 T1=1023 T2= 854  P= 747  D=  -1 
 X=1023 X2=1014  Y= 943 Y2=1021 P1=  -1 P2=  -1 T1=1021 T2= 894  P= 747  D=  -1 
 X= 785 X2=1023  Y= 948 Y2=1021 P1=  -1 P2=  -1 T1=1022 T2= 835  P= 747  D=  -1 
 X= 842 X2=1023  Y= 953 Y2=1020 P1=  -1 P2=  -1 T1=1022 T2= 860  P= 747  D=  -1 
 X= 896 X2=1017  Y= 938 Y2=1022 P1=  -1 P2=  -1 T1=1023 T2= 851  P= 747  D=  -1 
 X= 931 X2=1023  Y= 951 Y2=1021 P1=  -1 P2=  -1 T1=1022 T2= 854  P= 747  D=  -1 
 X= 911 X2=1007  Y= 960 Y2=1022 P1=  -1 P2=  -1 T1=1022 T2= 874  P= 747  D=  -1 
 X=1023 X2=1017  Y= 973 Y2=1022 P1=  -1 P2=  -1 T1=1022 T2= 855  P= 747  D=  -1 
 X=1021 X2=1015  Y= 958 Y2=1022 P1=  -1 P2=  -1 T1=1022 T2= 855  P= 747  D=  -1 
 X= 914 X2=1023  Y= 968 Y2=1021 P1=  -1 P2=  -1 T1=1023 T2= 842  P= 747  D=  -1 
 X= 881 X2= 998  Y= 935 Y2=1022 P1=  -1 P2=  -1 T1=1023 T2= 857  P= 747  D=  -1 
 X= 987 X2=1003  Y= 950 Y2=1020 P1=  -1 P2=  -1 T1=1022 T2= 844  P= 747  D=  -1 
 X= 973 X2=1009  Y= 948 Y2=1021 P1=  -1 P2=  -1 T1=1023 T2= 857  P= 747  D=  -1 
 X= 984 X2=1003  Y=1007 Y2=1022 P1=  -1 P2=  -1 T1=1021 T2= 870  P= 747  D=  -1 
 X= 925 X2=1016  Y= 952 Y2=1022 P1=  -1 P2=  -1 T1=1021 T2= 856  P= 747  D=  -1 
 X= 994 X2=1010  Y= 959 Y2=1023 P1=  -1 P2=  -1 T1=1022 T2= 841  P= 747  D=  -1 
 X= 971 X2= 976  Y= 939 Y2=1022 P1=  -1 P2=  -1 T1=1022 T2= 860  P= 747  D=  -1 
 X=1023 X2=1018  Y= 957 Y2=1022 P1=  -1 P2=  -1 T1=1021 T2= 864  P= 747  D=  -1 
 X= 908 X2=1022  Y= 949 Y2=1021 P1=  -1 P2=  -1 T1=1023 T2= 813  P= 747  D=  -1 
 X= 799 X2=1023  Y= 966 Y2=1020 P1=  -1 P2=  -1 T1=1023 T2= 865  P= 747  D=  -1 
 X= 874 X2=1015  Y= 963 Y2=1022 P1=  -1 P2=  -1 T1=1022 T2= 839  P= 747  D=  -1 
 X= 983 X2=1006  Y= 958 Y2=1022 P1=  -1 P2=  -1 T1=1020 T2= 840  P= 747  D=  -1 
 X= 859 X2= 998  Y= 949 Y2=1020 P1=  -1 P2=  -1 T1=1023 T2= 880  P= 747  D=  -1 
 X= 963 X2=1022  Y= 949 Y2=1021 P1=  -1 P2=  -1 T1=1021 T2= 847  P= 747  D=  -1 
 X=1006 X2=1023  Y= 973 Y2=1021 P1=  -1 P2=  -1 T1=1023 T2= 888  P= 747  D=  -1 
 X= 933 X2=1023  Y= 946 Y2=1022 P1=  -1 P2=  -1 T1=1023 T2= 865  P= 747  D=  -1 
 X= 926 X2=1008  Y= 952 Y2=1022 P1=  -1 P2=  -1 T1=1023 T2= 839  P= 747  D=  -1 
 X= 940 X2=1023  Y= 947 Y2=1022 P1=  -1 P2=  -1 T1=1022 T2= 850  P= 747  D=  -1 
 X= 762 X2=1023  Y= 956 Y2=1021 P1=  -1 P2=  -1 T1=1021 T2= 855  P= 747  D=  -1 
 X=1022 X2=1001  Y=1022 Y2=1022 P1=  -1 P2=  -1 T1=1022 T2=1021  P= 747  D=  -1 
 X= 900 X2=1023  Y= 944 Y2=1022 P1=  -1 P2=  -1 T1=1022 T2= 880  P= 747  D=  -1 
 X= 990 X2=1005  Y= 948 Y2=1022 P1=  -1 P2=  -1 T1=1023 T2= 836  P= 747  D=  -1 
 X= 948 X2=1001  Y= 953 Y2=1023 P1=  -1 P2=  -1 T1=1023 T2= 853  P= 747  D=  -1 
 X=1021 X2=1023  Y= 961 Y2=1021 P1=  -1 P2=  -1 T1=1022 T2= 844  P= 747  D=  -1 
 X= 896 X2= 992  Y= 944 Y2=1020 P1=  -1 P2=  -1 T1=1023 T2= 855  P= 747  D=  -1 
 X=1013 X2=1023  Y= 983 Y2=1022 P1=  -1 P2=  -1 T1=1021 T2= 874  P= 747  D=  -1 
 X= 803 X2=1023  Y= 949 Y2=1021 P1=  -1 P2=  -1 T1=1022 T2= 853  P= 747  D=  -1 
 X= 841 X2=1021  Y= 948 Y2=1021 P1=  -1 P2=  -1 T1=1022 T2= 842  P= 747  D=  -1 
 X=1021 X2=1015  Y= 950 Y2=1022 P1=  -1 P2=  -1 T1=1023 T2= 869  P= 747  D=  -1 
 X= 938 X2=1012  Y= 959 Y2=1023 P1=  -1 P2=  -1 T1=1022 T2= 857  P= 747  D=  -1 
 X= 929 X2=1023  Y= 955 Y2=1021 P1=  -1 P2=  -1 T1=1022 T2= 826  P= 747  D=  -1 
 X= 917 X2=1023  Y= 953 Y2=1021 P1=  -1 P2=  -1 T1=1022 T2= 860  P= 747  D=  -1 
 X=1023 X2=1016  Y= 957 Y2=1022 P1=  -1 P2=  -1 T1=1022 T2= 853  P= 747  D=  -1 
 X= 931 X2=1023  Y= 967 Y2=1021 P1=  -1 P2=  -1 T1=1023 T2= 860  P= 747  D=  -1 
 X= 858 X2=1013  Y= 941 Y2=1022 P1=  -1 P2=  -1 T1=1023 T2= 849  P= 747  D=  -1 
 X= 854 X2= 986  Y= 962 Y2=1021 P1=  -1 P2=  -1 T1=1023 T2= 845  P= 747  D=  -1 
 X=1023 X2=1002  Y= 953 Y2=1021 P1=  -1 P2=  -1 T1=1023 T2= 840  P= 747  D=  -1 
 X= 967 X2=1023  Y= 957 Y2=1021 P1=  -1 P2=  -1 T1=1022 T2= 842  P= 747  D=  -1 
 X= 847 X2=1012  Y= 949 Y2=1021 P1=  -1 P2=  -1 T1=1023 T2= 808  P= 747  D=  -1 
 X=1004 X2=1023  Y= 968 Y2=1021 P1=  -1 P2=  -1 T1=1023 T2= 851  P= 747  D=  -1 
 X= 988 X2=1002  Y= 940 Y2=1021 P1=  -1 P2=  -1 T1=1022 T2= 874  P= 747  D=  -1 
 X= 916 X2=1002  Y= 960 Y2=1021 P1=  -1 P2=  -1 T1=1023 T2= 848  P= 747  D=  -1 
 X= 893 X2=1023  Y= 960 Y2=1021 P1=  -1 P2=  -1 T1=1023 T2= 853  P= 747  D=  -1 
 X= 871 X2=1023  Y= 953 Y2=1022 P1=  -1 P2=  -1 T1=1023 T2= 842  P= 747  D=  -1 
 X= 936 X2= 989  Y= 952 Y2=1021 P1=  -1 P2=  -1 T1=1023 T2= 860  P= 747  D=  -1 
 X=1023 X2=1009  Y= 948 Y2=1022 P1=  -1 P2=  -1 T1=1023 T2= 845  P= 747  D=  -1 
 X= 971 X2= 984  Y= 963 Y2=1021 P1=  -1 P2=  -1 T1=1022 T2= 874  P= 747  D=  -1 
 X= 835 X2=1023  Y= 962 Y2=1021 P1=  -1 P2=  -1 T1=1023 T2= 845  P= 747  D=  -1 
 X=1023 X2=1016  Y= 970 Y2=1022 P1=  -1 P2=  -1 T1=1023 T2= 848  P= 747  D=  -1 
 X=1023 X2=1016  Y= 962 Y2=1022 P1=  -1 P2=  -1 T1=1023 T2= 841  P= 747  D=  -1 
 X= 978 X2= 965  Y= 950 Y2=1021 P1=  -1 P2=  -1 T1=1023 T2= 838  P= 747  D=  -1 
 X=1023 X2=1007  Y= 950 Y2=1022 P1=  -1 P2=  -1 T1=1023 T2= 851  P= 747  D=  -1 
 X= 978 X2= 987  Y= 940 Y2=1022 P1=  -1 P2=  -1 T1=1022 T2= 853  P= 747  D=  -1 
 X= 975 X2=1023  Y= 970 Y2=1023 P1=  -1 P2=  -1 T1=1022 T2= 898  P= 747  D=  -1 
 X= 749 X2=1023  Y= 955 Y2=1022 P1=  -1 P2=  -1 T1=1023 T2= 866  P= 747  D=  -1 
 X= 889 X2=1023  Y= 961 Y2=1020 P1=  -1 P2=  -1 T1=1022 T2= 850  P= 747  D=  -1 
 X= 950 X2=1000  Y= 956 Y2=1021 P1=  -1 P2=  -1 T1=1023 T2= 862  P= 747  D=  -1 
 X= 763 X2=1023  Y= 952 Y2=1022 P1=  -1 P2=  -1 T1=1022 T2= 860  P= 747  D=  -1 
 X= 899 X2=1023  Y= 950 Y2=1021 P1=  -1 P2=  -1 T1=1023 T2= 840  P= 747  D=  -1 
 X= 865 X2=1023  Y= 969 Y2=1021 P1=  -1 P2=  -1 T1=1022 T2= 833  P= 747  D=  -1 
 X= 925 X2=1023  Y= 964 Y2=1022 P1=  -1 P2=  -1 T1=1022 T2= 844  P= 747  D=  -1 
 X= 974 X2= 990  Y= 960 Y2=1021 P1=  -1 P2=  -1 T1=1022 T2= 846  P= 747  D=  -1 
 X= 779 X2=1023  Y= 962 Y2=1021 P1=  -1 P2=  -1 T1=1023 T2= 860  P= 747  D=  -1 
 X= 909 X2= 992  Y= 966 Y2=1021 P1=  -1 P2=  -1 T1=1023 T2= 846  P= 747  D=  -1 
 X= 843 X2=1023  Y= 963 Y2=1021 P1=1022 P2=  -1 T1=1023 T2= 857  P= 747  D=  -1 
 X= 876 X2=1023  Y= 961 Y2=1022 P1=1023 P2=  -1 T1=1023 T2= 846  P= 747  D=  -1 
 X= 900 X2=1008  Y= 932 Y2=1021 P1=1023 P2=  -1 T1=1023 T2= 870  P= 747  D=  -1 
 X=1023 X2=1023  Y= 959 Y2=1022 P1=1023 P2=  -1 T1=1023 T2= 860  P= 747  D=  -1 
 X= 948 X2=1004  Y= 934 Y2=1022 P1=1023 P2=  -1 T1=1021 T2= 836  P= 747  D=  -1 
 X=1023 X2=1017  Y= 949 Y2=1023 P1=1023 P2=  -1 T1=1022 T2= 825  P= 747  D=  -1 
 X= 834 X2=1023  Y= 943 Y2=1021 P1=1023 P2=  -1 T1=1022 T2= 834  P= 747  D=  -1 
 X=1021 X2=1023  Y= 969 Y2=1022 P1=1023 P2=  -1 T1=1022 T2= 822  P= 747  D=  -1 
 X= 906 X2=1016  Y= 960 Y2=1023 P1=1023 P2=  -1 T1=1022 T2= 839  P= 747  D=  -1 
 X= 864 X2=1023  Y= 960 Y2=1021 P1=1023 P2=  -1 T1=1023 T2= 850  P= 747  D=  -1 
 X= 957 X2= 994  Y= 946 Y2=1022 P1=1023 P2=  -1 T1=1022 T2= 850  P= 747  D=  -1 
 X= 866 X2=1023  Y= 966 Y2=1021 P1=1023 P2=  -1 T1=1022 T2= 821  P= 747  D=  -1 
 X= 888 X2=1023  Y= 952 Y2=1022 P1=1023 P2=  -1 T1=1023 T2= 835  P= 747  D=  -1 
 X= 955 X2=1023  Y= 935 Y2=1021 P1=1023 P2=  -1 T1=1022 T2= 845  P= 747  D=  -1 
 X= 968 X2=1023  Y= 966 Y2=1022 P1=1023 P2=  -1 T1=1022 T2= 819  P= 747  D=  -1 
 X=1023 X2=1001  Y= 951 Y2=1021 P1=1023 P2=  -1 T1=1023 T2= 856  P= 747  D=  -1 
 X= 924 X2=1012  Y= 958 Y2=1021 P1=1023 P2=  -1 T1=1023 T2= 855  P= 747  D=  -1 
 X=1023 X2=1019  Y= 966 Y2=1022 P1=1023 P2=  -1 T1=1022 T2= 887  P= 747  D=  -1 
 X= 860 X2=1016  Y= 954 Y2=1022 P1=1023 P2=  -1 T1=1023 T2= 848  P= 747  D=  -1 
 X= 983 X2=1015  Y= 957 Y2=1022 P1=1023 P2=  -1 T1=1021 T2= 859  P= 747  D=  -1 
 X= 848 X2=1013  Y= 948 Y2=1021 P1=1023 P2=  -1 T1=1023 T2= 849  P= 747  D=  -1 
 X=1000 X2=1022  Y= 959 Y2=1020 P1=1023 P2=  -1 T1=1023 T2= 862  P= 747  D=  -1 
 X= 811 X2=1023  Y= 946 Y2=1021 P1=1023 P2=  -1 T1=1023 T2= 861  P= 747  D=  -1 
 X= 914 X2=1023  Y= 966 Y2=1022 P1=1023 P2=  -1 T1=1022 T2= 877  P= 747  D=  -1 
 X= 842 X2=1023  Y= 952 Y2=1021 P1=1023 P2=  -1 T1=1023 T2= 862  P= 747  D=  -1 
 X= 885 X2=1001  Y= 962 Y2=1020 P1=1023 P2=  -1 T1=1022 T2= 857  P= 747  D=  -1 
 X= 918 X2=1015  Y= 957 Y2=1022 P1=1023 P2=  -1 T1=1023 T2= 848  P= 747  D=  -1 
 X= 909 X2=1002  Y= 968 Y2=1022 P1=1023 P2=  -1 T1=1023 T2= 843  P= 747  D=  -1 
 X= 914 X2=1022  Y= 960 Y2=1020 P1=1023 P2=  -1 T1=1023 T2= 875  P= 747  D=  -1 
 X= 913 X2=1023  Y= 956 Y2=1021 P1=1023 P2=  -1 T1=1021 T2= 849  P= 747  D=  -1 
 X= 754 X2=1023  Y= 942 Y2=1021 P1=1023 P2=  -1 T1=1022 T2= 824  P= 747  D=  -1 
 X= 340 X2= 241  Y= 344 Y2= 338 P1= 708 P2= 214 T1=1022 T2=  20  P= 747  D=  -1 
 X= 994 X2=1014  Y= 950 Y2=1021 P1=1023 P2=   0 T1=1021 T2= 862  P= 747  D=  -1 
 X= 990 X2=1023  Y= 961 Y2=1021 P1=1023 P2=   0 T1=1022 T2= 825  P= 747  D=  -1 
 X= 253 X2= 252  Y= 357 Y2= 350 P1= 788 P2= 161 T1=  33 T2=  29  P= 747  D=  -1 
 X= 260 X2= 258  Y= 364 Y2= 359 P1= 817 P2= 149 T1=  37 T2=  31  P= 747  D=  -1 
 X= 249 X2= 246  Y= 353 Y2= 346 P1= 778 P2= 166 T1=  27 T2=  27  P= 910  D=  -1 * 0
 X= 245 X2= 243  Y= 350 Y2= 343 P1= 763 P2= 177 T1=  26 T2=  26  P= 807  D=  -1 * 1
 X= 244 X2= 242  Y= 349 Y2= 343 P1= 755 P2= 182 T1=  24 T2=  25  P= 764  D=  -1 * 2
 X= 246 X2= 242  Y= 349 Y2= 342 P1= 748 P2= 186 T1=  24 T2=  23  P= 737  D=  -1 * 3
 X= 242 X2= 241  Y= 349 Y2= 342 P1= 747 P2= 187 T1=  23 T2=  24  P= 721  D=  -1 * 4
 X= 242 X2= 241  Y= 348 Y2= 341 P1= 741 P2= 190 T1=  22 T2=  23  P= 698  D=  -1 * 5
 X= 241 X2= 239  Y= 348 Y2= 341 P1= 737 P2= 196 T1=  22 T2=  23  P= 662  D=  -1 * 6
 X= 243 X2= 240  Y= 348 Y2= 341 P1= 740 P2= 192 T1=  22 T2=  22  P= 687  D=  -1 * 7
 X= 242 X2= 240  Y= 348 Y2= 341 P1= 737 P2= 195 T1=  22 T2=  22  P= 669  D=  -1 * 8
 X= 242 X2= 241  Y= 348 Y2= 341 P1= 735 P2= 195 T1=  23 T2=  22  P= 667  D=  -1 * 9
 X= 242 X2= 240  Y= 347 Y2= 341 P1= 734 P2= 195 T1=  22 T2=  22  P= 666  D=  -1 * 10
 X= 241 X2= 239  Y= 346 Y2= 340 P1= 731 P2= 199 T1=  22 T2=  22  P= 641  D=  -1 * 11
 X= 241 X2= 240  Y= 347 Y2= 340 P1= 728 P2= 200 T1=  22 T2=  21  P= 633  D=  -1 * 12
 X= 241 X2= 239  Y= 346 Y2= 339 P1= 726 P2= 201 T1=  21 T2=  21  P= 626  D=  -1 * 13
 X= 240 X2= 239  Y= 346 Y2= 339 P1= 727 P2= 201 T1=  22 T2=  21  P= 625  D=  -1 * 14
 X= 241 X2= 239  Y= 347 Y2= 340 P1= 727 P2= 201 T1=  22 T2=  21  P= 627  D=  -1 * 15
 X= 240 X2= 239  Y= 346 Y2= 339 P1= 727 P2= 201 T1=  21 T2=  22  P= 625  D=  -1 * 16
 X= 241 X2= 239  Y= 347 Y2= 340 P1= 728 P2= 201 T1=  21 T2=  22  P= 629  D=  -1 * 17
 X= 241 X2= 238  Y= 347 Y2= 340 P1= 727 P2= 201 T1=  21 T2=  21  P= 625  D=  -1 * 18
 X= 241 X2= 239  Y= 347 Y2= 339 P1= 727 P2= 201 T1=  21 T2=  22  P= 627  D=  -1 * 19
 X= 241 X2= 238  Y= 346 Y2= 339 P1= 727 P2= 200 T1=  22 T2=  22  P= 629  D=  -1 * 20
 X= 240 X2= 238  Y= 347 Y2= 340 P1= 727 P2= 201 T1=  21 T2=  22  P= 625  D=  -1 * 21
 X= 241 X2= 239  Y= 346 Y2= 340 P1= 727 P2= 201 T1=  19 T2=  21  P= 627  D=  -1 * 22
 X= 241 X2= 238  Y= 346 Y2= 340 P1= 728 P2= 201 T1=  21 T2=  22  P= 626  D=  -1 * 23
 X= 241 X2= 239  Y= 346 Y2= 340 P1= 726 P2= 202 T1=  21 T2=  21  P= 622  D=  -1 * 24
Remove Pin
 X= 241 X2= 238  Y= 347 Y2= 340 P1= 726 P2= 202 T1=  21 T2=  21  P= 619  D=  -1 * 24
 X= 241 X2= 239  Y= 347 Y2= 340 P1= 727 P2= 201 T1=  22 T2=  21  P= 627  D=  -1 * 24
 X= 241 X2= 238  Y= 347 Y2= 340 P1= 727 P2= 201 T1=  22 T2=  22  P= 625  D=  -1 * 24
 X= 241 X2= 238  Y= 346 Y2= 339 P1= 727 P2= 201 T1=  22 T2=  21  P= 625  D=  -1 * 24
 X= 240 X2= 239  Y= 346 Y2= 340 P1= 727 P2= 202 T1=  21 T2=  22  P= 621  D=  -1 * 24
 X= 241 X2= 238  Y= 346 Y2= 340 P1= 727 P2= 201 T1=  22 T2=  21  P= 625  D=  -1 * 24
 X= 240 X2= 239  Y= 347 Y2= 340 P1= 726 P2= 201 T1=  21 T2=  22  P= 624  D=  -1 * 24
 X= 241 X2= 238  Y= 347 Y2= 340 P1= 726 P2= 201 T1=  21 T2=  21  P= 624  D=  -1 * 24
 X= 241 X2= 239  Y= 347 Y2= 340 P1= 727 P2= 201 T1=  21 T2=  21  P= 627  D=  -1 * 24
 X= 242 X2= 239  Y= 346 Y2= 339 P1= 726 P2= 201 T1=  22 T2=  21  P= 626  D=  -1 * 24
 X= 241 X2= 238  Y= 346 Y2= 340 P1= 726 P2= 202 T1=  22 T2=  22  P= 619  D=  -1 * 24
 X= 240 X2= 239  Y= 347 Y2= 340 P1= 727 P2= 201 T1=  22 T2=  21  P= 625  D=  -1 * 24
 X= 241 X2= 238  Y= 347 Y2= 340 P1= 727 P2= 201 T1=  21 T2=  22  P= 625  D=  -1 * 24
 X= 240 X2= 239  Y= 347 Y2= 340 P1= 727 P2= 201 T1=  21 T2=  21  P= 625  D=  -1 * 24
 X= 240 X2= 239  Y= 347 Y2= 340 P1= 726 P2= 201 T1=  22 T2=  21  P= 624  D=  -1 * 24
 X= 240 X2= 239  Y= 346 Y2= 340 P1= 727 P2= 201 T1=  22 T2=  22  P= 625  D=  -1 * 24
 X= 240 X2= 237  Y= 346 Y2= 340 P1= 726 P2= 201 T1=  21 T2=  22  P= 621  D=  -1 * 24
 X= 241 X2= 239  Y= 347 Y2= 340 P1= 726 P2= 201 T1=  21 T2=  21  P= 626  D=  -1 * 24
 X= 240 X2= 238  Y= 347 Y2= 339 P1= 727 P2= 201 T1=  22 T2=  22  P= 625  D=  -1 * 24
 X= 241 X2= 239  Y= 346 Y2= 340 P1= 727 P2= 202 T1=  21 T2=  21  P= 623  D=  -1 * 24
 X= 241 X2= 239  Y= 347 Y2= 340 P1= 727 P2= 201 T1=  21 T2=  21  P= 627  D=  -1 * 24
 X= 241 X2= 238  Y= 346 Y2= 340 P1= 726 P2= 202 T1=  21 T2=  21  P= 619  D=  -1 * 24
 X= 240 X2= 239  Y= 345 Y2= 340 P1= 726 P2= 202 T1=  22 T2=  22  P= 619  D=  -1 * 24
 X= 241 X2= 238  Y= 346 Y2= 340 P1= 726 P2= 201 T1=  22 T2=  21  P= 624  D=  -1 * 24
 X= 241 X2= 238  Y= 346 Y2= 339 P1= 726 P2= 202 T1=  21 T2=  22  P= 619  D=  -1 * 24
 X= 241 X2= 238  Y= 347 Y2= 339 P1= 726 P2= 202 T1=  21 T2=  21  P= 619  D=  -1 * 24
 X= 241 X2= 238  Y= 346 Y2= 340 P1= 726 P2= 201 T1=  21 T2=  22  P= 624  D=  -1 * 24
 X= 241 X2= 238  Y= 346 Y2= 339 P1= 726 P2= 202 T1=  22 T2=  21  P= 619  D=  -1 * 24
 X= 241 X2= 239  Y= 347 Y2= 340 P1= 726 P2= 202 T1=  21 T2=  22  P= 622  D=  -1 * 24
 X= 240 X2= 238  Y= 346 Y2= 340 P1= 726 P2= 202 T1=  20 T2=  22  P= 619  D=  -1 * 24
 X= 241 X2= 239  Y= 347 Y2= 340 P1= 726 P2= 202 T1=  21 T2=  21  P= 622  D=  -1 * 24
 X= 240 X2= 239  Y= 347 Y2= 339 P1= 726 P2= 202 T1=  21 T2=  21  P= 619  D=  -1 * 24
 X= 240 X2= 238  Y= 347 Y2= 340 P1= 726 P2= 202 T1=  21 T2=  22  P= 619  D=  -1 * 24
 X= 240 X2= 239  Y= 346 Y2= 340 P1= 725 P2= 202 T1=  22 T2=  21  P= 618  D=  -1 * 24
 X= 240 X2= 238  Y= 347 Y2= 340 P1= 726 P2= 203 T1=  21 T2=  22  P= 615  D=  -1 * 24
 X= 241 X2= 239  Y= 346 Y2= 340 P1= 725 P2= 201 T1=  21 T2=  21  P= 625  D=  -1 * 24
 X= 241 X2= 238  Y= 347 Y2= 340 P1= 726 P2= 202 T1=  21 T2=  21  P= 619  D=  -1 * 24
 X= 240 X2= 238  Y= 346 Y2= 340 P1= 725 P2= 202 T1=  21 T2=  22  P= 618  D=  -1 * 24
 X= 241 X2= 238  Y= 346 Y2= 340 P1= 726 P2= 202 T1=  22 T2=  21  P= 619  D=  -1 * 24
 X= 241 X2= 239  Y= 346 Y2= 340 P1= 725 P2= 202 T1=  22 T2=  21  P= 621  D=  -1 * 24
 X= 242 X2= 238  Y= 346 Y2= 340 P1= 725 P2= 203 T1=  22 T2=  22  P= 617  D=  -1 * 24
 X= 241 X2= 239  Y= 346 Y2= 340 P1= 725 P2= 202 T1=  21 T2=  20  P= 621  D=  -1 * 24
 X= 241 X2= 238  Y= 346 Y2= 339 P1= 725 P2= 203 T1=  22 T2=  21  P= 614  D=  -1 * 24
 X= 240 X2= 238  Y= 346 Y2= 340 P1= 725 P2= 202 T1=  21 T2=  21  P= 618  D=  -1 * 24
 X= 240 X2= 238  Y= 346 Y2= 339 P1= 721 P2= 203 T1=  21 T2=  20  P= 609  D=  -1 * 24
 X= 251 X2= 252  Y= 359 Y2= 352 P1= 800 P2= 154 T1=  31 T2=  31  P= 609  D=  -1 
 X= 863 X2=1023  Y= 946 Y2=1022 P1=1023 P2=   0 T1=1023 T2= 854  P= 609  D=  -1 
 X= 985 X2= 998  Y= 975 Y2=1022 P1=1023 P2=   0 T1=1023 T2= 878  P= 609  D=  -1 
 X= 839 X2=1023  Y= 955 Y2=1021 P1=1023 P2=   0 T1=1023 T2= 848  P= 609  D=  -1 
target state=1 point=456,22
 X= 879 X2=1023  Y= 969 Y2=1021 P1=1023 P2=   0 T1=1022 T2= 827  P= 609  D=  -1 
 X= 925 X2=1023  Y= 960 Y2=1022 P1=1023 P2=   0 T1=1023 T2= 855  P= 609  D=  -1 
 X= 808 X2=1023  Y= 968 Y2=1021 P1=1023 P2=   0 T1=1022 T2= 839  P= 609  D=  -1 
 X= 935 X2=1023  Y= 953 Y2=1022 P1=1023 P2=   0 T1=1023 T2= 846  P= 609  D=  -1 
 X= 892 X2=1015  Y= 961 Y2=1022 P1=1023 P2=   0 T1=1023 T2= 861  P= 609  D=  -1 
 X= 948 X2=1022  Y= 966 Y2=1022 P1=1023 P2=   0 T1=1023 T2= 855  P= 609  D=  -1 
 X= 827 X2=1023  Y= 946 Y2=1022 P1=1023 P2=   0 T1=1023 T2= 828  P= 609  D=  -1 
 X= 941 X2=1022  Y= 972 Y2=1020 P1=1023 P2=   0 T1=1022 T2= 844  P= 609  D=  -1 
 X= 948 X2= 988  Y= 939 Y2=1021 P1=1023 P2=   0 T1=1023 T2= 857  P= 609  D=  -1 
 X= 997 X2= 997  Y= 937 Y2=1023 P1=1023 P2=   0 T1=1022 T2= 846  P= 609  D=  -1 
 X= 801 X2=1023  Y= 939 Y2=1021 P1=1023 P2=   0 T1=1022 T2= 858  P= 609  D=  -1 
 X=1015 X2=1011  Y= 955 Y2=1021 P1=1023 P2=   0 T1=1023 T2= 834  P= 609  D=  -1 
 X= 814 X2=1023  Y= 947 Y2=1021 P1=1023 P2=   0 T1=1023 T2= 854  P= 609  D=  -1 
 X= 971 X2=1023  Y= 955 Y2=1022 P1=1023 P2=   0 T1=1022 T2= 849  P= 609  D=  -1 
 X= 880 X2=1001  Y= 963 Y2=1022 P1=1023 P2=   0 T1=1023 T2= 854  P= 609  D=  -1 
 X= 877 X2= 998  Y= 956 Y2=1021 P1=1023 P2=   0 T1=1023 T2= 850  P= 609  D=  -1 
 X= 959 X2=1023  Y= 954 Y2=1021 P1=1023 P2=   0 T1=1022 T2= 850  P= 609  D=  -1 
 X= 854 X2=1023  Y= 961 Y2=1021 P1=1023 P2=   0 T1=1023 T2= 840  P= 609  D=  -1 
 X= 911 X2=1023  Y= 959 Y2=1022 P1=1023 P2=   0 T1=1022 T2= 872  P= 609  D=  -1 
 X= 984 X2=1023  Y= 952 Y2=1022 P1=1023 P2=   0 T1=1023 T2= 833  P= 609  D=  -1 
 X= 914 X2=1023  Y= 945 Y2=1021 P1=1023 P2=   0 T1=1023 T2= 854  P= 609  D=  -1 
 X= 814 X2=1023  Y= 971 Y2=1021 P1=1023 P2=   0 T1=1023 T2= 850  P= 609  D=  -1 
 X= 924 X2=1020  Y= 950 Y2=1021 P1=1023 P2=   0 T1=1023 T2= 848  P= 609  D=  -1 
 X= 980 X2=1023  Y= 959 Y2=1022 P1=1023 P2=   0 T1=1022 T2= 845  P= 609  D=  -1 
 X= 836 X2=1012  Y= 952 Y2=1022 P1=1023 P2=   0 T1=1022 T2= 842  P= 609  D=  -1 
 X= 989 X2=1023  Y= 953 Y2=1021 P1=1023 P2=   0 T1=1023 T2= 872  P= 609  D=  -1 
 X= 953 X2= 976  Y= 949 Y2=1021 P1=1023 P2=   0 T1=1022 T2= 825  P= 609  D=  -1 
 X=1023 X2=1012  Y= 960 Y2=1023 P1=1023 P2=   0 T1=1022 T2= 853  P= 609  D=  -1 
 X= 721 X2=1023  Y= 950 Y2=1020 P1=1023 P2=   0 T1=1023 T2= 860  P= 609  D=  -1 
 X= 909 X2=1023  Y= 968 Y2=1022 P1=1023 P2=   0 T1=1022 T2= 842  P= 609  D=  -1 
 X= 926 X2= 986  Y= 948 Y2=1021 P1=1023 P2=   0 T1=1023 T2= 854  P= 609  D=  -1 
 X= 911 X2=1023  Y= 955 Y2=1021 P1=1023 P2=   0 T1=1023 T2= 850  P= 609  D=  -1 
 X=1020 X2=1022  Y= 946 Y2=1019 P1=1023 P2=   0 T1=1022 T2= 869  P= 609  D=  -1 
 X= 981 X2=1002  Y= 963 Y2=1021 P1=1023 P2=   0 T1=1023 T2= 872  P= 609  D=  -1 
 X= 830 X2=1023  Y= 961 Y2=1021 P1=1023 P2=   0 T1=1022 T2= 859  P= 609  D=  -1 
 X= 949 X2=1023  Y= 951 Y2=1020 P1=1023 P2=   0 T1=1023 T2= 845  P= 609  D=  -1 
 X= 895 X2= 981  Y= 943 Y2=1022 P1=1023 P2=   0 T1=1023 T2= 852  P= 609  D=  -1 
 X= 924 X2=1012  Y= 956 Y2=1021 P1=1023 P2=   0 T1=1022 T2= 843  P= 609  D=  -1 
 X=1017 X2=1002  Y= 952 Y2=1021 P1=1023 P2=   0 T1=1022 T2= 853  P= 609  D=  -1 
 X=1023 X2=1005  Y= 950 Y2=1022 P1=1023 P2=   0 T1=1021 T2= 858  P= 609  D=  -1 
 X= 812 X2=1023  Y= 948 Y2=1021 P1=1023 P2=   0 T1=1022 T2= 866  P= 609  D=  -1 
 X=1000 X2=1004  Y= 946 Y2=1023 P1=1023 P2=   0 T1=1022 T2= 865  P= 609  D=  -1 
 X= 989 X2=1003  Y= 966 Y2=1022 P1=1023 P2=   0 T1=1023 T2= 851  P= 609  D=  -1 
 X=1023 X2=1015  Y= 960 Y2=1023 P1=1023 P2=   0 T1=1022 T2= 844  P= 609  D=  -1 
 X= 887 X2=1023  Y= 954 Y2=1021 P1=1023 P2=   0 T1=1023 T2= 844  P= 609  D=  -1 
 X= 922 X2=1023  Y= 961 Y2=1021 P1=1023 P2=   0 T1=1022 T2= 849  P= 609  D=  -1 
 X= 913 X2=1014  Y= 952 Y2=1022 P1=1023 P2=   0 T1=1023 T2= 844  P= 609  D=  -1 
 X= 898 X2=1017  Y=1021 Y2=1022 P1=1023 P2=   0 T1=1021 T2=1021  P= 609  D=  -1 
 X= 963 X2=1023  Y= 961 Y2=1021 P1=1023 P2=   0 T1=1022 T2= 826  P= 609  D=  -1 
 X= 822 X2=1023  Y= 962 Y2=1020 P1=1023 P2=   0 T1=1023 T2= 843  P= 609  D=  -1 
 X= 918 X2=1006  Y= 935 Y2=1019 P1=1023 P2=   0 T1=1023 T2= 854  P= 609  D=  -1 
 X= 805 X2=1023  Y= 954 Y2=1022 P1=1023 P2=   0 T1=1022 T2= 828  P= 609  D=  -1 
 X= 958 X2= 987  Y= 938 Y2=1021 P1=1023 P2=   0 T1=1022 T2= 844  P= 609  D=  -1 
 X= 912 X2=1023  Y= 951 Y2=1021 P1=1023 P2=   0 T1=1022 T2= 853  P= 609  D=  -1 
 X= 762 X2=1023  Y= 971 Y2=1021 P1=1023 P2=   0 T1=1023 T2= 870  P= 609  D=  -1 
 X= 869 X2=1023  Y= 973 Y2=1021 P1=1023 P2=   0 T1=1023 T2= 857  P= 609  D=  -1 
 X= 737 X2=1023  Y= 954 Y2=1022 P1=1023 P2=   0 T1=1022 T2= 859  P= 609  D=  -1 
 X=1023 X2=1023  Y= 964 Y2=1022 P1=1023 P2=   0 T1=1022 T2= 858  P= 609  D=  -1 
 X= 952 X2=1007  Y= 946 Y2=1021 P1=1023 P2=   0 T1=1023 T2= 837  P= 609  D=  -1 
 X= 842 X2=1023  Y= 952 Y2=1021 P1=1023 P2=   0 T1=1023 T2= 853  P= 609  D=  -1 
 X= 858 X2=1023  Y= 946 Y2=1022 P1=1023 P2=   0 T1=1023 T2= 845  P= 609  D=  -1 
 X= 986 X2=1001  Y= 957 Y2=1021 P1=1023 P2=   0 T1=1022 T2= 847  P= 609  D=  -1 
 X= 841 X2=1023  Y= 969 Y2=1022 P1=1023 P2=   0 T1=1023 T2= 865  P= 609  D=  -1 
 X=1020 X2=1010  Y= 953 Y2=1023 P1=1022 P2=   0 T1=1022 T2= 850  P= 609  D=  -1 
 X= 969 X2=1023  Y= 960 Y2=1021 P1=1023 P2=   0 T1=1022 T2= 858  P= 609  D=  -1 
 X= 816 X2= 815  Y= 340 Y2= 347 P1= 831 P2= 480 T1=  37 T2=  14  P= 609  D=  -1 
 X= 866 X2= 999  Y= 869 Y2= 938 P1= 935 P2= 296 T1=1022 T2=  28  P= 609  D=  -1 
 X= 829 X2= 837  Y= 398 Y2= 406 P1= 894 P2= 327 T1=  81 T2=  35  P= 609  D=  -1 
 X= 868 X2= 872  Y= 442 Y2= 447 P1= 909 P2= 289 T1= 156 T2=  41  P= 609  D=  -1 
 X= 821 X2= 821  Y= 362 Y2= 368 P1= 879 P2= 358 T1=  34 T2=  32  P= 609  D=  -1 
 X= 819 X2= 819  Y= 351 Y2= 358 P1= 861 P2= 402 T1=  25 T2=  25  P= 609  D=  -1 * 0
 X= 822 X2= 822  Y= 360 Y2= 367 P1= 873 P2= 374 T1=  34 T2=  29  P= 609  D=  -1 
 X= 819 X2= 818  Y= 352 Y2= 359 P1= 862 P2= 398 T1=  26 T2=  24  P= 609  D=  -1 * 0
 X= 818 X2= 818  Y= 353 Y2= 360 P1= 868 P2= 385 T1=  27 T2=  27  P= 609  D=  -1 * 0
 X= 819 X2= 817  Y= 354 Y2= 360 P1= 866 P2= 393 T1=  27 T2=  26  P= 609  D=  -1 * 0
 X= 817 X2= 817  Y= 350 Y2= 358 P1= 861 P2= 401 T1=  23 T2=  25  P= 609  D=  -1 * 1
 X= 817 X2= 820  Y= 351 Y2= 359 P1= 863 P2= 398 T1=  24 T2=  25  P= 609  D=  -1 * 2
 X= 818 X2= 817  Y= 350 Y2= 358 P1= 860 P2= 404 T1=  24 T2=  22  P= 609  D=  -1 * 3
 X= 819 X2= 819  Y= 353 Y2= 360 P1= 865 P2= 394 T1=  27 T2=  28  P= 609  D=  -1 * 4
 X= 819 X2= 818  Y= 353 Y2= 360 P1= 864 P2= 394 T1=  26 T2=  26  P= 609  D=  -1 * 5
 X= 818 X2= 818  Y= 353 Y2= 360 P1= 864 P2= 399 T1=  25 T2=  27  P= 609  D=  -1 * 6
 X= 817 X2= 816  Y= 349 Y2= 356 P1= 860 P2= 407 T1=  21 T2=  22  P= 609  D=  -1 * 7
 X= 818 X2= 817  Y= 352 Y2= 358 P1= 860 P2= 403 T1=  24 T2=  25  P= 609  D=  -1 * 8
 X= 818 X2= 818  Y= 351 Y2= 358 P1= 862 P2= 402 T1=  25 T2=  24  P= 609  D=  -1 * 9
 X= 818 X2= 820  Y= 351 Y2= 357 P1= 860 P2= 404 T1=  24 T2=  25  P= 609  D=  -1 * 10
 X= 817 X2= 816  Y= 349 Y2= 355 P1= 855 P2= 421 T1=  22 T2=  21  P= 609  D=  -1 * 11
 X= 816 X2= 816  Y= 347 Y2= 355 P1= 852 P2= 426 T1=  20 T2=  20  P= 609  D=  -1 * 12
 X= 816 X2= 816  Y= 348 Y2= 355 P1= 852 P2= 425 T1=  21 T2=  21  P= 609  D=  -1 * 13
 X= 817 X2= 816  Y= 347 Y2= 354 P1= 852 P2= 428 T1=  21 T2=  20  P= 609  D=  -1 * 14
 X= 815 X2= 816  Y= 347 Y2= 354 P1= 852 P2= 428 T1=  20 T2=  20  P= 609  D=  -1 * 15
 X= 816 X2= 815  Y= 347 Y2= 354 P1= 851 P2= 428 T1=  20 T2=  21  P= 609  D=  -1 * 16
 X= 815 X2= 816  Y= 347 Y2= 354 P1= 851 P2= 429 T1=  20 T2=  20  P= 609  D=  -1 * 17
 X= 817 X2= 816  Y= 347 Y2= 353 P1= 851 P2= 429 T1=  20 T2=  20  P= 609  D=  -1 * 18
 X= 816 X2= 816  Y= 347 Y2= 354 P1= 850 P2= 428 T1=  20 T2=  20  P= 609  D=  -1 * 19
 X= 816 X2= 816  Y= 347 Y2= 354 P1= 850 P2= 430 T1=  20 T2=  20  P= 609  D=  -1 * 20
 X= 816 X2= 816  Y= 347 Y2= 354 P1= 851 P2= 430 T1=  20 T2=  20  P= 609  D=  -1 * 21
 X= 816 X2= 817  Y= 347 Y2= 355 P1= 851 P2= 429 T1=  20 T2=  21  P= 609  D=  -1 * 22
 X= 817 X2= 816  Y= 348 Y2= 353 P1= 851 P2= 428 T1=  21 T2=  20  P= 609  D=  -1 * 23
 X= 817 X2= 816  Y= 347 Y2= 354 P1= 850 P2= 429 T1=  20 T2=  20  P= 609  D=  -1 * 24
Remove Pin
 X= 817 X2= 816  Y= 347 Y2= 354 P1= 851 P2= 429 T1=  20 T2=  21  P= 609  D=  -1 * 24
 X= 816 X2= 816  Y= 347 Y2= 353 P1= 851 P2= 430 T1=  21 T2=  20  P= 609  D=  -1 * 24
 X= 817 X2= 815  Y= 348 Y2= 355 P1= 851 P2= 428 T1=  19 T2=  21  P= 609  D=  -1 * 24
 X= 817 X2= 816  Y= 348 Y2= 354 P1= 852 P2= 428 T1=  21 T2=  21  P= 609  D=  -1 * 24
 X= 817 X2= 816  Y= 348 Y2= 354 P1= 852 P2= 427 T1=  21 T2=  21  P= 609  D=  -1 * 24
 X= 817 X2= 816  Y= 348 Y2= 355 P1= 852 P2= 428 T1=  21 T2=  21  P= 609  D=  -1 * 24
 X= 817 X2= 816  Y= 347 Y2= 355 P1= 851 P2= 426 T1=  21 T2=  21  P= 609  D=  -1 * 24
 X= 816 X2= 816  Y= 348 Y2= 354 P1= 852 P2= 426 T1=  21 T2=  20  P= 609  D=  -1 * 24
 X= 817 X2= 816  Y= 347 Y2= 355 P1= 851 P2= 428 T1=  21 T2=  21  P= 609  D=  -1 * 24
 X= 817 X2= 816  Y= 347 Y2= 355 P1= 852 P2= 427 T1=  21 T2=  21  P= 609  D=  -1 * 24
 X= 817 X2= 814  Y= 348 Y2= 354 P1= 852 P2= 427 T1=  21 T2=  20  P= 609  D=  -1 * 24
 X= 816 X2= 821  Y= 348 Y2= 355 P1= 851 P2= 428 T1=  20 T2=  21  P= 609  D=  -1 * 24
 X= 816 X2= 816  Y= 348 Y2= 354 P1= 852 P2= 427 T1=  20 T2=  20  P= 609  D=  -1 * 24
 X= 817 X2= 816  Y= 348 Y2= 354 P1= 851 P2= 426 T1=  21 T2=  20  P= 609  D=  -1 * 24
 X= 817 X2= 816  Y= 347 Y2= 355 P1= 852 P2= 428 T1=  21 T2=  20  P= 609  D=  -1 * 24
 X= 816 X2= 816  Y= 348 Y2= 354 P1= 852 P2= 427 T1=  21 T2=  21  P= 609  D=  -1 * 24
 X= 816 X2= 814  Y= 347 Y2= 355 P1= 852 P2= 426 T1=  22 T2=  20  P= 609  D=  -1 * 24
 X= 817 X2= 816  Y= 347 Y2= 354 P1= 851 P2= 427 T1=  20 T2=  21  P= 609  D=  -1 * 24
 X= 816 X2= 815  Y= 348 Y2= 354 P1= 852 P2= 428 T1=  20 T2=  21  P= 609  D=  -1 * 24
 X= 817 X2= 816  Y= 347 Y2= 354 P1= 852 P2= 428 T1=  21 T2=  21  P= 609  D=  -1 * 24
 X= 817 X2= 815  Y= 348 Y2= 355 P1= 851 P2= 428 T1=  21 T2=  20  P= 609  D=  -1 * 24
 X= 816 X2= 816  Y= 347 Y2= 355 P1= 851 P2= 429 T1=  21 T2=  21  P= 609  D=  -1 * 24
 X= 817 X2= 815  Y= 348 Y2= 354 P1= 852 P2= 428 T1=  21 T2=  21  P= 609  D=  -1 * 24
 X= 817 X2= 816  Y= 347 Y2= 355 P1= 851 P2= 428 T1=  21 T2=  21  P= 609  D=  -1 * 24
 X= 816 X2= 816  Y= 346 Y2= 353 P1= 849 P2= 436 T1=  20 T2=  19  P= 609  D=  -1 * 24
 X= 815 X2= 814  Y= 344 Y2= 351 P1= 851 P2= 421 T1=  16 T2=  21  P= 609  D=  -1 * 24
 X= 877 X2=1023  Y= 961 Y2=1020 P1=1022 P2=   0 T1=1023 T2= 834  P= 609  D=  -1 
 X= 958 X2=1023  Y= 956 Y2=1022 P1=1023 P2=   0 T1=1022 T2= 827  P= 609  D=  -1 
 X= 991 X2=1010  Y= 956 Y2=1022 P1=1023 P2=   0 T1=1022 T2= 866  P= 609  D=  -1 
target state=2 point=456,249
 X= 944 X2=1023  Y= 952 Y2=1021 P1=1023 P2=   0 T1=1022 T2= 833  P= 609  D=  -1 
 X= 864 X2=1017  Y= 961 Y2=1021 P1=1023 P2=   0 T1=1022 T2= 834  P= 609  D=  -1 
 X= 960 X2=1023  Y= 953 Y2=1022 P1=1023 P2=   0 T1=1022 T2= 851  P= 609  D=  -1 
 X= 998 X2=1006  Y= 954 Y2=1022 P1=1023 P2=   0 T1=1022 T2= 821  P= 609  D=  -1 
 X= 878 X2=1016  Y= 948 Y2=1022 P1=1023 P2=   0 T1=1022 T2= 832  P= 609  D=  -1 
 X=1016 X2=1013  Y= 952 Y2=1023 P1=1023 P2=   0 T1=1023 T2= 850  P= 609  D=  -1 
 X= 902 X2=1016  Y= 948 Y2=1022 P1=1023 P2=   0 T1=1023 T2= 851  P= 609  D=  -1 
 X= 930 X2=1023  Y= 952 Y2=1021 P1=1023 P2=   0 T1=1023 T2= 841  P= 609  D=  -1 
 X= 790 X2=1023  Y= 939 Y2=1021 P1=1023 P2=   0 T1=1022 T2= 846  P= 609  D=  -1 
 X= 990 X2=1000  Y= 953 Y2=1022 P1=1023 P2=   0 T1=1023 T2= 863  P= 609  D=  -1 
 X= 808 X2=1023  Y= 954 Y2=1020 P1=1023 P2=   0 T1=1023 T2= 852  P= 609  D=  -1 
 X= 863 X2=1023  Y= 960 Y2=1021 P1=1023 P2=   0 T1=1023 T2= 869  P= 609  D=  -1 
 X= 987 X2=1006  Y= 938 Y2=1021 P1=1023 P2=   0 T1=1022 T2= 839  P= 609  D=  -1 
 X= 912 X2=1004  Y= 968 Y2=1022 P1=1023 P2=   0 T1=1022 T2= 811  P= 609  D=  -1 
 X= 882 X2=1023  Y= 957 Y2=1021 P1=1023 P2=   0 T1=1023 T2= 836  P= 609  D=  -1 
 X=1001 X2=1023  Y= 974 Y2=1020 P1=1023 P2=   0 T1=1023 T2= 871  P= 609  D=  -1 
 X= 917 X2= 988  Y= 975 Y2=1021 P1=1023 P2=   0 T1=1022 T2= 851  P= 609  D=  -1 
 X=1022 X2=1023  Y= 951 Y2=1021 P1=1023 P2=   0 T1=1022 T2= 870  P= 609  D=  -1 
 X= 997 X2=1013  Y= 962 Y2=1022 P1=1023 P2=   0 T1=1023 T2= 856  P= 609  D=  -1 
 X=1021 X2=1011  Y= 970 Y2=1022 P1=1023 P2=   0 T1=1022 T2= 843  P= 609  D=  -1 
 X=1023 X2=1014  Y=1022 Y2=1021 P1=1023 P2=   0 T1=1022 T2=1020  P= 609  D=  -1 
 X= 828 X2=1023  Y= 969 Y2=1021 P1=1023 P2=   0 T1=1023 T2= 847  P= 609  D=  -1 
 X= 902 X2=1023  Y= 943 Y2=1022 P1=1023 P2=   0 T1=1022 T2= 824  P= 609  D=  -1 
 X=1000 X2=1013  Y= 962 Y2=1022 P1=1023 P2=   0 T1=1023 T2= 853  P= 609  D=  -1 
 X=1004 X2=1007  Y= 940 Y2=1021 P1=1023 P2=   0 T1=1023 T2= 847  P= 609  D=  -1 
 X=1005 X2=1009  Y= 960 Y2=1022 P1=1023 P2=   0 T1=1022 T2= 833  P= 609  D=  -1 
 X= 856 X2=1021  Y= 959 Y2=1022 P1=1023 P2=   0 T1=1023 T2= 824  P= 609  D=  -1 
 X=1023 X2= 995  Y= 976 Y2=1022 P1=1023 P2=   0 T1=1022 T2= 853  P= 609  D=  -1 
 X= 910 X2=1009  Y= 946 Y2=1022 P1=1023 P2=   0 T1=1023 T2= 834  P= 609  D=  -1 
 X=1023 X2=1014  Y= 956 Y2=1023 P1=1023 P2=   0 T1=1023 T2= 859  P= 609  D=  -1 
 X= 765 X2=1023  Y= 959 Y2=1021 P1=1023 P2=   0 T1=1023 T2= 847  P= 609  D=  -1 
 X= 979 X2=1003  Y= 950 Y2=1021 P1=1023 P2=   0 T1=1022 T2= 865  P= 609  D=  -1 
 X= 923 X2=1005  Y= 956 Y2=1022 P1=1023 P2=   0 T1=1023 T2= 846  P= 609  D=  -1 
 X=1010 X2=1013  Y= 940 Y2=1022 P1=1023 P2=   0 T1=1022 T2= 839  P= 609  D=  -1 
 X= 861 X2=1017  Y= 941 Y2=1022 P1=1023 P2=   0 T1=1023 T2= 832  P= 609  D=  -1 
 X= 882 X2=1016  Y= 964 Y2=1021 P1=1023 P2=   0 T1=1023 T2= 836  P= 609  D=  -1 
 X= 712 X2=1023  Y= 937 Y2=1022 P1=1023 P2=   0 T1=1023 T2= 831  P= 609  D=  -1 
 X= 882 X2=1023  Y= 952 Y2=1022 P1=1023 P2=   0 T1=1023 T2= 848  P= 609  D=  -1 
 X= 921 X2=1021  Y= 946 Y2=1019 P1=1023 P2=   0 T1=1022 T2= 854  P= 609  D=  -1 
 X= 863 X2=1023  Y= 964 Y2=1021 P1=1023 P2=   0 T1=1023 T2= 878  P= 609  D=  -1 
 X=1023 X2=1006  Y= 946 Y2=1022 P1=1023 P2=   0 T1=1023 T2= 866  P= 609  D=  -1 
 X= 926 X2=1023  Y= 953 Y2=1021 P1=1023 P2=   0 T1=1023 T2= 857  P= 609  D=  -1 
 X= 802 X2=1023  Y= 953 Y2=1021 P1=1023 P2=   0 T1=1023 T2= 834  P= 609  D=  -1 
 X=1023 X2=1008  Y= 947 Y2=1023 P1=1023 P2=   0 T1=1023 T2= 856  P= 609  D=  -1 
 X= 896 X2=1016  Y= 950 Y2=1022 P1=1023 P2=   0 T1=1023 T2= 837  P= 609  D=  -1 
 X= 884 X2=1023  Y= 970 Y2=1020 P1=1023 P2=   0 T1=1022 T2= 849  P= 609  D=  -1 
 X= 775 X2=1023  Y= 982 Y2=1021 P1=1023 P2=   0 T1=1023 T2= 858  P= 609  D=  -1 
 X=1023 X2=1018  Y= 957 Y2=1021 P1=1023 P2=   0 T1=1023 T2= 849  P= 609  D=  -1 
 X= 851 X2=1023  Y= 962 Y2=1021 P1=1023 P2=   0 T1=1023 T2= 857  P= 609  D=  -1 
 X= 908 X2=1023  Y= 964 Y2=1022 P1=1023 P2=   0 T1=1022 T2= 880  P= 609  D=  -1 
 X= 892 X2=1017  Y= 970 Y2=1022 P1=1023 P2=   0 T1=1022 T2= 850  P= 609  D=  -1 
 X= 993 X2=1023  Y= 949 Y2=1021 P1=1023 P2=   0 T1=1022 T2= 887  P= 609  D=  -1 
 X= 909 X2=1020  Y= 950 Y2=1022 P1=1023 P2=   0 T1=1023 T2= 837  P= 609  D=  -1 
 X= 912 X2=1019  Y= 958 Y2=1021 P1=1023 P2=   0 T1=1023 T2= 846  P= 609  D=  -1 
 X= 766 X2=1023  Y= 953 Y2=1020 P1=1023 P2=   0 T1=1022 T2= 861  P= 609  D=  -1 
 X= 881 X2=1023  Y= 958 Y2=1021 P1=1023 P2=   0 T1=1022 T2= 850  P= 609  D=  -1 
 X= 944 X2= 975  Y= 931 Y2=1022 P1=1023 P2=   0 T1=1023 T2= 845  P= 609  D=  -1 
 X= 970 X2= 996  Y= 958 Y2=1022 P1=1023 P2=   0 T1=1023 T2= 856  P= 609  D=  -1 
 X= 809 X2=1023  Y= 961 Y2=1021 P1=1023 P2=   0 T1=1022 T2= 835  P= 609  D=  -1 
 X= 956 X2=1017  Y= 966 Y2=1023 P1=1023 P2=   0 T1=1022 T2= 877  P= 609  D=  -1 
 X=1003 X2=1008  Y= 945 Y2=1021 P1=1023 P2=   0 T1=1022 T2= 809  P= 609  D=  -1 
 X= 959 X2=1023  Y= 964 Y2=1022 P1=1023 P2=   0 T1=1023 T2= 826  P= 609  D=  -1 
 X= 965 X2=1023  Y= 952 Y2=1021 P1=1023 P2=   0 T1=1022 T2= 874  P= 609  D=  -1 
 X= 871 X2= 990  Y= 949 Y2=1022 P1=1023 P2=   0 T1=1022 T2= 854  P= 609  D=  -1 
 X= 918 X2=1013  Y= 950 Y2=1022 P1=1023 P2=   0 T1=1023 T2= 846  P= 609  D=  -1 
 X= 901 X2=1023  Y= 961 Y2=1021 P1=1023 P2=   0 T1=1021 T2= 839  P= 609  D=  -1 
 X= 907 X2=1012  Y= 958 Y2=1021 P1=1023 P2=   0 T1=  38 T2= 829  P= 609  D=  -1 
 X= 816 X2= 816  Y= 697 Y2= 702 P1= 928 P2= 486 T1=  19 T2=  19  P= 741  D=  -1 * 0
 X= 814 X2= 815  Y= 696 Y2= 701 P1= 923 P2= 517 T1=  15 T2=  16  P= 638  D=  -1 * 0
 X= 814 X2= 816  Y= 695 Y2= 700 P1= 924 P2= 511 T1=  16 T2=  16  P= 658  D=  -1 * 0
 X= 814 X2= 815  Y= 696 Y2= 701 P1= 921 P2= 517 T1=  16 T2=  15  P= 635  D=  -1 * 0
 X= 814 X2= 815  Y= 695 Y2= 701 P1= 920 P2= 530 T1=  14 T2=  16  P= 598  D=  -1 * 1
 X= 813 X2= 814  Y= 695 Y2= 700 P1= 920 P2= 530 T1=  14 T2=  15  P= 597  D=  -1 * 2
 X= 813 X2= 815  Y= 696 Y2= 700 P1= 920 P2= 532 T1=  14 T2=  14  P= 593  D=  -1 * 3
 X= 814 X2= 814  Y= 696 Y2= 700 P1= 921 P2= 523 T1=  16 T2=  15  P= 618  D=  -1 * 4
 X= 813 X2= 814  Y= 696 Y2= 700 P1= 921 P2= 529 T1=  15 T2=  15  P= 602  D=  -1 * 5
 X= 814 X2= 814  Y= 696 Y2= 700 P1= 920 P2= 530 T1=  15 T2=  15  P= 598  D=  -1 * 6
 X= 813 X2= 815  Y= 696 Y2= 700 P1= 920 P2= 529 T1=  13 T2=  15  P= 601  D=  -1 * 7
 X= 813 X2= 814  Y= 696 Y2= 700 P1= 920 P2= 529 T1=  14 T2=  14  P= 600  D=  -1 * 8
 X= 813 X2= 814  Y= 696 Y2= 700 P1= 920 P2= 530 T1=  14 T2=  15  P= 597  D=  -1 * 9
 X= 813 X2= 814  Y= 696 Y2= 700 P1= 920 P2= 529 T1=  16 T2=  15  P= 600  D=  -1 * 10
 X= 813 X2= 814  Y= 696 Y2= 700 P1= 921 P2= 530 T1=  15 T2=  15  P= 599  D=  -1 * 11
 X= 814 X2= 814  Y= 695 Y2= 699 P1= 920 P2= 530 T1=  15 T2=  14  P= 598  D=  -1 * 12
 X= 813 X2= 815  Y= 695 Y2= 700 P1= 920 P2= 530 T1=  15 T2=  14  P= 598  D=  -1 * 13
 X= 814 X2= 814  Y= 695 Y2= 700 P1= 921 P2= 530 T1=  14 T2=  14  P= 599  D=  -1 * 14
 X= 813 X2= 819  Y= 696 Y2= 700 P1= 921 P2= 530 T1=  14 T2=  14  P= 601  D=  -1 * 15
 X= 814 X2= 815  Y= 696 Y2= 700 P1= 921 P2= 530 T1=  15 T2=  15  P= 599  D=  -1 * 16
 X= 814 X2= 815  Y= 695 Y2= 700 P1= 920 P2= 530 T1=  15 T2=  15  P= 598  D=  -1 * 17
 X= 813 X2= 815  Y= 695 Y2= 701 P1= 920 P2= 530 T1=  14 T2=  15  P= 598  D=  -1 * 18
 X= 813 X2= 814  Y= 696 Y2= 700 P1= 920 P2= 530 T1=  15 T2=  15  P= 597  D=  -1 * 19
 X= 814 X2= 815  Y= 695 Y2= 700 P1= 920 P2= 529 T1=  15 T2=  14  P= 601  D=  -1 * 20
 X= 813 X2= 815  Y= 695 Y2= 700 P1= 921 P2= 530 T1=  15 T2=  15  P= 599  D=  -1 * 21
 X= 814 X2= 815  Y= 695 Y2= 700 P1= 921 P2= 529 T1=  15 T2=  14  P= 603  D=  -1 * 22
 X= 813 X2= 815  Y= 696 Y2= 700 P1= 921 P2= 529 T1=  15 T2=  15  P= 603  D=  -1 * 23
 X= 814 X2= 815  Y= 695 Y2= 700 P1= 921 P2= 529 T1=  15 T2=  15  P= 603  D=  -1 * 24
Remove Pin
 X= 814 X2= 813  Y= 695 Y2= 699 P1= 921 P2= 529 T1=  14 T2=  14  P= 602  D=  -1 * 24
 X= 813 X2= 814  Y= 695 Y2= 700 P1= 921 P2= 530 T1=  14 T2=  15  P= 599  D=  -1 * 24
 X= 813 X2= 814  Y= 695 Y2= 700 P1= 920 P2= 530 T1=  15 T2=  15  P= 597  D=  -1 * 24
 X= 814 X2= 814  Y= 696 Y2= 700 P1= 920 P2= 530 T1=  15 T2=  15  P= 598  D=  -1 * 24
 X= 814 X2= 815  Y= 696 Y2= 701 P1= 920 P2= 529 T1=  14 T2=  15  P= 601  D=  -1 * 24
 X= 814 X2= 814  Y= 694 Y2= 701 P1= 920 P2= 531 T1=  15 T2=  15  P= 595  D=  -1 * 24
 X= 814 X2= 815  Y= 696 Y2= 701 P1= 921 P2= 530 T1=  14 T2=  14  P= 599  D=  -1 * 24
 X= 814 X2= 814  Y= 696 Y2= 700 P1= 920 P2= 530 T1=  15 T2=  15  P= 598  D=  -1 * 24
 X= 814 X2= 815  Y= 696 Y2= 701 P1= 920 P2= 530 T1=  15 T2=  14  P= 598  D=  -1 * 24
 X= 814 X2= 814  Y= 696 Y2= 701 P1= 920 P2= 530 T1=  15 T2=  14  P= 598  D=  -1 * 24
 X= 813 X2= 815  Y= 695 Y2= 700 P1= 921 P2= 530 T1=  15 T2=  15  P= 599  D=  -1 * 24
 X= 814 X2= 814  Y= 695 Y2= 700 P1= 920 P2= 530 T1=  14 T2=  14  P= 598  D=  -1 * 24
 X= 814 X2= 814  Y= 695 Y2= 700 P1= 921 P2= 530 T1=  14 T2=  14  P= 599  D=  -1 * 24
 X= 813 X2= 814  Y= 696 Y2= 700 P1= 920 P2= 530 T1=  15 T2=  15  P= 597  D=  -1 * 24
 X= 814 X2= 814  Y= 696 Y2= 700 P1= 920 P2= 530 T1=  15 T2=  14  P= 598  D=  -1 * 24
 X= 814 X2= 815  Y= 695 Y2= 700 P1= 920 P2= 530 T1=  15 T2=  14  P= 598  D=  -1 * 24
 X= 813 X2= 814  Y= 696 Y2= 699 P1= 920 P2= 530 T1=  14 T2=  14  P= 597  D=  -1 * 24
 X= 814 X2= 815  Y= 696 Y2= 700 P1= 920 P2= 529 T1=  14 T2=  15  P= 601  D=  -1 * 24
 X= 813 X2= 814  Y= 695 Y2= 700 P1= 921 P2= 530 T1=  14 T2=  15  P= 599  D=  -1 * 24
 X= 813 X2= 814  Y= 695 Y2= 700 P1= 919 P2= 530 T1=  15 T2=  15  P= 595  D=  -1 * 24
 X= 813 X2= 814  Y= 696 Y2= 701 P1= 922 P2= 517 T1=  15 T2=  16  P= 636  D=  -1 * 24
 X=1023 X2=1010  Y= 952 Y2=1022 P1=1023 P2=   0 T1=1023 T2= 839  P= 636  D=  -1 
 X= 875 X2= 990  Y= 957 Y2=1021 P1=1023 P2=   0 T1=1022 T2= 848  P= 636  D=  -1 
 X= 849 X2=1023  Y= 948 Y2=1021 P1=1023 P2=   0 T1=1022 T2= 851  P= 636  D=  -1 
target state=3 point=23,249
 X=1014 X2=1022  Y= 961 Y2=1021 P1=1023 P2=   0 T1=1023 T2= 847  P= 636  D=  -1 
 X= 922 X2=1006  Y= 944 Y2=1022 P1=1023 P2=   0 T1=1023 T2= 848  P= 636  D=  -1 
 X=1009 X2=1023  Y=1021 Y2=1022 P1=1023 P2=   0 T1=1023 T2=1018  P= 636  D=  -1 
 X= 890 X2=1016  Y= 945 Y2=1022 P1=1023 P2=   0 T1=1022 T2= 824  P= 636  D=  -1 
 X= 867 X2= 991  Y= 964 Y2=1022 P1=1023 P2=   0 T1=1022 T2= 845  P= 636  D=  -1 
 X= 810 X2=1023  Y= 954 Y2=1021 P1=1023 P2=   0 T1=1022 T2= 841  P= 636  D=  -1 
 X= 934 X2=1023  Y= 968 Y2=1021 P1=1023 P2=   0 T1=1022 T2= 856  P= 636  D=  -1 
 X= 864 X2=1017  Y= 958 Y2=1020 P1=1023 P2=   0 T1=1023 T2= 849  P= 636  D=  -1 
 X= 922 X2= 993  Y= 961 Y2=1022 P1=1023 P2=   0 T1=1023 T2= 854  P= 636  D=  -1 
 X= 779 X2=1023  Y= 948 Y2=1021 P1=1023 P2=   0 T1=1023 T2= 843  P= 636  D=  -1 
 X= 955 X2=1023  Y= 962 Y2=1022 P1=1022 P2=   0 T1=1023 T2= 824  P= 636  D=  -1 
 X= 908 X2=1012  Y= 954 Y2=1023 P1=1023 P2=   0 T1=1023 T2= 843  P= 636  D=  -1 
 X= 996 X2=1008  Y= 947 Y2=1023 P1=1023 P2=   0 T1=1022 T2= 846  P= 636  D=  -1 
 X= 881 X2= 986  Y= 953 Y2=1022 P1=1023 P2=   0 T1=1023 T2= 855  P= 636  D=  -1 
 X= 868 X2=1021  Y= 944 Y2=1021 P1=1023 P2=   0 T1=1023 T2= 832  P= 636  D=  -1 
 X= 917 X2= 984  Y= 957 Y2=1022 P1=1023 P2=   0 T1=1023 T2= 847  P= 636  D=  -1 
 X= 995 X2=1015  Y= 970 Y2=1022 P1=1023 P2=   0 T1=1022 T2= 854  P= 636  D=  -1 
 X= 791 X2=1023  Y= 965 Y2=1021 P1=1023 P2=   0 T1=1022 T2= 827  P= 636  D=  -1 
 X= 988 X2=1023  Y= 955 Y2=1021 P1=1023 P2=   0 T1=1023 T2= 848  P= 636  D=  -1 
 X=1022 X2=1007  Y= 947 Y2=1022 P1=1023 P2=   0 T1=1023 T2= 840  P= 636  D=  -1 
 X= 916 X2=1023  Y= 957 Y2=1021 P1=1023 P2=   0 T1=1023 T2= 855  P= 636  D=  -1 
 X= 818 X2=1023  Y= 943 Y2=1022 P1=1023 P2=   0 T1=1023 T2= 827  P= 636  D=  -1 
 X= 762 X2=1023  Y= 962 Y2=1021 P1=1023 P2=   0 T1=1022 T2= 840  P= 636  D=  -1 
 X= 921 X2=1008  Y= 956 Y2=1022 P1=1023 P2=   0 T1=1023 T2= 850  P= 636  D=  -1 
 X=1003 X2=1023  Y= 971 Y2=1021 P1=1023 P2=   0 T1=1022 T2= 851  P= 636  D=  -1 
 X= 789 X2=1023  Y= 968 Y2=1021 P1=1023 P2=   0 T1=1023 T2= 829  P= 636  D=  -1 
 X= 777 X2=1023  Y= 961 Y2=1020 P1=1023 P2=   0 T1=1022 T2= 855  P= 636  D=  -1 
 X= 849 X2=1023  Y= 957 Y2=1020 P1=1023 P2=   0 T1=1023 T2= 859  P= 636  D=  -1 
 X= 799 X2=1023  Y= 971 Y2=1021 P1=1023 P2=   0 T1=1023 T2= 851  P= 636  D=  -1 
 X= 988 X2= 972  Y= 955 Y2=1022 P1=1023 P2=   0 T1=1023 T2= 857  P= 636  D=  -1 
 X= 913 X2= 999  Y= 958 Y2=1022 P1=1023 P2=   0 T1=1023 T2= 841  P= 636  D=  -1 
 X= 858 X2=1011  Y= 946 Y2=1020 P1=1023 P2=   0 T1=1022 T2= 836  P= 636  D=  -1 
 X= 993 X2=1023  Y= 969 Y2=1022 P1=1023 P2=   0 T1=1023 T2= 874  P= 636  D=  -1 
 X= 747 X2=1023  Y= 932 Y2=1023 P1=1023 P2=   0 T1=1022 T2= 865  P= 636  D=  -1 
 X= 854 X2=1018  Y= 961 Y2=1020 P1=1023 P2=   0 T1=1022 T2= 836  P= 636  D=  -1 
 X= 906 X2=1005  Y= 953 Y2=1021 P1=1023 P2=   0 T1=1022 T2= 843  P= 636  D=  -1 
 X=1023 X2=1017  Y= 964 Y2=1022 P1=1023 P2=   0 T1=1022 T2= 859  P= 636  D=  -1 
 X= 891 X2= 969  Y= 943 Y2=1021 P1=1023 P2=   0 T1=1022 T2= 830  P= 636  D=  -1 
 X= 971 X2=1022  Y= 956 Y2=1021 P1=1023 P2=   0 T1=1022 T2= 858  P= 636  D=  -1 
 X=1022 X2=1009  Y= 955 Y2=1022 P1=1023 P2=   0 T1=1023 T2= 843  P= 636  D=  -1 
 X= 871 X2=1017  Y= 959 Y2=1022 P1=1023 P2=   0 T1=1022 T2= 840  P= 636  D=  -1 
 X= 848 X2=1022  Y= 960 Y2=1020 P1=1023 P2=   0 T1=1022 T2= 877  P= 636  D=  -1 
 X= 885 X2= 995  Y= 958 Y2=1022 P1=1023 P2=   0 T1=1023 T2= 845  P= 636  D=  -1 
 X= 922 X2=1011  Y= 951 Y2=1020 P1=1023 P2=   0 T1=1022 T2= 840  P= 636  D=  -1 
 X= 802 X2=1023  Y= 956 Y2=1021 P1=1023 P2=   0 T1=1023 T2= 841  P= 636  D=  -1 
 X= 909 X2=1023  Y= 935 Y2=1021 P1=1023 P2=   0 T1=1023 T2= 853  P= 636  D=  -1 
 X=1022 X2= 997  Y= 953 Y2=1021 P1=1023 P2=   0 T1=1022 T2= 847  P= 636  D=  -1 
 X= 953 X2= 999  Y= 944 Y2=1022 P1=1023 P2=   0 T1=1023 T2= 843  P= 636  D=  -1 
 X=1017 X2=1022  Y= 972 Y2=1022 P1=1023 P2=   0 T1=1022 T2= 866  P= 636  D=  -1 
 X= 754 X2=1023  Y= 967 Y2=1022 P1=1023 P2=   0 T1=1022 T2= 830  P= 636  D=  -1 
 X= 931 X2=1023  Y= 956 Y2=1021 P1=1023 P2=   0 T1=1022 T2= 851  P= 636  D=  -1 
 X= 854 X2=1014  Y= 960 Y2=1022 P1=1023 P2=   0 T1=1022 T2= 857  P= 636  D=  -1 
 X= 985 X2=1009  Y= 943 Y2=1023 P1=1023 P2=   0 T1=1022 T2= 853  P= 636  D=  -1 
 X=1011 X2=1006  Y= 950 Y2=1021 P1=1023 P2=   0 T1=1023 T2= 854  P= 636  D=  -1 
 X= 874 X2= 982  Y= 968 Y2=1021 P1=1023 P2=   0 T1=1023 T2= 841  P= 636  D=  -1 
 X=1020 X2=1000  Y= 957 Y2=1022 P1=1023 P2=   0 T1=1023 T2= 830  P= 636  D=  -1 
 X= 879 X2=1016  Y= 942 Y2=1022 P1=1023 P2=   0 T1=1023 T2= 856  P= 636  D=  -1 
 X= 975 X2=1023  Y= 952 Y2=1022 P1=1023 P2=   0 T1=1023 T2= 936  P= 636  D=  -1 
 X= 924 X2=1004  Y= 955 Y2=1022 P1=1023 P2=   0 T1=1023 T2= 857  P= 636  D=  -1 
 X=1023 X2=1014  Y= 951 Y2=1022 P1=1023 P2=   0 T1=1022 T2= 872  P= 636  D=  -1 
 X= 959 X2=1023  Y= 969 Y2=1020 P1=1023 P2=   0 T1=1023 T2= 849  P= 636  D=  -1 
 X= 842 X2=1015  Y= 956 Y2=1022 P1=1023 P2=   0 T1=1022 T2= 846  P= 636  D=  -1 
 X= 910 X2=1023  Y= 957 Y2=1022 P1=1023 P2=   0 T1=1022 T2= 835  P= 636  D=  -1 
 X= 901 X2=1015  Y= 945 Y2=1022 P1=1023 P2=   0 T1=1022 T2= 839  P= 636  D=  -1 
 X= 234 X2= 238  Y= 871 Y2=1022 P1=1023 P2=   0 T1=1023 T2= 872  P= 636  D=  -1 
 X= 828 X2=1023  Y= 952 Y2=1022 P1=1023 P2=   0 T1=1022 T2= 832  P= 636  D=  -1 
 X= 988 X2=1018  Y= 976 Y2=1021 P1=1023 P2=   0 T1=1022 T2= 873  P= 636  D=  -1 
 X= 855 X2=1015  Y= 943 Y2=1022 P1=1023 P2=   0 T1=1023 T2= 850  P= 636  D=  -1 
 X= 889 X2= 986  Y= 957 Y2=1021 P1=1023 P2=   0 T1=1023 T2= 838  P= 636  D=  -1 
 X= 794 X2=1023  Y= 952 Y2=1022 P1=1023 P2=   0 T1=1022 T2= 851  P= 636  D=  -1 
 X= 938 X2= 990  Y= 962 Y2=1022 P1=1023 P2=   0 T1=1023 T2= 872  P= 636  D=  -1 
 X= 909 X2=1004  Y= 965 Y2=1022 P1=1023 P2=   0 T1=1023 T2= 854  P= 636  D=  -1 
 X= 266 X2= 268  Y= 719 Y2= 717 P1= 938 P2= 120 T1=  55 T2=  41  P= 636  D=  -1 
 X=1009 X2=1023  Y= 979 Y2=1022 P1=1023 P2=   0 T1=1022 T2= 896  P= 636  D=  -1 
 X= 311 X2= 297  Y= 728 Y2= 725 P1= 928 P2= 133 T1= 109 T2=  39  P= 636  D=  -1 
 X= 247 X2= 249  Y= 708 Y2= 704 P1= 908 P2= 159 T1=  34 T2=  31  P= 636  D=  -1 
 X= 247 X2= 244  Y= 707 Y2= 703 P1= 905 P2= 162 T1=  34 T2=  31  P= 636  D=  -1 
 X= 257 X2= 259  Y= 713 Y2= 709 P1= 917 P2= 148 T1=  44 T2=  35  P= 636  D=  -1 
 X= 277 X2= 283  Y= 725 Y2= 725 P1= 930 P2= 130 T1=  65 T2=  39  P= 636  D=  -1 
 X= 246 X2= 249  Y= 708 Y2= 703 P1= 908 P2= 162 T1=  35 T2=  32  P= 636  D=  -1 
 X= 245 X2= 249  Y= 708 Y2= 704 P1= 912 P2= 155 T1=  33 T2=  33  P= 636  D=  -1 
 X= 246 X2= 248  Y= 708 Y2= 703 P1= 911 P2= 156 T1=  33 T2=  33  P= 636  D=  -1 
 X= 246 X2= 248  Y= 708 Y2= 703 P1= 907 P2= 160 T1=  32 T2=  32  P=1152  D=  -1 
 X= 246 X2= 247  Y= 708 Y2= 704 P1= 909 P2= 159 T1=  33 T2=  33  P=1152  D=  -1 
 X= 244 X2= 245  Y= 707 Y2= 702 P1= 902 P2= 167 T1=  31 T2=  31  P=1073  D=  -1 
 X= 244 X2= 246  Y= 707 Y2= 702 P1= 902 P2= 168 T1=  32 T2=  31  P=1070  D=  -1 
 X= 246 X2= 248  Y= 707 Y2= 704 P1= 911 P2= 156 T1=  33 T2=  33  P=1070  D=  -1 
 X= 244 X2= 248  Y= 707 Y2= 702 P1= 902 P2= 167 T1=  30 T2=  31  P=1082  D=  -1 * 0
 X= 243 X2= 246  Y= 707 Y2= 702 P1= 904 P2= 166 T1=  30 T2=  32  P=1084  D=  -1 * 0
 X= 244 X2= 245  Y= 706 Y2= 703 P1= 903 P2= 167 T1=  32 T2=  30  P=1075  D=  -1 
 X= 244 X2= 245  Y= 706 Y2= 702 P1= 900 P2= 170 T1=  30 T2=  29  P=1047  D=  -1 * 0
 X= 243 X2= 245  Y= 706 Y2= 702 P1= 899 P2= 171 T1=  31 T2=  30  P=1038  D=  -1 
 X= 243 X2= 244  Y= 706 Y2= 702 P1= 900 P2= 170 T1=  30 T2=  30  P=1043  D=  -1 * 0
 X= 244 X2= 245  Y= 706 Y2= 702 P1= 900 P2= 171 T1=  31 T2=  30  P=1040  D=  -1 
 X= 243 X2= 246  Y= 706 Y2= 702 P1= 899 P2= 172 T1=  30 T2=  30  P=1031  D=  -1 * 1
 X= 243 X2= 246  Y= 706 Y2= 702 P1= 899 P2= 171 T1=  31 T2=  31  P=1038  D=  -1 
 X= 243 X2= 245  Y= 707 Y2= 702 P1= 899 P2= 171 T1=  30 T2=  30  P=1038  D=  -1 * 2
 X= 243 X2= 245  Y= 706 Y2= 702 P1= 900 P2= 171 T1=  30 T2=  30  P=1040  D=  -1 * 3
 X= 242 X2= 245  Y= 706 Y2= 702 P1= 899 P2= 171 T1=  30 T2=  31  P=1034  D=  -1 * 4
 X= 243 X2= 246  Y= 706 Y2= 702 P1= 900 P2= 170 T1=  30 T2=  30  P=1047  D=  -1 * 5
 X= 243 X2= 245  Y= 706 Y2= 702 P1= 900 P2= 171 T1=  31 T2=  31  P=1040  D=  -1 
 X= 243 X2= 245  Y= 706 Y2= 702 P1= 899 P2= 171 T1=  30 T2=  31  P=1038  D=  -1 * 6
 X= 243 X2= 245  Y= 706 Y2= 701 P1= 899 P2= 173 T1=  30 T2=  31  P=1023  D=  -1 * 7
 X= 243 X2= 245  Y= 706 Y2= 702 P1= 899 P2= 172 T1=  30 T2=  30  P=1031  D=  -1 * 8
 X= 243 X2= 246  Y= 706 Y2= 702 P1= 899 P2= 172 T1=  30 T2=  30  P=1031  D=  -1 * 9
 X= 242 X2= 244  Y= 706 Y2= 701 P1= 898 P2= 172 T1=  30 T2=  30  P=1025  D=  -1 * 10
 X= 244 X2= 245  Y= 706 Y2= 702 P1= 899 P2= 171 T1=  30 T2=  30  P=1038  D=  -1 * 11
 X= 243 X2= 245  Y= 706 Y2= 701 P1= 898 P2= 172 T1=  30 T2=  30  P=1029  D=  -1 * 12
 X= 242 X2= 245  Y= 706 Y2= 701 P1= 899 P2= 172 T1=  30 T2=  29  P=1026  D=  -1 * 13
 X= 243 X2= 243  Y= 706 Y2= 702 P1= 898 P2= 172 T1=  32 T2=  29  P=1025  D=  -1 
 X= 243 X2= 245  Y= 706 Y2= 702 P1= 899 P2= 172 T1=  31 T2=  30  P=1031  D=  -1 
 X= 244 X2= 244  Y= 705 Y2= 701 P1= 898 P2= 172 T1=  30 T2=  30  P=1029  D=  -1 * 14
 X= 243 X2= 246  Y= 706 Y2= 702 P1= 899 P2= 173 T1=  30 T2=  30  P=1023  D=  -1 * 15
 X= 243 X2= 245  Y= 706 Y2= 701 P1= 898 P2= 172 T1=  30 T2=  29  P=1029  D=  -1 * 16
 X= 243 X2= 245  Y= 705 Y2= 702 P1= 898 P2= 173 T1=  31 T2=  29  P=1022  D=  -1 
 X= 243 X2= 244  Y= 706 Y2= 702 P1= 898 P2= 173 T1=  30 T2=  30  P=1018  D=  -1 * 17
 X= 242 X2= 245  Y= 705 Y2= 701 P1= 898 P2= 173 T1=  30 T2=  30  P=1018  D=  -1 * 18
 X= 243 X2= 245  Y= 706 Y2= 702 P1= 898 P2= 173 T1=  29 T2=  30  P=1022  D=  -1 * 19
 X= 243 X2= 245  Y= 705 Y2= 701 P1= 897 P2= 172 T1=  30 T2=  30  P=1028  D=  -1 * 20
 X= 243 X2= 245  Y= 705 Y2= 701 P1= 897 P2= 173 T1=  30 T2=  30  P=1020  D=  -1 * 21
 X= 242 X2= 244  Y= 706 Y2= 702 P1= 897 P2= 174 T1=  30 T2=  31  P=1009  D=  -1 * 22
 X= 242 X2= 244  Y= 706 Y2= 702 P1= 897 P2= 174 T1=  29 T2=  30  P=1009  D=  -1 * 23
 X= 243 X2= 244  Y= 706 Y2= 701 P1= 897 P2= 174 T1=  30 T2=  30  P=1009  D=  -1 * 24
Remove Pin
 X= 243 X2= 254  Y= 706 Y2= 701 P1= 897 P2= 173 T1=  30 T2=  29  P=1037  D=  -1 * 24
 X= 243 X2= 244  Y= 706 Y2= 702 P1= 898 P2= 174 T1=  30 T2=  30  P=1010  D=  -1 * 24
 X= 242 X2= 244  Y= 705 Y2= 701 P1= 897 P2= 174 T1=  30 T2=  30  P=1009  D=  -1 * 24
 X= 243 X2= 244  Y= 706 Y2= 701 P1= 897 P2= 174 T1=  30 T2=  30  P=1009  D=  -1 * 24
 X= 243 X2= 245  Y= 706 Y2= 702 P1= 896 P2= 174 T1=  30 T2=  29  P=1012  D=  -1 * 24
 X= 243 X2= 244  Y= 706 Y2= 701 P1= 897 P2= 174 T1=  30 T2=  29  P=1009  D=  -1 * 24
 X= 242 X2= 243  Y= 706 Y2= 701 P1= 897 P2= 176 T1=  29 T2=  30  P= 991  D=  -1 * 24
 X= 242 X2= 244  Y= 706 Y2= 701 P1= 896 P2= 175 T1=  29 T2=  30  P=1001  D=  -1 * 24
 X= 242 X2= 244  Y= 706 Y2= 702 P1= 896 P2= 176 T1=  29 T2=  29  P= 993  D=  -1 * 24
 X= 242 X2= 244  Y= 705 Y2= 702 P1= 895 P2= 177 T1=  29 T2=  29  P= 985  D=  -1 * 24
 X= 241 X2= 244  Y= 705 Y2= 701 P1= 895 P2= 177 T1=  29 T2=  29  P= 981  D=  -1 * 24
 X= 242 X2= 244  Y= 705 Y2= 702 P1= 895 P2= 176 T1=  28 T2=  29  P= 992  D=  -1 * 24
 X= 242 X2= 244  Y= 705 Y2= 701 P1= 896 P2= 177 T1=  29 T2=  29  P= 987  D=  -1 * 24
 X= 242 X2= 244  Y= 705 Y2= 700 P1= 896 P2= 176 T1=  29 T2=  29  P= 993  D=  -1 * 24
 X= 242 X2= 243  Y= 705 Y2= 701 P1= 895 P2= 177 T1=  29 T2=  29  P= 981  D=  -1 * 24
 X= 242 X2= 244  Y= 705 Y2= 701 P1= 894 P2= 177 T1=  30 T2=  29  P= 984  D=  -1 * 24
 X= 242 X2= 243  Y= 706 Y2= 701 P1= 894 P2= 177 T1=  28 T2=  27  P= 980  D=  -1 * 24
 X= 241 X2= 243  Y= 705 Y2= 701 P1= 895 P2= 177 T1=  29 T2=  30  P= 981  D=  -1 * 24
 X= 242 X2= 243  Y= 705 Y2= 701 P1= 895 P2= 176 T1=  28 T2=  28  P= 988  D=  -1 * 24
 X= 242 X2= 243  Y= 705 Y2= 701 P1= 895 P2= 178 T1=  29 T2=  29  P= 974  D=  -1 * 24
 X= 242 X2= 244  Y= 705 Y2= 701 P1= 895 P2= 177 T1=  29 T2=  28  P= 985  D=  -1 * 24
 X= 241 X2= 244  Y= 705 Y2= 701 P1= 895 P2= 177 T1=  29 T2=  29  P= 981  D=  -1 * 24
 X= 242 X2= 242  Y= 705 Y2= 701 P1= 895 P2= 177 T1=  28 T2=  28  P= 981  D=  -1 * 24
 X= 242 X2= 244  Y= 705 Y2= 702 P1= 895 P2= 178 T1=  28 T2=  29  P= 978  D=  -1 * 24
 X= 241 X2= 244  Y= 705 Y2= 701 P1= 895 P2= 178 T1=  29 T2=  27  P= 974  D=  -1 * 24
 X= 241 X2= 245  Y= 705 Y2= 701 P1= 894 P2= 178 T1=  29 T2=  28  P= 977  D=  -1 * 24
 X= 242 X2= 244  Y= 705 Y2= 701 P1= 894 P2= 178 T1=  28 T2=  28  P= 977  D=  -1 * 24
 X= 242 X2= 244  Y= 705 Y2= 700 P1= 893 P2= 178 T1=  28 T2=  29  P= 975  D=  -1 * 24
 X= 241 X2= 243  Y= 705 Y2= 701 P1= 894 P2= 179 T1=  29 T2=  29  P= 966  D=  -1 * 24
 X= 242 X2= 244  Y= 705 Y2= 701 P1= 894 P2= 178 T1=  29 T2=  29  P= 977  D=  -1 * 24
 X= 242 X2= 244  Y= 705 Y2= 701 P1= 894 P2= 178 T1=  29 T2=  28  P= 977  D=  -1 * 24
 X= 243 X2= 244  Y= 705 Y2= 701 P1= 893 P2= 179 T1=  28 T2=  29  P= 969  D=  -1 * 24
 X= 242 X2= 243  Y= 705 Y2= 701 P1= 894 P2= 179 T1=  29 T2=  29  P= 966  D=  -1 * 24
 X= 242 X2= 243  Y= 705 Y2= 701 P1= 894 P2= 179 T1=  28 T2=  29  P= 966  D=  -1 * 24
 X= 242 X2= 243  Y= 706 Y2= 701 P1= 894 P2= 179 T1=  29 T2=  28  P= 966  D=  -1 * 24
 X= 242 X2= 243  Y= 705 Y2= 701 P1= 893 P2= 179 T1=  29 T2=  29  P= 965  D=  -1 * 24
 X= 241 X2= 242  Y= 705 Y2= 701 P1= 893 P2= 179 T1=  29 T2=  29  P= 961  D=  -1 * 24
 X= 241 X2= 243  Y= 706 Y2= 701 P1= 893 P2= 180 T1=  28 T2=  29  P= 958  D=  -1 * 24
 X= 241 X2= 243  Y= 705 Y2= 701 P1= 893 P2= 180 T1=  29 T2=  29  P= 958  D=  -1 * 24
 X= 241 X2= 243  Y= 705 Y2= 700 P1= 893 P2= 179 T1=  29 T2=  29  P= 965  D=  -1 * 24
 X= 241 X2= 243  Y= 705 Y2= 700 P1= 893 P2= 179 T1=  28 T2=  29  P= 965  D=  -1 * 24
 X= 241 X2= 244  Y= 705 Y2= 701 P1= 893 P2= 179 T1=  29 T2=  27  P= 965  D=  -1 * 24
 X= 242 X2= 244  Y= 705 Y2= 700 P1= 893 P2= 180 T1=  29 T2=  28  P= 962  D=  -1 * 24
 X= 241 X2= 243  Y= 705 Y2= 701 P1= 893 P2= 180 T1=  28 T2=  28  P= 958  D=  -1 * 24
 X= 241 X2= 243  Y= 704 Y2= 701 P1= 893 P2= 180 T1=  28 T2=  28  P= 958  D=  -1 * 24
 X= 241 X2= 243  Y= 705 Y2= 701 P1= 893 P2= 180 T1=  29 T2=  29  P= 958  D=  -1 * 24
 X= 242 X2= 243  Y= 705 Y2= 701 P1= 893 P2= 180 T1=  28 T2=  28  P= 958  D=  -1 * 24
 X= 241 X2= 244  Y= 705 Y2= 701 P1= 893 P2= 180 T1=  29 T2=  29  P= 958  D=  -1 * 24
 X= 241 X2= 242  Y= 705 Y2= 701 P1= 892 P2= 181 T1=  28 T2=  29  P= 946  D=  -1 * 24
 X= 241 X2= 243  Y= 703 Y2= 701 P1= 893 P2= 180 T1=  28 T2=  28  P= 958  D=  -1 * 24
 X= 242 X2= 244  Y= 705 Y2= 700 P1= 893 P2= 180 T1=  29 T2=  28  P= 962  D=  -1 * 24
 X= 242 X2= 243  Y= 705 Y2= 700 P1= 893 P2= 181 T1=  28 T2=  28  P= 951  D=  -1 * 24
 X= 241 X2= 243  Y= 705 Y2= 700 P1= 893 P2= 181 T1=  28 T2=  28  P= 951  D=  -1 * 24
 X= 241 X2= 243  Y= 705 Y2= 701 P1= 893 P2= 181 T1=  28 T2=  29  P= 951  D=  -1 * 24
 X= 242 X2= 243  Y= 704 Y2= 701 P1= 892 P2= 181 T1=  27 T2=  29  P= 950  D=  -1 * 24
 X= 241 X2= 243  Y= 705 Y2= 701 P1= 892 P2= 181 T1=  27 T2=  27  P= 950  D=  -1 * 24
 X= 243 X2= 244  Y= 705 Y2= 701 P1= 893 P2= 181 T1=  28 T2=  28  P= 955  D=  -1 * 24
 X= 242 X2= 243  Y= 704 Y2= 700 P1= 892 P2= 182 T1=  28 T2=  29  P= 944  D=  -1 * 24
 X= 242 X2= 245  Y= 705 Y2= 700 P1= 892 P2= 181 T1=  28 T2=  28  P= 954  D=  -1 * 24
 X= 241 X2= 243  Y= 705 Y2= 700 P1= 891 P2= 182 T1=  28 T2=  28  P= 942  D=  -1 * 24
 X= 241 X2= 243  Y= 705 Y2= 700 P1= 891 P2= 182 T1=  28 T2=  28  P= 942  D=  -1 * 24
 X= 240 X2= 243  Y= 704 Y2= 700 P1= 891 P2= 183 T1=  28 T2=  28  P= 932  D=  -1 * 24
 X= 241 X2= 241  Y= 705 Y2= 701 P1= 890 P2= 183 T1=  28 T2=  28  P= 930  D=  -1 * 24
 X= 241 X2= 242  Y= 704 Y2= 700 P1= 891 P2= 183 T1=  28 T2=  28  P= 932  D=  -1 * 24
 X= 241 X2= 243  Y= 704 Y2= 700 P1= 891 P2= 183 T1=  28 T2=  28  P= 936  D=  -1 * 24
 X= 241 X2= 243  Y= 705 Y2= 700 P1= 890 P2= 183 T1=  28 T2=  28  P= 934  D=  -1 * 24
 X= 242 X2= 241  Y= 704 Y2= 700 P1= 891 P2= 183 T1=  27 T2=  27  P= 932  D=  -1 * 24
 X= 241 X2= 243  Y= 705 Y2= 701 P1= 893 P2= 181 T1=  28 T2=  28  P= 951  D=  -1 * 24
 X= 933 X2= 982  Y= 963 Y2=1021 P1=1023 P2=   0 T1=1023 T2= 851  P= 951  D=  -1 
 X= 976 X2=1008  Y= 962 Y2=1022 P1=1023 P2=   0 T1=1022 T2= 861  P= 951  D=  -1 
 X= 898 X2=1016  Y= 948 Y2=1022 P1=1023 P2=   0 T1=1022 T2= 863  P= 951  D=  -1 
Target Noise  x= 2.50 y= 2.50
X[0]: Target= 23   239/ 241/ 247 Stdev= 1.88 N= 24  Y[0]: Target= 22   342/ 344/ 349 Stdev= 1.53 N= 24
X[1]: Target=456   815/ 817/ 819 Stdev= 1.15 N= 24  Y[1]: Target= 22   350/ 352/ 357 Stdev= 2.38 N= 24
X[2]: Target=456   813/ 814/ 816 Stdev= 0.63 N= 24  Y[2]: Target=249   697/ 698/ 698 Stdev= 0.46 N= 24
X[3]: Target= 23   243/ 244/ 244 Stdev= 0.46 N= 24  Y[3]: Target=249   703/ 704/ 704 Stdev= 0.47 N= 24
N=24 Avg=22
min: 20 21 21 21 21 21 
max: 27 26 24 23 23 22 
N=24 Avg=22
min: 20 20 20 20 20 20 
max: 27 26 26 26 24 24 
N=24 Avg=14
min: 14 14 14 14 14 14 
max: 15 15 15 15 15 15 
N=24 Avg=29
min: 29 29 29 29 30 30 
max: 30 30 30 30 30 30 
Using TNT center offset = 23
TNT Plane Coef: a= -737 b=  -58 c= 404375
At  240, 343: Real=  22 Fit=  26 Offset=   3
At  816, 352: Real=  24 Fit=  21 Offset=  -2
At  813, 697: Real=  15 Fit=  20 Offset=  -3
At  243, 703: Real=  30 Fit=  26 Offset=   3
Fit Corners: 29, 18, 18, 29  Center: 23
Setting for min_tnt_up:   523
Setting for max_tnt_down: 28 (V2:42)
Entering calib_pressure_mfg
Using default pressure curve
468 471 487 495 509 524 553 575 612 
Summary:
Setting for max_tnt_down:      28
3.7 setting for max_tnt_down:     -1
Setting for min_tnt_up:       523
Setting for max_delta_tnt:      5
3.8 setting for max_delta_tnt:     -1
Setting for delay_in_us:        1
Setting for y_delay_in_us:      1
Setting for tnt_delay_in_us:    1
Setting for pressure_curve:  468 471 487 495 509 524 553 575 612
Setting for tnt_mode:           1
Setting for averaging:         -1
Setting for pointercal:      49272 -410 -10177162 -645 41329 -12579230 65536
Setting for tnt_plane:       -737 -58 404375
