new-calib: New touch screen calibration program v3.12
Serial Number='15091E00010B060201AF'
Using tnt_mode=1
Setting for delay_in_us:        1
Setting for y_delay_in_us:      1
Setting for tnt_delay_in_us:    1
Setting for max_delta_tnt:      5
Setting for tnt_mode:           1
Setting for averaging:         -1
Entering get_five_points
target_noise  x= 2.50 y= 2.50 t= 2.50
target state=0 point=240,136
 X= 977 X2=1013  Y= 953 Y2=1019 P1=  -1 P2=  -1 T1=1022 T2= 927  P=  -1  D=  -1 
 X= 886 X2=1023  Y= 962 Y2=1020 P1=  -1 P2=  -1 T1=1023 T2= 860  P=  -1  D=  -1 
 X= 945 X2=1010  Y= 967 Y2=1020 P1=  -1 P2=  -1 T1=1023 T2= 915  P=  -1  D=  -1 
 X= 859 X2=1015  Y= 981 Y2=1023 P1=  -1 P2=  -1 T1=1023 T2= 901  P=  -1  D=  -1 
 X= 894 X2=1021  Y= 976 Y2=1023 P1=  -1 P2=  -1 T1=1019 T2= 937  P=  -1  D=  -1 
 X= 966 X2=1004  Y= 983 Y2=1018 P1=  -1 P2=  -1 T1=1023 T2= 918  P=  -1  D=  -1 
 X=1023 X2=1005  Y= 987 Y2=1023 P1=  -1 P2=  -1 T1=1021 T2= 903  P=  -1  D=  -1 
 X= 946 X2= 999  Y= 979 Y2=1022 P1=  -1 P2=  -1 T1=1023 T2= 910  P=  -1  D=  -1 
 X= 857 X2=1022  Y= 989 Y2=1019 P1=  -1 P2=  -1 T1=1021 T2= 927  P=  -1  D=  -1 
 X= 906 X2=1022  Y= 992 Y2=1018 P1=  -1 P2=  -1 T1=1023 T2= 911  P=  -1  D=  -1 
 X= 972 X2=1021  Y= 986 Y2=1019 P1=  -1 P2=  -1 T1=1023 T2= 919  P=  -1  D=  -1 
 X= 942 X2=1023  Y= 980 Y2=1019 P1=  -1 P2=  -1 T1=1021 T2= 920  P=  -1  D=  -1 
 X= 938 X2=1023  Y= 990 Y2=1023 P1=  -1 P2=  -1 T1=1020 T2= 918  P=  -1  D=  -1 
 X= 916 X2=1023  Y= 972 Y2=1019 P1=  -1 P2=  -1 T1=1020 T2= 915  P=  -1  D=  -1 
 X= 854 X2=1020  Y= 969 Y2=1023 P1=  -1 P2=  -1 T1=1019 T2= 932  P=  -1  D=  -1 
 X= 940 X2=1020  Y= 979 Y2=1020 P1=1020 P2=  -1 T1=1021 T2= 904  P=  -1  D=  -1 
 X=1023 X2=1006  Y= 980 Y2=1023 P1=1023 P2=  -1 T1=1020 T2= 937  P=  -1  D=  -1 
 X=1022 X2=1014  Y= 991 Y2=1023 P1=1023 P2=  -1 T1=1019 T2= 933  P=  -1  D=  -1 
 X= 913 X2=1023  Y= 973 Y2=1020 P1=1023 P2=  -1 T1=1023 T2= 928  P=  -1  D=  -1 
 X= 947 X2=1021  Y= 988 Y2=1022 P1=1023 P2=  -1 T1=1020 T2= 912  P=  -1  D=  -1 
 X= 903 X2=1017  Y= 967 Y2=1023 P1=1023 P2=  -1 T1=1023 T2= 942  P=  -1  D=  -1 
 X= 872 X2=1023  Y= 978 Y2=1020 P1=1023 P2=  -1 T1=1019 T2= 918  P=  -1  D=  -1 
 X= 847 X2=1016  Y= 969 Y2=1022 P1=1023 P2=  -1 T1=1021 T2= 924  P=  -1  D=  -1 
 X= 986 X2=1018  Y= 984 Y2=1023 P1=1023 P2=  -1 T1=1023 T2= 909  P=  -1  D=  -1 
 X= 948 X2= 999  Y= 992 Y2=1023 P1=1023 P2=  -1 T1=1021 T2= 917  P=  -1  D=  -1 
 X= 997 X2=1018  Y= 977 Y2=1020 P1=1023 P2=  -1 T1=1023 T2= 893  P=  -1  D=  -1 
 X= 854 X2=1015  Y= 977 Y2=1023 P1=1023 P2=  -1 T1=1022 T2= 916  P=  -1  D=  -1 
 X= 919 X2=1023  Y= 995 Y2=1022 P1=1023 P2=  -1 T1=1023 T2= 903  P=  -1  D=  -1 
 X= 922 X2=1023  Y= 992 Y2=1018 P1=1023 P2=  -1 T1=1021 T2= 895  P=  -1  D=  -1 
 X= 855 X2=1015  Y= 981 Y2=1023 P1=1023 P2=  -1 T1=1023 T2= 922  P=  -1  D=  -1 
 X= 917 X2=1017  Y= 977 Y2=1023 P1=1023 P2=  -1 T1=1023 T2= 922  P=  -1  D=  -1 
 X= 793 X2=1023  Y= 986 Y2=1019 P1=1023 P2=  -1 T1=1021 T2= 919  P=  -1  D=  -1 
 X=1023 X2=1013  Y= 988 Y2=1021 P1=1023 P2=  -1 T1=1019 T2= 919  P=  -1  D=  -1 
 X= 916 X2=1021  Y= 973 Y2=1021 P1=1023 P2=  -1 T1=1019 T2= 915  P=  -1  D=  -1 
 X= 943 X2=1023  Y= 975 Y2=1021 P1=1023 P2=  -1 T1=1020 T2= 902  P=  -1  D=  -1 
 X= 956 X2=1023  Y= 978 Y2=1018 P1=1023 P2=  -1 T1=1023 T2= 899  P=  -1  D=  -1 
 X= 791 X2=1023  Y= 980 Y2=1020 P1=1023 P2=  -1 T1=1021 T2= 923  P=  -1  D=  -1 
 X= 906 X2=1023  Y= 978 Y2=1019 P1=1023 P2=  -1 T1=1023 T2= 931  P=  -1  D=  -1 
 X=1007 X2=1005  Y= 981 Y2=1020 P1=1023 P2=  -1 T1=1022 T2= 892  P=  -1  D=  -1 
 X= 842 X2=1022  Y= 977 Y2=1019 P1=1023 P2=  -1 T1=1023 T2= 899  P=  -1  D=  -1 
 X= 935 X2=1022  Y= 986 Y2=1019 P1=1023 P2=  -1 T1=1023 T2= 902  P=  -1  D=  -1 
 X=1020 X2= 988  Y= 976 Y2=1021 P1=1023 P2=  -1 T1=1023 T2= 895  P=  -1  D=  -1 
 X=1020 X2= 997  Y= 970 Y2=1018 P1=1023 P2=  -1 T1=1023 T2= 917  P=  -1  D=  -1 
 X= 897 X2=1023  Y= 986 Y2=1023 P1=1023 P2=  -1 T1=1022 T2= 912  P=  -1  D=  -1 
 X= 954 X2=1023  Y= 977 Y2=1018 P1=1023 P2=  -1 T1=1020 T2= 913  P=  -1  D=  -1 
 X= 965 X2= 999  Y= 981 Y2=1019 P1=1023 P2=  -1 T1=1022 T2= 905  P=  -1  D=  -1 
 X=1023 X2=1005  Y= 987 Y2=1019 P1=1023 P2=  -1 T1=1023 T2= 901  P=  -1  D=  -1 
 X= 959 X2=1009  Y= 975 Y2=1019 P1=1023 P2=  -1 T1=1022 T2= 906  P=  -1  D=  -1 
 X= 976 X2=1019  Y= 962 Y2=1019 P1=1022 P2=  -1 T1=1020 T2= 924  P=  -1  D=  -1 
 X= 907 X2=1016  Y= 973 Y2=1023 P1=1023 P2=  -1 T1=1022 T2= 911  P=  -1  D=  -1 
 X= 954 X2= 992  Y= 985 Y2=1021 P1=1023 P2=  -1 T1=1023 T2= 898  P=  -1  D=  -1 
 X=1014 X2=1003  Y= 965 Y2=1023 P1=1023 P2=  -1 T1=1018 T2= 906  P=  -1  D=  -1 
 X= 995 X2=1003  Y= 976 Y2=1023 P1=1023 P2=  -1 T1=1023 T2= 927  P=  -1  D=  -1 
 X= 919 X2=1022  Y= 993 Y2=1022 P1=1023 P2=  -1 T1=1020 T2= 921  P=  -1  D=  -1 
 X=1023 X2=1012  Y= 981 Y2=1020 P1=1023 P2=  -1 T1=1023 T2= 916  P=  -1  D=  -1 
 X= 962 X2=1023  Y= 984 Y2=1020 P1=1023 P2=  -1 T1=1023 T2= 917  P=  -1  D=  -1 
 X= 859 X2=1023  Y= 976 Y2=1023 P1=1023 P2=  -1 T1=1019 T2= 895  P=  -1  D=  -1 
 X=1013 X2=1003  Y= 982 Y2=1020 P1=1023 P2=  -1 T1=1019 T2= 904  P=  -1  D=  -1 
 X= 878 X2=1020  Y= 971 Y2=1021 P1=1023 P2=  -1 T1=1021 T2= 917  P=  -1  D=  -1 
 X= 896 X2=1021  Y= 977 Y2=1020 P1=1023 P2=  -1 T1=1020 T2= 916  P=  -1  D=  -1 
 X= 958 X2= 988  Y= 986 Y2=1023 P1=1023 P2=  -1 T1=1023 T2= 906  P=  -1  D=  -1 
 X= 978 X2=1013  Y= 980 Y2=1023 P1=1023 P2=  -1 T1=1023 T2= 903  P=  -1  D=  -1 
 X= 906 X2=1023  Y= 967 Y2=1020 P1=1023 P2=  -1 T1=1022 T2= 898  P=  -1  D=  -1 
 X=1023 X2=1005  Y= 969 Y2=1023 P1=1023 P2=  -1 T1=1019 T2= 915  P=  -1  D=  -1 
 X= 937 X2=1021  Y= 974 Y2=1023 P1=1023 P2=  -1 T1=1023 T2= 915  P=  -1  D=  -1 
 X= 954 X2=1023  Y= 976 Y2=1021 P1=1023 P2=  -1 T1=1023 T2= 922  P=  -1  D=  -1 
 X= 881 X2=1023  Y= 963 Y2=1022 P1=1023 P2=  -1 T1=1019 T2= 901  P=  -1  D=  -1 
 X=1001 X2=1012  Y= 975 Y2=1023 P1=1023 P2=  -1 T1=1023 T2= 894  P=  -1  D=  -1 
 X= 812 X2=1023  Y= 972 Y2=1019 P1=1023 P2=  -1 T1=1021 T2= 924  P=  -1  D=  -1 
 X= 948 X2=1023  Y= 981 Y2=1023 P1=1023 P2=  -1 T1=1023 T2= 892  P=  -1  D=  -1 
 X= 883 X2=1018  Y=1018 Y2=1021 P1=1023 P2=  -1 T1=1023 T2=1022  P=  -1  D=  -1 
 X=1020 X2= 990  Y= 973 Y2=1020 P1=1023 P2=  -1 T1=1023 T2= 905  P=  -1  D=  -1 
 X= 878 X2=1023  Y= 981 Y2=1019 P1=1023 P2=  -1 T1=1023 T2= 907  P=  -1  D=  -1 
 X=1023 X2=1006  Y= 985 Y2=1017 P1=1023 P2=  -1 T1=1020 T2= 909  P=  -1  D=  -1 
 X=1023 X2=1006  Y= 977 Y2=1019 P1=1023 P2=  -1 T1=1020 T2= 948  P=  -1  D=  -1 
 X= 974 X2= 999  Y= 979 Y2=1020 P1=1023 P2=  -1 T1=1023 T2= 905  P=  -1  D=  -1 
 X=1001 X2=1003  Y= 979 Y2=1019 P1=1023 P2=  -1 T1=1023 T2= 936  P=  -1  D=  -1 
 X= 992 X2=1018  Y= 980 Y2=1023 P1=1023 P2=  -1 T1=1023 T2= 929  P=  -1  D=  -1 
 X= 936 X2=1022  Y= 993 Y2=1022 P1=1023 P2=  -1 T1=1023 T2= 898  P=  -1  D=  -1 
 X= 947 X2= 987  Y= 977 Y2=1016 P1=1023 P2=  -1 T1=1023 T2= 924  P=  -1  D=  -1 
 X=1023 X2=1011  Y= 970 Y2=1018 P1=1023 P2=  -1 T1=1016 T2= 920  P=  -1  D=  -1 
 X= 878 X2=1023  Y= 981 Y2=1019 P1=1023 P2=  -1 T1=1023 T2= 895  P=  -1  D=  -1 
 X= 966 X2=1006  Y= 986 Y2=1023 P1=1023 P2=  -1 T1=1023 T2= 917  P=  -1  D=  -1 
 X= 867 X2=1016  Y= 968 Y2=1023 P1=1023 P2=  -1 T1=1023 T2= 902  P=  -1  D=  -1 
 X= 947 X2=1023  Y= 977 Y2=1021 P1=1023 P2=  -1 T1=1020 T2= 897  P=  -1  D=  -1 
 X=1023 X2=1012  Y= 985 Y2=1023 P1=1023 P2=  -1 T1=1020 T2= 907  P=  -1  D=  -1 
 X= 996 X2=1006  Y= 970 Y2=1023 P1=1023 P2=  -1 T1=1023 T2= 907  P=  -1  D=  -1 
 X= 991 X2=1013  Y= 981 Y2=1023 P1=1023 P2=  -1 T1=1023 T2= 894  P=  -1  D=  -1 
 X=1022 X2=1005  Y= 961 Y2=1021 P1=1023 P2=  -1 T1=1019 T2= 924  P=  -1  D=  -1 
 X=1007 X2=1005  Y= 982 Y2=1023 P1=1023 P2=  -1 T1=1020 T2= 911  P=  -1  D=  -1 
 X= 829 X2=1023  Y= 963 Y2=1019 P1=1023 P2=  -1 T1=1023 T2= 907  P=  -1  D=  -1 
 X= 922 X2=1023  Y= 985 Y2=1019 P1=1023 P2=  -1 T1=1023 T2= 928  P=  -1  D=  -1 
 X= 853 X2=1018  Y= 980 Y2=1023 P1=1023 P2=  -1 T1=1021 T2= 908  P=  -1  D=  -1 
 X= 899 X2=1016  Y= 983 Y2=1023 P1=1023 P2=  -1 T1=1018 T2= 924  P=  -1  D=  -1 
 X= 931 X2=1017  Y= 963 Y2=1023 P1=1023 P2=  -1 T1=1022 T2= 914  P=  -1  D=  -1 
 X=1023 X2=1014  Y= 982 Y2=1023 P1=1023 P2=  -1 T1=1020 T2= 908  P=  -1  D=  -1 
 X= 947 X2=1023  Y= 977 Y2=1023 P1=1023 P2=  -1 T1=1019 T2= 899  P=  -1  D=  -1 
 X=1003 X2=1013  Y= 975 Y2=1023 P1=1023 P2=  -1 T1=1022 T2= 921  P=  -1  D=  -1 
 X= 948 X2=1001  Y= 980 Y2=1019 P1=1023 P2=  -1 T1=1021 T2= 904  P=  -1  D=  -1 
 X= 949 X2=1023  Y= 977 Y2=1023 P1=1023 P2=  -1 T1=1020 T2= 914  P=  -1  D=  -1 
 X= 913 X2=1023  Y= 980 Y2=1023 P1=1023 P2=  -1 T1=1018 T2= 908  P=  -1  D=  -1 
 X= 928 X2=1023  Y= 974 Y2=1022 P1=1023 P2=  -1 T1=1023 T2= 956  P=  -1  D=  -1 
 X= 895 X2=1016  Y= 986 Y2=1022 P1=1023 P2=  -1 T1=1019 T2= 911  P=  -1  D=  -1 
 X= 883 X2=1023  Y= 979 Y2=1019 P1=1023 P2=  -1 T1=1021 T2= 923  P=  -1  D=  -1 
 X=1023 X2=1017  Y= 972 Y2=1023 P1=1023 P2=  -1 T1=1021 T2= 919  P=  -1  D=  -1 
 X=1022 X2=1013  Y= 976 Y2=1019 P1=1023 P2=  -1 T1=1023 T2= 923  P=  -1  D=  -1 
 X= 950 X2=1023  Y= 988 Y2=1018 P1=1023 P2=  -1 T1=1023 T2= 930  P=  -1  D=  -1 
 X= 949 X2=1021  Y= 978 Y2=1017 P1=1023 P2=  -1 T1=1023 T2= 925  P=  -1  D=  -1 
 X= 951 X2=1022  Y= 974 Y2=1023 P1=1023 P2=  -1 T1=1023 T2= 924  P=  -1  D=  -1 
 X= 836 X2=1023  Y= 980 Y2=1023 P1=1023 P2=  -1 T1=1023 T2= 930  P=  -1  D=  -1 
 X= 935 X2=1021  Y= 992 Y2=1023 P1=1023 P2=  -1 T1=1020 T2= 893  P=  -1  D=  -1 
 X= 993 X2=1012  Y= 970 Y2=1023 P1=1023 P2=  -1 T1=1023 T2= 923  P=  -1  D=  -1 
 X= 850 X2=1015  Y= 979 Y2=1023 P1=1023 P2=  -1 T1=1023 T2= 925  P=  -1  D=  -1 
 X=1016 X2=1020  Y= 962 Y2=1023 P1=1023 P2=  -1 T1=1019 T2= 932  P=  -1  D=  -1 
 X=1023 X2=1011  Y= 982 Y2=1023 P1=1023 P2=  -1 T1=1023 T2= 905  P=  -1  D=  -1 
 X= 900 X2=1023  Y= 998 Y2=1023 P1=1023 P2=  -1 T1=1023 T2= 914  P=  -1  D=  -1 
 X= 929 X2=1023  Y= 985 Y2=1023 P1=1023 P2=  -1 T1=1022 T2= 902  P=  -1  D=  -1 
 X=1023 X2=1013  Y= 969 Y2=1019 P1=1023 P2=  -1 T1=1023 T2= 916  P=  -1  D=  -1 
 X= 962 X2=1023  Y= 985 Y2=1021 P1=1023 P2=  -1 T1=1019 T2= 934  P=  -1  D=  -1 
 X= 791 X2=1023  Y= 975 Y2=1023 P1=1023 P2=  -1 T1=1020 T2= 911  P=  -1  D=  -1 
 X=1016 X2= 998  Y= 983 Y2=1020 P1=1023 P2=  -1 T1=1020 T2= 919  P=  -1  D=  -1 
 X= 981 X2=1018  Y= 976 Y2=1023 P1=1023 P2=  -1 T1=1021 T2= 928  P=  -1  D=  -1 
 X= 929 X2= 989  Y= 985 Y2=1023 P1=1023 P2=  -1 T1=1023 T2= 936  P=  -1  D=  -1 
 X=1014 X2= 998  Y= 975 Y2=1023 P1=1023 P2=  -1 T1=1023 T2= 885  P=  -1  D=  -1 
 X= 980 X2=1012  Y= 977 Y2=1023 P1=1023 P2=  -1 T1=1019 T2= 903  P=  -1  D=  -1 
 X=1023 X2=1011  Y= 996 Y2=1023 P1=1023 P2=  -1 T1=1021 T2= 933  P=  -1  D=  -1 
 X=1023 X2= 991  Y= 978 Y2=1020 P1=1023 P2=  -1 T1=1023 T2= 889  P=  -1  D=  -1 
 X= 951 X2=1023  Y= 968 Y2=1023 P1=1023 P2=  -1 T1=1021 T2= 921  P=  -1  D=  -1 
 X= 861 X2=1023  Y= 979 Y2=1023 P1=1023 P2=  -1 T1=1023 T2= 904  P=  -1  D=  -1 
 X=1006 X2=1016  Y= 980 Y2=1020 P1=1023 P2=  -1 T1=1021 T2= 906  P=  -1  D=  -1 
 X=1023 X2= 993  Y= 985 Y2=1023 P1=1023 P2=  -1 T1=1021 T2= 908  P=  -1  D=  -1 
 X= 926 X2=1016  Y= 971 Y2=1023 P1=1023 P2=  -1 T1=1018 T2= 903  P=  -1  D=  -1 
 X= 958 X2= 988  Y= 969 Y2=1023 P1=1023 P2=  -1 T1=1020 T2= 920  P=  -1  D=  -1 
 X=1023 X2=1006  Y= 976 Y2=1023 P1=1023 P2=  -1 T1=1020 T2= 906  P=  -1  D=  -1 
 X= 811 X2=1023  Y= 990 Y2=1022 P1=1023 P2=  -1 T1=1023 T2= 910  P=  -1  D=  -1 
 X= 877 X2=1023  Y= 977 Y2=1020 P1=1023 P2=  -1 T1=1023 T2= 923  P=  -1  D=  -1 
 X=1005 X2=1011  Y= 973 Y2=1023 P1=1023 P2=  -1 T1=1021 T2= 920  P=  -1  D=  -1 
 X= 911 X2=1020  Y= 988 Y2=1023 P1=1023 P2=  -1 T1=1022 T2= 919  P=  -1  D=  -1 
 X= 889 X2=1020  Y= 987 Y2=1023 P1=1023 P2=  -1 T1=1021 T2= 924  P=  -1  D=  -1 
 X=1023 X2=1013  Y= 981 Y2=1023 P1=1023 P2=  -1 T1=1023 T2= 917  P=  -1  D=  -1 
 X= 807 X2=1023  Y= 989 Y2=1023 P1=1023 P2=  -1 T1=1023 T2= 910  P=  -1  D=  -1 
 X= 960 X2=1023  Y= 987 Y2=1020 P1=1023 P2=  -1 T1=1023 T2= 910  P=  -1  D=  -1 
 X=1023 X2=1005  Y= 972 Y2=1023 P1=1023 P2=  -1 T1=1023 T2= 900  P=  -1  D=  -1 
 X= 791 X2=1023  Y= 973 Y2=1022 P1=1023 P2=  -1 T1=1020 T2= 905  P=  -1  D=  -1 
 X= 865 X2=1023  Y= 979 Y2=1018 P1=1023 P2=  -1 T1=1019 T2= 910  P=  -1  D=  -1 
 X= 972 X2=1023  Y= 981 Y2=1019 P1=1023 P2=  -1 T1=1023 T2= 909  P=  -1  D=  -1 
 X= 943 X2=1012  Y= 968 Y2=1021 P1=1023 P2=  -1 T1=1019 T2= 916  P=  -1  D=  -1 
 X= 939 X2=1023  Y= 984 Y2=1018 P1=1023 P2=  -1 T1=1022 T2= 914  P=  -1  D=  -1 
 X=1023 X2=1011  Y= 984 Y2=1023 P1=1023 P2=  -1 T1=1022 T2= 924  P=  -1  D=  -1 
 X=1003 X2= 999  Y= 979 Y2=1022 P1=1023 P2=  -1 T1=1023 T2= 916  P=  -1  D=  -1 
 X= 913 X2=1019  Y= 978 Y2=1020 P1=1023 P2=  -1 T1=1020 T2= 912  P=  -1  D=  -1 
 X= 949 X2=1021  Y= 983 Y2=1023 P1=1023 P2=  -1 T1=1023 T2= 910  P=  -1  D=  -1 
 X=1023 X2=1012  Y= 977 Y2=1023 P1=1023 P2=  -1 T1=1023 T2= 930  P=  -1  D=  -1 
 X= 807 X2=1023  Y= 974 Y2=1019 P1=1023 P2=  -1 T1=1023 T2= 911  P=  -1  D=  -1 
 X= 859 X2=1023  Y= 981 Y2=1021 P1=1023 P2=  -1 T1=1023 T2= 913  P=  -1  D=  -1 
 X=1008 X2=1005  Y= 985 Y2=1023 P1=1023 P2=  -1 T1=1022 T2= 898  P=  -1  D=  -1 
 X= 857 X2=1018  Y= 972 Y2=1023 P1=1023 P2=  -1 T1=1018 T2= 904  P=  -1  D=  -1 
 X= 937 X2=1022  Y= 986 Y2=1023 P1=1023 P2=  -1 T1=1020 T2= 903  P=  -1  D=  -1 
 X=1023 X2=1010  Y= 987 Y2=1023 P1=1023 P2=  -1 T1=1023 T2= 919  P=  -1  D=  -1 
 X= 966 X2=1019  Y= 969 Y2=1023 P1=1023 P2=  -1 T1=1023 T2= 920  P=  -1  D=  -1 
 X= 925 X2=1023  Y= 992 Y2=1023 P1=1023 P2=  -1 T1=1023 T2= 912  P=  -1  D=  -1 
 X= 932 X2=1021  Y= 994 Y2=1023 P1=1023 P2=  -1 T1=1020 T2= 889  P=  -1  D=  -1 
 X= 931 X2=1015  Y= 971 Y2=1021 P1=1023 P2=  -1 T1=1023 T2= 934  P=  -1  D=  -1 
 X= 890 X2=1020  Y= 968 Y2=1023 P1=1023 P2=  -1 T1=1023 T2= 908  P=  -1  D=  -1 
 X=1012 X2=1000  Y= 981 Y2=1020 P1=1023 P2=  -1 T1=1023 T2= 927  P=  -1  D=  -1 
 X= 995 X2=1012  Y= 979 Y2=1019 P1=1023 P2=  -1 T1=1023 T2= 904  P=  -1  D=  -1 
 X= 898 X2=1023  Y= 981 Y2=1023 P1=1023 P2=  -1 T1=1023 T2= 913  P=  -1  D=  -1 
 X= 935 X2=1020  Y= 975 Y2=1023 P1=1023 P2=  -1 T1=1023 T2= 886  P=  -1  D=  -1 
 X=1023 X2= 983  Y= 986 Y2=1023 P1=1023 P2=  -1 T1=1018 T2= 918  P=  -1  D=  -1 
 X= 844 X2=1023  Y= 985 Y2=1019 P1=1023 P2=  -1 T1=1019 T2= 918  P=  -1  D=  -1 
 X= 913 X2=1023  Y= 997 Y2=1019 P1=1023 P2=  -1 T1=1023 T2= 914  P=  -1  D=  -1 
 X=1023 X2=1017  Y=1013 Y2=1023 P1=1023 P2=  -1 T1=1023 T2=1019  P=  -1  D=  -1 
 X=1023 X2=1012  Y= 982 Y2=1023 P1=1023 P2=  -1 T1=1021 T2= 897  P=  -1  D=  -1 
 X= 964 X2= 990  Y= 971 Y2=1023 P1=1023 P2=  -1 T1=1023 T2= 913  P=  -1  D=  -1 
 X= 882 X2=1018  Y= 973 Y2=1023 P1=1023 P2=  -1 T1=1023 T2= 905  P=  -1  D=  -1 
 X= 894 X2=1020  Y= 971 Y2=1023 P1=1023 P2=  -1 T1=1019 T2= 906  P=  -1  D=  -1 
 X= 958 X2= 984  Y= 974 Y2=1018 P1=1023 P2=  -1 T1=1023 T2= 925  P=  -1  D=  -1 
 X=1023 X2=1006  Y= 977 Y2=1023 P1=1023 P2=  -1 T1=1019 T2= 909  P=  -1  D=  -1 
 X= 875 X2=1023  Y= 980 Y2=1023 P1=1023 P2=  -1 T1=1021 T2= 929  P=  -1  D=  -1 
 X= 922 X2=1023  Y= 983 Y2=1023 P1=1023 P2=  -1 T1=1023 T2= 905  P=  -1  D=  -1 
 X= 942 X2= 989  Y= 986 Y2=1018 P1=1023 P2=  -1 T1=1023 T2= 913  P=  -1  D=  -1 
 X= 901 X2=1017  Y= 966 Y2=1023 P1=1023 P2=  -1 T1=1019 T2= 910  P=  -1  D=  -1 
 X= 859 X2=1023  Y= 978 Y2=1023 P1=1023 P2=  -1 T1=1023 T2= 912  P=  -1  D=  -1 
 X=1023 X2=1007  Y= 985 Y2=1019 P1=1023 P2=  -1 T1=1019 T2= 902  P=  -1  D=  -1 
 X=1001 X2=1005  Y= 978 Y2=1023 P1=1023 P2=  -1 T1=1023 T2= 909  P=  -1  D=  -1 
 X= 889 X2=1023  Y= 973 Y2=1019 P1=1023 P2=  -1 T1=1020 T2= 909  P=  -1  D=  -1 
 X=1023 X2=1006  Y= 990 Y2=1023 P1=1023 P2=  -1 T1=1023 T2= 918  P=  -1  D=  -1 
 X=1006 X2=1005  Y= 983 Y2=1023 P1=1023 P2=  -1 T1=1019 T2= 864  P=  -1  D=  -1 
 X= 895 X2=1022  Y= 980 Y2=1023 P1=1023 P2=  -1 T1=1019 T2= 917  P=  -1  D=  -1 
 X= 928 X2=1023  Y= 974 Y2=1019 P1=1023 P2=  -1 T1=1020 T2= 930  P=  -1  D=  -1 
 X= 996 X2=1012  Y= 982 Y2=1019 P1=1023 P2=  -1 T1=1023 T2= 917  P=  -1  D=  -1 
 X= 928 X2=1017  Y= 980 Y2=1023 P1=1023 P2=  -1 T1=1022 T2= 933  P=  -1  D=  -1 
 X= 958 X2=1003  Y= 978 Y2=1023 P1=1023 P2=  -1 T1=1020 T2= 894  P=  -1  D=  -1 
 X=1019 X2= 989  Y= 971 Y2=1023 P1=1023 P2=  -1 T1=1023 T2= 906  P=  -1  D=  -1 
 X= 935 X2=1021  Y= 982 Y2=1023 P1=1023 P2=  -1 T1=1021 T2= 912  P=  -1  D=  -1 
 X= 883 X2=1021  Y= 979 Y2=1020 P1=1023 P2=  -1 T1=1019 T2= 900  P=  -1  D=  -1 
 X=1023 X2=1010  Y= 967 Y2=1019 P1=1023 P2=  -1 T1=1021 T2= 906  P=  -1  D=  -1 
 X= 783 X2=1023  Y= 983 Y2=1022 P1=1023 P2=  -1 T1=1021 T2= 894  P=  -1  D=  -1 
 X=1023 X2=1011  Y= 980 Y2=1019 P1=1023 P2=  -1 T1=1023 T2= 924  P=  -1  D=  -1 
 X= 856 X2=1021  Y= 971 Y2=1023 P1=1023 P2=  -1 T1=1023 T2= 907  P=  -1  D=  -1 
 X= 892 X2=1020  Y= 970 Y2=1019 P1=1023 P2=  -1 T1=1018 T2= 917  P=  -1  D=  -1 
 X= 869 X2=1023  Y= 978 Y2=1019 P1=1023 P2=  -1 T1=1023 T2= 896  P=  -1  D=  -1 
 X=1022 X2=1012  Y= 986 Y2=1022 P1=1023 P2=  -1 T1=1019 T2= 900  P=  -1  D=  -1 
 X=1007 X2=1001  Y= 980 Y2=1020 P1=1023 P2=  -1 T1=1023 T2= 904  P=  -1  D=  -1 
 X= 925 X2=1023  Y= 980 Y2=1023 P1=1023 P2=  -1 T1=1020 T2= 899  P=  -1  D=  -1 
 X= 941 X2=1022  Y= 983 Y2=1019 P1=1023 P2=  -1 T1=1023 T2= 910  P=  -1  D=  -1 
 X= 935 X2=1020  Y= 973 Y2=1023 P1=1023 P2=  -1 T1=1021 T2= 933  P=  -1  D=  -1 
 X= 854 X2=1023  Y= 991 Y2=1023 P1=1023 P2=  -1 T1=1023 T2= 917  P=  -1  D=  -1 
 X= 957 X2=1023  Y= 979 Y2=1023 P1=1023 P2=  -1 T1=1023 T2= 893  P=  -1  D=  -1 
 X= 982 X2=1012  Y= 962 Y2=1018 P1=1020 P2=  -1 T1=1023 T2= 886  P=  -1  D=  -1 
 X= 882 X2=1021  Y= 984 Y2=1023 P1=1023 P2=  -1 T1=1019 T2= 917  P=  -1  D=  -1 
 X=1023 X2=1004  Y= 975 Y2=1018 P1=1023 P2=  -1 T1=1020 T2= 918  P=  -1  D=  -1 
 X=1023 X2=1010  Y= 980 Y2=1023 P1=1023 P2=  -1 T1=1023 T2= 920  P=  -1  D=  -1 
 X= 941 X2=1014  Y= 979 Y2=1023 P1=1023 P2=  -1 T1=1023 T2= 958  P=  -1  D=  -1 
 X= 922 X2=1023  Y= 982 Y2=1018 P1=1023 P2=  -1 T1=1022 T2= 907  P=  -1  D=  -1 
 X=1023 X2=1007  Y= 976 Y2=1022 P1=1023 P2=  -1 T1=1023 T2= 913  P=  -1  D=  -1 
 X= 831 X2=1023  Y= 988 Y2=1020 P1=1023 P2=  -1 T1=1019 T2= 928  P=  -1  D=  -1 
 X= 857 X2=1023  Y= 981 Y2=1023 P1=1023 P2=  -1 T1=1023 T2= 896  P=  -1  D=  -1 
 X=1003 X2=1004  Y= 976 Y2=1023 P1=1023 P2=  -1 T1=1023 T2= 912  P=  -1  D=  -1 
 X= 848 X2=1021  Y= 968 Y2=1021 P1=1023 P2=  -1 T1=1019 T2= 934  P=  -1  D=  -1 
 X= 957 X2=1023  Y= 972 Y2=1018 P1=1023 P2=  -1 T1=1023 T2= 908  P=  -1  D=  -1 
 X= 957 X2=1002  Y= 980 Y2=1020 P1=1023 P2=  -1 T1=1023 T2= 915  P=  -1  D=  -1 
 X= 994 X2=1021  Y= 978 Y2=1023 P1=1023 P2=  -1 T1=1023 T2= 901  P=  -1  D=  -1 
 X= 859 X2=1023  Y= 999 Y2=1023 P1=1023 P2=  -1 T1=1023 T2= 909  P=  -1  D=  -1 
 X= 936 X2=1000  Y= 976 Y2=1021 P1=1023 P2=  -1 T1=1023 T2= 902  P=  -1  D=  -1 
 X= 943 X2=1023  Y= 986 Y2=1019 P1=1023 P2=  -1 T1=1020 T2= 906  P=  -1  D=  -1 
 X= 972 X2=1018  Y= 981 Y2=1023 P1=1023 P2=  -1 T1=1018 T2= 917  P=  -1  D=  -1 
 X= 898 X2=1017  Y= 983 Y2=1022 P1=1023 P2=  -1 T1=1023 T2= 914  P=  -1  D=  -1 
 X= 857 X2=1015  Y= 987 Y2=1019 P1=1023 P2=  -1 T1=1018 T2= 908  P=  -1  D=  -1 
 X= 943 X2= 993  Y= 969 Y2=1023 P1=1023 P2=  -1 T1=1023 T2= 905  P=  -1  D=  -1 
 X= 935 X2=1023  Y= 985 Y2=1019 P1=1023 P2=  -1 T1=1022 T2= 919  P=  -1  D=  -1 
 X=1023 X2=1011  Y= 985 Y2=1019 P1=1023 P2=  -1 T1=1023 T2= 899  P=  -1  D=  -1 
 X= 857 X2=1023  Y= 983 Y2=1023 P1=1023 P2=  -1 T1=1020 T2= 896  P=  -1  D=  -1 
 X= 944 X2=1022  Y= 980 Y2=1023 P1=1023 P2=  -1 T1=1021 T2= 903  P=  -1  D=  -1 
 X= 878 X2=1018  Y= 970 Y2=1020 P1=1023 P2=  -1 T1=1017 T2= 923  P=  -1  D=  -1 
 X= 935 X2=1020  Y= 978 Y2=1023 P1=1023 P2=  -1 T1=1020 T2= 919  P=  -1  D=  -1 
 X= 996 X2=1003  Y= 984 Y2=1023 P1=1023 P2=  -1 T1=1020 T2= 913  P=  -1  D=  -1 
 X= 994 X2=1011  Y= 975 Y2=1023 P1=1023 P2=  -1 T1=1023 T2= 909  P=  -1  D=  -1 
 X= 943 X2=1023  Y= 985 Y2=1018 P1=1023 P2=  -1 T1=1023 T2= 923  P=  -1  D=  -1 
 X= 949 X2=1022  Y= 970 Y2=1020 P1=1022 P2=  -1 T1=1021 T2= 904  P=  -1  D=  -1 
 X= 939 X2= 988  Y= 990 Y2=1023 P1=1023 P2=  -1 T1=1023 T2= 921  P=  -1  D=  -1 
 X= 938 X2=1023  Y= 987 Y2=1022 P1=1023 P2=  -1 T1=1022 T2= 913  P=  -1  D=  -1 
 X= 902 X2=1023  Y= 969 Y2=1020 P1=1023 P2=  -1 T1=1022 T2= 910  P=  -1  D=  -1 
 X= 885 X2=1023  Y= 976 Y2=1019 P1=1023 P2=  -1 T1=1023 T2= 908  P=  -1  D=  -1 
 X= 920 X2=1016  Y= 972 Y2=1022 P1=1023 P2=  -1 T1=1019 T2= 935  P=  -1  D=  -1 
 X= 927 X2=1016  Y= 978 Y2=1022 P1=1023 P2=  -1 T1=1019 T2= 917  P=  -1  D=  -1 
 X=1023 X2=1018  Y= 989 Y2=1023 P1=1023 P2=  -1 T1=1019 T2= 909  P=  -1  D=  -1 
 X= 985 X2=1004  Y= 975 Y2=1020 P1=1023 P2=  -1 T1=1023 T2= 908  P=  -1  D=  -1 
 X=1020 X2=1003  Y= 972 Y2=1019 P1=1023 P2=  -1 T1=1020 T2= 917  P=  -1  D=  -1 
 X= 957 X2=1001  Y= 980 Y2=1018 P1=1023 P2=  -1 T1=1023 T2= 907  P=  -1  D=  -1 
 X= 938 X2=1019  Y= 970 Y2=1023 P1=1023 P2=  -1 T1=1023 T2= 903  P=  -1  D=  -1 
 X= 885 X2=1023  Y= 979 Y2=1019 P1=1023 P2=  -1 T1=1023 T2= 919  P=  -1  D=  -1 
 X= 900 X2=1023  Y= 973 Y2=1023 P1=1023 P2=  -1 T1=1023 T2= 899  P=  -1  D=  -1 
 X= 984 X2=1012  Y= 976 Y2=1023 P1=1023 P2=  -1 T1=1023 T2= 901  P=  -1  D=  -1 
 X= 848 X2=1014  Y= 960 Y2=1020 P1=1023 P2=  -1 T1=1021 T2= 907  P=  -1  D=  -1 
 X=1023 X2=1004  Y= 980 Y2=1023 P1=1023 P2=  -1 T1=1021 T2= 894  P=  -1  D=  -1 
 X=1022 X2=1016  Y= 967 Y2=1023 P1=1023 P2=  -1 T1=1017 T2= 892  P=  -1  D=  -1 
 X= 927 X2=1023  Y= 976 Y2=1019 P1=1023 P2=  -1 T1=1023 T2= 924  P=  -1  D=  -1 
 X= 945 X2=1023  Y= 982 Y2=1019 P1=1023 P2=  -1 T1=1019 T2= 906  P=  -1  D=  -1 
 X= 962 X2= 988  Y= 981 Y2=1023 P1=1023 P2=  -1 T1=1021 T2= 909  P=  -1  D=  -1 
 X= 907 X2=1016  Y= 978 Y2=1023 P1=1023 P2=  -1 T1=1022 T2= 912  P=  -1  D=  -1 
 X= 841 X2=1023  Y= 980 Y2=1020 P1=1023 P2=  -1 T1=1023 T2= 908  P=  -1  D=  -1 
 X=1019 X2= 979  Y= 978 Y2=1023 P1=1023 P2=  -1 T1=1023 T2= 891  P=  -1  D=  -1 
 X= 524 X2= 525  Y= 521 Y2= 521 P1= 814 P2= 394 T1=  19 T2=  18  P= 558  D=  -1 * 0
 X= 524 X2= 524  Y= 521 Y2= 522 P1= 808 P2= 403 T1=  16 T2=  17  P= 526  D=  -1 * 0
 X= 523 X2= 522  Y= 521 Y2= 521 P1= 809 P2= 399 T1=  18 T2=  19  P= 536  D=  -1 * 0
 X= 523 X2= 523  Y= 521 Y2= 521 P1= 809 P2= 400 T1=  17 T2=  18  P= 534  D=  -1 * 0
 X= 521 X2= 523  Y= 521 Y2= 521 P1= 809 P2= 400 T1=  18 T2=  17  P= 533  D=  -1 * 1
 X= 523 X2= 523  Y= 521 Y2= 525 P1= 809 P2= 399 T1=  17 T2=  17  P= 537  D=  -1 * 2
 X= 523 X2= 527  Y= 521 Y2= 521 P1= 810 P2= 399 T1=  17 T2=  18  P= 540  D=  -1 * 3
 X= 524 X2= 524  Y= 521 Y2= 521 P1= 810 P2= 400 T1=  18 T2=  17  P= 537  D=  -1 * 4
 X= 524 X2= 524  Y= 521 Y2= 521 P1= 809 P2= 400 T1=  17 T2=  18  P= 535  D=  -1 * 5
 X= 520 X2= 523  Y= 522 Y2= 521 P1= 810 P2= 400 T1=  17 T2=  19  P= 534  D=  -1 * 6
 X= 523 X2= 524  Y= 522 Y2= 521 P1= 809 P2= 401 T1=  18 T2=  16  P= 531  D=  -1 * 7
 X= 523 X2= 523  Y= 521 Y2= 521 P1= 809 P2= 400 T1=  17 T2=  18  P= 534  D=  -1 * 8
 X= 523 X2= 522  Y= 521 Y2= 520 P1= 810 P2= 401 T1=  15 T2=  18  P= 531  D=  -1 * 9
 X= 522 X2= 523  Y= 523 Y2= 521 P1= 809 P2= 401 T1=  18 T2=  17  P= 530  D=  -1 * 10
 X= 523 X2= 523  Y= 522 Y2= 521 P1= 809 P2= 401 T1=  18 T2=  17  P= 531  D=  -1 * 11
 X= 523 X2= 522  Y= 522 Y2= 521 P1= 808 P2= 401 T1=  18 T2=  17  P= 529  D=  -1 * 12
 X= 522 X2= 523  Y= 520 Y2= 520 P1= 808 P2= 401 T1=  17 T2=  17  P= 529  D=  -1 * 13
 X= 523 X2= 523  Y= 522 Y2= 521 P1= 809 P2= 400 T1=  17 T2=  17  P= 534  D=  -1 * 14
 X= 523 X2= 524  Y= 521 Y2= 521 P1= 809 P2= 400 T1=  17 T2=  18  P= 534  D=  -1 * 15
 X= 523 X2= 523  Y= 521 Y2= 521 P1= 809 P2= 401 T1=  17 T2=  17  P= 531  D=  -1 * 16
 X= 523 X2= 523  Y= 521 Y2= 521 P1= 809 P2= 401 T1=  17 T2=  17  P= 531  D=  -1 * 17
 X= 523 X2= 523  Y= 521 Y2= 521 P1= 809 P2= 401 T1=  17 T2=  16  P= 531  D=  -1 * 18
 X= 526 X2= 524  Y= 521 Y2= 520 P1= 808 P2= 401 T1=  17 T2=  17  P= 532  D=  -1 * 19
 X= 522 X2= 523  Y= 521 Y2= 521 P1= 808 P2= 401 T1=  17 T2=  17  P= 529  D=  -1 * 20
 X= 523 X2= 520  Y= 522 Y2= 521 P1= 811 P2= 401 T1=  17 T2=  17  P= 532  D=  -1 * 21
 X= 523 X2= 523  Y= 521 Y2= 521 P1= 808 P2= 401 T1=  17 T2=  17  P= 530  D=  -1 * 22
 X= 522 X2= 523  Y= 521 Y2= 521 P1= 809 P2= 401 T1=  17 T2=  18  P= 530  D=  -1 * 23
 X= 524 X2= 523  Y= 520 Y2= 521 P1= 808 P2= 401 T1=  18 T2=  19  P= 530  D=  -1 * 24
Remove Pin
 X= 521 X2= 523  Y= 521 Y2= 521 P1= 809 P2= 402 T1=  17 T2=  17  P= 528  D=  -1 * 24
 X= 523 X2= 523  Y= 521 Y2= 521 P1= 808 P2= 401 T1=  17 T2=  16  P= 530  D=  -1 * 24
 X= 523 X2= 522  Y= 521 Y2= 521 P1= 809 P2= 401 T1=  17 T2=  18  P= 530  D=  -1 * 24
 X= 523 X2= 523  Y= 522 Y2= 521 P1= 809 P2= 401 T1=  18 T2=  18  P= 531  D=  -1 * 24
 X= 523 X2= 523  Y= 521 Y2= 521 P1= 809 P2= 403 T1=  17 T2=  17  P= 526  D=  -1 * 24
 X= 523 X2= 522  Y= 521 Y2= 521 P1= 808 P2= 402 T1=  17 T2=  17  P= 526  D=  -1 * 24
 X= 524 X2= 523  Y= 521 Y2= 521 P1= 809 P2= 401 T1=  17 T2=  18  P= 531  D=  -1 * 24
 X= 522 X2= 523  Y= 521 Y2= 522 P1= 808 P2= 402 T1=  16 T2=  18  P= 526  D=  -1 * 24
 X= 524 X2= 523  Y= 521 Y2= 520 P1= 808 P2= 402 T1=  17 T2=  17  P= 527  D=  -1 * 24
 X= 523 X2= 524  Y= 521 Y2= 521 P1= 808 P2= 402 T1=  17 T2=  17  P= 527  D=  -1 * 24
 X= 522 X2= 522  Y= 522 Y2= 521 P1= 808 P2= 401 T1=  16 T2=  16  P= 529  D=  -1 * 24
 X= 523 X2= 523  Y= 521 Y2= 521 P1= 809 P2= 402 T1=  17 T2=  17  P= 529  D=  -1 * 24
 X= 523 X2= 522  Y= 521 Y2= 521 P1= 808 P2= 402 T1=  17 T2=  16  P= 526  D=  -1 * 24
 X= 523 X2= 523  Y= 521 Y2= 524 P1= 808 P2= 402 T1=  17 T2=  17  P= 527  D=  -1 * 24
 X= 523 X2= 523  Y= 521 Y2= 521 P1= 808 P2= 402 T1=  18 T2=  17  P= 527  D=  -1 * 24
 X= 523 X2= 523  Y= 521 Y2= 520 P1= 809 P2= 402 T1=  17 T2=  17  P= 529  D=  -1 * 24
 X= 522 X2= 525  Y= 521 Y2= 521 P1= 808 P2= 402 T1=  19 T2=  17  P= 527  D=  -1 * 24
 X= 523 X2= 523  Y= 521 Y2= 521 P1= 808 P2= 402 T1=  17 T2=  18  P= 527  D=  -1 * 24
 X= 522 X2= 523  Y= 521 Y2= 521 P1= 806 P2= 403 T1=  17 T2=  16  P= 522  D=  -1 * 24
 X= 523 X2= 524  Y= 521 Y2= 520 P1= 808 P2= 403 T1=  17 T2=  17  P= 525  D=  -1 * 24
 X= 792 X2=1023  Y= 954 Y2=1023 P1=1023 P2=   0 T1=1021 T2= 868  P= 525  D=  -1 
 X= 941 X2=1021  Y= 965 Y2=1019 P1=1023 P2=   0 T1=1023 T2= 888  P= 525  D=  -1 
 X= 931 X2= 999  Y= 986 Y2=1023 P1=1023 P2=   0 T1=1020 T2= 929  P= 525  D=  -1 
target state=1 point=23,22
 X= 934 X2=1023  Y= 973 Y2=1020 P1=1023 P2=   0 T1=1021 T2= 895  P= 525  D=  -1 
 X= 899 X2=1023  Y= 979 Y2=1013 P1=1023 P2=   0 T1=1022 T2= 900  P= 525  D=  -1 
 X= 949 X2=1012  Y= 964 Y2=1023 P1=1023 P2=   0 T1=1020 T2= 913  P= 525  D=  -1 
 X= 902 X2=1017  Y= 977 Y2=1023 P1=1023 P2=   0 T1=1023 T2= 906  P= 525  D=  -1 
 X= 955 X2=1021  Y= 970 Y2=1023 P1=1023 P2=   0 T1=1023 T2= 899  P= 525  D=  -1 
 X=1023 X2=1011  Y= 966 Y2=1023 P1=1023 P2=   0 T1=1023 T2= 888  P= 525  D=  -1 
 X= 922 X2=1023  Y= 988 Y2=1019 P1=1023 P2=   0 T1=1023 T2= 922  P= 525  D=  -1 
 X= 917 X2=1023  Y= 983 Y2=1023 P1=1023 P2=   0 T1=1023 T2= 915  P= 525  D=  -1 
 X= 962 X2=1021  Y= 987 Y2=1023 P1=1023 P2=   0 T1=1021 T2= 907  P= 525  D=  -1 
 X= 939 X2=1023  Y= 974 Y2=1023 P1=1023 P2=   0 T1=1021 T2= 890  P= 525  D=  -1 
 X= 987 X2=1023  Y= 990 Y2=1019 P1=1023 P2=   0 T1=1020 T2= 914  P= 525  D=  -1 
 X= 882 X2=1015  Y= 965 Y2=1021 P1=1023 P2=   0 T1=1020 T2= 906  P= 525  D=  -1 
 X= 850 X2=1021  Y= 979 Y2=1020 P1=1023 P2=   0 T1=1021 T2= 913  P= 525  D=  -1 
 X= 913 X2=1023  Y= 990 Y2=1023 P1=1023 P2=   0 T1=1023 T2= 912  P= 525  D=  -1 
 X= 991 X2= 990  Y= 970 Y2=1020 P1=1023 P2=   0 T1=1022 T2= 903  P= 525  D=  -1 
 X= 985 X2=1001  Y= 990 Y2=1023 P1=1023 P2=   0 T1=1020 T2= 913  P= 525  D=  -1 
 X= 923 X2=1023  Y= 987 Y2=1022 P1=1023 P2=   0 T1=1021 T2= 908  P= 525  D=  -1 
 X= 938 X2=1022  Y= 985 Y2=1023 P1=1023 P2=   0 T1=1022 T2= 910  P= 525  D=  -1 
 X= 898 X2=1021  Y= 975 Y2=1023 P1=1023 P2=   0 T1=1020 T2= 919  P= 525  D=  -1 
 X= 952 X2=1023  Y= 974 Y2=1023 P1=1023 P2=   0 T1=1023 T2= 909  P= 525  D=  -1 
 X= 988 X2=1012  Y= 975 Y2=1019 P1=1023 P2=   0 T1=1022 T2= 907  P= 525  D=  -1 
 X=1000 X2=1002  Y= 969 Y2=1023 P1=1023 P2=   0 T1=1022 T2= 909  P= 525  D=  -1 
 X= 859 X2=1016  Y= 975 Y2=1022 P1=1023 P2=   0 T1=1019 T2= 901  P= 525  D=  -1 
 X= 956 X2=1021  Y= 975 Y2=1022 P1=1023 P2=   0 T1=1022 T2= 893  P= 525  D=  -1 
 X= 997 X2=1017  Y= 995 Y2=1020 P1=1023 P2=   0 T1=1020 T2= 909  P= 525  D=  -1 
 X= 835 X2=1023  Y= 982 Y2=1020 P1=1023 P2=   0 T1=1023 T2= 905  P= 525  D=  -1 
 X= 927 X2=1023  Y= 969 Y2=1023 P1=1023 P2=   0 T1=1023 T2= 927  P= 525  D=  -1 
 X=1023 X2=1021  Y= 989 Y2=1020 P1=1023 P2=   0 T1=1023 T2= 919  P= 525  D=  -1 
 X= 910 X2=1023  Y= 976 Y2=1023 P1=1023 P2=   0 T1=1020 T2= 923  P= 525  D=  -1 
 X= 962 X2=1022  Y= 977 Y2=1022 P1=1023 P2=   0 T1=1023 T2= 902  P= 525  D=  -1 
 X= 982 X2=1012  Y= 970 Y2=1023 P1=1023 P2=   0 T1=1020 T2= 915  P= 525  D=  -1 
 X= 988 X2=1010  Y= 961 Y2=1021 P1=1023 P2=   0 T1=1023 T2= 909  P= 525  D=  -1 
 X= 925 X2=1023  Y= 996 Y2=1018 P1=1023 P2=   0 T1=1023 T2= 914  P= 525  D=  -1 
 X= 945 X2=1017  Y= 970 Y2=1021 P1=1023 P2=   0 T1=1023 T2= 935  P= 525  D=  -1 
 X= 915 X2=1023  Y= 983 Y2=1019 P1=1023 P2=   0 T1=1023 T2= 908  P= 525  D=  -1 
 X= 905 X2=1023  Y= 975 Y2=1019 P1=1023 P2=   0 T1=1023 T2= 906  P= 525  D=  -1 
 X= 954 X2=1020  Y= 976 Y2=1023 P1=1023 P2=   0 T1=1023 T2= 916  P= 525  D=  -1 
 X= 875 X2=1020  Y= 968 Y2=1020 P1=1023 P2=   0 T1=1023 T2= 922  P= 525  D=  -1 
 X= 921 X2=1017  Y= 966 Y2=1023 P1=1023 P2=   0 T1=1019 T2= 924  P= 525  D=  -1 
 X=1023 X2=1004  Y= 984 Y2=1023 P1=1023 P2=   0 T1=1023 T2= 910  P= 525  D=  -1 
 X=1007 X2=1001  Y= 981 Y2=1023 P1=1023 P2=   0 T1=1023 T2= 902  P= 525  D=  -1 
 X= 955 X2=1023  Y= 982 Y2=1019 P1=1023 P2=   0 T1=1022 T2= 903  P= 525  D=  -1 
 X= 958 X2=1023  Y= 978 Y2=1019 P1=1023 P2=   0 T1=1020 T2= 893  P= 525  D=  -1 
 X= 944 X2=1023  Y= 983 Y2=1021 P1=1023 P2=   0 T1=1023 T2= 898  P= 525  D=  -1 
 X= 854 X2=1023  Y= 978 Y2=1019 P1=1023 P2=   0 T1=1023 T2= 928  P= 525  D=  -1 
 X= 901 X2=1023  Y= 985 Y2=1019 P1=1023 P2=   0 T1=1023 T2= 924  P= 525  D=  -1 
 X= 995 X2=1006  Y= 982 Y2=1023 P1=1023 P2=   0 T1=1023 T2= 900  P= 525  D=  -1 
 X= 979 X2=1017  Y= 975 Y2=1021 P1=1023 P2=   0 T1=1023 T2= 889  P= 525  D=  -1 
 X=1023 X2=1014  Y= 975 Y2=1020 P1=1023 P2=   0 T1=1021 T2= 907  P= 525  D=  -1 
 X= 999 X2=1017  Y= 978 Y2=1023 P1=1023 P2=   0 T1=1019 T2= 916  P= 525  D=  -1 
 X= 946 X2=1019  Y= 987 Y2=1023 P1=1023 P2=   0 T1=1022 T2= 911  P= 525  D=  -1 
 X= 927 X2=1023  Y= 987 Y2=1023 P1=1022 P2=   0 T1=1023 T2= 911  P= 525  D=  -1 
 X= 971 X2=1023  Y= 985 Y2=1018 P1=1023 P2=   0 T1=1023 T2= 914  P= 525  D=  -1 
 X= 952 X2=1023  Y= 970 Y2=1023 P1=1023 P2=   0 T1=1020 T2= 919  P= 525  D=  -1 
 X= 846 X2=1023  Y= 982 Y2=1019 P1=1023 P2=   0 T1=1020 T2= 912  P= 525  D=  -1 
 X= 995 X2=1012  Y= 974 Y2=1023 P1=1023 P2=   0 T1=1023 T2= 905  P= 525  D=  -1 
 X= 848 X2=1018  Y= 974 Y2=1023 P1=1023 P2=   0 T1= 975 T2= 896  P= 525  D=  -1 
 X= 924 X2=1019  Y= 976 Y2=1023 P1=1023 P2=   0 T1=1023 T2= 910  P= 525  D=  -1 
 X= 939 X2= 980  Y= 979 Y2=1020 P1= 779 P2= 167 T1=1023 T2=  23  P= 525  D=  -1 
 X=1018 X2=1002  Y=1009 Y2=1020 P1=1023 P2=   0 T1=1019 T2=  26  P= 525  D=  -1 
 X= 854 X2=1018  Y= 965 Y2=1020 P1=1023 P2=   0 T1=1021 T2= 930  P= 525  D=  -1 
 X= 236 X2= 233  Y= 331 Y2= 324 P1= 692 P2= 191 T1=  21 T2=  21  P= 613  D=  -1 * 0
 X= 236 X2= 235  Y= 330 Y2= 324 P1= 690 P2= 192 T1=  21 T2=  21  P= 609  D=  -1 * 0
 X= 235 X2= 233  Y= 331 Y2= 325 P1= 689 P2= 192 T1=  21 T2=  22  P= 605  D=  -1 * 0
 X= 236 X2= 233  Y= 331 Y2= 323 P1= 689 P2= 193 T1=  22 T2=  20  P= 601  D=  -1 * 0
 X= 238 X2= 235  Y= 330 Y2= 324 P1= 687 P2= 192 T1=  21 T2=  22  P= 608  D=  -1 * 1
 X= 236 X2= 233  Y= 331 Y2= 324 P1= 689 P2= 193 T1=  22 T2=  21  P= 601  D=  -1 * 2
 X= 236 X2= 233  Y= 331 Y2= 324 P1= 689 P2= 191 T1=  21 T2=  21  P= 610  D=  -1 * 3
 X= 236 X2= 231  Y= 330 Y2= 324 P1= 689 P2= 193 T1=  21 T2=  23  P= 598  D=  -1 * 4
 X= 235 X2= 233  Y= 331 Y2= 324 P1= 689 P2= 193 T1=  21 T2=  21  P= 601  D=  -1 * 5
 X= 236 X2= 233  Y= 331 Y2= 324 P1= 688 P2= 193 T1=  21 T2=  21  P= 599  D=  -1 * 6
 X= 235 X2= 230  Y= 330 Y2= 323 P1= 688 P2= 192 T1=  21 T2=  21  P= 599  D=  -1 * 7
 X= 235 X2= 233  Y= 332 Y2= 324 P1= 688 P2= 193 T1=  21 T2=  21  P= 599  D=  -1 * 8
 X= 236 X2= 236  Y= 330 Y2= 323 P1= 688 P2= 192 T1=  23 T2=  22  P= 609  D=  -1 * 9
 X= 235 X2= 233  Y= 331 Y2= 324 P1= 689 P2= 192 T1=  21 T2=  21  P= 605  D=  -1 * 10
 X= 236 X2= 233  Y= 330 Y2= 324 P1= 688 P2= 193 T1=  22 T2=  21  P= 599  D=  -1 * 11
 X= 236 X2= 233  Y= 331 Y2= 324 P1= 688 P2= 194 T1=  21 T2=  21  P= 595  D=  -1 * 12
 X= 236 X2= 231  Y= 331 Y2= 324 P1= 688 P2= 193 T1=  21 T2=  21  P= 597  D=  -1 * 13
 X= 231 X2= 233  Y= 331 Y2= 324 P1= 688 P2= 192 T1=  21 T2=  21  P= 599  D=  -1 * 14
 X= 236 X2= 232  Y= 331 Y2= 324 P1= 689 P2= 194 T1=  22 T2=  22  P= 596  D=  -1 * 15
 X= 234 X2= 233  Y= 331 Y2= 323 P1= 688 P2= 193 T1=  21 T2=  20  P= 597  D=  -1 * 16
 X= 236 X2= 232  Y= 331 Y2= 324 P1= 688 P2= 193 T1=  21 T2=  22  P= 599  D=  -1 * 17
 X= 236 X2= 233  Y= 330 Y2= 323 P1= 688 P2= 194 T1=  21 T2=  23  P= 595  D=  -1 * 18
 X= 236 X2= 233  Y= 331 Y2= 324 P1= 688 P2= 193 T1=  21 T2=  20  P= 599  D=  -1 * 19
 X= 235 X2= 233  Y= 330 Y2= 323 P1= 688 P2= 193 T1=  22 T2=  21  P= 599  D=  -1 * 20
 X= 236 X2= 232  Y= 331 Y2= 323 P1= 687 P2= 193 T1=  21 T2=  21  P= 598  D=  -1 * 21
 X= 235 X2= 232  Y= 332 Y2= 324 P1= 688 P2= 194 T1=  21 T2=  21  P= 593  D=  -1 * 22
 X= 236 X2= 233  Y= 330 Y2= 324 P1= 688 P2= 193 T1=  20 T2=  21  P= 599  D=  -1 * 23
 X= 236 X2= 233  Y= 331 Y2= 335 P1= 688 P2= 193 T1=  22 T2=  20  P= 599  D=  -1 * 24
Remove Pin
 X= 235 X2= 230  Y= 331 Y2= 324 P1= 688 P2= 194 T1=  21 T2=  21  P= 590  D=  -1 * 24
 X= 236 X2= 233  Y= 331 Y2= 324 P1= 688 P2= 193 T1=  21 T2=  22  P= 599  D=  -1 * 24
 X= 236 X2= 232  Y= 331 Y2= 324 P1= 686 P2= 193 T1=  22 T2=  22  P= 597  D=  -1 * 24
 X= 241 X2= 233  Y= 331 Y2= 324 P1= 687 P2= 193 T1=  22 T2=  21  P= 606  D=  -1 * 24
 X= 236 X2= 231  Y= 330 Y2= 324 P1= 688 P2= 193 T1=  21 T2=  21  P= 597  D=  -1 * 24
 X= 242 X2= 232  Y= 330 Y2= 324 P1= 687 P2= 193 T1=  20 T2=  21  P= 606  D=  -1 * 24
 X= 236 X2= 233  Y= 331 Y2= 324 P1= 689 P2= 193 T1=  21 T2=  21  P= 601  D=  -1 * 24
 X= 236 X2= 233  Y= 330 Y2= 323 P1= 687 P2= 193 T1=  22 T2=  21  P= 598  D=  -1 * 24
 X= 235 X2= 233  Y= 332 Y2= 323 P1= 687 P2= 193 T1=  21 T2=  21  P= 598  D=  -1 * 24
 X= 235 X2= 234  Y= 331 Y2= 322 P1= 687 P2= 194 T1=  21 T2=  21  P= 594  D=  -1 * 24
 X= 237 X2= 233  Y= 331 Y2= 324 P1= 687 P2= 193 T1=  21 T2=  21  P= 601  D=  -1 * 24
 X= 235 X2= 233  Y= 331 Y2= 323 P1= 687 P2= 194 T1=  22 T2=  21  P= 594  D=  -1 * 24
 X= 239 X2= 236  Y= 331 Y2= 325 P1= 699 P2= 190 T1=  24 T2=  22  P= 634  D=  -1 * 24
 X=1023 X2=1012  Y= 984 Y2=1016 P1=1023 P2=   0 T1=1023 T2= 900  P= 634  D=  -1 
 X=1023 X2=1013  Y= 983 Y2=1020 P1=1023 P2=   0 T1=1023 T2= 919  P= 634  D=  -1 
 X= 953 X2=1020  Y= 987 Y2=1023 P1=1023 P2=   0 T1=1019 T2= 904  P= 634  D=  -1 
target state=2 point=456,22
 X= 951 X2=1012  Y= 983 Y2=1019 P1=1023 P2=   0 T1=1023 T2= 916  P= 634  D=  -1 
 X= 936 X2=1021  Y= 981 Y2=1023 P1=1023 P2=   0 T1=1023 T2= 927  P= 634  D=  -1 
 X= 796 X2=1022  Y= 964 Y2=1020 P1=1023 P2=   0 T1=1023 T2= 920  P= 634  D=  -1 
 X= 893 X2=1023  Y= 980 Y2=1023 P1=1023 P2=   0 T1=1023 T2= 897  P= 634  D=  -1 
 X= 970 X2=1014  Y= 973 Y2=1023 P1=1023 P2=   0 T1=1022 T2= 926  P= 634  D=  -1 
 X= 851 X2=1014  Y= 962 Y2=1023 P1=1023 P2=   0 T1=1023 T2= 898  P= 634  D=  -1 
 X=1001 X2=1014  Y= 987 Y2=1023 P1=1023 P2=   0 T1=1023 T2= 954  P= 634  D=  -1 
 X= 982 X2=1012  Y= 977 Y2=1023 P1=1023 P2=   0 T1=1023 T2= 912  P= 634  D=  -1 
 X= 863 X2=1023  Y= 987 Y2=1023 P1=1023 P2=   0 T1=1020 T2= 861  P= 634  D=  -1 
 X=1023 X2=1022  Y= 972 Y2=1021 P1=1023 P2=   0 T1=1021 T2= 929  P= 634  D=  -1 
 X=1022 X2= 997  Y= 984 Y2=1020 P1=1023 P2=   0 T1=1023 T2= 926  P= 634  D=  -1 
 X= 968 X2=1023  Y= 986 Y2=1019 P1=1023 P2=   0 T1=1023 T2= 909  P= 634  D=  -1 
 X= 893 X2=1023  Y= 974 Y2=1020 P1=1023 P2=   0 T1=1019 T2= 931  P= 634  D=  -1 
 X= 886 X2=1021  Y= 977 Y2=1023 P1=1023 P2=   0 T1=1023 T2= 923  P= 634  D=  -1 
 X= 989 X2=1006  Y= 983 Y2=1023 P1=1023 P2=   0 T1=1020 T2= 913  P= 634  D=  -1 
 X= 923 X2=1022  Y= 985 Y2=1019 P1=1023 P2=   0 T1=1021 T2= 915  P= 634  D=  -1 
 X= 970 X2=1004  Y= 990 Y2=1023 P1=1023 P2=   0 T1=1021 T2= 926  P= 634  D=  -1 
 X=1023 X2= 990  Y= 980 Y2=1023 P1=1023 P2=   0 T1=1023 T2= 898  P= 634  D=  -1 
 X= 900 X2=1023  Y= 987 Y2=1018 P1=1023 P2=   0 T1=1022 T2= 921  P= 634  D=  -1 
 X= 943 X2=1011  Y= 986 Y2=1023 P1=1023 P2=   0 T1=1023 T2= 946  P= 634  D=  -1 
 X= 976 X2=1023  Y= 977 Y2=1023 P1=1023 P2=   0 T1=1021 T2= 931  P= 634  D=  -1 
 X= 951 X2=1023  Y= 985 Y2=1020 P1=1023 P2=   0 T1=1020 T2= 904  P= 634  D=  -1 
 X=1023 X2=1000  Y= 982 Y2=1023 P1=1023 P2=   0 T1=1021 T2= 900  P= 634  D=  -1 
 X= 983 X2=1014  Y= 988 Y2=1022 P1=1023 P2=   0 T1=1023 T2= 922  P= 634  D=  -1 
 X= 967 X2=1023  Y= 976 Y2=1023 P1=1023 P2=   0 T1=1023 T2= 902  P= 634  D=  -1 
 X=1023 X2=1006  Y= 982 Y2=1023 P1=1023 P2=   0 T1=1021 T2= 894  P= 634  D=  -1 
 X=1023 X2=1012  Y= 959 Y2=1023 P1=1023 P2=   0 T1=1020 T2= 905  P= 634  D=  -1 
 X=1023 X2=1013  Y= 981 Y2=1023 P1=1023 P2=   0 T1=1021 T2= 923  P= 634  D=  -1 
 X= 918 X2=1023  Y= 997 Y2=1018 P1=1023 P2=   0 T1=1023 T2= 923  P= 634  D=  -1 
 X= 989 X2=1011  Y= 981 Y2=1023 P1=1023 P2=   0 T1=1020 T2= 931  P= 634  D=  -1 
 X= 922 X2=1017  Y= 985 Y2=1023 P1=1023 P2=   0 T1=1020 T2= 927  P= 634  D=  -1 
 X= 941 X2=1023  Y= 971 Y2=1023 P1=1023 P2=   0 T1=1023 T2= 874  P= 634  D=  -1 
 X=1023 X2=1011  Y= 970 Y2=1020 P1=1023 P2=   0 T1=1020 T2= 906  P= 634  D=  -1 
 X=1007 X2=1006  Y= 981 Y2=1022 P1=1023 P2=   0 T1=1023 T2= 914  P= 634  D=  -1 
 X= 972 X2=1020  Y= 972 Y2=1016 P1=1023 P2=   0 T1=1020 T2= 900  P= 634  D=  -1 
 X= 960 X2=1021  Y= 980 Y2=1023 P1=1023 P2=   0 T1=1023 T2= 911  P= 634  D=  -1 
 X= 953 X2=1023  Y= 979 Y2=1021 P1=1023 P2=   0 T1=1020 T2= 911  P= 634  D=  -1 
 X= 769 X2=1023  Y= 966 Y2=1023 P1=1023 P2=   0 T1=1023 T2= 917  P= 634  D=  -1 
 X= 878 X2=1023  Y= 976 Y2=1021 P1=1023 P2=   0 T1=1023 T2= 883  P= 634  D=  -1 
 X= 962 X2=1011  Y= 975 Y2=1023 P1=1023 P2=   0 T1=1020 T2= 917  P= 634  D=  -1 
 X= 949 X2=1023  Y= 975 Y2=1020 P1=1023 P2=   0 T1=1022 T2= 913  P= 634  D=  -1 
 X=1020 X2=1007  Y= 977 Y2=1023 P1=1023 P2=   0 T1=1020 T2= 895  P= 634  D=  -1 
 X=1023 X2=1013  Y= 996 Y2=1023 P1=1023 P2=   0 T1=1023 T2= 923  P= 634  D=  -1 
 X= 858 X2=1023  Y= 986 Y2=1023 P1=1023 P2=   0 T1=1023 T2= 888  P= 634  D=  -1 
 X=1023 X2=1003  Y= 956 Y2=1019 P1=1023 P2=   0 T1=1016 T2= 906  P= 634  D=  -1 
 X= 948 X2=1022  Y= 975 Y2=1021 P1=1023 P2=   0 T1=1023 T2= 907  P= 634  D=  -1 
 X= 828 X2=1022  Y= 984 Y2=1023 P1=1023 P2=   0 T1=1021 T2= 913  P= 634  D=  -1 
 X= 889 X2=1023  Y= 977 Y2=1020 P1=1023 P2=   0 T1=1019 T2= 919  P= 634  D=  -1 
 X= 892 X2=1016  Y= 986 Y2=1023 P1=1023 P2=   0 T1=1023 T2= 926  P= 634  D=  -1 
 X= 898 X2=1017  Y= 983 Y2=1023 P1=1023 P2=   0 T1=1020 T2= 917  P= 634  D=  -1 
 X= 960 X2=1023  Y= 974 Y2=1019 P1=1023 P2=   0 T1=1023 T2= 895  P= 634  D=  -1 
 X=1023 X2=1012  Y= 978 Y2=1023 P1=1023 P2=   0 T1=1022 T2= 924  P= 634  D=  -1 
 X= 792 X2=1019  Y= 996 Y2=1020 P1=1023 P2=   0 T1=1023 T2= 913  P= 634  D=  -1 
 X= 912 X2=1023  Y= 980 Y2=1020 P1=1023 P2=   0 T1=1022 T2= 928  P= 634  D=  -1 
 X= 967 X2=1020  Y= 986 Y2=1023 P1=1023 P2=   0 T1=1023 T2= 917  P= 634  D=  -1 
 X=1021 X2=1021  Y=1014 Y2=1020 P1=1023 P2=   0 T1=1023 T2=1023  P= 634  D=  -1 
 X=1023 X2=1013  Y= 976 Y2=1023 P1=1023 P2=   0 T1=1020 T2= 936  P= 634  D=  -1 
 X= 862 X2=1018  Y= 967 Y2=1021 P1=1023 P2=   0 T1=1021 T2= 935  P= 634  D=  -1 
 X= 897 X2=1017  Y= 972 Y2=1021 P1=1023 P2=   0 T1=1023 T2= 902  P= 634  D=  -1 
 X= 973 X2=1023  Y= 978 Y2=1020 P1=1023 P2=   0 T1=1023 T2= 896  P= 634  D=  -1 
 X= 924 X2=1023  Y= 975 Y2=1022 P1=1023 P2=   0 T1=1022 T2= 906  P= 634  D=  -1 
 X=1023 X2=1010  Y= 985 Y2=1023 P1=1023 P2=   0 T1=1023 T2= 905  P= 634  D=  -1 
 X= 930 X2=1023  Y= 991 Y2=1023 P1=1023 P2=   0 T1=1020 T2= 920  P= 634  D=  -1 
 X= 957 X2=1023  Y= 986 Y2=1020 P1=1023 P2=   0 T1=1023 T2= 914  P= 634  D=  -1 
 X= 868 X2=1016  Y= 963 Y2=1020 P1=1023 P2=   0 T1=1020 T2= 915  P= 634  D=  -1 
 X= 803 X2=1023  Y= 988 Y2=1023 P1=1023 P2=   0 T1=1023 T2= 906  P= 634  D=  -1 
 X= 809 X2= 808  Y= 323 Y2= 330 P1= 797 P2= 485 T1=  13 T2=  14  P= 519  D=  -1 * 0
 X= 809 X2= 808  Y= 322 Y2= 330 P1= 800 P2= 478 T1=  14 T2=  14  P= 543  D=  -1 * 0
 X= 809 X2= 808  Y= 325 Y2= 331 P1= 806 P2= 465 T1=  15 T2=  14  P= 592  D=  -1 * 0
 X= 809 X2= 807  Y= 323 Y2= 330 P1= 803 P2= 470 T1=  15 T2=  13  P= 572  D=  -1 * 0
 X= 809 X2= 808  Y= 323 Y2= 329 P1= 802 P2= 473 T1=  15 T2=  14  P= 561  D=  -1 * 1
 X= 809 X2= 808  Y= 324 Y2= 328 P1= 802 P2= 473 T1=  14 T2=  14  P= 561  D=  -1 * 2
 X= 808 X2= 807  Y= 324 Y2= 328 P1= 803 P2= 473 T1=  15 T2=  15  P= 562  D=  -1 * 3
 X= 809 X2= 808  Y= 324 Y2= 330 P1= 802 P2= 474 T1=  14 T2=  14  P= 558  D=  -1 * 4
 X= 806 X2= 809  Y= 323 Y2= 330 P1= 802 P2= 473 T1=  14 T2=  14  P= 560  D=  -1 * 5
 X= 808 X2= 808  Y= 324 Y2= 331 P1= 803 P2= 474 T1=  14 T2=  11  P= 560  D=  -1 * 6
 X= 808 X2= 808  Y= 324 Y2= 331 P1= 802 P2= 473 T1=  15 T2=  15  P= 561  D=  -1 * 7
 X= 809 X2= 809  Y= 324 Y2= 328 P1= 802 P2= 474 T1=  15 T2=  14  P= 559  D=  -1 * 8
 X= 809 X2= 807  Y= 324 Y2= 330 P1= 802 P2= 474 T1=  14 T2=  14  P= 558  D=  -1 * 9
 X= 809 X2= 807  Y= 324 Y2= 330 P1= 802 P2= 474 T1=  15 T2=  13  P= 558  D=  -1 * 10
 X= 809 X2= 807  Y= 325 Y2= 330 P1= 801 P2= 473 T1=  14 T2=  15  P= 559  D=  -1 * 11
 X= 809 X2= 808  Y= 323 Y2= 330 P1= 801 P2= 472 T1=  14 T2=  14  P= 563  D=  -1 * 12
 X= 808 X2= 807  Y= 324 Y2= 331 P1= 802 P2= 474 T1=  14 T2=  14  P= 557  D=  -1 * 13
 X= 809 X2= 808  Y= 323 Y2= 331 P1= 802 P2= 473 T1=  15 T2=  14  P= 561  D=  -1 * 14
 X= 809 X2= 807  Y= 324 Y2= 330 P1= 801 P2= 473 T1=  14 T2=  14  P= 559  D=  -1 * 15
 X= 809 X2= 807  Y= 324 Y2= 331 P1= 802 P2= 474 T1=  14 T2=  14  P= 558  D=  -1 * 16
 X= 809 X2= 808  Y= 324 Y2= 331 P1= 802 P2= 474 T1=  14 T2=  15  P= 558  D=  -1 * 17
 X= 810 X2= 807  Y= 324 Y2= 330 P1= 803 P2= 474 T1=  14 T2=  14  P= 560  D=  -1 * 18
 X= 810 X2= 808  Y= 324 Y2= 330 P1= 802 P2= 474 T1=  14 T2=  14  P= 559  D=  -1 * 19
 X= 809 X2= 808  Y= 324 Y2= 331 P1= 801 P2= 474 T1=  15 T2=  13  P= 556  D=  -1 * 20
 X= 808 X2= 808  Y= 323 Y2= 330 P1= 802 P2= 474 T1=  13 T2=  15  P= 558  D=  -1 * 21
 X= 809 X2= 808  Y= 323 Y2= 331 P1= 802 P2= 474 T1=  14 T2=  14  P= 558  D=  -1 * 22
 X= 807 X2= 808  Y= 324 Y2= 331 P1= 801 P2= 474 T1=  14 T2=  14  P= 556  D=  -1 * 23
 X= 808 X2= 807  Y= 324 Y2= 331 P1= 802 P2= 474 T1=  14 T2=  14  P= 557  D=  -1 * 24
Remove Pin
 X= 809 X2= 808  Y= 324 Y2= 331 P1= 802 P2= 475 T1=  11 T2=  14  P= 555  D=  -1 * 24
 X= 808 X2= 807  Y= 324 Y2= 331 P1= 802 P2= 474 T1=  16 T2=  15  P= 557  D=  -1 * 24
 X= 809 X2= 808  Y= 324 Y2= 331 P1= 802 P2= 474 T1=  14 T2=  14  P= 558  D=  -1 * 24
 X= 810 X2= 807  Y= 323 Y2= 330 P1= 802 P2= 474 T1=  14 T2=  14  P= 558  D=  -1 * 24
 X= 808 X2= 808  Y= 324 Y2= 328 P1= 802 P2= 475 T1=  14 T2=  14  P= 555  D=  -1 * 24
 X= 809 X2= 809  Y= 324 Y2= 330 P1= 802 P2= 474 T1=  14 T2=  14  P= 559  D=  -1 * 24
 X= 808 X2= 807  Y= 324 Y2= 332 P1= 802 P2= 474 T1=  10 T2=  14  P= 557  D=  -1 * 24
 X= 808 X2= 805  Y= 324 Y2= 329 P1= 802 P2= 474 T1=  14 T2=  14  P= 556  D=  -1 * 24
 X= 809 X2= 808  Y= 324 Y2= 330 P1= 802 P2= 473 T1=  11 T2=  13  P= 561  D=  -1 * 24
 X= 809 X2= 807  Y= 324 Y2= 331 P1= 802 P2= 475 T1=  14 T2=  14  P= 555  D=  -1 * 24
 X= 809 X2= 804  Y= 324 Y2= 330 P1= 802 P2= 475 T1=  14 T2=  14  P= 554  D=  -1 * 24
 X= 809 X2= 807  Y= 323 Y2= 331 P1= 801 P2= 474 T1=  14 T2=  14  P= 556  D=  -1 * 24
 X= 809 X2= 807  Y= 324 Y2= 330 P1= 801 P2= 474 T1=  14 T2=  14  P= 556  D=  -1 * 24
 X= 809 X2= 807  Y= 324 Y2= 326 P1= 801 P2= 474 T1=  15 T2=  14  P= 556  D=  -1 * 24
 X= 809 X2= 808  Y= 324 Y2= 330 P1= 801 P2= 475 T1=  16 T2=  14  P= 554  D=  -1 * 24
 X= 808 X2= 807  Y= 324 Y2= 330 P1= 802 P2= 474 T1=  14 T2=  14  P= 557  D=  -1 * 24
 X= 809 X2= 807  Y= 323 Y2= 330 P1= 802 P2= 475 T1=  14 T2=  14  P= 555  D=  -1 * 24
 X= 809 X2= 807  Y= 324 Y2= 332 P1= 801 P2= 476 T1=  14 T2=  14  P= 551  D=  -1 * 24
 X= 894 X2=1021  Y= 978 Y2=1023 P1=1023 P2=   0 T1=1021 T2= 924  P= 551  D=  -1 
 X=1023 X2=1004  Y= 980 Y2=1019 P1=1023 P2=   0 T1=1023 T2= 906  P= 551  D=  -1 
 X=1023 X2=1004  Y= 976 Y2=1023 P1=1023 P2=   0 T1=1023 T2= 901  P= 551  D=  -1 
target state=3 point=456,249
 X= 942 X2=1023  Y= 977 Y2=1023 P1=1023 P2=   0 T1=1022 T2= 915  P= 551  D=  -1 
 X= 903 X2=1023  Y= 993 Y2=1023 P1=1023 P2=   0 T1=1022 T2= 889  P= 551  D=  -1 
 X= 933 X2=1021  Y= 980 Y2=1019 P1=1023 P2=   0 T1=1023 T2= 905  P= 551  D=  -1 
 X= 788 X2=1023  Y= 973 Y2=1018 P1=1023 P2=   0 T1=1021 T2= 895  P= 551  D=  -1 
 X= 893 X2=1023  Y= 975 Y2=1020 P1=1023 P2=   0 T1=1023 T2= 908  P= 551  D=  -1 
 X=1018 X2= 987  Y= 973 Y2=1023 P1=1023 P2=   0 T1=1022 T2= 906  P= 551  D=  -1 
 X= 998 X2=1003  Y= 979 Y2=1018 P1=1023 P2=   0 T1=1020 T2= 913  P= 551  D=  -1 
 X= 909 X2=1022  Y= 997 Y2=1023 P1=1023 P2=   0 T1=1023 T2= 920  P= 551  D=  -1 
 X= 945 X2=1023  Y= 974 Y2=1017 P1=1023 P2=   0 T1=1023 T2= 928  P= 551  D=  -1 
 X= 958 X2=1004  Y= 989 Y2=1023 P1=1023 P2=   0 T1=1023 T2= 904  P= 551  D=  -1 
 X= 871 X2=1018  Y= 977 Y2=1020 P1=1023 P2=   0 T1=1023 T2= 910  P= 551  D=  -1 
 X= 964 X2=1021  Y= 977 Y2=1016 P1=1023 P2=   0 T1=1023 T2= 901  P= 551  D=  -1 
 X= 928 X2=1021  Y= 965 Y2=1021 P1=1023 P2=   0 T1=1022 T2= 914  P= 551  D=  -1 
 X= 951 X2=1023  Y= 971 Y2=1023 P1=1023 P2=   0 T1=1019 T2= 924  P= 551  D=  -1 
 X=1023 X2=1004  Y= 963 Y2=1023 P1=1023 P2=   0 T1=1021 T2= 926  P= 551  D=  -1 
 X=1017 X2= 990  Y= 972 Y2=1023 P1=1023 P2=   0 T1=1023 T2= 910  P= 551  D=  -1 
 X=1002 X2= 999  Y= 979 Y2=1020 P1=1023 P2=   0 T1=1019 T2= 912  P= 551  D=  -1 
 X=1023 X2=1003  Y= 966 Y2=1017 P1=1023 P2=   0 T1=1023 T2= 909  P= 551  D=  -1 
 X= 959 X2= 986  Y= 983 Y2=1018 P1=1023 P2=   0 T1=1023 T2= 904  P= 551  D=  -1 
 X= 868 X2=1023  Y= 976 Y2=1023 P1=1023 P2=   0 T1=1020 T2= 920  P= 551  D=  -1 
 X= 833 X2=1023  Y= 982 Y2=1023 P1=1023 P2=   0 T1=1020 T2= 915  P= 551  D=  -1 
 X= 993 X2=1011  Y= 975 Y2=1023 P1=1023 P2=   0 T1=1023 T2= 895  P= 551  D=  -1 
 X= 933 X2=1023  Y= 974 Y2=1023 P1=1023 P2=   0 T1=1022 T2= 931  P= 551  D=  -1 
 X= 894 X2=1018  Y= 972 Y2=1023 P1=1023 P2=   0 T1=1022 T2= 919  P= 551  D=  -1 
 X=1023 X2= 988  Y= 968 Y2=1023 P1=1023 P2=   0 T1=1023 T2= 928  P= 551  D=  -1 
 X=1013 X2= 997  Y= 972 Y2=1019 P1=1023 P2=   0 T1=1019 T2= 913  P= 551  D=  -1 
 X= 916 X2=1023  Y= 971 Y2=1019 P1=1023 P2=   0 T1=1020 T2= 899  P= 551  D=  -1 
 X= 945 X2=1021  Y= 983 Y2=1018 P1=1022 P2=   0 T1=1023 T2= 909  P= 551  D=  -1 
 X= 936 X2=1017  Y= 981 Y2=1020 P1=1023 P2=   0 T1=1022 T2= 927  P= 551  D=  -1 
 X= 913 X2=1020  Y= 982 Y2=1023 P1=1023 P2=   0 T1=1019 T2= 920  P= 551  D=  -1 
 X= 874 X2=1023  Y= 978 Y2=1020 P1=1023 P2=   0 T1=1023 T2= 875  P= 551  D=  -1 
 X= 900 X2=1021  Y= 970 Y2=1019 P1=1023 P2=   0 T1=1018 T2= 920  P= 551  D=  -1 
 X= 943 X2=1023  Y= 971 Y2=1023 P1=1023 P2=   0 T1=1020 T2= 904  P= 551  D=  -1 
 X= 959 X2= 991  Y= 982 Y2=1019 P1=1023 P2=   0 T1=1023 T2= 889  P= 551  D=  -1 
 X=1016 X2=1000  Y= 977 Y2=1022 P1=1023 P2=   0 T1=1021 T2= 896  P= 551  D=  -1 
 X= 896 X2=1023  Y= 983 Y2=1018 P1=1023 P2=   0 T1=1023 T2= 902  P= 551  D=  -1 
 X= 920 X2=1023  Y= 990 Y2=1017 P1=1023 P2=   0 T1=1020 T2= 901  P= 551  D=  -1 
 X= 970 X2=1021  Y= 977 Y2=1023 P1=1023 P2=   0 T1=1023 T2= 925  P= 551  D=  -1 
 X= 959 X2=1023  Y= 972 Y2=1023 P1=1023 P2=   0 T1=1018 T2=1023  P= 551  D=  -1 
 X= 889 X2=1023  Y= 992 Y2=1020 P1=1023 P2=   0 T1=1020 T2= 926  P= 551  D=  -1 
 X= 988 X2=1012  Y= 963 Y2=1019 P1=1023 P2=   0 T1=1023 T2= 926  P= 551  D=  -1 
 X=1023 X2=1017  Y=1016 Y2=1019 P1=1023 P2=   0 T1=1019 T2=1023  P= 551  D=  -1 
 X= 898 X2=1020  Y= 984 Y2=1023 P1=1023 P2=   0 T1=1022 T2= 902  P= 551  D=  -1 
 X=1018 X2= 997  Y= 961 Y2=1019 P1=1023 P2=   0 T1=1022 T2= 916  P= 551  D=  -1 
 X=1022 X2=1021  Y= 981 Y2=1020 P1=1023 P2=   0 T1=1021 T2= 912  P= 551  D=  -1 
 X= 954 X2=1022  Y= 970 Y2=1017 P1=1023 P2=   0 T1=1023 T2= 900  P= 551  D=  -1 
 X= 912 X2=1023  Y= 972 Y2=1019 P1=1023 P2=   0 T1=1020 T2= 922  P= 551  D=  -1 
 X= 935 X2=1020  Y= 971 Y2=1023 P1=1023 P2=   0 T1=1020 T2= 911  P= 551  D=  -1 
 X= 974 X2=1023  Y= 979 Y2=1020 P1=1023 P2=   0 T1=1023 T2= 911  P= 551  D=  -1 
 X=1023 X2=1013  Y= 990 Y2=1023 P1=1023 P2=   0 T1=1019 T2= 926  P= 551  D=  -1 
 X=1004 X2=1008  Y= 984 Y2=1023 P1=1023 P2=   0 T1=1023 T2= 897  P= 551  D=  -1 
 X= 958 X2=1020  Y= 990 Y2=1023 P1=1023 P2=   0 T1=1023 T2= 897  P= 551  D=  -1 
 X=1016 X2= 997  Y= 979 Y2=1018 P1=1023 P2=   0 T1=1018 T2= 922  P= 551  D=  -1 
 X=1023 X2=1012  Y= 979 Y2=1023 P1=1023 P2=   0 T1=1021 T2= 898  P= 551  D=  -1 
 X= 883 X2=1014  Y= 986 Y2=1022 P1=1023 P2=   0 T1=1020 T2= 933  P= 551  D=  -1 
 X= 927 X2=1023  Y= 997 Y2=1018 P1=1023 P2=   0 T1=1023 T2= 916  P= 551  D=  -1 
 X= 982 X2=1010  Y= 959 Y2=1023 P1=1023 P2=   0 T1=1023 T2= 898  P= 551  D=  -1 
 X= 961 X2=1023  Y= 974 Y2=1023 P1=1023 P2=   0 T1=1020 T2= 937  P= 551  D=  -1 
 X= 966 X2=1018  Y=1012 Y2=1022 P1=1023 P2=   0 T1=1022 T2= 957  P= 551  D=  -1 
 X= 992 X2=1023  Y=1002 Y2=1023 P1=1023 P2=   0 T1=1023 T2= 961  P= 551  D=  -1 
 X= 985 X2=1023  Y=1009 Y2=1023 P1=1023 P2=   0 T1=1020 T2= 987  P= 551  D=  -1 
 X=1022 X2=1013  Y=1004 Y2=1023 P1=1023 P2=   0 T1=1023 T2= 976  P= 551  D=  -1 
 X=1022 X2=1012  Y=1002 Y2=1014 P1=1023 P2=   0 T1=1021 T2= 998  P= 551  D=  -1 
 X= 978 X2=1001  Y= 988 Y2=1022 P1=1023 P2=   0 T1=1019 T2= 927  P= 551  D=  -1 
 X=1023 X2=1011  Y= 981 Y2=1023 P1=1023 P2=   0 T1=1019 T2= 902  P= 551  D=  -1 
 X= 937 X2=1023  Y= 969 Y2=1023 P1=1023 P2=   0 T1=1023 T2= 910  P= 551  D=  -1 
 X= 877 X2=1023  Y= 983 Y2=1023 P1=1023 P2=   0 T1=1023 T2= 905  P= 551  D=  -1 
 X= 948 X2=1023  Y= 963 Y2=1019 P1=1023 P2=   0 T1=1023 T2= 888  P= 551  D=  -1 
 X=1023 X2=1002  Y= 970 Y2=1019 P1=1023 P2=   0 T1=1023 T2= 898  P= 551  D=  -1 
 X= 998 X2= 999  Y= 973 Y2=1023 P1=1023 P2=   0 T1=1023 T2= 912  P= 551  D=  -1 
 X= 932 X2=1023  Y= 976 Y2=1018 P1=1023 P2=   0 T1=1020 T2= 920  P= 551  D=  -1 
 X= 956 X2=1023  Y= 988 Y2=1023 P1=1023 P2=   0 T1=1019 T2= 911  P= 551  D=  -1 
 X= 815 X2=1023  Y= 973 Y2=1023 P1=1023 P2=   0 T1=1023 T2= 916  P= 551  D=  -1 
 X= 859 X2=1023  Y= 979 Y2=1023 P1=1023 P2=   0 T1=1020 T2= 886  P= 551  D=  -1 
 X= 880 X2=1023  Y= 975 Y2=1019 P1=1023 P2=   0 T1=1023 T2= 922  P= 551  D=  -1 
 X= 976 X2=1010  Y= 971 Y2=1023 P1=1023 P2=   0 T1=1023 T2= 899  P= 551  D=  -1 
 X= 843 X2=1014  Y= 968 Y2=1020 P1=1023 P2=   0 T1=1020 T2= 927  P= 551  D=  -1 
 X= 968 X2=1020  Y= 982 Y2=1023 P1=1023 P2=   0 T1=1022 T2= 921  P= 551  D=  -1 
 X=1023 X2=1013  Y= 970 Y2=1023 P1=1023 P2=   0 T1=1021 T2= 916  P= 551  D=  -1 
 X= 957 X2=1012  Y= 961 Y2=1023 P1=1023 P2=   0 T1=1023 T2= 891  P= 551  D=  -1 
 X=1023 X2=1006  Y= 982 Y2=1023 P1=1023 P2=   0 T1=1020 T2= 900  P= 551  D=  -1 
 X= 956 X2=1021  Y= 986 Y2=1019 P1=1023 P2=   0 T1=1023 T2= 914  P= 551  D=  -1 
 X= 787 X2=1023  Y= 985 Y2=1023 P1=1023 P2=   0 T1=1021 T2= 919  P= 551  D=  -1 
 X= 840 X2=1023  Y= 980 Y2=1023 P1=1023 P2=   0 T1=1019 T2= 917  P= 551  D=  -1 
 X=1023 X2= 980  Y= 977 Y2=1020 P1=1023 P2=   0 T1=1020 T2= 906  P= 551  D=  -1 
 X= 853 X2=1016  Y= 985 Y2=1023 P1=1023 P2=   0 T1=1023 T2= 904  P= 551  D=  -1 
 X= 953 X2=1023  Y= 980 Y2=1022 P1=1023 P2=   0 T1=1023 T2= 921  P= 551  D=  -1 
 X=1018 X2= 998  Y= 974 Y2=1020 P1=1023 P2=   0 T1=1018 T2= 934  P= 551  D=  -1 
 X=1023 X2=1013  Y= 978 Y2=1023 P1=1023 P2=   0 T1=1023 T2= 905  P= 551  D=  -1 
 X=1012 X2=1017  Y=1014 Y2=1020 P1=1023 P2=   0 T1=1023 T2=1006  P= 551  D=  -1 
 X=1023 X2=1012  Y= 977 Y2=1023 P1=1023 P2=   0 T1=1020 T2= 909  P= 551  D=  -1 
 X= 951 X2=1023  Y= 967 Y2=1023 P1=1023 P2=   0 T1=1023 T2= 926  P= 551  D=  -1 
 X= 830 X2=1021  Y= 985 Y2=1020 P1=1023 P2=   0 T1=1021 T2= 917  P= 551  D=  -1 
 X= 973 X2=1012  Y= 965 Y2=1019 P1=1023 P2=   0 T1=1020 T2= 903  P= 551  D=  -1 
 X= 857 X2=1023  Y= 977 Y2=1022 P1=1023 P2=   0 T1=1020 T2= 919  P= 551  D=  -1 
 X= 862 X2=1019  Y= 982 Y2=1020 P1=1023 P2=   0 T1=1020 T2= 933  P= 551  D=  -1 
 X= 982 X2=1023  Y= 992 Y2=1022 P1=1023 P2=   0 T1=1021 T2= 929  P= 551  D=  -1 
 X= 865 X2=1015  Y= 964 Y2=1019 P1=1023 P2=   0 T1=1023 T2= 908  P= 551  D=  -1 
 X= 913 X2=1023  Y= 990 Y2=1019 P1=1023 P2=   0 T1=1021 T2= 904  P= 551  D=  -1 
 X= 954 X2=1021  Y= 989 Y2=1018 P1=1023 P2=   0 T1=1023 T2= 919  P= 551  D=  -1 
 X= 980 X2=1018  Y= 971 Y2=1023 P1=1023 P2=   0 T1=1023 T2= 913  P= 551  D=  -1 
 X= 879 X2=1023  Y= 973 Y2=1023 P1=1023 P2=   0 T1=1021 T2= 905  P= 551  D=  -1 
 X= 817 X2=1023  Y= 974 Y2=1023 P1=1023 P2=   0 T1=1021 T2= 894  P= 551  D=  -1 
 X= 474 X2= 474  Y= 410 Y2= 408 P1= 763 P2= 360 T1=  18 T2=  18  P= 530  D=  -1 * 0
 X= 476 X2= 475  Y= 416 Y2= 416 P1= 851 P2=   0 T1=  18 T2= 886  P= 530  D=  -1 * 0
 X= 893 X2=1023  Y= 960 Y2=1019 P1=1023 P2=   0 T1=1023 T2=  36  P= 530  D=  -1 
 X= 891 X2= 994  Y= 926 Y2=1023 P1=1023 P2=   0 T1=1023 T2= 789  P= 530  D=  -1 
 X= 653 X2= 924  Y= 912 Y2=1019 P1=1023 P2=   0 T1=  22 T2= 120  P= 530  D=  -1 * 0
 X= 847 X2=1023  Y= 877 Y2=1017 P1=1023 P2=   0 T1=1023 T2= 689  P= 530  D=  -1 
 X= 626 X2= 622  Y= 443 Y2= 444 P1= 872 P2= 281 T1=  43 T2=  31  P= 530  D=  -1 
 X= 958 X2= 997  Y= 878 Y2=1023 P1=1023 P2=   0 T1=1023 T2= 760  P= 530  D=  -1 
 X= 936 X2= 994  Y= 864 Y2=1022 P1=1023 P2=   0 T1=1023 T2= 694  P= 530  D=  -1 
 X= 867 X2= 992  Y= 846 Y2=1012 P1=1023 P2=   0 T1=1022 T2= 662  P= 530  D=  -1 
 X= 602 X2= 601  Y= 454 Y2= 457 P1= 901 P2= 219 T1=  43 T2=  45  P= 530  D=  -1 
 X= 587 X2= 588  Y= 441 Y2= 441 P1= 846 P2= 312 T1=  32 T2=  28  P= 530  D=  -1 
 X= 885 X2=1001  Y= 823 Y2=1021 P1=1023 P2=   0 T1=1023 T2= 710  P= 530  D=  -1 
 X= 891 X2= 993  Y= 848 Y2=1021 P1=1023 P2=   0 T1=1023 T2= 691  P= 530  D=  -1 
 X= 688 X2=1023  Y= 849 Y2=1021 P1=1023 P2=   0 T1=1021 T2= 680  P= 530  D=  -1 
 X= 687 X2=1023  Y= 831 Y2=1017 P1=1023 P2=   0 T1=1023 T2= 665  P= 530  D=  -1 
 X= 825 X2= 999  Y= 790 Y2=1023 P1=1023 P2=   0 T1=1021 T2= 679  P= 530  D=  -1 
 X= 787 X2=1007  Y= 827 Y2=1020 P1=1023 P2=   0 T1=1021 T2= 705  P= 530  D=  -1 
 X= 795 X2= 980  Y= 846 Y2=1020 P1=1023 P2=   0 T1=1023 T2= 679  P= 530  D=  -1 
 X= 867 X2=1002  Y= 810 Y2=1023 P1=1023 P2=   0 T1=1023 T2= 707  P= 530  D=  -1 
 X= 864 X2= 997  Y= 801 Y2=1017 P1=1023 P2=   0 T1=1022 T2= 674  P= 530  D=  -1 
 X= 655 X2=1023  Y= 849 Y2=1019 P1=1023 P2=   0 T1=1023 T2= 694  P= 530  D=  -1 
 X= 724 X2=1023  Y= 833 Y2=1019 P1=1023 P2=   0 T1=1023 T2= 684  P= 530  D=  -1 
 X= 799 X2=1010  Y= 833 Y2=1020 P1=1023 P2=   0 T1=1021 T2= 695  P= 530  D=  -1 
 X= 647 X2=1023  Y= 821 Y2=1016 P1=1023 P2=   0 T1=1023 T2= 702  P= 530  D=  -1 
 X= 870 X2= 980  Y= 821 Y2=1020 P1=1023 P2=   0 T1=1023 T2= 685  P= 530  D=  -1 
 X= 684 X2=1023  Y= 902 Y2=1022 P1=1023 P2=   0 T1=1022 T2= 674  P= 530  D=  -1 
 X= 768 X2=1023  Y= 823 Y2=1022 P1=1023 P2=   0 T1=1021 T2= 699  P= 530  D=  -1 
 X= 769 X2= 982  Y= 846 Y2=1023 P1=1023 P2=   0 T1=1023 T2= 651  P= 530  D=  -1 
 X= 899 X2= 977  Y= 818 Y2=1021 P1=1023 P2=   0 T1=1021 T2= 684  P= 530  D=  -1 
 X= 705 X2=1023  Y= 849 Y2=1017 P1=1023 P2=   0 T1=1020 T2= 671  P= 530  D=  -1 
 X= 718 X2=1023  Y= 835 Y2=1016 P1=1023 P2=   0 T1=1023 T2= 717  P= 530  D=  -1 
 X= 853 X2=1011  Y= 831 Y2=1020 P1=1023 P2=   0 T1=1021 T2= 672  P= 530  D=  -1 
 X= 661 X2=1023  Y= 850 Y2=1021 P1=1023 P2=   0 T1=1022 T2= 686  P= 530  D=  -1 
 X= 687 X2=1023  Y= 834 Y2=1018 P1=1023 P2=   0 T1=1023 T2= 681  P= 530  D=  -1 
 X= 873 X2= 987  Y= 829 Y2=1022 P1=1023 P2=   0 T1=1023 T2= 685  P= 530  D=  -1 
 X= 784 X2=1002  Y= 818 Y2=1022 P1=1023 P2=   0 T1=1023 T2= 668  P= 530  D=  -1 
 X= 737 X2=1023  Y= 836 Y2=1018 P1=1023 P2=   0 T1=1021 T2= 680  P= 530  D=  -1 
 X= 848 X2= 990  Y= 814 Y2=1017 P1=1023 P2=   0 T1=1021 T2= 664  P= 530  D=  -1 
 X= 909 X2=1023  Y=1018 Y2=1022 P1=1023 P2=   0 T1=1023 T2= 961  P= 530  D=  -1 
 X= 778 X2=1023  Y= 840 Y2=1018 P1=1023 P2=   0 T1=1021 T2= 682  P= 530  D=  -1 
 X= 922 X2=1002  Y= 802 Y2=1021 P1=1023 P2=   0 T1=1023 T2= 673  P= 530  D=  -1 
 X= 725 X2=1023  Y= 831 Y2=1018 P1=1023 P2=   0 T1=1021 T2= 707  P= 530  D=  -1 
 X= 673 X2=1023  Y= 851 Y2=1018 P1=1023 P2=   0 T1=1020 T2= 688  P= 530  D=  -1 
 X= 881 X2=1009  Y= 817 Y2=1020 P1=1023 P2=   0 T1=1023 T2= 646  P= 530  D=  -1 
 X= 837 X2=1000  Y= 823 Y2=1023 P1=1023 P2=   0 T1=1023 T2= 684  P= 530  D=  -1 
 X= 694 X2=1023  Y= 836 Y2=1020 P1=1021 P2=   0 T1=1023 T2= 677  P= 530  D=  -1 
 X= 882 X2= 978  Y= 812 Y2=1020 P1=1023 P2=   0 T1=1021 T2= 700  P= 530  D=  -1 
 X= 827 X2= 996  Y= 831 Y2=1018 P1=1023 P2=   0 T1=1022 T2= 640  P= 530  D=  -1 
 X= 677 X2=1023  Y= 844 Y2=1018 P1=1023 P2=   0 T1=1021 T2= 675  P= 530  D=  -1 
 X= 740 X2=1023  Y= 834 Y2=1017 P1=1023 P2=   0 T1=1022 T2= 651  P= 530  D=  -1 
 X= 762 X2=1023  Y= 863 Y2=1018 P1=1023 P2=   0 T1=1023 T2= 677  P= 530  D=  -1 
 X= 630 X2=1023  Y= 833 Y2=1017 P1=1023 P2=   0 T1=1023 T2= 647  P= 530  D=  -1 
 X= 906 X2=1002  Y= 840 Y2=1018 P1=1023 P2=   0 T1=1021 T2= 670  P= 530  D=  -1 
 X= 860 X2=1007  Y= 814 Y2=1023 P1=1023 P2=   0 T1=1023 T2= 694  P= 530  D=  -1 
 X= 839 X2= 998  Y= 831 Y2=1020 P1=1023 P2=   0 T1=1023 T2= 633  P= 530  D=  -1 
 X= 709 X2=1023  Y= 838 Y2=1019 P1=1023 P2=   0 T1=1022 T2= 674  P= 530  D=  -1 
 X= 779 X2= 981  Y= 820 Y2=1020 P1=1023 P2=   0 T1=1023 T2= 662  P= 530  D=  -1 
 X= 684 X2=1023  Y= 832 Y2=1015 P1=1023 P2=   0 T1=1023 T2= 692  P= 530  D=  -1 
 X= 597 X2= 597  Y= 454 Y2= 457 P1= 899 P2= 218 T1=  47 T2=  46  P= 530  D=  -1 
 X= 802 X2=1004  Y= 815 Y2=1020 P1=1023 P2=   0 T1=1019 T2= 707  P= 530  D=  -1 
 X= 709 X2=1023  Y= 823 Y2=1019 P1=1023 P2=   0 T1=1022 T2= 661  P= 530  D=  -1 
 X= 781 X2=1014  Y= 832 Y2=1022 P1=1023 P2=   0 T1=1022 T2= 668  P= 530  D=  -1 
 X= 891 X2= 971  Y= 827 Y2=1020 P1=1023 P2=   0 T1=1021 T2= 652  P= 530  D=  -1 
 X= 836 X2= 983  Y= 831 Y2=1023 P1=1023 P2=   0 T1=1021 T2= 680  P= 530  D=  -1 
 X= 636 X2=1023  Y= 813 Y2=1015 P1=1023 P2=   0 T1=1023 T2= 682  P= 530  D=  -1 
 X= 774 X2=1023  Y= 839 Y2=1013 P1=1023 P2=   0 T1=1023 T2= 676  P= 530  D=  -1 
 X= 755 X2=1023  Y= 838 Y2=1017 P1=1023 P2=   0 T1=1022 T2= 685  P= 530  D=  -1 
 X= 669 X2=1023  Y= 819 Y2=1018 P1=1023 P2=   0 T1=1023 T2= 661  P= 530  D=  -1 
 X= 768 X2=1000  Y= 790 Y2=1023 P1=1023 P2=   0 T1=1023 T2= 657  P= 530  D=  -1 
 X= 856 X2=1006  Y= 831 Y2=1019 P1=1023 P2=   0 T1=1023 T2= 662  P= 530  D=  -1 
 X= 752 X2=1003  Y= 779 Y2=1021 P1=1023 P2=   0 T1=1021 T2= 704  P= 530  D=  -1 
 X= 846 X2= 996  Y= 799 Y2=1016 P1=1023 P2=   0 T1=1023 T2= 683  P= 530  D=  -1 
 X= 592 X2= 588  Y= 442 Y2= 444 P1= 849 P2= 307 T1=  30 T2=  31  P= 530  D=  -1 * 0
 X= 585 X2= 585  Y= 435 Y2= 437 P1= 833 P2= 329 T1=  23 T2=  27  P= 530  D=  -1 * 1
Too Noisy!  2.041241 > 2.500000 or 2.857738 > 2.500000.  Try again.
 X= 836 X2= 999  Y= 818 Y2=1023 P1= 928 P2= 263 T1=1022 T2=  37  P= 530  D=  -1 
target state=3 point=456,249
 X= 830 X2=1010  Y= 796 Y2=1023 P1=1023 P2=   0 T1=1023 T2= 646  P= 530  D=  -1 
 X= 695 X2=1023  Y= 816 Y2=1017 P1=1023 P2=   0 T1=1019 T2= 679  P= 530  D=  -1 
 X= 621 X2= 622  Y= 450 Y2= 453 P1= 903 P2= 218 T1=  49 T2=  45  P= 530  D=  -1 
 X= 665 X2= 661  Y= 502 Y2= 503 P1= 873 P2= 280 T1= 102 T2=  34  P= 530  D=  -1 
 X= 813 X2=1010  Y= 833 Y2=1022 P1=1023 P2=   0 T1= 810 T2= 705  P= 530  D=  -1 
 X= 778 X2=1022  Y= 823 Y2=1016 P1=1023 P2=   0 T1=1023 T2= 660  P= 530  D=  -1 
 X= 862 X2=1000  Y= 827 Y2=1015 P1=1023 P2=   0 T1=1023 T2= 715  P= 530  D=  -1 
 X= 673 X2=1023  Y= 837 Y2=1017 P1=1023 P2=   0 T1=1023 T2= 667  P= 530  D=  -1 
 X= 722 X2=1023  Y= 842 Y2=1015 P1=1023 P2=   0 T1=1023 T2= 692  P= 530  D=  -1 
 X= 773 X2=1023  Y= 841 Y2=1018 P1=1023 P2=   0 T1=1023 T2= 674  P= 530  D=  -1 
 X= 783 X2=1009  Y= 842 Y2=1017 P1=1023 P2=   0 T1=1023 T2= 689  P= 530  D=  -1 
 X= 670 X2=1023  Y= 850 Y2=1019 P1=1023 P2=   0 T1=1021 T2= 684  P= 530  D=  -1 
 X= 879 X2= 977  Y= 832 Y2=1021 P1=1023 P2=   0 T1=1022 T2= 703  P= 530  D=  -1 
 X= 731 X2=1010  Y= 823 Y2=1017 P1=1023 P2=   0 T1=1021 T2= 710  P= 530  D=  -1 
 X= 766 X2=1019  Y= 835 Y2=1019 P1=1023 P2=   0 T1=1023 T2= 661  P= 530  D=  -1 
 X= 759 X2=1023  Y= 878 Y2=1018 P1=1023 P2=   0 T1=1023 T2= 669  P= 530  D=  -1 
 X= 812 X2=1023  Y= 826 Y2=1019 P1=1023 P2=   0 T1=1022 T2= 646  P= 530  D=  -1 
 X= 694 X2=1023  Y= 848 Y2=1018 P1=1023 P2=   0 T1=1022 T2= 716  P= 530  D=  -1 
 X= 884 X2=1013  Y= 829 Y2=1022 P1=1023 P2=   0 T1=1021 T2= 662  P= 530  D=  -1 
 X= 690 X2=1023  Y= 856 Y2=1021 P1=1023 P2=   0 T1=1022 T2= 679  P= 530  D=  -1 
 X= 713 X2=1023  Y= 802 Y2=1013 P1=1023 P2=   0 T1=1019 T2= 672  P= 530  D=  -1 
 X= 606 X2= 605  Y= 439 Y2= 441 P1= 875 P2= 262 T1=  39 T2=  34  P= 530  D=  -1 
 X= 628 X2= 628  Y= 449 Y2= 451 P1= 902 P2= 224 T1=  45 T2=  47  P= 530  D=  -1 
 X= 625 X2= 622  Y= 445 Y2= 448 P1= 883 P2= 260 T1=  40 T2=  36  P= 530  D=  -1 
 X= 619 X2= 616  Y= 438 Y2= 439 P1= 839 P2= 339 T1=  31 T2=  26  P= 530  D=  -1 
 X= 843 X2=1012  Y= 876 Y2=1018 P1=1023 P2=   0 T1= 158 T2= 642  P= 530  D=  -1 
 X= 704 X2=1023  Y= 834 Y2=1020 P1=1023 P2=   0 T1=1022 T2= 652  P= 530  D=  -1 
 X= 825 X2= 974  Y= 827 Y2=1015 P1=1023 P2=   0 T1=1023 T2= 664  P= 530  D=  -1 
 X= 837 X2= 995  Y= 819 Y2=1022 P1=1023 P2=   0 T1=1023 T2= 648  P= 530  D=  -1 
 X= 615 X2= 615  Y= 433 Y2= 437 P1= 811 P2= 402 T1=  22 T2=  21  P= 625  D=  -1 * 0
 X= 627 X2= 626  Y= 438 Y2= 440 P1= 825 P2= 383 T1=  21 T2=  22  P= 722  D=  -1 * 0
 X= 645 X2= 643  Y= 479 Y2= 484 P1= 847 P2= 331 T1=  67 T2=  47  P= 722  D=  -1 
 X= 588 X2= 585  Y= 436 Y2= 437 P1= 835 P2= 332 T1=  24 T2=  26  P= 722  D=  -1 * 0
 X= 897 X2= 976  Y= 806 Y2=1016 P1=1023 P2=   0 T1=1022 T2= 665  P= 722  D=  -1 
 X= 845 X2= 992  Y= 803 Y2=1023 P1=1023 P2=   0 T1=1023 T2=  94  P= 722  D=  -1 
 X= 593 X2= 590  Y= 315 Y2= 317 P1= 739 P2= 437 T1=  13 T2=  16  P= 408  D=  -1 * 0
 X= 576 X2= 580  Y= 404 Y2= 410 P1= 698 P2= 584 T1=   6 T2=   7  P= 112  D=  -1 * 1
Too Noisy!  5.307228 > 2.500000 or 37.150594 > 2.500000.  Try again.
 X= 577 X2= 577  Y= 405 Y2= 410 P1= 707 P2= 567 T1=   7 T2=   7  P= 141  D=  -1 * 2
 X= 581 X2= 583  Y= 402 Y2= 406 P1= 704 P2= 571 T1=   7 T2=   7  P= 135  D=  -1 * 2
 X= 594 X2= 593  Y= 383 Y2= 385 P1= 734 P2= 498 T1=  10 T2=  10  P= 280  D=  -1 * 2
 X= 575 X2= 575  Y= 501 Y2= 505 P1= 801 P2= 443 T1=  15 T2=  15  P= 464  D=  -1 * 2
 X= 573 X2= 573  Y= 492 Y2= 494 P1= 790 P2= 458 T1=  14 T2=  14  P= 414  D=  -1 * 2
 X= 575 X2= 574  Y= 487 Y2= 488 P1= 794 P2= 446 T1=  17 T2=  15  P= 447  D=  -1 * 2
 X= 846 X2= 990  Y= 865 Y2=1018 P1=1023 P2=   0 T1=1023 T2= 715  P= 447  D=  -1 
target state=3 point=456,249
 X= 924 X2=1005  Y= 878 Y2=1023 P1=1023 P2=   0 T1=1023 T2= 764  P= 447  D=  -1 
 X= 749 X2=1023  Y= 897 Y2=1018 P1=1023 P2=   0 T1=1023 T2= 797  P= 447  D=  -1 
 X= 734 X2=1023  Y= 925 Y2=1021 P1=1023 P2=   0 T1=1023 T2= 799  P= 447  D=  -1 
 X= 959 X2=1006  Y= 924 Y2=1017 P1=1023 P2=   0 T1=1023 T2= 825  P= 447  D=  -1 
 X= 756 X2=1023  Y= 916 Y2=1020 P1=1023 P2=   0 T1=1023 T2= 852  P= 447  D=  -1 
 X= 918 X2= 995  Y= 939 Y2=1019 P1=1023 P2=   0 T1=1023 T2= 844  P= 447  D=  -1 
 X= 901 X2=1016  Y= 952 Y2=1022 P1=1023 P2=   0 T1=1023 T2= 870  P= 447  D=  -1 
 X= 965 X2=1009  Y= 948 Y2=1020 P1=1023 P2=   0 T1=1022 T2= 873  P= 447  D=  -1 
 X= 856 X2=1023  Y= 952 Y2=1020 P1=1023 P2=   0 T1=1023 T2= 875  P= 447  D=  -1 
 X= 927 X2=1021  Y= 962 Y2=1018 P1=1023 P2=   0 T1=1023 T2= 858  P= 447  D=  -1 
 X= 949 X2=1023  Y= 961 Y2=1020 P1=1023 P2=   0 T1=1020 T2= 873  P= 447  D=  -1 
 X= 901 X2=1023  Y= 960 Y2=1017 P1=1023 P2=   0 T1=1023 T2= 866  P= 447  D=  -1 
 X= 987 X2= 989  Y= 961 Y2=1023 P1=1023 P2=   0 T1=1023 T2= 882  P= 447  D=  -1 
 X= 978 X2=1012  Y= 964 Y2=1023 P1=1023 P2=   0 T1=1023 T2= 877  P= 447  D=  -1 
 X= 909 X2=1016  Y= 970 Y2=1023 P1=1023 P2=   0 T1=1020 T2= 914  P= 447  D=  -1 
 X= 950 X2= 990  Y= 973 Y2=1021 P1=1023 P2=   0 T1=1020 T2= 919  P= 447  D=  -1 
 X=1023 X2=1012  Y= 964 Y2=1019 P1=1023 P2=   0 T1=1023 T2= 910  P= 447  D=  -1 
 X= 827 X2=1023  Y= 967 Y2=1023 P1=1023 P2=   0 T1=1021 T2= 891  P= 447  D=  -1 
 X= 926 X2= 983  Y= 980 Y2=1019 P1=1023 P2=   0 T1=1020 T2= 905  P= 447  D=  -1 
 X= 878 X2=1016  Y= 978 Y2=1023 P1=1023 P2=   0 T1=1023 T2= 911  P= 447  D=  -1 
 X= 860 X2=1013  Y=1020 Y2=1020 P1=1023 P2=   0 T1=1020 T2=1018  P= 447  D=  -1 
 X=1023 X2=1013  Y= 973 Y2=1023 P1=1023 P2=   0 T1=1023 T2= 915  P= 447  D=  -1 
 X= 858 X2=1014  Y= 978 Y2=1020 P1=1023 P2=   0 T1=1023 T2= 927  P= 447  D=  -1 
 X= 916 X2=1018  Y= 958 Y2=1020 P1=1023 P2=   0 T1=1022 T2= 900  P= 447  D=  -1 
 X= 946 X2=1022  Y= 987 Y2=1019 P1=1023 P2=   0 T1=1023 T2= 885  P= 447  D=  -1 
 X=1008 X2=1001  Y= 978 Y2=1023 P1=1023 P2=   0 T1=1019 T2= 909  P= 447  D=  -1 
 X= 859 X2=1022  Y= 982 Y2=1020 P1=1023 P2=   0 T1=1019 T2= 893  P= 447  D=  -1 
 X= 921 X2=1023  Y= 977 Y2=1019 P1=1023 P2=   0 T1=1023 T2= 908  P= 447  D=  -1 
 X= 914 X2=1023  Y= 966 Y2=1022 P1=1023 P2=   0 T1=1023 T2= 902  P= 447  D=  -1 
 X= 938 X2=1018  Y= 976 Y2=1023 P1=1023 P2=   0 T1=1021 T2= 912  P= 447  D=  -1 
 X= 830 X2=1023  Y= 972 Y2=1020 P1=1023 P2=   0 T1=1022 T2= 904  P= 447  D=  -1 
 X= 853 X2=1023  Y= 981 Y2=1019 P1=1023 P2=   0 T1=1023 T2= 911  P= 447  D=  -1 
 X= 963 X2=1023  Y= 977 Y2=1023 P1=1023 P2=   0 T1=1020 T2= 903  P= 447  D=  -1 
 X= 913 X2=1022  Y= 986 Y2=1020 P1=1023 P2=   0 T1=1021 T2= 901  P= 447  D=  -1 
 X= 954 X2= 971  Y= 983 Y2=1023 P1=1023 P2=   0 T1=1023 T2= 899  P= 447  D=  -1 
 X= 922 X2=1003  Y= 976 Y2=1023 P1=1023 P2=   0 T1=1021 T2= 893  P= 447  D=  -1 
 X= 837 X2=1023  Y= 982 Y2=1020 P1=1023 P2=   0 T1=1023 T2= 898  P= 447  D=  -1 
 X=1008 X2=1002  Y= 974 Y2=1020 P1=1023 P2=   0 T1=1020 T2= 895  P= 447  D=  -1 
 X= 916 X2=1018  Y= 980 Y2=1019 P1=1023 P2=   0 T1=1020 T2= 905  P= 447  D=  -1 
 X= 858 X2=1023  Y= 978 Y2=1019 P1=1023 P2=   0 T1=1023 T2= 906  P= 447  D=  -1 
 X= 926 X2=1001  Y= 973 Y2=1018 P1=1023 P2=   0 T1=1020 T2= 916  P= 447  D=  -1 
 X=1018 X2= 990  Y= 969 Y2=1020 P1=1023 P2=   0 T1=1019 T2= 904  P= 447  D=  -1 
 X= 993 X2=1013  Y= 973 Y2=1020 P1=1023 P2=   0 T1=1023 T2= 890  P= 447  D=  -1 
 X= 868 X2=1023  Y= 986 Y2=1019 P1=1023 P2=   0 T1=1023 T2= 891  P= 447  D=  -1 
 X= 960 X2= 973  Y= 977 Y2=1019 P1=1023 P2=   0 T1=1023 T2= 905  P= 447  D=  -1 
 X= 809 X2=1023  Y= 982 Y2=1023 P1=1023 P2=   0 T1=1020 T2= 911  P= 447  D=  -1 
 X= 960 X2=1022  Y= 969 Y2=1023 P1=1023 P2=   0 T1=1023 T2= 832  P= 447  D=  -1 
 X= 985 X2=1012  Y= 972 Y2=1018 P1=1023 P2=   0 T1=1023 T2= 893  P= 447  D=  -1 
 X= 846 X2=1014  Y= 968 Y2=1020 P1=1023 P2=   0 T1=1023 T2= 911  P= 447  D=  -1 
 X= 947 X2=1023  Y= 971 Y2=1023 P1=1023 P2=   0 T1=1021 T2= 902  P= 447  D=  -1 
 X=1023 X2=1012  Y= 979 Y2=1019 P1=1023 P2=   0 T1=1021 T2= 895  P= 447  D=  -1 
 X=1018 X2=1003  Y= 971 Y2=1020 P1=1023 P2=   0 T1=1023 T2= 896  P= 447  D=  -1 
 X= 913 X2=1023  Y= 991 Y2=1019 P1=1023 P2=   0 T1=1020 T2= 908  P= 447  D=  -1 
 X= 949 X2= 991  Y= 979 Y2=1021 P1=1023 P2=   0 T1=1023 T2= 908  P= 447  D=  -1 
 X= 959 X2=1023  Y= 988 Y2=1023 P1=1023 P2=   0 T1=1023 T2= 912  P= 447  D=  -1 
 X= 784 X2=1023  Y= 968 Y2=1023 P1=1023 P2=   0 T1=1020 T2= 909  P= 447  D=  -1 
 X= 944 X2=1023  Y= 979 Y2=1020 P1=1023 P2=   0 T1=1021 T2= 898  P= 447  D=  -1 
 X= 990 X2=1010  Y= 968 Y2=1023 P1=1023 P2=   0 T1=1023 T2= 892  P= 447  D=  -1 
 X= 952 X2=1023  Y= 977 Y2=1023 P1=1023 P2=   0 T1=1022 T2= 929  P= 447  D=  -1 
 X=1023 X2=1006  Y= 979 Y2=1023 P1=1023 P2=   0 T1=1023 T2= 887  P= 447  D=  -1 
 X= 866 X2=1015  Y= 980 Y2=1023 P1=1023 P2=   0 T1=1023 T2= 910  P= 447  D=  -1 
 X= 900 X2=1023  Y= 987 Y2=1023 P1=1023 P2=   0 T1=1023 T2= 895  P= 447  D=  -1 
 X= 918 X2=1023  Y= 969 Y2=1019 P1=1023 P2=   0 T1=1019 T2= 906  P= 447  D=  -1 
 X= 949 X2=1021  Y= 973 Y2=1023 P1=1023 P2=   0 T1=1023 T2= 903  P= 447  D=  -1 
 X= 792 X2=1023  Y= 979 Y2=1017 P1=1023 P2=   0 T1=1021 T2= 900  P= 447  D=  -1 
 X= 874 X2=1023  Y= 988 Y2=1020 P1=1023 P2=   0 T1=1020 T2= 901  P= 447  D=  -1 
 X=1001 X2=1001  Y= 978 Y2=1023 P1=1023 P2=   0 T1=1023 T2= 925  P= 447  D=  -1 
 X= 919 X2=1018  Y= 979 Y2=1020 P1=1023 P2=   0 T1=1019 T2= 929  P= 447  D=  -1 
 X= 962 X2=1022  Y= 975 Y2=1019 P1=1023 P2=   0 T1=1023 T2= 887  P= 447  D=  -1 
 X= 955 X2=1000  Y= 974 Y2=1018 P1=1023 P2=   0 T1=1021 T2= 903  P= 447  D=  -1 
 X= 811 X2=1023  Y=1000 Y2=1020 P1=1023 P2=   0 T1=1023 T2= 900  P= 447  D=  -1 
 X= 931 X2=1023  Y= 973 Y2=1017 P1=1023 P2=   0 T1=1020 T2= 912  P= 447  D=  -1 
 X= 868 X2=1023  Y= 985 Y2=1023 P1=1023 P2=   0 T1=1020 T2= 911  P= 447  D=  -1 
 X= 793 X2=1023  Y= 974 Y2=1023 P1=1023 P2=   0 T1=1023 T2= 917  P= 447  D=  -1 
 X= 917 X2=1023  Y= 990 Y2=1018 P1=1023 P2=   0 T1=1020 T2= 898  P= 447  D=  -1 
 X= 897 X2=1023  Y= 997 Y2=1017 P1=1023 P2=   0 T1=1019 T2= 912  P= 447  D=  -1 
 X= 789 X2=1023  Y= 978 Y2=1020 P1=1023 P2=   0 T1=1020 T2= 918  P= 447  D=  -1 
 X= 987 X2= 985  Y= 979 Y2=1023 P1=1023 P2=   0 T1=1021 T2= 890  P= 447  D=  -1 
 X=1023 X2=1001  Y= 978 Y2=1023 P1=1023 P2=   0 T1=1021 T2= 898  P= 447  D=  -1 
 X=1023 X2=1013  Y= 969 Y2=1023 P1=1023 P2=   0 T1=1021 T2= 915  P= 447  D=  -1 
 X= 837 X2=1023  Y= 976 Y2=1019 P1=1023 P2=   0 T1=1021 T2= 895  P= 447  D=  -1 
 X=1023 X2=1013  Y= 953 Y2=1021 P1=1023 P2=   0 T1=1021 T2= 930  P= 447  D=  -1 
 X= 881 X2=1020  Y= 976 Y2=1021 P1=1023 P2=   0 T1=1020 T2= 934  P= 447  D=  -1 
 X= 960 X2=1017  Y= 973 Y2=1022 P1=1023 P2=   0 T1=1023 T2= 932  P= 447  D=  -1 
 X=1023 X2=1010  Y= 976 Y2=1023 P1=1023 P2=   0 T1=1022 T2= 893  P= 447  D=  -1 
 X=1008 X2= 999  Y= 979 Y2=1023 P1=1023 P2=   0 T1=1022 T2= 904  P= 447  D=  -1 
 X= 990 X2=1012  Y= 962 Y2=1023 P1=1023 P2=   0 T1=1023 T2= 911  P= 447  D=  -1 
 X= 897 X2=1023  Y= 979 Y2=1019 P1=1023 P2=   0 T1=1023 T2= 889  P= 447  D=  -1 
 X= 802 X2=1023  Y= 981 Y2=1019 P1=1023 P2=   0 T1=1021 T2= 911  P= 447  D=  -1 
 X= 872 X2=1023  Y= 999 Y2=1022 P1=1023 P2=   0 T1=1022 T2= 908  P= 447  D=  -1 
 X= 961 X2=1000  Y= 972 Y2=1022 P1=1023 P2=   0 T1=1023 T2= 905  P= 447  D=  -1 
 X= 863 X2=1015  Y= 976 Y2=1022 P1=1023 P2=   0 T1=1023 T2= 919  P= 447  D=  -1 
 X= 940 X2=1019  Y= 982 Y2=1023 P1=1023 P2=   0 T1=1022 T2= 921  P= 447  D=  -1 
 X= 950 X2=1023  Y= 973 Y2=1023 P1=1023 P2=   0 T1=1023 T2= 912  P= 447  D=  -1 
 X=1023 X2=1011  Y= 973 Y2=1023 P1=1023 P2=   0 T1=1023 T2= 903  P= 447  D=  -1 
 X= 955 X2=1017  Y= 972 Y2=1020 P1=1023 P2=   0 T1=1020 T2= 916  P= 447  D=  -1 
 X= 914 X2=1023  Y= 984 Y2=1023 P1=1023 P2=   0 T1=1021 T2= 893  P= 447  D=  -1 
 X= 957 X2=1023  Y= 978 Y2=1023 P1=1023 P2=   0 T1=1023 T2= 901  P= 447  D=  -1 
 X= 930 X2=1017  Y= 977 Y2=1023 P1=1023 P2=   0 T1=1021 T2= 909  P= 447  D=  -1 
 X= 829 X2=1023  Y= 980 Y2=1020 P1=1023 P2=   0 T1=1019 T2= 922  P= 447  D=  -1 
 X= 879 X2=1023  Y= 981 Y2=1023 P1=1023 P2=   0 T1=1022 T2= 917  P= 447  D=  -1 
 X= 994 X2=1004  Y= 975 Y2=1023 P1=1023 P2=   0 T1=1023 T2= 899  P= 447  D=  -1 
 X= 841 X2=1023  Y= 979 Y2=1023 P1=1023 P2=   0 T1=1021 T2= 916  P= 447  D=  -1 
 X= 950 X2= 989  Y= 982 Y2=1023 P1=1023 P2=   0 T1=1021 T2= 919  P= 447  D=  -1 
 X=1023 X2=1017  Y= 979 Y2=1023 P1=1023 P2=   0 T1=1019 T2= 893  P= 447  D=  -1 
 X= 891 X2=1023  Y= 986 Y2=1020 P1=1023 P2=   0 T1=1023 T2= 893  P= 447  D=  -1 
 X= 926 X2=1021  Y= 996 Y2=1023 P1=1023 P2=   0 T1=1023 T2= 930  P= 447  D=  -1 
 X= 964 X2= 984  Y= 975 Y2=1022 P1=1023 P2=   0 T1=1023 T2= 895  P= 447  D=  -1 
 X= 948 X2=1023  Y= 971 Y2=1023 P1=1023 P2=   0 T1=1022 T2= 911  P= 447  D=  -1 
 X= 933 X2=1022  Y= 990 Y2=1020 P1=1023 P2=   0 T1=1023 T2= 928  P= 447  D=  -1 
 X=1010 X2=1007  Y= 981 Y2=1023 P1=1023 P2=   0 T1=1022 T2= 922  P= 447  D=  -1 
 X= 873 X2=1021  Y= 969 Y2=1019 P1=1023 P2=   0 T1=1023 T2= 915  P= 447  D=  -1 
 X= 955 X2= 989  Y= 968 Y2=1019 P1=1023 P2=   0 T1=1023 T2= 910  P= 447  D=  -1 
 X=1023 X2=1012  Y= 980 Y2=1023 P1=1023 P2=   0 T1=1022 T2= 890  P= 447  D=  -1 
 X=1022 X2= 989  Y= 977 Y2=1019 P1=1023 P2=   0 T1=1023 T2= 918  P= 447  D=  -1 
 X= 889 X2=1023  Y= 984 Y2=1019 P1=1023 P2=   0 T1=1022 T2= 906  P= 447  D=  -1 
 X= 970 X2= 993  Y= 977 Y2=1022 P1=1023 P2=   0 T1=1023 T2= 917  P= 447  D=  -1 
 X=1023 X2=1015  Y= 978 Y2=1019 P1=1023 P2=   0 T1=1023 T2= 886  P= 447  D=  -1 
 X= 916 X2=1023  Y= 971 Y2=1017 P1=1023 P2=   0 T1=1019 T2= 903  P= 447  D=  -1 
 X= 997 X2=1003  Y= 978 Y2=1023 P1=1023 P2=   0 T1=1023 T2= 914  P= 447  D=  -1 
 X= 977 X2=1015  Y= 974 Y2=1020 P1=1023 P2=   0 T1=1023 T2= 914  P= 447  D=  -1 
 X= 867 X2=1023  Y=1018 Y2=1023 P1=1023 P2=   0 T1=1021 T2=1023  P= 447  D=  -1 
 X= 863 X2=1023  Y= 979 Y2=1023 P1=1023 P2=   0 T1=1023 T2= 922  P= 447  D=  -1 
 X= 930 X2=1021  Y= 987 Y2=1023 P1=1023 P2=   0 T1=1019 T2= 908  P= 447  D=  -1 
 X= 861 X2=1023  Y= 978 Y2=1020 P1=1023 P2=   0 T1=1023 T2= 923  P= 447  D=  -1 
 X= 919 X2=1023  Y= 988 Y2=1023 P1=1023 P2=   0 T1=1019 T2= 901  P= 447  D=  -1 
 X= 900 X2=1018  Y= 986 Y2=1023 P1=1023 P2=   0 T1=1019 T2= 920  P= 447  D=  -1 
 X= 949 X2=1023  Y= 972 Y2=1020 P1=1023 P2=   0 T1=1021 T2= 920  P= 447  D=  -1 
 X= 808 X2=1022  Y= 974 Y2=1023 P1=1023 P2=   0 T1=1019 T2= 915  P= 447  D=  -1 
 X= 996 X2= 993  Y= 984 Y2=1023 P1=1023 P2=   0 T1=1020 T2= 924  P= 447  D=  -1 
 X= 885 X2=1020  Y= 972 Y2=1023 P1=1023 P2=   0 T1=1021 T2= 930  P= 447  D=  -1 
 X=1023 X2=1017  Y= 975 Y2=1021 P1=1023 P2=   0 T1=1023 T2= 910  P= 447  D=  -1 
 X= 961 X2= 991  Y= 983 Y2=1019 P1=1023 P2=   0 T1=1021 T2= 898  P= 447  D=  -1 
 X= 808 X2=1023  Y= 970 Y2=1018 P1=1023 P2=   0 T1=1023 T2= 895  P= 447  D=  -1 
 X= 808 X2= 809  Y= 706 Y2= 710 P1= 905 P2= 556 T1=  13 T2=  11  P= 506  D=  -1 * 0
 X= 942 X2=1022  Y= 977 Y2=1020 P1=1023 P2=   0 T1=1021 T2= 889  P= 506  D=  -1 
 X= 851 X2=1015  Y= 983 Y2=1021 P1=1023 P2=   0 T1=1020 T2= 924  P= 506  D=  -1 
 X= 789 X2=1023  Y= 977 Y2=1023 P1=1023 P2=   0 T1=1020 T2= 883  P= 506  D=  -1 
 X= 951 X2=1023  Y= 984 Y2=1023 P1=1023 P2=   0 T1=1005 T2= 902  P= 506  D=  -1 
 X= 810 X2= 810  Y= 708 Y2= 714 P1= 918 P2= 496 T1=  17 T2=  17  P= 688  D=  -1 * 0
 X= 809 X2= 810  Y= 707 Y2= 710 P1= 911 P2= 527 T1=  15 T2=  15  P= 588  D=  -1 * 0
 X= 809 X2= 808  Y= 708 Y2= 711 P1= 910 P2= 531 T1=  15 T2=  14  P= 576  D=  -1 * 0
 X= 809 X2= 806  Y= 707 Y2= 712 P1= 910 P2= 532 T1=  14 T2=  15  P= 572  D=  -1 * 1
 X= 809 X2= 810  Y= 707 Y2= 711 P1= 909 P2= 533 T1=  14 T2=  15  P= 570  D=  -1 * 2
 X= 808 X2= 809  Y= 707 Y2= 710 P1= 909 P2= 532 T1=  15 T2=  14  P= 572  D=  -1 * 3
 X= 808 X2= 808  Y= 707 Y2= 711 P1= 910 P2= 532 T1=  13 T2=  15  P= 573  D=  -1 * 4
 X= 809 X2= 810  Y= 707 Y2= 712 P1= 910 P2= 533 T1=  15 T2=  16  P= 571  D=  -1 * 5
 X= 809 X2= 809  Y= 707 Y2= 713 P1= 909 P2= 534 T1=  15 T2=  15  P= 567  D=  -1 * 6
 X= 809 X2= 809  Y= 707 Y2= 715 P1= 909 P2= 533 T1=  14 T2=  14  P= 570  D=  -1 * 7
 X= 808 X2= 811  Y= 707 Y2= 708 P1= 911 P2= 533 T1=  15 T2=  14  P= 573  D=  -1 * 8
 X= 808 X2= 809  Y= 707 Y2= 709 P1= 910 P2= 533 T1=  14 T2=  14  P= 571  D=  -1 * 9
 X= 809 X2= 810  Y= 707 Y2= 711 P1= 910 P2= 533 T1=  14 T2=  15  P= 571  D=  -1 * 10
 X= 808 X2= 809  Y= 706 Y2= 711 P1= 910 P2= 533 T1=  14 T2=  15  P= 571  D=  -1 * 11
 X= 809 X2= 810  Y= 706 Y2= 711 P1= 910 P2= 533 T1=  14 T2=  14  P= 571  D=  -1 * 12
 X= 808 X2= 810  Y= 706 Y2= 710 P1= 909 P2= 534 T1=  15 T2=  14  P= 567  D=  -1 * 13
 X= 808 X2= 809  Y= 707 Y2= 711 P1= 909 P2= 534 T1=  15 T2=  15  P= 567  D=  -1 * 14
 X= 809 X2= 810  Y= 706 Y2= 711 P1= 910 P2= 534 T1=  14 T2=  14  P= 569  D=  -1 * 15
 X= 808 X2= 809  Y= 707 Y2= 711 P1= 910 P2= 535 T1=  14 T2=  14  P= 565  D=  -1 * 16
 X= 808 X2= 810  Y= 707 Y2= 711 P1= 910 P2= 535 T1=  12 T2=  14  P= 566  D=  -1 * 17
 X= 809 X2= 809  Y= 707 Y2= 711 P1= 910 P2= 535 T1=  14 T2=  15  P= 566  D=  -1 * 18
 X= 808 X2= 809  Y= 707 Y2= 710 P1= 909 P2= 534 T1=  14 T2=  14  P= 567  D=  -1 * 19
 X= 808 X2= 810  Y= 707 Y2= 711 P1= 910 P2= 535 T1=  15 T2=  14  P= 566  D=  -1 * 20
 X= 808 X2= 809  Y= 707 Y2= 711 P1= 910 P2= 534 T1=  14 T2=  14  P= 568  D=  -1 * 21
 X= 809 X2= 810  Y= 707 Y2= 710 P1= 911 P2= 535 T1=  15 T2=  15  P= 567  D=  -1 * 22
 X= 808 X2= 809  Y= 707 Y2= 711 P1= 910 P2= 535 T1=  14 T2=  15  P= 565  D=  -1 * 23
 X= 808 X2= 810  Y= 707 Y2= 710 P1= 910 P2= 535 T1=  14 T2=  14  P= 566  D=  -1 * 24
Remove Pin
 X= 808 X2= 810  Y= 707 Y2= 711 P1= 909 P2= 535 T1=  14 T2=  14  P= 565  D=  -1 * 24
 X= 810 X2= 810  Y= 706 Y2= 711 P1= 910 P2= 535 T1=  15 T2=  14  P= 567  D=  -1 * 24
 X= 808 X2= 810  Y= 707 Y2= 710 P1= 910 P2= 535 T1=  15 T2=  14  P= 566  D=  -1 * 24
 X= 808 X2= 809  Y= 706 Y2= 711 P1= 909 P2= 535 T1=  15 T2=  13  P= 564  D=  -1 * 24
 X= 809 X2= 809  Y= 707 Y2= 711 P1= 910 P2= 535 T1=  14 T2=  16  P= 566  D=  -1 * 24
 X= 807 X2= 809  Y= 707 Y2= 711 P1= 909 P2= 535 T1=  15 T2=  14  P= 564  D=  -1 * 24
 X= 808 X2= 809  Y= 707 Y2= 712 P1= 910 P2= 536 T1=  15 T2=  14  P= 563  D=  -1 * 24
 X= 808 X2= 809  Y= 707 Y2= 710 P1= 909 P2= 535 T1=  14 T2=  14  P= 564  D=  -1 * 24
 X= 808 X2= 812  Y= 706 Y2= 709 P1= 909 P2= 535 T1=  15 T2=  14  P= 566  D=  -1 * 24
 X= 810 X2= 809  Y= 708 Y2= 711 P1= 909 P2= 535 T1=  15 T2=  13  P= 565  D=  -1 * 24
 X= 809 X2= 810  Y= 707 Y2= 711 P1= 910 P2= 535 T1=  14 T2=  14  P= 566  D=  -1 * 24
 X= 808 X2= 809  Y= 707 Y2= 711 P1= 908 P2= 536 T1=  14 T2=  14  P= 560  D=  -1 * 24
 X= 808 X2= 810  Y= 707 Y2= 709 P1= 909 P2= 535 T1=  15 T2=  14  P= 565  D=  -1 * 24
 X= 808 X2= 809  Y= 707 Y2= 711 P1= 909 P2= 535 T1=  14 T2=  14  P= 564  D=  -1 * 24
 X= 808 X2= 810  Y= 706 Y2= 711 P1= 909 P2= 535 T1=  14 T2=  14  P= 565  D=  -1 * 24
 X= 808 X2= 809  Y= 706 Y2= 710 P1= 909 P2= 535 T1=  14 T2=  14  P= 564  D=  -1 * 24
 X= 809 X2= 810  Y= 707 Y2= 711 P1= 909 P2= 536 T1=  15 T2=  14  P= 562  D=  -1 * 24
 X= 809 X2= 809  Y= 706 Y2= 710 P1= 909 P2= 535 T1=  14 T2=  14  P= 565  D=  -1 * 24
 X= 808 X2= 809  Y= 707 Y2= 710 P1= 910 P2= 536 T1=  14 T2=  14  P= 563  D=  -1 * 24
 X= 808 X2= 809  Y= 706 Y2= 711 P1= 909 P2= 535 T1=  14 T2=  15  P= 564  D=  -1 * 24
 X= 809 X2= 809  Y= 706 Y2= 711 P1= 909 P2= 536 T1=  15 T2=  14  P= 562  D=  -1 * 24
 X= 808 X2= 807  Y= 707 Y2= 712 P1= 909 P2= 539 T1=  13 T2=  14  P= 553  D=  -1 * 24
 X= 809 X2= 810  Y= 706 Y2= 711 P1= 908 P2= 542 T1=  13 T2=  11  P= 546  D=  -1 * 24
 X= 808 X2= 810  Y= 706 Y2= 710 P1= 909 P2= 535 T1=  14 T2=  14  P= 565  D=  -1 * 24
 X=1018 X2=1017  Y= 988 Y2=1020 P1=1023 P2=   0 T1=1020 T2= 926  P= 565  D=  -1 
 X= 987 X2=1009  Y= 975 Y2=1021 P1=1023 P2=   0 T1=1023 T2= 902  P= 565  D=  -1 
 X= 983 X2=1010  Y= 977 Y2=1023 P1=1023 P2=   0 T1=1023 T2= 919  P= 565  D=  -1 
target state=4 point=23,249
 X= 872 X2=1023  Y= 994 Y2=1019 P1=1023 P2=   0 T1=1023 T2= 916  P= 565  D=  -1 
 X= 955 X2=1023  Y= 983 Y2=1023 P1=1023 P2=   0 T1=1023 T2= 881  P= 565  D=  -1 
 X= 959 X2= 998  Y= 984 Y2=1020 P1=1023 P2=   0 T1=1021 T2= 892  P= 565  D=  -1 
 X= 961 X2=1023  Y= 979 Y2=1023 P1=1023 P2=   0 T1=1023 T2= 919  P= 565  D=  -1 
 X= 900 X2=1023  Y= 976 Y2=1017 P1=1023 P2=   0 T1=1022 T2= 900  P= 565  D=  -1 
 X= 983 X2=1012  Y= 975 Y2=1021 P1=1023 P2=   0 T1=1021 T2= 918  P= 565  D=  -1 
 X= 934 X2=1018  Y= 973 Y2=1019 P1=1023 P2=   0 T1=1019 T2= 912  P= 565  D=  -1 
 X= 770 X2=1023  Y= 979 Y2=1023 P1=1023 P2=   0 T1=1023 T2= 904  P= 565  D=  -1 
 X=1023 X2=1012  Y= 975 Y2=1018 P1=1023 P2=   0 T1=1023 T2= 904  P= 565  D=  -1 
 X=1019 X2= 986  Y= 978 Y2=1018 P1=1023 P2=   0 T1=1019 T2= 901  P= 565  D=  -1 
 X= 895 X2=1023  Y= 979 Y2=1018 P1=1023 P2=   0 T1=1020 T2= 918  P= 565  D=  -1 
 X= 869 X2=1022  Y= 978 Y2=1023 P1=1023 P2=   0 T1=1020 T2= 907  P= 565  D=  -1 
 X= 960 X2=1023  Y= 981 Y2=1023 P1=1023 P2=   0 T1=1020 T2= 939  P= 565  D=  -1 
 X= 880 X2=1023  Y= 986 Y2=1022 P1=1023 P2=   0 T1=1023 T2= 930  P= 565  D=  -1 
 X= 967 X2=1023  Y= 978 Y2=1018 P1=1023 P2=   0 T1=1023 T2= 815  P= 565  D=  -1 
 X= 989 X2=1011  Y= 963 Y2=1023 P1=1023 P2=   0 T1=1021 T2= 914  P= 565  D=  -1 
 X= 958 X2=1023  Y= 979 Y2=1020 P1=1023 P2=   0 T1=1021 T2= 894  P= 565  D=  -1 
 X= 956 X2=1023  Y= 981 Y2=1020 P1=1023 P2=   0 T1=1023 T2= 887  P= 565  D=  -1 
 X=1023 X2= 990  Y= 969 Y2=1019 P1=1023 P2=   0 T1=1022 T2= 902  P= 565  D=  -1 
 X= 864 X2=1023  Y= 975 Y2=1023 P1=1023 P2=   0 T1=1023 T2= 899  P= 565  D=  -1 
 X= 925 X2=1023  Y= 973 Y2=1020 P1=1023 P2=   0 T1=1020 T2= 921  P= 565  D=  -1 
 X=1023 X2=1006  Y= 973 Y2=1023 P1=1023 P2=   0 T1=1020 T2= 914  P= 565  D=  -1 
 X= 941 X2=1020  Y= 980 Y2=1023 P1=1023 P2=   0 T1=1022 T2= 920  P= 565  D=  -1 
 X= 808 X2=1023  Y= 980 Y2=1023 P1=1023 P2=   0 T1=1021 T2= 919  P= 565  D=  -1 
 X=1019 X2= 991  Y= 969 Y2=1021 P1=1023 P2=   0 T1=1023 T2= 901  P= 565  D=  -1 
 X= 990 X2=1013  Y= 968 Y2=1021 P1=1023 P2=   0 T1=1023 T2= 893  P= 565  D=  -1 
 X= 957 X2=1023  Y= 967 Y2=1022 P1=1023 P2=   0 T1=1023 T2= 896  P= 565  D=  -1 
 X= 957 X2=1001  Y= 969 Y2=1022 P1=1023 P2=   0 T1=1023 T2= 925  P= 565  D=  -1 
 X=1010 X2=1006  Y= 986 Y2=1023 P1=1023 P2=   0 T1=1020 T2= 905  P= 565  D=  -1 
 X= 985 X2=1023  Y=1008 Y2=1023 P1=1023 P2=   0 T1=1023 T2=1018  P= 565  D=  -1 
 X= 935 X2=1017  Y= 980 Y2=1020 P1=1023 P2=   0 T1=1021 T2= 920  P= 565  D=  -1 
 X= 768 X2=1023  Y= 980 Y2=1019 P1=1023 P2=   0 T1=1021 T2= 914  P= 565  D=  -1 
 X= 778 X2=1023  Y= 977 Y2=1020 P1=1023 P2=   0 T1=1022 T2= 928  P= 565  D=  -1 
 X=1023 X2=1012  Y= 968 Y2=1019 P1=1023 P2=   0 T1=1020 T2= 905  P= 565  D=  -1 
 X= 992 X2=1012  Y= 956 Y2=1023 P1=1023 P2=   0 T1=1023 T2= 898  P= 565  D=  -1 
 X= 967 X2=1023  Y= 972 Y2=1021 P1=1023 P2=   0 T1=1023 T2= 903  P= 565  D=  -1 
 X= 956 X2=1022  Y= 976 Y2=1020 P1=1023 P2=   0 T1=1023 T2= 920  P= 565  D=  -1 
 X= 954 X2= 991  Y= 981 Y2=1021 P1=1023 P2=   0 T1=1021 T2= 891  P= 565  D=  -1 
 X= 921 X2=1001  Y= 990 Y2=1021 P1=1023 P2=   0 T1=1019 T2= 936  P= 565  D=  -1 
 X= 907 X2=1023  Y= 984 Y2=1019 P1=1022 P2=   0 T1=1022 T2= 907  P= 565  D=  -1 
 X= 982 X2=1013  Y= 976 Y2=1023 P1=1023 P2=   0 T1=1021 T2= 913  P= 565  D=  -1 
 X= 954 X2=1023  Y= 974 Y2=1019 P1=1023 P2=   0 T1=1019 T2= 934  P= 565  D=  -1 
 X= 899 X2=1023  Y= 977 Y2=1018 P1=1023 P2=   0 T1=1023 T2= 905  P= 565  D=  -1 
 X=1023 X2=1011  Y= 970 Y2=1020 P1=1023 P2=   0 T1=1019 T2= 921  P= 565  D=  -1 
 X= 857 X2=1023  Y= 986 Y2=1019 P1=1023 P2=   0 T1=1023 T2= 912  P= 565  D=  -1 
 X= 965 X2= 990  Y= 987 Y2=1018 P1=1023 P2=   0 T1=1023 T2= 906  P= 565  D=  -1 
 X= 952 X2=1001  Y= 988 Y2=1023 P1=1023 P2=   0 T1=1021 T2= 898  P= 565  D=  -1 
 X= 780 X2=1023  Y= 971 Y2=1020 P1=1023 P2=   0 T1=1023 T2= 926  P= 565  D=  -1 
 X= 883 X2=1023  Y= 987 Y2=1023 P1=1023 P2=   0 T1=1018 T2= 900  P= 565  D=  -1 
 X= 941 X2= 991  Y= 984 Y2=1022 P1=1023 P2=   0 T1=1023 T2= 912  P= 565  D=  -1 
 X= 940 X2=1017  Y= 975 Y2=1023 P1=1023 P2=   0 T1=1022 T2= 891  P= 565  D=  -1 
 X= 911 X2=1020  Y= 983 Y2=1023 P1=1023 P2=   0 T1=1020 T2= 902  P= 565  D=  -1 
 X= 956 X2= 990  Y= 985 Y2=1018 P1=1023 P2=   0 T1=1022 T2= 911  P= 565  D=  -1 
 X=1023 X2=1017  Y= 977 Y2=1023 P1=1023 P2=   0 T1=1023 T2= 895  P= 565  D=  -1 
 X= 913 X2=1023  Y= 990 Y2=1018 P1=1023 P2=   0 T1=1022 T2= 915  P= 565  D=  -1 
 X= 936 X2=1021  Y= 982 Y2=1019 P1=1023 P2=   0 T1=1023 T2= 899  P= 565  D=  -1 
 X=1020 X2= 991  Y= 973 Y2=1021 P1=1023 P2=   0 T1=1020 T2= 912  P= 565  D=  -1 
 X= 839 X2=1023  Y= 975 Y2=1023 P1=1023 P2=   0 T1=1023 T2= 928  P= 565  D=  -1 
 X= 799 X2=1023  Y= 962 Y2=1020 P1=1023 P2=   0 T1=1019 T2= 913  P= 565  D=  -1 
 X= 997 X2=1007  Y= 987 Y2=1023 P1=1023 P2=   0 T1=1023 T2= 915  P= 565  D=  -1 
 X= 912 X2=1021  Y= 981 Y2=1021 P1=1023 P2=   0 T1=1018 T2= 906  P= 565  D=  -1 
 X= 958 X2= 988  Y= 964 Y2=1017 P1=1023 P2=   0 T1=1023 T2= 877  P= 565  D=  -1 
 X=1023 X2=1013  Y= 944 Y2=1019 P1=1023 P2=   0 T1=1020 T2= 891  P= 565  D=  -1 
 X= 951 X2=1023  Y= 977 Y2=1023 P1=1023 P2=   0 T1=1023 T2= 914  P= 565  D=  -1 
 X= 897 X2=1022  Y= 986 Y2=1019 P1=1023 P2=   0 T1=1020 T2= 912  P= 565  D=  -1 
 X= 969 X2=1020  Y= 981 Y2=1023 P1=1023 P2=   0 T1=1023 T2= 893  P= 565  D=  -1 
 X= 809 X2=1023  Y= 976 Y2=1020 P1=1023 P2=   0 T1=1023 T2= 933  P= 565  D=  -1 
 X= 811 X2=1023  Y= 973 Y2=1023 P1=1023 P2=   0 T1=1020 T2= 921  P= 565  D=  -1 
 X=1018 X2= 987  Y= 971 Y2=1023 P1=1023 P2=   0 T1=1023 T2= 911  P= 565  D=  -1 
 X= 978 X2=1013  Y= 968 Y2=1019 P1=1023 P2=   0 T1=1023 T2= 917  P= 565  D=  -1 
 X= 780 X2=1023  Y= 984 Y2=1022 P1=1023 P2=   0 T1=1019 T2= 917  P= 565  D=  -1 
 X=1023 X2=1005  Y= 983 Y2=1023 P1=1023 P2=   0 T1=1023 T2= 916  P= 565  D=  -1 
 X= 230 X2= 233  Y= 708 Y2= 704 P1= 825 P2= 247 T1=  20 T2=  20  P= 540  D=  -1 * 0
 X= 230 X2= 235  Y= 708 Y2= 704 P1= 831 P2= 240 T1=  20 T2=  21  P= 571  D=  -1 * 0
 X= 234 X2= 237  Y= 709 Y2= 705 P1= 835 P2= 238 T1=  21 T2=  22  P= 589  D=  -1 * 0
 X= 949 X2=1023  Y= 974 Y2=1023 P1=1023 P2=   0 T1=1020 T2= 905  P= 589  D=  -1 
 X= 235 X2= 237  Y= 710 Y2= 705 P1= 849 P2= 218 T1=  24 T2=  23  P= 682  D=  -1 * 0
 X= 233 X2= 235  Y= 708 Y2= 703 P1= 840 P2= 230 T1=  22 T2=  22  P= 620  D=  -1 * 1
 X= 234 X2= 236  Y= 708 Y2= 705 P1= 839 P2= 231 T1=  22 T2=  23  P= 618  D=  -1 * 2
 X= 233 X2= 236  Y= 708 Y2= 705 P1= 838 P2= 232 T1=  21 T2=  22  P= 611  D=  -1 * 3
 X= 239 X2= 235  Y= 709 Y2= 704 P1= 836 P2= 234 T1=  21 T2=  21  P= 609  D=  -1 * 4
 X= 233 X2= 235  Y= 708 Y2= 705 P1= 837 P2= 233 T1=  21 T2=  22  P= 606  D=  -1 * 5
 X= 233 X2= 235  Y= 709 Y2= 704 P1= 837 P2= 234 T1=  21 T2=  21  P= 602  D=  -1 * 6
 X= 232 X2= 234  Y= 709 Y2= 704 P1= 837 P2= 234 T1=  21 T2=  21  P= 600  D=  -1 * 7
 X= 233 X2= 235  Y= 708 Y2= 704 P1= 837 P2= 234 T1=  21 T2=  21  P= 602  D=  -1 * 8
 X= 233 X2= 236  Y= 709 Y2= 706 P1= 836 P2= 234 T1=  21 T2=  21  P= 601  D=  -1 * 9
 X= 234 X2= 234  Y= 709 Y2= 705 P1= 836 P2= 234 T1=  22 T2=  22  P= 601  D=  -1 * 10
 X= 239 X2= 236  Y= 707 Y2= 704 P1= 836 P2= 234 T1=  21 T2=  20  P= 609  D=  -1 * 11
 X= 233 X2= 235  Y= 710 Y2= 703 P1= 836 P2= 235 T1=  22 T2=  21  P= 598  D=  -1 * 12
 X= 233 X2= 235  Y= 709 Y2= 704 P1= 836 P2= 235 T1=  21 T2=  21  P= 598  D=  -1 * 13
 X= 234 X2= 235  Y= 708 Y2= 704 P1= 836 P2= 235 T1=  21 T2=  21  P= 598  D=  -1 * 14
 X= 233 X2= 235  Y= 708 Y2= 704 P1= 835 P2= 236 T1=  21 T2=  21  P= 593  D=  -1 * 15
 X= 230 X2= 234  Y= 708 Y2= 704 P1= 835 P2= 236 T1=  22 T2=  21  P= 588  D=  -1 * 16
 X= 233 X2= 235  Y= 708 Y2= 704 P1= 836 P2= 236 T1=  21 T2=  21  P= 594  D=  -1 * 17
 X= 233 X2= 235  Y= 706 Y2= 704 P1= 834 P2= 236 T1=  21 T2=  21  P= 592  D=  -1 * 18
 X= 232 X2= 234  Y= 709 Y2= 705 P1= 836 P2= 235 T1=  21 T2=  21  P= 595  D=  -1 * 19
 X= 234 X2= 236  Y= 709 Y2= 703 P1= 835 P2= 236 T1=  21 T2=  21  P= 596  D=  -1 * 20
 X= 234 X2= 236  Y= 708 Y2= 704 P1= 835 P2= 236 T1=  21 T2=  22  P= 596  D=  -1 * 21
 X= 233 X2= 235  Y= 708 Y2= 704 P1= 835 P2= 236 T1=  21 T2=  21  P= 593  D=  -1 * 22
 X= 232 X2= 236  Y= 708 Y2= 704 P1= 835 P2= 235 T1=  19 T2=  20  P= 597  D=  -1 * 23
 X= 233 X2= 233  Y= 708 Y2= 704 P1= 835 P2= 235 T1=  20 T2=  21  P= 594  D=  -1 * 24
Remove Pin
 X= 233 X2= 235  Y= 708 Y2= 704 P1= 835 P2= 236 T1=  21 T2=  20  P= 593  D=  -1 * 24
 X= 234 X2= 235  Y= 708 Y2= 704 P1= 836 P2= 236 T1=  21 T2=  21  P= 594  D=  -1 * 24
 X= 233 X2= 235  Y= 708 Y2= 704 P1= 835 P2= 236 T1=  20 T2=  21  P= 593  D=  -1 * 24
 X= 232 X2= 235  Y= 709 Y2= 704 P1= 835 P2= 236 T1=  22 T2=  21  P= 591  D=  -1 * 24
 X= 233 X2= 236  Y= 706 Y2= 705 P1= 835 P2= 236 T1=  21 T2=  21  P= 593  D=  -1 * 24
 X= 233 X2= 236  Y= 708 Y2= 704 P1= 834 P2= 236 T1=  21 T2=  21  P= 592  D=  -1 * 24
 X= 234 X2= 235  Y= 708 Y2= 704 P1= 834 P2= 236 T1=  21 T2=  21  P= 592  D=  -1 * 24
 X= 234 X2= 236  Y= 707 Y2= 704 P1= 835 P2= 236 T1=  20 T2=  21  P= 596  D=  -1 * 24
 X= 234 X2= 234  Y= 709 Y2= 704 P1= 834 P2= 236 T1=  21 T2=  21  P= 592  D=  -1 * 24
 X= 232 X2= 235  Y= 708 Y2= 704 P1= 835 P2= 236 T1=  22 T2=  21  P= 591  D=  -1 * 24
 X= 233 X2= 236  Y= 708 Y2= 704 P1= 835 P2= 236 T1=  21 T2=  21  P= 593  D=  -1 * 24
 X= 233 X2= 234  Y= 708 Y2= 703 P1= 835 P2= 236 T1=  21 T2=  21  P= 591  D=  -1 * 24
 X= 233 X2= 235  Y= 708 Y2= 706 P1= 835 P2= 236 T1=  22 T2=  22  P= 593  D=  -1 * 24
 X= 233 X2= 235  Y= 709 Y2= 704 P1= 835 P2= 236 T1=  21 T2=  22  P= 593  D=  -1 * 24
 X= 233 X2= 228  Y= 708 Y2= 704 P1= 834 P2= 236 T1=  20 T2=  23  P= 582  D=  -1 * 24
 X= 233 X2= 235  Y= 708 Y2= 704 P1= 835 P2= 237 T1=  21 T2=  22  P= 590  D=  -1 * 24
 X= 232 X2= 233  Y= 710 Y2= 704 P1= 835 P2= 236 T1=  21 T2=  21  P= 588  D=  -1 * 24
 X= 233 X2= 235  Y= 709 Y2= 704 P1= 835 P2= 236 T1=  21 T2=  21  P= 593  D=  -1 * 24
 X= 233 X2= 234  Y= 708 Y2= 705 P1= 835 P2= 236 T1=  21 T2=  21  P= 591  D=  -1 * 24
 X= 233 X2= 235  Y= 709 Y2= 704 P1= 835 P2= 236 T1=  22 T2=  21  P= 593  D=  -1 * 24
 X= 234 X2= 236  Y= 708 Y2= 704 P1= 835 P2= 236 T1=  21 T2=  21  P= 596  D=  -1 * 24
 X= 233 X2= 236  Y= 708 Y2= 704 P1= 836 P2= 236 T1=  21 T2=  22  P= 594  D=  -1 * 24
 X= 232 X2= 236  Y= 708 Y2= 705 P1= 836 P2= 236 T1=  21 T2=  21  P= 594  D=  -1 * 24
 X= 233 X2= 235  Y= 708 Y2= 704 P1= 835 P2= 237 T1=  21 T2=  23  P= 590  D=  -1 * 24
 X= 234 X2= 235  Y= 708 Y2= 704 P1= 835 P2= 236 T1=  21 T2=  21  P= 593  D=  -1 * 24
 X= 233 X2= 235  Y= 707 Y2= 703 P1= 835 P2= 236 T1=  21 T2=  20  P= 593  D=  -1 * 24
 X= 233 X2= 235  Y= 708 Y2= 704 P1= 835 P2= 236 T1=  27 T2=  21  P= 593  D=  -1 * 24
 X= 233 X2= 235  Y= 708 Y2= 704 P1= 835 P2= 237 T1=  21 T2=  21  P= 590  D=  -1 * 24
 X= 234 X2= 231  Y= 708 Y2= 704 P1= 835 P2= 236 T1=  21 T2=  23  P= 588  D=  -1 * 24
 X= 233 X2= 234  Y= 708 Y2= 704 P1= 837 P2= 233 T1=  22 T2=  21  P= 603  D=  -1 * 24
 X= 234 X2= 236  Y= 708 Y2= 704 P1= 843 P2= 226 T1=  22 T2=  22  P= 641  D=  -1 * 24
 X= 238 X2= 239  Y= 710 Y2= 706 P1= 862 P2= 203 T1=  25 T2=  24  P= 772  D=  -1 * 24
 X=1022 X2= 988  Y= 972 Y2=1023 P1=1023 P2=   0 T1=1022 T2= 907  P= 772  D=  -1 
 X=1023 X2=1002  Y= 997 Y2=1023 P1=1023 P2=   0 T1=1020 T2= 916  P= 772  D=  -1 
 X=1023 X2=1012  Y= 979 Y2=1023 P1=1023 P2=   0 T1=1020 T2= 906  P= 772  D=  -1 
Target Noise  x= 2.50 y= 2.50
X[0]: Target=240   521/ 523/ 525 Stdev= 0.98 N= 24  Y[0]: Target=136   520/ 521/ 523 Stdev= 0.57 N= 24
X[1]: Target= 23   232/ 234/ 236 Stdev= 0.88 N= 24  Y[1]: Target= 22   326/ 327/ 328 Stdev= 0.48 N= 24
X[2]: Target=456   807/ 808/ 809 Stdev= 0.48 N= 24  Y[2]: Target= 22   326/ 327/ 327 Stdev= 0.46 N= 24
X[3]: Target=456   807/ 809/ 809 Stdev= 0.57 N= 24  Y[3]: Target=249   707/ 709/ 711 Stdev= 0.77 N= 24
X[4]: Target= 23   232/ 234/ 237 Stdev= 1.08 N= 24  Y[4]: Target=249   705/ 706/ 707 Stdev= 0.53 N= 24
N=24 Avg=16
min: 16 16 17 17 17 17 
max: 18 17 17 17 17 17 
N=24 Avg=21
min: 20 20 20 21 21 21 
max: 22 22 22 22 21 21 
N=24 Avg=14
min: 12 14 14 14 14 14 
max: 15 15 14 14 14 14 
N=24 Avg=14
min: 13 14 14 14 14 14 
max: 15 15 15 15 14 14 
N=24 Avg=21
min: 19 20 21 21 21 21 
max: 23 22 22 22 21 21 
Using TNT center offset = 17
TNT Plane Coef: a= -798 b=    1 c= 441828
At  522, 521: Real=  17 Fit=  17 Offset=   0
At  233, 326: Real=  21 Fit=  21 Offset=   4
At  807, 326: Real=  14 Fit=  15 Offset=  -2
At  808, 708: Real=  14 Fit=  15 Offset=  -2
At  234, 706: Real=  21 Fit=  21 Offset=   4
Fit Points: 18, 24, 12, 12, 24,  center: 17
Setting for min_tnt_up:   520
Setting for max_tnt_down: 22 (V2:33)
Entering calib_pressure_mfg
Using default pressure curve
468 471 487 495 509 524 553 575 612 
Summary:
Setting for max_tnt_down:      22
3.7 setting for max_tnt_down:     -1
Setting for min_tnt_up:       520
Setting for max_delta_tnt:      5
3.8 setting for max_delta_tnt:     -1
Setting for delay_in_us:        1
Setting for y_delay_in_us:      1
Setting for tnt_delay_in_us:    1
Setting for pressure_curve:  468 471 487 495 509 524 553 575 612
Setting for tnt_mode:           1
Setting for averaging:         -1
Setting for pointercal:      49437 -130 -9969182 0 39149 -11320826 65536
Setting for tnt_plane:       -798 1 441828
