new-calib: New touch screen calibration program v3.12
Serial Number='13161E00010B0601016D'
Using tnt_mode=1
Setting for delay_in_us:        1
Setting for y_delay_in_us:      1
Setting for tnt_delay_in_us:    1
Setting for max_delta_tnt:      5
Setting for tnt_mode:           1
Setting for averaging:         -1
Entering get_four_points
target_noise  x= 2.50 y= 2.50 t= 2.50
target state=0 point=23,22
 X=1014 X2=1000  Y= 969 Y2=1022 P1=1023 P2=  -1 T1=1022 T2= 952  P= 619  D=   1 
 X= 735 X2=1012  Y= 995 Y2=1021 P1=1023 P2=  -1 T1=1023 T2= 914  P= 619  D=   1 
 X=1023 X2= 994  Y= 971 Y2=1022 P1=1023 P2=  -1 T1=1022 T2= 957  P= 619  D=   1 
 X= 900 X2=1023  Y= 977 Y2=1022 P1=1023 P2=  -1 T1=1022 T2= 935  P= 619  D=   1 
 X= 899 X2= 989  Y= 979 Y2=1020 P1=1023 P2=  -1 T1=1023 T2= 948  P= 619  D=   1 
 X=1021 X2= 986  Y= 973 Y2=1022 P1=1023 P2=  -1 T1=1022 T2= 964  P= 619  D=   1 
 X= 789 X2=1023  Y= 997 Y2=1022 P1=1023 P2=  -1 T1=1022 T2= 913  P= 619  D=   1 
 X= 878 X2=1023  Y= 992 Y2=1021 P1=1023 P2=  -1 T1=1022 T2= 943  P= 619  D=   1 
 X= 925 X2=1023  Y= 982 Y2=1022 P1=1023 P2=  -1 T1=1021 T2= 949  P= 619  D=   1 
 X= 807 X2=1023  Y= 999 Y2=1022 P1=1023 P2=  -1 T1=1023 T2= 939  P= 619  D=   1 
 X= 784 X2=1023  Y=1010 Y2=1021 P1=1023 P2=  -1 T1=1023 T2= 920  P= 619  D=   1 
 X= 990 X2=1003  Y= 974 Y2=1023 P1=1023 P2=  -1 T1=1023 T2= 954  P= 619  D=   1 
 X=1010 X2=1023  Y= 995 Y2=1022 P1=1023 P2=  -1 T1=1023 T2= 931  P= 619  D=   1 
 X=1011 X2= 995  Y= 967 Y2=1023 P1=1023 P2=  -1 T1=1022 T2= 952  P= 619  D=   1 
 X=1023 X2= 978  Y= 985 Y2=1021 P1=1023 P2=  -1 T1=1023 T2= 951  P= 619  D=   1 
 X= 928 X2= 969  Y= 988 Y2=1021 P1=1023 P2=  -1 T1=1022 T2= 947  P= 619  D=   1 
 X= 737 X2=1023  Y=1000 Y2=1021 P1=1023 P2=  -1 T1=1023 T2= 937  P= 619  D=   1 
 X=1023 X2= 998  Y= 974 Y2=1023 P1=1023 P2=  -1 T1=1022 T2= 939  P= 619  D=   1 
 X= 923 X2=1023  Y= 981 Y2=1022 P1=1023 P2=  -1 T1=1022 T2= 938  P= 619  D=   1 
 X= 676 X2=1023  Y= 986 Y2=1020 P1=1023 P2=  -1 T1=1022 T2= 927  P= 619  D=   1 
 X=1021 X2= 990  Y= 970 Y2=1022 P1=1023 P2=  -1 T1=1022 T2= 944  P= 619  D=   1 
 X= 993 X2=1011  Y= 982 Y2=1022 P1=1023 P2=  -1 T1=1022 T2= 962  P= 619  D=   1 
 X=1008 X2= 999  Y= 985 Y2=1022 P1=1023 P2=  -1 T1=1022 T2= 964  P= 619  D=   1 
 X=1023 X2=1008  Y= 980 Y2=1023 P1=1023 P2=  -1 T1=1022 T2= 953  P= 619  D=   1 
 X=1023 X2= 956  Y= 989 Y2=1023 P1=1023 P2=  -1 T1=1022 T2= 950  P= 619  D=   1 
 X= 752 X2=1023  Y=1004 Y2=1021 P1=1023 P2=  -1 T1=1022 T2= 939  P= 619  D=   1 
 X= 826 X2=1023  Y= 995 Y2=1020 P1=1023 P2=  -1 T1=1022 T2= 937  P= 619  D=   1 
 X= 853 X2=1023  Y= 987 Y2=1022 P1=1023 P2=  -1 T1=1022 T2= 947  P= 619  D=   1 
 X= 900 X2=1023  Y= 985 Y2=1022 P1=1023 P2=  -1 T1=1023 T2= 939  P= 619  D=   1 
 X=1005 X2=1006  Y= 976 Y2=1023 P1=1023 P2=  -1 T1=1022 T2= 946  P= 619  D=   1 
 X= 998 X2=1007  Y= 989 Y2=1023 P1=1023 P2=  -1 T1=1023 T2= 942  P= 619  D=   1 
 X= 798 X2=1014  Y= 981 Y2=1021 P1=1023 P2=  -1 T1=1021 T2= 942  P= 619  D=   1 
 X= 903 X2=1023  Y= 989 Y2=1021 P1=1022 P2=  -1 T1=1022 T2= 936  P= 619  D=   1 
 X=1023 X2= 996  Y= 980 Y2=1022 P1=1023 P2=  -1 T1=1022 T2= 928  P= 619  D=   1 
 X= 669 X2=1023  Y= 989 Y2=1020 P1=1023 P2=  -1 T1=1022 T2= 934  P= 619  D=   1 
 X= 825 X2=1023  Y= 998 Y2=1020 P1=1023 P2=  -1 T1=1022 T2= 930  P= 619  D=   1 
 X= 929 X2=1023  Y= 987 Y2=1020 P1=1023 P2=  -1 T1=1022 T2= 934  P= 619  D=   1 
 X= 883 X2=1023  Y= 990 Y2=1022 P1=1023 P2=  -1 T1=1022 T2= 942  P= 619  D=   1 
 X= 720 X2=1023  Y= 991 Y2=1019 P1=1023 P2=  -1 T1=1021 T2= 929  P= 619  D=   1 
 X=1023 X2=1010  Y= 990 Y2=1023 P1=1022 P2=  -1 T1=1023 T2= 947  P= 619  D=   1 
 X=1006 X2=1003  Y= 981 Y2=1023 P1=1023 P2=  -1 T1=1023 T2= 935  P= 619  D=   1 
 X= 817 X2=1023  Y= 997 Y2=1019 P1=1023 P2=  -1 T1=1022 T2= 945  P= 619  D=   1 
 X=1023 X2= 963  Y= 978 Y2=1023 P1=1023 P2=  -1 T1=1022 T2= 944  P= 619  D=   1 
 X= 772 X2=1023  Y=1000 Y2=1021 P1=1023 P2=  -1 T1=1022 T2= 937  P= 619  D=   1 
 X= 664 X2=1023  Y= 991 Y2=1022 P1=1023 P2=  -1 T1=1022 T2= 940  P= 619  D=   1 
 X= 785 X2=1023  Y= 998 Y2=1021 P1=1023 P2=  -1 T1=1022 T2= 945  P= 619  D=   1 
 X= 716 X2=1023  Y= 982 Y2=1021 P1=1023 P2=  -1 T1=1023 T2= 944  P= 619  D=   1 
 X= 925 X2=1023  Y= 989 Y2=1022 P1=1023 P2=  -1 T1=1022 T2= 934  P= 619  D=   1 
 X= 923 X2= 986  Y= 987 Y2=1022 P1=1022 P2=  -1 T1=1023 T2= 937  P= 619  D=   1 
 X=1023 X2= 988  Y= 981 Y2=1023 P1=1023 P2=  -1 T1=1022 T2= 936  P= 619  D=   1 
 X= 905 X2= 997  Y= 974 Y2=1022 P1=1023 P2=  -1 T1=1023 T2= 922  P= 619  D=   1 
 X= 876 X2=1023  Y= 990 Y2=1021 P1=1023 P2=  -1 T1=1022 T2= 956  P= 619  D=   1 
 X= 832 X2= 983  Y= 986 Y2=1022 P1=1023 P2=  -1 T1=1023 T2= 938  P= 619  D=   1 
 X= 819 X2=1023  Y= 993 Y2=1020 P1=1023 P2=  -1 T1=1023 T2= 930  P= 619  D=   1 
 X= 828 X2=1023  Y= 996 Y2=1021 P1=1023 P2=  -1 T1=1023 T2= 921  P= 619  D=   1 
 X=1003 X2=1003  Y= 975 Y2=1023 P1=1023 P2=  -1 T1=1023 T2= 944  P= 619  D=   1 
 X= 941 X2=1023  Y= 993 Y2=1022 P1=1023 P2=  -1 T1=1022 T2= 938  P= 619  D=   1 
 X=1013 X2=1006  Y= 980 Y2=1022 P1=1023 P2=  -1 T1=1021 T2= 945  P= 619  D=   1 
 X=1023 X2= 955  Y= 977 Y2=1023 P1=1023 P2=  -1 T1=1023 T2= 961  P= 619  D=   1 
 X=1012 X2= 985  Y= 978 Y2=1023 P1=1022 P2=  -1 T1=1022 T2= 952  P= 619  D=   1 
 X= 906 X2=1023  Y= 984 Y2=1020 P1=1023 P2=  -1 T1=1022 T2= 933  P= 619  D=   1 
 X= 926 X2= 959  Y= 986 Y2=1021 P1=1022 P2=  -1 T1=1020 T2= 940  P= 619  D=   1 
 X= 938 X2=1014  Y= 972 Y2=1023 P1=1023 P2=  -1 T1=1023 T2= 951  P= 619  D=   1 
 X= 744 X2=1023  Y= 990 Y2=1020 P1=1023 P2=  -1 T1=1022 T2= 937  P= 619  D=   1 
 X= 923 X2=1023  Y= 989 Y2=1022 P1=1023 P2=  -1 T1=1022 T2= 928  P= 619  D=   1 
 X= 817 X2=1012  Y= 984 Y2=1023 P1=1023 P2=  -1 T1=1021 T2= 936  P= 619  D=   1 
 X= 884 X2=1023  Y= 987 Y2=1022 P1=1023 P2=  -1 T1=1022 T2= 943  P= 619  D=   1 
 X=1001 X2=1007  Y= 986 Y2=1022 P1=1023 P2=  -1 T1=1020 T2= 963  P= 619  D=   1 
 X=1020 X2= 992  Y= 974 Y2=1023 P1=1023 P2=  -1 T1=1022 T2= 940  P= 619  D=   1 
 X= 723 X2=1023  Y=1000 Y2=1021 P1=1023 P2=  -1 T1=1022 T2= 942  P= 619  D=   1 
 X= 930 X2= 970  Y= 989 Y2=1021 P1=1023 P2=  -1 T1=1021 T2= 925  P= 619  D=   1 
 X= 749 X2=1023  Y= 987 Y2=1022 P1=1023 P2=  -1 T1=1023 T2= 946  P= 619  D=   1 
 X= 690 X2=1023  Y= 989 Y2=1020 P1=1023 P2=  -1 T1=1022 T2= 930  P= 619  D=   1 
 X=1022 X2=1022  Y=1005 Y2=1021 P1=1023 P2=  -1 T1=1014 T2=1023  P= 619  D=   1 
 X= 793 X2=1023  Y= 994 Y2=1020 P1=1023 P2=  -1 T1=1023 T2= 954  P= 619  D=   1 
 X= 893 X2=1001  Y= 988 Y2=1022 P1=1023 P2=  -1 T1=1021 T2= 944  P= 619  D=   1 
 X= 814 X2=1023  Y= 993 Y2=1021 P1=1023 P2=  -1 T1=1022 T2= 941  P= 619  D=   1 
 X=1021 X2= 999  Y= 982 Y2=1022 P1=1023 P2=  -1 T1=1021 T2= 944  P= 619  D=   1 
 X= 835 X2=1023  Y= 993 Y2=1022 P1=1023 P2=  -1 T1=1023 T2= 934  P= 619  D=   1 
 X= 725 X2=1023  Y=1001 Y2=1021 P1=1023 P2=  -1 T1=1022 T2= 945  P= 619  D=   1 
 X= 895 X2=1021  Y= 988 Y2=1021 P1=1023 P2=  -1 T1=1022 T2= 948  P= 619  D=   1 
 X= 853 X2=1023  Y= 986 Y2=1022 P1=1023 P2=  -1 T1=1022 T2= 937  P= 619  D=   1 
 X= 686 X2=1023  Y= 988 Y2=1018 P1=1023 P2=  -1 T1=1022 T2= 927  P= 619  D=   1 
 X=1023 X2= 968  Y= 986 Y2=1023 P1=1023 P2=  -1 T1=1022 T2= 949  P= 619  D=   1 
 X= 987 X2=1006  Y= 978 Y2=1023 P1=1023 P2=  -1 T1=1022 T2= 952  P= 619  D=   1 
 X= 943 X2= 982  Y= 985 Y2=1022 P1=1023 P2=  -1 T1=1022 T2= 945  P= 619  D=   1 
 X= 924 X2= 990  Y= 987 Y2=1022 P1=1023 P2=  -1 T1=1023 T2= 942  P= 619  D=   1 
 X=1023 X2= 962  Y= 977 Y2=1022 P1=1023 P2=  -1 T1=1022 T2= 947  P= 619  D=   1 
 X= 732 X2=1023  Y= 985 Y2=1021 P1=1023 P2=  -1 T1=1022 T2= 947  P= 619  D=   1 
 X= 841 X2=1023  Y= 990 Y2=1020 P1=1023 P2=  -1 T1=1022 T2= 941  P= 619  D=   1 
 X= 783 X2=1010  Y= 982 Y2=1022 P1=1023 P2=  -1 T1=1022 T2= 942  P= 619  D=   1 
 X= 841 X2=1023  Y= 991 Y2=1022 P1=1023 P2=  -1 T1=1022 T2= 956  P= 619  D=   1 
 X= 918 X2=1023  Y= 993 Y2=1021 P1=1023 P2=  -1 T1=1022 T2= 944  P= 619  D=   1 
 X=1007 X2= 992  Y= 977 Y2=1023 P1=1023 P2=  -1 T1=1022 T2= 933  P= 619  D=   1 
 X= 967 X2=1021  Y= 989 Y2=1021 P1=1023 P2=  -1 T1=1022 T2= 937  P= 619  D=   1 
 X= 902 X2=1023  Y= 986 Y2=1021 P1=1023 P2=  -1 T1=1021 T2= 941  P= 619  D=   1 
 X= 884 X2= 987  Y= 985 Y2=1021 P1=1023 P2=  -1 T1=1023 T2= 938  P= 619  D=   1 
 X= 747 X2=1023  Y= 995 Y2=1020 P1=1023 P2=  -1 T1=1022 T2= 941  P= 619  D=   1 
 X= 815 X2=1023  Y=1003 Y2=1022 P1=1023 P2=  -1 T1=1021 T2= 937  P= 619  D=   1 
 X= 858 X2=1023  Y= 985 Y2=1022 P1=1023 P2=  -1 T1=1021 T2= 949  P= 619  D=   1 
 X= 886 X2=1023  Y= 986 Y2=1022 P1=1023 P2=  -1 T1=1022 T2= 953  P= 619  D=   1 
 X= 914 X2= 988  Y= 985 Y2=1021 P1=1023 P2=  -1 T1=1023 T2= 955  P= 619  D=   1 
 X=1023 X2= 963  Y= 985 Y2=1022 P1=1023 P2=  -1 T1=1022 T2= 952  P= 619  D=   1 
 X= 997 X2= 999  Y= 979 Y2=1022 P1=1023 P2=  -1 T1=1022 T2= 955  P= 619  D=   1 
 X= 796 X2=1023  Y= 989 Y2=1020 P1=1023 P2=  -1 T1=1022 T2= 943  P= 619  D=   1 
 X= 926 X2= 991  Y= 984 Y2=1022 P1=1023 P2=  -1 T1=1022 T2= 958  P= 619  D=   1 
 X= 777 X2=1023  Y= 986 Y2=1021 P1=1023 P2=  -1 T1=1023 T2= 946  P= 619  D=   1 
 X= 768 X2=1023  Y= 987 Y2=1021 P1=1023 P2=  -1 T1=1021 T2= 929  P= 619  D=   1 
 X=1011 X2= 987  Y= 972 Y2=1023 P1=1022 P2=  -1 T1=1022 T2= 960  P= 619  D=   1 
 X=1000 X2=1009  Y= 981 Y2=1023 P1=1023 P2=  -1 T1=1023 T2= 934  P= 619  D=   1 
 X= 869 X2=1023  Y= 977 Y2=1022 P1=1023 P2=  -1 T1=1022 T2= 956  P= 619  D=   1 
 X= 923 X2= 997  Y= 981 Y2=1023 P1=1023 P2=  -1 T1=1023 T2= 963  P= 619  D=   1 
 X=1023 X2=1008  Y= 982 Y2=1023 P1=1019 P2=  -1 T1=1022 T2= 947  P= 619  D=   1 
 X= 905 X2= 987  Y= 993 Y2=1022 P1=1023 P2=  -1 T1=1022 T2= 954  P= 619  D=   1 
 X= 988 X2= 997  Y= 984 Y2=1022 P1=1023 P2=  -1 T1=1022 T2= 946  P= 619  D=   1 
 X= 669 X2=1009  Y= 981 Y2=1022 P1=1023 P2=  -1 T1=1022 T2= 919  P= 619  D=   1 
 X= 667 X2=1023  Y= 984 Y2=1021 P1=1023 P2=  -1 T1=1022 T2= 949  P= 619  D=   1 
 X= 912 X2=1023  Y= 987 Y2=1021 P1=1023 P2=  -1 T1=1023 T2= 951  P= 619  D=   1 
 X=1004 X2= 999  Y= 974 Y2=1022 P1=1023 P2=  -1 T1=1022 T2= 930  P= 619  D=   1 
 X= 840 X2=1023  Y= 986 Y2=1023 P1=1023 P2=  -1 T1=1023 T2= 921  P= 619  D=   1 
 X=1023 X2= 995  Y= 983 Y2=1023 P1=1023 P2=  -1 T1=1023 T2= 959  P= 619  D=   1 
 X= 881 X2= 969  Y= 980 Y2=1021 P1=1023 P2=  -1 T1=1023 T2= 955  P= 619  D=   1 
 X= 760 X2=1007  Y= 994 Y2=1021 P1=1023 P2=  -1 T1=1021 T2= 943  P= 619  D=   1 
 X= 793 X2=1023  Y=1008 Y2=1021 P1=1023 P2=  -1 T1=1022 T2= 936  P= 619  D=   1 
 X= 830 X2=1023  Y= 987 Y2=1021 P1=1023 P2=  -1 T1=1021 T2= 943  P= 619  D=   1 
 X= 842 X2=1023  Y= 990 Y2=1023 P1=1023 P2=  -1 T1=1023 T2= 950  P= 619  D=   1 
 X= 635 X2=1023  Y= 988 Y2=1022 P1=1023 P2=  -1 T1=1022 T2= 932  P= 619  D=   1 
 X= 820 X2=1011  Y= 984 Y2=1023 P1=1022 P2=  -1 T1=1022 T2= 943  P= 619  D=   1 
 X= 781 X2=1013  Y= 986 Y2=1022 P1=1023 P2=  -1 T1=1023 T2= 947  P= 619  D=   1 
 X= 877 X2=1014  Y= 990 Y2=1020 P1=1023 P2=  -1 T1=1021 T2= 940  P= 619  D=   1 
 X= 940 X2= 987  Y= 989 Y2=1022 P1=1023 P2=  -1 T1=1023 T2= 932  P= 619  D=   1 
 X=1020 X2=1008  Y= 985 Y2=1023 P1=1023 P2=  -1 T1=1022 T2= 951  P= 619  D=   1 
 X= 764 X2=1023  Y= 998 Y2=1021 P1=1023 P2=  -1 T1=1022 T2= 933  P= 619  D=   1 
 X= 824 X2=1003  Y= 991 Y2=1021 P1=1023 P2=  -1 T1=1022 T2= 952  P= 619  D=   1 
 X= 901 X2=1023  Y= 992 Y2=1022 P1=1023 P2=  -1 T1=1022 T2= 932  P= 619  D=   1 
 X= 700 X2=1023  Y= 992 Y2=1020 P1=1023 P2=  -1 T1=1022 T2= 928  P= 619  D=   1 
 X=1023 X2= 998  Y= 988 Y2=1022 P1=1023 P2=  -1 T1=1022 T2= 910  P= 619  D=   1 
 X=1022 X2= 985  Y= 953 Y2=1022 P1=1023 P2=  -1 T1=1022 T2= 944  P= 619  D=   1 
 X= 777 X2=1012  Y= 989 Y2=1023 P1=1023 P2=  -1 T1=1023 T2= 933  P= 619  D=   1 
 X= 938 X2= 989  Y= 982 Y2=1022 P1=1023 P2=  -1 T1=1023 T2= 929  P= 619  D=   1 
 X=1023 X2=1003  Y= 986 Y2=1021 P1=1023 P2=  -1 T1=1023 T2= 945  P= 619  D=   1 
 X= 761 X2=1023  Y= 997 Y2=1021 P1=1023 P2=  -1 T1=1023 T2= 938  P= 619  D=   1 
 X= 935 X2=1014  Y= 978 Y2=1022 P1=1023 P2=  -1 T1=1022 T2= 921  P= 619  D=   1 
 X= 975 X2=1008  Y= 977 Y2=1023 P1=1023 P2=  -1 T1=1023 T2= 944  P= 619  D=   1 
 X= 877 X2=1023  Y= 976 Y2=1020 P1=1023 P2=  -1 T1=1022 T2= 945  P= 619  D=   1 
 X= 864 X2=1008  Y= 984 Y2=1021 P1=1023 P2=  -1 T1=1022 T2= 943  P= 619  D=   1 
 X=1023 X2= 971  Y= 990 Y2=1023 P1=1023 P2=  -1 T1=1023 T2= 951  P= 619  D=   1 
 X= 706 X2=1023  Y= 983 Y2=1020 P1=1023 P2=  -1 T1=1022 T2= 944  P= 619  D=   1 
 X=1023 X2=1006  Y= 976 Y2=1022 P1=1023 P2=  -1 T1=1022 T2= 933  P= 619  D=   1 
 X= 930 X2= 984  Y= 985 Y2=1021 P1=1023 P2=  -1 T1=1023 T2= 950  P= 619  D=   1 
 X= 798 X2=1023  Y= 987 Y2=1022 P1=1022 P2=  -1 T1=1022 T2= 928  P= 619  D=   1 
 X= 754 X2=1023  Y= 983 Y2=1021 P1=1023 P2=  -1 T1=1022 T2= 936  P= 619  D=   1 
 X= 826 X2=1023  Y= 998 Y2=1021 P1=1023 P2=  -1 T1=1023 T2= 942  P= 619  D=   1 
 X=1023 X2=1002  Y= 985 Y2=1022 P1=1022 P2=  -1 T1=1023 T2= 950  P= 619  D=   1 
 X= 789 X2=1023  Y= 990 Y2=1021 P1=1022 P2=  -1 T1=1021 T2= 946  P= 619  D=   1 
 X= 839 X2=1011  Y= 976 Y2=1023 P1=1023 P2=  -1 T1=1021 T2= 949  P= 619  D=   1 
 X=1023 X2= 961  Y= 983 Y2=1023 P1=1022 P2=  -1 T1=1021 T2= 938  P= 619  D=   1 
 X= 829 X2=1023  Y= 998 Y2=1021 P1=1023 P2=  -1 T1=1022 T2= 934  P= 619  D=   1 
 X= 780 X2=1022  Y= 984 Y2=1020 P1=1023 P2=  -1 T1=1022 T2= 944  P= 619  D=   1 
 X= 918 X2= 988  Y= 986 Y2=1022 P1=1023 P2=  -1 T1=1022 T2= 956  P= 619  D=   1 
 X= 691 X2=1023  Y= 985 Y2=1021 P1=1023 P2=  -1 T1=1022 T2= 944  P= 619  D=   1 
 X= 773 X2=1023  Y= 979 Y2=1020 P1=1023 P2=  -1 T1=1023 T2= 933  P= 619  D=   1 
 X= 812 X2=1013  Y= 983 Y2=1022 P1=1023 P2=  -1 T1=1022 T2= 945  P= 619  D=   1 
 X= 821 X2=1023  Y= 979 Y2=1021 P1=1023 P2=  -1 T1=1022 T2= 936  P= 619  D=   1 
 X=1007 X2= 996  Y= 976 Y2=1023 P1=1023 P2=  -1 T1=1022 T2= 943  P= 619  D=   1 
 X=1023 X2= 970  Y= 982 Y2=1023 P1=1023 P2=  -1 T1=1022 T2= 949  P= 619  D=   1 
 X= 991 X2= 997  Y= 975 Y2=1022 P1=1023 P2=  -1 T1=1022 T2= 956  P= 619  D=   1 
 X= 907 X2=1013  Y= 972 Y2=1022 P1=1023 P2=  -1 T1=1023 T2= 946  P= 619  D=   1 
 X= 834 X2=1023  Y= 998 Y2=1020 P1=1023 P2=  -1 T1=1022 T2= 947  P= 619  D=   1 
 X= 701 X2=1023  Y= 999 Y2=1021 P1=1023 P2=  -1 T1=1023 T2= 946  P= 619  D=   1 
 X= 743 X2=1023  Y= 986 Y2=1021 P1=1023 P2=  -1 T1=1022 T2= 932  P= 619  D=   1 
 X=1014 X2= 998  Y= 979 Y2=1022 P1=1023 P2=  -1 T1=1021 T2= 951  P= 619  D=   1 
 X= 995 X2=1004  Y= 982 Y2=1022 P1=1023 P2=  -1 T1=1022 T2= 962  P= 619  D=   1 
 X= 788 X2=1014  Y= 985 Y2=1023 P1=1023 P2=  -1 T1=1023 T2= 953  P= 619  D=   1 
 X=1021 X2=1014  Y=1021 Y2=1023 P1=1023 P2=  -1 T1=1022 T2=1019  P= 619  D=   1 
 X= 679 X2=1023  Y= 986 Y2=1020 P1=1023 P2=  -1 T1=1021 T2= 924  P= 619  D=   1 
 X=1023 X2=1002  Y= 985 Y2=1021 P1=1023 P2=  -1 T1=1022 T2= 945  P= 619  D=   1 
 X= 923 X2= 978  Y= 982 Y2=1020 P1=1023 P2=  -1 T1=1023 T2= 936  P= 619  D=   1 
 X= 784 X2=1014  Y= 992 Y2=1022 P1=1023 P2=  -1 T1=1021 T2= 951  P= 619  D=   1 
 X= 847 X2=1023  Y= 978 Y2=1023 P1=1023 P2=  -1 T1=1022 T2= 946  P= 619  D=   1 
 X= 734 X2=1023  Y=1007 Y2=1021 P1=1023 P2=  -1 T1=1022 T2= 928  P= 619  D=   1 
 X=1004 X2=1004  Y= 984 Y2=1023 P1=1023 P2=  -1 T1=1022 T2= 936  P= 619  D=   1 
 X= 987 X2=1013  Y= 976 Y2=1022 P1=1023 P2=  -1 T1=1022 T2= 930  P= 619  D=   1 
 X=1023 X2=1004  Y= 985 Y2=1022 P1=1023 P2=  -1 T1=1022 T2= 949  P= 619  D=   1 
 X=1023 X2=1001  Y= 980 Y2=1022 P1=1023 P2=  -1 T1=1022 T2= 944  P= 619  D=   1 
 X= 750 X2=1023  Y= 989 Y2=1021 P1=1023 P2=  -1 T1=1022 T2= 950  P= 619  D=   1 
 X= 789 X2=1023  Y=1000 Y2=1021 P1=1023 P2=  -1 T1=1022 T2= 948  P= 619  D=   1 
 X= 905 X2=1023  Y= 991 Y2=1022 P1=1023 P2=  -1 T1=1021 T2= 927  P= 619  D=   1 
 X= 778 X2=1013  Y= 987 Y2=1023 P1=1023 P2=  -1 T1=1023 T2= 939  P= 619  D=   1 
 X= 900 X2=1023  Y= 986 Y2=1022 P1=1023 P2=  -1 T1=1022 T2= 938  P= 619  D=   1 
 X= 780 X2=1014  Y= 979 Y2=1023 P1=1023 P2=  -1 T1=1022 T2= 935  P= 619  D=   1 
 X=1009 X2=1006  Y= 980 Y2=1023 P1=1023 P2=  -1 T1=1022 T2= 946  P= 619  D=   1 
 X=1023 X2= 980  Y= 976 Y2=1022 P1=1023 P2=  -1 T1=1022 T2= 967  P= 619  D=   1 
 X= 934 X2= 982  Y= 985 Y2=1022 P1=1023 P2=  -1 T1=1023 T2= 937  P= 619  D=   1 
 X=1023 X2=1004  Y= 986 Y2=1023 P1=1023 P2=  -1 T1=1023 T2= 920  P= 619  D=   1 
 X= 748 X2=1023  Y= 988 Y2=1020 P1=1023 P2=  -1 T1=1021 T2= 940  P= 619  D=   1 
 X= 757 X2=1023  Y= 999 Y2=1021 P1=1022 P2=  -1 T1=1022 T2= 926  P= 619  D=   1 
 X= 699 X2=1023  Y= 992 Y2=1021 P1=1023 P2=  -1 T1=1022 T2= 945  P= 619  D=   1 
 X= 829 X2=1023  Y= 999 Y2=1021 P1=1023 P2=  -1 T1=1023 T2= 949  P= 619  D=   1 
 X=1006 X2= 998  Y= 987 Y2=1022 P1=1023 P2=  -1 T1=1022 T2= 962  P= 619  D=   1 
 X=1023 X2=1008  Y= 978 Y2=1023 P1=1023 P2=  -1 T1=1022 T2= 960  P= 619  D=   1 
 X= 990 X2=1007  Y= 976 Y2=1022 P1=1023 P2=  -1 T1=1022 T2= 946  P= 619  D=   1 
 X= 898 X2= 954  Y= 984 Y2=1021 P1=1023 P2=  -1 T1=1021 T2= 944  P= 619  D=   1 
 X= 921 X2= 996  Y= 991 Y2=1023 P1=1023 P2=  -1 T1=1023 T2= 957  P= 619  D=   1 
 X= 750 X2=1023  Y= 996 Y2=1021 P1=1023 P2=  -1 T1=1022 T2= 939  P= 619  D=   1 
 X= 814 X2=1023  Y= 998 Y2=1021 P1=1021 P2=  -1 T1=1022 T2= 944  P= 619  D=   1 
 X=1004 X2=1005  Y= 984 Y2=1023 P1=1022 P2=  -1 T1=1023 T2= 944  P= 619  D=   1 
 X= 779 X2=1012  Y= 983 Y2=1023 P1=1023 P2=  -1 T1=1023 T2= 933  P= 619  D=   1 
 X= 900 X2=1023  Y= 983 Y2=1022 P1=1023 P2=  -1 T1=1022 T2= 976  P= 619  D=   1 
 X=1023 X2=1000  Y= 986 Y2=1023 P1=1023 P2=  -1 T1=1023 T2= 948  P= 619  D=   1 
 X= 983 X2=1001  Y= 978 Y2=1021 P1=1023 P2=  -1 T1=1023 T2= 946  P= 619  D=   1 
 X= 923 X2= 949  Y= 993 Y2=1022 P1=1023 P2=  -1 T1=1022 T2= 958  P= 619  D=   1 
 X= 933 X2= 968  Y= 987 Y2=1021 P1=1023 P2=  -1 T1=1023 T2= 950  P= 619  D=   1 
 X= 905 X2=1023  Y= 983 Y2=1022 P1=1023 P2=  -1 T1=1021 T2= 952  P= 619  D=   1 
 X= 847 X2=1023  Y= 994 Y2=1021 P1=1023 P2=  -1 T1=1022 T2= 940  P= 619  D=   1 
 X= 931 X2=1022  Y= 989 Y2=1022 P1=1023 P2=  -1 T1=1023 T2= 925  P= 619  D=   1 
 X= 978 X2=1008  Y= 985 Y2=1023 P1=1023 P2=  -1 T1=1022 T2= 947  P= 619  D=   1 
 X= 811 X2= 983  Y= 983 Y2=1021 P1=1023 P2=  -1 T1=1022 T2= 955  P= 619  D=   1 
 X=1023 X2= 964  Y= 986 Y2=1022 P1=1023 P2=  -1 T1=1022 T2= 942  P= 619  D=   1 
 X=1023 X2= 975  Y= 983 Y2=1022 P1=1023 P2=  -1 T1=1022 T2= 957  P= 619  D=   1 
 X= 807 X2=1023  Y=1000 Y2=1021 P1=1022 P2=  -1 T1=1022 T2= 898  P= 619  D=   1 
 X= 852 X2= 962  Y= 983 Y2=1020 P1=1022 P2=  -1 T1=1022 T2= 938  P= 619  D=   1 
 X= 845 X2=1023  Y= 978 Y2=1021 P1=1023 P2=  -1 T1=1022 T2= 936  P= 619  D=   1 
 X= 914 X2=1023  Y= 987 Y2=1022 P1=1023 P2=  -1 T1=1022 T2= 943  P= 619  D=   1 
 X= 686 X2=1023  Y= 987 Y2=1022 P1=1023 P2=  -1 T1=1022 T2= 944  P= 619  D=   1 
 X= 832 X2=1007  Y= 981 Y2=1023 P1=1023 P2=  -1 T1=1021 T2= 949  P= 619  D=   1 
 X= 795 X2=1013  Y= 972 Y2=1023 P1=1023 P2=  -1 T1=1022 T2= 905  P= 619  D=   1 
 X= 915 X2= 946  Y= 987 Y2=1021 P1=1023 P2=  -1 T1=1020 T2= 930  P= 619  D=   1 
 X=1023 X2=1004  Y= 990 Y2=1022 P1=1023 P2=  -1 T1=1022 T2= 959  P= 619  D=   1 
 X= 664 X2=1023  Y= 981 Y2=1020 P1=1023 P2=  -1 T1=1022 T2= 926  P= 619  D=   1 
 X= 796 X2=1023  Y= 991 Y2=1021 P1=1023 P2=  -1 T1=1022 T2= 939  P= 619  D=   1 
 X= 841 X2=1023  Y= 994 Y2=1020 P1=1023 P2=  -1 T1=1023 T2= 936  P= 619  D=   1 
 X= 929 X2=1023  Y= 978 Y2=1022 P1=1023 P2=  -1 T1=1021 T2= 924  P= 619  D=   1 
 X= 711 X2=1023  Y= 987 Y2=1022 P1=1023 P2=  -1 T1=1022 T2= 923  P= 619  D=   1 
 X=1023 X2=1009  Y= 991 Y2=1023 P1=1023 P2=  -1 T1=1022 T2= 946  P= 619  D=   1 
 X= 992 X2=1006  Y= 969 Y2=1022 P1=1023 P2=  -1 T1=1022 T2= 946  P= 619  D=   1 
 X= 917 X2=1008  Y= 984 Y2=1021 P1=1023 P2=  -1 T1=1022 T2= 928  P= 619  D=   1 
 X= 907 X2= 949  Y= 984 Y2=1021 P1=1023 P2=  -1 T1=1022 T2= 941  P= 619  D=   1 
 X=1023 X2= 999  Y= 980 Y2=1021 P1=1023 P2=  -1 T1=1022 T2= 947  P= 619  D=   1 
 X= 847 X2=1023  Y= 999 Y2=1021 P1=1022 P2=  -1 T1=1022 T2= 925  P= 619  D=   1 
 X= 771 X2=1023  Y= 985 Y2=1021 P1=1023 P2=  -1 T1=1022 T2= 948  P= 619  D=   1 
 X= 916 X2=1010  Y= 980 Y2=1023 P1=1023 P2=  -1 T1=1023 T2= 929  P= 619  D=   1 
 X= 752 X2=1023  Y= 997 Y2=1021 P1=1023 P2=  -1 T1=1022 T2= 948  P= 619  D=   1 
 X=1023 X2= 993  Y= 977 Y2=1022 P1=1023 P2=  -1 T1=1022 T2= 934  P= 619  D=   1 
 X=1019 X2= 969  Y= 982 Y2=1023 P1=1023 P2=  -1 T1=1022 T2= 941  P= 619  D=   1 
 X= 904 X2=1010  Y= 975 Y2=1023 P1=1022 P2=  -1 T1=1023 T2= 944  P= 619  D=   1 
 X=1023 X2=1011  Y= 990 Y2=1023 P1=1023 P2=  -1 T1=1022 T2= 947  P= 619  D=   1 
 X= 917 X2= 978  Y= 984 Y2=1022 P1=1023 P2=  -1 T1=1023 T2= 937  P= 619  D=   1 
 X= 926 X2= 953  Y= 984 Y2=1021 P1=1023 P2=  -1 T1=1022 T2= 934  P= 619  D=   1 
 X= 794 X2=1023  Y=1005 Y2=1021 P1=1023 P2=  -1 T1=1023 T2= 941  P= 619  D=   1 
 X=1012 X2=1000  Y= 977 Y2=1022 P1=1023 P2=  -1 T1=1022 T2= 945  P= 619  D=   1 
 X= 970 X2=1007  Y= 987 Y2=1021 P1=1023 P2=  -1 T1=1023 T2= 916  P= 619  D=   1 
 X= 910 X2=1023  Y= 987 Y2=1022 P1=1023 P2=  -1 T1=1021 T2= 937  P= 619  D=   1 
 X= 986 X2=1004  Y= 973 Y2=1023 P1=1023 P2=  -1 T1=1022 T2= 947  P= 619  D=   1 
 X= 937 X2=1012  Y= 985 Y2=1022 P1=1023 P2=  -1 T1=1022 T2= 951  P= 619  D=   1 
 X= 897 X2= 969  Y= 986 Y2=1022 P1=1023 P2=  -1 T1=1022 T2= 948  P= 619  D=   1 
 X= 920 X2=1020  Y= 983 Y2=1021 P1=1023 P2=  -1 T1=1022 T2= 949  P= 619  D=   1 
 X= 866 X2=1023  Y= 992 Y2=1022 P1=1023 P2=  -1 T1=1022 T2= 938  P= 619  D=   1 
 X= 737 X2=1023  Y= 990 Y2=1021 P1=1023 P2=  -1 T1=1022 T2= 938  P= 619  D=   1 
 X= 824 X2=1023  Y= 997 Y2=1020 P1=1023 P2=  -1 T1=1022 T2= 920  P= 619  D=   1 
 X= 938 X2=1023  Y= 990 Y2=1021 P1=1023 P2=  -1 T1=1022 T2= 918  P= 619  D=   1 
 X= 772 X2=1013  Y= 976 Y2=1023 P1=1023 P2=  -1 T1=1023 T2= 924  P= 619  D=   1 
 X= 924 X2= 979  Y= 988 Y2=1022 P1=1023 P2=  -1 T1=1023 T2= 957  P= 619  D=   1 
 X=1023 X2= 971  Y= 988 Y2=1023 P1=1022 P2=  -1 T1=1022 T2= 952  P= 619  D=   1 
 X= 938 X2=1013  Y= 975 Y2=1023 P1=1023 P2=  -1 T1=1022 T2= 958  P= 619  D=   1 
 X=1023 X2=1005  Y= 985 Y2=1022 P1=1023 P2=  -1 T1=1022 T2= 963  P= 619  D=   1 
 X= 915 X2= 972  Y= 992 Y2=1022 P1=1023 P2=  -1 T1=1023 T2= 940  P= 619  D=   1 
 X= 911 X2=1010  Y= 986 Y2=1022 P1=1023 P2=  -1 T1=1023 T2= 957  P= 619  D=   1 
 X= 781 X2=1023  Y= 986 Y2=1021 P1=1022 P2=  -1 T1=1022 T2= 945  P= 619  D=   1 
 X= 992 X2=1011  Y= 981 Y2=1023 P1=1023 P2=  -1 T1=1023 T2= 948  P= 619  D=   1 
 X= 811 X2=1010  Y= 978 Y2=1023 P1=1023 P2=  -1 T1=1023 T2= 959  P= 619  D=   1 
 X= 906 X2=1023  Y= 992 Y2=1021 P1=1020 P2=  -1 T1=1021 T2= 955  P= 619  D=   1 
 X= 924 X2= 986  Y= 981 Y2=1021 P1=1023 P2=  -1 T1=1022 T2= 937  P= 619  D=   1 
 X=1023 X2= 971  Y= 991 Y2=1022 P1=1023 P2=  -1 T1=1022 T2= 955  P= 619  D=   1 
 X= 937 X2= 985  Y= 988 Y2=1021 P1=1023 P2=  -1 T1=1020 T2= 946  P= 619  D=   1 
 X=1023 X2= 984  Y=1020 Y2=1022 P1=1023 P2=  -1 T1=1021 T2=1015  P= 619  D=   1 
 X= 924 X2=1023  Y= 986 Y2=1020 P1=1022 P2=  -1 T1=1020 T2= 940  P= 619  D=   1 
 X= 868 X2=1023  Y= 995 Y2=1020 P1=1023 P2=  -1 T1=1022 T2= 934  P= 619  D=   1 
 X=1008 X2= 996  Y= 972 Y2=1022 P1=1023 P2=  -1 T1=1021 T2= 945  P= 619  D=   1 
 X= 990 X2=1007  Y= 983 Y2=1023 P1=1023 P2=  -1 T1=1023 T2= 938  P= 619  D=   1 
 X= 820 X2=1023  Y= 982 Y2=1022 P1=1023 P2=  -1 T1=1022 T2= 946  P= 619  D=   1 
 X=1023 X2= 984  Y= 971 Y2=1022 P1=1023 P2=  -1 T1=1023 T2= 947  P= 619  D=   1 
 X=1023 X2= 948  Y= 981 Y2=1023 P1=1023 P2=  -1 T1=1021 T2= 921  P= 619  D=   1 
 X= 681 X2=1023  Y= 989 Y2=1019 P1=1023 P2=  -1 T1=1022 T2= 926  P= 619  D=   1 
 X= 823 X2=1023  Y= 990 Y2=1020 P1=1023 P2=  -1 T1=1022 T2= 941  P= 619  D=   1 
 X= 821 X2=1023  Y= 977 Y2=1022 P1=1023 P2=  -1 T1=1022 T2= 944  P= 619  D=   1 
 X= 858 X2=1023  Y= 987 Y2=1022 P1=1023 P2=  -1 T1=1022 T2= 938  P= 619  D=   1 
 X= 703 X2=1023  Y= 989 Y2=1021 P1=1023 P2=  -1 T1=1022 T2= 945  P= 619  D=   1 
 X= 980 X2=1009  Y= 982 Y2=1022 P1=1023 P2=  -1 T1=1022 T2= 945  P= 619  D=   1 
 X= 780 X2=1014  Y= 990 Y2=1023 P1=1023 P2=  -1 T1=1022 T2= 946  P= 619  D=   1 
 X= 996 X2=1003  Y= 971 Y2=1022 P1=1023 P2=  -1 T1=1021 T2= 954  P= 619  D=   1 
 X=1023 X2= 995  Y= 982 Y2=1022 P1=1023 P2=  -1 T1=1023 T2= 941  P= 619  D=   1 
 X= 804 X2=1023  Y= 999 Y2=1021 P1=1023 P2=  -1 T1=1022 T2= 955  P= 619  D=   1 
 X= 796 X2=1023  Y=1001 Y2=1021 P1=1023 P2=  -1 T1=1021 T2= 946  P= 619  D=   1 
 X= 814 X2=1023  Y= 994 Y2=1021 P1=1023 P2=  -1 T1=1022 T2= 942  P= 619  D=   1 
 X= 713 X2=1023  Y= 981 Y2=1022 P1=1023 P2=  -1 T1=1022 T2= 944  P= 619  D=   1 
 X= 929 X2=1023  Y= 988 Y2=1022 P1=1023 P2=  -1 T1=1022 T2= 953  P= 619  D=   1 
 X=1023 X2=1005  Y= 982 Y2=1023 P1=1023 P2=  -1 T1=1022 T2= 949  P= 619  D=   1 
 X=1021 X2= 995  Y= 974 Y2=1023 P1=1023 P2=  -1 T1=1021 T2= 946  P= 619  D=   1 
 X=1023 X2=1007  Y= 989 Y2=1023 P1=1022 P2=  -1 T1=1023 T2= 957  P= 619  D=   1 
 X= 876 X2= 989  Y= 985 Y2=1021 P1=1023 P2=  -1 T1=1023 T2= 948  P= 619  D=   1 
 X= 912 X2=1009  Y= 983 Y2=1022 P1=1023 P2=  -1 T1=1023 T2= 960  P= 619  D=   1 
 X= 798 X2=1023  Y= 991 Y2=1021 P1=1023 P2=  -1 T1=1023 T2= 948  P= 619  D=   1 
 X= 810 X2=1023  Y=1003 Y2=1021 P1=1023 P2=  -1 T1=1023 T2= 958  P= 619  D=   1 
 X=1001 X2=1009  Y= 975 Y2=1023 P1=1023 P2=  -1 T1=1023 T2= 959  P= 619  D=   1 
 X= 783 X2=1012  Y= 976 Y2=1022 P1=1023 P2=  -1 T1=1022 T2= 958  P= 619  D=   1 
 X=1023 X2= 999  Y= 990 Y2=1023 P1=1023 P2=  -1 T1=1022 T2= 953  P= 619  D=   1 
 X=1023 X2= 976  Y= 951 Y2=1022 P1=1023 P2=  -1 T1=1021 T2= 946  P= 619  D=   1 
 X= 995 X2= 994  Y= 966 Y2=1022 P1=1023 P2=  -1 T1=1023 T2= 941  P= 619  D=   1 
 X= 881 X2= 972  Y= 988 Y2=1021 P1=1022 P2=  -1 T1=1021 T2= 935  P= 619  D=   1 
 X= 915 X2= 987  Y= 987 Y2=1023 P1=1023 P2=  -1 T1=1022 T2= 970  P= 619  D=   1 
 X= 924 X2=1023  Y= 980 Y2=1022 P1=1023 P2=  -1 T1=1022 T2= 935  P= 619  D=   1 
 X= 774 X2=1023  Y= 989 Y2=1022 P1=1023 P2=  -1 T1=1022 T2= 947  P= 619  D=   1 
 X=1023 X2= 985  Y= 982 Y2=1023 P1=1023 P2=  -1 T1=1022 T2= 935  P= 619  D=   1 
 X= 985 X2=1007  Y= 982 Y2=1023 P1=1023 P2=  -1 T1=1022 T2= 934  P= 619  D=   1 
 X= 775 X2=1023  Y=1007 Y2=1022 P1=1023 P2=  -1 T1=1023 T2= 947  P= 619  D=   1 
 X=1023 X2= 981  Y= 984 Y2=1023 P1=1023 P2=  -1 T1=1022 T2= 955  P= 619  D=   1 
 X= 982 X2=1007  Y= 987 Y2=1022 P1=1023 P2=  -1 T1=1023 T2= 965  P= 619  D=   1 
 X=1005 X2= 991  Y= 991 Y2=1022 P1=1023 P2=  -1 T1=1011 T2= 945  P= 619  D=   1 
 X=1023 X2=1016  Y= 986 Y2=1022 P1=1019 P2=  -1 T1=1023 T2= 949  P= 619  D=   1 
 X= 697 X2=1023  Y= 989 Y2=1021 P1=1023 P2=  -1 T1=1022 T2= 925  P= 619  D=   1 
 X= 654 X2=1023  Y= 985 Y2=1020 P1=1023 P2=  -1 T1=1021 T2= 921  P= 619  D=   1 
 X= 775 X2=1023  Y= 973 Y2=1022 P1=1023 P2=  -1 T1=1021 T2= 941  P= 619  D=   1 
 X= 986 X2=1008  Y= 978 Y2=1023 P1=1023 P2=  -1 T1=1022 T2= 949  P= 619  D=   1 
 X= 776 X2=1014  Y= 981 Y2=1022 P1=1023 P2=  -1 T1=1022 T2= 945  P= 619  D=   1 
 X=1023 X2=1009  Y= 981 Y2=1023 P1=1023 P2=  -1 T1=1022 T2= 951  P= 619  D=   1 
 X=1023 X2= 963  Y= 991 Y2=1022 P1=1023 P2=  -1 T1=1022 T2= 957  P= 619  D=   1 
 X= 700 X2=1023  Y= 991 Y2=1022 P1=1023 P2=  -1 T1=1023 T2= 935  P= 619  D=   1 
 X= 809 X2=1023  Y= 998 Y2=1020 P1=1023 P2=  -1 T1=1022 T2= 941  P= 619  D=   1 
 X= 889 X2=1023  Y= 980 Y2=1021 P1=1023 P2=  -1 T1=1022 T2= 966  P= 619  D=   1 
 X= 670 X2=1023  Y= 990 Y2=1022 P1=1022 P2=  -1 T1=1022 T2= 935  P= 619  D=   1 
 X= 677 X2=1023  Y= 993 Y2=1021 P1=1023 P2=  -1 T1=1021 T2= 924  P= 619  D=   1 
 X= 817 X2=1011  Y= 973 Y2=1023 P1=1023 P2=  -1 T1=1021 T2= 940  P= 619  D=   1 
 X= 782 X2=1013  Y= 974 Y2=1023 P1=1023 P2=  -1 T1=1022 T2= 948  P= 619  D=   1 
 X= 717 X2=1023  Y= 996 Y2=1022 P1=1022 P2=  -1 T1=1023 T2= 951  P= 619  D=   1 
 X= 916 X2= 972  Y= 982 Y2=1021 P1=1023 P2=  -1 T1=1022 T2= 932  P= 619  D=   1 
 X= 928 X2=1021  Y= 986 Y2=1022 P1=1023 P2=  -1 T1=1022 T2= 920  P= 619  D=   1 
 X= 804 X2=1023  Y=1002 Y2=1020 P1=1022 P2=  -1 T1=1021 T2= 942  P= 619  D=   1 
 X= 812 X2=1023  Y= 992 Y2=1020 P1=1023 P2=  -1 T1=1022 T2= 945  P= 619  D=   1 
 X= 925 X2=1023  Y= 980 Y2=1021 P1=1023 P2=  -1 T1=1021 T2= 938  P= 619  D=   1 
 X= 701 X2=1023  Y= 988 Y2=1021 P1=1023 P2=  -1 T1=1022 T2= 910  P= 619  D=   1 
 X=1023 X2= 975  Y= 980 Y2=1023 P1=1023 P2=  -1 T1=1022 T2= 938  P= 619  D=   1 
 X= 901 X2=1023  Y= 986 Y2=1022 P1=1023 P2=  -1 T1=1022 T2= 939  P= 619  D=   1 
 X= 838 X2=1017  Y=1019 Y2=1021 P1=1022 P2=  -1 T1=1022 T2= 942  P= 619  D=   1 
 X= 717 X2=1023  Y=1005 Y2=1022 P1=1023 P2=  -1 T1=1021 T2=1016  P= 619  D=   1 
 X= 937 X2=1006  Y= 980 Y2=1023 P1=1023 P2=  -1 T1=1022 T2= 948  P= 619  D=   1 
 X= 748 X2=1023  Y= 994 Y2=1020 P1=1023 P2=  -1 T1=1022 T2= 926  P= 619  D=   1 
 X= 743 X2=1023  Y= 994 Y2=1020 P1=1023 P2=  -1 T1=1021 T2= 942  P= 619  D=   1 
 X= 992 X2= 999  Y= 975 Y2=1023 P1=1023 P2=  -1 T1=1023 T2= 952  P= 619  D=   1 
 X= 896 X2=1023  Y= 988 Y2=1021 P1=1023 P2=  -1 T1=1022 T2= 910  P= 619  D=   1 
 X= 871 X2=1023  Y= 981 Y2=1021 P1=1023 P2=  -1 T1=1023 T2= 933  P= 619  D=   1 
 X=1015 X2= 996  Y= 964 Y2=1022 P1=1023 P2=  -1 T1=1022 T2= 931  P= 619  D=   1 
 X=1017 X2= 992  Y= 980 Y2=1022 P1=1023 P2=  -1 T1=1022 T2= 945  P= 619  D=   1 
 X= 930 X2= 992  Y= 970 Y2=1022 P1=1023 P2=  -1 T1=1023 T2= 956  P= 619  D=   1 
 X= 936 X2= 968  Y= 984 Y2=1021 P1=1023 P2=  -1 T1=1023 T2= 941  P= 619  D=   1 
 X=1008 X2=1023  Y= 992 Y2=1021 P1=1023 P2=  -1 T1=1021 T2= 929  P= 619  D=   1 
 X= 874 X2=1023  Y= 983 Y2=1020 P1=1023 P2=  -1 T1=1022 T2= 945  P= 619  D=   1 
 X= 895 X2=1023  Y= 978 Y2=1021 P1=1023 P2=  -1 T1=1022 T2= 954  P= 619  D=   1 
 X= 806 X2=1015  Y= 987 Y2=1022 P1=1023 P2=  -1 T1=1022 T2= 929  P= 619  D=   1 
 X= 829 X2=1023  Y= 982 Y2=1022 P1=1022 P2=  -1 T1=1022 T2= 939  P= 619  D=   1 
 X=1023 X2= 969  Y= 986 Y2=1023 P1=1023 P2=  -1 T1=1022 T2= 946  P= 619  D=   1 
 X=1023 X2= 974  Y= 988 Y2=1023 P1=1022 P2=  -1 T1=1022 T2= 953  P= 619  D=   1 
 X= 794 X2=1023  Y=1005 Y2=1021 P1=1023 P2=  -1 T1=1022 T2= 941  P= 619  D=   1 
 X= 903 X2=1023  Y= 990 Y2=1022 P1=1023 P2=  -1 T1=1022 T2= 926  P= 619  D=   1 
 X= 765 X2=1023  Y= 982 Y2=1023 P1=1022 P2=  -1 T1=1022 T2= 957  P= 619  D=   1 
 X= 952 X2= 968  Y= 983 Y2=1023 P1=1023 P2=  -1 T1=1022 T2= 951  P= 619  D=   1 
 X= 826 X2=1023  Y= 997 Y2=1021 P1=1023 P2=  -1 T1=1022 T2= 951  P= 619  D=   1 
 X= 717 X2=1023  Y= 996 Y2=1021 P1=1023 P2=  -1 T1=1023 T2= 956  P= 619  D=   1 
 X= 937 X2=1023  Y= 985 Y2=1021 P1=1023 P2=  -1 T1=1022 T2= 931  P= 619  D=   1 
 X= 929 X2= 975  Y= 981 Y2=1021 P1=1023 P2=  -1 T1=1023 T2= 942  P= 619  D=   1 
 X= 834 X2=1023  Y= 996 Y2=1021 P1=1023 P2=  -1 T1=1023 T2= 949  P= 619  D=   1 
 X= 726 X2=1007  Y= 998 Y2=1021 P1=1023 P2=  -1 T1=1022 T2= 940  P= 619  D=   1 
 X= 916 X2=1023  Y= 993 Y2=1022 P1=1023 P2=  -1 T1=1020 T2= 939  P= 619  D=   1 
 X= 916 X2= 987  Y= 981 Y2=1021 P1=1023 P2=  -1 T1=1022 T2= 930  P= 619  D=   1 
 X= 777 X2=1023  Y=1014 Y2=1020 P1=1023 P2=  -1 T1=1023 T2= 928  P= 619  D=   1 
 X= 743 X2=1023  Y= 993 Y2=1019 P1=1023 P2=  -1 T1=1022 T2= 943  P= 619  D=   1 
 X= 794 X2=1023  Y=1009 Y2=1022 P1=1023 P2=  -1 T1=1019 T2=1010  P= 619  D=   1 
 X= 798 X2=1022  Y= 999 Y2=1021 P1=1023 P2=  -1 T1=1022 T2= 928  P= 619  D=   1 
 X= 928 X2=1002  Y= 992 Y2=1021 P1=1021 P2=  -1 T1=1022 T2= 947  P= 619  D=   1 
 X=1023 X2= 957  Y= 989 Y2=1023 P1=1023 P2=  -1 T1=1022 T2= 930  P= 619  D=   1 
 X= 729 X2=1023  Y=1001 Y2=1021 P1=1023 P2=  -1 T1=1022 T2= 928  P= 619  D=   1 
 X= 914 X2=1023  Y= 986 Y2=1021 P1=1023 P2=  -1 T1=1022 T2= 947  P= 619  D=   1 
 X= 983 X2=1006  Y= 978 Y2=1022 P1=1023 P2=  -1 T1=1017 T2= 957  P= 619  D=   1 
 X= 861 X2=1023  Y= 981 Y2=1022 P1=1023 P2=  -1 T1=1021 T2= 932  P= 619  D=   1 
 X= 694 X2=1023  Y= 990 Y2=1022 P1=1023 P2=  -1 T1=1021 T2= 906  P= 619  D=   1 
 X=1023 X2= 959  Y= 982 Y2=1023 P1=1023 P2=  -1 T1=1022 T2= 896  P= 619  D=   1 
 X= 998 X2=1004  Y= 987 Y2=1023 P1=1023 P2=  -1 T1=1022 T2= 941  P= 619  D=   1 
 X= 798 X2=1010  Y= 974 Y2=1023 P1=1023 P2=  -1 T1=1022 T2= 955  P= 619  D=   1 
 X=1023 X2= 955  Y= 989 Y2=1023 P1=1022 P2=  -1 T1=1023 T2= 947  P= 619  D=   1 
 X=1023 X2= 998  Y= 982 Y2=1022 P1=1023 P2=  -1 T1=1023 T2= 945  P= 619  D=   1 
 X=1022 X2= 997  Y= 974 Y2=1022 P1=1023 P2=  -1 T1=1022 T2= 964  P= 619  D=   1 
 X= 811 X2=1023  Y= 994 Y2=1020 P1=1023 P2=  -1 T1=1022 T2= 947  P= 619  D=   1 
 X=1023 X2=1013  Y= 971 Y2=1022 P1=1023 P2=  -1 T1=1023 T2= 947  P= 619  D=   1 
 X= 921 X2=1023  Y= 981 Y2=1020 P1=1023 P2=  -1 T1=1022 T2= 928  P= 619  D=   1 
 X= 684 X2=1023  Y= 981 Y2=1021 P1=1023 P2=  -1 T1=1022 T2= 942  P= 619  D=   1 
 X= 896 X2=1009  Y= 976 Y2=1022 P1=1023 P2=  -1 T1=1022 T2= 950  P= 619  D=   1 
 X= 715 X2=1023  Y= 987 Y2=1019 P1=1023 P2=  -1 T1=1022 T2= 944  P= 619  D=   1 
 X= 912 X2= 943  Y= 994 Y2=1021 P1=1022 P2=  -1 T1=1022 T2= 937  P= 619  D=   1 
 X= 911 X2= 982  Y= 976 Y2=1021 P1=1022 P2=  -1 T1=1023 T2= 929  P= 619  D=   1 
 X= 868 X2=1023  Y= 982 Y2=1022 P1=1023 P2=  -1 T1=1021 T2= 945  P= 619  D=   1 
 X= 868 X2=1023  Y= 982 Y2=1022 P1=1023 P2=  -1 T1=1021 T2= 945  P= 619  D=   1 
 X= 240 X2= 237  Y= 347 Y2= 341 P1=1023 P2=  -1 T1=  22 T2=  22  P= 666  D=   1 * 0
 X= 239 X2= 237  Y= 346 Y2= 340 P1=1023 P2=  -1 T1=  21 T2=  22  P= 666  D=   1 * 0
 X= 239 X2= 236  Y= 346 Y2= 340 P1=1023 P2=  -1 T1=  21 T2=  22  P= 663  D=   1 * 0
 X= 240 X2= 236  Y= 346 Y2= 340 P1=1023 P2= 191 T1=  22 T2=  21  P= 661  D=   1 * 0
 X= 238 X2= 237  Y= 346 Y2= 339 P1= 721 P2= 190 T1=  23 T2=  21  P= 662  D=   1 * 1
 X= 238 X2= 237  Y= 346 Y2= 339 P1= 721 P2= 190 T1=  22 T2=  21  P= 662  D=   1 * 2
 X= 239 X2= 237  Y= 346 Y2= 339 P1= 722 P2= 190 T1=  22 T2=  22  P= 666  D=   1 * 3
 X= 238 X2= 237  Y= 346 Y2= 340 P1= 722 P2= 189 T1=  21 T2=  29  P= 666  D=   1 * 4
 X= 239 X2= 237  Y= 346 Y2= 339 P1= 722 P2= 191 T1=  22 T2=  22  P= 661  D=   1 * 5
 X= 239 X2= 236  Y= 347 Y2= 340 P1= 722 P2= 190 T1=  21 T2=  22  P= 663  D=   1 * 6
 X= 238 X2= 236  Y= 346 Y2= 340 P1= 722 P2= 191 T1=  22 T2=  22  P= 658  D=   1 * 7
 X= 238 X2= 236  Y= 346 Y2= 340 P1= 722 P2= 190 T1=  22 T2=  22  P= 663  D=   1 * 8
 X= 239 X2= 236  Y= 346 Y2= 339 P1= 722 P2= 190 T1=  22 T2=  20  P= 663  D=   1 * 9
 X= 239 X2= 237  Y= 346 Y2= 340 P1= 722 P2= 191 T1=  22 T2=  21  P= 661  D=   1 * 10
 X= 238 X2= 237  Y= 346 Y2= 339 P1= 722 P2= 190 T1=  21 T2=  21  P= 663  D=   1 * 11
 X= 239 X2= 237  Y= 346 Y2= 339 P1= 722 P2= 190 T1=  21 T2=  22  P= 666  D=   1 * 12
 X= 239 X2= 237  Y= 347 Y2= 339 P1= 722 P2= 190 T1=  22 T2=  21  P= 666  D=   1 * 13
 X= 238 X2= 236  Y= 346 Y2= 340 P1= 721 P2= 190 T1=  21 T2=  22  P= 662  D=   1 * 14
 X= 240 X2= 236  Y= 346 Y2= 340 P1= 721 P2= 190 T1=  21 T2=  21  P= 664  D=   1 * 15
 X= 239 X2= 237  Y= 346 Y2= 340 P1= 721 P2= 190 T1=  22 T2=  21  P= 664  D=   1 * 16
 X= 239 X2= 237  Y= 347 Y2= 340 P1= 721 P2= 190 T1=  21 T2=  22  P= 664  D=   1 * 17
 X= 239 X2= 236  Y= 346 Y2= 340 P1= 721 P2= 190 T1=  21 T2=  22  P= 662  D=   1 * 18
 X= 238 X2= 236  Y= 346 Y2= 340 P1= 721 P2= 190 T1=  22 T2=  21  P= 662  D=   1 * 19
 X= 238 X2= 237  Y= 346 Y2= 339 P1= 721 P2= 192 T1=  21 T2=  21  P= 652  D=   1 * 20
 X= 239 X2= 237  Y= 346 Y2= 340 P1= 721 P2= 190 T1=  22 T2=  22  P= 664  D=   1 * 21
 X= 238 X2= 236  Y= 346 Y2= 340 P1= 721 P2= 190 T1=  21 T2=  21  P= 662  D=   1 * 22
 X= 239 X2= 236  Y= 346 Y2= 340 P1= 721 P2= 191 T1=  21 T2=  22  P= 657  D=   1 * 23
 X= 239 X2= 237  Y= 346 Y2= 340 P1= 722 P2= 191 T1=  22 T2=  22  P= 661  D=   1 * 24
Remove Pin
 X= 240 X2= 236  Y= 345 Y2= 339 P1= 721 P2= 191 T1=  22 T2=  22  P= 660  D=   1 * 24
 X= 239 X2= 248  Y= 346 Y2= 339 P1= 721 P2= 191 T1=  22 T2=  22  P= 674  D=   1 * 24
 X= 238 X2= 236  Y= 346 Y2= 340 P1= 721 P2= 190 T1=  22 T2=  22  P= 662  D=   1 * 24
 X= 238 X2= 237  Y= 346 Y2= 339 P1= 720 P2= 190 T1=  22 T2=  22  P= 660  D=   1 * 24
 X= 239 X2= 237  Y= 346 Y2= 340 P1= 721 P2= 191 T1=  21 T2=  21  P= 660  D=   1 * 24
 X= 238 X2= 236  Y= 345 Y2= 340 P1= 721 P2= 191 T1=  21 T2=  21  P= 657  D=   1 * 24
 X= 239 X2= 236  Y= 346 Y2= 339 P1= 721 P2= 191 T1=  22 T2=  21  P= 657  D=   1 * 24
 X= 238 X2= 236  Y= 346 Y2= 339 P1= 721 P2= 190 T1=  22 T2=  22  P= 662  D=   1 * 24
 X= 238 X2= 237  Y= 346 Y2= 340 P1= 721 P2= 191 T1=  21 T2=  22  P= 657  D=   1 * 24
 X= 239 X2= 237  Y= 347 Y2= 340 P1= 720 P2= 190 T1=  21 T2=  21  P= 663  D=   1 * 24
 X= 239 X2= 237  Y= 347 Y2= 340 P1= 720 P2= 190 T1=  22 T2=  22  P= 663  D=   1 * 24
 X= 239 X2= 237  Y= 346 Y2= 339 P1= 721 P2= 190 T1=  22 T2=  21  P= 664  D=   1 * 24
 X= 238 X2= 241  Y= 346 Y2= 340 P1= 721 P2= 191 T1=  21 T2=  22  P= 662  D=   1 * 24
 X= 239 X2= 236  Y= 346 Y2= 340 P1= 721 P2= 190 T1=  21 T2=  21  P= 662  D=   1 * 24
 X= 238 X2= 237  Y= 346 Y2= 340 P1= 722 P2= 191 T1=  21 T2=  21  P= 658  D=   1 * 24
 X= 237 X2= 236  Y= 346 Y2= 340 P1= 721 P2= 191 T1=  22 T2=  22  P= 654  D=   1 * 24
 X= 239 X2= 237  Y= 346 Y2= 340 P1= 721 P2= 190 T1=  21 T2=  22  P= 664  D=   1 * 24
 X= 239 X2= 236  Y= 346 Y2= 339 P1= 721 P2= 191 T1=  21 T2=  21  P= 657  D=   1 * 24
 X= 238 X2= 245  Y= 346 Y2= 340 P1= 721 P2= 191 T1=  21 T2=  21  P= 668  D=   1 * 24
 X= 240 X2= 237  Y= 346 Y2= 340 P1= 720 P2= 190 T1=  21 T2=  21  P= 663  D=   1 * 24
 X= 240 X2= 236  Y= 346 Y2= 339 P1= 721 P2= 191 T1=  21 T2=  22  P= 660  D=   1 * 24
 X= 239 X2= 236  Y= 346 Y2= 340 P1= 721 P2= 191 T1=  21 T2=  22  P= 657  D=   1 * 24
 X= 238 X2= 236  Y= 346 Y2= 340 P1= 721 P2= 191 T1=  21 T2=  22  P= 657  D=   1 * 24
 X= 239 X2= 236  Y= 346 Y2= 340 P1= 723 P2= 191 T1=  22 T2=  21  P= 660  D=   1 * 24
 X= 238 X2= 236  Y= 347 Y2= 340 P1= 720 P2= 191 T1=  21 T2=  21  P= 656  D=   1 * 24
 X= 239 X2= 236  Y= 346 Y2= 339 P1= 721 P2= 191 T1=  22 T2=  23  P= 657  D=   1 * 24
 X= 239 X2= 236  Y= 346 Y2= 340 P1= 721 P2= 191 T1=  22 T2=  22  P= 657  D=   1 * 24
 X= 238 X2= 236  Y= 347 Y2= 340 P1= 721 P2= 190 T1=  21 T2=  22  P= 662  D=   1 * 24
 X= 238 X2= 236  Y= 346 Y2= 339 P1= 721 P2= 190 T1=  22 T2=  22  P= 662  D=   1 * 24
 X= 239 X2= 237  Y= 345 Y2= 339 P1= 720 P2= 190 T1=  23 T2=  21  P= 663  D=   1 * 24
 X= 239 X2= 232  Y= 347 Y2= 340 P1= 720 P2= 192 T1=  22 T2=  22  P= 646  D=   1 * 24
 X= 239 X2= 237  Y= 347 Y2= 340 P1= 719 P2= 191 T1=  22 T2=  21  P= 657  D=   1 * 24
 X= 238 X2= 236  Y= 346 Y2= 340 P1= 720 P2= 191 T1=  21 T2=  21  P= 656  D=   1 * 24
 X= 239 X2= 237  Y= 345 Y2= 339 P1= 720 P2= 191 T1=  22 T2=  22  P= 659  D=   1 * 24
 X= 238 X2= 240  Y= 345 Y2= 340 P1= 720 P2= 191 T1=  21 T2=  21  P= 661  D=   1 * 24
 X= 239 X2= 234  Y= 346 Y2= 340 P1= 721 P2= 191 T1=  22 T2=  22  P= 654  D=   1 * 24
 X= 239 X2= 237  Y= 346 Y2= 339 P1= 720 P2= 191 T1=  22 T2=  21  P= 659  D=   1 * 24
 X= 239 X2= 237  Y= 345 Y2= 340 P1= 720 P2= 191 T1=  21 T2=  21  P= 659  D=   1 * 24
 X= 239 X2= 237  Y= 346 Y2= 340 P1= 720 P2= 191 T1=  22 T2=  21  P= 659  D=   1 * 24
 X= 239 X2= 236  Y= 346 Y2= 339 P1= 722 P2= 191 T1=  21 T2=  20  P= 658  D=   1 * 24
 X= 238 X2= 237  Y= 346 Y2= 339 P1= 720 P2= 190 T1=  21 T2=  21  P= 660  D=   1 * 24
 X= 238 X2= 237  Y= 346 Y2= 340 P1= 720 P2= 191 T1=  22 T2=  22  P= 656  D=   1 * 24
 X= 238 X2= 236  Y= 346 Y2= 341 P1= 720 P2= 191 T1=  22 T2=  22  P= 656  D=   1 * 24
 X= 239 X2= 236  Y= 346 Y2= 340 P1= 720 P2= 192 T1=  22 T2=  21  P= 651  D=   1 * 24
 X= 239 X2= 236  Y= 346 Y2= 340 P1= 720 P2= 191 T1=  22 T2=  22  P= 656  D=   1 * 24
 X= 239 X2= 237  Y= 346 Y2= 339 P1= 721 P2= 191 T1=  22 T2=  22  P= 660  D=   1 * 24
 X= 238 X2= 236  Y= 347 Y2= 340 P1= 721 P2= 191 T1=  22 T2=  21  P= 657  D=   1 * 24
 X= 238 X2= 236  Y= 346 Y2= 340 P1= 720 P2= 192 T1=  21 T2=  21  P= 651  D=   1 * 24
 X= 239 X2= 237  Y= 346 Y2= 340 P1= 720 P2= 191 T1=  21 T2=  22  P= 659  D=   1 * 24
 X= 238 X2= 236  Y= 346 Y2= 340 P1= 720 P2= 191 T1=  22 T2=  22  P= 656  D=   1 * 24
 X= 238 X2= 236  Y= 346 Y2= 340 P1= 718 P2= 191 T1=  22 T2=  22  P= 653  D=   1 * 24
 X= 239 X2= 237  Y= 346 Y2= 340 P1= 720 P2= 191 T1=  21 T2=  22  P= 659  D=   1 * 24
 X= 238 X2= 237  Y= 347 Y2= 339 P1= 720 P2= 191 T1=  21 T2=  21  P= 656  D=   1 * 24
 X= 238 X2= 236  Y= 346 Y2= 339 P1= 720 P2= 192 T1=  20 T2=  21  P= 651  D=   1 * 24
 X= 239 X2= 236  Y= 346 Y2= 340 P1= 720 P2= 191 T1=  22 T2=  22  P= 656  D=   1 * 24
 X= 238 X2= 237  Y= 346 Y2= 340 P1= 720 P2= 191 T1=  22 T2=  21  P= 656  D=   1 * 24
 X= 238 X2= 241  Y= 346 Y2= 340 P1= 719 P2= 192 T1=  22 T2=  22  P= 655  D=   1 * 24
 X= 238 X2= 237  Y= 346 Y2= 340 P1= 719 P2= 191 T1=  22 T2=  22  P= 655  D=   1 * 24
 X= 238 X2= 237  Y= 346 Y2= 339 P1= 719 P2= 191 T1=  21 T2=  22  P= 655  D=   1 * 24
 X= 239 X2= 237  Y= 347 Y2= 339 P1= 720 P2= 192 T1=  20 T2=  21  P= 654  D=   1 * 24
 X= 239 X2= 236  Y= 346 Y2= 340 P1= 720 P2= 192 T1=  22 T2=  22  P= 651  D=   1 * 24
 X= 239 X2= 236  Y= 346 Y2= 340 P1= 717 P2= 192 T1=  22 T2=  21  P= 647  D=   1 * 24
 X= 239 X2= 237  Y= 346 Y2= 339 P1= 715 P2= 194 T1=  21 T2=  21  P= 639  D=   1 * 24
 X= 827 X2=1023  Y= 994 Y2=1019 P1=1023 P2=   0 T1=1022 T2= 924  P= 639  D=   1 
 X= 976 X2=1001  Y= 961 Y2=1023 P1=1023 P2=   0 T1=1023 T2= 911  P= 639  D=   1 
 X= 690 X2=1023  Y= 990 Y2=1019 P1=1023 P2=   0 T1=1023 T2= 927  P= 639  D=   1 
target state=1 point=456,22
 X=1001 X2=1000  Y= 973 Y2=1022 P1=1023 P2=   0 T1=1022 T2= 934  P= 639  D=   1 
 X=1022 X2= 963  Y= 994 Y2=1023 P1=1023 P2=   0 T1=1021 T2= 945  P= 639  D=   1 
 X=1022 X2= 996  Y= 985 Y2=1023 P1=1023 P2=   0 T1=1023 T2= 949  P= 639  D=   1 
 X=1007 X2=1002  Y= 995 Y2=1022 P1=1023 P2=   0 T1=1022 T2= 968  P= 639  D=   1 
 X= 868 X2=1023  Y=1000 Y2=1023 P1=1023 P2=   0 T1=1022 T2= 957  P= 639  D=   1 
 X= 941 X2= 999  Y= 990 Y2=1022 P1=1023 P2=   0 T1=1023 T2= 959  P= 639  D=   1 
 X= 957 X2=1008  Y= 996 Y2=1023 P1=1023 P2=   0 T1=1023 T2= 990  P= 639  D=   1 
 X= 942 X2=1014  Y=1008 Y2=1021 P1=1023 P2=   0 T1=1021 T2= 965  P= 639  D=   1 
 X= 782 X2=1023  Y=1001 Y2=1021 P1=1023 P2=   0 T1=1023 T2= 938  P= 639  D=   1 
 X= 752 X2=1023  Y= 990 Y2=1021 P1=1023 P2=   0 T1=1023 T2= 974  P= 639  D=   1 
 X= 711 X2=1023  Y= 989 Y2=1019 P1=1023 P2=   0 T1=1021 T2= 933  P= 639  D=   1 
 X=1023 X2= 962  Y= 981 Y2=1023 P1=1023 P2=   0 T1=1023 T2= 948  P= 639  D=   1 
 X=1001 X2= 999  Y= 973 Y2=1023 P1=1023 P2=   0 T1=1021 T2= 951  P= 639  D=   1 
 X= 802 X2=1023  Y= 992 Y2=1021 P1=1023 P2=   0 T1=1023 T2= 925  P= 639  D=   1 
 X=1022 X2= 993  Y= 964 Y2=1022 P1=1023 P2=   0 T1=1022 T2= 963  P= 639  D=   1 
 X= 718 X2=1023  Y= 986 Y2=1022 P1=1023 P2=   0 T1=1021 T2= 938  P= 639  D=   1 
 X= 765 X2=1023  Y= 986 Y2=1020 P1=1023 P2=   0 T1=1022 T2= 948  P= 639  D=   1 
 X= 813 X2=1023  Y= 990 Y2=1019 P1=1023 P2=   0 T1=1020 T2= 927  P= 639  D=   1 
 X= 815 X2=1011  Y= 983 Y2=1023 P1=1023 P2=   0 T1=1022 T2= 949  P= 639  D=   1 
 X= 917 X2=1023  Y= 983 Y2=1022 P1=1023 P2=   0 T1=1021 T2= 948  P= 639  D=   1 
 X= 920 X2= 991  Y= 977 Y2=1021 P1=1023 P2=   0 T1=1022 T2= 934  P= 639  D=   1 
 X= 973 X2=1008  Y= 977 Y2=1023 P1=1023 P2=   0 T1=1022 T2= 954  P= 639  D=   1 
 X= 841 X2=1023  Y= 989 Y2=1020 P1=1023 P2=   0 T1=1022 T2= 938  P= 639  D=   1 
 X= 848 X2=1023  Y= 988 Y2=1022 P1=1023 P2=   0 T1=1022 T2= 953  P= 639  D=   1 
 X= 937 X2= 988  Y= 990 Y2=1021 P1=1023 P2=   0 T1=1023 T2= 956  P= 639  D=   1 
 X=1002 X2=1023  Y= 990 Y2=1022 P1=1023 P2=   0 T1=1022 T2= 954  P= 639  D=   1 
 X= 905 X2= 954  Y= 993 Y2=1021 P1=1023 P2=   0 T1=1022 T2= 949  P= 639  D=   1 
 X= 826 X2=1023  Y= 984 Y2=1021 P1=1023 P2=   0 T1=1022 T2= 943  P= 639  D=   1 
 X= 682 X2=1023  Y= 990 Y2=1020 P1=1023 P2=   0 T1=1020 T2= 933  P= 639  D=   1 
 X= 931 X2= 986  Y= 985 Y2=1022 P1=1023 P2=   0 T1=1022 T2= 950  P= 639  D=   1 
 X=1023 X2=1008  Y= 984 Y2=1023 P1=1023 P2=   0 T1=1022 T2= 957  P= 639  D=   1 
 X=1003 X2=1002  Y= 973 Y2=1022 P1=1023 P2=   0 T1=1021 T2= 941  P= 639  D=   1 
 X= 793 X2=1023  Y= 991 Y2=1021 P1=1023 P2=   0 T1=1022 T2= 926  P= 639  D=   1 
 X= 903 X2=1023  Y= 994 Y2=1021 P1=1022 P2=   0 T1=1022 T2= 929  P= 639  D=   1 
 X= 828 X2=1023  Y= 987 Y2=1022 P1=1023 P2=   0 T1=1023 T2= 947  P= 639  D=   1 
 X=1023 X2=1023  Y= 995 Y2=1022 P1=1023 P2=   0 T1=1021 T2= 915  P= 639  D=   1 
 X= 824 X2=1023  Y= 986 Y2=1022 P1=1023 P2=   0 T1=1021 T2= 946  P= 639  D=   1 
 X= 804 X2= 803  Y= 336 Y2= 342 P1= 810 P2= 489 T1=  13 T2=  12  P= 526  D=   1 * 0
 X= 665 X2=1023  Y= 986 Y2=1020 P1=1023 P2=   0 T1=1023 T2= 928  P= 526  D=   1 
 X= 813 X2= 804  Y= 340 Y2= 346 P1= 829 P2= 445 T1=  16 T2=  17  P= 696  D=   1 * 0
 X= 810 X2= 802  Y= 348 Y2= 354 P1= 855 P2= 383 T1=  26 T2=  22  P= 696  D=   1 * 0
 X= 806 X2= 806  Y= 342 Y2= 348 P1= 841 P2= 420 T1=  19 T2=  18  P= 807  D=   1 * 0
 X= 807 X2= 806  Y= 343 Y2= 350 P1= 841 P2= 409 T1=  20 T2=  19  P= 851  D=   1 * 1
 X= 806 X2= 805  Y= 341 Y2= 348 P1= 837 P2= 426 T1=  18 T2=  18  P= 776  D=   1 * 2
 X= 806 X2= 805  Y= 343 Y2= 349 P1= 839 P2= 422 T1=  20 T2=  19  P= 795  D=   1 * 3
 X= 806 X2= 804  Y= 342 Y2= 348 P1= 836 P2= 428 T1=  19 T2=  18  P= 767  D=   1 * 4
 X= 806 X2= 804  Y= 340 Y2= 346 P1= 830 P2= 444 T1=  18 T2=  17  P= 699  D=   1 * 5
 X= 805 X2= 804  Y= 339 Y2= 346 P1= 825 P2= 455 T1=  15 T2=  16  P= 653  D=   1 * 6
 X= 806 X2= 804  Y= 339 Y2= 346 P1= 824 P2= 456 T1=  16 T2=  15  P= 649  D=   1 * 7
 X= 805 X2= 804  Y= 339 Y2= 345 P1= 823 P2= 460 T1=  16 T2=  15  P= 634  D=   1 * 8
 X= 805 X2= 804  Y= 338 Y2= 345 P1= 822 P2= 459 T1=  15 T2=  15  P= 635  D=   1 * 9
 X= 805 X2= 804  Y= 339 Y2= 345 P1= 823 P2= 460 T1=  15 T2=  15  P= 634  D=   1 * 10
 X= 804 X2= 803  Y= 339 Y2= 345 P1= 823 P2= 460 T1=  15 T2=  14  P= 633  D=   1 * 11
 X= 805 X2= 804  Y= 339 Y2= 345 P1= 823 P2= 460 T1=  15 T2=  16  P= 634  D=   1 * 12
 X= 805 X2= 804  Y= 339 Y2= 345 P1= 822 P2= 459 T1=  15 T2=  15  P= 635  D=   1 * 13
 X= 805 X2= 803  Y= 339 Y2= 345 P1= 823 P2= 459 T1=  15 T2=  16  P= 637  D=   1 * 14
 X= 805 X2= 804  Y= 339 Y2= 345 P1= 823 P2= 462 T1=  15 T2=  15  P= 627  D=   1 * 15
 X= 805 X2= 802  Y= 339 Y2= 345 P1= 823 P2= 461 T1=  15 T2=  15  P= 630  D=   1 * 16
 X= 804 X2= 804  Y= 338 Y2= 345 P1= 823 P2= 460 T1=  15 T2=  15  P= 634  D=   1 * 17
 X= 805 X2= 803  Y= 339 Y2= 345 P1= 822 P2= 460 T1=  15 T2=  14  P= 631  D=   1 * 18
 X= 805 X2= 803  Y= 338 Y2= 345 P1= 822 P2= 462 T1=  15 T2=  15  P= 626  D=   1 * 19
 X= 805 X2= 803  Y= 339 Y2= 345 P1= 822 P2= 461 T1=  15 T2=  15  P= 629  D=   1 * 20
 X= 805 X2= 804  Y= 338 Y2= 346 P1= 822 P2= 462 T1=  15 T2=  15  P= 626  D=   1 * 21
 X= 805 X2= 803  Y= 340 Y2= 345 P1= 822 P2= 462 T1=  15 T2=  15  P= 626  D=   1 * 22
 X= 805 X2= 804  Y= 338 Y2= 345 P1= 822 P2= 461 T1=  15 T2=  15  P= 629  D=   1 * 23
 X= 804 X2= 804  Y= 339 Y2= 345 P1= 822 P2= 462 T1=  14 T2=  15  P= 626  D=   1 * 24
Remove Pin
 X= 804 X2= 804  Y= 339 Y2= 345 P1= 822 P2= 463 T1=  15 T2=  15  P= 623  D=   1 * 24
 X= 805 X2= 804  Y= 338 Y2= 345 P1= 821 P2= 462 T1=  15 T2=  15  P= 624  D=   1 * 24
 X= 805 X2= 804  Y= 339 Y2= 345 P1= 821 P2= 463 T1=  15 T2=  15  P= 621  D=   1 * 24
 X= 804 X2= 803  Y= 339 Y2= 345 P1= 821 P2= 463 T1=  15 T2=  15  P= 620  D=   1 * 24
 X= 805 X2= 799  Y= 339 Y2= 345 P1= 821 P2= 465 T1=  14 T2=  15  P= 613  D=   1 * 24
 X= 805 X2= 804  Y= 339 Y2= 345 P1= 821 P2= 464 T1=  15 T2=  15  P= 618  D=   1 * 24
 X= 804 X2= 804  Y= 338 Y2= 345 P1= 821 P2= 465 T1=  14 T2=  15  P= 615  D=   1 * 24
 X= 805 X2= 800  Y= 338 Y2= 345 P1= 821 P2= 465 T1=  15 T2=  16  P= 613  D=   1 * 24
 X= 805 X2= 804  Y= 337 Y2= 345 P1= 820 P2= 465 T1=  14 T2=  15  P= 613  D=   1 * 24
 X= 805 X2= 803  Y= 338 Y2= 345 P1= 820 P2= 466 T1=  14 T2=  16  P= 610  D=   1 * 24
 X= 805 X2= 803  Y= 338 Y2= 345 P1= 820 P2= 466 T1=  16 T2=  15  P= 610  D=   1 * 24
 X= 804 X2= 803  Y= 338 Y2= 345 P1= 821 P2= 466 T1=  16 T2=  15  P= 611  D=   1 * 24
 X= 802 X2= 804  Y= 338 Y2= 345 P1= 820 P2= 465 T1=  15 T2=  15  P= 612  D=   1 * 24
 X= 804 X2= 803  Y= 338 Y2= 345 P1= 820 P2= 467 T1=  14 T2=  14  P= 606  D=   1 * 24
 X= 805 X2= 804  Y= 337 Y2= 345 P1= 820 P2= 466 T1=  15 T2=  15  P= 610  D=   1 * 24
 X= 805 X2= 804  Y= 339 Y2= 344 P1= 821 P2= 466 T1=  13 T2=  14  P= 611  D=   1 * 24
 X= 805 X2= 804  Y= 337 Y2= 343 P1= 820 P2= 467 T1=  15 T2=  15  P= 607  D=   1 * 24
 X= 807 X2= 804  Y= 338 Y2= 344 P1= 819 P2= 466 T1=  15 T2=  14  P= 609  D=   1 * 24
 X= 805 X2= 804  Y= 338 Y2= 345 P1= 820 P2= 467 T1=  15 T2=  15  P= 607  D=   1 * 24
 X= 804 X2= 804  Y= 338 Y2= 344 P1= 820 P2= 466 T1=  15 T2=  15  P= 610  D=   1 * 24
 X= 805 X2= 803  Y= 338 Y2= 345 P1= 820 P2= 468 T1=  15 T2=  15  P= 604  D=   1 * 24
 X= 805 X2= 803  Y= 339 Y2= 345 P1= 822 P2= 464 T1=  14 T2=  15  P= 619  D=   1 * 24
 X= 805 X2= 805  Y= 342 Y2= 347 P1= 829 P2= 448 T1=  16 T2=  16  P= 684  D=   1 * 24
 X= 805 X2= 804  Y= 337 Y2= 343 P1= 818 P2= 470 T1=  14 T2=  14  P= 594  D=   1 * 24
 X= 829 X2=1023  Y= 962 Y2=1022 P1=1023 P2=   0 T1=1021 T2= 932  P= 594  D=   1 
 X= 661 X2=1023  Y= 994 Y2=1020 P1=1023 P2=   0 T1=1021 T2= 921  P= 594  D=   1 
 X= 899 X2= 990  Y= 983 Y2=1021 P1=1023 P2=   0 T1=1021 T2= 961  P= 594  D=   1 
target state=2 point=456,249
 X= 997 X2=1008  Y= 987 Y2=1023 P1=1022 P2=   0 T1=1023 T2= 932  P= 594  D=   1 
 X= 742 X2=1023  Y= 980 Y2=1021 P1=1023 P2=   0 T1=1022 T2= 917  P= 594  D=   1 
 X= 687 X2=1023  Y= 995 Y2=1021 P1=1023 P2=   0 T1=1020 T2= 934  P= 594  D=   1 
 X= 852 X2=1023  Y= 990 Y2=1021 P1=1023 P2=   0 T1=1023 T2= 937  P= 594  D=   1 
 X= 888 X2=1023  Y= 988 Y2=1023 P1=1023 P2=   0 T1=1021 T2= 943  P= 594  D=   1 
 X= 809 X2=1023  Y= 998 Y2=1020 P1=1023 P2=   0 T1=1022 T2= 897  P= 594  D=   1 
 X=1023 X2= 961  Y= 975 Y2=1022 P1=1022 P2=   0 T1=1022 T2= 949  P= 594  D=   1 
 X= 752 X2=1023  Y= 987 Y2=1021 P1=1023 P2=   0 T1=1022 T2= 938  P= 594  D=   1 
 X= 896 X2=1020  Y= 990 Y2=1020 P1=1023 P2=   0 T1=1023 T2= 936  P= 594  D=   1 
 X= 917 X2= 987  Y= 983 Y2=1022 P1=1023 P2=   0 T1=1022 T2= 940  P= 594  D=   1 
 X=1023 X2=1008  Y= 981 Y2=1023 P1=1023 P2=   0 T1=1023 T2= 948  P= 594  D=   1 
 X= 666 X2=1023  Y= 986 Y2=1021 P1=1023 P2=   0 T1=1021 T2= 907  P= 594  D=   1 
 X= 940 X2= 997  Y= 987 Y2=1022 P1=1023 P2=   0 T1=1022 T2= 965  P= 594  D=   1 
 X= 833 X2=1023  Y= 976 Y2=1022 P1=1023 P2=   0 T1=1022 T2= 929  P= 594  D=   1 
 X= 702 X2=1023  Y= 988 Y2=1022 P1=1023 P2=   0 T1=1021 T2= 932  P= 594  D=   1 
 X= 886 X2= 996  Y= 989 Y2=1021 P1=1023 P2=   0 T1=1022 T2= 951  P= 594  D=   1 
 X= 777 X2=1023  Y= 988 Y2=1022 P1=1023 P2=   0 T1=1021 T2= 956  P= 594  D=   1 
 X= 789 X2=1012  Y= 983 Y2=1022 P1=1023 P2=   0 T1=1021 T2= 948  P= 594  D=   1 
 X= 884 X2=1023  Y= 990 Y2=1020 P1=1023 P2=   0 T1=1022 T2= 923  P= 594  D=   1 
 X=1014 X2= 999  Y= 973 Y2=1022 P1=1023 P2=   0 T1=1021 T2= 925  P= 594  D=   1 
 X= 644 X2=1023  Y= 990 Y2=1020 P1=1023 P2=   0 T1=1022 T2= 929  P= 594  D=   1 
 X= 835 X2=1023  Y= 994 Y2=1021 P1=1023 P2=   0 T1=1022 T2= 948  P= 594  D=   1 
 X= 997 X2=1008  Y= 974 Y2=1023 P1=1023 P2=   0 T1=1023 T2= 950  P= 594  D=   1 
 X= 819 X2=1023  Y= 987 Y2=1022 P1=1023 P2=   0 T1=1023 T2= 948  P= 594  D=   1 
 X= 668 X2=1023  Y= 989 Y2=1022 P1=1023 P2=   0 T1=1022 T2= 933  P= 594  D=   1 
 X=1023 X2= 997  Y= 984 Y2=1022 P1=1023 P2=   0 T1=1022 T2= 960  P= 594  D=   1 
 X= 824 X2=1023  Y= 967 Y2=1021 P1=1023 P2=   0 T1=1022 T2= 954  P= 594  D=   1 
 X= 795 X2=1023  Y= 991 Y2=1021 P1=1023 P2=   0 T1=1021 T2= 942  P= 594  D=   1 
 X= 910 X2= 958  Y= 995 Y2=1022 P1=1023 P2=   0 T1=1022 T2= 949  P= 594  D=   1 
 X= 920 X2=1023  Y= 989 Y2=1021 P1=1023 P2=   0 T1=1023 T2= 941  P= 594  D=   1 
 X= 681 X2=1023  Y= 989 Y2=1021 P1=1023 P2=   0 T1=1022 T2= 944  P= 594  D=   1 
 X= 813 X2=1023  Y= 991 Y2=1020 P1=1023 P2=   0 T1=1022 T2= 941  P= 594  D=   1 
 X= 999 X2= 999  Y= 971 Y2=1022 P1=1023 P2=   0 T1=1023 T2= 953  P= 594  D=   1 
 X= 878 X2=1023  Y= 990 Y2=1021 P1=1023 P2=   0 T1=1022 T2= 952  P= 594  D=   1 
 X=1014 X2= 999  Y= 971 Y2=1023 P1=1023 P2=   0 T1=1022 T2= 956  P= 594  D=   1 
 X=1023 X2= 956  Y= 977 Y2=1023 P1=1023 P2=   0 T1=1023 T2= 964  P= 594  D=   1 
 X= 814 X2=1023  Y=1004 Y2=1021 P1=1023 P2=   0 T1=1022 T2= 947  P= 594  D=   1 
 X= 815 X2=1023  Y= 988 Y2=1020 P1=1023 P2=   0 T1=1022 T2= 940  P= 594  D=   1 
 X= 921 X2=1021  Y= 989 Y2=1021 P1=1022 P2=   0 T1=1023 T2= 945  P= 594  D=   1 
 X= 874 X2=1023  Y= 983 Y2=1022 P1=1023 P2=   0 T1=1011 T2= 940  P= 594  D=   1 
 X= 930 X2= 962  Y= 988 Y2=1022 P1=1023 P2=   0 T1=1023 T2= 949  P= 594  D=   1 
 X= 904 X2=1023  Y=1019 Y2=1021 P1=1023 P2=   0 T1=1021 T2= 931  P= 594  D=   1 
 X= 853 X2=1023  Y= 985 Y2=1022 P1=1023 P2=   0 T1=1022 T2= 946  P= 594  D=   1 
 X=1000 X2=1023  Y= 992 Y2=1021 P1=1023 P2=   0 T1=1022 T2= 941  P= 594  D=   1 
 X= 773 X2=1013  Y= 988 Y2=1022 P1=1023 P2=   0 T1=1023 T2= 938  P= 594  D=   1 
 X=1018 X2=1005  Y= 969 Y2=1022 P1=1023 P2=   0 T1=1022 T2= 935  P= 594  D=   1 
 X= 849 X2=1023  Y= 989 Y2=1017 P1=1023 P2=   0 T1=1022 T2= 949  P= 594  D=   1 
 X=1023 X2=1010  Y= 987 Y2=1022 P1=1023 P2=   0 T1=1022 T2= 953  P= 594  D=   1 
 X= 921 X2=1019  Y= 975 Y2=1022 P1=1023 P2=   0 T1=1022 T2= 926  P= 594  D=   1 
 X= 700 X2=1023  Y= 983 Y2=1020 P1=1023 P2=   0 T1=1020 T2= 924  P= 594  D=   1 
 X=1023 X2= 981  Y= 967 Y2=1022 P1=1023 P2=   0 T1=1022 T2= 946  P= 594  D=   1 
 X= 971 X2=1007  Y= 968 Y2=1023 P1=1023 P2=   0 T1=1022 T2= 937  P= 594  D=   1 
 X= 804 X2=1015  Y= 974 Y2=1022 P1=1023 P2=   0 T1=1021 T2= 945  P= 594  D=   1 
 X= 928 X2= 963  Y= 983 Y2=1021 P1=1020 P2=   0 T1=1023 T2= 944  P= 594  D=   1 
 X= 935 X2=1021  Y=1012 Y2=1020 P1=1023 P2=   0 T1=1023 T2=1011  P= 594  D=   1 
 X=1023 X2=1003  Y= 996 Y2=1023 P1=1023 P2=   0 T1=1022 T2= 964  P= 594  D=   1 
 X= 913 X2= 987  Y= 982 Y2=1021 P1=1023 P2=   1 T1=  23 T2= 939  P= 594  D=   1 * 0
 X= 752 X2=1023  Y=1003 Y2=1021 P1=1023 P2=   0 T1=1023 T2= 909  P= 594  D=   1 
 X= 699 X2=1023  Y= 983 Y2=1021 P1=1023 P2=   0 T1=1022 T2= 929  P= 594  D=   1 
 X= 660 X2=1023  Y= 979 Y2=1021 P1=1023 P2=   0 T1=1022 T2=  37  P= 594  D=   1 
 X= 808 X2= 807  Y= 695 Y2= 698 P1= 921 P2= 485 T1=  36 T2=  17  P= 594  D=   1 
 X= 806 X2= 807  Y= 696 Y2= 700 P1= 934 P2= 416 T1=  22 T2=  25  P= 594  D=   1 * 0
 X= 804 X2= 799  Y= 694 Y2= 699 P1= 924 P2= 465 T1=  20 T2=  19  P= 594  D=   1 * 0
 X= 814 X2= 807  Y= 696 Y2= 700 P1= 932 P2= 431 T1=  23 T2=  22  P= 594  D=   1 * 0
 X= 804 X2= 805  Y= 694 Y2= 698 P1= 924 P2= 467 T1=  19 T2=  19  P= 786  D=   1 * 1
 X= 804 X2= 804  Y= 693 Y2= 696 P1= 921 P2= 481 T1=  17 T2=  17  P= 734  D=   1 * 2
 X= 804 X2= 805  Y= 693 Y2= 698 P1= 920 P2= 482 T1=  17 T2=  18  P= 730  D=   1 * 3
 X= 803 X2= 804  Y= 694 Y2= 697 P1= 920 P2= 485 T1=  18 T2=  17  P= 719  D=   1 * 4
 X= 803 X2= 804  Y= 694 Y2= 697 P1= 920 P2= 486 T1=  18 T2=  17  P= 717  D=   1 * 5
 X= 804 X2= 806  Y= 694 Y2= 698 P1= 924 P2= 464 T1=  19 T2=  19  P= 797  D=   1 * 6
 X= 804 X2= 805  Y= 693 Y2= 697 P1= 921 P2= 477 T1=  19 T2=  17  P= 747  D=   1 * 7
 X= 804 X2= 805  Y= 694 Y2= 697 P1= 921 P2= 480 T1=  17 T2=  18  P= 738  D=   1 * 8
 X= 804 X2= 804  Y= 692 Y2= 697 P1= 919 P2= 488 T1=  17 T2=  17  P= 709  D=   1 * 9
 X= 804 X2= 805  Y= 693 Y2= 697 P1= 920 P2= 488 T1=  17 T2=  17  P= 711  D=   1 * 10
 X= 803 X2= 804  Y= 694 Y2= 696 P1= 920 P2= 488 T1=  17 T2=  17  P= 710  D=   1 * 11
 X= 803 X2= 804  Y= 693 Y2= 696 P1= 918 P2= 488 T1=  18 T2=  17  P= 707  D=   1 * 12
 X= 803 X2= 804  Y= 691 Y2= 697 P1= 920 P2= 487 T1=  18 T2=  17  P= 713  D=   1 * 13
 X= 804 X2= 805  Y= 693 Y2= 697 P1= 920 P2= 489 T1=  17 T2=  17  P= 708  D=   1 * 14
 X= 803 X2= 804  Y= 693 Y2= 697 P1= 919 P2= 489 T1=  17 T2=  18  P= 705  D=   1 * 15
 X= 803 X2= 805  Y= 693 Y2= 698 P1= 920 P2= 489 T1=  17 T2=  17  P= 708  D=   1 * 16
 X= 804 X2= 805  Y= 693 Y2= 697 P1= 919 P2= 491 T1=  17 T2=  17  P= 700  D=   1 * 17
 X= 804 X2= 805  Y= 691 Y2= 697 P1= 919 P2= 492 T1=  17 T2=  17  P= 697  D=   1 * 18
 X= 803 X2= 805  Y= 693 Y2= 697 P1= 918 P2= 490 T1=  16 T2=  17  P= 701  D=   1 * 19
 X= 803 X2= 803  Y= 693 Y2= 696 P1= 918 P2= 491 T1=  17 T2=  17  P= 697  D=   1 * 20
 X= 803 X2= 804  Y= 693 Y2= 697 P1= 919 P2= 491 T1=  16 T2=  17  P= 699  D=   1 * 21
 X= 818 X2= 805  Y= 692 Y2= 697 P1= 919 P2= 492 T1=  17 T2=  16  P= 703  D=   1 * 22
 X= 804 X2= 805  Y= 692 Y2= 697 P1= 919 P2= 491 T1=  16 T2=  17  P= 700  D=   1 * 23
 X= 804 X2= 804  Y= 693 Y2= 697 P1= 919 P2= 492 T1=  16 T2=  17  P= 697  D=   1 * 24
Remove Pin
 X= 801 X2= 805  Y= 693 Y2= 697 P1= 920 P2= 491 T1=  17 T2=  16  P= 701  D=   1 * 24
 X= 803 X2= 804  Y= 693 Y2= 697 P1= 919 P2= 491 T1=  17 T2=  17  P= 699  D=   1 * 24
 X= 804 X2= 805  Y= 693 Y2= 697 P1= 919 P2= 490 T1=  17 T2=  18  P= 703  D=   1 * 24
 X= 804 X2= 805  Y= 693 Y2= 697 P1= 919 P2= 489 T1=  16 T2=  15  P= 706  D=   1 * 24
 X= 804 X2= 804  Y= 693 Y2= 697 P1= 919 P2= 490 T1=  17 T2=  17  P= 703  D=   1 * 24
 X= 802 X2= 804  Y= 692 Y2= 697 P1= 919 P2= 489 T1=  17 T2=  17  P= 705  D=   1 * 24
 X= 804 X2= 804  Y= 693 Y2= 697 P1= 918 P2= 490 T1=  17 T2=  18  P= 701  D=   1 * 24
 X= 803 X2= 805  Y= 693 Y2= 697 P1= 919 P2= 490 T1=  17 T2=  18  P= 703  D=   1 * 24
 X= 803 X2= 805  Y= 693 Y2= 697 P1= 919 P2= 490 T1=  17 T2=  16  P= 703  D=   1 * 24
 X= 803 X2= 804  Y= 693 Y2= 697 P1= 919 P2= 490 T1=  17 T2=  17  P= 702  D=   1 * 24
 X= 804 X2= 805  Y= 693 Y2= 696 P1= 918 P2= 490 T1=  17 T2=  17  P= 701  D=   1 * 24
 X= 804 X2= 805  Y= 693 Y2= 697 P1= 918 P2= 490 T1=  18 T2=  16  P= 701  D=   1 * 24
 X= 803 X2= 804  Y= 693 Y2= 697 P1= 918 P2= 491 T1=  17 T2=  17  P= 697  D=   1 * 24
 X= 804 X2= 805  Y= 692 Y2= 697 P1= 918 P2= 491 T1=  16 T2=  17  P= 698  D=   1 * 24
 X= 803 X2= 804  Y= 693 Y2= 697 P1= 919 P2= 491 T1=  17 T2=  17  P= 699  D=   1 * 24
 X= 803 X2= 803  Y= 694 Y2= 697 P1= 919 P2= 490 T1=  17 T2=  17  P= 702  D=   1 * 24
 X= 803 X2= 804  Y= 693 Y2= 697 P1= 919 P2= 490 T1=  17 T2=  17  P= 702  D=   1 * 24
 X= 804 X2= 805  Y= 692 Y2= 696 P1= 920 P2= 490 T1=  17 T2=  17  P= 705  D=   1 * 24
 X= 803 X2= 804  Y= 692 Y2= 696 P1= 918 P2= 487 T1=  16 T2=  16  P= 710  D=   1 * 24
 X=1023 X2=1008  Y= 992 Y2=1023 P1=1023 P2=   0 T1=1023 T2= 950  P= 710  D=   1 
 X= 797 X2=1008  Y= 988 Y2=1021 P1=1023 P2=   0 T1=1022 T2= 916  P= 710  D=   1 
 X= 811 X2=1023  Y=1003 Y2=1021 P1=1022 P2=   0 T1=1022 T2= 953  P= 710  D=   1 
target state=3 point=23,249
 X= 969 X2=1002  Y= 977 Y2=1023 P1=1023 P2=   0 T1=1021 T2= 942  P= 710  D=   1 
 X= 941 X2=1023  Y= 988 Y2=1021 P1=1023 P2=   0 T1=1022 T2= 933  P= 710  D=   1 
 X= 714 X2=1023  Y= 984 Y2=1022 P1=1023 P2=   0 T1=1021 T2= 915  P= 710  D=   1 
 X=1023 X2=1010  Y= 981 Y2=1023 P1=1023 P2=   0 T1=1023 T2= 942  P= 710  D=   1 
 X= 981 X2=1004  Y= 987 Y2=1023 P1=1023 P2=   0 T1=1023 T2= 935  P= 710  D=   1 
 X= 792 X2=1020  Y= 990 Y2=1020 P1=1023 P2=   0 T1=1021 T2= 922  P= 710  D=   1 
 X= 995 X2=1013  Y= 989 Y2=1021 P1=1023 P2=   0 T1=1020 T2= 937  P= 710  D=   1 
 X= 995 X2=1007  Y= 983 Y2=1022 P1=1023 P2=   0 T1=1022 T2= 938  P= 710  D=   1 
 X= 694 X2=1023  Y= 985 Y2=1020 P1=1022 P2=   0 T1=1022 T2= 927  P= 710  D=   1 
 X= 790 X2=1023  Y= 999 Y2=1021 P1=1023 P2=   0 T1=1022 T2= 946  P= 710  D=   1 
 X= 790 X2=1012  Y= 974 Y2=1023 P1=1023 P2=   0 T1=1023 T2= 953  P= 710  D=   1 
 X= 932 X2=1023  Y= 988 Y2=1022 P1=1023 P2=   0 T1=1021 T2= 927  P= 710  D=   1 
 X= 933 X2= 993  Y= 984 Y2=1021 P1=1023 P2=   0 T1=1022 T2= 935  P= 710  D=   1 
 X=1023 X2=1009  Y= 992 Y2=1023 P1=1022 P2=   0 T1=1023 T2= 949  P= 710  D=   1 
 X= 906 X2=1023  Y= 988 Y2=1022 P1=1022 P2=   0 T1=1021 T2= 945  P= 710  D=   1 
 X= 786 X2=1023  Y= 995 Y2=1019 P1=1023 P2=   0 T1=1022 T2= 926  P= 710  D=   1 
 X= 927 X2= 987  Y= 988 Y2=1021 P1=1023 P2=   0 T1=1022 T2= 969  P= 710  D=   1 
 X= 699 X2=1023  Y= 993 Y2=1022 P1=1023 P2=   0 T1=1022 T2= 928  P= 710  D=   1 
 X= 760 X2=1023  Y= 988 Y2=1022 P1=1023 P2=   0 T1=1022 T2= 933  P= 710  D=   1 
 X=1009 X2= 980  Y= 985 Y2=1021 P1=1023 P2=   0 T1=1023 T2= 933  P= 710  D=   1 
 X= 784 X2=1013  Y= 981 Y2=1022 P1=1023 P2=   0 T1=1022 T2= 950  P= 710  D=   1 
 X= 781 X2=1023  Y= 994 Y2=1021 P1=1023 P2=   0 T1=1023 T2= 930  P= 710  D=   1 
 X=1023 X2= 948  Y= 978 Y2=1023 P1=1023 P2=   0 T1=1021 T2= 958  P= 710  D=   1 
 X=1023 X2= 971  Y= 985 Y2=1023 P1=1023 P2=   0 T1=1021 T2= 955  P= 710  D=   1 
 X= 729 X2=1023  Y=1002 Y2=1021 P1=1022 P2=   0 T1=1018 T2= 934  P= 710  D=   1 
 X=1023 X2=1011  Y= 982 Y2=1023 P1=1023 P2=   0 T1=1022 T2= 950  P= 710  D=   1 
 X= 875 X2=1023  Y= 976 Y2=1022 P1=1023 P2=   0 T1=1021 T2= 941  P= 710  D=   1 
 X= 661 X2=1023  Y= 984 Y2=1021 P1=1023 P2=   0 T1=1022 T2= 942  P= 710  D=   1 
 X= 834 X2=1023  Y= 991 Y2=1020 P1=1023 P2=   0 T1=1022 T2= 952  P= 710  D=   1 
 X= 976 X2= 998  Y= 984 Y2=1023 P1=1023 P2=   0 T1=1023 T2= 946  P= 710  D=   1 
 X= 892 X2=1023  Y= 984 Y2=1021 P1=1023 P2=   0 T1=1022 T2= 927  P= 710  D=   1 
 X=1020 X2=1007  Y= 988 Y2=1022 P1=1023 P2=   0 T1=1022 T2= 941  P= 710  D=   1 
 X=1023 X2=1008  Y= 980 Y2=1023 P1=1022 P2=   0 T1=1022 T2= 931  P= 710  D=   1 
 X= 769 X2=1023  Y= 984 Y2=1021 P1=1023 P2=   0 T1=1023 T2= 950  P= 710  D=   1 
 X= 824 X2=1023  Y= 988 Y2=1022 P1=1023 P2=   0 T1=1021 T2= 935  P= 710  D=   1 
 X= 993 X2= 999  Y= 960 Y2=1022 P1=1023 P2=   0 T1=1022 T2= 908  P= 710  D=   1 
 X= 947 X2= 988  Y= 986 Y2=1022 P1=1023 P2=   0 T1=1023 T2= 942  P= 710  D=   1 
 X= 878 X2=1023  Y= 988 Y2=1020 P1=1023 P2=   0 T1=1022 T2= 945  P= 710  D=   1 
 X= 986 X2=1006  Y= 976 Y2=1023 P1=1022 P2=   0 T1=1022 T2= 940  P= 710  D=   1 
 X= 698 X2=1023  Y= 991 Y2=1021 P1=1023 P2=   0 T1=1023 T2= 904  P= 710  D=   1 
 X= 817 X2=1021  Y= 980 Y2=1022 P1=1023 P2=   0 T1=1020 T2= 929  P= 710  D=   1 
 X=1014 X2= 995  Y= 983 Y2=1022 P1=1023 P2=   0 T1=1021 T2= 951  P= 710  D=   1 
 X= 776 X2=1013  Y= 987 Y2=1022 P1=1023 P2=   0 T1=1022 T2= 931  P= 710  D=   1 
 X= 675 X2=1023  Y= 980 Y2=1021 P1=1023 P2=   0 T1=1021 T2= 952  P= 710  D=   1 
 X= 864 X2=1023  Y= 989 Y2=1021 P1=1023 P2=   0 T1=1021 T2= 943  P= 710  D=   1 
 X= 989 X2=1023  Y=1021 Y2=1021 P1=1023 P2=   0 T1=1021 T2=1012  P= 710  D=   1 
 X=1023 X2=1002  Y= 982 Y2=1021 P1=1023 P2=   0 T1=1023 T2= 938  P= 710  D=   1 
 X= 985 X2=1005  Y= 971 Y2=1023 P1=1023 P2=   0 T1=1022 T2= 951  P= 710  D=   1 
 X= 987 X2=1002  Y= 980 Y2=1023 P1=1023 P2=   0 T1=1023 T2= 948  P= 710  D=   1 
 X= 740 X2=1023  Y= 996 Y2=1021 P1=1023 P2=   0 T1=1021 T2= 925  P= 710  D=   1 
 X= 875 X2=1023  Y= 990 Y2=1021 P1=1023 P2=   0 T1=1023 T2= 935  P= 710  D=   1 
 X= 929 X2= 980  Y= 984 Y2=1022 P1=1023 P2=   0 T1=1023 T2= 956  P= 710  D=   1 
 X= 680 X2=1023  Y= 984 Y2=1022 P1=1022 P2=   0 T1=1022 T2= 924  P= 710  D=   1 
 X= 795 X2=1023  Y= 998 Y2=1021 P1=1023 P2=   0 T1=1021 T2= 918  P= 710  D=   1 
 X= 774 X2=1012  Y= 990 Y2=1022 P1=1023 P2=   0 T1=1022 T2= 930  P= 710  D=   1 
 X= 881 X2=1023  Y= 979 Y2=1023 P1=1023 P2=   0 T1=1022 T2= 930  P= 710  D=   1 
 X= 926 X2=1010  Y= 981 Y2=1022 P1=1023 P2=   0 T1=1023 T2= 928  P= 710  D=   1 
 X= 237 X2= 238  Y= 696 Y2= 692 P1= 840 P2= 240 T1=  20 T2=  20  P= 592  D=   1 * 0
 X= 238 X2= 239  Y= 697 Y2= 693 P1= 842 P2= 237 T1=  21 T2=  20  P= 607  D=   1 * 0
 X= 238 X2= 240  Y= 697 Y2= 693 P1= 847 P2= 232 T1=  21 T2=  21  P= 633  D=   1 * 0
 X= 238 X2= 239  Y= 697 Y2= 693 P1= 845 P2= 233 T1=  21 T2=  21  P= 624  D=   1 * 0
 X= 238 X2= 240  Y= 697 Y2= 692 P1= 844 P2= 235 T1=  21 T2=  21  P= 619  D=   1 * 1
 X= 238 X2= 240  Y= 697 Y2= 693 P1= 843 P2= 236 T1=  19 T2=  21  P= 614  D=   1 * 2
 X= 237 X2= 240  Y= 697 Y2= 693 P1= 842 P2= 237 T1=  20 T2=  21  P= 607  D=   1 * 3
 X= 237 X2= 239  Y= 697 Y2= 692 P1= 841 P2= 239 T1=  20 T2=  21  P= 599  D=   1 * 4
 X= 237 X2= 239  Y= 696 Y2= 692 P1= 840 P2= 241 T1=  19 T2=  20  P= 591  D=   1 * 5
 X= 237 X2= 239  Y= 696 Y2= 693 P1= 839 P2= 241 T1=  20 T2=  19  P= 590  D=   1 * 6
 X= 237 X2= 237  Y= 696 Y2= 692 P1= 839 P2= 242 T1=  20 T2=  20  P= 584  D=   1 * 7
 X= 237 X2= 238  Y= 697 Y2= 692 P1= 839 P2= 241 T1=  21 T2=  20  P= 587  D=   1 * 8
 X= 237 X2= 238  Y= 696 Y2= 692 P1= 838 P2= 243 T1=  20 T2=  20  P= 580  D=   1 * 9
 X= 237 X2= 239  Y= 696 Y2= 692 P1= 837 P2= 243 T1=  20 T2=  20  P= 581  D=   1 * 10
 X= 236 X2= 239  Y= 696 Y2= 692 P1= 838 P2= 244 T1=  20 T2=  20  P= 576  D=   1 * 11
 X= 237 X2= 238  Y= 697 Y2= 693 P1= 838 P2= 243 T1=  20 T2=  20  P= 580  D=   1 * 12
 X= 237 X2= 239  Y= 697 Y2= 692 P1= 837 P2= 243 T1=  20 T2=  20  P= 581  D=   1 * 13
 X= 236 X2= 239  Y= 697 Y2= 692 P1= 838 P2= 244 T1=  20 T2=  20  P= 576  D=   1 * 14
 X= 237 X2= 238  Y= 696 Y2= 692 P1= 838 P2= 244 T1=  19 T2=  20  P= 576  D=   1 * 15
 X= 237 X2= 239  Y= 696 Y2= 692 P1= 838 P2= 243 T1=  20 T2=  20  P= 582  D=   1 * 16
 X= 237 X2= 239  Y= 696 Y2= 693 P1= 838 P2= 243 T1=  21 T2=  20  P= 582  D=   1 * 17
 X= 236 X2= 238  Y= 696 Y2= 692 P1= 837 P2= 243 T1=  20 T2=  19  P= 579  D=   1 * 18
 X= 238 X2= 238  Y= 696 Y2= 693 P1= 838 P2= 244 T1=  20 T2=  20  P= 579  D=   1 * 19
 X= 236 X2= 238  Y= 697 Y2= 692 P1= 838 P2= 244 T1=  20 T2=  20  P= 576  D=   1 * 20
 X= 236 X2= 238  Y= 696 Y2= 692 P1= 838 P2= 243 T1=  20 T2=  20  P= 580  D=   1 * 21
 X= 237 X2= 239  Y= 696 Y2= 692 P1= 837 P2= 243 T1=  20 T2=  21  P= 581  D=   1 * 22
 X= 237 X2= 239  Y= 696 Y2= 692 P1= 837 P2= 243 T1=  20 T2=  20  P= 581  D=   1 * 23
 X= 237 X2= 239  Y= 697 Y2= 693 P1= 838 P2= 244 T1=  20 T2=  21  P= 579  D=   1 * 24
Remove Pin
 X= 236 X2= 239  Y= 696 Y2= 692 P1= 837 P2= 243 T1=  20 T2=  20  P= 579  D=   1 * 24
 X= 237 X2= 239  Y= 697 Y2= 692 P1= 838 P2= 243 T1=  20 T2=  20  P= 582  D=   1 * 24
 X= 236 X2= 238  Y= 696 Y2= 693 P1= 838 P2= 243 T1=  20 T2=  21  P= 580  D=   1 * 24
 X= 237 X2= 237  Y= 696 Y2= 692 P1= 838 P2= 243 T1=  20 T2=  21  P= 580  D=   1 * 24
 X= 237 X2= 238  Y= 696 Y2= 693 P1= 838 P2= 243 T1=  20 T2=  20  P= 580  D=   1 * 24
 X= 237 X2= 239  Y= 697 Y2= 692 P1= 838 P2= 243 T1=  20 T2=  20  P= 582  D=   1 * 24
 X= 237 X2= 239  Y= 697 Y2= 692 P1= 837 P2= 243 T1=  20 T2=  20  P= 581  D=   1 * 24
 X= 237 X2= 240  Y= 697 Y2= 693 P1= 838 P2= 244 T1=  20 T2=  20  P= 579  D=   1 * 24
 X= 236 X2= 239  Y= 697 Y2= 692 P1= 837 P2= 243 T1=  20 T2=  20  P= 579  D=   1 * 24
 X= 237 X2= 238  Y= 696 Y2= 692 P1= 838 P2= 243 T1=  19 T2=  21  P= 580  D=   1 * 24
 X= 237 X2= 239  Y= 696 Y2= 692 P1= 838 P2= 243 T1=  20 T2=  20  P= 582  D=   1 * 24
 X= 237 X2= 238  Y= 697 Y2= 693 P1= 837 P2= 243 T1=  19 T2=  20  P= 579  D=   1 * 24
 X= 237 X2= 239  Y= 696 Y2= 692 P1= 837 P2= 243 T1=  20 T2=  20  P= 581  D=   1 * 24
 X= 236 X2= 239  Y= 696 Y2= 692 P1= 838 P2= 243 T1=  20 T2=  19  P= 580  D=   1 * 24
 X= 237 X2= 239  Y= 697 Y2= 692 P1= 837 P2= 243 T1=  20 T2=  19  P= 581  D=   1 * 24
 X= 236 X2= 239  Y= 696 Y2= 692 P1= 840 P2= 243 T1=  21 T2=  20  P= 582  D=   1 * 24
 X= 237 X2= 239  Y= 697 Y2= 692 P1= 837 P2= 244 T1=  19 T2=  20  P= 578  D=   1 * 24
 X= 237 X2= 238  Y= 696 Y2= 692 P1= 837 P2= 243 T1=  21 T2=  20  P= 579  D=   1 * 24
 X= 236 X2= 239  Y= 696 Y2= 693 P1= 837 P2= 243 T1=  20 T2=  20  P= 579  D=   1 * 24
 X= 236 X2= 239  Y= 696 Y2= 693 P1= 837 P2= 244 T1=  20 T2=  20  P= 575  D=   1 * 24
 X= 237 X2= 239  Y= 697 Y2= 692 P1= 838 P2= 243 T1=  20 T2=  20  P= 582  D=   1 * 24
 X= 237 X2= 239  Y= 696 Y2= 692 P1= 838 P2= 243 T1=  20 T2=  20  P= 582  D=   1 * 24
 X= 237 X2= 238  Y= 697 Y2= 692 P1= 837 P2= 243 T1=  20 T2=  20  P= 579  D=   1 * 24
 X= 236 X2= 238  Y= 695 Y2= 692 P1= 838 P2= 243 T1=  19 T2=  21  P= 580  D=   1 * 24
 X= 235 X2= 239  Y= 696 Y2= 692 P1= 837 P2= 243 T1=  20 T2=  20  P= 579  D=   1 * 24
 X= 237 X2= 239  Y= 696 Y2= 692 P1= 837 P2= 243 T1=  20 T2=  21  P= 581  D=   1 * 24
 X= 237 X2= 238  Y= 697 Y2= 691 P1= 838 P2= 243 T1=  20 T2=  20  P= 580  D=   1 * 24
 X= 236 X2= 239  Y= 697 Y2= 692 P1= 838 P2= 243 T1=  20 T2=  20  P= 580  D=   1 * 24
 X= 236 X2= 239  Y= 696 Y2= 692 P1= 838 P2= 244 T1=  21 T2=  20  P= 576  D=   1 * 24
 X= 236 X2= 238  Y= 696 Y2= 692 P1= 837 P2= 244 T1=  20 T2=  20  P= 575  D=   1 * 24
 X= 235 X2= 239  Y= 696 Y2= 692 P1= 838 P2= 242 T1=  20 T2=  20  P= 583  D=   1 * 24
 X= 237 X2= 239  Y= 698 Y2= 692 P1= 837 P2= 243 T1=  20 T2=  20  P= 581  D=   1 * 24
 X= 237 X2= 239  Y= 697 Y2= 692 P1= 837 P2= 243 T1=  20 T2=  20  P= 581  D=   1 * 24
 X= 237 X2= 239  Y= 697 Y2= 692 P1= 838 P2= 243 T1=  20 T2=  20  P= 582  D=   1 * 24
 X= 237 X2= 235  Y= 696 Y2= 692 P1= 837 P2= 244 T1=  20 T2=  20  P= 573  D=   1 * 24
 X= 238 X2= 238  Y= 696 Y2= 692 P1= 837 P2= 243 T1=  19 T2=  20  P= 581  D=   1 * 24
 X= 236 X2= 238  Y= 696 Y2= 692 P1= 834 P2= 247 T1=  20 T2=  20  P= 563  D=   1 * 24
 X= 280 X2= 291  Y= 728 Y2= 767 P1=1023 P2=   0 T1=  45 T2= 929  P= 563  D=   1 
 X= 866 X2=1003  Y= 982 Y2=1021 P1=1019 P2=   0 T1=1023 T2= 940  P= 563  D=   1 
 X= 898 X2=1023  Y= 988 Y2=1021 P1=1023 P2=   0 T1=1022 T2= 928  P= 563  D=   1 
 X= 846 X2=1023  Y= 996 Y2=1020 P1=1023 P2=   0 T1=1018 T2= 915  P= 563  D=   1 
Target Noise  x= 2.50 y= 2.50
X[0]: Target= 23   237/ 237/ 238 Stdev= 0.48 N= 24  Y[0]: Target= 22   342/ 343/ 343 Stdev= 0.46 N= 24
X[1]: Target=456   803/ 804/ 806 Stdev= 0.72 N= 24  Y[1]: Target= 22   341/ 343/ 346 Stdev= 1.44 N= 24
X[2]: Target=456   803/ 804/ 811 Stdev= 1.92 N= 24  Y[2]: Target=249   694/ 695/ 698 Stdev= 0.86 N= 24
X[3]: Target= 23   237/ 238/ 239 Stdev= 0.61 N= 24  Y[3]: Target=249   694/ 694/ 695 Stdev= 0.37 N= 24
N=24 Avg=21
min: 21 21 21 21 21 21 
max: 25 22 22 22 22 22 
N=24 Avg=15
min: 14 14 15 15 15 15 
max: 19 19 18 18 18 17 
N=24 Avg=17
min: 16 16 16 16 17 17 
max: 22 19 19 18 17 17 
N=24 Avg=19
min: 19 19 19 19 20 20 
max: 21 21 20 20 20 20 
Using TNT center offset = 19
TNT Plane Coef: a= -461 b= -185 c= 337088
At  237, 342: Real=  22 Fit=  22 Offset=   3
At  804, 342: Real=  17 Fit=  19 Offset=   0
At  804, 694: Real=  17 Fit=  18 Offset=  -1
At  237, 694: Real=  20 Fit=  21 Offset=   2
Fit Corners: 23, 17, 16, 22  Center: 19
Setting for min_tnt_up:   521
Setting for max_tnt_down: 24 (V2:36)
Entering calib_pressure_mfg
Using default pressure curve
468 471 487 495 509 524 553 575 612 
Summary:
Setting for max_tnt_down:      24
3.7 setting for max_tnt_down:     -1
Setting for min_tnt_up:       521
Setting for max_delta_tnt:      5
3.8 setting for max_delta_tnt:     -1
Setting for delay_in_us:        1
Setting for y_delay_in_us:      1
Setting for tnt_delay_in_us:    1
Setting for pressure_curve:  468 471 487 495 509 524 553 575 612
Setting for tnt_mode:           1
Setting for averaging:         -1
Setting for pointercal:      50047 0 -10353994 0 42263 -13012247 65536
Setting for tnt_plane:       -461 -185 337088
