new-calib: New touch screen calibration program v3.12
Serial Number='15061E00010B06020102'
Using tnt_mode=1
Setting for delay_in_us:        1
Setting for y_delay_in_us:      1
Setting for tnt_delay_in_us:    1
Setting for max_delta_tnt:      5
Setting for tnt_mode:           1
Setting for averaging:         -1
Entering get_four_points
target_noise  x= 2.50 y= 2.50 t= 2.50
target state=0 point=23,22
 X= 949 X2=1023  Y=1012 Y2=1023 P1=1023 P2=  -1 T1=1023 T2= 991  P=  -1  D=   5 
 X=1023 X2= 996  Y= 968 Y2=1020 P1=1023 P2=  -1 T1=1019 T2= 910  P=  -1  D=   1 
 X= 871 X2=1023  Y= 971 Y2=1023 P1=1023 P2=  -1 T1=1020 T2= 935  P=  -1  D=   1 
 X= 967 X2=1001  Y= 992 Y2=1019 P1=1023 P2=  -1 T1=1020 T2= 911  P=  -1  D=   1 
 X= 941 X2= 995  Y= 995 Y2=1019 P1=1023 P2=  -1 T1=1023 T2= 903  P=  -1  D=   1 
 X= 916 X2=1016  Y= 978 Y2=1019 P1=1023 P2=  -1 T1=1023 T2= 915  P=  -1  D=   1 
 X= 902 X2=1023  Y= 993 Y2=1023 P1=1023 P2=  -1 T1=1020 T2= 915  P=  -1  D=   1 
 X= 963 X2=1021  Y= 979 Y2=1019 P1=1023 P2=  -1 T1=1023 T2= 914  P=  -1  D=   1 
 X= 849 X2=1023  Y= 999 Y2=1023 P1=1023 P2=  -1 T1=1023 T2= 922  P=  -1  D=   1 
 X= 873 X2=1021  Y= 988 Y2=1020 P1=1023 P2=  -1 T1=1019 T2= 931  P=  -1  D=   1 
 X= 969 X2=1014  Y= 990 Y2=1023 P1=1023 P2=  -1 T1=1020 T2= 933  P=  -1  D=   1 
 X=1021 X2=1021  Y= 999 Y2=1020 P1=1023 P2=  -1 T1=1019 T2= 932  P=  -1  D=   1 
 X= 869 X2=1023  Y= 977 Y2=1023 P1=1023 P2=  -1 T1=1023 T2= 931  P=  -1  D=   1 
 X= 939 X2=1023  Y= 994 Y2=1023 P1=1023 P2=  -1 T1=1019 T2= 928  P=  -1  D=   1 
 X= 991 X2=1023  Y= 991 Y2=1023 P1=1023 P2=  -1 T1=1023 T2= 942  P=  -1  D=   1 
 X= 988 X2=1011  Y= 972 Y2=1023 P1=1023 P2=  -1 T1=1023 T2= 907  P=  -1  D=   1 
 X= 881 X2=1017  Y= 986 Y2=1023 P1=1023 P2=  -1 T1=1023 T2= 938  P=  -1  D=   1 
 X= 964 X2=1021  Y= 981 Y2=1023 P1=1023 P2=  -1 T1=1019 T2= 935  P=  -1  D=   1 
 X= 851 X2=1023  Y= 989 Y2=1023 P1=1023 P2=  -1 T1=1023 T2= 914  P=  -1  D=   1 
 X= 947 X2= 993  Y= 994 Y2=1023 P1=1023 P2=  -1 T1=1020 T2= 930  P=  -1  D=   1 
 X= 984 X2= 992  Y= 989 Y2=1023 P1=1023 P2=  -1 T1=1023 T2= 928  P=  -1  D=   1 
 X= 819 X2=1023  Y= 984 Y2=1019 P1=1023 P2=  -1 T1=1021 T2= 937  P=  -1  D=   1 
 X= 987 X2=1023  Y= 989 Y2=1023 P1=1023 P2=  -1 T1=1019 T2= 935  P=  -1  D=   1 
 X= 949 X2=1023  Y= 984 Y2=1020 P1=1023 P2=  -1 T1=1023 T2= 932  P=  -1  D=   1 
 X= 903 X2=1023  Y= 986 Y2=1019 P1=1023 P2=  -1 T1=1020 T2= 927  P=  -1  D=   1 
 X= 886 X2=1023  Y=1003 Y2=1022 P1=1023 P2=  -1 T1=1020 T2= 948  P=  -1  D=   1 
 X=1021 X2=1014  Y= 991 Y2=1023 P1=1023 P2=  -1 T1=1019 T2= 905  P=  -1  D=   1 
 X=1023 X2=1015  Y= 994 Y2=1023 P1=1023 P2=  -1 T1=1023 T2= 930  P=  -1  D=   1 
 X= 933 X2=1022  Y=1002 Y2=1020 P1=1023 P2=  -1 T1=1023 T2= 933  P=  -1  D=   1 
 X= 966 X2=1013  Y= 974 Y2=1023 P1=1023 P2=  -1 T1=1023 T2= 923  P=  -1  D=   1 
 X= 980 X2=1021  Y= 980 Y2=1019 P1=1023 P2=  -1 T1=1023 T2= 927  P=  -1  D=   1 
 X= 841 X2=1023  Y= 980 Y2=1019 P1=1023 P2=  -1 T1=1023 T2= 948  P=  -1  D=   1 
 X=1002 X2=1014  Y= 988 Y2=1023 P1=1023 P2=  -1 T1=1020 T2= 932  P=  -1  D=   1 
 X= 954 X2=1023  Y= 985 Y2=1019 P1=1023 P2=  -1 T1=1019 T2= 935  P=  -1  D=   1 
 X= 978 X2=1021  Y= 991 Y2=1020 P1=1023 P2=  -1 T1=1023 T2= 920  P=  -1  D=   1 
 X=1013 X2=1006  Y= 984 Y2=1019 P1=1022 P2=  -1 T1=1023 T2= 921  P=  -1  D=   1 
 X=1022 X2=1018  Y= 985 Y2=1020 P1=1023 P2=  -1 T1=1023 T2= 932  P=  -1  D=   1 
 X=1008 X2= 992  Y= 982 Y2=1023 P1=1023 P2=  -1 T1=1020 T2= 904  P=  -1  D=   1 
 X=1010 X2=1008  Y= 976 Y2=1019 P1=1023 P2=  -1 T1=1023 T2= 930  P=  -1  D=   1 
 X= 920 X2=1023  Y= 982 Y2=1019 P1=1023 P2=  -1 T1=1023 T2= 932  P=  -1  D=   1 
 X= 873 X2=1022  Y= 977 Y2=1019 P1=1023 P2=  -1 T1=1023 T2= 936  P=  -1  D=   1 
 X= 980 X2=1023  Y= 989 Y2=1023 P1=1023 P2=  -1 T1=1019 T2= 916  P=  -1  D=   1 
 X= 890 X2=1023  Y= 982 Y2=1023 P1=1023 P2=  -1 T1=1020 T2= 917  P=  -1  D=   1 
 X= 915 X2=1014  Y= 994 Y2=1023 P1=1023 P2=  -1 T1=1023 T2= 913  P=  -1  D=   1 
 X= 949 X2=1005  Y= 987 Y2=1023 P1=1023 P2=  -1 T1=1023 T2= 900  P=  -1  D=   1 
 X= 973 X2=1019  Y= 981 Y2=1019 P1=1023 P2=  -1 T1=1023 T2= 926  P=  -1  D=   1 
 X= 969 X2=1023  Y= 986 Y2=1023 P1=1023 P2=  -1 T1=1019 T2= 928  P=  -1  D=   1 
 X= 894 X2=1021  Y= 994 Y2=1023 P1=1023 P2=  -1 T1=1019 T2= 926  P=  -1  D=   1 
 X= 876 X2=1023  Y= 995 Y2=1019 P1=1023 P2=  -1 T1=1020 T2= 917  P=  -1  D=   1 
 X= 974 X2=1013  Y= 991 Y2=1023 P1=1023 P2=  -1 T1=1020 T2= 891  P=  -1  D=   1 
 X= 937 X2=1020  Y= 966 Y2=1019 P1=1023 P2=  -1 T1=1023 T2= 951  P=  -1  D=   1 
 X= 864 X2=1023  Y= 997 Y2=1023 P1=1023 P2=  -1 T1=1023 T2= 921  P=  -1  D=   1 
 X=1019 X2=1013  Y= 980 Y2=1023 P1=1023 P2=  -1 T1=1023 T2= 912  P=  -1  D=   1 
 X= 958 X2=1020  Y=1005 Y2=1023 P1=1023 P2=  -1 T1=1023 T2= 939  P=  -1  D=   1 
 X=1011 X2=1003  Y= 984 Y2=1019 P1=1023 P2=  -1 T1=1021 T2= 944  P=  -1  D=   1 
 X= 885 X2=1023  Y= 980 Y2=1019 P1=1023 P2=  -1 T1=1020 T2= 918  P=  -1  D=   1 
 X= 889 X2=1009  Y=1005 Y2=1023 P1=1023 P2=  -1 T1=1023 T2= 931  P=  -1  D=   1 
 X= 884 X2=1023  Y= 973 Y2=1023 P1=1023 P2=  -1 T1=1023 T2= 930  P=  -1  D=   1 
 X=1021 X2=1013  Y= 990 Y2=1023 P1=1023 P2=  -1 T1=1021 T2= 933  P=  -1  D=   1 
 X= 931 X2=1021  Y= 997 Y2=1019 P1=1023 P2=  -1 T1=1019 T2= 930  P=  -1  D=   1 
 X= 887 X2=1023  Y= 992 Y2=1020 P1=1023 P2=  -1 T1=1023 T2= 925  P=  -1  D=   1 
 X=1023 X2=1022  Y= 979 Y2=1023 P1=1023 P2=  -1 T1=1019 T2= 934  P=  -1  D=   1 
 X=1020 X2=1022  Y= 985 Y2=1021 P1=1023 P2=  -1 T1=1018 T2= 927  P=  -1  D=   1 
 X= 941 X2=1023  Y= 994 Y2=1023 P1=1023 P2=  -1 T1=1020 T2= 931  P=  -1  D=   1 
 X=1023 X2=1019  Y= 967 Y2=1020 P1=1023 P2=  -1 T1=1020 T2= 932  P=  -1  D=   1 
 X= 976 X2=1004  Y= 979 Y2=1023 P1=1023 P2=  -1 T1=1022 T2= 902  P=  -1  D=   1 
 X= 951 X2=1014  Y= 976 Y2=1023 P1=1023 P2=  -1 T1=1019 T2= 931  P=  -1  D=   1 
 X= 990 X2=1021  Y= 984 Y2=1023 P1=1023 P2=  -1 T1=1023 T2= 927  P=  -1  D=   1 
 X= 886 X2=1023  Y= 982 Y2=1023 P1=1023 P2=  -1 T1=1020 T2= 934  P=  -1  D=   1 
 X= 953 X2=1020  Y= 987 Y2=1023 P1=1023 P2=  -1 T1=1020 T2= 922  P=  -1  D=   1 
 X= 874 X2=1023  Y=1000 Y2=1020 P1=1023 P2=  -1 T1=1020 T2= 922  P=  -1  D=   1 
 X= 962 X2=1021  Y= 982 Y2=1023 P1=1023 P2=  -1 T1=1023 T2= 917  P=  -1  D=   1 
 X= 973 X2=1012  Y= 990 Y2=1018 P1=1023 P2=  -1 T1=1023 T2= 944  P=  -1  D=   1 
 X= 956 X2= 995  Y= 975 Y2=1018 P1=1023 P2=  -1 T1=1023 T2= 920  P=  -1  D=   1 
 X= 981 X2=1014  Y= 986 Y2=1023 P1=1023 P2=  -1 T1=1019 T2= 949  P=  -1  D=   1 
 X= 915 X2=1023  Y= 989 Y2=1023 P1=1023 P2=  -1 T1=1023 T2= 921  P=  -1  D=   1 
 X= 961 X2=1023  Y=1007 Y2=1020 P1=1023 P2=  -1 T1=1020 T2= 911  P=  -1  D=   1 
 X= 916 X2=1019  Y=1023 Y2=1020 P1=1023 P2=  -1 T1=1019 T2=1023  P=  -1  D=   1 
 X=1006 X2=1020  Y= 985 Y2=1019 P1=1023 P2=  -1 T1=1020 T2= 934  P=  -1  D=   1 
 X= 969 X2=1018  Y= 979 Y2=1020 P1=1023 P2=  -1 T1=1020 T2= 922  P=  -1  D=   1 
 X=1021 X2=1016  Y= 996 Y2=1019 P1=1023 P2=  -1 T1=1023 T2= 929  P=  -1  D=   1 
 X= 961 X2=1021  Y= 985 Y2=1021 P1=1023 P2=  -1 T1=1022 T2= 936  P=  -1  D=   1 
 X= 974 X2=1014  Y= 955 Y2=1019 P1=1023 P2=  -1 T1=1020 T2= 928  P=  -1  D=   1 
 X= 959 X2=1014  Y= 989 Y2=1023 P1=1022 P2=  -1 T1=1020 T2= 934  P=  -1  D=   1 
 X= 945 X2=1022  Y= 995 Y2=1020 P1=1023 P2=  -1 T1=1023 T2= 920  P=  -1  D=   1 
 X= 801 X2=1023  Y= 980 Y2=1023 P1=1023 P2=  -1 T1=1023 T2= 927  P=  -1  D=   1 
 X=1023 X2=1023  Y= 995 Y2=1020 P1=1023 P2=  -1 T1=1019 T2= 929  P=  -1  D=   1 
 X= 890 X2=1023  Y= 995 Y2=1023 P1=1023 P2=  -1 T1=1021 T2= 932  P=  -1  D=   1 
 X= 838 X2=1023  Y= 976 Y2=1023 P1=1023 P2=  -1 T1=1019 T2= 930  P=  -1  D=   1 
 X= 976 X2=1013  Y= 983 Y2=1023 P1=1023 P2=  -1 T1=1023 T2= 919  P=  -1  D=   1 
 X=1020 X2=1017  Y= 991 Y2=1023 P1=1023 P2=  -1 T1=1019 T2= 940  P=  -1  D=   1 
 X=1011 X2=1020  Y= 993 Y2=1023 P1=1023 P2=  -1 T1=1020 T2= 932  P=  -1  D=   1 
 X= 981 X2=1008  Y= 975 Y2=1019 P1=1023 P2=  -1 T1=1023 T2= 915  P=  -1  D=   1 
 X=1023 X2=1019  Y= 988 Y2=1019 P1=1023 P2=  -1 T1=1023 T2= 919  P=  -1  D=   1 
 X= 862 X2=1023  Y= 993 Y2=1020 P1=1023 P2=  -1 T1=1023 T2= 913  P=  -1  D=   1 
 X= 908 X2=1023  Y= 977 Y2=1023 P1=1023 P2=  -1 T1=1023 T2= 924  P=  -1  D=   1 
 X= 948 X2=1021  Y= 993 Y2=1023 P1=1023 P2=  -1 T1=1020 T2= 939  P=  -1  D=   1 
 X=1001 X2=1013  Y= 986 Y2=1019 P1=1023 P2=  -1 T1=1021 T2= 912  P=  -1  D=   1 
 X=1023 X2=1017  Y= 993 Y2=1023 P1=1023 P2=  -1 T1=1023 T2= 922  P=  -1  D=   1 
 X= 887 X2=1023  Y= 990 Y2=1023 P1=1023 P2=  -1 T1=1023 T2= 932  P=  -1  D=   1 
 X= 945 X2=1023  Y= 987 Y2=1019 P1=1023 P2=  -1 T1=1020 T2= 925  P=  -1  D=   1 
 X= 900 X2=1023  Y= 986 Y2=1020 P1=1023 P2=  -1 T1=1023 T2= 916  P=  -1  D=   1 
 X=1015 X2=1008  Y= 995 Y2=1019 P1=1023 P2=  -1 T1=1020 T2= 897  P=  -1  D=   1 
 X= 895 X2=1023  Y= 989 Y2=1019 P1=1023 P2=  -1 T1=1020 T2= 906  P=  -1  D=   1 
 X= 964 X2=1007  Y= 991 Y2=1020 P1=1023 P2=  -1 T1=1023 T2= 915  P=  -1  D=   1 
 X=1021 X2=1018  Y= 985 Y2=1018 P1=1023 P2=  -1 T1=1020 T2= 929  P=  -1  D=   1 
 X= 890 X2=1018  Y= 986 Y2=1021 P1=1023 P2=  -1 T1=1023 T2= 916  P=  -1  D=   1 
 X=1015 X2=1017  Y= 983 Y2=1023 P1=1023 P2=  -1 T1=1021 T2= 928  P=  -1  D=   1 
 X= 978 X2=1015  Y= 984 Y2=1022 P1=1023 P2=  -1 T1=1022 T2= 917  P=  -1  D=   1 
 X=1021 X2=1006  Y= 995 Y2=1021 P1=1023 P2=  -1 T1=1023 T2= 914  P=  -1  D=   1 
 X= 926 X2=1021  Y= 975 Y2=1023 P1=1023 P2=  -1 T1=1023 T2= 930  P=  -1  D=   1 
 X=1022 X2=1017  Y= 977 Y2=1023 P1=1023 P2=  -1 T1=1023 T2= 915  P=  -1  D=   1 
 X=1020 X2=1007  Y= 998 Y2=1023 P1=1023 P2=  -1 T1=1019 T2= 917  P=  -1  D=   1 
 X= 993 X2= 993  Y= 973 Y2=1022 P1=1023 P2=  -1 T1=1019 T2= 927  P=  -1  D=   1 
 X=1023 X2=1019  Y= 993 Y2=1018 P1=1023 P2=  -1 T1=1019 T2= 926  P=  -1  D=   1 
 X=1023 X2=1011  Y= 990 Y2=1018 P1=1023 P2=  -1 T1=1023 T2= 921  P=  -1  D=   1 
 X= 987 X2=1023  Y= 996 Y2=1018 P1=1023 P2=  -1 T1=1021 T2= 914  P=  -1  D=   1 
 X= 970 X2=1021  Y= 990 Y2=1019 P1=1023 P2=  -1 T1=1021 T2= 928  P=  -1  D=   1 
 X=1022 X2=1017  Y= 986 Y2=1019 P1=1023 P2=  -1 T1=1020 T2= 907  P=  -1  D=   1 
 X= 949 X2=1019  Y= 985 Y2=1019 P1=1023 P2=  -1 T1=1020 T2= 929  P=  -1  D=   1 
 X= 977 X2=1019  Y= 983 Y2=1020 P1=1023 P2=  -1 T1=1019 T2= 914  P=  -1  D=   1 
 X=1020 X2=1019  Y= 990 Y2=1023 P1=1023 P2=  -1 T1=1023 T2= 925  P=  -1  D=   1 
 X= 980 X2=1023  Y= 991 Y2=1019 P1=1023 P2=  -1 T1=1020 T2= 928  P=  -1  D=   1 
 X=1015 X2=1022  Y= 984 Y2=1020 P1=1023 P2=  -1 T1=1019 T2= 907  P=  -1  D=   1 
 X=1022 X2=1019  Y= 970 Y2=1018 P1=1023 P2=  -1 T1=1020 T2= 933  P=  -1  D=   1 
 X=1020 X2=1019  Y= 985 Y2=1020 P1=1022 P2=  -1 T1=1019 T2= 936  P=  -1  D=   1 
 X=1015 X2=1004  Y= 981 Y2=1023 P1=1023 P2=  -1 T1=1023 T2= 919  P=  -1  D=   1 
 X= 965 X2=1021  Y= 968 Y2=1023 P1=1023 P2=  -1 T1=1020 T2= 927  P=  -1  D=   1 
 X= 987 X2=1005  Y=1018 Y2=1020 P1=1023 P2=  -1 T1=1023 T2= 929  P=  -1  D=   1 
 X= 982 X2=1013  Y= 986 Y2=1020 P1=1023 P2=  -1 T1=1020 T2= 928  P=  -1  D=   1 
 X= 978 X2=1021  Y= 972 Y2=1023 P1=1023 P2=  -1 T1=1020 T2= 909  P=  -1  D=   1 
 X= 876 X2=1021  Y= 991 Y2=1023 P1=1023 P2=  -1 T1=1023 T2= 900  P=  -1  D=   1 
 X= 871 X2=1023  Y= 985 Y2=1019 P1=1023 P2=  -1 T1=1023 T2= 915  P=  -1  D=   1 
 X=1023 X2= 990  Y= 982 Y2=1023 P1=1023 P2=  -1 T1=1023 T2= 936  P=  -1  D=   1 
 X=1023 X2=1023  Y= 996 Y2=1019 P1=1023 P2=  -1 T1=1019 T2= 917  P=  -1  D=   1 
 X=1022 X2=1006  Y= 982 Y2=1023 P1=1023 P2=  -1 T1=1023 T2= 922  P=  -1  D=   1 
 X=1023 X2= 996  Y= 994 Y2=1023 P1=1023 P2=  -1 T1=1023 T2= 916  P=  -1  D=   1 
 X= 960 X2=1005  Y= 966 Y2=1023 P1=1023 P2=  -1 T1=1023 T2= 910  P=  -1  D=   1 
 X= 980 X2=1023  Y= 994 Y2=1020 P1=1023 P2=  -1 T1=1023 T2= 909  P=  -1  D=   1 
 X=1015 X2=1023  Y= 985 Y2=1019 P1=1023 P2=  -1 T1=1023 T2= 931  P=  -1  D=   1 
 X= 973 X2=1023  Y= 997 Y2=1023 P1=1023 P2=  -1 T1=1023 T2= 909  P=  -1  D=   1 
 X= 939 X2=1022  Y= 986 Y2=1023 P1=1023 P2=  -1 T1=1023 T2= 929  P=  -1  D=   1 
 X= 980 X2=1008  Y= 988 Y2=1023 P1=1023 P2=  -1 T1=1020 T2= 918  P=  -1  D=   1 
 X=1023 X2=1012  Y= 980 Y2=1018 P1=1023 P2=  -1 T1=1020 T2= 922  P=  -1  D=   1 
 X= 969 X2=1010  Y= 986 Y2=1019 P1=1023 P2=  -1 T1=1019 T2= 939  P=  -1  D=   1 
 X= 905 X2=1021  Y= 986 Y2=1023 P1=1023 P2=  -1 T1=1022 T2= 913  P=  -1  D=   1 
 X=1023 X2=1007  Y= 986 Y2=1019 P1=1023 P2=  -1 T1=1020 T2= 949  P=  -1  D=   1 
 X=1019 X2=1018  Y= 988 Y2=1023 P1=1023 P2=  -1 T1=1023 T2= 937  P=  -1  D=   1 
 X= 875 X2=1023  Y= 994 Y2=1023 P1=1023 P2=  -1 T1=1019 T2= 941  P=  -1  D=   1 
 X= 931 X2=1021  Y= 987 Y2=1023 P1=1023 P2=  -1 T1=1023 T2= 928  P=  -1  D=   1 
 X= 981 X2=1023  Y= 993 Y2=1019 P1=1023 P2=  -1 T1=1023 T2= 907  P=  -1  D=   1 
 X=1023 X2=1002  Y= 979 Y2=1023 P1=1023 P2=  -1 T1=1023 T2= 923  P=  -1  D=   1 
 X=1022 X2=1014  Y= 986 Y2=1019 P1=1023 P2=  -1 T1=1023 T2= 920  P=  -1  D=   1 
 X= 897 X2=1023  Y= 982 Y2=1023 P1=1023 P2=  -1 T1=1020 T2= 937  P=  -1  D=   1 
 X=1007 X2=1013  Y= 973 Y2=1023 P1=1023 P2=  -1 T1=1019 T2= 945  P=  -1  D=   1 
 X=1014 X2=1004  Y= 999 Y2=1023 P1=1023 P2=  -1 T1=1023 T2= 931  P=  -1  D=   1 
 X= 866 X2=1023  Y= 995 Y2=1023 P1=1023 P2=  -1 T1=1023 T2= 929  P=  -1  D=   1 
 X=1023 X2=1022  Y= 976 Y2=1023 P1=1023 P2=  -1 T1=1023 T2= 922  P=  -1  D=   1 
 X=1023 X2=1023  Y= 974 Y2=1021 P1=1023 P2=  -1 T1=1023 T2= 908  P=  -1  D=   1 
 X= 876 X2=1023  Y= 995 Y2=1019 P1=1023 P2=  -1 T1=1023 T2= 939  P=  -1  D=   1 
 X=1013 X2=1023  Y= 991 Y2=1023 P1=1023 P2=  -1 T1=1023 T2= 921  P=  -1  D=   1 
 X= 887 X2=1023  Y= 988 Y2=1023 P1=1023 P2=  -1 T1=1023 T2= 918  P=  -1  D=   1 
 X=1020 X2=1021  Y= 994 Y2=1023 P1=1023 P2=  -1 T1=1021 T2= 932  P=  -1  D=   1 
 X= 997 X2=1014  Y= 983 Y2=1021 P1=1023 P2=  -1 T1=1021 T2= 927  P=  -1  D=   1 
 X= 946 X2=1020  Y= 992 Y2=1023 P1=1023 P2=  -1 T1=1019 T2= 935  P=  -1  D=   1 
 X= 951 X2=1022  Y= 985 Y2=1022 P1=1023 P2=  -1 T1=1023 T2= 901  P=  -1  D=   1 
 X= 875 X2=1023  Y= 976 Y2=1023 P1=1023 P2=  -1 T1=1023 T2= 957  P=  -1  D=   1 
 X=1008 X2=1010  Y= 965 Y2=1020 P1=1023 P2=  -1 T1=1023 T2= 942  P=  -1  D=   1 
 X= 923 X2=1022  Y= 991 Y2=1023 P1=1023 P2=  -1 T1=1020 T2= 938  P=  -1  D=   1 
 X=1022 X2=1015  Y= 990 Y2=1019 P1=1023 P2=  -1 T1=1019 T2= 925  P=  -1  D=   1 
 X=1006 X2= 992  Y= 988 Y2=1020 P1=1022 P2=  -1 T1=1023 T2= 918  P=  -1  D=   1 
 X= 917 X2=1021  Y= 993 Y2=1023 P1=1023 P2=  -1 T1=1019 T2= 924  P=  -1  D=   1 
 X= 903 X2=1023  Y= 982 Y2=1023 P1=1023 P2=  -1 T1=1021 T2= 916  P=  -1  D=   1 
 X= 916 X2=1021  Y= 992 Y2=1023 P1=1023 P2=  -1 T1=1023 T2= 915  P=  -1  D=   1 
 X= 962 X2= 997  Y= 990 Y2=1023 P1=1023 P2=  -1 T1=1023 T2= 916  P=  -1  D=   1 
 X= 885 X2=1016  Y= 985 Y2=1019 P1=1020 P2=  -1 T1=1019 T2= 939  P=  -1  D=   1 
 X= 961 X2=1023  Y= 990 Y2=1019 P1=1023 P2=  -1 T1=1018 T2= 931  P=  -1  D=   1 
 X= 992 X2=1023  Y= 986 Y2=1023 P1=1023 P2=  -1 T1=1023 T2= 918  P=  -1  D=   1 
 X= 999 X2=1023  Y=1017 Y2=1019 P1=1023 P2=  -1 T1=1019 T2=1010  P=  -1  D=   1 
 X= 974 X2=1019  Y= 993 Y2=1020 P1=1023 P2=  -1 T1=1023 T2= 920  P=  -1  D=   1 
 X= 958 X2=1015  Y= 997 Y2=1023 P1=1023 P2=  -1 T1=1019 T2= 933  P=  -1  D=   1 
 X= 976 X2= 988  Y= 991 Y2=1023 P1=1023 P2=  -1 T1=1023 T2= 938  P=  -1  D=   1 
 X= 875 X2=1012  Y= 982 Y2=1020 P1=1023 P2=  -1 T1=1020 T2= 932  P=  -1  D=   1 
 X=1023 X2= 996  Y= 996 Y2=1021 P1=1023 P2=  -1 T1=1023 T2= 912  P=  -1  D=   1 
 X= 949 X2=1023  Y= 976 Y2=1019 P1=1023 P2=  -1 T1=1020 T2= 918  P=  -1  D=   1 
 X= 999 X2=1021  Y= 978 Y2=1023 P1=1023 P2=  -1 T1=1023 T2= 931  P=  -1  D=   1 
 X= 980 X2=1017  Y= 985 Y2=1023 P1=1023 P2=  -1 T1=1022 T2= 907  P=  -1  D=   1 
 X=1023 X2=1016  Y= 982 Y2=1020 P1=1023 P2=  -1 T1=1020 T2= 905  P=  -1  D=   1 
 X=1021 X2=1019  Y= 975 Y2=1023 P1=1023 P2=  -1 T1=1023 T2= 937  P=  -1  D=   1 
 X= 999 X2=1006  Y= 985 Y2=1023 P1=1023 P2=  -1 T1=1019 T2= 936  P=  -1  D=   1 
 X= 969 X2=1008  Y= 985 Y2=1020 P1=1023 P2=  -1 T1=1019 T2= 919  P=  -1  D=   1 
 X= 886 X2=1018  Y= 993 Y2=1020 P1=1023 P2=  -1 T1=1023 T2= 904  P=  -1  D=   1 
 X= 938 X2=1020  Y= 977 Y2=1020 P1=1023 P2=  -1 T1=1023 T2= 888  P=  -1  D=   1 
 X= 927 X2=1023  Y= 983 Y2=1023 P1=1023 P2=  -1 T1=1023 T2= 902  P=  -1  D=   1 
 X= 970 X2=1023  Y= 994 Y2=1023 P1=1023 P2=  -1 T1=1023 T2= 910  P=  -1  D=   1 
 X=1013 X2=1017  Y= 987 Y2=1019 P1=1023 P2=  -1 T1=1020 T2= 931  P=  -1  D=   1 
 X=1022 X2=1017  Y= 996 Y2=1020 P1=1023 P2=  -1 T1=1023 T2= 932  P=  -1  D=   1 
 X= 943 X2= 995  Y= 974 Y2=1023 P1=1023 P2=  -1 T1=1023 T2= 905  P=  -1  D=   1 
 X=1013 X2=1016  Y= 981 Y2=1019 P1=1023 P2=  -1 T1=1020 T2= 922  P=  -1  D=   1 
 X= 878 X2=1023  Y= 978 Y2=1019 P1=1023 P2=  -1 T1=1020 T2= 926  P=  -1  D=   1 
 X= 988 X2=1023  Y= 991 Y2=1019 P1=1023 P2=  -1 T1=1023 T2= 923  P=  -1  D=   1 
 X= 924 X2=1023  Y= 987 Y2=1023 P1=1023 P2=  -1 T1=1023 T2= 927  P=  -1  D=   1 
 X= 912 X2=1021  Y= 992 Y2=1023 P1=1023 P2=  -1 T1=1018 T2= 915  P=  -1  D=   1 
 X=1016 X2=1014  Y=1001 Y2=1023 P1=1023 P2=  -1 T1=1020 T2= 928  P=  -1  D=   1 
 X= 869 X2=1023  Y= 997 Y2=1023 P1=1023 P2=  -1 T1=1020 T2= 919  P=  -1  D=   1 
 X= 942 X2= 996  Y= 991 Y2=1019 P1=1023 P2=  -1 T1=1019 T2= 908  P=  -1  D=   1 
 X= 989 X2=1007  Y= 992 Y2=1019 P1=1023 P2=  -1 T1=1020 T2= 937  P=  -1  D=   1 
 X= 981 X2=1016  Y= 983 Y2=1018 P1=1023 P2=  -1 T1=1019 T2= 927  P=  -1  D=   1 
 X=1009 X2=1014  Y= 983 Y2=1023 P1=1023 P2=  -1 T1=1023 T2= 924  P=  -1  D=   1 
 X= 821 X2=1017  Y= 985 Y2=1023 P1=1023 P2=  -1 T1=1020 T2= 929  P=  -1  D=   1 
 X= 989 X2=1008  Y= 991 Y2=1023 P1=1023 P2=  -1 T1=1023 T2= 922  P=  -1  D=   1 
 X= 873 X2=1023  Y= 988 Y2=1019 P1=1023 P2=  -1 T1=1020 T2= 935  P=  -1  D=   1 
 X=1023 X2=1007  Y= 988 Y2=1023 P1=1023 P2=  -1 T1=1020 T2= 926  P=  -1  D=   1 
 X=1012 X2= 995  Y= 980 Y2=1018 P1=1023 P2=  -1 T1=1020 T2= 941  P=  -1  D=   1 
 X= 994 X2=1023  Y= 990 Y2=1019 P1=1023 P2=  -1 T1=1020 T2= 935  P=  -1  D=   1 
 X= 883 X2=1023  Y= 987 Y2=1020 P1=1023 P2=  -1 T1=1023 T2= 916  P=  -1  D=   1 
 X=1003 X2=1021  Y= 989 Y2=1023 P1=1023 P2=  -1 T1=1020 T2= 945  P=  -1  D=   1 
 X= 895 X2=1023  Y= 991 Y2=1020 P1=1023 P2=  -1 T1=1023 T2= 912  P=  -1  D=   1 
 X= 953 X2= 994  Y= 990 Y2=1023 P1=1023 P2=  -1 T1=1023 T2= 918  P=  -1  D=   1 
 X=1023 X2=1009  Y= 984 Y2=1023 P1=1023 P2=  -1 T1=1020 T2= 949  P=  -1  D=   1 
 X= 832 X2=1023  Y= 983 Y2=1019 P1=1023 P2=  -1 T1=1023 T2= 913  P=  -1  D=   1 
 X= 951 X2=1002  Y= 998 Y2=1020 P1=1023 P2=  -1 T1=1023 T2= 941  P=  -1  D=   1 
 X=1023 X2=1014  Y= 984 Y2=1019 P1=1023 P2=  -1 T1=1023 T2= 914  P=  -1  D=   1 
 X= 987 X2=1014  Y= 995 Y2=1023 P1=1023 P2=  -1 T1=1019 T2= 918  P=  -1  D=   1 
 X=1012 X2=1016  Y=1004 Y2=1019 P1=1023 P2=  -1 T1=1020 T2= 929  P=  -1  D=   1 
 X= 912 X2=1023  Y= 987 Y2=1019 P1=1023 P2=  -1 T1=1020 T2= 929  P=  -1  D=   1 
 X= 920 X2=1023  Y= 988 Y2=1019 P1=1023 P2=  -1 T1=1019 T2= 934  P=  -1  D=   1 
 X= 967 X2=1023  Y= 985 Y2=1023 P1=1023 P2=  -1 T1=1023 T2= 910  P=  -1  D=   1 
 X= 940 X2=1023  Y= 983 Y2=1023 P1=1023 P2=  -1 T1=1020 T2= 973  P=  -1  D=   1 
 X= 955 X2=1013  Y= 983 Y2=1023 P1=1023 P2=  -1 T1=1023 T2= 919  P=  -1  D=   1 
 X= 892 X2=1023  Y= 991 Y2=1019 P1=1023 P2=  -1 T1=1023 T2= 932  P=  -1  D=   1 
 X= 974 X2=1022  Y= 993 Y2=1020 P1=1023 P2=  -1 T1=1018 T2= 902  P=  -1  D=   1 
 X= 904 X2=1023  Y= 979 Y2=1023 P1=1023 P2=  -1 T1=1023 T2= 937  P=  -1  D=   1 
 X= 924 X2=1021  Y= 994 Y2=1023 P1=1023 P2=  -1 T1=1023 T2= 916  P=  -1  D=   1 
 X= 962 X2=1002  Y= 990 Y2=1023 P1=1023 P2=  -1 T1=1020 T2= 942  P=  -1  D=   1 
 X= 998 X2=1011  Y= 991 Y2=1018 P1=1023 P2=  -1 T1=1023 T2= 932  P=  -1  D=   1 
 X= 929 X2=1021  Y= 987 Y2=1019 P1=1023 P2=  -1 T1=1017 T2= 901  P=  -1  D=   1 
 X= 963 X2=1023  Y= 982 Y2=1023 P1=1023 P2=  -1 T1=1023 T2= 912  P=  -1  D=   1 
 X= 989 X2=1023  Y= 993 Y2=1023 P1=1023 P2=  -1 T1=1020 T2= 916  P=  -1  D=   1 
 X= 925 X2=1018  Y= 986 Y2=1019 P1=1023 P2=  -1 T1=1019 T2= 940  P=  -1  D=   1 
 X=1023 X2=1014  Y= 992 Y2=1023 P1=1023 P2=  -1 T1=1023 T2= 915  P=  -1  D=   1 
 X= 885 X2=1023  Y= 979 Y2=1019 P1=1023 P2=  -1 T1=1019 T2= 910  P=  -1  D=   1 
 X= 940 X2= 992  Y= 986 Y2=1020 P1=1023 P2=  -1 T1=1023 T2= 918  P=  -1  D=   1 
 X= 884 X2=1023  Y= 987 Y2=1020 P1=1023 P2=  -1 T1=1023 T2= 926  P=  -1  D=   1 
 X= 958 X2=1006  Y= 992 Y2=1019 P1=1023 P2=  -1 T1=1020 T2= 928  P=  -1  D=   1 
 X= 820 X2=1023  Y= 985 Y2=1019 P1=1023 P2=  -1 T1=1023 T2= 930  P=  -1  D=   1 
 X= 998 X2=1023  Y=1001 Y2=1018 P1=1023 P2=  -1 T1=1019 T2= 945  P=  -1  D=   1 
 X= 940 X2=1023  Y= 982 Y2=1023 P1=1023 P2=  -1 T1=1023 T2= 899  P=  -1  D=   1 
 X= 984 X2=1023  Y= 991 Y2=1018 P1=1023 P2=  -1 T1=1023 T2= 930  P=  -1  D=   1 
 X= 950 X2=1003  Y= 972 Y2=1018 P1=1023 P2=  -1 T1=1020 T2= 913  P=  -1  D=   1 
 X=1015 X2=1005  Y= 994 Y2=1023 P1=1023 P2=  -1 T1=1020 T2= 917  P=  -1  D=   1 
 X=1021 X2=1007  Y= 960 Y2=1023 P1=1023 P2=  -1 T1=1023 T2= 960  P=  -1  D=   1 
 X=1009 X2=1020  Y= 990 Y2=1019 P1=1023 P2=  -1 T1=1023 T2= 923  P=  -1  D=   1 
 X=1021 X2=1013  Y= 998 Y2=1023 P1=1023 P2=  -1 T1=1023 T2= 935  P=  -1  D=   1 
 X= 882 X2=1023  Y= 982 Y2=1023 P1=1023 P2=  -1 T1=1023 T2= 913  P=  -1  D=   1 
 X=1023 X2=1004  Y= 982 Y2=1023 P1=1023 P2=  -1 T1=1023 T2= 925  P=  -1  D=   1 
 X= 961 X2=1023  Y= 998 Y2=1020 P1=1023 P2=  -1 T1=1023 T2= 939  P=  -1  D=   1 
 X= 968 X2=1021  Y= 983 Y2=1020 P1=1023 P2=  -1 T1=1023 T2= 919  P=  -1  D=   1 
 X= 935 X2=1020  Y= 985 Y2=1023 P1=1023 P2=  -1 T1=1023 T2= 919  P=  -1  D=   1 
 X=1015 X2=1014  Y= 993 Y2=1023 P1=1023 P2=  -1 T1=1023 T2= 923  P=  -1  D=   1 
 X= 996 X2=1007  Y= 957 Y2=1023 P1=1023 P2=  -1 T1=1020 T2= 888  P=  -1  D=   1 
 X= 907 X2=1023  Y= 985 Y2=1022 P1=1023 P2=  -1 T1=1020 T2= 912  P=  -1  D=   1 
 X=1002 X2=1019  Y= 995 Y2=1020 P1=1023 P2=  -1 T1=1023 T2= 927  P=  -1  D=   1 
 X=1023 X2=1004  Y= 985 Y2=1020 P1=1023 P2=  -1 T1=1023 T2= 934  P=  -1  D=   1 
 X= 887 X2=1023  Y= 988 Y2=1023 P1=1023 P2=  -1 T1=1020 T2= 921  P=  -1  D=   1 
 X= 958 X2=1023  Y= 984 Y2=1022 P1=1023 P2=  -1 T1=1020 T2= 922  P=  -1  D=   1 
 X= 933 X2=1022  Y=1001 Y2=1023 P1=1023 P2=  -1 T1=1019 T2= 932  P=  -1  D=   1 
 X= 872 X2=1021  Y= 974 Y2=1023 P1=1023 P2=  -1 T1=1023 T2= 922  P=  -1  D=   1 
 X= 967 X2=1008  Y= 980 Y2=1023 P1=1023 P2=  -1 T1=1019 T2= 904  P=  -1  D=   1 
 X= 966 X2=1014  Y= 986 Y2=1018 P1=1023 P2=  -1 T1=1023 T2= 924  P=  -1  D=   1 
 X= 837 X2=1023  Y= 987 Y2=1020 P1=1023 P2=  -1 T1=1020 T2= 934  P=  -1  D=   1 
 X= 916 X2=1023  Y= 981 Y2=1020 P1=1023 P2=  -1 T1=1022 T2= 926  P=  -1  D=   1 
 X= 932 X2=1020  Y= 993 Y2=1023 P1=1023 P2=  -1 T1=1023 T2= 912  P=  -1  D=   1 
 X= 999 X2=1013  Y= 981 Y2=1023 P1=1023 P2=  -1 T1=1023 T2= 918  P=  -1  D=   1 
 X= 932 X2=1023  Y= 993 Y2=1019 P1=1023 P2=  -1 T1=1019 T2= 932  P=  -1  D=   1 
 X=1023 X2= 996  Y= 996 Y2=1023 P1=1023 P2=  -1 T1=1019 T2= 912  P=  -1  D=   1 
 X= 873 X2=1022  Y= 989 Y2=1023 P1=1023 P2=  -1 T1=1020 T2= 940  P=  -1  D=   1 
 X= 931 X2=1023  Y= 989 Y2=1023 P1=1023 P2=  -1 T1=1020 T2= 941  P=  -1  D=   1 
 X=1021 X2=1021  Y= 991 Y2=1020 P1=1023 P2=  -1 T1=1019 T2= 956  P=  -1  D=   1 
 X= 969 X2=1017  Y=1014 Y2=1019 P1=1023 P2=  -1 T1=1023 T2=1019  P=  -1  D=   1 
 X=1016 X2=1008  Y= 981 Y2=1019 P1=1023 P2=  -1 T1=1022 T2= 927  P=  -1  D=   1 
 X= 927 X2=1022  Y= 990 Y2=1020 P1=1023 P2=  -1 T1=1019 T2= 931  P=  -1  D=   1 
 X=1016 X2=1018  Y= 987 Y2=1019 P1=1023 P2=  -1 T1=1023 T2= 929  P=  -1  D=   1 
 X= 919 X2=1023  Y= 989 Y2=1023 P1=1023 P2=  -1 T1=1020 T2= 933  P=  -1  D=   1 
 X= 975 X2=1020  Y= 969 Y2=1023 P1=1023 P2=  -1 T1=1023 T2= 927  P=  -1  D=   1 
 X=1023 X2=1013  Y= 980 Y2=1023 P1=1023 P2=  -1 T1=1023 T2= 920  P=  -1  D=   1 
 X= 922 X2=1023  Y= 994 Y2=1020 P1=1023 P2=  -1 T1=1019 T2= 914  P=  -1  D=   1 
 X= 984 X2= 995  Y= 969 Y2=1018 P1=1023 P2=  -1 T1=1021 T2= 898  P=  -1  D=   1 
 X=1015 X2=1009  Y= 990 Y2=1019 P1=1023 P2=  -1 T1=1023 T2= 918  P=  -1  D=   1 
 X=1020 X2=1015  Y= 978 Y2=1020 P1=1023 P2=  -1 T1=1021 T2= 911  P=  -1  D=   1 
 X= 948 X2=1005  Y= 968 Y2=1023 P1=1023 P2=  -1 T1=1020 T2= 936  P=  -1  D=   1 
 X= 953 X2=1023  Y= 994 Y2=1022 P1=1023 P2=  -1 T1=1019 T2= 934  P=  -1  D=   1 
 X= 955 X2=1023  Y= 980 Y2=1023 P1=1023 P2=  -1 T1=1023 T2= 914  P=  -1  D=   1 
 X= 945 X2=1021  Y= 980 Y2=1019 P1=1023 P2=  -1 T1=1020 T2= 916  P=  -1  D=   1 
 X=1023 X2=1022  Y=1001 Y2=1023 P1=1023 P2=  -1 T1=1020 T2= 927  P=  -1  D=   1 
 X= 894 X2=1023  Y= 987 Y2=1023 P1=1023 P2=  -1 T1=1023 T2= 941  P=  -1  D=   1 
 X=1023 X2= 996  Y= 988 Y2=1019 P1=1023 P2=  -1 T1=1023 T2= 906  P=  -1  D=   1 
 X= 953 X2=1021  Y= 974 Y2=1019 P1=1023 P2=  -1 T1=1020 T2= 919  P=  -1  D=   1 
 X= 994 X2=1023  Y= 973 Y2=1023 P1=1023 P2=  -1 T1=1023 T2= 927  P=  -1  D=   1 
 X=1016 X2=1008  Y= 966 Y2=1023 P1=1023 P2=  -1 T1=1019 T2= 882  P=  -1  D=   1 
 X= 972 X2=1020  Y= 987 Y2=1020 P1=1023 P2=  -1 T1=1023 T2= 937  P=  -1  D=   1 
 X=1023 X2=1023  Y= 987 Y2=1019 P1=1023 P2=  -1 T1=1019 T2= 933  P=  -1  D=   1 
 X= 872 X2=1019  Y= 992 Y2=1019 P1=1023 P2=  -1 T1=1020 T2= 938  P=  -1  D=   1 
 X= 985 X2=1023  Y= 980 Y2=1023 P1=1023 P2=  -1 T1=1023 T2= 917  P=  -1  D=   1 
 X=1020 X2=1023  Y= 986 Y2=1018 P1=1023 P2=  -1 T1=1023 T2= 907  P=  -1  D=   1 
 X= 887 X2=1017  Y= 978 Y2=1023 P1=1023 P2=  -1 T1=1023 T2= 919  P=  -1  D=   1 
 X= 973 X2= 995  Y= 981 Y2=1019 P1=1023 P2=  -1 T1=1023 T2= 916  P=  -1  D=   1 
 X= 871 X2=1020  Y= 984 Y2=1023 P1=1023 P2=  -1 T1=1022 T2= 910  P=  -1  D=   1 
 X= 913 X2=1021  Y= 996 Y2=1020 P1=1023 P2=  -1 T1=1019 T2= 906  P=  -1  D=   1 
 X= 807 X2=1023  Y= 986 Y2=1019 P1=1023 P2=  -1 T1=1021 T2= 916  P=  -1  D=   1 
 X= 884 X2=1017  Y= 982 Y2=1019 P1=1023 P2=  -1 T1=1020 T2= 918  P=  -1  D=   1 
 X= 949 X2= 995  Y= 981 Y2=1019 P1=1023 P2=  -1 T1=1023 T2= 908  P=  -1  D=   1 
 X=1022 X2=1012  Y= 985 Y2=1021 P1=1023 P2=  -1 T1=1023 T2= 922  P=  -1  D=   1 
 X= 976 X2=1014  Y= 982 Y2=1018 P1=1023 P2=  -1 T1=1023 T2= 934  P=  -1  D=   1 
 X= 875 X2=1023  Y= 976 Y2=1022 P1=1023 P2=  -1 T1=1021 T2= 930  P=  -1  D=   1 
 X= 926 X2=1021  Y= 980 Y2=1023 P1=1023 P2=  -1 T1=1023 T2= 923  P=  -1  D=   1 
 X= 958 X2=1001  Y= 977 Y2=1023 P1=1023 P2=  -1 T1=1020 T2= 928  P=  -1  D=   1 
 X= 942 X2=1023  Y= 989 Y2=1019 P1=1023 P2=  -1 T1=1023 T2= 920  P=  -1  D=   1 
 X= 931 X2=1023  Y= 994 Y2=1019 P1=1023 P2=  -1 T1=1019 T2= 937  P=  -1  D=   1 
 X= 960 X2=1008  Y= 981 Y2=1020 P1=1023 P2=  -1 T1=1023 T2= 906  P=  -1  D=   1 
 X=1021 X2=1017  Y= 988 Y2=1023 P1=1023 P2=  -1 T1=1023 T2= 926  P=  -1  D=   1 
 X= 812 X2=1023  Y= 987 Y2=1023 P1=1023 P2=  -1 T1=1023 T2= 921  P=  -1  D=   1 
 X= 874 X2=1021  Y= 973 Y2=1023 P1=1023 P2=  -1 T1=1020 T2= 921  P=  -1  D=   1 
 X= 983 X2=1004  Y= 995 Y2=1023 P1=1023 P2=  -1 T1=1023 T2= 929  P=  -1  D=   1 
 X= 839 X2=1023  Y=1017 Y2=1019 P1=1023 P2=  -1 T1=1023 T2= 925  P=  -1  D=   1 
 X= 863 X2=1023  Y= 992 Y2=1019 P1=1023 P2=  -1 T1=1023 T2= 927  P=  -1  D=   1 
 X= 875 X2=1023  Y=1002 Y2=1019 P1=1023 P2=  -1 T1=1023 T2= 944  P=  -1  D=   1 
 X= 958 X2=1022  Y= 965 Y2=1023 P1=1023 P2=  -1 T1=1020 T2= 926  P=  -1  D=   1 
 X= 939 X2=1023  Y= 989 Y2=1023 P1=1023 P2=  -1 T1=1023 T2= 936  P=  -1  D=   1 
 X=1023 X2=1019  Y= 996 Y2=1019 P1=1023 P2=  -1 T1=1020 T2= 917  P=  -1  D=   1 
 X=1023 X2=1022  Y= 983 Y2=1020 P1=1023 P2=  -1 T1=1019 T2= 916  P=  -1  D=   1 
 X= 937 X2=1015  Y= 998 Y2=1018 P1=1023 P2=  -1 T1=1020 T2= 920  P=  -1  D=   1 
 X= 969 X2=1006  Y= 994 Y2=1023 P1=1023 P2=  -1 T1=1023 T2= 935  P=  -1  D=   1 
 X= 869 X2=1023  Y= 993 Y2=1019 P1=1023 P2=  -1 T1=1020 T2= 924  P=  -1  D=   1 
 X= 912 X2=1021  Y= 987 Y2=1021 P1=1023 P2=  -1 T1=1017 T2= 909  P=  -1  D=   1 
 X=1020 X2=1011  Y= 987 Y2=1023 P1=1023 P2=  -1 T1=1020 T2= 923  P=  -1  D=   1 
 X=1022 X2=1007  Y= 999 Y2=1023 P1=1023 P2=  -1 T1=1023 T2= 929  P=  -1  D=   1 
 X=1023 X2=1014  Y= 989 Y2=1020 P1=1023 P2=  -1 T1=1018 T2= 935  P=  -1  D=   1 
 X= 942 X2=1023  Y= 957 Y2=1020 P1=1023 P2=  -1 T1=1023 T2= 916  P=  -1  D=   1 
 X=1002 X2=1023  Y= 990 Y2=1019 P1=1023 P2=  -1 T1=1020 T2= 927  P=  -1  D=   1 
 X= 994 X2=1018  Y= 995 Y2=1023 P1=1023 P2=  -1 T1=1020 T2= 932  P=  -1  D=   1 
 X= 948 X2=1020  Y= 987 Y2=1020 P1=1023 P2=  -1 T1=1019 T2= 906  P=  -1  D=   1 
 X= 968 X2=1022  Y= 995 Y2=1023 P1=1023 P2=  -1 T1=1020 T2= 933  P=  -1  D=   1 
 X= 911 X2=1022  Y= 984 Y2=1018 P1=1023 P2=  -1 T1=1019 T2= 916  P=  -1  D=   1 
 X= 952 X2=1023  Y= 967 Y2=1018 P1=1023 P2=  -1 T1=1019 T2= 912  P=  -1  D=   1 
 X=1020 X2=1013  Y= 986 Y2=1019 P1=1023 P2=  -1 T1=1023 T2= 927  P=  -1  D=   1 
 X= 987 X2=1023  Y= 985 Y2=1019 P1=1023 P2=  -1 T1=1018 T2= 933  P=  -1  D=   1 
 X=1020 X2=1018  Y= 994 Y2=1020 P1=1023 P2=  -1 T1=1020 T2= 933  P=  -1  D=   1 
 X=1023 X2=1011  Y= 971 Y2=1023 P1=1023 P2=  -1 T1=1020 T2= 892  P=  -1  D=   1 
 X= 833 X2=1023  Y= 993 Y2=1023 P1=1023 P2=  -1 T1=1020 T2= 890  P=  -1  D=   1 
 X=1023 X2=1013  Y= 969 Y2=1023 P1=1023 P2=  -1 T1=1020 T2= 928  P=  -1  D=   1 
 X= 948 X2=1022  Y= 985 Y2=1023 P1=1023 P2=  -1 T1=1020 T2= 929  P=  -1  D=   1 
 X= 897 X2=1023  Y= 991 Y2=1023 P1=1023 P2=  -1 T1=1023 T2= 925  P=  -1  D=   1 
 X= 959 X2=1023  Y= 998 Y2=1019 P1=1023 P2=  -1 T1=1020 T2= 908  P=  -1  D=   1 
 X= 965 X2=1023  Y= 983 Y2=1019 P1=1023 P2=  -1 T1=1021 T2= 929  P=  -1  D=   1 
 X=1015 X2=1016  Y= 989 Y2=1023 P1=1023 P2=  -1 T1=1023 T2= 944  P=  -1  D=   1 
 X= 961 X2=1005  Y= 990 Y2=1023 P1=1023 P2=  -1 T1=1023 T2= 928  P=  -1  D=   1 
 X=1021 X2= 990  Y= 983 Y2=1018 P1=1023 P2=  -1 T1=1019 T2= 915  P=  -1  D=   1 
 X= 899 X2=1023  Y= 989 Y2=1022 P1=1023 P2=  -1 T1=1019 T2= 889  P=  -1  D=   1 
 X= 993 X2=1023  Y= 973 Y2=1023 P1=1023 P2=  -1 T1=1023 T2= 898  P=  -1  D=   1 
 X=1023 X2=1003  Y= 993 Y2=1023 P1=1023 P2=  -1 T1=1023 T2= 932  P=  -1  D=   1 
 X= 876 X2=1023  Y= 992 Y2=1019 P1=1023 P2=  -1 T1=1023 T2= 910  P=  -1  D=   1 
 X= 890 X2=1023  Y= 982 Y2=1023 P1=1023 P2=  -1 T1=1023 T2= 928  P=  -1  D=   1 
 X= 895 X2=1022  Y= 997 Y2=1023 P1=1023 P2=  -1 T1=1023 T2= 938  P=  -1  D=   1 
 X= 916 X2=1023  Y= 987 Y2=1023 P1=1023 P2=  -1 T1=1023 T2= 923  P=  -1  D=   1 
 X= 998 X2=1023  Y= 974 Y2=1023 P1=1023 P2=  -1 T1=1023 T2= 911  P=  -1  D=   1 
 X= 948 X2=1011  Y= 992 Y2=1019 P1=1023 P2=  -1 T1=1023 T2= 930  P=  -1  D=   1 
 X= 971 X2=1023  Y= 988 Y2=1020 P1=1023 P2=  -1 T1=1023 T2= 921  P=  -1  D=   1 
 X= 913 X2=1023  Y= 996 Y2=1023 P1=1023 P2=  -1 T1=1018 T2= 909  P=  -1  D=   1 
 X= 933 X2=1017  Y= 989 Y2=1019 P1=1023 P2=  -1 T1=1021 T2= 923  P=  -1  D=   1 
 X= 938 X2=1023  Y= 992 Y2=1018 P1=1023 P2=  -1 T1=1021 T2= 931  P=  -1  D=   1 
 X=1002 X2=1021  Y= 993 Y2=1023 P1=1023 P2=  -1 T1=1023 T2= 942  P=  -1  D=   1 
 X= 943 X2=1023  Y= 983 Y2=1023 P1=1023 P2=  -1 T1=1023 T2= 923  P=  -1  D=   1 
 X=1023 X2=1015  Y= 976 Y2=1020 P1=1023 P2=  -1 T1=1020 T2= 903  P=  -1  D=   1 
 X= 906 X2=1023  Y= 990 Y2=1023 P1=1023 P2=  -1 T1=1019 T2= 933  P=  -1  D=   1 
 X=1021 X2=1015  Y= 988 Y2=1023 P1=1022 P2=  -1 T1=1022 T2= 911  P=  -1  D=   1 
 X=1019 X2=1019  Y= 983 Y2=1020 P1=1023 P2=  -1 T1=1021 T2= 930  P=  -1  D=   1 
 X= 976 X2=1023  Y= 984 Y2=1020 P1=1023 P2=  -1 T1=1019 T2= 909  P=  -1  D=   1 
 X=1021 X2=1016  Y= 982 Y2=1018 P1=1023 P2=  -1 T1=1019 T2= 917  P=  -1  D=   1 
 X=1003 X2=1005  Y= 987 Y2=1020 P1=1023 P2=  -1 T1=1020 T2= 929  P=  -1  D=   1 
 X=1015 X2=1021  Y=1020 Y2=1023 P1=1023 P2=  -1 T1=1021 T2=1023  P=  -1  D=   1 
 X= 891 X2=1023  Y= 990 Y2=1019 P1=1023 P2=  -1 T1=1023 T2= 921  P=  -1  D=   1 
 X=1023 X2=1018  Y= 983 Y2=1023 P1=1022 P2=  -1 T1=1020 T2= 925  P=  -1  D=   1 
 X=1018 X2= 994  Y= 985 Y2=1019 P1=1023 P2=  -1 T1=1020 T2= 929  P=  -1  D=   1 
 X=1001 X2=1013  Y= 973 Y2=1023 P1=1023 P2=  -1 T1=1023 T2= 929  P=  -1  D=   1 
 X= 899 X2=1023  Y= 993 Y2=1023 P1=1023 P2=  -1 T1=1020 T2= 928  P=  -1  D=   1 
 X= 981 X2=1022  Y= 983 Y2=1020 P1=1023 P2=  -1 T1=1020 T2= 914  P=  -1  D=   1 
 X=1016 X2=1022  Y= 973 Y2=1020 P1=1023 P2=  -1 T1=1022 T2= 905  P=  -1  D=   1 
 X= 828 X2=1023  Y= 984 Y2=1018 P1=1023 P2=  -1 T1=1021 T2= 922  P=  -1  D=   1 
 X= 996 X2= 996  Y= 981 Y2=1023 P1=1023 P2=  -1 T1=1020 T2= 920  P=  -1  D=   1 
 X= 993 X2=1023  Y= 997 Y2=1020 P1=1023 P2=  -1 T1=1019 T2= 940  P=  -1  D=   1 
 X= 844 X2=1023  Y= 984 Y2=1023 P1=1023 P2=  -1 T1=1019 T2= 921  P=  -1  D=   1 
 X= 993 X2=1023  Y= 991 Y2=1023 P1=1023 P2=  -1 T1=1023 T2= 914  P=  -1  D=   1 
 X= 979 X2=1021  Y= 973 Y2=1023 P1=1023 P2=  -1 T1=1019 T2= 921  P=  -1  D=   1 
 X= 948 X2=1002  Y= 974 Y2=1023 P1=1023 P2=  -1 T1=1023 T2= 930  P=  -1  D=   1 
 X=1002 X2=1023  Y=1005 Y2=1023 P1=1023 P2=  -1 T1=1023 T2= 924  P=  -1  D=   1 
 X= 988 X2=1023  Y= 991 Y2=1019 P1=1023 P2=  -1 T1=1023 T2= 921  P=  -1  D=   1 
 X= 979 X2=1023  Y= 990 Y2=1023 P1=1023 P2=  -1 T1=1021 T2= 918  P=  -1  D=   1 
 X=1023 X2=1019  Y= 987 Y2=1019 P1=1023 P2=  -1 T1=1023 T2= 917  P=  -1  D=   1 
 X=1007 X2=1014  Y= 973 Y2=1019 P1=1023 P2=  -1 T1=1023 T2= 917  P=  -1  D=   1 
 X=1023 X2=1023  Y= 993 Y2=1021 P1=1023 P2=  -1 T1=1023 T2= 910  P=  -1  D=   1 
 X= 898 X2=1023  Y= 983 Y2=1023 P1=1023 P2=  -1 T1=1020 T2= 916  P=  -1  D=   1 
 X= 915 X2=1023  Y= 988 Y2=1023 P1=1023 P2=  -1 T1=1019 T2= 936  P=  -1  D=   1 
 X=1009 X2=1008  Y= 996 Y2=1019 P1=1023 P2=  -1 T1=1019 T2= 973  P=  -1  D=   1 
 X= 945 X2=1009  Y= 985 Y2=1021 P1=1023 P2=  -1 T1=1023 T2= 931  P=  -1  D=   1 
 X=1001 X2=1015  Y= 999 Y2=1020 P1=1023 P2=  -1 T1=1023 T2= 919  P=  -1  D=   1 
 X=1016 X2=1002  Y= 993 Y2=1023 P1=1023 P2=  -1 T1=1019 T2= 887  P=  -1  D=   1 
 X= 983 X2=1007  Y= 980 Y2=1022 P1=1023 P2=  -1 T1=1023 T2= 912  P=  -1  D=   1 
 X= 953 X2=1023  Y= 987 Y2=1019 P1=1023 P2=  -1 T1=1020 T2= 928  P=  -1  D=   1 
 X=1023 X2=1014  Y= 978 Y2=1018 P1=1023 P2=  -1 T1=1019 T2= 925  P=  -1  D=   1 
 X= 976 X2=1008  Y= 991 Y2=1020 P1=1023 P2=  -1 T1=1023 T2= 919  P=  -1  D=   1 
 X= 974 X2= 990  Y= 987 Y2=1023 P1=1023 P2=  -1 T1=1023 T2= 914  P=  -1  D=   1 
 X= 838 X2=1022  Y= 993 Y2=1019 P1=1023 P2=  -1 T1=1023 T2= 920  P=  -1  D=   1 
 X= 997 X2=1002  Y= 991 Y2=1023 P1=1023 P2=  -1 T1=1023 T2= 932  P=  -1  D=   1 
 X= 887 X2=1022  Y= 988 Y2=1023 P1=1023 P2=  -1 T1=1020 T2= 941  P=  -1  D=   1 
 X= 897 X2=1021  Y= 985 Y2=1019 P1=1023 P2=  -1 T1=1019 T2= 930  P=  -1  D=   1 
 X= 967 X2=1023  Y= 985 Y2=1023 P1=1023 P2=  -1 T1=1023 T2= 908  P=  -1  D=   1 
 X= 904 X2=1023  Y= 986 Y2=1020 P1=1023 P2=  -1 T1=1019 T2= 915  P=  -1  D=   1 
 X= 917 X2=1023  Y= 986 Y2=1023 P1=1023 P2=  -1 T1=1019 T2= 929  P=  -1  D=   1 
 X= 960 X2= 993  Y= 978 Y2=1023 P1=1023 P2=  -1 T1=1020 T2= 937  P=  -1  D=   1 
 X=1016 X2=1008  Y= 995 Y2=1019 P1=1022 P2=  -1 T1=1021 T2= 918  P=  -1  D=   1 
 X= 940 X2=1017  Y= 977 Y2=1018 P1=1023 P2=  -1 T1=1023 T2= 931  P=  -1  D=   1 
 X= 957 X2=1021  Y= 984 Y2=1023 P1=1023 P2=  -1 T1=1023 T2= 916  P=  -1  D=   1 
 X=1023 X2=1003  Y= 979 Y2=1019 P1=1023 P2=  -1 T1=1020 T2= 930  P=  -1  D=   1 
 X= 825 X2=1023  Y= 977 Y2=1020 P1=1023 P2=  -1 T1=1023 T2= 927  P=  -1  D=   1 
 X= 975 X2=1023  Y= 996 Y2=1020 P1=1023 P2=  -1 T1=1023 T2= 939  P=  -1  D=   1 
 X= 981 X2=1019  Y= 993 Y2=1019 P1=1023 P2=  -1 T1=1023 T2= 943  P=  -1  D=   1 
 X= 947 X2=1023  Y= 977 Y2=1021 P1=1023 P2=  -1 T1=1020 T2= 924  P=  -1  D=   1 
 X=1011 X2=1018  Y= 972 Y2=1023 P1=1023 P2=  -1 T1=1020 T2= 931  P=  -1  D=   1 
 X= 940 X2=1023  Y= 985 Y2=1017 P1=1023 P2=  -1 T1=1023 T2= 927  P=  -1  D=   1 
 X= 959 X2=1007  Y= 991 Y2=1020 P1=1023 P2=  -1 T1=1019 T2= 939  P=  -1  D=   1 
 X= 820 X2=1023  Y= 979 Y2=1023 P1=1023 P2=  -1 T1=1020 T2= 938  P=  -1  D=   1 
 X=1001 X2= 995  Y= 988 Y2=1019 P1=1023 P2=  -1 T1=1023 T2= 942  P=  -1  D=   1 
 X= 964 X2=1023  Y= 992 Y2=1020 P1=1023 P2=  -1 T1=1023 T2= 885  P=  -1  D=   1 
 X=1002 X2=1009  Y= 981 Y2=1019 P1=1023 P2=  -1 T1=1023 T2= 908  P=  -1  D=   1 
 X= 907 X2=1023  Y= 981 Y2=1020 P1=1023 P2=  -1 T1=1023 T2= 915  P=  -1  D=   1 
 X=1023 X2=1019  Y= 993 Y2=1023 P1=1023 P2=  -1 T1=1020 T2= 948  P=  -1  D=   1 
 X=1020 X2=1004  Y= 986 Y2=1023 P1=1023 P2=  -1 T1=1023 T2= 922  P=  -1  D=   1 
 X= 997 X2=1012  Y= 994 Y2=1019 P1=1023 P2=  -1 T1=1019 T2= 936  P=  -1  D=   1 
 X= 799 X2=1023  Y= 981 Y2=1021 P1=1023 P2=  -1 T1=1023 T2= 927  P=  -1  D=   1 
 X= 864 X2=1023  Y= 992 Y2=1023 P1=1023 P2=  -1 T1=1020 T2= 921  P=  -1  D=   1 
 X= 975 X2=1023  Y= 994 Y2=1019 P1=1023 P2=  -1 T1=1019 T2= 923  P=  -1  D=   1 
 X=1021 X2=1014  Y= 993 Y2=1019 P1=1023 P2=  -1 T1=1019 T2= 936  P=  -1  D=   1 
 X= 960 X2=1023  Y= 974 Y2=1023 P1=1023 P2=  -1 T1=1021 T2= 922  P=  -1  D=   1 
 X= 977 X2=1023  Y= 974 Y2=1023 P1=1023 P2=  -1 T1=1023 T2= 931  P=  -1  D=   1 
 X= 977 X2=1004  Y= 983 Y2=1023 P1=1023 P2=  -1 T1=1023 T2= 931  P=  -1  D=   1 
 X=1019 X2=1018  Y= 962 Y2=1019 P1=1023 P2=  -1 T1=1020 T2= 921  P=  -1  D=   1 
 X=1023 X2=1014  Y= 985 Y2=1019 P1=1019 P2=  -1 T1=1020 T2= 929  P=  -1  D=   1 
 X=1013 X2=1014  Y= 982 Y2=1023 P1=1023 P2=  -1 T1=1020 T2= 912  P=  -1  D=   1 
 X=1023 X2=1006  Y= 985 Y2=1023 P1=1023 P2=  -1 T1=1023 T2= 935  P=  -1  D=   1 
 X= 948 X2= 995  Y= 995 Y2=1023 P1=1023 P2=  -1 T1=1023 T2= 926  P=  -1  D=   1 
 X= 926 X2=1002  Y= 979 Y2=1023 P1=1023 P2=  -1 T1=1019 T2= 908  P=  -1  D=   1 
 X=1021 X2=1016  Y= 971 Y2=1019 P1=1023 P2=  -1 T1=1019 T2= 920  P=  -1  D=   1 
 X= 918 X2=1023  Y=1002 Y2=1020 P1=1023 P2=  -1 T1=1019 T2= 907  P=  -1  D=   1 
 X=1023 X2=1022  Y= 989 Y2=1018 P1=1023 P2=  -1 T1=1019 T2= 937  P=  -1  D=   1 
 X= 981 X2=1023  Y= 981 Y2=1019 P1=1023 P2=  -1 T1=1023 T2= 933  P=  -1  D=   1 
 X= 919 X2=1023  Y= 979 Y2=1023 P1=1023 P2=  -1 T1=1020 T2= 931  P=  -1  D=   1 
 X= 980 X2=1023  Y= 983 Y2=1023 P1=1023 P2=  -1 T1=1023 T2= 955  P=  -1  D=   1 
 X= 940 X2=1020  Y= 989 Y2=1019 P1=1023 P2=  -1 T1=  25 T2= 915  P=  -1  D=   1 * 0
 X= 240 X2= 237  Y= 330 Y2= 323 P1= 708 P2= 153 T1=  22 T2=  51  P=  -1  D=   1 * 0
 X= 238 X2= 236  Y= 327 Y2= 322 P1= 680 P2= 196 T1=  20 T2=  20  P= 585  D=   1 * 0
 X= 242 X2= 240  Y= 330 Y2= 322 P1= 708 P2= 181 T1=  24 T2=  23  P= 701  D=   1 * 0
 X= 238 X2= 236  Y= 326 Y2= 320 P1= 681 P2= 195 T1=  21 T2=  20  P= 590  D=   1 * 1
 X= 239 X2= 235  Y= 328 Y2= 320 P1= 683 P2= 194 T1=  20 T2=  21  P= 597  D=   1 * 2
 X= 237 X2= 235  Y= 326 Y2= 320 P1= 681 P2= 194 T1=  20 T2=  21  P= 592  D=   1 * 3
 X= 245 X2= 236  Y= 326 Y2= 320 P1= 682 P2= 194 T1=  20 T2=  20  P= 603  D=   1 * 4
 X= 238 X2= 235  Y= 327 Y2= 320 P1= 681 P2= 194 T1=  23 T2=  20  P= 592  D=   1 * 5
 X= 238 X2= 236  Y= 327 Y2= 320 P1= 681 P2= 195 T1=  20 T2=  21  P= 590  D=   1 * 6
 X= 238 X2= 236  Y= 326 Y2= 320 P1= 680 P2= 195 T1=  20 T2=  20  P= 589  D=   1 * 7
 X= 234 X2= 236  Y= 326 Y2= 320 P1= 680 P2= 195 T1=  21 T2=  20  P= 584  D=   1 * 8
 X= 238 X2= 236  Y= 326 Y2= 319 P1= 681 P2= 195 T1=  20 T2=  20  P= 590  D=   1 * 9
 X= 238 X2= 234  Y= 327 Y2= 320 P1= 680 P2= 195 T1=  20 T2=  20  P= 586  D=   1 * 10
 X= 238 X2= 235  Y= 326 Y2= 319 P1= 680 P2= 195 T1=  21 T2=  21  P= 586  D=   1 * 11
 X= 239 X2= 236  Y= 326 Y2= 322 P1= 679 P2= 195 T1=  20 T2=  20  P= 588  D=   1 * 12
 X= 238 X2= 236  Y= 326 Y2= 319 P1= 679 P2= 196 T1=  20 T2=  21  P= 583  D=   1 * 13
 X= 238 X2= 235  Y= 327 Y2= 323 P1= 680 P2= 195 T1=  20 T2=  20  P= 586  D=   1 * 14
 X= 238 X2= 236  Y= 326 Y2= 320 P1= 681 P2= 195 T1=  20 T2=  20  P= 590  D=   1 * 15
 X= 238 X2= 236  Y= 327 Y2= 320 P1= 681 P2= 195 T1=  20 T2=  20  P= 590  D=   1 * 16
 X= 239 X2= 235  Y= 326 Y2= 320 P1= 680 P2= 195 T1=  20 T2=  21  P= 589  D=   1 * 17
 X= 237 X2= 236  Y= 326 Y2= 320 P1= 680 P2= 195 T1=  20 T2=  21  P= 586  D=   1 * 18
 X= 238 X2= 236  Y= 326 Y2= 320 P1= 681 P2= 194 T1=  20 T2=  21  P= 594  D=   1 * 19
 X= 239 X2= 236  Y= 327 Y2= 320 P1= 680 P2= 195 T1=  20 T2=  20  P= 589  D=   1 * 20
 X= 238 X2= 235  Y= 326 Y2= 321 P1= 680 P2= 195 T1=  21 T2=  20  P= 586  D=   1 * 21
 X= 238 X2= 235  Y= 327 Y2= 320 P1= 680 P2= 195 T1=  20 T2=  21  P= 586  D=   1 * 22
 X= 239 X2= 237  Y= 329 Y2= 319 P1= 681 P2= 195 T1=  21 T2=  20  P= 593  D=   1 * 23
 X= 238 X2= 236  Y= 326 Y2= 320 P1= 681 P2= 194 T1=  20 T2=  23  P= 594  D=   1 * 24
Remove Pin
 X= 239 X2= 236  Y= 326 Y2= 320 P1= 680 P2= 195 T1=  21 T2=  20  P= 589  D=   1 * 24
 X= 240 X2= 236  Y= 328 Y2= 320 P1= 681 P2= 195 T1=  21 T2=  21  P= 593  D=   1 * 24
 X= 239 X2= 236  Y= 326 Y2= 319 P1= 680 P2= 195 T1=  21 T2=  21  P= 589  D=   1 * 24
 X= 238 X2= 236  Y= 326 Y2= 320 P1= 680 P2= 195 T1=  20 T2=  20  P= 589  D=   1 * 24
 X= 237 X2= 235  Y= 327 Y2= 320 P1= 681 P2= 195 T1=  20 T2=  21  P= 588  D=   1 * 24
 X= 238 X2= 236  Y= 326 Y2= 319 P1= 680 P2= 195 T1=  19 T2=  21  P= 589  D=   1 * 24
 X= 239 X2= 235  Y= 326 Y2= 320 P1= 681 P2= 194 T1=  21 T2=  21  P= 594  D=   1 * 24
 X= 239 X2= 236  Y= 327 Y2= 321 P1= 680 P2= 195 T1=  20 T2=  20  P= 589  D=   1 * 24
 X= 239 X2= 235  Y= 327 Y2= 319 P1= 681 P2= 195 T1=  23 T2=  21  P= 590  D=   1 * 24
 X= 238 X2= 236  Y= 326 Y2= 319 P1= 681 P2= 195 T1=  21 T2=  21  P= 590  D=   1 * 24
 X= 236 X2= 237  Y= 326 Y2= 320 P1= 680 P2= 195 T1=  20 T2=  20  P= 586  D=   1 * 24
 X= 239 X2= 235  Y= 326 Y2= 320 P1= 680 P2= 195 T1=  20 T2=  22  P= 589  D=   1 * 24
 X= 239 X2= 235  Y= 326 Y2= 320 P1= 679 P2= 195 T1=  20 T2=  20  P= 588  D=   1 * 24
 X= 237 X2= 236  Y= 326 Y2= 320 P1= 681 P2= 195 T1=  20 T2=  21  P= 588  D=   1 * 24
 X= 238 X2= 236  Y= 326 Y2= 319 P1= 681 P2= 195 T1=  20 T2=  21  P= 590  D=   1 * 24
 X= 239 X2= 235  Y= 326 Y2= 320 P1= 680 P2= 195 T1=  23 T2=  21  P= 589  D=   1 * 24
 X= 238 X2= 233  Y= 326 Y2= 320 P1= 680 P2= 195 T1=  21 T2=  21  P= 584  D=   1 * 24
 X= 239 X2= 237  Y= 326 Y2= 318 P1= 680 P2= 195 T1=  21 T2=  20  P= 591  D=   1 * 24
 X= 240 X2= 235  Y= 326 Y2= 320 P1= 680 P2= 195 T1=  21 T2=  20  P= 589  D=   1 * 24
 X= 238 X2= 235  Y= 326 Y2= 318 P1= 680 P2= 195 T1=  20 T2=  20  P= 586  D=   1 * 24
 X= 237 X2= 235  Y= 326 Y2= 319 P1= 680 P2= 195 T1=  21 T2=  20  P= 586  D=   1 * 24
 X= 238 X2= 234  Y= 326 Y2= 320 P1= 680 P2= 195 T1=  20 T2=  21  P= 586  D=   1 * 24
 X= 239 X2= 236  Y= 327 Y2= 320 P1= 680 P2= 195 T1=  20 T2=  20  P= 589  D=   1 * 24
 X= 238 X2= 237  Y= 327 Y2= 320 P1= 679 P2= 195 T1=  21 T2=  20  P= 588  D=   1 * 24
 X= 239 X2= 236  Y= 327 Y2= 319 P1= 680 P2= 195 T1=  20 T2=  22  P= 589  D=   1 * 24
 X= 239 X2= 236  Y= 327 Y2= 320 P1= 680 P2= 195 T1=  21 T2=  21  P= 589  D=   1 * 24
 X= 238 X2= 236  Y= 327 Y2= 320 P1= 681 P2= 195 T1=  20 T2=  19  P= 590  D=   1 * 24
 X= 238 X2= 236  Y= 327 Y2= 320 P1= 681 P2= 195 T1=  21 T2=  21  P= 590  D=   1 * 24
 X= 237 X2= 236  Y= 327 Y2= 320 P1= 680 P2= 195 T1=  20 T2=  21  P= 586  D=   1 * 24
 X= 239 X2= 237  Y= 327 Y2= 320 P1= 680 P2= 195 T1=  21 T2=  20  P= 591  D=   1 * 24
 X= 238 X2= 235  Y= 326 Y2= 320 P1= 678 P2= 196 T1=  20 T2=  21  P= 580  D=   1 * 24
 X= 237 X2= 235  Y= 327 Y2= 321 P1= 681 P2= 195 T1=  21 T2=  20  P= 588  D=   1 * 24
 X=1007 X2=1023  Y= 976 Y2=1020 P1=1023 P2=   0 T1=  35 T2= 921  P= 588  D=   1 
 X= 944 X2=1006  Y= 975 Y2=1023 P1=1023 P2=   0 T1=1023 T2= 911  P= 588  D=   1 
 X= 943 X2=1023  Y= 992 Y2=1019 P1=1023 P2=   0 T1=1020 T2= 905  P= 588  D=   1 
 X=1022 X2=1017  Y= 972 Y2=1023 P1=1023 P2=   0 T1=1023 T2= 927  P= 588  D=   1 
target state=1 point=456,22
 X= 877 X2=1023  Y= 985 Y2=1023 P1=1023 P2=   0 T1=1021 T2= 924  P= 588  D=   1 
 X= 945 X2=1023  Y= 988 Y2=1023 P1=1023 P2=   0 T1=1019 T2= 923  P= 588  D=   1 
 X=1023 X2=1015  Y= 993 Y2=1019 P1=1023 P2=   0 T1=1023 T2= 917  P= 588  D=   1 
 X= 953 X2=1023  Y= 985 Y2=1023 P1=1023 P2=   0 T1=1023 T2= 909  P= 588  D=   1 
 X= 951 X2=1008  Y= 971 Y2=1020 P1=1023 P2=   0 T1=1023 T2= 929  P= 588  D=   1 
 X= 951 X2=1023  Y= 981 Y2=1019 P1=1023 P2=   0 T1=1020 T2= 910  P= 588  D=   1 
 X=1011 X2=1019  Y= 986 Y2=1019 P1=1023 P2=   0 T1=1019 T2= 911  P= 588  D=   1 
 X= 985 X2=1018  Y= 965 Y2=1023 P1=1023 P2=   0 T1=1019 T2= 912  P= 588  D=   1 
 X= 974 X2=1003  Y= 985 Y2=1019 P1=1023 P2=   0 T1=1023 T2= 924  P= 588  D=   1 
 X= 988 X2=1002  Y= 999 Y2=1023 P1=1023 P2=   0 T1=1020 T2= 927  P= 588  D=   1 
 X=1019 X2=1023  Y= 989 Y2=1023 P1=1023 P2=   0 T1=1023 T2= 943  P= 588  D=   1 
 X= 930 X2=1019  Y= 983 Y2=1023 P1=1023 P2=   0 T1=1023 T2= 918  P= 588  D=   1 
 X= 873 X2=1022  Y= 989 Y2=1019 P1=1023 P2=   0 T1=1023 T2= 931  P= 588  D=   1 
 X= 959 X2=1022  Y= 979 Y2=1023 P1=1023 P2=   0 T1=1020 T2= 921  P= 588  D=   1 
 X=1022 X2=1013  Y= 993 Y2=1021 P1=1023 P2=   0 T1=1019 T2= 930  P= 588  D=   1 
 X= 976 X2=1014  Y= 990 Y2=1019 P1=1023 P2=   0 T1=1023 T2= 919  P= 588  D=   1 
 X= 979 X2=1023  Y= 984 Y2=1023 P1=1023 P2=   0 T1=1023 T2= 932  P= 588  D=   1 
 X=1023 X2=1019  Y= 997 Y2=1021 P1=1023 P2=   0 T1=1019 T2= 924  P= 588  D=   1 
 X=1016 X2=1016  Y= 987 Y2=1020 P1=1023 P2=   0 T1=1023 T2= 909  P= 588  D=   1 
 X=1007 X2=1018  Y= 999 Y2=1023 P1=1023 P2=   0 T1=1020 T2= 917  P= 588  D=   1 
 X= 930 X2=1005  Y= 982 Y2=1023 P1=1023 P2=   0 T1=1020 T2= 935  P= 588  D=   1 
 X= 926 X2=1023  Y= 990 Y2=1018 P1=1023 P2=   0 T1=1023 T2= 933  P= 588  D=   1 
 X= 874 X2=1022  Y= 985 Y2=1023 P1=1023 P2=   0 T1=1023 T2= 931  P= 588  D=   1 
 X= 879 X2=1017  Y= 978 Y2=1023 P1=1023 P2=   0 T1=1023 T2= 911  P= 588  D=   1 
 X=1020 X2=1023  Y= 973 Y2=1023 P1=1023 P2=   0 T1=1017 T2= 913  P= 588  D=   1 
 X= 959 X2=1023  Y= 993 Y2=1020 P1=1023 P2=   0 T1=1021 T2= 935  P= 588  D=   1 
 X= 835 X2=1022  Y= 994 Y2=1020 P1=1023 P2=   0 T1=1023 T2= 917  P= 588  D=   1 
 X=1023 X2=1012  Y= 969 Y2=1020 P1=1023 P2=   0 T1=1019 T2= 916  P= 588  D=   1 
 X= 928 X2=1023  Y= 991 Y2=1019 P1=1023 P2=   0 T1=1021 T2= 925  P= 588  D=   1 
 X=1023 X2=1005  Y= 974 Y2=1023 P1=1023 P2=   0 T1=1023 T2= 890  P= 588  D=   1 
 X=1017 X2=1021  Y= 995 Y2=1023 P1=1023 P2=   0 T1=1023 T2= 946  P= 588  D=   1 
 X= 961 X2=1023  Y= 991 Y2=1018 P1=1023 P2=   0 T1=1019 T2= 942  P= 588  D=   1 
 X= 949 X2=1021  Y= 968 Y2=1023 P1=1023 P2=   0 T1=1023 T2= 915  P= 588  D=   1 
 X=1002 X2=1014  Y= 996 Y2=1020 P1=1023 P2=   0 T1=1021 T2= 918  P= 588  D=   1 
 X=1003 X2=1018  Y= 984 Y2=1023 P1=1023 P2=   0 T1=1020 T2= 942  P= 588  D=   1 
 X= 983 X2=1020  Y= 993 Y2=1023 P1=1023 P2=   0 T1=1020 T2= 913  P= 588  D=   1 
 X= 979 X2=1023  Y= 990 Y2=1023 P1=1023 P2=   0 T1=1023 T2= 919  P= 588  D=   1 
 X=1008 X2= 996  Y= 987 Y2=1020 P1=1023 P2=   0 T1=1019 T2= 919  P= 588  D=   1 
 X=1001 X2=1022  Y=1003 Y2=1019 P1=1023 P2=   0 T1=1023 T2= 925  P= 588  D=   1 
 X= 951 X2=1006  Y= 990 Y2=1021 P1=1023 P2=   0 T1=1023 T2= 916  P= 588  D=   1 
 X=1019 X2=1017  Y= 984 Y2=1018 P1=1023 P2=   0 T1=1020 T2= 933  P= 588  D=   1 
 X=1023 X2=1014  Y= 990 Y2=1019 P1=1023 P2=   0 T1=1020 T2= 936  P= 588  D=   1 
 X= 933 X2=1020  Y= 990 Y2=1019 P1=1023 P2=   0 T1=1023 T2= 931  P= 588  D=   1 
 X= 957 X2=1021  Y= 980 Y2=1019 P1=1023 P2=   0 T1=1023 T2= 923  P= 588  D=   1 
 X= 977 X2=1023  Y= 973 Y2=1019 P1=1023 P2=   0 T1=1020 T2= 914  P= 588  D=   1 
 X=1014 X2=1020  Y= 992 Y2=1019 P1=1023 P2=   0 T1=1019 T2= 929  P= 588  D=   1 
 X=1002 X2=1023  Y= 979 Y2=1023 P1=1023 P2=   0 T1=1021 T2= 925  P= 588  D=   1 
 X=1020 X2=1019  Y= 991 Y2=1020 P1=1023 P2=   0 T1=1019 T2= 934  P= 588  D=   1 
 X= 839 X2=1023  Y= 995 Y2=1020 P1=1023 P2=   0 T1=1020 T2= 920  P= 588  D=   1 
 X=1022 X2=1013  Y= 988 Y2=1023 P1=1023 P2=   0 T1=1023 T2= 928  P= 588  D=   1 
 X=1019 X2=1019  Y= 965 Y2=1023 P1=1023 P2=   0 T1=1023 T2= 929  P= 588  D=   1 
 X= 874 X2=1021  Y= 992 Y2=1020 P1=1023 P2=   0 T1=1023 T2= 933  P= 588  D=   1 
 X=1001 X2=1013  Y= 992 Y2=1022 P1=1023 P2=   0 T1=1018 T2= 927  P= 588  D=   1 
 X=1008 X2=1005  Y= 987 Y2=1017 P1=1023 P2=   0 T1=1023 T2= 924  P= 588  D=   1 
 X= 887 X2=1021  Y= 982 Y2=1023 P1=1023 P2=   0 T1=1023 T2= 938  P= 588  D=   1 
 X= 901 X2=1023  Y= 983 Y2=1023 P1=1023 P2=   0 T1=1019 T2= 916  P= 588  D=   1 
 X= 953 X2=1023  Y= 993 Y2=1019 P1=1023 P2=   0 T1=1023 T2= 950  P= 588  D=   1 
 X=1007 X2=1019  Y= 997 Y2=1020 P1=1023 P2=   0 T1=1023 T2= 916  P= 588  D=   1 
 X= 945 X2=1003  Y= 997 Y2=1020 P1=1023 P2=   0 T1=1019 T2= 914  P= 588  D=   1 
 X=1019 X2=1005  Y= 997 Y2=1019 P1=1023 P2=   0 T1=1023 T2= 924  P= 588  D=   1 
 X=1022 X2=1015  Y=1023 Y2=1023 P1=1023 P2=   0 T1=1020 T2=1015  P= 588  D=   1 
 X= 864 X2=1023  Y= 984 Y2=1023 P1=1023 P2=   0 T1=1023 T2= 929  P= 588  D=   1 
 X= 978 X2=1022  Y= 987 Y2=1023 P1=1023 P2=   0 T1=1020 T2= 918  P= 588  D=   1 
 X= 997 X2=1021  Y= 988 Y2=1019 P1=1023 P2=   0 T1=1020 T2= 947  P= 588  D=   1 
 X= 850 X2=1023  Y= 987 Y2=1023 P1=1023 P2=   0 T1=1023 T2= 932  P= 588  D=   1 
 X= 880 X2=1023  Y= 976 Y2=1023 P1=1023 P2=   0 T1=1023 T2= 909  P= 588  D=   1 
 X= 948 X2=1023  Y= 985 Y2=1019 P1=1023 P2=   0 T1=1019 T2= 925  P= 588  D=   1 
 X= 925 X2=1023  Y= 991 Y2=1019 P1=1023 P2=   0 T1=1020 T2= 942  P= 588  D=   1 
 X= 956 X2=1012  Y= 975 Y2=1021 P1=1023 P2=   0 T1=1023 T2= 935  P= 588  D=   1 
 X= 965 X2=1009  Y= 987 Y2=1019 P1=1023 P2=   0 T1=1023 T2= 911  P= 588  D=   1 
 X= 998 X2=1015  Y= 995 Y2=1022 P1=1023 P2=   0 T1=1020 T2= 930  P= 588  D=   1 
 X= 869 X2=1014  Y= 987 Y2=1019 P1=1023 P2=   0 T1=1021 T2= 908  P= 588  D=   1 
 X= 980 X2=1023  Y= 986 Y2=1019 P1=1023 P2=   0 T1=1023 T2= 926  P= 588  D=   1 
 X= 879 X2=1023  Y= 993 Y2=1023 P1=1023 P2=   0 T1=1023 T2= 920  P= 588  D=   1 
 X=1023 X2=1007  Y= 981 Y2=1019 P1=1023 P2=   0 T1=1019 T2= 901  P= 588  D=   1 
 X=1023 X2=1015  Y= 984 Y2=1018 P1=1023 P2=   0 T1=1020 T2= 921  P= 588  D=   1 
 X= 997 X2=1006  Y= 994 Y2=1019 P1=1023 P2=   0 T1=1019 T2= 917  P= 588  D=   1 
 X= 849 X2=1022  Y= 987 Y2=1019 P1=1023 P2=   0 T1=1021 T2= 934  P= 588  D=   1 
 X=1023 X2=1015  Y= 991 Y2=1019 P1=1023 P2=   0 T1=1019 T2= 933  P= 588  D=   1 
 X= 988 X2=1023  Y= 986 Y2=1019 P1=1023 P2=   0 T1=1019 T2= 920  P= 588  D=   1 
 X= 951 X2=1021  Y= 996 Y2=1020 P1=1023 P2=   0 T1=1023 T2= 922  P= 588  D=   1 
 X=1023 X2=1022  Y= 992 Y2=1023 P1=1023 P2=   0 T1=1019 T2= 928  P= 588  D=   1 
 X= 903 X2=1023  Y= 985 Y2=1019 P1=1023 P2=   0 T1=1019 T2= 884  P= 588  D=   1 
 X= 945 X2=1004  Y= 995 Y2=1022 P1=1023 P2=   0 T1=1023 T2= 925  P= 588  D=   1 
 X= 810 X2= 809  Y= 321 Y2= 328 P1= 792 P2= 481 T1=  13 T2=  14  P= 522  D=   1 * 0
 X= 810 X2= 809  Y= 321 Y2= 328 P1= 795 P2= 477 T1=  14 T2=  13  P= 538  D=   1 * 0
 X= 810 X2= 808  Y= 323 Y2= 330 P1= 800 P2= 468 T1=  14 T2=  14  P= 573  D=   1 * 0
 X= 810 X2= 808  Y= 323 Y2= 329 P1= 798 P2= 471 T1=  14 T2=  14  P= 561  D=   1 * 0
 X= 810 X2= 809  Y= 323 Y2= 329 P1= 797 P2= 472 T1=  14 T2=  14  P= 556  D=   1 * 1
 X= 810 X2= 808  Y= 323 Y2= 329 P1= 799 P2= 472 T1=  14 T2=  14  P= 559  D=   1 * 2
 X= 810 X2= 809  Y= 321 Y2= 328 P1= 798 P2= 472 T1=  13 T2=  14  P= 558  D=   1 * 3
 X= 810 X2= 807  Y= 322 Y2= 330 P1= 797 P2= 472 T1=  14 T2=  14  P= 555  D=   1 * 4
 X= 810 X2= 812  Y= 323 Y2= 328 P1= 797 P2= 472 T1=  14 T2=  14  P= 557  D=   1 * 5
 X= 810 X2= 809  Y= 323 Y2= 328 P1= 797 P2= 472 T1=  14 T2=  14  P= 556  D=   1 * 6
 X= 810 X2= 809  Y= 322 Y2= 329 P1= 797 P2= 473 T1=  13 T2=  14  P= 553  D=   1 * 7
 X= 813 X2= 808  Y= 322 Y2= 329 P1= 797 P2= 473 T1=  13 T2=  13  P= 554  D=   1 * 8
 X= 810 X2= 809  Y= 323 Y2= 328 P1= 797 P2= 473 T1=  14 T2=  14  P= 553  D=   1 * 9
 X= 809 X2= 809  Y= 322 Y2= 329 P1= 797 P2= 473 T1=  13 T2=  14  P= 553  D=   1 * 10
 X= 810 X2= 809  Y= 322 Y2= 329 P1= 797 P2= 473 T1=  14 T2=  13  P= 553  D=   1 * 11
 X= 810 X2= 809  Y= 322 Y2= 329 P1= 797 P2= 473 T1=  14 T2=  14  P= 553  D=   1 * 12
 X= 808 X2= 810  Y= 322 Y2= 329 P1= 797 P2= 473 T1=  13 T2=  13  P= 553  D=   1 * 13
 X= 810 X2= 809  Y= 323 Y2= 329 P1= 797 P2= 473 T1=  14 T2=  15  P= 553  D=   1 * 14
 X= 810 X2= 808  Y= 323 Y2= 330 P1= 797 P2= 472 T1=  13 T2=  15  P= 556  D=   1 * 15
 X= 810 X2= 808  Y= 322 Y2= 329 P1= 797 P2= 473 T1=  13 T2=  14  P= 553  D=   1 * 16
 X= 810 X2= 810  Y= 322 Y2= 329 P1= 797 P2= 473 T1=  13 T2=  13  P= 554  D=   1 * 17
 X= 810 X2= 810  Y= 323 Y2= 329 P1= 798 P2= 473 T1=  14 T2=  13  P= 556  D=   1 * 18
 X= 810 X2= 808  Y= 324 Y2= 329 P1= 797 P2= 473 T1=  13 T2=  13  P= 553  D=   1 * 19
 X= 812 X2= 810  Y= 321 Y2= 328 P1= 796 P2= 473 T1=  13 T2=  13  P= 553  D=   1 * 20
 X= 810 X2= 809  Y= 321 Y2= 329 P1= 797 P2= 473 T1=  14 T2=  13  P= 553  D=   1 * 21
 X= 812 X2= 808  Y= 325 Y2= 329 P1= 797 P2= 473 T1=  14 T2=  14  P= 554  D=   1 * 22
 X= 808 X2= 809  Y= 322 Y2= 328 P1= 797 P2= 473 T1=  14 T2=  13  P= 552  D=   1 * 23
 X= 809 X2= 809  Y= 322 Y2= 329 P1= 797 P2= 473 T1=  14 T2=  13  P= 553  D=   1 * 24
Remove Pin
 X= 810 X2= 809  Y= 322 Y2= 328 P1= 797 P2= 473 T1=  14 T2=  13  P= 553  D=   1 * 24
 X= 810 X2= 809  Y= 322 Y2= 330 P1= 797 P2= 473 T1=  14 T2=  14  P= 553  D=   1 * 24
 X= 810 X2= 809  Y= 322 Y2= 329 P1= 796 P2= 473 T1=  14 T2=  13  P= 551  D=   1 * 24
 X= 810 X2= 809  Y= 322 Y2= 329 P1= 797 P2= 474 T1=  15 T2=  14  P= 550  D=   1 * 24
 X= 810 X2= 809  Y= 322 Y2= 329 P1= 797 P2= 473 T1=  14 T2=  13  P= 553  D=   1 * 24
 X= 810 X2= 809  Y= 322 Y2= 329 P1= 796 P2= 473 T1=  14 T2=  14  P= 551  D=   1 * 24
 X= 810 X2= 809  Y= 323 Y2= 329 P1= 797 P2= 473 T1=  14 T2=  13  P= 553  D=   1 * 24
 X= 809 X2= 808  Y= 322 Y2= 328 P1= 797 P2= 473 T1=  14 T2=  14  P= 552  D=   1 * 24
 X= 809 X2= 808  Y= 322 Y2= 331 P1= 797 P2= 473 T1=  13 T2=  11  P= 552  D=   1 * 24
 X= 810 X2= 809  Y= 322 Y2= 329 P1= 797 P2= 473 T1=  13 T2=  13  P= 553  D=   1 * 24
 X= 810 X2= 809  Y= 323 Y2= 329 P1= 796 P2= 474 T1=  14 T2=  14  P= 549  D=   1 * 24
 X= 810 X2= 809  Y= 322 Y2= 329 P1= 796 P2= 473 T1=  15 T2=  14  P= 551  D=   1 * 24
 X= 810 X2= 808  Y= 322 Y2= 329 P1= 797 P2= 474 T1=  13 T2=  13  P= 550  D=   1 * 24
 X= 810 X2= 808  Y= 321 Y2= 329 P1= 797 P2= 474 T1=  14 T2=  14  P= 550  D=   1 * 24
 X= 810 X2= 808  Y= 323 Y2= 329 P1= 797 P2= 473 T1=  14 T2=  13  P= 553  D=   1 * 24
 X= 809 X2= 808  Y= 323 Y2= 329 P1= 797 P2= 474 T1=  15 T2=  13  P= 550  D=   1 * 24
 X= 810 X2= 808  Y= 322 Y2= 329 P1= 796 P2= 474 T1=  14 T2=  13  P= 549  D=   1 * 24
 X= 810 X2= 809  Y= 322 Y2= 329 P1= 796 P2= 474 T1=  14 T2=  14  P= 549  D=   1 * 24
 X= 811 X2= 808  Y= 323 Y2= 329 P1= 797 P2= 474 T1=  14 T2=  13  P= 550  D=   1 * 24
 X= 810 X2= 811  Y= 322 Y2= 329 P1= 797 P2= 474 T1=  13 T2=  13  P= 551  D=   1 * 24
 X= 810 X2= 808  Y= 322 Y2= 329 P1= 797 P2= 474 T1=  16 T2=  13  P= 550  D=   1 * 24
 X= 810 X2= 809  Y= 322 Y2= 329 P1= 795 P2= 476 T1=  13 T2=  13  P= 542  D=   1 * 24
 X= 811 X2= 810  Y= 322 Y2= 328 P1= 796 P2= 477 T1=  15 T2=  13  P= 541  D=   1 * 24
 X= 811 X2= 810  Y= 322 Y2= 330 P1= 796 P2= 474 T1=  14 T2=  13  P= 549  D=   1 * 24
 X= 919 X2=1021  Y= 984 Y2=1019 P1=1023 P2=   0 T1=1021 T2= 932  P= 549  D=   1 
 X= 948 X2=1009  Y= 960 Y2=1023 P1=1023 P2=   0 T1=1020 T2= 929  P= 549  D=   1 
 X= 973 X2=1015  Y= 990 Y2=1020 P1=1023 P2=   0 T1=1023 T2= 905  P= 549  D=   1 
target state=2 point=456,249
 X= 910 X2=1021  Y= 943 Y2=1019 P1=1023 P2=   0 T1=1023 T2= 867  P= 549  D=   1 
 X=1013 X2=1017  Y= 988 Y2=1023 P1=1023 P2=   0 T1=1020 T2= 922  P= 549  D=   1 
 X= 857 X2=1019  Y= 988 Y2=1020 P1=1023 P2=   0 T1=1023 T2= 922  P= 549  D=   1 
 X= 823 X2=1023  Y= 988 Y2=1023 P1=1023 P2=   0 T1=1023 T2= 924  P= 549  D=   1 
 X= 969 X2= 991  Y= 993 Y2=1023 P1=1023 P2=   0 T1=1020 T2= 942  P= 549  D=   1 
 X= 889 X2=1018  Y= 991 Y2=1019 P1=1023 P2=   0 T1=1023 T2= 919  P= 549  D=   1 
 X= 943 X2=1023  Y= 984 Y2=1023 P1=1023 P2=   0 T1=1019 T2= 939  P= 549  D=   1 
 X= 952 X2=1013  Y= 982 Y2=1023 P1=1023 P2=   0 T1=1020 T2= 927  P= 549  D=   1 
 X=1023 X2=1019  Y= 997 Y2=1023 P1=1023 P2=   0 T1=1023 T2= 912  P= 549  D=   1 
 X= 981 X2=1023  Y= 987 Y2=1023 P1=1023 P2=   0 T1=1021 T2= 936  P= 549  D=   1 
 X= 906 X2=1023  Y= 977 Y2=1018 P1=1023 P2=   0 T1=1023 T2= 927  P= 549  D=   1 
 X=1003 X2=1021  Y= 991 Y2=1020 P1=1023 P2=   0 T1=1019 T2= 938  P= 549  D=   1 
 X= 966 X2= 996  Y= 992 Y2=1023 P1=1023 P2=   0 T1=1020 T2= 905  P= 549  D=   1 
 X= 881 X2=1023  Y= 983 Y2=1023 P1=1023 P2=   0 T1=1023 T2= 916  P= 549  D=   1 
 X= 911 X2=1023  Y= 966 Y2=1023 P1=1023 P2=   0 T1=1020 T2= 951  P= 549  D=   1 
 X=1023 X2=1018  Y= 981 Y2=1023 P1=1023 P2=   0 T1=1023 T2= 921  P= 549  D=   1 
 X= 896 X2=1020  Y= 986 Y2=1023 P1=1023 P2=   0 T1=1020 T2= 925  P= 549  D=   1 
 X= 976 X2=1023  Y= 998 Y2=1021 P1=1023 P2=   0 T1=1020 T2= 927  P= 549  D=   1 
 X= 914 X2=1023  Y= 980 Y2=1023 P1=1023 P2=   0 T1=1023 T2= 909  P= 549  D=   1 
 X= 944 X2=1023  Y= 983 Y2=1019 P1=1023 P2=   0 T1=1023 T2= 922  P= 549  D=   1 
 X= 962 X2=1003  Y= 992 Y2=1023 P1=1023 P2=   0 T1=1020 T2= 915  P= 549  D=   1 
 X= 940 X2=1019  Y= 998 Y2=1019 P1=1023 P2=   0 T1=1023 T2= 925  P= 549  D=   1 
 X=1004 X2=1021  Y= 989 Y2=1022 P1=1023 P2=   0 T1=1023 T2= 921  P= 549  D=   1 
 X= 963 X2= 995  Y= 989 Y2=1023 P1=1023 P2=   0 T1=1023 T2= 922  P= 549  D=   1 
 X=1022 X2=1014  Y= 963 Y2=1018 P1=1023 P2=   0 T1=1019 T2= 946  P= 549  D=   1 
 X= 891 X2=1023  Y= 992 Y2=1019 P1=1023 P2=   0 T1=1019 T2= 927  P= 549  D=   1 
 X= 896 X2=1018  Y= 972 Y2=1019 P1=1023 P2=   0 T1=1023 T2= 927  P= 549  D=   1 
 X=1022 X2=1023  Y= 985 Y2=1023 P1=1023 P2=   0 T1=1020 T2= 920  P= 549  D=   1 
 X=1020 X2= 980  Y= 971 Y2=1019 P1=1023 P2=   0 T1=1019 T2= 912  P= 549  D=   1 
 X= 952 X2=1005  Y= 967 Y2=1019 P1=1023 P2=   0 T1=1020 T2= 922  P= 549  D=   1 
 X= 976 X2=1002  Y= 955 Y2=1023 P1=1023 P2=   0 T1=1021 T2= 923  P= 549  D=   1 
 X= 969 X2=1023  Y= 991 Y2=1023 P1=1023 P2=   0 T1=1023 T2= 932  P= 549  D=   1 
 X= 959 X2=1023  Y= 989 Y2=1023 P1=1023 P2=   0 T1=1020 T2= 921  P= 549  D=   1 
 X=1023 X2=1018  Y= 984 Y2=1019 P1=1023 P2=   0 T1=1018 T2= 929  P= 549  D=   1 
 X= 926 X2=1023  Y= 988 Y2=1019 P1=1023 P2=   0 T1=1023 T2= 920  P= 549  D=   1 
 X= 981 X2=1016  Y= 967 Y2=1019 P1=1023 P2=   0 T1=1020 T2= 918  P= 549  D=   1 
 X= 950 X2=1010  Y= 984 Y2=1019 P1=1023 P2=   0 T1=1021 T2= 932  P= 549  D=   1 
 X= 941 X2=1021  Y= 989 Y2=1020 P1=1023 P2=   0 T1=1020 T2= 942  P= 549  D=   1 
 X=1023 X2=1023  Y= 977 Y2=1019 P1=1023 P2=   0 T1=1020 T2= 936  P= 549  D=   1 
 X=1009 X2=1016  Y= 991 Y2=1018 P1=1023 P2=   0 T1=1019 T2= 918  P= 549  D=   1 
 X=1020 X2=1017  Y= 991 Y2=1023 P1=1023 P2=   0 T1=1020 T2= 942  P= 549  D=   1 
 X=1003 X2=1010  Y= 983 Y2=1023 P1=1023 P2=   0 T1=1023 T2= 904  P= 549  D=   1 
 X=1023 X2= 995  Y= 972 Y2=1019 P1=1023 P2=   0 T1=1020 T2= 940  P= 549  D=   1 
 X=1023 X2=1021  Y= 980 Y2=1023 P1=1023 P2=   0 T1=1019 T2= 916  P= 549  D=   1 
 X= 971 X2=1013  Y= 975 Y2=1023 P1=1023 P2=   0 T1=1023 T2= 910  P= 549  D=   1 
 X=1023 X2=1014  Y= 975 Y2=1020 P1=1023 P2=   0 T1=1023 T2= 930  P= 549  D=   1 
 X=1009 X2=1014  Y= 991 Y2=1020 P1=1023 P2=   0 T1=1023 T2= 924  P= 549  D=   1 
 X= 985 X2=1023  Y= 982 Y2=1018 P1=1023 P2=   0 T1=1018 T2= 916  P= 549  D=   1 
 X= 822 X2=1023  Y= 987 Y2=1023 P1=1023 P2=   0 T1=1020 T2= 915  P= 549  D=   1 
 X=1023 X2=1023  Y= 992 Y2=1023 P1=1023 P2=   0 T1=1021 T2= 926  P= 549  D=   1 
 X= 822 X2=1023  Y= 994 Y2=1023 P1=1023 P2=   0 T1=1019 T2= 911  P= 549  D=   1 
 X=1019 X2=1014  Y= 992 Y2=1023 P1=1023 P2=   0 T1=1023 T2= 940  P= 549  D=   1 
 X= 973 X2=1014  Y= 985 Y2=1021 P1=1023 P2=   0 T1=1021 T2= 907  P= 549  D=   1 
 X=1023 X2=1022  Y= 989 Y2=1019 P1=1023 P2=   0 T1=1023 T2= 923  P= 549  D=   1 
 X= 878 X2=1023  Y= 987 Y2=1021 P1=1023 P2=   0 T1=1020 T2= 923  P= 549  D=   1 
 X= 945 X2=1021  Y= 992 Y2=1023 P1=1023 P2=   0 T1=1023 T2= 925  P= 549  D=   1 
 X=1010 X2=1023  Y= 990 Y2=1019 P1=1023 P2=   0 T1=1020 T2= 916  P= 549  D=   1 
 X= 936 X2=1023  Y= 990 Y2=1019 P1=1023 P2=   0 T1=1020 T2= 929  P= 549  D=   1 
 X= 938 X2=1020  Y= 994 Y2=1019 P1=1023 P2=   0 T1=1020 T2= 921  P= 549  D=   1 
 X= 874 X2=1023  Y= 999 Y2=1020 P1=1023 P2=   0 T1=1023 T2= 937  P= 549  D=   1 
 X=1021 X2=1015  Y= 977 Y2=1023 P1=1023 P2=   0 T1=1023 T2= 912  P= 549  D=   1 
 X=1023 X2=1012  Y= 992 Y2=1023 P1=1023 P2=   0 T1=1023 T2= 934  P= 549  D=   1 
 X= 968 X2=1021  Y= 979 Y2=1023 P1=1023 P2=   0 T1=1023 T2= 922  P= 549  D=   1 
 X= 829 X2=1023  Y= 981 Y2=1023 P1=1023 P2=   0 T1=1021 T2= 879  P= 549  D=   1 
 X= 914 X2=1023  Y= 981 Y2=1023 P1=1023 P2=   0 T1=1019 T2= 939  P= 549  D=   1 
 X=1004 X2=1021  Y= 988 Y2=1019 P1=1023 P2=   0 T1=1021 T2= 920  P= 549  D=   1 
 X=1023 X2=1014  Y= 986 Y2=1020 P1=1023 P2=   0 T1=1020 T2= 929  P= 549  D=   1 
 X=1017 X2=1020  Y= 986 Y2=1023 P1=1022 P2=   0 T1=1020 T2= 989  P= 549  D=   1 
 X=1023 X2=1006  Y= 982 Y2=1023 P1=1023 P2=   0 T1=1020 T2= 923  P= 549  D=   1 
 X= 930 X2=1023  Y= 982 Y2=1023 P1=1023 P2=   0 T1=1020 T2= 926  P= 549  D=   1 
 X= 944 X2=1012  Y= 989 Y2=1019 P1=1023 P2=   0 T1=1020 T2= 932  P= 549  D=   1 
 X= 980 X2=1016  Y= 986 Y2=1019 P1=1023 P2=   0 T1=1023 T2= 920  P= 549  D=   1 
 X= 809 X2= 810  Y= 714 Y2= 717 P1= 911 P2= 525 T1=  14 T2=  11  P= 594  D=   1 * 0
 X= 809 X2= 809  Y= 713 Y2= 718 P1= 909 P2= 537 T1=  14 T2=  13  P= 559  D=   1 * 0
 X= 808 X2= 810  Y= 713 Y2= 718 P1= 908 P2= 538 T1=  14 T2=  14  P= 555  D=   1 * 0
 X= 808 X2= 808  Y= 714 Y2= 718 P1= 908 P2= 538 T1=  14 T2=  14  P= 555  D=   1 * 0
 X= 809 X2= 809  Y= 713 Y2= 717 P1= 908 P2= 540 T1=  16 T2=  14  P= 550  D=   1 * 1
 X= 809 X2= 814  Y= 713 Y2= 718 P1= 908 P2= 540 T1=  13 T2=  14  P= 552  D=   1 * 2
 X= 809 X2= 809  Y= 713 Y2= 717 P1= 909 P2= 540 T1=  13 T2=  13  P= 552  D=   1 * 3
 X= 808 X2= 810  Y= 713 Y2= 716 P1= 908 P2= 541 T1=  14 T2=  13  P= 548  D=   1 * 4
 X= 808 X2= 808  Y= 713 Y2= 718 P1= 909 P2= 541 T1=  13 T2=  14  P= 549  D=   1 * 5
 X= 809 X2= 810  Y= 713 Y2= 717 P1= 907 P2= 541 T1=  14 T2=  14  P= 546  D=   1 * 6
 X= 809 X2= 810  Y= 713 Y2= 717 P1= 908 P2= 541 T1=  15 T2=  12  P= 548  D=   1 * 7
 X= 810 X2= 808  Y= 714 Y2= 717 P1= 907 P2= 542 T1=  14 T2=  13  P= 544  D=   1 * 8
 X= 808 X2= 809  Y= 713 Y2= 717 P1= 907 P2= 541 T1=  14 T2=  14  P= 546  D=   1 * 9
 X= 809 X2= 810  Y= 714 Y2= 717 P1= 908 P2= 543 T1=  15 T2=  13  P= 543  D=   1 * 10
 X= 809 X2= 811  Y= 714 Y2= 718 P1= 908 P2= 543 T1=  14 T2=  15  P= 544  D=   1 * 11
 X= 808 X2= 807  Y= 713 Y2= 717 P1= 908 P2= 542 T1=  10 T2=  14  P= 544  D=   1 * 12
 X= 808 X2= 810  Y= 713 Y2= 717 P1= 908 P2= 543 T1=  13 T2=  13  P= 543  D=   1 * 13
 X= 809 X2= 809  Y= 713 Y2= 717 P1= 908 P2= 543 T1=  16 T2=  13  P= 543  D=   1 * 14
 X= 809 X2= 809  Y= 713 Y2= 716 P1= 907 P2= 542 T1=  14 T2=  14  P= 544  D=   1 * 15
 X= 809 X2= 810  Y= 715 Y2= 717 P1= 908 P2= 542 T1=  13 T2=  13  P= 546  D=   1 * 16
 X= 807 X2= 810  Y= 715 Y2= 717 P1= 907 P2= 542 T1=  14 T2=  13  P= 543  D=   1 * 17
 X= 808 X2= 809  Y= 713 Y2= 718 P1= 909 P2= 542 T1=  13 T2=  14  P= 547  D=   1 * 18
 X= 808 X2= 811  Y= 713 Y2= 717 P1= 908 P2= 542 T1=  14 T2=  13  P= 546  D=   1 * 19
 X= 809 X2= 813  Y= 714 Y2= 717 P1= 907 P2= 542 T1=  13 T2=  14  P= 545  D=   1 * 20
 X= 808 X2= 810  Y= 714 Y2= 718 P1= 907 P2= 542 T1=  14 T2=  13  P= 544  D=   1 * 21
 X= 808 X2= 809  Y= 713 Y2= 717 P1= 908 P2= 542 T1=  13 T2=  13  P= 545  D=   1 * 22
 X= 809 X2= 810  Y= 714 Y2= 717 P1= 908 P2= 542 T1=  13 T2=  13  P= 546  D=   1 * 23
 X= 809 X2= 810  Y= 713 Y2= 718 P1= 908 P2= 543 T1=  13 T2=  14  P= 543  D=   1 * 24
Remove Pin
 X= 809 X2= 810  Y= 713 Y2= 717 P1= 907 P2= 542 T1=  13 T2=  13  P= 544  D=   1 * 24
 X= 809 X2= 809  Y= 713 Y2= 717 P1= 908 P2= 542 T1=  14 T2=  14  P= 546  D=   1 * 24
 X= 809 X2= 810  Y= 713 Y2= 717 P1= 908 P2= 543 T1=  14 T2=  13  P= 543  D=   1 * 24
 X= 808 X2= 811  Y= 712 Y2= 717 P1= 908 P2= 542 T1=  14 T2=  14  P= 546  D=   1 * 24
 X= 810 X2= 809  Y= 713 Y2= 717 P1= 908 P2= 542 T1=  13 T2=  14  P= 546  D=   1 * 24
 X= 809 X2= 810  Y= 713 Y2= 718 P1= 907 P2= 542 T1=  13 T2=  13  P= 544  D=   1 * 24
 X= 809 X2= 811  Y= 713 Y2= 718 P1= 908 P2= 542 T1=  13 T2=  13  P= 546  D=   1 * 24
 X= 809 X2= 809  Y= 714 Y2= 718 P1= 908 P2= 543 T1=  14 T2=  13  P= 543  D=   1 * 24
 X= 808 X2= 810  Y= 715 Y2= 717 P1= 908 P2= 543 T1=  14 T2=  13  P= 543  D=   1 * 24
 X= 804 X2= 805  Y= 713 Y2= 717 P1= 908 P2= 542 T1=  13 T2=  14  P= 542  D=   1 * 24
 X= 809 X2= 810  Y= 712 Y2= 717 P1= 907 P2= 542 T1=  12 T2=  17  P= 544  D=   1 * 24
 X= 808 X2= 810  Y= 714 Y2= 717 P1= 907 P2= 542 T1=  13 T2=  13  P= 544  D=   1 * 24
 X= 809 X2= 809  Y= 714 Y2= 717 P1= 907 P2= 542 T1=  14 T2=  13  P= 544  D=   1 * 24
 X= 809 X2= 810  Y= 713 Y2= 718 P1= 908 P2= 542 T1=  14 T2=  14  P= 546  D=   1 * 24
 X= 809 X2= 812  Y= 714 Y2= 718 P1= 908 P2= 543 T1=  13 T2=  13  P= 544  D=   1 * 24
 X= 809 X2= 811  Y= 713 Y2= 718 P1= 908 P2= 543 T1=  15 T2=  13  P= 544  D=   1 * 24
 X= 809 X2= 810  Y= 714 Y2= 717 P1= 908 P2= 542 T1=  13 T2=  13  P= 546  D=   1 * 24
 X= 809 X2= 810  Y= 713 Y2= 718 P1= 908 P2= 543 T1=  13 T2=  13  P= 543  D=   1 * 24
 X= 809 X2= 810  Y= 713 Y2= 718 P1= 907 P2= 543 T1=  14 T2=  12  P= 542  D=   1 * 24
 X= 807 X2= 812  Y= 713 Y2= 718 P1= 908 P2= 542 T1=  13 T2=  13  P= 546  D=   1 * 24
 X= 808 X2= 810  Y= 713 Y2= 717 P1= 908 P2= 542 T1=  14 T2=  14  P= 546  D=   1 * 24
 X= 809 X2= 808  Y= 714 Y2= 717 P1= 907 P2= 543 T1=  14 T2=  13  P= 541  D=   1 * 24
 X= 809 X2= 809  Y= 713 Y2= 717 P1= 907 P2= 543 T1=  13 T2=  14  P= 542  D=   1 * 24
 X= 935 X2=1014  Y=1023 Y2=1020 P1=1023 P2=   0 T1=1023 T2=1020  P= 542  D=   1 
 X= 909 X2=1021  Y= 981 Y2=1023 P1=1023 P2=   0 T1=1020 T2= 909  P= 542  D=   1 
 X=1020 X2=1016  Y= 997 Y2=1019 P1=1023 P2=   0 T1=1023 T2= 932  P= 542  D=   1 
target state=3 point=23,249
 X= 915 X2=1023  Y= 994 Y2=1020 P1=1023 P2=   0 T1=1023 T2= 912  P= 542  D=   1 
 X= 875 X2=1023  Y= 984 Y2=1018 P1=1023 P2=   0 T1=1019 T2= 922  P= 542  D=   1 
 X=1020 X2= 996  Y= 980 Y2=1023 P1=1023 P2=   0 T1=1023 T2= 927  P= 542  D=   1 
 X= 996 X2=1023  Y= 994 Y2=1023 P1=1023 P2=   0 T1=1023 T2= 920  P= 542  D=   1 
 X= 946 X2=1020  Y= 992 Y2=1018 P1=1023 P2=   0 T1=1023 T2= 913  P= 542  D=   1 
 X= 914 X2=1023  Y= 981 Y2=1021 P1=1023 P2=   0 T1=1020 T2= 938  P= 542  D=   1 
 X=1023 X2=1016  Y= 974 Y2=1023 P1=1023 P2=   0 T1=1019 T2= 896  P= 542  D=   1 
 X=1009 X2= 994  Y= 988 Y2=1019 P1=1023 P2=   0 T1=1019 T2= 936  P= 542  D=   1 
 X=1010 X2=1008  Y= 979 Y2=1019 P1=1023 P2=   0 T1=1019 T2= 925  P= 542  D=   1 
 X= 906 X2=1023  Y= 992 Y2=1019 P1=1023 P2=   0 T1=1023 T2= 925  P= 542  D=   1 
 X= 835 X2=1023  Y= 984 Y2=1023 P1=1023 P2=   0 T1=1020 T2= 887  P= 542  D=   1 
 X=1021 X2=1021  Y= 999 Y2=1019 P1=1023 P2=   0 T1=1020 T2= 939  P= 542  D=   1 
 X=1004 X2=1015  Y= 985 Y2=1023 P1=1023 P2=   0 T1=1019 T2= 927  P= 542  D=   1 
 X=1008 X2=1023  Y= 992 Y2=1019 P1=1023 P2=   0 T1=1023 T2= 936  P= 542  D=   1 
 X= 837 X2=1023  Y= 982 Y2=1023 P1=1022 P2=   0 T1=1019 T2= 904  P= 542  D=   1 
 X= 929 X2=1023  Y= 992 Y2=1019 P1=1023 P2=   0 T1=1020 T2= 921  P= 542  D=   1 
 X=1009 X2=1010  Y= 994 Y2=1019 P1=1023 P2=   0 T1=1020 T2= 929  P= 542  D=   1 
 X= 946 X2=1005  Y= 969 Y2=1023 P1=1023 P2=   0 T1=1023 T2= 931  P= 542  D=   1 
 X= 878 X2=1015  Y= 980 Y2=1020 P1=1023 P2=   0 T1=1023 T2= 937  P= 542  D=   1 
 X= 928 X2=1023  Y= 972 Y2=1020 P1=1023 P2=   0 T1=1023 T2= 910  P= 542  D=   1 
 X= 955 X2=1006  Y= 989 Y2=1023 P1=1023 P2=   0 T1=1023 T2= 932  P= 542  D=   1 
 X= 888 X2=1023  Y= 971 Y2=1020 P1=1023 P2=   0 T1=1019 T2= 945  P= 542  D=   1 
 X=1001 X2=1023  Y= 966 Y2=1019 P1=1023 P2=   0 T1=1019 T2= 927  P= 542  D=   1 
 X= 940 X2= 996  Y= 990 Y2=1023 P1=1023 P2=   0 T1=1020 T2= 920  P= 542  D=   1 
 X=1019 X2=1019  Y= 980 Y2=1019 P1=1023 P2=   0 T1=1022 T2= 923  P= 542  D=   1 
 X= 989 X2=1004  Y= 981 Y2=1023 P1=1023 P2=   0 T1=1023 T2= 912  P= 542  D=   1 
 X= 930 X2=1023  Y= 995 Y2=1023 P1=1023 P2=   0 T1=1019 T2= 930  P= 542  D=   1 
 X= 948 X2= 987  Y= 986 Y2=1019 P1=1023 P2=   0 T1=1019 T2= 945  P= 542  D=   1 
 X= 901 X2=1021  Y= 985 Y2=1020 P1=1023 P2=   0 T1=1020 T2= 913  P= 542  D=   1 
 X= 983 X2= 997  Y= 980 Y2=1023 P1=1023 P2=   0 T1=1020 T2= 927  P= 542  D=   1 
 X= 894 X2=1023  Y= 991 Y2=1023 P1=1023 P2=   0 T1=1019 T2= 944  P= 542  D=   1 
 X= 991 X2=1023  Y= 995 Y2=1020 P1=1023 P2=   0 T1=1023 T2= 919  P= 542  D=   1 
 X= 926 X2=1023  Y= 995 Y2=1023 P1=1023 P2=   0 T1=1023 T2= 937  P= 542  D=   1 
 X= 974 X2= 994  Y= 973 Y2=1023 P1=1023 P2=   0 T1=1020 T2= 930  P= 542  D=   1 
 X= 967 X2=1008  Y= 977 Y2=1020 P1=1023 P2=   0 T1=1022 T2= 929  P= 542  D=   1 
 X=1000 X2=1015  Y= 992 Y2=1019 P1=1023 P2=   0 T1=1020 T2= 918  P= 542  D=   1 
 X= 886 X2=1021  Y= 977 Y2=1021 P1=1023 P2=   0 T1=1018 T2= 926  P= 542  D=   1 
 X= 844 X2=1023  Y= 988 Y2=1023 P1=1023 P2=   0 T1=1020 T2= 929  P= 542  D=   1 
 X= 995 X2=1023  Y= 985 Y2=1018 P1=1023 P2=   0 T1=1023 T2= 915  P= 542  D=   1 
 X=1023 X2=1022  Y= 990 Y2=1020 P1=1023 P2=   0 T1=1023 T2= 926  P= 542  D=   1 
 X= 930 X2=1023  Y= 988 Y2=1020 P1=1023 P2=   0 T1=1023 T2= 909  P= 542  D=   1 
 X= 884 X2=1023  Y= 979 Y2=1019 P1=1023 P2=   0 T1=1023 T2= 917  P= 542  D=   1 
 X= 953 X2=1000  Y= 972 Y2=1018 P1=1023 P2=   0 T1=1023 T2= 916  P= 542  D=   1 
 X=1023 X2=1016  Y= 991 Y2=1019 P1=1017 P2=   0 T1=1020 T2= 926  P= 542  D=   1 
 X= 982 X2=1019  Y= 993 Y2=1021 P1=1023 P2=   0 T1=1023 T2= 919  P= 542  D=   1 
 X=1009 X2=1019  Y= 982 Y2=1023 P1=1023 P2=   0 T1=1019 T2= 929  P= 542  D=   1 
 X=1023 X2=1008  Y= 986 Y2=1023 P1=1023 P2=   0 T1=1020 T2= 914  P= 542  D=   1 
 X= 883 X2=1023  Y= 972 Y2=1023 P1=1023 P2=   0 T1=1020 T2= 942  P= 542  D=   1 
 X= 936 X2=1023  Y= 982 Y2=1018 P1=1023 P2=   0 T1=1021 T2= 919  P= 542  D=   1 
 X=1023 X2=1014  Y= 985 Y2=1023 P1=1023 P2=   0 T1=1023 T2= 907  P= 542  D=   1 
 X=1023 X2= 988  Y= 985 Y2=1018 P1=1023 P2=   0 T1=1023 T2= 930  P= 542  D=   1 
 X=1008 X2=1015  Y= 989 Y2=1023 P1=1023 P2=   0 T1=1019 T2= 922  P= 542  D=   1 
 X= 781 X2=1023  Y= 970 Y2=1023 P1=1023 P2=   0 T1=1019 T2= 924  P= 542  D=   1 
 X= 991 X2=1004  Y= 991 Y2=1020 P1=1023 P2=   0 T1=1023 T2= 928  P= 542  D=   1 
 X= 843 X2=1023  Y= 995 Y2=1023 P1=1023 P2=   0 T1=1023 T2= 934  P= 542  D=   1 
 X= 904 X2=1023  Y= 967 Y2=1020 P1=1023 P2=   0 T1=1023 T2= 931  P= 542  D=   1 
 X=1023 X2=1023  Y= 984 Y2=1019 P1=1023 P2=   0 T1=1020 T2= 930  P= 542  D=   1 
 X= 998 X2=1012  Y= 982 Y2=1023 P1=1023 P2=   0 T1=1023 T2= 926  P= 542  D=   1 
 X= 980 X2=1019  Y= 986 Y2=1019 P1=1023 P2=   0 T1=1023 T2= 936  P= 542  D=   1 
 X= 869 X2=1023  Y= 980 Y2=1020 P1=1023 P2=   0 T1=1020 T2= 936  P= 542  D=   1 
 X= 958 X2=1023  Y= 978 Y2=1023 P1=1023 P2=   0 T1=1019 T2= 927  P= 542  D=   1 
 X=1012 X2=1004  Y= 998 Y2=1019 P1=1023 P2=   0 T1=1023 T2= 911  P= 542  D=   1 
 X= 793 X2=1023  Y= 984 Y2=1023 P1=1023 P2=   0 T1=1020 T2= 932  P= 542  D=   1 
 X= 877 X2=1023  Y= 994 Y2=1019 P1=1023 P2=   0 T1=1023 T2= 948  P= 542  D=   1 
 X= 832 X2=1022  Y=1000 Y2=1018 P1=1023 P2=   0 T1=1020 T2= 934  P= 542  D=   1 
 X=1018 X2=1020  Y= 993 Y2=1019 P1=1023 P2=   0 T1=1023 T2= 937  P= 542  D=   1 
 X= 961 X2=1021  Y= 983 Y2=1023 P1=1023 P2=   0 T1=1020 T2= 924  P= 542  D=   1 
 X=1013 X2= 996  Y= 986 Y2=1023 P1=1023 P2=   0 T1=1023 T2= 921  P= 542  D=   1 
 X= 908 X2=1023  Y= 993 Y2=1018 P1=1023 P2=   0 T1=1020 T2= 943  P= 542  D=   1 
 X=1016 X2=1017  Y= 993 Y2=1023 P1=1023 P2=   0 T1=1023 T2= 885  P= 542  D=   1 
 X= 880 X2=1022  Y= 991 Y2=1023 P1=1023 P2=   0 T1=1019 T2= 923  P= 542  D=   1 
 X= 942 X2= 996  Y= 983 Y2=1023 P1=1023 P2=   0 T1=1023 T2= 932  P= 542  D=   1 
 X= 863 X2=1023  Y= 983 Y2=1019 P1=1023 P2=   0 T1=1020 T2= 916  P= 542  D=   1 
 X= 830 X2=1023  Y= 973 Y2=1023 P1=1023 P2=   0 T1=1020 T2= 913  P= 542  D=   1 
 X=1021 X2=1021  Y= 988 Y2=1023 P1=1023 P2=   0 T1=1020 T2= 936  P= 542  D=   1 
 X=1023 X2=1014  Y= 988 Y2=1018 P1=1022 P2=   0 T1=1023 T2= 915  P= 542  D=   1 
 X= 891 X2=1015  Y= 992 Y2=1020 P1=1023 P2=   0 T1=1023 T2= 930  P= 542  D=   1 
 X=1015 X2=1018  Y= 972 Y2=1023 P1=1023 P2=   0 T1=1023 T2= 885  P= 542  D=   1 
 X= 895 X2=1023  Y= 992 Y2=1023 P1=1023 P2=   0 T1=1023 T2= 913  P= 542  D=   1 
 X= 236 X2= 238  Y= 714 Y2= 710 P1= 827 P2= 244 T1=  20 T2= 499  P= 542  D=   1 * 0
 X= 237 X2= 239  Y= 711 Y2= 709 P1= 843 P2= 224 T1=  20 T2=  24  P= 657  D=   1 * 0
 X= 238 X2= 241  Y= 714 Y2= 710 P1= 838 P2= 237 T1=  20 T2=  20  P= 605  D=   1 * 0
 X= 238 X2= 241  Y= 713 Y2= 710 P1= 841 P2= 234 T1=  18 T2=  21  P= 619  D=   1 * 0
 X= 237 X2= 240  Y= 714 Y2= 710 P1= 838 P2= 237 T1=  21 T2=  22  P= 603  D=   1 * 1
 X= 238 X2= 240  Y= 716 Y2= 711 P1= 838 P2= 238 T1=  21 T2=  21  P= 602  D=   1 * 2
 X= 238 X2= 240  Y= 715 Y2= 710 P1= 839 P2= 237 T1=  21 T2=  20  P= 607  D=   1 * 3
 X= 238 X2= 240  Y= 715 Y2= 710 P1= 837 P2= 237 T1=  21 T2=  20  P= 604  D=   1 * 4
 X= 237 X2= 239  Y= 715 Y2= 711 P1= 838 P2= 238 T1=  21 T2=  20  P= 599  D=   1 * 5
 X= 238 X2= 239  Y= 715 Y2= 711 P1= 838 P2= 238 T1=  21 T2=  21  P= 599  D=   1 * 6
 X= 238 X2= 240  Y= 717 Y2= 710 P1= 837 P2= 237 T1=  20 T2=  21  P= 604  D=   1 * 7
 X= 237 X2= 240  Y= 715 Y2= 712 P1= 838 P2= 237 T1=  21 T2=  21  P= 603  D=   1 * 8
 X= 239 X2= 240  Y= 715 Y2= 711 P1= 838 P2= 238 T1=  22 T2=  21  P= 602  D=   1 * 9
 X= 237 X2= 240  Y= 715 Y2= 711 P1= 838 P2= 237 T1=  21 T2=  20  P= 603  D=   1 * 10
 X= 238 X2= 238  Y= 714 Y2= 711 P1= 838 P2= 238 T1=  21 T2=  21  P= 599  D=   1 * 11
 X= 238 X2= 240  Y= 715 Y2= 711 P1= 838 P2= 238 T1=  20 T2=  21  P= 602  D=   1 * 12
 X= 236 X2= 241  Y= 714 Y2= 711 P1= 837 P2= 238 T1=  20 T2=  20  P= 598  D=   1 * 13
 X= 237 X2= 240  Y= 715 Y2= 711 P1= 837 P2= 238 T1=  22 T2=  21  P= 598  D=   1 * 14
 X= 237 X2= 240  Y= 714 Y2= 711 P1= 838 P2= 238 T1=  21 T2=  20  P= 599  D=   1 * 15
 X= 238 X2= 241  Y= 715 Y2= 711 P1= 837 P2= 238 T1=  21 T2=  21  P= 601  D=   1 * 16
 X= 238 X2= 240  Y= 715 Y2= 711 P1= 836 P2= 238 T1=  21 T2=  21  P= 600  D=   1 * 17
 X= 239 X2= 240  Y= 715 Y2= 711 P1= 837 P2= 239 T1=  21 T2=  20  P= 597  D=   1 * 18
 X= 238 X2= 240  Y= 715 Y2= 711 P1= 836 P2= 238 T1=  21 T2=  20  P= 600  D=   1 * 19
 X= 237 X2= 240  Y= 715 Y2= 710 P1= 837 P2= 238 T1=  20 T2=  21  P= 598  D=   1 * 20
 X= 238 X2= 240  Y= 715 Y2= 711 P1= 836 P2= 238 T1=  21 T2=  21  P= 600  D=   1 * 21
 X= 238 X2= 240  Y= 716 Y2= 710 P1= 837 P2= 239 T1=  21 T2=  21  P= 597  D=   1 * 22
 X= 238 X2= 240  Y= 714 Y2= 711 P1= 837 P2= 238 T1=  19 T2=  21  P= 601  D=   1 * 23
 X= 238 X2= 240  Y= 714 Y2= 710 P1= 836 P2= 238 T1=  21 T2=  19  P= 600  D=   1 * 24
Remove Pin
 X= 238 X2= 240  Y= 714 Y2= 710 P1= 837 P2= 238 T1=  20 T2=  20  P= 601  D=   1 * 24
 X= 237 X2= 240  Y= 715 Y2= 711 P1= 837 P2= 238 T1=  21 T2=  20  P= 598  D=   1 * 24
 X= 237 X2= 238  Y= 714 Y2= 710 P1= 837 P2= 239 T1=  21 T2=  21  P= 592  D=   1 * 24
 X= 239 X2= 243  Y= 715 Y2= 711 P1= 837 P2= 239 T1=  21 T2=  21  P= 602  D=   1 * 24
 X= 238 X2= 240  Y= 715 Y2= 711 P1= 837 P2= 238 T1=  21 T2=  20  P= 601  D=   1 * 24
 X= 238 X2= 240  Y= 715 Y2= 711 P1= 837 P2= 239 T1=  21 T2=  21  P= 597  D=   1 * 24
 X= 238 X2= 240  Y= 715 Y2= 711 P1= 836 P2= 239 T1=  20 T2=  21  P= 596  D=   1 * 24
 X= 238 X2= 240  Y= 712 Y2= 711 P1= 837 P2= 239 T1=  21 T2=  20  P= 597  D=   1 * 24
 X= 238 X2= 236  Y= 715 Y2= 712 P1= 837 P2= 238 T1=  21 T2=  21  P= 596  D=   1 * 24
 X= 238 X2= 241  Y= 715 Y2= 710 P1= 837 P2= 239 T1=  20 T2=  21  P= 597  D=   1 * 24
 X= 237 X2= 241  Y= 714 Y2= 710 P1= 836 P2= 239 T1=  22 T2=  20  P= 596  D=   1 * 24
 X= 237 X2= 240  Y= 715 Y2= 710 P1= 837 P2= 238 T1=  21 T2=  21  P= 598  D=   1 * 24
 X= 237 X2= 240  Y= 716 Y2= 710 P1= 837 P2= 239 T1=  21 T2=  21  P= 595  D=   1 * 24
 X= 238 X2= 240  Y= 713 Y2= 709 P1= 837 P2= 238 T1=  21 T2=  20  P= 601  D=   1 * 24
 X= 236 X2= 240  Y= 715 Y2= 710 P1= 836 P2= 238 T1=  22 T2=  20  P= 597  D=   1 * 24
 X= 238 X2= 240  Y= 715 Y2= 711 P1= 837 P2= 238 T1=  21 T2=  21  P= 601  D=   1 * 24
 X= 243 X2= 240  Y= 713 Y2= 711 P1= 837 P2= 239 T1=  21 T2=  21  P= 602  D=   1 * 24
 X= 237 X2= 240  Y= 715 Y2= 710 P1= 836 P2= 239 T1=  20 T2=  21  P= 594  D=   1 * 24
 X= 237 X2= 240  Y= 715 Y2= 711 P1= 837 P2= 239 T1=  22 T2=  21  P= 595  D=   1 * 24
 X= 238 X2= 238  Y= 714 Y2= 711 P1= 837 P2= 238 T1=  21 T2=  21  P= 598  D=   1 * 24
 X= 238 X2= 239  Y= 715 Y2= 711 P1= 837 P2= 238 T1=  21 T2=  20  P= 598  D=   1 * 24
 X= 237 X2= 240  Y= 715 Y2= 710 P1= 837 P2= 239 T1=  20 T2=  21  P= 595  D=   1 * 24
 X= 238 X2= 240  Y= 716 Y2= 710 P1= 837 P2= 238 T1=  21 T2=  21  P= 601  D=   1 * 24
 X= 240 X2= 237  Y= 715 Y2= 710 P1= 837 P2= 238 T1=  21 T2=  20  P= 598  D=   1 * 24
 X= 238 X2= 240  Y= 714 Y2= 710 P1= 842 P2= 233 T1=  21 T2=  21  P= 624  D=   1 * 24
 X= 934 X2=1010  Y= 979 Y2=1023 P1=1023 P2=   0 T1=1023 T2= 914  P= 624  D=   1 
 X= 954 X2= 995  Y= 988 Y2=1018 P1=1023 P2=   0 T1=1019 T2= 913  P= 624  D=   1 
 X= 885 X2=1020  Y= 992 Y2=1023 P1=1023 P2=   0 T1=1023 T2= 937  P= 624  D=   1 
Target Noise  x= 2.50 y= 2.50
X[0]: Target= 23   235/ 237/ 241 Stdev= 1.23 N= 24  Y[0]: Target= 22   322/ 323/ 326 Stdev= 0.85 N= 24
X[1]: Target=456   808/ 809/ 811 Stdev= 0.71 N= 24  Y[1]: Target= 22   324/ 325/ 327 Stdev= 0.67 N= 24
X[2]: Target=456   807/ 809/ 811 Stdev= 0.86 N= 24  Y[2]: Target=249   714/ 715/ 716 Stdev= 0.51 N= 24
X[3]: Target= 23   238/ 239/ 239 Stdev= 0.48 N= 24  Y[3]: Target=249   711/ 713/ 713 Stdev= 0.56 N= 24
N=24 Avg=20
min: 20 20 20 20 20 20 
max: 23 21 21 20 20 20 
N=24 Avg=13
min: 13 13 13 13 13 13 
max: 14 14 14 14 14 14 
N=24 Avg=13
min: 12 13 13 13 13 13 
max: 15 14 14 14 14 14 
N=24 Avg=20
min: 19 20 20 20 20 20 
max: 21 21 21 21 21 21 
Using TNT center offset = 17
TNT Plane Coef: a= -745 b=   85 c= 362064
At  236, 323: Real=  20 Fit=  20 Offset=   3
At  809, 325: Real=  14 Fit=  15 Offset=  -2
At  808, 715: Real=  14 Fit=  15 Offset=  -2
At  238, 712: Real=  21 Fit=  21 Offset=   4
Fit Corners: 23, 12, 13, 23  Center: 17
Setting for min_tnt_up:   520
Setting for max_tnt_down: 22 (V2:33)
Entering calib_pressure_mfg
Using default pressure curve
468 471 487 495 509 524 553 575 612 
Summary:
Setting for max_tnt_down:      22
3.7 setting for max_tnt_down:     -1
Setting for min_tnt_up:       520
Setting for max_delta_tnt:      5
3.8 setting for max_delta_tnt:     -1
Setting for delay_in_us:        1
Setting for y_delay_in_us:      1
Setting for tnt_delay_in_us:    1
Setting for pressure_curve:  468 471 487 495 509 524 553 575 612
Setting for tnt_mode:           1
Setting for averaging:         -1
Setting for pointercal:      49524 -254 -10098234 -133 38244 -10879536 65536
Setting for tnt_plane:       -745 85 362064
