x1=1023 x2=1023 y1= 293 y2= 313 tnt1=1016 tnt2=1021
x1=1023 x2=1023 y1= 299 y2= 320 tnt1=1016 tnt2=1011
x1=1023 x2=1023 y1= 285 y2= 305 tnt1=1014 tnt2=1020
x1=1023 x2=1023 y1= 294 y2= 313 tnt1=1015 tnt2=1023
x1=1023 x2=1023 y1= 297 y2= 317 tnt1=1023 tnt2=1023
x1=1023 x2=1023 y1= 297 y2= 318 tnt1=1023 tnt2=1023
x1=1023 x2=1023 y1= 292 y2= 313 tnt1=1023 tnt2=1023
x1=1023 x2=1023 y1= 293 y2= 314 tnt1=1023 tnt2=1023
x1=1023 x2=1023 y1= 307 y2= 333 tnt1=1015 tnt2=1021
x1=1023 x2=1023 y1= 294 y2= 312 tnt1=1023 tnt2=1023
x1=1023 x2=1023 y1= 299 y2= 319 tnt1=1023 tnt2=1023
x1=1023 x2=1023 y1= 294 y2= 315 tnt1=1015 tnt2=1021
x1=1023 x2=1023 y1= 294 y2= 312 tnt1=1015 tnt2=1021
x1=1023 x2=1023 y1= 294 y2= 316 tnt1=1023 tnt2=1023
x1=1023 x2=1023 y1= 289 y2= 310 tnt1=1015 tnt2=1021
x1=1023 x2=1023 y1= 281 y2= 302 tnt1=1016 tnt2=1009
x1=1023 x2=1023 y1= 297 y2= 318 tnt1=1023 tnt2=1023
x1=1023 x2=1023 y1= 292 y2= 313 tnt1=1016 tnt2=1023
x1=1023 x2=1023 y1= 300 y2= 325 tnt1=1023 tnt2=1023
x1=1023 x2=1023 y1= 295 y2= 315 tnt1=1016 tnt2=1021
x1=1023 x2=1023 y1= 298 y2= 318 tnt1=1015 tnt2=1023
x1=1023 x2=1023 y1= 293 y2= 313 tnt1=1015 tnt2=1021
x1=1023 x2=1023 y1= 298 y2= 318 tnt1=1023 tnt2=1023
x1=1023 x2=1023 y1= 295 y2= 315 tnt1=1023 tnt2=1023
x1=1023 x2=1023 y1= 296 y2= 317 tnt1=1014 tnt2=1017
x1=1023 x2=1023 y1= 292 y2= 313 tnt1=1016 tnt2=1010
x1=1023 x2=1023 y1= 297 y2= 318 tnt1=1023 tnt2=1023
x1=1023 x2=1023 y1= 291 y2= 310 tnt1=1015 tnt2=1021
x1=1023 x2=1023 y1= 307 y2= 331 tnt1=1023 tnt2=1023
x1=1023 x2=1023 y1= 288 y2= 306 tnt1=1015 tnt2=1023
x1=1023 x2=1023 y1= 296 y2= 316 tnt1=1015 tnt2=1021
x1= 137 x2= 138 y1= 445 y2= 482 tnt1=  44 tnt2=  71
x1= 130 x2= 125 y1= 456 y2= 487 tnt1=  33 tnt2=  32
x1= 137 x2= 155 y1= 422 y2= 462 tnt1=  44 tnt2=  38
x1= 151 x2= 154 y1= 425 y2= 464 tnt1=  52 tnt2=  30
x1= 145 x2= 138 y1= 439 y2= 477 tnt1=  51 tnt2=  37
x1= 141 x2= 161 y1= 419 y2= 459 tnt1=  38 tnt2=  31
x1= 187 x2= 191 y1= 392 y2= 430 tnt1= 106 tnt2=  24
x1= 181 x2= 209 y1= 352 y2= 389 tnt1= 101 tnt2=  37
x1= 135 x2= 153 y1= 435 y2= 477 tnt1=  41 tnt2=  65
x1= 136 x2= 153 y1= 448 y2= 483 tnt1=  28 tnt2=  73
x1= 139 x2= 129 y1= 449 y2= 483 tnt1=  40 tnt2=  72
x1= 126 x2= 134 y1= 454 y2= 488 tnt1=  35 tnt2=  38
x1= 144 x2= 142 y1= 454 y2= 488 tnt1=  27 tnt2=  31
x1= 139 x2= 132 y1= 458 y2= 491 tnt1=  41 tnt2=  45
x1= 147 x2= 152 y1= 430 y2= 466 tnt1= 425 tnt2= 158
x1=1023 x2=1023 y1= 292 y2= 310 tnt1=1015 tnt2=1021
x1=1023 x2=1023 y1= 285 y2= 306 tnt1=1023 tnt2=1021
x1=1023 x2=1023 y1= 275 y2= 300 tnt1=1023 tnt2=1018
x1=1023 x2=1023 y1= 282 y2= 302 tnt1=1023 tnt2=1014
x1=1023 x2=1023 y1= 294 y2= 314 tnt1=1023 tnt2=1023
x1=1023 x2=1022 y1= 292 y2= 312 tnt1=1023 tnt2=1023
x1= 165 x2= 169 y1= 433 y2= 474 tnt1=  41 tnt2=  34
x1= 169 x2= 171 y1= 428 y2= 466 tnt1=  49 tnt2=  37
x1= 147 x2= 156 y1= 435 y2= 475 tnt1=  44 tnt2=  41
x1= 143 x2= 159 y1= 458 y2= 494 tnt1=  22 tnt2=  20
x1= 151 x2= 166 y1= 447 y2= 486 tnt1=  36 tnt2=  25
x1= 133 x2= 139 y1= 475 y2= 505 tnt1=  27 tnt2=  29
x1= 150 x2= 144 y1= 458 y2= 493 tnt1=  37 tnt2=  33
x1= 199 x2= 197 y1= 383 y2= 422 tnt1= 118 tnt2=  41
x1=1023 x2=1023 y1= 297 y2= 317 tnt1=1023 tnt2=1023
x1=1023 x2=1023 y1= 285 y2= 307 tnt1=1011 tnt2=1020
x1=1023 x2=1023 y1= 296 y2= 317 tnt1=1009 tnt2=1017
x1= 250 x2= 271 y1= 344 y2= 370 tnt1=  85 tnt2=  34
x1= 170 x2= 192 y1= 417 y2= 461 tnt1=  75 tnt2=  25
x1= 151 x2= 170 y1= 450 y2= 489 tnt1=  26 tnt2=  22
x1= 140 x2= 147 y1= 478 y2= 507 tnt1=  22 tnt2=  26
x1= 143 x2= 151 y1= 474 y2= 505 tnt1=  28 tnt2=  25
x1= 200 x2= 199 y1= 396 y2= 443 tnt1= 120 tnt2=  32
x1= 187 x2= 215 y1= 406 y2= 447 tnt1=  72 tnt2= 163
x1=1023 x2=1023 y1= 290 y2= 309 tnt1=1023 tnt2=1023
x1=1023 x2=1023 y1= 295 y2= 316 tnt1=1023 tnt2=1023
x1=1023 x2=1023 y1= 285 y2= 307 tnt1=1016 tnt2=1010
x1= 160 x2= 168 y1= 446 y2= 486 tnt1=  41 tnt2=  71
x1= 195 x2= 218 y1= 388 y2= 429 tnt1= 111 tnt2=  40
x1= 208 x2= 205 y1= 383 y2= 416 tnt1= 101 tnt2=  51
x1= 162 x2= 172 y1= 436 y2= 474 tnt1=  52 tnt2=  39
x1= 159 x2= 169 y1= 447 y2= 486 tnt1=  46 tnt2=  33
x1= 171 x2= 165 y1= 448 y2= 491 tnt1=  47 tnt2=  29
x1= 171 x2= 165 y1= 450 y2= 491 tnt1=  49 tnt2=  23
x1= 159 x2= 170 y1= 477 y2= 505 tnt1=  20 tnt2=  23
x1= 168 x2= 165 y1= 481 y2= 506 tnt1=  19 tnt2=  26
x1= 154 x2= 159 y1= 483 y2= 508 tnt1=  22 tnt2=  30
x1= 162 x2= 161 y1= 485 y2= 507 tnt1=  26 tnt2=  25
x1= 156 x2= 169 y1= 486 y2= 509 tnt1=  13 tnt2=  17
x1= 160 x2= 152 y1= 482 y2= 508 tnt1=  26 tnt2=  30
x1= 149 x2= 158 y1= 483 y2= 508 tnt1=  22 tnt2=  25
x1= 168 x2= 165 y1= 477 y2= 505 tnt1=  20 tnt2=  25
x1= 162 x2= 158 y1= 482 y2= 508 tnt1=  32 tnt2=  23
x1= 160 x2= 168 y1= 478 y2= 507 tnt1=  16 tnt2=  24
x1= 165 x2= 157 y1= 469 y2= 502 tnt1=  30 tnt2=  30
x1= 173 x2= 170 y1= 476 y2= 505 tnt1=  20 tnt2=  21
x1= 161 x2= 173 y1= 479 y2= 507 tnt1=  15 tnt2=  17
x1= 159 x2= 163 y1= 487 y2= 510 tnt1=   9 tnt2=  17
x1= 165 x2= 156 y1= 484 y2= 508 tnt1=  26 tnt2=  28
x1= 156 x2= 163 y1= 481 y2= 508 tnt1=  24 tnt2=  29
x1= 170 x2= 166 y1= 490 y2= 513 tnt1=  17 tnt2=  20
x1= 168 x2= 165 y1= 493 y2= 513 tnt1=  16 tnt2=  18
x1= 161 x2= 161 y1= 498 y2= 516 tnt1=  21 tnt2=  18
x1= 160 x2= 165 y1= 499 y2= 517 tnt1=  11 tnt2=  16
x1= 170 x2= 166 y1= 498 y2= 516 tnt1=  12 tnt2=  15
x1= 153 x2= 162 y1= 500 y2= 517 tnt1=  16 tnt2=  17
x1= 161 x2= 165 y1= 497 y2= 516 tnt1=  16 tnt2=  18
x1= 172 x2= 169 y1= 496 y2= 516 tnt1=  16 tnt2=  19
x1= 170 x2= 164 y1= 490 y2= 514 tnt1=  26 tnt2=  30
x1= 187 x2= 183 y1= 434 y2= 478 tnt1=  51 tnt2=  32
x1=1023 x2=1023 y1= 293 y2= 314 tnt1=1016 tnt2=1013
x1=1023 x2=1023 y1= 284 y2= 305 tnt1=1015 tnt2=1010
x1=1023 x2=1023 y1= 285 y2= 306 tnt1=1023 tnt2=1023
x1=1023 x2=1023 y1= 273 y2= 296 tnt1=1015 tnt2=1023
x1= 197 x2= 191 y1= 434 y2= 476 tnt1=  70 tnt2=  41
x1= 166 x2= 174 y1= 490 y2= 512 tnt1=  20 tnt2=  25
x1= 170 x2= 174 y1= 493 y2= 513 tnt1=  17 tnt2=  10
x1= 173 x2= 174 y1= 497 y2= 515 tnt1=  25 tnt2=  26
x1= 173 x2= 169 y1= 497 y2= 514 tnt1=  19 tnt2=  23
x1= 176 x2= 184 y1= 489 y2= 512 tnt1=  16 tnt2=  19
x1= 181 x2= 179 y1= 495 y2= 514 tnt1=  16 tnt2=  19
x1= 167 x2= 176 y1= 494 y2= 514 tnt1=  19 tnt2=  22
x1= 187 x2= 185 y1= 480 y2= 510 tnt1=  19 tnt2=  29
x1= 187 x2= 198 y1= 462 y2= 499 tnt1=  25 tnt2=  22
x1= 179 x2= 188 y1= 472 y2= 501 tnt1=  29 tnt2=  30
x1= 182 x2= 192 y1= 459 y2= 496 tnt1=  35 tnt2=  31
x1= 194 x2= 194 y1= 475 y2= 505 tnt1=  26 tnt2=  25
x1= 190 x2= 186 y1= 482 y2= 509 tnt1=  31 tnt2=  36
x1= 185 x2= 189 y1= 484 y2= 507 tnt1=  11 tnt2=  14
x1= 197 x2= 193 y1= 487 y2= 510 tnt1=  17 tnt2=  21
x1= 193 x2= 191 y1= 489 y2= 511 tnt1=  18 tnt2=  18
x1= 186 x2= 190 y1= 489 y2= 510 tnt1=  19 tnt2=  21
x1= 188 x2= 192 y1= 492 y2= 513 tnt1=  14 tnt2=  27
x1= 181 x2= 189 y1= 495 y2= 514 tnt1=  19 tnt2=   9
x1= 182 x2= 191 y1= 491 y2= 512 tnt1=  19 tnt2=  22
x1= 192 x2= 200 y1= 489 y2= 510 tnt1=  14 tnt2=  16
x1= 199 x2= 190 y1= 482 y2= 509 tnt1=  31 tnt2=  33
x1= 196 x2= 200 y1= 477 y2= 504 tnt1=  19 tnt2=  26
x1= 190 x2= 198 y1= 482 y2= 509 tnt1=  26 tnt2=  29
x1= 212 x2= 208 y1= 475 y2= 505 tnt1=  21 tnt2=  25
x1= 194 x2= 200 y1= 488 y2= 512 tnt1=  20 tnt2=  24
x1= 195 x2= 199 y1= 488 y2= 509 tnt1=  19 tnt2=  23
x1= 199 x2= 195 y1= 493 y2= 514 tnt1=  27 tnt2=  22
x1= 190 x2= 202 y1= 487 y2= 512 tnt1=  21 tnt2=  15
x1= 193 x2= 202 y1= 482 y2= 509 tnt1=  24 tnt2=  27
x1= 216 x2= 217 y1= 460 y2= 496 tnt1=  29 tnt2=  23
x1= 216 x2= 205 y1= 457 y2= 495 tnt1=  44 tnt2=  32
x1= 210 x2= 232 y1= 442 y2= 483 tnt1=  33 tnt2=  19
x1= 214 x2= 214 y1= 477 y2= 507 tnt1=  23 tnt2=  26
x1= 215 x2= 208 y1= 465 y2= 497 tnt1=  40 tnt2=  35
x1= 205 x2= 211 y1= 485 y2= 509 tnt1=  22 tnt2=  25
x1= 207 x2= 218 y1= 461 y2= 497 tnt1=  34 tnt2=  32
x1= 204 x2= 217 y1= 473 y2= 504 tnt1=  31 tnt2=  18
x1= 203 x2= 212 y1= 483 y2= 510 tnt1=  27 tnt2=  20
x1= 217 x2= 216 y1= 483 y2= 510 tnt1=  19 tnt2=  26
x1= 216 x2= 216 y1= 482 y2= 508 tnt1=  21 tnt2=  25
x1= 207 x2= 212 y1= 493 y2= 513 tnt1=  19 tnt2=  13
x1= 208 x2= 220 y1= 494 y2= 512 tnt1=  12 tnt2=  13
x1= 210 x2= 220 y1= 493 y2= 513 tnt1=  12 tnt2=  20
x1= 209 x2= 215 y1= 488 y2= 512 tnt1=  21 tnt2=  27
x1=1023 x2=1023 y1= 297 y2= 317 tnt1=1023 tnt2=1023
x1=1023 x2=1023 y1= 286 y2= 307 tnt1=1023 tnt2=1023
x1=1023 x2=1023 y1= 288 y2= 306 tnt1=1016 tnt2=1023
x1=1023 x2=1023 y1= 289 y2= 312 tnt1=1016 tnt2=1023
x1= 269 x2= 282 y1= 388 y2= 425 tnt1= 139 tnt2=  51
x1= 244 x2= 250 y1= 432 y2= 476 tnt1=  48 tnt2=  38
x1= 256 x2= 287 y1= 385 y2= 422 tnt1= 138 tnt2=  64
x1= 249 x2= 267 y1= 388 y2= 426 tnt1= 141 tnt2=  52
x1= 235 x2= 256 y1= 389 y2= 425 tnt1= 102 tnt2=  63
x1= 233 x2= 250 y1= 399 y2= 438 tnt1=  94 tnt2=  46
x1= 237 x2= 241 y1= 454 y2= 490 tnt1=  35 tnt2=  45
x1= 240 x2= 238 y1= 413 y2= 455 tnt1=  70 tnt2=  75
x1= 228 x2= 233 y1= 468 y2= 503 tnt1=  37 tnt2=  39
x1= 242 x2= 242 y1= 460 y2= 497 tnt1=  29 tnt2=  41
x1= 232 x2= 259 y1= 418 y2= 459 tnt1=  44 tnt2=  31
x1= 612 x2= 625 y1= 315 y2= 335 tnt1= 554 tnt2=  78
x1= 560 x2= 599 y1= 309 y2= 330 tnt1= 376 tnt2=1020
x1=1023 x2=1023 y1= 297 y2= 318 tnt1=1023 tnt2=1023
x1=1023 x2=1023 y1= 290 y2= 308 tnt1=1023 tnt2=1023
x1=1023 x2=1023 y1= 292 y2= 313 tnt1=1023 tnt2=1022
x1=1023 x2=1023 y1= 291 y2= 311 tnt1=1023 tnt2=1023
x1=1023 x2=1023 y1= 292 y2= 314 tnt1=1023 tnt2=1023
x1=1023 x2=1023 y1= 279 y2= 299 tnt1=1023 tnt2=1021
x1=1023 x2=1023 y1= 287 y2= 315 tnt1=1016 tnt2=1023
x1=1023 x2=1022 y1= 288 y2= 307 tnt1=1023 tnt2= 128
x1= 236 x2= 255 y1= 450 y2= 483 tnt1=  28 tnt2=  68
x1=1006 x2= 993 y1= 287 y2= 308 tnt1= 966 tnt2=1023
x1=1023 x2=1023 y1= 294 y2= 315 tnt1=1016 tnt2=1021
x1=1023 x2=1023 y1= 297 y2= 318 tnt1=1023 tnt2=1023
x1=1023 x2=1023 y1= 290 y2= 311 tnt1=1016 tnt2=1011
x1=1023 x2=1023 y1= 298 y2= 319 tnt1=1023 tnt2=1023
x1=1023 x2=1023 y1= 292 y2= 312 tnt1=1014 tnt2=1020
x1=1023 x2=1023 y1= 281 y2= 304 tnt1=1016 tnt2=1023
x1=1023 x2=1023 y1= 291 y2= 311 tnt1=1023 tnt2=1019
x1=1023 x2=1023 y1= 291 y2= 310 tnt1=1015 tnt2=1020
x1=1023 x2=1023 y1= 295 y2= 315 tnt1=1023 tnt2=1023
x1=1023 x2=1023 y1= 299 y2= 318 tnt1=1023 tnt2=1023
x1=1023 x2=1023 y1= 289 y2= 308 tnt1=1023 tnt2=1023
x1=1023 x2=1023 y1= 295 y2= 315 tnt1=1014 tnt2=1017
x1=1023 x2=1023 y1= 292 y2= 313 tnt1=1016 tnt2=1011
x1=1023 x2=1023 y1= 294 y2= 312 tnt1=1015 tnt2=1020
x1=1023 x2=1023 y1= 294 y2= 314 tnt1=1015 tnt2=1021
x1=1023 x2=1023 y1= 285 y2= 307 tnt1=1016 tnt2=1023
x1=1023 x2=1023 y1= 282 y2= 306 tnt1=1023 tnt2=1019
x1=1023 x2=1023 y1= 287 y2= 307 tnt1=1023 tnt2=1023
x1=1023 x2=1023 y1= 292 y2= 313 tnt1=1023 tnt2=1023
x1=1023 x2=1023 y1= 292 y2= 311 tnt1=1023 tnt2=1023
x1=1023 x2=1023 y1= 291 y2= 312 tnt1=1015 tnt2=1019
x1=1023 x2=1023 y1= 296 y2= 317 tnt1=1016 tnt2=1012
x1=1023 x2=1023 y1= 292 y2= 313 tnt1=1015 tnt2=1010
x1=1023 x2=1023 y1= 291 y2= 311 tnt1=1016 tnt2=1023
x1=1023 x2=1023 y1= 294 y2= 314 tnt1=1015 tnt2=1021
x1=1023 x2=1023 y1= 282 y2= 301 tnt1=1023 tnt2=1023
x1=1023 x2=1023 y1= 295 y2= 317 tnt1=1023 tnt2=1021
x1=1023 x2=1023 y1= 293 y2= 314 tnt1=1023 tnt2=1023
x1=1023 x2=1023 y1= 295 y2= 316 tnt1=1023 tnt2=1023
x1=1023 x2=1023 y1= 299 y2= 319 tnt1=1023 tnt2=1023
x1=1023 x2=1023 y1= 290 y2= 310 tnt1=1016 tnt2=1021
x1=1023 x2=1023 y1= 291 y2= 309 tnt1=1017 tnt2=1010
x1=1023 x2=1023 y1= 295 y2= 315 tnt1=1023 tnt2=1023
x1=1023 x2=1023 y1= 294 y2= 315 tnt1=1015 tnt2=1021
x1=1023 x2=1023 y1= 291 y2= 311 tnt1=1023 tnt2=1010
x1=1023 x2=1023 y1= 286 y2= 309 tnt1=1023 tnt2=1020
x1=1023 x2=1023 y1= 289 y2= 311 tnt1=1023 tnt2=1010
x1=1023 x2=1023 y1= 298 y2= 319 tnt1=1023 tnt2=1023
x1=1023 x2=1023 y1= 290 y2= 310 tnt1=1015 tnt2=1020
x1=1023 x2=1023 y1= 292 y2= 314 tnt1=1016 tnt2=1010
x1=1023 x2=1023 y1= 294 y2= 316 tnt1=1016 tnt2=1015
x1=1023 x2=1023 y1= 290 y2= 309 tnt1=1023 tnt2=1023
x1=1023 x2=1023 y1= 290 y2= 309 tnt1=1016 tnt2=1023
x1=1023 x2=1023 y1= 295 y2= 314 tnt1=1015 tnt2=1022
x1=1023 x2=1023 y1= 294 y2= 315 tnt1=1023 tnt2=1023
x1=1023 x2=1023 y1= 282 y2= 307 tnt1=1023 tnt2=1021
x1=1023 x2=1023 y1= 287 y2= 320 tnt1=1017 tnt2=1023
x1=1023 x2=1023 y1= 294 y2= 315 tnt1=1023 tnt2=1023
x1=1023 x2=1023 y1= 295 y2= 316 tnt1=1023 tnt2=1023
x1=1023 x2=1023 y1= 292 y2= 315 tnt1=1015 tnt2=1014
x1=1023 x2=1023 y1= 299 y2= 317 tnt1=1016 tnt2=1023
x1=1023 x2=1023 y1= 297 y2= 317 tnt1=1023 tnt2=1023
x1=1023 x2=1023 y1= 292 y2= 312 tnt1=1017 tnt2=1023
x1=1023 x2=1023 y1= 298 y2= 318 tnt1=1023 tnt2=1023
x1=1023 x2=1023 y1= 294 y2= 315 tnt1=1023 tnt2=1023
x1=1023 x2=1023 y1= 295 y2= 318 tnt1=1015 tnt2=1023
x1=1023 x2=1023 y1= 276 y2= 299 tnt1=1016 tnt2=1023
x1=1023 x2=1023 y1= 293 y2= 313 tnt1=1023 tnt2=1023
x1=1023 x2=1023 y1= 290 y2= 311 tnt1=1016 tnt2=1021
x1=1023 x2=1023 y1= 287 y2= 308 tnt1=1015 tnt2=1021
x1=1023 x2=1023 y1= 291 y2= 310 tnt1=1023 tnt2=1023
x1=1023 x2=1023 y1= 295 y2= 315 tnt1=1023 tnt2=1023
x1=1023 x2=1023 y1= 291 y2= 312 tnt1=1017 tnt2=1013
x1=1023 x2=1023 y1= 300 y2= 320 tnt1=1023 tnt2=1023
x1=1023 x2=1023 y1= 299 y2= 319 tnt1=1023 tnt2=1023
x1=1023 x2=1023 y1= 282 y2= 307 tnt1=1023 tnt2=1023
x1=1023 x2=1023 y1= 284 y2= 306 tnt1=1023 tnt2=1023
x1=1023 x2=1023 y1= 295 y2= 315 tnt1=1015 tnt2=1021
x1=1023 x2=1023 y1= 294 y2= 314 tnt1=1015 tnt2=1021
x1=1023 x2=1023 y1= 297 y2= 318 tnt1=1023 tnt2=1023
x1=1023 x2=1023 y1= 296 y2= 315 tnt1=1023 tnt2=1023
x1=1023 x2=1023 y1= 298 y2= 318 tnt1=1023 tnt2=1023
x1=1023 x2=1023 y1= 294 y2= 315 tnt1=1023 tnt2=1020
x1=1023 x2=1023 y1= 292 y2= 310 tnt1=1023 tnt2=1023
x1=1023 x2=1023 y1= 292 y2= 312 tnt1=1015 tnt2=1021
x1=1023 x2=1023 y1= 293 y2= 314 tnt1=1015 tnt2=1017
x1=1023 x2=1023 y1= 292 y2= 321 tnt1=1023 tnt2=1021
x1=1023 x2=1023 y1= 296 y2= 316 tnt1=1015 tnt2=1020
x1=1023 x2=1023 y1= 294 y2= 315 tnt1=1015 tnt2=1021
x1=1023 x2=1023 y1= 295 y2= 315 tnt1=1023 tnt2=1023
x1=1023 x2=1023 y1= 295 y2= 316 tnt1=1023 tnt2=1023
x1=1023 x2=1023 y1= 295 y2= 313 tnt1=1017 tnt2=1021
x1=1023 x2=1023 y1= 286 y2= 304 tnt1=1015 tnt2=1020
x1= 284 x2= 311 y1= 434 y2= 469 tnt1=  39 tnt2=  39
x1= 299 x2= 300 y1= 450 y2= 483 tnt1=  30 tnt2=  34
x1= 294 x2= 283 y1= 463 y2= 497 tnt1=  27 tnt2=  35
x1= 285 x2= 299 y1= 468 y2= 497 tnt1=  14 tnt2=  39
x1= 286 x2= 301 y1= 468 y2= 493 tnt1=  21 tnt2=  25
x1= 295 x2= 288 y1= 452 y2= 483 tnt1=  47 tnt2=  42
x1= 292 x2= 297 y1= 454 y2= 486 tnt1=  41 tnt2=  32
x1= 303 x2= 316 y1= 414 y2= 453 tnt1=  71 tnt2=  36
x1= 297 x2= 294 y1= 447 y2= 480 tnt1=  43 tnt2=  48
x1= 301 x2= 307 y1= 443 y2= 479 tnt1=  42 tnt2=  22
x1= 292 x2= 304 y1= 465 y2= 492 tnt1=  20 tnt2=  27
x1= 300 x2= 300 y1= 468 y2= 494 tnt1=  22 tnt2=  26
x1= 293 x2= 300 y1= 491 y2= 506 tnt1=  18 tnt2=  22
x1= 290 x2= 299 y1= 481 y2= 499 tnt1=  16 tnt2=  19
x1= 295 x2= 285 y1= 482 y2= 499 tnt1=  26 tnt2=  31
x1= 282 x2= 293 y1= 485 y2= 500 tnt1=  18 tnt2=  22
x1= 295 x2= 297 y1= 482 y2= 498 tnt1=  20 tnt2=  21
x1= 292 x2= 297 y1= 482 y2= 498 tnt1=  13 tnt2=  21
x1= 297 x2= 289 y1= 483 y2= 499 tnt1=  24 tnt2=  27
x1= 296 x2= 307 y1= 479 y2= 496 tnt1=  12 tnt2=  13
x1= 309 x2= 304 y1= 478 y2= 495 tnt1=  16 tnt2=  21
x1= 292 x2= 301 y1= 474 y2= 495 tnt1=  22 tnt2=  27
x1= 313 x2= 310 y1= 485 y2= 501 tnt1=  21 tnt2=  24
x1= 305 x2= 299 y1= 470 y2= 491 tnt1=  23 tnt2=  36
x1= 307 x2= 305 y1= 471 y2= 491 tnt1=  25 tnt2=  29
x1= 299 x2= 311 y1= 456 y2= 484 tnt1=  31 tnt2=  35
x1= 320 x2= 320 y1= 454 y2= 483 tnt1=  26 tnt2=  29
x1= 316 x2= 326 y1= 424 y2= 458 tnt1=  66 tnt2=  34
x1=1023 x2=1023 y1= 300 y2= 320 tnt1=1014 tnt2=1020
x1=1023 x2=1023 y1= 299 y2= 319 tnt1=1015 tnt2=1020
x1=1023 x2=1023 y1= 298 y2= 318 tnt1=1023 tnt2=1023
x1=1023 x2=1023 y1= 293 y2= 313 tnt1=1023 tnt2=1023
x1=1023 x2=1023 y1= 302 y2= 329 tnt1=1016 tnt2=1022
x1=1023 x2=1023 y1= 300 y2= 321 tnt1=1023 tnt2=1023
x1=1023 x2=1023 y1= 301 y2= 319 tnt1=1023 tnt2=1023
x1=1023 x2=1023 y1= 300 y2= 321 tnt1=1015 tnt2=1020
x1=1023 x2=1023 y1= 291 y2= 311 tnt1=1016 tnt2=1010
x1=1023 x2=1023 y1= 300 y2= 320 tnt1=1023 tnt2=1023
x1=1023 x2=1023 y1= 300 y2= 319 tnt1=1015 tnt2=1021
x1=1023 x2=1023 y1= 300 y2= 321 tnt1=1015 tnt2=1021
x1=1023 x2=1023 y1= 295 y2= 314 tnt1=1023 tnt2=1023
x1=1023 x2=1023 y1= 298 y2= 319 tnt1=1023 tnt2=1023
x1=1023 x2=1023 y1= 290 y2= 311 tnt1=1023 tnt2=1023
x1=1023 x2=1023 y1= 289 y2= 313 tnt1=1023 tnt2=1015
x1=1023 x2=1023 y1= 288 y2= 308 tnt1=1014 tnt2=1021
x1=1023 x2=1023 y1= 295 y2= 316 tnt1=1016 tnt2=1016
x1=1023 x2=1023 y1= 298 y2= 319 tnt1=1016 tnt2=1010
x1=1023 x2=1023 y1= 293 y2= 311 tnt1=1016 tnt2=1023
x1=1023 x2=1023 y1= 299 y2= 320 tnt1=1016 tnt2=1021
x1=1023 x2=1023 y1= 299 y2= 320 tnt1=1023 tnt2=1023
x1=1023 x2=1023 y1= 300 y2= 320 tnt1=1023 tnt2=1023
x1=1023 x2=1023 y1= 306 y2= 325 tnt1=1015 tnt2=1010
x1=1023 x2=1023 y1= 294 y2= 318 tnt1=1023 tnt2=1023
x1=1023 x2=1023 y1= 303 y2= 327 tnt1=1023 tnt2=1021
x1=1023 x2=1023 y1= 300 y2= 320 tnt1=1015 tnt2=1018
x1= 340 x2= 355 y1= 413 y2= 444 tnt1=  45 tnt2=  80
x1= 326 x2= 347 y1= 414 y2= 448 tnt1=  51 tnt2=  44
x1= 320 x2= 362 y1= 366 y2= 396 tnt1= 129 tnt2=  74
x1= 332 x2= 341 y1= 379 y2= 411 tnt1= 102 tnt2=  47
x1= 330 x2= 341 y1= 458 y2= 481 tnt1=  26 tnt2=  35
x1= 339 x2= 354 y1= 461 y2= 480 tnt1=  15 tnt2=  21
x1= 344 x2= 344 y1= 463 y2= 482 tnt1=  20 tnt2=  26
x1= 341 x2= 341 y1= 466 y2= 485 tnt1=  24 tnt2=  15
x1= 340 x2= 348 y1= 463 y2= 483 tnt1=  16 tnt2=  33
x1= 350 x2= 348 y1= 463 y2= 482 tnt1=  19 tnt2=  23
x1= 337 x2= 344 y1= 462 y2= 481 tnt1=  21 tnt2=  26
x1= 342 x2= 357 y1= 464 y2= 481 tnt1=  12 tnt2=  18
x1= 347 x2= 350 y1= 458 y2= 480 tnt1=  26 tnt2=  38
x1= 338 x2= 346 y1= 458 y2= 479 tnt1=  28 tnt2=  31
x1= 336 x2= 347 y1= 460 y2= 479 tnt1=  24 tnt2=  29
x1= 353 x2= 351 y1= 462 y2= 481 tnt1=  18 tnt2=  22
x1= 350 x2= 351 y1= 464 y2= 481 tnt1=  18 tnt2=  22
x1= 347 x2= 356 y1= 459 y2= 481 tnt1=  14 tnt2=  35
x1= 354 x2= 355 y1= 461 y2= 480 tnt1=  17 tnt2=  31
x1= 359 x2= 357 y1= 458 y2= 477 tnt1=  19 tnt2=  25
x1= 347 x2= 355 y1= 452 y2= 474 tnt1=  26 tnt2=  30
x1= 351 x2= 360 y1= 441 y2= 468 tnt1=  19 tnt2=  26
x1=1023 x2=1023 y1= 289 y2= 311 tnt1=1020 tnt2=1023
x1=1023 x2=1023 y1= 297 y2= 318 tnt1=1023 tnt2=1023
x1=1023 x2=1023 y1= 296 y2= 316 tnt1=1014 tnt2=1020
x1=1023 x2=1023 y1= 298 y2= 316 tnt1=1016 tnt2=1009
x1=1023 x2=1023 y1= 297 y2= 318 tnt1=1023 tnt2=1019
x1= 342 x2= 385 y1= 371 y2= 406 tnt1= 106 tnt2= 218
x1=1023 x2=1023 y1= 302 y2= 323 tnt1=1012 tnt2=1023
x1= 341 x2= 363 y1= 415 y2= 447 tnt1=  61 tnt2=  76
x1= 359 x2= 378 y1= 388 y2= 424 tnt1= 289 tnt2= 172
x1=1023 x2=1023 y1= 305 y2= 326 tnt1=1014 tnt2=1023
x1=1023 x2=1023 y1= 297 y2= 315 tnt1=1023 tnt2=1023
x1=1023 x2=1023 y1= 303 y2= 324 tnt1=1023 tnt2=1023
x1=1023 x2=1023 y1= 295 y2= 314 tnt1=1015 tnt2=1021
x1=1023 x2=1023 y1= 302 y2= 323 tnt1=1017 tnt2=1010
x1=1023 x2=1023 y1= 295 y2= 315 tnt1=1015 tnt2=1020
x1=1023 x2=1023 y1= 297 y2= 318 tnt1=1023 tnt2=1020
x1=1023 x2=1023 y1= 286 y2= 309 tnt1=1023 tnt2=1021
x1=1023 x2=1023 y1= 297 y2= 318 tnt1=1023 tnt2=1023
x1=1023 x2=1023 y1= 298 y2= 319 tnt1=1023 tnt2=1023
x1= 377 x2= 381 y1= 442 y2= 466 tnt1=  38 tnt2=  48
x1= 367 x2= 374 y1= 397 y2= 427 tnt1=  89 tnt2=  46
x1= 375 x2= 392 y1= 397 y2= 428 tnt1=  51 tnt2=  38
x1= 359 x2= 392 y1= 389 y2= 418 tnt1=  62 tnt2=  33
x1= 353 x2= 382 y1= 338 y2= 362 tnt1= 195 tnt2=  56
x1=1023 x2=1023 y1= 300 y2= 320 tnt1=1008 tnt2=1020
x1=1023 x2=1023 y1= 282 y2= 306 tnt1=1015 tnt2=1023
x1=1023 x2=1023 y1= 305 y2= 327 tnt1=1023 tnt2=1020
x1=1023 x2=1023 y1= 299 y2= 320 tnt1=1023 tnt2=1023
x1=1023 x2=1023 y1= 300 y2= 320 tnt1=1023 tnt2=1023
x1= 371 x2= 401 y1= 417 y2= 443 tnt1=  62 tnt2=  33
x1= 377 x2= 385 y1= 444 y2= 464 tnt1=  26 tnt2=  36
x1= 389 x2= 388 y1= 446 y2= 465 tnt1=  21 tnt2=  28
x1= 393 x2= 395 y1= 435 y2= 457 tnt1=  29 tnt2=  31
x1= 380 x2= 387 y1= 440 y2= 461 tnt1=  28 tnt2=  29
x1= 383 x2= 398 y1= 443 y2= 463 tnt1=  18 tnt2=  21
x1= 382 x2= 397 y1= 446 y2= 464 tnt1=  22 tnt2=  26
x1= 374 x2= 384 y1= 448 y2= 466 tnt1=  22 tnt2=  21
x1= 393 x2= 387 y1= 452 y2= 466 tnt1=  17 tnt2=  22
x1= 386 x2= 386 y1= 452 y2= 467 tnt1=  18 tnt2=  21
x1= 386 x2= 386 y1= 451 y2= 465 tnt1=  28 tnt2=  21
x1= 385 x2= 382 y1= 450 y2= 464 tnt1=  20 tnt2=  29
x1= 394 x2= 393 y1= 445 y2= 463 tnt1=  22 tnt2=  28
x1= 382 x2= 392 y1= 435 y2= 457 tnt1=  32 tnt2=  34
x1= 385 x2= 407 y1= 428 y2= 453 tnt1=  22 tnt2=  27
x1= 394 x2= 397 y1= 434 y2= 459 tnt1=  28 tnt2=  46
x1= 380 x2= 397 y1= 429 y2= 455 tnt1=  38 tnt2=  28
x1= 392 x2= 393 y1= 432 y2= 457 tnt1=  38 tnt2=  34
x1= 397 x2= 403 y1= 424 y2= 451 tnt1=  35 tnt2=  36
x1= 389 x2= 404 y1= 404 y2= 436 tnt1=  47 tnt2=  52
x1= 378 x2= 412 y1= 390 y2= 427 tnt1=  54 tnt2=  31
x1= 367 x2= 408 y1= 357 y2= 390 tnt1= 131 tnt2=  49
x1= 387 x2= 396 y1= 395 y2= 424 tnt1=  93 tnt2=  53
x1= 400 x2= 404 y1= 431 y2= 456 tnt1=  32 tnt2=  34
x1= 387 x2= 396 y1= 442 y2= 462 tnt1=  28 tnt2=  31
x1= 396 x2= 393 y1= 436 y2= 459 tnt1=  35 tnt2=  39
x1= 387 x2= 397 y1= 445 y2= 464 tnt1=  25 tnt2=  20
x1= 401 x2= 400 y1= 442 y2= 462 tnt1=  21 tnt2=  32
x1= 393 x2= 401 y1= 434 y2= 456 tnt1=  14 tnt2=  22
x1= 393 x2= 400 y1= 440 y2= 458 tnt1=  17 tnt2=  31
x1= 393 x2= 415 y1= 423 y2= 448 tnt1=  33 tnt2=  31
x1= 371 x2= 396 y1= 376 y2= 408 tnt1=  99 tnt2=  49
x1= 395 x2= 431 y1= 335 y2= 362 tnt1= 256 tnt2=  41
x1= 361 x2= 392 y1= 321 y2= 346 tnt1= 150 tnt2=  83
x1= 386 x2= 395 y1= 386 y2= 419 tnt1= 118 tnt2=  57
x1= 403 x2= 401 y1= 425 y2= 451 tnt1=  43 tnt2=  41
x1= 397 x2= 404 y1= 438 y2= 458 tnt1=  15 tnt2=  29
x1= 402 x2= 394 y1= 445 y2= 465 tnt1=  32 tnt2=  29
x1= 395 x2= 405 y1= 437 y2= 457 tnt1=  30 tnt2=  35
x1= 400 x2= 418 y1= 440 y2= 459 tnt1=  17 tnt2=  23
x1= 411 x2= 413 y1= 440 y2= 458 tnt1=  21 tnt2=  27
x1= 392 x2= 400 y1= 448 y2= 463 tnt1=  22 tnt2=  28
x1= 399 x2= 405 y1= 447 y2= 462 tnt1=  21 tnt2=  26
x1= 404 x2= 407 y1= 446 y2= 463 tnt1=  18 tnt2=  24
x1= 406 x2= 400 y1= 449 y2= 463 tnt1=  26 tnt2=  30
x1= 406 x2= 422 y1= 440 y2= 460 tnt1=  15 tnt2=  23
x1= 379 x2= 412 y1= 350 y2= 381 tnt1=  93 tnt2=  56
x1=1023 x2=1023 y1= 286 y2= 309 tnt1=1014 tnt2=1023
x1=1023 x2=1023 y1= 298 y2= 318 tnt1=1015 tnt2=1021
x1=1023 x2=1023 y1= 296 y2= 317 tnt1=1016 tnt2=1021
x1= 410 x2= 415 y1= 422 y2= 451 tnt1=  50 tnt2=  50
x1= 393 x2= 414 y1= 403 y2= 434 tnt1=  77 tnt2=  42
x1= 411 x2= 428 y1= 427 y2= 452 tnt1=  29 tnt2=  31
x1= 417 x2= 424 y1= 425 y2= 452 tnt1=  46 tnt2=  48
x1= 417 x2= 408 y1= 440 y2= 461 tnt1=  33 tnt2=  40
x1= 412 x2= 432 y1= 424 y2= 450 tnt1=  27 tnt2=  34
x1= 417 x2= 420 y1= 407 y2= 441 tnt1=  43 tnt2=  42
x1= 389 x2= 416 y1= 386 y2= 428 tnt1= 136 tnt2= 121
x1=1023 x2=1023 y1= 292 y2= 312 tnt1=1015 tnt2=1021
x1=1023 x2=1023 y1= 298 y2= 318 tnt1=1023 tnt2=1023
x1=1023 x2=1023 y1= 298 y2= 319 tnt1=1023 tnt2=1023
x1=1023 x2=1023 y1= 297 y2= 315 tnt1=1016 tnt2=1021
x1=1023 x2=1023 y1= 299 y2= 320 tnt1=1017 tnt2=1023
x1=1023 x2=1023 y1= 297 y2= 315 tnt1=1023 tnt2=1010
x1=1023 x2=1023 y1= 300 y2= 320 tnt1=1016 tnt2=1021
x1=1023 x2=1023 y1= 290 y2= 310 tnt1=1015 tnt2=1020
x1=1023 x2=1023 y1= 296 y2= 315 tnt1=1017 tnt2=1021
x1=1023 x2=1023 y1= 278 y2= 301 tnt1=1023 tnt2=1023
x1=1023 x2=1023 y1= 295 y2= 315 tnt1=1015 tnt2=1021
x1=1023 x2=1023 y1= 294 y2= 315 tnt1=1023 tnt2=  90
x1= 412 x2= 428 y1= 424 y2= 450 tnt1=  43 tnt2=  83
x1= 424 x2= 439 y1= 405 y2= 434 tnt1=  53 tnt2=  43
x1= 428 x2= 452 y1= 354 y2= 383 tnt1= 258 tnt2=  72
x1=1023 x2=1023 y1= 295 y2= 315 tnt1=1013 tnt2=1020
x1=1023 x2=1023 y1= 290 y2= 308 tnt1=1016 tnt2=1021
x1=1023 x2=1023 y1= 293 y2= 314 tnt1=1015 tnt2=1021
x1=1023 x2=1023 y1= 291 y2= 314 tnt1=1023 tnt2=1021
x1=1023 x2=1023 y1= 295 y2= 318 tnt1=1016 tnt2=1011
x1=1023 x2=1023 y1= 293 y2= 311 tnt1=1023 tnt2=1023
x1=1023 x2=1023 y1= 290 y2= 311 tnt1=1023 tnt2=1023
x1=1023 x2=1023 y1= 295 y2= 316 tnt1=1016 tnt2=1018
x1=1023 x2=1023 y1= 294 y2= 315 tnt1=1016 tnt2=1016
x1=1023 x2=1023 y1= 293 y2= 314 tnt1=1023 tnt2=1010
x1=1023 x2=1023 y1= 289 y2= 307 tnt1=1015 tnt2=1021
x1=1023 x2=1023 y1= 281 y2= 301 tnt1=1016 tnt2=1010
x1=1023 x2=1023 y1= 296 y2= 316 tnt1=1023 tnt2=1023
x1=1023 x2=1023 y1= 290 y2= 311 tnt1=1023 tnt2=1023
x1=1023 x2=1023 y1= 281 y2= 306 tnt1=1015 tnt2=1023
x1=1023 x2=1023 y1= 301 y2= 322 tnt1=1023 tnt2=1023
x1=1023 x2=1023 y1= 295 y2= 316 tnt1=1023 tnt2=1023
x1= 437 x2= 446 y1= 419 y2= 447 tnt1=  36 tnt2=  87
x1= 437 x2= 445 y1= 421 y2= 448 tnt1=  36 tnt2=  47
x1= 430 x2= 439 y1= 435 y2= 457 tnt1=  20 tnt2=  36
x1= 429 x2= 452 y1= 427 y2= 449 tnt1=  29 tnt2=  25
x1= 446 x2= 444 y1= 440 y2= 459 tnt1=  23 tnt2=  29
x1= 426 x2= 437 y1= 441 y2= 461 tnt1=  27 tnt2=  33
x1= 433 x2= 447 y1= 441 y2= 462 tnt1=  14 tnt2=  32
x1= 438 x2= 434 y1= 441 y2= 463 tnt1=  35 tnt2=  24
x1= 439 x2= 436 y1= 438 y2= 459 tnt1=  36 tnt2=  42
x1= 435 x2= 439 y1= 420 y2= 446 tnt1=  47 tnt2=  42
x1= 436 x2= 450 y1= 406 y2= 433 tnt1=  61 tnt2=  47
x1= 399 x2= 441 y1= 382 y2= 413 tnt1=  67 tnt2=  43
x1= 545 x2= 575 y1= 327 y2= 349 tnt1= 414 tnt2= 140
x1=1023 x2=1023 y1= 299 y2= 317 tnt1=1016 tnt2=1021
x1=1023 x2=1023 y1= 294 y2= 314 tnt1=1023 tnt2=1023
x1=1023 x2=1023 y1= 295 y2= 313 tnt1=1023 tnt2=1023
x1=1023 x2=1023 y1= 273 y2= 296 tnt1=1023 tnt2=1023
x1=1023 x2=1023 y1= 283 y2= 308 tnt1=1023 tnt2=1022
x1=1023 x2=1023 y1= 290 y2= 308 tnt1=1017 tnt2=1023
x1=1023 x2=1023 y1= 294 y2= 313 tnt1=1016 tnt2=1021
x1=1023 x2=1023 y1= 293 y2= 313 tnt1=1023 tnt2=1009
x1=1023 x2=1023 y1= 297 y2= 315 tnt1=1015 tnt2=1023
x1=1023 x2=1023 y1= 293 y2= 313 tnt1=1015 tnt2=1021
x1=1023 x2=1023 y1= 286 y2= 307 tnt1=1023 tnt2=1023
x1=1023 x2=1023 y1= 296 y2= 317 tnt1=1023 tnt2=1023
x1=1023 x2=1023 y1= 291 y2= 312 tnt1=1015 tnt2=1021
x1= 442 x2= 454 y1= 420 y2= 451 tnt1=  49 tnt2=  80
x1=1023 x2=1023 y1= 291 y2= 312 tnt1=1014 tnt2=1023
x1= 421 x2= 457 y1= 381 y2= 401 tnt1=  44 tnt2=1019
x1=1023 x2=1023 y1= 283 y2= 303 tnt1=1015 tnt2=1020
x1=1023 x2=1023 y1= 296 y2= 318 tnt1=1023 tnt2=1023
x1=1023 x2=1023 y1= 291 y2= 312 tnt1=1023 tnt2=1023
x1=1023 x2=1023 y1= 280 y2= 300 tnt1=1016 tnt2=1021
x1=1023 x2=1023 y1= 291 y2= 309 tnt1=1023 tnt2= 304
x1= 443 x2= 447 y1= 421 y2= 447 tnt1=  46 tnt2=  97
x1= 450 x2= 459 y1= 421 y2= 447 tnt1=  35 tnt2=  85
x1= 445 x2= 453 y1= 426 y2= 452 tnt1=  46 tnt2=  52
x1=1023 x2=1023 y1= 281 y2= 304 tnt1=1013 tnt2=1023
x1=1023 x2=1023 y1= 295 y2= 316 tnt1=1015 tnt2=1021
x1=1023 x2=1023 y1= 290 y2= 309 tnt1=1023 tnt2=1023
x1=1023 x2=1023 y1= 295 y2= 316 tnt1=1023 tnt2=1023
x1=1023 x2=1023 y1= 295 y2= 317 tnt1=1023 tnt2=1023
x1=1023 x2=1023 y1= 295 y2= 316 tnt1=1023 tnt2=1023
x1=1023 x2=1023 y1= 295 y2= 316 tnt1=1023 tnt2=1023
x1=1023 x2=1023 y1= 294 y2= 314 tnt1=1016 tnt2=1021
x1=1023 x2=1023 y1= 293 y2= 313 tnt1=1016 tnt2=1013
x1=1023 x2=1023 y1= 290 y2= 311 tnt1=1023 tnt2=1023
x1=1023 x2=1023 y1= 286 y2= 308 tnt1=1015 tnt2=1023
x1=1023 x2=1023 y1= 296 y2= 316 tnt1=1014 tnt2=1023
x1=1023 x2=1023 y1= 294 y2= 314 tnt1=1023 tnt2=1023
x1=1023 x2=1023 y1= 287 y2= 310 tnt1=1023 tnt2=1023
x1=1023 x2=1023 y1= 286 y2= 305 tnt1=1023 tnt2=1023
x1=1023 x2=1023 y1= 300 y2= 320 tnt1=1023 tnt2=1023
x1=1023 x2=1023 y1= 291 y2= 312 tnt1=1015 tnt2=1021
x1=1023 x2=1023 y1= 289 y2= 309 tnt1=1016 tnt2=1010
x1=1023 x2=1023 y1= 293 y2= 312 tnt1=1016 tnt2=1023
x1=1023 x2=1023 y1= 284 y2= 307 tnt1=1015 tnt2=1010
x1=1023 x2=1023 y1= 286 y2= 307 tnt1=1015 tnt2=1023
x1=1023 x2=1023 y1= 292 y2= 313 tnt1=1023 tnt2=1023
x1= 421 x2= 450 y1= 398 y2= 428 tnt1=  66 tnt2= 109
x1= 456 x2= 469 y1= 409 y2= 438 tnt1=  44 tnt2=  44
x1= 457 x2= 459 y1= 424 y2= 449 tnt1=  45 tnt2=  57
x1= 456 x2= 463 y1= 432 y2= 453 tnt1=  32 tnt2=  28
x1= 427 x2= 458 y1= 365 y2= 396 tnt1= 106 tnt2=  46
x1= 402 x2= 436 y1= 364 y2= 387 tnt1= 130 tnt2=  71
x1=1023 x2=1023 y1= 292 y2= 312 tnt1=1023 tnt2=1023
x1=1023 x2=1023 y1= 284 y2= 309 tnt1=1015 tnt2=1010
x1=1023 x2=1023 y1= 285 y2= 306 tnt1=1023 tnt2=1021
x1=1023 x2=1023 y1= 298 y2= 319 tnt1=1023 tnt2=1023
x1=1023 x2=1023 y1= 296 y2= 317 tnt1=1023 tnt2=1021
x1=1023 x2=1023 y1= 297 y2= 318 tnt1=1023 tnt2=1022
x1=1023 x2=1023 y1= 289 y2= 307 tnt1=1016 tnt2=1023
x1=1023 x2=1023 y1= 283 y2= 302 tnt1=1016 tnt2=1015
x1=1023 x2=1023 y1= 286 y2= 305 tnt1=1016 tnt2=1021
x1=1023 x2=1023 y1= 292 y2= 313 tnt1=1023 tnt2=1023
x1=1023 x2=1023 y1= 293 y2= 314 tnt1=1023 tnt2=1023
x1=1023 x2=1023 y1= 284 y2= 309 tnt1=1023 tnt2=1023
x1=1023 x2=1023 y1= 296 y2= 318 tnt1=1023 tnt2=1021
x1=1023 x2=1023 y1= 295 y2= 316 tnt1=1023 tnt2=1023
x1=1023 x2=1023 y1= 289 y2= 309 tnt1=1015 tnt2=1011
x1=1023 x2=1023 y1= 285 y2= 305 tnt1=1023 tnt2=1023
x1=1023 x2=1023 y1= 296 y2= 316 tnt1=1015 tnt2=1020
x1=1023 x2=1023 y1= 291 y2= 312 tnt1=1015 tnt2=1021
x1=1023 x2=1023 y1= 292 y2= 312 tnt1=1023 tnt2=1023
x1=1023 x2=1023 y1= 290 y2= 309 tnt1=1023 tnt2=1023
x1=1023 x2=1023 y1= 290 y2= 311 tnt1=1018 tnt2=1023
x1=1023 x2=1023 y1= 281 y2= 303 tnt1=1023 tnt2=1023
x1=1023 x2=1023 y1= 289 y2= 312 tnt1=1023 tnt2=1020
x1=1023 x2=1023 y1= 295 y2= 315 tnt1=1015 tnt2=1013
x1=1023 x2=1023 y1= 287 y2= 306 tnt1=1016 tnt2=1016
x1=1023 x2=1023 y1= 285 y2= 305 tnt1=1013 tnt2=1023
x1=1023 x2=1023 y1= 289 y2= 309 tnt1=1015 tnt2=1021
x1=1023 x2=1023 y1= 290 y2= 311 tnt1=1016 tnt2=1021
x1=1023 x2=1023 y1= 294 y2= 315 tnt1=1023 tnt2=1023
x1=1023 x2=1023 y1= 291 y2= 311 tnt1=1023 tnt2=1023
x1=1023 x2=1023 y1= 289 y2= 308 tnt1=1023 tnt2=1023
x1=1023 x2=1023 y1= 291 y2= 311 tnt1=1016 tnt2=1023
x1=1023 x2=1023 y1= 290 y2= 310 tnt1=1015 tnt2=1023
x1=1023 x2=1023 y1= 289 y2= 310 tnt1=1023 tnt2=1023
x1=1023 x2=1023 y1= 289 y2= 309 tnt1=1017 tnt2=1011
x1=1023 x2=1023 y1= 288 y2= 308 tnt1=1015 tnt2=1021
x1=1023 x2=1023 y1= 289 y2= 310 tnt1=1015 tnt2=1020
x1= 459 x2= 480 y1= 414 y2= 440 tnt1=  44 tnt2=  91
x1= 467 x2= 482 y1= 421 y2= 444 tnt1=  37 tnt2=  47
x1= 480 x2= 487 y1= 422 y2= 446 tnt1=  30 tnt2=  44
x1= 483 x2= 487 y1= 426 y2= 449 tnt1=  28 tnt2=  41
x1= 467 x2= 484 y1= 431 y2= 453 tnt1=  31 tnt2=  32
x1= 486 x2= 486 y1= 433 y2= 453 tnt1=  23 tnt2=  42
x1= 473 x2= 482 y1= 429 y2= 450 tnt1=  26 tnt2=  41
x1= 472 x2= 481 y1= 436 y2= 452 tnt1=  27 tnt2=  39
x1= 476 x2= 490 y1= 432 y2= 451 tnt1=  19 tnt2=  32
x1= 481 x2= 473 y1= 432 y2= 452 tnt1=  32 tnt2=  49
x1= 477 x2= 487 y1= 436 y2= 453 tnt1=  18 tnt2=  28
x1= 472 x2= 480 y1= 438 y2= 452 tnt1=  23 tnt2=  33
x1= 482 x2= 483 y1= 436 y2= 454 tnt1=  28 tnt2=  30
x1= 480 x2= 471 y1= 437 y2= 454 tnt1=  30 tnt2=  37
x1= 486 x2= 484 y1= 438 y2= 455 tnt1=  18 tnt2=  36
x1= 485 x2= 483 y1= 434 y2= 453 tnt1=  19 tnt2=  30
x1= 480 x2= 479 y1= 437 y2= 453 tnt1=  26 tnt2=  36
x1= 477 x2= 484 y1= 435 y2= 451 tnt1=  20 tnt2=  35
x1= 479 x2= 493 y1= 432 y2= 451 tnt1=  17 tnt2=  29
x1= 479 x2= 494 y1= 429 y2= 449 tnt1=  26 tnt2=  34
x1= 467 x2= 485 y1= 405 y2= 434 tnt1=  44 tnt2=  43
x1= 483 x2= 494 y1= 417 y2= 442 tnt1=  38 tnt2=  43
x1= 471 x2= 476 y1= 395 y2= 424 tnt1=  62 tnt2=  57
x1= 459 x2= 482 y1= 402 y2= 431 tnt1=  68 tnt2=  55
x1= 441 x2= 490 y1= 338 y2= 368 tnt1= 203 tnt2=  60
x1= 485 x2= 499 y1= 400 y2= 429 tnt1=  45 tnt2=  43
x1= 480 x2= 502 y1= 421 y2= 442 tnt1=  27 tnt2=  31
x1= 478 x2= 498 y1= 415 y2= 436 tnt1=  31 tnt2=  29
x1= 488 x2= 484 y1= 424 y2= 446 tnt1=  41 tnt2=  46
x1= 483 x2= 486 y1= 411 y2= 437 tnt1=  53 tnt2=  48
x1= 478 x2= 502 y1= 412 y2= 438 tnt1=  31 tnt2=  38
x1= 494 x2= 499 y1= 417 y2= 442 tnt1=  34 tnt2=  36
x1= 475 x2= 485 y1= 391 y2= 420 tnt1=  63 tnt2=  65
x1= 473 x2= 499 y1= 407 y2= 434 tnt1=  42 tnt2=  39
x1= 494 x2= 504 y1= 409 y2= 440 tnt1=  38 tnt2=  46
x1= 482 x2= 496 y1= 417 y2= 443 tnt1=  33 tnt2=  33
x1= 487 x2= 496 y1= 425 y2= 445 tnt1=  18 tnt2=  25
x1= 496 x2= 502 y1= 416 y2= 438 tnt1=  34 tnt2=  36
x1= 486 x2= 492 y1= 406 y2= 433 tnt1=  52 tnt2=  48
x1= 458 x2= 473 y1= 382 y2= 411 tnt1=  86 tnt2=  56
x1= 428 x2= 463 y1= 343 y2= 371 tnt1= 149 tnt2=  82
x1= 487 x2= 503 y1= 408 y2= 433 tnt1=  47 tnt2=  85
x1=1023 x2=1023 y1= 287 y2= 308 tnt1=1012 tnt2=1021
x1=1023 x2=1023 y1= 287 y2= 308 tnt1=1014 tnt2=1021
x1=1023 x2=1023 y1= 290 y2= 313 tnt1=1015 tnt2=1023
x1=1023 x2=1023 y1= 274 y2= 294 tnt1=1023 tnt2=1021
x1=1023 x2=1023 y1= 296 y2= 316 tnt1=1023 tnt2=1023
x1=1023 x2=1023 y1= 295 y2= 314 tnt1=1023 tnt2=1009
x1=1023 x2=1023 y1= 291 y2= 310 tnt1=1023 tnt2=1023
x1=1023 x2=1023 y1= 287 y2= 308 tnt1=1023 tnt2=1023
x1=1023 x2=1023 y1= 296 y2= 317 tnt1=1016 tnt2=1010
x1=1023 x2=1023 y1= 297 y2= 318 tnt1=1023 tnt2=1023
x1=1023 x2=1023 y1= 294 y2= 314 tnt1=1016 tnt2=1020
x1=1023 x2=1023 y1= 288 y2= 309 tnt1=1016 tnt2=1023
x1= 484 x2= 508 y1= 416 y2= 444 tnt1=  40 tnt2=  76
x1= 490 x2= 506 y1= 417 y2= 440 tnt1=  36 tnt2=  47
x1= 499 x2= 507 y1= 421 y2= 444 tnt1=  43 tnt2=  60
x1= 500 x2= 494 y1= 422 y2= 445 tnt1=  41 tnt2=  49
x1= 493 x2= 516 y1= 423 y2= 442 tnt1=  23 tnt2=  33
x1= 497 x2= 510 y1= 403 y2= 430 tnt1=  44 tnt2=  54
x1= 465 x2= 503 y1= 391 y2= 420 tnt1=  60 tnt2=  60
x1= 493 x2= 504 y1= 424 y2= 444 tnt1=  20 tnt2=  45
x1= 497 x2= 513 y1= 427 y2= 447 tnt1=  22 tnt2=  44
x1= 500 x2= 498 y1= 428 y2= 447 tnt1=  34 tnt2=  54
x1= 429 x2= 500 y1= 343 y2= 373 tnt1=  99 tnt2=  86
x1=1023 x2=1023 y1= 277 y2= 300 tnt1=1016 tnt2=1023
x1=1023 x2=1023 y1= 295 y2= 316 tnt1=1023 tnt2=1023
x1=1023 x2=1023 y1= 293 y2= 313 tnt1=1017 tnt2=1014
x1=1023 x2=1023 y1= 292 y2= 312 tnt1=1015 tnt2=1021
x1=1023 x2=1023 y1= 297 y2= 317 tnt1=1023 tnt2=1023
x1=1023 x2=1023 y1= 294 y2= 314 tnt1=1023 tnt2=1023
x1= 496 x2= 512 y1= 395 y2= 423 tnt1= 621 tnt2= 175
x1= 481 x2= 490 y1= 399 y2= 427 tnt1=  64 tnt2= 103
x1= 470 x2= 488 y1= 391 y2= 419 tnt1=  71 tnt2=  67
x1=1023 x2=1023 y1= 296 y2= 316 tnt1=1023 tnt2=1023
x1=1023 x2=1023 y1= 272 y2= 294 tnt1=1015 tnt2=1023
x1=1023 x2=1023 y1= 294 y2= 315 tnt1=1023 tnt2=1023
x1=1023 x2=1023 y1= 287 y2= 305 tnt1=1015 tnt2=1021
x1=1023 x2=1023 y1= 292 y2= 313 tnt1=1014 tnt2=1021
x1= 481 x2= 503 y1= 411 y2= 436 tnt1=  47 tnt2=  89
x1= 495 x2= 508 y1= 422 y2= 443 tnt1=  36 tnt2=  42
x1= 502 x2= 508 y1= 432 y2= 450 tnt1=  27 tnt2=  36
x1= 504 x2= 500 y1= 435 y2= 451 tnt1=  29 tnt2=  42
x1= 490 x2= 502 y1= 434 y2= 450 tnt1=  26 tnt2=  37
x1= 505 x2= 501 y1= 430 y2= 450 tnt1=  24 tnt2=  35
x1= 506 x2= 500 y1= 424 y2= 449 tnt1=  28 tnt2=  25
x1= 500 x2= 509 y1= 426 y2= 445 tnt1=  17 tnt2=  28
x1= 501 x2= 518 y1= 425 y2= 445 tnt1=  23 tnt2=  32
x1= 501 x2= 506 y1= 413 y2= 438 tnt1=  40 tnt2=  46
x1= 491 x2= 507 y1= 405 y2= 431 tnt1=  44 tnt2=  44
x1= 501 x2= 510 y1= 428 y2= 446 tnt1=  28 tnt2=  34
x1= 500 x2= 502 y1= 403 y2= 431 tnt1=  60 tnt2=  60
x1= 505 x2= 509 y1= 415 y2= 436 tnt1=  48 tnt2=  43
x1= 465 x2= 496 y1= 389 y2= 415 tnt1=  99 tnt2=  90
x1= 777 x2= 806 y1= 305 y2= 324 tnt1= 690 tnt2=  80
x1= 479 x2= 514 y1= 396 y2= 427 tnt1=  57 tnt2=  81
x1= 491 x2= 522 y1= 406 y2= 433 tnt1=  37 tnt2=  78
x1= 498 x2= 524 y1= 415 y2= 439 tnt1=  30 tnt2=  79
x1= 492 x2= 512 y1= 418 y2= 441 tnt1=  42 tnt2=  90
x1= 494 x2= 513 y1= 415 y2= 439 tnt1=  40 tnt2=  87
x1= 496 x2= 506 y1= 403 y2= 432 tnt1=  51 tnt2=  94
x1=1023 x2=1023 y1= 286 y2= 305 tnt1=1023 tnt2=1022
x1=1023 x2=1023 y1= 285 y2= 306 tnt1=1015 tnt2=1022
x1=1023 x2=1023 y1= 283 y2= 304 tnt1=1015 tnt2=1017
x1=1023 x2=1023 y1= 280 y2= 302 tnt1=1016 tnt2=1023
x1= 512 x2= 522 y1= 411 y2= 436 tnt1=  32 tnt2=  80
x1= 498 x2= 524 y1= 413 y2= 438 tnt1=  31 tnt2=  41
x1= 512 x2= 517 y1= 429 y2= 449 tnt1=  38 tnt2=  58
x1= 504 x2= 514 y1= 429 y2= 448 tnt1=  29 tnt2=  47
x1= 515 x2= 517 y1= 427 y2= 447 tnt1=  26 tnt2=  42
x1= 512 x2= 516 y1= 427 y2= 446 tnt1=  38 tnt2=  56
x1= 506 x2= 526 y1= 426 y2= 445 tnt1=  18 tnt2=  35
x1= 513 x2= 521 y1= 427 y2= 445 tnt1=  23 tnt2=  37
x1= 516 x2= 520 y1= 423 y2= 444 tnt1=  27 tnt2=  47
x1= 506 x2= 515 y1= 424 y2= 452 tnt1=  30 tnt2=  34
x1= 506 x2= 525 y1= 428 y2= 449 tnt1=  15 tnt2=  36
x1= 509 x2= 509 y1= 423 y2= 444 tnt1=  37 tnt2=  47
x1= 498 x2= 506 y1= 404 y2= 431 tnt1=  62 tnt2=  57
x1= 483 x2= 509 y1= 401 y2= 429 tnt1=  60 tnt2=  53
x1= 487 x2= 507 y1= 407 y2= 434 tnt1=  42 tnt2=  59
x1= 488 x2= 500 y1= 383 y2= 413 tnt1=  95 tnt2=  60
x1= 757 x2= 786 y1= 306 y2= 327 tnt1= 628 tnt2=  96
x1=1023 x2=1023 y1= 287 y2= 304 tnt1= 999 tnt2=1017
x1=1023 x2=1023 y1= 296 y2= 317 tnt1=1023 tnt2=1023
x1=1023 x2=1023 y1= 272 y2= 297 tnt1=1015 tnt2=1015
x1=1023 x2=1023 y1= 274 y2= 295 tnt1=1015 tnt2=1010
x1=1023 x2=1023 y1= 272 y2= 293 tnt1=1023 tnt2=1023
x1=1023 x2=1023 y1= 290 y2= 310 tnt1=1023 tnt2=1023
x1= 512 x2= 521 y1= 414 y2= 439 tnt1=  34 tnt2=  85
x1= 511 x2= 521 y1= 415 y2= 439 tnt1=  35 tnt2=  86
x1= 505 x2= 517 y1= 424 y2= 445 tnt1=  31 tnt2=  43
x1= 909 x2= 932 y1= 295 y2= 315 tnt1= 824 tnt2=1020
x1=1023 x2=1023 y1= 290 y2= 308 tnt1=1016 tnt2=1020
x1=1023 x2=1023 y1= 292 y2= 312 tnt1=1023 tnt2=1023
x1=1023 x2=1023 y1= 271 y2= 293 tnt1=1015 tnt2=1010
x1=1023 x2=1023 y1= 278 y2= 310 tnt1=1023 tnt2=1022
x1= 502 x2= 525 y1= 415 y2= 441 tnt1=  34 tnt2=  66
x1= 506 x2= 530 y1= 417 y2= 440 tnt1=  26 tnt2=  60
x1= 515 x2= 522 y1= 419 y2= 442 tnt1=  31 tnt2=  65
x1= 515 x2= 521 y1= 422 y2= 445 tnt1=  30 tnt2=  43
x1= 511 x2= 526 y1= 431 y2= 450 tnt1=  19 tnt2=  38
x1= 511 x2= 526 y1= 431 y2= 449 tnt1=  19 tnt2=  37
x1= 501 x2= 517 y1= 428 y2= 448 tnt1=  33 tnt2=  38
x1= 465 x2= 497 y1= 365 y2= 392 tnt1= 149 tnt2=  98
x1= 498 x2= 528 y1= 410 y2= 436 tnt1=  37 tnt2=  55
x1= 512 x2= 518 y1= 413 y2= 440 tnt1=  44 tnt2=  52
x1= 474 x2= 500 y1= 337 y2= 360 tnt1= 310 tnt2=  63
x1= 523 x2= 526 y1= 423 y2= 443 tnt1=  26 tnt2=  52
x1= 518 x2= 522 y1= 426 y2= 447 tnt1=  27 tnt2=  41
x1= 510 x2= 519 y1= 433 y2= 450 tnt1=  17 tnt2=  33
x1= 511 x2= 528 y1= 427 y2= 448 tnt1=  23 tnt2=  50
x1= 516 x2= 522 y1= 426 y2= 447 tnt1=  40 tnt2=  63
x1= 508 x2= 518 y1= 429 y2= 447 tnt1=  26 tnt2=  54
x1= 491 x2= 514 y1= 398 y2= 423 tnt1=  61 tnt2=  60
x1= 492 x2= 522 y1= 350 y2= 380 tnt1= 232 tnt2=  58
x1= 469 x2= 491 y1= 354 y2= 386 tnt1= 145 tnt2=  60
x1= 516 x2= 527 y1= 415 y2= 439 tnt1=  35 tnt2=  83
x1= 519 x2= 526 y1= 419 y2= 442 tnt1=  33 tnt2=  48
x1= 504 x2= 519 y1= 429 y2= 449 tnt1=  32 tnt2=  53
x1= 512 x2= 532 y1= 427 y2= 446 tnt1=  18 tnt2=  42
x1= 512 x2= 532 y1= 426 y2= 448 tnt1=  21 tnt2=  43
x1= 516 x2= 517 y1= 429 y2= 449 tnt1=  33 tnt2=  54
x1= 510 x2= 521 y1= 430 y2= 449 tnt1=  27 tnt2=  40
x1= 517 x2= 526 y1= 419 y2= 442 tnt1=  35 tnt2=  49
x1=1023 x2=1023 y1= 284 y2= 306 tnt1=1023 tnt2=1020
x1=1023 x2=1023 y1= 272 y2= 295 tnt1=1023 tnt2=1022
x1=1023 x2=1023 y1= 288 y2= 307 tnt1=1015 tnt2=1017
x1=1023 x2=1023 y1= 291 y2= 311 tnt1=1015 tnt2=1021
x1= 508 x2= 523 y1= 418 y2= 440 tnt1=  39 tnt2=  53
x1= 520 x2= 525 y1= 428 y2= 446 tnt1=  33 tnt2=  37
x1= 519 x2= 514 y1= 435 y2= 451 tnt1=  30 tnt2=  42
x1= 508 x2= 519 y1= 433 y2= 450 tnt1=  26 tnt2=  36
x1= 517 x2= 529 y1= 434 y2= 451 tnt1=  19 tnt2=  31
x1= 521 x2= 523 y1= 435 y2= 452 tnt1=  30 tnt2=  43
x1= 519 x2= 519 y1= 430 y2= 451 tnt1=  34 tnt2=  38
x1= 528 x2= 525 y1= 433 y2= 451 tnt1=  20 tnt2=  38
x1= 526 x2= 525 y1= 433 y2= 450 tnt1=  22 tnt2=  33
x1= 512 x2= 520 y1= 435 y2= 452 tnt1=  24 tnt2=  35
x1= 517 x2= 530 y1= 433 y2= 450 tnt1=  19 tnt2=  28
x1= 521 x2= 527 y1= 426 y2= 448 tnt1=  27 tnt2=  38
x1= 517 x2= 530 y1= 410 y2= 436 tnt1=  34 tnt2=  39
x1= 452 x2= 468 y1= 329 y2= 353 tnt1= 240 tnt2=  77
x1=1023 x2=1023 y1= 294 y2= 315 tnt1=1014 tnt2=1010
x1=1023 x2=1023 y1= 284 y2= 303 tnt1=1023 tnt2=1020
x1=1023 x2=1023 y1= 283 y2= 307 tnt1=1015 tnt2=1023
x1=1023 x2=1023 y1= 282 y2= 306 tnt1=1016 tnt2=1023
x1=1023 x2=1023 y1= 288 y2= 307 tnt1=1023 tnt2=1023
x1=1023 x2=1023 y1= 288 y2= 309 tnt1=1023 tnt2=1023
x1=1023 x2=1023 y1= 292 y2= 310 tnt1=1023 tnt2=1009
x1=1023 x2=1023 y1= 291 y2= 312 tnt1=1023 tnt2=1023
x1=1023 x2=1023 y1= 288 y2= 306 tnt1=1023 tnt2=1023
x1=1023 x2=1023 y1= 292 y2= 312 tnt1=1015 tnt2=1020
x1=1023 x2=1023 y1= 292 y2= 311 tnt1=1023 tnt2=1023
x1=1023 x2=1023 y1= 294 y2= 315 tnt1=1023 tnt2=1023
x1=1023 x2=1023 y1= 278 y2= 298 tnt1=1023 tnt2=1020
x1=1023 x2=1023 y1= 280 y2= 303 tnt1=1015 tnt2=1021
x1=1023 x2=1023 y1= 296 y2= 317 tnt1=1023 tnt2=1023
x1=1023 x2=1023 y1= 294 y2= 314 tnt1=1023 tnt2=1023
x1=1023 x2=1023 y1= 294 y2= 315 tnt1=1023 tnt2=1023
x1=1023 x2=1023 y1= 292 y2= 312 tnt1=1023 tnt2=1023
x1=1023 x2=1023 y1= 293 y2= 313 tnt1=1015 tnt2=1021
x1=1023 x2=1023 y1= 288 y2= 308 tnt1=1015 tnt2=1015
x1=1023 x2=1023 y1= 291 y2= 309 tnt1=1023 tnt2=1023
x1=1023 x2=1023 y1= 292 y2= 312 tnt1=1018 tnt2=1021
x1=1023 x2=1023 y1= 287 y2= 308 tnt1=1016 tnt2=1023
x1=1023 x2=1023 y1= 298 y2= 321 tnt1=1023 tnt2=1020
x1=1023 x2=1023 y1= 288 y2= 309 tnt1=1023 tnt2=1023
x1=1023 x2=1023 y1= 298 y2= 317 tnt1=1023 tnt2=1023
x1=1023 x2=1023 y1= 293 y2= 311 tnt1=1023 tnt2=1023
x1=1023 x2=1023 y1= 290 y2= 310 tnt1=1012 tnt2=1023
x1= 507 x2= 533 y1= 389 y2= 416 tnt1=  52 tnt2= 133
x1= 494 x2= 523 y1= 349 y2= 374 tnt1= 318 tnt2= 125
x1=1023 x2=1023 y1= 290 y2= 311 tnt1=1003 tnt2=1013
x1=1023 x2=1023 y1= 287 y2= 305 tnt1=1014 tnt2=1020
x1=1023 x2=1023 y1= 282 y2= 304 tnt1=1023 tnt2=1023
x1=1023 x2=1023 y1= 284 y2= 313 tnt1=1023 tnt2=1021
x1=1023 x2=1023 y1= 293 y2= 312 tnt1=1014 tnt2=1021
x1=1023 x2=1023 y1= 293 y2= 314 tnt1=1017 tnt2=1010
x1=1023 x2=1023 y1= 285 y2= 306 tnt1=1023 tnt2=1023
x1=1023 x2=1023 y1= 296 y2= 314 tnt1=1023 tnt2=1023
x1=1023 x2=1023 y1= 295 y2= 315 tnt1=1016 tnt2=1020
x1=1023 x2=1023 y1= 291 y2= 312 tnt1=1023 tnt2=1023
x1=1023 x2=1023 y1= 286 y2= 304 tnt1=1018 tnt2=1023
x1=1023 x2=1023 y1= 290 y2= 311 tnt1=1023 tnt2=1023
x1=1023 x2=1023 y1= 294 y2= 316 tnt1=1014 tnt2=1023
x1=1023 x2=1023 y1= 273 y2= 300 tnt1=1023 tnt2=1010
x1=1023 x2=1023 y1= 289 y2= 307 tnt1=1016 tnt2=1013
x1=1023 x2=1023 y1= 289 y2= 311 tnt1=1023 tnt2=1010
x1=1023 x2=1023 y1= 286 y2= 307 tnt1=1015 tnt2=1021
x1=1023 x2=1023 y1= 291 y2= 312 tnt1=1015 tnt2=1020
x1=1023 x2=1023 y1= 288 y2= 307 tnt1=1015 tnt2=1020
x1=1023 x2=1023 y1= 291 y2= 311 tnt1=1023 tnt2=1023
x1=1023 x2=1023 y1= 287 y2= 306 tnt1=1015 tnt2=1022
x1=1023 x2=1023 y1= 289 y2= 310 tnt1=1023 tnt2=1023
x1= 520 x2= 543 y1= 390 y2= 409 tnt1=  33 tnt2=  35
x1= 533 x2= 540 y1= 384 y2= 405 tnt1=  32 tnt2=  47
x1= 532 x2= 534 y1= 394 y2= 406 tnt1=  22 tnt2=  29
x1= 526 x2= 541 y1= 393 y2= 405 tnt1=  14 tnt2=  18
x1= 528 x2= 537 y1= 394 y2= 405 tnt1=  16 tnt2=  20
x1= 528 x2= 535 y1= 393 y2= 404 tnt1=  17 tnt2=  22
x1= 522 x2= 530 y1= 391 y2= 403 tnt1=  21 tnt2=  27
x1= 525 x2= 531 y1= 391 y2= 402 tnt1=  21 tnt2=  27
x1= 532 x2= 524 y1= 390 y2= 402 tnt1=  30 tnt2=  37
x1= 532 x2= 523 y1= 391 y2= 401 tnt1=  27 tnt2=  33
x1= 527 x2= 532 y1= 390 y2= 399 tnt1=  20 tnt2=  17
x1= 535 x2= 535 y1= 390 y2= 401 tnt1=  18 tnt2=  25
x1= 534 x2= 535 y1= 391 y2= 401 tnt1=  18 tnt2=  22
x1= 531 x2= 535 y1= 390 y2= 400 tnt1=   8 tnt2=  16
x1= 534 x2= 541 y1= 390 y2= 400 tnt1=  15 tnt2=  19
x1= 525 x2= 536 y1= 390 y2= 400 tnt1=  23 tnt2=  29
x1= 532 x2= 540 y1= 390 y2= 402 tnt1=  28 tnt2=  30
x1= 549 x2= 545 y1= 388 y2= 401 tnt1=  18 tnt2=  25
x1= 542 x2= 536 y1= 388 y2= 401 tnt1=  31 tnt2=  36
x1= 543 x2= 539 y1= 389 y2= 402 tnt1=  25 tnt2=  33
x1= 547 x2= 537 y1= 391 y2= 402 tnt1=  19 tnt2=  29
x1= 548 x2= 550 y1= 389 y2= 402 tnt1=  21 tnt2=  36
x1= 545 x2= 556 y1= 390 y2= 402 tnt1=  17 tnt2=  22
x1= 546 x2= 560 y1= 390 y2= 402 tnt1=  12 tnt2=  19
x1= 551 x2= 552 y1= 393 y2= 405 tnt1=  31 tnt2=  26
x1= 541 x2= 550 y1= 393 y2= 404 tnt1=  23 tnt2=  28
x1= 548 x2= 552 y1= 393 y2= 403 tnt1=  19 tnt2=  23
x1= 555 x2= 555 y1= 393 y2= 403 tnt1=  16 tnt2=  20
x1= 554 x2= 546 y1= 394 y2= 403 tnt1=  23 tnt2=  27
x1= 554 x2= 564 y1= 390 y2= 401 tnt1=  15 tnt2=  20
x1= 560 x2= 549 y1= 389 y2= 401 tnt1=  22 tnt2=  32
x1= 729 x2= 749 y1= 304 y2= 326 tnt1= 595 tnt2=1019
x1=1023 x2=1023 y1= 291 y2= 311 tnt1=1015 tnt2=1020
x1=1023 x2=1023 y1= 293 y2= 312 tnt1=1023 tnt2=1023
x1= 550 x2= 558 y1= 369 y2= 388 tnt1=  61 tnt2=  53
x1= 571 x2= 571 y1= 378 y2= 391 tnt1=  35 tnt2=  31
x1= 567 x2= 568 y1= 379 y2= 391 tnt1=  22 tnt2=  31
x1= 565 x2= 567 y1= 379 y2= 390 tnt1=  30 tnt2=  35
x1= 560 x2= 567 y1= 377 y2= 388 tnt1=  23 tnt2=  32
x1= 563 x2= 576 y1= 373 y2= 386 tnt1=  22 tnt2=  31
x1= 590 x2= 615 y1= 304 y2= 327 tnt1= 403 tnt2= 122
x1=1023 x2=1023 y1= 288 y2= 310 tnt1=1023 tnt2=1014
x1=1023 x2=1023 y1= 297 y2= 317 tnt1=1015 tnt2=1021
x1=1023 x2=1023 y1= 287 y2= 307 tnt1=1023 tnt2=1023
x1=1023 x2=1023 y1= 292 y2= 310 tnt1=1023 tnt2=1023
x1=1023 x2=1023 y1= 285 y2= 305 tnt1=1015 tnt2=1020
x1=1023 x2=1023 y1= 294 y2= 312 tnt1=1017 tnt2=1009
x1=1023 x2=1023 y1= 291 y2= 311 tnt1=1015 tnt2=1010
x1=1023 x2=1023 y1= 287 y2= 308 tnt1=1016 tnt2=1020
x1=1023 x2=1023 y1= 288 y2= 307 tnt1=1015 tnt2=1021
x1=1023 x2=1023 y1= 296 y2= 321 tnt1=1023 tnt2=1021
x1=1023 x2=1023 y1= 286 y2= 306 tnt1=1023 tnt2=1019
x1=1023 x2=1023 y1= 299 y2= 320 tnt1=1016 tnt2=1009
x1=1023 x2=1023 y1= 294 y2= 315 tnt1=1023 tnt2=1023
x1=1023 x2=1023 y1= 293 y2= 311 tnt1=1023 tnt2=1023
x1=1023 x2=1023 y1= 289 y2= 309 tnt1=1015 tnt2=1013
x1=1023 x2=1023 y1= 292 y2= 311 tnt1=1017 tnt2=1010
x1=1023 x2=1023 y1= 289 y2= 309 tnt1=1014 tnt2=1022
x1=1023 x2=1023 y1= 285 y2= 303 tnt1=1016 tnt2=1021
x1=1023 x2=1023 y1= 295 y2= 316 tnt1=1023 tnt2=1023
x1=1023 x2=1023 y1= 282 y2= 304 tnt1=1023 tnt2=1023
x1=1023 x2=1023 y1= 281 y2= 301 tnt1=1023 tnt2=1023
x1= 565 x2= 569 y1= 342 y2= 354 tnt1=  48 tnt2=  99
x1= 567 x2= 569 y1= 341 y2= 353 tnt1=  49 tnt2=  53
x1= 575 x2= 585 y1= 338 y2= 351 tnt1=  34 tnt2=  60
x1= 567 x2= 581 y1= 336 y2= 350 tnt1=  42 tnt2=  62
x1= 542 x2= 567 y1= 333 y2= 348 tnt1=  61 tnt2=  64
x1= 554 x2= 575 y1= 330 y2= 343 tnt1=  39 tnt2=  45
x1= 563 x2= 593 y1= 333 y2= 346 tnt1=  30 tnt2=  62
x1= 568 x2= 577 y1= 333 y2= 344 tnt1=  37 tnt2=  59
x1= 666 x2= 713 y1= 303 y2= 325 tnt1= 515 tnt2=1018
x1= 903 x2= 896 y1= 288 y2= 308 tnt1= 809 tnt2=1023
x1= 558 x2= 579 y1= 326 y2= 340 tnt1= 101 tnt2=  52
x1= 546 x2= 574 y1= 320 y2= 337 tnt1= 118 tnt2=  67
x1= 576 x2= 574 y1= 322 y2= 334 tnt1=  51 tnt2=  51
x1= 572 x2= 593 y1= 325 y2= 336 tnt1=  28 tnt2=  59
x1= 573 x2= 585 y1= 322 y2= 330 tnt1=  23 tnt2=  31
x1= 584 x2= 581 y1= 321 y2= 329 tnt1=  35 tnt2=  43
x1= 561 x2= 583 y1= 321 y2= 330 tnt1=  48 tnt2=  55
x1= 585 x2= 594 y1= 317 y2= 326 tnt1=  25 tnt2=  33
x1= 587 x2= 582 y1= 317 y2= 323 tnt1=  22 tnt2=  36
x1= 586 x2= 585 y1= 317 y2= 323 tnt1=  35 tnt2=  27
x1= 586 x2= 591 y1= 314 y2= 320 tnt1=  34 tnt2=  25
x1= 586 x2= 596 y1= 312 y2= 319 tnt1=  21 tnt2=  32
x1= 594 x2= 595 y1= 312 y2= 319 tnt1=  26 tnt2=  37
x1= 576 x2= 591 y1= 315 y2= 326 tnt1=  68 tnt2=  48
x1= 550 x2= 590 y1= 311 y2= 323 tnt1=  45 tnt2=  45
x1= 574 x2= 580 y1= 312 y2= 322 tnt1=  61 tnt2=  70
x1= 415 x2= 442 y1= 325 y2= 345 tnt1= 134 tnt2= 102
x1=1023 x2=1023 y1= 287 y2= 306 tnt1=1023 tnt2=1020
x1=1023 x2=1023 y1= 287 y2= 310 tnt1=1023 tnt2=1023
x1=1023 x2=1023 y1= 281 y2= 303 tnt1=1023 tnt2=1023
x1= 542 x2= 581 y1= 313 y2= 333 tnt1= 102 tnt2=1018
x1=1023 x2=1023 y1= 289 y2= 309 tnt1=1015 tnt2=1020
x1=1023 x2=1023 y1= 297 y2= 318 tnt1=1023 tnt2=1023
x1=1023 x2=1023 y1= 289 y2= 310 tnt1=1023 tnt2=1023
x1=1023 x2=1023 y1= 295 y2= 315 tnt1=1019 tnt2=1023
x1=1023 x2=1023 y1= 291 y2= 312 tnt1=1023 tnt2=1023
x1= 517 x2= 557 y1= 311 y2= 323 tnt1= 170 tnt2=  63
x1= 585 x2= 602 y1= 302 y2= 311 tnt1=  59 tnt2=  54
x1= 922 x2= 919 y1= 292 y2= 314 tnt1= 839 tnt2=1023
x1=1023 x2=1023 y1= 278 y2= 299 tnt1=1015 tnt2=1017
x1=1023 x2=1023 y1= 287 y2= 306 tnt1=1023 tnt2=1023
x1=1023 x2=1023 y1= 291 y2= 311 tnt1=1023 tnt2=1023
x1=1023 x2=1023 y1= 295 y2= 316 tnt1=1023 tnt2=1023
x1=1023 x2=1023 y1= 289 y2= 309 tnt1=1023 tnt2=1023
x1=1023 x2=1023 y1= 295 y2= 315 tnt1=1023 tnt2=1023
x1=1023 x2=1023 y1= 296 y2= 316 tnt1=1023 tnt2=1023
x1=1023 x2=1023 y1= 297 y2= 319 tnt1=1016 tnt2=1021
x1=1023 x2=1023 y1= 293 y2= 314 tnt1=1016 tnt2=1012
x1=1023 x2=1023 y1= 297 y2= 317 tnt1=1023 tnt2=1023
x1=1023 x2=1023 y1= 284 y2= 306 tnt1=1015 tnt2=1023
x1=1023 x2=1023 y1= 295 y2= 315 tnt1=1015 tnt2=1020
x1=1023 x2=1023 y1= 297 y2= 317 tnt1=1023 tnt2=1023
x1=1023 x2=1023 y1= 299 y2= 318 tnt1=1023 tnt2=1023
x1=1023 x2=1023 y1= 287 y2= 309 tnt1=1023 tnt2=1009
x1=1023 x2=1023 y1= 300 y2= 320 tnt1=1023 tnt2=1023
x1=1023 x2=1023 y1= 283 y2= 304 tnt1=1014 tnt2=1021
x1=1023 x2=1023 y1= 295 y2= 315 tnt1=1016 tnt2=1014
x1=1023 x2=1023 y1= 296 y2= 316 tnt1=1016 tnt2=1009
x1=1023 x2=1023 y1= 292 y2= 325 tnt1=1023 tnt2=1023
x1=1023 x2=1023 y1= 278 y2= 303 tnt1=1015 tnt2=1023
x1=1023 x2=1023 y1= 299 y2= 319 tnt1=1023 tnt2=1023
x1=1023 x2=1023 y1= 289 y2= 310 tnt1=1023 tnt2=1023
x1=1023 x2=1023 y1= 297 y2= 318 tnt1=1016 tnt2=1011
x1=1023 x2=1023 y1= 294 y2= 315 tnt1=1023 tnt2=1023
x1=1023 x2=1023 y1= 290 y2= 310 tnt1=1023 tnt2=1023
x1=1023 x2=1023 y1= 287 y2= 308 tnt1=1015 tnt2=1021
x1=1023 x2=1023 y1= 296 y2= 315 tnt1=1016 tnt2=1013
x1=1023 x2=1023 y1= 293 y2= 311 tnt1=1023 tnt2=1023
x1=1023 x2=1023 y1= 294 y2= 317 tnt1=1015 tnt2=1010
x1=1023 x2=1023 y1= 296 y2= 316 tnt1=1023 tnt2=1023
x1=1023 x2=1023 y1= 297 y2= 316 tnt1=1023 tnt2=1023
x1=1023 x2=1023 y1= 284 y2= 304 tnt1=1023 tnt2=1023
x1=1023 x2=1023 y1= 296 y2= 316 tnt1=1016 tnt2=1010
x1=1023 x2=1023 y1= 298 y2= 318 tnt1=1016 tnt2=1023
x1=1023 x2=1023 y1= 291 y2= 310 tnt1=1015 tnt2=1020
x1=1023 x2=1023 y1= 288 y2= 309 tnt1=1016 tnt2=1021
x1=1023 x2=1023 y1= 299 y2= 319 tnt1=1023 tnt2=1023
x1=1023 x2=1023 y1= 291 y2= 312 tnt1=1023 tnt2=1023
x1= 580 x2= 631 y1= 276 y2= 281 tnt1=  45 tnt2= 123
x1= 598 x2= 622 y1= 271 y2= 278 tnt1= 133 tnt2=  95
x1= 986 x2= 989 y1= 301 y2= 321 tnt1= 964 tnt2=1023
x1=1023 x2=1023 y1= 283 y2= 304 tnt1=1016 tnt2=1011
x1=1023 x2=1023 y1= 296 y2= 318 tnt1=1023 tnt2=1023
x1=1023 x2=1023 y1= 291 y2= 312 tnt1=1023 tnt2=1023
x1= 570 x2= 618 y1= 273 y2= 278 tnt1=  58 tnt2= 169
x1= 629 x2= 636 y1= 254 y2= 257 tnt1=  34 tnt2=  53
x1= 617 x2= 632 y1= 248 y2= 251 tnt1=  35 tnt2=  47
x1= 627 x2= 634 y1= 239 y2= 241 tnt1=  25 tnt2=  29
x1= 614 x2= 635 y1= 252 y2= 253 tnt1=  39 tnt2=  45
x1=1023 x2=1023 y1= 304 y2= 327 tnt1=1023 tnt2=1020
x1=1023 x2=1023 y1= 291 y2= 312 tnt1=1015 tnt2=1011
x1=1023 x2=1023 y1= 291 y2= 312 tnt1=1016 tnt2=1010
x1=1023 x2=1023 y1= 292 y2= 310 tnt1=1023 tnt2=1023
x1=1023 x2=1023 y1= 292 y2= 312 tnt1=1015 tnt2=1021
x1=1023 x2=1023 y1= 290 y2= 308 tnt1=1016 tnt2=1021
x1= 623 x2= 637 y1= 240 y2= 241 tnt1=  36 tnt2=  55
x1= 633 x2= 639 y1= 228 y2= 230 tnt1=  23 tnt2=  32
x1= 646 x2= 642 y1= 225 y2= 228 tnt1=  20 tnt2=  28
x1= 641 x2= 641 y1= 223 y2= 225 tnt1=  21 tnt2=  37
x1= 629 x2= 638 y1= 221 y2= 224 tnt1=  23 tnt2=  19
x1= 646 x2= 642 y1= 221 y2= 224 tnt1=  19 tnt2=  25
x1= 644 x2= 642 y1= 221 y2= 223 tnt1=  20 tnt2=  25
x1= 641 x2= 632 y1= 220 y2= 223 tnt1=  31 tnt2=  36
x1= 638 x2= 648 y1= 218 y2= 222 tnt1=  16 tnt2=  18
x1= 641 x2= 632 y1= 219 y2= 222 tnt1=  28 tnt2=  37
x1= 633 x2= 641 y1= 221 y2= 223 tnt1=  24 tnt2=  32
x1= 631 x2= 641 y1= 224 y2= 225 tnt1=  26 tnt2=  48
x1=1023 x2=1023 y1= 291 y2= 312 tnt1=1023 tnt2=1023
x1=1023 x2=1023 y1= 285 y2= 307 tnt1=1023 tnt2=1023
x1=1023 x2=1023 y1= 283 y2= 304 tnt1=1016 tnt2=1023
x1=1023 x2=1023 y1= 295 y2= 315 tnt1=1016 tnt2=1010
x1=1023 x2=1023 y1= 298 y2= 318 tnt1=1015 tnt2=1010
x1=1023 x2=1023 y1= 296 y2= 314 tnt1=1014 tnt2=1020
x1=1023 x2=1023 y1= 292 y2= 312 tnt1=1017 tnt2=1023
x1=1023 x2=1023 y1= 297 y2= 318 tnt1=1023 tnt2=1023
x1=1023 x2=1023 y1= 297 y2= 319 tnt1=1023 tnt2=1023
x1=1023 x2=1023 y1= 294 y2= 315 tnt1=1023 tnt2=1023
x1=1023 x2=1023 y1= 291 y2= 312 tnt1=1023 tnt2=1023
x1=1023 x2=1023 y1= 289 y2= 320 tnt1=1023 tnt2=1023
x1=1023 x2=1023 y1= 277 y2= 300 tnt1=1017 tnt2=1023
x1=1023 x2=1023 y1= 287 y2= 306 tnt1=1015 tnt2=1023
x1=1023 x2=1023 y1= 295 y2= 316 tnt1=1023 tnt2=1023
x1=1023 x2=1023 y1= 288 y2= 307 tnt1=1015 tnt2=1020
x1=1023 x2=1023 y1= 291 y2= 311 tnt1=1016 tnt2=1021
x1=1023 x2=1023 y1= 293 y2= 312 tnt1=1023 tnt2=1023
x1=1023 x2=1023 y1= 296 y2= 316 tnt1=1015 tnt2=1020
x1=1023 x2=1023 y1= 296 y2= 317 tnt1=1017 tnt2=1010
x1=1023 x2=1023 y1= 291 y2= 309 tnt1=1016 tnt2=1023
x1=1023 x2=1023 y1= 283 y2= 306 tnt1=1016 tnt2=1023
x1=1023 x2=1023 y1= 281 y2= 304 tnt1=1015 tnt2=1023
x1=1023 x2=1023 y1= 289 y2= 309 tnt1=1014 tnt2=1020
x1=1023 x2=1023 y1= 296 y2= 316 tnt1=1016 tnt2=1023
x1=1023 x2=1023 y1= 286 y2= 307 tnt1=1023 tnt2=1022
x1=1023 x2=1023 y1= 299 y2= 319 tnt1=1023 tnt2=1023
x1=1023 x2=1023 y1= 292 y2= 313 tnt1=1023 tnt2=1021
x1=1023 x2=1023 y1= 290 y2= 311 tnt1=1016 tnt2=1011
x1=1023 x2=1023 y1= 298 y2= 319 tnt1=1023 tnt2=1023
x1=1023 x2=1023 y1= 294 y2= 315 tnt1=1015 tnt2=1021
x1=1023 x2=1023 y1= 278 y2= 300 tnt1=1015 tnt2=1023
x1=1023 x2=1023 y1= 281 y2= 302 tnt1=1023 tnt2=1021
x1=1023 x2=1023 y1= 292 y2= 311 tnt1=1023 tnt2=1023
x1=1023 x2=1023 y1= 297 y2= 318 tnt1=1023 tnt2=1011
x1=1023 x2=1023 y1= 298 y2= 316 tnt1=1023 tnt2=1023
x1=1023 x2=1023 y1= 298 y2= 318 tnt1=1023 tnt2=1023
x1=1023 x2=1023 y1= 293 y2= 314 tnt1=1016 tnt2=1012
x1=1023 x2=1023 y1= 293 y2= 314 tnt1=1023 tnt2=1023
x1=1023 x2=1023 y1= 296 y2= 317 tnt1=1016 tnt2=1021
x1=1023 x2=1023 y1= 293 y2= 314 tnt1=1014 tnt2=1021
x1=1023 x2=1023 y1= 286 y2= 306 tnt1=1014 tnt2=1023
x1=1023 x2=1023 y1= 288 y2= 319 tnt1=1015 tnt2=1021
x1=1023 x2=1023 y1= 292 y2= 312 tnt1=1015 tnt2=1020
x1=1023 x2=1023 y1= 294 y2= 316 tnt1=1023 tnt2=1023
x1=1023 x2=1023 y1= 296 y2= 316 tnt1=1023 tnt2=1023
x1=1023 x2=1023 y1= 294 y2= 315 tnt1=1015 tnt2=1020
x1=1023 x2=1023 y1= 296 y2= 317 tnt1=1016 tnt2=1011
x1=1023 x2=1023 y1= 289 y2= 310 tnt1=1023 tnt2=1023
x1=1023 x2=1023 y1= 297 y2= 317 tnt1=1015 tnt2=1023
x1=1023 x2=1023 y1= 294 y2= 314 tnt1=1015 tnt2=1021
x1=1023 x2=1023 y1= 275 y2= 299 tnt1=1023 tnt2=1020
x1=1023 x2=1023 y1= 290 y2= 316 tnt1=1023 tnt2=1021
x1=1023 x2=1023 y1= 295 y2= 316 tnt1=1023 tnt2=1010
x1=1023 x2=1023 y1= 288 y2= 309 tnt1=1023 tnt2=1023
x1=1023 x2=1023 y1= 289 y2= 308 tnt1=1014 tnt2=1021
x1=1023 x2=1023 y1= 292 y2= 314 tnt1=1015 tnt2=1020
x1=1023 x2=1023 y1= 290 y2= 311 tnt1=1017 tnt2=1010
x1=1023 x2=1023 y1= 287 y2= 306 tnt1=1023 tnt2=1023
x1=1023 x2=1023 y1= 293 y2= 315 tnt1=1015 tnt2=1021
x1=1023 x2=1023 y1= 296 y2= 316 tnt1=1023 tnt2=1023
x1=1023 x2=1023 y1= 297 y2= 316 tnt1=1013 tnt2=1010
x1=1023 x2=1023 y1= 285 y2= 306 tnt1=1015 tnt2=1023
x1=1023 x2=1023 y1= 299 y2= 321 tnt1=1023 tnt2=1023
x1=1023 x2=1023 y1= 293 y2= 312 tnt1=1023 tnt2=1021
x1=1023 x2=1023 y1= 294 y2= 314 tnt1=1015 tnt2=1021
x1=1023 x2=1023 y1= 288 y2= 309 tnt1=1023 tnt2=1023
x1=1023 x2=1023 y1= 290 y2= 308 tnt1=1023 tnt2=1023
x1=1023 x2=1023 y1= 287 y2= 308 tnt1=1016 tnt2=1023
x1=1023 x2=1023 y1= 297 y2= 318 tnt1=1023 tnt2=1023
x1=1023 x2=1023 y1= 294 y2= 314 tnt1=1023 tnt2=1023
x1=1023 x2=1023 y1= 276 y2= 298 tnt1=1023 tnt2=1020
x1= 652 x2= 646 y1= 209 y2= 209 tnt1=  25 tnt2=  45
x1= 653 x2= 653 y1= 200 y2= 202 tnt1=  33 tnt2=  39
x1= 649 x2= 662 y1= 200 y2= 200 tnt1=  13 tnt2=  16
x1= 657 x2= 654 y1= 200 y2= 202 tnt1=  16 tnt2=  21
x1= 641 x2= 647 y1= 202 y2= 204 tnt1=  20 tnt2=  25
x1= 644 x2= 647 y1= 210 y2= 210 tnt1=  21 tnt2=  15
x1= 642 x2= 655 y1= 212 y2= 213 tnt1=  10 tnt2=  14
x1= 643 x2= 635 y1= 214 y2= 215 tnt1=  25 tnt2=  29
x1= 635 x2= 637 y1= 215 y2= 217 tnt1=  21 tnt2=  22
x1= 638 x2= 631 y1= 217 y2= 220 tnt1=  17 tnt2=  23
x1= 633 x2= 644 y1= 221 y2= 224 tnt1=   7 tnt2=  22
x1= 630 x2= 633 y1= 226 y2= 228 tnt1=   8 tnt2=  24
x1= 629 x2= 638 y1= 227 y2= 231 tnt1=  13 tnt2=  17
x1= 635 x2= 630 y1= 232 y2= 235 tnt1=  17 tnt2=  22
x1= 619 x2= 625 y1= 237 y2= 239 tnt1=  20 tnt2=  25
x1= 621 x2= 631 y1= 241 y2= 245 tnt1=  17 tnt2=  21
x1= 621 x2= 610 y1= 244 y2= 248 tnt1=  27 tnt2=  31
x1= 607 x2= 615 y1= 249 y2= 251 tnt1=  20 tnt2=  23
x1= 614 x2= 625 y1= 252 y2= 254 tnt1=   9 tnt2=  12
x1= 612 x2= 618 y1= 255 y2= 258 tnt1=  15 tnt2=  20
x1= 612 x2= 606 y1= 258 y2= 261 tnt1=  27 tnt2=  22
x1= 609 x2= 619 y1= 260 y2= 263 tnt1=  10 tnt2=  13
x1= 606 x2= 615 y1= 262 y2= 267 tnt1=  13 tnt2=  16
x1= 596 x2= 605 y1= 267 y2= 271 tnt1=  20 tnt2=  23
x1= 600 x2= 605 y1= 269 y2= 274 tnt1=  19 tnt2=  22
x1= 612 x2= 606 y1= 272 y2= 276 tnt1=  17 tnt2=  20
x1= 604 x2= 594 y1= 274 y2= 279 tnt1=  26 tnt2=  31
x1= 602 x2= 600 y1= 278 y2= 282 tnt1=  22 tnt2=  25
x1= 612 x2= 605 y1= 278 y2= 283 tnt1=  17 tnt2=  21
x1= 602 x2= 599 y1= 282 y2= 286 tnt1=  30 tnt2=  25
x1= 598 x2= 612 y1= 286 y2= 291 tnt1=  11 tnt2=  29
x1= 599 x2= 606 y1= 286 y2= 291 tnt1=  15 tnt2=  21
x1= 601 x2= 594 y1= 289 y2= 294 tnt1=  27 tnt2=  32
x1= 600 x2= 596 y1= 289 y2= 294 tnt1=  22 tnt2=  27
x1= 595 x2= 601 y1= 290 y2= 295 tnt1=  20 tnt2=  24
x1= 602 x2= 597 y1= 291 y2= 298 tnt1=  30 tnt2=  34
x1= 602 x2= 594 y1= 293 y2= 299 tnt1=  25 tnt2=  32
x1= 601 x2= 607 y1= 295 y2= 300 tnt1=  17 tnt2=  22
x1= 611 x2= 606 y1= 298 y2= 304 tnt1=  19 tnt2=  26
x1= 587 x2= 606 y1= 304 y2= 311 tnt1=  35 tnt2=  31
x1= 604 x2= 597 y1= 301 y2= 308 tnt1=  33 tnt2=  17
x1= 612 x2= 607 y1= 303 y2= 309 tnt1=  19 tnt2=  25
x1= 604 x2= 600 y1= 306 y2= 311 tnt1=  26 tnt2=  33
x1= 598 x2= 604 y1= 306 y2= 312 tnt1=  21 tnt2=  27
x1= 598 x2= 604 y1= 307 y2= 313 tnt1=  12 tnt2=  27
x1= 605 x2= 595 y1= 307 y2= 315 tnt1=  29 tnt2=  33
x1= 600 x2= 605 y1= 310 y2= 317 tnt1=  21 tnt2=  27
x1= 604 x2= 611 y1= 311 y2= 318 tnt1=  17 tnt2=  24
x1= 604 x2= 612 y1= 313 y2= 319 tnt1=  17 tnt2=  23
x1= 603 x2= 610 y1= 313 y2= 320 tnt1=   9 tnt2=  22
x1= 603 x2= 615 y1= 314 y2= 322 tnt1=   8 tnt2=  22
x1= 606 x2= 602 y1= 319 y2= 325 tnt1=  24 tnt2=  26
x1= 606 x2= 603 y1= 320 y2= 326 tnt1=  21 tnt2=  26
x1= 605 x2= 612 y1= 320 y2= 327 tnt1=  15 tnt2=  21
x1= 603 x2= 607 y1= 322 y2= 328 tnt1=  19 tnt2=  26
x1= 607 x2= 609 y1= 324 y2= 332 tnt1=  31 tnt2=  26
x1= 605 x2= 616 y1= 324 y2= 332 tnt1=  14 tnt2=  19
x1= 615 x2= 610 y1= 327 y2= 334 tnt1=  17 tnt2=  22
x1= 601 x2= 607 y1= 329 y2= 336 tnt1=  19 tnt2=  24
x1= 606 x2= 612 y1= 328 y2= 337 tnt1=  11 tnt2=  23
x1= 610 x2= 599 y1= 332 y2= 339 tnt1=  19 tnt2=  25
x1= 608 x2= 600 y1= 331 y2= 339 tnt1=  26 tnt2=  35
x1= 607 x2= 598 y1= 332 y2= 341 tnt1=  27 tnt2=  24
x1= 615 x2= 611 y1= 334 y2= 341 tnt1=  17 tnt2=  22
x1= 611 x2= 611 y1= 334 y2= 342 tnt1=  18 tnt2=  23
x1= 608 x2= 617 y1= 334 y2= 343 tnt1=  12 tnt2=  17
x1= 608 x2= 616 y1= 335 y2= 344 tnt1=  14 tnt2=  18
x1= 603 x2= 610 y1= 339 y2= 347 tnt1=  20 tnt2=  24
x1= 604 x2= 611 y1= 340 y2= 347 tnt1=  20 tnt2=  25
x1= 612 x2= 612 y1= 341 y2= 349 tnt1=  26 tnt2=  22
x1= 611 x2= 609 y1= 342 y2= 351 tnt1=  26 tnt2=  20
x1= 611 x2= 608 y1= 345 y2= 353 tnt1=  23 tnt2=  29
x1= 622 x2= 616 y1= 344 y2= 353 tnt1=  17 tnt2=  21
x1= 614 x2= 615 y1= 346 y2= 354 tnt1=  17 tnt2=  32
x1= 610 x2= 614 y1= 347 y2= 355 tnt1=  18 tnt2=  22
x1= 612 x2= 624 y1= 347 y2= 356 tnt1=  14 tnt2=  16
x1= 615 x2= 617 y1= 350 y2= 358 tnt1=   8 tnt2=  28
x1= 611 x2= 617 y1= 351 y2= 359 tnt1=  20 tnt2=  24
x1= 611 x2= 617 y1= 351 y2= 360 tnt1=  20 tnt2=  25
x1= 618 x2= 618 y1= 352 y2= 362 tnt1=  27 tnt2=  26
x1= 618 x2= 617 y1= 352 y2= 361 tnt1=  24 tnt2=  13
x1= 617 x2= 625 y1= 354 y2= 363 tnt1=  15 tnt2=  20
x1= 628 x2= 623 y1= 356 y2= 365 tnt1=  17 tnt2=  23
x1= 610 x2= 619 y1= 357 y2= 366 tnt1=  20 tnt2=  28
x1= 613 x2= 623 y1= 358 y2= 369 tnt1=  16 tnt2=  26
x1= 598 x2= 628 y1= 353 y2= 370 tnt1=  50 tnt2=  50
x1= 476 x2= 490 y1= 321 y2= 342 tnt1= 277 tnt2= 149
x1=1023 x2=1023 y1= 297 y2= 317 tnt1=1023 tnt2=1023
x1=1023 x2=1023 y1= 294 y2= 315 tnt1=1017 tnt2=1010
x1=1023 x2=1023 y1= 287 y2= 312 tnt1=1023 tnt2=1023
x1=1023 x2=1023 y1= 300 y2= 345 tnt1=1013 tnt2=1023
x1=1023 x2=1023 y1= 293 y2= 312 tnt1=1016 tnt2=1017
x1=1023 x2=1023 y1= 293 y2= 316 tnt1=1016 tnt2=1017
x1=1023 x2=1023 y1= 279 y2= 300 tnt1=1015 tnt2=1021
x1=1023 x2=1023 y1= 288 y2= 309 tnt1=1023 tnt2=1011
x1=1023 x2=1023 y1= 295 y2= 314 tnt1=1023 tnt2=1023
x1=1023 x2=1023 y1= 294 y2= 315 tnt1=1023 tnt2=1023
x1=1023 x2=1023 y1= 298 y2= 316 tnt1=1023 tnt2=1023
x1=1023 x2=1023 y1= 287 y2= 308 tnt1=1016 tnt2=1010
x1=1023 x2=1023 y1= 282 y2= 305 tnt1=1023 tnt2=1023
x1=1023 x2=1023 y1= 281 y2= 306 tnt1=1015 tnt2=1023
x1=1023 x2=1023 y1= 297 y2= 318 tnt1=1016 tnt2=1012
x1=1023 x2=1023 y1= 295 y2= 318 tnt1=1023 tnt2=1023
x1= 590 x2= 613 y1= 362 y2= 378 tnt1=  32 tnt2=  86
x1= 589 x2= 601 y1= 357 y2= 376 tnt1= 100 tnt2= 108
x1= 594 x2= 605 y1= 365 y2= 383 tnt1=  52 tnt2=  67
x1=1023 x2=1023 y1= 295 y2= 318 tnt1=1021 tnt2=1023
x1=1023 x2=1023 y1= 287 y2= 308 tnt1=1016 tnt2=1016
x1=1023 x2=1023 y1= 282 y2= 303 tnt1=1016 tnt2=1010
x1=1023 x2=1023 y1= 291 y2= 313 tnt1=1016 tnt2=1010
x1=1023 x2=1023 y1= 279 y2= 302 tnt1=1016 tnt2=1023
x1=1023 x2=1023 y1= 291 y2= 313 tnt1=1023 tnt2=1023
x1= 590 x2= 613 y1= 366 y2= 384 tnt1=  42 tnt2=  63
x1= 601 x2= 616 y1= 373 y2= 388 tnt1=  24 tnt2=  49
x1= 612 x2= 609 y1= 374 y2= 389 tnt1=  39 tnt2=  61
x1= 611 x2= 614 y1= 374 y2= 389 tnt1=  35 tnt2=  57
x1= 621 x2= 623 y1= 374 y2= 389 tnt1=  26 tnt2=  46
x1= 616 x2= 621 y1= 374 y2= 390 tnt1=  27 tnt2=  52
x1= 610 x2= 624 y1= 376 y2= 389 tnt1=  18 tnt2=  43
x1= 609 x2= 618 y1= 377 y2= 388 tnt1=  15 tnt2=  33
x1= 617 x2= 620 y1= 374 y2= 389 tnt1=  24 tnt2=  41
x1= 605 x2= 616 y1= 377 y2= 390 tnt1=  26 tnt2=  40
x1= 608 x2= 617 y1= 376 y2= 388 tnt1=  27 tnt2=  42
x1= 615 x2= 618 y1= 379 y2= 392 tnt1=  34 tnt2=  45
x1= 614 x2= 609 y1= 382 y2= 392 tnt1=  27 tnt2=  34
x1= 612 x2= 622 y1= 380 y2= 392 tnt1=  18 tnt2=  25
x1= 622 x2= 618 y1= 382 y2= 392 tnt1=  18 tnt2=  25
x1= 615 x2= 617 y1= 382 y2= 393 tnt1=  19 tnt2=  24
x1= 611 x2= 622 y1= 383 y2= 393 tnt1=   9 tnt2=  14
x1= 622 x2= 617 y1= 382 y2= 396 tnt1=  15 tnt2=  33
x1= 606 x2= 616 y1= 383 y2= 393 tnt1=  22 tnt2=  23
x1= 604 x2= 617 y1= 380 y2= 394 tnt1=  30 tnt2=  50
x1=1023 x2=1023 y1= 292 y2= 313 tnt1=1016 tnt2=1023
x1=1023 x2=1023 y1= 294 y2= 314 tnt1=1023 tnt2=1023
x1=1023 x2=1023 y1= 298 y2= 317 tnt1=1016 tnt2=1010
x1=1023 x2=1023 y1= 287 y2= 309 tnt1=1015 tnt2=1021
x1= 578 x2= 603 y1= 364 y2= 386 tnt1=  76 tnt2=  60
x1= 574 x2= 600 y1= 365 y2= 387 tnt1=  74 tnt2=  62
x1= 569 x2= 610 y1= 367 y2= 386 tnt1=  55 tnt2=  36
x1= 596 x2= 614 y1= 374 y2= 396 tnt1=  56 tnt2=  64
x1= 551 x2= 591 y1= 331 y2= 357 tnt1= 320 tnt2=  56
x1= 563 x2= 595 y1= 365 y2= 386 tnt1=  88 tnt2= 109
x1=1023 x2=1023 y1= 285 y2= 306 tnt1=1016 tnt2=1010
x1=1023 x2=1023 y1= 297 y2= 317 tnt1=1023 tnt2=1023
x1=1023 x2=1023 y1= 283 y2= 303 tnt1=1023 tnt2=1023
x1=1023 x2=1023 y1= 289 y2= 310 tnt1=1023 tnt2=1023
x1=1023 x2=1023 y1= 291 y2= 309 tnt1=1023 tnt2=1023
x1=1023 x2=1023 y1= 293 y2= 312 tnt1=1017 tnt2=1021
x1=1023 x2=1023 y1= 293 y2= 313 tnt1=1015 tnt2=1020
x1=1023 x2=1023 y1= 280 y2= 303 tnt1=1023 tnt2=1020
x1=1023 x2=1023 y1= 277 y2= 297 tnt1=1023 tnt2=1021
x1=1023 x2=1023 y1= 292 y2= 312 tnt1=1016 tnt2=1020
x1=1023 x2=1023 y1= 297 y2= 318 tnt1=1017 tnt2=1010
x1=1023 x2=1023 y1= 290 y2= 309 tnt1=1023 tnt2=1023
x1=1023 x2=1023 y1= 291 y2= 313 tnt1=1015 tnt2=1021
x1=1023 x2=1023 y1= 289 y2= 308 tnt1=1017 tnt2=1021
x1=1023 x2=1023 y1= 295 y2= 316 tnt1=1023 tnt2=1023
x1=1023 x2=1023 y1= 289 y2= 308 tnt1=1015 tnt2=1022
x1=1023 x2=1023 y1= 290 y2= 311 tnt1=1023 tnt2=1023
x1=1023 x2=1023 y1= 283 y2= 306 tnt1=1023 tnt2=1020
x1=1023 x2=1023 y1= 283 y2= 307 tnt1=1016 tnt2=1023
x1=1023 x2=1023 y1= 296 y2= 317 tnt1=1016 tnt2=1010
x1=1023 x2=1023 y1= 296 y2= 316 tnt1=1016 tnt2=1023
x1=1023 x2=1023 y1= 297 y2= 318 tnt1=1015 tnt2=1021
x1=1023 x2=1023 y1= 290 y2= 311 tnt1=1015 tnt2=1020
x1=1023 x2=1023 y1= 297 y2= 318 tnt1=1023 tnt2=1023
x1=1023 x2=1023 y1= 295 y2= 316 tnt1=1023 tnt2=1023
x1=1023 x2=1023 y1= 300 y2= 320 tnt1=1016 tnt2=1010
x1=1023 x2=1023 y1= 294 y2= 314 tnt1=1023 tnt2=1023
x1=1023 x2=1023 y1= 298 y2= 318 tnt1=1016 tnt2=1019
x1=1023 x2=1023 y1= 287 y2= 310 tnt1=1017 tnt2=1023
x1=1023 x2=1023 y1= 288 y2= 307 tnt1=1023 tnt2=1023
x1=1023 x2=1023 y1= 298 y2= 318 tnt1=1015 tnt2=1020
x1=1023 x2=1023 y1= 297 y2= 318 tnt1=1016 tnt2=1020
x1=1023 x2=1023 y1= 292 y2= 313 tnt1=1023 tnt2=1023
x1=1023 x2=1023 y1= 289 y2= 308 tnt1=1023 tnt2=1023
x1=1023 x2=1023 y1= 292 y2= 312 tnt1=1023 tnt2=1023
x1=1023 x2=1023 y1= 298 y2= 319 tnt1=1023 tnt2=1023
x1=1023 x2=1023 y1= 295 y2= 316 tnt1=1023 tnt2=1023
x1=1023 x2=1023 y1= 296 y2= 319 tnt1=1016 tnt2=1023
x1=1023 x2=1023 y1= 287 y2= 310 tnt1=1016 tnt2=1023
x1=1023 x2=1023 y1= 291 y2= 311 tnt1=1023 tnt2=1023
x1=1023 x2=1023 y1= 284 y2= 305 tnt1=1017 tnt2=1023
x1=1023 x2=1023 y1= 291 y2= 310 tnt1=1016 tnt2=1023
x1=1023 x2=1023 y1= 293 y2= 311 tnt1=1016 tnt2=1021
x1=1023 x2=1023 y1= 291 y2= 312 tnt1=1023 tnt2=1023
x1=1023 x2=1023 y1= 294 y2= 312 tnt1=1015 tnt2=1010
x1=1023 x2=1023 y1= 297 y2= 316 tnt1=1023 tnt2=1023
x1= 589 x2= 619 y1= 387 y2= 405 tnt1=  30 tnt2=  82
x1= 599 x2= 603 y1= 387 y2= 409 tnt1=  36 tnt2=  95
x1= 598 x2= 617 y1= 384 y2= 407 tnt1=  33 tnt2=  83
x1= 576 x2= 612 y1= 382 y2= 403 tnt1=  33 tnt2=  87
x1=1023 x2=1023 y1= 284 y2= 305 tnt1=1015 tnt2=1021
x1=1023 x2=1023 y1= 298 y2= 319 tnt1=1023 tnt2=1023
x1=1023 x2=1023 y1= 289 y2= 310 tnt1=1016 tnt2=1020
x1=1023 x2=1023 y1= 296 y2= 317 tnt1=1016 tnt2=1018
x1=1023 x2=1023 y1= 292 y2= 313 tnt1=1016 tnt2=1017
x1=1023 x2=1023 y1= 292 y2= 313 tnt1=1023 tnt2=1021
x1=1023 x2=1023 y1= 286 y2= 306 tnt1=1015 tnt2=1021
x1=1023 x2=1023 y1= 276 y2= 303 tnt1=1016 tnt2=1023
x1=1023 x2=1023 y1= 274 y2= 296 tnt1=1023 tnt2=1010
x1= 570 x2= 612 y1= 377 y2= 400 tnt1=  62 tnt2=  55
x1= 574 x2= 599 y1= 379 y2= 402 tnt1= 103 tnt2= 381
x1= 784 x2= 784 y1= 313 y2= 334 tnt1= 679 tnt2= 125
x1= 543 x2= 590 y1= 365 y2= 390 tnt1=  70 tnt2= 107
x1= 841 x2= 853 y1= 308 y2= 329 tnt1= 719 tnt2=1008
x1=1023 x2=1023 y1= 295 y2= 316 tnt1=1023 tnt2=1010
x1=1023 x2=1023 y1= 293 y2= 314 tnt1=1015 tnt2=1020
x1=1023 x2=1023 y1= 294 y2= 315 tnt1=1014 tnt2=1021
x1=1023 x2=1023 y1= 280 y2= 303 tnt1=1023 tnt2=1020
x1=1023 x2=1023 y1= 286 y2= 307 tnt1=1023 tnt2=1014
x1=1023 x2=1023 y1= 284 y2= 306 tnt1=1014 tnt2=1019
x1=1023 x2=1023 y1= 291 y2= 311 tnt1=1023 tnt2=1023
x1=1023 x2=1023 y1= 297 y2= 318 tnt1=1023 tnt2=1023
x1=1023 x2=1023 y1= 297 y2= 317 tnt1=1015 tnt2=1011
x1=1023 x2=1023 y1= 299 y2= 320 tnt1=1016 tnt2=1010
x1=1023 x2=1023 y1= 295 y2= 316 tnt1=1015 tnt2=1020
x1=1023 x2=1023 y1= 294 y2= 315 tnt1=1015 tnt2=1021
x1=1023 x2=1023 y1= 293 y2= 311 tnt1=1023 tnt2=1023
x1=1023 x2=1023 y1= 294 y2= 315 tnt1=1023 tnt2=1023
x1=1023 x2=1023 y1= 279 y2= 304 tnt1=1023 tnt2=1023
x1=1023 x2=1023 y1= 297 y2= 318 tnt1=1023 tnt2=1023
x1=1023 x2=1023 y1= 297 y2= 317 tnt1=1023 tnt2=1023
x1=1023 x2=1023 y1= 280 y2= 300 tnt1=1016 tnt2=1010
x1=1023 x2=1023 y1= 285 y2= 306 tnt1=1016 tnt2=1011
x1=1023 x2=1023 y1= 274 y2= 294 tnt1=1014 tnt2=1023
x1=1023 x2=1023 y1= 292 y2= 312 tnt1=1016 tnt2=1021
x1=1023 x2=1023 y1= 290 y2= 309 tnt1=1016 tnt2=1021
x1=1023 x2=1023 y1= 288 y2= 309 tnt1=1015 tnt2=1021
x1=1023 x2=1023 y1= 285 y2= 310 tnt1=1016 tnt2=1010
x1=1023 x2=1023 y1= 291 y2= 311 tnt1=1023 tnt2=1023
x1=1023 x2=1023 y1= 298 y2= 318 tnt1=1023 tnt2=1023
x1=1023 x2=1023 y1= 288 y2= 307 tnt1=1015 tnt2=1020
x1=1023 x2=1023 y1= 286 y2= 308 tnt1=1016 tnt2=1014
x1=1023 x2=1023 y1= 293 y2= 313 tnt1=1016 tnt2=1014
x1=1023 x2=1023 y1= 292 y2= 315 tnt1=1023 tnt2=1023
x1= 583 x2= 601 y1= 393 y2= 413 tnt1=  27 tnt2=  79
x1= 586 x2= 597 y1= 390 y2= 411 tnt1=  51 tnt2=  95
x1= 567 x2= 595 y1= 386 y2= 409 tnt1=  55 tnt2= 101
x1= 239 x2= 275 y1= 330 y2= 350 tnt1=  56 tnt2=1023
x1=1023 x2=1023 y1= 279 y2= 304 tnt1=1023 tnt2=1023
x1=1023 x2=1023 y1= 286 y2= 304 tnt1=1023 tnt2=1023
x1=1023 x2=1023 y1= 290 y2= 311 tnt1=1023 tnt2=1023
x1=1023 x2=1023 y1= 289 y2= 307 tnt1=1016 tnt2=1018
x1=1023 x2=1023 y1= 298 y2= 317 tnt1=1023 tnt2=1021
x1=1023 x2=1023 y1= 294 y2= 314 tnt1=1015 tnt2=1021
x1=1023 x2=1023 y1= 297 y2= 317 tnt1=1023 tnt2=1010
x1=1023 x2=1023 y1= 294 y2= 315 tnt1=1023 tnt2=1023
x1=1023 x2=1023 y1= 297 y2= 318 tnt1=1023 tnt2=1023
x1=1023 x2=1023 y1= 291 y2= 311 tnt1=1023 tnt2=1020
x1=1023 x2=1023 y1= 290 y2= 311 tnt1=1023 tnt2=1023
x1=1023 x2=1023 y1= 286 y2= 305 tnt1=1015 tnt2=1021
x1=1023 x2=1023 y1= 296 y2= 317 tnt1=1016 tnt2=1020
x1=1023 x2=1023 y1= 293 y2= 314 tnt1=1023 tnt2=1023
x1=1005 x2=1005 y1= 296 y2= 316 tnt1=1000 tnt2=1023
x1= 944 x2= 947 y1= 291 y2= 311 tnt1= 914 tnt2=  94
x1= 582 x2= 589 y1= 395 y2= 417 tnt1=  50 tnt2= 114
x1= 573 x2= 595 y1= 393 y2= 416 tnt1=  47 tnt2= 108
x1=1023 x2=1023 y1= 295 y2= 316 tnt1=1015 tnt2=1012
x1=1023 x2=1023 y1= 282 y2= 307 tnt1=1023 tnt2=1022
x1=1023 x2=1023 y1= 279 y2= 301 tnt1=1023 tnt2=1021
x1=1023 x2=1023 y1= 284 y2= 304 tnt1=1015 tnt2=1020
x1=1023 x2=1023 y1= 296 y2= 315 tnt1=1015 tnt2=1021
x1=1023 x2=1023 y1= 294 y2= 314 tnt1=1023 tnt2=1023
x1=1023 x2=1023 y1= 290 y2= 311 tnt1=1023 tnt2= 332
x1= 583 x2= 589 y1= 396 y2= 419 tnt1=  53 tnt2= 102
x1= 557 x2= 575 y1= 377 y2= 402 tnt1= 169 tnt2=  99
x1= 547 x2= 593 y1= 381 y2= 403 tnt1=  58 tnt2= 109
x1= 531 x2= 564 y1= 357 y2= 383 tnt1= 152 tnt2= 101
x1= 546 x2= 590 y1= 364 y2= 392 tnt1=  93 tnt2=  52
x1= 580 x2= 610 y1= 391 y2= 417 tnt1=  32 tnt2=  53
x1= 576 x2= 587 y1= 390 y2= 411 tnt1=  61 tnt2=  62
x1= 567 x2= 592 y1= 393 y2= 417 tnt1=  61 tnt2=  61
x1= 572 x2= 596 y1= 392 y2= 416 tnt1=  62 tnt2=  55
x1= 575 x2= 597 y1= 377 y2= 403 tnt1=  61 tnt2=  59
x1= 567 x2= 593 y1= 390 y2= 414 tnt1=  49 tnt2=  63
x1= 592 x2= 593 y1= 406 y2= 424 tnt1=  42 tnt2=  52
x1= 594 x2= 604 y1= 401 y2= 423 tnt1=  34 tnt2=  59
x1= 597 x2= 603 y1= 408 y2= 427 tnt1=  29 tnt2=  46
x1= 591 x2= 606 y1= 413 y2= 433 tnt1=  16 tnt2=  37
x1= 589 x2= 607 y1= 406 y2= 427 tnt1=  23 tnt2=  51
x1= 590 x2= 589 y1= 401 y2= 425 tnt1=  48 tnt2=  63
x1= 583 x2= 598 y1= 411 y2= 430 tnt1=  32 tnt2=  47
x1= 585 x2= 598 y1= 414 y2= 431 tnt1=  32 tnt2=  42
x1= 596 x2= 599 y1= 418 y2= 435 tnt1=  34 tnt2=  45
x1= 594 x2= 590 y1= 417 y2= 434 tnt1=  35 tnt2=  49
x1= 591 x2= 604 y1= 418 y2= 434 tnt1=  20 tnt2=  34
x1= 599 x2= 598 y1= 423 y2= 438 tnt1=  19 tnt2=  28
x1= 581 x2= 593 y1= 422 y2= 437 tnt1=  23 tnt2=  33
x1= 592 x2= 598 y1= 425 y2= 439 tnt1=  12 tnt2=  23
x1= 589 x2= 604 y1= 423 y2= 439 tnt1=   8 tnt2=  23
x1= 581 x2= 592 y1= 427 y2= 439 tnt1=  19 tnt2=  24
x1= 584 x2= 592 y1= 427 y2= 439 tnt1=  20 tnt2=  25
x1= 594 x2= 594 y1= 426 y2= 438 tnt1=  17 tnt2=  23
x1= 588 x2= 592 y1= 426 y2= 438 tnt1=  17 tnt2=  15
x1= 588 x2= 602 y1= 425 y2= 438 tnt1=   9 tnt2=  17
x1= 589 x2= 597 y1= 426 y2= 438 tnt1=  15 tnt2=  21
x1= 599 x2= 595 y1= 425 y2= 438 tnt1=  16 tnt2=  24
x1= 586 x2= 591 y1= 427 y2= 439 tnt1=  19 tnt2=  25
x1= 588 x2= 594 y1= 424 y2= 439 tnt1=  15 tnt2=  25
x1= 589 x2= 590 y1= 425 y2= 439 tnt1=  23 tnt2=  23
x1= 585 x2= 590 y1= 425 y2= 439 tnt1=  20 tnt2=  17
x1= 587 x2= 594 y1= 425 y2= 439 tnt1=  16 tnt2=  22
x1= 589 x2= 581 y1= 426 y2= 441 tnt1=  28 tnt2=  34
x1= 593 x2= 591 y1= 428 y2= 440 tnt1=  18 tnt2=  23
x1= 584 x2= 597 y1= 427 y2= 440 tnt1=  11 tnt2=  16
x1= 596 x2= 591 y1= 428 y2= 440 tnt1=  16 tnt2=  19
x1= 582 x2= 588 y1= 428 y2= 441 tnt1=  18 tnt2=  23
x1= 584 x2= 589 y1= 427 y2= 440 tnt1=  20 tnt2=  19
x1= 577 x2= 588 y1= 424 y2= 439 tnt1=  27 tnt2=  30
x1= 576 x2= 588 y1= 423 y2= 441 tnt1=  27 tnt2=  28
x1= 586 x2= 591 y1= 421 y2= 438 tnt1=  30 tnt2=  37
x1= 591 x2= 591 y1= 424 y2= 439 tnt1=  20 tnt2=  30
x1= 586 x2= 590 y1= 423 y2= 440 tnt1=  32 tnt2=  43
x1= 583 x2= 600 y1= 423 y2= 437 tnt1=  14 tnt2=  24
x1= 565 x2= 584 y1= 403 y2= 426 tnt1=  48 tnt2=  49
x1= 559 x2= 582 y1= 386 y2= 410 tnt1=  51 tnt2=  54
x1= 508 x2= 547 y1= 361 y2= 385 tnt1=  92 tnt2=  57
x1= 567 x2= 587 y1= 400 y2= 424 tnt1=  49 tnt2=  59
x1= 584 x2= 594 y1= 407 y2= 429 tnt1=  34 tnt2=  55
x1= 571 x2= 589 y1= 417 y2= 435 tnt1=  34 tnt2=  41
x1= 581 x2= 593 y1= 401 y2= 425 tnt1=  40 tnt2=  44
x1= 572 x2= 587 y1= 395 y2= 418 tnt1=  40 tnt2=  56
x1= 539 x2= 583 y1= 379 y2= 402 tnt1=  38 tnt2=  65
x1=1023 x2=1023 y1= 298 y2= 317 tnt1=1011 tnt2=1020
x1=1023 x2=1023 y1= 296 y2= 317 tnt1=1023 tnt2=1023
x1=1023 x2=1023 y1= 288 y2= 309 tnt1=1023 tnt2=1023
x1=1023 x2=1023 y1= 291 y2= 311 tnt1=1016 tnt2=1021
x1=1023 x2=1023 y1= 293 y2= 314 tnt1=1020 tnt2=1010
x1=1023 x2=1023 y1= 291 y2= 311 tnt1=1023 tnt2=1021
x1=1023 x2=1023 y1= 288 y2= 311 tnt1=1016 tnt2=1023
x1=1023 x2=1023 y1= 296 y2= 316 tnt1=1016 tnt2=1010
x1=1023 x2=1023 y1= 301 y2= 321 tnt1=1016 tnt2=1010
x1= 562 x2= 592 y1= 398 y2= 422 tnt1=  30 tnt2=  81
x1= 566 x2= 591 y1= 404 y2= 424 tnt1=  30 tnt2=  43
x1= 564 x2= 580 y1= 405 y2= 427 tnt1=  39 tnt2=  53
x1= 544 x2= 561 y1= 375 y2= 399 tnt1=  95 tnt2=  63
x1=1023 x2=1023 y1= 293 y2= 314 tnt1= 979 tnt2=1023
x1=1023 x2=1023 y1= 288 y2= 309 tnt1=1023 tnt2=1022
x1=1023 x2=1023 y1= 286 y2= 307 tnt1=1015 tnt2=1010
x1=1023 x2=1023 y1= 287 y2= 310 tnt1=1015 tnt2=1023
x1=1023 x2=1023 y1= 288 y2= 308 tnt1=1015 tnt2=1011
x1=1023 x2=1023 y1= 292 y2= 313 tnt1=1023 tnt2=1023
x1=1023 x2=1023 y1= 290 y2= 311 tnt1=1017 tnt2=1010
x1=1023 x2=1023 y1= 296 y2= 317 tnt1=1015 tnt2=1020
x1= 552 x2= 573 y1= 402 y2= 425 tnt1=  43 tnt2=  84
x1= 571 x2= 582 y1= 403 y2= 426 tnt1=  36 tnt2=  57
x1= 439 x2= 467 y1= 308 y2= 327 tnt1= 225 tnt2= 114
x1=1023 x2=1023 y1= 293 y2= 314 tnt1=1023 tnt2=1023
x1=1023 x2=1023 y1= 285 y2= 307 tnt1=1015 tnt2=1023
x1=1023 x2=1023 y1= 275 y2= 297 tnt1=1016 tnt2=1023
x1=1023 x2=1023 y1= 296 y2= 315 tnt1=1014 tnt2=1020
x1=1023 x2=1023 y1= 292 y2= 312 tnt1=1018 tnt2=1023
x1=1023 x2=1023 y1= 288 y2= 309 tnt1=1023 tnt2=1023
x1=1023 x2=1023 y1= 286 y2= 305 tnt1=1023 tnt2=1023
x1=1023 x2=1023 y1= 295 y2= 316 tnt1=1023 tnt2=1023
x1=1023 x2=1023 y1= 295 y2= 314 tnt1=1015 tnt2=1016
x1=1023 x2=1023 y1= 286 y2= 307 tnt1=1023 tnt2=1023
x1=1023 x2=1023 y1= 289 y2= 309 tnt1=1016 tnt2=1020
x1=1023 x2=1023 y1= 276 y2= 298 tnt1=1023 tnt2=1021
x1=1023 x2=1023 y1= 285 y2= 306 tnt1=1023 tnt2=1021
x1=1023 x2=1023 y1= 290 y2= 308 tnt1=1016 tnt2=1011
x1=1023 x2=1023 y1= 284 y2= 303 tnt1=1017 tnt2=1023
x1=1023 x2=1023 y1= 296 y2= 316 tnt1=1023 tnt2=1023
x1=1023 x2=1023 y1= 294 y2= 315 tnt1=1023 tnt2=1023
x1=1023 x2=1023 y1= 294 y2= 315 tnt1=1016 tnt2=1016
x1=1023 x2=1023 y1= 294 y2= 314 tnt1=1016 tnt2=1011
x1=1023 x2=1023 y1= 296 y2= 316 tnt1=1023 tnt2=1023
x1=1023 x2=1023 y1= 290 y2= 311 tnt1=1015 tnt2=1021
x1=1023 x2=1023 y1= 286 y2= 306 tnt1=1015 tnt2=1022
x1=1023 x2=1023 y1= 279 y2= 305 tnt1=1023 tnt2=1012
x1=1023 x2=1023 y1= 289 y2= 308 tnt1=1023 tnt2=1023
x1=1023 x2=1023 y1= 298 y2= 318 tnt1=1023 tnt2=1023
x1=1023 x2=1023 y1= 295 y2= 315 tnt1=1023 tnt2=1023
x1=1023 x2=1023 y1= 289 y2= 309 tnt1=1015 tnt2=1023
x1=1023 x2=1023 y1= 290 y2= 309 tnt1=1016 tnt2=1011
x1=1023 x2=1023 y1= 294 y2= 314 tnt1=1016 tnt2=1010
x1=1023 x2=1023 y1= 296 y2= 316 tnt1=1015 tnt2=1021
x1=1023 x2=1023 y1= 294 y2= 314 tnt1=1015 tnt2=1020
x1=1023 x2=1023 y1= 294 y2= 312 tnt1=1016 tnt2=1013
x1=1023 x2=1023 y1= 290 y2= 312 tnt1=1023 tnt2=1011
x1=1023 x2=1023 y1= 294 y2= 314 tnt1=1014 tnt2=1013
x1=1023 x2=1023 y1= 291 y2= 312 tnt1=1023 tnt2=1023
x1=1023 x2=1023 y1= 289 y2= 308 tnt1=1023 tnt2=1023
x1=1023 x2=1023 y1= 292 y2= 310 tnt1=1016 tnt2=1021
x1=1023 x2=1023 y1= 293 y2= 313 tnt1=1016 tnt2=1012
x1=1023 x2=1023 y1= 293 y2= 314 tnt1=1023 tnt2=1023
x1=1023 x2=1023 y1= 290 y2= 309 tnt1=1015 tnt2=1021
x1=1023 x2=1023 y1= 295 y2= 316 tnt1=1016 tnt2=1022
x1=1023 x2=1023 y1= 283 y2= 303 tnt1=1023 tnt2=1020
x1=1023 x2=1023 y1= 277 y2= 299 tnt1=1023 tnt2=1020
x1=1023 x2=1023 y1= 297 y2= 318 tnt1=1023 tnt2=1010
x1=1023 x2=1023 y1= 294 y2= 315 tnt1=1023 tnt2=1023
x1=1023 x2=1023 y1= 295 y2= 315 tnt1=1015 tnt2=1021
x1=1023 x2=1023 y1= 297 y2= 315 tnt1=1023 tnt2=1023
x1=1023 x2=1023 y1= 291 y2= 310 tnt1=1023 tnt2=1023
x1=1023 x2=1023 y1= 292 y2= 313 tnt1=1019 tnt2=1023
x1=1023 x2=1023 y1= 289 y2= 308 tnt1=1017 tnt2=1020
x1=1023 x2=1023 y1= 292 y2= 313 tnt1=1023 tnt2=1023
x1=1023 x2=1023 y1= 279 y2= 305 tnt1=1023 tnt2=1021
x1=1023 x2=1023 y1= 287 y2= 308 tnt1=1016 tnt2=1023
x1=1023 x2=1023 y1= 296 y2= 318 tnt1=1023 tnt2=1023
x1=1023 x2=1023 y1= 290 y2= 309 tnt1=1017 tnt2=1010
x1=1023 x2=1023 y1= 291 y2= 309 tnt1=1016 tnt2=1021
x1=1023 x2=1023 y1= 295 y2= 316 tnt1=1015 tnt2=1021
x1=1023 x2=1023 y1= 287 y2= 306 tnt1=1015 tnt2=1021
x1=1023 x2=1023 y1= 291 y2= 310 tnt1=1016 tnt2=1023
x1=1023 x2=1023 y1= 288 y2= 307 tnt1=1023 tnt2=1023
x1=1023 x2=1023 y1= 294 y2= 314 tnt1=1023 tnt2=1023
x1=1023 x2=1023 y1= 292 y2= 315 tnt1=1016 tnt2=1023
x1=1023 x2=1023 y1= 284 y2= 307 tnt1=1016 tnt2=1023
x1=1023 x2=1023 y1= 296 y2= 317 tnt1=1016 tnt2=1010
x1=1023 x2=1023 y1= 288 y2= 306 tnt1=1015 tnt2=1021
x1=1023 x2=1023 y1= 297 y2= 317 tnt1=1016 tnt2=1021
x1=1023 x2=1023 y1= 295 y2= 316 tnt1=1023 tnt2=1023
x1=1023 x2=1023 y1= 285 y2= 305 tnt1=1023 tnt2=1023
x1=1023 x2=1023 y1= 290 y2= 309 tnt1=1016 tnt2=1012
x1=1023 x2=1023 y1= 297 y2= 318 tnt1=1023 tnt2=1023
x1=1023 x2=1023 y1= 294 y2= 314 tnt1=1023 tnt2=1023
x1=1023 x2=1023 y1= 296 y2= 317 tnt1=1014 tnt2=1021
x1=1023 x2=1023 y1= 287 y2= 308 tnt1=1023 tnt2=1023
x1=1023 x2=1023 y1= 289 y2= 310 tnt1=1015 tnt2=1021
x1=1023 x2=1023 y1= 288 y2= 308 tnt1=1015 tnt2=1021
x1=1023 x2=1023 y1= 295 y2= 315 tnt1=1023 tnt2=1023
x1=1023 x2=1023 y1= 294 y2= 314 tnt1=1023 tnt2=1023
x1=1023 x2=1023 y1= 288 y2= 307 tnt1=1023 tnt2=1009
x1=1023 x2=1023 y1= 292 y2= 313 tnt1=1023 tnt2=1023
x1=1023 x2=1023 y1= 295 y2= 315 tnt1=1023 tnt2=1023
x1=1023 x2=1023 y1= 290 y2= 309 tnt1=1016 tnt2=1020
x1=1023 x2=1023 y1= 294 y2= 314 tnt1=1017 tnt2=1023
x1=1023 x2=1023 y1= 289 y2= 310 tnt1=1023 tnt2=1021
x1=1023 x2=1023 y1= 289 y2= 310 tnt1=1015 tnt2=1012
x1=1023 x2=1023 y1= 296 y2= 317 tnt1=1023 tnt2=1023
x1=1023 x2=1023 y1= 289 y2= 309 tnt1=1023 tnt2=1023
x1=1023 x2=1023 y1= 294 y2= 314 tnt1=1023 tnt2=1023
x1=1023 x2=1023 y1= 285 y2= 306 tnt1=1016 tnt2=1023
x1=1023 x2=1023 y1= 294 y2= 315 tnt1=1023 tnt2=1023
x1=1023 x2=1023 y1= 294 y2= 314 tnt1=1019 tnt2=1021
x1=1023 x2=1023 y1= 290 y2= 311 tnt1=1015 tnt2=1018
x1=1023 x2=1023 y1= 289 y2= 311 tnt1=1023 tnt2=1021
x1=1023 x2=1023 y1= 280 y2= 303 tnt1=1018 tnt2=1012
x1=1023 x2=1023 y1= 285 y2= 306 tnt1=1016 tnt2=1020
x1=1023 x2=1023 y1= 296 y2= 316 tnt1=1023 tnt2=1023
x1=1023 x2=1023 y1= 290 y2= 311 tnt1=1023 tnt2=1023
x1=1023 x2=1023 y1= 290 y2= 309 tnt1=1023 tnt2=1020
x1=1023 x2=1023 y1= 291 y2= 312 tnt1=1023 tnt2=1023
x1=1023 x2=1023 y1= 282 y2= 304 tnt1=1023 tnt2=1023
x1=1023 x2=1023 y1= 293 y2= 313 tnt1=1016 tnt2=1021
x1=1023 x2=1023 y1= 286 y2= 307 tnt1=1016 tnt2=1021
x1= 553 x2= 584 y1= 393 y2= 418 tnt1=  28 tnt2=  75
x1= 557 x2= 583 y1= 394 y2= 416 tnt1=  24 tnt2=  73
x1= 550 x2= 556 y1= 386 y2= 410 tnt1=  52 tnt2= 103
x1=1023 x2=1023 y1= 294 y2= 314 tnt1=1023 tnt2=1023
x1=1023 x2=1023 y1= 289 y2= 308 tnt1=1013 tnt2=1020
x1=1023 x2=1023 y1= 283 y2= 303 tnt1=1016 tnt2=1010
x1=1023 x2=1023 y1= 296 y2= 317 tnt1=1023 tnt2=1023
x1=1023 x2=1023 y1= 294 y2= 315 tnt1=1015 tnt2=1020
x1=1023 x2=1023 y1= 280 y2= 300 tnt1=1017 tnt2=1009
x1=1023 x2=1023 y1= 295 y2= 315 tnt1=1023 tnt2=1023
x1=1023 x2=1023 y1= 280 y2= 302 tnt1=1014 tnt2=1010
x1= 559 x2= 564 y1= 399 y2= 419 tnt1=  48 tnt2=  71
x1= 563 x2= 567 y1= 399 y2= 418 tnt1=  39 tnt2=  72
x1= 553 x2= 568 y1= 403 y2= 422 tnt1=  37 tnt2=  68
x1= 570 x2= 576 y1= 402 y2= 421 tnt1=  30 tnt2=  61
x1= 567 x2= 576 y1= 403 y2= 423 tnt1=  30 tnt2=  61
x1= 559 x2= 572 y1= 400 y2= 418 tnt1=  27 tnt2=  64
x1= 561 x2= 582 y1= 403 y2= 421 tnt1=  26 tnt2=  56
x1= 553 x2= 569 y1= 403 y2= 421 tnt1=  35 tnt2=  66
x1= 557 x2= 570 y1= 403 y2= 422 tnt1=  33 tnt2=  60
x1= 568 x2= 569 y1= 407 y2= 424 tnt1=  32 tnt2=  51
x1= 569 x2= 568 y1= 410 y2= 426 tnt1=  32 tnt2=  41
x1= 569 x2= 568 y1= 411 y2= 424 tnt1=  26 tnt2=  36
x1= 578 x2= 575 y1= 413 y2= 427 tnt1=  18 tnt2=  29
x1= 570 x2= 574 y1= 413 y2= 427 tnt1=  22 tnt2=  32
x1= 566 x2= 583 y1= 413 y2= 425 tnt1=  14 tnt2=  21
x1= 567 x2= 580 y1= 413 y2= 426 tnt1=  13 tnt2=  21
x1= 567 x2= 576 y1= 411 y2= 425 tnt1=  16 tnt2=  23
x1= 559 x2= 568 y1= 415 y2= 427 tnt1=  22 tnt2=  29
x1= 564 x2= 570 y1= 414 y2= 425 tnt1=  21 tnt2=  28
x1= 569 x2= 569 y1= 411 y2= 427 tnt1=  30 tnt2=  31
x1= 568 x2= 567 y1= 411 y2= 426 tnt1=  28 tnt2=  25
x1= 566 x2= 576 y1= 412 y2= 426 tnt1=  19 tnt2=  26
x1= 576 x2= 574 y1= 412 y2= 426 tnt1=  20 tnt2=  29
x1= 567 x2= 561 y1= 412 y2= 426 tnt1=  29 tnt2=  36
x1= 564 x2= 569 y1= 412 y2= 425 tnt1=  11 tnt2=  25
x1= 565 x2= 577 y1= 410 y2= 425 tnt1=  15 tnt2=  23
x1= 567 x2= 564 y1= 414 y2= 426 tnt1=  24 tnt2=  29
x1= 559 x2= 567 y1= 415 y2= 426 tnt1=  20 tnt2=  24
x1= 575 x2= 572 y1= 413 y2= 426 tnt1=  17 tnt2=  21
x1= 566 x2= 570 y1= 413 y2= 428 tnt1=  15 tnt2=  28
x1= 557 x2= 567 y1= 414 y2= 427 tnt1=  20 tnt2=  20
x1= 575 x2= 570 y1= 414 y2= 425 tnt1=  16 tnt2=  20
x1= 570 x2= 569 y1= 414 y2= 425 tnt1=  16 tnt2=  20
x1= 562 x2= 567 y1= 415 y2= 425 tnt1=  18 tnt2=  22
x1= 567 x2= 568 y1= 415 y2= 426 tnt1=  20 tnt2=  21
x1= 566 x2= 568 y1= 415 y2= 427 tnt1=  17 tnt2=  21
x1= 555 x2= 564 y1= 415 y2= 425 tnt1=  20 tnt2=  24
x1= 559 x2= 566 y1= 414 y2= 426 tnt1=  19 tnt2=  23
x1= 568 x2= 566 y1= 414 y2= 425 tnt1=  17 tnt2=  21
x1= 565 x2= 565 y1= 413 y2= 426 tnt1=  23 tnt2=  22
x1= 563 x2= 568 y1= 413 y2= 425 tnt1=  14 tnt2=  26
x1= 572 x2= 568 y1= 414 y2= 425 tnt1=  16 tnt2=  20
x1= 564 x2= 560 y1= 415 y2= 425 tnt1=  21 tnt2=  27
x1= 561 x2= 571 y1= 415 y2= 425 tnt1=   8 tnt2=  12
x1= 561 x2= 564 y1= 415 y2= 425 tnt1=   9 tnt2=  10
x1= 563 x2= 561 y1= 416 y2= 426 tnt1=  20 tnt2=  23
x1= 552 x2= 562 y1= 415 y2= 426 tnt1=  19 tnt2=  22
x1= 565 x2= 565 y1= 415 y2= 426 tnt1=  17 tnt2=  20
x1= 564 x2= 565 y1= 415 y2= 427 tnt1=  20 tnt2=  21
x1= 568 x2= 565 y1= 414 y2= 426 tnt1=  15 tnt2=  31
x1= 571 x2= 567 y1= 414 y2= 425 tnt1=  14 tnt2=  30
x1= 571 x2= 567 y1= 413 y2= 425 tnt1=  16 tnt2=  18
x1= 556 x2= 562 y1= 415 y2= 425 tnt1=  18 tnt2=  23
x1= 560 x2= 573 y1= 414 y2= 424 tnt1=   8 tnt2=  12
x1= 562 x2= 551 y1= 414 y2= 425 tnt1=  27 tnt2=  28
x1= 561 x2= 559 y1= 415 y2= 425 tnt1=  20 tnt2=  22
x1= 559 x2= 569 y1= 412 y2= 424 tnt1=  11 tnt2=  15
x1= 561 x2= 562 y1= 414 y2= 424 tnt1=  16 tnt2=  20
x1= 562 x2= 562 y1= 414 y2= 423 tnt1=  17 tnt2=  19
x1= 554 x2= 560 y1= 414 y2= 424 tnt1=  17 tnt2=  10
x1= 566 x2= 561 y1= 413 y2= 424 tnt1=  16 tnt2=  24
x1= 552 x2= 559 y1= 414 y2= 424 tnt1=  19 tnt2=  22
x1= 555 x2= 559 y1= 414 y2= 423 tnt1=  18 tnt2=  22
x1= 564 x2= 561 y1= 411 y2= 423 tnt1=  17 tnt2=  20
x1= 558 x2= 552 y1= 412 y2= 423 tnt1=  25 tnt2=  29
x1= 558 x2= 552 y1= 411 y2= 423 tnt1=  26 tnt2=  32
x1= 566 x2= 562 y1= 410 y2= 422 tnt1=  19 tnt2=  26
x1= 558 x2= 559 y1= 410 y2= 422 tnt1=  19 tnt2=  23
x1= 552 x2= 557 y1= 409 y2= 420 tnt1=  19 tnt2=  23
x1= 563 x2= 564 y1= 403 y2= 418 tnt1=  21 tnt2=  46
x1= 554 x2= 552 y1= 406 y2= 420 tnt1=  27 tnt2=  18
x1= 545 x2= 553 y1= 409 y2= 419 tnt1=  18 tnt2=  22
x1= 551 x2= 558 y1= 409 y2= 419 tnt1=  13 tnt2=  17
x1= 550 x2= 560 y1= 407 y2= 418 tnt1=  12 tnt2=  14
x1= 551 x2= 545 y1= 409 y2= 418 tnt1=  21 tnt2=  25
x1= 554 x2= 552 y1= 408 y2= 417 tnt1=  16 tnt2=  19
x1= 556 x2= 552 y1= 408 y2= 417 tnt1=  16 tnt2=  19
x1= 542 x2= 549 y1= 408 y2= 418 tnt1=  18 tnt2=  21
x1= 543 x2= 549 y1= 407 y2= 417 tnt1=  18 tnt2=  21
x1= 548 x2= 554 y1= 405 y2= 417 tnt1=  11 tnt2=  22
x1= 538 x2= 552 y1= 398 y2= 414 tnt1=  30 tnt2=  30
x1= 518 x2= 544 y1= 382 y2= 403 tnt1=  62 tnt2=  48
x1= 550 x2= 553 y1= 399 y2= 412 tnt1=  22 tnt2=  31
x1= 547 x2= 538 y1= 400 y2= 413 tnt1=  28 tnt2=  37
x1= 547 x2= 547 y1= 400 y2= 411 tnt1=  22 tnt2=  23
x1= 544 x2= 542 y1= 402 y2= 411 tnt1=  20 tnt2=  24
x1= 543 x2= 551 y1= 401 y2= 411 tnt1=  14 tnt2=  23
x1= 540 x2= 544 y1= 401 y2= 409 tnt1=  16 tnt2=  20
x1= 541 x2= 554 y1= 400 y2= 409 tnt1=   8 tnt2=  11
x1= 532 x2= 543 y1= 400 y2= 409 tnt1=  19 tnt2=  10
x1= 535 x2= 542 y1= 398 y2= 408 tnt1=  19 tnt2=  20
x1= 551 x2= 545 y1= 397 y2= 407 tnt1=  16 tnt2=  20
x1= 542 x2= 543 y1= 398 y2= 408 tnt1=  28 tnt2=  22
x1= 541 x2= 543 y1= 397 y2= 407 tnt1=  18 tnt2=  14
x1= 539 x2= 548 y1= 395 y2= 407 tnt1=  16 tnt2=  22
x1= 548 x2= 545 y1= 395 y2= 406 tnt1=  18 tnt2=  24
x1= 535 x2= 541 y1= 394 y2= 405 tnt1=  21 tnt2=  27
x1= 537 x2= 552 y1= 394 y2= 404 tnt1=   9 tnt2=  17
x1= 540 x2= 530 y1= 394 y2= 405 tnt1=  29 tnt2=  33
x1= 530 x2= 540 y1= 394 y2= 404 tnt1=  22 tnt2=  17
x1= 537 x2= 551 y1= 386 y2= 404 tnt1=  25 tnt2=  43
