x1=1023 x2=1023 y1= 901 y2= 940 tnt1=1023 tnt2=1023
x1=1023 x2=1023 y1= 862 y2= 982 tnt1=1023 tnt2=1021
x1=1023 x2=1023 y1= 905 y2= 988 tnt1=1023 tnt2=1023
x1=1023 x2=1023 y1= 871 y2=1023 tnt1=1023 tnt2=1023
x1= 768 x2= 769 y1= 402 y2= 407 tnt1=  24 tnt2=  24
x1= 761 x2= 763 y1= 394 y2= 400 tnt1=  15 tnt2=  16
x1= 760 x2= 760 y1= 393 y2= 398 tnt1=  15 tnt2=  15
x1= 758 x2= 757 y1= 393 y2= 397 tnt1=  15 tnt2=  15
x1= 757 x2= 756 y1= 392 y2= 397 tnt1=  17 tnt2=  15
x1= 756 x2= 759 y1= 392 y2= 396 tnt1=  14 tnt2=  15
x1= 755 x2= 754 y1= 389 y2= 396 tnt1=  14 tnt2=  14
x1= 755 x2= 755 y1= 392 y2= 397 tnt1=  14 tnt2=  14
x1= 755 x2= 754 y1= 392 y2= 397 tnt1=  14 tnt2=  14
x1= 754 x2= 752 y1= 393 y2= 397 tnt1=  14 tnt2=  14
x1= 751 x2= 753 y1= 394 y2= 398 tnt1=  14 tnt2=  14
x1= 754 x2= 753 y1= 396 y2= 401 tnt1=  14 tnt2=  14
x1= 755 x2= 754 y1= 400 y2= 405 tnt1=  14 tnt2=  15
x1= 756 x2= 755 y1= 407 y2= 409 tnt1=  14 tnt2=  14
x1= 757 x2= 757 y1= 414 y2= 417 tnt1=  14 tnt2=  13
x1= 753 x2= 758 y1= 423 y2= 427 tnt1=  14 tnt2=  14
x1= 760 x2= 760 y1= 432 y2= 434 tnt1=  13 tnt2=  10
x1= 763 x2= 762 y1= 441 y2= 443 tnt1=  13 tnt2=  13
x1= 763 x2= 762 y1= 463 y2= 455 tnt1=  13 tnt2=  13
x1= 764 x2= 764 y1= 461 y2= 465 tnt1=  12 tnt2=  13
x1= 766 x2= 765 y1= 483 y2= 479 tnt1=  15 tnt2=  15
x1=1023 x2=1022 y1= 897 y2= 990 tnt1=1023 tnt2=1023
x1=1023 x2=1023 y1= 885 y2=1023 tnt1=1023 tnt2=1023
x1=1023 x2=1023 y1= 851 y2= 980 tnt1=1023 tnt2=1023
x1=1023 x2=1023 y1= 867 y2=1023 tnt1=1023 tnt2=1023
x1=1023 x2=1023 y1= 830 y2= 983 tnt1=1021 tnt2=1023
x1=1023 x2=1023 y1= 928 y2=1004 tnt1=1023 tnt2=1023
x1=1023 x2=1023 y1= 884 y2= 968 tnt1=1021 tnt2=1023
x1=1023 x2=1023 y1= 917 y2= 998 tnt1=1023 tnt2=1023
x1=1023 x2=1023 y1= 892 y2= 962 tnt1=1023 tnt2=1023
x1=1023 x2=1023 y1= 907 y2= 956 tnt1=1023 tnt2=1023
x1=1023 x2=1023 y1= 855 y2= 981 tnt1=1023 tnt2=1023
x1=1023 x2=1020 y1= 932 y2=1001 tnt1=1023 tnt2=1023
x1=1023 x2=1023 y1= 901 y2= 952 tnt1=1023 tnt2=1023
x1=1023 x2=1023 y1= 902 y2= 935 tnt1=1023 tnt2=1023
x1=1023 x2=1023 y1= 863 y2= 988 tnt1=1023 tnt2=1020
x1=1023 x2=1023 y1= 900 y2= 973 tnt1=1023 tnt2=1023
x1=1023 x2=1023 y1= 863 y2= 988 tnt1=1023 tnt2=1023
x1=1023 x2=1023 y1= 905 y2= 955 tnt1=1023 tnt2=1023
x1=1023 x2=1023 y1= 883 y2=1012 tnt1=1021 tnt2=1023
x1=1023 x2=1023 y1= 922 y2= 941 tnt1=1023 tnt2=1023
x1=1023 x2=1023 y1= 900 y2=1023 tnt1=1023 tnt2=1023
x1=1023 x2=1021 y1= 931 y2=1001 tnt1=1023 tnt2=1023
x1=1023 x2=1023 y1= 895 y2=1023 tnt1=1023 tnt2=1023
x1=1023 x2=1023 y1= 825 y2= 973 tnt1=1023 tnt2=1023
x1=1023 x2=1023 y1= 874 y2=1023 tnt1=1023 tnt2=1023
x1=1023 x2=1023 y1= 851 y2= 986 tnt1=1023 tnt2=1023
x1=1023 x2=1023 y1= 875 y2=1013 tnt1=1023 tnt2=1020
x1=1022 x2=1023 y1= 905 y2= 962 tnt1=1023 tnt2=1023
x1=1023 x2=1023 y1= 942 y2=1006 tnt1=1023 tnt2=1023
x1=1023 x2=1023 y1= 852 y2= 975 tnt1=1020 tnt2=1023
x1=1023 x2=1022 y1= 921 y2= 999 tnt1=1023 tnt2=1023
x1=1023 x2=1023 y1= 902 y2= 959 tnt1=1023 tnt2=1023
x1=1023 x2=1021 y1= 937 y2=1005 tnt1=1023 tnt2=1020
x1=1023 x2=1023 y1= 870 y2= 984 tnt1=1023 tnt2=1023
x1=1023 x2=1023 y1= 938 y2=1013 tnt1=1023 tnt2=1023
x1=1023 x2=1023 y1= 898 y2=1021 tnt1=1020 tnt2=1023
x1=1018 x2= 923 y1= 557 y2= 554 tnt1=1022 tnt2=  33
x1= 703 x2= 706 y1= 487 y2= 489 tnt1=  15 tnt2=  15
x1= 709 x2= 708 y1= 476 y2= 485 tnt1=  15 tnt2=  15
x1= 711 x2= 710 y1= 464 y2= 467 tnt1=  15 tnt2=  15
x1= 711 x2= 711 y1= 456 y2= 434 tnt1=  13 tnt2=  14
x1= 712 x2= 712 y1= 450 y2= 454 tnt1=  14 tnt2=  14
x1= 713 x2= 713 y1= 444 y2= 438 tnt1=  14 tnt2=  15
x1= 714 x2= 709 y1= 437 y2= 439 tnt1=  14 tnt2=  14
x1= 714 x2= 714 y1= 433 y2= 437 tnt1=  13 tnt2=  13
x1= 714 x2= 714 y1= 432 y2= 436 tnt1=  13 tnt2=  13
x1= 715 x2= 716 y1= 434 y2= 436 tnt1=  14 tnt2=  14
x1= 905 x2=1001 y1= 825 y2=1007 tnt1= 134 tnt2=1023
x1=1023 x2=1023 y1= 817 y2= 973 tnt1=1022 tnt2=1023
x1=1023 x2=1023 y1= 868 y2=1023 tnt1=1023 tnt2=1023
x1=1023 x2=1023 y1= 901 y2= 974 tnt1=1023 tnt2=1023
x1=1023 x2=1023 y1= 923 y2= 999 tnt1=1023 tnt2=1021
x1=1023 x2=1023 y1= 892 y2= 964 tnt1=1023 tnt2=1023
x1=1023 x2=1021 y1= 925 y2=1003 tnt1=1023 tnt2=1022
x1=1023 x2=1023 y1= 876 y2= 987 tnt1=1023 tnt2=1023
x1=1023 x2=1023 y1= 939 y2=1011 tnt1=1023 tnt2=1023
x1=1023 x2=1023 y1= 873 y2= 984 tnt1=1023 tnt2=1020
x1=1023 x2=1023 y1= 858 y2= 982 tnt1=1023 tnt2=1023
x1=1023 x2=1023 y1= 863 y2= 983 tnt1=1023 tnt2=1020
x1=1023 x2=1022 y1= 927 y2=1000 tnt1=1023 tnt2=1023
x1=1023 x2=1023 y1= 844 y2= 985 tnt1=1023 tnt2=1023
x1=1023 x2=1023 y1= 832 y2= 980 tnt1=1023 tnt2=1023
x1=1023 x2=1023 y1= 918 y2= 997 tnt1=1023 tnt2=1023
x1=1023 x2=1023 y1= 923 y2= 999 tnt1=1023 tnt2=1023
x1=1023 x2=1023 y1= 895 y2=1023 tnt1=1023 tnt2=1023
x1=1023 x2=1023 y1= 859 y2= 981 tnt1=1023 tnt2=1023
x1=1023 x2=1023 y1= 890 y2=1023 tnt1=1023 tnt2=1023
x1=1023 x2=1023 y1= 913 y2= 940 tnt1=1023 tnt2=1023
x1=1023 x2=1023 y1= 893 y2=1023 tnt1=1021 tnt2=1023
x1=1023 x2=1023 y1= 845 y2= 979 tnt1=1023 tnt2=1023
x1=1023 x2=1023 y1= 878 y2=1023 tnt1=1023 tnt2=1023
x1=1023 x2=1023 y1= 856 y2= 974 tnt1=1022 tnt2=1023
x1=1023 x2=1023 y1= 934 y2=1001 tnt1=1023 tnt2=1023
x1=1023 x2=1023 y1= 896 y2= 971 tnt1=1022 tnt2=1023
x1=1023 x2=1022 y1= 923 y2= 999 tnt1=1023 tnt2=1023
x1=1023 x2=1023 y1= 897 y2= 955 tnt1=1023 tnt2=1023
x1=1023 x2=1023 y1= 947 y2=1005 tnt1=1023 tnt2=1023
x1=1023 x2=1023 y1= 868 y2= 990 tnt1=1023 tnt2=1020
x1=1023 x2=1023 y1= 934 y2=1008 tnt1=1023 tnt2=1023
x1= 925 x2= 858 y1= 638 y2= 631 tnt1=1023 tnt2=  49
x1= 694 x2= 691 y1= 571 y2= 554 tnt1=  20 tnt2=  18
x1= 689 x2= 691 y1= 537 y2= 540 tnt1=  13 tnt2=  14
x1= 693 x2= 692 y1= 526 y2= 534 tnt1=  14 tnt2=  16
x1= 697 x2= 697 y1= 517 y2= 518 tnt1=  17 tnt2=  16
x1=1023 x2=1023 y1= 903 y2= 939 tnt1=1023 tnt2=1023
x1=1023 x2=1023 y1= 923 y2= 998 tnt1=1023 tnt2=1023
x1=1023 x2=1023 y1= 910 y2= 994 tnt1=1023 tnt2=1023
x1=1023 x2=1023 y1= 840 y2= 974 tnt1=1023 tnt2=1020
x1= 707 x2= 707 y1= 451 y2= 454 tnt1=  15 tnt2=  17
x1= 831 x2= 830 y1= 625 y2= 649 tnt1= 381 tnt2= 174
x1= 725 x2= 724 y1= 442 y2= 444 tnt1=  30 tnt2=  29
x1=1023 x2=1023 y1= 867 y2=1023 tnt1=1023 tnt2=1023
x1=1023 x2=1023 y1= 816 y2= 972 tnt1=1022 tnt2=1023
x1=1023 x2=1023 y1= 854 y2= 980 tnt1=1023 tnt2=1019
x1=1023 x2=1023 y1= 882 y2= 966 tnt1=1019 tnt2=1023
x1=1023 x2=1023 y1= 924 y2=1002 tnt1=1023 tnt2=1023
x1=1023 x2=1023 y1= 896 y2= 953 tnt1=1023 tnt2=1023
x1=1023 x2=1021 y1= 930 y2=1000 tnt1=1023 tnt2=1023
x1=1023 x2=1023 y1= 912 y2= 940 tnt1=1023 tnt2=1021
x1=1023 x2=1023 y1= 925 y2=1000 tnt1=1023 tnt2=1023
x1=1023 x2=1023 y1= 894 y2= 960 tnt1=1023 tnt2=1023
x1=1023 x2=1023 y1= 894 y2=1023 tnt1=1022 tnt2=1023
x1=1023 x2=1023 y1= 871 y2= 989 tnt1=1023 tnt2=1021
x1=1023 x2=1023 y1= 912 y2= 940 tnt1=1023 tnt2=1023
x1=1023 x2=1023 y1= 862 y2= 988 tnt1=1023 tnt2=1023
x1=1023 x2=1023 y1= 904 y2= 987 tnt1=1023 tnt2=1023
x1= 719 x2= 715 y1= 369 y2= 385 tnt1=  13 tnt2=  13
x1= 717 x2= 715 y1= 384 y2= 384 tnt1=  15 tnt2=  14
x1= 717 x2= 716 y1= 383 y2= 388 tnt1=  14 tnt2=  14
x1= 717 x2= 717 y1= 388 y2= 382 tnt1=  14 tnt2=  14
x1= 719 x2= 717 y1= 392 y2= 396 tnt1=  14 tnt2=  14
x1= 717 x2= 716 y1= 400 y2= 403 tnt1=  13 tnt2=  13
x1= 716 x2= 715 y1= 408 y2= 412 tnt1=  13 tnt2=  13
x1= 715 x2= 714 y1= 420 y2= 432 tnt1=  13 tnt2=  14
x1= 713 x2= 714 y1= 431 y2= 435 tnt1=  12 tnt2=  14
x1= 715 x2= 715 y1= 453 y2= 448 tnt1=  17 tnt2=  16
x1= 719 x2= 718 y1= 455 y2= 459 tnt1=  19 tnt2=  19
x1= 724 x2= 724 y1= 467 y2= 474 tnt1=  26 tnt2=  28
x1=1023 x2=1023 y1= 897 y2= 991 tnt1=1023 tnt2=1023
x1= 714 x2= 714 y1= 484 y2= 488 tnt1=  20 tnt2=  20
x1=1023 x2=1023 y1= 898 y2= 994 tnt1=1023 tnt2=1013
x1= 705 x2= 707 y1= 513 y2= 515 tnt1=  21 tnt2=  20
x1=1023 x2=1023 y1= 918 y2=1005 tnt1=1023 tnt2=1023
x1=1023 x2=1023 y1= 850 y2= 983 tnt1=1023 tnt2=1020
x1=1023 x2=1023 y1= 884 y2=1017 tnt1=1023 tnt2=1023
x1=1023 x2=1023 y1= 864 y2= 984 tnt1=1023 tnt2=1023
x1=1023 x2=1023 y1= 913 y2=1000 tnt1=1023 tnt2=1023
x1=1023 x2=1023 y1= 847 y2= 979 tnt1=1023 tnt2=1023
x1=1023 x2=1023 y1= 910 y2= 993 tnt1=1023 tnt2=1023
x1=1023 x2=1023 y1= 857 y2= 976 tnt1=1023 tnt2=1023
x1=1023 x2=1023 y1= 920 y2=1002 tnt1=1023 tnt2=1023
x1=1023 x2=1023 y1= 894 y2=1021 tnt1=1022 tnt2=1023
x1=1023 x2=1022 y1= 922 y2=1002 tnt1=1023 tnt2=1021
x1=1023 x2=1023 y1= 881 y2=1023 tnt1=1023 tnt2=1023
x1=1023 x2=1023 y1= 822 y2= 978 tnt1=1023 tnt2=1023
x1=1023 x2=1023 y1= 886 y2=1023 tnt1=1023 tnt2=1023
x1=1023 x2=1023 y1= 888 y2= 971 tnt1=1023 tnt2=1023
x1=1023 x2=1023 y1= 893 y2= 965 tnt1=1023 tnt2=1023
x1=1023 x2=1023 y1= 896 y2= 961 tnt1=1023 tnt2=1023
x1=1023 x2=1020 y1= 944 y2=1004 tnt1=1023 tnt2=1023
x1=1023 x2=1023 y1= 911 y2= 954 tnt1=1023 tnt2=1023
x1=1023 x2=1022 y1= 941 y2=1004 tnt1=1023 tnt2=1023
x1=1023 x2=1023 y1= 913 y2= 945 tnt1=1023 tnt2=1023
x1=1023 x2=1023 y1= 953 y2=1009 tnt1=1023 tnt2=1023
x1=1023 x2=1023 y1= 897 y2= 957 tnt1=1023 tnt2=1023
x1=1023 x2=1023 y1= 938 y2=1005 tnt1=1023 tnt2=1023
x1=1023 x2=1023 y1= 872 y2= 990 tnt1=1023 tnt2=1020
x1=1023 x2=1023 y1= 882 y2=1023 tnt1=1023 tnt2=1023
x1=1023 x2=1023 y1= 852 y2= 986 tnt1=1023 tnt2=1023
x1=1023 x2=1023 y1= 919 y2= 999 tnt1=1023 tnt2=1023
x1=1023 x2=1023 y1= 860 y2= 982 tnt1=1022 tnt2=1023
x1=1023 x2=1023 y1= 922 y2= 967 tnt1=1023 tnt2=1023
x1=1023 x2=1023 y1= 880 y2=1023 tnt1=1023 tnt2=1022
x1=1023 x2=1023 y1= 918 y2= 997 tnt1=1023 tnt2=1023
x1=1023 x2=1023 y1= 879 y2=1023 tnt1=1023 tnt2=1023
x1=1023 x2=1022 y1= 928 y2=1000 tnt1=1023 tnt2=1023
x1=1023 x2=1023 y1= 882 y2=1023 tnt1=1023 tnt2=1023
x1=1023 x2=1023 y1= 906 y2= 938 tnt1=1023 tnt2=1023
x1=1023 x2=1023 y1= 868 y2= 989 tnt1=1023 tnt2=1021
x1=1023 x2=1022 y1= 862 y2= 989 tnt1=1022 tnt2=1023
x1=1023 x2=1023 y1= 868 y2= 984 tnt1=1023 tnt2=1023
x1=1023 x2=1023 y1= 902 y2= 954 tnt1=1023 tnt2=1023
x1= 670 x2= 671 y1= 602 y2= 602 tnt1=  16 tnt2=  15
x1= 672 x2= 672 y1= 593 y2= 595 tnt1=  14 tnt2=  14
x1= 674 x2= 676 y1= 590 y2= 588 tnt1=  13 tnt2=  13
x1= 678 x2= 680 y1= 597 y2= 580 tnt1=  15 tnt2=  15
x1= 685 x2= 685 y1= 565 y2= 568 tnt1=  14 tnt2=  14
x1= 690 x2= 689 y1= 544 y2= 553 tnt1=  13 tnt2=  14
x1= 692 x2= 692 y1= 544 y2= 543 tnt1=  14 tnt2=  13
x1= 696 x2= 696 y1= 527 y2= 530 tnt1=  14 tnt2=  13
x1= 698 x2= 699 y1= 517 y2= 520 tnt1=  14 tnt2=  16
x1= 704 x2= 705 y1= 507 y2= 511 tnt1=  13 tnt2=  12
x1=1023 x2=1023 y1= 895 y2= 983 tnt1=1023 tnt2=1023
x1=1023 x2=1023 y1= 833 y2= 979 tnt1=1023 tnt2=1023
x1=1023 x2=1023 y1= 911 y2= 995 tnt1=1023 tnt2=1023
x1=1023 x2=1023 y1= 869 y2=1023 tnt1=1023 tnt2=1023
x1=1023 x2=1022 y1= 925 y2= 998 tnt1=1023 tnt2=1023
x1=1023 x2=1023 y1= 864 y2=1023 tnt1=1023 tnt2=1021
x1=1023 x2=1021 y1= 934 y2=1001 tnt1=1023 tnt2=1023
x1=1023 x2=1023 y1= 879 y2=1013 tnt1=1023 tnt2=1023
x1=1023 x2=1023 y1= 840 y2= 974 tnt1=1020 tnt2=1023
x1=1023 x2=1023 y1= 878 y2= 987 tnt1=1023 tnt2=1020
x1=1023 x2=1023 y1= 895 y2= 956 tnt1=1023 tnt2=1023
x1=1023 x2=1023 y1= 849 y2= 985 tnt1=1023 tnt2=1023
x1=1023 x2=1023 y1= 894 y2= 950 tnt1=1023 tnt2=1023
x1=1023 x2=1023 y1= 934 y2=1004 tnt1=1023 tnt2=1023
x1=1023 x2=1023 y1= 912 y2= 940 tnt1=1023 tnt2=1023
x1=1023 x2=1023 y1= 905 y2= 940 tnt1=1023 tnt2=1023
x1=1023 x2=1023 y1= 893 y2= 977 tnt1=1023 tnt2=1023
x1=1023 x2=1023 y1= 937 y2=1008 tnt1=1023 tnt2=1023
x1=1023 x2=1023 y1= 858 y2= 988 tnt1=1023 tnt2=1022
x1=1023 x2=1023 y1= 949 y2=1005 tnt1=1023 tnt2=1023
x1= 724 x2= 723 y1= 395 y2= 399 tnt1=  17 tnt2=  15
x1= 725 x2= 724 y1= 394 y2= 393 tnt1=  14 tnt2=  15
x1= 725 x2= 724 y1= 394 y2= 395 tnt1=  15 tnt2=  15
x1= 725 x2= 724 y1= 391 y2= 384 tnt1=  15 tnt2=  15
x1= 725 x2= 724 y1= 388 y2= 391 tnt1=  15 tnt2=  15
x1= 724 x2= 724 y1= 386 y2= 389 tnt1=  14 tnt2=  15
x1= 725 x2= 722 y1= 386 y2= 388 tnt1=  14 tnt2=  14
x1= 723 x2= 720 y1= 385 y2= 388 tnt1=  14 tnt2=  13
x1= 720 x2= 719 y1= 386 y2= 388 tnt1=  13 tnt2=  14
x1= 719 x2= 718 y1= 383 y2= 389 tnt1=  14 tnt2=  14
x1= 717 x2= 717 y1= 385 y2= 388 tnt1=  13 tnt2=  14
x1= 716 x2= 716 y1= 385 y2= 389 tnt1=  13 tnt2=  14
x1= 718 x2= 715 y1= 388 y2= 390 tnt1=  13 tnt2=  13
x1= 715 x2= 715 y1= 389 y2= 393 tnt1=  13 tnt2=  14
x1= 715 x2= 713 y1= 388 y2= 391 tnt1=  12 tnt2=  14
x1= 713 x2= 713 y1= 388 y2= 391 tnt1=  14 tnt2=  13
x1= 714 x2= 711 y1= 389 y2= 390 tnt1=  14 tnt2=  14
x1= 712 x2= 711 y1= 389 y2= 387 tnt1=  13 tnt2=  14
x1= 712 x2= 711 y1= 390 y2= 391 tnt1=  11 tnt2=  14
x1= 710 x2= 709 y1= 390 y2= 389 tnt1=  14 tnt2=  12
x1= 710 x2= 709 y1= 388 y2= 391 tnt1=  15 tnt2=  14
x1= 709 x2= 708 y1= 390 y2= 391 tnt1=  14 tnt2=  14
x1= 709 x2= 708 y1= 389 y2= 376 tnt1=  13 tnt2=  14
x1= 709 x2= 708 y1= 387 y2= 391 tnt1=  14 tnt2=  18
x1= 708 x2= 707 y1= 390 y2= 378 tnt1=  14 tnt2=  16
x1= 708 x2= 707 y1= 388 y2= 392 tnt1=  14 tnt2=  15
x1= 708 x2= 709 y1= 388 y2= 391 tnt1=  14 tnt2=  14
x1= 707 x2= 705 y1= 389 y2= 391 tnt1=  13 tnt2=  14
x1= 706 x2= 704 y1= 388 y2= 391 tnt1=  15 tnt2=  15
x1= 706 x2= 704 y1= 387 y2= 394 tnt1=  15 tnt2=  14
x1= 705 x2= 699 y1= 390 y2= 391 tnt1=  16 tnt2=  15
x1= 705 x2= 703 y1= 388 y2= 391 tnt1=  16 tnt2=  13
x1= 702 x2= 703 y1= 390 y2= 392 tnt1=  15 tnt2=  15
x1= 702 x2= 701 y1= 391 y2= 392 tnt1=  15 tnt2=  15
x1= 700 x2= 700 y1= 389 y2= 393 tnt1=  14 tnt2=  14
x1= 700 x2= 699 y1= 389 y2= 393 tnt1=  14 tnt2=  10
x1= 700 x2= 699 y1= 390 y2= 390 tnt1=  14 tnt2=  14
x1= 698 x2= 698 y1= 392 y2= 394 tnt1=  15 tnt2=  14
x1= 700 x2= 699 y1= 392 y2= 392 tnt1=  17 tnt2=  18
x1= 701 x2= 702 y1= 391 y2= 394 tnt1=  18 tnt2=  18
x1= 738 x2= 740 y1= 442 y2= 446 tnt1=  79 tnt2=  97
x1=1023 x2=1023 y1= 909 y2=1000 tnt1=1023 tnt2=1023
x1=1023 x2=1023 y1= 822 y2= 966 tnt1=1023 tnt2=1023
x1=1023 x2=1023 y1= 840 y2=1016 tnt1=1023 tnt2=1023
x1=1023 x2=1023 y1= 841 y2= 980 tnt1=1023 tnt2=1023
x1=1023 x2=1023 y1= 848 y2= 977 tnt1=1023 tnt2=1020
x1=1023 x2=1023 y1= 849 y2= 984 tnt1=1022 tnt2=1023
x1=1023 x2=1023 y1= 903 y2= 941 tnt1=1023 tnt2=1023
x1=1023 x2=1023 y1= 880 y2= 956 tnt1=1022 tnt2=1023
x1=1023 x2=1023 y1= 921 y2= 998 tnt1=1023 tnt2=1023
x1=1023 x2=1023 y1= 877 y2=1023 tnt1=1023 tnt2=1023
x1=1023 x2=1023 y1= 916 y2= 941 tnt1=1023 tnt2=1023
x1=1023 x2=1023 y1= 869 y2=1023 tnt1=1023 tnt2=1023
x1=1023 x2=1023 y1= 834 y2= 973 tnt1=1023 tnt2=1023
x1=1023 x2=1023 y1= 867 y2= 990 tnt1=1023 tnt2=1018
x1=1023 x2=1023 y1= 892 y2= 939 tnt1=1023 tnt2=1023
x1=1023 x2=1023 y1= 867 y2= 989 tnt1=1023 tnt2=1023
x1=1023 x2=1023 y1= 887 y2= 967 tnt1=1023 tnt2=1023
x1=1023 x2=1023 y1= 894 y2=1023 tnt1=1023 tnt2=1023
x1=1023 x2=1023 y1= 908 y2= 939 tnt1=1023 tnt2=1023
x1=1023 x2=1023 y1= 923 y2=1001 tnt1=1023 tnt2=1023
x1= 676 x2= 675 y1= 387 y2= 388 tnt1=  14 tnt2=  16
x1= 679 x2= 678 y1= 387 y2= 388 tnt1=  17 tnt2=  17
x1= 679 x2= 679 y1= 386 y2= 387 tnt1=  17 tnt2=  17
x1= 689 x2= 681 y1= 387 y2= 389 tnt1=  20 tnt2=  20
x1=1023 x2=1023 y1= 828 y2= 966 tnt1=1023 tnt2=1023
x1=1023 x2=1023 y1= 830 y2=1018 tnt1=1023 tnt2=1023
x1=1023 x2=1023 y1= 821 y2= 971 tnt1=1023 tnt2=1023
x1= 685 x2= 684 y1= 395 y2= 398 tnt1=  30 tnt2=  32
x1= 677 x2= 676 y1= 380 y2= 390 tnt1=  16 tnt2=  19
x1= 675 x2= 675 y1= 389 y2= 401 tnt1=  18 tnt2=  18
x1= 672 x2= 673 y1= 386 y2= 390 tnt1=  16 tnt2=  16
x1= 673 x2= 670 y1= 389 y2= 390 tnt1=  16 tnt2=  15
x1= 671 x2= 671 y1= 388 y2= 390 tnt1=  15 tnt2=  15
x1= 670 x2= 670 y1= 388 y2= 389 tnt1=  14 tnt2=  14
x1= 669 x2= 669 y1= 386 y2= 389 tnt1=  14 tnt2=  14
x1= 670 x2= 665 y1= 387 y2= 388 tnt1=  14 tnt2=  14
x1= 670 x2= 668 y1= 386 y2= 387 tnt1=  14 tnt2=  14
x1= 665 x2= 668 y1= 384 y2= 387 tnt1=  14 tnt2=  15
x1= 669 x2= 668 y1= 385 y2= 387 tnt1=  13 tnt2=  12
x1= 670 x2= 668 y1= 385 y2= 401 tnt1=  14 tnt2=  15
x1= 670 x2= 669 y1= 384 y2= 385 tnt1=  16 tnt2=  16
x1= 676 x2= 675 y1= 389 y2= 388 tnt1=  22 tnt2=  22
x1= 740 x2= 735 y1= 508 y2= 477 tnt1= 118 tnt2= 201
x1=1023 x2=1023 y1= 876 y2= 987 tnt1=1023 tnt2=1023
x1=1023 x2=1023 y1= 852 y2=1006 tnt1=1023 tnt2=1023
x1=1023 x2=1023 y1= 822 y2= 975 tnt1=1023 tnt2=1023
x1=1023 x2=1023 y1= 874 y2=1023 tnt1=1023 tnt2=1023
x1=1023 x2=1023 y1= 828 y2= 973 tnt1=1023 tnt2=1023
x1=1023 x2=1023 y1= 908 y2= 994 tnt1=1023 tnt2=1023
x1=1023 x2=1023 y1= 822 y2= 974 tnt1=1022 tnt2=1023
x1=1023 x2=1023 y1= 915 y2= 999 tnt1=1023 tnt2=1023
x1=1023 x2=1023 y1= 884 y2= 968 tnt1=1023 tnt2=1023
x1=1023 x2=1023 y1= 907 y2= 998 tnt1=1023 tnt2=1023
x1=1023 x2=1023 y1= 834 y2= 981 tnt1=1023 tnt2=1023
x1=1023 x2=1023 y1= 854 y2=1018 tnt1=1023 tnt2=1023
x1=1023 x2=1023 y1= 856 y2=1023 tnt1=1023 tnt2=1023
x1= 661 x2= 660 y1= 389 y2= 388 tnt1=  19 tnt2=  18
x1= 660 x2= 659 y1= 381 y2= 400 tnt1=  14 tnt2=  15
x1= 667 x2= 666 y1= 378 y2= 383 tnt1=  13 tnt2=  18
x1=1023 x2=1023 y1= 839 y2= 972 tnt1=1023 tnt2=1020
x1=1023 x2=1023 y1= 884 y2= 964 tnt1=1023 tnt2=1023
x1=1023 x2=1023 y1= 958 y2=1010 tnt1=1023 tnt2=1023
x1=1023 x2=1023 y1= 849 y2= 979 tnt1=1023 tnt2=1023
x1=1023 x2=1023 y1= 886 y2=1018 tnt1=1021 tnt2=1023
x1=1023 x2=1023 y1= 914 y2= 935 tnt1=1023 tnt2=1023
x1= 663 x2= 661 y1= 384 y2= 388 tnt1=  21 tnt2=  20
x1= 659 x2= 661 y1= 379 y2= 382 tnt1=  15 tnt2=  15
x1= 660 x2= 658 y1= 379 y2= 381 tnt1=  14 tnt2=  14
x1= 659 x2= 658 y1= 379 y2= 381 tnt1=  15 tnt2=  14
x1= 659 x2= 658 y1= 377 y2= 383 tnt1=  14 tnt2=  14
x1= 660 x2= 659 y1= 379 y2= 380 tnt1=  16 tnt2=  14
x1= 661 x2= 661 y1= 378 y2= 379 tnt1=  14 tnt2=  20
x1= 664 x2= 660 y1= 376 y2= 380 tnt1=  12 tnt2=  15
x1= 661 x2= 659 y1= 380 y2= 381 tnt1=  16 tnt2=  15
x1= 659 x2= 657 y1= 380 y2= 381 tnt1=  15 tnt2=  15
x1= 658 x2= 657 y1= 381 y2= 381 tnt1=  15 tnt2=  15
x1= 658 x2= 657 y1= 379 y2= 391 tnt1=  13 tnt2=  15
x1= 658 x2= 653 y1= 379 y2= 381 tnt1=  14 tnt2=  15
x1= 658 x2= 656 y1= 380 y2= 386 tnt1=  14 tnt2=  14
x1= 658 x2= 656 y1= 379 y2= 381 tnt1=  11 tnt2=  14
x1= 658 x2= 657 y1= 379 y2= 381 tnt1=  15 tnt2=  15
x1= 659 x2= 659 y1= 378 y2= 381 tnt1=  15 tnt2=  16
x1= 663 x2= 663 y1= 380 y2= 381 tnt1=  18 tnt2=  19
x1= 673 x2= 672 y1= 388 y2= 389 tnt1=  29 tnt2=  29
x1=1023 x2=1023 y1= 828 y2=1012 tnt1=1023 tnt2=1023
x1=1023 x2=1023 y1= 902 y2= 997 tnt1=1023 tnt2=1023
x1=1023 x2=1023 y1= 840 y2=1004 tnt1=1023 tnt2=1023
x1=1023 x2=1023 y1= 886 y2= 989 tnt1=1023 tnt2=1023
x1=1023 x2=1023 y1= 885 y2= 989 tnt1=1023 tnt2=1021
x1=1023 x2=1023 y1= 835 y2= 976 tnt1=1023 tnt2=1023
x1=1023 x2=1023 y1= 867 y2=1019 tnt1=1023 tnt2=1023
x1=1023 x2=1023 y1= 831 y2= 974 tnt1=1023 tnt2=1023
x1=1023 x2=1023 y1= 844 y2= 976 tnt1=1023 tnt2=1023
x1=1023 x2=1023 y1= 868 y2= 969 tnt1=1022 tnt2=1023
x1=1023 x2=1023 y1= 906 y2= 997 tnt1=1023 tnt2=1023
x1=1023 x2=1023 y1= 888 y2= 959 tnt1=1023 tnt2=1023
x1=1023 x2=1023 y1= 910 y2= 998 tnt1=1023 tnt2=1023
x1=1023 x2=1023 y1= 849 y2=1023 tnt1=1023 tnt2=1023
x1=1023 x2=1023 y1= 904 y2= 999 tnt1=1023 tnt2=1023
x1=1023 x2=1023 y1= 832 y2= 998 tnt1=1023 tnt2=1023
x1= 661 x2= 660 y1= 387 y2= 387 tnt1=  30 tnt2=  26
x1= 653 x2= 653 y1= 380 y2= 381 tnt1=  20 tnt2=  20
x1= 654 x2= 652 y1= 377 y2= 379 tnt1=  17 tnt2=  19
x1= 653 x2= 653 y1= 376 y2= 378 tnt1=  17 tnt2=  18
x1= 653 x2= 651 y1= 378 y2= 378 tnt1=  16 tnt2=  17
x1= 653 x2= 652 y1= 375 y2= 377 tnt1=  16 tnt2=  16
x1= 652 x2= 651 y1= 375 y2= 376 tnt1=  15 tnt2=  16
x1= 652 x2= 651 y1= 381 y2= 375 tnt1=  17 tnt2=  15
x1= 652 x2= 651 y1= 373 y2= 370 tnt1=  15 tnt2=  15
x1= 657 x2= 653 y1= 371 y2= 375 tnt1=  18 tnt2=  17
x1= 654 x2= 653 y1= 374 y2= 374 tnt1=  17 tnt2=  17
x1= 660 x2= 654 y1= 374 y2= 377 tnt1=  19 tnt2=  21
x1= 684 x2= 684 y1= 411 y2= 411 tnt1=  58 tnt2=  50
x1=1023 x2=1023 y1= 821 y2= 965 tnt1=1023 tnt2=1021
x1=1023 x2=1023 y1= 832 y2= 976 tnt1=1023 tnt2=1021
x1=1023 x2=1023 y1= 916 y2= 998 tnt1=1023 tnt2=1023
x1=1023 x2=1023 y1= 825 y2= 967 tnt1=1021 tnt2=1023
x1=1023 x2=1023 y1= 922 y2= 997 tnt1=1023 tnt2=1023
x1=1023 x2=1023 y1= 903 y2= 932 tnt1=1023 tnt2=1023
x1=1023 x2=1021 y1= 922 y2=1000 tnt1=1023 tnt2=1023
x1=1023 x2=1023 y1= 828 y2= 969 tnt1=1023 tnt2=1022
x1= 664 x2= 662 y1= 394 y2= 390 tnt1=  38 tnt2=  26
x1= 653 x2= 652 y1= 374 y2= 376 tnt1=  22 tnt2=  21
x1= 651 x2= 650 y1= 387 y2= 374 tnt1=  22 tnt2=  19
x1= 655 x2= 654 y1= 372 y2= 375 tnt1=  22 tnt2=  22
x1=1023 x2=1023 y1= 867 y2= 942 tnt1=1023 tnt2=1023
x1=1023 x2=1023 y1= 829 y2= 966 tnt1=1023 tnt2=1019
x1=1023 x2=1023 y1= 861 y2= 942 tnt1=1023 tnt2=1023
x1= 651 x2= 650 y1= 374 y2= 377 tnt1=  21 tnt2=  21
x1= 648 x2= 652 y1= 372 y2= 374 tnt1=  18 tnt2=  16
x1= 646 x2= 645 y1= 391 y2= 375 tnt1=  16 tnt2=  15
x1= 646 x2= 645 y1= 374 y2= 373 tnt1=  15 tnt2=  18
x1= 646 x2= 645 y1= 372 y2= 374 tnt1=  14 tnt2=  15
x1= 647 x2= 644 y1= 371 y2= 370 tnt1=  15 tnt2=  15
x1= 651 x2= 645 y1= 372 y2= 374 tnt1=  14 tnt2=  16
x1= 645 x2= 642 y1= 373 y2= 374 tnt1=  14 tnt2=  16
x1= 645 x2= 644 y1= 373 y2= 377 tnt1=  15 tnt2=  15
x1= 643 x2= 643 y1= 372 y2= 374 tnt1=  15 tnt2=  14
x1= 643 x2= 642 y1= 372 y2= 374 tnt1=  15 tnt2=  15
x1= 644 x2= 642 y1= 371 y2= 374 tnt1=  15 tnt2=  15
x1= 641 x2= 642 y1= 371 y2= 374 tnt1=  14 tnt2=  15
x1= 643 x2= 641 y1= 370 y2= 371 tnt1=  15 tnt2=  15
x1= 643 x2= 641 y1= 372 y2= 373 tnt1=  15 tnt2=  15
x1= 642 x2= 641 y1= 371 y2= 372 tnt1=  15 tnt2=  15
x1= 642 x2= 640 y1= 384 y2= 373 tnt1=  16 tnt2=  15
x1= 646 x2= 644 y1= 371 y2= 373 tnt1=  19 tnt2=  18
x1=1023 x2=1023 y1= 861 y2= 937 tnt1=1023 tnt2=1023
x1=1023 x2=1023 y1= 817 y2= 964 tnt1=1023 tnt2=1023
x1=1023 x2=1023 y1= 884 y2= 932 tnt1=1023 tnt2=1023
x1=1023 x2=1023 y1= 841 y2= 976 tnt1=1023 tnt2=1023
x1=1023 x2=1023 y1= 883 y2= 969 tnt1=1020 tnt2=1023
x1=1023 x2=1023 y1= 864 y2= 982 tnt1=1023 tnt2=1023
x1=1023 x2=1023 y1= 921 y2= 998 tnt1=1023 tnt2=1023
x1=1023 x2=1023 y1= 888 y2=1018 tnt1=1023 tnt2=1023
x1=1023 x2=1023 y1= 872 y2=1023 tnt1=1023 tnt2=1023
x1=1023 x2=1023 y1= 880 y2=1023 tnt1=1023 tnt2=1023
x1=1023 x2=1023 y1= 860 y2= 983 tnt1=1023 tnt2=1023
x1=1023 x2=1023 y1= 868 y2= 978 tnt1=1023 tnt2=1019
x1=1023 x2=1023 y1= 826 y2= 969 tnt1=1022 tnt2=1023
x1=1023 x2=1023 y1= 920 y2= 998 tnt1=1023 tnt2=1023
x1=1023 x2=1023 y1= 819 y2= 964 tnt1=1021 tnt2=1023
x1=1023 x2=1022 y1= 922 y2= 999 tnt1=1023 tnt2=1021
x1=1023 x2=1023 y1= 897 y2= 963 tnt1=1023 tnt2=1023
x1=1023 x2=1021 y1= 931 y2=1000 tnt1=1023 tnt2=1023
x1=1023 x2=1023 y1= 857 y2= 981 tnt1=1023 tnt2=1023
x1=1023 x2=1023 y1= 927 y2=1007 tnt1=1023 tnt2=1023
x1=1023 x2=1023 y1= 886 y2=1022 tnt1=1023 tnt2=1023
x1=1023 x2=1023 y1= 898 y2=1023 tnt1=1023 tnt2=1023
x1=1023 x2=1023 y1= 860 y2= 986 tnt1=1023 tnt2=1018
x1=1023 x2=1023 y1= 900 y2= 936 tnt1=1023 tnt2=1023
x1=1023 x2=1023 y1= 810 y2= 968 tnt1=1023 tnt2=1023
x1=1023 x2=1023 y1= 894 y2= 990 tnt1=1023 tnt2=1023
x1=1023 x2=1023 y1= 903 y2= 938 tnt1=1023 tnt2=1023
x1=1023 x2=1023 y1= 906 y2= 991 tnt1=1023 tnt2=1023
x1=1023 x2=1023 y1= 876 y2=1014 tnt1=1023 tnt2=1023
x1=1023 x2=1023 y1= 901 y2= 992 tnt1=1023 tnt2=1020
x1=1023 x2=1023 y1= 883 y2=1022 tnt1=1023 tnt2=1023
x1=1023 x2=1023 y1= 829 y2= 971 tnt1=1023 tnt2=1023
x1= 648 x2= 645 y1= 393 y2= 402 tnt1=  53 tnt2=  25
x1= 628 x2= 625 y1= 371 y2= 372 tnt1=  19 tnt2=  22
x1= 624 x2= 622 y1= 370 y2= 373 tnt1=  16 tnt2=  16
x1= 623 x2= 622 y1= 367 y2= 370 tnt1=  15 tnt2=  15
x1= 626 x2= 621 y1= 367 y2= 370 tnt1=  15 tnt2=  15
x1= 623 x2= 620 y1= 366 y2= 370 tnt1=  15 tnt2=  16
x1= 681 x2= 680 y1= 421 y2= 419 tnt1=  91 tnt2=  54
x1=1023 x2=1023 y1= 883 y2= 947 tnt1=1023 tnt2=1023
x1= 668 x2= 666 y1= 420 y2= 416 tnt1=  77 tnt2=  55
x1=1023 x2=1023 y1= 832 y2= 969 tnt1=1023 tnt2=1021
x1=1023 x2=1023 y1= 861 y2=1007 tnt1=1023 tnt2=1023
x1=1023 x2=1023 y1= 840 y2= 979 tnt1=1023 tnt2=1017
x1=1023 x2=1023 y1= 885 y2= 987 tnt1=1023 tnt2=1023
x1=1023 x2=1023 y1= 847 y2= 982 tnt1=1023 tnt2=1020
x1=1023 x2=1023 y1= 846 y2= 983 tnt1=1023 tnt2=1023
x1=1023 x2=1023 y1= 825 y2= 981 tnt1=1022 tnt2=1023
x1=1023 x2=1023 y1= 945 y2=1009 tnt1=1023 tnt2=1023
x1=1023 x2=1023 y1= 869 y2=1023 tnt1=1023 tnt2=1023
x1=1023 x2=1023 y1= 909 y2= 999 tnt1=1023 tnt2=1023
x1=1023 x2=1023 y1= 883 y2=1023 tnt1=1023 tnt2=1023
x1=1023 x2=1022 y1= 925 y2=1002 tnt1=1023 tnt2=1020
x1=1023 x2=1023 y1= 883 y2=1023 tnt1=1023 tnt2=1023
x1=1023 x2=1023 y1= 905 y2= 957 tnt1=1023 tnt2=1023
x1=1023 x2=1023 y1= 862 y2=1023 tnt1=1023 tnt2=1023
x1=1023 x2=1023 y1= 842 y2= 977 tnt1=1019 tnt2=1023
x1=1023 x2=1023 y1= 864 y2= 984 tnt1=1023 tnt2=1018
x1=1023 x2=1023 y1= 924 y2=1004 tnt1=1023 tnt2=1023
x1=1023 x2=1023 y1= 901 y2= 991 tnt1=1023 tnt2=1023
x1=1023 x2=1023 y1= 875 y2= 953 tnt1=1023 tnt2=1023
x1=1023 x2=1023 y1= 906 y2= 998 tnt1=1023 tnt2=1023
x1=1023 x2=1023 y1= 855 y2= 984 tnt1=1023 tnt2=1021
x1=1023 x2=1023 y1= 926 y2=1009 tnt1=1023 tnt2=1023
x1=1023 x2=1023 y1= 856 y2= 985 tnt1=1023 tnt2=1019
x1=1023 x2=1023 y1= 892 y2=1023 tnt1=1023 tnt2=1023
x1=1023 x2=1023 y1= 844 y2= 982 tnt1=1023 tnt2=1020
x1=1023 x2=1023 y1= 921 y2= 998 tnt1=1023 tnt2=1021
x1=1023 x2=1023 y1= 835 y2= 981 tnt1=1023 tnt2=1023
x1=1023 x2=1023 y1= 912 y2= 999 tnt1=1023 tnt2=1023
x1=1023 x2=1023 y1= 910 y2= 995 tnt1=1023 tnt2=1023
x1=1023 x2=1023 y1= 921 y2=1001 tnt1=1023 tnt2=1023
x1=1023 x2=1022 y1= 926 y2=1002 tnt1=1023 tnt2=1020
x1=1023 x2=1023 y1= 928 y2=1000 tnt1=1023 tnt2=1023
x1=1023 x2=1023 y1= 892 y2=1023 tnt1=1023 tnt2=1023
x1=1023 x2=1020 y1= 935 y2=1004 tnt1=1023 tnt2=1023
x1=1023 x2=1023 y1= 884 y2=1018 tnt1=1023 tnt2=1023
x1=1023 x2=1023 y1= 887 y2= 975 tnt1=1021 tnt2=1023
x1=1023 x2=1023 y1= 864 y2= 984 tnt1=1023 tnt2=1021
x1=1023 x2=1023 y1= 893 y2= 964 tnt1=1023 tnt2=1023
x1=1023 x2=1023 y1= 927 y2=1003 tnt1=1023 tnt2=1023
x1=1023 x2=1023 y1= 899 y2= 964 tnt1=1023 tnt2=1023
x1=1023 x2=1023 y1= 936 y2=1006 tnt1=1023 tnt2=1023
x1=1023 x2=1023 y1= 893 y2=1023 tnt1=1023 tnt2=1023
x1=1023 x2=1023 y1= 935 y2=1005 tnt1=1023 tnt2=1021
x1=1023 x2=1023 y1= 858 y2= 979 tnt1=1020 tnt2=1023
x1=1023 x2=1023 y1= 885 y2=1015 tnt1=1023 tnt2=1023
x1=1023 x2=1023 y1= 836 y2= 971 tnt1=1023 tnt2=1023
x1=1023 x2=1023 y1= 891 y2= 949 tnt1=1023 tnt2=1023
x1=1023 x2=1023 y1= 857 y2= 979 tnt1=1023 tnt2=1023
x1=1023 x2=1023 y1= 869 y2=1022 tnt1=1023 tnt2=1023
x1=1023 x2=1023 y1= 824 y2= 975 tnt1=1023 tnt2=1023
x1=1023 x2=1023 y1= 912 y2= 990 tnt1=1023 tnt2=1023
x1=1023 x2=1023 y1= 960 y2=1009 tnt1=1021 tnt2=1023
x1=1023 x2=1023 y1= 912 y2= 996 tnt1=1023 tnt2=1023
x1=1023 x2=1023 y1= 897 y2=1023 tnt1=1023 tnt2=1023
x1=1023 x2=1023 y1= 933 y2=1001 tnt1=1023 tnt2=1023
x1=1023 x2=1023 y1= 865 y2=1023 tnt1=1023 tnt2=1023
x1=1023 x2=1023 y1= 858 y2= 981 tnt1=1023 tnt2=1023
x1=1023 x2=1023 y1= 863 y2= 983 tnt1=1023 tnt2=1018
x1=1023 x2=1023 y1= 888 y2= 970 tnt1=1022 tnt2=1023
x1=1023 x2=1023 y1= 867 y2= 984 tnt1=1023 tnt2=1019
x1=1023 x2=1023 y1= 895 y2= 958 tnt1=1023 tnt2=1023
x1=1023 x2=1023 y1= 948 y2=1009 tnt1=1023 tnt2=1023
x1=1023 x2=1023 y1= 899 y2= 928 tnt1=1023 tnt2=1023
x1=1023 x2=1023 y1= 942 y2=1006 tnt1=1023 tnt2=1023
x1=1023 x2=1023 y1= 920 y2= 998 tnt1=1023 tnt2=1023
x1=1023 x2=1023 y1= 939 y2=1007 tnt1=1023 tnt2=1023
x1=1023 x2=1023 y1= 915 y2= 969 tnt1=1023 tnt2=1023
x1=1023 x2=1023 y1= 937 y2=1008 tnt1=1023 tnt2=1023
x1=1023 x2=1023 y1= 919 y2= 998 tnt1=1023 tnt2=1023
x1=1023 x2=1023 y1= 912 y2= 951 tnt1=1023 tnt2=1023
x1=1023 x2=1023 y1= 859 y2= 982 tnt1=1023 tnt2=1023
x1=1023 x2=1023 y1= 892 y2=1018 tnt1=1023 tnt2=1023
x1=1023 x2=1023 y1= 852 y2= 982 tnt1=1021 tnt2=1023
x1=1023 x2=1023 y1= 913 y2= 997 tnt1=1023 tnt2=1023
x1=1023 x2=1023 y1= 839 y2= 978 tnt1=1023 tnt2=1023
x1=1023 x2=1023 y1= 924 y2=1003 tnt1=1023 tnt2=1023
x1=1023 x2=1023 y1= 877 y2=1023 tnt1=1023 tnt2=1023
x1=1023 x2=1023 y1= 930 y2=1008 tnt1=1023 tnt2=1023
x1=1023 x2=1023 y1= 871 y2=1023 tnt1=1023 tnt2=1023
x1=1023 x2=1023 y1= 889 y2= 976 tnt1=1022 tnt2=1023
x1=1023 x2=1023 y1= 863 y2= 976 tnt1=1023 tnt2=1020
x1=1023 x2=1023 y1= 896 y2= 965 tnt1=1021 tnt2=1023
x1=1023 x2=1023 y1= 895 y2=1023 tnt1=1023 tnt2=1023
x1=1023 x2=1023 y1= 883 y2= 963 tnt1=1023 tnt2=1023
x1= 572 x2= 570 y1= 360 y2= 364 tnt1=  16 tnt2=  14
x1= 584 x2= 581 y1= 366 y2= 363 tnt1=  25 tnt2=  26
x1= 610 x2= 610 y1= 392 y2= 392 tnt1=  61 tnt2=  40
x1= 604 x2= 603 y1= 382 y2= 383 tnt1=  50 tnt2=  38
x1=1023 x2=1023 y1= 906 y2=1004 tnt1=1023 tnt2=1023
x1=1023 x2=1023 y1= 842 y2= 980 tnt1=1023 tnt2=1020
x1= 711 x2= 708 y1= 432 y2= 443 tnt1= 244 tnt2=  84
x1= 577 x2= 577 y1= 362 y2= 364 tnt1=  24 tnt2=  23
x1= 574 x2= 573 y1= 360 y2= 361 tnt1=  19 tnt2=  22
x1= 572 x2= 572 y1= 361 y2= 361 tnt1=  18 tnt2=  18
x1= 570 x2= 569 y1= 357 y2= 355 tnt1=  17 tnt2=  16
x1= 572 x2= 569 y1= 358 y2= 358 tnt1=  20 tnt2=  19
x1= 575 x2= 572 y1= 359 y2= 358 tnt1=  21 tnt2=  21
x1= 581 x2= 579 y1= 366 y2= 364 tnt1=  29 tnt2=  28
x1= 582 x2= 580 y1= 363 y2= 364 tnt1=  29 tnt2=  29
x1= 582 x2= 580 y1= 364 y2= 377 tnt1=  29 tnt2=  28
x1= 578 x2= 576 y1= 347 y2= 365 tnt1=  29 tnt2=  24
x1= 572 x2= 571 y1= 361 y2= 360 tnt1=  21 tnt2=  21
x1= 572 x2= 571 y1= 351 y2= 361 tnt1=  19 tnt2=  22
x1= 581 x2= 579 y1= 370 y2= 386 tnt1=  30 tnt2=  29
x1=1023 x2=1023 y1= 866 y2= 938 tnt1=1023 tnt2=1023
x1= 673 x2= 672 y1= 434 y2= 436 tnt1= 170 tnt2=  79
x1= 607 x2= 606 y1= 403 y2= 403 tnt1=  69 tnt2=  43
x1= 588 x2= 587 y1= 385 y2= 380 tnt1=  44 tnt2=  37
x1= 671 x2= 667 y1= 455 y2= 486 tnt1= 171 tnt2= 141
x1= 649 x2= 646 y1= 452 y2= 458 tnt1= 133 tnt2=  75
x1= 594 x2= 594 y1= 384 y2= 383 tnt1=  50 tnt2=  37
x1= 579 x2= 578 y1= 367 y2= 369 tnt1=  32 tnt2=  31
x1= 581 x2= 580 y1= 371 y2= 370 tnt1=  33 tnt2=  34
x1=1023 x2=1023 y1= 853 y2=1023 tnt1=1023 tnt2=1023
x1=1023 x2=1023 y1= 823 y2= 975 tnt1=1023 tnt2=1023
x1=1023 x2=1023 y1= 884 y2=1023 tnt1=1023 tnt2=1023
x1=1023 x2=1023 y1= 914 y2= 997 tnt1=1023 tnt2=1023
x1=1023 x2=1023 y1= 910 y2= 998 tnt1=1023 tnt2=1023
x1=1023 x2=1023 y1= 894 y2=1020 tnt1=1023 tnt2=1023
x1=1023 x2=1022 y1= 929 y2=1000 tnt1=1023 tnt2=1023
x1=1023 x2=1023 y1= 857 y2= 981 tnt1=1023 tnt2=1023
x1=1023 x2=1023 y1= 935 y2=1007 tnt1=1023 tnt2=1023
x1=1023 x2=1023 y1= 869 y2=1023 tnt1=1023 tnt2=1023
x1=1023 x2=1023 y1= 915 y2=1000 tnt1=1023 tnt2=1023
x1=1023 x2=1023 y1= 870 y2= 984 tnt1=1023 tnt2=1017
x1=1023 x2=1023 y1= 891 y2= 961 tnt1=1023 tnt2=1023
x1=1023 x2=1023 y1= 879 y2= 987 tnt1=1023 tnt2=1021
x1=1023 x2=1023 y1= 901 y2= 956 tnt1=1023 tnt2=1023
x1=1023 x2=1023 y1= 932 y2=1009 tnt1=1023 tnt2=1023
x1=1023 x2=1023 y1= 915 y2= 943 tnt1=1023 tnt2=1023
x1=1023 x2=1023 y1= 947 y2=1010 tnt1=1023 tnt2=1023
x1=1023 x2=1023 y1= 923 y2=1000 tnt1=1023 tnt2=1023
x1=1023 x2=1023 y1= 881 y2=1023 tnt1=1023 tnt2=1023
x1=1023 x2=1023 y1= 853 y2= 987 tnt1=1023 tnt2=1021
x1=1023 x2=1023 y1= 934 y2=1004 tnt1=1023 tnt2=1023
x1=1023 x2=1023 y1= 845 y2= 985 tnt1=1023 tnt2=1023
x1=1023 x2=1023 y1= 915 y2= 961 tnt1=1023 tnt2=1023
x1=1023 x2=1023 y1= 848 y2= 985 tnt1=1023 tnt2=1023
x1=1023 x2=1023 y1= 915 y2= 997 tnt1=1023 tnt2=1023
x1=1023 x2=1023 y1= 887 y2= 974 tnt1=1023 tnt2=1023
x1=1023 x2=1023 y1= 914 y2=1000 tnt1=1023 tnt2=1021
x1=1023 x2=1023 y1= 904 y2= 964 tnt1=1023 tnt2=1023
x1=1023 x2=1022 y1= 918 y2= 997 tnt1=1023 tnt2=1023
x1=1023 x2=1023 y1= 843 y2=1023 tnt1=1023 tnt2=1023
x1= 583 x2= 581 y1= 393 y2= 385 tnt1=  52 tnt2=  45
x1= 593 x2= 590 y1= 397 y2= 396 tnt1=  61 tnt2=  46
x1= 570 x2= 571 y1= 370 y2= 374 tnt1=  35 tnt2=  28
x1= 561 x2= 560 y1= 365 y2= 376 tnt1=  26 tnt2=  24
x1= 552 x2= 551 y1= 365 y2= 366 tnt1=  20 tnt2=  20
x1= 550 x2= 549 y1= 358 y2= 363 tnt1=  18 tnt2=  17
x1= 549 x2= 548 y1= 363 y2= 353 tnt1=  16 tnt2=  17
x1= 549 x2= 543 y1= 364 y2= 362 tnt1=  16 tnt2=  17
x1= 548 x2= 546 y1= 362 y2= 362 tnt1=  16 tnt2=  16
x1= 548 x2= 546 y1= 365 y2= 362 tnt1=  16 tnt2=  16
x1= 547 x2= 546 y1= 361 y2= 362 tnt1=  16 tnt2=  16
x1= 547 x2= 544 y1= 369 y2= 362 tnt1=  18 tnt2=  16
x1= 545 x2= 544 y1= 361 y2= 362 tnt1=  15 tnt2=  16
x1= 544 x2= 543 y1= 364 y2= 363 tnt1=  16 tnt2=  15
x1= 544 x2= 543 y1= 362 y2= 358 tnt1=  15 tnt2=  16
x1= 544 x2= 542 y1= 361 y2= 361 tnt1=  15 tnt2=  15
x1= 543 x2= 541 y1= 361 y2= 366 tnt1=  16 tnt2=  16
x1= 542 x2= 541 y1= 359 y2= 358 tnt1=  15 tnt2=  15
x1= 542 x2= 541 y1= 358 y2= 358 tnt1=  16 tnt2=  14
x1= 542 x2= 540 y1= 358 y2= 357 tnt1=  13 tnt2=  13
x1= 541 x2= 539 y1= 356 y2= 359 tnt1=  15 tnt2=  14
x1= 540 x2= 540 y1= 354 y2= 355 tnt1=  15 tnt2=  17
x1= 541 x2= 539 y1= 354 y2= 355 tnt1=  15 tnt2=  15
x1= 541 x2= 540 y1= 353 y2= 355 tnt1=  16 tnt2=  16
x1= 544 x2= 543 y1= 354 y2= 355 tnt1=  18 tnt2=  21
x1= 550 x2= 550 y1= 361 y2= 360 tnt1=  25 tnt2=  25
x1=1023 x2=1023 y1= 848 y2= 975 tnt1=1023 tnt2=1020
x1=1023 x2=1023 y1= 893 y2= 931 tnt1=1023 tnt2=1023
x1=1023 x2=1023 y1= 859 y2=1023 tnt1=1023 tnt2=1023
x1=1023 x2=1023 y1= 899 y2= 939 tnt1=1023 tnt2=1023
x1=1023 x2=1023 y1= 933 y2=1010 tnt1=1023 tnt2=1023
x1=1023 x2=1023 y1= 903 y2= 992 tnt1=1023 tnt2=1023
x1=1023 x2=1023 y1= 879 y2=1023 tnt1=1023 tnt2=1023
x1=1023 x2=1023 y1= 863 y2= 988 tnt1=1023 tnt2=1020
x1=1023 x2=1023 y1= 890 y2=1023 tnt1=1023 tnt2=1023
x1=1023 x2=1023 y1= 859 y2= 987 tnt1=1023 tnt2=1023
x1=1023 x2=1023 y1= 871 y2=1023 tnt1=1023 tnt2=1023
x1=1023 x2=1023 y1= 836 y2= 979 tnt1=1020 tnt2=1023
x1=1023 x2=1023 y1= 916 y2= 997 tnt1=1023 tnt2=1023
x1=1023 x2=1023 y1= 894 y2= 962 tnt1=1023 tnt2=1023
x1=1023 x2=1023 y1= 911 y2= 999 tnt1=1023 tnt2=1023
x1= 534 x2= 532 y1= 358 y2= 357 tnt1=  16 tnt2=  16
x1= 533 x2= 533 y1= 356 y2= 351 tnt1=  15 tnt2=  16
x1= 553 x2= 552 y1= 368 y2= 372 tnt1=  31 tnt2=  34
x1=1023 x2=1023 y1= 914 y2=1004 tnt1=1023 tnt2=1023
x1=1023 x2=1023 y1= 850 y2= 973 tnt1=1023 tnt2=1020
x1=1023 x2=1023 y1= 904 y2= 944 tnt1=1023 tnt2=1023
x1=1023 x2=1023 y1= 914 y2= 958 tnt1=1023 tnt2=1023
x1=1023 x2=1023 y1= 883 y2= 969 tnt1=1022 tnt2=1023
x1=1023 x2=1023 y1= 852 y2= 984 tnt1=1023 tnt2=1021
x1=1023 x2=1023 y1= 901 y2= 943 tnt1=1023 tnt2=1023
x1=1023 x2=1023 y1= 936 y2=1008 tnt1=1023 tnt2=1023
x1=1023 x2=1023 y1= 912 y2= 944 tnt1=1023 tnt2=1023
x1=1023 x2=1023 y1= 890 y2=1019 tnt1=1023 tnt2=1023
x1=1023 x2=1023 y1= 830 y2= 980 tnt1=1023 tnt2=1023
x1=1023 x2=1023 y1= 876 y2=1023 tnt1=1023 tnt2=1023
x1=1023 x2=1023 y1= 837 y2= 975 tnt1=1023 tnt2=1023
x1=1023 x2=1023 y1= 856 y2=1023 tnt1=1023 tnt2=1023
x1=1023 x2=1023 y1= 916 y2= 944 tnt1=1023 tnt2=1023
x1=1023 x2=1023 y1= 948 y2=1008 tnt1=1023 tnt2=1023
x1= 536 x2= 534 y1= 355 y2= 360 tnt1=  20 tnt2=  20
x1= 531 x2= 531 y1= 355 y2= 356 tnt1=  16 tnt2=  16
x1= 532 x2= 530 y1= 357 y2= 356 tnt1=  15 tnt2=  15
x1= 532 x2= 531 y1= 357 y2= 356 tnt1=  15 tnt2=  14
x1= 532 x2= 530 y1= 356 y2= 362 tnt1=  16 tnt2=  15
x1= 532 x2= 530 y1= 356 y2= 356 tnt1=  17 tnt2=  16
x1= 532 x2= 531 y1= 355 y2= 358 tnt1=  15 tnt2=  16
x1= 532 x2= 530 y1= 363 y2= 355 tnt1=  15 tnt2=  15
x1= 532 x2= 531 y1= 353 y2= 356 tnt1=  15 tnt2=  15
x1= 529 x2= 532 y1= 327 y2= 354 tnt1=  14 tnt2=  16
x1= 555 x2= 556 y1= 376 y2= 377 tnt1=  37 tnt2=  37
x1=1023 x2=1023 y1= 883 y2= 940 tnt1=1023 tnt2=1023
x1=1023 x2=1023 y1= 855 y2= 985 tnt1=1023 tnt2=1021
x1=1023 x2=1023 y1= 905 y2= 946 tnt1=1023 tnt2=1023
x1=1023 x2=1023 y1= 932 y2=1009 tnt1=1023 tnt2=1023
x1=1023 x2=1023 y1= 908 y2= 998 tnt1=1023 tnt2=1020
x1=1023 x2=1023 y1= 882 y2=1016 tnt1=1023 tnt2=1023
x1=1023 x2=1023 y1= 912 y2= 960 tnt1=1023 tnt2=1023
x1=1023 x2=1023 y1= 888 y2=1023 tnt1=1023 tnt2=1023
x1=1023 x2=1023 y1= 830 y2= 981 tnt1=1022 tnt2=1023
x1=1023 x2=1023 y1= 849 y2=1021 tnt1=1023 tnt2=1023
x1=1023 x2=1023 y1= 830 y2= 977 tnt1=1020 tnt2=1023
x1=1023 x2=1023 y1= 911 y2= 996 tnt1=1023 tnt2=1020
x1=1023 x2=1023 y1= 837 y2= 978 tnt1=1022 tnt2=1023
x1=1023 x2=1023 y1= 909 y2= 998 tnt1=1023 tnt2=1023
x1=1023 x2=1023 y1= 897 y2= 991 tnt1=1023 tnt2=1023
x1= 544 x2= 541 y1= 367 y2= 365 tnt1=  30 tnt2=  29
x1= 535 x2= 533 y1= 358 y2= 379 tnt1=  19 tnt2=  19
x1= 534 x2= 533 y1= 357 y2= 356 tnt1=  19 tnt2=  19
x1= 534 x2= 532 y1= 357 y2= 350 tnt1=  18 tnt2=  18
x1= 534 x2= 532 y1= 357 y2= 355 tnt1=  17 tnt2=  18
x1= 538 x2= 537 y1= 356 y2= 357 tnt1=  21 tnt2=  21
x1=1023 x2=1023 y1= 899 y2= 960 tnt1=1023 tnt2=1023
x1=1023 x2=1023 y1= 841 y2= 981 tnt1=1023 tnt2=1023
x1=1023 x2=1023 y1= 837 y2= 972 tnt1=1023 tnt2=1023
x1=1023 x2=1023 y1= 861 y2=1023 tnt1=1023 tnt2=1023
x1=1023 x2=1023 y1= 904 y2= 941 tnt1=1023 tnt2=1023
x1=1023 x2=1023 y1= 843 y2= 977 tnt1=1021 tnt2=1023
x1=1023 x2=1023 y1= 912 y2= 944 tnt1=1023 tnt2=1023
x1=1023 x2=1023 y1= 863 y2=1023 tnt1=1023 tnt2=1023
x1=1023 x2=1023 y1= 857 y2= 981 tnt1=1023 tnt2=1023
x1=1023 x2=1023 y1= 875 y2=1023 tnt1=1023 tnt2=1023
x1=1023 x2=1023 y1= 844 y2= 983 tnt1=1023 tnt2=1023
x1=1023 x2=1023 y1= 914 y2= 996 tnt1=1023 tnt2=1023
x1=1023 x2=1023 y1= 836 y2= 970 tnt1=1020 tnt2=1023
x1=1023 x2=1022 y1= 931 y2=1004 tnt1=1023 tnt2=1021
x1=1023 x2=1023 y1= 879 y2=1016 tnt1=1023 tnt2=1023
x1=1023 x2=1023 y1= 942 y2=1011 tnt1=1023 tnt2=1023
x1=1023 x2=1023 y1= 869 y2= 991 tnt1=1023 tnt2=1021
x1=1023 x2=1023 y1= 942 y2=1010 tnt1=1023 tnt2=1023
x1=1023 x2=1023 y1= 863 y2=1023 tnt1=1023 tnt2=1023
x1= 528 x2= 526 y1= 360 y2= 358 tnt1=  18 tnt2=  17
x1= 528 x2= 527 y1= 354 y2= 355 tnt1=  16 tnt2=  15
x1= 533 x2= 532 y1= 354 y2= 352 tnt1=  20 tnt2=  20
x1=1023 x2=1023 y1= 851 y2= 983 tnt1=1023 tnt2=1020
x1=1023 x2=1023 y1= 903 y2= 942 tnt1=1023 tnt2=1023
x1=1023 x2=1023 y1= 841 y2= 976 tnt1=1023 tnt2=1023
x1=1023 x2=1023 y1= 910 y2= 942 tnt1=1023 tnt2=1023
x1=1023 x2=1023 y1= 910 y2=1008 tnt1=1023 tnt2=1023
x1=1023 x2=1023 y1= 907 y2= 998 tnt1=1023 tnt2=1023
x1= 528 x2= 526 y1= 354 y2= 353 tnt1=  17 tnt2=  15
x1= 531 x2= 529 y1= 353 y2= 351 tnt1=  18 tnt2=  18
x1= 538 x2= 537 y1= 358 y2= 356 tnt1=  25 tnt2=  26
x1=1023 x2=1023 y1= 824 y2= 975 tnt1=1023 tnt2=1023
x1=1023 x2=1023 y1= 847 y2= 977 tnt1=1023 tnt2=1019
x1=1023 x2=1023 y1= 829 y2= 968 tnt1=1020 tnt2=1023
x1=1023 x2=1023 y1= 879 y2=1013 tnt1=1023 tnt2=1023
x1=1023 x2=1023 y1= 878 y2= 965 tnt1=1023 tnt2=1023
x1=1023 x2=1023 y1= 919 y2=1001 tnt1=1023 tnt2=1023
x1=1023 x2=1023 y1= 893 y2= 955 tnt1=1023 tnt2=1023
x1=1023 x2=1023 y1= 940 y2=1004 tnt1=1023 tnt2=1023
x1=1023 x2=1023 y1= 871 y2=1023 tnt1=1023 tnt2=1023
x1=1023 x2=1023 y1= 935 y2=1005 tnt1=1023 tnt2=1023
x1=1023 x2=1023 y1= 864 y2= 988 tnt1=1023 tnt2=1023
x1=1023 x2=1023 y1= 887 y2= 955 tnt1=1022 tnt2=1023
x1=1023 x2=1023 y1= 855 y2= 986 tnt1=1023 tnt2=1021
x1=1023 x2=1023 y1= 908 y2= 939 tnt1=1023 tnt2=1023
x1=1023 x2=1023 y1= 837 y2= 982 tnt1=1023 tnt2=1023
x1=1023 x2=1023 y1= 917 y2= 941 tnt1=1023 tnt2=1023
x1=1023 x2=1023 y1= 883 y2=1022 tnt1=1023 tnt2=1023
x1=1023 x2=1023 y1= 911 y2= 994 tnt1=1023 tnt2=1023
x1=1023 x2=1023 y1= 887 y2=1023 tnt1=1023 tnt2=1023
x1=1023 x2=1022 y1= 924 y2= 999 tnt1=1023 tnt2=1023
x1=1023 x2=1023 y1= 858 y2=1023 tnt1=1023 tnt2=1023
x1=1023 x2=1023 y1= 886 y2= 971 tnt1=1021 tnt2=1023
x1=1023 x2=1023 y1= 870 y2= 982 tnt1=1021 tnt2=1023
x1=1023 x2=1023 y1= 891 y2=1023 tnt1=1023 tnt2=1023
x1=1023 x2=1023 y1= 900 y2= 948 tnt1=1023 tnt2=1023
x1=1023 x2=1023 y1= 876 y2= 970 tnt1=1021 tnt2=1023
x1=1023 x2=1021 y1= 919 y2=1001 tnt1=1023 tnt2=1021
x1=1023 x2=1023 y1= 828 y2= 973 tnt1=1021 tnt2=1023
x1=1023 x2=1021 y1= 925 y2=1002 tnt1=1023 tnt2=1023
x1= 517 x2= 516 y1= 355 y2= 353 tnt1=  20 tnt2=  20
x1= 515 x2= 514 y1= 351 y2= 351 tnt1=  18 tnt2=  18
x1= 514 x2= 513 y1= 351 y2= 350 tnt1=  16 tnt2=  16
x1= 514 x2= 512 y1= 352 y2= 350 tnt1=  16 tnt2=  17
x1= 514 x2= 512 y1= 350 y2= 350 tnt1=  16 tnt2=  13
x1= 514 x2= 512 y1= 353 y2= 350 tnt1=  16 tnt2=  16
x1= 513 x2= 512 y1= 349 y2= 349 tnt1=  15 tnt2=  15
x1= 514 x2= 511 y1= 349 y2= 356 tnt1=  16 tnt2=  16
x1= 513 x2= 513 y1= 350 y2= 348 tnt1=  16 tnt2=  15
x1= 513 x2= 509 y1= 348 y2= 345 tnt1=  15 tnt2=  16
x1= 512 x2= 510 y1= 350 y2= 349 tnt1=  16 tnt2=  15
x1= 511 x2= 510 y1= 347 y2= 348 tnt1=  15 tnt2=  14
x1= 513 x2= 511 y1= 347 y2= 347 tnt1=  15 tnt2=  16
x1= 523 x2= 523 y1= 356 y2= 357 tnt1=  29 tnt2=  30
x1=1023 x2=1023 y1= 873 y2=1023 tnt1=1023 tnt2=1023
x1=1023 x2=1023 y1= 846 y2= 972 tnt1=1023 tnt2=1023
x1=1023 x2=1023 y1= 869 y2= 979 tnt1=1023 tnt2=1023
x1=1023 x2=1023 y1= 837 y2= 978 tnt1=1020 tnt2=1023
x1=1023 x2=1023 y1= 919 y2= 998 tnt1=1023 tnt2=1023
x1=1023 x2=1023 y1= 897 y2= 964 tnt1=1023 tnt2=1023
x1=1023 x2=1023 y1= 936 y2=1011 tnt1=1023 tnt2=1023
x1=1023 x2=1023 y1= 911 y2= 943 tnt1=1023 tnt2=1023
x1=1023 x2=1021 y1= 936 y2=1003 tnt1=1023 tnt2=1023
x1=1023 x2=1023 y1= 850 y2= 985 tnt1=1023 tnt2=1023
x1=1023 x2=1023 y1= 935 y2=1009 tnt1=1023 tnt2=1023
x1=1023 x2=1023 y1= 862 y2= 982 tnt1=1023 tnt2=1019
x1=1023 x2=1023 y1= 929 y2=1016 tnt1=1023 tnt2=1023
x1=1023 x2=1023 y1= 862 y2= 983 tnt1=1023 tnt2=1023
x1=1023 x2=1023 y1= 913 y2= 966 tnt1=1023 tnt2=1023
x1=1023 x2=1023 y1= 851 y2= 985 tnt1=1023 tnt2=1023
x1=1023 x2=1023 y1= 902 y2= 959 tnt1=1023 tnt2=1023
x1=1023 x2=1023 y1= 884 y2=1015 tnt1=1022 tnt2=1023
x1= 594 x2= 594 y1= 450 y2= 449 tnt1=  61 tnt2= 114
x1=1023 x2=1023 y1= 889 y2=1020 tnt1=1023 tnt2=1023
x1=1023 x2=1023 y1= 911 y2= 993 tnt1=1023 tnt2=1023
x1=1023 x2=1023 y1= 886 y2=1023 tnt1=1023 tnt2=1023
x1=1023 x2=1023 y1= 882 y2= 965 tnt1=1022 tnt2=1023
x1=1023 x2=1023 y1= 889 y2= 964 tnt1=1020 tnt2=1023
x1=1023 x2=1023 y1= 848 y2= 979 tnt1=1022 tnt2=1023
x1= 506 x2= 504 y1= 352 y2= 352 tnt1=  21 tnt2=  21
x1= 503 x2= 501 y1= 365 y2= 349 tnt1=  18 tnt2=  17
x1= 502 x2= 500 y1= 350 y2= 349 tnt1=  19 tnt2=  18
x1= 503 x2= 500 y1= 340 y2= 348 tnt1=  15 tnt2=  16
x1= 501 x2= 507 y1= 349 y2= 348 tnt1=  17 tnt2=  17
x1= 501 x2= 500 y1= 349 y2= 321 tnt1=  17 tnt2=  17
x1= 502 x2= 500 y1= 349 y2= 348 tnt1=  18 tnt2=  17
x1= 501 x2= 498 y1= 348 y2= 348 tnt1=  16 tnt2=  17
x1= 501 x2= 499 y1= 351 y2= 349 tnt1=  17 tnt2=  17
x1= 499 x2= 498 y1= 350 y2= 348 tnt1=  17 tnt2=  17
x1= 499 x2= 496 y1= 347 y2= 347 tnt1=  16 tnt2=  16
x1= 498 x2= 496 y1= 349 y2= 350 tnt1=  16 tnt2=  16
x1= 497 x2= 496 y1= 345 y2= 347 tnt1=  16 tnt2=  16
x1= 498 x2= 496 y1= 346 y2= 347 tnt1=  21 tnt2=  16
x1= 497 x2= 495 y1= 349 y2= 347 tnt1=  17 tnt2=  18
x1= 497 x2= 496 y1= 349 y2= 348 tnt1=  17 tnt2=  17
x1= 497 x2= 495 y1= 347 y2= 348 tnt1=  17 tnt2=  13
x1= 497 x2= 494 y1= 348 y2= 348 tnt1=  17 tnt2=  17
x1= 496 x2= 494 y1= 349 y2= 347 tnt1=  17 tnt2=  17
x1= 495 x2= 494 y1= 348 y2= 348 tnt1=  16 tnt2=  17
x1= 495 x2= 493 y1= 347 y2= 347 tnt1=  17 tnt2=  16
x1= 494 x2= 493 y1= 347 y2= 347 tnt1=  17 tnt2=  17
x1= 491 x2= 492 y1= 346 y2= 346 tnt1=  16 tnt2=  17
x1= 499 x2= 497 y1= 350 y2= 349 tnt1=  22 tnt2=  25
x1=1023 x2=1023 y1= 891 y2= 963 tnt1=1023 tnt2=1023
x1=1023 x2=1022 y1= 917 y2= 997 tnt1=1023 tnt2=1023
x1=1023 x2=1023 y1= 913 y2= 938 tnt1=1023 tnt2=1023
x1=1023 x2=1023 y1= 917 y2= 991 tnt1=1023 tnt2=1023
x1=1023 x2=1023 y1= 869 y2= 985 tnt1=1023 tnt2=1023
x1=1023 x2=1023 y1= 877 y2=1013 tnt1=1023 tnt2=1023
x1=1023 x2=1023 y1= 856 y2= 980 tnt1=1023 tnt2=1023
x1=1023 x2=1023 y1= 839 y2= 975 tnt1=1023 tnt2=1023
x1=1023 x2=1023 y1= 870 y2= 985 tnt1=1023 tnt2=1019
x1=1023 x2=1023 y1= 902 y2= 961 tnt1=1023 tnt2=1023
x1=1023 x2=1023 y1= 836 y2= 973 tnt1=1019 tnt2=1023
x1=1023 x2=1023 y1= 916 y2= 993 tnt1=1023 tnt2=1023
x1=1023 x2=1023 y1= 856 y2= 982 tnt1=1021 tnt2=1023
x1=1023 x2=1023 y1= 913 y2= 990 tnt1=1023 tnt2=1023
x1=1023 x2=1023 y1= 884 y2=1023 tnt1=1023 tnt2=1023
x1=1023 x2=1023 y1= 924 y2= 999 tnt1=1023 tnt2=1020
x1=1023 x2=1023 y1= 868 y2=1023 tnt1=1023 tnt2=1023
x1=1023 x2=1023 y1= 909 y2= 934 tnt1=1023 tnt2=1023
x1=1023 x2=1023 y1= 858 y2=1023 tnt1=1023 tnt2=1023
x1=1023 x2=1023 y1= 837 y2= 985 tnt1=1021 tnt2=1023
x1=1023 x2=1023 y1= 860 y2= 987 tnt1=1023 tnt2=1018
x1=1023 x2=1023 y1= 894 y2= 962 tnt1=1022 tnt2=1023
x1=1023 x2=1023 y1= 948 y2=1006 tnt1=1023 tnt2=1023
x1=1023 x2=1023 y1= 895 y2= 947 tnt1=1023 tnt2=1023
x1=1023 x2=1023 y1= 947 y2=1007 tnt1=1023 tnt2=1023
x1=1023 x2=1023 y1= 908 y2= 989 tnt1=1023 tnt2=1023
x1=1023 x2=1023 y1= 945 y2=1007 tnt1=1023 tnt2=1023
x1=1023 x2=1023 y1= 849 y2= 979 tnt1=1023 tnt2=1023
x1=1023 x2=1023 y1= 945 y2=1009 tnt1=1023 tnt2=1023
x1=1023 x2=1023 y1= 856 y2= 987 tnt1=1023 tnt2=1022
x1=1023 x2=1023 y1= 874 y2=1023 tnt1=1023 tnt2=1023
x1=1023 x2=1023 y1= 859 y2= 987 tnt1=1023 tnt2=1023
x1=1023 x2=1023 y1= 936 y2=1003 tnt1=1021 tnt2=1023
x1=1023 x2=1023 y1= 845 y2= 977 tnt1=1023 tnt2=1023
x1= 492 x2= 490 y1= 353 y2= 352 tnt1=  23 tnt2=  25
x1= 487 x2= 485 y1= 347 y2= 347 tnt1=  18 tnt2=  18
x1= 487 x2= 484 y1= 346 y2= 356 tnt1=  17 tnt2=  16
x1= 486 x2= 485 y1= 344 y2= 345 tnt1=  17 tnt2=  17
x1= 487 x2= 484 y1= 345 y2= 344 tnt1=  17 tnt2=  16
x1= 487 x2= 485 y1= 346 y2= 345 tnt1=  16 tnt2=  17
x1= 487 x2= 484 y1= 346 y2= 343 tnt1=  16 tnt2=  17
x1= 488 x2= 483 y1= 344 y2= 345 tnt1=  16 tnt2=  16
x1= 485 x2= 484 y1= 343 y2= 345 tnt1=  14 tnt2=  16
x1= 486 x2= 484 y1= 345 y2= 345 tnt1=  16 tnt2=  15
x1= 485 x2= 483 y1= 347 y2= 345 tnt1=  16 tnt2=  16
x1= 486 x2= 484 y1= 345 y2= 345 tnt1=  16 tnt2=  15
x1= 486 x2= 483 y1= 346 y2= 347 tnt1=  16 tnt2=  16
x1= 486 x2= 483 y1= 348 y2= 345 tnt1=  17 tnt2=  16
x1= 486 x2= 483 y1= 346 y2= 345 tnt1=  16 tnt2=  15
x1= 486 x2= 484 y1= 353 y2= 345 tnt1=  16 tnt2=  16
x1= 486 x2= 484 y1= 344 y2= 345 tnt1=  16 tnt2=  16
x1= 486 x2= 484 y1= 349 y2= 344 tnt1=  16 tnt2=  16
x1= 485 x2= 483 y1= 345 y2= 345 tnt1=  15 tnt2=  15
x1= 486 x2= 484 y1= 345 y2= 339 tnt1=  16 tnt2=  16
x1= 486 x2= 485 y1= 346 y2= 345 tnt1=  15 tnt2=  15
x1= 485 x2= 483 y1= 344 y2= 344 tnt1=  16 tnt2=  16
x1= 485 x2= 483 y1= 328 y2= 345 tnt1=  16 tnt2=  16
x1= 486 x2= 484 y1= 346 y2= 344 tnt1=  16 tnt2=  16
x1= 486 x2= 484 y1= 346 y2= 341 tnt1=  17 tnt2=  18
x1= 486 x2= 486 y1= 346 y2= 344 tnt1=  18 tnt2=  21
x1=1023 x2=1023 y1= 868 y2=1023 tnt1=1023 tnt2=1023
x1=1023 x2=1023 y1= 925 y2=1005 tnt1=1023 tnt2=1023
x1=1023 x2=1023 y1= 870 y2=1023 tnt1=1023 tnt2=1023
x1=1023 x2=1023 y1= 882 y2= 972 tnt1=1021 tnt2=1023
x1=1023 x2=1023 y1= 868 y2= 989 tnt1=1023 tnt2=1019
x1=1023 x2=1023 y1= 894 y2= 970 tnt1=1023 tnt2=1023
x1=1023 x2=1023 y1= 931 y2=1003 tnt1=1023 tnt2=1023
x1=1023 x2=1023 y1= 893 y2= 931 tnt1=1023 tnt2=1023
x1=1023 x2=1020 y1= 931 y2=1002 tnt1=1023 tnt2=1023
x1=1023 x2=1023 y1= 921 y2= 946 tnt1=1023 tnt2=1023
x1=1023 x2=1023 y1= 937 y2=1010 tnt1=1023 tnt2=1023
x1=1023 x2=1023 y1= 841 y2= 978 tnt1=1023 tnt2=1023
x1=1023 x2=1023 y1= 895 y2=1020 tnt1=1023 tnt2=1023
x1=1023 x2=1023 y1= 850 y2= 980 tnt1=1023 tnt2=1023
x1=1023 x2=1023 y1= 889 y2=1023 tnt1=1023 tnt2=1023
x1=1023 x2=1023 y1= 849 y2= 985 tnt1=1023 tnt2=1023
x1=1023 x2=1023 y1= 923 y2=1001 tnt1=1023 tnt2=1023
x1=1023 x2=1023 y1= 865 y2= 975 tnt1=1022 tnt2=1023
x1=1023 x2=1023 y1= 912 y2= 998 tnt1=1023 tnt2=1023
x1=1023 x2=1023 y1= 891 y2= 962 tnt1=1020 tnt2=1023
x1=1023 x2=1023 y1= 919 y2=1001 tnt1=1023 tnt2=1023
x1=1023 x2=1023 y1= 855 y2=1023 tnt1=1023 tnt2=1023
x1=1023 x2=1023 y1= 878 y2=1023 tnt1=1023 tnt2=1023
x1=1023 x2=1023 y1= 883 y2=1023 tnt1=1023 tnt2=1023
x1=1023 x2=1023 y1= 836 y2= 976 tnt1=1023 tnt2=1023
x1=1023 x2=1023 y1= 858 y2=1023 tnt1=1023 tnt2=1023
x1=1023 x2=1023 y1= 892 y2= 968 tnt1=1023 tnt2=1023
x1=1023 x2=1023 y1= 825 y2= 978 tnt1=1023 tnt2=1023
x1= 495 x2= 493 y1= 356 y2= 356 tnt1=  29 tnt2=  28
x1= 485 x2= 484 y1= 348 y2= 349 tnt1=  21 tnt2=  17
x1= 485 x2= 484 y1= 347 y2= 344 tnt1=  17 tnt2=  17
x1= 486 x2= 484 y1= 348 y2= 345 tnt1=  17 tnt2=  17
x1= 488 x2= 486 y1= 347 y2= 344 tnt1=  19 tnt2=  19
x1= 487 x2= 486 y1= 340 y2= 345 tnt1=  18 tnt2=  19
x1= 488 x2= 485 y1= 348 y2= 346 tnt1=  18 tnt2=  18
x1= 486 x2= 484 y1= 348 y2= 346 tnt1=  18 tnt2=  17
x1= 485 x2= 488 y1= 348 y2= 346 tnt1=  17 tnt2=  17
x1= 485 x2= 484 y1= 346 y2= 346 tnt1=  17 tnt2=  18
x1= 486 x2= 485 y1= 347 y2= 346 tnt1=  17 tnt2=  17
x1= 486 x2= 484 y1= 347 y2= 346 tnt1=  16 tnt2=  18
x1= 485 x2= 483 y1= 329 y2= 346 tnt1=  16 tnt2=  17
x1= 486 x2= 484 y1= 346 y2= 346 tnt1=  17 tnt2=  18
x1= 486 x2= 483 y1= 348 y2= 346 tnt1=  17 tnt2=  17
x1= 485 x2= 483 y1= 348 y2= 346 tnt1=  16 tnt2=  17
x1= 486 x2= 484 y1= 342 y2= 345 tnt1=  17 tnt2=  17
x1= 490 x2= 487 y1= 351 y2= 348 tnt1=  23 tnt2=  23
x1=1023 x2=1023 y1= 862 y2=1023 tnt1=1023 tnt2=1023
x1=1023 x2=1023 y1= 932 y2=1010 tnt1=1023 tnt2=1023
x1=1023 x2=1023 y1= 846 y2= 985 tnt1=1023 tnt2=1023
x1=1023 x2=1023 y1= 885 y2= 957 tnt1=1023 tnt2=1023
x1=1023 x2=1023 y1= 856 y2= 987 tnt1=1023 tnt2=1023
x1=1023 x2=1023 y1= 897 y2= 953 tnt1=1023 tnt2=1023
x1=1023 x2=1023 y1= 942 y2=1011 tnt1=1023 tnt2=1023
x1=1023 x2=1023 y1= 893 y2= 965 tnt1=1022 tnt2=1023
x1=1023 x2=1023 y1= 932 y2=1012 tnt1=1023 tnt2=1023
x1=1023 x2=1023 y1= 867 y2= 984 tnt1=1023 tnt2=1023
x1=1023 x2=1023 y1= 889 y2=1023 tnt1=1023 tnt2=1023
x1=1023 x2=1023 y1= 845 y2= 984 tnt1=1023 tnt2=1023
x1=1023 x2=1023 y1= 891 y2=1023 tnt1=1023 tnt2=1023
x1=1023 x2=1023 y1= 859 y2= 987 tnt1=1023 tnt2=1023
x1=1023 x2=1023 y1= 955 y2=1009 tnt1=1023 tnt2=1023
x1=1023 x2=1023 y1= 892 y2= 969 tnt1=1021 tnt2=1023
x1=1023 x2=1023 y1= 923 y2=1003 tnt1=1023 tnt2=1023
x1=1023 x2=1023 y1= 880 y2= 967 tnt1=1022 tnt2=1023
x1=1023 x2=1022 y1= 929 y2=1001 tnt1=1023 tnt2=1023
x1=1023 x2=1023 y1= 874 y2=1016 tnt1=1023 tnt2=1023
x1=1023 x2=1020 y1= 934 y2=1008 tnt1=1023 tnt2=1023
x1=1023 x2=1023 y1= 869 y2=1023 tnt1=1023 tnt2=1023
x1=1023 x2=1023 y1= 945 y2=1007 tnt1=1023 tnt2=1023
x1=1023 x2=1023 y1= 856 y2= 986 tnt1=1023 tnt2=1019
x1=1023 x2=1023 y1= 893 y2= 971 tnt1=1023 tnt2=1023
x1=1023 x2=1023 y1= 870 y2= 990 tnt1=1023 tnt2=1019
x1=1023 x2=1023 y1= 928 y2=1008 tnt1=1023 tnt2=1023
x1=1023 x2=1023 y1= 923 y2=1002 tnt1=1023 tnt2=1023
x1=1023 x2=1023 y1= 913 y2= 940 tnt1=1023 tnt2=1023
x1=1023 x2=1023 y1= 875 y2=1013 tnt1=1023 tnt2=1023
x1=1023 x2=1023 y1= 907 y2= 989 tnt1=1023 tnt2=1023
x1=1023 x2=1023 y1= 884 y2=1020 tnt1=1023 tnt2=1023
x1=1023 x2=1023 y1= 887 y2= 975 tnt1=1023 tnt2=1023
x1=1023 x2=1021 y1= 922 y2=1001 tnt1=1023 tnt2=1023
x1=1023 x2=1023 y1= 838 y2= 981 tnt1=1023 tnt2=1023
x1= 503 x2= 500 y1= 365 y2= 366 tnt1=  41 tnt2=  26
x1= 486 x2= 484 y1= 349 y2= 348 tnt1=  19 tnt2=  19
x1= 486 x2= 484 y1= 349 y2= 322 tnt1=  19 tnt2=  22
x1= 485 x2= 484 y1= 352 y2= 346 tnt1=  17 tnt2=  18
x1= 485 x2= 483 y1= 346 y2= 346 tnt1=  18 tnt2=  18
x1= 485 x2= 483 y1= 348 y2= 346 tnt1=  14 tnt2=  18
x1= 485 x2= 483 y1= 348 y2= 346 tnt1=  17 tnt2=  17
x1= 484 x2= 483 y1= 371 y2= 346 tnt1=  16 tnt2=  17
x1= 483 x2= 482 y1= 348 y2= 346 tnt1=  17 tnt2=  15
x1= 485 x2= 483 y1= 349 y2= 355 tnt1=  17 tnt2=  17
x1= 479 x2= 483 y1= 348 y2= 346 tnt1=  17 tnt2=  17
x1= 494 x2= 492 y1= 352 y2= 376 tnt1=  27 tnt2=  27
x1=1023 x2=1023 y1= 871 y2= 951 tnt1=1023 tnt2=1023
x1=1023 x2=1023 y1= 846 y2= 977 tnt1=1023 tnt2=1023
x1=1023 x2=1023 y1= 890 y2= 955 tnt1=1023 tnt2=1023
x1=1023 x2=1023 y1= 886 y2=1023 tnt1=1023 tnt2=1023
x1=1023 x2=1023 y1= 890 y2=1019 tnt1=1023 tnt2=1023
x1=1023 x2=1023 y1= 925 y2=1010 tnt1=1023 tnt2=1023
x1=1023 x2=1023 y1= 912 y2=1000 tnt1=1023 tnt2=1023
x1=1023 x2=1023 y1= 889 y2=1019 tnt1=1022 tnt2=1023
x1=1023 x2=1023 y1= 846 y2= 979 tnt1=1023 tnt2=1023
x1=1023 x2=1023 y1= 863 y2=1023 tnt1=1023 tnt2=1023
x1=1023 x2=1023 y1= 851 y2= 985 tnt1=1023 tnt2=1023
x1=1023 x2=1023 y1= 921 y2=1001 tnt1=1023 tnt2=1023
x1=1023 x2=1023 y1= 883 y2=1023 tnt1=1023 tnt2=1023
x1=1023 x2=1022 y1= 930 y2=1004 tnt1=1023 tnt2=1023
x1=1023 x2=1023 y1= 840 y2= 978 tnt1=1021 tnt2=1023
x1=1023 x2=1023 y1= 918 y2= 997 tnt1=1023 tnt2=1023
x1=1023 x2=1023 y1= 832 y2= 974 tnt1=1023 tnt2=1023
x1=1023 x2=1023 y1= 937 y2=1008 tnt1=1023 tnt2=1023
x1=1023 x2=1023 y1= 860 y2=1023 tnt1=1023 tnt2=1023
x1=1023 x2=1023 y1= 940 y2=1009 tnt1=1023 tnt2=1023
x1=1023 x2=1023 y1= 863 y2= 987 tnt1=1023 tnt2=1019
x1=1023 x2=1023 y1= 908 y2= 956 tnt1=1023 tnt2=1023
x1=1023 x2=1023 y1= 866 y2= 984 tnt1=1023 tnt2=1021
x1=1023 x2=1023 y1= 902 y2= 963 tnt1=1023 tnt2=1023
x1=1023 x2=1023 y1= 843 y2= 977 tnt1=1023 tnt2=1023
x1=1023 x2=1023 y1= 913 y2= 958 tnt1=1023 tnt2=1023
x1=1023 x2=1023 y1= 876 y2=1013 tnt1=1023 tnt2=1023
x1=1023 x2=1023 y1= 910 y2= 999 tnt1=1023 tnt2=1023
x1=1023 x2=1023 y1= 941 y2=1012 tnt1=1023 tnt2=1023
x1= 483 x2= 480 y1= 354 y2= 354 tnt1=  27 tnt2=  25
x1= 474 x2= 473 y1= 347 y2= 346 tnt1=  18 tnt2=  19
x1= 474 x2= 472 y1= 346 y2= 346 tnt1=  18 tnt2=  18
x1= 472 x2= 470 y1= 344 y2= 350 tnt1=  17 tnt2=  17
x1= 471 x2= 470 y1= 341 y2= 344 tnt1=  17 tnt2=  17
x1= 475 x2= 470 y1= 342 y2= 344 tnt1=  14 tnt2=  16
x1= 472 x2= 472 y1= 345 y2= 344 tnt1=  16 tnt2=  16
x1= 473 x2= 470 y1= 346 y2= 343 tnt1=  17 tnt2=  17
x1= 470 x2= 470 y1= 344 y2= 343 tnt1=  16 tnt2=  16
x1= 473 x2= 471 y1= 342 y2= 344 tnt1=  18 tnt2=  19
x1= 938 x2=1018 y1= 864 y2= 959 tnt1= 106 tnt2=1023
x1=1023 x2=1023 y1= 932 y2=1000 tnt1=1023 tnt2=1023
x1=1023 x2=1023 y1= 910 y2= 995 tnt1=1023 tnt2=1023
x1=1023 x2=1023 y1= 890 y2= 979 tnt1=1023 tnt2=1023
x1=1023 x2=1023 y1= 858 y2= 986 tnt1=1023 tnt2=1019
x1=1023 x2=1023 y1= 893 y2= 959 tnt1=1023 tnt2=1023
x1=1023 x2=1023 y1= 857 y2= 987 tnt1=1023 tnt2=1023
x1=1023 x2=1023 y1= 911 y2= 946 tnt1=1023 tnt2=1023
x1=1023 x2=1023 y1= 877 y2=1023 tnt1=1023 tnt2=1023
x1=1023 x2=1023 y1= 913 y2=1000 tnt1=1023 tnt2=1023
x1=1023 x2=1023 y1= 896 y2=1022 tnt1=1022 tnt2=1023
x1=1023 x2=1023 y1= 862 y2=1020 tnt1=1023 tnt2=1023
x1=1023 x2=1023 y1= 884 y2=1018 tnt1=1022 tnt2=1023
x1=1023 x2=1023 y1= 837 y2= 972 tnt1=1023 tnt2=1023
x1=1023 x2=1023 y1= 869 y2=1023 tnt1=1023 tnt2=1023
x1=1023 x2=1023 y1= 914 y2= 997 tnt1=1023 tnt2=1023
x1=1023 x2=1023 y1= 875 y2=1023 tnt1=1023 tnt2=1023
x1=1023 x2=1022 y1= 926 y2=1002 tnt1=1023 tnt2=1023
x1=1023 x2=1023 y1= 922 y2=1002 tnt1=1023 tnt2=1023
x1=1023 x2=1023 y1= 893 y2= 964 tnt1=1022 tnt2=1023
x1=1023 x2=1023 y1= 924 y2=1002 tnt1=1023 tnt2=1023
x1=1023 x2=1023 y1= 887 y2=1023 tnt1=1023 tnt2=1023
x1=1023 x2=1022 y1= 930 y2=1004 tnt1=1023 tnt2=1023
x1=1023 x2=1023 y1= 878 y2= 987 tnt1=1023 tnt2=1020
x1=1023 x2=1023 y1= 908 y2=1014 tnt1=1023 tnt2=1023
x1=1023 x2=1023 y1= 885 y2=1017 tnt1=1023 tnt2=1023
x1=1023 x2=1023 y1= 914 y2= 999 tnt1=1023 tnt2=1020
x1=1023 x2=1023 y1= 852 y2= 980 tnt1=1023 tnt2=1023
x1=1023 x2=1023 y1= 890 y2= 960 tnt1=1023 tnt2=1023
x1=1023 x2=1023 y1= 867 y2= 983 tnt1=1023 tnt2=1023
x1=1023 x2=1023 y1= 913 y2= 997 tnt1=1023 tnt2=1023
x1=1023 x2=1023 y1= 877 y2=1015 tnt1=1023 tnt2=1023
x1=1023 x2=1023 y1= 908 y2= 992 tnt1=1023 tnt2=1023
x1= 458 x2= 456 y1= 346 y2= 344 tnt1=  23 tnt2=  24
x1= 455 x2= 453 y1= 341 y2= 341 tnt1=  20 tnt2=  20
x1= 454 x2= 453 y1= 340 y2= 338 tnt1=  19 tnt2=  18
x1= 452 x2= 450 y1= 340 y2= 338 tnt1=  17 tnt2=  18
x1= 452 x2= 450 y1= 338 y2= 343 tnt1=  17 tnt2=  17
x1= 451 x2= 449 y1= 336 y2= 337 tnt1=  16 tnt2=  17
x1= 450 x2= 448 y1= 336 y2= 336 tnt1=  17 tnt2=  17
x1= 450 x2= 448 y1= 336 y2= 335 tnt1=  15 tnt2=  16
x1= 449 x2= 447 y1= 338 y2= 335 tnt1=  16 tnt2=  17
x1= 446 x2= 446 y1= 334 y2= 333 tnt1=  16 tnt2=  16
x1= 450 x2= 447 y1= 335 y2= 336 tnt1=  17 tnt2=  18
x1= 461 x2= 460 y1= 347 y2= 345 tnt1=  31 tnt2=  32
x1=1023 x2= 990 y1= 928 y2=1001 tnt1=1023 tnt2=1023
x1=1023 x2=1023 y1= 865 y2=1023 tnt1=1023 tnt2=1023
x1=1023 x2=1023 y1= 936 y2=1002 tnt1=1023 tnt2=1023
x1=1023 x2=1023 y1= 853 y2= 986 tnt1=1023 tnt2=1019
x1=1023 x2=1023 y1= 893 y2= 928 tnt1=1023 tnt2=1023
x1=1023 x2=1023 y1= 845 y2= 983 tnt1=1023 tnt2=1023
x1=1023 x2=1023 y1= 859 y2= 982 tnt1=1023 tnt2=1023
x1=1023 x2=1023 y1= 957 y2=1011 tnt1=1021 tnt2=1023
x1=1023 x2=1023 y1= 921 y2= 939 tnt1=1023 tnt2=1023
x1=1023 x2=1023 y1= 930 y2=1011 tnt1=1023 tnt2=1023
x1=1023 x2=1023 y1= 869 y2=1023 tnt1=1023 tnt2=1023
x1=1023 x2=1023 y1= 894 y2=1023 tnt1=1023 tnt2=1023
x1=1023 x2=1023 y1= 888 y2= 967 tnt1=1023 tnt2=1023
x1=1023 x2=1023 y1= 865 y2=1023 tnt1=1023 tnt2=1023
x1=1023 x2=1023 y1= 827 y2= 970 tnt1=1023 tnt2=1023
x1=1023 x2=1023 y1= 874 y2= 990 tnt1=1023 tnt2=1021
x1=1023 x2=1023 y1= 858 y2= 982 tnt1=1022 tnt2=1023
x1=1023 x2=1023 y1= 940 y2=1012 tnt1=1023 tnt2=1023
x1=1023 x2=1023 y1= 905 y2= 955 tnt1=1023 tnt2=1023
x1=1023 x2=1023 y1= 932 y2=1004 tnt1=1023 tnt2=1023
x1=1023 x2=1023 y1= 940 y2=1010 tnt1=1023 tnt2=1022
x1=1023 x2=1023 y1= 942 y2=1006 tnt1=1023 tnt2=1023
x1=1023 x2=1023 y1= 864 y2= 989 tnt1=1023 tnt2=1021
x1=1023 x2=1023 y1= 938 y2=1009 tnt1=1023 tnt2=1023
x1=1023 x2=1023 y1= 853 y2= 980 tnt1=1023 tnt2=1023
x1=1023 x2=1023 y1= 887 y2= 974 tnt1=1022 tnt2=1023
x1=1023 x2=1023 y1= 857 y2= 982 tnt1=1023 tnt2=1023
x1=1023 x2=1023 y1= 918 y2= 947 tnt1=1023 tnt2=1023
x1=1023 x2=1023 y1= 844 y2= 975 tnt1=1023 tnt2=1023
x1=1023 x2=1023 y1= 895 y2= 936 tnt1=1023 tnt2=1023
x1=1023 x2=1023 y1= 860 y2= 982 tnt1=1023 tnt2=1019
x1=1023 x2=1023 y1= 919 y2=1001 tnt1=1023 tnt2=1023
x1=1023 x2=1023 y1= 925 y2=1002 tnt1=1023 tnt2=1023
x1=1023 x2=1022 y1= 919 y2=1002 tnt1=1023 tnt2=1021
x1=1023 x2=1023 y1= 885 y2=1023 tnt1=1023 tnt2=1023
x1=1023 x2=1023 y1= 820 y2= 981 tnt1=1022 tnt2=1023
x1=1023 x2=1023 y1= 862 y2=1023 tnt1=1023 tnt2=1023
x1= 424 x2= 424 y1= 310 y2= 333 tnt1=  17 tnt2=  18
x1= 440 x2= 438 y1= 344 y2= 343 tnt1=  32 tnt2=  27
x1=1023 x2=1023 y1= 818 y2= 971 tnt1=1019 tnt2=1023
x1=1023 x2=1022 y1= 918 y2=1000 tnt1=1023 tnt2=1023
x1=1023 x2=1023 y1= 888 y2= 933 tnt1=1023 tnt2=1023
x1=1023 x2=1023 y1= 862 y2= 976 tnt1=1023 tnt2=1020
x1=1023 x2=1023 y1= 849 y2= 979 tnt1=1023 tnt2=1023
x1=1023 x2=1023 y1= 936 y2=1006 tnt1=1023 tnt2=1023
x1=1022 x2=1023 y1= 906 y2= 941 tnt1=1023 tnt2=1023
x1=1023 x2=1023 y1= 934 y2=1010 tnt1=1023 tnt2=1023
x1=1023 x2=1023 y1= 864 y2= 989 tnt1=1023 tnt2=1018
x1=1023 x2=1023 y1= 919 y2= 998 tnt1=1023 tnt2=1020
x1=1023 x2=1023 y1= 839 y2= 983 tnt1=1023 tnt2=1023
x1=1023 x2=1022 y1= 928 y2=1004 tnt1=1023 tnt2=1023
x1=1023 x2=1023 y1= 878 y2= 995 tnt1=1023 tnt2=1023
x1=1023 x2=1023 y1= 919 y2= 998 tnt1=1023 tnt2=1023
x1=1023 x2=1023 y1= 880 y2=1016 tnt1=1022 tnt2=1023
x1=1023 x2=1023 y1= 927 y2=1000 tnt1=1023 tnt2=1022
x1=1023 x2=1023 y1= 881 y2=1023 tnt1=1023 tnt2=1023
x1=1023 x2=1023 y1= 850 y2= 980 tnt1=1023 tnt2=1023
x1=1023 x2=1023 y1= 879 y2=1023 tnt1=1023 tnt2=1023
x1=1023 x2=1023 y1= 921 y2= 942 tnt1=1023 tnt2=1023
x1=1023 x2=1023 y1= 864 y2= 984 tnt1=1023 tnt2=1018
x1=1023 x2=1023 y1= 864 y2= 976 tnt1=1023 tnt2=1023
x1=1023 x2=1023 y1= 898 y2=1020 tnt1=1023 tnt2=1023
x1=1023 x2=1023 y1= 880 y2= 966 tnt1=1020 tnt2=1023
x1=1023 x2=1023 y1= 926 y2=1005 tnt1=1023 tnt2=1023
x1=1023 x2=1023 y1= 891 y2= 954 tnt1=1023 tnt2=1023
x1=1023 x2=1023 y1= 949 y2=1007 tnt1=1023 tnt2=1023
x1=1023 x2=1023 y1= 874 y2= 990 tnt1=1023 tnt2=1022
x1=1023 x2=1023 y1= 933 y2=1009 tnt1=1023 tnt2=1023
x1=1023 x2=1023 y1= 863 y2= 983 tnt1=1023 tnt2=1018
x1=1023 x2=1023 y1= 891 y2=1023 tnt1=1023 tnt2=1023
x1=1023 x2=1023 y1= 908 y2= 989 tnt1=1023 tnt2=1023
x1=1023 x2=1023 y1= 903 y2= 933 tnt1=1023 tnt2=1023
x1= 400 x2= 397 y1= 330 y2= 326 tnt1=  20 tnt2=  18
x1= 406 x2= 404 y1= 334 y2= 327 tnt1=  25 tnt2=  25
x1=1023 x2=1023 y1= 929 y2=1002 tnt1=1023 tnt2=1023
x1=1023 x2=1023 y1= 908 y2= 994 tnt1=1023 tnt2=1023
x1=1023 x2=1023 y1= 922 y2=1012 tnt1=1022 tnt2=1023
x1=1023 x2=1023 y1= 910 y2= 994 tnt1=1023 tnt2=1023
x1= 415 x2= 412 y1= 345 y2= 352 tnt1=  40 tnt2=  27
x1= 399 x2= 397 y1= 333 y2= 328 tnt1=  21 tnt2=  22
x1= 401 x2= 396 y1= 329 y2= 327 tnt1=  21 tnt2=  22
x1=1023 x2=1023 y1= 859 y2= 973 tnt1=1021 tnt2=1023
x1=1023 x2=1023 y1= 863 y2= 981 tnt1=1023 tnt2=1020
x1=1023 x2=1023 y1= 886 y2= 954 tnt1=1023 tnt2=1023
x1=1023 x2=1023 y1= 892 y2= 956 tnt1=1023 tnt2=1023
x1=1023 x2=1023 y1= 943 y2=1004 tnt1=1023 tnt2=1023
x1=1023 x2=1023 y1= 927 y2=1004 tnt1=1023 tnt2=1023
x1=1023 x2=1023 y1= 903 y2= 996 tnt1=1023 tnt2=1023
x1=1023 x2=1020 y1= 931 y2=1004 tnt1=1023 tnt2=1023
x1=1023 x2=1023 y1= 869 y2= 983 tnt1=1023 tnt2=1020
x1=1023 x2=1023 y1= 944 y2=1013 tnt1=1023 tnt2=1023
x1=1023 x2=1023 y1= 872 y2= 992 tnt1=1023 tnt2=1020
x1=1023 x2=1023 y1= 910 y2= 996 tnt1=1023 tnt2=1023
x1=1023 x2=1023 y1= 862 y2= 988 tnt1=1023 tnt2=1023
x1=1023 x2=1023 y1= 908 y2= 988 tnt1=1023 tnt2=1023
x1=1023 x2=1023 y1= 935 y2=1002 tnt1=1019 tnt2=1023
x1=1023 x2=1023 y1= 918 y2= 998 tnt1=1023 tnt2=1023
x1=1023 x2=1023 y1= 874 y2= 983 tnt1=1023 tnt2=1020
x1=1023 x2=1023 y1= 926 y2=1000 tnt1=1023 tnt2=1023
x1=1023 x2=1023 y1= 886 y2=1023 tnt1=1023 tnt2=1023
x1=1023 x2=1023 y1= 919 y2= 999 tnt1=1023 tnt2=1023
x1=1023 x2=1023 y1= 889 y2=1023 tnt1=1023 tnt2=1023
x1=1023 x2=1023 y1= 862 y2= 982 tnt1=1023 tnt2=1023
x1=1023 x2=1023 y1= 870 y2= 983 tnt1=1023 tnt2=1019
x1=1023 x2=1023 y1= 829 y2= 983 tnt1=1021 tnt2=1023
x1= 387 x2= 382 y1= 344 y2= 340 tnt1=  26 tnt2=  24
x1= 380 x2= 377 y1= 335 y2= 332 tnt1=  13 tnt2=  16
x1= 381 x2= 378 y1= 336 y2= 333 tnt1=  18 tnt2=  19
x1=1023 x2=1023 y1= 894 y2= 936 tnt1=1023 tnt2=1023
x1=1023 x2=1023 y1= 947 y2=1004 tnt1=1023 tnt2=1023
x1=1023 x2=1023 y1= 876 y2= 987 tnt1=1023 tnt2=1015
x1=1023 x2=1023 y1= 943 y2=1014 tnt1=1023 tnt2=1023
x1=1023 x2=1023 y1= 876 y2= 991 tnt1=1023 tnt2=1019
x1=1023 x2=1023 y1= 878 y2=1023 tnt1=1023 tnt2=1023
x1=1023 x2=1022 y1= 826 y2= 976 tnt1=1023 tnt2=1023
x1=1023 x2=1023 y1= 906 y2= 945 tnt1=1023 tnt2=1023
x1=1023 x2=1023 y1= 860 y2= 983 tnt1=1023 tnt2=1023
x1=1023 x2=1023 y1= 919 y2= 998 tnt1=1023 tnt2=1023
x1=1023 x2=1023 y1= 835 y2= 985 tnt1=1022 tnt2=1023
x1=1023 x2=1023 y1= 923 y2=1001 tnt1=1023 tnt2=1023
x1=1023 x2=1023 y1= 845 y2= 978 tnt1=1023 tnt2=1023
x1=1023 x2=1023 y1= 927 y2=1002 tnt1=1023 tnt2=1023
x1=1023 x2=1023 y1= 897 y2=1023 tnt1=1023 tnt2=1023
x1=1023 x2=1023 y1= 897 y2= 970 tnt1=1023 tnt2=1023
x1=1023 x2=1023 y1= 870 y2=1013 tnt1=1023 tnt2=1023
x1=1023 x2=1023 y1= 830 y2= 969 tnt1=1023 tnt2=1023
x1=1023 x2=1023 y1= 853 y2= 981 tnt1=1023 tnt2=1020
x1=1023 x2=1023 y1= 839 y2= 978 tnt1=1023 tnt2=1023
x1=1023 x2=1023 y1= 893 y2=1023 tnt1=1023 tnt2=1023
x1=1023 x2=1023 y1= 945 y2=1013 tnt1=1023 tnt2=1023
x1=1023 x2=1023 y1= 938 y2=1009 tnt1=1023 tnt2=1023
x1=1023 x2=1023 y1= 908 y2= 945 tnt1=1023 tnt2=1023
x1=1023 x2=1023 y1= 943 y2=1013 tnt1=1023 tnt2=1023
x1=1023 x2=1023 y1= 859 y2= 988 tnt1=1023 tnt2=1021
x1=1023 x2=1023 y1= 891 y2=1017 tnt1=1023 tnt2=1023
x1=1023 x2=1023 y1= 841 y2= 977 tnt1=1023 tnt2=1023
x1=1023 x2=1023 y1= 860 y2= 983 tnt1=1023 tnt2=1023
x1=1023 x2=1023 y1= 859 y2= 988 tnt1=1023 tnt2=1023
x1=1023 x2=1023 y1= 909 y2= 939 tnt1=1023 tnt2=1023
x1=1023 x2=1023 y1= 862 y2= 982 tnt1=1020 tnt2=1023
x1=1023 x2=1023 y1= 920 y2= 995 tnt1=1023 tnt2=1023
x1=1023 x2=1023 y1= 862 y2= 984 tnt1=1023 tnt2=1022
x1=1023 x2=1023 y1= 910 y2= 999 tnt1=1023 tnt2=1023
x1=1023 x2=1023 y1= 870 y2=1023 tnt1=1023 tnt2=1023
x1=1023 x2=1023 y1= 933 y2=1002 tnt1=1023 tnt2=1023
x1=1023 x2=1023 y1= 899 y2= 964 tnt1=1023 tnt2=1023
x1=1023 x2=1023 y1= 891 y2= 971 tnt1=1023 tnt2=1023
x1=1023 x2=1023 y1= 866 y2= 983 tnt1=1023 tnt2=1021
x1=1023 x2=1023 y1= 885 y2= 975 tnt1=1023 tnt2=1023
x1=1023 x2=1023 y1= 860 y2= 983 tnt1=1023 tnt2=1023
x1= 342 x2= 339 y1= 322 y2= 316 tnt1=  18 tnt2=  17
x1= 341 x2= 338 y1= 319 y2= 315 tnt1=  16 tnt2=  16
x1= 341 x2= 340 y1= 319 y2= 314 tnt1=  16 tnt2=  16
x1= 340 x2= 338 y1= 320 y2= 314 tnt1=  17 tnt2=  17
x1= 340 x2= 338 y1= 319 y2= 314 tnt1=  17 tnt2=  15
x1= 341 x2= 338 y1= 338 y2= 314 tnt1=  17 tnt2=  17
x1= 340 x2= 338 y1= 317 y2= 314 tnt1=  16 tnt2=  15
x1= 339 x2= 338 y1= 317 y2= 316 tnt1=  16 tnt2=  16
x1= 339 x2= 337 y1= 319 y2= 314 tnt1=  15 tnt2=  15
x1= 339 x2= 336 y1= 327 y2= 314 tnt1=  14 tnt2=  16
x1= 338 x2= 336 y1= 318 y2= 314 tnt1=  15 tnt2=  12
x1= 337 x2= 335 y1= 319 y2= 314 tnt1=  16 tnt2=  21
x1= 337 x2= 334 y1= 319 y2= 317 tnt1=  15 tnt2=  16
x1= 336 x2= 334 y1= 318 y2= 315 tnt1=  14 tnt2=  16
x1= 336 x2= 334 y1= 320 y2= 316 tnt1=  16 tnt2=  17
x1= 337 x2= 334 y1= 320 y2= 316 tnt1=  17 tnt2=  17
x1= 601 x2= 582 y1= 965 y2=1013 tnt1= 151 tnt2=1023
x1=1023 x2=1021 y1= 932 y2=1003 tnt1=1023 tnt2=1023
x1=1023 x2=1023 y1= 868 y2= 985 tnt1=1023 tnt2=1022
x1=1023 x2=1023 y1= 889 y2= 963 tnt1=1020 tnt2=1023
x1=1023 x2=1023 y1= 922 y2= 993 tnt1=1023 tnt2=1023
x1=1023 x2=1023 y1= 913 y2= 959 tnt1=1023 tnt2=1023
x1=1023 x2=1023 y1= 875 y2=1023 tnt1=1023 tnt2=1022
x1=1023 x2=1023 y1= 905 y2= 968 tnt1=1023 tnt2=1023
x1=1023 x2=1022 y1= 929 y2=1004 tnt1=1023 tnt2=1021
x1=1023 x2=1023 y1= 922 y2= 998 tnt1=1023 tnt2=1023
x1=1023 x2=1023 y1= 943 y2=1013 tnt1=1023 tnt2=1023
x1=1023 x2=1023 y1= 827 y2= 974 tnt1=1021 tnt2=1023
x1=1023 x2=1023 y1= 892 y2=1018 tnt1=1023 tnt2=1023
x1=1023 x2=1023 y1= 857 y2= 986 tnt1=1023 tnt2=1023
x1=1023 x2=1023 y1= 891 y2=1023 tnt1=1023 tnt2=1023
x1=1023 x2=1023 y1= 845 y2= 981 tnt1=1021 tnt2=1023
x1=1023 x2=1023 y1= 919 y2= 999 tnt1=1023 tnt2=1023
x1=1023 x2=1023 y1= 833 y2= 979 tnt1=1022 tnt2=1023
x1=1023 x2=1023 y1= 913 y2= 945 tnt1=1023 tnt2=1023
x1=1023 x2=1023 y1= 876 y2=1023 tnt1=1023 tnt2=1023
x1=1023 x2=1022 y1= 929 y2=1004 tnt1=1023 tnt2=1020
x1=1023 x2=1023 y1= 887 y2=1023 tnt1=1023 tnt2=1023
x1=1023 x2=1023 y1= 920 y2= 962 tnt1=1023 tnt2=1023
x1=1023 x2=1023 y1= 869 y2= 984 tnt1=1023 tnt2=1021
x1=1023 x2=1023 y1= 901 y2= 949 tnt1=1023 tnt2=1023
x1=1023 x2=1023 y1= 868 y2= 989 tnt1=1023 tnt2=1020
x1=1023 x2=1023 y1= 900 y2= 961 tnt1=1023 tnt2=1023
x1=1023 x2=1023 y1= 849 y2= 985 tnt1=1023 tnt2=1023
x1=1023 x2=1023 y1= 879 y2= 966 tnt1=1023 tnt2=1023
x1=1023 x2=1023 y1= 847 y2= 977 tnt1=1022 tnt2=1023
x1= 996 x2= 370 y1= 336 y2= 332 tnt1=1023 tnt2=  28
x1= 332 x2= 330 y1= 312 y2= 299 tnt1=  18 tnt2=  18
x1= 332 x2= 329 y1= 303 y2= 296 tnt1=  20 tnt2=  18
x1= 332 x2= 330 y1= 307 y2= 297 tnt1=  18 tnt2=  18
x1= 332 x2= 329 y1= 302 y2= 297 tnt1=  17 tnt2=  16
x1= 331 x2= 328 y1= 300 y2= 298 tnt1=  16 tnt2=  18
x1= 331 x2= 329 y1= 303 y2= 298 tnt1=  17 tnt2=  17
x1= 330 x2= 328 y1= 303 y2= 298 tnt1=  16 tnt2=  17
x1= 330 x2= 327 y1= 302 y2= 298 tnt1=  18 tnt2=  16
x1= 330 x2= 327 y1= 303 y2= 298 tnt1=  16 tnt2=  18
x1= 330 x2= 329 y1= 296 y2= 299 tnt1=  18 tnt2=  17
x1= 347 x2= 345 y1= 326 y2= 318 tnt1=  34 tnt2=  40
x1=1023 x2=1023 y1= 852 y2= 979 tnt1=1023 tnt2=1023
x1=1023 x2=1021 y1= 927 y2=1000 tnt1=1023 tnt2=1023
x1=1023 x2=1023 y1= 872 y2= 979 tnt1=1023 tnt2=1019
x1=1023 x2=1023 y1= 945 y2=1008 tnt1=1023 tnt2=1023
x1=1023 x2=1023 y1= 867 y2= 982 tnt1=1023 tnt2=1023
x1=1023 x2=1023 y1= 889 y2= 966 tnt1=1023 tnt2=1023
x1=1023 x2=1023 y1= 897 y2=1023 tnt1=1023 tnt2=1023
x1=1023 x2=1023 y1= 908 y2= 955 tnt1=1023 tnt2=1023
x1=1023 x2=1023 y1= 905 y2= 934 tnt1=1023 tnt2=1023
x1=1023 x2=1023 y1= 893 y2= 966 tnt1=1023 tnt2=1023
x1=1023 x2=1023 y1= 931 y2=1011 tnt1=1023 tnt2=1023
x1=1023 x2=1023 y1= 914 y2= 942 tnt1=1023 tnt2=1023
x1=1023 x2=1023 y1= 872 y2= 990 tnt1=1023 tnt2=1018
x1=1023 x2=1023 y1= 849 y2= 985 tnt1=1023 tnt2=1023
x1=1023 x2=1023 y1= 882 y2=1016 tnt1=1022 tnt2=1023
x1=1023 x2=1023 y1= 839 y2= 982 tnt1=1023 tnt2=1023
x1=1023 x2=1023 y1= 884 y2=1023 tnt1=1023 tnt2=1023
x1=1023 x2=1023 y1= 852 y2= 982 tnt1=1021 tnt2=1023
x1=1023 x2=1023 y1= 933 y2=1003 tnt1=1023 tnt2=1023
x1=1023 x2=1023 y1= 833 y2= 978 tnt1=1022 tnt2=1023
x1=1023 x2=1023 y1= 918 y2=1000 tnt1=1023 tnt2=1023
x1=1023 x2=1023 y1= 900 y2= 960 tnt1=1023 tnt2=1023
x1=1023 x2=1023 y1= 929 y2=1000 tnt1=1023 tnt2=1023
x1=1023 x2=1023 y1= 869 y2=1023 tnt1=1023 tnt2=1023
x1=1023 x2=1023 y1= 923 y2= 998 tnt1=1023 tnt2=1023
x1=1023 x2=1023 y1= 863 y2= 981 tnt1=1023 tnt2=1020
x1= 314 x2= 311 y1= 292 y2= 289 tnt1=  17 tnt2=  17
x1= 313 x2= 311 y1= 290 y2= 288 tnt1=  16 tnt2=  15
x1= 313 x2= 311 y1= 288 y2= 287 tnt1=  14 tnt2=  16
x1= 314 x2= 311 y1= 290 y2= 287 tnt1=  16 tnt2=  16
x1= 313 x2= 311 y1= 291 y2= 287 tnt1=  15 tnt2=  15
x1= 314 x2= 310 y1= 290 y2= 287 tnt1=  16 tnt2=  16
x1= 313 x2= 309 y1= 290 y2= 287 tnt1=  16 tnt2=  16
x1= 314 x2= 310 y1= 299 y2= 288 tnt1=  17 tnt2=  17
x1= 315 x2= 311 y1= 294 y2= 287 tnt1=  18 tnt2=  18
x1=1023 x2=1023 y1= 883 y2=1023 tnt1=1023 tnt2=1023
x1=1023 x2=1023 y1= 823 y2= 968 tnt1=1022 tnt2=1023
x1=1023 x2=1022 y1= 819 y2= 975 tnt1=1023 tnt2=1023
x1=1023 x2=1023 y1= 861 y2= 987 tnt1=1023 tnt2=1023
x1=1023 x2=1023 y1= 881 y2=1023 tnt1=1023 tnt2=1023
x1=1023 x2=1023 y1= 846 y2= 981 tnt1=1019 tnt2=1023
x1=1023 x2=1023 y1= 924 y2=1001 tnt1=1023 tnt2=1023
x1=1023 x2=1023 y1= 898 y2= 951 tnt1=1023 tnt2=1023
x1=1023 x2=1023 y1= 911 y2= 997 tnt1=1023 tnt2=1023
x1=1023 x2=1023 y1= 863 y2=1023 tnt1=1023 tnt2=1023
x1=1023 x2=1021 y1= 936 y2=1003 tnt1=1023 tnt2=1023
x1=1023 x2=1023 y1= 862 y2=1023 tnt1=1023 tnt2=1023
x1=1023 x2=1023 y1= 938 y2=1003 tnt1=1023 tnt2=1023
x1=1023 x2=1023 y1= 857 y2= 982 tnt1=1023 tnt2=1019
x1=1023 x2=1022 y1= 933 y2=1001 tnt1=1023 tnt2=1023
x1=1023 x2=1023 y1= 866 y2= 989 tnt1=1023 tnt2=1019
x1=1023 x2=1023 y1= 912 y2= 956 tnt1=1023 tnt2=1023
x1=1023 x2=1023 y1= 893 y2=1023 tnt1=1023 tnt2=1023
x1=1023 x2=1023 y1= 911 y2= 990 tnt1=1023 tnt2=1023
x1=1023 x2=1023 y1= 933 y2=1013 tnt1=1023 tnt2=1023
x1=1023 x2=1023 y1= 909 y2= 993 tnt1=1023 tnt2=1023
x1=1023 x2=1023 y1= 944 y2=1010 tnt1=1023 tnt2=1023
x1=1023 x2=1023 y1= 921 y2= 999 tnt1=1023 tnt2=1023
x1=1023 x2=1022 y1= 928 y2=1002 tnt1=1023 tnt2=1019
x1=1023 x2=1023 y1= 853 y2= 986 tnt1=1023 tnt2=1023
x1=1023 x2=1023 y1= 872 y2=1023 tnt1=1023 tnt2=1023
x1=1023 x2=1023 y1= 835 y2= 982 tnt1=1021 tnt2=1023
x1=1023 x2=1023 y1= 873 y2=1023 tnt1=1023 tnt2=1023
x1=1023 x2=1023 y1= 842 y2= 983 tnt1=1019 tnt2=1023
x1=1023 x2=1023 y1= 916 y2= 996 tnt1=1023 tnt2=1023
x1= 309 x2= 305 y1= 286 y2= 281 tnt1=  20 tnt2=  22
x1=1023 x2=1023 y1= 917 y2=1000 tnt1=1023 tnt2=1023
x1=1023 x2=1023 y1= 842 y2= 982 tnt1=1023 tnt2=1023
x1=1023 x2=1022 y1= 939 y2=1006 tnt1=1023 tnt2=1023
x1=1023 x2=1023 y1= 863 y2= 983 tnt1=1023 tnt2=1020
x1=1023 x2=1023 y1= 936 y2=1010 tnt1=1023 tnt2=1023
x1=1023 x2=1023 y1= 879 y2= 992 tnt1=1023 tnt2=1020
x1=1023 x2=1023 y1= 904 y2= 963 tnt1=1023 tnt2=1023
x1=1023 x2=1023 y1= 853 y2= 985 tnt1=1023 tnt2=1023
x1= 305 x2= 302 y1= 285 y2= 280 tnt1=  17 tnt2=  17
x1= 304 x2= 301 y1= 283 y2= 280 tnt1=  18 tnt2=  17
x1= 304 x2= 301 y1= 284 y2= 279 tnt1=  16 tnt2=  17
x1= 304 x2= 301 y1= 287 y2= 279 tnt1=  17 tnt2=  17
x1= 303 x2= 300 y1= 283 y2= 277 tnt1=  17 tnt2=  17
x1= 304 x2= 300 y1= 302 y2= 278 tnt1=  20 tnt2=  17
x1= 302 x2= 299 y1= 283 y2= 278 tnt1=  17 tnt2=  17
x1= 301 x2= 298 y1= 283 y2= 278 tnt1=  17 tnt2=  17
x1= 301 x2= 297 y1= 282 y2= 277 tnt1=  17 tnt2=  17
x1= 300 x2= 295 y1= 280 y2= 279 tnt1=  17 tnt2=  16
x1= 299 x2= 296 y1= 282 y2= 291 tnt1=  16 tnt2=  16
x1= 299 x2= 296 y1= 280 y2= 278 tnt1=  17 tnt2=  17
x1= 299 x2= 296 y1= 280 y2= 278 tnt1=  18 tnt2=  17
x1= 300 x2= 297 y1= 282 y2= 307 tnt1=  19 tnt2=  19
x1= 300 x2= 297 y1= 284 y2= 279 tnt1=  19 tnt2=  18
x1= 301 x2= 296 y1= 284 y2= 280 tnt1=  20 tnt2=  18
x1= 306 x2= 303 y1= 289 y2= 282 tnt1=  26 tnt2=  25
x1=1023 x2=1023 y1= 932 y2=1002 tnt1=1023 tnt2=1023
x1=1023 x2=1023 y1= 868 y2= 984 tnt1=1023 tnt2=1019
x1=1023 x2=1023 y1= 887 y2= 968 tnt1=1022 tnt2=1023
x1=1023 x2=1023 y1= 855 y2= 980 tnt1=1023 tnt2=1023
x1=1023 x2=1019 y1= 943 y2=1005 tnt1=1023 tnt2=1023
x1=1023 x2=1023 y1= 870 y2=1023 tnt1=1023 tnt2=1023
x1=1023 x2=1023 y1= 912 y2= 944 tnt1=1023 tnt2=1023
x1=1023 x2=1023 y1= 857 y2= 987 tnt1=1023 tnt2=1021
x1=1023 x2=1023 y1= 920 y2=1002 tnt1=1023 tnt2=1023
x1=1023 x2=1023 y1= 885 y2=1023 tnt1=1023 tnt2=1023
x1=1023 x2=1023 y1= 914 y2= 946 tnt1=1023 tnt2=1022
x1=1023 x2=1023 y1= 899 y2=1023 tnt1=1023 tnt2=1023
x1=1023 x2=1023 y1= 850 y2= 986 tnt1=1023 tnt2=1023
x1=1023 x2=1023 y1= 865 y2=1023 tnt1=1023 tnt2=1023
x1=1023 x2=1018 y1= 833 y2= 983 tnt1=1023 tnt2=1023
x1=1023 x2=1023 y1= 871 y2= 985 tnt1=1023 tnt2=1023
x1=1023 x2=1023 y1= 890 y2= 975 tnt1=1023 tnt2=1023
x1=1023 x2=1023 y1= 919 y2= 997 tnt1=1023 tnt2=1023
x1=1023 x2=1023 y1= 886 y2= 975 tnt1=1023 tnt2=1023
x1=1023 x2=1023 y1= 897 y2= 938 tnt1=1023 tnt2=1023
x1=1023 x2=1023 y1= 874 y2= 987 tnt1=1023 tnt2=1021
x1=1023 x2=1023 y1= 880 y2=1023 tnt1=1023 tnt2=1023
x1=1023 x2=1023 y1= 855 y2= 985 tnt1=1023 tnt2=1021
x1= 313 x2= 307 y1= 294 y2= 291 tnt1=  37 tnt2=  30
x1=1023 x2=1023 y1= 861 y2= 981 tnt1=1023 tnt2=1019
x1=1023 x2=1023 y1= 911 y2= 995 tnt1=1023 tnt2=1023
x1=1023 x2=1023 y1= 855 y2= 986 tnt1=1023 tnt2=1020
x1=1023 x2=1023 y1= 899 y2= 954 tnt1=1023 tnt2=1023
x1=1023 x2=1023 y1= 845 y2= 980 tnt1=1023 tnt2=1023
x1=1023 x2=1023 y1= 916 y2= 997 tnt1=1023 tnt2=1023
x1=1023 x2=1023 y1= 918 y2=1016 tnt1=1022 tnt2=1023
x1=1023 x2=1023 y1= 931 y2=1002 tnt1=1023 tnt2=1023
x1=1023 x2=1023 y1= 898 y2=1023 tnt1=1023 tnt2=1023
x1=1023 x2=1023 y1= 842 y2= 983 tnt1=1023 tnt2=1023
x1=1023 x2=1023 y1= 874 y2=1023 tnt1=1023 tnt2=1023
x1=1023 x2=1023 y1= 858 y2= 973 tnt1=1023 tnt2=1023
x1=1023 x2=1023 y1= 862 y2= 988 tnt1=1023 tnt2=1021
x1=1023 x2=1023 y1= 850 y2= 979 tnt1=1023 tnt2=1023
x1=1023 x2=1023 y1= 894 y2=1021 tnt1=1023 tnt2=1023
x1= 326 x2= 323 y1= 312 y2= 307 tnt1=  53 tnt2=  28
x1= 332 x2= 332 y1= 317 y2= 314 tnt1=  61 tnt2=  64
x1=1023 x2=1023 y1= 911 y2= 947 tnt1=1023 tnt2=1023
x1=1023 x2=1019 y1= 939 y2=1005 tnt1=1023 tnt2=1023
x1=1023 x2=1023 y1= 858 y2= 980 tnt1=1023 tnt2=1019
x1=1023 x2=1023 y1= 932 y2=1004 tnt1=1023 tnt2=1023
x1=1023 x2=1023 y1= 918 y2=1010 tnt1=1023 tnt2=1023
x1= 292 x2= 289 y1= 280 y2= 275 tnt1=  21 tnt2=  21
x1= 291 x2= 289 y1= 280 y2= 274 tnt1=  21 tnt2=  20
x1= 291 x2= 287 y1= 280 y2= 275 tnt1=  20 tnt2=  20
x1= 290 x2= 287 y1= 278 y2= 274 tnt1=  20 tnt2=  20
x1= 289 x2= 286 y1= 278 y2= 262 tnt1=  18 tnt2=  19
x1= 288 x2= 286 y1= 278 y2= 273 tnt1=  16 tnt2=  19
x1= 288 x2= 285 y1= 278 y2= 267 tnt1=  18 tnt2=  19
x1= 288 x2= 284 y1= 275 y2= 272 tnt1=  24 tnt2=  17
x1= 287 x2= 287 y1= 275 y2= 272 tnt1=  18 tnt2=  18
x1= 286 x2= 284 y1= 277 y2= 271 tnt1=  17 tnt2=  18
x1= 287 x2= 284 y1= 278 y2= 271 tnt1=  19 tnt2=  19
x1= 287 x2= 285 y1= 280 y2= 276 tnt1=  20 tnt2=  21
x1= 287 x2= 284 y1= 287 y2= 275 tnt1=  20 tnt2=  21
x1= 286 x2= 283 y1= 279 y2= 274 tnt1=  20 tnt2=  19
x1= 286 x2= 284 y1= 276 y2= 273 tnt1=  19 tnt2=  19
x1= 286 x2= 283 y1= 276 y2= 273 tnt1=  19 tnt2=  19
x1= 291 x2= 287 y1= 284 y2= 282 tnt1=  25 tnt2=  26
x1=1023 x2=1023 y1= 902 y2= 996 tnt1=1023 tnt2=1021
x1=1023 x2=1023 y1= 892 y2= 990 tnt1=1023 tnt2=1021
x1=1023 x2=1023 y1= 936 y2=1011 tnt1=1023 tnt2=1023
x1=1023 x2=1023 y1= 860 y2= 981 tnt1=1023 tnt2=1019
x1=1023 x2=1023 y1= 845 y2= 981 tnt1=1023 tnt2=1023
x1=1023 x2=1023 y1= 867 y2= 984 tnt1=1023 tnt2=1023
x1=1023 x2=1023 y1= 915 y2= 997 tnt1=1023 tnt2=1023
x1=1023 x2=1023 y1= 853 y2= 980 tnt1=1023 tnt2=1023
x1=1023 x2=1023 y1= 925 y2= 999 tnt1=1019 tnt2=1023
x1=1023 x2=1023 y1= 825 y2= 974 tnt1=1022 tnt2=1023
x1=1023 x2=1023 y1= 908 y2= 940 tnt1=1023 tnt2=1023
x1=1023 x2=1023 y1= 866 y2=1014 tnt1=1023 tnt2=1020
x1=1023 x2=1023 y1= 918 y2= 997 tnt1=1023 tnt2=1023
x1=1023 x2=1023 y1= 860 y2=1023 tnt1=1023 tnt2=1023
x1=1023 x2=1022 y1= 926 y2=1001 tnt1=1023 tnt2=1023
x1=1023 x2=1023 y1= 866 y2=1010 tnt1=1023 tnt2=1023
x1=1023 x2=1023 y1= 832 y2= 976 tnt1=1023 tnt2=1023
x1=1023 x2=1023 y1= 864 y2= 977 tnt1=1023 tnt2=1023
x1=1023 x2=1023 y1= 880 y2= 972 tnt1=1020 tnt2=1023
x1=1023 x2=1023 y1= 930 y2=1002 tnt1=1023 tnt2=1023
x1=1023 x2=1023 y1= 840 y2= 973 tnt1=1023 tnt2=1023
x1=1023 x2=1023 y1= 941 y2=1003 tnt1=1023 tnt2=1023
x1=1023 x2=1023 y1= 902 y2= 929 tnt1=1023 tnt2=1023
x1=1023 x2=1023 y1= 949 y2=1010 tnt1=1023 tnt2=1023
x1=1023 x2=1023 y1= 894 y2= 954 tnt1=1023 tnt2=1023
x1=1023 x2=1023 y1= 943 y2=1011 tnt1=1023 tnt2=1023
x1=1023 x2=1023 y1= 869 y2= 984 tnt1=1023 tnt2=1021
x1=1023 x2=1023 y1= 897 y2=1023 tnt1=1023 tnt2=1023
x1=1023 x2=1023 y1= 902 y2= 948 tnt1=1023 tnt2=1023
x1=1023 x2=1023 y1= 909 y2= 959 tnt1=1023 tnt2=1023
x1= 299 x2= 297 y1= 298 y2= 292 tnt1=  45 tnt2=  26
x1=1023 x2=1023 y1= 902 y2= 942 tnt1=1023 tnt2=1023
x1=1023 x2=1023 y1= 843 y2= 973 tnt1=1023 tnt2=1023
x1=1023 x2=1023 y1= 884 y2=1023 tnt1=1023 tnt2=1023
x1=1023 x2=1023 y1= 913 y2= 999 tnt1=1023 tnt2=1023
x1=1023 x2=1023 y1= 914 y2= 995 tnt1=1023 tnt2=1023
x1= 280 x2= 280 y1= 281 y2= 279 tnt1=  27 tnt2=  27
x1= 279 x2= 276 y1= 277 y2= 273 tnt1=  22 tnt2=  24
x1= 276 x2= 273 y1= 274 y2= 276 tnt1=  21 tnt2=  21
x1= 275 x2= 272 y1= 271 y2= 269 tnt1=  23 tnt2=  20
x1= 275 x2= 272 y1= 275 y2= 281 tnt1=  18 tnt2=  20
x1= 275 x2= 270 y1= 266 y2= 268 tnt1=  17 tnt2=  19
x1= 273 x2= 270 y1= 277 y2= 268 tnt1=  19 tnt2=  18
x1= 270 x2= 269 y1= 271 y2= 268 tnt1=  18 tnt2=  18
x1= 271 x2= 267 y1= 272 y2= 267 tnt1=  16 tnt2=  17
x1= 270 x2= 268 y1= 272 y2= 267 tnt1=  16 tnt2=  17
x1= 272 x2= 268 y1= 274 y2= 267 tnt1=  18 tnt2=  18
x1= 284 x2= 282 y1= 285 y2= 304 tnt1=  31 tnt2=  30
x1=1023 x2=1022 y1= 917 y2= 999 tnt1=1023 tnt2=1023
x1=1023 x2=1023 y1= 852 y2= 983 tnt1=1023 tnt2=1023
x1=1023 x2=1023 y1= 904 y2= 967 tnt1=1022 tnt2=1023
x1= 276 x2= 275 y1= 278 y2= 274 tnt1=  25 tnt2=  25
x1= 273 x2= 270 y1= 276 y2= 277 tnt1=  21 tnt2=  22
x1= 272 x2= 269 y1= 272 y2= 270 tnt1=  20 tnt2=  20
x1= 273 x2= 269 y1= 276 y2= 262 tnt1=  21 tnt2=  20
x1=1023 x2=1023 y1= 872 y2=1023 tnt1=1023 tnt2=1023
x1=1023 x2=1023 y1= 909 y2= 999 tnt1=1023 tnt2=1023
x1=1023 x2=1023 y1= 876 y2=1023 tnt1=1023 tnt2=1023
x1=1023 x2=1023 y1= 864 y2= 978 tnt1=1023 tnt2=1019
x1=1023 x2=1023 y1= 885 y2=1023 tnt1=1023 tnt2=1023
x1=1023 x2=1023 y1= 864 y2= 989 tnt1=1023 tnt2=1021
x1=1023 x2=1023 y1= 867 y2= 985 tnt1=1023 tnt2=1019
x1=1023 x2=1023 y1= 871 y2= 961 tnt1=1023 tnt2=1023
x1=1023 x2=1023 y1= 865 y2= 988 tnt1=1023 tnt2=1021
x1=1023 x2=1023 y1= 893 y2= 966 tnt1=1023 tnt2=1023
x1=1023 x2=1021 y1= 936 y2=1005 tnt1=1023 tnt2=1023
x1=1023 x2=1023 y1= 909 y2= 940 tnt1=1023 tnt2=1023
x1=1023 x2=1023 y1= 942 y2=1009 tnt1=1023 tnt2=1023
x1=1023 x2=1023 y1= 859 y2= 982 tnt1=1023 tnt2=1021
x1=1023 x2=1023 y1= 938 y2=1012 tnt1=1023 tnt2=1023
x1=1023 x2=1023 y1= 857 y2= 982 tnt1=1023 tnt2=1020
x1=1023 x2=1023 y1= 887 y2=1023 tnt1=1023 tnt2=1023
x1=1023 x2=1023 y1= 895 y2= 961 tnt1=1023 tnt2=1023
x1=1023 x2=1021 y1= 943 y2=1008 tnt1=1023 tnt2=1023
x1=1023 x2=1023 y1= 829 y2= 982 tnt1=1023 tnt2=1023
x1=1023 x2=1023 y1= 912 y2= 943 tnt1=1023 tnt2=1023
x1=1023 x2=1023 y1= 846 y2= 977 tnt1=1020 tnt2=1023
x1=1023 x2=1023 y1= 913 y2=1000 tnt1=1023 tnt2=1021
x1=1023 x2=1023 y1= 887 y2=1023 tnt1=1023 tnt2=1023
x1=1023 x2=1023 y1= 939 y2=1006 tnt1=1023 tnt2=1023
x1=1023 x2=1023 y1= 876 y2=1023 tnt1=1023 tnt2=1023
x1=1023 x2=1023 y1= 929 y2=1003 tnt1=1023 tnt2=1023
x1= 264 x2= 263 y1= 276 y2= 271 tnt1=  20 tnt2=  23
x1= 265 x2= 262 y1= 274 y2= 271 tnt1=  19 tnt2=  20
x1= 271 x2= 268 y1= 280 y2= 277 tnt1=  25 tnt2=  30
x1=1023 x2=1023 y1= 881 y2= 965 tnt1=1022 tnt2=1023
x1=1023 x2=1023 y1= 905 y2= 948 tnt1=1023 tnt2=1023
x1=1023 x2=1023 y1= 902 y2= 960 tnt1=1023 tnt2=1023
x1=1023 x2=1023 y1= 926 y2=1000 tnt1=1023 tnt2=1023
x1=1023 x2=1023 y1= 892 y2= 956 tnt1=1023 tnt2=1023
x1= 281 x2= 275 y1= 293 y2= 282 tnt1=  37 tnt2=  27
x1= 265 x2= 262 y1= 274 y2= 271 tnt1=  25 tnt2=  20
x1= 264 x2= 261 y1= 278 y2= 270 tnt1=  20 tnt2=  19
x1= 263 x2= 262 y1= 271 y2= 269 tnt1=  19 tnt2=  19
x1= 267 x2= 263 y1= 279 y2= 273 tnt1=  20 tnt2=  23
x1= 497 x2= 542 y1= 905 y2= 993 tnt1= 274 tnt2=1023
x1=1023 x2=1023 y1= 901 y2= 930 tnt1=1023 tnt2=1023
x1= 324 x2= 314 y1= 299 y2= 316 tnt1=  81 tnt2=  34
x1= 274 x2= 272 y1= 285 y2= 281 tnt1=  31 tnt2=  26
x1= 264 x2= 263 y1= 277 y2= 273 tnt1=  21 tnt2=  23
x1= 265 x2= 261 y1= 275 y2= 272 tnt1=  21 tnt2=  21
x1= 264 x2= 261 y1= 275 y2= 272 tnt1=  21 tnt2=  21
x1= 262 x2= 260 y1= 275 y2= 270 tnt1=  19 tnt2=  20
x1= 262 x2= 258 y1= 274 y2= 271 tnt1=  18 tnt2=  19
x1= 261 x2= 258 y1= 275 y2= 269 tnt1=  19 tnt2=  19
x1= 261 x2= 258 y1= 273 y2= 269 tnt1=  19 tnt2=  16
x1= 259 x2= 256 y1= 265 y2= 268 tnt1=  18 tnt2=  17
x1= 259 x2= 256 y1= 271 y2= 267 tnt1=  17 tnt2=  17
x1= 258 x2= 254 y1= 273 y2= 267 tnt1=  13 tnt2=  17
x1= 258 x2= 255 y1= 272 y2= 266 tnt1=  16 tnt2=  16
x1= 258 x2= 255 y1= 272 y2= 266 tnt1=  19 tnt2=  16
x1= 257 x2= 254 y1= 274 y2= 266 tnt1=  16 tnt2=  16
x1= 257 x2= 253 y1= 270 y2= 266 tnt1=  15 tnt2=  16
x1= 259 x2= 254 y1= 270 y2= 265 tnt1=  17 tnt2=  16
x1= 257 x2= 253 y1= 270 y2= 265 tnt1=  16 tnt2=  15
x1= 256 x2= 254 y1= 271 y2= 265 tnt1=  16 tnt2=  16
x1= 255 x2= 253 y1= 269 y2= 265 tnt1=  15 tnt2=  14
x1= 255 x2= 253 y1= 271 y2= 266 tnt1=  16 tnt2=  16
x1= 254 x2= 253 y1= 271 y2= 266 tnt1=  16 tnt2=  14
x1= 255 x2= 253 y1= 270 y2= 265 tnt1=  16 tnt2=  16
x1= 255 x2= 252 y1= 229 y2= 266 tnt1=  14 tnt2=  16
x1= 254 x2= 252 y1= 272 y2= 266 tnt1=  16 tnt2=  18
x1= 254 x2= 252 y1= 272 y2= 266 tnt1=  16 tnt2=  15
x1= 254 x2= 251 y1= 270 y2= 266 tnt1=  15 tnt2=  15
x1= 253 x2= 251 y1= 272 y2= 271 tnt1=  16 tnt2=  16
x1= 254 x2= 248 y1= 272 y2= 266 tnt1=  16 tnt2=  15
x1= 254 x2= 250 y1= 270 y2= 266 tnt1=  15 tnt2=  15
x1= 254 x2= 250 y1= 271 y2= 267 tnt1=  15 tnt2=  17
x1= 255 x2= 252 y1= 274 y2= 268 tnt1=  18 tnt2=  20
x1= 258 x2= 255 y1= 277 y2= 273 tnt1=  21 tnt2=  23
x1= 259 x2= 256 y1= 278 y2= 274 tnt1=  23 tnt2=  27
x1= 256 x2= 256 y1= 277 y2= 274 tnt1=  22 tnt2=  22
x1= 260 x2= 258 y1= 281 y2= 275 tnt1=  23 tnt2=  27
x1= 260 x2= 257 y1= 279 y2= 275 tnt1=  23 tnt2=  23
x1=1023 x2=1023 y1= 931 y2=1003 tnt1=1023 tnt2=1023
x1=1023 x2=1023 y1= 852 y2= 985 tnt1=1023 tnt2=1023
x1=1023 x2=1023 y1= 939 y2=1010 tnt1=1023 tnt2=1023
x1=1023 x2=1023 y1= 847 y2= 984 tnt1=1023 tnt2=1023
x1=1023 x2=1021 y1= 943 y2=1006 tnt1=1023 tnt2=1023
x1=1023 x2=1023 y1= 854 y2= 986 tnt1=1023 tnt2=1023
x1=1023 x2=1023 y1= 918 y2=1001 tnt1=1023 tnt2=1023
x1=1023 x2=1023 y1= 835 y2= 978 tnt1=1020 tnt2=1023
x1=1023 x2=1023 y1= 917 y2=1001 tnt1=1023 tnt2=1023
x1=1023 x2=1023 y1= 891 y2= 972 tnt1=1015 tnt2=1023
x1=1023 x2=1023 y1= 913 y2=1000 tnt1=1023 tnt2=1023
x1=1023 x2=1023 y1= 883 y2=1023 tnt1=1023 tnt2=1023
x1=1023 x2=1022 y1= 928 y2=1003 tnt1=1023 tnt2=1023
x1=1023 x2=1023 y1= 890 y2=1023 tnt1=1023 tnt2=1023
x1=1023 x2=1023 y1= 831 y2= 981 tnt1=1023 tnt2=1023
x1=1023 x2=1023 y1= 865 y2=1023 tnt1=1023 tnt2=1023
x1=1023 x2=1023 y1= 886 y2= 973 tnt1=1023 tnt2=1023
x1=1023 x2=1023 y1= 852 y2= 980 tnt1=1023 tnt2=1023
x1=1023 x2=1023 y1= 913 y2= 965 tnt1=1023 tnt2=1023
x1=1023 x2=1023 y1= 897 y2=1023 tnt1=1023 tnt2=1023
x1=1023 x2=1023 y1= 905 y2= 964 tnt1=1023 tnt2=1023
x1=1023 x2=1023 y1= 948 y2=1009 tnt1=1023 tnt2=1023
x1=1023 x2=1023 y1= 919 y2= 946 tnt1=1023 tnt2=1023
x1=1023 x2=1023 y1= 933 y2=1011 tnt1=1023 tnt2=1023
x1=1023 x2=1023 y1= 919 y2= 999 tnt1=1023 tnt2=1021
x1=1023 x2=1023 y1= 863 y2= 984 tnt1=1023 tnt2=1023
x1=1023 x2=1023 y1= 862 y2= 984 tnt1=1023 tnt2=1023
x1=1023 x2=1023 y1= 887 y2=1023 tnt1=1023 tnt2=1023
x1=1023 x2=1023 y1= 854 y2= 986 tnt1=1023 tnt2=1023
x1=1023 x2=1023 y1= 921 y2=1002 tnt1=1023 tnt2=1023
x1=1023 x2=1023 y1= 863 y2= 988 tnt1=1023 tnt2=1020
x1=1023 x2=1021 y1= 930 y2=1002 tnt1=1023 tnt2=1023
x1=1023 x2=1023 y1= 886 y2=1014 tnt1=1023 tnt2=1023
x1=1023 x2=1021 y1= 920 y2=1001 tnt1=1023 tnt2=1023
x1=1023 x2=1023 y1= 857 y2= 982 tnt1=1023 tnt2=1019
x1=1023 x2=1023 y1= 937 y2=1005 tnt1=1023 tnt2=1023
x1=1023 x2=1023 y1= 864 y2=1023 tnt1=1023 tnt2=1023
x1=1023 x2=1023 y1= 915 y2=1000 tnt1=1023 tnt2=1023
x1=1023 x2=1023 y1= 864 y2= 982 tnt1=1023 tnt2=1020
x1=1023 x2=1023 y1= 831 y2= 975 tnt1=1022 tnt2=1023
x1=1023 x2=1023 y1= 852 y2= 985 tnt1=1023 tnt2=1023
x1= 256 x2= 253 y1= 288 y2= 265 tnt1=  29 tnt2=  27
x1= 268 x2= 265 y1= 302 y2= 297 tnt1=  41 tnt2=  28
x1=1023 x2=1023 y1= 907 y2= 987 tnt1=1023 tnt2=1023
x1=1023 x2=1023 y1= 935 y2=1004 tnt1=1023 tnt2=1023
x1=1023 x2=1023 y1= 909 y2= 997 tnt1=1023 tnt2=1020
x1=1023 x2=1023 y1= 921 y2=1009 tnt1=1023 tnt2=1023
x1=1023 x2=1023 y1= 849 y2= 984 tnt1=1023 tnt2=1019
x1= 266 x2= 262 y1= 298 y2= 291 tnt1=  36 tnt2=  25
x1= 251 x2= 248 y1= 284 y2= 279 tnt1=  25 tnt2=  26
x1= 262 x2= 260 y1= 294 y2= 288 tnt1=  35 tnt2=  27
x1= 250 x2= 247 y1= 280 y2= 278 tnt1=  23 tnt2=  23
x1= 246 x2= 243 y1= 279 y2= 274 tnt1=  20 tnt2=  20
x1= 246 x2= 244 y1= 279 y2= 276 tnt1=  21 tnt2=  21
x1=1023 x2=1023 y1= 899 y2=1008 tnt1=1023 tnt2=1023
x1=1023 x2=1023 y1= 850 y2= 979 tnt1=1023 tnt2=1021
x1=1023 x2=1023 y1= 916 y2= 943 tnt1=1023 tnt2=1023
x1=1023 x2=1023 y1= 879 y2=1020 tnt1=1023 tnt2=1023
x1=1023 x2=1022 y1= 943 y2=1005 tnt1=1023 tnt2=1023
x1=1023 x2=1023 y1= 864 y2= 984 tnt1=1023 tnt2=1021
x1=1023 x2=1023 y1= 896 y2= 962 tnt1=1023 tnt2=1023
x1=1023 x2=1023 y1= 861 y2= 983 tnt1=1023 tnt2=1023
