x1=1023 x2=1023 y1= 918 y2= 998 tnt1=1020 tnt2=1023
x1=1023 x2=1023 y1= 860 y2= 983 tnt1=1023 tnt2=1023
x1=1023 x2=1023 y1= 923 y2= 947 tnt1=1023 tnt2=1023
x1=1023 x2=1023 y1= 872 y2= 979 tnt1=1023 tnt2=1019
x1=1023 x2=1022 y1= 931 y2=1001 tnt1=1023 tnt2=1023
x1=1023 x2=1023 y1= 891 y2=1023 tnt1=1023 tnt2=1023
x1=1023 x2=1023 y1= 894 y2= 970 tnt1=1021 tnt2=1023
x1=1023 x2=1023 y1= 873 y2= 987 tnt1=1023 tnt2=1021
x1=1023 x2=1023 y1= 892 y2= 965 tnt1=1022 tnt2=1023
x1=1023 x2=1023 y1= 844 y2= 979 tnt1=1023 tnt2=1023
x1=1023 x2=1023 y1= 908 y2= 959 tnt1=1023 tnt2=1023
x1=1023 x2=1023 y1= 899 y2=1020 tnt1=1023 tnt2=1023
x1=1023 x2=1023 y1= 913 y2= 943 tnt1=1023 tnt2=1023
x1=1023 x2=1023 y1= 884 y2=1016 tnt1=1023 tnt2=1023
x1=1023 x2=1023 y1= 915 y2= 994 tnt1=1023 tnt2=1023
x1=1023 x2=1023 y1= 941 y2=1013 tnt1=1023 tnt2=1023
x1=1023 x2=1023 y1= 846 y2= 977 tnt1=1021 tnt2=1023
x1=1023 x2=1023 y1= 897 y2=1023 tnt1=1023 tnt2=1023
x1=1023 x2=1023 y1= 859 y2= 982 tnt1=1023 tnt2=1023
x1=1023 x2=1023 y1= 880 y2=1023 tnt1=1023 tnt2=1023
x1=1023 x2=1023 y1= 870 y2= 985 tnt1=1023 tnt2=1021
x1=1023 x2=1023 y1= 915 y2= 997 tnt1=1023 tnt2=1023
x1=1023 x2=1023 y1= 839 y2= 973 tnt1=1021 tnt2=1023
x1=1023 x2=1023 y1= 914 y2= 997 tnt1=1023 tnt2=1023
x1=1023 x2=1023 y1= 876 y2=1023 tnt1=1023 tnt2=1023
x1=1023 x2=1023 y1= 944 y2=1005 tnt1=1023 tnt2=1023
x1=1023 x2=1023 y1= 927 y2=1000 tnt1=1023 tnt2=1023
x1=1023 x2=1023 y1= 945 y2=1005 tnt1=1023 tnt2=1023
x1=1023 x2=1023 y1= 870 y2= 985 tnt1=1023 tnt2=1023
x1=1023 x2=1023 y1= 934 y2=1000 tnt1=1023 tnt2=1023
x1=1023 x2=1023 y1= 873 y2= 991 tnt1=1023 tnt2=1020
x1=1023 x2=1023 y1= 907 y2= 962 tnt1=1023 tnt2=1023
x1=1023 x2=1023 y1= 869 y2= 985 tnt1=1023 tnt2=1023
x1=1023 x2=1023 y1= 906 y2= 955 tnt1=1023 tnt2=1023
x1=1023 x2=1023 y1= 930 y2=1015 tnt1=1023 tnt2=1023
x1=1023 x2=1023 y1= 920 y2=1002 tnt1=1023 tnt2=1023
x1=1023 x2=1023 y1= 952 y2=1011 tnt1=1023 tnt2=1023
x1=1023 x2=1023 y1= 918 y2=1001 tnt1=1023 tnt2=1023
x1=1023 x2=1023 y1= 890 y2=1023 tnt1=1023 tnt2=1022
x1=1023 x2=1023 y1= 859 y2= 987 tnt1=1023 tnt2=1021
x1=1023 x2=1023 y1= 888 y2=1023 tnt1=1023 tnt2=1023
x1=1023 x2=1023 y1= 828 y2= 984 tnt1=1023 tnt2=1023
x1=1023 x2=1023 y1= 910 y2= 938 tnt1=1023 tnt2=1023
x1=1023 x2=1023 y1= 841 y2= 986 tnt1=1022 tnt2=1023
x1=1023 x2=1023 y1= 921 y2= 998 tnt1=1023 tnt2=1020
x1=1023 x2=1023 y1= 904 y2=1023 tnt1=1023 tnt2=1023
x1=1023 x2=1023 y1= 850 y2= 980 tnt1=1023 tnt2=1023
x1=1023 x2=1023 y1= 872 y2= 986 tnt1=1023 tnt2=1023
x1=1023 x2=1023 y1= 931 y2=1004 tnt1=1023 tnt2=1023
x1=1023 x2=1023 y1= 877 y2=1023 tnt1=1023 tnt2=1023
x1=1023 x2=1023 y1= 941 y2=1008 tnt1=1023 tnt2=1023
x1=1023 x2=1023 y1= 914 y2= 943 tnt1=1023 tnt2=1023
x1=1023 x2=1023 y1= 845 y2= 987 tnt1=1022 tnt2=1023
x1=1023 x2=1023 y1= 864 y2= 983 tnt1=1023 tnt2=1023
x1=1023 x2=1023 y1= 899 y2= 958 tnt1=1023 tnt2=1023
x1=1023 x2=1023 y1= 941 y2=1005 tnt1=1022 tnt2=1023
x1=1023 x2=1023 y1= 916 y2= 957 tnt1=1023 tnt2=1023
x1=1023 x2=1023 y1= 940 y2=1008 tnt1=1023 tnt2=1023
x1=1023 x2=1023 y1= 917 y2= 998 tnt1=1023 tnt2=1023
x1=1023 x2=1023 y1= 906 y2=1023 tnt1=1023 tnt2=1023
x1=1023 x2=1023 y1= 851 y2= 981 tnt1=1023 tnt2=1023
x1=1023 x2=1023 y1= 897 y2=1023 tnt1=1023 tnt2=1023
x1=1023 x2=1023 y1= 859 y2= 982 tnt1=1023 tnt2=1023
x1=1023 x2=1023 y1= 865 y2=1023 tnt1=1023 tnt2=1023
x1=1023 x2=1023 y1= 854 y2= 986 tnt1=1023 tnt2=1023
x1=1023 x2=1020 y1= 934 y2=1004 tnt1=1023 tnt2=1023
x1=1023 x2=1023 y1= 895 y2= 971 tnt1=1023 tnt2=1023
x1= 661 x2= 658 y1= 274 y2= 281 tnt1=  16 tnt2=  16
x1= 660 x2= 657 y1= 243 y2= 248 tnt1=  14 tnt2=  15
x1= 660 x2= 657 y1= 229 y2= 232 tnt1=  15 tnt2=  15
x1= 659 x2= 658 y1= 220 y2= 227 tnt1=  16 tnt2=  16
x1= 666 x2= 663 y1= 228 y2= 226 tnt1=  18 tnt2=  17
x1= 673 x2= 671 y1= 240 y2= 236 tnt1=  16 tnt2=  17
x1= 679 x2= 677 y1= 238 y2= 251 tnt1=  16 tnt2=  16
x1= 688 x2= 685 y1= 270 y2= 272 tnt1=  15 tnt2=  15
x1= 695 x2= 694 y1= 294 y2= 298 tnt1=  14 tnt2=  15
x1= 703 x2= 702 y1= 325 y2= 309 tnt1=  14 tnt2=  15
x1= 712 x2= 710 y1= 349 y2= 349 tnt1=  14 tnt2=  14
x1= 715 x2= 714 y1= 367 y2= 388 tnt1=  13 tnt2=  17
x1= 712 x2= 711 y1= 377 y2= 389 tnt1=  13 tnt2=  13
x1= 701 x2= 700 y1= 383 y2= 386 tnt1=  13 tnt2=  14
x1= 682 x2= 681 y1= 376 y2= 378 tnt1=  14 tnt2=  14
x1= 661 x2= 659 y1= 379 y2= 361 tnt1=  14 tnt2=  14
x1= 638 x2= 637 y1= 337 y2= 338 tnt1=  14 tnt2=  14
x1= 622 x2= 620 y1= 306 y2= 313 tnt1=  20 tnt2=  14
x1= 608 x2= 611 y1= 290 y2= 290 tnt1=  15 tnt2=  15
x1= 600 x2= 598 y1= 278 y2= 278 tnt1=  15 tnt2=  16
x1= 599 x2= 597 y1= 273 y2= 277 tnt1=  15 tnt2=  15
x1= 601 x2= 599 y1= 279 y2= 280 tnt1=  15 tnt2=  15
x1= 612 x2= 611 y1= 292 y2= 296 tnt1=  15 tnt2=  15
x1= 633 x2= 632 y1= 320 y2= 321 tnt1=  14 tnt2=  15
x1= 663 x2= 662 y1= 357 y2= 359 tnt1=  14 tnt2=  14
x1= 702 x2= 708 y1= 406 y2= 408 tnt1=  13 tnt2=  15
x1= 748 x2= 748 y1= 462 y2= 468 tnt1=  13 tnt2=  13
x1= 800 x2= 801 y1= 536 y2= 541 tnt1=  10 tnt2=  12
x1= 832 x2= 833 y1= 595 y2= 598 tnt1=  12 tnt2=  11
x1= 856 x2= 856 y1= 651 y2= 632 tnt1=  12 tnt2=  12
x1= 867 x2= 867 y1= 684 y2= 689 tnt1=  11 tnt2=  10
x1= 863 x2= 865 y1= 692 y2= 696 tnt1=  11 tnt2=  10
x1= 847 x2= 849 y1= 678 y2= 682 tnt1=  12 tnt2=  11
x1= 821 x2= 821 y1= 645 y2= 647 tnt1=   7 tnt2=   9
x1= 797 x2= 802 y1= 593 y2= 595 tnt1=  11 tnt2=  12
x1= 768 x2= 769 y1= 530 y2= 535 tnt1=  12 tnt2=  13
x1= 733 x2= 732 y1= 475 y2= 471 tnt1=   9 tnt2=  13
x1= 706 x2= 704 y1= 408 y2= 410 tnt1=  14 tnt2=  14
x1= 684 x2= 685 y1= 362 y2= 366 tnt1=  12 tnt2=  14
x1= 668 x2= 667 y1= 334 y2= 332 tnt1=  14 tnt2=  14
x1= 662 x2= 660 y1= 327 y2= 329 tnt1=  14 tnt2=  14
x1= 656 x2= 655 y1= 325 y2= 327 tnt1=  13 tnt2=  14
x1= 653 x2= 652 y1= 335 y2= 336 tnt1=  14 tnt2=  14
x1= 654 x2= 653 y1= 350 y2= 354 tnt1=  17 tnt2=  14
x1= 661 x2= 659 y1= 378 y2= 377 tnt1=  14 tnt2=  14
x1= 672 x2= 671 y1= 412 y2= 416 tnt1=  12 tnt2=  14
x1= 682 x2= 681 y1= 452 y2= 457 tnt1=  13 tnt2=  13
x1= 689 x2= 689 y1= 478 y2= 482 tnt1=  13 tnt2=  12
x1= 697 x2= 696 y1= 506 y2= 505 tnt1=  13 tnt2=  13
x1= 703 x2= 703 y1= 519 y2= 522 tnt1=  12 tnt2=   6
x1= 707 x2= 707 y1= 531 y2= 533 tnt1=  11 tnt2=  12
x1= 710 x2= 710 y1= 537 y2= 539 tnt1=  12 tnt2=  12
x1= 712 x2= 712 y1= 543 y2= 546 tnt1=  12 tnt2=  12
x1= 720 x2= 720 y1= 550 y2= 552 tnt1=  13 tnt2=  12
x1= 732 x2= 732 y1= 557 y2= 555 tnt1=  13 tnt2=  13
x1= 746 x2= 747 y1= 564 y2= 566 tnt1=  13 tnt2=  13
x1=1023 x2=1023 y1= 914 y2= 966 tnt1=1023 tnt2=1023
x1=1023 x2=1023 y1= 927 y2=1000 tnt1=1023 tnt2=1023
x1=1023 x2=1023 y1= 918 y2=1002 tnt1=1023 tnt2=1023
x1=1023 x2=1023 y1= 856 y2= 977 tnt1=1023 tnt2=1023
x1=1023 x2=1023 y1= 908 y2= 934 tnt1=1023 tnt2=1023
x1=1023 x2=1023 y1= 862 y2=1023 tnt1=1023 tnt2=1023
x1= 798 x2= 799 y1= 629 y2= 633 tnt1=  12 tnt2=  12
x1= 789 x2= 789 y1= 613 y2= 620 tnt1=  12 tnt2=  11
x1= 770 x2= 770 y1= 558 y2= 578 tnt1=  11 tnt2=  13
x1= 748 x2= 749 y1= 530 y2= 532 tnt1=  13 tnt2=  13
x1= 723 x2= 722 y1= 480 y2= 484 tnt1=  13 tnt2=  15
x1= 695 x2= 697 y1= 434 y2= 438 tnt1=  13 tnt2=  13
x1= 669 x2= 666 y1= 394 y2= 397 tnt1=  13 tnt2=  13
x1= 647 x2= 646 y1= 368 y2= 370 tnt1=  14 tnt2=  14
x1= 629 x2= 628 y1= 360 y2= 362 tnt1=  15 tnt2=  14
x1= 616 x2= 614 y1= 373 y2= 369 tnt1=  14 tnt2=  14
x1= 609 x2= 608 y1= 395 y2= 397 tnt1=  14 tnt2=  14
x1= 606 x2= 609 y1= 431 y2= 432 tnt1=  13 tnt2=  13
x1= 637 x2= 639 y1= 484 y2= 494 tnt1=  28 tnt2=  43
x1=1023 x2=1023 y1= 898 y2= 952 tnt1=1023 tnt2=1023
x1= 633 x2= 633 y1= 546 y2= 547 tnt1=  13 tnt2=  14
x1= 638 x2= 638 y1= 563 y2= 566 tnt1=  13 tnt2=  13
x1= 635 x2= 635 y1= 569 y2= 572 tnt1=  13 tnt2=  13
x1= 620 x2= 620 y1= 557 y2= 559 tnt1=  12 tnt2=  10
x1= 602 x2= 601 y1= 535 y2= 534 tnt1=  13 tnt2=  12
x1= 584 x2= 584 y1= 503 y2= 502 tnt1=  13 tnt2=  15
x1= 562 x2= 563 y1= 463 y2= 465 tnt1=  14 tnt2=  13
x1= 547 x2= 544 y1= 430 y2= 430 tnt1=  14 tnt2=  14
x1= 528 x2= 526 y1= 400 y2= 399 tnt1=  15 tnt2=  14
x1= 515 x2= 516 y1= 381 y2= 380 tnt1=  14 tnt2=  14
x1= 511 x2= 509 y1= 370 y2= 370 tnt1=  14 tnt2=  15
x1= 510 x2= 509 y1= 366 y2= 367 tnt1=  12 tnt2=  15
x1=1023 x2=1023 y1= 930 y2=1001 tnt1=1023 tnt2=1023
x1=1023 x2=1023 y1= 949 y2=1009 tnt1=1023 tnt2=1023
x1=1023 x2=1023 y1= 937 y2=1005 tnt1=1023 tnt2=1023
x1=1023 x2=1023 y1= 847 y2= 985 tnt1=1023 tnt2=1023
x1=1023 x2=1023 y1= 888 y2=1019 tnt1=1023 tnt2=1023
x1=1023 x2=1023 y1= 855 y2= 986 tnt1=1023 tnt2=1019
x1=1023 x2=1023 y1= 881 y2=1023 tnt1=1023 tnt2=1023
x1=1023 x2=1023 y1= 867 y2= 989 tnt1=1023 tnt2=1018
x1=1023 x2=1023 y1= 912 y2= 945 tnt1=1023 tnt2=1023
x1=1023 x2=1023 y1= 853 y2= 986 tnt1=1023 tnt2=1023
x1=1023 x2=1023 y1= 910 y2= 943 tnt1=1023 tnt2=1023
x1= 673 x2= 664 y1= 604 y2= 604 tnt1=1023 tnt2=  13
x1= 653 x2= 653 y1= 587 y2= 589 tnt1=  13 tnt2=  13
x1= 631 x2= 630 y1= 564 y2= 567 tnt1=  12 tnt2=  10
x1= 604 x2= 605 y1= 530 y2= 530 tnt1=  10 tnt2=  11
x1= 576 x2= 577 y1= 492 y2= 492 tnt1=  11 tnt2=  14
x1= 543 x2= 542 y1= 452 y2= 453 tnt1=  14 tnt2=  14
x1= 517 x2= 516 y1= 421 y2= 427 tnt1=  14 tnt2=  15
x1= 502 x2= 500 y1= 388 y2= 391 tnt1=  14 tnt2=  15
x1= 497 x2= 496 y1= 369 y2= 369 tnt1=  15 tnt2=  16
x1=1023 x2=1023 y1= 867 y2= 984 tnt1=1020 tnt2=1023
x1=1023 x2=1023 y1= 860 y2=1021 tnt1=1023 tnt2=1023
x1=1023 x2=1023 y1= 889 y2= 960 tnt1=1023 tnt2=1023
x1=1023 x2=1023 y1= 936 y2=1005 tnt1=1023 tnt2=1023
x1=1023 x2=1023 y1= 905 y2= 942 tnt1=1023 tnt2=1023
x1=1023 x2=1023 y1= 936 y2=1013 tnt1=1023 tnt2=1023
x1=1023 x2=1023 y1= 879 y2= 986 tnt1=1023 tnt2=1023
x1= 739 x2= 738 y1= 470 y2= 474 tnt1=  14 tnt2=  14
x1= 772 x2= 774 y1= 506 y2= 511 tnt1=  12 tnt2=  12
x1= 794 x2= 793 y1= 542 y2= 546 tnt1=  11 tnt2=  12
x1= 575 x2= 567 y1= 535 y2= 525 tnt1=   3 tnt2=   3
x1= 576 x2= 568 y1= 555 y2= 543 tnt1=   0 tnt2=   3
x1= 776 x2= 778 y1= 595 y2= 599 tnt1=  12 tnt2=  12
x1= 748 x2= 748 y1= 598 y2= 603 tnt1=  12 tnt2=  13
x1= 716 x2= 717 y1= 599 y2= 602 tnt1=  11 tnt2=  10
x1= 681 x2= 680 y1= 590 y2= 593 tnt1=  12 tnt2=  12
x1= 643 x2= 644 y1= 572 y2= 575 tnt1=  11 tnt2=  12
x1= 612 x2= 612 y1= 550 y2= 552 tnt1=  13 tnt2=  15
x1= 587 x2= 588 y1= 526 y2= 526 tnt1=  13 tnt2=  13
x1= 568 x2= 571 y1= 492 y2= 493 tnt1=  14 tnt2=  14
x1= 558 x2= 557 y1= 452 y2= 453 tnt1=  14 tnt2=  14
x1= 550 x2= 549 y1= 401 y2= 420 tnt1=  13 tnt2=  14
x1= 533 x2= 532 y1= 385 y2= 386 tnt1=  11 tnt2=  12
x1= 530 x2= 529 y1= 355 y2= 355 tnt1=  12 tnt2=  12
x1= 526 x2= 524 y1= 333 y2= 333 tnt1=  12 tnt2=  12
x1= 523 x2= 517 y1= 325 y2= 324 tnt1=  12 tnt2=  11
x1= 524 x2= 522 y1= 323 y2= 325 tnt1=  12 tnt2=  11
x1= 523 x2= 521 y1= 336 y2= 337 tnt1=  12 tnt2=  12
x1= 523 x2= 522 y1= 363 y2= 364 tnt1=  10 tnt2=  14
x1= 530 x2= 528 y1= 400 y2= 402 tnt1=  12 tnt2=  13
x1= 534 x2= 533 y1= 449 y2= 445 tnt1=  13 tnt2=  11
x1= 540 x2= 543 y1= 501 y2= 502 tnt1=  13 tnt2=  13
x1= 545 x2= 546 y1= 526 y2= 525 tnt1=  13 tnt2=  13
x1= 549 x2= 549 y1= 551 y2= 551 tnt1=  13 tnt2=  13
x1= 551 x2= 551 y1= 567 y2= 566 tnt1=  13 tnt2=  13
x1= 555 x2= 549 y1= 576 y2= 576 tnt1=  13 tnt2=  13
x1= 556 x2= 557 y1= 580 y2= 581 tnt1=  13 tnt2=  13
x1= 562 x2= 561 y1= 581 y2= 583 tnt1=  13 tnt2=  13
x1= 566 x2= 568 y1= 579 y2= 578 tnt1=  12 tnt2=  14
x1= 574 x2= 575 y1= 569 y2= 572 tnt1=  13 tnt2=  14
x1= 582 x2= 581 y1= 556 y2= 556 tnt1=  13 tnt2=  13
x1= 589 x2= 590 y1= 537 y2= 545 tnt1=  13 tnt2=  14
x1= 599 x2= 599 y1= 505 y2= 510 tnt1=  13 tnt2=  14
x1= 613 x2= 612 y1= 474 y2= 474 tnt1=  14 tnt2=  14
x1= 630 x2= 627 y1= 431 y2= 433 tnt1=  15 tnt2=  15
x1= 641 x2= 641 y1= 391 y2= 392 tnt1=  16 tnt2=  15
x1= 663 x2= 667 y1= 616 y2= 868 tnt1=  21 tnt2=1023
x1=1023 x2=1021 y1= 929 y2=1003 tnt1=1023 tnt2=1023
x1=1023 x2=1023 y1= 901 y2= 939 tnt1=1023 tnt2=1023
x1=1023 x2=1023 y1= 929 y2=1010 tnt1=1023 tnt2=1023
x1=1023 x2=1023 y1= 830 y2= 969 tnt1=1021 tnt2=1023
x1= 662 x2= 661 y1= 370 y2= 371 tnt1=  17 tnt2=  14
x1= 664 x2= 664 y1= 392 y2= 395 tnt1=  14 tnt2=  13
x1= 663 x2= 663 y1= 416 y2= 418 tnt1=  13 tnt2=  13
x1= 658 x2= 658 y1= 436 y2= 438 tnt1=  13 tnt2=  12
x1= 647 x2= 646 y1= 449 y2= 450 tnt1=  13 tnt2=  13
x1= 633 x2= 633 y1= 452 y2= 456 tnt1=  11 tnt2=  12
x1= 612 x2= 611 y1= 457 y2= 438 tnt1=  13 tnt2=  13
x1= 591 x2= 590 y1= 468 y2= 451 tnt1=  13 tnt2=  13
x1= 575 x2= 574 y1= 441 y2= 438 tnt1=  13 tnt2=  13
x1= 565 x2= 562 y1= 433 y2= 434 tnt1=  14 tnt2=  14
x1= 552 x2= 551 y1= 426 y2= 427 tnt1=  13 tnt2=  17
x1= 543 x2= 542 y1= 424 y2= 426 tnt1=  13 tnt2=  13
x1= 537 x2= 536 y1= 425 y2= 425 tnt1=  13 tnt2=  14
x1= 534 x2= 533 y1= 431 y2= 456 tnt1=  13 tnt2=  14
x1= 537 x2= 536 y1= 441 y2= 444 tnt1=  15 tnt2=  14
x1= 545 x2= 544 y1= 466 y2= 465 tnt1=  13 tnt2=  13
x1= 556 x2= 557 y1= 487 y2= 491 tnt1=  13 tnt2=  14
x1= 569 x2= 569 y1= 517 y2= 515 tnt1=  14 tnt2=  13
x1= 579 x2= 589 y1= 530 y2= 531 tnt1=  13 tnt2=  13
x1= 585 x2= 586 y1= 537 y2= 539 tnt1=  13 tnt2=  13
x1= 585 x2= 586 y1= 539 y2= 527 tnt1=  13 tnt2=  13
x1= 575 x2= 575 y1= 484 y2= 528 tnt1=  11 tnt2=  14
x1= 559 x2= 559 y1= 512 y2= 512 tnt1=  13 tnt2=  14
x1= 541 x2= 541 y1= 492 y2= 493 tnt1=  12 tnt2=  14
x1= 523 x2= 524 y1= 478 y2= 479 tnt1=  13 tnt2=   0
x1= 505 x2= 505 y1= 498 y2= 473 tnt1=  13 tnt2=  14
x1= 492 x2= 491 y1= 478 y2= 478 tnt1=  14 tnt2=  13
x1= 479 x2= 479 y1= 490 y2= 510 tnt1=  13 tnt2=  13
x1= 468 x2= 468 y1= 512 y2= 515 tnt1=  14 tnt2=  13
x1= 460 x2= 460 y1= 547 y2= 546 tnt1=  13 tnt2=  13
x1= 456 x2= 458 y1= 584 y2= 584 tnt1=  13 tnt2=  13
x1= 459 x2= 459 y1= 624 y2= 623 tnt1=  13 tnt2=  13
x1= 466 x2= 467 y1= 658 y2= 657 tnt1=  13 tnt2=  13
x1= 480 x2= 480 y1= 681 y2= 679 tnt1=  13 tnt2=  13
x1= 498 x2= 500 y1= 695 y2= 695 tnt1=  13 tnt2=  12
x1= 517 x2= 522 y1= 698 y2= 701 tnt1=  12 tnt2=  13
x1= 547 x2= 550 y1= 698 y2= 701 tnt1=  13 tnt2=  13
x1= 576 x2= 578 y1= 680 y2= 686 tnt1=  13 tnt2=  13
x1= 602 x2= 603 y1= 662 y2= 662 tnt1=  13 tnt2=  13
x1= 624 x2= 625 y1= 626 y2= 629 tnt1=  13 tnt2=  13
x1= 643 x2= 642 y1= 585 y2= 587 tnt1=  15 tnt2=  14
x1=1023 x2=1023 y1= 908 y2= 945 tnt1=1023 tnt2=1023
x1=1023 x2=1023 y1= 944 y2=1006 tnt1=1023 tnt2=1023
x1=1023 x2=1023 y1= 864 y2= 984 tnt1=1023 tnt2=1023
x1=1023 x2=1023 y1= 940 y2=1008 tnt1=1023 tnt2=1023
x1=1023 x2=1023 y1= 863 y2= 988 tnt1=1023 tnt2=1023
x1=1023 x2=1023 y1= 895 y2=1023 tnt1=1023 tnt2=1023
x1=1023 x2=1023 y1= 858 y2= 988 tnt1=1023 tnt2=1023
x1=1023 x2=1022 y1= 929 y2=1000 tnt1=1023 tnt2=1023
x1=1023 x2=1023 y1= 856 y2= 979 tnt1=1022 tnt2=1023
x1=1023 x2=1023 y1= 896 y2=1023 tnt1=1023 tnt2=1023
x1=1023 x2=1023 y1= 881 y2= 974 tnt1=1019 tnt2=1023
x1=1023 x2=1023 y1= 919 y2=1002 tnt1=1023 tnt2=1023
x1= 793 x2= 793 y1= 524 y2= 529 tnt1=  12 tnt2=  13
x1= 793 x2= 793 y1= 531 y2= 535 tnt1=  12 tnt2=  12
x1= 785 x2= 784 y1= 535 y2= 538 tnt1=  12 tnt2=  10
x1= 763 x2= 762 y1= 527 y2= 530 tnt1=   9 tnt2=  10
x1= 747 x2= 747 y1= 512 y2= 514 tnt1=  12 tnt2=  10
x1= 720 x2= 716 y1= 498 y2= 494 tnt1=  11 tnt2=  13
x1= 681 x2= 680 y1= 467 y2= 468 tnt1=  12 tnt2=  12
x1= 636 x2= 639 y1= 437 y2= 440 tnt1=  14 tnt2=  14
x1= 599 x2= 598 y1= 408 y2= 409 tnt1=  13 tnt2=  17
x1= 561 x2= 561 y1= 381 y2= 381 tnt1=  15 tnt2=  14
x1= 531 x2= 528 y1= 359 y2= 358 tnt1=  14 tnt2=  15
x1= 502 x2= 500 y1= 341 y2= 332 tnt1=  15 tnt2=  15
x1= 479 x2= 476 y1= 332 y2= 330 tnt1=  15 tnt2=  14
x1= 463 x2= 462 y1= 324 y2= 324 tnt1=  15 tnt2=  15
x1= 451 x2= 449 y1= 340 y2= 324 tnt1=  15 tnt2=  14
x1= 443 x2= 443 y1= 331 y2= 331 tnt1=  16 tnt2=   6
x1= 437 x2= 435 y1= 346 y2= 345 tnt1=  14 tnt2=  14
x1= 424 x2= 423 y1= 372 y2= 370 tnt1=  12 tnt2=  12
x1= 416 x2= 416 y1= 385 y2= 384 tnt1=  12 tnt2=  11
x1= 408 x2= 407 y1= 396 y2= 393 tnt1=  12 tnt2=  11
x1= 395 x2= 393 y1= 396 y2= 395 tnt1=  11 tnt2=  11
x1= 377 x2= 375 y1= 392 y2= 388 tnt1=  11 tnt2=  11
x1= 354 x2= 352 y1= 375 y2= 401 tnt1=  11 tnt2=  12
x1= 342 x2= 339 y1= 354 y2= 352 tnt1=  14 tnt2=  14
x1= 329 x2= 326 y1= 327 y2= 322 tnt1=  14 tnt2=  14
x1= 323 x2= 321 y1= 292 y2= 290 tnt1=  14 tnt2=  14
x1= 329 x2= 327 y1= 253 y2= 247 tnt1=  15 tnt2=  15
x1= 357 x2= 355 y1= 215 y2= 211 tnt1=  17 tnt2=  16
x1= 384 x2= 380 y1= 205 y2= 200 tnt1=  14 tnt2=  17
x1= 427 x2= 424 y1= 206 y2= 203 tnt1=  16 tnt2=  18
x1= 475 x2= 472 y1= 222 y2= 222 tnt1=  17 tnt2=  17
x1= 521 x2= 517 y1= 252 y2= 250 tnt1=  17 tnt2=  17
x1= 559 x2= 557 y1= 281 y2= 284 tnt1=  16 tnt2=  17
x1= 585 x2= 583 y1= 308 y2= 307 tnt1=  16 tnt2=  15
x1= 600 x2= 598 y1= 325 y2= 326 tnt1=  12 tnt2=  14
x1= 610 x2= 608 y1= 340 y2= 342 tnt1=  13 tnt2=  15
x1= 613 x2= 615 y1= 349 y2= 350 tnt1=  14 tnt2=  13
x1=1023 x2=1023 y1= 896 y2=1023 tnt1=1022 tnt2=1023
x1=1023 x2=1023 y1= 862 y2= 982 tnt1=1023 tnt2=1023
x1=1023 x2=1023 y1= 913 y2= 996 tnt1=1023 tnt2=1023
x1=1023 x2=1023 y1= 886 y2= 968 tnt1=1020 tnt2=1023
x1=1023 x2=1023 y1= 922 y2=1001 tnt1=1023 tnt2=1023
x1=1023 x2=1023 y1= 893 y2= 963 tnt1=1023 tnt2=1023
x1=1000 x2=1023 y1= 906 y2= 962 tnt1=1023 tnt2=1023
x1=1023 x2=1023 y1= 866 y2= 984 tnt1=1023 tnt2=1018
x1=1023 x2=1023 y1= 925 y2= 999 tnt1=1023 tnt2=1023
x1=1023 x2=1023 y1= 862 y2= 977 tnt1=1023 tnt2=1019
x1=1023 x2=1023 y1= 861 y2= 988 tnt1=1023 tnt2=1021
x1=1023 x2=1023 y1= 871 y2= 986 tnt1=1023 tnt2=1019
x1=1023 x2=1023 y1= 895 y2= 961 tnt1=1023 tnt2=1023
x1=1023 x2=1023 y1= 855 y2= 981 tnt1=1023 tnt2=1023
x1=1023 x2=1023 y1= 898 y2= 966 tnt1=1023 tnt2=1023
x1=1023 x2=1023 y1= 851 y2= 980 tnt1=1023 tnt2=1023
x1=1023 x2=1023 y1= 876 y2= 992 tnt1=1023 tnt2=1021
x1=1023 x2=1023 y1= 892 y2=1017 tnt1=1023 tnt2=1023
x1=1023 x2=1023 y1= 907 y2= 993 tnt1=1023 tnt2=1023
x1=1023 x2=1023 y1= 894 y2=1021 tnt1=1023 tnt2=1023
x1=1023 x2=1023 y1= 881 y2= 970 tnt1=1023 tnt2=1023
x1=1023 x2=1023 y1= 901 y2=1023 tnt1=1023 tnt2=1023
x1=1023 x2=1023 y1= 849 y2= 979 tnt1=1023 tnt2=1023
x1=1023 x2=1023 y1= 871 y2=1023 tnt1=1023 tnt2=1023
x1=1023 x2=1023 y1= 849 y2= 985 tnt1=1023 tnt2=1023
x1=1023 x2=1022 y1= 927 y2=1003 tnt1=1023 tnt2=1023
x1=1023 x2=1023 y1= 837 y2= 973 tnt1=1017 tnt2=1023
x1=1023 x2=1023 y1= 924 y2= 999 tnt1=1023 tnt2=1020
x1=1023 x2=1023 y1= 886 y2= 974 tnt1=1023 tnt2=1023
x1=1023 x2=1022 y1= 931 y2=1002 tnt1=1023 tnt2=1023
x1=1023 x2=1023 y1= 858 y2=1022 tnt1=1023 tnt2=1023
x1=1023 x2=1023 y1= 932 y2=1010 tnt1=1023 tnt2=1023
x1=1023 x2=1023 y1= 909 y2= 943 tnt1=1023 tnt2=1023
x1=1023 x2=1023 y1= 888 y2= 965 tnt1=1023 tnt2=1023
x1=1023 x2=1023 y1= 858 y2= 988 tnt1=1023 tnt2=1021
x1= 795 x2= 793 y1= 244 y2= 248 tnt1=  14 tnt2=  14
x1= 794 x2= 793 y1= 241 y2= 253 tnt1=  14 tnt2=  14
x1= 794 x2= 792 y1= 241 y2= 245 tnt1=  13 tnt2=  13
x1= 795 x2= 793 y1= 246 y2= 266 tnt1=  13 tnt2=  16
x1= 795 x2= 794 y1= 262 y2= 252 tnt1=  14 tnt2=  14
x1= 797 x2= 795 y1= 295 y2= 295 tnt1=  14 tnt2=  13
x1= 799 x2= 798 y1= 331 y2= 279 tnt1=  12 tnt2=  13
x1= 803 x2= 799 y1= 378 y2= 383 tnt1=  12 tnt2=  13
x1= 806 x2= 807 y1= 433 y2= 436 tnt1=  13 tnt2=  12
x1= 811 x2= 812 y1= 483 y2= 494 tnt1=  13 tnt2=  12
x1= 815 x2= 818 y1= 526 y2= 532 tnt1=  12 tnt2=  12
x1= 819 x2= 818 y1= 567 y2= 571 tnt1=  12 tnt2=  12
x1= 821 x2= 817 y1= 597 y2= 602 tnt1=  11 tnt2=  12
x1= 820 x2= 822 y1= 626 y2= 628 tnt1=  12 tnt2=  11
x1= 821 x2= 820 y1= 645 y2= 650 tnt1=  11 tnt2=  12
x1= 817 x2= 817 y1= 666 y2= 668 tnt1=  11 tnt2=  11
x1= 813 x2= 813 y1= 680 y2= 683 tnt1=  11 tnt2=  11
x1= 809 x2= 809 y1= 694 y2= 696 tnt1=  11 tnt2=  11
x1= 802 x2= 803 y1= 705 y2= 718 tnt1=  10 tnt2=  12
x1= 793 x2= 794 y1= 720 y2= 722 tnt1=  11 tnt2=  11
x1= 784 x2= 782 y1= 732 y2= 739 tnt1=  11 tnt2=  11
x1= 766 x2= 767 y1= 746 y2= 747 tnt1=  11 tnt2=  12
x1= 746 x2= 747 y1= 756 y2= 758 tnt1=  11 tnt2=  10
x1= 721 x2= 724 y1= 763 y2= 766 tnt1=  11 tnt2=  13
x1= 695 x2= 697 y1= 768 y2= 768 tnt1=  12 tnt2=  11
x1= 667 x2= 671 y1= 768 y2= 766 tnt1=  12 tnt2=  13
x1= 638 x2= 638 y1= 762 y2= 762 tnt1=  12 tnt2=  12
x1= 609 x2= 611 y1= 756 y2= 756 tnt1=  12 tnt2=  12
x1= 578 x2= 579 y1= 755 y2= 750 tnt1=  12 tnt2=  12
x1= 544 x2= 546 y1= 747 y2= 745 tnt1=  13 tnt2=  13
x1= 513 x2= 514 y1= 750 y2= 749 tnt1=  10 tnt2=  10
x1= 482 x2= 486 y1= 749 y2= 750 tnt1=  10 tnt2=  10
x1= 451 x2= 453 y1= 753 y2= 755 tnt1=  10 tnt2=  10
x1= 421 x2= 423 y1= 759 y2= 758 tnt1=   9 tnt2=  10
x1= 393 x2= 395 y1= 766 y2= 765 tnt1=  10 tnt2=  10
x1= 367 x2= 369 y1= 775 y2= 772 tnt1=  11 tnt2=  10
x1= 346 x2= 347 y1= 779 y2= 778 tnt1=  12 tnt2=  12
x1= 330 x2= 333 y1= 787 y2= 787 tnt1=  11 tnt2=  12
x1= 320 x2= 323 y1= 795 y2= 794 tnt1=  12 tnt2=  11
x1= 314 x2= 318 y1= 799 y2= 800 tnt1=  11 tnt2=  11
x1= 310 x2= 310 y1= 802 y2= 800 tnt1=   9 tnt2=  11
x1= 307 x2= 310 y1= 807 y2= 804 tnt1=   8 tnt2=   9
x1= 303 x2= 307 y1= 807 y2= 801 tnt1=   9 tnt2=   9
x1= 300 x2= 302 y1= 796 y2= 794 tnt1=   8 tnt2=   8
x1= 294 x2= 298 y1= 780 y2= 778 tnt1=   8 tnt2=   9
x1= 287 x2= 290 y1= 755 y2= 753 tnt1=   9 tnt2=   9
x1= 277 x2= 279 y1= 719 y2= 717 tnt1=   9 tnt2=   9
x1= 264 x2= 266 y1= 682 y2= 678 tnt1=   9 tnt2=   9
x1= 249 x2= 250 y1= 633 y2= 622 tnt1=  10 tnt2=   9
x1= 233 x2= 233 y1= 588 y2= 581 tnt1=  10 tnt2=   9
x1= 220 x2= 220 y1= 539 y2= 536 tnt1=  10 tnt2=  10
x1= 209 x2= 208 y1= 498 y2= 492 tnt1=  10 tnt2=  10
x1= 194 x2= 201 y1= 462 y2= 456 tnt1=  10 tnt2=  11
x1= 199 x2= 198 y1= 434 y2= 428 tnt1=  10 tnt2=  11
x1= 197 x2= 197 y1= 412 y2= 408 tnt1=  13 tnt2=  11
x1= 203 x2= 201 y1= 392 y2= 391 tnt1=  10 tnt2=  11
x1= 206 x2= 205 y1= 392 y2= 386 tnt1=  10 tnt2=  10
x1= 212 x2= 210 y1= 388 y2= 382 tnt1=  10 tnt2=  14
x1= 218 x2= 216 y1= 381 y2= 376 tnt1=  10 tnt2=  11
x1= 225 x2= 221 y1= 373 y2= 368 tnt1=  10 tnt2=  11
x1= 231 x2= 230 y1= 361 y2= 357 tnt1=  11 tnt2=  10
x1= 239 x2= 237 y1= 346 y2= 340 tnt1=  10 tnt2=  16
x1= 248 x2= 248 y1= 325 y2= 321 tnt1=  11 tnt2=  11
x1= 264 x2= 261 y1= 308 y2= 302 tnt1=  10 tnt2=  11
x1= 283 x2= 280 y1= 287 y2= 283 tnt1=  11 tnt2=  11
x1= 307 x2= 305 y1= 269 y2= 266 tnt1=  11 tnt2=  12
x1= 336 x2= 334 y1= 256 y2= 252 tnt1=  12 tnt2=  11
x1= 368 x2= 365 y1= 243 y2= 240 tnt1=  13 tnt2=  13
x1= 402 x2= 400 y1= 236 y2= 232 tnt1=  13 tnt2=  13
x1= 441 x2= 438 y1= 229 y2= 226 tnt1=  13 tnt2=  13
x1= 484 x2= 480 y1= 229 y2= 232 tnt1=  13 tnt2=  14
x1= 526 x2= 524 y1= 229 y2= 233 tnt1=  13 tnt2=  13
x1= 567 x2= 564 y1= 233 y2= 234 tnt1=  13 tnt2=  13
x1= 605 x2= 603 y1= 239 y2= 238 tnt1=  13 tnt2=  16
x1= 644 x2= 641 y1= 242 y2= 246 tnt1=  13 tnt2=  13
x1= 680 x2= 678 y1= 250 y2= 253 tnt1=  13 tnt2=  13
x1= 710 x2= 708 y1= 256 y2= 262 tnt1=  13 tnt2=  12
x1= 736 x2= 734 y1= 262 y2= 267 tnt1=  11 tnt2=  11
x1= 756 x2= 754 y1= 267 y2= 272 tnt1=  11 tnt2=  14
x1= 771 x2= 769 y1= 275 y2= 275 tnt1=  12 tnt2=  11
x1= 779 x2= 778 y1= 273 y2= 277 tnt1=  11 tnt2=  11
x1= 780 x2= 780 y1= 271 y2= 276 tnt1=  11 tnt2=  12
x1= 782 x2= 780 y1= 271 y2= 278 tnt1=  10 tnt2=  11
x1= 782 x2= 781 y1= 271 y2= 278 tnt1=  11 tnt2=  11
x1= 779 x2= 774 y1= 276 y2= 279 tnt1=  11 tnt2=   9
x1= 768 x2= 767 y1= 281 y2= 285 tnt1=  14 tnt2=  12
x1= 759 x2= 758 y1= 291 y2= 293 tnt1=  14 tnt2=  13
x1= 746 x2= 744 y1= 307 y2= 324 tnt1=  14 tnt2=  14
x1= 737 x2= 735 y1= 326 y2= 330 tnt1=  13 tnt2=  13
x1= 732 x2= 731 y1= 345 y2= 348 tnt1=  14 tnt2=  15
x1=1023 x2=1023 y1= 909 y2= 970 tnt1=1023 tnt2=1023
x1=1023 x2=1023 y1= 863 y2= 983 tnt1=1023 tnt2=1023
x1=1023 x2=1023 y1= 920 y2= 995 tnt1=1023 tnt2=1023
x1=1023 x2=1023 y1= 889 y2=1023 tnt1=1023 tnt2=1023
x1=1023 x2=1023 y1= 917 y2=1000 tnt1=1023 tnt2=1023
x1=1023 x2=1023 y1= 899 y2=1020 tnt1=1023 tnt2=1023
x1=1023 x2=1023 y1= 849 y2= 980 tnt1=1022 tnt2=1023
x1=1023 x2=1023 y1= 894 y2=1023 tnt1=1023 tnt2=1023
x1=1023 x2=1023 y1= 943 y2=1010 tnt1=1023 tnt2=1023
x1=1023 x2=1023 y1= 876 y2=1023 tnt1=1023 tnt2=1023
x1=1023 x2=1020 y1= 923 y2= 999 tnt1=1020 tnt2=1023
x1=1023 x2=1023 y1= 935 y2=1006 tnt1=1023 tnt2=1023
x1=1023 x2=1023 y1= 888 y2= 959 tnt1=1023 tnt2=1023
x1=1023 x2=1022 y1= 929 y2= 999 tnt1=1023 tnt2=1023
x1=1023 x2=1023 y1= 899 y2= 942 tnt1=1023 tnt2=1023
x1=1023 x2=1023 y1= 925 y2=1002 tnt1=1023 tnt2=1023
x1=1023 x2=1023 y1= 870 y2=1023 tnt1=1023 tnt2=1023
x1=1023 x2=1023 y1= 937 y2=1011 tnt1=1023 tnt2=1023
x1=1023 x2=1023 y1= 865 y2= 988 tnt1=1023 tnt2=1019
x1=1023 x2=1023 y1= 889 y2= 975 tnt1=1023 tnt2=1023
x1=1023 x2=1023 y1= 902 y2= 946 tnt1=1023 tnt2=1023
x1=1023 x2=1023 y1= 836 y2= 979 tnt1=1023 tnt2=1023
x1=1023 x2=1023 y1= 830 y2= 976 tnt1=1022 tnt2=1023
x1=1023 x2=1023 y1= 911 y2= 964 tnt1=1023 tnt2=1023
x1=1023 x2=1023 y1= 868 y2=1023 tnt1=1023 tnt2=1023
x1=1023 x2=1023 y1= 912 y2= 995 tnt1=1023 tnt2=1023
x1=1023 x2=1023 y1= 899 y2=1023 tnt1=1023 tnt2=1023
x1=1023 x2=1023 y1= 924 y2= 999 tnt1=1023 tnt2=1021
x1=1023 x2=1023 y1= 881 y2=1023 tnt1=1023 tnt2=1023
x1= 777 x2= 777 y1= 257 y2= 261 tnt1=  13 tnt2=  14
x1= 785 x2= 782 y1= 258 y2= 263 tnt1=  14 tnt2=  13
x1= 793 x2= 792 y1= 264 y2= 266 tnt1=  13 tnt2=  14
x1= 800 x2= 798 y1= 273 y2= 277 tnt1=  13 tnt2=  13
x1= 803 x2= 801 y1= 294 y2= 295 tnt1=  11 tnt2=  12
x1= 803 x2= 801 y1= 317 y2= 320 tnt1=  13 tnt2=  14
x1= 800 x2= 798 y1= 348 y2= 353 tnt1=  10 tnt2=  13
x1= 797 x2= 799 y1= 386 y2= 390 tnt1=  12 tnt2=  13
x1= 794 x2= 794 y1= 427 y2= 431 tnt1=  12 tnt2=  13
x1= 791 x2= 802 y1= 464 y2= 468 tnt1=  12 tnt2=  12
x1= 790 x2= 792 y1= 495 y2= 499 tnt1=  11 tnt2=  10
x1= 795 x2= 795 y1= 522 y2= 526 tnt1=  10 tnt2=  12
x1= 800 x2= 800 y1= 537 y2= 543 tnt1=  13 tnt2=  12
x1= 803 x2= 804 y1= 543 y2= 547 tnt1=  13 tnt2=  12
x1=1023 x2=1023 y1= 852 y2= 979 tnt1=1023 tnt2=1023
x1=1023 x2=1023 y1= 916 y2= 960 tnt1=1023 tnt2=1023
x1=1023 x2=1023 y1= 825 y2= 977 tnt1=1023 tnt2=1023
x1=1023 x2=1023 y1= 912 y2= 993 tnt1=1023 tnt2=1023
x1=1023 x2=1023 y1= 915 y2=1000 tnt1=1023 tnt2=1023
x1=1023 x2=1022 y1= 926 y2=1000 tnt1=1023 tnt2=1023
x1=1023 x2=1023 y1= 885 y2=1023 tnt1=1023 tnt2=1023
x1=1023 x2=1021 y1= 931 y2=1004 tnt1=1023 tnt2=1023
x1=1023 x2=1023 y1= 886 y2=1023 tnt1=1023 tnt2=1023
x1=1023 x2=1023 y1= 863 y2= 984 tnt1=1023 tnt2=1023
x1=1023 x2=1023 y1= 873 y2= 986 tnt1=1023 tnt2=1019
x1=1023 x2=1023 y1= 893 y2= 975 tnt1=1020 tnt2=1023
x1=1023 x2=1023 y1= 923 y2=1000 tnt1=1023 tnt2=1023
x1=1023 x2=1023 y1= 895 y2= 958 tnt1=1023 tnt2=1023
x1=1023 x2=1023 y1= 919 y2=1001 tnt1=1023 tnt2=1023
x1=1023 x2=1023 y1= 909 y2= 939 tnt1=1023 tnt2=1023
x1=1023 x2=1020 y1= 943 y2=1006 tnt1=1023 tnt2=1023
x1=1023 x2=1023 y1= 921 y2= 999 tnt1=1023 tnt2=1023
x1=1023 x2=1021 y1= 938 y2=1005 tnt1=1023 tnt2=1023
x1=1023 x2=1023 y1= 859 y2= 987 tnt1=1023 tnt2=1018
x1= 791 x2= 790 y1= 375 y2= 380 tnt1=  16 tnt2=  13
x1= 798 x2= 797 y1= 396 y2= 399 tnt1=  14 tnt2=  13
x1= 805 x2= 804 y1= 418 y2= 421 tnt1=  13 tnt2=  13
x1= 808 x2= 808 y1= 432 y2= 435 tnt1=  13 tnt2=  13
x1= 813 x2= 812 y1= 445 y2= 453 tnt1=  13 tnt2=  13
x1= 816 x2= 814 y1= 460 y2= 464 tnt1=  12 tnt2=  12
x1= 817 x2= 817 y1= 467 y2= 471 tnt1=  11 tnt2=  13
x1= 821 x2= 819 y1= 470 y2= 476 tnt1=  12 tnt2=  12
x1= 822 x2= 823 y1= 473 y2= 479 tnt1=  13 tnt2=  13
x1= 826 x2= 825 y1= 475 y2= 480 tnt1=  12 tnt2=  13
x1= 829 x2= 827 y1= 473 y2= 477 tnt1=  12 tnt2=  10
x1= 826 x2= 826 y1= 466 y2= 476 tnt1=  12 tnt2=  13
x1= 821 x2= 821 y1= 438 y2= 459 tnt1=  13 tnt2=  13
x1= 809 x2= 808 y1= 437 y2= 441 tnt1=  13 tnt2=  12
x1= 786 x2= 786 y1= 413 y2= 419 tnt1=   8 tnt2=  10
x1= 772 x2= 772 y1= 389 y2= 393 tnt1=  10 tnt2=  10
x1= 756 x2= 756 y1= 360 y2= 362 tnt1=  11 tnt2=  11
x1= 741 x2= 739 y1= 331 y2= 335 tnt1=  11 tnt2=  11
x1= 729 x2= 727 y1= 322 y2= 312 tnt1=  12 tnt2=  11
x1= 719 x2= 718 y1= 296 y2= 297 tnt1=  11 tnt2=  12
x1= 713 x2= 712 y1= 286 y2= 288 tnt1=  12 tnt2=  15
x1= 711 x2= 709 y1= 285 y2= 287 tnt1=  11 tnt2=  12
x1= 708 x2= 708 y1= 282 y2= 286 tnt1=  12 tnt2=  11
x1= 708 x2= 709 y1= 283 y2= 286 tnt1=   7 tnt2=  12
x1= 711 x2= 710 y1= 287 y2= 289 tnt1=  12 tnt2=  12
x1= 719 x2= 717 y1= 293 y2= 283 tnt1=  11 tnt2=  14
x1= 730 x2= 729 y1= 305 y2= 308 tnt1=  12 tnt2=  12
x1= 740 x2= 738 y1= 320 y2= 323 tnt1=  11 tnt2=  12
x1= 748 x2= 747 y1= 335 y2= 339 tnt1=  11 tnt2=   9
x1= 755 x2= 753 y1= 350 y2= 355 tnt1=  11 tnt2=  11
x1= 761 x2= 761 y1= 367 y2= 373 tnt1=  10 tnt2=  12
x1= 763 x2= 763 y1= 383 y2= 386 tnt1=  11 tnt2=  14
x1= 758 x2= 759 y1= 392 y2= 400 tnt1=  11 tnt2=  11
x1= 752 x2= 751 y1= 399 y2= 401 tnt1=   9 tnt2=  11
x1= 738 x2= 737 y1= 401 y2= 406 tnt1=  10 tnt2=  11
x1= 720 x2= 720 y1= 406 y2= 408 tnt1=   9 tnt2=  11
x1= 708 x2= 707 y1= 406 y2= 409 tnt1=  13 tnt2=  13
x1= 693 x2= 692 y1= 413 y2= 413 tnt1=  13 tnt2=  13
x1= 683 x2= 680 y1= 423 y2= 425 tnt1=  13 tnt2=  11
x1= 675 x2= 674 y1= 430 y2= 433 tnt1=  13 tnt2=  14
x1= 673 x2= 673 y1= 437 y2= 438 tnt1=  12 tnt2=  13
x1= 673 x2= 673 y1= 443 y2= 446 tnt1=  11 tnt2=  10
x1= 675 x2= 674 y1= 454 y2= 455 tnt1=  11 tnt2=  10
x1= 680 x2= 682 y1= 462 y2= 463 tnt1=  10 tnt2=  11
x1= 691 x2= 691 y1= 477 y2= 472 tnt1=  12 tnt2=  11
x1= 706 x2= 706 y1= 478 y2= 474 tnt1=  10 tnt2=  11
x1= 723 x2= 725 y1= 487 y2= 491 tnt1=  10 tnt2=  10
x1= 741 x2= 740 y1= 490 y2= 495 tnt1=  10 tnt2=  10
x1= 757 x2= 759 y1= 492 y2= 496 tnt1=  10 tnt2=  11
x1= 777 x2= 779 y1= 485 y2= 487 tnt1=  10 tnt2=  10
x1= 794 x2= 794 y1= 472 y2= 477 tnt1=  10 tnt2=  11
x1= 804 x2= 803 y1= 455 y2= 460 tnt1=  10 tnt2=  10
x1= 806 x2= 806 y1= 433 y2= 438 tnt1=  10 tnt2=  10
x1= 803 x2= 802 y1= 407 y2= 420 tnt1=  10 tnt2=  10
x1= 796 x2= 796 y1= 381 y2= 384 tnt1=  11 tnt2=  11
x1= 790 x2= 789 y1= 358 y2= 364 tnt1=  10 tnt2=  11
x1= 789 x2= 789 y1= 337 y2= 348 tnt1=  13 tnt2=  14
x1= 785 x2= 783 y1= 343 y2= 340 tnt1=  13 tnt2=  12
x1= 780 x2= 780 y1= 343 y2= 349 tnt1=  12 tnt2=  13
x1= 778 x2= 777 y1= 349 y2= 352 tnt1=  13 tnt2=  14
x1=1023 x2=1023 y1= 882 y2= 973 tnt1=1022 tnt2=1023
x1=1023 x2=1022 y1= 918 y2=1000 tnt1=1023 tnt2=1023
x1=1023 x2=1023 y1= 857 y2= 981 tnt1=1023 tnt2=1023
x1=1023 x2=1023 y1= 940 y2=1012 tnt1=1023 tnt2=1023
x1=1023 x2=1023 y1= 870 y2= 984 tnt1=1023 tnt2=1023
x1=1023 x2=1023 y1= 895 y2=1023 tnt1=1023 tnt2=1023
x1=1023 x2=1023 y1= 862 y2= 988 tnt1=1023 tnt2=1023
x1=1023 x2=1023 y1= 882 y2=1023 tnt1=1023 tnt2=1023
x1=1023 x2=1023 y1= 843 y2= 979 tnt1=1023 tnt2=1023
x1=1023 x2=1023 y1= 917 y2= 945 tnt1=1023 tnt2=1023
x1=1023 x2=1023 y1= 831 y2= 978 tnt1=1021 tnt2=1023
x1=1023 x2=1023 y1= 909 y2= 943 tnt1=1023 tnt2=1023
x1=1023 x2=1023 y1= 841 y2= 977 tnt1=1023 tnt2=1023
x1=1023 x2=1023 y1= 918 y2=1002 tnt1=1023 tnt2=1023
x1=1023 x2=1023 y1= 876 y2=1023 tnt1=1023 tnt2=1023
x1=1023 x2=1023 y1= 944 y2=1007 tnt1=1023 tnt2=1023
x1=1023 x2=1023 y1= 887 y2=1023 tnt1=1023 tnt2=1023
x1=1023 x2=1023 y1= 912 y2= 992 tnt1=1023 tnt2=1023
x1=1023 x2=1023 y1= 875 y2= 986 tnt1=1023 tnt2=1020
x1=1023 x2=1023 y1= 885 y2= 975 tnt1=1022 tnt2=1023
x1= 753 x2= 753 y1= 328 y2= 333 tnt1=  14 tnt2=  10
x1= 743 x2= 742 y1= 337 y2= 342 tnt1=   9 tnt2=  11
x1= 744 x2= 742 y1= 340 y2= 342 tnt1=  11 tnt2=  10
x1= 743 x2= 743 y1= 338 y2= 341 tnt1=  11 tnt2=  10
x1= 743 x2= 743 y1= 342 y2= 345 tnt1=  11 tnt2=  11
x1= 747 x2= 745 y1= 342 y2= 346 tnt1=  13 tnt2=  13
x1= 743 x2= 742 y1= 352 y2= 355 tnt1=  14 tnt2=  13
x1= 741 x2= 740 y1= 359 y2= 363 tnt1=  13 tnt2=  12
x1= 741 x2= 739 y1= 365 y2= 371 tnt1=  12 tnt2=  13
x1=1023 x2=1023 y1= 849 y2= 982 tnt1=1023 tnt2=1022
x1=1023 x2=1023 y1= 912 y2= 996 tnt1=1023 tnt2=1023
x1=1023 x2=1023 y1= 851 y2= 981 tnt1=1023 tnt2=1023
x1=1023 x2=1023 y1= 909 y2= 995 tnt1=1023 tnt2=1023
x1=1022 x2=1023 y1= 891 y2= 970 tnt1=1020 tnt2=1023
x1=1023 x2=1023 y1= 926 y2=1002 tnt1=1023 tnt2=1023
x1=1023 x2=1023 y1= 868 y2= 983 tnt1=1023 tnt2=1023
x1=1023 x2=1022 y1= 932 y2=1004 tnt1=1023 tnt2=1021
x1=1023 x2=1023 y1= 834 y2= 973 tnt1=1023 tnt2=1023
x1=1023 x2=1023 y1= 947 y2=1006 tnt1=1023 tnt2=1023
x1=1023 x2=1023 y1= 868 y2=1023 tnt1=1023 tnt2=1023
x1=1023 x2=1023 y1= 883 y2= 970 tnt1=1020 tnt2=1023
x1=1023 x2=1023 y1= 870 y2= 990 tnt1=1023 tnt2=1019
x1=1023 x2=1023 y1= 865 y2= 989 tnt1=1023 tnt2=1020
x1=1023 x2=1023 y1= 926 y2=1000 tnt1=1023 tnt2=1023
x1=1023 x2=1023 y1= 906 y2= 953 tnt1=1023 tnt2=1023
x1=1023 x2=1023 y1= 945 y2=1004 tnt1=1023 tnt2=1023
x1=1023 x2=1023 y1= 918 y2= 947 tnt1=1023 tnt2=1023
x1= 718 x2= 717 y1= 445 y2= 447 tnt1=  16 tnt2=  14
x1= 713 x2= 712 y1= 441 y2= 448 tnt1=  12 tnt2=  12
x1= 708 x2= 707 y1= 456 y2= 452 tnt1=  10 tnt2=  10
x1= 711 x2= 711 y1= 447 y2= 448 tnt1=  10 tnt2=  11
x1= 711 x2= 711 y1= 446 y2= 450 tnt1=  11 tnt2=  11
x1= 712 x2= 711 y1= 446 y2= 449 tnt1=  10 tnt2=  11
x1= 716 x2= 715 y1= 444 y2= 448 tnt1=  11 tnt2=  14
x1= 715 x2= 714 y1= 452 y2= 465 tnt1=  13 tnt2=  13
x1= 715 x2= 714 y1= 454 y2= 458 tnt1=  13 tnt2=  13
x1= 716 x2= 716 y1= 437 y2= 458 tnt1=  13 tnt2=  13
x1=1023 x2=1023 y1= 915 y2= 999 tnt1=1023 tnt2=1023
x1=1023 x2=1023 y1= 863 y2=1023 tnt1=1023 tnt2=1023
x1=1023 x2=1021 y1= 935 y2=1001 tnt1=1023 tnt2=1023
x1=1023 x2=1023 y1= 864 y2=1023 tnt1=1023 tnt2=1023
x1=1023 x2=1023 y1= 866 y2= 977 tnt1=1023 tnt2=1023
x1=1023 x2=1023 y1= 887 y2= 960 tnt1=1023 tnt2=1023
x1=1023 x2=1023 y1= 898 y2= 958 tnt1=1023 tnt2=1023
x1=1023 x2=1023 y1= 861 y2= 983 tnt1=1023 tnt2=1023
x1=1023 x2=1023 y1= 911 y2= 967 tnt1=1023 tnt2=1023
x1=1023 x2=1023 y1= 868 y2=1023 tnt1=1023 tnt2=1023
x1=1023 x2=1023 y1= 909 y2= 941 tnt1=1023 tnt2=1023
x1=1023 x2=1023 y1= 946 y2=1007 tnt1=1023 tnt2=1023
x1=1023 x2=1023 y1= 917 y2= 998 tnt1=1023 tnt2=1023
x1=1023 x2=1023 y1= 899 y2=1023 tnt1=1023 tnt2=1023
x1=1023 x2=1023 y1= 855 y2= 982 tnt1=1023 tnt2=1023
x1=1023 x2=1023 y1= 862 y2= 988 tnt1=1023 tnt2=1023
x1=1023 x2=1023 y1= 850 y2= 985 tnt1=1023 tnt2=1023
x1=1023 x2=1023 y1= 884 y2= 990 tnt1=1023 tnt2=1023
x1= 739 x2= 736 y1= 292 y2= 293 tnt1=  15 tnt2=  15
x1= 740 x2= 738 y1= 288 y2= 291 tnt1=  14 tnt2=  15
x1= 742 x2= 740 y1= 254 y2= 289 tnt1=  13 tnt2=  14
x1= 741 x2= 741 y1= 285 y2= 288 tnt1=  13 tnt2=  17
x1= 742 x2= 740 y1= 286 y2= 295 tnt1=  13 tnt2=  13
x1= 738 x2= 737 y1= 291 y2= 294 tnt1=  14 tnt2=  12
x1= 734 x2= 732 y1= 299 y2= 301 tnt1=  14 tnt2=  14
x1= 725 x2= 724 y1= 308 y2= 310 tnt1=  14 tnt2=  16
x1= 715 x2= 713 y1= 316 y2= 336 tnt1=  14 tnt2=  14
x1= 701 x2= 699 y1= 325 y2= 329 tnt1=  13 tnt2=  13
x1= 687 x2= 686 y1= 336 y2= 337 tnt1=  14 tnt2=  13
x1= 674 x2= 672 y1= 314 y2= 347 tnt1=  13 tnt2=  13
x1= 661 x2= 661 y1= 356 y2= 359 tnt1=  12 tnt2=  13
x1= 655 x2= 653 y1= 367 y2= 370 tnt1=  14 tnt2=  13
x1= 651 x2= 650 y1= 384 y2= 378 tnt1=  14 tnt2=  14
x1= 650 x2= 649 y1= 396 y2= 395 tnt1=  14 tnt2=  13
x1= 652 x2= 651 y1= 409 y2= 411 tnt1=  14 tnt2=  13
x1= 658 x2= 658 y1= 420 y2= 424 tnt1=  13 tnt2=  13
x1= 666 x2= 665 y1= 431 y2= 433 tnt1=  16 tnt2=  13
x1= 673 x2= 672 y1= 441 y2= 441 tnt1=  13 tnt2=  12
x1= 679 x2= 680 y1= 447 y2= 449 tnt1=  13 tnt2=  13
x1= 686 x2= 685 y1= 449 y2= 452 tnt1=  13 tnt2=  13
x1= 688 x2= 687 y1= 449 y2= 452 tnt1=  13 tnt2=  13
x1= 690 x2= 690 y1= 446 y2= 451 tnt1=  13 tnt2=  13
x1= 695 x2= 695 y1= 444 y2= 393 tnt1=  14 tnt2=  14
x1= 700 x2= 698 y1= 417 y2= 437 tnt1=  13 tnt2=  14
x1=1023 x2=1023 y1= 918 y2=1001 tnt1=1023 tnt2=1023
x1=1023 x2=1023 y1= 891 y2=1023 tnt1=1023 tnt2=1023
x1=1023 x2=1020 y1= 930 y2=1001 tnt1=1023 tnt2=1023
x1=1023 x2=1023 y1= 872 y2= 985 tnt1=1023 tnt2=1019
x1=1023 x2=1023 y1= 940 y2=1011 tnt1=1023 tnt2=1023
x1=1023 x2=1023 y1= 887 y2=1023 tnt1=1022 tnt2=1023
x1=1023 x2=1023 y1= 893 y2= 967 tnt1=1023 tnt2=1023
x1=1023 x2=1023 y1= 876 y2= 991 tnt1=1023 tnt2=1019
x1=1023 x2=1023 y1= 898 y2= 954 tnt1=1023 tnt2=1023
x1=1023 x2=1023 y1= 952 y2=1005 tnt1=1023 tnt2=1023
x1=1023 x2=1023 y1= 918 y2= 941 tnt1=1023 tnt2=1023
x1=1023 x2=1023 y1= 860 y2= 983 tnt1=1023 tnt2=1021
x1=1023 x2=1023 y1= 917 y2= 945 tnt1=1023 tnt2=1023
x1=1023 x2=1023 y1= 894 y2=1023 tnt1=1023 tnt2=1023
x1=1023 x2=1021 y1= 944 y2=1004 tnt1=1023 tnt2=1023
x1=1023 x2=1023 y1= 892 y2=1021 tnt1=1022 tnt2=1023
x1=1023 x2=1023 y1= 837 y2= 976 tnt1=1023 tnt2=1023
x1=1023 x2=1023 y1= 856 y2=1023 tnt1=1023 tnt2=1023
x1=1023 x2=1022 y1= 840 y2= 983 tnt1=1020 tnt2=1023
x1=1023 x2=1023 y1= 914 y2= 997 tnt1=1023 tnt2=1023
x1=1023 x2=1023 y1= 885 y2= 974 tnt1=1021 tnt2=1023
x1=1023 x2=1023 y1= 916 y2=1000 tnt1=1023 tnt2=1023
x1=1023 x2=1023 y1= 867 y2= 984 tnt1=1023 tnt2=1022
x1=1023 x2=1023 y1= 920 y2=1001 tnt1=1023 tnt2=1023
x1= 444 x2= 441 y1= 211 y2= 208 tnt1=  16 tnt2=  13
x1= 445 x2= 439 y1= 211 y2= 209 tnt1=  17 tnt2=  16
x1= 445 x2= 442 y1= 210 y2= 210 tnt1=  16 tnt2=  16
x1= 446 x2= 443 y1= 210 y2= 208 tnt1=  16 tnt2=  16
x1= 449 x2= 445 y1= 212 y2= 211 tnt1=  15 tnt2=  12
x1= 451 x2= 451 y1= 216 y2= 216 tnt1=  14 tnt2=  17
x1= 461 x2= 459 y1= 226 y2= 224 tnt1=  17 tnt2=  16
x1= 470 x2= 469 y1= 237 y2= 234 tnt1=  16 tnt2=  15
x1= 480 x2= 477 y1= 248 y2= 248 tnt1=  13 tnt2=  16
x1= 491 x2= 488 y1= 265 y2= 260 tnt1=  15 tnt2=  15
x1= 503 x2= 500 y1= 284 y2= 282 tnt1=  15 tnt2=  15
x1= 517 x2= 515 y1= 305 y2= 304 tnt1=  15 tnt2=  14
x1= 527 x2= 527 y1= 312 y2= 323 tnt1=  15 tnt2=  15
x1= 542 x2= 540 y1= 345 y2= 346 tnt1=  14 tnt2=  14
x1= 557 x2= 552 y1= 369 y2= 370 tnt1=  14 tnt2=  14
x1= 565 x2= 564 y1= 394 y2= 395 tnt1=  13 tnt2=  13
x1= 574 x2= 573 y1= 419 y2= 415 tnt1=  13 tnt2=  14
x1= 581 x2= 580 y1= 455 y2= 455 tnt1=  14 tnt2=  13
x1= 583 x2= 582 y1= 474 y2= 475 tnt1=  12 tnt2=  15
x1= 586 x2= 582 y1= 505 y2= 506 tnt1=  12 tnt2=  11
x1= 580 x2= 580 y1= 537 y2= 537 tnt1=  13 tnt2=  12
x1= 575 x2= 575 y1= 565 y2= 568 tnt1=  13 tnt2=  13
x1= 565 x2= 566 y1= 599 y2= 598 tnt1=  13 tnt2=  13
x1= 553 x2= 554 y1= 626 y2= 643 tnt1=  13 tnt2=  13
x1= 539 x2= 539 y1= 648 y2= 647 tnt1=  13 tnt2=  13
x1= 519 x2= 520 y1= 665 y2= 663 tnt1=  13 tnt2=  13
x1= 498 x2= 501 y1= 676 y2= 675 tnt1=  13 tnt2=  13
x1= 470 x2= 471 y1= 680 y2= 681 tnt1=  13 tnt2=  13
x1= 441 x2= 443 y1= 683 y2= 681 tnt1=  13 tnt2=  13
x1= 409 x2= 411 y1= 677 y2= 676 tnt1=  13 tnt2=  13
x1= 375 x2= 376 y1= 664 y2= 658 tnt1=  11 tnt2=  13
x1= 342 x2= 342 y1= 675 y2= 649 tnt1=  13 tnt2=  12
x1= 311 x2= 312 y1= 634 y2= 631 tnt1=  12 tnt2=  12
x1= 281 x2= 282 y1= 611 y2= 609 tnt1=  12 tnt2=  13
x1= 257 x2= 257 y1= 588 y2= 584 tnt1=  12 tnt2=  13
x1= 237 x2= 239 y1= 565 y2= 561 tnt1=  13 tnt2=  13
x1= 224 x2= 225 y1= 534 y2= 531 tnt1=  12 tnt2=  13
x1= 217 x2= 217 y1= 501 y2= 500 tnt1=  12 tnt2=  13
x1= 215 x2= 214 y1= 484 y2= 474 tnt1=  11 tnt2=  10
x1= 221 x2= 219 y1= 446 y2= 440 tnt1=  13 tnt2=  11
x1= 230 x2= 229 y1= 436 y2= 407 tnt1=  10 tnt2=  11
x1= 244 x2= 242 y1= 380 y2= 374 tnt1=  11 tnt2=  11
x1= 262 x2= 261 y1= 345 y2= 344 tnt1=  11 tnt2=  11
x1= 285 x2= 284 y1= 320 y2= 315 tnt1=  11 tnt2=  12
x1= 312 x2= 309 y1= 293 y2= 292 tnt1=  12 tnt2=  12
x1= 340 x2= 338 y1= 268 y2= 264 tnt1=  12 tnt2=  12
x1= 370 x2= 367 y1= 250 y2= 246 tnt1=  13 tnt2=  12
x1= 399 x2= 397 y1= 239 y2= 235 tnt1=  11 tnt2=  14
x1= 428 x2= 425 y1= 237 y2= 234 tnt1=  13 tnt2=  13
x1= 456 x2= 453 y1= 242 y2= 241 tnt1=  13 tnt2=  13
x1= 480 x2= 477 y1= 254 y2= 254 tnt1=  13 tnt2=  13
x1= 501 x2= 498 y1= 275 y2= 274 tnt1=  13 tnt2=  13
x1= 518 x2= 515 y1= 302 y2= 302 tnt1=  13 tnt2=  12
x1= 530 x2= 529 y1= 333 y2= 332 tnt1=  13 tnt2=  13
x1= 543 x2= 540 y1= 361 y2= 362 tnt1=  11 tnt2=  13
x1= 547 x2= 546 y1= 396 y2= 394 tnt1=  14 tnt2=  15
x1= 547 x2= 545 y1= 425 y2= 427 tnt1=  13 tnt2=  13
x1= 540 x2= 539 y1= 450 y2= 454 tnt1=  12 tnt2=  14
x1= 532 x2= 531 y1= 479 y2= 479 tnt1=  14 tnt2=  13
x1= 526 x2= 525 y1= 496 y2= 497 tnt1=  14 tnt2=  13
x1= 521 x2= 521 y1= 502 y2= 502 tnt1=  14 tnt2=  13
x1= 511 x2= 516 y1= 501 y2= 503 tnt1=  13 tnt2=  14
x1=1023 x2=1023 y1= 874 y2= 987 tnt1=1023 tnt2=1018
x1=1023 x2=1023 y1= 891 y2=1023 tnt1=1022 tnt2=1023
x1=1023 x2=1021 y1= 935 y2=1005 tnt1=1023 tnt2=1023
x1=1023 x2=1023 y1= 887 y2=1023 tnt1=1023 tnt2=1023
x1=1023 x2=1023 y1= 933 y2=1006 tnt1=1023 tnt2=1023
x1=1023 x2=1023 y1= 864 y2= 977 tnt1=1023 tnt2=1023
x1=1023 x2=1023 y1= 892 y2=1022 tnt1=1023 tnt2=1023
x1=1023 x2=1023 y1= 878 y2= 987 tnt1=1023 tnt2=1022
x1=1023 x2=1021 y1= 933 y2=1003 tnt1=1023 tnt2=1023
x1=1023 x2=1023 y1= 846 y2= 979 tnt1=1023 tnt2=1023
x1=1023 x2=1023 y1= 916 y2= 967 tnt1=1023 tnt2=1023
x1=1023 x2=1023 y1= 841 y2= 977 tnt1=1023 tnt2=1022
x1=1023 x2=1023 y1= 915 y2= 993 tnt1=1023 tnt2=1023
x1=1023 x2=1023 y1= 942 y2=1008 tnt1=1023 tnt2=1023
x1=1023 x2=1023 y1= 916 y2=1000 tnt1=1023 tnt2=1023
x1=1023 x2=1023 y1= 845 y2= 978 tnt1=1023 tnt2=1023
x1=1023 x2=1023 y1= 918 y2=1001 tnt1=1023 tnt2=1020
x1=1023 x2=1023 y1= 870 y2=1023 tnt1=1023 tnt2=1023
x1=1023 x2=1023 y1= 849 y2= 985 tnt1=1023 tnt2=1023
x1=1023 x2=1023 y1= 865 y2=1023 tnt1=1023 tnt2=1023
x1= 551 x2= 549 y1= 465 y2= 467 tnt1=  13 tnt2=  14
x1= 550 x2= 550 y1= 464 y2= 465 tnt1=  13 tnt2=  14
x1= 551 x2= 550 y1= 446 y2= 465 tnt1=  12 tnt2=  13
x1= 551 x2= 550 y1= 465 y2= 465 tnt1=   5 tnt2=  13
x1= 551 x2= 551 y1= 467 y2= 468 tnt1=  12 tnt2=  13
x1= 559 x2= 548 y1= 472 y2= 473 tnt1=  12 tnt2=  13
x1= 545 x2= 544 y1= 479 y2= 478 tnt1=  14 tnt2=  14
x1= 542 x2= 539 y1= 484 y2= 483 tnt1=  14 tnt2=  14
x1=1023 x2=1023 y1= 869 y2=1023 tnt1=1023 tnt2=1023
x1=1023 x2=1023 y1= 897 y2=1021 tnt1=1023 tnt2=1023
x1=1023 x2=1023 y1= 858 y2= 987 tnt1=1023 tnt2=1018
x1=1023 x2=1023 y1= 912 y2= 958 tnt1=1023 tnt2=1023
x1=1023 x2=1023 y1= 836 y2= 982 tnt1=1023 tnt2=1023
x1=1023 x2=1023 y1= 919 y2= 992 tnt1=1023 tnt2=1023
x1=1023 x2=1023 y1= 885 y2=1010 tnt1=1023 tnt2=1023
x1=1023 x2=1023 y1= 914 y2= 989 tnt1=1023 tnt2=1023
x1=1023 x2=1023 y1= 886 y2=1023 tnt1=1023 tnt2=1023
x1=1023 x2=1023 y1= 925 y2=1000 tnt1=1023 tnt2=1020
x1=1023 x2=1023 y1= 897 y2=1023 tnt1=1023 tnt2=1023
x1=1023 x2=1023 y1= 888 y2= 956 tnt1=1023 tnt2=1023
x1=1023 x2=1023 y1= 874 y2= 980 tnt1=1023 tnt2=1023
x1=1023 x2=1022 y1= 835 y2= 977 tnt1=1023 tnt2=1023
x1=1023 x2=1023 y1= 869 y2=1023 tnt1=1023 tnt2=1023
x1=1023 x2=1023 y1= 840 y2= 977 tnt1=1020 tnt2=1023
x1=1023 x2=1023 y1= 940 y2=1008 tnt1=1023 tnt2=1023
x1= 454 x2= 455 y1= 619 y2= 617 tnt1=  13 tnt2=  13
x1= 453 x2= 453 y1= 616 y2= 615 tnt1=  12 tnt2=  12
x1= 445 x2= 448 y1= 617 y2= 616 tnt1=  10 tnt2=  11
x1= 454 x2= 454 y1= 611 y2= 610 tnt1=  11 tnt2=  10
x1= 456 x2= 456 y1= 622 y2= 607 tnt1=   9 tnt2=  10
x1= 461 x2= 462 y1= 604 y2= 602 tnt1=  13 tnt2=  10
x1= 460 x2= 462 y1= 599 y2= 599 tnt1=  14 tnt2=  13
x1= 459 x2= 460 y1= 597 y2= 595 tnt1=  13 tnt2=  13
x1=1023 x2=1023 y1= 877 y2= 992 tnt1=1023 tnt2=1018
x1=1023 x2=1023 y1= 920 y2= 966 tnt1=1023 tnt2=1023
x1=1023 x2=1023 y1= 910 y2= 997 tnt1=1023 tnt2=1023
x1=1023 x2=1023 y1= 896 y2= 949 tnt1=1023 tnt2=1023
x1=1023 x2=1023 y1= 877 y2= 988 tnt1=1023 tnt2=1019
x1=1023 x2=1023 y1= 924 y2= 999 tnt1=1023 tnt2=1021
x1=1023 x2=1023 y1= 852 y2= 987 tnt1=1023 tnt2=1023
x1=1023 x2=1023 y1= 923 y2=1002 tnt1=1023 tnt2=1021
x1=1023 x2=1023 y1= 858 y2=1023 tnt1=1023 tnt2=1023
x1=1023 x2=1022 y1= 860 y2= 988 tnt1=1021 tnt2=1023
x1=1023 x2=1023 y1= 862 y2=1023 tnt1=1023 tnt2=1023
x1=1023 x2=1023 y1= 836 y2= 979 tnt1=1019 tnt2=1023
x1=1023 x2=1023 y1= 874 y2= 986 tnt1=1023 tnt2=1023
x1=1023 x2=1023 y1= 904 y2= 969 tnt1=1023 tnt2=1023
x1=1023 x2=1022 y1= 921 y2= 999 tnt1=1023 tnt2=1023
x1=1023 x2=1023 y1= 897 y2= 957 tnt1=1023 tnt2=1023
x1=1023 x2=1020 y1= 932 y2=1005 tnt1=1023 tnt2=1023
x1= 489 x2= 487 y1= 432 y2= 429 tnt1=  18 tnt2=  10
x1= 484 x2= 483 y1= 431 y2= 429 tnt1=  13 tnt2=  14
x1= 476 x2= 476 y1= 434 y2= 424 tnt1=  11 tnt2=  12
x1= 477 x2= 475 y1= 429 y2= 431 tnt1=  13 tnt2=  11
x1= 475 x2= 474 y1= 431 y2= 430 tnt1=  11 tnt2=  12
x1= 468 x2= 467 y1= 428 y2= 427 tnt1=  11 tnt2=  11
x1= 457 x2= 454 y1= 432 y2= 426 tnt1=  11 tnt2=  11
x1= 443 x2= 442 y1= 427 y2= 431 tnt1=  11 tnt2=  11
x1= 427 x2= 426 y1= 433 y2= 430 tnt1=  10 tnt2=  11
x1= 411 x2= 410 y1= 441 y2= 438 tnt1=  11 tnt2=  11
x1= 396 x2= 395 y1= 451 y2= 448 tnt1=  15 tnt2=  11
x1= 384 x2= 383 y1= 463 y2= 460 tnt1=  11 tnt2=  11
x1= 373 x2= 373 y1= 475 y2= 476 tnt1=  10 tnt2=  10
x1= 367 x2= 366 y1= 484 y2= 489 tnt1=  10 tnt2=  10
x1= 362 x2= 363 y1= 510 y2= 507 tnt1=   9 tnt2=  10
x1= 361 x2= 360 y1= 519 y2= 525 tnt1=  11 tnt2=  10
x1= 363 x2= 362 y1= 551 y2= 552 tnt1=  10 tnt2=  10
x1= 366 x2= 366 y1= 566 y2= 565 tnt1=  12 tnt2=  10
x1= 369 x2= 369 y1= 580 y2= 578 tnt1=  10 tnt2=  10
x1= 372 x2= 373 y1= 589 y2= 587 tnt1=  10 tnt2=  10
x1= 377 x2= 378 y1= 594 y2= 590 tnt1=  11 tnt2=  11
x1= 383 x2= 385 y1= 590 y2= 588 tnt1=  12 tnt2=  12
x1= 386 x2= 387 y1= 592 y2= 590 tnt1=  11 tnt2=  12
x1= 389 x2= 393 y1= 592 y2= 589 tnt1=  12 tnt2=  12
x1= 394 x2= 394 y1= 590 y2= 586 tnt1=  15 tnt2=  12
x1= 397 x2= 398 y1= 581 y2= 580 tnt1=  13 tnt2=  13
x1= 403 x2= 402 y1= 577 y2= 574 tnt1=  13 tnt2=  13
x1=1023 x2=1023 y1= 853 y2= 987 tnt1=1023 tnt2=1023
x1=1023 x2=1023 y1= 909 y2= 947 tnt1=1023 tnt2=1023
x1=1023 x2=1023 y1= 823 y2= 976 tnt1=1023 tnt2=1023
x1=1023 x2=1023 y1= 875 y2=1023 tnt1=1023 tnt2=1023
x1=1023 x2=1023 y1= 917 y2= 998 tnt1=1023 tnt2=1023
x1=1023 x2=1023 y1= 861 y2= 983 tnt1=1023 tnt2=1022
x1=1023 x2=1023 y1= 827 y2= 977 tnt1=1023 tnt2=1023
x1=1023 x2=1022 y1= 923 y2=1003 tnt1=1023 tnt2=1023
x1=1023 x2=1023 y1= 898 y2=1023 tnt1=1023 tnt2=1023
x1=1023 x2=1023 y1= 922 y2= 946 tnt1=1023 tnt2=1023
x1=1023 x2=1023 y1= 879 y2=1023 tnt1=1023 tnt2=1023
x1=1023 x2=1023 y1= 844 y2= 981 tnt1=1021 tnt2=1023
x1=1023 x2=1023 y1= 874 y2= 987 tnt1=1023 tnt2=1019
x1=1023 x2=1023 y1= 902 y2= 962 tnt1=1023 tnt2=1023
x1=1023 x2=1023 y1= 935 y2=1002 tnt1=1023 tnt2=1023
x1=1023 x2=1023 y1= 913 y2= 938 tnt1=1023 tnt2=1023
x1=1023 x2=1020 y1= 940 y2=1005 tnt1=1023 tnt2=1023
x1=1023 x2=1023 y1= 893 y2= 992 tnt1=1023 tnt2=1021
x1=1023 x2=1022 y1= 928 y2=1003 tnt1=1023 tnt2=1020
x1=1023 x2=1023 y1= 864 y2= 989 tnt1=1023 tnt2=1023
x1=1023 x2=1023 y1= 910 y2=1014 tnt1=1023 tnt2=1023
x1=1023 x2=1023 y1= 869 y2= 985 tnt1=1023 tnt2=1021
x1=1023 x2=1023 y1= 910 y2= 965 tnt1=1023 tnt2=1023
x1=1023 x2=1023 y1= 851 y2= 986 tnt1=1023 tnt2=1023
x1=1023 x2=1023 y1= 925 y2= 993 tnt1=1023 tnt2=1023
x1=1023 x2=1023 y1= 844 y2= 982 tnt1=1020 tnt2=1023
x1=1023 x2=1023 y1= 916 y2=1000 tnt1=1023 tnt2=1023
x1=1023 x2=1023 y1= 865 y2=1023 tnt1=1023 tnt2=1023
x1=1023 x2=1023 y1= 869 y2=1023 tnt1=1023 tnt2=1023
x1=1023 x2=1023 y1= 883 y2=1017 tnt1=1022 tnt2=1023
x1=1023 x2=1023 y1= 909 y2= 939 tnt1=1023 tnt2=1023
x1=1023 x2=1023 y1= 870 y2= 990 tnt1=1023 tnt2=1020
x1=1023 x2=1023 y1= 818 y2= 980 tnt1=1022 tnt2=1023
x1= 321 x2= 324 y1= 719 y2= 716 tnt1=  12 tnt2=  10
x1= 323 x2= 325 y1= 713 y2= 714 tnt1=  11 tnt2=  12
x1= 327 x2= 325 y1= 715 y2= 713 tnt1=  12 tnt2=  12
x1= 335 x2= 337 y1= 716 y2= 715 tnt1=  11 tnt2=  12
x1= 342 x2= 340 y1= 721 y2= 718 tnt1=  11 tnt2=  12
x1= 350 x2= 353 y1= 725 y2= 722 tnt1=  12 tnt2=  12
x1= 357 x2= 359 y1= 725 y2= 724 tnt1=  12 tnt2=  12
x1= 364 x2= 365 y1= 727 y2= 725 tnt1=  12 tnt2=  12
x1= 370 x2= 372 y1= 733 y2= 724 tnt1=  12 tnt2=  12
x1= 377 x2= 380 y1= 723 y2= 720 tnt1=  12 tnt2=  12
x1= 385 x2= 387 y1= 715 y2= 714 tnt1=  12 tnt2=  12
x1= 390 x2= 395 y1= 708 y2= 706 tnt1=  12 tnt2=  12
x1= 401 x2= 402 y1= 694 y2= 694 tnt1=  12 tnt2=  13
x1= 410 x2= 412 y1= 680 y2= 680 tnt1=  12 tnt2=  13
x1= 418 x2= 420 y1= 663 y2= 658 tnt1=  13 tnt2=  13
x1= 426 x2= 428 y1= 640 y2= 638 tnt1=  12 tnt2=  13
x1= 434 x2= 434 y1= 640 y2= 611 tnt1=  15 tnt2=  13
x1= 438 x2= 438 y1= 582 y2= 581 tnt1=  13 tnt2=  13
x1= 440 x2= 443 y1= 549 y2= 547 tnt1=  13 tnt2=  13
x1= 440 x2= 440 y1= 513 y2= 514 tnt1=  14 tnt2=  13
x1= 438 x2= 438 y1= 481 y2= 478 tnt1=  13 tnt2=  14
x1= 435 x2= 433 y1= 444 y2= 444 tnt1=  13 tnt2=  14
x1= 429 x2= 427 y1= 411 y2= 415 tnt1=  13 tnt2=  14
x1= 422 x2= 420 y1= 390 y2= 384 tnt1=  15 tnt2=  14
x1= 417 x2= 412 y1= 343 y2= 355 tnt1=   9 tnt2=  14
x1= 403 x2= 401 y1= 321 y2= 318 tnt1=  15 tnt2=  14
x1= 395 x2= 394 y1= 301 y2= 298 tnt1=  13 tnt2=  15
x1= 385 x2= 382 y1= 276 y2= 270 tnt1=  15 tnt2=  15
x1= 376 x2= 373 y1= 250 y2= 258 tnt1=  15 tnt2=  15
x1= 370 x2= 367 y1= 234 y2= 229 tnt1=  16 tnt2=  16
x1= 364 x2= 360 y1= 222 y2= 219 tnt1=  15 tnt2=  12
x1= 359 x2= 355 y1= 216 y2= 214 tnt1=  15 tnt2=  16
x1= 354 x2= 350 y1= 215 y2= 212 tnt1=  16 tnt2=  12
x1= 348 x2= 344 y1= 219 y2= 214 tnt1=  15 tnt2=  16
x1= 340 x2= 336 y1= 226 y2= 223 tnt1=  16 tnt2=  15
x1= 330 x2= 327 y1= 240 y2= 235 tnt1=  15 tnt2=  15
x1= 317 x2= 314 y1= 256 y2= 256 tnt1=  14 tnt2=  14
x1= 301 x2= 298 y1= 285 y2= 269 tnt1=  14 tnt2=  14
x1= 283 x2= 281 y1= 311 y2= 326 tnt1=  14 tnt2=  14
x1= 264 x2= 262 y1= 331 y2= 328 tnt1=  13 tnt2=  13
x1= 243 x2= 241 y1= 351 y2= 351 tnt1=  14 tnt2=  13
x1= 222 x2= 220 y1= 369 y2= 362 tnt1=  14 tnt2=  13
x1= 204 x2= 203 y1= 381 y2= 386 tnt1=  13 tnt2=  13
x1= 185 x2= 187 y1= 392 y2= 386 tnt1=  13 tnt2=  13
x1= 175 x2= 173 y1= 403 y2= 396 tnt1=  13 tnt2=  14
x1= 164 x2= 163 y1= 414 y2= 408 tnt1=  12 tnt2=  13
x1= 157 x2= 159 y1= 425 y2= 420 tnt1=  13 tnt2=  11
x1= 153 x2= 152 y1= 444 y2= 438 tnt1=  13 tnt2=  14
x1= 153 x2= 152 y1= 458 y2= 453 tnt1=  14 tnt2=  13
x1= 153 x2= 152 y1= 482 y2= 473 tnt1=  14 tnt2=  13
x1= 152 x2= 152 y1= 503 y2= 494 tnt1=  14 tnt2=  14
x1= 153 x2= 156 y1= 522 y2= 541 tnt1=  13 tnt2=  14
x1= 154 x2= 155 y1= 545 y2= 544 tnt1=  13 tnt2=  12
x1= 155 x2= 156 y1= 577 y2= 571 tnt1=  13 tnt2=  13
x1= 155 x2= 159 y1= 603 y2= 600 tnt1=  13 tnt2=  13
x1= 161 x2= 162 y1= 634 y2= 628 tnt1=  13 tnt2=  13
x1= 167 x2= 167 y1= 663 y2= 660 tnt1=  12 tnt2=  12
x1= 170 x2= 172 y1= 696 y2= 692 tnt1=  12 tnt2=  12
x1= 172 x2= 174 y1= 725 y2= 720 tnt1=  11 tnt2=  12
x1= 173 x2= 176 y1= 753 y2= 744 tnt1=  11 tnt2=  11
x1= 176 x2= 179 y1= 767 y2= 766 tnt1=  10 tnt2=  11
x1= 181 x2= 182 y1= 782 y2= 780 tnt1=  10 tnt2=  10
x1= 183 x2= 187 y1= 795 y2= 790 tnt1=  10 tnt2=  10
x1= 188 x2= 194 y1= 797 y2= 796 tnt1=  10 tnt2=  10
x1= 202 x2= 205 y1= 798 y2= 796 tnt1=  10 tnt2=  10
x1= 215 x2= 220 y1= 795 y2= 800 tnt1=  10 tnt2=  11
x1= 234 x2= 236 y1= 787 y2= 785 tnt1=  10 tnt2=  11
x1= 254 x2= 257 y1= 776 y2= 775 tnt1=  12 tnt2=  11
x1= 278 x2= 282 y1= 763 y2= 760 tnt1=  11 tnt2=  12
x1= 303 x2= 305 y1= 746 y2= 743 tnt1=  12 tnt2=  12
x1= 326 x2= 328 y1= 731 y2= 727 tnt1=  12 tnt2=  12
x1= 345 x2= 347 y1= 735 y2= 714 tnt1=  13 tnt2=  12
x1= 362 x2= 364 y1= 705 y2= 713 tnt1=  12 tnt2=  12
x1= 377 x2= 379 y1= 690 y2= 697 tnt1=  13 tnt2=  12
x1= 387 x2= 390 y1= 692 y2= 693 tnt1=  12 tnt2=  12
x1= 401 x2= 403 y1= 690 y2= 689 tnt1=  13 tnt2=  13
x1=1023 x2=1023 y1= 856 y2= 988 tnt1=1023 tnt2=1023
x1=1023 x2=1023 y1= 897 y2=1023 tnt1=1023 tnt2=1023
x1=1023 x2=1023 y1= 850 y2= 980 tnt1=1021 tnt2=1023
x1=1023 x2=1023 y1= 914 y2= 994 tnt1=1023 tnt2=1023
x1=1023 x2=1023 y1= 882 y2= 973 tnt1=1011 tnt2=1023
x1=1023 x2=1021 y1= 927 y2= 999 tnt1=1023 tnt2=1023
x1=1023 x2=1023 y1= 923 y2=1023 tnt1=1023 tnt2=1023
x1=1023 x2=1023 y1= 925 y2=1000 tnt1=1023 tnt2=1020
x1=1023 x2=1023 y1= 882 y2=1023 tnt1=1023 tnt2=1023
x1=1023 x2=1021 y1= 939 y2=1002 tnt1=1023 tnt2=1023
x1=1023 x2=1023 y1= 869 y2=1023 tnt1=1023 tnt2=1023
x1=1023 x2=1023 y1= 900 y2= 948 tnt1=1023 tnt2=1023
x1=1023 x2=1023 y1= 863 y2= 988 tnt1=1023 tnt2=1018
x1=1023 x2=1023 y1= 906 y2= 966 tnt1=1023 tnt2=1023
x1=1023 x2=1023 y1= 851 y2= 986 tnt1=1023 tnt2=1023
x1=1023 x2=1023 y1= 917 y2= 943 tnt1=1023 tnt2=1023
x1=1023 x2=1023 y1= 899 y2=1023 tnt1=1023 tnt2=1023
x1=1023 x2=1023 y1= 910 y2= 938 tnt1=1023 tnt2=1023
x1=1023 x2=1023 y1= 942 y2=1012 tnt1=1023 tnt2=1023
x1=1023 x2=1023 y1= 882 y2=1023 tnt1=1023 tnt2=1023
x1=1023 x2=1023 y1= 891 y2=1017 tnt1=1023 tnt2=1023
x1=1023 x2=1023 y1= 856 y2= 981 tnt1=1023 tnt2=1023
x1=1023 x2=1023 y1= 876 y2=1023 tnt1=1023 tnt2=1023
x1=1023 x2=1023 y1= 868 y2= 991 tnt1=1023 tnt2=1023
x1=1023 x2=1023 y1= 915 y2= 933 tnt1=1023 tnt2=1023
x1=1023 x2=1023 y1= 860 y2= 981 tnt1=1023 tnt2=1023
x1=1023 x2=1023 y1= 917 y2=1001 tnt1=1023 tnt2=1023
x1=1023 x2=1022 y1= 934 y2=1001 tnt1=1023 tnt2=1023
x1=1023 x2=1022 y1= 921 y2=1001 tnt1=1023 tnt2=1023
x1= 782 x2= 782 y1= 329 y2= 332 tnt1=  14 tnt2=  13
x1= 799 x2= 797 y1= 330 y2= 333 tnt1=  14 tnt2=  14
x1= 816 x2= 814 y1= 329 y2= 336 tnt1=  14 tnt2=  14
x1= 830 x2= 828 y1= 331 y2= 334 tnt1=  13 tnt2=  14
x1= 840 x2= 839 y1= 329 y2= 335 tnt1=  12 tnt2=  13
x1= 848 x2= 848 y1= 320 y2= 329 tnt1=  12 tnt2=  13
x1= 849 x2= 849 y1= 320 y2= 325 tnt1=  13 tnt2=  13
x1=1023 x2=1023 y1= 885 y2= 965 tnt1=1023 tnt2=1023
x1=1023 x2=1023 y1= 849 y2= 983 tnt1=1023 tnt2=1023
x1=1023 x2=1023 y1= 902 y2= 958 tnt1=1023 tnt2=1023
x1=1023 x2=1023 y1= 933 y2=1010 tnt1=1023 tnt2=1023
x1=1023 x2=1023 y1= 907 y2= 995 tnt1=1023 tnt2=1023
x1=1023 x2=1023 y1= 887 y2=1018 tnt1=1023 tnt2=1023
x1=1023 x2=1023 y1= 846 y2= 979 tnt1=1023 tnt2=1023
x1=1023 x2=1023 y1= 920 y2=1014 tnt1=1021 tnt2=1023
x1=1023 x2=1023 y1= 915 y2= 997 tnt1=1023 tnt2=1023
x1=1023 x2=1023 y1= 889 y2=1022 tnt1=1022 tnt2=1023
x1=1023 x2=1021 y1= 839 y2= 984 tnt1=1023 tnt2=1023
x1= 798 x2= 796 y1= 189 y2= 194 tnt1=  16 tnt2=  16
x1= 797 x2= 796 y1= 180 y2= 194 tnt1=  15 tnt2=  16
x1= 797 x2= 795 y1= 191 y2= 192 tnt1=  15 tnt2=  16
x1= 798 x2= 796 y1= 192 y2= 199 tnt1=  13 tnt2=  16
x1= 802 x2= 800 y1= 198 y2= 201 tnt1=  12 tnt2=  15
x1= 806 x2= 805 y1= 201 y2= 208 tnt1=  15 tnt2=  15
x1= 809 x2= 808 y1= 207 y2= 194 tnt1=  14 tnt2=  16
x1= 813 x2= 810 y1= 214 y2= 220 tnt1=  14 tnt2=  14
x1= 816 x2= 814 y1= 223 y2= 229 tnt1=  14 tnt2=  14
x1= 818 x2= 817 y1= 237 y2= 241 tnt1=  14 tnt2=  13
x1= 822 x2= 821 y1= 259 y2= 258 tnt1=  13 tnt2=  13
x1= 827 x2= 825 y1= 273 y2= 279 tnt1=  13 tnt2=   0
x1= 830 x2= 829 y1= 299 y2= 305 tnt1=  12 tnt2=  13
x1= 839 x2= 833 y1= 333 y2= 337 tnt1=  13 tnt2=  13
x1= 837 x2= 836 y1= 367 y2= 395 tnt1=  12 tnt2=  13
x1= 841 x2= 839 y1= 407 y2= 413 tnt1=  13 tnt2=  13
x1= 842 x2= 842 y1= 456 y2= 458 tnt1=  13 tnt2=  13
x1= 843 x2= 842 y1= 500 y2= 502 tnt1=  10 tnt2=  12
x1= 842 x2= 841 y1= 546 y2= 550 tnt1=  13 tnt2=  12
x1= 838 x2= 838 y1= 589 y2= 594 tnt1=  12 tnt2=  12
x1= 832 x2= 832 y1= 630 y2= 633 tnt1=  11 tnt2=  12
x1= 824 x2= 825 y1= 663 y2= 667 tnt1=  11 tnt2=  11
x1= 814 x2= 815 y1= 693 y2= 695 tnt1=  11 tnt2=  11
x1= 803 x2= 803 y1= 714 y2= 717 tnt1=  11 tnt2=  13
x1= 789 x2= 790 y1= 732 y2= 735 tnt1=  11 tnt2=  12
x1= 774 x2= 775 y1= 746 y2= 747 tnt1=  11 tnt2=  14
x1= 755 x2= 757 y1= 754 y2= 755 tnt1=  11 tnt2=  12
x1= 736 x2= 735 y1= 759 y2= 760 tnt1=  11 tnt2=  12
x1= 715 x2= 717 y1= 761 y2= 763 tnt1=  12 tnt2=  13
x1= 690 x2= 692 y1= 764 y2= 760 tnt1=  11 tnt2=  12
x1= 664 x2= 665 y1= 761 y2= 754 tnt1=  13 tnt2=  13
x1= 636 x2= 637 y1= 746 y2= 748 tnt1=  12 tnt2=  10
x1= 605 x2= 607 y1= 742 y2= 742 tnt1=  12 tnt2=  12
x1= 541 x2= 576 y1= 739 y2= 738 tnt1=  13 tnt2=  13
x1= 542 x2= 545 y1= 736 y2= 737 tnt1=  13 tnt2=   9
x1= 512 x2= 514 y1= 739 y2= 735 tnt1=  13 tnt2=  13
x1= 481 x2= 483 y1= 744 y2= 742 tnt1=  13 tnt2=  13
x1= 452 x2= 454 y1= 746 y2= 747 tnt1=  13 tnt2=  14
x1= 424 x2= 426 y1= 754 y2= 750 tnt1=  12 tnt2=  13
x1= 398 x2= 401 y1= 753 y2= 752 tnt1=  13 tnt2=  12
x1= 373 x2= 375 y1= 756 y2= 754 tnt1=  13 tnt2=  12
x1= 349 x2= 351 y1= 757 y2= 754 tnt1=  12 tnt2=  11
x1= 326 x2= 327 y1= 752 y2= 751 tnt1=  12 tnt2=  12
x1= 298 x2= 305 y1= 744 y2= 743 tnt1=  12 tnt2=  12
x1= 272 x2= 274 y1= 730 y2= 729 tnt1=  12 tnt2=  12
x1= 246 x2= 249 y1= 710 y2= 708 tnt1=  11 tnt2=  12
x1= 224 x2= 225 y1= 685 y2= 681 tnt1=  12 tnt2=  12
x1= 203 x2= 205 y1= 655 y2= 650 tnt1=  12 tnt2=  12
x1= 187 x2= 188 y1= 619 y2= 613 tnt1=  12 tnt2=  12
x1= 173 x2= 174 y1= 577 y2= 571 tnt1=  12 tnt2=  13
x1= 164 x2= 164 y1= 532 y2= 528 tnt1=  13 tnt2=  14
x1= 162 x2= 161 y1= 490 y2= 483 tnt1=  14 tnt2=  14
x1= 166 x2= 165 y1= 458 y2= 450 tnt1=  16 tnt2=  14
x1= 176 x2= 175 y1= 428 y2= 421 tnt1=  13 tnt2=  13
x1= 191 x2= 191 y1= 414 y2= 401 tnt1=  13 tnt2=  13
x1= 214 x2= 214 y1= 393 y2= 387 tnt1=  13 tnt2=  14
x1= 241 x2= 240 y1= 378 y2= 374 tnt1=  14 tnt2=  14
x1= 269 x2= 268 y1= 367 y2= 361 tnt1=  15 tnt2=  13
x1= 300 x2= 299 y1= 350 y2= 346 tnt1=  14 tnt2=  15
x1= 334 x2= 332 y1= 331 y2= 330 tnt1=  14 tnt2=  14
x1= 367 x2= 367 y1= 318 y2= 316 tnt1=  15 tnt2=  15
x1= 406 x2= 405 y1= 312 y2= 310 tnt1=  13 tnt2=  15
x1= 446 x2= 444 y1= 311 y2= 311 tnt1=  13 tnt2=  15
x1= 487 x2= 487 y1= 320 y2= 320 tnt1=  16 tnt2=  15
x1= 533 x2= 533 y1= 341 y2= 339 tnt1=  14 tnt2=  15
x1= 578 x2= 573 y1= 362 y2= 363 tnt1=  15 tnt2=  16
x1=1023 x2=1023 y1= 871 y2= 976 tnt1=1021 tnt2=1023
x1=1023 x2=1023 y1= 873 y2=1023 tnt1=1023 tnt2=1023
x1=1023 x2=1023 y1= 879 y2= 966 tnt1=1022 tnt2=1023
x1=1023 x2=1023 y1= 924 y2=1001 tnt1=1023 tnt2=1023
x1=1023 x2=1023 y1= 925 y2= 961 tnt1=1023 tnt2=1023
x1=1023 x2=1023 y1= 940 y2=1006 tnt1=1023 tnt2=1023
x1=1023 x2=1023 y1= 894 y2= 965 tnt1=1023 tnt2=1023
x1=1023 x2=1023 y1= 940 y2=1007 tnt1=1023 tnt2=1023
x1=1023 x2=1023 y1= 875 y2= 991 tnt1=1023 tnt2=1021
x1=1023 x2=1023 y1= 899 y2= 943 tnt1=1023 tnt2=1023
x1=1023 x2=1023 y1= 854 y2= 981 tnt1=1023 tnt2=1023
x1=1023 x2=1023 y1= 910 y2= 964 tnt1=1023 tnt2=1023
x1=1023 x2=1023 y1= 869 y2= 985 tnt1=1023 tnt2=1023
x1=1023 x2=1023 y1= 910 y2= 943 tnt1=1023 tnt2=1023
x1=1023 x2=1023 y1= 865 y2= 983 tnt1=1023 tnt2=1018
x1=1023 x2=1023 y1= 925 y2=1003 tnt1=1023 tnt2=1023
x1=1023 x2=1022 y1= 930 y2=1002 tnt1=1023 tnt2=1023
x1=1023 x2=1023 y1= 922 y2=1002 tnt1=1023 tnt2=1023
x1=1023 x2=1023 y1= 890 y2=1023 tnt1=1023 tnt2=1023
x1=1023 x2=1023 y1= 856 y2= 986 tnt1=1021 tnt2=1023
x1=1023 x2=1023 y1= 873 y2=1023 tnt1=1023 tnt2=1023
x1= 779 x2= 777 y1= 335 y2= 342 tnt1=  13 tnt2=  14
x1= 772 x2= 771 y1= 334 y2= 338 tnt1=  14 tnt2=  14
x1= 762 x2= 761 y1= 331 y2= 334 tnt1=  13 tnt2=  14
x1= 744 x2= 744 y1= 319 y2= 324 tnt1=  11 tnt2=  13
x1= 721 x2= 720 y1= 308 y2= 310 tnt1=  14 tnt2=  14
x1= 699 x2= 692 y1= 294 y2= 296 tnt1=  15 tnt2=  15
x1= 679 x2= 677 y1= 281 y2= 284 tnt1=  15 tnt2=  15
x1= 660 x2= 659 y1= 268 y2= 271 tnt1=  15 tnt2=  15
x1= 646 x2= 643 y1= 258 y2= 259 tnt1=  15 tnt2=  14
x1= 635 x2= 632 y1= 250 y2= 251 tnt1=  15 tnt2=  14
x1= 627 x2= 625 y1= 243 y2= 240 tnt1=  15 tnt2=  16
x1= 625 x2= 622 y1= 239 y2= 222 tnt1=  15 tnt2=  15
x1= 624 x2= 623 y1= 238 y2= 238 tnt1=  15 tnt2=  15
x1= 623 x2= 622 y1= 238 y2= 239 tnt1=  15 tnt2=  15
x1= 627 x2= 625 y1= 239 y2= 240 tnt1=  16 tnt2=  16
x1= 642 x2= 639 y1= 245 y2= 245 tnt1=  15 tnt2=  12
x1= 650 x2= 648 y1= 252 y2= 251 tnt1=  16 tnt2=  15
x1= 668 x2= 666 y1= 260 y2= 263 tnt1=  15 tnt2=  15
x1= 692 x2= 690 y1= 281 y2= 284 tnt1=  13 tnt2=  15
x1= 717 x2= 715 y1= 311 y2= 315 tnt1=  14 tnt2=  14
x1= 742 x2= 740 y1= 353 y2= 358 tnt1=  13 tnt2=  13
x1= 764 x2= 762 y1= 404 y2= 418 tnt1=  14 tnt2=  14
x1= 780 x2= 781 y1= 456 y2= 460 tnt1=  12 tnt2=   9
x1= 791 x2= 791 y1= 504 y2= 509 tnt1=  10 tnt2=  11
x1= 795 x2= 786 y1= 558 y2= 560 tnt1=  12 tnt2=  12
x1= 792 x2= 791 y1= 581 y2= 590 tnt1=  10 tnt2=  11
x1= 781 x2= 793 y1= 597 y2= 601 tnt1=  12 tnt2=  11
x1= 767 x2= 768 y1= 592 y2= 596 tnt1=  12 tnt2=  12
x1= 753 x2= 749 y1= 569 y2= 572 tnt1=  13 tnt2=  13
x1= 739 x2= 738 y1= 531 y2= 521 tnt1=  13 tnt2=  12
x1= 724 x2= 723 y1= 487 y2= 485 tnt1=  13 tnt2=  13
x1= 710 x2= 709 y1= 431 y2= 433 tnt1=  14 tnt2=  13
x1= 695 x2= 694 y1= 382 y2= 385 tnt1=  20 tnt2=  14
x1= 681 x2= 679 y1= 341 y2= 344 tnt1=  14 tnt2=  13
x1= 669 x2= 667 y1= 315 y2= 315 tnt1=  14 tnt2=  15
x1= 649 x2= 654 y1= 303 y2= 302 tnt1=  14 tnt2=  14
x1= 644 x2= 642 y1= 299 y2= 299 tnt1=  15 tnt2=  15
x1= 633 x2= 630 y1= 305 y2= 307 tnt1=  14 tnt2=  15
x1= 622 x2= 620 y1= 317 y2= 318 tnt1=  13 tnt2=  15
x1= 615 x2= 613 y1= 334 y2= 334 tnt1=  13 tnt2=  14
x1= 611 x2= 609 y1= 353 y2= 354 tnt1=  15 tnt2=  14
x1= 611 x2= 610 y1= 375 y2= 377 tnt1=  13 tnt2=  14
x1= 605 x2= 616 y1= 403 y2= 404 tnt1=  13 tnt2=  14
x1= 632 x2= 627 y1= 433 y2= 435 tnt1=  13 tnt2=  13
x1= 641 x2= 641 y1= 466 y2= 469 tnt1=  13 tnt2=  13
x1= 658 x2= 658 y1= 502 y2= 525 tnt1=  13 tnt2=  14
x1= 679 x2= 679 y1= 533 y2= 536 tnt1=  13 tnt2=  13
x1= 693 x2= 704 y1= 560 y2= 564 tnt1=  13 tnt2=  14
x1= 730 x2= 730 y1= 583 y2= 588 tnt1=  13 tnt2=  13
x1= 752 x2= 749 y1= 597 y2= 600 tnt1=  13 tnt2=  13
x1= 763 x2= 763 y1= 604 y2= 606 tnt1=  13 tnt2=  12
x1= 765 x2= 766 y1= 599 y2= 602 tnt1=  12 tnt2=  12
x1= 764 x2= 762 y1= 588 y2= 591 tnt1=  12 tnt2=  14
x1= 754 x2= 753 y1= 569 y2= 573 tnt1=  13 tnt2=  12
x1= 741 x2= 741 y1= 548 y2= 551 tnt1=  13 tnt2=  12
x1= 725 x2= 725 y1= 523 y2= 525 tnt1=  12 tnt2=  13
x1= 708 x2= 707 y1= 496 y2= 500 tnt1=  12 tnt2=  12
x1= 691 x2= 690 y1= 477 y2= 474 tnt1=  11 tnt2=  13
x1= 674 x2= 674 y1= 465 y2= 466 tnt1=  13 tnt2=  13
x1= 661 x2= 661 y1= 460 y2= 451 tnt1=  12 tnt2=  13
x1= 646 x2= 646 y1= 467 y2= 471 tnt1=  13 tnt2=  13
x1= 637 x2= 637 y1= 480 y2= 483 tnt1=  12 tnt2=  15
x1= 628 x2= 627 y1= 499 y2= 501 tnt1=  13 tnt2=  13
x1= 622 x2= 622 y1= 511 y2= 512 tnt1=  12 tnt2=  13
x1= 617 x2= 617 y1= 521 y2= 524 tnt1=  12 tnt2=  13
x1= 610 x2= 610 y1= 531 y2= 530 tnt1=  13 tnt2=  13
x1= 605 x2= 605 y1= 532 y2= 558 tnt1=  12 tnt2=  14
x1= 599 x2= 596 y1= 526 y2= 528 tnt1=  12 tnt2=  13
x1= 588 x2= 587 y1= 518 y2= 518 tnt1=  13 tnt2=  14
x1= 580 x2= 580 y1= 500 y2= 501 tnt1=  13 tnt2=  13
x1= 575 x2= 573 y1= 479 y2= 480 tnt1=  14 tnt2=  14
x1= 570 x2= 570 y1= 455 y2= 455 tnt1=  14 tnt2=  14
x1= 569 x2= 565 y1= 430 y2= 430 tnt1=  15 tnt2=  14
x1= 567 x2= 565 y1= 410 y2= 409 tnt1=  15 tnt2=  14
x1= 565 x2= 564 y1= 399 y2= 395 tnt1=  14 tnt2=  14
x1= 564 x2= 563 y1= 387 y2= 388 tnt1=  15 tnt2=  14
x1= 564 x2= 562 y1= 386 y2= 387 tnt1=  13 tnt2=  14
x1= 563 x2= 562 y1= 388 y2= 389 tnt1=  14 tnt2=  14
x1= 563 x2= 561 y1= 393 y2= 393 tnt1=  14 tnt2=  15
x1= 564 x2= 563 y1= 400 y2= 401 tnt1=  14 tnt2=  14
x1= 566 x2= 566 y1= 406 y2= 405 tnt1=  15 tnt2=  14
x1=1023 x2=1023 y1= 880 y2= 967 tnt1=1022 tnt2=1023
x1=1023 x2=1023 y1= 922 y2= 995 tnt1=1023 tnt2=1023
x1=1023 x2=1023 y1= 884 y2=1023 tnt1=1023 tnt2=1023
x1=1023 x2=1021 y1= 925 y2=1002 tnt1=1023 tnt2=1023
x1=1023 x2=1023 y1= 864 y2= 982 tnt1=1023 tnt2=1023
x1=1023 x2=1023 y1= 841 y2= 978 tnt1=1023 tnt2=1023
x1=1023 x2=1023 y1= 871 y2=1023 tnt1=1023 tnt2=1023
x1=1023 x2=1023 y1= 845 y2= 979 tnt1=1020 tnt2=1023
x1=1023 x2=1023 y1= 871 y2= 985 tnt1=1023 tnt2=1020
x1=1023 x2=1023 y1= 896 y2= 971 tnt1=1023 tnt2=1023
x1=1023 x2=1023 y1= 885 y2=1017 tnt1=1023 tnt2=1023
x1=1023 x2=1023 y1= 916 y2= 943 tnt1=1023 tnt2=1023
x1= 564 x2= 564 y1= 515 y2= 516 tnt1=  13 tnt2=  14
x1= 566 x2= 566 y1= 520 y2= 519 tnt1=  13 tnt2=  14
x1= 570 x2= 570 y1= 522 y2= 523 tnt1=  14 tnt2=  14
x1= 573 x2= 572 y1= 523 y2= 524 tnt1=  14 tnt2=  10
x1= 575 x2= 575 y1= 526 y2= 525 tnt1=  15 tnt2=  14
x1= 576 x2= 578 y1= 525 y2= 526 tnt1=  13 tnt2=  13
x1= 579 x2= 579 y1= 525 y2= 526 tnt1=  11 tnt2=  13
x1= 582 x2= 581 y1= 527 y2= 526 tnt1=  13 tnt2=  13
x1= 586 x2= 587 y1= 526 y2= 526 tnt1=  14 tnt2=  14
x1= 595 x2= 596 y1= 526 y2= 527 tnt1=  14 tnt2=  14
x1= 601 x2= 601 y1= 524 y2= 525 tnt1=  12 tnt2=  16
x1= 610 x2= 609 y1= 523 y2= 525 tnt1=  14 tnt2=  14
x1= 619 x2= 619 y1= 523 y2= 524 tnt1=  14 tnt2=  14
x1= 626 x2= 628 y1= 523 y2= 523 tnt1=  14 tnt2=  14
x1= 638 x2= 643 y1= 522 y2= 524 tnt1=  14 tnt2=  14
x1= 651 x2= 651 y1= 525 y2= 530 tnt1=  14 tnt2=  13
x1= 665 x2= 664 y1= 536 y2= 536 tnt1=  13 tnt2=  13
x1= 677 x2= 680 y1= 545 y2= 547 tnt1=  13 tnt2=  13
x1= 697 x2= 697 y1= 561 y2= 564 tnt1=  13 tnt2=  13
x1= 715 x2= 716 y1= 580 y2= 583 tnt1=  13 tnt2=   3
x1= 738 x2= 739 y1= 602 y2= 610 tnt1=  12 tnt2=  13
x1= 754 x2= 754 y1= 625 y2= 628 tnt1=  12 tnt2=  13
x1= 763 x2= 764 y1= 638 y2= 643 tnt1=  13 tnt2=  12
x1= 765 x2= 765 y1= 645 y2= 647 tnt1=  12 tnt2=  10
x1= 765 x2= 765 y1= 646 y2= 648 tnt1=  11 tnt2=  12
x1= 755 x2= 755 y1= 640 y2= 640 tnt1=  12 tnt2=  12
x1= 735 x2= 735 y1= 618 y2= 618 tnt1=  12 tnt2=  12
x1= 712 x2= 711 y1= 589 y2= 592 tnt1=  12 tnt2=  12
x1= 687 x2= 689 y1= 557 y2= 560 tnt1=  12 tnt2=   5
x1= 661 x2= 661 y1= 526 y2= 527 tnt1=  16 tnt2=  12
x1= 638 x2= 640 y1= 497 y2= 498 tnt1=  13 tnt2=  13
x1= 618 x2= 618 y1= 470 y2= 454 tnt1=  13 tnt2=  14
x1= 602 x2= 601 y1= 450 y2= 452 tnt1=  13 tnt2=  15
x1= 588 x2= 587 y1= 438 y2= 440 tnt1=  15 tnt2=  14
x1= 577 x2= 577 y1= 434 y2= 435 tnt1=  13 tnt2=  14
x1= 569 x2= 565 y1= 436 y2= 438 tnt1=  13 tnt2=  14
x1= 563 x2= 562 y1= 446 y2= 449 tnt1=  13 tnt2=  14
x1= 561 x2= 560 y1= 460 y2= 461 tnt1=  13 tnt2=  13
x1= 563 x2= 563 y1= 478 y2= 482 tnt1=  13 tnt2=  13
x1= 569 x2= 569 y1= 501 y2= 501 tnt1=  11 tnt2=  13
x1= 578 x2= 578 y1= 522 y2= 525 tnt1=  13 tnt2=  14
x1= 589 x2= 588 y1= 542 y2= 543 tnt1=  13 tnt2=  13
x1= 593 x2= 594 y1= 556 y2= 558 tnt1=  12 tnt2=  12
x1= 593 x2= 594 y1= 561 y2= 560 tnt1=  11 tnt2=  13
x1= 592 x2= 593 y1= 560 y2= 559 tnt1=  13 tnt2=  13
x1= 582 x2= 582 y1= 548 y2= 538 tnt1=  13 tnt2=  13
x1= 568 x2= 568 y1= 538 y2= 530 tnt1=  14 tnt2=  13
x1= 554 x2= 554 y1= 507 y2= 509 tnt1=  13 tnt2=  13
x1= 539 x2= 539 y1= 492 y2= 491 tnt1=  14 tnt2=  14
x1= 525 x2= 527 y1= 476 y2= 476 tnt1=  13 tnt2=  14
x1= 511 x2= 511 y1= 468 y2= 468 tnt1=  14 tnt2=  14
x1= 498 x2= 497 y1= 467 y2= 468 tnt1=  13 tnt2=  14
x1= 487 x2= 486 y1= 472 y2= 472 tnt1=  14 tnt2=  14
x1= 476 x2= 477 y1= 492 y2= 484 tnt1=  14 tnt2=  14
x1= 473 x2= 472 y1= 499 y2= 502 tnt1=  14 tnt2=  14
x1= 472 x2= 473 y1= 523 y2= 522 tnt1=  14 tnt2=  14
x1= 478 x2= 478 y1= 545 y2= 545 tnt1=  14 tnt2=  14
x1= 488 x2= 488 y1= 567 y2= 567 tnt1=  14 tnt2=  14
x1= 498 x2= 500 y1= 588 y2= 587 tnt1=  14 tnt2=  14
x1= 512 x2= 513 y1= 600 y2= 604 tnt1=  14 tnt2=  14
x1= 527 x2= 527 y1= 613 y2= 614 tnt1=  14 tnt2=  13
x1= 539 x2= 540 y1= 621 y2= 627 tnt1=  14 tnt2=  13
x1= 548 x2= 549 y1= 626 y2= 627 tnt1=  13 tnt2=  11
x1= 552 x2= 553 y1= 628 y2= 629 tnt1=  13 tnt2=  14
x1= 554 x2= 555 y1= 629 y2= 628 tnt1=  13 tnt2=  13
x1= 554 x2= 554 y1= 629 y2= 626 tnt1=  13 tnt2=  13
x1= 545 x2= 546 y1= 620 y2= 621 tnt1=  12 tnt2=  14
x1= 530 x2= 534 y1= 619 y2= 618 tnt1=  14 tnt2=  13
x1= 516 x2= 517 y1= 615 y2= 614 tnt1=  14 tnt2=  15
x1= 498 x2= 499 y1= 645 y2= 619 tnt1=  14 tnt2=  14
x1= 480 x2= 481 y1= 627 y2= 625 tnt1=  15 tnt2=  14
x1= 461 x2= 462 y1= 634 y2= 632 tnt1=  14 tnt2=  14
x1= 437 x2= 439 y1= 634 y2= 634 tnt1=  14 tnt2=  13
x1= 409 x2= 409 y1= 632 y2= 631 tnt1=  14 tnt2=  13
x1= 384 x2= 384 y1= 628 y2= 624 tnt1=  14 tnt2=  14
x1= 358 x2= 359 y1= 618 y2= 616 tnt1=  13 tnt2=  14
x1= 337 x2= 336 y1= 614 y2= 607 tnt1=  13 tnt2=  13
x1= 321 x2= 322 y1= 598 y2= 594 tnt1=  13 tnt2=  13
x1= 312 x2= 313 y1= 583 y2= 580 tnt1=  12 tnt2=  13
x1= 311 x2= 310 y1= 566 y2= 564 tnt1=  12 tnt2=   9
x1= 319 x2= 318 y1= 550 y2= 546 tnt1=  13 tnt2=  13
x1= 334 x2= 334 y1= 533 y2= 528 tnt1=  12 tnt2=  13
x1= 355 x2= 356 y1= 517 y2= 519 tnt1=  13 tnt2=  13
x1= 382 x2= 382 y1= 511 y2= 508 tnt1=  12 tnt2=  13
x1= 413 x2= 414 y1= 514 y2= 512 tnt1=  12 tnt2=  13
x1= 446 x2= 447 y1= 528 y2= 527 tnt1=  14 tnt2=  14
x1= 478 x2= 479 y1= 548 y2= 549 tnt1=  14 tnt2=  14
x1= 507 x2= 508 y1= 570 y2= 569 tnt1=  14 tnt2=  14
x1= 535 x2= 535 y1= 585 y2= 585 tnt1=  14 tnt2=  14
x1= 563 x2= 564 y1= 594 y2= 596 tnt1=  14 tnt2=  15
x1=1023 x2=1023 y1= 950 y2=1010 tnt1=1023 tnt2=1023
x1=1023 x2=1023 y1= 854 y2= 986 tnt1=1023 tnt2=1023
x1=1023 x2=1023 y1= 859 y2= 982 tnt1=1023 tnt2=1023
x1=1023 x2=1023 y1= 866 y2= 984 tnt1=1023 tnt2=1023
x1=1023 x2=1023 y1= 901 y2=1023 tnt1=1023 tnt2=1023
x1=1023 x2=1023 y1= 856 y2= 982 tnt1=1023 tnt2=1023
x1=1023 x2=1021 y1= 936 y2=1003 tnt1=1023 tnt2=1023
x1=1023 x2=1023 y1= 859 y2= 982 tnt1=1023 tnt2=1023
x1=1023 x2=1023 y1= 920 y2= 995 tnt1=1023 tnt2=1023
x1=1023 x2=1023 y1= 899 y2= 964 tnt1=1023 tnt2=1023
x1=1023 x2=1021 y1= 933 y2=1001 tnt1=1023 tnt2=1023
x1=1023 x2=1023 y1= 880 y2=1023 tnt1=1023 tnt2=1023
x1=1023 x2=1021 y1= 932 y2=1001 tnt1=1023 tnt2=1023
x1=1023 x2=1023 y1= 864 y2=1023 tnt1=1023 tnt2=1023
x1= 618 x2= 615 y1= 235 y2= 238 tnt1=  16 tnt2=  16
x1= 617 x2= 616 y1= 231 y2= 233 tnt1=  15 tnt2=  16
x1= 617 x2= 614 y1= 232 y2= 233 tnt1=  11 tnt2=  15
x1= 616 x2= 615 y1= 232 y2= 226 tnt1=  16 tnt2=  15
x1= 617 x2= 615 y1= 232 y2= 231 tnt1=  16 tnt2=  16
x1= 614 x2= 612 y1= 233 y2= 235 tnt1=  16 tnt2=  16
x1= 608 x2= 606 y1= 234 y2= 236 tnt1=  15 tnt2=  13
x1= 602 x2= 599 y1= 235 y2= 237 tnt1=  16 tnt2=  16
x1= 593 x2= 591 y1= 237 y2= 237 tnt1=  16 tnt2=  16
x1= 583 x2= 580 y1= 238 y2= 238 tnt1=  16 tnt2=  16
x1= 572 x2= 571 y1= 237 y2= 236 tnt1=  16 tnt2=  16
x1= 563 x2= 562 y1= 234 y2= 235 tnt1=  14 tnt2=  16
x1= 558 x2= 556 y1= 235 y2= 234 tnt1=  16 tnt2=  11
x1= 552 x2= 550 y1= 236 y2= 236 tnt1=  15 tnt2=  16
x1= 548 x2= 546 y1= 245 y2= 245 tnt1=  16 tnt2=  15
x1= 547 x2= 545 y1= 259 y2= 260 tnt1=  15 tnt2=  17
x1= 553 x2= 549 y1= 276 y2= 283 tnt1=  15 tnt2=  16
x1= 564 x2= 562 y1= 312 y2= 314 tnt1=  13 tnt2=  15
x1= 585 x2= 583 y1= 359 y2= 372 tnt1=  13 tnt2=  14
x1= 598 x2= 597 y1= 382 y2= 382 tnt1=  13 tnt2=  14
x1= 620 x2= 618 y1= 417 y2= 418 tnt1=  14 tnt2=  14
x1= 637 x2= 636 y1= 448 y2= 445 tnt1=  13 tnt2=  14
x1= 649 x2= 648 y1= 459 y2= 461 tnt1=  14 tnt2=  13
x1= 654 x2= 654 y1= 462 y2= 464 tnt1=  13 tnt2=  15
x1= 658 x2= 657 y1= 461 y2= 463 tnt1=  14 tnt2=  13
x1= 658 x2= 658 y1= 447 y2= 450 tnt1=  14 tnt2=  14
x1= 653 x2= 652 y1= 424 y2= 427 tnt1=  12 tnt2=  13
x1= 639 x2= 637 y1= 397 y2= 398 tnt1=  14 tnt2=  14
x1= 621 x2= 619 y1= 364 y2= 364 tnt1=  15 tnt2=  14
x1= 601 x2= 600 y1= 332 y2= 334 tnt1=  15 tnt2=  16
x1= 582 x2= 580 y1= 309 y2= 308 tnt1=  15 tnt2=  15
x1= 564 x2= 562 y1= 289 y2= 289 tnt1=  15 tnt2=  14
x1= 550 x2= 548 y1= 278 y2= 278 tnt1=  15 tnt2=  15
x1= 539 x2= 537 y1= 274 y2= 275 tnt1=  16 tnt2=  16
x1= 530 x2= 527 y1= 281 y2= 280 tnt1=  15 tnt2=  15
x1= 526 x2= 524 y1= 293 y2= 294 tnt1=  15 tnt2=  14
x1= 526 x2= 524 y1= 314 y2= 315 tnt1=  15 tnt2=  15
x1= 532 x2= 528 y1= 342 y2= 339 tnt1=  14 tnt2=  15
x1= 542 x2= 539 y1= 369 y2= 370 tnt1=  14 tnt2=  14
x1= 551 x2= 550 y1= 398 y2= 401 tnt1=  14 tnt2=  14
x1=1023 x2=1023 y1= 900 y2= 993 tnt1=1023 tnt2=1021
x1=1023 x2=1023 y1= 860 y2= 982 tnt1=1023 tnt2=1021
x1=1023 x2=1022 y1= 930 y2=1000 tnt1=1023 tnt2=1023
x1= 586 x2= 586 y1= 505 y2= 509 tnt1=  14 tnt2=  14
x1= 586 x2= 586 y1= 511 y2= 510 tnt1=  14 tnt2=  13
x1= 584 x2= 583 y1= 505 y2= 506 tnt1=  14 tnt2=  14
x1= 573 x2= 575 y1= 491 y2= 492 tnt1=  14 tnt2=  14
x1= 561 x2= 561 y1= 469 y2= 470 tnt1=  13 tnt2=  20
x1= 549 x2= 548 y1= 444 y2= 447 tnt1=  14 tnt2=  14
x1= 536 x2= 535 y1= 424 y2= 425 tnt1=  17 tnt2=  15
x1= 523 x2= 521 y1= 409 y2= 409 tnt1=  14 tnt2=  15
x1= 512 x2= 510 y1= 397 y2= 398 tnt1=  15 tnt2=  15
x1= 503 x2= 501 y1= 390 y2= 389 tnt1=  15 tnt2=  14
x1= 495 x2= 494 y1= 392 y2= 388 tnt1=  16 tnt2=  15
x1= 489 x2= 488 y1= 392 y2= 390 tnt1=  14 tnt2=  14
x1= 483 x2= 483 y1= 399 y2= 399 tnt1=  14 tnt2=  14
x1= 481 x2= 484 y1= 410 y2= 410 tnt1=  14 tnt2=  14
x1= 478 x2= 477 y1= 422 y2= 422 tnt1=  14 tnt2=  14
x1= 472 x2= 472 y1= 427 y2= 427 tnt1=  13 tnt2=  12
x1= 467 x2= 466 y1= 433 y2= 430 tnt1=  14 tnt2=  13
x1= 461 x2= 460 y1= 425 y2= 429 tnt1=  10 tnt2=  14
x1= 455 x2= 453 y1= 430 y2= 426 tnt1=  14 tnt2=  14
x1= 450 x2= 449 y1= 421 y2= 421 tnt1=  12 tnt2=  14
x1= 446 x2= 445 y1= 413 y2= 414 tnt1=  13 tnt2=  14
x1= 442 x2= 442 y1= 409 y2= 407 tnt1=  14 tnt2=  12
x1= 443 x2= 440 y1= 402 y2= 401 tnt1=  17 tnt2=  13
x1= 442 x2= 441 y1= 401 y2= 399 tnt1=  14 tnt2=  15
x1= 444 x2= 442 y1= 398 y2= 399 tnt1=  11 tnt2=  14
x1= 450 x2= 449 y1= 404 y2= 401 tnt1=  14 tnt2=  14
x1= 459 x2= 457 y1= 408 y2= 407 tnt1=  14 tnt2=  15
x1=1023 x2=1021 y1= 914 y2=1000 tnt1=1023 tnt2=1023
x1=1023 x2=1023 y1= 914 y2= 959 tnt1=1023 tnt2=1023
x1=1023 x2=1023 y1= 865 y2=1023 tnt1=1023 tnt2=1023
x1=1023 x2=1023 y1= 915 y2= 994 tnt1=1023 tnt2=1023
x1=1023 x2=1023 y1= 939 y2=1012 tnt1=1023 tnt2=1023
x1=1023 x2=1023 y1= 921 y2=1002 tnt1=1023 tnt2=1023
x1=1023 x2=1023 y1= 897 y2=1023 tnt1=1023 tnt2=1023
x1=1023 x2=1023 y1= 861 y2= 988 tnt1=1023 tnt2=1023
x1= 583 x2= 583 y1= 571 y2= 578 tnt1=  10 tnt2=  13
x1= 571 x2= 572 y1= 570 y2= 571 tnt1=  13 tnt2=  10
x1= 553 x2= 553 y1= 560 y2= 561 tnt1=  13 tnt2=  13
x1= 531 x2= 530 y1= 540 y2= 542 tnt1=  14 tnt2=  14
x1= 509 x2= 508 y1= 521 y2= 521 tnt1=  14 tnt2=  18
x1= 481 x2= 485 y1= 503 y2= 503 tnt1=  14 tnt2=  14
x1= 465 x2= 467 y1= 488 y2= 486 tnt1=  14 tnt2=  14
x1= 452 x2= 451 y1= 477 y2= 473 tnt1=  13 tnt2=  16
x1= 442 x2= 441 y1= 462 y2= 461 tnt1=  15 tnt2=  15
x1=1023 x2=1023 y1= 888 y2=1023 tnt1=1023 tnt2=1023
x1=1023 x2=1023 y1= 907 y2= 960 tnt1=1023 tnt2=1023
x1=1023 x2=1023 y1= 857 y2= 987 tnt1=1023 tnt2=1019
x1=1023 x2=1023 y1= 917 y2= 946 tnt1=1023 tnt2=1023
x1=1023 x2=1023 y1= 868 y2= 989 tnt1=1023 tnt2=1019
x1=1023 x2=1023 y1= 900 y2= 964 tnt1=1023 tnt2=1023
x1=1023 x2=1023 y1= 851 y2= 980 tnt1=1023 tnt2=1023
x1=1023 x2=1023 y1= 914 y2= 990 tnt1=1023 tnt2=1023
x1=1023 x2=1023 y1= 943 y2=1010 tnt1=1023 tnt2=1023
x1=1023 x2=1023 y1= 923 y2= 999 tnt1=1023 tnt2=1023
x1= 556 x2= 554 y1= 286 y2= 270 tnt1=  14 tnt2=  15
x1= 557 x2= 555 y1= 274 y2= 301 tnt1=  15 tnt2=  15
x1= 570 x2= 562 y1= 285 y2= 286 tnt1=  15 tnt2=  15
x1= 576 x2= 578 y1= 304 y2= 304 tnt1=  15 tnt2=  15
x1= 591 x2= 589 y1= 323 y2= 327 tnt1=  14 tnt2=  14
x1= 604 x2= 603 y1= 350 y2= 350 tnt1=  14 tnt2=  14
x1= 618 x2= 616 y1= 382 y2= 384 tnt1=  14 tnt2=  14
x1= 630 x2= 630 y1= 421 y2= 422 tnt1=  10 tnt2=  14
x1= 644 x2= 644 y1= 464 y2= 464 tnt1=  12 tnt2=  15
x1= 656 x2= 658 y1= 513 y2= 514 tnt1=   0 tnt2=  13
x1= 673 x2= 672 y1= 555 y2= 557 tnt1=  14 tnt2=  13
x1= 685 x2= 685 y1= 592 y2= 597 tnt1=  12 tnt2=  13
x1=1023 x2=1023 y1= 927 y2=1002 tnt1=1023 tnt2=1023
x1= 688 x2= 689 y1= 629 y2= 630 tnt1=  20 tnt2=  14
x1= 686 x2= 684 y1= 617 y2= 619 tnt1=  13 tnt2=  13
x1= 675 x2= 676 y1= 590 y2= 592 tnt1=  13 tnt2=   7
x1= 663 x2= 664 y1= 551 y2= 549 tnt1=  13 tnt2=  13
x1= 650 x2= 651 y1= 496 y2= 497 tnt1=  11 tnt2=  13
x1= 638 x2= 637 y1= 444 y2= 455 tnt1=  13 tnt2=  14
x1= 624 x2= 623 y1= 392 y2= 392 tnt1=  14 tnt2=  14
x1= 612 x2= 610 y1= 348 y2= 355 tnt1=  15 tnt2=  14
x1= 598 x2= 596 y1= 316 y2= 318 tnt1=  14 tnt2=  15
x1= 589 x2= 588 y1= 306 y2= 307 tnt1=  15 tnt2=  14
x1= 584 x2= 582 y1= 304 y2= 305 tnt1=  19 tnt2=  14
x1= 574 x2= 573 y1= 313 y2= 312 tnt1=  15 tnt2=  14
x1= 567 x2= 564 y1= 327 y2= 329 tnt1=  13 tnt2=  14
x1= 558 x2= 557 y1= 352 y2= 354 tnt1=  13 tnt2=  14
x1= 553 x2= 552 y1= 382 y2= 386 tnt1=  13 tnt2=  13
x1= 549 x2= 548 y1= 413 y2= 413 tnt1=  13 tnt2=  13
x1= 545 x2= 544 y1= 445 y2= 446 tnt1=  13 tnt2=  17
x1= 542 x2= 540 y1= 473 y2= 474 tnt1=  11 tnt2=  14
x1= 539 x2= 536 y1= 495 y2= 496 tnt1=  14 tnt2=  14
x1= 537 x2= 538 y1= 514 y2= 513 tnt1=  12 tnt2=  13
x1= 539 x2= 538 y1= 524 y2= 524 tnt1=  14 tnt2=  13
x1= 541 x2= 541 y1= 531 y2= 527 tnt1=  15 tnt2=  10
x1= 547 x2= 547 y1= 532 y2= 537 tnt1=  14 tnt2=  13
x1= 557 x2= 556 y1= 536 y2= 535 tnt1=  12 tnt2=  14
x1= 571 x2= 571 y1= 536 y2= 513 tnt1=  14 tnt2=  14
x1= 588 x2= 588 y1= 533 y2= 535 tnt1=  14 tnt2=  16
x1= 606 x2= 605 y1= 533 y2= 533 tnt1=  14 tnt2=  13
x1= 615 x2= 616 y1= 529 y2= 531 tnt1=  14 tnt2=  13
x1= 619 x2= 621 y1= 541 y2= 528 tnt1=  13 tnt2=  13
x1= 624 x2= 621 y1= 521 y2= 522 tnt1=  13 tnt2=  13
x1= 618 x2= 617 y1= 512 y2= 517 tnt1=  14 tnt2=  13
x1= 610 x2= 608 y1= 496 y2= 496 tnt1=  12 tnt2=  13
x1= 599 x2= 599 y1= 476 y2= 475 tnt1=  12 tnt2=  15
x1= 590 x2= 590 y1= 453 y2= 454 tnt1=  13 tnt2=  14
x1= 583 x2= 582 y1= 430 y2= 432 tnt1=  15 tnt2=  14
x1= 576 x2= 575 y1= 413 y2= 414 tnt1=  15 tnt2=  14
x1= 568 x2= 566 y1= 379 y2= 396 tnt1=  13 tnt2=  14
x1= 560 x2= 559 y1= 385 y2= 384 tnt1=  14 tnt2=  13
x1= 554 x2= 553 y1= 373 y2= 378 tnt1=  14 tnt2=  13
x1= 549 x2= 547 y1= 376 y2= 377 tnt1=  14 tnt2=  15
x1= 544 x2= 542 y1= 379 y2= 360 tnt1=  14 tnt2=  14
x1= 538 x2= 537 y1= 389 y2= 390 tnt1=  14 tnt2=  14
x1= 535 x2= 535 y1= 404 y2= 407 tnt1=  13 tnt2=  13
x1= 534 x2= 533 y1= 432 y2= 432 tnt1=  13 tnt2=  13
x1= 532 x2= 531 y1= 459 y2= 477 tnt1=  13 tnt2=  13
x1= 527 x2= 526 y1= 488 y2= 487 tnt1=  12 tnt2=  13
x1= 516 x2= 517 y1= 509 y2= 510 tnt1=  14 tnt2=   8
x1= 502 x2= 502 y1= 524 y2= 522 tnt1=  13 tnt2=  13
x1= 483 x2= 484 y1= 531 y2= 532 tnt1=  13 tnt2=  11
x1= 461 x2= 461 y1= 537 y2= 542 tnt1=  13 tnt2=  13
x1= 439 x2= 440 y1= 535 y2= 534 tnt1=  13 tnt2=  13
x1= 420 x2= 422 y1= 537 y2= 535 tnt1=  13 tnt2=  14
x1= 409 x2= 409 y1= 541 y2= 539 tnt1=  13 tnt2=  14
x1= 405 x2= 404 y1= 546 y2= 543 tnt1=  13 tnt2=  13
x1= 404 x2= 403 y1= 547 y2= 545 tnt1=  13 tnt2=  14
x1=1023 x2=1023 y1= 849 y2= 986 tnt1=1023 tnt2=1023
x1=1023 x2=1023 y1= 863 y2=1023 tnt1=1023 tnt2=1023
x1=1023 x2=1023 y1= 861 y2= 981 tnt1=1021 tnt2=1023
x1=1023 x2=1023 y1= 873 y2=1023 tnt1=1023 tnt2=1023
x1=1023 x2=1023 y1= 896 y2= 964 tnt1=1023 tnt2=1023
x1=1023 x2=1023 y1= 886 y2=1018 tnt1=1023 tnt2=1023
x1=1023 x2=1023 y1= 861 y2= 976 tnt1=1023 tnt2=1023
x1=1023 x2=1023 y1= 927 y2=1002 tnt1=1023 tnt2=1023
x1=1023 x2=1023 y1= 920 y2= 942 tnt1=1023 tnt2=1023
x1=1023 x2=1023 y1= 943 y2=1007 tnt1=1023 tnt2=1023
x1=1023 x2=1023 y1= 861 y2= 988 tnt1=1023 tnt2=1020
x1=1023 x2=1023 y1= 864 y2= 988 tnt1=1023 tnt2=1019
x1=1023 x2=1023 y1= 867 y2= 988 tnt1=1023 tnt2=1021
x1=1023 x2=1023 y1= 888 y2= 954 tnt1=1023 tnt2=1023
x1=1023 x2=1023 y1= 865 y2= 988 tnt1=1023 tnt2=1021
x1=1023 x2=1023 y1= 919 y2= 942 tnt1=1023 tnt2=1023
x1=1023 x2=1023 y1= 839 y2= 982 tnt1=1023 tnt2=1023
x1=1023 x2=1023 y1= 910 y2= 942 tnt1=1023 tnt2=1023
x1= 588 x2= 586 y1= 286 y2= 286 tnt1=  15 tnt2=  16
x1= 596 x2= 594 y1= 288 y2= 255 tnt1=  15 tnt2=  15
x1= 604 x2= 600 y1= 293 y2= 294 tnt1=  14 tnt2=  15
x1= 606 x2= 604 y1= 297 y2= 298 tnt1=  14 tnt2=  13
x1= 607 x2= 605 y1= 297 y2= 304 tnt1=  15 tnt2=  14
x1= 606 x2= 605 y1= 296 y2= 304 tnt1=  14 tnt2=  14
x1= 603 x2= 601 y1= 295 y2= 313 tnt1=  15 tnt2=  15
x1= 592 x2= 591 y1= 270 y2= 286 tnt1=  14 tnt2=  15
x1= 579 x2= 577 y1= 274 y2= 274 tnt1=  15 tnt2=  15
x1= 566 x2= 563 y1= 214 y2= 262 tnt1=  15 tnt2=  16
x1= 553 x2= 551 y1= 253 y2= 253 tnt1=  17 tnt2=  16
x1= 540 x2= 539 y1= 240 y2= 251 tnt1=  15 tnt2=  16
x1= 531 x2= 528 y1= 254 y2= 254 tnt1=  16 tnt2=  15
x1= 522 x2= 520 y1= 265 y2= 264 tnt1=  15 tnt2=  16
x1= 516 x2= 514 y1= 279 y2= 278 tnt1=  17 tnt2=  15
x1= 514 x2= 511 y1= 295 y2= 296 tnt1=  12 tnt2=  15
x1= 514 x2= 511 y1= 319 y2= 317 tnt1=  14 tnt2=  14
x1= 515 x2= 513 y1= 339 y2= 339 tnt1=  15 tnt2=  20
x1= 519 x2= 519 y1= 360 y2= 359 tnt1=  14 tnt2=  14
x1= 528 x2= 526 y1= 376 y2= 376 tnt1=  14 tnt2=  11
x1= 539 x2= 537 y1= 388 y2= 372 tnt1=  14 tnt2=  14
x1= 548 x2= 546 y1= 394 y2= 396 tnt1=  13 tnt2=  14
x1= 558 x2= 557 y1= 398 y2= 398 tnt1=  15 tnt2=  14
x1= 570 x2= 568 y1= 396 y2= 393 tnt1=  15 tnt2=  15
x1= 578 x2= 578 y1= 382 y2= 364 tnt1=  15 tnt2=  15
x1= 585 x2= 583 y1= 360 y2= 362 tnt1=  15 tnt2=  15
x1= 589 x2= 589 y1= 337 y2= 339 tnt1=  15 tnt2=  15
x1= 592 x2= 590 y1= 317 y2= 322 tnt1=  15 tnt2=  16
x1= 595 x2= 592 y1= 297 y2= 300 tnt1=  15 tnt2=  15
x1=1023 x2=1023 y1= 856 y2= 980 tnt1=1023 tnt2=1021
x1=1023 x2=1023 y1= 929 y2=1001 tnt1=1020 tnt2=1023
x1=1023 x2=1023 y1= 889 y2= 959 tnt1=1023 tnt2=1023
x1=1023 x2=1023 y1= 830 y2= 970 tnt1=1020 tnt2=1023
x1=1023 x2=1023 y1= 935 y2=1003 tnt1=1023 tnt2=1023
x1=1023 x2=1023 y1= 914 y2= 936 tnt1=1023 tnt2=1023
x1=1023 x2=1023 y1= 897 y2= 956 tnt1=1023 tnt2=1023
x1=1023 x2=1023 y1= 919 y2= 959 tnt1=1023 tnt2=1023
x1=1023 x2=1023 y1= 944 y2=1004 tnt1=1023 tnt2=1023
x1=1023 x2=1023 y1= 863 y2= 988 tnt1=1023 tnt2=1016
x1= 559 x2= 558 y1= 434 y2= 435 tnt1=  16 tnt2=  14
x1= 547 x2= 548 y1= 432 y2= 431 tnt1=  17 tnt2=  14
x1= 533 x2= 532 y1= 418 y2= 434 tnt1=  14 tnt2=  15
x1= 521 x2= 519 y1= 404 y2= 402 tnt1=  14 tnt2=  15
x1= 510 x2= 509 y1= 390 y2= 384 tnt1=  14 tnt2=  14
x1= 501 x2= 498 y1= 380 y2= 378 tnt1=  14 tnt2=  14
x1= 491 x2= 490 y1= 373 y2= 350 tnt1=  14 tnt2=  15
x1= 482 x2= 480 y1= 378 y2= 378 tnt1=  14 tnt2=  14
x1= 473 x2= 471 y1= 387 y2= 374 tnt1=  14 tnt2=  14
x1= 466 x2= 464 y1= 403 y2= 404 tnt1=  13 tnt2=  14
x1= 455 x2= 460 y1= 421 y2= 419 tnt1=  14 tnt2=  13
x1= 458 x2= 458 y1= 442 y2= 440 tnt1=  13 tnt2=  13
x1= 460 x2= 460 y1= 466 y2= 466 tnt1=  14 tnt2=  11
x1= 464 x2= 464 y1= 490 y2= 490 tnt1=  13 tnt2=   9
x1= 470 x2= 469 y1= 510 y2= 512 tnt1=  13 tnt2=  13
x1= 473 x2= 472 y1= 525 y2= 523 tnt1=  14 tnt2=  13
x1= 473 x2= 469 y1= 527 y2= 525 tnt1=  13 tnt2=  13
x1= 473 x2= 472 y1= 525 y2= 522 tnt1=  14 tnt2=  13
x1= 474 x2= 473 y1= 518 y2= 513 tnt1=  13 tnt2=  13
x1= 469 x2= 468 y1= 503 y2= 499 tnt1=  15 tnt2=  14
x1= 457 x2= 457 y1= 483 y2= 481 tnt1=  13 tnt2=  13
x1= 446 x2= 446 y1= 463 y2= 467 tnt1=  13 tnt2=  14
x1= 434 x2= 434 y1= 463 y2= 463 tnt1=  14 tnt2=  13
x1= 422 x2= 421 y1= 469 y2= 467 tnt1=  14 tnt2=  14
x1= 408 x2= 407 y1= 480 y2= 478 tnt1=  14 tnt2=  13
x1= 399 x2= 398 y1= 497 y2= 496 tnt1=  14 tnt2=  14
x1= 395 x2= 396 y1= 516 y2= 512 tnt1=  15 tnt2=  13
x1=1023 x2=1023 y1= 919 y2=1002 tnt1=1023 tnt2=1023
x1=1023 x2=1023 y1= 868 y2= 984 tnt1=1023 tnt2=1018
x1=1023 x2=1023 y1= 916 y2=1001 tnt1=1023 tnt2=1023
x1=1023 x2=1023 y1= 886 y2=1023 tnt1=1023 tnt2=1023
x1=1023 x2=1020 y1= 948 y2=1005 tnt1=1023 tnt2=1023
x1=1023 x2=1023 y1= 870 y2= 986 tnt1=1023 tnt2=1020
x1=1023 x2=1023 y1= 838 y2= 977 tnt1=1020 tnt2=1023
x1=1023 x2=1023 y1= 876 y2= 987 tnt1=1023 tnt2=1019
x1=1023 x2=1023 y1= 908 y2= 956 tnt1=1023 tnt2=1023
x1=1023 x2=1023 y1= 898 y2= 997 tnt1=1023 tnt2=1023
x1=1023 x2=1023 y1= 917 y2= 967 tnt1=1023 tnt2=1023
x1=1023 x2=1023 y1= 939 y2=1003 tnt1=1023 tnt2=1023
x1=1023 x2=1023 y1= 911 y2= 944 tnt1=1023 tnt2=1023
x1=1023 x2=1023 y1= 946 y2=1015 tnt1=1023 tnt2=1023
x1=1023 x2=1023 y1= 943 y2=1009 tnt1=1023 tnt2=1023
x1=1023 x2=1023 y1= 934 y2=1014 tnt1=1023 tnt2=1023
x1=1023 x2=1023 y1= 867 y2= 984 tnt1=1023 tnt2=1023
x1=1023 x2=1023 y1= 930 y2=1001 tnt1=1023 tnt2=1023
x1=1023 x2=1023 y1= 864 y2= 988 tnt1=1023 tnt2=1021
x1= 655 x2= 654 y1= 434 y2= 435 tnt1=  12 tnt2=  14
x1= 656 x2= 655 y1= 440 y2= 441 tnt1=  14 tnt2=  13
x1= 654 x2= 654 y1= 437 y2= 439 tnt1=  12 tnt2=  14
x1= 645 x2= 643 y1= 423 y2= 428 tnt1=  13 tnt2=  14
x1= 626 x2= 637 y1= 407 y2= 409 tnt1=  11 tnt2=  14
x1= 604 x2= 604 y1= 390 y2= 391 tnt1=  14 tnt2=  14
x1= 583 x2= 582 y1= 371 y2= 371 tnt1=  14 tnt2=  15
x1= 562 x2= 560 y1= 356 y2= 356 tnt1=  15 tnt2=  14
x1= 548 x2= 545 y1= 344 y2= 345 tnt1=  14 tnt2=  15
x1= 536 x2= 535 y1= 340 y2= 342 tnt1=  15 tnt2=  15
x1=1023 x2=1023 y1= 833 y2= 972 tnt1=1020 tnt2=1023
x1=1023 x2=1023 y1= 868 y2= 989 tnt1=1023 tnt2=1019
x1=1023 x2=1023 y1= 832 y2= 975 tnt1=1022 tnt2=1023
x1=1023 x2=1023 y1= 858 y2= 990 tnt1=1023 tnt2=1020
x1=1023 x2=1023 y1= 908 y2= 962 tnt1=1023 tnt2=1023
x1=1023 x2=1020 y1= 940 y2=1005 tnt1=1023 tnt2=1023
x1=1023 x2=1023 y1= 912 y2= 932 tnt1=1023 tnt2=1023
x1=1023 x2=1023 y1= 895 y2=1020 tnt1=1023 tnt2=1023
x1=1023 x2=1023 y1= 846 y2= 979 tnt1=1023 tnt2=1023
x1=1023 x2=1023 y1= 893 y2=1023 tnt1=1023 tnt2=1023
x1= 634 x2= 632 y1= 255 y2= 254 tnt1=  16 tnt2=  16
x1= 634 x2= 633 y1= 253 y2= 257 tnt1=  15 tnt2=  15
x1= 635 x2= 632 y1= 254 y2= 255 tnt1=  15 tnt2=  13
x1= 635 x2= 632 y1= 255 y2= 248 tnt1=  15 tnt2=  16
x1= 638 x2= 636 y1= 263 y2= 263 tnt1=  15 tnt2=  16
x1= 641 x2= 639 y1= 276 y2= 279 tnt1=  15 tnt2=  15
x1= 649 x2= 641 y1= 301 y2= 302 tnt1=  14 tnt2=  15
x1= 646 x2= 644 y1= 331 y2= 331 tnt1=  13 tnt2=  14
x1= 648 x2= 646 y1= 366 y2= 367 tnt1=  12 tnt2=  13
x1= 652 x2= 651 y1= 407 y2= 410 tnt1=  13 tnt2=  13
x1= 656 x2= 656 y1= 452 y2= 454 tnt1=  13 tnt2=  13
x1= 662 x2= 662 y1= 484 y2= 491 tnt1=  13 tnt2=  13
x1= 670 x2= 670 y1= 513 y2= 516 tnt1=  12 tnt2=  12
x1= 681 x2= 677 y1= 533 y2= 534 tnt1=  13 tnt2=  13
x1= 680 x2= 680 y1= 537 y2= 539 tnt1=  13 tnt2=  10
x1= 682 x2= 682 y1= 535 y2= 536 tnt1=  13 tnt2=  13
x1= 681 x2= 680 y1= 517 y2= 520 tnt1=  13 tnt2=  13
x1= 674 x2= 673 y1= 493 y2= 494 tnt1=  13 tnt2=  13
x1= 660 x2= 660 y1= 458 y2= 461 tnt1=  14 tnt2=  14
x1= 643 x2= 642 y1= 424 y2= 426 tnt1=  13 tnt2=  14
x1= 626 x2= 625 y1= 392 y2= 393 tnt1=  14 tnt2=  14
x1= 610 x2= 609 y1= 371 y2= 371 tnt1=  14 tnt2=   9
x1= 596 x2= 595 y1= 359 y2= 358 tnt1=  14 tnt2=  14
x1= 583 x2= 581 y1= 355 y2= 356 tnt1=  14 tnt2=  14
