new-calib: New touch screen calibration program v3.13
Serial Number='15061E00010B060200FD'
Using tnt_mode=1
Setting for delay_in_us:        1
Setting for y_delay_in_us:      1
Setting for tnt_delay_in_us:    1
Setting for max_delta_tnt:      5
Setting for tnt_mode:           1
Setting for averaging:         -1
Entering get_five_points
target_noise  x= 2.50 y= 2.50 t= 2.50
target state=0 point=240,136
 X= 922 X2=1023  Y= 962 Y2=  -1 P1=  -1 P2=  -1 T1=1021 T2= 898  P=  -1  D=  -1 
 X= 888 X2=1023  Y= 948 Y2=  -1 P1=  -1 P2=  -1 T1=1021 T2= 861  P=  -1  D=  -1 
 X= 950 X2=1023  Y= 985 Y2=  -1 P1=1022 P2=  -1 T1=1023 T2= 933  P=  -1  D=  -1 
 X= 828 X2=1023  Y= 971 Y2=  -1 P1=1023 P2=  -1 T1=1021 T2= 898  P=  -1  D=  -1 
 X= 923 X2=1023  Y= 974 Y2=1020 P1=1023 P2=  -1 T1=1021 T2= 911  P=  -1  D=  -1 
 X= 984 X2=1004  Y= 981 Y2=1023 P1=1023 P2=  -1 T1=1023 T2= 920  P=  -1  D=  -1 
 X= 976 X2=1014  Y= 982 Y2=1019 P1=1023 P2=  -1 T1=1023 T2= 918  P=  -1  D=  -1 
 X= 904 X2=1023  Y= 974 Y2=1020 P1=1023 P2=  -1 T1=1021 T2= 918  P=  -1  D=  -1 
 X= 931 X2=1023  Y= 979 Y2=1023 P1=1023 P2=  -1 T1=1021 T2= 899  P=  -1  D=  -1 
 X=1004 X2=1005  Y= 976 Y2=1020 P1=1023 P2=  -1 T1=1020 T2= 916  P=  -1  D=  -1 
 X= 933 X2=1023  Y= 984 Y2=1020 P1=1023 P2=  -1 T1=1021 T2= 915  P=  -1  D=  -1 
 X= 924 X2=1023  Y= 973 Y2=1020 P1=1023 P2=  -1 T1=1023 T2= 915  P=  -1  D=  -1 
 X= 798 X2=1022  Y= 971 Y2=1023 P1=1023 P2=  -1 T1=1023 T2= 925  P=  -1  D=  -1 
 X= 822 X2=1023  Y= 993 Y2=1023 P1=1023 P2=  -1 T1=1019 T2= 900  P=  -1  D=  -1 
 X= 965 X2=1017  Y=1020 Y2=1023 P1=1023 P2=  -1 T1=1021 T2=1020  P=  -1  D=  -1 
 X= 946 X2=1023  Y= 979 Y2=1021 P1=1023 P2=  -1 T1=1023 T2= 910  P=  -1  D=  -1 
 X= 853 X2=1023  Y= 986 Y2=1020 P1=1023 P2=  -1 T1=1021 T2= 913  P=  -1  D=  -1 
 X=1023 X2=1006  Y= 982 Y2=1019 P1=1023 P2=  -1 T1=1023 T2= 919  P=  -1  D=  -1 
 X= 976 X2=1023  Y= 978 Y2=1022 P1=1023 P2=  -1 T1=1023 T2= 934  P=  -1  D=  -1 
 X=1023 X2=1010  Y= 972 Y2=1021 P1=1023 P2=  -1 T1=1023 T2=1023  P=  -1  D=  -1 
 X= 943 X2=1023  Y= 979 Y2=1023 P1=1023 P2=  -1 T1=1022 T2= 914  P=  -1  D=  -1 
 X= 919 X2=1020  Y= 971 Y2=1019 P1=1023 P2=  -1 T1=1023 T2= 929  P=  -1  D=  -1 
 X= 865 X2=1017  Y= 978 Y2=1023 P1=1023 P2=  -1 T1=1021 T2= 932  P=  -1  D=  -1 
 X= 902 X2=1023  Y= 989 Y2=1023 P1=1023 P2=  -1 T1=1023 T2= 914  P=  -1  D=  -1 
 X=1023 X2=1014  Y= 975 Y2=1023 P1=1023 P2=  -1 T1=1021 T2= 924  P=  -1  D=  -1 
 X= 954 X2=1010  Y= 972 Y2=1021 P1=1023 P2=  -1 T1=1023 T2= 931  P=  -1  D=  -1 
 X= 952 X2=1023  Y= 968 Y2=1021 P1=1023 P2=  -1 T1=1020 T2= 921  P=  -1  D=  -1 
 X= 961 X2= 993  Y= 980 Y2=1023 P1=1023 P2=  -1 T1=1022 T2= 909  P=  -1  D=  -1 
 X= 811 X2=1023  Y= 974 Y2=1020 P1=1023 P2=  -1 T1=1023 T2= 919  P=  -1  D=  -1 
 X= 897 X2=1023  Y= 987 Y2=1023 P1=1023 P2=  -1 T1=1023 T2= 902  P=  -1  D=  -1 
 X= 961 X2=1023  Y= 977 Y2=1023 P1=1023 P2=  -1 T1=1021 T2= 936  P=  -1  D=  -1 
 X= 976 X2=1014  Y= 966 Y2=1023 P1=1023 P2=  -1 T1=1023 T2= 915  P=  -1  D=  -1 
 X= 915 X2=1023  Y= 983 Y2=1023 P1=1023 P2=  -1 T1=1020 T2= 905  P=  -1  D=  -1 
 X=1023 X2=1005  Y= 978 Y2=1023 P1=1023 P2=  -1 T1=1021 T2= 923  P=  -1  D=  -1 
 X=1023 X2=1001  Y= 980 Y2=1021 P1=1023 P2=  -1 T1=1023 T2= 913  P=  -1  D=  -1 
 X= 901 X2=1023  Y= 976 Y2=1023 P1=1023 P2=  -1 T1=1022 T2= 909  P=  -1  D=  -1 
 X= 949 X2=1023  Y= 981 Y2=1020 P1=1023 P2=  -1 T1=1023 T2= 889  P=  -1  D=  -1 
 X= 919 X2=1023  Y= 991 Y2=1021 P1=1023 P2=  -1 T1=1022 T2= 948  P=  -1  D=  -1 
 X= 806 X2=1023  Y= 985 Y2=1023 P1=1023 P2=  -1 T1=1022 T2= 905  P=  -1  D=  -1 
 X= 895 X2=1023  Y= 983 Y2=1023 P1=1023 P2=  -1 T1=1023 T2= 905  P=  -1  D=  -1 
 X= 991 X2=1004  Y= 983 Y2=1023 P1=1023 P2=  -1 T1=1021 T2= 913  P=  -1  D=  -1 
 X= 949 X2=1019  Y= 974 Y2=1023 P1=1023 P2=  -1 T1=1022 T2= 903  P=  -1  D=  -1 
 X= 941 X2=1023  Y= 976 Y2=1023 P1=1023 P2=  -1 T1=1021 T2= 898  P=  -1  D=  -1 
 X=1023 X2=1009  Y= 986 Y2=1023 P1=1023 P2=  -1 T1=1023 T2= 917  P=  -1  D=  -1 
 X= 991 X2=1015  Y= 980 Y2=1023 P1=1023 P2=  -1 T1=1023 T2= 912  P=  -1  D=  -1 
 X= 948 X2=1023  Y= 976 Y2=1023 P1=1023 P2=  -1 T1=1020 T2= 921  P=  -1  D=  -1 
 X= 971 X2=1013  Y= 994 Y2=1021 P1=1023 P2=  -1 T1=1023 T2= 915  P=  -1  D=  -1 
 X= 784 X2=1023  Y= 989 Y2=1019 P1=1023 P2=  -1 T1=1023 T2= 875  P=  -1  D=  -1 
 X= 884 X2=1023  Y= 986 Y2=1023 P1=1023 P2=  -1 T1=1023 T2= 900  P=  -1  D=  -1 
 X=1023 X2=1014  Y= 973 Y2=1023 P1=1023 P2=  -1 T1=1021 T2= 916  P=  -1  D=  -1 
 X= 967 X2=1009  Y= 978 Y2=1023 P1=1023 P2=  -1 T1=1020 T2= 910  P=  -1  D=  -1 
 X= 851 X2=1023  Y= 984 Y2=1023 P1=1023 P2=  -1 T1=1021 T2= 914  P=  -1  D=  -1 
 X= 968 X2= 991  Y= 984 Y2=1021 P1=1023 P2=  -1 T1=1023 T2= 916  P=  -1  D=  -1 
 X=1023 X2=1003  Y= 978 Y2=1021 P1=1023 P2=  -1 T1=1021 T2= 899  P=  -1  D=  -1 
 X= 903 X2=1023  Y= 983 Y2=1023 P1=1023 P2=  -1 T1=1023 T2= 914  P=  -1  D=  -1 
 X= 920 X2=1023  Y= 977 Y2=1021 P1=1023 P2=  -1 T1=1023 T2= 919  P=  -1  D=  -1 
 X= 967 X2=1014  Y= 973 Y2=1023 P1=1023 P2=  -1 T1=1019 T2= 936  P=  -1  D=  -1 
 X= 955 X2=1023  Y= 981 Y2=1023 P1=1023 P2=  -1 T1=1021 T2= 908  P=  -1  D=  -1 
 X= 933 X2=1023  Y= 981 Y2=1023 P1=1023 P2=  -1 T1=1023 T2= 907  P=  -1  D=  -1 
 X=1023 X2=1008  Y= 971 Y2=1023 P1=1023 P2=  -1 T1=1023 T2= 898  P=  -1  D=  -1 
 X= 902 X2=1019  Y= 971 Y2=1020 P1=1023 P2=  -1 T1=1023 T2= 910  P=  -1  D=  -1 
 X= 951 X2=1023  Y= 980 Y2=1020 P1=1023 P2=  -1 T1=1021 T2= 926  P=  -1  D=  -1 
 X= 989 X2=1022  Y= 987 Y2=1023 P1=1023 P2=  -1 T1=1020 T2= 918  P=  -1  D=  -1 
 X= 923 X2=1023  Y= 979 Y2=1023 P1=1023 P2=  -1 T1=1020 T2= 902  P=  -1  D=  -1 
 X= 919 X2=1023  Y= 986 Y2=1019 P1=1023 P2=  -1 T1=1023 T2= 900  P=  -1  D=  -1 
 X= 893 X2=1023  Y= 969 Y2=1023 P1=1023 P2=  -1 T1=1023 T2= 909  P=  -1  D=  -1 
 X= 887 X2=1023  Y= 977 Y2=1023 P1=1023 P2=  -1 T1=1022 T2= 916  P=  -1  D=  -1 
 X= 902 X2=1023  Y= 980 Y2=1023 P1=1023 P2=  -1 T1=1023 T2= 882  P=  -1  D=  -1 
 X= 990 X2=1005  Y= 965 Y2=1023 P1=1023 P2=  -1 T1=1021 T2= 909  P=  -1  D=  -1 
 X= 987 X2=1017  Y= 974 Y2=1022 P1=1023 P2=  -1 T1=1021 T2= 910  P=  -1  D=  -1 
 X= 908 X2=1023  Y= 982 Y2=1023 P1=1023 P2=  -1 T1=1023 T2= 905  P=  -1  D=  -1 
 X= 951 X2=1023  Y= 983 Y2=1020 P1=1023 P2=  -1 T1=1023 T2= 896  P=  -1  D=  -1 
 X=1017 X2=1003  Y= 968 Y2=1023 P1=1023 P2=  -1 T1=1023 T2= 907  P=  -1  D=  -1 
 X= 927 X2=1023  Y= 987 Y2=1023 P1=1023 P2=  -1 T1=1022 T2= 905  P=  -1  D=  -1 
 X= 951 X2=1023  Y= 979 Y2=1021 P1=1023 P2=  -1 T1=1023 T2= 902  P=  -1  D=  -1 
 X= 882 X2=1023  Y= 987 Y2=1020 P1=1023 P2=  -1 T1=1022 T2= 909  P=  -1  D=  -1 
 X= 949 X2=1023  Y= 978 Y2=1023 P1=1023 P2=  -1 T1=1021 T2= 909  P=  -1  D=  -1 
 X=1023 X2= 999  Y= 967 Y2=1023 P1=1023 P2=  -1 T1=1023 T2= 908  P=  -1  D=  -1 
 X=1008 X2= 994  Y= 975 Y2=1021 P1=1023 P2=  -1 T1=1023 T2= 924  P=  -1  D=  -1 
 X= 932 X2=1023  Y= 973 Y2=1020 P1=1023 P2=  -1 T1=1021 T2= 926  P=  -1  D=  -1 
 X= 957 X2=1022  Y= 976 Y2=1020 P1=1023 P2=  -1 T1=1023 T2= 909  P=  -1  D=  -1 
 X= 943 X2=1023  Y= 988 Y2=1023 P1=1023 P2=  -1 T1=1021 T2= 903  P=  -1  D=  -1 
 X= 973 X2=1020  Y= 989 Y2=1020 P1=1023 P2=  -1 T1=1021 T2= 924  P=  -1  D=  -1 
 X= 966 X2=1023  Y= 977 Y2=1022 P1=1023 P2=  -1 T1=1020 T2= 886  P=  -1  D=  -1 
 X= 885 X2=1015  Y= 986 Y2=1019 P1=1023 P2=  -1 T1=1023 T2= 928  P=  -1  D=  -1 
 X= 859 X2=1023  Y= 969 Y2=1023 P1=1023 P2=  -1 T1=1021 T2= 922  P=  -1  D=  -1 
 X= 953 X2=1005  Y= 975 Y2=1021 P1=1021 P2=  -1 T1=1023 T2= 888  P=  -1  D=  -1 
 X= 959 X2=1019  Y= 997 Y2=1023 P1=1023 P2=  -1 T1=1019 T2= 912  P=  -1  D=  -1 
 X= 990 X2= 995  Y= 980 Y2=1021 P1=1023 P2=  -1 T1=1023 T2= 914  P=  -1  D=  -1 
 X= 909 X2=1023  Y= 989 Y2=1023 P1=1023 P2=  -1 T1=1023 T2= 925  P=  -1  D=  -1 
 X= 929 X2=1023  Y= 993 Y2=1021 P1=1023 P2=  -1 T1=1023 T2= 922  P=  -1  D=  -1 
 X= 965 X2=1023  Y= 979 Y2=1023 P1=1023 P2=  -1 T1=1021 T2= 897  P=  -1  D=  -1 
 X= 813 X2=1023  Y= 979 Y2=1023 P1=1023 P2=  -1 T1=1021 T2= 904  P=  -1  D=  -1 
 X= 946 X2=1018  Y= 984 Y2=1022 P1=1023 P2=  -1 T1=1020 T2= 895  P=  -1  D=  -1 
 X= 982 X2=1016  Y= 972 Y2=1023 P1=1022 P2=  -1 T1=1023 T2= 917  P=  -1  D=  -1 
 X= 945 X2=1019  Y= 980 Y2=1021 P1=1023 P2=  -1 T1=1021 T2= 909  P=  -1  D=  -1 
 X= 952 X2= 992  Y= 979 Y2=1021 P1=1023 P2=  -1 T1=1020 T2= 910  P=  -1  D=  -1 
 X= 965 X2=1021  Y= 973 Y2=1023 P1=1023 P2=  -1 T1=1023 T2= 861  P=  -1  D=  -1 
 X= 931 X2=1023  Y= 978 Y2=1023 P1=1023 P2=  -1 T1=1023 T2= 905  P=  -1  D=  -1 
 X= 933 X2=1023  Y= 987 Y2=1021 P1=1023 P2=  -1 T1=1023 T2= 913  P=  -1  D=  -1 
 X= 890 X2=1023  Y= 969 Y2=1021 P1=1023 P2=  -1 T1=1023 T2= 909  P=  -1  D=  -1 
 X= 817 X2=1023  Y= 984 Y2=1023 P1=1023 P2=  -1 T1=1023 T2= 914  P=  -1  D=  -1 
 X= 890 X2=1023  Y= 983 Y2=1022 P1=1023 P2=  -1 T1=1021 T2= 919  P=  -1  D=  -1 
 X=1018 X2= 982  Y= 965 Y2=1021 P1=1023 P2=  -1 T1=1023 T2= 910  P=  -1  D=  -1 
 X= 977 X2=1013  Y= 980 Y2=1023 P1=1023 P2=  -1 T1=1021 T2= 902  P=  -1  D=  -1 
 X= 958 X2=1023  Y= 973 Y2=1021 P1=1023 P2=  -1 T1=1021 T2= 907  P=  -1  D=  -1 
 X= 945 X2= 997  Y= 980 Y2=1021 P1=1023 P2=  -1 T1=1021 T2= 919  P=  -1  D=  -1 
 X= 933 X2=1020  Y= 975 Y2=1021 P1=1023 P2=  -1 T1=1021 T2= 887  P=  -1  D=  -1 
 X= 887 X2=1023  Y= 987 Y2=1023 P1=1023 P2=  -1 T1=1022 T2= 918  P=  -1  D=  -1 
 X= 933 X2=1023  Y= 979 Y2=1020 P1=1023 P2=  -1 T1=1018 T2= 928  P=  -1  D=  -1 
 X= 894 X2=1019  Y= 972 Y2=1023 P1=1023 P2=  -1 T1=1023 T2= 877  P=  -1  D=  -1 
 X= 810 X2=1023  Y= 984 Y2=1023 P1=1023 P2=  -1 T1=1021 T2= 919  P=  -1  D=  -1 
 X= 949 X2=1023  Y= 985 Y2=1021 P1=1023 P2=  -1 T1=1021 T2= 904  P=  -1  D=  -1 
 X= 969 X2=1009  Y= 990 Y2=1023 P1=1023 P2=  -1 T1=1021 T2= 905  P=  -1  D=  -1 
 X= 946 X2= 993  Y= 977 Y2=1020 P1=1023 P2=  -1 T1=1023 T2= 902  P=  -1  D=  -1 
 X= 976 X2=1023  Y=1023 Y2=1023 P1=1023 P2=  -1 T1=1023 T2=1020  P=  -1  D=  -1 
 X= 881 X2=1023  Y= 980 Y2=1021 P1=1023 P2=  -1 T1=1021 T2= 913  P=  -1  D=  -1 
 X= 950 X2=1023  Y= 984 Y2=1021 P1=1023 P2=  -1 T1=1020 T2= 912  P=  -1  D=  -1 
 X= 945 X2=1023  Y= 974 Y2=1020 P1=1023 P2=  -1 T1=1023 T2= 921  P=  -1  D=  -1 
 X= 928 X2=1023  Y= 978 Y2=1020 P1=1023 P2=  -1 T1=1021 T2= 915  P=  -1  D=  -1 
 X= 957 X2=1023  Y= 976 Y2=1023 P1=1023 P2=  -1 T1=1023 T2= 920  P=  -1  D=  -1 
 X=1004 X2= 998  Y= 974 Y2=1023 P1=1023 P2=  -1 T1=1023 T2= 905  P=  -1  D=  -1 
 X=1020 X2=1017  Y= 980 Y2=1023 P1=1023 P2=  -1 T1=1023 T2= 899  P=  -1  D=  -1 
 X= 986 X2=1016  Y= 970 Y2=1023 P1=1023 P2=  -1 T1=1021 T2= 905  P=  -1  D=  -1 
 X= 949 X2=1023  Y= 977 Y2=1023 P1=1023 P2=  -1 T1=1023 T2= 907  P=  -1  D=  -1 
 X= 946 X2= 993  Y= 977 Y2=1023 P1=1023 P2=  -1 T1=1021 T2= 916  P=  -1  D=  -1 
 X= 939 X2=1023  Y= 980 Y2=1023 P1=1023 P2=  -1 T1=1021 T2= 920  P=  -1  D=  -1 
 X= 916 X2=1023  Y= 981 Y2=1023 P1=1023 P2=  -1 T1=1023 T2= 932  P=  -1  D=  -1 
 X= 934 X2=1021  Y= 985 Y2=1023 P1=1023 P2=  -1 T1=1022 T2= 909  P=  -1  D=  -1 
 X= 904 X2=1022  Y= 986 Y2=1023 P1=1023 P2=  -1 T1=1023 T2= 918  P=  -1  D=  -1 
 X= 963 X2=1023  Y= 972 Y2=1021 P1=1023 P2=  -1 T1=1023 T2= 887  P=  -1  D=  -1 
 X=1023 X2=1004  Y= 984 Y2=1019 P1=1023 P2=  -1 T1=1020 T2= 915  P=  -1  D=  -1 
 X=1018 X2= 996  Y= 974 Y2=1020 P1=1023 P2=  -1 T1=1023 T2= 914  P=  -1  D=  -1 
 X= 916 X2=1023  Y= 980 Y2=1021 P1=1023 P2=  -1 T1=1021 T2= 911  P=  -1  D=  -1 
 X= 954 X2=1023  Y= 983 Y2=1021 P1=1023 P2=  -1 T1=1022 T2= 932  P=  -1  D=  -1 
 X= 890 X2=1023  Y= 982 Y2=1023 P1=1023 P2=  -1 T1=1021 T2= 915  P=  -1  D=  -1 
 X= 878 X2=1023  Y= 975 Y2=1021 P1=1023 P2=  -1 T1=1021 T2= 914  P=  -1  D=  -1 
 X= 950 X2=1010  Y= 979 Y2=1023 P1=1023 P2=  -1 T1=1023 T2= 901  P=  -1  D=  -1 
 X= 983 X2=1015  Y= 971 Y2=1020 P1=1023 P2=  -1 T1=1021 T2= 927  P=  -1  D=  -1 
 X= 918 X2=1023  Y= 960 Y2=1023 P1=1023 P2=  -1 T1=1023 T2= 924  P=  -1  D=  -1 
 X=1023 X2= 997  Y= 975 Y2=1022 P1=1023 P2=  -1 T1=1021 T2= 914  P=  -1  D=  -1 
 X=1023 X2=1013  Y= 967 Y2=1023 P1=1023 P2=  -1 T1=1021 T2= 918  P=  -1  D=  -1 
 X= 962 X2=1013  Y= 978 Y2=1020 P1=1023 P2=  -1 T1=1023 T2= 903  P=  -1  D=  -1 
 X= 927 X2=1023  Y= 980 Y2=1022 P1=1023 P2=  -1 T1=1022 T2= 925  P=  -1  D=  -1 
 X= 955 X2=1023  Y= 980 Y2=1023 P1=1023 P2=  -1 T1=1023 T2= 914  P=  -1  D=  -1 
 X= 824 X2=1023  Y= 973 Y2=1023 P1=1023 P2=  -1 T1=1023 T2= 911  P=  -1  D=  -1 
 X= 792 X2=1023  Y= 980 Y2=1023 P1=1023 P2=  -1 T1=1020 T2= 921  P=  -1  D=  -1 
 X= 816 X2=1023  Y= 971 Y2=1020 P1=1023 P2=  -1 T1=1021 T2= 915  P=  -1  D=  -1 
 X= 872 X2=1020  Y= 981 Y2=1020 P1=1023 P2=  -1 T1=1020 T2= 905  P=  -1  D=  -1 
 X=1020 X2= 991  Y= 980 Y2=1023 P1=1023 P2=  -1 T1=1019 T2= 910  P=  -1  D=  -1 
 X=1023 X2=1010  Y= 990 Y2=1021 P1=1023 P2=  -1 T1=1021 T2= 907  P=  -1  D=  -1 
 X=1020 X2=1016  Y= 982 Y2=1021 P1=1023 P2=  -1 T1=1021 T2= 921  P=  -1  D=  -1 
 X= 899 X2=1023  Y= 974 Y2=1023 P1=1023 P2=  -1 T1=1022 T2= 901  P=  -1  D=  -1 
 X= 942 X2=1023  Y= 978 Y2=1023 P1=1023 P2=  -1 T1=1020 T2= 904  P=  -1  D=  -1 
 X= 884 X2=1010  Y= 979 Y2=1023 P1=1023 P2=  -1 T1=1023 T2= 912  P=  -1  D=  -1 
 X= 812 X2=1023  Y= 970 Y2=1021 P1=1023 P2=  -1 T1=1018 T2= 915  P=  -1  D=  -1 
 X= 979 X2=1008  Y= 978 Y2=1020 P1=1023 P2=  -1 T1=1021 T2= 859  P=  -1  D=  -1 
 X= 972 X2=1013  Y= 965 Y2=1021 P1=1023 P2=  -1 T1=1022 T2= 924  P=  -1  D=  -1 
 X= 870 X2=1017  Y= 975 Y2=1022 P1=1023 P2=  -1 T1=1023 T2= 910  P=  -1  D=  -1 
 X= 951 X2=1023  Y= 969 Y2=1021 P1=1023 P2=  -1 T1=1023 T2= 898  P=  -1  D=  -1 
 X=1023 X2= 995  Y= 977 Y2=1021 P1=1023 P2=  -1 T1=1021 T2= 883  P=  -1  D=  -1 
 X= 828 X2=1023  Y= 981 Y2=1023 P1=1023 P2=  -1 T1=1023 T2= 926  P=  -1  D=  -1 
 X= 961 X2=1014  Y= 963 Y2=1020 P1=1023 P2=  -1 T1=1023 T2= 929  P=  -1  D=  -1 
 X= 813 X2=1023  Y= 983 Y2=1020 P1=1023 P2=  -1 T1=1023 T2= 904  P=  -1  D=  -1 
 X= 897 X2=1021  Y= 976 Y2=1019 P1=1023 P2=  -1 T1=1023 T2= 917  P=  -1  D=  -1 
 X= 867 X2=1023  Y= 986 Y2=1021 P1=1023 P2=  -1 T1=1023 T2= 921  P=  -1  D=  -1 
 X=1023 X2=1006  Y= 984 Y2=1023 P1=1023 P2=  -1 T1=1023 T2= 914  P=  -1  D=  -1 
 X= 816 X2=1023  Y= 984 Y2=1020 P1=1023 P2=  -1 T1=1021 T2= 890  P=  -1  D=  -1 
 X= 952 X2=1023  Y= 973 Y2=1021 P1=1023 P2=  -1 T1=1020 T2= 904  P=  -1  D=  -1 
 X=1023 X2=1004  Y= 982 Y2=1023 P1=1023 P2=  -1 T1=1021 T2= 901  P=  -1  D=  -1 
 X= 922 X2=1023  Y= 992 Y2=1021 P1=1023 P2=  -1 T1=1021 T2= 889  P=  -1  D=  -1 
 X= 911 X2=1023  Y= 980 Y2=1023 P1=1023 P2=  -1 T1=1022 T2= 927  P=  -1  D=  -1 
 X= 925 X2=1023  Y= 981 Y2=1021 P1=1023 P2=  -1 T1=1021 T2= 909  P=  -1  D=  -1 
 X= 976 X2=1014  Y= 975 Y2=1019 P1=1023 P2=  -1 T1=1023 T2= 910  P=  -1  D=  -1 
 X= 941 X2=1020  Y= 974 Y2=1023 P1=1023 P2=  -1 T1=1021 T2= 916  P=  -1  D=  -1 
 X= 982 X2=1021  Y= 974 Y2=1023 P1=1023 P2=  -1 T1=1022 T2= 929  P=  -1  D=  -1 
 X= 868 X2=1018  Y= 973 Y2=1023 P1=1023 P2=  -1 T1=1019 T2= 888  P=  -1  D=  -1 
 X=1023 X2= 999  Y= 978 Y2=1022 P1=1023 P2=  -1 T1=1023 T2= 906  P=  -1  D=  -1 
 X= 970 X2=1022  Y= 981 Y2=1023 P1=1023 P2=  -1 T1=1021 T2= 904  P=  -1  D=  -1 
 X=1023 X2=1010  Y= 978 Y2=1019 P1=1023 P2=  -1 T1=1019 T2= 915  P=  -1  D=  -1 
 X= 847 X2=1023  Y= 983 Y2=1023 P1=1023 P2=  -1 T1=1019 T2= 890  P=  -1  D=  -1 
 X= 856 X2=1023  Y= 989 Y2=1023 P1=1023 P2=  -1 T1=1021 T2= 919  P=  -1  D=  -1 
 X= 984 X2=1005  Y= 983 Y2=1021 P1=1023 P2=  -1 T1=1021 T2= 907  P=  -1  D=  -1 
 X= 947 X2= 996  Y= 977 Y2=1020 P1=1023 P2=  -1 T1=1021 T2= 922  P=  -1  D=  -1 
 X= 916 X2=1022  Y= 981 Y2=1020 P1=1023 P2=  -1 T1=1021 T2= 930  P=  -1  D=  -1 
 X= 976 X2=1014  Y= 972 Y2=1023 P1=1023 P2=  -1 T1=1023 T2= 913  P=  -1  D=  -1 
 X= 867 X2=1021  Y= 984 Y2=1020 P1=1023 P2=  -1 T1=1019 T2= 890  P=  -1  D=  -1 
 X=1023 X2=1015  Y= 983 Y2=1020 P1=1023 P2=  -1 T1=1023 T2= 905  P=  -1  D=  -1 
 X= 975 X2= 993  Y= 983 Y2=1023 P1=1023 P2=  -1 T1=1021 T2= 904  P=  -1  D=  -1 
 X= 938 X2=1023  Y= 982 Y2=1021 P1=1023 P2=  -1 T1=1021 T2= 911  P=  -1  D=  -1 
 X= 812 X2=1023  Y= 967 Y2=1020 P1=1023 P2=  -1 T1=1023 T2= 900  P=  -1  D=  -1 
 X= 928 X2=1014  Y= 974 Y2=1022 P1=1023 P2=  -1 T1=1020 T2= 874  P=  -1  D=  -1 
 X= 870 X2=1017  Y= 975 Y2=1021 P1=1023 P2=  -1 T1=1021 T2= 928  P=  -1  D=  -1 
 X= 959 X2=1022  Y= 972 Y2=1023 P1=1023 P2=  -1 T1=1023 T2= 899  P=  -1  D=  -1 
 X= 966 X2= 996  Y= 974 Y2=1023 P1=1023 P2=  -1 T1=1023 T2= 921  P=  -1  D=  -1 
 X= 999 X2=1008  Y= 977 Y2=1021 P1=1023 P2=  -1 T1=1023 T2= 893  P=  -1  D=  -1 
 X= 926 X2=1023  Y= 980 Y2=1019 P1=1023 P2=  -1 T1=1023 T2= 912  P=  -1  D=  -1 
 X= 958 X2=1022  Y= 978 Y2=1023 P1=1023 P2=  -1 T1=1019 T2= 905  P=  -1  D=  -1 
 X= 958 X2=1022  Y= 986 Y2=1020 P1=1023 P2=  -1 T1=1023 T2= 905  P=  -1  D=  -1 
 X= 869 X2=1023  Y= 975 Y2=1022 P1=1023 P2=  -1 T1=1021 T2= 906  P=  -1  D=  -1 
 X= 953 X2=1023  Y= 978 Y2=1021 P1=1023 P2=  -1 T1=1020 T2= 897  P=  -1  D=  -1 
 X= 979 X2=1010  Y= 967 Y2=1023 P1=1023 P2=  -1 T1=1022 T2= 866  P=  -1  D=  -1 
 X= 869 X2=1020  Y= 989 Y2=1022 P1=1023 P2=  -1 T1=1019 T2= 906  P=  -1  D=  -1 
 X= 961 X2=1022  Y= 978 Y2=1023 P1=1023 P2=  -1 T1=1021 T2= 907  P=  -1  D=  -1 
 X=1022 X2=1007  Y= 978 Y2=1023 P1=1023 P2=  -1 T1=1022 T2= 890  P=  -1  D=  -1 
 X= 952 X2=1023  Y= 967 Y2=1021 P1=1023 P2=  -1 T1=1020 T2= 899  P=  -1  D=  -1 
 X= 919 X2=1023  Y= 982 Y2=1023 P1=1023 P2=  -1 T1=1021 T2= 917  P=  -1  D=  -1 
 X= 869 X2=1019  Y= 962 Y2=1021 P1=1023 P2=  -1 T1=1023 T2= 894  P=  -1  D=  -1 
 X= 948 X2=1023  Y= 975 Y2=1023 P1=1023 P2=  -1 T1=1023 T2= 915  P=  -1  D=  -1 
 X= 831 X2=1023  Y= 976 Y2=1023 P1=1023 P2=  -1 T1=1022 T2= 903  P=  -1  D=  -1 
 X=1023 X2=1015  Y= 982 Y2=1021 P1=1023 P2=  -1 T1=1020 T2= 886  P=  -1  D=  -1 
 X= 875 X2=1020  Y= 985 Y2=1021 P1=1023 P2=  -1 T1=1023 T2= 901  P=  -1  D=  -1 
 X= 972 X2=1023  Y= 967 Y2=1023 P1=1023 P2=  -1 T1=1023 T2= 909  P=  -1  D=  -1 
 X= 917 X2=1023  Y= 976 Y2=1021 P1=1023 P2=  -1 T1=1021 T2= 910  P=  -1  D=  -1 
 X= 884 X2=1023  Y= 978 Y2=1021 P1=1023 P2=  -1 T1=1023 T2= 908  P=  -1  D=  -1 
 X= 903 X2=1023  Y= 981 Y2=1023 P1=1023 P2=  -1 T1=1022 T2= 893  P=  -1  D=  -1 
 X=1016 X2=1017  Y=1020 Y2=1023 P1=1023 P2=  -1 T1=1023 T2=1016  P=  -1  D=  -1 
 X= 971 X2= 997  Y= 991 Y2=1023 P1=1023 P2=  -1 T1=1022 T2= 906  P=  -1  D=  -1 
 X= 989 X2= 990  Y= 986 Y2=1023 P1=1023 P2=  -1 T1=1023 T2= 902  P=  -1  D=  -1 
 X= 964 X2=1023  Y= 972 Y2=1023 P1=1023 P2=  -1 T1=1023 T2= 921  P=  -1  D=  -1 
 X= 966 X2=1008  Y= 972 Y2=1021 P1=1023 P2=  -1 T1=1022 T2= 896  P=  -1  D=  -1 
 X= 944 X2=1023  Y= 973 Y2=1023 P1=1023 P2=  -1 T1=1022 T2= 906  P=  -1  D=  -1 
 X= 943 X2=1023  Y= 993 Y2=1020 P1=1023 P2=  -1 T1=1021 T2= 913  P=  -1  D=  -1 
 X=1023 X2= 997  Y= 976 Y2=1022 P1=1023 P2=  -1 T1=1022 T2= 914  P=  -1  D=  -1 
 X= 824 X2=1023  Y= 972 Y2=1023 P1=1023 P2=  -1 T1=1022 T2= 918  P=  -1  D=  -1 
 X= 920 X2=1023  Y= 989 Y2=1020 P1=1023 P2=  -1 T1=1021 T2= 908  P=  -1  D=  -1 
 X= 882 X2=1017  Y= 974 Y2=1023 P1=1023 P2=  -1 T1=1023 T2= 922  P=  -1  D=  -1 
 X= 892 X2=1023  Y= 984 Y2=1020 P1=1023 P2=  -1 T1=1023 T2= 911  P=  -1  D=  -1 
 X=1023 X2=1006  Y= 969 Y2=1023 P1=1022 P2=  -1 T1=1023 T2= 913  P=  -1  D=  -1 
 X=1019 X2= 997  Y= 980 Y2=1020 P1=1023 P2=  -1 T1=1021 T2= 910  P=  -1  D=  -1 
 X= 987 X2=1015  Y= 972 Y2=1023 P1=1023 P2=  -1 T1=1023 T2= 918  P=  -1  D=  -1 
 X= 896 X2=1023  Y= 975 Y2=1022 P1=1023 P2=  -1 T1=1023 T2= 925  P=  -1  D=  -1 
 X= 957 X2=1022  Y= 976 Y2=1023 P1=1023 P2=  -1 T1=1021 T2= 906  P=  -1  D=  -1 
 X= 895 X2=1023  Y= 980 Y2=1021 P1=1023 P2=  -1 T1=1020 T2= 917  P=  -1  D=  -1 
 X= 860 X2=1023  Y= 990 Y2=1023 P1=1023 P2=  -1 T1=1023 T2= 909  P=  -1  D=  -1 
 X= 972 X2=1006  Y= 981 Y2=1023 P1=1023 P2=  -1 T1=1021 T2= 912  P=  -1  D=  -1 
 X= 886 X2=1021  Y= 990 Y2=1022 P1=1023 P2=  -1 T1=1021 T2= 910  P=  -1  D=  -1 
 X= 900 X2=1023  Y= 988 Y2=1020 P1=1023 P2=  -1 T1=1023 T2= 889  P=  -1  D=  -1 
 X=1023 X2=1015  Y= 988 Y2=1023 P1=1023 P2=  -1 T1=1021 T2= 917  P=  -1  D=  -1 
 X= 994 X2=1004  Y= 983 Y2=1023 P1=1023 P2=  -1 T1=1022 T2= 893  P=  -1  D=  -1 
 X= 954 X2=1023  Y= 977 Y2=1021 P1=1023 P2=  -1 T1=1023 T2= 923  P=  -1  D=  -1 
 X= 949 X2=1023  Y= 974 Y2=1021 P1=1023 P2=  -1 T1=1020 T2= 911  P=  -1  D=  -1 
 X= 946 X2=1023  Y= 984 Y2=1022 P1=1023 P2=  -1 T1=1023 T2= 893  P=  -1  D=  -1 
 X= 849 X2=1023  Y= 981 Y2=1023 P1=1023 P2=  -1 T1=1020 T2= 906  P=  -1  D=  -1 
 X= 894 X2=1023  Y= 981 Y2=1023 P1=1023 P2=  -1 T1=1023 T2= 901  P=  -1  D=  -1 
 X= 979 X2=1013  Y= 974 Y2=1020 P1=1023 P2=  -1 T1=1021 T2= 910  P=  -1  D=  -1 
 X= 872 X2=1018  Y= 976 Y2=1023 P1=1023 P2=  -1 T1=1020 T2= 913  P=  -1  D=  -1 
 X=1023 X2=1015  Y= 989 Y2=1020 P1=1023 P2=  -1 T1=1021 T2= 924  P=  -1  D=  -1 
 X= 962 X2=1023  Y= 982 Y2=1023 P1=1023 P2=  -1 T1=1021 T2= 934  P=  -1  D=  -1 
 X= 908 X2=1023  Y= 972 Y2=1023 P1=1023 P2=  -1 T1=1023 T2= 918  P=  -1  D=  -1 
 X= 941 X2=1023  Y= 975 Y2=1021 P1=1023 P2=  -1 T1=1020 T2= 905  P=  -1  D=  -1 
 X= 951 X2=1023  Y= 981 Y2=1023 P1=1023 P2=  -1 T1=1022 T2= 920  P=  -1  D=  -1 
 X= 903 X2=1018  Y= 980 Y2=1021 P1=1023 P2=  -1 T1=1021 T2= 915  P=  -1  D=  -1 
 X= 821 X2=1023  Y= 981 Y2=1020 P1=1023 P2=  -1 T1=1021 T2= 903  P=  -1  D=  -1 
 X= 939 X2=1016  Y= 972 Y2=1023 P1=1023 P2=  -1 T1=1021 T2= 909  P=  -1  D=  -1 
 X= 898 X2=1018  Y= 975 Y2=1023 P1=1023 P2=  -1 T1=1023 T2= 903  P=  -1  D=  -1 
 X= 931 X2=1023  Y= 988 Y2=1020 P1=1023 P2=  -1 T1=1023 T2= 910  P=  -1  D=  -1 
 X= 915 X2=1020  Y= 968 Y2=1023 P1=1023 P2=  -1 T1=1023 T2= 900  P=  -1  D=  -1 
 X=1023 X2=1011  Y= 986 Y2=1023 P1=1023 P2=  -1 T1=1022 T2= 901  P=  -1  D=  -1 
 X= 887 X2=1023  Y= 964 Y2=1023 P1=1023 P2=  -1 T1=1021 T2= 896  P=  -1  D=  -1 
 X= 909 X2=1023  Y= 983 Y2=1020 P1=1023 P2=  -1 T1=1023 T2= 904  P=  -1  D=  -1 
 X= 885 X2=1023  Y= 976 Y2=1021 P1=1023 P2=  -1 T1=1023 T2= 910  P=  -1  D=  -1 
 X= 902 X2=1022  Y= 989 Y2=1021 P1=1023 P2=  -1 T1=1021 T2= 932  P=  -1  D=  -1 
 X=1021 X2=1015  Y= 988 Y2=1023 P1=1023 P2=  -1 T1=1023 T2= 901  P=  -1  D=  -1 
 X=1004 X2= 995  Y= 974 Y2=1020 P1=1023 P2=  -1 T1=1021 T2= 918  P=  -1  D=  -1 
 X= 891 X2=1022  Y= 986 Y2=1020 P1=1023 P2=  -1 T1=1022 T2= 875  P=  -1  D=  -1 
 X= 964 X2=1023  Y= 966 Y2=1023 P1=1023 P2=  -1 T1=1022 T2= 899  P=  -1  D=  -1 
 X= 962 X2=1008  Y= 973 Y2=1021 P1=1023 P2=  -1 T1=1023 T2= 919  P=  -1  D=  -1 
 X= 968 X2= 990  Y= 979 Y2=1021 P1=1023 P2=  -1 T1=1023 T2= 922  P=  -1  D=  -1 
 X= 957 X2=1023  Y= 986 Y2=1020 P1=1023 P2=  -1 T1=1020 T2= 911  P=  -1  D=  -1 
 X= 864 X2=1019  Y= 902 Y2=1020 P1=1023 P2=  -1 T1=1020 T2= 872  P=  -1  D=  -1 
 X= 911 X2=1018  Y= 993 Y2=1022 P1=1023 P2=  -1 T1=1021 T2= 915  P=  -1  D=  -1 
 X= 872 X2=1023  Y= 983 Y2=1023 P1=1023 P2=  -1 T1=1023 T2= 884  P=  -1  D=  -1 
 X=1022 X2=1015  Y= 978 Y2=1021 P1=1023 P2=  -1 T1=1023 T2= 903  P=  -1  D=  -1 
 X= 987 X2=1008  Y= 975 Y2=1023 P1=1020 P2=  -1 T1=1023 T2= 916  P=  -1  D=  -1 
 X= 965 X2=1023  Y= 975 Y2=1023 P1=1023 P2=  -1 T1=1023 T2= 922  P=  -1  D=  -1 
 X= 939 X2=1023  Y= 986 Y2=1020 P1=1023 P2=  -1 T1=1020 T2= 890  P=  -1  D=  -1 
 X= 874 X2=1023  Y= 985 Y2=1019 P1=1023 P2=  -1 T1=1023 T2= 900  P=  -1  D=  -1 
 X= 905 X2=1023  Y= 984 Y2=1023 P1=1023 P2=  -1 T1=1023 T2= 896  P=  -1  D=  -1 
 X= 935 X2=1023  Y= 980 Y2=1021 P1=1023 P2=  -1 T1=1022 T2= 926  P=  -1  D=  -1 
 X= 948 X2=1017  Y= 971 Y2=1023 P1=1023 P2=  -1 T1=1019 T2= 915  P=  -1  D=  -1 
 X= 931 X2=1018  Y= 986 Y2=1021 P1=1023 P2=  -1 T1=1023 T2= 926  P=  -1  D=  -1 
 X=1016 X2=1005  Y= 988 Y2=1019 P1=1023 P2=  -1 T1=1023 T2= 902  P=  -1  D=  -1 
 X=1018 X2= 995  Y= 982 Y2=1023 P1=1023 P2=  -1 T1=1021 T2= 923  P=  -1  D=  -1 
 X=1023 X2=1014  Y= 991 Y2=1023 P1=1023 P2=  -1 T1=1023 T2= 937  P=  -1  D=  -1 
 X=1004 X2=1006  Y= 984 Y2=1023 P1=1023 P2=  -1 T1=1022 T2= 907  P=  -1  D=  -1 
 X=1023 X2=1010  Y= 979 Y2=1020 P1=1023 P2=  -1 T1=1021 T2= 913  P=  -1  D=  -1 
 X= 963 X2=1016  Y= 980 Y2=1020 P1=1023 P2=  -1 T1=1020 T2= 909  P=  -1  D=  -1 
 X= 908 X2=1023  Y= 989 Y2=1020 P1=1023 P2=  -1 T1=1021 T2= 924  P=  -1  D=  -1 
 X= 828 X2=1023  Y= 974 Y2=1020 P1=1023 P2=  -1 T1=1021 T2= 914  P=  -1  D=  -1 
 X= 928 X2=1018  Y= 970 Y2=1020 P1=1023 P2=  -1 T1=1022 T2= 910  P=  -1  D=  -1 
 X=1009 X2=1005  Y= 984 Y2=1023 P1=1023 P2=  -1 T1=1023 T2= 923  P=  -1  D=  -1 
 X=1023 X2=1010  Y= 982 Y2=1020 P1=1023 P2=  -1 T1=1023 T2= 913  P=  -1  D=  -1 
 X=1010 X2= 997  Y= 973 Y2=1021 P1=1023 P2=  -1 T1=1023 T2= 903  P=  -1  D=  -1 
 X= 889 X2=1023  Y= 988 Y2=1023 P1=1023 P2=  -1 T1=1023 T2= 889  P=  -1  D=  -1 
 X= 959 X2= 992  Y= 984 Y2=1021 P1=1023 P2=  -1 T1=1023 T2= 914  P=  -1  D=  -1 
 X= 858 X2=1023  Y= 978 Y2=1021 P1=1023 P2=  -1 T1=1023 T2= 907  P=  -1  D=  -1 
 X= 859 X2=1023  Y= 983 Y2=1020 P1=1023 P2=  -1 T1=1023 T2= 895  P=  -1  D=  -1 
 X=1008 X2= 996  Y= 974 Y2=1023 P1=1023 P2=  -1 T1=1023 T2= 902  P=  -1  D=  -1 
 X= 898 X2=1023  Y= 989 Y2=1021 P1=1023 P2=  -1 T1=1023 T2= 929  P=  -1  D=  -1 
 X= 946 X2=1019  Y= 980 Y2=1023 P1=1023 P2=  -1 T1=1023 T2= 912  P=  -1  D=  -1 
 X=1023 X2=1015  Y= 975 Y2=1021 P1=1023 P2=  -1 T1=1023 T2= 909  P=  -1  D=  -1 
 X=1023 X2=1006  Y= 967 Y2=1020 P1=1023 P2=  -1 T1=1020 T2= 902  P=  -1  D=  -1 
 X= 944 X2=1022  Y= 974 Y2=1023 P1=1023 P2=  -1 T1=1023 T2= 898  P=  -1  D=  -1 
 X= 948 X2=1023  Y= 978 Y2=1021 P1=1023 P2=  -1 T1=1019 T2= 924  P=  -1  D=  -1 
 X= 957 X2=1023  Y= 979 Y2=1023 P1=1023 P2=  -1 T1=1021 T2= 919  P=  -1  D=  -1 
 X= 956 X2=1023  Y= 966 Y2=1023 P1=1023 P2=  -1 T1=1023 T2= 896  P=  -1  D=  -1 
 X= 869 X2=1023  Y= 984 Y2=1023 P1=1023 P2=  -1 T1=1021 T2= 917  P=  -1  D=  -1 
 X=1016 X2= 997  Y= 976 Y2=1023 P1=1023 P2=  -1 T1=1021 T2= 884  P=  -1  D=  -1 
 X= 979 X2=1016  Y= 987 Y2=1023 P1=1023 P2=  -1 T1=1021 T2= 895  P=  -1  D=  -1 
 X= 970 X2= 996  Y= 984 Y2=1020 P1=1023 P2=  -1 T1=1021 T2= 916  P=  -1  D=  -1 
 X=1023 X2=1009  Y= 973 Y2=1023 P1=1023 P2=  -1 T1=1021 T2= 904  P=  -1  D=  -1 
 X= 935 X2= 999  Y= 984 Y2=1020 P1=1023 P2=  -1 T1=1021 T2= 923  P=  -1  D=  -1 
 X= 911 X2=1023  Y= 973 Y2=1022 P1=1023 P2=  -1 T1=1023 T2= 908  P=  -1  D=  -1 
 X= 904 X2=1023  Y= 974 Y2=1023 P1=1023 P2=  -1 T1=1023 T2= 963  P=  -1  D=  -1 
 X= 916 X2=1022  Y= 984 Y2=1023 P1=1023 P2=  -1 T1=1020 T2= 909  P=  -1  D=  -1 
 X= 927 X2=1023  Y= 975 Y2=1022 P1=1023 P2=  -1 T1=1022 T2= 900  P=  -1  D=  -1 
 X= 917 X2=1023  Y=1019 Y2=1021 P1=1023 P2=  -1 T1=1023 T2=1023  P=  -1  D=  -1 
 X= 937 X2=1023  Y= 978 Y2=1023 P1=1023 P2=  -1 T1=1021 T2= 918  P=  -1  D=  -1 
 X= 939 X2= 981  Y= 971 Y2=1023 P1=1023 P2=  -1 T1=1023 T2= 936  P=  -1  D=  -1 
 X=1023 X2=1010  Y= 979 Y2=1020 P1=1023 P2=  -1 T1=1023 T2= 915  P=  -1  D=  -1 
 X= 956 X2=1022  Y= 963 Y2=1021 P1=1023 P2=  -1 T1=1023 T2= 909  P=  -1  D=  -1 
 X= 877 X2=1023  Y= 983 Y2=1023 P1=1023 P2=  -1 T1=1023 T2= 907  P=  -1  D=  -1 
 X= 902 X2=1023  Y= 977 Y2=1023 P1=1023 P2=  -1 T1=1021 T2= 912  P=  -1  D=  -1 
 X= 934 X2=1022  Y= 983 Y2=1021 P1=1023 P2=  -1 T1=1020 T2= 916  P=  -1  D=  -1 
 X= 870 X2=1023  Y= 989 Y2=1021 P1=1023 P2=  -1 T1=1023 T2= 922  P=  -1  D=  -1 
 X=1023 X2=1004  Y= 985 Y2=1023 P1=1023 P2=  -1 T1=1023 T2= 928  P=  -1  D=  -1 
 X= 981 X2= 997  Y= 971 Y2=1020 P1=1023 P2=  -1 T1=1021 T2= 920  P=  -1  D=  -1 
 X= 912 X2=1023  Y= 992 Y2=1022 P1=1023 P2=  -1 T1=1023 T2= 908  P=  -1  D=  -1 
 X= 943 X2=1023  Y= 987 Y2=1020 P1=1023 P2=  -1 T1=1020 T2= 905  P=  -1  D=  -1 
 X= 944 X2= 993  Y= 978 Y2=1021 P1=1023 P2=  -1 T1=1021 T2= 918  P=  -1  D=  -1 
 X= 891 X2=1023  Y= 981 Y2=1021 P1=1023 P2=  -1 T1=1023 T2= 916  P=  -1  D=  -1 
 X= 889 X2=1023  Y= 992 Y2=1021 P1=1023 P2=  -1 T1=1022 T2= 900  P=  -1  D=  -1 
 X= 984 X2=1016  Y= 987 Y2=1020 P1=1023 P2=  -1 T1=1021 T2= 940  P=  -1  D=  -1 
 X= 866 X2=1021  Y= 979 Y2=1020 P1=1023 P2=  -1 T1=1023 T2= 925  P=  -1  D=  -1 
 X=1023 X2=1007  Y= 970 Y2=1023 P1=1023 P2=  -1 T1=1021 T2= 914  P=  -1  D=  -1 
 X=1023 X2=1013  Y= 987 Y2=1020 P1=1023 P2=  -1 T1=1023 T2= 907  P=  -1  D=  -1 
 X= 939 X2=1023  Y= 973 Y2=1023 P1=1023 P2=  -1 T1=1021 T2= 927  P=  -1  D=  -1 
 X= 935 X2=1023  Y= 988 Y2=1020 P1=1023 P2=  -1 T1=1020 T2= 914  P=  -1  D=  -1 
 X= 958 X2=1023  Y= 982 Y2=1023 P1=1023 P2=  -1 T1=1023 T2= 908  P=  -1  D=  -1 
 X= 917 X2=1019  Y= 978 Y2=1022 P1=1023 P2=  -1 T1=1021 T2= 912  P=  -1  D=  -1 
 X= 778 X2=1023  Y= 972 Y2=1023 P1=1023 P2=  -1 T1=1021 T2= 896  P=  -1  D=  -1 
 X= 968 X2=1014  Y= 980 Y2=1021 P1=1023 P2=  -1 T1=1021 T2= 899  P=  -1  D=  -1 
 X= 919 X2=1015  Y= 976 Y2=1023 P1=1023 P2=  -1 T1=1023 T2= 916  P=  -1  D=  -1 
 X= 948 X2=1020  Y= 974 Y2=1023 P1=1023 P2=  -1 T1=1023 T2= 921  P=  -1  D=  -1 
 X= 996 X2=1003  Y= 983 Y2=1023 P1=1023 P2=  -1 T1=1023 T2= 933  P=  -1  D=  -1 
 X=1023 X2=1017  Y= 974 Y2=1021 P1=1023 P2=  -1 T1=1021 T2= 899  P=  -1  D=  -1 
 X= 930 X2=1023  Y= 975 Y2=1021 P1=1023 P2=  -1 T1=1023 T2= 893  P=  -1  D=  -1 
 X= 965 X2=1023  Y= 974 Y2=1019 P1=1023 P2=  -1 T1=1023 T2= 913  P=  -1  D=  -1 
 X= 963 X2=1023  Y= 976 Y2=1021 P1=1023 P2=  -1 T1=1021 T2= 906  P=  -1  D=  -1 
 X= 935 X2=1023  Y= 988 Y2=1023 P1=1023 P2=  -1 T1=1021 T2= 912  P=  -1  D=  -1 
 X= 888 X2=1023  Y= 974 Y2=1022 P1=1023 P2=  -1 T1=1021 T2= 891  P=  -1  D=  -1 
 X= 924 X2=1022  Y= 975 Y2=1023 P1=1023 P2=  -1 T1=1023 T2= 908  P=  -1  D=  -1 
 X= 907 X2=1023  Y= 981 Y2=1023 P1=1023 P2=  -1 T1=1020 T2= 906  P=  -1  D=  -1 
 X= 944 X2=1017  Y= 976 Y2=1021 P1=1023 P2=  -1 T1=1021 T2= 921  P=  -1  D=  -1 
 X=1023 X2=1009  Y= 979 Y2=1020 P1=1023 P2=  -1 T1=1020 T2= 905  P=  -1  D=  -1 
 X= 866 X2=1021  Y= 981 Y2=1021 P1=1023 P2=  -1 T1=1022 T2= 908  P=  -1  D=  -1 
 X= 900 X2=1023  Y= 976 Y2=1021 P1=1023 P2=  -1 T1=1021 T2= 897  P=  -1  D=  -1 
 X= 967 X2=1022  Y= 973 Y2=1023 P1=1023 P2=  -1 T1=1023 T2= 900  P=  -1  D=  -1 
 X= 860 X2=1023  Y= 975 Y2=1021 P1=1023 P2=  -1 T1=1020 T2= 911  P=  -1  D=  -1 
 X= 814 X2=1023  Y= 977 Y2=1021 P1=1023 P2=  -1 T1=1021 T2= 907  P=  -1  D=  -1 
 X=1015 X2= 991  Y= 988 Y2=1023 P1=1023 P2=  -1 T1=1023 T2= 896  P=  -1  D=  -1 
 X= 950 X2=1023  Y= 963 Y2=1021 P1=1023 P2=  -1 T1=1023 T2= 912  P=  -1  D=  -1 
 X= 921 X2=1023  Y= 970 Y2=1021 P1=1023 P2=  -1 T1=1023 T2= 921  P=  -1  D=  -1 
 X=1023 X2=1010  Y= 978 Y2=1021 P1=1023 P2=  -1 T1=1021 T2= 910  P=  -1  D=  -1 
 X=1021 X2=1015  Y= 984 Y2=1023 P1=1023 P2=  -1 T1=1023 T2= 904  P=  -1  D=  -1 
 X= 942 X2=1023  Y= 975 Y2=1023 P1=1023 P2=  -1 T1=1020 T2= 910  P=  -1  D=  -1 
 X= 863 X2=1023  Y= 972 Y2=1021 P1=1023 P2=  -1 T1=1023 T2= 919  P=  -1  D=  -1 
 X=1014 X2=1019  Y= 983 Y2=1021 P1=1023 P2=  -1 T1=1023 T2= 912  P=  -1  D=  -1 
 X= 901 X2=1023  Y= 967 Y2=1020 P1=1023 P2=  -1 T1=1023 T2= 916  P=  -1  D=  -1 
 X= 996 X2= 998  Y= 980 Y2=1021 P1=1023 P2=  -1 T1=1023 T2= 920  P=  -1  D=  -1 
 X= 969 X2=1009  Y= 985 Y2=1023 P1=1023 P2=  -1 T1=1021 T2= 918  P=  -1  D=  -1 
 X= 971 X2=1016  Y= 967 Y2=1021 P1=1023 P2=  -1 T1=1023 T2= 912  P=  -1  D=  -1 
 X= 962 X2= 998  Y= 989 Y2=1019 P1=1023 P2=  -1 T1=1023 T2= 911  P=  -1  D=  -1 
 X= 961 X2= 996  Y= 975 Y2=1023 P1=1023 P2=  -1 T1=1023 T2= 906  P=  -1  D=  -1 
 X= 846 X2=1023  Y= 975 Y2=1021 P1=1023 P2=  -1 T1=1020 T2= 896  P=  -1  D=  -1 
 X= 909 X2=1023  Y= 984 Y2=1023 P1=1023 P2=  -1 T1=1021 T2= 910  P=  -1  D=  -1 
 X= 976 X2=1019  Y= 991 Y2=1022 P1=1023 P2=  -1 T1=1022 T2= 910  P=  -1  D=  -1 
 X= 843 X2=1023  Y= 975 Y2=1023 P1=1023 P2=  -1 T1=1023 T2= 929  P=  -1  D=  -1 
 X= 910 X2=1023  Y= 974 Y2=1023 P1=1023 P2=  -1 T1=1021 T2= 901  P=  -1  D=  -1 
 X= 997 X2=1006  Y= 977 Y2=1023 P1=1023 P2=  -1 T1=1021 T2= 917  P=  -1  D=  -1 
 X= 993 X2= 996  Y= 985 Y2=1021 P1=1023 P2=  -1 T1=1022 T2= 912  P=  -1  D=  -1 
 X= 930 X2=1023  Y= 981 Y2=1021 P1=1023 P2=  -1 T1=1022 T2= 896  P=  -1  D=  -1 
 X= 947 X2=1023  Y= 979 Y2=1023 P1=1023 P2=  -1 T1=1021 T2= 904  P=  -1  D=  -1 
 X= 959 X2=1023  Y= 981 Y2=1021 P1=1023 P2=  -1 T1=1023 T2= 920  P=  -1  D=  -1 
 X=1023 X2=1018  Y= 982 Y2=1020 P1=1023 P2=  -1 T1=1023 T2= 916  P=  -1  D=  -1 
 X=1023 X2=1006  Y= 975 Y2=1020 P1=1023 P2=  -1 T1=1022 T2= 896  P=  -1  D=  -1 
 X= 929 X2=1023  Y= 981 Y2=1021 P1=1023 P2=  -1 T1=1023 T2= 908  P=  -1  D=  -1 
 X= 910 X2=1023  Y= 977 Y2=1018 P1=1023 P2=  -1 T1=1023 T2= 920  P=  -1  D=  -1 
 X= 956 X2=1005  Y= 975 Y2=1020 P1=1023 P2=  -1 T1=1021 T2= 895  P=  -1  D=  -1 
 X=1022 X2=1016  Y= 985 Y2=1021 P1=1023 P2=  -1 T1=1023 T2= 913  P=  -1  D=  -1 
 X= 888 X2=1023  Y= 986 Y2=1023 P1=1023 P2=  -1 T1=1023 T2= 920  P=  -1  D=  -1 
 X= 939 X2=1023  Y= 983 Y2=1020 P1=1023 P2=  -1 T1=1019 T2= 899  P=  -1  D=  -1 
 X= 947 X2=1023  Y= 973 Y2=1021 P1=1023 P2=  -1 T1=1023 T2= 888  P=  -1  D=  -1 
 X= 856 X2=1023  Y= 977 Y2=1023 P1=1023 P2=  -1 T1=1023 T2= 895  P=  -1  D=  -1 
 X= 894 X2=1023  Y= 980 Y2=1023 P1=1023 P2=  -1 T1=1023 T2= 919  P=  -1  D=  -1 
 X= 976 X2=1015  Y= 986 Y2=1023 P1=1023 P2=  -1 T1=1023 T2= 903  P=  -1  D=  -1 
 X= 910 X2=1022  Y= 981 Y2=1020 P1=1023 P2=  -1 T1=1023 T2= 917  P=  -1  D=  -1 
 X= 929 X2=1023  Y= 976 Y2=1020 P1=1023 P2=  -1 T1=1020 T2= 903  P=  -1  D=  -1 
 X= 949 X2= 992  Y= 985 Y2=1020 P1=1023 P2=  -1 T1=1021 T2= 913  P=  -1  D=  -1 
 X= 836 X2=1019  Y= 516 Y2= 516 P1= 809 P2= 399 T1=1021 T2=  17  P=  -1  D=  -1 
 X=1023 X2=1009  Y= 977 Y2=1020 P1=1023 P2=   0 T1=1020 T2= 915  P=  -1  D=  -1 
 X= 940 X2=1023  Y= 981 Y2=1022 P1=1023 P2=   0 T1=1020 T2= 901  P=  -1  D=  -1 
 X= 922 X2=1022  Y= 977 Y2=1020 P1=1023 P2=   0 T1=1023 T2= 933  P=  -1  D=  -1 
 X= 530 X2= 531  Y= 516 Y2= 515 P1= 808 P2= 401 T1=  18 T2=  17  P= 537  D=  -1 * 0
 X= 537 X2= 531  Y= 517 Y2= 516 P1= 812 P2= 393 T1=  18 T2=  20  P= 569  D=  -1 * 0
 X= 531 X2= 531  Y= 515 Y2= 516 P1= 811 P2= 394 T1=  18 T2=  18  P= 561  D=  -1 * 0
 X= 530 X2= 531  Y= 516 Y2= 517 P1= 810 P2= 397 T1=  17 T2=  18  P= 551  D=  -1 * 0
 X= 530 X2= 532  Y= 516 Y2= 516 P1= 810 P2= 397 T1=  18 T2=  17  P= 552  D=  -1 * 1
 X= 530 X2= 530  Y= 516 Y2= 517 P1= 809 P2= 397 T1=  16 T2=  18  P= 549  D=  -1 * 2
 X= 530 X2= 530  Y= 516 Y2= 517 P1= 810 P2= 397 T1=  18 T2=  18  P= 551  D=  -1 * 3
 X= 530 X2= 529  Y= 516 Y2= 517 P1= 810 P2= 398 T1=  19 T2=  17  P= 547  D=  -1 * 4
 X= 529 X2= 530  Y= 517 Y2= 516 P1= 810 P2= 397 T1=  17 T2=  18  P= 550  D=  -1 * 5
 X= 530 X2= 529  Y= 516 Y2= 517 P1= 809 P2= 397 T1=  18 T2=  18  P= 548  D=  -1 * 6
 X= 530 X2= 530  Y= 516 Y2= 516 P1= 809 P2= 398 T1=  18 T2=  18  P= 546  D=  -1 * 7
 X= 531 X2= 530  Y= 516 Y2= 516 P1= 809 P2= 397 T1=  17 T2=  18  P= 549  D=  -1 * 8
 X= 529 X2= 530  Y= 516 Y2= 516 P1= 809 P2= 398 T1=  18 T2=  17  P= 545  D=  -1 * 9
 X= 530 X2= 529  Y= 516 Y2= 516 P1= 809 P2= 399 T1=  18 T2=  18  P= 543  D=  -1 * 10
 X= 530 X2= 529  Y= 516 Y2= 516 P1= 807 P2= 399 T1=  18 T2=  17  P= 540  D=  -1 * 11
 X= 530 X2= 530  Y= 518 Y2= 517 P1= 809 P2= 399 T1=  15 T2=  18  P= 544  D=  -1 * 12
 X= 530 X2= 529  Y= 516 Y2= 516 P1= 809 P2= 399 T1=  18 T2=  17  P= 543  D=  -1 * 13
 X= 531 X2= 530  Y= 516 Y2= 516 P1= 809 P2= 399 T1=  17 T2=  18  P= 544  D=  -1 * 14
 X= 530 X2= 530  Y= 516 Y2= 516 P1= 808 P2= 399 T1=  18 T2=  17  P= 543  D=  -1 * 15
 X= 528 X2= 530  Y= 516 Y2= 516 P1= 809 P2= 399 T1=  18 T2=  18  P= 543  D=  -1 * 16
 X= 530 X2= 529  Y= 516 Y2= 516 P1= 808 P2= 399 T1=  18 T2=  18  P= 542  D=  -1 * 17
 X= 530 X2= 530  Y= 516 Y2= 516 P1= 808 P2= 399 T1=  19 T2=  19  P= 543  D=  -1 * 18
 X= 530 X2= 530  Y= 516 Y2= 516 P1= 809 P2= 399 T1=  17 T2=  17  P= 544  D=  -1 * 19
 X= 530 X2= 528  Y= 516 Y2= 516 P1= 809 P2= 399 T1=  17 T2=  18  P= 543  D=  -1 * 20
 X= 531 X2= 530  Y= 517 Y2= 516 P1= 808 P2= 399 T1=  18 T2=  18  P= 543  D=  -1 * 21
 X= 530 X2= 530  Y= 515 Y2= 516 P1= 809 P2= 398 T1=  18 T2=  18  P= 546  D=  -1 * 22
 X= 530 X2= 529  Y= 516 Y2= 516 P1= 809 P2= 399 T1=  18 T2=  17  P= 543  D=  -1 * 23
 X= 529 X2= 530  Y= 517 Y2= 516 P1= 808 P2= 399 T1=  17 T2=  17  P= 542  D=  -1 * 24
Remove Pin
 X= 530 X2= 530  Y= 517 Y2= 515 P1= 809 P2= 399 T1=  18 T2=  18  P= 544  D=  -1 * 24
 X= 530 X2= 529  Y= 516 Y2= 515 P1= 809 P2= 399 T1=  18 T2=  17  P= 543  D=  -1 * 24
 X= 529 X2= 531  Y= 516 Y2= 516 P1= 808 P2= 399 T1=  18 T2=  17  P= 543  D=  -1 * 24
 X= 530 X2= 529  Y= 515 Y2= 516 P1= 808 P2= 399 T1=  18 T2=  18  P= 542  D=  -1 * 24
 X= 530 X2= 529  Y= 516 Y2= 515 P1= 808 P2= 399 T1=  17 T2=  17  P= 542  D=  -1 * 24
 X= 530 X2= 529  Y= 516 Y2= 516 P1= 808 P2= 400 T1=  18 T2=  18  P= 539  D=  -1 * 24
 X= 530 X2= 530  Y= 518 Y2= 516 P1= 809 P2= 399 T1=  18 T2=  18  P= 544  D=  -1 * 24
 X= 530 X2= 530  Y= 516 Y2= 512 P1= 809 P2= 399 T1=  18 T2=  18  P= 544  D=  -1 * 24
 X= 527 X2= 532  Y= 516 Y2= 517 P1= 808 P2= 400 T1=  17 T2=  17  P= 539  D=  -1 * 24
 X= 530 X2= 530  Y= 516 Y2= 516 P1= 808 P2= 399 T1=  17 T2=  18  P= 543  D=  -1 * 24
 X= 530 X2= 529  Y= 516 Y2= 516 P1= 808 P2= 399 T1=  18 T2=  18  P= 542  D=  -1 * 24
 X= 531 X2= 530  Y= 516 Y2= 516 P1= 808 P2= 399 T1=  21 T2=  17  P= 543  D=  -1 * 24
 X= 531 X2= 530  Y= 516 Y2= 516 P1= 809 P2= 399 T1=  18 T2=  18  P= 544  D=  -1 * 24
 X= 529 X2= 530  Y= 516 Y2= 516 P1= 809 P2= 399 T1=  18 T2=  16  P= 543  D=  -1 * 24
 X= 531 X2= 529  Y= 516 Y2= 517 P1= 808 P2= 399 T1=  18 T2=  17  P= 543  D=  -1 * 24
 X= 530 X2= 530  Y= 516 Y2= 516 P1= 809 P2= 399 T1=  18 T2=  17  P= 544  D=  -1 * 24
 X= 530 X2= 529  Y= 516 Y2= 517 P1= 808 P2= 399 T1=  18 T2=  18  P= 542  D=  -1 * 24
 X= 529 X2= 530  Y= 516 Y2= 516 P1= 812 P2= 400 T1=  17 T2=  18  P= 544  D=  -1 * 24
 X= 529 X2= 530  Y= 516 Y2= 516 P1= 808 P2= 399 T1=  18 T2=  18  P= 542  D=  -1 * 24
 X= 529 X2= 532  Y= 516 Y2= 518 P1= 808 P2= 400 T1=  18 T2=  18  P= 540  D=  -1 * 24
 X= 530 X2= 526  Y= 516 Y2= 516 P1= 808 P2= 400 T1=  17 T2=  17  P= 538  D=  -1 * 24
 X= 530 X2= 531  Y= 516 Y2= 516 P1= 808 P2= 399 T1=  17 T2=  17  P= 543  D=  -1 * 24
 X= 530 X2= 530  Y= 516 Y2= 517 P1= 808 P2= 399 T1=  18 T2=  17  P= 543  D=  -1 * 24
 X= 530 X2= 529  Y= 516 Y2= 516 P1= 808 P2= 401 T1=  17 T2=  17  P= 536  D=  -1 * 24
 X= 529 X2= 530  Y= 516 Y2= 515 P1= 806 P2= 403 T1=  16 T2=  18  P= 529  D=  -1 * 24
 X= 860 X2=1023  Y= 978 Y2=1020 P1=1023 P2=   0 T1=1023 T2= 901  P= 529  D=  -1 
 X= 867 X2=1023  Y= 981 Y2=1023 P1=1023 P2=   0 T1=1022 T2= 932  P= 529  D=  -1 
 X=1004 X2=1008  Y= 983 Y2=1023 P1=1023 P2=   0 T1=1020 T2= 912  P= 529  D=  -1 
target state=1 point=23,22
 X= 899 X2=1023  Y= 994 Y2=1022 P1=1023 P2=   0 T1=1020 T2= 918  P= 529  D=  -1 
 X= 940 X2=1023  Y= 982 Y2=1021 P1=1023 P2=   0 T1=1023 T2= 913  P= 529  D=  -1 
 X= 989 X2=1018  Y= 983 Y2=1023 P1=1023 P2=   0 T1=1023 T2= 911  P= 529  D=  -1 
 X= 915 X2=1022  Y= 978 Y2=1023 P1=1023 P2=   0 T1=1021 T2= 899  P= 529  D=  -1 
 X= 945 X2=1023  Y= 984 Y2=1023 P1=1023 P2=   0 T1=1023 T2= 918  P= 529  D=  -1 
 X= 952 X2=1023  Y= 981 Y2=1020 P1=1023 P2=   0 T1=1023 T2= 910  P= 529  D=  -1 
 X= 940 X2=1013  Y= 975 Y2=1021 P1=1023 P2=   0 T1=1023 T2= 894  P= 529  D=  -1 
 X= 817 X2=1023  Y= 983 Y2=1023 P1=1023 P2=   0 T1=1022 T2= 929  P= 529  D=  -1 
 X=1023 X2=1014  Y= 969 Y2=1020 P1=1023 P2=   0 T1=1023 T2= 918  P= 529  D=  -1 
 X=1023 X2=1019  Y= 981 Y2=1023 P1=1023 P2=   0 T1=1023 T2= 934  P= 529  D=  -1 
 X=1008 X2= 997  Y= 970 Y2=1022 P1=1023 P2=   0 T1=1021 T2= 904  P= 529  D=  -1 
 X=1001 X2=1004  Y= 986 Y2=1023 P1=1023 P2=   0 T1=1021 T2= 911  P= 529  D=  -1 
 X=1020 X2= 980  Y= 973 Y2=1020 P1=1023 P2=   0 T1=1021 T2= 922  P= 529  D=  -1 
 X= 833 X2=1023  Y= 986 Y2=1023 P1=1023 P2=   0 T1=1021 T2= 938  P= 529  D=  -1 
 X= 907 X2=1023  Y= 977 Y2=1023 P1=1023 P2=   0 T1=1021 T2= 896  P= 529  D=  -1 
 X= 875 X2=1019  Y= 966 Y2=1023 P1=1023 P2=   0 T1=1020 T2= 902  P= 529  D=  -1 
 X= 945 X2=1019  Y= 978 Y2=1023 P1=1023 P2=   0 T1=1023 T2= 911  P= 529  D=  -1 
 X=1023 X2=1006  Y= 981 Y2=1022 P1=1023 P2=   0 T1=1022 T2= 916  P= 529  D=  -1 
 X=1023 X2=1022  Y= 981 Y2=1020 P1=1023 P2=   0 T1=1021 T2= 918  P= 529  D=  -1 
 X= 971 X2=1023  Y= 979 Y2=1023 P1=1023 P2=   0 T1=1023 T2= 933  P= 529  D=  -1 
 X= 949 X2=1022  Y= 975 Y2=1023 P1=1023 P2=   0 T1=1021 T2= 906  P= 529  D=  -1 
 X= 949 X2=1023  Y= 975 Y2=1021 P1=1023 P2=   0 T1=1022 T2= 911  P= 529  D=  -1 
 X= 833 X2=1023  Y= 982 Y2=1023 P1=1023 P2=   0 T1=1023 T2= 917  P= 529  D=  -1 
 X= 855 X2=1023  Y= 983 Y2=1020 P1=1023 P2=   0 T1=1017 T2= 921  P= 529  D=  -1 
 X= 991 X2=1016  Y= 976 Y2=1022 P1=1023 P2=   0 T1=1023 T2= 919  P= 529  D=  -1 
 X= 814 X2=1023  Y= 968 Y2=1020 P1=1023 P2=   0 T1=1021 T2= 937  P= 529  D=  -1 
 X= 979 X2=1020  Y= 971 Y2=1023 P1=1023 P2=   0 T1=1023 T2= 918  P= 529  D=  -1 
 X= 790 X2=1023  Y= 990 Y2=1021 P1=1023 P2=   0 T1=1021 T2= 913  P= 529  D=  -1 
 X= 871 X2=1017  Y= 988 Y2=1023 P1=1023 P2=   0 T1=1023 T2= 929  P= 529  D=  -1 
 X= 952 X2=1023  Y= 978 Y2=1020 P1=1023 P2=   0 T1=1023 T2= 915  P= 529  D=  -1 
 X= 930 X2=1023  Y= 973 Y2=1023 P1=1023 P2=   0 T1=1023 T2= 902  P= 529  D=  -1 
 X= 880 X2=1018  Y= 983 Y2=1021 P1=1023 P2=   0 T1=1023 T2= 912  P= 529  D=  -1 
 X= 918 X2=1023  Y= 981 Y2=1018 P1=1023 P2=   0 T1=1021 T2= 914  P= 529  D=  -1 
 X= 896 X2=1023  Y= 978 Y2=1023 P1=1023 P2=   0 T1=1023 T2= 903  P= 529  D=  -1 
 X= 984 X2=1010  Y= 978 Y2=1020 P1=1023 P2=   0 T1=1021 T2= 910  P= 529  D=  -1 
 X= 946 X2=1019  Y= 988 Y2=1023 P1=1023 P2=   0 T1=1023 T2= 925  P= 529  D=  -1 
 X= 953 X2=1023  Y= 975 Y2=1023 P1=1023 P2=   0 T1=1023 T2= 916  P= 529  D=  -1 
 X=1023 X2=1008  Y= 978 Y2=1020 P1=1023 P2=   0 T1=1023 T2= 923  P= 529  D=  -1 
 X=1023 X2=1005  Y= 986 Y2=1020 P1=1023 P2=   0 T1=1023 T2= 891  P= 529  D=  -1 
 X=1023 X2=1009  Y= 989 Y2=1023 P1=1023 P2=   0 T1=1021 T2= 893  P= 529  D=  -1 
 X= 932 X2=1023  Y= 979 Y2=1020 P1=1023 P2=   0 T1=1021 T2= 915  P= 529  D=  -1 
 X= 964 X2=1023  Y= 967 Y2=1023 P1=1023 P2=   0 T1=1023 T2= 925  P= 529  D=  -1 
 X= 835 X2=1023  Y= 972 Y2=1023 P1=1023 P2=   0 T1=1022 T2= 908  P= 529  D=  -1 
 X=1002 X2=1005  Y= 987 Y2=1023 P1=1023 P2=   0 T1=1022 T2= 911  P= 529  D=  -1 
 X= 975 X2=1015  Y= 972 Y2=1020 P1=1023 P2=   0 T1=1023 T2= 914  P= 529  D=  -1 
 X= 951 X2=1023  Y= 991 Y2=1023 P1=1023 P2=   0 T1=1021 T2= 895  P= 529  D=  -1 
 X=1023 X2=1014  Y= 976 Y2=1019 P1=1023 P2=   0 T1=1021 T2= 909  P= 529  D=  -1 
 X=1022 X2=1017  Y= 980 Y2=1023 P1=1023 P2=   0 T1=1023 T2= 922  P= 529  D=  -1 
 X= 916 X2=1023  Y= 976 Y2=1023 P1=1023 P2=   0 T1=1023 T2= 922  P= 529  D=  -1 
 X= 955 X2=1023  Y= 980 Y2=1022 P1=1023 P2=   0 T1=1023 T2= 902  P= 529  D=  -1 
 X= 897 X2=1019  Y= 975 Y2=1023 P1=1023 P2=   0 T1=1018 T2= 920  P= 529  D=  -1 
 X= 871 X2=1023  Y= 972 Y2=1023 P1=1023 P2=   0 T1=1023 T2= 931  P= 529  D=  -1 
 X= 912 X2=1023  Y= 985 Y2=1020 P1=1023 P2=   0 T1=1020 T2= 901  P= 529  D=  -1 
 X= 965 X2=1023  Y= 985 Y2=1023 P1=1023 P2=   0 T1=1020 T2= 908  P= 529  D=  -1 
 X= 884 X2=1017  Y= 979 Y2=1023 P1=1023 P2=   0 T1=1023 T2= 902  P= 529  D=  -1 
 X= 965 X2= 997  Y= 975 Y2=1023 P1=1023 P2=   0 T1=1020 T2= 919  P= 529  D=  -1 
 X= 958 X2= 992  Y= 981 Y2=1021 P1=1023 P2=   0 T1=1023 T2= 898  P= 529  D=  -1 
 X= 848 X2=1023  Y= 972 Y2=1023 P1=1023 P2=   0 T1=1023 T2= 911  P= 529  D=  -1 
 X= 239 X2= 237  Y= 326 Y2= 319 P1= 687 P2= 181 T1=  21 T2= 186  P= 529  D=  -1 * 0
 X= 969 X2= 249  Y= 332 Y2=1021 P1=1023 P2=   0 T1=1023 T2=1018  P= 529  D=  -1 
 X= 239 X2= 238  Y= 327 Y2= 320 P1= 684 P2= 195 T1=  21 T2=  22  P= 596  D=  -1 * 0
 X= 239 X2= 238  Y= 327 Y2= 320 P1= 692 P2= 192 T1=  22 T2=  22  P= 619  D=  -1 * 0
 X= 241 X2= 238  Y= 328 Y2= 320 P1= 689 P2= 194 T1=  21 T2=  22  P= 609  D=  -1 * 0
 X= 241 X2= 240  Y= 327 Y2= 321 P1= 688 P2= 195 T1=  22 T2=  21  P= 606  D=  -1 * 1
 X= 240 X2= 238  Y= 326 Y2= 321 P1= 688 P2= 195 T1=  21 T2=  21  P= 604  D=  -1 * 2
 X= 241 X2= 236  Y= 327 Y2= 321 P1= 687 P2= 196 T1=  22 T2=  22  P= 596  D=  -1 * 3
 X= 240 X2= 238  Y= 328 Y2= 320 P1= 686 P2= 196 T1=  21 T2=  22  P= 597  D=  -1 * 4
 X= 240 X2= 237  Y= 328 Y2= 321 P1= 685 P2= 196 T1=  21 T2=  21  P= 593  D=  -1 * 5
 X= 240 X2= 237  Y= 328 Y2= 321 P1= 685 P2= 197 T1=  21 T2=  21  P= 589  D=  -1 * 6
 X= 240 X2= 238  Y= 328 Y2= 320 P1= 685 P2= 197 T1=  21 T2=  21  P= 592  D=  -1 * 7
 X= 239 X2= 238  Y= 327 Y2= 321 P1= 685 P2= 196 T1=  21 T2=  22  P= 593  D=  -1 * 8
 X= 240 X2= 238  Y= 327 Y2= 321 P1= 685 P2= 197 T1=  21 T2=  21  P= 592  D=  -1 * 9
 X= 240 X2= 238  Y= 328 Y2= 321 P1= 685 P2= 197 T1=  21 T2=  21  P= 592  D=  -1 * 10
 X= 241 X2= 238  Y= 328 Y2= 321 P1= 685 P2= 196 T1=  21 T2=  21  P= 596  D=  -1 * 11
 X= 241 X2= 238  Y= 328 Y2= 321 P1= 685 P2= 197 T1=  22 T2=  21  P= 592  D=  -1 * 12
 X= 239 X2= 237  Y= 326 Y2= 321 P1= 685 P2= 196 T1=  21 T2=  21  P= 593  D=  -1 * 13
 X= 240 X2= 239  Y= 328 Y2= 321 P1= 685 P2= 197 T1=  21 T2=  22  P= 592  D=  -1 * 14
 X= 240 X2= 237  Y= 327 Y2= 321 P1= 684 P2= 196 T1=  21 T2=  23  P= 592  D=  -1 * 15
 X= 240 X2= 239  Y= 328 Y2= 321 P1= 685 P2= 197 T1=  21 T2=  21  P= 592  D=  -1 * 16
 X= 240 X2= 238  Y= 328 Y2= 321 P1= 685 P2= 197 T1=  21 T2=  22  P= 592  D=  -1 * 17
 X= 240 X2= 238  Y= 328 Y2= 320 P1= 684 P2= 197 T1=  21 T2=  20  P= 590  D=  -1 * 18
 X= 240 X2= 238  Y= 327 Y2= 321 P1= 685 P2= 197 T1=  21 T2=  21  P= 592  D=  -1 * 19
 X= 240 X2= 238  Y= 327 Y2= 321 P1= 685 P2= 197 T1=  20 T2=  21  P= 592  D=  -1 * 20
 X= 241 X2= 238  Y= 327 Y2= 321 P1= 684 P2= 197 T1=  21 T2=  20  P= 590  D=  -1 * 21
 X= 241 X2= 238  Y= 327 Y2= 321 P1= 685 P2= 197 T1=  21 T2=  21  P= 592  D=  -1 * 22
 X= 240 X2= 238  Y= 327 Y2= 321 P1= 686 P2= 196 T1=  21 T2=  21  P= 597  D=  -1 * 23
 X= 240 X2= 238  Y= 328 Y2= 320 P1= 685 P2= 197 T1=  21 T2=  21  P= 592  D=  -1 * 24
Remove Pin
 X= 240 X2= 238  Y= 327 Y2= 320 P1= 685 P2= 196 T1=  21 T2=  22  P= 596  D=  -1 * 24
 X= 240 X2= 238  Y= 328 Y2= 320 P1= 685 P2= 197 T1=  20 T2=  22  P= 592  D=  -1 * 24
 X= 240 X2= 238  Y= 328 Y2= 321 P1= 685 P2= 197 T1=  21 T2=  21  P= 592  D=  -1 * 24
 X= 241 X2= 238  Y= 327 Y2= 321 P1= 684 P2= 197 T1=  22 T2=  21  P= 590  D=  -1 * 24
 X= 240 X2= 238  Y= 328 Y2= 320 P1= 684 P2= 197 T1=  22 T2=  21  P= 590  D=  -1 * 24
 X= 239 X2= 238  Y= 329 Y2= 321 P1= 684 P2= 197 T1=  21 T2=  21  P= 588  D=  -1 * 24
 X= 240 X2= 238  Y= 327 Y2= 319 P1= 684 P2= 197 T1=  21 T2=  21  P= 590  D=  -1 * 24
 X= 240 X2= 238  Y= 327 Y2= 320 P1= 685 P2= 197 T1=  21 T2=  20  P= 592  D=  -1 * 24
 X= 238 X2= 238  Y= 327 Y2= 320 P1= 685 P2= 196 T1=  21 T2=  21  P= 593  D=  -1 * 24
 X= 240 X2= 238  Y= 327 Y2= 320 P1= 684 P2= 196 T1=  21 T2=  20  P= 594  D=  -1 * 24
 X= 241 X2= 238  Y= 328 Y2= 321 P1= 684 P2= 199 T1=  20 T2=  21  P= 582  D=  -1 * 24
 X= 240 X2= 237  Y= 326 Y2= 320 P1= 684 P2= 197 T1=  21 T2=  21  P= 588  D=  -1 * 24
 X= 240 X2= 239  Y= 328 Y2= 320 P1= 684 P2= 197 T1=  21 T2=  21  P= 590  D=  -1 * 24
 X= 242 X2= 238  Y= 327 Y2= 321 P1= 684 P2= 197 T1=  20 T2=  20  P= 593  D=  -1 * 24
 X= 241 X2= 238  Y= 328 Y2= 320 P1= 684 P2= 197 T1=  21 T2=  21  P= 590  D=  -1 * 24
 X= 240 X2= 238  Y= 328 Y2= 321 P1= 684 P2= 197 T1=  22 T2=  21  P= 590  D=  -1 * 24
 X= 240 X2= 238  Y= 328 Y2= 321 P1= 685 P2= 197 T1=  21 T2=  21  P= 592  D=  -1 * 24
 X= 240 X2= 238  Y= 328 Y2= 320 P1= 684 P2= 197 T1=  21 T2=  20  P= 590  D=  -1 * 24
 X= 240 X2= 238  Y= 328 Y2= 321 P1= 685 P2= 196 T1=  21 T2=  21  P= 596  D=  -1 * 24
 X= 240 X2= 237  Y= 327 Y2= 320 P1= 684 P2= 197 T1=  21 T2=  20  P= 588  D=  -1 * 24
 X= 240 X2= 237  Y= 326 Y2= 320 P1= 682 P2= 198 T1=  21 T2=  17  P= 581  D=  -1 * 24
 X= 943 X2=1023  Y= 974 Y2=1023 P1=1023 P2=   0 T1=1023 T2= 896  P= 581  D=  -1 
 X=1023 X2=1015  Y= 979 Y2=1023 P1=1023 P2=   0 T1=1023 T2= 912  P= 581  D=  -1 
 X= 993 X2=1023  Y= 983 Y2=1021 P1=1023 P2=   0 T1=1021 T2= 911  P= 581  D=  -1 
target state=2 point=456,22
 X=1022 X2=1008  Y= 971 Y2=1023 P1=1023 P2=   0 T1=1023 T2= 938  P= 581  D=  -1 
 X= 935 X2=1023  Y= 989 Y2=1023 P1=1023 P2=   0 T1=1023 T2= 899  P= 581  D=  -1 
 X= 920 X2=1023  Y= 967 Y2=1020 P1=1023 P2=   0 T1=1023 T2= 910  P= 581  D=  -1 
 X= 825 X2=1023  Y= 980 Y2=1023 P1=1023 P2=   0 T1=1021 T2= 922  P= 581  D=  -1 
 X=1023 X2=1015  Y= 981 Y2=1021 P1=1023 P2=   0 T1=1023 T2= 909  P= 581  D=  -1 
 X= 932 X2=1023  Y= 977 Y2=1023 P1=1023 P2=   0 T1=1021 T2= 913  P= 581  D=  -1 
 X= 945 X2=1023  Y= 980 Y2=1023 P1=1023 P2=   0 T1=1023 T2= 903  P= 581  D=  -1 
 X= 953 X2=1023  Y= 982 Y2=1021 P1=1023 P2=   0 T1=1023 T2= 897  P= 581  D=  -1 
 X= 953 X2=1023  Y= 977 Y2=1021 P1=1023 P2=   0 T1=1023 T2= 925  P= 581  D=  -1 
 X= 896 X2=1023  Y= 981 Y2=1023 P1=1023 P2=   0 T1=1023 T2= 906  P= 581  D=  -1 
 X= 916 X2=1023  Y= 962 Y2=1023 P1=1023 P2=   0 T1=1023 T2= 899  P= 581  D=  -1 
 X= 997 X2=1015  Y= 986 Y2=1023 P1=1023 P2=   0 T1=1021 T2= 899  P= 581  D=  -1 
 X= 829 X2=1023  Y= 978 Y2=1019 P1=1023 P2=   0 T1=1023 T2= 914  P= 581  D=  -1 
 X= 955 X2= 991  Y= 968 Y2=1020 P1=1023 P2=   0 T1=1021 T2= 898  P= 581  D=  -1 
 X=1020 X2= 988  Y= 957 Y2=1019 P1=1023 P2=   0 T1=1021 T2= 922  P= 581  D=  -1 
 X=1021 X2= 992  Y= 982 Y2=1020 P1=1023 P2=   0 T1=1021 T2= 909  P= 581  D=  -1 
 X=1008 X2=1023  Y=1001 Y2=1021 P1=1023 P2=   0 T1=1021 T2= 921  P= 581  D=  -1 
 X= 996 X2=1005  Y= 976 Y2=1021 P1=1023 P2=   0 T1=1023 T2= 914  P= 581  D=  -1 
 X= 846 X2=1023  Y= 988 Y2=1023 P1=1023 P2=   0 T1=1023 T2= 890  P= 581  D=  -1 
 X= 965 X2=1023  Y= 973 Y2=1022 P1=1023 P2=   0 T1=1023 T2= 912  P= 581  D=  -1 
 X=1018 X2=1006  Y= 973 Y2=1023 P1=1023 P2=   0 T1=1022 T2= 912  P= 581  D=  -1 
 X= 868 X2=1020  Y= 906 Y2=1023 P1=1023 P2=   0 T1=1020 T2= 909  P= 581  D=  -1 
 X= 952 X2=1023  Y= 975 Y2=1021 P1=1023 P2=   0 T1=1020 T2= 928  P= 581  D=  -1 
 X=1023 X2=1005  Y= 985 Y2=1023 P1=1023 P2=   0 T1=1021 T2= 917  P= 581  D=  -1 
 X=1007 X2= 990  Y= 976 Y2=1021 P1=1023 P2=   0 T1=1023 T2= 912  P= 581  D=  -1 
 X= 893 X2=1023  Y= 975 Y2=1020 P1=1023 P2=   0 T1=1023 T2= 926  P= 581  D=  -1 
 X= 901 X2=1022  Y= 978 Y2=1020 P1=1023 P2=   0 T1=1020 T2= 904  P= 581  D=  -1 
 X= 817 X2=1023  Y= 976 Y2=1023 P1=1023 P2=   0 T1=1023 T2= 909  P= 581  D=  -1 
 X= 857 X2=1023  Y= 973 Y2=1023 P1=1023 P2=   0 T1=1023 T2= 913  P= 581  D=  -1 
 X= 911 X2=1023  Y= 979 Y2=1023 P1=1023 P2=   0 T1=1022 T2= 914  P= 581  D=  -1 
 X= 997 X2= 995  Y= 978 Y2=1023 P1=1023 P2=   0 T1=1021 T2= 901  P= 581  D=  -1 
 X= 944 X2=1012  Y= 982 Y2=1023 P1=1023 P2=   0 T1=1023 T2= 925  P= 581  D=  -1 
 X= 965 X2= 980  Y= 985 Y2=1021 P1=1023 P2=   0 T1=1021 T2= 920  P= 581  D=  -1 
 X= 977 X2=1008  Y= 989 Y2=1021 P1=1023 P2=   0 T1=1023 T2= 922  P= 581  D=  -1 
 X= 897 X2=1023  Y= 976 Y2=1020 P1=1023 P2=   0 T1=1021 T2= 910  P= 581  D=  -1 
 X= 902 X2=1023  Y= 981 Y2=1023 P1=1023 P2=   0 T1=1022 T2= 895  P= 581  D=  -1 
 X= 935 X2=1023  Y= 965 Y2=1023 P1=1023 P2=   0 T1=1023 T2= 934  P= 581  D=  -1 
 X= 953 X2=1023  Y= 975 Y2=1023 P1=1023 P2=   0 T1=1023 T2= 898  P= 581  D=  -1 
 X= 846 X2=1023  Y= 965 Y2=1021 P1=1023 P2=   0 T1=1019 T2= 918  P= 581  D=  -1 
 X=1021 X2=1014  Y= 973 Y2=1023 P1=1023 P2=   0 T1=1021 T2= 910  P= 581  D=  -1 
 X= 922 X2=1018  Y= 985 Y2=1023 P1=1023 P2=   0 T1=1021 T2= 923  P= 581  D=  -1 
 X=1023 X2= 997  Y= 988 Y2=1021 P1=1023 P2=   0 T1=1021 T2= 904  P= 581  D=  -1 
 X= 971 X2= 995  Y= 978 Y2=1021 P1=1023 P2=   0 T1=1023 T2= 895  P= 581  D=  -1 
 X=1003 X2= 994  Y= 976 Y2=1021 P1=1023 P2=   0 T1=1023 T2= 931  P= 581  D=  -1 
 X= 925 X2=1023  Y= 972 Y2=1023 P1=1023 P2=   0 T1=1021 T2= 889  P= 581  D=  -1 
 X= 914 X2=1023  Y= 978 Y2=1021 P1=1023 P2=   0 T1=1023 T2= 907  P= 581  D=  -1 
 X= 866 X2=1021  Y= 984 Y2=1023 P1=1023 P2=   0 T1=1020 T2= 907  P= 581  D=  -1 
 X= 803 X2=1023  Y= 980 Y2=1021 P1=1023 P2=   0 T1=1023 T2= 914  P= 581  D=  -1 
 X= 981 X2= 999  Y= 977 Y2=1020 P1=1023 P2=   0 T1=1023 T2= 910  P= 581  D=  -1 
 X= 939 X2=1023  Y=1020 Y2=1023 P1=1023 P2=   0 T1=1023 T2=1020  P= 581  D=  -1 
 X= 959 X2=1022  Y= 989 Y2=1019 P1=1023 P2=   0 T1=1020 T2= 918  P= 581  D=  -1 
 X=1023 X2=1009  Y= 985 Y2=1020 P1=1023 P2=   0 T1=1023 T2= 915  P= 581  D=  -1 
 X=1013 X2=1003  Y= 987 Y2=1023 P1=1023 P2=   0 T1=1022 T2= 933  P= 581  D=  -1 
 X= 873 X2=1023  Y= 983 Y2=1021 P1=1023 P2=   0 T1=1023 T2= 915  P= 581  D=  -1 
 X= 972 X2= 992  Y= 974 Y2=1020 P1=1023 P2=   0 T1=1023 T2= 920  P= 581  D=  -1 
 X= 986 X2=1017  Y= 971 Y2=1023 P1=1023 P2=   0 T1=1021 T2= 908  P= 581  D=  -1 
 X= 913 X2=1018  Y= 985 Y2=1022 P1=1023 P2=   0 T1=1023 T2= 925  P= 581  D=  -1 
 X= 815 X2=1023  Y= 979 Y2=1020 P1=1023 P2=   0 T1=1023 T2= 906  P= 581  D=  -1 
 X=1023 X2=1011  Y= 985 Y2=1023 P1=1023 P2=   0 T1=1022 T2= 919  P= 581  D=  -1 
 X= 987 X2=1005  Y= 986 Y2=1023 P1=1023 P2=   0 T1=1023 T2= 913  P= 581  D=  -1 
 X= 914 X2=1023  Y= 976 Y2=1023 P1=1023 P2=   0 T1=1021 T2= 902  P= 581  D=  -1 
 X=1021 X2= 991  Y= 985 Y2=1023 P1=1023 P2=   0 T1=1023 T2= 911  P= 581  D=  -1 
 X= 846 X2=1023  Y= 984 Y2=1023 P1=1023 P2=   0 T1=1022 T2= 913  P= 581  D=  -1 
 X= 892 X2=1023  Y= 991 Y2=1023 P1=1023 P2=   0 T1=1023 T2= 908  P= 581  D=  -1 
 X= 934 X2=1023  Y= 972 Y2=1023 P1=1023 P2=   0 T1=1023 T2= 908  P= 581  D=  -1 
 X= 873 X2=1020  Y= 986 Y2=1020 P1=1023 P2=   0 T1=1022 T2= 906  P= 581  D=  -1 
 X= 816 X2= 815  Y= 319 Y2= 326 P1= 793 P2= 489 T1=  13 T2=  13  P= 506  D=  -1 * 0
 X=1023 X2= 998  Y= 981 Y2=1021 P1=1023 P2=   0 T1=1020 T2= 898  P= 506  D=  -1 
 X= 816 X2= 815  Y= 323 Y2= 331 P1= 813 P2= 448 T1=  14 T2=  19  P= 663  D=  -1 * 0
 X= 814 X2= 815  Y= 321 Y2= 328 P1= 799 P2= 477 T1=  14 T2=  13  P= 549  D=  -1 * 0
 X= 816 X2= 817  Y= 321 Y2= 328 P1= 801 P2= 475 T1=  14 T2=  15  P= 559  D=  -1 * 0
 X= 816 X2= 814  Y= 323 Y2= 328 P1= 800 P2= 475 T1=  14 T2=  14  P= 557  D=  -1 * 1
 X= 816 X2= 813  Y= 321 Y2= 328 P1= 800 P2= 476 T1=  15 T2=  14  P= 553  D=  -1 * 2
 X= 816 X2= 815  Y= 321 Y2= 328 P1= 800 P2= 477 T1=  14 T2=  14  P= 551  D=  -1 * 3
 X= 813 X2= 815  Y= 321 Y2= 327 P1= 800 P2= 477 T1=  14 T2=  16  P= 551  D=  -1 * 4
 X= 817 X2= 816  Y= 321 Y2= 327 P1= 800 P2= 478 T1=  14 T2=  14  P= 549  D=  -1 * 5
 X= 816 X2= 815  Y= 320 Y2= 328 P1= 799 P2= 478 T1=  14 T2=  16  P= 546  D=  -1 * 6
 X= 816 X2= 815  Y= 320 Y2= 326 P1= 799 P2= 478 T1=  14 T2=  14  P= 546  D=  -1 * 7
 X= 817 X2= 815  Y= 321 Y2= 328 P1= 799 P2= 478 T1=  14 T2=  13  P= 547  D=  -1 * 8
 X= 816 X2= 815  Y= 321 Y2= 328 P1= 799 P2= 478 T1=  14 T2=  14  P= 546  D=  -1 * 9
 X= 816 X2= 815  Y= 321 Y2= 328 P1= 799 P2= 479 T1=  14 T2=  14  P= 544  D=  -1 * 10
 X= 816 X2= 815  Y= 321 Y2= 328 P1= 799 P2= 479 T1=  14 T2=  16  P= 544  D=  -1 * 11
 X= 816 X2= 814  Y= 321 Y2= 327 P1= 799 P2= 479 T1=  14 T2=  14  P= 544  D=  -1 * 12
 X= 820 X2= 816  Y= 322 Y2= 327 P1= 799 P2= 479 T1=  14 T2=  15  P= 546  D=  -1 * 13
 X= 816 X2= 815  Y= 320 Y2= 328 P1= 799 P2= 478 T1=  14 T2=  14  P= 546  D=  -1 * 14
 X= 817 X2= 815  Y= 321 Y2= 327 P1= 799 P2= 479 T1=  14 T2=  14  P= 545  D=  -1 * 15
 X= 815 X2= 815  Y= 321 Y2= 329 P1= 799 P2= 479 T1=  14 T2=  15  P= 544  D=  -1 * 16
 X= 815 X2= 814  Y= 321 Y2= 327 P1= 798 P2= 479 T1=  14 T2=  14  P= 541  D=  -1 * 17
 X= 814 X2= 815  Y= 320 Y2= 327 P1= 799 P2= 479 T1=  15 T2=  15  P= 543  D=  -1 * 18
 X= 814 X2= 815  Y= 320 Y2= 328 P1= 799 P2= 479 T1=  14 T2=  14  P= 543  D=  -1 * 19
 X= 816 X2= 815  Y= 321 Y2= 327 P1= 798 P2= 479 T1=  13 T2=  15  P= 541  D=  -1 * 20
 X= 816 X2= 815  Y= 320 Y2= 327 P1= 799 P2= 480 T1=  14 T2=  14  P= 541  D=  -1 * 21
 X= 814 X2= 815  Y= 321 Y2= 328 P1= 799 P2= 479 T1=  14 T2=  15  P= 543  D=  -1 * 22
 X= 815 X2= 815  Y= 321 Y2= 327 P1= 799 P2= 479 T1=  14 T2=  14  P= 544  D=  -1 * 23
 X= 816 X2= 815  Y= 321 Y2= 328 P1= 799 P2= 480 T1=  14 T2=  13  P= 541  D=  -1 * 24
Remove Pin
 X= 816 X2= 814  Y= 320 Y2= 329 P1= 799 P2= 480 T1=  14 T2=  13  P= 541  D=  -1 * 24
 X= 817 X2= 816  Y= 322 Y2= 327 P1= 798 P2= 479 T1=  13 T2=  14  P= 542  D=  -1 * 24
 X= 816 X2= 815  Y= 320 Y2= 328 P1= 799 P2= 479 T1=  14 T2=  14  P= 544  D=  -1 * 24
 X= 815 X2= 815  Y= 321 Y2= 327 P1= 799 P2= 479 T1=  14 T2=  14  P= 544  D=  -1 * 24
 X= 816 X2= 815  Y= 320 Y2= 327 P1= 798 P2= 479 T1=  13 T2=  14  P= 541  D=  -1 * 24
 X= 817 X2= 814  Y= 321 Y2= 327 P1= 799 P2= 479 T1=  14 T2=  14  P= 544  D=  -1 * 24
 X= 819 X2= 815  Y= 321 Y2= 327 P1= 799 P2= 479 T1=  15 T2=  14  P= 545  D=  -1 * 24
 X= 816 X2= 815  Y= 320 Y2= 327 P1= 799 P2= 479 T1=  13 T2=  14  P= 544  D=  -1 * 24
 X= 816 X2= 816  Y= 321 Y2= 327 P1= 799 P2= 480 T1=  15 T2=  14  P= 541  D=  -1 * 24
 X= 816 X2= 812  Y= 320 Y2= 327 P1= 797 P2= 480 T1=  14 T2=  14  P= 537  D=  -1 * 24
 X= 816 X2= 815  Y= 321 Y2= 326 P1= 799 P2= 479 T1=  14 T2=  14  P= 544  D=  -1 * 24
 X= 816 X2= 815  Y= 320 Y2= 326 P1= 799 P2= 479 T1=  14 T2=  14  P= 544  D=  -1 * 24
 X= 813 X2= 813  Y= 320 Y2= 325 P1= 798 P2= 479 T1=  12 T2=  15  P= 540  D=  -1 * 24
 X= 816 X2= 814  Y= 321 Y2= 328 P1= 798 P2= 479 T1=  15 T2=  14  P= 541  D=  -1 * 24
 X= 816 X2= 815  Y= 321 Y2= 328 P1= 798 P2= 481 T1=  14 T2=  14  P= 537  D=  -1 * 24
 X= 816 X2= 814  Y= 322 Y2= 327 P1= 799 P2= 480 T1=  14 T2=  14  P= 541  D=  -1 * 24
 X= 816 X2= 814  Y= 320 Y2= 327 P1= 799 P2= 480 T1=  14 T2=  14  P= 541  D=  -1 * 24
 X= 815 X2= 814  Y= 321 Y2= 327 P1= 798 P2= 480 T1=  15 T2=  13  P= 538  D=  -1 * 24
 X= 814 X2= 814  Y= 321 Y2= 328 P1= 802 P2= 474 T1=  14 T2=  14  P= 562  D=  -1 * 24
 X= 816 X2= 814  Y= 321 Y2= 327 P1= 800 P2= 476 T1=  15 T2=  13  P= 554  D=  -1 * 24
 X=1023 X2= 997  Y= 979 Y2=1023 P1=1023 P2=   0 T1=1021 T2= 917  P= 554  D=  -1 
 X= 915 X2=1008  Y= 995 Y2=1021 P1=1023 P2=   0 T1=1021 T2= 910  P= 554  D=  -1 
 X=1022 X2=1023  Y= 985 Y2=1023 P1=1023 P2=   0 T1=1020 T2= 919  P= 554  D=  -1 
target state=3 point=456,249
 X= 894 X2=1023  Y= 983 Y2=1023 P1=1023 P2=   0 T1=1023 T2= 896  P= 554  D=  -1 
 X= 944 X2=1018  Y= 974 Y2=1023 P1=1023 P2=   0 T1=1022 T2= 917  P= 554  D=  -1 
 X=1022 X2= 996  Y= 978 Y2=1023 P1=1023 P2=   0 T1=1022 T2= 889  P= 554  D=  -1 
 X=1015 X2= 995  Y= 978 Y2=1023 P1=1023 P2=   0 T1=1023 T2= 912  P= 554  D=  -1 
 X=1023 X2= 988  Y= 977 Y2=1023 P1=1023 P2=   0 T1=1022 T2= 913  P= 554  D=  -1 
 X= 929 X2=1023  Y= 971 Y2=1020 P1=1023 P2=   0 T1=1023 T2= 912  P= 554  D=  -1 
 X= 959 X2=1023  Y= 974 Y2=1023 P1=1023 P2=   0 T1=1023 T2= 913  P= 554  D=  -1 
 X= 806 X2=1023  Y= 970 Y2=1023 P1=1023 P2=   0 T1=1023 T2= 916  P= 554  D=  -1 
 X= 794 X2=1023  Y= 976 Y2=1023 P1=1023 P2=   0 T1=1021 T2= 902  P= 554  D=  -1 
 X= 990 X2= 999  Y= 978 Y2=1023 P1=1023 P2=   0 T1=1023 T2= 930  P= 554  D=  -1 
 X= 983 X2=1008  Y= 985 Y2=1021 P1=1023 P2=   0 T1=1023 T2= 918  P= 554  D=  -1 
 X= 921 X2=1019  Y= 979 Y2=1023 P1=1023 P2=   0 T1=1023 T2= 919  P= 554  D=  -1 
 X= 949 X2= 994  Y= 982 Y2=1023 P1=1023 P2=   0 T1=1023 T2= 915  P= 554  D=  -1 
 X= 999 X2=1004  Y= 968 Y2=1021 P1=1023 P2=   0 T1=1022 T2= 900  P= 554  D=  -1 
 X= 829 X2=1023  Y= 989 Y2=1023 P1=1023 P2=   0 T1=1023 T2= 914  P= 554  D=  -1 
 X= 862 X2=1023  Y= 975 Y2=1021 P1=1023 P2=   0 T1=1023 T2= 909  P= 554  D=  -1 
 X= 957 X2=1023  Y= 970 Y2=1021 P1=1023 P2=   0 T1=1022 T2= 926  P= 554  D=  -1 
 X= 877 X2=1023  Y= 977 Y2=1020 P1=1023 P2=   0 T1=1021 T2= 916  P= 554  D=  -1 
 X= 821 X2=1023  Y= 972 Y2=1021 P1=1023 P2=   0 T1=1023 T2= 917  P= 554  D=  -1 
 X=1010 X2= 997  Y= 972 Y2=1021 P1=1023 P2=   0 T1=1023 T2= 904  P= 554  D=  -1 
 X= 953 X2=1022  Y= 977 Y2=1022 P1=1023 P2=   0 T1=1023 T2= 910  P= 554  D=  -1 
 X= 931 X2=1023  Y= 977 Y2=1019 P1=1023 P2=   0 T1=1021 T2= 897  P= 554  D=  -1 
 X= 958 X2= 999  Y= 987 Y2=1023 P1=1021 P2=   0 T1=1021 T2= 929  P= 554  D=  -1 
 X= 911 X2=1023  Y= 990 Y2=1020 P1=1023 P2=   0 T1=1021 T2= 928  P= 554  D=  -1 
 X= 897 X2=1023  Y= 967 Y2=1021 P1=1023 P2=   0 T1=1021 T2= 913  P= 554  D=  -1 
 X= 905 X2=1023  Y= 983 Y2=1023 P1=1023 P2=   0 T1=1021 T2= 934  P= 554  D=  -1 
 X= 948 X2=1022  Y= 984 Y2=1022 P1=1023 P2=   0 T1=1023 T2= 881  P= 554  D=  -1 
 X= 788 X2=1023  Y= 976 Y2=1023 P1=1023 P2=   0 T1=1023 T2= 917  P= 554  D=  -1 
 X=1008 X2=1015  Y= 983 Y2=1020 P1=1023 P2=   0 T1=1020 T2= 903  P= 554  D=  -1 
 X= 979 X2=1008  Y= 977 Y2=1023 P1=1023 P2=   0 T1=1023 T2= 906  P= 554  D=  -1 
 X= 910 X2=1023  Y= 976 Y2=1021 P1=1023 P2=   0 T1=1023 T2= 920  P= 554  D=  -1 
 X= 942 X2=1023  Y= 976 Y2=1021 P1=1023 P2=   0 T1=1023 T2= 902  P= 554  D=  -1 
 X= 978 X2=1017  Y=1020 Y2=1023 P1=1023 P2=   0 T1=1023 T2=1020  P= 554  D=  -1 
 X=1005 X2=1007  Y= 981 Y2=1022 P1=1023 P2=   0 T1=1023 T2= 882  P= 554  D=  -1 
 X=1023 X2=1007  Y= 968 Y2=1021 P1=1023 P2=   0 T1=1023 T2= 929  P= 554  D=  -1 
 X= 916 X2=1018  Y= 968 Y2=1023 P1=1023 P2=   0 T1=1021 T2= 919  P= 554  D=  -1 
 X= 935 X2=1020  Y= 982 Y2=1019 P1=1023 P2=   0 T1=1021 T2= 914  P= 554  D=  -1 
 X=1023 X2=1006  Y= 974 Y2=1020 P1=1023 P2=   0 T1=1023 T2= 913  P= 554  D=  -1 
 X= 999 X2=1005  Y= 975 Y2=1022 P1=1023 P2=   0 T1=1023 T2= 914  P= 554  D=  -1 
 X= 987 X2=1016  Y= 966 Y2=1023 P1=1023 P2=   0 T1=1022 T2= 890  P= 554  D=  -1 
 X= 962 X2=1022  Y= 976 Y2=1020 P1=1023 P2=   0 T1=1023 T2= 896  P= 554  D=  -1 
 X=1023 X2=1017  Y= 974 Y2=1023 P1=1023 P2=   0 T1=1020 T2= 933  P= 554  D=  -1 
 X= 817 X2=1023  Y= 973 Y2=1022 P1=1023 P2=   0 T1=1021 T2= 930  P= 554  D=  -1 
 X= 886 X2=1023  Y= 980 Y2=1021 P1=1023 P2=   0 T1=1022 T2= 922  P= 554  D=  -1 
 X= 971 X2=1008  Y= 975 Y2=1023 P1=1023 P2=   0 T1=1023 T2= 854  P= 554  D=  -1 
 X= 871 X2=1015  Y= 968 Y2=1023 P1=1023 P2=   0 T1=1023 T2= 925  P= 554  D=  -1 
 X= 819 X2=1023  Y= 974 Y2=1023 P1=1023 P2=   0 T1=1022 T2= 875  P= 554  D=  -1 
 X= 956 X2= 995  Y= 976 Y2=1023 P1=1023 P2=   0 T1=1023 T2= 896  P= 554  D=  -1 
 X= 842 X2=1023  Y= 983 Y2=1021 P1=1023 P2=   0 T1=1023 T2= 935  P= 554  D=  -1 
 X= 948 X2=1023  Y= 980 Y2=1023 P1=1023 P2=   0 T1=1022 T2= 913  P= 554  D=  -1 
 X= 950 X2=1023  Y= 982 Y2=1023 P1=1023 P2=   0 T1=1020 T2= 913  P= 554  D=  -1 
 X= 931 X2=1022  Y= 978 Y2=1021 P1=1023 P2=   0 T1=1023 T2= 928  P= 554  D=  -1 
 X= 836 X2=1023  Y= 983 Y2=1020 P1=1023 P2=   0 T1=1023 T2= 913  P= 554  D=  -1 
 X= 863 X2=1023  Y= 977 Y2=1022 P1=1023 P2=   0 T1=1022 T2= 880  P= 554  D=  -1 
 X= 986 X2=1011  Y= 976 Y2=1021 P1=1023 P2=   0 T1=1023 T2= 912  P= 554  D=  -1 
 X= 809 X2=1023  Y= 980 Y2=1023 P1=1023 P2=   0 T1=1022 T2= 919  P= 554  D=  -1 
 X= 915 X2= 999  Y= 974 Y2=1021 P1=1023 P2=   0 T1=1023 T2= 903  P= 554  D=  -1 
 X= 967 X2=1023  Y= 983 Y2=1023 P1=1023 P2=   0 T1=1023 T2= 923  P= 554  D=  -1 
 X= 933 X2=1023  Y= 978 Y2=1023 P1=1023 P2=   0 T1=1023 T2= 913  P= 554  D=  -1 
 X= 951 X2=1023  Y= 989 Y2=1020 P1=1023 P2=   0 T1=1022 T2= 909  P= 554  D=  -1 
 X= 931 X2=1023  Y= 970 Y2=1023 P1=1023 P2=   0 T1=1021 T2= 923  P= 554  D=  -1 
 X= 961 X2=1023  Y= 977 Y2=1023 P1=1023 P2=   0 T1=1020 T2= 915  P= 554  D=  -1 
 X= 937 X2=1023  Y= 986 Y2=1023 P1=1023 P2=   0 T1=1023 T2= 919  P= 554  D=  -1 
 X= 986 X2=1013  Y= 982 Y2=1023 P1=1023 P2=   0 T1=1022 T2= 904  P= 554  D=  -1 
 X= 985 X2=1017  Y= 978 Y2=1023 P1=1023 P2=   0 T1=1021 T2= 924  P= 554  D=  -1 
 X= 968 X2=1022  Y= 985 Y2=1023 P1=1023 P2=   0 T1=1023 T2= 914  P= 554  D=  -1 
 X=1023 X2=1009  Y= 970 Y2=1023 P1=1023 P2=   0 T1=1021 T2= 903  P= 554  D=  -1 
 X=1023 X2=1015  Y= 975 Y2=1019 P1=1023 P2=   0 T1=1023 T2= 884  P= 554  D=  -1 
 X= 882 X2=1023  Y= 968 Y2=1021 P1=1023 P2=   0 T1=1023 T2= 918  P= 554  D=  -1 
 X=1023 X2=1003  Y= 968 Y2=1018 P1=1023 P2=   0 T1=1023 T2= 912  P= 554  D=  -1 
 X= 888 X2=1017  Y= 977 Y2=1023 P1=1023 P2=   0 T1=1021 T2= 904  P= 554  D=  -1 
 X= 930 X2=1023  Y= 979 Y2=1020 P1=1023 P2=   0 T1=1023 T2= 927  P= 554  D=  -1 
 X= 814 X2= 816  Y= 704 Y2= 708 P1= 905 P2= 553 T1=  14 T2=  13  P= 518  D=  -1 * 0
 X= 814 X2= 816  Y= 703 Y2= 708 P1= 907 P2= 545 T1=  14 T2=  14  P= 541  D=  -1 * 0
 X= 814 X2= 817  Y= 705 Y2= 708 P1= 909 P2= 535 T1=  15 T2=  15  P= 569  D=  -1 * 0
 X= 815 X2= 816  Y= 704 Y2= 708 P1= 908 P2= 536 T1=  15 T2=  15  P= 565  D=  -1 * 0
 X= 814 X2= 816  Y= 702 Y2= 708 P1= 908 P2= 540 T1=  14 T2=  13  P= 555  D=  -1 * 1
 X= 815 X2= 816  Y= 703 Y2= 708 P1= 908 P2= 540 T1=  14 T2=  15  P= 555  D=  -1 * 2
 X= 815 X2= 816  Y= 703 Y2= 707 P1= 908 P2= 540 T1=  18 T2=  15  P= 555  D=  -1 * 3
 X= 815 X2= 815  Y= 704 Y2= 708 P1= 907 P2= 540 T1=  14 T2=  14  P= 553  D=  -1 * 4
 X= 814 X2= 816  Y= 703 Y2= 698 P1= 907 P2= 541 T1=  14 T2=  14  P= 550  D=  -1 * 5
 X= 814 X2= 816  Y= 704 Y2= 708 P1= 908 P2= 541 T1=  14 T2=  14  P= 552  D=  -1 * 6
 X= 815 X2= 816  Y= 704 Y2= 708 P1= 908 P2= 541 T1=  13 T2=  15  P= 552  D=  -1 * 7
 X= 815 X2= 816  Y= 703 Y2= 708 P1= 908 P2= 541 T1=  15 T2=  14  P= 552  D=  -1 * 8
 X= 814 X2= 817  Y= 702 Y2= 708 P1= 907 P2= 542 T1=  14 T2=  11  P= 548  D=  -1 * 9
 X= 815 X2= 815  Y= 703 Y2= 708 P1= 907 P2= 541 T1=  14 T2=  14  P= 550  D=  -1 * 10
 X= 814 X2= 815  Y= 704 Y2= 707 P1= 907 P2= 541 T1=  14 T2=  13  P= 550  D=  -1 * 11
 X= 815 X2= 814  Y= 702 Y2= 708 P1= 907 P2= 541 T1=  14 T2=  14  P= 550  D=  -1 * 12
 X= 815 X2= 815  Y= 704 Y2= 707 P1= 907 P2= 541 T1=  14 T2=  15  P= 550  D=  -1 * 13
 X= 814 X2= 815  Y= 703 Y2= 707 P1= 908 P2= 542 T1=  14 T2=  13  P= 549  D=  -1 * 14
 X= 815 X2= 815  Y= 703 Y2= 708 P1= 908 P2= 542 T1=  14 T2=  16  P= 550  D=  -1 * 15
 X= 814 X2= 815  Y= 703 Y2= 708 P1= 907 P2= 541 T1=  14 T2=  14  P= 550  D=  -1 * 16
 X= 812 X2= 816  Y= 703 Y2= 708 P1= 907 P2= 542 T1=  14 T2=  14  P= 547  D=  -1 * 17
 X= 815 X2= 815  Y= 703 Y2= 708 P1= 907 P2= 542 T1=  14 T2=  14  P= 548  D=  -1 * 18
 X= 815 X2= 816  Y= 704 Y2= 717 P1= 907 P2= 542 T1=  14 T2=  14  P= 548  D=  -1 * 19
 X= 815 X2= 816  Y= 703 Y2= 708 P1= 907 P2= 542 T1=  14 T2=  15  P= 548  D=  -1 * 20
 X= 815 X2= 815  Y= 705 Y2= 707 P1= 907 P2= 542 T1=  15 T2=  14  P= 548  D=  -1 * 21
 X= 815 X2= 815  Y= 703 Y2= 708 P1= 905 P2= 542 T1=  14 T2=  14  P= 545  D=  -1 * 22
 X= 815 X2= 815  Y= 703 Y2= 708 P1= 907 P2= 542 T1=  14 T2=  14  P= 548  D=  -1 * 23
 X= 813 X2= 815  Y= 703 Y2= 707 P1= 907 P2= 542 T1=  15 T2=  14  P= 547  D=  -1 * 24
Remove Pin
 X= 815 X2= 815  Y= 703 Y2= 708 P1= 908 P2= 542 T1=  14 T2=  12  P= 550  D=  -1 * 24
 X= 812 X2= 816  Y= 703 Y2= 708 P1= 908 P2= 542 T1=  14 T2=  14  P= 549  D=  -1 * 24
 X= 815 X2= 815  Y= 703 Y2= 707 P1= 907 P2= 542 T1=  15 T2=  14  P= 548  D=  -1 * 24
 X= 814 X2= 815  Y= 704 Y2= 708 P1= 907 P2= 542 T1=  14 T2=  14  P= 547  D=  -1 * 24
 X= 815 X2= 815  Y= 705 Y2= 707 P1= 907 P2= 541 T1=  14 T2=  15  P= 550  D=  -1 * 24
 X= 814 X2= 816  Y= 703 Y2= 707 P1= 908 P2= 541 T1=  13 T2=  15  P= 552  D=  -1 * 24
 X= 814 X2= 815  Y= 704 Y2= 707 P1= 907 P2= 542 T1=  15 T2=  14  P= 547  D=  -1 * 24
 X= 815 X2= 815  Y= 705 Y2= 708 P1= 907 P2= 542 T1=  14 T2=  14  P= 548  D=  -1 * 24
 X= 814 X2= 816  Y= 703 Y2= 707 P1= 907 P2= 542 T1=  14 T2=  14  P= 548  D=  -1 * 24
 X= 814 X2= 812  Y= 704 Y2= 707 P1= 909 P2= 542 T1=  14 T2=  13  P= 550  D=  -1 * 24
 X= 814 X2= 815  Y= 704 Y2= 708 P1= 908 P2= 542 T1=  15 T2=  14  P= 549  D=  -1 * 24
 X= 814 X2= 814  Y= 704 Y2= 707 P1= 907 P2= 542 T1=  13 T2=  13  P= 547  D=  -1 * 24
 X= 815 X2= 815  Y= 703 Y2= 708 P1= 907 P2= 542 T1=  14 T2=  15  P= 548  D=  -1 * 24
 X= 815 X2= 815  Y= 704 Y2= 707 P1= 907 P2= 542 T1=  14 T2=  14  P= 548  D=  -1 * 24
 X= 814 X2= 816  Y= 703 Y2= 707 P1= 907 P2= 542 T1=  14 T2=  14  P= 548  D=  -1 * 24
 X= 814 X2= 816  Y= 703 Y2= 707 P1= 907 P2= 542 T1=  15 T2=  14  P= 548  D=  -1 * 24
 X= 814 X2= 815  Y= 704 Y2= 707 P1= 906 P2= 543 T1=  14 T2=  14  P= 543  D=  -1 * 24
 X= 815 X2= 816  Y= 700 Y2= 707 P1= 906 P2= 542 T1=  14 T2=  15  P= 546  D=  -1 * 24
 X= 813 X2= 816  Y= 703 Y2= 708 P1= 907 P2= 542 T1=  14 T2=  14  P= 547  D=  -1 * 24
 X= 815 X2= 815  Y= 704 Y2= 708 P1= 907 P2= 542 T1=  15 T2=  15  P= 548  D=  -1 * 24
 X=1008 X2= 997  Y= 966 Y2=1023 P1=1023 P2=   0 T1=1023 T2= 919  P= 548  D=  -1 
 X= 839 X2=1023  Y= 982 Y2=1020 P1=1023 P2=   0 T1=1021 T2= 906  P= 548  D=  -1 
 X= 879 X2=1023  Y= 976 Y2=1023 P1=1023 P2=   0 T1=1023 T2= 905  P= 548  D=  -1 
target state=4 point=23,249
 X= 957 X2=1019  Y= 971 Y2=1023 P1=1023 P2=   0 T1=1023 T2= 919  P= 548  D=  -1 
 X= 950 X2=1023  Y= 973 Y2=1023 P1=1023 P2=   0 T1=1021 T2= 902  P= 548  D=  -1 
 X= 856 X2=1023  Y= 978 Y2=1023 P1=1023 P2=   0 T1=1023 T2= 918  P= 548  D=  -1 
 X= 993 X2=1005  Y= 980 Y2=1023 P1=1023 P2=   0 T1=1022 T2= 897  P= 548  D=  -1 
 X= 981 X2=1015  Y= 977 Y2=1023 P1=1023 P2=   0 T1=1023 T2= 913  P= 548  D=  -1 
 X= 946 X2=1023  Y= 975 Y2=1020 P1=1023 P2=   0 T1=1023 T2= 903  P= 548  D=  -1 
 X= 888 X2=1023  Y= 976 Y2=1023 P1=1023 P2=   0 T1=1022 T2= 896  P= 548  D=  -1 
 X= 903 X2=1023  Y= 969 Y2=1023 P1=1023 P2=   0 T1=1021 T2= 907  P= 548  D=  -1 
 X= 903 X2=1023  Y= 987 Y2=1023 P1=1023 P2=   0 T1=1023 T2= 887  P= 548  D=  -1 
 X= 951 X2= 994  Y= 976 Y2=1021 P1=1023 P2=   0 T1=1022 T2= 905  P= 548  D=  -1 
 X= 974 X2=1023  Y=1023 Y2=1023 P1=1023 P2=   0 T1=1021 T2=1018  P= 548  D=  -1 
 X=1023 X2=1006  Y= 985 Y2=1021 P1=1023 P2=   0 T1=1021 T2= 900  P= 548  D=  -1 
 X= 998 X2=1011  Y= 980 Y2=1023 P1=1023 P2=   0 T1=1021 T2= 886  P= 548  D=  -1 
 X= 967 X2=1015  Y= 966 Y2=1021 P1=1023 P2=   0 T1=1019 T2= 917  P= 548  D=  -1 
 X= 904 X2=1023  Y= 981 Y2=1023 P1=1023 P2=   0 T1=1021 T2= 916  P= 548  D=  -1 
 X= 951 X2=1023  Y= 973 Y2=1023 P1=1023 P2=   0 T1=1023 T2= 905  P= 548  D=  -1 
 X=1023 X2=1016  Y= 977 Y2=1020 P1=1023 P2=   0 T1=1023 T2= 901  P= 548  D=  -1 
 X= 883 X2=1023  Y= 978 Y2=1019 P1=1023 P2=   0 T1=1021 T2= 902  P= 548  D=  -1 
 X= 922 X2=1023  Y= 988 Y2=1023 P1=1023 P2=   0 T1=1023 T2= 910  P= 548  D=  -1 
 X= 871 X2=1018  Y= 977 Y2=1021 P1=1023 P2=   0 T1=1021 T2= 912  P= 548  D=  -1 
 X= 929 X2=1018  Y= 984 Y2=1023 P1=1023 P2=   0 T1=1022 T2= 900  P= 548  D=  -1 
 X= 945 X2=1022  Y= 974 Y2=1023 P1=1023 P2=   0 T1=1020 T2= 901  P= 548  D=  -1 
 X=1021 X2=1015  Y= 974 Y2=1023 P1=1023 P2=   0 T1=1023 T2= 925  P= 548  D=  -1 
 X= 965 X2=1023  Y= 979 Y2=1021 P1=1023 P2=   0 T1=1020 T2= 877  P= 548  D=  -1 
 X= 926 X2=1023  Y= 978 Y2=1023 P1=1023 P2=   0 T1=1023 T2= 918  P= 548  D=  -1 
 X=1004 X2=1023  Y= 973 Y2=1022 P1=1023 P2=   0 T1=1023 T2= 923  P= 548  D=  -1 
 X= 873 X2=1023  Y= 985 Y2=1020 P1=1023 P2=   0 T1=1023 T2= 915  P= 548  D=  -1 
 X= 888 X2=1023  Y= 971 Y2=1020 P1=1023 P2=   0 T1=1023 T2= 877  P= 548  D=  -1 
 X= 996 X2=1004  Y= 979 Y2=1020 P1=1023 P2=   0 T1=1021 T2= 900  P= 548  D=  -1 
 X= 972 X2=1016  Y= 986 Y2=1023 P1=1023 P2=   0 T1=1023 T2= 931  P= 548  D=  -1 
 X= 785 X2=1023  Y= 973 Y2=1021 P1=1023 P2=   0 T1=1023 T2= 924  P= 548  D=  -1 
 X=1023 X2=1010  Y= 977 Y2=1021 P1=1023 P2=   0 T1=1022 T2= 918  P= 548  D=  -1 
 X= 795 X2=1023  Y= 975 Y2=1023 P1=1023 P2=   0 T1=1020 T2= 921  P= 548  D=  -1 
 X= 954 X2=1023  Y= 978 Y2=1020 P1=1023 P2=   0 T1=1020 T2= 920  P= 548  D=  -1 
 X= 946 X2=1023  Y= 981 Y2=1020 P1=1023 P2=   0 T1=1020 T2= 906  P= 548  D=  -1 
 X= 930 X2=1018  Y= 956 Y2=1020 P1=1023 P2=   0 T1=1022 T2= 920  P= 548  D=  -1 
 X= 825 X2=1023  Y= 982 Y2=1023 P1=1023 P2=   0 T1=1021 T2= 897  P= 548  D=  -1 
 X= 962 X2=1023  Y= 982 Y2=1023 P1=1023 P2=   0 T1=1021 T2= 916  P= 548  D=  -1 
 X= 993 X2=1008  Y= 977 Y2=1023 P1=1023 P2=   0 T1=1023 T2= 907  P= 548  D=  -1 
 X= 870 X2=1020  Y= 968 Y2=1023 P1=1023 P2=   0 T1=1018 T2= 893  P= 548  D=  -1 
 X= 958 X2=1023  Y= 973 Y2=1021 P1=1023 P2=   0 T1=1021 T2= 907  P= 548  D=  -1 
 X=1023 X2=1014  Y= 970 Y2=1023 P1=1023 P2=   0 T1=1023 T2= 915  P= 548  D=  -1 
 X= 875 X2=1023  Y= 975 Y2=1023 P1=1023 P2=   0 T1=1021 T2= 916  P= 548  D=  -1 
 X= 950 X2=1022  Y= 978 Y2=1021 P1=1023 P2=   0 T1=1021 T2= 916  P= 548  D=  -1 
 X=1023 X2=1017  Y= 979 Y2=1023 P1=1023 P2=   0 T1=1022 T2= 924  P= 548  D=  -1 
 X= 965 X2=1023  Y= 975 Y2=1021 P1=1023 P2=   0 T1=1022 T2= 914  P= 548  D=  -1 
 X= 826 X2=1023  Y= 985 Y2=1020 P1=1023 P2=   0 T1=1021 T2= 911  P= 548  D=  -1 
 X=1023 X2=1015  Y= 977 Y2=1023 P1=1023 P2=   0 T1=1023 T2= 903  P= 548  D=  -1 
 X= 930 X2=1014  Y= 977 Y2=1022 P1=1023 P2=   0 T1=1020 T2= 898  P= 548  D=  -1 
 X= 928 X2=1022  Y= 982 Y2=1023 P1=1023 P2=   0 T1=1021 T2= 915  P= 548  D=  -1 
 X= 874 X2=1022  Y= 975 Y2=1022 P1=1023 P2=   0 T1=1023 T2= 904  P= 548  D=  -1 
 X= 999 X2=1016  Y= 974 Y2=1021 P1=1023 P2=   0 T1=1021 T2= 916  P= 548  D=  -1 
 X= 891 X2=1023  Y= 982 Y2=1023 P1=1023 P2=   0 T1=1023 T2= 909  P= 548  D=  -1 
 X= 952 X2=1023  Y= 978 Y2=1023 P1=1023 P2=   0 T1=1021 T2= 909  P= 548  D=  -1 
 X= 908 X2=1022  Y= 987 Y2=1021 P1=1023 P2=   0 T1=1021 T2= 898  P= 548  D=  -1 
 X= 803 X2=1023  Y= 979 Y2=1023 P1=1023 P2=   0 T1=1021 T2= 900  P= 548  D=  -1 
 X= 925 X2= 995  Y= 979 Y2=1021 P1=1023 P2=   0 T1=1020 T2= 903  P= 548  D=  -1 
 X= 990 X2=1002  Y= 977 Y2=1021 P1=1023 P2=   0 T1=1021 T2= 907  P= 548  D=  -1 
 X= 947 X2=1023  Y= 985 Y2=1023 P1=1023 P2=   0 T1=1023 T2= 922  P= 548  D=  -1 
 X= 935 X2=1023  Y= 980 Y2=1023 P1=1023 P2=   0 T1=1023 T2= 925  P= 548  D=  -1 
 X=1023 X2= 995  Y= 978 Y2=1020 P1=1023 P2=   0 T1=1023 T2= 892  P= 548  D=  -1 
 X= 968 X2=1023  Y= 989 Y2=1023 P1=1023 P2=   0 T1=1022 T2= 902  P= 548  D=  -1 
 X= 945 X2=1023  Y= 976 Y2=1019 P1=1023 P2=   0 T1=1020 T2= 920  P= 548  D=  -1 
 X= 904 X2=1022  Y= 972 Y2=1020 P1=1023 P2=   0 T1=1023 T2= 906  P= 548  D=  -1 
 X= 807 X2=1023  Y= 987 Y2=1021 P1=1023 P2=   0 T1=1023 T2= 930  P= 548  D=  -1 
 X= 892 X2=1023  Y= 976 Y2=1020 P1=1023 P2=   0 T1=1022 T2= 905  P= 548  D=  -1 
 X=1023 X2=1009  Y= 974 Y2=1023 P1=1023 P2=   0 T1=1023 T2= 898  P= 548  D=  -1 
 X= 241 X2= 243  Y= 704 Y2= 700 P1= 859 P2= 204 T1=  23 T2=  25  P= 776  D=  -1 * 0
 X= 241 X2= 241  Y= 703 Y2= 698 P1= 836 P2= 235 T1=  22 T2=  21  P= 616  D=  -1 * 0
 X= 239 X2= 241  Y= 703 Y2= 699 P1= 836 P2= 235 T1=  22 T2=  21  P= 613  D=  -1 * 0
 X= 238 X2= 241  Y= 703 Y2= 699 P1= 835 P2= 235 T1=  22 T2=  21  P= 610  D=  -1 * 0
 X= 238 X2= 240  Y= 703 Y2= 699 P1= 835 P2= 235 T1=  21 T2=  22  P= 610  D=  -1 * 1
 X= 238 X2= 240  Y= 703 Y2= 699 P1= 834 P2= 236 T1=  21 T2=  21  P= 605  D=  -1 * 2
 X= 238 X2= 241  Y= 703 Y2= 699 P1= 834 P2= 236 T1=  22 T2=  21  P= 605  D=  -1 * 3
 X= 237 X2= 240  Y= 703 Y2= 698 P1= 834 P2= 236 T1=  22 T2=  21  P= 602  D=  -1 * 4
 X= 239 X2= 240  Y= 703 Y2= 699 P1= 834 P2= 236 T1=  22 T2=  21  P= 605  D=  -1 * 5
 X= 238 X2= 240  Y= 703 Y2= 699 P1= 834 P2= 237 T1=  21 T2=  21  P= 601  D=  -1 * 6
 X= 239 X2= 240  Y= 703 Y2= 699 P1= 834 P2= 237 T1=  21 T2=  21  P= 601  D=  -1 * 7
 X= 238 X2= 240  Y= 703 Y2= 696 P1= 834 P2= 238 T1=  21 T2=  21  P= 598  D=  -1 * 8
 X= 238 X2= 240  Y= 703 Y2= 699 P1= 833 P2= 237 T1=  21 T2=  21  P= 600  D=  -1 * 9
 X= 237 X2= 240  Y= 703 Y2= 698 P1= 833 P2= 237 T1=  21 T2=  21  P= 598  D=  -1 * 10
 X= 238 X2= 240  Y= 703 Y2= 699 P1= 832 P2= 238 T1=  21 T2=  21  P= 596  D=  -1 * 11
 X= 237 X2= 241  Y= 704 Y2= 699 P1= 833 P2= 237 T1=  21 T2=  21  P= 600  D=  -1 * 12
 X= 237 X2= 242  Y= 703 Y2= 699 P1= 834 P2= 237 T1=  21 T2=  21  P= 601  D=  -1 * 13
 X= 237 X2= 240  Y= 704 Y2= 698 P1= 834 P2= 237 T1=  20 T2=  21  P= 599  D=  -1 * 14
 X= 238 X2= 240  Y= 703 Y2= 698 P1= 833 P2= 237 T1=  21 T2=  21  P= 600  D=  -1 * 15
 X= 238 X2= 240  Y= 703 Y2= 699 P1= 833 P2= 237 T1=  21 T2=  22  P= 600  D=  -1 * 16
 X= 238 X2= 240  Y= 703 Y2= 699 P1= 834 P2= 238 T1=  22 T2=  21  P= 598  D=  -1 * 17
 X= 238 X2= 240  Y= 703 Y2= 699 P1= 833 P2= 237 T1=  22 T2=  22  P= 600  D=  -1 * 18
 X= 237 X2= 240  Y= 704 Y2= 699 P1= 833 P2= 237 T1=  22 T2=  21  P= 598  D=  -1 * 19
 X= 237 X2= 240  Y= 703 Y2= 698 P1= 833 P2= 237 T1=  21 T2=  22  P= 598  D=  -1 * 20
 X= 238 X2= 240  Y= 703 Y2= 699 P1= 833 P2= 237 T1=  21 T2=  21  P= 600  D=  -1 * 21
 X= 238 X2= 240  Y= 703 Y2= 699 P1= 834 P2= 238 T1=  21 T2=  22  P= 598  D=  -1 * 22
 X= 238 X2= 241  Y= 703 Y2= 699 P1= 833 P2= 237 T1=  22 T2=  20  P= 600  D=  -1 * 23
 X= 238 X2= 240  Y= 703 Y2= 699 P1= 833 P2= 237 T1=  21 T2=  21  P= 600  D=  -1 * 24
Remove Pin
 X= 238 X2= 240  Y= 703 Y2= 698 P1= 834 P2= 238 T1=  22 T2=  21  P= 598  D=  -1 * 24
 X= 239 X2= 240  Y= 704 Y2= 699 P1= 834 P2= 238 T1=  21 T2=  22  P= 598  D=  -1 * 24
 X= 237 X2= 241  Y= 703 Y2= 699 P1= 833 P2= 237 T1=  22 T2=  21  P= 600  D=  -1 * 24
 X= 238 X2= 240  Y= 703 Y2= 699 P1= 833 P2= 237 T1=  21 T2=  21  P= 600  D=  -1 * 24
 X= 237 X2= 240  Y= 703 Y2= 698 P1= 833 P2= 237 T1=  22 T2=  21  P= 598  D=  -1 * 24
 X= 238 X2= 240  Y= 703 Y2= 699 P1= 833 P2= 237 T1=  21 T2=  21  P= 600  D=  -1 * 24
 X= 237 X2= 240  Y= 703 Y2= 699 P1= 833 P2= 237 T1=  21 T2=  20  P= 598  D=  -1 * 24
 X= 238 X2= 238  Y= 703 Y2= 699 P1= 833 P2= 237 T1=  22 T2=  21  P= 598  D=  -1 * 24
 X= 238 X2= 239  Y= 703 Y2= 699 P1= 838 P2= 238 T1=  22 T2=  21  P= 599  D=  -1 * 24
 X= 238 X2= 239  Y= 703 Y2= 699 P1= 834 P2= 237 T1=  21 T2=  22  P= 599  D=  -1 * 24
 X= 238 X2= 241  Y= 703 Y2= 699 P1= 833 P2= 238 T1=  21 T2=  21  P= 597  D=  -1 * 24
 X= 238 X2= 240  Y= 703 Y2= 698 P1= 832 P2= 237 T1=  21 T2=  21  P= 599  D=  -1 * 24
 X= 236 X2= 240  Y= 703 Y2= 698 P1= 834 P2= 237 T1=  21 T2=  21  P= 599  D=  -1 * 24
 X= 237 X2= 240  Y= 702 Y2= 699 P1= 833 P2= 237 T1=  21 T2=  22  P= 598  D=  -1 * 24
 X= 237 X2= 241  Y= 703 Y2= 699 P1= 833 P2= 238 T1=  21 T2=  21  P= 597  D=  -1 * 24
 X= 237 X2= 240  Y= 702 Y2= 699 P1= 833 P2= 238 T1=  22 T2=  22  P= 595  D=  -1 * 24
 X= 238 X2= 240  Y= 703 Y2= 699 P1= 833 P2= 237 T1=  22 T2=  21  P= 600  D=  -1 * 24
 X= 238 X2= 240  Y= 703 Y2= 699 P1= 833 P2= 237 T1=  21 T2=  22  P= 600  D=  -1 * 24
 X= 238 X2= 240  Y= 703 Y2= 699 P1= 833 P2= 238 T1=  21 T2=  21  P= 597  D=  -1 * 24
 X= 238 X2= 241  Y= 703 Y2= 699 P1= 833 P2= 238 T1=  20 T2=  21  P= 597  D=  -1 * 24
 X= 238 X2= 240  Y= 703 Y2= 699 P1= 833 P2= 237 T1=  22 T2=  21  P= 600  D=  -1 * 24
 X= 238 X2= 240  Y= 705 Y2= 699 P1= 833 P2= 238 T1=  22 T2=  22  P= 597  D=  -1 * 24
 X= 237 X2= 240  Y= 702 Y2= 700 P1= 832 P2= 238 T1=  22 T2=  23  P= 593  D=  -1 * 24
 X= 237 X2= 240  Y= 702 Y2= 699 P1= 833 P2= 238 T1=  20 T2=  22  P= 595  D=  -1 * 24
 X= 238 X2= 240  Y= 702 Y2= 698 P1= 833 P2= 238 T1=  21 T2=  21  P= 597  D=  -1 * 24
 X= 238 X2= 239  Y= 703 Y2= 699 P1= 833 P2= 238 T1=  21 T2=  22  P= 595  D=  -1 * 24
 X= 239 X2= 240  Y= 703 Y2= 699 P1= 833 P2= 238 T1=  23 T2=  21  P= 597  D=  -1 * 24
 X= 237 X2= 240  Y= 703 Y2= 699 P1= 833 P2= 238 T1=  21 T2=  18  P= 595  D=  -1 * 24
 X= 239 X2= 240  Y= 704 Y2= 699 P1= 832 P2= 239 T1=  21 T2=  22  P= 592  D=  -1 * 24
 X= 824 X2=1023  Y= 979 Y2=1021 P1=1023 P2=   0 T1=1023 T2= 897  P= 592  D=  -1 
 X= 966 X2=1017  Y= 982 Y2=1023 P1=1023 P2=   0 T1=1020 T2= 931  P= 592  D=  -1 
 X= 976 X2=1010  Y= 983 Y2=1023 P1=1023 P2=   0 T1=1021 T2= 918  P= 592  D=  -1 
Target Noise  x= 2.50 y= 2.50
X[0]: Target=240   529/ 530/ 531 Stdev= 0.56 N= 24  Y[0]: Target=136   515/ 516/ 517 Stdev= 0.28 N= 24
X[1]: Target= 23   238/ 239/ 240 Stdev= 0.49 N= 24  Y[1]: Target= 22   323/ 324/ 324 Stdev= 0.27 N= 24
X[2]: Target=456   814/ 815/ 818 Stdev= 0.87 N= 24  Y[2]: Target= 22   323/ 324/ 325 Stdev= 0.45 N= 24
X[3]: Target=456   814/ 815/ 815 Stdev= 0.40 N= 24  Y[3]: Target=249   700/ 705/ 710 Stdev= 1.47 N= 24
X[4]: Target= 23   238/ 239/ 239 Stdev= 0.40 N= 24  Y[4]: Target=249   699/ 701/ 701 Stdev= 0.51 N= 24
N=24 Avg=17
min: 16 17 17 17 17 17 
max: 19 18 18 18 18 18 
N=24 Avg=20
min: 20 20 20 21 21 21 
max: 22 22 21 21 21 21 
N=24 Avg=14
min: 13 14 14 14 14 14 
max: 15 15 15 15 14 14 
N=24 Avg=13
min: 12 13 13 13 14 14 
max: 16 15 15 14 14 14 
N=24 Avg=21
min: 20 21 21 21 21 21 
max: 22 21 21 21 21 21 
Using TNT center offset = 18
TNT Plane Coef: a= -795 b=    0 c= 393084
At  529, 516: Real=  18 Fit=  18 Offset=   0
At  238, 323: Real=  21 Fit=  21 Offset=   3
At  815, 323: Real=  14 Fit=  15 Offset=  -3
At  814, 705: Real=  14 Fit=  15 Offset=  -3
At  238, 700: Real=  21 Fit=  21 Offset=   3
Fit Points: 18, 24, 13, 13, 24,  center: 18
Setting for min_tnt_up:   521
Setting for max_tnt_down: 23 (V2:34)
Entering calib_pressure_mfg
Using default pressure curve
468 471 487 495 509 524 553 575 612 
Summary:
Setting for max_tnt_down:      23
3.7 setting for max_tnt_down:     -1
Setting for min_tnt_up:       521
Setting for max_delta_tnt:      5
3.8 setting for max_delta_tnt:     -1
Setting for delay_in_us:        1
Setting for y_delay_in_us:      1
Setting for tnt_delay_in_us:    1
Setting for pressure_curve:  468 471 487 495 509 524 553 575 612
Setting for tnt_mode:           1
Setting for averaging:         -1
Setting for pointercal:      49180 0 -10197606 0 39460 -11304003 65536
Setting for tnt_plane:       -795 0 393084
