new-calib: New touch screen calibration program v3.13
Serial Number='15061E00010B060200FD'
Using tnt_mode=1
Setting for delay_in_us:        1
Setting for y_delay_in_us:      1
Setting for tnt_delay_in_us:    1
Setting for max_delta_tnt:      5
Setting for tnt_mode:           1
Setting for averaging:         -1
Entering get_five_points
target_noise  x= 2.50 y= 2.50 t= 2.50
target state=0 point=240,136
 X= 821 X2= 992  Y=  -1 Y2=1020 P1=  -1 P2=  -1 T1=1023 T2= 886  P=  -1  D=  -1 
 X= 872 X2=1020  Y= 976 Y2=1021 P1=  -1 P2=  -1 T1=1021 T2= 897  P=  -1  D=  -1 
 X= 967 X2=1023  Y= 959 Y2=1021 P1=  -1 P2=  -1 T1=1023 T2= 876  P=  -1  D=  -1 
 X= 976 X2= 996  Y= 964 Y2=1022 P1=  -1 P2=  -1 T1=1022 T2= 876  P=  -1  D=  -1 
 X=1023 X2=1015  Y= 977 Y2=1023 P1=  -1 P2=  -1 T1=1020 T2= 901  P=  -1  D=  -1 
 X= 805 X2=1023  Y= 969 Y2=1023 P1=  -1 P2=  -1 T1=1023 T2= 925  P=  -1  D=  -1 
 X= 874 X2=1023  Y= 975 Y2=1023 P1=  -1 P2=  -1 T1=1023 T2= 930  P=  -1  D=  -1 
 X= 926 X2=1023  Y= 975 Y2=1021 P1=  -1 P2=  -1 T1=1021 T2= 936  P=  -1  D=  -1 
 X=1010 X2= 989  Y= 967 Y2=1020 P1=  -1 P2=  -1 T1=1023 T2= 923  P=  -1  D=  -1 
 X= 988 X2=1017  Y= 981 Y2=1023 P1=  -1 P2=  -1 T1=1023 T2= 896  P=  -1  D=  -1 
 X= 922 X2=1023  Y= 979 Y2=1023 P1=  -1 P2=  -1 T1=1023 T2= 906  P=  -1  D=  -1 
 X= 962 X2=1022  Y= 980 Y2=1019 P1=  -1 P2=  -1 T1=1023 T2= 899  P=  -1  D=  -1 
 X=1002 X2=1007  Y= 977 Y2=1023 P1=  -1 P2=  -1 T1=1022 T2= 909  P=  -1  D=  -1 
 X= 882 X2=1023  Y= 979 Y2=1023 P1=  -1 P2=  -1 T1=1019 T2= 913  P=  -1  D=  -1 
 X= 898 X2=1023  Y= 968 Y2=1023 P1=  -1 P2=  -1 T1=1023 T2= 886  P=  -1  D=  -1 
 X= 891 X2=1018  Y= 975 Y2=1023 P1=  -1 P2=  -1 T1=1021 T2= 910  P=  -1  D=  -1 
 X= 913 X2=1019  Y= 971 Y2=1023 P1=  -1 P2=  -1 T1=1021 T2= 902  P=  -1  D=  -1 
 X= 948 X2=1023  Y= 971 Y2=1021 P1=  -1 P2=  -1 T1=1023 T2= 916  P=  -1  D=  -1 
 X=1022 X2= 981  Y= 970 Y2=1022 P1=  -1 P2=  -1 T1=1023 T2= 915  P=  -1  D=  -1 
 X= 939 X2=1019  Y= 976 Y2=1020 P1=  -1 P2=  -1 T1=1021 T2= 909  P=  -1  D=  -1 
 X= 946 X2=1023  Y= 978 Y2=1021 P1=  -1 P2=  -1 T1=1023 T2= 905  P=  -1  D=  -1 
 X= 943 X2=1023  Y= 975 Y2=1020 P1=  -1 P2=  -1 T1=1022 T2= 909  P=  -1  D=  -1 
 X= 846 X2=1023  Y= 986 Y2=1021 P1=  -1 P2=  -1 T1=1023 T2= 900  P=  -1  D=  -1 
 X= 840 X2=1023  Y= 972 Y2=1023 P1=  -1 P2=  -1 T1=1023 T2= 920  P=  -1  D=  -1 
 X= 991 X2=1015  Y= 977 Y2=1023 P1=  -1 P2=  -1 T1=1023 T2= 908  P=  -1  D=  -1 
 X= 889 X2=1017  Y= 977 Y2=1023 P1=  -1 P2=  -1 T1=1023 T2= 898  P=  -1  D=  -1 
 X= 874 X2=1023  Y= 962 Y2=1023 P1=  -1 P2=  -1 T1=1023 T2= 900  P=  -1  D=  -1 
 X=1023 X2= 993  Y= 970 Y2=1020 P1=  -1 P2=  -1 T1=1023 T2= 900  P=  -1  D=  -1 
 X=1009 X2= 996  Y= 977 Y2=1021 P1=  -1 P2=  -1 T1=1021 T2= 905  P=  -1  D=  -1 
 X= 901 X2=1023  Y= 967 Y2=1021 P1=  -1 P2=  -1 T1=1021 T2= 901  P=  -1  D=  -1 
 X= 952 X2=1022  Y= 975 Y2=1020 P1=  -1 P2=  -1 T1=1020 T2= 921  P=  -1  D=  -1 
 X= 985 X2=1022  Y= 972 Y2=1020 P1=  -1 P2=  -1 T1=1023 T2= 913  P=  -1  D=  -1 
 X= 832 X2=1023  Y= 980 Y2=1021 P1=  -1 P2=  -1 T1=1022 T2= 922  P=  -1  D=  -1 
 X= 910 X2=1023  Y= 969 Y2=1023 P1=  -1 P2=  -1 T1=1021 T2= 888  P=  -1  D=  -1 
 X= 978 X2=1015  Y= 971 Y2=1020 P1=  -1 P2=  -1 T1=1023 T2= 915  P=  -1  D=  -1 
 X= 974 X2=1020  Y= 969 Y2=1023 P1=  -1 P2=  -1 T1=1019 T2= 910  P=  -1  D=  -1 
 X= 942 X2=1023  Y= 981 Y2=1022 P1=  -1 P2=  -1 T1=1021 T2= 907  P=  -1  D=  -1 
 X=1023 X2=1008  Y= 967 Y2=1019 P1=  -1 P2=  -1 T1=1023 T2= 898  P=  -1  D=  -1 
 X= 925 X2=1023  Y= 979 Y2=1020 P1=  -1 P2=  -1 T1=1021 T2= 904  P=  -1  D=  -1 
 X= 947 X2=1023  Y= 974 Y2=1022 P1=  -1 P2=  -1 T1=1022 T2= 900  P=  -1  D=  -1 
 X=1023 X2=1023  Y= 981 Y2=1022 P1=  -1 P2=  -1 T1=1021 T2= 900  P=  -1  D=  -1 
 X= 833 X2=1023  Y= 977 Y2=1021 P1=  -1 P2=  -1 T1=1020 T2= 915  P=  -1  D=  -1 
 X= 877 X2=1023  Y= 977 Y2=1020 P1=  -1 P2=  -1 T1=1021 T2= 902  P=  -1  D=  -1 
 X=1016 X2=1014  Y= 969 Y2=1021 P1=  -1 P2=  -1 T1=1023 T2= 891  P=  -1  D=  -1 
 X= 983 X2=1009  Y= 976 Y2=1019 P1=  -1 P2=  -1 T1=1022 T2= 934  P=  -1  D=  -1 
 X= 965 X2= 995  Y= 980 Y2=1023 P1=  -1 P2=  -1 T1=1021 T2= 914  P=  -1  D=  -1 
 X= 966 X2=1023  Y= 985 Y2=1022 P1=  -1 P2=  -1 T1=1023 T2= 903  P=  -1  D=  -1 
 X= 967 X2=1023  Y= 987 Y2=1023 P1=  -1 P2=  -1 T1=1023 T2= 894  P=  -1  D=  -1 
 X= 906 X2=1023  Y= 985 Y2=1023 P1=  -1 P2=  -1 T1=1023 T2= 901  P=  -1  D=  -1 
 X= 968 X2=1023  Y= 977 Y2=1023 P1=  -1 P2=  -1 T1=1020 T2= 900  P=  -1  D=  -1 
 X= 894 X2=1020  Y= 971 Y2=1023 P1=1020 P2=  -1 T1=1023 T2= 904  P=  -1  D=  -1 
 X= 945 X2=1023  Y= 985 Y2=1020 P1=1023 P2=  -1 T1=1020 T2= 898  P=  -1  D=  -1 
 X= 867 X2=1020  Y= 981 Y2=1023 P1=1023 P2=  -1 T1=1020 T2= 911  P=  -1  D=  -1 
 X= 900 X2=1017  Y= 982 Y2=1023 P1=1023 P2=  -1 T1=1020 T2= 919  P=  -1  D=  -1 
 X=1022 X2= 989  Y= 980 Y2=1023 P1=1022 P2=  -1 T1=1023 T2= 921  P=  -1  D=  -1 
 X= 913 X2=1023  Y= 966 Y2=1021 P1=1023 P2=  -1 T1=1023 T2= 919  P=  -1  D=  -1 
 X= 978 X2=1023  Y= 988 Y2=1017 P1=1023 P2=  -1 T1=1023 T2= 914  P=  -1  D=  -1 
 X= 911 X2=1023  Y= 971 Y2=1021 P1=1023 P2=  -1 T1=1022 T2= 909  P=  -1  D=  -1 
 X= 905 X2=1023  Y= 962 Y2=1022 P1=1023 P2=  -1 T1=1021 T2= 901  P=  -1  D=  -1 
 X= 869 X2=1021  Y= 985 Y2=1023 P1=1023 P2=  -1 T1=1023 T2= 924  P=  -1  D=  -1 
 X=1014 X2=1022  Y= 992 Y2=1022 P1=1023 P2=  -1 T1=1023 T2= 918  P=  -1  D=  -1 
 X= 811 X2=1023  Y= 973 Y2=1023 P1=1023 P2=  -1 T1=1023 T2= 898  P=  -1  D=  -1 
 X=1012 X2=1020  Y= 976 Y2=1016 P1=1023 P2=  -1 T1=1021 T2= 922  P=  -1  D=  -1 
 X= 983 X2= 998  Y= 978 Y2=1021 P1=1023 P2=  -1 T1=1023 T2= 897  P=  -1  D=  -1 
 X= 949 X2=1022  Y= 975 Y2=1023 P1=1023 P2=  -1 T1=1023 T2= 897  P=  -1  D=  -1 
 X= 968 X2= 998  Y= 980 Y2=1021 P1=1023 P2=  -1 T1=1021 T2= 905  P=  -1  D=  -1 
 X= 915 X2=1022  Y= 979 Y2=1019 P1=1023 P2=  -1 T1=1023 T2= 915  P=  -1  D=  -1 
 X= 895 X2=1023  Y= 982 Y2=1021 P1=1023 P2=  -1 T1=1023 T2= 898  P=  -1  D=  -1 
 X= 989 X2=1006  Y= 981 Y2=1023 P1=1023 P2=  -1 T1=1021 T2= 895  P=  -1  D=  -1 
 X= 898 X2=1023  Y= 986 Y2=1023 P1=1023 P2=  -1 T1=1022 T2= 901  P=  -1  D=  -1 
 X= 810 X2=1023  Y= 966 Y2=1019 P1=1023 P2=  -1 T1=1019 T2= 898  P=  -1  D=  -1 
 X=1023 X2=1015  Y= 974 Y2=1020 P1=1023 P2=  -1 T1=1021 T2= 927  P=  -1  D=  -1 
 X= 978 X2= 995  Y= 977 Y2=1020 P1=1023 P2=  -1 T1=1021 T2= 903  P=  -1  D=  -1 
 X= 531 X2= 531  Y= 516 Y2= 516 P1= 812 P2= 394 T1=  18 T2=  18  P= 562  D=  -1 * 0
 X= 530 X2= 531  Y= 519 Y2= 516 P1= 811 P2= 395 T1=  18 T2=  18  P= 558  D=  -1 * 0
 X= 531 X2= 531  Y= 516 Y2= 516 P1= 808 P2= 395 T1=  18 T2=  16  P= 554  D=  -1 * 0
 X= 531 X2= 530  Y= 516 Y2= 516 P1= 811 P2= 395 T1=  19 T2=  19  P= 558  D=  -1 * 0
 X= 535 X2= 531  Y= 517 Y2= 517 P1= 811 P2= 394 T1=  17 T2=  16  P= 563  D=  -1 * 1
 X= 532 X2= 531  Y= 516 Y2= 517 P1= 810 P2= 395 T1=  18 T2=  18  P= 557  D=  -1 * 2
 X= 531 X2= 531  Y= 517 Y2= 516 P1= 810 P2= 396 T1=  18 T2=  18  P= 554  D=  -1 * 3
 X= 530 X2= 531  Y= 517 Y2= 516 P1= 811 P2= 396 T1=  18 T2=  18  P= 554  D=  -1 * 4
 X= 531 X2= 531  Y= 517 Y2= 517 P1= 810 P2= 396 T1=  18 T2=  18  P= 554  D=  -1 * 5
 X= 531 X2= 530  Y= 517 Y2= 516 P1= 810 P2= 397 T1=  18 T2=  18  P= 551  D=  -1 * 6
 X= 532 X2= 529  Y= 516 Y2= 517 P1= 810 P2= 398 T1=  19 T2=  17  P= 548  D=  -1 * 7
 X= 531 X2= 531  Y= 517 Y2= 517 P1= 810 P2= 397 T1=  16 T2=  18  P= 552  D=  -1 * 8
 X= 530 X2= 531  Y= 516 Y2= 517 P1= 810 P2= 397 T1=  18 T2=  18  P= 551  D=  -1 * 9
 X= 530 X2= 531  Y= 517 Y2= 517 P1= 810 P2= 396 T1=  18 T2=  15  P= 553  D=  -1 * 10
 X= 532 X2= 531  Y= 516 Y2= 517 P1= 809 P2= 397 T1=  18 T2=  18  P= 550  D=  -1 * 11
 X= 530 X2= 531  Y= 516 Y2= 517 P1= 810 P2= 398 T1=  18 T2=  18  P= 548  D=  -1 * 12
 X= 531 X2= 531  Y= 517 Y2= 517 P1= 810 P2= 397 T1=  18 T2=  17  P= 552  D=  -1 * 13
 X= 531 X2= 530  Y= 517 Y2= 522 P1= 809 P2= 398 T1=  18 T2=  18  P= 546  D=  -1 * 14
 X= 531 X2= 531  Y= 516 Y2= 517 P1= 810 P2= 398 T1=  17 T2=  17  P= 549  D=  -1 * 15
 X= 531 X2= 531  Y= 518 Y2= 516 P1= 810 P2= 397 T1=  18 T2=  17  P= 552  D=  -1 * 16
 X= 531 X2= 531  Y= 516 Y2= 517 P1= 810 P2= 398 T1=  17 T2=  18  P= 549  D=  -1 * 17
 X= 530 X2= 531  Y= 519 Y2= 517 P1= 810 P2= 398 T1=  18 T2=  18  P= 548  D=  -1 * 18
 X= 530 X2= 531  Y= 516 Y2= 517 P1= 810 P2= 397 T1=  17 T2=  18  P= 551  D=  -1 * 19
 X= 531 X2= 531  Y= 516 Y2= 516 P1= 810 P2= 397 T1=  18 T2=  18  P= 552  D=  -1 * 20
 X= 531 X2= 530  Y= 517 Y2= 517 P1= 810 P2= 398 T1=  17 T2=  18  P= 548  D=  -1 * 21
 X= 530 X2= 532  Y= 516 Y2= 516 P1= 810 P2= 398 T1=  19 T2=  18  P= 549  D=  -1 * 22
 X= 531 X2= 530  Y= 518 Y2= 517 P1= 810 P2= 398 T1=  17 T2=  17  P= 548  D=  -1 * 23
 X= 530 X2= 530  Y= 516 Y2= 517 P1= 810 P2= 398 T1=  18 T2=  18  P= 548  D=  -1 * 24
Remove Pin
 X= 531 X2= 529  Y= 517 Y2= 516 P1= 808 P2= 398 T1=  17 T2=  18  P= 545  D=  -1 * 24
 X= 531 X2= 531  Y= 517 Y2= 516 P1= 809 P2= 398 T1=  18 T2=  17  P= 547  D=  -1 * 24
 X= 531 X2= 532  Y= 517 Y2= 517 P1= 810 P2= 398 T1=  18 T2=  19  P= 549  D=  -1 * 24
 X= 532 X2= 530  Y= 517 Y2= 516 P1= 809 P2= 398 T1=  18 T2=  19  P= 547  D=  -1 * 24
 X= 530 X2= 532  Y= 516 Y2= 516 P1= 810 P2= 398 T1=  18 T2=  17  P= 549  D=  -1 * 24
 X= 532 X2= 529  Y= 516 Y2= 516 P1= 809 P2= 398 T1=  18 T2=  18  P= 546  D=  -1 * 24
 X= 531 X2= 531  Y= 516 Y2= 517 P1= 809 P2= 398 T1=  17 T2=  18  P= 547  D=  -1 * 24
 X= 531 X2= 531  Y= 516 Y2= 516 P1= 810 P2= 398 T1=  16 T2=  17  P= 549  D=  -1 * 24
 X= 531 X2= 530  Y= 516 Y2= 517 P1= 809 P2= 398 T1=  18 T2=  18  P= 546  D=  -1 * 24
 X= 531 X2= 531  Y= 516 Y2= 514 P1= 809 P2= 399 T1=  19 T2=  18  P= 545  D=  -1 * 24
 X= 531 X2= 531  Y= 516 Y2= 516 P1= 810 P2= 398 T1=  18 T2=  18  P= 549  D=  -1 * 24
 X= 532 X2= 530  Y= 517 Y2= 517 P1= 808 P2= 399 T1=  18 T2=  18  P= 544  D=  -1 * 24
 X= 530 X2= 531  Y= 516 Y2= 516 P1= 809 P2= 398 T1=  17 T2=  19  P= 546  D=  -1 * 24
 X= 530 X2= 533  Y= 516 Y2= 516 P1= 809 P2= 398 T1=  18 T2=  17  P= 547  D=  -1 * 24
 X= 531 X2= 530  Y= 516 Y2= 516 P1= 808 P2= 399 T1=  17 T2=  18  P= 543  D=  -1 * 24
 X= 531 X2= 531  Y= 517 Y2= 517 P1= 809 P2= 398 T1=  18 T2=  18  P= 547  D=  -1 * 24
 X= 531 X2= 528  Y= 516 Y2= 516 P1= 809 P2= 399 T1=  18 T2=  16  P= 543  D=  -1 * 24
 X= 530 X2= 530  Y= 517 Y2= 516 P1= 809 P2= 399 T1=  18 T2=  17  P= 544  D=  -1 * 24
 X= 531 X2= 530  Y= 516 Y2= 518 P1= 809 P2= 399 T1=  18 T2=  17  P= 544  D=  -1 * 24
 X= 530 X2= 531  Y= 517 Y2= 516 P1= 809 P2= 399 T1=  17 T2=  18  P= 544  D=  -1 * 24
 X= 530 X2= 531  Y= 516 Y2= 516 P1= 809 P2= 399 T1=  17 T2=  18  P= 544  D=  -1 * 24
 X= 530 X2= 533  Y= 518 Y2= 516 P1= 809 P2= 399 T1=  18 T2=  17  P= 545  D=  -1 * 24
 X= 532 X2= 530  Y= 517 Y2= 517 P1= 809 P2= 398 T1=  17 T2=  19  P= 547  D=  -1 * 24
 X= 990 X2=1010  Y= 969 Y2=1023 P1=1023 P2=   0 T1=1023 T2= 900  P= 547  D=  -1 
 X= 991 X2= 996  Y= 974 Y2=1022 P1=1023 P2=   0 T1=1021 T2= 910  P= 547  D=  -1 
 X= 993 X2=1004  Y= 991 Y2=1023 P1=1023 P2=   0 T1=1023 T2= 901  P= 547  D=  -1 
target state=1 point=23,22
 X=1020 X2= 992  Y= 969 Y2=1020 P1=1023 P2=   0 T1=1020 T2= 921  P= 547  D=  -1 
 X= 936 X2=1023  Y= 975 Y2=1023 P1=1023 P2=   0 T1=1022 T2= 914  P= 547  D=  -1 
 X= 790 X2=1023  Y= 984 Y2=1023 P1=1023 P2=   0 T1=1020 T2= 913  P= 547  D=  -1 
 X= 894 X2=1023  Y= 990 Y2=1023 P1=1023 P2=   0 T1=1021 T2= 903  P= 547  D=  -1 
 X= 903 X2=1023  Y= 982 Y2=1021 P1=1023 P2=   0 T1=1021 T2= 909  P= 547  D=  -1 
 X= 920 X2=1019  Y= 977 Y2=1020 P1=1023 P2=   0 T1=1021 T2= 905  P= 547  D=  -1 
 X= 924 X2=1023  Y= 972 Y2=1021 P1=1023 P2=   0 T1=1021 T2= 914  P= 547  D=  -1 
 X= 950 X2= 996  Y= 988 Y2=1020 P1=1023 P2=   0 T1=1023 T2= 896  P= 547  D=  -1 
 X=1023 X2=1016  Y= 980 Y2=1023 P1=1023 P2=   0 T1=1023 T2= 902  P= 547  D=  -1 
 X= 926 X2=1023  Y= 972 Y2=1023 P1=1023 P2=   0 T1=1021 T2= 917  P= 547  D=  -1 
 X= 945 X2=1023  Y= 981 Y2=1023 P1=1023 P2=   0 T1=1020 T2= 919  P= 547  D=  -1 
 X= 913 X2=1023  Y= 968 Y2=1020 P1=1023 P2=   0 T1=1021 T2= 919  P= 547  D=  -1 
 X= 892 X2=1023  Y= 982 Y2=1020 P1=1023 P2=   0 T1=1023 T2= 937  P= 547  D=  -1 
 X= 883 X2=1023  Y= 971 Y2=1020 P1=1023 P2=   0 T1=1023 T2= 907  P= 547  D=  -1 
 X= 997 X2= 999  Y= 978 Y2=1023 P1=1023 P2=   0 T1=1021 T2= 901  P= 547  D=  -1 
 X= 977 X2=1015  Y= 977 Y2=1023 P1=1023 P2=   0 T1=1023 T2= 897  P= 547  D=  -1 
 X= 955 X2=1022  Y= 971 Y2=1023 P1=1023 P2=   0 T1=1021 T2= 918  P= 547  D=  -1 
 X= 967 X2=1023  Y= 990 Y2=1023 P1=1023 P2=   0 T1=1023 T2= 923  P= 547  D=  -1 
 X= 958 X2=1023  Y= 981 Y2=1023 P1=1023 P2=   0 T1=1022 T2= 907  P= 547  D=  -1 
 X= 886 X2=1023  Y= 983 Y2=1023 P1=1023 P2=   0 T1=1022 T2= 914  P= 547  D=  -1 
 X= 948 X2=1022  Y= 976 Y2=1023 P1=1023 P2=   0 T1=1021 T2= 887  P= 547  D=  -1 
 X= 952 X2=1023  Y= 973 Y2=1023 P1=1023 P2=   0 T1=1023 T2= 927  P= 547  D=  -1 
 X= 878 X2=1023  Y= 979 Y2=1023 P1=1023 P2=   0 T1=1022 T2= 902  P= 547  D=  -1 
 X=1023 X2=1013  Y= 970 Y2=1021 P1=1023 P2=   0 T1=1020 T2= 899  P= 547  D=  -1 
 X= 880 X2=1021  Y= 971 Y2=1023 P1=1023 P2=   0 T1=1022 T2= 911  P= 547  D=  -1 
 X=1012 X2=1015  Y= 987 Y2=1021 P1=1023 P2=   0 T1=1022 T2= 919  P= 547  D=  -1 
 X= 983 X2=1015  Y= 976 Y2=1023 P1=1022 P2=   0 T1=1023 T2= 901  P= 547  D=  -1 
 X=1020 X2= 990  Y= 965 Y2=1023 P1=1023 P2=   0 T1=1021 T2= 895  P= 547  D=  -1 
 X= 906 X2=1023  Y= 978 Y2=1019 P1=1023 P2=   0 T1=1023 T2= 930  P= 547  D=  -1 
 X=1021 X2=1008  Y= 990 Y2=1021 P1=1023 P2=   0 T1=1023 T2= 928  P= 547  D=  -1 
 X= 909 X2=1022  Y= 985 Y2=1021 P1=1023 P2=   0 T1=1021 T2= 930  P= 547  D=  -1 
 X= 827 X2=1023  Y= 980 Y2=1023 P1=1023 P2=   0 T1=1023 T2= 902  P= 547  D=  -1 
 X= 970 X2=1014  Y= 970 Y2=1023 P1=1023 P2=   0 T1=1021 T2= 897  P= 547  D=  -1 
 X= 993 X2=1005  Y= 977 Y2=1020 P1=1023 P2=   0 T1=1023 T2= 911  P= 547  D=  -1 
 X= 835 X2=1023  Y=1006 Y2=1023 P1=1023 P2=   0 T1=1023 T2= 901  P= 547  D=  -1 
 X=1023 X2=1015  Y= 985 Y2=1020 P1=1023 P2=   0 T1=1023 T2= 905  P= 547  D=  -1 
 X=1023 X2=1006  Y= 978 Y2=1022 P1=1023 P2=   0 T1=1022 T2= 893  P= 547  D=  -1 
 X= 870 X2=1023  Y= 980 Y2=1020 P1=1023 P2=   0 T1=1023 T2= 904  P= 547  D=  -1 
 X= 870 X2=1023  Y= 987 Y2=1021 P1=1023 P2=   0 T1=1021 T2= 910  P= 547  D=  -1 
 X= 935 X2=1023  Y= 983 Y2=1023 P1=1023 P2=   0 T1=1020 T2= 913  P= 547  D=  -1 
 X= 913 X2=1023  Y= 984 Y2=1021 P1=1023 P2=   0 T1=1021 T2= 910  P= 547  D=  -1 
 X= 934 X2= 996  Y= 970 Y2=1023 P1=1023 P2=   0 T1=1023 T2= 909  P= 547  D=  -1 
 X= 834 X2=1023  Y= 984 Y2=1020 P1=1023 P2=   0 T1=1021 T2= 923  P= 547  D=  -1 
 X= 952 X2=1023  Y= 979 Y2=1022 P1=1023 P2=   0 T1=1021 T2= 918  P= 547  D=  -1 
 X= 943 X2=1023  Y= 982 Y2=1023 P1=1023 P2=   0 T1=1023 T2= 904  P= 547  D=  -1 
 X=1023 X2=1011  Y= 971 Y2=1020 P1=1023 P2=   0 T1=1021 T2= 919  P= 547  D=  -1 
 X= 916 X2=1023  Y= 976 Y2=1021 P1=1023 P2=   0 T1=1023 T2= 900  P= 547  D=  -1 
 X= 901 X2=1023  Y= 976 Y2=1023 P1=1023 P2=   0 T1=1023 T2= 896  P= 547  D=  -1 
 X= 989 X2=1010  Y= 978 Y2=1020 P1=1023 P2=   0 T1=1021 T2= 892  P= 547  D=  -1 
 X= 889 X2=1018  Y= 976 Y2=1023 P1=1023 P2=   0 T1=1020 T2= 909  P= 547  D=  -1 
 X= 930 X2=1022  Y= 978 Y2=1019 P1=1023 P2=   0 T1=1021 T2= 909  P= 547  D=  -1 
 X=1023 X2= 997  Y= 966 Y2=1023 P1=1023 P2=   0 T1=1023 T2= 901  P= 547  D=  -1 
 X= 993 X2= 995  Y= 983 Y2=1021 P1=1023 P2=   0 T1=1023 T2= 904  P= 547  D=  -1 
 X= 240 X2= 237  Y= 325 Y2= 318 P1= 675 P2= 202 T1=  21 T2=  20  P= 557  D=  -1 * 0
 X= 975 X2=1019  Y= 975 Y2=1023 P1=1023 P2=   0 T1=1021 T2= 946  P= 557  D=  -1 
 X= 292 X2=1023  Y= 952 Y2=1020 P1=1023 P2=   0 T1=  25 T2= 895  P= 557  D=  -1 * 0
 X= 264 X2= 277  Y= 375 Y2= 369 P1= 817 P2= 126 T1=  28 T2=  33  P= 557  D=  -1 * 0
 X= 238 X2= 235  Y= 329 Y2= 321 P1= 687 P2= 193 T1=  22 T2=  22  P= 603  D=  -1 * 0
 X= 235 X2= 234  Y= 328 Y2= 322 P1= 683 P2= 194 T1=  22 T2=  21  P= 589  D=  -1 * 1
 X= 237 X2= 234  Y= 328 Y2= 322 P1= 683 P2= 195 T1=  21 T2=  23  P= 587  D=  -1 * 2
 X= 237 X2= 234  Y= 328 Y2= 321 P1= 681 P2= 196 T1=  20 T2=  20  P= 581  D=  -1 * 3
 X= 237 X2= 234  Y= 328 Y2= 321 P1= 681 P2= 197 T1=  21 T2=  21  P= 577  D=  -1 * 4
 X= 237 X2= 234  Y= 328 Y2= 322 P1= 679 P2= 197 T1=  21 T2=  20  P= 574  D=  -1 * 5
 X= 237 X2= 235  Y= 327 Y2= 321 P1= 678 P2= 197 T1=  21 T2=  23  P= 576  D=  -1 * 6
 X= 237 X2= 234  Y= 327 Y2= 321 P1= 680 P2= 197 T1=  21 T2=  22  P= 575  D=  -1 * 7
 X= 236 X2= 234  Y= 327 Y2= 320 P1= 680 P2= 196 T1=  21 T2=  21  P= 580  D=  -1 * 8
 X= 237 X2= 235  Y= 327 Y2= 321 P1= 679 P2= 197 T1=  20 T2=  21  P= 577  D=  -1 * 9
 X= 237 X2= 234  Y= 327 Y2= 321 P1= 679 P2= 197 T1=  21 T2=  21  P= 574  D=  -1 * 10
 X= 236 X2= 234  Y= 328 Y2= 321 P1= 679 P2= 196 T1=  20 T2=  20  P= 579  D=  -1 * 11
 X= 236 X2= 234  Y= 327 Y2= 321 P1= 679 P2= 197 T1=  20 T2=  25  P= 574  D=  -1 * 12
 X= 237 X2= 234  Y= 328 Y2= 320 P1= 678 P2= 197 T1=  20 T2=  21  P= 573  D=  -1 * 13
 X= 237 X2= 233  Y= 327 Y2= 321 P1= 680 P2= 197 T1=  21 T2=  20  P= 575  D=  -1 * 14
 X= 238 X2= 234  Y= 328 Y2= 321 P1= 680 P2= 197 T1=  22 T2=  21  P= 578  D=  -1 * 15
 X= 237 X2= 235  Y= 327 Y2= 321 P1= 680 P2= 197 T1=  21 T2=  22  P= 578  D=  -1 * 16
 X= 236 X2= 234  Y= 328 Y2= 320 P1= 680 P2= 197 T1=  21 T2=  21  P= 575  D=  -1 * 17
 X= 237 X2= 233  Y= 326 Y2= 315 P1= 679 P2= 197 T1=  21 T2=  19  P= 574  D=  -1 * 18
 X= 235 X2= 234  Y= 328 Y2= 320 P1= 679 P2= 196 T1=  21 T2=  21  P= 576  D=  -1 * 19
 X= 237 X2= 234  Y= 327 Y2= 320 P1= 680 P2= 197 T1=  20 T2=  20  P= 575  D=  -1 * 20
 X= 237 X2= 234  Y= 327 Y2= 321 P1= 680 P2= 197 T1=  21 T2=  21  P= 575  D=  -1 * 21
 X= 237 X2= 234  Y= 326 Y2= 321 P1= 679 P2= 197 T1=  21 T2=  21  P= 574  D=  -1 * 22
 X= 237 X2= 233  Y= 327 Y2= 320 P1= 679 P2= 197 T1=  21 T2=  21  P= 574  D=  -1 * 23
 X= 237 X2= 235  Y= 328 Y2= 320 P1= 679 P2= 197 T1=  21 T2=  20  P= 577  D=  -1 * 24
Remove Pin
 X= 237 X2= 234  Y= 326 Y2= 321 P1= 679 P2= 197 T1=  21 T2=  21  P= 574  D=  -1 * 24
 X= 237 X2= 234  Y= 327 Y2= 321 P1= 679 P2= 197 T1=  21 T2=  21  P= 574  D=  -1 * 24
 X= 237 X2= 234  Y= 327 Y2= 321 P1= 679 P2= 196 T1=  20 T2=  21  P= 579  D=  -1 * 24
 X= 236 X2= 234  Y= 327 Y2= 319 P1= 680 P2= 197 T1=  21 T2=  21  P= 575  D=  -1 * 24
 X= 237 X2= 234  Y= 327 Y2= 320 P1= 678 P2= 197 T1=  20 T2=  21  P= 573  D=  -1 * 24
 X= 237 X2= 234  Y= 328 Y2= 321 P1= 679 P2= 197 T1=  18 T2=  21  P= 574  D=  -1 * 24
 X= 237 X2= 234  Y= 327 Y2= 321 P1= 680 P2= 197 T1=  20 T2=  21  P= 575  D=  -1 * 24
 X= 236 X2= 233  Y= 327 Y2= 320 P1= 679 P2= 197 T1=  20 T2=  20  P= 572  D=  -1 * 24
 X= 236 X2= 234  Y= 327 Y2= 320 P1= 679 P2= 197 T1=  20 T2=  20  P= 574  D=  -1 * 24
 X= 237 X2= 234  Y= 327 Y2= 320 P1= 679 P2= 197 T1=  21 T2=  21  P= 574  D=  -1 * 24
 X= 235 X2= 233  Y= 327 Y2= 320 P1= 679 P2= 196 T1=  19 T2=  21  P= 576  D=  -1 * 24
 X= 237 X2= 235  Y= 327 Y2= 320 P1= 679 P2= 197 T1=  21 T2=  21  P= 577  D=  -1 * 24
 X= 237 X2= 233  Y= 327 Y2= 320 P1= 678 P2= 196 T1=  21 T2=  21  P= 577  D=  -1 * 24
 X= 236 X2= 234  Y= 326 Y2= 321 P1= 679 P2= 197 T1=  20 T2=  20  P= 574  D=  -1 * 24
 X= 237 X2= 234  Y= 327 Y2= 321 P1= 679 P2= 196 T1=  21 T2=  19  P= 579  D=  -1 * 24
 X= 236 X2= 234  Y= 327 Y2= 320 P1= 680 P2= 197 T1=  21 T2=  22  P= 575  D=  -1 * 24
 X= 236 X2= 234  Y= 327 Y2= 320 P1= 679 P2= 197 T1=  21 T2=  20  P= 574  D=  -1 * 24
 X= 239 X2= 234  Y= 328 Y2= 320 P1= 679 P2= 197 T1=  21 T2=  21  P= 577  D=  -1 * 24
 X= 236 X2= 235  Y= 327 Y2= 320 P1= 679 P2= 197 T1=  21 T2=  21  P= 574  D=  -1 * 24
 X= 237 X2= 234  Y= 327 Y2= 321 P1= 679 P2= 197 T1=  21 T2=  22  P= 574  D=  -1 * 24
 X= 791 X2=1023  Y= 972 Y2=1020 P1=1023 P2=   0 T1=1023 T2= 901  P= 574  D=  -1 
 X= 907 X2=1022  Y= 985 Y2=1020 P1=1023 P2=   0 T1=1023 T2= 905  P= 574  D=  -1 
 X= 988 X2=1020  Y= 983 Y2=1021 P1=1023 P2=   0 T1=1021 T2= 896  P= 574  D=  -1 
target state=2 point=456,22
 X= 869 X2=1019  Y= 991 Y2=1021 P1=1023 P2=   0 T1=1022 T2= 921  P= 574  D=  -1 
 X= 980 X2=1008  Y= 979 Y2=1022 P1=1023 P2=   0 T1=1021 T2= 897  P= 574  D=  -1 
 X= 934 X2=1023  Y= 977 Y2=1023 P1=1023 P2=   0 T1=1023 T2= 915  P= 574  D=  -1 
 X= 953 X2=1023  Y= 987 Y2=1023 P1=1023 P2=   0 T1=1023 T2= 899  P= 574  D=  -1 
 X= 902 X2=1023  Y= 982 Y2=1021 P1=1023 P2=   0 T1=1020 T2= 896  P= 574  D=  -1 
 X= 842 X2=1023  Y= 976 Y2=1022 P1=1023 P2=   0 T1=1021 T2= 907  P= 574  D=  -1 
 X=1007 X2=1016  Y= 987 Y2=1020 P1=1023 P2=   0 T1=1022 T2= 912  P= 574  D=  -1 
 X= 875 X2=1020  Y= 976 Y2=1021 P1=1023 P2=   0 T1=1020 T2= 908  P= 574  D=  -1 
 X= 898 X2=1017  Y= 976 Y2=1023 P1=1023 P2=   0 T1=1023 T2= 917  P= 574  D=  -1 
 X= 969 X2= 997  Y= 978 Y2=1020 P1=1023 P2=   0 T1=1023 T2= 900  P= 574  D=  -1 
 X=1023 X2=1017  Y= 975 Y2=1023 P1=1023 P2=   0 T1=1023 T2= 904  P= 574  D=  -1 
 X=1023 X2= 996  Y= 977 Y2=1022 P1=1023 P2=   0 T1=1022 T2= 926  P= 574  D=  -1 
 X= 948 X2=1023  Y= 990 Y2=1023 P1=1023 P2=   0 T1=1022 T2= 899  P= 574  D=  -1 
 X= 917 X2=1019  Y= 963 Y2=1020 P1=1023 P2=   0 T1=1021 T2= 909  P= 574  D=  -1 
 X= 958 X2=1023  Y= 974 Y2=1020 P1=1023 P2=   0 T1=1023 T2= 917  P= 574  D=  -1 
 X= 855 X2=1023  Y= 988 Y2=1023 P1=1023 P2=   0 T1=1023 T2= 907  P= 574  D=  -1 
 X=1003 X2= 997  Y= 977 Y2=1021 P1=1023 P2=   0 T1=1023 T2= 898  P= 574  D=  -1 
 X= 927 X2=1014  Y= 983 Y2=1020 P1=1023 P2=   0 T1=1023 T2= 896  P= 574  D=  -1 
 X=1009 X2=1007  Y= 973 Y2=1023 P1=1023 P2=   0 T1=1023 T2= 920  P= 574  D=  -1 
 X= 966 X2= 996  Y= 975 Y2=1023 P1=1023 P2=   0 T1=1023 T2= 921  P= 574  D=  -1 
 X= 815 X2=1023  Y= 987 Y2=1023 P1=1023 P2=   0 T1=1023 T2= 896  P= 574  D=  -1 
 X= 962 X2=1023  Y= 985 Y2=1021 P1=1023 P2=   0 T1=1023 T2= 907  P= 574  D=  -1 
 X=1023 X2=1010  Y= 978 Y2=1021 P1=1023 P2=   0 T1=1023 T2= 891  P= 574  D=  -1 
 X= 815 X2=1023  Y= 976 Y2=1020 P1=1023 P2=   0 T1=1020 T2= 933  P= 574  D=  -1 
 X= 925 X2=1004  Y= 967 Y2=1021 P1=1023 P2=   0 T1=1023 T2= 927  P= 574  D=  -1 
 X= 920 X2=1023  Y= 981 Y2=1022 P1=1023 P2=   0 T1=1021 T2= 904  P= 574  D=  -1 
 X= 984 X2=1016  Y= 981 Y2=1023 P1=1023 P2=   0 T1=1023 T2= 910  P= 574  D=  -1 
 X= 935 X2=1023  Y= 964 Y2=1023 P1=1023 P2=   0 T1=1023 T2= 867  P= 574  D=  -1 
 X= 960 X2= 989  Y= 974 Y2=1020 P1=1023 P2=   0 T1=1022 T2= 927  P= 574  D=  -1 
 X=1023 X2=1010  Y= 977 Y2=1023 P1=1023 P2=   0 T1=1019 T2= 906  P= 574  D=  -1 
 X= 891 X2=1023  Y= 987 Y2=1023 P1=1023 P2=   0 T1=1021 T2= 909  P= 574  D=  -1 
 X= 955 X2=1023  Y= 982 Y2=1021 P1=1023 P2=   0 T1=1021 T2= 910  P= 574  D=  -1 
 X= 957 X2=1023  Y= 974 Y2=1022 P1=1023 P2=   0 T1=1022 T2= 878  P= 574  D=  -1 
 X= 911 X2=1022  Y= 985 Y2=1021 P1=1023 P2=   0 T1=1022 T2= 900  P= 574  D=  -1 
 X=1023 X2=1011  Y= 981 Y2=1020 P1=1023 P2=   0 T1=1023 T2= 891  P= 574  D=  -1 
 X=1017 X2=1017  Y= 974 Y2=1023 P1=1023 P2=   0 T1=1023 T2= 911  P= 574  D=  -1 
 X= 953 X2=1009  Y= 973 Y2=1023 P1=1023 P2=   0 T1=1023 T2= 892  P= 574  D=  -1 
 X= 949 X2=1023  Y= 972 Y2=1023 P1=1023 P2=   0 T1=1023 T2= 909  P= 574  D=  -1 
 X= 875 X2=1023  Y= 993 Y2=1021 P1=1023 P2=   0 T1=1021 T2= 925  P= 574  D=  -1 
 X= 938 X2= 991  Y= 978 Y2=1021 P1=1023 P2=   0 T1=1020 T2= 908  P= 574  D=  -1 
 X= 904 X2=1023  Y= 987 Y2=1021 P1=1023 P2=   0 T1=1023 T2= 893  P= 574  D=  -1 
 X= 949 X2=1023  Y= 981 Y2=1023 P1=1023 P2=   0 T1=1023 T2= 922  P= 574  D=  -1 
 X= 913 X2=1014  Y= 978 Y2=1023 P1=1023 P2=   0 T1=1023 T2= 904  P= 574  D=  -1 
 X= 940 X2=1017  Y= 975 Y2=1023 P1=1023 P2=   0 T1=1023 T2= 915  P= 574  D=  -1 
 X=1023 X2=1010  Y= 984 Y2=1021 P1=1023 P2=   0 T1=1023 T2= 907  P= 574  D=  -1 
 X= 998 X2=1004  Y= 985 Y2=1023 P1=1023 P2=   0 T1=1021 T2= 909  P= 574  D=  -1 
 X= 938 X2=1023  Y= 969 Y2=1021 P1=1023 P2=   0 T1=1023 T2= 908  P= 574  D=  -1 
 X= 965 X2=1003  Y= 967 Y2=1021 P1=1023 P2=   0 T1=1023 T2= 913  P= 574  D=  -1 
 X= 897 X2=1023  Y= 982 Y2=1021 P1=1023 P2=   0 T1=1023 T2= 923  P= 574  D=  -1 
 X= 909 X2=1023  Y= 976 Y2=1020 P1=1023 P2=   0 T1=1021 T2= 924  P= 574  D=  -1 
 X= 959 X2=1023  Y= 972 Y2=1023 P1=1023 P2=   0 T1=1023 T2= 920  P= 574  D=  -1 
 X= 969 X2=1014  Y= 964 Y2=1020 P1=1023 P2=   0 T1=1022 T2= 909  P= 574  D=  -1 
 X= 906 X2=1018  Y= 971 Y2=1023 P1=1023 P2=   0 T1=1021 T2= 902  P= 574  D=  -1 
 X=1006 X2=1014  Y= 973 Y2=1023 P1=1023 P2=   0 T1=1022 T2= 895  P= 574  D=  -1 
 X=1013 X2= 998  Y= 959 Y2=1023 P1=1023 P2=   0 T1=1021 T2= 925  P= 574  D=  -1 
 X= 883 X2=1023  Y= 977 Y2=1023 P1=1023 P2=   0 T1=1023 T2= 920  P= 574  D=  -1 
 X= 953 X2=1023  Y= 975 Y2=1021 P1=1023 P2=   0 T1=1023 T2= 915  P= 574  D=  -1 
 X= 958 X2=1023  Y= 984 Y2=1020 P1=1023 P2=   0 T1=1023 T2= 916  P= 574  D=  -1 
 X= 856 X2=1023  Y= 977 Y2=1023 P1=1023 P2=   0 T1=1023 T2= 915  P= 574  D=  -1 
 X= 825 X2=1023  Y= 983 Y2=1023 P1=1023 P2=   0 T1=1021 T2= 927  P= 574  D=  -1 
 X= 891 X2=1019  Y= 976 Y2=1020 P1=1023 P2=   0 T1=1023 T2= 904  P= 574  D=  -1 
 X= 925 X2=1023  Y= 979 Y2=1021 P1=1023 P2=   0 T1=1023 T2= 882  P= 574  D=  -1 
 X= 952 X2=1004  Y= 985 Y2=1020 P1=1023 P2=   0 T1=1021 T2= 899  P= 574  D=  -1 
 X=1023 X2=1000  Y= 972 Y2=1021 P1=1023 P2=   0 T1=1021 T2= 893  P= 574  D=  -1 
 X= 875 X2=1023  Y= 964 Y2=1021 P1=1023 P2=   0 T1=1023 T2= 234  P= 574  D=  -1 
 X= 817 X2= 816  Y= 322 Y2= 328 P1= 802 P2= 474 T1=  15 T2=  14  P= 563  D=  -1 * 0
 X= 816 X2= 816  Y= 321 Y2= 328 P1= 800 P2= 475 T1=  15 T2=  14  P= 558  D=  -1 * 0
 X= 817 X2= 816  Y= 322 Y2= 328 P1= 800 P2= 476 T1=  14 T2=  14  P= 554  D=  -1 * 0
 X= 817 X2= 816  Y= 319 Y2= 327 P1= 800 P2= 477 T1=  14 T2=  14  P= 552  D=  -1 * 0
 X= 817 X2= 815  Y= 322 Y2= 329 P1= 800 P2= 477 T1=  14 T2=  14  P= 552  D=  -1 * 1
 X= 816 X2= 816  Y= 321 Y2= 330 P1= 800 P2= 477 T1=  15 T2=  14  P= 552  D=  -1 * 2
 X= 817 X2= 815  Y= 321 Y2= 328 P1= 800 P2= 477 T1=  14 T2=  14  P= 552  D=  -1 * 3
 X= 816 X2= 816  Y= 321 Y2= 328 P1= 800 P2= 478 T1=  15 T2=  14  P= 549  D=  -1 * 4
 X= 816 X2= 815  Y= 321 Y2= 327 P1= 797 P2= 478 T1=  14 T2=  14  P= 543  D=  -1 * 5
 X= 816 X2= 815  Y= 321 Y2= 328 P1= 800 P2= 478 T1=  15 T2=  14  P= 548  D=  -1 * 6
 X= 816 X2= 816  Y= 321 Y2= 328 P1= 800 P2= 479 T1=  14 T2=  14  P= 546  D=  -1 * 7
 X= 816 X2= 815  Y= 320 Y2= 328 P1= 799 P2= 478 T1=  12 T2=  14  P= 546  D=  -1 * 8
 X= 816 X2= 815  Y= 321 Y2= 328 P1= 799 P2= 479 T1=  15 T2=  14  P= 544  D=  -1 * 9
 X= 816 X2= 816  Y= 321 Y2= 328 P1= 799 P2= 479 T1=  14 T2=  14  P= 545  D=  -1 * 10
 X= 816 X2= 816  Y= 321 Y2= 328 P1= 799 P2= 478 T1=  14 T2=  14  P= 547  D=  -1 * 11
 X= 817 X2= 815  Y= 321 Y2= 327 P1= 799 P2= 479 T1=  14 T2=  14  P= 545  D=  -1 * 12
 X= 817 X2= 815  Y= 321 Y2= 327 P1= 799 P2= 478 T1=  14 T2=  14  P= 547  D=  -1 * 13
 X= 816 X2= 816  Y= 321 Y2= 329 P1= 800 P2= 479 T1=  14 T2=  13  P= 546  D=  -1 * 14
 X= 816 X2= 815  Y= 321 Y2= 328 P1= 799 P2= 479 T1=  14 T2=  14  P= 544  D=  -1 * 15
 X= 815 X2= 815  Y= 322 Y2= 327 P1= 799 P2= 479 T1=  14 T2=  14  P= 544  D=  -1 * 16
 X= 816 X2= 815  Y= 321 Y2= 328 P1= 799 P2= 479 T1=  15 T2=  14  P= 544  D=  -1 * 17
 X= 817 X2= 815  Y= 321 Y2= 328 P1= 799 P2= 479 T1=  14 T2=  15  P= 545  D=  -1 * 18
 X= 816 X2= 815  Y= 321 Y2= 327 P1= 799 P2= 479 T1=  15 T2=  12  P= 544  D=  -1 * 19
 X= 816 X2= 815  Y= 322 Y2= 327 P1= 799 P2= 478 T1=  14 T2=  14  P= 546  D=  -1 * 20
 X= 815 X2= 816  Y= 321 Y2= 327 P1= 799 P2= 479 T1=  12 T2=  14  P= 544  D=  -1 * 21
 X= 817 X2= 815  Y= 322 Y2= 328 P1= 798 P2= 479 T1=  14 T2=  14  P= 542  D=  -1 * 22
 X= 816 X2= 816  Y= 322 Y2= 328 P1= 799 P2= 479 T1=  15 T2=  15  P= 545  D=  -1 * 23
 X= 815 X2= 815  Y= 321 Y2= 328 P1= 799 P2= 479 T1=  14 T2=  13  P= 544  D=  -1 * 24
Remove Pin
 X= 815 X2= 815  Y= 321 Y2= 329 P1= 799 P2= 479 T1=  14 T2=  14  P= 544  D=  -1 * 24
 X= 816 X2= 815  Y= 321 Y2= 328 P1= 799 P2= 479 T1=  14 T2=  14  P= 544  D=  -1 * 24
 X= 816 X2= 815  Y= 323 Y2= 327 P1= 799 P2= 479 T1=  15 T2=  13  P= 544  D=  -1 * 24
 X= 817 X2= 816  Y= 322 Y2= 327 P1= 799 P2= 479 T1=  14 T2=  14  P= 545  D=  -1 * 24
 X= 817 X2= 814  Y= 321 Y2= 327 P1= 799 P2= 480 T1=  14 T2=  14  P= 541  D=  -1 * 24
 X= 815 X2= 815  Y= 321 Y2= 327 P1= 799 P2= 480 T1=  14 T2=  14  P= 541  D=  -1 * 24
 X= 819 X2= 815  Y= 321 Y2= 327 P1= 799 P2= 479 T1=  14 T2=  14  P= 545  D=  -1 * 24
 X= 819 X2= 816  Y= 320 Y2= 327 P1= 799 P2= 479 T1=  13 T2=  14  P= 545  D=  -1 * 24
 X= 817 X2= 816  Y= 321 Y2= 328 P1= 797 P2= 479 T1=  14 T2=  14  P= 538  D=  -1 * 24
 X= 997 X2=1023  Y= 986 Y2=1021 P1=1023 P2=   0 T1=1022 T2= 928  P= 538  D=  -1 
 X= 971 X2=1023  Y=1020 Y2=1021 P1=1023 P2=   0 T1=1023 T2=1005  P= 538  D=  -1 
 X= 854 X2=1023  Y=1013 Y2=1020 P1=1023 P2=   0 T1=1023 T2= 926  P= 538  D=  -1 
target state=3 point=456,249
 X=1023 X2= 989  Y= 958 Y2=1020 P1=1023 P2=   0 T1=1020 T2= 888  P= 538  D=  -1 
 X= 884 X2=1023  Y= 973 Y2=1020 P1=1023 P2=   0 T1=1023 T2= 917  P= 538  D=  -1 
 X= 942 X2=1023  Y= 977 Y2=1023 P1=1023 P2=   0 T1=1023 T2= 930  P= 538  D=  -1 
 X=1000 X2=1022  Y= 985 Y2=1023 P1=1023 P2=   0 T1=1023 T2= 930  P= 538  D=  -1 
 X= 847 X2=1023  Y= 971 Y2=1023 P1=1023 P2=   0 T1=1020 T2= 914  P= 538  D=  -1 
 X= 959 X2=1017  Y= 972 Y2=1023 P1=1023 P2=   0 T1=1021 T2= 909  P= 538  D=  -1 
 X= 960 X2= 995  Y= 976 Y2=1023 P1=1023 P2=   0 T1=1021 T2= 921  P= 538  D=  -1 
 X= 943 X2= 985  Y= 986 Y2=1021 P1=1023 P2=   0 T1=1023 T2= 918  P= 538  D=  -1 
 X= 804 X2=1023  Y= 979 Y2=1023 P1=1023 P2=   0 T1=1023 T2= 917  P= 538  D=  -1 
 X= 887 X2=1023  Y= 973 Y2=1023 P1=1023 P2=   0 T1=1023 T2= 923  P= 538  D=  -1 
 X= 878 X2=1023  Y= 981 Y2=1021 P1=1023 P2=   0 T1=1023 T2= 899  P= 538  D=  -1 
 X= 811 X2=1023  Y= 980 Y2=1020 P1=1023 P2=   0 T1=1021 T2= 914  P= 538  D=  -1 
 X= 932 X2=1023  Y= 991 Y2=1023 P1=1023 P2=   0 T1=1022 T2= 913  P= 538  D=  -1 
 X= 982 X2=1016  Y= 982 Y2=1020 P1=1023 P2=   0 T1=1022 T2= 901  P= 538  D=  -1 
 X= 881 X2=1019  Y= 971 Y2=1021 P1=1023 P2=   0 T1=1023 T2= 906  P= 538  D=  -1 
 X= 957 X2=1023  Y= 967 Y2=1023 P1=1023 P2=   0 T1=1023 T2= 908  P= 538  D=  -1 
 X= 955 X2= 995  Y= 980 Y2=1023 P1=1023 P2=   0 T1=1023 T2= 902  P= 538  D=  -1 
 X=1023 X2=1007  Y= 986 Y2=1023 P1=1023 P2=   0 T1=1023 T2= 928  P= 538  D=  -1 
 X= 918 X2=1023  Y= 978 Y2=1023 P1=1023 P2=   0 T1=1021 T2= 911  P= 538  D=  -1 
 X= 914 X2=1023  Y= 985 Y2=1023 P1=1023 P2=   0 T1=1021 T2= 905  P= 538  D=  -1 
 X= 965 X2=1022  Y= 986 Y2=1021 P1=1023 P2=   0 T1=1023 T2= 915  P= 538  D=  -1 
 X= 845 X2=1023  Y= 979 Y2=1023 P1=1023 P2=   0 T1=1021 T2= 909  P= 538  D=  -1 
 X=1023 X2=1015  Y= 988 Y2=1021 P1=1023 P2=   0 T1=1023 T2= 907  P= 538  D=  -1 
 X= 983 X2=1014  Y= 975 Y2=1023 P1=1023 P2=   0 T1=1023 T2= 891  P= 538  D=  -1 
 X= 988 X2=1011  Y= 980 Y2=1023 P1=1023 P2=   0 T1=1021 T2= 896  P= 538  D=  -1 
 X= 959 X2= 994  Y= 973 Y2=1023 P1=1023 P2=   0 T1=1021 T2= 917  P= 538  D=  -1 
 X= 954 X2=1023  Y= 978 Y2=1023 P1=1023 P2=   0 T1=1021 T2= 912  P= 538  D=  -1 
 X= 970 X2=1023  Y= 984 Y2=1020 P1=1023 P2=   0 T1=1022 T2= 916  P= 538  D=  -1 
 X= 841 X2=1023  Y= 977 Y2=1023 P1=1023 P2=   0 T1=1023 T2= 908  P= 538  D=  -1 
 X= 981 X2= 996  Y= 977 Y2=1023 P1=1023 P2=   0 T1=1023 T2= 926  P= 538  D=  -1 
 X= 818 X2=1023  Y= 983 Y2=1020 P1=1023 P2=   0 T1=1021 T2= 898  P= 538  D=  -1 
 X= 807 X2=1023  Y= 975 Y2=1021 P1=1023 P2=   0 T1=1023 T2= 903  P= 538  D=  -1 
 X=1005 X2=1009  Y= 985 Y2=1023 P1=1023 P2=   0 T1=1023 T2= 914  P= 538  D=  -1 
 X=1016 X2= 996  Y= 980 Y2=1021 P1=1023 P2=   0 T1=1023 T2= 919  P= 538  D=  -1 
 X= 970 X2=1018  Y=1020 Y2=1020 P1=1023 P2=   0 T1=1023 T2=1021  P= 538  D=  -1 
 X= 893 X2=1019  Y= 979 Y2=1021 P1=1023 P2=   0 T1=1023 T2= 915  P= 538  D=  -1 
 X= 926 X2=1021  Y= 975 Y2=1020 P1=1023 P2=   0 T1=1021 T2= 950  P= 538  D=  -1 
 X= 874 X2=1023  Y= 982 Y2=1021 P1=1023 P2=   0 T1=1021 T2= 929  P= 538  D=  -1 
 X=1023 X2=1011  Y= 979 Y2=1023 P1=1023 P2=   0 T1=1023 T2= 895  P= 538  D=  -1 
 X= 990 X2=1008  Y= 976 Y2=1023 P1=1023 P2=   0 T1=1022 T2= 922  P= 538  D=  -1 
 X= 903 X2=1023  Y= 981 Y2=1023 P1=1023 P2=   0 T1=1023 T2= 895  P= 538  D=  -1 
 X= 818 X2= 818  Y= 705 Y2= 708 P1= 916 P2= 499 T1=  24 T2=  19  P= 538  D=  -1 * 0
 X=1023 X2=1005  Y= 980 Y2=1021 P1=1023 P2=   0 T1=1021 T2= 901  P= 538  D=  -1 
 X= 814 X2= 816  Y= 703 Y2= 707 P1= 908 P2= 535 T1=  15 T2=  15  P= 568  D=  -1 * 0
 X= 815 X2= 817  Y= 703 Y2= 706 P1= 907 P2= 542 T1=  15 T2=  14  P= 549  D=  -1 * 0
 X= 816 X2= 815  Y= 702 Y2= 706 P1= 907 P2= 541 T1=  14 T2=  16  P= 550  D=  -1 * 0
 X= 815 X2= 816  Y= 703 Y2= 707 P1= 907 P2= 541 T1=  14 T2=  15  P= 550  D=  -1 * 1
 X= 812 X2= 817  Y= 704 Y2= 706 P1= 907 P2= 541 T1=  14 T2=  14  P= 550  D=  -1 * 2
 X= 815 X2= 816  Y= 702 Y2= 707 P1= 907 P2= 541 T1=  15 T2=  13  P= 550  D=  -1 * 3
 X= 815 X2= 816  Y= 703 Y2= 706 P1= 907 P2= 542 T1=  14 T2=  15  P= 548  D=  -1 * 4
 X= 815 X2= 814  Y= 703 Y2= 707 P1= 907 P2= 541 T1=  15 T2=  12  P= 550  D=  -1 * 5
 X= 817 X2= 816  Y= 699 Y2= 707 P1= 907 P2= 541 T1=  14 T2=  15  P= 551  D=  -1 * 6
 X= 814 X2= 816  Y= 703 Y2= 706 P1= 907 P2= 542 T1=  15 T2=  14  P= 548  D=  -1 * 7
 X= 814 X2= 816  Y= 703 Y2= 707 P1= 908 P2= 542 T1=  14 T2=  14  P= 550  D=  -1 * 8
 X= 814 X2= 816  Y= 702 Y2= 706 P1= 907 P2= 542 T1=  14 T2=  14  P= 548  D=  -1 * 9
 X= 816 X2= 816  Y= 703 Y2= 706 P1= 906 P2= 542 T1=  14 T2=  15  P= 547  D=  -1 * 10
 X= 814 X2= 817  Y= 702 Y2= 705 P1= 906 P2= 542 T1=  15 T2=  14  P= 546  D=  -1 * 11
 X= 814 X2= 814  Y= 703 Y2= 707 P1= 907 P2= 542 T1=  15 T2=  15  P= 547  D=  -1 * 12
 X= 815 X2= 816  Y= 702 Y2= 707 P1= 907 P2= 542 T1=  14 T2=  14  P= 548  D=  -1 * 13
 X= 815 X2= 816  Y= 702 Y2= 707 P1= 907 P2= 541 T1=  15 T2=  13  P= 550  D=  -1 * 14
 X= 817 X2= 815  Y= 703 Y2= 707 P1= 907 P2= 542 T1=  14 T2=  15  P= 549  D=  -1 * 15
 X= 814 X2= 817  Y= 702 Y2= 707 P1= 906 P2= 542 T1=  14 T2=  14  P= 546  D=  -1 * 16
 X= 815 X2= 816  Y= 703 Y2= 706 P1= 907 P2= 542 T1=  15 T2=  14  P= 548  D=  -1 * 17
 X= 816 X2= 816  Y= 703 Y2= 705 P1= 907 P2= 542 T1=  16 T2=  14  P= 549  D=  -1 * 18
 X= 815 X2= 816  Y= 702 Y2= 707 P1= 906 P2= 542 T1=  13 T2=  13  P= 546  D=  -1 * 19
 X= 815 X2= 816  Y= 702 Y2= 707 P1= 906 P2= 544 T1=  15 T2=  15  P= 543  D=  -1 * 20
 X= 815 X2= 816  Y= 702 Y2= 706 P1= 906 P2= 541 T1=  15 T2=  14  P= 550  D=  -1 * 21
 X=1023 X2=1010  Y= 982 Y2=1023 P1=1023 P2=   0 T1=1022 T2= 870  P= 550  D=  -1 
 X= 957 X2=1023  Y= 987 Y2=1023 P1=1023 P2=   0 T1=1021 T2= 905  P= 550  D=  -1 
 X= 918 X2=1023  Y= 968 Y2=1020 P1=1023 P2=   0 T1=1023 T2= 902  P= 550  D=  -1 
 X= 962 X2=1023  Y= 988 Y2=1020 P1=1023 P2=   0 T1=1020 T2= 910  P= 550  D=  -1 
 X= 894 X2=1018  Y= 974 Y2=1023 P1=1023 P2=   0 T1=1023 T2= 911  P= 550  D=  -1 
 X= 852 X2=1023  Y= 973 Y2=1023 P1=1023 P2=   0 T1=1021 T2= 916  P= 550  D=  -1 
 X= 968 X2=1021  Y=1014 Y2=1021 P1=1023 P2=   0 T1=1023 T2=1020  P= 550  D=  -1 
 X= 922 X2=1017  Y= 972 Y2=1023 P1=1023 P2=   0 T1=1021 T2= 903  P= 550  D=  -1 
 X= 893 X2=1021  Y= 978 Y2=1023 P1=1023 P2=   0 T1=1020 T2= 911  P= 550  D=  -1 
 X= 836 X2=1023  Y= 983 Y2=1023 P1=1023 P2=   0 T1=1023 T2= 897  P= 550  D=  -1 
 X=1002 X2=1004  Y= 984 Y2=1023 P1=1023 P2=   0 T1=1021 T2= 910  P= 550  D=  -1 
 X= 844 X2=1023  Y= 982 Y2=1022 P1=1023 P2=   0 T1=1021 T2= 908  P= 550  D=  -1 
 X= 947 X2=1023  Y= 982 Y2=1023 P1=1023 P2=   0 T1=1021 T2= 914  P= 550  D=  -1 
 X= 927 X2=1023  Y= 981 Y2=1020 P1=1023 P2=   0 T1=1021 T2= 908  P= 550  D=  -1 
 X= 987 X2=1015  Y= 973 Y2=1023 P1=1023 P2=   0 T1=1023 T2= 944  P= 550  D=  -1 
 X= 949 X2=1023  Y= 976 Y2=1023 P1=1023 P2=   0 T1=1023 T2= 923  P= 550  D=  -1 
 X=1023 X2= 999  Y= 978 Y2=1023 P1=1023 P2=   0 T1=1023 T2= 912  P= 550  D=  -1 
 X= 865 X2=1023  Y= 982 Y2=1023 P1=1023 P2=   0 T1=1021 T2= 904  P= 550  D=  -1 
 X= 933 X2= 995  Y= 974 Y2=1021 P1=1023 P2=   0 T1=1023 T2= 913  P= 550  D=  -1 
 X= 993 X2=1011  Y= 974 Y2=1020 P1=1023 P2=   0 T1=1021 T2= 928  P= 550  D=  -1 
 X=1022 X2= 995  Y= 977 Y2=1020 P1=1023 P2=   0 T1=1023 T2= 903  P= 550  D=  -1 
 X= 826 X2=1023  Y= 974 Y2=1020 P1=1023 P2=   0 T1=1023 T2= 920  P= 550  D=  -1 
 X= 835 X2=1023  Y= 967 Y2=1023 P1=1023 P2=   0 T1=1023 T2= 904  P= 550  D=  -1 
 X= 985 X2=1008  Y= 971 Y2=1021 P1=1023 P2=   0 T1=1023 T2= 913  P= 550  D=  -1 
 X= 959 X2=1023  Y= 980 Y2=1020 P1=1023 P2=   0 T1=1023 T2= 899  P= 550  D=  -1 
 X= 929 X2=1023  Y= 984 Y2=1020 P1=1023 P2=   0 T1=1023 T2= 889  P= 550  D=  -1 
 X= 952 X2=1023  Y= 989 Y2=1023 P1=1023 P2=   0 T1=1021 T2= 918  P= 550  D=  -1 
 X= 992 X2= 998  Y= 976 Y2=1023 P1=1023 P2=   0 T1=1021 T2= 914  P= 550  D=  -1 
 X= 919 X2=1023  Y= 973 Y2=1022 P1=1023 P2=   0 T1=1023 T2= 898  P= 550  D=  -1 
 X= 934 X2=1023  Y= 974 Y2=1020 P1=1023 P2=   0 T1=1023 T2= 902  P= 550  D=  -1 
 X= 871 X2=1023  Y= 980 Y2=1020 P1=1023 P2=   0 T1=1023 T2= 894  P= 550  D=  -1 
 X= 825 X2=1023  Y= 970 Y2=1023 P1=1023 P2=   0 T1=1023 T2= 907  P= 550  D=  -1 
 X= 990 X2= 993  Y= 980 Y2=1023 P1=1023 P2=   0 T1=1023 T2= 898  P= 550  D=  -1 
 X= 958 X2=1023  Y= 975 Y2=1023 P1=1023 P2=   0 T1=1023 T2= 907  P= 550  D=  -1 
 X= 888 X2=1018  Y= 969 Y2=1023 P1=1023 P2=   0 T1=1023 T2= 898  P= 550  D=  -1 
 X= 956 X2=1007  Y= 975 Y2=1020 P1=1023 P2=   0 T1=1023 T2= 923  P= 550  D=  -1 
 X=1023 X2=1010  Y= 973 Y2=1020 P1=1023 P2=   0 T1=1021 T2= 904  P= 550  D=  -1 
 X= 927 X2=1023  Y= 979 Y2=1023 P1=1023 P2=   0 T1=1021 T2= 908  P= 550  D=  -1 
 X= 996 X2=1017  Y= 983 Y2=1023 P1=1023 P2=   0 T1=1023 T2= 901  P= 550  D=  -1 
 X= 899 X2=1018  Y= 976 Y2=1023 P1=1023 P2=   0 T1=1020 T2= 900  P= 550  D=  -1 
 X= 876 X2=1023  Y= 984 Y2=1023 P1=1023 P2=   0 T1=1023 T2= 912  P= 550  D=  -1 
 X= 883 X2=1023  Y= 983 Y2=1021 P1=1023 P2=   0 T1=1023 T2= 847  P= 550  D=  -1 
 X= 993 X2= 998  Y= 979 Y2=1023 P1=1023 P2=   0 T1=1021 T2= 930  P= 550  D=  -1 
 X= 979 X2=1012  Y= 975 Y2=1023 P1=1023 P2=   0 T1=1020 T2= 917  P= 550  D=  -1 
 X= 954 X2= 990  Y= 980 Y2=1021 P1=1023 P2=   0 T1=1021 T2= 905  P= 550  D=  -1 
 X=1023 X2= 996  Y= 977 Y2=1020 P1=1023 P2=   0 T1=1023 T2= 916  P= 550  D=  -1 
 X= 880 X2=1023  Y= 982 Y2=1021 P1=1023 P2=   0 T1=1023 T2= 902  P= 550  D=  -1 
 X= 942 X2=1022  Y= 970 Y2=1021 P1=1023 P2=   0 T1=1020 T2= 921  P= 550  D=  -1 
 X= 961 X2=1023  Y= 977 Y2=1023 P1=1023 P2=   0 T1=1023 T2= 891  P= 550  D=  -1 
 X= 862 X2=1018  Y= 976 Y2=1020 P1=1023 P2=   0 T1=1023 T2= 917  P= 550  D=  -1 
 X=1017 X2=1023  Y=1023 Y2=1021 P1=1023 P2=   0 T1=1021 T2=1019  P= 550  D=  -1 
 X= 953 X2=1009  Y= 990 Y2=1019 P1=1023 P2=   0 T1=1023 T2= 935  P= 550  D=  -1 
 X= 906 X2=1023  Y= 978 Y2=1020 P1=1023 P2=   0 T1=1021 T2= 903  P= 550  D=  -1 
 X= 961 X2=1023  Y= 971 Y2=1023 P1=1023 P2=   0 T1=1021 T2= 925  P= 550  D=  -1 
 X=1006 X2=1007  Y= 972 Y2=1023 P1=1023 P2=   0 T1=1021 T2= 919  P= 550  D=  -1 
 X=1023 X2=1015  Y= 978 Y2=1023 P1=1023 P2=   0 T1=1023 T2= 896  P= 550  D=  -1 
 X= 871 X2=1023  Y= 981 Y2=1019 P1=1023 P2=   0 T1=1023 T2= 896  P= 550  D=  -1 
 X= 919 X2=1023  Y= 982 Y2=1023 P1=1023 P2=   0 T1=1023 T2= 908  P= 550  D=  -1 
 X= 976 X2=1016  Y= 982 Y2=1020 P1=1023 P2=   0 T1=1023 T2= 919  P= 550  D=  -1 
 X= 959 X2=1023  Y= 981 Y2=1020 P1=1023 P2=   0 T1=1023 T2= 902  P= 550  D=  -1 
 X=1023 X2=1005  Y= 990 Y2=1020 P1=1023 P2=   0 T1=1021 T2= 901  P= 550  D=  -1 
 X= 982 X2= 995  Y= 977 Y2=1021 P1=1023 P2=   0 T1=1021 T2= 904  P= 550  D=  -1 
 X= 991 X2=1023  Y= 965 Y2=1022 P1=1023 P2=   0 T1=1022 T2= 925  P= 550  D=  -1 
 X= 941 X2=1022  Y= 974 Y2=1023 P1=1023 P2=   0 T1=1021 T2= 913  P= 550  D=  -1 
 X=1023 X2=1005  Y= 987 Y2=1023 P1=1023 P2=   0 T1=1023 T2= 910  P= 550  D=  -1 
 X= 795 X2=1023  Y= 977 Y2=1018 P1=1023 P2=   0 T1=1023 T2= 835  P= 550  D=  -1 
 X= 913 X2=1023  Y= 971 Y2=1021 P1=1023 P2=   0 T1=1023 T2= 920  P= 550  D=  -1 
 X= 815 X2= 815  Y= 705 Y2= 707 P1= 910 P2= 531 T1=  15 T2=  15  P= 581  D=  -1 * 22
 X= 812 X2= 815  Y= 703 Y2= 708 P1= 910 P2= 533 T1=  15 T2=  14  P= 574  D=  -1 * 23
 X= 815 X2= 815  Y= 703 Y2= 707 P1= 907 P2= 539 T1=  14 T2=  14  P= 555  D=  -1 * 24
Remove Pin
 X= 814 X2= 816  Y= 704 Y2= 707 P1= 907 P2= 539 T1=  14 T2=  14  P= 555  D=  -1 * 24
 X= 815 X2= 816  Y= 703 Y2= 708 P1= 908 P2= 541 T1=  15 T2=  14  P= 552  D=  -1 * 24
 X= 815 X2= 815  Y= 702 Y2= 707 P1= 907 P2= 541 T1=  14 T2=  14  P= 550  D=  -1 * 24
 X= 814 X2= 815  Y= 703 Y2= 709 P1= 907 P2= 542 T1=  15 T2=  13  P= 547  D=  -1 * 24
 X= 815 X2= 815  Y= 702 Y2= 707 P1= 907 P2= 542 T1=  14 T2=  14  P= 548  D=  -1 * 24
 X= 815 X2= 815  Y= 703 Y2= 707 P1= 907 P2= 542 T1=  15 T2=  14  P= 548  D=  -1 * 24
 X= 814 X2= 816  Y= 703 Y2= 707 P1= 907 P2= 542 T1=  14 T2=  14  P= 548  D=  -1 * 24
 X= 814 X2= 815  Y= 703 Y2= 707 P1= 907 P2= 543 T1=  14 T2=  14  P= 545  D=  -1 * 24
 X= 815 X2= 816  Y= 703 Y2= 708 P1= 907 P2= 543 T1=  14 T2=  14  P= 546  D=  -1 * 24
 X= 815 X2= 815  Y= 703 Y2= 707 P1= 907 P2= 543 T1=  14 T2=  14  P= 546  D=  -1 * 24
 X= 815 X2= 815  Y= 703 Y2= 707 P1= 908 P2= 543 T1=  14 T2=  14  P= 547  D=  -1 * 24
 X= 813 X2= 809  Y= 703 Y2= 707 P1= 907 P2= 542 T1=  14 T2=  14  P= 545  D=  -1 * 24
 X= 814 X2= 815  Y= 703 Y2= 706 P1= 907 P2= 542 T1=  14 T2=  13  P= 547  D=  -1 * 24
 X= 815 X2= 815  Y= 703 Y2= 707 P1= 907 P2= 542 T1=  14 T2=  15  P= 548  D=  -1 * 24
 X= 814 X2= 815  Y= 703 Y2= 707 P1= 907 P2= 542 T1=  14 T2=  14  P= 547  D=  -1 * 24
 X= 815 X2= 818  Y= 703 Y2= 708 P1= 907 P2= 542 T1=  14 T2=  14  P= 549  D=  -1 * 24
 X= 815 X2= 815  Y= 703 Y2= 707 P1= 907 P2= 543 T1=  14 T2=  15  P= 546  D=  -1 * 24
 X= 815 X2= 816  Y= 703 Y2= 707 P1= 908 P2= 543 T1=  14 T2=  14  P= 547  D=  -1 * 24
 X= 814 X2= 815  Y= 703 Y2= 707 P1= 907 P2= 543 T1=  14 T2=  14  P= 545  D=  -1 * 24
 X= 815 X2= 815  Y= 703 Y2= 708 P1= 907 P2= 543 T1=  15 T2=  14  P= 546  D=  -1 * 24
 X= 814 X2= 816  Y= 703 Y2= 707 P1= 907 P2= 543 T1=  14 T2=  15  P= 546  D=  -1 * 24
 X= 814 X2= 813  Y= 703 Y2= 708 P1= 907 P2= 543 T1=  14 T2=  13  P= 544  D=  -1 * 24
 X= 814 X2= 816  Y= 700 Y2= 708 P1= 907 P2= 543 T1=  14 T2=  14  P= 546  D=  -1 * 24
 X= 814 X2= 816  Y= 703 Y2= 707 P1= 907 P2= 542 T1=  14 T2=  14  P= 548  D=  -1 * 24
 X= 815 X2= 815  Y= 703 Y2= 708 P1= 907 P2= 543 T1=  12 T2=  15  P= 546  D=  -1 * 24
 X= 814 X2= 815  Y= 703 Y2= 708 P1= 907 P2= 543 T1=  14 T2=  14  P= 545  D=  -1 * 24
 X= 816 X2= 816  Y= 703 Y2= 706 P1= 907 P2= 543 T1=  15 T2=  13  P= 546  D=  -1 * 24
 X= 815 X2= 815  Y= 703 Y2= 707 P1= 907 P2= 543 T1=  15 T2=  14  P= 546  D=  -1 * 24
 X= 816 X2= 816  Y= 702 Y2= 707 P1= 907 P2= 543 T1=  14 T2=  15  P= 546  D=  -1 * 24
 X= 814 X2= 815  Y= 703 Y2= 706 P1= 907 P2= 543 T1=  14 T2=  14  P= 545  D=  -1 * 24
 X= 815 X2= 816  Y= 704 Y2= 707 P1= 907 P2= 543 T1=  13 T2=  14  P= 546  D=  -1 * 24
 X= 814 X2= 814  Y= 703 Y2= 707 P1= 907 P2= 543 T1=  14 T2=  14  P= 545  D=  -1 * 24
 X= 815 X2= 817  Y= 703 Y2= 707 P1= 906 P2= 543 T1=  14 T2=  14  P= 545  D=  -1 * 24
 X= 812 X2= 816  Y= 703 Y2= 709 P1= 907 P2= 543 T1=  14 T2=  14  P= 545  D=  -1 * 24
 X= 814 X2= 813  Y= 703 Y2= 707 P1= 907 P2= 544 T1=  14 T2=  14  P= 542  D=  -1 * 24
 X= 815 X2= 816  Y= 703 Y2= 708 P1= 906 P2= 544 T1=  16 T2=  13  P= 541  D=  -1 * 24
 X= 814 X2= 816  Y= 703 Y2= 708 P1= 907 P2= 543 T1=  15 T2=  14  P= 546  D=  -1 * 24
 X= 815 X2= 816  Y= 703 Y2= 707 P1= 907 P2= 543 T1=  14 T2=  14  P= 546  D=  -1 * 24
 X= 815 X2= 815  Y= 703 Y2= 707 P1= 906 P2= 543 T1=  14 T2=  14  P= 544  D=  -1 * 24
 X= 814 X2= 816  Y= 703 Y2= 707 P1= 907 P2= 543 T1=  14 T2=  14  P= 546  D=  -1 * 24
 X= 815 X2= 816  Y= 703 Y2= 705 P1= 907 P2= 543 T1=  14 T2=  15  P= 546  D=  -1 * 24
 X= 814 X2= 817  Y= 702 Y2= 707 P1= 907 P2= 544 T1=  15 T2=  14  P= 543  D=  -1 * 24
 X= 813 X2= 816  Y= 703 Y2= 707 P1= 907 P2= 543 T1=  14 T2=  13  P= 545  D=  -1 * 24
 X= 815 X2= 815  Y= 701 Y2= 707 P1= 907 P2= 544 T1=  13 T2=  14  P= 543  D=  -1 * 24
 X= 815 X2= 815  Y= 703 Y2= 707 P1= 906 P2= 543 T1=  14 T2=  15  P= 544  D=  -1 * 24
 X= 814 X2= 815  Y= 703 Y2= 708 P1= 906 P2= 544 T1=  14 T2=  14  P= 541  D=  -1 * 24
 X= 814 X2= 816  Y= 703 Y2= 707 P1= 906 P2= 543 T1=  16 T2=  14  P= 544  D=  -1 * 24
 X= 814 X2= 816  Y= 703 Y2= 708 P1= 907 P2= 544 T1=  14 T2=  14  P= 543  D=  -1 * 24
 X= 815 X2= 816  Y= 703 Y2= 707 P1= 906 P2= 544 T1=  14 T2=  14  P= 541  D=  -1 * 24
 X= 814 X2= 815  Y= 704 Y2= 706 P1= 907 P2= 544 T1=  15 T2=  13  P= 542  D=  -1 * 24
 X= 814 X2= 815  Y= 703 Y2= 707 P1= 907 P2= 544 T1=  18 T2=  15  P= 542  D=  -1 * 24
 X= 815 X2= 816  Y= 703 Y2= 707 P1= 905 P2= 547 T1=  14 T2=  14  P= 533  D=  -1 * 24
 X= 819 X2= 822  Y= 711 Y2= 715 P1= 943 P2= 384 T1=  34 T2=  29  P= 533  D=  -1 
 X=1023 X2=1007  Y= 978 Y2=1023 P1=1023 P2=   0 T1=1022 T2= 906  P= 533  D=  -1 
 X= 940 X2=1020  Y= 972 Y2=1023 P1=1023 P2=   0 T1=1023 T2= 905  P= 533  D=  -1 
 X= 923 X2=1023  Y= 984 Y2=1023 P1=1023 P2=   0 T1=1020 T2= 900  P= 533  D=  -1 
target state=4 point=23,249
 X= 873 X2=1023  Y= 987 Y2=1021 P1=1023 P2=   0 T1=1023 T2= 906  P= 533  D=  -1 
 X= 917 X2= 997  Y= 981 Y2=1023 P1=1023 P2=   0 T1=1022 T2= 919  P= 533  D=  -1 
 X= 811 X2=1023  Y= 978 Y2=1023 P1=1023 P2=   0 T1=1021 T2= 906  P= 533  D=  -1 
 X= 894 X2=1023  Y= 974 Y2=1023 P1=1023 P2=   0 T1=1023 T2= 912  P= 533  D=  -1 
 X= 980 X2=1005  Y= 973 Y2=1021 P1=1023 P2=   0 T1=1021 T2= 908  P= 533  D=  -1 
 X= 828 X2=1023  Y= 968 Y2=1021 P1=1023 P2=   0 T1=1023 T2= 913  P= 533  D=  -1 
 X= 965 X2=1023  Y= 964 Y2=1020 P1=1023 P2=   0 T1=1021 T2= 924  P= 533  D=  -1 
 X=1023 X2=1009  Y= 974 Y2=1020 P1=1023 P2=   0 T1=1021 T2= 925  P= 533  D=  -1 
 X= 981 X2= 997  Y= 981 Y2=1021 P1=1023 P2=   0 T1=1022 T2= 904  P= 533  D=  -1 
 X= 901 X2=1023  Y= 971 Y2=1021 P1=1023 P2=   0 T1=1023 T2= 909  P= 533  D=  -1 
 X= 893 X2=1016  Y= 970 Y2=1023 P1=1023 P2=   0 T1=1023 T2= 885  P= 533  D=  -1 
 X= 930 X2=1023  Y= 981 Y2=1021 P1=1023 P2=   0 T1=1021 T2= 921  P= 533  D=  -1 
 X= 928 X2=1023  Y= 982 Y2=1021 P1=1023 P2=   0 T1=1023 T2= 911  P= 533  D=  -1 
 X=1011 X2=1006  Y= 976 Y2=1020 P1=1023 P2=   0 T1=1021 T2= 928  P= 533  D=  -1 
 X= 986 X2=1016  Y= 985 Y2=1023 P1=1023 P2=   0 T1=1022 T2= 929  P= 533  D=  -1 
 X= 869 X2=1020  Y= 975 Y2=1021 P1=1023 P2=   0 T1=1023 T2= 917  P= 533  D=  -1 
 X= 960 X2=1023  Y= 988 Y2=1023 P1=1023 P2=   0 T1=1021 T2= 892  P= 533  D=  -1 
 X=1023 X2=1005  Y= 984 Y2=1021 P1=1023 P2=   0 T1=1023 T2= 914  P= 533  D=  -1 
 X= 924 X2=1023  Y= 978 Y2=1023 P1=1023 P2=   0 T1=1021 T2= 892  P= 533  D=  -1 
 X= 973 X2= 995  Y= 977 Y2=1023 P1=1023 P2=   0 T1=1022 T2= 913  P= 533  D=  -1 
 X= 907 X2=1018  Y= 963 Y2=1020 P1=1023 P2=   0 T1=1021 T2= 898  P= 533  D=  -1 
 X= 941 X2=1023  Y= 976 Y2=1021 P1=1023 P2=   0 T1=1023 T2= 894  P= 533  D=  -1 
 X= 850 X2=1023  Y= 995 Y2=1021 P1=1023 P2=   0 T1=1021 T2= 920  P= 533  D=  -1 
 X=1020 X2=1017  Y= 979 Y2=1023 P1=1023 P2=   0 T1=1022 T2= 914  P= 533  D=  -1 
 X= 990 X2=1016  Y= 973 Y2=1023 P1=1023 P2=   0 T1=1023 T2= 917  P= 533  D=  -1 
 X=1016 X2=1023  Y=1020 Y2=1023 P1=1023 P2=   0 T1=1021 T2=1021  P= 533  D=  -1 
 X= 966 X2=1023  Y= 971 Y2=1023 P1=1023 P2=   0 T1=1023 T2= 922  P= 533  D=  -1 
 X= 891 X2=1023  Y= 983 Y2=1019 P1=1023 P2=   0 T1=1023 T2= 914  P= 533  D=  -1 
 X= 955 X2=1023  Y= 976 Y2=1023 P1=1023 P2=   0 T1=1023 T2= 905  P= 533  D=  -1 
 X= 940 X2=1023  Y= 982 Y2=1021 P1=1023 P2=   0 T1=1023 T2= 916  P= 533  D=  -1 
 X= 865 X2=1020  Y= 971 Y2=1020 P1=1023 P2=   0 T1=1020 T2= 923  P= 533  D=  -1 
 X= 800 X2=1023  Y= 986 Y2=1020 P1=1023 P2=   0 T1=1021 T2= 938  P= 533  D=  -1 
 X= 970 X2=1015  Y= 973 Y2=1023 P1=1023 P2=   0 T1=1023 T2= 909  P= 533  D=  -1 
 X= 897 X2=1017  Y= 973 Y2=1023 P1=1023 P2=   0 T1=1023 T2= 909  P= 533  D=  -1 
 X= 945 X2=1023  Y= 986 Y2=1020 P1=1023 P2=   0 T1=1023 T2= 913  P= 533  D=  -1 
 X= 947 X2=1022  Y= 976 Y2=1019 P1=1023 P2=   0 T1=1021 T2= 929  P= 533  D=  -1 
 X=1023 X2= 995  Y= 974 Y2=1023 P1=1023 P2=   0 T1=1023 T2= 909  P= 533  D=  -1 
 X= 891 X2=1023  Y= 983 Y2=1021 P1=1023 P2=   0 T1=1023 T2= 920  P= 533  D=  -1 
 X= 892 X2=1023  Y= 976 Y2=1023 P1=1023 P2=   0 T1=1022 T2= 909  P= 533  D=  -1 
 X= 981 X2=1011  Y= 973 Y2=1021 P1=1023 P2=   0 T1=1023 T2= 910  P= 533  D=  -1 
 X= 818 X2=1023  Y= 978 Y2=1021 P1=1023 P2=   0 T1=1023 T2= 907  P= 533  D=  -1 
 X= 945 X2= 995  Y= 972 Y2=1023 P1=1023 P2=   0 T1=1023 T2= 914  P= 533  D=  -1 
 X=1020 X2= 997  Y= 973 Y2=1020 P1=1023 P2=   0 T1=1022 T2= 907  P= 533  D=  -1 
 X= 989 X2=1004  Y= 975 Y2=1019 P1=1023 P2=   0 T1=1021 T2= 904  P= 533  D=  -1 
 X= 912 X2=1023  Y= 988 Y2=1023 P1=1023 P2=   0 T1=1020 T2= 903  P= 533  D=  -1 
 X= 943 X2= 993  Y= 983 Y2=1020 P1=1023 P2=   0 T1=1023 T2= 919  P= 533  D=  -1 
 X= 828 X2=1023  Y= 985 Y2=1020 P1=1023 P2=   0 T1=1021 T2= 870  P= 533  D=  -1 
 X= 960 X2=1023  Y= 979 Y2=1023 P1=1023 P2=   0 T1=1021 T2= 911  P= 533  D=  -1 
 X= 892 X2=1017  Y= 987 Y2=1023 P1=1023 P2=   0 T1=1021 T2= 933  P= 533  D=  -1 
 X= 913 X2=1023  Y= 982 Y2=1023 P1=1023 P2=   0 T1=1023 T2= 908  P= 533  D=  -1 
 X= 967 X2=1023  Y=1001 Y2=1023 P1=1023 P2=   0 T1=1021 T2= 912  P= 533  D=  -1 
 X=1023 X2=1016  Y= 980 Y2=1023 P1=1023 P2=   0 T1=1023 T2= 905  P= 533  D=  -1 
 X=1011 X2= 997  Y= 974 Y2=1023 P1=1023 P2=   0 T1=1023 T2= 901  P= 533  D=  -1 
 X= 932 X2=1023  Y= 979 Y2=1020 P1=1023 P2=   0 T1=1023 T2= 905  P= 533  D=  -1 
 X= 961 X2= 997  Y= 975 Y2=1021 P1=1023 P2=   0 T1=1023 T2= 905  P= 533  D=  -1 
 X= 935 X2=1023  Y= 990 Y2=1021 P1=1023 P2=   0 T1=1022 T2= 917  P= 533  D=  -1 
 X= 874 X2=1023  Y= 978 Y2=1021 P1=1023 P2=   0 T1=1023 T2= 911  P= 533  D=  -1 
 X= 947 X2=1022  Y= 970 Y2=1021 P1=1023 P2=   0 T1=1022 T2= 908  P= 533  D=  -1 
 X= 938 X2=1014  Y= 982 Y2=1023 P1=1023 P2=   0 T1=1023 T2= 911  P= 533  D=  -1 
 X= 878 X2=1020  Y= 977 Y2=1023 P1=1023 P2=   0 T1=1019 T2= 896  P= 533  D=  -1 
 X= 941 X2=1022  Y= 980 Y2=1023 P1=1023 P2=   0 T1=1022 T2= 899  P= 533  D=  -1 
 X= 840 X2=1023  Y= 985 Y2=1023 P1=1023 P2=   0 T1=1023 T2= 925  P= 533  D=  -1 
 X= 924 X2=1023  Y= 986 Y2=1023 P1=1023 P2=   0 T1=1023 T2= 912  P= 533  D=  -1 
 X= 893 X2=1023  Y= 966 Y2=1023 P1=1023 P2=   0 T1=1020 T2= 908  P= 533  D=  -1 
 X= 893 X2=1017  Y= 974 Y2=1023 P1=1023 P2=   0 T1=1023 T2= 890  P= 533  D=  -1 
 X= 809 X2=1023  Y= 970 Y2=1023 P1=1023 P2=   0 T1=  22 T2= 892  P= 533  D=  -1 * 0
 X= 853 X2=1023  Y= 970 Y2=1023 P1=1023 P2=   0 T1=1023 T2= 909  P= 533  D=  -1 
 X=1005 X2= 998  Y= 972 Y2=1023 P1=1023 P2=   0 T1=1023 T2= 897  P= 533  D=  -1 
 X= 239 X2= 243  Y= 704 Y2= 700 P1= 844 P2= 225 T1=  22 T2=  23  P= 662  D=  -1 * 0
 X= 238 X2= 241  Y= 703 Y2= 699 P1= 835 P2= 236 T1=  22 T2=  21  P= 606  D=  -1 * 0
 X= 238 X2= 241  Y= 700 Y2= 699 P1= 833 P2= 238 T1=  21 T2=  22  P= 597  D=  -1 * 0
 X= 238 X2= 240  Y= 703 Y2= 699 P1= 833 P2= 238 T1=  22 T2=  22  P= 597  D=  -1 * 1
 X= 238 X2= 239  Y= 704 Y2= 699 P1= 833 P2= 238 T1=  21 T2=  24  P= 595  D=  -1 * 2
 X= 238 X2= 240  Y= 703 Y2= 699 P1= 834 P2= 238 T1=  21 T2=  21  P= 598  D=  -1 * 3
 X= 237 X2= 239  Y= 703 Y2= 700 P1= 832 P2= 238 T1=  21 T2=  22  P= 593  D=  -1 * 4
 X= 238 X2= 240  Y= 704 Y2= 700 P1= 834 P2= 238 T1=  21 T2=  21  P= 598  D=  -1 * 5
 X= 235 X2= 239  Y= 703 Y2= 699 P1= 832 P2= 239 T1=  22 T2=  21  P= 587  D=  -1 * 6
 X= 238 X2= 240  Y= 704 Y2= 699 P1= 832 P2= 239 T1=  22 T2=  21  P= 592  D=  -1 * 7
 X= 237 X2= 239  Y= 704 Y2= 700 P1= 832 P2= 240 T1=  21 T2=  21  P= 586  D=  -1 * 8
 X= 237 X2= 239  Y= 704 Y2= 699 P1= 832 P2= 239 T1=  21 T2=  21  P= 590  D=  -1 * 9
 X= 238 X2= 239  Y= 704 Y2= 700 P1= 831 P2= 239 T1=  21 T2=  21  P= 589  D=  -1 * 10
 X= 238 X2= 239  Y= 703 Y2= 701 P1= 831 P2= 240 T1=  21 T2=  22  P= 585  D=  -1 * 11
 X= 238 X2= 239  Y= 704 Y2= 700 P1= 831 P2= 240 T1=  21 T2=  20  P= 585  D=  -1 * 12
 X= 237 X2= 239  Y= 704 Y2= 700 P1= 830 P2= 240 T1=  21 T2=  21  P= 585  D=  -1 * 13
 X= 235 X2= 241  Y= 703 Y2= 699 P1= 830 P2= 240 T1=  20 T2=  21  P= 585  D=  -1 * 14
 X= 238 X2= 239  Y= 704 Y2= 699 P1= 831 P2= 240 T1=  19 T2=  21  P= 585  D=  -1 * 15
 X= 238 X2= 239  Y= 703 Y2= 700 P1= 831 P2= 240 T1=  20 T2=  21  P= 585  D=  -1 * 16
 X= 237 X2= 240  Y= 704 Y2= 699 P1= 831 P2= 240 T1=  21 T2=  21  P= 585  D=  -1 * 17
 X= 236 X2= 239  Y= 704 Y2= 699 P1= 830 P2= 240 T1=  21 T2=  21  P= 582  D=  -1 * 18
 X= 236 X2= 238  Y= 704 Y2= 699 P1= 832 P2= 240 T1=  21 T2=  20  P= 584  D=  -1 * 19
 X= 237 X2= 239  Y= 704 Y2= 699 P1= 831 P2= 240 T1=  22 T2=  21  P= 585  D=  -1 * 20
 X= 237 X2= 240  Y= 703 Y2= 700 P1= 831 P2= 240 T1=  21 T2=  23  P= 585  D=  -1 * 21
 X= 237 X2= 240  Y= 704 Y2= 700 P1= 831 P2= 240 T1=  21 T2=  21  P= 585  D=  -1 * 22
 X= 236 X2= 239  Y= 704 Y2= 699 P1= 832 P2= 240 T1=  21 T2=  23  P= 584  D=  -1 * 23
 X= 237 X2= 239  Y= 706 Y2= 700 P1= 831 P2= 240 T1=  20 T2=  21  P= 585  D=  -1 * 24
Remove Pin
 X= 237 X2= 239  Y= 703 Y2= 699 P1= 831 P2= 240 T1=  21 T2=  21  P= 585  D=  -1 * 24
 X= 238 X2= 242  Y= 704 Y2= 700 P1= 831 P2= 240 T1=  22 T2=  21  P= 590  D=  -1 * 24
 X= 237 X2= 239  Y= 705 Y2= 699 P1= 832 P2= 240 T1=  22 T2=  22  P= 586  D=  -1 * 24
 X= 238 X2= 241  Y= 703 Y2= 699 P1= 831 P2= 240 T1=  21 T2=  22  P= 588  D=  -1 * 24
 X= 237 X2= 240  Y= 703 Y2= 699 P1= 831 P2= 239 T1=  21 T2=  21  P= 589  D=  -1 * 24
 X= 236 X2= 240  Y= 703 Y2= 700 P1= 831 P2= 239 T1=  21 T2=  21  P= 589  D=  -1 * 24
 X= 235 X2= 239  Y= 703 Y2= 700 P1= 831 P2= 240 T1=  21 T2=  20  P= 583  D=  -1 * 24
 X= 238 X2= 239  Y= 704 Y2= 699 P1= 831 P2= 240 T1=  21 T2=  19  P= 585  D=  -1 * 24
 X= 237 X2= 239  Y= 704 Y2= 699 P1= 831 P2= 240 T1=  21 T2=  21  P= 585  D=  -1 * 24
 X= 236 X2= 239  Y= 704 Y2= 698 P1= 831 P2= 241 T1=  21 T2=  20  P= 580  D=  -1 * 24
 X= 237 X2= 239  Y= 703 Y2= 699 P1= 831 P2= 240 T1=  21 T2=  21  P= 585  D=  -1 * 24
 X= 236 X2= 237  Y= 704 Y2= 699 P1= 830 P2= 240 T1=  21 T2=  21  P= 580  D=  -1 * 24
 X= 237 X2= 237  Y= 703 Y2= 700 P1= 831 P2= 240 T1=  21 T2=  21  P= 583  D=  -1 * 24
 X= 237 X2= 240  Y= 704 Y2= 699 P1= 832 P2= 240 T1=  21 T2=  20  P= 586  D=  -1 * 24
 X= 237 X2= 239  Y= 703 Y2= 700 P1= 831 P2= 240 T1=  21 T2=  21  P= 585  D=  -1 * 24
 X= 238 X2= 239  Y= 703 Y2= 699 P1= 831 P2= 240 T1=  21 T2=  22  P= 585  D=  -1 * 24
 X= 237 X2= 239  Y= 704 Y2= 700 P1= 831 P2= 240 T1=  21 T2=  21  P= 585  D=  -1 * 24
 X= 238 X2= 239  Y= 703 Y2= 700 P1= 831 P2= 240 T1=  21 T2=  21  P= 585  D=  -1 * 24
 X= 237 X2= 239  Y= 704 Y2= 700 P1= 832 P2= 240 T1=  22 T2=  21  P= 586  D=  -1 * 24
 X= 238 X2= 239  Y= 705 Y2= 699 P1= 831 P2= 240 T1=  21 T2=  21  P= 585  D=  -1 * 24
 X= 237 X2= 237  Y= 703 Y2= 700 P1= 831 P2= 240 T1=  22 T2=  19  P= 583  D=  -1 * 24
 X= 236 X2= 240  Y= 703 Y2= 699 P1= 831 P2= 240 T1=  21 T2=  20  P= 585  D=  -1 * 24
 X= 237 X2= 240  Y= 704 Y2= 700 P1= 831 P2= 240 T1=  22 T2=  20  P= 585  D=  -1 * 24
 X= 237 X2= 239  Y= 704 Y2= 699 P1= 832 P2= 240 T1=  21 T2=  21  P= 586  D=  -1 * 24
 X= 237 X2= 239  Y= 704 Y2= 699 P1= 831 P2= 240 T1=  21 T2=  20  P= 585  D=  -1 * 24
 X= 237 X2= 240  Y= 704 Y2= 700 P1= 831 P2= 240 T1=  21 T2=  21  P= 585  D=  -1 * 24
 X= 238 X2= 240  Y= 704 Y2= 700 P1= 831 P2= 240 T1=  21 T2=  21  P= 588  D=  -1 * 24
 X= 237 X2= 240  Y= 704 Y2= 701 P1= 831 P2= 240 T1=  21 T2=  21  P= 585  D=  -1 * 24
 X= 237 X2= 239  Y= 704 Y2= 699 P1= 831 P2= 240 T1=  21 T2=  21  P= 585  D=  -1 * 24
 X= 237 X2= 239  Y= 703 Y2= 699 P1= 831 P2= 240 T1=  22 T2=  21  P= 585  D=  -1 * 24
 X= 237 X2= 240  Y= 703 Y2= 700 P1= 831 P2= 240 T1=  21 T2=  22  P= 585  D=  -1 * 24
 X= 883 X2=1017  Y=1020 Y2=1023 P1=1023 P2=   0 T1=1023 T2=1022  P= 585  D=  -1 
 X= 931 X2=1023  Y= 980 Y2=1023 P1=1023 P2=   0 T1=1021 T2= 921  P= 585  D=  -1 
 X= 876 X2=1023  Y= 977 Y2=1023 P1=1023 P2=   0 T1=1023 T2= 935  P= 585  D=  -1 
Target Noise  x= 2.50 y= 2.50
X[0]: Target=240   530/ 531/ 533 Stdev= 0.69 N= 24  Y[0]: Target=136   516/ 517/ 519 Stdev= 0.75 N= 24
X[1]: Target= 23   234/ 235/ 236 Stdev= 0.51 N= 24  Y[1]: Target= 22   320/ 324/ 325 Stdev= 0.97 N= 24
X[2]: Target=456   815/ 816/ 816 Stdev= 0.48 N= 24  Y[2]: Target= 22   323/ 324/ 325 Stdev= 0.46 N= 24
X[3]: Target=456   813/ 815/ 816 Stdev= 0.66 N= 24  Y[3]: Target=249   703/ 704/ 706 Stdev= 0.66 N= 24
X[4]: Target= 23   237/ 238/ 239 Stdev= 0.60 N= 24  Y[4]: Target=249   699/ 701/ 702 Stdev= 0.63 N= 24
N=24 Avg=17
min: 16 16 17 17 17 17 
max: 19 18 18 18 18 18 
N=24 Avg=20
min: 20 20 20 20 20 20 
max: 22 22 22 22 21 21 
N=24 Avg=13
min: 13 13 13 13 14 14 
max: 15 14 14 14 14 14 
N=24 Avg=14
min: 13 13 14 14 14 14 
max: 15 15 15 15 15 14 
N=24 Avg=20
min: 20 20 20 20 20 21 
max: 22 22 22 22 21 21 
Using TNT center offset = 18
TNT Plane Coef: a= -792 b=    3 c= 389998
At  530, 516: Real=  18 Fit=  18 Offset=   0
At  235, 323: Real=  21 Fit=  21 Offset=   3
At  815, 324: Real=  14 Fit=  15 Offset=  -3
At  814, 704: Real=  14 Fit=  15 Offset=  -3
At  238, 701: Real=  21 Fit=  21 Offset=   3
Fit Points: 18, 24, 13, 13, 24,  center: 18
Setting for min_tnt_up:   521
Setting for max_tnt_down: 23 (V2:34)
Entering calib_pressure_mfg
Using default pressure curve
468 471 487 495 509 524 553 575 612 
Summary:
Setting for max_tnt_down:      23
3.7 setting for max_tnt_down:     -1
Setting for min_tnt_up:       521
Setting for max_delta_tnt:      5
3.8 setting for max_delta_tnt:     -1
Setting for delay_in_us:        1
Setting for y_delay_in_us:      1
Setting for tnt_delay_in_us:    1
Setting for pressure_curve:  468 471 487 495 509 524 553 575 612
Setting for tnt_mode:           1
Setting for averaging:         -1
Setting for pointercal:      48926 -388 -9865019 -67 39356 -11254512 65536
Setting for tnt_plane:       -792 3 389998
