new-calib: New touch screen calibration program v3.12
Serial Number='13181E00010B06010216'
Using tnt_mode=1
Setting for delay_in_us:        1
Setting for y_delay_in_us:      1
Setting for tnt_delay_in_us:    1
Setting for max_delta_tnt:      5
Setting for tnt_mode:           1
Setting for averaging:         -1
Entering get_four_points
target_noise  x= 2.50 y= 2.50 t= 2.50
target state=0 point=23,22
 X= 734 X2=1023  Y= 957 Y2=  -1 P1=  -1 P2=  -1 T1=1020 T2= 859  P=  -1  D=  -1 
 X= 823 X2=1023  Y= 960 Y2=  -1 P1=  -1 P2=  -1 T1=1019 T2= 815  P=  -1  D=  -1 
 X= 978 X2= 949  Y= 970 Y2=1018 P1=  -1 P2=  -1 T1=1021 T2= 870  P=  -1  D=  -1 
 X= 980 X2= 975  Y= 941 Y2=1022 P1=  -1 P2=  -1 T1=1020 T2= 833  P=  -1  D=  -1 
 X= 876 X2=1021  Y= 960 Y2=1018 P1=  -1 P2=  -1 T1=1023 T2= 856  P=  -1  D=  -1 
 X= 783 X2=1023  Y= 969 Y2=1018 P1=  -1 P2=  -1 T1=1019 T2= 850  P=  -1  D=  -1 
 X= 659 X2=1023  Y= 955 Y2=1020 P1=  -1 P2=  -1 T1=1022 T2= 871  P=  -1  D=  -1 
 X= 632 X2=1023  Y= 951 Y2=1020 P1=  -1 P2=  -1 T1=1023 T2= 844  P=  -1  D=  -1 
 X= 662 X2=1023  Y= 961 Y2=1018 P1=  -1 P2=  -1 T1=1023 T2= 869  P=  -1  D=  -1 
 X= 976 X2= 980  Y= 946 Y2=1023 P1=  -1 P2=  -1 T1=1023 T2= 857  P=  -1  D=  -1 
 X= 951 X2= 992  Y= 942 Y2=1023 P1=  -1 P2=  -1 T1=1021 T2= 840  P=  -1  D=  -1 
 X= 846 X2=1023  Y= 960 Y2=1016 P1=  -1 P2=  -1 T1=1021 T2= 854  P=  -1  D=  -1 
 X=1023 X2= 983  Y= 961 Y2=1023 P1=  -1 P2=  -1 T1=1022 T2= 846  P=  -1  D=  -1 
 X= 799 X2=1023  Y= 956 Y2=1023 P1=  -1 P2=  -1 T1=1023 T2= 853  P=  -1  D=  -1 
 X= 795 X2=1023  Y= 953 Y2=1018 P1=  -1 P2=  -1 T1=1021 T2= 835  P=  -1  D=  -1 
 X= 784 X2=1023  Y= 955 Y2=1023 P1=  -1 P2=  -1 T1=1021 T2= 830  P=  -1  D=  -1 
 X= 807 X2=1008  Y= 961 Y2=1020 P1=  -1 P2=  -1 T1=1022 T2= 846  P=  -1  D=  -1 
 X= 623 X2=1023  Y= 951 Y2=1023 P1=  -1 P2=  -1 T1=1023 T2= 850  P=  -1  D=  -1 
 X=1023 X2= 996  Y= 923 Y2=1020 P1=  -1 P2=  -1 T1=1019 T2= 818  P=  -1  D=  -1 
 X= 962 X2= 994  Y= 965 Y2=1023 P1=  -1 P2=  -1 T1=1020 T2= 845  P=  -1  D=  -1 
 X= 876 X2= 939  Y= 962 Y2=1020 P1=1022 P2=  -1 T1=1023 T2= 864  P=  -1  D=  -1 
 X= 856 X2=1022  Y= 958 Y2=1019 P1=1023 P2=  -1 T1=1023 T2= 841  P=  -1  D=  -1 
 X= 874 X2= 962  Y= 950 Y2=1020 P1=1023 P2=  -1 T1=1023 T2= 857  P=  -1  D=  -1 
 X= 872 X2= 971  Y= 982 Y2=1023 P1=1023 P2=  -1 T1=1023 T2= 863  P=  -1  D=  -1 
 X= 818 X2=1023  Y= 958 Y2=1023 P1=1023 P2=  -1 T1=1023 T2= 841  P=  -1  D=  -1 
 X= 856 X2= 998  Y= 944 Y2=1018 P1=1023 P2=  -1 T1=1019 T2= 854  P=  -1  D=  -1 
 X= 846 X2=1010  Y= 921 Y2=1020 P1=1023 P2=  -1 T1=1022 T2= 826  P=  -1  D=  -1 
 X= 982 X2= 985  Y= 957 Y2=1022 P1=1023 P2=  -1 T1=1023 T2= 811  P=  -1  D=  -1 
 X= 977 X2= 984  Y= 953 Y2=1019 P1=1023 P2=  -1 T1=1023 T2= 844  P=  -1  D=  -1 
 X= 960 X2= 996  Y= 952 Y2=1022 P1=1023 P2=  -1 T1=1023 T2= 829  P=  -1  D=  -1 
 X= 868 X2=1023  Y= 965 Y2=1018 P1=1023 P2=  -1 T1=1023 T2= 817  P=  -1  D=  -1 
 X= 858 X2=1021  Y= 966 Y2=1018 P1=1023 P2=  -1 T1=1023 T2= 857  P=  -1  D=  -1 
 X= 624 X2=1023  Y= 962 Y2=1018 P1=1023 P2=  -1 T1=1023 T2= 852  P=  -1  D=  -1 
 X= 745 X2=1023  Y= 962 Y2=1023 P1=1023 P2=  -1 T1=1023 T2= 856  P=  -1  D=  -1 
 X= 817 X2=1009  Y= 962 Y2=1023 P1=1023 P2=  -1 T1=1019 T2= 837  P=  -1  D=  -1 
 X= 829 X2=1009  Y= 951 Y2=1023 P1=1023 P2=  -1 T1=1023 T2= 868  P=  -1  D=  -1 
 X= 670 X2=1023  Y= 960 Y2=1023 P1=1023 P2=  -1 T1=1023 T2= 832  P=  -1  D=  -1 
 X=1023 X2= 978  Y= 952 Y2=1020 P1=1023 P2=  -1 T1=1023 T2= 847  P=  -1  D=  -1 
 X= 985 X2= 946  Y= 955 Y2=1022 P1=1023 P2=  -1 T1=1020 T2= 828  P=  -1  D=  -1 
 X= 716 X2=1023  Y= 963 Y2=1019 P1=1023 P2=  -1 T1=1023 T2= 846  P=  -1  D=  -1 
 X= 867 X2=1023  Y= 961 Y2=1023 P1=1023 P2=  -1 T1=1023 T2= 847  P=  -1  D=  -1 
 X= 667 X2=1023  Y= 948 Y2=1020 P1=1023 P2=  -1 T1=1023 T2= 844  P=  -1  D=  -1 
 X= 685 X2=1023  Y= 960 Y2=1020 P1=1023 P2=  -1 T1=1019 T2= 848  P=  -1  D=  -1 
 X= 803 X2=1023  Y= 972 Y2=1020 P1=1023 P2=  -1 T1=1020 T2= 867  P=  -1  D=  -1 
 X= 938 X2= 992  Y= 954 Y2=1021 P1=1023 P2=  -1 T1=1019 T2= 850  P=  -1  D=  -1 
 X= 761 X2=1011  Y= 958 Y2=1019 P1=1023 P2=  -1 T1=1021 T2= 841  P=  -1  D=  -1 
 X= 770 X2=1006  Y= 951 Y2=1021 P1=1023 P2=  -1 T1=1021 T2= 865  P=  -1  D=  -1 
 X=1023 X2= 995  Y= 952 Y2=1023 P1=1023 P2=  -1 T1=1021 T2= 838  P=  -1  D=  -1 
 X=1023 X2= 992  Y= 960 Y2=1019 P1=1023 P2=  -1 T1=1021 T2= 873  P=  -1  D=  -1 
 X= 892 X2=1023  Y= 955 Y2=1019 P1=1023 P2=  -1 T1=1023 T2= 846  P=  -1  D=  -1 
 X= 879 X2=1023  Y= 965 Y2=1019 P1=1023 P2=  -1 T1=1023 T2= 827  P=  -1  D=  -1 
 X= 640 X2=1023  Y= 963 Y2=1023 P1=1023 P2=  -1 T1=1020 T2= 878  P=  -1  D=  -1 
 X= 680 X2=1023  Y= 956 Y2=1019 P1=1023 P2=  -1 T1=1020 T2= 835  P=  -1  D=  -1 
 X= 956 X2= 968  Y= 956 Y2=1023 P1=1023 P2=  -1 T1=1023 T2= 848  P=  -1  D=  -1 
 X= 953 X2= 983  Y= 954 Y2=1023 P1=1023 P2=  -1 T1=1021 T2= 864  P=  -1  D=  -1 
 X=1023 X2= 998  Y= 949 Y2=1021 P1=1023 P2=  -1 T1=1023 T2= 854  P=  -1  D=  -1 
 X=1023 X2= 994  Y= 947 Y2=1023 P1=1023 P2=  -1 T1=1020 T2= 865  P=  -1  D=  -1 
 X=1023 X2=1022  Y= 955 Y2=1023 P1=1023 P2=  -1 T1=1023 T2= 861  P=  -1  D=  -1 
 X= 884 X2= 949  Y= 957 Y2=1016 P1=1023 P2=  -1 T1=1020 T2= 836  P=  -1  D=  -1 
 X= 881 X2=1023  Y= 965 Y2=1018 P1=1023 P2=  -1 T1=1023 T2= 844  P=  -1  D=  -1 
 X= 829 X2=1010  Y= 963 Y2=1023 P1=1023 P2=  -1 T1=1020 T2= 864  P=  -1  D=  -1 
 X= 657 X2=1023  Y= 971 Y2=1023 P1=1023 P2=  -1 T1=1023 T2= 870  P=  -1  D=  -1 
 X= 811 X2=1012  Y= 950 Y2=1020 P1=1023 P2=  -1 T1=1023 T2= 862  P=  -1  D=  -1 
 X= 972 X2= 982  Y= 970 Y2=1023 P1=1023 P2=  -1 T1=1020 T2= 829  P=  -1  D=  -1 
 X= 745 X2=1002  Y= 952 Y2=1022 P1=1023 P2=  -1 T1=1019 T2= 835  P=  -1  D=  -1 
 X= 765 X2=1023  Y= 934 Y2=1023 P1=1023 P2=  -1 T1=1023 T2= 865  P=  -1  D=  -1 
 X= 750 X2=1004  Y= 945 Y2=1022 P1=1023 P2=  -1 T1=1020 T2= 840  P=  -1  D=  -1 
 X= 732 X2=1023  Y= 955 Y2=1023 P1=1023 P2=  -1 T1=1021 T2= 844  P=  -1  D=  -1 
 X= 857 X2=1022  Y= 966 Y2=1022 P1=1023 P2=  -1 T1=1023 T2= 862  P=  -1  D=  -1 
 X= 698 X2=1023  Y= 960 Y2=1023 P1=1023 P2=  -1 T1=1020 T2= 862  P=  -1  D=  -1 
 X= 908 X2=1023  Y= 946 Y2=1022 P1=1023 P2=  -1 T1=1022 T2= 890  P=  -1  D=  -1 
 X= 912 X2=1003  Y= 955 Y2=1023 P1=1023 P2=  -1 T1=1023 T2= 865  P=  -1  D=  -1 
 X= 878 X2=1023  Y= 955 Y2=1021 P1=1023 P2=  -1 T1=1020 T2= 870  P=  -1  D=  -1 
 X= 615 X2=1023  Y= 986 Y2=1019 P1=1023 P2=  -1 T1=1023 T2= 878  P=  -1  D=  -1 
 X= 997 X2= 963  Y= 949 Y2=1020 P1=1021 P2=  -1 T1=1023 T2= 843  P=  -1  D=  -1 
 X=1023 X2= 993  Y= 956 Y2=1022 P1=1023 P2=  -1 T1=1023 T2= 845  P=  -1  D=  -1 
 X= 890 X2=1023  Y= 970 Y2=1019 P1=1023 P2=  -1 T1=1020 T2= 857  P=  -1  D=  -1 
 X= 765 X2=1023  Y= 955 Y2=1023 P1=1023 P2=  -1 T1=1022 T2= 848  P=  -1  D=  -1 
 X= 838 X2= 993  Y= 923 Y2=1023 P1=1023 P2=  -1 T1=1023 T2= 837  P=  -1  D=  -1 
 X= 781 X2=1005  Y= 946 Y2=1023 P1=1023 P2=  -1 T1=1021 T2= 857  P=  -1  D=  -1 
 X= 708 X2=1023  Y= 952 Y2=1019 P1=1023 P2=  -1 T1=1020 T2= 870  P=  -1  D=  -1 
 X=1023 X2= 974  Y= 958 Y2=1023 P1=1023 P2=  -1 T1=1023 T2= 844  P=  -1  D=  -1 
 X= 965 X2= 985  Y= 947 Y2=1020 P1=1023 P2=  -1 T1=1023 T2= 843  P=  -1  D=  -1 
 X= 839 X2=1013  Y= 958 Y2=1023 P1=1023 P2=  -1 T1=1021 T2= 867  P=  -1  D=  -1 
 X=1013 X2= 984  Y=1022 Y2=1019 P1=1023 P2=  -1 T1=1020 T2=1018  P=  -1  D=  -1 
 X= 882 X2=1018  Y= 955 Y2=1019 P1=1023 P2=  -1 T1=1022 T2= 857  P=  -1  D=  -1 
 X= 719 X2=1023  Y= 956 Y2=1023 P1=1023 P2=  -1 T1=1019 T2= 844  P=  -1  D=  -1 
 X= 739 X2=1023  Y= 975 Y2=1019 P1=1023 P2=  -1 T1=1020 T2= 856  P=  -1  D=  -1 
 X= 958 X2= 993  Y= 948 Y2=1023 P1=1023 P2=  -1 T1=1023 T2= 843  P=  -1  D=  -1 
 X= 801 X2=1011  Y= 952 Y2=1020 P1=1023 P2=  -1 T1=1023 T2= 863  P=  -1  D=  -1 
 X=1020 X2= 998  Y= 966 Y2=1017 P1=1023 P2=  -1 T1=1020 T2= 859  P=  -1  D=  -1 
 X=1016 X2= 957  Y= 952 Y2=1018 P1=1023 P2=  -1 T1=1020 T2= 848  P=  -1  D=  -1 
 X= 742 X2=1019  Y= 947 Y2=1018 P1=1023 P2=  -1 T1=1023 T2= 837  P=  -1  D=  -1 
 X= 859 X2=1023  Y= 951 Y2=1021 P1=1023 P2=  -1 T1=1021 T2= 845  P=  -1  D=  -1 
 X= 869 X2=1022  Y= 958 Y2=1019 P1=1023 P2=  -1 T1=1023 T2= 837  P=  -1  D=  -1 
 X= 868 X2=1023  Y= 954 Y2=1023 P1=1023 P2=  -1 T1=1023 T2= 869  P=  -1  D=  -1 
 X= 715 X2=1023  Y= 953 Y2=1023 P1=1023 P2=  -1 T1=1022 T2= 822  P=  -1  D=  -1 
 X= 784 X2=1023  Y= 962 Y2=1023 P1=1023 P2=  -1 T1=1021 T2= 841  P=  -1  D=  -1 
 X= 654 X2=1023  Y= 973 Y2=1017 P1=1023 P2=  -1 T1=1023 T2= 858  P=  -1  D=  -1 
 X= 875 X2= 955  Y= 960 Y2=1020 P1=1023 P2=  -1 T1=1023 T2= 845  P=  -1  D=  -1 
 X=1023 X2= 998  Y= 948 Y2=1023 P1=1023 P2=  -1 T1=1020 T2= 840  P=  -1  D=  -1 
 X=1023 X2= 997  Y= 946 Y2=1019 P1=1023 P2=  -1 T1=1020 T2= 824  P=  -1  D=  -1 
 X= 758 X2=1023  Y= 958 Y2=1020 P1=1023 P2=  -1 T1=1023 T2= 839  P=  -1  D=  -1 
 X= 867 X2=1023  Y= 959 Y2=1018 P1=1023 P2=  -1 T1=1023 T2= 864  P=  -1  D=  -1 
 X= 618 X2=1023  Y= 963 Y2=1015 P1=1023 P2=  -1 T1=1023 T2= 857  P=  -1  D=  -1 
 X= 638 X2=1023  Y= 962 Y2=1019 P1=1023 P2=  -1 T1=1023 T2= 835  P=  -1  D=  -1 
 X= 999 X2= 953  Y= 946 Y2=1023 P1=1023 P2=  -1 T1=1023 T2= 866  P=  -1  D=  -1 
 X= 938 X2= 977  Y= 953 Y2=1022 P1=1023 P2=  -1 T1=1023 T2= 837  P=  -1  D=  -1 
 X= 741 X2=1004  Y= 941 Y2=1023 P1=1023 P2=  -1 T1=1019 T2= 819  P=  -1  D=  -1 
 X= 377 X2= 277  Y= 363 Y2= 355 P1= 761 P2= 180 T1=1023 T2=  20  P=  -1  D=  -1 
 X=1017 X2= 995  Y= 957 Y2=1023 P1=1023 P2=   0 T1=1021 T2= 844  P=  -1  D=  -1 
 X= 713 X2=1023  Y= 963 Y2=1017 P1=1023 P2=   0 T1=1023 T2= 860  P=  -1  D=  -1 
 X= 257 X2= 255  Y= 351 Y2= 345 P1= 712 P2= 197 T1=  20 T2=  19  P= 669  D=  -1 * 0
 X= 258 X2= 256  Y= 352 Y2= 346 P1= 722 P2= 190 T1=  20 T2=  21  P= 719  D=  -1 * 0
 X= 257 X2= 255  Y= 352 Y2= 345 P1= 719 P2= 193 T1=  19 T2=  20  P= 697  D=  -1 * 0
 X= 257 X2= 255  Y= 351 Y2= 345 P1= 717 P2= 194 T1=  20 T2=  20  P= 689  D=  -1 * 0
 X= 258 X2= 256  Y= 352 Y2= 346 P1= 717 P2= 194 T1=  19 T2=  20  P= 692  D=  -1 * 1
 X= 256 X2= 255  Y= 351 Y2= 345 P1= 711 P2= 199 T1=  19 T2=  18  P= 655  D=  -1 * 2
 X= 256 X2= 254  Y= 351 Y2= 345 P1= 707 P2= 201 T1=  19 T2=  17  P= 641  D=  -1 * 3
 X= 257 X2= 254  Y= 351 Y2= 345 P1= 709 P2= 200 T1=  18 T2=  18  P= 648  D=  -1 * 4
 X= 256 X2= 254  Y= 351 Y2= 345 P1= 706 P2= 201 T1=  19 T2=  18  P= 640  D=  -1 * 5
 X= 256 X2= 254  Y= 352 Y2= 345 P1= 706 P2= 201 T1=  19 T2=  19  P= 640  D=  -1 * 6
 X= 257 X2= 254  Y= 350 Y2= 345 P1= 705 P2= 201 T1=  19 T2=  19  P= 639  D=  -1 * 7
 X= 258 X2= 254  Y= 351 Y2= 345 P1= 704 P2= 203 T1=  18 T2=  20  P= 631  D=  -1 * 8
 X= 256 X2= 254  Y= 350 Y2= 345 P1= 703 P2= 203 T1=  19 T2=  19  P= 628  D=  -1 * 9
 X= 256 X2= 254  Y= 350 Y2= 345 P1= 703 P2= 203 T1=  19 T2=  18  P= 628  D=  -1 * 10
 X= 255 X2= 254  Y= 351 Y2= 345 P1= 701 P2= 205 T1=  17 T2=  18  P= 614  D=  -1 * 11
 X= 256 X2= 254  Y= 351 Y2= 344 P1= 702 P2= 204 T1=  16 T2=  18  P= 622  D=  -1 * 12
 X= 256 X2= 254  Y= 350 Y2= 344 P1= 702 P2= 204 T1=  19 T2=  18  P= 622  D=  -1 * 13
 X= 256 X2= 254  Y= 349 Y2= 345 P1= 702 P2= 205 T1=  17 T2=  19  P= 618  D=  -1 * 14
 X= 256 X2= 254  Y= 350 Y2= 345 P1= 702 P2= 204 T1=  18 T2=  18  P= 622  D=  -1 * 15
 X= 257 X2= 254  Y= 351 Y2= 344 P1= 702 P2= 204 T1=  18 T2=  18  P= 622  D=  -1 * 16
 X= 255 X2= 253  Y= 350 Y2= 345 P1= 702 P2= 205 T1=  18 T2=  19  P= 615  D=  -1 * 17
 X= 256 X2= 254  Y= 351 Y2= 345 P1= 702 P2= 204 T1=  19 T2=  21  P= 622  D=  -1 * 18
 X= 256 X2= 254  Y= 351 Y2= 345 P1= 702 P2= 204 T1=  17 T2=  19  P= 622  D=  -1 * 19
 X= 256 X2= 254  Y= 350 Y2= 345 P1= 702 P2= 203 T1=  18 T2=  18  P= 626  D=  -1 * 20
 X= 256 X2= 254  Y= 352 Y2= 345 P1= 702 P2= 204 T1=  19 T2=  18  P= 622  D=  -1 * 21
 X= 256 X2= 254  Y= 350 Y2= 344 P1= 702 P2= 203 T1=  18 T2=  18  P= 626  D=  -1 * 22
 X= 257 X2= 253  Y= 351 Y2= 344 P1= 702 P2= 204 T1=  18 T2=  17  P= 622  D=  -1 * 23
 X= 255 X2= 254  Y= 352 Y2= 345 P1= 702 P2= 204 T1=  18 T2=  18  P= 620  D=  -1 * 24
Remove Pin
 X= 256 X2= 253  Y= 351 Y2= 344 P1= 702 P2= 204 T1=  18 T2=  18  P= 620  D=  -1 * 24
 X= 255 X2= 253  Y= 350 Y2= 346 P1= 702 P2= 204 T1=  19 T2=  20  P= 620  D=  -1 * 24
 X= 256 X2= 254  Y= 350 Y2= 345 P1= 703 P2= 204 T1=  19 T2=  18  P= 623  D=  -1 * 24
 X= 257 X2= 255  Y= 350 Y2= 345 P1= 702 P2= 204 T1=  19 T2=  18  P= 624  D=  -1 * 24
 X= 256 X2= 254  Y= 351 Y2= 345 P1= 702 P2= 204 T1=  17 T2=  18  P= 622  D=  -1 * 24
 X= 256 X2= 253  Y= 350 Y2= 346 P1= 701 P2= 204 T1=  18 T2=  18  P= 618  D=  -1 * 24
 X= 258 X2= 254  Y= 351 Y2= 345 P1= 701 P2= 204 T1=  18 T2=  19  P= 623  D=  -1 * 24
 X= 256 X2= 253  Y= 350 Y2= 345 P1= 701 P2= 205 T1=  19 T2=  17  P= 614  D=  -1 * 24
 X= 255 X2= 254  Y= 351 Y2= 344 P1= 702 P2= 203 T1=  18 T2=  18  P= 624  D=  -1 * 24
 X= 256 X2= 254  Y= 351 Y2= 347 P1= 702 P2= 204 T1=  17 T2=  16  P= 622  D=  -1 * 24
 X= 256 X2= 254  Y= 350 Y2= 345 P1= 702 P2= 204 T1=  19 T2=  18  P= 622  D=  -1 * 24
 X= 257 X2= 254  Y= 351 Y2= 345 P1= 702 P2= 204 T1=  18 T2=  18  P= 622  D=  -1 * 24
 X= 257 X2= 255  Y= 351 Y2= 347 P1= 702 P2= 204 T1=  19 T2=  18  P= 624  D=  -1 * 24
 X= 256 X2= 253  Y= 350 Y2= 344 P1= 702 P2= 205 T1=  18 T2=  18  P= 615  D=  -1 * 24
 X= 256 X2= 253  Y= 350 Y2= 344 P1= 701 P2= 204 T1=  19 T2=  18  P= 618  D=  -1 * 24
 X= 255 X2= 255  Y= 350 Y2= 345 P1= 702 P2= 204 T1=  20 T2=  19  P= 622  D=  -1 * 24
 X= 256 X2= 254  Y= 351 Y2= 345 P1= 702 P2= 204 T1=  19 T2=  18  P= 622  D=  -1 * 24
 X= 256 X2= 255  Y= 351 Y2= 345 P1= 702 P2= 204 T1=  19 T2=  19  P= 622  D=  -1 * 24
 X= 256 X2= 255  Y= 350 Y2= 345 P1= 702 P2= 204 T1=  18 T2=  17  P= 622  D=  -1 * 24
 X= 256 X2= 253  Y= 351 Y2= 345 P1= 701 P2= 204 T1=  19 T2=  18  P= 618  D=  -1 * 24
 X= 256 X2= 256  Y= 351 Y2= 346 P1= 702 P2= 206 T1=  19 T2=  18  P= 616  D=  -1 * 24
 X= 256 X2= 254  Y= 350 Y2= 344 P1= 702 P2= 204 T1=  18 T2=  19  P= 622  D=  -1 * 24
 X= 255 X2= 253  Y= 350 Y2= 345 P1= 700 P2= 205 T1=  18 T2=  18  P= 613  D=  -1 * 24
 X= 257 X2= 254  Y= 351 Y2= 345 P1= 702 P2= 204 T1=  19 T2=  18  P= 622  D=  -1 * 24
 X= 256 X2= 253  Y= 350 Y2= 345 P1= 700 P2= 204 T1=  18 T2=  17  P= 617  D=  -1 * 24
 X= 256 X2= 254  Y= 350 Y2= 344 P1= 702 P2= 204 T1=  19 T2=  18  P= 622  D=  -1 * 24
 X= 256 X2= 254  Y= 351 Y2= 345 P1= 702 P2= 204 T1=  18 T2=  19  P= 622  D=  -1 * 24
 X= 256 X2= 254  Y= 350 Y2= 344 P1= 701 P2= 204 T1=  18 T2=  19  P= 621  D=  -1 * 24
 X= 256 X2= 255  Y= 350 Y2= 344 P1= 701 P2= 205 T1=  18 T2=  19  P= 616  D=  -1 * 24
 X= 257 X2= 254  Y= 355 Y2= 351 P1= 776 P2= 141 T1=  20 T2= 844  P= 616  D=  -1 * 24
 X= 776 X2=1002  Y= 938 Y2=1021 P1=1023 P2=   0 T1=1023 T2= 844  P= 616  D=  -1 
 X= 763 X2=1005  Y= 947 Y2=1023 P1=1023 P2=   0 T1=1023 T2= 839  P= 616  D=  -1 
 X= 777 X2=1023  Y= 963 Y2=1023 P1=1023 P2=   0 T1=1023 T2= 880  P= 616  D=  -1 
target state=1 point=456,22
 X= 664 X2=1023  Y= 970 Y2=1023 P1=1023 P2=   0 T1=1023 T2= 859  P= 616  D=  -1 
 X= 861 X2=1022  Y= 952 Y2=1018 P1=1023 P2=   0 T1=1023 T2= 838  P= 616  D=  -1 
 X= 859 X2=1023  Y= 961 Y2=1023 P1=1023 P2=   0 T1=1018 T2= 849  P= 616  D=  -1 
 X= 768 X2=1008  Y= 948 Y2=1021 P1=1023 P2=   0 T1=1021 T2= 846  P= 616  D=  -1 
 X= 883 X2=1023  Y= 950 Y2=1020 P1=1023 P2=   0 T1=1023 T2= 859  P= 616  D=  -1 
 X= 665 X2=1023  Y= 964 Y2=1022 P1=1023 P2=   0 T1=1023 T2= 854  P= 616  D=  -1 
 X=1013 X2= 940  Y= 960 Y2=1023 P1=1023 P2=   0 T1=1023 T2= 844  P= 616  D=  -1 
 X= 961 X2= 956  Y= 947 Y2=1020 P1=1023 P2=   0 T1=1023 T2= 850  P= 616  D=  -1 
 X= 855 X2= 958  Y= 951 Y2=1018 P1=1023 P2=   0 T1=1022 T2= 865  P= 616  D=  -1 
 X= 866 X2=1022  Y= 966 Y2=1023 P1=1023 P2=   0 T1=1023 T2= 833  P= 616  D=  -1 
 X= 870 X2=1023  Y= 955 Y2=1020 P1=1023 P2=   0 T1=1021 T2= 844  P= 616  D=  -1 
 X= 729 X2=1023  Y= 968 Y2=1020 P1=1023 P2=   0 T1=1023 T2= 842  P= 616  D=  -1 
 X= 789 X2=1018  Y=1018 Y2=1020 P1=1023 P2=   0 T1=1022 T2=1023  P= 616  D=  -1 
 X= 919 X2= 963  Y= 958 Y2=1019 P1=1023 P2=   0 T1=1023 T2= 826  P= 616  D=  -1 
 X= 625 X2=1023  Y= 954 Y2=1019 P1=1023 P2=   0 T1=1023 T2= 817  P= 616  D=  -1 
 X= 951 X2= 995  Y= 952 Y2=1019 P1=1023 P2=   0 T1=1020 T2= 837  P= 616  D=  -1 
 X=1002 X2= 970  Y= 948 Y2=1023 P1=1023 P2=   0 T1=1022 T2= 850  P= 616  D=  -1 
 X= 733 X2=1023  Y= 959 Y2=1017 P1=1023 P2=   0 T1=1021 T2= 845  P= 616  D=  -1 
 X= 884 X2=1023  Y= 960 Y2=1018 P1=1023 P2=   0 T1=1020 T2= 846  P= 616  D=  -1 
 X= 877 X2=1019  Y= 947 Y2=1023 P1=1023 P2=   0 T1=1022 T2= 866  P= 616  D=  -1 
 X= 589 X2=1023  Y= 951 Y2=1023 P1=1023 P2=   0 T1=1023 T2= 877  P= 616  D=  -1 
 X= 714 X2=1023  Y= 963 Y2=1019 P1=1023 P2=   0 T1=1023 T2= 853  P= 616  D=  -1 
 X= 775 X2=1023  Y= 961 Y2=1018 P1=1023 P2=   0 T1=1020 T2= 852  P= 616  D=  -1 
 X= 843 X2=1023  Y= 960 Y2=1022 P1=1023 P2=   0 T1=1020 T2= 855  P= 616  D=  -1 
 X=1001 X2= 956  Y= 956 Y2=1016 P1=1023 P2=   0 T1=1020 T2= 855  P= 616  D=  -1 
 X= 828 X2=1015  Y= 971 Y2=1023 P1=1023 P2=   0 T1=1023 T2= 905  P= 616  D=  -1 
 X= 781 X2=1018  Y= 954 Y2=1020 P1=1023 P2=   0 T1=1023 T2= 849  P= 616  D=  -1 
 X= 704 X2=1023  Y= 956 Y2=1017 P1=1023 P2=   0 T1=1022 T2= 832  P= 616  D=  -1 
 X= 851 X2=1023  Y= 956 Y2=1021 P1=1023 P2=   0 T1=1023 T2= 829  P= 616  D=  -1 
 X= 739 X2=1023  Y= 969 Y2=1018 P1=1023 P2=   0 T1=1023 T2= 845  P= 616  D=  -1 
 X= 676 X2=1023  Y= 968 Y2=1020 P1=1023 P2=   0 T1=1020 T2= 836  P= 616  D=  -1 
 X=1000 X2= 955  Y= 966 Y2=1020 P1=1023 P2=   0 T1=1021 T2= 847  P= 616  D=  -1 
 X= 932 X2= 995  Y= 957 Y2=1023 P1=1023 P2=   0 T1=1023 T2= 846  P= 616  D=  -1 
 X= 913 X2= 950  Y= 952 Y2=1023 P1=1023 P2=   0 T1=1023 T2= 842  P= 616  D=  -1 
 X=1023 X2= 955  Y= 961 Y2=1016 P1=1023 P2=   0 T1=1023 T2= 858  P= 616  D=  -1 
 X=1023 X2= 972  Y= 957 Y2=1020 P1=1023 P2=   0 T1=1020 T2= 835  P= 616  D=  -1 
 X= 894 X2=1023  Y= 947 Y2=1020 P1=1023 P2=   0 T1=1023 T2= 839  P= 616  D=  -1 
 X= 868 X2=1023  Y= 967 Y2=1018 P1=1023 P2=   0 T1=1020 T2= 870  P= 616  D=  -1 
 X= 776 X2=1009  Y= 964 Y2=1021 P1=1023 P2=   0 T1=1021 T2= 862  P= 616  D=  -1 
 X= 884 X2=1023  Y= 954 Y2=1023 P1=1023 P2=   0 T1=1023 T2= 845  P= 616  D=  -1 
 X= 997 X2= 953  Y= 933 Y2=1018 P1=1023 P2=   0 T1=1019 T2= 843  P= 616  D=  -1 
 X= 996 X2= 958  Y= 954 Y2=1018 P1=1023 P2=   0 T1=1023 T2= 846  P= 616  D=  -1 
 X= 941 X2= 996  Y= 946 Y2=1018 P1=1023 P2=   0 T1=1023 T2= 828  P= 616  D=  -1 
 X=1020 X2= 997  Y= 947 Y2=1023 P1=1023 P2=   0 T1=1020 T2= 845  P= 616  D=  -1 
 X= 859 X2= 976  Y= 958 Y2=1019 P1=1023 P2=   0 T1=1023 T2= 858  P= 616  D=  -1 
 X= 637 X2=1023  Y= 960 Y2=1023 P1=1023 P2=   0 T1=1023 T2= 849  P= 616  D=  -1 
 X= 746 X2=1023  Y= 961 Y2=1019 P1=1023 P2=   0 T1=1023 T2= 829  P= 616  D=  -1 
 X= 966 X2= 994  Y= 954 Y2=1023 P1=1023 P2=   0 T1=1020 T2= 822  P= 616  D=  -1 
 X= 881 X2=1023  Y= 947 Y2=1022 P1=1023 P2=   0 T1=1023 T2= 853  P= 616  D=  -1 
 X= 643 X2=1023  Y= 960 Y2=1023 P1=1023 P2=   0 T1=1020 T2= 852  P= 616  D=  -1 
 X= 698 X2=1023  Y= 978 Y2=1019 P1=1022 P2=   0 T1=1023 T2= 855  P= 616  D=  -1 
 X= 753 X2=1006  Y= 957 Y2=1018 P1=1023 P2=   0 T1=1021 T2= 848  P= 616  D=  -1 
 X= 753 X2=1023  Y= 946 Y2=1023 P1=1023 P2=   0 T1=1023 T2= 839  P= 616  D=  -1 
 X= 864 X2= 947  Y= 956 Y2=1019 P1=1023 P2=   0 T1=1020 T2= 827  P= 616  D=  -1 
 X= 696 X2=1023  Y= 942 Y2=1023 P1=1023 P2=   0 T1=1020 T2= 835  P= 616  D=  -1 
 X= 657 X2=1023  Y= 959 Y2=1023 P1=1023 P2=   0 T1=1023 T2= 837  P= 616  D=  -1 
 X= 798 X2= 792  Y= 349 Y2= 353 P1= 816 P2= 438 T1=1001 T2=  14  P= 616  D=  -1 
 X= 657 X2=1023  Y= 387 Y2= 358 P1= 815 P2= 443 T1=1023 T2=  14  P= 616  D=  -1 
 X= 789 X2= 789  Y= 345 Y2= 351 P1= 805 P2= 456 T1=  14 T2=  16  P= 603  D=  -1 * 0
 X= 791 X2= 788  Y= 346 Y2= 352 P1= 808 P2= 449 T1=  14 T2=  14  P= 630  D=  -1 * 0
 X= 790 X2= 789  Y= 346 Y2= 352 P1= 807 P2= 451 T1=  14 T2=  13  P= 622  D=  -1 * 0
 X= 782 X2= 789  Y= 345 Y2= 352 P1= 805 P2= 453 T1=  13 T2=  14  P= 609  D=  -1 * 0
 X= 789 X2= 788  Y= 345 Y2= 350 P1= 802 P2= 459 T1=  13 T2=  12  P= 588  D=  -1 * 1
 X= 790 X2= 788  Y= 346 Y2= 352 P1= 805 P2= 455 T1=  13 T2=  13  P= 606  D=  -1 * 2
 X= 790 X2= 789  Y= 345 Y2= 351 P1= 805 P2= 453 T1=  15 T2=  15  P= 613  D=  -1 * 3
 X= 789 X2= 786  Y= 346 Y2= 351 P1= 805 P2= 454 T1=  13 T2=  13  P= 608  D=  -1 * 4
 X= 789 X2= 790  Y= 345 Y2= 351 P1= 804 P2= 455 T1=  15 T2=  13  P= 605  D=  -1 * 5
 X= 790 X2= 788  Y= 345 Y2= 351 P1= 805 P2= 456 T1=  13 T2=  13  P= 603  D=  -1 * 6
 X= 793 X2= 789  Y= 345 Y2= 350 P1= 803 P2= 460 T1=  15 T2=  13  P= 589  D=  -1 * 7
 X= 790 X2= 789  Y= 345 Y2= 351 P1= 802 P2= 460 T1=  13 T2=  14  P= 586  D=  -1 * 8
 X= 789 X2= 789  Y= 345 Y2= 351 P1= 803 P2= 460 T1=  13 T2=  13  P= 587  D=  -1 * 9
 X= 797 X2= 788  Y= 347 Y2= 350 P1= 803 P2= 460 T1=  13 T2=  13  P= 590  D=  -1 * 10
 X= 789 X2= 788  Y= 345 Y2= 351 P1= 802 P2= 459 T1=  11 T2=  13  P= 588  D=  -1 * 11
 X= 789 X2= 788  Y= 346 Y2= 351 P1= 803 P2= 460 T1=  11 T2=  13  P= 587  D=  -1 * 12
 X= 789 X2= 788  Y= 346 Y2= 351 P1= 804 P2= 459 T1=  13 T2=  13  P= 591  D=  -1 * 13
 X= 788 X2= 789  Y= 345 Y2= 351 P1= 803 P2= 460 T1=  13 T2=  13  P= 587  D=  -1 * 14
 X= 790 X2= 789  Y= 345 Y2= 351 P1= 802 P2= 459 T1=  13 T2=  13  P= 589  D=  -1 * 15
 X= 789 X2= 788  Y= 345 Y2= 351 P1= 802 P2= 460 T1=  13 T2=  13  P= 585  D=  -1 * 16
 X= 789 X2= 789  Y= 345 Y2= 351 P1= 803 P2= 460 T1=  12 T2=  11  P= 587  D=  -1 * 17
 X= 790 X2= 787  Y= 345 Y2= 351 P1= 803 P2= 460 T1=  13 T2=  13  P= 587  D=  -1 * 18
 X= 789 X2= 787  Y= 345 Y2= 351 P1= 803 P2= 460 T1=  13 T2=  13  P= 587  D=  -1 * 19
 X= 789 X2= 788  Y= 346 Y2= 351 P1= 803 P2= 461 T1=  12 T2=  13  P= 583  D=  -1 * 20
 X= 789 X2= 789  Y= 345 Y2= 351 P1= 802 P2= 461 T1=  13 T2=  13  P= 583  D=  -1 * 21
 X= 789 X2= 788  Y= 345 Y2= 350 P1= 802 P2= 460 T1=  12 T2=  13  P= 585  D=  -1 * 22
 X= 789 X2= 789  Y= 345 Y2= 352 P1= 802 P2= 460 T1=  13 T2=  12  P= 586  D=  -1 * 23
 X= 790 X2= 788  Y= 345 Y2= 351 P1= 802 P2= 461 T1=  12 T2=  13  P= 583  D=  -1 * 24
Remove Pin
 X= 788 X2= 789  Y= 344 Y2= 351 P1= 801 P2= 461 T1=  13 T2=  13  P= 580  D=  -1 * 24
 X= 789 X2= 788  Y= 345 Y2= 353 P1= 802 P2= 461 T1=  13 T2=  13  P= 582  D=  -1 * 24
 X= 789 X2= 788  Y= 345 Y2= 350 P1= 802 P2= 462 T1=  13 T2=  13  P= 579  D=  -1 * 24
 X= 790 X2= 789  Y= 347 Y2= 351 P1= 803 P2= 461 T1=  13 T2=  13  P= 584  D=  -1 * 24
 X= 788 X2= 788  Y= 345 Y2= 351 P1= 803 P2= 461 T1=  13 T2=  13  P= 583  D=  -1 * 24
 X= 789 X2= 789  Y= 345 Y2= 351 P1= 802 P2= 461 T1=  13 T2=  13  P= 583  D=  -1 * 24
 X= 790 X2= 789  Y= 346 Y2= 351 P1= 802 P2= 461 T1=  13 T2=  13  P= 583  D=  -1 * 24
 X= 790 X2= 788  Y= 345 Y2= 351 P1= 801 P2= 460 T1=  13 T2=  12  P= 584  D=  -1 * 24
 X= 790 X2= 788  Y= 345 Y2= 351 P1= 802 P2= 461 T1=  11 T2=  13  P= 583  D=  -1 * 24
 X= 789 X2= 789  Y= 344 Y2= 351 P1= 802 P2= 461 T1=  12 T2=  12  P= 583  D=  -1 * 24
 X= 790 X2= 789  Y= 345 Y2= 350 P1= 803 P2= 460 T1=  13 T2=  13  P= 587  D=  -1 * 24
 X= 790 X2= 789  Y= 342 Y2= 350 P1= 810 P2= 443 T1=  14 T2=  13  P= 653  D=  -1 * 24
 X=1007 X2= 944  Y= 958 Y2=1023 P1=1023 P2=   0 T1=1023 T2= 857  P= 653  D=  -1 
 X= 880 X2=1021  Y= 954 Y2=1011 P1=1023 P2=   0 T1=1023 T2= 850  P= 653  D=  -1 
 X= 970 X2= 998  Y= 964 Y2=1023 P1=1023 P2=   0 T1=1022 T2= 854  P= 653  D=  -1 
target state=2 point=456,249
 X= 760 X2=1023  Y= 947 Y2=1019 P1=1023 P2=   0 T1=1022 T2= 863  P= 653  D=  -1 
 X= 629 X2=1023  Y= 962 Y2=1018 P1=1023 P2=   0 T1=1023 T2= 856  P= 653  D=  -1 
 X= 964 X2= 941  Y= 955 Y2=1023 P1=1023 P2=   0 T1=1023 T2= 841  P= 653  D=  -1 
 X= 982 X2= 947  Y= 952 Y2=1023 P1=1022 P2=   0 T1=1022 T2= 852  P= 653  D=  -1 
 X= 795 X2=1003  Y= 931 Y2=1023 P1=1023 P2=   0 T1=1020 T2= 857  P= 653  D=  -1 
 X= 899 X2= 960  Y= 944 Y2=1017 P1=1023 P2=   0 T1=1023 T2= 841  P= 653  D=  -1 
 X= 883 X2= 929  Y= 963 Y2=1023 P1=1023 P2=   0 T1=1023 T2= 841  P= 653  D=  -1 
 X= 630 X2=1023  Y= 958 Y2=1020 P1=1023 P2=   0 T1=1021 T2= 845  P= 653  D=  -1 
 X= 728 X2=1023  Y= 953 Y2=1020 P1=1023 P2=   0 T1=1023 T2= 848  P= 653  D=  -1 
 X= 772 X2=1006  Y= 951 Y2=1020 P1=1023 P2=   0 T1=1023 T2= 847  P= 653  D=  -1 
 X= 641 X2=1023  Y= 967 Y2=1019 P1=1023 P2=   0 T1=1020 T2= 863  P= 653  D=  -1 
 X= 637 X2=1023  Y= 959 Y2=1023 P1=1023 P2=   0 T1=1020 T2= 848  P= 653  D=  -1 
 X= 922 X2=1023  Y=1016 Y2=1018 P1=1023 P2=   0 T1=1023 T2=1018  P= 653  D=  -1 
 X= 750 X2=1023  Y= 962 Y2=1018 P1=1023 P2=   0 T1=1023 T2= 829  P= 653  D=  -1 
 X= 883 X2= 945  Y= 956 Y2=1018 P1=1022 P2=   0 T1=1021 T2= 842  P= 653  D=  -1 
 X= 844 X2= 962  Y= 957 Y2=1023 P1=1023 P2=   0 T1=1020 T2= 838  P= 653  D=  -1 
 X= 626 X2=1023  Y= 936 Y2=1019 P1=1023 P2=   0 T1=1020 T2= 832  P= 653  D=  -1 
 X= 685 X2=1023  Y= 965 Y2=1019 P1=1023 P2=   0 T1=1020 T2= 863  P= 653  D=  -1 
 X= 735 X2=1023  Y= 958 Y2=1019 P1=1023 P2=   0 T1=1023 T2= 845  P= 653  D=  -1 
 X= 866 X2=1023  Y= 948 Y2=1023 P1=1023 P2=   0 T1=1023 T2= 891  P= 653  D=  -1 
 X= 823 X2=1023  Y= 970 Y2=1021 P1=1023 P2=   0 T1=1023 T2= 862  P= 653  D=  -1 
 X=1023 X2= 971  Y= 948 Y2=1019 P1=1023 P2=   0 T1=1021 T2= 853  P= 653  D=  -1 
 X= 971 X2= 958  Y= 951 Y2=1023 P1=1023 P2=   0 T1=1023 T2= 834  P= 653  D=  -1 
 X= 754 X2=1023  Y= 965 Y2=1019 P1=1023 P2=   0 T1=1022 T2= 835  P= 653  D=  -1 
 X=1023 X2= 956  Y= 970 Y2=1020 P1=1023 P2=   0 T1=1023 T2= 893  P= 653  D=  -1 
 X= 895 X2=1021  Y= 961 Y2=1022 P1=1023 P2=   0 T1=1023 T2= 827  P= 653  D=  -1 
 X= 782 X2=1023  Y= 980 Y2=1018 P1=1023 P2=   0 T1=1021 T2= 851  P= 653  D=  -1 
 X= 737 X2=1023  Y= 949 Y2=1018 P1=1023 P2=   0 T1=1023 T2= 842  P= 653  D=  -1 
 X= 978 X2= 960  Y= 966 Y2=1022 P1=1023 P2=   0 T1=1021 T2= 841  P= 653  D=  -1 
 X= 924 X2= 998  Y= 949 Y2=1023 P1=1023 P2=   0 T1=1023 T2= 847  P= 653  D=  -1 
 X= 876 X2=1021  Y= 956 Y2=1023 P1=1023 P2=   0 T1=1023 T2= 866  P= 653  D=  -1 
 X= 841 X2= 953  Y= 957 Y2=1018 P1=1023 P2=   0 T1=1023 T2= 832  P= 653  D=  -1 
 X= 997 X2=1020  Y= 945 Y2=1019 P1=1023 P2=   0 T1=1020 T2= 837  P= 653  D=  -1 
 X= 863 X2=1023  Y= 965 Y2=1023 P1=1023 P2=   0 T1=1020 T2= 830  P= 653  D=  -1 
 X= 875 X2=1023  Y= 966 Y2=1023 P1=1023 P2=   0 T1=1020 T2= 836  P= 653  D=  -1 
 X= 852 X2=1010  Y= 949 Y2=1021 P1=1023 P2=   0 T1=1020 T2= 855  P= 653  D=  -1 
 X= 629 X2=1023  Y= 947 Y2=1020 P1=1022 P2=   0 T1=1023 T2= 844  P= 653  D=  -1 
 X=1023 X2= 947  Y= 959 Y2=1022 P1=1023 P2=   0 T1=1023 T2= 850  P= 653  D=  -1 
 X= 955 X2= 972  Y= 954 Y2=1023 P1=1023 P2=   0 T1=1023 T2= 846  P= 653  D=  -1 
 X= 884 X2=1013  Y= 967 Y2=1023 P1=1023 P2=   0 T1=1023 T2= 808  P= 653  D=  -1 
 X=1003 X2= 950  Y= 959 Y2=1018 P1=1023 P2=   0 T1=1020 T2= 828  P= 653  D=  -1 
 X=1023 X2= 995  Y= 956 Y2=1023 P1=1023 P2=   0 T1=1020 T2= 865  P= 653  D=  -1 
 X= 741 X2=1023  Y= 953 Y2=1018 P1=1023 P2=   0 T1=1021 T2= 833  P= 653  D=  -1 
 X= 763 X2=1023  Y= 950 Y2=1023 P1=1023 P2=   0 T1=1020 T2= 834  P= 653  D=  -1 
 X= 766 X2=1006  Y= 951 Y2=1023 P1=1023 P2=   0 T1=1019 T2= 830  P= 653  D=  -1 
 X= 863 X2=1023  Y= 960 Y2=1023 P1=1023 P2=   0 T1=1023 T2= 845  P= 653  D=  -1 
 X=1023 X2= 990  Y= 956 Y2=1018 P1=1023 P2=   0 T1=1023 T2= 838  P= 653  D=  -1 
 X= 822 X2=1004  Y= 958 Y2=1022 P1=1023 P2=   0 T1=1022 T2= 809  P= 653  D=  -1 
 X= 921 X2= 993  Y= 960 Y2=1023 P1=1023 P2=   0 T1=1021 T2= 836  P= 653  D=  -1 
 X=1023 X2= 995  Y= 957 Y2=1023 P1=1023 P2=   0 T1=1020 T2= 873  P= 653  D=  -1 
 X= 970 X2= 979  Y= 970 Y2=1020 P1=1023 P2=   0 T1=1023 T2= 837  P= 653  D=  -1 
 X= 688 X2=1023  Y= 976 Y2=1019 P1=1023 P2=   0 T1=1023 T2= 820  P= 653  D=  -1 
 X= 785 X2= 788  Y= 695 Y2= 699 P1= 902 P2= 491 T1=  12 T2=  34  P= 653  D=  -1 * 0
 X= 786 X2= 789  Y= 705 Y2= 724 P1=1023 P2=   0 T1=  13 T2= 825  P= 653  D=  -1 * 0
 X= 788 X2= 788  Y= 698 Y2= 700 P1= 911 P2= 462 T1=  19 T2=  16  P= 765  D=  -1 * 0
 X= 786 X2= 788  Y= 697 Y2= 700 P1= 908 P2= 495 T1=  15 T2=  15  P= 656  D=  -1 * 0
 X= 786 X2= 786  Y= 696 Y2= 700 P1= 907 P2= 495 T1=  17 T2=  15  P= 653  D=  -1 * 1
 X= 785 X2= 787  Y= 696 Y2= 699 P1= 907 P2= 495 T1=  14 T2=  15  P= 653  D=  -1 * 2
 X= 786 X2= 787  Y= 696 Y2= 699 P1= 906 P2= 500 T1=  15 T2=  14  P= 638  D=  -1 * 3
 X= 786 X2= 786  Y= 696 Y2= 700 P1= 905 P2= 504 T1=  13 T2=  14  P= 624  D=  -1 * 4
 X= 785 X2= 787  Y= 696 Y2= 699 P1= 905 P2= 504 T1=  14 T2=  14  P= 624  D=  -1 * 5
 X= 787 X2= 786  Y= 696 Y2= 699 P1= 906 P2= 505 T1=  14 T2=  16  P= 624  D=  -1 * 6
 X= 786 X2= 786  Y= 696 Y2= 699 P1= 905 P2= 505 T1=  14 T2=  12  P= 622  D=  -1 * 7
 X= 784 X2= 787  Y= 695 Y2= 699 P1= 904 P2= 506 T1=  10 T2=  14  P= 617  D=  -1 * 8
 X= 785 X2= 788  Y= 695 Y2= 700 P1= 905 P2= 507 T1=  13 T2=  14  P= 617  D=  -1 * 9
 X= 785 X2= 787  Y= 696 Y2= 705 P1= 905 P2= 507 T1=  12 T2=  14  P= 617  D=  -1 * 10
 X= 786 X2= 785  Y= 696 Y2= 698 P1= 905 P2= 507 T1=  13 T2=  13  P= 616  D=  -1 * 11
 X= 787 X2= 786  Y= 695 Y2= 699 P1= 905 P2= 508 T1=  14 T2=  14  P= 613  D=  -1 * 12
 X= 786 X2= 786  Y= 696 Y2= 699 P1= 904 P2= 509 T1=  13 T2=  13  P= 609  D=  -1 * 13
 X= 786 X2= 786  Y= 697 Y2= 699 P1= 904 P2= 508 T1=  12 T2=  13  P= 612  D=  -1 * 14
 X= 785 X2= 783  Y= 695 Y2= 700 P1= 904 P2= 509 T1=  13 T2=  13  P= 608  D=  -1 * 15
 X= 782 X2= 787  Y= 696 Y2= 700 P1= 904 P2= 508 T1=  13 T2=  13  P= 610  D=  -1 * 16
 X= 782 X2= 785  Y= 696 Y2= 699 P1= 903 P2= 509 T1=  13 T2=  11  P= 606  D=  -1 * 17
 X= 785 X2= 788  Y= 695 Y2= 699 P1= 905 P2= 510 T1=  13 T2=  14  P= 608  D=  -1 * 18
 X= 786 X2= 786  Y= 696 Y2= 699 P1= 904 P2= 509 T1=  13 T2=  14  P= 609  D=  -1 * 19
 X= 785 X2= 786  Y= 696 Y2= 700 P1= 904 P2= 509 T1=  13 T2=  13  P= 609  D=  -1 * 20
 X= 785 X2= 786  Y= 695 Y2= 699 P1= 904 P2= 509 T1=  15 T2=  14  P= 609  D=  -1 * 21
 X= 783 X2= 787  Y= 696 Y2= 698 P1= 903 P2= 510 T1=  14 T2=  13  P= 604  D=  -1 * 22
 X= 786 X2= 786  Y= 696 Y2= 698 P1= 904 P2= 510 T1=  14 T2=  13  P= 606  D=  -1 * 23
 X= 786 X2= 787  Y= 696 Y2= 700 P1= 904 P2= 510 T1=  13 T2=  14  P= 606  D=  -1 * 24
Remove Pin
 X= 787 X2= 787  Y= 696 Y2= 699 P1= 904 P2= 509 T1=  15 T2=  14  P= 610  D=  -1 * 24
 X= 785 X2= 786  Y= 695 Y2= 699 P1= 903 P2= 510 T1=  13 T2=  14  P= 604  D=  -1 * 24
 X= 784 X2= 785  Y= 696 Y2= 699 P1= 904 P2= 509 T1=  14 T2=  12  P= 608  D=  -1 * 24
 X= 785 X2= 786  Y= 696 Y2= 699 P1= 905 P2= 510 T1=  13 T2=  13  P= 607  D=  -1 * 24
 X= 786 X2= 786  Y= 696 Y2= 700 P1= 904 P2= 510 T1=  13 T2=  13  P= 606  D=  -1 * 24
 X= 785 X2= 786  Y= 695 Y2= 699 P1= 903 P2= 510 T1=  14 T2=  13  P= 604  D=  -1 * 24
 X= 786 X2= 801  Y= 695 Y2= 699 P1= 904 P2= 510 T1=  13 T2=  13  P= 612  D=  -1 * 24
 X= 786 X2= 786  Y= 696 Y2= 699 P1= 904 P2= 510 T1=  13 T2=  13  P= 606  D=  -1 * 24
 X= 785 X2= 786  Y= 695 Y2= 701 P1= 904 P2= 510 T1=  13 T2=  16  P= 606  D=  -1 * 24
 X= 785 X2= 786  Y= 695 Y2= 699 P1= 904 P2= 510 T1=  11 T2=  13  P= 606  D=  -1 * 24
 X= 784 X2= 788  Y= 695 Y2= 699 P1= 904 P2= 510 T1=  12 T2=  13  P= 606  D=  -1 * 24
 X= 787 X2= 786  Y= 696 Y2= 702 P1= 904 P2= 511 T1=  13 T2=  14  P= 604  D=  -1 * 24
 X= 785 X2= 786  Y= 695 Y2= 700 P1= 904 P2= 511 T1=  12 T2=  13  P= 603  D=  -1 * 24
 X= 786 X2= 787  Y= 695 Y2= 696 P1= 904 P2= 510 T1=  12 T2=  11  P= 606  D=  -1 * 24
 X= 787 X2= 788  Y= 696 Y2= 699 P1= 903 P2= 512 T1=  14 T2=  13  P= 600  D=  -1 * 24
 X= 785 X2= 785  Y= 698 Y2= 698 P1= 903 P2= 515 T1=  13 T2=  14  P= 591  D=  -1 * 24
 X=1023 X2= 979  Y= 971 Y2=1023 P1=1023 P2=   0 T1=1023 T2= 834  P= 591  D=  -1 
 X= 886 X2= 956  Y= 952 Y2=1020 P1=1023 P2=   0 T1=1020 T2= 841  P= 591  D=  -1 
 X= 803 X2=1009  Y= 947 Y2=1016 P1=1023 P2=   0 T1=1023 T2= 838  P= 591  D=  -1 
target state=3 point=23,249
 X=1023 X2= 978  Y= 969 Y2=1020 P1=1023 P2=   0 T1=1023 T2= 879  P= 591  D=  -1 
 X= 931 X2= 978  Y= 968 Y2=1022 P1=1023 P2=   0 T1=1023 T2= 848  P= 591  D=  -1 
 X= 862 X2=1011  Y= 964 Y2=1023 P1=1023 P2=   0 T1=1020 T2= 844  P= 591  D=  -1 
 X= 880 X2=1023  Y= 950 Y2=1023 P1=1023 P2=   0 T1=1020 T2= 840  P= 591  D=  -1 
 X=1004 X2= 956  Y= 959 Y2=1022 P1=1023 P2=   0 T1=1019 T2= 834  P= 591  D=  -1 
 X=1023 X2= 978  Y= 947 Y2=1017 P1=1023 P2=   0 T1=1023 T2= 811  P= 591  D=  -1 
 X=1009 X2= 963  Y= 954 Y2=1019 P1=1023 P2=   0 T1=1015 T2= 823  P= 591  D=  -1 
 X= 742 X2=1023  Y= 948 Y2=1022 P1=1023 P2=   0 T1=1023 T2= 835  P= 591  D=  -1 
 X= 941 X2= 977  Y= 955 Y2=1019 P1=1023 P2=   0 T1=1020 T2= 829  P= 591  D=  -1 
 X= 863 X2=1011  Y= 955 Y2=1019 P1=1023 P2=   0 T1=1020 T2= 877  P= 591  D=  -1 
 X= 878 X2= 955  Y= 950 Y2=1023 P1=1023 P2=   0 T1=1020 T2= 840  P= 591  D=  -1 
 X= 792 X2=1005  Y= 953 Y2=1023 P1=1023 P2=   0 T1=1023 T2= 838  P= 591  D=  -1 
 X= 960 X2= 991  Y= 952 Y2=1022 P1=1023 P2=   0 T1=1021 T2= 830  P= 591  D=  -1 
 X= 854 X2=1023  Y=1010 Y2=1019 P1=1023 P2=   0 T1=1023 T2= 838  P= 591  D=  -1 
 X=1007 X2=1023  Y=1018 Y2=1021 P1=1023 P2=   0 T1=1020 T2= 994  P= 591  D=  -1 
 X=1023 X2= 996  Y= 941 Y2=1023 P1=1023 P2=   0 T1=1023 T2= 858  P= 591  D=  -1 
 X= 637 X2=1023  Y= 964 Y2=1023 P1=1023 P2=   0 T1=1023 T2= 859  P= 591  D=  -1 
 X= 785 X2=1007  Y= 958 Y2=1023 P1=1023 P2=   0 T1=1023 T2= 825  P= 591  D=  -1 
 X= 657 X2=1023  Y= 952 Y2=1023 P1=1023 P2=   0 T1=1019 T2= 859  P= 591  D=  -1 
 X= 819 X2=1023  Y= 962 Y2=1023 P1=1023 P2=   0 T1=1023 T2= 852  P= 591  D=  -1 
 X=1023 X2= 994  Y= 959 Y2=1023 P1=1023 P2=   0 T1=1022 T2= 844  P= 591  D=  -1 
 X=1019 X2= 945  Y= 966 Y2=1023 P1=1023 P2=   0 T1=1023 T2= 826  P= 591  D=  -1 
 X= 689 X2=1023  Y= 949 Y2=1018 P1=1023 P2=   0 T1=1023 T2= 858  P= 591  D=  -1 
 X= 842 X2=1023  Y= 953 Y2=1019 P1=1023 P2=   0 T1=1023 T2= 826  P= 591  D=  -1 
 X= 746 X2=1010  Y= 953 Y2=1021 P1=1023 P2=   0 T1=1019 T2= 835  P= 591  D=  -1 
 X= 875 X2=1014  Y= 950 Y2=1020 P1=1023 P2=   0 T1=1020 T2= 878  P= 591  D=  -1 
 X= 741 X2=1023  Y= 953 Y2=1019 P1=1023 P2=   0 T1=1022 T2= 832  P= 591  D=  -1 
 X= 959 X2= 967  Y= 966 Y2=1022 P1=1022 P2=   0 T1=1022 T2= 827  P= 591  D=  -1 
 X= 809 X2=1009  Y= 951 Y2=1023 P1=1023 P2=   0 T1=1022 T2= 828  P= 591  D=  -1 
 X= 895 X2=1023  Y= 965 Y2=1018 P1=1023 P2=   0 T1=1023 T2= 852  P= 591  D=  -1 
 X=1023 X2= 971  Y= 961 Y2=1017 P1=1023 P2=   0 T1=1020 T2= 816  P= 591  D=  -1 
 X= 725 X2=1023  Y= 966 Y2=1019 P1=1023 P2=   0 T1=1023 T2= 846  P= 591  D=  -1 
 X= 893 X2=1022  Y= 944 Y2=1019 P1=1023 P2=   0 T1=1020 T2= 847  P= 591  D=  -1 
 X= 876 X2=1023  Y= 963 Y2=1021 P1=1023 P2=   0 T1=1023 T2= 846  P= 591  D=  -1 
 X= 883 X2=1023  Y= 951 Y2=1019 P1=1023 P2=   0 T1=1023 T2= 854  P= 591  D=  -1 
 X= 603 X2=1023  Y= 938 Y2=1023 P1=1023 P2=   0 T1=1023 T2= 860  P= 591  D=  -1 
 X=1008 X2= 999  Y= 962 Y2=1019 P1=1023 P2=   0 T1=1023 T2= 832  P= 591  D=  -1 
 X= 939 X2= 992  Y= 958 Y2=1019 P1=1023 P2=   0 T1=1023 T2= 838  P= 591  D=  -1 
 X= 867 X2=1023  Y= 964 Y2=1019 P1=1023 P2=   0 T1=1023 T2= 860  P= 591  D=  -1 
 X=1001 X2= 970  Y= 950 Y2=1017 P1=1023 P2=   0 T1=1023 T2= 839  P= 591  D=  -1 
 X=1021 X2= 998  Y= 959 Y2=1023 P1=1023 P2=   0 T1=1020 T2= 821  P= 591  D=  -1 
 X= 752 X2=1023  Y= 974 Y2=1022 P1=1023 P2=   0 T1=1022 T2= 834  P= 591  D=  -1 
 X= 716 X2=1023  Y= 954 Y2=1018 P1=1023 P2=   0 T1=1021 T2= 840  P= 591  D=  -1 
 X= 738 X2=1012  Y= 967 Y2=1023 P1=1023 P2=   0 T1=1023 T2= 856  P= 591  D=  -1 
 X= 842 X2=1023  Y= 945 Y2=1020 P1=1023 P2=   0 T1=1023 T2= 835  P= 591  D=  -1 
 X=1023 X2= 994  Y= 947 Y2=1023 P1=1023 P2=   0 T1=1020 T2= 835  P= 591  D=  -1 
 X= 772 X2=1009  Y= 965 Y2=1020 P1=1023 P2=   0 T1=1023 T2= 861  P= 591  D=  -1 
 X= 765 X2=1010  Y= 945 Y2=1021 P1=1023 P2=   0 T1=1019 T2= 825  P= 591  D=  -1 
 X= 885 X2=1023  Y= 959 Y2=1017 P1=1023 P2=   0 T1=1023 T2= 859  P= 591  D=  -1 
 X=1023 X2= 980  Y= 956 Y2=1018 P1=1023 P2=   0 T1=1023 T2= 853  P= 591  D=  -1 
 X= 840 X2= 986  Y= 946 Y2=1023 P1=1023 P2=   0 T1=1020 T2= 861  P= 591  D=  -1 
 X= 866 X2=1023  Y= 955 Y2=1022 P1=1023 P2=   0 T1=1019 T2= 829  P= 591  D=  -1 
 X= 760 X2=1006  Y= 945 Y2=1020 P1=1023 P2=   0 T1=1020 T2= 824  P= 591  D=  -1 
 X= 775 X2=1023  Y= 957 Y2=1018 P1=1023 P2=   0 T1=1023 T2= 858  P= 591  D=  -1 
 X= 857 X2=1018  Y= 948 Y2=1018 P1=1023 P2=   0 T1=1020 T2= 832  P= 591  D=  -1 
 X= 988 X2= 999  Y= 960 Y2=1020 P1=1023 P2=   0 T1=1022 T2= 843  P= 591  D=  -1 
 X= 957 X2= 995  Y= 954 Y2=1022 P1=1023 P2=   0 T1=1020 T2= 843  P= 591  D=  -1 
 X= 899 X2=1022  Y= 961 Y2=1023 P1=1023 P2=   0 T1=1020 T2= 826  P= 591  D=  -1 
 X= 886 X2=1021  Y= 953 Y2=1018 P1=1023 P2=   0 T1=1023 T2= 840  P= 591  D=  -1 
 X= 874 X2=1010  Y= 954 Y2=1023 P1=1023 P2=   0 T1=1021 T2= 833  P= 591  D=  -1 
 X= 747 X2=1023  Y= 972 Y2=1018 P1=1023 P2=   0 T1=1023 T2= 841  P= 591  D=  -1 
 X= 876 X2= 991  Y= 953 Y2=1021 P1=1023 P2=   0 T1=1023 T2= 870  P= 591  D=  -1 
 X= 746 X2=1001  Y= 952 Y2=1020 P1=1023 P2=   0 T1=1019 T2= 824  P= 591  D=  -1 
 X= 866 X2=1012  Y= 969 Y2=1021 P1=1023 P2=   0 T1=1023 T2= 857  P= 591  D=  -1 
 X= 863 X2= 963  Y= 964 Y2=1023 P1=1023 P2=   0 T1=1020 T2= 827  P= 591  D=  -1 
 X=1001 X2= 967  Y= 953 Y2=1023 P1=1018 P2=   0 T1=1023 T2= 836  P= 591  D=  -1 
 X= 783 X2=1023  Y= 961 Y2=1020 P1=1023 P2=   0 T1=1023 T2= 845  P= 591  D=  -1 
 X=1023 X2= 978  Y= 952 Y2=1019 P1=1023 P2=   0 T1=1023 T2= 835  P= 591  D=  -1 
 X= 831 X2=1023  Y= 954 Y2=1023 P1=1023 P2=   0 T1=1023 T2= 859  P= 591  D=  -1 
 X= 700 X2=1023  Y= 958 Y2=1023 P1=1023 P2=   0 T1=1023 T2= 826  P= 591  D=  -1 
 X=1023 X2= 987  Y= 952 Y2=1021 P1=1023 P2=   0 T1=1023 T2= 854  P= 591  D=  -1 
 X= 860 X2=1012  Y= 945 Y2=1023 P1=1023 P2=   0 T1=1019 T2= 859  P= 591  D=  -1 
 X= 777 X2=1009  Y= 947 Y2=1023 P1=1023 P2=   0 T1=1021 T2= 867  P= 591  D=  -1 
 X= 896 X2= 949  Y= 951 Y2=1017 P1=1023 P2=   0 T1=1021 T2= 844  P= 591  D=  -1 
 X= 954 X2= 991  Y= 946 Y2=1023 P1=1023 P2=   0 T1=1023 T2= 860  P= 591  D=  -1 
 X= 859 X2=1006  Y= 945 Y2=1023 P1=1023 P2=   0 T1=1019 T2= 902  P= 591  D=  -1 
 X= 865 X2=1023  Y= 970 Y2=1021 P1=1023 P2=   0 T1=1018 T2= 871  P= 591  D=  -1 
 X= 870 X2=1023  Y= 951 Y2=1019 P1=1023 P2=   0 T1=1021 T2= 845  P= 591  D=  -1 
 X= 627 X2=1023  Y= 950 Y2=1020 P1=1023 P2=   0 T1=1023 T2= 844  P= 591  D=  -1 
 X= 689 X2=1023  Y= 961 Y2=1023 P1=1023 P2=   0 T1=1021 T2= 877  P= 591  D=  -1 
 X= 981 X2= 975  Y= 966 Y2=1023 P1=1023 P2=   0 T1=1023 T2= 846  P= 591  D=  -1 
 X= 889 X2=1023  Y= 939 Y2=1021 P1=1023 P2=   0 T1=1022 T2= 833  P= 591  D=  -1 
 X= 867 X2=1023  Y= 955 Y2=1021 P1=1023 P2=   0 T1=1023 T2= 843  P= 591  D=  -1 
 X=1023 X2= 975  Y= 955 Y2=1023 P1=1023 P2=   0 T1=1023 T2= 840  P= 591  D=  -1 
 X=1023 X2= 995  Y= 943 Y2=1023 P1=1023 P2=   0 T1=1023 T2= 828  P= 591  D=  -1 
 X= 712 X2=1023  Y= 965 Y2=1019 P1=1023 P2=   0 T1=1019 T2= 842  P= 591  D=  -1 
 X= 871 X2=1023  Y= 940 Y2=1021 P1=1023 P2=   0 T1=1020 T2= 850  P= 591  D=  -1 
 X= 731 X2=1004  Y= 939 Y2=1019 P1=1023 P2=   0 T1=1020 T2= 840  P= 591  D=  -1 
 X= 772 X2=1023  Y= 969 Y2=1023 P1=1023 P2=   0 T1=1019 T2= 859  P= 591  D=  -1 
 X=1000 X2= 990  Y= 956 Y2=1023 P1=1023 P2=   0 T1=1021 T2= 830  P= 591  D=  -1 
 X= 755 X2=1005  Y= 960 Y2=1023 P1=1023 P2=   0 T1=1020 T2= 869  P= 591  D=  -1 
 X= 755 X2=1005  Y= 945 Y2=1019 P1=1023 P2=   0 T1=1016 T2= 854  P= 591  D=  -1 
 X= 894 X2=1021  Y= 962 Y2=1021 P1=1023 P2=   0 T1=1023 T2= 830  P= 591  D=  -1 
 X=1011 X2= 952  Y= 945 Y2=1023 P1=1023 P2=   0 T1=1020 T2= 842  P= 591  D=  -1 
 X= 646 X2=1023  Y= 959 Y2=1023 P1=1023 P2=   0 T1=1020 T2= 850  P= 591  D=  -1 
 X= 897 X2=1023  Y= 957 Y2=1017 P1=1023 P2=   0 T1=1023 T2= 866  P= 591  D=  -1 
 X= 790 X2=1023  Y= 963 Y2=1019 P1=1023 P2=   0 T1=1023 T2= 844  P= 591  D=  -1 
 X= 779 X2=1023  Y= 963 Y2=1022 P1=1023 P2=   0 T1=1020 T2= 833  P= 591  D=  -1 
 X= 771 X2=1023  Y= 953 Y2=1019 P1=1023 P2=   0 T1=1023 T2= 855  P= 591  D=  -1 
 X= 972 X2= 966  Y= 952 Y2=1023 P1=1023 P2=   0 T1=1022 T2= 835  P= 591  D=  -1 
 X= 880 X2=1023  Y= 975 Y2=1019 P1=1023 P2=   0 T1=1021 T2= 876  P= 591  D=  -1 
 X= 888 X2=1023  Y= 962 Y2=1018 P1=1023 P2=   0 T1=1020 T2= 838  P= 591  D=  -1 
 X= 985 X2=1014  Y= 946 Y2=1023 P1=1023 P2=   0 T1=1023 T2= 830  P= 591  D=  -1 
 X= 730 X2=1023  Y= 978 Y2=1018 P1=1023 P2=   0 T1=1023 T2= 838  P= 591  D=  -1 
 X= 772 X2=1023  Y= 966 Y2=1018 P1=1023 P2=   0 T1=1023 T2= 839  P= 591  D=  -1 
 X= 872 X2=1023  Y= 958 Y2=1017 P1=1023 P2=   0 T1=1023 T2= 846  P= 591  D=  -1 
 X= 757 X2=1006  Y= 945 Y2=1023 P1=1023 P2=   0 T1=1020 T2= 829  P= 591  D=  -1 
 X= 846 X2=1009  Y= 942 Y2=1021 P1=1023 P2=   0 T1=1023 T2= 844  P= 591  D=  -1 
 X= 999 X2= 991  Y= 951 Y2=1023 P1=1023 P2=   0 T1=1021 T2= 827  P= 591  D=  -1 
 X= 771 X2=1005  Y= 963 Y2=1023 P1=1023 P2=   0 T1=1019 T2= 844  P= 591  D=  -1 
 X= 877 X2= 956  Y= 976 Y2=1020 P1=1023 P2=   0 T1=1023 T2= 827  P= 591  D=  -1 
 X=1023 X2= 996  Y= 951 Y2=1016 P1=1023 P2=   0 T1=1023 T2= 832  P= 591  D=  -1 
 X= 832 X2= 956  Y= 955 Y2=1018 P1=1023 P2=   0 T1=1020 T2= 826  P= 591  D=  -1 
 X= 731 X2=1023  Y= 959 Y2=1019 P1=1023 P2=   0 T1=1023 T2= 839  P= 591  D=  -1 
 X= 711 X2=1023  Y= 958 Y2=1017 P1=1023 P2=   0 T1=1023 T2= 870  P= 591  D=  -1 
 X=1022 X2= 994  Y=1014 Y2=1022 P1=1023 P2=   0 T1=1023 T2=1019  P= 591  D=  -1 
 X= 250 X2= 253  Y= 695 Y2= 692 P1= 836 P2= 240 T1=  20 T2=  19  P= 623  D=  -1 * 0
 X= 252 X2= 253  Y= 695 Y2= 693 P1= 837 P2= 238 T1=  20 T2=  19  P= 634  D=  -1 * 0
 X= 252 X2= 254  Y= 697 Y2= 692 P1= 837 P2= 238 T1=  19 T2=  18  P= 636  D=  -1 * 0
 X= 253 X2= 253  Y= 695 Y2= 692 P1= 839 P2= 235 T1=  19 T2=  19  P= 650  D=  -1 * 0
 X= 253 X2= 254  Y= 695 Y2= 692 P1= 839 P2= 236 T1=  22 T2=  20  P= 646  D=  -1 * 1
 X= 252 X2= 254  Y= 695 Y2= 691 P1= 839 P2= 236 T1=  19 T2=  19  P= 646  D=  -1 * 2
 X= 251 X2= 254  Y= 696 Y2= 692 P1= 839 P2= 237 T1=  20 T2=  17  P= 640  D=  -1 * 3
 X= 252 X2= 253  Y= 696 Y2= 691 P1= 837 P2= 237 T1=  19 T2=  18  P= 637  D=  -1 * 4
 X= 253 X2= 253  Y= 694 Y2= 691 P1= 837 P2= 239 T1=  20 T2=  22  P= 633  D=  -1 * 5
 X= 251 X2= 254  Y= 695 Y2= 692 P1= 836 P2= 238 T1=  19 T2=  19  P= 633  D=  -1 * 6
 X= 252 X2= 254  Y= 696 Y2= 690 P1= 836 P2= 240 T1=  20 T2=  18  P= 628  D=  -1 * 7
 X= 251 X2= 254  Y= 694 Y2= 691 P1= 833 P2= 243 T1=  17 T2=  19  P= 611  D=  -1 * 8
 X= 252 X2= 253  Y= 695 Y2= 691 P1= 833 P2= 244 T1=  18 T2=  19  P= 608  D=  -1 * 9
 X= 251 X2= 253  Y= 696 Y2= 692 P1= 833 P2= 242 T1=  18 T2=  19  P= 615  D=  -1 * 10
 X= 252 X2= 253  Y= 695 Y2= 692 P1= 833 P2= 244 T1=  18 T2=  16  P= 608  D=  -1 * 11
 X= 251 X2= 254  Y= 695 Y2= 692 P1= 834 P2= 244 T1=  19 T2=  19  P= 609  D=  -1 * 12
 X= 251 X2= 254  Y= 696 Y2= 692 P1= 833 P2= 244 T1=  18 T2=  18  P= 608  D=  -1 * 13
 X= 251 X2= 253  Y= 696 Y2= 692 P1= 839 P2= 243 T1=  18 T2=  18  P= 617  D=  -1 * 14
 X= 252 X2= 252  Y= 696 Y2= 692 P1= 833 P2= 243 T1=  18 T2=  20  P= 611  D=  -1 * 15
 X= 251 X2= 256  Y= 695 Y2= 692 P1= 833 P2= 244 T1=  18 T2=  18  P= 610  D=  -1 * 16
 X= 253 X2= 251  Y= 695 Y2= 692 P1= 833 P2= 244 T1=  20 T2=  18  P= 608  D=  -1 * 17
 X= 265 X2= 253  Y= 694 Y2= 692 P1= 833 P2= 243 T1=  18 T2=  18  P= 628  D=  -1 * 18
 X= 251 X2= 254  Y= 696 Y2= 692 P1= 834 P2= 243 T1=  18 T2=  19  P= 612  D=  -1 * 19
 X= 251 X2= 253  Y= 695 Y2= 693 P1= 833 P2= 243 T1=  19 T2=  18  P= 611  D=  -1 * 20
 X= 256 X2= 253  Y= 693 Y2= 692 P1= 833 P2= 243 T1=  18 T2=  18  P= 616  D=  -1 * 21
 X= 250 X2= 252  Y= 694 Y2= 692 P1= 833 P2= 244 T1=  18 T2=  19  P= 605  D=  -1 * 22
 X= 251 X2= 252  Y= 695 Y2= 691 P1= 833 P2= 243 T1=  18 T2=  19  P= 609  D=  -1 * 23
 X= 252 X2= 254  Y= 695 Y2= 692 P1= 833 P2= 244 T1=  18 T2=  18  P= 610  D=  -1 * 24
Remove Pin
 X= 252 X2= 252  Y= 694 Y2= 691 P1= 835 P2= 244 T1=  19 T2=  19  P= 610  D=  -1 * 24
 X= 251 X2= 254  Y= 695 Y2= 692 P1= 832 P2= 243 T1=  18 T2=  17  P= 610  D=  -1 * 24
 X= 253 X2= 253  Y= 694 Y2= 692 P1= 833 P2= 244 T1=  19 T2=  17  P= 610  D=  -1 * 24
 X= 252 X2= 253  Y= 695 Y2= 692 P1= 833 P2= 244 T1=  18 T2=  18  P= 608  D=  -1 * 24
 X= 251 X2= 256  Y= 695 Y2= 692 P1= 832 P2= 244 T1=  18 T2=  18  P= 609  D=  -1 * 24
 X= 252 X2= 252  Y= 696 Y2= 692 P1= 833 P2= 244 T1=  18 T2=  19  P= 608  D=  -1 * 24
 X= 251 X2= 254  Y= 697 Y2= 689 P1= 833 P2= 244 T1=  18 T2=  18  P= 608  D=  -1 * 24
 X= 252 X2= 253  Y= 695 Y2= 691 P1= 833 P2= 244 T1=  18 T2=  19  P= 608  D=  -1 * 24
 X= 251 X2= 253  Y= 695 Y2= 693 P1= 833 P2= 243 T1=  17 T2=  18  P= 611  D=  -1 * 24
 X= 253 X2= 255  Y= 695 Y2= 692 P1= 832 P2= 242 T1=  18 T2=  19  P= 619  D=  -1 * 24
 X= 252 X2= 253  Y= 695 Y2= 692 P1= 833 P2= 244 T1=  18 T2=  18  P= 608  D=  -1 * 24
 X= 253 X2= 253  Y= 696 Y2= 692 P1= 831 P2= 244 T1=  18 T2=  18  P= 608  D=  -1 * 24
 X= 254 X2= 253  Y= 695 Y2= 693 P1= 832 P2= 244 T1=  18 T2=  18  P= 609  D=  -1 * 24
 X= 252 X2= 254  Y= 695 Y2= 692 P1= 832 P2= 244 T1=  19 T2=  19  P= 609  D=  -1 * 24
 X= 252 X2= 253  Y= 695 Y2= 692 P1= 833 P2= 244 T1=  21 T2=  14  P= 609  D=  -1 * 24
 X= 251 X2= 253  Y= 695 Y2= 691 P1= 827 P2= 250 T1=  15 T2=  18  P= 581  D=  -1 * 24
 X= 856 X2=1012  Y= 961 Y2=1023 P1=1023 P2=   0 T1=1020 T2= 844  P= 581  D=  -1 
 X= 722 X2=1023  Y= 960 Y2=1023 P1=1023 P2=   0 T1=1020 T2= 841  P= 581  D=  -1 
 X=1023 X2= 983  Y= 960 Y2=1023 P1=1023 P2=   0 T1=1020 T2= 818  P= 581  D=  -1 
Target Noise  x= 2.50 y= 2.50
X[0]: Target= 23   254/ 255/ 257 Stdev= 0.56 N= 24  Y[0]: Target= 22   347/ 348/ 349 Stdev= 0.56 N= 24
X[1]: Target=456   785/ 789/ 792 Stdev= 1.23 N= 24  Y[1]: Target= 22   347/ 348/ 349 Stdev= 0.39 N= 24
X[2]: Target=456   783/ 786/ 787 Stdev= 0.85 N= 24  Y[2]: Target=249   697/ 697/ 700 Stdev= 0.68 N= 24
X[3]: Target= 23   251/ 253/ 259 Stdev= 1.47 N= 24  Y[3]: Target=249   692/ 693/ 694 Stdev= 0.61 N= 24
N=24 Avg=18
min: 17 17 17 18 18 18 
max: 20 20 19 19 19 19 
N=24 Avg=12
min: 11 12 12 12 12 12 
max: 15 14 14 13 13 13 
N=24 Avg=13
min: 12 12 12 13 13 13 
max: 16 15 15 14 14 14 
N=24 Avg=18
min: 17 18 18 18 18 18 
max: 21 21 19 19 19 19 
Using TNT center offset = 16
TNT Plane Coef: a= -676 b=   89 c= 321914
At  255, 347: Real=  19 Fit=  19 Offset=   3
At  788, 347: Real=  13 Fit=  14 Offset=  -2
At  785, 697: Real=  14 Fit=  15 Offset=  -1
At  252, 693: Real=  19 Fit=  19 Offset=   3
Fit Corners: 21, 12, 12, 22  Center: 16
Setting for min_tnt_up:   520
Setting for max_tnt_down: 21 (V2:31)
Entering calib_pressure_mfg
Using default pressure curve
468 471 487 495 509 524 553 575 612 
Summary:
Setting for max_tnt_down:      21
3.7 setting for max_tnt_down:     -1
Setting for min_tnt_up:       520
Setting for max_delta_tnt:      5
3.8 setting for max_delta_tnt:     -1
Setting for delay_in_us:        1
Setting for y_delay_in_us:      1
Setting for tnt_delay_in_us:    1
Setting for pressure_curve:  468 471 487 495 509 524 553 575 612
Setting for tnt_mode:           1
Setting for averaging:         -1
Setting for pointercal:      53240 461 -12229134 0 42996 -13477876 65536
Setting for tnt_plane:       -676 89 321914
