new-calib: New touch screen calibration program v3.12
Serial Number='13181E00010B06010216'
Using tnt_mode=1
Setting for delay_in_us:        1
Setting for y_delay_in_us:      1
Setting for tnt_delay_in_us:    1
Setting for max_delta_tnt:      5
Setting for tnt_mode:           1
Setting for averaging:         -1
Entering get_five_points
target_noise  x= 2.50 y= 2.50 t= 2.50
target state=0 point=240,136
 X= 802 X2=1013  Y= 940 Y2=  -1 P1=  -1 P2=  -1 T1=1023 T2= 865  P=  -1  D=  -1 
 X= 700 X2=1023  Y= 931 Y2=1023 P1=  -1 P2=  -1 T1=1023 T2= 817  P=  -1  D=  -1 
 X= 861 X2=1004  Y= 953 Y2=1022 P1=  -1 P2=  -1 T1=1023 T2= 870  P=  -1  D=  -1 
 X= 873 X2=1023  Y= 947 Y2=1022 P1=  -1 P2=  -1 T1=1023 T2= 862  P=  -1  D=  -1 
 X= 667 X2=1023  Y= 967 Y2=1019 P1=  -1 P2=  -1 T1=1023 T2= 849  P=  -1  D=  -1 
 X= 881 X2=1023  Y= 966 Y2=1023 P1=  -1 P2=  -1 T1=1020 T2= 860  P=  -1  D=  -1 
 X= 855 X2=1023  Y= 959 Y2=1023 P1=  -1 P2=  -1 T1=1022 T2= 870  P=  -1  D=  -1 
 X=1023 X2= 973  Y= 954 Y2=1020 P1=  -1 P2=  -1 T1=1023 T2= 873  P=  -1  D=  -1 
 X= 901 X2= 941  Y= 964 Y2=1019 P1=  -1 P2=  -1 T1=1023 T2= 859  P=  -1  D=  -1 
 X= 785 X2=1009  Y= 937 Y2=1019 P1=  -1 P2=  -1 T1=1019 T2= 854  P=  -1  D=  -1 
 X=1023 X2=1004  Y= 965 Y2=1023 P1=  -1 P2=  -1 T1=1023 T2= 847  P=  -1  D=  -1 
 X= 732 X2=1023  Y= 948 Y2=1023 P1=  -1 P2=  -1 T1=1023 T2= 868  P=  -1  D=  -1 
 X=1007 X2= 953  Y= 954 Y2=1019 P1=  -1 P2=  -1 T1=1021 T2= 851  P=  -1  D=  -1 
 X= 879 X2= 995  Y= 957 Y2=1023 P1=  -1 P2=  -1 T1=1019 T2= 869  P=  -1  D=  -1 
 X=1023 X2= 993  Y= 958 Y2=1023 P1=  -1 P2=  -1 T1=1023 T2= 862  P=  -1  D=  -1 
 X=1023 X2= 973  Y= 954 Y2=1022 P1=  -1 P2=  -1 T1=1023 T2= 858  P=  -1  D=  -1 
 X= 640 X2=1023  Y= 960 Y2=1023 P1=  -1 P2=  -1 T1=1023 T2= 840  P=  -1  D=  -1 
 X= 784 X2=1023  Y= 952 Y2=1022 P1=  -1 P2=  -1 T1=1022 T2= 849  P=  -1  D=  -1 
 X= 745 X2=1023  Y= 961 Y2=1019 P1=  -1 P2=  -1 T1=1020 T2= 867  P=  -1  D=  -1 
 X= 894 X2=1003  Y= 952 Y2=1019 P1=  -1 P2=  -1 T1=1020 T2= 887  P=  -1  D=  -1 
 X= 682 X2=1023  Y= 947 Y2=1020 P1=  -1 P2=  -1 T1=1020 T2= 853  P=  -1  D=  -1 
 X= 960 X2= 995  Y= 956 Y2=1023 P1=  -1 P2=  -1 T1=1020 T2= 841  P=  -1  D=  -1 
 X= 982 X2= 968  Y= 962 Y2=1022 P1=  -1 P2=  -1 T1=1020 T2= 856  P=  -1  D=  -1 
 X= 684 X2=1023  Y= 963 Y2=1023 P1=  -1 P2=  -1 T1=1023 T2= 863  P=  -1  D=  -1 
 X= 890 X2=1023  Y= 964 Y2=1022 P1=  -1 P2=  -1 T1=1023 T2= 859  P=  -1  D=  -1 
 X= 872 X2=1023  Y= 944 Y2=1019 P1=  -1 P2=  -1 T1=1020 T2= 850  P=  -1  D=  -1 
 X= 673 X2=1023  Y= 948 Y2=1023 P1=  -1 P2=  -1 T1=1023 T2= 861  P=  -1  D=  -1 
 X= 730 X2=1023  Y= 954 Y2=1018 P1=  -1 P2=  -1 T1=1023 T2= 866  P=  -1  D=  -1 
 X= 904 X2=1023  Y= 956 Y2=1022 P1=  -1 P2=  -1 T1=1020 T2= 861  P=  -1  D=  -1 
 X= 782 X2=1023  Y= 962 Y2=1023 P1=  -1 P2=  -1 T1=1023 T2= 880  P=  -1  D=  -1 
 X= 877 X2=1021  Y= 967 Y2=1018 P1=  -1 P2=  -1 T1=1022 T2= 862  P=  -1  D=  -1 
 X=1020 X2= 997  Y= 963 Y2=1023 P1=  -1 P2=  -1 T1=1023 T2= 849  P=  -1  D=  -1 
 X= 975 X2= 986  Y= 957 Y2=1022 P1=  -1 P2=  -1 T1=1023 T2= 876  P=  -1  D=  -1 
 X= 882 X2=1023  Y= 964 Y2=1023 P1=  -1 P2=  -1 T1=1020 T2= 864  P=  -1  D=  -1 
 X= 875 X2= 961  Y= 956 Y2=1017 P1=  -1 P2=  -1 T1=1023 T2= 860  P=  -1  D=  -1 
 X= 739 X2=1023  Y= 962 Y2=1019 P1=  -1 P2=  -1 T1=1020 T2= 834  P=  -1  D=  -1 
 X= 694 X2=1023  Y= 958 Y2=1019 P1=  -1 P2=  -1 T1=1019 T2= 873  P=  -1  D=  -1 
 X= 978 X2= 981  Y= 962 Y2=1023 P1=  -1 P2=  -1 T1=1023 T2= 845  P=  -1  D=  -1 
 X= 809 X2=1005  Y= 942 Y2=1023 P1=  -1 P2=  -1 T1=1021 T2= 856  P=  -1  D=  -1 
 X= 762 X2=1005  Y= 957 Y2=1023 P1=  -1 P2=  -1 T1=1020 T2= 854  P=  -1  D=  -1 
 X= 808 X2= 992  Y= 963 Y2=1023 P1=  -1 P2=  -1 T1=1020 T2= 841  P=  -1  D=  -1 
 X= 877 X2=1023  Y= 947 Y2=1023 P1=  -1 P2=  -1 T1=1020 T2= 844  P=  -1  D=  -1 
 X=1023 X2= 987  Y= 946 Y2=1023 P1=  -1 P2=  -1 T1=1023 T2= 844  P=  -1  D=  -1 
 X= 869 X2= 958  Y= 960 Y2=1018 P1=  -1 P2=  -1 T1=1023 T2= 861  P=  -1  D=  -1 
 X= 884 X2=1023  Y= 956 Y2=1022 P1=  -1 P2=  -1 T1=1023 T2= 877  P=  -1  D=  -1 
 X= 665 X2=1023  Y= 959 Y2=1023 P1=  -1 P2=  -1 T1=1023 T2= 860  P=  -1  D=  -1 
 X=1023 X2= 994  Y= 955 Y2=1018 P1=  -1 P2=  -1 T1=1023 T2= 841  P=  -1  D=  -1 
 X= 947 X2= 995  Y= 954 Y2=1022 P1=  -1 P2=  -1 T1=1022 T2= 868  P=  -1  D=  -1 
 X= 808 X2=1007  Y= 962 Y2=1020 P1=  -1 P2=  -1 T1=1022 T2= 870  P=  -1  D=  -1 
 X= 996 X2= 939  Y= 955 Y2=1022 P1=  -1 P2=  -1 T1=1023 T2= 858  P=  -1  D=  -1 
 X= 862 X2=1023  Y= 984 Y2=1023 P1=  -1 P2=  -1 T1=1020 T2= 830  P=  -1  D=  -1 
 X= 753 X2=1023  Y= 956 Y2=1019 P1=  -1 P2=  -1 T1=1021 T2= 867  P=  -1  D=  -1 
 X= 880 X2=1022  Y= 972 Y2=1020 P1=  -1 P2=  -1 T1=1023 T2= 869  P=  -1  D=  -1 
 X= 886 X2=1021  Y= 954 Y2=1018 P1=  -1 P2=  -1 T1=1021 T2= 826  P=  -1  D=  -1 
 X= 864 X2=1014  Y= 952 Y2=1022 P1=  -1 P2=  -1 T1=1020 T2= 853  P=  -1  D=  -1 
 X= 610 X2=1023  Y= 933 Y2=1023 P1=  -1 P2=  -1 T1=1019 T2= 846  P=  -1  D=  -1 
 X= 957 X2= 993  Y= 954 Y2=1022 P1=  -1 P2=  -1 T1=1022 T2= 833  P=  -1  D=  -1 
 X= 954 X2= 995  Y= 942 Y2=1023 P1=1021 P2=  -1 T1=1023 T2= 858  P=  -1  D=  -1 
 X= 856 X2=1023  Y= 957 Y2=1023 P1=1023 P2=  -1 T1=1023 T2= 862  P=  -1  D=  -1 
 X= 835 X2=1022  Y= 955 Y2=1017 P1=1023 P2=  -1 T1=1023 T2= 843  P=  -1  D=  -1 
 X=1011 X2= 959  Y= 964 Y2=1023 P1=1023 P2=  -1 T1=1023 T2= 853  P=  -1  D=  -1 
 X= 735 X2=1023  Y= 964 Y2=1023 P1=1023 P2=  -1 T1=1023 T2= 841  P=  -1  D=  -1 
 X= 730 X2=1023  Y= 956 Y2=1018 P1=1023 P2=  -1 T1=1023 T2= 840  P=  -1  D=  -1 
 X= 623 X2=1023  Y= 959 Y2=1020 P1=1023 P2=  -1 T1=1023 T2= 864  P=  -1  D=  -1 
 X= 683 X2=1023  Y= 974 Y2=1023 P1=1023 P2=  -1 T1=1020 T2= 856  P=  -1  D=  -1 
 X=1023 X2= 985  Y= 957 Y2=1019 P1=1023 P2=  -1 T1=1021 T2= 855  P=  -1  D=  -1 
 X= 976 X2= 979  Y= 957 Y2=1019 P1=1023 P2=  -1 T1=1023 T2= 862  P=  -1  D=  -1 
 X= 917 X2= 995  Y= 955 Y2=1019 P1=1023 P2=  -1 T1=1021 T2= 840  P=  -1  D=  -1 
 X= 869 X2=1022  Y= 964 Y2=1022 P1=1023 P2=  -1 T1=1023 T2= 855  P=  -1  D=  -1 
 X= 868 X2= 958  Y= 964 Y2=1018 P1=1023 P2=  -1 T1=1022 T2= 865  P=  -1  D=  -1 
 X= 867 X2=1023  Y= 972 Y2=1023 P1=1023 P2=  -1 T1=1019 T2= 849  P=  -1  D=  -1 
 X= 752 X2=1023  Y= 959 Y2=1018 P1=1023 P2=  -1 T1=1023 T2= 865  P=  -1  D=  -1 
 X= 902 X2=1003  Y= 950 Y2=1019 P1=1022 P2=  -1 T1=1017 T2= 843  P=  -1  D=  -1 
 X= 836 X2=1023  Y= 951 Y2=1019 P1=1023 P2=  -1 T1=1020 T2= 862  P=  -1  D=  -1 
 X= 877 X2=1023  Y= 953 Y2=1023 P1=1023 P2=  -1 T1=1023 T2= 859  P=  -1  D=  -1 
 X= 762 X2=1023  Y= 983 Y2=1019 P1=1023 P2=  -1 T1=1021 T2= 921  P=  -1  D=  -1 
 X= 956 X2= 997  Y= 961 Y2=1019 P1=1018 P2=  -1 T1=1020 T2= 861  P=  -1  D=  -1 
 X= 949 X2=1023  Y=1019 Y2=1021 P1=1023 P2=  -1 T1=1023 T2=1023  P=  -1  D=  -1 
 X= 882 X2=1023  Y= 951 Y2=1020 P1=1023 P2=  -1 T1=1020 T2= 858  P=  -1  D=  -1 
 X= 753 X2=1023  Y= 964 Y2=1018 P1=1023 P2=  -1 T1=1023 T2= 867  P=  -1  D=  -1 
 X= 698 X2=1023  Y= 965 Y2=1023 P1=1023 P2=  -1 T1=1023 T2= 830  P=  -1  D=  -1 
 X= 760 X2=1023  Y= 967 Y2=1022 P1=1023 P2=  -1 T1=1023 T2= 854  P=  -1  D=  -1 
 X= 756 X2=1004  Y= 946 Y2=1020 P1=1023 P2=  -1 T1=1019 T2= 844  P=  -1  D=  -1 
 X= 818 X2=1023  Y= 963 Y2=1023 P1=1023 P2=  -1 T1=1023 T2= 858  P=  -1  D=  -1 
 X= 965 X2= 970  Y= 956 Y2=1018 P1=1023 P2=  -1 T1=1019 T2= 876  P=  -1  D=  -1 
 X= 975 X2= 977  Y= 960 Y2=1021 P1=1023 P2=  -1 T1=1020 T2= 857  P=  -1  D=  -1 
 X= 777 X2=1022  Y= 969 Y2=1017 P1=1023 P2=  -1 T1=1021 T2= 842  P=  -1  D=  -1 
 X= 903 X2=1022  Y= 956 Y2=1022 P1=1023 P2=  -1 T1=1023 T2= 850  P=  -1  D=  -1 
 X= 866 X2=1023  Y= 957 Y2=1020 P1=1023 P2=  -1 T1=1023 T2= 921  P=  -1  D=  -1 
 X= 620 X2=1023  Y= 964 Y2=1023 P1=1023 P2=  -1 T1=1021 T2= 878  P=  -1  D=  -1 
 X= 698 X2=1023  Y= 968 Y2=1020 P1=1023 P2=  -1 T1=1021 T2= 845  P=  -1  D=  -1 
 X= 780 X2=1006  Y= 955 Y2=1022 P1=1023 P2=  -1 T1=1023 T2= 844  P=  -1  D=  -1 
 X= 782 X2=1011  Y= 949 Y2=1020 P1=1023 P2=  -1 T1=1023 T2= 877  P=  -1  D=  -1 
 X=1023 X2= 962  Y= 964 Y2=1020 P1=1023 P2=  -1 T1=1023 T2= 844  P=  -1  D=  -1 
 X=1023 X2= 995  Y= 959 Y2=1023 P1=1022 P2=  -1 T1=1023 T2= 872  P=  -1  D=  -1 
 X= 881 X2=1019  Y= 961 Y2=1019 P1=1023 P2=  -1 T1=1023 T2= 832  P=  -1  D=  -1 
 X= 809 X2=1023  Y= 969 Y2=1018 P1=1023 P2=  -1 T1=1019 T2= 839  P=  -1  D=  -1 
 X= 892 X2= 994  Y= 943 Y2=1023 P1=1023 P2=  -1 T1=1023 T2= 849  P=  -1  D=  -1 
 X= 704 X2=1023  Y= 965 Y2=1022 P1=1023 P2=  -1 T1=1023 T2= 855  P=  -1  D=  -1 
 X= 690 X2=1023  Y= 961 Y2=1018 P1=1023 P2=  -1 T1=1023 T2= 864  P=  -1  D=  -1 
 X= 875 X2=1023  Y= 964 Y2=1023 P1=1023 P2=  -1 T1=1023 T2= 849  P=  -1  D=  -1 
 X= 783 X2=1004  Y= 958 Y2=1023 P1=1023 P2=  -1 T1=1020 T2= 860  P=  -1  D=  -1 
 X= 889 X2=1016  Y= 946 Y2=1018 P1=1023 P2=  -1 T1=1023 T2= 826  P=  -1  D=  -1 
 X= 999 X2= 961  Y= 970 Y2=1018 P1=1023 P2=  -1 T1=1020 T2= 845  P=  -1  D=  -1 
 X=1023 X2= 949  Y= 951 Y2=1019 P1=1023 P2=  -1 T1=1023 T2= 812  P=  -1  D=  -1 
 X= 831 X2=1023  Y= 962 Y2=1018 P1=1023 P2=  -1 T1=1021 T2= 864  P=  -1  D=  -1 
 X= 865 X2=1023  Y= 975 Y2=1018 P1=1022 P2=  -1 T1=1021 T2= 856  P=  -1  D=  -1 
 X= 664 X2=1023  Y= 956 Y2=1020 P1=1023 P2=  -1 T1=1023 T2= 844  P=  -1  D=  -1 
 X= 635 X2=1023  Y= 974 Y2=1022 P1=1023 P2=  -1 T1=1023 T2= 856  P=  -1  D=  -1 
 X= 946 X2= 981  Y= 951 Y2=1023 P1=1023 P2=  -1 T1=1023 T2= 839  P=  -1  D=  -1 
 X= 814 X2=1003  Y= 947 Y2=1023 P1=1022 P2=  -1 T1=1023 T2= 841  P=  -1  D=  -1 
 X= 947 X2= 997  Y= 944 Y2=1019 P1=1023 P2=  -1 T1=1019 T2= 844  P=  -1  D=  -1 
 X=1023 X2= 941  Y= 957 Y2=1023 P1=1023 P2=  -1 T1=1019 T2= 846  P=  -1  D=  -1 
 X=1023 X2=1001  Y= 962 Y2=1023 P1=1023 P2=  -1 T1=1023 T2= 853  P=  -1  D=  -1 
 X= 683 X2=1023  Y= 964 Y2=1018 P1=1023 P2=  -1 T1=1023 T2= 867  P=  -1  D=  -1 
 X= 764 X2=1023  Y= 965 Y2=1019 P1=1023 P2=  -1 T1=1021 T2= 833  P=  -1  D=  -1 
 X= 833 X2=1008  Y= 949 Y2=1023 P1=1023 P2=  -1 T1=1021 T2= 854  P=  -1  D=  -1 
 X= 890 X2=1023  Y= 949 Y2=1020 P1=1022 P2=  -1 T1=1023 T2= 866  P=  -1  D=  -1 
 X= 860 X2=1023  Y= 959 Y2=1023 P1=1023 P2=  -1 T1=1021 T2= 867  P=  -1  D=  -1 
 X= 955 X2= 997  Y= 948 Y2=1023 P1=1023 P2=  -1 T1=1020 T2= 871  P=  -1  D=  -1 
 X= 958 X2= 990  Y= 942 Y2=1023 P1=1023 P2=  -1 T1=1023 T2= 845  P=  -1  D=  -1 
 X= 832 X2=1023  Y= 949 Y2=1018 P1=1023 P2=  -1 T1=1023 T2= 856  P=  -1  D=  -1 
 X= 892 X2=1021  Y= 949 Y2=1017 P1=1023 P2=  -1 T1=1023 T2= 842  P=  -1  D=  -1 
 X= 673 X2=1016  Y= 953 Y2=1019 P1=1023 P2=  -1 T1=1023 T2= 868  P=  -1  D=  -1 
 X= 721 X2=1023  Y= 956 Y2=1019 P1=1023 P2=  -1 T1=1019 T2= 858  P=  -1  D=  -1 
 X=1023 X2=1012  Y= 952 Y2=1023 P1=1023 P2=  -1 T1=1022 T2= 863  P=  -1  D=  -1 
 X= 702 X2=1023  Y= 947 Y2=1019 P1=1023 P2=  -1 T1=1022 T2= 862  P=  -1  D=  -1 
 X= 893 X2=1023  Y= 946 Y2=1023 P1=1023 P2=  -1 T1=1020 T2= 868  P=  -1  D=  -1 
 X=1023 X2= 986  Y= 950 Y2=1023 P1=1023 P2=  -1 T1=1020 T2= 860  P=  -1  D=  -1 
 X=1022 X2=1003  Y= 953 Y2=1018 P1=1023 P2=  -1 T1=1023 T2= 832  P=  -1  D=  -1 
 X= 748 X2=1018  Y= 968 Y2=1017 P1=1023 P2=  -1 T1=1023 T2= 844  P=  -1  D=  -1 
 X= 837 X2=1023  Y= 972 Y2=1017 P1=1023 P2=  -1 T1=1023 T2= 855  P=  -1  D=  -1 
 X= 862 X2=1022  Y= 962 Y2=1017 P1=1023 P2=  -1 T1=1023 T2= 850  P=  -1  D=  -1 
 X= 748 X2=1023  Y= 956 Y2=1018 P1=1023 P2=  -1 T1=1020 T2= 852  P=  -1  D=  -1 
 X= 714 X2=1023  Y= 938 Y2=1022 P1=1023 P2=  -1 T1=1021 T2= 879  P=  -1  D=  -1 
 X= 961 X2= 979  Y= 948 Y2=1017 P1=1023 P2=  -1 T1=1023 T2= 860  P=  -1  D=  -1 
 X= 846 X2=1011  Y= 963 Y2=1022 P1=1023 P2=  -1 T1=1019 T2= 905  P=  -1  D=  -1 
 X= 883 X2=1015  Y= 965 Y2=1018 P1=1023 P2=  -1 T1=1023 T2= 847  P=  -1  D=  -1 
 X=1023 X2= 992  Y= 958 Y2=1023 P1=1023 P2=  -1 T1=1020 T2= 823  P=  -1  D=  -1 
 X=1018 X2= 998  Y= 942 Y2=1023 P1=1023 P2=  -1 T1=1021 T2= 849  P=  -1  D=  -1 
 X= 867 X2=1021  Y= 956 Y2=1019 P1=1022 P2=  -1 T1=1023 T2= 865  P=  -1  D=  -1 
 X= 842 X2= 973  Y= 963 Y2=1017 P1=1023 P2=  -1 T1=1023 T2= 874  P=  -1  D=  -1 
 X= 747 X2=1023  Y= 958 Y2=1018 P1=1023 P2=  -1 T1=1020 T2= 855  P=  -1  D=  -1 
 X= 699 X2=1023  Y= 973 Y2=1023 P1=1023 P2=  -1 T1=1020 T2= 878  P=  -1  D=  -1 
 X= 953 X2= 992  Y= 942 Y2=1023 P1=1023 P2=  -1 T1=1020 T2= 841  P=  -1  D=  -1 
 X= 955 X2= 997  Y= 951 Y2=1023 P1=1023 P2=  -1 T1=1023 T2= 877  P=  -1  D=  -1 
 X= 764 X2=1006  Y= 945 Y2=1023 P1=1022 P2=  -1 T1=1020 T2= 846  P=  -1  D=  -1 
 X= 863 X2=1023  Y= 950 Y2=1022 P1=1023 P2=  -1 T1=1023 T2= 852  P=  -1  D=  -1 
 X= 988 X2= 950  Y= 948 Y2=1023 P1=1023 P2=  -1 T1=1022 T2= 865  P=  -1  D=  -1 
 X= 726 X2=1023  Y= 958 Y2=1023 P1=1023 P2=  -1 T1=1022 T2= 854  P=  -1  D=  -1 
 X=1023 X2= 994  Y= 945 Y2=1023 P1=1023 P2=  -1 T1=1021 T2= 878  P=  -1  D=  -1 
 X= 880 X2=1023  Y= 955 Y2=1022 P1=1023 P2=  -1 T1=1021 T2= 863  P=  -1  D=  -1 
 X= 658 X2=1023  Y= 969 Y2=1021 P1=1022 P2=  -1 T1=1020 T2= 859  P=  -1  D=  -1 
 X= 780 X2=1023  Y= 966 Y2=1019 P1=1023 P2=  -1 T1=1022 T2= 846  P=  -1  D=  -1 
 X= 867 X2=1011  Y= 958 Y2=1019 P1=1023 P2=  -1 T1=1023 T2= 850  P=  -1  D=  -1 
 X= 753 X2=1003  Y= 929 Y2=1021 P1=1023 P2=  -1 T1=1020 T2= 843  P=  -1  D=  -1 
 X= 862 X2=1023  Y= 971 Y2=1018 P1=1023 P2=  -1 T1=1023 T2= 886  P=  -1  D=  -1 
 X= 873 X2= 949  Y= 959 Y2=1022 P1=1023 P2=  -1 T1=1023 T2= 840  P=  -1  D=  -1 
 X= 678 X2=1023  Y= 953 Y2=1023 P1=1023 P2=  -1 T1=1020 T2= 872  P=  -1  D=  -1 
 X= 746 X2=1023  Y= 927 Y2=1023 P1=1023 P2=  -1 T1=1021 T2= 852  P=  -1  D=  -1 
 X= 874 X2=1022  Y= 959 Y2=1023 P1=1023 P2=  -1 T1=1019 T2= 834  P=  -1  D=  -1 
 X= 696 X2=1023  Y= 964 Y2=1023 P1=1023 P2=  -1 T1=1023 T2= 880  P=  -1  D=  -1 
 X= 678 X2=1023  Y= 960 Y2=1023 P1=1023 P2=  -1 T1=1020 T2= 865  P=  -1  D=  -1 
 X= 954 X2= 983  Y= 951 Y2=1023 P1=1023 P2=  -1 T1=1019 T2= 851  P=  -1  D=  -1 
 X= 959 X2= 993  Y= 946 Y2=1021 P1=1023 P2=  -1 T1=1020 T2= 875  P=  -1  D=  -1 
 X= 868 X2=1023  Y= 966 Y2=1017 P1=1023 P2=  -1 T1=1023 T2= 849  P=  -1  D=  -1 
 X= 858 X2=1023  Y= 947 Y2=1017 P1=1023 P2=  -1 T1=1023 T2= 859  P=  -1  D=  -1 
 X=1023 X2= 994  Y= 945 Y2=1018 P1=1023 P2=  -1 T1=1023 T2= 847  P=  -1  D=  -1 
 X= 812 X2=1023  Y= 959 Y2=1023 P1=1023 P2=  -1 T1=1020 T2= 851  P=  -1  D=  -1 
 X= 761 X2=1023  Y= 962 Y2=1018 P1=1023 P2=  -1 T1=1021 T2= 844  P=  -1  D=  -1 
 X= 739 X2=1002  Y= 944 Y2=1023 P1=1023 P2=  -1 T1=1021 T2= 863  P=  -1  D=  -1 
 X= 874 X2=1023  Y= 941 Y2=1021 P1=1023 P2=  -1 T1=1023 T2= 847  P=  -1  D=  -1 
 X= 871 X2= 949  Y= 961 Y2=1017 P1=1023 P2=  -1 T1=1021 T2= 855  P=  -1  D=  -1 
 X=1000 X2= 952  Y= 952 Y2=1018 P1=1023 P2=  -1 T1=1023 T2= 850  P=  -1  D=  -1 
 X= 953 X2= 985  Y= 954 Y2=1023 P1=1023 P2=  -1 T1=1023 T2= 855  P=  -1  D=  -1 
 X= 959 X2=1010  Y= 956 Y2=1023 P1=1023 P2=  -1 T1=1021 T2= 835  P=  -1  D=  -1 
 X=1023 X2= 961  Y= 954 Y2=1019 P1=1023 P2=  -1 T1=1021 T2= 864  P=  -1  D=  -1 
 X= 621 X2=1023  Y= 961 Y2=1023 P1=1023 P2=  -1 T1=1020 T2= 831  P=  -1  D=  -1 
 X=1006 X2= 961  Y=1018 Y2=1019 P1=1023 P2=  -1 T1=1022 T2=1023  P=  -1  D=  -1 
 X= 730 X2=1023  Y= 965 Y2=1017 P1=1023 P2=  -1 T1=1021 T2= 854  P=  -1  D=  -1 
 X= 684 X2=1023  Y= 957 Y2=1023 P1=1023 P2=  -1 T1=1023 T2= 830  P=  -1  D=  -1 
 X= 598 X2=1023  Y= 963 Y2=1020 P1=1023 P2=  -1 T1=1023 T2= 865  P=  -1  D=  -1 
 X= 800 X2=1001  Y= 931 Y2=1023 P1=1023 P2=  -1 T1=1020 T2= 872  P=  -1  D=  -1 
 X= 951 X2= 999  Y= 954 Y2=1020 P1=1019 P2=  -1 T1=1022 T2= 877  P=  -1  D=  -1 
 X= 785 X2=1023  Y= 972 Y2=1023 P1=1023 P2=  -1 T1=1020 T2= 872  P=  -1  D=  -1 
 X= 853 X2=1023  Y= 969 Y2=1023 P1=1023 P2=  -1 T1=1023 T2= 851  P=  -1  D=  -1 
 X= 875 X2=1023  Y= 944 Y2=1023 P1=1023 P2=  -1 T1=1023 T2= 858  P=  -1  D=  -1 
 X= 641 X2=1023  Y= 955 Y2=1019 P1=1023 P2=  -1 T1=1023 T2= 852  P=  -1  D=  -1 
 X= 709 X2=1023  Y= 955 Y2=1023 P1=1023 P2=  -1 T1=1023 T2= 845  P=  -1  D=  -1 
 X= 816 X2=1023  Y= 952 Y2=1023 P1=1023 P2=  -1 T1=1022 T2= 864  P=  -1  D=  -1 
 X= 835 X2=1011  Y= 969 Y2=1023 P1=1023 P2=  -1 T1=1023 T2= 862  P=  -1  D=  -1 
 X= 898 X2= 949  Y= 958 Y2=1020 P1=1023 P2=  -1 T1=1023 T2= 873  P=  -1  D=  -1 
 X=1023 X2= 985  Y= 955 Y2=1023 P1=1023 P2=  -1 T1=1023 T2= 869  P=  -1  D=  -1 
 X= 713 X2=1023  Y= 964 Y2=1023 P1=1023 P2=  -1 T1=1022 T2= 842  P=  -1  D=  -1 
 X= 758 X2=1023  Y= 943 Y2=1017 P1=1023 P2=  -1 T1=1019 T2= 846  P=  -1  D=  -1 
 X= 879 X2= 949  Y= 959 Y2=1017 P1=1023 P2=  -1 T1=1022 T2= 828  P=  -1  D=  -1 
 X= 760 X2=1023  Y= 975 Y2=1019 P1=1023 P2=  -1 T1=1020 T2= 855  P=  -1  D=  -1 
 X= 666 X2=1023  Y= 969 Y2=1019 P1=1023 P2=  -1 T1=1020 T2= 855  P=  -1  D=  -1 
 X= 668 X2=1023  Y= 971 Y2=1019 P1=1023 P2=  -1 T1=1023 T2= 846  P=  -1  D=  -1 
 X= 762 X2=1010  Y= 946 Y2=1020 P1=1023 P2=  -1 T1=1022 T2= 862  P=  -1  D=  -1 
 X=1023 X2=1008  Y= 961 Y2=1020 P1=1023 P2=  -1 T1=1020 T2= 892  P=  -1  D=  -1 
 X=1021 X2= 999  Y= 962 Y2=1023 P1=1023 P2=  -1 T1=1022 T2= 854  P=  -1  D=  -1 
 X=1001 X2= 959  Y= 936 Y2=1022 P1=1023 P2=  -1 T1=1022 T2= 831  P=  -1  D=  -1 
 X= 907 X2= 968  Y= 961 Y2=1023 P1=1023 P2=  -1 T1=1020 T2= 869  P=  -1  D=  -1 
 X= 872 X2=1021  Y= 955 Y2=1023 P1=1023 P2=  -1 T1=1023 T2= 859  P=  -1  D=  -1 
 X= 783 X2=1009  Y= 966 Y2=1023 P1=1023 P2=  -1 T1=1020 T2= 868  P=  -1  D=  -1 
 X= 641 X2=1023  Y= 970 Y2=1023 P1=1023 P2=  -1 T1=1023 T2= 848  P=  -1  D=  -1 
 X= 846 X2=1023  Y= 974 Y2=1017 P1=1023 P2=  -1 T1=1021 T2= 850  P=  -1  D=  -1 
 X= 675 X2=1023  Y= 954 Y2=1019 P1=1023 P2=  -1 T1=1020 T2= 842  P=  -1  D=  -1 
 X= 866 X2=1018  Y= 961 Y2=1015 P1=1023 P2=  -1 T1=1023 T2= 869  P=  -1  D=  -1 
 X= 786 X2=1012  Y= 958 Y2=1022 P1=1023 P2=  -1 T1=1022 T2= 871  P=  -1  D=  -1 
 X= 943 X2= 996  Y= 942 Y2=1023 P1=1023 P2=  -1 T1=1020 T2= 874  P=  -1  D=  -1 
 X= 669 X2=1023  Y= 954 Y2=1023 P1=1023 P2=  -1 T1=1022 T2= 864  P=  -1  D=  -1 
 X= 837 X2=1023  Y= 951 Y2=1020 P1=1023 P2=  -1 T1=1020 T2= 829  P=  -1  D=  -1 
 X= 759 X2=1005  Y= 952 Y2=1023 P1=1023 P2=  -1 T1=1020 T2= 849  P=  -1  D=  -1 
 X= 876 X2=1023  Y= 956 Y2=1019 P1=1023 P2=  -1 T1=1023 T2= 881  P=  -1  D=  -1 
 X= 874 X2= 995  Y= 934 Y2=1021 P1=1023 P2=  -1 T1=1022 T2= 840  P=  -1  D=  -1 
 X= 745 X2=1004  Y= 948 Y2=1019 P1=1023 P2=  -1 T1=1019 T2= 865  P=  -1  D=  -1 
 X= 756 X2=1002  Y= 954 Y2=1023 P1=1023 P2=  -1 T1=1020 T2= 857  P=  -1  D=  -1 
 X= 877 X2=1022  Y= 962 Y2=1021 P1=1023 P2=  -1 T1=1023 T2= 857  P=  -1  D=  -1 
 X=1023 X2= 984  Y= 972 Y2=1021 P1=1023 P2=  -1 T1=1021 T2= 852  P=  -1  D=  -1 
 X= 709 X2=1023  Y= 974 Y2=1019 P1=1023 P2=  -1 T1=1023 T2= 873  P=  -1  D=  -1 
 X= 737 X2=1023  Y= 968 Y2=1018 P1=1023 P2=  -1 T1=1023 T2= 873  P=  -1  D=  -1 
 X= 974 X2=1004  Y= 954 Y2=1023 P1=1023 P2=  -1 T1=1022 T2= 873  P=  -1  D=  -1 
 X= 632 X2=1023  Y= 962 Y2=1012 P1=1023 P2=  -1 T1=1023 T2= 854  P=  -1  D=  -1 
 X= 696 X2=1023  Y= 966 Y2=1018 P1=1023 P2=  -1 T1=1023 T2= 925  P=  -1  D=  -1 
 X=1014 X2= 952  Y= 953 Y2=1023 P1=1023 P2=  -1 T1=1020 T2= 866  P=  -1  D=  -1 
 X= 958 X2= 995  Y= 953 Y2=1022 P1=1023 P2=  -1 T1=1023 T2= 853  P=  -1  D=  -1 
 X= 730 X2=1023  Y= 958 Y2=1018 P1=1023 P2=  -1 T1=1023 T2= 835  P=  -1  D=  -1 
 X= 873 X2=1023  Y= 952 Y2=1020 P1=1023 P2=  -1 T1=1023 T2= 837  P=  -1  D=  -1 
 X= 633 X2=1023  Y= 948 Y2=1020 P1=1023 P2=  -1 T1=1021 T2= 855  P=  -1  D=  -1 
 X= 778 X2=1023  Y= 952 Y2=1017 P1=1023 P2=  -1 T1=1019 T2= 875  P=  -1  D=  -1 
 X= 743 X2=1023  Y= 953 Y2=1017 P1=1023 P2=  -1 T1=1022 T2= 842  P=  -1  D=  -1 
 X= 736 X2=1003  Y= 946 Y2=1023 P1=1023 P2=  -1 T1=1018 T2= 842  P=  -1  D=  -1 
 X= 855 X2=1014  Y= 960 Y2=1021 P1=1023 P2=  -1 T1=1023 T2= 893  P=  -1  D=  -1 
 X= 871 X2=1021  Y= 962 Y2=1018 P1=1023 P2=  -1 T1=1020 T2= 841  P=  -1  D=  -1 
 X=1013 X2= 994  Y= 947 Y2=1019 P1=1021 P2=  -1 T1=1020 T2= 854  P=  -1  D=  -1 
 X= 733 X2=1023  Y= 958 Y2=1018 P1=1023 P2=  -1 T1=1023 T2= 866  P=  -1  D=  -1 
 X= 898 X2= 972  Y= 962 Y2=1023 P1=1023 P2=  -1 T1=1022 T2= 876  P=  -1  D=  -1 
 X= 876 X2= 963  Y= 962 Y2=1020 P1=1023 P2=  -1 T1=1023 T2= 871  P=  -1  D=  -1 
 X= 814 X2=1023  Y= 943 Y2=1023 P1=1023 P2=  -1 T1=1021 T2= 865  P=  -1  D=  -1 
 X= 732 X2=1023  Y= 971 Y2=1018 P1=1023 P2=  -1 T1=1022 T2= 867  P=  -1  D=  -1 
 X=1023 X2= 978  Y= 965 Y2=1022 P1=1023 P2=  -1 T1=1023 T2= 859  P=  -1  D=  -1 
 X= 769 X2=1023  Y= 951 Y2=1019 P1=1023 P2=  -1 T1=1020 T2= 873  P=  -1  D=  -1 
 X= 859 X2=1016  Y= 965 Y2=1023 P1=1023 P2=  -1 T1=1023 T2= 866  P=  -1  D=  -1 
 X= 751 X2=1002  Y= 963 Y2=1023 P1=1023 P2=  -1 T1=1023 T2= 865  P=  -1  D=  -1 
 X=1001 X2= 953  Y= 966 Y2=1022 P1=1023 P2=  -1 T1=1023 T2= 883  P=  -1  D=  -1 
 X= 719 X2=1023  Y= 974 Y2=1018 P1=1023 P2=  -1 T1=1021 T2= 863  P=  -1  D=  -1 
 X= 960 X2= 996  Y= 945 Y2=1023 P1=1023 P2=  -1 T1=1020 T2= 876  P=  -1  D=  -1 
 X= 732 X2=1023  Y= 952 Y2=1023 P1=1023 P2=  -1 T1=1020 T2= 815  P=  -1  D=  -1 
 X= 860 X2= 996  Y= 991 Y2=1023 P1=1023 P2=  -1 T1=1023 T2= 831  P=  -1  D=  -1 
 X= 995 X2= 989  Y= 953 Y2=1023 P1=1023 P2=  -1 T1=1023 T2= 858  P=  -1  D=  -1 
 X= 713 X2=1023  Y= 969 Y2=1020 P1=1023 P2=  -1 T1=1022 T2= 862  P=  -1  D=  -1 
 X= 805 X2=1010  Y= 958 Y2=1023 P1=1023 P2=  -1 T1=1021 T2= 855  P=  -1  D=  -1 
 X= 862 X2=1020  Y= 963 Y2=1019 P1=1023 P2=  -1 T1=1023 T2= 852  P=  -1  D=  -1 
 X=1023 X2= 992  Y= 949 Y2=1018 P1=1023 P2=  -1 T1=1019 T2= 826  P=  -1  D=  -1 
 X= 750 X2=1023  Y= 960 Y2=1020 P1=1023 P2=  -1 T1=1020 T2= 864  P=  -1  D=  -1 
 X= 842 X2=1023  Y= 962 Y2=1018 P1=1023 P2=  -1 T1=1023 T2= 840  P=  -1  D=  -1 
 X= 941 X2= 990  Y= 944 Y2=1019 P1=1023 P2=  -1 T1=1020 T2= 870  P=  -1  D=  -1 
 X= 763 X2=1023  Y= 950 Y2=1019 P1=1023 P2=  -1 T1=1023 T2= 857  P=  -1  D=  -1 
 X= 672 X2=1023  Y= 940 Y2=1020 P1=1023 P2=  -1 T1=1023 T2= 848  P=  -1  D=  -1 
 X= 992 X2= 960  Y= 949 Y2=1018 P1=1023 P2=  -1 T1=1023 T2= 852  P=  -1  D=  -1 
 X= 894 X2= 997  Y= 939 Y2=1022 P1=1023 P2=  -1 T1=1023 T2= 830  P=  -1  D=  -1 
 X= 878 X2=1023  Y= 964 Y2=1021 P1=1023 P2=  -1 T1=1023 T2= 878  P=  -1  D=  -1 
 X= 878 X2= 945  Y= 957 Y2=1023 P1=1023 P2=  -1 T1=1021 T2= 824  P=  -1  D=  -1 
 X= 611 X2=1023  Y= 956 Y2=1023 P1=1023 P2=  -1 T1=1021 T2= 873  P=  -1  D=  -1 
 X= 893 X2=1023  Y= 961 Y2=1023 P1=1023 P2=  -1 T1=1023 T2= 862  P=  -1  D=  -1 
 X= 861 X2=1022  Y= 949 Y2=1022 P1=1023 P2=  -1 T1=1023 T2= 843  P=  -1  D=  -1 
 X= 794 X2=1009  Y= 961 Y2=1020 P1=1023 P2=  -1 T1=1023 T2= 848  P=  -1  D=  -1 
 X= 887 X2=1023  Y= 948 Y2=1020 P1=1023 P2=  -1 T1=1021 T2= 844  P=  -1  D=  -1 
 X=1023 X2= 976  Y= 959 Y2=1019 P1=1023 P2=  -1 T1=1023 T2= 833  P=  -1  D=  -1 
 X= 959 X2= 993  Y= 954 Y2=1023 P1=1023 P2=  -1 T1=1023 T2= 877  P=  -1  D=  -1 
 X= 758 X2=1023  Y= 962 Y2=1019 P1=1023 P2=  -1 T1=1023 T2= 860  P=  -1  D=  -1 
 X=1009 X2= 953  Y= 946 Y2=1023 P1=1023 P2=  -1 T1=1019 T2= 853  P=  -1  D=  -1 
 X=1023 X2= 986  Y= 960 Y2=1023 P1=1023 P2=  -1 T1=1022 T2= 854  P=  -1  D=  -1 
 X= 728 X2= 987  Y= 963 Y2=1023 P1=1023 P2=  -1 T1=1020 T2= 920  P=  -1  D=  -1 
 X= 725 X2=1023  Y= 956 Y2=1023 P1=1023 P2=  -1 T1=1022 T2= 837  P=  -1  D=  -1 
 X= 913 X2=1004  Y= 952 Y2=1022 P1=1023 P2=  -1 T1=1020 T2= 864  P=  -1  D=  -1 
 X= 822 X2=1007  Y= 948 Y2=1020 P1=1023 P2=  -1 T1=1020 T2= 857  P=  -1  D=  -1 
 X=1014 X2= 973  Y=1019 Y2=1022 P1=1023 P2=  -1 T1=1022 T2=1002  P=  -1  D=  -1 
 X= 844 X2=1023  Y= 970 Y2=1023 P1=1023 P2=  -1 T1=1023 T2= 864  P=  -1  D=  -1 
 X= 851 X2=1023  Y= 960 Y2=1023 P1=1023 P2=  -1 T1=1023 T2= 848  P=  -1  D=  -1 
 X= 847 X2= 938  Y= 959 Y2=1019 P1=1022 P2=  -1 T1=1022 T2= 860  P=  -1  D=  -1 
 X= 874 X2= 957  Y= 967 Y2=1016 P1=1023 P2=  -1 T1=1023 T2= 848  P=  -1  D=  -1 
 X= 638 X2=1023  Y= 957 Y2=1020 P1=1023 P2=  -1 T1=1021 T2= 910  P=  -1  D=  -1 
 X= 748 X2=1023  Y= 952 Y2=1018 P1=1023 P2=  -1 T1=1019 T2= 864  P=  -1  D=  -1 
 X= 962 X2= 983  Y= 969 Y2=1023 P1=1023 P2=  -1 T1=1023 T2= 834  P=  -1  D=  -1 
 X= 649 X2=1023  Y= 960 Y2=1020 P1=1023 P2=  -1 T1=1023 T2= 864  P=  -1  D=  -1 
 X= 878 X2=1023  Y= 952 Y2=1023 P1=1023 P2=  -1 T1=1021 T2= 884  P=  -1  D=  -1 
 X=1023 X2= 993  Y= 955 Y2=1022 P1=1023 P2=  -1 T1=1019 T2= 831  P=  -1  D=  -1 
 X=1009 X2= 961  Y= 949 Y2=1021 P1=1023 P2=  -1 T1=1020 T2= 854  P=  -1  D=  -1 
 X= 700 X2=1023  Y= 955 Y2=1020 P1=1023 P2=  -1 T1=1023 T2= 826  P=  -1  D=  -1 
 X= 890 X2=1023  Y= 952 Y2=1022 P1=1023 P2=  -1 T1=1023 T2= 878  P=  -1  D=  -1 
 X= 850 X2=1009  Y= 942 Y2=1023 P1=1023 P2=  -1 T1=1021 T2= 842  P=  -1  D=  -1 
 X= 759 X2=1023  Y= 955 Y2=1019 P1=1023 P2=  -1 T1=1023 T2= 863  P=  -1  D=  -1 
 X= 626 X2=1023  Y= 960 Y2=1023 P1=1023 P2=  -1 T1=1021 T2= 827  P=  -1  D=  -1 
 X= 958 X2= 984  Y= 946 Y2=1018 P1=1023 P2=  -1 T1=1021 T2= 846  P=  -1  D=  -1 
 X= 756 X2=1010  Y= 952 Y2=1023 P1=1023 P2=  -1 T1=1019 T2= 846  P=  -1  D=  -1 
 X= 885 X2= 952  Y= 949 Y2=1020 P1=1023 P2=  -1 T1=1023 T2= 830  P=  -1  D=  -1 
 X= 891 X2=1023  Y= 952 Y2=1023 P1=1023 P2=  -1 T1=1020 T2= 861  P=  -1  D=  -1 
 X= 885 X2=1007  Y= 954 Y2=1020 P1=1023 P2=  -1 T1=1023 T2= 880  P=  -1  D=  -1 
 X=1023 X2= 982  Y= 957 Y2=1020 P1=1023 P2=  -1 T1=1023 T2= 853  P=  -1  D=  -1 
 X=1000 X2= 985  Y= 946 Y2=1020 P1=1023 P2=  -1 T1=1021 T2= 846  P=  -1  D=  -1 
 X= 876 X2=1023  Y= 959 Y2=1023 P1=1023 P2=  -1 T1=1020 T2= 857  P=  -1  D=  -1 
 X= 635 X2=1023  Y= 963 Y2=1020 P1=1023 P2=  -1 T1=1023 T2= 875  P=  -1  D=  -1 
 X=1010 X2= 994  Y= 953 Y2=1023 P1=1023 P2=  -1 T1=1021 T2= 863  P=  -1  D=  -1 
 X= 746 X2=1010  Y= 938 Y2=1023 P1=1023 P2=  -1 T1=1019 T2= 860  P=  -1  D=  -1 
 X= 875 X2=1023  Y= 961 Y2=1018 P1=1023 P2=  -1 T1=1023 T2= 835  P=  -1  D=  -1 
 X=1006 X2=1023  Y= 978 Y2=1018 P1=1023 P2=  -1 T1=1023 T2= 878  P=  -1  D=  -1 
 X= 772 X2=1009  Y= 946 Y2=1019 P1=1023 P2=  -1 T1=1023 T2= 869  P=  -1  D=  -1 
 X=1023 X2= 999  Y= 955 Y2=1019 P1=1023 P2=  -1 T1=1022 T2= 859  P=  -1  D=  -1 
 X= 872 X2= 976  Y= 952 Y2=1020 P1=1023 P2=  -1 T1=1023 T2= 845  P=  -1  D=  -1 
 X= 814 X2=1007  Y= 955 Y2=1023 P1=1023 P2=  -1 T1=1021 T2= 850  P=  -1  D=  -1 
 X= 690 X2=1023  Y= 952 Y2=1023 P1=1023 P2=  -1 T1=1023 T2= 863  P=  -1  D=  -1 
 X=1023 X2= 983  Y= 972 Y2=1023 P1=1023 P2=  -1 T1=1020 T2= 839  P=  -1  D=  -1 
 X= 859 X2=1010  Y= 962 Y2=1023 P1=1023 P2=  -1 T1=1020 T2= 839  P=  -1  D=  -1 
 X= 942 X2= 997  Y= 942 Y2=1023 P1=1023 P2=  -1 T1=1020 T2= 842  P=  -1  D=  -1 
 X= 891 X2= 971  Y= 960 Y2=1020 P1=1023 P2=  -1 T1=1021 T2= 841  P=  -1  D=  -1 
 X=1023 X2= 987  Y= 949 Y2=1018 P1=1023 P2=  -1 T1=1023 T2= 869  P=  -1  D=  -1 
 X= 615 X2=1023  Y= 955 Y2=1020 P1=1023 P2=  -1 T1=1023 T2= 867  P=  -1  D=  -1 
 X= 759 X2=1023  Y= 954 Y2=1018 P1=1023 P2=  -1 T1=1019 T2= 832  P=  -1  D=  -1 
 X= 766 X2=1004  Y= 964 Y2=1023 P1=1023 P2=  -1 T1=1023 T2= 832  P=  -1  D=  -1 
 X= 754 X2=1023  Y= 954 Y2=1017 P1=1023 P2=  -1 T1=1023 T2= 863  P=  -1  D=  -1 
 X= 632 X2=1023  Y= 954 Y2=1022 P1=1023 P2=  -1 T1=1020 T2= 865  P=  -1  D=  -1 
 X= 989 X2= 979  Y= 946 Y2=1021 P1=1023 P2=  -1 T1=1023 T2= 851  P=  -1  D=  -1 
 X= 725 X2=1023  Y= 964 Y2=1023 P1=1023 P2=  -1 T1=1020 T2= 886  P=  -1  D=  -1 
 X= 845 X2=1023  Y= 960 Y2=1018 P1=1023 P2=  -1 T1=1023 T2= 855  P=  -1  D=  -1 
 X= 861 X2= 938  Y= 956 Y2=1020 P1=1023 P2=  -1 T1=1023 T2= 873  P=  -1  D=  -1 
 X= 565 X2=1023  Y= 941 Y2=1023 P1=1023 P2=  -1 T1=1020 T2= 874  P=  -1  D=  -1 
 X= 765 X2=1023  Y= 968 Y2=1023 P1=1023 P2=  -1 T1=1023 T2= 874  P=  -1  D=  -1 
 X= 887 X2=1019  Y= 944 Y2=1023 P1=1023 P2=  -1 T1=1021 T2= 849  P=  -1  D=  -1 
 X= 744 X2=1003  Y= 951 Y2=1020 P1=1023 P2=  -1 T1=1023 T2= 864  P=  -1  D=  -1 
 X= 775 X2=1023  Y= 954 Y2=1023 P1=1023 P2=  -1 T1=1023 T2= 871  P=  -1  D=  -1 
 X=1010 X2= 952  Y= 945 Y2=1023 P1=1023 P2=  -1 T1=1019 T2= 875  P=  -1  D=  -1 
 X=1007 X2= 954  Y= 957 Y2=1018 P1=1023 P2=  -1 T1=1023 T2= 878  P=  -1  D=  -1 
 X= 764 X2=1023  Y= 948 Y2=1018 P1=1023 P2=  -1 T1=1019 T2= 849  P=  -1  D=  -1 
 X=1021 X2=1004  Y= 959 Y2=1022 P1=1023 P2=  -1 T1=1023 T2= 863  P=  -1  D=  -1 
 X= 865 X2=1023  Y= 949 Y2=1023 P1=1023 P2=  -1 T1=1023 T2= 873  P=  -1  D=  -1 
 X= 713 X2=1023  Y= 948 Y2=1016 P1=1023 P2=  -1 T1=1019 T2= 882  P=  -1  D=  -1 
 X= 701 X2=1023  Y= 965 Y2=1020 P1=1023 P2=  -1 T1=1019 T2= 874  P=  -1  D=  -1 
 X= 956 X2= 991  Y= 955 Y2=1018 P1=1023 P2=  -1 T1=1020 T2= 868  P=  -1  D=  -1 
 X= 756 X2=1006  Y= 960 Y2=1023 P1=1023 P2=  -1 T1=1020 T2= 889  P=  -1  D=  -1 
 X= 886 X2=1021  Y= 954 Y2=1023 P1=1023 P2=  -1 T1=1023 T2= 844  P=  -1  D=  -1 
 X=1023 X2=1011  Y= 951 Y2=1022 P1=1023 P2=  -1 T1=1020 T2= 868  P=  -1  D=  -1 
 X=1023 X2= 973  Y= 972 Y2=1023 P1=1023 P2=  -1 T1=1023 T2= 868  P=  -1  D=  -1 
 X= 868 X2=1023  Y= 957 Y2=1018 P1=1023 P2=  -1 T1=1023 T2= 828  P=  -1  D=  -1 
 X=1023 X2= 986  Y= 943 Y2=1018 P1=1023 P2=  -1 T1=1023 T2= 870  P=  -1  D=  -1 
 X= 756 X2=1023  Y= 962 Y2=1018 P1=1023 P2=  -1 T1=1023 T2= 866  P=  -1  D=  -1 
 X= 604 X2=1023  Y= 959 Y2=1019 P1=1023 P2=  -1 T1=1023 T2= 845  P=  -1  D=  -1 
 X=1003 X2= 944  Y= 952 Y2=1023 P1=1023 P2=  -1 T1=1023 T2= 857  P=  -1  D=  -1 
 X=1023 X2= 994  Y= 965 Y2=1020 P1=1023 P2=  -1 T1=1023 T2= 829  P=  -1  D=  -1 
 X=1023 X2= 981  Y= 952 Y2=1019 P1=1023 P2=  -1 T1=1020 T2= 858  P=  -1  D=  -1 
 X=1023 X2= 983  Y= 950 Y2=1019 P1=1023 P2=  -1 T1=1020 T2= 856  P=  -1  D=  -1 
 X= 988 X2= 975  Y= 956 Y2=1022 P1=1023 P2=  -1 T1=1023 T2= 858  P=  -1  D=  -1 
 X= 715 X2=1023  Y= 970 Y2=1018 P1=1023 P2=  -1 T1=1022 T2= 876  P=  -1  D=  -1 
 X= 832 X2=1023  Y= 963 Y2=1018 P1=1023 P2=  -1 T1=1023 T2= 845  P=  -1  D=  -1 
 X= 826 X2=1010  Y= 955 Y2=1023 P1=1023 P2=  -1 T1=1023 T2= 876  P=  -1  D=  -1 
 X= 803 X2=1023  Y= 953 Y2=1018 P1=1023 P2=  -1 T1=1023 T2= 876  P=  -1  D=  -1 
 X= 989 X2= 949  Y= 963 Y2=1023 P1=1023 P2=  -1 T1=1022 T2= 838  P=  -1  D=  -1 
 X= 969 X2= 991  Y= 930 Y2=1019 P1=1023 P2=  -1 T1=1023 T2= 864  P=  -1  D=  -1 
 X= 852 X2= 995  Y= 943 Y2=1020 P1=1023 P2=  -1 T1=1022 T2= 844  P=  -1  D=  -1 
 X= 847 X2=1023  Y= 966 Y2=1019 P1=1023 P2=  -1 T1=1023 T2= 857  P=  -1  D=  -1 
 X=1023 X2= 988  Y= 942 Y2=1019 P1=1023 P2=  -1 T1=1020 T2= 831  P=  -1  D=  -1 
 X= 693 X2=1023  Y= 961 Y2=1020 P1=1023 P2=  -1 T1=1023 T2= 877  P=  -1  D=  -1 
 X= 845 X2=1023  Y= 966 Y2=1018 P1=1023 P2=  -1 T1=1023 T2= 862  P=  -1  D=  -1 
 X= 763 X2=1008  Y= 927 Y2=1023 P1=1023 P2=  -1 T1=1020 T2= 872  P=  -1  D=  -1 
 X= 861 X2=1023  Y= 956 Y2=1019 P1=1023 P2=  -1 T1=1023 T2= 897  P=  -1  D=  -1 
 X= 708 X2=1023  Y= 964 Y2=1023 P1=1023 P2=  -1 T1=1023 T2= 857  P=  -1  D=  -1 
 X=1023 X2= 981  Y= 950 Y2=1019 P1=1023 P2=  -1 T1=1019 T2= 856  P=  -1  D=  -1 
 X= 959 X2= 976  Y= 945 Y2=1021 P1=1023 P2=  -1 T1=1023 T2= 862  P=  -1  D=  -1 
 X= 866 X2=1023  Y= 956 Y2=1018 P1=1023 P2=  -1 T1=1023 T2= 845  P=  -1  D=  -1 
 X=1014 X2= 938  Y= 955 Y2=1022 P1=1022 P2=  -1 T1=1023 T2= 841  P=  -1  D=  -1 
 X= 678 X2=1015  Y= 970 Y2=1019 P1=1023 P2=  -1 T1=1021 T2= 840  P=  -1  D=  -1 
 X= 729 X2=1023  Y= 956 Y2=1023 P1=1023 P2=  -1 T1=1021 T2= 850  P=  -1  D=  -1 
 X= 742 X2=1023  Y= 966 Y2=1019 P1=1023 P2=  -1 T1=1023 T2= 869  P=  -1  D=  -1 
 X= 594 X2=1023  Y= 969 Y2=1023 P1=1023 P2=  -1 T1=1023 T2= 872  P=  -1  D=  -1 
 X= 881 X2=1023  Y= 954 Y2=1020 P1=1023 P2=  -1 T1=1023 T2= 855  P=  -1  D=  -1 
 X=1023 X2= 988  Y= 954 Y2=1023 P1=1023 P2=  -1 T1=1019 T2= 856  P=  -1  D=  -1 
 X= 795 X2=1010  Y= 956 Y2=1022 P1=1023 P2=  -1 T1=1019 T2= 843  P=  -1  D=  -1 
 X= 764 X2=1023  Y= 952 Y2=1020 P1=1023 P2=  -1 T1=1021 T2= 838  P=  -1  D=  -1 
 X= 994 X2=1023  Y=1018 Y2=1020 P1=1023 P2=  -1 T1=1023 T2= 994  P=  -1  D=  -1 
 X= 760 X2=1023  Y= 970 Y2=1021 P1=1023 P2=  -1 T1=1019 T2= 865  P=  -1  D=  -1 
 X= 763 X2=1023  Y= 970 Y2=1019 P1=1023 P2=  -1 T1=1020 T2= 840  P=  -1  D=  -1 
 X= 805 X2=1022  Y= 959 Y2=1018 P1=1023 P2=  -1 T1=1023 T2= 850  P=  -1  D=  -1 
 X= 952 X2= 995  Y= 948 Y2=1023 P1=1023 P2=  -1 T1=1019 T2= 826  P=  -1  D=  -1 
 X= 669 X2=1023  Y= 959 Y2=1017 P1=1023 P2=  -1 T1=1023 T2= 846  P=  -1  D=  -1 
 X=1023 X2= 988  Y= 952 Y2=1023 P1=1023 P2=  -1 T1=1023 T2= 861  P=  -1  D=  -1 
 X=1021 X2= 981  Y= 950 Y2=1023 P1=1022 P2=  -1 T1=1020 T2= 846  P=  -1  D=  -1 
 X= 979 X2= 953  Y= 949 Y2=1023 P1=1023 P2=  -1 T1=1020 T2= 852  P=  -1  D=  -1 
 X= 724 X2=1023  Y= 956 Y2=1023 P1=1023 P2=  -1 T1=1023 T2= 869  P=  -1  D=  -1 
 X= 864 X2=1022  Y= 961 Y2=1017 P1=1023 P2=  -1 T1=1020 T2= 863  P=  -1  D=  -1 
 X= 826 X2=1007  Y= 951 Y2=1023 P1=1023 P2=  -1 T1=1021 T2= 844  P=  -1  D=  -1 
 X= 792 X2=1023  Y= 969 Y2=1017 P1=1023 P2=  -1 T1=1022 T2= 864  P=  -1  D=  -1 
 X= 522 X2= 521  Y= 522 Y2= 522 P1= 820 P2= 368 T1=  16 T2=  17  P= 639  D=  -1 * 0
 X= 533 X2= 541  Y= 551 Y2= 580 P1= 874 P2= 278 T1=  19 T2=  26  P= 639  D=  -1 * 0
 X= 522 X2= 526  Y= 524 Y2= 520 P1= 825 P2= 363 T1=  19 T2=  17  P= 666  D=  -1 * 0
 X= 522 X2= 522  Y= 523 Y2= 522 P1= 823 P2= 362 T1=  17 T2=  18  P= 664  D=  -1 * 0
 X= 521 X2= 522  Y= 523 Y2= 524 P1= 819 P2= 368 T1=  17 T2=  18  P= 638  D=  -1 * 1
 X= 522 X2= 522  Y= 523 Y2= 522 P1= 820 P2= 368 T1=  18 T2=  17  P= 641  D=  -1 * 2
 X= 521 X2= 522  Y= 523 Y2= 522 P1= 819 P2= 370 T1=  15 T2=  17  P= 631  D=  -1 * 3
 X= 522 X2= 522  Y= 521 Y2= 522 P1= 817 P2= 373 T1=  16 T2=  16  P= 621  D=  -1 * 4
 X= 521 X2= 521  Y= 525 Y2= 522 P1= 817 P2= 375 T1=  16 T2=  16  P= 613  D=  -1 * 5
 X= 522 X2= 521  Y= 522 Y2= 521 P1= 814 P2= 378 T1=  16 T2=  16  P= 600  D=  -1 * 6
 X= 521 X2= 522  Y= 522 Y2= 522 P1= 815 P2= 378 T1=  16 T2=  15  P= 602  D=  -1 * 7
 X= 522 X2= 522  Y= 524 Y2= 522 P1= 814 P2= 378 T1=  18 T2=  16  P= 601  D=  -1 * 8
 X= 521 X2= 521  Y= 522 Y2= 522 P1= 813 P2= 381 T1=  18 T2=  16  P= 590  D=  -1 * 9
 X= 521 X2= 522  Y= 521 Y2= 522 P1= 813 P2= 382 T1=  17 T2=  15  P= 587  D=  -1 * 10
 X= 521 X2= 521  Y= 522 Y2= 521 P1= 813 P2= 381 T1=  16 T2=  16  P= 590  D=  -1 * 11
 X= 521 X2= 519  Y= 522 Y2= 522 P1= 812 P2= 382 T1=  16 T2=  16  P= 585  D=  -1 * 12
 X= 522 X2= 521  Y= 522 Y2= 521 P1= 813 P2= 381 T1=  16 T2=  15  P= 590  D=  -1 * 13
 X= 521 X2= 521  Y= 522 Y2= 521 P1= 813 P2= 381 T1=  16 T2=  17  P= 590  D=  -1 * 14
 X= 522 X2= 522  Y= 523 Y2= 522 P1= 814 P2= 381 T1=  16 T2=  16  P= 592  D=  -1 * 15
 X= 520 X2= 521  Y= 522 Y2= 522 P1= 813 P2= 382 T1=  15 T2=  17  P= 586  D=  -1 * 16
 X= 521 X2= 521  Y= 522 Y2= 521 P1= 812 P2= 381 T1=  16 T2=  16  P= 589  D=  -1 * 17
 X= 521 X2= 522  Y= 523 Y2= 521 P1= 813 P2= 382 T1=  16 T2=  16  P= 587  D=  -1 * 18
 X= 522 X2= 521  Y= 522 Y2= 523 P1= 812 P2= 383 T1=  16 T2=  16  P= 583  D=  -1 * 19
 X= 521 X2= 521  Y= 521 Y2= 522 P1= 813 P2= 382 T1=  16 T2=  15  P= 587  D=  -1 * 20
 X= 521 X2= 522  Y= 522 Y2= 522 P1= 813 P2= 382 T1=  16 T2=  16  P= 587  D=  -1 * 21
 X= 522 X2= 521  Y= 522 Y2= 521 P1= 812 P2= 382 T1=  17 T2=  16  P= 586  D=  -1 * 22
 X= 522 X2= 521  Y= 521 Y2= 521 P1= 812 P2= 382 T1=  16 T2=  17  P= 586  D=  -1 * 23
 X= 522 X2= 521  Y= 522 Y2= 521 P1= 812 P2= 381 T1=  18 T2=  16  P= 589  D=  -1 * 24
Remove Pin
 X= 520 X2= 521  Y= 523 Y2= 522 P1= 812 P2= 383 T1=  16 T2=  15  P= 582  D=  -1 * 24
 X= 526 X2= 522  Y= 522 Y2= 522 P1= 813 P2= 382 T1=  14 T2=  15  P= 591  D=  -1 * 24
 X= 521 X2= 522  Y= 523 Y2= 522 P1= 812 P2= 381 T1=  16 T2=  15  P= 589  D=  -1 * 24
 X= 522 X2= 521  Y= 522 Y2= 522 P1= 812 P2= 382 T1=  17 T2=  16  P= 586  D=  -1 * 24
 X= 522 X2= 521  Y= 522 Y2= 522 P1= 813 P2= 382 T1=  16 T2=  16  P= 587  D=  -1 * 24
 X= 522 X2= 521  Y= 522 Y2= 522 P1= 811 P2= 382 T1=  17 T2=  16  P= 585  D=  -1 * 24
 X= 522 X2= 520  Y= 522 Y2= 522 P1= 813 P2= 382 T1=  16 T2=  16  P= 587  D=  -1 * 24
 X= 521 X2= 521  Y= 522 Y2= 522 P1= 813 P2= 382 T1=  15 T2=  15  P= 587  D=  -1 * 24
 X= 521 X2= 521  Y= 521 Y2= 521 P1= 812 P2= 382 T1=  17 T2=  16  P= 586  D=  -1 * 24
 X= 520 X2= 521  Y= 525 Y2= 522 P1= 813 P2= 382 T1=  16 T2=  16  P= 586  D=  -1 * 24
 X= 522 X2= 521  Y= 522 Y2= 521 P1= 813 P2= 383 T1=  17 T2=  16  P= 584  D=  -1 * 24
 X= 523 X2= 521  Y= 522 Y2= 522 P1= 813 P2= 382 T1=  17 T2=  13  P= 588  D=  -1 * 24
 X= 521 X2= 521  Y= 522 Y2= 520 P1= 811 P2= 382 T1=  16 T2=  15  P= 585  D=  -1 * 24
 X= 521 X2= 522  Y= 522 Y2= 522 P1= 813 P2= 382 T1=  16 T2=  16  P= 587  D=  -1 * 24
 X= 520 X2= 522  Y= 523 Y2= 522 P1= 813 P2= 383 T1=  16 T2=  14  P= 584  D=  -1 * 24
 X= 522 X2= 524  Y= 521 Y2= 522 P1= 812 P2= 383 T1=  16 T2=  15  P= 585  D=  -1 * 24
 X= 521 X2= 520  Y= 523 Y2= 521 P1= 812 P2= 382 T1=  16 T2=  16  P= 585  D=  -1 * 24
 X= 521 X2= 520  Y= 523 Y2= 522 P1= 812 P2= 382 T1=  16 T2=  16  P= 585  D=  -1 * 24
 X= 521 X2= 523  Y= 522 Y2= 522 P1= 812 P2= 381 T1=  16 T2=  16  P= 590  D=  -1 * 24
 X= 522 X2= 521  Y= 524 Y2= 522 P1= 812 P2= 382 T1=  16 T2=  16  P= 586  D=  -1 * 24
 X= 522 X2= 522  Y= 522 Y2= 522 P1= 812 P2= 383 T1=  17 T2=  15  P= 584  D=  -1 * 24
 X= 522 X2= 521  Y= 522 Y2= 522 P1= 812 P2= 384 T1=  16 T2=  16  P= 580  D=  -1 * 24
 X= 522 X2= 522  Y= 523 Y2= 523 P1= 825 P2= 355 T1=  17 T2=  17  P= 690  D=  -1 * 24
 X= 975 X2=1023  Y= 954 Y2=1022 P1=1023 P2=   0 T1=1016 T2= 807  P= 690  D=  -1 
 X= 839 X2=1023  Y= 955 Y2=1022 P1=1023 P2=   0 T1=1023 T2= 885  P= 690  D=  -1 
 X= 837 X2=1023  Y= 969 Y2=1021 P1=1023 P2=   0 T1=1023 T2= 844  P= 690  D=  -1 
target state=1 point=23,22
 X= 757 X2=1023  Y= 968 Y2=1017 P1=1023 P2=   0 T1=1023 T2= 862  P= 690  D=  -1 
 X= 914 X2=1023  Y= 962 Y2=1019 P1=1023 P2=   0 T1=1023 T2= 843  P= 690  D=  -1 
 X=1023 X2= 982  Y= 958 Y2=1022 P1=1023 P2=   0 T1=1021 T2= 837  P= 690  D=  -1 
 X= 814 X2=1023  Y= 951 Y2=1017 P1=1023 P2=   0 T1=1020 T2= 854  P= 690  D=  -1 
 X= 860 X2=1022  Y= 952 Y2=1021 P1=1023 P2=   0 T1=1023 T2= 855  P= 690  D=  -1 
 X= 770 X2=1023  Y= 966 Y2=1017 P1=1023 P2=   0 T1=1023 T2= 870  P= 690  D=  -1 
 X= 809 X2=1023  Y= 955 Y2=1018 P1=1023 P2=   0 T1=1023 T2= 837  P= 690  D=  -1 
 X= 828 X2=1008  Y= 938 Y2=1023 P1=1023 P2=   0 T1=1023 T2= 867  P= 690  D=  -1 
 X= 763 X2=1023  Y= 963 Y2=1023 P1=1023 P2=   0 T1=1022 T2= 854  P= 690  D=  -1 
 X=1018 X2= 960  Y= 960 Y2=1023 P1=1023 P2=   0 T1=1023 T2= 871  P= 690  D=  -1 
 X= 959 X2= 993  Y= 937 Y2=1023 P1=1023 P2=   0 T1=1022 T2= 869  P= 690  D=  -1 
 X= 868 X2=1020  Y= 988 Y2=1023 P1=1023 P2=   0 T1=1023 T2= 846  P= 690  D=  -1 
 X= 872 X2= 962  Y= 959 Y2=1018 P1=1023 P2=   0 T1=1020 T2= 833  P= 690  D=  -1 
 X=1023 X2=1004  Y= 940 Y2=1023 P1=1023 P2=   0 T1=1020 T2= 861  P= 690  D=  -1 
 X= 695 X2=1023  Y= 966 Y2=1019 P1=1023 P2=   0 T1=1023 T2= 865  P= 690  D=  -1 
 X= 895 X2=1021  Y= 966 Y2=1020 P1=1023 P2=   0 T1=1023 T2= 849  P= 690  D=  -1 
 X= 851 X2=1012  Y= 955 Y2=1023 P1=1023 P2=   0 T1=1021 T2= 876  P= 690  D=  -1 
 X= 875 X2=1023  Y= 958 Y2=1022 P1=1023 P2=   0 T1=1023 T2= 821  P= 690  D=  -1 
 X=1014 X2= 953  Y= 950 Y2=1019 P1=1023 P2=   0 T1=1021 T2= 837  P= 690  D=  -1 
 X=1000 X2= 949  Y= 953 Y2=1023 P1=1023 P2=   0 T1=1020 T2= 837  P= 690  D=  -1 
 X= 946 X2= 990  Y= 950 Y2=1019 P1=1023 P2=   0 T1=1019 T2= 864  P= 690  D=  -1 
 X= 891 X2=1022  Y= 967 Y2=1018 P1=1023 P2=   0 T1=1023 T2= 828  P= 690  D=  -1 
 X= 999 X2= 966  Y= 953 Y2=1022 P1=1023 P2=   0 T1=1021 T2= 838  P= 690  D=  -1 
 X= 713 X2=1023  Y= 957 Y2=1018 P1=1023 P2=   0 T1=1023 T2= 870  P= 690  D=  -1 
 X= 736 X2=1023  Y= 955 Y2=1021 P1=1023 P2=   0 T1=1023 T2= 867  P= 690  D=  -1 
 X= 793 X2=1010  Y= 954 Y2=1021 P1=1023 P2=   0 T1=1020 T2= 841  P= 690  D=  -1 
 X= 636 X2=1023  Y= 938 Y2=1022 P1=1023 P2=   0 T1=1023 T2= 820  P= 690  D=  -1 
 X= 753 X2=1023  Y= 956 Y2=1020 P1=1023 P2=   0 T1=1020 T2= 869  P= 690  D=  -1 
 X= 786 X2=1023  Y= 948 Y2=1018 P1=1023 P2=   0 T1=1023 T2= 861  P= 690  D=  -1 
 X= 898 X2=1023  Y= 950 Y2=1023 P1=1022 P2=   0 T1=1020 T2= 853  P= 690  D=  -1 
 X= 860 X2=1023  Y= 958 Y2=1017 P1=1023 P2=   0 T1=1023 T2= 836  P= 690  D=  -1 
 X= 885 X2=1021  Y= 959 Y2=1017 P1=1023 P2=   0 T1=1023 T2= 841  P= 690  D=  -1 
 X= 638 X2=1023  Y= 939 Y2=1023 P1=1023 P2=   0 T1=1023 T2= 862  P= 690  D=  -1 
 X= 690 X2=1023  Y= 954 Y2=1023 P1=1023 P2=   0 T1=1023 T2= 852  P= 690  D=  -1 
 X=1008 X2= 998  Y=1023 Y2=1023 P1=1023 P2=   0 T1=1023 T2=1018  P= 690  D=  -1 
 X= 854 X2=1023  Y= 972 Y2=1018 P1=1023 P2=   0 T1=1020 T2= 838  P= 690  D=  -1 
 X= 875 X2=1022  Y= 953 Y2=1021 P1=1023 P2=   0 T1=1023 T2= 862  P= 690  D=  -1 
 X= 966 X2= 979  Y= 949 Y2=1019 P1=1023 P2=   0 T1=1023 T2= 858  P= 690  D=  -1 
 X= 975 X2= 971  Y= 953 Y2=1019 P1=1023 P2=   0 T1=1023 T2= 876  P= 690  D=  -1 
 X= 708 X2=1023  Y= 964 Y2=1021 P1=1023 P2=   0 T1=1021 T2= 855  P= 690  D=  -1 
 X= 859 X2=1023  Y= 969 Y2=1018 P1=1023 P2=   0 T1=1023 T2= 864  P= 690  D=  -1 
 X= 870 X2= 959  Y= 963 Y2=1019 P1=1023 P2=   0 T1=1023 T2= 853  P= 690  D=  -1 
 X= 647 X2=1023  Y= 936 Y2=1019 P1=1023 P2=   0 T1=1020 T2= 873  P= 690  D=  -1 
 X= 868 X2=1023  Y= 963 Y2=1022 P1=1023 P2=   0 T1=1018 T2= 856  P= 690  D=  -1 
 X= 975 X2= 984  Y= 946 Y2=1023 P1=1023 P2=   0 T1=1023 T2= 838  P= 690  D=  -1 
 X= 798 X2=1010  Y= 956 Y2=1023 P1=1023 P2=   0 T1=1023 T2= 873  P= 690  D=  -1 
 X= 869 X2=1011  Y= 967 Y2=1017 P1=1023 P2=   0 T1=1023 T2= 809  P= 690  D=  -1 
 X=1023 X2= 993  Y= 953 Y2=1018 P1=1023 P2=   0 T1=1023 T2= 873  P= 690  D=  -1 
 X= 984 X2= 963  Y= 959 Y2=1019 P1=1023 P2=   0 T1=1020 T2= 837  P= 690  D=  -1 
 X= 738 X2=1023  Y= 951 Y2=1018 P1=1023 P2=   0 T1=1023 T2= 841  P= 690  D=  -1 
 X=1023 X2= 997  Y= 949 Y2=1023 P1=1023 P2=   0 T1=1020 T2= 831  P= 690  D=  -1 
 X= 783 X2=1009  Y= 951 Y2=1021 P1=1023 P2=   0 T1=1022 T2= 874  P= 690  D=  -1 
 X= 907 X2= 970  Y= 969 Y2=1020 P1=1023 P2=   0 T1=1023 T2= 881  P= 690  D=  -1 
 X= 866 X2=1023  Y= 977 Y2=1023 P1=1023 P2=   0 T1=1021 T2= 865  P= 690  D=  -1 
 X= 874 X2=1005  Y= 955 Y2=1023 P1=1023 P2=   0 T1=1023 T2= 884  P= 690  D=  -1 
 X= 753 X2=1010  Y= 957 Y2=1023 P1=1023 P2=   0 T1=1020 T2= 858  P= 690  D=  -1 
 X=1023 X2= 966  Y= 967 Y2=1019 P1=1023 P2=   0 T1=1020 T2= 867  P= 690  D=  -1 
 X= 998 X2= 971  Y= 950 Y2=1019 P1=1023 P2=   0 T1=1020 T2= 870  P= 690  D=  -1 
 X= 749 X2=1023  Y= 967 Y2=1023 P1=1023 P2=   0 T1=1020 T2= 841  P= 690  D=  -1 
 X= 253 X2= 252  Y= 348 Y2= 341 P1= 682 P2= 215 T1=  17 T2=  18  P= 547  D=  -1 * 0
 X= 639 X2=1023  Y= 953 Y2=1023 P1=1023 P2=   0 T1=1020 T2= 810  P= 547  D=  -1 
 X= 736 X2=1023  Y= 969 Y2=1020 P1=1023 P2=   0 T1=1023 T2= 872  P= 547  D=  -1 
 X= 258 X2= 256  Y= 350 Y2= 345 P1= 725 P2= 189 T1=  25 T2=  21  P= 728  D=  -1 * 0
 X= 850 X2=1023  Y= 963 Y2=1021 P1=1023 P2=   0 T1=  46 T2= 819  P= 728  D=  -1 
 X= 284 X2= 281  Y= 372 Y2= 365 P1= 800 P2= 150 T1=  46 T2=  26  P= 728  D=  -1 
 X= 258 X2= 256  Y= 351 Y2= 345 P1= 725 P2= 189 T1=  19 T2=  20  P= 728  D=  -1 * 0
 X= 259 X2= 259  Y= 353 Y2= 348 P1= 753 P2= 171 T1=  24 T2=  24  P= 881  D=  -1 * 0
 X= 261 X2= 258  Y= 353 Y2= 346 P1= 738 P2= 179 T1=  22 T2=  21  P= 808  D=  -1 * 1
 X= 260 X2= 258  Y= 352 Y2= 347 P1= 736 P2= 182 T1=  21 T2=  22  P= 788  D=  -1 * 2
 X= 259 X2= 257  Y= 351 Y2= 346 P1= 739 P2= 180 T1=  21 T2=  22  P= 801  D=  -1 * 3
 X= 258 X2= 258  Y= 352 Y2= 346 P1= 733 P2= 184 T1=  21 T2=  22  P= 769  D=  -1 * 4
 X= 259 X2= 257  Y= 352 Y2= 345 P1= 728 P2= 188 T1=  21 T2=  23  P= 740  D=  -1 * 5
 X= 261 X2= 257  Y= 351 Y2= 347 P1= 725 P2= 189 T1=  21 T2=  21  P= 734  D=  -1 * 6
 X= 258 X2= 256  Y= 351 Y2= 346 P1= 724 P2= 190 T1=  20 T2=  20  P= 722  D=  -1 * 7
 X= 258 X2= 256  Y= 351 Y2= 345 P1= 724 P2= 190 T1=  21 T2=  20  P= 722  D=  -1 * 8
 X= 261 X2= 257  Y= 351 Y2= 344 P1= 724 P2= 190 T1=  19 T2=  21  P= 727  D=  -1 * 9
 X= 259 X2= 257  Y= 351 Y2= 345 P1= 724 P2= 190 T1=  19 T2=  20  P= 724  D=  -1 * 10
 X= 258 X2= 257  Y= 351 Y2= 345 P1= 723 P2= 190 T1=  21 T2=  21  P= 720  D=  -1 * 11
 X= 259 X2= 257  Y= 351 Y2= 346 P1= 724 P2= 190 T1=  21 T2=  19  P= 724  D=  -1 * 12
 X= 258 X2= 258  Y= 350 Y2= 346 P1= 724 P2= 190 T1=  21 T2=  18  P= 724  D=  -1 * 13
 X= 258 X2= 257  Y= 351 Y2= 345 P1= 723 P2= 190 T1=  21 T2=  21  P= 720  D=  -1 * 14
 X= 258 X2= 256  Y= 351 Y2= 345 P1= 723 P2= 190 T1=  21 T2=  20  P= 720  D=  -1 * 15
 X= 259 X2= 257  Y= 351 Y2= 345 P1= 722 P2= 192 T1=  21 T2=  21  P= 712  D=  -1 * 16
 X= 259 X2= 255  Y= 351 Y2= 345 P1= 722 P2= 190 T1=  21 T2=  20  P= 719  D=  -1 * 17
 X= 258 X2= 256  Y= 350 Y2= 345 P1= 721 P2= 192 T1=  20 T2=  21  P= 708  D=  -1 * 18
 X= 258 X2= 257  Y= 350 Y2= 343 P1= 721 P2= 192 T1=  20 T2=  19  P= 708  D=  -1 * 19
 X= 258 X2= 256  Y= 351 Y2= 345 P1= 719 P2= 193 T1=  20 T2=  20  P= 700  D=  -1 * 20
 X= 259 X2= 256  Y= 351 Y2= 345 P1= 719 P2= 193 T1=  20 T2=  20  P= 700  D=  -1 * 21
 X= 257 X2= 256  Y= 350 Y2= 344 P1= 718 P2= 193 T1=  19 T2=  19  P= 696  D=  -1 * 22
 X= 258 X2= 256  Y= 349 Y2= 345 P1= 717 P2= 194 T1=  19 T2=  20  P= 692  D=  -1 * 23
 X= 258 X2= 258  Y= 350 Y2= 345 P1= 716 P2= 195 T1=  21 T2=  20  P= 689  D=  -1 * 24
Remove Pin
 X= 258 X2= 256  Y= 349 Y2= 345 P1= 715 P2= 195 T1=  21 T2=  18  P= 685  D=  -1 * 24
 X= 256 X2= 256  Y= 349 Y2= 344 P1= 715 P2= 195 T1=  19 T2=  20  P= 682  D=  -1 * 24
 X= 258 X2= 256  Y= 350 Y2= 345 P1= 713 P2= 196 T1=  20 T2=  19  P= 677  D=  -1 * 24
 X= 258 X2= 256  Y= 350 Y2= 344 P1= 716 P2= 196 T1=  20 T2=  21  P= 681  D=  -1 * 24
 X= 258 X2= 254  Y= 349 Y2= 344 P1= 715 P2= 195 T1=  20 T2=  19  P= 682  D=  -1 * 24
 X= 257 X2= 256  Y= 350 Y2= 344 P1= 715 P2= 195 T1=  20 T2=  19  P= 682  D=  -1 * 24
 X= 257 X2= 255  Y= 351 Y2= 344 P1= 716 P2= 196 T1=  20 T2=  20  P= 679  D=  -1 * 24
 X= 258 X2= 254  Y= 350 Y2= 344 P1= 716 P2= 195 T1=  21 T2=  20  P= 683  D=  -1 * 24
 X= 258 X2= 255  Y= 350 Y2= 345 P1= 715 P2= 195 T1=  20 T2=  19  P= 682  D=  -1 * 24
 X= 258 X2= 255  Y= 350 Y2= 345 P1= 715 P2= 195 T1=  19 T2=  20  P= 682  D=  -1 * 24
 X= 257 X2= 257  Y= 349 Y2= 344 P1= 715 P2= 196 T1=  19 T2=  20  P= 680  D=  -1 * 24
 X= 258 X2= 256  Y= 350 Y2= 344 P1= 714 P2= 196 T1=  20 T2=  19  P= 678  D=  -1 * 24
 X= 258 X2= 256  Y= 350 Y2= 344 P1= 714 P2= 196 T1=  20 T2=  20  P= 678  D=  -1 * 24
 X= 257 X2= 255  Y= 350 Y2= 343 P1= 711 P2= 198 T1=  20 T2=  20  P= 663  D=  -1 * 24
 X= 697 X2=1023  Y= 963 Y2=1023 P1=1023 P2=   0 T1=1023 T2= 825  P= 663  D=  -1 
 X= 898 X2= 938  Y= 957 Y2=1023 P1=1023 P2=   0 T1=1022 T2= 836  P= 663  D=  -1 
 X= 960 X2= 991  Y= 957 Y2=1023 P1=1023 P2=   0 T1=1023 T2= 855  P= 663  D=  -1 
target state=2 point=456,22
 X= 785 X2=1023  Y= 962 Y2=1018 P1=1023 P2=   0 T1=1023 T2= 878  P= 663  D=  -1 
 X=1023 X2= 971  Y= 949 Y2=1020 P1=1023 P2=   0 T1=1020 T2= 846  P= 663  D=  -1 
 X=1023 X2= 993  Y= 953 Y2=1021 P1=1023 P2=   0 T1=1020 T2= 859  P= 663  D=  -1 
 X=1021 X2= 994  Y= 955 Y2=1021 P1=1023 P2=   0 T1=1023 T2= 846  P= 663  D=  -1 
 X= 740 X2=1023  Y= 957 Y2=1022 P1=1023 P2=   0 T1=1023 T2= 868  P= 663  D=  -1 
 X=1023 X2= 985  Y= 973 Y2=1020 P1=1023 P2=   0 T1=1023 T2= 864  P= 663  D=  -1 
 X= 770 X2=1005  Y= 948 Y2=1023 P1=1023 P2=   0 T1=1023 T2= 860  P= 663  D=  -1 
 X= 880 X2=1023  Y= 970 Y2=1019 P1=1023 P2=   0 T1=1023 T2= 853  P= 663  D=  -1 
 X=1022 X2=1000  Y= 956 Y2=1016 P1=1023 P2=   0 T1=1023 T2= 848  P= 663  D=  -1 
 X= 967 X2= 992  Y= 954 Y2=1020 P1=1023 P2=   0 T1=1023 T2= 852  P= 663  D=  -1 
 X= 882 X2=1019  Y= 944 Y2=1017 P1=1023 P2=   0 T1=1023 T2= 849  P= 663  D=  -1 
 X= 826 X2=1022  Y= 962 Y2=1017 P1=1023 P2=   0 T1=1021 T2= 841  P= 663  D=  -1 
 X= 768 X2=1004  Y= 954 Y2=1023 P1=1022 P2=   0 T1=1020 T2= 846  P= 663  D=  -1 
 X= 742 X2=1023  Y= 970 Y2=1019 P1=1023 P2=   0 T1=1023 T2= 853  P= 663  D=  -1 
 X= 862 X2=1023  Y= 956 Y2=1018 P1=1023 P2=   0 T1=1020 T2= 868  P= 663  D=  -1 
 X= 924 X2= 997  Y= 946 Y2=1023 P1=1023 P2=   0 T1=1023 T2= 866  P= 663  D=  -1 
 X= 881 X2=1023  Y= 949 Y2=1021 P1=1023 P2=   0 T1=1023 T2= 861  P= 663  D=  -1 
 X= 888 X2= 994  Y= 944 Y2=1023 P1=1023 P2=   0 T1=1023 T2= 821  P= 663  D=  -1 
 X= 976 X2= 994  Y= 947 Y2=1018 P1=1023 P2=   0 T1=1023 T2= 850  P= 663  D=  -1 
 X= 868 X2=1023  Y= 962 Y2=1023 P1=1023 P2=   0 T1=1023 T2= 860  P= 663  D=  -1 
 X= 992 X2=1005  Y= 935 Y2=1020 P1=1023 P2=   0 T1=1019 T2= 870  P= 663  D=  -1 
 X= 901 X2= 969  Y= 955 Y2=1018 P1=1023 P2=   0 T1=1023 T2= 863  P= 663  D=  -1 
 X= 835 X2=1023  Y= 943 Y2=1023 P1=1023 P2=   0 T1=1019 T2= 878  P= 663  D=  -1 
 X= 614 X2=1023  Y= 964 Y2=1022 P1=1023 P2=   0 T1=1020 T2= 854  P= 663  D=  -1 
 X= 950 X2=1004  Y= 953 Y2=1023 P1=1023 P2=   0 T1=1020 T2= 850  P= 663  D=  -1 
 X= 792 X2=1009  Y= 954 Y2=1023 P1=1023 P2=   0 T1=1020 T2= 844  P= 663  D=  -1 
 X= 747 X2=1023  Y= 967 Y2=1023 P1=1023 P2=   0 T1=1023 T2= 847  P= 663  D=  -1 
 X= 956 X2=1023  Y=1013 Y2=1023 P1=1023 P2=   0 T1=1023 T2=1017  P= 663  D=  -1 
 X= 767 X2=1023  Y= 955 Y2=1022 P1=1023 P2=   0 T1=1020 T2= 815  P= 663  D=  -1 
 X= 842 X2=1023  Y= 969 Y2=1019 P1=1023 P2=   0 T1=1021 T2= 829  P= 663  D=  -1 
 X=1023 X2= 982  Y= 953 Y2=1018 P1=1023 P2=   0 T1=1023 T2= 850  P= 663  D=  -1 
 X= 610 X2=1018  Y= 956 Y2=1020 P1=1023 P2=   0 T1=1020 T2= 855  P= 663  D=  -1 
 X= 723 X2=1023  Y= 961 Y2=1023 P1=1023 P2=   0 T1=1020 T2= 865  P= 663  D=  -1 
 X= 896 X2=1023  Y= 964 Y2=1018 P1=1023 P2=   0 T1=1023 T2= 859  P= 663  D=  -1 
 X= 898 X2=1003  Y= 935 Y2=1021 P1=1023 P2=   0 T1=1021 T2= 834  P= 663  D=  -1 
 X= 742 X2=1003  Y= 936 Y2=1023 P1=1023 P2=   0 T1=1022 T2= 842  P= 663  D=  -1 
 X= 826 X2=1023  Y= 960 Y2=1022 P1=1023 P2=   0 T1=1022 T2= 869  P= 663  D=  -1 
 X=1023 X2= 982  Y= 961 Y2=1023 P1=1023 P2=   0 T1=1023 T2= 836  P= 663  D=  -1 
 X= 712 X2=1023  Y= 947 Y2=1019 P1=1023 P2=   0 T1=1023 T2= 861  P= 663  D=  -1 
 X= 841 X2=1023  Y= 961 Y2=1021 P1=1023 P2=   0 T1=1020 T2= 838  P= 663  D=  -1 
 X=1023 X2= 996  Y= 961 Y2=1019 P1=1023 P2=   0 T1=1023 T2= 845  P= 663  D=  -1 
 X= 620 X2=1023  Y= 947 Y2=1023 P1=1023 P2=   0 T1=1023 T2= 861  P= 663  D=  -1 
 X=1023 X2= 976  Y= 960 Y2=1019 P1=1023 P2=   0 T1=1023 T2= 840  P= 663  D=  -1 
 X= 927 X2=1002  Y= 953 Y2=1018 P1=1023 P2=   0 T1=1019 T2= 875  P= 663  D=  -1 
 X= 739 X2=1002  Y= 959 Y2=1023 P1=1023 P2=   0 T1=1019 T2= 832  P= 663  D=  -1 
 X=1006 X2=1015  Y= 926 Y2=1023 P1=1023 P2=   0 T1=1022 T2= 872  P= 663  D=  -1 
 X=1023 X2=1005  Y= 960 Y2=1023 P1=1023 P2=   0 T1=1022 T2= 831  P= 663  D=  -1 
 X= 981 X2= 992  Y= 955 Y2=1023 P1=1023 P2=   0 T1=1021 T2= 839  P= 663  D=  -1 
 X= 751 X2=1023  Y= 971 Y2=1023 P1=1023 P2=   0 T1=1023 T2= 853  P= 663  D=  -1 
 X= 724 X2=1023  Y= 959 Y2=1023 P1=1023 P2=   0 T1=1020 T2= 863  P= 663  D=  -1 
 X= 755 X2=1009  Y= 945 Y2=1023 P1=1023 P2=   0 T1=1023 T2= 866  P= 663  D=  -1 
 X= 624 X2=1023  Y= 953 Y2=1019 P1=1023 P2=   0 T1=1023 T2= 868  P= 663  D=  -1 
 X=1016 X2= 992  Y= 959 Y2=1023 P1=1023 P2=   0 T1=1023 T2= 854  P= 663  D=  -1 
 X= 957 X2= 992  Y= 941 Y2=1017 P1=1022 P2=   0 T1=1023 T2= 846  P= 663  D=  -1 
 X= 643 X2=1023  Y= 970 Y2=1023 P1=1023 P2=   0 T1=1021 T2= 845  P= 663  D=  -1 
 X= 674 X2=1023  Y= 961 Y2=1017 P1=1023 P2=   0 T1=1023 T2= 873  P= 663  D=  -1 
 X= 937 X2= 992  Y= 959 Y2=1023 P1=1023 P2=   0 T1=1023 T2= 874  P= 663  D=  -1 
 X= 870 X2=1021  Y= 947 Y2=1022 P1=1023 P2=   0 T1=1023 T2= 830  P= 663  D=  -1 
 X= 879 X2=1023  Y= 955 Y2=1023 P1=1023 P2=   0 T1=1023 T2= 853  P= 663  D=  -1 
 X= 829 X2=1009  Y= 960 Y2=1019 P1=1023 P2=   0 T1=1023 T2= 850  P= 663  D=  -1 
 X= 832 X2=1008  Y= 963 Y2=1021 P1=1023 P2=   0 T1=1021 T2= 847  P= 663  D=  -1 
 X= 781 X2=1023  Y= 968 Y2=1018 P1=1023 P2=   0 T1=1022 T2= 840  P= 663  D=  -1 
 X=1011 X2=1004  Y= 951 Y2=1018 P1=1023 P2=   0 T1=1022 T2= 853  P= 663  D=  -1 
 X= 884 X2= 995  Y= 940 Y2=1022 P1=1023 P2=   0 T1=1022 T2= 860  P= 663  D=  -1 
 X= 781 X2=1023  Y= 973 Y2=1023 P1=1023 P2=   0 T1=1023 T2= 849  P= 663  D=  -1 
 X= 787 X2= 786  Y= 342 Y2= 348 P1= 794 P2= 475 T1=  12 T2=  11  P= 527  D=  -1 * 0
 X= 657 X2=1023  Y= 962 Y2=1019 P1=1023 P2=   0 T1=1020 T2= 871  P= 527  D=  -1 
 X= 756 X2=1023  Y= 959 Y2=1023 P1=1023 P2=   0 T1=1022 T2= 856  P= 527  D=  -1 
 X= 792 X2= 789  Y= 347 Y2= 352 P1= 810 P2= 444 T1=  15 T2=  14  P= 650  D=  -1 * 0
 X= 789 X2= 788  Y= 347 Y2= 352 P1= 808 P2= 448 T1=  15 T2=  13  P= 632  D=  -1 * 0
 X= 789 X2= 786  Y= 345 Y2= 353 P1= 809 P2= 446 T1=  15 T2=  14  P= 639  D=  -1 * 0
 X= 788 X2= 788  Y= 347 Y2= 352 P1= 812 P2= 441 T1=  16 T2=  14  P= 662  D=  -1 * 1
 X= 790 X2= 789  Y= 347 Y2= 352 P1= 809 P2= 446 T1=  14 T2=  14  P= 641  D=  -1 * 2
 X= 790 X2= 789  Y= 347 Y2= 352 P1= 810 P2= 447 T1=  14 T2=  14  P= 640  D=  -1 * 3
 X= 789 X2= 788  Y= 347 Y2= 353 P1= 809 P2= 447 T1=  14 T2=  14  P= 637  D=  -1 * 4
 X= 788 X2= 788  Y= 346 Y2= 351 P1= 805 P2= 455 T1=  13 T2=  13  P= 605  D=  -1 * 5
 X= 790 X2= 788  Y= 349 Y2= 352 P1= 805 P2= 454 T1=  14 T2=  14  P= 609  D=  -1 * 6
 X= 789 X2= 789  Y= 347 Y2= 352 P1= 805 P2= 454 T1=  15 T2=  12  P= 609  D=  -1 * 7
 X= 789 X2= 788  Y= 346 Y2= 354 P1= 807 P2= 457 T1=  13 T2=  13  P= 602  D=  -1 * 8
 X= 789 X2= 789  Y= 346 Y2= 352 P1= 804 P2= 458 T1=  13 T2=  18  P= 595  D=  -1 * 9
 X= 791 X2= 786  Y= 346 Y2= 352 P1= 804 P2= 458 T1=  13 T2=  12  P= 594  D=  -1 * 10
 X= 789 X2= 789  Y= 346 Y2= 352 P1= 803 P2= 458 T1=  14 T2=  14  P= 594  D=  -1 * 11
 X= 787 X2= 788  Y= 345 Y2= 353 P1= 803 P2= 459 T1=  14 T2=  13  P= 589  D=  -1 * 12
 X= 790 X2= 788  Y= 346 Y2= 351 P1= 803 P2= 459 T1=  13 T2=  13  P= 590  D=  -1 * 13
 X= 789 X2= 787  Y= 349 Y2= 351 P1= 803 P2= 459 T1=  13 T2=  13  P= 590  D=  -1 * 14
 X= 789 X2= 788  Y= 345 Y2= 352 P1= 803 P2= 460 T1=  13 T2=  13  P= 587  D=  -1 * 15
 X= 789 X2= 788  Y= 346 Y2= 351 P1= 803 P2= 459 T1=  12 T2=  13  P= 590  D=  -1 * 16
 X= 790 X2= 788  Y= 346 Y2= 352 P1= 803 P2= 460 T1=  13 T2=  14  P= 587  D=  -1 * 17
 X= 789 X2= 788  Y= 346 Y2= 351 P1= 803 P2= 459 T1=  14 T2=  13  P= 590  D=  -1 * 18
 X= 789 X2= 787  Y= 346 Y2= 350 P1= 803 P2= 459 T1=  14 T2=  13  P= 590  D=  -1 * 19
 X= 789 X2= 789  Y= 346 Y2= 351 P1= 803 P2= 460 T1=  13 T2=  13  P= 587  D=  -1 * 20
 X= 790 X2= 788  Y= 346 Y2= 352 P1= 806 P2= 460 T1=  13 T2=  12  P= 593  D=  -1 * 21
 X= 789 X2= 788  Y= 349 Y2= 356 P1= 803 P2= 459 T1=  16 T2=  12  P= 590  D=  -1 * 22
 X= 788 X2= 788  Y= 346 Y2= 350 P1= 803 P2= 459 T1=  13 T2=  15  P= 590  D=  -1 * 23
 X= 789 X2= 788  Y= 345 Y2= 351 P1= 804 P2= 460 T1=  12 T2=  13  P= 588  D=  -1 * 24
Remove Pin
 X= 788 X2= 788  Y= 345 Y2= 351 P1= 803 P2= 460 T1=  13 T2=  13  P= 587  D=  -1 * 24
 X= 789 X2= 787  Y= 346 Y2= 351 P1= 802 P2= 460 T1=  13 T2=  13  P= 585  D=  -1 * 24
 X= 787 X2= 789  Y= 346 Y2= 351 P1= 803 P2= 460 T1=  13 T2=  12  P= 587  D=  -1 * 24
 X= 789 X2= 788  Y= 345 Y2= 352 P1= 803 P2= 459 T1=  14 T2=  13  P= 590  D=  -1 * 24
 X= 789 X2= 787  Y= 347 Y2= 352 P1= 803 P2= 460 T1=  13 T2=  13  P= 587  D=  -1 * 24
 X= 789 X2= 787  Y= 346 Y2= 351 P1= 803 P2= 460 T1=  13 T2=  12  P= 587  D=  -1 * 24
 X= 790 X2= 788  Y= 346 Y2= 351 P1= 803 P2= 460 T1=  13 T2=  12  P= 587  D=  -1 * 24
 X= 788 X2= 787  Y= 346 Y2= 352 P1= 802 P2= 461 T1=  13 T2=  12  P= 581  D=  -1 * 24
 X= 789 X2= 788  Y= 345 Y2= 351 P1= 802 P2= 462 T1=  12 T2=  13  P= 579  D=  -1 * 24
 X= 788 X2= 790  Y= 345 Y2= 351 P1= 803 P2= 461 T1=  13 T2=  12  P= 584  D=  -1 * 24
 X= 789 X2= 788  Y= 346 Y2= 351 P1= 802 P2= 461 T1=  15 T2=  12  P= 582  D=  -1 * 24
 X= 788 X2= 789  Y= 345 Y2= 350 P1= 803 P2= 461 T1=  12 T2=  12  P= 583  D=  -1 * 24
 X= 789 X2= 788  Y= 345 Y2= 351 P1= 802 P2= 461 T1=  13 T2=  13  P= 582  D=  -1 * 24
 X= 789 X2= 788  Y= 345 Y2= 351 P1= 801 P2= 464 T1=  13 T2=  13  P= 572  D=  -1 * 24
 X= 789 X2= 787  Y= 346 Y2= 350 P1= 803 P2= 456 T1=  13 T2=  13  P= 598  D=  -1 * 24
 X= 734 X2=1005  Y= 960 Y2=1021 P1=1023 P2=   0 T1=1023 T2= 854  P= 598  D=  -1 
 X= 603 X2=1023  Y= 963 Y2=1019 P1=1023 P2=   0 T1=1023 T2= 845  P= 598  D=  -1 
 X= 754 X2=1023  Y= 976 Y2=1018 P1=1023 P2=   0 T1=1020 T2= 861  P= 598  D=  -1 
target state=3 point=456,249
 X= 690 X2=1023  Y= 957 Y2=1020 P1=1023 P2=   0 T1=1023 T2= 866  P= 598  D=  -1 
 X= 662 X2=1023  Y= 963 Y2=1023 P1=1023 P2=   0 T1=1021 T2= 855  P= 598  D=  -1 
 X=1023 X2= 998  Y= 950 Y2=1018 P1=1023 P2=   0 T1=1019 T2= 864  P= 598  D=  -1 
 X= 971 X2= 959  Y= 954 Y2=1019 P1=1023 P2=   0 T1=1021 T2= 846  P= 598  D=  -1 
 X= 644 X2=1023  Y= 952 Y2=1023 P1=1023 P2=   0 T1=1021 T2= 856  P= 598  D=  -1 
 X=1009 X2= 970  Y= 945 Y2=1023 P1=1023 P2=   0 T1=1022 T2= 864  P= 598  D=  -1 
 X= 864 X2= 968  Y= 962 Y2=1020 P1=1023 P2=   0 T1=1023 T2= 859  P= 598  D=  -1 
 X= 872 X2= 996  Y= 950 Y2=1023 P1=1023 P2=   0 T1=1023 T2= 839  P= 598  D=  -1 
 X= 778 X2=1023  Y= 966 Y2=1023 P1=1023 P2=   0 T1=1022 T2= 872  P= 598  D=  -1 
 X= 955 X2= 997  Y= 956 Y2=1023 P1=1023 P2=   0 T1=1023 T2= 848  P= 598  D=  -1 
 X= 900 X2=1023  Y= 963 Y2=1023 P1=1023 P2=   0 T1=1023 T2= 866  P= 598  D=  -1 
 X= 777 X2=1023  Y= 957 Y2=1019 P1=1023 P2=   0 T1=1023 T2= 894  P= 598  D=  -1 
 X= 971 X2= 969  Y= 953 Y2=1021 P1=1023 P2=   0 T1=1020 T2= 853  P= 598  D=  -1 
 X= 974 X2= 991  Y= 955 Y2=1023 P1=1023 P2=   0 T1=1022 T2= 875  P= 598  D=  -1 
 X= 822 X2=1023  Y= 967 Y2=1018 P1=1023 P2=   0 T1=1019 T2= 851  P= 598  D=  -1 
 X=1009 X2=1023  Y=1009 Y2=1023 P1=1023 P2=   0 T1=1020 T2=1023  P= 598  D=  -1 
 X= 919 X2= 952  Y= 957 Y2=1022 P1=1023 P2=   0 T1=1023 T2= 868  P= 598  D=  -1 
 X= 821 X2=1023  Y= 965 Y2=1018 P1=1023 P2=   0 T1=1020 T2= 870  P= 598  D=  -1 
 X= 871 X2=1018  Y= 953 Y2=1020 P1=1023 P2=   0 T1=1023 T2= 865  P= 598  D=  -1 
 X= 795 X2=1007  Y= 952 Y2=1020 P1=1023 P2=   0 T1=1022 T2= 859  P= 598  D=  -1 
 X= 874 X2=1023  Y= 955 Y2=1023 P1=1023 P2=   0 T1=1021 T2= 876  P= 598  D=  -1 
 X=1023 X2= 995  Y= 948 Y2=1019 P1=1023 P2=   0 T1=1023 T2= 832  P= 598  D=  -1 
 X=1021 X2= 997  Y= 961 Y2=1023 P1=1023 P2=   0 T1=1023 T2= 846  P= 598  D=  -1 
 X= 699 X2=1023  Y= 959 Y2=1019 P1=1023 P2=   0 T1=1022 T2= 836  P= 598  D=  -1 
 X= 848 X2=1023  Y= 964 Y2=1018 P1=1023 P2=   0 T1=1023 T2= 837  P= 598  D=  -1 
 X= 714 X2=1023  Y= 982 Y2=1023 P1=1023 P2=   0 T1=1023 T2= 843  P= 598  D=  -1 
 X= 635 X2=1023  Y= 968 Y2=1023 P1=1023 P2=   0 T1=1020 T2= 847  P= 598  D=  -1 
 X= 709 X2=1023  Y= 960 Y2=1023 P1=1023 P2=   0 T1=1022 T2= 845  P= 598  D=  -1 
 X= 722 X2=1023  Y= 962 Y2=1019 P1=1023 P2=   0 T1=1023 T2= 861  P= 598  D=  -1 
 X= 863 X2=1010  Y= 952 Y2=1023 P1=1023 P2=   0 T1=1023 T2= 865  P= 598  D=  -1 
 X= 813 X2=1021  Y= 953 Y2=1018 P1=1023 P2=   0 T1=1023 T2= 846  P= 598  D=  -1 
 X=1023 X2= 987  Y= 964 Y2=1019 P1=1023 P2=   0 T1=1019 T2= 869  P= 598  D=  -1 
 X= 993 X2=1007  Y= 947 Y2=1022 P1=1023 P2=   0 T1=1023 T2= 872  P= 598  D=  -1 
 X= 855 X2=1023  Y= 970 Y2=1018 P1=1023 P2=   0 T1=1018 T2= 874  P= 598  D=  -1 
 X= 875 X2=1023  Y= 950 Y2=1023 P1=1023 P2=   0 T1=1023 T2= 868  P= 598  D=  -1 
 X= 869 X2=1023  Y= 954 Y2=1023 P1=1023 P2=   0 T1=1023 T2= 885  P= 598  D=  -1 
 X= 643 X2=1023  Y= 974 Y2=1023 P1=1023 P2=   0 T1=1023 T2= 883  P= 598  D=  -1 
 X= 995 X2= 959  Y= 920 Y2=1019 P1=1023 P2=   0 T1=1023 T2= 844  P= 598  D=  -1 
 X= 947 X2= 998  Y= 943 Y2=1018 P1=1022 P2=   0 T1=1020 T2= 870  P= 598  D=  -1 
 X= 972 X2=1010  Y= 952 Y2=1021 P1=1023 P2=   0 T1=1022 T2= 861  P= 598  D=  -1 
 X=1023 X2= 987  Y= 916 Y2=1018 P1=1023 P2=   0 T1=1021 T2= 874  P= 598  D=  -1 
 X=1001 X2= 931  Y= 932 Y2=1023 P1=1023 P2=   0 T1=1022 T2= 842  P= 598  D=  -1 
 X= 671 X2=1023  Y= 950 Y2=1020 P1=1023 P2=   0 T1=1023 T2= 891  P= 598  D=  -1 
 X= 704 X2=1023  Y= 985 Y2=1019 P1=1023 P2=   0 T1=1023 T2= 852  P= 598  D=  -1 
 X= 981 X2=1017  Y= 953 Y2=1020 P1=1023 P2=   0 T1=1020 T2= 814  P= 598  D=  -1 
 X= 884 X2=1022  Y= 960 Y2=1023 P1=1023 P2=   0 T1=1023 T2= 865  P= 598  D=  -1 
 X= 736 X2=1003  Y= 954 Y2=1022 P1=1023 P2=   0 T1=1019 T2= 857  P= 598  D=  -1 
 X= 890 X2= 995  Y= 955 Y2=1012 P1=1023 P2=   0 T1=1020 T2= 858  P= 598  D=  -1 
 X= 958 X2=1003  Y= 957 Y2=1023 P1=1023 P2=   0 T1=1019 T2= 837  P= 598  D=  -1 
 X= 881 X2=1023  Y= 968 Y2=1019 P1=1023 P2=   0 T1=1023 T2= 842  P= 598  D=  -1 
 X=1023 X2= 970  Y= 958 Y2=1023 P1=1023 P2=   0 T1=1023 T2= 820  P= 598  D=  -1 
 X= 660 X2=1023  Y= 964 Y2=1018 P1=1023 P2=   0 T1=1023 T2= 856  P= 598  D=  -1 
 X= 702 X2=1023  Y= 961 Y2=1019 P1=1023 P2=   0 T1=1022 T2= 870  P= 598  D=  -1 
 X= 875 X2=1023  Y= 958 Y2=1023 P1=1023 P2=   0 T1=1023 T2= 843  P= 598  D=  -1 
 X= 871 X2=1008  Y= 963 Y2=1021 P1=1023 P2=   0 T1=1021 T2= 865  P= 598  D=  -1 
 X= 685 X2=1023  Y= 954 Y2=1023 P1=1023 P2=   0 T1=1023 T2= 880  P= 598  D=  -1 
 X=1023 X2= 992  Y= 951 Y2=1023 P1=1023 P2=   0 T1=1020 T2= 861  P= 598  D=  -1 
 X= 626 X2=1023  Y= 945 Y2=1019 P1=1023 P2=   0 T1=1019 T2= 889  P= 598  D=  -1 
 X= 883 X2=1023  Y= 956 Y2=1017 P1=1023 P2=   0 T1=1023 T2= 857  P= 598  D=  -1 
 X= 786 X2= 788  Y= 707 Y2=1020 P1=1023 P2=   0 T1=  12 T2= 827  P= 598  D=  -1 * 0
 X= 786 X2= 788  Y= 694 Y2= 700 P1= 926 P2= 398 T1=  13 T2= 584  P= 598  D=  -1 * 0
 X= 788 X2= 788  Y= 695 Y2= 699 P1= 910 P2= 483 T1=  15 T2=  15  P= 696  D=  -1 * 0
 X= 786 X2= 788  Y= 695 Y2= 698 P1= 907 P2= 494 T1=  15 T2=  14  P= 657  D=  -1 * 0
 X= 787 X2= 787  Y= 694 Y2= 698 P1= 905 P2= 502 T1=  14 T2=  14  P= 631  D=  -1 * 1
 X= 786 X2= 788  Y= 693 Y2= 697 P1= 904 P2= 506 T1=  14 T2=  14  P= 618  D=  -1 * 2
 X= 786 X2= 787  Y= 693 Y2= 697 P1= 904 P2= 507 T1=  13 T2=  12  P= 615  D=  -1 * 3
 X= 786 X2= 788  Y= 694 Y2= 698 P1= 904 P2= 508 T1=  14 T2=  13  P= 613  D=  -1 * 4
 X= 787 X2= 788  Y= 695 Y2= 696 P1= 904 P2= 508 T1=  13 T2=  13  P= 613  D=  -1 * 5
 X= 787 X2= 786  Y= 694 Y2= 697 P1= 904 P2= 508 T1=  13 T2=  14  P= 612  D=  -1 * 6
 X= 787 X2= 788  Y= 694 Y2= 698 P1= 904 P2= 509 T1=  13 T2=  13  P= 610  D=  -1 * 7
 X= 787 X2= 789  Y= 694 Y2= 698 P1= 904 P2= 510 T1=  13 T2=  12  P= 608  D=  -1 * 8
 X= 785 X2= 788  Y= 694 Y2= 698 P1= 903 P2= 511 T1=  14 T2=  12  P= 602  D=  -1 * 9
 X= 786 X2= 789  Y= 694 Y2= 698 P1= 903 P2= 511 T1=  13 T2=  13  P= 603  D=  -1 * 10
 X= 786 X2= 789  Y= 694 Y2= 698 P1= 903 P2= 511 T1=  13 T2=  13  P= 603  D=  -1 * 11
 X= 787 X2= 788  Y= 692 Y2= 694 P1= 906 P2= 512 T1=  11 T2=  13  P= 605  D=  -1 * 12
 X= 787 X2= 787  Y= 693 Y2= 698 P1= 898 P2= 512 T1=  13 T2=  12  P= 592  D=  -1 * 13
 X= 793 X2= 787  Y= 693 Y2= 695 P1= 903 P2= 513 T1=  13 T2=  13  P= 600  D=  -1 * 14
 X= 786 X2= 788  Y= 694 Y2= 698 P1= 903 P2= 514 T1=  14 T2=  13  P= 594  D=  -1 * 15
 X= 786 X2= 788  Y= 694 Y2= 698 P1= 897 P2= 513 T1=  14 T2=  10  P= 588  D=  -1 * 16
 X= 786 X2= 786  Y= 694 Y2= 697 P1= 903 P2= 513 T1=  13 T2=  13  P= 597  D=  -1 * 17
 X= 786 X2= 787  Y= 694 Y2= 698 P1= 903 P2= 514 T1=  13 T2=  13  P= 594  D=  -1 * 18
 X= 786 X2= 787  Y= 693 Y2= 697 P1= 903 P2= 513 T1=  13 T2=  13  P= 597  D=  -1 * 19
 X= 785 X2= 787  Y= 694 Y2= 698 P1= 903 P2= 513 T1=  13 T2=  13  P= 597  D=  -1 * 20
 X= 786 X2= 786  Y= 693 Y2= 694 P1= 902 P2= 513 T1=  13 T2=  13  P= 595  D=  -1 * 21
 X= 787 X2= 787  Y= 694 Y2= 697 P1= 902 P2= 514 T1=  13 T2=  14  P= 593  D=  -1 * 22
 X= 786 X2= 789  Y= 694 Y2= 697 P1= 902 P2= 514 T1=  13 T2=  13  P= 593  D=  -1 * 23
 X= 785 X2= 788  Y= 693 Y2= 697 P1= 903 P2= 514 T1=  14 T2=  13  P= 594  D=  -1 * 24
Remove Pin
 X= 788 X2= 787  Y= 693 Y2= 697 P1= 902 P2= 514 T1=  12 T2=  13  P= 593  D=  -1 * 24
 X= 786 X2= 788  Y= 694 Y2= 696 P1= 902 P2= 512 T1=  14 T2=  13  P= 598  D=  -1 * 24
 X= 784 X2= 788  Y= 694 Y2= 696 P1= 902 P2= 514 T1=  15 T2=  13  P= 592  D=  -1 * 24
 X= 786 X2= 785  Y= 694 Y2= 698 P1= 902 P2= 516 T1=  14 T2=  12  P= 587  D=  -1 * 24
 X= 789 X2= 791  Y= 693 Y2= 696 P1= 902 P2= 515 T1=  13 T2=  14  P= 593  D=  -1 * 24
 X= 786 X2= 788  Y= 693 Y2= 696 P1= 902 P2= 515 T1=  13 T2=  13  P= 591  D=  -1 * 24
 X= 787 X2= 787  Y= 693 Y2= 697 P1= 902 P2= 515 T1=  13 T2=  13  P= 591  D=  -1 * 24
 X= 788 X2= 787  Y= 695 Y2= 697 P1= 902 P2= 516 T1=  13 T2=  15  P= 588  D=  -1 * 24
 X= 786 X2= 786  Y= 692 Y2= 697 P1= 901 P2= 516 T1=  13 T2=  14  P= 586  D=  -1 * 24
 X= 785 X2= 787  Y= 694 Y2= 697 P1= 902 P2= 516 T1=  13 T2=  13  P= 587  D=  -1 * 24
 X= 787 X2= 787  Y= 694 Y2= 697 P1= 901 P2= 516 T1=  12 T2=  12  P= 587  D=  -1 * 24
 X= 786 X2= 788  Y= 694 Y2= 697 P1= 901 P2= 516 T1=  13 T2=  14  P= 587  D=  -1 * 24
 X= 786 X2= 787  Y= 694 Y2= 698 P1= 902 P2= 516 T1=  13 T2=  13  P= 587  D=  -1 * 24
 X= 787 X2= 787  Y= 693 Y2= 697 P1= 902 P2= 516 T1=  14 T2=  13  P= 588  D=  -1 * 24
 X= 788 X2= 787  Y= 693 Y2= 697 P1= 902 P2= 517 T1=  13 T2=  12  P= 585  D=  -1 * 24
 X= 785 X2= 788  Y= 694 Y2= 702 P1= 902 P2= 516 T1=  13 T2=  13  P= 587  D=  -1 * 24
 X= 785 X2= 787  Y= 693 Y2= 697 P1= 902 P2= 516 T1=  13 T2=  13  P= 587  D=  -1 * 24
 X= 786 X2= 788  Y= 694 Y2= 697 P1= 902 P2= 516 T1=  13 T2=  13  P= 588  D=  -1 * 24
 X= 788 X2= 786  Y= 694 Y2= 697 P1= 901 P2= 515 T1=  12 T2=  12  P= 589  D=  -1 * 24
 X= 741 X2=1023  Y= 948 Y2=1023 P1=1023 P2=   0 T1=1021 T2= 818  P= 589  D=  -1 
 X= 672 X2=1023  Y= 969 Y2=1019 P1=1023 P2=   0 T1=1023 T2= 843  P= 589  D=  -1 
 X= 637 X2=1023  Y= 963 Y2=1020 P1=1023 P2=   0 T1=1023 T2= 856  P= 589  D=  -1 
target state=4 point=23,249
 X= 881 X2=1023  Y= 945 Y2=1022 P1=1023 P2=   0 T1=1018 T2= 861  P= 589  D=  -1 
 X= 995 X2= 968  Y= 938 Y2=1022 P1=1023 P2=   0 T1=1020 T2= 863  P= 589  D=  -1 
 X= 943 X2= 996  Y= 947 Y2=1022 P1=1023 P2=   0 T1=1023 T2= 873  P= 589  D=  -1 
 X= 778 X2=1023  Y= 967 Y2=1019 P1=1023 P2=   0 T1=1023 T2= 862  P= 589  D=  -1 
 X= 861 X2=1023  Y= 966 Y2=1023 P1=1023 P2=   0 T1=1023 T2= 831  P= 589  D=  -1 
 X= 601 X2=1023  Y= 951 Y2=1020 P1=1023 P2=   0 T1=1023 T2= 819  P= 589  D=  -1 
 X= 667 X2=1023  Y= 955 Y2=1018 P1=1023 P2=   0 T1=1023 T2= 841  P= 589  D=  -1 
 X= 978 X2=1023  Y=1019 Y2=1023 P1=1023 P2=   0 T1=1023 T2=1021  P= 589  D=  -1 
 X= 910 X2= 954  Y= 958 Y2=1017 P1=1023 P2=   0 T1=1022 T2= 851  P= 589  D=  -1 
 X= 697 X2=1023  Y= 963 Y2=1021 P1=1023 P2=   0 T1=1020 T2= 856  P= 589  D=  -1 
 X= 978 X2= 957  Y= 951 Y2=1022 P1=1023 P2=   0 T1=1023 T2= 850  P= 589  D=  -1 
 X= 965 X2= 979  Y= 954 Y2=1020 P1=1023 P2=   0 T1=1023 T2= 876  P= 589  D=  -1 
 X= 886 X2=1009  Y= 964 Y2=1020 P1=1023 P2=   0 T1=1020 T2= 857  P= 589  D=  -1 
 X= 872 X2=1022  Y= 948 Y2=1018 P1=1023 P2=   0 T1=1023 T2= 843  P= 589  D=  -1 
 X= 769 X2=1023  Y= 964 Y2=1022 P1=1023 P2=   0 T1=1021 T2= 873  P= 589  D=  -1 
 X= 708 X2=1023  Y= 970 Y2=1019 P1=1023 P2=   0 T1=1020 T2= 866  P= 589  D=  -1 
 X= 680 X2=1023  Y= 947 Y2=1021 P1=1023 P2=   0 T1=1020 T2= 844  P= 589  D=  -1 
 X= 938 X2= 990  Y= 957 Y2=1023 P1=1023 P2=   0 T1=1021 T2= 848  P= 589  D=  -1 
 X= 776 X2=1023  Y= 971 Y2=1018 P1=1023 P2=   0 T1=1019 T2= 851  P= 589  D=  -1 
 X=1023 X2= 991  Y= 954 Y2=1023 P1=1023 P2=   0 T1=1023 T2= 848  P= 589  D=  -1 
 X= 992 X2= 951  Y= 950 Y2=1023 P1=1023 P2=   0 T1=1021 T2= 851  P= 589  D=  -1 
 X= 856 X2=1023  Y= 968 Y2=1023 P1=1023 P2=   0 T1=1023 T2= 865  P= 589  D=  -1 
 X= 863 X2=1023  Y= 958 Y2=1023 P1=1023 P2=   0 T1=1023 T2= 867  P= 589  D=  -1 
 X=1020 X2=1021  Y= 948 Y2=1023 P1=1023 P2=   0 T1=1020 T2= 864  P= 589  D=  -1 
 X= 663 X2=1023  Y= 973 Y2=1019 P1=1023 P2=   0 T1=1023 T2= 862  P= 589  D=  -1 
 X= 682 X2=1023  Y= 969 Y2=1019 P1=1023 P2=   0 T1=1023 T2= 842  P= 589  D=  -1 
 X= 961 X2= 977  Y= 957 Y2=1022 P1=1023 P2=   0 T1=1023 T2= 849  P= 589  D=  -1 
 X= 967 X2= 997  Y= 943 Y2=1018 P1=1023 P2=   0 T1=1019 T2= 869  P= 589  D=  -1 
 X= 895 X2= 975  Y= 948 Y2=1023 P1=1023 P2=   0 T1=1021 T2= 861  P= 589  D=  -1 
 X=1023 X2= 995  Y= 951 Y2=1023 P1=1023 P2=   0 T1=1022 T2= 857  P= 589  D=  -1 
 X= 865 X2=1019  Y= 953 Y2=1019 P1=1023 P2=   0 T1=1023 T2= 841  P= 589  D=  -1 
 X= 629 X2=1023  Y= 970 Y2=1019 P1=1023 P2=   0 T1=1019 T2= 847  P= 589  D=  -1 
 X= 860 X2=1022  Y= 967 Y2=1023 P1=1023 P2=   0 T1=1023 T2= 878  P= 589  D=  -1 
 X=1019 X2= 971  Y= 955 Y2=1023 P1=1023 P2=   0 T1=1020 T2= 866  P= 589  D=  -1 
 X= 675 X2=1023  Y= 968 Y2=1019 P1=1023 P2=   0 T1=1023 T2= 856  P= 589  D=  -1 
 X= 791 X2=1009  Y= 937 Y2=1020 P1=1023 P2=   0 T1=1023 T2= 863  P= 589  D=  -1 
 X= 986 X2=1016  Y= 968 Y2=1023 P1=1023 P2=   0 T1=1021 T2= 852  P= 589  D=  -1 
 X=1015 X2=1004  Y= 958 Y2=1023 P1=1023 P2=   0 T1=1023 T2= 855  P= 589  D=  -1 
 X=1023 X2= 973  Y= 968 Y2=1023 P1=1023 P2=   0 T1=1021 T2= 855  P= 589  D=  -1 
 X=1000 X2= 953  Y= 953 Y2=1020 P1=1023 P2=   0 T1=1020 T2= 856  P= 589  D=  -1 
 X= 668 X2=1023  Y= 960 Y2=1020 P1=1023 P2=   0 T1=1023 T2= 843  P= 589  D=  -1 
 X= 796 X2=1023  Y= 961 Y2=1019 P1=1023 P2=   0 T1=1020 T2= 880  P= 589  D=  -1 
 X= 601 X2=1023  Y= 951 Y2=1019 P1=1023 P2=   0 T1=1023 T2= 852  P= 589  D=  -1 
 X= 642 X2=1023  Y= 955 Y2=1023 P1=1023 P2=   0 T1=1021 T2= 860  P= 589  D=  -1 
 X=1012 X2= 944  Y= 952 Y2=1023 P1=1023 P2=   0 T1=1023 T2= 835  P= 589  D=  -1 
 X=1012 X2= 962  Y= 947 Y2=1023 P1=1023 P2=   0 T1=1023 T2= 870  P= 589  D=  -1 
 X= 862 X2=1003  Y= 949 Y2=1019 P1=1023 P2=   0 T1=1023 T2= 858  P= 589  D=  -1 
 X= 819 X2=1023  Y= 970 Y2=1023 P1=1023 P2=   0 T1=1020 T2= 869  P= 589  D=  -1 
 X= 957 X2=1023  Y= 956 Y2=1023 P1=1023 P2=   0 T1=1023 T2= 866  P= 589  D=  -1 
 X= 828 X2=1023  Y= 961 Y2=1022 P1=1023 P2=   0 T1=1021 T2= 841  P= 589  D=  -1 
 X= 747 X2=1023  Y= 955 Y2=1018 P1=1023 P2=   0 T1=1022 T2= 850  P= 589  D=  -1 
 X= 745 X2=1005  Y= 943 Y2=1023 P1=1023 P2=   0 T1=1021 T2= 852  P= 589  D=  -1 
 X= 846 X2=1014  Y= 948 Y2=1019 P1=1023 P2=   0 T1=1019 T2= 836  P= 589  D=  -1 
 X= 668 X2=1023  Y= 960 Y2=1019 P1=1023 P2=   0 T1=1021 T2= 873  P= 589  D=  -1 
 X=1023 X2= 996  Y= 948 Y2=1023 P1=1023 P2=   0 T1=1021 T2= 850  P= 589  D=  -1 
 X= 968 X2= 996  Y= 952 Y2=1023 P1=1023 P2=   0 T1=1023 T2= 883  P= 589  D=  -1 
 X= 870 X2= 938  Y= 959 Y2=1018 P1=1023 P2=   0 T1=1023 T2= 833  P= 589  D=  -1 
 X= 876 X2= 952  Y= 941 Y2=1022 P1=1023 P2=   0 T1=1023 T2= 855  P= 589  D=  -1 
 X= 873 X2=1023  Y= 956 Y2=1022 P1=1023 P2=   0 T1=1023 T2= 846  P= 589  D=  -1 
 X= 677 X2=1023  Y= 952 Y2=1019 P1=1023 P2=   0 T1=1023 T2= 857  P= 589  D=  -1 
 X= 754 X2=1023  Y= 970 Y2=1019 P1=1023 P2=   0 T1=1022 T2= 837  P= 589  D=  -1 
 X= 959 X2= 993  Y= 955 Y2=1017 P1=1023 P2=   0 T1=1023 T2= 857  P= 589  D=  -1 
 X= 851 X2=1011  Y= 950 Y2=1020 P1=1023 P2=   0 T1=1023 T2= 865  P= 589  D=  -1 
 X= 984 X2= 985  Y= 963 Y2=1023 P1=1023 P2=   0 T1=1020 T2= 858  P= 589  D=  -1 
 X=1021 X2= 999  Y= 958 Y2=1019 P1=1023 P2=   0 T1=1023 T2= 848  P= 589  D=  -1 
 X= 697 X2=1023  Y= 952 Y2=1020 P1=1023 P2=   0 T1=1023 T2= 864  P= 589  D=  -1 
 X= 828 X2=1022  Y= 959 Y2=1023 P1=1023 P2=   0 T1=1020 T2= 856  P= 589  D=  -1 
 X= 849 X2=1023  Y= 961 Y2=1020 P1=1023 P2=   0 T1=1023 T2= 860  P= 589  D=  -1 
 X= 902 X2=1023  Y= 972 Y2=1019 P1=1023 P2=   0 T1=1023 T2= 873  P= 589  D=  -1 
 X= 250 X2= 252  Y= 694 Y2= 690 P1= 826 P2= 249 T1=  17 T2=  19  P= 581  D=  -1 * 0
 X= 658 X2=1023  Y= 957 Y2=1019 P1=1023 P2=   0 T1=1022 T2= 858  P= 581  D=  -1 
 X= 256 X2= 258  Y= 698 Y2= 694 P1= 873 P2= 197 T1=  22 T2=  22  P= 881  D=  -1 * 0
 X= 254 X2= 257  Y= 697 Y2= 693 P1= 853 P2= 216 T1=  21 T2=  20  P= 751  D=  -1 * 0
 X= 253 X2= 256  Y= 696 Y2= 693 P1= 843 P2= 230 T1=  20 T2=  22  P= 676  D=  -1 * 0
 X= 252 X2= 255  Y= 696 Y2= 692 P1= 842 P2= 231 T1=  20 T2=  19  P= 669  D=  -1 * 1
 X= 253 X2= 255  Y= 696 Y2= 692 P1= 841 P2= 232 T1=  20 T2=  19  P= 666  D=  -1 * 2
 X= 253 X2= 253  Y= 697 Y2= 693 P1= 842 P2= 233 T1=  20 T2=  19  P= 661  D=  -1 * 3
 X= 253 X2= 253  Y= 698 Y2= 692 P1= 839 P2= 234 T1=  19 T2=  19  P= 654  D=  -1 * 4
 X= 253 X2= 255  Y= 696 Y2= 691 P1= 839 P2= 236 T1=  20 T2=  18  P= 648  D=  -1 * 5
 X= 252 X2= 254  Y= 696 Y2= 692 P1= 838 P2= 236 T1=  20 T2=  20  P= 645  D=  -1 * 6
 X= 252 X2= 254  Y= 696 Y2= 692 P1= 839 P2= 237 T1=  19 T2=  18  P= 642  D=  -1 * 7
 X= 252 X2= 254  Y= 695 Y2= 693 P1= 838 P2= 237 T1=  20 T2=  19  P= 641  D=  -1 * 8
 X= 253 X2= 255  Y= 696 Y2= 694 P1= 838 P2= 237 T1=  18 T2=  19  P= 643  D=  -1 * 9
 X= 253 X2= 254  Y= 695 Y2= 692 P1= 838 P2= 237 T1=  19 T2=  19  P= 641  D=  -1 * 10
 X= 252 X2= 254  Y= 696 Y2= 692 P1= 838 P2= 238 T1=  21 T2=  19  P= 637  D=  -1 * 11
 X= 253 X2= 253  Y= 695 Y2= 692 P1= 837 P2= 237 T1=  19 T2=  19  P= 640  D=  -1 * 12
 X= 252 X2= 254  Y= 696 Y2= 692 P1= 837 P2= 239 T1=  19 T2=  19  P= 633  D=  -1 * 13
 X= 252 X2= 254  Y= 695 Y2= 692 P1= 838 P2= 238 T1=  19 T2=  18  P= 637  D=  -1 * 14
 X= 251 X2= 254  Y= 695 Y2= 691 P1= 837 P2= 238 T1=  19 T2=  19  P= 634  D=  -1 * 15
 X= 252 X2= 254  Y= 695 Y2= 692 P1= 837 P2= 238 T1=  21 T2=  19  P= 636  D=  -1 * 16
 X= 252 X2= 254  Y= 695 Y2= 692 P1= 837 P2= 238 T1=  19 T2=  18  P= 636  D=  -1 * 17
 X= 252 X2= 254  Y= 695 Y2= 692 P1= 837 P2= 238 T1=  19 T2=  19  P= 636  D=  -1 * 18
 X= 252 X2= 254  Y= 696 Y2= 692 P1= 836 P2= 238 T1=  18 T2=  18  P= 635  D=  -1 * 19
 X= 252 X2= 255  Y= 695 Y2= 692 P1= 837 P2= 238 T1=  18 T2=  19  P= 636  D=  -1 * 20
 X= 252 X2= 255  Y= 695 Y2= 691 P1= 837 P2= 238 T1=  20 T2=  19  P= 636  D=  -1 * 21
 X= 252 X2= 254  Y= 696 Y2= 692 P1= 836 P2= 239 T1=  19 T2=  19  P= 631  D=  -1 * 22
 X= 251 X2= 254  Y= 695 Y2= 692 P1= 838 P2= 239 T1=  19 T2=  19  P= 631  D=  -1 * 23
 X= 252 X2= 255  Y= 693 Y2= 692 P1= 837 P2= 239 T1=  19 T2=  19  P= 633  D=  -1 * 24
Remove Pin
 X= 252 X2= 255  Y= 695 Y2= 693 P1= 836 P2= 239 T1=  20 T2=  18  P= 631  D=  -1 * 24
 X= 252 X2= 255  Y= 696 Y2= 692 P1= 836 P2= 239 T1=  17 T2=  20  P= 631  D=  -1 * 24
 X= 254 X2= 254  Y= 695 Y2= 692 P1= 836 P2= 239 T1=  19 T2=  19  P= 634  D=  -1 * 24
 X= 251 X2= 253  Y= 695 Y2= 692 P1= 836 P2= 239 T1=  18 T2=  19  P= 629  D=  -1 * 24
 X= 252 X2= 254  Y= 696 Y2= 693 P1= 834 P2= 239 T1=  19 T2=  19  P= 629  D=  -1 * 24
 X= 252 X2= 255  Y= 696 Y2= 692 P1= 836 P2= 240 T1=  19 T2=  19  P= 628  D=  -1 * 24
 X= 253 X2= 252  Y= 695 Y2= 692 P1= 836 P2= 240 T1=  19 T2=  18  P= 625  D=  -1 * 24
 X= 251 X2= 254  Y= 695 Y2= 691 P1= 836 P2= 239 T1=  19 T2=  19  P= 629  D=  -1 * 24
 X= 253 X2= 253  Y= 696 Y2= 691 P1= 836 P2= 240 T1=  19 T2=  18  P= 628  D=  -1 * 24
 X= 254 X2= 254  Y= 695 Y2= 692 P1= 836 P2= 240 T1=  18 T2=  18  P= 630  D=  -1 * 24
 X= 249 X2= 253  Y= 695 Y2= 690 P1= 836 P2= 240 T1=  19 T2=  18  P= 623  D=  -1 * 24
 X= 252 X2= 254  Y= 694 Y2= 692 P1= 835 P2= 241 T1=  17 T2=  18  P= 623  D=  -1 * 24
 X= 253 X2= 254  Y= 695 Y2= 692 P1= 836 P2= 240 T1=  19 T2=  18  P= 628  D=  -1 * 24
 X= 253 X2= 253  Y= 695 Y2= 692 P1= 836 P2= 241 T1=  19 T2=  19  P= 624  D=  -1 * 24
 X= 252 X2= 254  Y= 696 Y2= 692 P1= 836 P2= 241 T1=  19 T2=  19  P= 624  D=  -1 * 24
 X= 251 X2= 254  Y= 695 Y2= 692 P1= 835 P2= 241 T1=  18 T2=  19  P= 620  D=  -1 * 24
 X= 252 X2= 254  Y= 696 Y2= 691 P1= 836 P2= 241 T1=  19 T2=  18  P= 624  D=  -1 * 24
 X= 252 X2= 254  Y= 695 Y2= 693 P1= 835 P2= 241 T1=  18 T2=  19  P= 623  D=  -1 * 24
 X= 252 X2= 254  Y= 695 Y2= 692 P1= 836 P2= 241 T1=  18 T2=  19  P= 624  D=  -1 * 24
 X= 252 X2= 255  Y= 694 Y2= 690 P1= 835 P2= 241 T1=  19 T2=  19  P= 623  D=  -1 * 24
 X= 252 X2= 254  Y= 695 Y2= 691 P1= 835 P2= 242 T1=  19 T2=  19  P= 619  D=  -1 * 24
 X= 253 X2= 254  Y= 696 Y2= 692 P1= 835 P2= 241 T1=  18 T2=  18  P= 623  D=  -1 * 24
 X= 252 X2= 254  Y= 695 Y2= 692 P1= 835 P2= 241 T1=  18 T2=  19  P= 623  D=  -1 * 24
 X= 251 X2= 254  Y= 695 Y2= 691 P1= 835 P2= 241 T1=  19 T2=  19  P= 620  D=  -1 * 24
 X= 256 X2= 259  Y= 698 Y2= 693 P1= 871 P2= 194 T1=  24 T2=  26  P= 896  D=  -1 * 24
 X= 870 X2=1013  Y= 961 Y2=1019 P1=1023 P2=   0 T1=1022 T2= 858  P= 896  D=  -1 
 X= 765 X2=1005  Y= 944 Y2=1023 P1=1023 P2=   0 T1=1023 T2= 853  P= 896  D=  -1 
 X= 756 X2=1008  Y= 946 Y2=1020 P1=1023 P2=   0 T1=1019 T2= 882  P= 896  D=  -1 
Target Noise  x= 2.50 y= 2.50
X[0]: Target=240   520/ 521/ 522 Stdev= 0.51 N= 24  Y[0]: Target=136   521/ 522/ 523 Stdev= 0.66 N= 24
X[1]: Target= 23   256/ 258/ 259 Stdev= 0.83 N= 24  Y[1]: Target= 22   346/ 348/ 350 Stdev= 0.80 N= 24
X[2]: Target=456   787/ 788/ 789 Stdev= 0.61 N= 24  Y[2]: Target= 22   348/ 349/ 352 Stdev= 0.92 N= 24
X[3]: Target=456   786/ 787/ 790 Stdev= 0.83 N= 24  Y[3]: Target=249   693/ 695/ 696 Stdev= 0.87 N= 24
X[4]: Target= 23   252/ 253/ 254 Stdev= 0.48 N= 24  Y[4]: Target=249   693/ 694/ 695 Stdev= 0.67 N= 24
N=24 Avg=16
min: 15 15 15 16 16 16 
max: 17 17 17 17 17 16 
N=24 Avg=20
min: 19 19 19 19 19 20 
max: 24 22 21 21 21 21 
N=24 Avg=13
min: 12 12 12 13 13 13 
max: 15 15 14 14 14 14 
N=24 Avg=12
min: 12 12 12 12 12 13 
max: 14 14 14 13 13 13 
N=24 Avg=18
min: 18 18 18 18 18 18 
max: 21 20 20 20 19 19 
Using TNT center offset = 17
TNT Plane Coef: a= -799 b= -290 c= 542105
At  521, 521: Real=  16 Fit=  17 Offset=   0
At  257, 348: Real=  21 Fit=  21 Offset=   4
At  788, 348: Real=  14 Fit=  15 Offset=  -2
At  786, 695: Real=  13 Fit=  14 Offset=  -3
At  253, 693: Real=  19 Fit=  19 Offset=   2
Fit Points: 17, 24, 12, 11, 22,  center: 17
Setting for min_tnt_up:   520
Setting for max_tnt_down: 22 (V2:33)
Entering calib_pressure_mfg
Using default pressure curve
468 471 487 495 509 524 553 575 612 
Summary:
Setting for max_tnt_down:      22
3.7 setting for max_tnt_down:     -1
Setting for min_tnt_up:       520
Setting for max_delta_tnt:      5
3.8 setting for max_delta_tnt:     -1
Setting for delay_in_us:        1
Setting for y_delay_in_us:      1
Setting for tnt_delay_in_us:    1
Setting for pressure_curve:  468 471 487 495 509 524 553 575 612
Setting for tnt_mode:           1
Setting for averaging:         -1
Setting for pointercal:      53440 619 -12442591 0 43120 -13564242 65536
Setting for tnt_plane:       -799 -290 542105
