new-calib: New touch screen calibration program v3.12
Serial Number='13101E00010B06010068'
Using tnt_mode=1
Setting for delay_in_us:        1
Setting for y_delay_in_us:      1
Setting for tnt_delay_in_us:    1
Setting for max_delta_tnt:      5
Setting for tnt_mode:           1
Setting for averaging:         -1
Entering get_five_points
target_noise  x= 2.50 y= 2.50 t= 2.50
target state=0 point=240,136
 X= 537 X2= 536  Y=  -1 Y2=  -1 P1= 882 P2= 308 T1=  30 T2=  -1  P=  -1  D=  -1 * 0
 X= 536 X2= 536  Y=  -1 Y2=  -1 P1= 883 P2= 308 T1=  31 T2=  -1  P=  -1  D=  -1 
 X= 536 X2= 535  Y=  -1 Y2= 532 P1= 882 P2= 309 T1=  30 T2=  -1  P=  -1  D=  -1 * 0
 X= 537 X2= 535  Y=  -1 Y2= 533 P1= 882 P2= 309 T1=  30 T2=  29  P=  -1  D=  -1 * 0
 X= 536 X2= 535  Y= 532 Y2= 533 P1= 881 P2= 309 T1=  29 T2=  30  P=  -1  D=  -1 * 0
 X= 536 X2= 536  Y= 532 Y2= 533 P1= 882 P2= 309 T1=  29 T2=  30  P=  -1  D=  -1 * 1
 X= 538 X2= 536  Y= 532 Y2= 533 P1= 881 P2= 309 T1=  30 T2=  29  P=  -1  D=  -1 * 2
 X= 536 X2= 536  Y= 533 Y2= 533 P1= 882 P2= 310 T1=  29 T2=  29  P=  -1  D=  -1 * 3
 X= 536 X2= 539  Y= 533 Y2= 532 P1= 882 P2= 310 T1=  30 T2=  29  P=  -1  D=  -1 * 4
 X= 539 X2= 536  Y= 533 Y2= 533 P1= 881 P2= 310 T1=  29 T2=  29  P=  -1  D=  -1 * 5
 X= 536 X2= 535  Y= 532 Y2= 533 P1= 881 P2= 311 T1=  29 T2=  30  P=  -1  D=  -1 * 6
 X= 535 X2= 536  Y= 533 Y2= 533 P1= 882 P2= 310 T1=  29 T2=  29  P=  -1  D=  -1 * 7
 X= 536 X2= 535  Y= 532 Y2= 533 P1= 882 P2= 310 T1=  29 T2=  29  P=  -1  D=  -1 * 8
 X= 537 X2= 536  Y= 533 Y2= 533 P1= 881 P2= 310 T1=  30 T2=  30  P=  -1  D=  -1 * 9
 X= 536 X2= 536  Y= 533 Y2= 533 P1= 881 P2= 310 T1=  30 T2=  30  P=  -1  D=  -1 * 10
 X= 535 X2= 536  Y= 533 Y2= 533 P1= 882 P2= 308 T1=  30 T2=  29  P=  -1  D=  -1 * 11
 X= 536 X2= 536  Y= 533 Y2= 533 P1= 882 P2= 309 T1=  30 T2=  30  P=  -1  D=  -1 * 12
 X= 536 X2= 537  Y= 533 Y2= 533 P1= 882 P2= 309 T1=  29 T2=  30  P=  -1  D=  -1 * 13
 X= 534 X2= 536  Y= 533 Y2= 533 P1= 882 P2= 310 T1=  30 T2=  30  P=  -1  D=  -1 * 14
 X= 535 X2= 537  Y= 533 Y2= 533 P1= 881 P2= 310 T1=  31 T2=  29  P=  -1  D=  -1 
 X= 536 X2= 536  Y= 533 Y2= 533 P1= 881 P2= 309 T1=  30 T2=  30  P=  -1  D=  -1 * 15
 X= 535 X2= 536  Y= 533 Y2= 533 P1= 882 P2= 309 T1=  30 T2=  30  P=  -1  D=  -1 * 16
 X= 536 X2= 532  Y= 533 Y2= 533 P1= 881 P2= 309 T1=  30 T2=  29  P=  -1  D=  -1 * 17
 X= 536 X2= 543  Y= 533 Y2= 533 P1= 882 P2= 308 T1=  30 T2=  30  P=  -1  D=  -1 * 18
 X= 536 X2= 537  Y= 533 Y2= 533 P1= 882 P2= 308 T1=  30 T2=  30  P=  -1  D=  -1 * 19
 X= 536 X2= 536  Y= 533 Y2= 533 P1= 882 P2= 309 T1=  30 T2=  30  P=  -1  D=  -1 * 20
 X= 536 X2= 536  Y= 533 Y2= 533 P1= 882 P2= 309 T1=  30 T2=  30  P=  -1  D=  -1 * 21
 X= 536 X2= 536  Y= 533 Y2= 533 P1= 882 P2= 308 T1=  30 T2=  31  P=  -1  D=  -1 * 22
 X= 541 X2= 536  Y= 533 Y2= 533 P1= 882 P2= 309 T1=  30 T2=  29  P=  -1  D=  -1 * 23
 X= 536 X2= 536  Y= 533 Y2= 534 P1= 882 P2= 309 T1=  31 T2=  30  P=  -1  D=  -1 
 X= 535 X2= 536  Y= 533 Y2= 533 P1= 882 P2= 309 T1=  30 T2=  29  P=  -1  D=  -1 * 24
Remove Pin
 X= 536 X2= 537  Y= 532 Y2= 533 P1= 882 P2= 310 T1=  29 T2=  29  P=  -1  D=  -1 * 24
 X= 535 X2= 536  Y= 533 Y2= 533 P1= 881 P2= 311 T1=  30 T2=  29  P=  -1  D=  -1 * 24
 X= 536 X2= 536  Y= 533 Y2= 533 P1= 881 P2= 309 T1=  29 T2=  30  P=  -1  D=  -1 * 24
 X= 536 X2= 536  Y= 533 Y2= 533 P1= 881 P2= 309 T1=  28 T2=  30  P=  -1  D=  -1 * 24
 X= 536 X2= 536  Y= 533 Y2= 533 P1= 882 P2= 309 T1=  30 T2=  30  P=  -1  D=  -1 * 24
 X= 537 X2= 536  Y= 533 Y2= 534 P1= 882 P2= 309 T1=  30 T2=  30  P=  -1  D=  -1 * 24
 X= 536 X2= 536  Y= 534 Y2= 533 P1= 882 P2= 309 T1=  29 T2=  30  P=  -1  D=  -1 * 24
 X= 537 X2= 536  Y= 533 Y2= 533 P1= 881 P2= 309 T1=  30 T2=  30  P=  -1  D=  -1 * 24
 X= 535 X2= 536  Y= 532 Y2= 533 P1= 881 P2= 309 T1=  29 T2=  30  P=  -1  D=  -1 * 24
 X= 536 X2= 536  Y= 533 Y2= 533 P1= 881 P2= 310 T1=  29 T2=  30  P=  -1  D=  -1 * 24
 X= 537 X2= 536  Y= 533 Y2= 533 P1= 882 P2= 309 T1=  30 T2=  32  P=  -1  D=  -1 * 24
 X= 536 X2= 536  Y= 533 Y2= 533 P1= 881 P2= 310 T1=  30 T2=  30  P=  -1  D=  -1 * 24
 X= 536 X2= 535  Y= 533 Y2= 533 P1= 882 P2= 308 T1=  30 T2=  29  P=  -1  D=  -1 * 24
 X= 535 X2= 536  Y= 532 Y2= 533 P1= 882 P2= 309 T1=  29 T2=  30  P=  -1  D=  -1 * 24
 X= 537 X2= 536  Y= 533 Y2= 533 P1= 882 P2= 308 T1=  30 T2=  30  P=  -1  D=  -1 * 24
 X= 536 X2= 536  Y= 532 Y2= 533 P1= 882 P2= 308 T1=  31 T2=  30  P=  -1  D=  -1 
 X= 536 X2= 536  Y= 533 Y2= 533 P1= 881 P2= 309 T1=  30 T2=  30  P=  -1  D=  -1 * 24
 X= 536 X2= 536  Y= 533 Y2= 533 P1= 881 P2= 310 T1=  30 T2=  30  P=  -1  D=  -1 * 24
 X= 535 X2= 536  Y= 533 Y2= 533 P1= 882 P2= 310 T1=  30 T2=  30  P=  -1  D=  -1 * 24
 X= 536 X2= 536  Y= 533 Y2= 532 P1= 881 P2= 309 T1=  30 T2=  29  P=  -1  D=  -1 * 24
 X= 535 X2= 536  Y= 533 Y2= 533 P1= 882 P2= 309 T1=  30 T2=  31  P=  -1  D=  -1 * 24
 X= 536 X2= 536  Y= 533 Y2= 534 P1= 881 P2= 308 T1=  30 T2=  30  P=  -1  D=  -1 * 24
 X= 537 X2= 536  Y= 533 Y2= 533 P1= 882 P2= 307 T1=  30 T2=  30  P=  -1  D=  -1 * 24
 X= 537 X2= 536  Y= 533 Y2= 533 P1= 882 P2= 308 T1=  29 T2=  30  P=  -1  D=  -1 * 24
 X= 536 X2= 536  Y= 533 Y2= 533 P1= 881 P2= 310 T1=  30 T2=  30  P=  -1  D=  -1 * 24
 X= 536 X2= 536  Y= 533 Y2= 533 P1= 881 P2= 309 T1=  30 T2=  30  P=  -1  D=  -1 * 24
 X= 536 X2= 536  Y= 533 Y2= 533 P1= 881 P2= 310 T1=  30 T2=  30  P=  -1  D=  -1 * 24
 X= 535 X2= 536  Y= 532 Y2= 533 P1= 881 P2= 311 T1=  29 T2=  30  P=  -1  D=  -1 * 24
 X= 535 X2= 536  Y= 533 Y2= 533 P1= 881 P2= 312 T1=  29 T2=  29  P=  -1  D=  -1 * 24
 X= 536 X2= 536  Y= 533 Y2= 533 P1= 881 P2= 311 T1=  29 T2=  30  P=  -1  D=  -1 * 24
 X= 536 X2= 536  Y= 533 Y2= 533 P1= 881 P2= 311 T1=  30 T2=  29  P=  -1  D=  -1 * 24
 X= 536 X2= 535  Y= 531 Y2= 533 P1= 881 P2= 310 T1=  30 T2=  29  P=  -1  D=  -1 * 24
 X= 535 X2= 535  Y= 533 Y2= 532 P1= 881 P2= 310 T1=  30 T2=  29  P=  -1  D=  -1 * 24
 X= 544 X2= 536  Y= 532 Y2= 533 P1= 881 P2= 311 T1=  29 T2=  29  P=  -1  D=  -1 * 24
 X= 536 X2= 537  Y= 533 Y2= 533 P1= 881 P2= 310 T1=  29 T2=  29  P=  -1  D=  -1 * 24
 X= 537 X2= 535  Y= 533 Y2= 533 P1= 881 P2= 311 T1=  31 T2=  29  P=  -1  D=  -1 
 X= 536 X2= 535  Y= 533 Y2= 533 P1= 880 P2= 310 T1=  29 T2=  29  P=  -1  D=  -1 * 24
 X= 534 X2= 535  Y= 532 Y2= 533 P1= 881 P2= 311 T1=  30 T2=  29  P=  -1  D=  -1 * 24
 X= 536 X2= 536  Y= 533 Y2= 533 P1= 880 P2= 311 T1=  30 T2=  30  P=  -1  D=  -1 * 24
 X= 536 X2= 535  Y= 532 Y2= 533 P1= 880 P2= 312 T1=  29 T2=  29  P=  -1  D=  -1 * 24
 X= 536 X2= 536  Y= 533 Y2= 531 P1= 881 P2= 312 T1=  29 T2=  29  P=  -1  D=  -1 * 24
 X= 536 X2= 534  Y= 532 Y2= 532 P1= 880 P2= 312 T1=  29 T2=  29  P=  -1  D=  -1 * 24
 X= 536 X2= 536  Y= 531 Y2= 533 P1= 881 P2= 312 T1=  29 T2=  28  P=  -1  D=  -1 * 24
 X= 535 X2= 536  Y= 532 Y2= 532 P1= 880 P2= 312 T1=  29 T2=  29  P=  -1  D=  -1 * 24
 X= 536 X2= 535  Y= 531 Y2= 533 P1= 880 P2= 314 T1=  30 T2=  29  P=  -1  D=  -1 * 24
 X= 535 X2= 535  Y= 533 Y2= 533 P1= 880 P2= 313 T1=  29 T2=  28  P=  -1  D=  -1 * 24
 X= 535 X2= 536  Y= 533 Y2= 533 P1= 881 P2= 313 T1=  30 T2=  29  P=  -1  D=  -1 * 24
 X= 536 X2= 535  Y= 532 Y2= 532 P1= 881 P2= 312 T1=  29 T2=  29  P=  -1  D=  -1 * 24
 X= 535 X2= 536  Y= 532 Y2= 532 P1= 880 P2= 312 T1=  29 T2=  29  P=  -1  D=  -1 * 24
 X= 536 X2= 537  Y= 532 Y2= 532 P1= 879 P2= 312 T1=  29 T2=  29  P=  -1  D=  -1 * 24
 X= 536 X2= 536  Y= 532 Y2= 532 P1= 881 P2= 311 T1=  29 T2=  29  P=  -1  D=  -1 * 24
 X= 536 X2= 536  Y= 532 Y2= 533 P1= 881 P2= 311 T1=  30 T2=  29  P=  -1  D=  -1 * 24
 X= 536 X2= 536  Y= 532 Y2= 533 P1= 880 P2= 311 T1=  30 T2=  30  P=  -1  D=  -1 * 24
 X= 535 X2= 538  Y= 533 Y2= 532 P1= 881 P2= 311 T1=  30 T2=  29  P=  -1  D=  -1 * 24
 X= 536 X2= 535  Y= 533 Y2= 533 P1= 881 P2= 312 T1=  30 T2=  29  P=  -1  D=  -1 * 24
 X= 535 X2= 536  Y= 532 Y2= 533 P1= 881 P2= 312 T1=  29 T2=  29  P=  -1  D=  -1 * 24
 X= 534 X2= 536  Y= 532 Y2= 531 P1= 880 P2= 312 T1=  29 T2=  29  P=  -1  D=  -1 * 24
 X= 535 X2= 536  Y= 532 Y2= 532 P1= 880 P2= 313 T1=  29 T2=  28  P=  -1  D=  -1 * 24
 X= 535 X2= 536  Y= 533 Y2= 533 P1= 880 P2= 313 T1=  29 T2=  29  P=  -1  D=  -1 * 24
 X= 535 X2= 536  Y= 532 Y2= 532 P1= 880 P2= 313 T1=  29 T2=  30  P=  -1  D=  -1 * 24
 X= 536 X2= 533  Y= 532 Y2= 533 P1= 880 P2= 312 T1=  29 T2=  29  P=  -1  D=  -1 * 24
 X= 535 X2= 535  Y= 533 Y2= 532 P1= 880 P2= 311 T1=  29 T2=  29  P=  -1  D=  -1 * 24
 X= 535 X2= 536  Y= 533 Y2= 532 P1= 881 P2= 311 T1=  29 T2=  29  P=  -1  D=  -1 * 24
 X= 536 X2= 535  Y= 532 Y2= 532 P1= 881 P2= 312 T1=  29 T2=  29  P=  -1  D=  -1 * 24
 X= 536 X2= 536  Y= 532 Y2= 532 P1= 881 P2= 312 T1=  29 T2=  29  P=  -1  D=  -1 * 24
 X= 536 X2= 536  Y= 533 Y2= 533 P1= 881 P2= 311 T1=  30 T2=  29  P=  -1  D=  -1 * 24
 X= 536 X2= 535  Y= 533 Y2= 532 P1= 881 P2= 311 T1=  29 T2=  30  P=  -1  D=  -1 * 24
 X= 537 X2= 535  Y= 533 Y2= 531 P1= 881 P2= 310 T1=  29 T2=  29  P=  -1  D=  -1 * 24
 X= 536 X2= 535  Y= 533 Y2= 533 P1= 882 P2= 311 T1=  29 T2=  30  P=  -1  D=  -1 * 24
 X= 535 X2= 536  Y= 533 Y2= 532 P1= 880 P2= 311 T1=  29 T2=  29  P=  -1  D=  -1 * 24
 X= 536 X2= 534  Y= 532 Y2= 532 P1= 881 P2= 311 T1=  29 T2=  30  P=  -1  D=  -1 * 24
 X= 536 X2= 536  Y= 532 Y2= 533 P1= 881 P2= 311 T1=  29 T2=  29  P=  -1  D=  -1 * 24
 X= 536 X2= 535  Y= 533 Y2= 532 P1= 881 P2= 312 T1=  29 T2=  29  P=  -1  D=  -1 * 24
 X= 536 X2= 536  Y= 532 Y2= 533 P1= 880 P2= 312 T1=  29 T2=  29  P=  -1  D=  -1 * 24
 X= 535 X2= 536  Y= 533 Y2= 533 P1= 881 P2= 311 T1=  29 T2=  30  P=  -1  D=  -1 * 24
 X= 536 X2= 547  Y= 532 Y2= 532 P1= 881 P2= 311 T1=  30 T2=  31  P=  -1  D=  -1 * 24
 X= 535 X2= 536  Y= 532 Y2= 532 P1= 880 P2= 313 T1=  29 T2=  29  P=  -1  D=  -1 * 24
 X= 542 X2= 535  Y= 532 Y2= 533 P1= 879 P2= 313 T1=  29 T2=  29  P=  -1  D=  -1 * 24
 X= 535 X2= 534  Y= 533 Y2= 533 P1= 881 P2= 313 T1=  29 T2=  29  P=  -1  D=  -1 * 24
 X= 536 X2= 535  Y= 532 Y2= 533 P1= 880 P2= 312 T1=  29 T2=  29  P=  -1  D=  -1 * 24
 X= 536 X2= 535  Y= 532 Y2= 533 P1= 879 P2= 314 T1=  29 T2=  29  P=  -1  D=  -1 * 24
 X= 535 X2= 535  Y= 532 Y2= 532 P1= 880 P2= 313 T1=  30 T2=  29  P=  -1  D=  -1 * 24
 X= 535 X2= 536  Y= 532 Y2= 533 P1= 879 P2= 313 T1=  29 T2=  29  P=  -1  D=  -1 * 24
 X= 535 X2= 533  Y= 532 Y2= 532 P1= 880 P2= 313 T1=  29 T2=  31  P=  -1  D=  -1 * 24
 X= 536 X2= 536  Y= 533 Y2= 533 P1= 880 P2= 312 T1=  29 T2=  28  P=  -1  D=  -1 * 24
 X= 536 X2= 535  Y= 532 Y2= 531 P1= 880 P2= 313 T1=  29 T2=  29  P=  -1  D=  -1 * 24
 X= 537 X2= 536  Y= 532 Y2= 533 P1= 879 P2= 314 T1=  29 T2=  29  P=  -1  D=  -1 * 24
 X= 536 X2= 536  Y= 532 Y2= 532 P1= 880 P2= 313 T1=  29 T2=  30  P=  -1  D=  -1 * 24
 X= 535 X2= 535  Y= 533 Y2= 532 P1= 880 P2= 312 T1=  29 T2=  28  P=  -1  D=  -1 * 24
 X= 535 X2= 535  Y= 532 Y2= 532 P1= 880 P2= 312 T1=  29 T2=  28  P=  -1  D=  -1 * 24
 X= 535 X2= 537  Y= 532 Y2= 533 P1= 881 P2= 312 T1=  29 T2=  29  P=  -1  D=  -1 * 24
 X= 535 X2= 536  Y= 532 Y2= 532 P1= 881 P2= 313 T1=  29 T2=  30  P=  -1  D=  -1 * 24
 X= 536 X2= 536  Y= 532 Y2= 533 P1= 880 P2= 312 T1=  29 T2=  29  P=  -1  D=  -1 * 24
 X= 534 X2= 536  Y= 533 Y2= 533 P1= 882 P2= 312 T1=  29 T2=  29  P=  -1  D=  -1 * 24
 X= 535 X2= 535  Y= 532 Y2= 533 P1= 881 P2= 312 T1=  29 T2=  29  P=  -1  D=  -1 * 24
 X= 535 X2= 535  Y= 532 Y2= 533 P1= 880 P2= 313 T1=  29 T2=  29  P=  -1  D=  -1 * 24
 X= 535 X2= 536  Y= 532 Y2= 532 P1= 880 P2= 312 T1=  30 T2=  29  P=  -1  D=  -1 * 24
 X= 536 X2= 536  Y= 533 Y2= 532 P1= 881 P2= 312 T1=  30 T2=  29  P=  -1  D=  -1 * 24
 X= 535 X2= 536  Y= 532 Y2= 532 P1= 880 P2= 313 T1=  30 T2=  29  P=  -1  D=  -1 * 24
 X= 535 X2= 535  Y= 532 Y2= 532 P1= 880 P2= 312 T1=  29 T2=  30  P=  -1  D=  -1 * 24
 X= 536 X2= 539  Y= 532 Y2= 532 P1= 880 P2= 313 T1=  29 T2=  30  P=  -1  D=  -1 * 24
 X= 535 X2= 536  Y= 533 Y2= 533 P1= 880 P2= 312 T1=  29 T2=  28  P=  -1  D=  -1 * 24
 X= 535 X2= 535  Y= 533 Y2= 533 P1= 879 P2= 313 T1=  29 T2=  29  P=  -1  D=  -1 * 24
 X= 536 X2= 536  Y= 533 Y2= 532 P1= 880 P2= 313 T1=  29 T2=  29  P=  -1  D=  -1 * 24
 X= 535 X2= 535  Y= 532 Y2= 532 P1= 880 P2= 312 T1=  30 T2=  29  P=  -1  D=  -1 * 24
 X= 535 X2= 535  Y= 533 Y2= 533 P1= 880 P2= 313 T1=  29 T2=  29  P=  -1  D=  -1 * 24
 X= 536 X2= 535  Y= 533 Y2= 532 P1= 881 P2= 311 T1=  29 T2=  30  P=  -1  D=  -1 * 24
 X= 536 X2= 535  Y= 532 Y2= 533 P1= 880 P2= 312 T1=  30 T2=  29  P=  -1  D=  -1 * 24
 X= 536 X2= 536  Y= 533 Y2= 533 P1= 881 P2= 311 T1=  30 T2=  29  P=  -1  D=  -1 * 24
 X= 536 X2= 536  Y= 533 Y2= 533 P1= 881 P2= 311 T1=  30 T2=  29  P=  -1  D=  -1 * 24
 X= 534 X2= 535  Y= 532 Y2= 532 P1= 876 P2= 323 T1=  28 T2=  27  P= 914  D=  -1 * 24
 X= 549 X2= 549  Y= 545 Y2= 544 P1= 896 P2= 297 T1=  44 T2=  31  P= 914  D=  -1 
 X= 538 X2= 538  Y= 536 Y2= 535 P1= 885 P2= 303 T1=  33 T2=  31  P= 914  D=  -1 
 X= 535 X2= 536  Y= 534 Y2= 534 P1= 882 P2= 305 T1=  30 T2=  30  P= 914  D=  -1 * 24
 X= 551 X2= 549  Y= 549 Y2= 550 P1= 897 P2= 287 T1=  48 T2=  32  P= 914  D=  -1 
 X= 546 X2= 546  Y= 542 Y2= 541 P1= 896 P2= 291 T1=  42 T2=  33  P= 914  D=  -1 
 X= 535 X2= 535  Y= 533 Y2= 533 P1= 877 P2= 317 T1=  28 T2=  28  P= 944  D=  -1 * 24
 X= 536 X2= 534  Y= 534 Y2= 533 P1= 880 P2= 314 T1=  30 T2=  29  P= 944  D=  -1 * 24
 X= 531 X2= 531  Y= 529 Y2= 529 P1= 862 P2= 352 T1=  23 T2=  23  P= 768  D=  -1 * 24
 X= 531 X2= 531  Y= 529 Y2= 529 P1= 863 P2= 347 T1=  23 T2=  25  P= 789  D=  -1 * 24
 X= 532 X2= 532  Y= 529 Y2= 529 P1= 868 P2= 339 T1=  25 T2=  25  P= 829  D=  -1 * 24
 X= 533 X2= 533  Y= 530 Y2= 530 P1= 871 P2= 333 T1=  26 T2=  26  P= 860  D=  -1 * 24
 X= 538 X2= 538  Y= 534 Y2= 536 P1= 889 P2= 303 T1=  31 T2=  30  P= 860  D=  -1 
 X= 543 X2= 543  Y= 540 Y2= 540 P1= 894 P2= 275 T1=  40 T2=  42  P= 860  D=  -1 
 X= 541 X2= 541  Y= 538 Y2= 538 P1= 889 P2= 289 T1=  36 T2=  37  P= 860  D=  -1 
 X= 536 X2= 537  Y= 534 Y2= 534 P1= 884 P2= 304 T1=  33 T2=  31  P= 860  D=  -1 
 X= 572 X2= 576  Y= 571 Y2= 570 P1= 899 P2= 282 T1=  87 T2=  33  P= 860  D=  -1 
 X= 974 X2= 968  Y= 965 Y2=1022 P1=1023 P2=   0 T1=1023 T2= 873  P= 860  D=  -1 
 X= 646 X2=1023  Y= 971 Y2=1021 P1=1023 P2=   0 T1=1023 T2= 903  P= 860  D=  -1 
 X=1023 X2= 989  Y= 975 Y2=1023 P1=1023 P2=   0 T1=1023 T2= 853  P= 860  D=  -1 
target state=1 point=23,22
 X= 849 X2=1023  Y= 958 Y2=1023 P1=1023 P2=   0 T1=1023 T2= 903  P= 860  D=  -1 
 X= 972 X2= 992  Y= 961 Y2=1023 P1=1023 P2=   0 T1=1023 T2= 894  P= 860  D=  -1 
 X= 731 X2=1023  Y= 977 Y2=1020 P1=1023 P2=   0 T1=1022 T2= 885  P= 860  D=  -1 
 X= 881 X2=1022  Y= 974 Y2=1021 P1=1023 P2=   0 T1=1021 T2= 891  P= 860  D=  -1 
 X= 800 X2=1013  Y= 954 Y2=1023 P1=1023 P2=   0 T1=1023 T2= 878  P= 860  D=  -1 
 X= 686 X2=1023  Y= 968 Y2=1020 P1=1023 P2=   0 T1=1023 T2= 904  P= 860  D=  -1 
 X= 759 X2=1008  Y= 941 Y2=1023 P1=1023 P2=   0 T1=1022 T2= 887  P= 860  D=  -1 
 X= 962 X2= 996  Y= 973 Y2=1020 P1=1023 P2=   0 T1=1023 T2= 887  P= 860  D=  -1 
 X= 861 X2=1015  Y= 950 Y2=1023 P1=1023 P2=   0 T1=1023 T2= 912  P= 860  D=  -1 
 X= 803 X2=1023  Y= 976 Y2=1021 P1=1023 P2=   0 T1=1022 T2= 892  P= 860  D=  -1 
 X= 824 X2=1011  Y= 961 Y2=1022 P1=1023 P2=   0 T1=1023 T2= 922  P= 860  D=  -1 
 X= 745 X2=1023  Y= 974 Y2=1022 P1=1023 P2=   0 T1=1023 T2= 863  P= 860  D=  -1 
 X= 932 X2= 986  Y= 974 Y2=1021 P1=1023 P2=   0 T1=1023 T2= 882  P= 860  D=  -1 
 X= 838 X2=1014  Y= 966 Y2=1023 P1=1023 P2=   0 T1=1023 T2= 893  P= 860  D=  -1 
 X= 918 X2= 992  Y= 955 Y2=1023 P1=1023 P2=   0 T1=1023 T2= 889  P= 860  D=  -1 
 X= 899 X2=1023  Y= 967 Y2=1019 P1=1023 P2=   0 T1=1023 T2= 885  P= 860  D=  -1 
 X= 959 X2=1000  Y= 961 Y2=1023 P1=1023 P2=   0 T1=1023 T2= 891  P= 860  D=  -1 
 X= 678 X2=1023  Y= 971 Y2=1020 P1=1023 P2=   0 T1=1023 T2= 916  P= 860  D=  -1 
 X=1023 X2= 976  Y= 971 Y2=1021 P1=1023 P2=   0 T1=1023 T2= 889  P= 860  D=  -1 
 X= 973 X2= 991  Y= 964 Y2=1022 P1=1023 P2=   0 T1=1023 T2= 883  P= 860  D=  -1 
 X= 738 X2=1023  Y= 974 Y2=1023 P1=1023 P2=   0 T1=1022 T2= 910  P= 860  D=  -1 
 X= 638 X2=1023  Y= 973 Y2=1022 P1=1023 P2=   0 T1=1023 T2= 898  P= 860  D=  -1 
 X= 854 X2=1023  Y= 982 Y2=1020 P1=1023 P2=   0 T1=1023 T2= 873  P= 860  D=  -1 
 X= 815 X2=1013  Y= 965 Y2=1023 P1=1023 P2=   0 T1=1023 T2= 895  P= 860  D=  -1 
 X= 674 X2=1023  Y= 961 Y2=1023 P1=1023 P2=   0 T1=1023 T2= 906  P= 860  D=  -1 
 X=1021 X2= 947  Y= 962 Y2=1021 P1=1023 P2=   0 T1=1023 T2= 870  P= 860  D=  -1 
 X= 794 X2=1013  Y= 954 Y2=1023 P1=1023 P2=   0 T1=1023 T2= 921  P= 860  D=  -1 
 X= 892 X2=1020  Y= 981 Y2=1021 P1=1023 P2=   0 T1=1023 T2= 878  P= 860  D=  -1 
 X= 890 X2= 989  Y= 966 Y2=1021 P1=1023 P2=   0 T1=1023 T2= 886  P= 860  D=  -1 
 X= 841 X2=1014  Y= 961 Y2=1023 P1=1023 P2=   0 T1=1023 T2= 908  P= 860  D=  -1 
 X= 695 X2=1023  Y= 956 Y2=1021 P1=1023 P2=   0 T1=1023 T2= 862  P= 860  D=  -1 
 X= 750 X2=1023  Y= 959 Y2=1020 P1=1023 P2=   0 T1=1022 T2= 901  P= 860  D=  -1 
 X= 807 X2=1009  Y= 965 Y2=1023 P1=1023 P2=   0 T1=1022 T2= 893  P= 860  D=  -1 
 X= 716 X2=1023  Y= 971 Y2=1023 P1=1023 P2=   0 T1=1023 T2= 892  P= 860  D=  -1 
 X=1023 X2= 994  Y= 970 Y2=1023 P1=1023 P2=   0 T1=1023 T2= 905  P= 860  D=  -1 
 X=1023 X2= 999  Y= 972 Y2=1023 P1=1023 P2=   0 T1=1023 T2= 859  P= 860  D=  -1 
 X= 970 X2= 997  Y= 976 Y2=1023 P1=1023 P2=   0 T1=1023 T2= 896  P= 860  D=  -1 
 X= 881 X2=1023  Y= 971 Y2=1022 P1=1023 P2=   0 T1=1022 T2= 871  P= 860  D=  -1 
 X= 798 X2=1015  Y=1022 Y2=1022 P1=1023 P2=   0 T1=1022 T2=1020  P= 860  D=  -1 
 X=1022 X2=1004  Y= 961 Y2=1022 P1=1023 P2=   0 T1=1023 T2= 882  P= 860  D=  -1 
 X=1023 X2= 985  Y= 968 Y2=1021 P1=1023 P2=   0 T1=1023 T2= 859  P= 860  D=  -1 
 X= 746 X2=1007  Y= 960 Y2=1023 P1=1023 P2=   0 T1=1022 T2= 901  P= 860  D=  -1 
 X= 753 X2=1023  Y= 972 Y2=1021 P1=1023 P2=   0 T1=1023 T2= 907  P= 860  D=  -1 
 X= 705 X2=1023  Y= 977 Y2=1023 P1=1023 P2=   0 T1=1023 T2= 877  P= 860  D=  -1 
 X=1023 X2= 980  Y= 970 Y2=1021 P1=1023 P2=   0 T1=1023 T2= 892  P= 860  D=  -1 
 X= 985 X2= 968  Y= 958 Y2=1022 P1=1023 P2=   0 T1=1023 T2= 865  P= 860  D=  -1 
 X= 690 X2=1023  Y= 984 Y2=1022 P1=1023 P2=   0 T1=1021 T2= 902  P= 860  D=  -1 
 X= 776 X2=1012  Y= 971 Y2=1023 P1=1023 P2=   0 T1=1022 T2= 902  P= 860  D=  -1 
 X= 732 X2=1023  Y= 981 Y2=1022 P1=1023 P2=   0 T1=1023 T2= 883  P= 860  D=  -1 
 X= 643 X2=1023  Y= 965 Y2=1022 P1=1023 P2=   0 T1=1023 T2= 889  P= 860  D=  -1 
 X= 811 X2=1023  Y= 965 Y2=1022 P1=1023 P2=   0 T1=1022 T2= 893  P= 860  D=  -1 
 X= 980 X2= 994  Y= 967 Y2=1023 P1=1023 P2=   0 T1=1023 T2= 904  P= 860  D=  -1 
 X= 756 X2=1010  Y= 953 Y2=1023 P1=1023 P2=   0 T1=1021 T2= 886  P= 860  D=  -1 
 X= 882 X2= 954  Y= 977 Y2=1021 P1=1023 P2=   0 T1=1023 T2= 878  P= 860  D=  -1 
 X= 961 X2= 998  Y= 966 Y2=1023 P1=1023 P2=   0 T1=1023 T2= 897  P= 860  D=  -1 
 X= 712 X2=1023  Y= 962 Y2=1022 P1=1023 P2=   0 T1=1023 T2= 895  P= 860  D=  -1 
 X= 877 X2=1023  Y= 974 Y2=1020 P1=1023 P2=   0 T1=1023 T2= 881  P= 860  D=  -1 
 X= 894 X2=1023  Y= 973 Y2=1020 P1=1023 P2=   0 T1=1023 T2= 865  P= 860  D=  -1 
 X= 892 X2=1023  Y= 973 Y2=1023 P1=1023 P2=   0 T1=1022 T2= 891  P= 860  D=  -1 
 X= 717 X2=1023  Y= 969 Y2=1023 P1=1023 P2=   0 T1=1022 T2= 897  P= 860  D=  -1 
 X= 974 X2= 998  Y= 962 Y2=1023 P1=1023 P2=   0 T1=1023 T2= 882  P= 860  D=  -1 
 X= 650 X2=1023  Y= 970 Y2=1023 P1=1023 P2=   0 T1=1023 T2= 890  P= 860  D=  -1 
 X= 900 X2= 942  Y= 963 Y2=1021 P1=1023 P2=   0 T1=1023 T2= 885  P= 860  D=  -1 
 X=1023 X2= 979  Y= 969 Y2=1022 P1=1023 P2=   0 T1=1023 T2= 872  P= 860  D=  -1 
 X=1022 X2= 954  Y= 972 Y2=1022 P1=1023 P2=   0 T1=1022 T2= 908  P= 860  D=  -1 
 X= 760 X2=1023  Y= 977 Y2=1022 P1=1023 P2=   0 T1=1022 T2= 893  P= 860  D=  -1 
 X= 896 X2=1023  Y= 978 Y2=1022 P1=1023 P2=   0 T1=1023 T2= 897  P= 860  D=  -1 
 X= 885 X2=1023  Y= 982 Y2=1022 P1=1023 P2=   0 T1=1023 T2= 930  P= 860  D=  -1 
 X= 756 X2=1023  Y= 972 Y2=1019 P1=1023 P2=   0 T1=1022 T2= 889  P= 860  D=  -1 
 X= 991 X2= 965  Y= 963 Y2=1023 P1=1023 P2=   0 T1=1023 T2= 877  P= 860  D=  -1 
 X= 983 X2=1007  Y= 946 Y2=1023 P1=1023 P2=   0 T1=1023 T2= 907  P= 860  D=  -1 
 X= 758 X2=1010  Y= 955 Y2=1023 P1=1023 P2=   0 T1=1023 T2= 905  P= 860  D=  -1 
 X= 905 X2=1023  Y= 974 Y2=1021 P1=1023 P2=   0 T1=1023 T2= 880  P= 860  D=  -1 
 X=1023 X2= 993  Y= 972 Y2=1022 P1=1023 P2=   0 T1=1021 T2= 886  P= 860  D=  -1 
 X= 644 X2=1023  Y= 964 Y2=1023 P1=1023 P2=   0 T1=1023 T2= 911  P= 860  D=  -1 
 X= 887 X2=1023  Y= 976 Y2=1021 P1=1023 P2=   0 T1=1023 T2= 893  P= 860  D=  -1 
 X= 771 X2=1011  Y= 953 Y2=1023 P1=1023 P2=   0 T1=1023 T2= 885  P= 860  D=  -1 
 X= 848 X2=1013  Y= 969 Y2=1023 P1=1023 P2=   0 T1=1023 T2= 917  P= 860  D=  -1 
 X= 618 X2=1023  Y= 977 Y2=1023 P1=1023 P2=   0 T1=1023 T2= 898  P= 860  D=  -1 
 X= 979 X2= 984  Y= 970 Y2=1023 P1=1023 P2=   0 T1=1023 T2= 891  P= 860  D=  -1 
 X= 724 X2=1023  Y= 976 Y2=1021 P1=1023 P2=   0 T1=1022 T2= 870  P= 860  D=  -1 
 X= 898 X2= 972  Y= 969 Y2=1020 P1=1023 P2=   0 T1=1023 T2= 883  P= 860  D=  -1 
 X= 988 X2= 986  Y= 980 Y2=1023 P1=1023 P2=   0 T1=1023 T2= 892  P= 860  D=  -1 
 X= 609 X2=1023  Y= 959 Y2=1023 P1=1023 P2=   0 T1=1023 T2= 930  P= 860  D=  -1 
 X= 729 X2=1023  Y= 963 Y2=1022 P1=1023 P2=   0 T1=1022 T2= 909  P= 860  D=  -1 
 X= 685 X2=1023  Y= 970 Y2=1022 P1=1023 P2=   0 T1=1023 T2= 891  P= 860  D=  -1 
 X= 795 X2=1011  Y= 953 Y2=1023 P1=1023 P2=   0 T1=1021 T2= 881  P= 860  D=  -1 
 X= 876 X2=1023  Y= 962 Y2=1023 P1=1023 P2=   0 T1=1021 T2= 887  P= 860  D=  -1 
 X=1023 X2= 984  Y= 967 Y2=1022 P1=1023 P2=   0 T1=1023 T2= 898  P= 860  D=  -1 
 X= 857 X2=1013  Y= 970 Y2=1023 P1=1023 P2=   0 T1=1023 T2= 925  P= 860  D=  -1 
 X= 885 X2=1023  Y= 984 Y2=1021 P1=1023 P2=   0 T1=1023 T2= 903  P= 860  D=  -1 
 X= 879 X2=1023  Y= 979 Y2=1021 P1=1023 P2=   0 T1=1023 T2= 839  P= 860  D=  -1 
 X= 832 X2=1023  Y= 978 Y2=1022 P1=1023 P2=   0 T1=1022 T2= 900  P= 860  D=  -1 
 X= 813 X2=1023  Y= 965 Y2=1022 P1=1023 P2=   0 T1=1023 T2= 909  P= 860  D=  -1 
 X= 793 X2=1023  Y= 985 Y2=1022 P1=1023 P2=   0 T1=1023 T2= 869  P= 860  D=  -1 
 X= 966 X2=1000  Y= 955 Y2=1022 P1=1023 P2=   0 T1=1022 T2= 889  P= 860  D=  -1 
 X= 629 X2=1023  Y= 967 Y2=1023 P1=1023 P2=   0 T1=1022 T2= 895  P= 860  D=  -1 
 X=1023 X2= 987  Y= 977 Y2=1022 P1=1023 P2=   0 T1=1023 T2= 888  P= 860  D=  -1 
 X=1023 X2=1004  Y= 965 Y2=1023 P1=1023 P2=   0 T1=1023 T2= 872  P= 860  D=  -1 
 X= 970 X2=1021  Y= 961 Y2=1021 P1=1023 P2=   0 T1=1023 T2= 889  P= 860  D=  -1 
 X= 870 X2=1023  Y= 975 Y2=1022 P1=1023 P2=   0 T1=1023 T2= 890  P= 860  D=  -1 
 X= 895 X2= 949  Y= 977 Y2=1021 P1=1023 P2=   0 T1=1023 T2= 861  P= 860  D=  -1 
 X= 906 X2=1023  Y= 959 Y2=1023 P1=1023 P2=   0 T1=1023 T2= 912  P= 860  D=  -1 
 X= 829 X2=1023  Y= 991 Y2=1022 P1=1023 P2=   0 T1=1022 T2= 890  P= 860  D=  -1 
 X= 970 X2= 974  Y= 964 Y2=1022 P1=1023 P2=   0 T1=1023 T2= 874  P= 860  D=  -1 
 X= 813 X2=1013  Y= 947 Y2=1023 P1=1023 P2=   0 T1=1022 T2= 901  P= 860  D=  -1 
 X= 896 X2=1017  Y= 978 Y2=1020 P1=1023 P2=   0 T1=1023 T2= 893  P= 860  D=  -1 
 X= 888 X2= 959  Y= 968 Y2=1021 P1=1023 P2=   0 T1=1023 T2= 888  P= 860  D=  -1 
 X= 994 X2= 963  Y= 974 Y2=1022 P1=1023 P2=   0 T1=1023 T2= 889  P= 860  D=  -1 
 X= 716 X2=1023  Y= 970 Y2=1021 P1=1023 P2=   0 T1=1021 T2= 887  P= 860  D=  -1 
 X= 992 X2=1011  Y= 983 Y2=1021 P1=1023 P2=   0 T1=1023 T2= 901  P= 860  D=  -1 
 X= 787 X2=1023  Y= 965 Y2=1023 P1=1023 P2=   0 T1=1023 T2= 865  P= 860  D=  -1 
 X= 632 X2=1023  Y= 971 Y2=1023 P1=1023 P2=   0 T1=1023 T2= 904  P= 860  D=  -1 
 X= 982 X2= 967  Y= 967 Y2=1023 P1=1023 P2=   0 T1=1023 T2= 875  P= 860  D=  -1 
 X= 971 X2=1002  Y= 955 Y2=1023 P1=1023 P2=   0 T1=1023 T2= 874  P= 860  D=  -1 
 X= 850 X2= 970  Y= 978 Y2=1022 P1=1023 P2=   0 T1=1023 T2= 901  P= 860  D=  -1 
 X= 969 X2= 997  Y= 962 Y2=1023 P1=1023 P2=   0 T1=1023 T2= 872  P= 860  D=  -1 
 X= 767 X2=1023  Y= 973 Y2=1022 P1=1023 P2=   0 T1=1023 T2= 920  P= 860  D=  -1 
 X= 899 X2= 956  Y= 962 Y2=1021 P1=1023 P2=   0 T1=1023 T2= 852  P= 860  D=  -1 
 X= 887 X2=1021  Y= 965 Y2=1020 P1=1023 P2=   0 T1=1023 T2= 851  P= 860  D=  -1 
 X= 765 X2=1023  Y= 960 Y2=1023 P1=1023 P2=   0 T1=1023 T2= 889  P= 860  D=  -1 
 X= 657 X2=1023  Y= 977 Y2=1022 P1=1023 P2=   0 T1=1023 T2= 907  P= 860  D=  -1 
 X= 676 X2=1023  Y= 985 Y2=1023 P1=1023 P2=   0 T1=1023 T2= 890  P= 860  D=  -1 
 X=1013 X2= 946  Y= 970 Y2=1022 P1=1023 P2=   0 T1=1023 T2= 872  P= 860  D=  -1 
 X= 879 X2=1023  Y= 966 Y2=1023 P1=1023 P2=   0 T1=1023 T2= 907  P= 860  D=  -1 
 X= 888 X2=1023  Y= 976 Y2=1021 P1=1023 P2=   0 T1=1023 T2= 880  P= 860  D=  -1 
 X= 877 X2= 966  Y= 962 Y2=1021 P1=1023 P2=   0 T1=1023 T2= 890  P= 860  D=  -1 
 X= 736 X2=1023  Y= 974 Y2=1023 P1=1023 P2=   0 T1=1022 T2= 917  P= 860  D=  -1 
 X= 761 X2=1023  Y= 960 Y2=1022 P1=1023 P2=   0 T1=1022 T2= 910  P= 860  D=  -1 
 X= 744 X2=1023  Y= 958 Y2=1020 P1=1023 P2=   0 T1=1023 T2= 878  P= 860  D=  -1 
 X= 788 X2=1011  Y= 952 Y2=1023 P1=1023 P2=   0 T1=1022 T2= 897  P= 860  D=  -1 
 X=1023 X2=1002  Y= 974 Y2=1022 P1=1023 P2=   0 T1=1023 T2= 900  P= 860  D=  -1 
 X= 976 X2= 959  Y= 964 Y2=1022 P1=1023 P2=   0 T1=1023 T2= 896  P= 860  D=  -1 
 X= 936 X2=1002  Y= 863 Y2=1023 P1=1023 P2=   0 T1=1023 T2= 893  P= 860  D=  -1 
 X= 775 X2=1016  Y= 982 Y2=1022 P1=1023 P2=   0 T1=1023 T2= 907  P= 860  D=  -1 
 X= 870 X2=1023  Y= 969 Y2=1021 P1=1023 P2=   0 T1=1023 T2= 886  P= 860  D=  -1 
 X=1023 X2= 994  Y= 967 Y2=1022 P1=1023 P2=   0 T1=1023 T2= 901  P= 860  D=  -1 
 X= 621 X2=1023  Y= 964 Y2=1023 P1=1023 P2=   0 T1=1022 T2= 890  P= 860  D=  -1 
 X= 837 X2=1023  Y= 984 Y2=1022 P1=1023 P2=   0 T1=1023 T2= 887  P= 860  D=  -1 
 X=1022 X2=1005  Y=1022 Y2=1021 P1=1023 P2=   0 T1=1023 T2=1003  P= 860  D=  -1 
 X=1021 X2= 994  Y= 961 Y2=1022 P1=1023 P2=   0 T1=1023 T2= 868  P= 860  D=  -1 
 X= 996 X2= 976  Y= 970 Y2=1022 P1=1023 P2=   0 T1=1023 T2= 895  P= 860  D=  -1 
 X= 671 X2=1023  Y= 989 Y2=1022 P1=1023 P2=   0 T1=1022 T2= 900  P= 860  D=  -1 
 X= 769 X2=1008  Y= 960 Y2=1023 P1=1023 P2=   0 T1=1023 T2= 875  P= 860  D=  -1 
 X= 748 X2=1023  Y= 963 Y2=1019 P1=1023 P2=   0 T1=1022 T2= 902  P= 860  D=  -1 
 X=1022 X2=1001  Y= 964 Y2=1021 P1=1023 P2=   0 T1=1023 T2= 899  P= 860  D=  -1 
 X= 633 X2=1023  Y= 956 Y2=1023 P1=1023 P2=   0 T1=1023 T2= 903  P= 860  D=  -1 
 X= 894 X2=1023  Y= 982 Y2=1021 P1=1023 P2=   0 T1=1020 T2= 907  P= 860  D=  -1 
 X= 872 X2=1013  Y= 967 Y2=1023 P1=1023 P2=   0 T1=1023 T2= 912  P= 860  D=  -1 
 X= 852 X2=1014  Y= 954 Y2=1023 P1=1023 P2=   0 T1=1023 T2= 872  P= 860  D=  -1 
 X= 746 X2=1023  Y= 970 Y2=1022 P1=1023 P2=   0 T1=1022 T2= 914  P= 860  D=  -1 
 X=1023 X2=1004  Y= 977 Y2=1022 P1=1023 P2=   0 T1=1022 T2= 883  P= 860  D=  -1 
 X= 754 X2=1012  Y= 958 Y2=1023 P1=1023 P2=   0 T1=1023 T2= 893  P= 860  D=  -1 
 X= 808 X2=1023  Y= 986 Y2=1022 P1=1023 P2=   0 T1=1023 T2= 886  P= 860  D=  -1 
 X= 883 X2=1023  Y= 978 Y2=1022 P1=1023 P2=   0 T1=1023 T2= 904  P= 860  D=  -1 
 X= 774 X2=1013  Y= 966 Y2=1023 P1=1023 P2=   0 T1=1023 T2= 905  P= 860  D=  -1 
 X= 654 X2=1023  Y= 967 Y2=1023 P1=1023 P2=   0 T1=1023 T2= 889  P= 860  D=  -1 
 X= 784 X2=1023  Y= 968 Y2=1021 P1=1023 P2=   0 T1=1021 T2= 896  P= 860  D=  -1 
 X= 987 X2= 996  Y= 961 Y2=1022 P1=1023 P2=   0 T1=1023 T2= 885  P= 860  D=  -1 
 X= 596 X2=1023  Y= 982 Y2=1022 P1=1023 P2=   0 T1=1023 T2= 907  P= 860  D=  -1 
 X= 900 X2= 977  Y= 972 Y2=1021 P1=1023 P2=   0 T1=1023 T2= 903  P= 860  D=  -1 
 X=1023 X2=1001  Y= 963 Y2=1022 P1=1023 P2=   0 T1=1023 T2= 887  P= 860  D=  -1 
 X= 659 X2=1023  Y= 976 Y2=1023 P1=1023 P2=   0 T1=1022 T2= 898  P= 860  D=  -1 
 X= 880 X2=1023  Y= 980 Y2=1020 P1=1023 P2=   0 T1=1023 T2= 886  P= 860  D=  -1 
 X= 894 X2=1023  Y= 967 Y2=1022 P1=1023 P2=   0 T1=1023 T2= 889  P= 860  D=  -1 
 X= 911 X2=1023  Y= 964 Y2=1023 P1=1023 P2=   0 T1=1023 T2= 886  P= 860  D=  -1 
 X= 780 X2=1023  Y= 968 Y2=1022 P1=1023 P2=   0 T1=1023 T2= 906  P= 860  D=  -1 
 X= 851 X2=1023  Y= 947 Y2=1021 P1=1023 P2=   0 T1=1022 T2= 900  P= 860  D=  -1 
 X= 794 X2=1013  Y= 965 Y2=1023 P1=1023 P2=   0 T1=1022 T2= 905  P= 860  D=  -1 
 X= 881 X2=1023  Y= 981 Y2=1023 P1=1023 P2=   0 T1=1023 T2= 882  P= 860  D=  -1 
 X=1023 X2= 999  Y= 966 Y2=1022 P1=1023 P2=   0 T1=1023 T2= 883  P= 860  D=  -1 
 X=1023 X2= 958  Y= 970 Y2=1023 P1=1023 P2=   0 T1=1022 T2= 902  P= 860  D=  -1 
 X= 745 X2=1023  Y= 969 Y2=1022 P1=1023 P2=   0 T1=1023 T2= 892  P= 860  D=  -1 
 X= 898 X2= 986  Y= 986 Y2=1022 P1=1023 P2=   0 T1=1023 T2= 889  P= 860  D=  -1 
 X= 853 X2=1022  Y= 969 Y2=1020 P1=1023 P2=   0 T1=1023 T2= 895  P= 860  D=  -1 
 X= 640 X2=1023  Y= 957 Y2=1023 P1=1023 P2=   0 T1=1022 T2= 895  P= 860  D=  -1 
 X=1023 X2=1000  Y= 973 Y2=1022 P1=1023 P2=   0 T1=1023 T2= 892  P= 860  D=  -1 
 X= 964 X2= 971  Y= 958 Y2=1022 P1=1023 P2=   0 T1=1023 T2= 887  P= 860  D=  -1 
 X=1023 X2= 972  Y= 973 Y2=1022 P1=1023 P2=   0 T1=1023 T2= 885  P= 860  D=  -1 
 X=1022 X2= 987  Y= 968 Y2=1022 P1=1023 P2=   0 T1=1023 T2= 898  P= 860  D=  -1 
 X= 971 X2=1002  Y= 965 Y2=1022 P1=1023 P2=   0 T1=1023 T2= 889  P= 860  D=  -1 
 X= 895 X2=1021  Y= 965 Y2=1021 P1=1023 P2=   0 T1=1023 T2= 899  P= 860  D=  -1 
 X= 848 X2=1023  Y= 991 Y2=1022 P1=1023 P2=   0 T1=1023 T2= 897  P= 860  D=  -1 
 X= 909 X2=1003  Y= 961 Y2=1021 P1=1023 P2=   0 T1=1022 T2= 885  P= 860  D=  -1 
 X= 875 X2=1023  Y= 954 Y2=1023 P1=1023 P2=   0 T1=1022 T2= 884  P= 860  D=  -1 
 X= 672 X2=1023  Y= 980 Y2=1022 P1=1023 P2=   0 T1=1023 T2= 878  P= 860  D=  -1 
 X=1023 X2=1004  Y= 964 Y2=1022 P1=1023 P2=   0 T1=1023 T2= 886  P= 860  D=  -1 
 X= 853 X2=1015  Y= 973 Y2=1023 P1=1023 P2=   0 T1=1023 T2= 909  P= 860  D=  -1 
 X= 882 X2=1023  Y= 975 Y2=1022 P1=1022 P2=   0 T1=1023 T2= 884  P= 860  D=  -1 
 X= 880 X2=1023  Y= 975 Y2=1022 P1=1023 P2=   0 T1=1023 T2= 897  P= 860  D=  -1 
 X= 653 X2=1023  Y= 966 Y2=1023 P1=1023 P2=   0 T1=1023 T2= 917  P= 860  D=  -1 
 X= 682 X2=1023  Y= 973 Y2=1022 P1=1023 P2=   0 T1=1022 T2= 910  P= 860  D=  -1 
 X=1023 X2= 994  Y= 954 Y2=1023 P1=1023 P2=   0 T1=1021 T2= 871  P= 860  D=  -1 
 X= 850 X2=1013  Y= 967 Y2=1023 P1=1023 P2=   0 T1=1023 T2= 913  P= 860  D=  -1 
 X= 716 X2=1023  Y= 971 Y2=1023 P1=1023 P2=   0 T1=1021 T2= 888  P= 860  D=  -1 
 X=1023 X2= 991  Y= 978 Y2=1022 P1=1023 P2=   0 T1=1023 T2= 882  P= 860  D=  -1 
 X= 243 X2= 239  Y= 358 Y2= 359 P1= 876 P2=   0 T1=  51 T2= 876  P= 860  D=  -1 
 X= 753 X2=1023  Y= 953 Y2=1022 P1=1023 P2=   0 T1=1023 T2= 865  P= 860  D=  -1 
 X= 252 X2= 251  Y= 372 Y2= 363 P1= 803 P2= 160 T1=  41 T2=  27  P= 860  D=  -1 
 X= 869 X2=1021  Y= 933 Y2=1018 P1=1023 P2=   0 T1=1023 T2= 864  P= 860  D=  -1 
 X= 245 X2= 251  Y= 385 Y2= 382 P1= 842 P2= 138 T1=  28 T2=  35  P= 860  D=  -1 * 0
 X= 297 X2= 281  Y= 376 Y2= 362 P1= 808 P2= 155 T1=  86 T2=  30  P= 860  D=  -1 
 X= 240 X2= 238  Y= 360 Y2= 353 P1= 763 P2= 181 T1=  26 T2=  25  P= 768  D=  -1 * 0
 X= 245 X2= 243  Y= 364 Y2= 357 P1= 792 P2= 161 T1=  31 T2=  30  P= 956  D=  -1 
 X= 239 X2= 238  Y= 359 Y2= 352 P1= 760 P2= 181 T1=  25 T2=  26  P= 761  D=  -1 * 0
 X= 240 X2= 237  Y= 359 Y2= 353 P1= 761 P2= 180 T1=  26 T2=  25  P= 768  D=  -1 * 0
 X= 247 X2= 239  Y= 360 Y2= 353 P1= 761 P2= 182 T1=  26 T2=  26  P= 772  D=  -1 * 1
 X= 242 X2= 240  Y= 361 Y2= 355 P1= 776 P2= 172 T1=  29 T2=  27  P= 846  D=  -1 * 2
 X= 239 X2= 238  Y= 359 Y2= 352 P1= 753 P2= 187 T1=  24 T2=  25  P= 720  D=  -1 * 3
 X= 239 X2= 238  Y= 359 Y2= 352 P1= 753 P2= 188 T1=  25 T2=  25  P= 715  D=  -1 * 4
 X= 239 X2= 237  Y= 359 Y2= 351 P1= 750 P2= 189 T1=  24 T2=  25  P= 706  D=  -1 * 5
 X= 240 X2= 237  Y= 359 Y2= 352 P1= 752 P2= 188 T1=  25 T2=  25  P= 714  D=  -1 * 6
 X= 237 X2= 237  Y= 359 Y2= 352 P1= 753 P2= 187 T1=  25 T2=  25  P= 717  D=  -1 * 7
 X= 238 X2= 237  Y= 358 Y2= 352 P1= 749 P2= 188 T1=  25 T2=  25  P= 707  D=  -1 * 8
 X= 239 X2= 237  Y= 359 Y2= 351 P1= 753 P2= 187 T1=  24 T2=  25  P= 720  D=  -1 * 9
 X= 240 X2= 238  Y= 359 Y2= 353 P1= 757 P2= 184 T1=  26 T2=  26  P= 744  D=  -1 * 10
 X= 240 X2= 237  Y= 359 Y2= 352 P1= 755 P2= 185 T1=  25 T2=  25  P= 733  D=  -1 * 11
 X= 239 X2= 237  Y= 359 Y2= 352 P1= 755 P2= 186 T1=  26 T2=  25  P= 728  D=  -1 * 12
 X= 240 X2= 237  Y= 359 Y2= 352 P1= 758 P2= 184 T1=  25 T2=  27  P= 742  D=  -1 * 13
 X= 239 X2= 237  Y= 359 Y2= 351 P1= 755 P2= 186 T1=  25 T2=  26  P= 728  D=  -1 * 14
 X= 239 X2= 237  Y= 359 Y2= 352 P1= 755 P2= 186 T1=  25 T2=  25  P= 728  D=  -1 * 15
 X= 238 X2= 237  Y= 359 Y2= 352 P1= 755 P2= 185 T1=  25 T2=  25  P= 730  D=  -1 * 16
 X= 239 X2= 237  Y= 359 Y2= 352 P1= 756 P2= 184 T1=  25 T2=  24  P= 739  D=  -1 * 17
 X= 239 X2= 238  Y= 359 Y2= 352 P1= 755 P2= 186 T1=  25 T2=  25  P= 728  D=  -1 * 18
 X= 239 X2= 237  Y= 360 Y2= 352 P1= 755 P2= 185 T1=  25 T2=  25  P= 733  D=  -1 * 19
 X= 239 X2= 238  Y= 359 Y2= 351 P1= 756 P2= 184 T1=  25 T2=  25  P= 739  D=  -1 * 20
 X= 240 X2= 237  Y= 359 Y2= 352 P1= 755 P2= 185 T1=  25 T2=  24  P= 733  D=  -1 * 21
 X= 239 X2= 237  Y= 359 Y2= 352 P1= 756 P2= 185 T1=  25 T2=  26  P= 734  D=  -1 * 22
 X= 239 X2= 237  Y= 359 Y2= 352 P1= 756 P2= 185 T1=  25 T2=  25  P= 734  D=  -1 * 23
 X= 240 X2= 237  Y= 359 Y2= 352 P1= 755 P2= 186 T1=  25 T2=  24  P= 728  D=  -1 * 24
Remove Pin
 X= 238 X2= 236  Y= 359 Y2= 351 P1= 746 P2= 191 T1=  24 T2=  24  P= 688  D=  -1 * 24
 X= 242 X2= 240  Y= 361 Y2= 354 P1= 772 P2= 174 T1=  28 T2=  28  P= 828  D=  -1 * 24
 X= 240 X2= 239  Y= 360 Y2= 354 P1= 764 P2= 180 T1=  27 T2=  25  P= 775  D=  -1 * 24
 X= 242 X2= 240  Y= 361 Y2= 354 P1= 765 P2= 178 T1=  27 T2=  26  P= 794  D=  -1 * 24
 X= 240 X2= 239  Y= 360 Y2= 353 P1= 764 P2= 179 T1=  26 T2=  27  P= 781  D=  -1 * 24
 X= 240 X2= 239  Y= 361 Y2= 353 P1= 765 P2= 180 T1=  26 T2=  25  P= 776  D=  -1 * 24
 X= 241 X2= 239  Y= 360 Y2= 354 P1= 764 P2= 178 T1=  27 T2=  27  P= 790  D=  -1 * 24
 X= 241 X2= 239  Y= 361 Y2= 353 P1= 765 P2= 178 T1=  27 T2=  27  P= 791  D=  -1 * 24
 X= 242 X2= 239  Y= 360 Y2= 354 P1= 765 P2= 179 T1=  27 T2=  27  P= 785  D=  -1 * 24
 X= 241 X2= 239  Y= 360 Y2= 354 P1= 765 P2= 179 T1=  27 T2=  25  P= 785  D=  -1 * 24
 X= 241 X2= 240  Y= 361 Y2= 352 P1= 764 P2= 178 T1=  26 T2=  27  P= 790  D=  -1 * 24
 X= 241 X2= 239  Y= 360 Y2= 354 P1= 765 P2= 179 T1=  27 T2=  27  P= 785  D=  -1 * 24
 X= 241 X2= 239  Y= 360 Y2= 354 P1= 765 P2= 180 T1=  26 T2=  26  P= 780  D=  -1 * 24
 X= 241 X2= 238  Y= 361 Y2= 354 P1= 764 P2= 179 T1=  27 T2=  26  P= 781  D=  -1 * 24
 X= 240 X2= 240  Y= 361 Y2= 354 P1= 765 P2= 179 T1=  27 T2=  27  P= 785  D=  -1 * 24
 X= 241 X2= 239  Y= 360 Y2= 354 P1= 765 P2= 179 T1=  27 T2=  27  P= 785  D=  -1 * 24
 X= 241 X2= 239  Y= 360 Y2= 353 P1= 764 P2= 180 T1=  26 T2=  27  P= 778  D=  -1 * 24
 X= 241 X2= 239  Y= 361 Y2= 353 P1= 764 P2= 179 T1=  26 T2=  27  P= 784  D=  -1 * 24
 X= 240 X2= 238  Y= 361 Y2= 353 P1= 764 P2= 180 T1=  27 T2=  27  P= 775  D=  -1 * 24
 X= 240 X2= 239  Y= 360 Y2= 354 P1= 763 P2= 180 T1=  26 T2=  27  P= 773  D=  -1 * 24
 X= 240 X2= 239  Y= 360 Y2= 354 P1= 763 P2= 181 T1=  27 T2=  26  P= 768  D=  -1 * 24
 X= 240 X2= 239  Y= 360 Y2= 353 P1= 763 P2= 180 T1=  27 T2=  26  P= 773  D=  -1 * 24
 X= 242 X2= 237  Y= 360 Y2= 353 P1= 762 P2= 181 T1=  26 T2=  26  P= 766  D=  -1 * 24
 X= 237 X2= 238  Y= 360 Y2= 353 P1= 763 P2= 180 T1=  26 T2=  26  P= 767  D=  -1 * 24
 X= 240 X2= 239  Y= 360 Y2= 354 P1= 762 P2= 181 T1=  26 T2=  26  P= 766  D=  -1 * 24
 X= 241 X2= 238  Y= 361 Y2= 352 P1= 762 P2= 180 T1=  26 T2=  27  P= 772  D=  -1 * 24
 X= 240 X2= 239  Y= 360 Y2= 353 P1= 762 P2= 182 T1=  27 T2=  27  P= 761  D=  -1 * 24
 X= 240 X2= 239  Y= 360 Y2= 353 P1= 762 P2= 181 T1=  26 T2=  27  P= 766  D=  -1 * 24
 X= 240 X2= 238  Y= 360 Y2= 353 P1= 762 P2= 181 T1=  26 T2=  27  P= 766  D=  -1 * 24
 X= 241 X2= 238  Y= 361 Y2= 353 P1= 762 P2= 181 T1=  26 T2=  25  P= 766  D=  -1 * 24
 X= 239 X2= 237  Y= 360 Y2= 353 P1= 762 P2= 182 T1=  26 T2=  26  P= 758  D=  -1 * 24
 X= 241 X2= 238  Y= 360 Y2= 353 P1= 761 P2= 182 T1=  26 T2=  26  P= 760  D=  -1 * 24
 X= 240 X2= 238  Y= 359 Y2= 353 P1= 761 P2= 182 T1=  27 T2=  26  P= 760  D=  -1 * 24
 X= 240 X2= 239  Y= 360 Y2= 353 P1= 761 P2= 182 T1=  26 T2=  26  P= 760  D=  -1 * 24
 X= 239 X2= 237  Y= 359 Y2= 352 P1= 755 P2= 186 T1=  25 T2=  25  P= 728  D=  -1 * 24
 X= 236 X2= 235  Y= 354 Y2= 348 P1= 719 P2= 212 T1=  22 T2=  21  P= 561  D=  -1 * 24
 X= 234 X2= 233  Y= 354 Y2= 347 P1= 721 P2= 208 T1=  23 T2=  22  P= 574  D=  -1 * 24
 X= 236 X2= 233  Y= 355 Y2= 347 P1= 723 P2= 207 T1=  22 T2=  22  P= 583  D=  -1 * 24
 X= 239 X2= 239  Y= 365 Y2= 371 P1= 817 P2= 141 T1=  26 T2= 379  P= 583  D=  -1 * 24
 X= 754 X2=1023  Y= 977 Y2=1021 P1=1023 P2=   0 T1=1023 T2= 903  P= 583  D=  -1 
 X= 806 X2=1023  Y= 983 Y2=1021 P1=1023 P2=   0 T1=1023 T2= 892  P= 583  D=  -1 
 X=1023 X2= 997  Y= 953 Y2=1022 P1=1023 P2=   0 T1=1023 T2= 912  P= 583  D=  -1 
target state=2 point=456,22
 X= 770 X2=1023  Y= 962 Y2=1022 P1=1023 P2=   0 T1=1022 T2= 873  P= 583  D=  -1 
 X= 682 X2=1023  Y= 968 Y2=1023 P1=1023 P2=   0 T1=1023 T2= 889  P= 583  D=  -1 
 X=1006 X2= 973  Y= 971 Y2=1023 P1=1023 P2=   0 T1=1023 T2= 877  P= 583  D=  -1 
 X= 960 X2= 991  Y= 955 Y2=1023 P1=1023 P2=   0 T1=1023 T2= 896  P= 583  D=  -1 
 X= 889 X2=1023  Y= 973 Y2=1022 P1=1023 P2=   0 T1=1023 T2= 901  P= 583  D=  -1 
 X= 881 X2=1023  Y= 966 Y2=1021 P1=1023 P2=   0 T1=1023 T2= 895  P= 583  D=  -1 
 X= 787 X2=1012  Y= 955 Y2=1023 P1=1023 P2=   0 T1=1023 T2= 894  P= 583  D=  -1 
 X=1023 X2= 997  Y= 968 Y2=1022 P1=1023 P2=   0 T1=1023 T2= 876  P= 583  D=  -1 
 X= 878 X2= 960  Y= 966 Y2=1021 P1=1023 P2=   0 T1=1023 T2= 886  P= 583  D=  -1 
 X= 838 X2=1003  Y= 948 Y2=1023 P1=1022 P2=   0 T1=1023 T2= 883  P= 583  D=  -1 
 X= 776 X2=1013  Y= 966 Y2=1023 P1=1023 P2=   0 T1=1023 T2= 912  P= 583  D=  -1 
 X=1023 X2=1001  Y= 962 Y2=1023 P1=1023 P2=   0 T1=1023 T2= 881  P= 583  D=  -1 
 X=1012 X2= 974  Y= 970 Y2=1023 P1=1023 P2=   0 T1=1023 T2= 901  P= 583  D=  -1 
 X= 636 X2=1023  Y= 962 Y2=1022 P1=1023 P2=   0 T1=1023 T2= 898  P= 583  D=  -1 
 X= 890 X2=1023  Y= 981 Y2=1020 P1=1023 P2=   0 T1=1023 T2= 882  P= 583  D=  -1 
 X= 877 X2=1022  Y= 974 Y2=1020 P1=1023 P2=   0 T1=1023 T2= 888  P= 583  D=  -1 
 X= 593 X2=1023  Y= 958 Y2=1023 P1=1023 P2=   0 T1=1023 T2= 915  P= 583  D=  -1 
 X= 786 X2=1023  Y= 973 Y2=1022 P1=1023 P2=   0 T1=1023 T2= 888  P= 583  D=  -1 
 X= 921 X2= 997  Y= 960 Y2=1022 P1=1023 P2=   0 T1=1023 T2= 906  P= 583  D=  -1 
 X= 808 X2=1014  Y= 962 Y2=1023 P1=1023 P2=   0 T1=1023 T2= 899  P= 583  D=  -1 
 X= 922 X2=1006  Y= 954 Y2=1023 P1=1023 P2=   0 T1=1023 T2= 921  P= 583  D=  -1 
 X=1014 X2= 951  Y= 969 Y2=1022 P1=1023 P2=   0 T1=1023 T2= 884  P= 583  D=  -1 
 X= 976 X2= 980  Y= 977 Y2=1023 P1=1023 P2=   0 T1=1023 T2= 879  P= 583  D=  -1 
 X= 764 X2=1023  Y= 975 Y2=1022 P1=1023 P2=   0 T1=1022 T2= 895  P= 583  D=  -1 
 X= 913 X2=1021  Y= 979 Y2=1019 P1=1023 P2=   0 T1=1023 T2= 883  P= 583  D=  -1 
 X= 874 X2=1019  Y= 970 Y2=1023 P1=1023 P2=   0 T1=1023 T2= 888  P= 583  D=  -1 
 X= 764 X2=1023  Y= 970 Y2=1022 P1=1023 P2=   0 T1=1023 T2= 899  P= 583  D=  -1 
 X= 887 X2=1023  Y= 973 Y2=1020 P1=1023 P2=   0 T1=1023 T2= 874  P= 583  D=  -1 
 X= 847 X2=1014  Y= 967 Y2=1023 P1=1023 P2=   0 T1=1023 T2= 889  P= 583  D=  -1 
 X= 885 X2=1023  Y= 955 Y2=1023 P1=1023 P2=   0 T1=1023 T2= 887  P= 583  D=  -1 
 X=1023 X2= 999  Y= 950 Y2=1022 P1=1023 P2=   0 T1=1023 T2= 904  P= 583  D=  -1 
 X=1018 X2= 946  Y= 971 Y2=1023 P1=1023 P2=   0 T1=1023 T2= 890  P= 583  D=  -1 
 X= 733 X2=1023  Y= 968 Y2=1023 P1=1023 P2=   0 T1=1023 T2= 905  P= 583  D=  -1 
 X= 822 X2=1023  Y= 983 Y2=1020 P1=1023 P2=   0 T1=1022 T2= 893  P= 583  D=  -1 
 X=1022 X2=1007  Y= 965 Y2=1021 P1=1023 P2=   0 T1=1022 T2= 867  P= 583  D=  -1 
 X= 649 X2=1023  Y= 959 Y2=1023 P1=1023 P2=   0 T1=1023 T2= 894  P= 583  D=  -1 
 X= 743 X2=1023  Y= 968 Y2=1022 P1=1023 P2=   0 T1=1023 T2= 882  P= 583  D=  -1 
 X= 783 X2=1010  Y= 949 Y2=1023 P1=1023 P2=   0 T1=1022 T2= 910  P= 583  D=  -1 
 X= 817 X2=1012  Y= 967 Y2=1023 P1=1023 P2=   0 T1=1022 T2= 895  P= 583  D=  -1 
 X= 895 X2=1023  Y= 974 Y2=1022 P1=1023 P2=   0 T1=1023 T2= 877  P= 583  D=  -1 
 X= 926 X2=1005  Y= 977 Y2=1023 P1=1023 P2=   0 T1=1023 T2= 871  P= 583  D=  -1 
 X= 669 X2=1023  Y= 969 Y2=1023 P1=1023 P2=   0 T1=1023 T2= 892  P= 583  D=  -1 
 X= 835 X2=1023  Y= 991 Y2=1021 P1=1023 P2=   0 T1=1023 T2= 883  P= 583  D=  -1 
 X= 888 X2=1023  Y= 976 Y2=1020 P1=1023 P2=   0 T1=1023 T2= 883  P= 583  D=  -1 
 X= 821 X2=1013  Y= 981 Y2=1023 P1=1023 P2=   0 T1=1023 T2= 906  P= 583  D=  -1 
 X= 793 X2=1015  Y=1008 Y2=1022 P1=1023 P2=   0 T1=1023 T2= 859  P= 583  D=  -1 
 X= 816 X2=1023  Y= 966 Y2=1023 P1=1023 P2=   0 T1=1022 T2= 891  P= 583  D=  -1 
 X= 763 X2=1008  Y= 961 Y2=1023 P1=1023 P2=   0 T1=1022 T2= 887  P= 583  D=  -1 
 X= 830 X2=1023  Y= 966 Y2=1021 P1=1023 P2=   0 T1=1023 T2= 885  P= 583  D=  -1 
 X= 852 X2= 958  Y= 973 Y2=1022 P1=1023 P2=   0 T1=1023 T2= 863  P= 583  D=  -1 
 X=1023 X2=1003  Y= 978 Y2=1023 P1=1023 P2=   0 T1=1023 T2= 893  P= 583  D=  -1 
 X= 723 X2=1023  Y= 968 Y2=1022 P1=1023 P2=   0 T1=1022 T2= 889  P= 583  D=  -1 
 X= 747 X2=1023  Y= 986 Y2=1021 P1=1023 P2=   0 T1=1023 T2= 900  P= 583  D=  -1 
 X= 847 X2=1005  Y= 937 Y2=1023 P1=1023 P2=   0 T1=1023 T2= 888  P= 583  D=  -1 
 X= 651 X2=1023  Y= 961 Y2=1023 P1=1023 P2=   0 T1=1022 T2= 915  P= 583  D=  -1 
 X= 780 X2=1023  Y= 969 Y2=1022 P1=1023 P2=   0 T1=1022 T2= 890  P= 583  D=  -1 
 X= 963 X2= 997  Y= 970 Y2=1023 P1=1023 P2=   0 T1=1023 T2= 880  P= 583  D=  -1 
 X= 824 X2=1023  Y= 995 Y2=1021 P1=1023 P2=   0 T1=1023 T2= 884  P= 583  D=  -1 
 X= 902 X2= 963  Y= 970 Y2=1022 P1=1023 P2=   0 T1=1023 T2= 886  P= 583  D=  -1 
 X=1023 X2= 989  Y= 968 Y2=1022 P1=1023 P2=   0 T1=1023 T2= 867  P= 583  D=  -1 
 X= 648 X2=1023  Y= 960 Y2=1022 P1=1023 P2=   0 T1=1022 T2= 905  P= 583  D=  -1 
 X= 759 X2=1023  Y= 977 Y2=1023 P1=1023 P2=   0 T1=1023 T2= 876  P= 583  D=  -1 
 X= 853 X2=1023  Y= 968 Y2=1022 P1=1023 P2=   0 T1=1023 T2= 867  P= 583  D=  -1 
 X= 857 X2=1013  Y= 958 Y2=1023 P1=1023 P2=   0 T1=1023 T2= 905  P= 583  D=  -1 
 X= 875 X2=1023  Y= 954 Y2=1023 P1=1023 P2=   0 T1=1023 T2= 917  P= 583  D=  -1 
 X=1023 X2= 986  Y= 969 Y2=1021 P1=1023 P2=   0 T1=1023 T2= 878  P= 583  D=  -1 
 X= 972 X2= 998  Y= 961 Y2=1023 P1=1023 P2=   0 T1=1023 T2= 903  P= 583  D=  -1 
 X= 745 X2=1023  Y= 972 Y2=1022 P1=1023 P2=   0 T1=1023 T2= 894  P= 583  D=  -1 
 X= 861 X2=1023  Y= 981 Y2=1022 P1=1023 P2=   0 T1=1023 T2= 886  P= 583  D=  -1 
 X=1015 X2=1021  Y=1021 Y2=1023 P1=1023 P2=   0 T1=1023 T2=1021  P= 583  D=  -1 
 X= 839 X2=1023  Y= 974 Y2=1022 P1=1023 P2=   0 T1=1021 T2= 912  P= 583  D=  -1 
 X= 896 X2=1023  Y= 975 Y2=1021 P1=1023 P2=   0 T1=1023 T2= 879  P= 583  D=  -1 
 X= 867 X2=1013  Y= 963 Y2=1023 P1=1023 P2=   0 T1=1022 T2= 911  P= 583  D=  -1 
 X= 879 X2=1023  Y= 961 Y2=1023 P1=1023 P2=   0 T1=1023 T2= 918  P= 583  D=  -1 
 X= 914 X2= 959  Y= 977 Y2=1021 P1=1023 P2=   0 T1=1022 T2= 883  P= 583  D=  -1 
 X=1001 X2= 979  Y= 970 Y2=1022 P1=1023 P2=   0 T1=1023 T2= 871  P= 583  D=  -1 
 X= 911 X2= 972  Y= 978 Y2=1021 P1=1023 P2=   0 T1=1023 T2= 869  P= 583  D=  -1 
 X= 710 X2=1023  Y= 993 Y2=1022 P1=1023 P2=   0 T1=1023 T2= 881  P= 583  D=  -1 
 X= 965 X2= 998  Y= 972 Y2=1023 P1=1023 P2=   0 T1=1023 T2= 867  P= 583  D=  -1 
 X= 614 X2=1023  Y= 966 Y2=1023 P1=1023 P2=   0 T1=1023 T2= 900  P= 583  D=  -1 
 X= 781 X2=1023  Y= 975 Y2=1020 P1=1023 P2=   0 T1=1022 T2= 878  P= 583  D=  -1 
 X= 970 X2=1001  Y= 968 Y2=1023 P1=1023 P2=   0 T1=1023 T2= 878  P= 583  D=  -1 
 X= 781 X2=1007  Y= 954 Y2=1023 P1=1023 P2=   0 T1=1023 T2= 769  P= 583  D=  -1 
 X= 982 X2= 993  Y= 956 Y2=1023 P1=1023 P2=   0 T1=1023 T2= 879  P= 583  D=  -1 
 X= 814 X2= 814  Y= 347 Y2= 354 P1= 830 P2= 499 T1=  15 T2=  14  P= 539  D=  -1 * 0
 X= 826 X2= 817  Y= 353 Y2= 358 P1= 849 P2= 458 T1= 177 T2=  18  P= 539  D=  -1 
 X= 832 X2= 833  Y= 399 Y2= 396 P1= 880 P2= 378 T1=  64 T2=  24  P= 539  D=  -1 
 X= 816 X2= 815  Y= 351 Y2= 359 P1= 848 P2= 453 T1=  19 T2=  19  P= 709  D=  -1 * 0
 X= 816 X2= 816  Y= 354 Y2= 361 P1= 855 P2= 434 T1=  21 T2=  21  P= 791  D=  -1 * 0
 X= 817 X2= 816  Y= 355 Y2= 361 P1= 855 P2= 431 T1=  21 T2=  20  P= 802  D=  -1 * 0
 X= 816 X2= 814  Y= 352 Y2= 359 P1= 848 P2= 454 T1=  19 T2=  17  P= 706  D=  -1 * 1
 X= 815 X2= 815  Y= 351 Y2= 359 P1= 845 P2= 459 T1=  18 T2=  18  P= 684  D=  -1 * 2
 X= 813 X2= 814  Y= 350 Y2= 358 P1= 840 P2= 470 T1=  17 T2=  16  P= 639  D=  -1 * 3
 X= 814 X2= 814  Y= 351 Y2= 358 P1= 841 P2= 470 T1=  17 T2=  18  P= 642  D=  -1 * 4
 X= 815 X2= 814  Y= 351 Y2= 357 P1= 839 P2= 475 T1=  17 T2=  16  P= 623  D=  -1 * 5
 X= 815 X2= 814  Y= 350 Y2= 357 P1= 840 P2= 471 T1=  17 T2=  17  P= 637  D=  -1 * 6
 X= 815 X2= 814  Y= 350 Y2= 357 P1= 837 P2= 479 T1=  16 T2=  16  P= 608  D=  -1 * 7
 X= 815 X2= 814  Y= 350 Y2= 356 P1= 837 P2= 480 T1=  16 T2=  16  P= 604  D=  -1 * 8
 X= 814 X2= 814  Y= 349 Y2= 357 P1= 837 P2= 480 T1=  17 T2=  16  P= 604  D=  -1 * 9
 X= 815 X2= 814  Y= 350 Y2= 356 P1= 837 P2= 481 T1=  16 T2=  15  P= 602  D=  -1 * 10
 X= 815 X2= 814  Y= 349 Y2= 357 P1= 836 P2= 482 T1=  16 T2=  16  P= 597  D=  -1 * 11
 X= 814 X2= 814  Y= 349 Y2= 356 P1= 835 P2= 483 T1=  16 T2=  16  P= 592  D=  -1 * 12
 X= 815 X2= 813  Y= 349 Y2= 356 P1= 836 P2= 484 T1=  15 T2=  16  P= 591  D=  -1 * 13
 X= 815 X2= 813  Y= 350 Y2= 355 P1= 836 P2= 483 T1=  16 T2=  16  P= 594  D=  -1 * 14
 X= 813 X2= 814  Y= 350 Y2= 356 P1= 835 P2= 483 T1=  16 T2=  16  P= 591  D=  -1 * 15
 X= 815 X2= 814  Y= 350 Y2= 357 P1= 836 P2= 483 T1=  16 T2=  16  P= 594  D=  -1 * 16
 X= 814 X2= 814  Y= 349 Y2= 356 P1= 836 P2= 482 T1=  16 T2=  17  P= 597  D=  -1 * 17
 X= 815 X2= 814  Y= 349 Y2= 356 P1= 836 P2= 483 T1=  16 T2=  16  P= 594  D=  -1 * 18
 X= 815 X2= 814  Y= 350 Y2= 356 P1= 836 P2= 483 T1=  16 T2=  16  P= 594  D=  -1 * 19
 X= 815 X2= 813  Y= 350 Y2= 356 P1= 835 P2= 483 T1=  17 T2=  16  P= 592  D=  -1 * 20
 X= 813 X2= 814  Y= 349 Y2= 356 P1= 836 P2= 483 T1=  16 T2=  16  P= 593  D=  -1 * 21
 X= 814 X2= 814  Y= 349 Y2= 355 P1= 835 P2= 482 T1=  16 T2=  15  P= 595  D=  -1 * 22
 X= 815 X2= 813  Y= 350 Y2= 357 P1= 835 P2= 483 T1=  17 T2=  16  P= 592  D=  -1 * 23
 X= 814 X2= 814  Y= 349 Y2= 357 P1= 835 P2= 483 T1=  14 T2=  16  P= 592  D=  -1 * 24
Remove Pin
 X= 814 X2= 814  Y= 350 Y2= 356 P1= 836 P2= 483 T1=  15 T2=  16  P= 594  D=  -1 * 24
 X= 813 X2= 813  Y= 348 Y2= 356 P1= 836 P2= 482 T1=  16 T2=  16  P= 596  D=  -1 * 24
 X= 815 X2= 814  Y= 350 Y2= 356 P1= 836 P2= 483 T1=  16 T2=  15  P= 594  D=  -1 * 24
 X= 813 X2= 813  Y= 349 Y2= 357 P1= 836 P2= 482 T1=  16 T2=  17  P= 596  D=  -1 * 24
 X= 820 X2= 814  Y= 349 Y2= 356 P1= 836 P2= 482 T1=  16 T2=  16  P= 599  D=  -1 * 24
 X= 815 X2= 814  Y= 349 Y2= 356 P1= 836 P2= 482 T1=  15 T2=  16  P= 597  D=  -1 * 24
 X= 814 X2= 814  Y= 350 Y2= 356 P1= 836 P2= 483 T1=  16 T2=  16  P= 594  D=  -1 * 24
 X= 815 X2= 813  Y= 349 Y2= 356 P1= 835 P2= 483 T1=  17 T2=  15  P= 592  D=  -1 * 24
 X= 815 X2= 814  Y= 350 Y2= 356 P1= 835 P2= 483 T1=  16 T2=  16  P= 592  D=  -1 * 24
 X= 815 X2= 814  Y= 349 Y2= 356 P1= 836 P2= 483 T1=  17 T2=  16  P= 594  D=  -1 * 24
 X= 814 X2= 813  Y= 348 Y2= 355 P1= 831 P2= 494 T1=  15 T2=  14  P= 554  D=  -1 * 24
 X= 896 X2=1023  Y= 951 Y2=1023 P1=1023 P2=   0 T1=1020 T2= 886  P= 554  D=  -1 
 X= 848 X2=1014  Y= 962 Y2=1023 P1=1023 P2=   0 T1=1022 T2= 892  P= 554  D=  -1 
 X= 867 X2=1015  Y= 958 Y2=1023 P1=1023 P2=   0 T1=1022 T2= 900  P= 554  D=  -1 
target state=3 point=456,249
 X= 860 X2=1013  Y= 966 Y2=1023 P1=1023 P2=   0 T1=1023 T2= 899  P= 554  D=  -1 
 X= 977 X2= 998  Y= 954 Y2=1023 P1=1023 P2=   0 T1=1022 T2= 877  P= 554  D=  -1 
 X= 726 X2=1023  Y= 968 Y2=1022 P1=1023 P2=   0 T1=1023 T2= 889  P= 554  D=  -1 
 X= 896 X2=1023  Y= 972 Y2=1021 P1=1023 P2=   0 T1=1023 T2= 865  P= 554  D=  -1 
 X= 726 X2=1023  Y= 970 Y2=1023 P1=1023 P2=   0 T1=1023 T2= 919  P= 554  D=  -1 
 X= 716 X2=1023  Y= 965 Y2=1023 P1=1023 P2=   0 T1=1023 T2= 861  P= 554  D=  -1 
 X= 724 X2=1023  Y= 972 Y2=1023 P1=1023 P2=   0 T1=1023 T2= 890  P= 554  D=  -1 
 X= 971 X2= 993  Y= 963 Y2=1023 P1=1023 P2=   0 T1=1023 T2= 878  P= 554  D=  -1 
 X= 828 X2=1011  Y= 952 Y2=1023 P1=1023 P2=   0 T1=1022 T2= 892  P= 554  D=  -1 
 X= 888 X2= 946  Y= 978 Y2=1020 P1=1023 P2=   0 T1=1023 T2= 887  P= 554  D=  -1 
 X=1023 X2= 958  Y= 971 Y2=1022 P1=1023 P2=   0 T1=1023 T2= 895  P= 554  D=  -1 
 X= 873 X2=1023  Y= 993 Y2=1021 P1=1023 P2=   0 T1=1023 T2= 899  P= 554  D=  -1 
 X= 898 X2=1023  Y= 991 Y2=1021 P1=1023 P2=   0 T1=1023 T2= 886  P= 554  D=  -1 
 X= 772 X2=1023  Y= 983 Y2=1022 P1=1023 P2=   0 T1=1023 T2= 892  P= 554  D=  -1 
 X= 681 X2=1023  Y= 976 Y2=1022 P1=1023 P2=   0 T1=1023 T2= 887  P= 554  D=  -1 
 X= 780 X2=1023  Y= 974 Y2=1022 P1=1023 P2=   0 T1=1023 T2= 917  P= 554  D=  -1 
 X=1007 X2= 943  Y= 955 Y2=1022 P1=1023 P2=   0 T1=1023 T2= 894  P= 554  D=  -1 
 X= 890 X2=1023  Y= 967 Y2=1021 P1=1023 P2=   0 T1=1023 T2= 888  P= 554  D=  -1 
 X= 770 X2=1023  Y= 964 Y2=1022 P1=1023 P2=   0 T1=1023 T2= 889  P= 554  D=  -1 
 X= 968 X2=1004  Y= 955 Y2=1023 P1=1023 P2=   0 T1=1023 T2= 888  P= 554  D=  -1 
 X= 972 X2= 999  Y= 964 Y2=1023 P1=1023 P2=   0 T1=1023 T2= 901  P= 554  D=  -1 
 X= 891 X2=1023  Y= 973 Y2=1021 P1=1023 P2=   0 T1=1023 T2= 894  P= 554  D=  -1 
 X= 872 X2=1023  Y= 977 Y2=1021 P1=1023 P2=   0 T1=1023 T2= 899  P= 554  D=  -1 
 X= 772 X2=1011  Y= 963 Y2=1023 P1=1023 P2=   0 T1=1022 T2= 884  P= 554  D=  -1 
 X= 894 X2=1023  Y= 955 Y2=1023 P1=1023 P2=   0 T1=1023 T2= 914  P= 554  D=  -1 
 X= 948 X2=1005  Y= 949 Y2=1023 P1=1023 P2=   0 T1=1023 T2= 883  P= 554  D=  -1 
 X= 974 X2= 994  Y= 962 Y2=1023 P1=1023 P2=   0 T1=1023 T2= 884  P= 554  D=  -1 
 X= 775 X2=1011  Y= 969 Y2=1023 P1=1023 P2=   0 T1=1023 T2= 916  P= 554  D=  -1 
 X= 761 X2=1009  Y= 959 Y2=1023 P1=1023 P2=   0 T1=1022 T2= 904  P= 554  D=  -1 
 X=1021 X2= 958  Y= 964 Y2=1022 P1=1023 P2=   0 T1=1022 T2= 891  P= 554  D=  -1 
 X= 773 X2=1023  Y= 970 Y2=1021 P1=1023 P2=   0 T1=1022 T2= 907  P= 554  D=  -1 
 X= 786 X2=1023  Y= 990 Y2=1021 P1=1023 P2=   0 T1=1023 T2= 879  P= 554  D=  -1 
 X= 900 X2=1023  Y= 965 Y2=1023 P1=1023 P2=   0 T1=1023 T2= 911  P= 554  D=  -1 
 X= 699 X2=1023  Y= 959 Y2=1023 P1=1023 P2=   0 T1=1023 T2= 900  P= 554  D=  -1 
 X= 668 X2=1023  Y= 976 Y2=1023 P1=1023 P2=   0 T1=1022 T2= 901  P= 554  D=  -1 
 X=1023 X2= 999  Y= 964 Y2=1022 P1=1023 P2=   0 T1=1023 T2= 862  P= 554  D=  -1 
 X= 948 X2= 997  Y= 973 Y2=1023 P1=1023 P2=   0 T1=1023 T2= 901  P= 554  D=  -1 
 X= 760 X2=1023  Y= 951 Y2=1019 P1=1023 P2=   0 T1=1023 T2= 881  P= 554  D=  -1 
 X= 884 X2= 955  Y= 970 Y2=1021 P1=1023 P2=   0 T1=1023 T2= 868  P= 554  D=  -1 
 X= 720 X2=1023  Y= 972 Y2=1023 P1=1023 P2=   0 T1=1023 T2= 892  P= 554  D=  -1 
 X= 777 X2=1023  Y= 992 Y2=1021 P1=1023 P2=   0 T1=1023 T2= 889  P= 554  D=  -1 
 X= 842 X2=1023  Y= 985 Y2=1022 P1=1023 P2=   0 T1=1023 T2= 924  P= 554  D=  -1 
 X= 991 X2= 998  Y=1022 Y2=1022 P1=1023 P2=   0 T1=1023 T2=1019  P= 554  D=  -1 
 X= 830 X2=1023  Y= 983 Y2=1021 P1=1023 P2=   0 T1=1022 T2= 883  P= 554  D=  -1 
 X=1018 X2= 965  Y= 968 Y2=1021 P1=1022 P2=   0 T1=1023 T2= 889  P= 554  D=  -1 
 X= 803 X2=1006  Y= 966 Y2=1023 P1=1023 P2=   0 T1=1023 T2= 901  P= 554  D=  -1 
 X=1023 X2= 978  Y= 978 Y2=1022 P1=1023 P2=   0 T1=1023 T2= 898  P= 554  D=  -1 
 X= 897 X2= 968  Y= 972 Y2=1021 P1=1023 P2=   0 T1=1023 T2= 903  P= 554  D=  -1 
 X= 872 X2=1023  Y= 976 Y2=1022 P1=1023 P2=   0 T1=1023 T2= 875  P= 554  D=  -1 
 X= 616 X2=1023  Y= 978 Y2=1023 P1=1023 P2=   0 T1=1023 T2= 885  P= 554  D=  -1 
 X= 728 X2=1023  Y= 978 Y2=1021 P1=1023 P2=   0 T1=1021 T2= 902  P= 554  D=  -1 
 X= 707 X2=1023  Y= 977 Y2=1022 P1=1023 P2=   0 T1=1023 T2= 887  P= 554  D=  -1 
 X= 898 X2=1023  Y= 972 Y2=1023 P1=1023 P2=   0 T1=1023 T2= 905  P= 554  D=  -1 
 X= 979 X2= 970  Y= 969 Y2=1022 P1=1023 P2=   0 T1=1023 T2= 907  P= 554  D=  -1 
 X=1023 X2= 951  Y= 962 Y2=1022 P1=1023 P2=   0 T1=1023 T2= 880  P= 554  D=  -1 
 X= 992 X2=1022  Y= 963 Y2=1021 P1=1023 P2=   0 T1=1023 T2= 880  P= 554  D=  -1 
 X= 763 X2=1023  Y= 996 Y2=1021 P1=1023 P2=   0 T1=1023 T2= 886  P= 554  D=  -1 
 X= 890 X2=1023  Y= 983 Y2=1020 P1=1023 P2=   0 T1=1023 T2= 894  P= 554  D=  -1 
 X= 895 X2=1023  Y= 949 Y2=1023 P1=1023 P2=   0 T1=1023 T2= 901  P= 554  D=  -1 
 X= 756 X2=1023  Y= 969 Y2=1023 P1=1023 P2=   0 T1=1021 T2= 888  P= 554  D=  -1 
 X= 783 X2=1011  Y= 972 Y2=1023 P1=1023 P2=   0 T1=1023 T2= 904  P= 554  D=  -1 
 X= 870 X2=1010  Y= 955 Y2=1023 P1=1023 P2=   0 T1=1022 T2= 870  P= 554  D=  -1 
 X= 897 X2=1017  Y= 966 Y2=1022 P1=1023 P2=   0 T1=1023 T2= 895  P= 554  D=  -1 
 X= 874 X2= 968  Y= 964 Y2=1023 P1=1023 P2=   0 T1=1023 T2= 857  P= 554  D=  -1 
 X=1023 X2=1002  Y= 977 Y2=1022 P1=1023 P2=   0 T1=1023 T2= 886  P= 554  D=  -1 
 X= 747 X2=1023  Y= 967 Y2=1022 P1=1023 P2=   0 T1=1021 T2= 892  P= 554  D=  -1 
 X= 818 X2=1023  Y= 980 Y2=1019 P1=1023 P2=   0 T1=1022 T2= 889  P= 554  D=  -1 
 X= 774 X2=1023  Y= 960 Y2=1022 P1=1023 P2=   0 T1=1023 T2= 922  P= 554  D=  -1 
 X= 812 X2= 814  Y= 688 Y2= 693 P1= 915 P2= 558 T1=  14 T2=  14  P= 519  D=  -1 * 0
 X= 984 X2= 971  Y= 974 Y2=1023 P1=1023 P2=   0 T1=1023 T2= 121  P= 519  D=  -1 
 X= 822 X2= 819  Y= 691 Y2= 694 P1= 923 P2= 526 T1= 202 T2=  15  P= 519  D=  -1 
 X= 814 X2= 815  Y= 689 Y2= 694 P1= 923 P2= 518 T1=  17 T2=  16  P= 635  D=  -1 * 0
 X= 815 X2= 815  Y= 690 Y2= 694 P1= 925 P2= 506 T1=  17 T2=  17  P= 674  D=  -1 * 0
 X= 814 X2= 815  Y= 689 Y2= 694 P1= 924 P2= 512 T1=  18 T2=  18  P= 654  D=  -1 * 0
 X= 814 X2= 815  Y= 690 Y2= 694 P1= 923 P2= 517 T1=  18 T2=  17  P= 638  D=  -1 * 1
 X= 814 X2= 815  Y= 690 Y2= 694 P1= 923 P2= 520 T1=  17 T2=  16  P= 630  D=  -1 * 2
 X= 810 X2= 815  Y= 690 Y2= 694 P1= 923 P2= 516 T1=  17 T2=  17  P= 639  D=  -1 * 3
 X= 814 X2= 815  Y= 689 Y2= 693 P1= 923 P2= 517 T1=  18 T2=  17  P= 638  D=  -1 * 4
 X= 814 X2= 815  Y= 690 Y2= 694 P1= 922 P2= 521 T1=  17 T2=  17  P= 625  D=  -1 * 5
 X= 814 X2= 814  Y= 690 Y2= 694 P1= 922 P2= 521 T1=  18 T2=  16  P= 625  D=  -1 * 6
 X= 814 X2= 815  Y= 688 Y2= 694 P1= 922 P2= 523 T1=  16 T2=  16  P= 620  D=  -1 * 7
 X= 813 X2= 815  Y= 689 Y2= 694 P1= 922 P2= 524 T1=  17 T2=  16  P= 617  D=  -1 * 8
 X= 814 X2= 814  Y= 689 Y2= 694 P1= 922 P2= 521 T1=  17 T2=  16  P= 625  D=  -1 * 9
 X= 806 X2= 815  Y= 690 Y2= 694 P1= 923 P2= 521 T1=  17 T2=  17  P= 624  D=  -1 * 10
 X= 814 X2= 815  Y= 690 Y2= 694 P1= 922 P2= 523 T1=  17 T2=  16  P= 620  D=  -1 * 11
 X= 813 X2= 815  Y= 689 Y2= 694 P1= 922 P2= 522 T1=  17 T2=  17  P= 623  D=  -1 * 12
 X= 814 X2= 815  Y= 690 Y2= 694 P1= 922 P2= 523 T1=  17 T2=  17  P= 620  D=  -1 * 13
 X= 813 X2= 814  Y= 689 Y2= 694 P1= 921 P2= 523 T1=  17 T2=  16  P= 617  D=  -1 * 14
 X= 814 X2= 815  Y= 689 Y2= 694 P1= 922 P2= 522 T1=  17 T2=  17  P= 623  D=  -1 * 15
 X= 813 X2= 814  Y= 689 Y2= 694 P1= 921 P2= 523 T1=  16 T2=  17  P= 617  D=  -1 * 16
 X= 813 X2= 814  Y= 689 Y2= 694 P1= 922 P2= 522 T1=  16 T2=  16  P= 622  D=  -1 * 17
 X= 814 X2= 814  Y= 690 Y2= 694 P1= 921 P2= 522 T1=  16 T2=  17  P= 621  D=  -1 * 18
 X= 814 X2= 814  Y= 689 Y2= 694 P1= 922 P2= 523 T1=  15 T2=  16  P= 620  D=  -1 * 19
 X= 814 X2= 814  Y= 689 Y2= 693 P1= 922 P2= 522 T1=  16 T2=  17  P= 623  D=  -1 * 20
 X= 814 X2= 815  Y= 689 Y2= 694 P1= 922 P2= 522 T1=  17 T2=  17  P= 623  D=  -1 * 21
 X= 814 X2= 815  Y= 689 Y2= 693 P1= 922 P2= 521 T1=  17 T2=  17  P= 625  D=  -1 * 22
 X= 814 X2= 814  Y= 690 Y2= 694 P1= 923 P2= 523 T1=  16 T2=  17  P= 621  D=  -1 * 23
 X= 814 X2= 813  Y= 690 Y2= 694 P1= 921 P2= 522 T1=  17 T2=  17  P= 621  D=  -1 * 24
Remove Pin
 X= 813 X2= 815  Y= 690 Y2= 694 P1= 922 P2= 522 T1=  16 T2=  16  P= 623  D=  -1 * 24
 X= 814 X2= 815  Y= 689 Y2= 694 P1= 922 P2= 523 T1=  16 T2=  17  P= 620  D=  -1 * 24
 X= 814 X2= 815  Y= 689 Y2= 694 P1= 922 P2= 523 T1=  16 T2=  17  P= 620  D=  -1 * 24
 X= 814 X2= 815  Y= 689 Y2= 694 P1= 922 P2= 523 T1=  17 T2=  16  P= 620  D=  -1 * 24
 X= 814 X2= 815  Y= 689 Y2= 694 P1= 922 P2= 523 T1=  17 T2=  16  P= 620  D=  -1 * 24
 X= 814 X2= 815  Y= 690 Y2= 693 P1= 922 P2= 523 T1=  17 T2=  17  P= 620  D=  -1 * 24
 X= 814 X2= 815  Y= 689 Y2= 694 P1= 921 P2= 523 T1=  17 T2=  17  P= 618  D=  -1 * 24
 X= 814 X2= 815  Y= 689 Y2= 693 P1= 922 P2= 523 T1=  17 T2=  18  P= 620  D=  -1 * 24
 X= 815 X2= 814  Y= 689 Y2= 694 P1= 922 P2= 523 T1=  17 T2=  17  P= 620  D=  -1 * 24
 X= 814 X2= 815  Y= 690 Y2= 694 P1= 922 P2= 523 T1=  17 T2=  16  P= 620  D=  -1 * 24
 X= 814 X2= 815  Y= 689 Y2= 694 P1= 922 P2= 523 T1=  16 T2=  16  P= 620  D=  -1 * 24
 X= 814 X2= 814  Y= 689 Y2= 692 P1= 921 P2= 523 T1=  17 T2=  16  P= 618  D=  -1 * 24
 X= 814 X2= 814  Y= 690 Y2= 694 P1= 922 P2= 523 T1=  17 T2=  17  P= 620  D=  -1 * 24
 X= 814 X2= 814  Y= 689 Y2= 694 P1= 922 P2= 522 T1=  16 T2=  16  P= 623  D=  -1 * 24
 X= 814 X2= 814  Y= 689 Y2= 693 P1= 923 P2= 523 T1=  17 T2=  16  P= 621  D=  -1 * 24
 X= 814 X2= 815  Y= 689 Y2= 693 P1= 921 P2= 525 T1=  16 T2=  17  P= 613  D=  -1 * 24
 X= 831 X2= 820  Y= 697 Y2= 702 P1= 941 P2= 427 T1=  28 T2=  26  P= 613  D=  -1 * 24
 X= 697 X2=1023  Y= 953 Y2=1023 P1=1023 P2=   0 T1=1022 T2= 874  P= 613  D=  -1 
 X=1023 X2=1003  Y= 964 Y2=1022 P1=1023 P2=   0 T1=1022 T2= 882  P= 613  D=  -1 
 X= 871 X2=1023  Y= 975 Y2=1021 P1=1023 P2=   0 T1=1021 T2= 858  P= 613  D=  -1 
target state=4 point=23,249
 X= 858 X2=1023  Y= 974 Y2=1021 P1=1023 P2=   0 T1=1023 T2= 879  P= 613  D=  -1 
 X= 993 X2=1016  Y= 965 Y2=1023 P1=1023 P2=   0 T1=1022 T2= 905  P= 613  D=  -1 
 X= 995 X2= 965  Y= 966 Y2=1023 P1=1023 P2=   0 T1=1023 T2= 910  P= 613  D=  -1 
 X= 621 X2=1023  Y= 960 Y2=1023 P1=1023 P2=   0 T1=1023 T2= 894  P= 613  D=  -1 
 X= 774 X2=1023  Y= 963 Y2=1022 P1=1023 P2=   0 T1=1023 T2= 883  P= 613  D=  -1 
 X= 762 X2=1011  Y= 961 Y2=1023 P1=1023 P2=   0 T1=1023 T2= 891  P= 613  D=  -1 
 X= 967 X2=1003  Y= 958 Y2=1023 P1=1023 P2=   0 T1=1022 T2= 905  P= 613  D=  -1 
 X= 847 X2=1023  Y= 976 Y2=1021 P1=1023 P2=   0 T1=1023 T2= 901  P= 613  D=  -1 
 X= 909 X2= 961  Y= 966 Y2=1021 P1=1023 P2=   0 T1=1023 T2= 861  P= 613  D=  -1 
 X= 896 X2=1023  Y= 968 Y2=1023 P1=1023 P2=   0 T1=1023 T2= 888  P= 613  D=  -1 
 X= 759 X2=1023  Y= 983 Y2=1020 P1=1023 P2=   0 T1=1023 T2= 892  P= 613  D=  -1 
 X= 765 X2=1023  Y= 961 Y2=1021 P1=1023 P2=   0 T1=1023 T2= 880  P= 613  D=  -1 
 X= 602 X2=1000  Y= 961 Y2=1023 P1=1023 P2=   0 T1=1023 T2= 906  P= 613  D=  -1 
 X= 651 X2=1023  Y= 970 Y2=1023 P1=1023 P2=   0 T1=1023 T2= 894  P= 613  D=  -1 
 X=1023 X2= 980  Y= 979 Y2=1022 P1=1023 P2=   0 T1=1023 T2= 881  P= 613  D=  -1 
 X= 979 X2= 993  Y= 968 Y2=1023 P1=1023 P2=   0 T1=1023 T2= 870  P= 613  D=  -1 
 X= 812 X2=1006  Y= 958 Y2=1023 P1=1023 P2=   0 T1=1023 T2= 877  P= 613  D=  -1 
 X= 901 X2=1023  Y= 976 Y2=1022 P1=1023 P2=   0 T1=1023 T2= 882  P= 613  D=  -1 
 X=1023 X2=1000  Y= 972 Y2=1022 P1=1023 P2=   0 T1=1023 T2= 886  P= 613  D=  -1 
 X= 760 X2=1023  Y= 969 Y2=1022 P1=1023 P2=   0 T1=1023 T2= 893  P= 613  D=  -1 
 X= 722 X2=1023  Y= 967 Y2=1022 P1=1023 P2=   0 T1=1023 T2= 876  P= 613  D=  -1 
 X= 968 X2= 998  Y= 963 Y2=1023 P1=1023 P2=   0 T1=1022 T2= 887  P= 613  D=  -1 
 X= 840 X2=1014  Y= 970 Y2=1023 P1=1023 P2=   0 T1=1023 T2= 873  P= 613  D=  -1 
 X= 889 X2=1023  Y= 962 Y2=1023 P1=1023 P2=   0 T1=1023 T2= 904  P= 613  D=  -1 
 X= 872 X2=1023  Y= 955 Y2=1023 P1=1023 P2=   0 T1=1023 T2= 885  P= 613  D=  -1 
 X= 921 X2=1023  Y=1023 Y2=1021 P1=1023 P2=   0 T1=1023 T2=1002  P= 613  D=  -1 
 X= 880 X2=1023  Y= 966 Y2=1023 P1=1023 P2=   0 T1=1022 T2= 887  P= 613  D=  -1 
 X=1023 X2= 999  Y= 975 Y2=1022 P1=1023 P2=   0 T1=1023 T2= 882  P= 613  D=  -1 
 X= 746 X2=1023  Y= 968 Y2=1023 P1=1023 P2=   0 T1=1023 T2= 898  P= 613  D=  -1 
 X= 765 X2=1023  Y= 975 Y2=1022 P1=1023 P2=   0 T1=1022 T2= 904  P= 613  D=  -1 
 X= 785 X2=1023  Y= 963 Y2=1021 P1=1023 P2=   0 T1=1022 T2= 903  P= 613  D=  -1 
 X= 959 X2=1006  Y= 963 Y2=1023 P1=1023 P2=   0 T1=1019 T2= 890  P= 613  D=  -1 
 X= 899 X2=1023  Y= 967 Y2=1023 P1=1023 P2=   0 T1=1023 T2= 898  P= 613  D=  -1 
 X= 996 X2= 998  Y= 959 Y2=1023 P1=1023 P2=   0 T1=1023 T2= 890  P= 613  D=  -1 
 X= 846 X2=1013  Y= 967 Y2=1023 P1=1023 P2=   0 T1=1023 T2= 903  P= 613  D=  -1 
 X= 736 X2=1023  Y= 990 Y2=1022 P1=1023 P2=   0 T1=1023 T2= 925  P= 613  D=  -1 
 X= 889 X2=1023  Y= 971 Y2=1022 P1=1023 P2=   0 T1=1023 T2= 868  P= 613  D=  -1 
 X= 882 X2= 945  Y= 974 Y2=1021 P1=1023 P2=   0 T1=1023 T2= 893  P= 613  D=  -1 
 X= 670 X2=1023  Y= 966 Y2=1023 P1=1023 P2=   0 T1=1022 T2= 905  P= 613  D=  -1 
 X= 722 X2=1023  Y= 962 Y2=1022 P1=1023 P2=   0 T1=1022 T2= 912  P= 613  D=  -1 
 X= 761 X2=1012  Y= 974 Y2=1023 P1=1023 P2=   0 T1=1023 T2= 903  P= 613  D=  -1 
 X= 764 X2=1010  Y= 957 Y2=1023 P1=1023 P2=   0 T1=1023 T2= 890  P= 613  D=  -1 
 X= 850 X2=1023  Y= 978 Y2=1021 P1=1023 P2=   0 T1=1023 T2= 875  P= 613  D=  -1 
 X=1023 X2= 995  Y= 970 Y2=1022 P1=1023 P2=   0 T1=1023 T2= 884  P= 613  D=  -1 
 X=1000 X2= 967  Y= 965 Y2=1022 P1=1023 P2=   0 T1=1023 T2= 882  P= 613  D=  -1 
 X= 804 X2=1023  Y= 990 Y2=1022 P1=1023 P2=   0 T1=1023 T2= 897  P= 613  D=  -1 
 X= 886 X2=1023  Y= 983 Y2=1021 P1=1023 P2=   0 T1=1023 T2= 883  P= 613  D=  -1 
 X= 894 X2=1023  Y= 971 Y2=1023 P1=1023 P2=   0 T1=1023 T2= 914  P= 613  D=  -1 
 X= 689 X2=1023  Y= 974 Y2=1022 P1=1023 P2=   0 T1=1022 T2= 913  P= 613  D=  -1 
 X= 878 X2=1023  Y= 976 Y2=1022 P1=1023 P2=   0 T1=1022 T2= 873  P= 613  D=  -1 
 X= 780 X2=1011  Y= 954 Y2=1023 P1=1023 P2=   0 T1=1022 T2= 879  P= 613  D=  -1 
 X= 873 X2=1023  Y= 965 Y2=1021 P1=1023 P2=   0 T1=1023 T2= 884  P= 613  D=  -1 
 X=1023 X2= 985  Y= 970 Y2=1022 P1=1023 P2=   0 T1=1023 T2= 868  P= 613  D=  -1 
 X=1023 X2=1001  Y= 961 Y2=1022 P1=1023 P2=   0 T1=1015 T2= 888  P= 613  D=  -1 
 X= 764 X2=1023  Y= 981 Y2=1021 P1=1023 P2=   0 T1=1023 T2= 892  P= 613  D=  -1 
 X= 889 X2=1023  Y= 983 Y2=1022 P1=1023 P2=   0 T1=1023 T2= 887  P= 613  D=  -1 
 X= 889 X2=1023  Y= 959 Y2=1023 P1=1023 P2=   0 T1=1023 T2= 893  P= 613  D=  -1 
 X= 871 X2=1023  Y= 968 Y2=1023 P1=1023 P2=   0 T1=1023 T2= 907  P= 613  D=  -1 
 X= 875 X2=1021  Y= 968 Y2=1022 P1=1023 P2=   0 T1=1022 T2= 887  P= 613  D=  -1 
 X= 730 X2=1023  Y= 963 Y2=1023 P1=1023 P2=   0 T1=1022 T2= 917  P= 613  D=  -1 
 X= 933 X2= 943  Y= 978 Y2=1022 P1=1023 P2=   0 T1=1023 T2= 881  P= 613  D=  -1 
 X= 989 X2= 995  Y= 959 Y2=1022 P1=1023 P2=   0 T1=1023 T2= 903  P= 613  D=  -1 
 X=1014 X2= 947  Y= 954 Y2=1022 P1=1023 P2=   0 T1=1023 T2= 897  P= 613  D=  -1 
 X= 714 X2=1023  Y= 969 Y2=1023 P1=1023 P2=   0 T1=1022 T2= 900  P= 613  D=  -1 
 X= 780 X2=1023  Y= 967 Y2=1021 P1=1023 P2=   0 T1=1023 T2= 917  P= 613  D=  -1 
 X= 798 X2=1005  Y= 949 Y2=1023 P1=1023 P2=   0 T1=1023 T2= 886  P= 613  D=  -1 
 X= 810 X2=1012  Y= 945 Y2=1021 P1=1022 P2=   0 T1=1023 T2= 893  P= 613  D=  -1 
 X= 632 X2=1023  Y= 969 Y2=1023 P1=1023 P2=   0 T1=1022 T2= 854  P= 613  D=  -1 
 X= 977 X2= 997  Y= 955 Y2=1023 P1=1023 P2=   0 T1=1023 T2= 887  P= 613  D=  -1 
 X= 811 X2=1008  Y= 948 Y2=1023 P1=1023 P2=   0 T1=1023 T2= 892  P= 613  D=  -1 
 X= 782 X2=1023  Y= 979 Y2=1022 P1=1023 P2=   0 T1=1022 T2= 866  P= 613  D=  -1 
 X= 883 X2= 961  Y= 976 Y2=1019 P1=1023 P2=   0 T1=1023 T2= 873  P= 613  D=  -1 
 X= 677 X2=1023  Y= 971 Y2=1023 P1=1023 P2=   0 T1=1022 T2= 895  P= 613  D=  -1 
 X= 694 X2=1023  Y= 968 Y2=1023 P1=1023 P2=   0 T1=1022 T2= 878  P= 613  D=  -1 
 X= 867 X2=1011  Y= 960 Y2=1023 P1=1023 P2=   0 T1=1023 T2= 905  P= 613  D=  -1 
 X= 728 X2=1023  Y= 965 Y2=1022 P1=1023 P2=   0 T1=1023 T2= 903  P= 613  D=  -1 
 X= 890 X2=1023  Y= 960 Y2=1023 P1=1023 P2=   0 T1=1023 T2= 905  P= 613  D=  -1 
 X= 890 X2= 991  Y= 978 Y2=1022 P1=1023 P2=   0 T1=1023 T2= 887  P= 613  D=  -1 
 X=1023 X2= 952  Y= 965 Y2=1022 P1=1023 P2=   0 T1=1023 T2= 890  P= 613  D=  -1 
 X= 256 X2= 267  Y= 856 Y2= 958 P1= 963 P2= 165 T1=  27 T2=  26  P=1262  D=  -1 * 0
 X= 869 X2= 958  Y= 972 Y2=1022 P1=1023 P2=   0 T1=1023 T2= 882  P=1262  D=  -1 
 X=1023 X2= 986  Y= 979 Y2=1022 P1=1023 P2=   0 T1=1023 T2= 898  P=1262  D=  -1 
 X= 740 X2=1023  Y= 965 Y2=1020 P1=1023 P2=   0 T1=1023 T2= 886  P=1262  D=  -1 
 X= 243 X2= 244  Y= 698 Y2= 693 P1= 882 P2= 197 T1=  37 T2=  27  P=1262  D=  -1 
 X= 238 X2= 238  Y= 696 Y2= 691 P1= 875 P2= 206 T1=  26 T2=  27  P= 772  D=  -1 * 0
 X= 240 X2= 244  Y= 697 Y2= 693 P1= 886 P2= 189 T1=  30 T2=  30  P= 892  D=  -1 * 0
 X= 248 X2= 249  Y= 700 Y2= 695 P1= 893 P2= 185 T1=  36 T2=  29  P= 892  D=  -1 
 X= 239 X2= 241  Y= 695 Y2= 693 P1= 878 P2= 200 T1=  26 T2=  28  P= 813  D=  -1 * 0
 X= 238 X2= 239  Y= 696 Y2= 691 P1= 875 P2= 205 T1=  26 T2=  27  P= 777  D=  -1 * 1
 X= 238 X2= 238  Y= 695 Y2= 690 P1= 870 P2= 211 T1=  25 T2=  25  P= 743  D=  -1 * 2
 X= 237 X2= 238  Y= 696 Y2= 691 P1= 869 P2= 213 T1=  26 T2=  25  P= 729  D=  -1 * 3
 X= 237 X2= 239  Y= 695 Y2= 691 P1= 869 P2= 213 T1=  25 T2=  26  P= 732  D=  -1 * 4
 X= 237 X2= 238  Y= 695 Y2= 690 P1= 869 P2= 213 T1=  25 T2=  25  P= 729  D=  -1 * 5
 X= 246 X2= 239  Y= 695 Y2= 691 P1= 868 P2= 215 T1=  25 T2=  25  P= 734  D=  -1 * 6
 X= 237 X2= 238  Y= 695 Y2= 691 P1= 867 P2= 215 T1=  25 T2=  25  P= 718  D=  -1 * 7
 X= 236 X2= 241  Y= 694 Y2= 691 P1= 866 P2= 217 T1=  25 T2=  25  P= 711  D=  -1 * 8
 X= 236 X2= 238  Y= 695 Y2= 690 P1= 864 P2= 219 T1=  24 T2=  25  P= 697  D=  -1 * 9
 X= 236 X2= 237  Y= 695 Y2= 691 P1= 864 P2= 220 T1=  25 T2=  25  P= 690  D=  -1 * 10
 X= 236 X2= 237  Y= 695 Y2= 691 P1= 864 P2= 221 T1=  25 T2=  24  P= 686  D=  -1 * 11
 X= 248 X2= 238  Y= 695 Y2= 690 P1= 864 P2= 220 T1=  24 T2=  25  P= 711  D=  -1 * 12
 X= 236 X2= 238  Y= 695 Y2= 690 P1= 865 P2= 220 T1=  25 T2=  23  P= 694  D=  -1 * 13
 X= 236 X2= 239  Y= 695 Y2= 690 P1= 864 P2= 219 T1=  24 T2=  25  P= 697  D=  -1 * 14
 X= 236 X2= 238  Y= 695 Y2= 691 P1= 865 P2= 219 T1=  25 T2=  25  P= 698  D=  -1 * 15
 X= 237 X2= 239  Y= 695 Y2= 691 P1= 865 P2= 219 T1=  25 T2=  25  P= 701  D=  -1 * 16
 X= 237 X2= 240  Y= 694 Y2= 690 P1= 864 P2= 220 T1=  25 T2=  24  P= 696  D=  -1 * 17
 X= 236 X2= 239  Y= 695 Y2= 690 P1= 864 P2= 220 T1=  24 T2=  23  P= 693  D=  -1 * 18
 X= 236 X2= 237  Y= 695 Y2= 690 P1= 865 P2= 220 T1=  25 T2=  24  P= 691  D=  -1 * 19
 X= 236 X2= 239  Y= 695 Y2= 690 P1= 865 P2= 220 T1=  25 T2=  25  P= 694  D=  -1 * 20
 X= 236 X2= 238  Y= 695 Y2= 691 P1= 865 P2= 220 T1=  25 T2=  24  P= 694  D=  -1 * 21
 X= 236 X2= 238  Y= 695 Y2= 690 P1= 865 P2= 220 T1=  25 T2=  24  P= 694  D=  -1 * 22
 X= 235 X2= 237  Y= 696 Y2= 690 P1= 864 P2= 220 T1=  25 T2=  24  P= 690  D=  -1 * 23
 X= 236 X2= 239  Y= 695 Y2= 690 P1= 865 P2= 219 T1=  24 T2=  25  P= 698  D=  -1 * 24
Remove Pin
 X= 236 X2= 239  Y= 695 Y2= 690 P1= 864 P2= 219 T1=  25 T2=  24  P= 697  D=  -1 * 24
 X= 236 X2= 238  Y= 694 Y2= 691 P1= 865 P2= 220 T1=  23 T2=  24  P= 694  D=  -1 * 24
 X= 236 X2= 239  Y= 694 Y2= 690 P1= 864 P2= 220 T1=  25 T2=  25  P= 693  D=  -1 * 24
 X= 237 X2= 238  Y= 695 Y2= 690 P1= 864 P2= 220 T1=  25 T2=  24  P= 693  D=  -1 * 24
 X= 237 X2= 238  Y= 694 Y2= 690 P1= 864 P2= 220 T1=  24 T2=  24  P= 693  D=  -1 * 24
 X= 236 X2= 239  Y= 695 Y2= 690 P1= 864 P2= 219 T1=  24 T2=  24  P= 697  D=  -1 * 24
 X= 237 X2= 238  Y= 694 Y2= 690 P1= 864 P2= 220 T1=  25 T2=  24  P= 693  D=  -1 * 24
 X= 237 X2= 238  Y= 695 Y2= 690 P1= 864 P2= 220 T1=  24 T2=  24  P= 693  D=  -1 * 24
 X= 236 X2= 238  Y= 695 Y2= 691 P1= 864 P2= 221 T1=  24 T2=  25  P= 689  D=  -1 * 24
 X= 237 X2= 238  Y= 695 Y2= 691 P1= 864 P2= 221 T1=  25 T2=  25  P= 689  D=  -1 * 24
 X= 235 X2= 238  Y= 695 Y2= 690 P1= 864 P2= 221 T1=  25 T2=  24  P= 686  D=  -1 * 24
 X= 236 X2= 239  Y= 694 Y2= 691 P1= 864 P2= 220 T1=  25 T2=  25  P= 693  D=  -1 * 24
 X= 237 X2= 238  Y= 695 Y2= 690 P1= 864 P2= 220 T1=  24 T2=  25  P= 693  D=  -1 * 24
 X= 237 X2= 237  Y= 694 Y2= 690 P1= 864 P2= 221 T1=  24 T2=  24  P= 689  D=  -1 * 24
 X= 237 X2= 238  Y= 695 Y2= 691 P1= 864 P2= 220 T1=  25 T2=  25  P= 693  D=  -1 * 24
 X= 236 X2= 239  Y= 695 Y2= 690 P1= 863 P2= 221 T1=  24 T2=  24  P= 688  D=  -1 * 24
 X= 237 X2= 238  Y= 695 Y2= 690 P1= 863 P2= 220 T1=  24 T2=  24  P= 692  D=  -1 * 24
 X= 237 X2= 239  Y= 693 Y2= 691 P1= 864 P2= 221 T1=  25 T2=  24  P= 692  D=  -1 * 24
 X= 236 X2= 239  Y= 695 Y2= 690 P1= 864 P2= 221 T1=  24 T2=  25  P= 689  D=  -1 * 24
 X= 237 X2= 240  Y= 694 Y2= 690 P1= 864 P2= 220 T1=  25 T2=  25  P= 696  D=  -1 * 24
 X= 236 X2= 238  Y= 695 Y2= 690 P1= 863 P2= 221 T1=  25 T2=  25  P= 688  D=  -1 * 24
 X= 237 X2= 238  Y= 695 Y2= 690 P1= 863 P2= 222 T1=  25 T2=  24  P= 684  D=  -1 * 24
 X= 235 X2= 238  Y= 694 Y2= 690 P1= 863 P2= 222 T1=  24 T2=  25  P= 681  D=  -1 * 24
 X= 236 X2= 239  Y= 694 Y2= 690 P1= 863 P2= 221 T1=  25 T2=  24  P= 688  D=  -1 * 24
 X= 236 X2= 238  Y= 695 Y2= 690 P1= 863 P2= 221 T1=  25 T2=  25  P= 688  D=  -1 * 24
 X= 237 X2= 238  Y= 694 Y2= 690 P1= 863 P2= 222 T1=  25 T2=  24  P= 684  D=  -1 * 24
 X= 235 X2= 238  Y= 695 Y2= 691 P1= 864 P2= 222 T1=  24 T2=  25  P= 682  D=  -1 * 24
 X= 236 X2= 237  Y= 695 Y2= 691 P1= 863 P2= 222 T1=  24 T2=  24  P= 681  D=  -1 * 24
 X= 236 X2= 238  Y= 695 Y2= 690 P1= 864 P2= 221 T1=  24 T2=  25  P= 689  D=  -1 * 24
 X= 236 X2= 237  Y= 695 Y2= 690 P1= 864 P2= 222 T1=  24 T2=  25  P= 682  D=  -1 * 24
 X= 236 X2= 238  Y= 695 Y2= 688 P1= 864 P2= 221 T1=  25 T2=  25  P= 689  D=  -1 * 24
 X= 236 X2= 238  Y= 694 Y2= 690 P1= 862 P2= 222 T1=  24 T2=  23  P= 683  D=  -1 * 24
 X= 236 X2= 238  Y= 696 Y2= 690 P1= 863 P2= 222 T1=  25 T2=  25  P= 684  D=  -1 * 24
 X= 236 X2= 238  Y= 694 Y2= 690 P1= 863 P2= 221 T1=  24 T2=  24  P= 688  D=  -1 * 24
 X= 235 X2= 237  Y= 694 Y2= 690 P1= 863 P2= 222 T1=  24 T2=  24  P= 681  D=  -1 * 24
 X= 236 X2= 238  Y= 694 Y2= 691 P1= 863 P2= 222 T1=  24 T2=  25  P= 684  D=  -1 * 24
 X= 236 X2= 238  Y= 694 Y2= 690 P1= 862 P2= 222 T1=  24 T2=  24  P= 683  D=  -1 * 24
 X= 236 X2= 239  Y= 695 Y2= 690 P1= 863 P2= 223 T1=  24 T2=  24  P= 679  D=  -1 * 24
 X= 236 X2= 237  Y= 694 Y2= 690 P1= 863 P2= 222 T1=  24 T2=  25  P= 681  D=  -1 * 24
 X= 236 X2= 237  Y= 695 Y2= 690 P1= 863 P2= 222 T1=  24 T2=  24  P= 681  D=  -1 * 24
 X= 237 X2= 237  Y= 695 Y2= 690 P1= 862 P2= 222 T1=  24 T2=  24  P= 683  D=  -1 * 24
 X= 236 X2= 238  Y= 695 Y2= 690 P1= 864 P2= 223 T1=  24 T2=  25  P= 681  D=  -1 * 24
 X= 237 X2= 238  Y= 695 Y2= 691 P1= 863 P2= 222 T1=  25 T2=  24  P= 684  D=  -1 * 24
 X= 236 X2= 238  Y= 694 Y2= 690 P1= 863 P2= 222 T1=  23 T2=  24  P= 684  D=  -1 * 24
 X= 235 X2= 238  Y= 695 Y2= 690 P1= 863 P2= 222 T1=  24 T2=  24  P= 681  D=  -1 * 24
 X= 236 X2= 238  Y= 694 Y2= 690 P1= 863 P2= 222 T1=  24 T2=  23  P= 684  D=  -1 * 24
 X= 236 X2= 238  Y= 695 Y2= 690 P1= 862 P2= 223 T1=  24 T2=  24  P= 679  D=  -1 * 24
 X= 235 X2= 238  Y= 695 Y2= 690 P1= 863 P2= 222 T1=  24 T2=  25  P= 681  D=  -1 * 24
 X= 235 X2= 238  Y= 695 Y2= 691 P1= 863 P2= 223 T1=  24 T2=  24  P= 677  D=  -1 * 24
 X= 236 X2= 239  Y= 695 Y2= 690 P1= 862 P2= 223 T1=  24 T2=  24  P= 679  D=  -1 * 24
 X= 236 X2= 238  Y= 694 Y2= 690 P1= 862 P2= 223 T1=  25 T2=  24  P= 679  D=  -1 * 24
 X= 236 X2= 238  Y= 695 Y2= 690 P1= 863 P2= 222 T1=  24 T2=  25  P= 684  D=  -1 * 24
 X= 236 X2= 238  Y= 695 Y2= 690 P1= 862 P2= 223 T1=  24 T2=  24  P= 679  D=  -1 * 24
 X= 237 X2= 238  Y= 695 Y2= 690 P1= 862 P2= 223 T1=  24 T2=  25  P= 679  D=  -1 * 24
 X= 237 X2= 238  Y= 695 Y2= 690 P1= 862 P2= 223 T1=  24 T2=  24  P= 679  D=  -1 * 24
 X= 236 X2= 237  Y= 694 Y2= 690 P1= 863 P2= 223 T1=  24 T2=  24  P= 677  D=  -1 * 24
 X= 237 X2= 238  Y= 694 Y2= 691 P1= 862 P2= 223 T1=  24 T2=  24  P= 679  D=  -1 * 24
 X= 238 X2= 238  Y= 694 Y2= 690 P1= 864 P2= 221 T1=  24 T2=  25  P= 692  D=  -1 * 24
 X= 237 X2= 239  Y= 695 Y2= 690 P1= 869 P2= 213 T1=  25 T2=  25  P= 732  D=  -1 * 24
 X= 236 X2= 239  Y= 694 Y2= 690 P1= 862 P2= 224 T1=  24 T2=  24  P= 674  D=  -1 * 24
 X= 236 X2= 238  Y= 695 Y2= 690 P1= 870 P2= 211 T1=  24 T2=  26  P= 740  D=  -1 * 24
 X= 251 X2= 253  Y= 702 Y2= 696 P1= 886 P2= 197 T1=  56 T2=  27  P= 740  D=  -1 
 X= 812 X2=1023  Y= 979 Y2=1021 P1=1023 P2=   0 T1=1023 T2= 898  P= 740  D=  -1 
 X= 998 X2= 961  Y= 966 Y2=1022 P1=1023 P2=   0 T1=1023 T2= 879  P= 740  D=  -1 
 X= 993 X2= 969  Y= 968 Y2=1023 P1=1023 P2=   0 T1=1023 T2= 901  P= 740  D=  -1 
Target Noise  x= 2.50 y= 2.50
X[0]: Target=240   534/ 536/ 539 Stdev= 1.04 N= 24  Y[0]: Target=136   532/ 533/ 533 Stdev= 0.42 N= 24
X[1]: Target= 23   237/ 238/ 243 Stdev= 1.21 N= 24  Y[1]: Target= 22   355/ 355/ 358 Stdev= 0.66 N= 24
X[2]: Target=456   813/ 814/ 816 Stdev= 0.60 N= 24  Y[2]: Target= 22   352/ 353/ 358 Stdev= 1.30 N= 24
X[3]: Target=456   810/ 814/ 814 Stdev= 0.89 N= 24  Y[3]: Target=249   691/ 691/ 692 Stdev= 0.48 N= 24
X[4]: Target= 23   236/ 238/ 243 Stdev= 1.67 N= 24  Y[4]: Target=249   692/ 693/ 694 Stdev= 0.56 N= 24
N=24 Avg=29
min: 29 29 29 29 29 29 
max: 30 30 30 30 30 30 
N=24 Avg=25
min: 24 24 24 24 24 25 
max: 28 26 26 26 25 25 
N=24 Avg=16
min: 15 15 15 16 16 16 
max: 20 18 18 17 17 16 
N=24 Avg=16
min: 15 16 16 16 16 16 
max: 18 17 17 17 17 17 
N=24 Avg=24
min: 23 24 24 24 24 24 
max: 27 26 25 25 25 25 
Using TNT center offset = 23
TNT Plane Coef: a= -952 b=  134 c= 405705
At  535, 532: Real=  30 Fit=  23 Offset=   0
At  238, 355: Real=  25 Fit=  26 Offset=   3
At  814, 353: Real=  16 Fit=  19 Offset=  -4
At  813, 691: Real=  17 Fit=  20 Offset=  -3
At  237, 692: Real=  25 Fit=  27 Offset=   4
Fit Points: 23, 30, 16, 17, 31,  center: 23
Setting for min_tnt_up:   523
Setting for max_tnt_down: 28 (V2:42)
Entering calib_pressure_mfg
Using default pressure curve
468 471 487 495 509 524 553 575 612 
Summary:
Setting for max_tnt_down:      28
3.7 setting for max_tnt_down:     -1
Setting for min_tnt_up:       523
Setting for max_delta_tnt:      5
3.8 setting for max_delta_tnt:     -1
Setting for delay_in_us:        1
Setting for y_delay_in_us:      1
Setting for tnt_delay_in_us:    1
Setting for pressure_curve:  468 471 487 495 509 524 553 575 612
Setting for tnt_mode:           1
Setting for averaging:         -1
Setting for pointercal:      49266 146 -10269945 153 44144 -14266121 65536
Setting for tnt_plane:       -952 134 405705
