new-calib: New touch screen calibration program v3.12
Serial Number='13101E00010B06010068'
Using tnt_mode=1
Setting for delay_in_us:        1
Setting for y_delay_in_us:      1
Setting for tnt_delay_in_us:    1
Setting for max_delta_tnt:      5
Setting for tnt_mode:           1
Setting for averaging:         -1
Entering get_four_points
target_noise  x= 2.50 y= 2.50 t= 2.50
target state=0 point=23,22
 X= 996 X2=1015  Y= 937 Y2=1023 P1=1023 P2=  -1 T1=1023 T2= 834  P= 585  D=   1 
 X=1023 X2= 972  Y= 948 Y2=1023 P1=1023 P2=  -1 T1=1023 T2= 893  P= 585  D=   1 
 X= 900 X2=1023  Y= 961 Y2=1021 P1=1023 P2=  -1 T1=1023 T2= 916  P= 585  D=   1 
 X= 753 X2=1023  Y= 986 Y2=1020 P1=1023 P2=  -1 T1=1023 T2= 910  P= 585  D=   1 
 X= 895 X2=1023  Y= 971 Y2=1023 P1=1023 P2=  -1 T1=1021 T2= 928  P= 585  D=   1 
 X= 831 X2=1014  Y= 980 Y2=1023 P1=1023 P2=  -1 T1=1023 T2= 910  P= 585  D=   1 
 X= 779 X2=1023  Y= 986 Y2=1021 P1=1023 P2=  -1 T1=1022 T2= 909  P= 585  D=   1 
 X=1020 X2= 989  Y= 962 Y2=1022 P1=1023 P2=  -1 T1=1023 T2= 900  P= 585  D=   1 
 X= 730 X2=1023  Y= 989 Y2=1022 P1=1023 P2=  -1 T1=1023 T2= 872  P= 585  D=   1 
 X= 903 X2=1023  Y= 965 Y2=1023 P1=1023 P2=  -1 T1=1022 T2= 888  P= 585  D=   1 
 X= 905 X2= 947  Y= 986 Y2=1022 P1=1023 P2=  -1 T1=1023 T2= 906  P= 585  D=   1 
 X= 870 X2= 968  Y= 978 Y2=1021 P1=1023 P2=  -1 T1=1023 T2= 905  P= 585  D=   1 
 X= 724 X2=1023  Y= 977 Y2=1022 P1=1023 P2=  -1 T1=1023 T2= 911  P= 585  D=   1 
 X= 822 X2=1023  Y= 957 Y2=1022 P1=1023 P2=  -1 T1=1023 T2= 899  P= 585  D=   1 
 X= 764 X2=1009  Y= 975 Y2=1023 P1=1023 P2=  -1 T1=1023 T2= 926  P= 585  D=   1 
 X= 891 X2=1023  Y= 970 Y2=1022 P1=1023 P2=  -1 T1=1022 T2= 908  P= 585  D=   1 
 X= 667 X2=1023  Y= 961 Y2=1022 P1=1023 P2=  -1 T1=1022 T2= 915  P= 585  D=   1 
 X=1023 X2= 962  Y= 966 Y2=1022 P1=1023 P2=  -1 T1=1022 T2= 911  P= 585  D=   1 
 X= 976 X2= 996  Y= 959 Y2=1023 P1=1023 P2=  -1 T1=1023 T2= 942  P= 585  D=   1 
 X= 837 X2=1023  Y= 965 Y2=1022 P1=1023 P2=  -1 T1=1023 T2= 883  P= 585  D=   1 
 X=1023 X2= 959  Y= 983 Y2=1022 P1=1023 P2=  -1 T1=1022 T2= 924  P= 585  D=   1 
 X= 686 X2=1023  Y= 976 Y2=1022 P1=1023 P2=  -1 T1=1022 T2= 910  P= 585  D=   1 
 X= 572 X2=1023  Y= 977 Y2=1022 P1=1023 P2=  -1 T1=1023 T2= 902  P= 585  D=   1 
 X= 913 X2=1021  Y= 973 Y2=1023 P1=1023 P2=  -1 T1=1023 T2= 914  P= 585  D=   1 
 X= 887 X2=1023  Y= 975 Y2=1023 P1=1023 P2=  -1 T1=1023 T2= 923  P= 585  D=   1 
 X= 844 X2=1023  Y= 970 Y2=1023 P1=1023 P2=  -1 T1=1023 T2= 922  P= 585  D=   1 
 X= 962 X2=1015  Y= 970 Y2=1023 P1=1023 P2=  -1 T1=1023 T2= 874  P= 585  D=   1 
 X= 786 X2=1015  Y= 970 Y2=1023 P1=1023 P2=  -1 T1=1023 T2= 922  P= 585  D=   1 
 X= 690 X2=1023  Y= 984 Y2=1022 P1=1023 P2=  -1 T1=1021 T2= 911  P= 585  D=   1 
 X=1021 X2= 975  Y= 973 Y2=1023 P1=1023 P2=  -1 T1=1023 T2= 922  P= 585  D=   1 
 X= 599 X2=1015  Y= 999 Y2=1022 P1=1023 P2=  -1 T1=1023 T2= 906  P= 585  D=   1 
 X= 781 X2=1023  Y= 977 Y2=1021 P1=1023 P2=  -1 T1=1023 T2= 905  P= 585  D=   1 
 X= 699 X2=1023  Y= 973 Y2=1021 P1=1023 P2=  -1 T1=1022 T2= 911  P= 585  D=   1 
 X= 964 X2=1008  Y= 971 Y2=1023 P1=1023 P2=  -1 T1=1023 T2= 919  P= 585  D=   1 
 X= 722 X2=1023  Y= 973 Y2=1022 P1=1023 P2=  -1 T1=1023 T2= 907  P= 585  D=   1 
 X= 896 X2= 976  Y= 982 Y2=1021 P1=1023 P2=  -1 T1=1023 T2= 868  P= 585  D=   1 
 X=1023 X2= 963  Y= 979 Y2=1022 P1=1023 P2=  -1 T1=1023 T2= 900  P= 585  D=   1 
 X= 757 X2=1016  Y= 987 Y2=1022 P1=1023 P2=  -1 T1=1023 T2= 887  P= 585  D=   1 
 X= 894 X2=1023  Y= 985 Y2=1020 P1=1023 P2=  -1 T1=1023 T2= 903  P= 585  D=   1 
 X= 786 X2=1023  Y= 986 Y2=1022 P1=1023 P2=  -1 T1=1023 T2= 857  P= 585  D=   1 
 X= 818 X2=1014  Y= 976 Y2=1023 P1=1023 P2=  -1 T1=1023 T2= 911  P= 585  D=   1 
 X= 744 X2=1023  Y=1001 Y2=1021 P1=1023 P2=  -1 T1=1023 T2= 916  P= 585  D=   1 
 X=1006 X2= 970  Y= 970 Y2=1022 P1=1023 P2=  -1 T1=1023 T2= 917  P= 585  D=   1 
 X= 770 X2=1013  Y= 977 Y2=1023 P1=1023 P2=  -1 T1=1023 T2= 914  P= 585  D=   1 
 X= 851 X2= 970  Y= 977 Y2=1022 P1=1023 P2=  -1 T1=1023 T2= 858  P= 585  D=   1 
 X= 843 X2= 972  Y= 967 Y2=1022 P1=1023 P2=  -1 T1=1023 T2= 864  P= 585  D=   1 
 X= 685 X2=1023  Y= 973 Y2=1023 P1=1023 P2=  -1 T1=1022 T2= 929  P= 585  D=   1 
 X= 766 X2=1023  Y= 963 Y2=1020 P1=1023 P2=  -1 T1=1023 T2= 924  P= 585  D=   1 
 X= 917 X2= 971  Y= 983 Y2=1022 P1=1023 P2=  -1 T1=1023 T2= 915  P= 585  D=   1 
 X= 767 X2=1014  Y= 945 Y2=1023 P1=1023 P2=  -1 T1=1022 T2= 922  P= 585  D=   1 
 X=1005 X2=1023  Y=1022 Y2=1023 P1=1023 P2=  -1 T1=1022 T2=1017  P= 585  D=   1 
 X= 766 X2=1020  Y= 992 Y2=1023 P1=1023 P2=  -1 T1=1023 T2= 885  P= 585  D=   1 
 X= 755 X2=1013  Y= 966 Y2=1023 P1=1023 P2=  -1 T1=1022 T2= 925  P= 585  D=   1 
 X= 845 X2=1023  Y= 973 Y2=1023 P1=1023 P2=  -1 T1=1022 T2= 928  P= 585  D=   1 
 X= 862 X2= 965  Y= 977 Y2=1022 P1=1023 P2=  -1 T1=1023 T2= 894  P= 585  D=   1 
 X= 982 X2=1000  Y= 958 Y2=1023 P1=1023 P2=  -1 T1=1023 T2= 870  P= 585  D=   1 
 X= 748 X2=1023  Y= 978 Y2=1022 P1=1023 P2=  -1 T1=1023 T2= 878  P= 585  D=   1 
 X= 709 X2=1023  Y= 973 Y2=1022 P1=1023 P2=  -1 T1=1023 T2= 900  P= 585  D=   1 
 X= 967 X2=1003  Y= 952 Y2=1022 P1=1023 P2=  -1 T1=1023 T2= 904  P= 585  D=   1 
 X= 829 X2=1014  Y= 946 Y2=1023 P1=1023 P2=  -1 T1=1022 T2= 911  P= 585  D=   1 
 X= 694 X2=1023  Y= 962 Y2=1022 P1=1023 P2=  -1 T1=1023 T2= 909  P= 585  D=   1 
 X=1023 X2=1006  Y= 947 Y2=1023 P1=1023 P2=  -1 T1=1023 T2= 891  P= 585  D=   1 
 X= 903 X2=1023  Y= 971 Y2=1023 P1=1023 P2=  -1 T1=1022 T2= 898  P= 585  D=   1 
 X= 727 X2=1023  Y= 988 Y2=1022 P1=1023 P2=  -1 T1=1023 T2= 895  P= 585  D=   1 
 X=1023 X2= 994  Y= 968 Y2=1022 P1=1023 P2=  -1 T1=1023 T2= 900  P= 585  D=   1 
 X= 897 X2=1023  Y= 977 Y2=1022 P1=1023 P2=  -1 T1=1023 T2= 924  P= 585  D=   1 
 X= 679 X2=1023  Y= 972 Y2=1021 P1=1023 P2=  -1 T1=1022 T2= 917  P= 585  D=   1 
 X= 676 X2=1023  Y= 975 Y2=1022 P1=1023 P2=  -1 T1=1022 T2= 908  P= 585  D=   1 
 X= 774 X2=1012  Y= 963 Y2=1023 P1=1023 P2=  -1 T1=1023 T2= 912  P= 585  D=   1 
 X= 737 X2=1023  Y= 980 Y2=1023 P1=1023 P2=  -1 T1=1022 T2= 870  P= 585  D=   1 
 X=1021 X2= 973  Y= 954 Y2=1023 P1=1023 P2=  -1 T1=1023 T2= 903  P= 585  D=   1 
 X=1008 X2= 977  Y= 963 Y2=1023 P1=1023 P2=  -1 T1=1023 T2= 899  P= 585  D=   1 
 X= 691 X2=1023  Y= 976 Y2=1022 P1=1023 P2=  -1 T1=1023 T2= 911  P= 585  D=   1 
 X= 873 X2=1008  Y= 984 Y2=1021 P1=1023 P2=  -1 T1=1023 T2= 860  P= 585  D=   1 
 X=1023 X2= 998  Y= 971 Y2=1023 P1=1023 P2=  -1 T1=1023 T2= 908  P= 585  D=   1 
 X= 853 X2=1023  Y= 982 Y2=1022 P1=1023 P2=  -1 T1=1023 T2= 889  P= 585  D=   1 
 X=1023 X2= 990  Y= 986 Y2=1023 P1=1023 P2=  -1 T1=1023 T2= 902  P= 585  D=   1 
 X= 805 X2=1015  Y= 973 Y2=1023 P1=1023 P2=  -1 T1=1022 T2= 916  P= 585  D=   1 
 X= 863 X2=1023  Y= 936 Y2=1023 P1=1023 P2=  -1 T1=1023 T2= 912  P= 585  D=   1 
 X= 870 X2= 972  Y= 978 Y2=1022 P1=1023 P2=  -1 T1=1023 T2= 905  P= 585  D=   1 
 X=1023 X2= 999  Y= 966 Y2=1022 P1=1023 P2=  -1 T1=1023 T2= 884  P= 585  D=   1 
 X= 996 X2= 984  Y= 976 Y2=1023 P1=1023 P2=  -1 T1=1023 T2= 905  P= 585  D=   1 
 X= 805 X2=1023  Y= 979 Y2=1022 P1=1023 P2=  -1 T1=1023 T2= 876  P= 585  D=   1 
 X=1023 X2= 996  Y= 975 Y2=1022 P1=1022 P2=  -1 T1=1023 T2= 872  P= 585  D=   1 
 X= 906 X2=1023  Y= 976 Y2=1023 P1=1023 P2=  -1 T1=1023 T2= 906  P= 585  D=   1 
 X= 783 X2=1023  Y= 971 Y2=1020 P1=1023 P2=  -1 T1=1023 T2= 909  P= 585  D=   1 
 X=1004 X2= 998  Y= 955 Y2=1023 P1=1023 P2=  -1 T1=1023 T2= 916  P= 585  D=   1 
 X= 970 X2=1007  Y= 966 Y2=1023 P1=1023 P2=  -1 T1=1023 T2= 946  P= 585  D=   1 
 X= 793 X2=1015  Y= 958 Y2=1023 P1=1023 P2=  -1 T1=1023 T2= 915  P= 585  D=   1 
 X= 874 X2= 994  Y= 974 Y2=1022 P1=1023 P2=  -1 T1=1023 T2= 910  P= 585  D=   1 
 X= 983 X2= 993  Y= 976 Y2=1023 P1=1023 P2=  -1 T1=1023 T2= 899  P= 585  D=   1 
 X= 943 X2=1023  Y= 996 Y2=1022 P1=1023 P2=  -1 T1=1020 T2= 886  P= 585  D=   1 
 X=1003 X2=1001  Y= 983 Y2=1023 P1=1023 P2=  -1 T1=1023 T2= 909  P= 585  D=   1 
 X= 881 X2=1023  Y= 973 Y2=1023 P1=1023 P2=  -1 T1=1022 T2= 911  P= 585  D=   1 
 X= 672 X2=1023  Y= 978 Y2=1023 P1=1023 P2=  -1 T1=1023 T2= 894  P= 585  D=   1 
 X= 709 X2=1023  Y= 981 Y2=1022 P1=1023 P2=  -1 T1=1023 T2= 922  P= 585  D=   1 
 X= 985 X2=1000  Y= 963 Y2=1023 P1=1023 P2=  -1 T1=1023 T2= 933  P= 585  D=   1 
 X= 876 X2= 959  Y= 967 Y2=1022 P1=1023 P2=  -1 T1=1023 T2= 930  P= 585  D=   1 
 X=1023 X2= 996  Y= 976 Y2=1022 P1=1023 P2=  -1 T1=1023 T2= 916  P= 585  D=   1 
 X=1023 X2=1004  Y= 979 Y2=1023 P1=1023 P2=  -1 T1=1023 T2= 869  P= 585  D=   1 
 X= 679 X2=1023  Y= 981 Y2=1022 P1=1023 P2=  -1 T1=1023 T2= 902  P= 585  D=   1 
 X= 975 X2=1023  Y= 999 Y2=1022 P1=1022 P2=  -1 T1=1023 T2= 894  P= 585  D=   1 
 X=1023 X2=1005  Y= 978 Y2=1023 P1=1023 P2=  -1 T1=1023 T2= 878  P= 585  D=   1 
 X= 657 X2=1023  Y= 983 Y2=1022 P1=1023 P2=  -1 T1=1023 T2= 878  P= 585  D=   1 
 X= 871 X2=1023  Y= 981 Y2=1021 P1=1023 P2=  -1 T1=1023 T2= 918  P= 585  D=   1 
 X= 991 X2= 987  Y= 977 Y2=1023 P1=1023 P2=  -1 T1=1019 T2= 870  P= 585  D=   1 
 X= 971 X2=1006  Y= 950 Y2=1023 P1=1023 P2=  -1 T1=1023 T2= 928  P= 585  D=   1 
 X= 900 X2=1023  Y= 990 Y2=1021 P1=1023 P2=  -1 T1=1023 T2= 894  P= 585  D=   1 
 X= 909 X2= 980  Y= 978 Y2=1022 P1=1023 P2=  -1 T1=1023 T2= 895  P= 585  D=   1 
 X=1023 X2= 999  Y= 967 Y2=1022 P1=1023 P2=  -1 T1=1023 T2= 902  P= 585  D=   1 
 X= 638 X2=1023  Y= 968 Y2=1022 P1=1023 P2=  -1 T1=1023 T2= 914  P= 585  D=   1 
 X= 912 X2= 966  Y= 979 Y2=1022 P1=1023 P2=  -1 T1=1023 T2= 901  P= 585  D=   1 
 X= 905 X2=1023  Y= 990 Y2=1021 P1=1023 P2=  -1 T1=1023 T2= 900  P= 585  D=   1 
 X= 655 X2=1023  Y= 974 Y2=1023 P1=1023 P2=  -1 T1=1023 T2= 914  P= 585  D=   1 
 X=1021 X2= 974  Y= 976 Y2=1023 P1=1023 P2=  -1 T1=1023 T2= 907  P= 585  D=   1 
 X=1022 X2= 968  Y= 980 Y2=1023 P1=1023 P2=  -1 T1=1023 T2= 922  P= 585  D=   1 
 X= 942 X2=1003  Y= 960 Y2=1023 P1=1022 P2=  -1 T1=1022 T2= 893  P= 585  D=   1 
 X= 694 X2=1023  Y= 988 Y2=1022 P1=1023 P2=  -1 T1=1022 T2= 869  P= 585  D=   1 
 X=1023 X2= 963  Y= 977 Y2=1023 P1=1023 P2=  -1 T1=1023 T2= 916  P= 585  D=   1 
 X= 650 X2=1023  Y= 967 Y2=1022 P1=1023 P2=  -1 T1=1023 T2= 905  P= 585  D=   1 
 X= 678 X2=1023  Y= 973 Y2=1022 P1=1023 P2=  -1 T1=1023 T2= 908  P= 585  D=   1 
 X= 956 X2= 999  Y= 952 Y2=1023 P1=1023 P2=  -1 T1=1023 T2= 923  P= 585  D=   1 
 X= 811 X2=1016  Y= 982 Y2=1023 P1=1023 P2=  -1 T1=1023 T2= 908  P= 585  D=   1 
 X= 866 X2=1023  Y= 981 Y2=1023 P1=1023 P2=  -1 T1=1023 T2= 872  P= 585  D=   1 
 X=1008 X2= 970  Y= 967 Y2=1022 P1=1023 P2=  -1 T1=1023 T2= 904  P= 585  D=   1 
 X= 785 X2=1012  Y= 970 Y2=1023 P1=1023 P2=  -1 T1=1023 T2= 928  P= 585  D=   1 
 X=1023 X2= 981  Y= 946 Y2=1022 P1=1023 P2=  -1 T1=1022 T2= 898  P= 585  D=   1 
 X= 857 X2=1023  Y= 975 Y2=1021 P1=1023 P2=  -1 T1=1023 T2= 907  P= 585  D=   1 
 X= 883 X2=1014  Y= 972 Y2=1023 P1=1023 P2=  -1 T1=1022 T2= 922  P= 585  D=   1 
 X= 952 X2=1023  Y= 977 Y2=1021 P1=1023 P2=  -1 T1=1016 T2= 891  P= 585  D=   1 
 X=1023 X2= 992  Y= 973 Y2=1022 P1=1023 P2=  -1 T1=1023 T2= 901  P= 585  D=   1 
 X= 862 X2=1023  Y= 981 Y2=1023 P1=1023 P2=  -1 T1=1022 T2= 890  P= 585  D=   1 
 X= 768 X2=1023  Y= 984 Y2=1020 P1=1023 P2=  -1 T1=1022 T2= 903  P= 585  D=   1 
 X=1023 X2=1001  Y= 960 Y2=1023 P1=1023 P2=  -1 T1=1023 T2= 887  P= 585  D=   1 
 X=1020 X2= 984  Y= 976 Y2=1023 P1=1023 P2=  -1 T1=1023 T2= 914  P= 585  D=   1 
 X= 761 X2=1023  Y= 967 Y2=1021 P1=1023 P2=  -1 T1=1023 T2= 895  P= 585  D=   1 
 X= 883 X2=1023  Y= 984 Y2=1022 P1=1023 P2=  -1 T1=1023 T2= 833  P= 585  D=   1 
 X= 913 X2=1023  Y= 975 Y2=1022 P1=1023 P2=  -1 T1=1023 T2= 902  P= 585  D=   1 
 X= 848 X2=1023  Y= 964 Y2=1023 P1=1023 P2=  -1 T1=1021 T2= 907  P= 585  D=   1 
 X= 822 X2=1023  Y= 985 Y2=1022 P1=1023 P2=  -1 T1=1023 T2= 861  P= 585  D=   1 
 X= 995 X2= 987  Y= 981 Y2=1023 P1=1023 P2=  -1 T1=1023 T2= 874  P= 585  D=   1 
 X= 775 X2=1012  Y= 946 Y2=1023 P1=1023 P2=  -1 T1=1023 T2= 926  P= 585  D=   1 
 X= 931 X2= 993  Y= 979 Y2=1022 P1=1023 P2=  -1 T1=1023 T2= 892  P= 585  D=   1 
 X= 857 X2= 976  Y= 982 Y2=1022 P1=1023 P2=  -1 T1=1023 T2= 919  P= 585  D=   1 
 X= 897 X2=1022  Y= 941 Y2=1022 P1=1023 P2=  -1 T1=1023 T2= 842  P= 585  D=   1 
 X= 838 X2=1023  Y= 991 Y2=1021 P1=1023 P2=  -1 T1=1023 T2= 905  P= 585  D=   1 
 X= 867 X2= 974  Y= 977 Y2=1022 P1=1023 P2=  -1 T1=1023 T2= 873  P= 585  D=   1 
 X= 799 X2=1023  Y= 993 Y2=1022 P1=1023 P2=  -1 T1=1022 T2= 898  P= 585  D=   1 
 X= 758 X2=1023  Y= 976 Y2=1021 P1=1023 P2=  -1 T1=1023 T2= 905  P= 585  D=   1 
 X= 978 X2= 992  Y= 971 Y2=1023 P1=1023 P2=  -1 T1=1023 T2= 909  P= 585  D=   1 
 X= 976 X2=1006  Y= 973 Y2=1022 P1=1023 P2=  -1 T1=1023 T2= 921  P= 585  D=   1 
 X= 988 X2=1012  Y=1021 Y2=1022 P1=1023 P2=  -1 T1=1023 T2=1008  P= 585  D=   1 
 X= 867 X2=1023  Y= 972 Y2=1023 P1=1023 P2=  -1 T1=1022 T2= 909  P= 585  D=   1 
 X= 860 X2=1013  Y= 975 Y2=1023 P1=1023 P2=  -1 T1=1022 T2= 920  P= 585  D=   1 
 X= 741 X2=1023  Y= 989 Y2=1022 P1=1023 P2=  -1 T1=1023 T2= 891  P= 585  D=   1 
 X= 824 X2=1023  Y= 988 Y2=1021 P1=1023 P2=  -1 T1=1023 T2= 850  P= 585  D=   1 
 X= 766 X2=1012  Y= 957 Y2=1023 P1=1023 P2=  -1 T1=1022 T2= 882  P= 585  D=   1 
 X= 916 X2=1023  Y= 975 Y2=1023 P1=1023 P2=  -1 T1=1023 T2= 916  P= 585  D=   1 
 X=1016 X2= 965  Y= 969 Y2=1022 P1=1023 P2=  -1 T1=1023 T2= 904  P= 585  D=   1 
 X=1004 X2= 998  Y= 978 Y2=1023 P1=1023 P2=  -1 T1=1023 T2= 916  P= 585  D=   1 
 X= 899 X2=1023  Y= 975 Y2=1023 P1=1023 P2=  -1 T1=1021 T2= 855  P= 585  D=   1 
 X= 893 X2=1023  Y= 978 Y2=1021 P1=1023 P2=  -1 T1=1023 T2= 902  P= 585  D=   1 
 X=1021 X2= 996  Y= 973 Y2=1022 P1=1023 P2=  -1 T1=1023 T2= 903  P= 585  D=   1 
 X= 871 X2=1023  Y= 983 Y2=1023 P1=1023 P2=  -1 T1=1023 T2= 917  P= 585  D=   1 
 X= 764 X2=1023  Y= 970 Y2=1022 P1=1023 P2=  -1 T1=1023 T2= 900  P= 585  D=   1 
 X= 789 X2=1010  Y= 956 Y2=1023 P1=1023 P2=  -1 T1=1023 T2= 930  P= 585  D=   1 
 X= 890 X2=1023  Y= 970 Y2=1023 P1=1023 P2=  -1 T1=1023 T2= 913  P= 585  D=   1 
 X= 765 X2=1023  Y= 979 Y2=1021 P1=1023 P2=  -1 T1=1023 T2= 913  P= 585  D=   1 
 X=1023 X2= 959  Y= 970 Y2=1022 P1=1023 P2=  -1 T1=1023 T2= 890  P= 585  D=   1 
 X=1008 X2= 979  Y= 971 Y2=1023 P1=1023 P2=  -1 T1=1023 T2= 920  P= 585  D=   1 
 X= 799 X2=1023  Y= 985 Y2=1022 P1=1023 P2=  -1 T1=1022 T2= 904  P= 585  D=   1 
 X= 871 X2= 955  Y= 973 Y2=1021 P1=1023 P2=  -1 T1=1023 T2= 914  P= 585  D=   1 
 X= 881 X2=1023  Y= 970 Y2=1023 P1=1023 P2=  -1 T1=1023 T2= 914  P= 585  D=   1 
 X= 744 X2=1023  Y= 975 Y2=1012 P1=1023 P2=  -1 T1=1023 T2= 903  P= 585  D=   1 
 X= 892 X2=1022  Y= 980 Y2=1021 P1=1023 P2=  -1 T1=1023 T2= 870  P= 585  D=   1 
 X= 855 X2=1011  Y= 966 Y2=1023 P1=1023 P2=  -1 T1=1023 T2= 928  P= 585  D=   1 
 X= 761 X2=1023  Y= 978 Y2=1023 P1=1023 P2=  -1 T1=1023 T2= 905  P= 585  D=   1 
 X=1023 X2= 999  Y= 974 Y2=1023 P1=1023 P2=  -1 T1=1023 T2= 907  P= 585  D=   1 
 X=1022 X2= 955  Y= 969 Y2=1022 P1=1023 P2=  -1 T1=1023 T2= 897  P= 585  D=   1 
 X= 754 X2=1021  Y= 979 Y2=1021 P1=1023 P2=  -1 T1=1023 T2= 891  P= 585  D=   1 
 X= 879 X2=1023  Y= 986 Y2=1021 P1=1023 P2=  -1 T1=1023 T2= 902  P= 585  D=   1 
 X= 872 X2= 999  Y= 976 Y2=1022 P1=1023 P2=  -1 T1=1023 T2= 897  P= 585  D=   1 
 X= 663 X2=1023  Y= 972 Y2=1022 P1=1023 P2=  -1 T1=1023 T2= 904  P= 585  D=   1 
 X= 733 X2=1023  Y= 978 Y2=1021 P1=1023 P2=  -1 T1=1022 T2= 921  P= 585  D=   1 
 X= 971 X2=1008  Y= 971 Y2=1023 P1=1023 P2=  -1 T1=1023 T2= 921  P= 585  D=   1 
 X= 836 X2=1011  Y= 973 Y2=1023 P1=1023 P2=  -1 T1=1023 T2= 895  P= 585  D=   1 
 X= 894 X2=1014  Y= 979 Y2=1020 P1=1023 P2=  -1 T1=1023 T2= 880  P= 585  D=   1 
 X= 898 X2= 999  Y= 972 Y2=1023 P1=1023 P2=  -1 T1=1023 T2= 920  P= 585  D=   1 
 X= 939 X2=1002  Y= 966 Y2=1023 P1=1023 P2=  -1 T1=1023 T2= 914  P= 585  D=   1 
 X= 736 X2=1023  Y= 990 Y2=1022 P1=1023 P2=  -1 T1=1023 T2= 877  P= 585  D=   1 
 X= 846 X2=1023  Y= 985 Y2=1022 P1=1023 P2=  -1 T1=1023 T2= 918  P= 585  D=   1 
 X= 852 X2=1023  Y= 972 Y2=1023 P1=1023 P2=  -1 T1=1023 T2= 913  P= 585  D=   1 
 X= 813 X2=1023  Y= 983 Y2=1020 P1=1023 P2=  -1 T1=1022 T2= 896  P= 585  D=   1 
 X= 779 X2=1011  Y= 966 Y2=1023 P1=1023 P2=  -1 T1=1023 T2= 919  P= 585  D=   1 
 X= 789 X2=1016  Y= 974 Y2=1023 P1=1023 P2=  -1 T1=1023 T2= 916  P= 585  D=   1 
 X= 868 X2=1023  Y= 978 Y2=1023 P1=1023 P2=  -1 T1=1023 T2= 902  P= 585  D=   1 
 X= 906 X2= 970  Y= 982 Y2=1022 P1=1023 P2=  -1 T1=1023 T2= 912  P= 585  D=   1 
 X=1023 X2=1002  Y= 950 Y2=1022 P1=1023 P2=  -1 T1=1023 T2= 918  P= 585  D=   1 
 X= 920 X2= 976  Y= 983 Y2=1022 P1=1023 P2=  -1 T1=1023 T2= 897  P= 585  D=   1 
 X= 856 X2=1023  Y= 982 Y2=1020 P1=1023 P2=  -1 T1=1023 T2= 901  P= 585  D=   1 
 X= 820 X2=1015  Y= 972 Y2=1023 P1=1023 P2=  -1 T1=1023 T2= 921  P= 585  D=   1 
 X= 758 X2=1023  Y= 978 Y2=1023 P1=1023 P2=  -1 T1=1023 T2= 904  P= 585  D=   1 
 X=1023 X2=1023  Y= 974 Y2=1022 P1=1023 P2=  -1 T1=1022 T2= 921  P= 585  D=   1 
 X= 892 X2=1023  Y= 970 Y2=1023 P1=1023 P2=  -1 T1=1023 T2= 874  P= 585  D=   1 
 X= 914 X2=1023  Y= 972 Y2=1023 P1=1023 P2=  -1 T1=1023 T2= 902  P= 585  D=   1 
 X= 916 X2= 997  Y= 983 Y2=1022 P1=1023 P2=  -1 T1=1023 T2= 926  P= 585  D=   1 
 X=1023 X2=1008  Y= 970 Y2=1023 P1=1023 P2=  -1 T1=1022 T2= 911  P= 585  D=   1 
 X= 733 X2=1023  Y= 978 Y2=1021 P1=1023 P2=  -1 T1=1023 T2= 908  P= 585  D=   1 
 X= 776 X2=1023  Y= 981 Y2=1023 P1=1023 P2=  -1 T1=1023 T2= 921  P= 585  D=   1 
 X=1023 X2=1010  Y= 977 Y2=1023 P1=1023 P2=  -1 T1=1023 T2= 911  P= 585  D=   1 
 X= 906 X2=1006  Y= 959 Y2=1023 P1=1023 P2=  -1 T1=1022 T2= 922  P= 585  D=   1 
 X= 848 X2=1023  Y= 968 Y2=1023 P1=1023 P2=  -1 T1=1023 T2= 912  P= 585  D=   1 
 X=1023 X2=1010  Y= 979 Y2=1023 P1=1023 P2=  -1 T1=1023 T2= 914  P= 585  D=   1 
 X= 999 X2= 993  Y= 965 Y2=1023 P1=1023 P2=  -1 T1=1023 T2= 903  P= 585  D=   1 
 X= 835 X2=1023  Y= 978 Y2=1022 P1=1023 P2=  -1 T1=1022 T2= 907  P= 585  D=   1 
 X= 922 X2= 966  Y= 975 Y2=1022 P1=1023 P2=  -1 T1=1023 T2= 903  P= 585  D=   1 
 X= 980 X2= 994  Y= 964 Y2=1023 P1=1023 P2=  -1 T1=1023 T2= 913  P= 585  D=   1 
 X= 757 X2=1023  Y= 980 Y2=1021 P1=1023 P2=  -1 T1=1023 T2= 911  P= 585  D=   1 
 X= 685 X2=1023  Y= 977 Y2=1021 P1=1023 P2=  -1 T1=1023 T2= 894  P= 585  D=   1 
 X= 784 X2=1012  Y= 938 Y2=1023 P1=1023 P2=  -1 T1=1023 T2= 915  P= 585  D=   1 
 X= 916 X2=1023  Y= 977 Y2=1022 P1=1023 P2=  -1 T1=1023 T2= 898  P= 585  D=   1 
 X= 851 X2= 988  Y= 976 Y2=1022 P1=1023 P2=  -1 T1=1023 T2= 878  P= 585  D=   1 
 X=1004 X2= 986  Y= 970 Y2=1023 P1=1023 P2=  -1 T1=1023 T2= 903  P= 585  D=   1 
 X= 820 X2=1015  Y= 966 Y2=1023 P1=1023 P2=  -1 T1=1022 T2= 918  P= 585  D=   1 
 X= 911 X2=1023  Y= 979 Y2=1020 P1=1023 P2=  -1 T1=1022 T2= 895  P= 585  D=   1 
 X= 843 X2= 983  Y= 984 Y2=1022 P1=1023 P2=  -1 T1=1023 T2= 913  P= 585  D=   1 
 X= 717 X2=1023  Y= 964 Y2=1022 P1=1023 P2=  -1 T1=1023 T2= 907  P= 585  D=   1 
 X= 779 X2=1023  Y= 974 Y2=1021 P1=1023 P2=  -1 T1=1023 T2= 912  P= 585  D=   1 
 X= 973 X2=1010  Y= 975 Y2=1023 P1=1023 P2=  -1 T1=1023 T2= 913  P= 585  D=   1 
 X= 908 X2=1023  Y= 980 Y2=1023 P1=1023 P2=  -1 T1=1023 T2= 903  P= 585  D=   1 
 X=1019 X2=1023  Y= 982 Y2=1023 P1=1023 P2=  -1 T1=1022 T2= 904  P= 585  D=   1 
 X= 804 X2=1012  Y= 974 Y2=1023 P1=1023 P2=  -1 T1=1023 T2= 929  P= 585  D=   1 
 X= 974 X2=1005  Y= 962 Y2=1023 P1=1023 P2=  -1 T1=1023 T2= 936  P= 585  D=   1 
 X= 917 X2=1023  Y= 980 Y2=1022 P1=1023 P2=  -1 T1=1023 T2= 883  P= 585  D=   1 
 X= 914 X2= 959  Y= 983 Y2=1022 P1=1023 P2=  -1 T1=1023 T2= 897  P= 585  D=   1 
 X= 865 X2=1023  Y= 975 Y2=1023 P1=1023 P2=  -1 T1=1023 T2= 913  P= 585  D=   1 
 X= 604 X2=1023  Y= 979 Y2=1023 P1=1023 P2=  -1 T1=1023 T2= 900  P= 585  D=   1 
 X= 861 X2=1023  Y= 987 Y2=1021 P1=1023 P2=  -1 T1=1023 T2= 900  P= 585  D=   1 
 X= 943 X2=1000  Y= 968 Y2=1023 P1=1023 P2=  -1 T1=1023 T2= 909  P= 585  D=   1 
 X= 775 X2=1013  Y= 965 Y2=1023 P1=1023 P2=  -1 T1=1023 T2= 904  P= 585  D=   1 
 X= 848 X2=1023  Y= 980 Y2=1021 P1=1023 P2=  -1 T1=1023 T2= 893  P= 585  D=   1 
 X=1023 X2= 970  Y= 977 Y2=1022 P1=1023 P2=  -1 T1=1023 T2= 897  P= 585  D=   1 
 X= 751 X2=1023  Y= 981 Y2=1020 P1=1023 P2=  -1 T1=1023 T2= 926  P= 585  D=   1 
 X= 691 X2=1023  Y= 993 Y2=1022 P1=1023 P2=  -1 T1=1023 T2= 889  P= 585  D=   1 
 X=1023 X2=1010  Y= 964 Y2=1022 P1=1023 P2=  -1 T1=1023 T2= 867  P= 585  D=   1 
 X= 801 X2=1023  Y= 963 Y2=1023 P1=1023 P2=  -1 T1=1023 T2= 883  P= 585  D=   1 
 X= 713 X2=1023  Y= 978 Y2=1022 P1=1023 P2=  -1 T1=1022 T2= 919  P= 585  D=   1 
 X=1013 X2= 977  Y= 978 Y2=1023 P1=1023 P2=  -1 T1=1023 T2= 905  P= 585  D=   1 
 X= 745 X2=1023  Y= 991 Y2=1021 P1=1023 P2=  -1 T1=1023 T2= 909  P= 585  D=   1 
 X= 892 X2= 963  Y= 979 Y2=1022 P1=1023 P2=  -1 T1=1023 T2= 909  P= 585  D=   1 
 X=1023 X2=1005  Y= 971 Y2=1022 P1=1023 P2=  -1 T1=1023 T2= 896  P= 585  D=   1 
 X= 642 X2=1023  Y= 959 Y2=1022 P1=1023 P2=  -1 T1=1022 T2= 876  P= 585  D=   1 
 X= 908 X2=1023  Y=1023 Y2=1021 P1=1023 P2=  -1 T1=1023 T2=1021  P= 585  D=   1 
 X= 769 X2=1012  Y= 974 Y2=1023 P1=1023 P2=  -1 T1=1022 T2= 886  P= 585  D=   1 
 X= 851 X2=1023  Y= 958 Y2=1023 P1=1023 P2=  -1 T1=1023 T2= 911  P= 585  D=   1 
 X= 807 X2=1023  Y= 989 Y2=1021 P1=1023 P2=  -1 T1=1023 T2= 901  P= 585  D=   1 
 X=1023 X2=1007  Y= 977 Y2=1022 P1=1023 P2=  -1 T1=1023 T2= 919  P= 585  D=   1 
 X= 945 X2=1004  Y= 967 Y2=1023 P1=1023 P2=  -1 T1=1023 T2= 924  P= 585  D=   1 
 X= 921 X2=1021  Y= 976 Y2=1022 P1=1023 P2=  -1 T1=1023 T2= 895  P= 585  D=   1 
 X= 918 X2= 972  Y= 984 Y2=1021 P1=1023 P2=  -1 T1=1023 T2= 906  P= 585  D=   1 
 X=1023 X2= 998  Y= 974 Y2=1023 P1=1023 P2=  -1 T1=1023 T2= 891  P= 585  D=   1 
 X= 640 X2=1023  Y= 957 Y2=1022 P1=1023 P2=  -1 T1=1023 T2= 913  P= 585  D=   1 
 X= 722 X2=1023  Y= 975 Y2=1022 P1=1023 P2=  -1 T1=1023 T2= 895  P= 585  D=   1 
 X= 785 X2=1014  Y= 932 Y2=1022 P1=1023 P2=  -1 T1=1023 T2= 902  P= 585  D=   1 
 X= 907 X2=1023  Y= 968 Y2=1023 P1=1023 P2=  -1 T1=1023 T2= 920  P= 585  D=   1 
 X= 847 X2=1012  Y= 975 Y2=1023 P1=1023 P2=  -1 T1=1023 T2= 900  P= 585  D=   1 
 X=1017 X2= 958  Y= 947 Y2=1022 P1=1023 P2=  -1 T1=1023 T2= 903  P= 585  D=   1 
 X= 978 X2=1001  Y= 960 Y2=1023 P1=1023 P2=  -1 T1=1023 T2= 926  P= 585  D=   1 
 X= 825 X2=1023  Y= 982 Y2=1022 P1=1023 P2=  -1 T1=1023 T2= 903  P= 585  D=   1 
 X= 867 X2= 979  Y= 972 Y2=1022 P1=1023 P2=  -1 T1=1022 T2= 896  P= 585  D=   1 
 X= 745 X2=1023  Y= 978 Y2=1022 P1=1023 P2=  -1 T1=1023 T2= 915  P= 585  D=   1 
 X= 699 X2=1023  Y= 977 Y2=1021 P1=1023 P2=  -1 T1=1022 T2= 907  P= 585  D=   1 
 X= 834 X2=1023  Y= 978 Y2=1023 P1=1023 P2=  -1 T1=1022 T2= 902  P= 585  D=   1 
 X= 753 X2=1014  Y= 961 Y2=1023 P1=1023 P2=  -1 T1=1022 T2= 933  P= 585  D=   1 
 X= 894 X2=1023  Y= 968 Y2=1023 P1=1023 P2=  -1 T1=1023 T2= 910  P= 585  D=   1 
 X= 861 X2= 991  Y= 968 Y2=1022 P1=1023 P2=  -1 T1=1023 T2= 912  P= 585  D=   1 
 X= 813 X2=1023  Y= 960 Y2=1022 P1=1023 P2=  -1 T1=1022 T2= 888  P= 585  D=   1 
 X= 701 X2=1023  Y= 969 Y2=1022 P1=1023 P2=  -1 T1=1023 T2= 892  P= 585  D=   1 
 X= 891 X2=1023  Y= 983 Y2=1021 P1=1023 P2=  -1 T1=1023 T2= 877  P= 585  D=   1 
 X= 764 X2=1023  Y= 982 Y2=1021 P1=1023 P2=  -1 T1=1023 T2= 907  P= 585  D=   1 
 X= 651 X2=1023  Y= 973 Y2=1022 P1=1023 P2=  -1 T1=1023 T2= 900  P= 585  D=   1 
 X= 781 X2=1023  Y= 979 Y2=1021 P1=1023 P2=  -1 T1=1023 T2= 850  P= 585  D=   1 
 X= 968 X2=1006  Y= 973 Y2=1023 P1=1023 P2=  -1 T1=1023 T2= 920  P= 585  D=   1 
 X= 767 X2=1013  Y= 973 Y2=1023 P1=1023 P2=  -1 T1=1023 T2= 914  P= 585  D=   1 
 X= 892 X2= 972  Y= 975 Y2=1022 P1=1023 P2=  -1 T1=1023 T2= 907  P= 585  D=   1 
 X= 830 X2= 996  Y= 972 Y2=1022 P1=1023 P2=  -1 T1=1023 T2= 914  P= 585  D=   1 
 X= 814 X2=1018  Y= 987 Y2=1022 P1=1023 P2=  -1 T1=1023 T2= 901  P= 585  D=   1 
 X= 806 X2=1023  Y= 975 Y2=1021 P1=1023 P2=  -1 T1=1023 T2= 905  P= 585  D=   1 
 X= 910 X2= 974  Y= 981 Y2=1022 P1=1023 P2=  -1 T1=1023 T2= 898  P= 585  D=   1 
 X= 685 X2=1023  Y= 977 Y2=1023 P1=1023 P2=  -1 T1=1023 T2= 919  P= 585  D=   1 
 X= 732 X2=1023  Y= 979 Y2=1023 P1=1023 P2=  -1 T1=1023 T2= 909  P= 585  D=   1 
 X= 953 X2= 999  Y= 953 Y2=1023 P1=1023 P2=  -1 T1=1022 T2= 945  P= 585  D=   1 
 X= 836 X2=1015  Y= 972 Y2=1022 P1=1023 P2=  -1 T1=1023 T2= 910  P= 585  D=   1 
 X= 949 X2=1013  Y= 958 Y2=1022 P1=1023 P2=  -1 T1=1023 T2= 909  P= 585  D=   1 
 X= 774 X2=1012  Y= 965 Y2=1023 P1=1023 P2=  -1 T1=1023 T2= 920  P= 585  D=   1 
 X=1023 X2=1006  Y= 970 Y2=1022 P1=1023 P2=  -1 T1=1023 T2= 912  P= 585  D=   1 
 X= 809 X2=1023  Y= 985 Y2=1022 P1=1023 P2=  -1 T1=1023 T2= 911  P= 585  D=   1 
 X= 835 X2=1023  Y= 980 Y2=1022 P1=1023 P2=  -1 T1=1023 T2= 890  P= 585  D=   1 
 X= 795 X2=1014  Y= 973 Y2=1023 P1=1023 P2=  -1 T1=1023 T2= 913  P= 585  D=   1 
 X= 884 X2= 958  Y= 983 Y2=1021 P1=1023 P2=  -1 T1=1023 T2= 903  P= 585  D=   1 
 X= 754 X2=1011  Y= 969 Y2=1023 P1=1023 P2=  -1 T1=1023 T2= 932  P= 585  D=   1 
 X= 633 X2=1023  Y= 962 Y2=1022 P1=1023 P2=  -1 T1=1022 T2= 922  P= 585  D=   1 
 X= 836 X2=1012  Y= 977 Y2=1023 P1=1023 P2=  -1 T1=1023 T2= 914  P= 585  D=   1 
 X= 774 X2=1023  Y= 978 Y2=1023 P1=1023 P2=  -1 T1=1022 T2= 872  P= 585  D=   1 
 X= 755 X2=1013  Y= 964 Y2=1023 P1=1023 P2=  -1 T1=1023 T2= 885  P= 585  D=   1 
 X= 708 X2=1023  Y=1000 Y2=1022 P1=1023 P2=  -1 T1=1022 T2= 888  P= 585  D=   1 
 X= 883 X2=1001  Y= 987 Y2=1021 P1=1023 P2=  -1 T1=1022 T2= 898  P= 585  D=   1 
 X= 906 X2=1023  Y= 979 Y2=1023 P1=1023 P2=  -1 T1=1023 T2= 914  P= 585  D=   1 
 X= 903 X2=1023  Y= 973 Y2=1022 P1=1023 P2=  -1 T1=1023 T2= 897  P= 585  D=   1 
 X= 602 X2=1023  Y= 979 Y2=1022 P1=1023 P2=  -1 T1=1023 T2= 901  P= 585  D=   1 
 X=1023 X2=1005  Y= 968 Y2=1022 P1=1023 P2=  -1 T1=1023 T2= 895  P= 585  D=   1 
 X= 956 X2= 998  Y= 975 Y2=1023 P1=1023 P2=  -1 T1=1023 T2= 926  P= 585  D=   1 
 X=1023 X2=1009  Y= 978 Y2=1022 P1=1023 P2=  -1 T1=1022 T2= 865  P= 585  D=   1 
 X=1023 X2= 963  Y= 968 Y2=1022 P1=1023 P2=  -1 T1=1021 T2= 913  P= 585  D=   1 
 X= 858 X2=1023  Y= 984 Y2=1021 P1=1023 P2=  -1 T1=1023 T2= 879  P= 585  D=   1 
 X= 828 X2=1023  Y= 968 Y2=1021 P1=1023 P2=  -1 T1=1023 T2= 923  P= 585  D=   1 
 X= 793 X2=1023  Y= 976 Y2=1022 P1=1023 P2=  -1 T1=1023 T2= 900  P= 585  D=   1 
 X= 871 X2=1014  Y= 975 Y2=1023 P1=1023 P2=  -1 T1=1023 T2= 877  P= 585  D=   1 
 X= 892 X2=1023  Y= 980 Y2=1022 P1=1023 P2=  -1 T1=1023 T2= 926  P= 585  D=   1 
 X=1023 X2=1011  Y= 952 Y2=1022 P1=1023 P2=  -1 T1=1023 T2= 916  P= 585  D=   1 
 X= 986 X2= 985  Y= 967 Y2=1023 P1=1023 P2=  -1 T1=1022 T2= 907  P= 585  D=   1 
 X= 870 X2=1023  Y= 977 Y2=1021 P1=1023 P2=  -1 T1=1023 T2= 906  P= 585  D=   1 
 X= 861 X2=1021  Y= 984 Y2=1021 P1=1023 P2=  -1 T1=1023 T2= 890  P= 585  D=   1 
 X= 865 X2= 982  Y= 972 Y2=1022 P1=1023 P2=  -1 T1=1023 T2= 927  P= 585  D=   1 
 X= 629 X2=1023  Y= 980 Y2=1023 P1=1023 P2=  -1 T1=1022 T2= 916  P= 585  D=   1 
 X= 792 X2=1023  Y= 972 Y2=1021 P1=1023 P2=  -1 T1=1023 T2= 908  P= 585  D=   1 
 X= 882 X2=1023  Y= 994 Y2=1022 P1=1023 P2=  -1 T1=1023 T2= 935  P= 585  D=   1 
 X= 900 X2=1023  Y= 958 Y2=1022 P1=1023 P2=  -1 T1=1023 T2= 918  P= 585  D=   1 
 X=1001 X2= 994  Y= 973 Y2=1023 P1=1023 P2=  -1 T1=1023 T2= 920  P= 585  D=   1 
 X=1011 X2= 986  Y= 972 Y2=1023 P1=1023 P2=  -1 T1=1022 T2= 870  P= 585  D=   1 
 X= 984 X2= 997  Y= 949 Y2=1023 P1=1023 P2=  -1 T1=1023 T2= 910  P= 585  D=   1 
 X= 787 X2=1023  Y= 989 Y2=1022 P1=1023 P2=  -1 T1=1023 T2= 911  P= 585  D=   1 
 X=1002 X2= 970  Y= 978 Y2=1023 P1=1023 P2=  -1 T1=1023 T2= 853  P= 585  D=   1 
 X= 655 X2=1023  Y= 973 Y2=1023 P1=1023 P2=  -1 T1=1023 T2= 895  P= 585  D=   1 
 X= 698 X2=1023  Y= 990 Y2=1021 P1=1023 P2=  -1 T1=1023 T2= 916  P= 585  D=   1 
 X= 834 X2=1023  Y= 975 Y2=1023 P1=1023 P2=  -1 T1=1023 T2= 850  P= 585  D=   1 
 X= 868 X2=1023  Y= 979 Y2=1023 P1=1023 P2=  -1 T1=1022 T2= 903  P= 585  D=   1 
 X= 753 X2=1014  Y= 977 Y2=1023 P1=1023 P2=  -1 T1=1022 T2= 911  P= 585  D=   1 
 X= 898 X2= 965  Y= 979 Y2=1022 P1=1023 P2=  -1 T1=1023 T2= 889  P= 585  D=   1 
 X=1023 X2= 945  Y= 978 Y2=1022 P1=1023 P2=  -1 T1=1022 T2= 915  P= 585  D=   1 
 X= 790 X2=1023  Y= 992 Y2=1022 P1=1023 P2=  -1 T1=1023 T2= 896  P= 585  D=   1 
 X= 754 X2=1023  Y= 954 Y2=1019 P1=1023 P2=  -1 T1=1023 T2= 896  P= 585  D=   1 
 X= 831 X2=1023  Y= 972 Y2=1023 P1=1023 P2=  -1 T1=1023 T2= 933  P= 585  D=   1 
 X= 660 X2=1023  Y= 983 Y2=1023 P1=1023 P2=  -1 T1=1022 T2= 916  P= 585  D=   1 
 X= 616 X2=1023  Y= 989 Y2=1022 P1=1023 P2=  -1 T1=1023 T2= 879  P= 585  D=   1 
 X=1002 X2= 975  Y= 961 Y2=1023 P1=1023 P2=  -1 T1=1023 T2= 911  P= 585  D=   1 
 X= 767 X2=1011  Y= 970 Y2=1023 P1=1023 P2=  -1 T1=1023 T2= 879  P= 585  D=   1 
 X= 859 X2=1023  Y= 984 Y2=1021 P1=1023 P2=  -1 T1=1023 T2= 918  P= 585  D=   1 
 X= 848 X2= 989  Y= 982 Y2=1023 P1=1023 P2=  -1 T1=1023 T2= 895  P= 585  D=   1 
 X= 694 X2=1023  Y= 970 Y2=1021 P1=1023 P2=  -1 T1=1023 T2= 868  P= 585  D=   1 
 X= 963 X2= 998  Y= 971 Y2=1022 P1=1023 P2=  -1 T1=1023 T2= 930  P= 585  D=   1 
 X= 964 X2=1013  Y= 962 Y2=1023 P1=1023 P2=  -1 T1=1023 T2= 900  P= 585  D=   1 
 X= 624 X2=1023  Y= 968 Y2=1022 P1=1023 P2=  -1 T1=1022 T2= 904  P= 585  D=   1 
 X=1017 X2= 984  Y=1022 Y2=1023 P1=1023 P2=  -1 T1=1023 T2=1020  P= 585  D=   1 
 X= 756 X2=1023  Y= 988 Y2=1021 P1=1023 P2=  -1 T1=1023 T2= 898  P= 585  D=   1 
 X= 776 X2=1014  Y= 969 Y2=1023 P1=1023 P2=  -1 T1=1023 T2= 916  P= 585  D=   1 
 X=1021 X2= 985  Y= 974 Y2=1023 P1=1023 P2=  -1 T1=1023 T2= 893  P= 585  D=   1 
 X= 917 X2= 992  Y= 965 Y2=1022 P1=1023 P2=  -1 T1=1023 T2= 903  P= 585  D=   1 
 X=1022 X2= 968  Y= 974 Y2=1023 P1=1023 P2=  -1 T1=1019 T2= 904  P= 585  D=   1 
 X= 797 X2=1023  Y= 973 Y2=1021 P1=1023 P2=  -1 T1=1022 T2= 899  P= 585  D=   1 
 X= 795 X2=1023  Y= 992 Y2=1020 P1=1023 P2=  -1 T1=1022 T2= 904  P= 585  D=   1 
 X= 774 X2=1012  Y= 960 Y2=1023 P1=1023 P2=  -1 T1=1022 T2= 907  P= 585  D=   1 
 X= 780 X2=1013  Y= 945 Y2=1023 P1=1023 P2=  -1 T1=1023 T2= 912  P= 585  D=   1 
 X= 964 X2=1003  Y= 958 Y2=1023 P1=1023 P2=  -1 T1=1023 T2= 926  P= 585  D=   1 
 X= 954 X2=1008  Y= 969 Y2=1023 P1=1023 P2=  -1 T1=1023 T2= 923  P= 585  D=   1 
 X= 790 X2=1014  Y= 967 Y2=1023 P1=1023 P2=  -1 T1=1023 T2= 893  P= 585  D=   1 
 X= 825 X2=1023  Y= 982 Y2=1020 P1=1023 P2=  -1 T1=1023 T2= 900  P= 585  D=   1 
 X=1023 X2= 999  Y= 980 Y2=1022 P1=1023 P2=  -1 T1=1023 T2= 902  P= 585  D=   1 
 X= 665 X2=1023  Y= 974 Y2=1023 P1=1023 P2=  -1 T1=1023 T2= 918  P= 585  D=   1 
 X= 757 X2=1023  Y= 969 Y2=1021 P1=1023 P2=  -1 T1=1022 T2= 909  P= 585  D=   1 
 X= 849 X2=1023  Y= 980 Y2=1023 P1=1023 P2=  -1 T1=1022 T2= 901  P= 585  D=   1 
 X= 904 X2=1003  Y= 977 Y2=1023 P1=1023 P2=  -1 T1=1023 T2= 899  P= 585  D=   1 
 X= 853 X2=1023  Y= 977 Y2=1022 P1=1023 P2=  -1 T1=1022 T2= 849  P= 585  D=   1 
 X=1006 X2= 990  Y= 979 Y2=1023 P1=1023 P2=  -1 T1=1022 T2= 917  P= 585  D=   1 
 X=1015 X2= 970  Y= 975 Y2=1022 P1=1023 P2=  -1 T1=1023 T2= 911  P= 585  D=   1 
 X= 835 X2=1023  Y= 977 Y2=1021 P1=1023 P2=  -1 T1=1022 T2= 909  P= 585  D=   1 
 X= 983 X2=1012  Y= 962 Y2=1023 P1=1023 P2=  -1 T1=1023 T2= 892  P= 585  D=   1 
 X= 669 X2=1023  Y= 973 Y2=1022 P1=1023 P2=  -1 T1=1023 T2= 907  P= 585  D=   1 
 X= 787 X2=1023  Y= 996 Y2=1021 P1=1023 P2=  -1 T1=1023 T2= 901  P= 585  D=   1 
 X= 901 X2=1022  Y= 961 Y2=1023 P1=1023 P2=  -1 T1=1023 T2= 903  P= 585  D=   1 
 X= 766 X2=1009  Y= 974 Y2=1022 P1=1023 P2=  -1 T1=1021 T2= 930  P= 585  D=   1 
 X= 866 X2=1023  Y= 963 Y2=1023 P1=1023 P2=  -1 T1=1022 T2= 917  P= 585  D=   1 
 X= 902 X2= 985  Y= 977 Y2=1022 P1=1023 P2=  -1 T1=1023 T2= 903  P= 585  D=   1 
 X=1009 X2= 970  Y= 979 Y2=1023 P1=1023 P2=  -1 T1=1022 T2= 904  P= 585  D=   1 
 X= 863 X2=1023  Y= 979 Y2=1021 P1=1023 P2=  -1 T1=1021 T2= 895  P= 585  D=   1 
 X= 853 X2=1023  Y= 980 Y2=1020 P1=1023 P2=  -1 T1=1023 T2= 879  P= 585  D=   1 
 X= 835 X2=1014  Y= 966 Y2=1023 P1=1023 P2=  -1 T1=1023 T2= 876  P= 585  D=   1 
 X= 613 X2=1023  Y= 976 Y2=1023 P1=1023 P2=  -1 T1=1022 T2= 900  P= 585  D=   1 
 X= 697 X2=1023  Y= 976 Y2=1022 P1=1023 P2=  -1 T1=1022 T2= 924  P= 585  D=   1 
 X= 979 X2= 998  Y= 961 Y2=1023 P1=1023 P2=  -1 T1=1023 T2= 902  P= 585  D=   1 
 X= 791 X2=1011  Y= 957 Y2=1023 P1=1023 P2=  -1 T1=1021 T2= 927  P= 585  D=   1 
 X=1004 X2=1003  Y= 974 Y2=1022 P1=1023 P2=  -1 T1=1023 T2= 918  P= 585  D=   1 
 X=1023 X2=1002  Y= 979 Y2=1023 P1=1023 P2=  -1 T1=1023 T2= 908  P= 585  D=   1 
 X= 763 X2=1022  Y= 954 Y2=1023 P1=1023 P2=  -1 T1=1023 T2= 904  P= 585  D=   1 
 X= 750 X2=1023  Y= 989 Y2=1022 P1=1023 P2=  -1 T1=1022 T2= 902  P= 585  D=   1 
 X=1023 X2= 957  Y= 972 Y2=1023 P1=1023 P2=  -1 T1=1023 T2= 902  P= 585  D=   1 
 X= 904 X2=1023  Y= 968 Y2=1022 P1=1023 P2=  -1 T1=1023 T2= 913  P= 585  D=   1 
 X= 736 X2=1023  Y= 972 Y2=1020 P1=1023 P2=  -1 T1=1023 T2= 913  P= 585  D=   1 
 X= 237 X2= 235  Y= 355 Y2= 348 P1= 719 P2= 211 T1=  22 T2=  21  P= 568  D=   1 * 0
 X= 886 X2=1023  Y= 970 Y2=1023 P1=1023 P2=   0 T1=1022 T2= 906  P= 568  D=   1 
 X= 248 X2= 246  Y= 364 Y2= 356 P1= 790 P2= 164 T1=  38 T2=  29  P= 568  D=   1 
 X= 294 X2= 411  Y= 576 Y2=1003 P1=1023 P2=   0 T1=  47 T2= 888  P= 568  D=   1 
 X= 260 X2= 258  Y= 378 Y2= 372 P1= 830 P2= 134 T1=  47 T2=  36  P= 568  D=   1 
 X= 243 X2= 240  Y= 361 Y2= 354 P1= 776 P2= 171 T1=  28 T2=  28  P= 852  D=   1 * 0
 X= 248 X2= 247  Y= 367 Y2= 360 P1= 808 P2= 149 T1=  35 T2=  33  P= 852  D=   1 
 X= 244 X2= 241  Y= 361 Y2= 355 P1= 779 P2= 169 T1=  28 T2=  28  P= 873  D=   1 * 0
 X= 244 X2= 242  Y= 363 Y2= 356 P1= 786 P2= 164 T1=  29 T2=  29  P= 921  D=   1 * 0
 X= 238 X2= 240  Y= 361 Y2= 353 P1= 774 P2= 173 T1=  27 T2=  26  P= 830  D=   1 * 1
 X= 242 X2= 241  Y= 360 Y2= 354 P1= 776 P2= 170 T1=  27 T2=  28  P= 858  D=   1 * 2
 X= 242 X2= 240  Y= 360 Y2= 354 P1= 770 P2= 176 T1=  27 T2=  27  P= 813  D=   1 * 3
 X= 243 X2= 240  Y= 361 Y2= 354 P1= 776 P2= 171 T1=  28 T2=  28  P= 852  D=   1 * 4
 X= 242 X2= 240  Y= 360 Y2= 354 P1= 771 P2= 175 T1=  27 T2=  28  P= 820  D=   1 * 5
 X= 243 X2= 242  Y= 361 Y2= 354 P1= 779 P2= 170 T1=  28 T2=  29  P= 866  D=   1 * 6
 X= 244 X2= 242  Y= 362 Y2= 355 P1= 785 P2= 164 T1=  29 T2=  29  P= 919  D=   1 * 7
 X= 244 X2= 242  Y= 361 Y2= 355 P1= 781 P2= 168 T1=  28 T2=  29  P= 886  D=   1 * 8
 X= 242 X2= 241  Y= 361 Y2= 354 P1= 776 P2= 170 T1=  29 T2=  27  P= 858  D=   1 * 9
 X= 242 X2= 240  Y= 360 Y2= 353 P1= 773 P2= 173 T1=  27 T2=  27  P= 835  D=   1 * 10
 X= 242 X2= 239  Y= 360 Y2= 352 P1= 766 P2= 179 T1=  26 T2=  25  P= 786  D=   1 * 11
 X= 241 X2= 239  Y= 360 Y2= 353 P1= 764 P2= 180 T1=  26 T2=  26  P= 778  D=   1 * 12
 X= 242 X2= 240  Y= 360 Y2= 352 P1= 763 P2= 180 T1=  26 T2=  26  P= 780  D=   1 * 13
 X= 241 X2= 239  Y= 359 Y2= 353 P1= 763 P2= 181 T1=  26 T2=  26  P= 771  D=   1 * 14
 X= 241 X2= 239  Y= 360 Y2= 353 P1= 764 P2= 181 T1=  25 T2=  27  P= 772  D=   1 * 15
 X= 241 X2= 239  Y= 360 Y2= 353 P1= 765 P2= 178 T1=  26 T2=  26  P= 791  D=   1 * 16
 X= 242 X2= 240  Y= 360 Y2= 354 P1= 768 P2= 178 T1=  27 T2=  26  P= 798  D=   1 * 17
 X= 242 X2= 240  Y= 360 Y2= 353 P1= 770 P2= 175 T1=  27 T2=  28  P= 819  D=   1 * 18
 X= 242 X2= 240  Y= 361 Y2= 354 P1= 772 P2= 174 T1=  27 T2=  27  P= 828  D=   1 * 19
 X= 242 X2= 241  Y= 361 Y2= 354 P1= 776 P2= 173 T1=  28 T2=  28  P= 839  D=   1 * 20
 X= 243 X2= 241  Y= 361 Y2= 354 P1= 775 P2= 172 T1=  28 T2=  27  P= 848  D=   1 * 21
 X= 242 X2= 240  Y= 361 Y2= 354 P1= 770 P2= 176 T1=  27 T2=  27  P= 813  D=   1 * 22
 X= 242 X2= 239  Y= 359 Y2= 353 P1= 766 P2= 178 T1=  26 T2=  26  P= 792  D=   1 * 23
 X= 241 X2= 239  Y= 360 Y2= 353 P1= 763 P2= 181 T1=  26 T2=  26  P= 771  D=   1 * 24
Remove Pin
 X= 241 X2= 239  Y= 359 Y2= 351 P1= 763 P2= 181 T1=  26 T2=  26  P= 771  D=   1 * 24
 X= 241 X2= 239  Y= 359 Y2= 352 P1= 761 P2= 181 T1=  26 T2=  26  P= 768  D=   1 * 24
 X= 241 X2= 238  Y= 360 Y2= 353 P1= 764 P2= 181 T1=  25 T2=  26  P= 769  D=   1 * 24
 X= 242 X2= 239  Y= 360 Y2= 353 P1= 765 P2= 179 T1=  27 T2=  26  P= 785  D=   1 * 24
 X= 242 X2= 239  Y= 360 Y2= 353 P1= 766 P2= 179 T1=  27 T2=  27  P= 786  D=   1 * 24
 X= 242 X2= 239  Y= 361 Y2= 353 P1= 768 P2= 177 T1=  26 T2=  26  P= 801  D=   1 * 24
 X= 252 X2= 240  Y= 360 Y2= 354 P1= 770 P2= 175 T1=  27 T2=  27  P= 836  D=   1 * 24
 X= 243 X2= 240  Y= 361 Y2= 354 P1= 769 P2= 175 T1=  27 T2=  28  P= 817  D=   1 * 24
 X= 242 X2= 240  Y= 360 Y2= 353 P1= 770 P2= 177 T1=  27 T2=  27  P= 807  D=   1 * 24
 X= 242 X2= 240  Y= 360 Y2= 354 P1= 767 P2= 177 T1=  27 T2=  26  P= 803  D=   1 * 24
 X= 242 X2= 241  Y= 360 Y2= 353 P1= 767 P2= 177 T1=  26 T2=  27  P= 803  D=   1 * 24
 X= 242 X2= 239  Y= 360 Y2= 353 P1= 766 P2= 178 T1=  26 T2=  27  P= 792  D=   1 * 24
 X= 242 X2= 240  Y= 360 Y2= 354 P1= 767 P2= 179 T1=  26 T2=  27  P= 791  D=   1 * 24
 X= 242 X2= 239  Y= 361 Y2= 354 P1= 768 P2= 177 T1=  27 T2=  27  P= 801  D=   1 * 24
 X= 242 X2= 240  Y= 360 Y2= 354 P1= 769 P2= 177 T1=  27 T2=  26  P= 805  D=   1 * 24
 X= 242 X2= 240  Y= 360 Y2= 354 P1= 768 P2= 176 T1=  27 T2=  27  P= 810  D=   1 * 24
 X= 242 X2= 240  Y= 361 Y2= 353 P1= 768 P2= 175 T1=  27 T2=  26  P= 816  D=   1 * 24
 X= 242 X2= 240  Y= 360 Y2= 353 P1= 769 P2= 176 T1=  27 T2=  27  P= 811  D=   1 * 24
 X= 242 X2= 240  Y= 360 Y2= 353 P1= 767 P2= 178 T1=  27 T2=  26  P= 797  D=   1 * 24
 X= 241 X2= 239  Y= 360 Y2= 353 P1= 767 P2= 178 T1=  27 T2=  27  P= 793  D=   1 * 24
 X= 241 X2= 239  Y= 360 Y2= 353 P1= 766 P2= 179 T1=  26 T2=  26  P= 786  D=   1 * 24
 X= 242 X2= 239  Y= 360 Y2= 353 P1= 765 P2= 179 T1=  27 T2=  27  P= 785  D=   1 * 24
 X= 241 X2= 239  Y= 360 Y2= 353 P1= 765 P2= 179 T1=  26 T2=  26  P= 785  D=   1 * 24
 X= 242 X2= 240  Y= 359 Y2= 353 P1= 767 P2= 179 T1=  26 T2=  27  P= 791  D=   1 * 24
 X= 241 X2= 240  Y= 360 Y2= 354 P1= 767 P2= 178 T1=  26 T2=  27  P= 793  D=   1 * 24
 X= 242 X2= 240  Y= 361 Y2= 353 P1= 767 P2= 178 T1=  27 T2=  27  P= 797  D=   1 * 24
 X= 242 X2= 240  Y= 360 Y2= 353 P1= 767 P2= 178 T1=  26 T2=  27  P= 797  D=   1 * 24
 X= 243 X2= 240  Y= 360 Y2= 353 P1= 768 P2= 177 T1=  26 T2=  26  P= 804  D=   1 * 24
 X= 240 X2= 239  Y= 359 Y2= 352 P1= 758 P2= 185 T1=  25 T2=  26  P= 740  D=   1 * 24
 X= 251 X2= 251  Y= 372 Y2= 370 P1= 827 P2= 139 T1=  37 T2=  33  P= 740  D=   1 
 X= 451 X2= 374  Y= 452 Y2= 455 P1= 925 P2=  71 T1= 168 T2=  64  P= 740  D=   1 
 X= 806 X2=1009  Y= 925 Y2=1023 P1=1023 P2=   0 T1=1023 T2= 898  P= 740  D=   1 
 X= 855 X2=1023  Y= 939 Y2=1021 P1=1023 P2=   0 T1=1023 T2= 886  P= 740  D=   1 
 X=1023 X2= 985  Y= 976 Y2=1022 P1=1023 P2=   0 T1=1023 T2= 888  P= 740  D=   1 
target state=1 point=456,22
 X= 775 X2=1011  Y= 967 Y2=1023 P1=1023 P2=   0 T1=1022 T2= 925  P= 740  D=   1 
 X= 724 X2=1023  Y= 974 Y2=1021 P1=1023 P2=   0 T1=1023 T2= 916  P= 740  D=   1 
 X= 807 X2=1023  Y= 986 Y2=1021 P1=1023 P2=   0 T1=1021 T2= 842  P= 740  D=   1 
 X= 669 X2=1023  Y= 981 Y2=1022 P1=1023 P2=   0 T1=1023 T2= 911  P= 740  D=   1 
 X= 921 X2=1023  Y= 969 Y2=1023 P1=1023 P2=   0 T1=1023 T2= 924  P= 740  D=   1 
 X=1023 X2=1000  Y= 971 Y2=1023 P1=1023 P2=   0 T1=1022 T2= 891  P= 740  D=   1 
 X=1010 X2= 989  Y= 968 Y2=1023 P1=1023 P2=   0 T1=1023 T2= 905  P= 740  D=   1 
 X= 974 X2=1008  Y= 958 Y2=1022 P1=1023 P2=   0 T1=1023 T2= 923  P= 740  D=   1 
 X= 854 X2=1023  Y= 983 Y2=1022 P1=1023 P2=   0 T1=1023 T2= 900  P= 740  D=   1 
 X= 907 X2= 975  Y= 976 Y2=1022 P1=1023 P2=   0 T1=1023 T2= 894  P= 740  D=   1 
 X= 685 X2=1023  Y= 976 Y2=1020 P1=1023 P2=   0 T1=1023 T2= 919  P= 740  D=   1 
 X= 895 X2=1015  Y= 960 Y2=1023 P1=1023 P2=   0 T1=1023 T2= 902  P= 740  D=   1 
 X= 946 X2=1006  Y= 973 Y2=1023 P1=1023 P2=   0 T1=1023 T2= 916  P= 740  D=   1 
 X= 849 X2=1023  Y= 963 Y2=1023 P1=1023 P2=   0 T1=1022 T2= 909  P= 740  D=   1 
 X= 901 X2=1023  Y= 980 Y2=1022 P1=1023 P2=   0 T1=1023 T2= 901  P= 740  D=   1 
 X=1023 X2= 976  Y= 973 Y2=1022 P1=1023 P2=   0 T1=1023 T2= 904  P= 740  D=   1 
 X=1023 X2= 969  Y= 974 Y2=1022 P1=1023 P2=   0 T1=1023 T2= 873  P= 740  D=   1 
 X= 906 X2=1023  Y= 984 Y2=1022 P1=1023 P2=   0 T1=1022 T2= 910  P= 740  D=   1 
 X= 900 X2=1023  Y= 983 Y2=1021 P1=1023 P2=   0 T1=1023 T2= 921  P= 740  D=   1 
 X= 898 X2=1023  Y= 970 Y2=1023 P1=1023 P2=   0 T1=1023 T2= 893  P= 740  D=   1 
 X= 633 X2=1023  Y= 973 Y2=1022 P1=1023 P2=   0 T1=1023 T2= 904  P= 740  D=   1 
 X= 782 X2=1023  Y= 950 Y2=1022 P1=1023 P2=   0 T1=1022 T2= 916  P= 740  D=   1 
 X= 765 X2=1011  Y= 969 Y2=1023 P1=1023 P2=   0 T1=1023 T2= 914  P= 740  D=   1 
 X= 861 X2=1014  Y= 970 Y2=1023 P1=1023 P2=   0 T1=1023 T2= 903  P= 740  D=   1 
 X=1023 X2= 963  Y= 976 Y2=1023 P1=1023 P2=   0 T1=1023 T2= 907  P= 740  D=   1 
 X= 852 X2= 989  Y= 983 Y2=1022 P1=1023 P2=   0 T1=1023 T2= 909  P= 740  D=   1 
 X= 766 X2=1023  Y= 976 Y2=1022 P1=1023 P2=   0 T1=1022 T2= 906  P= 740  D=   1 
 X= 791 X2=1023  Y= 988 Y2=1021 P1=1023 P2=   0 T1=1023 T2= 901  P= 740  D=   1 
 X= 917 X2=1023  Y= 969 Y2=1022 P1=1023 P2=   0 T1=1023 T2= 905  P= 740  D=   1 
 X= 645 X2=1023  Y= 976 Y2=1022 P1=1023 P2=   0 T1=1023 T2= 914  P= 740  D=   1 
 X= 866 X2=1023  Y=1004 Y2=1021 P1=1023 P2=   0 T1=1017 T2= 889  P= 740  D=   1 
 X= 894 X2=1023  Y= 977 Y2=1023 P1=1023 P2=   0 T1=1022 T2= 920  P= 740  D=   1 
 X= 776 X2=1013  Y= 978 Y2=1023 P1=1023 P2=   0 T1=1023 T2= 913  P= 740  D=   1 
 X= 997 X2=1001  Y= 965 Y2=1023 P1=1023 P2=   0 T1=1023 T2= 926  P= 740  D=   1 
 X=1023 X2=1008  Y= 967 Y2=1022 P1=1023 P2=   0 T1=1023 T2= 909  P= 740  D=   1 
 X= 893 X2=1021  Y= 975 Y2=1021 P1=1023 P2=   0 T1=1023 T2= 890  P= 740  D=   1 
 X= 850 X2= 976  Y= 979 Y2=1022 P1=1023 P2=   0 T1=1023 T2= 897  P= 740  D=   1 
 X= 835 X2=1023  Y= 990 Y2=1021 P1=1023 P2=   0 T1=1023 T2= 904  P= 740  D=   1 
 X= 620 X2=1023  Y= 983 Y2=1022 P1=1023 P2=   0 T1=1023 T2= 856  P= 740  D=   1 
 X= 665 X2=1023  Y= 975 Y2=1023 P1=1023 P2=   0 T1=1023 T2= 914  P= 740  D=   1 
 X= 767 X2=1023  Y= 974 Y2=1019 P1=1023 P2=   0 T1=1022 T2= 909  P= 740  D=   1 
 X= 903 X2=1023  Y= 948 Y2=1023 P1=1023 P2=   0 T1=1023 T2= 876  P= 740  D=   1 
 X= 904 X2=1015  Y= 986 Y2=1023 P1=1023 P2=   0 T1=1023 T2= 882  P= 740  D=   1 
 X= 625 X2=1023  Y= 982 Y2=1021 P1=1023 P2=   0 T1=1022 T2= 875  P= 740  D=   1 
 X=1023 X2= 959  Y= 979 Y2=1023 P1=1023 P2=   0 T1=1023 T2= 890  P= 740  D=   1 
 X= 846 X2=1023  Y= 992 Y2=1020 P1=1023 P2=   0 T1=1023 T2= 923  P= 740  D=   1 
 X= 805 X2=1023  Y= 966 Y2=1021 P1=1023 P2=   0 T1=1023 T2= 898  P= 740  D=   1 
 X= 981 X2=1002  Y= 961 Y2=1023 P1=1023 P2=   0 T1=1023 T2= 948  P= 740  D=   1 
 X= 634 X2=1023  Y= 974 Y2=1022 P1=1023 P2=   0 T1=1023 T2= 850  P= 740  D=   1 
 X= 970 X2= 989  Y= 964 Y2=1023 P1=1023 P2=   0 T1=1023 T2= 915  P= 740  D=   1 
 X= 996 X2= 990  Y= 978 Y2=1023 P1=1023 P2=   0 T1=1023 T2= 930  P= 740  D=   1 
 X= 824 X2=1014  Y= 975 Y2=1023 P1=1023 P2=   0 T1=1023 T2= 882  P= 740  D=   1 
 X= 927 X2= 997  Y= 971 Y2=1022 P1=1023 P2=   0 T1=1023 T2= 871  P= 740  D=   1 
 X=1023 X2=1002  Y= 980 Y2=1023 P1=1023 P2=   0 T1=1023 T2= 912  P= 740  D=   1 
 X= 859 X2=1023  Y= 968 Y2=1023 P1=1023 P2=   0 T1=1021 T2= 906  P= 740  D=   1 
 X= 805 X2=1023  Y= 978 Y2=1021 P1=1023 P2=   0 T1=1023 T2= 913  P= 740  D=   1 
 X= 760 X2=1010  Y= 957 Y2=1023 P1=1023 P2=   0 T1=1022 T2= 919  P= 740  D=   1 
 X= 824 X2=1015  Y= 975 Y2=1022 P1=1023 P2=   0 T1=1021 T2= 909  P= 740  D=   1 
 X= 684 X2=1023  Y= 974 Y2=1023 P1=1023 P2=   0 T1=1023 T2= 929  P= 740  D=   1 
 X= 969 X2=1003  Y= 950 Y2=1023 P1=1023 P2=   0 T1=1023 T2= 897  P= 740  D=   1 
 X= 987 X2= 991  Y= 964 Y2=1023 P1=1023 P2=   0 T1=1023 T2= 890  P= 740  D=   1 
 X=1023 X2= 976  Y= 964 Y2=1023 P1=1023 P2=   0 T1=1023 T2= 886  P= 740  D=   1 
 X= 867 X2= 991  Y= 976 Y2=1022 P1=1023 P2=   0 T1=1023 T2= 907  P= 740  D=   1 
 X= 795 X2=1014  Y= 979 Y2=1023 P1=1023 P2=   0 T1=1021 T2= 905  P= 740  D=   1 
 X= 739 X2=1023  Y= 979 Y2=1020 P1=1023 P2=   0 T1=1022 T2= 909  P= 740  D=   1 
 X= 799 X2=1023  Y= 952 Y2=1022 P1=1023 P2=   0 T1=1022 T2= 885  P= 740  D=   1 
 X= 802 X2=1013  Y= 968 Y2=1023 P1=1023 P2=   0 T1=1022 T2= 909  P= 740  D=   1 
 X= 873 X2=1023  Y= 962 Y2=1023 P1=1022 P2=   0 T1=1023 T2= 910  P= 740  D=   1 
 X= 813 X2= 813  Y= 345 Y2= 353 P1= 826 P2= 506 T1=  14 T2=  14  P= 513  D=   1 * 0
 X= 814 X2= 815  Y= 347 Y2= 354 P1= 833 P2= 488 T1=  16 T2=  16  P= 574  D=   1 * 0
 X= 821 X2= 818  Y= 359 Y2= 364 P1= 867 P2= 409 T1=  32 T2=  22  P= 574  D=   1 
 X= 815 X2= 815  Y= 351 Y2= 357 P1= 845 P2= 459 T1=  19 T2=  18  P= 684  D=   1 * 0
 X= 815 X2= 812  Y= 350 Y2= 356 P1= 842 P2= 468 T1=  17 T2=  17  P= 649  D=   1 * 0
 X= 815 X2= 814  Y= 350 Y2= 357 P1= 845 P2= 456 T1=  18 T2=  18  P= 694  D=   1 * 1
 X= 815 X2= 813  Y= 349 Y2= 356 P1= 838 P2= 475 T1=  16 T2=  16  P= 621  D=   1 * 2
 X= 815 X2= 814  Y= 349 Y2= 357 P1= 841 P2= 469 T1=  17 T2=  17  P= 645  D=   1 * 3
 X= 814 X2= 814  Y= 348 Y2= 356 P1= 839 P2= 476 T1=  16 T2=  16  P= 620  D=   1 * 4
 X= 814 X2= 814  Y= 349 Y2= 356 P1= 838 P2= 477 T1=  17 T2=  16  P= 615  D=   1 * 5
 X= 814 X2= 814  Y= 348 Y2= 355 P1= 838 P2= 477 T1=  17 T2=  16  P= 615  D=   1 * 6
 X= 813 X2= 814  Y= 348 Y2= 356 P1= 837 P2= 479 T1=  16 T2=  16  P= 607  D=   1 * 7
 X= 815 X2= 814  Y= 348 Y2= 356 P1= 837 P2= 479 T1=  16 T2=  16  P= 608  D=   1 * 8
 X= 815 X2= 814  Y= 349 Y2= 356 P1= 837 P2= 479 T1=  16 T2=  16  P= 608  D=   1 * 9
 X= 814 X2= 813  Y= 348 Y2= 354 P1= 835 P2= 484 T1=  15 T2=  16  P= 589  D=   1 * 10
 X= 815 X2= 814  Y= 349 Y2= 356 P1= 837 P2= 479 T1=  16 T2=  17  P= 608  D=   1 * 11
 X= 814 X2= 814  Y= 349 Y2= 356 P1= 837 P2= 479 T1=  16 T2=  17  P= 608  D=   1 * 12
 X= 815 X2= 814  Y= 349 Y2= 356 P1= 836 P2= 480 T1=  16 T2=  16  P= 603  D=   1 * 13
 X= 815 X2= 814  Y= 348 Y2= 355 P1= 836 P2= 480 T1=  16 T2=  17  P= 603  D=   1 * 14
 X= 815 X2= 814  Y= 348 Y2= 355 P1= 837 P2= 479 T1=  16 T2=  16  P= 608  D=   1 * 15
 X= 814 X2= 814  Y= 349 Y2= 356 P1= 837 P2= 480 T1=  16 T2=  16  P= 604  D=   1 * 16
 X= 814 X2= 814  Y= 349 Y2= 356 P1= 837 P2= 479 T1=  17 T2=  16  P= 608  D=   1 * 17
 X= 815 X2= 814  Y= 348 Y2= 355 P1= 837 P2= 478 T1=  17 T2=  16  P= 611  D=   1 * 18
 X= 814 X2= 814  Y= 348 Y2= 356 P1= 837 P2= 479 T1=  16 T2=  16  P= 608  D=   1 * 19
 X= 814 X2= 814  Y= 348 Y2= 356 P1= 837 P2= 479 T1=  16 T2=  16  P= 608  D=   1 * 20
 X= 815 X2= 814  Y= 349 Y2= 355 P1= 837 P2= 479 T1=  17 T2=  17  P= 608  D=   1 * 21
 X= 814 X2= 814  Y= 348 Y2= 356 P1= 837 P2= 479 T1=  16 T2=  16  P= 608  D=   1 * 22
 X= 815 X2= 814  Y= 348 Y2= 356 P1= 837 P2= 478 T1=  16 T2=  16  P= 611  D=   1 * 23
 X= 814 X2= 814  Y= 348 Y2= 356 P1= 837 P2= 479 T1=  16 T2=  17  P= 608  D=   1 * 24
Remove Pin
 X= 814 X2= 814  Y= 348 Y2= 356 P1= 836 P2= 479 T1=  16 T2=  16  P= 606  D=   1 * 24
 X= 814 X2= 814  Y= 348 Y2= 355 P1= 837 P2= 479 T1=  17 T2=  16  P= 608  D=   1 * 24
 X= 813 X2= 814  Y= 349 Y2= 356 P1= 837 P2= 479 T1=  17 T2=  16  P= 607  D=   1 * 24
 X= 815 X2= 814  Y= 349 Y2= 355 P1= 836 P2= 479 T1=  17 T2=  16  P= 606  D=   1 * 24
 X= 814 X2= 814  Y= 348 Y2= 356 P1= 837 P2= 479 T1=  17 T2=  16  P= 608  D=   1 * 24
 X= 814 X2= 814  Y= 348 Y2= 356 P1= 838 P2= 479 T1=  16 T2=  16  P= 609  D=   1 * 24
 X= 814 X2= 814  Y= 348 Y2= 356 P1= 837 P2= 478 T1=  17 T2=  17  P= 611  D=   1 * 24
 X= 817 X2= 814  Y= 348 Y2= 356 P1= 837 P2= 479 T1=  15 T2=  15  P= 608  D=   1 * 24
 X= 814 X2= 814  Y= 349 Y2= 355 P1= 837 P2= 479 T1=  16 T2=  16  P= 608  D=   1 * 24
 X= 814 X2= 814  Y= 350 Y2= 355 P1= 837 P2= 479 T1=  16 T2=  16  P= 608  D=   1 * 24
 X= 814 X2= 814  Y= 348 Y2= 355 P1= 837 P2= 480 T1=  16 T2=  16  P= 604  D=   1 * 24
 X= 814 X2= 814  Y= 349 Y2= 355 P1= 837 P2= 480 T1=  17 T2=  16  P= 604  D=   1 * 24
 X= 815 X2= 813  Y= 349 Y2= 355 P1= 836 P2= 480 T1=  16 T2=  16  P= 603  D=   1 * 24
 X= 814 X2= 814  Y= 349 Y2= 356 P1= 837 P2= 479 T1=  16 T2=  16  P= 608  D=   1 * 24
 X= 815 X2= 814  Y= 349 Y2= 356 P1= 837 P2= 479 T1=  16 T2=  16  P= 608  D=   1 * 24
 X= 814 X2= 814  Y= 350 Y2= 357 P1= 846 P2= 452 T1=  17 T2=  19  P= 708  D=   1 * 24
 X= 988 X2= 992  Y= 964 Y2=1023 P1=1023 P2=   0 T1=1023 T2= 892  P= 708  D=   1 
 X= 963 X2= 995  Y= 965 Y2=1023 P1=1023 P2=   0 T1=1023 T2= 894  P= 708  D=   1 
 X= 930 X2= 962  Y= 978 Y2=1023 P1=1023 P2=   0 T1=1023 T2= 900  P= 708  D=   1 
target state=2 point=456,249
 X=1022 X2= 970  Y= 968 Y2=1023 P1=1023 P2=   0 T1=1023 T2= 916  P= 708  D=   1 
 X= 658 X2=1023  Y= 981 Y2=1023 P1=1023 P2=   0 T1=1023 T2= 917  P= 708  D=   1 
 X= 732 X2=1023  Y= 971 Y2=1021 P1=1023 P2=   0 T1=1023 T2= 897  P= 708  D=   1 
 X= 979 X2=1007  Y= 976 Y2=1023 P1=1023 P2=   0 T1=1023 T2= 923  P= 708  D=   1 
 X= 765 X2=1014  Y= 981 Y2=1023 P1=1023 P2=   0 T1=1022 T2= 929  P= 708  D=   1 
 X= 896 X2=1023  Y= 979 Y2=1023 P1=1023 P2=   0 T1=1023 T2= 911  P= 708  D=   1 
 X= 993 X2=1001  Y= 965 Y2=1023 P1=1023 P2=   0 T1=1023 T2= 936  P= 708  D=   1 
 X=1018 X2= 970  Y= 984 Y2=1023 P1=1023 P2=   0 T1=1023 T2= 923  P= 708  D=   1 
 X= 805 X2=1023  Y= 987 Y2=1022 P1=1023 P2=   0 T1=1022 T2= 904  P= 708  D=   1 
 X= 770 X2=1023  Y= 980 Y2=1022 P1=1023 P2=   0 T1=1023 T2= 899  P= 708  D=   1 
 X= 906 X2=1023  Y= 974 Y2=1023 P1=1023 P2=   0 T1=1023 T2= 924  P= 708  D=   1 
 X= 657 X2=1023  Y= 964 Y2=1023 P1=1023 P2=   0 T1=1023 T2= 915  P= 708  D=   1 
 X= 725 X2=1023  Y= 973 Y2=1022 P1=1023 P2=   0 T1=1022 T2= 910  P= 708  D=   1 
 X= 852 X2=1023  Y= 981 Y2=1023 P1=1023 P2=   0 T1=1022 T2= 927  P= 708  D=   1 
 X= 968 X2=1007  Y= 950 Y2=1023 P1=1023 P2=   0 T1=1022 T2= 886  P= 708  D=   1 
 X= 838 X2=1023  Y= 979 Y2=1022 P1=1023 P2=   0 T1=1023 T2= 908  P= 708  D=   1 
 X= 878 X2=1023  Y= 979 Y2=1023 P1=1023 P2=   0 T1=1022 T2= 909  P= 708  D=   1 
 X= 819 X2=1023  Y= 991 Y2=1022 P1=1023 P2=   0 T1=1022 T2= 913  P= 708  D=   1 
 X= 784 X2=1023  Y= 988 Y2=1022 P1=1023 P2=   0 T1=1023 T2= 863  P= 708  D=   1 
 X= 864 X2=1023  Y= 987 Y2=1020 P1=1023 P2=   0 T1=1023 T2= 915  P= 708  D=   1 
 X= 892 X2=1006  Y= 969 Y2=1023 P1=1023 P2=   0 T1=1023 T2= 903  P= 708  D=   1 
 X= 655 X2=1023  Y= 986 Y2=1021 P1=1023 P2=   0 T1=1022 T2= 905  P= 708  D=   1 
 X=1015 X2= 996  Y= 968 Y2=1023 P1=1023 P2=   0 T1=1022 T2= 910  P= 708  D=   1 
 X= 852 X2=1023  Y= 976 Y2=1023 P1=1023 P2=   0 T1=1023 T2= 920  P= 708  D=   1 
 X= 917 X2= 956  Y= 984 Y2=1021 P1=1023 P2=   0 T1=1023 T2= 911  P= 708  D=   1 
 X= 936 X2=1023  Y= 993 Y2=1022 P1=1023 P2=   0 T1=1022 T2= 914  P= 708  D=   1 
 X= 828 X2=1015  Y= 970 Y2=1022 P1=1023 P2=   0 T1=1022 T2= 902  P= 708  D=   1 
 X= 876 X2= 973  Y= 975 Y2=1021 P1=1023 P2=   0 T1=1023 T2= 912  P= 708  D=   1 
 X= 935 X2= 975  Y= 977 Y2=1022 P1=1023 P2=   0 T1=1023 T2= 911  P= 708  D=   1 
 X= 753 X2=1013  Y= 973 Y2=1023 P1=1023 P2=   0 T1=1023 T2= 909  P= 708  D=   1 
 X= 892 X2=1023  Y= 971 Y2=1023 P1=1023 P2=   0 T1=1023 T2= 897  P= 708  D=   1 
 X=1023 X2=1005  Y= 964 Y2=1023 P1=1023 P2=   0 T1=1023 T2= 911  P= 708  D=   1 
 X= 962 X2= 988  Y= 977 Y2=1023 P1=1023 P2=   0 T1=1023 T2= 895  P= 708  D=   1 
 X= 912 X2=1021  Y= 972 Y2=1021 P1=1023 P2=   0 T1=1022 T2= 913  P= 708  D=   1 
 X=1023 X2=1008  Y= 969 Y2=1022 P1=1023 P2=   0 T1=1022 T2= 898  P= 708  D=   1 
 X=1023 X2=1006  Y= 970 Y2=1023 P1=1023 P2=   0 T1=1023 T2= 892  P= 708  D=   1 
 X= 593 X2=1023  Y= 975 Y2=1022 P1=1023 P2=   0 T1=1023 T2= 920  P= 708  D=   1 
 X= 777 X2=1023  Y= 986 Y2=1021 P1=1023 P2=   0 T1=1023 T2= 885  P= 708  D=   1 
 X= 950 X2=1001  Y= 958 Y2=1022 P1=1023 P2=   0 T1=1023 T2= 892  P= 708  D=   1 
 X= 805 X2=1014  Y= 978 Y2=1023 P1=1023 P2=   0 T1=1023 T2= 911  P= 708  D=   1 
 X= 830 X2=1015  Y= 966 Y2=1022 P1=1023 P2=   0 T1=1023 T2= 868  P= 708  D=   1 
 X= 939 X2=1007  Y= 935 Y2=1023 P1=1023 P2=   0 T1=1022 T2= 935  P= 708  D=   1 
 X= 962 X2= 999  Y= 967 Y2=1023 P1=1023 P2=   0 T1=1022 T2= 906  P= 708  D=   1 
 X= 898 X2=1023  Y= 988 Y2=1021 P1=1023 P2=   0 T1=1023 T2= 911  P= 708  D=   1 
 X= 919 X2=1023  Y= 974 Y2=1021 P1=1023 P2=   0 T1=1023 T2= 897  P= 708  D=   1 
 X= 799 X2=1021  Y= 971 Y2=1022 P1=1023 P2=   0 T1=1023 T2= 903  P= 708  D=   1 
 X= 678 X2=1023  Y= 997 Y2=1022 P1=1023 P2=   0 T1=1022 T2= 899  P= 708  D=   1 
 X= 997 X2= 991  Y= 973 Y2=1023 P1=1023 P2=   0 T1=1022 T2= 874  P= 708  D=   1 
 X= 663 X2=1023  Y= 985 Y2=1022 P1=1023 P2=   0 T1=1022 T2= 927  P= 708  D=   1 
 X= 901 X2=1023  Y= 975 Y2=1023 P1=1023 P2=   0 T1=1023 T2= 906  P= 708  D=   1 
 X= 868 X2= 976  Y= 965 Y2=1022 P1=1023 P2=   0 T1=1023 T2= 935  P= 708  D=   1 
 X=1023 X2= 965  Y= 951 Y2=1021 P1=1023 P2=   0 T1=1022 T2= 893  P= 708  D=   1 
 X= 776 X2=1023  Y= 975 Y2=1022 P1=1023 P2=   0 T1=1023 T2= 906  P= 708  D=   1 
 X= 845 X2= 965  Y= 982 Y2=1023 P1=1023 P2=   0 T1=1022 T2= 844  P= 708  D=   1 
 X= 655 X2=1022  Y= 977 Y2=1022 P1=1023 P2=   0 T1=1014 T2= 911  P= 708  D=   1 
 X= 901 X2=1023  Y= 980 Y2=1021 P1=1023 P2=   0 T1=1023 T2= 901  P= 708  D=   1 
 X= 811 X2= 811  Y= 690 Y2= 693 P1= 913 P2= 568 T1=  13 T2=  14  P= 492  D=   1 * 0
 X= 789 X2=1014  Y= 971 Y2=1023 P1=1023 P2=   0 T1=1023 T2= 853  P= 492  D=   1 
 X= 762 X2=1014  Y= 962 Y2=1023 P1=1023 P2=   0 T1=1022 T2= 890  P= 492  D=   1 
 X= 820 X2= 821  Y= 702 Y2= 705 P1= 945 P2= 410 T1=  32 T2=  25  P= 492  D=   1 
 X= 815 X2= 816  Y= 692 Y2= 697 P1= 930 P2= 481 T1=  19 T2=  20  P= 760  D=   1 * 0
 X= 814 X2= 815  Y= 692 Y2= 696 P1= 927 P2= 502 T1=  18 T2=  18  P= 688  D=   1 * 0
 X= 814 X2= 814  Y= 692 Y2= 696 P1= 925 P2= 503 T1=  18 T2=  18  P= 682  D=   1 * 0
 X= 814 X2= 815  Y= 691 Y2= 696 P1= 924 P2= 510 T1=  18 T2=  17  P= 660  D=   1 * 1
 X= 814 X2= 815  Y= 691 Y2= 696 P1= 926 P2= 509 T1=  18 T2=  18  P= 666  D=   1 * 2
 X= 814 X2= 815  Y= 691 Y2= 695 P1= 923 P2= 515 T1=  16 T2=  17  P= 644  D=   1 * 3
 X= 813 X2= 815  Y= 691 Y2= 695 P1= 924 P2= 516 T1=  17 T2=  17  P= 643  D=   1 * 4
 X= 813 X2= 815  Y= 691 Y2= 695 P1= 923 P2= 517 T1=  17 T2=  17  P= 638  D=   1 * 5
 X= 814 X2= 815  Y= 691 Y2= 695 P1= 923 P2= 518 T1=  17 T2=  17  P= 635  D=   1 * 6
 X= 814 X2= 815  Y= 691 Y2= 696 P1= 926 P2= 506 T1=  18 T2=  18  P= 675  D=   1 * 7
 X= 815 X2= 814  Y= 691 Y2= 696 P1= 925 P2= 507 T1=  17 T2=  18  P= 670  D=   1 * 8
 X= 814 X2= 815  Y= 691 Y2= 696 P1= 925 P2= 510 T1=  18 T2=  17  P= 661  D=   1 * 9
 X= 814 X2= 815  Y= 691 Y2= 695 P1= 924 P2= 516 T1=  17 T2=  17  P= 643  D=   1 * 10
 X= 813 X2= 814  Y= 691 Y2= 695 P1= 924 P2= 517 T1=  17 T2=  17  P= 639  D=   1 * 11
 X= 814 X2= 815  Y= 691 Y2= 695 P1= 923 P2= 516 T1=  17 T2=  17  P= 641  D=   1 * 12
 X= 814 X2= 815  Y= 691 Y2= 696 P1= 924 P2= 515 T1=  17 T2=  17  P= 646  D=   1 * 13
 X= 814 X2= 815  Y= 691 Y2= 696 P1= 923 P2= 516 T1=  17 T2=  17  P= 641  D=   1 * 14
 X= 814 X2= 815  Y= 691 Y2= 696 P1= 923 P2= 517 T1=  17 T2=  16  P= 638  D=   1 * 15
 X= 814 X2= 814  Y= 690 Y2= 696 P1= 923 P2= 519 T1=  17 T2=  17  P= 633  D=   1 * 16
 X= 813 X2= 814  Y= 691 Y2= 696 P1= 923 P2= 519 T1=  17 T2=  17  P= 632  D=   1 * 17
 X= 814 X2= 815  Y= 691 Y2= 695 P1= 922 P2= 520 T1=  17 T2=  16  P= 629  D=   1 * 18
 X= 814 X2= 815  Y= 691 Y2= 696 P1= 922 P2= 520 T1=  17 T2=  17  P= 629  D=   1 * 19
 X= 813 X2= 814  Y= 691 Y2= 696 P1= 923 P2= 520 T1=  17 T2=  17  P= 630  D=   1 * 20
 X= 814 X2= 814  Y= 691 Y2= 696 P1= 922 P2= 522 T1=  16 T2=  16  P= 623  D=   1 * 21
 X= 814 X2= 813  Y= 692 Y2= 695 P1= 922 P2= 521 T1=  16 T2=  16  P= 625  D=   1 * 22
 X= 813 X2= 815  Y= 691 Y2= 695 P1= 922 P2= 521 T1=  17 T2=  16  P= 625  D=   1 * 23
 X= 813 X2= 814  Y= 691 Y2= 695 P1= 923 P2= 521 T1=  16 T2=  17  P= 626  D=   1 * 24
Remove Pin
 X= 814 X2= 813  Y= 691 Y2= 695 P1= 922 P2= 521 T1=  16 T2=  16  P= 625  D=   1 * 24
 X= 813 X2= 814  Y= 690 Y2= 695 P1= 922 P2= 520 T1=  16 T2=  17  P= 628  D=   1 * 24
 X= 813 X2= 814  Y= 691 Y2= 695 P1= 923 P2= 521 T1=  17 T2=  17  P= 626  D=   1 * 24
 X= 814 X2= 814  Y= 691 Y2= 695 P1= 922 P2= 521 T1=  17 T2=  16  P= 625  D=   1 * 24
 X= 814 X2= 815  Y= 691 Y2= 695 P1= 923 P2= 521 T1=  17 T2=  16  P= 627  D=   1 * 24
 X= 814 X2= 814  Y= 691 Y2= 696 P1= 923 P2= 521 T1=  17 T2=  17  P= 627  D=   1 * 24
 X= 813 X2= 815  Y= 691 Y2= 696 P1= 922 P2= 521 T1=  17 T2=  16  P= 625  D=   1 * 24
 X= 813 X2= 814  Y= 691 Y2= 695 P1= 922 P2= 521 T1=  17 T2=  16  P= 625  D=   1 * 24
 X= 813 X2= 814  Y= 691 Y2= 695 P1= 923 P2= 521 T1=  16 T2=  17  P= 626  D=   1 * 24
 X= 814 X2= 814  Y= 691 Y2= 695 P1= 923 P2= 522 T1=  16 T2=  17  P= 625  D=   1 * 24
 X= 814 X2= 815  Y= 690 Y2= 695 P1= 922 P2= 522 T1=  17 T2=  17  P= 623  D=   1 * 24
 X= 814 X2= 814  Y= 691 Y2= 695 P1= 922 P2= 523 T1=  16 T2=  17  P= 620  D=   1 * 24
 X= 813 X2= 814  Y= 691 Y2= 695 P1= 922 P2= 522 T1=  17 T2=  17  P= 622  D=   1 * 24
 X= 813 X2= 813  Y= 691 Y2= 695 P1= 923 P2= 522 T1=  17 T2=  16  P= 624  D=   1 * 24
 X= 814 X2= 815  Y= 690 Y2= 696 P1= 922 P2= 523 T1=  17 T2=  17  P= 620  D=   1 * 24
 X= 814 X2= 816  Y= 693 Y2= 697 P1= 931 P2= 479 T1=  20 T2=  20  P= 768  D=   1 * 24
 X=1023 X2= 952  Y= 963 Y2=1022 P1=1023 P2=   0 T1=1021 T2= 902  P= 768  D=   1 
 X= 960 X2=1003  Y= 968 Y2=1022 P1=1023 P2=   0 T1=1023 T2= 923  P= 768  D=   1 
 X= 961 X2= 999  Y= 962 Y2=1023 P1=1023 P2=   0 T1=1023 T2= 909  P= 768  D=   1 
target state=3 point=23,249
 X=1023 X2=1001  Y= 965 Y2=1023 P1=1023 P2=   0 T1=1023 T2= 897  P= 768  D=   1 
 X= 883 X2= 954  Y= 977 Y2=1022 P1=1023 P2=   0 T1=1023 T2= 923  P= 768  D=   1 
 X= 862 X2=1023  Y= 966 Y2=1023 P1=1023 P2=   0 T1=1023 T2= 909  P= 768  D=   1 
 X= 754 X2=1023  Y= 972 Y2=1023 P1=1023 P2=   0 T1=1023 T2= 890  P= 768  D=   1 
 X=1023 X2= 973  Y= 981 Y2=1023 P1=1022 P2=   0 T1=1023 T2= 892  P= 768  D=   1 
 X= 808 X2=1014  Y= 976 Y2=1022 P1=1023 P2=   0 T1=1023 T2= 928  P= 768  D=   1 
 X= 886 X2=1023  Y= 964 Y2=1023 P1=1023 P2=   0 T1=1023 T2= 906  P= 768  D=   1 
 X=1023 X2= 995  Y= 973 Y2=1022 P1=1023 P2=   0 T1=1023 T2= 897  P= 768  D=   1 
 X=1023 X2=1009  Y= 962 Y2=1022 P1=1023 P2=   0 T1=1023 T2= 912  P= 768  D=   1 
 X= 938 X2= 993  Y= 973 Y2=1022 P1=1023 P2=   0 T1=1023 T2= 919  P= 768  D=   1 
 X= 763 X2=1023  Y= 987 Y2=1021 P1=1023 P2=   0 T1=1023 T2= 875  P= 768  D=   1 
 X= 673 X2=1023  Y= 975 Y2=1023 P1=1023 P2=   0 T1=1022 T2= 903  P= 768  D=   1 
 X= 793 X2=1023  Y= 990 Y2=1021 P1=1023 P2=   0 T1=1023 T2= 877  P= 768  D=   1 
 X= 737 X2=1023  Y= 984 Y2=1021 P1=1023 P2=   0 T1=1023 T2= 897  P= 768  D=   1 
 X= 868 X2=1023  Y= 977 Y2=1022 P1=1023 P2=   0 T1=1022 T2= 899  P= 768  D=   1 
 X= 760 X2=1012  Y= 967 Y2=1023 P1=1023 P2=   0 T1=1021 T2= 882  P= 768  D=   1 
 X= 846 X2=1023  Y= 981 Y2=1020 P1=1023 P2=   0 T1=1023 T2= 896  P= 768  D=   1 
 X=1023 X2=1005  Y= 961 Y2=1022 P1=1023 P2=   0 T1=1023 T2= 893  P= 768  D=   1 
 X= 591 X2=1023  Y= 977 Y2=1022 P1=1023 P2=   0 T1=1023 T2= 842  P= 768  D=   1 
 X= 868 X2= 976  Y= 983 Y2=1022 P1=1023 P2=   0 T1=1023 T2= 890  P= 768  D=   1 
 X= 815 X2=1023  Y= 983 Y2=1022 P1=1023 P2=   0 T1=1023 T2= 907  P= 768  D=   1 
 X= 790 X2=1023  Y= 962 Y2=1021 P1=1023 P2=   0 T1=1022 T2= 841  P= 768  D=   1 
 X= 682 X2=1023  Y= 984 Y2=1021 P1=1023 P2=   0 T1=1022 T2= 901  P= 768  D=   1 
 X= 976 X2=1005  Y= 968 Y2=1023 P1=1023 P2=   0 T1=1022 T2= 922  P= 768  D=   1 
 X= 956 X2=1002  Y= 962 Y2=1023 P1=1023 P2=   0 T1=1023 T2= 902  P= 768  D=   1 
 X= 576 X2=1023  Y= 996 Y2=1021 P1=1023 P2=   0 T1=1021 T2= 908  P= 768  D=   1 
 X= 784 X2=1012  Y= 974 Y2=1023 P1=1023 P2=   0 T1=1023 T2= 921  P= 768  D=   1 
 X=1023 X2=1009  Y= 947 Y2=1023 P1=1023 P2=   0 T1=1023 T2= 896  P= 768  D=   1 
 X= 756 X2=1023  Y= 979 Y2=1021 P1=1023 P2=   0 T1=1022 T2= 899  P= 768  D=   1 
 X= 788 X2=1023  Y= 973 Y2=1022 P1=1023 P2=   0 T1=1023 T2= 908  P= 768  D=   1 
 X= 800 X2=1014  Y= 970 Y2=1023 P1=1023 P2=   0 T1=1022 T2= 898  P= 768  D=   1 
 X= 815 X2=1023  Y= 947 Y2=1023 P1=1023 P2=   0 T1=1023 T2= 925  P= 768  D=   1 
 X=1023 X2= 996  Y= 966 Y2=1022 P1=1023 P2=   0 T1=1023 T2= 865  P= 768  D=   1 
 X= 759 X2=1010  Y= 970 Y2=1023 P1=1023 P2=   0 T1=1023 T2= 909  P= 768  D=   1 
 X= 941 X2=1005  Y= 963 Y2=1023 P1=1023 P2=   0 T1=1023 T2= 885  P= 768  D=   1 
 X= 841 X2=1023  Y= 983 Y2=1022 P1=1023 P2=   0 T1=1023 T2= 855  P= 768  D=   1 
 X= 840 X2= 995  Y= 966 Y2=1022 P1=1022 P2=   0 T1=1023 T2= 898  P= 768  D=   1 
 X= 648 X2=1023  Y= 975 Y2=1023 P1=1023 P2=   0 T1=1022 T2= 911  P= 768  D=   1 
 X= 759 X2=1023  Y= 978 Y2=1021 P1=1023 P2=   0 T1=1022 T2= 894  P= 768  D=   1 
 X= 879 X2=1023  Y= 972 Y2=1022 P1=1023 P2=   0 T1=1023 T2= 928  P= 768  D=   1 
 X= 769 X2=1023  Y= 972 Y2=1021 P1=1023 P2=   0 T1=1022 T2= 891  P= 768  D=   1 
 X= 668 X2=1023  Y= 977 Y2=1022 P1=1023 P2=   0 T1=1023 T2= 956  P= 768  D=   1 
 X=1023 X2=1007  Y= 973 Y2=1022 P1=1023 P2=   0 T1=1023 T2= 907  P= 768  D=   1 
 X=1009 X2= 983  Y= 976 Y2=1023 P1=1023 P2=   0 T1=1023 T2= 912  P= 768  D=   1 
 X= 708 X2=1023  Y= 978 Y2=1020 P1=1023 P2=   0 T1=1023 T2= 896  P= 768  D=   1 
 X= 907 X2=1023  Y= 987 Y2=1021 P1=1023 P2=   0 T1=1023 T2= 907  P= 768  D=   1 
 X= 921 X2=1023  Y= 976 Y2=1023 P1=1023 P2=   0 T1=1022 T2= 905  P= 768  D=   1 
 X= 776 X2=1023  Y= 985 Y2=1021 P1=1023 P2=   0 T1=1022 T2= 898  P= 768  D=   1 
 X=1022 X2= 998  Y= 974 Y2=1023 P1=1023 P2=   0 T1=1023 T2= 916  P= 768  D=   1 
 X= 591 X2=1023  Y= 976 Y2=1022 P1=1023 P2=   0 T1=1023 T2= 874  P= 768  D=   1 
 X= 792 X2=1014  Y= 975 Y2=1023 P1=1023 P2=   0 T1=1023 T2= 916  P= 768  D=   1 
 X=1023 X2=1001  Y= 950 Y2=1023 P1=1023 P2=   0 T1=1023 T2= 903  P= 768  D=   1 
 X=1017 X2= 985  Y= 976 Y2=1023 P1=1023 P2=   0 T1=1023 T2= 902  P= 768  D=   1 
 X= 772 X2=1023  Y= 982 Y2=1022 P1=1023 P2=   0 T1=1022 T2= 866  P= 768  D=   1 
 X= 849 X2= 994  Y= 973 Y2=1022 P1=1023 P2=   0 T1=1023 T2= 885  P= 768  D=   1 
 X= 868 X2=1023  Y= 963 Y2=1023 P1=1023 P2=   0 T1=1023 T2= 895  P= 768  D=   1 
 X= 900 X2=1023  Y= 968 Y2=1023 P1=1023 P2=   0 T1=1022 T2= 899  P= 768  D=   1 
 X= 647 X2=1023  Y= 979 Y2=1022 P1=1023 P2=   0 T1=1023 T2= 893  P= 768  D=   1 
 X= 987 X2= 980  Y= 973 Y2=1023 P1=1023 P2=   0 T1=1023 T2= 915  P= 768  D=   1 
 X= 829 X2=1023  Y= 987 Y2=1022 P1=1023 P2=   0 T1=1023 T2= 893  P= 768  D=   1 
 X= 851 X2= 976  Y= 982 Y2=1022 P1=1023 P2=   0 T1=1023 T2= 912  P= 768  D=   1 
 X=1006 X2= 990  Y= 971 Y2=1023 P1=1023 P2=   0 T1=1022 T2= 925  P= 768  D=   1 
 X= 232 X2= 234  Y= 695 Y2= 690 P1= 840 P2= 255 T1=  21 T2=  21  P= 534  D=   1 * 0
 X= 889 X2=1023  Y= 987 Y2=1020 P1=1023 P2=   0 T1=1023 T2= 880  P= 534  D=   1 
 X=1023 X2=1002  Y= 963 Y2=1023 P1=1023 P2=   0 T1=1023 T2= 887  P= 534  D=   1 
 X= 303 X2= 305  Y= 728 Y2= 723 P1= 914 P2= 163 T1=  98 T2=  32  P= 534  D=   1 
 X= 235 X2= 238  Y= 696 Y2= 692 P1= 861 P2= 228 T1=  24 T2=  23  P= 655  D=   1 * 0
 X= 249 X2= 248  Y= 701 Y2= 696 P1= 889 P2= 191 T1=  37 T2=  29  P= 655  D=   1 
 X= 236 X2= 238  Y= 696 Y2= 691 P1= 858 P2= 231 T1=  23 T2=  23  P= 643  D=   1 * 0
 X= 230 X2= 238  Y= 696 Y2= 692 P1= 861 P2= 225 T1=  24 T2=  23  P= 661  D=   1 * 0
 X= 236 X2= 239  Y= 696 Y2= 692 P1= 860 P2= 227 T1=  24 T2=  24  P= 660  D=   1 * 1
 X= 237 X2= 239  Y= 696 Y2= 692 P1= 861 P2= 227 T1=  23 T2=  24  P= 664  D=   1 * 2
 X= 237 X2= 238  Y= 696 Y2= 692 P1= 861 P2= 228 T1=  24 T2=  24  P= 657  D=   1 * 3
 X= 236 X2= 238  Y= 696 Y2= 691 P1= 859 P2= 230 T1=  23 T2=  23  P= 647  D=   1 * 4
 X= 236 X2= 239  Y= 696 Y2= 691 P1= 858 P2= 232 T1=  23 T2=  23  P= 639  D=   1 * 5
 X= 237 X2= 238  Y= 695 Y2= 691 P1= 858 P2= 232 T1=  23 T2=  23  P= 639  D=   1 * 6
 X= 237 X2= 238  Y= 695 Y2= 691 P1= 859 P2= 230 T1=  23 T2=  23  P= 647  D=   1 * 7
 X= 235 X2= 238  Y= 695 Y2= 691 P1= 856 P2= 233 T1=  23 T2=  23  P= 630  D=   1 * 8
 X= 236 X2= 239  Y= 695 Y2= 691 P1= 856 P2= 235 T1=  23 T2=  23  P= 626  D=   1 * 9
 X= 236 X2= 237  Y= 697 Y2= 691 P1= 855 P2= 236 T1=  22 T2=  22  P= 618  D=   1 * 10
 X= 236 X2= 238  Y= 695 Y2= 691 P1= 854 P2= 236 T1=  23 T2=  22  P= 620  D=   1 * 11
 X= 236 X2= 242  Y= 695 Y2= 691 P1= 854 P2= 236 T1=  23 T2=  23  P= 625  D=   1 * 12
 X= 236 X2= 238  Y= 695 Y2= 691 P1= 854 P2= 236 T1=  23 T2=  23  P= 620  D=   1 * 13
 X= 235 X2= 238  Y= 695 Y2= 691 P1= 855 P2= 236 T1=  22 T2=  23  P= 618  D=   1 * 14
 X= 237 X2= 238  Y= 695 Y2= 691 P1= 855 P2= 235 T1=  22 T2=  23  P= 625  D=   1 * 15
 X= 236 X2= 238  Y= 696 Y2= 690 P1= 855 P2= 236 T1=  22 T2=  23  P= 621  D=   1 * 16
 X= 236 X2= 238  Y= 696 Y2= 691 P1= 854 P2= 236 T1=  22 T2=  22  P= 620  D=   1 * 17
 X= 236 X2= 238  Y= 696 Y2= 691 P1= 855 P2= 236 T1=  22 T2=  23  P= 621  D=   1 * 18
 X= 236 X2= 233  Y= 695 Y2= 691 P1= 852 P2= 237 T1=  23 T2=  23  P= 606  D=   1 * 19
 X= 236 X2= 238  Y= 695 Y2= 691 P1= 854 P2= 237 T1=  22 T2=  23  P= 616  D=   1 * 20
 X= 233 X2= 239  Y= 695 Y2= 691 P1= 855 P2= 237 T1=  23 T2=  22  P= 615  D=   1 * 21
 X= 236 X2= 238  Y= 696 Y2= 691 P1= 855 P2= 237 T1=  22 T2=  23  P= 617  D=   1 * 22
 X= 236 X2= 238  Y= 696 Y2= 691 P1= 854 P2= 237 T1=  23 T2=  22  P= 616  D=   1 * 23
 X= 236 X2= 238  Y= 696 Y2= 691 P1= 854 P2= 237 T1=  22 T2=  23  P= 616  D=   1 * 24
Remove Pin
 X= 236 X2= 238  Y= 695 Y2= 691 P1= 854 P2= 237 T1=  23 T2=  22  P= 616  D=   1 * 24
 X= 236 X2= 238  Y= 695 Y2= 691 P1= 854 P2= 237 T1=  22 T2=  23  P= 616  D=   1 * 24
 X= 237 X2= 238  Y= 695 Y2= 691 P1= 854 P2= 237 T1=  23 T2=  22  P= 616  D=   1 * 24
 X= 235 X2= 238  Y= 695 Y2= 690 P1= 855 P2= 236 T1=  23 T2=  22  P= 618  D=   1 * 24
 X= 236 X2= 238  Y= 696 Y2= 691 P1= 855 P2= 236 T1=  23 T2=  23  P= 621  D=   1 * 24
 X= 241 X2= 237  Y= 696 Y2= 691 P1= 854 P2= 238 T1=  22 T2=  22  P= 618  D=   1 * 24
 X= 236 X2= 238  Y= 695 Y2= 690 P1= 855 P2= 237 T1=  23 T2=  22  P= 617  D=   1 * 24
 X= 235 X2= 238  Y= 695 Y2= 690 P1= 855 P2= 237 T1=  24 T2=  22  P= 615  D=   1 * 24
 X= 236 X2= 237  Y= 695 Y2= 691 P1= 855 P2= 237 T1=  23 T2=  22  P= 615  D=   1 * 24
 X= 246 X2= 238  Y= 694 Y2= 691 P1= 854 P2= 236 T1=  22 T2=  22  P= 633  D=   1 * 24
 X= 236 X2= 238  Y= 695 Y2= 691 P1= 854 P2= 238 T1=  22 T2=  22  P= 613  D=   1 * 24
 X= 236 X2= 238  Y= 695 Y2= 692 P1= 854 P2= 237 T1=  23 T2=  23  P= 616  D=   1 * 24
 X= 236 X2= 238  Y= 695 Y2= 691 P1= 854 P2= 237 T1=  23 T2=  23  P= 616  D=   1 * 24
 X= 236 X2= 238  Y= 695 Y2= 691 P1= 854 P2= 237 T1=  22 T2=  22  P= 616  D=   1 * 24
 X= 236 X2= 238  Y= 697 Y2= 690 P1= 854 P2= 237 T1=  23 T2=  23  P= 616  D=   1 * 24
 X= 236 X2= 239  Y= 696 Y2= 690 P1= 855 P2= 236 T1=  22 T2=  22  P= 621  D=   1 * 24
 X= 238 X2= 237  Y= 696 Y2= 689 P1= 854 P2= 237 T1=  22 T2=  23  P= 616  D=   1 * 24
 X= 236 X2= 238  Y= 694 Y2= 691 P1= 855 P2= 238 T1=  23 T2=  22  P= 614  D=   1 * 24
 X= 234 X2= 238  Y= 696 Y2= 691 P1= 854 P2= 237 T1=  22 T2=  22  P= 614  D=   1 * 24
 X= 235 X2= 239  Y= 695 Y2= 691 P1= 855 P2= 237 T1=  23 T2=  23  P= 617  D=   1 * 24
 X= 237 X2= 238  Y= 695 Y2= 690 P1= 854 P2= 238 T1=  23 T2=  23  P= 613  D=   1 * 24
 X= 237 X2= 238  Y= 695 Y2= 691 P1= 854 P2= 237 T1=  23 T2=  22  P= 616  D=   1 * 24
 X= 236 X2= 238  Y= 696 Y2= 691 P1= 854 P2= 237 T1=  22 T2=  22  P= 616  D=   1 * 24
 X= 236 X2= 237  Y= 695 Y2= 691 P1= 854 P2= 237 T1=  22 T2=  23  P= 614  D=   1 * 24
 X= 236 X2= 239  Y= 694 Y2= 690 P1= 854 P2= 238 T1=  23 T2=  21  P= 613  D=   1 * 24
 X= 236 X2= 237  Y= 695 Y2= 691 P1= 854 P2= 237 T1=  23 T2=  22  P= 614  D=   1 * 24
 X= 235 X2= 239  Y= 695 Y2= 690 P1= 854 P2= 238 T1=  23 T2=  23  P= 613  D=   1 * 24
 X= 236 X2= 238  Y= 695 Y2= 691 P1= 854 P2= 238 T1=  22 T2=  22  P= 613  D=   1 * 24
 X= 236 X2= 239  Y= 695 Y2= 691 P1= 854 P2= 237 T1=  23 T2=  22  P= 616  D=   1 * 24
 X= 236 X2= 236  Y= 695 Y2= 690 P1= 854 P2= 237 T1=  22 T2=  21  P= 614  D=   1 * 24
 X= 236 X2= 237  Y= 695 Y2= 691 P1= 850 P2= 242 T1=  22 T2=  23  P= 592  D=   1 * 24
 X= 233 X2= 236  Y= 695 Y2= 689 P1= 850 P2= 241 T1=  22 T2=  23  P= 591  D=   1 * 24
 X= 243 X2= 244  Y= 699 Y2= 696 P1= 895 P2= 171 T1=  32 T2=  39  P= 591  D=   1 
 X= 897 X2=1023  Y= 980 Y2=1022 P1=1023 P2=   0 T1=1023 T2= 879  P= 591  D=   1 
 X= 853 X2=1013  Y= 978 Y2=1023 P1=1023 P2=   0 T1=1023 T2= 909  P= 591  D=   1 
 X= 817 X2=1023  Y= 979 Y2=1023 P1=1023 P2=   0 T1=1023 T2= 899  P= 591  D=   1 
Target Noise  x= 2.50 y= 2.50
X[0]: Target= 23   239/ 241/ 243 Stdev= 0.98 N= 24  Y[0]: Target= 22   356/ 357/ 359 Stdev= 0.75 N= 24
X[1]: Target=456   813/ 814/ 814 Stdev= 0.32 N= 24  Y[1]: Target= 22   351/ 352/ 353 Stdev= 0.56 N= 24
X[2]: Target=456   813/ 814/ 814 Stdev= 0.37 N= 24  Y[2]: Target=249   693/ 693/ 694 Stdev= 0.20 N= 24
X[3]: Target= 23   234/ 237/ 239 Stdev= 1.00 N= 24  Y[3]: Target=249   693/ 693/ 694 Stdev= 0.40 N= 24
N=24 Avg=26
min: 25 26 26 26 26 26 
max: 29 29 28 28 28 28 
N=24 Avg=16
min: 15 16 16 16 16 16 
max: 18 17 17 17 16 16 
N=24 Avg=16
min: 16 16 16 16 16 16 
max: 18 18 18 17 17 17 
N=24 Avg=22
min: 22 22 22 22 22 22 
max: 24 24 23 23 23 23 
Using TNT center offset = 21
TNT Plane Coef: a=-1026 b= -388 c= 743549
At  241, 356: Real=  28 Fit=  26 Offset=   5
At  813, 351: Real=  16 Fit=  19 Offset=  -2
At  813, 693: Real=  17 Fit=  17 Offset=  -4
At  236, 693: Real=  23 Fit=  25 Offset=   4
Fit Corners: 30, 15, 13, 28  Center: 21
Setting for min_tnt_up:   522
Setting for max_tnt_down: 26 (V2:39)
Entering calib_pressure_mfg
Using default pressure curve
468 471 487 495 509 524 553 575 612 
Summary:
Setting for max_tnt_down:      26
3.7 setting for max_tnt_down:     -1
Setting for min_tnt_up:       522
Setting for max_delta_tnt:      5
3.8 setting for max_delta_tnt:     -1
Setting for delay_in_us:        1
Setting for y_delay_in_us:      1
Setting for tnt_delay_in_us:    1
Setting for pressure_curve:  468 471 487 495 509 524 553 575 612
Setting for tnt_mode:           1
Setting for averaging:         -1
Setting for pointercal:      49616 736 -10712374 385 44150 -14368671 65536
Setting for tnt_plane:       -1026 -388 743549
