new-calib: New touch screen calibration program v3.13
Serial Number='15091E00010B060201C0'
Using tnt_mode=1
Setting for delay_in_us:        1
Setting for y_delay_in_us:      1
Setting for tnt_delay_in_us:    1
Setting for max_delta_tnt:      5
Setting for tnt_mode:           1
Setting for averaging:         -1
Entering get_five_points
target_noise  x= 2.50 y= 2.50 t= 2.50
target state=0 point=240,136
 X= 951 X2=  -1  Y= 965 Y2=  -1 P1=  -1 P2=  -1 T1=  -1 T2= 891  P=  -1  D=  -1 * 0
 X= 894 X2=1021  Y= 986 Y2=  -1 P1=  -1 P2=  -1 T1=1021 T2= 909  P=  -1  D=  -1 
 X= 851 X2=1023  Y= 974 Y2=1022 P1=  -1 P2=  -1 T1=1023 T2= 930  P=  -1  D=  -1 
 X= 951 X2=1023  Y= 992 Y2=1023 P1=  -1 P2=  -1 T1=1021 T2= 923  P=  -1  D=  -1 
 X= 950 X2=1023  Y= 984 Y2=1023 P1=  -1 P2=  -1 T1=1021 T2= 935  P=  -1  D=  -1 
 X= 872 X2=1018  Y= 982 Y2=1023 P1=  -1 P2=  -1 T1=1021 T2= 915  P=  -1  D=  -1 
 X= 891 X2=1018  Y= 981 Y2=1023 P1=  -1 P2=  -1 T1=1023 T2= 922  P=  -1  D=  -1 
 X= 957 X2=1023  Y= 983 Y2=1021 P1=  -1 P2=  -1 T1=1023 T2= 935  P=  -1  D=  -1 
 X=1023 X2= 991  Y= 992 Y2=1021 P1=  -1 P2=  -1 T1=1023 T2= 922  P=  -1  D=  -1 
 X=1005 X2=1008  Y= 990 Y2=1023 P1=  -1 P2=  -1 T1=1023 T2= 942  P=  -1  D=  -1 
 X=1023 X2=1009  Y= 981 Y2=1023 P1=  -1 P2=  -1 T1=1021 T2= 926  P=  -1  D=  -1 
 X= 967 X2= 996  Y= 987 Y2=1023 P1=  -1 P2=  -1 T1=1021 T2= 925  P=  -1  D=  -1 
 X= 830 X2=1023  Y= 980 Y2=1020 P1=  -1 P2=  -1 T1=1021 T2= 927  P=  -1  D=  -1 
 X= 841 X2=1023  Y= 986 Y2=1023 P1=  -1 P2=  -1 T1=1023 T2= 932  P=  -1  D=  -1 
 X= 925 X2=1023  Y= 997 Y2=1023 P1=  -1 P2=  -1 T1=1023 T2= 929  P=  -1  D=  -1 
 X= 986 X2=1015  Y= 975 Y2=1023 P1=  -1 P2=  -1 T1=1020 T2= 919  P=  -1  D=  -1 
 X= 825 X2=1023  Y= 980 Y2=1021 P1=  -1 P2=  -1 T1=1023 T2= 916  P=  -1  D=  -1 
 X=1014 X2=1014  Y= 991 Y2=1023 P1=  -1 P2=  -1 T1=1023 T2= 926  P=  -1  D=  -1 
 X=1008 X2= 995  Y= 982 Y2=1021 P1=  -1 P2=  -1 T1=1023 T2= 926  P=  -1  D=  -1 
 X= 855 X2=1023  Y= 996 Y2=1021 P1=  -1 P2=  -1 T1=1021 T2= 916  P=  -1  D=  -1 
 X= 973 X2=1021  Y= 982 Y2=1020 P1=  -1 P2=  -1 T1=1023 T2= 919  P=  -1  D=  -1 
 X= 938 X2=1022  Y= 982 Y2=1023 P1=  -1 P2=  -1 T1=1023 T2= 927  P=  -1  D=  -1 
 X= 816 X2=1023  Y= 982 Y2=1023 P1=  -1 P2=  -1 T1=1023 T2= 925  P=  -1  D=  -1 
 X= 892 X2=1023  Y= 984 Y2=1023 P1=  -1 P2=  -1 T1=1021 T2= 894  P=  -1  D=  -1 
 X= 889 X2=1022  Y= 966 Y2=1022 P1=  -1 P2=  -1 T1=1023 T2= 927  P=  -1  D=  -1 
 X= 890 X2=1018  Y= 979 Y2=1023 P1=  -1 P2=  -1 T1=1022 T2= 935  P=  -1  D=  -1 
 X= 966 X2=1023  Y= 974 Y2=1023 P1=  -1 P2=  -1 T1=1023 T2= 946  P=  -1  D=  -1 
 X= 894 X2=1023  Y= 991 Y2=1023 P1=  -1 P2=  -1 T1=1020 T2= 929  P=  -1  D=  -1 
 X=1011 X2=1002  Y= 984 Y2=1023 P1=  -1 P2=  -1 T1=1023 T2= 914  P=  -1  D=  -1 
 X= 929 X2=1023  Y= 987 Y2=1023 P1=  -1 P2=  -1 T1=1023 T2= 930  P=  -1  D=  -1 
 X= 945 X2=1023  Y= 980 Y2=1021 P1=  -1 P2=  -1 T1=1023 T2= 892  P=  -1  D=  -1 
 X= 794 X2=1023  Y= 989 Y2=1021 P1=  -1 P2=  -1 T1=1023 T2= 910  P=  -1  D=  -1 
 X= 897 X2=1023  Y= 984 Y2=1022 P1=  -1 P2=  -1 T1=1023 T2= 932  P=  -1  D=  -1 
 X=1021 X2=1004  Y= 986 Y2=1022 P1=  -1 P2=  -1 T1=1023 T2= 909  P=  -1  D=  -1 
 X= 871 X2=1022  Y= 993 Y2=1023 P1=  -1 P2=  -1 T1=1022 T2= 916  P=  -1  D=  -1 
 X= 981 X2=1006  Y= 986 Y2=1023 P1=  -1 P2=  -1 T1=1023 T2=1013  P=  -1  D=  -1 
 X= 998 X2=1015  Y= 974 Y2=1020 P1=  -1 P2=  -1 T1=1021 T2= 919  P=  -1  D=  -1 
 X=1009 X2= 992  Y= 989 Y2=1021 P1=  -1 P2=  -1 T1=1023 T2= 920  P=  -1  D=  -1 
 X= 999 X2=1015  Y= 993 Y2=1021 P1=  -1 P2=  -1 T1=1023 T2= 908  P=  -1  D=  -1 
 X= 958 X2=1000  Y= 964 Y2=1023 P1=  -1 P2=  -1 T1=1023 T2= 899  P=  -1  D=  -1 
 X= 956 X2=1022  Y= 998 Y2=1020 P1=  -1 P2=  -1 T1=1023 T2= 935  P=  -1  D=  -1 
 X= 861 X2=1023  Y= 983 Y2=1020 P1=  -1 P2=  -1 T1=1023 T2= 945  P=  -1  D=  -1 
 X= 897 X2=1023  Y= 977 Y2=1023 P1=  -1 P2=  -1 T1=1023 T2= 921  P=  -1  D=  -1 
 X= 985 X2=1016  Y= 989 Y2=1020 P1=  -1 P2=  -1 T1=1021 T2= 917  P=  -1  D=  -1 
 X= 983 X2=1015  Y= 976 Y2=1023 P1=  -1 P2=  -1 T1=1023 T2= 938  P=  -1  D=  -1 
 X= 943 X2=1004  Y= 982 Y2=1023 P1=  -1 P2=  -1 T1=1023 T2= 914  P=  -1  D=  -1 
 X= 944 X2=1018  Y= 985 Y2=1021 P1=  -1 P2=  -1 T1=1023 T2= 935  P=  -1  D=  -1 
 X= 860 X2=1023  Y= 976 Y2=1023 P1=  -1 P2=  -1 T1=1023 T2= 921  P=  -1  D=  -1 
 X= 940 X2=1023  Y= 987 Y2=1023 P1=  -1 P2=  -1 T1=1021 T2= 926  P=  -1  D=  -1 
 X= 957 X2=1023  Y= 991 Y2=1023 P1=  -1 P2=  -1 T1=1021 T2= 964  P=  -1  D=  -1 
 X= 965 X2=1023  Y= 989 Y2=1020 P1=  -1 P2=  -1 T1=1023 T2= 922  P=  -1  D=  -1 
 X= 807 X2=1023  Y= 982 Y2=1020 P1=  -1 P2=  -1 T1=1021 T2= 929  P=  -1  D=  -1 
 X= 948 X2=1023  Y= 972 Y2=1020 P1=  -1 P2=  -1 T1=1022 T2= 918  P=  -1  D=  -1 
 X= 908 X2=1019  Y= 990 Y2=1021 P1=  -1 P2=  -1 T1=1023 T2= 918  P=  -1  D=  -1 
 X= 946 X2=1015  Y= 976 Y2=1023 P1=  -1 P2=  -1 T1=1021 T2= 935  P=  -1  D=  -1 
 X= 949 X2=1014  Y= 986 Y2=1021 P1=  -1 P2=  -1 T1=1021 T2= 939  P=  -1  D=  -1 
 X= 965 X2=1022  Y= 987 Y2=1023 P1=  -1 P2=  -1 T1=1023 T2= 953  P=  -1  D=  -1 
 X= 981 X2=1020  Y= 990 Y2=1020 P1=  -1 P2=  -1 T1=1020 T2= 924  P=  -1  D=  -1 
 X=1023 X2=1004  Y= 980 Y2=1023 P1=  -1 P2=  -1 T1=1021 T2= 927  P=  -1  D=  -1 
 X= 868 X2=1023  Y= 981 Y2=1021 P1=  -1 P2=  -1 T1=1021 T2= 917  P=  -1  D=  -1 
 X= 882 X2=1023  Y= 988 Y2=1021 P1=  -1 P2=  -1 T1=1023 T2= 928  P=  -1  D=  -1 
 X=1023 X2=1010  Y= 983 Y2=1021 P1=  -1 P2=  -1 T1=1023 T2= 920  P=  -1  D=  -1 
 X=1007 X2=1005  Y= 994 Y2=1020 P1=  -1 P2=  -1 T1=1023 T2= 929  P=  -1  D=  -1 
 X= 969 X2=1022  Y= 990 Y2=1023 P1=  -1 P2=  -1 T1=1022 T2= 919  P=  -1  D=  -1 
 X=1023 X2=1009  Y= 979 Y2=1020 P1=  -1 P2=  -1 T1=1020 T2= 909  P=  -1  D=  -1 
 X= 946 X2= 995  Y= 983 Y2=1023 P1=  -1 P2=  -1 T1=1021 T2= 916  P=  -1  D=  -1 
 X= 902 X2=1023  Y= 989 Y2=1022 P1=  -1 P2=  -1 T1=1023 T2= 918  P=  -1  D=  -1 
 X=1018 X2=1023  Y=1022 Y2=1023 P1=  -1 P2=  -1 T1=1022 T2=1020  P=  -1  D=  -1 
 X= 940 X2=1023  Y= 990 Y2=1023 P1=  -1 P2=  -1 T1=1023 T2= 926  P=  -1  D=  -1 
 X= 855 X2=1023  Y= 976 Y2=1020 P1=  -1 P2=  -1 T1=1020 T2= 925  P=  -1  D=  -1 
 X= 994 X2= 998  Y= 987 Y2=1021 P1=  -1 P2=  -1 T1=1023 T2= 928  P=  -1  D=  -1 
 X= 981 X2=1022  Y= 988 Y2=1023 P1=  -1 P2=  -1 T1=1023 T2= 927  P=  -1  D=  -1 
 X= 964 X2=1023  Y= 987 Y2=1022 P1=  -1 P2=  -1 T1=1021 T2= 930  P=  -1  D=  -1 
 X=1023 X2=1000  Y= 985 Y2=1023 P1=  -1 P2=  -1 T1=1021 T2= 909  P=  -1  D=  -1 
 X=1023 X2=1014  Y= 987 Y2=1023 P1=  -1 P2=  -1 T1=1020 T2= 926  P=  -1  D=  -1 
 X= 947 X2=1023  Y= 993 Y2=1020 P1=  -1 P2=  -1 T1=1023 T2= 903  P=  -1  D=  -1 
 X= 904 X2=1023  Y= 992 Y2=1023 P1=  -1 P2=  -1 T1=1023 T2= 930  P=  -1  D=  -1 
 X= 789 X2=1023  Y= 996 Y2=1023 P1=  -1 P2=  -1 T1=1023 T2= 917  P=  -1  D=  -1 
 X= 866 X2=1019  Y= 975 Y2=1022 P1=  -1 P2=  -1 T1=1023 T2= 916  P=  -1  D=  -1 
 X= 964 X2=1023  Y= 982 Y2=1018 P1=  -1 P2=  -1 T1=1021 T2= 909  P=  -1  D=  -1 
 X=1013 X2= 999  Y= 985 Y2=1021 P1=  -1 P2=  -1 T1=1023 T2= 946  P=  -1  D=  -1 
 X=1014 X2= 996  Y= 985 Y2=1023 P1=  -1 P2=  -1 T1=1023 T2= 884  P=  -1  D=  -1 
 X= 928 X2=1023  Y= 988 Y2=1021 P1=  -1 P2=  -1 T1=1021 T2= 928  P=  -1  D=  -1 
 X= 947 X2=1023  Y= 981 Y2=1022 P1=  -1 P2=  -1 T1=1020 T2= 937  P=  -1  D=  -1 
 X= 948 X2=1022  Y= 982 Y2=1022 P1=  -1 P2=  -1 T1=1023 T2= 930  P=  -1  D=  -1 
 X= 923 X2=1021  Y= 992 Y2=1020 P1=  -1 P2=  -1 T1=1022 T2= 931  P=  -1  D=  -1 
 X= 801 X2=1023  Y= 993 Y2=1021 P1=  -1 P2=  -1 T1=1021 T2= 923  P=  -1  D=  -1 
 X= 904 X2=1017  Y= 981 Y2=1023 P1=  -1 P2=  -1 T1=1023 T2= 934  P=  -1  D=  -1 
 X= 985 X2=1015  Y= 970 Y2=1021 P1=  -1 P2=  -1 T1=1023 T2= 937  P=  -1  D=  -1 
 X= 969 X2= 988  Y= 986 Y2=1023 P1=  -1 P2=  -1 T1=1022 T2= 913  P=  -1  D=  -1 
 X=1021 X2=1017  Y= 983 Y2=1022 P1=  -1 P2=  -1 T1=1023 T2= 907  P=  -1  D=  -1 
 X= 861 X2=1022  Y= 987 Y2=1023 P1=  -1 P2=  -1 T1=1023 T2= 923  P=  -1  D=  -1 
 X= 965 X2=1023  Y= 988 Y2=1020 P1=  -1 P2=  -1 T1=1022 T2= 873  P=  -1  D=  -1 
 X=1023 X2=1016  Y= 983 Y2=1020 P1=  -1 P2=  -1 T1=1023 T2= 945  P=  -1  D=  -1 
 X= 917 X2=1023  Y= 988 Y2=1023 P1=  -1 P2=  -1 T1=1022 T2= 904  P=  -1  D=  -1 
 X= 863 X2=1023  Y= 976 Y2=1023 P1=  -1 P2=  -1 T1=1022 T2= 919  P=  -1  D=  -1 
 X=1011 X2= 996  Y= 981 Y2=1023 P1=  -1 P2=  -1 T1=1022 T2= 924  P=  -1  D=  -1 
 X= 933 X2=1023  Y= 992 Y2=1023 P1=  -1 P2=  -1 T1=1023 T2= 936  P=  -1  D=  -1 
 X= 963 X2=1020  Y= 977 Y2=1022 P1=  -1 P2=  -1 T1=1023 T2= 930  P=  -1  D=  -1 
 X= 957 X2= 995  Y= 986 Y2=1021 P1=  -1 P2=  -1 T1=1022 T2= 937  P=  -1  D=  -1 
 X=1023 X2= 997  Y= 999 Y2=1021 P1=  -1 P2=  -1 T1=1023 T2= 932  P=  -1  D=  -1 
 X= 937 X2=1023  Y= 991 Y2=1020 P1=  -1 P2=  -1 T1=1021 T2= 935  P=  -1  D=  -1 
 X= 937 X2=1021  Y=1015 Y2=1023 P1=  -1 P2=  -1 T1=1021 T2= 949  P=  -1  D=  -1 
 X= 947 X2=1019  Y= 982 Y2=1020 P1=  -1 P2=  -1 T1=1023 T2= 931  P=  -1  D=  -1 
 X= 939 X2=1023  Y= 984 Y2=1023 P1=  -1 P2=  -1 T1=1023 T2= 931  P=  -1  D=  -1 
 X=1000 X2=1004  Y= 989 Y2=1023 P1=  -1 P2=  -1 T1=1021 T2= 924  P=  -1  D=  -1 
 X=1014 X2= 998  Y= 980 Y2=1023 P1=  -1 P2=  -1 T1=1021 T2= 936  P=  -1  D=  -1 
 X= 987 X2=1014  Y= 983 Y2=1022 P1=  -1 P2=  -1 T1=1023 T2= 922  P=  -1  D=  -1 
 X=1023 X2=1003  Y= 977 Y2=1023 P1=  -1 P2=  -1 T1=1023 T2= 918  P=  -1  D=  -1 
 X= 963 X2= 995  Y= 983 Y2=1022 P1=  -1 P2=  -1 T1=1023 T2= 929  P=  -1  D=  -1 
 X= 850 X2=1023  Y= 985 Y2=1020 P1=  -1 P2=  -1 T1=1023 T2= 936  P=  -1  D=  -1 
 X= 882 X2=1023  Y= 993 Y2=1023 P1=  -1 P2=  -1 T1=1021 T2= 935  P=  -1  D=  -1 
 X= 971 X2=1015  Y= 987 Y2=1021 P1=  -1 P2=  -1 T1=1023 T2= 924  P=  -1  D=  -1 
 X= 900 X2=1021  Y= 984 Y2=1020 P1=  -1 P2=  -1 T1=1020 T2= 937  P=  -1  D=  -1 
 X= 961 X2=1023  Y= 984 Y2=1023 P1=  -1 P2=  -1 T1=1023 T2= 926  P=  -1  D=  -1 
 X=1010 X2=1007  Y= 978 Y2=1021 P1=  -1 P2=  -1 T1=1023 T2= 932  P=  -1  D=  -1 
 X= 983 X2=1004  Y= 976 Y2=1023 P1=  -1 P2=  -1 T1=1021 T2= 940  P=  -1  D=  -1 
 X= 925 X2=1023  Y= 985 Y2=1020 P1=  -1 P2=  -1 T1=1022 T2= 923  P=  -1  D=  -1 
 X= 976 X2=1021  Y= 982 Y2=1021 P1=  -1 P2=  -1 T1=1021 T2= 937  P=  -1  D=  -1 
 X= 839 X2=1023  Y= 989 Y2=1021 P1=  -1 P2=  -1 T1=1023 T2= 931  P=  -1  D=  -1 
 X= 865 X2=1023  Y= 994 Y2=1020 P1=  -1 P2=  -1 T1=1021 T2= 939  P=  -1  D=  -1 
 X= 917 X2=1023  Y= 986 Y2=1022 P1=  -1 P2=  -1 T1=1021 T2= 942  P=  -1  D=  -1 
 X= 894 X2=1018  Y= 988 Y2=1020 P1=  -1 P2=  -1 T1=1022 T2= 935  P=  -1  D=  -1 
 X= 930 X2=1019  Y= 986 Y2=1023 P1=  -1 P2=  -1 T1=1022 T2= 935  P=  -1  D=  -1 
 X=1023 X2=1007  Y= 986 Y2=1020 P1=  -1 P2=  -1 T1=1022 T2= 921  P=  -1  D=  -1 
 X=1023 X2=1014  Y= 981 Y2=1021 P1=  -1 P2=  -1 T1=1023 T2= 914  P=  -1  D=  -1 
 X= 917 X2=1023  Y= 981 Y2=1023 P1=  -1 P2=  -1 T1=1023 T2= 923  P=  -1  D=  -1 
 X=1023 X2=1013  Y= 978 Y2=1020 P1=  -1 P2=  -1 T1=1021 T2= 922  P=  -1  D=  -1 
 X= 974 X2=1023  Y= 992 Y2=1021 P1=  -1 P2=  -1 T1=1023 T2= 922  P=  -1  D=  -1 
 X= 915 X2=1023  Y= 982 Y2=1023 P1=  -1 P2=  -1 T1=1023 T2= 920  P=  -1  D=  -1 
 X= 874 X2=1023  Y= 985 Y2=1021 P1=  -1 P2=  -1 T1=1023 T2= 923  P=  -1  D=  -1 
 X=1006 X2=1004  Y= 989 Y2=1022 P1=  -1 P2=  -1 T1=1021 T2= 917  P=  -1  D=  -1 
 X= 878 X2=1020  Y= 989 Y2=1023 P1=  -1 P2=  -1 T1=1021 T2= 923  P=  -1  D=  -1 
 X= 967 X2=1023  Y= 995 Y2=1021 P1=  -1 P2=  -1 T1=1022 T2= 922  P=  -1  D=  -1 
 X=1023 X2=1002  Y= 991 Y2=1023 P1=  -1 P2=  -1 T1=1020 T2= 928  P=  -1  D=  -1 
 X=1023 X2=1013  Y= 979 Y2=1023 P1=  -1 P2=  -1 T1=1023 T2= 917  P=  -1  D=  -1 
 X= 935 X2=1023  Y= 983 Y2=1021 P1=  -1 P2=  -1 T1=1021 T2= 921  P=  -1  D=  -1 
 X= 927 X2=1022  Y= 989 Y2=1020 P1=  -1 P2=  -1 T1=1023 T2= 940  P=  -1  D=  -1 
 X= 806 X2=1023  Y= 984 Y2=1023 P1=  -1 P2=  -1 T1=1021 T2= 924  P=  -1  D=  -1 
 X= 848 X2=1023  Y= 990 Y2=1020 P1=  -1 P2=  -1 T1=1023 T2= 914  P=  -1  D=  -1 
 X=1000 X2=1003  Y= 980 Y2=1023 P1=  -1 P2=  -1 T1=1023 T2= 923  P=  -1  D=  -1 
 X= 979 X2=1015  Y= 975 Y2=1021 P1=  -1 P2=  -1 T1=1021 T2= 926  P=  -1  D=  -1 
 X= 866 X2=1018  Y= 980 Y2=1023 P1=  -1 P2=  -1 T1=1020 T2= 927  P=  -1  D=  -1 
 X=1022 X2=1016  Y= 978 Y2=1023 P1=  -1 P2=  -1 T1=1022 T2= 936  P=  -1  D=  -1 
 X=1023 X2=1008  Y= 984 Y2=1023 P1=  -1 P2=  -1 T1=1021 T2= 915  P=  -1  D=  -1 
 X= 884 X2=1023  Y= 988 Y2=1021 P1=  -1 P2=  -1 T1=1023 T2= 887  P=  -1  D=  -1 
 X= 911 X2=1023  Y= 982 Y2=1021 P1=  -1 P2=  -1 T1=1023 T2= 915  P=  -1  D=  -1 
 X= 944 X2=1023  Y= 986 Y2=1020 P1=  -1 P2=  -1 T1=1021 T2= 922  P=  -1  D=  -1 
 X= 943 X2=1023  Y= 985 Y2=1022 P1=  -1 P2=  -1 T1=1023 T2= 944  P=  -1  D=  -1 
 X= 871 X2=1023  Y= 987 Y2=1021 P1=  -1 P2=  -1 T1=1023 T2= 906  P=  -1  D=  -1 
 X= 899 X2=1019  Y= 983 Y2=1022 P1=  -1 P2=  -1 T1=1023 T2= 913  P=  -1  D=  -1 
 X= 967 X2=1006  Y= 985 Y2=1023 P1=  -1 P2=  -1 T1=1023 T2= 918  P=  -1  D=  -1 
 X=1021 X2=1009  Y= 972 Y2=1021 P1=  -1 P2=  -1 T1=1021 T2= 927  P=  -1  D=  -1 
 X= 961 X2= 996  Y= 986 Y2=1021 P1=  -1 P2=  -1 T1=1023 T2= 917  P=  -1  D=  -1 
 X= 823 X2=1023  Y= 987 Y2=1021 P1=  -1 P2=  -1 T1=1021 T2= 914  P=  -1  D=  -1 
 X= 900 X2=1023  Y= 987 Y2=1019 P1=  -1 P2=  -1 T1=1023 T2= 934  P=  -1  D=  -1 
 X= 979 X2=1023  Y= 987 Y2=1023 P1=  -1 P2=  -1 T1=1023 T2= 938  P=  -1  D=  -1 
 X= 979 X2=1023  Y= 987 Y2=1019 P1=  -1 P2=  -1 T1=1021 T2= 928  P=  -1  D=  -1 
 X= 925 X2=1018  Y= 985 Y2=1021 P1=  -1 P2=  -1 T1=1023 T2= 887  P=  -1  D=  -1 
 X=1023 X2=1015  Y= 980 Y2=1023 P1=  -1 P2=  -1 T1=1020 T2= 926  P=  -1  D=  -1 
 X= 989 X2=1015  Y= 986 Y2=1021 P1=  -1 P2=  -1 T1=1023 T2= 924  P=  -1  D=  -1 
 X= 926 X2=1023  Y= 978 Y2=1021 P1=  -1 P2=  -1 T1=1021 T2= 935  P=  -1  D=  -1 
 X= 961 X2=1023  Y= 993 Y2=1023 P1=  -1 P2=  -1 T1=1023 T2= 915  P=  -1  D=  -1 
 X=1023 X2=1016  Y= 978 Y2=1023 P1=  -1 P2=  -1 T1=1018 T2= 912  P=  -1  D=  -1 
 X= 923 X2=1023  Y= 997 Y2=1023 P1=  -1 P2=  -1 T1=1023 T2= 934  P=  -1  D=  -1 
 X= 976 X2= 997  Y= 979 Y2=1023 P1=  -1 P2=  -1 T1=1023 T2= 911  P=  -1  D=  -1 
 X= 971 X2=1015  Y= 976 Y2=1019 P1=  -1 P2=  -1 T1=1023 T2= 904  P=  -1  D=  -1 
 X= 945 X2=1018  Y= 980 Y2=1023 P1=  -1 P2=  -1 T1=1023 T2= 930  P=  -1  D=  -1 
 X= 901 X2=1008  Y=1021 Y2=1021 P1=  -1 P2=  -1 T1=1021 T2=1023  P=  -1  D=  -1 
 X= 928 X2=1023  Y= 991 Y2=1023 P1=  -1 P2=  -1 T1=1023 T2= 925  P=  -1  D=  -1 
 X= 956 X2=1022  Y= 980 Y2=1023 P1=  -1 P2=  -1 T1=1019 T2= 936  P=  -1  D=  -1 
 X=1023 X2=1016  Y= 986 Y2=1022 P1=  -1 P2=  -1 T1=1020 T2= 935  P=  -1  D=  -1 
 X=1002 X2=1023  Y= 992 Y2=1021 P1=  -1 P2=  -1 T1=1020 T2= 922  P=  -1  D=  -1 
 X= 919 X2=1023  Y= 982 Y2=1020 P1=  -1 P2=  -1 T1=1022 T2= 932  P=  -1  D=  -1 
 X= 942 X2=1023  Y= 989 Y2=1019 P1=  -1 P2=  -1 T1=1021 T2= 923  P=  -1  D=  -1 
 X= 985 X2=1015  Y= 983 Y2=1023 P1=  -1 P2=  -1 T1=1023 T2= 942  P=  -1  D=  -1 
 X= 873 X2=1019  Y= 986 Y2=1021 P1=  -1 P2=  -1 T1=1018 T2= 911  P=  -1  D=  -1 
 X= 939 X2=1016  Y= 988 Y2=1021 P1=  -1 P2=  -1 T1=1023 T2= 935  P=  -1  D=  -1 
 X=1009 X2=1010  Y= 989 Y2=1023 P1=  -1 P2=  -1 T1=1021 T2= 920  P=  -1  D=  -1 
 X=1000 X2= 995  Y= 982 Y2=1022 P1=  -1 P2=  -1 T1=1023 T2= 902  P=  -1  D=  -1 
 X= 934 X2=1023  Y= 986 Y2=1023 P1=  -1 P2=  -1 T1=1023 T2= 939  P=  -1  D=  -1 
 X= 962 X2=1023  Y= 989 Y2=1021 P1=  -1 P2=  -1 T1=1023 T2= 920  P=  -1  D=  -1 
 X= 919 X2=1018  Y= 983 Y2=1023 P1=  -1 P2=  -1 T1=1021 T2= 922  P=  -1  D=  -1 
 X= 851 X2=1023  Y= 993 Y2=1020 P1=  -1 P2=  -1 T1=1023 T2= 916  P=  -1  D=  -1 
 X=1022 X2=1019  Y= 982 Y2=1023 P1=  -1 P2=  -1 T1=1021 T2= 918  P=  -1  D=  -1 
 X= 934 X2=1021  Y= 986 Y2=1021 P1=  -1 P2=  -1 T1=1022 T2= 916  P=  -1  D=  -1 
 X= 868 X2=1016  Y= 992 Y2=1023 P1=  -1 P2=  -1 T1=1020 T2= 920  P=  -1  D=  -1 
 X= 956 X2=1020  Y= 986 Y2=1023 P1=  -1 P2=  -1 T1=1021 T2= 923  P=  -1  D=  -1 
 X=1021 X2= 989  Y= 989 Y2=1021 P1=  -1 P2=  -1 T1=1023 T2= 926  P=  -1  D=  -1 
 X= 882 X2=1023  Y= 985 Y2=1021 P1=  -1 P2=  -1 T1=1023 T2= 929  P=  -1  D=  -1 
 X= 961 X2=1021  Y= 988 Y2=1020 P1=  -1 P2=  -1 T1=1022 T2= 932  P=  -1  D=  -1 
 X= 977 X2=1023  Y= 980 Y2=1023 P1=  -1 P2=  -1 T1=1022 T2= 937  P=  -1  D=  -1 
 X= 919 X2=1023  Y= 986 Y2=1023 P1=  -1 P2=  -1 T1=1023 T2= 917  P=  -1  D=  -1 
 X= 882 X2=1023  Y= 999 Y2=1023 P1=  -1 P2=  -1 T1=1023 T2= 929  P=  -1  D=  -1 
 X= 901 X2=1021  Y= 988 Y2=1023 P1=  -1 P2=  -1 T1=1023 T2= 942  P=  -1  D=  -1 
 X= 873 X2=1018  Y= 985 Y2=1020 P1=  -1 P2=  -1 T1=1023 T2= 910  P=  -1  D=  -1 
 X= 965 X2=1022  Y= 993 Y2=1021 P1=  -1 P2=  -1 T1=1023 T2= 919  P=  -1  D=  -1 
 X= 966 X2= 990  Y= 985 Y2=1023 P1=  -1 P2=  -1 T1=1023 T2= 899  P=  -1  D=  -1 
 X=1023 X2=1007  Y= 989 Y2=1023 P1=  -1 P2=  -1 T1=1023 T2= 937  P=  -1  D=  -1 
 X= 972 X2= 992  Y= 991 Y2=1023 P1=  -1 P2=  -1 T1=1023 T2= 925  P=  -1  D=  -1 
 X= 959 X2=1021  Y= 983 Y2=1020 P1=  -1 P2=  -1 T1=1022 T2= 899  P=  -1  D=  -1 
 X= 878 X2=1017  Y= 984 Y2=1021 P1=  -1 P2=  -1 T1=1022 T2= 912  P=  -1  D=  -1 
 X= 894 X2=1023  Y=1001 Y2=1022 P1=  -1 P2=  -1 T1=1020 T2= 946  P=  -1  D=  -1 
 X=1015 X2= 995  Y= 983 Y2=1023 P1=  -1 P2=  -1 T1=1023 T2= 932  P=  -1  D=  -1 
 X= 994 X2=1010  Y= 983 Y2=1023 P1=  -1 P2=  -1 T1=1021 T2= 935  P=  -1  D=  -1 
 X= 909 X2=1023  Y= 984 Y2=1021 P1=  -1 P2=  -1 T1=1023 T2= 900  P=  -1  D=  -1 
 X=1023 X2=1015  Y= 990 Y2=1021 P1=  -1 P2=  -1 T1=1020 T2= 914  P=  -1  D=  -1 
 X= 954 X2= 996  Y= 978 Y2=1022 P1=  -1 P2=  -1 T1=1023 T2= 931  P=  -1  D=  -1 
 X= 883 X2=1023  Y= 974 Y2=1020 P1=  -1 P2=  -1 T1=1020 T2= 940  P=  -1  D=  -1 
 X= 901 X2=1023  Y= 994 Y2=1023 P1=  -1 P2=  -1 T1=1023 T2= 940  P=  -1  D=  -1 
 X= 909 X2=1019  Y= 976 Y2=1021 P1=  -1 P2=  -1 T1=1021 T2= 930  P=  -1  D=  -1 
 X= 948 X2=1017  Y= 979 Y2=1022 P1=  -1 P2=  -1 T1=1023 T2= 918  P=  -1  D=  -1 
 X= 963 X2= 988  Y= 974 Y2=1023 P1=  -1 P2=  -1 T1=1022 T2= 916  P=  -1  D=  -1 
 X= 989 X2=1007  Y= 982 Y2=1022 P1=  -1 P2=  -1 T1=1021 T2= 947  P=  -1  D=  -1 
 X=1001 X2=1015  Y= 981 Y2=1021 P1=  -1 P2=  -1 T1=1023 T2= 937  P=  -1  D=  -1 
 X= 916 X2=1023  Y= 996 Y2=1021 P1=  -1 P2=  -1 T1=1023 T2= 913  P=  -1  D=  -1 
 X= 966 X2= 993  Y= 990 Y2=1020 P1=  -1 P2=  -1 T1=1021 T2= 942  P=  -1  D=  -1 
 X= 871 X2=1023  Y= 979 Y2=1019 P1=  -1 P2=  -1 T1=1021 T2= 914  P=  -1  D=  -1 
 X= 895 X2=1023  Y= 988 Y2=1021 P1=  -1 P2=  -1 T1=1022 T2= 938  P=  -1  D=  -1 
 X= 999 X2=1014  Y= 983 Y2=1023 P1=  -1 P2=  -1 T1=1023 T2= 933  P=  -1  D=  -1 
 X= 849 X2=1023  Y= 989 Y2=1021 P1=  -1 P2=  -1 T1=1022 T2= 915  P=  -1  D=  -1 
 X= 524 X2= 524  Y= 521 Y2= 520 P1= 810 P2= 411 T1=  17 T2=  17  P= 508  D=  -1 * 0
 X=1023 X2= 992  Y= 814 Y2= 676 P1= 877 P2= 311 T1=1021 T2=  23  P= 508  D=  -1 
 X= 525 X2= 524  Y= 521 Y2= 521 P1= 813 P2= 406 T1=  18 T2=  17  P= 525  D=  -1 * 0
 X= 524 X2= 524  Y= 520 Y2= 521 P1= 812 P2= 407 T1=  18 T2=  17  P= 521  D=  -1 * 0
 X= 528 X2= 525  Y= 521 Y2= 520 P1= 811 P2= 408 T1=  19 T2=  17  P= 519  D=  -1 * 1
 X= 524 X2= 524  Y= 521 Y2= 521 P1= 811 P2= 408 T1=  18 T2=  17  P= 517  D=  -1 * 2
 X= 526 X2= 524  Y= 521 Y2= 521 P1= 811 P2= 409 T1=  17 T2=  18  P= 515  D=  -1 * 3
 X= 525 X2= 524  Y= 522 Y2= 521 P1= 811 P2= 409 T1=  17 T2=  17  P= 514  D=  -1 * 4
 X= 524 X2= 524  Y= 521 Y2= 520 P1= 811 P2= 409 T1=  17 T2=  17  P= 514  D=  -1 * 5
 X= 523 X2= 524  Y= 520 Y2= 522 P1= 811 P2= 408 T1=  17 T2=  18  P= 516  D=  -1 * 6
 X= 525 X2= 524  Y= 520 Y2= 521 P1= 811 P2= 409 T1=  17 T2=  17  P= 514  D=  -1 * 7
 X= 525 X2= 524  Y= 521 Y2= 520 P1= 811 P2= 409 T1=  17 T2=  17  P= 514  D=  -1 * 8
 X= 524 X2= 524  Y= 520 Y2= 521 P1= 811 P2= 409 T1=  17 T2=  17  P= 514  D=  -1 * 9
 X= 526 X2= 525  Y= 520 Y2= 522 P1= 811 P2= 409 T1=  17 T2=  17  P= 515  D=  -1 * 10
 X= 524 X2= 524  Y= 520 Y2= 521 P1= 811 P2= 409 T1=  17 T2=  17  P= 514  D=  -1 * 11
 X= 523 X2= 524  Y= 520 Y2= 521 P1= 811 P2= 410 T1=  17 T2=  17  P= 511  D=  -1 * 12
 X= 524 X2= 524  Y= 521 Y2= 520 P1= 811 P2= 409 T1=  17 T2=  17  P= 514  D=  -1 * 13
 X= 525 X2= 525  Y= 520 Y2= 521 P1= 811 P2= 408 T1=  17 T2=  17  P= 518  D=  -1 * 14
 X= 524 X2= 524  Y= 521 Y2= 521 P1= 810 P2= 410 T1=  17 T2=  17  P= 510  D=  -1 * 15
 X= 525 X2= 524  Y= 520 Y2= 520 P1= 811 P2= 410 T1=  17 T2=  17  P= 512  D=  -1 * 16
 X= 525 X2= 524  Y= 521 Y2= 521 P1= 811 P2= 410 T1=  18 T2=  20  P= 512  D=  -1 * 17
 X= 525 X2= 524  Y= 521 Y2= 521 P1= 811 P2= 410 T1=  17 T2=  18  P= 512  D=  -1 * 18
 X= 525 X2= 526  Y= 521 Y2= 521 P1= 811 P2= 409 T1=  17 T2=  17  P= 515  D=  -1 * 19
 X= 524 X2= 526  Y= 520 Y2= 521 P1= 812 P2= 410 T1=  17 T2=  17  P= 514  D=  -1 * 20
 X= 524 X2= 523  Y= 521 Y2= 521 P1= 811 P2= 409 T1=  18 T2=  18  P= 513  D=  -1 * 21
 X= 525 X2= 524  Y= 521 Y2= 521 P1= 811 P2= 410 T1=  18 T2=  17  P= 512  D=  -1 * 22
 X= 524 X2= 524  Y= 520 Y2= 520 P1= 812 P2= 409 T1=  17 T2=  17  P= 516  D=  -1 * 23
 X= 524 X2= 525  Y= 521 Y2= 521 P1= 811 P2= 409 T1=  17 T2=  17  P= 514  D=  -1 * 24
Remove Pin
 X= 525 X2= 525  Y= 522 Y2= 521 P1= 811 P2= 410 T1=  17 T2=  17  P= 513  D=  -1 * 24
 X= 523 X2= 524  Y= 521 Y2= 521 P1= 811 P2= 409 T1=  17 T2=  17  P= 513  D=  -1 * 24
 X= 524 X2= 524  Y= 521 Y2= 520 P1= 812 P2= 410 T1=  18 T2=  17  P= 513  D=  -1 * 24
 X= 524 X2= 524  Y= 521 Y2= 521 P1= 811 P2= 409 T1=  17 T2=  17  P= 514  D=  -1 * 24
 X= 524 X2= 524  Y= 521 Y2= 521 P1= 811 P2= 409 T1=  17 T2=  17  P= 514  D=  -1 * 24
 X= 524 X2= 524  Y= 521 Y2= 520 P1= 812 P2= 410 T1=  17 T2=  17  P= 513  D=  -1 * 24
 X= 525 X2= 525  Y= 521 Y2= 521 P1= 812 P2= 409 T1=  17 T2=  17  P= 517  D=  -1 * 24
 X= 524 X2= 524  Y= 521 Y2= 521 P1= 811 P2= 409 T1=  18 T2=  17  P= 514  D=  -1 * 24
 X= 524 X2= 525  Y= 521 Y2= 521 P1= 811 P2= 409 T1=  17 T2=  17  P= 514  D=  -1 * 24
 X= 524 X2= 524  Y= 520 Y2= 521 P1= 811 P2= 409 T1=  19 T2=  17  P= 514  D=  -1 * 24
 X= 525 X2= 524  Y= 521 Y2= 521 P1= 812 P2= 410 T1=  17 T2=  17  P= 513  D=  -1 * 24
 X= 524 X2= 525  Y= 520 Y2= 521 P1= 811 P2= 409 T1=  17 T2=  17  P= 514  D=  -1 * 24
 X= 524 X2= 525  Y= 522 Y2= 521 P1= 811 P2= 409 T1=  19 T2=  18  P= 514  D=  -1 * 24
 X= 524 X2= 524  Y= 520 Y2= 521 P1= 811 P2= 409 T1=  18 T2=  18  P= 514  D=  -1 * 24
 X= 524 X2= 523  Y= 521 Y2= 521 P1= 811 P2= 409 T1=  17 T2=  17  P= 513  D=  -1 * 24
 X= 524 X2= 524  Y= 520 Y2= 521 P1= 811 P2= 409 T1=  16 T2=  17  P= 514  D=  -1 * 24
 X= 523 X2= 524  Y= 521 Y2= 520 P1= 811 P2= 409 T1=  17 T2=  17  P= 513  D=  -1 * 24
 X= 524 X2= 524  Y= 520 Y2= 522 P1= 810 P2= 409 T1=  17 T2=  18  P= 513  D=  -1 * 24
 X= 525 X2= 524  Y= 521 Y2= 521 P1= 811 P2= 410 T1=  16 T2=  18  P= 512  D=  -1 * 24
 X= 913 X2=1023  Y= 983 Y2=1021 P1=1023 P2=   0 T1=1023 T2= 915  P= 512  D=  -1 
 X= 903 X2=1018  Y=1020 Y2=1022 P1=1023 P2=   0 T1=1021 T2=1021  P= 512  D=  -1 
 X= 825 X2=1023  Y= 992 Y2=1021 P1=1023 P2=   0 T1=1022 T2= 929  P= 512  D=  -1 
target state=1 point=23,22
 X= 967 X2=1006  Y= 987 Y2=1020 P1=1023 P2=   0 T1=1023 T2= 899  P= 512  D=  -1 
 X= 915 X2=1023  Y= 997 Y2=1021 P1=1023 P2=   0 T1=1023 T2= 919  P= 512  D=  -1 
 X= 946 X2=1022  Y= 994 Y2=1023 P1=1023 P2=   0 T1=1021 T2= 929  P= 512  D=  -1 
 X= 875 X2=1023  Y= 983 Y2=1023 P1=1023 P2=   0 T1=1023 T2= 944  P= 512  D=  -1 
 X=1023 X2=1004  Y= 986 Y2=1023 P1=1023 P2=   0 T1=1023 T2= 948  P= 512  D=  -1 
 X= 865 X2=1018  Y= 984 Y2=1023 P1=1023 P2=   0 T1=1023 T2= 933  P= 512  D=  -1 
 X= 955 X2=1020  Y= 986 Y2=1023 P1=1023 P2=   0 T1=1023 T2= 938  P= 512  D=  -1 
 X= 935 X2=1023  Y= 994 Y2=1021 P1=1023 P2=   0 T1=1023 T2= 936  P= 512  D=  -1 
 X= 959 X2=1022  Y= 987 Y2=1022 P1=1023 P2=   0 T1=1022 T2= 918  P= 512  D=  -1 
 X= 826 X2=1023  Y= 990 Y2=1023 P1=1023 P2=   0 T1=1021 T2= 931  P= 512  D=  -1 
 X= 813 X2=1023  Y= 988 Y2=1023 P1=1023 P2=   0 T1=1020 T2= 915  P= 512  D=  -1 
 X=1004 X2= 997  Y= 985 Y2=1021 P1=1023 P2=   0 T1=1022 T2= 938  P= 512  D=  -1 
 X= 968 X2=1023  Y= 983 Y2=1020 P1=1023 P2=   0 T1=1023 T2= 927  P= 512  D=  -1 
 X= 929 X2=1019  Y= 983 Y2=1023 P1=1023 P2=   0 T1=1023 T2= 926  P= 512  D=  -1 
 X= 967 X2= 998  Y= 986 Y2=1021 P1=1023 P2=   0 T1=1021 T2= 930  P= 512  D=  -1 
 X=1023 X2=1016  Y= 982 Y2=1023 P1=1023 P2=   0 T1=1022 T2= 943  P= 512  D=  -1 
 X= 910 X2=1023  Y= 989 Y2=1021 P1=1023 P2=   0 T1=1023 T2= 928  P= 512  D=  -1 
 X= 938 X2=1023  Y= 992 Y2=1023 P1=1023 P2=   0 T1=1021 T2= 939  P= 512  D=  -1 
 X= 886 X2=1022  Y= 991 Y2=1023 P1=1023 P2=   0 T1=1021 T2= 922  P= 512  D=  -1 
 X= 846 X2=1023  Y= 980 Y2=1023 P1=1023 P2=   0 T1=1023 T2= 913  P= 512  D=  -1 
 X= 954 X2=1022  Y= 983 Y2=1021 P1=1023 P2=   0 T1=1021 T2= 913  P= 512  D=  -1 
 X= 995 X2= 996  Y= 983 Y2=1021 P1=1023 P2=   0 T1=1023 T2= 921  P= 512  D=  -1 
 X= 901 X2=1022  Y= 977 Y2=1023 P1=1023 P2=   0 T1=1021 T2= 915  P= 512  D=  -1 
 X= 955 X2= 999  Y= 988 Y2=1021 P1=1023 P2=   0 T1=1023 T2= 931  P= 512  D=  -1 
 X= 876 X2=1019  Y= 986 Y2=1023 P1=1023 P2=   0 T1=1022 T2= 938  P= 512  D=  -1 
 X=1023 X2= 997  Y= 994 Y2=1021 P1=1023 P2=   0 T1=1023 T2= 921  P= 512  D=  -1 
 X=1023 X2=1006  Y= 984 Y2=1020 P1=1023 P2=   0 T1=1021 T2= 931  P= 512  D=  -1 
 X= 894 X2=1021  Y= 989 Y2=1023 P1=1023 P2=   0 T1=1023 T2= 927  P= 512  D=  -1 
 X= 966 X2=1023  Y= 989 Y2=1023 P1=1023 P2=   0 T1=1021 T2= 944  P= 512  D=  -1 
 X= 892 X2=1023  Y= 984 Y2=1023 P1=1023 P2=   0 T1=1022 T2= 951  P= 512  D=  -1 
 X=1023 X2=1014  Y= 977 Y2=1020 P1=1023 P2=   0 T1=1022 T2= 920  P= 512  D=  -1 
 X= 956 X2=1023  Y= 994 Y2=1023 P1=1023 P2=   0 T1=1021 T2= 959  P= 512  D=  -1 
 X= 968 X2= 997  Y= 993 Y2=1021 P1=1023 P2=   0 T1=1021 T2= 927  P= 512  D=  -1 
 X=1006 X2=1004  Y= 990 Y2=1021 P1=1023 P2=   0 T1=1023 T2= 934  P= 512  D=  -1 
 X= 895 X2=1023  Y= 992 Y2=1023 P1=1023 P2=   0 T1=1023 T2= 933  P= 512  D=  -1 
 X= 945 X2=1023  Y= 994 Y2=1023 P1=1023 P2=   0 T1=1023 T2= 952  P= 512  D=  -1 
 X= 973 X2=1023  Y= 988 Y2=1023 P1=1023 P2=   0 T1=1023 T2= 931  P= 512  D=  -1 
 X= 865 X2=1023  Y= 991 Y2=1023 P1=1023 P2=   0 T1=1021 T2= 917  P= 512  D=  -1 
 X= 821 X2=1023  Y= 990 Y2=1023 P1=1023 P2=   0 T1=1021 T2= 930  P= 512  D=  -1 
 X=1023 X2=1015  Y= 993 Y2=1023 P1=1023 P2=   0 T1=1023 T2= 943  P= 512  D=  -1 
 X=1009 X2=1004  Y= 991 Y2=1023 P1=1023 P2=   0 T1=1023 T2= 921  P= 512  D=  -1 
 X= 949 X2=1023  Y= 990 Y2=1022 P1=1023 P2=   0 T1=1023 T2= 935  P= 512  D=  -1 
 X= 965 X2=1023  Y= 985 Y2=1023 P1=1023 P2=   0 T1=1023 T2= 920  P= 512  D=  -1 
 X=1023 X2= 997  Y= 979 Y2=1022 P1=1023 P2=   0 T1=1021 T2= 917  P= 512  D=  -1 
 X= 852 X2=1023  Y= 987 Y2=1021 P1=1023 P2=   0 T1=1023 T2= 909  P= 512  D=  -1 
 X= 925 X2=1023  Y= 995 Y2=1023 P1=1023 P2=   0 T1=1023 T2= 920  P= 512  D=  -1 
 X= 985 X2=1015  Y= 986 Y2=1023 P1=1023 P2=   0 T1=1023 T2= 923  P= 512  D=  -1 
 X= 903 X2=1021  Y= 981 Y2=1019 P1=1023 P2=   0 T1=1021 T2= 918  P= 512  D=  -1 
 X= 962 X2= 995  Y= 977 Y2=1021 P1=1023 P2=   0 T1=1023 T2= 932  P= 512  D=  -1 
 X=1023 X2=1016  Y= 985 Y2=1023 P1=1023 P2=   0 T1=1023 T2= 946  P= 512  D=  -1 
 X= 920 X2=1022  Y= 991 Y2=1023 P1=1023 P2=   0 T1=1021 T2= 920  P= 512  D=  -1 
 X= 934 X2=1023  Y= 973 Y2=1023 P1=1023 P2=   0 T1=1023 T2= 898  P= 512  D=  -1 
 X= 954 X2=1023  Y= 987 Y2=1023 P1=1023 P2=   0 T1=1021 T2= 935  P= 512  D=  -1 
 X= 954 X2=1023  Y= 983 Y2=1019 P1=1023 P2=   0 T1=1023 T2= 946  P= 512  D=  -1 
 X= 846 X2=1023  Y= 985 Y2=1023 P1=1023 P2=   0 T1=1023 T2= 923  P= 512  D=  -1 
 X=1002 X2=1005  Y= 992 Y2=1022 P1=1023 P2=   0 T1=1023 T2= 930  P= 512  D=  -1 
 X= 233 X2= 230  Y= 336 Y2= 328 P1= 675 P2= 207 T1=  20 T2=  20  P= 522  D=  -1 * 0
 X= 932 X2=1023  Y= 986 Y2=1023 P1=1023 P2=   0 T1=1021 T2= 918  P= 522  D=  -1 
 X= 239 X2= 235  Y= 337 Y2= 330 P1= 706 P2= 190 T1=  31 T2=  21  P= 522  D=  -1 
 X= 237 X2= 234  Y= 336 Y2= 330 P1= 698 P2= 195 T1=  22 T2=  22  P= 606  D=  -1 * 0
 X= 237 X2= 234  Y= 336 Y2= 328 P1= 698 P2= 194 T1=  22 T2=  21  P= 610  D=  -1 * 0
 X= 237 X2= 233  Y= 335 Y2= 329 P1= 694 P2= 197 T1=  22 T2=  21  P= 592  D=  -1 * 0
 X= 236 X2= 236  Y= 336 Y2= 330 P1= 697 P2= 195 T1=  22 T2=  22  P= 607  D=  -1 * 1
 X= 236 X2= 234  Y= 336 Y2= 329 P1= 696 P2= 196 T1=  22 T2=  23  P= 599  D=  -1 * 2
 X= 237 X2= 235  Y= 336 Y2= 329 P1= 695 P2= 196 T1=  21 T2=  22  P= 600  D=  -1 * 3
 X= 239 X2= 233  Y= 336 Y2= 329 P1= 695 P2= 197 T1=  21 T2=  21  P= 596  D=  -1 * 4
 X= 237 X2= 235  Y= 336 Y2= 330 P1= 694 P2= 197 T1=  21 T2=  21  P= 595  D=  -1 * 5
 X= 236 X2= 234  Y= 335 Y2= 329 P1= 693 P2= 198 T1=  21 T2=  22  P= 587  D=  -1 * 6
 X= 237 X2= 234  Y= 336 Y2= 329 P1= 692 P2= 199 T1=  21 T2=  21  P= 582  D=  -1 * 7
 X= 236 X2= 233  Y= 336 Y2= 329 P1= 692 P2= 199 T1=  22 T2=  23  P= 579  D=  -1 * 8
 X= 237 X2= 234  Y= 336 Y2= 329 P1= 692 P2= 198 T1=  23 T2=  21  P= 586  D=  -1 * 9
 X= 238 X2= 234  Y= 336 Y2= 329 P1= 692 P2= 198 T1=  21 T2=  21  P= 588  D=  -1 * 10
 X= 234 X2= 234  Y= 336 Y2= 329 P1= 693 P2= 198 T1=  21 T2=  21  P= 585  D=  -1 * 11
 X= 236 X2= 234  Y= 336 Y2= 329 P1= 692 P2= 199 T1=  22 T2=  22  P= 582  D=  -1 * 12
 X= 237 X2= 234  Y= 336 Y2= 329 P1= 692 P2= 199 T1=  21 T2=  20  P= 582  D=  -1 * 13
 X= 237 X2= 234  Y= 337 Y2= 329 P1= 692 P2= 199 T1=  20 T2=  22  P= 582  D=  -1 * 14
 X= 236 X2= 233  Y= 336 Y2= 329 P1= 691 P2= 199 T1=  22 T2=  21  P= 578  D=  -1 * 15
 X= 236 X2= 234  Y= 336 Y2= 329 P1= 691 P2= 199 T1=  21 T2=  22  P= 580  D=  -1 * 16
 X= 237 X2= 234  Y= 336 Y2= 329 P1= 692 P2= 199 T1=  21 T2=  21  P= 582  D=  -1 * 17
 X= 235 X2= 234  Y= 336 Y2= 329 P1= 692 P2= 198 T1=  21 T2=  21  P= 583  D=  -1 * 18
 X= 237 X2= 234  Y= 336 Y2= 328 P1= 692 P2= 199 T1=  21 T2=  22  P= 582  D=  -1 * 19
 X= 236 X2= 233  Y= 336 Y2= 329 P1= 691 P2= 199 T1=  22 T2=  21  P= 578  D=  -1 * 20
 X= 237 X2= 235  Y= 335 Y2= 329 P1= 692 P2= 199 T1=  22 T2=  22  P= 584  D=  -1 * 21
 X= 237 X2= 234  Y= 336 Y2= 329 P1= 691 P2= 200 T1=  21 T2=  21  P= 576  D=  -1 * 22
 X= 237 X2= 234  Y= 336 Y2= 330 P1= 691 P2= 198 T1=  21 T2=  23  P= 584  D=  -1 * 23
 X= 236 X2= 234  Y= 336 Y2= 328 P1= 691 P2= 199 T1=  21 T2=  21  P= 580  D=  -1 * 24
Remove Pin
 X= 237 X2= 234  Y= 336 Y2= 329 P1= 692 P2= 199 T1=  21 T2=  22  P= 582  D=  -1 * 24
 X= 237 X2= 233  Y= 336 Y2= 329 P1= 692 P2= 199 T1=  21 T2=  21  P= 582  D=  -1 * 24
 X= 236 X2= 234  Y= 336 Y2= 328 P1= 692 P2= 199 T1=  22 T2=  21  P= 582  D=  -1 * 24
 X= 236 X2= 233  Y= 336 Y2= 328 P1= 692 P2= 198 T1=  21 T2=  22  P= 583  D=  -1 * 24
 X= 235 X2= 235  Y= 336 Y2= 328 P1= 691 P2= 199 T1=  21 T2=  22  P= 580  D=  -1 * 24
 X= 236 X2= 234  Y= 336 Y2= 329 P1= 691 P2= 199 T1=  21 T2=  20  P= 580  D=  -1 * 24
 X= 236 X2= 233  Y= 336 Y2= 327 P1= 692 P2= 199 T1=  21 T2=  21  P= 579  D=  -1 * 24
 X= 237 X2= 234  Y= 335 Y2= 329 P1= 692 P2= 199 T1=  21 T2=  21  P= 582  D=  -1 * 24
 X= 236 X2= 233  Y= 336 Y2= 328 P1= 690 P2= 199 T1=  21 T2=  21  P= 577  D=  -1 * 24
 X= 236 X2= 234  Y= 336 Y2= 328 P1= 692 P2= 199 T1=  21 T2=  21  P= 582  D=  -1 * 24
 X= 237 X2= 235  Y= 335 Y2= 329 P1= 691 P2= 200 T1=  21 T2=  21  P= 579  D=  -1 * 24
 X= 236 X2= 234  Y= 335 Y2= 329 P1= 690 P2= 200 T1=  21 T2=  21  P= 575  D=  -1 * 24
 X= 236 X2= 233  Y= 335 Y2= 329 P1= 689 P2= 200 T1=  21 T2=  21  P= 572  D=  -1 * 24
 X= 237 X2= 234  Y= 338 Y2= 331 P1= 707 P2= 188 T1=  22 T2=  23  P= 648  D=  -1 * 24
 X= 946 X2= 994  Y= 985 Y2=1020 P1=1023 P2=   0 T1=1023 T2= 936  P= 648  D=  -1 
 X= 882 X2=1023  Y= 983 Y2=1023 P1=1023 P2=   0 T1=1023 T2= 916  P= 648  D=  -1 
 X=1023 X2=1015  Y= 976 Y2=1023 P1=1023 P2=   0 T1=1023 T2= 912  P= 648  D=  -1 
target state=2 point=456,22
 X= 955 X2= 994  Y= 981 Y2=1023 P1=1023 P2=   0 T1=1021 T2= 914  P= 648  D=  -1 
 X= 964 X2= 996  Y= 984 Y2=1023 P1=1023 P2=   0 T1=1023 T2= 923  P= 648  D=  -1 
 X= 964 X2= 999  Y= 995 Y2=1023 P1=1023 P2=   0 T1=1023 T2= 888  P= 648  D=  -1 
 X= 970 X2=1023  Y= 987 Y2=1023 P1=1023 P2=   0 T1=1021 T2= 935  P= 648  D=  -1 
 X= 830 X2=1023  Y= 984 Y2=1023 P1=1023 P2=   0 T1=1021 T2= 924  P= 648  D=  -1 
 X= 909 X2=1023  Y= 987 Y2=1020 P1=1023 P2=   0 T1=1023 T2= 930  P= 648  D=  -1 
 X= 989 X2=1002  Y= 975 Y2=1023 P1=1023 P2=   0 T1=1023 T2= 916  P= 648  D=  -1 
 X= 880 X2=1018  Y= 984 Y2=1021 P1=1023 P2=   0 T1=1023 T2= 923  P= 648  D=  -1 
 X= 961 X2=1022  Y= 988 Y2=1023 P1=1023 P2=   0 T1=1023 T2= 915  P= 648  D=  -1 
 X=1023 X2= 999  Y= 986 Y2=1021 P1=1023 P2=   0 T1=1023 T2= 927  P= 648  D=  -1 
 X= 995 X2=1007  Y= 989 Y2=1023 P1=1023 P2=   0 T1=1022 T2= 893  P= 648  D=  -1 
 X= 919 X2=1023  Y= 986 Y2=1022 P1=1023 P2=   0 T1=1021 T2= 912  P= 648  D=  -1 
 X= 958 X2=1019  Y= 977 Y2=1023 P1=1023 P2=   0 T1=1022 T2= 923  P= 648  D=  -1 
 X= 961 X2=1023  Y= 984 Y2=1021 P1=1023 P2=   0 T1=1020 T2= 944  P= 648  D=  -1 
 X= 827 X2=1023  Y= 986 Y2=1021 P1=1023 P2=   0 T1=1021 T2= 937  P= 648  D=  -1 
 X=1020 X2=1016  Y= 984 Y2=1023 P1=1023 P2=   0 T1=1022 T2= 925  P= 648  D=  -1 
 X= 990 X2=1014  Y= 985 Y2=1023 P1=1023 P2=   0 T1=1020 T2= 927  P= 648  D=  -1 
 X= 825 X2=1023  Y= 972 Y2=1021 P1=1023 P2=   0 T1=1023 T2= 865  P= 648  D=  -1 
 X= 951 X2= 993  Y= 990 Y2=1021 P1=1023 P2=   0 T1=1023 T2= 933  P= 648  D=  -1 
 X=1023 X2=1015  Y= 994 Y2=1020 P1=1023 P2=   0 T1=1022 T2= 937  P= 648  D=  -1 
 X= 844 X2=1023  Y= 991 Y2=1021 P1=1023 P2=   0 T1=1023 T2= 943  P= 648  D=  -1 
 X= 981 X2=1016  Y= 984 Y2=1023 P1=1023 P2=   0 T1=1023 T2= 935  P= 648  D=  -1 
 X= 902 X2=1023  Y= 990 Y2=1023 P1=1023 P2=   0 T1=1023 T2= 922  P= 648  D=  -1 
 X= 879 X2=1023  Y= 992 Y2=1020 P1=1023 P2=   0 T1=1023 T2= 934  P= 648  D=  -1 
 X= 950 X2=1023  Y= 990 Y2=1023 P1=1023 P2=   0 T1=1023 T2= 914  P= 648  D=  -1 
 X= 989 X2= 997  Y= 982 Y2=1023 P1=1023 P2=   0 T1=1023 T2= 930  P= 648  D=  -1 
 X= 967 X2=1015  Y= 996 Y2=1023 P1=1023 P2=   0 T1=1023 T2= 919  P= 648  D=  -1 
 X= 975 X2=1023  Y= 984 Y2=1023 P1=1023 P2=   0 T1=1023 T2= 914  P= 648  D=  -1 
 X= 912 X2=1023  Y= 994 Y2=1021 P1=1023 P2=   0 T1=1022 T2= 919  P= 648  D=  -1 
 X= 825 X2=1023  Y= 987 Y2=1023 P1=1023 P2=   0 T1=1020 T2= 948  P= 648  D=  -1 
 X= 924 X2=1023  Y= 986 Y2=1023 P1=1023 P2=   0 T1=1023 T2= 938  P= 648  D=  -1 
 X=1023 X2=1023  Y= 976 Y2=1022 P1=1023 P2=   0 T1=1023 T2= 925  P= 648  D=  -1 
 X= 906 X2=1022  Y= 989 Y2=1021 P1=1023 P2=   0 T1=1021 T2= 911  P= 648  D=  -1 
 X= 960 X2=1023  Y= 976 Y2=1023 P1=1023 P2=   0 T1=1022 T2= 920  P= 648  D=  -1 
 X=1023 X2=1010  Y= 979 Y2=1021 P1=1023 P2=   0 T1=1023 T2= 932  P= 648  D=  -1 
 X= 991 X2=1008  Y= 984 Y2=1023 P1=1023 P2=   0 T1=1023 T2= 928  P= 648  D=  -1 
 X= 951 X2=1023  Y= 988 Y2=1021 P1=1023 P2=   0 T1=1021 T2= 906  P= 648  D=  -1 
 X= 965 X2=1023  Y= 991 Y2=1021 P1=1023 P2=   0 T1=1023 T2= 906  P= 648  D=  -1 
 X= 971 X2=1022  Y= 990 Y2=1023 P1=1023 P2=   0 T1=1023 T2= 918  P= 648  D=  -1 
 X= 795 X2=1023  Y= 983 Y2=1021 P1=1023 P2=   0 T1=1021 T2= 922  P= 648  D=  -1 
 X= 956 X2=1023  Y= 982 Y2=1023 P1=1023 P2=   0 T1=1023 T2= 923  P= 648  D=  -1 
 X= 868 X2=1020  Y= 990 Y2=1023 P1=1023 P2=   0 T1=1022 T2= 942  P= 648  D=  -1 
 X= 903 X2=1022  Y= 993 Y2=1021 P1=1023 P2=   0 T1=1023 T2= 929  P= 648  D=  -1 
 X= 955 X2=1023  Y= 989 Y2=1020 P1=1023 P2=   0 T1=1021 T2= 916  P= 648  D=  -1 
 X=1023 X2=1014  Y= 980 Y2=1023 P1=1023 P2=   0 T1=1022 T2= 926  P= 648  D=  -1 
 X= 970 X2=1020  Y= 991 Y2=1021 P1=1023 P2=   0 T1=1023 T2= 895  P= 648  D=  -1 
 X= 961 X2=1023  Y= 982 Y2=1021 P1=1023 P2=   0 T1=1023 T2= 930  P= 648  D=  -1 
 X= 942 X2=1023  Y= 986 Y2=1021 P1=1023 P2=   0 T1=1021 T2= 922  P= 648  D=  -1 
 X= 816 X2=1023  Y= 986 Y2=1023 P1=1023 P2=   0 T1=1021 T2= 914  P= 648  D=  -1 
 X= 927 X2=1023  Y= 991 Y2=1023 P1=1023 P2=   0 T1=1022 T2= 925  P= 648  D=  -1 
 X=1006 X2= 998  Y= 983 Y2=1021 P1=1023 P2=   0 T1=1022 T2= 929  P= 648  D=  -1 
 X= 861 X2=1019  Y= 984 Y2=1020 P1=1023 P2=   0 T1=1023 T2= 917  P= 648  D=  -1 
 X=1008 X2=1017  Y= 972 Y2=1023 P1=1023 P2=   0 T1=1021 T2= 910  P= 648  D=  -1 
 X= 925 X2=1023  Y= 980 Y2=1023 P1=1023 P2=   0 T1=1020 T2= 939  P= 648  D=  -1 
 X=1001 X2= 998  Y= 979 Y2=1021 P1=1023 P2=   0 T1=1023 T2= 931  P= 648  D=  -1 
 X= 908 X2=1023  Y= 980 Y2=1023 P1=1023 P2=   0 T1=1021 T2= 932  P= 648  D=  -1 
 X= 968 X2=1023  Y= 991 Y2=1021 P1=1023 P2=   0 T1=1023 T2= 921  P= 648  D=  -1 
 X= 923 X2=1022  Y= 988 Y2=1023 P1=1023 P2=   0 T1=1023 T2= 940  P= 648  D=  -1 
 X= 941 X2=1023  Y= 988 Y2=1023 P1=1023 P2=   0 T1=1022 T2= 914  P= 648  D=  -1 
 X= 810 X2= 809  Y= 331 Y2= 337 P1= 804 P2= 488 T1=  16 T2=  14  P= 523  D=  -1 * 0
 X= 810 X2= 810  Y= 331 Y2= 338 P1= 807 P2= 483 T1=  13 T2=  13  P= 542  D=  -1 * 0
 X= 810 X2= 809  Y= 330 Y2= 336 P1= 806 P2= 484 T1=  14 T2=  14  P= 537  D=  -1 * 0
 X= 810 X2= 809  Y= 330 Y2= 336 P1= 805 P2= 486 T1=  14 T2=  14  P= 530  D=  -1 * 0
 X= 811 X2= 810  Y= 330 Y2= 337 P1= 805 P2= 486 T1=  14 T2=  13  P= 531  D=  -1 * 1
 X= 811 X2= 809  Y= 329 Y2= 337 P1= 804 P2= 486 T1=  15 T2=  14  P= 529  D=  -1 * 2
 X= 810 X2= 810  Y= 328 Y2= 336 P1= 805 P2= 486 T1=  14 T2=  14  P= 531  D=  -1 * 3
 X= 810 X2= 809  Y= 330 Y2= 336 P1= 805 P2= 487 T1=  13 T2=  14  P= 527  D=  -1 * 4
 X= 811 X2= 810  Y= 330 Y2= 337 P1= 805 P2= 487 T1=  13 T2=  14  P= 528  D=  -1 * 5
 X= 811 X2= 810  Y= 329 Y2= 336 P1= 805 P2= 487 T1=  14 T2=  14  P= 528  D=  -1 * 6
 X= 810 X2= 810  Y= 329 Y2= 336 P1= 805 P2= 487 T1=  13 T2=  15  P= 528  D=  -1 * 7
 X= 810 X2= 809  Y= 330 Y2= 337 P1= 805 P2= 488 T1=  14 T2=  14  P= 525  D=  -1 * 8
 X= 810 X2= 809  Y= 329 Y2= 336 P1= 804 P2= 488 T1=  14 T2=  13  P= 523  D=  -1 * 9
 X= 811 X2= 809  Y= 330 Y2= 336 P1= 804 P2= 488 T1=  14 T2=  13  P= 524  D=  -1 * 10
 X= 810 X2= 809  Y= 330 Y2= 336 P1= 805 P2= 487 T1=  13 T2=  14  P= 527  D=  -1 * 11
 X= 810 X2= 809  Y= 330 Y2= 336 P1= 805 P2= 488 T1=  14 T2=  13  P= 525  D=  -1 * 12
 X= 811 X2= 809  Y= 330 Y2= 336 P1= 805 P2= 488 T1=  14 T2=  13  P= 525  D=  -1 * 13
 X= 810 X2= 809  Y= 329 Y2= 337 P1= 805 P2= 488 T1=  14 T2=  13  P= 525  D=  -1 * 14
 X= 810 X2= 810  Y= 330 Y2= 336 P1= 804 P2= 488 T1=  13 T2=  12  P= 524  D=  -1 * 15
 X= 811 X2= 810  Y= 330 Y2= 337 P1= 806 P2= 488 T1=  14 T2=  14  P= 527  D=  -1 * 16
 X= 811 X2= 809  Y= 330 Y2= 337 P1= 804 P2= 488 T1=  13 T2=  14  P= 524  D=  -1 * 17
 X= 811 X2= 810  Y= 329 Y2= 335 P1= 804 P2= 488 T1=  13 T2=  14  P= 524  D=  -1 * 18
 X= 810 X2= 809  Y= 330 Y2= 341 P1= 805 P2= 488 T1=  14 T2=  14  P= 525  D=  -1 * 19
 X= 811 X2= 809  Y= 330 Y2= 337 P1= 804 P2= 488 T1=  14 T2=  14  P= 524  D=  -1 * 20
 X= 811 X2= 809  Y= 330 Y2= 336 P1= 805 P2= 488 T1=  14 T2=  13  P= 525  D=  -1 * 21
 X= 810 X2= 809  Y= 329 Y2= 336 P1= 804 P2= 488 T1=  13 T2=  13  P= 523  D=  -1 * 22
 X= 810 X2= 809  Y= 330 Y2= 337 P1= 804 P2= 488 T1=  14 T2=  13  P= 523  D=  -1 * 23
 X= 810 X2= 809  Y= 330 Y2= 336 P1= 805 P2= 488 T1=  14 T2=  11  P= 525  D=  -1 * 24
Remove Pin
 X= 811 X2= 809  Y= 330 Y2= 336 P1= 805 P2= 488 T1=  14 T2=  14  P= 525  D=  -1 * 24
 X= 810 X2= 809  Y= 329 Y2= 337 P1= 805 P2= 488 T1=  14 T2=  14  P= 525  D=  -1 * 24
 X= 810 X2= 809  Y= 330 Y2= 337 P1= 804 P2= 488 T1=  14 T2=  13  P= 523  D=  -1 * 24
 X= 810 X2= 809  Y= 330 Y2= 336 P1= 805 P2= 488 T1=  14 T2=  13  P= 525  D=  -1 * 24
 X= 811 X2= 811  Y= 330 Y2= 336 P1= 804 P2= 488 T1=  14 T2=  12  P= 524  D=  -1 * 24
 X= 810 X2= 809  Y= 330 Y2= 336 P1= 804 P2= 488 T1=  14 T2=  14  P= 523  D=  -1 * 24
 X= 810 X2= 810  Y= 330 Y2= 337 P1= 804 P2= 488 T1=  13 T2=  14  P= 524  D=  -1 * 24
 X= 809 X2= 810  Y= 329 Y2= 337 P1= 804 P2= 488 T1=  14 T2=  13  P= 523  D=  -1 * 24
 X= 810 X2= 811  Y= 330 Y2= 337 P1= 805 P2= 488 T1=  14 T2=  14  P= 525  D=  -1 * 24
 X= 810 X2= 809  Y= 330 Y2= 337 P1= 804 P2= 488 T1=  13 T2=  14  P= 523  D=  -1 * 24
 X= 811 X2= 810  Y= 329 Y2= 336 P1= 805 P2= 488 T1=  14 T2=  13  P= 525  D=  -1 * 24
 X= 810 X2= 810  Y= 329 Y2= 336 P1= 806 P2= 486 T1=  13 T2=  14  P= 532  D=  -1 * 24
 X= 962 X2= 995  Y= 968 Y2=1021 P1=1023 P2=   0 T1=1022 T2= 924  P= 532  D=  -1 
 X= 958 X2= 988  Y= 983 Y2=1022 P1=1023 P2=   0 T1=1021 T2= 914  P= 532  D=  -1 
 X=1016 X2=1015  Y= 991 Y2=1023 P1=1023 P2=   0 T1=1023 T2= 930  P= 532  D=  -1 
target state=3 point=456,249
 X=1023 X2=1003  Y= 984 Y2=1023 P1=1023 P2=   0 T1=1022 T2= 929  P= 532  D=  -1 
 X=1023 X2=1015  Y= 992 Y2=1023 P1=1023 P2=   0 T1=1023 T2= 945  P= 532  D=  -1 
 X= 928 X2=1020  Y= 990 Y2=1020 P1=1023 P2=   0 T1=1023 T2= 930  P= 532  D=  -1 
 X= 972 X2=1023  Y= 986 Y2=1023 P1=1023 P2=   0 T1=1023 T2= 930  P= 532  D=  -1 
 X= 950 X2= 994  Y= 985 Y2=1023 P1=1023 P2=   0 T1=1023 T2= 918  P= 532  D=  -1 
 X=1021 X2= 993  Y= 988 Y2=1023 P1=1023 P2=   0 T1=1023 T2= 919  P= 532  D=  -1 
 X= 938 X2=1023  Y=1005 Y2=1023 P1=1023 P2=   0 T1=1023 T2= 926  P= 532  D=  -1 
 X= 941 X2=1023  Y= 993 Y2=1021 P1=1023 P2=   0 T1=1023 T2= 890  P= 532  D=  -1 
 X= 955 X2=1022  Y= 981 Y2=1021 P1=1023 P2=   0 T1=1023 T2= 916  P= 532  D=  -1 
 X= 961 X2=1023  Y= 990 Y2=1021 P1=1023 P2=   0 T1=1023 T2= 943  P= 532  D=  -1 
 X= 902 X2=1023  Y= 996 Y2=1023 P1=1023 P2=   0 T1=1021 T2= 935  P= 532  D=  -1 
 X=1006 X2=1003  Y= 986 Y2=1023 P1=1023 P2=   0 T1=1023 T2= 923  P= 532  D=  -1 
 X= 990 X2=1015  Y= 979 Y2=1023 P1=1023 P2=   0 T1=1021 T2= 937  P= 532  D=  -1 
 X=1023 X2=1009  Y= 988 Y2=1021 P1=1023 P2=   0 T1=1021 T2= 903  P= 532  D=  -1 
 X=1023 X2=1017  Y= 982 Y2=1020 P1=1023 P2=   0 T1=1021 T2= 901  P= 532  D=  -1 
 X=1023 X2=1010  Y= 981 Y2=1021 P1=1023 P2=   0 T1=1020 T2= 935  P= 532  D=  -1 
 X= 887 X2=1023  Y= 987 Y2=1021 P1=1023 P2=   0 T1=1021 T2= 924  P= 532  D=  -1 
 X= 939 X2=1022  Y= 987 Y2=1023 P1=1023 P2=   0 T1=1023 T2= 905  P= 532  D=  -1 
 X= 910 X2=1023  Y= 988 Y2=1023 P1=1023 P2=   0 T1=1023 T2= 931  P= 532  D=  -1 
 X= 873 X2=1023  Y= 976 Y2=1023 P1=1023 P2=   0 T1=1023 T2= 911  P= 532  D=  -1 
 X=1023 X2=1015  Y= 999 Y2=1021 P1=1023 P2=   0 T1=1021 T2= 932  P= 532  D=  -1 
 X= 959 X2=1023  Y= 976 Y2=1023 P1=1023 P2=   0 T1=1023 T2= 922  P= 532  D=  -1 
 X= 963 X2=1023  Y= 989 Y2=1023 P1=1023 P2=   0 T1=1023 T2= 947  P= 532  D=  -1 
 X=1023 X2=1004  Y= 992 Y2=1023 P1=1023 P2=   0 T1=1023 T2= 913  P= 532  D=  -1 
 X=1023 X2=1015  Y= 986 Y2=1023 P1=1023 P2=   0 T1=1023 T2= 932  P= 532  D=  -1 
 X= 913 X2=1023  Y= 985 Y2=1023 P1=1023 P2=   0 T1=1022 T2= 927  P= 532  D=  -1 
 X= 943 X2=1021  Y= 970 Y2=1022 P1=1023 P2=   0 T1=1023 T2= 912  P= 532  D=  -1 
 X= 844 X2=1023  Y= 990 Y2=1021 P1=1023 P2=   0 T1=1023 T2= 951  P= 532  D=  -1 
 X= 805 X2=1023  Y= 990 Y2=1023 P1=1023 P2=   0 T1=1023 T2= 926  P= 532  D=  -1 
 X= 833 X2=1023  Y= 986 Y2=1021 P1=1023 P2=   0 T1=1022 T2= 935  P= 532  D=  -1 
 X=1023 X2=1010  Y= 990 Y2=1020 P1=1023 P2=   0 T1=1023 T2= 923  P= 532  D=  -1 
 X= 976 X2=1002  Y= 992 Y2=1021 P1=1023 P2=   0 T1=1022 T2= 947  P= 532  D=  -1 
 X= 957 X2=1023  Y= 986 Y2=1021 P1=1023 P2=   0 T1=1023 T2= 904  P= 532  D=  -1 
 X= 969 X2= 996  Y= 980 Y2=1023 P1=1023 P2=   0 T1=1022 T2= 940  P= 532  D=  -1 
 X= 870 X2=1023  Y= 994 Y2=1023 P1=1023 P2=   0 T1=1022 T2= 924  P= 532  D=  -1 
 X= 929 X2=1023  Y= 987 Y2=1020 P1=1023 P2=   0 T1=1022 T2= 902  P= 532  D=  -1 
 X= 943 X2=1023  Y= 989 Y2=1022 P1=1023 P2=   0 T1=1023 T2= 936  P= 532  D=  -1 
 X= 870 X2=1019  Y= 991 Y2=1021 P1=1023 P2=   0 T1=1019 T2= 926  P= 532  D=  -1 
 X= 958 X2=1023  Y= 985 Y2=1023 P1=1023 P2=   0 T1=1023 T2= 934  P= 532  D=  -1 
 X=1023 X2=1016  Y= 980 Y2=1022 P1=1023 P2=   0 T1=1023 T2= 911  P= 532  D=  -1 
 X=1011 X2= 995  Y= 975 Y2=1021 P1=1023 P2=   0 T1=1021 T2= 932  P= 532  D=  -1 
 X= 966 X2=1023  Y= 981 Y2=1023 P1=1023 P2=   0 T1=1023 T2= 914  P= 532  D=  -1 
 X= 939 X2=1023  Y= 981 Y2=1023 P1=1023 P2=   0 T1=1022 T2= 935  P= 532  D=  -1 
 X= 953 X2= 993  Y= 991 Y2=1023 P1=1023 P2=   0 T1=1023 T2= 938  P= 532  D=  -1 
 X= 886 X2=1023  Y= 985 Y2=1023 P1=1023 P2=   0 T1=1021 T2= 924  P= 532  D=  -1 
 X= 890 X2=1023  Y= 990 Y2=1023 P1=1023 P2=   0 T1=1021 T2= 931  P= 532  D=  -1 
 X= 986 X2=1012  Y= 977 Y2=1023 P1=1023 P2=   0 T1=1022 T2= 909  P= 532  D=  -1 
 X= 892 X2=1018  Y= 980 Y2=1023 P1=1023 P2=   0 T1=1021 T2= 920  P= 532  D=  -1 
 X=1008 X2= 991  Y= 990 Y2=1021 P1=1023 P2=   0 T1=1022 T2= 917  P= 532  D=  -1 
 X=1023 X2=1015  Y= 992 Y2=1021 P1=1023 P2=   0 T1=1022 T2= 891  P= 532  D=  -1 
 X=1006 X2=1022  Y= 985 Y2=1023 P1=1023 P2=   0 T1=1023 T2= 935  P= 532  D=  -1 
 X= 943 X2=1021  Y= 986 Y2=1023 P1=1023 P2=   0 T1=1021 T2= 944  P= 532  D=  -1 
 X= 953 X2=1023  Y= 994 Y2=1023 P1=1023 P2=   0 T1=1022 T2= 945  P= 532  D=  -1 
 X= 976 X2=1023  Y= 981 Y2=1023 P1=1023 P2=   0 T1=1020 T2= 929  P= 532  D=  -1 
 X= 840 X2=1023  Y= 985 Y2=1021 P1=1023 P2=   0 T1=1023 T2= 924  P= 532  D=  -1 
 X= 944 X2=1015  Y= 984 Y2=1022 P1=1023 P2=   0 T1=1023 T2= 921  P= 532  D=  -1 
 X= 981 X2=1010  Y= 986 Y2=1022 P1=1023 P2=   0 T1=1022 T2= 920  P= 532  D=  -1 
 X= 965 X2=1021  Y= 978 Y2=1023 P1=1023 P2=   0 T1=1023 T2= 916  P= 532  D=  -1 
 X= 897 X2=1023  Y= 978 Y2=1023 P1=1023 P2=   0 T1=1022 T2= 923  P= 532  D=  -1 
 X= 987 X2=1014  Y= 981 Y2=1023 P1=1023 P2=   0 T1=1021 T2= 927  P= 532  D=  -1 
 X= 808 X2= 810  Y= 704 Y2= 708 P1= 908 P2= 558 T1=  13 T2=  14  P= 507  D=  -1 * 0
 X= 810 X2= 811  Y= 704 Y2= 708 P1= 913 P2= 531 T1=  15 T2=  15  P= 582  D=  -1 * 0
 X= 809 X2= 811  Y= 704 Y2= 708 P1= 909 P2= 551 T1=  14 T2=  14  P= 525  D=  -1 * 0
 X= 808 X2= 810  Y= 704 Y2= 708 P1= 910 P2= 550 T1=  14 T2=  14  P= 529  D=  -1 * 0
 X= 809 X2= 809  Y= 704 Y2= 709 P1= 909 P2= 552 T1=  13 T2=  14  P= 522  D=  -1 * 1
 X= 810 X2= 812  Y= 704 Y2= 708 P1= 909 P2= 552 T1=  13 T2=  13  P= 523  D=  -1 * 2
 X= 809 X2= 810  Y= 704 Y2= 708 P1= 909 P2= 552 T1=  14 T2=  14  P= 522  D=  -1 * 3
 X= 809 X2= 810  Y= 704 Y2= 709 P1= 909 P2= 553 T1=  14 T2=  14  P= 520  D=  -1 * 4
 X= 809 X2= 809  Y= 704 Y2= 709 P1= 909 P2= 553 T1=  15 T2=  15  P= 520  D=  -1 * 5
 X= 808 X2= 811  Y= 705 Y2= 708 P1= 909 P2= 553 T1=  11 T2=  14  P= 520  D=  -1 * 6
 X= 810 X2= 810  Y= 704 Y2= 708 P1= 908 P2= 553 T1=  14 T2=  14  P= 519  D=  -1 * 7
 X= 806 X2= 810  Y= 704 Y2= 708 P1= 908 P2= 553 T1=  13 T2=  14  P= 517  D=  -1 * 8
 X= 809 X2= 810  Y= 704 Y2= 709 P1= 909 P2= 553 T1=  14 T2=  14  P= 520  D=  -1 * 9
 X= 809 X2= 809  Y= 704 Y2= 708 P1= 909 P2= 553 T1=  14 T2=  13  P= 520  D=  -1 * 10
 X= 808 X2= 810  Y= 704 Y2= 708 P1= 908 P2= 553 T1=  13 T2=  16  P= 518  D=  -1 * 11
 X= 809 X2= 810  Y= 704 Y2= 708 P1= 908 P2= 553 T1=  14 T2=  13  P= 518  D=  -1 * 12
 X= 809 X2= 810  Y= 704 Y2= 708 P1= 909 P2= 553 T1=  13 T2=  14  P= 520  D=  -1 * 13
 X= 809 X2= 810  Y= 704 Y2= 708 P1= 909 P2= 553 T1=  14 T2=  14  P= 520  D=  -1 * 14
 X= 808 X2= 809  Y= 704 Y2= 709 P1= 908 P2= 553 T1=  13 T2=  14  P= 517  D=  -1 * 15
 X= 809 X2= 810  Y= 704 Y2= 708 P1= 909 P2= 553 T1=  14 T2=  13  P= 520  D=  -1 * 16
 X= 809 X2= 810  Y= 704 Y2= 709 P1= 907 P2= 553 T1=  14 T2=  13  P= 517  D=  -1 * 17
 X= 808 X2= 810  Y= 705 Y2= 708 P1= 908 P2= 553 T1=  13 T2=  14  P= 518  D=  -1 * 18
 X= 809 X2= 810  Y= 703 Y2= 708 P1= 908 P2= 554 T1=  13 T2=  14  P= 516  D=  -1 * 19
 X= 808 X2= 810  Y= 704 Y2= 709 P1= 908 P2= 553 T1=  14 T2=  14  P= 518  D=  -1 * 20
 X= 810 X2= 810  Y= 704 Y2= 708 P1= 908 P2= 554 T1=  14 T2=  14  P= 516  D=  -1 * 21
 X= 808 X2= 810  Y= 704 Y2= 707 P1= 908 P2= 553 T1=  12 T2=  13  P= 518  D=  -1 * 22
 X= 809 X2= 808  Y= 704 Y2= 708 P1= 908 P2= 553 T1=  14 T2=  12  P= 517  D=  -1 * 23
 X= 809 X2= 810  Y= 703 Y2= 710 P1= 908 P2= 553 T1=  14 T2=  14  P= 518  D=  -1 * 24
Remove Pin
 X= 809 X2= 809  Y= 704 Y2= 708 P1= 909 P2= 553 T1=  14 T2=  14  P= 520  D=  -1 * 24
 X= 809 X2= 810  Y= 704 Y2= 709 P1= 909 P2= 553 T1=  14 T2=  13  P= 520  D=  -1 * 24
 X= 808 X2= 809  Y= 704 Y2= 708 P1= 909 P2= 554 T1=  14 T2=  14  P= 517  D=  -1 * 24
 X= 808 X2= 811  Y= 704 Y2= 708 P1= 908 P2= 554 T1=  14 T2=  13  P= 516  D=  -1 * 24
 X= 809 X2= 810  Y= 704 Y2= 708 P1= 908 P2= 554 T1=  13 T2=  14  P= 516  D=  -1 * 24
 X= 809 X2= 810  Y= 704 Y2= 709 P1= 908 P2= 553 T1=  13 T2=  14  P= 518  D=  -1 * 24
 X= 809 X2= 810  Y= 703 Y2= 708 P1= 909 P2= 554 T1=  13 T2=  13  P= 517  D=  -1 * 24
 X= 809 X2= 810  Y= 704 Y2= 707 P1= 909 P2= 554 T1=  14 T2=  13  P= 517  D=  -1 * 24
 X= 809 X2= 811  Y= 707 Y2= 708 P1= 908 P2= 554 T1=  14 T2=  13  P= 516  D=  -1 * 24
 X= 809 X2= 810  Y= 704 Y2= 708 P1= 909 P2= 554 T1=  13 T2=  14  P= 517  D=  -1 * 24
 X= 809 X2= 810  Y= 704 Y2= 708 P1= 908 P2= 554 T1=  14 T2=  13  P= 516  D=  -1 * 24
 X= 809 X2= 810  Y= 704 Y2= 708 P1= 908 P2= 556 T1=  13 T2=  13  P= 512  D=  -1 * 24
 X= 808 X2= 807  Y= 703 Y2= 709 P1= 909 P2= 557 T1=  14 T2=  13  P= 509  D=  -1 * 24
 X= 810 X2= 810  Y= 705 Y2= 709 P1= 909 P2= 555 T1=  13 T2=  14  P= 515  D=  -1 * 24
 X=1008 X2= 998  Y= 980 Y2=1023 P1=1023 P2=   0 T1=1023 T2= 905  P= 515  D=  -1 
 X= 924 X2=1022  Y= 991 Y2=1023 P1=1023 P2=   0 T1=1020 T2= 926  P= 515  D=  -1 
 X= 945 X2=1022  Y= 988 Y2=1023 P1=1023 P2=   0 T1=1023 T2= 929  P= 515  D=  -1 
target state=4 point=23,249
 X=1012 X2= 996  Y= 969 Y2=1021 P1=1023 P2=   0 T1=1023 T2= 933  P= 515  D=  -1 
 X=1002 X2=1022  Y= 998 Y2=1023 P1=1023 P2=   0 T1=1021 T2= 934  P= 515  D=  -1 
 X= 955 X2=1023  Y= 987 Y2=1023 P1=1023 P2=   0 T1=1023 T2= 916  P= 515  D=  -1 
 X= 923 X2=1023  Y= 983 Y2=1023 P1=1023 P2=   0 T1=1023 T2= 888  P= 515  D=  -1 
 X= 991 X2=1009  Y= 982 Y2=1023 P1=1023 P2=   0 T1=1021 T2= 918  P= 515  D=  -1 
 X= 865 X2=1017  Y= 985 Y2=1023 P1=1023 P2=   0 T1=1023 T2= 915  P= 515  D=  -1 
 X= 947 X2=1023  Y= 983 Y2=1023 P1=1023 P2=   0 T1=1021 T2= 925  P= 515  D=  -1 
 X=1023 X2=1009  Y= 985 Y2=1023 P1=1023 P2=   0 T1=1021 T2= 913  P= 515  D=  -1 
 X= 942 X2=1023  Y= 986 Y2=1023 P1=1023 P2=   0 T1=1023 T2= 897  P= 515  D=  -1 
 X= 927 X2=1023  Y= 987 Y2=1021 P1=1023 P2=   0 T1=1023 T2= 911  P= 515  D=  -1 
 X= 963 X2=1022  Y= 996 Y2=1021 P1=1023 P2=   0 T1=1023 T2= 934  P= 515  D=  -1 
 X= 949 X2=1021  Y= 985 Y2=1021 P1=1023 P2=   0 T1=1023 T2= 919  P= 515  D=  -1 
 X= 975 X2=1023  Y= 976 Y2=1022 P1=1023 P2=   0 T1=1023 T2= 944  P= 515  D=  -1 
 X= 995 X2=1008  Y= 981 Y2=1023 P1=1023 P2=   0 T1=1023 T2= 907  P= 515  D=  -1 
 X= 877 X2=1021  Y= 985 Y2=1021 P1=1023 P2=   0 T1=1023 T2= 916  P= 515  D=  -1 
 X=1023 X2=1006  Y= 993 Y2=1023 P1=1023 P2=   0 T1=1021 T2= 907  P= 515  D=  -1 
 X= 961 X2=1006  Y= 972 Y2=1023 P1=1023 P2=   0 T1=1023 T2= 920  P= 515  D=  -1 
 X= 882 X2=1019  Y= 988 Y2=1023 P1=1023 P2=   0 T1=1021 T2= 923  P= 515  D=  -1 
 X= 936 X2=1023  Y= 989 Y2=1023 P1=1023 P2=   0 T1=1023 T2= 919  P= 515  D=  -1 
 X= 951 X2=1023  Y= 984 Y2=1023 P1=1023 P2=   0 T1=1023 T2= 928  P= 515  D=  -1 
 X= 864 X2=1017  Y= 982 Y2=1021 P1=1021 P2=   0 T1=1023 T2= 916  P= 515  D=  -1 
 X= 894 X2=1023  Y= 990 Y2=1021 P1=1023 P2=   0 T1=1021 T2= 946  P= 515  D=  -1 
 X= 978 X2=1016  Y= 986 Y2=1023 P1=1023 P2=   0 T1=1021 T2= 927  P= 515  D=  -1 
 X=1001 X2=1015  Y= 982 Y2=1020 P1=1023 P2=   0 T1=1022 T2= 936  P= 515  D=  -1 
 X= 983 X2=1019  Y= 961 Y2=1021 P1=1023 P2=   0 T1=1023 T2= 914  P= 515  D=  -1 
 X= 971 X2=1023  Y= 984 Y2=1023 P1=1023 P2=   0 T1=1023 T2= 916  P= 515  D=  -1 
 X=1023 X2=1004  Y= 987 Y2=1021 P1=1023 P2=   0 T1=1023 T2= 931  P= 515  D=  -1 
 X= 813 X2=1023  Y= 980 Y2=1023 P1=1023 P2=   0 T1=1019 T2= 948  P= 515  D=  -1 
 X= 860 X2=1023  Y= 981 Y2=1021 P1=1023 P2=   0 T1=1023 T2= 932  P= 515  D=  -1 
 X= 974 X2=1023  Y= 989 Y2=1021 P1=1023 P2=   0 T1=1023 T2= 930  P= 515  D=  -1 
 X= 965 X2=1023  Y= 991 Y2=1023 P1=1023 P2=   0 T1=1021 T2= 913  P= 515  D=  -1 
 X= 969 X2=1023  Y= 985 Y2=1021 P1=1023 P2=   0 T1=1023 T2= 916  P= 515  D=  -1 
 X=1023 X2=1008  Y= 986 Y2=1020 P1=1023 P2=   0 T1=1023 T2= 926  P= 515  D=  -1 
 X= 987 X2=1011  Y= 985 Y2=1023 P1=1023 P2=   0 T1=1023 T2= 929  P= 515  D=  -1 
 X= 904 X2=1023  Y= 981 Y2=1021 P1=1023 P2=   0 T1=1023 T2= 924  P= 515  D=  -1 
 X= 963 X2=1021  Y= 978 Y2=1022 P1=1023 P2=   0 T1=1022 T2= 921  P= 515  D=  -1 
 X= 839 X2=1023  Y= 989 Y2=1023 P1=1023 P2=   0 T1=1023 T2= 909  P= 515  D=  -1 
 X= 820 X2=1022  Y= 979 Y2=1022 P1=1023 P2=   0 T1=1022 T2= 936  P= 515  D=  -1 
 X= 941 X2=1023  Y= 985 Y2=1019 P1=1023 P2=   0 T1=1022 T2= 938  P= 515  D=  -1 
 X= 989 X2=1014  Y= 984 Y2=1023 P1=1023 P2=   0 T1=1022 T2= 929  P= 515  D=  -1 
 X= 914 X2=1022  Y= 989 Y2=1020 P1=1023 P2=   0 T1=1023 T2= 932  P= 515  D=  -1 
 X= 969 X2= 990  Y= 990 Y2=1023 P1=1023 P2=   0 T1=1021 T2= 937  P= 515  D=  -1 
 X=1011 X2=1003  Y= 980 Y2=1021 P1=1023 P2=   0 T1=1023 T2= 936  P= 515  D=  -1 
 X= 910 X2=1023  Y=1000 Y2=1023 P1=1023 P2=   0 T1=1023 T2= 928  P= 515  D=  -1 
 X= 961 X2=1023  Y= 982 Y2=1023 P1=1023 P2=   0 T1=1023 T2= 922  P= 515  D=  -1 
 X= 964 X2=1020  Y= 982 Y2=1022 P1=1023 P2=   0 T1=1021 T2= 921  P= 515  D=  -1 
 X= 912 X2=1023  Y= 984 Y2=1023 P1=1023 P2=   0 T1=1023 T2= 928  P= 515  D=  -1 
 X= 942 X2=1023  Y= 987 Y2=1020 P1=1023 P2=   0 T1=1023 T2= 940  P= 515  D=  -1 
 X= 992 X2=1004  Y= 990 Y2=1023 P1=1023 P2=   0 T1=1023 T2= 911  P= 515  D=  -1 
 X= 910 X2=1022  Y= 985 Y2=1023 P1=1023 P2=   0 T1=1023 T2= 918  P= 515  D=  -1 
 X=1023 X2=1008  Y= 978 Y2=1021 P1=1023 P2=   0 T1=1023 T2= 937  P= 515  D=  -1 
 X=1023 X2=1015  Y= 990 Y2=1023 P1=1023 P2=   0 T1=1023 T2= 931  P= 515  D=  -1 
 X=1004 X2=1003  Y= 988 Y2=1022 P1=1023 P2=   0 T1=1023 T2= 915  P= 515  D=  -1 
 X= 927 X2=1023  Y= 993 Y2=1023 P1=1023 P2=   0 T1=1023 T2= 931  P= 515  D=  -1 
 X= 951 X2=1021  Y= 980 Y2=1021 P1=1023 P2=   0 T1=1020 T2= 908  P= 515  D=  -1 
 X= 950 X2=1023  Y= 977 Y2=1023 P1=1023 P2=   0 T1=1022 T2= 935  P= 515  D=  -1 
 X= 448 X2= 275  Y= 725 Y2= 715 P1= 879 P2= 195 T1=1023 T2=  26  P= 515  D=  -1 
 X= 233 X2= 235  Y= 704 Y2= 701 P1= 836 P2= 238 T1=  21 T2=  22  P= 587  D=  -1 * 0
 X= 233 X2= 236  Y= 704 Y2= 701 P1= 837 P2= 238 T1=  21 T2=  21  P= 588  D=  -1 * 0
 X= 231 X2= 234  Y= 705 Y2= 701 P1= 836 P2= 238 T1=  21 T2=  23  P= 582  D=  -1 * 0
 X= 233 X2= 234  Y= 706 Y2= 701 P1= 836 P2= 239 T1=  20 T2=  21  P= 581  D=  -1 * 0
 X= 233 X2= 234  Y= 704 Y2= 701 P1= 836 P2= 239 T1=  22 T2=  21  P= 581  D=  -1 * 1
 X= 232 X2= 235  Y= 706 Y2= 700 P1= 835 P2= 239 T1=  22 T2=  21  P= 580  D=  -1 * 2
 X= 233 X2= 236  Y= 705 Y2= 700 P1= 835 P2= 240 T1=  22 T2=  21  P= 580  D=  -1 * 3
 X= 232 X2= 234  Y= 705 Y2= 700 P1= 835 P2= 240 T1=  21 T2=  22  P= 577  D=  -1 * 4
 X= 232 X2= 234  Y= 705 Y2= 700 P1= 834 P2= 241 T1=  21 T2=  21  P= 573  D=  -1 * 5
 X= 232 X2= 234  Y= 705 Y2= 701 P1= 834 P2= 241 T1=  21 T2=  21  P= 573  D=  -1 * 6
 X= 232 X2= 234  Y= 703 Y2= 701 P1= 834 P2= 241 T1=  21 T2=  21  P= 573  D=  -1 * 7
 X= 232 X2= 234  Y= 705 Y2= 701 P1= 833 P2= 242 T1=  21 T2=  21  P= 568  D=  -1 * 8
 X= 232 X2= 232  Y= 704 Y2= 701 P1= 832 P2= 242 T1=  21 T2=  21  P= 565  D=  -1 * 9
 X= 232 X2= 235  Y= 705 Y2= 700 P1= 834 P2= 242 T1=  21 T2=  21  P= 569  D=  -1 * 10
 X= 234 X2= 234  Y= 705 Y2= 700 P1= 832 P2= 242 T1=  21 T2=  21  P= 570  D=  -1 * 11
 X= 232 X2= 235  Y= 705 Y2= 700 P1= 833 P2= 242 T1=  20 T2=  20  P= 568  D=  -1 * 12
 X= 233 X2= 234  Y= 704 Y2= 703 P1= 833 P2= 242 T1=  22 T2=  21  P= 568  D=  -1 * 13
 X= 230 X2= 235  Y= 704 Y2= 699 P1= 834 P2= 242 T1=  20 T2=  21  P= 567  D=  -1 * 14
 X= 232 X2= 235  Y= 705 Y2= 701 P1= 834 P2= 242 T1=  19 T2=  23  P= 569  D=  -1 * 15
 X= 232 X2= 236  Y= 707 Y2= 701 P1= 833 P2= 242 T1=  20 T2=  21  P= 571  D=  -1 * 16
 X= 232 X2= 234  Y= 705 Y2= 701 P1= 833 P2= 242 T1=  21 T2=  22  P= 568  D=  -1 * 17
 X= 235 X2= 234  Y= 704 Y2= 700 P1= 833 P2= 242 T1=  21 T2=  21  P= 571  D=  -1 * 18
 X= 232 X2= 234  Y= 705 Y2= 700 P1= 833 P2= 242 T1=  21 T2=  20  P= 568  D=  -1 * 19
 X= 233 X2= 237  Y= 705 Y2= 700 P1= 834 P2= 242 T1=  21 T2=  21  P= 574  D=  -1 * 20
 X= 232 X2= 234  Y= 704 Y2= 700 P1= 833 P2= 242 T1=  21 T2=  21  P= 568  D=  -1 * 21
 X= 233 X2= 233  Y= 704 Y2= 700 P1= 834 P2= 242 T1=  20 T2=  21  P= 569  D=  -1 * 22
 X= 232 X2= 235  Y= 705 Y2= 701 P1= 833 P2= 242 T1=  22 T2=  21  P= 568  D=  -1 * 23
 X= 232 X2= 234  Y= 705 Y2= 700 P1= 834 P2= 242 T1=  21 T2=  23  P= 569  D=  -1 * 24
Remove Pin
 X= 232 X2= 235  Y= 704 Y2= 700 P1= 834 P2= 242 T1=  20 T2=  19  P= 569  D=  -1 * 24
 X= 233 X2= 234  Y= 705 Y2= 700 P1= 833 P2= 242 T1=  21 T2=  21  P= 568  D=  -1 * 24
 X= 233 X2= 234  Y= 705 Y2= 701 P1= 833 P2= 243 T1=  21 T2=  21  P= 565  D=  -1 * 24
 X= 232 X2= 234  Y= 705 Y2= 700 P1= 833 P2= 242 T1=  21 T2=  20  P= 568  D=  -1 * 24
 X= 232 X2= 235  Y= 703 Y2= 701 P1= 833 P2= 242 T1=  21 T2=  20  P= 568  D=  -1 * 24
 X= 234 X2= 235  Y= 705 Y2= 700 P1= 834 P2= 242 T1=  21 T2=  22  P= 572  D=  -1 * 24
 X= 232 X2= 233  Y= 705 Y2= 700 P1= 834 P2= 241 T1=  21 T2=  21  P= 570  D=  -1 * 24
 X= 232 X2= 234  Y= 705 Y2= 700 P1= 833 P2= 242 T1=  21 T2=  21  P= 568  D=  -1 * 24
 X= 232 X2= 235  Y= 704 Y2= 701 P1= 833 P2= 242 T1=  21 T2=  22  P= 568  D=  -1 * 24
 X= 232 X2= 234  Y= 704 Y2= 701 P1= 833 P2= 242 T1=  21 T2=  21  P= 568  D=  -1 * 24
 X= 232 X2= 235  Y= 705 Y2= 701 P1= 833 P2= 242 T1=  21 T2=  21  P= 568  D=  -1 * 24
 X= 231 X2= 235  Y= 705 Y2= 702 P1= 833 P2= 242 T1=  21 T2=  21  P= 568  D=  -1 * 24
 X= 232 X2= 234  Y= 705 Y2= 700 P1= 833 P2= 242 T1=  22 T2=  21  P= 568  D=  -1 * 24
 X= 234 X2= 233  Y= 705 Y2= 700 P1= 834 P2= 240 T1=  21 T2=  21  P= 576  D=  -1 * 24
 X= 953 X2=1023  Y= 975 Y2=1023 P1=1023 P2=   0 T1=1023 T2= 906  P= 576  D=  -1 
 X= 916 X2=1023  Y= 975 Y2=1018 P1=1023 P2=   0 T1=1023 T2= 906  P= 576  D=  -1 
 X=1007 X2=1022  Y= 984 Y2=1022 P1=1023 P2=   0 T1=1023 T2= 925  P= 576  D=  -1 
Target Noise  x= 2.50 y= 2.50
X[0]: Target=240   523/ 524/ 526 Stdev= 0.67 N= 24  Y[0]: Target=136   520/ 520/ 521 Stdev= 0.49 N= 24
X[1]: Target= 23   234/ 235/ 236 Stdev= 0.66 N= 24  Y[1]: Target= 22   332/ 332/ 333 Stdev= 0.37 N= 24
X[2]: Target=456   809/ 810/ 810 Stdev= 0.48 N= 24  Y[2]: Target= 22   332/ 333/ 335 Stdev= 0.61 N= 24
X[3]: Target=456   808/ 809/ 811 Stdev= 0.60 N= 24  Y[3]: Target=249   705/ 706/ 706 Stdev= 0.27 N= 24
X[4]: Target= 23   232/ 233/ 235 Stdev= 0.61 N= 24  Y[4]: Target=249   701/ 702/ 704 Stdev= 0.62 N= 24
N=24 Avg=17
min: 17 17 17 17 17 17 
max: 19 18 18 17 17 17 
N=24 Avg=21
min: 20 21 21 21 21 21 
max: 22 22 22 22 22 22 
N=24 Avg=13
min: 12 13 13 13 13 13 
max: 14 14 14 14 14 14 
N=24 Avg=13
min: 12 12 13 13 13 13 
max: 15 14 14 14 14 14 
N=24 Avg=20
min: 20 20 20 20 20 20 
max: 21 21 21 21 21 21 
Using TNT center offset = 18
TNT Plane Coef: a= -854 b=  -90 c= 466997
At  524, 520: Real=  17 Fit=  18 Offset=   0
At  235, 332: Real=  22 Fit=  22 Offset=   4
At  809, 332: Real=  14 Fit=  15 Offset=  -3
At  809, 705: Real=  14 Fit=  15 Offset=  -3
At  233, 702: Real=  21 Fit=  21 Offset=   3
Fit Points: 18, 25, 12, 12, 24,  center: 18
Setting for min_tnt_up:   521
Setting for max_tnt_down: 23 (V2:34)
Entering calib_pressure_mfg
Using default pressure curve
468 471 487 495 509 524 553 575 612 
Summary:
Setting for max_tnt_down:      23
3.7 setting for max_tnt_down:     -1
Setting for min_tnt_up:       521
Setting for max_delta_tnt:      5
3.8 setting for max_delta_tnt:     -1
Setting for delay_in_us:        1
Setting for y_delay_in_us:      1
Setting for tnt_delay_in_us:    1
Setting for pressure_curve:  468 471 487 495 509 524 553 575 612
Setting for tnt_mode:           1
Setting for averaging:         -1
Setting for pointercal:      49437 267 -10199189 0 40207 -11907005 65536
Setting for tnt_plane:       -854 -90 466997
