x1=1023 x2=1023 y1= 301 y2= 320 tnt1=1015 tnt2=1022 +=2037
x1=1023 x2=1023 y1= 301 y2= 323 tnt1=1023 tnt2=1021 +=2044
x1=1023 x2=1023 y1= 294 y2= 330 tnt1=1023 tnt2=1023 +=2046
x1=1023 x2=1023 y1= 289 y2= 314 tnt1=1017 tnt2=1021 +=2038
x1=1023 x2=1023 y1= 294 y2= 318 tnt1=1016 tnt2=1020 +=2036
x1=1023 x2=1023 y1= 297 y2= 319 tnt1=1015 tnt2=1021 +=2036
x1=1023 x2=1023 y1= 294 y2= 317 tnt1=1015 tnt2=1009 +=2024
x1=1023 x2=1023 y1= 287 y2= 310 tnt1=1023 tnt2=1010 +=2033
x1=1023 x2=1023 y1= 300 y2= 322 tnt1=1023 tnt2=1021 +=2044
x1=1023 x2=1023 y1= 305 y2= 329 tnt1=1016 tnt2=1023 +=2039
x1=1023 x2=1023 y1= 295 y2= 319 tnt1=1016 tnt2=1023 +=2039
x1=1023 x2=1023 y1= 304 y2= 327 tnt1=1023 tnt2=1023 +=2046
x1=1023 x2=1023 y1= 294 y2= 326 tnt1=1023 tnt2=1023 +=2046
x1=1023 x2=1023 y1= 290 y2= 317 tnt1=1023 tnt2=1021 +=2044
x1=1023 x2=1023 y1= 293 y2= 353 tnt1=1023 tnt2=1021 +=2044
x1=1023 x2=1023 y1= 294 y2= 317 tnt1=1016 tnt2=1009 +=2025
x1=1023 x2=1023 y1= 299 y2= 321 tnt1=1023 tnt2=1023 +=2046
x1=1023 x2=1023 y1= 295 y2= 318 tnt1=1023 tnt2=1023 +=2046
x1=1023 x2=1023 y1= 299 y2= 322 tnt1=1013 tnt2=1023 +=2036
x1=1023 x2=1023 y1= 291 y2= 314 tnt1=1023 tnt2=1023 +=2046
x1=1023 x2=1023 y1= 292 y2= 315 tnt1=1023 tnt2=1023 +=2046
x1=1023 x2=1023 y1= 306 y2= 328 tnt1=1016 tnt2=1010 +=2026
x1=1023 x2=1023 y1= 299 y2= 334 tnt1=1023 tnt2=1020 +=2043
x1=1023 x2=1023 y1= 287 y2= 351 tnt1=1023 tnt2=1023 +=2046
x1=1023 x2=1023 y1= 294 y2= 316 tnt1=1015 tnt2=1021 +=2036
x1=1023 x2=1023 y1= 289 y2= 312 tnt1=1023 tnt2=1023 +=2046
x1=1023 x2=1023 y1= 288 y2= 311 tnt1=1023 tnt2=1023 +=2046
x1=1023 x2=1023 y1= 305 y2= 327 tnt1=1023 tnt2=1023 +=2046
x1=1023 x2=1023 y1= 295 y2= 318 tnt1=1016 tnt2=1023 +=2039
x1=1023 x2=1023 y1= 301 y2= 323 tnt1=1023 tnt2=1023 +=2046
x1=1023 x2=1023 y1= 297 y2= 320 tnt1=1015 tnt2=1021 +=2036
x1=1023 x2=1023 y1= 306 y2= 328 tnt1=1015 tnt2=1010 +=2025
x1=1023 x2=1023 y1= 309 y2= 338 tnt1=1023 tnt2=1020 +=2043
x1=1023 x2=1023 y1= 298 y2= 327 tnt1=1015 tnt2=1023 +=2038
x1=1023 x2=1023 y1= 294 y2= 317 tnt1=1015 tnt2=1021 +=2036
x1=1023 x2=1023 y1= 306 y2= 330 tnt1=1023 tnt2=1023 +=2046
x1=1023 x2=1023 y1= 286 y2= 309 tnt1=1023 tnt2=1023 +=2046
x1=1023 x2=1023 y1= 297 y2= 320 tnt1=1016 tnt2=1015 +=2031
x1=1023 x2=1023 y1= 292 y2= 316 tnt1=1017 tnt2=1023 +=2040
x1=1023 x2=1023 y1= 293 y2= 316 tnt1=1015 tnt2=1021 +=2036
x1=1023 x2=1023 y1= 288 y2= 311 tnt1=1016 tnt2=1017 +=2033
x1=1023 x2=1023 y1= 299 y2= 321 tnt1=1015 tnt2=1010 +=2025
x1=1023 x2=1023 y1= 292 y2= 322 tnt1=1015 tnt2=1023 +=2038
x1=1023 x2=1023 y1= 281 y2= 305 tnt1=1016 tnt2=1023 +=2039
x1=1023 x2=1023 y1= 291 y2= 313 tnt1=1023 tnt2=1023 +=2046
x1=1023 x2=1023 y1= 298 y2= 320 tnt1=1023 tnt2=1023 +=2046
x1=1023 x2=1023 y1= 296 y2= 319 tnt1=1014 tnt2=1010 +=2024
x1=1023 x2=1023 y1= 297 y2= 320 tnt1=1016 tnt2=1023 +=2039
x1=1023 x2=1023 y1= 294 y2= 317 tnt1=1017 tnt2=1023 +=2040
x1=1023 x2=1023 y1= 302 y2= 324 tnt1=1015 tnt2=1021 +=2036
x1=1023 x2=1023 y1= 283 y2= 305 tnt1=1015 tnt2=1014 +=2029
x1=1023 x2=1023 y1= 306 y2= 329 tnt1=1023 tnt2=1023 +=2046
x1=1023 x2=1023 y1= 291 y2= 329 tnt1=1016 tnt2=1023 +=2039
x1=1023 x2=1023 y1= 310 y2= 341 tnt1=1017 tnt2=1023 +=2040
x1=1023 x2=1023 y1= 289 y2= 312 tnt1=1015 tnt2=1014 +=2029
x1=1023 x2=1023 y1= 297 y2= 320 tnt1=1023 tnt2=1023 +=2046
x1=1023 x2=1023 y1= 298 y2= 321 tnt1=1017 tnt2=1023 +=2040
x1=1023 x2=1023 y1= 289 y2= 311 tnt1=1015 tnt2=1021 +=2036
x1=1023 x2=1023 y1= 292 y2= 315 tnt1=1015 tnt2=1011 +=2026
x1=1023 x2=1023 y1= 295 y2= 318 tnt1=1015 tnt2=1021 +=2036
x1=1023 x2=1023 y1= 294 y2= 316 tnt1=1023 tnt2=1023 +=2046
x1=1023 x2=1023 y1= 299 y2= 322 tnt1=1023 tnt2=1023 +=2046
x1=1023 x2=1023 y1= 303 y2= 340 tnt1=1016 tnt2=1023 +=2039
x1=1023 x2=1023 y1= 290 y2= 316 tnt1=1023 tnt2=1021 +=2044
x1=1023 x2=1023 y1= 293 y2= 318 tnt1=1023 tnt2=1023 +=2046
x1=1023 x2=1023 y1= 305 y2= 329 tnt1=1016 tnt2=1010 +=2026
x1=1023 x2=1023 y1= 289 y2= 310 tnt1=1016 tnt2=1010 +=2026
x1=1023 x2=1023 y1= 297 y2= 320 tnt1=1023 tnt2=1023 +=2046
x1=1023 x2=1023 y1= 289 y2= 311 tnt1=1019 tnt2=1021 +=2040
x1=  82 x2=  88 y1= 212 y2= 181 tnt1=  21 tnt2=  27 +=  48D
x1=  65 x2=  72 y1= 192 y2= 164 tnt1=  24 tnt2=  27 +=  51D
x1=  70 x2=  70 y1= 185 y2= 159 tnt1=  20 tnt2=  12 +=  32D
x1=  65 x2=  70 y1= 185 y2= 155 tnt1=  20 tnt2=  18 +=  38D
x1=  73 x2=  74 y1= 185 y2= 162 tnt1=  23 tnt2=  25 +=  48D
x1=  88 x2=  90 y1= 229 y2= 202 tnt1=  43 tnt2=  49 +=  92
x1=1023 x2=1023 y1= 294 y2= 317 tnt1=1016 tnt2=1010 +=2026
x1=1023 x2=1023 y1= 295 y2= 317 tnt1=1015 tnt2=1009 +=2024
x1=  83 x2=  85 y1= 220 y2= 187 tnt1=  36 tnt2=  25 +=  61D
x1=  77 x2=  81 y1= 200 y2= 169 tnt1=  16 tnt2=  29 +=  45D
x1=  79 x2=  73 y1= 197 y2= 169 tnt1=  27 tnt2=  33 +=  60D
x1=  69 x2=  73 y1= 195 y2= 167 tnt1=  24 tnt2=  30 +=  54D
x1=  77 x2=  80 y1= 201 y2= 169 tnt1=  17 tnt2=  28 +=  45D
x1=  86 x2=  79 y1= 186 y2= 164 tnt1=  22 tnt2=  34 +=  56D
x1=  71 x2=  74 y1= 183 y2= 161 tnt1=  24 tnt2=  22 +=  46D
x1=  87 x2=  83 y1= 208 y2= 179 tnt1=  27 tnt2=  39 +=  66D
x1=  82 x2=  74 y1= 189 y2= 162 tnt1=  17 tnt2=  22 +=  39D
x1=  70 x2=  71 y1= 186 y2= 160 tnt1=  18 tnt2=  10 +=  28D
x1=  71 x2=  79 y1= 186 y2= 160 tnt1=  15 tnt2=  13 +=  28D
x1=  76 x2=  72 y1= 185 y2= 161 tnt1=  16 tnt2=  29 +=  45D
x1=  62 x2=  69 y1= 186 y2= 161 tnt1=  19 tnt2=  19 +=  38D
x1=  63 x2=  70 y1= 184 y2= 162 tnt1=  18 tnt2=  18 +=  36D
x1=  77 x2=  72 y1= 185 y2= 161 tnt1=  15 tnt2=  26 +=  41D
x1=  68 x2=  71 y1= 187 y2= 161 tnt1=  17 tnt2=  15 +=  32D
x1=  74 x2=  62 y1= 176 y2= 160 tnt1=  15 tnt2=  18 +=  33D
x1=  79 x2=  72 y1= 182 y2= 162 tnt1=  14 tnt2=  16 +=  30D
x1=  73 x2=  74 y1= 184 y2= 162 tnt1=  10 tnt2=  16 +=  26D
x1=  69 x2=  71 y1= 186 y2= 163 tnt1=  16 tnt2=   5 +=  21D
x1=  75 x2=  70 y1= 184 y2= 162 tnt1=  22 tnt2=  16 +=  38D
x1=  73 x2=  67 y1= 184 y2= 162 tnt1=  23 tnt2=  18 +=  41D
x1=  63 x2=  69 y1= 185 y2= 163 tnt1=  17 tnt2=  16 +=  33D
x1=  77 x2=  72 y1= 183 y2= 163 tnt1=  14 tnt2=  26 +=  40D
x1=  75 x2=  72 y1= 186 y2= 164 tnt1=  14 tnt2=  22 +=  36D
x1=  82 x2=  74 y1= 184 y2= 164 tnt1=  12 tnt2=  22 +=  34D
x1=  75 x2=  69 y1= 185 y2= 165 tnt1=  25 tnt2=  10 +=  35D
x1=  75 x2=  78 y1= 189 y2= 167 tnt1=   9 tnt2=  18 +=  27D
x1=  67 x2=  72 y1= 190 y2= 168 tnt1=  17 tnt2=  18 +=  35D
x1=  74 x2=  81 y1= 191 y2= 168 tnt1=  16 tnt2=  13 +=  29D
x1=  75 x2=  85 y1= 192 y2= 170 tnt1=  15 tnt2=  14 +=  29D
x1=  78 x2=  74 y1= 199 y2= 174 tnt1=  23 tnt2=  23 +=  46D
x1=  98 x2= 110 y1= 247 y2= 220 tnt1=  31 tnt2=  40 +=  71D
x1=1023 x2=1023 y1= 288 y2= 308 tnt1=1023 tnt2=1023 +=2046
x1=1023 x2=1023 y1= 296 y2= 319 tnt1=1015 tnt2=1023 +=2038
x1=1023 x2=1023 y1= 296 y2= 321 tnt1=1015 tnt2=1023 +=2038
x1=1023 x2=1023 y1= 288 y2= 311 tnt1=1016 tnt2=1023 +=2039
x1=1023 x2=1023 y1= 294 y2= 319 tnt1=1023 tnt2=1023 +=2046
x1= 104 x2=  84 y1= 242 y2= 201 tnt1=  38 tnt2=  53 +=  91
x1=  96 x2=  81 y1= 235 y2= 207 tnt1=  30 tnt2=  57 +=  87
x1=  92 x2=  82 y1= 233 y2= 205 tnt1=  41 tnt2=  37 +=  78D
x1=  90 x2=  88 y1= 226 y2= 200 tnt1=  38 tnt2=  28 +=  66D
x1=  91 x2=  81 y1= 209 y2= 185 tnt1=  16 tnt2=  22 +=  38D
x1=  85 x2=  81 y1= 213 y2= 190 tnt1=  20 tnt2=  37 +=  57D
x1=  79 x2=  80 y1= 212 y2= 189 tnt1=  22 tnt2=  18 +=  40D
x1=  85 x2=  81 y1= 215 y2= 187 tnt1=  20 tnt2=  13 +=  33D
x1=  79 x2=  82 y1= 208 y2= 188 tnt1=  21 tnt2=  25 +=  46D
x1=  75 x2=  77 y1= 206 y2= 186 tnt1=  22 tnt2=  22 +=  44D
x1=  80 x2=  78 y1= 206 y2= 185 tnt1=  20 tnt2=  19 +=  39D
x1=  81 x2=  70 y1= 212 y2= 188 tnt1=  28 tnt2=  24 +=  52D
x1=  88 x2=  78 y1= 223 y2= 198 tnt1=  34 tnt2=  33 +=  67D
x1= 103 x2=  98 y1= 238 y2= 213 tnt1=  25 tnt2=  29 +=  54D
x1= 151 x2= 147 y1= 286 y2= 275 tnt1= 154 tnt2= 271 += 425
x1=1023 x2=1023 y1= 287 y2= 312 tnt1=1023 tnt2=1021 +=2044
x1=1023 x2=1023 y1= 295 y2= 316 tnt1=1023 tnt2=1020 +=2043
x1=1023 x2=1023 y1= 302 y2= 337 tnt1=1013 tnt2=1023 +=2036
x1=1023 x2=1023 y1= 283 y2= 306 tnt1=1023 tnt2=1023 +=2046
x1=1023 x2=1023 y1= 304 y2= 326 tnt1=1023 tnt2=1023 +=2046
x1=1023 x2=1023 y1= 302 y2= 324 tnt1=1023 tnt2=1022 +=2045
x1=1023 x2=1023 y1= 297 y2= 320 tnt1=1023 tnt2=1023 +=2046
x1=1023 x2=1023 y1= 288 y2= 310 tnt1=1015 tnt2=1021 +=2036
x1=1023 x2=1023 y1= 293 y2= 312 tnt1=1015 tnt2=1010 +=2025
x1=1023 x2=1023 y1= 291 y2= 313 tnt1=1023 tnt2=1023 +=2046
x1=1023 x2=1023 y1= 295 y2= 317 tnt1=1023 tnt2=1021 +=2044
x1=1023 x2=1023 y1= 285 y2= 307 tnt1=1023 tnt2=1021 +=2044
x1=1023 x2=1023 y1= 288 y2= 317 tnt1=1023 tnt2=1020 +=2043
x1=1023 x2=1023 y1= 289 y2= 312 tnt1=1023 tnt2=1009 +=2032
x1=1023 x2=1023 y1= 292 y2= 315 tnt1=1015 tnt2=1010 +=2025
x1=1023 x2=1023 y1= 284 y2= 307 tnt1=1016 tnt2=1023 +=2039
x1=1023 x2=1023 y1= 289 y2= 311 tnt1=1014 tnt2=1023 +=2037
x1=1023 x2=1023 y1= 288 y2= 310 tnt1=1015 tnt2=1017 +=2032
x1=1023 x2=1023 y1= 294 y2= 316 tnt1=1015 tnt2=1010 +=2025
x1=1023 x2=1023 y1= 293 y2= 315 tnt1=1023 tnt2=1023 +=2046
x1=1023 x2=1023 y1= 297 y2= 318 tnt1=1023 tnt2=1020 +=2043
x1=1023 x2=1023 y1= 294 y2= 317 tnt1=1023 tnt2=1023 +=2046
x1=1023 x2=1023 y1= 279 y2= 308 tnt1=1023 tnt2=1023 +=2046
x1=1023 x2=1023 y1= 291 y2= 316 tnt1=1021 tnt2=1023 +=2044
x1=1023 x2=1023 y1= 298 y2= 321 tnt1=1015 tnt2=1023 +=2038
x1=1023 x2=1023 y1= 293 y2= 316 tnt1=1016 tnt2=1023 +=2039
x1=1023 x2=1023 y1= 291 y2= 314 tnt1=1015 tnt2=1021 +=2036
x1=1023 x2=1023 y1= 295 y2= 315 tnt1=1023 tnt2=1023 +=2046
x1=1023 x2=1023 y1= 299 y2= 320 tnt1=1023 tnt2=1023 +=2046
x1=1023 x2=1023 y1= 293 y2= 315 tnt1=1023 tnt2=1020 +=2043
x1=1023 x2=1023 y1= 287 y2= 311 tnt1=1023 tnt2=1023 +=2046
x1=1023 x2=1023 y1= 286 y2= 309 tnt1=1023 tnt2=1023 +=2046
x1=1023 x2=1023 y1= 285 y2= 317 tnt1=1016 tnt2=1023 +=2039
x1=1023 x2=1023 y1= 294 y2= 317 tnt1=1016 tnt2=1021 +=2037
x1=1023 x2=1023 y1= 292 y2= 317 tnt1=1016 tnt2=1023 +=2039
x1=1023 x2=1023 y1= 290 y2= 312 tnt1=1023 tnt2=1020 +=2043
x1=1023 x2=1023 y1= 286 y2= 309 tnt1=1015 tnt2=1021 +=2036
x1=1023 x2=1023 y1= 290 y2= 312 tnt1=1023 tnt2=1023 +=2046
x1=1023 x2=1023 y1= 293 y2= 315 tnt1=1023 tnt2=1023 +=2046
x1=1023 x2=1023 y1= 288 y2= 310 tnt1=1023 tnt2=1020 +=2043
x1=1023 x2=1023 y1= 292 y2= 314 tnt1=1023 tnt2=1023 +=2046
x1=1023 x2=1023 y1= 292 y2= 314 tnt1=1023 tnt2=1023 +=2046
x1=1023 x2=1023 y1= 296 y2= 323 tnt1=1016 tnt2=1023 +=2039
x1=1023 x2=1023 y1= 277 y2= 301 tnt1=1016 tnt2=1021 +=2037
x1=1023 x2=1023 y1= 292 y2= 314 tnt1=1023 tnt2=1023 +=2046
x1=1023 x2=1023 y1= 292 y2= 314 tnt1=1023 tnt2=1021 +=2044
x1=1023 x2=1023 y1= 289 y2= 311 tnt1=1023 tnt2=1023 +=2046
x1=1023 x2=1023 y1= 286 y2= 308 tnt1=1023 tnt2=1023 +=2046
x1=1023 x2=1023 y1= 292 y2= 314 tnt1=1023 tnt2=1021 +=2044
x1= 103 x2= 100 y1= 251 y2= 231 tnt1=  35 tnt2=  83 += 118
x1= 100 x2=  86 y1= 252 y2= 229 tnt1=  47 tnt2=  80 += 127
x1= 712 x2= 733 y1= 304 y2= 327 tnt1= 567 tnt2=1020 +=1587
x1=1023 x2=1023 y1= 300 y2= 329 tnt1=1016 tnt2=1014 +=2030
x1=1023 x2=1023 y1= 275 y2= 298 tnt1=1023 tnt2=1021 +=2044
x1=1023 x2=1023 y1= 289 y2= 312 tnt1=1023 tnt2=1020 +=2043
x1= 102 x2= 117 y1= 261 y2= 240 tnt1=  38 tnt2= 103 += 141
x1= 117 x2= 107 y1= 269 y2= 254 tnt1=  67 tnt2=  81 += 148
x1= 276 x2= 266 y1= 302 y2= 317 tnt1= 294 tnt2= 339 += 633
x1=1023 x2=1023 y1= 302 y2= 322 tnt1=1015 tnt2=1010 +=2025
x1=1023 x2=1023 y1= 283 y2= 306 tnt1=1015 tnt2=1023 +=2038
x1=1023 x2=1023 y1= 287 y2= 310 tnt1=1023 tnt2=1023 +=2046
x1=1023 x2=1023 y1= 292 y2= 315 tnt1=1014 tnt2=1021 +=2035
x1=1023 x2=1023 y1= 285 y2= 313 tnt1=1023 tnt2=1020 +=2043
x1=1023 x2=1023 y1= 270 y2= 295 tnt1=1020 tnt2=1023 +=2043
x1=1023 x2=1023 y1= 290 y2= 314 tnt1=1023 tnt2=1021 +=2044
x1=1023 x2=1023 y1= 293 y2= 315 tnt1=1016 tnt2=1010 +=2026
x1=1023 x2=1023 y1= 296 y2= 318 tnt1=1023 tnt2=1023 +=2046
x1=1023 x2=1023 y1= 289 y2= 311 tnt1=1023 tnt2=1023 +=2046
x1= 487 x2= 518 y1= 319 y2= 343 tnt1= 262 tnt2=1023 +=1285
x1=1023 x2=1023 y1= 295 y2= 318 tnt1=1015 tnt2=1023 +=2038
x1=1023 x2=1023 y1= 296 y2= 319 tnt1=1015 tnt2=1021 +=2036
x1=1023 x2=1023 y1= 297 y2= 319 tnt1=1015 tnt2=1021 +=2036
x1=1023 x2=1023 y1= 283 y2= 312 tnt1=1023 tnt2=1023 +=2046
x1=1023 x2=1023 y1= 286 y2= 309 tnt1=1016 tnt2=1023 +=2039
x1=1023 x2=1023 y1= 289 y2= 311 tnt1=1023 tnt2=1021 +=2044
x1=1023 x2=1023 y1= 294 y2= 316 tnt1=1023 tnt2=1023 +=2046
x1=1023 x2=1023 y1= 295 y2= 318 tnt1=1023 tnt2=1023 +=2046
x1=1023 x2=1023 y1= 291 y2= 314 tnt1=1017 tnt2=1023 +=2040
x1=1023 x2=1023 y1= 290 y2= 314 tnt1=1016 tnt2=1023 +=2039
x1=1023 x2=1023 y1= 288 y2= 311 tnt1=1023 tnt2=1023 +=2046
x1=1023 x2=1023 y1= 296 y2= 318 tnt1=1015 tnt2=1015 +=2030
x1=1023 x2=1023 y1= 296 y2= 319 tnt1=1015 tnt2=1021 +=2036
x1=1023 x2=1023 y1= 287 y2= 314 tnt1=1023 tnt2=1017 +=2040
x1=1023 x2=1023 y1= 284 y2= 309 tnt1=1016 tnt2=1022 +=2038
x1=1023 x2=1023 y1= 299 y2= 320 tnt1=1023 tnt2=1023 +=2046
x1=1023 x2=1023 y1= 296 y2= 319 tnt1=1023 tnt2=1023 +=2046
x1=1023 x2=1023 y1= 284 y2= 345 tnt1=1023 tnt2=1023 +=2046
x1=1023 x2=1023 y1= 287 y2= 311 tnt1=1016 tnt2=1023 +=2039
x1=1023 x2=1023 y1= 290 y2= 312 tnt1=1015 tnt2=1010 +=2025
x1=1023 x2=1023 y1= 287 y2= 309 tnt1=1022 tnt2=1021 +=2043
x1=1023 x2=1023 y1= 296 y2= 319 tnt1=1014 tnt2=1021 +=2035
x1=1023 x2=1023 y1= 289 y2= 312 tnt1=1023 tnt2=1023 +=2046
x1=1023 x2=1023 y1= 284 y2= 309 tnt1=1015 tnt2=1023 +=2038
x1=1023 x2=1023 y1= 276 y2= 298 tnt1=1017 tnt2=1020 +=2037
x1=1023 x2=1023 y1= 292 y2= 313 tnt1=1023 tnt2=1020 +=2043
x1=1023 x2=1023 y1= 279 y2= 305 tnt1=1023 tnt2=1021 +=2044
x1=1023 x2=1023 y1= 288 y2= 311 tnt1=1016 tnt2=1010 +=2026
x1=1023 x2=1023 y1= 289 y2= 311 tnt1=1015 tnt2=1023 +=2038
x1=1023 x2=1023 y1= 289 y2= 310 tnt1=1023 tnt2=1021 +=2044
x1=1023 x2=1023 y1= 292 y2= 314 tnt1=1017 tnt2=1021 +=2038
x1=1023 x2=1023 y1= 297 y2= 320 tnt1=1023 tnt2=1023 +=2046
x1=1023 x2=1023 y1= 299 y2= 321 tnt1=1023 tnt2=1023 +=2046
x1=1023 x2=1023 y1= 310 y2= 338 tnt1=1023 tnt2=1020 +=2043
x1=1023 x2=1023 y1= 289 y2= 312 tnt1=1023 tnt2=1015 +=2038
x1=1023 x2=1023 y1= 294 y2= 316 tnt1=1023 tnt2=1023 +=2046
x1=1023 x2=1023 y1= 295 y2= 317 tnt1=1015 tnt2=1021 +=2036
x1=1023 x2=1023 y1= 296 y2= 319 tnt1=1016 tnt2=1010 +=2026
x1=1023 x2=1023 y1= 297 y2= 321 tnt1=1023 tnt2=1023 +=2046
x1=1023 x2=1023 y1= 292 y2= 314 tnt1=1023 tnt2=1021 +=2044
x1=1023 x2=1023 y1= 297 y2= 320 tnt1=1023 tnt2=1023 +=2046
x1=1023 x2=1023 y1= 298 y2= 321 tnt1=1023 tnt2=1021 +=2044
x1=1023 x2=1023 y1= 303 y2= 325 tnt1=1023 tnt2=1023 +=2046
x1=1023 x2=1023 y1= 292 y2= 316 tnt1=1023 tnt2=1022 +=2045
x1=1023 x2=1023 y1= 294 y2= 316 tnt1=1023 tnt2=1021 +=2044
x1=1023 x2=1023 y1= 288 y2= 311 tnt1=1018 tnt2=1021 +=2039
x1=1023 x2=1023 y1= 295 y2= 317 tnt1=1014 tnt2=1014 +=2028
x1=1023 x2=1023 y1= 291 y2= 313 tnt1=1023 tnt2=1023 +=2046
x1=1023 x2=1023 y1= 296 y2= 318 tnt1=1023 tnt2=1023 +=2046
x1=1023 x2=1023 y1= 291 y2= 313 tnt1=1023 tnt2=1020 +=2043
x1=1023 x2=1023 y1= 293 y2= 316 tnt1=1023 tnt2=1023 +=2046
x1=1023 x2=1023 y1= 301 y2= 321 tnt1=1023 tnt2=1023 +=2046
x1=1023 x2=1023 y1= 292 y2= 315 tnt1=1015 tnt2=1011 +=2026
x1=1023 x2=1023 y1= 276 y2= 301 tnt1=1023 tnt2=1020 +=2043
x1=1023 x2=1023 y1= 291 y2= 316 tnt1=1012 tnt2=1023 +=2035
x1=1023 x2=1023 y1= 297 y2= 319 tnt1=1014 tnt2=1014 +=2028
x1=1023 x2=1023 y1= 291 y2= 316 tnt1=1015 tnt2=1013 +=2028
x1= 101 x2= 106 y1= 292 y2= 281 tnt1=  50 tnt2=  99 += 149
x1= 103 x2= 117 y1= 289 y2= 278 tnt1=  41 tnt2=  42 +=  83D
x1= 118 x2= 106 y1= 295 y2= 287 tnt1=  57 tnt2= 115 += 172
x1= 117 x2= 107 y1= 297 y2= 288 tnt1=  64 tnt2=  55 += 119
x1=1023 x2=1023 y1= 296 y2= 318 tnt1=1013 tnt2=1018 +=2031
x1=1023 x2=1023 y1= 285 y2= 308 tnt1=1016 tnt2=1010 +=2026
x1=1023 x2=1023 y1= 285 y2= 309 tnt1=1023 tnt2=1020 +=2043
x1=1023 x2=1023 y1= 288 y2= 311 tnt1=1015 tnt2=1023 +=2038
x1=1023 x2=1023 y1= 285 y2= 308 tnt1=1015 tnt2=1021 +=2036
x1=  95 x2= 100 y1= 284 y2= 275 tnt1=  48 tnt2=  48 +=  96
x1=  89 x2= 101 y1= 275 y2= 262 tnt1=  14 tnt2=  27 +=  41D
x1=  91 x2=  88 y1= 271 y2= 257 tnt1=  22 tnt2=  42 +=  64D
x1=  87 x2=  79 y1= 268 y2= 254 tnt1=  31 tnt2=  28 +=  59D
x1=  87 x2=  82 y1= 266 y2= 254 tnt1=  26 tnt2=  27 +=  53D
x1=  97 x2=  89 y1= 267 y2= 255 tnt1=  18 tnt2=  24 +=  42D
x1= 107 x2= 103 y1= 288 y2= 274 tnt1=  33 tnt2=  49 +=  82D
x1= 135 x2= 135 y1= 295 y2= 292 tnt1=  60 tnt2=  83 += 143
x1= 116 x2= 113 y1= 292 y2= 284 tnt1=  38 tnt2=  81 += 119
x1=1023 x2=1023 y1= 290 y2= 313 tnt1=1023 tnt2=1023 +=2046
x1=  95 x2= 101 y1= 293 y2= 283 tnt1=  49 tnt2=  79 += 128
x1=  88 x2=  92 y1= 280 y2= 267 tnt1=  32 tnt2=  33 +=  65D
x1= 107 x2= 106 y1= 289 y2= 279 tnt1=  38 tnt2=  42 +=  80D
x1= 994 x2= 979 y1= 288 y2= 310 tnt1= 948 tnt2=1023 +=1971
x1=1023 x2=1023 y1= 287 y2= 309 tnt1=1014 tnt2=1015 +=2029
x1=1023 x2=1023 y1= 287 y2= 311 tnt1=1016 tnt2=1010 +=2026
x1=1023 x2=1023 y1= 283 y2= 303 tnt1=1023 tnt2=1021 +=2044
x1=1023 x2=1023 y1= 305 y2= 336 tnt1=1023 tnt2=1021 +=2044
x1=1023 x2=1023 y1= 279 y2= 304 tnt1=1016 tnt2=1021 +=2037
x1=1023 x2=1023 y1= 292 y2= 314 tnt1=1023 tnt2=1023 +=2046
x1=1023 x2=1023 y1= 284 y2= 306 tnt1=1023 tnt2=1023 +=2046
x1=1023 x2=1023 y1= 297 y2= 320 tnt1=1016 tnt2=1023 +=2039
x1=1023 x2=1023 y1= 290 y2= 312 tnt1=1016 tnt2=1023 +=2039
x1=  98 x2= 112 y1= 292 y2= 283 tnt1=  27 tnt2=  66 +=  93
x1= 402 x2= 369 y1= 314 y2= 321 tnt1= 391 tnt2=  67 += 458
x1= 238 x2= 250 y1= 323 y2= 333 tnt1= 144 tnt2=  84 += 228
x1=1007 x2=1008 y1= 296 y2= 317 tnt1=1004 tnt2=1019 +=2023
x1= 114 x2= 102 y1= 194 y2= 240 tnt1=  42 tnt2=  63 += 105
x1=  99 x2= 120 y1= 300 y2= 293 tnt1=  47 tnt2=  68 += 115
x1= 179 x2= 182 y1= 314 y2= 317 tnt1= 145 tnt2=  47 += 192
x1= 102 x2= 111 y1= 299 y2= 288 tnt1=  31 tnt2=  39 +=  70D
x1= 114 x2= 114 y1= 301 y2= 293 tnt1=  42 tnt2=  49 +=  91
x1= 106 x2= 118 y1= 299 y2= 292 tnt1=  38 tnt2=  30 +=  68D
x1= 192 x2= 215 y1= 312 y2= 324 tnt1= 131 tnt2=  43 += 174
x1= 103 x2= 111 y1= 296 y2= 289 tnt1=  32 tnt2=  68 += 100
x1=1023 x2=1023 y1= 291 y2= 313 tnt1=1023 tnt2=1021 +=2044
x1=1023 x2=1023 y1= 289 y2= 311 tnt1=1023 tnt2=1021 +=2044
x1=1023 x2=1023 y1= 293 y2= 328 tnt1=1023 tnt2=1020 +=2043
x1=1023 x2=1023 y1= 276 y2= 301 tnt1=1023 tnt2=1010 +=2033
x1=1023 x2=1023 y1= 289 y2= 312 tnt1=1023 tnt2=1023 +=2046
x1=1023 x2=1023 y1= 288 y2= 309 tnt1=1015 tnt2=1010 +=2025
x1=1023 x2=1023 y1= 281 y2= 304 tnt1=1016 tnt2=1023 +=2039
x1=1023 x2=1023 y1= 291 y2= 312 tnt1=1023 tnt2=1023 +=2046
x1=1023 x2=1023 y1= 290 y2= 313 tnt1=1015 tnt2=1021 +=2036
x1=1023 x2=1023 y1= 298 y2= 320 tnt1=1023 tnt2=1023 +=2046
x1=1023 x2=1023 y1= 284 y2= 307 tnt1=1023 tnt2=1023 +=2046
x1=1023 x2=1023 y1= 297 y2= 319 tnt1=1023 tnt2=1021 +=2044
x1=1023 x2=1023 y1= 284 y2= 310 tnt1=1023 tnt2=1022 +=2045
x1=1023 x2=1023 y1= 289 y2= 314 tnt1=1023 tnt2=1018 +=2041
x1=1023 x2=1023 y1= 290 y2= 312 tnt1=1016 tnt2=1010 +=2026
x1=1023 x2=1023 y1= 291 y2= 314 tnt1=1016 tnt2=1023 +=2039
x1=1023 x2=1023 y1= 293 y2= 313 tnt1=1023 tnt2=1023 +=2046
x1=1023 x2=1023 y1= 285 y2= 343 tnt1=1015 tnt2=1011 +=2026
x1=1023 x2=1023 y1= 293 y2= 316 tnt1=1016 tnt2=1023 +=2039
x1=1023 x2=1023 y1= 286 y2= 309 tnt1=1023 tnt2=1023 +=2046
x1=1023 x2=1023 y1= 294 y2= 315 tnt1=1023 tnt2=1020 +=2043
x1=1023 x2=1023 y1= 293 y2= 315 tnt1=1016 tnt2=1023 +=2039
x1=1023 x2=1023 y1= 287 y2= 313 tnt1=1023 tnt2=1009 +=2032
x1=1023 x2=1023 y1= 281 y2= 304 tnt1=1016 tnt2=1023 +=2039
x1=1023 x2=1023 y1= 291 y2= 313 tnt1=1015 tnt2=1009 +=2024
x1=1023 x2=1023 y1= 286 y2= 309 tnt1=1016 tnt2=1009 +=2025
x1=1023 x2=1023 y1= 292 y2= 315 tnt1=1023 tnt2=1021 +=2044
x1=1023 x2=1023 y1= 285 y2= 307 tnt1=1015 tnt2=1020 +=2035
x1=1023 x2=1023 y1= 295 y2= 318 tnt1=1023 tnt2=1023 +=2046
x1=1023 x2=1023 y1= 294 y2= 317 tnt1=1023 tnt2=1023 +=2046
x1=1023 x2=1023 y1= 295 y2= 317 tnt1=1016 tnt2=1009 +=2025
x1=1023 x2=1023 y1= 293 y2= 315 tnt1=1016 tnt2=1023 +=2039
x1=1023 x2=1023 y1= 304 y2= 332 tnt1=1016 tnt2=1023 +=2039
x1=1023 x2=1023 y1= 284 y2= 308 tnt1=1016 tnt2=1021 +=2037
x1=1023 x2=1023 y1= 284 y2= 307 tnt1=1016 tnt2=1023 +=2039
x1=1023 x2=1023 y1= 295 y2= 316 tnt1=1023 tnt2=1020 +=2043
x1=1023 x2=1023 y1= 294 y2= 317 tnt1=1016 tnt2=1021 +=2037
x1=1023 x2=1023 y1= 291 y2= 314 tnt1=1016 tnt2=1022 +=2038
x1=1023 x2=1023 y1= 288 y2= 308 tnt1=1009 tnt2=1011 +=2020
x1=1023 x2=1023 y1= 294 y2= 317 tnt1=1023 tnt2=1023 +=2046
x1=1023 x2=1023 y1= 298 y2= 321 tnt1=1016 tnt2=1023 +=2039
x1=1023 x2=1023 y1= 291 y2= 313 tnt1=1016 tnt2=1023 +=2039
x1=1023 x2=1023 y1= 296 y2= 323 tnt1=1016 tnt2=1023 +=2039
x1= 112 x2= 101 y1= 311 y2= 312 tnt1=  36 tnt2=  65 += 101
x1= 101 x2= 106 y1= 317 y2= 313 tnt1=  41 tnt2=  75 += 116
x1= 101 x2= 106 y1= 317 y2= 314 tnt1=  41 tnt2=  30 +=  71D
x1= 129 x2= 137 y1= 320 y2= 326 tnt1=  69 tnt2=  73 += 142
x1=1023 x2=1023 y1= 294 y2= 316 tnt1=1023 tnt2=1023 +=2046
x1=1023 x2=1023 y1= 294 y2= 317 tnt1=1023 tnt2=1023 +=2046
x1=1023 x2=1023 y1= 291 y2= 314 tnt1=1016 tnt2=1010 +=2026
x1=1023 x2=1023 y1= 294 y2= 317 tnt1=1017 tnt2=1023 +=2040
x1=1023 x2=1023 y1= 293 y2= 315 tnt1=1023 tnt2=1021 +=2044
x1=1023 x2=1023 y1= 289 y2= 318 tnt1=1017 tnt2=1023 +=2040
x1=1023 x2=1023 y1= 280 y2= 305 tnt1=1016 tnt2=1023 +=2039
x1=1023 x2=1023 y1= 289 y2= 312 tnt1=1023 tnt2=1021 +=2044
x1=1023 x2=1023 y1= 292 y2= 315 tnt1=1023 tnt2=1021 +=2044
x1=1023 x2=1023 y1= 292 y2= 315 tnt1=1023 tnt2=1023 +=2046
x1=1023 x2=1023 y1= 292 y2= 312 tnt1=1016 tnt2=1020 +=2036
x1=1023 x2=1023 y1= 297 y2= 319 tnt1=1016 tnt2=1010 +=2026
x1=1023 x2=1023 y1= 293 y2= 316 tnt1=1015 tnt2=1023 +=2038
x1=1023 x2=1023 y1= 291 y2= 314 tnt1=1016 tnt2=1021 +=2037
x1=1023 x2=1023 y1= 283 y2= 306 tnt1=1015 tnt2=1021 +=2036
x1=1023 x2=1023 y1= 277 y2= 308 tnt1=1017 tnt2=1021 +=2038
x1=1023 x2=1023 y1= 291 y2= 316 tnt1=1023 tnt2=1023 +=2046
x1=1023 x2=1023 y1= 297 y2= 319 tnt1=1023 tnt2=1020 +=2043
x1=1023 x2=1023 y1= 289 y2= 312 tnt1=1016 tnt2=1023 +=2039
x1=1023 x2=1023 y1= 291 y2= 314 tnt1=1023 tnt2=1023 +=2046
x1=1023 x2=1023 y1= 287 y2= 310 tnt1=1023 tnt2=1020 +=2043
x1=1023 x2=1023 y1= 297 y2= 319 tnt1=1016 tnt2=1011 +=2027
x1=1023 x2=1023 y1= 289 y2= 312 tnt1=1016 tnt2=1023 +=2039
x1=1023 x2=1023 y1= 294 y2= 316 tnt1=1016 tnt2=1019 +=2035
x1=1023 x2=1023 y1= 286 y2= 308 tnt1=1006 tnt2=1021 +=2027
x1=1023 x2=1023 y1= 282 y2= 316 tnt1=1016 tnt2=1011 +=2027
x1=1023 x2=1023 y1= 290 y2= 317 tnt1=1023 tnt2=1023 +=2046
x1=1023 x2=1023 y1= 278 y2= 301 tnt1=1013 tnt2=1023 +=2036
x1=1023 x2=1023 y1= 291 y2= 315 tnt1=1016 tnt2=1023 +=2039
x1=1023 x2=1023 y1= 290 y2= 313 tnt1=1023 tnt2=1023 +=2046
x1=1023 x2=1023 y1= 291 y2= 313 tnt1=1015 tnt2=1015 +=2030
x1= 103 x2= 109 y1= 327 y2= 328 tnt1=  42 tnt2=  31 +=  73D
x1=  98 x2= 102 y1= 324 y2= 323 tnt1=  31 tnt2=  33 +=  64D
x1= 103 x2= 119 y1= 323 y2= 325 tnt1=  28 tnt2=  26 +=  54D
x1= 106 x2=  96 y1= 327 y2= 327 tnt1=  37 tnt2=  38 +=  75D
x1= 274 x2= 261 y1= 340 y2= 359 tnt1= 257 tnt2=  61 += 318
x1= 185 x2= 249 y1= 313 y2= 335 tnt1=  47 tnt2=1023 +=1070
x1=1023 x2=1023 y1= 287 y2= 310 tnt1=1016 tnt2=1023 +=2039
x1=1023 x2=1023 y1= 288 y2= 311 tnt1=1023 tnt2=1023 +=2046
x1=1023 x2=1023 y1= 287 y2= 310 tnt1=1014 tnt2=1021 +=2035
x1= 137 x2= 140 y1= 333 y2= 341 tnt1=  58 tnt2=  67 += 125
x1= 104 x2= 109 y1= 333 y2= 335 tnt1=  43 tnt2=  43 +=  86D
x1= 100 x2= 113 y1= 328 y2= 329 tnt1=  33 tnt2=  24 +=  57D
x1=  98 x2= 109 y1= 328 y2= 329 tnt1=  17 tnt2=  25 +=  42D
x1=  96 x2=  90 y1= 328 y2= 326 tnt1=  26 tnt2=  27 +=  53D
x1=  94 x2= 100 y1= 326 y2= 328 tnt1=  15 tnt2=  29 +=  44D
x1=  85 x2=  94 y1= 329 y2= 327 tnt1=  23 tnt2=  21 +=  44D
x1=  97 x2=  85 y1= 333 y2= 330 tnt1=  21 tnt2=  30 +=  51D
x1=  94 x2= 101 y1= 332 y2= 329 tnt1=  11 tnt2=  21 +=  32D
x1=  94 x2=  99 y1= 329 y2= 329 tnt1=  13 tnt2=  23 +=  36D
x1=  92 x2=  98 y1= 331 y2= 329 tnt1=  22 tnt2=  24 +=  46D
x1=  95 x2=  99 y1= 332 y2= 332 tnt1=  27 tnt2=  20 +=  47D
x1=  95 x2=  97 y1= 331 y2= 331 tnt1=  22 tnt2=  22 +=  44D
x1=  99 x2=  94 y1= 331 y2= 333 tnt1=  31 tnt2=  30 +=  61D
x1=  96 x2=  92 y1= 335 y2= 333 tnt1=  26 tnt2=  28 +=  54D
x1=  94 x2=  88 y1= 331 y2= 329 tnt1=  22 tnt2=  17 +=  39D
x1=  86 x2=  91 y1= 333 y2= 330 tnt1=  22 tnt2=  18 +=  40D
x1=  93 x2=  82 y1= 335 y2= 332 tnt1=  19 tnt2=  23 +=  42D
x1=  91 x2=  99 y1= 333 y2= 331 tnt1=   9 tnt2=  18 +=  27D
x1=  92 x2=  94 y1= 334 y2= 331 tnt1=  13 tnt2=  18 +=  31D
x1= 101 x2=  94 y1= 332 y2= 331 tnt1=  16 tnt2=  18 +=  34D
x1=  90 x2=  91 y1= 335 y2= 332 tnt1=  18 tnt2=  12 +=  30D
x1=  94 x2=  92 y1= 336 y2= 335 tnt1=  15 tnt2=  29 +=  44D
x1=  91 x2=  87 y1= 337 y2= 334 tnt1=  24 tnt2=  21 +=  45D
x1=  82 x2=  90 y1= 338 y2= 336 tnt1=  21 tnt2=  22 +=  43D
x1=  96 x2=  90 y1= 338 y2= 338 tnt1=  28 tnt2=  24 +=  52D
x1=  87 x2=  97 y1= 338 y2= 340 tnt1=  26 tnt2=  36 +=  62D
x1=  98 x2= 109 y1= 340 y2= 342 tnt1=  14 tnt2=  24 +=  38D
x1=  97 x2= 103 y1= 341 y2= 342 tnt1=  17 tnt2=  30 +=  47D
x1=  97 x2=  89 y1= 343 y2= 342 tnt1=  29 tnt2=  27 +=  56D
x1=  91 x2=  97 y1= 343 y2= 345 tnt1=  28 tnt2=  30 +=  58D
x1=  91 x2= 105 y1= 344 y2= 348 tnt1=  33 tnt2=  27 +=  60D
x1=  95 x2=  90 y1= 344 y2= 343 tnt1=  25 tnt2=  24 +=  49D
x1=  92 x2=  88 y1= 344 y2= 344 tnt1=  22 tnt2=  22 +=  44D
x1= 102 x2=  94 y1= 344 y2= 344 tnt1=  14 tnt2=  18 +=  32D
x1=  89 x2=  93 y1= 302 y2= 338 tnt1=  20 tnt2=  19 +=  39D
x1=  92 x2=  95 y1= 345 y2= 346 tnt1=  11 tnt2=  24 +=  35D
x1=  91 x2=  98 y1= 346 y2= 346 tnt1=   8 tnt2=  18 +=  26D
x1=  91 x2=  96 y1= 345 y2= 347 tnt1=  12 tnt2=  18 +=  30D
x1=  82 x2=  91 y1= 349 y2= 348 tnt1=  20 tnt2=  21 +=  41D
x1=  85 x2=  91 y1= 348 y2= 349 tnt1=  18 tnt2=  20 +=  38D
x1=  94 x2=  92 y1= 349 y2= 350 tnt1=  16 tnt2=  26 +=  42D
x1=  93 x2=  84 y1= 351 y2= 351 tnt1=  27 tnt2=  22 +=  49D
x1=  90 x2=  91 y1= 350 y2= 351 tnt1=  17 tnt2=  12 +=  29D
x1= 102 x2=  94 y1= 351 y2= 353 tnt1=  14 tnt2=  19 +=  33D
x1=  92 x2= 100 y1= 356 y2= 356 tnt1=  15 tnt2=  18 +=  33D
x1=  98 x2=  92 y1= 355 y2= 356 tnt1=  15 tnt2=  19 +=  34D
x1=  92 x2=  96 y1= 355 y2= 356 tnt1=   8 tnt2=  16 +=  24D
x1=  91 x2=  87 y1= 356 y2= 357 tnt1=  21 tnt2=  19 +=  40D
x1=  83 x2=  91 y1= 358 y2= 358 tnt1=  17 tnt2=  18 +=  35D
x1=  91 x2=  94 y1= 357 y2= 359 tnt1=  13 tnt2=  17 +=  30D
x1=  92 x2=  81 y1= 359 y2= 360 tnt1=  15 tnt2=  23 +=  38D
x1=  92 x2=  83 y1= 360 y2= 360 tnt1=  25 tnt2=  20 +=  45D
x1=  91 x2=  95 y1= 359 y2= 362 tnt1=  11 tnt2=  16 +=  27D
x1=  98 x2=  92 y1= 361 y2= 363 tnt1=  12 tnt2=  16 +=  28D
x1=  90 x2=  92 y1= 363 y2= 365 tnt1=  11 tnt2=  23 +=  34D
x1=  96 x2=  91 y1= 365 y2= 366 tnt1=  13 tnt2=  16 +=  29D
x1=  92 x2=  91 y1= 366 y2= 368 tnt1=  14 tnt2=  25 +=  39D
x1=  91 x2=  88 y1= 368 y2= 369 tnt1=  19 tnt2=  17 +=  36D
x1=  85 x2=  89 y1= 368 y2= 370 tnt1=  18 tnt2=  17 +=  35D
x1=  95 x2=  92 y1= 368 y2= 373 tnt1=  15 tnt2=  28 +=  43D
x1=  87 x2=  90 y1= 371 y2= 373 tnt1=  18 tnt2=  19 +=  37D
x1=  91 x2=  96 y1= 370 y2= 374 tnt1=   9 tnt2=  16 +=  25D
x1= 100 x2=  93 y1= 372 y2= 374 tnt1=  13 tnt2=  17 +=  30D
x1=  92 x2=  87 y1= 374 y2= 377 tnt1=  22 tnt2=  19 +=  41D
x1= 101 x2=  93 y1= 373 y2= 379 tnt1=  13 tnt2=  23 +=  36D
x1= 100 x2=  84 y1= 372 y2= 378 tnt1=  14 tnt2=  17 +=  31D
x1=  91 x2=  86 y1= 376 y2= 379 tnt1=  21 tnt2=  19 +=  40D
x1=  91 x2=  90 y1= 376 y2= 381 tnt1=  19 tnt2=  19 +=  38D
x1=  98 x2=  93 y1= 380 y2= 383 tnt1=  15 tnt2=  25 +=  40D
x1=  91 x2=  94 y1= 380 y2= 384 tnt1=  12 tnt2=  11 +=  23D
x1=  89 x2=  92 y1= 380 y2= 384 tnt1=  17 tnt2=  10 +=  27D
x1=  92 x2=  90 y1= 382 y2= 384 tnt1=  20 tnt2=  19 +=  39D
x1=  91 x2=  97 y1= 380 y2= 385 tnt1=  11 tnt2=  17 +=  28D
x1=  84 x2=  91 y1= 382 y2= 387 tnt1=  16 tnt2=  19 +=  35D
x1= 101 x2=  94 y1= 382 y2= 389 tnt1=  13 tnt2=  21 +=  34D
x1=  88 x2= 102 y1= 381 y2= 388 tnt1=  16 tnt2=  27 +=  43D
x1=  92 x2=  86 y1= 384 y2= 389 tnt1=  21 tnt2=  19 +=  40D
x1=  90 x2=  96 y1= 383 y2= 390 tnt1=   7 tnt2=  15 +=  22D
x1=  95 x2=  92 y1= 385 y2= 392 tnt1=  14 tnt2=  27 +=  41D
x1=  99 x2=  93 y1= 387 y2= 392 tnt1=  14 tnt2=  11 +=  25D
x1=  90 x2=  99 y1= 388 y2= 393 tnt1=   5 tnt2=  13 +=  18D
x1=  90 x2=  94 y1= 388 y2= 393 tnt1=  10 tnt2=  15 +=  25D
x1=  82 x2=  91 y1= 390 y2= 394 tnt1=  16 tnt2=  16 +=  32D
x1=  88 x2=  91 y1= 390 y2= 395 tnt1=  15 tnt2=   6 +=  21D
x1=  92 x2=  90 y1= 392 y2= 398 tnt1=  18 tnt2=   9 +=  27D
x1=  90 x2= 103 y1= 390 y2= 398 tnt1=  17 tnt2=  18 +=  35D
x1=  95 x2=  95 y1= 394 y2= 401 tnt1=  21 tnt2=  20 +=  41D
x1= 102 x2=  96 y1= 392 y2= 400 tnt1=  15 tnt2=  20 +=  35D
x1=  97 x2=  95 y1= 393 y2= 402 tnt1=  17 tnt2=  27 +=  44D
x1=  91 x2=  94 y1= 394 y2= 402 tnt1=  17 tnt2=  14 +=  31D
x1=  93 x2=  99 y1= 393 y2= 402 tnt1=   9 tnt2=  17 +=  26D
x1=  93 x2=  89 y1= 394 y2= 403 tnt1=  24 tnt2=  21 +=  45D
x1=  89 x2=  95 y1= 395 y2= 404 tnt1=  20 tnt2=  24 +=  44D
x1=  98 x2=  98 y1= 392 y2= 404 tnt1=  25 tnt2=  27 +=  52D
x1= 110 x2= 105 y1= 403 y2= 413 tnt1=  24 tnt2=  29 +=  53D
x1=  94 x2= 105 y1= 395 y2= 406 tnt1=  21 tnt2=  35 +=  56D
x1= 102 x2= 100 y1= 398 y2= 407 tnt1=  16 tnt2=  24 +=  40D
x1= 103 x2=  98 y1= 393 y2= 406 tnt1=  16 tnt2=  22 +=  38D
x1=  93 x2=  96 y1= 396 y2= 405 tnt1=  20 tnt2=  15 +=  35D
x1=  94 x2= 109 y1= 394 y2= 407 tnt1=  23 tnt2=  20 +=  43D
x1= 103 x2=  99 y1= 400 y2= 410 tnt1=  20 tnt2=  29 +=  49D
x1=  99 x2=  96 y1= 395 y2= 408 tnt1=  26 tnt2=  29 +=  55D
x1= 100 x2= 105 y1= 386 y2= 406 tnt1=  34 tnt2=  21 +=  55D
x1= 105 x2= 102 y1= 390 y2= 408 tnt1=  23 tnt2=  37 +=  60D
x1= 755 x2= 771 y1= 296 y2= 320 tnt1= 637 tnt2=1015 +=1652
x1= 118 x2= 115 y1= 386 y2= 407 tnt1=  32 tnt2=  70 += 102
x1= 117 x2= 114 y1= 389 y2= 408 tnt1=  27 tnt2=  59 +=  86
x1=  96 x2= 103 y1= 387 y2= 407 tnt1=  37 tnt2=  40 +=  77D
x1= 102 x2= 107 y1= 390 y2= 408 tnt1=  36 tnt2=  57 +=  93
x1= 107 x2= 120 y1= 383 y2= 405 tnt1=  26 tnt2=  42 +=  68D
x1= 100 x2=  93 y1= 398 y2= 411 tnt1=  30 tnt2=  30 +=  60D
x1=1023 x2=1023 y1= 289 y2= 312 tnt1=1008 tnt2=1014 +=2022
x1=1023 x2=1023 y1= 301 y2= 326 tnt1=1023 tnt2=1023 +=2046
x1=1023 x2=1023 y1= 289 y2= 312 tnt1=1015 tnt2=1023 +=2038
x1=1023 x2=1023 y1= 286 y2= 320 tnt1=1015 tnt2=1023 +=2038
x1=1023 x2=1023 y1= 290 y2= 315 tnt1=1016 tnt2=1023 +=2039
x1=1023 x2=1023 y1= 291 y2= 313 tnt1=1014 tnt2=1012 +=2026
x1= 102 x2= 111 y1= 388 y2= 409 tnt1=  44 tnt2=  79 += 123
x1= 131 x2= 148 y1= 373 y2= 401 tnt1= 204 tnt2= 146 += 350
x1= 120 x2= 136 y1= 378 y2= 403 tnt1=  49 tnt2=  75 += 124
x1= 619 x2= 630 y1= 311 y2= 333 tnt1= 457 tnt2=1023 +=1480
x1=1023 x2=1023 y1= 295 y2= 317 tnt1=1015 tnt2=1010 +=2025
x1=1023 x2=1023 y1= 288 y2= 311 tnt1=1016 tnt2=1023 +=2039
x1=1023 x2=1023 y1= 282 y2= 305 tnt1=1016 tnt2=1023 +=2039
x1=1023 x2=1023 y1= 281 y2= 307 tnt1=1015 tnt2=1023 +=2038
x1=1023 x2=1023 y1= 288 y2= 311 tnt1=1016 tnt2=1023 +=2039
x1=1023 x2=1023 y1= 290 y2= 314 tnt1=1023 tnt2=1023 +=2046
x1=1023 x2=1023 y1= 292 y2= 315 tnt1=1023 tnt2=1023 +=2046
x1=1023 x2=1023 y1= 293 y2= 317 tnt1=1016 tnt2=1023 +=2039
x1=1023 x2=1023 y1= 291 y2= 314 tnt1=1023 tnt2=1023 +=2046
x1=1023 x2=1023 y1= 289 y2= 313 tnt1=1023 tnt2=1023 +=2046
x1= 746 x2= 354 y1= 377 y2= 430 tnt1= 544 tnt2=  93 += 637
x1= 112 x2= 101 y1= 391 y2= 415 tnt1=  33 tnt2=  44 +=  77D
x1= 116 x2= 135 y1= 382 y2= 409 tnt1=  52 tnt2=  30 +=  82
x1= 129 x2= 129 y1= 379 y2= 410 tnt1=  48 tnt2=  77 += 125
x1= 109 x2= 133 y1= 382 y2= 410 tnt1=  52 tnt2=  52 += 104
x1=  96 x2= 101 y1= 405 y2= 420 tnt1=  27 tnt2=  22 +=  49D
x1=  96 x2= 101 y1= 400 y2= 419 tnt1=  28 tnt2=  20 +=  48D
x1= 100 x2=  96 y1= 407 y2= 421 tnt1=  27 tnt2=  31 +=  58D
x1= 101 x2=  95 y1= 403 y2= 421 tnt1=  31 tnt2=  27 +=  58D
x1=1020 x2=1023 y1= 282 y2= 305 tnt1= 996 tnt2=1017 +=2013
x1= 122 x2= 119 y1= 394 y2= 419 tnt1=  34 tnt2= 254 += 288
x1=1023 x2=1023 y1= 289 y2= 312 tnt1=1023 tnt2=1023 +=2046
x1=1023 x2=1023 y1= 292 y2= 312 tnt1=1023 tnt2=1020 +=2043
x1=1023 x2=1023 y1= 305 y2= 334 tnt1=1015 tnt2=1021 +=2036
x1=1023 x2=1023 y1= 289 y2= 314 tnt1=1016 tnt2=1023 +=2039
x1=1023 x2=1023 y1= 288 y2= 309 tnt1=1023 tnt2=1023 +=2046
x1= 117 x2= 116 y1= 395 y2= 420 tnt1=  64 tnt2=  77 += 141
x1=1023 x2=1023 y1= 276 y2= 299 tnt1=1016 tnt2=1023 +=2039
x1= 109 x2= 116 y1= 390 y2= 416 tnt1=  48 tnt2=  35 +=  83D
x1= 112 x2= 107 y1= 404 y2= 424 tnt1=  23 tnt2=  42 +=  65D
x1= 109 x2= 117 y1= 384 y2= 412 tnt1=  52 tnt2=  43 +=  95
x1= 115 x2= 122 y1= 380 y2= 410 tnt1=  57 tnt2=  37 +=  94
x1= 118 x2= 138 y1= 379 y2= 410 tnt1=  48 tnt2= 142 += 190
x1=1023 x2=1023 y1= 284 y2= 309 tnt1=1023 tnt2=1020 +=2043
x1=1023 x2=1023 y1= 290 y2= 315 tnt1=1023 tnt2=1022 +=2045
x1= 946 x2= 968 y1= 300 y2= 321 tnt1= 880 tnt2=1017 +=1897
x1=1023 x2=1023 y1= 288 y2= 311 tnt1=1015 tnt2=1023 +=2038
x1= 408 x2= 417 y1= 330 y2= 354 tnt1= 289 tnt2=  79 += 368
x1= 901 x2= 927 y1= 291 y2= 315 tnt1= 814 tnt2=1020 +=1834
x1=1023 x2=1023 y1= 292 y2= 314 tnt1=1016 tnt2=1011 +=2027
x1=1023 x2=1023 y1= 291 y2= 313 tnt1=1023 tnt2=1023 +=2046
x1=1023 x2=1023 y1= 285 y2= 307 tnt1=1023 tnt2=1021 +=2044
x1=1023 x2=1023 y1= 289 y2= 311 tnt1=1016 tnt2=1021 +=2037
x1=1023 x2=1023 y1= 289 y2= 324 tnt1=1015 tnt2=1023 +=2038
x1=1023 x2=1023 y1= 293 y2= 319 tnt1=1023 tnt2=1011 +=2034
x1=1023 x2=1023 y1= 293 y2= 316 tnt1=1012 tnt2=1008 +=2020
x1= 118 x2= 118 y1= 399 y2= 427 tnt1=  37 tnt2=  46 +=  83D
x1= 101 x2= 116 y1= 408 y2= 431 tnt1=  15 tnt2=  25 +=  40D
x1= 177 x2= 179 y1= 373 y2= 403 tnt1= 143 tnt2=  39 += 182
x1= 141 x2= 132 y1= 377 y2= 410 tnt1=  86 tnt2=  35 += 121
x1= 111 x2= 120 y1= 397 y2= 424 tnt1=  55 tnt2=  26 +=  81
x1= 129 x2= 135 y1= 390 y2= 421 tnt1=  78 tnt2=  32 += 110
x1= 171 x2= 164 y1= 368 y2= 402 tnt1= 127 tnt2=  41 += 168
x1= 127 x2= 147 y1= 382 y2= 420 tnt1=  70 tnt2=  39 += 109
x1= 149 x2= 143 y1= 366 y2= 402 tnt1=  61 tnt2=  28 +=  89
x1= 382 x2= 387 y1= 343 y2= 371 tnt1= 330 tnt2= 102 += 432
x1= 122 x2= 132 y1= 389 y2= 420 tnt1=  71 tnt2=  45 += 116
x1= 141 x2= 160 y1= 365 y2= 398 tnt1=  67 tnt2=  30 +=  97
x1= 116 x2= 132 y1= 394 y2= 426 tnt1=  42 tnt2=  37 +=  79D
x1= 116 x2= 126 y1= 382 y2= 416 tnt1=  63 tnt2=  34 +=  97
x1= 182 x2= 182 y1= 368 y2= 401 tnt1= 186 tnt2=  29 += 215
x1= 312 x2= 320 y1= 329 y2= 355 tnt1= 170 tnt2=  72 += 242
x1= 264 x2= 253 y1= 345 y2= 375 tnt1= 204 tnt2=  72 += 276
x1= 962 x2= 966 y1= 288 y2= 312 tnt1= 879 tnt2=1023 +=1902
x1= 126 x2= 118 y1= 393 y2= 429 tnt1=  45 tnt2= 119 += 164
x1= 142 x2= 144 y1= 385 y2= 417 tnt1=  59 tnt2=  76 += 135
x1= 132 x2= 142 y1= 385 y2= 415 tnt1=  90 tnt2=  41 += 131
x1= 118 x2= 134 y1= 398 y2= 431 tnt1=  38 tnt2=  28 +=  66D
x1= 130 x2= 123 y1= 388 y2= 423 tnt1=  63 tnt2=  35 +=  98
x1= 101 x2= 116 y1= 416 y2= 443 tnt1=  29 tnt2=  25 +=  54D
x1= 119 x2= 115 y1= 414 y2= 442 tnt1=  27 tnt2=  42 +=  69D
x1= 101 x2= 111 y1= 424 y2= 449 tnt1=  19 tnt2=  25 +=  44D
x1=  99 x2= 100 y1= 429 y2= 452 tnt1=  20 tnt2=  24 +=  44D
x1= 101 x2= 105 y1= 439 y2= 459 tnt1=  23 tnt2=  22 +=  45D
x1= 104 x2= 102 y1= 423 y2= 450 tnt1=  34 tnt2=  22 +=  56D
x1= 102 x2= 107 y1= 422 y2= 446 tnt1=  35 tnt2=  17 +=  52D
x1= 107 x2= 124 y1= 412 y2= 443 tnt1=  26 tnt2=  22 +=  48D
x1= 110 x2= 101 y1= 416 y2= 446 tnt1=  41 tnt2=  35 +=  76D
x1=  94 x2= 103 y1= 424 y2= 451 tnt1=  33 tnt2=  31 +=  64D
x1= 103 x2=  99 y1= 430 y2= 453 tnt1=  30 tnt2=  23 +=  53D
x1= 102 x2= 100 y1= 434 y2= 456 tnt1=  20 tnt2=  30 +=  50D
x1= 102 x2=  96 y1= 432 y2= 455 tnt1=  33 tnt2=  27 +=  60D
x1= 105 x2= 117 y1= 412 y2= 445 tnt1=  23 tnt2=  29 +=  52D
x1= 166 x2= 163 y1= 380 y2= 423 tnt1=  85 tnt2=  31 += 116
x1= 249 x2= 267 y1= 338 y2= 377 tnt1= 257 tnt2=  58 += 315
x1= 110 x2= 117 y1= 408 y2= 440 tnt1=  48 tnt2=  49 +=  97
x1= 166 x2= 177 y1= 364 y2= 397 tnt1=  80 tnt2=  42 += 122
x1= 107 x2= 124 y1= 422 y2= 452 tnt1=  39 tnt2=  29 +=  68D
x1=  97 x2= 116 y1= 433 y2= 459 tnt1=  28 tnt2=  23 +=  51D
x1= 112 x2= 109 y1= 429 y2= 457 tnt1=  26 tnt2=  24 +=  50D
x1= 110 x2=  96 y1= 430 y2= 459 tnt1=  27 tnt2=  30 +=  57D
x1= 102 x2= 115 y1= 431 y2= 461 tnt1=  16 tnt2=  22 +=  38D
x1= 102 x2= 110 y1= 434 y2= 461 tnt1=  19 tnt2=  23 +=  42D
x1= 115 x2= 131 y1= 410 y2= 458 tnt1=  58 tnt2=  37 +=  95
x1= 104 x2= 115 y1= 429 y2= 461 tnt1=  33 tnt2=  31 +=  64D
x1=  97 x2= 105 y1= 444 y2= 467 tnt1=  17 tnt2=  20 +=  37D
x1=  99 x2=  91 y1= 446 y2= 466 tnt1=  31 tnt2=  28 +=  59D
x1=  85 x2=  94 y1= 452 y2= 471 tnt1=  20 tnt2=  21 +=  41D
x1=  87 x2=  94 y1= 452 y2= 470 tnt1=  17 tnt2=  22 +=  39D
x1= 100 x2=  98 y1= 451 y2= 472 tnt1=  18 tnt2=  29 +=  47D
x1=  91 x2=  98 y1= 451 y2= 471 tnt1=  19 tnt2=  14 +=  33D
x1=  99 x2= 109 y1= 443 y2= 469 tnt1=  15 tnt2=  22 +=  37D
x1= 121 x2= 135 y1= 406 y2= 445 tnt1=  45 tnt2=  31 +=  76D
x1= 110 x2= 126 y1= 425 y2= 464 tnt1=  30 tnt2=  25 +=  55D
x1= 169 x2= 165 y1= 385 y2= 424 tnt1=  98 tnt2=  25 += 123
x1= 149 x2= 149 y1= 410 y2= 450 tnt1=  84 tnt2=  36 += 120
x1= 113 x2= 102 y1= 431 y2= 465 tnt1=  47 tnt2=  32 +=  79D
x1= 103 x2= 107 y1= 437 y2= 469 tnt1=  27 tnt2=  23 +=  50D
x1= 104 x2= 100 y1= 457 y2= 479 tnt1=  17 tnt2=  22 +=  39D
x1=  98 x2=  97 y1= 462 y2= 481 tnt1=  15 tnt2=  28 +=  43D
x1=  92 x2=  94 y1= 462 y2= 481 tnt1=  16 tnt2=  13 +=  29D
x1=  93 x2=  97 y1= 463 y2= 490 tnt1=  20 tnt2=  10 +=  30D
x1=  91 x2=  96 y1= 461 y2= 482 tnt1=  18 tnt2=  12 +=  30D
x1=  95 x2= 101 y1= 458 y2= 485 tnt1=  13 tnt2=  24 +=  37D
x1=  88 x2=  96 y1= 460 y2= 484 tnt1=  21 tnt2=  21 +=  42D
x1=  98 x2=  92 y1= 460 y2= 483 tnt1=  28 tnt2=  23 +=  51D
x1=  98 x2=  93 y1= 460 y2= 484 tnt1=  28 tnt2=  26 +=  54D
x1=  97 x2= 104 y1= 458 y2= 484 tnt1=  16 tnt2=  21 +=  37D
x1= 100 x2=  98 y1= 462 y2= 487 tnt1=  17 tnt2=  32 +=  49D
x1=  93 x2=  97 y1= 464 y2= 486 tnt1=  19 tnt2=  15 +=  34D
x1=  93 x2=  97 y1= 463 y2= 485 tnt1=  21 tnt2=  14 +=  35D
x1=  91 x2=  98 y1= 463 y2= 487 tnt1=  20 tnt2=  22 +=  42D
x1=  91 x2= 100 y1= 454 y2= 485 tnt1=  27 tnt2=  28 +=  55D
x1= 106 x2=  99 y1= 470 y2= 494 tnt1=  31 tnt2=  24 +=  55D
x1=  98 x2= 107 y1= 445 y2= 477 tnt1=  33 tnt2=  23 +=  56D
x1= 108 x2= 101 y1= 449 y2= 482 tnt1=  40 tnt2=  27 +=  67D
x1=  99 x2= 106 y1= 453 y2= 485 tnt1=  18 tnt2=  23 +=  41D
x1= 108 x2= 103 y1= 462 y2= 488 tnt1=  17 tnt2=  24 +=  41D
x1=  94 x2=  96 y1= 473 y2= 493 tnt1=  17 tnt2=  11 +=  28D
x1=  91 x2= 102 y1= 476 y2= 494 tnt1=  15 tnt2=  11 +=  26D
x1=  92 x2= 102 y1= 475 y2= 495 tnt1=   6 tnt2=  14 +=  20D
x1=  94 x2=  91 y1= 478 y2= 496 tnt1=  21 tnt2=  19 +=  40D
x1=  88 x2=  93 y1= 476 y2= 496 tnt1=  19 tnt2=  20 +=  39D
x1=  95 x2=  91 y1= 478 y2= 498 tnt1=  21 tnt2=  17 +=  38D
x1=  89 x2= 107 y1= 469 y2= 497 tnt1=  18 tnt2=  30 +=  48D
x1=  96 x2= 106 y1= 470 y2= 496 tnt1=  13 tnt2=  23 +=  36D
x1=  96 x2= 102 y1= 471 y2= 497 tnt1=  13 tnt2=  21 +=  34D
x1= 100 x2=  96 y1= 478 y2= 499 tnt1=  13 tnt2=  17 +=  30D
x1=  89 x2=  94 y1= 483 y2= 499 tnt1=  15 tnt2=   6 +=  21D
x1=  92 x2= 105 y1= 485 y2= 501 tnt1=  15 tnt2=  13 +=  28D
x1=  96 x2=  93 y1= 480 y2= 501 tnt1=  23 tnt2=  22 +=  45D
x1=  86 x2=  95 y1= 477 y2= 501 tnt1=  22 tnt2=  23 +=  45D
x1=  97 x2= 103 y1= 472 y2= 500 tnt1=  15 tnt2=  22 +=  37D
x1=  89 x2=  98 y1= 469 y2= 500 tnt1=  26 tnt2=  16 +=  42D
x1=  92 x2= 109 y1= 474 y2= 502 tnt1=  21 tnt2=  21 +=  42D
x1=  95 x2= 104 y1= 479 y2= 502 tnt1=   8 tnt2=  17 +=  25D
x1=  93 x2=  98 y1= 482 y2= 505 tnt1=  11 tnt2=  18 +=  29D
x1=  90 x2= 104 y1= 486 y2= 505 tnt1=  15 tnt2=  12 +=  27D
x1=  98 x2=  98 y1= 477 y2= 505 tnt1=  22 tnt2=  30 +=  52D
x1= 101 x2=  99 y1= 484 y2= 507 tnt1=  16 tnt2=  20 +=  36D
x1= 101 x2=  97 y1= 467 y2= 501 tnt1=  30 tnt2=  30 +=  60D
x1= 112 x2= 108 y1= 468 y2= 500 tnt1=  19 tnt2=  33 +=  52D
x1= 119 x2= 120 y1= 436 y2= 481 tnt1=  31 tnt2=  31 +=  62D
x1= 109 x2= 117 y1= 431 y2= 480 tnt1=  55 tnt2=  24 +=  79
x1= 107 x2= 117 y1= 452 y2= 496 tnt1=  26 tnt2=  30 +=  56D
x1= 176 x2= 195 y1= 393 y2= 438 tnt1= 127 tnt2=  34 += 161
x1= 132 x2= 122 y1= 418 y2= 465 tnt1=  69 tnt2=  34 += 103
x1=  95 x2= 104 y1= 466 y2= 502 tnt1=  30 tnt2=  20 +=  50D
x1=  92 x2=  97 y1= 487 y2= 512 tnt1=  18 tnt2=  11 +=  29D
x1=  95 x2=  88 y1= 491 y2= 514 tnt1=  25 tnt2=  20 +=  45D
x1=  95 x2=  93 y1= 491 y2= 515 tnt1=  22 tnt2=  21 +=  43D
x1= 104 x2= 101 y1= 487 y2= 514 tnt1=  14 tnt2=  20 +=  34D
x1= 118 x2= 118 y1= 451 y2= 495 tnt1=  31 tnt2=  26 +=  57D
x1= 131 x2= 156 y1= 400 y2= 451 tnt1=  46 tnt2=  57 += 103
x1= 940 x2= 962 y1= 281 y2= 304 tnt1= 880 tnt2=1016 +=1896
x1=1023 x2=1023 y1= 291 y2= 314 tnt1=1010 tnt2=1021 +=2031
x1=1023 x2=1023 y1= 289 y2= 310 tnt1=1023 tnt2=1023 +=2046
x1=1023 x2=1023 y1= 287 y2= 309 tnt1=1023 tnt2=1021 +=2044
x1=1023 x2=1023 y1= 293 y2= 315 tnt1=1016 tnt2=1023 +=2039
x1=1023 x2=1023 y1= 284 y2= 307 tnt1=1023 tnt2=1023 +=2046
x1=1023 x2=1023 y1= 289 y2= 311 tnt1=1023 tnt2=1021 +=2044
x1=1023 x2=1023 y1= 293 y2= 315 tnt1=1016 tnt2=1010 +=2026
x1= 122 x2= 119 y1= 458 y2= 502 tnt1=  33 tnt2=  44 +=  77D
x1=  97 x2= 104 y1= 502 y2= 530 tnt1=  17 tnt2=  22 +=  39D
x1= 120 x2= 113 y1= 440 y2= 491 tnt1=  38 tnt2=  18 +=  56D
x1= 140 x2= 131 y1= 434 y2= 486 tnt1=  80 tnt2=  30 += 110
x1= 102 x2= 110 y1= 460 y2= 507 tnt1=  42 tnt2=  27 +=  69D
x1= 121 x2= 120 y1= 464 y2= 509 tnt1=  30 tnt2=  25 +=  55D
x1= 119 x2= 108 y1= 450 y2= 499 tnt1=  37 tnt2=  33 +=  70D
x1= 108 x2=  98 y1= 474 y2= 516 tnt1=  39 tnt2=  27 +=  66D
x1=  96 x2= 102 y1= 499 y2= 530 tnt1=  14 tnt2=  19 +=  33D
x1= 101 x2=  98 y1= 501 y2= 530 tnt1=  15 tnt2=  19 +=  34D
x1=  91 x2=  96 y1= 506 y2= 532 tnt1=  18 tnt2=  10 +=  28D
x1= 101 x2=  98 y1= 506 y2= 535 tnt1=  15 tnt2=  21 +=  36D
x1=  88 x2=  97 y1= 506 y2= 532 tnt1=  18 tnt2=  17 +=  35D
x1=  87 x2=  97 y1= 504 y2= 531 tnt1=  21 tnt2=  20 +=  41D
x1=  99 x2=  98 y1= 492 y2= 527 tnt1=  22 tnt2=  22 +=  44D
x1=  94 x2= 100 y1= 497 y2= 529 tnt1=  23 tnt2=  12 +=  35D
x1= 122 x2= 122 y1= 440 y2= 494 tnt1=  52 tnt2=  25 +=  77
x1=  98 x2= 107 y1= 500 y2= 532 tnt1=  12 tnt2=  21 +=  33D
x1= 439 x2= 452 y1= 345 y2= 377 tnt1= 425 tnt2=  29 += 454
x1= 957 x2= 948 y1= 307 y2= 329 tnt1= 890 tnt2=1023 +=1913
x1=1023 x2=1023 y1= 295 y2= 318 tnt1=1017 tnt2=1023 +=2040
x1=1023 x2=1023 y1= 297 y2= 333 tnt1=1015 tnt2=1007 +=2022
x1=1023 x2=1023 y1= 287 y2= 310 tnt1=1023 tnt2=1012 +=2035
x1= 179 x2= 193 y1= 368 y2= 407 tnt1=  92 tnt2=  59 += 151
x1= 116 x2= 111 y1= 488 y2= 528 tnt1=  24 tnt2=  33 +=  57D
x1= 108 x2= 107 y1= 493 y2= 532 tnt1=  24 tnt2=  38 +=  62D
x1=  98 x2=  99 y1= 510 y2= 540 tnt1=  21 tnt2=  31 +=  52D
x1= 100 x2=  99 y1= 514 y2= 540 tnt1=  15 tnt2=  18 +=  33D
x1=  94 x2= 102 y1= 515 y2= 542 tnt1=   9 tnt2=  17 +=  26D
x1=  89 x2=  95 y1= 518 y2= 543 tnt1=  15 tnt2=  16 +=  31D
x1=  93 x2=  96 y1= 520 y2= 543 tnt1=  14 tnt2=  10 +=  24D
x1=  91 x2=  95 y1= 521 y2= 548 tnt1=  15 tnt2=  14 +=  29D
x1=  94 x2= 102 y1= 517 y2= 543 tnt1=  16 tnt2=  21 +=  37D
x1= 103 x2=  99 y1= 517 y2= 544 tnt1=  12 tnt2=  16 +=  28D
x1=  98 x2=  97 y1= 520 y2= 545 tnt1=  14 tnt2=  16 +=  30D
x1=  94 x2=  96 y1= 518 y2= 544 tnt1=  14 tnt2=   6 +=  20D
x1=  91 x2=  96 y1= 521 y2= 545 tnt1=  14 tnt2=   6 +=  20D
x1= 103 x2=  98 y1= 520 y2= 547 tnt1=  12 tnt2=  15 +=  27D
x1=  89 x2=  95 y1= 524 y2= 548 tnt1=  15 tnt2=  16 +=  31D
x1=  91 x2=  95 y1= 527 y2= 549 tnt1=  14 tnt2=   8 +=  22D
x1=  90 x2= 102 y1= 522 y2= 557 tnt1=  24 tnt2=  16 +=  40D
x1=  93 x2= 107 y1= 521 y2= 554 tnt1=   4 tnt2=  16 +=  20D
x1=  98 x2=  93 y1= 520 y2= 549 tnt1=  15 tnt2=  14 +=  29D
x1=  89 x2=  96 y1= 523 y2= 550 tnt1=  16 tnt2=  17 +=  33D
x1=  99 x2=  98 y1= 523 y2= 549 tnt1=  14 tnt2=  26 +=  40D
x1=  94 x2= 107 y1= 521 y2= 549 tnt1=   5 tnt2=  15 +=  20D
x1=  96 x2= 105 y1= 518 y2= 548 tnt1=   8 tnt2=  18 +=  26D
x1= 102 x2= 100 y1= 504 y2= 541 tnt1=  25 tnt2=  25 +=  50D
x1= 103 x2= 111 y1= 476 y2= 524 tnt1=  35 tnt2=  28 +=  63D
x1=1023 x2=1023 y1= 291 y2= 313 tnt1=1016 tnt2=1012 +=2028
x1=1023 x2=1023 y1= 288 y2= 310 tnt1=1015 tnt2=1023 +=2038
x1=1023 x2=1023 y1= 308 y2= 337 tnt1=1023 tnt2=1023 +=2046
x1=1023 x2=1023 y1= 295 y2= 320 tnt1=1023 tnt2=1015 +=2038
x1=1023 x2=1023 y1= 280 y2= 304 tnt1=1023 tnt2=1023 +=2046
x1=1023 x2=1023 y1= 290 y2= 313 tnt1=1023 tnt2=1023 +=2046
x1=1023 x2=1023 y1= 287 y2= 310 tnt1=1023 tnt2=1002 +=2025
x1= 114 x2= 103 y1= 484 y2= 533 tnt1=  40 tnt2=  36 +=  76D
x1=1014 x2=1009 y1= 494 y2= 538 tnt1=1023 tnt2=  61 +=1084
x1= 106 x2= 115 y1= 483 y2= 534 tnt1=  41 tnt2=  37 +=  78D
x1= 123 x2= 118 y1= 463 y2= 519 tnt1=  38 tnt2=  42 +=  80D
x1= 130 x2= 150 y1= 440 y2= 494 tnt1=  65 tnt2=  29 +=  94
x1= 127 x2= 130 y1= 457 y2= 517 tnt1=  49 tnt2=  33 +=  82D
x1= 104 x2= 101 y1= 513 y2= 554 tnt1=  31 tnt2=  19 +=  50D
x1=  93 x2=  99 y1= 530 y2= 559 tnt1=  17 tnt2=  19 +=  36D
x1=  93 x2=  97 y1= 537 y2= 563 tnt1=  14 tnt2=  10 +=  24D
x1=  94 x2= 106 y1= 539 y2= 564 tnt1=   3 tnt2=  12 +=  15D
x1=  93 x2=  92 y1= 543 y2= 566 tnt1=  19 tnt2=  15 +=  34D
x1=  87 x2=  96 y1= 541 y2= 566 tnt1=  14 tnt2=  15 +=  29D
x1= 101 x2=  98 y1= 535 y2= 564 tnt1=  13 tnt2=  16 +=  29D
x1= 104 x2=  93 y1= 518 y2= 557 tnt1=  20 tnt2=  30 +=  50D
x1= 211 x2= 234 y1= 386 y2= 432 tnt1= 161 tnt2=  61 += 222
x1= 119 x2= 120 y1= 340 y2= 371 tnt1=  31 tnt2=  57 +=  88
x1= 118 x2= 108 y1= 484 y2= 539 tnt1=  32 tnt2=  60 +=  92
x1=1023 x2=1023 y1= 291 y2= 314 tnt1=1023 tnt2=1023 +=2046
x1= 349 x2= 380 y1= 324 y2= 345 tnt1= 150 tnt2=1019 +=1169
x1=1023 x2=1023 y1= 294 y2= 316 tnt1=1023 tnt2=1023 +=2046
x1=1023 x2=1023 y1= 292 y2= 314 tnt1=1016 tnt2=1020 +=2036
x1=1023 x2=1023 y1= 294 y2= 316 tnt1=1017 tnt2=1010 +=2027
x1=1023 x2=1023 y1= 293 y2= 315 tnt1=1014 tnt2=1009 +=2023
x1=1023 x2=1023 y1= 293 y2= 316 tnt1=1023 tnt2=1023 +=2046
x1=1023 x2=1023 y1= 297 y2= 319 tnt1=1017 tnt2=1021 +=2038
x1=1023 x2=1023 y1= 311 y2= 346 tnt1=1016 tnt2=1023 +=2039
x1=1023 x2=1023 y1= 283 y2= 306 tnt1=1023 tnt2=1023 +=2046
x1=1023 x2=1023 y1= 292 y2= 315 tnt1=1023 tnt2=1021 +=2044
x1=1023 x2=1023 y1= 286 y2= 309 tnt1=1017 tnt2=1023 +=2040
x1=1023 x2=1023 y1= 290 y2= 313 tnt1=1023 tnt2=1023 +=2046
x1=1023 x2=1023 y1= 292 y2= 315 tnt1=1023 tnt2=1023 +=2046
x1=1023 x2=1023 y1= 304 y2= 328 tnt1=1016 tnt2=1010 +=2026
x1=1023 x2=1023 y1= 287 y2= 310 tnt1=1016 tnt2=1010 +=2026
x1=1023 x2=1023 y1= 294 y2= 318 tnt1=1023 tnt2=1021 +=2044
x1=1023 x2=1023 y1= 293 y2= 316 tnt1=1015 tnt2=1021 +=2036
x1=1023 x2=1023 y1= 292 y2= 323 tnt1=1023 tnt2=1020 +=2043
x1=1023 x2=1023 y1= 280 y2= 306 tnt1=1023 tnt2=1023 +=2046
x1=1023 x2=1023 y1= 302 y2= 324 tnt1=1023 tnt2=1021 +=2044
x1=1023 x2=1023 y1= 296 y2= 319 tnt1=1017 tnt2=1023 +=2040
x1=1023 x2=1023 y1= 285 y2= 307 tnt1=1023 tnt2=1023 +=2046
x1=1023 x2=1023 y1= 292 y2= 314 tnt1=1015 tnt2=1019 +=2034
x1=1023 x2=1023 y1= 289 y2= 311 tnt1=1015 tnt2=1010 +=2025
x1=1023 x2=1023 y1= 285 y2= 306 tnt1=1023 tnt2=1023 +=2046
x1=1023 x2=1023 y1= 299 y2= 321 tnt1=1017 tnt2=1020 +=2037
x1=1023 x2=1023 y1= 299 y2= 322 tnt1=1023 tnt2=1023 +=2046
x1=1023 x2=1023 y1= 300 y2= 335 tnt1=1023 tnt2=1023 +=2046
x1=1023 x2=1023 y1= 293 y2= 318 tnt1=1015 tnt2=1023 +=2038
x1=1023 x2=1023 y1= 289 y2= 312 tnt1=1015 tnt2=1023 +=2038
x1=1023 x2=1023 y1= 304 y2= 327 tnt1=1023 tnt2=1023 +=2046
x1=1023 x2=1023 y1= 281 y2= 304 tnt1=1015 tnt2=1021 +=2036
x1=1023 x2=1023 y1= 289 y2= 314 tnt1=1015 tnt2=1010 +=2025
x1=1023 x2=1023 y1= 292 y2= 314 tnt1=1016 tnt2=1010 +=2026
x1=1023 x2=1023 y1= 288 y2= 310 tnt1=1023 tnt2=1020 +=2043
x1=1023 x2=1023 y1= 290 y2= 313 tnt1=1015 tnt2=1020 +=2035
x1=1023 x2=1023 y1= 286 y2= 309 tnt1=1023 tnt2=1023 +=2046
x1=1023 x2=1023 y1= 281 y2= 308 tnt1=1015 tnt2=1009 +=2024
x1=1023 x2=1023 y1= 278 y2= 305 tnt1=1016 tnt2=1020 +=2036
x1=1023 x2=1023 y1= 305 y2= 327 tnt1=1017 tnt2=1023 +=2040
x1=1023 x2=1023 y1= 301 y2= 323 tnt1=1017 tnt2=1023 +=2040
x1=1023 x2=1023 y1= 291 y2= 314 tnt1=1023 tnt2=1023 +=2046
x1=1023 x2=1023 y1= 287 y2= 311 tnt1=1023 tnt2=1020 +=2043
x1=1023 x2=1023 y1= 294 y2= 316 tnt1=1023 tnt2=1021 +=2044
x1=1023 x2=1023 y1= 293 y2= 315 tnt1=1023 tnt2=1020 +=2043
