x1=1023 x2=1023 y1= 302 y2= 322 tnt1=1016 tnt2=1021 +=2037
x1=1023 x2=1023 y1= 296 y2= 317 tnt1=1023 tnt2=1023 +=2046
x1=1023 x2=1023 y1= 299 y2= 319 tnt1=1023 tnt2=1023 +=2046
x1=1023 x2=1023 y1= 298 y2= 333 tnt1=1015 tnt2=1021 +=2036
x1=1023 x2=1023 y1= 290 y2= 313 tnt1=1023 tnt2=1020 +=2043
x1=1023 x2=1023 y1= 287 y2= 307 tnt1=1023 tnt2=1023 +=2046
x1=1023 x2=1023 y1= 294 y2= 313 tnt1=1015 tnt2=1021 +=2036
x1=1023 x2=1023 y1= 292 y2= 311 tnt1=1014 tnt2=1021 +=2035
x1=1023 x2=1023 y1= 294 y2= 315 tnt1=1023 tnt2=1023 +=2046
x1=1023 x2=1023 y1= 284 y2= 307 tnt1=1016 tnt2=1021 +=2037
x1=1023 x2=1023 y1= 286 y2= 307 tnt1=1015 tnt2=1021 +=2036
x1=1023 x2=1023 y1= 293 y2= 313 tnt1=1023 tnt2=1023 +=2046
x1=1023 x2=1023 y1= 290 y2= 311 tnt1=1015 tnt2=1021 +=2036
x1=1023 x2=1023 y1= 303 y2= 333 tnt1=1023 tnt2=1023 +=2046
x1=1023 x2=1023 y1= 298 y2= 320 tnt1=1023 tnt2=1023 +=2046
x1=1023 x2=1023 y1= 286 y2= 307 tnt1=1016 tnt2=1020 +=2036
x1=1023 x2=1023 y1= 282 y2= 301 tnt1=1015 tnt2=1021 +=2036
x1=1023 x2=1023 y1= 284 y2= 305 tnt1=1023 tnt2=1023 +=2046
x1=1023 x2=1023 y1= 280 y2= 300 tnt1=1023 tnt2=1023 +=2046
x1=1023 x2=1023 y1= 290 y2= 312 tnt1=1023 tnt2=1023 +=2046
x1=1023 x2=1023 y1= 295 y2= 316 tnt1=1023 tnt2=1023 +=2046
x1=1023 x2=1023 y1= 290 y2= 311 tnt1=1023 tnt2=1008 +=2031
x1=1023 x2=1023 y1= 285 y2= 305 tnt1=1016 tnt2=1011 +=2027
x1=1023 x2=1023 y1= 301 y2= 330 tnt1=1023 tnt2=1021 +=2044
x1=1023 x2=1023 y1= 281 y2= 305 tnt1=1015 tnt2=1023 +=2038
x1=1023 x2=1023 y1= 294 y2= 313 tnt1=1016 tnt2=1020 +=2036
x1=1023 x2=1023 y1= 283 y2= 303 tnt1=1023 tnt2=1023 +=2046
x1=1023 x2=1023 y1= 294 y2= 315 tnt1=1023 tnt2=1023 +=2046
x1=1023 x2=1023 y1= 297 y2= 316 tnt1=1015 tnt2=1023 +=2038
x1=1023 x2=1023 y1= 288 y2= 309 tnt1=1023 tnt2=1023 +=2046
x1=1023 x2=1023 y1= 293 y2= 314 tnt1=1023 tnt2=1023 +=2046
x1=1023 x2=1023 y1= 292 y2= 313 tnt1=1015 tnt2=1022 +=2037
x1=1023 x2=1023 y1= 283 y2= 304 tnt1=1016 tnt2=1010 +=2026
x1=1023 x2=1023 y1= 300 y2= 329 tnt1=1016 tnt2=1023 +=2039
x1=1023 x2=1023 y1= 296 y2= 319 tnt1=1015 tnt2=1023 +=2038
x1=1023 x2=1023 y1= 300 y2= 320 tnt1=1023 tnt2=1023 +=2046
x1=1023 x2=1023 y1= 295 y2= 315 tnt1=1023 tnt2=1023 +=2046
x1=1023 x2=1023 y1= 289 y2= 310 tnt1=1023 tnt2=1023 +=2046
x1=1023 x2=1023 y1= 285 y2= 306 tnt1=1023 tnt2=1023 +=2046
x1=1023 x2=1023 y1= 293 y2= 314 tnt1=1023 tnt2=1023 +=2046
x1=1023 x2=1023 y1= 283 y2= 304 tnt1=1015 tnt2=1020 +=2035
x1=1023 x2=1023 y1= 286 y2= 307 tnt1=1016 tnt2=1017 +=2033
x1=1023 x2=1023 y1= 294 y2= 314 tnt1=1023 tnt2=1023 +=2046
x1= 616 x2= 631 y1= 501 y2= 535 tnt1=  39 tnt2=  89 += 128
x1= 590 x2= 627 y1= 455 y2= 495 tnt1=  44 tnt2=  96 += 140
x1= 610 x2= 627 y1= 489 y2= 520 tnt1=  38 tnt2=  43 +=  81
x1= 616 x2= 628 y1= 509 y2= 534 tnt1=  27 tnt2=  42 +=  69
x1= 624 x2= 633 y1= 491 y2= 522 tnt1=  30 tnt2=  46 +=  76
x1= 627 x2= 620 y1= 507 y2= 532 tnt1=  37 tnt2=  50 +=  87
x1= 622 x2= 642 y1= 505 y2= 532 tnt1=  19 tnt2=  32 +=  51
x1= 614 x2= 629 y1= 503 y2= 530 tnt1=  31 tnt2=  50 +=  81
x1= 632 x2= 633 y1= 515 y2= 537 tnt1=  21 tnt2=  31 +=  52
x1= 624 x2= 629 y1= 521 y2= 539 tnt1=  20 tnt2=  28 +=  48
x1= 627 x2= 620 y1= 534 y2= 551 tnt1=  21 tnt2=  27 +=  48
x1= 625 x2= 634 y1= 536 y2= 552 tnt1=  16 tnt2=  22 +=  38D
x1= 617 x2= 628 y1= 517 y2= 536 tnt1=  23 tnt2=  32 +=  55
x1= 629 x2= 632 y1= 510 y2= 533 tnt1=  33 tnt2=  31 +=  64
x1= 630 x2= 633 y1= 502 y2= 528 tnt1=  24 tnt2=  33 +=  57
x1= 626 x2= 634 y1= 488 y2= 518 tnt1=  41 tnt2=  49 +=  90
x1= 619 x2= 641 y1= 489 y2= 515 tnt1=  24 tnt2=  35 +=  59
x1= 619 x2= 644 y1= 479 y2= 511 tnt1=  23 tnt2=  32 +=  55
x1= 608 x2= 628 y1= 463 y2= 497 tnt1=  43 tnt2=  45 +=  88
x1= 604 x2= 627 y1= 460 y2= 492 tnt1=  89 tnt2=  44 += 133
x1= 602 x2= 624 y1= 489 y2= 523 tnt1=  46 tnt2=  37 +=  83
x1= 600 x2= 623 y1= 465 y2= 498 tnt1=  53 tnt2=  45 +=  98
x1= 614 x2= 630 y1= 491 y2= 515 tnt1=  32 tnt2=  37 +=  69
x1= 624 x2= 635 y1= 473 y2= 504 tnt1=  40 tnt2=  35 +=  75
x1= 623 x2= 633 y1= 477 y2= 508 tnt1=  33 tnt2=  62 +=  95
x1= 574 x2= 609 y1= 412 y2= 442 tnt1=  63 tnt2=  42 += 105
x1= 610 x2= 638 y1= 465 y2= 497 tnt1=  37 tnt2=  45 +=  82
x1= 616 x2= 629 y1= 484 y2= 512 tnt1=  33 tnt2=  46 +=  79
x1= 617 x2= 630 y1= 492 y2= 515 tnt1=  29 tnt2=  45 +=  74
x1= 622 x2= 631 y1= 496 y2= 518 tnt1=  20 tnt2=  31 +=  51
x1= 617 x2= 630 y1= 514 y2= 535 tnt1=  29 tnt2=  36 +=  65
x1= 615 x2= 629 y1= 488 y2= 517 tnt1=  29 tnt2=  35 +=  64
x1= 629 x2= 635 y1= 473 y2= 500 tnt1=  30 tnt2=  45 +=  75
x1= 630 x2= 636 y1= 478 y2= 507 tnt1=  31 tnt2=  46 +=  77
x1= 620 x2= 630 y1= 494 y2= 517 tnt1=  16 tnt2=  41 +=  57
x1= 628 x2= 632 y1= 489 y2= 516 tnt1=  29 tnt2=  47 +=  76
x1= 625 x2= 635 y1= 504 y2= 521 tnt1=  17 tnt2=  25 +=  42
x1= 595 x2= 618 y1= 440 y2= 477 tnt1=  58 tnt2=  47 += 105
x1= 496 x2= 534 y1= 360 y2= 391 tnt1= 154 tnt2=  96 += 250
x1=1023 x2=1023 y1= 295 y2= 317 tnt1=1023 tnt2=1023 +=2046
x1= 605 x2= 628 y1= 490 y2= 517 tnt1=  42 tnt2=  75 += 117
x1= 620 x2= 639 y1= 470 y2= 501 tnt1=  28 tnt2=  52 +=  80
x1= 632 x2= 633 y1= 491 y2= 512 tnt1=  21 tnt2=  33 +=  54
x1= 628 x2= 633 y1= 483 y2= 505 tnt1=  26 tnt2=  38 +=  64
x1= 621 x2= 644 y1= 469 y2= 500 tnt1=  22 tnt2=  35 +=  57
x1= 623 x2= 643 y1= 485 y2= 507 tnt1=  17 tnt2=  33 +=  50
x1= 597 x2= 614 y1= 431 y2= 464 tnt1=  61 tnt2=  62 += 123
x1= 605 x2= 627 y1= 456 y2= 486 tnt1=  41 tnt2=  57 +=  98
x1= 593 x2= 619 y1= 426 y2= 460 tnt1=  65 tnt2=  52 += 117
x1= 609 x2= 615 y1= 426 y2= 462 tnt1=  70 tnt2=  61 += 131
x1= 611 x2= 628 y1= 482 y2= 509 tnt1=  42 tnt2=  38 +=  80
x1= 632 x2= 634 y1= 477 y2= 502 tnt1=  23 tnt2=  43 +=  66
x1= 629 x2= 634 y1= 469 y2= 495 tnt1=  28 tnt2=  44 +=  72
x1= 618 x2= 630 y1= 480 y2= 502 tnt1=  28 tnt2=  45 +=  73
x1= 621 x2= 642 y1= 468 y2= 495 tnt1=  19 tnt2=  44 +=  63
x1= 629 x2= 632 y1= 480 y2= 503 tnt1=  22 tnt2=  32 +=  54
x1= 616 x2= 628 y1= 483 y2= 503 tnt1=  27 tnt2=  35 +=  62
x1= 604 x2= 625 y1= 440 y2= 467 tnt1=  50 tnt2=  44 +=  94
x1= 615 x2= 631 y1= 440 y2= 471 tnt1=  53 tnt2=  60 += 113
x1= 620 x2= 621 y1= 452 y2= 480 tnt1=  49 tnt2=  57 += 106
x1= 621 x2= 629 y1= 482 y2= 503 tnt1=  22 tnt2=  29 +=  51
x1= 626 x2= 633 y1= 455 y2= 486 tnt1=  30 tnt2=  48 +=  78
x1= 625 x2= 627 y1= 466 y2= 490 tnt1=  31 tnt2=  45 +=  76
x1= 622 x2= 630 y1= 474 y2= 492 tnt1=  15 tnt2=  31 +=  46
x1= 622 x2= 641 y1= 471 y2= 492 tnt1=  15 tnt2=  27 +=  42
x1= 618 x2= 628 y1= 474 y2= 495 tnt1=  24 tnt2=  37 +=  61
x1= 618 x2= 628 y1= 476 y2= 495 tnt1=  24 tnt2=  33 +=  57
x1= 630 x2= 630 y1= 476 y2= 495 tnt1=  19 tnt2=  28 +=  47
x1= 627 x2= 629 y1= 478 y2= 496 tnt1=  29 tnt2=  25 +=  54
x1= 622 x2= 627 y1= 479 y2= 496 tnt1=  19 tnt2=  25 +=  44
x1= 626 x2= 620 y1= 492 y2= 505 tnt1=  27 tnt2=  25 +=  52
x1= 631 x2= 629 y1= 476 y2= 495 tnt1=  18 tnt2=  26 +=  44
x1= 622 x2= 627 y1= 478 y2= 494 tnt1=  19 tnt2=  23 +=  42
x1= 622 x2= 629 y1= 471 y2= 486 tnt1=  13 tnt2=  30 +=  43
x1= 627 x2= 620 y1= 463 y2= 483 tnt1=  31 tnt2=  40 +=  71
x1= 614 x2= 626 y1= 471 y2= 487 tnt1=  23 tnt2=  29 +=  52
x1= 624 x2= 635 y1= 469 y2= 486 tnt1=  14 tnt2=  21 +=  35D
x1= 629 x2= 630 y1= 467 y2= 485 tnt1=  19 tnt2=  25 +=  44
x1= 628 x2= 629 y1= 468 y2= 484 tnt1=  19 tnt2=  23 +=  42
x1= 624 x2= 636 y1= 466 y2= 483 tnt1=  13 tnt2=  17 +=  30D
x1= 626 x2= 627 y1= 479 y2= 491 tnt1=  17 tnt2=  23 +=  40D
x1= 623 x2= 634 y1= 467 y2= 483 tnt1=  13 tnt2=  31 +=  44
x1= 622 x2= 626 y1= 470 y2= 483 tnt1=  17 tnt2=  21 +=  38D
x1= 631 x2= 628 y1= 469 y2= 482 tnt1=  16 tnt2=  19 +=  35D
x1= 625 x2= 620 y1= 469 y2= 482 tnt1=  21 tnt2=  24 +=  45
x1= 623 x2= 626 y1= 468 y2= 480 tnt1=  15 tnt2=  21 +=  36D
x1= 629 x2= 628 y1= 466 y2= 480 tnt1=  15 tnt2=  20 +=  35D
x1= 627 x2= 626 y1= 465 y2= 479 tnt1=  16 tnt2=  19 +=  35D
x1= 624 x2= 615 y1= 465 y2= 479 tnt1=  21 tnt2=  27 +=  48
x1= 623 x2= 631 y1= 464 y2= 478 tnt1=  13 tnt2=  17 +=  30D
x1= 619 x2= 625 y1= 473 y2= 481 tnt1=  17 tnt2=  15 +=  32D
x1= 623 x2= 629 y1= 461 y2= 476 tnt1=  15 tnt2=  27 +=  42
x1= 618 x2= 624 y1= 460 y2= 474 tnt1=  18 tnt2=  21 +=  39D
x1= 623 x2= 614 y1= 460 y2= 474 tnt1=  24 tnt2=  28 +=  52
x1= 623 x2= 619 y1= 459 y2= 472 tnt1=  20 tnt2=  23 +=  43
x1= 633 x2= 627 y1= 458 y2= 471 tnt1=  15 tnt2=  18 +=  33D
x1= 626 x2= 625 y1= 457 y2= 470 tnt1=  16 tnt2=  19 +=  35D
x1= 617 x2= 623 y1= 455 y2= 468 tnt1=  17 tnt2=  20 +=  37D
x1= 621 x2= 634 y1= 453 y2= 466 tnt1=   9 tnt2=  12 +=  21D
x1= 620 x2= 623 y1= 453 y2= 465 tnt1=   6 tnt2=  29 +=  35
x1= 621 x2= 633 y1= 460 y2= 469 tnt1=  10 tnt2=  17 +=  27D
x1= 621 x2= 627 y1= 450 y2= 463 tnt1=  13 tnt2=  26 +=  39D
x1= 624 x2= 624 y1= 448 y2= 462 tnt1=  16 tnt2=  19 +=  35D
x1= 622 x2= 613 y1= 446 y2= 460 tnt1=  23 tnt2=  27 +=  50
x1= 621 x2= 629 y1= 445 y2= 458 tnt1=  12 tnt2=  17 +=  29D
x1= 630 x2= 625 y1= 446 y2= 459 tnt1=  15 tnt2=  18 +=  33D
x1= 622 x2= 624 y1= 443 y2= 456 tnt1=  14 tnt2=  21 +=  35D
x1= 620 x2= 624 y1= 443 y2= 454 tnt1=   7 tnt2=  10 +=  17D
x1= 621 x2= 634 y1= 439 y2= 452 tnt1=  10 tnt2=  12 +=  22D
x1= 622 x2= 620 y1= 439 y2= 451 tnt1=  19 tnt2=  22 +=  41
x1= 612 x2= 621 y1= 443 y2= 453 tnt1=  16 tnt2=  19 +=  35D
x1= 622 x2= 618 y1= 437 y2= 449 tnt1=  20 tnt2=  20 +=  40D
x1= 622 x2= 624 y1= 436 y2= 448 tnt1=  26 tnt2=  29 +=  55
x1= 618 x2= 622 y1= 435 y2= 445 tnt1=  17 tnt2=   9 +=  26D
x1= 621 x2= 627 y1= 433 y2= 444 tnt1=  14 tnt2=  17 +=  31D
x1= 632 x2= 626 y1= 432 y2= 444 tnt1=  15 tnt2=  19 +=  34D
x1= 618 x2= 622 y1= 432 y2= 443 tnt1=  18 tnt2=  21 +=  39D
x1= 621 x2= 627 y1= 429 y2= 440 tnt1=  15 tnt2=  16 +=  31D
x1= 625 x2= 624 y1= 429 y2= 441 tnt1=  16 tnt2=  20 +=  36D
x1= 622 x2= 619 y1= 428 y2= 440 tnt1=  19 tnt2=  23 +=  42
x1= 623 x2= 612 y1= 435 y2= 443 tnt1=  26 tnt2=  20 +=  46
x1= 622 x2= 623 y1= 426 y2= 439 tnt1=  27 tnt2=  21 +=  48
x1= 621 x2= 613 y1= 424 y2= 436 tnt1=  24 tnt2=  26 +=  50
x1= 620 x2= 632 y1= 422 y2= 433 tnt1=   9 tnt2=  13 +=  22D
x1= 620 x2= 625 y1= 422 y2= 434 tnt1=  13 tnt2=  18 +=  31D
x1= 610 x2= 620 y1= 422 y2= 433 tnt1=  19 tnt2=  21 +=  40D
x1= 618 x2= 622 y1= 421 y2= 431 tnt1=  17 tnt2=  14 +=  31D
x1= 622 x2= 622 y1= 419 y2= 430 tnt1=  27 tnt2=  19 +=  46
x1= 620 x2= 619 y1= 418 y2= 430 tnt1=  19 tnt2=  22 +=  41
x1= 630 x2= 624 y1= 416 y2= 427 tnt1=  15 tnt2=  18 +=  33D
x1= 621 x2= 617 y1= 420 y2= 429 tnt1=  20 tnt2=  20 +=  40D
x1= 611 x2= 620 y1= 413 y2= 424 tnt1=  18 tnt2=  21 +=  39D
x1= 617 x2= 630 y1= 409 y2= 421 tnt1=  11 tnt2=  14 +=  25D
x1= 618 x2= 627 y1= 408 y2= 420 tnt1=  12 tnt2=  15 +=  27D
x1= 613 x2= 619 y1= 408 y2= 419 tnt1=  17 tnt2=  21 +=  38D
x1= 624 x2= 622 y1= 406 y2= 417 tnt1=  24 tnt2=  18 +=  42
x1= 617 x2= 620 y1= 406 y2= 415 tnt1=  17 tnt2=  10 +=  27D
x1= 620 x2= 609 y1= 403 y2= 415 tnt1=  26 tnt2=  27 +=  53
x1= 619 x2= 616 y1= 404 y2= 414 tnt1=  20 tnt2=  23 +=  43
x1= 617 x2= 627 y1= 400 y2= 412 tnt1=  12 tnt2=  15 +=  27D
x1= 619 x2= 616 y1= 406 y2= 414 tnt1=  20 tnt2=  20 +=  40D
x1= 626 x2= 622 y1= 399 y2= 409 tnt1=  16 tnt2=  25 +=  41
x1= 618 x2= 627 y1= 397 y2= 407 tnt1=  12 tnt2=  15 +=  27D
x1= 626 x2= 621 y1= 396 y2= 406 tnt1=  16 tnt2=  18 +=  34D
x1= 609 x2= 618 y1= 395 y2= 405 tnt1=  19 tnt2=  21 +=  40D
x1= 614 x2= 619 y1= 395 y2= 404 tnt1=  16 tnt2=  20 +=  36D
x1= 620 x2= 620 y1= 392 y2= 403 tnt1=  25 tnt2=  29 +=  54
x1= 619 x2= 611 y1= 391 y2= 402 tnt1=  23 tnt2=  26 +=  49
x1= 628 x2= 622 y1= 389 y2= 400 tnt1=  15 tnt2=  17 +=  32D
x1= 626 x2= 621 y1= 387 y2= 397 tnt1=  15 tnt2=  18 +=  33D
x1= 619 x2= 615 y1= 393 y2= 401 tnt1=  19 tnt2=  20 +=  39D
x1= 629 x2= 622 y1= 387 y2= 397 tnt1=  15 tnt2=  22 +=  37D
x1= 616 x2= 623 y1= 386 y2= 395 tnt1=  14 tnt2=  16 +=  30D
x1= 618 x2= 616 y1= 385 y2= 394 tnt1=  20 tnt2=  24 +=  44
x1= 612 x2= 619 y1= 384 y2= 393 tnt1=  17 tnt2=  20 +=  37D
x1= 624 x2= 621 y1= 381 y2= 391 tnt1=  15 tnt2=  18 +=  33D
x1= 619 x2= 609 y1= 379 y2= 391 tnt1=  24 tnt2=  29 +=  53
x1= 620 x2= 609 y1= 379 y2= 389 tnt1=  25 tnt2=  29 +=  54
x1= 618 x2= 623 y1= 377 y2= 387 tnt1=  13 tnt2=  17 +=  30D
x1= 628 x2= 621 y1= 377 y2= 386 tnt1=  15 tnt2=  18 +=  33D
x1= 608 x2= 616 y1= 377 y2= 387 tnt1=  17 tnt2=  19 +=  36D
x1= 622 x2= 620 y1= 375 y2= 384 tnt1=  16 tnt2=  26 +=  42
x1= 620 x2= 620 y1= 372 y2= 382 tnt1=  26 tnt2=  27 +=  53
x1= 618 x2= 616 y1= 374 y2= 382 tnt1=  20 tnt2=  22 +=  42
x1= 613 x2= 618 y1= 370 y2= 379 tnt1=  17 tnt2=  20 +=  37D
x1= 621 x2= 620 y1= 370 y2= 379 tnt1=  16 tnt2=  19 +=  35D
x1= 620 x2= 612 y1= 369 y2= 379 tnt1=  26 tnt2=  27 +=  53
x1= 617 x2= 627 y1= 366 y2= 376 tnt1=  10 tnt2=  13 +=  23D
x1= 626 x2= 621 y1= 367 y2= 376 tnt1=  15 tnt2=  18 +=  33D
x1= 623 x2= 620 y1= 364 y2= 373 tnt1=  16 tnt2=  18 +=  34D
x1= 627 x2= 620 y1= 367 y2= 375 tnt1=  15 tnt2=  24 +=  39D
x1= 621 x2= 620 y1= 361 y2= 370 tnt1=  16 tnt2=  28 +=  44
x1= 618 x2= 615 y1= 360 y2= 367 tnt1=  19 tnt2=  22 +=  41
x1= 617 x2= 615 y1= 359 y2= 366 tnt1=  19 tnt2=  23 +=  42
x1= 623 x2= 619 y1= 356 y2= 365 tnt1=  16 tnt2=  19 +=  35D
x1= 619 x2= 619 y1= 356 y2= 365 tnt1=  26 tnt2=  30 +=  56
x1= 613 x2= 618 y1= 356 y2= 363 tnt1=  17 tnt2=  20 +=  37D
x1= 617 x2= 623 y1= 354 y2= 363 tnt1=  13 tnt2=  15 +=  28D
x1= 627 x2= 620 y1= 355 y2= 363 tnt1=  15 tnt2=  18 +=  33D
x1= 613 x2= 618 y1= 354 y2= 362 tnt1=  16 tnt2=  20 +=  36D
x1= 626 x2= 620 y1= 357 y2= 363 tnt1=  15 tnt2=  27 +=  42
x1= 617 x2= 614 y1= 353 y2= 361 tnt1=  19 tnt2=   9 +=  28D
x1= 606 x2= 616 y1= 352 y2= 360 tnt1=  19 tnt2=  21 +=  40D
x1= 615 x2= 627 y1= 350 y2= 358 tnt1=   9 tnt2=  14 +=  23D
x1= 620 x2= 618 y1= 351 y2= 359 tnt1=  16 tnt2=  18 +=  34D
x1= 612 x2= 617 y1= 350 y2= 358 tnt1=   9 tnt2=  21 +=  30D
x1= 616 x2= 627 y1= 349 y2= 357 tnt1=  11 tnt2=  13 +=  24D
x1= 614 x2= 622 y1= 349 y2= 357 tnt1=  14 tnt2=  17 +=  31D
x1= 608 x2= 616 y1= 350 y2= 357 tnt1=  17 tnt2=  19 +=  36D
x1= 611 x2= 617 y1= 349 y2= 356 tnt1=  17 tnt2=  20 +=  37D
x1= 618 x2= 610 y1= 352 y2= 358 tnt1=  20 tnt2=  19 +=  39D
x1= 608 x2= 615 y1= 347 y2= 356 tnt1=  18 tnt2=  16 +=  34D
x1= 615 x2= 612 y1= 347 y2= 354 tnt1=  19 tnt2=  23 +=  42
x1= 624 x2= 618 y1= 345 y2= 353 tnt1=  15 tnt2=  18 +=  33D
x1= 617 x2= 616 y1= 344 y2= 351 tnt1=  16 tnt2=  19 +=  35D
x1= 616 x2= 619 y1= 342 y2= 350 tnt1=  13 tnt2=  17 +=  30D
x1= 614 x2= 621 y1= 340 y2= 348 tnt1=  13 tnt2=  17 +=  30D
x1= 615 x2= 615 y1= 338 y2= 348 tnt1=  27 tnt2=  18 +=  45
x1= 608 x2= 614 y1= 339 y2= 347 tnt1=  18 tnt2=  21 +=  39D
x1= 606 x2= 613 y1= 339 y2= 347 tnt1=  18 tnt2=  20 +=  38D
x1= 604 x2= 612 y1= 341 y2= 347 tnt1=  18 tnt2=   9 +=  27D
x1= 610 x2= 613 y1= 337 y2= 345 tnt1=  18 tnt2=  18 +=  36D
x1= 623 x2= 616 y1= 338 y2= 345 tnt1=  14 tnt2=  17 +=  31D
x1= 620 x2= 616 y1= 338 y2= 346 tnt1=  16 tnt2=  18 +=  34D
x1= 602 x2= 612 y1= 338 y2= 346 tnt1=  18 tnt2=  21 +=  39D
x1= 612 x2= 624 y1= 339 y2= 345 tnt1=   7 tnt2=   9 +=  16D
x1= 610 x2= 614 y1= 338 y2= 345 tnt1=   6 tnt2=  20 +=  26D
x1= 608 x2= 612 y1= 339 y2= 346 tnt1=  18 tnt2=  21 +=  39D
x1= 607 x2= 613 y1= 338 y2= 345 tnt1=  18 tnt2=  21 +=  39D
x1= 609 x2= 613 y1= 339 y2= 345 tnt1=  17 tnt2=  20 +=  37D
x1= 602 x2= 610 y1= 338 y2= 346 tnt1=  18 tnt2=  20 +=  38D
x1= 612 x2= 616 y1= 341 y2= 346 tnt1=   7 tnt2=  25 +=  32D
x1= 615 x2= 614 y1= 337 y2= 345 tnt1=  27 tnt2=  20 +=  47
x1= 612 x2= 619 y1= 336 y2= 344 tnt1=  14 tnt2=  20 +=  34D
x1= 610 x2= 613 y1= 337 y2= 343 tnt1=   7 tnt2=  20 +=  27D
x1= 611 x2= 619 y1= 337 y2= 342 tnt1=   7 tnt2=   9 +=  16D
x1= 613 x2= 610 y1= 337 y2= 343 tnt1=  20 tnt2=  24 +=  44
x1= 601 x2= 612 y1= 336 y2= 343 tnt1=  19 tnt2=  22 +=  41
x1= 622 x2= 616 y1= 335 y2= 342 tnt1=  16 tnt2=  19 +=  35D
x1= 622 x2= 616 y1= 333 y2= 343 tnt1=  16 tnt2=  19 +=  35D
x1= 612 x2= 614 y1= 337 y2= 343 tnt1=  20 tnt2=  29 +=  49
x1= 614 x2= 614 y1= 336 y2= 343 tnt1=  23 tnt2=  22 +=  45
x1= 622 x2= 615 y1= 334 y2= 341 tnt1=  16 tnt2=  20 +=  36D
x1= 609 x2= 613 y1= 334 y2= 341 tnt1=  19 tnt2=  24 +=  43
x1= 611 x2= 624 y1= 333 y2= 340 tnt1=   9 tnt2=  14 +=  23D
x1= 614 x2= 605 y1= 334 y2= 341 tnt1=  29 tnt2=  32 +=  61
x1= 613 x2= 610 y1= 334 y2= 341 tnt1=  26 tnt2=  34 +=  60
x1= 613 x2= 615 y1= 332 y2= 340 tnt1=  26 tnt2=  24 +=  50
x1= 617 x2= 617 y1= 331 y2= 339 tnt1=  20 tnt2=  28 +=  48
x1= 615 x2= 616 y1= 330 y2= 340 tnt1=  32 tnt2=  43 +=  75
x1= 617 x2= 618 y1= 334 y2= 344 tnt1=  26 tnt2=  47 +=  73
x1= 613 x2= 620 y1= 328 y2= 340 tnt1=  35 tnt2=  52 +=  87
x1= 602 x2= 613 y1= 328 y2= 336 tnt1=  27 tnt2=  41 +=  68
x1= 605 x2= 615 y1= 328 y2= 336 tnt1=  28 tnt2=  40 +=  68
x1= 617 x2= 617 y1= 326 y2= 335 tnt1=  23 tnt2=  34 +=  57
x1= 610 x2= 614 y1= 326 y2= 333 tnt1=  21 tnt2=  34 +=  55
x1= 612 x2= 611 y1= 325 y2= 334 tnt1=  26 tnt2=  34 +=  60
x1= 621 x2= 617 y1= 324 y2= 333 tnt1=  20 tnt2=  28 +=  48
x1= 615 x2= 615 y1= 325 y2= 333 tnt1=  21 tnt2=  28 +=  49
x1= 608 x2= 613 y1= 324 y2= 331 tnt1=  22 tnt2=  28 +=  50
x1= 620 x2= 616 y1= 326 y2= 335 tnt1=  19 tnt2=  34 +=  53
x1= 601 x2= 612 y1= 324 y2= 332 tnt1=  29 tnt2=  28 +=  57
x1= 603 x2= 613 y1= 324 y2= 332 tnt1=  24 tnt2=  32 +=  56
x1= 610 x2= 624 y1= 323 y2= 330 tnt1=  12 tnt2=  19 +=  31D
x1= 613 x2= 615 y1= 322 y2= 331 tnt1=  32 tnt2=  39 +=  71
x1= 612 x2= 605 y1= 323 y2= 329 tnt1=  27 tnt2=  31 +=  58
x1= 621 x2= 616 y1= 319 y2= 327 tnt1=  17 tnt2=  22 +=  39D
x1= 613 x2= 613 y1= 319 y2= 327 tnt1=  29 tnt2=  24 +=  53
x1= 607 x2= 610 y1= 319 y2= 326 tnt1=   9 tnt2=  25 +=  34D
x1= 610 x2= 605 y1= 319 y2= 326 tnt1=  27 tnt2=  31 +=  58
x1= 612 x2= 605 y1= 321 y2= 327 tnt1=  30 tnt2=  25 +=  55
x1= 604 x2= 610 y1= 318 y2= 326 tnt1=  20 tnt2=  20 +=  40D
x1= 605 x2= 611 y1= 319 y2= 325 tnt1=  20 tnt2=  26 +=  46
x1= 605 x2= 611 y1= 318 y2= 325 tnt1=  21 tnt2=  26 +=  47
x1= 611 x2= 603 y1= 315 y2= 324 tnt1=  26 tnt2=  35 +=  61
x1= 609 x2= 618 y1= 317 y2= 324 tnt1=  21 tnt2=  22 +=  43
x1= 619 x2= 615 y1= 316 y2= 323 tnt1=  20 tnt2=  26 +=  46
x1= 615 x2= 616 y1= 316 y2= 324 tnt1=  24 tnt2=  34 +=  58
x1= 607 x2= 613 y1= 315 y2= 322 tnt1=  22 tnt2=  26 +=  48
x1= 608 x2= 623 y1= 311 y2= 318 tnt1=  13 tnt2=  19 +=  32D
x1= 612 x2= 613 y1= 312 y2= 321 tnt1=  25 tnt2=  32 +=  57
x1= 605 x2= 612 y1= 311 y2= 319 tnt1=  24 tnt2=  32 +=  56
x1= 613 x2= 615 y1= 314 y2= 321 tnt1=  25 tnt2=  36 +=  61
x1= 613 x2= 614 y1= 314 y2= 321 tnt1=  22 tnt2=  35 +=  57
x1= 611 x2= 606 y1= 313 y2= 321 tnt1=  34 tnt2=  52 +=  86
x1= 606 x2= 620 y1= 313 y2= 322 tnt1=  24 tnt2=  41 +=  65
x1= 617 x2= 616 y1= 312 y2= 319 tnt1=  23 tnt2=  33 +=  56
x1= 601 x2= 611 y1= 311 y2= 320 tnt1=  31 tnt2=  43 +=  74
x1=1008 x2=1009 y1= 283 y2= 304 tnt1= 985 tnt2=1021 +=2006
x1=1023 x2=1023 y1= 305 y2= 326 tnt1=1023 tnt2=1023 +=2046
x1=1023 x2=1023 y1= 312 y2= 341 tnt1=1016 tnt2=1021 +=2037
x1=1023 x2=1023 y1= 297 y2= 319 tnt1=1023 tnt2=1016 +=2039
x1=1023 x2=1023 y1= 299 y2= 320 tnt1=1015 tnt2=1009 +=2024
x1= 613 x2= 619 y1= 318 y2= 337 tnt1= 494 tnt2=  90 += 584
x1= 557 x2= 600 y1= 316 y2= 328 tnt1=  76 tnt2=  54 += 130
x1= 580 x2= 613 y1= 311 y2= 321 tnt1=  46 tnt2=  90 += 136
x1=1023 x2=1023 y1= 299 y2= 319 tnt1=1023 tnt2=1023 +=2046
x1=1023 x2=1023 y1= 288 y2= 309 tnt1=1023 tnt2=1023 +=2046
x1=1023 x2=1023 y1= 289 y2= 309 tnt1=1015 tnt2=1020 +=2035
x1=1023 x2=1023 y1= 298 y2= 317 tnt1=1023 tnt2=1023 +=2046
x1= 587 x2= 616 y1= 312 y2= 323 tnt1=  29 tnt2=  76 += 105
x1= 981 x2= 984 y1= 289 y2= 312 tnt1= 910 tnt2= 260 +=1170
x1= 574 x2= 598 y1= 303 y2= 315 tnt1=  98 tnt2=  56 += 154
x1= 590 x2= 609 y1= 307 y2= 314 tnt1=  39 tnt2=  59 +=  98
x1= 600 x2= 621 y1= 303 y2= 310 tnt1=  27 tnt2=  43 +=  70
x1= 596 x2= 607 y1= 297 y2= 302 tnt1=  25 tnt2=  37 +=  62
x1= 601 x2= 608 y1= 294 y2= 300 tnt1=  23 tnt2=  30 +=  53
x1= 604 x2= 609 y1= 294 y2= 299 tnt1=  21 tnt2=  27 +=  48
x1= 608 x2= 598 y1= 291 y2= 297 tnt1=  29 tnt2=  31 +=  60
x1= 608 x2= 604 y1= 292 y2= 297 tnt1=  23 tnt2=  27 +=  50
x1= 602 x2= 608 y1= 291 y2= 296 tnt1=  20 tnt2=  16 +=  36D
x1= 608 x2= 605 y1= 291 y2= 297 tnt1=  23 tnt2=  16 +=  39D
x1= 610 x2= 610 y1= 291 y2= 298 tnt1=  29 tnt2=  24 +=  53
x1= 605 x2= 609 y1= 293 y2= 297 tnt1=  11 tnt2=  27 +=  38D
x1= 601 x2= 618 y1= 297 y2= 304 tnt1=  25 tnt2=  43 +=  68
x1= 605 x2= 608 y1= 295 y2= 303 tnt1=  36 tnt2=  59 +=  95
x1= 596 x2= 610 y1= 295 y2= 303 tnt1=  34 tnt2=  48 +=  82
x1= 607 x2= 614 y1= 299 y2= 306 tnt1=  37 tnt2=  48 +=  85
x1= 922 x2= 915 y1= 291 y2= 312 tnt1= 841 tnt2=1023 +=1864
x1= 541 x2= 575 y1= 301 y2= 316 tnt1= 256 tnt2=  89 += 345
x1=1023 x2=1023 y1= 301 y2= 330 tnt1=1023 tnt2=1023 +=2046
x1=1023 x2=1023 y1= 297 y2= 320 tnt1=1016 tnt2=1023 +=2039
x1=1023 x2=1023 y1= 290 y2= 310 tnt1=1017 tnt2=1022 +=2039
x1=1023 x2=1023 y1= 285 y2= 304 tnt1=1014 tnt2=1020 +=2034
x1=1023 x2=1023 y1= 285 y2= 306 tnt1=1023 tnt2=1023 +=2046
x1=1023 x2=1023 y1= 294 y2= 313 tnt1=1023 tnt2=1023 +=2046
x1=1023 x2=1023 y1= 292 y2= 313 tnt1=1023 tnt2=1023 +=2046
x1= 560 x2= 590 y1= 298 y2= 313 tnt1= 125 tnt2=1009 +=1134
x1=1023 x2=1023 y1= 298 y2= 320 tnt1=1023 tnt2=1023 +=2046
x1=1023 x2=1023 y1= 280 y2= 301 tnt1=1013 tnt2=1021 +=2034
x1= 579 x2= 612 y1= 293 y2= 303 tnt1=  42 tnt2=  83 += 125
x1= 588 x2= 607 y1= 291 y2= 299 tnt1=  30 tnt2=  59 +=  89
x1= 592 x2= 608 y1= 290 y2= 296 tnt1=  36 tnt2=  54 +=  90
x1= 602 x2= 610 y1= 283 y2= 287 tnt1=  16 tnt2=  43 +=  59
x1= 607 x2= 604 y1= 282 y2= 287 tnt1=  33 tnt2=  50 +=  83
x1= 598 x2= 607 y1= 279 y2= 283 tnt1=  25 tnt2=  33 +=  58
x1= 612 x2= 611 y1= 276 y2= 281 tnt1=  20 tnt2=  29 +=  49
x1= 609 x2= 610 y1= 275 y2= 280 tnt1=  31 tnt2=  38 +=  69
x1= 602 x2= 607 y1= 275 y2= 280 tnt1=  21 tnt2=  29 +=  50
x1= 605 x2= 615 y1= 276 y2= 281 tnt1=  20 tnt2=  29 +=  49
x1= 612 x2= 616 y1= 282 y2= 287 tnt1=  33 tnt2=  46 +=  79
x1= 614 x2= 615 y1= 277 y2= 282 tnt1=  26 tnt2=  52 +=  78
x1= 603 x2= 609 y1= 273 y2= 276 tnt1=  14 tnt2=  25 +=  39D
x1= 608 x2= 601 y1= 271 y2= 274 tnt1=  30 tnt2=  37 +=  67
x1= 607 x2= 605 y1= 268 y2= 271 tnt1=  23 tnt2=  29 +=  52
x1= 611 x2= 609 y1= 266 y2= 270 tnt1=  19 tnt2=  24 +=  43
x1= 608 x2= 609 y1= 268 y2= 272 tnt1=  22 tnt2=  26 +=  48
x1= 613 x2= 611 y1= 267 y2= 271 tnt1=  21 tnt2=  31 +=  52
x1= 605 x2= 614 y1= 265 y2= 269 tnt1=  15 tnt2=  23 +=  38D
x1= 605 x2= 615 y1= 270 y2= 273 tnt1=  21 tnt2=  34 +=  55
x1= 607 x2= 604 y1= 268 y2= 271 tnt1=  32 tnt2=  37 +=  69
