new-calib: New touch screen calibration program v3.12
Serial Number='15061E00010B06020104'
Using tnt_mode=1
Setting for delay_in_us:        1
Setting for y_delay_in_us:      1
Setting for tnt_delay_in_us:    1
Setting for max_delta_tnt:      5
Setting for tnt_mode:           1
Setting for averaging:         -1
Entering get_four_points
target_noise  x= 2.50 y= 2.50 t= 2.50
target state=0 point=23,22
 X= 891 X2=1023  Y=1008 Y2=1021 P1=1023 P2=  -1 T1=1021 T2=1017  P= 669  D=   1 
 X= 959 X2=1023  Y= 984 Y2=1023 P1=1023 P2=  -1 T1=1023 T2= 910  P= 669  D=   1 
 X= 824 X2=1023  Y= 988 Y2=1021 P1=1023 P2=  -1 T1=1023 T2= 944  P= 669  D=   1 
 X=1013 X2=1015  Y= 991 Y2=1022 P1=1023 P2=  -1 T1=1022 T2= 942  P= 669  D=   1 
 X= 864 X2=1019  Y= 985 Y2=1021 P1=1023 P2=  -1 T1=1021 T2= 940  P= 669  D=   1 
 X= 926 X2=1023  Y= 976 Y2=1023 P1=1023 P2=  -1 T1=1021 T2= 931  P= 669  D=   1 
 X= 937 X2=1023  Y= 988 Y2=1021 P1=1023 P2=  -1 T1=1023 T2= 930  P= 669  D=   1 
 X= 868 X2=1016  Y= 980 Y2=1023 P1=1023 P2=  -1 T1=1022 T2= 905  P= 669  D=   1 
 X=1022 X2=1019  Y= 995 Y2=1020 P1=1023 P2=  -1 T1=1022 T2= 929  P= 669  D=   1 
 X= 978 X2=1013  Y= 992 Y2=1022 P1=1023 P2=  -1 T1=1023 T2= 906  P= 669  D=   1 
 X= 962 X2=1018  Y= 980 Y2=1022 P1=1023 P2=  -1 T1=1021 T2= 937  P= 669  D=   1 
 X= 958 X2=1019  Y= 994 Y2=1020 P1=1023 P2=  -1 T1=1022 T2= 931  P= 669  D=   1 
 X= 969 X2= 998  Y= 983 Y2=1023 P1=1023 P2=  -1 T1=1023 T2= 934  P= 669  D=   1 
 X=1023 X2=1000  Y= 983 Y2=1021 P1=1023 P2=  -1 T1=1021 T2= 916  P= 669  D=   1 
 X= 816 X2=1023  Y= 988 Y2=1021 P1=1023 P2=  -1 T1=1022 T2= 937  P= 669  D=   1 
 X= 972 X2=1023  Y= 986 Y2=1020 P1=1023 P2=  -1 T1=1021 T2= 910  P= 669  D=   1 
 X= 989 X2=1015  Y= 980 Y2=1022 P1=1023 P2=  -1 T1=1023 T2= 905  P= 669  D=   1 
 X= 964 X2=1021  Y= 990 Y2=1023 P1=1023 P2=  -1 T1=1023 T2= 907  P= 669  D=   1 
 X= 800 X2=1023  Y= 986 Y2=1023 P1=1023 P2=  -1 T1=1023 T2= 922  P= 669  D=   1 
 X=1023 X2=1015  Y= 980 Y2=1022 P1=1023 P2=  -1 T1=1022 T2= 926  P= 669  D=   1 
 X= 991 X2=1009  Y= 981 Y2=1021 P1=1023 P2=  -1 T1=1020 T2= 935  P= 669  D=   1 
 X= 906 X2=1023  Y= 989 Y2=1020 P1=1023 P2=  -1 T1=1021 T2= 925  P= 669  D=   1 
 X=1023 X2=1020  Y= 987 Y2=1022 P1=1023 P2=  -1 T1=1022 T2= 908  P= 669  D=   1 
 X= 952 X2=1023  Y= 976 Y2=1022 P1=1023 P2=  -1 T1=1023 T2= 928  P= 669  D=   1 
 X= 973 X2=1015  Y= 991 Y2=1020 P1=1023 P2=  -1 T1=1023 T2= 938  P= 669  D=   1 
 X= 939 X2=1023  Y= 984 Y2=1021 P1=1023 P2=  -1 T1=1023 T2= 918  P= 669  D=   1 
 X= 871 X2=1019  Y= 986 Y2=1023 P1=1023 P2=  -1 T1=1017 T2= 924  P= 669  D=   1 
 X= 915 X2=1020  Y= 998 Y2=1023 P1=1023 P2=  -1 T1=1023 T2= 924  P= 669  D=   1 
 X=1015 X2=1006  Y= 995 Y2=1020 P1=1023 P2=  -1 T1=1023 T2= 924  P= 669  D=   1 
 X= 982 X2=1018  Y= 984 Y2=1021 P1=1023 P2=  -1 T1=1022 T2= 931  P= 669  D=   1 
 X= 917 X2=1023  Y= 989 Y2=1022 P1=1023 P2=  -1 T1=1023 T2= 904  P= 669  D=   1 
 X= 952 X2=1023  Y= 985 Y2=1021 P1=1023 P2=  -1 T1=1021 T2= 921  P= 669  D=   1 
 X=1023 X2=1005  Y= 990 Y2=1023 P1=1023 P2=  -1 T1=1022 T2= 900  P= 669  D=   1 
 X= 847 X2=1023  Y= 985 Y2=1022 P1=1023 P2=  -1 T1=1023 T2= 922  P= 669  D=   1 
 X= 899 X2=1023  Y= 994 Y2=1021 P1=1023 P2=  -1 T1=1023 T2= 937  P= 669  D=   1 
 X= 990 X2=1005  Y= 984 Y2=1021 P1=1023 P2=  -1 T1=1020 T2= 936  P= 669  D=   1 
 X= 816 X2=1023  Y= 987 Y2=1023 P1=1023 P2=  -1 T1=1020 T2= 923  P= 669  D=   1 
 X= 970 X2= 981  Y= 988 Y2=1020 P1=1023 P2=  -1 T1=1023 T2= 926  P= 669  D=   1 
 X=1023 X2=1005  Y= 987 Y2=1021 P1=1023 P2=  -1 T1=1023 T2= 918  P= 669  D=   1 
 X=1002 X2=1009  Y= 987 Y2=1022 P1=1023 P2=  -1 T1=1021 T2= 939  P= 669  D=   1 
 X= 934 X2=1023  Y= 981 Y2=1021 P1=1023 P2=  -1 T1=1023 T2= 930  P= 669  D=   1 
 X= 950 X2=1021  Y= 983 Y2=1022 P1=1023 P2=  -1 T1=1021 T2= 914  P= 669  D=   1 
 X= 957 X2=1023  Y= 978 Y2=1023 P1=1023 P2=  -1 T1=1023 T2= 917  P= 669  D=   1 
 X= 919 X2=1023  Y= 975 Y2=1023 P1=1023 P2=  -1 T1=1023 T2= 926  P= 669  D=   1 
 X= 991 X2=1003  Y= 971 Y2=1023 P1=1023 P2=  -1 T1=1021 T2= 926  P= 669  D=   1 
 X= 986 X2=1019  Y= 985 Y2=1023 P1=1023 P2=  -1 T1=1021 T2= 914  P= 669  D=   1 
 X= 977 X2=1008  Y= 988 Y2=1020 P1=1023 P2=  -1 T1=1022 T2= 936  P= 669  D=   1 
 X=1023 X2=1000  Y= 983 Y2=1020 P1=1022 P2=  -1 T1=1020 T2= 928  P= 669  D=   1 
 X=1023 X2=1015  Y= 981 Y2=1021 P1=1023 P2=  -1 T1=1021 T2= 917  P= 669  D=   1 
 X= 957 X2=1014  Y= 982 Y2=1018 P1=1023 P2=  -1 T1=1023 T2= 932  P= 669  D=   1 
 X=1023 X2=1003  Y= 993 Y2=1020 P1=1023 P2=  -1 T1=1023 T2= 931  P= 669  D=   1 
 X= 940 X2=1021  Y= 983 Y2=1023 P1=1023 P2=  -1 T1=1023 T2= 926  P= 669  D=   1 
 X= 821 X2=1022  Y= 992 Y2=1021 P1=1023 P2=  -1 T1=1022 T2= 930  P= 669  D=   1 
 X= 847 X2=1023  Y= 977 Y2=1020 P1=1023 P2=  -1 T1=1019 T2= 922  P= 669  D=   1 
 X= 989 X2=1006  Y= 970 Y2=1020 P1=1023 P2=  -1 T1=1023 T2= 926  P= 669  D=   1 
 X= 874 X2=1019  Y= 982 Y2=1020 P1=1018 P2=  -1 T1=1020 T2= 922  P= 669  D=   1 
 X= 961 X2= 992  Y= 987 Y2=1023 P1=1023 P2=  -1 T1=1023 T2= 933  P= 669  D=   1 
 X= 981 X2=1023  Y= 980 Y2=1023 P1=1023 P2=  -1 T1=1021 T2= 908  P= 669  D=   1 
 X= 937 X2=1022  Y= 983 Y2=1021 P1=1023 P2=  -1 T1=1021 T2= 914  P= 669  D=   1 
 X= 888 X2=1020  Y= 986 Y2=1023 P1=1023 P2=  -1 T1=1023 T2= 910  P= 669  D=   1 
 X=1023 X2=1009  Y= 981 Y2=1021 P1=1023 P2=  -1 T1=1023 T2= 924  P= 669  D=   1 
 X= 819 X2=1023  Y= 985 Y2=1020 P1=1023 P2=  -1 T1=1023 T2= 927  P= 669  D=   1 
 X=1018 X2=1012  Y=1021 Y2=1020 P1=1023 P2=  -1 T1=1023 T2=1019  P= 669  D=   1 
 X= 908 X2=1023  Y= 996 Y2=1020 P1=1023 P2=  -1 T1=1022 T2= 930  P= 669  D=   1 
 X= 853 X2=1023  Y= 987 Y2=1020 P1=1023 P2=  -1 T1=1023 T2= 937  P= 669  D=   1 
 X= 958 X2=1023  Y= 986 Y2=1020 P1=1023 P2=  -1 T1=1023 T2= 914  P= 669  D=   1 
 X= 955 X2=1023  Y= 988 Y2=1020 P1=1023 P2=  -1 T1=1021 T2= 918  P= 669  D=   1 
 X=1023 X2=1009  Y= 983 Y2=1021 P1=1023 P2=  -1 T1=1018 T2= 918  P= 669  D=   1 
 X= 928 X2=1023  Y= 987 Y2=1021 P1=1023 P2=  -1 T1=1021 T2= 929  P= 669  D=   1 
 X= 920 X2=1023  Y= 986 Y2=1019 P1=1023 P2=  -1 T1=1022 T2= 923  P= 669  D=   1 
 X= 977 X2=1009  Y= 990 Y2=1020 P1=1023 P2=  -1 T1=1019 T2= 928  P= 669  D=   1 
 X= 905 X2=1023  Y= 984 Y2=1020 P1=1023 P2=  -1 T1=1023 T2= 930  P= 669  D=   1 
 X=1023 X2=1007  Y= 990 Y2=1020 P1=1023 P2=  -1 T1=1022 T2= 928  P= 669  D=   1 
 X= 992 X2=1012  Y= 988 Y2=1023 P1=1023 P2=  -1 T1=1023 T2= 926  P= 669  D=   1 
 X= 949 X2=1023  Y= 975 Y2=1022 P1=1023 P2=  -1 T1=1021 T2= 954  P= 669  D=   1 
 X= 952 X2=1023  Y= 990 Y2=1021 P1=1023 P2=  -1 T1=1022 T2= 945  P= 669  D=   1 
 X= 957 X2=1002  Y= 990 Y2=1021 P1=1023 P2=  -1 T1=1021 T2= 923  P= 669  D=   1 
 X= 815 X2=1023  Y= 987 Y2=1021 P1=1023 P2=  -1 T1=1020 T2= 911  P= 669  D=   1 
 X= 956 X2=1022  Y= 980 Y2=1022 P1=1023 P2=  -1 T1=1020 T2= 932  P= 669  D=   1 
 X= 998 X2=1015  Y= 987 Y2=1021 P1=1023 P2=  -1 T1=1023 T2= 907  P= 669  D=   1 
 X= 893 X2=1020  Y= 978 Y2=1021 P1=1023 P2=  -1 T1=1022 T2= 916  P= 669  D=   1 
 X= 950 X2=1022  Y= 982 Y2=1022 P1=1023 P2=  -1 T1=1023 T2= 924  P= 669  D=   1 
 X=1023 X2=1014  Y= 982 Y2=1022 P1=1023 P2=  -1 T1=1022 T2= 921  P= 669  D=   1 
 X=1001 X2=1000  Y= 979 Y2=1021 P1=1023 P2=  -1 T1=1021 T2= 927  P= 669  D=   1 
 X= 920 X2=1023  Y= 985 Y2=1021 P1=1023 P2=  -1 T1=1020 T2= 900  P= 669  D=   1 
 X=1023 X2=1004  Y= 994 Y2=1022 P1=1023 P2=  -1 T1=1023 T2= 918  P= 669  D=   1 
 X= 942 X2=1020  Y= 981 Y2=1021 P1=1023 P2=  -1 T1=1023 T2= 929  P= 669  D=   1 
 X= 815 X2=1023  Y= 987 Y2=1019 P1=1023 P2=  -1 T1=1021 T2= 916  P= 669  D=   1 
 X= 959 X2= 995  Y= 983 Y2=1023 P1=1023 P2=  -1 T1=1023 T2= 942  P= 669  D=   1 
 X= 860 X2=1015  Y= 973 Y2=1023 P1=1023 P2=  -1 T1=1022 T2= 900  P= 669  D=   1 
 X= 866 X2=1020  Y= 993 Y2=1020 P1=1023 P2=  -1 T1=1021 T2= 919  P= 669  D=   1 
 X= 952 X2=1023  Y= 987 Y2=1020 P1=1023 P2=  -1 T1=1023 T2= 943  P= 669  D=   1 
 X= 864 X2=1020  Y= 982 Y2=1023 P1=1023 P2=  -1 T1=1022 T2= 931  P= 669  D=   1 
 X= 917 X2=1023  Y= 987 Y2=1019 P1=1023 P2=  -1 T1=1021 T2= 938  P= 669  D=   1 
 X= 946 X2=1022  Y= 974 Y2=1020 P1=1023 P2=  -1 T1=1018 T2= 919  P= 669  D=   1 
 X= 905 X2=1017  Y= 986 Y2=1023 P1=1023 P2=  -1 T1=1023 T2= 919  P= 669  D=   1 
 X= 807 X2=1023  Y= 981 Y2=1023 P1=1023 P2=  -1 T1=1023 T2= 923  P= 669  D=   1 
 X= 965 X2= 997  Y= 982 Y2=1020 P1=1023 P2=  -1 T1=1022 T2= 935  P= 669  D=   1 
 X= 982 X2=1009  Y= 992 Y2=1022 P1=1023 P2=  -1 T1=1023 T2= 908  P= 669  D=   1 
 X= 936 X2=1022  Y= 987 Y2=1021 P1=1023 P2=  -1 T1=1022 T2= 928  P= 669  D=   1 
 X= 944 X2= 992  Y= 982 Y2=1020 P1=1023 P2=  -1 T1=1023 T2= 912  P= 669  D=   1 
 X= 981 X2=1015  Y= 990 Y2=1022 P1=1023 P2=  -1 T1=1023 T2= 926  P= 669  D=   1 
 X= 960 X2=1020  Y= 993 Y2=1023 P1=1023 P2=  -1 T1=1023 T2= 918  P= 669  D=   1 
 X= 936 X2=1023  Y= 987 Y2=1021 P1=1023 P2=  -1 T1=1022 T2= 934  P= 669  D=   1 
 X= 964 X2=1020  Y= 994 Y2=1019 P1=1023 P2=  -1 T1=1022 T2= 932  P= 669  D=   1 
 X= 890 X2=1018  Y= 982 Y2=1020 P1=1023 P2=  -1 T1=1022 T2= 936  P= 669  D=   1 
 X= 928 X2=1023  Y= 976 Y2=1020 P1=1023 P2=  -1 T1=1022 T2= 935  P= 669  D=   1 
 X=1023 X2=1015  Y= 978 Y2=1021 P1=1023 P2=  -1 T1=1022 T2= 933  P= 669  D=   1 
 X= 986 X2=1011  Y= 990 Y2=1020 P1=1023 P2=  -1 T1=1021 T2= 928  P= 669  D=   1 
 X=1023 X2=1020  Y= 983 Y2=1021 P1=1023 P2=  -1 T1=1023 T2= 952  P= 669  D=   1 
 X=1007 X2=1005  Y= 991 Y2=1021 P1=1023 P2=  -1 T1=1023 T2= 917  P= 669  D=   1 
 X= 996 X2= 995  Y= 975 Y2=1023 P1=1023 P2=  -1 T1=1023 T2= 912  P= 669  D=   1 
 X= 942 X2=1022  Y= 974 Y2=1019 P1=1023 P2=  -1 T1=1020 T2= 939  P= 669  D=   1 
 X= 979 X2=1023  Y= 992 Y2=1020 P1=1023 P2=  -1 T1=1022 T2= 935  P= 669  D=   1 
 X= 864 X2=1021  Y= 981 Y2=1023 P1=1023 P2=  -1 T1=1023 T2= 921  P= 669  D=   1 
 X= 957 X2=1018  Y= 987 Y2=1021 P1=1023 P2=  -1 T1=1023 T2= 923  P= 669  D=   1 
 X=1023 X2=1022  Y= 984 Y2=1023 P1=1023 P2=  -1 T1=1019 T2= 949  P= 669  D=   1 
 X=1001 X2= 996  Y= 971 Y2=1020 P1=1023 P2=  -1 T1=1020 T2= 916  P= 669  D=   1 
 X= 865 X2=1020  Y= 979 Y2=1020 P1=1023 P2=  -1 T1=1021 T2= 915  P= 669  D=   1 
 X= 960 X2=1023  Y= 979 Y2=1020 P1=1023 P2=  -1 T1=1021 T2= 923  P= 669  D=   1 
 X=1022 X2=1014  Y= 986 Y2=1021 P1=1023 P2=  -1 T1=1021 T2= 934  P= 669  D=   1 
 X= 809 X2=1023  Y= 987 Y2=1021 P1=1023 P2=  -1 T1=1020 T2= 924  P= 669  D=   1 
 X= 923 X2=1023  Y= 981 Y2=1021 P1=1023 P2=  -1 T1=1021 T2= 926  P= 669  D=   1 
 X= 987 X2=1014  Y= 988 Y2=1021 P1=1023 P2=  -1 T1=1020 T2= 919  P= 669  D=   1 
 X= 883 X2=1022  Y= 982 Y2=1021 P1=1023 P2=  -1 T1=1022 T2= 939  P= 669  D=   1 
 X= 818 X2=1023  Y= 982 Y2=1021 P1=1023 P2=  -1 T1=1020 T2= 915  P= 669  D=   1 
 X=1023 X2=1011  Y= 971 Y2=1020 P1=1023 P2=  -1 T1=1018 T2= 924  P= 669  D=   1 
 X= 877 X2=1020  Y= 978 Y2=1020 P1=1023 P2=  -1 T1=1021 T2= 910  P= 669  D=   1 
 X= 942 X2=1022  Y= 987 Y2=1021 P1=1023 P2=  -1 T1=1021 T2= 931  P= 669  D=   1 
 X= 966 X2=1009  Y= 988 Y2=1021 P1=1023 P2=  -1 T1=1023 T2= 919  P= 669  D=   1 
 X= 958 X2=1019  Y= 984 Y2=1020 P1=1023 P2=  -1 T1=1023 T2= 918  P= 669  D=   1 
 X= 865 X2=1023  Y= 985 Y2=1019 P1=1023 P2=  -1 T1=1023 T2= 931  P= 669  D=   1 
 X= 945 X2=1023  Y= 994 Y2=1023 P1=1023 P2=  -1 T1=1023 T2= 930  P= 669  D=   1 
 X= 987 X2=1010  Y= 997 Y2=1021 P1=1023 P2=  -1 T1=1018 T2= 922  P= 669  D=   1 
 X= 871 X2=1023  Y= 979 Y2=1020 P1=1023 P2=  -1 T1=1020 T2= 942  P= 669  D=   1 
 X= 940 X2=1023  Y= 987 Y2=1023 P1=1023 P2=  -1 T1=1021 T2= 926  P= 669  D=   1 
 X=1017 X2= 993  Y= 983 Y2=1023 P1=1023 P2=  -1 T1=1022 T2= 930  P= 669  D=   1 
 X= 918 X2=1023  Y= 982 Y2=1020 P1=1023 P2=  -1 T1=1023 T2= 918  P= 669  D=   1 
 X= 949 X2=1022  Y= 974 Y2=1023 P1=1023 P2=  -1 T1=1020 T2= 919  P= 669  D=   1 
 X= 958 X2=1023  Y= 986 Y2=1020 P1=1023 P2=  -1 T1=1022 T2= 924  P= 669  D=   1 
 X= 940 X2=1020  Y= 979 Y2=1021 P1=1023 P2=  -1 T1=1021 T2= 910  P= 669  D=   1 
 X= 929 X2=1023  Y= 991 Y2=1021 P1=1023 P2=  -1 T1=1022 T2= 926  P= 669  D=   1 
 X= 999 X2=1007  Y= 987 Y2=1023 P1=1023 P2=  -1 T1=1021 T2= 909  P= 669  D=   1 
 X= 919 X2=1020  Y= 980 Y2=1023 P1=1023 P2=  -1 T1=1022 T2= 938  P= 669  D=   1 
 X= 962 X2=1022  Y= 983 Y2=1019 P1=1023 P2=  -1 T1=1023 T2= 910  P= 669  D=   1 
 X=1023 X2= 999  Y= 979 Y2=1022 P1=1023 P2=  -1 T1=1023 T2= 916  P= 669  D=   1 
 X=1014 X2= 989  Y= 974 Y2=1023 P1=1023 P2=  -1 T1=1022 T2= 922  P= 669  D=   1 
 X=1023 X2=1009  Y= 986 Y2=1020 P1=1023 P2=  -1 T1=1021 T2= 946  P= 669  D=   1 
 X=1021 X2=1015  Y= 982 Y2=1022 P1=1023 P2=  -1 T1=1020 T2= 918  P= 669  D=   1 
 X= 869 X2=1023  Y= 997 Y2=1023 P1=1023 P2=  -1 T1=1021 T2= 947  P= 669  D=   1 
 X= 821 X2=1023  Y= 975 Y2=1023 P1=1023 P2=  -1 T1=1020 T2= 921  P= 669  D=   1 
 X=1019 X2= 999  Y= 980 Y2=1023 P1=1023 P2=  -1 T1=1022 T2= 918  P= 669  D=   1 
 X= 979 X2=1018  Y= 993 Y2=1021 P1=1023 P2=  -1 T1=1021 T2= 916  P= 669  D=   1 
 X= 925 X2=1021  Y= 987 Y2=1021 P1=1023 P2=  -1 T1=1020 T2= 933  P= 669  D=   1 
 X= 956 X2=1023  Y= 984 Y2=1022 P1=1023 P2=  -1 T1=1023 T2= 924  P= 669  D=   1 
 X= 895 X2=1023  Y= 990 Y2=1021 P1=1023 P2=  -1 T1=1023 T2= 910  P= 669  D=   1 
 X= 923 X2=1023  Y= 994 Y2=1023 P1=1023 P2=  -1 T1=1021 T2= 920  P= 669  D=   1 
 X= 919 X2=1022  Y= 983 Y2=1021 P1=1023 P2=  -1 T1=1022 T2= 922  P= 669  D=   1 
 X= 891 X2=1023  Y= 984 Y2=1023 P1=1023 P2=  -1 T1=1022 T2= 922  P= 669  D=   1 
 X= 872 X2=1023  Y= 981 Y2=1018 P1=1023 P2=  -1 T1=1020 T2= 949  P= 669  D=   1 
 X= 875 X2=1023  Y= 988 Y2=1023 P1=1023 P2=  -1 T1=1021 T2= 927  P= 669  D=   1 
 X=1000 X2= 989  Y= 990 Y2=1021 P1=1023 P2=  -1 T1=1020 T2= 944  P= 669  D=   1 
 X= 940 X2=1023  Y= 982 Y2=1021 P1=1023 P2=  -1 T1=1021 T2= 929  P= 669  D=   1 
 X= 978 X2=1023  Y=1014 Y2=1023 P1=1023 P2=  -1 T1=1023 T2=1021  P= 669  D=   1 
 X= 821 X2=1023  Y= 977 Y2=1021 P1=1023 P2=  -1 T1=1022 T2= 910  P= 669  D=   1 
 X= 869 X2=1022  Y= 981 Y2=1020 P1=1023 P2=  -1 T1=1022 T2= 940  P= 669  D=   1 
 X= 949 X2=1023  Y= 986 Y2=1020 P1=1023 P2=  -1 T1=1021 T2= 907  P= 669  D=   1 
 X= 962 X2=1021  Y= 994 Y2=1020 P1=1023 P2=  -1 T1=1023 T2= 921  P= 669  D=   1 
 X= 880 X2=1019  Y= 980 Y2=1020 P1=1023 P2=  -1 T1=1021 T2= 938  P= 669  D=   1 
 X= 909 X2=1023  Y= 983 Y2=1021 P1=1023 P2=  -1 T1=1021 T2= 897  P= 669  D=   1 
 X= 946 X2= 995  Y= 984 Y2=1021 P1=1023 P2=  -1 T1=1023 T2= 925  P= 669  D=   1 
 X= 992 X2= 998  Y= 985 Y2=1021 P1=1023 P2=  -1 T1=1020 T2= 914  P= 669  D=   1 
 X= 957 X2=1023  Y= 984 Y2=1020 P1=1023 P2=  -1 T1=1021 T2= 918  P= 669  D=   1 
 X= 960 X2=1023  Y= 986 Y2=1020 P1=1023 P2=  -1 T1=1021 T2= 924  P= 669  D=   1 
 X= 975 X2=1019  Y= 985 Y2=1023 P1=1023 P2=  -1 T1=1020 T2= 935  P= 669  D=   1 
 X= 870 X2=1023  Y= 980 Y2=1023 P1=1023 P2=  -1 T1=1021 T2= 913  P= 669  D=   1 
 X= 980 X2=1022  Y= 989 Y2=1019 P1=1023 P2=  -1 T1=1022 T2= 930  P= 669  D=   1 
 X= 988 X2=1014  Y= 980 Y2=1021 P1=1023 P2=  -1 T1=1021 T2= 926  P= 669  D=   1 
 X= 901 X2=1020  Y= 980 Y2=1020 P1=1023 P2=  -1 T1=1021 T2= 923  P= 669  D=   1 
 X=1023 X2= 995  Y= 985 Y2=1022 P1=1023 P2=  -1 T1=1023 T2= 904  P= 669  D=   1 
 X=1022 X2=1015  Y= 986 Y2=1023 P1=1023 P2=  -1 T1=1023 T2= 914  P= 669  D=   1 
 X= 989 X2=1014  Y= 975 Y2=1021 P1=1023 P2=  -1 T1=1020 T2= 921  P= 669  D=   1 
 X= 973 X2=1023  Y= 983 Y2=1023 P1=1023 P2=  -1 T1=1021 T2= 929  P= 669  D=   1 
 X=1022 X2=1019  Y= 983 Y2=1023 P1=1023 P2=  -1 T1=1021 T2= 927  P= 669  D=   1 
 X= 826 X2=1021  Y= 989 Y2=1023 P1=1023 P2=  -1 T1=1023 T2= 910  P= 669  D=   1 
 X= 882 X2=1023  Y= 982 Y2=1022 P1=1023 P2=  -1 T1=1023 T2= 918  P= 669  D=   1 
 X= 996 X2= 995  Y= 984 Y2=1023 P1=1023 P2=  -1 T1=1023 T2= 916  P= 669  D=   1 
 X= 857 X2=1018  Y= 978 Y2=1023 P1=1023 P2=  -1 T1=1022 T2= 915  P= 669  D=   1 
 X= 931 X2=1017  Y= 977 Y2=1021 P1=1023 P2=  -1 T1=1020 T2= 922  P= 669  D=   1 
 X=1023 X2=1005  Y= 988 Y2=1023 P1=1023 P2=  -1 T1=1021 T2= 922  P= 669  D=   1 
 X= 906 X2=1020  Y= 978 Y2=1021 P1=1023 P2=  -1 T1=1022 T2= 907  P= 669  D=   1 
 X= 935 X2=1023  Y= 982 Y2=1019 P1=1023 P2=  -1 T1=1023 T2= 900  P= 669  D=   1 
 X= 961 X2=1023  Y= 986 Y2=1020 P1=1023 P2=  -1 T1=1023 T2= 921  P= 669  D=   1 
 X= 919 X2=1021  Y= 986 Y2=1021 P1=1023 P2=  -1 T1=1021 T2= 918  P= 669  D=   1 
 X= 848 X2=1023  Y= 971 Y2=1023 P1=1023 P2=  -1 T1=1021 T2= 905  P= 669  D=   1 
 X= 885 X2=1023  Y= 982 Y2=1022 P1=1023 P2=  -1 T1=1023 T2= 916  P= 669  D=   1 
 X= 990 X2=1003  Y= 981 Y2=1020 P1=1023 P2=  -1 T1=1023 T2= 916  P= 669  D=   1 
 X= 806 X2=1023  Y= 991 Y2=1019 P1=1023 P2=  -1 T1=1023 T2= 917  P= 669  D=   1 
 X= 897 X2=1018  Y=1005 Y2=1019 P1=1023 P2=  -1 T1=1021 T2= 922  P= 669  D=   1 
 X= 975 X2=1023  Y= 988 Y2=1021 P1=1023 P2=  -1 T1=1020 T2= 918  P= 669  D=   1 
 X= 918 X2=1023  Y= 983 Y2=1020 P1=1023 P2=  -1 T1=1021 T2= 926  P= 669  D=   1 
 X= 932 X2=1023  Y= 985 Y2=1020 P1=1023 P2=  -1 T1=1023 T2= 913  P= 669  D=   1 
 X=1022 X2=1018  Y= 987 Y2=1020 P1=1023 P2=  -1 T1=1020 T2= 934  P= 669  D=   1 
 X= 935 X2=1023  Y= 983 Y2=1020 P1=1023 P2=  -1 T1=1023 T2= 928  P= 669  D=   1 
 X= 956 X2=1022  Y= 984 Y2=1020 P1=1023 P2=  -1 T1=1022 T2= 937  P= 669  D=   1 
 X= 993 X2= 994  Y= 986 Y2=1023 P1=1023 P2=  -1 T1=1021 T2= 905  P= 669  D=   1 
 X= 991 X2=1014  Y= 982 Y2=1022 P1=1023 P2=  -1 T1=1021 T2= 930  P= 669  D=   1 
 X= 949 X2=1023  Y= 977 Y2=1021 P1=1023 P2=  -1 T1=1021 T2= 920  P= 669  D=   1 
 X= 977 X2= 992  Y= 983 Y2=1019 P1=1023 P2=  -1 T1=1021 T2= 906  P= 669  D=   1 
 X= 811 X2=1023  Y= 966 Y2=1023 P1=1023 P2=  -1 T1=1023 T2= 914  P= 669  D=   1 
 X=1023 X2=1020  Y= 985 Y2=1023 P1=1023 P2=  -1 T1=1019 T2= 921  P= 669  D=   1 
 X= 994 X2=1012  Y= 983 Y2=1023 P1=1023 P2=  -1 T1=1021 T2= 911  P= 669  D=   1 
 X= 823 X2=1023  Y= 973 Y2=1023 P1=1023 P2=  -1 T1=1023 T2= 921  P= 669  D=   1 
 X= 869 X2=1023  Y= 973 Y2=1023 P1=1023 P2=  -1 T1=1022 T2= 904  P= 669  D=   1 
 X=1022 X2=1014  Y= 985 Y2=1021 P1=1023 P2=  -1 T1=1023 T2= 928  P= 669  D=   1 
 X= 995 X2=1016  Y= 976 Y2=1023 P1=1023 P2=  -1 T1=1023 T2= 934  P= 669  D=   1 
 X= 986 X2=1021  Y= 994 Y2=1020 P1=1023 P2=  -1 T1=1023 T2= 920  P= 669  D=   1 
 X= 962 X2=1023  Y= 981 Y2=1023 P1=1023 P2=  -1 T1=1022 T2= 919  P= 669  D=   1 
 X=1023 X2=1007  Y= 983 Y2=1022 P1=1023 P2=  -1 T1=1021 T2= 908  P= 669  D=   1 
 X= 860 X2=1023  Y= 991 Y2=1019 P1=1023 P2=  -1 T1=1020 T2= 921  P= 669  D=   1 
 X= 866 X2=1023  Y= 991 Y2=1023 P1=1023 P2=  -1 T1=1022 T2= 921  P= 669  D=   1 
 X= 978 X2=1015  Y= 980 Y2=1023 P1=1023 P2=  -1 T1=1019 T2= 946  P= 669  D=   1 
 X= 927 X2=1019  Y= 984 Y2=1021 P1=1023 P2=  -1 T1=1022 T2= 914  P= 669  D=   1 
 X=1023 X2=1012  Y= 982 Y2=1023 P1=1023 P2=  -1 T1=1021 T2= 925  P= 669  D=   1 
 X= 916 X2=1022  Y= 981 Y2=1023 P1=1023 P2=  -1 T1=1022 T2= 936  P= 669  D=   1 
 X= 859 X2=1018  Y= 988 Y2=1023 P1=1023 P2=  -1 T1=1020 T2= 935  P= 669  D=   1 
 X= 955 X2=1023  Y= 987 Y2=1023 P1=1023 P2=  -1 T1=1022 T2= 937  P= 669  D=   1 
 X= 960 X2=1023  Y= 985 Y2=1020 P1=1023 P2=  -1 T1=1021 T2= 929  P= 669  D=   1 
 X= 968 X2=1023  Y= 987 Y2=1021 P1=1023 P2=  -1 T1=1023 T2= 905  P= 669  D=   1 
 X= 899 X2=1022  Y= 987 Y2=1023 P1=1023 P2=  -1 T1=1023 T2= 913  P= 669  D=   1 
 X= 992 X2= 996  Y= 987 Y2=1021 P1=1023 P2=  -1 T1=1023 T2= 908  P= 669  D=   1 
 X= 913 X2=1020  Y= 982 Y2=1020 P1=1023 P2=  -1 T1=1023 T2= 920  P= 669  D=   1 
 X= 917 X2=1023  Y= 979 Y2=1019 P1=1023 P2=  -1 T1=1021 T2= 934  P= 669  D=   1 
 X=1023 X2= 997  Y= 982 Y2=1021 P1=1023 P2=  -1 T1=1021 T2= 910  P= 669  D=   1 
 X=1014 X2= 991  Y= 984 Y2=1023 P1=1023 P2=  -1 T1=1023 T2= 910  P= 669  D=   1 
 X= 930 X2=1023  Y= 985 Y2=1022 P1=1023 P2=  -1 T1=1021 T2= 932  P= 669  D=   1 
 X= 960 X2=1023  Y= 989 Y2=1020 P1=1023 P2=  -1 T1=1021 T2= 924  P= 669  D=   1 
 X= 930 X2=1020  Y= 976 Y2=1020 P1=1023 P2=  -1 T1=1023 T2= 900  P= 669  D=   1 
 X= 810 X2=1023  Y= 990 Y2=1021 P1=1023 P2=  -1 T1=1020 T2= 916  P= 669  D=   1 
 X= 953 X2=1022  Y= 976 Y2=1019 P1=1023 P2=  -1 T1=1023 T2= 945  P= 669  D=   1 
 X= 977 X2=1007  Y= 982 Y2=1020 P1=1023 P2=  -1 T1=1023 T2= 914  P= 669  D=   1 
 X= 860 X2=1017  Y= 978 Y2=1021 P1=1023 P2=  -1 T1=1021 T2= 927  P= 669  D=   1 
 X=1023 X2=1001  Y= 977 Y2=1023 P1=1023 P2=  -1 T1=1023 T2= 906  P= 669  D=   1 
 X=1023 X2=1011  Y= 979 Y2=1020 P1=1023 P2=  -1 T1=1022 T2= 915  P= 669  D=   1 
 X= 868 X2=1021  Y= 992 Y2=1023 P1=1023 P2=  -1 T1=1020 T2= 939  P= 669  D=   1 
 X= 938 X2=1023  Y= 983 Y2=1021 P1=1023 P2=  -1 T1=1021 T2= 918  P= 669  D=   1 
 X=1023 X2= 996  Y= 991 Y2=1022 P1=1023 P2=  -1 T1=1022 T2= 934  P= 669  D=   1 
 X= 839 X2=1023  Y= 981 Y2=1021 P1=1023 P2=  -1 T1=1023 T2= 915  P= 669  D=   1 
 X= 974 X2= 995  Y= 987 Y2=1022 P1=1023 P2=  -1 T1=1023 T2= 933  P= 669  D=   1 
 X= 795 X2=1023  Y=1001 Y2=1021 P1=1023 P2=  -1 T1=1023 T2= 897  P= 669  D=   1 
 X= 886 X2=1020  Y= 981 Y2=1023 P1=1023 P2=  -1 T1=1020 T2= 927  P= 669  D=   1 
 X= 956 X2=1023  Y= 993 Y2=1023 P1=1023 P2=  -1 T1=1021 T2= 919  P= 669  D=   1 
 X=1023 X2=1007  Y= 984 Y2=1022 P1=1023 P2=  -1 T1=1020 T2= 910  P= 669  D=   1 
 X= 981 X2=1012  Y= 985 Y2=1020 P1=1023 P2=  -1 T1=1022 T2= 922  P= 669  D=   1 
 X= 897 X2=1023  Y= 991 Y2=1023 P1=1023 P2=  -1 T1=1023 T2= 927  P= 669  D=   1 
 X= 945 X2=1022  Y= 987 Y2=1021 P1=1023 P2=  -1 T1=1022 T2= 929  P= 669  D=   1 
 X= 889 X2=1017  Y= 975 Y2=1023 P1=1023 P2=  -1 T1=1021 T2= 936  P= 669  D=   1 
 X= 963 X2=1020  Y= 990 Y2=1021 P1=1023 P2=  -1 T1=1022 T2= 919  P= 669  D=   1 
 X= 976 X2=1020  Y= 978 Y2=1021 P1=1023 P2=  -1 T1=1023 T2= 913  P= 669  D=   1 
 X= 898 X2=1023  Y= 985 Y2=1020 P1=1023 P2=  -1 T1=1023 T2= 917  P= 669  D=   1 
 X= 934 X2=1023  Y= 982 Y2=1021 P1=1023 P2=  -1 T1=1021 T2= 927  P= 669  D=   1 
 X=1023 X2=1019  Y= 989 Y2=1020 P1=1023 P2=  -1 T1=1020 T2= 917  P= 669  D=   1 
 X=1023 X2=1012  Y= 990 Y2=1022 P1=1023 P2=  -1 T1=1023 T2= 931  P= 669  D=   1 
 X= 903 X2=1023  Y= 991 Y2=1023 P1=1023 P2=  -1 T1=1022 T2= 933  P= 669  D=   1 
 X=1017 X2=1015  Y=1021 Y2=1023 P1=1023 P2=  -1 T1=1021 T2=1019  P= 669  D=   1 
 X= 976 X2=1021  Y= 993 Y2=1019 P1=1023 P2=  -1 T1=1023 T2= 936  P= 669  D=   1 
 X= 867 X2=1023  Y= 983 Y2=1023 P1=1023 P2=  -1 T1=1023 T2= 926  P= 669  D=   1 
 X= 973 X2=1021  Y= 979 Y2=1023 P1=1023 P2=  -1 T1=1021 T2= 924  P= 669  D=   1 
 X=1000 X2= 995  Y= 984 Y2=1023 P1=1023 P2=  -1 T1=1021 T2= 912  P= 669  D=   1 
 X= 999 X2=1008  Y= 987 Y2=1021 P1=1023 P2=  -1 T1=1022 T2= 923  P= 669  D=   1 
 X= 926 X2=1023  Y= 985 Y2=1023 P1=1023 P2=  -1 T1=1022 T2= 935  P= 669  D=   1 
 X= 960 X2= 993  Y= 987 Y2=1021 P1=1023 P2=  -1 T1=1023 T2= 906  P= 669  D=   1 
 X= 810 X2=1023  Y= 980 Y2=1021 P1=1023 P2=  -1 T1=1023 T2= 916  P= 669  D=   1 
 X= 906 X2=1021  Y= 980 Y2=1022 P1=1023 P2=  -1 T1=1022 T2= 937  P= 669  D=   1 
 X= 999 X2=1017  Y= 988 Y2=1023 P1=1023 P2=  -1 T1=1023 T2= 962  P= 669  D=   1 
 X= 965 X2=1023  Y= 983 Y2=1022 P1=1023 P2=  -1 T1=1023 T2= 929  P= 669  D=   1 
 X= 962 X2=1023  Y= 988 Y2=1019 P1=1023 P2=  -1 T1=1020 T2= 893  P= 669  D=   1 
 X=1023 X2=1013  Y= 978 Y2=1020 P1=1023 P2=  -1 T1=1020 T2= 906  P= 669  D=   1 
 X=1019 X2= 995  Y= 975 Y2=1023 P1=1023 P2=  -1 T1=1023 T2= 916  P= 669  D=   1 
 X= 900 X2=1023  Y= 983 Y2=1023 P1=1023 P2=  -1 T1=1023 T2= 934  P= 669  D=   1 
 X= 954 X2=1021  Y= 986 Y2=1020 P1=1023 P2=  -1 T1=1023 T2= 932  P= 669  D=   1 
 X=1023 X2=1011  Y= 974 Y2=1023 P1=1023 P2=  -1 T1=1020 T2= 892  P= 669  D=   1 
 X= 897 X2=1023  Y= 976 Y2=1021 P1=1023 P2=  -1 T1=1023 T2= 914  P= 669  D=   1 
 X= 895 X2=1023  Y= 987 Y2=1020 P1=1023 P2=  -1 T1=1022 T2= 936  P= 669  D=   1 
 X= 979 X2=1015  Y= 989 Y2=1021 P1=1023 P2=  -1 T1=1023 T2= 915  P= 669  D=   1 
 X= 909 X2=1022  Y= 982 Y2=1020 P1=1023 P2=  -1 T1=1023 T2= 924  P= 669  D=   1 
 X=1023 X2= 997  Y= 982 Y2=1021 P1=1023 P2=  -1 T1=1021 T2= 917  P= 669  D=   1 
 X=1023 X2=1011  Y= 988 Y2=1023 P1=1022 P2=  -1 T1=1023 T2= 925  P= 669  D=   1 
 X= 863 X2=1018  Y= 983 Y2=1022 P1=1023 P2=  -1 T1=1021 T2= 934  P= 669  D=   1 
 X= 920 X2=1023  Y= 983 Y2=1023 P1=1023 P2=  -1 T1=1021 T2= 905  P= 669  D=   1 
 X= 952 X2= 992  Y= 983 Y2=1021 P1=1023 P2=  -1 T1=1023 T2= 923  P= 669  D=   1 
 X= 828 X2=1023  Y= 982 Y2=1022 P1=1023 P2=  -1 T1=1023 T2= 935  P= 669  D=   1 
 X= 909 X2=1023  Y= 987 Y2=1022 P1=1023 P2=  -1 T1=1022 T2= 902  P= 669  D=   1 
 X=1017 X2=1014  Y= 985 Y2=1020 P1=1023 P2=  -1 T1=1021 T2= 930  P= 669  D=   1 
 X= 895 X2=1019  Y= 973 Y2=1023 P1=1023 P2=  -1 T1=1021 T2= 924  P= 669  D=   1 
 X= 831 X2=1023  Y= 985 Y2=1023 P1=1023 P2=  -1 T1=1023 T2= 925  P= 669  D=   1 
 X= 951 X2= 994  Y= 986 Y2=1023 P1=1023 P2=  -1 T1=1020 T2= 929  P= 669  D=   1 
 X=1021 X2= 996  Y= 982 Y2=1022 P1=1023 P2=  -1 T1=1021 T2= 938  P= 669  D=   1 
 X= 924 X2=1023  Y= 986 Y2=1023 P1=1023 P2=  -1 T1=1023 T2= 931  P= 669  D=   1 
 X= 931 X2=1022  Y= 985 Y2=1021 P1=1023 P2=  -1 T1=1023 T2= 950  P= 669  D=   1 
 X= 969 X2=1023  Y= 978 Y2=1021 P1=1023 P2=  -1 T1=1020 T2= 928  P= 669  D=   1 
 X= 852 X2=1023  Y= 973 Y2=1018 P1=1023 P2=  -1 T1=1022 T2= 929  P= 669  D=   1 
 X= 960 X2=1023  Y= 978 Y2=1021 P1=1023 P2=  -1 T1=1023 T2= 918  P= 669  D=   1 
 X=1023 X2=1014  Y= 985 Y2=1021 P1=1023 P2=  -1 T1=1023 T2= 933  P= 669  D=   1 
 X= 858 X2=1023  Y= 993 Y2=1020 P1=1023 P2=  -1 T1=1021 T2= 928  P= 669  D=   1 
 X= 953 X2=1021  Y= 983 Y2=1023 P1=1023 P2=  -1 T1=1021 T2= 922  P= 669  D=   1 
 X=1023 X2=1005  Y= 984 Y2=1022 P1=1023 P2=  -1 T1=1023 T2= 923  P= 669  D=   1 
 X= 880 X2=1023  Y= 972 Y2=1023 P1=1023 P2=  -1 T1=1022 T2= 913  P= 669  D=   1 
 X= 930 X2=1023  Y= 981 Y2=1023 P1=1023 P2=  -1 T1=1022 T2= 947  P= 669  D=   1 
 X=1023 X2= 992  Y= 982 Y2=1023 P1=1023 P2=  -1 T1=1021 T2= 915  P= 669  D=   1 
 X= 931 X2=1020  Y= 983 Y2=1021 P1=1023 P2=  -1 T1=1022 T2= 943  P= 669  D=   1 
 X= 983 X2=1001  Y= 994 Y2=1021 P1=1023 P2=  -1 T1=1023 T2= 923  P= 669  D=   1 
 X= 943 X2=1023  Y= 982 Y2=1021 P1=1023 P2=  -1 T1=1023 T2= 945  P= 669  D=   1 
 X= 888 X2=1019  Y= 984 Y2=1021 P1=1023 P2=  -1 T1=1023 T2= 925  P= 669  D=   1 
 X= 967 X2= 996  Y= 984 Y2=1023 P1=1023 P2=  -1 T1=1023 T2= 936  P= 669  D=   1 
 X= 966 X2=1023  Y= 982 Y2=1023 P1=1023 P2=  -1 T1=1022 T2= 917  P= 669  D=   1 
 X=1003 X2=1021  Y= 982 Y2=1022 P1=1023 P2=  -1 T1=1023 T2= 935  P= 669  D=   1 
 X= 907 X2=1023  Y= 980 Y2=1023 P1=1023 P2=  -1 T1=1022 T2= 903  P= 669  D=   1 
 X= 919 X2=1023  Y= 974 Y2=1021 P1=1023 P2=  -1 T1=1022 T2= 945  P= 669  D=   1 
 X= 873 X2=1017  Y= 978 Y2=1023 P1=1023 P2=  -1 T1=1022 T2= 943  P= 669  D=   1 
 X= 954 X2=1023  Y= 987 Y2=1021 P1=1023 P2=  -1 T1=1023 T2= 927  P= 669  D=   1 
 X=1023 X2=1004  Y= 974 Y2=1021 P1=1023 P2=  -1 T1=1023 T2= 920  P= 669  D=   1 
 X= 992 X2=1007  Y= 985 Y2=1020 P1=1023 P2=  -1 T1=1023 T2= 931  P= 669  D=   1 
 X= 961 X2=1022  Y= 988 Y2=1023 P1=1023 P2=  -1 T1=1022 T2= 917  P= 669  D=   1 
 X=1022 X2= 994  Y= 993 Y2=1021 P1=1023 P2=  -1 T1=1021 T2= 911  P= 669  D=   1 
 X=1022 X2=1015  Y= 985 Y2=1022 P1=1023 P2=  -1 T1=1022 T2= 921  P= 669  D=   1 
 X= 826 X2=1023  Y= 979 Y2=1023 P1=1023 P2=  -1 T1=1022 T2= 911  P= 669  D=   1 
 X= 924 X2=1023  Y= 981 Y2=1020 P1=1023 P2=  -1 T1=1021 T2= 931  P= 669  D=   1 
 X= 992 X2=1009  Y= 986 Y2=1017 P1=1023 P2=  -1 T1=1023 T2= 924  P= 669  D=   1 
 X= 898 X2=1020  Y= 993 Y2=1021 P1=1023 P2=  -1 T1=1021 T2= 917  P= 669  D=   1 
 X= 989 X2=1014  Y= 987 Y2=1021 P1=1023 P2=  -1 T1=1022 T2= 922  P= 669  D=   1 
 X=1020 X2=1013  Y= 993 Y2=1022 P1=1023 P2=  -1 T1=1022 T2= 927  P= 669  D=   1 
 X= 996 X2=1011  Y= 979 Y2=1020 P1=1023 P2=  -1 T1=1021 T2= 917  P= 669  D=   1 
 X= 933 X2=1023  Y= 980 Y2=1020 P1=1023 P2=  -1 T1=1020 T2= 919  P= 669  D=   1 
 X= 975 X2=1021  Y= 974 Y2=1020 P1=1022 P2=  -1 T1=1023 T2= 926  P= 669  D=   1 
 X= 940 X2=1021  Y= 977 Y2=1023 P1=1023 P2=  -1 T1=1021 T2= 929  P= 669  D=   1 
 X= 900 X2=1022  Y= 983 Y2=1023 P1=1023 P2=  -1 T1=1021 T2= 942  P= 669  D=   1 
 X= 869 X2=1015  Y= 981 Y2=1023 P1=1023 P2=  -1 T1=1023 T2= 917  P= 669  D=   1 
 X= 984 X2=1013  Y= 986 Y2=1023 P1=1023 P2=  -1 T1=1018 T2= 925  P= 669  D=   1 
 X= 914 X2=1021  Y= 977 Y2=1021 P1=1023 P2=  -1 T1=1022 T2= 929  P= 669  D=   1 
 X= 958 X2= 982  Y= 988 Y2=1023 P1=1023 P2=  -1 T1=1023 T2= 919  P= 669  D=   1 
 X=1023 X2=1008  Y= 983 Y2=1021 P1=1023 P2=  -1 T1=1022 T2= 894  P= 669  D=   1 
 X= 950 X2=1023  Y= 981 Y2=1023 P1=1023 P2=  -1 T1=1021 T2= 930  P= 669  D=   1 
 X= 963 X2=1023  Y= 984 Y2=1019 P1=1023 P2=  -1 T1=1021 T2= 907  P= 669  D=   1 
 X= 905 X2=1023  Y= 987 Y2=1019 P1=1023 P2=  -1 T1=1022 T2= 919  P= 669  D=   1 
 X= 961 X2=1023  Y= 982 Y2=1021 P1=1023 P2=  -1 T1=1021 T2= 895  P= 669  D=   1 
 X= 859 X2=1023  Y= 971 Y2=1023 P1=1023 P2=  -1 T1=1021 T2= 922  P= 669  D=   1 
 X= 989 X2=1006  Y= 974 Y2=1022 P1=1023 P2=  -1 T1=1021 T2= 924  P= 669  D=   1 
 X= 872 X2=1019  Y= 981 Y2=1021 P1=1023 P2=  -1 T1=1019 T2= 930  P= 669  D=   1 
 X=1020 X2=1014  Y= 983 Y2=1023 P1=1023 P2=  -1 T1=1022 T2= 897  P= 669  D=   1 
 X= 923 X2=1020  Y= 986 Y2=1023 P1=1023 P2=  -1 T1=1023 T2= 931  P= 669  D=   1 
 X= 968 X2=1019  Y= 973 Y2=1023 P1=1023 P2=  -1 T1=1023 T2= 923  P= 669  D=   1 
 X= 958 X2=1020  Y= 982 Y2=1023 P1=1023 P2=  -1 T1=1021 T2= 924  P= 669  D=   1 
 X= 951 X2=1023  Y= 983 Y2=1023 P1=1023 P2=  -1 T1=1022 T2= 921  P= 669  D=   1 
 X= 912 X2=1021  Y= 980 Y2=1020 P1=1023 P2=  -1 T1=1021 T2= 926  P= 669  D=   1 
 X= 854 X2=1023  Y= 980 Y2=1020 P1=1023 P2=  -1 T1=1021 T2= 926  P= 669  D=   1 
 X=1023 X2=1015  Y= 968 Y2=1021 P1=1023 P2=  -1 T1=1023 T2= 935  P= 669  D=   1 
 X= 990 X2= 996  Y= 980 Y2=1022 P1=1023 P2=  -1 T1=1022 T2= 933  P= 669  D=   1 
 X= 939 X2= 996  Y= 976 Y2=1020 P1=1023 P2=  -1 T1=1023 T2= 928  P= 669  D=   1 
 X= 978 X2=1019  Y= 993 Y2=1020 P1=1023 P2=  -1 T1=1021 T2= 918  P= 669  D=   1 
 X= 862 X2=1021  Y= 989 Y2=1021 P1=1023 P2=  -1 T1=1020 T2= 915  P= 669  D=   1 
 X= 917 X2=1023  Y= 982 Y2=1023 P1=1023 P2=  -1 T1=1023 T2= 923  P= 669  D=   1 
 X= 955 X2=1021  Y= 982 Y2=1019 P1=1023 P2=  -1 T1=1023 T2= 928  P= 669  D=   1 
 X= 908 X2=1020  Y= 979 Y2=1021 P1=1023 P2=  -1 T1=1021 T2= 916  P= 669  D=   1 
 X= 962 X2=1023  Y= 983 Y2=1023 P1=1023 P2=  -1 T1=1023 T2= 925  P= 669  D=   1 
 X= 994 X2=1013  Y=1018 Y2=1023 P1=1023 P2=  -1 T1=1023 T2=1023  P= 669  D=   1 
 X= 962 X2=1023  Y= 975 Y2=1020 P1=1023 P2=  -1 T1=1021 T2= 903  P= 669  D=   1 
 X= 957 X2=1023  Y= 973 Y2=1023 P1=1023 P2=  -1 T1=1023 T2= 913  P= 669  D=   1 
 X= 956 X2= 989  Y= 987 Y2=1018 P1=1015 P2=  -1 T1=1023 T2= 930  P= 669  D=   1 
 X=1023 X2=1004  Y= 990 Y2=1022 P1=1023 P2=  -1 T1=1023 T2= 932  P= 669  D=   1 
 X= 831 X2=1023  Y= 986 Y2=1020 P1=1023 P2=  -1 T1=1021 T2= 932  P= 669  D=   1 
 X= 880 X2=1022  Y= 987 Y2=1022 P1=1023 P2=  -1 T1=1021 T2= 916  P= 669  D=   1 
 X= 969 X2=1023  Y= 990 Y2=1021 P1=1023 P2=  -1 T1=1021 T2= 924  P= 669  D=   1 
 X= 901 X2=1018  Y= 994 Y2=1020 P1=1023 P2=  -1 T1=1023 T2= 895  P= 669  D=   1 
 X= 902 X2=1023  Y= 991 Y2=1022 P1=1023 P2=  -1 T1=1020 T2= 919  P= 669  D=   1 
 X=1023 X2=1014  Y= 980 Y2=1023 P1=1023 P2=  -1 T1=1022 T2= 923  P= 669  D=   1 
 X= 994 X2=1011  Y= 982 Y2=1019 P1=1023 P2=  -1 T1=1020 T2= 929  P= 669  D=   1 
 X= 951 X2=1022  Y= 988 Y2=1021 P1=1023 P2=  -1 T1=1023 T2= 902  P= 669  D=   1 
 X= 965 X2=1021  Y= 992 Y2=1020 P1=1023 P2=  -1 T1=1023 T2= 914  P= 669  D=   1 
 X= 908 X2=1023  Y= 978 Y2=1023 P1=1023 P2=  -1 T1=1023 T2= 945  P= 669  D=   1 
 X= 889 X2=1023  Y= 991 Y2=1020 P1=1023 P2=  -1 T1=1023 T2= 898  P= 669  D=   1 
 X= 917 X2=1023  Y= 986 Y2=1019 P1=1023 P2=  -1 T1=1021 T2= 904  P= 669  D=   1 
 X= 923 X2=1020  Y= 977 Y2=1021 P1=1023 P2=  -1 T1=1023 T2= 928  P= 669  D=   1 
 X= 931 X2=1017  Y= 986 Y2=1023 P1=1023 P2=  -1 T1=1022 T2= 903  P= 669  D=   1 
 X=1023 X2=1006  Y= 986 Y2=1021 P1=1023 P2=  -1 T1=1023 T2= 927  P= 669  D=   1 
 X=1020 X2= 990  Y= 980 Y2=1020 P1=1023 P2=  -1 T1=1023 T2= 915  P= 669  D=   1 
 X= 969 X2=1023  Y= 979 Y2=1020 P1=1023 P2=  -1 T1=1022 T2= 925  P= 669  D=   1 
 X= 929 X2=1023  Y= 984 Y2=1019 P1=1023 P2=  -1 T1=1020 T2= 918  P= 669  D=   1 
 X= 944 X2=1021  Y= 977 Y2=1022 P1=1023 P2=  -1 T1=1023 T2= 915  P= 669  D=   1 
 X= 835 X2=1023  Y= 979 Y2=1021 P1=1023 P2=  -1 T1=1022 T2= 908  P= 669  D=   1 
 X= 898 X2=1022  Y= 995 Y2=1020 P1=1023 P2=  -1 T1=1022 T2= 922  P= 669  D=   1 
 X= 993 X2= 995  Y= 991 Y2=1020 P1=1023 P2=  -1 T1=1021 T2= 922  P= 669  D=   1 
 X= 910 X2=1017  Y= 977 Y2=1023 P1=1023 P2=  -1 T1=1023 T2= 898  P= 669  D=   1 
 X=1023 X2=1015  Y= 980 Y2=1020 P1=1023 P2=  -1 T1=1023 T2= 943  P= 669  D=   1 
 X=1023 X2=1005  Y= 984 Y2=1021 P1=1023 P2=  -1 T1=1020 T2= 922  P= 669  D=   1 
 X=1007 X2= 999  Y= 986 Y2=1022 P1=1023 P2=  -1 T1=1023 T2= 916  P= 669  D=   1 
 X= 923 X2=1023  Y= 979 Y2=1023 P1=1023 P2=  -1 T1=1023 T2= 920  P= 669  D=   1 
 X= 961 X2=1023  Y= 985 Y2=1023 P1=1023 P2=  -1 T1=1023 T2= 927  P= 669  D=   1 
 X= 943 X2=1020  Y= 982 Y2=1021 P1=1023 P2=  -1 T1=1023 T2= 919  P= 669  D=   1 
 X= 956 X2=1010  Y= 990 Y2=1021 P1=1023 P2=  -1 T1=1023 T2= 923  P= 669  D=   1 
 X= 937 X2=1023  Y= 992 Y2=1023 P1=1023 P2=  -1 T1=1021 T2= 934  P= 669  D=   1 
 X= 882 X2=1019  Y= 982 Y2=1021 P1=1023 P2=  -1 T1=1021 T2= 927  P= 669  D=   1 
 X= 236 X2= 239  Y= 374 Y2= 406 P1= 849 P2=  95 T1=  20 T2=  35  P= 669  D=   1 * 0
 X=1023 X2=1003  Y= 968 Y2=1022 P1=1023 P2=   0 T1=1021 T2= 927  P= 669  D=   1 
 X= 237 X2= 234  Y= 325 Y2= 318 P1= 684 P2= 188 T1=  19 T2=  20  P= 619  D=   1 * 0
 X= 236 X2= 232  Y= 325 Y2= 318 P1= 684 P2= 188 T1=  20 T2=  20  P= 617  D=   1 * 0
 X= 235 X2= 233  Y= 325 Y2= 317 P1= 683 P2= 189 T1=  20 T2=  20  P= 611  D=   1 * 0
 X= 238 X2= 233  Y= 325 Y2= 318 P1= 683 P2= 188 T1=  20 T2=  22  P= 618  D=   1 * 1
 X= 235 X2= 234  Y= 325 Y2= 318 P1= 682 P2= 189 T1=  19 T2=  20  P= 610  D=   1 * 2
 X= 236 X2= 233  Y= 324 Y2= 317 P1= 683 P2= 189 T1=  21 T2=  20  P= 611  D=   1 * 3
 X= 236 X2= 233  Y= 325 Y2= 318 P1= 682 P2= 189 T1=  20 T2=  20  P= 610  D=   1 * 4
 X= 236 X2= 233  Y= 324 Y2= 318 P1= 682 P2= 189 T1=  21 T2=  19  P= 610  D=   1 * 5
 X= 236 X2= 233  Y= 324 Y2= 318 P1= 682 P2= 189 T1=  20 T2=  21  P= 610  D=   1 * 6
 X= 236 X2= 234  Y= 325 Y2= 318 P1= 682 P2= 189 T1=  20 T2=  20  P= 612  D=   1 * 7
 X= 235 X2= 233  Y= 324 Y2= 317 P1= 681 P2= 189 T1=  20 T2=  20  P= 609  D=   1 * 8
 X= 236 X2= 233  Y= 324 Y2= 317 P1= 682 P2= 190 T1=  20 T2=  18  P= 605  D=   1 * 9
 X= 235 X2= 233  Y= 324 Y2= 316 P1= 682 P2= 189 T1=  20 T2=  20  P= 610  D=   1 * 10
 X= 235 X2= 233  Y= 324 Y2= 318 P1= 682 P2= 190 T1=  20 T2=  20  P= 605  D=   1 * 11
 X= 236 X2= 233  Y= 326 Y2= 315 P1= 682 P2= 190 T1=  20 T2=  19  P= 605  D=   1 * 12
 X= 236 X2= 233  Y= 325 Y2= 318 P1= 682 P2= 190 T1=  20 T2=  19  P= 605  D=   1 * 13
 X= 236 X2= 233  Y= 324 Y2= 317 P1= 681 P2= 190 T1=  20 T2=  19  P= 604  D=   1 * 14
 X= 237 X2= 233  Y= 325 Y2= 318 P1= 681 P2= 189 T1=  20 T2=  20  P= 611  D=   1 * 15
 X= 236 X2= 232  Y= 325 Y2= 317 P1= 681 P2= 190 T1=  20 T2=  19  P= 604  D=   1 * 16
 X= 236 X2= 233  Y= 324 Y2= 318 P1= 681 P2= 190 T1=  20 T2=  20  P= 604  D=   1 * 17
 X= 236 X2= 233  Y= 324 Y2= 318 P1= 681 P2= 189 T1=  20 T2=  20  P= 609  D=   1 * 18
 X= 236 X2= 232  Y= 325 Y2= 317 P1= 682 P2= 190 T1=  20 T2=  19  P= 605  D=   1 * 19
 X= 235 X2= 234  Y= 323 Y2= 318 P1= 682 P2= 189 T1=  20 T2=  19  P= 610  D=   1 * 20
 X= 234 X2= 233  Y= 325 Y2= 317 P1= 682 P2= 190 T1=  20 T2=  20  P= 603  D=   1 * 21
 X= 237 X2= 233  Y= 324 Y2= 318 P1= 681 P2= 190 T1=  20 T2=  20  P= 607  D=   1 * 22
 X= 236 X2= 233  Y= 323 Y2= 317 P1= 681 P2= 190 T1=  19 T2=  20  P= 604  D=   1 * 23
 X= 234 X2= 234  Y= 324 Y2= 318 P1= 681 P2= 189 T1=  20 T2=  20  P= 609  D=   1 * 24
Remove Pin
 X= 237 X2= 233  Y= 324 Y2= 318 P1= 681 P2= 190 T1=  19 T2=  20  P= 607  D=   1 * 24
 X= 236 X2= 234  Y= 325 Y2= 317 P1= 681 P2= 189 T1=  19 T2=  19  P= 611  D=   1 * 24
 X= 236 X2= 234  Y= 325 Y2= 317 P1= 681 P2= 190 T1=  20 T2=  20  P= 607  D=   1 * 24
 X= 236 X2= 233  Y= 324 Y2= 317 P1= 681 P2= 190 T1=  20 T2=  20  P= 604  D=   1 * 24
 X= 236 X2= 233  Y= 324 Y2= 317 P1= 681 P2= 190 T1=  19 T2=  20  P= 604  D=   1 * 24
 X= 236 X2= 233  Y= 325 Y2= 317 P1= 681 P2= 190 T1=  20 T2=  20  P= 604  D=   1 * 24
 X= 236 X2= 233  Y= 324 Y2= 317 P1= 681 P2= 189 T1=  20 T2=  20  P= 609  D=   1 * 24
 X= 236 X2= 233  Y= 324 Y2= 317 P1= 681 P2= 190 T1=  19 T2=  20  P= 604  D=   1 * 24
 X= 235 X2= 233  Y= 323 Y2= 317 P1= 680 P2= 190 T1=  19 T2=  20  P= 603  D=   1 * 24
 X= 235 X2= 234  Y= 324 Y2= 317 P1= 681 P2= 189 T1=  20 T2=  20  P= 609  D=   1 * 24
 X= 235 X2= 233  Y= 324 Y2= 317 P1= 681 P2= 190 T1=  19 T2=  20  P= 604  D=   1 * 24
 X= 236 X2= 234  Y= 325 Y2= 317 P1= 681 P2= 190 T1=  20 T2=  20  P= 607  D=   1 * 24
 X= 236 X2= 233  Y= 324 Y2= 317 P1= 681 P2= 190 T1=  20 T2=  20  P= 604  D=   1 * 24
 X= 235 X2= 232  Y= 324 Y2= 317 P1= 681 P2= 189 T1=  20 T2=  18  P= 606  D=   1 * 24
 X= 234 X2= 233  Y= 324 Y2= 317 P1= 681 P2= 190 T1=  20 T2=  20  P= 602  D=   1 * 24
 X= 236 X2= 233  Y= 325 Y2= 317 P1= 681 P2= 189 T1=  19 T2=  20  P= 609  D=   1 * 24
 X= 235 X2= 234  Y= 324 Y2= 318 P1= 680 P2= 190 T1=  20 T2=  19  P= 603  D=   1 * 24
 X= 235 X2= 233  Y= 324 Y2= 318 P1= 681 P2= 190 T1=  20 T2=  20  P= 604  D=   1 * 24
 X= 236 X2= 233  Y= 325 Y2= 318 P1= 681 P2= 190 T1=  19 T2=  20  P= 604  D=   1 * 24
 X= 235 X2= 233  Y= 324 Y2= 318 P1= 681 P2= 190 T1=  20 T2=  22  P= 604  D=   1 * 24
 X= 234 X2= 233  Y= 324 Y2= 317 P1= 681 P2= 189 T1=  20 T2=  19  P= 606  D=   1 * 24
 X= 235 X2= 234  Y= 324 Y2= 318 P1= 680 P2= 190 T1=  20 T2=  21  P= 603  D=   1 * 24
 X= 235 X2= 233  Y= 324 Y2= 317 P1= 681 P2= 190 T1=  19 T2=  20  P= 604  D=   1 * 24
 X= 236 X2= 233  Y= 325 Y2= 317 P1= 681 P2= 190 T1=  20 T2=  20  P= 604  D=   1 * 24
 X= 235 X2= 233  Y= 324 Y2= 317 P1= 681 P2= 190 T1=  19 T2=  19  P= 604  D=   1 * 24
 X= 236 X2= 233  Y= 325 Y2= 318 P1= 680 P2= 190 T1=  19 T2=  19  P= 603  D=   1 * 24
 X= 236 X2= 233  Y= 324 Y2= 318 P1= 680 P2= 190 T1=  22 T2=  20  P= 603  D=   1 * 24
 X= 230 X2= 233  Y= 324 Y2= 318 P1= 680 P2= 190 T1=  20 T2=  20  P= 595  D=   1 * 24
 X= 236 X2= 233  Y= 324 Y2= 317 P1= 681 P2= 190 T1=  20 T2=  20  P= 604  D=   1 * 24
 X= 236 X2= 233  Y= 325 Y2= 317 P1= 680 P2= 190 T1=  19 T2=  20  P= 603  D=   1 * 24
 X= 237 X2= 233  Y= 325 Y2= 318 P1= 690 P2= 185 T1=  20 T2=  21  P= 641  D=   1 * 24
 X= 237 X2= 234  Y= 325 Y2= 319 P1= 689 P2= 185 T1=  21 T2=  20  P= 640  D=   1 * 24
 X= 235 X2= 233  Y= 324 Y2= 317 P1= 677 P2= 192 T1=  20 T2=  20  P= 591  D=   1 * 24
 X= 955 X2=1013  Y= 960 Y2=1023 P1=1023 P2=   0 T1=1019 T2= 903  P= 591  D=   1 
 X= 953 X2=1019  Y= 976 Y2=1023 P1=1023 P2=   0 T1=1020 T2= 911  P= 591  D=   1 
 X=1010 X2=1023  Y=1018 Y2=1023 P1=1023 P2=   0 T1=1023 T2=1020  P= 591  D=   1 
target state=1 point=456,22
 X= 940 X2=1017  Y= 970 Y2=1021 P1=1023 P2=   0 T1=1022 T2= 876  P= 591  D=   1 
 X= 951 X2=1020  Y= 983 Y2=1021 P1=1023 P2=   0 T1=1023 T2= 921  P= 591  D=   1 
 X= 966 X2=1021  Y= 982 Y2=1021 P1=1023 P2=   0 T1=1023 T2= 923  P= 591  D=   1 
 X= 810 X2=1023  Y= 976 Y2=1020 P1=1023 P2=   0 T1=1021 T2= 902  P= 591  D=   1 
 X= 933 X2=1020  Y= 973 Y2=1023 P1=1023 P2=   0 T1=1023 T2= 923  P= 591  D=   1 
 X=1023 X2=1005  Y= 986 Y2=1023 P1=1023 P2=   0 T1=1020 T2= 910  P= 591  D=   1 
 X=1004 X2=1006  Y= 974 Y2=1022 P1=1023 P2=   0 T1=1022 T2= 931  P= 591  D=   1 
 X= 955 X2=1023  Y= 992 Y2=1022 P1=1023 P2=   0 T1=1021 T2= 916  P= 591  D=   1 
 X= 964 X2=1021  Y= 984 Y2=1021 P1=1023 P2=   0 T1=1021 T2= 907  P= 591  D=   1 
 X= 967 X2= 995  Y=1001 Y2=1021 P1=1023 P2=   0 T1=1021 T2= 921  P= 591  D=   1 
 X= 935 X2=1023  Y= 985 Y2=1023 P1=1023 P2=   0 T1=1023 T2= 916  P= 591  D=   1 
 X= 919 X2=1023  Y= 986 Y2=1020 P1=1023 P2=   0 T1=1022 T2= 931  P= 591  D=   1 
 X= 981 X2=1018  Y= 978 Y2=1023 P1=1023 P2=   0 T1=1023 T2= 918  P= 591  D=   1 
 X= 971 X2=1012  Y= 981 Y2=1022 P1=1023 P2=   0 T1=1023 T2= 909  P= 591  D=   1 
 X= 956 X2=1023  Y= 991 Y2=1021 P1=1023 P2=   0 T1=1023 T2= 907  P= 591  D=   1 
 X=1023 X2=1012  Y= 985 Y2=1023 P1=1023 P2=   0 T1=1020 T2= 937  P= 591  D=   1 
 X=1008 X2= 998  Y= 977 Y2=1020 P1=1023 P2=   0 T1=1023 T2= 903  P= 591  D=   1 
 X= 974 X2=1023  Y= 999 Y2=1020 P1=1023 P2=   0 T1=1023 T2= 905  P= 591  D=   1 
 X= 963 X2=1022  Y= 989 Y2=1021 P1=1023 P2=   0 T1=1023 T2= 914  P= 591  D=   1 
 X= 909 X2=1018  Y= 984 Y2=1023 P1=1023 P2=   0 T1=1023 T2= 928  P= 591  D=   1 
 X= 846 X2=1022  Y= 987 Y2=1023 P1=1023 P2=   0 T1=1020 T2= 916  P= 591  D=   1 
 X= 911 X2=1023  Y= 984 Y2=1022 P1=1023 P2=   0 T1=1021 T2= 925  P= 591  D=   1 
 X= 987 X2=1019  Y= 974 Y2=1021 P1=1023 P2=   0 T1=1020 T2= 937  P= 591  D=   1 
 X= 898 X2=1020  Y= 986 Y2=1023 P1=1023 P2=   0 T1=1022 T2= 906  P= 591  D=   1 
 X=1023 X2=1014  Y= 976 Y2=1020 P1=1023 P2=   0 T1=1023 T2= 914  P= 591  D=   1 
 X=1019 X2=1014  Y= 984 Y2=1022 P1=1023 P2=   0 T1=1022 T2= 916  P= 591  D=   1 
 X= 899 X2=1023  Y= 990 Y2=1020 P1=1023 P2=   0 T1=1023 T2= 942  P= 591  D=   1 
 X= 959 X2=1021  Y= 979 Y2=1022 P1=1023 P2=   0 T1=1023 T2= 932  P= 591  D=   1 
 X= 965 X2=1023  Y= 978 Y2=1021 P1=1023 P2=   0 T1=1023 T2= 928  P= 591  D=   1 
 X= 880 X2=1023  Y= 981 Y2=1020 P1=1023 P2=   0 T1=1021 T2= 921  P= 591  D=   1 
 X= 850 X2=1023  Y= 975 Y2=1022 P1=1023 P2=   0 T1=1023 T2= 938  P= 591  D=   1 
 X= 884 X2=1023  Y= 997 Y2=1023 P1=1023 P2=   0 T1=1022 T2= 918  P= 591  D=   1 
 X= 943 X2=1023  Y= 988 Y2=1022 P1=1023 P2=   0 T1=1020 T2= 970  P= 591  D=   1 
 X=1023 X2= 999  Y= 990 Y2=1019 P1=1023 P2=   0 T1=1020 T2= 910  P= 591  D=   1 
 X=1023 X2=1002  Y= 993 Y2=1021 P1=1023 P2=   0 T1=1019 T2= 904  P= 591  D=   1 
 X=1009 X2= 993  Y= 986 Y2=1023 P1=1023 P2=   0 T1=1023 T2= 941  P= 591  D=   1 
 X= 928 X2=1023  Y= 985 Y2=1023 P1=1023 P2=   0 T1=1020 T2= 933  P= 591  D=   1 
 X= 918 X2=1023  Y= 984 Y2=1023 P1=1023 P2=   0 T1=1023 T2= 939  P= 591  D=   1 
 X= 912 X2=1023  Y= 995 Y2=1023 P1=1023 P2=   0 T1=1020 T2= 938  P= 591  D=   1 
 X= 921 X2=1022  Y= 980 Y2=1023 P1=1023 P2=   0 T1=1023 T2= 926  P= 591  D=   1 
 X= 998 X2= 995  Y= 984 Y2=1022 P1=1023 P2=   0 T1=1020 T2= 919  P= 591  D=   1 
 X= 999 X2=1012  Y= 981 Y2=1021 P1=1023 P2=   0 T1=1023 T2= 907  P= 591  D=   1 
 X= 861 X2=1019  Y= 983 Y2=1022 P1=1023 P2=   0 T1=1021 T2= 927  P= 591  D=   1 
 X= 972 X2=1020  Y= 990 Y2=1019 P1=1023 P2=   0 T1=1022 T2= 924  P= 591  D=   1 
 X=1023 X2= 998  Y= 981 Y2=1023 P1=1023 P2=   0 T1=1023 T2= 922  P= 591  D=   1 
 X= 965 X2=1023  Y= 985 Y2=1021 P1=1023 P2=   0 T1=1022 T2= 916  P= 591  D=   1 
 X=1020 X2=1019  Y= 997 Y2=1023 P1=1023 P2=   0 T1=1021 T2= 927  P= 591  D=   1 
 X= 861 X2=1023  Y= 981 Y2=1020 P1=1023 P2=   0 T1=1020 T2= 917  P= 591  D=   1 
 X= 802 X2=1023  Y= 977 Y2=1023 P1=1023 P2=   0 T1=1021 T2= 919  P= 591  D=   1 
 X= 883 X2=1023  Y= 980 Y2=1019 P1=1023 P2=   0 T1=1022 T2= 926  P= 591  D=   1 
 X=1005 X2=1001  Y= 983 Y2=1021 P1=1023 P2=   0 T1=1023 T2= 929  P= 591  D=   1 
 X= 987 X2=1011  Y= 984 Y2=1023 P1=1023 P2=   0 T1=1023 T2= 927  P= 591  D=   1 
 X= 962 X2= 983  Y= 990 Y2=1019 P1=1023 P2=   0 T1=1023 T2= 950  P= 591  D=   1 
 X= 946 X2=1023  Y= 983 Y2=1023 P1=1023 P2=   0 T1=1023 T2= 952  P= 591  D=   1 
 X= 812 X2=1023  Y= 983 Y2=1023 P1=1023 P2=   0 T1=1023 T2= 910  P= 591  D=   1 
 X= 889 X2=1023  Y= 980 Y2=1021 P1=1023 P2=   0 T1=1020 T2= 934  P= 591  D=   1 
 X= 943 X2=1023  Y= 979 Y2=1020 P1=1023 P2=   0 T1=1022 T2= 925  P= 591  D=   1 
 X= 944 X2=1023  Y= 990 Y2=1020 P1=1023 P2=   0 T1=1020 T2= 949  P= 591  D=   1 
 X= 847 X2=1023  Y= 976 Y2=1023 P1=1023 P2=   0 T1=1020 T2= 929  P= 591  D=   1 
 X= 988 X2=1011  Y= 986 Y2=1021 P1=1023 P2=   0 T1=1023 T2= 913  P= 591  D=   1 
 X= 997 X2=1008  Y= 983 Y2=1023 P1=1023 P2=   0 T1=1021 T2= 902  P= 591  D=   1 
 X= 922 X2=1023  Y= 983 Y2=1023 P1=1023 P2=   0 T1=1021 T2= 931  P= 591  D=   1 
 X= 961 X2=1021  Y= 983 Y2=1023 P1=1023 P2=   0 T1=1022 T2= 942  P= 591  D=   1 
 X=1023 X2=1004  Y= 993 Y2=1022 P1=1023 P2=   0 T1=1020 T2= 921  P= 591  D=   1 
 X= 844 X2=1023  Y= 990 Y2=1023 P1=1023 P2=   0 T1=1022 T2= 922  P= 591  D=   1 
 X= 902 X2=1023  Y= 981 Y2=1019 P1=1023 P2=   0 T1=1023 T2= 915  P= 591  D=   1 
 X= 932 X2=1018  Y= 993 Y2=1023 P1=1023 P2=   0 T1=1023 T2= 926  P= 591  D=   1 
 X= 898 X2=1019  Y= 979 Y2=1021 P1=1023 P2=   0 T1=1022 T2= 914  P= 591  D=   1 
 X= 960 X2=1020  Y= 983 Y2=1022 P1=1023 P2=   0 T1=1023 T2= 914  P= 591  D=   1 
 X=1022 X2=1012  Y= 991 Y2=1022 P1=1023 P2=   0 T1=1023 T2= 893  P= 591  D=   1 
 X= 821 X2=1023  Y= 972 Y2=1019 P1=1023 P2=   0 T1=1020 T2= 896  P= 591  D=   1 
 X= 959 X2=1023  Y= 987 Y2=1021 P1=1023 P2=   0 T1=1023 T2= 931  P= 591  D=   1 
 X= 970 X2=1023  Y= 990 Y2=1020 P1=1023 P2=   0 T1=1022 T2= 919  P= 591  D=   1 
 X= 834 X2=1023  Y= 984 Y2=1023 P1=1023 P2=   0 T1=1021 T2= 920  P= 591  D=   1 
 X= 861 X2=1023  Y= 981 Y2=1020 P1=1023 P2=   0 T1=1022 T2= 930  P= 591  D=   1 
 X= 812 X2= 810  Y= 322 Y2= 328 P1= 797 P2= 472 T1=  13 T2=  12  P= 557  D=   1 * 0
 X= 934 X2=1018  Y= 972 Y2=1023 P1= 949 P2= 245 T1=1023 T2=  55  P= 557  D=   1 
 X= 811 X2= 812  Y= 324 Y2= 331 P1= 812 P2= 438 T1=  16 T2=  16  P= 691  D=   1 * 0
 X= 810 X2= 810  Y= 320 Y2= 326 P1= 796 P2= 471 T1=  12 T2=  12  P= 558  D=   1 * 0
 X= 811 X2= 810  Y= 319 Y2= 326 P1= 796 P2= 472 T1=  13 T2=  13  P= 555  D=   1 * 0
 X= 811 X2= 810  Y= 320 Y2= 326 P1= 796 P2= 473 T1=  12 T2=  12  P= 552  D=   1 * 1
 X= 811 X2= 811  Y= 319 Y2= 327 P1= 795 P2= 473 T1=  13 T2=  13  P= 551  D=   1 * 2
 X= 811 X2= 810  Y= 320 Y2= 326 P1= 794 P2= 473 T1=  13 T2=  13  P= 549  D=   1 * 3
 X= 810 X2= 810  Y= 319 Y2= 326 P1= 796 P2= 473 T1=  12 T2=  12  P= 552  D=   1 * 4
 X= 809 X2= 809  Y= 319 Y2= 327 P1= 795 P2= 473 T1=  12 T2=  12  P= 550  D=   1 * 5
 X= 812 X2= 810  Y= 320 Y2= 326 P1= 795 P2= 473 T1=  12 T2=  12  P= 551  D=   1 * 6
 X= 811 X2= 810  Y= 319 Y2= 326 P1= 795 P2= 473 T1=  12 T2=  13  P= 550  D=   1 * 7
 X= 811 X2= 809  Y= 320 Y2= 326 P1= 796 P2= 473 T1=  13 T2=  12  P= 552  D=   1 * 8
 X= 811 X2= 809  Y= 318 Y2= 326 P1= 795 P2= 473 T1=  12 T2=  12  P= 550  D=   1 * 9
 X= 812 X2= 810  Y= 320 Y2= 326 P1= 795 P2= 473 T1=  12 T2=  13  P= 551  D=   1 * 10
 X= 811 X2= 810  Y= 320 Y2= 327 P1= 795 P2= 473 T1=  13 T2=  12  P= 550  D=   1 * 11
 X= 810 X2= 810  Y= 320 Y2= 326 P1= 795 P2= 473 T1=  12 T2=  13  P= 550  D=   1 * 12
 X= 810 X2= 810  Y= 320 Y2= 326 P1= 795 P2= 474 T1=  12 T2=  12  P= 548  D=   1 * 13
 X= 811 X2= 810  Y= 319 Y2= 326 P1= 795 P2= 474 T1=  12 T2=  12  P= 548  D=   1 * 14
 X= 811 X2= 810  Y= 319 Y2= 325 P1= 795 P2= 474 T1=  12 T2=  12  P= 548  D=   1 * 15
 X= 811 X2= 810  Y= 320 Y2= 326 P1= 795 P2= 475 T1=  12 T2=  11  P= 545  D=   1 * 16
 X= 812 X2= 810  Y= 319 Y2= 326 P1= 794 P2= 475 T1=  11 T2=  12  P= 544  D=   1 * 17
 X= 811 X2= 810  Y= 320 Y2= 326 P1= 794 P2= 475 T1=  13 T2=  13  P= 543  D=   1 * 18
 X= 806 X2= 810  Y= 319 Y2= 326 P1= 795 P2= 474 T1=  12 T2=  13  P= 547  D=   1 * 19
 X= 811 X2= 810  Y= 319 Y2= 326 P1= 795 P2= 475 T1=  12 T2=  13  P= 545  D=   1 * 20
 X= 811 X2= 810  Y= 318 Y2= 326 P1= 794 P2= 474 T1=  12 T2=  13  P= 546  D=   1 * 21
 X= 811 X2= 809  Y= 318 Y2= 327 P1= 795 P2= 475 T1=  12 T2=  12  P= 545  D=   1 * 22
 X= 809 X2= 811  Y= 320 Y2= 326 P1= 795 P2= 474 T1=  12 T2=  12  P= 548  D=   1 * 23
 X= 816 X2= 810  Y= 320 Y2= 326 P1= 794 P2= 475 T1=  12 T2=  12  P= 545  D=   1 * 24
Remove Pin
 X= 810 X2= 809  Y= 319 Y2= 326 P1= 794 P2= 475 T1=  12 T2=  12  P= 542  D=   1 * 24
 X= 811 X2= 810  Y= 319 Y2= 326 P1= 793 P2= 475 T1=  12 T2=  12  P= 541  D=   1 * 24
 X= 811 X2= 808  Y= 319 Y2= 326 P1= 794 P2= 475 T1=  13 T2=  12  P= 542  D=   1 * 24
 X= 816 X2= 810  Y= 320 Y2= 326 P1= 794 P2= 475 T1=  12 T2=  12  P= 545  D=   1 * 24
 X= 810 X2= 810  Y= 319 Y2= 326 P1= 794 P2= 475 T1=  12 T2=  13  P= 543  D=   1 * 24
 X= 810 X2= 809  Y= 320 Y2= 326 P1= 795 P2= 475 T1=  13 T2=  12  P= 544  D=   1 * 24
 X= 811 X2= 809  Y= 320 Y2= 325 P1= 795 P2= 474 T1=  12 T2=  12  P= 548  D=   1 * 24
 X= 811 X2= 810  Y= 320 Y2= 326 P1= 795 P2= 475 T1=  13 T2=  12  P= 545  D=   1 * 24
 X= 811 X2= 810  Y= 319 Y2= 320 P1= 794 P2= 475 T1=  12 T2=  13  P= 543  D=   1 * 24
 X= 810 X2= 809  Y= 319 Y2= 326 P1= 794 P2= 475 T1=  12 T2=  12  P= 542  D=   1 * 24
 X= 811 X2= 810  Y= 319 Y2= 327 P1= 794 P2= 474 T1=  12 T2=  12  P= 546  D=   1 * 24
 X= 811 X2= 810  Y= 319 Y2= 326 P1= 795 P2= 475 T1=  13 T2=  12  P= 545  D=   1 * 24
 X= 811 X2= 808  Y= 322 Y2= 326 P1= 794 P2= 475 T1=  13 T2=  13  P= 542  D=   1 * 24
 X= 809 X2= 810  Y= 319 Y2= 326 P1= 795 P2= 475 T1=  12 T2=  12  P= 544  D=   1 * 24
 X= 811 X2= 813  Y= 318 Y2= 326 P1= 795 P2= 475 T1=  13 T2=  12  P= 546  D=   1 * 24
 X= 811 X2= 810  Y= 319 Y2= 326 P1= 794 P2= 474 T1=  13 T2=  12  P= 546  D=   1 * 24
 X= 809 X2= 810  Y= 319 Y2= 326 P1= 794 P2= 475 T1=  12 T2=  12  P= 542  D=   1 * 24
 X= 811 X2= 810  Y= 317 Y2= 326 P1= 794 P2= 474 T1=  13 T2=   9  P= 546  D=   1 * 24
 X= 812 X2= 809  Y= 320 Y2= 326 P1= 795 P2= 474 T1=  12 T2=  12  P= 548  D=   1 * 24
 X= 810 X2= 809  Y= 319 Y2= 326 P1= 795 P2= 475 T1=  13 T2=  12  P= 544  D=   1 * 24
 X= 811 X2= 808  Y= 319 Y2= 325 P1= 793 P2= 477 T1=  11 T2=  11  P= 535  D=   1 * 24
 X= 811 X2= 809  Y= 319 Y2= 327 P1= 793 P2= 477 T1=  12 T2=  11  P= 536  D=   1 * 24
 X= 811 X2= 812  Y= 319 Y2= 327 P1= 798 P2= 465 T1=  13 T2=  13  P= 580  D=   1 * 24
 X= 844 X2=1023  Y= 975 Y2=1023 P1=1023 P2=   0 T1=1020 T2= 918  P= 580  D=   1 
 X= 914 X2=1023  Y= 982 Y2=1022 P1=1023 P2=   0 T1=1022 T2= 904  P= 580  D=   1 
 X= 934 X2=1020  Y= 982 Y2=1020 P1=1023 P2=   0 T1=1022 T2= 933  P= 580  D=   1 
target state=2 point=456,249
 X= 939 X2=1022  Y= 984 Y2=1021 P1=1023 P2=   0 T1=1023 T2= 924  P= 580  D=   1 
 X=1023 X2=1011  Y= 979 Y2=1022 P1=1023 P2=   0 T1=1022 T2= 896  P= 580  D=   1 
 X= 917 X2=1023  Y= 992 Y2=1020 P1=1023 P2=   0 T1=1022 T2= 930  P= 580  D=   1 
 X= 919 X2=1023  Y= 989 Y2=1021 P1=1023 P2=   0 T1=1023 T2= 909  P= 580  D=   1 
 X= 925 X2=1023  Y= 990 Y2=1022 P1=1023 P2=   0 T1=1023 T2= 928  P= 580  D=   1 
 X= 956 X2=1023  Y= 971 Y2=1021 P1=1023 P2=   0 T1=1023 T2= 899  P= 580  D=   1 
 X= 899 X2=1023  Y= 978 Y2=1022 P1=1023 P2=   0 T1=1022 T2= 927  P= 580  D=   1 
 X= 816 X2=1023  Y= 979 Y2=1020 P1=1023 P2=   0 T1=1022 T2= 895  P= 580  D=   1 
 X=1015 X2= 996  Y= 974 Y2=1020 P1=1022 P2=   0 T1=1023 T2= 908  P= 580  D=   1 
 X=1023 X2=1015  Y= 985 Y2=1021 P1=1023 P2=   0 T1=1023 T2= 924  P= 580  D=   1 
 X=1023 X2=1003  Y= 984 Y2=1021 P1=1023 P2=   0 T1=1023 T2= 905  P= 580  D=   1 
 X= 954 X2= 993  Y= 986 Y2=1021 P1=1023 P2=   0 T1=1021 T2= 897  P= 580  D=   1 
 X=1023 X2=1016  Y= 986 Y2=1022 P1=1023 P2=   0 T1=1023 T2= 927  P= 580  D=   1 
 X= 975 X2=1009  Y= 988 Y2=1023 P1=1023 P2=   0 T1=1021 T2= 914  P= 580  D=   1 
 X= 929 X2=1023  Y= 998 Y2=1020 P1=1023 P2=   0 T1=1023 T2= 927  P= 580  D=   1 
 X= 961 X2=1020  Y= 978 Y2=1020 P1=1023 P2=   0 T1=1023 T2= 927  P= 580  D=   1 
 X= 805 X2=1023  Y= 988 Y2=1022 P1=1023 P2=   0 T1=1022 T2= 938  P= 580  D=   1 
 X= 974 X2=1022  Y= 986 Y2=1020 P1=1023 P2=   0 T1=1023 T2= 923  P= 580  D=   1 
 X= 969 X2=1019  Y= 990 Y2=1019 P1=1023 P2=   0 T1=1022 T2= 955  P= 580  D=   1 
 X= 912 X2=1021  Y= 981 Y2=1020 P1=1023 P2=   0 T1=1023 T2= 928  P= 580  D=   1 
 X=1023 X2=1015  Y= 987 Y2=1021 P1=1023 P2=   0 T1=1021 T2= 927  P= 580  D=   1 
 X= 946 X2= 993  Y= 984 Y2=1021 P1=1023 P2=   0 T1=1023 T2= 921  P= 580  D=   1 
 X= 847 X2=1023  Y= 994 Y2=1023 P1=1023 P2=   0 T1=1019 T2= 923  P= 580  D=   1 
 X= 904 X2=1023  Y= 987 Y2=1020 P1=1023 P2=   0 T1=1021 T2= 917  P= 580  D=   1 
 X= 987 X2=1012  Y= 982 Y2=1023 P1=1023 P2=   0 T1=1019 T2= 927  P= 580  D=   1 
 X= 965 X2=1023  Y= 990 Y2=1020 P1=1023 P2=   0 T1=1023 T2= 930  P= 580  D=   1 
 X= 866 X2=1023  Y= 982 Y2=1020 P1=1023 P2=   0 T1=1021 T2= 923  P= 580  D=   1 
 X= 966 X2=1023  Y= 985 Y2=1023 P1=1023 P2=   0 T1=1023 T2= 935  P= 580  D=   1 
 X= 988 X2=1011  Y= 987 Y2=1022 P1=1023 P2=   0 T1=1021 T2= 935  P= 580  D=   1 
 X= 952 X2=1023  Y= 985 Y2=1020 P1=1023 P2=   0 T1=1023 T2= 926  P= 580  D=   1 
 X= 963 X2=1023  Y= 989 Y2=1023 P1=1023 P2=   0 T1=1023 T2= 907  P= 580  D=   1 
 X= 947 X2=1018  Y= 990 Y2=1020 P1=1023 P2=   0 T1=1021 T2= 925  P= 580  D=   1 
 X= 906 X2=1023  Y= 974 Y2=1023 P1=1023 P2=   0 T1=1023 T2= 918  P= 580  D=   1 
 X= 902 X2=1023  Y= 980 Y2=1022 P1=1023 P2=   0 T1=1021 T2= 930  P= 580  D=   1 
 X= 942 X2=1021  Y= 988 Y2=1019 P1=1023 P2=   0 T1=1023 T2= 921  P= 580  D=   1 
 X= 963 X2=1023  Y= 982 Y2=1019 P1=1023 P2=   0 T1=1020 T2= 921  P= 580  D=   1 
 X=1023 X2= 988  Y= 978 Y2=1020 P1=1023 P2=   0 T1=1023 T2= 929  P= 580  D=   1 
 X=1020 X2=1012  Y= 989 Y2=1022 P1=1023 P2=   0 T1=1022 T2= 931  P= 580  D=   1 
 X= 902 X2=1023  Y= 992 Y2=1023 P1=1023 P2=   0 T1=1021 T2= 919  P= 580  D=   1 
 X= 949 X2=1022  Y= 982 Y2=1021 P1=1023 P2=   0 T1=1022 T2= 918  P= 580  D=   1 
 X= 946 X2= 993  Y= 983 Y2=1020 P1=1023 P2=   0 T1=1020 T2= 908  P= 580  D=   1 
 X= 924 X2=1023  Y= 976 Y2=1022 P1=1023 P2=   0 T1=1021 T2= 925  P= 580  D=   1 
 X= 888 X2=1023  Y= 983 Y2=1022 P1=1023 P2=   0 T1=1023 T2= 915  P= 580  D=   1 
 X=1004 X2=1004  Y= 989 Y2=1023 P1=1023 P2=   0 T1=1021 T2= 933  P= 580  D=   1 
 X= 862 X2=1019  Y= 985 Y2=1023 P1=1023 P2=   0 T1=1021 T2= 926  P= 580  D=   1 
 X= 964 X2= 996  Y= 984 Y2=1022 P1=1023 P2=   0 T1=1023 T2= 908  P= 580  D=   1 
 X=1023 X2=1007  Y= 983 Y2=1022 P1=1023 P2=   0 T1=1023 T2= 925  P= 580  D=   1 
 X= 990 X2= 996  Y= 972 Y2=1023 P1=1023 P2=   0 T1=1020 T2= 918  P= 580  D=   1 
 X= 956 X2=1023  Y= 997 Y2=1022 P1=1023 P2=   0 T1=1023 T2= 934  P= 580  D=   1 
 X= 908 X2=1023  Y= 982 Y2=1023 P1=1023 P2=   0 T1=1022 T2= 910  P= 580  D=   1 
 X= 965 X2=1020  Y= 983 Y2=1023 P1=1023 P2=   0 T1=1023 T2= 929  P= 580  D=   1 
 X= 869 X2=1023  Y= 987 Y2=1023 P1=1023 P2=   0 T1=1022 T2= 928  P= 580  D=   1 
 X= 947 X2=1023  Y= 985 Y2=1019 P1=1023 P2=   0 T1=1023 T2= 954  P= 580  D=   1 
 X= 977 X2=1013  Y= 975 Y2=1020 P1=1023 P2=   0 T1=1021 T2= 919  P= 580  D=   1 
 X= 899 X2=1017  Y= 992 Y2=1023 P1=1023 P2=   0 T1=1020 T2= 920  P= 580  D=   1 
 X= 994 X2=1007  Y= 984 Y2=1019 P1=1023 P2=   0 T1=1023 T2= 922  P= 580  D=   1 
 X=1020 X2= 995  Y= 975 Y2=1023 P1=1023 P2=   0 T1=1022 T2= 923  P= 580  D=   1 
 X= 905 X2=1023  Y= 991 Y2=1023 P1=1023 P2=   0 T1=1022 T2= 924  P= 580  D=   1 
 X=1023 X2=1016  Y= 985 Y2=1021 P1=1023 P2=   0 T1=1022 T2= 931  P= 580  D=   1 
 X= 959 X2=1023  Y= 993 Y2=1021 P1=1023 P2=   0 T1=1021 T2= 922  P= 580  D=   1 
 X= 916 X2=1023  Y= 978 Y2=1023 P1=1023 P2=   0 T1=1022 T2= 922  P= 580  D=   1 
 X= 852 X2=1023  Y= 981 Y2=1023 P1=1023 P2=   0 T1=1023 T2= 902  P= 580  D=   1 
 X= 983 X2=1008  Y= 982 Y2=1023 P1=1023 P2=   0 T1=1018 T2= 917  P= 580  D=   1 
 X= 961 X2=1023  Y= 987 Y2=1022 P1=1023 P2=   0 T1=1023 T2= 936  P= 580  D=   1 
 X= 958 X2=1013  Y= 978 Y2=1020 P1=1023 P2=   0 T1=1023 T2= 908  P= 580  D=   1 
 X= 961 X2=1023  Y= 989 Y2=1020 P1=1023 P2=   0 T1=1022 T2= 927  P= 580  D=   1 
 X= 958 X2=1020  Y= 983 Y2=1023 P1=1023 P2=   0 T1=1023 T2= 931  P= 580  D=   1 
 X= 918 X2=1023  Y= 982 Y2=1021 P1=1023 P2=   0 T1=1023 T2= 928  P= 580  D=   1 
 X= 944 X2=1023  Y= 977 Y2=1022 P1=1023 P2=   0 T1=1023 T2= 928  P= 580  D=   1 
 X= 906 X2=1022  Y= 984 Y2=1023 P1=1023 P2=   0 T1=1022 T2= 933  P= 580  D=   1 
 X= 826 X2=1023  Y= 974 Y2=1023 P1=1023 P2=   0 T1=  77 T2= 915  P= 580  D=   1 
 X=1021 X2=1007  Y=1016 Y2=1021 P1=1023 P2=   0 T1=1021 T2=1020  P= 580  D=   1 
 X= 810 X2= 809  Y= 714 Y2= 718 P1= 906 P2= 548 T1=  12 T2=  11  P= 528  D=   1 * 0
 X= 808 X2= 808  Y= 715 Y2= 719 P1= 911 P2= 528 T1=  13 T2=  13  P= 585  D=   1 * 0
 X= 808 X2= 809  Y= 715 Y2= 718 P1= 909 P2= 536 T1=  13 T2=  12  P= 561  D=   1 * 0
 X= 808 X2= 808  Y= 714 Y2= 719 P1= 909 P2= 536 T1=  13 T2=  13  P= 561  D=   1 * 0
 X= 807 X2= 809  Y= 715 Y2= 718 P1= 909 P2= 538 T1=  13 T2=  12  P= 556  D=   1 * 1
 X= 808 X2= 809  Y= 715 Y2= 719 P1= 909 P2= 538 T1=  13 T2=  12  P= 556  D=   1 * 2
 X= 808 X2= 809  Y= 715 Y2= 718 P1= 909 P2= 538 T1=  13 T2=  12  P= 556  D=   1 * 3
 X= 808 X2= 808  Y= 714 Y2= 718 P1= 909 P2= 538 T1=  13 T2=  12  P= 551  D=   1 * 4
 X= 808 X2= 810  Y= 715 Y2= 719 P1= 909 P2= 538 T1=  13 T2=  13  P= 553  D=   1 * 5
 X= 807 X2= 808  Y= 715 Y2= 718 P1= 909 P2= 540 T1=  12 T2=  12  P= 549  D=   1 * 6
 X= 807 X2= 808  Y= 715 Y2= 718 P1= 909 P2= 540 T1=  12 T2=  11  P= 549  D=   1 * 7
 X= 807 X2= 808  Y= 714 Y2= 718 P1= 909 P2= 539 T1=  13 T2=  12  P= 551  D=   1 * 8
 X= 806 X2= 808  Y= 715 Y2= 719 P1= 909 P2= 539 T1=  12 T2=  11  P= 551  D=   1 * 9
 X= 807 X2= 808  Y= 714 Y2= 719 P1= 907 P2= 540 T1=  12 T2=  12  P= 547  D=   1 * 10
 X= 807 X2= 808  Y= 714 Y2= 719 P1= 908 P2= 540 T1=  13 T2=  13  P= 549  D=   1 * 11
 X= 807 X2= 808  Y= 715 Y2= 719 P1= 908 P2= 540 T1=  12 T2=  13  P= 549  D=   1 * 12
 X= 807 X2= 808  Y= 715 Y2= 719 P1= 908 P2= 540 T1=  12 T2=  13  P= 549  D=   1 * 13
 X= 807 X2= 807  Y= 714 Y2= 719 P1= 908 P2= 540 T1=  12 T2=  13  P= 549  D=   1 * 14
 X= 807 X2= 809  Y= 715 Y2= 718 P1= 908 P2= 539 T1=  12 T2=  12  P= 552  D=   1 * 15
 X= 807 X2= 808  Y= 714 Y2= 719 P1= 908 P2= 540 T1=  13 T2=  13  P= 549  D=   1 * 16
 X= 807 X2= 807  Y= 715 Y2= 718 P1= 908 P2= 540 T1=  12 T2=  12  P= 549  D=   1 * 17
 X= 806 X2= 808  Y= 714 Y2= 719 P1= 908 P2= 540 T1=  12 T2=  12  P= 549  D=   1 * 18
 X= 806 X2= 808  Y= 715 Y2= 718 P1= 908 P2= 540 T1=  13 T2=  13  P= 549  D=   1 * 19
 X= 806 X2= 808  Y= 714 Y2= 719 P1= 908 P2= 540 T1=  12 T2=  12  P= 549  D=   1 * 20
 X= 806 X2= 808  Y= 714 Y2= 720 P1= 908 P2= 539 T1=  12 T2=  13  P= 551  D=   1 * 21
 X= 807 X2= 808  Y= 716 Y2= 719 P1= 908 P2= 540 T1=  12 T2=  12  P= 549  D=   1 * 22
 X= 807 X2= 809  Y= 715 Y2= 719 P1= 908 P2= 540 T1=  12 T2=  13  P= 550  D=   1 * 23
 X= 806 X2= 808  Y= 715 Y2= 719 P1= 908 P2= 540 T1=  13 T2=  12  P= 549  D=   1 * 24
Remove Pin
 X= 807 X2= 808  Y= 714 Y2= 719 P1= 908 P2= 540 T1=  13 T2=  13  P= 549  D=   1 * 24
 X= 807 X2= 808  Y= 714 Y2= 719 P1= 909 P2= 540 T1=  12 T2=  12  P= 551  D=   1 * 24
 X= 807 X2= 809  Y= 715 Y2= 719 P1= 908 P2= 540 T1=  13 T2=  12  P= 550  D=   1 * 24
 X= 807 X2= 810  Y= 714 Y2= 718 P1= 908 P2= 539 T1=  13 T2=  13  P= 552  D=   1 * 24
 X= 807 X2= 809  Y= 718 Y2= 719 P1= 908 P2= 540 T1=  13 T2=  13  P= 550  D=   1 * 24
 X= 807 X2= 808  Y= 715 Y2= 719 P1= 908 P2= 540 T1=  12 T2=  13  P= 549  D=   1 * 24
 X= 807 X2= 810  Y= 715 Y2= 719 P1= 908 P2= 540 T1=  11 T2=  14  P= 550  D=   1 * 24
 X= 807 X2= 807  Y= 714 Y2= 718 P1= 909 P2= 540 T1=  12 T2=  12  P= 551  D=   1 * 24
 X= 808 X2= 808  Y= 714 Y2= 719 P1= 908 P2= 540 T1=  12 T2=  12  P= 550  D=   1 * 24
 X= 807 X2= 808  Y= 718 Y2= 718 P1= 908 P2= 539 T1=  13 T2=  12  P= 551  D=   1 * 24
 X= 807 X2= 808  Y= 715 Y2= 719 P1= 908 P2= 540 T1=  12 T2=  12  P= 549  D=   1 * 24
 X= 807 X2= 810  Y= 715 Y2= 719 P1= 908 P2= 540 T1=  11 T2=  13  P= 550  D=   1 * 24
 X= 807 X2= 809  Y= 714 Y2= 719 P1= 908 P2= 540 T1=  12 T2=  13  P= 550  D=   1 * 24
 X= 807 X2= 808  Y= 714 Y2= 719 P1= 908 P2= 540 T1=  13 T2=  12  P= 549  D=   1 * 24
 X= 807 X2= 809  Y= 716 Y2= 721 P1= 908 P2= 540 T1=  12 T2=  13  P= 550  D=   1 * 24
 X= 808 X2= 808  Y= 715 Y2= 719 P1= 903 P2= 540 T1=  12 T2=  12  P= 542  D=   1 * 24
 X= 807 X2= 808  Y= 714 Y2= 718 P1= 908 P2= 540 T1=  13 T2=  13  P= 549  D=   1 * 24
 X= 807 X2= 808  Y= 715 Y2= 719 P1= 908 P2= 540 T1=  12 T2=  13  P= 549  D=   1 * 24
 X= 807 X2= 808  Y= 715 Y2= 719 P1= 908 P2= 540 T1=  13 T2=  13  P= 549  D=   1 * 24
 X= 806 X2= 808  Y= 715 Y2= 718 P1= 908 P2= 540 T1=  15 T2=  12  P= 549  D=   1 * 24
 X= 805 X2= 808  Y= 714 Y2= 718 P1= 908 P2= 540 T1=  11 T2=  13  P= 548  D=   1 * 24
 X= 808 X2= 809  Y= 715 Y2= 719 P1= 908 P2= 541 T1=  12 T2=  13  P= 547  D=   1 * 24
 X= 805 X2= 805  Y= 715 Y2= 719 P1= 908 P2= 541 T1=  12 T2=  12  P= 545  D=   1 * 24
 X= 807 X2= 808  Y= 714 Y2= 719 P1= 908 P2= 541 T1=  13 T2=  12  P= 547  D=   1 * 24
 X= 807 X2= 809  Y= 715 Y2= 719 P1= 908 P2= 540 T1=  12 T2=  12  P= 550  D=   1 * 24
 X= 806 X2= 808  Y= 715 Y2= 719 P1= 908 P2= 540 T1=  12 T2=  13  P= 549  D=   1 * 24
 X= 808 X2= 808  Y= 714 Y2= 717 P1= 908 P2= 541 T1=  12 T2=  12  P= 547  D=   1 * 24
 X= 807 X2= 808  Y= 715 Y2= 719 P1= 908 P2= 540 T1=  12 T2=  12  P= 549  D=   1 * 24
 X= 807 X2= 809  Y= 714 Y2= 719 P1= 908 P2= 540 T1=  13 T2=  13  P= 550  D=   1 * 24
 X= 807 X2= 808  Y= 714 Y2= 719 P1= 908 P2= 541 T1=  13 T2=  12  P= 547  D=   1 * 24
 X= 807 X2= 809  Y= 711 Y2= 718 P1= 908 P2= 541 T1=  12 T2=  12  P= 547  D=   1 * 24
 X= 807 X2= 808  Y= 715 Y2= 719 P1= 908 P2= 540 T1=  12 T2=  12  P= 549  D=   1 * 24
 X= 807 X2= 808  Y= 714 Y2= 719 P1= 908 P2= 540 T1=  12 T2=  12  P= 549  D=   1 * 24
 X= 807 X2= 809  Y= 714 Y2= 718 P1= 908 P2= 540 T1=  12 T2=  12  P= 550  D=   1 * 24
 X= 806 X2= 808  Y= 713 Y2= 719 P1= 908 P2= 541 T1=  12 T2=  12  P= 547  D=   1 * 24
 X= 920 X2=1023  Y= 975 Y2=1019 P1=1023 P2=   0 T1=1022 T2= 926  P= 547  D=   1 
 X= 969 X2=1021  Y= 992 Y2=1023 P1=1023 P2=   0 T1=1022 T2= 898  P= 547  D=   1 
 X= 953 X2=1021  Y= 988 Y2=1021 P1=1023 P2=   0 T1=1021 T2= 926  P= 547  D=   1 
target state=3 point=23,249
 X= 956 X2=1021  Y= 983 Y2=1023 P1=1023 P2=   0 T1=1021 T2= 927  P= 547  D=   1 
 X=1002 X2= 992  Y= 985 Y2=1021 P1=1023 P2=   0 T1=1023 T2= 921  P= 547  D=   1 
 X= 947 X2=1021  Y= 973 Y2=1019 P1=1023 P2=   0 T1=1022 T2= 919  P= 547  D=   1 
 X= 860 X2=1019  Y= 987 Y2=1023 P1=1023 P2=   0 T1=1022 T2= 924  P= 547  D=   1 
 X= 966 X2= 995  Y= 978 Y2=1020 P1=1023 P2=   0 T1=1021 T2= 920  P= 547  D=   1 
 X=1023 X2=1008  Y= 986 Y2=1023 P1=1023 P2=   0 T1=1021 T2= 895  P= 547  D=   1 
 X= 883 X2=1023  Y= 985 Y2=1021 P1=1023 P2=   0 T1=1023 T2= 915  P= 547  D=   1 
 X= 940 X2=1023  Y= 990 Y2=1020 P1=1023 P2=   0 T1=1021 T2= 938  P= 547  D=   1 
 X=1020 X2=1019  Y= 987 Y2=1023 P1=1023 P2=   0 T1=1023 T2= 937  P= 547  D=   1 
 X= 982 X2=1023  Y= 990 Y2=1023 P1=1023 P2=   0 T1=1022 T2= 933  P= 547  D=   1 
 X=1023 X2=1013  Y= 990 Y2=1022 P1=1023 P2=   0 T1=1023 T2= 928  P= 547  D=   1 
 X= 860 X2=1018  Y= 982 Y2=1021 P1=1023 P2=   0 T1=1023 T2= 911  P= 547  D=   1 
 X= 869 X2=1016  Y= 989 Y2=1021 P1=1023 P2=   0 T1=1020 T2= 905  P= 547  D=   1 
 X= 967 X2=1023  Y= 992 Y2=1021 P1=1023 P2=   0 T1=1021 T2= 934  P= 547  D=   1 
 X=1014 X2=1023  Y=1022 Y2=1023 P1=1023 P2=   0 T1=1022 T2=1019  P= 547  D=   1 
 X=1022 X2=1015  Y= 984 Y2=1021 P1=1023 P2=   0 T1=1020 T2= 929  P= 547  D=   1 
 X=1023 X2=1011  Y= 982 Y2=1023 P1=1023 P2=   0 T1=1022 T2= 928  P= 547  D=   1 
 X= 970 X2=1002  Y= 985 Y2=1023 P1=1023 P2=   0 T1=1023 T2= 908  P= 547  D=   1 
 X= 929 X2=1020  Y= 983 Y2=1021 P1=1023 P2=   0 T1=1023 T2= 939  P= 547  D=   1 
 X= 917 X2=1023  Y= 990 Y2=1019 P1=1023 P2=   0 T1=1021 T2= 948  P= 547  D=   1 
 X=1009 X2=1001  Y= 988 Y2=1021 P1=1023 P2=   0 T1=1023 T2= 906  P= 547  D=   1 
 X= 997 X2=1007  Y= 983 Y2=1023 P1=1023 P2=   0 T1=1023 T2= 915  P= 547  D=   1 
 X= 903 X2=1023  Y= 977 Y2=1020 P1=1023 P2=   0 T1=1022 T2= 928  P= 547  D=   1 
 X=1023 X2=1010  Y= 975 Y2=1019 P1=1023 P2=   0 T1=1021 T2= 902  P= 547  D=   1 
 X=1023 X2=1014  Y= 981 Y2=1023 P1=1023 P2=   0 T1=1020 T2= 930  P= 547  D=   1 
 X= 850 X2=1023  Y= 984 Y2=1020 P1=1023 P2=   0 T1=1021 T2= 917  P= 547  D=   1 
 X= 903 X2=1023  Y=1000 Y2=1019 P1=1023 P2=   0 T1=1021 T2= 911  P= 547  D=   1 
 X= 986 X2=1007  Y= 988 Y2=1021 P1=1023 P2=   0 T1=1023 T2= 928  P= 547  D=   1 
 X= 889 X2=1020  Y= 989 Y2=1023 P1=1023 P2=   0 T1=1022 T2= 910  P= 547  D=   1 
 X=1023 X2=1005  Y= 977 Y2=1019 P1=1023 P2=   0 T1=1022 T2= 920  P= 547  D=   1 
 X= 985 X2=1013  Y= 973 Y2=1022 P1=1023 P2=   0 T1=1023 T2= 933  P= 547  D=   1 
 X= 985 X2=1013  Y= 980 Y2=1023 P1=1023 P2=   0 T1=1023 T2= 937  P= 547  D=   1 
 X= 963 X2=1023  Y= 985 Y2=1022 P1=1023 P2=   0 T1=1022 T2= 913  P= 547  D=   1 
 X= 947 X2=1023  Y= 988 Y2=1019 P1=1023 P2=   0 T1=1023 T2= 923  P= 547  D=   1 
 X= 819 X2=1023  Y= 983 Y2=1021 P1=1023 P2=   0 T1=1023 T2= 926  P= 547  D=   1 
 X= 897 X2=1022  Y= 978 Y2=1020 P1=1023 P2=   0 T1=1023 T2= 917  P= 547  D=   1 
 X=1017 X2=1019  Y= 982 Y2=1022 P1=1023 P2=   0 T1=1023 T2= 908  P= 547  D=   1 
 X= 967 X2=1023  Y= 978 Y2=1022 P1=1023 P2=   0 T1=1023 T2= 914  P= 547  D=   1 
 X= 953 X2=1021  Y= 980 Y2=1022 P1=1023 P2=   0 T1=1021 T2= 929  P= 547  D=   1 
 X=1023 X2=1011  Y= 973 Y2=1023 P1=1023 P2=   0 T1=1021 T2= 917  P= 547  D=   1 
 X=1020 X2=1010  Y= 981 Y2=1023 P1=1023 P2=   0 T1=1022 T2= 916  P= 547  D=   1 
 X= 939 X2=1023  Y= 987 Y2=1019 P1=1023 P2=   0 T1=1020 T2= 939  P= 547  D=   1 
 X= 963 X2=1020  Y= 980 Y2=1021 P1=1023 P2=   0 T1=1022 T2= 920  P= 547  D=   1 
 X= 891 X2=1020  Y= 990 Y2=1021 P1=1023 P2=   0 T1=1023 T2= 912  P= 547  D=   1 
 X= 964 X2=1021  Y= 982 Y2=1023 P1=1023 P2=   0 T1=1023 T2= 936  P= 547  D=   1 
 X= 961 X2=1005  Y= 976 Y2=1023 P1=1023 P2=   0 T1=1023 T2= 908  P= 547  D=   1 
 X= 993 X2=1007  Y= 973 Y2=1022 P1=1023 P2=   0 T1=1023 T2= 910  P= 547  D=   1 
 X= 876 X2=1017  Y= 987 Y2=1021 P1=1023 P2=   0 T1=1021 T2= 940  P= 547  D=   1 
 X= 953 X2= 993  Y= 990 Y2=1020 P1=1023 P2=   0 T1=1020 T2= 915  P= 547  D=   1 
 X=1022 X2=1014  Y= 986 Y2=1022 P1=1023 P2=   0 T1=1020 T2= 928  P= 547  D=   1 
 X= 946 X2=1023  Y= 988 Y2=1020 P1=1023 P2=   0 T1=1023 T2= 915  P= 547  D=   1 
 X= 963 X2=1021  Y= 985 Y2=1023 P1=1023 P2=   0 T1=1023 T2= 921  P= 547  D=   1 
 X= 860 X2=1016  Y= 982 Y2=1021 P1=1023 P2=   0 T1=1022 T2= 912  P= 547  D=   1 
 X=1002 X2=1023  Y= 984 Y2=1019 P1=1023 P2=   0 T1=1021 T2= 920  P= 547  D=   1 
 X= 934 X2=1022  Y= 986 Y2=1020 P1=1023 P2=   0 T1=1023 T2= 921  P= 547  D=   1 
 X= 995 X2=1001  Y= 979 Y2=1020 P1=1023 P2=   0 T1=1021 T2= 913  P= 547  D=   1 
 X= 889 X2=1017  Y= 992 Y2=1019 P1=1023 P2=   0 T1=1020 T2= 918  P= 547  D=   1 
 X= 966 X2=1023  Y= 990 Y2=1020 P1=1023 P2=   0 T1=1023 T2= 932  P= 547  D=   1 
 X=1019 X2= 998  Y= 977 Y2=1020 P1=1023 P2=   0 T1=1022 T2= 906  P= 547  D=   1 
 X= 899 X2=1023  Y= 984 Y2=1023 P1=1023 P2=   0 T1=1020 T2= 929  P= 547  D=   1 
 X=1023 X2=1007  Y= 987 Y2=1021 P1=1023 P2=   0 T1=1020 T2= 921  P= 547  D=   1 
 X= 232 X2= 235  Y= 713 Y2= 708 P1= 838 P2= 229 T1=  19 T2=  20  P= 619  D=   1 * 0
 X= 234 X2= 235  Y= 714 Y2= 710 P1= 834 P2= 236 T1=  20 T2=  20  P= 592  D=   1 * 0
 X= 885 X2=1023  Y= 983 Y2=1021 P1=1023 P2=   0 T1=1021 T2=  57  P= 592  D=   1 
 X= 242 X2= 241  Y= 714 Y2= 711 P1= 862 P2= 203 T1=  23 T2=  22  P= 782  D=   1 * 0
 X= 235 X2= 237  Y= 712 Y2= 708 P1= 838 P2= 231 T1=  19 T2=  20  P= 619  D=   1 * 0
 X= 234 X2= 236  Y= 712 Y2= 708 P1= 838 P2= 229 T1=  21 T2=  20  P= 624  D=   1 * 1
 X= 234 X2= 236  Y= 712 Y2= 708 P1= 836 P2= 231 T1=  20 T2=  20  P= 615  D=   1 * 2
 X= 234 X2= 236  Y= 712 Y2= 708 P1= 834 P2= 231 T1=  19 T2=  19  P= 613  D=   1 * 3
 X= 234 X2= 237  Y= 712 Y2= 708 P1= 836 P2= 232 T1=  20 T2=  20  P= 611  D=   1 * 4
 X= 234 X2= 237  Y= 712 Y2= 708 P1= 836 P2= 232 T1=  20 T2=  20  P= 611  D=   1 * 5
 X= 234 X2= 236  Y= 712 Y2= 708 P1= 835 P2= 233 T1=  21 T2=  21  P= 607  D=   1 * 6
 X= 234 X2= 237  Y= 712 Y2= 708 P1= 836 P2= 232 T1=  20 T2=  20  P= 611  D=   1 * 7
 X= 234 X2= 236  Y= 711 Y2= 709 P1= 835 P2= 233 T1=  20 T2=  20  P= 607  D=   1 * 8
 X= 234 X2= 237  Y= 712 Y2= 708 P1= 835 P2= 233 T1=  20 T2=  20  P= 607  D=   1 * 9
 X= 234 X2= 237  Y= 711 Y2= 707 P1= 836 P2= 233 T1=  20 T2=  20  P= 607  D=   1 * 10
 X= 233 X2= 237  Y= 712 Y2= 707 P1= 835 P2= 233 T1=  20 T2=  20  P= 607  D=   1 * 11
 X= 234 X2= 236  Y= 712 Y2= 707 P1= 835 P2= 232 T1=  20 T2=  19  P= 610  D=   1 * 12
 X= 234 X2= 237  Y= 712 Y2= 708 P1= 836 P2= 233 T1=  20 T2=  20  P= 607  D=   1 * 13
 X= 233 X2= 236  Y= 713 Y2= 708 P1= 835 P2= 233 T1=  20 T2=  18  P= 604  D=   1 * 14
 X= 233 X2= 236  Y= 712 Y2= 709 P1= 835 P2= 233 T1=  20 T2=  20  P= 604  D=   1 * 15
 X= 234 X2= 235  Y= 712 Y2= 707 P1= 835 P2= 233 T1=  21 T2=  20  P= 604  D=   1 * 16
 X= 233 X2= 237  Y= 712 Y2= 708 P1= 835 P2= 233 T1=  18 T2=  20  P= 607  D=   1 * 17
 X= 234 X2= 236  Y= 714 Y2= 707 P1= 835 P2= 233 T1=  20 T2=  20  P= 607  D=   1 * 18
 X= 239 X2= 236  Y= 712 Y2= 708 P1= 835 P2= 233 T1=  20 T2=  21  P= 612  D=   1 * 19
 X= 234 X2= 235  Y= 713 Y2= 708 P1= 834 P2= 233 T1=  20 T2=  19  P= 603  D=   1 * 20
 X= 234 X2= 236  Y= 710 Y2= 708 P1= 835 P2= 233 T1=  20 T2=  20  P= 607  D=   1 * 21
 X= 233 X2= 236  Y= 713 Y2= 708 P1= 836 P2= 232 T1=  21 T2=  20  P= 609  D=   1 * 22
 X= 234 X2= 236  Y= 712 Y2= 708 P1= 835 P2= 234 T1=  19 T2=  20  P= 603  D=   1 * 23
 X= 233 X2= 236  Y= 712 Y2= 708 P1= 835 P2= 232 T1=  20 T2=  20  P= 608  D=   1 * 24
Remove Pin
 X= 234 X2= 237  Y= 712 Y2= 708 P1= 835 P2= 233 T1=  19 T2=  20  P= 607  D=   1 * 24
 X= 232 X2= 236  Y= 712 Y2= 708 P1= 835 P2= 232 T1=  20 T2=  20  P= 608  D=   1 * 24
 X= 234 X2= 236  Y= 712 Y2= 707 P1= 835 P2= 233 T1=  20 T2=  20  P= 607  D=   1 * 24
 X= 235 X2= 236  Y= 712 Y2= 708 P1= 835 P2= 233 T1=  19 T2=  19  P= 607  D=   1 * 24
 X= 234 X2= 236  Y= 712 Y2= 709 P1= 835 P2= 233 T1=  19 T2=  21  P= 607  D=   1 * 24
 X= 234 X2= 236  Y= 712 Y2= 708 P1= 836 P2= 233 T1=  20 T2=  20  P= 607  D=   1 * 24
 X= 234 X2= 237  Y= 712 Y2= 707 P1= 836 P2= 233 T1=  20 T2=  20  P= 607  D=   1 * 24
 X= 234 X2= 237  Y= 712 Y2= 708 P1= 835 P2= 233 T1=  20 T2=  20  P= 607  D=   1 * 24
 X= 234 X2= 236  Y= 712 Y2= 708 P1= 835 P2= 233 T1=  19 T2=  21  P= 607  D=   1 * 24
 X= 234 X2= 236  Y= 712 Y2= 708 P1= 835 P2= 233 T1=  20 T2=  20  P= 607  D=   1 * 24
 X= 234 X2= 237  Y= 711 Y2= 708 P1= 835 P2= 233 T1=  20 T2=  19  P= 607  D=   1 * 24
 X= 234 X2= 236  Y= 712 Y2= 713 P1= 835 P2= 233 T1=  19 T2=  19  P= 607  D=   1 * 24
 X= 235 X2= 236  Y= 714 Y2= 708 P1= 835 P2= 233 T1=  20 T2=  20  P= 607  D=   1 * 24
 X= 234 X2= 236  Y= 712 Y2= 708 P1= 835 P2= 233 T1=  20 T2=  20  P= 607  D=   1 * 24
 X= 233 X2= 236  Y= 712 Y2= 708 P1= 835 P2= 233 T1=  20 T2=  20  P= 604  D=   1 * 24
 X= 234 X2= 235  Y= 712 Y2= 707 P1= 835 P2= 233 T1=  20 T2=  20  P= 604  D=   1 * 24
 X= 234 X2= 236  Y= 712 Y2= 707 P1= 835 P2= 233 T1=  20 T2=  20  P= 607  D=   1 * 24
 X= 231 X2= 236  Y= 712 Y2= 708 P1= 835 P2= 234 T1=  20 T2=  20  P= 598  D=   1 * 24
 X= 234 X2= 236  Y= 714 Y2= 708 P1= 835 P2= 233 T1=  20 T2=  22  P= 607  D=   1 * 24
 X= 232 X2= 236  Y= 712 Y2= 708 P1= 835 P2= 233 T1=  19 T2=  20  P= 604  D=   1 * 24
 X= 234 X2= 236  Y= 712 Y2= 708 P1= 835 P2= 233 T1=  20 T2=  20  P= 607  D=   1 * 24
 X= 234 X2= 236  Y= 711 Y2= 707 P1= 835 P2= 233 T1=  20 T2=  20  P= 607  D=   1 * 24
 X= 234 X2= 232  Y= 712 Y2= 708 P1= 835 P2= 233 T1=  19 T2=  19  P= 601  D=   1 * 24
 X= 233 X2= 235  Y= 712 Y2= 708 P1= 836 P2= 234 T1=  18 T2=  20  P= 601  D=   1 * 24
 X= 234 X2= 236  Y= 712 Y2= 707 P1= 835 P2= 233 T1=  20 T2=  20  P= 607  D=   1 * 24
 X= 235 X2= 237  Y= 712 Y2= 708 P1= 834 P2= 234 T1=  20 T2=  20  P= 605  D=   1 * 24
 X= 233 X2= 235  Y= 711 Y2= 708 P1= 834 P2= 235 T1=  20 T2=  19  P= 596  D=   1 * 24
 X= 233 X2= 234  Y= 713 Y2= 708 P1= 834 P2= 232 T1=  15 T2=  20  P= 604  D=   1 * 24
 X= 864 X2=1018  Y= 992 Y2=1021 P1=1023 P2=   0 T1=1020 T2= 890  P= 604  D=   1 
 X= 844 X2=1022  Y= 997 Y2=1021 P1=1023 P2=   0 T1=1019 T2= 914  P= 604  D=   1 
 X= 958 X2=1023  Y= 986 Y2=1022 P1=1023 P2=   0 T1=1023 T2= 932  P= 604  D=   1 
Target Noise  x= 2.50 y= 2.50
X[0]: Target= 23   233/ 234/ 235 Stdev= 0.43 N= 24  Y[0]: Target= 22   320/ 321/ 321 Stdev= 0.46 N= 24
X[1]: Target=456   808/ 810/ 811 Stdev= 0.60 N= 24  Y[1]: Target= 22   322/ 323/ 323 Stdev= 0.49 N= 24
X[2]: Target=456   807/ 807/ 809 Stdev= 0.55 N= 24  Y[2]: Target=249   716/ 716/ 717 Stdev= 0.46 N= 24
X[3]: Target= 23   234/ 235/ 237 Stdev= 0.63 N= 24  Y[3]: Target=249   709/ 710/ 710 Stdev= 0.40 N= 24
N=24 Avg=19
min: 19 19 19 19 19 19 
max: 21 20 20 20 20 20 
N=24 Avg=12
min: 11 11 12 12 12 12 
max: 13 13 13 13 12 12 
N=24 Avg=12
min: 11 11 12 12 12 12 
max: 13 13 13 13 13 12 
N=24 Avg=19
min: 19 19 19 19 19 19 
max: 21 20 20 20 20 20 
Using TNT center offset = 16
TNT Plane Coef: a= -912 b=   -3 c= 477493
At  234, 320: Real=  20 Fit=  20 Offset=   4
At  810, 322: Real=  12 Fit=  13 Offset=  -3
At  807, 716: Real=  12 Fit=  13 Offset=  -3
At  234, 709: Real=  20 Fit=  20 Offset=   4
Fit Corners: 23, 10, 10, 23  Center: 16
Setting for min_tnt_up:   520
Setting for max_tnt_down: 21 (V2:31)
Entering calib_pressure_mfg
Using default pressure curve
468 471 487 495 509 524 553 575 612 
Summary:
Setting for max_tnt_down:      21
3.7 setting for max_tnt_down:     -1
Setting for min_tnt_up:       520
Setting for max_delta_tnt:      5
3.8 setting for max_delta_tnt:     -1
Setting for delay_in_us:        1
Setting for y_delay_in_us:      1
Setting for tnt_delay_in_us:    1
Setting for pressure_curve:  468 471 487 495 509 524 553 575 612
Setting for tnt_mode:           1
Setting for averaging:         -1
Setting for pointercal:      49265 0 -10020864 -132 38243 -10765014 65536
Setting for tnt_plane:       -912 -3 477493
