new-calib: New touch screen calibration program v3.12
Serial Number='15061E00010B06020104'
Using tnt_mode=1
Setting for delay_in_us:        1
Setting for y_delay_in_us:      1
Setting for tnt_delay_in_us:    1
Setting for max_delta_tnt:      5
Setting for tnt_mode:           1
Setting for averaging:         -1
Entering get_five_points
target_noise  x= 2.50 y= 2.50 t= 2.50
target state=0 point=240,136
 X= 952 X2=1023  Y= 987 Y2=  -1 P1=  -1 P2=  -1 T1=1022 T2= 977  P=  -1  D=  -1 
 X=1023 X2=1005  Y= 965 Y2=1021 P1=  -1 P2=  -1 T1=1022 T2= 899  P=  -1  D=  -1 
 X= 942 X2=1023  Y=1000 Y2=1022 P1=  -1 P2=  -1 T1=1019 T2= 917  P=  -1  D=  -1 
 X= 942 X2=1023  Y= 995 Y2=1020 P1=  -1 P2=  -1 T1=1020 T2= 936  P=  -1  D=  -1 
 X= 958 X2=1007  Y= 980 Y2=1021 P1=  -1 P2=  -1 T1=1021 T2= 929  P=  -1  D=  -1 
 X= 993 X2=1015  Y= 983 Y2=1021 P1=  -1 P2=  -1 T1=1021 T2= 935  P=  -1  D=  -1 
 X= 884 X2=1023  Y= 987 Y2=1022 P1=  -1 P2=  -1 T1=1021 T2= 948  P=  -1  D=  -1 
 X= 966 X2= 996  Y= 982 Y2=1021 P1=  -1 P2=  -1 T1=1020 T2= 926  P=  -1  D=  -1 
 X=1023 X2=1004  Y= 989 Y2=1022 P1=  -1 P2=  -1 T1=1020 T2= 925  P=  -1  D=  -1 
 X= 962 X2=1023  Y= 985 Y2=1022 P1=  -1 P2=  -1 T1=1021 T2= 942  P=  -1  D=  -1 
 X= 940 X2=1022  Y= 993 Y2=1023 P1=  -1 P2=  -1 T1=1021 T2= 941  P=  -1  D=  -1 
 X= 951 X2=1023  Y= 993 Y2=1023 P1=  -1 P2=  -1 T1=1023 T2= 939  P=  -1  D=  -1 
 X= 804 X2=1023  Y= 991 Y2=1019 P1=  -1 P2=  -1 T1=1021 T2= 931  P=  -1  D=  -1 
 X= 938 X2=1023  Y= 983 Y2=1021 P1=  -1 P2=  -1 T1=1023 T2= 919  P=  -1  D=  -1 
 X=1001 X2=1014  Y= 979 Y2=1023 P1=  -1 P2=  -1 T1=1021 T2= 936  P=  -1  D=  -1 
 X= 990 X2=1014  Y= 984 Y2=1022 P1=1020 P2=  -1 T1=1020 T2= 907  P=  -1  D=  -1 
 X= 966 X2=1022  Y= 985 Y2=1022 P1=1023 P2=  -1 T1=1021 T2= 928  P=  -1  D=  -1 
 X= 966 X2=1000  Y= 988 Y2=1023 P1=1023 P2=  -1 T1=1020 T2= 945  P=  -1  D=  -1 
 X=1023 X2=1015  Y= 994 Y2=1021 P1=1022 P2=  -1 T1=1022 T2= 911  P=  -1  D=  -1 
 X= 927 X2=1023  Y= 983 Y2=1020 P1=1023 P2=  -1 T1=1023 T2= 939  P=  -1  D=  -1 
 X= 967 X2=1023  Y= 985 Y2=1023 P1=1023 P2=  -1 T1=1022 T2= 930  P=  -1  D=  -1 
 X= 939 X2=1022  Y= 992 Y2=1022 P1=1023 P2=  -1 T1=1022 T2= 933  P=  -1  D=  -1 
 X= 848 X2=1023  Y= 982 Y2=1023 P1=1023 P2=  -1 T1=1019 T2= 926  P=  -1  D=  -1 
 X= 945 X2=1021  Y= 981 Y2=1023 P1=1023 P2=  -1 T1=1023 T2= 918  P=  -1  D=  -1 
 X= 981 X2=1012  Y= 977 Y2=1021 P1=1023 P2=  -1 T1=1021 T2= 929  P=  -1  D=  -1 
 X=1023 X2=1014  Y= 991 Y2=1023 P1=1023 P2=  -1 T1=1022 T2= 939  P=  -1  D=  -1 
 X=1023 X2=1015  Y= 996 Y2=1022 P1=1023 P2=  -1 T1=1023 T2= 929  P=  -1  D=  -1 
 X= 993 X2=1015  Y= 991 Y2=1021 P1=1023 P2=  -1 T1=1023 T2= 937  P=  -1  D=  -1 
 X= 883 X2=1023  Y= 991 Y2=1019 P1=1023 P2=  -1 T1=1023 T2= 916  P=  -1  D=  -1 
 X= 929 X2=1023  Y= 983 Y2=1019 P1=1023 P2=  -1 T1=1022 T2= 944  P=  -1  D=  -1 
 X= 856 X2=1022  Y= 987 Y2=1023 P1=1023 P2=  -1 T1=1022 T2= 922  P=  -1  D=  -1 
 X= 954 X2=1021  Y= 990 Y2=1022 P1=1023 P2=  -1 T1=1021 T2= 940  P=  -1  D=  -1 
 X= 797 X2=1023  Y= 987 Y2=1020 P1=1023 P2=  -1 T1=1020 T2= 929  P=  -1  D=  -1 
 X= 872 X2=1023  Y= 988 Y2=1020 P1=1023 P2=  -1 T1=1023 T2= 913  P=  -1  D=  -1 
 X= 973 X2=1015  Y= 992 Y2=1022 P1=1023 P2=  -1 T1=1019 T2= 944  P=  -1  D=  -1 
 X= 968 X2= 993  Y= 988 Y2=1022 P1=1023 P2=  -1 T1=1021 T2= 923  P=  -1  D=  -1 
 X=1023 X2=1013  Y= 988 Y2=1021 P1=1023 P2=  -1 T1=1023 T2= 918  P=  -1  D=  -1 
 X= 911 X2=1023  Y= 987 Y2=1020 P1=1023 P2=  -1 T1=1020 T2= 934  P=  -1  D=  -1 
 X= 913 X2=1023  Y= 985 Y2=1018 P1=1023 P2=  -1 T1=1021 T2= 942  P=  -1  D=  -1 
 X= 933 X2=1023  Y= 965 Y2=1020 P1=1023 P2=  -1 T1=1023 T2= 924  P=  -1  D=  -1 
 X= 864 X2=1015  Y= 985 Y2=1023 P1=1023 P2=  -1 T1=1019 T2= 925  P=  -1  D=  -1 
 X= 870 X2=1023  Y= 982 Y2=1020 P1=1023 P2=  -1 T1=1023 T2= 920  P=  -1  D=  -1 
 X=1023 X2=1019  Y= 981 Y2=1022 P1=1023 P2=  -1 T1=1022 T2= 911  P=  -1  D=  -1 
 X=1008 X2=1014  Y= 984 Y2=1021 P1=1023 P2=  -1 T1=1022 T2= 940  P=  -1  D=  -1 
 X= 918 X2=1023  Y= 982 Y2=1020 P1=1023 P2=  -1 T1=1023 T2= 937  P=  -1  D=  -1 
 X= 955 X2=1021  Y= 984 Y2=1021 P1=1023 P2=  -1 T1=1021 T2= 917  P=  -1  D=  -1 
 X= 870 X2=1018  Y= 997 Y2=1023 P1=1023 P2=  -1 T1=1021 T2= 955  P=  -1  D=  -1 
 X= 905 X2=1023  Y= 993 Y2=1020 P1=1023 P2=  -1 T1=1020 T2= 942  P=  -1  D=  -1 
 X= 964 X2=1021  Y= 993 Y2=1023 P1=1023 P2=  -1 T1=1020 T2= 926  P=  -1  D=  -1 
 X= 995 X2=1014  Y= 981 Y2=1022 P1=1023 P2=  -1 T1=1023 T2= 941  P=  -1  D=  -1 
 X= 886 X2=1021  Y= 986 Y2=1020 P1=1023 P2=  -1 T1=1023 T2= 931  P=  -1  D=  -1 
 X= 955 X2=1023  Y= 981 Y2=1023 P1=1023 P2=  -1 T1=1023 T2= 935  P=  -1  D=  -1 
 X=1023 X2=1013  Y= 986 Y2=1021 P1=1023 P2=  -1 T1=1021 T2= 933  P=  -1  D=  -1 
 X= 998 X2=1010  Y= 987 Y2=1022 P1=1023 P2=  -1 T1=1023 T2= 931  P=  -1  D=  -1 
 X= 926 X2=1023  Y= 989 Y2=1020 P1=1023 P2=  -1 T1=1023 T2= 916  P=  -1  D=  -1 
 X= 929 X2=1013  Y=1019 Y2=1021 P1=1023 P2=  -1 T1=1021 T2=1019  P=  -1  D=  -1 
 X=1005 X2=1005  Y= 985 Y2=1023 P1=1023 P2=  -1 T1=1022 T2= 923  P=  -1  D=  -1 
 X= 928 X2=1023  Y= 987 Y2=1023 P1=1023 P2=  -1 T1=1023 T2= 927  P=  -1  D=  -1 
 X= 963 X2=1018  Y= 981 Y2=1023 P1=1023 P2=  -1 T1=1021 T2= 926  P=  -1  D=  -1 
 X= 836 X2=1023  Y= 994 Y2=1023 P1=1023 P2=  -1 T1=1022 T2= 944  P=  -1  D=  -1 
 X= 822 X2=1023  Y= 984 Y2=1023 P1=1023 P2=  -1 T1=1021 T2= 931  P=  -1  D=  -1 
 X= 960 X2= 993  Y= 986 Y2=1022 P1=1023 P2=  -1 T1=1021 T2= 938  P=  -1  D=  -1 
 X= 879 X2=1018  Y= 989 Y2=1023 P1=1023 P2=  -1 T1=1019 T2= 923  P=  -1  D=  -1 
 X= 908 X2=1023  Y= 987 Y2=1023 P1=1023 P2=  -1 T1=1022 T2= 912  P=  -1  D=  -1 
 X= 935 X2=1023  Y= 991 Y2=1021 P1=1023 P2=  -1 T1=1022 T2= 937  P=  -1  D=  -1 
 X= 887 X2=1018  Y= 982 Y2=1023 P1=1022 P2=  -1 T1=1020 T2= 924  P=  -1  D=  -1 
 X= 807 X2=1023  Y= 990 Y2=1021 P1=1023 P2=  -1 T1=1020 T2= 915  P=  -1  D=  -1 
 X= 905 X2=1023  Y= 986 Y2=1023 P1=1023 P2=  -1 T1=1023 T2= 904  P=  -1  D=  -1 
 X=1008 X2=1005  Y= 986 Y2=1021 P1=1023 P2=  -1 T1=1022 T2= 923  P=  -1  D=  -1 
 X= 962 X2=1023  Y= 987 Y2=1020 P1=1023 P2=  -1 T1=1023 T2= 925  P=  -1  D=  -1 
 X= 956 X2=1023  Y= 993 Y2=1023 P1=1023 P2=  -1 T1=1022 T2= 903  P=  -1  D=  -1 
 X= 956 X2= 989  Y= 990 Y2=1021 P1=1023 P2=  -1 T1=1023 T2= 908  P=  -1  D=  -1 
 X= 821 X2=1021  Y= 983 Y2=1023 P1=1023 P2=  -1 T1=1023 T2= 926  P=  -1  D=  -1 
 X= 913 X2=1023  Y= 990 Y2=1020 P1=1023 P2=  -1 T1=1020 T2= 920  P=  -1  D=  -1 
 X= 947 X2=1022  Y= 985 Y2=1021 P1=1023 P2=  -1 T1=1021 T2= 918  P=  -1  D=  -1 
 X= 967 X2=1023  Y= 986 Y2=1019 P1=1023 P2=  -1 T1=1021 T2= 919  P=  -1  D=  -1 
 X= 946 X2=1023  Y= 978 Y2=1020 P1=1023 P2=  -1 T1=1021 T2= 932  P=  -1  D=  -1 
 X= 985 X2=1004  Y= 996 Y2=1023 P1=1023 P2=  -1 T1=1023 T2= 938  P=  -1  D=  -1 
 X= 808 X2=1023  Y= 983 Y2=1023 P1=1023 P2=  -1 T1=1020 T2= 929  P=  -1  D=  -1 
 X= 965 X2= 990  Y= 994 Y2=1021 P1=1021 P2=  -1 T1=1023 T2= 910  P=  -1  D=  -1 
 X=1023 X2=1011  Y= 990 Y2=1021 P1=1023 P2=  -1 T1=1020 T2= 936  P=  -1  D=  -1 
 X=1023 X2=1013  Y= 994 Y2=1023 P1=1023 P2=  -1 T1=1018 T2= 932  P=  -1  D=  -1 
 X= 921 X2=1023  Y= 989 Y2=1023 P1=1023 P2=  -1 T1=1023 T2= 925  P=  -1  D=  -1 
 X= 944 X2=1021  Y=1000 Y2=1020 P1=1023 P2=  -1 T1=1022 T2= 929  P=  -1  D=  -1 
 X= 890 X2=1023  Y= 992 Y2=1022 P1=1023 P2=  -1 T1=1023 T2= 946  P=  -1  D=  -1 
 X= 813 X2=1023  Y= 986 Y2=1023 P1=1023 P2=  -1 T1=1021 T2= 933  P=  -1  D=  -1 
 X=1023 X2=1008  Y= 983 Y2=1022 P1=1023 P2=  -1 T1=1023 T2= 916  P=  -1  D=  -1 
 X=1023 X2= 992  Y= 983 Y2=1019 P1=1023 P2=  -1 T1=1021 T2= 923  P=  -1  D=  -1 
 X= 989 X2=1014  Y= 995 Y2=1020 P1=1023 P2=  -1 T1=1020 T2= 910  P=  -1  D=  -1 
 X= 963 X2=1023  Y= 982 Y2=1023 P1=1023 P2=  -1 T1=1023 T2= 937  P=  -1  D=  -1 
 X=1023 X2= 990  Y= 990 Y2=1022 P1=1023 P2=  -1 T1=1021 T2= 924  P=  -1  D=  -1 
 X= 815 X2=1023  Y= 982 Y2=1020 P1=1023 P2=  -1 T1=1021 T2= 930  P=  -1  D=  -1 
 X= 938 X2=1023  Y= 983 Y2=1022 P1=1023 P2=  -1 T1=1023 T2= 908  P=  -1  D=  -1 
 X= 993 X2=1001  Y= 980 Y2=1023 P1=1023 P2=  -1 T1=1022 T2= 938  P=  -1  D=  -1 
 X= 889 X2=1017  Y= 976 Y2=1023 P1=1023 P2=  -1 T1=1021 T2= 933  P=  -1  D=  -1 
 X= 961 X2=1023  Y= 981 Y2=1020 P1=1023 P2=  -1 T1=1020 T2= 934  P=  -1  D=  -1 
 X=1023 X2=1007  Y= 981 Y2=1019 P1=1023 P2=  -1 T1=1018 T2= 938  P=  -1  D=  -1 
 X= 955 X2=1023  Y= 980 Y2=1019 P1=1023 P2=  -1 T1=1021 T2= 922  P=  -1  D=  -1 
 X= 953 X2=1021  Y= 984 Y2=1019 P1=1023 P2=  -1 T1=1023 T2= 949  P=  -1  D=  -1 
 X= 945 X2=1023  Y= 987 Y2=1023 P1=1023 P2=  -1 T1=1023 T2= 929  P=  -1  D=  -1 
 X= 976 X2=1023  Y= 982 Y2=1020 P1=1023 P2=  -1 T1=1021 T2= 932  P=  -1  D=  -1 
 X= 831 X2=1023  Y= 987 Y2=1020 P1=1023 P2=  -1 T1=1021 T2= 945  P=  -1  D=  -1 
 X= 956 X2=1023  Y= 980 Y2=1020 P1=1023 P2=  -1 T1=1023 T2= 945  P=  -1  D=  -1 
 X= 990 X2=1015  Y= 982 Y2=1021 P1=1023 P2=  -1 T1=1020 T2= 903  P=  -1  D=  -1 
 X= 803 X2=1023  Y= 980 Y2=1023 P1=1023 P2=  -1 T1=1020 T2= 929  P=  -1  D=  -1 
 X=1023 X2=1007  Y= 986 Y2=1020 P1=1023 P2=  -1 T1=1021 T2= 914  P=  -1  D=  -1 
 X=1023 X2=1011  Y= 980 Y2=1020 P1=1023 P2=  -1 T1=1023 T2= 906  P=  -1  D=  -1 
 X= 893 X2=1023  Y= 995 Y2=1020 P1=1023 P2=  -1 T1=1022 T2= 920  P=  -1  D=  -1 
 X= 932 X2=1023  Y= 989 Y2=1020 P1=1023 P2=  -1 T1=1021 T2= 940  P=  -1  D=  -1 
 X=1017 X2=1020  Y= 990 Y2=1023 P1=1023 P2=  -1 T1=1022 T2= 943  P=  -1  D=  -1 
 X= 807 X2=1023  Y= 988 Y2=1020 P1=1023 P2=  -1 T1=1020 T2= 928  P=  -1  D=  -1 
 X= 950 X2=1021  Y= 982 Y2=1021 P1=1023 P2=  -1 T1=1023 T2= 927  P=  -1  D=  -1 
 X= 991 X2=1013  Y= 989 Y2=1022 P1=1023 P2=  -1 T1=1023 T2= 942  P=  -1  D=  -1 
 X= 882 X2=1017  Y= 987 Y2=1020 P1=1023 P2=  -1 T1=1019 T2= 929  P=  -1  D=  -1 
 X= 966 X2=1023  Y= 983 Y2=1020 P1=1023 P2=  -1 T1=1021 T2= 943  P=  -1  D=  -1 
 X=1023 X2=1005  Y= 978 Y2=1021 P1=1023 P2=  -1 T1=1021 T2= 916  P=  -1  D=  -1 
 X=1022 X2=1015  Y= 984 Y2=1023 P1=1023 P2=  -1 T1=1022 T2= 913  P=  -1  D=  -1 
 X= 933 X2=1023  Y= 988 Y2=1021 P1=1023 P2=  -1 T1=1023 T2= 929  P=  -1  D=  -1 
 X= 976 X2= 997  Y= 981 Y2=1021 P1=1023 P2=  -1 T1=1023 T2= 933  P=  -1  D=  -1 
 X= 980 X2=1021  Y=1001 Y2=1023 P1=1023 P2=  -1 T1=1021 T2= 923  P=  -1  D=  -1 
 X= 913 X2=1023  Y= 985 Y2=1023 P1=1023 P2=  -1 T1=1023 T2= 938  P=  -1  D=  -1 
 X=1019 X2= 999  Y= 988 Y2=1023 P1=1023 P2=  -1 T1=1023 T2= 938  P=  -1  D=  -1 
 X= 990 X2=1012  Y= 985 Y2=1023 P1=1023 P2=  -1 T1=1020 T2= 939  P=  -1  D=  -1 
 X= 897 X2=1022  Y= 991 Y2=1021 P1=1023 P2=  -1 T1=1022 T2= 925  P=  -1  D=  -1 
 X= 969 X2= 989  Y= 997 Y2=1021 P1=1023 P2=  -1 T1=1023 T2= 929  P=  -1  D=  -1 
 X= 993 X2= 999  Y= 975 Y2=1022 P1=1023 P2=  -1 T1=1023 T2= 919  P=  -1  D=  -1 
 X= 976 X2=1022  Y= 991 Y2=1020 P1=1023 P2=  -1 T1=1022 T2= 925  P=  -1  D=  -1 
 X= 969 X2=1000  Y= 990 Y2=1022 P1=1023 P2=  -1 T1=1023 T2= 927  P=  -1  D=  -1 
 X= 863 X2=1020  Y= 986 Y2=1021 P1=1023 P2=  -1 T1=1022 T2= 937  P=  -1  D=  -1 
 X= 960 X2=1023  Y= 987 Y2=1020 P1=1023 P2=  -1 T1=1021 T2= 913  P=  -1  D=  -1 
 X= 835 X2=1023  Y= 987 Y2=1023 P1=1023 P2=  -1 T1=1021 T2= 921  P=  -1  D=  -1 
 X= 995 X2=1009  Y= 981 Y2=1020 P1=1023 P2=  -1 T1=1023 T2= 926  P=  -1  D=  -1 
 X= 973 X2=1023  Y= 993 Y2=1022 P1=1023 P2=  -1 T1=1021 T2= 928  P=  -1  D=  -1 
 X= 957 X2=1023  Y= 987 Y2=1020 P1=1023 P2=  -1 T1=1022 T2= 918  P=  -1  D=  -1 
 X= 956 X2=1023  Y= 995 Y2=1023 P1=1023 P2=  -1 T1=1023 T2= 927  P=  -1  D=  -1 
 X= 923 X2=1023  Y= 971 Y2=1020 P1=1023 P2=  -1 T1=1022 T2= 925  P=  -1  D=  -1 
 X= 959 X2=1023  Y= 975 Y2=1020 P1=1023 P2=  -1 T1=1023 T2= 937  P=  -1  D=  -1 
 X= 962 X2=1022  Y= 976 Y2=1023 P1=1023 P2=  -1 T1=1023 T2= 932  P=  -1  D=  -1 
 X= 965 X2=1023  Y= 980 Y2=1022 P1=1023 P2=  -1 T1=1020 T2= 924  P=  -1  D=  -1 
 X= 944 X2=1023  Y= 980 Y2=1021 P1=1023 P2=  -1 T1=1022 T2= 943  P=  -1  D=  -1 
 X=1023 X2=1012  Y= 981 Y2=1021 P1=1023 P2=  -1 T1=1018 T2= 935  P=  -1  D=  -1 
 X= 990 X2=1015  Y= 981 Y2=1023 P1=1023 P2=  -1 T1=1021 T2= 929  P=  -1  D=  -1 
 X= 955 X2=1023  Y= 992 Y2=1022 P1=1023 P2=  -1 T1=1021 T2= 935  P=  -1  D=  -1 
 X= 969 X2= 990  Y= 994 Y2=1021 P1=1023 P2=  -1 T1=1023 T2= 926  P=  -1  D=  -1 
 X= 802 X2=1023  Y= 992 Y2=1023 P1=1023 P2=  -1 T1=1023 T2= 929  P=  -1  D=  -1 
 X= 844 X2=1023  Y= 982 Y2=1021 P1=1023 P2=  -1 T1=1022 T2= 917  P=  -1  D=  -1 
 X= 942 X2=1023  Y= 989 Y2=1020 P1=1023 P2=  -1 T1=1023 T2= 943  P=  -1  D=  -1 
 X= 901 X2=1021  Y= 988 Y2=1021 P1=1023 P2=  -1 T1=1022 T2= 950  P=  -1  D=  -1 
 X= 961 X2=1023  Y= 992 Y2=1021 P1=1023 P2=  -1 T1=1022 T2= 930  P=  -1  D=  -1 
 X= 956 X2= 996  Y= 981 Y2=1023 P1=1023 P2=  -1 T1=1022 T2= 926  P=  -1  D=  -1 
 X=1023 X2=1009  Y= 978 Y2=1020 P1=1023 P2=  -1 T1=1019 T2= 930  P=  -1  D=  -1 
 X= 937 X2=1023  Y= 988 Y2=1020 P1=1023 P2=  -1 T1=1023 T2= 917  P=  -1  D=  -1 
 X= 971 X2=1023  Y= 992 Y2=1023 P1=1023 P2=  -1 T1=1023 T2= 941  P=  -1  D=  -1 
 X=1023 X2=1014  Y= 987 Y2=1023 P1=1023 P2=  -1 T1=1019 T2= 931  P=  -1  D=  -1 
 X= 816 X2=1023  Y= 989 Y2=1023 P1=1023 P2=  -1 T1=1023 T2= 928  P=  -1  D=  -1 
 X= 525 X2= 525  Y= 519 Y2= 519 P1= 806 P2= 395 T1=1023 T2=  16  P=  -1  D=  -1 
 X= 940 X2=1023  Y=1019 Y2=1022 P1=1023 P2=   0 T1=1022 T2=1021  P=  -1  D=  -1 
 X= 977 X2=1010  Y= 988 Y2=1019 P1=1023 P2=   0 T1=1023 T2= 933  P=  -1  D=  -1 
 X= 523 X2= 523  Y= 519 Y2= 519 P1= 804 P2= 398 T1=  16 T2=  16  P= 533  D=  -1 * 0
 X= 524 X2= 523  Y= 519 Y2= 519 P1= 806 P2= 392 T1=  18 T2=  14  P= 552  D=  -1 * 0
 X= 524 X2= 524  Y= 520 Y2= 520 P1= 812 P2= 383 T1=  17 T2=  17  P= 586  D=  -1 * 0
 X= 523 X2= 524  Y= 519 Y2= 520 P1= 810 P2= 386 T1=  17 T2=  17  P= 574  D=  -1 * 0
 X= 523 X2= 526  Y= 519 Y2= 520 P1= 809 P2= 388 T1=  17 T2=  17  P= 568  D=  -1 * 1
 X= 524 X2= 523  Y= 521 Y2= 519 P1= 810 P2= 387 T1=  16 T2=  16  P= 571  D=  -1 * 2
 X= 524 X2= 524  Y= 519 Y2= 520 P1= 809 P2= 387 T1=  17 T2=  17  P= 571  D=  -1 * 3
 X= 524 X2= 524  Y= 520 Y2= 519 P1= 809 P2= 387 T1=  16 T2=  17  P= 571  D=  -1 * 4
 X= 524 X2= 525  Y= 520 Y2= 520 P1= 809 P2= 387 T1=  17 T2=  17  P= 571  D=  -1 * 5
 X= 524 X2= 525  Y= 520 Y2= 519 P1= 809 P2= 388 T1=  16 T2=  20  P= 568  D=  -1 * 6
 X= 525 X2= 524  Y= 520 Y2= 526 P1= 809 P2= 388 T1=  16 T2=  17  P= 568  D=  -1 * 7
 X= 524 X2= 524  Y= 520 Y2= 519 P1= 809 P2= 389 T1=  17 T2=  16  P= 565  D=  -1 * 8
 X= 525 X2= 524  Y= 520 Y2= 519 P1= 808 P2= 389 T1=  16 T2=  17  P= 564  D=  -1 * 9
 X= 525 X2= 526  Y= 520 Y2= 520 P1= 809 P2= 390 T1=  17 T2=  16  P= 563  D=  -1 * 10
 X= 523 X2= 524  Y= 519 Y2= 519 P1= 809 P2= 389 T1=  17 T2=  17  P= 564  D=  -1 * 11
 X= 524 X2= 524  Y= 519 Y2= 519 P1= 808 P2= 390 T1=  17 T2=  16  P= 561  D=  -1 * 12
 X= 525 X2= 524  Y= 519 Y2= 519 P1= 809 P2= 389 T1=  17 T2=  17  P= 565  D=  -1 * 13
 X= 524 X2= 524  Y= 519 Y2= 519 P1= 809 P2= 390 T1=  17 T2=  17  P= 562  D=  -1 * 14
 X= 524 X2= 524  Y= 519 Y2= 519 P1= 808 P2= 390 T1=  16 T2=  17  P= 561  D=  -1 * 15
 X= 525 X2= 524  Y= 519 Y2= 519 P1= 807 P2= 390 T1=  16 T2=  16  P= 560  D=  -1 * 16
 X= 524 X2= 524  Y= 520 Y2= 519 P1= 808 P2= 390 T1=  16 T2=  17  P= 561  D=  -1 * 17
 X= 524 X2= 524  Y= 519 Y2= 519 P1= 808 P2= 390 T1=  18 T2=  16  P= 561  D=  -1 * 18
 X= 525 X2= 524  Y= 520 Y2= 519 P1= 807 P2= 390 T1=  16 T2=  15  P= 560  D=  -1 * 19
 X= 524 X2= 524  Y= 519 Y2= 519 P1= 808 P2= 390 T1=  17 T2=  17  P= 561  D=  -1 * 20
 X= 523 X2= 524  Y= 519 Y2= 519 P1= 809 P2= 390 T1=  17 T2=  17  P= 561  D=  -1 * 21
 X= 525 X2= 523  Y= 520 Y2= 518 P1= 808 P2= 389 T1=  17 T2=  17  P= 564  D=  -1 * 22
 X= 523 X2= 524  Y= 519 Y2= 519 P1= 808 P2= 390 T1=  16 T2=  17  P= 560  D=  -1 * 23
 X= 524 X2= 524  Y= 519 Y2= 519 P1= 808 P2= 390 T1=  17 T2=  16  P= 561  D=  -1 * 24
Remove Pin
 X= 525 X2= 524  Y= 519 Y2= 521 P1= 808 P2= 390 T1=  16 T2=  17  P= 561  D=  -1 * 24
 X= 524 X2= 524  Y= 519 Y2= 519 P1= 808 P2= 390 T1=  16 T2=  16  P= 561  D=  -1 * 24
 X= 524 X2= 524  Y= 519 Y2= 519 P1= 808 P2= 390 T1=  16 T2=  16  P= 561  D=  -1 * 24
 X= 525 X2= 524  Y= 519 Y2= 518 P1= 809 P2= 390 T1=  17 T2=  17  P= 562  D=  -1 * 24
 X= 524 X2= 524  Y= 520 Y2= 518 P1= 808 P2= 390 T1=  16 T2=  17  P= 561  D=  -1 * 24
 X= 524 X2= 524  Y= 518 Y2= 519 P1= 808 P2= 390 T1=  16 T2=  14  P= 561  D=  -1 * 24
 X= 522 X2= 524  Y= 518 Y2= 519 P1= 808 P2= 390 T1=  16 T2=  16  P= 560  D=  -1 * 24
 X= 525 X2= 523  Y= 520 Y2= 519 P1= 808 P2= 390 T1=  16 T2=  17  P= 561  D=  -1 * 24
 X= 524 X2= 524  Y= 519 Y2= 520 P1= 808 P2= 390 T1=  16 T2=  16  P= 561  D=  -1 * 24
 X= 524 X2= 524  Y= 519 Y2= 519 P1= 808 P2= 390 T1=  16 T2=  17  P= 561  D=  -1 * 24
 X= 524 X2= 523  Y= 520 Y2= 520 P1= 808 P2= 390 T1=  17 T2=  16  P= 560  D=  -1 * 24
 X= 524 X2= 523  Y= 519 Y2= 519 P1= 808 P2= 390 T1=  15 T2=  16  P= 560  D=  -1 * 24
 X= 524 X2= 525  Y= 519 Y2= 519 P1= 808 P2= 390 T1=  16 T2=  16  P= 561  D=  -1 * 24
 X= 525 X2= 523  Y= 519 Y2= 519 P1= 808 P2= 390 T1=  16 T2=  16  P= 561  D=  -1 * 24
 X= 525 X2= 524  Y= 519 Y2= 519 P1= 809 P2= 390 T1=  16 T2=  17  P= 562  D=  -1 * 24
 X= 525 X2= 524  Y= 519 Y2= 519 P1= 808 P2= 389 T1=  16 T2=  17  P= 564  D=  -1 * 24
 X= 520 X2= 525  Y= 519 Y2= 519 P1= 808 P2= 390 T1=  16 T2=  16  P= 559  D=  -1 * 24
 X= 524 X2= 524  Y= 519 Y2= 520 P1= 808 P2= 390 T1=  17 T2=  17  P= 561  D=  -1 * 24
 X= 526 X2= 525  Y= 518 Y2= 519 P1= 806 P2= 390 T1=  17 T2=  16  P= 559  D=  -1 * 24
 X= 524 X2= 523  Y= 519 Y2= 518 P1= 808 P2= 390 T1=  16 T2=  16  P= 560  D=  -1 * 24
 X= 523 X2= 525  Y= 519 Y2= 519 P1= 807 P2= 390 T1=  16 T2=  17  P= 560  D=  -1 * 24
 X= 524 X2= 524  Y= 519 Y2= 519 P1= 808 P2= 391 T1=  17 T2=  16  P= 558  D=  -1 * 24
 X= 524 X2= 525  Y= 518 Y2= 519 P1= 807 P2= 391 T1=  16 T2=  15  P= 557  D=  -1 * 24
 X= 524 X2= 524  Y= 518 Y2= 518 P1= 808 P2= 390 T1=  16 T2=  16  P= 561  D=  -1 * 24
 X= 525 X2= 526  Y= 522 Y2= 522 P1= 831 P2= 341 T1=  18 T2=  30  P= 561  D=  -1 * 24
 X= 869 X2=1023  Y= 985 Y2=1019 P1=1023 P2=   0 T1=1022 T2= 930  P= 561  D=  -1 
 X=1023 X2=1016  Y= 994 Y2=1023 P1=1023 P2=   0 T1=1022 T2= 939  P= 561  D=  -1 
 X=1022 X2=1015  Y= 986 Y2=1020 P1=1023 P2=   0 T1=1019 T2= 945  P= 561  D=  -1 
target state=1 point=23,22
 X= 974 X2= 990  Y= 992 Y2=1023 P1=1023 P2=   0 T1=1020 T2= 924  P= 561  D=  -1 
 X= 967 X2=1021  Y= 992 Y2=1021 P1=1023 P2=   0 T1=1020 T2= 938  P= 561  D=  -1 
 X=1023 X2=1014  Y= 981 Y2=1021 P1=1023 P2=   0 T1=1020 T2= 925  P= 561  D=  -1 
 X= 809 X2=1023  Y= 980 Y2=1022 P1=1023 P2=   0 T1=1023 T2= 929  P= 561  D=  -1 
 X= 907 X2=1023  Y= 992 Y2=1021 P1=1023 P2=   0 T1=1023 T2= 919  P= 561  D=  -1 
 X= 997 X2=1012  Y= 976 Y2=1020 P1=1023 P2=   0 T1=1023 T2= 922  P= 561  D=  -1 
 X= 986 X2=1015  Y= 982 Y2=1021 P1=1023 P2=   0 T1=1023 T2= 918  P= 561  D=  -1 
 X= 969 X2=1021  Y= 989 Y2=1022 P1=1023 P2=   0 T1=1021 T2= 934  P= 561  D=  -1 
 X=1023 X2=1006  Y= 992 Y2=1022 P1=1023 P2=   0 T1=1021 T2= 935  P= 561  D=  -1 
 X= 987 X2=1015  Y= 988 Y2=1022 P1=1023 P2=   0 T1=1023 T2= 915  P= 561  D=  -1 
 X= 852 X2=1023  Y= 986 Y2=1019 P1=1023 P2=   0 T1=1021 T2= 929  P= 561  D=  -1 
 X= 949 X2=1022  Y= 982 Y2=1021 P1=1023 P2=   0 T1=1021 T2= 918  P= 561  D=  -1 
 X= 962 X2=1015  Y= 988 Y2=1022 P1=1023 P2=   0 T1=1020 T2= 924  P= 561  D=  -1 
 X= 893 X2=1023  Y= 997 Y2=1023 P1=1023 P2=   0 T1=1023 T2= 921  P= 561  D=  -1 
 X= 978 X2=1008  Y= 982 Y2=1023 P1=1023 P2=   0 T1=1020 T2= 945  P= 561  D=  -1 
 X= 973 X2=1014  Y= 981 Y2=1023 P1=1023 P2=   0 T1=1021 T2= 934  P= 561  D=  -1 
 X= 831 X2=1023  Y= 977 Y2=1021 P1=1023 P2=   0 T1=1021 T2= 927  P= 561  D=  -1 
 X= 966 X2=1023  Y= 995 Y2=1021 P1=1023 P2=   0 T1=1022 T2= 923  P= 561  D=  -1 
 X=1023 X2=1011  Y= 989 Y2=1022 P1=1023 P2=   0 T1=1023 T2= 911  P= 561  D=  -1 
 X= 857 X2=1023  Y= 980 Y2=1020 P1=1023 P2=   0 T1=1020 T2= 918  P= 561  D=  -1 
 X= 958 X2=1019  Y= 994 Y2=1023 P1=1023 P2=   0 T1=1023 T2= 943  P= 561  D=  -1 
 X= 943 X2=1023  Y= 978 Y2=1023 P1=1023 P2=   0 T1=1023 T2= 934  P= 561  D=  -1 
 X= 930 X2=1023  Y= 986 Y2=1023 P1=1023 P2=   0 T1=1022 T2= 933  P= 561  D=  -1 
 X= 879 X2=1023  Y= 993 Y2=1020 P1=1023 P2=   0 T1=1023 T2= 918  P= 561  D=  -1 
 X= 982 X2=1006  Y= 979 Y2=1021 P1=1023 P2=   0 T1=1020 T2= 927  P= 561  D=  -1 
 X= 963 X2=1013  Y= 981 Y2=1023 P1=1023 P2=   0 T1=1019 T2= 933  P= 561  D=  -1 
 X= 954 X2=1022  Y= 992 Y2=1020 P1=1023 P2=   0 T1=1023 T2= 932  P= 561  D=  -1 
 X= 954 X2=1023  Y= 988 Y2=1021 P1=1023 P2=   0 T1=1021 T2= 902  P= 561  D=  -1 
 X= 871 X2=1023  Y= 985 Y2=1021 P1=1023 P2=   0 T1=1023 T2= 907  P= 561  D=  -1 
 X= 902 X2=1023  Y= 986 Y2=1023 P1=1023 P2=   0 T1=1023 T2= 921  P= 561  D=  -1 
 X= 978 X2=1023  Y= 994 Y2=1023 P1=1023 P2=   0 T1=1021 T2= 932  P= 561  D=  -1 
 X= 903 X2=1020  Y= 989 Y2=1020 P1=1023 P2=   0 T1=1023 T2= 916  P= 561  D=  -1 
 X= 969 X2=1023  Y= 980 Y2=1021 P1=1023 P2=   0 T1=1023 T2= 936  P= 561  D=  -1 
 X=1023 X2=1012  Y= 980 Y2=1023 P1=1023 P2=   0 T1=1021 T2= 933  P= 561  D=  -1 
 X=1008 X2=1000  Y= 981 Y2=1021 P1=1023 P2=   0 T1=1022 T2= 925  P= 561  D=  -1 
 X= 930 X2=1023  Y= 983 Y2=1019 P1=1023 P2=   0 T1=1021 T2= 930  P= 561  D=  -1 
 X= 953 X2=1023  Y= 988 Y2=1022 P1=1023 P2=   0 T1=1023 T2= 927  P= 561  D=  -1 
 X=1023 X2=1022  Y= 981 Y2=1022 P1=1023 P2=   0 T1=1020 T2= 944  P= 561  D=  -1 
 X= 887 X2=1022  Y= 990 Y2=1019 P1=1023 P2=   0 T1=1023 T2= 927  P= 561  D=  -1 
 X= 889 X2=1023  Y= 994 Y2=1019 P1=1023 P2=   0 T1=1022 T2= 941  P= 561  D=  -1 
 X= 996 X2=1015  Y= 986 Y2=1023 P1=1023 P2=   0 T1=1023 T2= 918  P= 561  D=  -1 
 X= 862 X2=1019  Y= 989 Y2=1023 P1=1023 P2=   0 T1=1022 T2= 923  P= 561  D=  -1 
 X= 962 X2=1023  Y= 981 Y2=1019 P1=1023 P2=   0 T1=1023 T2= 943  P= 561  D=  -1 
 X=1021 X2=1007  Y=1023 Y2=1021 P1=1023 P2=   0 T1=1022 T2=1020  P= 561  D=  -1 
 X= 912 X2=1021  Y= 984 Y2=1020 P1=1023 P2=   0 T1=1022 T2= 929  P= 561  D=  -1 
 X= 930 X2=1023  Y= 982 Y2=1020 P1=1023 P2=   0 T1=1023 T2= 936  P= 561  D=  -1 
 X=1023 X2=1007  Y= 989 Y2=1020 P1=1023 P2=   0 T1=1022 T2= 931  P= 561  D=  -1 
 X= 955 X2=1023  Y= 989 Y2=1022 P1=1023 P2=   0 T1=1021 T2= 926  P= 561  D=  -1 
 X= 900 X2=1023  Y= 988 Y2=1023 P1=1023 P2=   0 T1=1023 T2= 917  P= 561  D=  -1 
 X= 990 X2=1017  Y= 981 Y2=1021 P1=1023 P2=   0 T1=1023 T2= 935  P= 561  D=  -1 
 X= 985 X2=1015  Y= 990 Y2=1021 P1=1023 P2=   0 T1=1020 T2= 925  P= 561  D=  -1 
 X=1023 X2=1008  Y= 992 Y2=1020 P1=1023 P2=   0 T1=1023 T2= 925  P= 561  D=  -1 
 X=1023 X2=1006  Y= 987 Y2=1021 P1=1023 P2=   0 T1=1020 T2= 930  P= 561  D=  -1 
 X=1019 X2= 984  Y= 991 Y2=1021 P1=1023 P2=   0 T1=1023 T2= 940  P= 561  D=  -1 
 X= 897 X2=1023  Y= 997 Y2=1022 P1=1023 P2=   0 T1=1021 T2= 932  P= 561  D=  -1 
 X= 927 X2=1022  Y= 991 Y2=1020 P1=1023 P2=   0 T1=1019 T2= 929  P= 561  D=  -1 
 X= 864 X2=1017  Y= 985 Y2=1023 P1=1023 P2=   0 T1=1023 T2= 921  P= 561  D=  -1 
 X= 962 X2=1023  Y= 990 Y2=1020 P1=1023 P2=   0 T1=1020 T2= 909  P= 561  D=  -1 
 X= 905 X2=1019  Y= 984 Y2=1019 P1=1023 P2=   0 T1=1023 T2= 921  P= 561  D=  -1 
 X= 999 X2=1007  Y= 981 Y2=1021 P1=1023 P2=   0 T1=1020 T2= 916  P= 561  D=  -1 
 X= 958 X2=1014  Y= 985 Y2=1021 P1=1023 P2=   0 T1=1023 T2= 908  P= 561  D=  -1 
 X= 952 X2=1023  Y= 987 Y2=1023 P1=1023 P2=   0 T1=1023 T2= 940  P= 561  D=  -1 
 X=1023 X2=1013  Y= 986 Y2=1022 P1=1023 P2=   0 T1=1018 T2= 917  P= 561  D=  -1 
 X= 890 X2=1022  Y= 986 Y2=1019 P1=1023 P2=   0 T1=1021 T2= 930  P= 561  D=  -1 
 X= 876 X2=1023  Y= 990 Y2=1021 P1=1023 P2=   0 T1=1021 T2= 907  P= 561  D=  -1 
 X=1022 X2=1017  Y= 984 Y2=1023 P1=1023 P2=   0 T1=1023 T2= 932  P= 561  D=  -1 
 X= 922 X2=1023  Y= 980 Y2=1023 P1=1023 P2=   0 T1=1021 T2= 925  P= 561  D=  -1 
 X= 929 X2=1023  Y= 987 Y2=1021 P1=1023 P2=   0 T1=1021 T2= 937  P= 561  D=  -1 
 X= 986 X2=1014  Y= 981 Y2=1020 P1=1023 P2=   0 T1=1023 T2= 906  P= 561  D=  -1 
 X= 997 X2=1003  Y= 983 Y2=1022 P1=1023 P2=   0 T1=1023 T2= 954  P= 561  D=  -1 
 X=1023 X2=1014  Y= 995 Y2=1021 P1=1023 P2=   0 T1=1023 T2= 942  P= 561  D=  -1 
 X=1023 X2=1005  Y= 985 Y2=1022 P1=1023 P2=   0 T1=1020 T2= 923  P= 561  D=  -1 
 X= 915 X2=1023  Y= 976 Y2=1020 P1=1023 P2=   0 T1=1021 T2= 927  P= 561  D=  -1 
 X= 913 X2=1023  Y= 991 Y2=1023 P1=1023 P2=   0 T1=1022 T2= 915  P= 561  D=  -1 
 X= 927 X2=1023  Y= 981 Y2=1022 P1=1023 P2=   0 T1=1021 T2= 934  P= 561  D=  -1 
 X= 931 X2=1022  Y= 983 Y2=1021 P1=1023 P2=   0 T1=1021 T2= 925  P= 561  D=  -1 
 X= 970 X2=1023  Y= 984 Y2=1023 P1=1023 P2=   0 T1=1021 T2= 937  P= 561  D=  -1 
 X=1023 X2=1005  Y= 984 Y2=1023 P1=1023 P2=   0 T1=1021 T2= 940  P= 561  D=  -1 
 X=1000 X2=1002  Y= 986 Y2=1023 P1=1023 P2=   0 T1=1023 T2= 935  P= 561  D=  -1 
 X= 926 X2=1020  Y= 997 Y2=1020 P1=1023 P2=   0 T1=1021 T2= 933  P= 561  D=  -1 
 X= 965 X2=1023  Y= 981 Y2=1023 P1=1023 P2=   0 T1=1023 T2= 915  P= 561  D=  -1 
 X= 947 X2=1021  Y= 990 Y2=1022 P1=1023 P2=   0 T1=1023 T2= 929  P= 561  D=  -1 
 X= 979 X2=1021  Y= 544 Y2= 332 P1= 714 P2= 178 T1=1020 T2=  21  P= 561  D=  -1 
 X= 959 X2=1023  Y= 986 Y2=1023 P1=1023 P2=   0 T1=1021 T2= 915  P= 561  D=  -1 
 X= 237 X2= 235  Y= 325 Y2= 319 P1= 694 P2= 183 T1=  22 T2=  21  P= 658  D=  -1 * 0
 X= 237 X2= 234  Y= 325 Y2= 318 P1= 695 P2= 183 T1=  21 T2=  21  P= 657  D=  -1 * 0
 X= 237 X2= 233  Y= 324 Y2= 317 P1= 687 P2= 187 T1=  22 T2=  21  P= 628  D=  -1 * 0
 X= 236 X2= 233  Y= 327 Y2= 317 P1= 686 P2= 187 T1=  20 T2=  21  P= 624  D=  -1 * 0
 X= 236 X2= 234  Y= 323 Y2= 316 P1= 685 P2= 188 T1=  19 T2=  20  P= 621  D=  -1 * 1
 X= 237 X2= 233  Y= 324 Y2= 317 P1= 685 P2= 187 T1=  20 T2=  20  P= 625  D=  -1 * 2
 X= 236 X2= 233  Y= 325 Y2= 317 P1= 685 P2= 187 T1=  20 T2=  20  P= 623  D=  -1 * 3
 X= 236 X2= 232  Y= 324 Y2= 316 P1= 685 P2= 187 T1=  20 T2=  20  P= 623  D=  -1 * 4
 X= 235 X2= 233  Y= 324 Y2= 318 P1= 684 P2= 187 T1=  20 T2=  20  P= 621  D=  -1 * 5
 X= 235 X2= 233  Y= 324 Y2= 317 P1= 684 P2= 188 T1=  18 T2=  20  P= 617  D=  -1 * 6
 X= 236 X2= 234  Y= 324 Y2= 317 P1= 684 P2= 188 T1=  20 T2=  20  P= 619  D=  -1 * 7
 X= 236 X2= 232  Y= 324 Y2= 317 P1= 683 P2= 188 T1=  20 T2=  20  P= 615  D=  -1 * 8
 X= 235 X2= 233  Y= 324 Y2= 317 P1= 683 P2= 188 T1=  21 T2=  20  P= 615  D=  -1 * 9
 X= 236 X2= 233  Y= 324 Y2= 317 P1= 683 P2= 189 T1=  20 T2=  20  P= 611  D=  -1 * 10
 X= 236 X2= 233  Y= 324 Y2= 317 P1= 683 P2= 188 T1=  20 T2=  19  P= 615  D=  -1 * 11
 X= 236 X2= 233  Y= 325 Y2= 317 P1= 683 P2= 188 T1=  19 T2=  19  P= 615  D=  -1 * 12
 X= 236 X2= 233  Y= 325 Y2= 317 P1= 683 P2= 189 T1=  20 T2=  20  P= 611  D=  -1 * 13
 X= 235 X2= 233  Y= 324 Y2= 315 P1= 683 P2= 189 T1=  20 T2=  20  P= 611  D=  -1 * 14
 X= 235 X2= 233  Y= 324 Y2= 317 P1= 683 P2= 188 T1=  20 T2=  20  P= 615  D=  -1 * 15
 X= 236 X2= 233  Y= 323 Y2= 317 P1= 683 P2= 188 T1=  20 T2=  21  P= 615  D=  -1 * 16
 X= 236 X2= 234  Y= 324 Y2= 317 P1= 681 P2= 188 T1=  20 T2=  20  P= 616  D=  -1 * 17
 X= 235 X2= 234  Y= 324 Y2= 317 P1= 683 P2= 189 T1=  20 T2=  20  P= 611  D=  -1 * 18
 X= 235 X2= 233  Y= 324 Y2= 316 P1= 683 P2= 188 T1=  20 T2=  20  P= 615  D=  -1 * 19
 X= 236 X2= 231  Y= 324 Y2= 317 P1= 683 P2= 188 T1=  20 T2=  20  P= 613  D=  -1 * 20
 X= 236 X2= 233  Y= 324 Y2= 317 P1= 682 P2= 189 T1=  19 T2=  19  P= 610  D=  -1 * 21
 X= 236 X2= 233  Y= 324 Y2= 317 P1= 682 P2= 189 T1=  20 T2=  20  P= 610  D=  -1 * 22
 X= 235 X2= 234  Y= 324 Y2= 317 P1= 683 P2= 188 T1=  20 T2=  21  P= 615  D=  -1 * 23
 X= 236 X2= 233  Y= 324 Y2= 316 P1= 682 P2= 188 T1=  20 T2=  20  P= 614  D=  -1 * 24
Remove Pin
 X= 236 X2= 233  Y= 324 Y2= 317 P1= 682 P2= 188 T1=  20 T2=  20  P= 614  D=  -1 * 24
 X= 235 X2= 234  Y= 324 Y2= 318 P1= 683 P2= 189 T1=  20 T2=  20  P= 611  D=  -1 * 24
 X= 235 X2= 233  Y= 324 Y2= 316 P1= 681 P2= 189 T1=  20 T2=  20  P= 609  D=  -1 * 24
 X= 236 X2= 233  Y= 324 Y2= 317 P1= 682 P2= 189 T1=  21 T2=  20  P= 610  D=  -1 * 24
 X= 235 X2= 234  Y= 324 Y2= 317 P1= 682 P2= 189 T1=  20 T2=  20  P= 610  D=  -1 * 24
 X= 235 X2= 233  Y= 324 Y2= 317 P1= 682 P2= 189 T1=  20 T2=  18  P= 610  D=  -1 * 24
 X= 236 X2= 233  Y= 324 Y2= 316 P1= 682 P2= 189 T1=  20 T2=  19  P= 610  D=  -1 * 24
 X= 236 X2= 234  Y= 324 Y2= 317 P1= 681 P2= 190 T1=  20 T2=  20  P= 607  D=  -1 * 24
 X= 234 X2= 233  Y= 324 Y2= 317 P1= 680 P2= 189 T1=  19 T2=  20  P= 605  D=  -1 * 24
 X= 236 X2= 234  Y= 324 Y2= 317 P1= 681 P2= 189 T1=  20 T2=  20  P= 611  D=  -1 * 24
 X=1002 X2=1020  Y= 983 Y2=1023 P1=1023 P2=   0 T1=1023 T2= 924  P= 611  D=  -1 
 X= 839 X2=1023  Y= 989 Y2=1023 P1=1023 P2=   0 T1=1023 T2= 946  P= 611  D=  -1 
 X= 970 X2= 997  Y= 985 Y2=1021 P1=1023 P2=   0 T1=1023 T2= 934  P= 611  D=  -1 
target state=2 point=456,22
 X= 896 X2=1017  Y= 979 Y2=1023 P1=1023 P2=   0 T1=1021 T2= 939  P= 611  D=  -1 
 X= 915 X2=1023  Y= 989 Y2=1020 P1=1023 P2=   0 T1=1022 T2= 937  P= 611  D=  -1 
 X= 938 X2=1023  Y= 994 Y2=1023 P1=1023 P2=   0 T1=1023 T2= 933  P= 611  D=  -1 
 X= 834 X2=1023  Y= 978 Y2=1020 P1=1023 P2=   0 T1=1023 T2= 918  P= 611  D=  -1 
 X= 926 X2=1022  Y= 988 Y2=1020 P1=1023 P2=   0 T1=1023 T2= 917  P= 611  D=  -1 
 X= 959 X2= 998  Y= 990 Y2=1021 P1=1023 P2=   0 T1=1022 T2= 927  P= 611  D=  -1 
 X=1018 X2= 993  Y= 982 Y2=1020 P1=1023 P2=   0 T1=1023 T2= 928  P= 611  D=  -1 
 X= 988 X2=1014  Y= 983 Y2=1023 P1=1023 P2=   0 T1=1023 T2= 928  P= 611  D=  -1 
 X= 939 X2=1023  Y= 981 Y2=1020 P1=1023 P2=   0 T1=1021 T2= 916  P= 611  D=  -1 
 X= 973 X2=1021  Y= 989 Y2=1023 P1=1023 P2=   0 T1=1022 T2= 920  P= 611  D=  -1 
 X= 879 X2=1022  Y= 996 Y2=1023 P1=1023 P2=   0 T1=1023 T2= 942  P= 611  D=  -1 
 X= 896 X2=1021  Y= 982 Y2=1019 P1=1023 P2=   0 T1=1022 T2= 928  P= 611  D=  -1 
 X= 917 X2=1023  Y= 984 Y2=1020 P1=1023 P2=   0 T1=1023 T2= 921  P= 611  D=  -1 
 X= 996 X2=1019  Y= 989 Y2=1021 P1=1023 P2=   0 T1=1021 T2= 933  P= 611  D=  -1 
 X= 946 X2=1021  Y= 978 Y2=1023 P1=1023 P2=   0 T1=1023 T2= 938  P= 611  D=  -1 
 X= 960 X2=1022  Y= 986 Y2=1021 P1=1023 P2=   0 T1=1023 T2= 930  P= 611  D=  -1 
 X=1023 X2=1014  Y= 987 Y2=1023 P1=1023 P2=   0 T1=1022 T2= 934  P= 611  D=  -1 
 X= 962 X2=1022  Y= 985 Y2=1019 P1=1023 P2=   0 T1=1023 T2= 922  P= 611  D=  -1 
 X= 951 X2=1023  Y= 982 Y2=1020 P1=1023 P2=   0 T1=1018 T2= 925  P= 611  D=  -1 
 X= 987 X2=1023  Y=1020 Y2=1023 P1=1023 P2=   0 T1=1023 T2=1021  P= 611  D=  -1 
 X= 985 X2=1013  Y= 995 Y2=1023 P1=1023 P2=   0 T1=1021 T2= 968  P= 611  D=  -1 
 X= 943 X2=1020  Y= 992 Y2=1020 P1=1023 P2=   0 T1=1023 T2= 929  P= 611  D=  -1 
 X= 866 X2=1019  Y= 974 Y2=1021 P1=1023 P2=   0 T1=1023 T2= 934  P= 611  D=  -1 
 X= 910 X2=1021  Y= 992 Y2=1021 P1=1023 P2=   0 T1=1023 T2= 908  P= 611  D=  -1 
 X=1022 X2=1014  Y= 992 Y2=1021 P1=1023 P2=   0 T1=1023 T2= 923  P= 611  D=  -1 
 X=1022 X2=1012  Y= 987 Y2=1021 P1=1023 P2=   0 T1=1022 T2= 931  P= 611  D=  -1 
 X=1006 X2=1004  Y= 989 Y2=1023 P1=1023 P2=   0 T1=1023 T2= 925  P= 611  D=  -1 
 X= 922 X2=1022  Y= 987 Y2=1021 P1=1023 P2=   0 T1=1019 T2= 924  P= 611  D=  -1 
 X= 949 X2=1023  Y= 986 Y2=1021 P1=1023 P2=   0 T1=1020 T2= 919  P= 611  D=  -1 
 X= 970 X2=1023  Y= 985 Y2=1020 P1=1023 P2=   0 T1=1023 T2= 920  P= 611  D=  -1 
 X= 857 X2=1022  Y= 990 Y2=1023 P1=1023 P2=   0 T1=1020 T2= 932  P= 611  D=  -1 
 X= 987 X2=1008  Y= 983 Y2=1021 P1=1023 P2=   0 T1=1023 T2= 932  P= 611  D=  -1 
 X= 992 X2=1013  Y= 980 Y2=1022 P1=1023 P2=   0 T1=1023 T2= 927  P= 611  D=  -1 
 X= 968 X2=1022  Y= 980 Y2=1022 P1=1023 P2=   0 T1=1021 T2= 920  P= 611  D=  -1 
 X= 965 X2=1022  Y= 992 Y2=1021 P1=1023 P2=   0 T1=1021 T2= 908  P= 611  D=  -1 
 X=1023 X2=1012  Y= 993 Y2=1023 P1=1023 P2=   0 T1=1022 T2= 943  P= 611  D=  -1 
 X= 893 X2=1023  Y= 989 Y2=1023 P1=1023 P2=   0 T1=1023 T2= 927  P= 611  D=  -1 
 X= 923 X2=1023  Y= 989 Y2=1023 P1=1023 P2=   0 T1=1022 T2= 924  P= 611  D=  -1 
 X= 820 X2=1023  Y= 987 Y2=1021 P1=1023 P2=   0 T1=1022 T2= 933  P= 611  D=  -1 
 X= 825 X2=1019  Y= 985 Y2=1022 P1=1023 P2=   0 T1=1023 T2= 898  P= 611  D=  -1 
 X= 947 X2=1010  Y= 980 Y2=1023 P1=1023 P2=   0 T1=1023 T2= 928  P= 611  D=  -1 
 X=1023 X2=1015  Y=1001 Y2=1022 P1=1023 P2=   0 T1=1023 T2= 938  P= 611  D=  -1 
 X= 898 X2=1023  Y= 999 Y2=1023 P1=1023 P2=   0 T1=1021 T2= 929  P= 611  D=  -1 
 X=1023 X2=1005  Y= 981 Y2=1020 P1=1023 P2=   0 T1=1020 T2= 932  P= 611  D=  -1 
 X=1021 X2=1014  Y= 985 Y2=1022 P1=1023 P2=   0 T1=1022 T2= 933  P= 611  D=  -1 
 X= 956 X2=1020  Y= 992 Y2=1020 P1=1023 P2=   0 T1=1023 T2= 920  P= 611  D=  -1 
 X= 934 X2=1023  Y= 978 Y2=1021 P1=1023 P2=   0 T1=1022 T2= 937  P= 611  D=  -1 
 X= 864 X2=1020  Y= 983 Y2=1023 P1=1023 P2=   0 T1=1022 T2= 923  P= 611  D=  -1 
 X= 954 X2=1018  Y= 984 Y2=1022 P1=1023 P2=   0 T1=1021 T2= 935  P= 611  D=  -1 
 X= 808 X2=1023  Y= 985 Y2=1020 P1=1023 P2=   0 T1=1022 T2= 937  P= 611  D=  -1 
 X=1023 X2=1011  Y= 981 Y2=1021 P1=1023 P2=   0 T1=1022 T2= 934  P= 611  D=  -1 
 X= 996 X2= 997  Y= 987 Y2=1022 P1=1023 P2=   0 T1=1023 T2= 939  P= 611  D=  -1 
 X= 952 X2=1023  Y= 999 Y2=1022 P1=1023 P2=   0 T1=1023 T2= 901  P= 611  D=  -1 
 X=1023 X2=1012  Y= 974 Y2=1021 P1=1023 P2=   0 T1=1022 T2= 931  P= 611  D=  -1 
 X= 846 X2=1021  Y= 980 Y2=1018 P1=1023 P2=   0 T1=1021 T2= 928  P= 611  D=  -1 
 X= 876 X2=1023  Y= 983 Y2=1023 P1=1023 P2=   0 T1=1021 T2= 946  P= 611  D=  -1 
 X=1019 X2= 993  Y= 993 Y2=1023 P1=1023 P2=   0 T1=1022 T2= 915  P= 611  D=  -1 
 X= 911 X2=1018  Y= 985 Y2=1023 P1=1023 P2=   0 T1=1021 T2= 925  P= 611  D=  -1 
 X= 919 X2=1017  Y= 987 Y2=1023 P1=1023 P2=   0 T1=1021 T2= 916  P= 611  D=  -1 
 X=1013 X2=1007  Y= 992 Y2=1021 P1=1023 P2=   0 T1=1020 T2= 919  P= 611  D=  -1 
 X=1023 X2=1019  Y= 992 Y2=1023 P1=1023 P2=   0 T1=1023 T2= 910  P= 611  D=  -1 
 X= 911 X2=1023  Y= 985 Y2=1019 P1=1023 P2=   0 T1=1023 T2= 934  P= 611  D=  -1 
 X= 949 X2=1022  Y= 988 Y2=1020 P1=1023 P2=   0 T1=1022 T2= 912  P= 611  D=  -1 
 X= 952 X2= 993  Y= 987 Y2=1022 P1=1023 P2=   0 T1=1023 T2= 934  P= 611  D=  -1 
 X= 831 X2=1023  Y= 984 Y2=1020 P1=1023 P2=   0 T1=1021 T2= 935  P= 611  D=  -1 
 X= 868 X2=1023  Y= 993 Y2=1023 P1=1023 P2=   0 T1=1020 T2= 939  P= 611  D=  -1 
 X= 811 X2= 807  Y= 318 Y2= 325 P1= 792 P2= 479 T1=  12 T2=  12  P= 528  D=  -1 * 0
 X= 964 X2=1023  Y= 981 Y2=1023 P1=1023 P2=   0 T1=1023 T2= 923  P= 528  D=  -1 
 X= 811 X2= 808  Y= 319 Y2= 326 P1= 798 P2= 468 T1=  14 T2=  13  P= 570  D=  -1 * 0
 X= 810 X2= 809  Y= 320 Y2= 328 P1= 797 P2= 468 T1=  14 T2=  13  P= 567  D=  -1 * 0
 X= 811 X2= 809  Y= 320 Y2= 327 P1= 798 P2= 467 T1=  12 T2=  13  P= 573  D=  -1 * 0
 X= 810 X2= 809  Y= 320 Y2= 327 P1= 797 P2= 469 T1=  13 T2=  13  P= 565  D=  -1 * 1
 X= 811 X2= 809  Y= 320 Y2= 327 P1= 797 P2= 469 T1=  12 T2=  12  P= 566  D=  -1 * 2
 X= 810 X2= 809  Y= 320 Y2= 326 P1= 797 P2= 469 T1=  13 T2=  13  P= 565  D=  -1 * 3
 X= 811 X2= 808  Y= 320 Y2= 327 P1= 797 P2= 469 T1=  13 T2=  13  P= 565  D=  -1 * 4
 X= 810 X2= 809  Y= 320 Y2= 326 P1= 797 P2= 470 T1=  13 T2=  13  P= 562  D=  -1 * 5
 X= 811 X2= 809  Y= 320 Y2= 327 P1= 797 P2= 469 T1=  12 T2=  12  P= 566  D=  -1 * 6
 X= 810 X2= 809  Y= 320 Y2= 326 P1= 797 P2= 470 T1=  12 T2=  13  P= 562  D=  -1 * 7
 X= 811 X2= 809  Y= 319 Y2= 327 P1= 797 P2= 469 T1=  12 T2=  13  P= 566  D=  -1 * 8
 X= 810 X2= 809  Y= 320 Y2= 327 P1= 797 P2= 469 T1=  13 T2=  13  P= 565  D=  -1 * 9
 X= 810 X2= 809  Y= 320 Y2= 326 P1= 797 P2= 470 T1=  13 T2=  12  P= 562  D=  -1 * 10
 X= 810 X2= 811  Y= 320 Y2= 327 P1= 797 P2= 470 T1=  13 T2=  12  P= 562  D=  -1 * 11
 X= 811 X2= 809  Y= 320 Y2= 325 P1= 796 P2= 470 T1=  12 T2=  13  P= 561  D=  -1 * 12
 X= 810 X2= 809  Y= 320 Y2= 327 P1= 797 P2= 470 T1=  12 T2=  13  P= 562  D=  -1 * 13
 X= 809 X2= 810  Y= 320 Y2= 327 P1= 797 P2= 470 T1=  12 T2=  13  P= 562  D=  -1 * 14
 X= 811 X2= 809  Y= 320 Y2= 327 P1= 796 P2= 470 T1=  13 T2=  11  P= 561  D=  -1 * 15
 X= 811 X2= 809  Y= 319 Y2= 324 P1= 797 P2= 470 T1=  13 T2=  13  P= 562  D=  -1 * 16
 X= 811 X2= 809  Y= 320 Y2= 327 P1= 796 P2= 470 T1=  13 T2=  15  P= 561  D=  -1 * 17
 X= 811 X2= 809  Y= 320 Y2= 327 P1= 796 P2= 471 T1=  13 T2=  13  P= 558  D=  -1 * 18
 X= 810 X2= 810  Y= 319 Y2= 327 P1= 797 P2= 470 T1=  12 T2=  13  P= 562  D=  -1 * 19
 X= 811 X2= 809  Y= 320 Y2= 327 P1= 796 P2= 470 T1=  13 T2=  13  P= 561  D=  -1 * 20
 X= 810 X2= 808  Y= 319 Y2= 327 P1= 796 P2= 471 T1=  13 T2=  12  P= 558  D=  -1 * 21
 X= 810 X2= 809  Y= 320 Y2= 327 P1= 797 P2= 471 T1=  13 T2=  13  P= 559  D=  -1 * 22
 X= 810 X2= 809  Y= 320 Y2= 326 P1= 797 P2= 470 T1=  13 T2=  13  P= 562  D=  -1 * 23
 X= 810 X2= 809  Y= 321 Y2= 326 P1= 797 P2= 471 T1=  13 T2=  13  P= 559  D=  -1 * 24
Remove Pin
 X= 810 X2= 809  Y= 320 Y2= 328 P1= 797 P2= 471 T1=  13 T2=  13  P= 559  D=  -1 * 24
 X= 811 X2= 808  Y= 320 Y2= 326 P1= 796 P2= 470 T1=  13 T2=  13  P= 560  D=  -1 * 24
 X= 811 X2= 809  Y= 320 Y2= 326 P1= 796 P2= 471 T1=  13 T2=  13  P= 558  D=  -1 * 24
 X= 810 X2= 809  Y= 320 Y2= 327 P1= 796 P2= 470 T1=  12 T2=  12  P= 560  D=  -1 * 24
 X= 810 X2= 808  Y= 319 Y2= 327 P1= 796 P2= 471 T1=  12 T2=  14  P= 558  D=  -1 * 24
 X= 810 X2= 809  Y= 319 Y2= 327 P1= 797 P2= 471 T1=  13 T2=  13  P= 559  D=  -1 * 24
 X= 810 X2= 809  Y= 320 Y2= 326 P1= 796 P2= 472 T1=  13 T2=  13  P= 554  D=  -1 * 24
 X= 810 X2= 810  Y= 320 Y2= 326 P1= 794 P2= 473 T1=  12 T2=  13  P= 549  D=  -1 * 24
 X= 810 X2= 809  Y= 319 Y2= 326 P1= 795 P2= 473 T1=  13 T2=  12  P= 550  D=  -1 * 24
 X= 811 X2= 809  Y= 320 Y2= 326 P1= 795 P2= 473 T1=  13 T2=  12  P= 550  D=  -1 * 24
 X= 810 X2= 808  Y= 320 Y2= 325 P1= 795 P2= 473 T1=  12 T2=  12  P= 550  D=  -1 * 24
 X= 810 X2= 809  Y= 320 Y2= 326 P1= 795 P2= 474 T1=  12 T2=  13  P= 547  D=  -1 * 24
 X= 810 X2= 810  Y= 321 Y2= 327 P1= 795 P2= 474 T1=  12 T2=  12  P= 548  D=  -1 * 24
 X= 810 X2= 809  Y= 320 Y2= 327 P1= 795 P2= 473 T1=  12 T2=  12  P= 550  D=  -1 * 24
 X= 810 X2= 809  Y= 319 Y2= 326 P1= 795 P2= 474 T1=  13 T2=  12  P= 547  D=  -1 * 24
 X= 810 X2= 809  Y= 319 Y2= 327 P1= 795 P2= 474 T1=  13 T2=  12  P= 547  D=  -1 * 24
 X= 810 X2= 810  Y= 322 Y2= 327 P1= 799 P2= 466 T1=  14 T2=  13  P= 578  D=  -1 * 24
 X= 808 X2= 810  Y= 322 Y2= 329 P1= 803 P2= 458 T1=  14 T2=  14  P= 609  D=  -1 * 24
 X=1012 X2=1015  Y= 992 Y2=1023 P1=1023 P2=   0 T1=1022 T2= 904  P= 609  D=  -1 
 X= 991 X2=1004  Y= 991 Y2=1020 P1=1023 P2=   0 T1=1021 T2= 939  P= 609  D=  -1 
 X= 962 X2=1021  Y= 989 Y2=1023 P1=1023 P2=   0 T1=1021 T2= 928  P= 609  D=  -1 
target state=3 point=456,249
 X=1001 X2= 991  Y= 977 Y2=1021 P1=1023 P2=   0 T1=1023 T2= 930  P= 609  D=  -1 
 X= 947 X2=1020  Y= 977 Y2=1023 P1=1023 P2=   0 T1=1023 T2= 917  P= 609  D=  -1 
 X= 839 X2=1023  Y= 988 Y2=1023 P1=1023 P2=   0 T1=1020 T2= 931  P= 609  D=  -1 
 X= 926 X2=1023  Y= 982 Y2=1021 P1=1023 P2=   0 T1=1020 T2= 926  P= 609  D=  -1 
 X= 974 X2=1022  Y=1023 Y2=1021 P1=1023 P2=   0 T1=1021 T2=1019  P= 609  D=  -1 
 X= 964 X2=1023  Y= 986 Y2=1023 P1=1023 P2=   0 T1=1020 T2= 940  P= 609  D=  -1 
 X= 999 X2=1014  Y= 995 Y2=1023 P1=1023 P2=   0 T1=1023 T2= 918  P= 609  D=  -1 
 X= 989 X2=1013  Y= 971 Y2=1023 P1=1023 P2=   0 T1=1021 T2= 939  P= 609  D=  -1 
 X= 923 X2=1021  Y= 978 Y2=1021 P1=1023 P2=   0 T1=1020 T2= 917  P= 609  D=  -1 
 X= 930 X2=1022  Y= 990 Y2=1020 P1=1023 P2=   0 T1=1018 T2= 926  P= 609  D=  -1 
 X= 957 X2=1023  Y= 984 Y2=1020 P1=1023 P2=   0 T1=1023 T2= 929  P= 609  D=  -1 
 X= 964 X2=1023  Y= 985 Y2=1023 P1=1023 P2=   0 T1=1022 T2= 924  P= 609  D=  -1 
 X= 857 X2=1023  Y= 991 Y2=1020 P1=1023 P2=   0 T1=1022 T2= 945  P= 609  D=  -1 
 X= 910 X2=1021  Y= 984 Y2=1023 P1=1023 P2=   0 T1=1023 T2= 933  P= 609  D=  -1 
 X= 908 X2=1022  Y= 979 Y2=1021 P1=1023 P2=   0 T1=1021 T2= 945  P= 609  D=  -1 
 X= 949 X2=1021  Y= 992 Y2=1023 P1=1023 P2=   0 T1=1021 T2= 912  P= 609  D=  -1 
 X=1023 X2=1009  Y= 988 Y2=1022 P1=1023 P2=   0 T1=1023 T2= 946  P= 609  D=  -1 
 X=1006 X2= 998  Y= 982 Y2=1023 P1=1023 P2=   0 T1=1023 T2= 915  P= 609  D=  -1 
 X= 923 X2=1023  Y= 983 Y2=1023 P1=1023 P2=   0 T1=1021 T2= 940  P= 609  D=  -1 
 X= 894 X2=1023  Y= 983 Y2=1023 P1=1023 P2=   0 T1=1022 T2= 898  P= 609  D=  -1 
 X= 971 X2=1023  Y= 972 Y2=1022 P1=1023 P2=   0 T1=1021 T2= 929  P= 609  D=  -1 
 X= 817 X2=1023  Y= 982 Y2=1023 P1=1023 P2=   0 T1=1023 T2= 934  P= 609  D=  -1 
 X=1023 X2=1012  Y= 986 Y2=1022 P1=1023 P2=   0 T1=1022 T2= 918  P= 609  D=  -1 
 X= 997 X2=1010  Y= 982 Y2=1023 P1=1023 P2=   0 T1=1022 T2= 934  P= 609  D=  -1 
 X= 985 X2=1015  Y= 993 Y2=1023 P1=1023 P2=   0 T1=1023 T2= 911  P= 609  D=  -1 
 X= 969 X2=1023  Y= 987 Y2=1023 P1=1023 P2=   0 T1=1023 T2= 930  P= 609  D=  -1 
 X= 994 X2=1007  Y=1001 Y2=1022 P1=1023 P2=   0 T1=1021 T2= 936  P= 609  D=  -1 
 X=1021 X2=1006  Y= 982 Y2=1021 P1=1023 P2=   0 T1=1021 T2= 935  P= 609  D=  -1 
 X= 973 X2=1023  Y= 983 Y2=1023 P1=1023 P2=   0 T1=1021 T2= 941  P= 609  D=  -1 
 X= 937 X2=1023  Y= 990 Y2=1022 P1=1023 P2=   0 T1=1023 T2= 927  P= 609  D=  -1 
 X= 850 X2=1023  Y= 989 Y2=1020 P1=1023 P2=   0 T1=1021 T2= 937  P= 609  D=  -1 
 X= 841 X2=1023  Y= 993 Y2=1023 P1=1023 P2=   0 T1=1023 T2= 922  P= 609  D=  -1 
 X=1001 X2= 994  Y= 993 Y2=1022 P1=1023 P2=   0 T1=1021 T2= 932  P= 609  D=  -1 
 X= 995 X2=1004  Y= 980 Y2=1020 P1=1023 P2=   0 T1=1023 T2= 953  P= 609  D=  -1 
 X=1023 X2=1002  Y= 976 Y2=1021 P1=1023 P2=   0 T1=1022 T2= 929  P= 609  D=  -1 
 X= 956 X2=1021  Y= 984 Y2=1019 P1=1023 P2=   0 T1=1022 T2= 937  P= 609  D=  -1 
 X= 813 X2=1023  Y= 988 Y2=1023 P1=1023 P2=   0 T1=1020 T2= 925  P= 609  D=  -1 
 X= 925 X2=1023  Y= 991 Y2=1020 P1=1023 P2=   0 T1=1022 T2= 925  P= 609  D=  -1 
 X= 972 X2=1022  Y= 988 Y2=1023 P1=1023 P2=   0 T1=1021 T2= 919  P= 609  D=  -1 
 X= 939 X2=1023  Y= 989 Y2=1020 P1=1023 P2=   0 T1=1022 T2= 929  P= 609  D=  -1 
 X= 871 X2=1023  Y= 986 Y2=1023 P1=1023 P2=   0 T1=1023 T2= 935  P= 609  D=  -1 
 X= 998 X2=1015  Y= 981 Y2=1022 P1=1023 P2=   0 T1=1020 T2= 932  P= 609  D=  -1 
 X= 989 X2=1008  Y= 983 Y2=1023 P1=1023 P2=   0 T1=1019 T2= 933  P= 609  D=  -1 
 X= 958 X2=1023  Y= 979 Y2=1021 P1=1023 P2=   0 T1=1023 T2= 921  P= 609  D=  -1 
 X= 963 X2=1023  Y= 995 Y2=1020 P1=1023 P2=   0 T1=1023 T2= 932  P= 609  D=  -1 
 X= 969 X2=1023  Y= 984 Y2=1020 P1=1023 P2=   0 T1=1023 T2= 931  P= 609  D=  -1 
 X= 825 X2=1023  Y= 988 Y2=1020 P1=1023 P2=   0 T1=1021 T2= 929  P= 609  D=  -1 
 X= 926 X2=1023  Y= 982 Y2=1020 P1=1023 P2=   0 T1=1023 T2= 921  P= 609  D=  -1 
 X= 921 X2=1020  Y= 985 Y2=1021 P1=1023 P2=   0 T1=1023 T2= 924  P= 609  D=  -1 
 X= 901 X2=1023  Y= 989 Y2=1021 P1=1023 P2=   0 T1=1023 T2= 935  P= 609  D=  -1 
 X= 955 X2= 991  Y= 976 Y2=1023 P1=1023 P2=   0 T1=1021 T2= 937  P= 609  D=  -1 
 X=1023 X2=1013  Y= 985 Y2=1021 P1=1023 P2=   0 T1=1021 T2= 912  P= 609  D=  -1 
 X= 893 X2=1023  Y= 986 Y2=1023 P1=1023 P2=   0 T1=1023 T2= 916  P= 609  D=  -1 
 X= 900 X2=1023  Y= 993 Y2=1020 P1=1023 P2=   0 T1=1023 T2= 930  P= 609  D=  -1 
 X=1006 X2=1021  Y= 987 Y2=1023 P1=1023 P2=   0 T1=1023 T2= 931  P= 609  D=  -1 
 X= 915 X2=1023  Y= 987 Y2=1023 P1=1023 P2=   0 T1=1023 T2= 934  P= 609  D=  -1 
 X= 888 X2=1023  Y= 981 Y2=1021 P1=1023 P2=   0 T1=1022 T2= 943  P= 609  D=  -1 
 X= 938 X2=1015  Y= 982 Y2=1022 P1=1023 P2=   0 T1=1020 T2= 936  P= 609  D=  -1 
 X= 883 X2=1021  Y= 996 Y2=1020 P1=1023 P2=   0 T1=1021 T2= 902  P= 609  D=  -1 
 X=1023 X2=1008  Y= 989 Y2=1023 P1=1023 P2=   0 T1=1021 T2= 919  P= 609  D=  -1 
 X=1023 X2=1000  Y= 988 Y2=1021 P1=1023 P2=   0 T1=1020 T2= 926  P= 609  D=  -1 
 X=1023 X2=1015  Y= 984 Y2=1023 P1=1023 P2=   0 T1=1022 T2= 920  P= 609  D=  -1 
 X= 968 X2=1021  Y= 983 Y2=1021 P1=1023 P2=   0 T1=1023 T2= 919  P= 609  D=  -1 
 X= 963 X2=1023  Y= 986 Y2=1023 P1=1023 P2=   0 T1=1023 T2= 914  P= 609  D=  -1 
 X= 937 X2=1023  Y= 989 Y2=1023 P1=1023 P2=   0 T1=1023 T2= 928  P= 609  D=  -1 
 X= 934 X2=1023  Y= 990 Y2=1019 P1=1023 P2=   0 T1=1022 T2= 941  P= 609  D=  -1 
 X= 807 X2= 809  Y= 714 Y2= 718 P1= 905 P2= 553 T1=  12 T2=  12  P= 513  D=  -1 * 0
 X= 891 X2=1018  Y= 978 Y2=1022 P1=1023 P2=   0 T1=1022 T2= 940  P= 513  D=  -1 
 X= 900 X2=1021  Y= 995 Y2=1021 P1=1023 P2=   0 T1=1021 T2= 923  P= 513  D=  -1 
 X=1023 X2= 990  Y= 987 Y2=1021 P1=1023 P2=   0 T1=1021 T2= 931  P= 513  D=  -1 
 X=1018 X2=1014  Y= 987 Y2=1022 P1=1023 P2=   0 T1=1020 T2= 930  P= 513  D=  -1 
 X= 808 X2= 809  Y= 713 Y2= 717 P1= 908 P2= 537 T1=  13 T2=  13  P= 557  D=  -1 * 0
 X= 810 X2= 812  Y= 715 Y2= 720 P1= 921 P2= 478 T1=  20 T2=  18  P= 750  D=  -1 * 0
 X= 808 X2= 810  Y= 713 Y2= 717 P1= 910 P2= 526 T1=  12 T2=  13  P= 590  D=  -1 * 0
 X= 809 X2= 810  Y= 713 Y2= 716 P1= 910 P2= 528 T1=  14 T2=  14  P= 584  D=  -1 * 1
 X= 808 X2= 810  Y= 713 Y2= 717 P1= 910 P2= 528 T1=  13 T2=  13  P= 584  D=  -1 * 2
 X= 808 X2= 809  Y= 712 Y2= 717 P1= 910 P2= 529 T1=  13 T2=  13  P= 581  D=  -1 * 3
 X= 808 X2= 808  Y= 713 Y2= 718 P1= 910 P2= 530 T1=  13 T2=  13  P= 578  D=  -1 * 4
 X= 808 X2= 809  Y= 713 Y2= 717 P1= 909 P2= 530 T1=  13 T2=  13  P= 577  D=  -1 * 5
 X= 808 X2= 809  Y= 712 Y2= 717 P1= 909 P2= 530 T1=  12 T2=  13  P= 577  D=  -1 * 6
 X= 808 X2= 808  Y= 713 Y2= 719 P1= 910 P2= 530 T1=  13 T2=  13  P= 578  D=  -1 * 7
 X= 808 X2= 809  Y= 713 Y2= 717 P1= 910 P2= 530 T1=  14 T2=  13  P= 578  D=  -1 * 8
 X= 808 X2= 810  Y= 713 Y2= 717 P1= 910 P2= 530 T1=  13 T2=  13  P= 579  D=  -1 * 9
 X= 808 X2= 809  Y= 713 Y2= 718 P1= 909 P2= 531 T1=  13 T2=  12  P= 574  D=  -1 * 10
 X= 808 X2= 809  Y= 713 Y2= 717 P1= 909 P2= 531 T1=  14 T2=  13  P= 574  D=  -1 * 11
 X= 808 X2= 810  Y= 713 Y2= 717 P1= 909 P2= 532 T1=  13 T2=  13  P= 572  D=  -1 * 12
 X= 808 X2= 811  Y= 713 Y2= 717 P1= 910 P2= 531 T1=  13 T2=  13  P= 576  D=  -1 * 13
 X= 808 X2= 809  Y= 713 Y2= 717 P1= 909 P2= 532 T1=  15 T2=  13  P= 572  D=  -1 * 14
 X= 807 X2= 806  Y= 712 Y2= 717 P1= 907 P2= 531 T1=  13 T2=  12  P= 570  D=  -1 * 15
 X= 808 X2= 809  Y= 714 Y2= 717 P1= 908 P2= 532 T1=  13 T2=  13  P= 570  D=  -1 * 16
 X= 808 X2= 809  Y= 713 Y2= 717 P1= 910 P2= 531 T1=  14 T2=  14  P= 576  D=  -1 * 17
 X= 808 X2= 810  Y= 713 Y2= 717 P1= 910 P2= 532 T1=  13 T2=  13  P= 574  D=  -1 * 18
 X= 809 X2= 809  Y= 713 Y2= 717 P1= 909 P2= 533 T1=  13 T2=  11  P= 570  D=  -1 * 19
 X= 808 X2= 809  Y= 713 Y2= 717 P1= 910 P2= 533 T1=  13 T2=  13  P= 571  D=  -1 * 20
 X= 808 X2= 809  Y= 713 Y2= 720 P1= 910 P2= 532 T1=  13 T2=  14  P= 573  D=  -1 * 21
 X= 806 X2= 810  Y= 712 Y2= 717 P1= 909 P2= 533 T1=  13 T2=  13  P= 569  D=  -1 * 22
 X= 809 X2= 810  Y= 712 Y2= 717 P1= 909 P2= 533 T1=  13 T2=  13  P= 570  D=  -1 * 23
 X= 808 X2= 809  Y= 713 Y2= 717 P1= 909 P2= 533 T1=  13 T2=  13  P= 569  D=  -1 * 24
Remove Pin
 X= 808 X2= 809  Y= 712 Y2= 717 P1= 909 P2= 532 T1=  14 T2=  13  P= 572  D=  -1 * 24
 X= 808 X2= 809  Y= 713 Y2= 715 P1= 909 P2= 532 T1=  13 T2=  13  P= 572  D=  -1 * 24
 X= 808 X2= 809  Y= 713 Y2= 716 P1= 910 P2= 533 T1=  13 T2=  12  P= 571  D=  -1 * 24
 X= 808 X2= 809  Y= 712 Y2= 718 P1= 909 P2= 533 T1=  13 T2=  12  P= 569  D=  -1 * 24
 X= 807 X2= 810  Y= 712 Y2= 716 P1= 908 P2= 533 T1=  13 T2=  13  P= 568  D=  -1 * 24
 X= 808 X2= 809  Y= 713 Y2= 716 P1= 909 P2= 533 T1=  13 T2=  13  P= 569  D=  -1 * 24
 X= 808 X2= 809  Y= 713 Y2= 717 P1= 910 P2= 533 T1=  13 T2=  13  P= 571  D=  -1 * 24
 X= 808 X2= 809  Y= 713 Y2= 717 P1= 910 P2= 533 T1=  13 T2=  13  P= 571  D=  -1 * 24
 X= 808 X2= 810  Y= 712 Y2= 717 P1= 909 P2= 533 T1=  15 T2=  13  P= 570  D=  -1 * 24
 X= 807 X2= 808  Y= 712 Y2= 717 P1= 907 P2= 534 T1=  14 T2=  13  P= 563  D=  -1 * 24
 X= 808 X2= 809  Y= 713 Y2= 716 P1= 909 P2= 533 T1=  13 T2=  13  P= 569  D=  -1 * 24
 X= 808 X2= 809  Y= 713 Y2= 717 P1= 910 P2= 533 T1=  13 T2=  14  P= 571  D=  -1 * 24
 X= 808 X2= 809  Y= 713 Y2= 717 P1= 909 P2= 533 T1=  13 T2=  13  P= 569  D=  -1 * 24
 X= 808 X2= 809  Y= 713 Y2= 717 P1= 909 P2= 534 T1=  12 T2=  13  P= 567  D=  -1 * 24
 X= 808 X2= 810  Y= 712 Y2= 717 P1= 909 P2= 533 T1=  13 T2=  13  P= 570  D=  -1 * 24
 X= 808 X2= 809  Y= 712 Y2= 717 P1= 909 P2= 534 T1=  13 T2=  13  P= 567  D=  -1 * 24
 X= 808 X2= 809  Y= 713 Y2= 717 P1= 909 P2= 534 T1=  13 T2=  13  P= 567  D=  -1 * 24
 X= 808 X2= 809  Y= 713 Y2= 716 P1= 908 P2= 535 T1=  13 T2=  13  P= 563  D=  -1 * 24
 X= 808 X2= 809  Y= 713 Y2= 717 P1= 908 P2= 536 T1=  13 T2=  12  P= 560  D=  -1 * 24
 X= 809 X2= 809  Y= 713 Y2= 717 P1= 908 P2= 540 T1=  15 T2=  13  P= 550  D=  -1 * 24
 X= 808 X2= 809  Y= 713 Y2= 717 P1= 908 P2= 537 T1=  12 T2=  13  P= 557  D=  -1 * 24
 X= 809 X2= 810  Y= 713 Y2= 718 P1= 917 P2= 492 T1=  15 T2=  17  P= 698  D=  -1 * 24
 X=1002 X2= 994  Y= 983 Y2=1022 P1=1023 P2=   0 T1=1023 T2= 938  P= 698  D=  -1 
 X= 995 X2=1019  Y= 981 Y2=1021 P1=1023 P2=   0 T1=1019 T2= 928  P= 698  D=  -1 
 X= 958 X2=1023  Y= 989 Y2=1021 P1=1023 P2=   0 T1=1022 T2= 928  P= 698  D=  -1 
target state=4 point=23,249
 X= 965 X2=1011  Y= 981 Y2=1023 P1=1023 P2=   0 T1=1023 T2= 898  P= 698  D=  -1 
 X=1023 X2=1013  Y= 984 Y2=1023 P1=1023 P2=   0 T1=1023 T2= 939  P= 698  D=  -1 
 X= 938 X2=1023  Y= 989 Y2=1020 P1=1023 P2=   0 T1=1022 T2= 938  P= 698  D=  -1 
 X= 958 X2=1023  Y= 981 Y2=1023 P1=1023 P2=   0 T1=1019 T2= 927  P= 698  D=  -1 
 X=1007 X2=1016  Y= 993 Y2=1021 P1=1023 P2=   0 T1=1023 T2= 929  P= 698  D=  -1 
 X= 924 X2=1023  Y= 989 Y2=1023 P1=1023 P2=   0 T1=1023 T2= 938  P= 698  D=  -1 
 X= 937 X2=1023  Y= 987 Y2=1021 P1=1023 P2=   0 T1=1023 T2= 909  P= 698  D=  -1 
 X= 880 X2=1020  Y= 984 Y2=1021 P1=1023 P2=   0 T1=1022 T2= 929  P= 698  D=  -1 
 X= 903 X2=1021  Y= 992 Y2=1023 P1=1023 P2=   0 T1=1019 T2= 919  P= 698  D=  -1 
 X= 969 X2=1005  Y= 981 Y2=1020 P1=1023 P2=   0 T1=1023 T2= 930  P= 698  D=  -1 
 X=1023 X2= 998  Y= 996 Y2=1021 P1=1023 P2=   0 T1=1023 T2= 929  P= 698  D=  -1 
 X= 868 X2=1023  Y= 989 Y2=1020 P1=1023 P2=   0 T1=1020 T2= 934  P= 698  D=  -1 
 X= 913 X2=1023  Y= 986 Y2=1020 P1=1023 P2=   0 T1=1021 T2= 932  P= 698  D=  -1 
 X= 997 X2=1016  Y= 990 Y2=1023 P1=1023 P2=   0 T1=1021 T2= 926  P= 698  D=  -1 
 X= 940 X2=1023  Y= 991 Y2=1021 P1=1023 P2=   0 T1=1022 T2= 936  P= 698  D=  -1 
 X= 859 X2=1023  Y= 981 Y2=1023 P1=1023 P2=   0 T1=1021 T2= 933  P= 698  D=  -1 
 X= 980 X2=1015  Y= 988 Y2=1023 P1=1023 P2=   0 T1=1019 T2= 929  P= 698  D=  -1 
 X= 990 X2=1017  Y= 980 Y2=1022 P1=1023 P2=   0 T1=1021 T2= 925  P= 698  D=  -1 
 X= 937 X2=1023  Y= 984 Y2=1019 P1=1023 P2=   0 T1=1022 T2= 924  P= 698  D=  -1 
 X= 961 X2=1023  Y= 984 Y2=1022 P1=1023 P2=   0 T1=1023 T2= 930  P= 698  D=  -1 
 X= 959 X2=1023  Y= 992 Y2=1023 P1=1023 P2=   0 T1=1023 T2= 930  P= 698  D=  -1 
 X= 909 X2=1023  Y= 990 Y2=1022 P1=1023 P2=   0 T1=1021 T2= 912  P= 698  D=  -1 
 X= 910 X2=1023  Y= 983 Y2=1023 P1=1023 P2=   0 T1=1022 T2= 927  P= 698  D=  -1 
 X= 793 X2=1023  Y= 983 Y2=1018 P1=1023 P2=   0 T1=1023 T2= 919  P= 698  D=  -1 
 X= 962 X2=1023  Y= 988 Y2=1023 P1=1023 P2=   0 T1=1023 T2= 937  P= 698  D=  -1 
 X=1023 X2= 998  Y= 982 Y2=1021 P1=1023 P2=   0 T1=1021 T2= 914  P= 698  D=  -1 
 X=1013 X2= 996  Y= 994 Y2=1020 P1=1023 P2=   0 T1=1023 T2= 930  P= 698  D=  -1 
 X= 916 X2=1023  Y= 987 Y2=1023 P1=1023 P2=   0 T1=1022 T2= 909  P= 698  D=  -1 
 X= 952 X2=1023  Y= 985 Y2=1020 P1=1023 P2=   0 T1=1023 T2= 932  P= 698  D=  -1 
 X= 956 X2=1023  Y= 984 Y2=1022 P1=1023 P2=   0 T1=1022 T2= 970  P= 698  D=  -1 
 X= 927 X2=1023  Y= 981 Y2=1020 P1=1023 P2=   0 T1=1022 T2= 934  P= 698  D=  -1 
 X= 952 X2=1015  Y= 988 Y2=1021 P1=1023 P2=   0 T1=1023 T2= 948  P= 698  D=  -1 
 X= 988 X2=1014  Y= 985 Y2=1021 P1=1023 P2=   0 T1=1021 T2= 928  P= 698  D=  -1 
 X= 864 X2=1019  Y= 991 Y2=1023 P1=1023 P2=   0 T1=1021 T2= 936  P= 698  D=  -1 
 X= 958 X2=1022  Y= 978 Y2=1020 P1=1023 P2=   0 T1=1023 T2= 929  P= 698  D=  -1 
 X=1023 X2=1009  Y= 979 Y2=1023 P1=1023 P2=   0 T1=1018 T2= 916  P= 698  D=  -1 
 X= 952 X2=1022  Y= 980 Y2=1023 P1=1023 P2=   0 T1=1023 T2= 925  P= 698  D=  -1 
 X= 962 X2= 990  Y= 992 Y2=1023 P1=1023 P2=   0 T1=1023 T2= 911  P= 698  D=  -1 
 X= 957 X2=1021  Y= 982 Y2=1019 P1=1023 P2=   0 T1=1023 T2= 936  P= 698  D=  -1 
 X= 957 X2=1021  Y= 992 Y2=1021 P1=1023 P2=   0 T1=1023 T2= 931  P= 698  D=  -1 
 X= 863 X2=1023  Y= 985 Y2=1022 P1=1023 P2=   0 T1=1021 T2= 916  P= 698  D=  -1 
 X= 851 X2=1015  Y=1003 Y2=1022 P1=1023 P2=   0 T1=1023 T2= 996  P= 698  D=  -1 
 X= 790 X2=1023  Y= 983 Y2=1019 P1=1023 P2=   0 T1=1023 T2= 918  P= 698  D=  -1 
 X= 941 X2=1021  Y=1006 Y2=1023 P1=1023 P2=   0 T1=1023 T2= 930  P= 698  D=  -1 
 X=1015 X2=1002  Y= 984 Y2=1022 P1=1023 P2=   0 T1=1022 T2= 924  P= 698  D=  -1 
 X=1020 X2=1015  Y= 984 Y2=1023 P1=1023 P2=   0 T1=1023 T2= 939  P= 698  D=  -1 
 X= 890 X2=1023  Y= 994 Y2=1020 P1=1023 P2=   0 T1=1023 T2= 945  P= 698  D=  -1 
 X= 945 X2=1023  Y= 979 Y2=1023 P1=1023 P2=   0 T1=1021 T2= 935  P= 698  D=  -1 
 X= 905 X2=1020  Y= 986 Y2=1023 P1=1023 P2=   0 T1=1023 T2= 931  P= 698  D=  -1 
 X= 951 X2=1023  Y= 977 Y2=1022 P1=1023 P2=   0 T1=1020 T2= 919  P= 698  D=  -1 
 X=1006 X2= 999  Y= 993 Y2=1020 P1=1023 P2=   0 T1=1021 T2= 921  P= 698  D=  -1 
 X= 885 X2=1020  Y= 979 Y2=1023 P1=1023 P2=   0 T1=1023 T2= 935  P= 698  D=  -1 
 X= 985 X2=1014  Y= 994 Y2=1023 P1=1023 P2=   0 T1=1023 T2= 934  P= 698  D=  -1 
 X= 959 X2= 998  Y= 994 Y2=1021 P1=1023 P2=   0 T1=1022 T2= 941  P= 698  D=  -1 
 X= 990 X2=1016  Y= 987 Y2=1023 P1=1023 P2=   0 T1=1020 T2= 940  P= 698  D=  -1 
 X= 911 X2=1023  Y= 983 Y2=1019 P1=1023 P2=   0 T1=1022 T2= 917  P= 698  D=  -1 
 X= 949 X2=1020  Y= 989 Y2=1020 P1=1023 P2=   0 T1=1021 T2= 941  P= 698  D=  -1 
 X= 952 X2=1023  Y= 987 Y2=1020 P1=1023 P2=   0 T1=1022 T2= 933  P= 698  D=  -1 
 X= 878 X2=1023  Y= 979 Y2=1019 P1=1023 P2=   0 T1=1023 T2= 918  P= 698  D=  -1 
 X= 232 X2= 235  Y= 713 Y2= 708 P1= 840 P2= 225 T1=  19 T2=  21  P= 636  D=  -1 * 0
 X= 234 X2= 236  Y= 713 Y2= 709 P1= 840 P2= 225 T1=  21 T2=  20  P= 642  D=  -1 * 0
 X= 233 X2= 237  Y= 713 Y2= 709 P1= 841 P2= 226 T1=  20 T2=  21  P= 639  D=  -1 * 0
 X= 233 X2= 235  Y= 712 Y2= 709 P1= 841 P2= 225 T1=  21 T2=  21  P= 640  D=  -1 * 0
 X= 234 X2= 236  Y= 714 Y2= 708 P1= 840 P2= 227 T1=  21 T2=  21  P= 634  D=  -1 * 1
 X= 233 X2= 236  Y= 712 Y2= 708 P1= 839 P2= 227 T1=  19 T2=  21  P= 630  D=  -1 * 2
 X= 234 X2= 236  Y= 713 Y2= 708 P1= 839 P2= 227 T1=  21 T2=  20  P= 633  D=  -1 * 3
 X= 233 X2= 236  Y= 710 Y2= 708 P1= 839 P2= 227 T1=  20 T2=  21  P= 630  D=  -1 * 4
 X= 233 X2= 236  Y= 713 Y2= 709 P1= 839 P2= 227 T1=  21 T2=  20  P= 630  D=  -1 * 5
 X= 232 X2= 236  Y= 711 Y2= 709 P1= 839 P2= 227 T1=  20 T2=  20  P= 630  D=  -1 * 6
 X= 233 X2= 236  Y= 712 Y2= 708 P1= 839 P2= 227 T1=  20 T2=  21  P= 630  D=  -1 * 7
 X= 233 X2= 235  Y= 712 Y2= 708 P1= 838 P2= 228 T1=  21 T2=  20  P= 625  D=  -1 * 8
 X= 233 X2= 235  Y= 713 Y2= 708 P1= 838 P2= 227 T1=  20 T2=  21  P= 629  D=  -1 * 9
 X= 233 X2= 236  Y= 713 Y2= 708 P1= 838 P2= 228 T1=  21 T2=  20  P= 625  D=  -1 * 10
 X= 233 X2= 236  Y= 712 Y2= 708 P1= 839 P2= 228 T1=  20 T2=  21  P= 626  D=  -1 * 11
 X= 233 X2= 236  Y= 712 Y2= 706 P1= 839 P2= 228 T1=  21 T2=  20  P= 626  D=  -1 * 12
 X= 234 X2= 236  Y= 713 Y2= 709 P1= 839 P2= 228 T1=  21 T2=  21  P= 629  D=  -1 * 13
 X= 232 X2= 236  Y= 711 Y2= 708 P1= 838 P2= 228 T1=  22 T2=  20  P= 625  D=  -1 * 14
 X= 232 X2= 236  Y= 712 Y2= 708 P1= 838 P2= 228 T1=  20 T2=  20  P= 625  D=  -1 * 15
 X= 234 X2= 236  Y= 712 Y2= 709 P1= 839 P2= 228 T1=  18 T2=  21  P= 629  D=  -1 * 16
 X= 233 X2= 235  Y= 712 Y2= 708 P1= 838 P2= 228 T1=  19 T2=  20  P= 625  D=  -1 * 17
 X= 234 X2= 235  Y= 710 Y2= 708 P1= 838 P2= 228 T1=  21 T2=  21  P= 625  D=  -1 * 18
 X= 233 X2= 236  Y= 713 Y2= 708 P1= 838 P2= 228 T1=  21 T2=  21  P= 625  D=  -1 * 19
 X= 233 X2= 235  Y= 713 Y2= 709 P1= 839 P2= 228 T1=  20 T2=  20  P= 626  D=  -1 * 20
 X= 233 X2= 236  Y= 713 Y2= 707 P1= 839 P2= 228 T1=  21 T2=  21  P= 626  D=  -1 * 21
 X= 236 X2= 236  Y= 712 Y2= 707 P1= 838 P2= 228 T1=  20 T2=  20  P= 631  D=  -1 * 22
 X= 233 X2= 236  Y= 712 Y2= 708 P1= 838 P2= 228 T1=  20 T2=  20  P= 625  D=  -1 * 23
 X= 233 X2= 236  Y= 712 Y2= 708 P1= 839 P2= 228 T1=  21 T2=  21  P= 626  D=  -1 * 24
Remove Pin
 X= 234 X2= 236  Y= 713 Y2= 708 P1= 839 P2= 228 T1=  21 T2=  20  P= 629  D=  -1 * 24
 X= 233 X2= 236  Y= 712 Y2= 708 P1= 838 P2= 228 T1=  20 T2=  20  P= 625  D=  -1 * 24
 X= 233 X2= 236  Y= 713 Y2= 709 P1= 838 P2= 228 T1=  21 T2=  20  P= 625  D=  -1 * 24
 X= 233 X2= 235  Y= 712 Y2= 708 P1= 839 P2= 228 T1=  20 T2=  20  P= 626  D=  -1 * 24
 X= 234 X2= 235  Y= 713 Y2= 708 P1= 838 P2= 228 T1=  20 T2=  20  P= 625  D=  -1 * 24
 X= 233 X2= 236  Y= 712 Y2= 708 P1= 839 P2= 228 T1=  21 T2=  20  P= 626  D=  -1 * 24
 X= 233 X2= 236  Y= 713 Y2= 708 P1= 838 P2= 228 T1=  21 T2=  20  P= 625  D=  -1 * 24
 X= 233 X2= 236  Y= 713 Y2= 708 P1= 838 P2= 228 T1=  21 T2=  18  P= 625  D=  -1 * 24
 X= 233 X2= 236  Y= 713 Y2= 708 P1= 838 P2= 227 T1=  21 T2=  20  P= 629  D=  -1 * 24
 X= 233 X2= 235  Y= 712 Y2= 708 P1= 839 P2= 228 T1=  20 T2=  22  P= 626  D=  -1 * 24
 X= 233 X2= 236  Y= 712 Y2= 708 P1= 839 P2= 228 T1=  20 T2=  20  P= 626  D=  -1 * 24
 X= 234 X2= 236  Y= 714 Y2= 708 P1= 837 P2= 228 T1=  21 T2=  21  P= 627  D=  -1 * 24
 X= 233 X2= 237  Y= 713 Y2= 708 P1= 837 P2= 228 T1=  21 T2=  21  P= 627  D=  -1 * 24
 X= 234 X2= 235  Y= 712 Y2= 708 P1= 838 P2= 227 T1=  20 T2=  21  P= 629  D=  -1 * 24
 X= 233 X2= 235  Y= 713 Y2= 708 P1= 838 P2= 228 T1=  21 T2=  20  P= 625  D=  -1 * 24
 X= 233 X2= 235  Y= 712 Y2= 708 P1= 839 P2= 228 T1=  21 T2=  20  P= 626  D=  -1 * 24
 X= 233 X2= 236  Y= 713 Y2= 708 P1= 839 P2= 228 T1=  21 T2=  20  P= 626  D=  -1 * 24
 X= 234 X2= 236  Y= 714 Y2= 709 P1= 838 P2= 228 T1=  20 T2=  20  P= 628  D=  -1 * 24
 X= 234 X2= 236  Y= 712 Y2= 709 P1= 839 P2= 229 T1=  20 T2=  20  P= 625  D=  -1 * 24
 X= 232 X2= 236  Y= 713 Y2= 708 P1= 838 P2= 227 T1=  20 T2=  21  P= 629  D=  -1 * 24
 X= 238 X2= 235  Y= 712 Y2= 709 P1= 838 P2= 228 T1=  21 T2=  21  P= 631  D=  -1 * 24
 X= 234 X2= 234  Y= 713 Y2= 708 P1= 837 P2= 228 T1=  20 T2=  21  P= 625  D=  -1 * 24
 X= 233 X2= 236  Y= 713 Y2= 707 P1= 839 P2= 228 T1=  21 T2=  20  P= 626  D=  -1 * 24
 X= 233 X2= 234  Y= 713 Y2= 708 P1= 839 P2= 228 T1=  21 T2=  21  P= 624  D=  -1 * 24
 X= 233 X2= 236  Y= 713 Y2= 708 P1= 839 P2= 228 T1=  20 T2=  21  P= 626  D=  -1 * 24
 X= 234 X2= 236  Y= 712 Y2= 708 P1= 839 P2= 228 T1=  21 T2=  20  P= 629  D=  -1 * 24
 X= 233 X2= 236  Y= 713 Y2= 708 P1= 838 P2= 228 T1=  21 T2=  21  P= 625  D=  -1 * 24
 X= 233 X2= 236  Y= 713 Y2= 708 P1= 838 P2= 228 T1=  20 T2=  20  P= 625  D=  -1 * 24
 X= 231 X2= 236  Y= 713 Y2= 708 P1= 838 P2= 227 T1=  20 T2=  21  P= 627  D=  -1 * 24
 X= 233 X2= 235  Y= 713 Y2= 708 P1= 838 P2= 227 T1=  21 T2=  20  P= 629  D=  -1 * 24
 X= 233 X2= 235  Y= 713 Y2= 708 P1= 838 P2= 228 T1=  21 T2=  21  P= 625  D=  -1 * 24
 X= 233 X2= 237  Y= 713 Y2= 710 P1= 838 P2= 229 T1=  21 T2=  21  P= 624  D=  -1 * 24
 X= 233 X2= 236  Y= 713 Y2= 708 P1= 839 P2= 228 T1=  19 T2=  21  P= 626  D=  -1 * 24
 X= 233 X2= 235  Y= 713 Y2= 708 P1= 838 P2= 228 T1=  20 T2=  21  P= 625  D=  -1 * 24
 X= 233 X2= 236  Y= 712 Y2= 708 P1= 838 P2= 229 T1=  21 T2=  20  P= 622  D=  -1 * 24
 X= 231 X2= 236  Y= 712 Y2= 708 P1= 838 P2= 228 T1=  20 T2=  20  P= 623  D=  -1 * 24
 X= 233 X2= 236  Y= 712 Y2= 708 P1= 838 P2= 228 T1=  21 T2=  21  P= 625  D=  -1 * 24
 X= 233 X2= 236  Y= 712 Y2= 708 P1= 838 P2= 228 T1=  20 T2=  22  P= 625  D=  -1 * 24
 X= 233 X2= 236  Y= 713 Y2= 709 P1= 838 P2= 228 T1=  21 T2=  21  P= 625  D=  -1 * 24
 X= 233 X2= 235  Y= 713 Y2= 708 P1= 836 P2= 230 T1=  20 T2=  20  P= 616  D=  -1 * 24
 X= 233 X2= 238  Y= 713 Y2= 710 P1= 863 P2= 196 T1=  21 T2=  25  P= 799  D=  -1 * 24
 X= 962 X2=1023  Y= 983 Y2=1021 P1=1023 P2=   0 T1=1022 T2= 925  P= 799  D=  -1 
 X= 929 X2=1023  Y= 985 Y2=1020 P1=1023 P2=   0 T1=1020 T2= 931  P= 799  D=  -1 
 X= 949 X2=1014  Y= 986 Y2=1023 P1=1023 P2=   0 T1=1021 T2= 925  P= 799  D=  -1 
Target Noise  x= 2.50 y= 2.50
X[0]: Target=240   523/ 524/ 525 Stdev= 0.46 N= 24  Y[0]: Target=136   519/ 519/ 523 Stdev= 0.82 N= 24
X[1]: Target= 23   233/ 234/ 235 Stdev= 0.43 N= 24  Y[1]: Target= 22   319/ 320/ 322 Stdev= 0.61 N= 24
X[2]: Target=456   809/ 810/ 810 Stdev= 0.49 N= 24  Y[2]: Target= 22   321/ 323/ 323 Stdev= 0.43 N= 24
X[3]: Target=456   806/ 808/ 809 Stdev= 0.66 N= 24  Y[3]: Target=249   714/ 715/ 716 Stdev= 0.54 N= 24
X[4]: Target= 23   234/ 234/ 236 Stdev= 0.51 N= 24  Y[4]: Target=249   709/ 710/ 711 Stdev= 0.60 N= 24
N=24 Avg=16
min: 15 16 16 16 16 16 
max: 18 17 17 17 17 17 
N=24 Avg=19
min: 19 19 19 19 19 20 
max: 20 20 20 20 20 20 
N=24 Avg=12
min: 12 12 12 12 12 12 
max: 14 13 13 13 13 13 
N=24 Avg=12
min: 12 12 12 12 12 13 
max: 14 14 14 13 13 13 
N=24 Avg=20
min: 19 19 20 20 20 20 
max: 21 21 21 21 21 21 
Using TNT center offset = 17
TNT Plane Coef: a= -855 b=   83 c= 390590
At  523, 519: Real=  17 Fit=  17 Offset=   0
At  234, 320: Real=  20 Fit=  20 Offset=   3
At  809, 322: Real=  13 Fit=  14 Offset=  -3
At  808, 714: Real=  13 Fit=  14 Offset=  -3
At  234, 709: Real=  21 Fit=  21 Offset=   4
Fit Points: 17, 23, 11, 12, 24,  center: 17
Setting for min_tnt_up:   520
Setting for max_tnt_down: 22 (V2:33)
Entering calib_pressure_mfg
Using default pressure curve
468 471 487 495 509 524 553 575 612 
Summary:
Setting for max_tnt_down:      22
3.7 setting for max_tnt_down:     -1
Setting for min_tnt_up:       520
Setting for max_delta_tnt:      5
3.8 setting for max_delta_tnt:     -1
Setting for delay_in_us:        1
Setting for y_delay_in_us:      1
Setting for tnt_delay_in_us:    1
Setting for pressure_curve:  468 471 487 495 509 524 553 575 612
Setting for tnt_mode:           1
Setting for averaging:         -1
Setting for pointercal:      49351 0 -10040913 -133 38243 -10764960 65536
Setting for tnt_plane:       -855 83 390590
