new-calib: New touch screen calibration program v3.12
Serial Number='15061E00010B06020102'
Using tnt_mode=1
Setting for delay_in_us:        1
Setting for y_delay_in_us:      1
Setting for tnt_delay_in_us:    1
Setting for max_delta_tnt:      5
Setting for tnt_mode:           1
Setting for averaging:         -1
Entering get_five_points
target_noise  x= 2.50 y= 2.50 t= 2.50
target state=0 point=240,136
 X= 828 X2=1023  Y=  -1 Y2=1023 P1=  -1 P2=  -1 T1=1019 T2= 914  P=  -1  D=  -1 
 X= 947 X2=1023  Y= 992 Y2=1022 P1=  -1 P2=  -1 T1=1023 T2= 933  P=  -1  D=  -1 
 X= 849 X2=1023  Y= 998 Y2=1018 P1=  -1 P2=  -1 T1=1020 T2= 939  P=  -1  D=  -1 
 X= 984 X2=1015  Y= 976 Y2=1018 P1=1022 P2=  -1 T1=1019 T2= 943  P=  -1  D=  -1 
 X= 964 X2=1023  Y= 976 Y2=1019 P1=1023 P2=  -1 T1=1020 T2= 927  P=  -1  D=  -1 
 X= 955 X2=1023  Y= 984 Y2=1018 P1=1023 P2=  -1 T1=1020 T2= 930  P=  -1  D=  -1 
 X=1023 X2=1015  Y= 984 Y2=1023 P1=1023 P2=  -1 T1=1019 T2= 929  P=  -1  D=  -1 
 X= 861 X2=1023  Y= 987 Y2=1023 P1=1023 P2=  -1 T1=1020 T2= 927  P=  -1  D=  -1 
 X= 900 X2=1023  Y= 994 Y2=1018 P1=1023 P2=  -1 T1=1023 T2= 936  P=  -1  D=  -1 
 X=1023 X2=1012  Y= 976 Y2=1019 P1=1023 P2=  -1 T1=1021 T2= 910  P=  -1  D=  -1 
 X= 952 X2=1023  Y= 977 Y2=1023 P1=1023 P2=  -1 T1=1023 T2= 960  P=  -1  D=  -1 
 X= 972 X2=1023  Y= 987 Y2=1023 P1=1023 P2=  -1 T1=1020 T2= 930  P=  -1  D=  -1 
 X=1023 X2=1003  Y= 984 Y2=1023 P1=1023 P2=  -1 T1=1019 T2= 917  P=  -1  D=  -1 
 X= 991 X2=1019  Y= 985 Y2=1023 P1=1023 P2=  -1 T1=1023 T2= 909  P=  -1  D=  -1 
 X= 916 X2=1022  Y= 981 Y2=1019 P1=1023 P2=  -1 T1=1020 T2= 917  P=  -1  D=  -1 
 X= 969 X2=1019  Y= 994 Y2=1023 P1=1023 P2=  -1 T1=1019 T2= 916  P=  -1  D=  -1 
 X= 959 X2=1023  Y= 981 Y2=1019 P1=1023 P2=  -1 T1=1019 T2= 910  P=  -1  D=  -1 
 X= 836 X2=1023  Y= 985 Y2=1023 P1=1023 P2=  -1 T1=1020 T2= 933  P=  -1  D=  -1 
 X= 892 X2=1023  Y= 978 Y2=1023 P1=1023 P2=  -1 T1=1020 T2= 925  P=  -1  D=  -1 
 X= 984 X2=1014  Y= 976 Y2=1020 P1=1023 P2=  -1 T1=1023 T2= 924  P=  -1  D=  -1 
 X= 885 X2=1023  Y= 983 Y2=1023 P1=1023 P2=  -1 T1=1023 T2= 931  P=  -1  D=  -1 
 X=1023 X2= 992  Y= 981 Y2=1023 P1=1023 P2=  -1 T1=1023 T2= 909  P=  -1  D=  -1 
 X=1012 X2=1015  Y= 973 Y2=1019 P1=1023 P2=  -1 T1=1021 T2= 936  P=  -1  D=  -1 
 X= 942 X2=1023  Y= 992 Y2=1019 P1=1023 P2=  -1 T1=1021 T2= 905  P=  -1  D=  -1 
 X= 968 X2= 989  Y=1000 Y2=1019 P1=1023 P2=  -1 T1=1023 T2= 945  P=  -1  D=  -1 
 X= 972 X2=1012  Y= 994 Y2=1023 P1=1023 P2=  -1 T1=1023 T2= 947  P=  -1  D=  -1 
 X= 940 X2=1023  Y= 993 Y2=1023 P1=1023 P2=  -1 T1=1023 T2= 907  P=  -1  D=  -1 
 X= 945 X2=1023  Y= 991 Y2=1020 P1=1023 P2=  -1 T1=1023 T2= 929  P=  -1  D=  -1 
 X= 994 X2=1006  Y= 975 Y2=1023 P1=1023 P2=  -1 T1=1020 T2= 924  P=  -1  D=  -1 
 X= 986 X2=1013  Y= 979 Y2=1020 P1=1023 P2=  -1 T1=1023 T2= 926  P=  -1  D=  -1 
 X= 942 X2=1023  Y= 988 Y2=1023 P1=1023 P2=  -1 T1=1020 T2= 932  P=  -1  D=  -1 
 X= 955 X2=1022  Y= 989 Y2=1023 P1=1023 P2=  -1 T1=1020 T2= 936  P=  -1  D=  -1 
 X=1023 X2=1015  Y= 976 Y2=1018 P1=1023 P2=  -1 T1=1023 T2= 919  P=  -1  D=  -1 
 X= 926 X2=1023  Y= 989 Y2=1019 P1=1023 P2=  -1 T1=1023 T2= 933  P=  -1  D=  -1 
 X= 975 X2=1000  Y= 985 Y2=1018 P1=1023 P2=  -1 T1=1023 T2= 931  P=  -1  D=  -1 
 X= 903 X2=1023  Y= 990 Y2=1019 P1=1023 P2=  -1 T1=1019 T2= 928  P=  -1  D=  -1 
 X= 993 X2=1023  Y=1020 Y2=1019 P1=1023 P2=  -1 T1=1023 T2=1020  P=  -1  D=  -1 
 X= 848 X2=1022  Y= 981 Y2=1019 P1=1023 P2=  -1 T1=1019 T2= 933  P=  -1  D=  -1 
 X= 863 X2=1021  Y= 992 Y2=1022 P1=1023 P2=  -1 T1=1017 T2= 942  P=  -1  D=  -1 
 X= 949 X2=1017  Y= 971 Y2=1021 P1=1023 P2=  -1 T1=1018 T2= 913  P=  -1  D=  -1 
 X= 959 X2= 986  Y= 986 Y2=1019 P1=1023 P2=  -1 T1=1020 T2= 926  P=  -1  D=  -1 
 X= 999 X2=1013  Y= 973 Y2=1020 P1=1023 P2=  -1 T1=1019 T2= 936  P=  -1  D=  -1 
 X= 915 X2=1023  Y= 981 Y2=1018 P1=1023 P2=  -1 T1=1023 T2= 920  P=  -1  D=  -1 
 X= 926 X2=1023  Y= 984 Y2=1023 P1=1023 P2=  -1 T1=1020 T2= 910  P=  -1  D=  -1 
 X= 981 X2=1018  Y= 987 Y2=1019 P1=1023 P2=  -1 T1=1023 T2= 939  P=  -1  D=  -1 
 X= 907 X2=1020  Y= 985 Y2=1019 P1=1023 P2=  -1 T1=1023 T2= 906  P=  -1  D=  -1 
 X= 970 X2=1023  Y= 979 Y2=1022 P1=1023 P2=  -1 T1=1023 T2= 949  P=  -1  D=  -1 
 X= 984 X2=1016  Y= 978 Y2=1022 P1=1023 P2=  -1 T1=1021 T2= 929  P=  -1  D=  -1 
 X= 966 X2=1023  Y= 990 Y2=1023 P1=1023 P2=  -1 T1=1023 T2= 934  P=  -1  D=  -1 
 X= 955 X2=1023  Y= 980 Y2=1019 P1=1023 P2=  -1 T1=1019 T2= 938  P=  -1  D=  -1 
 X= 950 X2=1023  Y= 985 Y2=1020 P1=1023 P2=  -1 T1=1020 T2= 919  P=  -1  D=  -1 
 X= 838 X2=1022  Y= 980 Y2=1020 P1=1023 P2=  -1 T1=1023 T2= 936  P=  -1  D=  -1 
 X= 890 X2=1023  Y= 994 Y2=1023 P1=1023 P2=  -1 T1=1020 T2= 933  P=  -1  D=  -1 
 X= 970 X2=1021  Y= 989 Y2=1023 P1=1023 P2=  -1 T1=1020 T2= 925  P=  -1  D=  -1 
 X= 865 X2=1015  Y= 984 Y2=1018 P1=1023 P2=  -1 T1=1019 T2= 931  P=  -1  D=  -1 
 X= 890 X2=1023  Y= 984 Y2=1023 P1=1023 P2=  -1 T1=1020 T2= 935  P=  -1  D=  -1 
 X= 967 X2=1014  Y=1000 Y2=1023 P1=1023 P2=  -1 T1=1023 T2= 926  P=  -1  D=  -1 
 X= 912 X2=1021  Y= 988 Y2=1023 P1=1023 P2=  -1 T1=1019 T2= 932  P=  -1  D=  -1 
 X= 947 X2=1022  Y= 993 Y2=1023 P1=1023 P2=  -1 T1=1019 T2= 930  P=  -1  D=  -1 
 X= 957 X2=1023  Y= 980 Y2=1020 P1=1023 P2=  -1 T1=1020 T2= 938  P=  -1  D=  -1 
 X= 902 X2=1023  Y= 984 Y2=1023 P1=1023 P2=  -1 T1=1023 T2= 902  P=  -1  D=  -1 
 X= 871 X2=1023  Y= 984 Y2=1023 P1=1023 P2=  -1 T1=1020 T2= 930  P=  -1  D=  -1 
 X= 975 X2=1021  Y= 989 Y2=1023 P1=1023 P2=  -1 T1=1021 T2= 926  P=  -1  D=  -1 
 X= 984 X2=1015  Y= 979 Y2=1019 P1=1023 P2=  -1 T1=1019 T2= 915  P=  -1  D=  -1 
 X= 937 X2=1023  Y= 983 Y2=1020 P1=1023 P2=  -1 T1=1023 T2= 937  P=  -1  D=  -1 
 X=1001 X2=1003  Y= 983 Y2=1019 P1=1023 P2=  -1 T1=1020 T2= 938  P=  -1  D=  -1 
 X=1020 X2= 991  Y= 982 Y2=1023 P1=1023 P2=  -1 T1=1020 T2= 929  P=  -1  D=  -1 
 X= 928 X2=1023  Y= 988 Y2=1023 P1=1023 P2=  -1 T1=1020 T2= 922  P=  -1  D=  -1 
 X= 911 X2=1023  Y= 993 Y2=1023 P1=1023 P2=  -1 T1=1021 T2= 912  P=  -1  D=  -1 
 X=1008 X2=1020  Y= 990 Y2=1018 P1=1023 P2=  -1 T1=1020 T2= 926  P=  -1  D=  -1 
 X= 927 X2=1023  Y= 981 Y2=1020 P1=1023 P2=  -1 T1=1021 T2= 930  P=  -1  D=  -1 
 X= 942 X2=1023  Y= 982 Y2=1023 P1=1023 P2=  -1 T1=1023 T2= 934  P=  -1  D=  -1 
 X=1017 X2= 992  Y= 977 Y2=1023 P1=1023 P2=  -1 T1=1019 T2= 928  P=  -1  D=  -1 
 X= 907 X2=1020  Y= 986 Y2=1020 P1=1023 P2=  -1 T1=1023 T2= 915  P=  -1  D=  -1 
 X= 954 X2= 986  Y= 990 Y2=1020 P1=1023 P2=  -1 T1=1023 T2= 933  P=  -1  D=  -1 
 X=1023 X2=1008  Y= 991 Y2=1023 P1=1019 P2=  -1 T1=1023 T2= 903  P=  -1  D=  -1 
 X= 985 X2=1012  Y= 983 Y2=1023 P1=1023 P2=  -1 T1=1020 T2= 939  P=  -1  D=  -1 
 X= 915 X2=1023  Y= 993 Y2=1020 P1=1023 P2=  -1 T1=1020 T2= 944  P=  -1  D=  -1 
 X= 923 X2=1023  Y= 986 Y2=1023 P1=1023 P2=  -1 T1=1020 T2= 932  P=  -1  D=  -1 
 X= 971 X2=1023  Y= 978 Y2=1016 P1=1023 P2=  -1 T1=1020 T2= 906  P=  -1  D=  -1 
 X= 957 X2=1023  Y= 988 Y2=1019 P1=1023 P2=  -1 T1=1019 T2= 917  P=  -1  D=  -1 
 X=1023 X2=1017  Y= 978 Y2=1020 P1=1023 P2=  -1 T1=1023 T2= 938  P=  -1  D=  -1 
 X=1023 X2=1018  Y= 987 Y2=1018 P1=1023 P2=  -1 T1=1022 T2= 909  P=  -1  D=  -1 
 X= 824 X2=1023  Y= 982 Y2=1023 P1=1023 P2=  -1 T1=1023 T2= 933  P=  -1  D=  -1 
 X= 933 X2=1023  Y= 982 Y2=1020 P1=1023 P2=  -1 T1=1019 T2= 930  P=  -1  D=  -1 
 X= 925 X2=1023  Y= 989 Y2=1023 P1=1023 P2=  -1 T1=1018 T2= 945  P=  -1  D=  -1 
 X= 908 X2=1023  Y= 983 Y2=1020 P1=1023 P2=  -1 T1=1020 T2= 907  P=  -1  D=  -1 
 X= 919 X2=1023  Y= 971 Y2=1023 P1=1023 P2=  -1 T1=1023 T2= 928  P=  -1  D=  -1 
 X= 895 X2=1016  Y= 986 Y2=1020 P1=1023 P2=  -1 T1=1021 T2= 921  P=  -1  D=  -1 
 X= 904 X2=1020  Y= 979 Y2=1018 P1=1023 P2=  -1 T1=1023 T2= 932  P=  -1  D=  -1 
 X= 943 X2=1023  Y= 984 Y2=1018 P1=1023 P2=  -1 T1=1020 T2= 929  P=  -1  D=  -1 
 X=1023 X2=1020  Y= 989 Y2=1023 P1=1023 P2=  -1 T1=1021 T2= 933  P=  -1  D=  -1 
 X= 987 X2=1006  Y= 979 Y2=1019 P1=1023 P2=  -1 T1=1023 T2= 908  P=  -1  D=  -1 
 X= 958 X2=1023  Y= 987 Y2=1019 P1=1023 P2=  -1 T1=1023 T2= 936  P=  -1  D=  -1 
 X= 960 X2=1022  Y= 985 Y2=1020 P1=1023 P2=  -1 T1=1023 T2= 923  P=  -1  D=  -1 
 X= 813 X2=1023  Y= 983 Y2=1019 P1=1023 P2=  -1 T1=1020 T2= 909  P=  -1  D=  -1 
 X= 896 X2=1023  Y= 981 Y2=1018 P1=1023 P2=  -1 T1=1023 T2= 920  P=  -1  D=  -1 
 X= 994 X2=1015  Y= 990 Y2=1023 P1=1023 P2=  -1 T1=1020 T2= 939  P=  -1  D=  -1 
 X= 880 X2=1016  Y= 985 Y2=1023 P1=1023 P2=  -1 T1=1023 T2= 913  P=  -1  D=  -1 
 X= 959 X2=1023  Y= 974 Y2=1019 P1=1023 P2=  -1 T1=1023 T2= 939  P=  -1  D=  -1 
 X=1023 X2=1008  Y= 990 Y2=1023 P1=1023 P2=  -1 T1=1021 T2= 927  P=  -1  D=  -1 
 X=1023 X2=1018  Y= 985 Y2=1019 P1=1023 P2=  -1 T1=1023 T2= 911  P=  -1  D=  -1 
 X= 905 X2=1023  Y= 991 Y2=1023 P1=1023 P2=  -1 T1=1020 T2= 916  P=  -1  D=  -1 
 X= 962 X2=1023  Y= 988 Y2=1023 P1=1023 P2=  -1 T1=1022 T2= 934  P=  -1  D=  -1 
 X=1017 X2=1002  Y= 976 Y2=1023 P1=1023 P2=  -1 T1=1023 T2= 934  P=  -1  D=  -1 
 X= 897 X2=1023  Y= 985 Y2=1018 P1=1023 P2=  -1 T1=1019 T2= 917  P=  -1  D=  -1 
 X= 903 X2=1023  Y= 984 Y2=1023 P1=1023 P2=  -1 T1=1023 T2= 921  P=  -1  D=  -1 
 X= 987 X2=1013  Y= 980 Y2=1019 P1=1023 P2=  -1 T1=1023 T2= 943  P=  -1  D=  -1 
 X= 904 X2=1021  Y= 987 Y2=1020 P1=1023 P2=  -1 T1=1020 T2= 917  P=  -1  D=  -1 
 X= 960 X2=1021  Y= 988 Y2=1023 P1=1023 P2=  -1 T1=1023 T2= 936  P=  -1  D=  -1 
 X= 929 X2=1023  Y= 996 Y2=1023 P1=1023 P2=  -1 T1=1018 T2= 942  P=  -1  D=  -1 
 X= 956 X2=1023  Y= 984 Y2=1023 P1=1023 P2=  -1 T1=1023 T2= 922  P=  -1  D=  -1 
 X= 949 X2=1023  Y= 980 Y2=1020 P1=1023 P2=  -1 T1=1019 T2= 925  P=  -1  D=  -1 
 X= 966 X2=1023  Y= 980 Y2=1023 P1=1023 P2=  -1 T1=1019 T2= 942  P=  -1  D=  -1 
 X= 962 X2=1023  Y= 976 Y2=1019 P1=1023 P2=  -1 T1=1023 T2= 923  P=  -1  D=  -1 
 X= 837 X2=1021  Y= 981 Y2=1019 P1=1023 P2=  -1 T1=1018 T2= 939  P=  -1  D=  -1 
 X= 986 X2=1005  Y= 991 Y2=1023 P1=1023 P2=  -1 T1=1019 T2= 946  P=  -1  D=  -1 
 X= 935 X2=1014  Y= 987 Y2=1023 P1=1023 P2=  -1 T1=1019 T2= 910  P=  -1  D=  -1 
 X= 972 X2=1023  Y= 987 Y2=1019 P1=1023 P2=  -1 T1=1020 T2= 895  P=  -1  D=  -1 
 X= 973 X2=1023  Y= 989 Y2=1023 P1=1023 P2=  -1 T1=1020 T2= 939  P=  -1  D=  -1 
 X=1020 X2=1015  Y= 987 Y2=1018 P1=1023 P2=  -1 T1=1022 T2= 911  P=  -1  D=  -1 
 X= 938 X2=1023  Y= 982 Y2=1020 P1=1023 P2=  -1 T1=1019 T2= 946  P=  -1  D=  -1 
 X= 960 X2=1020  Y= 977 Y2=1020 P1=1023 P2=  -1 T1=1023 T2= 923  P=  -1  D=  -1 
 X= 921 X2=1018  Y= 989 Y2=1023 P1=1023 P2=  -1 T1=1020 T2= 928  P=  -1  D=  -1 
 X= 823 X2=1023  Y= 983 Y2=1023 P1=1023 P2=  -1 T1=1023 T2= 931  P=  -1  D=  -1 
 X= 939 X2=1023  Y= 981 Y2=1021 P1=1023 P2=  -1 T1=1019 T2= 932  P=  -1  D=  -1 
 X=1016 X2=1005  Y= 979 Y2=1019 P1=1023 P2=  -1 T1=1021 T2= 915  P=  -1  D=  -1 
 X= 866 X2=1019  Y= 977 Y2=1023 P1=1023 P2=  -1 T1=1020 T2= 917  P=  -1  D=  -1 
 X= 962 X2=1021  Y= 974 Y2=1023 P1=1023 P2=  -1 T1=1019 T2= 908  P=  -1  D=  -1 
 X=1023 X2=1004  Y= 984 Y2=1023 P1=1023 P2=  -1 T1=1019 T2= 916  P=  -1  D=  -1 
 X= 815 X2=1022  Y= 986 Y2=1020 P1=1023 P2=  -1 T1=1018 T2= 931  P=  -1  D=  -1 
 X= 919 X2=1023  Y= 993 Y2=1023 P1=1023 P2=  -1 T1=1023 T2= 895  P=  -1  D=  -1 
 X=1023 X2=1016  Y= 977 Y2=1023 P1=1023 P2=  -1 T1=1019 T2= 916  P=  -1  D=  -1 
 X= 956 X2=1023  Y= 987 Y2=1018 P1=1023 P2=  -1 T1=1023 T2= 922  P=  -1  D=  -1 
 X= 825 X2=1023  Y= 978 Y2=1020 P1=1023 P2=  -1 T1=1020 T2= 919  P=  -1  D=  -1 
 X= 918 X2=1023  Y= 989 Y2=1023 P1=1023 P2=  -1 T1=1020 T2= 935  P=  -1  D=  -1 
 X= 983 X2=1008  Y= 987 Y2=1023 P1=1023 P2=  -1 T1=1023 T2= 904  P=  -1  D=  -1 
 X=1012 X2=1014  Y=1023 Y2=1020 P1=1023 P2=  -1 T1=1023 T2=1018  P=  -1  D=  -1 
 X= 843 X2=1023  Y= 990 Y2=1023 P1=1023 P2=  -1 T1=1019 T2= 933  P=  -1  D=  -1 
 X= 892 X2=1021  Y= 985 Y2=1020 P1=1023 P2=  -1 T1=1021 T2= 933  P=  -1  D=  -1 
 X= 920 X2=1023  Y= 988 Y2=1018 P1=1023 P2=  -1 T1=1020 T2= 923  P=  -1  D=  -1 
 X= 949 X2=1005  Y= 966 Y2=1023 P1=1023 P2=  -1 T1=1020 T2= 944  P=  -1  D=  -1 
 X= 824 X2=1022  Y= 994 Y2=1023 P1=1023 P2=  -1 T1=1023 T2= 930  P=  -1  D=  -1 
 X= 840 X2=1023  Y= 985 Y2=1023 P1=1023 P2=  -1 T1=1021 T2= 945  P=  -1  D=  -1 
 X= 973 X2=1022  Y= 993 Y2=1020 P1=1023 P2=  -1 T1=1023 T2= 926  P=  -1  D=  -1 
 X= 814 X2=1023  Y= 995 Y2=1017 P1=1023 P2=  -1 T1=1023 T2= 963  P=  -1  D=  -1 
 X= 967 X2=1023  Y= 998 Y2=1019 P1=1023 P2=  -1 T1=1020 T2= 932  P=  -1  D=  -1 
 X= 987 X2=1019  Y= 995 Y2=1019 P1=1023 P2=  -1 T1=1021 T2= 961  P=  -1  D=  -1 
 X= 970 X2=1023  Y= 996 Y2=1023 P1=1023 P2=  -1 T1=1020 T2= 938  P=  -1  D=  -1 
 X= 897 X2=1022  Y= 978 Y2=1023 P1=1023 P2=  -1 T1=1023 T2= 927  P=  -1  D=  -1 
 X= 908 X2=1023  Y= 986 Y2=1023 P1=1023 P2=  -1 T1=1023 T2= 930  P=  -1  D=  -1 
 X= 980 X2=1011  Y= 980 Y2=1023 P1=1023 P2=  -1 T1=1023 T2= 917  P=  -1  D=  -1 
 X= 906 X2=1016  Y= 986 Y2=1018 P1=1023 P2=  -1 T1=1023 T2= 926  P=  -1  D=  -1 
 X= 809 X2=1023  Y= 995 Y2=1023 P1=1023 P2=  -1 T1=1020 T2= 897  P=  -1  D=  -1 
 X=1023 X2= 979  Y= 982 Y2=1023 P1=1023 P2=  -1 T1=1021 T2= 923  P=  -1  D=  -1 
 X= 861 X2=1020  Y= 974 Y2=1019 P1=1023 P2=  -1 T1=1019 T2= 917  P=  -1  D=  -1 
 X= 925 X2=1023  Y= 987 Y2=1023 P1=1023 P2=  -1 T1=1023 T2= 924  P=  -1  D=  -1 
 X= 938 X2=1019  Y= 991 Y2=1020 P1=1023 P2=  -1 T1=1019 T2= 934  P=  -1  D=  -1 
 X= 969 X2=1022  Y=1019 Y2=1020 P1=1023 P2=  -1 T1=1020 T2=1014  P=  -1  D=  -1 
 X= 995 X2=1020  Y= 996 Y2=1019 P1=1023 P2=  -1 T1=1023 T2= 966  P=  -1  D=  -1 
 X=1023 X2=1019  Y=1006 Y2=1023 P1=1023 P2=  -1 T1=1020 T2= 980  P=  -1  D=  -1 
 X= 865 X2=1023  Y=1014 Y2=1019 P1=1023 P2=  -1 T1=1023 T2= 965  P=  -1  D=  -1 
 X= 981 X2=1021  Y= 989 Y2=1023 P1=1023 P2=  -1 T1=1023 T2= 934  P=  -1  D=  -1 
 X=1023 X2=1014  Y= 981 Y2=1023 P1=1023 P2=  -1 T1=1018 T2= 916  P=  -1  D=  -1 
 X=1020 X2= 994  Y= 984 Y2=1023 P1=1023 P2=  -1 T1=1023 T2= 922  P=  -1  D=  -1 
 X=1023 X2=1014  Y= 992 Y2=1020 P1=1023 P2=  -1 T1=1023 T2= 940  P=  -1  D=  -1 
 X=1023 X2=1018  Y= 978 Y2=1023 P1=1023 P2=  -1 T1=1023 T2= 924  P=  -1  D=  -1 
 X= 950 X2=1023  Y= 976 Y2=1019 P1=1023 P2=  -1 T1=1023 T2= 937  P=  -1  D=  -1 
 X= 890 X2=1023  Y= 981 Y2=1019 P1=1023 P2=  -1 T1=1023 T2= 919  P=  -1  D=  -1 
 X= 944 X2=1023  Y= 987 Y2=1023 P1=1023 P2=  -1 T1=1020 T2= 926  P=  -1  D=  -1 
 X= 979 X2=1020  Y= 988 Y2=1020 P1=1023 P2=  -1 T1=1023 T2= 942  P=  -1  D=  -1 
 X= 881 X2=1023  Y= 988 Y2=1019 P1=1023 P2=  -1 T1=1023 T2= 918  P=  -1  D=  -1 
 X=1023 X2=1014  Y= 992 Y2=1019 P1=1023 P2=  -1 T1=1019 T2= 932  P=  -1  D=  -1 
 X= 992 X2=1008  Y= 980 Y2=1019 P1=1023 P2=  -1 T1=1020 T2= 915  P=  -1  D=  -1 
 X= 959 X2=1020  Y= 990 Y2=1020 P1=1023 P2=  -1 T1=1023 T2= 933  P=  -1  D=  -1 
 X= 910 X2=1023  Y= 977 Y2=1023 P1=1023 P2=  -1 T1=1019 T2= 926  P=  -1  D=  -1 
 X=1023 X2=1014  Y= 990 Y2=1023 P1=1023 P2=  -1 T1=1020 T2= 906  P=  -1  D=  -1 
 X= 907 X2=1018  Y= 986 Y2=1019 P1=1023 P2=  -1 T1=1023 T2= 933  P=  -1  D=  -1 
 X= 818 X2=1023  Y= 989 Y2=1023 P1=1023 P2=  -1 T1=1018 T2= 915  P=  -1  D=  -1 
 X=1019 X2= 995  Y= 972 Y2=1023 P1=1023 P2=  -1 T1=1023 T2= 922  P=  -1  D=  -1 
 X= 995 X2=1007  Y= 985 Y2=1020 P1=1023 P2=  -1 T1=1019 T2= 915  P=  -1  D=  -1 
 X= 950 X2=1020  Y= 983 Y2=1020 P1=1023 P2=  -1 T1=1023 T2= 935  P=  -1  D=  -1 
 X= 936 X2= 992  Y= 987 Y2=1023 P1=1023 P2=  -1 T1=1023 T2= 924  P=  -1  D=  -1 
 X=1003 X2=1009  Y= 971 Y2=1023 P1=1023 P2=  -1 T1=1023 T2= 926  P=  -1  D=  -1 
 X= 882 X2=1023  Y= 986 Y2=1018 P1=1023 P2=  -1 T1=1020 T2= 924  P=  -1  D=  -1 
 X= 949 X2=1012  Y= 989 Y2=1023 P1=1023 P2=  -1 T1=1020 T2= 930  P=  -1  D=  -1 
 X= 931 X2=1018  Y= 984 Y2=1023 P1=1023 P2=  -1 T1=1019 T2= 946  P=  -1  D=  -1 
 X= 876 X2=1023  Y= 978 Y2=1019 P1=1023 P2=  -1 T1=1023 T2= 923  P=  -1  D=  -1 
 X=1023 X2= 988  Y= 979 Y2=1023 P1=1023 P2=  -1 T1=1019 T2= 910  P=  -1  D=  -1 
 X=1021 X2= 986  Y= 984 Y2=1020 P1=1023 P2=  -1 T1=1023 T2= 927  P=  -1  D=  -1 
 X= 953 X2=1023  Y= 972 Y2=1023 P1=1023 P2=  -1 T1=1020 T2= 916  P=  -1  D=  -1 
 X= 956 X2=1023  Y= 976 Y2=1020 P1=1023 P2=  -1 T1=1023 T2= 918  P=  -1  D=  -1 
 X= 955 X2=1002  Y= 985 Y2=1020 P1=1023 P2=  -1 T1=1023 T2= 936  P=  -1  D=  -1 
 X= 842 X2=1023  Y= 983 Y2=1019 P1=1023 P2=  -1 T1=1023 T2= 934  P=  -1  D=  -1 
 X= 904 X2=1023  Y= 983 Y2=1019 P1=1023 P2=  -1 T1=1020 T2= 912  P=  -1  D=  -1 
 X= 978 X2=1017  Y= 983 Y2=1019 P1=1023 P2=  -1 T1=1019 T2= 933  P=  -1  D=  -1 
 X= 917 X2=1016  Y= 979 Y2=1019 P1=1023 P2=  -1 T1=1023 T2= 933  P=  -1  D=  -1 
 X= 891 X2=1023  Y= 986 Y2=1020 P1=1023 P2=  -1 T1=1019 T2= 924  P=  -1  D=  -1 
 X= 894 X2=1021  Y= 991 Y2=1023 P1=1023 P2=  -1 T1=1020 T2= 915  P=  -1  D=  -1 
 X= 989 X2=1014  Y= 985 Y2=1023 P1=1023 P2=  -1 T1=1023 T2= 921  P=  -1  D=  -1 
 X= 950 X2=1023  Y= 988 Y2=1023 P1=1023 P2=  -1 T1=1023 T2= 930  P=  -1  D=  -1 
 X= 930 X2=1023  Y= 991 Y2=1020 P1=1023 P2=  -1 T1=1019 T2= 917  P=  -1  D=  -1 
 X= 960 X2=1023  Y= 984 Y2=1023 P1=1023 P2=  -1 T1=1023 T2= 927  P=  -1  D=  -1 
 X= 892 X2=1023  Y= 981 Y2=1023 P1=1023 P2=  -1 T1=1023 T2= 926  P=  -1  D=  -1 
 X= 962 X2=1020  Y= 991 Y2=1023 P1=1023 P2=  -1 T1=1021 T2= 925  P=  -1  D=  -1 
 X= 983 X2=1012  Y= 981 Y2=1023 P1=1023 P2=  -1 T1=1023 T2= 930  P=  -1  D=  -1 
 X= 868 X2=1021  Y= 977 Y2=1023 P1=1023 P2=  -1 T1=1020 T2= 936  P=  -1  D=  -1 
 X=1023 X2=1005  Y= 978 Y2=1023 P1=1023 P2=  -1 T1=1023 T2= 926  P=  -1  D=  -1 
 X=1023 X2= 985  Y= 986 Y2=1020 P1=1023 P2=  -1 T1=1019 T2= 921  P=  -1  D=  -1 
 X= 945 X2=1023  Y= 985 Y2=1023 P1=1023 P2=  -1 T1=1020 T2= 919  P=  -1  D=  -1 
 X=1022 X2=1007  Y= 983 Y2=1019 P1=1023 P2=  -1 T1=1023 T2= 928  P=  -1  D=  -1 
 X=1023 X2=1013  Y= 964 Y2=1019 P1=1023 P2=  -1 T1=1019 T2= 934  P=  -1  D=  -1 
 X= 831 X2=1023  Y= 990 Y2=1023 P1=1023 P2=  -1 T1=1020 T2= 909  P=  -1  D=  -1 
 X= 911 X2=1023  Y= 992 Y2=1020 P1=1023 P2=  -1 T1=1020 T2= 937  P=  -1  D=  -1 
 X=1003 X2= 998  Y= 982 Y2=1019 P1=1023 P2=  -1 T1=1020 T2= 935  P=  -1  D=  -1 
 X= 861 X2=1015  Y= 978 Y2=1019 P1=1023 P2=  -1 T1=1018 T2= 932  P=  -1  D=  -1 
 X= 954 X2=1020  Y= 990 Y2=1023 P1=1023 P2=  -1 T1=1019 T2= 936  P=  -1  D=  -1 
 X=1023 X2=1013  Y= 978 Y2=1019 P1=1023 P2=  -1 T1=1020 T2= 929  P=  -1  D=  -1 
 X= 997 X2=1013  Y= 985 Y2=1019 P1=1023 P2=  -1 T1=1020 T2= 917  P=  -1  D=  -1 
 X= 926 X2=1022  Y= 986 Y2=1019 P1=1023 P2=  -1 T1=1023 T2= 935  P=  -1  D=  -1 
 X= 954 X2=1021  Y= 977 Y2=1019 P1=1023 P2=  -1 T1=1019 T2= 922  P=  -1  D=  -1 
 X= 958 X2=1023  Y= 981 Y2=1023 P1=1023 P2=  -1 T1=1023 T2= 927  P=  -1  D=  -1 
 X= 797 X2=1023  Y= 990 Y2=1023 P1=1023 P2=  -1 T1=1021 T2= 920  P=  -1  D=  -1 
 X=1019 X2=1006  Y= 986 Y2=1019 P1=1023 P2=  -1 T1=1020 T2= 912  P=  -1  D=  -1 
 X= 898 X2=1019  Y= 982 Y2=1023 P1=1023 P2=  -1 T1=1023 T2= 928  P=  -1  D=  -1 
 X= 823 X2=1023  Y= 983 Y2=1023 P1=1023 P2=  -1 T1=1020 T2= 928  P=  -1  D=  -1 
 X= 962 X2= 993  Y= 982 Y2=1018 P1=1023 P2=  -1 T1=1021 T2= 922  P=  -1  D=  -1 
 X= 947 X2=1001  Y= 989 Y2=1020 P1=1023 P2=  -1 T1=1019 T2= 932  P=  -1  D=  -1 
 X= 875 X2=1023  Y= 981 Y2=1019 P1=1023 P2=  -1 T1=1019 T2= 932  P=  -1  D=  -1 
 X= 923 X2=1023  Y= 986 Y2=1023 P1=1023 P2=  -1 T1=1023 T2= 922  P=  -1  D=  -1 
 X= 866 X2=1017  Y= 980 Y2=1020 P1=1023 P2=  -1 T1=1018 T2= 935  P=  -1  D=  -1 
 X= 860 X2=1020  Y= 983 Y2=1019 P1=1023 P2=  -1 T1=1023 T2= 927  P=  -1  D=  -1 
 X= 924 X2=1023  Y= 984 Y2=1019 P1=1023 P2=  -1 T1=1023 T2= 924  P=  -1  D=  -1 
 X= 999 X2= 995  Y= 989 Y2=1019 P1=1023 P2=  -1 T1=1023 T2= 931  P=  -1  D=  -1 
 X= 979 X2=1015  Y= 974 Y2=1023 P1=1023 P2=  -1 T1=1020 T2= 908  P=  -1  D=  -1 
 X=1023 X2=1008  Y= 982 Y2=1021 P1=1023 P2=  -1 T1=1023 T2= 924  P=  -1  D=  -1 
 X=1023 X2= 994  Y= 991 Y2=1023 P1=1023 P2=  -1 T1=1023 T2= 925  P=  -1  D=  -1 
 X= 796 X2=1023  Y= 988 Y2=1020 P1=1023 P2=  -1 T1=1023 T2= 906  P=  -1  D=  -1 
 X=1017 X2=1007  Y=1019 Y2=1023 P1=1023 P2=  -1 T1=1023 T2=1018  P=  -1  D=  -1 
 X= 987 X2=1023  Y= 985 Y2=1023 P1=1023 P2=  -1 T1=1023 T2= 929  P=  -1  D=  -1 
 X= 826 X2=1023  Y= 990 Y2=1019 P1=1023 P2=  -1 T1=1023 T2= 931  P=  -1  D=  -1 
 X= 853 X2=1023  Y= 989 Y2=1023 P1=1023 P2=  -1 T1=1023 T2= 927  P=  -1  D=  -1 
 X=1020 X2= 995  Y= 983 Y2=1021 P1=1023 P2=  -1 T1=1020 T2= 943  P=  -1  D=  -1 
 X= 989 X2=1014  Y= 977 Y2=1019 P1=1023 P2=  -1 T1=1020 T2= 929  P=  -1  D=  -1 
 X= 949 X2=1022  Y= 985 Y2=1019 P1=1023 P2=  -1 T1=1023 T2= 924  P=  -1  D=  -1 
 X= 972 X2= 996  Y= 984 Y2=1023 P1=1023 P2=  -1 T1=1023 T2= 932  P=  -1  D=  -1 
 X=1018 X2= 994  Y= 973 Y2=1023 P1=1023 P2=  -1 T1=1023 T2= 933  P=  -1  D=  -1 
 X= 884 X2=1023  Y= 981 Y2=1018 P1=1023 P2=  -1 T1=1019 T2= 931  P=  -1  D=  -1 
 X=1023 X2=1020  Y= 985 Y2=1019 P1=1023 P2=  -1 T1=1021 T2= 930  P=  -1  D=  -1 
 X= 861 X2=1015  Y= 976 Y2=1019 P1=1023 P2=  -1 T1=1023 T2= 908  P=  -1  D=  -1 
 X= 922 X2=1017  Y= 982 Y2=1019 P1=1023 P2=  -1 T1=1023 T2= 919  P=  -1  D=  -1 
 X=1023 X2=1007  Y= 995 Y2=1019 P1=1023 P2=  -1 T1=1023 T2= 905  P=  -1  D=  -1 
 X=1023 X2= 992  Y= 991 Y2=1023 P1=1023 P2=  -1 T1=1020 T2= 919  P=  -1  D=  -1 
 X= 920 X2=1017  Y= 987 Y2=1020 P1=1023 P2=  -1 T1=1023 T2= 899  P=  -1  D=  -1 
 X= 936 X2=1023  Y= 985 Y2=1023 P1=1023 P2=  -1 T1=1023 T2= 905  P=  -1  D=  -1 
 X= 956 X2=1003  Y= 989 Y2=1020 P1=1023 P2=  -1 T1=1020 T2= 920  P=  -1  D=  -1 
 X= 953 X2=1021  Y= 983 Y2=1023 P1=1023 P2=  -1 T1=1023 T2= 945  P=  -1  D=  -1 
 X= 889 X2=1023  Y= 982 Y2=1020 P1=1023 P2=  -1 T1=1021 T2= 935  P=  -1  D=  -1 
 X=1023 X2=1015  Y= 994 Y2=1019 P1=1023 P2=  -1 T1=1019 T2= 925  P=  -1  D=  -1 
 X= 874 X2=1023  Y= 991 Y2=1023 P1=1023 P2=  -1 T1=1020 T2= 944  P=  -1  D=  -1 
 X= 966 X2=1019  Y= 988 Y2=1023 P1=1023 P2=  -1 T1=1023 T2= 929  P=  -1  D=  -1 
 X=1023 X2= 985  Y= 976 Y2=1023 P1=1023 P2=  -1 T1=1023 T2= 923  P=  -1  D=  -1 
 X=1023 X2= 989  Y= 983 Y2=1023 P1=1023 P2=  -1 T1=1020 T2= 942  P=  -1  D=  -1 
 X= 927 X2=1022  Y= 991 Y2=1023 P1=1023 P2=  -1 T1=1019 T2= 916  P=  -1  D=  -1 
 X= 969 X2=1019  Y= 985 Y2=1019 P1=1023 P2=  -1 T1=1020 T2= 932  P=  -1  D=  -1 
 X= 948 X2=1023  Y= 982 Y2=1021 P1=1023 P2=  -1 T1=1023 T2= 930  P=  -1  D=  -1 
 X=1023 X2=1014  Y= 992 Y2=1019 P1=1023 P2=  -1 T1=1020 T2= 925  P=  -1  D=  -1 
 X=1023 X2=1019  Y= 978 Y2=1020 P1=1023 P2=  -1 T1=1023 T2= 909  P=  -1  D=  -1 
 X= 905 X2=1019  Y= 982 Y2=1023 P1=1023 P2=  -1 T1=1023 T2= 922  P=  -1  D=  -1 
 X= 956 X2=1023  Y= 982 Y2=1023 P1=1023 P2=  -1 T1=1023 T2= 934  P=  -1  D=  -1 
 X= 963 X2= 994  Y= 977 Y2=1023 P1=1023 P2=  -1 T1=1023 T2= 927  P=  -1  D=  -1 
 X= 948 X2=1008  Y= 986 Y2=1023 P1=1023 P2=  -1 T1=1020 T2= 925  P=  -1  D=  -1 
 X= 969 X2=1021  Y= 990 Y2=1019 P1=1023 P2=  -1 T1=1019 T2= 921  P=  -1  D=  -1 
 X= 960 X2= 995  Y= 985 Y2=1018 P1=1023 P2=  -1 T1=1023 T2= 933  P=  -1  D=  -1 
 X= 993 X2=1016  Y= 976 Y2=1023 P1=1023 P2=  -1 T1=1020 T2= 928  P=  -1  D=  -1 
 X= 943 X2=1023  Y= 984 Y2=1019 P1=1023 P2=  -1 T1=1018 T2= 925  P=  -1  D=  -1 
 X= 865 X2=1021  Y= 995 Y2=1023 P1=1023 P2=  -1 T1=1019 T2= 913  P=  -1  D=  -1 
 X=1017 X2=1003  Y= 982 Y2=1018 P1=1023 P2=  -1 T1=1020 T2= 940  P=  -1  D=  -1 
 X= 978 X2=1012  Y= 972 Y2=1019 P1=1023 P2=  -1 T1=1019 T2= 927  P=  -1  D=  -1 
 X= 962 X2=1021  Y= 983 Y2=1023 P1=1023 P2=  -1 T1=1020 T2= 920  P=  -1  D=  -1 
 X=1023 X2=1007  Y= 978 Y2=1023 P1=1023 P2=  -1 T1=1023 T2= 913  P=  -1  D=  -1 
 X= 997 X2=1007  Y= 977 Y2=1022 P1=1023 P2=  -1 T1=1023 T2= 925  P=  -1  D=  -1 
 X= 929 X2=1021  Y= 992 Y2=1023 P1=1023 P2=  -1 T1=1021 T2= 927  P=  -1  D=  -1 
 X= 971 X2=1022  Y= 989 Y2=1023 P1=1023 P2=  -1 T1=1020 T2= 924  P=  -1  D=  -1 
 X= 890 X2=1017  Y= 985 Y2=1020 P1=1023 P2=  -1 T1=1023 T2= 926  P=  -1  D=  -1 
 X= 861 X2=1022  Y= 982 Y2=1023 P1=1023 P2=  -1 T1=1020 T2= 944  P=  -1  D=  -1 
 X=1018 X2=1002  Y= 988 Y2=1023 P1=1023 P2=  -1 T1=1023 T2= 933  P=  -1  D=  -1 
 X= 990 X2=1007  Y= 978 Y2=1023 P1=1023 P2=  -1 T1=1023 T2= 922  P=  -1  D=  -1 
 X= 979 X2=1022  Y= 988 Y2=1020 P1=1023 P2=  -1 T1=1023 T2= 928  P=  -1  D=  -1 
 X= 970 X2= 994  Y= 992 Y2=1023 P1=1023 P2=  -1 T1=1023 T2= 933  P=  -1  D=  -1 
 X=1023 X2=1012  Y= 979 Y2=1023 P1=1023 P2=  -1 T1=1019 T2= 931  P=  -1  D=  -1 
 X= 833 X2=1023  Y= 987 Y2=1019 P1=1023 P2=  -1 T1=1019 T2= 916  P=  -1  D=  -1 
 X= 926 X2=1023  Y= 986 Y2=1023 P1=1023 P2=  -1 T1=1020 T2= 926  P=  -1  D=  -1 
 X= 863 X2=1015  Y= 979 Y2=1023 P1=1023 P2=  -1 T1=1018 T2= 935  P=  -1  D=  -1 
 X= 915 X2=1016  Y= 977 Y2=1020 P1=1023 P2=  -1 T1=1023 T2= 935  P=  -1  D=  -1 
 X= 949 X2=1003  Y= 973 Y2=1023 P1=1023 P2=  -1 T1=1023 T2= 929  P=  -1  D=  -1 
 X=1023 X2=1013  Y= 984 Y2=1023 P1=1023 P2=  -1 T1=1023 T2= 933  P=  -1  D=  -1 
 X=1006 X2=1006  Y= 977 Y2=1019 P1=1023 P2=  -1 T1=1020 T2= 936  P=  -1  D=  -1 
 X= 965 X2=1021  Y= 980 Y2=1023 P1=1023 P2=  -1 T1=1021 T2= 910  P=  -1  D=  -1 
 X= 896 X2=1021  Y= 989 Y2=1023 P1=1023 P2=  -1 T1=1021 T2= 920  P=  -1  D=  -1 
 X= 802 X2=1023  Y= 980 Y2=1020 P1=1023 P2=  -1 T1=1021 T2= 918  P=  -1  D=  -1 
 X= 919 X2=1023  Y= 987 Y2=1019 P1=1023 P2=  -1 T1=1020 T2= 909  P=  -1  D=  -1 
 X= 966 X2=1021  Y= 990 Y2=1023 P1=1023 P2=  -1 T1=1020 T2= 925  P=  -1  D=  -1 
 X= 908 X2=1020  Y= 981 Y2=1023 P1=1023 P2=  -1 T1=1023 T2= 930  P=  -1  D=  -1 
 X= 948 X2=1023  Y= 974 Y2=1023 P1=1023 P2=  -1 T1=1023 T2= 909  P=  -1  D=  -1 
 X=1023 X2=1009  Y= 978 Y2=1023 P1=1023 P2=  -1 T1=1023 T2= 935  P=  -1  D=  -1 
 X=1007 X2= 997  Y= 980 Y2=1018 P1=1023 P2=  -1 T1=1023 T2= 936  P=  -1  D=  -1 
 X= 938 X2=1023  Y= 989 Y2=1019 P1=1023 P2=  -1 T1=1020 T2= 936  P=  -1  D=  -1 
 X= 961 X2=1020  Y= 981 Y2=1019 P1=1022 P2=  -1 T1=1023 T2= 922  P=  -1  D=  -1 
 X= 924 X2=1023  Y= 975 Y2=1019 P1=1023 P2=  -1 T1=1023 T2= 920  P=  -1  D=  -1 
 X= 942 X2= 997  Y= 974 Y2=1020 P1=1023 P2=  -1 T1=1023 T2= 924  P=  -1  D=  -1 
 X= 914 X2=1023  Y= 991 Y2=1023 P1=1023 P2=  -1 T1=1021 T2= 919  P=  -1  D=  -1 
 X= 975 X2=1014  Y= 978 Y2=1020 P1=1023 P2=  -1 T1=1020 T2= 892  P=  -1  D=  -1 
 X= 879 X2=1016  Y= 979 Y2=1019 P1=1023 P2=  -1 T1=1020 T2= 924  P=  -1  D=  -1 
 X= 969 X2= 995  Y= 990 Y2=1019 P1=1023 P2=  -1 T1=1023 T2= 928  P=  -1  D=  -1 
 X=1023 X2=1014  Y= 986 Y2=1018 P1=1023 P2=  -1 T1=1023 T2= 935  P=  -1  D=  -1 
 X= 935 X2=1018  Y= 978 Y2=1023 P1=1023 P2=  -1 T1=1019 T2= 934  P=  -1  D=  -1 
 X= 942 X2=1021  Y= 975 Y2=1019 P1=1023 P2=  -1 T1=1023 T2= 924  P=  -1  D=  -1 
 X= 966 X2=1023  Y= 995 Y2=1018 P1=1023 P2=  -1 T1=1023 T2= 929  P=  -1  D=  -1 
 X= 957 X2=1023  Y= 976 Y2=1019 P1=1023 P2=  -1 T1=1023 T2= 921  P=  -1  D=  -1 
 X= 967 X2=1023  Y= 988 Y2=1018 P1=1023 P2=  -1 T1=1019 T2= 921  P=  -1  D=  -1 
 X= 870 X2=1017  Y= 982 Y2=1023 P1=1023 P2=  -1 T1=1023 T2= 924  P=  -1  D=  -1 
 X= 898 X2=1019  Y= 988 Y2=1019 P1=1023 P2=  -1 T1=1017 T2= 932  P=  -1  D=  -1 
 X=1021 X2= 989  Y= 990 Y2=1019 P1=1023 P2=  -1 T1=1023 T2= 928  P=  -1  D=  -1 
 X=1023 X2=1013  Y= 990 Y2=1023 P1=1023 P2=  -1 T1=1020 T2= 921  P=  -1  D=  -1 
 X=1009 X2= 994  Y= 988 Y2=1020 P1=1022 P2=  -1 T1=1023 T2= 921  P=  -1  D=  -1 
 X= 891 X2=1023  Y= 987 Y2=1023 P1=1023 P2=  -1 T1=1019 T2= 920  P=  -1  D=  -1 
 X= 953 X2=1023  Y= 987 Y2=1019 P1=1023 P2=  -1 T1=1018 T2= 941  P=  -1  D=  -1 
 X= 915 X2=1021  Y= 990 Y2=1023 P1=1023 P2=  -1 T1=1020 T2= 932  P=  -1  D=  -1 
 X= 869 X2=1023  Y= 978 Y2=1018 P1=1023 P2=  -1 T1=1019 T2= 901  P=  -1  D=  -1 
 X=1006 X2=1004  Y= 990 Y2=1019 P1=1023 P2=  -1 T1=1019 T2= 919  P=  -1  D=  -1 
 X= 986 X2=1015  Y= 980 Y2=1020 P1=1023 P2=  -1 T1=1020 T2= 942  P=  -1  D=  -1 
 X= 981 X2=1007  Y= 978 Y2=1020 P1=1023 P2=  -1 T1=1023 T2= 912  P=  -1  D=  -1 
 X= 963 X2=1023  Y= 990 Y2=1019 P1=1023 P2=  -1 T1=1020 T2= 939  P=  -1  D=  -1 
 X=1023 X2=1005  Y= 981 Y2=1020 P1=1022 P2=  -1 T1=1019 T2= 910  P=  -1  D=  -1 
 X= 939 X2=1005  Y=1006 Y2=1017 P1=1023 P2=  -1 T1=1020 T2= 928  P=  -1  D=  -1 
 X= 916 X2=1023  Y= 995 Y2=1023 P1=1023 P2=  -1 T1=1023 T2= 928  P=  -1  D=  -1 
 X= 964 X2=1023  Y= 986 Y2=1023 P1=1023 P2=  -1 T1=1020 T2= 927  P=  -1  D=  -1 
 X= 956 X2=1023  Y= 993 Y2=1023 P1=1023 P2=  -1 T1=1023 T2= 914  P=  -1  D=  -1 
 X=1019 X2=1023  Y=1019 Y2=1023 P1=1023 P2=  -1 T1=1023 T2=1019  P=  -1  D=  -1 
 X= 937 X2=1023  Y= 987 Y2=1023 P1=1023 P2=  -1 T1=1019 T2= 938  P=  -1  D=  -1 
 X= 922 X2=1017  Y= 980 Y2=1019 P1=1023 P2=  -1 T1=1023 T2= 937  P=  -1  D=  -1 
 X= 966 X2= 998  Y= 981 Y2=1018 P1=1023 P2=  -1 T1=1020 T2= 929  P=  -1  D=  -1 
 X=1023 X2=1006  Y= 984 Y2=1023 P1=1023 P2=  -1 T1=1019 T2= 918  P=  -1  D=  -1 
 X= 884 X2=1023  Y= 988 Y2=1023 P1=1023 P2=  -1 T1=1023 T2= 909  P=  -1  D=  -1 
 X= 919 X2=1023  Y= 982 Y2=1018 P1=1023 P2=  -1 T1=1020 T2= 928  P=  -1  D=  -1 
 X= 926 X2=1023  Y= 985 Y2=1019 P1=1023 P2=  -1 T1=1020 T2= 925  P=  -1  D=  -1 
 X= 866 X2=1014  Y= 985 Y2=1019 P1=1023 P2=  -1 T1=1018 T2= 920  P=  -1  D=  -1 
 X= 960 X2=1023  Y= 978 Y2=1023 P1=1023 P2=  -1 T1=1020 T2= 916  P=  -1  D=  -1 
 X=1023 X2=1006  Y= 986 Y2=1023 P1=1023 P2=  -1 T1=1019 T2= 936  P=  -1  D=  -1 
 X= 898 X2=1023  Y= 984 Y2=1019 P1=1023 P2=  -1 T1=1018 T2= 924  P=  -1  D=  -1 
 X= 975 X2=1002  Y= 983 Y2=1023 P1=1023 P2=  -1 T1=1023 T2= 938  P=  -1  D=  -1 
 X= 967 X2= 994  Y= 991 Y2=1019 P1=1023 P2=  -1 T1=1023 T2= 934  P=  -1  D=  -1 
 X=1023 X2=1002  Y= 981 Y2=1019 P1=1023 P2=  -1 T1=1023 T2= 932  P=  -1  D=  -1 
 X= 855 X2=1018  Y= 975 Y2=1018 P1=1023 P2=  -1 T1=1023 T2= 933  P=  -1  D=  -1 
 X= 916 X2=1023  Y= 984 Y2=1023 P1=1023 P2=  -1 T1=1019 T2= 936  P=  -1  D=  -1 
 X= 989 X2=1015  Y= 980 Y2=1018 P1=1023 P2=  -1 T1=1023 T2= 937  P=  -1  D=  -1 
 X= 861 X2=1015  Y= 989 Y2=1018 P1=1023 P2=  -1 T1=1019 T2= 937  P=  -1  D=  -1 
 X=1022 X2= 984  Y= 982 Y2=1019 P1=1023 P2=  -1 T1=1021 T2= 921  P=  -1  D=  -1 
 X= 977 X2=1013  Y= 993 Y2=1019 P1=1023 P2=  -1 T1=1023 T2= 936  P=  -1  D=  -1 
 X= 920 X2=1023  Y= 975 Y2=1019 P1=1023 P2=  -1 T1=1023 T2= 983  P=  -1  D=  -1 
 X= 961 X2=1023  Y= 983 Y2=1021 P1=1023 P2=  -1 T1=1019 T2= 917  P=  -1  D=  -1 
 X= 962 X2=1002  Y= 987 Y2=1020 P1=1023 P2=  -1 T1=1020 T2= 919  P=  -1  D=  -1 
 X= 793 X2=1023  Y= 987 Y2=1023 P1=1023 P2=  -1 T1=1020 T2= 919  P=  -1  D=  -1 
 X= 893 X2=1023  Y= 985 Y2=1023 P1=1023 P2=  -1 T1=1023 T2= 918  P=  -1  D=  -1 
 X= 904 X2=1021  Y= 981 Y2=1019 P1=1023 P2=  -1 T1=1023 T2= 919  P=  -1  D=  -1 
 X= 877 X2=1020  Y= 985 Y2=1019 P1=1023 P2=  -1 T1=1023 T2= 924  P=  -1  D=  -1 
 X= 943 X2=1023  Y= 986 Y2=1020 P1=1023 P2=  -1 T1=1020 T2= 918  P=  -1  D=  -1 
 X= 866 X2=1021  Y= 986 Y2=1018 P1=1023 P2=  -1 T1=1023 T2= 934  P=  -1  D=  -1 
 X= 996 X2=1007  Y= 987 Y2=1020 P1=1023 P2=  -1 T1=1023 T2= 926  P=  -1  D=  -1 
 X= 916 X2=1022  Y= 977 Y2=1020 P1=1023 P2=  -1 T1=1018 T2= 922  P=  -1  D=  -1 
 X= 903 X2=1023  Y= 983 Y2=1019 P1=1023 P2=  -1 T1=1023 T2= 927  P=  -1  D=  -1 
 X= 915 X2=1023  Y= 988 Y2=1020 P1=1023 P2=  -1 T1=1020 T2= 943  P=  -1  D=  -1 
 X= 959 X2=1023  Y= 985 Y2=1019 P1=1023 P2=  -1 T1=1019 T2= 931  P=  -1  D=  -1 
 X= 918 X2=1023  Y= 981 Y2=1019 P1=1023 P2=  -1 T1=1023 T2= 924  P=  -1  D=  -1 
 X= 968 X2=1013  Y= 989 Y2=1019 P1=1023 P2=  -1 T1=1018 T2= 921  P=  -1  D=  -1 
 X= 875 X2=1016  Y= 980 Y2=1023 P1=1022 P2=  -1 T1=1020 T2= 942  P=  -1  D=  -1 
 X= 963 X2=1023  Y= 984 Y2=1023 P1=1021 P2=  -1 T1=1023 T2= 917  P=  -1  D=  -1 
 X=1023 X2=1008  Y= 985 Y2=1019 P1=1023 P2=  -1 T1=1023 T2= 925  P=  -1  D=  -1 
 X= 924 X2=1023  Y= 990 Y2=1019 P1=1023 P2=  -1 T1=1020 T2= 935  P=  -1  D=  -1 
 X= 912 X2=1023  Y= 981 Y2=1019 P1=1023 P2=  -1 T1=1023 T2= 919  P=  -1  D=  -1 
 X= 961 X2=1021  Y= 982 Y2=1023 P1=1023 P2=  -1 T1=1023 T2= 911  P=  -1  D=  -1 
 X= 920 X2=1017  Y= 985 Y2=1023 P1=1023 P2=  -1 T1=1020 T2= 930  P=  -1  D=  -1 
 X= 866 X2=1023  Y= 988 Y2=1019 P1=1023 P2=  -1 T1=1023 T2= 939  P=  -1  D=  -1 
 X=1023 X2=1009  Y= 985 Y2=1023 P1=1023 P2=  -1 T1=1019 T2= 939  P=  -1  D=  -1 
 X= 809 X2=1023  Y= 973 Y2=1023 P1=1023 P2=  -1 T1=1023 T2= 933  P=  -1  D=  -1 
 X=1018 X2=1014  Y= 990 Y2=1023 P1=1023 P2=  -1 T1=1020 T2= 929  P=  -1  D=  -1 
 X= 949 X2= 993  Y= 985 Y2=1023 P1=1023 P2=  -1 T1=1020 T2= 903  P=  -1  D=  -1 
 X=1023 X2=1014  Y= 979 Y2=1023 P1=1023 P2=  -1 T1=1023 T2= 924  P=  -1  D=  -1 
 X= 823 X2=1023  Y= 982 Y2=1019 P1=1023 P2=  -1 T1=1022 T2= 924  P=  -1  D=  -1 
 X= 859 X2=1023  Y= 996 Y2=1019 P1=1023 P2=  -1 T1=1023 T2= 925  P=  -1  D=  -1 
 X= 880 X2=1017  Y= 984 Y2=1018 P1=1022 P2=  -1 T1=1019 T2= 932  P=  -1  D=  -1 
 X= 949 X2=1020  Y= 993 Y2=1023 P1=1023 P2=  -1 T1=1020 T2= 921  P=  -1  D=  -1 
 X= 994 X2=1015  Y= 999 Y2=1019 P1=1023 P2=  -1 T1=1023 T2= 936  P=  -1  D=  -1 
 X= 990 X2=1015  Y= 975 Y2=1018 P1=1023 P2=  -1 T1=1020 T2= 917  P=  -1  D=  -1 
 X= 994 X2=1019  Y= 987 Y2=1020 P1=1023 P2=  -1 T1=1020 T2= 910  P=  -1  D=  -1 
 X= 965 X2=1021  Y= 986 Y2=1020 P1=1023 P2=  -1 T1=1023 T2= 927  P=  -1  D=  -1 
 X=1023 X2=1006  Y= 984 Y2=1019 P1=1023 P2=  -1 T1=1020 T2= 926  P=  -1  D=  -1 
 X= 825 X2=1023  Y= 993 Y2=1023 P1=1023 P2=  -1 T1=1020 T2= 943  P=  -1  D=  -1 
 X= 924 X2=1023  Y= 988 Y2=1023 P1=1023 P2=  -1 T1=1023 T2= 930  P=  -1  D=  -1 
 X= 931 X2=1022  Y= 984 Y2=1023 P1=1023 P2=  -1 T1=1023 T2= 953  P=  -1  D=  -1 
 X= 972 X2=1023  Y= 992 Y2=1023 P1=1023 P2=  -1 T1=1023 T2= 920  P=  -1  D=  -1 
 X= 817 X2=1023  Y= 975 Y2=1022 P1=1023 P2=  -1 T1=1020 T2= 914  P=  -1  D=  -1 
 X=1013 X2= 995  Y= 974 Y2=1019 P1=1023 P2=  -1 T1=1023 T2= 937  P=  -1  D=  -1 
 X= 989 X2=1013  Y= 983 Y2=1019 P1=1023 P2=  -1 T1=1023 T2= 928  P=  -1  D=  -1 
 X= 956 X2=1023  Y= 989 Y2=1023 P1=1023 P2=  -1 T1=1019 T2= 924  P=  -1  D=  -1 
 X= 967 X2=1019  Y= 986 Y2=1023 P1=1023 P2=  -1 T1=1019 T2= 922  P=  -1  D=  -1 
 X= 918 X2=1023  Y= 981 Y2=1019 P1=1023 P2=  -1 T1=1020 T2= 934  P=  -1  D=  -1 
 X= 880 X2=1023  Y= 981 Y2=1018 P1=1023 P2=  -1 T1=1023 T2= 924  P=  -1  D=  -1 
 X= 943 X2=1021  Y= 973 Y2=1023 P1=1023 P2=  -1 T1=1023 T2= 928  P=  -1  D=  -1 
 X= 803 X2=1023  Y=1002 Y2=1023 P1=1023 P2=  -1 T1=1019 T2= 926  P=  -1  D=  -1 
 X= 952 X2=1023  Y= 987 Y2=1023 P1=1023 P2=  -1 T1=1020 T2= 923  P=  -1  D=  -1 
 X=1023 X2=1015  Y= 977 Y2=1023 P1=1023 P2=  -1 T1=1020 T2= 911  P=  -1  D=  -1 
 X=1023 X2=1019  Y= 982 Y2=1023 P1=1023 P2=  -1 T1=1021 T2= 942  P=  -1  D=  -1 
 X= 965 X2=1021  Y= 980 Y2=1019 P1=1023 P2=  -1 T1=1021 T2= 940  P=  -1  D=  -1 
 X= 967 X2=1023  Y= 978 Y2=1023 P1=1023 P2=  -1 T1=1023 T2= 917  P=  -1  D=  -1 
 X= 919 X2=1017  Y= 982 Y2=1019 P1=1023 P2=  -1 T1=1023 T2= 908  P=  -1  D=  -1 
 X= 801 X2=1023  Y= 979 Y2=1023 P1=1023 P2=  -1 T1=1023 T2= 946  P=  -1  D=  -1 
 X= 847 X2=1023  Y= 988 Y2=1023 P1=1023 P2=  -1 T1=1023 T2= 932  P=  -1  D=  -1 
 X=1014 X2= 993  Y= 987 Y2=1023 P1=1023 P2=  -1 T1=1023 T2= 916  P=  -1  D=  -1 
 X= 897 X2=1021  Y= 983 Y2=1019 P1=1023 P2=  -1 T1=1023 T2= 928  P=  -1  D=  -1 
 X=1020 X2= 997  Y= 990 Y2=1020 P1=1023 P2=  -1 T1=1023 T2= 919  P=  -1  D=  -1 
 X=1023 X2=1014  Y= 986 Y2=1023 P1=1023 P2=  -1 T1=1018 T2= 929  P=  -1  D=  -1 
 X= 894 X2=1023  Y= 982 Y2=1019 P1=1023 P2=  -1 T1=1021 T2= 937  P=  -1  D=  -1 
 X= 924 X2=1022  Y= 990 Y2=1023 P1=1023 P2=  -1 T1=1021 T2= 916  P=  -1  D=  -1 
 X= 954 X2=1021  Y= 985 Y2=1023 P1=1023 P2=  -1 T1=1023 T2= 906  P=  -1  D=  -1 
 X= 948 X2=1020  Y= 993 Y2=1023 P1=1023 P2=  -1 T1=1019 T2= 941  P=  -1  D=  -1 
 X= 810 X2=1023  Y= 975 Y2=1019 P1=1023 P2=  -1 T1=1023 T2= 930  P=  -1  D=  -1 
 X= 974 X2=1011  Y= 981 Y2=1019 P1=1023 P2=  -1 T1=1023 T2= 931  P=  -1  D=  -1 
 X= 980 X2=1016  Y= 983 Y2=1019 P1=1023 P2=  -1 T1=1020 T2= 943  P=  -1  D=  -1 
 X= 949 X2=1019  Y= 985 Y2=1020 P1=1023 P2=  -1 T1=1023 T2= 933  P=  -1  D=  -1 
 X= 989 X2= 989  Y= 983 Y2=1019 P1=1023 P2=  -1 T1=1023 T2= 912  P=  -1  D=  -1 
 X=1023 X2=1009  Y= 988 Y2=1019 P1=1023 P2=  -1 T1=1023 T2= 916  P=  -1  D=  -1 
 X= 884 X2=1023  Y= 978 Y2=1019 P1=1023 P2=  -1 T1=1020 T2= 941  P=  -1  D=  -1 
 X= 900 X2=1023  Y= 982 Y2=1023 P1=1023 P2=  -1 T1=1019 T2= 910  P=  -1  D=  -1 
 X= 895 X2=1023  Y= 984 Y2=1023 P1=1023 P2=  -1 T1=1023 T2= 902  P=  -1  D=  -1 
 X= 828 X2=1023  Y= 988 Y2=1023 P1=1023 P2=  -1 T1=1018 T2= 924  P=  -1  D=  -1 
 X=1023 X2=1010  Y= 986 Y2=1023 P1=1023 P2=  -1 T1=1023 T2= 931  P=  -1  D=  -1 
 X=1010 X2= 993  Y= 980 Y2=1023 P1=1023 P2=  -1 T1=1023 T2= 918  P=  -1  D=  -1 
 X= 931 X2=1019  Y= 976 Y2=1023 P1=1023 P2=  -1 T1=1020 T2= 920  P=  -1  D=  -1 
 X=1009 X2=1013  Y=1019 Y2=1020 P1=1023 P2=  -1 T1=1019 T2=1017  P=  -1  D=  -1 
 X= 903 X2=1023  Y= 989 Y2=1023 P1=1023 P2=  -1 T1=1023 T2= 936  P=  -1  D=  -1 
 X= 978 X2=1020  Y= 987 Y2=1020 P1=1023 P2=  -1 T1=1021 T2= 924  P=  -1  D=  -1 
 X= 960 X2=1023  Y= 980 Y2=1018 P1=1023 P2=  -1 T1=1023 T2= 920  P=  -1  D=  -1 
 X= 983 X2=1017  Y= 978 Y2=1019 P1=1023 P2=  -1 T1=1020 T2= 914  P=  -1  D=  -1 
 X= 912 X2=1017  Y=1001 Y2=1020 P1=1023 P2=  -1 T1=1023 T2= 924  P=  -1  D=  -1 
 X= 836 X2=1023  Y= 983 Y2=1023 P1=1023 P2=  -1 T1=1020 T2= 921  P=  -1  D=  -1 
 X=1023 X2= 992  Y= 993 Y2=1020 P1=1023 P2=  -1 T1=1019 T2= 932  P=  -1  D=  -1 
 X= 978 X2=1008  Y= 976 Y2=1019 P1=1023 P2=  -1 T1=1023 T2= 910  P=  -1  D=  -1 
 X= 972 X2= 986  Y= 995 Y2=1019 P1=1023 P2=  -1 T1=1023 T2= 928  P=  -1  D=  -1 
 X= 953 X2=1020  Y= 975 Y2=1019 P1=1021 P2=  -1 T1=1023 T2= 932  P=  -1  D=  -1 
 X= 956 X2=1019  Y= 986 Y2=1023 P1=1023 P2=  -1 T1=1021 T2= 935  P=  -1  D=  -1 
 X= 887 X2=1023  Y= 987 Y2=1019 P1=1023 P2=  -1 T1=1023 T2= 931  P=  -1  D=  -1 
 X= 938 X2=1022  Y= 976 Y2=1023 P1=1023 P2=  -1 T1=1023 T2= 922  P=  -1  D=  -1 
 X= 865 X2=1016  Y= 977 Y2=1019 P1=1023 P2=  -1 T1=1018 T2= 938  P=  -1  D=  -1 
 X= 959 X2=1023  Y= 979 Y2=1020 P1=1023 P2=  -1 T1=1020 T2= 938  P=  -1  D=  -1 
 X=1003 X2=1001  Y= 986 Y2=1020 P1=1023 P2=  -1 T1=1023 T2= 914  P=  -1  D=  -1 
 X=1023 X2=1014  Y= 980 Y2=1023 P1=1023 P2=  -1 T1=1023 T2= 942  P=  -1  D=  -1 
 X= 879 X2=1022  Y= 977 Y2=1021 P1=1023 P2=  -1 T1=1023 T2= 926  P=  -1  D=  -1 
 X= 970 X2=1022  Y= 984 Y2=1020 P1=1023 P2=  -1 T1=1021 T2= 919  P=  -1  D=  -1 
 X=1023 X2=1002  Y= 993 Y2=1023 P1=1023 P2=  -1 T1=1023 T2= 940  P=  -1  D=  -1 
 X= 908 X2=1023  Y= 985 Y2=1019 P1=1023 P2=  -1 T1=1023 T2= 929  P=  -1  D=  -1 
 X= 905 X2=1023  Y= 987 Y2=1019 P1=1023 P2=  -1 T1=1020 T2= 932  P=  -1  D=  -1 
 X= 960 X2=1023  Y= 977 Y2=1019 P1=1023 P2=  -1 T1=1023 T2= 929  P=  -1  D=  -1 
 X= 900 X2=1021  Y= 989 Y2=1023 P1=1023 P2=  -1 T1=1023 T2= 936  P=  -1  D=  -1 
 X= 969 X2= 980  Y= 986 Y2=1023 P1=1022 P2=  -1 T1=1019 T2= 941  P=  -1  D=  -1 
 X=1023 X2=1014  Y= 977 Y2=1023 P1=1023 P2=  -1 T1=1020 T2= 898  P=  -1  D=  -1 
 X=1019 X2= 990  Y= 987 Y2=1023 P1=1023 P2=  -1 T1=1023 T2= 928  P=  -1  D=  -1 
 X=1023 X2=1021  Y= 996 Y2=1023 P1=1023 P2=  -1 T1=1018 T2= 944  P=  -1  D=  -1 
 X=1019 X2=1003  Y= 983 Y2=1020 P1=1023 P2=  -1 T1=1020 T2= 933  P=  -1  D=  -1 
 X= 952 X2=1023  Y= 990 Y2=1020 P1=1023 P2=  -1 T1=1023 T2= 932  P=  -1  D=  -1 
 X= 898 X2=1023  Y= 987 Y2=1023 P1=1022 P2=  -1 T1=1023 T2= 942  P=  -1  D=  -1 
 X=1006 X2= 997  Y= 975 Y2=1019 P1=1023 P2=  -1 T1=1023 T2= 938  P=  -1  D=  -1 
 X=1022 X2=1021  Y=1000 Y2=1018 P1=1023 P2=  -1 T1=1019 T2= 928  P=  -1  D=  -1 
 X= 828 X2=1023  Y= 987 Y2=1023 P1=1023 P2=  -1 T1=1023 T2= 910  P=  -1  D=  -1 
 X=1023 X2=1015  Y= 994 Y2=1023 P1=1023 P2=  -1 T1=1022 T2= 931  P=  -1  D=  -1 
 X=1002 X2=1002  Y= 991 Y2=1023 P1=1023 P2=  -1 T1=1019 T2= 937  P=  -1  D=  -1 
 X= 933 X2=1023  Y= 990 Y2=1023 P1=1023 P2=  -1 T1=1020 T2= 914  P=  -1  D=  -1 
 X= 920 X2=1023  Y= 987 Y2=1023 P1=1023 P2=  -1 T1=1020 T2= 925  P=  -1  D=  -1 
 X= 903 X2=1021  Y= 978 Y2=1023 P1=1023 P2=  -1 T1=1020 T2= 911  P=  -1  D=  -1 
 X= 958 X2=1023  Y= 984 Y2=1019 P1=1023 P2=  -1 T1=1023 T2= 925  P=  -1  D=  -1 
 X= 831 X2=1023  Y= 983 Y2=1023 P1=1023 P2=  -1 T1=1023 T2= 930  P=  -1  D=  -1 
 X=1023 X2= 993  Y= 988 Y2=1016 P1=1023 P2=  -1 T1=1019 T2= 928  P=  -1  D=  -1 
 X= 863 X2=1019  Y= 995 Y2=1023 P1=1023 P2=  -1 T1=1017 T2= 922  P=  -1  D=  -1 
 X= 971 X2= 989  Y= 984 Y2=1023 P1=1023 P2=  -1 T1=1023 T2= 925  P=  -1  D=  -1 
 X= 876 X2=1020  Y= 991 Y2=1023 P1=1023 P2=  -1 T1=1021 T2= 921  P=  -1  D=  -1 
 X= 900 X2=1023  Y= 977 Y2=1019 P1=1023 P2=  -1 T1=1023 T2= 935  P=  -1  D=  -1 
 X= 929 X2=1023  Y= 977 Y2=1023 P1=1023 P2=  -1 T1=1023 T2= 934  P=  -1  D=  -1 
 X= 947 X2=1023  Y= 985 Y2=1023 P1=1023 P2=  -1 T1=1020 T2= 923  P=  -1  D=  -1 
 X= 927 X2=1023  Y= 984 Y2=1023 P1=1023 P2=  -1 T1=1020 T2= 919  P=  -1  D=  -1 
 X= 824 X2=1023  Y= 990 Y2=1020 P1=1023 P2=  -1 T1=1023 T2= 929  P=  -1  D=  -1 
 X=1011 X2=1003  Y= 989 Y2=1023 P1=1023 P2=  -1 T1=1023 T2= 920  P=  -1  D=  -1 
 X= 997 X2=1006  Y= 987 Y2=1023 P1=1023 P2=  -1 T1=1023 T2= 918  P=  -1  D=  -1 
 X= 897 X2=1022  Y= 991 Y2=1023 P1=1023 P2=  -1 T1=1023 T2= 923  P=  -1  D=  -1 
 X= 958 X2=1023  Y= 987 Y2=1019 P1=1023 P2=  -1 T1=1020 T2= 924  P=  -1  D=  -1 
 X= 919 X2= 997  Y= 988 Y2=1019 P1=1023 P2=  -1 T1=1020 T2= 921  P=  -1  D=  -1 
 X= 861 X2=1023  Y= 987 Y2=1023 P1=1023 P2=  -1 T1=1023 T2= 934  P=  -1  D=  -1 
 X= 894 X2=1023  Y= 980 Y2=1023 P1=1023 P2=  -1 T1=1019 T2= 912  P=  -1  D=  -1 
 X= 971 X2=1023  Y= 986 Y2=1019 P1=1023 P2=  -1 T1=1020 T2= 925  P=  -1  D=  -1 
 X= 953 X2=1023  Y= 982 Y2=1019 P1=1023 P2=  -1 T1=1023 T2= 925  P=  -1  D=  -1 
 X=1023 X2=1011  Y= 980 Y2=1020 P1=1023 P2=  -1 T1=1023 T2= 931  P=  -1  D=  -1 
 X= 855 X2=1022  Y= 997 Y2=1019 P1=1023 P2=  -1 T1=1020 T2= 934  P=  -1  D=  -1 
 X= 890 X2=1021  Y= 983 Y2=1020 P1=1023 P2=  -1 T1=1021 T2= 932  P=  -1  D=  -1 
 X= 971 X2=1020  Y= 979 Y2=1018 P1=1023 P2=  -1 T1=1019 T2= 924  P=  -1  D=  -1 
 X=1023 X2=1008  Y= 985 Y2=1021 P1=1023 P2=  -1 T1=1020 T2= 920  P=  -1  D=  -1 
 X= 858 X2=1023  Y= 986 Y2=1019 P1=1023 P2=  -1 T1=1023 T2= 943  P=  -1  D=  -1 
 X= 888 X2=1023  Y= 974 Y2=1019 P1=1023 P2=  -1 T1=1021 T2= 926  P=  -1  D=  -1 
 X=1012 X2=1001  Y= 980 Y2=1020 P1=1023 P2=  -1 T1=1023 T2= 938  P=  -1  D=  -1 
 X= 913 X2=1017  Y= 978 Y2=1023 P1=1023 P2=  -1 T1=1023 T2= 909  P=  -1  D=  -1 
 X= 962 X2=1023  Y= 983 Y2=1023 P1=1023 P2=  -1 T1=1023 T2= 909  P=  -1  D=  -1 
 X= 901 X2=1023  Y= 982 Y2=1022 P1=1023 P2=  -1 T1=1020 T2= 980  P=  -1  D=  -1 
 X=1003 X2=1001  Y= 990 Y2=1020 P1=1023 P2=  -1 T1=1020 T2= 913  P=  -1  D=  -1 
 X=1023 X2=1008  Y= 978 Y2=1019 P1=1023 P2=  -1 T1=1020 T2= 942  P=  -1  D=  -1 
 X= 969 X2=1019  Y= 977 Y2=1019 P1=1023 P2=  -1 T1=1019 T2= 920  P=  -1  D=  -1 
 X= 946 X2=1018  Y= 976 Y2=1023 P1=1023 P2=  -1 T1=1020 T2= 930  P=  -1  D=  -1 
 X= 849 X2=1022  Y= 991 Y2=1019 P1=1023 P2=  -1 T1=1022 T2= 928  P=  -1  D=  -1 
 X= 890 X2=1023  Y= 976 Y2=1023 P1=1023 P2=  -1 T1=1023 T2= 926  P=  -1  D=  -1 
 X= 981 X2=1012  Y= 982 Y2=1023 P1=1023 P2=  -1 T1=1020 T2= 923  P=  -1  D=  -1 
 X= 962 X2=1023  Y= 987 Y2=1019 P1=1023 P2=  -1 T1=1020 T2= 947  P=  -1  D=  -1 
 X=1023 X2=1014  Y= 966 Y2=1019 P1=1023 P2=  -1 T1=1023 T2= 943  P=  -1  D=  -1 
 X= 953 X2=1020  Y= 981 Y2=1020 P1=1023 P2=  -1 T1=1023 T2= 926  P=  -1  D=  -1 
 X= 904 X2=1023  Y= 989 Y2=1023 P1=1023 P2=  -1 T1=1023 T2= 949  P=  -1  D=  -1 
 X= 913 X2=1022  Y= 986 Y2=1023 P1=1023 P2=  -1 T1=1022 T2= 917  P=  -1  D=  -1 
 X= 973 X2=1022  Y= 984 Y2=1021 P1=1022 P2=  -1 T1=1023 T2= 930  P=  -1  D=  -1 
 X= 812 X2=1023  Y= 976 Y2=1019 P1=1023 P2=  -1 T1=1023 T2= 911  P=  -1  D=  -1 
 X= 802 X2=1023  Y= 989 Y2=1023 P1=1023 P2=  -1 T1=1023 T2= 917  P=  -1  D=  -1 
 X= 861 X2=1019  Y= 981 Y2=1023 P1=1023 P2=  -1 T1=1020 T2= 912  P=  -1  D=  -1 
 X= 885 X2=1018  Y= 985 Y2=1019 P1=1023 P2=  -1 T1=1017 T2= 934  P=  -1  D=  -1 
 X= 960 X2= 991  Y= 984 Y2=1018 P1=1023 P2=  -1 T1=1023 T2= 924  P=  -1  D=  -1 
 X=1023 X2=1014  Y= 981 Y2=1023 P1=1023 P2=  -1 T1=1023 T2= 923  P=  -1  D=  -1 
 X= 964 X2=1021  Y= 980 Y2=1019 P1=1023 P2=  -1 T1=1023 T2= 933  P=  -1  D=  -1 
 X= 906 X2=1023  Y= 990 Y2=1023 P1=1023 P2=  -1 T1=1023 T2= 927  P=  -1  D=  -1 
 X= 937 X2=1023  Y= 978 Y2=1023 P1=1023 P2=  -1 T1=1018 T2= 940  P=  -1  D=  -1 
 X= 857 X2=1023  Y= 990 Y2=1023 P1=1023 P2=  -1 T1=1020 T2= 937  P=  -1  D=  -1 
 X= 866 X2=1022  Y= 981 Y2=1018 P1=1023 P2=  -1 T1=1020 T2= 924  P=  -1  D=  -1 
 X= 963 X2=1023  Y= 985 Y2=1023 P1=1023 P2=  -1 T1=1023 T2= 951  P=  -1  D=  -1 
 X= 998 X2=1012  Y= 989 Y2=1023 P1=1021 P2=  -1 T1=1020 T2= 929  P=  -1  D=  -1 
 X= 964 X2=1019  Y= 988 Y2=1020 P1=1023 P2=  -1 T1=1023 T2= 931  P=  -1  D=  -1 
 X= 970 X2= 996  Y= 981 Y2=1023 P1=1023 P2=  -1 T1=1023 T2= 941  P=  -1  D=  -1 
 X=1023 X2=1008  Y= 989 Y2=1023 P1=1023 P2=  -1 T1=1023 T2= 937  P=  -1  D=  -1 
 X= 920 X2=1023  Y= 978 Y2=1019 P1=1023 P2=  -1 T1=1020 T2= 929  P=  -1  D=  -1 
 X= 950 X2=1021  Y=1019 Y2=1023 P1=1023 P2=  -1 T1=1020 T2=1012  P=  -1  D=  -1 
 X= 953 X2=1013  Y= 989 Y2=1023 P1=1023 P2=  -1 T1=1023 T2= 927  P=  -1  D=  -1 
 X= 897 X2=1021  Y= 987 Y2=1017 P1=1023 P2=  -1 T1=1019 T2= 930  P=  -1  D=  -1 
 X=1005 X2=1011  Y= 983 Y2=1023 P1=1023 P2=  -1 T1=1020 T2= 935  P=  -1  D=  -1 
 X=1008 X2=1004  Y= 990 Y2=1018 P1=1023 P2=  -1 T1=1019 T2= 922  P=  -1  D=  -1 
 X= 995 X2=1002  Y= 985 Y2=1023 P1=1023 P2=  -1 T1=1023 T2= 917  P=  -1  D=  -1 
 X=1023 X2=1013  Y= 987 Y2=1023 P1=1023 P2=  -1 T1=1023 T2= 938  P=  -1  D=  -1 
 X= 969 X2=1003  Y= 990 Y2=1023 P1=1023 P2=  -1 T1=1021 T2= 921  P=  -1  D=  -1 
 X= 810 X2=1023  Y= 980 Y2=1019 P1=1023 P2=  -1 T1=1023 T2= 928  P=  -1  D=  -1 
 X= 893 X2=1023  Y= 981 Y2=1023 P1=1023 P2=  -1 T1=1021 T2= 928  P=  -1  D=  -1 
 X= 900 X2=1021  Y= 983 Y2=1023 P1=1023 P2=  -1 T1=1023 T2= 912  P=  -1  D=  -1 
 X= 971 X2=1022  Y= 991 Y2=1023 P1=1023 P2=  -1 T1=1023 T2=1004  P=  -1  D=  -1 
 X= 900 X2=1022  Y= 995 Y2=1019 P1=1023 P2=  -1 T1=1023 T2= 931  P=  -1  D=  -1 
 X= 989 X2=1015  Y= 981 Y2=1023 P1=1023 P2=  -1 T1=1023 T2= 930  P=  -1  D=  -1 
 X= 990 X2=1013  Y= 983 Y2=1018 P1=1023 P2=  -1 T1=1023 T2= 934  P=  -1  D=  -1 
 X=1023 X2=1014  Y= 989 Y2=1019 P1=1023 P2=  -1 T1=1017 T2= 938  P=  -1  D=  -1 
 X= 956 X2=1022  Y= 979 Y2=1023 P1=1023 P2=  -1 T1=1023 T2= 920  P=  -1  D=  -1 
 X= 941 X2=1022  Y= 979 Y2=1019 P1=1023 P2=  -1 T1=1023 T2= 932  P=  -1  D=  -1 
 X= 811 X2=1023  Y= 990 Y2=1023 P1=1023 P2=  -1 T1=1023 T2= 919  P=  -1  D=  -1 
 X= 526 X2= 527  Y= 521 Y2= 522 P1= 807 P2= 396 T1=  18 T2=  17  P= 545  D=  -1 * 0
 X= 528 X2= 528  Y= 522 Y2= 521 P1= 809 P2= 394 T1=  18 T2=  17  P= 555  D=  -1 * 0
 X= 527 X2= 527  Y= 523 Y2= 522 P1= 811 P2= 391 T1=  17 T2=  17  P= 565  D=  -1 * 0
 X= 526 X2= 527  Y= 523 Y2= 523 P1= 811 P2= 390 T1=  18 T2=  18  P= 567  D=  -1 * 0
 X= 527 X2= 524  Y= 523 Y2= 522 P1= 810 P2= 393 T1=  17 T2=  18  P= 557  D=  -1 * 1
 X= 526 X2= 525  Y= 522 Y2= 519 P1= 810 P2= 392 T1=  18 T2=  17  P= 559  D=  -1 * 2
 X= 526 X2= 526  Y= 522 Y2= 522 P1= 810 P2= 392 T1=  18 T2=  17  P= 560  D=  -1 * 3
 X= 528 X2= 525  Y= 522 Y2= 524 P1= 810 P2= 392 T1=  18 T2=  17  P= 560  D=  -1 * 4
 X= 526 X2= 528  Y= 522 Y2= 523 P1= 810 P2= 392 T1=  17 T2=  18  P= 561  D=  -1 * 5
 X= 526 X2= 526  Y= 521 Y2= 522 P1= 810 P2= 392 T1=  17 T2=  18  P= 560  D=  -1 * 6
 X= 526 X2= 526  Y= 521 Y2= 522 P1= 810 P2= 392 T1=  16 T2=  18  P= 560  D=  -1 * 7
 X= 528 X2= 526  Y= 519 Y2= 521 P1= 810 P2= 393 T1=  17 T2=  17  P= 559  D=  -1 * 8
 X= 526 X2= 526  Y= 522 Y2= 522 P1= 809 P2= 393 T1=  16 T2=  18  P= 556  D=  -1 * 9
 X= 526 X2= 526  Y= 521 Y2= 521 P1= 809 P2= 393 T1=  18 T2=  17  P= 556  D=  -1 * 10
 X= 526 X2= 525  Y= 521 Y2= 521 P1= 809 P2= 393 T1=  18 T2=  18  P= 555  D=  -1 * 11
 X= 526 X2= 526  Y= 521 Y2= 521 P1= 809 P2= 394 T1=  17 T2=  18  P= 553  D=  -1 * 12
 X= 530 X2= 526  Y= 521 Y2= 522 P1= 809 P2= 394 T1=  18 T2=  17  P= 555  D=  -1 * 13
 X= 526 X2= 526  Y= 521 Y2= 521 P1= 809 P2= 394 T1=  18 T2=  14  P= 553  D=  -1 * 14
 X= 526 X2= 526  Y= 522 Y2= 521 P1= 808 P2= 394 T1=  17 T2=  17  P= 552  D=  -1 * 15
 X= 526 X2= 526  Y= 521 Y2= 522 P1= 808 P2= 394 T1=  18 T2=  17  P= 552  D=  -1 * 16
 X= 525 X2= 525  Y= 522 Y2= 521 P1= 808 P2= 394 T1=  17 T2=  19  P= 551  D=  -1 * 17
 X= 525 X2= 525  Y= 521 Y2= 522 P1= 809 P2= 394 T1=  17 T2=  17  P= 552  D=  -1 * 18
 X= 525 X2= 527  Y= 521 Y2= 521 P1= 808 P2= 395 T1=  18 T2=  18  P= 549  D=  -1 * 19
 X= 526 X2= 526  Y= 521 Y2= 521 P1= 809 P2= 394 T1=  17 T2=  17  P= 553  D=  -1 * 20
 X= 526 X2= 526  Y= 522 Y2= 521 P1= 809 P2= 394 T1=  17 T2=  18  P= 553  D=  -1 * 21
 X= 526 X2= 527  Y= 522 Y2= 521 P1= 809 P2= 395 T1=  17 T2=  17  P= 551  D=  -1 * 22
 X= 526 X2= 525  Y= 521 Y2= 521 P1= 808 P2= 394 T1=  17 T2=  17  P= 551  D=  -1 * 23
 X= 526 X2= 525  Y= 521 Y2= 522 P1= 808 P2= 394 T1=  18 T2=  18  P= 551  D=  -1 * 24
Remove Pin
 X= 526 X2= 524  Y= 521 Y2= 521 P1= 808 P2= 394 T1=  17 T2=  18  P= 551  D=  -1 * 24
 X= 526 X2= 526  Y= 521 Y2= 517 P1= 808 P2= 395 T1=  17 T2=  19  P= 549  D=  -1 * 24
 X= 523 X2= 526  Y= 521 Y2= 521 P1= 808 P2= 395 T1=  17 T2=  16  P= 547  D=  -1 * 24
 X= 525 X2= 526  Y= 521 Y2= 521 P1= 808 P2= 394 T1=  18 T2=  18  P= 551  D=  -1 * 24
 X= 528 X2= 525  Y= 522 Y2= 521 P1= 808 P2= 395 T1=  17 T2=  18  P= 549  D=  -1 * 24
 X= 526 X2= 525  Y= 521 Y2= 521 P1= 808 P2= 395 T1=  17 T2=  17  P= 548  D=  -1 * 24
 X= 526 X2= 525  Y= 521 Y2= 521 P1= 808 P2= 395 T1=  19 T2=  17  P= 548  D=  -1 * 24
 X= 525 X2= 526  Y= 520 Y2= 522 P1= 808 P2= 395 T1=  18 T2=  18  P= 548  D=  -1 * 24
 X= 526 X2= 525  Y= 521 Y2= 521 P1= 809 P2= 395 T1=  18 T2=  17  P= 550  D=  -1 * 24
 X= 524 X2= 526  Y= 522 Y2= 521 P1= 808 P2= 395 T1=  17 T2=  18  P= 548  D=  -1 * 24
 X= 525 X2= 525  Y= 521 Y2= 521 P1= 808 P2= 395 T1=  17 T2=  18  P= 548  D=  -1 * 24
 X= 526 X2= 526  Y= 520 Y2= 521 P1= 808 P2= 395 T1=  17 T2=  17  P= 549  D=  -1 * 24
 X= 527 X2= 525  Y= 521 Y2= 521 P1= 808 P2= 395 T1=  18 T2=  15  P= 549  D=  -1 * 24
 X= 526 X2= 526  Y= 520 Y2= 521 P1= 808 P2= 395 T1=  17 T2=  17  P= 549  D=  -1 * 24
 X= 525 X2= 525  Y= 521 Y2= 523 P1= 807 P2= 395 T1=  18 T2=  18  P= 547  D=  -1 * 24
 X= 526 X2= 525  Y= 521 Y2= 521 P1= 808 P2= 395 T1=  18 T2=  17  P= 548  D=  -1 * 24
 X= 526 X2= 526  Y= 522 Y2= 521 P1= 809 P2= 396 T1=  18 T2=  17  P= 548  D=  -1 * 24
 X= 527 X2= 526  Y= 522 Y2= 522 P1= 808 P2= 395 T1=  17 T2=  17  P= 549  D=  -1 * 24
 X= 526 X2= 526  Y= 521 Y2= 521 P1= 811 P2= 396 T1=  17 T2=  17  P= 550  D=  -1 * 24
 X= 528 X2= 525  Y= 521 Y2= 521 P1= 807 P2= 395 T1=  18 T2=  18  P= 548  D=  -1 * 24
 X= 525 X2= 527  Y= 522 Y2= 522 P1= 808 P2= 395 T1=  17 T2=  17  P= 549  D=  -1 * 24
 X= 526 X2= 526  Y= 521 Y2= 522 P1= 808 P2= 396 T1=  17 T2=  17  P= 547  D=  -1 * 24
 X= 527 X2= 525  Y= 522 Y2= 521 P1= 808 P2= 395 T1=  18 T2=  17  P= 549  D=  -1 * 24
 X= 527 X2= 524  Y= 522 Y2= 521 P1= 808 P2= 395 T1=  18 T2=  18  P= 548  D=  -1 * 24
 X= 526 X2= 525  Y= 521 Y2= 528 P1= 808 P2= 395 T1=  18 T2=  17  P= 548  D=  -1 * 24
 X= 525 X2= 526  Y= 521 Y2= 521 P1= 808 P2= 395 T1=  17 T2=  17  P= 548  D=  -1 * 24
 X= 525 X2= 526  Y= 521 Y2= 521 P1= 808 P2= 395 T1=  17 T2=  17  P= 548  D=  -1 * 24
 X= 526 X2= 525  Y= 522 Y2= 521 P1= 808 P2= 396 T1=  18 T2=  17  P= 546  D=  -1 * 24
 X= 526 X2= 526  Y= 522 Y2= 521 P1= 808 P2= 395 T1=  17 T2=  17  P= 549  D=  -1 * 24
 X= 525 X2= 525  Y= 522 Y2= 521 P1= 808 P2= 395 T1=  17 T2=  17  P= 548  D=  -1 * 24
 X= 993 X2=1011  Y= 986 Y2=1020 P1=1023 P2=   0 T1=1020 T2= 918  P= 548  D=  -1 
 X= 935 X2=1022  Y= 980 Y2=1019 P1=1023 P2=   0 T1=1020 T2= 938  P= 548  D=  -1 
 X= 946 X2=1021  Y= 986 Y2=1023 P1=1023 P2=   0 T1=1023 T2= 936  P= 548  D=  -1 
target state=1 point=23,22
 X= 939 X2=1022  Y= 983 Y2=1020 P1=1023 P2=   0 T1=1023 T2= 936  P= 548  D=  -1 
 X= 885 X2=1023  Y= 982 Y2=1019 P1=1023 P2=   0 T1=1019 T2= 932  P= 548  D=  -1 
 X= 912 X2=1023  Y= 976 Y2=1018 P1=1023 P2=   0 T1=1020 T2= 911  P= 548  D=  -1 
 X= 931 X2=1018  Y= 991 Y2=1023 P1=1023 P2=   0 T1=1023 T2= 929  P= 548  D=  -1 
 X= 942 X2=1017  Y= 987 Y2=1023 P1=1023 P2=   0 T1=1023 T2= 913  P= 548  D=  -1 
 X= 934 X2=1020  Y= 974 Y2=1019 P1=1023 P2=   0 T1=1019 T2= 933  P= 548  D=  -1 
 X=1023 X2=1015  Y= 980 Y2=1023 P1=1023 P2=   0 T1=1023 T2= 931  P= 548  D=  -1 
 X= 910 X2=1023  Y= 994 Y2=1023 P1=1023 P2=   0 T1=1023 T2= 906  P= 548  D=  -1 
 X= 923 X2=1023  Y= 990 Y2=1019 P1=1023 P2=   0 T1=1023 T2= 937  P= 548  D=  -1 
 X= 954 X2=1020  Y= 986 Y2=1019 P1=1023 P2=   0 T1=1023 T2= 906  P= 548  D=  -1 
 X= 782 X2=1023  Y= 985 Y2=1023 P1=1023 P2=   0 T1=1023 T2= 927  P= 548  D=  -1 
 X= 801 X2=1023  Y= 986 Y2=1019 P1=1023 P2=   0 T1=1023 T2= 901  P= 548  D=  -1 
 X= 996 X2=1007  Y= 992 Y2=1023 P1=1023 P2=   0 T1=1021 T2= 936  P= 548  D=  -1 
 X= 987 X2=1013  Y= 972 Y2=1023 P1=1023 P2=   0 T1=1023 T2= 926  P= 548  D=  -1 
 X=1023 X2= 996  Y= 985 Y2=1019 P1=1023 P2=   0 T1=1018 T2= 939  P= 548  D=  -1 
 X=1023 X2=1015  Y= 984 Y2=1023 P1=1023 P2=   0 T1=1023 T2= 933  P= 548  D=  -1 
 X=1007 X2=1002  Y= 976 Y2=1023 P1=1023 P2=   0 T1=1023 T2= 917  P= 548  D=  -1 
 X= 926 X2=1023  Y= 986 Y2=1019 P1=1023 P2=   0 T1=1020 T2= 945  P= 548  D=  -1 
 X= 937 X2=1023  Y= 987 Y2=1023 P1=1023 P2=   0 T1=1020 T2= 931  P= 548  D=  -1 
 X= 954 X2=1013  Y= 980 Y2=1023 P1=1023 P2=   0 T1=1023 T2= 929  P= 548  D=  -1 
 X= 822 X2=1023  Y= 978 Y2=1019 P1=1022 P2=   0 T1=1023 T2= 917  P= 548  D=  -1 
 X=1012 X2=1023  Y=1019 Y2=1023 P1=1023 P2=   0 T1=1020 T2=1017  P= 548  D=  -1 
 X= 959 X2=1022  Y= 989 Y2=1023 P1=1023 P2=   0 T1=1019 T2= 942  P= 548  D=  -1 
 X= 951 X2=1022  Y= 976 Y2=1023 P1=1023 P2=   0 T1=1020 T2= 932  P= 548  D=  -1 
 X=1014 X2=1005  Y= 985 Y2=1019 P1=1023 P2=   0 T1=1020 T2= 926  P= 548  D=  -1 
 X= 971 X2=1002  Y= 986 Y2=1019 P1=1023 P2=   0 T1=1023 T2= 939  P= 548  D=  -1 
 X= 859 X2=1022  Y= 988 Y2=1018 P1=1023 P2=   0 T1=1023 T2= 911  P= 548  D=  -1 
 X= 916 X2=1022  Y= 991 Y2=1023 P1=1023 P2=   0 T1=1023 T2= 921  P= 548  D=  -1 
 X= 995 X2=1014  Y= 991 Y2=1023 P1=1023 P2=   0 T1=1023 T2= 937  P= 548  D=  -1 
 X= 942 X2=1023  Y= 991 Y2=1023 P1=1023 P2=   0 T1=1021 T2= 937  P= 548  D=  -1 
 X= 950 X2=1010  Y= 979 Y2=1020 P1=1023 P2=   0 T1=1023 T2= 923  P= 548  D=  -1 
 X= 881 X2=1018  Y= 982 Y2=1018 P1=1023 P2=   0 T1=1023 T2= 939  P= 548  D=  -1 
 X= 974 X2=1014  Y= 991 Y2=1019 P1=1023 P2=   0 T1=1023 T2= 935  P= 548  D=  -1 
 X= 960 X2=1022  Y= 990 Y2=1023 P1=1023 P2=   0 T1=1023 T2= 930  P= 548  D=  -1 
 X= 959 X2=1023  Y= 986 Y2=1023 P1=1023 P2=   0 T1=1023 T2= 909  P= 548  D=  -1 
 X= 959 X2=1023  Y= 976 Y2=1019 P1=1023 P2=   0 T1=1023 T2= 916  P= 548  D=  -1 
 X= 848 X2=1023  Y= 982 Y2=1019 P1=1023 P2=   0 T1=1020 T2= 899  P= 548  D=  -1 
 X= 986 X2=1004  Y= 984 Y2=1023 P1=1023 P2=   0 T1=1020 T2= 910  P= 548  D=  -1 
 X= 935 X2=1023  Y= 985 Y2=1019 P1=1023 P2=   0 T1=1020 T2= 931  P= 548  D=  -1 
 X= 844 X2=1023  Y= 984 Y2=1023 P1=1023 P2=   0 T1=1023 T2= 918  P= 548  D=  -1 
 X=1023 X2=1007  Y= 988 Y2=1023 P1=1023 P2=   0 T1=1023 T2= 924  P= 548  D=  -1 
 X= 971 X2=1020  Y= 999 Y2=1019 P1=1023 P2=   0 T1=1020 T2= 921  P= 548  D=  -1 
 X=1023 X2=1008  Y= 984 Y2=1023 P1=1023 P2=   0 T1=1023 T2= 931  P= 548  D=  -1 
 X= 959 X2=1020  Y= 979 Y2=1019 P1=1023 P2=   0 T1=1019 T2= 937  P= 548  D=  -1 
 X= 817 X2=1023  Y= 988 Y2=1023 P1=1023 P2=   0 T1=1023 T2= 920  P= 548  D=  -1 
 X= 942 X2=1023  Y= 985 Y2=1023 P1=1023 P2=   0 T1=1023 T2= 946  P= 548  D=  -1 
 X= 905 X2=1023  Y= 984 Y2=1023 P1=1023 P2=   0 T1=1023 T2= 928  P= 548  D=  -1 
 X= 993 X2=1008  Y= 984 Y2=1021 P1=1023 P2=   0 T1=1023 T2= 912  P= 548  D=  -1 
 X= 977 X2=1013  Y= 986 Y2=1023 P1=1023 P2=   0 T1=1019 T2= 929  P= 548  D=  -1 
 X= 975 X2=1022  Y= 989 Y2=1023 P1=1023 P2=   0 T1=1019 T2= 936  P= 548  D=  -1 
 X= 913 X2=1019  Y= 992 Y2=1019 P1=1023 P2=   0 T1=1023 T2= 931  P= 548  D=  -1 
 X= 914 X2=1023  Y= 983 Y2=1023 P1=1023 P2=   0 T1=1023 T2= 908  P= 548  D=  -1 
 X=1023 X2=1019  Y= 974 Y2=1020 P1=1023 P2=   0 T1=1023 T2= 943  P= 548  D=  -1 
 X= 959 X2=1021  Y= 982 Y2=1023 P1=1023 P2=   0 T1=1020 T2= 912  P= 548  D=  -1 
 X= 904 X2=1023  Y= 990 Y2=1019 P1=1023 P2=   0 T1=1019 T2= 926  P= 548  D=  -1 
 X= 976 X2=1023  Y= 986 Y2=1023 P1=1023 P2=   0 T1=1020 T2= 915  P= 548  D=  -1 
 X= 978 X2=1014  Y= 980 Y2=1019 P1=1023 P2=   0 T1=1023 T2= 923  P= 548  D=  -1 
 X= 870 X2=1016  Y= 989 Y2=1019 P1=1023 P2=   0 T1=1021 T2= 927  P= 548  D=  -1 
 X= 959 X2=1023  Y= 981 Y2=1023 P1=1023 P2=   0 T1=1021 T2= 933  P= 548  D=  -1 
 X= 242 X2= 234  Y= 327 Y2= 320 P1= 688 P2= 192 T1=  21 T2=  20  P= 614  D=  -1 * 0
 X= 241 X2= 239  Y= 326 Y2= 320 P1= 689 P2= 192 T1=  22 T2=  20  P= 621  D=  -1 * 0
 X= 241 X2= 238  Y= 326 Y2= 319 P1= 686 P2= 192 T1=  21 T2=  19  P= 614  D=  -1 * 0
 X= 239 X2= 237  Y= 326 Y2= 319 P1= 686 P2= 193 T1=  21 T2=  21  P= 607  D=  -1 * 0
 X= 240 X2= 238  Y= 326 Y2= 319 P1= 686 P2= 193 T1=  20 T2=  21  P= 610  D=  -1 * 1
 X= 240 X2= 237  Y= 326 Y2= 321 P1= 686 P2= 193 T1=  21 T2=  21  P= 607  D=  -1 * 2
 X= 241 X2= 238  Y= 326 Y2= 319 P1= 685 P2= 193 T1=  21 T2=  22  P= 609  D=  -1 * 3
 X= 240 X2= 238  Y= 326 Y2= 319 P1= 685 P2= 194 T1=  21 T2=  22  P= 604  D=  -1 * 4
 X= 241 X2= 237  Y= 326 Y2= 319 P1= 684 P2= 194 T1=  21 T2=  21  P= 603  D=  -1 * 5
 X= 240 X2= 237  Y= 326 Y2= 319 P1= 684 P2= 194 T1=  21 T2=  21  P= 600  D=  -1 * 6
 X= 242 X2= 238  Y= 326 Y2= 319 P1= 684 P2= 194 T1=  21 T2=  21  P= 606  D=  -1 * 7
 X= 240 X2= 237  Y= 326 Y2= 319 P1= 684 P2= 194 T1=  20 T2=  21  P= 600  D=  -1 * 8
 X= 240 X2= 237  Y= 326 Y2= 319 P1= 684 P2= 194 T1=  21 T2=  22  P= 600  D=  -1 * 9
 X= 240 X2= 238  Y= 326 Y2= 319 P1= 684 P2= 194 T1=  20 T2=  21  P= 603  D=  -1 * 10
 X= 240 X2= 238  Y= 326 Y2= 320 P1= 684 P2= 194 T1=  21 T2=  21  P= 603  D=  -1 * 11
 X= 240 X2= 238  Y= 326 Y2= 318 P1= 684 P2= 194 T1=  22 T2=  21  P= 603  D=  -1 * 12
 X= 239 X2= 238  Y= 326 Y2= 319 P1= 684 P2= 194 T1=  21 T2=  21  P= 600  D=  -1 * 13
 X= 240 X2= 238  Y= 325 Y2= 318 P1= 683 P2= 194 T1=  22 T2=  20  P= 602  D=  -1 * 14
 X= 240 X2= 237  Y= 326 Y2= 318 P1= 683 P2= 195 T1=  21 T2=  21  P= 595  D=  -1 * 15
 X= 242 X2= 237  Y= 325 Y2= 319 P1= 684 P2= 194 T1=  21 T2=  21  P= 603  D=  -1 * 16
 X= 241 X2= 237  Y= 326 Y2= 319 P1= 684 P2= 194 T1=  21 T2=  21  P= 603  D=  -1 * 17
 X= 239 X2= 237  Y= 327 Y2= 319 P1= 683 P2= 194 T1=  21 T2=  21  P= 599  D=  -1 * 18
 X= 241 X2= 237  Y= 326 Y2= 319 P1= 684 P2= 194 T1=  21 T2=  21  P= 603  D=  -1 * 19
 X= 239 X2= 237  Y= 325 Y2= 321 P1= 683 P2= 194 T1=  20 T2=  21  P= 599  D=  -1 * 20
 X= 240 X2= 239  Y= 326 Y2= 320 P1= 684 P2= 194 T1=  21 T2=  22  P= 603  D=  -1 * 21
 X= 240 X2= 236  Y= 325 Y2= 319 P1= 684 P2= 194 T1=  21 T2=  21  P= 600  D=  -1 * 22
 X= 240 X2= 238  Y= 326 Y2= 319 P1= 684 P2= 194 T1=  20 T2=  20  P= 603  D=  -1 * 23
 X= 240 X2= 237  Y= 325 Y2= 319 P1= 684 P2= 194 T1=  21 T2=  20  P= 600  D=  -1 * 24
Remove Pin
 X= 240 X2= 238  Y= 326 Y2= 318 P1= 683 P2= 194 T1=  21 T2=  21  P= 602  D=  -1 * 24
 X= 240 X2= 238  Y= 327 Y2= 319 P1= 684 P2= 194 T1=  20 T2=  21  P= 603  D=  -1 * 24
 X= 240 X2= 237  Y= 325 Y2= 320 P1= 683 P2= 195 T1=  20 T2=  21  P= 595  D=  -1 * 24
 X= 239 X2= 236  Y= 326 Y2= 319 P1= 684 P2= 194 T1=  20 T2=  21  P= 598  D=  -1 * 24
 X= 242 X2= 238  Y= 326 Y2= 319 P1= 683 P2= 194 T1=  20 T2=  20  P= 604  D=  -1 * 24
 X= 239 X2= 238  Y= 327 Y2= 320 P1= 683 P2= 195 T1=  21 T2=  21  P= 595  D=  -1 * 24
 X= 242 X2= 238  Y= 323 Y2= 319 P1= 683 P2= 194 T1=  21 T2=  21  P= 604  D=  -1 * 24
 X= 240 X2= 238  Y= 325 Y2= 319 P1= 683 P2= 194 T1=  21 T2=  20  P= 602  D=  -1 * 24
 X= 245 X2= 238  Y= 326 Y2= 319 P1= 683 P2= 194 T1=  20 T2=  21  P= 607  D=  -1 * 24
 X= 242 X2= 237  Y= 324 Y2= 319 P1= 684 P2= 195 T1=  21 T2=  21  P= 599  D=  -1 * 24
 X= 240 X2= 237  Y= 326 Y2= 321 P1= 683 P2= 194 T1=  21 T2=  20  P= 599  D=  -1 * 24
 X= 241 X2= 239  Y= 326 Y2= 319 P1= 683 P2= 194 T1=  21 T2=  21  P= 604  D=  -1 * 24
 X= 240 X2= 237  Y= 326 Y2= 319 P1= 684 P2= 194 T1=  21 T2=  21  P= 600  D=  -1 * 24
 X= 240 X2= 238  Y= 326 Y2= 320 P1= 683 P2= 194 T1=  19 T2=  21  P= 602  D=  -1 * 24
 X= 240 X2= 237  Y= 326 Y2= 320 P1= 684 P2= 194 T1=  21 T2=  20  P= 600  D=  -1 * 24
 X= 239 X2= 236  Y= 325 Y2= 318 P1= 683 P2= 195 T1=  21 T2=  21  P= 592  D=  -1 * 24
 X= 241 X2= 236  Y= 328 Y2= 321 P1= 687 P2= 192 T1=  21 T2=  21  P= 613  D=  -1 * 24
 X= 239 X2= 237  Y= 328 Y2= 322 P1= 692 P2= 189 T1=  21 T2=  22  P= 633  D=  -1 * 24
 X= 898 X2=1023  Y= 982 Y2=1019 P1=1023 P2=   0 T1=1023 T2= 907  P= 633  D=  -1 
 X= 914 X2=1023  Y= 977 Y2=1020 P1=1023 P2=   0 T1=1023 T2= 937  P= 633  D=  -1 
 X= 916 X2=1017  Y= 990 Y2=1021 P1=1023 P2=   0 T1=1023 T2= 919  P= 633  D=  -1 
target state=2 point=456,22
 X= 939 X2=1023  Y= 993 Y2=1023 P1=1023 P2=   0 T1=1023 T2= 908  P= 633  D=  -1 
 X= 906 X2=1023  Y= 985 Y2=1023 P1=1023 P2=   0 T1=1020 T2= 920  P= 633  D=  -1 
 X= 988 X2=1008  Y= 978 Y2=1023 P1=1023 P2=   0 T1=1023 T2= 942  P= 633  D=  -1 
 X= 987 X2=1017  Y= 973 Y2=1023 P1=1023 P2=   0 T1=1020 T2= 930  P= 633  D=  -1 
 X= 940 X2=1023  Y= 988 Y2=1023 P1=1023 P2=   0 T1=1021 T2= 929  P= 633  D=  -1 
 X= 949 X2=1004  Y= 982 Y2=1023 P1=1023 P2=   0 T1=1020 T2= 943  P= 633  D=  -1 
 X= 934 X2=1008  Y= 979 Y2=1019 P1=1023 P2=   0 T1=1023 T2= 930  P= 633  D=  -1 
 X= 966 X2=1023  Y= 996 Y2=1023 P1=1023 P2=   0 T1=1023 T2= 934  P= 633  D=  -1 
 X= 949 X2=1023  Y= 988 Y2=1023 P1=1022 P2=   0 T1=1023 T2= 941  P= 633  D=  -1 
 X= 958 X2=1023  Y= 989 Y2=1019 P1=1023 P2=   0 T1=1023 T2= 927  P= 633  D=  -1 
 X= 806 X2=1023  Y= 985 Y2=1023 P1=1023 P2=   0 T1=1023 T2= 916  P= 633  D=  -1 
 X=1023 X2=1011  Y= 982 Y2=1023 P1=1023 P2=   0 T1=1020 T2= 918  P= 633  D=  -1 
 X= 983 X2=1013  Y= 978 Y2=1023 P1=1023 P2=   0 T1=1023 T2= 934  P= 633  D=  -1 
 X= 917 X2=1023  Y= 985 Y2=1019 P1=1023 P2=   0 T1=1019 T2= 904  P= 633  D=  -1 
 X= 990 X2=1023  Y=1015 Y2=1023 P1=1023 P2=   0 T1=1019 T2=1017  P= 633  D=  -1 
 X= 828 X2=1023  Y= 994 Y2=1019 P1=1023 P2=   0 T1=1023 T2= 931  P= 633  D=  -1 
 X= 929 X2=1023  Y= 981 Y2=1023 P1=1023 P2=   0 T1=1023 T2= 925  P= 633  D=  -1 
 X= 973 X2=1023  Y= 988 Y2=1017 P1=1023 P2=   0 T1=1018 T2= 927  P= 633  D=  -1 
 X= 866 X2=1017  Y= 989 Y2=1023 P1=1023 P2=   0 T1=1020 T2= 906  P= 633  D=  -1 
 X= 950 X2=1023  Y= 988 Y2=1023 P1=1023 P2=   0 T1=1023 T2= 920  P= 633  D=  -1 
 X= 974 X2=1023  Y= 990 Y2=1023 P1=1023 P2=   0 T1=1020 T2= 925  P= 633  D=  -1 
 X= 924 X2=1018  Y= 979 Y2=1020 P1=1023 P2=   0 T1=1019 T2= 936  P= 633  D=  -1 
 X= 865 X2=1015  Y= 981 Y2=1023 P1=1023 P2=   0 T1=1019 T2= 916  P= 633  D=  -1 
 X= 971 X2= 994  Y= 976 Y2=1019 P1=1023 P2=   0 T1=1023 T2= 916  P= 633  D=  -1 
 X= 948 X2=1004  Y= 987 Y2=1019 P1=1023 P2=   0 T1=1021 T2= 915  P= 633  D=  -1 
 X= 957 X2=1023  Y= 978 Y2=1018 P1=1023 P2=   0 T1=1023 T2= 931  P= 633  D=  -1 
 X= 899 X2=1023  Y= 974 Y2=1019 P1=1023 P2=   0 T1=1023 T2= 936  P= 633  D=  -1 
 X=1001 X2=1009  Y= 984 Y2=1020 P1=1023 P2=   0 T1=1019 T2= 927  P= 633  D=  -1 
 X= 842 X2=1022  Y= 988 Y2=1023 P1=1023 P2=   0 T1=1023 T2= 928  P= 633  D=  -1 
 X= 818 X2=1023  Y= 981 Y2=1022 P1=1023 P2=   0 T1=1019 T2= 929  P= 633  D=  -1 
 X=1023 X2=1015  Y= 981 Y2=1019 P1=1023 P2=   0 T1=1020 T2= 911  P= 633  D=  -1 
 X= 951 X2=1023  Y= 970 Y2=1023 P1=1023 P2=   0 T1=1019 T2= 954  P= 633  D=  -1 
 X= 962 X2=1009  Y= 980 Y2=1023 P1=1023 P2=   0 T1=1020 T2= 909  P= 633  D=  -1 
 X= 955 X2=1023  Y= 995 Y2=1019 P1=1023 P2=   0 T1=1021 T2= 933  P= 633  D=  -1 
 X= 995 X2=1023  Y= 979 Y2=1019 P1=1023 P2=   0 T1=1020 T2= 931  P= 633  D=  -1 
 X= 956 X2=1023  Y= 980 Y2=1023 P1=1023 P2=   0 T1=1023 T2= 923  P= 633  D=  -1 
 X= 944 X2=1021  Y= 983 Y2=1023 P1=1023 P2=   0 T1=1023 T2= 932  P= 633  D=  -1 
 X= 867 X2=1016  Y= 994 Y2=1023 P1=1023 P2=   0 T1=1020 T2= 928  P= 633  D=  -1 
 X= 884 X2=1020  Y= 991 Y2=1023 P1=1023 P2=   0 T1=1023 T2= 907  P= 633  D=  -1 
 X= 953 X2= 994  Y= 979 Y2=1019 P1=1023 P2=   0 T1=1023 T2= 937  P= 633  D=  -1 
 X=1021 X2=1015  Y= 982 Y2=1018 P1=1023 P2=   0 T1=1023 T2= 915  P= 633  D=  -1 
 X= 926 X2=1023  Y= 979 Y2=1023 P1=1023 P2=   0 T1=1023 T2= 938  P= 633  D=  -1 
 X= 881 X2=1023  Y= 992 Y2=1019 P1=1023 P2=   0 T1=1020 T2= 921  P= 633  D=  -1 
 X= 920 X2=1023  Y=1000 Y2=1022 P1=1023 P2=   0 T1=1023 T2= 917  P= 633  D=  -1 
 X= 883 X2=1023  Y= 976 Y2=1020 P1=1023 P2=   0 T1=1019 T2= 920  P= 633  D=  -1 
 X= 932 X2=1022  Y= 975 Y2=1023 P1=1023 P2=   0 T1=1023 T2= 934  P= 633  D=  -1 
 X=1001 X2=1012  Y= 973 Y2=1020 P1=1023 P2=   0 T1=1020 T2= 937  P= 633  D=  -1 
 X=1023 X2=1015  Y= 990 Y2=1023 P1=1023 P2=   0 T1=1021 T2= 944  P= 633  D=  -1 
 X=1006 X2= 995  Y= 988 Y2=1023 P1=1023 P2=   0 T1=1021 T2= 919  P= 633  D=  -1 
 X= 899 X2=1022  Y= 983 Y2=1023 P1=1023 P2=   0 T1=1023 T2= 929  P= 633  D=  -1 
 X= 985 X2=1019  Y= 995 Y2=1023 P1=1023 P2=   0 T1=1023 T2= 907  P= 633  D=  -1 
 X= 913 X2=1023  Y= 980 Y2=1018 P1=1023 P2=   0 T1=1021 T2= 926  P= 633  D=  -1 
 X= 893 X2=1023  Y= 982 Y2=1023 P1=1023 P2=   0 T1=1023 T2= 918  P= 633  D=  -1 
 X= 911 X2=1016  Y= 982 Y2=1023 P1=1023 P2=   0 T1=1023 T2= 918  P= 633  D=  -1 
 X= 840 X2=1023  Y= 981 Y2=1019 P1=1023 P2=   0 T1=1020 T2= 909  P= 633  D=  -1 
 X=1023 X2=1014  Y= 986 Y2=1020 P1=1023 P2=   0 T1=1021 T2= 941  P= 633  D=  -1 
 X= 854 X2=1023  Y= 972 Y2=1020 P1=1023 P2=   0 T1=1019 T2= 919  P= 633  D=  -1 
 X= 960 X2=1020  Y= 978 Y2=1020 P1=1023 P2=   0 T1=1023 T2= 933  P= 633  D=  -1 
 X= 826 X2= 824  Y= 333 Y2= 334 P1= 802 P2= 471 T1= 596 T2=  14  P= 633  D=  -1 
 X= 810 X2= 808  Y= 325 Y2= 332 P1= 805 P2= 454 T1=  14 T2=  16  P= 625  D=  -1 * 0
 X= 808 X2= 808  Y= 323 Y2= 330 P1= 802 P2= 465 T1=  15 T2=  15  P= 584  D=  -1 * 0
 X= 810 X2= 808  Y= 323 Y2= 330 P1= 798 P2= 470 T1=  15 T2=  14  P= 563  D=  -1 * 0
 X= 809 X2= 808  Y= 322 Y2= 329 P1= 798 P2= 473 T1=  13 T2=  14  P= 555  D=  -1 * 0
 X= 809 X2= 808  Y= 322 Y2= 328 P1= 797 P2= 472 T1=  14 T2=  14  P= 555  D=  -1 * 1
 X= 809 X2= 807  Y= 322 Y2= 327 P1= 796 P2= 473 T1=  15 T2=  14  P= 551  D=  -1 * 2
 X= 810 X2= 809  Y= 322 Y2= 328 P1= 796 P2= 473 T1=  14 T2=  14  P= 551  D=  -1 * 3
 X= 807 X2= 810  Y= 321 Y2= 327 P1= 797 P2= 474 T1=  14 T2=  14  P= 550  D=  -1 * 4
 X= 810 X2= 807  Y= 321 Y2= 328 P1= 796 P2= 474 T1=  14 T2=  14  P= 548  D=  -1 * 5
 X= 809 X2= 808  Y= 321 Y2= 328 P1= 796 P2= 473 T1=  14 T2=  14  P= 551  D=  -1 * 6
 X= 809 X2= 807  Y= 322 Y2= 328 P1= 796 P2= 472 T1=  14 T2=  13  P= 554  D=  -1 * 7
 X= 807 X2= 808  Y= 321 Y2= 327 P1= 797 P2= 473 T1=  14 T2=  15  P= 551  D=  -1 * 8
 X= 809 X2= 808  Y= 321 Y2= 328 P1= 796 P2= 474 T1=  14 T2=  13  P= 548  D=  -1 * 9
 X= 809 X2= 808  Y= 321 Y2= 328 P1= 797 P2= 474 T1=  13 T2=  13  P= 550  D=  -1 * 10
 X= 810 X2= 808  Y= 321 Y2= 328 P1= 796 P2= 474 T1=  15 T2=  14  P= 549  D=  -1 * 11
 X= 809 X2= 809  Y= 321 Y2= 328 P1= 796 P2= 474 T1=  14 T2=  13  P= 549  D=  -1 * 12
 X= 809 X2= 809  Y= 321 Y2= 327 P1= 795 P2= 474 T1=  14 T2=  14  P= 547  D=  -1 * 13
 X= 809 X2= 808  Y= 321 Y2= 327 P1= 796 P2= 474 T1=  14 T2=  14  P= 548  D=  -1 * 14
 X= 811 X2= 808  Y= 321 Y2= 328 P1= 796 P2= 474 T1=  13 T2=  14  P= 549  D=  -1 * 15
 X= 809 X2= 808  Y= 321 Y2= 327 P1= 796 P2= 474 T1=  14 T2=  13  P= 548  D=  -1 * 16
 X= 808 X2= 807  Y= 321 Y2= 327 P1= 796 P2= 474 T1=  14 T2=  12  P= 547  D=  -1 * 17
 X= 809 X2= 808  Y= 320 Y2= 327 P1= 796 P2= 474 T1=  14 T2=  13  P= 548  D=  -1 * 18
 X= 809 X2= 808  Y= 321 Y2= 328 P1= 795 P2= 475 T1=  14 T2=  14  P= 543  D=  -1 * 19
 X= 810 X2= 808  Y= 322 Y2= 327 P1= 796 P2= 473 T1=  16 T2=  14  P= 551  D=  -1 * 20
 X= 808 X2= 808  Y= 321 Y2= 328 P1= 795 P2= 474 T1=  14 T2=  14  P= 547  D=  -1 * 21
 X= 809 X2= 808  Y= 321 Y2= 328 P1= 796 P2= 474 T1=  14 T2=  13  P= 548  D=  -1 * 22
 X= 808 X2= 807  Y= 321 Y2= 327 P1= 796 P2= 475 T1=  13 T2=  14  P= 544  D=  -1 * 23
 X= 809 X2= 808  Y= 321 Y2= 328 P1= 796 P2= 474 T1=  13 T2=  17  P= 548  D=  -1 * 24
Remove Pin
 X= 818 X2= 808  Y= 321 Y2= 328 P1= 797 P2= 474 T1=  14 T2=  14  P= 553  D=  -1 * 24
 X= 810 X2= 812  Y= 320 Y2= 327 P1= 796 P2= 474 T1=  14 T2=  13  P= 550  D=  -1 * 24
 X= 809 X2= 813  Y= 321 Y2= 327 P1= 796 P2= 474 T1=  13 T2=  13  P= 550  D=  -1 * 24
 X= 810 X2= 807  Y= 320 Y2= 328 P1= 795 P2= 474 T1=  13 T2=  13  P= 547  D=  -1 * 24
 X= 809 X2= 808  Y= 321 Y2= 329 P1= 796 P2= 474 T1=  14 T2=  13  P= 548  D=  -1 * 24
 X= 810 X2= 808  Y= 321 Y2= 327 P1= 796 P2= 474 T1=  14 T2=  14  P= 549  D=  -1 * 24
 X= 810 X2= 808  Y= 321 Y2= 328 P1= 795 P2= 474 T1=  14 T2=  13  P= 547  D=  -1 * 24
 X= 809 X2= 808  Y= 321 Y2= 329 P1= 796 P2= 474 T1=  14 T2=  15  P= 548  D=  -1 * 24
 X= 809 X2= 809  Y= 321 Y2= 328 P1= 796 P2= 474 T1=  14 T2=  14  P= 549  D=  -1 * 24
 X= 809 X2= 807  Y= 322 Y2= 326 P1= 796 P2= 474 T1=  14 T2=  14  P= 548  D=  -1 * 24
 X= 809 X2= 808  Y= 321 Y2= 329 P1= 796 P2= 474 T1=  13 T2=  14  P= 548  D=  -1 * 24
 X= 809 X2= 808  Y= 321 Y2= 328 P1= 797 P2= 475 T1=  14 T2=  14  P= 547  D=  -1 * 24
 X= 810 X2= 808  Y= 322 Y2= 329 P1= 802 P2= 464 T1=  14 T2=  14  P= 588  D=  -1 * 24
 X= 811 X2= 810  Y= 324 Y2= 329 P1= 801 P2= 465 T1=  14 T2=  13  P= 584  D=  -1 * 24
 X= 810 X2= 809  Y= 323 Y2= 329 P1= 802 P2= 463 T1=  15 T2=  14  P= 592  D=  -1 * 24
 X=1023 X2= 993  Y= 991 Y2=1020 P1=1022 P2=   0 T1=1019 T2= 903  P= 592  D=  -1 
 X=1023 X2=1015  Y= 981 Y2=1023 P1=1023 P2=   0 T1=1023 T2= 902  P= 592  D=  -1 
 X= 922 X2=1023  Y= 981 Y2=1020 P1=1023 P2=   0 T1=1023 T2= 901  P= 592  D=  -1 
target state=3 point=456,249
 X= 992 X2=1003  Y= 987 Y2=1019 P1=1023 P2=   0 T1=1020 T2= 932  P= 592  D=  -1 
 X= 846 X2=1023  Y= 989 Y2=1023 P1=1023 P2=   0 T1=1019 T2= 970  P= 592  D=  -1 
 X= 847 X2=1023  Y= 979 Y2=1019 P1=1023 P2=   0 T1=1023 T2= 914  P= 592  D=  -1 
 X= 889 X2=1023  Y= 986 Y2=1023 P1=1023 P2=   0 T1=1023 T2= 906  P= 592  D=  -1 
 X=1006 X2=1005  Y= 980 Y2=1023 P1=1023 P2=   0 T1=1020 T2= 935  P= 592  D=  -1 
 X= 992 X2=1019  Y= 984 Y2=1019 P1=1023 P2=   0 T1=1023 T2= 905  P= 592  D=  -1 
 X= 957 X2=1021  Y= 977 Y2=1020 P1=1023 P2=   0 T1=1023 T2= 917  P= 592  D=  -1 
 X= 986 X2=1001  Y= 988 Y2=1023 P1=1023 P2=   0 T1=1020 T2= 916  P= 592  D=  -1 
 X= 837 X2=1022  Y= 994 Y2=1023 P1=1023 P2=   0 T1=1023 T2= 934  P= 592  D=  -1 
 X= 895 X2=1023  Y= 983 Y2=1019 P1=1023 P2=   0 T1=1019 T2= 922  P= 592  D=  -1 
 X= 897 X2=1023  Y=1019 Y2=1023 P1=1023 P2=   0 T1=1020 T2=1019  P= 592  D=  -1 
 X=1023 X2=1014  Y= 979 Y2=1022 P1=1023 P2=   0 T1=1023 T2= 915  P= 592  D=  -1 
 X= 891 X2=1023  Y= 985 Y2=1020 P1=1023 P2=   0 T1=1020 T2= 916  P= 592  D=  -1 
 X= 829 X2=1023  Y= 989 Y2=1023 P1=1023 P2=   0 T1=1021 T2= 923  P= 592  D=  -1 
 X= 831 X2=1023  Y= 985 Y2=1023 P1=1023 P2=   0 T1=1020 T2= 908  P= 592  D=  -1 
 X= 961 X2=1019  Y= 983 Y2=1019 P1=1023 P2=   0 T1=1020 T2= 929  P= 592  D=  -1 
 X= 959 X2=1020  Y= 990 Y2=1019 P1=1023 P2=   0 T1=1023 T2= 910  P= 592  D=  -1 
 X= 957 X2= 993  Y= 977 Y2=1020 P1=1023 P2=   0 T1=1023 T2= 914  P= 592  D=  -1 
 X= 852 X2=1022  Y= 988 Y2=1023 P1=1023 P2=   0 T1=1016 T2= 923  P= 592  D=  -1 
 X= 939 X2=1023  Y= 985 Y2=1023 P1=1023 P2=   0 T1=1021 T2= 925  P= 592  D=  -1 
 X= 993 X2=1008  Y= 985 Y2=1023 P1=1023 P2=   0 T1=1020 T2= 919  P= 592  D=  -1 
 X= 888 X2=1023  Y= 987 Y2=1023 P1=1023 P2=   0 T1=1023 T2= 919  P= 592  D=  -1 
 X=1023 X2=1015  Y= 980 Y2=1019 P1=1023 P2=   0 T1=1019 T2= 901  P= 592  D=  -1 
 X=1000 X2=1013  Y= 983 Y2=1023 P1=1023 P2=   0 T1=1021 T2= 912  P= 592  D=  -1 
 X= 988 X2=1005  Y= 977 Y2=1019 P1=1023 P2=   0 T1=1020 T2= 912  P= 592  D=  -1 
 X= 934 X2=1023  Y= 983 Y2=1019 P1=1023 P2=   0 T1=1019 T2= 934  P= 592  D=  -1 
 X= 874 X2=1021  Y= 989 Y2=1019 P1=1023 P2=   0 T1=1023 T2= 914  P= 592  D=  -1 
 X= 955 X2=1023  Y= 978 Y2=1018 P1=1023 P2=   0 T1=1023 T2= 921  P= 592  D=  -1 
 X= 940 X2=1023  Y= 982 Y2=1018 P1=1023 P2=   0 T1=1021 T2= 939  P= 592  D=  -1 
 X= 989 X2=1011  Y= 989 Y2=1020 P1=1023 P2=   0 T1=1023 T2= 916  P= 592  D=  -1 
 X= 928 X2=1022  Y= 996 Y2=1023 P1=1023 P2=   0 T1=1023 T2= 921  P= 592  D=  -1 
 X= 898 X2=1023  Y= 980 Y2=1020 P1=1023 P2=   0 T1=1021 T2= 938  P= 592  D=  -1 
 X=1023 X2=1012  Y= 973 Y2=1019 P1=1023 P2=   0 T1=1023 T2= 921  P= 592  D=  -1 
 X=1019 X2= 994  Y= 975 Y2=1019 P1=1023 P2=   0 T1=1021 T2= 910  P= 592  D=  -1 
 X= 939 X2=1023  Y= 988 Y2=1019 P1=1023 P2=   0 T1=1022 T2= 930  P= 592  D=  -1 
 X= 969 X2=1007  Y= 996 Y2=1019 P1=1023 P2=   0 T1=1020 T2= 936  P= 592  D=  -1 
 X= 929 X2=1018  Y= 980 Y2=1019 P1=1023 P2=   0 T1=1023 T2= 916  P= 592  D=  -1 
 X= 828 X2=1022  Y= 982 Y2=1023 P1=1023 P2=   0 T1=1020 T2= 928  P= 592  D=  -1 
 X= 849 X2=1021  Y= 991 Y2=1020 P1=1023 P2=   0 T1=1023 T2= 943  P= 592  D=  -1 
 X= 890 X2=1023  Y= 981 Y2=1019 P1=1023 P2=   0 T1=1023 T2= 935  P= 592  D=  -1 
 X= 950 X2=1023  Y= 980 Y2=1023 P1=1023 P2=   0 T1=1023 T2= 918  P= 592  D=  -1 
 X= 961 X2=1002  Y= 983 Y2=1018 P1=1023 P2=   0 T1=1023 T2= 908  P= 592  D=  -1 
 X= 994 X2=1014  Y= 970 Y2=1023 P1=1023 P2=   0 T1=1023 T2= 914  P= 592  D=  -1 
 X= 981 X2=1023  Y=1000 Y2=1019 P1=1023 P2=   0 T1=1022 T2= 925  P= 592  D=  -1 
 X=1023 X2=1015  Y= 994 Y2=1023 P1=1023 P2=   0 T1=1023 T2= 930  P= 592  D=  -1 
 X= 954 X2=1022  Y= 987 Y2=1023 P1=1023 P2=   0 T1=1023 T2= 937  P= 592  D=  -1 
 X= 790 X2=1023  Y= 981 Y2=1023 P1=1023 P2=   0 T1=1021 T2= 932  P= 592  D=  -1 
 X= 858 X2=1023  Y= 992 Y2=1023 P1=1023 P2=   0 T1=1020 T2= 914  P= 592  D=  -1 
 X= 998 X2=1008  Y= 988 Y2=1019 P1=1023 P2=   0 T1=1023 T2= 919  P= 592  D=  -1 
 X= 952 X2=1023  Y= 988 Y2=1023 P1=1023 P2=   0 T1=1021 T2= 913  P= 592  D=  -1 
 X= 970 X2=1008  Y= 984 Y2=1023 P1=1023 P2=   0 T1=1023 T2= 918  P= 592  D=  -1 
 X= 994 X2=1020  Y= 984 Y2=1023 P1=1023 P2=   0 T1=1021 T2= 970  P= 592  D=  -1 
 X= 947 X2=1021  Y= 973 Y2=1019 P1=1023 P2=   0 T1=1023 T2= 924  P= 592  D=  -1 
 X= 885 X2=1023  Y= 990 Y2=1023 P1=1023 P2=   0 T1=1021 T2= 932  P= 592  D=  -1 
 X= 895 X2=1023  Y= 984 Y2=1020 P1=1023 P2=   0 T1=1023 T2= 916  P= 592  D=  -1 
 X= 865 X2=1016  Y= 980 Y2=1020 P1=1023 P2=   0 T1=1023 T2= 927  P= 592  D=  -1 
 X= 851 X2=1023  Y= 981 Y2=1023 P1=1023 P2=   0 T1=1020 T2= 919  P= 592  D=  -1 
 X=1023 X2=1008  Y= 980 Y2=1023 P1=1023 P2=   0 T1=1023 T2= 926  P= 592  D=  -1 
 X= 990 X2=1014  Y= 981 Y2=1019 P1=1023 P2=   0 T1=1019 T2= 926  P= 592  D=  -1 
 X= 935 X2=1023  Y=1005 Y2=1023 P1=1023 P2=   0 T1=1022 T2= 925  P= 592  D=  -1 
 X= 943 X2= 996  Y= 988 Y2=1019 P1=1023 P2=   0 T1=1023 T2= 924  P= 592  D=  -1 
 X= 960 X2=1004  Y= 987 Y2=1023 P1=1023 P2=   0 T1=1019 T2= 913  P= 592  D=  -1 
 X= 900 X2=1023  Y= 984 Y2=1023 P1=1023 P2=   0 T1=1023 T2= 923  P= 592  D=  -1 
 X= 934 X2=1023  Y= 988 Y2=1018 P1=1023 P2=   0 T1=1020 T2= 926  P= 592  D=  -1 
 X= 909 X2=1023  Y= 986 Y2=1023 P1=1023 P2=   0 T1=1023 T2= 940  P= 592  D=  -1 
 X= 814 X2=1023  Y= 995 Y2=1023 P1=1023 P2=   0 T1=1023 T2= 921  P= 592  D=  -1 
 X=1023 X2=1006  Y= 982 Y2=1023 P1=1023 P2=   0 T1=1023 T2= 914  P= 592  D=  -1 
 X=1006 X2=1003  Y= 977 Y2=1019 P1=1023 P2=   0 T1=1023 T2= 920  P= 592  D=  -1 
 X= 997 X2=1007  Y= 986 Y2=1023 P1=1023 P2=   0 T1=1023 T2= 908  P= 592  D=  -1 
 X= 915 X2=1023  Y= 983 Y2=1019 P1=1023 P2=   0 T1=1018 T2= 929  P= 592  D=  -1 
 X=1023 X2=1012  Y= 976 Y2=1019 P1=1023 P2=   0 T1=1020 T2= 918  P= 592  D=  -1 
 X= 807 X2=1023  Y= 986 Y2=1019 P1=1023 P2=   0 T1=1023 T2= 925  P= 592  D=  -1 
 X= 826 X2=1022  Y= 989 Y2=1020 P1=1023 P2=   0 T1=1019 T2= 932  P= 592  D=  -1 
 X= 979 X2=1012  Y= 985 Y2=1020 P1=1023 P2=   0 T1=1023 T2= 911  P= 592  D=  -1 
 X= 866 X2=1018  Y= 985 Y2=1018 P1=1023 P2=   0 T1=1020 T2= 919  P= 592  D=  -1 
 X= 964 X2=1023  Y= 979 Y2=1023 P1=1023 P2=   0 T1=1023 T2= 930  P= 592  D=  -1 
 X= 989 X2=1018  Y= 993 Y2=1023 P1=1023 P2=   0 T1=1023 T2= 939  P= 592  D=  -1 
 X= 937 X2=1021  Y= 984 Y2=1020 P1=1023 P2=   0 T1=1023 T2= 927  P= 592  D=  -1 
 X= 896 X2=1023  Y= 983 Y2=1019 P1=1023 P2=   0 T1=1023 T2= 913  P= 592  D=  -1 
 X= 941 X2=1023  Y= 985 Y2=1019 P1=1023 P2=   0 T1=1023 T2= 927  P= 592  D=  -1 
 X= 885 X2=1023  Y= 986 Y2=1023 P1=1023 P2=   0 T1=1023 T2= 940  P= 592  D=  -1 
 X= 797 X2=1023  Y= 979 Y2=1023 P1=1023 P2=   0 T1=1020 T2= 917  P= 592  D=  -1 
 X= 860 X2=1022  Y= 986 Y2=1023 P1=1023 P2=   0 T1=1020 T2= 917  P= 592  D=  -1 
 X= 988 X2=1009  Y= 983 Y2=1019 P1=1023 P2=   0 T1=1020 T2= 935  P= 592  D=  -1 
 X= 814 X2=1023  Y= 985 Y2=1023 P1=1023 P2=   0 T1=1023 T2= 933  P= 592  D=  -1 
 X=1023 X2=1006  Y= 987 Y2=1023 P1=1023 P2=   0 T1=1023 T2= 924  P= 592  D=  -1 
 X= 990 X2= 997  Y= 982 Y2=1019 P1=1023 P2=   0 T1=1020 T2= 905  P= 592  D=  -1 
 X= 958 X2=1023  Y= 977 Y2=1023 P1=1023 P2=   0 T1=1021 T2= 939  P= 592  D=  -1 
 X= 949 X2=1021  Y= 977 Y2=1018 P1=1023 P2=   0 T1=1020 T2= 900  P= 592  D=  -1 
 X= 957 X2= 991  Y= 985 Y2=1020 P1=1023 P2=   0 T1=1019 T2= 912  P= 592  D=  -1 
 X= 809 X2= 811  Y= 715 Y2= 719 P1= 908 P2= 546 T1=  13 T2=  13  P= 537  D=  -1 * 0
 X= 810 X2= 812  Y= 714 Y2= 718 P1= 912 P2= 526 T1=  16 T2=  12  P= 594  D=  -1 * 0
 X= 808 X2= 810  Y= 714 Y2= 718 P1= 911 P2= 527 T1=  15 T2=  15  P= 588  D=  -1 * 0
 X= 808 X2= 809  Y= 715 Y2= 718 P1= 909 P2= 533 T1=  14 T2=  14  P= 569  D=  -1 * 0
 X= 809 X2= 809  Y= 714 Y2= 717 P1= 910 P2= 534 T1=  14 T2=  14  P= 569  D=  -1 * 1
 X= 809 X2= 810  Y= 714 Y2= 718 P1= 909 P2= 535 T1=  15 T2=  14  P= 565  D=  -1 * 2
 X= 809 X2= 810  Y= 714 Y2= 718 P1= 909 P2= 536 T1=  14 T2=  15  P= 562  D=  -1 * 3
 X= 809 X2= 810  Y= 714 Y2= 718 P1= 909 P2= 536 T1=  14 T2=  14  P= 562  D=  -1 * 4
 X= 810 X2= 810  Y= 714 Y2= 718 P1= 909 P2= 536 T1=  13 T2=  14  P= 562  D=  -1 * 5
 X= 808 X2= 810  Y= 714 Y2= 717 P1= 909 P2= 536 T1=  14 T2=  14  P= 562  D=  -1 * 6
 X= 809 X2= 811  Y= 714 Y2= 718 P1= 909 P2= 536 T1=  14 T2=  14  P= 562  D=  -1 * 7
 X= 809 X2= 810  Y= 714 Y2= 718 P1= 910 P2= 537 T1=  14 T2=  14  P= 561  D=  -1 * 8
 X= 809 X2= 810  Y= 714 Y2= 719 P1= 909 P2= 537 T1=  14 T2=  15  P= 559  D=  -1 * 9
 X= 809 X2= 809  Y= 714 Y2= 718 P1= 909 P2= 536 T1=  14 T2=  14  P= 562  D=  -1 * 10
 X= 808 X2= 811  Y= 715 Y2= 718 P1= 909 P2= 537 T1=  13 T2=  13  P= 559  D=  -1 * 11
 X= 809 X2= 811  Y= 714 Y2= 718 P1= 909 P2= 537 T1=  14 T2=  15  P= 560  D=  -1 * 12
 X= 809 X2= 811  Y= 714 Y2= 718 P1= 909 P2= 537 T1=  13 T2=  14  P= 560  D=  -1 * 13
 X= 809 X2= 809  Y= 714 Y2= 719 P1= 909 P2= 537 T1=  13 T2=  14  P= 559  D=  -1 * 14
 X= 809 X2= 810  Y= 714 Y2= 718 P1= 909 P2= 537 T1=  13 T2=  14  P= 559  D=  -1 * 15
 X= 807 X2= 810  Y= 713 Y2= 718 P1= 909 P2= 537 T1=  14 T2=  14  P= 559  D=  -1 * 16
 X= 808 X2= 810  Y= 714 Y2= 718 P1= 909 P2= 537 T1=  14 T2=  14  P= 559  D=  -1 * 17
 X= 809 X2= 809  Y= 714 Y2= 717 P1= 911 P2= 537 T1=  13 T2=  13  P= 563  D=  -1 * 18
 X= 809 X2= 808  Y= 714 Y2= 718 P1= 909 P2= 537 T1=  14 T2=  14  P= 559  D=  -1 * 19
 X= 808 X2= 810  Y= 714 Y2= 718 P1= 909 P2= 537 T1=  14 T2=  14  P= 559  D=  -1 * 20
 X= 808 X2= 810  Y= 714 Y2= 718 P1= 909 P2= 538 T1=  13 T2=  14  P= 557  D=  -1 * 21
 X= 809 X2= 812  Y= 714 Y2= 716 P1= 909 P2= 537 T1=  14 T2=  10  P= 560  D=  -1 * 22
 X= 808 X2= 809  Y= 714 Y2= 718 P1= 910 P2= 538 T1=  14 T2=  14  P= 558  D=  -1 * 23
 X= 810 X2= 809  Y= 714 Y2= 718 P1= 909 P2= 537 T1=  14 T2=  14  P= 559  D=  -1 * 24
Remove Pin
 X= 808 X2= 811  Y= 714 Y2= 718 P1= 909 P2= 537 T1=  14 T2=  15  P= 559  D=  -1 * 24
 X= 809 X2= 810  Y= 714 Y2= 718 P1= 909 P2= 538 T1=  14 T2=  14  P= 557  D=  -1 * 24
 X= 808 X2= 808  Y= 714 Y2= 720 P1= 909 P2= 538 T1=  14 T2=  14  P= 556  D=  -1 * 24
 X= 808 X2= 809  Y= 714 Y2= 719 P1= 909 P2= 538 T1=  14 T2=  14  P= 556  D=  -1 * 24
 X= 808 X2= 810  Y= 714 Y2= 718 P1= 909 P2= 538 T1=  11 T2=  14  P= 557  D=  -1 * 24
 X= 809 X2= 810  Y= 713 Y2= 718 P1= 909 P2= 538 T1=  14 T2=  14  P= 557  D=  -1 * 24
 X= 809 X2= 809  Y= 714 Y2= 705 P1= 909 P2= 537 T1=  12 T2=  14  P= 559  D=  -1 * 24
 X= 810 X2= 809  Y= 714 Y2= 718 P1= 911 P2= 538 T1=  15 T2=  14  P= 560  D=  -1 * 24
 X= 809 X2= 810  Y= 714 Y2= 717 P1= 909 P2= 538 T1=  14 T2=  14  P= 557  D=  -1 * 24
 X= 809 X2= 810  Y= 714 Y2= 718 P1= 909 P2= 538 T1=  12 T2=  14  P= 557  D=  -1 * 24
 X= 809 X2= 810  Y= 714 Y2= 718 P1= 909 P2= 538 T1=  14 T2=  14  P= 557  D=  -1 * 24
 X= 809 X2= 808  Y= 713 Y2= 718 P1= 909 P2= 538 T1=  14 T2=  14  P= 556  D=  -1 * 24
 X= 809 X2= 811  Y= 714 Y2= 718 P1= 909 P2= 539 T1=  14 T2=  14  P= 555  D=  -1 * 24
 X= 810 X2= 810  Y= 714 Y2= 714 P1= 904 P2= 539 T1=  13 T2=  14  P= 548  D=  -1 * 24
 X= 810 X2= 810  Y= 715 Y2= 719 P1= 908 P2= 542 T1=  14 T2=  13  P= 546  D=  -1 * 24
 X= 808 X2= 809  Y= 715 Y2= 719 P1= 910 P2= 532 T1=  15 T2=  15  P= 573  D=  -1 * 24
 X= 905 X2=1023  Y= 993 Y2=1023 P1=1023 P2=   0 T1=1020 T2= 933  P= 573  D=  -1 
 X= 905 X2=1023  Y= 990 Y2=1023 P1=1023 P2=   0 T1=1023 T2= 919  P= 573  D=  -1 
 X=1014 X2=1002  Y= 987 Y2=1019 P1=1023 P2=   0 T1=1023 T2= 931  P= 573  D=  -1 
target state=4 point=23,249
 X= 811 X2=1023  Y= 972 Y2=1023 P1=1023 P2=   0 T1=1023 T2= 920  P= 573  D=  -1 
 X= 909 X2=1018  Y= 986 Y2=1019 P1=1023 P2=   0 T1=1020 T2= 913  P= 573  D=  -1 
 X= 975 X2=1021  Y= 984 Y2=1019 P1=1023 P2=   0 T1=1023 T2= 927  P= 573  D=  -1 
 X= 850 X2=1023  Y= 978 Y2=1023 P1=1023 P2=   0 T1=1023 T2= 917  P= 573  D=  -1 
 X= 912 X2=1023  Y= 978 Y2=1023 P1=1023 P2=   0 T1=1020 T2= 919  P= 573  D=  -1 
 X= 949 X2=1020  Y= 988 Y2=1019 P1=1023 P2=   0 T1=1023 T2= 935  P= 573  D=  -1 
 X= 870 X2=1016  Y= 985 Y2=1019 P1=1023 P2=   0 T1=1023 T2= 928  P= 573  D=  -1 
 X= 997 X2=1023  Y= 994 Y2=1019 P1=1023 P2=   0 T1=1020 T2= 939  P= 573  D=  -1 
 X= 938 X2=1023  Y= 979 Y2=1023 P1=1023 P2=   0 T1=1020 T2= 915  P= 573  D=  -1 
 X= 949 X2=1014  Y= 990 Y2=1023 P1=1023 P2=   0 T1=1020 T2= 935  P= 573  D=  -1 
 X= 878 X2=1022  Y= 982 Y2=1019 P1=1023 P2=   0 T1=1023 T2= 913  P= 573  D=  -1 
 X= 961 X2= 998  Y= 983 Y2=1023 P1=1023 P2=   0 T1=1021 T2= 905  P= 573  D=  -1 
 X=1023 X2=1020  Y= 974 Y2=1020 P1=1023 P2=   0 T1=1023 T2= 896  P= 573  D=  -1 
 X= 859 X2=1022  Y= 990 Y2=1018 P1=1023 P2=   0 T1=1023 T2= 938  P= 573  D=  -1 
 X= 948 X2=1016  Y= 982 Y2=1018 P1=1023 P2=   0 T1=1020 T2= 968  P= 573  D=  -1 
 X= 972 X2= 989  Y= 983 Y2=1020 P1=1023 P2=   0 T1=1019 T2= 937  P= 573  D=  -1 
 X= 957 X2=1023  Y= 982 Y2=1019 P1=1023 P2=   0 T1=1023 T2= 932  P= 573  D=  -1 
 X= 931 X2=1023  Y= 980 Y2=1023 P1=1023 P2=   0 T1=1023 T2= 923  P= 573  D=  -1 
 X=1023 X2=1014  Y= 980 Y2=1023 P1=1023 P2=   0 T1=1023 T2= 925  P= 573  D=  -1 
 X= 984 X2=1006  Y= 980 Y2=1023 P1=1023 P2=   0 T1=1021 T2= 921  P= 573  D=  -1 
 X= 902 X2=1023  Y= 989 Y2=1019 P1=1023 P2=   0 T1=1020 T2= 913  P= 573  D=  -1 
 X= 975 X2= 997  Y= 986 Y2=1022 P1=1023 P2=   0 T1=1023 T2= 907  P= 573  D=  -1 
 X=1023 X2= 993  Y= 989 Y2=1022 P1=1023 P2=   0 T1=1020 T2= 906  P= 573  D=  -1 
 X= 912 X2=1023  Y= 995 Y2=1023 P1=1023 P2=   0 T1=1023 T2= 909  P= 573  D=  -1 
 X= 963 X2=1020  Y= 983 Y2=1020 P1=1023 P2=   0 T1=1023 T2= 934  P= 573  D=  -1 
 X= 950 X2=1023  Y= 991 Y2=1023 P1=1023 P2=   0 T1=1023 T2= 933  P= 573  D=  -1 
 X= 976 X2=1023  Y= 983 Y2=1023 P1=1023 P2=   0 T1=1023 T2= 923  P= 573  D=  -1 
 X=1023 X2=1009  Y= 986 Y2=1023 P1=1023 P2=   0 T1=1023 T2= 936  P= 573  D=  -1 
 X= 987 X2=1013  Y= 972 Y2=1019 P1=1023 P2=   0 T1=1023 T2= 931  P= 573  D=  -1 
 X= 976 X2=1022  Y= 986 Y2=1023 P1=1023 P2=   0 T1=1019 T2= 937  P= 573  D=  -1 
 X= 961 X2=1023  Y= 987 Y2=1019 P1=1023 P2=   0 T1=1022 T2= 912  P= 573  D=  -1 
 X=1020 X2=1001  Y= 988 Y2=1019 P1=1023 P2=   0 T1=1019 T2= 923  P= 573  D=  -1 
 X= 875 X2=1022  Y= 988 Y2=1023 P1=1023 P2=   0 T1=1019 T2= 918  P= 573  D=  -1 
 X= 884 X2=1023  Y= 985 Y2=1018 P1=1022 P2=   0 T1=1023 T2= 915  P= 573  D=  -1 
 X= 996 X2=1008  Y= 985 Y2=1023 P1=1023 P2=   0 T1=1020 T2= 942  P= 573  D=  -1 
 X= 942 X2=1018  Y= 975 Y2=1020 P1=1023 P2=   0 T1=1023 T2= 916  P= 573  D=  -1 
 X= 958 X2=1016  Y= 980 Y2=1020 P1=1023 P2=   0 T1=1023 T2= 935  P= 573  D=  -1 
 X=1023 X2=1004  Y= 976 Y2=1023 P1=1023 P2=   0 T1=1023 T2= 906  P= 573  D=  -1 
 X= 866 X2=1022  Y= 983 Y2=1023 P1=1023 P2=   0 T1=1021 T2= 934  P= 573  D=  -1 
 X=1023 X2= 993  Y= 976 Y2=1019 P1=1023 P2=   0 T1=1020 T2= 935  P= 573  D=  -1 
 X= 964 X2= 990  Y= 983 Y2=1018 P1=1023 P2=   0 T1=1020 T2= 928  P= 573  D=  -1 
 X= 956 X2=1023  Y= 986 Y2=1023 P1=1023 P2=   0 T1=1023 T2= 920  P= 573  D=  -1 
 X= 835 X2=1023  Y= 983 Y2=1020 P1=1023 P2=   0 T1=1016 T2= 908  P= 573  D=  -1 
 X=1013 X2= 997  Y= 985 Y2=1023 P1=1023 P2=   0 T1=1020 T2= 932  P= 573  D=  -1 
 X= 868 X2=1020  Y= 982 Y2=1019 P1=1023 P2=   0 T1=1023 T2= 925  P= 573  D=  -1 
 X= 848 X2=1023  Y= 976 Y2=1020 P1=1023 P2=   0 T1=1023 T2= 943  P= 573  D=  -1 
 X=1023 X2=1011  Y= 975 Y2=1019 P1=1023 P2=   0 T1=1021 T2= 907  P= 573  D=  -1 
 X=1021 X2=1013  Y= 978 Y2=1020 P1=1023 P2=   0 T1=1019 T2= 915  P= 573  D=  -1 
 X= 906 X2=1023  Y= 980 Y2=1023 P1=1023 P2=   0 T1=1023 T2= 915  P= 573  D=  -1 
 X= 953 X2=1023  Y= 983 Y2=1023 P1=1023 P2=   0 T1=1018 T2= 914  P= 573  D=  -1 
 X= 954 X2=1023  Y= 973 Y2=1019 P1=1023 P2=   0 T1=1019 T2= 919  P= 573  D=  -1 
 X= 814 X2=1023  Y= 973 Y2=1023 P1=1023 P2=   0 T1=1023 T2= 929  P= 573  D=  -1 
 X= 960 X2=1023  Y= 984 Y2=1019 P1=1023 P2=   0 T1=1020 T2= 935  P= 573  D=  -1 
 X= 993 X2=1011  Y= 976 Y2=1018 P1=1023 P2=   0 T1=1023 T2= 922  P= 573  D=  -1 
 X= 890 X2=1017  Y= 984 Y2=1020 P1=1023 P2=   0 T1=1023 T2= 918  P= 573  D=  -1 
 X= 955 X2=1023  Y= 976 Y2=1023 P1=1023 P2=   0 T1=1023 T2= 929  P= 573  D=  -1 
 X=1023 X2=1009  Y= 980 Y2=1019 P1=1023 P2=   0 T1=1023 T2= 932  P= 573  D=  -1 
 X= 899 X2=1023  Y= 978 Y2=1023 P1=1023 P2=   0 T1=1020 T2= 924  P= 573  D=  -1 
 X= 910 X2=1023  Y= 990 Y2=1021 P1=1023 P2=   0 T1=1020 T2= 924  P= 573  D=  -1 
 X=1022 X2=1008  Y= 991 Y2=1023 P1=1023 P2=   0 T1=1020 T2= 920  P= 573  D=  -1 
 X= 928 X2=1018  Y= 979 Y2=1023 P1=1023 P2=   0 T1=1023 T2= 923  P= 573  D=  -1 
 X= 802 X2=1023  Y= 979 Y2=1023 P1=1023 P2=   0 T1=1020 T2= 918  P= 573  D=  -1 
 X= 243 X2= 248  Y= 719 Y2= 715 P1= 893 P2= 166 T1=  26 T2=  30  P= 573  D=  -1 * 0
 X= 981 X2=1012  Y= 977 Y2=1019 P1=1022 P2=   0 T1=1023 T2= 914  P= 573  D=  -1 
 X= 238 X2= 236  Y= 715 Y2= 711 P1= 845 P2= 228 T1=  22 T2=  22  P= 641  D=  -1 * 0
 X= 238 X2= 240  Y= 715 Y2= 711 P1= 844 P2= 230 T1=  22 T2=  22  P= 637  D=  -1 * 0
 X= 237 X2= 240  Y= 715 Y2= 710 P1= 843 P2= 229 T1=  21 T2=  22  P= 638  D=  -1 * 0
 X= 237 X2= 240  Y= 715 Y2= 710 P1= 843 P2= 229 T1=  22 T2=  22  P= 638  D=  -1 * 1
 X= 237 X2= 240  Y= 714 Y2= 710 P1= 843 P2= 230 T1=  22 T2=  22  P= 634  D=  -1 * 2
 X= 238 X2= 240  Y= 715 Y2= 711 P1= 841 P2= 230 T1=  22 T2=  21  P= 634  D=  -1 * 3
 X= 237 X2= 240  Y= 714 Y2= 711 P1= 842 P2= 230 T1=  22 T2=  22  P= 633  D=  -1 * 4
 X= 238 X2= 239  Y= 714 Y2= 710 P1= 841 P2= 231 T1=  22 T2=  19  P= 628  D=  -1 * 5
 X= 237 X2= 240  Y= 714 Y2= 711 P1= 841 P2= 231 T1=  21 T2=  22  P= 628  D=  -1 * 6
 X= 237 X2= 240  Y= 715 Y2= 711 P1= 841 P2= 231 T1=  22 T2=  22  P= 628  D=  -1 * 7
 X= 237 X2= 238  Y= 715 Y2= 710 P1= 842 P2= 231 T1=  21 T2=  21  P= 626  D=  -1 * 8
 X= 236 X2= 239  Y= 714 Y2= 710 P1= 841 P2= 231 T1=  20 T2=  21  P= 625  D=  -1 * 9
 X= 237 X2= 240  Y= 715 Y2= 712 P1= 842 P2= 231 T1=  22 T2=  21  P= 629  D=  -1 * 10
 X= 237 X2= 239  Y= 714 Y2= 710 P1= 841 P2= 231 T1=  21 T2=  22  P= 628  D=  -1 * 11
 X= 237 X2= 239  Y= 714 Y2= 711 P1= 842 P2= 231 T1=  22 T2=  22  P= 629  D=  -1 * 12
 X= 237 X2= 240  Y= 715 Y2= 710 P1= 841 P2= 232 T1=  22 T2=  22  P= 624  D=  -1 * 13
 X= 234 X2= 237  Y= 715 Y2= 711 P1= 841 P2= 231 T1=  21 T2=  21  P= 620  D=  -1 * 14
 X= 237 X2= 239  Y= 714 Y2= 710 P1= 840 P2= 232 T1=  22 T2=  21  P= 623  D=  -1 * 15
 X= 237 X2= 240  Y= 714 Y2= 712 P1= 841 P2= 231 T1=  21 T2=  21  P= 628  D=  -1 * 16
 X= 237 X2= 239  Y= 715 Y2= 711 P1= 841 P2= 231 T1=  22 T2=  21  P= 628  D=  -1 * 17
 X= 237 X2= 239  Y= 715 Y2= 710 P1= 841 P2= 231 T1=  21 T2=  21  P= 628  D=  -1 * 18
 X= 238 X2= 239  Y= 715 Y2= 711 P1= 841 P2= 232 T1=  22 T2=  23  P= 624  D=  -1 * 19
 X= 237 X2= 240  Y= 717 Y2= 711 P1= 842 P2= 232 T1=  20 T2=  22  P= 625  D=  -1 * 20
 X= 237 X2= 239  Y= 714 Y2= 710 P1= 841 P2= 231 T1=  21 T2=  21  P= 628  D=  -1 * 21
 X= 236 X2= 239  Y= 714 Y2= 710 P1= 840 P2= 231 T1=  21 T2=  22  P= 624  D=  -1 * 22
 X= 237 X2= 237  Y= 714 Y2= 710 P1= 841 P2= 232 T1=  21 T2=  22  P= 622  D=  -1 * 23
 X= 237 X2= 238  Y= 714 Y2= 710 P1= 841 P2= 231 T1=  24 T2=  22  P= 625  D=  -1 * 24
Remove Pin
 X= 237 X2= 240  Y= 714 Y2= 710 P1= 841 P2= 231 T1=  22 T2=  22  P= 628  D=  -1 * 24
 X= 237 X2= 240  Y= 715 Y2= 710 P1= 841 P2= 232 T1=  21 T2=  22  P= 624  D=  -1 * 24
 X= 238 X2= 237  Y= 715 Y2= 710 P1= 841 P2= 231 T1=  22 T2=  21  P= 625  D=  -1 * 24
 X= 237 X2= 239  Y= 714 Y2= 710 P1= 842 P2= 232 T1=  21 T2=  21  P= 625  D=  -1 * 24
 X= 236 X2= 240  Y= 716 Y2= 709 P1= 841 P2= 232 T1=  22 T2=  21  P= 624  D=  -1 * 24
 X= 238 X2= 240  Y= 714 Y2= 711 P1= 840 P2= 232 T1=  21 T2=  21  P= 626  D=  -1 * 24
 X= 236 X2= 239  Y= 715 Y2= 710 P1= 841 P2= 232 T1=  22 T2=  21  P= 622  D=  -1 * 24
 X= 238 X2= 240  Y= 711 Y2= 710 P1= 841 P2= 232 T1=  22 T2=  21  P= 627  D=  -1 * 24
 X= 238 X2= 238  Y= 715 Y2= 710 P1= 841 P2= 232 T1=  22 T2=  21  P= 624  D=  -1 * 24
 X= 237 X2= 239  Y= 714 Y2= 710 P1= 841 P2= 232 T1=  22 T2=  22  P= 624  D=  -1 * 24
 X= 237 X2= 239  Y= 714 Y2= 710 P1= 840 P2= 232 T1=  22 T2=  21  P= 623  D=  -1 * 24
 X= 237 X2= 239  Y= 714 Y2= 711 P1= 841 P2= 231 T1=  21 T2=  21  P= 628  D=  -1 * 24
 X= 237 X2= 238  Y= 714 Y2= 710 P1= 840 P2= 232 T1=  21 T2=  21  P= 620  D=  -1 * 24
 X= 237 X2= 240  Y= 714 Y2= 710 P1= 840 P2= 232 T1=  21 T2=  22  P= 623  D=  -1 * 24
 X= 237 X2= 239  Y= 714 Y2= 710 P1= 841 P2= 232 T1=  22 T2=  21  P= 624  D=  -1 * 24
 X= 237 X2= 239  Y= 714 Y2= 710 P1= 841 P2= 232 T1=  21 T2=  20  P= 624  D=  -1 * 24
 X= 236 X2= 240  Y= 714 Y2= 711 P1= 841 P2= 232 T1=  22 T2=  21  P= 624  D=  -1 * 24
 X= 237 X2= 240  Y= 715 Y2= 710 P1= 840 P2= 232 T1=  21 T2=  21  P= 623  D=  -1 * 24
 X= 241 X2= 239  Y= 714 Y2= 710 P1= 840 P2= 232 T1=  22 T2=  22  P= 628  D=  -1 * 24
 X= 237 X2= 239  Y= 714 Y2= 712 P1= 840 P2= 232 T1=  21 T2=  22  P= 623  D=  -1 * 24
 X= 923 X2=1023  Y= 974 Y2=1023 P1=1023 P2= 105 T1=1022 T2=  32  P= 623  D=  -1 
 X= 943 X2=1021  Y= 993 Y2=1019 P1=1022 P2=   0 T1=1023 T2= 926  P= 623  D=  -1 
 X= 893 X2=1017  Y= 975 Y2=1023 P1=1023 P2=   0 T1=1019 T2= 919  P= 623  D=  -1 
Target Noise  x= 2.50 y= 2.50
X[0]: Target=240   525/ 526/ 528 Stdev= 0.69 N= 24  Y[0]: Target=136   520/ 521/ 523 Stdev= 0.71 N= 24
X[1]: Target= 23   238/ 239/ 240 Stdev= 0.55 N= 24  Y[1]: Target= 22   321/ 322/ 323 Stdev= 0.46 N= 24
X[2]: Target=456   807/ 808/ 809 Stdev= 0.59 N= 24  Y[2]: Target= 22   323/ 324/ 325 Stdev= 0.43 N= 24
X[3]: Target=456   808/ 809/ 810 Stdev= 0.60 N= 24  Y[3]: Target=249   715/ 716/ 716 Stdev= 0.40 N= 24
X[4]: Target= 23   235/ 238/ 239 Stdev= 0.71 N= 24  Y[4]: Target=249   712/ 712/ 714 Stdev= 0.55 N= 24
N=24 Avg=17
min: 16 17 17 17 17 17 
max: 18 18 18 18 17 17 
N=24 Avg=20
min: 20 20 20 20 20 21 
max: 21 21 21 21 21 21 
N=24 Avg=13
min: 13 13 13 13 13 13 
max: 15 14 14 14 14 14 
N=24 Avg=13
min: 12 13 13 13 13 13 
max: 14 14 14 14 14 14 
N=24 Avg=21
min: 20 20 21 21 21 21 
max: 22 22 22 22 22 22 
Using TNT center offset = 18
TNT Plane Coef: a= -861 b=   83 c= 381571
At  525, 521: Real=  17 Fit=  18 Offset=   0
At  238, 322: Real=  21 Fit=  21 Offset=   3
At  808, 324: Real=  14 Fit=  15 Offset=  -3
At  809, 715: Real=  14 Fit=  15 Offset=  -3
At  237, 712: Real=  22 Fit=  22 Offset=   4
Fit Points: 18, 24, 12, 12, 25,  center: 18
Setting for min_tnt_up:   521
Setting for max_tnt_down: 23 (V2:34)
Entering calib_pressure_mfg
Using default pressure curve
468 471 487 495 509 524 553 575 612 
Summary:
Setting for max_tnt_down:      23
3.7 setting for max_tnt_down:     -1
Setting for min_tnt_up:       521
Setting for max_delta_tnt:      5
3.8 setting for max_delta_tnt:     -1
Setting for delay_in_us:        1
Setting for y_delay_in_us:      1
Setting for tnt_delay_in_us:    1
Setting for pressure_curve:  468 471 487 495 509 524 553 575 612
Setting for tnt_mode:           1
Setting for averaging:         -1
Setting for pointercal:      49783 127 -10382347 -133 38144 -10809033 65536
Setting for tnt_plane:       -861 83 381571
