new-calib: New touch screen calibration program v3.12
Serial Number='15061E00010B06020102'
Using tnt_mode=1
Setting for delay_in_us:        1
Setting for y_delay_in_us:      1
Setting for tnt_delay_in_us:    1
Setting for max_delta_tnt:      5
Setting for tnt_mode:           1
Setting for averaging:         -1
Entering get_five_points
target_noise  x= 2.50 y= 2.50 t= 2.50
target state=0 point=240,136
 X= 933 X2=1023  Y= 951 Y2=1023 P1=  -1 P2=  -1 T1=1023 T2= 894  P=  -1  D=  -1 
 X=1005 X2=1014  Y= 988 Y2=1023 P1=1022 P2=  -1 T1=1023 T2= 907  P=  -1  D=  -1 
 X=1023 X2=1007  Y= 969 Y2=1023 P1=1023 P2=  -1 T1=1023 T2= 937  P=  -1  D=  -1 
 X= 978 X2=1004  Y= 988 Y2=1020 P1=1023 P2=  -1 T1=1023 T2= 919  P=  -1  D=  -1 
 X= 962 X2=1023  Y= 984 Y2=1023 P1=1023 P2=  -1 T1=1023 T2= 942  P=  -1  D=  -1 
 X= 955 X2=1023  Y= 983 Y2=1023 P1=1023 P2=  -1 T1=1023 T2= 916  P=  -1  D=  -1 
 X= 932 X2=1004  Y= 984 Y2=1020 P1=1023 P2=  -1 T1=1019 T2= 929  P=  -1  D=  -1 
 X=1023 X2=1023  Y= 981 Y2=1019 P1=1023 P2=  -1 T1=1020 T2= 910  P=  -1  D=  -1 
 X=1023 X2=1023  Y=1006 Y2=1020 P1=1023 P2=  -1 T1=1020 T2= 978  P=  -1  D=  -1 
 X= 976 X2=1020  Y= 986 Y2=1019 P1=1023 P2=  -1 T1=1023 T2= 922  P=  -1  D=  -1 
 X= 914 X2=1017  Y= 979 Y2=1023 P1=1023 P2=  -1 T1=1020 T2= 911  P=  -1  D=  -1 
 X= 926 X2=1018  Y= 981 Y2=1019 P1=1023 P2=  -1 T1=1023 T2= 929  P=  -1  D=  -1 
 X= 953 X2=1023  Y= 990 Y2=1023 P1=1023 P2=  -1 T1=1023 T2= 938  P=  -1  D=  -1 
 X=1023 X2=1001  Y= 986 Y2=1023 P1=1023 P2=  -1 T1=1023 T2= 918  P=  -1  D=  -1 
 X= 948 X2=1023  Y= 981 Y2=1019 P1=1020 P2=  -1 T1=1023 T2= 927  P=  -1  D=  -1 
 X= 897 X2=1023  Y= 987 Y2=1023 P1=1023 P2=  -1 T1=1020 T2= 880  P=  -1  D=  -1 
 X= 935 X2=1022  Y= 984 Y2=1023 P1=1023 P2=  -1 T1=1018 T2= 926  P=  -1  D=  -1 
 X= 909 X2=1023  Y= 985 Y2=1019 P1=1023 P2=  -1 T1=1019 T2= 889  P=  -1  D=  -1 
 X= 869 X2=1023  Y= 988 Y2=1019 P1=1023 P2=  -1 T1=1023 T2= 921  P=  -1  D=  -1 
 X= 920 X2=1023  Y= 980 Y2=1019 P1=1023 P2=  -1 T1=1021 T2= 929  P=  -1  D=  -1 
 X= 999 X2=1007  Y= 979 Y2=1023 P1=1023 P2=  -1 T1=1023 T2= 946  P=  -1  D=  -1 
 X=1023 X2=1013  Y= 994 Y2=1019 P1=1023 P2=  -1 T1=1017 T2= 943  P=  -1  D=  -1 
 X=1023 X2=1011  Y= 975 Y2=1023 P1=1023 P2=  -1 T1=1023 T2= 916  P=  -1  D=  -1 
 X=1018 X2= 988  Y= 986 Y2=1023 P1=1023 P2=  -1 T1=1021 T2= 916  P=  -1  D=  -1 
 X= 960 X2=1022  Y= 980 Y2=1019 P1=1023 P2=  -1 T1=1021 T2= 928  P=  -1  D=  -1 
 X= 906 X2=1022  Y= 975 Y2=1023 P1=1023 P2=  -1 T1=1019 T2= 917  P=  -1  D=  -1 
 X= 951 X2=1021  Y= 978 Y2=1019 P1=1023 P2=  -1 T1=1023 T2= 938  P=  -1  D=  -1 
 X= 914 X2=1017  Y= 978 Y2=1023 P1=1023 P2=  -1 T1=1023 T2= 919  P=  -1  D=  -1 
 X= 899 X2=1023  Y= 985 Y2=1020 P1=1023 P2=  -1 T1=1023 T2= 925  P=  -1  D=  -1 
 X= 823 X2=1023  Y= 991 Y2=1020 P1=1023 P2=  -1 T1=1021 T2= 933  P=  -1  D=  -1 
 X= 872 X2=1023  Y= 980 Y2=1023 P1=1023 P2=  -1 T1=1020 T2= 923  P=  -1  D=  -1 
 X=1023 X2= 997  Y= 977 Y2=1023 P1=1023 P2=  -1 T1=1023 T2= 936  P=  -1  D=  -1 
 X=1023 X2=1013  Y= 981 Y2=1023 P1=1023 P2=  -1 T1=1019 T2= 931  P=  -1  D=  -1 
 X=1003 X2=1015  Y= 986 Y2=1023 P1=1023 P2=  -1 T1=1023 T2= 932  P=  -1  D=  -1 
 X= 867 X2=1017  Y= 999 Y2=1023 P1=1023 P2=  -1 T1=1023 T2= 929  P=  -1  D=  -1 
 X=1023 X2=1015  Y= 979 Y2=1020 P1=1023 P2=  -1 T1=1023 T2= 921  P=  -1  D=  -1 
 X= 810 X2=1023  Y= 977 Y2=1019 P1=1023 P2=  -1 T1=1023 T2= 910  P=  -1  D=  -1 
 X= 908 X2=1023  Y= 986 Y2=1023 P1=1023 P2=  -1 T1=1023 T2= 930  P=  -1  D=  -1 
 X= 976 X2=1014  Y= 989 Y2=1019 P1=1023 P2=  -1 T1=1023 T2= 917  P=  -1  D=  -1 
 X= 858 X2=1022  Y= 974 Y2=1023 P1=1023 P2=  -1 T1=1020 T2= 925  P=  -1  D=  -1 
 X= 876 X2=1017  Y= 991 Y2=1019 P1=1023 P2=  -1 T1=1020 T2= 936  P=  -1  D=  -1 
 X= 945 X2=1020  Y= 984 Y2=1023 P1=1023 P2=  -1 T1=1019 T2= 924  P=  -1  D=  -1 
 X= 962 X2= 993  Y= 991 Y2=1019 P1=1023 P2=  -1 T1=1019 T2= 932  P=  -1  D=  -1 
 X= 836 X2=1023  Y= 982 Y2=1019 P1=1023 P2=  -1 T1=1019 T2= 921  P=  -1  D=  -1 
 X= 928 X2=1023  Y= 990 Y2=1023 P1=1023 P2=  -1 T1=1022 T2= 915  P=  -1  D=  -1 
 X= 958 X2=1023  Y= 983 Y2=1019 P1=1023 P2=  -1 T1=1023 T2= 928  P=  -1  D=  -1 
 X= 953 X2=1022  Y= 985 Y2=1023 P1=1023 P2=  -1 T1=1020 T2= 934  P=  -1  D=  -1 
 X= 859 X2=1023  Y= 974 Y2=1020 P1=1023 P2=  -1 T1=1020 T2= 930  P=  -1  D=  -1 
 X=1023 X2=1013  Y= 988 Y2=1019 P1=1023 P2=  -1 T1=1020 T2= 927  P=  -1  D=  -1 
 X= 986 X2= 996  Y= 989 Y2=1023 P1=1023 P2=  -1 T1=1020 T2= 920  P=  -1  D=  -1 
 X= 930 X2=1022  Y= 992 Y2=1023 P1=1023 P2=  -1 T1=1019 T2= 940  P=  -1  D=  -1 
 X= 931 X2=1022  Y= 980 Y2=1020 P1=1023 P2=  -1 T1=1019 T2= 932  P=  -1  D=  -1 
 X= 881 X2=1023  Y= 988 Y2=1019 P1=1023 P2=  -1 T1=1023 T2= 927  P=  -1  D=  -1 
 X= 916 X2=1023  Y= 975 Y2=1020 P1=1023 P2=  -1 T1=1020 T2= 930  P=  -1  D=  -1 
 X= 919 X2=1023  Y= 974 Y2=1023 P1=1023 P2=  -1 T1=1019 T2= 924  P=  -1  D=  -1 
 X= 900 X2=1019  Y= 987 Y2=1023 P1=1023 P2=  -1 T1=1023 T2= 935  P=  -1  D=  -1 
 X= 952 X2=1023  Y= 985 Y2=1020 P1=1023 P2=  -1 T1=1023 T2= 920  P=  -1  D=  -1 
 X=1023 X2=1014  Y= 986 Y2=1019 P1=1023 P2=  -1 T1=1019 T2= 938  P=  -1  D=  -1 
 X=1019 X2=1003  Y= 990 Y2=1019 P1=1023 P2=  -1 T1=1020 T2= 927  P=  -1  D=  -1 
 X= 969 X2=1021  Y= 983 Y2=1023 P1=1023 P2=  -1 T1=1023 T2= 931  P=  -1  D=  -1 
 X= 949 X2=1023  Y= 985 Y2=1020 P1=1023 P2=  -1 T1=1018 T2= 904  P=  -1  D=  -1 
 X= 962 X2=1004  Y= 980 Y2=1023 P1=1023 P2=  -1 T1=1023 T2= 930  P=  -1  D=  -1 
 X= 826 X2=1023  Y= 973 Y2=1019 P1=1023 P2=  -1 T1=1021 T2= 931  P=  -1  D=  -1 
 X= 876 X2=1023  Y= 997 Y2=1023 P1=1023 P2=  -1 T1=1019 T2= 919  P=  -1  D=  -1 
 X= 945 X2=1022  Y= 967 Y2=1023 P1=1023 P2=  -1 T1=1023 T2= 929  P=  -1  D=  -1 
 X= 957 X2=1023  Y= 980 Y2=1020 P1=1023 P2=  -1 T1=1023 T2= 930  P=  -1  D=  -1 
 X=1023 X2= 991  Y= 982 Y2=1019 P1=1023 P2=  -1 T1=1022 T2= 924  P=  -1  D=  -1 
 X=1004 X2=1007  Y= 983 Y2=1023 P1=1023 P2=  -1 T1=1019 T2= 909  P=  -1  D=  -1 
 X= 987 X2=1007  Y= 979 Y2=1019 P1=1023 P2=  -1 T1=1023 T2= 917  P=  -1  D=  -1 
 X= 864 X2=1023  Y= 985 Y2=1020 P1=1023 P2=  -1 T1=1023 T2= 921  P=  -1  D=  -1 
 X= 969 X2=1021  Y= 982 Y2=1023 P1=1023 P2=  -1 T1=1023 T2= 900  P=  -1  D=  -1 
 X= 802 X2=1023  Y= 995 Y2=1019 P1=1023 P2=  -1 T1=1021 T2= 912  P=  -1  D=  -1 
 X= 790 X2=1023  Y= 988 Y2=1023 P1=1023 P2=  -1 T1=1023 T2= 910  P=  -1  D=  -1 
 X= 867 X2=1016  Y= 985 Y2=1020 P1=1022 P2=  -1 T1=1020 T2= 936  P=  -1  D=  -1 
 X= 871 X2=1017  Y= 961 Y2=1023 P1=1023 P2=  -1 T1=1019 T2= 935  P=  -1  D=  -1 
 X= 865 X2=1018  Y= 954 Y2=1019 P1=1023 P2=  -1 T1=1019 T2= 929  P=  -1  D=  -1 
 X= 929 X2= 992  Y= 976 Y2=1020 P1=1023 P2=  -1 T1=1023 T2= 848  P=  -1  D=  -1 
 X=1019 X2= 996  Y= 982 Y2=1023 P1=1023 P2=  -1 T1=1023 T2= 927  P=  -1  D=  -1 
 X= 856 X2=1022  Y= 993 Y2=1019 P1=1023 P2=  -1 T1=1019 T2= 923  P=  -1  D=  -1 
 X= 946 X2=1023  Y= 982 Y2=1023 P1=1023 P2=  -1 T1=1017 T2= 928  P=  -1  D=  -1 
 X= 788 X2=1023  Y= 976 Y2=1019 P1=1023 P2=  -1 T1=1020 T2= 894  P=  -1  D=  -1 
 X= 848 X2=1023  Y= 986 Y2=1023 P1=1023 P2=  -1 T1=1019 T2= 934  P=  -1  D=  -1 
 X= 913 X2=1023  Y= 984 Y2=1023 P1=1023 P2=  -1 T1=1020 T2= 916  P=  -1  D=  -1 
 X= 998 X2=1008  Y= 954 Y2=1020 P1=1023 P2=  -1 T1=1020 T2= 902  P=  -1  D=  -1 
 X= 869 X2=1019  Y= 988 Y2=1023 P1=1023 P2=  -1 T1=1018 T2= 934  P=  -1  D=  -1 
 X= 957 X2=1021  Y= 989 Y2=1023 P1=1023 P2=  -1 T1=1023 T2= 943  P=  -1  D=  -1 
 X=1023 X2=1014  Y= 972 Y2=1018 P1=1023 P2=  -1 T1=1023 T2= 915  P=  -1  D=  -1 
 X= 962 X2=1022  Y= 981 Y2=1023 P1=1023 P2=  -1 T1=1019 T2= 927  P=  -1  D=  -1 
 X= 877 X2=1023  Y= 983 Y2=1023 P1=1021 P2=  -1 T1=1023 T2= 934  P=  -1  D=  -1 
 X= 948 X2=1022  Y= 986 Y2=1020 P1=1023 P2=  -1 T1=1020 T2= 926  P=  -1  D=  -1 
 X= 827 X2=1023  Y= 978 Y2=1023 P1=1023 P2=  -1 T1=1023 T2= 937  P=  -1  D=  -1 
 X= 802 X2=1023  Y= 989 Y2=1023 P1=1023 P2=  -1 T1=1020 T2= 910  P=  -1  D=  -1 
 X= 992 X2=1001  Y= 983 Y2=1018 P1=1023 P2=  -1 T1=1023 T2= 910  P=  -1  D=  -1 
 X= 986 X2=1013  Y= 978 Y2=1019 P1=1023 P2=  -1 T1=1020 T2= 919  P=  -1  D=  -1 
 X= 969 X2= 994  Y= 998 Y2=1020 P1=1023 P2=  -1 T1=1023 T2= 926  P=  -1  D=  -1 
 X= 953 X2=1023  Y= 995 Y2=1023 P1=1023 P2=  -1 T1=1019 T2= 930  P=  -1  D=  -1 
 X= 966 X2=1021  Y= 987 Y2=1019 P1=1023 P2=  -1 T1=1020 T2= 941  P=  -1  D=  -1 
 X=1023 X2=1014  Y= 987 Y2=1020 P1=1022 P2=  -1 T1=1020 T2= 911  P=  -1  D=  -1 
 X= 921 X2=1023  Y= 991 Y2=1019 P1=1023 P2=  -1 T1=1020 T2= 924  P=  -1  D=  -1 
 X= 863 X2=1018  Y= 989 Y2=1023 P1=1020 P2=  -1 T1=1023 T2= 922  P=  -1  D=  -1 
 X= 956 X2=1023  Y= 991 Y2=1020 P1=1023 P2=  -1 T1=1023 T2= 939  P=  -1  D=  -1 
 X=1003 X2=1012  Y= 981 Y2=1023 P1=1023 P2=  -1 T1=1019 T2= 907  P=  -1  D=  -1 
 X=1023 X2=1013  Y=1023 Y2=1017 P1=1023 P2=  -1 T1=1019 T2=1011  P=  -1  D=  -1 
 X= 978 X2=1018  Y= 963 Y2=1019 P1=1023 P2=  -1 T1=1020 T2= 936  P=  -1  D=  -1 
 X=1023 X2=1014  Y= 975 Y2=1023 P1=1023 P2=  -1 T1=1023 T2= 913  P=  -1  D=  -1 
 X=1023 X2=1005  Y= 979 Y2=1020 P1=1023 P2=  -1 T1=1022 T2= 904  P=  -1  D=  -1 
 X= 839 X2=1023  Y= 989 Y2=1019 P1=1023 P2=  -1 T1=1023 T2= 932  P=  -1  D=  -1 
 X= 950 X2=1023  Y= 982 Y2=1019 P1=1023 P2=  -1 T1=1023 T2= 924  P=  -1  D=  -1 
 X= 928 X2=1018  Y= 981 Y2=1023 P1=1023 P2=  -1 T1=1023 T2= 927  P=  -1  D=  -1 
 X= 934 X2=1017  Y= 996 Y2=1018 P1=1023 P2=  -1 T1=1019 T2= 908  P=  -1  D=  -1 
 X=1023 X2=1011  Y= 983 Y2=1019 P1=1023 P2=  -1 T1=1021 T2= 931  P=  -1  D=  -1 
 X=1023 X2=1014  Y= 981 Y2=1020 P1=1023 P2=  -1 T1=1018 T2= 916  P=  -1  D=  -1 
 X=1001 X2=1004  Y= 979 Y2=1020 P1=1023 P2=  -1 T1=1020 T2= 895  P=  -1  D=  -1 
 X= 914 X2=1023  Y= 985 Y2=1019 P1=1023 P2=  -1 T1=1023 T2= 926  P=  -1  D=  -1 
 X=1019 X2=1019  Y= 994 Y2=1016 P1=1023 P2=  -1 T1=1023 T2= 934  P=  -1  D=  -1 
 X= 917 X2=1023  Y= 988 Y2=1020 P1=1023 P2=  -1 T1=1023 T2= 921  P=  -1  D=  -1 
 X= 859 X2=1023  Y= 998 Y2=1019 P1=1023 P2=  -1 T1=1023 T2= 909  P=  -1  D=  -1 
 X= 984 X2=1012  Y= 982 Y2=1023 P1=1023 P2=  -1 T1=1023 T2= 901  P=  -1  D=  -1 
 X= 964 X2=1013  Y= 982 Y2=1021 P1=1022 P2=  -1 T1=1023 T2= 912  P=  -1  D=  -1 
 X= 871 X2=1015  Y= 985 Y2=1020 P1=1023 P2=  -1 T1=1023 T2= 918  P=  -1  D=  -1 
 X= 951 X2=1002  Y= 988 Y2=1018 P1=1023 P2=  -1 T1=1020 T2= 920  P=  -1  D=  -1 
 X=1023 X2= 990  Y= 981 Y2=1019 P1=1023 P2=  -1 T1=1023 T2= 927  P=  -1  D=  -1 
 X= 921 X2=1023  Y= 990 Y2=1023 P1=1023 P2=  -1 T1=1023 T2= 921  P=  -1  D=  -1 
 X=1023 X2=1008  Y= 984 Y2=1023 P1=1023 P2=  -1 T1=1018 T2= 921  P=  -1  D=  -1 
 X= 972 X2=1023  Y= 981 Y2=1023 P1=1023 P2=  -1 T1=1023 T2= 918  P=  -1  D=  -1 
 X= 836 X2=1023  Y= 984 Y2=1023 P1=1023 P2=  -1 T1=1023 T2= 922  P=  -1  D=  -1 
 X= 904 X2=1023  Y= 988 Y2=1023 P1=1019 P2=  -1 T1=1023 T2= 916  P=  -1  D=  -1 
 X= 973 X2=1007  Y= 973 Y2=1023 P1=1023 P2=  -1 T1=1023 T2= 910  P=  -1  D=  -1 
 X= 870 X2=1016  Y= 975 Y2=1019 P1=1023 P2=  -1 T1=1018 T2= 914  P=  -1  D=  -1 
 X=1023 X2= 992  Y= 985 Y2=1020 P1=1023 P2=  -1 T1=1023 T2= 909  P=  -1  D=  -1 
 X= 950 X2=1023  Y=1000 Y2=1023 P1=1023 P2=  -1 T1=1023 T2= 930  P=  -1  D=  -1 
 X= 932 X2=1019  Y= 986 Y2=1019 P1=1023 P2=  -1 T1=1023 T2= 925  P=  -1  D=  -1 
 X= 968 X2=1021  Y= 991 Y2=1023 P1=1023 P2=  -1 T1=1020 T2= 927  P=  -1  D=  -1 
 X= 957 X2= 989  Y= 987 Y2=1023 P1=1023 P2=  -1 T1=1023 T2= 914  P=  -1  D=  -1 
 X= 955 X2=1021  Y= 994 Y2=1021 P1=1023 P2=  -1 T1=1023 T2= 922  P=  -1  D=  -1 
 X= 914 X2=1023  Y= 969 Y2=1018 P1=1023 P2=  -1 T1=1023 T2= 935  P=  -1  D=  -1 
 X= 900 X2=1023  Y= 986 Y2=1020 P1=1023 P2=  -1 T1=1023 T2= 908  P=  -1  D=  -1 
 X= 917 X2=1017  Y= 977 Y2=1019 P1=1023 P2=  -1 T1=1023 T2= 923  P=  -1  D=  -1 
 X= 963 X2=1021  Y= 984 Y2=1023 P1=1023 P2=  -1 T1=1019 T2= 921  P=  -1  D=  -1 
 X=1012 X2=1017  Y= 986 Y2=1023 P1=1023 P2=  -1 T1=1019 T2= 924  P=  -1  D=  -1 
 X=1014 X2= 990  Y= 985 Y2=1018 P1=1023 P2=  -1 T1=1019 T2= 939  P=  -1  D=  -1 
 X= 910 X2=1023  Y= 985 Y2=1023 P1=1023 P2=  -1 T1=1022 T2= 933  P=  -1  D=  -1 
 X= 924 X2=1023  Y= 978 Y2=1019 P1=1023 P2=  -1 T1=1023 T2= 911  P=  -1  D=  -1 
 X= 936 X2=1023  Y= 975 Y2=1023 P1=1023 P2=  -1 T1=1020 T2= 935  P=  -1  D=  -1 
 X= 967 X2=1023  Y= 985 Y2=1020 P1=1023 P2=  -1 T1=1023 T2= 923  P=  -1  D=  -1 
 X=1023 X2=1006  Y= 990 Y2=1020 P1=1023 P2=  -1 T1=1023 T2= 904  P=  -1  D=  -1 
 X=1008 X2=1002  Y= 970 Y2=1023 P1=1023 P2=  -1 T1=1019 T2= 937  P=  -1  D=  -1 
 X= 899 X2=1023  Y= 986 Y2=1023 P1=1023 P2=  -1 T1=1020 T2= 925  P=  -1  D=  -1 
 X= 948 X2=1021  Y= 978 Y2=1023 P1=1023 P2=  -1 T1=1023 T2= 927  P=  -1  D=  -1 
 X=1023 X2=1004  Y= 988 Y2=1019 P1=1023 P2=  -1 T1=1020 T2= 929  P=  -1  D=  -1 
 X= 896 X2=1023  Y= 991 Y2=1023 P1=1023 P2=  -1 T1=1023 T2= 925  P=  -1  D=  -1 
 X= 896 X2=1023  Y= 995 Y2=1023 P1=1023 P2=  -1 T1=1023 T2= 934  P=  -1  D=  -1 
 X= 998 X2=1008  Y= 977 Y2=1023 P1=1023 P2=  -1 T1=1020 T2= 917  P=  -1  D=  -1 
 X= 866 X2=1015  Y= 982 Y2=1018 P1=1023 P2=  -1 T1=1023 T2= 909  P=  -1  D=  -1 
 X= 961 X2=1023  Y= 987 Y2=1019 P1=1023 P2=  -1 T1=1019 T2= 913  P=  -1  D=  -1 
 X= 942 X2= 995  Y= 991 Y2=1019 P1=1023 P2=  -1 T1=1020 T2= 915  P=  -1  D=  -1 
 X= 993 X2=1003  Y= 990 Y2=1020 P1=1023 P2=  -1 T1=1023 T2= 919  P=  -1  D=  -1 
 X= 968 X2= 996  Y= 982 Y2=1023 P1=1023 P2=  -1 T1=1023 T2= 912  P=  -1  D=  -1 
 X= 958 X2=1023  Y= 986 Y2=1018 P1=1023 P2=  -1 T1=1023 T2= 924  P=  -1  D=  -1 
 X= 946 X2=1023  Y= 986 Y2=1023 P1=1023 P2=  -1 T1=1020 T2= 942  P=  -1  D=  -1 
 X= 826 X2=1023  Y= 988 Y2=1023 P1=1023 P2=  -1 T1=1023 T2= 949  P=  -1  D=  -1 
 X= 880 X2=1023  Y= 978 Y2=1023 P1=1023 P2=  -1 T1=1023 T2= 909  P=  -1  D=  -1 
 X= 970 X2=1014  Y= 985 Y2=1023 P1=1023 P2=  -1 T1=1023 T2= 937  P=  -1  D=  -1 
 X= 916 X2=1021  Y= 982 Y2=1019 P1=1023 P2=  -1 T1=1023 T2= 910  P=  -1  D=  -1 
 X= 862 X2=1023  Y= 982 Y2=1019 P1=1023 P2=  -1 T1=1020 T2= 931  P=  -1  D=  -1 
 X=1010 X2=1002  Y= 989 Y2=1023 P1=1023 P2=  -1 T1=1023 T2= 903  P=  -1  D=  -1 
 X= 913 X2=1023  Y= 981 Y2=1020 P1=1023 P2=  -1 T1=1023 T2= 934  P=  -1  D=  -1 
 X= 959 X2=1023  Y= 994 Y2=1019 P1=1023 P2=  -1 T1=1023 T2= 913  P=  -1  D=  -1 
 X= 956 X2=1022  Y= 991 Y2=1019 P1=1023 P2=  -1 T1=1019 T2= 926  P=  -1  D=  -1 
 X= 897 X2=1017  Y= 985 Y2=1020 P1=1023 P2=  -1 T1=1020 T2= 932  P=  -1  D=  -1 
 X= 900 X2=1023  Y= 982 Y2=1021 P1=1023 P2=  -1 T1=1023 T2= 928  P=  -1  D=  -1 
 X= 862 X2=1016  Y= 967 Y2=1019 P1=1023 P2=  -1 T1=1020 T2= 943  P=  -1  D=  -1 
 X= 860 X2=1017  Y= 992 Y2=1020 P1=1023 P2=  -1 T1=1017 T2= 904  P=  -1  D=  -1 
 X= 950 X2=1023  Y= 986 Y2=1023 P1=1023 P2=  -1 T1=1020 T2= 928  P=  -1  D=  -1 
 X= 949 X2=1010  Y= 986 Y2=1023 P1=1023 P2=  -1 T1=1023 T2= 915  P=  -1  D=  -1 
 X= 870 X2=1015  Y= 987 Y2=1023 P1=1023 P2=  -1 T1=1023 T2= 929  P=  -1  D=  -1 
 X= 911 X2=1023  Y= 976 Y2=1018 P1=1023 P2=  -1 T1=1023 T2= 917  P=  -1  D=  -1 
 X= 956 X2=1023  Y= 985 Y2=1018 P1=1023 P2=  -1 T1=1019 T2= 924  P=  -1  D=  -1 
 X= 844 X2=1023  Y= 982 Y2=1019 P1=1023 P2=  -1 T1=1023 T2= 904  P=  -1  D=  -1 
 X= 833 X2=1023  Y= 983 Y2=1020 P1=1023 P2=  -1 T1=1023 T2= 879  P=  -1  D=  -1 
 X=1006 X2= 996  Y= 979 Y2=1020 P1=1023 P2=  -1 T1=1023 T2= 926  P=  -1  D=  -1 
 X= 969 X2=1008  Y= 974 Y2=1019 P1=1023 P2=  -1 T1=1023 T2= 918  P=  -1  D=  -1 
 X= 865 X2=1020  Y= 993 Y2=1019 P1=1023 P2=  -1 T1=1019 T2= 931  P=  -1  D=  -1 
 X= 943 X2=1022  Y= 992 Y2=1019 P1=1023 P2=  -1 T1=1023 T2= 924  P=  -1  D=  -1 
 X=1023 X2=1004  Y= 981 Y2=1023 P1=1023 P2=  -1 T1=1023 T2= 914  P=  -1  D=  -1 
 X= 929 X2=1023  Y= 979 Y2=1020 P1=1023 P2=  -1 T1=1022 T2= 922  P=  -1  D=  -1 
 X= 946 X2=1023  Y= 986 Y2=1023 P1=1023 P2=  -1 T1=1021 T2= 934  P=  -1  D=  -1 
 X= 912 X2=1018  Y= 976 Y2=1023 P1=1023 P2=  -1 T1=1023 T2= 918  P=  -1  D=  -1 
 X= 928 X2=1020  Y= 984 Y2=1019 P1=1023 P2=  -1 T1=1023 T2= 929  P=  -1  D=  -1 
 X= 936 X2=1019  Y= 978 Y2=1021 P1=1023 P2=  -1 T1=1019 T2= 919  P=  -1  D=  -1 
 X= 984 X2=1015  Y= 976 Y2=1023 P1=1023 P2=  -1 T1=1020 T2= 925  P=  -1  D=  -1 
 X= 869 X2=1015  Y= 976 Y2=1023 P1=1023 P2=  -1 T1=1023 T2= 933  P=  -1  D=  -1 
 X=1023 X2=1004  Y= 977 Y2=1019 P1=1023 P2=  -1 T1=1023 T2= 921  P=  -1  D=  -1 
 X=1023 X2=1002  Y= 973 Y2=1023 P1=1023 P2=  -1 T1=1020 T2= 933  P=  -1  D=  -1 
 X= 850 X2=1023  Y= 990 Y2=1023 P1=1023 P2=  -1 T1=1019 T2= 917  P=  -1  D=  -1 
 X= 907 X2=1023  Y= 976 Y2=1021 P1=1023 P2=  -1 T1=1021 T2= 876  P=  -1  D=  -1 
 X= 919 X2=1023  Y= 982 Y2=1023 P1=1023 P2=  -1 T1=1020 T2= 938  P=  -1  D=  -1 
 X= 903 X2=1021  Y= 976 Y2=1018 P1=1023 P2=  -1 T1=1019 T2= 906  P=  -1  D=  -1 
 X= 946 X2=1020  Y= 979 Y2=1023 P1=1023 P2=  -1 T1=1020 T2= 919  P=  -1  D=  -1 
 X= 981 X2=1019  Y= 985 Y2=1023 P1=1023 P2=  -1 T1=1020 T2= 925  P=  -1  D=  -1 
 X= 985 X2=1014  Y= 984 Y2=1023 P1=1023 P2=  -1 T1=1020 T2= 916  P=  -1  D=  -1 
 X= 944 X2=1023  Y= 984 Y2=1019 P1=1023 P2=  -1 T1=1023 T2= 908  P=  -1  D=  -1 
 X= 955 X2=1023  Y= 989 Y2=1018 P1=1023 P2=  -1 T1=1023 T2= 931  P=  -1  D=  -1 
 X= 887 X2=1013  Y=1023 Y2=1019 P1=1023 P2=  -1 T1=1022 T2=1011  P=  -1  D=  -1 
 X=1008 X2=1005  Y= 984 Y2=1023 P1=1023 P2=  -1 T1=1023 T2= 927  P=  -1  D=  -1 
 X= 934 X2=1023  Y= 986 Y2=1023 P1=1023 P2=  -1 T1=1020 T2= 937  P=  -1  D=  -1 
 X= 856 X2=1023  Y= 985 Y2=1023 P1=1023 P2=  -1 T1=1020 T2= 930  P=  -1  D=  -1 
 X= 965 X2=1023  Y= 980 Y2=1022 P1=1023 P2=  -1 T1=1021 T2= 913  P=  -1  D=  -1 
 X= 946 X2=1006  Y= 992 Y2=1023 P1=1023 P2=  -1 T1=1023 T2= 903  P=  -1  D=  -1 
 X=1023 X2=1012  Y= 986 Y2=1021 P1=1023 P2=  -1 T1=1018 T2= 925  P=  -1  D=  -1 
 X=1005 X2=1022  Y= 982 Y2=1023 P1=1023 P2=  -1 T1=1020 T2= 917  P=  -1  D=  -1 
 X= 963 X2=1021  Y= 978 Y2=1018 P1=1023 P2=  -1 T1=1023 T2= 931  P=  -1  D=  -1 
 X= 970 X2= 987  Y= 984 Y2=1020 P1=1023 P2=  -1 T1=1020 T2= 928  P=  -1  D=  -1 
 X= 808 X2=1022  Y= 979 Y2=1019 P1=1023 P2=  -1 T1=1023 T2= 930  P=  -1  D=  -1 
 X= 974 X2=1007  Y= 975 Y2=1023 P1=1023 P2=  -1 T1=1023 T2= 932  P=  -1  D=  -1 
 X= 986 X2=1019  Y= 978 Y2=1023 P1=1023 P2=  -1 T1=1023 T2= 924  P=  -1  D=  -1 
 X= 888 X2=1019  Y= 989 Y2=1020 P1=1023 P2=  -1 T1=1023 T2= 914  P=  -1  D=  -1 
 X= 955 X2= 994  Y= 981 Y2=1023 P1=1023 P2=  -1 T1=1023 T2= 927  P=  -1  D=  -1 
 X= 950 X2= 997  Y= 989 Y2=1019 P1=1023 P2=  -1 T1=1023 T2= 938  P=  -1  D=  -1 
 X=1009 X2=1019  Y= 986 Y2=1023 P1=1023 P2=  -1 T1=1021 T2= 907  P=  -1  D=  -1 
 X= 966 X2=1022  Y= 978 Y2=1020 P1=1023 P2=  -1 T1=1023 T2= 933  P=  -1  D=  -1 
 X= 947 X2= 995  Y= 990 Y2=1019 P1=1023 P2=  -1 T1=1020 T2= 933  P=  -1  D=  -1 
 X= 931 X2=1019  Y= 982 Y2=1022 P1=1023 P2=  -1 T1=1021 T2= 927  P=  -1  D=  -1 
 X= 932 X2=1023  Y= 995 Y2=1023 P1=1023 P2=  -1 T1=1021 T2= 927  P=  -1  D=  -1 
 X= 875 X2=1021  Y= 981 Y2=1018 P1=1023 P2=  -1 T1=1019 T2= 915  P=  -1  D=  -1 
 X= 988 X2=1014  Y= 971 Y2=1023 P1=1023 P2=  -1 T1=1019 T2= 926  P=  -1  D=  -1 
 X= 947 X2=1021  Y= 983 Y2=1020 P1=1023 P2=  -1 T1=1019 T2= 931  P=  -1  D=  -1 
 X=1003 X2=1004  Y= 986 Y2=1023 P1=1023 P2=  -1 T1=1023 T2= 934  P=  -1  D=  -1 
 X=1020 X2= 996  Y= 989 Y2=1023 P1=1023 P2=  -1 T1=1019 T2= 928  P=  -1  D=  -1 
 X= 847 X2=1023  Y= 990 Y2=1023 P1=1023 P2=  -1 T1=1021 T2= 914  P=  -1  D=  -1 
 X= 920 X2=1023  Y= 976 Y2=1023 P1=1023 P2=  -1 T1=1020 T2= 907  P=  -1  D=  -1 
 X= 947 X2= 996  Y= 962 Y2=1023 P1=1023 P2=  -1 T1=1020 T2= 938  P=  -1  D=  -1 
 X= 898 X2=1023  Y= 988 Y2=1017 P1=1023 P2=  -1 T1=1020 T2= 927  P=  -1  D=  -1 
 X= 935 X2=1023  Y= 981 Y2=1020 P1=1023 P2=  -1 T1=1021 T2= 922  P=  -1  D=  -1 
 X= 967 X2=1023  Y= 982 Y2=1019 P1=1023 P2=  -1 T1=1020 T2= 932  P=  -1  D=  -1 
 X= 863 X2=1018  Y= 987 Y2=1019 P1=1023 P2=  -1 T1=1023 T2= 917  P=  -1  D=  -1 
 X= 921 X2=1021  Y= 977 Y2=1023 P1=1023 P2=  -1 T1=1020 T2= 930  P=  -1  D=  -1 
 X= 869 X2=1016  Y= 981 Y2=1019 P1=1023 P2=  -1 T1=1023 T2= 924  P=  -1  D=  -1 
 X= 927 X2=1023  Y= 984 Y2=1020 P1=1023 P2=  -1 T1=1023 T2= 942  P=  -1  D=  -1 
 X=1023 X2= 998  Y= 988 Y2=1019 P1=1023 P2=  -1 T1=1023 T2= 963  P=  -1  D=  -1 
 X= 943 X2=1023  Y= 992 Y2=1023 P1=1023 P2=  -1 T1=1018 T2= 916  P=  -1  D=  -1 
 X= 780 X2=1023  Y= 969 Y2=1018 P1=1023 P2=  -1 T1=1023 T2= 920  P=  -1  D=  -1 
 X= 834 X2=1023  Y= 986 Y2=1019 P1=1023 P2=  -1 T1=1020 T2= 910  P=  -1  D=  -1 
 X=1023 X2=1012  Y= 976 Y2=1019 P1=1023 P2=  -1 T1=1020 T2= 915  P=  -1  D=  -1 
 X= 999 X2=1015  Y= 984 Y2=1019 P1=1023 P2=  -1 T1=1023 T2= 918  P=  -1  D=  -1 
 X= 920 X2=1023  Y= 981 Y2=1020 P1=1023 P2=  -1 T1=1020 T2= 916  P=  -1  D=  -1 
 X= 956 X2= 985  Y= 988 Y2=1020 P1=1023 P2=  -1 T1=1021 T2= 933  P=  -1  D=  -1 
 X=1023 X2=1008  Y= 980 Y2=1023 P1=1023 P2=  -1 T1=1023 T2= 929  P=  -1  D=  -1 
 X=1023 X2=1018  Y= 982 Y2=1023 P1=1023 P2=  -1 T1=1020 T2= 928  P=  -1  D=  -1 
 X= 902 X2=1023  Y= 984 Y2=1023 P1=1023 P2=  -1 T1=1020 T2= 941  P=  -1  D=  -1 
 X= 993 X2=1013  Y= 980 Y2=1023 P1=1023 P2=  -1 T1=1023 T2= 916  P=  -1  D=  -1 
 X= 937 X2=1016  Y= 979 Y2=1022 P1=1023 P2=  -1 T1=1023 T2= 928  P=  -1  D=  -1 
 X= 954 X2= 992  Y= 996 Y2=1023 P1=1023 P2=  -1 T1=1023 T2= 933  P=  -1  D=  -1 
 X=1003 X2=1007  Y= 977 Y2=1022 P1=1023 P2=  -1 T1=1023 T2= 940  P=  -1  D=  -1 
 X= 978 X2=1007  Y= 984 Y2=1023 P1=1023 P2=  -1 T1=1023 T2= 919  P=  -1  D=  -1 
 X=1023 X2=1007  Y= 991 Y2=1020 P1=1023 P2=  -1 T1=1019 T2= 921  P=  -1  D=  -1 
 X= 966 X2= 992  Y= 984 Y2=1019 P1=1023 P2=  -1 T1=1019 T2= 929  P=  -1  D=  -1 
 X= 822 X2=1023  Y= 996 Y2=1023 P1=1023 P2=  -1 T1=1019 T2= 934  P=  -1  D=  -1 
 X= 910 X2=1023  Y= 979 Y2=1023 P1=1023 P2=  -1 T1=1023 T2= 931  P=  -1  D=  -1 
 X=1016 X2=1000  Y= 977 Y2=1020 P1=1023 P2=  -1 T1=1023 T2= 901  P=  -1  D=  -1 
 X= 862 X2=1019  Y= 980 Y2=1019 P1=1023 P2=  -1 T1=1023 T2= 925  P=  -1  D=  -1 
 X= 939 X2=1016  Y= 985 Y2=1020 P1=1023 P2=  -1 T1=1023 T2= 922  P=  -1  D=  -1 
 X= 992 X2=1008  Y= 996 Y2=1019 P1=1023 P2=  -1 T1=1022 T2= 922  P=  -1  D=  -1 
 X=1014 X2= 986  Y= 985 Y2=1023 P1=1022 P2=  -1 T1=1023 T2= 929  P=  -1  D=  -1 
 X= 950 X2=1016  Y= 987 Y2=1019 P1=1023 P2=  -1 T1=1023 T2= 911  P=  -1  D=  -1 
 X= 962 X2= 990  Y= 979 Y2=1023 P1=1023 P2=  -1 T1=1023 T2= 906  P=  -1  D=  -1 
 X= 970 X2=1023  Y= 995 Y2=1023 P1=1023 P2=  -1 T1=1023 T2= 922  P=  -1  D=  -1 
 X= 866 X2=1023  Y= 979 Y2=1023 P1=1023 P2=  -1 T1=1023 T2= 932  P=  -1  D=  -1 
 X= 897 X2=1023  Y= 985 Y2=1018 P1=1023 P2=  -1 T1=1023 T2= 925  P=  -1  D=  -1 
 X= 860 X2=1021  Y= 983 Y2=1019 P1=1023 P2=  -1 T1=1019 T2= 915  P=  -1  D=  -1 
 X= 908 X2=1021  Y= 983 Y2=1023 P1=1023 P2=  -1 T1=1023 T2= 927  P=  -1  D=  -1 
 X= 942 X2= 993  Y= 983 Y2=1023 P1=1023 P2=  -1 T1=1023 T2= 925  P=  -1  D=  -1 
 X=1022 X2=1014  Y= 980 Y2=1023 P1=1023 P2=  -1 T1=1019 T2= 920  P=  -1  D=  -1 
 X= 826 X2=1022  Y= 980 Y2=1023 P1=1023 P2=  -1 T1=1019 T2= 911  P=  -1  D=  -1 
 X= 960 X2=1023  Y= 992 Y2=1023 P1=1023 P2=  -1 T1=1023 T2= 913  P=  -1  D=  -1 
 X= 947 X2=1021  Y= 981 Y2=1023 P1=1023 P2=  -1 T1=1023 T2= 916  P=  -1  D=  -1 
 X= 841 X2=1023  Y= 967 Y2=1019 P1=1023 P2=  -1 T1=1019 T2= 920  P=  -1  D=  -1 
 X= 919 X2=1023  Y= 990 Y2=1019 P1=1023 P2=  -1 T1=1018 T2= 927  P=  -1  D=  -1 
 X= 988 X2= 996  Y= 973 Y2=1023 P1=1023 P2=  -1 T1=1019 T2= 936  P=  -1  D=  -1 
 X= 886 X2=1019  Y= 983 Y2=1023 P1=1023 P2=  -1 T1=1020 T2= 914  P=  -1  D=  -1 
 X= 969 X2=1023  Y= 961 Y2=1023 P1=1023 P2=  -1 T1=1023 T2= 921  P=  -1  D=  -1 
 X= 947 X2= 993  Y= 977 Y2=1020 P1=1023 P2=  -1 T1=1019 T2= 917  P=  -1  D=  -1 
 X=1023 X2= 987  Y= 973 Y2=1020 P1=1023 P2=  -1 T1=1020 T2= 910  P=  -1  D=  -1 
 X= 972 X2=1020  Y= 984 Y2=1023 P1=1023 P2=  -1 T1=1023 T2= 934  P=  -1  D=  -1 
 X= 913 X2=1023  Y= 985 Y2=1023 P1=1023 P2=  -1 T1=1020 T2= 922  P=  -1  D=  -1 
 X= 893 X2=1021  Y= 986 Y2=1020 P1=1023 P2=  -1 T1=1023 T2= 912  P=  -1  D=  -1 
 X= 781 X2=1023  Y= 979 Y2=1023 P1=1023 P2=  -1 T1=1019 T2= 917  P=  -1  D=  -1 
 X=1015 X2=1005  Y= 986 Y2=1023 P1=1023 P2=  -1 T1=1020 T2= 922  P=  -1  D=  -1 
 X= 993 X2=1012  Y= 978 Y2=1021 P1=1023 P2=  -1 T1=1023 T2= 914  P=  -1  D=  -1 
 X= 900 X2=1023  Y= 973 Y2=1023 P1=1023 P2=  -1 T1=1023 T2= 924  P=  -1  D=  -1 
 X=1023 X2=1014  Y= 982 Y2=1023 P1=1023 P2=  -1 T1=1020 T2= 928  P=  -1  D=  -1 
 X=1023 X2=1007  Y= 991 Y2=1023 P1=1023 P2=  -1 T1=1020 T2= 935  P=  -1  D=  -1 
 X= 847 X2=1023  Y= 979 Y2=1023 P1=1023 P2=  -1 T1=1023 T2= 921  P=  -1  D=  -1 
 X= 862 X2=1023  Y= 982 Y2=1020 P1=1023 P2=  -1 T1=1020 T2= 917  P=  -1  D=  -1 
 X= 988 X2=1015  Y= 980 Y2=1023 P1=1023 P2=  -1 T1=1018 T2= 921  P=  -1  D=  -1 
 X= 881 X2=1020  Y= 990 Y2=1020 P1=1023 P2=  -1 T1=1020 T2= 922  P=  -1  D=  -1 
 X= 801 X2=1023  Y= 978 Y2=1019 P1=1023 P2=  -1 T1=1023 T2= 913  P=  -1  D=  -1 
 X= 998 X2=1009  Y= 991 Y2=1023 P1=1023 P2=  -1 T1=1020 T2= 912  P=  -1  D=  -1 
 X= 866 X2=1015  Y= 982 Y2=1023 P1=1023 P2=  -1 T1=1020 T2= 924  P=  -1  D=  -1 
 X= 997 X2=1006  Y= 990 Y2=1019 P1=1023 P2=  -1 T1=1020 T2= 939  P=  -1  D=  -1 
 X= 936 X2= 993  Y= 987 Y2=1019 P1=1023 P2=  -1 T1=1019 T2= 909  P=  -1  D=  -1 
 X= 822 X2=1023  Y= 974 Y2=1018 P1=1023 P2=  -1 T1=1022 T2= 925  P=  -1  D=  -1 
 X= 915 X2=1023  Y= 985 Y2=1023 P1=1023 P2=  -1 T1=1023 T2= 939  P=  -1  D=  -1 
 X= 841 X2=1023  Y= 992 Y2=1023 P1=1023 P2=  -1 T1=1020 T2= 923  P=  -1  D=  -1 
 X=1022 X2=1011  Y=1015 Y2=1019 P1=1023 P2=  -1 T1=1020 T2=1023  P=  -1  D=  -1 
 X= 932 X2= 994  Y= 979 Y2=1019 P1=1023 P2=  -1 T1=1019 T2= 932  P=  -1  D=  -1 
 X=1001 X2=1003  Y= 986 Y2=1019 P1=1023 P2=  -1 T1=1023 T2= 945  P=  -1  D=  -1 
 X= 891 X2=1018  Y= 955 Y2=1023 P1=1023 P2=  -1 T1=1023 T2= 928  P=  -1  D=  -1 
 X= 928 X2=1023  Y= 992 Y2=1023 P1=1023 P2=  -1 T1=1020 T2= 939  P=  -1  D=  -1 
 X= 950 X2=1023  Y= 984 Y2=1023 P1=1023 P2=  -1 T1=1019 T2= 926  P=  -1  D=  -1 
 X= 960 X2= 995  Y= 984 Y2=1023 P1=1023 P2=  -1 T1=1023 T2= 925  P=  -1  D=  -1 
 X= 928 X2=1023  Y= 986 Y2=1019 P1=1023 P2=  -1 T1=1019 T2= 922  P=  -1  D=  -1 
 X= 897 X2=1023  Y= 979 Y2=1023 P1=1023 P2=  -1 T1=1020 T2= 936  P=  -1  D=  -1 
 X= 992 X2=1008  Y= 976 Y2=1023 P1=1023 P2=  -1 T1=1020 T2= 933  P=  -1  D=  -1 
 X= 888 X2=1023  Y= 983 Y2=1019 P1=1022 P2=  -1 T1=1023 T2= 935  P=  -1  D=  -1 
 X=1023 X2=1010  Y= 990 Y2=1023 P1=1023 P2=  -1 T1=1023 T2= 929  P=  -1  D=  -1 
 X=1020 X2=1011  Y= 984 Y2=1020 P1=1023 P2=  -1 T1=1023 T2= 924  P=  -1  D=  -1 
 X= 983 X2=1008  Y= 984 Y2=1023 P1=1023 P2=  -1 T1=1023 T2= 920  P=  -1  D=  -1 
 X= 979 X2=1004  Y= 987 Y2=1019 P1=1023 P2=  -1 T1=1023 T2= 918  P=  -1  D=  -1 
 X= 943 X2=1023  Y= 988 Y2=1023 P1=1023 P2=  -1 T1=1023 T2= 927  P=  -1  D=  -1 
 X= 954 X2=1023  Y= 981 Y2=1018 P1=1023 P2=  -1 T1=1019 T2= 910  P=  -1  D=  -1 
 X= 831 X2=1022  Y= 987 Y2=1021 P1=1023 P2=  -1 T1=1019 T2= 932  P=  -1  D=  -1 
 X=1023 X2= 992  Y= 983 Y2=1023 P1=1023 P2=  -1 T1=1021 T2= 924  P=  -1  D=  -1 
 X= 867 X2=1017  Y= 991 Y2=1019 P1=1023 P2=  -1 T1=1020 T2= 920  P=  -1  D=  -1 
 X= 973 X2=1020  Y= 983 Y2=1020 P1=1023 P2=  -1 T1=1023 T2= 925  P=  -1  D=  -1 
 X= 893 X2=1017  Y= 994 Y2=1019 P1=1023 P2=  -1 T1=1023 T2= 939  P=  -1  D=  -1 
 X=1001 X2= 987  Y= 987 Y2=1023 P1=1023 P2=  -1 T1=1020 T2= 917  P=  -1  D=  -1 
 X= 871 X2=1023  Y= 991 Y2=1020 P1=1023 P2=  -1 T1=1020 T2= 921  P=  -1  D=  -1 
 X= 955 X2=1018  Y= 982 Y2=1023 P1=1023 P2=  -1 T1=1019 T2= 914  P=  -1  D=  -1 
 X= 866 X2=1019  Y= 983 Y2=1018 P1=1023 P2=  -1 T1=1023 T2= 930  P=  -1  D=  -1 
 X= 835 X2=1022  Y= 991 Y2=1023 P1=1023 P2=  -1 T1=1023 T2= 924  P=  -1  D=  -1 
 X= 918 X2=1022  Y= 983 Y2=1023 P1=1023 P2=  -1 T1=1023 T2= 930  P=  -1  D=  -1 
 X=1001 X2=1015  Y= 995 Y2=1019 P1=1023 P2=  -1 T1=1020 T2= 928  P=  -1  D=  -1 
 X= 889 X2=1023  Y= 985 Y2=1019 P1=1023 P2=  -1 T1=1020 T2= 914  P=  -1  D=  -1 
 X= 942 X2= 994  Y= 996 Y2=1023 P1=1023 P2=  -1 T1=1022 T2= 936  P=  -1  D=  -1 
 X=1023 X2=1014  Y= 980 Y2=1020 P1=1021 P2=  -1 T1=1023 T2= 942  P=  -1  D=  -1 
 X= 887 X2=1023  Y= 985 Y2=1023 P1=1023 P2=  -1 T1=1020 T2= 925  P=  -1  D=  -1 
 X= 868 X2=1023  Y= 998 Y2=1019 P1=1023 P2=  -1 T1=1023 T2= 920  P=  -1  D=  -1 
 X= 827 X2=1023  Y= 986 Y2=1020 P1=1023 P2=  -1 T1=1023 T2= 924  P=  -1  D=  -1 
 X= 956 X2=1016  Y= 986 Y2=1023 P1=1023 P2=  -1 T1=1018 T2= 944  P=  -1  D=  -1 
 X= 922 X2=1023  Y= 979 Y2=1019 P1=1023 P2=  -1 T1=1023 T2= 921  P=  -1  D=  -1 
 X=1013 X2=1002  Y= 975 Y2=1023 P1=1023 P2=  -1 T1=1020 T2= 889  P=  -1  D=  -1 
 X= 989 X2=1008  Y= 986 Y2=1023 P1=1023 P2=  -1 T1=1023 T2= 916  P=  -1  D=  -1 
 X= 970 X2=1023  Y= 990 Y2=1023 P1=1023 P2=  -1 T1=1023 T2= 922  P=  -1  D=  -1 
 X= 961 X2=1023  Y= 980 Y2=1019 P1=1023 P2=  -1 T1=1023 T2= 907  P=  -1  D=  -1 
 X= 890 X2=1023  Y= 987 Y2=1020 P1=1023 P2=  -1 T1=1023 T2= 913  P=  -1  D=  -1 
 X= 953 X2=1022  Y= 991 Y2=1018 P1=1023 P2=  -1 T1=1019 T2= 932  P=  -1  D=  -1 
 X= 962 X2=1020  Y= 982 Y2=1019 P1=1023 P2=  -1 T1=1023 T2= 934  P=  -1  D=  -1 
 X= 865 X2=1018  Y= 983 Y2=1023 P1=1020 P2=  -1 T1=1023 T2= 929  P=  -1  D=  -1 
 X= 953 X2=1023  Y= 977 Y2=1023 P1=1023 P2=  -1 T1=1023 T2= 937  P=  -1  D=  -1 
 X= 959 X2=1023  Y= 992 Y2=1023 P1=1023 P2=  -1 T1=1020 T2= 923  P=  -1  D=  -1 
 X= 980 X2=1014  Y= 979 Y2=1019 P1=1023 P2=  -1 T1=1020 T2= 936  P=  -1  D=  -1 
 X= 925 X2=1019  Y= 987 Y2=1023 P1=1023 P2=  -1 T1=1023 T2= 928  P=  -1  D=  -1 
 X= 947 X2= 993  Y= 986 Y2=1023 P1=1023 P2=  -1 T1=1020 T2= 942  P=  -1  D=  -1 
 X=1023 X2=1002  Y= 988 Y2=1023 P1=1023 P2=  -1 T1=1023 T2= 925  P=  -1  D=  -1 
 X= 962 X2=1023  Y= 979 Y2=1018 P1=1023 P2=  -1 T1=1020 T2= 921  P=  -1  D=  -1 
 X= 919 X2=1023  Y= 979 Y2=1019 P1=1023 P2=  -1 T1=1020 T2= 919  P=  -1  D=  -1 
 X= 871 X2=1015  Y= 982 Y2=1019 P1=1023 P2=  -1 T1=1023 T2= 924  P=  -1  D=  -1 
 X= 906 X2=1021  Y= 984 Y2=1019 P1=1023 P2=  -1 T1=1023 T2= 919  P=  -1  D=  -1 
 X= 950 X2=1022  Y= 976 Y2=1019 P1=1023 P2=  -1 T1=1023 T2= 912  P=  -1  D=  -1 
 X= 991 X2=1013  Y= 977 Y2=1023 P1=1023 P2=  -1 T1=1023 T2= 926  P=  -1  D=  -1 
 X=1001 X2=1006  Y= 988 Y2=1019 P1=1023 P2=  -1 T1=1020 T2= 920  P=  -1  D=  -1 
 X= 921 X2=1023  Y= 984 Y2=1023 P1=1023 P2=  -1 T1=1023 T2= 931  P=  -1  D=  -1 
 X= 965 X2=1023  Y= 982 Y2=1019 P1=1023 P2=  -1 T1=1019 T2= 906  P=  -1  D=  -1 
 X= 865 X2=1023  Y= 978 Y2=1019 P1=1023 P2=  -1 T1=1023 T2= 929  P=  -1  D=  -1 
 X= 898 X2=1023  Y= 979 Y2=1020 P1=1023 P2=  -1 T1=1023 T2= 914  P=  -1  D=  -1 
 X= 986 X2=1004  Y= 975 Y2=1023 P1=1023 P2=  -1 T1=1019 T2= 924  P=  -1  D=  -1 
 X= 976 X2=1023  Y= 986 Y2=1018 P1=1023 P2=  -1 T1=1023 T2= 929  P=  -1  D=  -1 
 X= 977 X2=1023  Y= 988 Y2=1023 P1=1023 P2=  -1 T1=1023 T2= 927  P=  -1  D=  -1 
 X= 924 X2= 986  Y= 989 Y2=1023 P1=1023 P2=  -1 T1=1021 T2= 923  P=  -1  D=  -1 
 X=1023 X2=1014  Y= 989 Y2=1018 P1=1023 P2=  -1 T1=1020 T2= 924  P=  -1  D=  -1 
 X= 901 X2=1023  Y= 997 Y2=1019 P1=1023 P2=  -1 T1=1023 T2= 917  P=  -1  D=  -1 
 X= 970 X2=1023  Y= 986 Y2=1023 P1=1023 P2=  -1 T1=1023 T2= 929  P=  -1  D=  -1 
 X= 938 X2=1017  Y= 984 Y2=1019 P1=1023 P2=  -1 T1=1020 T2= 909  P=  -1  D=  -1 
 X= 988 X2=1023  Y= 983 Y2=1019 P1=1023 P2=  -1 T1=1023 T2= 917  P=  -1  D=  -1 
 X= 913 X2=1023  Y= 970 Y2=1023 P1=1023 P2=  -1 T1=1023 T2= 917  P=  -1  D=  -1 
 X= 996 X2=1006  Y= 976 Y2=1018 P1=1023 P2=  -1 T1=1019 T2= 902  P=  -1  D=  -1 
 X= 953 X2=1023  Y= 975 Y2=1019 P1=1023 P2=  -1 T1=1023 T2= 914  P=  -1  D=  -1 
 X= 954 X2=1023  Y= 995 Y2=1020 P1=1023 P2=  -1 T1=1023 T2= 914  P=  -1  D=  -1 
 X=1023 X2=1002  Y= 976 Y2=1023 P1=1017 P2=  -1 T1=1019 T2= 933  P=  -1  D=  -1 
 X= 796 X2=1023  Y= 984 Y2=1019 P1=1023 P2=  -1 T1=1020 T2= 932  P=  -1  D=  -1 
 X= 937 X2=1020  Y= 990 Y2=1023 P1=1023 P2=  -1 T1=1023 T2= 913  P=  -1  D=  -1 
 X= 958 X2=1022  Y= 973 Y2=1018 P1=1023 P2=  -1 T1=1021 T2= 934  P=  -1  D=  -1 
 X= 907 X2=1017  Y= 989 Y2=1023 P1=1023 P2=  -1 T1=1020 T2= 922  P=  -1  D=  -1 
 X= 812 X2=1023  Y= 977 Y2=1018 P1=1023 P2=  -1 T1=1021 T2= 924  P=  -1  D=  -1 
 X=1018 X2=1015  Y= 981 Y2=1019 P1=1023 P2=  -1 T1=1020 T2= 930  P=  -1  D=  -1 
 X= 928 X2=1019  Y= 982 Y2=1023 P1=1021 P2=  -1 T1=1023 T2= 935  P=  -1  D=  -1 
 X= 959 X2=1023  Y= 986 Y2=1020 P1=1023 P2=  -1 T1=1020 T2= 931  P=  -1  D=  -1 
 X=1020 X2=1014  Y= 985 Y2=1020 P1=1023 P2=  -1 T1=1020 T2= 944  P=  -1  D=  -1 
 X= 915 X2=1023  Y=1000 Y2=1023 P1=1023 P2=  -1 T1=1023 T2= 948  P=  -1  D=  -1 
 X= 913 X2=1023  Y= 988 Y2=1023 P1=1023 P2=  -1 T1=1023 T2= 913  P=  -1  D=  -1 
 X= 926 X2=1023  Y= 979 Y2=1023 P1=1023 P2=  -1 T1=1023 T2= 928  P=  -1  D=  -1 
 X= 865 X2=1018  Y= 985 Y2=1018 P1=1023 P2=  -1 T1=1020 T2= 913  P=  -1  D=  -1 
 X= 957 X2=1023  Y= 988 Y2=1019 P1=1023 P2=  -1 T1=1020 T2= 917  P=  -1  D=  -1 
 X=1023 X2=1014  Y= 987 Y2=1023 P1=1023 P2=  -1 T1=1020 T2= 930  P=  -1  D=  -1 
 X= 886 X2=1018  Y= 974 Y2=1018 P1=1023 P2=  -1 T1=1023 T2= 924  P=  -1  D=  -1 
 X= 984 X2=1012  Y= 978 Y2=1019 P1=1023 P2=  -1 T1=1023 T2= 947  P=  -1  D=  -1 
 X= 941 X2=1023  Y= 994 Y2=1019 P1=1023 P2=  -1 T1=1020 T2= 923  P=  -1  D=  -1 
 X= 954 X2=1003  Y= 976 Y2=1020 P1=1023 P2=  -1 T1=1020 T2= 927  P=  -1  D=  -1 
 X= 843 X2=1023  Y= 961 Y2=1019 P1=1023 P2=  -1 T1=1022 T2= 927  P=  -1  D=  -1 
 X=1020 X2= 989  Y= 988 Y2=1018 P1=1023 P2=  -1 T1=1023 T2= 928  P=  -1  D=  -1 
 X= 929 X2=1019  Y= 986 Y2=1019 P1=1023 P2=  -1 T1=1020 T2= 917  P=  -1  D=  -1 
 X= 855 X2=1023  Y= 985 Y2=1023 P1=1023 P2=  -1 T1=1023 T2= 922  P=  -1  D=  -1 
 X= 829 X2=1023  Y= 988 Y2=1023 P1=1023 P2=  -1 T1=1020 T2= 929  P=  -1  D=  -1 
 X=1023 X2=1015  Y= 963 Y2=1023 P1=1023 P2=  -1 T1=1023 T2= 915  P=  -1  D=  -1 
 X= 893 X2=1023  Y=1020 Y2=1023 P1=1023 P2=  -1 T1=1023 T2=1023  P=  -1  D=  -1 
 X= 900 X2=1020  Y= 991 Y2=1020 P1=1023 P2=  -1 T1=1023 T2= 925  P=  -1  D=  -1 
 X=1010 X2=1007  Y= 987 Y2=1021 P1=1023 P2=  -1 T1=1023 T2= 923  P=  -1  D=  -1 
 X= 870 X2=1022  Y= 977 Y2=1018 P1=1023 P2=  -1 T1=1019 T2= 934  P=  -1  D=  -1 
 X= 880 X2=1023  Y= 979 Y2=1021 P1=1023 P2=  -1 T1=1020 T2= 924  P=  -1  D=  -1 
 X= 931 X2=1023  Y= 982 Y2=1019 P1=1023 P2=  -1 T1=1023 T2= 910  P=  -1  D=  -1 
 X= 993 X2=1014  Y= 986 Y2=1023 P1=1023 P2=  -1 T1=1023 T2= 914  P=  -1  D=  -1 
 X= 932 X2=1017  Y= 978 Y2=1019 P1=1023 P2=  -1 T1=1023 T2= 917  P=  -1  D=  -1 
 X= 952 X2= 993  Y= 977 Y2=1019 P1=1023 P2=  -1 T1=1020 T2= 890  P=  -1  D=  -1 
 X= 862 X2=1023  Y= 975 Y2=1020 P1=1023 P2=  -1 T1=1023 T2= 935  P=  -1  D=  -1 
 X= 925 X2=1023  Y= 987 Y2=1023 P1=1023 P2=  -1 T1=1020 T2= 908  P=  -1  D=  -1 
 X=1020 X2=1014  Y= 982 Y2=1023 P1=1023 P2=  -1 T1=1019 T2= 941  P=  -1  D=  -1 
 X=1023 X2=1009  Y= 991 Y2=1023 P1=1023 P2=  -1 T1=1020 T2= 921  P=  -1  D=  -1 
 X= 949 X2=1023  Y= 986 Y2=1018 P1=1023 P2=  -1 T1=1023 T2= 913  P=  -1  D=  -1 
 X= 899 X2=1023  Y= 986 Y2=1023 P1=1023 P2=  -1 T1=1020 T2= 914  P=  -1  D=  -1 
 X= 985 X2=1002  Y= 992 Y2=1020 P1=1023 P2=  -1 T1=1020 T2= 923  P=  -1  D=  -1 
 X= 891 X2=1017  Y= 965 Y2=1018 P1=1023 P2=  -1 T1=1023 T2= 917  P=  -1  D=  -1 
 X= 956 X2=1023  Y= 989 Y2=1023 P1=1023 P2=  -1 T1=1020 T2= 933  P=  -1  D=  -1 
 X= 992 X2=1002  Y= 967 Y2=1018 P1=1023 P2=  -1 T1=1020 T2= 914  P=  -1  D=  -1 
 X= 994 X2=1006  Y= 991 Y2=1020 P1=1023 P2=  -1 T1=1019 T2= 913  P=  -1  D=  -1 
 X= 841 X2=1023  Y= 995 Y2=1023 P1=1023 P2=  -1 T1=1019 T2= 916  P=  -1  D=  -1 
 X=1023 X2=1011  Y= 977 Y2=1023 P1=1023 P2=  -1 T1=1020 T2= 929  P=  -1  D=  -1 
 X= 791 X2=1023  Y= 978 Y2=1018 P1=1023 P2=  -1 T1=1020 T2= 934  P=  -1  D=  -1 
 X= 844 X2=1023  Y= 961 Y2=1018 P1=1023 P2=  -1 T1=1019 T2= 920  P=  -1  D=  -1 
 X=1021 X2=1016  Y= 979 Y2=1019 P1=1023 P2=  -1 T1=1019 T2= 929  P=  -1  D=  -1 
 X= 907 X2=1017  Y= 973 Y2=1020 P1=1023 P2=  -1 T1=1023 T2= 937  P=  -1  D=  -1 
 X= 903 X2=1018  Y= 967 Y2=1023 P1=1023 P2=  -1 T1=1023 T2= 920  P=  -1  D=  -1 
 X= 962 X2= 992  Y= 972 Y2=1023 P1=1023 P2=  -1 T1=1023 T2= 888  P=  -1  D=  -1 
 X= 969 X2=1021  Y= 982 Y2=1023 P1=1023 P2=  -1 T1=1020 T2= 934  P=  -1  D=  -1 
 X=1023 X2=1009  Y= 987 Y2=1023 P1=1023 P2=  -1 T1=1023 T2= 921  P=  -1  D=  -1 
 X= 953 X2= 980  Y= 980 Y2=1020 P1=1022 P2=  -1 T1=1023 T2= 932  P=  -1  D=  -1 
 X= 965 X2=1023  Y= 986 Y2=1019 P1=1023 P2=  -1 T1=1020 T2= 924  P=  -1  D=  -1 
 X= 939 X2=1022  Y= 988 Y2=1023 P1=1023 P2=  -1 T1=1020 T2= 933  P=  -1  D=  -1 
 X= 983 X2=1017  Y= 996 Y2=1020 P1=1023 P2=  -1 T1=1023 T2= 928  P=  -1  D=  -1 
 X= 881 X2=1023  Y= 986 Y2=1023 P1=1023 P2=  -1 T1=1020 T2= 928  P=  -1  D=  -1 
 X= 957 X2=1023  Y= 978 Y2=1019 P1=1023 P2=  -1 T1=1023 T2= 936  P=  -1  D=  -1 
 X=1023 X2=1015  Y= 978 Y2=1019 P1=1023 P2=  -1 T1=1019 T2= 939  P=  -1  D=  -1 
 X= 954 X2= 994  Y= 982 Y2=1023 P1=1023 P2=  -1 T1=1023 T2= 918  P=  -1  D=  -1 
 X= 900 X2=1023  Y= 985 Y2=1023 P1=1023 P2=  -1 T1=1023 T2= 916  P=  -1  D=  -1 
 X= 961 X2=1023  Y= 973 Y2=1020 P1=1023 P2=  -1 T1=1023 T2= 912  P=  -1  D=  -1 
 X= 858 X2=1023  Y= 987 Y2=1022 P1=1023 P2=  -1 T1=1023 T2= 960  P=  -1  D=  -1 
 X= 948 X2=1023  Y= 979 Y2=1018 P1=1023 P2=  -1 T1=1023 T2= 930  P=  -1  D=  -1 
 X= 829 X2=1023  Y= 986 Y2=1023 P1=1023 P2=  -1 T1=1019 T2= 916  P=  -1  D=  -1 
 X=1015 X2= 994  Y= 980 Y2=1023 P1=1023 P2=  -1 T1=1023 T2= 911  P=  -1  D=  -1 
 X= 970 X2=1008  Y= 979 Y2=1023 P1=1023 P2=  -1 T1=1023 T2= 912  P=  -1  D=  -1 
 X= 901 X2=1022  Y= 988 Y2=1023 P1=1023 P2=  -1 T1=1023 T2= 926  P=  -1  D=  -1 
 X=1023 X2=1023  Y= 932 Y2=1019 P1=1023 P2=  -1 T1=1019 T2= 813  P=  -1  D=  -1 
 X= 880 X2=1019  Y= 931 Y2=1020 P1=1023 P2=  -1 T1=1023 T2= 833  P=  -1  D=  -1 
 X= 860 X2=1023  Y= 928 Y2=1022 P1=1023 P2=  -1 T1=1019 T2= 803  P=  -1  D=  -1 
 X=1003 X2=1019  Y= 939 Y2=1019 P1=1023 P2=  -1 T1=1023 T2= 794  P=  -1  D=  -1 
 X= 946 X2=1023  Y= 986 Y2=1020 P1=1023 P2=  -1 T1=1023 T2= 937  P=  -1  D=  -1 
 X= 813 X2=1023  Y= 995 Y2=1023 P1=1023 P2=  -1 T1=1020 T2= 937  P=  -1  D=  -1 
 X= 525 X2= 526  Y= 521 Y2= 522 P1= 803 P2= 407 T1=  17 T2=  16  P= 510  D=  -1 * 0
 X= 922 X2=1017  Y= 976 Y2=1023 P1=1023 P2=   0 T1=1023 T2= 921  P= 510  D=  -1 
 X= 528 X2= 526  Y= 521 Y2= 521 P1= 807 P2= 401 T1=  17 T2=  17  P= 533  D=  -1 * 0
 X= 527 X2= 525  Y= 522 Y2= 522 P1= 810 P2= 393 T1=  18 T2=  18  P= 558  D=  -1 * 0
 X= 527 X2= 526  Y= 523 Y2= 522 P1= 812 P2= 389 T1=  18 T2=  18  P= 571  D=  -1 * 0
 X= 526 X2= 527  Y= 522 Y2= 523 P1= 812 P2= 391 T1=  18 T2=  17  P= 565  D=  -1 * 1
 X= 530 X2= 527  Y= 522 Y2= 522 P1= 810 P2= 390 T1=  18 T2=  17  P= 568  D=  -1 * 2
 X= 527 X2= 529  Y= 522 Y2= 522 P1= 811 P2= 391 T1=  19 T2=  17  P= 567  D=  -1 * 3
 X= 527 X2= 526  Y= 522 Y2= 521 P1= 811 P2= 391 T1=  18 T2=  17  P= 564  D=  -1 * 4
 X= 527 X2= 526  Y= 522 Y2= 522 P1= 809 P2= 392 T1=  17 T2=  17  P= 559  D=  -1 * 5
 X= 527 X2= 527  Y= 521 Y2= 523 P1= 810 P2= 393 T1=  18 T2=  18  P= 559  D=  -1 * 6
 X= 527 X2= 529  Y= 521 Y2= 523 P1= 810 P2= 393 T1=  18 T2=  18  P= 560  D=  -1 * 7
 X= 526 X2= 526  Y= 522 Y2= 522 P1= 810 P2= 393 T1=  20 T2=  18  P= 558  D=  -1 * 8
 X= 526 X2= 527  Y= 521 Y2= 522 P1= 809 P2= 393 T1=  18 T2=  18  P= 556  D=  -1 * 9
 X= 527 X2= 527  Y= 522 Y2= 521 P1= 810 P2= 394 T1=  18 T2=  17  P= 555  D=  -1 * 10
 X= 526 X2= 527  Y= 522 Y2= 522 P1= 809 P2= 394 T1=  18 T2=  17  P= 553  D=  -1 * 11
 X= 526 X2= 527  Y= 522 Y2= 522 P1= 809 P2= 394 T1=  17 T2=  17  P= 553  D=  -1 * 12
 X= 527 X2= 528  Y= 522 Y2= 523 P1= 809 P2= 394 T1=  18 T2=  18  P= 554  D=  -1 * 13
 X= 526 X2= 527  Y= 524 Y2= 521 P1= 809 P2= 394 T1=  18 T2=  18  P= 553  D=  -1 * 14
 X= 527 X2= 526  Y= 522 Y2= 522 P1= 809 P2= 395 T1=  17 T2=  17  P= 551  D=  -1 * 15
 X= 527 X2= 528  Y= 521 Y2= 522 P1= 809 P2= 395 T1=  18 T2=  18  P= 552  D=  -1 * 16
 X= 525 X2= 528  Y= 521 Y2= 521 P1= 809 P2= 395 T1=  17 T2=  18  P= 551  D=  -1 * 17
 X= 527 X2= 527  Y= 521 Y2= 522 P1= 809 P2= 395 T1=  18 T2=  17  P= 552  D=  -1 * 18
 X= 526 X2= 527  Y= 521 Y2= 522 P1= 809 P2= 395 T1=  17 T2=  18  P= 551  D=  -1 * 19
 X= 527 X2= 527  Y= 522 Y2= 523 P1= 809 P2= 394 T1=  18 T2=  18  P= 554  D=  -1 * 20
 X= 527 X2= 527  Y= 522 Y2= 522 P1= 809 P2= 394 T1=  17 T2=  16  P= 554  D=  -1 * 21
 X= 527 X2= 527  Y= 521 Y2= 522 P1= 809 P2= 395 T1=  18 T2=  17  P= 552  D=  -1 * 22
 X= 528 X2= 527  Y= 521 Y2= 522 P1= 809 P2= 395 T1=  18 T2=  17  P= 552  D=  -1 * 23
 X= 526 X2= 526  Y= 521 Y2= 523 P1= 809 P2= 395 T1=  18 T2=  18  P= 551  D=  -1 * 24
Remove Pin
 X= 527 X2= 527  Y= 522 Y2= 522 P1= 809 P2= 395 T1=  16 T2=  17  P= 552  D=  -1 * 24
 X= 514 X2= 526  Y= 522 Y2= 522 P1= 809 P2= 395 T1=  18 T2=  17  P= 544  D=  -1 * 24
 X= 527 X2= 527  Y= 522 Y2= 522 P1= 810 P2= 395 T1=  17 T2=  17  P= 553  D=  -1 * 24
 X= 527 X2= 525  Y= 522 Y2= 522 P1= 809 P2= 395 T1=  17 T2=  17  P= 551  D=  -1 * 24
 X= 527 X2= 525  Y= 522 Y2= 522 P1= 809 P2= 395 T1=  17 T2= 939  P= 551  D=  -1 * 24
 X= 923 X2= 525  Y= 996 Y2=1023 P1= 809 P2= 395 T1=1022 T2= 990  P= 551  D=  -1 
 X= 981 X2= 525  Y= 970 Y2=1023 P1= 809 P2= 395 T1=1023 T2= 910  P= 551  D=  -1 
 X= 867 X2= 525  Y= 990 Y2=1019 P1= 809 P2= 395 T1=1023 T2= 906  P= 551  D=  -1 
target state=1 point=23,22
 X= 930 X2= 525  Y= 985 Y2=1012 P1= 809 P2= 395 T1=1020 T2= 939  P= 551  D=  -1 
 X=1011 X2= 996  Y= 980 Y2=1020 P1= 809 P2= 395 T1=1020 T2= 921  P= 551  D=  -1 
 X= 986 X2= 994  Y= 982 Y2=1019 P1= 809 P2= 395 T1=1019 T2= 928  P= 551  D=  -1 
 X= 859 X2=1023  Y= 981 Y2=1023 P1= 809 P2= 395 T1=1021 T2= 901  P= 551  D=  -1 
 X= 976 X2=1015  Y= 972 Y2=1019 P1= 809 P2= 395 T1=1023 T2= 971  P= 551  D=  -1 
 X= 978 X2=1023  Y= 986 Y2=1020 P1= 809 P2= 395 T1=1019 T2= 918  P= 551  D=  -1 
 X= 897 X2=1023  Y= 984 Y2=1019 P1= 809 P2= 395 T1=1023 T2= 922  P= 551  D=  -1 
 X= 938 X2=1021  Y= 986 Y2=1018 P1= 809 P2= 395 T1=1020 T2= 983  P= 551  D=  -1 
 X= 903 X2=1023  Y= 991 Y2=1023 P1= 809 P2= 395 T1=1020 T2= 925  P= 551  D=  -1 
 X= 971 X2=1023  Y= 987 Y2=1023 P1= 809 P2= 395 T1=1020 T2= 921  P= 551  D=  -1 
 X= 933 X2= 997  Y= 988 Y2=1023 P1= 809 P2= 395 T1=1020 T2= 916  P= 551  D=  -1 
 X= 977 X2=1017  Y= 992 Y2=1023 P1= 809 P2= 395 T1=1023 T2= 936  P= 551  D=  -1 
 X= 890 X2=1023  Y= 984 Y2=1019 P1= 809 P2= 395 T1=1023 T2= 884  P= 551  D=  -1 
 X= 952 X2=1023  Y= 981 Y2=1023 P1= 809 P2= 395 T1=1020 T2= 939  P= 551  D=  -1 
 X= 958 X2=1009  Y= 991 Y2=1019 P1= 809 P2= 395 T1=1023 T2= 910  P= 551  D=  -1 
 X= 959 X2=1023  Y= 978 Y2=1018 P1= 809 P2= 395 T1=1023 T2= 926  P= 551  D=  -1 
 X= 960 X2=1021  Y= 989 Y2=1019 P1= 809 P2= 395 T1=1023 T2= 919  P= 551  D=  -1 
 X= 942 X2=1023  Y= 974 Y2=1020 P1= 809 P2= 395 T1=1020 T2= 914  P= 551  D=  -1 
 X= 852 X2=1022  Y= 980 Y2=1019 P1= 809 P2= 395 T1=1023 T2= 940  P= 551  D=  -1 
 X= 940 X2= 992  Y= 984 Y2=1023 P1= 809 P2= 395 T1=1020 T2= 930  P= 551  D=  -1 
 X= 956 X2=1006  Y= 986 Y2=1023 P1= 809 P2= 395 T1=1023 T2= 923  P= 551  D=  -1 
 X=1023 X2=1013  Y= 989 Y2=1020 P1= 809 P2= 395 T1=1020 T2= 930  P= 551  D=  -1 
 X= 934 X2=1023  Y= 977 Y2=1023 P1= 809 P2= 395 T1=1020 T2= 912  P= 551  D=  -1 
 X= 947 X2=1023  Y= 986 Y2=1019 P1= 809 P2= 395 T1=1023 T2= 921  P= 551  D=  -1 
 X= 955 X2=1001  Y= 986 Y2=1019 P1= 809 P2= 395 T1=1020 T2= 882  P= 551  D=  -1 
 X= 981 X2=1002  Y= 987 Y2=1023 P1= 809 P2= 395 T1=1023 T2= 928  P= 551  D=  -1 
 X= 993 X2=1008  Y= 980 Y2=1018 P1= 809 P2= 395 T1=1020 T2= 909  P= 551  D=  -1 
 X= 958 X2=1023  Y= 979 Y2=1018 P1= 809 P2= 395 T1=1023 T2= 916  P= 551  D=  -1 
 X= 926 X2=1017  Y= 989 Y2=1023 P1= 809 P2= 395 T1=1020 T2= 909  P= 551  D=  -1 
 X=1023 X2=1005  Y= 976 Y2=1023 P1= 809 P2= 395 T1=1020 T2= 935  P= 551  D=  -1 
 X= 881 X2=1019  Y= 978 Y2=1023 P1= 809 P2= 395 T1=1020 T2= 942  P= 551  D=  -1 
 X= 899 X2=1023  Y= 982 Y2=1018 P1= 809 P2= 395 T1=1023 T2= 925  P= 551  D=  -1 
 X=1023 X2=1009  Y= 982 Y2=1020 P1= 809 P2= 395 T1=1020 T2= 915  P= 551  D=  -1 
 X= 864 X2=1015  Y= 980 Y2=1023 P1= 809 P2= 395 T1=1023 T2= 916  P= 551  D=  -1 
 X= 942 X2=1019  Y= 978 Y2=1023 P1= 809 P2= 395 T1=1023 T2= 936  P= 551  D=  -1 
 X= 779 X2=1023  Y= 978 Y2=1023 P1= 809 P2= 395 T1=1023 T2= 906  P= 551  D=  -1 
 X=1019 X2= 997  Y= 983 Y2=1023 P1= 809 P2= 395 T1=1023 T2= 942  P= 551  D=  -1 
 X= 936 X2=1013  Y= 991 Y2=1020 P1= 809 P2= 395 T1=1018 T2= 930  P= 551  D=  -1 
 X= 952 X2=1021  Y= 990 Y2=1021 P1= 809 P2= 395 T1=1023 T2= 925  P= 551  D=  -1 
 X=1023 X2=1012  Y= 984 Y2=1021 P1= 809 P2= 395 T1=1023 T2= 925  P= 551  D=  -1 
 X= 803 X2=1023  Y= 982 Y2=1019 P1= 809 P2= 395 T1=1023 T2= 925  P= 551  D=  -1 
 X= 861 X2=1023  Y= 987 Y2=1023 P1= 809 P2= 395 T1=1023 T2= 928  P= 551  D=  -1 
 X= 928 X2=1022  Y= 987 Y2=1018 P1= 809 P2= 395 T1=1023 T2= 907  P= 551  D=  -1 
 X= 955 X2=1018  Y= 976 Y2=1023 P1= 809 P2= 395 T1=1023 T2= 925  P= 551  D=  -1 
 X= 928 X2=1023  Y= 987 Y2=1023 P1= 809 P2= 395 T1=1019 T2= 925  P= 551  D=  -1 
 X=1023 X2=1020  Y= 989 Y2=1023 P1= 809 P2= 395 T1=1023 T2= 908  P= 551  D=  -1 
 X= 988 X2=1012  Y= 989 Y2=1019 P1= 809 P2= 395 T1=1023 T2= 929  P= 551  D=  -1 
 X= 962 X2=1020  Y= 984 Y2=1019 P1= 809 P2= 395 T1=1021 T2= 940  P= 551  D=  -1 
 X= 968 X2=1023  Y= 969 Y2=1019 P1=1022 P2= 395 T1=1019 T2= 914  P= 551  D=  -1 
 X= 964 X2= 987  Y= 982 Y2=1022 P1=1023 P2= 395 T1=1020 T2= 927  P= 551  D=  -1 
 X= 857 X2=1020  Y= 985 Y2=1020 P1=1023 P2= 395 T1=1020 T2= 915  P= 551  D=  -1 
 X= 905 X2=1023  Y= 962 Y2=1023 P1=1023 P2= 395 T1=1023 T2= 925  P= 551  D=  -1 
 X= 242 X2= 240  Y= 333 Y2= 879 P1=1023 P2= 395 T1=  20 T2= 917  P= 551  D=  -1 * 0
 X= 240 X2= 240  Y= 327 Y2= 320 P1= 687 P2= 193 T1=  21 T2=  22  P= 614  D=  -1 * 0
 X= 240 X2= 238  Y= 326 Y2= 320 P1= 686 P2= 194 T1=  21 T2=  21  P= 606  D=  -1 * 0
 X= 242 X2= 238  Y= 326 Y2= 320 P1= 685 P2= 195 T1=  21 T2=  21  P= 602  D=  -1 * 0
 X= 241 X2= 238  Y= 327 Y2= 320 P1= 685 P2= 195 T1=  21 T2=  20  P= 600  D=  -1 * 1
 X= 241 X2= 237  Y= 327 Y2= 320 P1= 684 P2= 195 T1=  21 T2=  21  P= 599  D=  -1 * 2
 X= 241 X2= 238  Y= 327 Y2= 320 P1= 684 P2= 194 T1=  20 T2=  21  P= 603  D=  -1 * 3
 X= 240 X2= 238  Y= 326 Y2= 321 P1= 684 P2= 195 T1=  21 T2=  20  P= 599  D=  -1 * 4
 X= 241 X2= 239  Y= 327 Y2= 321 P1= 684 P2= 195 T1=  22 T2=  21  P= 601  D=  -1 * 5
 X= 239 X2= 238  Y= 327 Y2= 319 P1= 683 P2= 194 T1=  20 T2=  21  P= 599  D=  -1 * 6
 X= 241 X2= 240  Y= 327 Y2= 320 P1= 683 P2= 195 T1=  21 T2=  20  P= 600  D=  -1 * 7
 X= 241 X2= 238  Y= 327 Y2= 320 P1= 683 P2= 195 T1=  21 T2=  21  P= 597  D=  -1 * 8
 X= 240 X2= 238  Y= 329 Y2= 321 P1= 684 P2= 195 T1=  21 T2=  21  P= 599  D=  -1 * 9
 X= 240 X2= 239  Y= 327 Y2= 320 P1= 683 P2= 195 T1=  17 T2=  21  P= 597  D=  -1 * 10
 X= 241 X2= 238  Y= 326 Y2= 317 P1= 683 P2= 195 T1=  22 T2=  21  P= 597  D=  -1 * 11
 X= 241 X2= 237  Y= 326 Y2= 320 P1= 684 P2= 195 T1=  20 T2=  21  P= 599  D=  -1 * 12
 X= 240 X2= 239  Y= 327 Y2= 320 P1= 683 P2= 194 T1=  21 T2=  21  P= 602  D=  -1 * 13
 X= 240 X2= 238  Y= 326 Y2= 320 P1= 683 P2= 195 T1=  20 T2=  21  P= 597  D=  -1 * 14
 X= 240 X2= 237  Y= 328 Y2= 320 P1= 683 P2= 195 T1=  21 T2=  21  P= 595  D=  -1 * 15
 X= 240 X2= 239  Y= 328 Y2= 320 P1= 682 P2= 195 T1=  21 T2=  20  P= 596  D=  -1 * 16
 X= 241 X2= 237  Y= 326 Y2= 321 P1= 682 P2= 195 T1=  20 T2=  21  P= 596  D=  -1 * 17
 X= 241 X2= 238  Y= 327 Y2= 321 P1= 682 P2= 195 T1=  20 T2=  21  P= 596  D=  -1 * 18
 X= 241 X2= 238  Y= 326 Y2= 320 P1= 683 P2= 195 T1=  21 T2=  21  P= 597  D=  -1 * 19
 X= 240 X2= 238  Y= 327 Y2= 320 P1= 683 P2= 196 T1=  19 T2=  21  P= 593  D=  -1 * 20
 X= 241 X2= 238  Y= 326 Y2= 320 P1= 683 P2= 195 T1=  20 T2=  21  P= 597  D=  -1 * 21
 X= 241 X2= 238  Y= 324 Y2= 320 P1= 683 P2= 195 T1=  21 T2=  25  P= 597  D=  -1 * 22
 X= 242 X2= 240  Y= 327 Y2= 319 P1= 682 P2= 195 T1=  21 T2=  21  P= 601  D=  -1 * 23
 X= 241 X2= 240  Y= 327 Y2= 320 P1= 683 P2= 195 T1=  21 T2=  21  P= 600  D=  -1 * 24
Remove Pin
 X= 240 X2= 242  Y= 327 Y2= 320 P1= 682 P2= 196 T1=  20 T2=  21  P= 597  D=  -1 * 24
 X= 240 X2= 238  Y= 326 Y2= 319 P1= 683 P2= 195 T1=  20 T2=  21  P= 597  D=  -1 * 24
 X= 240 X2= 237  Y= 327 Y2= 321 P1= 682 P2= 195 T1=  21 T2=  20  P= 594  D=  -1 * 24
 X= 240 X2= 238  Y= 327 Y2= 321 P1= 682 P2= 195 T1=  20 T2=  19  P= 596  D=  -1 * 24
 X= 240 X2= 238  Y= 327 Y2= 320 P1= 683 P2= 195 T1=  21 T2=  20  P= 597  D=  -1 * 24
 X= 240 X2= 236  Y= 327 Y2= 320 P1= 683 P2= 195 T1=  21 T2=  20  P= 595  D=  -1 * 24
 X= 240 X2= 238  Y= 327 Y2= 321 P1= 683 P2= 195 T1=  21 T2=  21  P= 597  D=  -1 * 24
 X= 240 X2= 238  Y= 327 Y2= 320 P1= 682 P2= 195 T1=  20 T2=  21  P= 596  D=  -1 * 24
 X= 239 X2= 239  Y= 327 Y2= 320 P1= 683 P2= 195 T1=  21 T2=  20  P= 597  D=  -1 * 24
 X= 241 X2= 238  Y= 327 Y2= 319 P1= 682 P2= 195 T1=  21 T2=  20  P= 596  D=  -1 * 24
 X= 239 X2= 238  Y= 326 Y2= 320 P1= 683 P2= 195 T1=  21 T2=  22  P= 595  D=  -1 * 24
 X= 240 X2= 237  Y= 326 Y2= 320 P1= 682 P2= 196 T1=  21 T2=  21  P= 590  D=  -1 * 24
 X= 241 X2= 237  Y= 326 Y2= 320 P1= 683 P2= 195 T1=  21 T2=  21  P= 597  D=  -1 * 24
 X= 241 X2= 238  Y= 326 Y2= 320 P1= 682 P2= 194 T1=  20 T2=  21  P= 601  D=  -1 * 24
 X= 240 X2= 239  Y= 327 Y2= 321 P1= 682 P2= 196 T1=  21 T2=  21  P= 592  D=  -1 * 24
 X= 239 X2= 237  Y= 327 Y2= 320 P1= 682 P2= 196 T1=  21 T2=  21  P= 590  D=  -1 * 24
 X= 239 X2= 238  Y= 327 Y2= 321 P1= 683 P2= 195 T1=  21 T2=  21  P= 595  D=  -1 * 24
 X= 241 X2= 239  Y= 327 Y2= 319 P1= 708 P2= 169 T1=  21 T2=1019  P= 595  D=  -1 
 X= 919 X2=1017  Y= 998 Y2=1023 P1=1023 P2=   0 T1=1023 T2= 938  P= 595  D=  -1 
 X= 983 X2=1013  Y= 976 Y2=1023 P1=1023 P2=   0 T1=1020 T2= 913  P= 595  D=  -1 
target state=2 point=456,22
 X= 842 X2=1023  Y= 977 Y2=1019 P1=1023 P2=   0 T1=1023 T2= 927  P= 595  D=  -1 
 X= 973 X2= 993  Y= 982 Y2=1019 P1=1023 P2=   0 T1=1021 T2= 932  P= 595  D=  -1 
 X=1023 X2=1011  Y= 980 Y2=1019 P1=1023 P2=   0 T1=1023 T2= 909  P= 595  D=  -1 
 X= 936 X2=1023  Y= 975 Y2=1018 P1=1023 P2=   0 T1=1023 T2= 923  P= 595  D=  -1 
 X= 988 X2=1019  Y= 988 Y2=1023 P1=1023 P2=   0 T1=1023 T2= 921  P= 595  D=  -1 
 X= 957 X2=1013  Y= 976 Y2=1019 P1=1023 P2=   0 T1=1021 T2= 940  P= 595  D=  -1 
 X= 866 X2=1019  Y= 985 Y2=1023 P1=1023 P2=   0 T1=1019 T2= 946  P= 595  D=  -1 
 X= 953 X2=1023  Y= 980 Y2=1019 P1=1023 P2=   0 T1=1020 T2= 925  P= 595  D=  -1 
 X= 972 X2= 993  Y= 981 Y2=1023 P1=1023 P2=   0 T1=1023 T2= 933  P= 595  D=  -1 
 X= 983 X2=1011  Y= 974 Y2=1019 P1=1023 P2=   0 T1=1023 T2= 915  P= 595  D=  -1 
 X= 848 X2=1023  Y= 996 Y2=1019 P1=1023 P2=   0 T1=1020 T2= 939  P= 595  D=  -1 
 X= 954 X2=1023  Y= 987 Y2=1020 P1=1023 P2=   0 T1=1023 T2= 923  P= 595  D=  -1 
 X= 956 X2=1023  Y= 970 Y2=1019 P1=1023 P2=   0 T1=1023 T2= 917  P= 595  D=  -1 
 X= 794 X2=1023  Y= 984 Y2=1018 P1=1023 P2=   0 T1=1023 T2= 930  P= 595  D=  -1 
 X= 876 X2=1023  Y= 983 Y2=1021 P1=1023 P2=   0 T1=1021 T2= 936  P= 595  D=  -1 
 X= 984 X2=1019  Y= 983 Y2=1019 P1=1023 P2=   0 T1=1018 T2= 921  P= 595  D=  -1 
 X= 947 X2=1023  Y= 983 Y2=1023 P1=1023 P2=   0 T1=1023 T2= 927  P= 595  D=  -1 
 X= 976 X2=1015  Y= 990 Y2=1023 P1=1023 P2=   0 T1=1023 T2= 924  P= 595  D=  -1 
 X= 898 X2=1022  Y= 985 Y2=1023 P1=1023 P2=   0 T1=1023 T2= 920  P= 595  D=  -1 
 X= 939 X2=1023  Y= 985 Y2=1018 P1=1023 P2=   0 T1=1021 T2= 918  P= 595  D=  -1 
 X= 877 X2=1022  Y= 981 Y2=1023 P1=1023 P2=   0 T1=1020 T2= 903  P= 595  D=  -1 
 X= 965 X2=1021  Y= 988 Y2=1023 P1=1023 P2=   0 T1=1023 T2= 915  P= 595  D=  -1 
 X= 962 X2=1023  Y= 980 Y2=1023 P1=1023 P2=   0 T1=1023 T2= 919  P= 595  D=  -1 
 X= 918 X2=1023  Y= 989 Y2=1023 P1=1023 P2=   0 T1=1023 T2= 937  P= 595  D=  -1 
 X=1001 X2=1007  Y= 985 Y2=1020 P1=1023 P2=   0 T1=1020 T2= 939  P= 595  D=  -1 
 X= 884 X2=1023  Y= 994 Y2=1019 P1=1023 P2=   0 T1=1019 T2= 920  P= 595  D=  -1 
 X=1021 X2=1012  Y= 986 Y2=1020 P1=1023 P2=   0 T1=1021 T2= 915  P= 595  D=  -1 
 X=1023 X2=1014  Y= 987 Y2=1023 P1=1023 P2=   0 T1=1023 T2= 945  P= 595  D=  -1 
 X= 992 X2=1014  Y= 986 Y2=1021 P1=1023 P2=   0 T1=1023 T2= 937  P= 595  D=  -1 
 X= 953 X2=1012  Y= 986 Y2=1018 P1=1023 P2=   0 T1=1023 T2= 890  P= 595  D=  -1 
 X= 969 X2=1020  Y= 998 Y2=1023 P1=1023 P2=   0 T1=1023 T2= 914  P= 595  D=  -1 
 X= 878 X2=1023  Y= 985 Y2=1020 P1=1023 P2=   0 T1=1023 T2= 922  P= 595  D=  -1 
 X= 836 X2=1022  Y= 974 Y2=1023 P1=1023 P2=   0 T1=1019 T2= 923  P= 595  D=  -1 
 X= 998 X2= 988  Y= 986 Y2=1020 P1=1021 P2=   0 T1=1021 T2= 932  P= 595  D=  -1 
 X= 989 X2=1013  Y= 974 Y2=1020 P1=1023 P2=   0 T1=1019 T2= 909  P= 595  D=  -1 
 X= 985 X2=1012  Y= 980 Y2=1019 P1=1023 P2=   0 T1=1022 T2= 920  P= 595  D=  -1 
 X= 957 X2=1020  Y= 979 Y2=1023 P1=1023 P2=   0 T1=1023 T2= 922  P= 595  D=  -1 
 X= 992 X2=1006  Y= 986 Y2=1023 P1=1023 P2=   0 T1=1023 T2= 929  P= 595  D=  -1 
 X= 793 X2=1023  Y= 972 Y2=1019 P1=1023 P2=   0 T1=1020 T2= 940  P= 595  D=  -1 
 X= 895 X2=1023  Y= 979 Y2=1020 P1=1023 P2=   0 T1=1020 T2= 937  P= 595  D=  -1 
 X= 974 X2=1007  Y= 978 Y2=1021 P1=1023 P2=   0 T1=1023 T2= 938  P= 595  D=  -1 
 X= 905 X2=1022  Y= 963 Y2=1023 P1=1023 P2=   0 T1=1023 T2= 920  P= 595  D=  -1 
 X= 966 X2=1023  Y= 980 Y2=1019 P1=1023 P2=   0 T1=1023 T2= 918  P= 595  D=  -1 
 X=1023 X2=1014  Y= 984 Y2=1023 P1=1023 P2=   0 T1=1023 T2= 911  P= 595  D=  -1 
 X= 865 X2=1016  Y= 987 Y2=1020 P1=1023 P2=   0 T1=1023 T2= 910  P= 595  D=  -1 
 X= 973 X2=1023  Y= 987 Y2=1023 P1=1023 P2=   0 T1=1019 T2= 917  P= 595  D=  -1 
 X= 959 X2= 980  Y= 988 Y2=1023 P1=1023 P2=   0 T1=1023 T2= 922  P= 595  D=  -1 
 X= 812 X2=1023  Y= 977 Y2=1019 P1=1023 P2=   0 T1=1019 T2= 911  P= 595  D=  -1 
 X= 885 X2=1023  Y= 990 Y2=1023 P1=1023 P2=   0 T1=1023 T2= 884  P= 595  D=  -1 
 X= 923 X2=1023  Y= 987 Y2=1023 P1=1023 P2=   0 T1=1019 T2= 911  P= 595  D=  -1 
 X= 977 X2=1004  Y= 975 Y2=1019 P1=1023 P2=   0 T1=1022 T2= 911  P= 595  D=  -1 
 X= 810 X2= 809  Y= 321 Y2= 327 P1= 793 P2= 482 T1=  13 T2=  13  P= 521  D=  -1 * 0
 X= 807 X2= 808  Y= 322 Y2= 328 P1= 794 P2= 480 T1=  13 T2=  14  P= 527  D=  -1 * 0
 X= 809 X2= 808  Y= 322 Y2= 329 P1= 795 P2= 477 T1=  13 T2=  15  P= 538  D=  -1 * 0
 X= 809 X2= 808  Y= 322 Y2= 329 P1= 796 P2= 476 T1=  14 T2=  14  P= 542  D=  -1 * 0
 X= 808 X2= 807  Y= 322 Y2= 329 P1= 796 P2= 476 T1=  13 T2=  13  P= 542  D=  -1 * 1
 X= 809 X2= 806  Y= 322 Y2= 328 P1= 795 P2= 476 T1=  13 T2=  14  P= 540  D=  -1 * 2
 X= 810 X2= 808  Y= 321 Y2= 329 P1= 796 P2= 477 T1=  13 T2=  13  P= 540  D=  -1 * 3
 X= 809 X2= 808  Y= 325 Y2= 329 P1= 795 P2= 476 T1=  14 T2=  13  P= 541  D=  -1 * 4
 X= 808 X2= 809  Y= 322 Y2= 327 P1= 796 P2= 475 T1=  14 T2=  13  P= 545  D=  -1 * 5
 X= 810 X2= 808  Y= 322 Y2= 329 P1= 795 P2= 476 T1=  14 T2=  14  P= 542  D=  -1 * 6
 X= 809 X2= 809  Y= 320 Y2= 327 P1= 795 P2= 476 T1=  13 T2=  13  P= 542  D=  -1 * 7
 X= 809 X2= 810  Y= 322 Y2= 329 P1= 795 P2= 477 T1=  14 T2=  13  P= 538  D=  -1 * 8
 X= 810 X2= 808  Y= 322 Y2= 329 P1= 795 P2= 477 T1=  13 T2=  14  P= 538  D=  -1 * 9
 X= 809 X2= 809  Y= 322 Y2= 328 P1= 794 P2= 477 T1=  16 T2=  14  P= 537  D=  -1 * 10
 X= 809 X2= 808  Y= 322 Y2= 329 P1= 795 P2= 477 T1=  13 T2=  14  P= 538  D=  -1 * 11
 X= 809 X2= 808  Y= 322 Y2= 328 P1= 796 P2= 476 T1=  14 T2=  13  P= 542  D=  -1 * 12
 X= 810 X2= 809  Y= 322 Y2= 328 P1= 795 P2= 476 T1=  13 T2=  14  P= 542  D=  -1 * 13
 X= 809 X2= 808  Y= 321 Y2= 329 P1= 795 P2= 477 T1=  13 T2=  13  P= 538  D=  -1 * 14
 X= 809 X2= 808  Y= 321 Y2= 328 P1= 795 P2= 476 T1=  14 T2=  14  P= 541  D=  -1 * 15
 X= 809 X2= 808  Y= 321 Y2= 328 P1= 795 P2= 476 T1=  14 T2=  14  P= 541  D=  -1 * 16
 X= 811 X2= 808  Y= 322 Y2= 328 P1= 795 P2= 476 T1=  14 T2=  13  P= 542  D=  -1 * 17
 X= 809 X2= 808  Y= 322 Y2= 329 P1= 796 P2= 476 T1=  13 T2=  13  P= 542  D=  -1 * 18
 X= 807 X2= 804  Y= 321 Y2= 328 P1= 795 P2= 477 T1=  14 T2=  13  P= 536  D=  -1 * 19
 X= 810 X2= 808  Y= 322 Y2= 328 P1= 795 P2= 477 T1=  13 T2=  13  P= 538  D=  -1 * 20
 X= 809 X2= 808  Y= 321 Y2= 328 P1= 796 P2= 477 T1=  14 T2=  15  P= 539  D=  -1 * 21
 X= 810 X2= 808  Y= 322 Y2= 328 P1= 796 P2= 477 T1=  13 T2=  13  P= 540  D=  -1 * 22
 X= 809 X2= 808  Y= 321 Y2= 329 P1= 795 P2= 476 T1=  13 T2=  13  P= 541  D=  -1 * 23
 X= 809 X2= 808  Y= 322 Y2= 329 P1= 795 P2= 477 T1=  14 T2=  14  P= 538  D=  -1 * 24
Remove Pin
 X= 810 X2= 807  Y= 321 Y2= 329 P1= 795 P2= 477 T1=  14 T2=  14  P= 538  D=  -1 * 24
 X= 810 X2= 809  Y= 321 Y2= 329 P1= 795 P2= 476 T1=  15 T2=  13  P= 542  D=  -1 * 24
 X= 808 X2= 808  Y= 322 Y2= 329 P1= 795 P2= 476 T1=  13 T2=  13  P= 541  D=  -1 * 24
 X= 810 X2= 808  Y= 322 Y2= 329 P1= 796 P2= 476 T1=  14 T2=  13  P= 543  D=  -1 * 24
 X= 809 X2= 808  Y= 321 Y2= 329 P1= 795 P2= 476 T1=  14 T2=  13  P= 541  D=  -1 * 24
 X= 809 X2= 809  Y= 322 Y2= 328 P1= 795 P2= 477 T1=  14 T2=  14  P= 538  D=  -1 * 24
 X= 809 X2= 808  Y= 322 Y2= 328 P1= 795 P2= 476 T1=  13 T2=  15  P= 541  D=  -1 * 24
 X= 809 X2= 808  Y= 321 Y2= 328 P1= 796 P2= 477 T1=  13 T2=  13  P= 539  D=  -1 * 24
 X= 809 X2= 808  Y= 320 Y2= 328 P1= 795 P2= 477 T1=  14 T2=  13  P= 538  D=  -1 * 24
 X= 810 X2= 809  Y= 323 Y2= 328 P1= 795 P2= 477 T1=  14 T2=  17  P= 538  D=  -1 * 24
 X= 810 X2= 808  Y= 322 Y2= 329 P1= 795 P2= 477 T1=  13 T2=  14  P= 538  D=  -1 * 24
 X= 809 X2= 808  Y= 322 Y2= 329 P1= 795 P2= 477 T1=  14 T2=  14  P= 538  D=  -1 * 24
 X= 809 X2= 808  Y= 322 Y2= 328 P1= 795 P2= 476 T1=  14 T2=  14  P= 541  D=  -1 * 24
 X= 810 X2= 808  Y= 322 Y2= 328 P1= 795 P2= 477 T1=  14 T2=  13  P= 538  D=  -1 * 24
 X= 810 X2= 808  Y= 322 Y2= 329 P1= 795 P2= 476 T1=  14 T2=  14  P= 542  D=  -1 * 24
 X= 809 X2= 808  Y= 322 Y2= 328 P1= 795 P2= 476 T1=  14 T2=  12  P= 541  D=  -1 * 24
 X= 808 X2= 808  Y= 321 Y2= 328 P1= 795 P2= 477 T1=  13 T2=  14  P= 538  D=  -1 * 24
 X= 815 X2= 809  Y= 322 Y2= 330 P1= 795 P2= 477 T1=  14 T2=  13  P= 540  D=  -1 * 24
 X= 809 X2= 809  Y= 321 Y2= 329 P1= 795 P2= 476 T1=  13 T2=  13  P= 542  D=  -1 * 24
 X=1004 X2=1023  Y=1023 Y2=1020 P1=1023 P2=   0 T1=1023 T2=1009  P= 542  D=  -1 
 X= 970 X2=1023  Y= 982 Y2=1018 P1=1023 P2=   0 T1=1023 T2= 928  P= 542  D=  -1 
 X= 992 X2=1014  Y= 986 Y2=1019 P1=1023 P2=   0 T1=1020 T2= 917  P= 542  D=  -1 
target state=3 point=456,249
 X= 977 X2= 993  Y= 982 Y2=1023 P1=1023 P2=   0 T1=1023 T2= 945  P= 542  D=  -1 
 X= 945 X2=1023  Y= 990 Y2=1023 P1=1023 P2=   0 T1=1019 T2= 937  P= 542  D=  -1 
 X= 887 X2=1023  Y= 988 Y2=1023 P1=1023 P2=   0 T1=1021 T2= 934  P= 542  D=  -1 
 X= 901 X2=1023  Y= 984 Y2=1020 P1=1023 P2=   0 T1=1020 T2= 917  P= 542  D=  -1 
 X=1023 X2=1018  Y= 981 Y2=1019 P1=1023 P2=   0 T1=1019 T2= 922  P= 542  D=  -1 
 X=1023 X2=1020  Y= 981 Y2=1023 P1=1023 P2=   0 T1=1023 T2= 929  P= 542  D=  -1 
 X= 894 X2=1021  Y= 984 Y2=1023 P1=1023 P2=   0 T1=1019 T2= 919  P= 542  D=  -1 
 X= 927 X2=1023  Y= 991 Y2=1023 P1=1023 P2=   0 T1=1023 T2= 931  P= 542  D=  -1 
 X= 945 X2=1021  Y= 985 Y2=1020 P1=1023 P2=   0 T1=1023 T2= 914  P= 542  D=  -1 
 X= 953 X2=1023  Y= 982 Y2=1023 P1=1023 P2=   0 T1=1020 T2= 930  P= 542  D=  -1 
 X= 894 X2=1023  Y= 983 Y2=1019 P1=1023 P2=   0 T1=1023 T2= 915  P= 542  D=  -1 
 X=1003 X2= 993  Y= 981 Y2=1023 P1=1023 P2=   0 T1=1020 T2= 940  P= 542  D=  -1 
 X= 911 X2=1022  Y= 981 Y2=1023 P1=1023 P2=   0 T1=1020 T2= 931  P= 542  D=  -1 
 X= 843 X2=1023  Y= 983 Y2=1023 P1=1023 P2=   0 T1=1023 T2= 905  P= 542  D=  -1 
 X=1023 X2=1004  Y= 994 Y2=1018 P1=1023 P2=   0 T1=1023 T2= 913  P= 542  D=  -1 
 X=1010 X2= 993  Y= 983 Y2=1023 P1=1023 P2=   0 T1=1021 T2= 922  P= 542  D=  -1 
 X= 882 X2=1023  Y= 987 Y2=1019 P1=1023 P2=   0 T1=1020 T2= 922  P= 542  D=  -1 
 X= 913 X2=1023  Y= 977 Y2=1023 P1=1023 P2=   0 T1=1022 T2= 937  P= 542  D=  -1 
 X= 842 X2=1021  Y= 991 Y2=1019 P1=1023 P2=   0 T1=1023 T2= 921  P= 542  D=  -1 
 X= 797 X2=1023  Y= 957 Y2=1019 P1=1023 P2=   0 T1=1023 T2= 910  P= 542  D=  -1 
 X= 937 X2=1023  Y= 976 Y2=1023 P1=1023 P2=   0 T1=1023 T2= 916  P= 542  D=  -1 
 X=1004 X2= 998  Y= 984 Y2=1019 P1=1023 P2=   0 T1=1023 T2= 929  P= 542  D=  -1 
 X= 867 X2=1020  Y= 970 Y2=1020 P1=1023 P2=   0 T1=1022 T2= 929  P= 542  D=  -1 
 X= 935 X2=1021  Y= 982 Y2=1023 P1=1023 P2=   0 T1=1023 T2= 928  P= 542  D=  -1 
 X= 964 X2= 993  Y= 983 Y2=1020 P1=1023 P2=   0 T1=1021 T2= 926  P= 542  D=  -1 
 X= 981 X2=1015  Y= 996 Y2=1020 P1=1023 P2=   0 T1=1021 T2= 931  P= 542  D=  -1 
 X=1023 X2=1012  Y= 977 Y2=1021 P1=1023 P2=   0 T1=1020 T2= 935  P= 542  D=  -1 
 X=1014 X2= 994  Y= 980 Y2=1023 P1=1023 P2=   0 T1=1023 T2= 926  P= 542  D=  -1 
 X= 910 X2=1023  Y= 986 Y2=1023 P1=1023 P2=   0 T1=1023 T2= 960  P= 542  D=  -1 
 X= 889 X2=1023  Y= 993 Y2=1019 P1=1023 P2=   0 T1=1023 T2= 924  P= 542  D=  -1 
 X= 979 X2= 994  Y= 988 Y2=1023 P1=1023 P2=   0 T1=1020 T2= 957  P= 542  D=  -1 
 X= 839 X2=1023  Y= 988 Y2=1023 P1=1023 P2=   0 T1=1019 T2= 888  P= 542  D=  -1 
 X= 962 X2= 992  Y= 981 Y2=1020 P1=1023 P2=   0 T1=1020 T2= 940  P= 542  D=  -1 
 X= 933 X2=1006  Y= 993 Y2=1019 P1=1023 P2=   0 T1=1019 T2= 928  P= 542  D=  -1 
 X= 984 X2=1015  Y= 978 Y2=1023 P1=1023 P2=   0 T1=1023 T2= 935  P= 542  D=  -1 
 X= 918 X2=1023  Y= 991 Y2=1018 P1=1023 P2=   0 T1=1019 T2= 916  P= 542  D=  -1 
 X= 939 X2=1023  Y=1001 Y2=1019 P1=1023 P2=   0 T1=1020 T2= 933  P= 542  D=  -1 
 X= 989 X2=1013  Y= 980 Y2=1019 P1=1023 P2=   0 T1=1023 T2= 920  P= 542  D=  -1 
 X= 954 X2=1023  Y= 981 Y2=1022 P1=1023 P2=   0 T1=1023 T2= 933  P= 542  D=  -1 
 X= 967 X2= 992  Y= 981 Y2=1023 P1=1023 P2=   0 T1=1023 T2= 940  P= 542  D=  -1 
 X=1018 X2= 995  Y= 984 Y2=1019 P1=1023 P2=   0 T1=1023 T2= 912  P= 542  D=  -1 
 X= 950 X2=1022  Y= 991 Y2=1022 P1=1023 P2=   0 T1=1023 T2= 934  P= 542  D=  -1 
 X= 964 X2=1023  Y= 985 Y2=1019 P1=1022 P2=   0 T1=1023 T2= 940  P= 542  D=  -1 
 X= 961 X2= 991  Y= 989 Y2=1023 P1=1023 P2=   0 T1=1023 T2= 886  P= 542  D=  -1 
 X= 852 X2=1022  Y= 988 Y2=1020 P1=1023 P2=   0 T1=1020 T2= 928  P= 542  D=  -1 
 X= 892 X2=1023  Y= 987 Y2=1023 P1=1023 P2=   0 T1=1023 T2= 915  P= 542  D=  -1 
 X= 935 X2=1014  Y= 962 Y2=1023 P1=1023 P2=   0 T1=1020 T2= 937  P= 542  D=  -1 
 X= 909 X2=1021  Y= 982 Y2=1023 P1=1023 P2=   0 T1=1023 T2= 930  P= 542  D=  -1 
 X= 804 X2=1023  Y= 988 Y2=1023 P1=1023 P2=   0 T1=1021 T2= 914  P= 542  D=  -1 
 X=1022 X2=1014  Y= 986 Y2=1023 P1=1023 P2=   0 T1=1023 T2= 918  P= 542  D=  -1 
 X=1001 X2=1007  Y= 981 Y2=1023 P1=1023 P2=   0 T1=1020 T2= 890  P= 542  D=  -1 
 X= 919 X2=1023  Y= 984 Y2=1023 P1=1023 P2=   0 T1=1023 T2= 920  P= 542  D=  -1 
 X= 982 X2=1014  Y= 985 Y2=1019 P1=1023 P2=   0 T1=1022 T2= 914  P= 542  D=  -1 
 X= 927 X2=1023  Y= 983 Y2=1023 P1=1023 P2=   0 T1=1019 T2= 902  P= 542  D=  -1 
 X= 872 X2=1023  Y= 992 Y2=1023 P1=1023 P2=   0 T1=1023 T2= 918  P= 542  D=  -1 
 X= 976 X2=1021  Y= 978 Y2=1019 P1=1023 P2=   0 T1=1019 T2= 918  P= 542  D=  -1 
 X= 913 X2=1021  Y= 986 Y2=1023 P1=1023 P2=   0 T1=1019 T2= 924  P= 542  D=  -1 
 X= 901 X2=1017  Y= 984 Y2=1019 P1=1023 P2=   0 T1=1020 T2= 931  P= 542  D=  -1 
 X=1023 X2=1007  Y= 979 Y2=1019 P1=1023 P2=   0 T1=1019 T2= 890  P= 542  D=  -1 
 X=1023 X2=1015  Y= 980 Y2=1018 P1=1023 P2=   0 T1=1017 T2= 939  P= 542  D=  -1 
 X= 826 X2=1023  Y= 987 Y2=1022 P1=1023 P2=   0 T1=1020 T2= 917  P= 542  D=  -1 
 X= 915 X2=1023  Y= 991 Y2=1023 P1=1023 P2=   0 T1=1017 T2= 923  P= 542  D=  -1 
 X=1023 X2=1014  Y= 988 Y2=1023 P1=1023 P2=   0 T1=1020 T2= 915  P= 542  D=  -1 
 X= 892 X2=1021  Y= 984 Y2=1023 P1=1023 P2=   0 T1=1020 T2= 891  P= 542  D=  -1 
 X= 919 X2=1023  Y= 989 Y2=1023 P1=1023 P2=   0 T1=1023 T2= 924  P= 542  D=  -1 
 X= 997 X2=1014  Y= 989 Y2=1020 P1=1023 P2=   0 T1=1021 T2= 913  P= 542  D=  -1 
 X= 864 X2=1019  Y= 977 Y2=1019 P1=1023 P2=   0 T1=1018 T2= 915  P= 542  D=  -1 
 X= 958 X2= 991  Y= 985 Y2=1021 P1=1023 P2=   0 T1=1023 T2= 915  P= 542  D=  -1 
 X=1023 X2=1008  Y= 989 Y2=1023 P1=1022 P2=   0 T1=1023 T2= 921  P= 542  D=  -1 
 X= 873 X2=1019  Y= 956 Y2=1019 P1=1023 P2=   0 T1=1019 T2= 908  P= 542  D=  -1 
 X= 920 X2=1023  Y= 981 Y2=1018 P1=1023 P2=   0 T1=1019 T2= 924  P= 542  D=  -1 
 X= 935 X2=1023  Y= 982 Y2=1019 P1=1023 P2=   0 T1=1023 T2= 936  P= 542  D=  -1 
 X= 919 X2=1018  Y= 972 Y2=1023 P1=1023 P2=   0 T1=1020 T2= 924  P= 542  D=  -1 
 X= 822 X2=1023  Y= 978 Y2=1023 P1=1023 P2=   0 T1=1022 T2= 920  P= 542  D=  -1 
 X=1023 X2=1015  Y= 970 Y2=1020 P1=1023 P2=   0 T1=1021 T2= 940  P= 542  D=  -1 
 X= 978 X2=1004  Y= 980 Y2=1019 P1=1023 P2=   0 T1=1023 T2= 914  P= 542  D=  -1 
 X= 800 X2=1023  Y= 980 Y2=1019 P1=1023 P2=   0 T1=1023 T2= 917  P= 542  D=  -1 
 X= 960 X2=1023  Y= 986 Y2=1023 P1=1023 P2=   0 T1=1023 T2= 925  P= 542  D=  -1 
 X= 979 X2=1021  Y= 986 Y2=1023 P1=1023 P2=   0 T1=1020 T2= 904  P= 542  D=  -1 
 X= 910 X2=1023  Y= 975 Y2=1019 P1=1023 P2=   0 T1=1019 T2= 930  P= 542  D=  -1 
 X= 928 X2=1023  Y= 964 Y2=1023 P1=1023 P2=   0 T1=1023 T2= 904  P= 542  D=  -1 
 X= 907 X2=1018  Y= 977 Y2=1019 P1=1023 P2=   0 T1=1018 T2= 886  P= 542  D=  -1 
 X= 941 X2=1023  Y= 715 Y2= 718 P1= 907 P2= 549 T1=1020 T2=  13  P= 542  D=  -1 
 X= 934 X2=1023  Y= 984 Y2=1023 P1=1023 P2=   0 T1=1020 T2= 907  P= 542  D=  -1 
 X=1010 X2=1015  Y= 989 Y2=1020 P1=1023 P2=   0 T1=1020 T2= 922  P= 542  D=  -1 
 X= 986 X2=1012  Y= 976 Y2=1023 P1=1023 P2=   0 T1=1023 T2= 925  P= 542  D=  -1 
 X= 926 X2=1021  Y= 981 Y2=1018 P1=1023 P2=   0 T1=1023 T2= 915  P= 542  D=  -1 
 X= 953 X2=1023  Y= 975 Y2=1020 P1=1023 P2=   0 T1=1020 T2= 929  P= 542  D=  -1 
 X= 825 X2=1023  Y= 980 Y2=1023 P1=1023 P2=   0 T1=1019 T2= 924  P= 542  D=  -1 
 X= 913 X2=1023  Y= 990 Y2=1023 P1=1023 P2=   0 T1=1020 T2= 913  P= 542  D=  -1 
 X= 809 X2= 811  Y= 714 Y2= 718 P1= 912 P2= 522 T1=  15 T2=  15  P= 605  D=  -1 * 0
 X= 806 X2= 810  Y= 714 Y2= 718 P1= 911 P2= 528 T1=  15 T2=  15  P= 585  D=  -1 * 0
 X= 810 X2= 810  Y= 714 Y2= 718 P1= 912 P2= 531 T1=  15 T2=  14  P= 580  D=  -1 * 0
 X= 810 X2= 810  Y= 714 Y2= 718 P1= 910 P2= 531 T1=  14 T2=  14  P= 577  D=  -1 * 0
 X= 809 X2= 810  Y= 714 Y2= 717 P1= 910 P2= 531 T1=  14 T2=  15  P= 576  D=  -1 * 1
 X= 809 X2= 810  Y= 714 Y2= 717 P1= 911 P2= 532 T1=  15 T2=  14  P= 576  D=  -1 * 2
 X= 810 X2= 810  Y= 713 Y2= 718 P1= 910 P2= 533 T1=  14 T2=  14  P= 572  D=  -1 * 3
 X= 809 X2= 811  Y= 714 Y2= 718 P1= 911 P2= 533 T1=  14 T2=  16  P= 574  D=  -1 * 4
 X= 809 X2= 811  Y= 714 Y2= 717 P1= 910 P2= 533 T1=  15 T2=  14  P= 572  D=  -1 * 5
 X= 809 X2= 811  Y= 714 Y2= 718 P1= 909 P2= 534 T1=  13 T2=  15  P= 568  D=  -1 * 6
 X= 809 X2= 810  Y= 713 Y2= 718 P1= 910 P2= 535 T1=  15 T2=  14  P= 566  D=  -1 * 7
 X= 810 X2= 809  Y= 714 Y2= 718 P1= 910 P2= 535 T1=  14 T2=  15  P= 566  D=  -1 * 8
 X= 810 X2= 810  Y= 714 Y2= 718 P1= 909 P2= 535 T1=  13 T2=  14  P= 566  D=  -1 * 9
 X= 809 X2= 809  Y= 714 Y2= 717 P1= 910 P2= 536 T1=  14 T2=  16  P= 563  D=  -1 * 10
 X= 810 X2= 810  Y= 713 Y2= 718 P1= 910 P2= 535 T1=  14 T2=  14  P= 567  D=  -1 * 11
 X= 809 X2= 811  Y= 713 Y2= 718 P1= 909 P2= 536 T1=  14 T2=  14  P= 562  D=  -1 * 12
 X= 809 X2= 810  Y= 713 Y2= 718 P1= 909 P2= 536 T1=  14 T2=  14  P= 562  D=  -1 * 13
 X= 809 X2= 811  Y= 714 Y2= 723 P1= 909 P2= 536 T1=  14 T2=  14  P= 562  D=  -1 * 14
 X= 809 X2= 810  Y= 714 Y2= 717 P1= 909 P2= 536 T1=  14 T2=  14  P= 562  D=  -1 * 15
 X= 809 X2= 811  Y= 713 Y2= 717 P1= 908 P2= 536 T1=  15 T2=  13  P= 562  D=  -1 * 16
 X= 809 X2= 810  Y= 714 Y2= 718 P1= 908 P2= 537 T1=  14 T2=  13  P= 558  D=  -1 * 17
 X= 810 X2= 810  Y= 712 Y2= 718 P1= 909 P2= 537 T1=  14 T2=  14  P= 560  D=  -1 * 18
 X= 810 X2= 810  Y= 714 Y2= 718 P1= 906 P2= 537 T1=  16 T2=  14  P= 556  D=  -1 * 19
 X= 810 X2= 815  Y= 712 Y2= 718 P1= 908 P2= 536 T1=  14 T2=  14  P= 563  D=  -1 * 20
 X= 809 X2= 810  Y= 713 Y2= 717 P1= 909 P2= 537 T1=  13 T2=  13  P= 559  D=  -1 * 21
 X= 809 X2= 805  Y= 714 Y2= 718 P1= 908 P2= 536 T1=  14 T2=  13  P= 560  D=  -1 * 22
 X= 809 X2= 810  Y= 713 Y2= 718 P1= 909 P2= 537 T1=  14 T2=  14  P= 559  D=  -1 * 23
 X= 809 X2= 810  Y= 714 Y2= 717 P1= 909 P2= 537 T1=  13 T2=  14  P= 559  D=  -1 * 24
Remove Pin
 X= 812 X2= 814  Y= 713 Y2= 718 P1= 909 P2= 536 T1=  14 T2=  14  P= 565  D=  -1 * 24
 X= 809 X2= 810  Y= 713 Y2= 717 P1= 909 P2= 537 T1=  15 T2=  14  P= 559  D=  -1 * 24
 X= 809 X2= 810  Y= 713 Y2= 718 P1= 909 P2= 537 T1=  14 T2=  15  P= 559  D=  -1 * 24
 X= 810 X2= 810  Y= 713 Y2= 717 P1= 910 P2= 537 T1=  14 T2=  14  P= 562  D=  -1 * 24
 X= 809 X2= 810  Y= 713 Y2= 718 P1= 909 P2= 537 T1=  14 T2=  13  P= 559  D=  -1 * 24
 X= 809 X2= 810  Y= 714 Y2= 717 P1= 910 P2= 537 T1=  14 T2=  14  P= 561  D=  -1 * 24
 X= 808 X2= 811  Y= 714 Y2= 717 P1= 909 P2= 537 T1=  16 T2=  15  P= 559  D=  -1 * 24
 X= 809 X2= 810  Y= 714 Y2= 718 P1= 911 P2= 537 T1=  14 T2=  13  P= 563  D=  -1 * 24
 X= 809 X2= 810  Y= 713 Y2= 718 P1= 908 P2= 536 T1=  15 T2=  14  P= 561  D=  -1 * 24
 X= 810 X2= 811  Y= 714 Y2= 718 P1= 909 P2= 536 T1=  14 T2=  13  P= 562  D=  -1 * 24
 X= 809 X2= 813  Y= 714 Y2= 717 P1= 909 P2= 537 T1=  14 T2=  14  P= 561  D=  -1 * 24
 X= 809 X2= 810  Y= 713 Y2= 718 P1= 909 P2= 535 T1=  15 T2=  14  P= 565  D=  -1 * 24
 X= 963 X2= 996  Y= 990 Y2=1023 P1=1023 P2=   0 T1=1020 T2= 896  P= 565  D=  -1 
 X= 969 X2=1016  Y= 991 Y2=1018 P1=1023 P2=   0 T1=1023 T2= 931  P= 565  D=  -1 
 X=1023 X2=1017  Y= 984 Y2=1019 P1=1023 P2=   0 T1=1020 T2= 930  P= 565  D=  -1 
target state=4 point=23,249
 X=1023 X2=1018  Y= 989 Y2=1023 P1=1023 P2=   0 T1=1023 T2= 927  P= 565  D=  -1 
 X=1023 X2= 996  Y= 989 Y2=1023 P1=1023 P2=   0 T1=1020 T2= 918  P= 565  D=  -1 
 X= 909 X2=1021  Y= 983 Y2=1023 P1=1023 P2=   0 T1=1023 T2= 931  P= 565  D=  -1 
 X= 814 X2=1023  Y= 980 Y2=1019 P1=1023 P2=   0 T1=1020 T2= 924  P= 565  D=  -1 
 X=1023 X2=1006  Y= 979 Y2=1023 P1=1023 P2=   0 T1=1020 T2= 926  P= 565  D=  -1 
 X=1014 X2= 997  Y= 989 Y2=1019 P1=1023 P2=   0 T1=1022 T2= 908  P= 565  D=  -1 
 X= 962 X2=1019  Y= 978 Y2=1020 P1=1023 P2=   0 T1=1021 T2= 922  P= 565  D=  -1 
 X= 963 X2=1023  Y= 984 Y2=1020 P1=1023 P2=   0 T1=1019 T2= 928  P= 565  D=  -1 
 X= 964 X2= 996  Y= 982 Y2=1023 P1=1023 P2=   0 T1=1023 T2= 913  P= 565  D=  -1 
 X= 866 X2=1023  Y= 987 Y2=1023 P1=1023 P2=   0 T1=1023 T2= 906  P= 565  D=  -1 
 X= 916 X2=1023  Y= 981 Y2=1023 P1=1023 P2=   0 T1=1023 T2= 925  P= 565  D=  -1 
 X= 978 X2=1008  Y= 971 Y2=1019 P1=1023 P2=   0 T1=1023 T2= 935  P= 565  D=  -1 
 X= 911 X2=1017  Y= 982 Y2=1023 P1=1023 P2=   0 T1=1023 T2= 920  P= 565  D=  -1 
 X=1018 X2= 994  Y= 983 Y2=1023 P1=1023 P2=   0 T1=1019 T2= 922  P= 565  D=  -1 
 X=1008 X2=1005  Y= 991 Y2=1019 P1=1023 P2=   0 T1=1021 T2= 930  P= 565  D=  -1 
 X= 998 X2= 994  Y= 981 Y2=1020 P1=1023 P2=   0 T1=1020 T2= 922  P= 565  D=  -1 
 X= 942 X2=1023  Y= 981 Y2=1023 P1=1023 P2=   0 T1=1023 T2= 925  P= 565  D=  -1 
 X= 956 X2=1023  Y= 982 Y2=1020 P1=1023 P2=   0 T1=1023 T2= 929  P= 565  D=  -1 
 X= 945 X2=1023  Y= 988 Y2=1023 P1=1022 P2=   0 T1=1020 T2= 933  P= 565  D=  -1 
 X= 927 X2=1023  Y= 984 Y2=1019 P1=1023 P2=   0 T1=1021 T2= 920  P= 565  D=  -1 
 X= 911 X2=1023  Y= 984 Y2=1020 P1=1023 P2=   0 T1=1019 T2= 911  P= 565  D=  -1 
 X= 883 X2=1021  Y= 983 Y2=1023 P1=1023 P2=   0 T1=1023 T2= 925  P= 565  D=  -1 
 X= 934 X2=1023  Y= 983 Y2=1020 P1=1023 P2=   0 T1=1023 T2= 919  P= 565  D=  -1 
 X=1023 X2=1014  Y= 989 Y2=1018 P1=1023 P2=   0 T1=1020 T2= 928  P= 565  D=  -1 
 X=1013 X2=1004  Y= 982 Y2=1023 P1=1023 P2=   0 T1=1023 T2= 914  P= 565  D=  -1 
 X= 931 X2=1023  Y= 988 Y2=1019 P1=1023 P2=   0 T1=1019 T2= 938  P= 565  D=  -1 
 X= 957 X2=1021  Y= 993 Y2=1019 P1=1023 P2=   0 T1=1023 T2= 915  P= 565  D=  -1 
 X= 820 X2=1023  Y= 990 Y2=1023 P1=1023 P2=   0 T1=1023 T2= 919  P= 565  D=  -1 
 X= 871 X2=1022  Y= 973 Y2=1023 P1=1023 P2=   0 T1=1023 T2= 936  P= 565  D=  -1 
 X= 933 X2=1023  Y= 991 Y2=1018 P1=1023 P2=   0 T1=1020 T2= 914  P= 565  D=  -1 
 X= 995 X2=1003  Y= 989 Y2=1023 P1=1023 P2=   0 T1=1023 T2= 917  P= 565  D=  -1 
 X= 863 X2=1018  Y= 989 Y2=1023 P1=1023 P2=   0 T1=1023 T2= 917  P= 565  D=  -1 
 X= 967 X2=1021  Y= 985 Y2=1019 P1=1023 P2=   0 T1=1023 T2= 929  P= 565  D=  -1 
 X=1023 X2=1012  Y= 985 Y2=1020 P1=1023 P2=   0 T1=1020 T2= 914  P= 565  D=  -1 
 X= 912 X2=1023  Y= 985 Y2=1019 P1=1023 P2=   0 T1=1023 T2= 929  P= 565  D=  -1 
 X= 925 X2=1023  Y= 984 Y2=1023 P1=1023 P2=   0 T1=1020 T2= 933  P= 565  D=  -1 
 X= 955 X2=1021  Y= 994 Y2=1019 P1=1023 P2=   0 T1=1019 T2= 917  P= 565  D=  -1 
 X= 965 X2=1023  Y= 980 Y2=1018 P1=1023 P2=   0 T1=1019 T2= 934  P= 565  D=  -1 
 X= 827 X2=1023  Y= 985 Y2=1023 P1=1023 P2=   0 T1=1020 T2= 919  P= 565  D=  -1 
 X=1014 X2=1014  Y= 981 Y2=1023 P1=1023 P2=   0 T1=1019 T2= 918  P= 565  D=  -1 
 X= 872 X2=1019  Y= 984 Y2=1023 P1=1023 P2=   0 T1=1021 T2= 932  P= 565  D=  -1 
 X=1023 X2= 988  Y= 978 Y2=1019 P1=1023 P2=   0 T1=1019 T2= 939  P= 565  D=  -1 
 X=1023 X2= 996  Y= 986 Y2=1023 P1=1023 P2=   0 T1=1020 T2= 923  P= 565  D=  -1 
 X=1005 X2=1004  Y= 969 Y2=1018 P1=1023 P2=   0 T1=1020 T2= 937  P= 565  D=  -1 
 X= 864 X2=1023  Y= 976 Y2=1023 P1=1023 P2=   0 T1=1020 T2= 930  P= 565  D=  -1 
 X=1023 X2=1007  Y= 987 Y2=1023 P1=1023 P2=   0 T1=1019 T2= 933  P= 565  D=  -1 
 X= 949 X2=1022  Y= 985 Y2=1023 P1=1023 P2=   0 T1=1020 T2= 913  P= 565  D=  -1 
 X= 836 X2=1023  Y= 991 Y2=1023 P1=1023 P2=   0 T1=1020 T2= 929  P= 565  D=  -1 
 X= 969 X2=1013  Y= 990 Y2=1019 P1=1023 P2=   0 T1=1020 T2= 926  P= 565  D=  -1 
 X= 986 X2=1003  Y= 978 Y2=1023 P1=1023 P2=   0 T1=1020 T2= 937  P= 565  D=  -1 
 X= 990 X2=1014  Y= 979 Y2=1019 P1=1023 P2=   0 T1=1020 T2= 939  P= 565  D=  -1 
 X= 951 X2=1023  Y= 985 Y2=1019 P1=1023 P2=   0 T1=1019 T2= 935  P= 565  D=  -1 
 X= 935 X2=1003  Y= 981 Y2=1023 P1=1023 P2=   0 T1=1019 T2= 920  P= 565  D=  -1 
 X= 859 X2=1023  Y= 979 Y2=1020 P1=1023 P2=   0 T1=1023 T2= 900  P= 565  D=  -1 
 X= 904 X2=1023  Y= 983 Y2=1019 P1=1023 P2=   0 T1=1020 T2= 929  P= 565  D=  -1 
 X= 951 X2=1018  Y= 974 Y2=1019 P1=1023 P2=   0 T1=1019 T2= 937  P= 565  D=  -1 
 X= 955 X2=1023  Y= 980 Y2=1021 P1=1023 P2=   0 T1=1023 T2= 913  P= 565  D=  -1 
 X= 840 X2=1023  Y= 986 Y2=1023 P1=1023 P2=   0 T1=1023 T2= 913  P= 565  D=  -1 
 X=1020 X2=1019  Y= 985 Y2=1018 P1=1023 P2=   0 T1=1023 T2= 938  P= 565  D=  -1 
 X= 977 X2= 996  Y= 987 Y2=1023 P1=1023 P2=   0 T1=1023 T2= 928  P= 565  D=  -1 
 X= 910 X2=1023  Y= 976 Y2=1023 P1=1023 P2=   0 T1=1019 T2= 918  P= 565  D=  -1 
 X= 956 X2=1023  Y= 973 Y2=1023 P1=1023 P2=   0 T1=1023 T2= 901  P= 565  D=  -1 
 X= 898 X2=1023  Y= 978 Y2=1023 P1=1023 P2=   0 T1=1021 T2= 930  P= 565  D=  -1 
 X= 856 X2=1023  Y= 981 Y2=1020 P1=1023 P2=   0 T1=1020 T2= 919  P= 565  D=  -1 
 X= 930 X2=1023  Y= 979 Y2=1019 P1=1023 P2=   0 T1=1021 T2= 924  P= 565  D=  -1 
 X= 864 X2=1016  Y= 981 Y2=1018 P1=1023 P2=   0 T1=1019 T2= 923  P= 565  D=  -1 
 X=1004 X2= 881  Y=1017 Y2=1023 P1=1023 P2=   0 T1=1020 T2=1016  P= 565  D=  -1 
 X= 861 X2=1022  Y= 991 Y2=1018 P1=1023 P2=   0 T1=1023 T2= 934  P= 565  D=  -1 
 X= 895 X2=1017  Y= 992 Y2=1023 P1=1023 P2=   0 T1=1023 T2= 939  P= 565  D=  -1 
 X= 887 X2=1021  Y= 979 Y2=1023 P1=1023 P2=   0 T1=1023 T2= 921  P= 565  D=  -1 
 X=1000 X2=1014  Y= 997 Y2=1023 P1=1023 P2=   0 T1=1023 T2= 963  P= 565  D=  -1 
 X=1023 X2=1012  Y= 974 Y2=1022 P1=1023 P2=   0 T1=1017 T2= 927  P= 565  D=  -1 
 X= 898 X2=1023  Y= 995 Y2=1023 P1=1023 P2=   0 T1=1021 T2= 910  P= 565  D=  -1 
 X= 923 X2=1023  Y= 990 Y2=1020 P1=1023 P2=   0 T1=1019 T2= 906  P= 565  D=  -1 
 X= 865 X2=1019  Y= 989 Y2=1023 P1=1023 P2=   0 T1=1020 T2= 937  P= 565  D=  -1 
 X= 904 X2=1021  Y= 988 Y2=1023 P1=1023 P2=   0 T1=1023 T2= 897  P= 565  D=  -1 
 X=1023 X2=1017  Y= 988 Y2=1019 P1=1023 P2=   0 T1=1021 T2= 928  P= 565  D=  -1 
 X=1023 X2=1009  Y= 988 Y2=1022 P1=1023 P2=   0 T1=1023 T2= 928  P= 565  D=  -1 
 X= 987 X2=1022  Y= 981 Y2=1023 P1=1023 P2=   0 T1=1023 T2= 948  P= 565  D=  -1 
 X= 908 X2=1022  Y= 991 Y2=1020 P1=1023 P2=   0 T1=1020 T2= 915  P= 565  D=  -1 
 X= 960 X2=1023  Y= 991 Y2=1020 P1=1023 P2=   0 T1=1020 T2= 906  P= 565  D=  -1 
 X= 945 X2=1023  Y= 984 Y2=1022 P1=1023 P2=   0 T1=1023 T2= 925  P= 565  D=  -1 
 X= 838 X2=1023  Y= 984 Y2=1019 P1=1023 P2=   0 T1=1019 T2= 934  P= 565  D=  -1 
 X= 944 X2=1018  Y= 990 Y2=1023 P1=1023 P2=   0 T1=1020 T2= 922  P= 565  D=  -1 
 X= 871 X2=1017  Y= 987 Y2=1019 P1=1023 P2=   0 T1=1023 T2= 924  P= 565  D=  -1 
 X= 955 X2=1023  Y= 969 Y2=1020 P1=1023 P2=   0 T1=1023 T2= 921  P= 565  D=  -1 
 X= 949 X2=1004  Y= 989 Y2=1020 P1=1023 P2=   0 T1=1023 T2= 934  P= 565  D=  -1 
 X= 869 X2=1017  Y= 981 Y2=1019 P1=1023 P2=   0 T1=1020 T2= 931  P= 565  D=  -1 
 X= 892 X2=1023  Y= 986 Y2=1023 P1=1023 P2=   0 T1=1023 T2= 937  P= 565  D=  -1 
 X= 239 X2= 240  Y= 715 Y2= 711 P1= 840 P2= 234 T1=  23 T2=  20  P= 618  D=  -1 * 0
 X= 241 X2= 243  Y= 717 Y2= 713 P1= 853 P2= 219 T1=  32 T2=  22  P= 618  D=  -1 
 X= 255 X2= 258  Y= 724 Y2= 720 P1= 916 P2= 140 T1=  38 T2=  32  P= 618  D=  -1 
 X= 237 X2= 239  Y= 715 Y2= 710 P1= 844 P2= 227 T1=  22 T2=  20  P= 646  D=  -1 * 0
 X= 237 X2= 239  Y= 714 Y2= 711 P1= 844 P2= 226 T1=  22 T2=  23  P= 650  D=  -1 * 0
 X= 239 X2= 238  Y= 715 Y2= 711 P1= 845 P2= 226 T1=  22 T2=  22  P= 651  D=  -1 * 0
 X= 237 X2= 240  Y= 715 Y2= 711 P1= 845 P2= 226 T1=  22 T2=  22  P= 651  D=  -1 * 1
 X= 237 X2= 239  Y= 715 Y2= 710 P1= 843 P2= 228 T1=  22 T2=  21  P= 641  D=  -1 * 2
 X= 237 X2= 237  Y= 715 Y2= 710 P1= 844 P2= 227 T1=  22 T2=  22  P= 644  D=  -1 * 3
 X= 237 X2= 239  Y= 714 Y2= 710 P1= 846 P2= 228 T1=  22 T2=  23  P= 644  D=  -1 * 4
 X= 236 X2= 239  Y= 715 Y2= 711 P1= 843 P2= 228 T1=  22 T2=  21  P= 639  D=  -1 * 5
 X= 236 X2= 240  Y= 715 Y2= 710 P1= 843 P2= 228 T1=  21 T2=  22  P= 641  D=  -1 * 6
 X= 237 X2= 239  Y= 714 Y2= 710 P1= 843 P2= 229 T1=  22 T2=  23  P= 638  D=  -1 * 7
 X= 237 X2= 239  Y= 713 Y2= 710 P1= 842 P2= 229 T1=  22 T2=  22  P= 636  D=  -1 * 8
 X= 235 X2= 239  Y= 714 Y2= 710 P1= 842 P2= 230 T1=  22 T2=  21  P= 630  D=  -1 * 9
 X= 237 X2= 239  Y= 715 Y2= 710 P1= 842 P2= 230 T1=  22 T2=  22  P= 633  D=  -1 * 10
 X= 237 X2= 238  Y= 715 Y2= 710 P1= 842 P2= 230 T1=  21 T2=  23  P= 630  D=  -1 * 11
 X= 235 X2= 241  Y= 715 Y2= 710 P1= 845 P2= 230 T1=  21 T2=  22  P= 636  D=  -1 * 12
 X= 236 X2= 238  Y= 715 Y2= 710 P1= 841 P2= 230 T1=  22 T2=  21  P= 629  D=  -1 * 13
 X= 238 X2= 239  Y= 715 Y2= 710 P1= 841 P2= 230 T1=  23 T2=  20  P= 632  D=  -1 * 14
 X= 237 X2= 239  Y= 714 Y2= 711 P1= 842 P2= 230 T1=  22 T2=  21  P= 633  D=  -1 * 15
 X= 237 X2= 238  Y= 714 Y2= 710 P1= 841 P2= 230 T1=  22 T2=  21  P= 629  D=  -1 * 16
 X= 237 X2= 238  Y= 714 Y2= 710 P1= 842 P2= 230 T1=  21 T2=  21  P= 630  D=  -1 * 17
 X= 236 X2= 239  Y= 714 Y2= 711 P1= 841 P2= 231 T1=  21 T2=  22  P= 625  D=  -1 * 18
 X= 237 X2= 239  Y= 715 Y2= 711 P1= 841 P2= 231 T1=  21 T2=  23  P= 628  D=  -1 * 19
 X= 238 X2= 239  Y= 714 Y2= 710 P1= 842 P2= 230 T1=  21 T2=  21  P= 633  D=  -1 * 20
 X= 236 X2= 238  Y= 715 Y2= 711 P1= 841 P2= 231 T1=  21 T2=  21  P= 625  D=  -1 * 21
 X= 236 X2= 238  Y= 714 Y2= 710 P1= 841 P2= 231 T1=  21 T2=  22  P= 625  D=  -1 * 22
 X= 235 X2= 239  Y= 714 Y2= 711 P1= 841 P2= 230 T1=  21 T2=  22  P= 629  D=  -1 * 23
 X= 235 X2= 239  Y= 714 Y2= 711 P1= 841 P2= 230 T1=  21 T2=  22  P= 629  D=  -1 * 24
Remove Pin
 X= 878 X2=1023  Y= 933 Y2=1023 P1= 841 P2= 230 T1=  21 T2= 795  P= 629  D=  -1 * 24
 X= 856 X2=1023  Y= 935 Y2=1023 P1= 841 P2= 230 T1=1023 T2= 805  P= 629  D=  -1 
 X=1001 X2=1014  Y= 989 Y2=1019 P1= 841 P2= 230 T1=1020 T2= 947  P= 629  D=  -1 
 X= 991 X2=1018  Y= 980 Y2=1019 P1= 841 P2= 230 T1=1023 T2= 940  P= 629  D=  -1 
Target Noise  x= 2.50 y= 2.50
X[0]: Target=240   526/ 527/ 528 Stdev= 0.68 N= 24  Y[0]: Target=136   521/ 522/ 522 Stdev= 0.47 N= 24
X[1]: Target= 23   238/ 239/ 241 Stdev= 0.59 N= 24  Y[1]: Target= 22   321/ 323/ 325 Stdev= 0.71 N= 24
X[2]: Target=456   805/ 808/ 809 Stdev= 0.89 N= 24  Y[2]: Target= 22   323/ 325/ 327 Stdev= 0.69 N= 24
X[3]: Target=456   807/ 810/ 812 Stdev= 0.85 N= 24  Y[3]: Target=249   715/ 715/ 718 Stdev= 0.69 N= 24
X[4]: Target= 23   237/ 238/ 238 Stdev= 0.49 N= 24  Y[4]: Target=249   711/ 712/ 713 Stdev= 0.46 N= 24
N=24 Avg=17
min: 16 17 17 17 17 17 
max: 19 18 18 18 18 18 
N=24 Avg=20
min: 19 20 20 20 20 20 
max: 23 21 21 21 21 21 
N=24 Avg=13
min: 13 13 13 13 13 13 
max: 15 14 14 14 14 14 
N=24 Avg=13
min: 13 13 13 13 14 14 
max: 15 15 15 14 14 14 
N=24 Avg=21
min: 21 21 21 21 21 21 
max: 22 22 22 22 22 22 
Using TNT center offset = 18
TNT Plane Coef: a= -861 b=   83 c= 395289
At  526, 521: Real=  18 Fit=  18 Offset=   0
At  239, 323: Real=  21 Fit=  21 Offset=   3
At  808, 324: Real=  14 Fit=  15 Offset=  -3
At  809, 715: Real=  14 Fit=  15 Offset=  -3
At  237, 712: Real=  22 Fit=  22 Offset=   4
Fit Points: 18, 24, 12, 12, 25,  center: 18
Setting for min_tnt_up:   521
Setting for max_tnt_down: 23 (V2:34)
Entering calib_pressure_mfg
Using default pressure curve
468 471 487 495 509 524 553 575 612 
Summary:
Setting for max_tnt_down:      23
3.7 setting for max_tnt_down:     -1
Setting for min_tnt_up:       521
Setting for max_delta_tnt:      5
3.8 setting for max_delta_tnt:     -1
Setting for delay_in_us:        1
Setting for y_delay_in_us:      1
Setting for tnt_delay_in_us:    1
Setting for pressure_curve:  468 471 487 495 509 524 553 575 612
Setting for tnt_mode:           1
Setting for averaging:         -1
Setting for pointercal:      49871 256 -10494758 -67 38243 -10894642 65536
Setting for tnt_plane:       -861 83 395289
