new-calib: New touch screen calibration program v3.12
Serial Number='15061E00010B06020102'
Using tnt_mode=1
Setting for delay_in_us:        1
Setting for y_delay_in_us:      1
Setting for tnt_delay_in_us:    1
Setting for max_delta_tnt:      5
Setting for tnt_mode:           1
Setting for averaging:         -1
Entering get_four_points
target_noise  x= 2.50 y= 2.50 t= 2.50
target state=0 point=23,22
 X= 914 X2=1004  Y= 995 Y2=1019 P1=  -1 P2=  -1 T1=1023 T2= 917  P=  -1  D=  -1 
 X=1014 X2=1020  Y= 984 Y2=1023 P1=  -1 P2=  -1 T1=1023 T2= 915  P=  -1  D=  -1 
 X= 950 X2=1023  Y= 985 Y2=1019 P1=  -1 P2=  -1 T1=1020 T2= 905  P=  -1  D=  -1 
 X=1009 X2=1014  Y= 999 Y2=1023 P1=  -1 P2=  -1 T1=1023 T2= 910  P=  -1  D=  -1 
 X= 935 X2=1021  Y= 986 Y2=1021 P1=  -1 P2=  -1 T1=1023 T2= 917  P=  -1  D=  -1 
 X=1005 X2=1021  Y= 993 Y2=1023 P1=  -1 P2=  -1 T1=1020 T2= 911  P=  -1  D=  -1 
 X= 875 X2=1014  Y= 989 Y2=1020 P1=  -1 P2=  -1 T1=1020 T2= 924  P=  -1  D=  -1 
 X=1023 X2=1012  Y= 986 Y2=1023 P1=  -1 P2=  -1 T1=1019 T2= 932  P=  -1  D=  -1 
 X= 912 X2=1022  Y= 984 Y2=1015 P1=  -1 P2=  -1 T1=1023 T2= 914  P=  -1  D=  -1 
 X= 999 X2=1023  Y= 988 Y2=1023 P1=  -1 P2=  -1 T1=1023 T2= 915  P=  -1  D=  -1 
 X=1005 X2=1004  Y= 996 Y2=1019 P1=  -1 P2=  -1 T1=1023 T2= 910  P=  -1  D=  -1 
 X= 937 X2=1003  Y= 976 Y2=1019 P1=  -1 P2=  -1 T1=1023 T2= 919  P=  -1  D=  -1 
 X= 941 X2=1023  Y= 965 Y2=1018 P1=  -1 P2=  -1 T1=1020 T2= 879  P=  -1  D=  -1 
 X= 950 X2= 988  Y= 989 Y2=1020 P1=  -1 P2=  -1 T1=1023 T2= 940  P=  -1  D=  -1 
 X=1023 X2=1007  Y= 985 Y2=1021 P1=  -1 P2=  -1 T1=1019 T2= 932  P=  -1  D=  -1 
 X=1018 X2=1014  Y= 993 Y2=1020 P1=1022 P2=  -1 T1=1020 T2= 926  P=  -1  D=  -1 
 X=1023 X2=1006  Y= 980 Y2=1020 P1=1023 P2=  -1 T1=1023 T2= 913  P=  -1  D=  -1 
 X= 884 X2=1023  Y= 999 Y2=1023 P1=1023 P2=  -1 T1=1020 T2= 920  P=  -1  D=  -1 
 X= 925 X2=1023  Y= 984 Y2=1020 P1=1023 P2=  -1 T1=1023 T2= 926  P=  -1  D=  -1 
 X= 944 X2=1002  Y= 987 Y2=1023 P1=1023 P2=  -1 T1=1020 T2= 913  P=  -1  D=  -1 
 X=1023 X2=1023  Y= 988 Y2=1019 P1=1021 P2=  -1 T1=1023 T2= 923  P=  -1  D=  -1 
 X= 965 X2=1023  Y= 989 Y2=1023 P1=1023 P2=  -1 T1=1020 T2= 917  P=  -1  D=  -1 
 X= 990 X2=1023  Y= 976 Y2=1019 P1=1023 P2=  -1 T1=1023 T2= 933  P=  -1  D=  -1 
 X=1000 X2=1007  Y= 988 Y2=1023 P1=1023 P2=  -1 T1=1023 T2= 915  P=  -1  D=  -1 
 X=1023 X2=1015  Y= 981 Y2=1023 P1=1023 P2=  -1 T1=1023 T2= 914  P=  -1  D=  -1 
 X= 980 X2=1020  Y= 990 Y2=1018 P1=1023 P2=  -1 T1=1023 T2= 917  P=  -1  D=  -1 
 X=1001 X2=1014  Y= 990 Y2=1020 P1=1023 P2=  -1 T1=1020 T2= 927  P=  -1  D=  -1 
 X= 990 X2=1020  Y= 994 Y2=1023 P1=1023 P2=  -1 T1=1020 T2= 922  P=  -1  D=  -1 
 X= 862 X2=1019  Y= 958 Y2=1023 P1=1023 P2=  -1 T1=1020 T2= 902  P=  -1  D=  -1 
 X= 976 X2= 998  Y= 978 Y2=1023 P1=1023 P2=  -1 T1=1016 T2= 904  P=  -1  D=  -1 
 X= 947 X2= 991  Y= 991 Y2=1019 P1=1023 P2=  -1 T1=1023 T2= 924  P=  -1  D=  -1 
 X=1019 X2=1017  Y= 986 Y2=1023 P1=1023 P2=  -1 T1=1018 T2= 933  P=  -1  D=  -1 
 X= 958 X2=1004  Y= 986 Y2=1023 P1=1023 P2=  -1 T1=1023 T2= 912  P=  -1  D=  -1 
 X= 968 X2=1021  Y= 985 Y2=1023 P1=1023 P2=  -1 T1=1023 T2= 921  P=  -1  D=  -1 
 X= 958 X2=1023  Y= 978 Y2=1023 P1=1023 P2=  -1 T1=1023 T2= 908  P=  -1  D=  -1 
 X= 976 X2=1011  Y= 977 Y2=1023 P1=1022 P2=  -1 T1=1023 T2= 911  P=  -1  D=  -1 
 X= 955 X2=1012  Y= 990 Y2=1023 P1=1023 P2=  -1 T1=1019 T2= 919  P=  -1  D=  -1 
 X=1021 X2=1017  Y= 986 Y2=1019 P1=1023 P2=  -1 T1=1023 T2= 918  P=  -1  D=  -1 
 X= 973 X2=1023  Y= 988 Y2=1023 P1=1023 P2=  -1 T1=1023 T2= 916  P=  -1  D=  -1 
 X=1011 X2=1021  Y= 990 Y2=1021 P1=1023 P2=  -1 T1=1020 T2= 925  P=  -1  D=  -1 
 X= 932 X2=1020  Y= 990 Y2=1022 P1=1023 P2=  -1 T1=1023 T2= 942  P=  -1  D=  -1 
 X= 926 X2=1023  Y= 982 Y2=1019 P1=1023 P2=  -1 T1=1023 T2= 925  P=  -1  D=  -1 
 X= 974 X2=1013  Y= 975 Y2=1019 P1=1023 P2=  -1 T1=1018 T2= 911  P=  -1  D=  -1 
 X=1023 X2=1019  Y= 984 Y2=1020 P1=1023 P2=  -1 T1=1020 T2= 920  P=  -1  D=  -1 
 X= 892 X2=1023  Y= 958 Y2=1023 P1=1023 P2=  -1 T1=1023 T2= 859  P=  -1  D=  -1 
 X=1021 X2=1022  Y= 982 Y2=1023 P1=1023 P2=  -1 T1=1019 T2= 934  P=  -1  D=  -1 
 X=1023 X2=1015  Y= 986 Y2=1023 P1=1023 P2=  -1 T1=1020 T2= 911  P=  -1  D=  -1 
 X=1006 X2= 996  Y=1007 Y2=1023 P1=1023 P2=  -1 T1=1023 T2= 908  P=  -1  D=  -1 
 X= 919 X2=1023  Y= 975 Y2=1023 P1=1023 P2=  -1 T1=1023 T2= 920  P=  -1  D=  -1 
 X= 993 X2=1023  Y= 982 Y2=1019 P1=1023 P2=  -1 T1=1020 T2= 898  P=  -1  D=  -1 
 X=1023 X2=1004  Y= 984 Y2=1023 P1=1023 P2=  -1 T1=1023 T2= 902  P=  -1  D=  -1 
 X= 916 X2=1023  Y= 985 Y2=1023 P1=1023 P2=  -1 T1=1018 T2= 917  P=  -1  D=  -1 
 X=1001 X2=1023  Y=1003 Y2=1019 P1=1023 P2=  -1 T1=1021 T2= 943  P=  -1  D=  -1 
 X=1019 X2=1016  Y= 991 Y2=1023 P1=1023 P2=  -1 T1=1023 T2= 909  P=  -1  D=  -1 
 X= 947 X2=1022  Y= 976 Y2=1023 P1=1023 P2=  -1 T1=1023 T2= 907  P=  -1  D=  -1 
 X=1015 X2=1014  Y= 986 Y2=1019 P1=1023 P2=  -1 T1=1023 T2= 921  P=  -1  D=  -1 
 X= 905 X2=1021  Y= 987 Y2=1019 P1=1023 P2=  -1 T1=1023 T2= 913  P=  -1  D=  -1 
 X= 946 X2=1023  Y= 979 Y2=1023 P1=1023 P2=  -1 T1=1019 T2= 913  P=  -1  D=  -1 
 X= 880 X2=1023  Y= 981 Y2=1019 P1=1023 P2=  -1 T1=1023 T2= 914  P=  -1  D=  -1 
 X= 986 X2=1023  Y=1001 Y2=1023 P1=1023 P2=  -1 T1=1020 T2= 907  P=  -1  D=  -1 
 X= 980 X2= 993  Y= 968 Y2=1018 P1=1023 P2=  -1 T1=1020 T2= 858  P=  -1  D=  -1 
 X=1020 X2=1018  Y= 990 Y2=1019 P1=1023 P2=  -1 T1=1023 T2= 921  P=  -1  D=  -1 
 X= 974 X2=1013  Y= 982 Y2=1019 P1=1023 P2=  -1 T1=1023 T2= 913  P=  -1  D=  -1 
 X=1003 X2=1023  Y= 993 Y2=1023 P1=1023 P2=  -1 T1=1019 T2= 918  P=  -1  D=  -1 
 X= 819 X2=1023  Y= 976 Y2=1023 P1=1023 P2=  -1 T1=1023 T2= 913  P=  -1  D=  -1 
 X= 890 X2=1023  Y= 989 Y2=1023 P1=1023 P2=  -1 T1=1023 T2= 930  P=  -1  D=  -1 
 X= 874 X2=1018  Y= 981 Y2=1018 P1=1023 P2=  -1 T1=1023 T2= 876  P=  -1  D=  -1 
 X= 952 X2=1006  Y= 981 Y2=1023 P1=1023 P2=  -1 T1=1020 T2= 915  P=  -1  D=  -1 
 X=1013 X2=1015  Y= 997 Y2=1021 P1=1023 P2=  -1 T1=1023 T2= 927  P=  -1  D=  -1 
 X=1011 X2=1021  Y=1018 Y2=1023 P1=1023 P2=  -1 T1=1020 T2=1010  P=  -1  D=  -1 
 X= 959 X2=1021  Y= 979 Y2=1019 P1=1023 P2=  -1 T1=1023 T2= 928  P=  -1  D=  -1 
 X=1023 X2=1015  Y= 986 Y2=1020 P1=1023 P2=  -1 T1=1020 T2= 923  P=  -1  D=  -1 
 X= 933 X2=1023  Y= 985 Y2=1023 P1=1023 P2=  -1 T1=1023 T2= 929  P=  -1  D=  -1 
 X=1023 X2=1014  Y= 990 Y2=1023 P1=1023 P2=  -1 T1=1019 T2= 910  P=  -1  D=  -1 
 X= 958 X2=1003  Y= 989 Y2=1018 P1=1023 P2=  -1 T1=1023 T2= 940  P=  -1  D=  -1 
 X= 910 X2=1022  Y= 990 Y2=1023 P1=1023 P2=  -1 T1=1020 T2= 913  P=  -1  D=  -1 
 X= 950 X2=1014  Y= 968 Y2=1018 P1=1023 P2=  -1 T1=1020 T2= 867  P=  -1  D=  -1 
 X= 953 X2=1022  Y= 996 Y2=1019 P1=1023 P2=  -1 T1=1023 T2= 910  P=  -1  D=  -1 
 X=1023 X2=1014  Y= 988 Y2=1019 P1=1023 P2=  -1 T1=1019 T2= 921  P=  -1  D=  -1 
 X= 994 X2=1023  Y= 984 Y2=1019 P1=1023 P2=  -1 T1=1022 T2= 911  P=  -1  D=  -1 
 X= 987 X2=1022  Y= 990 Y2=1019 P1=1023 P2=  -1 T1=1019 T2= 930  P=  -1  D=  -1 
 X= 932 X2=1023  Y= 985 Y2=1021 P1=1023 P2=  -1 T1=1023 T2= 932  P=  -1  D=  -1 
 X= 891 X2=1017  Y= 981 Y2=1019 P1=1023 P2=  -1 T1=1019 T2= 887  P=  -1  D=  -1 
 X= 975 X2=1013  Y= 988 Y2=1023 P1=1023 P2=  -1 T1=1020 T2= 947  P=  -1  D=  -1 
 X= 945 X2=1023  Y= 988 Y2=1019 P1=1023 P2=  -1 T1=1020 T2= 924  P=  -1  D=  -1 
 X= 958 X2=1023  Y= 977 Y2=1019 P1=1023 P2=  -1 T1=1020 T2= 920  P=  -1  D=  -1 
 X= 830 X2=1023  Y= 983 Y2=1023 P1=1023 P2=  -1 T1=1020 T2= 928  P=  -1  D=  -1 
 X= 924 X2=1023  Y= 989 Y2=1023 P1=1023 P2=  -1 T1=1023 T2= 933  P=  -1  D=  -1 
 X= 964 X2=1021  Y= 972 Y2=1023 P1=1023 P2=  -1 T1=1023 T2= 905  P=  -1  D=  -1 
 X=1023 X2=1005  Y= 984 Y2=1020 P1=1023 P2=  -1 T1=1020 T2= 902  P=  -1  D=  -1 
 X= 962 X2=1001  Y= 984 Y2=1020 P1=1023 P2=  -1 T1=1020 T2= 892  P=  -1  D=  -1 
 X= 976 X2=1022  Y= 988 Y2=1023 P1=1023 P2=  -1 T1=1020 T2= 926  P=  -1  D=  -1 
 X=1006 X2= 985  Y= 957 Y2=1019 P1=1023 P2=  -1 T1=1020 T2= 893  P=  -1  D=  -1 
 X= 982 X2=1022  Y= 982 Y2=1019 P1=1023 P2=  -1 T1=1020 T2= 900  P=  -1  D=  -1 
 X= 993 X2=1023  Y= 993 Y2=1020 P1=1023 P2=  -1 T1=1019 T2= 921  P=  -1  D=  -1 
 X= 957 X2=1021  Y= 987 Y2=1019 P1=1022 P2=  -1 T1=1019 T2= 928  P=  -1  D=  -1 
 X= 898 X2=1023  Y= 984 Y2=1020 P1=1023 P2=  -1 T1=1023 T2= 917  P=  -1  D=  -1 
 X= 872 X2=1023  Y= 994 Y2=1023 P1=1023 P2=  -1 T1=1020 T2= 922  P=  -1  D=  -1 
 X= 945 X2=1023  Y= 981 Y2=1020 P1=1023 P2=  -1 T1=1019 T2= 921  P=  -1  D=  -1 
 X=1023 X2=1013  Y= 986 Y2=1023 P1=1023 P2=  -1 T1=1021 T2= 918  P=  -1  D=  -1 
 X= 990 X2=1023  Y= 978 Y2=1020 P1=1023 P2=  -1 T1=1023 T2= 922  P=  -1  D=  -1 
 X= 983 X2= 995  Y= 991 Y2=1017 P1=1023 P2=  -1 T1=1020 T2= 920  P=  -1  D=  -1 
 X= 968 X2=1007  Y= 978 Y2=1023 P1=1023 P2=  -1 T1=1019 T2= 937  P=  -1  D=  -1 
 X= 956 X2=1023  Y= 981 Y2=1023 P1=1023 P2=  -1 T1=1023 T2= 905  P=  -1  D=  -1 
 X= 949 X2= 993  Y= 980 Y2=1023 P1=1023 P2=  -1 T1=1023 T2= 922  P=  -1  D=  -1 
 X= 878 X2=1023  Y= 992 Y2=1018 P1=1023 P2=  -1 T1=1023 T2= 900  P=  -1  D=  -1 
 X=1023 X2=1017  Y= 982 Y2=1023 P1=1023 P2=  -1 T1=1020 T2= 927  P=  -1  D=  -1 
 X= 901 X2=1023  Y= 981 Y2=1020 P1=1022 P2=  -1 T1=1023 T2= 909  P=  -1  D=  -1 
 X= 893 X2=1023  Y= 969 Y2=1023 P1=1023 P2=  -1 T1=1023 T2= 898  P=  -1  D=  -1 
 X= 924 X2=1017  Y= 973 Y2=1020 P1=1023 P2=  -1 T1=1020 T2= 924  P=  -1  D=  -1 
 X= 238 X2= 235  Y= 327 Y2= 320 P1= 686 P2= 191 T1=  20 T2=  21  P= 611  D=  -1 * 0
 X= 239 X2= 236  Y= 326 Y2= 321 P1= 685 P2= 192 T1=  20 T2=  21  P= 608  D=  -1 * 0
 X= 239 X2= 236  Y= 327 Y2= 320 P1= 685 P2= 192 T1=  21 T2=  20  P= 608  D=  -1 * 0
 X= 238 X2= 236  Y= 327 Y2= 320 P1= 684 P2= 192 T1=  21 T2=  21  P= 607  D=  -1 * 0
 X= 237 X2= 236  Y= 326 Y2= 320 P1= 684 P2= 192 T1=  21 T2=  21  P= 604  D=  -1 * 1
 X= 239 X2= 236  Y= 326 Y2= 320 P1= 684 P2= 193 T1=  21 T2=  22  P= 602  D=  -1 * 2
 X= 239 X2= 236  Y= 326 Y2= 320 P1= 682 P2= 193 T1=  20 T2=  21  P= 600  D=  -1 * 3
 X= 238 X2= 236  Y= 326 Y2= 320 P1= 684 P2= 193 T1=  20 T2=  20  P= 602  D=  -1 * 4
 X= 236 X2= 236  Y= 327 Y2= 320 P1= 684 P2= 193 T1=  20 T2=  20  P= 600  D=  -1 * 5
 X= 239 X2= 236  Y= 327 Y2= 319 P1= 683 P2= 193 T1=  21 T2=  21  P= 601  D=  -1 * 6
 X= 240 X2= 235  Y= 326 Y2= 320 P1= 683 P2= 194 T1=  20 T2=  19  P= 597  D=  -1 * 7
 X= 238 X2= 235  Y= 326 Y2= 320 P1= 684 P2= 193 T1=  21 T2=  21  P= 600  D=  -1 * 8
 X= 237 X2= 236  Y= 329 Y2= 319 P1= 683 P2= 193 T1=  21 T2=  20  P= 598  D=  -1 * 9
 X= 238 X2= 236  Y= 327 Y2= 320 P1= 683 P2= 194 T1=  21 T2=  21  P= 597  D=  -1 * 10
 X= 238 X2= 236  Y= 327 Y2= 320 P1= 683 P2= 193 T1=  21 T2=  21  P= 601  D=  -1 * 11
 X= 238 X2= 238  Y= 326 Y2= 320 P1= 683 P2= 193 T1=  20 T2=  20  P= 604  D=  -1 * 12
 X= 239 X2= 236  Y= 327 Y2= 320 P1= 683 P2= 194 T1=  21 T2=  20  P= 597  D=  -1 * 13
 X= 238 X2= 237  Y= 326 Y2= 320 P1= 683 P2= 195 T1=  21 T2=  20  P= 592  D=  -1 * 14
 X= 238 X2= 236  Y= 326 Y2= 320 P1= 683 P2= 193 T1=  22 T2=  20  P= 601  D=  -1 * 15
 X= 238 X2= 237  Y= 327 Y2= 320 P1= 682 P2= 194 T1=  20 T2=  21  P= 596  D=  -1 * 16
 X= 239 X2= 236  Y= 326 Y2= 321 P1= 683 P2= 193 T1=  20 T2=  20  P= 601  D=  -1 * 17
 X= 239 X2= 236  Y= 326 Y2= 320 P1= 683 P2= 194 T1=  21 T2=  21  P= 597  D=  -1 * 18
 X= 238 X2= 236  Y= 326 Y2= 320 P1= 682 P2= 193 T1=  20 T2=  21  P= 600  D=  -1 * 19
 X= 238 X2= 235  Y= 327 Y2= 320 P1= 682 P2= 193 T1=  21 T2=  20  P= 597  D=  -1 * 20
 X= 238 X2= 235  Y= 327 Y2= 320 P1= 682 P2= 194 T1=  19 T2=  21  P= 593  D=  -1 * 21
 X= 239 X2= 237  Y= 326 Y2= 319 P1= 682 P2= 193 T1=  23 T2=  20  P= 602  D=  -1 * 22
 X= 239 X2= 235  Y= 327 Y2= 320 P1= 683 P2= 194 T1=  21 T2=  22  P= 597  D=  -1 * 23
 X= 238 X2= 235  Y= 326 Y2= 320 P1= 682 P2= 194 T1=  20 T2=  20  P= 593  D=  -1 * 24
Remove Pin
 X= 239 X2= 237  Y= 326 Y2= 320 P1= 682 P2= 193 T1=  20 T2=  21  P= 602  D=  -1 * 24
 X= 238 X2= 235  Y= 327 Y2= 320 P1= 682 P2= 194 T1=  21 T2=  21  P= 593  D=  -1 * 24
 X= 237 X2= 236  Y= 326 Y2= 320 P1= 682 P2= 193 T1=  21 T2=  21  P= 597  D=  -1 * 24
 X= 239 X2= 235  Y= 326 Y2= 319 P1= 682 P2= 194 T1=  21 T2=  20  P= 596  D=  -1 * 24
 X= 239 X2= 236  Y= 327 Y2= 320 P1= 682 P2= 193 T1=  19 T2=  20  P= 600  D=  -1 * 24
 X= 238 X2= 235  Y= 327 Y2= 320 P1= 682 P2= 193 T1=  18 T2=  20  P= 597  D=  -1 * 24
 X= 238 X2= 236  Y= 327 Y2= 320 P1= 681 P2= 194 T1=  22 T2=  20  P= 594  D=  -1 * 24
 X= 238 X2= 235  Y= 326 Y2= 319 P1= 682 P2= 194 T1=  21 T2=  23  P= 593  D=  -1 * 24
 X= 238 X2= 237  Y= 327 Y2= 319 P1= 682 P2= 194 T1=  21 T2=  20  P= 596  D=  -1 * 24
 X= 239 X2= 236  Y= 327 Y2= 320 P1= 683 P2= 194 T1=  21 T2=  20  P= 597  D=  -1 * 24
 X= 237 X2= 236  Y= 327 Y2= 320 P1= 682 P2= 194 T1=  21 T2=  20  P= 593  D=  -1 * 24
 X= 238 X2= 236  Y= 326 Y2= 320 P1= 681 P2= 193 T1=  20 T2=  20  P= 599  D=  -1 * 24
 X= 238 X2= 236  Y= 326 Y2= 320 P1= 682 P2= 194 T1=  19 T2=  21  P= 596  D=  -1 * 24
 X= 238 X2= 236  Y= 326 Y2= 320 P1= 682 P2= 194 T1=  20 T2=  21  P= 596  D=  -1 * 24
 X= 239 X2= 236  Y= 327 Y2= 320 P1= 682 P2= 193 T1=  21 T2=  20  P= 600  D=  -1 * 24
 X= 239 X2= 232  Y= 326 Y2= 320 P1= 682 P2= 194 T1=  22 T2=  21  P= 591  D=  -1 * 24
 X= 238 X2= 235  Y= 326 Y2= 321 P1= 681 P2= 194 T1=  21 T2=  21  P= 592  D=  -1 * 24
 X= 238 X2= 235  Y= 327 Y2= 320 P1= 682 P2= 194 T1=  22 T2=  20  P= 593  D=  -1 * 24
 X= 238 X2= 233  Y= 328 Y2= 322 P1= 692 P2= 186 T1=  21 T2=  21  P= 639  D=  -1 * 24
 X= 977 X2=1002  Y= 976 Y2=1023 P1=1023 P2=   0 T1=1023 T2= 900  P= 639  D=  -1 
 X= 913 X2=1022  Y= 995 Y2=1019 P1=1023 P2=   0 T1=1021 T2= 940  P= 639  D=  -1 
 X= 924 X2=1023  Y= 999 Y2=1019 P1=1023 P2=   0 T1=1019 T2= 910  P= 639  D=  -1 
target state=1 point=456,22
 X= 866 X2=1023  Y= 971 Y2=1019 P1=1023 P2=   0 T1=1023 T2= 897  P= 639  D=  -1 
 X=1012 X2=1017  Y= 985 Y2=1023 P1=1023 P2=   0 T1=1020 T2= 921  P= 639  D=  -1 
 X= 810 X2=1023  Y= 974 Y2=1023 P1=1023 P2=   0 T1=1023 T2= 928  P= 639  D=  -1 
 X= 854 X2=1023  Y= 991 Y2=1019 P1=1023 P2=   0 T1=1020 T2= 931  P= 639  D=  -1 
 X=1015 X2=1022  Y= 988 Y2=1023 P1=1023 P2=   0 T1=1023 T2= 926  P= 639  D=  -1 
 X= 989 X2=1023  Y= 989 Y2=1020 P1=1023 P2=   0 T1=1017 T2= 903  P= 639  D=  -1 
 X=1000 X2=1012  Y= 975 Y2=1019 P1=1023 P2=   0 T1=1023 T2= 906  P= 639  D=  -1 
 X= 985 X2=1023  Y= 980 Y2=1020 P1=1023 P2=   0 T1=1020 T2= 934  P= 639  D=  -1 
 X= 896 X2=1023  Y= 986 Y2=1020 P1=1023 P2=   0 T1=1020 T2= 917  P= 639  D=  -1 
 X= 968 X2=1019  Y=1005 Y2=1023 P1=1023 P2=   0 T1=1023 T2= 918  P= 639  D=  -1 
 X=1021 X2= 995  Y=1018 Y2=1020 P1=1023 P2=   0 T1=1020 T2=1018  P= 639  D=  -1 
 X=1023 X2=1023  Y= 994 Y2=1018 P1=1022 P2=   0 T1=1023 T2= 913  P= 639  D=  -1 
 X= 855 X2=1023  Y= 963 Y2=1018 P1=1023 P2=   0 T1=1019 T2= 864  P= 639  D=  -1 
 X= 899 X2=1022  Y= 991 Y2=1019 P1=1023 P2=   0 T1=1020 T2= 903  P= 639  D=  -1 
 X= 886 X2=1022  Y= 984 Y2=1023 P1=1023 P2=   0 T1=1019 T2= 914  P= 639  D=  -1 
 X= 966 X2=1023  Y=1000 Y2=1023 P1=1023 P2=   0 T1=1021 T2= 918  P= 639  D=  -1 
 X= 826 X2=1023  Y= 978 Y2=1023 P1=1023 P2=   0 T1=1019 T2= 916  P= 639  D=  -1 
 X= 982 X2=1021  Y= 990 Y2=1023 P1=1023 P2=   0 T1=1023 T2= 938  P= 639  D=  -1 
 X= 983 X2=1023  Y= 980 Y2=1020 P1=1023 P2=   0 T1=1020 T2= 910  P= 639  D=  -1 
 X=1000 X2=1021  Y= 978 Y2=1022 P1=1023 P2=   0 T1=1020 T2= 916  P= 639  D=  -1 
 X= 910 X2=1023  Y= 990 Y2=1023 P1=1023 P2=   0 T1=1023 T2= 927  P= 639  D=  -1 
 X= 954 X2=1023  Y= 985 Y2=1019 P1=1023 P2=   0 T1=1023 T2= 916  P= 639  D=  -1 
 X= 900 X2=1021  Y= 978 Y2=1023 P1=1023 P2=   0 T1=1023 T2= 931  P= 639  D=  -1 
 X= 872 X2=1022  Y= 996 Y2=1019 P1=1023 P2=   0 T1=1023 T2= 909  P= 639  D=  -1 
 X= 918 X2=1023  Y= 980 Y2=1023 P1=1023 P2=   0 T1=1020 T2= 914  P= 639  D=  -1 
 X= 871 X2=1023  Y= 991 Y2=1018 P1=1023 P2=   0 T1=1019 T2= 915  P= 639  D=  -1 
 X= 999 X2=1022  Y= 985 Y2=1022 P1=1023 P2=   0 T1=1023 T2= 906  P= 639  D=  -1 
 X= 959 X2=1004  Y= 972 Y2=1020 P1=1023 P2=   0 T1=1020 T2= 925  P= 639  D=  -1 
 X= 812 X2=1023  Y= 959 Y2=1018 P1=1023 P2=   0 T1=1023 T2= 869  P= 639  D=  -1 
 X= 923 X2=1023  Y= 976 Y2=1020 P1=1023 P2=   0 T1=1020 T2= 934  P= 639  D=  -1 
 X= 907 X2=1023  Y= 987 Y2=1023 P1=1023 P2=   0 T1=1019 T2= 908  P= 639  D=  -1 
 X= 915 X2=1017  Y= 982 Y2=1023 P1=1022 P2=   0 T1=1021 T2= 939  P= 639  D=  -1 
 X= 865 X2=1013  Y= 979 Y2=1023 P1=1023 P2=   0 T1=1023 T2= 928  P= 639  D=  -1 
 X=1023 X2=1017  Y= 983 Y2=1019 P1=1023 P2=   0 T1=1023 T2= 903  P= 639  D=  -1 
 X= 963 X2=1023  Y= 982 Y2=1023 P1=1023 P2=   0 T1=1023 T2= 904  P= 639  D=  -1 
 X= 961 X2=1023  Y= 970 Y2=1023 P1=1023 P2=   0 T1=1023 T2= 923  P= 639  D=  -1 
 X= 937 X2=1023  Y= 982 Y2=1023 P1=1023 P2=   0 T1=1023 T2= 909  P= 639  D=  -1 
 X= 982 X2=1015  Y= 978 Y2=1020 P1=1023 P2=   0 T1=1023 T2= 923  P= 639  D=  -1 
 X= 941 X2=1020  Y= 985 Y2=1023 P1=1023 P2=   0 T1=1019 T2= 906  P= 639  D=  -1 
 X= 876 X2=1016  Y= 969 Y2=1023 P1=1023 P2=   0 T1=1019 T2= 925  P= 639  D=  -1 
 X= 980 X2=1009  Y= 987 Y2=1022 P1=1023 P2=   0 T1=1020 T2= 909  P= 639  D=  -1 
 X= 829 X2=1023  Y= 991 Y2=1019 P1=1023 P2=   0 T1=1021 T2= 938  P= 639  D=  -1 
 X= 978 X2=1023  Y= 996 Y2=1023 P1=1023 P2=   0 T1=1020 T2= 921  P= 639  D=  -1 
 X=1022 X2=1014  Y= 985 Y2=1023 P1=1023 P2=   0 T1=1020 T2= 908  P= 639  D=  -1 
 X= 936 X2=1020  Y= 958 Y2=1022 P1=1023 P2=   0 T1=1020 T2= 866  P= 639  D=  -1 
 X= 976 X2=1017  Y= 986 Y2=1019 P1=1023 P2=   0 T1=1020 T2= 919  P= 639  D=  -1 
 X=1012 X2=1016  Y= 990 Y2=1019 P1=1023 P2=   0 T1=1023 T2= 915  P= 639  D=  -1 
 X=1002 X2=1023  Y= 997 Y2=1023 P1=1023 P2=   0 T1=1019 T2= 918  P= 639  D=  -1 
 X=1005 X2=1001  Y= 979 Y2=1018 P1=1023 P2=   0 T1=1021 T2= 903  P= 639  D=  -1 
 X= 996 X2=1003  Y= 997 Y2=1019 P1=1021 P2=   0 T1=1023 T2= 923  P= 639  D=  -1 
 X= 974 X2=1023  Y= 972 Y2=1020 P1=1023 P2=   0 T1=1021 T2= 916  P= 639  D=  -1 
 X= 825 X2=1023  Y= 980 Y2=1019 P1=1023 P2=   0 T1=1020 T2= 926  P= 639  D=  -1 
 X=1008 X2=1023  Y= 986 Y2=1023 P1=1023 P2=   0 T1=1023 T2= 914  P= 639  D=  -1 
 X=1004 X2=1021  Y= 995 Y2=1020 P1=1023 P2=   0 T1=1020 T2= 922  P= 639  D=  -1 
 X=1023 X2=1022  Y= 984 Y2=1023 P1=1023 P2=   0 T1=1019 T2= 921  P= 639  D=  -1 
 X=1009 X2=1016  Y= 988 Y2=1019 P1=1023 P2=   0 T1=1020 T2= 926  P= 639  D=  -1 
 X= 892 X2=1023  Y= 981 Y2=1023 P1=1023 P2=   0 T1=1023 T2= 904  P= 639  D=  -1 
 X= 901 X2=1023  Y= 991 Y2=1020 P1=1023 P2=   0 T1=1021 T2= 934  P= 639  D=  -1 
 X= 898 X2=1023  Y= 980 Y2=1020 P1=1023 P2=   0 T1=1018 T2= 916  P= 639  D=  -1 
 X=1023 X2=1009  Y= 984 Y2=1019 P1=1023 P2=   0 T1=1023 T2= 933  P= 639  D=  -1 
 X= 987 X2=1007  Y= 964 Y2=1019 P1=1023 P2=   0 T1=1023 T2= 899  P= 639  D=  -1 
 X=1018 X2=1005  Y= 987 Y2=1019 P1=1023 P2=   0 T1=1023 T2= 943  P= 639  D=  -1 
 X= 978 X2=1019  Y= 983 Y2=1019 P1=1023 P2=   0 T1=1022 T2= 924  P= 639  D=  -1 
 X= 809 X2= 808  Y= 323 Y2= 329 P1= 796 P2= 476 T1=1023 T2=  13  P= 639  D=  -1 
 X= 810 X2= 808  Y= 322 Y2= 329 P1= 796 P2= 476 T1=  13 T2=  13  P= 543  D=  -1 * 0
 X= 809 X2= 808  Y= 323 Y2= 330 P1= 799 P2= 469 T1=  14 T2=  13  P= 568  D=  -1 * 0
 X= 810 X2= 809  Y= 323 Y2= 330 P1= 797 P2= 472 T1=  14 T2=  15  P= 556  D=  -1 * 0
 X= 810 X2= 809  Y= 322 Y2= 330 P1= 798 P2= 472 T1=  13 T2=  11  P= 558  D=  -1 * 0
 X= 809 X2= 806  Y= 325 Y2= 329 P1= 797 P2= 471 T1=  14 T2=  13  P= 558  D=  -1 * 1
 X= 809 X2= 808  Y= 325 Y2= 329 P1= 797 P2= 472 T1=  14 T2=  13  P= 555  D=  -1 * 2
 X= 813 X2= 809  Y= 322 Y2= 330 P1= 797 P2= 473 T1=  13 T2=  13  P= 554  D=  -1 * 3
 X= 809 X2= 809  Y= 322 Y2= 330 P1= 797 P2= 472 T1=  14 T2=  13  P= 556  D=  -1 * 4
 X= 809 X2= 808  Y= 323 Y2= 329 P1= 798 P2= 472 T1=  13 T2=  13  P= 557  D=  -1 * 5
 X= 809 X2= 808  Y= 322 Y2= 330 P1= 797 P2= 473 T1=  14 T2=  13  P= 552  D=  -1 * 6
 X= 809 X2= 808  Y= 323 Y2= 330 P1= 798 P2= 473 T1=  14 T2=  13  P= 555  D=  -1 * 7
 X= 809 X2= 808  Y= 323 Y2= 329 P1= 799 P2= 472 T1=  14 T2=  15  P= 559  D=  -1 * 8
 X= 810 X2= 808  Y= 322 Y2= 329 P1= 797 P2= 473 T1=  13 T2=  14  P= 553  D=  -1 * 9
 X= 809 X2= 808  Y= 322 Y2= 329 P1= 797 P2= 473 T1=  14 T2=  14  P= 552  D=  -1 * 10
 X= 810 X2= 808  Y= 322 Y2= 329 P1= 797 P2= 471 T1=  13 T2=  15  P= 559  D=  -1 * 11
 X= 810 X2= 808  Y= 323 Y2= 328 P1= 797 P2= 473 T1=  14 T2=  13  P= 553  D=  -1 * 12
 X= 810 X2= 809  Y= 323 Y2= 329 P1= 796 P2= 472 T1=  14 T2=  13  P= 554  D=  -1 * 13
 X= 807 X2= 808  Y= 322 Y2= 329 P1= 797 P2= 473 T1=  14 T2=  14  P= 551  D=  -1 * 14
 X= 809 X2= 813  Y= 323 Y2= 329 P1= 798 P2= 473 T1=  14 T2=  15  P= 557  D=  -1 * 15
 X= 809 X2= 808  Y= 325 Y2= 329 P1= 798 P2= 473 T1=  14 T2=  14  P= 555  D=  -1 * 16
 X= 810 X2= 798  Y= 323 Y2= 330 P1= 797 P2= 472 T1=  13 T2=  14  P= 553  D=  -1 * 17
 X= 809 X2= 813  Y= 323 Y2= 331 P1= 797 P2= 473 T1=  14 T2=  14  P= 554  D=  -1 * 18
 X= 810 X2= 808  Y= 322 Y2= 329 P1= 797 P2= 473 T1=  13 T2=  13  P= 553  D=  -1 * 19
 X= 809 X2= 808  Y= 322 Y2= 329 P1= 797 P2= 473 T1=  12 T2=  13  P= 552  D=  -1 * 20
 X= 809 X2= 808  Y= 322 Y2= 329 P1= 797 P2= 473 T1=  14 T2=  13  P= 552  D=  -1 * 21
 X= 810 X2= 808  Y= 322 Y2= 328 P1= 794 P2= 473 T1=  13 T2=  13  P= 548  D=  -1 * 22
 X= 810 X2= 808  Y= 323 Y2= 328 P1= 797 P2= 473 T1=  13 T2=  14  P= 553  D=  -1 * 23
 X= 810 X2= 809  Y= 322 Y2= 329 P1= 796 P2= 473 T1=  14 T2=  14  P= 551  D=  -1 * 24
Remove Pin
 X= 810 X2= 808  Y= 325 Y2= 329 P1= 797 P2= 473 T1=  15 T2=  14  P= 553  D=  -1 * 24
 X= 809 X2= 808  Y= 322 Y2= 329 P1= 797 P2= 473 T1=  14 T2=  13  P= 552  D=  -1 * 24
 X= 810 X2= 808  Y= 322 Y2= 329 P1= 797 P2= 473 T1=  15 T2=  13  P= 553  D=  -1 * 24
 X= 809 X2= 808  Y= 322 Y2= 329 P1= 797 P2= 473 T1=  13 T2=  14  P= 552  D=  -1 * 24
 X= 810 X2= 808  Y= 323 Y2= 329 P1= 797 P2= 473 T1=  13 T2=  14  P= 553  D=  -1 * 24
 X= 810 X2= 808  Y= 323 Y2= 329 P1= 797 P2= 473 T1=  15 T2=  14  P= 553  D=  -1 * 24
 X= 810 X2= 808  Y= 323 Y2= 329 P1= 797 P2= 473 T1=  13 T2=  13  P= 553  D=  -1 * 24
 X= 810 X2= 805  Y= 322 Y2= 329 P1= 796 P2= 476 T1=  14 T2=  13  P= 542  D=  -1 * 24
 X= 810 X2= 808  Y= 324 Y2= 329 P1= 801 P2= 464 T1=  14 T2=  14  P= 587  D=  -1 * 24
 X= 811 X2= 809  Y= 328 Y2= 334 P1= 818 P2= 427 T1=  19 T2=  18  P= 741  D=  -1 * 24
 X= 923 X2=1023  Y= 981 Y2=1023 P1=1023 P2=   0 T1=1020 T2= 907  P= 741  D=  -1 
 X=1020 X2=1023  Y= 976 Y2=1023 P1=1023 P2=   0 T1=1023 T2= 923  P= 741  D=  -1 
 X=1023 X2=1007  Y= 986 Y2=1023 P1=1023 P2=   0 T1=1023 T2= 912  P= 741  D=  -1 
target state=2 point=456,249
 X= 868 X2=1023  Y= 970 Y2=1019 P1=1023 P2=   0 T1=1019 T2= 915  P= 741  D=  -1 
 X= 976 X2=1011  Y= 972 Y2=1019 P1=1023 P2=   0 T1=1020 T2= 923  P= 741  D=  -1 
 X=1023 X2=1013  Y= 992 Y2=1020 P1=1023 P2=   0 T1=1023 T2= 900  P= 741  D=  -1 
 X= 924 X2=1023  Y= 964 Y2=1019 P1=1023 P2=   0 T1=1023 T2= 875  P= 741  D=  -1 
 X=1023 X2=1016  Y= 988 Y2=1018 P1=1023 P2=   0 T1=1023 T2= 909  P= 741  D=  -1 
 X= 987 X2=1021  Y= 978 Y2=1019 P1=1023 P2=   0 T1=1020 T2= 928  P= 741  D=  -1 
 X= 876 X2=1014  Y=1020 Y2=1019 P1=1023 P2=   0 T1=1023 T2=1017  P= 741  D=  -1 
 X= 977 X2=1022  Y= 988 Y2=1023 P1=1023 P2=   0 T1=1023 T2= 929  P= 741  D=  -1 
 X= 890 X2=1022  Y= 978 Y2=1017 P1=1023 P2=   0 T1=1023 T2= 923  P= 741  D=  -1 
 X=1023 X2=1003  Y= 983 Y2=1023 P1=1023 P2=   0 T1=1021 T2= 926  P= 741  D=  -1 
 X=1023 X2=1014  Y= 995 Y2=1023 P1=1023 P2=   0 T1=1023 T2= 920  P= 741  D=  -1 
 X=1023 X2=1018  Y= 990 Y2=1020 P1=1023 P2=   0 T1=1019 T2= 920  P= 741  D=  -1 
 X=1003 X2=1013  Y= 990 Y2=1019 P1=1023 P2=   0 T1=1023 T2= 904  P= 741  D=  -1 
 X= 948 X2=1023  Y= 986 Y2=1023 P1=1023 P2=   0 T1=1019 T2= 910  P= 741  D=  -1 
 X=1012 X2=1016  Y= 987 Y2=1022 P1=1023 P2=   0 T1=1023 T2= 905  P= 741  D=  -1 
 X=1009 X2= 994  Y= 986 Y2=1020 P1=1023 P2=   0 T1=1019 T2= 924  P= 741  D=  -1 
 X= 949 X2= 993  Y= 975 Y2=1019 P1=1023 P2=   0 T1=1023 T2= 919  P= 741  D=  -1 
 X= 980 X2=1003  Y= 990 Y2=1021 P1=1023 P2=   0 T1=1020 T2= 923  P= 741  D=  -1 
 X= 996 X2=1022  Y= 993 Y2=1020 P1=1023 P2=   0 T1=1023 T2= 917  P= 741  D=  -1 
 X= 962 X2=1011  Y= 965 Y2=1020 P1=1023 P2=   0 T1=1021 T2= 884  P= 741  D=  -1 
 X=1008 X2=1020  Y= 985 Y2=1019 P1=1023 P2=   0 T1=1020 T2= 908  P= 741  D=  -1 
 X= 974 X2=1019  Y= 980 Y2=1023 P1=1023 P2=   0 T1=1019 T2= 907  P= 741  D=  -1 
 X=1007 X2=1015  Y= 980 Y2=1023 P1=1023 P2=   0 T1=1020 T2= 917  P= 741  D=  -1 
 X= 948 X2=1018  Y= 979 Y2=1023 P1=1023 P2=   0 T1=1023 T2= 928  P= 741  D=  -1 
 X= 992 X2=1023  Y= 985 Y2=1023 P1=1023 P2=   0 T1=1020 T2= 904  P= 741  D=  -1 
 X= 934 X2=1013  Y= 964 Y2=1018 P1=1023 P2=   0 T1=1020 T2= 915  P= 741  D=  -1 
 X=1019 X2=1016  Y= 986 Y2=1018 P1=1023 P2=   0 T1=1023 T2= 930  P= 741  D=  -1 
 X=1023 X2=1013  Y= 982 Y2=1019 P1=1022 P2=   0 T1=1023 T2= 894  P= 741  D=  -1 
 X= 997 X2=1017  Y= 989 Y2=1020 P1=1023 P2=   0 T1=1023 T2= 919  P= 741  D=  -1 
 X= 941 X2=1023  Y= 980 Y2=1023 P1=1023 P2=   0 T1=1023 T2= 912  P= 741  D=  -1 
 X=1023 X2=1020  Y= 974 Y2=1023 P1=1023 P2=   0 T1=1023 T2= 913  P= 741  D=  -1 
 X= 956 X2= 996  Y= 985 Y2=1019 P1=1023 P2=   0 T1=1023 T2= 922  P= 741  D=  -1 
 X=1022 X2=1011  Y= 984 Y2=1023 P1=1023 P2=   0 T1=1020 T2= 911  P= 741  D=  -1 
 X=1016 X2=1021  Y= 984 Y2=1023 P1=1023 P2=   0 T1=1023 T2= 904  P= 741  D=  -1 
 X= 990 X2=1023  Y= 986 Y2=1023 P1=1023 P2=   0 T1=1023 T2= 912  P= 741  D=  -1 
 X= 951 X2=1008  Y= 949 Y2=1018 P1=1022 P2=   0 T1=1023 T2= 872  P= 741  D=  -1 
 X= 878 X2=1021  Y= 981 Y2=1023 P1=1023 P2=   0 T1=1019 T2= 930  P= 741  D=  -1 
 X=1001 X2=1023  Y= 995 Y2=1023 P1=1023 P2=   0 T1=1019 T2= 945  P= 741  D=  -1 
 X=1014 X2=1020  Y= 996 Y2=1018 P1=1023 P2=   0 T1=1019 T2= 917  P= 741  D=  -1 
 X= 912 X2=1023  Y= 990 Y2=1023 P1=1023 P2=   0 T1=1019 T2= 923  P= 741  D=  -1 
 X= 922 X2=1021  Y= 987 Y2=1023 P1=1023 P2=   0 T1=1023 T2= 922  P= 741  D=  -1 
 X= 977 X2=1013  Y= 980 Y2=1023 P1=1023 P2=   0 T1=1021 T2= 910  P= 741  D=  -1 
 X= 976 X2=1021  Y= 984 Y2=1018 P1=1023 P2=   0 T1=1019 T2= 913  P= 741  D=  -1 
 X=1004 X2=1013  Y= 990 Y2=1019 P1=1023 P2=   0 T1=1020 T2= 908  P= 741  D=  -1 
 X= 950 X2=1023  Y= 997 Y2=1023 P1=1023 P2=   0 T1=1020 T2= 936  P= 741  D=  -1 
 X= 957 X2=1002  Y= 982 Y2=1023 P1=1023 P2=   0 T1=1023 T2= 921  P= 741  D=  -1 
 X= 917 X2=1023  Y= 998 Y2=1019 P1=1023 P2=   0 T1=1023 T2= 928  P= 741  D=  -1 
 X= 906 X2=1021  Y= 975 Y2=1023 P1=1023 P2=   0 T1=1020 T2= 916  P= 741  D=  -1 
 X=1023 X2=1003  Y= 987 Y2=1021 P1=1023 P2=   0 T1=1019 T2= 913  P= 741  D=  -1 
 X= 974 X2=1022  Y= 984 Y2=1020 P1=1023 P2=   0 T1=1023 T2= 895  P= 741  D=  -1 
 X= 826 X2=1023  Y= 992 Y2=1023 P1=1023 P2=   0 T1=1019 T2= 916  P= 741  D=  -1 
 X= 888 X2=1015  Y= 961 Y2=1018 P1=1023 P2=   0 T1=1023 T2= 882  P= 741  D=  -1 
 X= 986 X2=1022  Y= 984 Y2=1019 P1=1023 P2=   0 T1=1021 T2= 912  P= 741  D=  -1 
 X= 925 X2=1023  Y= 994 Y2=1019 P1=1023 P2=   0 T1=1019 T2= 920  P= 741  D=  -1 
 X=1023 X2=1021  Y= 982 Y2=1023 P1=1023 P2=   0 T1=1020 T2= 919  P= 741  D=  -1 
 X= 997 X2=1021  Y= 989 Y2=1019 P1=1023 P2=   0 T1=1020 T2= 925  P= 741  D=  -1 
 X= 986 X2=1023  Y= 983 Y2=1019 P1=1023 P2=   0 T1=1020 T2= 932  P= 741  D=  -1 
 X= 960 X2=1020  Y= 970 Y2=1020 P1=1023 P2=   0 T1=1023 T2= 931  P= 741  D=  -1 
 X=1023 X2=1011  Y= 984 Y2=1023 P1=1023 P2=   0 T1=1023 T2= 918  P= 741  D=  -1 
 X= 868 X2=1023  Y= 991 Y2=1023 P1=1023 P2=   0 T1=1020 T2= 947  P= 741  D=  -1 
 X= 983 X2=1006  Y= 986 Y2=1019 P1=1023 P2=   0 T1=1019 T2= 906  P= 741  D=  -1 
 X=1023 X2=1003  Y= 986 Y2=1020 P1=1023 P2=   0 T1=1023 T2= 924  P= 741  D=  -1 
 X= 876 X2=1023  Y= 983 Y2=1023 P1=1023 P2=   0 T1=1023 T2= 904  P= 741  D=  -1 
 X=1023 X2= 986  Y= 987 Y2=1022 P1=1023 P2=   0 T1=1019 T2= 930  P= 741  D=  -1 
 X=1018 X2=1016  Y= 984 Y2=1023 P1=1023 P2=   0 T1=1020 T2= 904  P= 741  D=  -1 
 X= 809 X2= 809  Y= 713 Y2= 718 P1= 907 P2= 544 T1=  94 T2=  13  P= 741  D=  -1 
 X= 808 X2= 809  Y= 713 Y2= 717 P1= 911 P2= 528 T1=  14 T2=  14  P= 585  D=  -1 * 0
 X= 808 X2= 809  Y= 713 Y2= 717 P1= 908 P2= 537 T1=  14 T2=  13  P= 557  D=  -1 * 0
 X= 809 X2= 809  Y= 713 Y2= 718 P1= 908 P2= 539 T1=  14 T2=  11  P= 553  D=  -1 * 0
 X= 809 X2= 809  Y= 713 Y2= 717 P1= 908 P2= 539 T1=  14 T2=  13  P= 553  D=  -1 * 0
 X= 810 X2= 809  Y= 713 Y2= 717 P1= 908 P2= 539 T1=  14 T2=  14  P= 553  D=  -1 * 1
 X= 809 X2= 805  Y= 713 Y2= 717 P1= 908 P2= 539 T1=  14 T2=  13  P= 551  D=  -1 * 2
 X= 808 X2= 808  Y= 713 Y2= 717 P1= 908 P2= 540 T1=  13 T2=  14  P= 550  D=  -1 * 3
 X= 808 X2= 810  Y= 711 Y2= 717 P1= 909 P2= 540 T1=  13 T2=  14  P= 552  D=  -1 * 4
 X= 808 X2= 809  Y= 713 Y2= 717 P1= 908 P2= 540 T1=  13 T2=  14  P= 550  D=  -1 * 5
 X= 808 X2= 810  Y= 713 Y2= 720 P1= 908 P2= 540 T1=  14 T2=  14  P= 550  D=  -1 * 6
 X= 808 X2= 810  Y= 714 Y2= 718 P1= 909 P2= 540 T1=  14 T2=  13  P= 552  D=  -1 * 7
 X= 809 X2= 809  Y= 713 Y2= 718 P1= 908 P2= 540 T1=  14 T2=  13  P= 550  D=  -1 * 8
 X= 808 X2= 810  Y= 713 Y2= 718 P1= 909 P2= 541 T1=  14 T2=  13  P= 550  D=  -1 * 9
 X= 807 X2= 809  Y= 713 Y2= 717 P1= 908 P2= 540 T1=  13 T2=  13  P= 550  D=  -1 * 10
 X= 808 X2= 808  Y= 712 Y2= 717 P1= 908 P2= 541 T1=  13 T2=  14  P= 547  D=  -1 * 11
 X= 808 X2= 811  Y= 713 Y2= 718 P1= 908 P2= 540 T1=  14 T2=  13  P= 550  D=  -1 * 12
 X= 808 X2= 809  Y= 713 Y2= 717 P1= 908 P2= 541 T1=  13 T2=  13  P= 547  D=  -1 * 13
 X= 809 X2= 810  Y= 713 Y2= 714 P1= 908 P2= 541 T1=  14 T2=  14  P= 548  D=  -1 * 14
 X= 808 X2= 809  Y= 713 Y2= 717 P1= 908 P2= 541 T1=  16 T2=  14  P= 547  D=  -1 * 15
 X= 808 X2= 809  Y= 714 Y2= 718 P1= 909 P2= 541 T1=  13 T2=  13  P= 549  D=  -1 * 16
 X= 808 X2= 810  Y= 714 Y2= 717 P1= 908 P2= 541 T1=  13 T2=  13  P= 548  D=  -1 * 17
 X= 809 X2= 809  Y= 713 Y2= 717 P1= 908 P2= 541 T1=  14 T2=  12  P= 548  D=  -1 * 18
 X= 809 X2= 810  Y= 714 Y2= 717 P1= 907 P2= 542 T1=  13 T2=  14  P= 544  D=  -1 * 19
 X= 809 X2= 809  Y= 714 Y2= 717 P1= 907 P2= 541 T1=  12 T2=  13  P= 546  D=  -1 * 20
 X= 809 X2= 809  Y= 713 Y2= 717 P1= 908 P2= 542 T1=  13 T2=  14  P= 546  D=  -1 * 21
 X= 807 X2= 807  Y= 713 Y2= 717 P1= 908 P2= 542 T1=  13 T2=  14  P= 544  D=  -1 * 22
 X= 809 X2= 809  Y= 713 Y2= 718 P1= 908 P2= 542 T1=  13 T2=  14  P= 546  D=  -1 * 23
 X= 810 X2= 809  Y= 713 Y2= 717 P1= 911 P2= 542 T1=  14 T2=  13  P= 550  D=  -1 * 24
Remove Pin
 X= 808 X2= 809  Y= 713 Y2= 716 P1= 908 P2= 542 T1=  13 T2=  13  P= 545  D=  -1 * 24
 X= 810 X2= 809  Y= 714 Y2= 718 P1= 908 P2= 542 T1=  14 T2=  13  P= 546  D=  -1 * 24
 X= 808 X2= 809  Y= 713 Y2= 717 P1= 908 P2= 542 T1=  13 T2=  13  P= 545  D=  -1 * 24
 X= 809 X2= 809  Y= 713 Y2= 717 P1= 908 P2= 542 T1=  16 T2=  13  P= 546  D=  -1 * 24
 X= 807 X2= 809  Y= 713 Y2= 718 P1= 907 P2= 543 T1=  14 T2=  13  P= 541  D=  -1 * 24
 X= 808 X2= 809  Y= 713 Y2= 717 P1= 907 P2= 542 T1=  14 T2=  14  P= 543  D=  -1 * 24
 X= 808 X2= 810  Y= 713 Y2= 717 P1= 908 P2= 542 T1=  13 T2=  14  P= 546  D=  -1 * 24
 X= 809 X2= 809  Y= 713 Y2= 717 P1= 908 P2= 542 T1=  13 T2=  13  P= 546  D=  -1 * 24
 X= 809 X2= 809  Y= 713 Y2= 717 P1= 907 P2= 542 T1=  13 T2=  14  P= 544  D=  -1 * 24
 X= 868 X2= 947  Y= 978 Y2=1019 P1=1023 P2=   0 T1= 108 T2= 899  P= 544  D=  -1 
 X=1006 X2=1013  Y= 981 Y2=1023 P1=1023 P2=   0 T1=1023 T2= 913  P= 544  D=  -1 
 X= 953 X2=1019  Y= 971 Y2=1019 P1=1023 P2=   0 T1=1023 T2= 915  P= 544  D=  -1 
 X=1014 X2=1018  Y= 995 Y2=1019 P1=1023 P2=   0 T1=1023 T2= 928  P= 544  D=  -1 
target state=3 point=23,249
 X=1014 X2=1023  Y=1023 Y2=1023 P1=1023 P2=   0 T1=1023 T2=1019  P= 544  D=  -1 
 X=1015 X2=1022  Y= 980 Y2=1023 P1=1023 P2=   0 T1=1023 T2= 904  P= 544  D=  -1 
 X=1023 X2=1005  Y= 983 Y2=1023 P1=1023 P2=   0 T1=1018 T2= 921  P= 544  D=  -1 
 X= 988 X2=1002  Y= 997 Y2=1019 P1=1023 P2=   0 T1=1020 T2= 915  P= 544  D=  -1 
 X= 954 X2=1018  Y= 974 Y2=1019 P1=1023 P2=   0 T1=1023 T2= 923  P= 544  D=  -1 
 X= 978 X2=1021  Y=1011 Y2=1023 P1=1023 P2=   0 T1=1019 T2= 923  P= 544  D=  -1 
 X= 975 X2=1023  Y= 994 Y2=1021 P1=1023 P2=   0 T1=1023 T2= 914  P= 544  D=  -1 
 X= 964 X2=1022  Y= 989 Y2=1021 P1=1023 P2=   0 T1=1020 T2= 910  P= 544  D=  -1 
 X= 879 X2=1023  Y= 955 Y2=1023 P1=1023 P2=   0 T1=1023 T2= 871  P= 544  D=  -1 
 X= 981 X2= 992  Y= 983 Y2=1020 P1=1023 P2=   0 T1=1021 T2= 923  P= 544  D=  -1 
 X= 952 X2= 986  Y= 985 Y2=1019 P1=1023 P2=   0 T1=1023 T2= 936  P= 544  D=  -1 
 X=1021 X2=1018  Y= 986 Y2=1020 P1=1023 P2=   0 T1=1019 T2= 943  P= 544  D=  -1 
 X= 995 X2=1007  Y= 988 Y2=1021 P1=1023 P2=   0 T1=1023 T2= 896  P= 544  D=  -1 
 X=1009 X2=1019  Y= 982 Y2=1022 P1=1023 P2=   0 T1=1023 T2= 910  P= 544  D=  -1 
 X= 967 X2=1023  Y= 976 Y2=1020 P1=1023 P2=   0 T1=1020 T2= 918  P= 544  D=  -1 
 X= 877 X2=1023  Y= 988 Y2=1020 P1=1023 P2=   0 T1=1020 T2= 926  P= 544  D=  -1 
 X=1017 X2=1023  Y= 991 Y2=1023 P1=1023 P2=   0 T1=1023 T2= 920  P= 544  D=  -1 
 X=1023 X2=1014  Y= 991 Y2=1018 P1=1020 P2=   0 T1=1020 T2= 922  P= 544  D=  -1 
 X=1016 X2=1003  Y= 979 Y2=1023 P1=1023 P2=   0 T1=1022 T2= 915  P= 544  D=  -1 
 X=1012 X2=1016  Y= 981 Y2=1023 P1=1023 P2=   0 T1=1023 T2= 928  P= 544  D=  -1 
 X=1018 X2=1017  Y= 990 Y2=1023 P1=1023 P2=   0 T1=1023 T2= 911  P= 544  D=  -1 
 X=1003 X2=1023  Y= 987 Y2=1023 P1=1023 P2=   0 T1=1020 T2= 912  P= 544  D=  -1 
 X= 970 X2=1023  Y= 977 Y2=1023 P1=1023 P2=   0 T1=1021 T2= 893  P= 544  D=  -1 
 X=1007 X2=1017  Y= 987 Y2=1023 P1=1023 P2=   0 T1=1023 T2= 923  P= 544  D=  -1 
 X=1014 X2=1005  Y= 955 Y2=1023 P1=1022 P2=   0 T1=1023 T2= 869  P= 544  D=  -1 
 X= 910 X2=1023  Y= 980 Y2=1023 P1=1023 P2=   0 T1=1020 T2= 915  P= 544  D=  -1 
 X= 979 X2=1020  Y= 981 Y2=1023 P1=1023 P2=   0 T1=1021 T2= 922  P= 544  D=  -1 
 X=1019 X2=1023  Y= 993 Y2=1023 P1=1023 P2=   0 T1=1019 T2= 918  P= 544  D=  -1 
 X= 968 X2=1021  Y= 974 Y2=1023 P1=1023 P2=   0 T1=1023 T2= 910  P= 544  D=  -1 
 X= 999 X2=1014  Y= 979 Y2=1019 P1=1023 P2=   0 T1=1023 T2= 937  P= 544  D=  -1 
 X= 965 X2= 994  Y= 991 Y2=1018 P1=1023 P2=   0 T1=1019 T2= 961  P= 544  D=  -1 
 X= 900 X2=1023  Y= 983 Y2=1023 P1=1023 P2=   0 T1=1023 T2= 927  P= 544  D=  -1 
 X=1023 X2=1012  Y= 991 Y2=1022 P1=1023 P2=   0 T1=1018 T2= 915  P= 544  D=  -1 
 X=1015 X2=1018  Y= 991 Y2=1021 P1=1023 P2=   0 T1=1023 T2= 925  P= 544  D=  -1 
 X= 986 X2=1022  Y= 981 Y2=1018 P1=1022 P2=   0 T1=1020 T2= 922  P= 544  D=  -1 
 X=1016 X2=1022  Y= 978 Y2=1019 P1=1023 P2=   0 T1=1018 T2= 927  P= 544  D=  -1 
 X= 896 X2=1023  Y= 973 Y2=1023 P1=1023 P2=   0 T1=1020 T2= 896  P= 544  D=  -1 
 X= 888 X2=1022  Y= 986 Y2=1020 P1=1023 P2=   0 T1=1019 T2= 931  P= 544  D=  -1 
 X= 870 X2=1023  Y= 983 Y2=1023 P1=1023 P2=   0 T1=1019 T2= 903  P= 544  D=  -1 
 X= 947 X2=1005  Y= 976 Y2=1023 P1=1023 P2=   0 T1=1023 T2= 928  P= 544  D=  -1 
 X= 997 X2= 990  Y= 970 Y2=1019 P1=1023 P2=   0 T1=1023 T2= 881  P= 544  D=  -1 
 X= 949 X2=1022  Y= 982 Y2=1019 P1=1023 P2=   0 T1=1023 T2= 931  P= 544  D=  -1 
 X= 891 X2=1023  Y= 990 Y2=1020 P1=1023 P2=   0 T1=1023 T2= 914  P= 544  D=  -1 
 X= 940 X2=1022  Y= 985 Y2=1019 P1=1023 P2=   0 T1=1023 T2= 912  P= 544  D=  -1 
 X=1007 X2=1007  Y= 977 Y2=1023 P1=1023 P2=   0 T1=1023 T2= 918  P= 544  D=  -1 
 X=1023 X2=1012  Y= 987 Y2=1018 P1=1023 P2=   0 T1=1023 T2= 925  P= 544  D=  -1 
 X= 930 X2=1023  Y= 981 Y2=1020 P1=1023 P2=   0 T1=1019 T2= 896  P= 544  D=  -1 
 X=1001 X2=1020  Y= 985 Y2=1021 P1=1023 P2=   0 T1=1023 T2= 918  P= 544  D=  -1 
 X= 940 X2=1023  Y= 983 Y2=1019 P1=1023 P2=   0 T1=1023 T2= 915  P= 544  D=  -1 
 X= 944 X2=1022  Y= 980 Y2=1020 P1=1023 P2=   0 T1=1019 T2= 931  P= 544  D=  -1 
 X= 960 X2=1023  Y= 978 Y2=1023 P1=1023 P2=   0 T1=1019 T2= 915  P= 544  D=  -1 
 X= 872 X2=1013  Y=1000 Y2=1023 P1=1023 P2=   0 T1=1023 T2= 909  P= 544  D=  -1 
 X= 966 X2=1023  Y= 983 Y2=1023 P1=1023 P2=   0 T1=1020 T2= 929  P= 544  D=  -1 
 X= 831 X2=1023  Y= 972 Y2=1023 P1=1023 P2=   0 T1=1023 T2= 919  P= 544  D=  -1 
 X= 954 X2= 992  Y= 980 Y2=1023 P1=1022 P2=   0 T1=1019 T2= 936  P= 544  D=  -1 
 X= 970 X2=1021  Y= 988 Y2=1019 P1=1023 P2=   0 T1=1020 T2= 943  P= 544  D=  -1 
 X= 796 X2=1023  Y= 947 Y2=1023 P1=1023 P2=   0 T1=1021 T2= 858  P= 544  D=  -1 
 X= 882 X2=1023  Y= 982 Y2=1023 P1=1023 P2=   0 T1=1023 T2= 926  P= 544  D=  -1 
 X=1017 X2=1007  Y= 982 Y2=1019 P1=1023 P2=   0 T1=1021 T2= 919  P= 544  D=  -1 
 X= 889 X2=1023  Y= 990 Y2=1022 P1=1023 P2=   0 T1=1020 T2= 917  P= 544  D=  -1 
 X= 238 X2= 240  Y= 713 Y2= 710 P1= 834 P2= 239 T1=  21 T2=  20  P= 594  D=  -1 * 0
 X= 245 X2= 243  Y= 715 Y2= 710 P1= 853 P2= 220 T1=  51 T2=  22  P= 594  D=  -1 
 X= 239 X2= 241  Y= 713 Y2= 711 P1= 847 P2= 226 T1=  22 T2=  22  P= 659  D=  -1 * 0
 X= 238 X2= 240  Y= 715 Y2= 711 P1= 838 P2= 238 T1=  21 T2=  21  P= 602  D=  -1 * 0
 X= 238 X2= 239  Y= 716 Y2= 711 P1= 839 P2= 237 T1=  21 T2=  21  P= 604  D=  -1 * 0
 X= 238 X2= 241  Y= 716 Y2= 711 P1= 840 P2= 235 T1=  21 T2=  21  P= 615  D=  -1 * 1
 X= 237 X2= 239  Y= 715 Y2= 711 P1= 841 P2= 235 T1=  19 T2=  22  P= 613  D=  -1 * 2
 X= 236 X2= 242  Y= 714 Y2= 711 P1= 839 P2= 235 T1=  21 T2=  20  P= 614  D=  -1 * 3
 X= 237 X2= 240  Y= 715 Y2= 710 P1= 840 P2= 234 T1=  21 T2=  22  P= 616  D=  -1 * 4
 X= 238 X2= 240  Y= 715 Y2= 711 P1= 840 P2= 234 T1=  20 T2=  21  P= 618  D=  -1 * 5
 X= 237 X2= 240  Y= 715 Y2= 710 P1= 840 P2= 235 T1=  21 T2=  21  P= 612  D=  -1 * 6
 X= 237 X2= 240  Y= 714 Y2= 710 P1= 840 P2= 234 T1=  21 T2=  21  P= 616  D=  -1 * 7
 X= 238 X2= 240  Y= 715 Y2= 711 P1= 839 P2= 236 T1=  21 T2=  21  P= 610  D=  -1 * 8
 X= 238 X2= 239  Y= 715 Y2= 710 P1= 839 P2= 236 T1=  21 T2=  21  P= 608  D=  -1 * 9
 X= 239 X2= 240  Y= 715 Y2= 711 P1= 839 P2= 236 T1=  21 T2=  21  P= 610  D=  -1 * 10
 X= 238 X2= 241  Y= 714 Y2= 711 P1= 839 P2= 235 T1=  21 T2=  21  P= 614  D=  -1 * 11
 X= 237 X2= 240  Y= 716 Y2= 711 P1= 839 P2= 235 T1=  21 T2=  21  P= 611  D=  -1 * 12
 X= 237 X2= 240  Y= 715 Y2= 711 P1= 839 P2= 236 T1=  21 T2=  21  P= 608  D=  -1 * 13
 X= 237 X2= 240  Y= 715 Y2= 711 P1= 839 P2= 236 T1=  21 T2=  21  P= 608  D=  -1 * 14
 X= 238 X2= 241  Y= 714 Y2= 712 P1= 838 P2= 236 T1=  21 T2=  21  P= 609  D=  -1 * 15
 X= 238 X2= 240  Y= 714 Y2= 710 P1= 839 P2= 236 T1=  20 T2=  21  P= 610  D=  -1 * 16
 X= 237 X2= 240  Y= 715 Y2= 711 P1= 839 P2= 236 T1=  21 T2=  21  P= 608  D=  -1 * 17
 X= 238 X2= 240  Y= 714 Y2= 711 P1= 839 P2= 236 T1=  21 T2=  24  P= 610  D=  -1 * 18
 X= 237 X2= 240  Y= 714 Y2= 711 P1= 839 P2= 236 T1=  20 T2=  21  P= 608  D=  -1 * 19
 X= 237 X2= 240  Y= 715 Y2= 711 P1= 839 P2= 236 T1=  20 T2=  21  P= 608  D=  -1 * 20
 X= 237 X2= 240  Y= 714 Y2= 710 P1= 839 P2= 236 T1=  21 T2=  21  P= 608  D=  -1 * 21
 X= 238 X2= 239  Y= 715 Y2= 711 P1= 839 P2= 236 T1=  20 T2=  21  P= 608  D=  -1 * 22
 X= 239 X2= 240  Y= 715 Y2= 711 P1= 839 P2= 235 T1=  21 T2=  21  P= 614  D=  -1 * 23
 X= 237 X2= 240  Y= 715 Y2= 711 P1= 839 P2= 235 T1=  21 T2=  20  P= 611  D=  -1 * 24
Remove Pin
 X= 239 X2= 240  Y= 715 Y2= 709 P1= 839 P2= 236 T1=  20 T2=  20  P= 610  D=  -1 * 24
 X= 238 X2= 241  Y= 715 Y2= 710 P1= 839 P2= 236 T1=  22 T2=  21  P= 610  D=  -1 * 24
 X= 238 X2= 240  Y= 715 Y2= 710 P1= 839 P2= 236 T1=  21 T2=  21  P= 610  D=  -1 * 24
 X= 238 X2= 240  Y= 714 Y2= 711 P1= 839 P2= 236 T1=  21 T2=  20  P= 610  D=  -1 * 24
 X= 237 X2= 241  Y= 715 Y2= 711 P1= 839 P2= 236 T1=  22 T2=  21  P= 610  D=  -1 * 24
 X= 238 X2= 240  Y= 715 Y2= 710 P1= 838 P2= 235 T1=  21 T2=  22  P= 613  D=  -1 * 24
 X= 237 X2= 240  Y= 715 Y2= 711 P1= 839 P2= 236 T1=  21 T2=  20  P= 608  D=  -1 * 24
 X= 238 X2= 240  Y= 715 Y2= 711 P1= 839 P2= 236 T1=  22 T2=  21  P= 610  D=  -1 * 24
 X= 237 X2= 240  Y= 714 Y2= 711 P1= 838 P2= 236 T1=  21 T2=  20  P= 606  D=  -1 * 24
 X= 237 X2= 240  Y= 715 Y2= 712 P1= 839 P2= 236 T1=  20 T2=  20  P= 608  D=  -1 * 24
 X= 237 X2= 240  Y= 713 Y2= 711 P1= 839 P2= 236 T1=  21 T2=  21  P= 608  D=  -1 * 24
 X= 238 X2= 240  Y= 715 Y2= 710 P1= 839 P2= 236 T1=  22 T2=  21  P= 610  D=  -1 * 24
 X= 237 X2= 239  Y= 715 Y2= 711 P1= 839 P2= 235 T1=  20 T2=  20  P= 611  D=  -1 * 24
 X= 237 X2= 239  Y= 714 Y2= 711 P1= 839 P2= 236 T1=  21 T2=  20  P= 608  D=  -1 * 24
 X= 238 X2= 240  Y= 716 Y2= 710 P1= 839 P2= 236 T1=  21 T2=  21  P= 610  D=  -1 * 24
 X= 238 X2= 239  Y= 714 Y2= 711 P1= 839 P2= 235 T1=  21 T2=  21  P= 611  D=  -1 * 24
 X= 237 X2= 241  Y= 715 Y2= 711 P1= 838 P2= 236 T1=  22 T2=  20  P= 609  D=  -1 * 24
 X=1003 X2=1018  Y= 991 Y2=1022 P1=1023 P2=   0 T1= 214 T2= 915  P= 609  D=  -1 
 X=1015 X2=1021  Y= 986 Y2=1020 P1=1023 P2=   0 T1=1020 T2= 922  P= 609  D=  -1 
 X= 893 X2=1023  Y= 981 Y2=1023 P1=1023 P2=   0 T1=1023 T2= 909  P= 609  D=  -1 
 X=1023 X2=1018  Y= 983 Y2=1023 P1=1023 P2=   0 T1=1023 T2= 929  P= 609  D=  -1 
Target Noise  x= 2.50 y= 2.50
X[0]: Target= 23   236/ 237/ 238 Stdev= 0.54 N= 24  Y[0]: Target= 22   322/ 323/ 324 Stdev= 0.28 N= 24
X[1]: Target=456   804/ 809/ 811 Stdev= 1.39 N= 24  Y[1]: Target= 22   325/ 326/ 327 Stdev= 0.71 N= 24
X[2]: Target=456   807/ 809/ 809 Stdev= 0.63 N= 24  Y[2]: Target=249   713/ 715/ 716 Stdev= 0.60 N= 24
X[3]: Target= 23   238/ 238/ 239 Stdev= 0.48 N= 24  Y[3]: Target=249   712/ 713/ 713 Stdev= 0.48 N= 24
N=24 Avg=20
min: 19 20 20 20 20 20 
max: 21 21 21 21 21 21 
N=24 Avg=13
min: 12 12 13 13 13 13 
max: 14 14 14 14 14 14 
N=24 Avg=13
min: 12 13 13 13 13 13 
max: 15 14 14 14 13 13 
N=24 Avg=20
min: 20 20 20 20 20 20 
max: 22 21 21 21 21 21 
Using TNT center offset = 17
TNT Plane Coef: a= -859 b=  -81 c= 508481
At  236, 323: Real=  21 Fit=  21 Offset=   4
At  808, 325: Real=  14 Fit=  15 Offset=  -2
At  808, 714: Real=  13 Fit=  14 Offset=  -3
At  238, 712: Real=  21 Fit=  21 Offset=   4
Fit Corners: 24, 12, 11, 24  Center: 17
Setting for min_tnt_up:   520
Setting for max_tnt_down: 22 (V2:33)
Entering calib_pressure_mfg
Using default pressure curve
468 471 487 495 509 524 553 575 612 
Summary:
Setting for max_tnt_down:      22
3.7 setting for max_tnt_down:     -1
Setting for min_tnt_up:       520
Setting for max_delta_tnt:      5
3.8 setting for max_delta_tnt:     -1
Setting for delay_in_us:        1
Setting for y_delay_in_us:      1
Setting for tnt_delay_in_us:    1
Setting for pressure_curve:  468 471 487 495 509 524 553 575 612
Setting for tnt_mode:           1
Setting for averaging:         -1
Setting for pointercal:      49611 -255 -10118524 -133 38244 -10879481 65536
Setting for tnt_plane:       -859 -81 508481
