new-calib: New touch screen calibration program v3.12
Serial Number='15051E00010B06020040'
Using tnt_mode=1
Setting for delay_in_us:        1
Setting for y_delay_in_us:      1
Setting for tnt_delay_in_us:    1
Setting for max_delta_tnt:      5
Setting for tnt_mode:           1
Setting for averaging:         -1
Entering get_four_points
target_noise  x= 2.50 y= 2.50 t= 2.50
target state=0 point=23,22
 X= 865 X2=  -1  Y= 923 Y2=1023 P1=  -1 P2=  -1 T1=1023 T2= 841  P=  -1  D=  -1 
 X=1019 X2=1011  Y=1001 Y2=1021 P1=  -1 P2=  -1 T1=1021 T2= 916  P=  -1  D=  -1 
 X=1023 X2=1012  Y= 952 Y2=1020 P1=  -1 P2=  -1 T1=1021 T2= 905  P=  -1  D=  -1 
 X= 879 X2=1023  Y= 961 Y2=1023 P1=  -1 P2=  -1 T1=1023 T2= 883  P=  -1  D=  -1 
 X=1022 X2=1013  Y= 964 Y2=1020 P1=  -1 P2=  -1 T1=1021 T2= 840  P=  -1  D=  -1 
 X= 909 X2=1020  Y= 938 Y2=1023 P1=1022 P2=  -1 T1=1021 T2= 904  P=  -1  D=  -1 
 X= 953 X2=1023  Y= 954 Y2=1023 P1=1023 P2=  -1 T1=1019 T2= 880  P=  -1  D=  -1 
 X= 928 X2= 992  Y= 966 Y2=1023 P1=1023 P2=  -1 T1=1023 T2= 913  P=  -1  D=  -1 
 X= 955 X2=1015  Y=1019 Y2=1022 P1=1023 P2=  -1 T1=1020 T2=1020  P=  -1  D=  -1 
 X= 895 X2=1018  Y= 972 Y2=1020 P1=1023 P2=  -1 T1=1021 T2= 912  P=  -1  D=  -1 
 X= 946 X2=1023  Y= 957 Y2=1023 P1=1023 P2=  -1 T1=1023 T2= 899  P=  -1  D=  -1 
 X= 909 X2=1020  Y= 973 Y2=1021 P1=1023 P2=  -1 T1=1023 T2= 906  P=  -1  D=  -1 
 X= 924 X2=1018  Y= 968 Y2=1022 P1=1023 P2=  -1 T1=1023 T2= 892  P=  -1  D=  -1 
 X= 923 X2= 992  Y= 957 Y2=1020 P1=1023 P2=  -1 T1=1023 T2= 890  P=  -1  D=  -1 
 X=1023 X2=1014  Y= 969 Y2=1023 P1=1023 P2=  -1 T1=1021 T2= 899  P=  -1  D=  -1 
 X= 997 X2= 997  Y= 967 Y2=1023 P1=1023 P2=  -1 T1=1023 T2= 912  P=  -1  D=  -1 
 X= 950 X2= 990  Y= 955 Y2=1021 P1=1023 P2=  -1 T1=1022 T2= 886  P=  -1  D=  -1 
 X= 923 X2=1023  Y= 955 Y2=1023 P1=1023 P2=  -1 T1=1023 T2= 895  P=  -1  D=  -1 
 X= 928 X2=1023  Y= 965 Y2=1022 P1=1023 P2=  -1 T1=1023 T2= 897  P=  -1  D=  -1 
 X= 938 X2=1009  Y= 988 Y2=1021 P1=1023 P2=  -1 T1=1023 T2= 921  P=  -1  D=  -1 
 X= 940 X2=1015  Y= 972 Y2=1023 P1=1023 P2=  -1 T1=1023 T2= 908  P=  -1  D=  -1 
 X= 901 X2=1021  Y= 948 Y2=1023 P1=1023 P2=  -1 T1=1020 T2= 918  P=  -1  D=  -1 
 X= 922 X2=1023  Y= 956 Y2=1023 P1=1023 P2=  -1 T1=1023 T2= 906  P=  -1  D=  -1 
 X=1019 X2= 993  Y= 962 Y2=1022 P1=1023 P2=  -1 T1=1023 T2= 882  P=  -1  D=  -1 
 X= 993 X2=1011  Y= 959 Y2=1021 P1=1023 P2=  -1 T1=1023 T2= 890  P=  -1  D=  -1 
 X= 916 X2=1023  Y= 949 Y2=1019 P1=1023 P2=  -1 T1=1023 T2= 906  P=  -1  D=  -1 
 X= 915 X2=1023  Y= 961 Y2=1023 P1=1023 P2=  -1 T1=1023 T2= 878  P=  -1  D=  -1 
 X= 814 X2=1023  Y= 959 Y2=1023 P1=1023 P2=  -1 T1=1023 T2= 909  P=  -1  D=  -1 
 X= 895 X2=1023  Y= 959 Y2=1021 P1=1023 P2=  -1 T1=1022 T2= 906  P=  -1  D=  -1 
 X= 872 X2=1023  Y= 969 Y2=1020 P1=1023 P2=   2 T1=1023 T2= 902  P=  -1  D=  -1 
 X= 881 X2=1017  Y= 953 Y2=1020 P1=1023 P2=   0 T1=1021 T2= 900  P=  -1  D=  -1 
 X=1023 X2=1007  Y= 934 Y2=1023 P1=1023 P2=   0 T1=1022 T2= 883  P=  -1  D=  -1 
 X=1023 X2=1013  Y= 954 Y2=1023 P1=1023 P2=   0 T1=1023 T2= 921  P=  -1  D=  -1 
 X=1023 X2=1011  Y= 966 Y2=1023 P1=1023 P2=   0 T1=1021 T2= 888  P=  -1  D=  -1 
 X= 860 X2=1022  Y= 967 Y2=1023 P1=1023 P2=   0 T1=1021 T2= 901  P=  -1  D=  -1 
 X= 899 X2=1023  Y= 958 Y2=1023 P1=1023 P2=   0 T1=1023 T2= 868  P=  -1  D=  -1 
 X= 936 X2=1023  Y= 963 Y2=1020 P1=1023 P2=   0 T1=1023 T2= 899  P=  -1  D=  -1 
 X= 865 X2=1023  Y= 958 Y2=1021 P1=1023 P2=   0 T1=1022 T2= 915  P=  -1  D=  -1 
 X= 855 X2=1023  Y= 957 Y2=1023 P1=1023 P2=   0 T1=1020 T2= 881  P=  -1  D=  -1 
 X= 882 X2=1023  Y= 978 Y2=1021 P1=1023 P2=   0 T1=1023 T2= 926  P=  -1  D=  -1 
 X= 794 X2=1023  Y= 960 Y2=1023 P1=1023 P2=   0 T1=1021 T2= 912  P=  -1  D=  -1 
 X= 914 X2=1023  Y= 959 Y2=1023 P1=1023 P2=   0 T1=1023 T2= 916  P=  -1  D=  -1 
 X=1023 X2=1013  Y= 963 Y2=1023 P1=1023 P2=   0 T1=1021 T2= 889  P=  -1  D=  -1 
 X=1023 X2= 987  Y= 962 Y2=1021 P1=1023 P2=   0 T1=1023 T2= 900  P=  -1  D=  -1 
 X=1023 X2=1002  Y= 970 Y2=1022 P1=1023 P2=   0 T1=1023 T2= 901  P=  -1  D=  -1 
 X= 929 X2=1023  Y= 954 Y2=1020 P1=1023 P2=   0 T1=1023 T2= 922  P=  -1  D=  -1 
 X= 940 X2=1023  Y= 973 Y2=1019 P1=1023 P2=   0 T1=1022 T2= 915  P=  -1  D=  -1 
 X= 826 X2=1023  Y= 962 Y2=1023 P1=1023 P2=   0 T1=1023 T2= 906  P=  -1  D=  -1 
 X=1023 X2=1010  Y= 967 Y2=1020 P1=1023 P2=   0 T1=1023 T2= 912  P=  -1  D=  -1 
 X= 988 X2= 997  Y= 961 Y2=1023 P1=1023 P2=   0 T1=1023 T2= 899  P=  -1  D=  -1 
 X= 944 X2=1015  Y= 967 Y2=1022 P1=1023 P2=   0 T1=1022 T2= 899  P=  -1  D=  -1 
 X=1023 X2=1013  Y= 958 Y2=1023 P1=1023 P2=   0 T1=1022 T2= 841  P=  -1  D=  -1 
 X=1023 X2= 997  Y= 966 Y2=1021 P1=1023 P2=   0 T1=1021 T2= 875  P=  -1  D=  -1 
 X= 807 X2=1023  Y= 961 Y2=1023 P1=1023 P2=   0 T1=1023 T2= 909  P=  -1  D=  -1 
 X= 916 X2=1023  Y= 975 Y2=1021 P1=1023 P2=   0 T1=1023 T2= 913  P=  -1  D=  -1 
 X= 971 X2=1014  Y= 965 Y2=1022 P1=1023 P2=   0 T1=1023 T2= 906  P=  -1  D=  -1 
 X= 889 X2=1016  Y= 955 Y2=1023 P1=1023 P2=   0 T1=1023 T2= 890  P=  -1  D=  -1 
 X= 886 X2=1023  Y= 966 Y2=1021 P1=1023 P2=   0 T1=1023 T2= 910  P=  -1  D=  -1 
 X= 986 X2=1015  Y= 946 Y2=1021 P1=1023 P2=   0 T1=1023 T2= 893  P=  -1  D=  -1 
 X= 961 X2=1013  Y= 963 Y2=1021 P1=1023 P2=   0 T1=1021 T2= 895  P=  -1  D=  -1 
 X= 894 X2=1023  Y= 973 Y2=1020 P1=1023 P2=   0 T1=1022 T2= 902  P=  -1  D=  -1 
 X= 949 X2= 993  Y= 967 Y2=1023 P1=1023 P2=   0 T1=1023 T2= 895  P=  -1  D=  -1 
 X= 848 X2=1019  Y= 958 Y2=1023 P1=1023 P2=   0 T1=1021 T2= 901  P=  -1  D=  -1 
 X= 881 X2=1023  Y= 967 Y2=1020 P1=1023 P2=   0 T1=1021 T2= 886  P=  -1  D=  -1 
 X= 849 X2=1023  Y= 959 Y2=1023 P1=1023 P2=   0 T1=1022 T2= 877  P=  -1  D=  -1 
 X= 910 X2=1018  Y= 971 Y2=1020 P1=1023 P2=   0 T1=1021 T2= 907  P=  -1  D=  -1 
 X= 942 X2=1018  Y= 965 Y2=1022 P1=1023 P2=   0 T1=1023 T2= 867  P=  -1  D=  -1 
 X=1023 X2=1008  Y= 978 Y2=1023 P1=1023 P2=   0 T1=1022 T2= 913  P=  -1  D=  -1 
 X=1003 X2= 993  Y= 964 Y2=1022 P1=1023 P2=   0 T1=1023 T2= 908  P=  -1  D=  -1 
 X= 947 X2=1006  Y= 940 Y2=1023 P1=1023 P2=   0 T1=1023 T2= 878  P=  -1  D=  -1 
 X= 950 X2=1023  Y= 976 Y2=1020 P1=1023 P2=   0 T1=1022 T2= 894  P=  -1  D=  -1 
 X= 948 X2= 997  Y= 963 Y2=1020 P1=1023 P2=   0 T1=1023 T2= 908  P=  -1  D=  -1 
 X= 880 X2=1023  Y= 967 Y2=1023 P1=1023 P2=   0 T1=1021 T2= 901  P=  -1  D=  -1 
 X= 799 X2=1023  Y= 943 Y2=1023 P1=1023 P2=   0 T1=1023 T2= 912  P=  -1  D=  -1 
 X= 981 X2=1012  Y= 958 Y2=1023 P1=1023 P2=   0 T1=1021 T2= 927  P=  -1  D=  -1 
 X= 876 X2=1020  Y= 972 Y2=1023 P1=1023 P2=   0 T1=1022 T2= 897  P=  -1  D=  -1 
 X= 961 X2= 993  Y= 965 Y2=1021 P1=1023 P2=   0 T1=1023 T2= 904  P=  -1  D=  -1 
 X=1023 X2=1013  Y= 969 Y2=1023 P1=1023 P2=   0 T1=1021 T2= 895  P=  -1  D=  -1 
 X= 991 X2=1002  Y= 949 Y2=1022 P1=1023 P2=   0 T1=1023 T2= 875  P=  -1  D=  -1 
 X= 932 X2=1023  Y= 952 Y2=1023 P1=1023 P2=   0 T1=1023 T2= 904  P=  -1  D=  -1 
 X= 940 X2=1023  Y= 954 Y2=1022 P1=1023 P2=   0 T1=1022 T2= 886  P=  -1  D=  -1 
 X= 824 X2=1023  Y= 958 Y2=1023 P1=1023 P2=   0 T1=1023 T2= 884  P=  -1  D=  -1 
 X= 855 X2=1023  Y= 937 Y2=1023 P1=1023 P2=   0 T1=1021 T2= 904  P=  -1  D=  -1 
 X=1006 X2= 992  Y= 954 Y2=1023 P1=1023 P2=   0 T1=1021 T2= 905  P=  -1  D=  -1 
 X= 975 X2=1017  Y= 957 Y2=1022 P1=1023 P2=   0 T1=1022 T2= 872  P=  -1  D=  -1 
 X= 872 X2=1018  Y= 962 Y2=1022 P1=1023 P2=   0 T1=1021 T2= 897  P=  -1  D=  -1 
 X=1020 X2= 995  Y= 969 Y2=1020 P1=1023 P2=   0 T1=1020 T2= 841  P=  -1  D=  -1 
 X=1022 X2=1018  Y= 980 Y2=1021 P1=1023 P2=   0 T1=1023 T2= 893  P=  -1  D=  -1 
 X= 921 X2= 996  Y= 972 Y2=1021 P1=1023 P2=   0 T1=1021 T2= 815  P=  -1  D=  -1 
 X= 924 X2=1021  Y= 952 Y2=1021 P1=1023 P2=   0 T1=1020 T2= 898  P=  -1  D=  -1 
 X= 882 X2=1023  Y= 957 Y2=1021 P1=1023 P2=   0 T1=1023 T2= 916  P=  -1  D=  -1 
 X= 924 X2=1018  Y= 966 Y2=1021 P1=1023 P2=   0 T1=1023 T2= 839  P=  -1  D=  -1 
 X= 858 X2=1023  Y= 971 Y2=1020 P1=1023 P2=   0 T1=1020 T2= 908  P=  -1  D=  -1 
 X= 949 X2=1018  Y= 971 Y2=1023 P1=1023 P2=   0 T1=1023 T2= 910  P=  -1  D=  -1 
 X= 917 X2=1023  Y= 991 Y2=1022 P1=1023 P2=   0 T1=1020 T2= 881  P=  -1  D=  -1 
 X= 960 X2= 993  Y= 978 Y2=1021 P1=1023 P2=   0 T1=1021 T2= 907  P=  -1  D=  -1 
 X=1023 X2=1012  Y= 969 Y2=1020 P1=1023 P2=   0 T1=1021 T2= 884  P=  -1  D=  -1 
 X= 933 X2= 991  Y= 969 Y2=1020 P1=1023 P2=   0 T1=1021 T2= 909  P=  -1  D=  -1 
 X= 919 X2=1023  Y= 955 Y2=1023 P1=1023 P2=   0 T1=1021 T2= 919  P=  -1  D=  -1 
 X= 933 X2=1023  Y= 956 Y2=1023 P1=1023 P2=   0 T1=1023 T2= 917  P=  -1  D=  -1 
 X= 862 X2=1023  Y= 970 Y2=1021 P1=1023 P2=   0 T1=1022 T2= 880  P=  -1  D=  -1 
 X= 852 X2=1023  Y= 973 Y2=1020 P1=1023 P2=   0 T1=1020 T2= 898  P=  -1  D=  -1 
 X=1023 X2= 987  Y= 956 Y2=1023 P1=1023 P2=   0 T1=1023 T2= 891  P=  -1  D=  -1 
 X= 981 X2=1011  Y= 956 Y2=1019 P1=1023 P2=   0 T1=1022 T2= 903  P=  -1  D=  -1 
 X= 916 X2=1023  Y= 961 Y2=1023 P1=1023 P2=   0 T1=1023 T2= 940  P=  -1  D=  -1 
 X= 953 X2= 990  Y= 971 Y2=1022 P1=1023 P2=   0 T1=1023 T2= 910  P=  -1  D=  -1 
 X= 940 X2= 997  Y= 961 Y2=1021 P1=1023 P2=   0 T1=1021 T2= 904  P=  -1  D=  -1 
 X= 961 X2=1023  Y= 961 Y2=1022 P1=1023 P2=   0 T1=1021 T2= 891  P=  -1  D=  -1 
 X= 915 X2=1023  Y= 959 Y2=1020 P1=1023 P2=   0 T1=1023 T2= 898  P=  -1  D=  -1 
 X=1022 X2=1022  Y=1020 Y2=1023 P1=1023 P2=   0 T1=1023 T2=1009  P=  -1  D=  -1 
 X=1023 X2=1011  Y= 975 Y2=1021 P1=1023 P2=   0 T1=1020 T2= 912  P=  -1  D=  -1 
 X= 988 X2=1000  Y= 966 Y2=1020 P1=1023 P2=   0 T1=1021 T2= 908  P=  -1  D=  -1 
 X= 937 X2=1012  Y= 964 Y2=1022 P1=1023 P2=   0 T1=1023 T2= 908  P=  -1  D=  -1 
 X= 926 X2=1013  Y= 962 Y2=1021 P1=1023 P2=   0 T1=1023 T2= 883  P=  -1  D=  -1 
 X=1023 X2=1007  Y= 955 Y2=1023 P1=1023 P2=   0 T1=1023 T2= 866  P=  -1  D=  -1 
 X= 919 X2= 987  Y= 968 Y2=1021 P1=1015 P2=   0 T1=1022 T2= 896  P=  -1  D=  -1 
 X= 892 X2=1023  Y= 975 Y2=1021 P1=1023 P2=   0 T1=1021 T2= 914  P=  -1  D=  -1 
 X= 873 X2=1023  Y= 963 Y2=1023 P1=1023 P2=   0 T1=1021 T2= 849  P=  -1  D=  -1 
 X= 977 X2=1008  Y= 966 Y2=1021 P1=1023 P2=   0 T1=1023 T2= 870  P=  -1  D=  -1 
 X= 827 X2=1023  Y= 953 Y2=1020 P1=1023 P2=   0 T1=1023 T2= 886  P=  -1  D=  -1 
 X= 856 X2=1023  Y= 954 Y2=1023 P1=1023 P2=   0 T1=1021 T2= 895  P=  -1  D=  -1 
 X= 872 X2=1020  Y= 973 Y2=1023 P1=1023 P2=   0 T1=1021 T2= 891  P=  -1  D=  -1 
 X=1000 X2=1010  Y= 957 Y2=1021 P1=1023 P2=   0 T1=1023 T2= 885  P=  -1  D=  -1 
 X= 915 X2=1023  Y= 973 Y2=1020 P1=1023 P2=   0 T1=1023 T2= 844  P=  -1  D=  -1 
 X= 917 X2=1023  Y= 970 Y2=1020 P1=1023 P2=   0 T1=1020 T2= 878  P=  -1  D=  -1 
 X= 928 X2=1023  Y= 940 Y2=1020 P1=1023 P2=   0 T1=1023 T2= 903  P=  -1  D=  -1 
 X= 839 X2=1023  Y= 977 Y2=1021 P1=1023 P2=   0 T1=1023 T2= 888  P=  -1  D=  -1 
 X= 955 X2=1023  Y= 965 Y2=1023 P1=1023 P2=   0 T1=1023 T2= 883  P=  -1  D=  -1 
 X= 879 X2=1023  Y= 968 Y2=1021 P1=1023 P2=   0 T1=1021 T2= 891  P=  -1  D=  -1 
 X= 910 X2=1020  Y= 960 Y2=1020 P1=1023 P2=   0 T1=1023 T2= 907  P=  -1  D=  -1 
 X= 923 X2= 994  Y= 969 Y2=1023 P1=1023 P2=   0 T1=1022 T2= 889  P=  -1  D=  -1 
 X=1023 X2=1013  Y= 952 Y2=1021 P1=1023 P2=   0 T1=1023 T2= 838  P=  -1  D=  -1 
 X= 966 X2=1023  Y= 978 Y2=1021 P1=1023 P2=   0 T1=1021 T2= 925  P=  -1  D=  -1 
 X= 923 X2= 980  Y= 965 Y2=1023 P1=1023 P2=   0 T1=1021 T2= 892  P=  -1  D=  -1 
 X= 944 X2=1018  Y= 950 Y2=1023 P1=1023 P2=   0 T1=1023 T2= 887  P=  -1  D=  -1 
 X= 913 X2=1023  Y= 940 Y2=1023 P1=1023 P2=   0 T1=1022 T2= 907  P=  -1  D=  -1 
 X= 891 X2=1023  Y= 972 Y2=1021 P1=1023 P2=   0 T1=1023 T2= 874  P=  -1  D=  -1 
 X= 985 X2=1013  Y= 952 Y2=1023 P1=1023 P2=   0 T1=1023 T2= 904  P=  -1  D=  -1 
 X= 982 X2=1015  Y= 968 Y2=1021 P1=1023 P2=   0 T1=1023 T2= 899  P=  -1  D=  -1 
 X= 953 X2=1016  Y= 967 Y2=1023 P1=1023 P2=   0 T1=1020 T2= 901  P=  -1  D=  -1 
 X= 968 X2=1023  Y= 955 Y2=1020 P1=1023 P2=   0 T1=1022 T2= 907  P=  -1  D=  -1 
 X= 898 X2=1021  Y= 952 Y2=1023 P1=1023 P2=   0 T1=1021 T2= 874  P=  -1  D=  -1 
 X= 239 X2= 236  Y= 326 Y2= 318 P1= 690 P2= 190 T1=  22 T2=  21  P= 623  D=  -1 * 0
 X= 239 X2= 235  Y= 326 Y2= 318 P1= 682 P2= 193 T1=  21 T2=  21  P= 600  D=  -1 * 0
 X= 238 X2= 235  Y= 323 Y2= 317 P1= 681 P2= 194 T1=  21 T2=  22  P= 592  D=  -1 * 0
 X= 239 X2= 236  Y= 324 Y2= 317 P1= 681 P2= 194 T1=  22 T2=  21  P= 594  D=  -1 * 0
 X= 237 X2= 235  Y= 324 Y2= 317 P1= 680 P2= 194 T1=  21 T2=  21  P= 591  D=  -1 * 1
 X= 238 X2= 235  Y= 324 Y2= 317 P1= 681 P2= 194 T1=  21 T2=  21  P= 592  D=  -1 * 2
 X= 238 X2= 234  Y= 324 Y2= 317 P1= 680 P2= 195 T1=  21 T2=  22  P= 586  D=  -1 * 3
 X= 238 X2= 235  Y= 323 Y2= 318 P1= 680 P2= 195 T1=  21 T2=  22  P= 586  D=  -1 * 4
 X= 237 X2= 234  Y= 324 Y2= 317 P1= 680 P2= 195 T1=  21 T2=  21  P= 584  D=  -1 * 5
 X= 236 X2= 235  Y= 324 Y2= 317 P1= 679 P2= 195 T1=  21 T2=  21  P= 583  D=  -1 * 6
 X= 238 X2= 235  Y= 324 Y2= 317 P1= 680 P2= 195 T1=  20 T2=  21  P= 586  D=  -1 * 7
 X= 237 X2= 235  Y= 324 Y2= 317 P1= 679 P2= 195 T1=  18 T2=  21  P= 585  D=  -1 * 8
 X= 238 X2= 235  Y= 325 Y2= 317 P1= 680 P2= 195 T1=  21 T2=  22  P= 586  D=  -1 * 9
 X= 237 X2= 233  Y= 323 Y2= 317 P1= 679 P2= 195 T1=  21 T2=  23  P= 583  D=  -1 * 10
 X= 239 X2= 235  Y= 324 Y2= 317 P1= 679 P2= 195 T1=  21 T2=  22  P= 588  D=  -1 * 11
 X= 237 X2= 235  Y= 324 Y2= 317 P1= 679 P2= 196 T1=  21 T2=  22  P= 581  D=  -1 * 12
 X= 237 X2= 235  Y= 324 Y2= 316 P1= 679 P2= 195 T1=  21 T2=  21  P= 585  D=  -1 * 13
 X= 237 X2= 235  Y= 324 Y2= 317 P1= 679 P2= 195 T1=  21 T2=  21  P= 585  D=  -1 * 14
 X= 238 X2= 236  Y= 324 Y2= 317 P1= 679 P2= 195 T1=  20 T2=  21  P= 588  D=  -1 * 15
 X= 236 X2= 235  Y= 324 Y2= 317 P1= 679 P2= 195 T1=  21 T2=  20  P= 583  D=  -1 * 16
 X= 238 X2= 236  Y= 324 Y2= 317 P1= 679 P2= 195 T1=  20 T2=  21  P= 588  D=  -1 * 17
 X= 238 X2= 236  Y= 324 Y2= 317 P1= 679 P2= 196 T1=  21 T2=  20  P= 583  D=  -1 * 18
 X= 236 X2= 235  Y= 324 Y2= 317 P1= 678 P2= 195 T1=  19 T2=  20  P= 581  D=  -1 * 19
 X= 238 X2= 234  Y= 324 Y2= 317 P1= 679 P2= 196 T1=  20 T2=  20  P= 581  D=  -1 * 20
 X= 238 X2= 235  Y= 322 Y2= 317 P1= 679 P2= 195 T1=  20 T2=  22  P= 585  D=  -1 * 21
 X= 237 X2= 235  Y= 326 Y2= 317 P1= 679 P2= 195 T1=  21 T2=  21  P= 585  D=  -1 * 22
 X= 241 X2= 235  Y= 323 Y2= 317 P1= 679 P2= 195 T1=  21 T2=  21  P= 590  D=  -1 * 23
 X= 237 X2= 234  Y= 324 Y2= 317 P1= 679 P2= 195 T1=  20 T2=  22  P= 583  D=  -1 * 24
Remove Pin
 X= 237 X2= 235  Y= 323 Y2= 317 P1= 679 P2= 195 T1=  20 T2=  21  P= 585  D=  -1 * 24
 X= 238 X2= 235  Y= 324 Y2= 317 P1= 678 P2= 195 T1=  21 T2=  20  P= 584  D=  -1 * 24
 X= 237 X2= 235  Y= 324 Y2= 317 P1= 679 P2= 195 T1=  20 T2=  21  P= 585  D=  -1 * 24
 X= 237 X2= 235  Y= 324 Y2= 317 P1= 679 P2= 195 T1=  20 T2=  21  P= 585  D=  -1 * 24
 X= 237 X2= 235  Y= 324 Y2= 317 P1= 679 P2= 196 T1=  21 T2=  21  P= 581  D=  -1 * 24
 X= 237 X2= 235  Y= 323 Y2= 316 P1= 678 P2= 196 T1=  21 T2=  21  P= 580  D=  -1 * 24
 X= 238 X2= 235  Y= 324 Y2= 317 P1= 679 P2= 196 T1=  23 T2=  21  P= 581  D=  -1 * 24
 X= 237 X2= 235  Y= 323 Y2= 317 P1= 679 P2= 196 T1=  21 T2=  21  P= 581  D=  -1 * 24
 X= 237 X2= 235  Y= 324 Y2= 317 P1= 679 P2= 196 T1=  21 T2=  21  P= 581  D=  -1 * 24
 X= 236 X2= 235  Y= 324 Y2= 317 P1= 678 P2= 196 T1=  21 T2=  21  P= 577  D=  -1 * 24
 X= 237 X2= 236  Y= 324 Y2= 317 P1= 679 P2= 196 T1=  21 T2=  21  P= 581  D=  -1 * 24
 X= 237 X2= 235  Y= 322 Y2= 317 P1= 678 P2= 195 T1=  21 T2=  21  P= 584  D=  -1 * 24
 X= 238 X2= 235  Y= 324 Y2= 317 P1= 679 P2= 197 T1=  19 T2=  21  P= 577  D=  -1 * 24
 X= 237 X2= 235  Y= 324 Y2= 317 P1= 678 P2= 196 T1=  20 T2=  21  P= 580  D=  -1 * 24
 X= 238 X2= 235  Y= 323 Y2= 317 P1= 678 P2= 196 T1=  21 T2=  20  P= 580  D=  -1 * 24
 X= 238 X2= 235  Y= 324 Y2= 317 P1= 678 P2= 196 T1=  21 T2=  21  P= 580  D=  -1 * 24
 X= 238 X2= 235  Y= 324 Y2= 317 P1= 679 P2= 196 T1=  21 T2=  21  P= 581  D=  -1 * 24
 X= 237 X2= 235  Y= 324 Y2= 317 P1= 678 P2= 196 T1=  21 T2=  21  P= 580  D=  -1 * 24
 X= 237 X2= 234  Y= 324 Y2= 316 P1= 675 P2= 197 T1=  20 T2=  20  P= 570  D=  -1 * 24
 X= 946 X2=1023  Y= 963 Y2=1020 P1=1023 P2=   0 T1=1021 T2= 895  P= 570  D=  -1 
 X= 966 X2=1012  Y= 967 Y2=1021 P1=1023 P2=   0 T1=1021 T2= 925  P= 570  D=  -1 
 X= 860 X2=1023  Y= 975 Y2=1023 P1=1023 P2=   0 T1=1023 T2= 898  P= 570  D=  -1 
target state=1 point=456,22
 X= 846 X2=1023  Y= 976 Y2=1022 P1=1023 P2=   0 T1=1021 T2= 893  P= 570  D=  -1 
 X= 962 X2= 991  Y= 969 Y2=1021 P1=1023 P2=   0 T1=1021 T2= 898  P= 570  D=  -1 
 X= 885 X2=1022  Y= 958 Y2=1021 P1=1023 P2=   0 T1=1022 T2= 910  P= 570  D=  -1 
 X=1023 X2=1015  Y= 941 Y2=1019 P1=1023 P2=   0 T1=1021 T2= 916  P= 570  D=  -1 
 X= 885 X2=1023  Y= 978 Y2=1022 P1=1023 P2=   0 T1=1021 T2= 918  P= 570  D=  -1 
 X= 912 X2=1013  Y= 922 Y2=1023 P1=1023 P2=   0 T1=1023 T2= 920  P= 570  D=  -1 
 X= 851 X2=1023  Y= 966 Y2=1023 P1=1023 P2=   0 T1=1021 T2= 899  P= 570  D=  -1 
 X= 885 X2=1023  Y= 963 Y2=1020 P1=1023 P2=   0 T1=1022 T2= 921  P= 570  D=  -1 
 X=1023 X2=1008  Y= 976 Y2=1021 P1=1023 P2=   0 T1=1022 T2= 909  P= 570  D=  -1 
 X= 973 X2=1012  Y= 966 Y2=1021 P1=1023 P2=   0 T1=1021 T2= 883  P= 570  D=  -1 
 X= 914 X2=1023  Y= 967 Y2=1021 P1=1023 P2=   0 T1=1023 T2= 889  P= 570  D=  -1 
 X= 952 X2=1003  Y= 958 Y2=1020 P1=1023 P2=   0 T1=1023 T2= 906  P= 570  D=  -1 
 X= 864 X2=1023  Y= 970 Y2=1021 P1=1023 P2=   0 T1=1023 T2= 897  P= 570  D=  -1 
 X=1023 X2=1012  Y= 965 Y2=1019 P1=1023 P2=   0 T1=1023 T2= 904  P= 570  D=  -1 
 X= 937 X2=1022  Y= 965 Y2=1020 P1=1023 P2=   0 T1=1021 T2= 901  P= 570  D=  -1 
 X= 905 X2=1020  Y= 969 Y2=1021 P1=1023 P2=   0 T1=1023 T2= 895  P= 570  D=  -1 
 X= 948 X2=1023  Y= 967 Y2=1023 P1=1023 P2=   0 T1=1023 T2= 900  P= 570  D=  -1 
 X=1023 X2=1008  Y= 966 Y2=1020 P1=1023 P2=   0 T1=1023 T2= 908  P= 570  D=  -1 
 X= 890 X2=1023  Y=1021 Y2=1021 P1=1023 P2=   0 T1=1022 T2=1023  P= 570  D=  -1 
 X= 890 X2=1016  Y= 966 Y2=1023 P1=1023 P2=   0 T1=1022 T2= 912  P= 570  D=  -1 
 X= 967 X2=1019  Y= 965 Y2=1023 P1=1023 P2=   0 T1=1021 T2= 898  P= 570  D=  -1 
 X=1023 X2=1014  Y= 973 Y2=1021 P1=1023 P2=   0 T1=1023 T2= 908  P= 570  D=  -1 
 X= 771 X2=1023  Y= 965 Y2=1022 P1=1023 P2=   0 T1=1023 T2= 850  P= 570  D=  -1 
 X= 892 X2=1023  Y= 955 Y2=1023 P1=1023 P2=   0 T1=1023 T2= 902  P= 570  D=  -1 
 X= 983 X2=1014  Y= 962 Y2=1021 P1=1023 P2=   0 T1=1021 T2= 907  P= 570  D=  -1 
 X= 958 X2=1023  Y= 955 Y2=1021 P1=1023 P2=   0 T1=1023 T2= 904  P= 570  D=  -1 
 X= 932 X2=1006  Y= 955 Y2=1020 P1=1023 P2=   0 T1=1023 T2= 918  P= 570  D=  -1 
 X= 928 X2=1023  Y= 968 Y2=1019 P1=1023 P2=   0 T1=1021 T2= 888  P= 570  D=  -1 
 X= 978 X2=1010  Y= 957 Y2=1021 P1=1023 P2=   0 T1=1021 T2= 913  P= 570  D=  -1 
 X= 922 X2=1023  Y= 966 Y2=1019 P1=1023 P2=   0 T1=1021 T2= 913  P= 570  D=  -1 
 X= 953 X2=1023  Y= 972 Y2=1022 P1=1023 P2=   0 T1=1023 T2= 914  P= 570  D=  -1 
 X= 816 X2=1023  Y= 952 Y2=1023 P1=1023 P2=   0 T1=1023 T2= 888  P= 570  D=  -1 
 X= 860 X2=1023  Y= 964 Y2=1023 P1=1023 P2=   0 T1=1021 T2= 910  P= 570  D=  -1 
 X= 986 X2=1014  Y= 958 Y2=1021 P1=1023 P2=   0 T1=1023 T2= 911  P= 570  D=  -1 
 X= 870 X2=1023  Y= 937 Y2=1020 P1=1023 P2=   0 T1=1021 T2= 899  P= 570  D=  -1 
 X= 962 X2=1019  Y= 959 Y2=1023 P1=1023 P2=   0 T1=1021 T2= 896  P= 570  D=  -1 
 X= 919 X2= 994  Y= 957 Y2=1023 P1=1023 P2=   0 T1=1023 T2= 897  P= 570  D=  -1 
 X=1015 X2=1012  Y= 950 Y2=1023 P1=1023 P2=   0 T1=1020 T2= 921  P= 570  D=  -1 
 X= 889 X2=1023  Y= 958 Y2=1023 P1=1023 P2=   0 T1=1021 T2= 910  P= 570  D=  -1 
 X= 961 X2=1022  Y= 962 Y2=1023 P1=1023 P2=   0 T1=1021 T2= 904  P= 570  D=  -1 
 X= 892 X2=1017  Y= 938 Y2=1022 P1=1023 P2=   0 T1=1023 T2= 908  P= 570  D=  -1 
 X=1012 X2=1023  Y= 975 Y2=1021 P1=1023 P2=   0 T1=1023 T2= 914  P= 570  D=  -1 
 X= 906 X2=1023  Y= 965 Y2=1023 P1=1023 P2=   0 T1=1021 T2= 900  P= 570  D=  -1 
 X= 878 X2=1016  Y= 956 Y2=1022 P1=1023 P2=   0 T1=1021 T2= 900  P= 570  D=  -1 
 X= 916 X2=1021  Y= 971 Y2=1020 P1=1023 P2=   0 T1=1021 T2= 912  P= 570  D=  -1 
 X= 965 X2= 997  Y= 952 Y2=1022 P1=1023 P2=   0 T1=1023 T2= 903  P= 570  D=  -1 
 X= 948 X2= 991  Y= 969 Y2=1023 P1=1023 P2=   0 T1=1023 T2= 879  P= 570  D=  -1 
 X= 828 X2=1023  Y= 966 Y2=1023 P1=1023 P2=   0 T1=1021 T2= 885  P= 570  D=  -1 
 X= 920 X2=1023  Y= 965 Y2=1021 P1=1023 P2=   0 T1=1021 T2= 899  P= 570  D=  -1 
 X= 902 X2=1021  Y= 969 Y2=1021 P1=1023 P2=   0 T1=1023 T2= 906  P= 570  D=  -1 
 X= 920 X2=1023  Y= 973 Y2=1023 P1=1023 P2=   0 T1=1021 T2= 920  P= 570  D=  -1 
 X= 887 X2=1023  Y= 967 Y2=1021 P1=1023 P2=   0 T1=1020 T2= 888  P= 570  D=  -1 
 X= 931 X2=1023  Y= 956 Y2=1023 P1=1023 P2=   0 T1=1023 T2= 866  P= 570  D=  -1 
 X= 874 X2=1016  Y= 958 Y2=1020 P1=1023 P2=   0 T1=1020 T2= 912  P= 570  D=  -1 
 X=1009 X2= 991  Y= 971 Y2=1022 P1=1023 P2=   0 T1=1023 T2= 899  P= 570  D=  -1 
 X= 926 X2=1017  Y= 966 Y2=1022 P1=1023 P2=   0 T1=1021 T2= 893  P= 570  D=  -1 
 X= 953 X2=1023  Y= 954 Y2=1023 P1=1023 P2=   0 T1=1023 T2= 900  P= 570  D=  -1 
 X= 854 X2=1023  Y= 972 Y2=1020 P1=1023 P2=   0 T1=1021 T2= 911  P= 570  D=  -1 
 X= 941 X2=1023  Y= 965 Y2=1020 P1=1023 P2=   0 T1=1022 T2= 906  P= 570  D=  -1 
 X= 941 X2=1022  Y= 965 Y2=1023 P1=1023 P2=   0 T1=1023 T2= 925  P= 570  D=  -1 
 X= 924 X2=1021  Y= 967 Y2=1023 P1=1023 P2=   0 T1=1023 T2= 917  P= 570  D=  -1 
 X=1023 X2=1007  Y= 961 Y2=1023 P1=1023 P2=   0 T1=1021 T2= 912  P= 570  D=  -1 
 X= 909 X2=1014  Y= 958 Y2=1022 P1=1023 P2=   0 T1=1021 T2= 900  P= 570  D=  -1 
 X= 943 X2=1023  Y= 995 Y2=1021 P1=1023 P2=   0 T1=1023 T2= 890  P= 570  D=  -1 
 X= 918 X2=1023  Y= 959 Y2=1020 P1=1023 P2=   0 T1=1022 T2= 891  P= 570  D=  -1 
 X=1023 X2=1013  Y= 965 Y2=1023 P1=1023 P2=   0 T1=1023 T2= 889  P= 570  D=  -1 
 X= 839 X2=1023  Y= 977 Y2=1023 P1=1023 P2=   0 T1=1023 T2= 899  P= 570  D=  -1 
 X= 901 X2=1023  Y= 954 Y2=1018 P1=1023 P2=   0 T1=1023 T2= 882  P= 570  D=  -1 
 X= 961 X2=1005  Y= 969 Y2=1022 P1=1023 P2=   0 T1=1023 T2= 898  P= 570  D=  -1 
 X= 825 X2=1023  Y= 970 Y2=1020 P1=1023 P2=   0 T1=1020 T2= 845  P= 570  D=  -1 
 X= 911 X2=1020  Y= 961 Y2=1023 P1=1023 P2=   0 T1=1021 T2= 898  P= 570  D=  -1 
 X=1016 X2= 992  Y= 955 Y2=1020 P1=1023 P2=   0 T1=1021 T2= 897  P= 570  D=  -1 
 X= 988 X2=1012  Y= 974 Y2=1021 P1=1023 P2=   0 T1=1023 T2= 862  P= 570  D=  -1 
 X= 932 X2=1023  Y= 967 Y2=1023 P1=1023 P2=   0 T1=1020 T2= 889  P= 570  D=  -1 
 X= 952 X2=1023  Y= 962 Y2=1022 P1=1023 P2=   0 T1=1021 T2= 889  P= 570  D=  -1 
 X= 810 X2= 960  Y= 926 Y2=1021 P1=1023 P2=   0 T1=  14 T2= 906  P= 570  D=  -1 * 0
 X= 942 X2= 995  Y= 937 Y2=1022 P1=1023 P2=   0 T1=1022 T2= 921  P= 570  D=  -1 
 X= 812 X2= 833  Y= 319 Y2= 327 P1= 796 P2= 478 T1=  14 T2=  13  P= 546  D=  -1 * 0
 X= 812 X2= 811  Y= 319 Y2= 325 P1= 798 P2= 474 T1=  15 T2=  15  P= 553  D=  -1 * 0
 X= 815 X2= 815  Y= 334 Y2= 340 P1= 850 P2= 367 T1=  23 T2=  23  P= 553  D=  -1 * 0
 X= 811 X2= 810  Y= 320 Y2= 326 P1= 797 P2= 475 T1=  13 T2=  14  P= 548  D=  -1 * 1
Too Noisy!  2.041241 > 2.500000 or 5.715476 > 2.500000.  Try again.
 X= 811 X2= 810  Y= 319 Y2= 326 P1= 797 P2= 475 T1=  14 T2=  15  P= 548  D=  -1 * 2
 X= 811 X2= 810  Y= 320 Y2= 327 P1= 798 P2= 474 T1=  15 T2=  14  P= 553  D=  -1 * 2
 X= 813 X2= 809  Y= 319 Y2= 326 P1= 798 P2= 473 T1=  15 T2=  14  P= 557  D=  -1 * 2
 X= 805 X2= 810  Y= 319 Y2= 326 P1= 797 P2= 475 T1=  13 T2=  13  P= 546  D=  -1 * 2
 X= 809 X2= 808  Y= 319 Y2= 325 P1= 796 P2= 476 T1=  15 T2=  13  P= 542  D=  -1 * 2
 X= 810 X2= 809  Y= 319 Y2= 326 P1= 796 P2= 476 T1=  14 T2=  15  P= 543  D=  -1 * 2
 X= 809 X2= 809  Y= 319 Y2= 326 P1= 796 P2= 477 T1=  14 T2=  14  P= 540  D=  -1 * 2
 X= 810 X2= 809  Y= 320 Y2= 326 P1= 796 P2= 478 T1=  13 T2=  14  P= 537  D=  -1 * 2
 X= 811 X2= 808  Y= 319 Y2= 326 P1= 796 P2= 477 T1=  14 T2=  14  P= 540  D=  -1 * 2
 X= 810 X2= 809  Y= 319 Y2= 326 P1= 795 P2= 477 T1=  14 T2=  14  P= 538  D=  -1 * 2
 X= 810 X2= 810  Y= 319 Y2= 326 P1= 795 P2= 477 T1=  14 T2=  14  P= 539  D=  -1 * 2
 X= 811 X2= 809  Y= 319 Y2= 326 P1= 796 P2= 478 T1=  14 T2=  14  P= 538  D=  -1 * 2
 X= 810 X2= 809  Y= 319 Y2= 325 P1= 796 P2= 478 T1=  14 T2=  14  P= 537  D=  -1 * 2
 X= 810 X2= 807  Y= 319 Y2= 327 P1= 795 P2= 478 T1=  14 T2=  13  P= 535  D=  -1 * 2
 X= 810 X2= 809  Y= 319 Y2= 325 P1= 795 P2= 477 T1=  13 T2=  14  P= 538  D=  -1 * 2
 X= 811 X2= 809  Y= 322 Y2= 326 P1= 795 P2= 478 T1=  14 T2=  13  P= 537  D=  -1 * 2
 X= 810 X2= 809  Y= 319 Y2= 326 P1= 796 P2= 478 T1=  11 T2=  13  P= 537  D=  -1 * 2
 X= 810 X2= 809  Y= 319 Y2= 325 P1= 795 P2= 478 T1=  14 T2=  14  P= 536  D=  -1 * 2
 X= 810 X2= 809  Y= 320 Y2= 324 P1= 795 P2= 479 T1=  14 T2=  14  P= 533  D=  -1 * 2
 X= 810 X2= 810  Y= 319 Y2= 326 P1= 795 P2= 479 T1=  13 T2=  14  P= 533  D=  -1 * 2
 X= 810 X2= 809  Y= 319 Y2= 326 P1= 795 P2= 478 T1=  14 T2=  14  P= 536  D=  -1 * 2
 X= 809 X2= 809  Y= 319 Y2= 325 P1= 795 P2= 478 T1=  14 T2=  13  P= 536  D=  -1 * 2
 X= 807 X2= 809  Y= 319 Y2= 325 P1= 795 P2= 479 T1=  13 T2=  14  P= 532  D=  -1 * 2
 X= 810 X2= 808  Y= 320 Y2= 326 P1= 795 P2= 478 T1=  14 T2=  13  P= 536  D=  -1 * 2
 X= 810 X2= 809  Y= 319 Y2= 326 P1= 795 P2= 479 T1=  14 T2=  13  P= 533  D=  -1 * 2
 X= 810 X2= 809  Y= 319 Y2= 328 P1= 795 P2= 479 T1=  13 T2=  13  P= 533  D=  -1 * 2
 X= 810 X2= 810  Y= 319 Y2= 326 P1= 795 P2= 479 T1=  13 T2=  14  P= 533  D=  -1 * 2
 X= 810 X2= 808  Y= 319 Y2= 325 P1= 795 P2= 479 T1=  14 T2=  14  P= 533  D=  -1 * 2
 X= 810 X2= 809  Y= 319 Y2= 325 P1= 792 P2= 481 T1=  13 T2=  14  P= 522  D=  -1 * 2
 X= 810 X2= 809  Y= 321 Y2= 328 P1= 799 P2= 473 T1=  14 T2=  14  P= 557  D=  -1 * 2
 X= 810 X2= 809  Y= 322 Y2= 329 P1= 801 P2= 469 T1=  15 T2=  14  P= 571  D=  -1 * 2
 X= 901 X2=1021  Y= 954 Y2=1021 P1=1023 P2=   0 T1=1021 T2= 889  P= 571  D=  -1 
target state=1 point=456,22
 X= 904 X2=1023  Y= 965 Y2=1022 P1=1023 P2=   0 T1=1023 T2= 886  P= 571  D=  -1 
 X= 774 X2=1023  Y= 957 Y2=1021 P1=1023 P2=   0 T1=1021 T2= 878  P= 571  D=  -1 
 X= 981 X2= 993  Y= 946 Y2=1022 P1=1023 P2=   0 T1=1023 T2= 896  P= 571  D=  -1 
 X= 968 X2=1006  Y= 957 Y2=1021 P1=1023 P2=   0 T1=1023 T2= 878  P= 571  D=  -1 
 X= 887 X2=1023  Y= 966 Y2=1021 P1=1023 P2=   0 T1=1020 T2= 889  P= 571  D=  -1 
 X=1005 X2=1003  Y= 963 Y2=1023 P1=1023 P2=   0 T1=1023 T2= 888  P= 571  D=  -1 
 X=1013 X2=1023  Y=1020 Y2=1023 P1=1023 P2=   0 T1=1021 T2=1020  P= 571  D=  -1 
 X= 979 X2=1012  Y= 966 Y2=1022 P1=1023 P2=   0 T1=1023 T2= 888  P= 571  D=  -1 
 X= 949 X2= 988  Y= 963 Y2=1023 P1=1023 P2=   0 T1=1023 T2= 899  P= 571  D=  -1 
 X= 943 X2=1023  Y= 961 Y2=1020 P1=1023 P2=   0 T1=1022 T2= 890  P= 571  D=  -1 
 X= 812 X2=1023  Y= 947 Y2=1023 P1=1023 P2=   0 T1=1021 T2= 863  P= 571  D=  -1 
 X= 951 X2= 994  Y= 951 Y2=1020 P1=1023 P2=   0 T1=1023 T2= 878  P= 571  D=  -1 
 X= 923 X2=1021  Y= 955 Y2=1023 P1=1023 P2=   0 T1=1023 T2= 895  P= 571  D=  -1 
 X= 856 X2=1023  Y= 951 Y2=1023 P1=1023 P2=   0 T1=1021 T2= 902  P= 571  D=  -1 
 X=1021 X2=1008  Y= 969 Y2=1021 P1=1023 P2=   0 T1=1021 T2= 878  P= 571  D=  -1 
 X=1023 X2=1003  Y= 958 Y2=1023 P1=1023 P2=   0 T1=1023 T2= 899  P= 571  D=  -1 
 X= 849 X2=1023  Y= 963 Y2=1021 P1=1023 P2=   0 T1=1023 T2= 896  P= 571  D=  -1 
 X= 847 X2=1023  Y= 970 Y2=1021 P1=1023 P2=   0 T1=1023 T2= 905  P= 571  D=  -1 
 X= 970 X2=1008  Y= 963 Y2=1023 P1=1023 P2=   0 T1=1023 T2= 837  P= 571  D=  -1 
 X= 825 X2=1023  Y= 957 Y2=1023 P1=1023 P2=   0 T1=1022 T2= 907  P= 571  D=  -1 
 X= 920 X2=1022  Y= 955 Y2=1023 P1=1023 P2=   0 T1=1021 T2= 898  P= 571  D=  -1 
 X=1023 X2=1014  Y= 924 Y2=1023 P1=1023 P2=   0 T1=1020 T2= 900  P= 571  D=  -1 
 X= 986 X2=1006  Y= 961 Y2=1023 P1=1023 P2=   0 T1=1023 T2= 883  P= 571  D=  -1 
 X= 900 X2=1023  Y= 976 Y2=1023 P1=1023 P2=   0 T1=1023 T2= 879  P= 571  D=  -1 
 X= 970 X2=1001  Y= 929 Y2=1023 P1=1023 P2=   0 T1=1023 T2= 900  P= 571  D=  -1 
 X= 930 X2=1023  Y= 937 Y2=1021 P1=1023 P2=   0 T1=1023 T2= 883  P= 571  D=  -1 
 X= 900 X2=1023  Y= 960 Y2=1021 P1=1023 P2=   0 T1=1022 T2= 877  P= 571  D=  -1 
 X= 979 X2=1002  Y= 959 Y2=1020 P1=1023 P2=   0 T1=1023 T2= 904  P= 571  D=  -1 
 X= 983 X2=1018  Y= 955 Y2=1023 P1=1023 P2=   0 T1=1023 T2= 878  P= 571  D=  -1 
 X=1016 X2=1017  Y= 966 Y2=1023 P1=1023 P2=   0 T1=1023 T2= 902  P= 571  D=  -1 
 X=1023 X2=1011  Y= 956 Y2=1023 P1=1023 P2=   0 T1=1023 T2= 889  P= 571  D=  -1 
 X=1018 X2= 994  Y= 954 Y2=1023 P1=1023 P2=   0 T1=1021 T2= 868  P= 571  D=  -1 
 X= 915 X2=1023  Y= 957 Y2=1021 P1=1023 P2=   0 T1=1023 T2= 906  P= 571  D=  -1 
 X=1023 X2=1007  Y= 958 Y2=1023 P1=1023 P2=   0 T1=1023 T2= 906  P= 571  D=  -1 
 X= 916 X2=1020  Y= 964 Y2=1020 P1=1023 P2=   0 T1=1023 T2= 882  P= 571  D=  -1 
 X= 827 X2=1023  Y= 952 Y2=1020 P1=1023 P2=   0 T1=1023 T2= 915  P= 571  D=  -1 
 X= 849 X2=1023  Y= 961 Y2=1023 P1=1023 P2=   0 T1=1023 T2= 889  P= 571  D=  -1 
 X= 829 X2=1023  Y= 971 Y2=1020 P1=1023 P2=   0 T1=1021 T2= 895  P= 571  D=  -1 
 X= 858 X2=1023  Y= 964 Y2=1021 P1=1023 P2=   0 T1=1023 T2= 890  P= 571  D=  -1 
 X= 956 X2=1023  Y= 949 Y2=1021 P1=1023 P2=   0 T1=1023 T2= 868  P= 571  D=  -1 
 X= 911 X2=1021  Y= 961 Y2=1022 P1=1023 P2=   0 T1=1021 T2= 870  P= 571  D=  -1 
 X= 913 X2=1023  Y= 939 Y2=1023 P1=1023 P2=   0 T1=1022 T2= 874  P= 571  D=  -1 
 X= 941 X2=1022  Y= 966 Y2=1021 P1=1023 P2=   0 T1=1021 T2= 916  P= 571  D=  -1 
 X= 916 X2=1023  Y= 967 Y2=1023 P1=1023 P2=   0 T1=1020 T2= 872  P= 571  D=  -1 
 X= 937 X2=1020  Y= 970 Y2=1021 P1=1023 P2=   0 T1=1023 T2= 849  P= 571  D=  -1 
 X= 836 X2=1023  Y= 952 Y2=1023 P1=1023 P2=   0 T1=1023 T2= 907  P= 571  D=  -1 
 X=1023 X2=1015  Y= 952 Y2=1020 P1=1023 P2=   0 T1=1020 T2= 891  P= 571  D=  -1 
 X= 960 X2=1023  Y= 960 Y2=1023 P1=1023 P2=   0 T1=1023 T2= 886  P= 571  D=  -1 
 X= 910 X2=1023  Y= 967 Y2=1021 P1=1023 P2=   0 T1=1023 T2= 909  P= 571  D=  -1 
 X= 954 X2= 987  Y= 941 Y2=1023 P1=1023 P2=   0 T1=1021 T2= 912  P= 571  D=  -1 
 X=1023 X2=1007  Y= 969 Y2=1023 P1=1023 P2=   0 T1=1022 T2= 882  P= 571  D=  -1 
 X= 887 X2=1023  Y= 975 Y2=1023 P1=1023 P2=   0 T1=1022 T2= 889  P= 571  D=  -1 
 X= 957 X2=1023  Y= 977 Y2=1023 P1=1023 P2=   0 T1=1023 T2= 908  P= 571  D=  -1 
 X= 936 X2=1019  Y= 969 Y2=1021 P1=1023 P2=   0 T1=1023 T2= 893  P= 571  D=  -1 
 X= 796 X2=1023  Y= 958 Y2=1021 P1=1023 P2=   0 T1=1023 T2= 889  P= 571  D=  -1 
 X=1023 X2= 997  Y= 953 Y2=1023 P1=1023 P2=   0 T1=1023 T2= 897  P= 571  D=  -1 
 X=1008 X2= 996  Y= 964 Y2=1023 P1=1023 P2=   0 T1=1023 T2= 899  P= 571  D=  -1 
 X= 976 X2=1022  Y= 952 Y2=1023 P1=1023 P2=   0 T1=1021 T2= 886  P= 571  D=  -1 
 X= 908 X2=1023  Y= 963 Y2=1023 P1=1023 P2=   0 T1=1021 T2= 814  P= 571  D=  -1 
 X= 954 X2= 993  Y= 963 Y2=1023 P1=1023 P2=   0 T1=1023 T2= 871  P= 571  D=  -1 
 X= 924 X2=1023  Y= 964 Y2=1023 P1=1023 P2=   0 T1=1023 T2= 887  P= 571  D=  -1 
 X= 937 X2=1023  Y= 949 Y2=1020 P1=1023 P2=   0 T1=1022 T2= 909  P= 571  D=  -1 
 X= 969 X2=1013  Y= 959 Y2=1021 P1=1023 P2=   0 T1=1022 T2= 900  P= 571  D=  -1 
 X= 930 X2=1018  Y= 966 Y2=1021 P1=1023 P2=   0 T1=1021 T2= 901  P= 571  D=  -1 
 X= 948 X2=1012  Y= 956 Y2=1023 P1=1023 P2=   0 T1=1023 T2= 878  P= 571  D=  -1 
 X=1009 X2= 996  Y= 949 Y2=1022 P1=1023 P2=   0 T1=1021 T2= 902  P= 571  D=  -1 
 X= 996 X2=1004  Y= 967 Y2=1019 P1=1023 P2=   0 T1=1022 T2= 900  P= 571  D=  -1 
 X= 856 X2=1023  Y= 963 Y2=1023 P1=1023 P2=   0 T1=1023 T2= 925  P= 571  D=  -1 
 X=1014 X2= 992  Y= 953 Y2=1021 P1=1023 P2=   0 T1=1023 T2= 898  P= 571  D=  -1 
 X= 952 X2=1022  Y= 965 Y2=1021 P1=1023 P2=   0 T1=1023 T2= 880  P= 571  D=  -1 
 X= 825 X2=1023  Y= 960 Y2=1020 P1=1023 P2=   0 T1=1023 T2= 892  P= 571  D=  -1 
 X=1017 X2=1005  Y= 964 Y2=1023 P1=1023 P2=   0 T1=1023 T2= 890  P= 571  D=  -1 
 X= 922 X2=1018  Y= 970 Y2=1021 P1=1023 P2=   0 T1=1021 T2= 891  P= 571  D=  -1 
 X= 915 X2=1021  Y= 961 Y2=1023 P1=1023 P2=   0 T1=1023 T2= 897  P= 571  D=  -1 
 X= 906 X2=1021  Y= 954 Y2=1019 P1=1023 P2=   0 T1=1023 T2= 896  P= 571  D=  -1 
 X= 986 X2=1012  Y= 952 Y2=1021 P1=1023 P2=   0 T1=1023 T2= 899  P= 571  D=  -1 
 X= 780 X2=1023  Y= 965 Y2=1023 P1=1023 P2=   0 T1=1022 T2= 896  P= 571  D=  -1 
 X= 919 X2=1023  Y= 960 Y2=1023 P1=1023 P2=   0 T1=1023 T2= 909  P= 571  D=  -1 
 X= 947 X2=1022  Y= 954 Y2=1021 P1=1023 P2=   0 T1=1021 T2= 892  P= 571  D=  -1 
 X= 951 X2=1023  Y= 969 Y2=1023 P1=1023 P2=   0 T1=1022 T2= 868  P= 571  D=  -1 
 X= 830 X2=1023  Y= 963 Y2=1023 P1=1023 P2=   0 T1=1023 T2= 895  P= 571  D=  -1 
 X= 983 X2=1014  Y= 959 Y2=1023 P1=1023 P2=   0 T1=1021 T2= 896  P= 571  D=  -1 
 X= 815 X2=1023  Y= 936 Y2=1023 P1=1023 P2=   0 T1=1020 T2= 909  P= 571  D=  -1 
 X= 951 X2=1023  Y= 959 Y2=1021 P1=1023 P2=   0 T1=1023 T2= 892  P= 571  D=  -1 
 X=1023 X2=1013  Y= 935 Y2=1021 P1=1023 P2=   0 T1=1023 T2= 912  P= 571  D=  -1 
 X= 998 X2=1021  Y= 971 Y2=1023 P1=1023 P2=   0 T1=1023 T2= 852  P= 571  D=  -1 
 X= 911 X2=1023  Y= 965 Y2=1021 P1=1023 P2=   0 T1=1021 T2= 902  P= 571  D=  -1 
 X= 923 X2=1023  Y= 971 Y2=1023 P1=1023 P2=   0 T1=1021 T2= 912  P= 571  D=  -1 
 X= 835 X2=1023  Y= 976 Y2=1021 P1=1023 P2=   0 T1=1023 T2= 894  P= 571  D=  -1 
 X= 954 X2=1018  Y= 955 Y2=1020 P1=1023 P2=   0 T1=1022 T2= 850  P= 571  D=  -1 
 X= 926 X2=1018  Y= 964 Y2=1022 P1=1023 P2=   0 T1=1023 T2= 851  P= 571  D=  -1 
 X= 897 X2=1020  Y= 965 Y2=1020 P1=1023 P2=   0 T1=1023 T2= 914  P= 571  D=  -1 
 X= 908 X2=1023  Y= 973 Y2=1021 P1=1023 P2=   0 T1=1022 T2= 892  P= 571  D=  -1 
 X= 958 X2= 988  Y= 964 Y2=1023 P1=1023 P2=   0 T1=1023 T2= 915  P= 571  D=  -1 
 X=1023 X2=1013  Y= 968 Y2=1023 P1=1023 P2=   0 T1=1023 T2= 888  P= 571  D=  -1 
 X= 843 X2=1023  Y= 971 Y2=1020 P1=1023 P2=   0 T1=1022 T2= 903  P= 571  D=  -1 
 X= 941 X2=1022  Y= 954 Y2=1023 P1=1023 P2=   0 T1=1023 T2= 891  P= 571  D=  -1 
 X= 904 X2=1021  Y= 965 Y2=1021 P1=1023 P2=   0 T1=1023 T2= 887  P= 571  D=  -1 
 X= 906 X2=1020  Y= 968 Y2=1023 P1=1023 P2=   0 T1=1021 T2= 908  P= 571  D=  -1 
 X= 936 X2=1007  Y= 970 Y2=1023 P1=1023 P2=   0 T1=1020 T2= 922  P= 571  D=  -1 
 X= 932 X2=1018  Y= 965 Y2=1023 P1=1023 P2=   0 T1=1022 T2= 888  P= 571  D=  -1 
 X= 874 X2=1015  Y= 959 Y2=1023 P1=1023 P2=   0 T1=1021 T2= 907  P= 571  D=  -1 
 X= 909 X2=1023  Y= 965 Y2=1020 P1=1023 P2=   0 T1=1021 T2= 821  P= 571  D=  -1 
 X=1002 X2= 996  Y= 963 Y2=1023 P1=1023 P2=   0 T1=1023 T2= 912  P= 571  D=  -1 
 X= 850 X2=1023  Y= 968 Y2=1021 P1=1023 P2=   0 T1=1021 T2= 900  P= 571  D=  -1 
 X= 899 X2=1023  Y= 971 Y2=1023 P1=1023 P2=   0 T1=1023 T2= 823  P= 571  D=  -1 
 X= 988 X2=1013  Y= 946 Y2=1021 P1=1023 P2=   0 T1=1022 T2= 892  P= 571  D=  -1 
 X=1001 X2=1023  Y=1020 Y2=1023 P1=1023 P2=   0 T1=1023 T2=1018  P= 571  D=  -1 
 X=1023 X2=1011  Y= 932 Y2=1023 P1=1023 P2=   0 T1=1022 T2= 908  P= 571  D=  -1 
 X=1009 X2= 995  Y= 967 Y2=1023 P1=1023 P2=   0 T1=1021 T2= 894  P= 571  D=  -1 
 X= 812 X2= 811  Y= 319 Y2= 327 P1= 793 P2= 485 T1=  13 T2=  13  P= 514  D=  -1 * 0
 X= 954 X2=1023  Y= 929 Y2=1023 P1=1023 P2=   0 T1=1020 T2= 888  P= 514  D=  -1 
 X= 810 X2= 810  Y= 320 Y2= 326 P1= 798 P2= 473 T1=  14 T2=  14  P= 556  D=  -1 * 0
 X= 811 X2= 810  Y= 320 Y2= 327 P1= 799 P2= 472 T1=  14 T2=  15  P= 560  D=  -1 * 0
 X= 811 X2= 808  Y= 320 Y2= 326 P1= 798 P2= 473 T1=  16 T2=  15  P= 555  D=  -1 * 0
 X= 811 X2= 809  Y= 320 Y2= 327 P1= 797 P2= 475 T1=  15 T2=  14  P= 548  D=  -1 * 1
 X= 811 X2= 809  Y= 320 Y2= 327 P1= 797 P2= 476 T1=  13 T2=  14  P= 545  D=  -1 * 2
 X= 810 X2= 810  Y= 320 Y2= 326 P1= 797 P2= 475 T1=  14 T2=  14  P= 548  D=  -1 * 3
 X= 812 X2= 809  Y= 322 Y2= 326 P1= 797 P2= 476 T1=  13 T2=  14  P= 545  D=  -1 * 4
 X= 813 X2= 809  Y= 320 Y2= 326 P1= 796 P2= 476 T1=  14 T2=  14  P= 544  D=  -1 * 5
 X= 811 X2= 809  Y= 319 Y2= 326 P1= 797 P2= 476 T1=  13 T2=  14  P= 545  D=  -1 * 6
 X= 810 X2= 809  Y= 320 Y2= 326 P1= 795 P2= 476 T1=  13 T2=  12  P= 542  D=  -1 * 7
 X= 811 X2= 809  Y= 319 Y2= 326 P1= 796 P2= 476 T1=  14 T2=  13  P= 544  D=  -1 * 8
 X= 810 X2= 810  Y= 321 Y2= 327 P1= 796 P2= 476 T1=  14 T2=  15  P= 544  D=  -1 * 9
 X= 811 X2= 808  Y= 320 Y2= 327 P1= 797 P2= 476 T1=  14 T2=  14  P= 545  D=  -1 * 10
 X= 810 X2= 809  Y= 320 Y2= 327 P1= 796 P2= 476 T1=  13 T2=  12  P= 543  D=  -1 * 11
 X= 810 X2= 809  Y= 320 Y2= 326 P1= 796 P2= 477 T1=  14 T2=  14  P= 540  D=  -1 * 12
 X= 810 X2= 809  Y= 320 Y2= 326 P1= 796 P2= 477 T1=  13 T2=  14  P= 540  D=  -1 * 13
 X= 811 X2= 809  Y= 320 Y2= 327 P1= 796 P2= 477 T1=  15 T2=  14  P= 541  D=  -1 * 14
 X= 810 X2= 810  Y= 320 Y2= 327 P1= 796 P2= 477 T1=  14 T2=  14  P= 541  D=  -1 * 15
 X= 811 X2= 808  Y= 320 Y2= 326 P1= 796 P2= 477 T1=  14 T2=  14  P= 540  D=  -1 * 16
 X= 810 X2= 809  Y= 320 Y2= 325 P1= 796 P2= 477 T1=  13 T2=  14  P= 540  D=  -1 * 17
 X= 809 X2= 811  Y= 320 Y2= 324 P1= 796 P2= 477 T1=  14 T2=  14  P= 541  D=  -1 * 18
 X= 811 X2= 811  Y= 320 Y2= 326 P1= 796 P2= 477 T1=  13 T2=  12  P= 541  D=  -1 * 19
 X= 810 X2= 809  Y= 319 Y2= 326 P1= 796 P2= 478 T1=  14 T2=  14  P= 537  D=  -1 * 20
 X= 810 X2= 810  Y= 319 Y2= 326 P1= 796 P2= 477 T1=  13 T2=  14  P= 541  D=  -1 * 21
 X= 811 X2= 808  Y= 319 Y2= 327 P1= 796 P2= 476 T1=  13 T2=  14  P= 543  D=  -1 * 22
 X= 811 X2= 809  Y= 320 Y2= 326 P1= 795 P2= 478 T1=  13 T2=  14  P= 537  D=  -1 * 23
 X= 808 X2= 810  Y= 321 Y2= 326 P1= 796 P2= 478 T1=  14 T2=  14  P= 537  D=  -1 * 24
Remove Pin
 X= 812 X2= 809  Y= 319 Y2= 327 P1= 796 P2= 478 T1=  13 T2=  14  P= 538  D=  -1 * 24
 X= 811 X2= 809  Y= 320 Y2= 326 P1= 796 P2= 478 T1=  14 T2=  14  P= 538  D=  -1 * 24
 X= 810 X2= 810  Y= 322 Y2= 326 P1= 796 P2= 477 T1=  14 T2=  14  P= 541  D=  -1 * 24
 X= 810 X2= 809  Y= 321 Y2= 326 P1= 796 P2= 478 T1=  14 T2=  14  P= 537  D=  -1 * 24
 X= 811 X2= 810  Y= 320 Y2= 326 P1= 796 P2= 477 T1=  14 T2=  15  P= 541  D=  -1 * 24
 X= 810 X2= 809  Y= 320 Y2= 327 P1= 796 P2= 477 T1=  14 T2=  14  P= 540  D=  -1 * 24
 X= 811 X2= 809  Y= 320 Y2= 326 P1= 796 P2= 478 T1=  14 T2=  14  P= 538  D=  -1 * 24
 X= 811 X2= 810  Y= 320 Y2= 327 P1= 796 P2= 478 T1=  13 T2=  15  P= 538  D=  -1 * 24
 X= 811 X2= 809  Y= 326 Y2= 347 P1= 874 P2= 261 T1=  14 T2= 871  P= 538  D=  -1 * 24
 X= 824 X2=1023  Y= 957 Y2=1023 P1=1023 P2=   0 T1=1022 T2= 879  P= 538  D=  -1 
 X= 867 X2=1023  Y= 962 Y2=1020 P1=1023 P2=   0 T1=1023 T2= 869  P= 538  D=  -1 
 X= 892 X2=1023  Y= 953 Y2=1021 P1=1023 P2=   0 T1=1023 T2= 880  P= 538  D=  -1 
target state=2 point=456,249
 X= 897 X2=1023  Y= 971 Y2=1020 P1=1023 P2=   0 T1=1021 T2= 873  P= 538  D=  -1 
 X= 929 X2=1023  Y= 933 Y2=1023 P1=1023 P2=   0 T1=1021 T2= 907  P= 538  D=  -1 
 X=1023 X2=1012  Y= 962 Y2=1021 P1=1023 P2=   0 T1=1022 T2= 900  P= 538  D=  -1 
 X= 990 X2=1013  Y= 969 Y2=1022 P1=1023 P2=   0 T1=1023 T2= 904  P= 538  D=  -1 
 X= 898 X2=1023  Y= 963 Y2=1021 P1=1023 P2=   0 T1=1023 T2= 874  P= 538  D=  -1 
 X= 959 X2= 997  Y= 965 Y2=1023 P1=1023 P2=   0 T1=1023 T2= 893  P= 538  D=  -1 
 X=1023 X2=1004  Y= 961 Y2=1023 P1=1023 P2=   0 T1=1022 T2= 894  P= 538  D=  -1 
 X= 848 X2=1023  Y= 968 Y2=1023 P1=1023 P2=   0 T1=1023 T2= 894  P= 538  D=  -1 
 X= 939 X2=1023  Y= 965 Y2=1023 P1=1023 P2=   0 T1=1023 T2= 890  P= 538  D=  -1 
 X= 955 X2=1013  Y= 960 Y2=1022 P1=1023 P2=   0 T1=1022 T2= 901  P= 538  D=  -1 
 X= 950 X2=1021  Y= 962 Y2=1020 P1=1023 P2=   0 T1=1023 T2= 869  P= 538  D=  -1 
 X= 935 X2=1000  Y= 936 Y2=1022 P1=1023 P2=   0 T1=1023 T2= 915  P= 538  D=  -1 
 X=1023 X2= 993  Y= 965 Y2=1022 P1=1023 P2=   0 T1=1023 T2= 894  P= 538  D=  -1 
 X= 949 X2=1023  Y= 961 Y2=1023 P1=1023 P2=   0 T1=1021 T2= 827  P= 538  D=  -1 
 X= 961 X2=1023  Y= 953 Y2=1021 P1=1023 P2=   0 T1=1023 T2= 871  P= 538  D=  -1 
 X=1002 X2=1006  Y= 928 Y2=1020 P1=1023 P2=   0 T1=1023 T2= 907  P= 538  D=  -1 
 X= 921 X2=1023  Y= 965 Y2=1021 P1=1023 P2=   0 T1=1021 T2= 898  P= 538  D=  -1 
 X= 843 X2=1023  Y= 949 Y2=1021 P1=1023 P2=   0 T1=1021 T2= 881  P= 538  D=  -1 
 X= 994 X2= 996  Y= 972 Y2=1020 P1=1023 P2=   0 T1=1023 T2= 886  P= 538  D=  -1 
 X= 909 X2=1021  Y= 966 Y2=1021 P1=1023 P2=   0 T1=1022 T2= 880  P= 538  D=  -1 
 X= 946 X2=1022  Y= 961 Y2=1022 P1=1023 P2=   0 T1=1023 T2= 882  P= 538  D=  -1 
 X=1023 X2=1009  Y= 968 Y2=1020 P1=1023 P2=   0 T1=1021 T2= 893  P= 538  D=  -1 
 X= 966 X2=1015  Y= 959 Y2=1020 P1=1023 P2=   0 T1=1023 T2= 888  P= 538  D=  -1 
 X= 915 X2=1023  Y= 969 Y2=1023 P1=1023 P2=   0 T1=1023 T2= 912  P= 538  D=  -1 
 X= 932 X2=1023  Y= 961 Y2=1021 P1=1023 P2=   0 T1=1021 T2= 886  P= 538  D=  -1 
 X= 882 X2=1017  Y= 951 Y2=1020 P1=1022 P2=   0 T1=1023 T2= 906  P= 538  D=  -1 
 X= 812 X2=1023  Y= 950 Y2=1021 P1=1023 P2=   0 T1=1023 T2= 897  P= 538  D=  -1 
 X= 948 X2=1023  Y= 950 Y2=1023 P1=1023 P2=   0 T1=1021 T2= 889  P= 538  D=  -1 
 X= 956 X2=1012  Y= 946 Y2=1023 P1=1023 P2=   0 T1=1022 T2= 898  P= 538  D=  -1 
 X= 939 X2=1023  Y= 957 Y2=1023 P1=1023 P2=   0 T1=1021 T2= 911  P= 538  D=  -1 
 X= 941 X2=1023  Y= 919 Y2=1021 P1=1023 P2=   0 T1=1022 T2= 819  P= 538  D=  -1 
 X=1023 X2=1013  Y= 944 Y2=1022 P1=1023 P2=   0 T1=1021 T2= 873  P= 538  D=  -1 
 X= 848 X2=1023  Y= 934 Y2=1023 P1=1023 P2=   0 T1=1021 T2= 900  P= 538  D=  -1 
 X= 907 X2=1023  Y= 962 Y2=1022 P1=1023 P2=   0 T1=1021 T2= 898  P= 538  D=  -1 
 X= 926 X2=1017  Y= 953 Y2=1021 P1=1023 P2=   0 T1=1023 T2= 873  P= 538  D=  -1 
 X= 975 X2=1023  Y= 961 Y2=1020 P1=1023 P2=   0 T1=1023 T2= 895  P= 538  D=  -1 
 X= 926 X2=1003  Y= 966 Y2=1023 P1=1023 P2=   0 T1=1020 T2= 844  P= 538  D=  -1 
 X= 978 X2=1014  Y= 961 Y2=1022 P1=1023 P2=   0 T1=1023 T2= 887  P= 538  D=  -1 
 X= 933 X2=1016  Y= 953 Y2=1021 P1=1023 P2=   0 T1=1021 T2= 889  P= 538  D=  -1 
 X=1023 X2=1010  Y= 965 Y2=1021 P1=1023 P2=   0 T1=1023 T2= 898  P= 538  D=  -1 
 X= 907 X2=1010  Y= 955 Y2=1020 P1=1023 P2=   0 T1=1023 T2= 896  P= 538  D=  -1 
 X= 828 X2=1023  Y= 963 Y2=1021 P1=1023 P2=   0 T1=1023 T2= 866  P= 538  D=  -1 
 X= 896 X2=1023  Y= 968 Y2=1020 P1=1023 P2=   0 T1=1021 T2= 889  P= 538  D=  -1 
 X=1023 X2=1013  Y= 963 Y2=1020 P1=1023 P2=   0 T1=1022 T2= 888  P= 538  D=  -1 
 X= 930 X2=1023  Y= 963 Y2=1021 P1=1023 P2=   0 T1=1023 T2= 887  P= 538  D=  -1 
 X= 855 X2=1023  Y= 959 Y2=1023 P1=1023 P2=   0 T1=1021 T2= 898  P= 538  D=  -1 
 X=1023 X2=1013  Y= 941 Y2=1020 P1=1023 P2=   0 T1=1019 T2= 892  P= 538  D=  -1 
 X= 987 X2=1012  Y= 962 Y2=1021 P1=1023 P2=   0 T1=1022 T2= 907  P= 538  D=  -1 
 X= 952 X2= 987  Y= 945 Y2=1023 P1=1023 P2=   0 T1=1021 T2= 898  P= 538  D=  -1 
 X= 947 X2= 990  Y= 968 Y2=1023 P1=1023 P2=   0 T1=1021 T2= 898  P= 538  D=  -1 
 X=1009 X2=1002  Y= 967 Y2=1021 P1=1023 P2=   0 T1=1020 T2= 895  P= 538  D=  -1 
 X= 880 X2=1023  Y= 959 Y2=1021 P1=1023 P2=   0 T1=1023 T2= 884  P= 538  D=  -1 
 X= 808 X2= 808  Y= 708 Y2= 714 P1= 906 P2= 550 T1=  14 T2=  12  P= 522  D=  -1 * 0
 X= 896 X2=1016  Y= 965 Y2=1020 P1=1023 P2=   0 T1=1021 T2= 897  P= 522  D=  -1 
 X= 807 X2= 808  Y= 710 Y2= 714 P1= 907 P2= 546 T1=  14 T2=  13  P= 533  D=  -1 * 0
 X= 810 X2= 808  Y= 710 Y2= 713 P1= 908 P2= 540 T1=  14 T2=  14  P= 550  D=  -1 * 0
 X= 808 X2= 809  Y= 709 Y2= 713 P1= 908 P2= 541 T1=  14 T2=  14  P= 547  D=  -1 * 0
 X= 807 X2= 809  Y= 709 Y2= 714 P1= 907 P2= 541 T1=  15 T2=  14  P= 546  D=  -1 * 1
 X= 808 X2= 809  Y= 709 Y2= 713 P1= 907 P2= 542 T1=  14 T2=  13  P= 543  D=  -1 * 2
 X= 808 X2= 808  Y= 709 Y2= 714 P1= 907 P2= 542 T1=  14 T2=  14  P= 543  D=  -1 * 3
 X= 807 X2= 809  Y= 710 Y2= 714 P1= 907 P2= 542 T1=  14 T2=  14  P= 543  D=  -1 * 4
 X= 807 X2= 808  Y= 710 Y2= 713 P1= 907 P2= 543 T1=  14 T2=  14  P= 540  D=  -1 * 5
 X= 807 X2= 808  Y= 709 Y2= 713 P1= 907 P2= 544 T1=  14 T2=  14  P= 538  D=  -1 * 6
 X= 808 X2= 808  Y= 709 Y2= 714 P1= 907 P2= 543 T1=  15 T2=  13  P= 541  D=  -1 * 7
 X= 808 X2= 809  Y= 709 Y2= 713 P1= 907 P2= 544 T1=  15 T2=  14  P= 538  D=  -1 * 8
 X= 809 X2= 807  Y= 710 Y2= 712 P1= 907 P2= 544 T1=  14 T2=  14  P= 538  D=  -1 * 9
 X= 807 X2= 808  Y= 709 Y2= 713 P1= 906 P2= 544 T1=  14 T2=  14  P= 536  D=  -1 * 10
 X= 808 X2= 809  Y= 710 Y2= 713 P1= 907 P2= 544 T1=  14 T2=  15  P= 538  D=  -1 * 11
 X= 807 X2= 808  Y= 710 Y2= 714 P1= 907 P2= 544 T1=  14 T2=  14  P= 538  D=  -1 * 12
 X= 805 X2= 808  Y= 709 Y2= 713 P1= 907 P2= 544 T1=  14 T2=  14  P= 537  D=  -1 * 13
 X= 808 X2= 810  Y= 709 Y2= 714 P1= 907 P2= 544 T1=  14 T2=  14  P= 539  D=  -1 * 14
 X= 807 X2= 808  Y= 711 Y2= 713 P1= 907 P2= 544 T1=  14 T2=  14  P= 538  D=  -1 * 15
 X= 807 X2= 808  Y= 710 Y2= 714 P1= 907 P2= 544 T1=  13 T2=  14  P= 538  D=  -1 * 16
 X= 807 X2= 809  Y= 710 Y2= 713 P1= 907 P2= 544 T1=  13 T2=  13  P= 538  D=  -1 * 17
 X= 806 X2= 808  Y= 710 Y2= 714 P1= 907 P2= 544 T1=  14 T2=  14  P= 538  D=  -1 * 18
 X= 807 X2= 808  Y= 709 Y2= 714 P1= 907 P2= 544 T1=  14 T2=  15  P= 538  D=  -1 * 19
 X= 806 X2= 808  Y= 709 Y2= 714 P1= 906 P2= 544 T1=  13 T2=  13  P= 536  D=  -1 * 20
 X= 807 X2= 809  Y= 710 Y2= 714 P1= 906 P2= 544 T1=  14 T2=  14  P= 537  D=  -1 * 21
 X= 808 X2= 808  Y= 710 Y2= 714 P1= 907 P2= 545 T1=  14 T2=  14  P= 536  D=  -1 * 22
 X= 808 X2= 808  Y= 709 Y2= 713 P1= 906 P2= 544 T1=  15 T2=  14  P= 537  D=  -1 * 23
 X= 807 X2= 809  Y= 709 Y2= 713 P1= 907 P2= 544 T1=  14 T2=  16  P= 538  D=  -1 * 24
Remove Pin
 X= 807 X2= 808  Y= 710 Y2= 713 P1= 907 P2= 544 T1=  13 T2=  16  P= 538  D=  -1 * 24
 X= 807 X2= 809  Y= 709 Y2= 714 P1= 907 P2= 544 T1=  13 T2=  14  P= 538  D=  -1 * 24
 X= 807 X2= 808  Y= 711 Y2= 714 P1= 907 P2= 544 T1=  14 T2=  14  P= 538  D=  -1 * 24
 X= 808 X2= 807  Y= 709 Y2= 714 P1= 907 P2= 544 T1=  13 T2=  13  P= 538  D=  -1 * 24
 X= 807 X2= 810  Y= 709 Y2= 714 P1= 907 P2= 544 T1=  14 T2=  14  P= 538  D=  -1 * 24
 X= 807 X2= 809  Y= 710 Y2= 713 P1= 907 P2= 545 T1=  14 T2=  14  P= 536  D=  -1 * 24
 X= 807 X2= 808  Y= 710 Y2= 714 P1= 907 P2= 546 T1=  14 T2=  14  P= 533  D=  -1 * 24
 X= 808 X2= 810  Y= 709 Y2= 713 P1= 920 P2= 462 T1=  15 T2=  21  P= 533  D=  -1 * 24
 X= 862 X2=1023  Y= 959 Y2=1023 P1=1023 P2=   0 T1=1022 T2= 876  P= 533  D=  -1 
 X= 968 X2=1001  Y= 951 Y2=1021 P1=1023 P2=   0 T1=1023 T2= 887  P= 533  D=  -1 
 X= 903 X2=1021  Y= 960 Y2=1020 P1=1023 P2=   0 T1=1023 T2= 895  P= 533  D=  -1 
target state=3 point=23,249
 X= 876 X2=1023  Y= 943 Y2=1023 P1=1023 P2=   0 T1=1021 T2= 866  P= 533  D=  -1 
 X= 947 X2= 987  Y= 968 Y2=1022 P1=1023 P2=   0 T1=1022 T2= 894  P= 533  D=  -1 
 X=1023 X2=1008  Y= 960 Y2=1021 P1=1023 P2=   0 T1=1021 T2= 880  P= 533  D=  -1 
 X= 839 X2=1023  Y= 950 Y2=1020 P1=1023 P2=   0 T1=1020 T2= 896  P= 533  D=  -1 
 X= 870 X2=1023  Y= 963 Y2=1021 P1=1023 P2=   0 T1=1022 T2= 897  P= 533  D=  -1 
 X= 948 X2=1012  Y= 956 Y2=1022 P1=1023 P2=   0 T1=1023 T2= 904  P= 533  D=  -1 
 X= 922 X2=1020  Y= 966 Y2=1021 P1=1023 P2=   0 T1=1023 T2= 915  P= 533  D=  -1 
 X= 866 X2=1023  Y= 958 Y2=1020 P1=1023 P2=   0 T1=1021 T2= 890  P= 533  D=  -1 
 X=1021 X2=1013  Y= 962 Y2=1023 P1=1023 P2=   0 T1=1023 T2= 911  P= 533  D=  -1 
 X= 959 X2=1012  Y= 961 Y2=1023 P1=1023 P2=   0 T1=1022 T2= 911  P= 533  D=  -1 
 X= 928 X2=1023  Y= 961 Y2=1023 P1=1023 P2=   0 T1=1021 T2= 890  P= 533  D=  -1 
 X= 927 X2= 992  Y= 935 Y2=1021 P1=1023 P2=   0 T1=1022 T2= 897  P= 533  D=  -1 
 X= 902 X2=1023  Y= 963 Y2=1023 P1=1023 P2=   0 T1=1021 T2= 906  P= 533  D=  -1 
 X= 878 X2=1023  Y= 958 Y2=1023 P1=1023 P2=   0 T1=1023 T2= 882  P= 533  D=  -1 
 X= 919 X2=1023  Y= 956 Y2=1020 P1=1023 P2=   0 T1=1021 T2= 894  P= 533  D=  -1 
 X= 870 X2=1018  Y= 966 Y2=1023 P1=1023 P2=   0 T1=1020 T2= 891  P= 533  D=  -1 
 X= 857 X2=1023  Y= 967 Y2=1021 P1=1023 P2=   0 T1=1023 T2= 909  P= 533  D=  -1 
 X=1023 X2=1004  Y= 964 Y2=1021 P1=1023 P2=   0 T1=1021 T2= 901  P= 533  D=  -1 
 X= 994 X2=1007  Y= 958 Y2=1023 P1=1023 P2=   0 T1=1023 T2= 896  P= 533  D=  -1 
 X= 868 X2=1023  Y= 960 Y2=1020 P1=1023 P2=   0 T1=1022 T2= 878  P= 533  D=  -1 
 X= 941 X2=1023  Y= 962 Y2=1023 P1=1023 P2=   0 T1=1023 T2= 902  P= 533  D=  -1 
 X= 945 X2=1023  Y= 973 Y2=1023 P1=1023 P2=   0 T1=1023 T2= 876  P= 533  D=  -1 
 X= 828 X2=1023  Y= 964 Y2=1023 P1=1023 P2=   0 T1=1023 T2= 903  P= 533  D=  -1 
 X= 856 X2=1023  Y= 953 Y2=1020 P1=1023 P2=   0 T1=1023 T2= 910  P= 533  D=  -1 
 X= 881 X2=1017  Y= 970 Y2=1021 P1=1023 P2=   0 T1=1023 T2= 882  P= 533  D=  -1 
 X= 872 X2=1018  Y= 964 Y2=1022 P1=1023 P2=   0 T1=1021 T2= 899  P= 533  D=  -1 
 X= 904 X2= 993  Y= 965 Y2=1023 P1=1023 P2=   0 T1=1021 T2= 893  P= 533  D=  -1 
 X=1023 X2=1014  Y= 969 Y2=1023 P1=1023 P2=   0 T1=1022 T2= 877  P= 533  D=  -1 
 X= 889 X2=1021  Y= 968 Y2=1020 P1=1023 P2=   0 T1=1020 T2= 909  P= 533  D=  -1 
 X= 922 X2=1023  Y= 981 Y2=1021 P1=1023 P2=   0 T1=1021 T2= 898  P= 533  D=  -1 
 X= 948 X2=1023  Y= 967 Y2=1019 P1=1023 P2=   0 T1=1021 T2= 916  P= 533  D=  -1 
 X= 927 X2=1023  Y= 957 Y2=1023 P1=1023 P2=   0 T1=1023 T2= 896  P= 533  D=  -1 
 X= 821 X2=1023  Y= 962 Y2=1023 P1=1023 P2=   0 T1=1023 T2= 884  P= 533  D=  -1 
 X= 967 X2=1001  Y= 964 Y2=1023 P1=1023 P2=   0 T1=1023 T2= 890  P= 533  D=  -1 
 X= 952 X2=1013  Y= 971 Y2=1021 P1=1023 P2=   0 T1=1022 T2= 912  P= 533  D=  -1 
 X= 804 X2=1023  Y= 965 Y2=1020 P1=1023 P2=   0 T1=1021 T2= 887  P= 533  D=  -1 
 X=1023 X2=1005  Y= 954 Y2=1020 P1=1023 P2=   0 T1=1022 T2= 893  P= 533  D=  -1 
 X=1008 X2= 992  Y= 961 Y2=1020 P1=1023 P2=   0 T1=1022 T2= 896  P= 533  D=  -1 
 X= 900 X2=1023  Y= 974 Y2=1020 P1=1023 P2=   0 T1=1023 T2= 913  P= 533  D=  -1 
 X= 903 X2=1023  Y= 958 Y2=1023 P1=1023 P2=   0 T1=1023 T2= 918  P= 533  D=  -1 
 X= 940 X2=1022  Y= 965 Y2=1023 P1=1023 P2=   0 T1=1023 T2= 892  P= 533  D=  -1 
 X= 806 X2=1023  Y= 964 Y2=1021 P1=1023 P2=   0 T1=1023 T2= 903  P= 533  D=  -1 
 X= 931 X2=1023  Y= 968 Y2=1022 P1=1023 P2=   0 T1=1021 T2= 917  P= 533  D=  -1 
 X= 982 X2=1012  Y= 958 Y2=1020 P1=1023 P2=   0 T1=1023 T2= 892  P= 533  D=  -1 
 X=1023 X2=1018  Y= 950 Y2=1021 P1=1023 P2=   0 T1=1023 T2= 902  P= 533  D=  -1 
 X= 932 X2=1018  Y= 975 Y2=1021 P1=1023 P2=   0 T1=1021 T2= 921  P= 533  D=  -1 
 X= 959 X2=1023  Y= 965 Y2=1023 P1=1023 P2=   0 T1=1021 T2= 876  P= 533  D=  -1 
 X= 889 X2=1023  Y= 948 Y2=1021 P1=1023 P2=   0 T1=1023 T2= 900  P= 533  D=  -1 
 X= 873 X2=1023  Y= 967 Y2=1020 P1=1023 P2=   0 T1=1022 T2= 898  P= 533  D=  -1 
 X= 926 X2=1023  Y= 959 Y2=1021 P1=1023 P2=   0 T1=1021 T2= 906  P= 533  D=  -1 
 X= 954 X2=1023  Y= 982 Y2=1022 P1=1023 P2=   0 T1=1021 T2= 898  P= 533  D=  -1 
 X= 830 X2=1023  Y= 953 Y2=1023 P1=1023 P2=   0 T1=1021 T2= 819  P= 533  D=  -1 
 X=1023 X2=1004  Y= 955 Y2=1020 P1=1023 P2=   0 T1=1023 T2= 880  P= 533  D=  -1 
 X= 992 X2=1009  Y= 967 Y2=1021 P1=1023 P2=   0 T1=1023 T2= 883  P= 533  D=  -1 
 X= 893 X2=1023  Y= 966 Y2=1019 P1=1023 P2=   0 T1=1022 T2= 899  P= 533  D=  -1 
 X= 947 X2= 990  Y= 964 Y2=1023 P1=1023 P2=   0 T1=1023 T2= 909  P= 533  D=  -1 
 X= 927 X2=1023  Y=1018 Y2=1020 P1=1023 P2=   0 T1=1021 T2=1001  P= 533  D=  -1 
 X=1023 X2=1014  Y= 963 Y2=1023 P1=1023 P2=   0 T1=1022 T2= 901  P= 533  D=  -1 
 X= 911 X2=1023  Y= 962 Y2=1021 P1=1023 P2=   0 T1=1020 T2= 898  P= 533  D=  -1 
 X= 937 X2=1020  Y= 970 Y2=1023 P1=1023 P2=   0 T1=1023 T2= 912  P= 533  D=  -1 
 X= 960 X2=1023  Y= 961 Y2=1021 P1=1023 P2=   0 T1=1023 T2= 914  P= 533  D=  -1 
 X=1023 X2=1009  Y= 948 Y2=1021 P1=1023 P2=   0 T1=1021 T2= 897  P= 533  D=  -1 
 X= 994 X2=1002  Y= 960 Y2=1021 P1=1023 P2=   0 T1=1022 T2= 921  P= 533  D=  -1 
 X= 937 X2= 997  Y= 961 Y2=1021 P1=1023 P2=   0 T1=1023 T2= 895  P= 533  D=  -1 
 X= 960 X2=1022  Y= 962 Y2=1023 P1=1023 P2=   0 T1=1023 T2= 899  P= 533  D=  -1 
 X= 952 X2= 995  Y= 968 Y2=1023 P1=1023 P2=   0 T1=1022 T2= 897  P= 533  D=  -1 
 X=1018 X2=1022  Y=1021 Y2=1021 P1=1023 P2=   0 T1=1023 T2=1022  P= 533  D=  -1 
 X= 973 X2=1012  Y= 959 Y2=1020 P1=1023 P2=   0 T1=1022 T2= 901  P= 533  D=  -1 
 X= 867 X2=1015  Y= 962 Y2=1021 P1=1023 P2=   0 T1=1023 T2= 895  P= 533  D=  -1 
 X= 902 X2=1023  Y= 967 Y2=1023 P1=1023 P2=   0 T1=1020 T2= 849  P= 533  D=  -1 
 X= 902 X2=1017  Y= 971 Y2=1023 P1=1023 P2=   0 T1=1023 T2= 879  P= 533  D=  -1 
 X= 938 X2=1023  Y= 957 Y2=1015 P1=1023 P2=   0 T1=1023 T2= 869  P= 533  D=  -1 
 X= 976 X2=1012  Y= 957 Y2=1023 P1=1023 P2=   0 T1=1023 T2= 884  P= 533  D=  -1 
 X= 965 X2=1022  Y= 964 Y2=1023 P1=1023 P2=   0 T1=1023 T2= 903  P= 533  D=  -1 
 X= 951 X2= 994  Y= 965 Y2=1021 P1=1023 P2=   0 T1=1022 T2= 897  P= 533  D=  -1 
 X= 959 X2=1023  Y= 967 Y2=1021 P1=1023 P2=   0 T1=1023 T2= 845  P= 533  D=  -1 
 X= 882 X2=1023  Y= 967 Y2=1021 P1=1023 P2=   0 T1=1022 T2= 894  P= 533  D=  -1 
 X= 904 X2=1019  Y= 955 Y2=1023 P1=1023 P2=   0 T1=1023 T2= 890  P= 533  D=  -1 
 X= 979 X2=1013  Y= 950 Y2=1021 P1=1023 P2=   0 T1=1023 T2= 897  P= 533  D=  -1 
 X= 923 X2=1023  Y= 965 Y2=1021 P1=1023 P2=   0 T1=1023 T2= 901  P= 533  D=  -1 
 X=1023 X2=1006  Y= 957 Y2=1021 P1=1023 P2=   0 T1=1020 T2= 906  P= 533  D=  -1 
 X=1017 X2=1013  Y= 973 Y2=1022 P1=1023 P2=   0 T1=1023 T2= 908  P= 533  D=  -1 
 X= 852 X2=1023  Y= 925 Y2=1023 P1=1023 P2=   0 T1=1023 T2= 901  P= 533  D=  -1 
 X= 896 X2=1023  Y= 958 Y2=1023 P1=1020 P2=   0 T1=1022 T2= 892  P= 533  D=  -1 
 X= 827 X2=1023  Y= 961 Y2=1020 P1=1023 P2=   0 T1=1021 T2= 890  P= 533  D=  -1 
 X= 805 X2=1023  Y= 975 Y2=1023 P1=1023 P2=   0 T1=1021 T2= 913  P= 533  D=  -1 
 X= 801 X2=1023  Y= 965 Y2=1023 P1=1023 P2=   0 T1=1022 T2= 877  P= 533  D=  -1 
 X= 983 X2= 997  Y= 958 Y2=1023 P1=1023 P2=   0 T1=1023 T2= 908  P= 533  D=  -1 
 X= 877 X2=1017  Y= 956 Y2=1022 P1=1023 P2=   0 T1=1023 T2= 893  P= 533  D=  -1 
 X= 910 X2=1022  Y= 972 Y2=1020 P1=1023 P2=   0 T1=1022 T2= 913  P= 533  D=  -1 
 X= 236 X2= 238  Y= 708 Y2= 705 P1= 904 P2=  98 T1=  21 T2= 887  P= 533  D=  -1 * 0
 X= 237 X2= 238  Y= 709 Y2= 705 P1= 848 P2= 218 T1=  21 T2=  23  P= 684  D=  -1 * 0
 X= 236 X2= 238  Y= 708 Y2= 705 P1= 839 P2= 228 T1=  22 T2=  21  P= 634  D=  -1 * 0
 X= 235 X2= 238  Y= 709 Y2= 705 P1= 840 P2= 227 T1=  22 T2=  22  P= 637  D=  -1 * 0
 X= 234 X2= 239  Y= 709 Y2= 704 P1= 839 P2= 229 T1=  22 T2=  22  P= 628  D=  -1 * 1
 X= 235 X2= 240  Y= 709 Y2= 704 P1= 840 P2= 227 T1=  22 T2=  22  P= 639  D=  -1 * 2
 X= 234 X2= 236  Y= 709 Y2= 705 P1= 839 P2= 228 T1=  22 T2=  22  P= 629  D=  -1 * 3
 X= 235 X2= 236  Y= 707 Y2= 704 P1= 839 P2= 229 T1=  21 T2=  21  P= 625  D=  -1 * 4
 X= 235 X2= 239  Y= 709 Y2= 705 P1= 839 P2= 229 T1=  22 T2=  22  P= 631  D=  -1 * 5
 X= 233 X2= 237  Y= 708 Y2= 705 P1= 839 P2= 229 T1=  21 T2=  21  P= 625  D=  -1 * 6
 X= 234 X2= 237  Y= 708 Y2= 704 P1= 838 P2= 230 T1=  22 T2=  22  P= 621  D=  -1 * 7
 X= 234 X2= 236  Y= 708 Y2= 704 P1= 838 P2= 229 T1=  22 T2=  23  P= 624  D=  -1 * 8
 X= 234 X2= 237  Y= 708 Y2= 704 P1= 837 P2= 230 T1=  22 T2=  21  P= 620  D=  -1 * 9
 X= 234 X2= 236  Y= 708 Y2= 705 P1= 837 P2= 229 T1=  22 T2=  22  P= 623  D=  -1 * 10
 X= 234 X2= 237  Y= 708 Y2= 704 P1= 838 P2= 230 T1=  22 T2=  20  P= 621  D=  -1 * 11
 X= 234 X2= 237  Y= 707 Y2= 705 P1= 837 P2= 231 T1=  22 T2=  22  P= 616  D=  -1 * 12
 X= 234 X2= 237  Y= 708 Y2= 704 P1= 837 P2= 230 T1=  22 T2=  22  P= 620  D=  -1 * 13
 X= 234 X2= 238  Y= 708 Y2= 704 P1= 837 P2= 230 T1=  21 T2=  21  P= 622  D=  -1 * 14
 X= 234 X2= 237  Y= 708 Y2= 703 P1= 837 P2= 231 T1=  22 T2=  22  P= 616  D=  -1 * 15
 X= 234 X2= 234  Y= 708 Y2= 704 P1= 837 P2= 230 T1=  23 T2=  22  P= 617  D=  -1 * 16
 X= 234 X2= 235  Y= 708 Y2= 704 P1= 837 P2= 230 T1=  21 T2=  21  P= 617  D=  -1 * 17
 X= 234 X2= 237  Y= 708 Y2= 703 P1= 836 P2= 231 T1=  22 T2=  22  P= 615  D=  -1 * 18
 X= 233 X2= 236  Y= 708 Y2= 704 P1= 836 P2= 230 T1=  22 T2=  22  P= 616  D=  -1 * 19
 X= 234 X2= 237  Y= 708 Y2= 703 P1= 836 P2= 230 T1=  21 T2=  22  P= 618  D=  -1 * 20
 X= 234 X2= 236  Y= 708 Y2= 704 P1= 837 P2= 231 T1=  21 T2=  22  P= 616  D=  -1 * 21
 X= 234 X2= 235  Y= 708 Y2= 703 P1= 836 P2= 231 T1=  22 T2=  22  P= 612  D=  -1 * 22
 X= 233 X2= 236  Y= 707 Y2= 704 P1= 836 P2= 231 T1=  21 T2=  22  P= 612  D=  -1 * 23
 X= 234 X2= 236  Y= 708 Y2= 703 P1= 836 P2= 231 T1=  22 T2=  22  P= 615  D=  -1 * 24
Remove Pin
 X= 234 X2= 236  Y= 708 Y2= 703 P1= 836 P2= 231 T1=  22 T2=  21  P= 615  D=  -1 * 24
 X= 234 X2= 236  Y= 708 Y2= 704 P1= 836 P2= 231 T1=  22 T2=  21  P= 615  D=  -1 * 24
 X= 234 X2= 236  Y= 708 Y2= 703 P1= 837 P2= 231 T1=  21 T2=  22  P= 616  D=  -1 * 24
 X= 234 X2= 236  Y= 707 Y2= 704 P1= 836 P2= 232 T1=  22 T2=  22  P= 611  D=  -1 * 24
 X= 234 X2= 238  Y= 708 Y2= 703 P1= 837 P2= 231 T1=  22 T2=  22  P= 619  D=  -1 * 24
 X= 234 X2= 236  Y= 708 Y2= 704 P1= 838 P2= 231 T1=  21 T2=  21  P= 617  D=  -1 * 24
 X= 237 X2= 237  Y= 708 Y2= 704 P1= 836 P2= 231 T1=  22 T2=  21  P= 620  D=  -1 * 24
 X= 234 X2= 236  Y= 708 Y2= 703 P1= 836 P2= 231 T1=  21 T2=  22  P= 615  D=  -1 * 24
 X= 234 X2= 237  Y= 710 Y2= 704 P1= 836 P2= 231 T1=  21 T2=  21  P= 615  D=  -1 * 24
 X= 235 X2= 235  Y= 711 Y2= 704 P1= 835 P2= 231 T1=  21 T2=  22  P= 614  D=  -1 * 24
 X= 233 X2= 236  Y= 707 Y2= 704 P1= 836 P2= 232 T1=  24 T2=  21  P= 609  D=  -1 * 24
 X= 234 X2= 236  Y= 708 Y2= 702 P1= 836 P2= 231 T1=  21 T2=  21  P= 615  D=  -1 * 24
 X= 234 X2= 237  Y= 708 Y2= 704 P1= 836 P2= 231 T1=  21 T2=  21  P= 615  D=  -1 * 24
 X= 234 X2= 236  Y= 708 Y2= 704 P1= 836 P2= 232 T1=  21 T2=  21  P= 611  D=  -1 * 24
 X= 234 X2= 236  Y= 708 Y2= 704 P1= 836 P2= 231 T1=  22 T2=  22  P= 615  D=  -1 * 24
 X= 234 X2= 236  Y= 708 Y2= 704 P1= 836 P2= 231 T1=  21 T2=  22  P= 615  D=  -1 * 24
 X= 235 X2= 237  Y= 708 Y2= 704 P1= 836 P2= 232 T1=  22 T2=  23  P= 614  D=  -1 * 24
 X= 234 X2= 236  Y= 708 Y2= 704 P1= 835 P2= 231 T1=  22 T2=  23  P= 614  D=  -1 * 24
 X= 234 X2= 236  Y= 708 Y2= 704 P1= 836 P2= 232 T1=  22 T2=  22  P= 611  D=  -1 * 24
 X= 233 X2= 236  Y= 709 Y2= 704 P1= 836 P2= 231 T1=  22 T2=  21  P= 612  D=  -1 * 24
 X= 234 X2= 237  Y= 708 Y2= 704 P1= 837 P2= 231 T1=  21 T2=  22  P= 616  D=  -1 * 24
 X= 234 X2= 236  Y= 708 Y2= 704 P1= 835 P2= 232 T1=  21 T2=  22  P= 610  D=  -1 * 24
 X= 234 X2= 236  Y= 708 Y2= 703 P1= 836 P2= 231 T1=  22 T2=  22  P= 615  D=  -1 * 24
 X= 234 X2= 236  Y= 708 Y2= 704 P1= 835 P2= 232 T1=  22 T2=  21  P= 610  D=  -1 * 24
 X= 234 X2= 236  Y= 708 Y2= 704 P1= 836 P2= 232 T1=  21 T2=  23  P= 611  D=  -1 * 24
 X= 236 X2= 238  Y= 708 Y2= 705 P1= 844 P2= 222 T1=  22 T2=  23  P= 663  D=  -1 * 24
 X= 236 X2= 237  Y= 708 Y2= 704 P1= 842 P2= 218 T1=  22 T2=  24  P= 675  D=  -1 * 24
 X= 874 X2=1023  Y= 980 Y2=1020 P1=1023 P2=   0 T1=1023 T2= 937  P= 675  D=  -1 
 X= 982 X2=1019  Y= 954 Y2=1023 P1=1023 P2=   0 T1=1021 T2= 878  P= 675  D=  -1 
 X= 860 X2=1023  Y= 974 Y2=1023 P1=1023 P2=   0 T1=1023 T2= 908  P= 675  D=  -1 
Target Noise  x= 2.50 y= 2.50
X[0]: Target= 23   235/ 236/ 238 Stdev= 0.74 N= 24  Y[0]: Target= 22   319/ 320/ 321 Stdev= 0.34 N= 24
X[1]: Target=456   809/ 810/ 811 Stdev= 0.61 N= 24  Y[1]: Target= 22   322/ 323/ 324 Stdev= 0.54 N= 24
X[2]: Target=456   806/ 808/ 809 Stdev= 0.63 N= 24  Y[2]: Target=249   711/ 711/ 712 Stdev= 0.45 N= 24
X[3]: Target= 23   234/ 235/ 237 Stdev= 0.80 N= 24  Y[3]: Target=249   705/ 706/ 707 Stdev= 0.59 N= 24
N=24 Avg=20
min: 19 19 20 20 20 20 
max: 22 21 21 21 21 21 
N=24 Avg=13
min: 12 12 12 13 13 13 
max: 15 14 14 14 14 14 
N=24 Avg=13
min: 13 13 13 13 14 14 
max: 14 14 14 14 14 14 
N=24 Avg=21
min: 21 21 21 21 21 21 
max: 22 22 22 22 22 22 
Using TNT center offset = 18
TNT Plane Coef: a= -858 b=   81 c= 390212
At  236, 320: Real=  21 Fit=  21 Offset=   3
At  809, 322: Real=  14 Fit=  15 Offset=  -3
At  807, 711: Real=  14 Fit=  15 Offset=  -3
At  235, 705: Real=  22 Fit=  22 Offset=   4
Fit Corners: 24, 12, 12, 25  Center: 18
Setting for min_tnt_up:   521
Setting for max_tnt_down: 23 (V2:34)
Entering calib_pressure_mfg
Using default pressure curve
468 471 487 495 509 524 553 575 612 
Summary:
Setting for max_tnt_down:      23
3.7 setting for max_tnt_down:     -1
Setting for min_tnt_up:       521
Setting for max_delta_tnt:      5
3.8 setting for max_delta_tnt:     -1
Setting for delay_in_us:        1
Setting for y_delay_in_us:      1
Setting for tnt_delay_in_us:    1
Setting for pressure_curve:  468 471 487 495 509 524 553 575 612
Setting for tnt_mode:           1
Setting for averaging:         -1
Setting for pointercal:      49523 128 -10221324 -134 38640 -10891292 65536
Setting for tnt_plane:       -858 81 390212
