x1=1023 x2=1023 y1= 288 y2= 324 tnt1=1023 tnt2=1023 +=2046
x1=1023 x2=1023 y1= 299 y2= 320 tnt1=1017 tnt2=1021 +=2038
x1=1023 x2=1023 y1= 298 y2= 318 tnt1=1023 tnt2=1022 +=2045
x1=1023 x2=1023 y1= 291 y2= 311 tnt1=1015 tnt2=1020 +=2035
x1=1023 x2=1023 y1= 293 y2= 314 tnt1=1016 tnt2=1021 +=2037
x1=1023 x2=1023 y1= 291 y2= 312 tnt1=1023 tnt2=1023 +=2046
x1=1023 x2=1023 y1= 301 y2= 319 tnt1=1016 tnt2=1021 +=2037
x1=1023 x2=1023 y1= 307 y2= 328 tnt1=1023 tnt2=1023 +=2046
x1=1023 x2=1023 y1= 290 y2= 311 tnt1=1023 tnt2=1023 +=2046
x1=1023 x2=1023 y1= 306 y2= 333 tnt1=1023 tnt2=1023 +=2046
x1=1023 x2=1023 y1= 281 y2= 304 tnt1=1017 tnt2=1023 +=2040
x1=1023 x2=1023 y1= 294 y2= 314 tnt1=1023 tnt2=1022 +=2045
x1=1023 x2=1023 y1= 301 y2= 321 tnt1=1016 tnt2=1021 +=2037
x1=1023 x2=1023 y1= 294 y2= 316 tnt1=1023 tnt2=1023 +=2046
x1=1023 x2=1023 y1= 292 y2= 313 tnt1=1023 tnt2=1023 +=2046
x1=1023 x2=1023 y1= 295 y2= 315 tnt1=1023 tnt2=1023 +=2046
x1=1023 x2=1023 y1= 287 y2= 308 tnt1=1016 tnt2=1010 +=2026
x1=1023 x2=1023 y1= 294 y2= 315 tnt1=1017 tnt2=1010 +=2027
x1=1023 x2=1023 y1= 293 y2= 313 tnt1=1016 tnt2=1021 +=2037
x1=1023 x2=1023 y1= 319 y2= 345 tnt1=1023 tnt2=1023 +=2046
x1=1023 x2=1023 y1= 293 y2= 320 tnt1=1023 tnt2=1020 +=2043
x1=1023 x2=1023 y1= 298 y2= 319 tnt1=1023 tnt2=1023 +=2046
x1=1023 x2=1023 y1= 294 y2= 314 tnt1=1023 tnt2=1023 +=2046
x1=1023 x2=1023 y1= 292 y2= 312 tnt1=1023 tnt2=1023 +=2046
x1=1023 x2=1023 y1= 285 y2= 306 tnt1=1023 tnt2=1023 +=2046
x1=1023 x2=1023 y1= 292 y2= 313 tnt1=1016 tnt2=1012 +=2028
x1=1023 x2=1023 y1= 295 y2= 314 tnt1=1016 tnt2=1010 +=2026
x1=1023 x2=1023 y1= 298 y2= 318 tnt1=1023 tnt2=1022 +=2045
x1=1023 x2=1023 y1= 304 y2= 324 tnt1=1016 tnt2=1021 +=2037
x1=1023 x2=1023 y1= 303 y2= 327 tnt1=1023 tnt2=1023 +=2046
x1=1023 x2=1023 y1= 294 y2= 326 tnt1=1015 tnt2=1010 +=2025
x1=1023 x2=1023 y1= 294 y2= 314 tnt1=1016 tnt2=1021 +=2037
x1=1023 x2=1023 y1= 286 y2= 307 tnt1=1023 tnt2=1023 +=2046
x1=1023 x2=1023 y1= 297 y2= 317 tnt1=1023 tnt2=1023 +=2046
x1=1023 x2=1023 y1= 293 y2= 314 tnt1=1014 tnt2=1023 +=2037
x1=1023 x2=1023 y1= 284 y2= 305 tnt1=1017 tnt2=1011 +=2028
x1=1023 x2=1023 y1= 289 y2= 311 tnt1=1023 tnt2=1022 +=2045
x1=1023 x2=1023 y1= 294 y2= 312 tnt1=1015 tnt2=1021 +=2036
x1=1023 x2=1023 y1= 293 y2= 311 tnt1=1016 tnt2=1021 +=2037
x1=1023 x2=1023 y1= 309 y2= 340 tnt1=1015 tnt2=1021 +=2036
x1=1023 x2=1023 y1= 279 y2= 303 tnt1=1015 tnt2=1021 +=2036
x1=1023 x2=1023 y1= 296 y2= 317 tnt1=1023 tnt2=1010 +=2033
x1=1023 x2=1023 y1= 294 y2= 314 tnt1=1023 tnt2=1023 +=2046
x1=1023 x2=1023 y1= 297 y2= 317 tnt1=1023 tnt2=1023 +=2046
x1=1023 x2=1023 y1= 285 y2= 306 tnt1=1015 tnt2=1021 +=2036
x1=1023 x2=1023 y1= 296 y2= 315 tnt1=1017 tnt2=1012 +=2029
x1=1023 x2=1023 y1= 290 y2= 311 tnt1=1023 tnt2=1023 +=2046
x1=1023 x2=1023 y1= 289 y2= 310 tnt1=1015 tnt2=1021 +=2036
x1=1023 x2=1023 y1= 295 y2= 315 tnt1=1023 tnt2=1023 +=2046
x1=1023 x2=1023 y1= 307 y2= 335 tnt1=1016 tnt2=1021 +=2037
x1=1023 x2=1023 y1= 298 y2= 346 tnt1=1023 tnt2=1023 +=2046
x1=1023 x2=1023 y1= 295 y2= 316 tnt1=1023 tnt2=1023 +=2046
x1=1023 x2=1023 y1= 285 y2= 303 tnt1=1023 tnt2=1023 +=2046
x1=1023 x2=1023 y1= 288 y2= 309 tnt1=1016 tnt2=1021 +=2037
x1=1023 x2=1023 y1= 281 y2= 301 tnt1=1016 tnt2=1023 +=2039
x1=1023 x2=1023 y1= 289 y2= 308 tnt1=1023 tnt2=1023 +=2046
x1=1023 x2=1023 y1= 304 y2= 325 tnt1=1015 tnt2=1021 +=2036
x1=1023 x2=1023 y1= 301 y2= 319 tnt1=1016 tnt2=1021 +=2037
x1=1023 x2=1023 y1= 295 y2= 316 tnt1=1023 tnt2=1023 +=2046
x1=1023 x2=1023 y1= 307 y2= 336 tnt1=1015 tnt2=1012 +=2027
x1=1023 x2=1023 y1= 290 y2= 315 tnt1=1023 tnt2=1023 +=2046
x1=1023 x2=1023 y1= 298 y2= 317 tnt1=1023 tnt2=1023 +=2046
x1=1023 x2=1023 y1= 288 y2= 308 tnt1=1015 tnt2=1021 +=2036
x1=1023 x2=1023 y1= 298 y2= 318 tnt1=1015 tnt2=1021 +=2036
x1=1023 x2=1023 y1= 306 y2= 326 tnt1=1016 tnt2=1010 +=2026
x1=1023 x2=1023 y1= 295 y2= 313 tnt1=1023 tnt2=1023 +=2046
x1=1023 x2=1023 y1= 305 y2= 325 tnt1=1015 tnt2=1020 +=2035
x1=1023 x2=1023 y1= 297 y2= 318 tnt1=1023 tnt2=1023 +=2046
x1=1023 x2=1023 y1= 290 y2= 309 tnt1=1023 tnt2=1023 +=2046
x1=1023 x2=1023 y1= 289 y2= 316 tnt1=1017 tnt2=1023 +=2040
x1=1023 x2=1023 y1= 299 y2= 321 tnt1=1023 tnt2=1023 +=2046
x1=1023 x2=1023 y1= 294 y2= 315 tnt1=1023 tnt2=1023 +=2046
x1=1023 x2=1023 y1= 285 y2= 303 tnt1=1016 tnt2=1021 +=2037
x1=1023 x2=1023 y1= 292 y2= 311 tnt1=1015 tnt2=1021 +=2036
x1=1023 x2=1023 y1= 292 y2= 312 tnt1=1016 tnt2=1021 +=2037
x1=1023 x2=1023 y1= 294 y2= 315 tnt1=1023 tnt2=1023 +=2046
x1=1023 x2=1023 y1= 287 y2= 309 tnt1=1016 tnt2=1010 +=2026
x1=1023 x2=1023 y1= 297 y2= 315 tnt1=1023 tnt2=1023 +=2046
x1=1023 x2=1023 y1= 307 y2= 327 tnt1=1023 tnt2=1023 +=2046
x1=1023 x2=1023 y1= 296 y2= 322 tnt1=1015 tnt2=1019 +=2034
x1=1023 x2=1023 y1= 300 y2= 349 tnt1=1023 tnt2=1020 +=2043
x1=1023 x2=1023 y1= 293 y2= 313 tnt1=1015 tnt2=1021 +=2036
x1=1023 x2=1023 y1= 288 y2= 306 tnt1=1015 tnt2=1020 +=2035
x1=1023 x2=1023 y1= 298 y2= 319 tnt1=1023 tnt2=1023 +=2046
x1=1023 x2=1023 y1= 294 y2= 314 tnt1=1023 tnt2=1023 +=2046
x1=1023 x2=1023 y1= 292 y2= 313 tnt1=1018 tnt2=1023 +=2041
x1=1023 x2=1023 y1= 301 y2= 321 tnt1=1023 tnt2=1023 +=2046
x1=1023 x2=1023 y1= 285 y2= 304 tnt1=1016 tnt2=1021 +=2037
x1=1023 x2=1023 y1= 284 y2= 306 tnt1=1016 tnt2=1013 +=2029
x1=1023 x2=1023 y1= 288 y2= 318 tnt1=1023 tnt2=1023 +=2046
x1=1023 x2=1023 y1= 281 y2= 304 tnt1=1016 tnt2=1017 +=2033
x1=1023 x2=1023 y1= 289 y2= 309 tnt1=1015 tnt2=1021 +=2036
x1=1023 x2=1023 y1= 294 y2= 315 tnt1=1016 tnt2=1020 +=2036
x1=1023 x2=1023 y1= 295 y2= 316 tnt1=1023 tnt2=1023 +=2046
x1=1023 x2=1023 y1= 302 y2= 323 tnt1=1023 tnt2=1023 +=2046
x1=1023 x2=1023 y1= 304 y2= 325 tnt1=1023 tnt2=1023 +=2046
x1=1023 x2=1023 y1= 283 y2= 304 tnt1=1023 tnt2=1023 +=2046
x1=1023 x2=1023 y1= 288 y2= 309 tnt1=1015 tnt2=1021 +=2036
x1=1023 x2=1023 y1= 294 y2= 315 tnt1=1016 tnt2=1012 +=2028
x1=1023 x2=1023 y1= 305 y2= 333 tnt1=1023 tnt2=1023 +=2046
x1=1023 x2=1023 y1= 285 y2= 308 tnt1=1016 tnt2=1023 +=2039
x1=1023 x2=1023 y1= 291 y2= 312 tnt1=1017 tnt2=1021 +=2038
x1=1023 x2=1023 y1= 300 y2= 320 tnt1=1023 tnt2=1023 +=2046
x1=1023 x2=1023 y1= 297 y2= 318 tnt1=1023 tnt2=1023 +=2046
x1=1023 x2=1023 y1= 292 y2= 310 tnt1=1015 tnt2=1023 +=2038
x1=1023 x2=1023 y1= 292 y2= 313 tnt1=1023 tnt2=1023 +=2046
x1=1023 x2=1023 y1= 296 y2= 317 tnt1=1023 tnt2=1023 +=2046
x1=1023 x2=1023 y1= 301 y2= 322 tnt1=1015 tnt2=1020 +=2035
x1=1023 x2=1023 y1= 282 y2= 303 tnt1=1015 tnt2=1013 +=2028
x1=1023 x2=1023 y1= 301 y2= 328 tnt1=1015 tnt2=1010 +=2025
x1=1023 x2=1023 y1= 291 y2= 320 tnt1=1017 tnt2=1015 +=2032
x1=1023 x2=1023 y1= 289 y2= 310 tnt1=1023 tnt2=1023 +=2046
x1=1023 x2=1023 y1= 287 y2= 307 tnt1=1023 tnt2=1023 +=2046
x1=1023 x2=1023 y1= 293 y2= 311 tnt1=1023 tnt2=1023 +=2046
x1=1023 x2=1023 y1= 291 y2= 312 tnt1=1016 tnt2=1023 +=2039
x1=1023 x2=1023 y1= 291 y2= 313 tnt1=1023 tnt2=1023 +=2046
x1=1023 x2=1023 y1= 287 y2= 308 tnt1=1015 tnt2=1021 +=2036
x1=1023 x2=1023 y1= 292 y2= 310 tnt1=1016 tnt2=1021 +=2037
x1=1023 x2=1023 y1= 296 y2= 316 tnt1=1023 tnt2=1023 +=2046
x1=1023 x2=1023 y1= 302 y2= 328 tnt1=1016 tnt2=1011 +=2027
x1=1023 x2=1023 y1= 285 y2= 308 tnt1=1016 tnt2=1023 +=2039
x1=1023 x2=1023 y1= 291 y2= 312 tnt1=1023 tnt2=1023 +=2046
x1=1023 x2=1023 y1= 290 y2= 311 tnt1=1023 tnt2=1023 +=2046
x1=1023 x2=1023 y1= 290 y2= 311 tnt1=1016 tnt2=1010 +=2026
x1=1023 x2=1023 y1= 279 y2= 300 tnt1=1017 tnt2=1010 +=2027
x1=1023 x2=1023 y1= 286 y2= 306 tnt1=1016 tnt2=1020 +=2036
x1=1023 x2=1023 y1= 290 y2= 310 tnt1=1016 tnt2=1010 +=2026
x1=1023 x2=1023 y1= 288 y2= 307 tnt1=1023 tnt2=1017 +=2040
x1=1023 x2=1023 y1= 281 y2= 302 tnt1=1023 tnt2=1023 +=2046
x1=1023 x2=1023 y1= 297 y2= 324 tnt1=1023 tnt2=1023 +=2046
x1=1023 x2=1023 y1= 303 y2= 353 tnt1=1023 tnt2=1020 +=2043
x1=1023 x2=1023 y1= 288 y2= 308 tnt1=1023 tnt2=1023 +=2046
x1=1023 x2=1023 y1= 280 y2= 300 tnt1=1016 tnt2=1017 +=2033
x1=1023 x2=1023 y1= 289 y2= 310 tnt1=1016 tnt2=1010 +=2026
x1=1023 x2=1023 y1= 292 y2= 312 tnt1=1023 tnt2=1021 +=2044
x1=1023 x2=1023 y1= 292 y2= 312 tnt1=1016 tnt2=1021 +=2037
x1=1023 x2=1023 y1= 284 y2= 306 tnt1=1016 tnt2=1017 +=2033
x1=1023 x2=1023 y1= 293 y2= 312 tnt1=1023 tnt2=1023 +=2046
x1=1023 x2=1023 y1= 290 y2= 310 tnt1=1023 tnt2=1022 +=2045
x1=1023 x2=1023 y1= 307 y2= 338 tnt1=1023 tnt2=1022 +=2045
x1=1023 x2=1023 y1= 286 y2= 317 tnt1=1023 tnt2=1021 +=2044
x1=1023 x2=1023 y1= 291 y2= 311 tnt1=1012 tnt2=1020 +=2032
x1=1023 x2=1023 y1= 300 y2= 321 tnt1=1016 tnt2=1013 +=2029
x1=1023 x2=1023 y1= 295 y2= 316 tnt1=1017 tnt2=1010 +=2027
x1=1023 x2=1023 y1= 286 y2= 306 tnt1=1015 tnt2=1021 +=2036
x1=1023 x2=1023 y1= 290 y2= 310 tnt1=1015 tnt2=1021 +=2036
x1= 118 x2= 125 y1= 198 y2= 164 tnt1=  42 tnt2=  76 += 118
x1= 120 x2= 124 y1= 197 y2= 162 tnt1=  39 tnt2=  76 += 115
x1= 135 x2= 130 y1= 194 y2= 160 tnt1=  33 tnt2=  68 += 101
x1= 966 x2= 970 y1= 306 y2= 333 tnt1= 934 tnt2=1018 +=1952
x1=1023 x2=1023 y1= 295 y2= 315 tnt1=1023 tnt2=1023 +=2046
x1=1023 x2=1023 y1= 291 y2= 312 tnt1=1015 tnt2=1010 +=2025
x1=1023 x2=1023 y1= 290 y2= 311 tnt1=1023 tnt2=1023 +=2046
x1=1023 x2=1023 y1= 295 y2= 315 tnt1=1023 tnt2=1022 +=2045
x1=1023 x2=1023 y1= 300 y2= 321 tnt1=1023 tnt2=1023 +=2046
x1= 131 x2= 118 y1= 194 y2= 160 tnt1=  42 tnt2=  78 += 120
x1= 117 x2= 123 y1= 190 y2= 158 tnt1=  38 tnt2=  71 += 109
x1= 120 x2= 124 y1= 192 y2= 157 tnt1=  38 tnt2=  69 += 107
x1=1023 x2=1023 y1= 291 y2= 312 tnt1=1017 tnt2=1023 +=2040
x1= 121 x2= 126 y1= 179 y2= 150 tnt1= 133 tnt2=  48 += 181
x1= 135 x2= 129 y1= 191 y2= 153 tnt1=  31 tnt2=  74 += 105
x1= 140 x2= 134 y1= 201 y2= 166 tnt1=  33 tnt2=  62 +=  95
x1= 119 x2= 125 y1= 199 y2= 165 tnt1=  39 tnt2=  69 += 108
x1= 124 x2= 125 y1= 198 y2= 162 tnt1=  24 tnt2=  47 +=  71
x1= 124 x2= 136 y1= 193 y2= 159 tnt1=  25 tnt2=  51 +=  76
x1= 139 x2= 130 y1= 207 y2= 174 tnt1=  53 tnt2=  45 +=  98
x1= 119 x2= 125 y1= 198 y2= 164 tnt1=  39 tnt2=  48 +=  87
x1= 130 x2= 124 y1= 179 y2= 145 tnt1=  26 tnt2=  42 +=  68
x1= 120 x2= 132 y1= 178 y2= 144 tnt1=  17 tnt2=  36 +=  53
x1= 132 x2= 124 y1= 161 y2= 135 tnt1=  26 tnt2=  51 +=  77
x1= 131 x2= 124 y1= 172 y2= 142 tnt1=  24 tnt2=  32 +=  56
x1= 128 x2= 121 y1= 165 y2= 135 tnt1=  22 tnt2=  31 +=  53
x1= 114 x2= 116 y1= 164 y2= 134 tnt1=  23 tnt2=  33 +=  56
x1= 117 x2= 117 y1= 165 y2= 134 tnt1=  12 tnt2=  20 +=  32D
x1= 123 x2= 111 y1= 171 y2= 139 tnt1=  33 tnt2=  37 +=  70
x1= 121 x2= 113 y1= 166 y2= 135 tnt1=  29 tnt2=  34 +=  63
x1= 128 x2= 120 y1= 158 y2= 131 tnt1=  21 tnt2=  28 +=  49
x1= 124 x2= 118 y1= 161 y2= 132 tnt1=  21 tnt2=  28 +=  49
x1= 108 x2= 113 y1= 162 y2= 132 tnt1=  25 tnt2=  32 +=  57
x1= 118 x2= 127 y1= 148 y2= 126 tnt1=  21 tnt2=  26 +=  47
x1= 124 x2= 112 y1= 148 y2= 127 tnt1=  18 tnt2=  26 +=  44
x1= 109 x2= 114 y1= 160 y2= 132 tnt1=  24 tnt2=  32 +=  56
x1= 116 x2= 115 y1= 160 y2= 130 tnt1=  10 tnt2=  17 +=  27D
x1= 125 x2= 118 y1= 160 y2= 131 tnt1=  20 tnt2=  26 +=  46
x1= 123 x2= 116 y1= 173 y2= 140 tnt1=  28 tnt2=  35 +=  63
x1= 121 x2= 114 y1= 164 y2= 133 tnt1=  26 tnt2=  33 +=  59
x1= 127 x2= 118 y1= 159 y2= 130 tnt1=  22 tnt2=  27 +=  49
x1= 122 x2= 117 y1= 159 y2= 132 tnt1=  20 tnt2=  27 +=  47
x1= 117 x2= 127 y1= 163 y2= 132 tnt1=  11 tnt2=  21 +=  32D
x1= 121 x2= 109 y1= 146 y2= 124 tnt1=  34 tnt2=  30 +=  64
x1= 107 x2= 115 y1= 160 y2= 130 tnt1=  24 tnt2=  24 +=  48
x1= 114 x2= 116 y1= 162 y2= 132 tnt1=  23 tnt2=  31 +=  54
x1= 119 x2= 119 y1= 171 y2= 137 tnt1=  16 tnt2=  19 +=  35D
x1= 125 x2= 122 y1= 170 y2= 139 tnt1=  36 tnt2=  42 +=  78
x1= 123 x2= 115 y1= 165 y2= 134 tnt1=  28 tnt2=  33 +=  61
x1= 129 x2= 119 y1= 155 y2= 128 tnt1=  18 tnt2=  22 +=  40D
x1= 124 x2= 119 y1= 161 y2= 130 tnt1=  21 tnt2=  25 +=  46
x1= 111 x2= 115 y1= 155 y2= 127 tnt1=  21 tnt2=  25 +=  46
x1= 117 x2= 125 y1= 153 y2= 126 tnt1=  12 tnt2=  17 +=  29D
x1= 121 x2= 117 y1= 139 y2= 121 tnt1=  19 tnt2=  26 +=  45
x1= 114 x2= 114 y1= 150 y2= 124 tnt1=   9 tnt2=  23 +=  32D
x1= 113 x2= 114 y1= 155 y2= 127 tnt1=  19 tnt2=  23 +=  42
x1= 120 x2= 116 y1= 155 y2= 127 tnt1=  30 tnt2=  32 +=  62
x1= 119 x2= 108 y1= 154 y2= 127 tnt1=  26 tnt2=  29 +=  55
x1= 107 x2= 112 y1= 154 y2= 126 tnt1=  21 tnt2=  26 +=  47
x1= 126 x2= 118 y1= 154 y2= 127 tnt1=  17 tnt2=  21 +=  38D
x1= 120 x2= 116 y1= 153 y2= 127 tnt1=  18 tnt2=  22 +=  40D
x1= 115 x2= 115 y1= 152 y2= 125 tnt1=  10 tnt2=  16 +=  26D
x1= 118 x2= 112 y1= 153 y2= 126 tnt1=  22 tnt2=  25 +=  47
x1= 116 x2= 125 y1= 135 y2= 119 tnt1=   9 tnt2=  20 +=  29D
x1= 117 x2= 120 y1= 151 y2= 124 tnt1=  13 tnt2=  30 +=  43
x1= 120 x2= 116 y1= 152 y2= 125 tnt1=  18 tnt2=  21 +=  39D
x1= 118 x2= 109 y1= 152 y2= 127 tnt1=  22 tnt2=  28 +=  50
x1= 118 x2= 109 y1= 152 y2= 125 tnt1=  25 tnt2=  27 +=  52
x1= 128 x2= 117 y1= 152 y2= 122 tnt1=  17 tnt2=  21 +=  38D
x1= 126 x2= 118 y1= 156 y2= 127 tnt1=  18 tnt2=  21 +=  39D
x1= 115 x2= 115 y1= 152 y2= 125 tnt1=  18 tnt2=  23 +=  41
x1= 116 x2= 123 y1= 152 y2= 125 tnt1=   8 tnt2=  13 +=  21D
x1= 119 x2= 111 y1= 156 y2= 128 tnt1=  25 tnt2=  27 +=  52
x1= 117 x2= 126 y1= 138 y2= 121 tnt1=  11 tnt2=  22 +=  33D
x1= 118 x2= 120 y1= 152 y2= 125 tnt1=  17 tnt2=  33 +=  50
x1= 120 x2= 117 y1= 153 y2= 127 tnt1=  19 tnt2=  35 +=  54
x1= 120 x2= 116 y1= 152 y2= 127 tnt1=  27 tnt2=  34 +=  61
x1= 117 x2= 125 y1= 151 y2= 126 tnt1=  14 tnt2=  17 +=  31D
x1= 129 x2= 118 y1= 151 y2= 126 tnt1=  17 tnt2=  22 +=  39D
x1= 110 x2= 112 y1= 151 y2= 124 tnt1=  20 tnt2=  24 +=  44
x1= 113 x2= 114 y1= 149 y2= 123 tnt1=  19 tnt2=  21 +=  40D
x1= 116 x2= 124 y1= 145 y2= 121 tnt1=   9 tnt2=  20 +=  29D
x1= 118 x2= 108 y1= 148 y2= 122 tnt1=  22 tnt2=  25 +=  47
x1= 119 x2= 115 y1= 135 y2= 117 tnt1=  22 tnt2=  23 +=  45
x1= 117 x2= 112 y1= 143 y2= 120 tnt1=  20 tnt2=  13 +=  33D
x1= 126 x2= 116 y1= 142 y2= 119 tnt1=  16 tnt2=  18 +=  34D
x1= 115 x2= 124 y1= 143 y2= 118 tnt1=   8 tnt2=  13 +=  21D
x1= 117 x2= 119 y1= 142 y2= 119 tnt1=  13 tnt2=  13 +=  26D
x1= 124 x2= 114 y1= 142 y2= 119 tnt1=  15 tnt2=  18 +=  33D
x1= 110 x2= 113 y1= 141 y2= 119 tnt1=  17 tnt2=  19 +=  36D
x1= 115 x2= 115 y1= 144 y2= 118 tnt1=   5 tnt2=   8 +=  13D
x1= 117 x2= 111 y1= 143 y2= 118 tnt1=  20 tnt2=  21 +=  41
x1= 117 x2= 112 y1= 142 y2= 118 tnt1=  18 tnt2=  20 +=  38D
x1= 118 x2= 107 y1= 129 y2= 114 tnt1=  23 tnt2=  17 +=  40D
x1= 106 x2= 112 y1= 139 y2= 116 tnt1=  17 tnt2=  10 +=  27D
x1= 118 x2= 115 y1= 140 y2= 117 tnt1=  15 tnt2=   7 +=  22D
x1= 116 x2= 119 y1= 139 y2= 117 tnt1=  11 tnt2=  14 +=  25D
x1= 116 x2= 119 y1= 138 y2= 116 tnt1=  12 tnt2=  14 +=  26D
x1= 109 x2= 114 y1= 141 y2= 117 tnt1=  16 tnt2=  18 +=  34D
x1= 112 x2= 114 y1= 140 y2= 117 tnt1=  16 tnt2=  18 +=  34D
x1= 118 x2= 114 y1= 138 y2= 118 tnt1=  18 tnt2=  28 +=  46
x1= 117 x2= 105 y1= 140 y2= 117 tnt1=  23 tnt2=  25 +=  48
x1= 117 x2= 114 y1= 142 y2= 117 tnt1=  18 tnt2=  16 +=  34D
x1= 115 x2= 118 y1= 125 y2= 113 tnt1=  12 tnt2=  16 +=  28D
x1= 111 x2= 113 y1= 138 y2= 115 tnt1=  16 tnt2=  14 +=  30D
x1= 115 x2= 114 y1= 139 y2= 116 tnt1=   5 tnt2=   7 +=  12D
x1= 115 x2= 124 y1= 140 y2= 117 tnt1=   7 tnt2=   7 +=  14D
x1= 118 x2= 112 y1= 142 y2= 118 tnt1=  17 tnt2=  20 +=  37D
x1= 125 x2= 118 y1= 139 y2= 117 tnt1=  26 tnt2=  15 +=  41
x1= 124 x2= 116 y1= 139 y2= 114 tnt1=  15 tnt2=  16 +=  31D
x1= 107 x2= 114 y1= 136 y2= 116 tnt1=  16 tnt2=  17 +=  33D
x1= 117 x2= 111 y1= 138 y2= 116 tnt1=  20 tnt2=  21 +=  41
x1= 128 x2= 117 y1= 138 y2= 116 tnt1=  14 tnt2=  15 +=  29D
x1= 119 x2= 113 y1= 127 y2= 112 tnt1=  19 tnt2=  17 +=  36D
x1= 129 x2= 118 y1= 137 y2= 115 tnt1=  14 tnt2=  21 +=  35D
x1= 119 x2= 126 y1= 138 y2= 116 tnt1=   7 tnt2=   7 +=  14D
x1= 120 x2= 111 y1= 137 y2= 117 tnt1=  22 tnt2=  23 +=  45
x1= 117 x2= 115 y1= 138 y2= 116 tnt1=  16 tnt2=  18 +=  34D
x1= 114 x2= 116 y1= 139 y2= 116 tnt1=  16 tnt2=  17 +=  33D
x1= 124 x2= 119 y1= 141 y2= 118 tnt1=  15 tnt2=  17 +=  32D
x1= 121 x2= 112 y1= 141 y2= 117 tnt1=  21 tnt2=  22 +=  43
x1= 120 x2= 126 y1= 140 y2= 117 tnt1=   9 tnt2=   9 +=  18D
x1= 130 x2= 119 y1= 138 y2= 116 tnt1=  14 tnt2=  15 +=  29D
x1= 120 x2= 123 y1= 126 y2= 113 tnt1=  13 tnt2=  16 +=  29D
x1= 124 x2= 119 y1= 138 y2= 117 tnt1=  15 tnt2=  18 +=  33D
x1= 119 x2= 127 y1= 141 y2= 117 tnt1=   5 tnt2=   9 +=  14D
x1= 121 x2= 114 y1= 140 y2= 116 tnt1=  18 tnt2=  20 +=  38D
x1= 109 x2= 116 y1= 138 y2= 116 tnt1=  17 tnt2=  19 +=  36D
x1= 123 x2= 118 y1= 138 y2= 116 tnt1=  15 tnt2=  16 +=  31D
x1= 122 x2= 118 y1= 140 y2= 117 tnt1=  15 tnt2=  16 +=  31D
x1= 119 x2= 122 y1= 141 y2= 116 tnt1=   8 tnt2=  17 +=  25D
x1= 120 x2= 122 y1= 138 y2= 116 tnt1=  11 tnt2=  14 +=  25D
x1= 126 x2= 119 y1= 139 y2= 116 tnt1=  15 tnt2=  16 +=  31D
x1= 113 x2= 117 y1= 127 y2= 112 tnt1=   3 tnt2=   4 +=   7D
x1= 121 x2= 120 y1= 137 y2= 113 tnt1=  17 tnt2=   6 +=  23D
x1= 122 x2= 111 y1= 138 y2= 117 tnt1=  26 tnt2=  26 +=  52
x1= 117 x2= 118 y1= 137 y2= 116 tnt1=  15 tnt2=  17 +=  32D
x1= 121 x2= 121 y1= 136 y2= 115 tnt1=  15 tnt2=  12 +=  27D
x1= 124 x2= 119 y1= 136 y2= 115 tnt1=  14 tnt2=  16 +=  30D
x1= 122 x2= 111 y1= 137 y2= 116 tnt1=  23 tnt2=  26 +=  49
x1= 120 x2= 127 y1= 137 y2= 114 tnt1=   9 tnt2=   8 +=  17D
x1= 130 x2= 120 y1= 137 y2= 115 tnt1=  13 tnt2=  15 +=  28D
x1= 111 x2= 117 y1= 136 y2= 115 tnt1=  16 tnt2=  17 +=  33D
x1= 121 x2= 115 y1= 126 y2= 112 tnt1=  17 tnt2=  16 +=  33D
x1= 121 x2= 113 y1= 136 y2= 112 tnt1=  21 tnt2=  17 +=  38D
x1= 121 x2= 114 y1= 137 y2= 115 tnt1=  16 tnt2=  19 +=  35D
x1= 110 x2= 117 y1= 138 y2= 115 tnt1=  16 tnt2=  17 +=  33D
x1= 126 x2= 119 y1= 138 y2= 115 tnt1=  14 tnt2=  15 +=  29D
x1= 123 x2= 118 y1= 136 y2= 115 tnt1=  14 tnt2=  16 +=  30D
x1= 120 x2= 118 y1= 136 y2= 114 tnt1=   4 tnt2=   4 +=   8D
x1= 120 x2= 124 y1= 134 y2= 114 tnt1=  11 tnt2=  12 +=  23D
x1= 120 x2= 111 y1= 137 y2= 115 tnt1=  19 tnt2=  23 +=  42
x1= 116 x2= 118 y1= 137 y2= 115 tnt1=  15 tnt2=  16 +=  31D
x1= 120 x2= 121 y1= 124 y2= 112 tnt1=  12 tnt2=  15 +=  27D
x1= 118 x2= 118 y1= 134 y2= 112 tnt1=  15 tnt2=   9 +=  24D
x1= 121 x2= 115 y1= 138 y2= 115 tnt1=  18 tnt2=  20 +=  38D
x1= 129 x2= 119 y1= 135 y2= 114 tnt1=  14 tnt2=  15 +=  29D
x1= 125 x2= 119 y1= 134 y2= 115 tnt1=  14 tnt2=  15 +=  29D
x1= 130 x2= 120 y1= 136 y2= 115 tnt1=  15 tnt2=  14 +=  29D
x1= 120 x2= 127 y1= 136 y2= 114 tnt1=   5 tnt2=   5 +=  10D
x1= 119 x2= 121 y1= 134 y2= 114 tnt1=  12 tnt2=  14 +=  26D
x1= 120 x2= 115 y1= 137 y2= 115 tnt1=  17 tnt2=  19 +=  36D
x1= 120 x2= 126 y1= 136 y2= 115 tnt1=   7 tnt2=   9 +=  16D
x1= 121 x2= 115 y1= 126 y2= 112 tnt1=  16 tnt2=  15 +=  31D
x1= 117 x2= 118 y1= 135 y2= 112 tnt1=  15 tnt2=  10 +=  25D
x1= 120 x2= 127 y1= 135 y2= 113 tnt1=   6 tnt2=   9 +=  15D
x1= 129 x2= 120 y1= 135 y2= 114 tnt1=  14 tnt2=  14 +=  28D
x1= 126 x2= 119 y1= 135 y2= 114 tnt1=  14 tnt2=  15 +=  29D
x1= 118 x2= 118 y1= 134 y2= 113 tnt1=  14 tnt2=  16 +=  30D
x1= 121 x2= 128 y1= 139 y2= 116 tnt1=   8 tnt2=   7 +=  15D
x1= 122 x2= 116 y1= 138 y2= 115 tnt1=  17 tnt2=  19 +=  36D
x1= 115 x2= 119 y1= 135 y2= 114 tnt1=  15 tnt2=  16 +=  31D
x1= 128 x2= 121 y1= 134 y2= 115 tnt1=  14 tnt2=  14 +=  28D
x1= 113 x2= 119 y1= 123 y2= 111 tnt1=  15 tnt2=   7 +=  22D
x1= 118 x2= 120 y1= 135 y2= 113 tnt1=  15 tnt2=   5 +=  20D
x1= 122 x2= 123 y1= 134 y2= 115 tnt1=  12 tnt2=  13 +=  25D
x1= 127 x2= 121 y1= 135 y2= 115 tnt1=  13 tnt2=  15 +=  28D
x1= 117 x2= 119 y1= 137 y2= 116 tnt1=  15 tnt2=  16 +=  31D
x1= 122 x2= 129 y1= 137 y2= 115 tnt1=   3 tnt2=   6 +=   9D
x1= 122 x2= 120 y1= 136 y2= 116 tnt1=  24 tnt2=  24 +=  48
x1= 122 x2= 118 y1= 138 y2= 116 tnt1=  16 tnt2=  17 +=  33D
x1= 118 x2= 119 y1= 134 y2= 115 tnt1=  14 tnt2=  16 +=  30D
x1= 125 x2= 120 y1= 135 y2= 115 tnt1=  14 tnt2=  14 +=  28D
x1= 116 x2= 119 y1= 135 y2= 113 tnt1=   3 tnt2=   5 +=   8D
x1= 124 x2= 120 y1= 135 y2= 118 tnt1=  14 tnt2=  21 +=  35D
x1= 131 x2= 122 y1= 133 y2= 115 tnt1=  11 tnt2=  14 +=  25D
x1= 123 x2= 114 y1= 136 y2= 115 tnt1=  20 tnt2=  20 +=  40D
x1= 119 x2= 120 y1= 136 y2= 115 tnt1=  14 tnt2=  15 +=  29D
x1= 133 x2= 121 y1= 136 y2= 116 tnt1=  13 tnt2=  13 +=  26D
x1= 123 x2= 114 y1= 136 y2= 116 tnt1=  19 tnt2=  19 +=  38D
x1= 113 x2= 119 y1= 137 y2= 116 tnt1=  16 tnt2=  17 +=  33D
x1= 132 x2= 122 y1= 136 y2= 115 tnt1=  13 tnt2=  14 +=  27D
x1= 125 x2= 113 y1= 135 y2= 116 tnt1=  25 tnt2=  26 +=  51
x1= 123 x2= 123 y1= 124 y2= 112 tnt1=  12 tnt2=  14 +=  26D
x1= 126 x2= 122 y1= 135 y2= 114 tnt1=  14 tnt2=  18 +=  32D
x1= 134 x2= 123 y1= 136 y2= 116 tnt1=  13 tnt2=  14 +=  27D
x1= 120 x2= 122 y1= 137 y2= 116 tnt1=  14 tnt2=  16 +=  30D
x1= 123 x2= 122 y1= 134 y2= 116 tnt1=  14 tnt2=  15 +=  29D
x1= 125 x2= 113 y1= 135 y2= 115 tnt1=  25 tnt2=  22 +=  47
x1= 125 x2= 119 y1= 136 y2= 116 tnt1=  17 tnt2=  18 +=  35D
x1= 133 x2= 123 y1= 134 y2= 115 tnt1=  13 tnt2=  14 +=  27D
x1= 128 x2= 123 y1= 135 y2= 115 tnt1=  14 tnt2=  15 +=  29D
x1= 125 x2= 123 y1= 133 y2= 116 tnt1=  14 tnt2=  15 +=  29D
x1= 129 x2= 123 y1= 125 y2= 114 tnt1=  14 tnt2=  22 +=  36D
x1= 126 x2= 122 y1= 135 y2= 114 tnt1=  14 tnt2=  17 +=  31D
x1= 119 x2= 121 y1= 136 y2= 115 tnt1=  15 tnt2=  15 +=  30D
x1= 122 x2= 122 y1= 137 y2= 115 tnt1=  14 tnt2=  15 +=  29D
x1= 130 x2= 123 y1= 134 y2= 115 tnt1=  14 tnt2=  14 +=  28D
x1= 124 x2= 131 y1= 136 y2= 115 tnt1=  13 tnt2=   6 +=  19D
x1= 125 x2= 120 y1= 135 y2= 115 tnt1=  16 tnt2=  16 +=  32D
x1= 131 x2= 123 y1= 134 y2= 114 tnt1=  13 tnt2=  14 +=  27D
x1= 128 x2= 123 y1= 137 y2= 115 tnt1=  14 tnt2=  14 +=  28D
x1= 124 x2= 122 y1= 135 y2= 115 tnt1=   3 tnt2=   7 +=  10D
x1= 128 x2= 122 y1= 125 y2= 113 tnt1=  13 tnt2=  20 +=  33D
x1= 132 x2= 123 y1= 136 y2= 113 tnt1=  13 tnt2=  25 +=  38D
x1= 120 x2= 122 y1= 135 y2= 115 tnt1=  13 tnt2=  15 +=  28D
x1= 125 x2= 122 y1= 136 y2= 116 tnt1=  14 tnt2=  15 +=  29D
x1= 126 x2= 122 y1= 135 y2= 116 tnt1=  25 tnt2=  15 +=  40D
x1= 125 x2= 116 y1= 136 y2= 116 tnt1=  20 tnt2=  20 +=  40D
x1= 125 x2= 125 y1= 135 y2= 115 tnt1=  12 tnt2=  13 +=  25D
x1= 133 x2= 124 y1= 136 y2= 116 tnt1=  13 tnt2=  15 +=  28D
x1= 123 x2= 123 y1= 136 y2= 115 tnt1=  14 tnt2=  16 +=  30D
x1= 125 x2= 132 y1= 137 y2= 116 tnt1=   4 tnt2=   9 +=  13D
x1= 131 x2= 124 y1= 122 y2= 113 tnt1=  14 tnt2=  20 +=  34D
x1= 126 x2= 132 y1= 136 y2= 114 tnt1=  14 tnt2=  14 +=  28D
x1= 120 x2= 124 y1= 137 y2= 116 tnt1=  15 tnt2=  16 +=  31D
x1= 129 x2= 125 y1= 136 y2= 116 tnt1=  14 tnt2=  15 +=  29D
x1= 128 x2= 124 y1= 137 y2= 116 tnt1=  18 tnt2=  26 +=  44
x1= 126 x2= 127 y1= 135 y2= 115 tnt1=   9 tnt2=  13 +=  22D
x1= 127 x2= 128 y1= 135 y2= 116 tnt1=  12 tnt2=  10 +=  22D
x1= 118 x2= 125 y1= 136 y2= 115 tnt1=  14 tnt2=  16 +=  30D
x1= 122 x2= 124 y1= 135 y2= 115 tnt1=  14 tnt2=  15 +=  29D
x1= 126 x2= 132 y1= 134 y2= 115 tnt1=   6 tnt2=   8 +=  14D
x1= 125 x2= 124 y1= 127 y2= 113 tnt1=  11 tnt2=  12 +=  23D
x1= 126 x2= 126 y1= 125 y2= 113 tnt1=  14 tnt2=  23 +=  37D
x1= 127 x2= 115 y1= 135 y2= 116 tnt1=  22 tnt2=  26 +=  48
x1= 128 x2= 125 y1= 137 y2= 116 tnt1=  13 tnt2=  15 +=  28D
x1= 128 x2= 124 y1= 135 y2= 115 tnt1=  14 tnt2=  16 +=  30D
x1= 127 x2= 127 y1= 135 y2= 115 tnt1=  11 tnt2=  13 +=  24D
x1= 127 x2= 128 y1= 136 y2= 116 tnt1=  13 tnt2=  13 +=  26D
x1= 128 x2= 135 y1= 138 y2= 117 tnt1=   8 tnt2=   7 +=  15D
x1= 127 x2= 126 y1= 138 y2= 116 tnt1=  15 tnt2=  16 +=  31D
x1= 130 x2= 117 y1= 138 y2= 117 tnt1=  25 tnt2=  24 +=  49
x1= 127 x2= 127 y1= 126 y2= 113 tnt1=  14 tnt2=  14 +=  28D
x1= 130 x2= 118 y1= 139 y2= 116 tnt1=  19 tnt2=  17 +=  36D
x1= 131 x2= 128 y1= 139 y2= 118 tnt1=  14 tnt2=  15 +=  29D
x1= 131 x2= 128 y1= 138 y2= 119 tnt1=  19 tnt2=  15 +=  34D
x1= 129 x2= 136 y1= 137 y2= 117 tnt1=   5 tnt2=   7 +=  12D
x1= 135 x2= 130 y1= 138 y2= 117 tnt1=  13 tnt2=  14 +=  27D
x1= 129 x2= 125 y1= 139 y2= 117 tnt1=  17 tnt2=  18 +=  35D
x1= 127 x2= 127 y1= 137 y2= 117 tnt1=  15 tnt2=  16 +=  31D
x1= 133 x2= 128 y1= 137 y2= 117 tnt1=  14 tnt2=  15 +=  29D
x1= 131 x2= 121 y1= 137 y2= 117 tnt1=  20 tnt2=  21 +=  41
x1= 127 x2= 127 y1= 125 y2= 113 tnt1=  15 tnt2=  13 +=  28D
x1= 129 x2= 123 y1= 136 y2= 116 tnt1=  17 tnt2=   4 +=  21D
x1= 133 x2= 128 y1= 136 y2= 117 tnt1=  14 tnt2=  15 +=  29D
x1= 129 x2= 128 y1= 138 y2= 116 tnt1=   3 tnt2=  16 +=  19D
x1= 129 x2= 136 y1= 136 y2= 116 tnt1=   8 tnt2=   9 +=  17D
x1= 130 x2= 135 y1= 138 y2= 117 tnt1=  14 tnt2=   5 +=  19D
x1= 124 x2= 127 y1= 138 y2= 117 tnt1=  15 tnt2=  16 +=  31D
x1= 128 x2= 127 y1= 138 y2= 117 tnt1=  15 tnt2=  16 +=  31D
x1= 133 x2= 129 y1= 138 y2= 119 tnt1=  26 tnt2=  16 +=  42
x1= 131 x2= 123 y1= 139 y2= 118 tnt1=  21 tnt2=  22 +=  43
x1= 133 x2= 130 y1= 127 y2= 114 tnt1=  14 tnt2=  17 +=  31D
x1= 142 x2= 131 y1= 136 y2= 116 tnt1=  13 tnt2=  19 +=  32D
x1= 122 x2= 128 y1= 137 y2= 118 tnt1=  15 tnt2=  16 +=  31D
x1= 142 x2= 132 y1= 137 y2= 117 tnt1=  13 tnt2=  13 +=  26D
x1= 130 x2= 135 y1= 138 y2= 118 tnt1=  11 tnt2=  12 +=  23D
x1= 120 x2= 127 y1= 137 y2= 118 tnt1=  16 tnt2=  17 +=  33D
x1= 126 x2= 129 y1= 137 y2= 118 tnt1=  15 tnt2=  16 +=  31D
x1= 133 x2= 130 y1= 139 y2= 119 tnt1=  14 tnt2=  15 +=  29D
x1= 133 x2= 120 y1= 136 y2= 117 tnt1=  25 tnt2=  23 +=  48
x1= 131 x2= 138 y1= 139 y2= 117 tnt1=   7 tnt2=   8 +=  15D
x1= 132 x2= 120 y1= 126 y2= 115 tnt1=  26 tnt2=  16 +=  42
x1= 133 x2= 129 y1= 138 y2= 118 tnt1=  14 tnt2=  19 +=  33D
x1= 130 x2= 129 y1= 137 y2= 116 tnt1=   5 tnt2=   9 +=  14D
x1= 131 x2= 138 y1= 136 y2= 117 tnt1=   6 tnt2=   9 +=  15D
x1= 132 x2= 125 y1= 137 y2= 117 tnt1=  18 tnt2=  19 +=  37D
x1= 121 x2= 128 y1= 138 y2= 117 tnt1=  16 tnt2=  16 +=  32D
x1= 131 x2= 134 y1= 138 y2= 118 tnt1=  10 tnt2=   9 +=  19D
x1= 134 x2= 130 y1= 137 y2= 117 tnt1=  14 tnt2=  15 +=  29D
x1= 132 x2= 123 y1= 138 y2= 117 tnt1=  20 tnt2=  21 +=  41
x1= 131 x2= 133 y1= 136 y2= 117 tnt1=  10 tnt2=  11 +=  21D
x1= 131 x2= 139 y1= 138 y2= 115 tnt1=  13 tnt2=  13 +=  26D
x1= 139 x2= 130 y1= 137 y2= 117 tnt1=  14 tnt2=  19 +=  33D
x1= 130 x2= 129 y1= 136 y2= 116 tnt1=  14 tnt2=   4 +=  18D
x1= 133 x2= 129 y1= 135 y2= 117 tnt1=  14 tnt2=  15 +=  29D
x1= 134 x2= 129 y1= 135 y2= 117 tnt1=  14 tnt2=  15 +=  29D
x1= 125 x2= 128 y1= 136 y2= 117 tnt1=  14 tnt2=  16 +=  30D
x1= 136 x2= 130 y1= 136 y2= 117 tnt1=  13 tnt2=  15 +=  28D
x1= 132 x2= 129 y1= 137 y2= 118 tnt1=  25 tnt2=  25 +=  50
x1= 130 x2= 129 y1= 136 y2= 117 tnt1=   3 tnt2=   4 +=   7D
x1= 136 x2= 130 y1= 139 y2= 118 tnt1=  13 tnt2=  15 +=  28D
x1= 130 x2= 129 y1= 125 y2= 114 tnt1=   4 tnt2=  14 +=  18D
x1= 130 x2= 134 y1= 126 y2= 114 tnt1=  10 tnt2=  15 +=  25D
x1= 130 x2= 129 y1= 137 y2= 116 tnt1=  14 tnt2=   4 +=  18D
x1= 133 x2= 121 y1= 137 y2= 118 tnt1=  21 tnt2=  24 +=  45
x1= 133 x2= 128 y1= 141 y2= 119 tnt1=  17 tnt2=  18 +=  35D
x1= 141 x2= 132 y1= 137 y2= 118 tnt1=  13 tnt2=  14 +=  27D
x1= 137 x2= 132 y1= 137 y2= 118 tnt1=  13 tnt2=  15 +=  28D
x1= 132 x2= 131 y1= 140 y2= 118 tnt1=  15 tnt2=   4 +=  19D
x1= 134 x2= 140 y1= 137 y2= 118 tnt1=   9 tnt2=  10 +=  19D
x1= 144 x2= 134 y1= 137 y2= 119 tnt1=  13 tnt2=  15 +=  28D
x1= 134 x2= 141 y1= 127 y2= 117 tnt1=   8 tnt2=  14 +=  22D
x1= 129 x2= 132 y1= 138 y2= 118 tnt1=  14 tnt2=  11 +=  25D
x1= 136 x2= 133 y1= 138 y2= 120 tnt1=  24 tnt2=  26 +=  50
x1= 135 x2= 128 y1= 137 y2= 119 tnt1=  15 tnt2=  17 +=  32D
x1= 135 x2= 135 y1= 137 y2= 118 tnt1=  12 tnt2=  13 +=  25D
x1= 134 x2= 140 y1= 136 y2= 119 tnt1=  13 tnt2=   8 +=  21D
x1= 137 x2= 133 y1= 137 y2= 119 tnt1=  13 tnt2=  20 +=  33D
x1= 134 x2= 142 y1= 137 y2= 118 tnt1=   3 tnt2=   9 +=  12D
x1= 134 x2= 136 y1= 137 y2= 119 tnt1=  12 tnt2=  13 +=  25D
x1= 124 x2= 132 y1= 136 y2= 119 tnt1=  15 tnt2=  16 +=  31D
x1= 135 x2= 137 y1= 126 y2= 116 tnt1=  10 tnt2=  14 +=  24D
x1= 126 x2= 132 y1= 136 y2= 118 tnt1=  14 tnt2=   9 +=  23D
x1= 137 x2= 125 y1= 138 y2= 119 tnt1=  22 tnt2=  23 +=  45
x1= 137 x2= 131 y1= 141 y2= 120 tnt1=  18 tnt2=  17 +=  35D
x1= 137 x2= 138 y1= 139 y2= 120 tnt1=  12 tnt2=  13 +=  25D
x1= 138 x2= 135 y1= 140 y2= 121 tnt1=  24 tnt2=  26 +=  50
x1= 134 x2= 134 y1= 138 y2= 120 tnt1=  14 tnt2=  16 +=  30D
x1= 137 x2= 141 y1= 138 y2= 120 tnt1=   7 tnt2=  11 +=  18D
x1= 136 x2= 130 y1= 139 y2= 120 tnt1=  18 tnt2=  18 +=  36D
x1= 129 x2= 134 y1= 138 y2= 120 tnt1=  15 tnt2=  16 +=  31D
x1= 136 x2= 139 y1= 129 y2= 117 tnt1=  10 tnt2=  15 +=  25D
x1= 129 x2= 134 y1= 139 y2= 119 tnt1=  15 tnt2=  14 +=  29D
x1= 138 x2= 125 y1= 138 y2= 119 tnt1=  23 tnt2=  21 +=  44
x1= 137 x2= 137 y1= 138 y2= 120 tnt1=  12 tnt2=  13 +=  25D
x1= 148 x2= 137 y1= 138 y2= 120 tnt1=  12 tnt2=  13 +=  25D
x1= 134 x2= 135 y1= 138 y2= 119 tnt1=  14 tnt2=  15 +=  29D
x1= 135 x2= 135 y1= 140 y2= 120 tnt1=  14 tnt2=  15 +=  29D
x1= 136 x2= 144 y1= 139 y2= 120 tnt1=   3 tnt2=  22 +=  25D
x1= 137 x2= 129 y1= 139 y2= 120 tnt1=  18 tnt2=  19 +=  37D
x1= 132 x2= 134 y1= 139 y2= 120 tnt1=  15 tnt2=  16 +=  31D
x1= 136 x2= 139 y1= 130 y2= 118 tnt1=  12 tnt2=  13 +=  25D
x1= 135 x2= 135 y1= 137 y2= 119 tnt1=  14 tnt2=  14 +=  28D
x1= 137 x2= 144 y1= 138 y2= 119 tnt1=   7 tnt2=   5 +=  12D
x1= 136 x2= 137 y1= 138 y2= 119 tnt1=  12 tnt2=  14 +=  26D
x1= 137 x2= 135 y1= 140 y2= 121 tnt1=  13 tnt2=  15 +=  28D
x1= 132 x2= 134 y1= 138 y2= 120 tnt1=  14 tnt2=  15 +=  29D
x1= 135 x2= 135 y1= 140 y2= 120 tnt1=  14 tnt2=  15 +=  29D
x1= 137 x2= 128 y1= 140 y2= 121 tnt1=  21 tnt2=  21 +=  42
x1= 138 x2= 132 y1= 141 y2= 120 tnt1=  16 tnt2=  17 +=  33D
x1= 147 x2= 136 y1= 138 y2= 120 tnt1=  13 tnt2=  14 +=  27D
x1= 136 x2= 133 y1= 128 y2= 118 tnt1=  16 tnt2=  15 +=  31D
x1= 135 x2= 135 y1= 140 y2= 120 tnt1=   3 tnt2=  15 +=  18D
x1= 137 x2= 139 y1= 140 y2= 120 tnt1=  10 tnt2=  11 +=  21D
x1= 148 x2= 136 y1= 138 y2= 120 tnt1=  13 tnt2=  14 +=  27D
x1= 128 x2= 134 y1= 140 y2= 120 tnt1=  15 tnt2=  16 +=  31D
x1= 135 x2= 135 y1= 137 y2= 119 tnt1=  14 tnt2=   4 +=  18D
x1= 138 x2= 125 y1= 139 y2= 121 tnt1=  25 tnt2=  26 +=  51
x1= 137 x2= 130 y1= 141 y2= 121 tnt1=  18 tnt2=  17 +=  35D
x1= 137 x2= 138 y1= 137 y2= 120 tnt1=  11 tnt2=  13 +=  24D
x1= 141 x2= 135 y1= 139 y2= 120 tnt1=  13 tnt2=  14 +=  27D
x1= 136 x2= 132 y1= 130 y2= 118 tnt1=  17 tnt2=  15 +=  32D
x1= 140 x2= 135 y1= 138 y2= 120 tnt1=  14 tnt2=  17 +=  31D
x1= 137 x2= 139 y1= 139 y2= 120 tnt1=  10 tnt2=  12 +=  22D
x1= 126 x2= 133 y1= 140 y2= 120 tnt1=  16 tnt2=  16 +=  32D
x1= 130 x2= 134 y1= 139 y2= 120 tnt1=  15 tnt2=  16 +=  31D
x1= 134 x2= 134 y1= 142 y2= 121 tnt1=  10 tnt2=  15 +=  25D
x1= 138 x2= 128 y1= 140 y2= 121 tnt1=  20 tnt2=  20 +=  40D
x1= 137 x2= 132 y1= 140 y2= 121 tnt1=  17 tnt2=  17 +=  34D
x1= 148 x2= 136 y1= 139 y2= 120 tnt1=  13 tnt2=  14 +=  27D
x1= 139 x2= 135 y1= 141 y2= 122 tnt1=  14 tnt2=  15 +=  29D
x1= 137 x2= 138 y1= 129 y2= 118 tnt1=  13 tnt2=  14 +=  27D
x1= 141 x2= 135 y1= 140 y2= 121 tnt1=  14 tnt2=  17 +=  31D
x1= 138 x2= 128 y1= 141 y2= 121 tnt1=  17 tnt2=  24 +=  41
x1= 126 x2= 134 y1= 139 y2= 120 tnt1=  16 tnt2=  17 +=  33D
x1= 133 x2= 135 y1= 138 y2= 121 tnt1=  15 tnt2=  15 +=  30D
x1= 138 x2= 135 y1= 141 y2= 121 tnt1=  25 tnt2=  15 +=  40D
x1= 138 x2= 127 y1= 139 y2= 121 tnt1=  21 tnt2=  21 +=  42
x1= 143 x2= 136 y1= 140 y2= 121 tnt1=  13 tnt2=  15 +=  28D
x1= 144 x2= 135 y1= 141 y2= 121 tnt1=  14 tnt2=  14 +=  28D
x1= 133 x2= 135 y1= 142 y2= 123 tnt1=  15 tnt2=  17 +=  32D
x1= 147 x2= 138 y1= 166 y2= 125 tnt1=  13 tnt2=  23 +=  36D
x1= 142 x2= 138 y1= 142 y2= 122 tnt1=  15 tnt2=  17 +=  32D
x1= 140 x2= 135 y1= 142 y2= 122 tnt1=  17 tnt2=  17 +=  34D
x1= 150 x2= 140 y1= 141 y2= 122 tnt1=  13 tnt2=  14 +=  27D
x1= 144 x2= 139 y1= 140 y2= 121 tnt1=  14 tnt2=  15 +=  29D
x1= 140 x2= 139 y1= 142 y2= 123 tnt1=  14 tnt2=  26 +=  40D
x1= 140 x2= 147 y1= 143 y2= 121 tnt1=   6 tnt2=   5 +=  11D
x1= 141 x2= 141 y1= 140 y2= 121 tnt1=  12 tnt2=  14 +=  26D
x1= 147 x2= 140 y1= 138 y2= 121 tnt1=  14 tnt2=  15 +=  29D
x1= 139 x2= 138 y1= 141 y2= 121 tnt1=  14 tnt2=  16 +=  30D
x1= 132 x2= 138 y1= 131 y2= 119 tnt1=  14 tnt2=   5 +=  19D
x1= 143 x2= 139 y1= 140 y2= 120 tnt1=  21 tnt2=  15 +=  36D
x1= 141 x2= 136 y1= 140 y2= 121 tnt1=  16 tnt2=  18 +=  34D
x1= 149 x2= 140 y1= 140 y2= 121 tnt1=  13 tnt2=  15 +=  28D
x1= 145 x2= 139 y1= 139 y2= 121 tnt1=  14 tnt2=  15 +=  29D
x1= 150 x2= 140 y1= 140 y2= 121 tnt1=  13 tnt2=  15 +=  28D
x1= 141 x2= 147 y1= 139 y2= 121 tnt1=   7 tnt2=   9 +=  16D
x1= 141 x2= 141 y1= 139 y2= 120 tnt1=  13 tnt2=  14 +=  27D
x1= 130 x2= 138 y1= 140 y2= 121 tnt1=  15 tnt2=  16 +=  31D
x1= 140 x2= 138 y1= 138 y2= 120 tnt1=   3 tnt2=   7 +=  10D
x1= 141 x2= 133 y1= 129 y2= 119 tnt1=  20 tnt2=  15 +=  35D
x1= 148 x2= 140 y1= 140 y2= 120 tnt1=  14 tnt2=  20 +=  34D
x1= 134 x2= 138 y1= 142 y2= 122 tnt1=  15 tnt2=  17 +=  32D
x1= 142 x2= 139 y1= 142 y2= 122 tnt1=  25 tnt2=  26 +=  51
x1= 144 x2= 139 y1= 141 y2= 122 tnt1=  14 tnt2=  15 +=  29D
x1= 140 x2= 148 y1= 142 y2= 121 tnt1=   4 tnt2=   6 +=  10D
x1= 141 x2= 144 y1= 141 y2= 121 tnt1=  11 tnt2=  11 +=  22D
x1= 142 x2= 133 y1= 140 y2= 122 tnt1=  21 tnt2=  21 +=  42
x1= 135 x2= 138 y1= 143 y2= 122 tnt1=  15 tnt2=  16 +=  31D
x1= 139 x2= 139 y1= 141 y2= 121 tnt1=  15 tnt2=  16 +=  31D
x1= 137 x2= 139 y1= 135 y2= 119 tnt1=  15 tnt2=  12 +=  27D
x1= 140 x2= 139 y1= 141 y2= 121 tnt1=   9 tnt2=  14 +=  23D
x1= 151 x2= 141 y1= 140 y2= 122 tnt1=  13 tnt2=  14 +=  27D
x1= 144 x2= 139 y1= 140 y2= 122 tnt1=  14 tnt2=  16 +=  30D
x1= 137 x2= 138 y1= 141 y2= 122 tnt1=  16 tnt2=  16 +=  32D
x1= 142 x2= 130 y1= 140 y2= 122 tnt1=  15 tnt2=  24 +=  39D
x1= 140 x2= 147 y1= 142 y2= 122 tnt1=   8 tnt2=  10 +=  18D
x1= 135 x2= 139 y1= 142 y2= 121 tnt1=  15 tnt2=  16 +=  31D
x1= 135 x2= 139 y1= 140 y2= 122 tnt1=  15 tnt2=  16 +=  31D
x1= 142 x2= 131 y1= 143 y2= 122 tnt1=  13 tnt2=  23 +=  36D
x1= 139 x2= 138 y1= 119 y2= 117 tnt1=  15 tnt2=  14 +=  29D
x1= 142 x2= 139 y1= 142 y2= 122 tnt1=  25 tnt2=  16 +=  41
x1= 151 x2= 140 y1= 142 y2= 122 tnt1=  14 tnt2=  15 +=  29D
x1= 143 x2= 140 y1= 141 y2= 122 tnt1=  15 tnt2=  16 +=  31D
x1= 139 x2= 139 y1= 145 y2= 123 tnt1=  15 tnt2=  16 +=  31D
x1= 141 x2= 143 y1= 142 y2= 122 tnt1=  11 tnt2=  13 +=  24D
x1= 142 x2= 135 y1= 142 y2= 122 tnt1=  20 tnt2=  19 +=  39D
x1= 136 x2= 139 y1= 142 y2= 122 tnt1=  15 tnt2=  16 +=  31D
x1= 145 x2= 140 y1= 141 y2= 122 tnt1=  13 tnt2=  16 +=  29D
x1= 142 x2= 137 y1= 144 y2= 123 tnt1=  16 tnt2=  18 +=  34D
x1= 137 x2= 139 y1= 167 y2= 124 tnt1=  15 tnt2=  12 +=  27D
x1= 141 x2= 147 y1= 139 y2= 121 tnt1=   9 tnt2=  16 +=  25D
x1= 151 x2= 141 y1= 141 y2= 122 tnt1=  14 tnt2=  15 +=  29D
x1= 139 x2= 139 y1= 143 y2= 122 tnt1=  15 tnt2=  16 +=  31D
x1= 140 x2= 139 y1= 143 y2= 122 tnt1=  15 tnt2=   6 +=  21D
x1= 142 x2= 134 y1= 143 y2= 123 tnt1=  20 tnt2=  22 +=  42
x1= 142 x2= 136 y1= 145 y2= 122 tnt1=  17 tnt2=  18 +=  35D
x1= 138 x2= 138 y1= 142 y2= 123 tnt1=  15 tnt2=  16 +=  31D
x1= 145 x2= 140 y1= 142 y2= 122 tnt1=  15 tnt2=  16 +=  31D
x1= 142 x2= 133 y1= 144 y2= 123 tnt1=  22 tnt2=  21 +=  43
x1= 144 x2= 141 y1= 134 y2= 121 tnt1=  24 tnt2=  23 +=  47
x1= 133 x2= 140 y1= 131 y2= 119 tnt1=  26 tnt2=  14 +=  40D
x1= 133 x2= 139 y1= 142 y2= 123 tnt1=  16 tnt2=  17 +=  33D
x1= 140 x2= 140 y1= 143 y2= 123 tnt1=  15 tnt2=  17 +=  32D
x1= 141 x2= 149 y1= 143 y2= 123 tnt1=   5 tnt2=  17 +=  22D
x1= 143 x2= 136 y1= 144 y2= 123 tnt1=  19 tnt2=  20 +=  39D
x1= 131 x2= 138 y1= 145 y2= 123 tnt1=  16 tnt2=  18 +=  34D
x1= 152 x2= 143 y1= 147 y2= 126 tnt1=  15 tnt2=  16 +=  31D
x1= 146 x2= 141 y1= 146 y2= 125 tnt1=  15 tnt2=  17 +=  32D
x1= 142 x2= 150 y1= 147 y2= 125 tnt1=   6 tnt2=   9 +=  15D
x1= 146 x2= 141 y1= 132 y2= 121 tnt1=  15 tnt2=  19 +=  34D
x1= 144 x2= 134 y1= 146 y2= 124 tnt1=  21 tnt2=  26 +=  47
x1= 135 x2= 141 y1= 144 y2= 125 tnt1=  17 tnt2=  18 +=  35D
x1= 143 x2= 151 y1= 145 y2= 125 tnt1=   5 tnt2=   6 +=  11D
x1= 146 x2= 142 y1= 144 y2= 125 tnt1=  15 tnt2=  28 +=  43
x1= 138 x2= 141 y1= 146 y2= 125 tnt1=  16 tnt2=  18 +=  34D
x1= 144 x2= 145 y1= 146 y2= 125 tnt1=  13 tnt2=  15 +=  28D
x1= 146 x2= 142 y1= 146 y2= 125 tnt1=  15 tnt2=  16 +=  31D
x1= 146 x2= 142 y1= 146 y2= 125 tnt1=  15 tnt2=  17 +=  32D
x1= 143 x2= 151 y1= 146 y2= 124 tnt1=   5 tnt2=   8 +=  13D
x1= 146 x2= 142 y1= 137 y2= 121 tnt1=  15 tnt2=  18 +=  33D
x1= 143 x2= 146 y1= 144 y2= 124 tnt1=  12 tnt2=  26 +=  38D
x1= 140 x2= 141 y1= 146 y2= 124 tnt1=  16 tnt2=  18 +=  34D
x1= 143 x2= 142 y1= 143 y2= 125 tnt1=  15 tnt2=  17 +=  32D
x1= 145 x2= 133 y1= 145 y2= 124 tnt1=  23 tnt2=  24 +=  47
x1= 133 x2= 139 y1= 143 y2= 124 tnt1=  15 tnt2=  18 +=  33D
x1= 150 x2= 143 y1= 145 y2= 124 tnt1=  15 tnt2=  16 +=  31D
x1= 147 x2= 143 y1= 145 y2= 125 tnt1=  15 tnt2=  17 +=  32D
x1= 142 x2= 142 y1= 147 y2= 125 tnt1=  17 tnt2=  18 +=  35D
x1= 144 x2= 149 y1= 146 y2= 125 tnt1=  11 tnt2=  14 +=  25D
x1= 142 x2= 142 y1= 133 y2= 122 tnt1=   5 tnt2=  16 +=  21D
x1= 144 x2= 149 y1= 146 y2= 125 tnt1=  12 tnt2=  27 +=  39D
x1= 141 x2= 143 y1= 149 y2= 127 tnt1=  17 tnt2=  19 +=  36D
x1= 149 x2= 138 y1= 159 y2= 133 tnt1=  26 tnt2=  28 +=  54
x1= 162 x2= 148 y1= 189 y2= 159 tnt1=  40 tnt2=  40 +=  80
x1= 174 x2= 170 y1= 206 y2= 175 tnt1=  37 tnt2=  37 +=  74
x1= 168 x2= 162 y1= 191 y2= 162 tnt1=  31 tnt2=  38 +=  69
x1= 158 x2= 162 y1= 209 y2= 178 tnt1=  40 tnt2=  40 +=  80
x1= 167 x2= 187 y1= 230 y2= 202 tnt1=  50 tnt2=  69 += 119
x1=1023 x2=1023 y1= 295 y2= 316 tnt1=1023 tnt2=1023 +=2046
x1=1023 x2=1023 y1= 306 y2= 333 tnt1=1015 tnt2=1021 +=2036
x1=1023 x2=1023 y1= 291 y2= 314 tnt1=1016 tnt2=1021 +=2037
x1=1023 x2=1023 y1= 298 y2= 319 tnt1=1016 tnt2=1010 +=2026
x1=1023 x2=1023 y1= 304 y2= 325 tnt1=1023 tnt2=1023 +=2046
x1=1023 x2=1023 y1= 301 y2= 321 tnt1=1015 tnt2=1020 +=2035
x1=1023 x2=1023 y1= 290 y2= 311 tnt1=1016 tnt2=1021 +=2037
x1=1023 x2=1023 y1= 305 y2= 325 tnt1=1023 tnt2=1023 +=2046
x1=1023 x2=1023 y1= 300 y2= 319 tnt1=1023 tnt2=1023 +=2046
x1=1023 x2=1023 y1= 294 y2= 314 tnt1=1018 tnt2=1022 +=2040
x1=1023 x2=1023 y1= 284 y2= 305 tnt1=1023 tnt2=1023 +=2046
x1=1023 x2=1023 y1= 301 y2= 329 tnt1=1023 tnt2=1023 +=2046
x1=1023 x2=1023 y1= 272 y2= 293 tnt1=1023 tnt2=1023 +=2046
x1=1023 x2=1023 y1= 296 y2= 317 tnt1=1016 tnt2=1015 +=2031
x1=1023 x2=1023 y1= 305 y2= 325 tnt1=1013 tnt2=1023 +=2036
x1=1023 x2=1023 y1= 297 y2= 318 tnt1=1015 tnt2=1021 +=2036
x1=1023 x2=1023 y1= 302 y2= 323 tnt1=1015 tnt2=1013 +=2028
x1=1023 x2=1023 y1= 293 y2= 311 tnt1=1023 tnt2=1023 +=2046
x1=1023 x2=1023 y1= 295 y2= 316 tnt1=1023 tnt2=1023 +=2046
x1=1023 x2=1023 y1= 294 y2= 315 tnt1=1023 tnt2=1023 +=2046
x1=1023 x2=1023 y1= 307 y2= 327 tnt1=1023 tnt2=1023 +=2046
x1=1023 x2=1023 y1= 307 y2= 336 tnt1=1023 tnt2=1023 +=2046
x1=1023 x2=1023 y1= 292 y2= 315 tnt1=1023 tnt2=1023 +=2046
x1=1023 x2=1023 y1= 291 y2= 312 tnt1=1016 tnt2=1010 +=2026
x1=1023 x2=1023 y1= 296 y2= 316 tnt1=1016 tnt2=1021 +=2037
x1=1023 x2=1023 y1= 289 y2= 309 tnt1=1016 tnt2=1021 +=2037
x1=1023 x2=1023 y1= 300 y2= 321 tnt1=1023 tnt2=1023 +=2046
x1=1023 x2=1023 y1= 297 y2= 317 tnt1=1023 tnt2=1023 +=2046
x1=1023 x2=1023 y1= 295 y2= 316 tnt1=1023 tnt2=1023 +=2046
x1=1023 x2=1023 y1= 288 y2= 309 tnt1=1023 tnt2=1023 +=2046
x1=1023 x2=1023 y1= 282 y2= 302 tnt1=1023 tnt2=1023 +=2046
x1=1023 x2=1023 y1=  56 y2=  85 tnt1=1023 tnt2=1023 +=2046
x1=1023 x2=1023 y1= 297 y2= 320 tnt1=1023 tnt2=1023 +=2046
x1=1023 x2=1023 y1= 287 y2= 307 tnt1=1023 tnt2=1023 +=2046
x1=1023 x2=1023 y1= 295 y2= 316 tnt1=1016 tnt2=1020 +=2036
x1=1023 x2=1023 y1= 291 y2= 312 tnt1=1023 tnt2=1023 +=2046
x1=1023 x2=1023 y1= 291 y2= 310 tnt1=1016 tnt2=1021 +=2037
x1=1023 x2=1023 y1= 307 y2= 328 tnt1=1023 tnt2=1023 +=2046
x1=1023 x2=1023 y1= 293 y2= 313 tnt1=1016 tnt2=1010 +=2026
x1=1023 x2=1023 y1= 303 y2= 323 tnt1=1023 tnt2=1023 +=2046
x1=1023 x2=1023 y1= 300 y2= 321 tnt1=1015 tnt2=1021 +=2036
x1=1023 x2=1023 y1= 308 y2= 337 tnt1=1023 tnt2=1023 +=2046
x1=1023 x2=1023 y1= 296 y2= 319 tnt1=1023 tnt2=1021 +=2044
x1=1023 x2=1023 y1= 293 y2= 313 tnt1=1015 tnt2=1021 +=2036
x1=1023 x2=1023 y1= 301 y2= 321 tnt1=1015 tnt2=1020 +=2035
x1=1023 x2=1023 y1= 305 y2= 325 tnt1=1023 tnt2=1023 +=2046
x1=1023 x2=1023 y1= 285 y2= 306 tnt1=1023 tnt2=1023 +=2046
x1=1023 x2=1023 y1= 297 y2= 318 tnt1=1017 tnt2=1010 +=2027
x1=1023 x2=1023 y1= 299 y2= 320 tnt1=1023 tnt2=1023 +=2046
x1=1023 x2=1023 y1= 306 y2= 326 tnt1=1023 tnt2=1023 +=2046
x1=1023 x2=1023 y1= 283 y2= 304 tnt1=1016 tnt2=1016 +=2032
x1=1023 x2=1023 y1= 316 y2= 347 tnt1=1023 tnt2=1023 +=2046
x1=1023 x2=1023 y1= 280 y2= 303 tnt1=1016 tnt2=1009 +=2025
x1=1023 x2=1023 y1= 297 y2= 317 tnt1=1015 tnt2=1021 +=2036
x1=1023 x2=1023 y1= 299 y2= 319 tnt1=1023 tnt2=1023 +=2046
x1=1023 x2=1023 y1= 297 y2= 316 tnt1=1023 tnt2=1023 +=2046
x1=1023 x2=1023 y1= 305 y2= 325 tnt1=1016 tnt2=1014 +=2030
x1=1023 x2=1023 y1= 292 y2= 314 tnt1=1017 tnt2=1020 +=2037
x1=1023 x2=1023 y1= 298 y2= 319 tnt1=1023 tnt2=1023 +=2046
x1=1023 x2=1023 y1= 296 y2= 317 tnt1=1015 tnt2=1020 +=2035
x1=1023 x2=1023 y1= 300 y2= 320 tnt1=1015 tnt2=1020 +=2035
x1=1023 x2=1023 y1= 305 y2= 335 tnt1=1023 tnt2=1023 +=2046
x1=1023 x2=1023 y1= 290 y2= 319 tnt1=1016 tnt2=1023 +=2039
x1=1023 x2=1023 y1= 292 y2= 313 tnt1=1023 tnt2=1023 +=2046
x1=1023 x2=1023 y1= 295 y2= 316 tnt1=1023 tnt2=1023 +=2046
x1=1023 x2=1023 y1= 285 y2= 306 tnt1=1023 tnt2=1023 +=2046
x1=1023 x2=1023 y1= 296 y2= 317 tnt1=1017 tnt2=1011 +=2028
x1=1023 x2=1023 y1= 301 y2= 320 tnt1=1017 tnt2=1010 +=2027
x1=1023 x2=1023 y1= 300 y2= 320 tnt1=1016 tnt2=1021 +=2037
x1=1023 x2=1023 y1= 296 y2= 317 tnt1=1016 tnt2=1021 +=2037
x1=1023 x2=1023 y1= 292 y2= 312 tnt1=1023 tnt2=1023 +=2046
x1=1023 x2=1023 y1= 306 y2= 336 tnt1=1015 tnt2=1013 +=2028
x1=1023 x2=1023 y1= 296 y2= 320 tnt1=1016 tnt2=1010 +=2026
x1=1023 x2=1023 y1= 282 y2= 304 tnt1=1023 tnt2=1023 +=2046
x1=1023 x2=1023 y1= 285 y2= 306 tnt1=1016 tnt2=1020 +=2036
x1=1023 x2=1023 y1= 296 y2= 315 tnt1=1015 tnt2=1021 +=2036
x1=1023 x2=1023 y1= 284 y2= 302 tnt1=1016 tnt2=1010 +=2026
x1=1023 x2=1023 y1= 296 y2= 316 tnt1=1023 tnt2=1023 +=2046
x1=1023 x2=1023 y1= 297 y2= 318 tnt1=1015 tnt2=1021 +=2036
x1=1023 x2=1023 y1= 294 y2= 314 tnt1=1016 tnt2=1020 +=2036
x1=1023 x2=1023 y1= 299 y2= 319 tnt1=1017 tnt2=1021 +=2038
x1=1023 x2=1023 y1= 303 y2= 334 tnt1=1015 tnt2=1022 +=2037
x1=1023 x2=1023 y1= 290 y2= 315 tnt1=1023 tnt2=1021 +=2044
x1=1023 x2=1023 y1= 296 y2= 317 tnt1=1023 tnt2=1023 +=2046
x1=1023 x2=1023 y1= 302 y2= 323 tnt1=1015 tnt2=1021 +=2036
x1=1023 x2=1023 y1= 291 y2= 310 tnt1=1015 tnt2=1012 +=2027
x1=1023 x2=1023 y1= 285 y2= 303 tnt1=1015 tnt2=1023 +=2038
x1=1023 x2=1023 y1= 294 y2= 314 tnt1=1022 tnt2=1020 +=2042
x1=1023 x2=1023 y1= 283 y2= 303 tnt1=1015 tnt2=1020 +=2035
x1=1023 x2=1023 y1= 302 y2= 322 tnt1=1023 tnt2=1023 +=2046
x1=1023 x2=1023 y1= 294 y2= 315 tnt1=1023 tnt2=1023 +=2046
x1=1023 x2=1023 y1= 300 y2= 328 tnt1=1023 tnt2=1023 +=2046
x1=1023 x2=1023 y1= 286 y2= 308 tnt1=1023 tnt2=1021 +=2044
x1=1023 x2=1023 y1= 295 y2= 313 tnt1=1023 tnt2=1008 +=2031
x1=1023 x2=1023 y1= 282 y2= 303 tnt1=1017 tnt2=1019 +=2036
x1=1023 x2=1023 y1= 294 y2= 314 tnt1=1016 tnt2=1013 +=2029
x1=1023 x2=1023 y1= 297 y2= 318 tnt1=1023 tnt2=1023 +=2046
x1=1023 x2=1023 y1= 290 y2= 310 tnt1=1015 tnt2=1020 +=2035
x1=1023 x2=1023 y1= 293 y2= 314 tnt1=1023 tnt2=1023 +=2046
x1=1023 x2=1023 y1= 294 y2= 314 tnt1=1023 tnt2=1023 +=2046
x1=1023 x2=1023 y1= 293 y2= 313 tnt1=1023 tnt2=1012 +=2035
x1=1023 x2=1023 y1= 299 y2= 328 tnt1=1023 tnt2=1023 +=2046
x1=1023 x2=1023 y1= 287 y2= 307 tnt1=1023 tnt2=1021 +=2044
x1=1023 x2=1023 y1= 293 y2= 314 tnt1=1015 tnt2=1021 +=2036
x1=1023 x2=1023 y1= 300 y2= 321 tnt1=1015 tnt2=1018 +=2033
x1=1023 x2=1023 y1= 303 y2= 323 tnt1=1023 tnt2=1023 +=2046
x1= 168 x2= 179 y1= 209 y2= 178 tnt1=  33 tnt2=  80 += 113
x1= 550 x2= 561 y1= 318 y2= 338 tnt1= 363 tnt2=1023 +=1386
x1=1023 x2=1023 y1= 282 y2= 300 tnt1=1023 tnt2=1023 +=2046
x1=1023 x2=1023 y1= 286 y2= 307 tnt1=1023 tnt2=1023 +=2046
x1=1023 x2=1023 y1= 283 y2= 302 tnt1=1016 tnt2=  78 +=1094
x1= 179 x2= 174 y1= 188 y2= 158 tnt1=  33 tnt2=  57 +=  90
x1= 173 x2= 167 y1= 184 y2= 155 tnt1=  27 tnt2=  54 +=  81
x1= 174 x2= 169 y1= 185 y2= 156 tnt1=  26 tnt2=  45 +=  71
x1=1023 x2=1023 y1= 282 y2= 303 tnt1=1012 tnt2=1019 +=2031
x1=1023 x2=1023 y1= 288 y2= 309 tnt1=1023 tnt2=1023 +=2046
x1=1023 x2=1023 y1= 290 y2= 311 tnt1=1023 tnt2=1023 +=2046
x1=1023 x2=1023 y1= 294 y2= 314 tnt1=1023 tnt2=1023 +=2046
x1= 176 x2= 175 y1= 212 y2= 181 tnt1=  49 tnt2=  99 += 148
x1= 179 x2= 175 y1= 206 y2= 174 tnt1=  34 tnt2=  45 +=  79
x1= 179 x2= 178 y1= 214 y2= 186 tnt1=  39 tnt2=  45 +=  84
x1= 175 x2= 192 y1= 217 y2= 195 tnt1=  48 tnt2=  31 +=  79
x1= 169 x2= 179 y1= 204 y2= 174 tnt1=  32 tnt2=  48 +=  80
x1=1023 x2=1023 y1= 287 y2= 308 tnt1=1015 tnt2=1021 +=2036
x1=1023 x2=1023 y1= 287 y2= 308 tnt1=1023 tnt2=1023 +=2046
x1= 164 x2= 170 y1= 205 y2= 175 tnt1=  40 tnt2=  47 +=  87
x1= 169 x2= 166 y1= 183 y2= 155 tnt1=  39 tnt2=  45 +=  84
x1= 167 x2= 155 y1= 184 y2= 154 tnt1=  36 tnt2=  55 +=  91
x1= 164 x2= 169 y1= 186 y2= 154 tnt1=  25 tnt2=  40 +=  65
x1= 174 x2= 167 y1= 182 y2= 152 tnt1=  24 tnt2=  31 +=  55
x1= 164 x2= 162 y1= 168 y2= 143 tnt1=  22 tnt2=  31 +=  53
x1= 169 x2= 162 y1= 152 y2= 134 tnt1=  22 tnt2=  35 +=  57
x1= 164 x2= 161 y1= 164 y2= 138 tnt1=  33 tnt2=  30 +=  63
x1= 149 x2= 156 y1= 164 y2= 139 tnt1=  25 tnt2=  32 +=  57
x1= 155 x2= 159 y1= 165 y2= 139 tnt1=  23 tnt2=  30 +=  53
x1= 166 x2= 161 y1= 166 y2= 139 tnt1=  21 tnt2=  27 +=  48
x1= 160 x2= 159 y1= 162 y2= 139 tnt1=  19 tnt2=  30 +=  49
x1= 162 x2= 153 y1= 166 y2= 139 tnt1=  28 tnt2=  34 +=  62
x1= 171 x2= 162 y1= 166 y2= 139 tnt1=  18 tnt2=  26 +=  44
x1= 169 x2= 161 y1= 164 y2= 139 tnt1=  20 tnt2=  26 +=  46
x1= 157 x2= 158 y1= 165 y2= 138 tnt1=  21 tnt2=  22 +=  43
x1= 169 x2= 161 y1= 148 y2= 132 tnt1=  20 tnt2=  33 +=  53
x1= 163 x2= 155 y1= 168 y2= 141 tnt1=  27 tnt2=  35 +=  62
x1= 152 x2= 158 y1= 169 y2= 140 tnt1=  25 tnt2=  33 +=  58
x1= 156 x2= 158 y1= 164 y2= 138 tnt1=  23 tnt2=  32 +=  55
x1= 165 x2= 159 y1= 166 y2= 140 tnt1=  21 tnt2=  28 +=  49
x1= 163 x2= 149 y1= 163 y2= 137 tnt1=  31 tnt2=  36 +=  67
x1= 160 x2= 165 y1= 161 y2= 136 tnt1=  15 tnt2=  22 +=  37D
x1= 165 x2= 159 y1= 159 y2= 134 tnt1=  20 tnt2=  25 +=  45
x1= 148 x2= 155 y1= 159 y2= 135 tnt1=  21 tnt2=  26 +=  47
x1= 158 x2= 157 y1= 156 y2= 131 tnt1=   8 tnt2=  14 +=  22D
x1= 165 x2= 158 y1= 141 y2= 127 tnt1=  18 tnt2=  26 +=  44
x1= 153 x2= 156 y1= 153 y2= 130 tnt1=  20 tnt2=  22 +=  42
x1= 150 x2= 156 y1= 153 y2= 131 tnt1=  20 tnt2=  25 +=  45
x1= 163 x2= 158 y1= 152 y2= 130 tnt1=  17 tnt2=  21 +=  38D
x1= 157 x2= 166 y1= 153 y2= 130 tnt1=   7 tnt2=  10 +=  17D
x1= 158 x2= 166 y1= 151 y2= 129 tnt1=   7 tnt2=  13 +=  20D
x1= 166 x2= 159 y1= 150 y2= 129 tnt1=  15 tnt2=  18 +=  33D
x1= 161 x2= 158 y1= 153 y2= 130 tnt1=  27 tnt2=  29 +=  56
x1= 155 x2= 156 y1= 149 y2= 128 tnt1=  18 tnt2=  21 +=  39D
x1= 157 x2= 166 y1= 148 y2= 127 tnt1=   6 tnt2=  12 +=  18D
x1= 151 x2= 156 y1= 139 y2= 123 tnt1=  10 tnt2=   9 +=  19D
x1= 156 x2= 164 y1= 134 y2= 122 tnt1=  23 tnt2=  18 +=  41
x1= 159 x2= 163 y1= 150 y2= 127 tnt1=  12 tnt2=  15 +=  27D
x1= 161 x2= 158 y1= 147 y2= 127 tnt1=  16 tnt2=  30 +=  46
x1= 161 x2= 157 y1= 147 y2= 127 tnt1=  26 tnt2=  30 +=  56
x1= 158 x2= 162 y1= 146 y2= 126 tnt1=  12 tnt2=  15 +=  27D
x1= 159 x2= 160 y1= 146 y2= 126 tnt1=  14 tnt2=  17 +=  31D
x1= 152 x2= 156 y1= 145 y2= 126 tnt1=  18 tnt2=  20 +=  38D
x1= 155 x2= 156 y1= 146 y2= 125 tnt1=  17 tnt2=  19 +=  36D
x1= 163 x2= 157 y1= 146 y2= 125 tnt1=  16 tnt2=  18 +=  34D
x1= 156 x2= 156 y1= 174 y2= 127 tnt1=  17 tnt2=  16 +=  33D
x1= 158 x2= 162 y1= 144 y2= 123 tnt1=  11 tnt2=  17 +=  28D
x1= 168 x2= 158 y1= 145 y2= 125 tnt1=  15 tnt2=  18 +=  33D
x1= 160 x2= 147 y1= 146 y2= 126 tnt1=  27 tnt2=  26 +=  53
x1= 156 x2= 156 y1= 145 y2= 125 tnt1=  17 tnt2=  19 +=  36D
x1= 158 x2= 160 y1= 147 y2= 126 tnt1=  13 tnt2=  14 +=  27D
x1= 159 x2= 154 y1= 142 y2= 124 tnt1=  18 tnt2=  20 +=  38D
x1= 154 x2= 156 y1= 144 y2= 124 tnt1=  17 tnt2=  19 +=  36D
x1= 157 x2= 157 y1= 146 y2= 124 tnt1=  16 tnt2=  18 +=  34D
x1= 161 x2= 149 y1= 143 y2= 124 tnt1=  24 tnt2=  25 +=  49
x1= 158 x2= 158 y1= 138 y2= 121 tnt1=  16 tnt2=  15 +=  31D
x1= 160 x2= 154 y1= 142 y2= 122 tnt1=  18 tnt2=   6 +=  24D
x1= 165 x2= 159 y1= 143 y2= 124 tnt1=  15 tnt2=  16 +=  31D
x1= 160 x2= 165 y1= 140 y2= 123 tnt1=  12 tnt2=  12 +=  24D
x1= 160 x2= 167 y1= 141 y2= 123 tnt1=   8 tnt2=  10 +=  18D
x1= 161 x2= 155 y1= 143 y2= 124 tnt1=  15 tnt2=  20 +=  35D
x1= 152 x2= 157 y1= 141 y2= 123 tnt1=  16 tnt2=  17 +=  33D
x1= 158 x2= 158 y1= 143 y2= 123 tnt1=  15 tnt2=  17 +=  32D
x1= 162 x2= 159 y1= 143 y2= 124 tnt1=  21 tnt2=  20 +=  41
x1= 161 x2= 150 y1= 141 y2= 123 tnt1=  24 tnt2=  25 +=  49
x1= 163 x2= 159 y1= 130 y2= 120 tnt1=  14 tnt2=  18 +=  32D
x1= 160 x2= 155 y1= 141 y2= 122 tnt1=  18 tnt2=   7 +=  25D
x1= 164 x2= 159 y1= 139 y2= 122 tnt1=  14 tnt2=  16 +=  30D
x1= 160 x2= 164 y1= 142 y2= 122 tnt1=  11 tnt2=  12 +=  23D
x1= 161 x2= 152 y1= 141 y2= 122 tnt1=  20 tnt2=  21 +=  41
x1= 149 x2= 157 y1= 141 y2= 123 tnt1=  17 tnt2=  18 +=  35D
x1= 155 x2= 158 y1= 140 y2= 122 tnt1=  15 tnt2=  17 +=  32D
x1= 163 x2= 159 y1= 140 y2= 123 tnt1=  14 tnt2=  16 +=  30D
x1= 161 x2= 148 y1= 139 y2= 122 tnt1=  25 tnt2=  23 +=  48
x1= 161 x2= 153 y1= 142 y2= 122 tnt1=  19 tnt2=  20 +=  39D
x1= 162 x2= 158 y1= 131 y2= 119 tnt1=  26 tnt2=  16 +=  42
x1= 161 x2= 159 y1= 142 y2= 122 tnt1=  14 tnt2=  17 +=  31D
x1= 158 x2= 157 y1= 142 y2= 122 tnt1=  15 tnt2=  16 +=  31D
x1= 160 x2= 167 y1= 142 y2= 122 tnt1=   7 tnt2=  10 +=  17D
x1= 161 x2= 151 y1= 140 y2= 122 tnt1=  20 tnt2=  26 +=  46
x1= 152 x2= 158 y1= 141 y2= 122 tnt1=  16 tnt2=  17 +=  33D
x1= 153 x2= 158 y1= 141 y2= 123 tnt1=  16 tnt2=  17 +=  33D
x1= 161 x2= 159 y1= 139 y2= 122 tnt1=  14 tnt2=  26 +=  40D
x1= 161 x2= 159 y1= 140 y2= 122 tnt1=  25 tnt2=  27 +=  52
x1= 168 x2= 160 y1= 141 y2= 122 tnt1=  14 tnt2=  15 +=  29D
x1= 162 x2= 169 y1= 131 y2= 119 tnt1=  14 tnt2=  14 +=  28D
x1= 171 x2= 162 y1= 138 y2= 120 tnt1=  13 tnt2=  22 +=  35D
x1= 161 x2= 160 y1= 140 y2= 121 tnt1=   3 tnt2=  16 +=  19D
x1= 162 x2= 167 y1= 139 y2= 122 tnt1=  10 tnt2=  20 +=  30D
x1= 162 x2= 156 y1= 139 y2= 121 tnt1=  18 tnt2=  19 +=  37D
x1= 154 x2= 158 y1= 141 y2= 121 tnt1=  15 tnt2=  17 +=  32D
x1= 170 x2= 161 y1= 138 y2= 121 tnt1=  14 tnt2=  15 +=  29D
x1= 164 x2= 160 y1= 139 y2= 121 tnt1=  15 tnt2=  27 +=  42
x1= 156 x2= 159 y1= 139 y2= 121 tnt1=  15 tnt2=  17 +=  32D
x1= 162 x2= 163 y1= 140 y2= 121 tnt1=  11 tnt2=  14 +=  25D
x1= 162 x2= 160 y1= 129 y2= 118 tnt1=  22 tnt2=  15 +=  37D
x1= 162 x2= 162 y1= 138 y2= 121 tnt1=  13 tnt2=  24 +=  37D
x1= 161 x2= 169 y1= 140 y2= 121 tnt1=   5 tnt2=   8 +=  13D
x1= 163 x2= 151 y1= 138 y2= 121 tnt1=  22 tnt2=  22 +=  44
x1= 154 x2= 158 y1= 139 y2= 122 tnt1=  17 tnt2=  18 +=  35D
x1= 173 x2= 162 y1= 139 y2= 121 tnt1=  14 tnt2=  15 +=  29D
x1= 167 x2= 162 y1= 138 y2= 120 tnt1=  15 tnt2=  16 +=  31D
x1= 163 x2= 164 y1= 142 y2= 121 tnt1=  15 tnt2=   7 +=  22D
x1= 163 x2= 170 y1= 137 y2= 120 tnt1=   7 tnt2=  11 +=  18D
x1= 163 x2= 164 y1= 140 y2= 121 tnt1=  13 tnt2=  15 +=  28D
x1= 162 x2= 162 y1= 127 y2= 118 tnt1=   5 tnt2=  14 +=  19D
x1= 175 x2= 164 y1= 138 y2= 120 tnt1=  14 tnt2=  20 +=  34D
x1= 166 x2= 162 y1= 138 y2= 120 tnt1=  15 tnt2=  16 +=  31D
x1= 164 x2= 158 y1= 139 y2= 121 tnt1=  19 tnt2=  19 +=  38D
x1= 163 x2= 158 y1= 137 y2= 120 tnt1=  17 tnt2=  18 +=  35D
x1= 161 x2= 162 y1= 139 y2= 120 tnt1=  13 tnt2=  16 +=  29D
x1= 166 x2= 162 y1= 138 y2= 121 tnt1=  14 tnt2=  26 +=  40D
x1= 163 x2= 171 y1= 138 y2= 120 tnt1=   5 tnt2=   6 +=  11D
x1= 163 x2= 169 y1= 137 y2= 120 tnt1=   9 tnt2=  12 +=  21D
x1= 166 x2= 157 y1= 139 y2= 121 tnt1=  19 tnt2=  22 +=  41
x1= 164 x2= 172 y1= 128 y2= 117 tnt1=   7 tnt2=  15 +=  22D
x1= 155 x2= 162 y1= 136 y2= 119 tnt1=  15 tnt2=   4 +=  19D
x1= 166 x2= 155 y1= 139 y2= 120 tnt1=  23 tnt2=  22 +=  45
x1= 166 x2= 159 y1= 140 y2= 120 tnt1=  18 tnt2=  20 +=  38D
x1= 166 x2= 167 y1= 136 y2= 120 tnt1=  12 tnt2=  13 +=  25D
x1= 170 x2= 165 y1= 140 y2= 120 tnt1=  15 tnt2=  16 +=  31D
x1= 163 x2= 164 y1= 138 y2= 120 tnt1=  15 tnt2=  16 +=  31D
x1= 166 x2= 172 y1= 136 y2= 119 tnt1=   9 tnt2=  12 +=  21D
x1= 168 x2= 160 y1= 139 y2= 121 tnt1=  19 tnt2=  22 +=  41
x1= 160 x2= 164 y1= 139 y2= 120 tnt1=  15 tnt2=  16 +=  31D
x1= 167 x2= 170 y1= 126 y2= 117 tnt1=  10 tnt2=  15 +=  25D
x1= 158 x2= 164 y1= 137 y2= 119 tnt1=  16 tnt2=  12 +=  28D
x1= 168 x2= 157 y1= 137 y2= 119 tnt1=  21 tnt2=  22 +=  43
x1= 165 x2= 170 y1= 136 y2= 119 tnt1=  10 tnt2=  12 +=  22D
x1= 178 x2= 167 y1= 136 y2= 119 tnt1=  14 tnt2=  14 +=  28D
x1= 160 x2= 165 y1= 138 y2= 119 tnt1=  15 tnt2=  17 +=  32D
x1= 165 x2= 165 y1= 136 y2= 119 tnt1=  15 tnt2=  16 +=  31D
x1= 166 x2= 174 y1= 135 y2= 120 tnt1=   8 tnt2=   6 +=  14D
x1= 168 x2= 161 y1= 137 y2= 120 tnt1=  17 tnt2=  21 +=  38D
x1= 157 x2= 164 y1= 137 y2= 119 tnt1=  15 tnt2=  17 +=  32D
x1= 167 x2= 175 y1= 127 y2= 117 tnt1=  13 tnt2=  14 +=  27D
x1= 167 x2= 170 y1= 136 y2= 119 tnt1=  12 tnt2=  26 +=  38D
x1= 166 x2= 166 y1= 137 y2= 119 tnt1=   3 tnt2=  16 +=  19D
x1= 168 x2= 169 y1= 135 y2= 119 tnt1=  12 tnt2=  13 +=  25D
x1= 168 x2= 168 y1= 136 y2= 119 tnt1=  12 tnt2=  13 +=  25D
x1= 165 x2= 165 y1= 135 y2= 118 tnt1=  15 tnt2=  15 +=  30D
x1= 165 x2= 166 y1= 136 y2= 119 tnt1=  15 tnt2=  16 +=  31D
x1= 168 x2= 160 y1= 139 y2= 120 tnt1=  21 tnt2=  22 +=  43
x1= 169 x2= 161 y1= 137 y2= 119 tnt1=  19 tnt2=  20 +=  39D
x1= 171 x2= 169 y1= 137 y2= 119 tnt1=  13 tnt2=  14 +=  27D
x1= 169 x2= 163 y1= 127 y2= 116 tnt1=  18 tnt2=  14 +=  32D
x1= 163 x2= 166 y1= 136 y2= 119 tnt1=  15 tnt2=   4 +=  19D
x1= 168 x2= 175 y1= 138 y2= 119 tnt1=   8 tnt2=   9 +=  17D
x1= 168 x2= 170 y1= 137 y2= 119 tnt1=  11 tnt2=  13 +=  24D
x1= 178 x2= 168 y1= 136 y2= 119 tnt1=  13 tnt2=  14 +=  27D
x1= 167 x2= 165 y1= 136 y2= 118 tnt1=  14 tnt2=  16 +=  30D
x1= 179 x2= 168 y1= 137 y2= 119 tnt1=  13 tnt2=  15 +=  28D
x1= 168 x2= 163 y1= 138 y2= 119 tnt1=  19 tnt2=  18 +=  37D
x1= 157 x2= 164 y1= 137 y2= 119 tnt1=  16 tnt2=  17 +=  33D
x1= 176 x2= 167 y1= 137 y2= 119 tnt1=  14 tnt2=  15 +=  29D
x1= 168 x2= 164 y1= 127 y2= 117 tnt1=  15 tnt2=  16 +=  31D
x1= 173 x2= 167 y1= 135 y2= 119 tnt1=  13 tnt2=  17 +=  30D
x1= 168 x2= 170 y1= 138 y2= 119 tnt1=  11 tnt2=  10 +=  21D
x1= 169 x2= 157 y1= 135 y2= 119 tnt1=  23 tnt2=  24 +=  47
x1= 161 x2= 166 y1= 138 y2= 119 tnt1=  15 tnt2=  16 +=  31D
x1= 171 x2= 168 y1= 138 y2= 120 tnt1=  17 tnt2=  15 +=  32D
x1= 171 x2= 169 y1= 136 y2= 121 tnt1=  26 tnt2=  16 +=  42
x1= 164 x2= 168 y1= 138 y2= 120 tnt1=  15 tnt2=  16 +=  31D
x1= 182 x2= 171 y1= 139 y2= 121 tnt1=  13 tnt2=  14 +=  27D
x1= 176 x2= 170 y1= 137 y2= 120 tnt1=  14 tnt2=  16 +=  30D
x1= 172 x2= 178 y1= 127 y2= 117 tnt1=   9 tnt2=  15 +=  24D
x1= 176 x2= 171 y1= 137 y2= 121 tnt1=  14 tnt2=  18 +=  32D
x1= 173 x2= 174 y1= 137 y2= 119 tnt1=  12 tnt2=  13 +=  25D
x1= 163 x2= 170 y1= 136 y2= 120 tnt1=  16 tnt2=  17 +=  33D
x1= 169 x2= 170 y1= 138 y2= 120 tnt1=  15 tnt2=  16 +=  31D
x1= 175 x2= 171 y1= 137 y2= 121 tnt1=  14 tnt2=  15 +=  29D
x1= 173 x2= 161 y1= 137 y2= 120 tnt1=  22 tnt2=  26 +=  48
x1= 172 x2= 178 y1= 136 y2= 119 tnt1=   6 tnt2=  11 +=  17D
x1= 184 x2= 173 y1= 138 y2= 121 tnt1=  14 tnt2=  14 +=  28D
x1= 176 x2= 171 y1= 136 y2= 119 tnt1=  14 tnt2=  15 +=  29D
x1= 178 x2= 172 y1= 126 y2= 117 tnt1=  12 tnt2=  25 +=  37D
x1= 174 x2= 171 y1= 137 y2= 120 tnt1=  14 tnt2=  17 +=  31D
x1= 174 x2= 167 y1= 136 y2= 119 tnt1=  17 tnt2=  18 +=  35D
x1= 166 x2= 170 y1= 137 y2= 119 tnt1=  15 tnt2=  17 +=  32D
x1= 177 x2= 172 y1= 135 y2= 119 tnt1=  14 tnt2=  15 +=  29D
x1= 175 x2= 162 y1= 139 y2= 120 tnt1=  23 tnt2=  23 +=  46
x1= 175 x2= 164 y1= 138 y2= 121 tnt1=  25 tnt2=  26 +=  51
x1= 173 x2= 176 y1= 137 y2= 119 tnt1=  11 tnt2=  11 +=  22D
x1= 183 x2= 173 y1= 136 y2= 120 tnt1=  13 tnt2=  15 +=  28D
x1= 171 x2= 171 y1= 137 y2= 119 tnt1=  15 tnt2=  16 +=  31D
x1= 162 x2= 170 y1= 138 y2= 118 tnt1=  15 tnt2=  15 +=  30D
x1= 172 x2= 171 y1= 137 y2= 120 tnt1=   3 tnt2=  15 +=  18D
x1= 174 x2= 168 y1= 137 y2= 120 tnt1=  15 tnt2=  20 +=  35D
x1= 173 x2= 171 y1= 136 y2= 118 tnt1=   3 tnt2=  16 +=  19D
x1= 180 x2= 172 y1= 136 y2= 120 tnt1=  14 tnt2=  15 +=  29D
x1= 173 x2= 180 y1= 137 y2= 119 tnt1=   9 tnt2=   8 +=  17D
x1= 173 x2= 176 y1= 137 y2= 119 tnt1=  11 tnt2=  12 +=  23D
x1= 185 x2= 174 y1= 136 y2= 119 tnt1=  13 tnt2=  14 +=  27D
x1= 166 x2= 171 y1= 137 y2= 120 tnt1=  15 tnt2=  17 +=  32D
x1= 174 x2= 170 y1= 136 y2= 120 tnt1=  16 tnt2=  17 +=  33D
x1= 182 x2= 173 y1= 127 y2= 117 tnt1=  14 tnt2=  14 +=  28D
x1= 173 x2= 172 y1= 139 y2= 120 tnt1=   4 tnt2=  13 +=  17D
x1= 163 x2= 170 y1= 137 y2= 120 tnt1=  16 tnt2=  17 +=  33D
x1= 180 x2= 173 y1= 137 y2= 120 tnt1=  15 tnt2=  15 +=  30D
x1= 178 x2= 172 y1= 136 y2= 119 tnt1=  15 tnt2=  16 +=  31D
x1= 174 x2= 178 y1= 136 y2= 120 tnt1=  11 tnt2=  10 +=  21D
x1= 173 x2= 179 y1= 138 y2= 120 tnt1=  10 tnt2=   8 +=  18D
x1= 182 x2= 173 y1= 136 y2= 119 tnt1=  14 tnt2=  16 +=  30D
x1= 166 x2= 171 y1= 138 y2= 120 tnt1=  16 tnt2=  17 +=  33D
x1= 173 x2= 172 y1= 139 y2= 120 tnt1=   3 tnt2=  16 +=  19D
x1= 167 x2= 171 y1= 127 y2= 117 tnt1=  16 tnt2=  13 +=  29D
x1= 173 x2= 172 y1= 137 y2= 120 tnt1=   4 tnt2=  14 +=  18D
x1= 174 x2= 174 y1= 138 y2= 121 tnt1=  13 tnt2=  13 +=  26D
x1= 178 x2= 172 y1= 139 y2= 120 tnt1=  14 tnt2=  16 +=  30D
x1= 177 x2= 172 y1= 138 y2= 121 tnt1=  14 tnt2=  17 +=  31D
x1= 175 x2= 172 y1= 139 y2= 121 tnt1=  17 tnt2=  27 +=  44
x1= 174 x2= 177 y1= 138 y2= 120 tnt1=  12 tnt2=  12 +=  24D
x1= 165 x2= 171 y1= 137 y2= 120 tnt1=  16 tnt2=  17 +=  33D
x1= 169 x2= 171 y1= 138 y2= 121 tnt1=  15 tnt2=  17 +=  32D
x1= 175 x2= 168 y1= 138 y2= 121 tnt1=  18 tnt2=  19 +=  37D
x1= 169 x2= 171 y1= 128 y2= 117 tnt1=  16 tnt2=  12 +=  28D
x1= 174 x2= 172 y1= 137 y2= 120 tnt1=  15 tnt2=  17 +=  32D
x1= 182 x2= 173 y1= 140 y2= 122 tnt1=  14 tnt2=  16 +=  30D
x1= 177 x2= 172 y1= 139 y2= 121 tnt1=  14 tnt2=  16 +=  30D
x1= 172 x2= 172 y1= 138 y2= 121 tnt1=  15 tnt2=  17 +=  32D
x1= 172 x2= 178 y1= 138 y2= 120 tnt1=   9 tnt2=  12 +=  21D
x1= 175 x2= 166 y1= 141 y2= 121 tnt1=  21 tnt2=  23 +=  44
x1= 163 x2= 171 y1= 140 y2= 122 tnt1=  17 tnt2=  17 +=  34D
x1= 181 x2= 173 y1= 139 y2= 119 tnt1=  15 tnt2=  16 +=  31D
x1= 175 x2= 164 y1= 140 y2= 121 tnt1=  23 tnt2=  22 +=  45
x1= 169 x2= 172 y1= 129 y2= 118 tnt1=  16 tnt2=   9 +=  25D
x1= 175 x2= 162 y1= 139 y2= 120 tnt1=  24 tnt2=  17 +=  41
x1= 181 x2= 173 y1= 139 y2= 120 tnt1=  14 tnt2=  16 +=  30D
x1= 172 x2= 172 y1= 137 y2= 120 tnt1=  16 tnt2=  16 +=  32D
x1= 173 x2= 172 y1= 140 y2= 120 tnt1=  15 tnt2=   5 +=  20D
x1= 174 x2= 178 y1= 139 y2= 121 tnt1=   9 tnt2=   8 +=  17D
x1= 174 x2= 170 y1= 139 y2= 121 tnt1=  17 tnt2=  19 +=  36D
x1= 169 x2= 172 y1= 138 y2= 120 tnt1=  16 tnt2=  17 +=  33D
x1= 178 x2= 174 y1= 139 y2= 121 tnt1=  15 tnt2=  16 +=  31D
x1= 176 x2= 163 y1= 138 y2= 121 tnt1=  25 tnt2=  26 +=  51
x1= 183 x2= 175 y1= 137 y2= 120 tnt1=  25 tnt2=  16 +=  41
x1= 176 x2= 173 y1= 127 y2= 116 tnt1=  15 tnt2=  14 +=  29D
x1= 165 x2= 172 y1= 138 y2= 121 tnt1=  16 tnt2=  19 +=  35D
x1= 174 x2= 174 y1= 137 y2= 119 tnt1=   5 tnt2=   7 +=  12D
x1= 174 x2= 174 y1= 138 y2= 120 tnt1=  15 tnt2=  17 +=  32D
x1= 167 x2= 172 y1= 138 y2= 120 tnt1=  16 tnt2=  17 +=  33D
x1= 170 x2= 171 y1= 138 y2= 121 tnt1=  17 tnt2=  18 +=  35D
x1= 180 x2= 175 y1= 139 y2= 120 tnt1=  15 tnt2=  16 +=  31D
x1= 180 x2= 174 y1= 139 y2= 120 tnt1=  15 tnt2=  16 +=  31D
x1= 175 x2= 177 y1= 139 y2= 120 tnt1=   8 tnt2=  17 +=  25D
x1= 181 x2= 175 y1= 128 y2= 118 tnt1=  15 tnt2=  19 +=  34D
x1= 177 x2= 168 y1= 140 y2= 120 tnt1=  21 tnt2=  16 +=  37D
x1= 168 x2= 174 y1= 138 y2= 121 tnt1=  16 tnt2=  17 +=  33D
x1= 176 x2= 184 y1= 137 y2= 120 tnt1=   5 tnt2=   9 +=  14D
x1= 179 x2= 175 y1= 138 y2= 121 tnt1=  15 tnt2=  16 +=  31D
x1= 166 x2= 174 y1= 138 y2= 121 tnt1=  17 tnt2=  18 +=  35D
x1= 177 x2= 181 y1= 139 y2= 120 tnt1=  13 tnt2=  11 +=  24D
x1= 183 x2= 176 y1= 139 y2= 121 tnt1=  15 tnt2=  16 +=  31D
x1= 180 x2= 176 y1= 139 y2= 120 tnt1=  15 tnt2=  16 +=  31D
x1= 177 x2= 175 y1= 141 y2= 120 tnt1=   5 tnt2=   6 +=  11D
x1= 180 x2= 175 y1= 128 y2= 117 tnt1=  15 tnt2=  18 +=  33D
x1= 177 x2= 180 y1= 138 y2= 120 tnt1=  10 tnt2=  28 +=  38D
x1= 173 x2= 175 y1= 142 y2= 122 tnt1=  16 tnt2=  18 +=  34D
x1= 181 x2= 177 y1= 142 y2= 122 tnt1=  15 tnt2=  17 +=  32D
x1= 180 x2= 177 y1= 142 y2= 122 tnt1=  26 tnt2=  28 +=  54
x1= 178 x2= 180 y1= 142 y2= 123 tnt1=  15 tnt2=  15 +=  30D
x1= 177 x2= 179 y1= 139 y2= 121 tnt1=  13 tnt2=  15 +=  28D
x1= 181 x2= 177 y1= 139 y2= 123 tnt1=  15 tnt2=  17 +=  32D
x1= 177 x2= 177 y1= 139 y2= 121 tnt1=  16 tnt2=  17 +=  33D
x1= 179 x2= 183 y1= 140 y2= 122 tnt1=  11 tnt2=  13 +=  24D
x1= 170 x2= 176 y1= 129 y2= 118 tnt1=  15 tnt2=  11 +=  26D
x1= 186 x2= 178 y1= 142 y2= 122 tnt1=  15 tnt2=  21 +=  36D
x1= 177 x2= 177 y1= 141 y2= 122 tnt1=  16 tnt2=  18 +=  34D
x1= 180 x2= 173 y1= 142 y2= 122 tnt1=  20 tnt2=  22 +=  42
x1= 180 x2= 170 y1= 141 y2= 123 tnt1=  22 tnt2=  24 +=  46
x1= 170 x2= 176 y1= 141 y2= 123 tnt1=  17 tnt2=  19 +=  36D
x1= 184 x2= 178 y1= 141 y2= 122 tnt1=  15 tnt2=  17 +=  32D
x1= 179 x2= 175 y1= 140 y2= 122 tnt1=  18 tnt2=  19 +=  37D
x1= 179 x2= 178 y1= 141 y2= 122 tnt1=   5 tnt2=   7 +=  12D
x1= 180 x2= 182 y1= 139 y2= 122 tnt1=  12 tnt2=  15 +=  27D
x1= 178 x2= 178 y1= 130 y2= 119 tnt1=   5 tnt2=  15 +=  20D
x1= 180 x2= 184 y1= 140 y2= 122 tnt1=  12 tnt2=  18 +=  30D
x1= 183 x2= 179 y1= 141 y2= 123 tnt1=  15 tnt2=  17 +=  32D
x1= 180 x2= 188 y1= 142 y2= 123 tnt1=   6 tnt2=  11 +=  17D
x1= 178 x2= 178 y1= 142 y2= 123 tnt1=  16 tnt2=  18 +=  34D
x1= 181 x2= 181 y1= 142 y2= 123 tnt1=  14 tnt2=  15 +=  29D
x1= 186 x2= 180 y1= 141 y2= 123 tnt1=  15 tnt2=  16 +=  31D
x1= 178 x2= 179 y1= 142 y2= 122 tnt1=  16 tnt2=  17 +=  33D
x1= 180 x2= 184 y1= 140 y2= 122 tnt1=   5 tnt2=   6 +=  11D
x1= 182 x2= 176 y1= 142 y2= 123 tnt1=  18 tnt2=  19 +=  37D
x1= 181 x2= 170 y1= 134 y2= 120 tnt1=  18 tnt2=  18 +=  36D
x1= 181 x2= 173 y1= 142 y2= 123 tnt1=  22 tnt2=  18 +=  40D
x1= 183 x2= 174 y1= 142 y2= 124 tnt1=  27 tnt2=  27 +=  54
x1= 183 x2= 170 y1= 141 y2= 124 tnt1=  27 tnt2=  26 +=  53
x1= 181 x2= 187 y1= 140 y2= 123 tnt1=   8 tnt2=  13 +=  21D
x1= 190 x2= 181 y1= 143 y2= 124 tnt1=  15 tnt2=  16 +=  31D
x1= 177 x2= 180 y1= 143 y2= 124 tnt1=  16 tnt2=  18 +=  34D
x1= 182 x2= 186 y1= 144 y2= 125 tnt1=  11 tnt2=  13 +=  24D
x1= 185 x2= 181 y1= 144 y2= 125 tnt1=  16 tnt2=  29 +=  45
x1= 182 x2= 178 y1= 144 y2= 124 tnt1=  19 tnt2=  21 +=  40D
x1= 177 x2= 180 y1= 132 y2= 121 tnt1=  17 tnt2=  13 +=  30D
x1= 184 x2= 177 y1= 144 y2= 125 tnt1=  20 tnt2=  11 +=  31D
x1= 186 x2= 182 y1= 143 y2= 124 tnt1=  16 tnt2=  17 +=  33D
x1= 182 x2= 189 y1= 143 y2= 124 tnt1=   8 tnt2=  13 +=  21D
x1= 183 x2= 188 y1= 142 y2= 125 tnt1=  11 tnt2=  12 +=  23D
x1= 175 x2= 181 y1= 147 y2= 127 tnt1=  18 tnt2=  20 +=  38D
x1= 182 x2= 182 y1= 145 y2= 126 tnt1=  17 tnt2=  20 +=  37D
x1= 183 x2= 192 y1= 146 y2= 126 tnt1=   6 tnt2=  12 +=  18D
x1= 186 x2= 184 y1= 144 y2= 126 tnt1=  29 tnt2=  19 +=  48
x1= 185 x2= 180 y1= 145 y2= 126 tnt1=  18 tnt2=  21 +=  39D
x1= 187 x2= 183 y1= 135 y2= 122 tnt1=  28 tnt2=  21 +=  49
x1= 187 x2= 174 y1= 146 y2= 126 tnt1=  27 tnt2=  20 +=  47
x1= 182 x2= 183 y1= 148 y2= 127 tnt1=  18 tnt2=  20 +=  38D
x1= 185 x2= 189 y1= 150 y2= 128 tnt1=  14 tnt2=  15 +=  29D
x1= 186 x2= 188 y1= 148 y2= 127 tnt1=  14 tnt2=  18 +=  32D
x1= 179 x2= 183 y1= 146 y2= 127 tnt1=   6 tnt2=  22 +=  28D
x1= 184 x2= 184 y1= 147 y2= 126 tnt1=  18 tnt2=  21 +=  39D
x1= 188 x2= 177 y1= 149 y2= 128 tnt1=  27 tnt2=  27 +=  54
x1= 188 x2= 178 y1= 150 y2= 128 tnt1=  26 tnt2=  26 +=  52
x1= 198 x2= 188 y1= 146 y2= 127 tnt1=  16 tnt2=  19 +=  35D
x1= 189 x2= 178 y1= 135 y2= 124 tnt1=  24 tnt2=  20 +=  44
x1= 185 x2= 185 y1= 147 y2= 127 tnt1=  18 tnt2=  19 +=  37D
x1= 186 x2= 195 y1= 145 y2= 126 tnt1=   8 tnt2=  11 +=  19D
x1= 195 x2= 187 y1= 146 y2= 126 tnt1=  16 tnt2=  18 +=  34D
x1= 176 x2= 182 y1= 148 y2= 127 tnt1=  19 tnt2=  21 +=  40D
x1= 184 x2= 185 y1= 148 y2= 127 tnt1=  17 tnt2=  20 +=  37D
x1= 192 x2= 187 y1= 147 y2= 127 tnt1=  17 tnt2=  18 +=  35D
x1= 189 x2= 180 y1= 147 y2= 126 tnt1=  22 tnt2=  25 +=  47
x1= 188 x2= 179 y1= 147 y2= 128 tnt1=  23 tnt2=  15 +=  38D
x1= 187 x2= 190 y1= 146 y2= 127 tnt1=  15 tnt2=  17 +=  32D
x1= 189 x2= 179 y1= 134 y2= 122 tnt1=  23 tnt2=  20 +=  43
x1= 188 x2= 195 y1= 147 y2= 126 tnt1=  10 tnt2=  19 +=  29D
x1= 188 x2= 196 y1= 145 y2= 126 tnt1=  10 tnt2=  12 +=  22D
x1= 179 x2= 185 y1= 148 y2= 127 tnt1=  19 tnt2=  21 +=  40D
x1= 178 x2= 185 y1= 148 y2= 128 tnt1=  19 tnt2=  23 +=  42
x1= 188 x2= 187 y1= 149 y2= 128 tnt1=  18 tnt2=  19 +=  37D
x1= 191 x2= 187 y1= 148 y2= 129 tnt1=  18 tnt2=  19 +=  37D
x1= 189 x2= 178 y1= 148 y2= 128 tnt1=  24 tnt2=  25 +=  49
x1= 188 x2= 195 y1= 147 y2= 127 tnt1=  12 tnt2=  13 +=  25D
x1= 196 x2= 188 y1= 146 y2= 127 tnt1=  16 tnt2=  19 +=  35D
x1= 189 x2= 191 y1= 136 y2= 123 tnt1=  16 tnt2=  18 +=  34D
x1= 193 x2= 188 y1= 149 y2= 126 tnt1=  17 tnt2=  20 +=  37D
x1= 190 x2= 188 y1= 149 y2= 129 tnt1=  18 tnt2=  30 +=  48
x1= 182 x2= 185 y1= 147 y2= 128 tnt1=  19 tnt2=  22 +=  41
x1= 190 x2= 185 y1= 149 y2= 129 tnt1=  20 tnt2=  23 +=  43
x1= 194 x2= 188 y1= 149 y2= 128 tnt1=  16 tnt2=  19 +=  35D
x1= 193 x2= 188 y1= 149 y2= 129 tnt1=  17 tnt2=  19 +=  36D
x1= 189 x2= 197 y1= 149 y2= 128 tnt1=  10 tnt2=  14 +=  24D
x1= 190 x2= 196 y1= 152 y2= 131 tnt1=  13 tnt2=  13 +=  26D
x1= 188 x2= 190 y1= 156 y2= 133 tnt1=  20 tnt2=  24 +=  44
x1= 191 x2= 194 y1= 141 y2= 127 tnt1=  16 tnt2=  21 +=  37D
x1= 196 x2= 191 y1= 152 y2= 132 tnt1=  18 tnt2=  25 +=  43
x1= 192 x2= 184 y1= 153 y2= 132 tnt1=  24 tnt2=  29 +=  53
x1= 192 x2= 185 y1= 153 y2= 131 tnt1=  23 tnt2=  25 +=  48
x1= 198 x2= 192 y1= 153 y2= 131 tnt1=  16 tnt2=  20 +=  36D
x1= 188 x2= 189 y1= 155 y2= 133 tnt1=  19 tnt2=  23 +=  42
x1= 188 x2= 189 y1= 155 y2= 133 tnt1=  19 tnt2=  23 +=  42
x1= 190 x2= 199 y1= 152 y2= 131 tnt1=   9 tnt2=  12 +=  21D
x1= 197 x2= 192 y1= 150 y2= 131 tnt1=  14 tnt2=  20 +=  34D
x1= 179 x2= 187 y1= 151 y2= 130 tnt1=  19 tnt2=  23 +=  42
x1= 190 x2= 194 y1= 137 y2= 125 tnt1=  15 tnt2=  20 +=  35D
x1= 185 x2= 187 y1= 151 y2= 129 tnt1=  19 tnt2=  18 +=  37D
x1= 191 x2= 184 y1= 153 y2= 130 tnt1=  23 tnt2=  26 +=  49
x1= 190 x2= 192 y1= 152 y2= 130 tnt1=  17 tnt2=  19 +=  36D
x1= 199 x2= 190 y1= 151 y2= 130 tnt1=  16 tnt2=  18 +=  34D
x1= 187 x2= 188 y1= 148 y2= 130 tnt1=  13 tnt2=  21 +=  34D
x1= 189 x2= 188 y1= 151 y2= 130 tnt1=   6 tnt2=   9 +=  15D
x1= 190 x2= 193 y1= 149 y2= 129 tnt1=  13 tnt2=  18 +=  31D
x1= 191 x2= 186 y1= 149 y2= 129 tnt1=  19 tnt2=  23 +=  42
x1= 184 x2= 188 y1= 151 y2= 130 tnt1=  19 tnt2=  22 +=  41
x1= 191 x2= 184 y1= 138 y2= 125 tnt1=  21 tnt2=  22 +=  43
x1= 191 x2= 185 y1= 150 y2= 129 tnt1=  19 tnt2=  10 +=  29D
x1= 190 x2= 183 y1= 149 y2= 130 tnt1=  22 tnt2=  26 +=  48
x1= 201 x2= 191 y1= 150 y2= 129 tnt1=  15 tnt2=  19 +=  34D
x1= 196 x2= 190 y1= 149 y2= 130 tnt1=  17 tnt2=  20 +=  37D
x1= 188 x2= 194 y1= 150 y2= 130 tnt1=  14 tnt2=  17 +=  31D
x1= 190 x2= 198 y1= 150 y2= 130 tnt1=  11 tnt2=  14 +=  25D
x1= 192 x2= 184 y1= 153 y2= 131 tnt1=  25 tnt2=  29 +=  54
x1= 182 x2= 188 y1= 154 y2= 133 tnt1=  20 tnt2=  24 +=  44
x1= 191 x2= 198 y1= 188 y2= 160 tnt1=  33 tnt2=  35 +=  68
x1= 901 x2= 894 y1= 313 y2= 341 tnt1= 812 tnt2=1022 +=1834
x1=1023 x2=1023 y1= 278 y2= 300 tnt1=1023 tnt2=1021 +=2044
x1= 201 x2= 212 y1= 200 y2= 172 tnt1=  30 tnt2=  46 +=  76
x1= 210 x2= 204 y1= 182 y2= 158 tnt1=  27 tnt2=  48 +=  75
x1= 188 x2= 196 y1= 182 y2= 157 tnt1=  32 tnt2=  54 +=  86
x1= 196 x2= 208 y1= 192 y2= 163 tnt1=  22 tnt2=  40 +=  62
x1= 197 x2= 209 y1= 183 y2= 156 tnt1=  20 tnt2=  39 +=  59
x1= 200 x2= 191 y1= 184 y2= 155 tnt1=  32 tnt2=  43 +=  75
x1= 185 x2= 193 y1= 171 y2= 146 tnt1=  28 tnt2=  38 +=  66
x1= 202 x2= 197 y1= 172 y2= 147 tnt1=  23 tnt2=  34 +=  57
x1= 205 x2= 198 y1= 158 y2= 140 tnt1=  32 tnt2=  45 +=  77
x1= 196 x2= 202 y1= 171 y2= 146 tnt1=  19 tnt2=  46 +=  65
x1= 196 x2= 199 y1= 172 y2= 146 tnt1=  20 tnt2=  26 +=  46
x1= 205 x2= 199 y1= 171 y2= 146 tnt1=  22 tnt2=  33 +=  55
x1= 192 x2= 194 y1= 170 y2= 145 tnt1=  26 tnt2=  32 +=  58
x1= 193 x2= 193 y1= 165 y2= 140 tnt1=  22 tnt2=  19 +=  41
x1= 194 x2= 205 y1= 170 y2= 146 tnt1=  16 tnt2=  21 +=  37D
x1= 184 x2= 191 y1= 163 y2= 140 tnt1=  25 tnt2=  32 +=  57
x1= 194 x2= 204 y1= 164 y2= 140 tnt1=  15 tnt2=  21 +=  36D
x1= 198 x2= 194 y1= 160 y2= 139 tnt1=  21 tnt2=  37 +=  58
x1= 183 x2= 190 y1= 145 y2= 131 tnt1=  23 tnt2=  13 +=  36D
x1= 189 x2= 193 y1= 160 y2= 136 tnt1=  23 tnt2=  24 +=  47
x1= 195 x2= 201 y1= 168 y2= 143 tnt1=  18 tnt2=  23 +=  41
x1= 188 x2= 194 y1= 170 y2= 144 tnt1=  26 tnt2=  34 +=  60
x1= 197 x2= 206 y1= 212 y2= 188 tnt1=  50 tnt2=  88 += 138
x1= 216 x2= 219 y1= 226 y2= 201 tnt1=  51 tnt2=  82 += 133
x1= 206 x2= 197 y1= 203 y2= 175 tnt1=  46 tnt2=  89 += 135
x1= 194 x2= 201 y1= 212 y2= 182 tnt1=  47 tnt2=  48 +=  95
x1= 213 x2= 211 y1= 200 y2= 173 tnt1=  30 tnt2=  45 +=  75
x1= 213 x2= 212 y1= 205 y2= 178 tnt1=  37 tnt2=  48 +=  85
x1= 210 x2= 207 y1= 163 y2= 145 tnt1=  26 tnt2=  47 +=  73
x1= 213 x2= 207 y1= 186 y2= 158 tnt1=  26 tnt2=  36 +=  62
x1= 204 x2= 196 y1= 190 y2= 164 tnt1=  37 tnt2=  54 +=  91
x1= 193 x2= 198 y1= 182 y2= 155 tnt1=  31 tnt2=  50 +=  81
x1= 195 x2= 199 y1= 181 y2= 154 tnt1=  30 tnt2=  48 +=  78
x1= 197 x2= 198 y1= 178 y2= 152 tnt1=  22 tnt2=  39 +=  61
x1= 201 x2= 190 y1= 177 y2= 150 tnt1=  34 tnt2=  39 +=  73
x1= 197 x2= 201 y1= 167 y2= 144 tnt1=  19 tnt2=  28 +=  47
x1= 204 x2= 199 y1= 166 y2= 141 tnt1=  22 tnt2=  30 +=  52
x1= 194 x2= 195 y1= 162 y2= 137 tnt1=  21 tnt2=  28 +=  49
x1= 204 x2= 197 y1= 144 y2= 130 tnt1=  20 tnt2=  30 +=  50
x1= 206 x2= 197 y1= 158 y2= 134 tnt1=  18 tnt2=  31 +=  49
x1= 197 x2= 191 y1= 159 y2= 135 tnt1=  25 tnt2=  28 +=  53
x1= 191 x2= 194 y1= 156 y2= 133 tnt1=  20 tnt2=  25 +=  45
x1= 200 x2= 195 y1= 151 y2= 132 tnt1=  19 tnt2=  22 +=  41
x1= 197 x2= 186 y1= 153 y2= 131 tnt1=  26 tnt2=  28 +=  54
x1= 194 x2= 200 y1= 151 y2= 131 tnt1=  14 tnt2=  18 +=  32D
x1= 198 x2= 195 y1= 152 y2= 132 tnt1=  30 tnt2=  34 +=  64
x1= 201 x2= 195 y1= 155 y2= 132 tnt1=  18 tnt2=  22 +=  40D
x1= 194 x2= 204 y1= 153 y2= 131 tnt1=   9 tnt2=  14 +=  23D
x1= 200 x2= 194 y1= 138 y2= 126 tnt1=  18 tnt2=  25 +=  43
x1= 186 x2= 192 y1= 151 y2= 130 tnt1=  19 tnt2=  19 +=  38D
x1= 190 x2= 193 y1= 150 y2= 130 tnt1=  19 tnt2=  22 +=  41
x1= 200 x2= 194 y1= 149 y2= 130 tnt1=  17 tnt2=  20 +=  37D
x1= 198 x2= 193 y1= 149 y2= 131 tnt1=  27 tnt2=  21 +=  48
x1= 197 x2= 188 y1= 152 y2= 130 tnt1=  23 tnt2=  27 +=  50
x1= 197 x2= 190 y1= 153 y2= 132 tnt1=  23 tnt2=  27 +=  50
x1= 204 x2= 197 y1= 153 y2= 132 tnt1=  18 tnt2=  22 +=  40D
x1= 193 x2= 195 y1= 158 y2= 134 tnt1=  20 tnt2=  25 +=  45
x1= 196 x2= 205 y1= 155 y2= 133 tnt1=   9 tnt2=  15 +=  24D
x1= 207 x2= 199 y1= 146 y2= 130 tnt1=  20 tnt2=  34 +=  54
x1= 199 x2= 196 y1= 142 y2= 129 tnt1=  19 tnt2=  20 +=  39D
x1= 196 x2= 196 y1= 156 y2= 134 tnt1=   8 tnt2=  24 +=  32D
x1= 202 x2= 197 y1= 156 y2= 134 tnt1=  19 tnt2=  23 +=  42
x1= 201 x2= 197 y1= 153 y2= 133 tnt1=  18 tnt2=  23 +=  41
x1= 197 x2= 203 y1= 154 y2= 133 tnt1=  13 tnt2=  16 +=  29D
x1= 198 x2= 202 y1= 157 y2= 134 tnt1=  16 tnt2=  21 +=  37D
x1= 190 x2= 196 y1= 155 y2= 134 tnt1=  21 tnt2=  25 +=  46
x1= 195 x2= 197 y1= 157 y2= 135 tnt1=  21 tnt2=  26 +=  47
x1= 198 x2= 197 y1= 158 y2= 135 tnt1=  11 tnt2=  35 +=  46
x1= 194 x2= 197 y1= 144 y2= 129 tnt1=  21 tnt2=  19 +=  40D
x1= 199 x2= 207 y1= 157 y2= 135 tnt1=  14 tnt2=  25 +=  39D
x1= 209 x2= 203 y1= 164 y2= 140 tnt1=  19 tnt2=  28 +=  47
x1= 203 x2= 190 y1= 163 y2= 141 tnt1=  30 tnt2=  40 +=  70
x1= 198 x2= 200 y1= 164 y2= 139 tnt1=  12 tnt2=  19 +=  31D
x1= 201 x2= 205 y1= 163 y2= 140 tnt1=  18 tnt2=  25 +=  43
x1= 202 x2= 200 y1= 165 y2= 141 tnt1=  17 tnt2=  30 +=  47
x1= 194 x2= 199 y1= 160 y2= 138 tnt1=  23 tnt2=  30 +=  53
x1= 199 x2= 202 y1= 172 y2= 146 tnt1=  25 tnt2=  33 +=  58
x1= 207 x2= 195 y1= 169 y2= 146 tnt1=  35 tnt2=  44 +=  79
x1= 200 x2= 203 y1= 155 y2= 137 tnt1=  27 tnt2=  28 +=  55
x1= 211 x2= 206 y1= 169 y2= 145 tnt1=  22 tnt2=  37 +=  59
x1= 212 x2= 205 y1= 167 y2= 144 tnt1=  22 tnt2=  33 +=  55
x1= 200 x2= 202 y1= 166 y2= 141 tnt1=  23 tnt2=  22 +=  45
x1= 201 x2= 207 y1= 165 y2= 141 tnt1=  11 tnt2=  21 +=  32D
x1= 204 x2= 197 y1= 168 y2= 143 tnt1=  24 tnt2=  37 +=  61
x1= 204 x2= 197 y1= 163 y2= 140 tnt1=  24 tnt2=  34 +=  58
x1= 199 x2= 200 y1= 166 y2= 141 tnt1=  23 tnt2=  31 +=  54
x1= 207 x2= 204 y1= 167 y2= 143 tnt1=  22 tnt2=  31 +=  53
x1= 206 x2= 195 y1= 170 y2= 144 tnt1=  31 tnt2=  39 +=  70
x1= 209 x2= 204 y1= 147 y2= 133 tnt1=  20 tnt2=  35 +=  55
x1= 207 x2= 203 y1= 159 y2= 137 tnt1=  21 tnt2=  29 +=  50
x1= 206 x2= 201 y1= 156 y2= 136 tnt1=  20 tnt2=  24 +=  44
x1= 201 x2= 200 y1= 159 y2= 136 tnt1=   8 tnt2=  25 +=  33D
x1= 200 x2= 208 y1= 156 y2= 136 tnt1=  13 tnt2=  17 +=  30D
x1= 191 x2= 197 y1= 156 y2= 135 tnt1=  22 tnt2=  26 +=  48
x1= 191 x2= 197 y1= 155 y2= 134 tnt1=  22 tnt2=  25 +=  47
x1= 198 x2= 199 y1= 156 y2= 134 tnt1=   7 tnt2=  24 +=  31D
x1= 203 x2= 200 y1= 155 y2= 134 tnt1=  30 tnt2=  34 +=  64
x1= 196 x2= 199 y1= 155 y2= 134 tnt1=  20 tnt2=  24 +=  44
x1= 204 x2= 201 y1= 141 y2= 128 tnt1=  28 tnt2=  23 +=  51
x1= 205 x2= 200 y1= 154 y2= 133 tnt1=  18 tnt2=  23 +=  41
x1= 198 x2= 199 y1= 152 y2= 133 tnt1=  18 tnt2=  23 +=  41
x1= 200 x2= 204 y1= 153 y2= 133 tnt1=   8 tnt2=  12 +=  20D
x1= 203 x2= 191 y1= 156 y2= 134 tnt1=  25 tnt2=  31 +=  56
x1= 191 x2= 199 y1= 155 y2= 134 tnt1=  21 tnt2=  25 +=  46
x1= 194 x2= 199 y1= 154 y2= 133 tnt1=  20 tnt2=  24 +=  44
x1= 205 x2= 202 y1= 153 y2= 133 tnt1=  18 tnt2=  28 +=  46
x1= 203 x2= 193 y1= 152 y2= 132 tnt1=  24 tnt2=  27 +=  51
x1= 201 x2= 205 y1= 150 y2= 131 tnt1=  14 tnt2=  17 +=  31D
x1= 201 x2= 208 y1= 140 y2= 127 tnt1=  16 tnt2=  19 +=  35D
x1= 200 x2= 210 y1= 150 y2= 130 tnt1=  10 tnt2=  20 +=  30D
x1= 199 x2= 200 y1= 149 y2= 130 tnt1=  18 tnt2=  21 +=  39D
x1= 201 x2= 210 y1= 150 y2= 130 tnt1=  10 tnt2=  11 +=  21D
x1= 203 x2= 197 y1= 150 y2= 130 tnt1=  21 tnt2=  23 +=  44
x1= 189 x2= 198 y1= 149 y2= 130 tnt1=  20 tnt2=  22 +=  42
x1= 210 x2= 202 y1= 146 y2= 129 tnt1=  16 tnt2=  18 +=  34D
x1= 204 x2= 200 y1= 148 y2= 130 tnt1=  16 tnt2=  19 +=  35D
x1= 201 x2= 209 y1= 149 y2= 130 tnt1=   8 tnt2=   9 +=  17D
x1= 202 x2= 205 y1= 146 y2= 130 tnt1=  13 tnt2=  16 +=  29D
x1= 202 x2= 192 y1= 175 y2= 133 tnt1=  25 tnt2=  19 +=  44
x1= 201 x2= 200 y1= 146 y2= 128 tnt1=   6 tnt2=  19 +=  25D
x1= 191 x2= 198 y1= 149 y2= 130 tnt1=  18 tnt2=  21 +=  39D
x1= 203 x2= 192 y1= 148 y2= 129 tnt1=  24 tnt2=  25 +=  49
x1= 201 x2= 195 y1= 146 y2= 129 tnt1=  21 tnt2=  22 +=  43
x1= 208 x2= 201 y1= 147 y2= 129 tnt1=  17 tnt2=  18 +=  35D
x1= 208 x2= 201 y1= 148 y2= 129 tnt1=  16 tnt2=  18 +=  34D
x1= 204 x2= 201 y1= 146 y2= 128 tnt1=  27 tnt2=  29 +=  56
x1= 201 x2= 200 y1= 146 y2= 127 tnt1=   8 tnt2=   7 +=  15D
x1= 202 x2= 203 y1= 146 y2= 128 tnt1=  14 tnt2=  16 +=  30D
x1= 201 x2= 200 y1= 133 y2= 124 tnt1=   6 tnt2=  16 +=  22D
x1= 213 x2= 202 y1= 145 y2= 126 tnt1=  14 tnt2=  22 +=  36D
x1= 213 x2= 202 y1= 144 y2= 127 tnt1=  15 tnt2=  15 +=  30D
x1= 204 x2= 193 y1= 145 y2= 127 tnt1=  25 tnt2=  24 +=  49
x1= 203 x2= 198 y1= 144 y2= 127 tnt1=  19 tnt2=  20 +=  39D
x1= 192 x2= 199 y1= 144 y2= 128 tnt1=  16 tnt2=  20 +=  36D
x1= 206 x2= 202 y1= 143 y2= 127 tnt1=  15 tnt2=  17 +=  32D
x1= 203 x2= 201 y1= 144 y2= 127 tnt1=  25 tnt2=  28 +=  53
x1= 202 x2= 208 y1= 142 y2= 126 tnt1=   9 tnt2=  13 +=  22D
x1= 204 x2= 191 y1= 143 y2= 127 tnt1=  25 tnt2=  25 +=  50
x1= 202 x2= 210 y1= 132 y2= 123 tnt1=   9 tnt2=  16 +=  25D
x1= 213 x2= 204 y1= 143 y2= 126 tnt1=  14 tnt2=  24 +=  38D
x1= 203 x2= 202 y1= 144 y2= 128 tnt1=  27 tnt2=  17 +=  44
x1= 204 x2= 193 y1= 144 y2= 127 tnt1=  23 tnt2=  24 +=  47
x1= 203 x2= 206 y1= 144 y2= 127 tnt1=  12 tnt2=  13 +=  25D
x1= 208 x2= 203 y1= 144 y2= 126 tnt1=  15 tnt2=  16 +=  31D
x1= 198 x2= 200 y1= 144 y2= 127 tnt1=  17 tnt2=  19 +=  36D
x1= 203 x2= 208 y1= 142 y2= 126 tnt1=  10 tnt2=  12 +=  22D
x1= 203 x2= 209 y1= 143 y2= 126 tnt1=   8 tnt2=  11 +=  19D
x1= 192 x2= 200 y1= 145 y2= 126 tnt1=  17 tnt2=  18 +=  35D
x1= 203 x2= 210 y1= 131 y2= 123 tnt1=  10 tnt2=  16 +=  26D
x1= 202 x2= 201 y1= 141 y2= 125 tnt1=  16 tnt2=  16 +=  32D
x1= 204 x2= 193 y1= 142 y2= 127 tnt1=  23 tnt2=  28 +=  51
x1= 202 x2= 209 y1= 142 y2= 126 tnt1=  10 tnt2=  12 +=  22D
x1= 210 x2= 203 y1= 143 y2= 126 tnt1=  13 tnt2=  16 +=  29D
x1= 209 x2= 203 y1= 142 y2= 126 tnt1=  15 tnt2=  16 +=  31D
x1= 201 x2= 202 y1= 144 y2= 127 tnt1=  16 tnt2=  18 +=  34D
x1= 204 x2= 208 y1= 142 y2= 126 tnt1=  10 tnt2=  12 +=  22D
x1= 205 x2= 196 y1= 144 y2= 127 tnt1=  21 tnt2=  25 +=  46
x1= 193 x2= 201 y1= 143 y2= 126 tnt1=  17 tnt2=  18 +=  35D
x1= 203 x2= 211 y1= 133 y2= 123 tnt1=  13 tnt2=  14 +=  27D
x1= 199 x2= 202 y1= 143 y2= 125 tnt1=  14 tnt2=  14 +=  28D
x1= 205 x2= 202 y1= 143 y2= 127 tnt1=  26 tnt2=  24 +=  50
x1= 203 x2= 206 y1= 141 y2= 126 tnt1=  12 tnt2=  13 +=  25D
x1= 215 x2= 204 y1= 141 y2= 125 tnt1=  14 tnt2=  15 +=  29D
x1= 200 x2= 202 y1= 141 y2= 125 tnt1=  14 tnt2=  17 +=  31D
x1= 202 x2= 202 y1= 142 y2= 125 tnt1=  16 tnt2=  17 +=  33D
x1= 205 x2= 194 y1= 142 y2= 126 tnt1=  23 tnt2=  26 +=  49
x1= 206 x2= 196 y1= 143 y2= 127 tnt1=  20 tnt2=  22 +=  42
x1= 194 x2= 202 y1= 143 y2= 127 tnt1=  17 tnt2=  18 +=  35D
x1= 206 x2= 196 y1= 133 y2= 123 tnt1=  21 tnt2=  17 +=  38D
x1= 203 x2= 203 y1= 142 y2= 125 tnt1=  15 tnt2=  15 +=  30D
x1= 205 x2= 210 y1= 142 y2= 127 tnt1=   9 tnt2=  11 +=  20D
x1= 205 x2= 208 y1= 141 y2= 125 tnt1=  12 tnt2=  14 +=  26D
x1= 206 x2= 201 y1= 142 y2= 126 tnt1=  17 tnt2=  19 +=  36D
x1= 203 x2= 203 y1= 142 y2= 125 tnt1=  15 tnt2=  17 +=  32D
x1= 205 x2= 213 y1= 142 y2= 126 tnt1=   4 tnt2=  17 +=  21D
x1= 213 x2= 205 y1= 142 y2= 126 tnt1=  14 tnt2=  16 +=  30D
x1= 195 x2= 202 y1= 141 y2= 126 tnt1=  17 tnt2=  18 +=  35D
x1= 212 x2= 205 y1= 141 y2= 126 tnt1=  14 tnt2=  16 +=  30D
x1= 207 x2= 202 y1= 132 y2= 123 tnt1=  17 tnt2=   8 +=  25D
x1= 213 x2= 206 y1= 144 y2= 127 tnt1=  15 tnt2=  19 +=  34D
x1= 206 x2= 213 y1= 142 y2= 126 tnt1=   9 tnt2=  11 +=  20D
x1= 215 x2= 206 y1= 144 y2= 127 tnt1=  14 tnt2=  17 +=  31D
x1= 196 x2= 204 y1= 143 y2= 126 tnt1=  16 tnt2=  18 +=  34D
x1= 211 x2= 206 y1= 143 y2= 127 tnt1=  21 tnt2=  16 +=  37D
x1= 209 x2= 196 y1= 143 y2= 127 tnt1=  26 tnt2=  25 +=  51
x1= 208 x2= 201 y1= 143 y2= 126 tnt1=  20 tnt2=  20 +=  40D
x1= 207 x2= 209 y1= 141 y2= 125 tnt1=  13 tnt2=  14 +=  27D
x1= 212 x2= 206 y1= 142 y2= 126 tnt1=  14 tnt2=  16 +=  30D
x1= 208 x2= 206 y1= 132 y2= 123 tnt1=  17 tnt2=  22 +=  39D
x1= 212 x2= 206 y1= 141 y2= 126 tnt1=  15 tnt2=  18 +=  33D
x1= 207 x2= 211 y1= 141 y2= 125 tnt1=  11 tnt2=  12 +=  23D
x1= 197 x2= 204 y1= 143 y2= 127 tnt1=  16 tnt2=  18 +=  34D
x1= 200 x2= 205 y1= 142 y2= 126 tnt1=  16 tnt2=  17 +=  33D
x1= 210 x2= 206 y1= 142 y2= 127 tnt1=  15 tnt2=  16 +=  31D
x1= 209 x2= 196 y1= 141 y2= 126 tnt1=  21 tnt2=  24 +=  45
x1= 208 x2= 206 y1= 141 y2= 126 tnt1=  19 tnt2=  15 +=  34D
x1= 217 x2= 207 y1= 141 y2= 126 tnt1=  14 tnt2=  15 +=  29D
x1= 212 x2= 207 y1= 141 y2= 125 tnt1=  16 tnt2=  16 +=  32D
x1= 218 x2= 208 y1= 132 y2= 123 tnt1=  14 tnt2=  27 +=  41
x1= 208 x2= 210 y1= 141 y2= 126 tnt1=  12 tnt2=  26 +=  38D
x1= 208 x2= 202 y1= 141 y2= 125 tnt1=  18 tnt2=  20 +=  38D
x1= 207 x2= 205 y1= 142 y2= 126 tnt1=   4 tnt2=   4 +=   8D
x1= 216 x2= 207 y1= 140 y2= 125 tnt1=  15 tnt2=  16 +=  31D
x1= 209 x2= 196 y1= 141 y2= 126 tnt1=  26 tnt2=  27 +=  53
x1= 209 x2= 199 y1= 142 y2= 126 tnt1=  22 tnt2=  21 +=  43
x1= 207 x2= 209 y1= 143 y2= 126 tnt1=  11 tnt2=  13 +=  24D
x1= 219 x2= 208 y1= 139 y2= 125 tnt1=  14 tnt2=  15 +=  29D
x1= 204 x2= 205 y1= 142 y2= 126 tnt1=  16 tnt2=  16 +=  32D
x1= 202 x2= 205 y1= 133 y2= 123 tnt1=  14 tnt2=   4 +=  18D
x1= 204 x2= 205 y1= 140 y2= 124 tnt1=  15 tnt2=  16 +=  31D
x1= 196 x2= 204 y1= 143 y2= 126 tnt1=  17 tnt2=  18 +=  35D
x1= 198 x2= 204 y1= 142 y2= 126 tnt1=  16 tnt2=  17 +=  33D
x1= 213 x2= 207 y1= 140 y2= 126 tnt1=  14 tnt2=  15 +=  29D
x1= 208 x2= 197 y1= 141 y2= 126 tnt1=  25 tnt2=  23 +=  48
x1= 207 x2= 215 y1= 142 y2= 126 tnt1=   9 tnt2=  11 +=  20D
x1= 218 x2= 209 y1= 142 y2= 126 tnt1=  13 tnt2=  14 +=  27D
x1= 215 x2= 208 y1= 141 y2= 125 tnt1=  15 tnt2=  15 +=  30D
x1= 207 x2= 207 y1= 141 y2= 125 tnt1=  15 tnt2=  17 +=  32D
x1= 219 x2= 209 y1= 131 y2= 123 tnt1=  14 tnt2=  26 +=  40D
x1= 208 x2= 207 y1= 142 y2= 125 tnt1=  15 tnt2=  15 +=  30D
x1= 210 x2= 204 y1= 141 y2= 124 tnt1=  17 tnt2=  20 +=  37D
x1= 209 x2= 215 y1= 140 y2= 125 tnt1=   6 tnt2=  11 +=  17D
x1= 212 x2= 208 y1= 141 y2= 125 tnt1=  15 tnt2=  16 +=  31D
x1= 207 x2= 216 y1= 142 y2= 125 tnt1=   7 tnt2=  16 +=  23D
x1= 209 x2= 213 y1= 142 y2= 125 tnt1=  11 tnt2=  12 +=  23D
x1= 210 x2= 210 y1= 140 y2= 125 tnt1=  13 tnt2=  15 +=  28D
x1= 202 x2= 207 y1= 141 y2= 125 tnt1=  16 tnt2=  18 +=  34D
x1= 210 x2= 213 y1= 141 y2= 125 tnt1=  12 tnt2=  13 +=  25D
x1= 199 x2= 207 y1= 131 y2= 122 tnt1=  17 tnt2=   5 +=  22D
x1= 208 x2= 208 y1= 141 y2= 125 tnt1=  15 tnt2=  16 +=  31D
x1= 210 x2= 213 y1= 140 y2= 125 tnt1=  13 tnt2=  12 +=  25D
x1= 216 x2= 209 y1= 141 y2= 126 tnt1=  15 tnt2=  15 +=  30D
x1= 213 x2= 209 y1= 141 y2= 124 tnt1=  15 tnt2=  16 +=  31D
x1= 212 x2= 209 y1= 142 y2= 125 tnt1=  17 tnt2=  28 +=  45
x1= 210 x2= 215 y1= 142 y2= 126 tnt1=  10 tnt2=  11 +=  21D
x1= 207 x2= 207 y1= 141 y2= 125 tnt1=  17 tnt2=  19 +=  36D
x1= 205 x2= 209 y1= 139 y2= 125 tnt1=  16 tnt2=  17 +=  33D
x1= 214 x2= 210 y1= 139 y2= 125 tnt1=  15 tnt2=  16 +=  31D
x1= 207 x2= 209 y1= 129 y2= 122 tnt1=  16 tnt2=  14 +=  30D
x1= 211 x2= 209 y1= 140 y2= 124 tnt1=   5 tnt2=  16 +=  21D
x1= 222 x2= 211 y1= 139 y2= 125 tnt1=  14 tnt2=  15 +=  29D
x1= 215 x2= 210 y1= 141 y2= 125 tnt1=  15 tnt2=  17 +=  32D
x1= 208 x2= 209 y1= 140 y2= 125 tnt1=  16 tnt2=  17 +=  33D
x1= 210 x2= 218 y1= 139 y2= 125 tnt1=   8 tnt2=  10 +=  18D
x1= 214 x2= 211 y1= 140 y2= 125 tnt1=  23 tnt2=  27 +=  50
x1= 206 x2= 210 y1= 140 y2= 125 tnt1=  16 tnt2=  17 +=  33D
x1= 210 x2= 211 y1= 142 y2= 125 tnt1=  16 tnt2=  17 +=  33D
x1= 215 x2= 212 y1= 140 y2= 125 tnt1=  15 tnt2=  17 +=  32D
x1= 210 x2= 211 y1= 130 y2= 122 tnt1=  16 tnt2=  11 +=  27D
x1= 215 x2= 212 y1= 140 y2= 124 tnt1=  26 tnt2=  17 +=  43
x1= 222 x2= 213 y1= 139 y2= 125 tnt1=  14 tnt2=  15 +=  29D
x1= 213 x2= 210 y1= 141 y2= 125 tnt1=  18 tnt2=  18 +=  36D
x1= 213 x2= 213 y1= 141 y2= 124 tnt1=   4 tnt2=   6 +=  10D
x1= 224 x2= 214 y1= 140 y2= 125 tnt1=  15 tnt2=  16 +=  31D
x1= 215 x2= 210 y1= 141 y2= 125 tnt1=  18 tnt2=  19 +=  37D
x1= 209 x2= 213 y1= 142 y2= 125 tnt1=  16 tnt2=  18 +=  34D
x1= 213 x2= 213 y1= 140 y2= 124 tnt1=  16 tnt2=  17 +=  33D
x1= 217 x2= 205 y1= 139 y2= 125 tnt1=  25 tnt2=  27 +=  52
x1= 212 x2= 213 y1= 132 y2= 121 tnt1=   7 tnt2=  10 +=  17D
x1= 213 x2= 219 y1= 128 y2= 122 tnt1=  18 tnt2=  27 +=  45
x1= 225 x2= 215 y1= 141 y2= 125 tnt1=  14 tnt2=  15 +=  29D
x1= 213 x2= 213 y1= 139 y2= 124 tnt1=  15 tnt2=  17 +=  32D
x1= 214 x2= 219 y1= 140 y2= 124 tnt1=   4 tnt2=   5 +=   9D
x1= 217 x2= 211 y1= 141 y2= 124 tnt1=  17 tnt2=  20 +=  37D
x1= 207 x2= 212 y1= 140 y2= 124 tnt1=  17 tnt2=  18 +=  35D
x1= 216 x2= 217 y1= 140 y2= 124 tnt1=  14 tnt2=  14 +=  28D
x1= 220 x2= 214 y1= 139 y2= 124 tnt1=  15 tnt2=  16 +=  31D
x1= 217 x2= 206 y1= 140 y2= 125 tnt1=  24 tnt2=  25 +=  49
x1= 223 x2= 216 y1= 130 y2= 122 tnt1=  15 tnt2=  22 +=  37D
x1= 217 x2= 208 y1= 139 y2= 123 tnt1=  21 tnt2=  17 +=  38D
x1= 212 x2= 214 y1= 140 y2= 124 tnt1=  16 tnt2=  17 +=  33D
x1= 214 x2= 214 y1= 139 y2= 124 tnt1=  15 tnt2=  17 +=  32D
x1= 219 x2= 215 y1= 140 y2= 126 tnt1=  15 tnt2=  16 +=  31D
x1= 217 x2= 212 y1= 140 y2= 125 tnt1=  17 tnt2=  20 +=  37D
x1= 217 x2= 213 y1= 140 y2= 124 tnt1=  17 tnt2=  18 +=  35D
x1= 224 x2= 216 y1= 140 y2= 124 tnt1=  14 tnt2=  16 +=  30D
x1= 220 x2= 216 y1= 141 y2= 124 tnt1=  15 tnt2=  16 +=  31D
x1= 216 x2= 224 y1= 139 y2= 124 tnt1=   8 tnt2=   7 +=  15D
x1= 221 x2= 216 y1= 129 y2= 121 tnt1=  15 tnt2=  19 +=  34D
x1= 228 x2= 217 y1= 140 y2= 124 tnt1=  14 tnt2=  19 +=  33D
x1= 212 x2= 215 y1= 140 y2= 125 tnt1=  16 tnt2=  17 +=  33D
x1= 216 x2= 215 y1= 140 y2= 124 tnt1=   8 tnt2=   5 +=  13D
x1= 220 x2= 216 y1= 140 y2= 126 tnt1=  14 tnt2=  27 +=  41
x1= 218 x2= 222 y1= 139 y2= 124 tnt1=  15 tnt2=  13 +=  28D
x1= 218 x2= 219 y1= 140 y2= 124 tnt1=  12 tnt2=  14 +=  26D
x1= 222 x2= 217 y1= 141 y2= 125 tnt1=  14 tnt2=  16 +=  30D
x1= 215 x2= 216 y1= 140 y2= 125 tnt1=  16 tnt2=  17 +=  33D
x1= 218 x2= 225 y1= 139 y2= 124 tnt1=   8 tnt2=   9 +=  17D
x1= 220 x2= 217 y1= 130 y2= 121 tnt1=  15 tnt2=  18 +=  33D
x1= 218 x2= 221 y1= 138 y2= 123 tnt1=  12 tnt2=  27 +=  39D
x1= 214 x2= 217 y1= 141 y2= 124 tnt1=  16 tnt2=  17 +=  33D
x1= 220 x2= 211 y1= 140 y2= 125 tnt1=  20 tnt2=  22 +=  42
x1= 220 x2= 211 y1= 142 y2= 125 tnt1=  19 tnt2=  21 +=  40D
x1= 218 x2= 220 y1= 138 y2= 124 tnt1=  13 tnt2=  15 +=  28D
x1= 227 x2= 219 y1= 138 y2= 125 tnt1=  14 tnt2=  15 +=  29D
x1= 223 x2= 218 y1= 140 y2= 125 tnt1=  15 tnt2=  17 +=  32D
x1= 220 x2= 210 y1= 140 y2= 125 tnt1=  22 tnt2=  24 +=  46
x1= 219 x2= 226 y1= 139 y2= 124 tnt1=   9 tnt2=   9 +=  18D
x1= 219 x2= 218 y1= 129 y2= 121 tnt1=   4 tnt2=  14 +=  18D
x1= 219 x2= 221 y1= 139 y2= 124 tnt1=  12 tnt2=  27 +=  39D
x1= 224 x2= 219 y1= 139 y2= 124 tnt1=  14 tnt2=  16 +=  30D
x1= 221 x2= 208 y1= 138 y2= 124 tnt1=  25 tnt2=  27 +=  52
x1= 220 x2= 214 y1= 139 y2= 124 tnt1=  18 tnt2=  14 +=  32D
x1= 232 x2= 220 y1= 140 y2= 124 tnt1=  14 tnt2=  15 +=  29D
x1= 225 x2= 220 y1= 138 y2= 124 tnt1=  15 tnt2=  16 +=  31D
x1= 221 x2= 226 y1= 139 y2= 124 tnt1=   8 tnt2=   9 +=  17D
x1= 219 x2= 219 y1= 139 y2= 123 tnt1=  15 tnt2=   5 +=  20D
x1= 211 x2= 218 y1= 140 y2= 124 tnt1=  16 tnt2=  18 +=  34D
x1= 223 x2= 220 y1= 132 y2= 122 tnt1=  19 tnt2=  19 +=  38D
x1= 221 x2= 220 y1= 141 y2= 125 tnt1=  11 tnt2=  12 +=  23D
x1= 224 x2= 220 y1= 139 y2= 125 tnt1=  15 tnt2=  26 +=  41
x1= 223 x2= 210 y1= 140 y2= 125 tnt1=  24 tnt2=  25 +=  49
x1= 222 x2= 228 y1= 138 y2= 123 tnt1=   9 tnt2=   9 +=  18D
x1= 231 x2= 222 y1= 140 y2= 126 tnt1=  14 tnt2=  15 +=  29D
x1= 220 x2= 221 y1= 141 y2= 124 tnt1=  15 tnt2=  17 +=  32D
x1= 221 x2= 221 y1= 140 y2= 124 tnt1=  16 tnt2=  17 +=  33D
x1= 223 x2= 221 y1= 139 y2= 125 tnt1=  14 tnt2=  27 +=  41
x1= 223 x2= 217 y1= 140 y2= 125 tnt1=  21 tnt2=  18 +=  39D
x1= 222 x2= 230 y1= 121 y2= 121 tnt1=   7 tnt2=  16 +=  23D
x1= 223 x2= 219 y1= 141 y2= 125 tnt1=  17 tnt2=  12 +=  29D
x1= 225 x2= 222 y1= 140 y2= 125 tnt1=  15 tnt2=  28 +=  43
x1= 223 x2= 231 y1= 139 y2= 124 tnt1=   7 tnt2=   7 +=  14D
x1= 221 x2= 222 y1= 141 y2= 124 tnt1=  16 tnt2=  17 +=  33D
x1= 214 x2= 220 y1= 142 y2= 125 tnt1=  15 tnt2=  22 +=  37D
x1= 219 x2= 222 y1= 140 y2= 125 tnt1=  16 tnt2=  17 +=  33D
x1= 223 x2= 232 y1= 141 y2= 125 tnt1=   2 tnt2=   9 +=  11D
x1= 226 x2= 213 y1= 140 y2= 125 tnt1=  26 tnt2=  23 +=  49
x1= 225 x2= 221 y1= 141 y2= 125 tnt1=  19 tnt2=  19 +=  38D
x1= 226 x2= 217 y1= 131 y2= 123 tnt1=  20 tnt2=  17 +=  37D
x1= 226 x2= 216 y1= 130 y2= 122 tnt1=  21 tnt2=  17 +=  38D
x1= 221 x2= 223 y1= 142 y2= 125 tnt1=  15 tnt2=  17 +=  32D
x1= 234 x2= 225 y1= 139 y2= 126 tnt1=  14 tnt2=  16 +=  30D
x1= 225 x2= 227 y1= 138 y2= 125 tnt1=  13 tnt2=  13 +=  26D
x1= 235 x2= 225 y1= 141 y2= 126 tnt1=  26 tnt2=  15 +=  41
x1= 221 x2= 223 y1= 140 y2= 125 tnt1=  16 tnt2=  17 +=  33D
x1= 227 x2= 224 y1= 140 y2= 126 tnt1=  15 tnt2=  27 +=  42
x1= 227 x2= 230 y1= 140 y2= 125 tnt1=  10 tnt2=  13 +=  23D
x1= 232 x2= 226 y1= 141 y2= 125 tnt1=  14 tnt2=  16 +=  30D
x1= 226 x2= 218 y1= 131 y2= 123 tnt1=  21 tnt2=  17 +=  38D
x1= 214 x2= 222 y1= 139 y2= 125 tnt1=  17 tnt2=  11 +=  28D
x1= 224 x2= 223 y1= 139 y2= 125 tnt1=   5 tnt2=   8 +=  13D
x1= 225 x2= 227 y1= 140 y2= 125 tnt1=  13 tnt2=  15 +=  28D
x1= 226 x2= 220 y1= 141 y2= 125 tnt1=  21 tnt2=  21 +=  42
x1= 226 x2= 221 y1= 141 y2= 126 tnt1=  18 tnt2=  19 +=  37D
x1= 231 x2= 225 y1= 142 y2= 125 tnt1=  15 tnt2=  16 +=  31D
x1= 227 x2= 215 y1= 142 y2= 126 tnt1=  24 tnt2=  23 +=  47
x1= 227 x2= 217 y1= 142 y2= 126 tnt1=  21 tnt2=  22 +=  43
x1= 236 x2= 226 y1= 140 y2= 126 tnt1=  14 tnt2=  16 +=  30D
x1= 226 x2= 218 y1= 131 y2= 123 tnt1=  20 tnt2=  17 +=  37D
x1= 235 x2= 226 y1= 142 y2= 126 tnt1=  15 tnt2=  20 +=  35D
x1= 225 x2= 233 y1= 140 y2= 125 tnt1=   8 tnt2=  11 +=  19D
x1= 227 x2= 217 y1= 141 y2= 126 tnt1=  21 tnt2=  27 +=  48
x1= 215 x2= 222 y1= 142 y2= 126 tnt1=  17 tnt2=  19 +=  36D
x1= 221 x2= 224 y1= 141 y2= 126 tnt1=  16 tnt2=  18 +=  34D
x1= 230 x2= 225 y1= 140 y2= 126 tnt1=  15 tnt2=  17 +=  32D
x1= 227 x2= 214 y1= 141 y2= 126 tnt1=  22 tnt2=  27 +=  49
x1= 226 x2= 230 y1= 140 y2= 126 tnt1=  12 tnt2=  12 +=  24D
x1= 229 x2= 225 y1= 140 y2= 126 tnt1=  14 tnt2=  17 +=  31D
x1= 226 x2= 234 y1= 132 y2= 123 tnt1=  14 tnt2=  16 +=  30D
x1= 229 x2= 225 y1= 140 y2= 124 tnt1=  16 tnt2=  18 +=  34D
x1= 224 x2= 225 y1= 142 y2= 125 tnt1=  16 tnt2=   6 +=  22D
x1= 227 x2= 222 y1= 143 y2= 126 tnt1=  19 tnt2=  21 +=  40D
x1= 216 x2= 223 y1= 141 y2= 126 tnt1=  16 tnt2=  19 +=  35D
x1= 231 x2= 226 y1= 142 y2= 126 tnt1=  15 tnt2=  17 +=  32D
x1= 230 x2= 227 y1= 142 y2= 126 tnt1=  15 tnt2=  17 +=  32D
x1= 226 x2= 226 y1= 143 y2= 126 tnt1=  17 tnt2=  18 +=  35D
x1= 227 x2= 232 y1= 142 y2= 126 tnt1=  11 tnt2=  12 +=  23D
x1= 237 x2= 228 y1= 142 y2= 126 tnt1=  15 tnt2=  17 +=  32D
x1= 227 x2= 233 y1= 132 y2= 123 tnt1=  11 tnt2=  16 +=  27D
x1= 238 x2= 228 y1= 141 y2= 125 tnt1=  15 tnt2=  17 +=  32D
x1= 230 x2= 217 y1= 142 y2= 127 tnt1=  23 tnt2=  27 +=  50
x1= 229 x2= 223 y1= 142 y2= 127 tnt1=  20 tnt2=  22 +=  42
x1= 228 x2= 234 y1= 143 y2= 127 tnt1=   9 tnt2=  12 +=  21D
x1= 233 x2= 228 y1= 141 y2= 125 tnt1=  16 tnt2=  17 +=  33D
x1= 223 x2= 226 y1= 144 y2= 127 tnt1=  17 tnt2=  18 +=  35D
x1= 228 x2= 236 y1= 141 y2= 126 tnt1=   9 tnt2=  11 +=  20D
x1= 229 x2= 224 y1= 142 y2= 127 tnt1=  19 tnt2=  20 +=  39D
x1= 221 x2= 226 y1= 141 y2= 126 tnt1=  16 tnt2=  19 +=  35D
x1= 229 x2= 230 y1= 165 y2= 129 tnt1=  14 tnt2=  17 +=  31D
x1= 230 x2= 225 y1= 143 y2= 127 tnt1=  18 tnt2=  11 +=  29D
x1= 231 x2= 222 y1= 146 y2= 128 tnt1=  23 tnt2=  26 +=  49
x1= 224 x2= 225 y1= 143 y2= 127 tnt1=  18 tnt2=  20 +=  38D
x1= 240 x2= 230 y1= 143 y2= 127 tnt1=  15 tnt2=  16 +=  31D
x1= 230 x2= 238 y1= 143 y2= 126 tnt1=  17 tnt2=   7 +=  24D
x1= 228 x2= 228 y1= 143 y2= 126 tnt1=  16 tnt2=   8 +=  24D
x1= 229 x2= 232 y1= 143 y2= 127 tnt1=  12 tnt2=  15 +=  27D
x1= 230 x2= 219 y1= 143 y2= 127 tnt1=  23 tnt2=  25 +=  48
x1= 224 x2= 227 y1= 145 y2= 127 tnt1=  17 tnt2=  19 +=  36D
x1= 239 x2= 230 y1= 132 y2= 123 tnt1=  14 tnt2=  28 +=  42
x1= 231 x2= 221 y1= 143 y2= 127 tnt1=  22 tnt2=   8 +=  30D
x1= 230 x2= 222 y1= 143 y2= 127 tnt1=  21 tnt2=  22 +=  43
x1= 242 x2= 231 y1= 143 y2= 126 tnt1=  15 tnt2=  17 +=  32D
x1= 234 x2= 230 y1= 143 y2= 127 tnt1=  16 tnt2=  18 +=  34D
x1= 227 x2= 228 y1= 142 y2= 126 tnt1=  19 tnt2=  19 +=  38D
x1= 229 x2= 229 y1= 145 y2= 129 tnt1=   6 tnt2=   7 +=  13D
x1= 230 x2= 232 y1= 145 y2= 128 tnt1=  13 tnt2=  17 +=  30D
x1= 218 x2= 227 y1= 144 y2= 127 tnt1=  18 tnt2=  20 +=  38D
x1= 225 x2= 228 y1= 146 y2= 128 tnt1=  17 tnt2=  19 +=  36D
x1= 220 x2= 226 y1= 133 y2= 124 tnt1=  18 tnt2=   7 +=  25D
x1= 226 x2= 228 y1= 144 y2= 127 tnt1=  17 tnt2=  18 +=  35D
x1= 231 x2= 234 y1= 148 y2= 129 tnt1=  13 tnt2=  15 +=  28D
x1= 222 x2= 228 y1= 144 y2= 128 tnt1=  18 tnt2=  20 +=  38D
x1= 237 x2= 230 y1= 145 y2= 128 tnt1=  17 tnt2=  19 +=  36D
x1= 229 x2= 229 y1= 146 y2= 128 tnt1=  18 tnt2=   8 +=  26D
x1= 230 x2= 239 y1= 146 y2= 128 tnt1=   8 tnt2=   9 +=  17D
x1= 232 x2= 227 y1= 147 y2= 129 tnt1=  20 tnt2=  23 +=  43
x1= 220 x2= 228 y1= 146 y2= 127 tnt1=  19 tnt2=  22 +=  41
x1= 237 x2= 231 y1= 145 y2= 128 tnt1=  17 tnt2=  19 +=  36D
x1= 242 x2= 233 y1= 137 y2= 125 tnt1=  17 tnt2=  18 +=  35D
x1= 231 x2= 235 y1= 145 y2= 128 tnt1=  14 tnt2=  19 +=  33D
x1= 230 x2= 233 y1= 147 y2= 129 tnt1=  14 tnt2=  17 +=  31D
x1= 240 x2= 231 y1= 146 y2= 129 tnt1=  17 tnt2=  18 +=  35D
x1= 228 x2= 230 y1= 146 y2= 129 tnt1=  18 tnt2=  20 +=  38D
x1= 231 x2= 240 y1= 147 y2= 129 tnt1=   6 tnt2=   9 +=  15D
x1= 233 x2= 222 y1= 147 y2= 130 tnt1=  28 tnt2=  19 +=  47
x1= 221 x2= 228 y1= 146 y2= 129 tnt1=  20 tnt2=  22 +=  42
x1= 221 x2= 229 y1= 145 y2= 129 tnt1=  19 tnt2=  20 +=  39D
x1= 230 x2= 230 y1= 148 y2= 129 tnt1=  18 tnt2=  20 +=  38D
x1= 222 x2= 229 y1= 135 y2= 124 tnt1=  19 tnt2=  11 +=  30D
x1= 236 x2= 231 y1= 147 y2= 130 tnt1=  17 tnt2=  21 +=  38D
x1= 243 x2= 234 y1= 148 y2= 130 tnt1=  15 tnt2=  18 +=  33D
x1= 224 x2= 230 y1= 149 y2= 131 tnt1=  20 tnt2=  22 +=  42
x1= 230 x2= 230 y1= 148 y2= 131 tnt1=  19 tnt2=  22 +=  41
x1= 234 x2= 232 y1= 146 y2= 131 tnt1=  19 tnt2=  19 +=  38D
x1= 234 x2= 224 y1= 152 y2= 131 tnt1=  26 tnt2=  25 +=  51
x1= 234 x2= 227 y1= 148 y2= 130 tnt1=  21 tnt2=  25 +=  46
x1= 244 x2= 234 y1= 147 y2= 131 tnt1=  16 tnt2=  19 +=  35D
x1= 238 x2= 234 y1= 150 y2= 132 tnt1=  18 tnt2=  22 +=  40D
x1= 245 x2= 235 y1= 139 y2= 128 tnt1=  17 tnt2=  33 +=  50
x1= 246 x2= 236 y1= 151 y2= 133 tnt1=  18 tnt2=  26 +=  44
x1= 235 x2= 233 y1= 153 y2= 134 tnt1=  17 tnt2=  25 +=  42
x1= 228 x2= 232 y1= 155 y2= 134 tnt1=  21 tnt2=  25 +=  46
x1= 230 x2= 233 y1= 151 y2= 134 tnt1=  21 tnt2=  23 +=  44
x1= 232 x2= 233 y1= 154 y2= 135 tnt1=  16 tnt2=  24 +=  40D
x1= 236 x2= 230 y1= 153 y2= 134 tnt1=  24 tnt2=  27 +=  51
x1= 242 x2= 236 y1= 155 y2= 136 tnt1=  20 tnt2=  25 +=  45
x1= 245 x2= 237 y1= 160 y2= 138 tnt1=  19 tnt2=  26 +=  45
x1= 233 x2= 234 y1= 158 y2= 137 tnt1=  22 tnt2=  17 +=  39D
x1= 244 x2= 237 y1= 143 y2= 131 tnt1=  19 tnt2=  34 +=  53
x1= 246 x2= 239 y1= 157 y2= 136 tnt1=  19 tnt2=  34 +=  53
x1= 237 x2= 231 y1= 156 y2= 137 tnt1=  24 tnt2=  30 +=  54
x1= 231 x2= 234 y1= 158 y2= 137 tnt1=  23 tnt2=  28 +=  51
x1= 243 x2= 237 y1= 156 y2= 136 tnt1=  19 tnt2=  24 +=  43
x1= 238 x2= 225 y1= 157 y2= 137 tnt1=  30 tnt2=  38 +=  68
x1= 235 x2= 235 y1= 159 y2= 137 tnt1=  12 tnt2=  30 +=  42
x1= 247 x2= 239 y1= 161 y2= 139 tnt1=  20 tnt2=  26 +=  46
x1= 246 x2= 240 y1= 166 y2= 143 tnt1=  22 tnt2=  32 +=  54
x1= 235 x2= 237 y1= 164 y2= 141 tnt1=  24 tnt2=  21 +=  45
x1= 248 x2= 241 y1= 153 y2= 138 tnt1=  23 tnt2=  44 +=  67
x1= 231 x2= 237 y1= 168 y2= 143 tnt1=  28 tnt2=  35 +=  63
x1= 230 x2= 236 y1= 166 y2= 143 tnt1=  27 tnt2=  41 +=  68
x1= 246 x2= 241 y1= 164 y2= 144 tnt1=  22 tnt2=  33 +=  55
x1= 242 x2= 239 y1= 162 y2= 140 tnt1=  22 tnt2=  29 +=  51
x1= 239 x2= 229 y1= 159 y2= 138 tnt1=  28 tnt2=  35 +=  63
x1= 236 x2= 241 y1= 154 y2= 135 tnt1=  15 tnt2=  21 +=  36D
x1= 244 x2= 236 y1= 153 y2= 133 tnt1=  19 tnt2=  23 +=  42
x1= 231 x2= 235 y1= 154 y2= 134 tnt1=  21 tnt2=  26 +=  47
x1= 237 x2= 227 y1= 154 y2= 134 tnt1=  27 tnt2=  31 +=  58
x1= 236 x2= 239 y1= 141 y2= 128 tnt1=  18 tnt2=  21 +=  39D
x1= 243 x2= 227 y1= 140 y2= 128 tnt1=   9 tnt2=  24 +=  33D
x1= 226 x2= 232 y1= 154 y2= 134 tnt1=  20 tnt2=  26 +=  46
x1= 238 x2= 227 y1= 151 y2= 133 tnt1=  24 tnt2=  31 +=  55
x1= 237 x2= 235 y1= 151 y2= 133 tnt1=  19 tnt2=  21 +=  40D
x1= 235 x2= 240 y1= 149 y2= 131 tnt1=  14 tnt2=  18 +=  32D
x1= 236 x2= 237 y1= 151 y2= 132 tnt1=  16 tnt2=  19 +=  35D
x1= 223 x2= 231 y1= 150 y2= 131 tnt1=  20 tnt2=  24 +=  44
x1= 231 x2= 234 y1= 150 y2= 132 tnt1=  19 tnt2=  24 +=  43
x1= 235 x2= 235 y1= 150 y2= 131 tnt1=   7 tnt2=  11 +=  18D
x1= 234 x2= 235 y1= 140 y2= 127 tnt1=  19 tnt2=  16 +=  35D
x1= 236 x2= 245 y1= 149 y2= 131 tnt1=   9 tnt2=  22 +=  31D
x1= 244 x2= 237 y1= 154 y2= 135 tnt1=  18 tnt2=  22 +=  40D
x1= 243 x2= 240 y1= 165 y2= 142 tnt1=  32 tnt2=  28 +=  60
x1= 237 x2= 242 y1= 165 y2= 142 tnt1=  13 tnt2=  31 +=  44
x1= 239 x2= 247 y1= 165 y2= 144 tnt1=  18 tnt2=  29 +=  47
x1= 241 x2= 245 y1= 166 y2= 145 tnt1=  20 tnt2=  28 +=  48
x1= 232 x2= 238 y1= 166 y2= 143 tnt1=  26 tnt2=  34 +=  60
x1= 235 x2= 238 y1= 172 y2= 148 tnt1=  27 tnt2=  38 +=  65
