x1= 622 x2= 632 y1= 516 y2= 541 tnt1=  28 tnt2=  46 +=  74
x1= 624 x2= 644 y1= 525 y2= 549 tnt1=  15 tnt2=  28 +=  43
x1= 617 x2= 629 y1= 530 y2= 553 tnt1=  25 tnt2=  33 +=  58
x1= 590 x2= 619 y1= 490 y2= 531 tnt1=  92 tnt2=  49 += 141
x1= 626 x2= 638 y1= 465 y2= 521 tnt1= 527 tnt2=  80 += 607
x1= 612 x2= 637 y1= 480 y2= 513 tnt1=  48 tnt2=  45 +=  93
x1= 628 x2= 635 y1= 495 y2= 524 tnt1=  32 tnt2=  44 +=  76
x1= 614 x2= 630 y1= 481 y2= 511 tnt1=  32 tnt2=  43 +=  75
x1= 612 x2= 627 y1= 483 y2= 512 tnt1=  25 tnt2=  29 +=  54
x1= 612 x2= 637 y1= 471 y2= 502 tnt1=  30 tnt2=  42 +=  72
x1= 618 x2= 625 y1= 510 y2= 528 tnt1=  20 tnt2=  26 +=  46
x1= 622 x2= 638 y1= 518 y2= 533 tnt1=  12 tnt2=  23 +=  35D
x1= 621 x2= 624 y1= 476 y2= 515 tnt1=  37 tnt2=  48 +=  85
x1= 625 x2= 628 y1= 493 y2= 512 tnt1=  31 tnt2=  37 +=  68
x1= 621 x2= 625 y1= 494 y2= 510 tnt1=   9 tnt2=  16 +=  25D
x1= 503 x2= 531 y1= 316 y2= 335 tnt1=  83 tnt2= 372 += 455
x1= 620 x2= 625 y1= 480 y2= 498 tnt1=  15 tnt2=  28 +=  43
x1= 619 x2= 624 y1= 480 y2= 496 tnt1=  19 tnt2=  24 +=  43
x1= 609 x2= 635 y1= 454 y2= 476 tnt1=  29 tnt2=  27 +=  56
x1= 623 x2= 616 y1= 468 y2= 483 tnt1=  24 tnt2=  27 +=  51
x1= 623 x2= 620 y1= 464 y2= 477 tnt1=  22 tnt2=  27 +=  49
x1= 618 x2= 624 y1= 466 y2= 478 tnt1=  19 tnt2=  16 +=  35D
x1= 614 x2= 624 y1= 451 y2= 470 tnt1=  21 tnt2=  13 +=  34D
x1= 624 x2= 618 y1= 437 y2= 456 tnt1=  32 tnt2=  36 +=  68
x1= 622 x2= 634 y1= 437 y2= 451 tnt1=  13 tnt2=  17 +=  30D
x1= 634 x2= 630 y1= 429 y2= 445 tnt1=  19 tnt2=  29 +=  48
x1= 615 x2= 625 y1= 424 y2= 437 tnt1=  21 tnt2=  27 +=  48
x1= 620 x2= 625 y1= 418 y2= 430 tnt1=  19 tnt2=  24 +=  43
x1= 629 x2= 627 y1= 411 y2= 423 tnt1=  18 tnt2=  23 +=  41
x1= 625 x2= 622 y1= 405 y2= 416 tnt1=  22 tnt2=  25 +=  47
x1= 625 x2= 623 y1= 397 y2= 407 tnt1=  21 tnt2=  26 +=  47
x1= 625 x2= 620 y1= 394 y2= 403 tnt1=  22 tnt2=  23 +=  45
x1= 626 x2= 618 y1= 381 y2= 391 tnt1=  28 tnt2=  26 +=  54
x1= 624 x2= 635 y1= 371 y2= 381 tnt1=  12 tnt2=  17 +=  29D
x1= 625 x2= 630 y1= 365 y2= 374 tnt1=  16 tnt2=  21 +=  37D
x1= 627 x2= 618 y1= 356 y2= 366 tnt1=  25 tnt2=  33 +=  58
x1= 621 x2= 627 y1= 348 y2= 356 tnt1=  18 tnt2=  23 +=  41
x1= 622 x2= 626 y1= 340 y2= 348 tnt1=  19 tnt2=  24 +=  43
x1= 627 x2= 618 y1= 331 y2= 339 tnt1=  26 tnt2=  29 +=  55
x1= 627 x2= 621 y1= 323 y2= 329 tnt1=  25 tnt2=  29 +=  54
x1= 637 x2= 631 y1= 312 y2= 319 tnt1=  16 tnt2=  21 +=  37D
x1= 627 x2= 636 y1= 301 y2= 310 tnt1=  17 tnt2=  19 +=  36D
x1= 638 x2= 631 y1= 293 y2= 299 tnt1=  16 tnt2=  31 +=  47
x1= 627 x2= 639 y1= 286 y2= 290 tnt1=  12 tnt2=  15 +=  27D
x1= 629 x2= 638 y1= 276 y2= 282 tnt1=  13 tnt2=  17 +=  30D
x1= 623 x2= 630 y1= 268 y2= 273 tnt1=  20 tnt2=  23 +=  43
x1= 627 x2= 631 y1= 259 y2= 263 tnt1=  19 tnt2=  23 +=  42
x1= 634 x2= 625 y1= 248 y2= 253 tnt1=  28 tnt2=  32 +=  60
x1= 634 x2= 625 y1= 239 y2= 243 tnt1=  24 tnt2=  29 +=  53
x1= 633 x2= 635 y1= 231 y2= 233 tnt1=   7 tnt2=  22 +=  29D
x1= 644 x2= 639 y1= 220 y2= 224 tnt1=  17 tnt2=  20 +=  37D
x1= 639 x2= 629 y1= 209 y2= 213 tnt1=  26 tnt2=  22 +=  48
x1= 639 x2= 648 y1= 204 y2= 205 tnt1=  13 tnt2=  20 +=  33D
x1= 641 x2= 648 y1= 194 y2= 195 tnt1=  14 tnt2=  17 +=  31D
x1= 633 x2= 641 y1= 184 y2= 185 tnt1=  20 tnt2=  23 +=  43
x1= 634 x2= 643 y1= 174 y2= 175 tnt1=  19 tnt2=  22 +=  41
x1= 654 x2= 647 y1= 163 y2= 164 tnt1=  16 tnt2=  20 +=  36D
x1= 646 x2= 645 y1= 153 y2= 154 tnt1=  28 tnt2=  31 +=  59
x1= 647 x2= 646 y1= 140 y2= 141 tnt1=  28 tnt2=  31 +=  59
x1= 645 x2= 649 y1= 129 y2= 130 tnt1=  15 tnt2=  18 +=  33D
x1= 652 x2= 648 y1= 119 y2= 119 tnt1=  17 tnt2=  20 +=  37D
x1= 648 x2= 644 y1= 102 y2= 104 tnt1=  19 tnt2=  20 +=  39D
x1= 655 x2= 649 y1=  98 y2=  95 tnt1=  16 tnt2=  29 +=  45
x1= 650 x2= 649 y1=  90 y2=  90 tnt1=  28 tnt2=  31 +=  59
