x1= 137 x2= 140 y1= 333 y2= 341 tnt1=  58 tnt2=  67 += 125
x1= 104 x2= 109 y1= 333 y2= 335 tnt1=  43 tnt2=  43 +=  86D
x1= 100 x2= 113 y1= 328 y2= 329 tnt1=  33 tnt2=  24 +=  57D
x1=  98 x2= 109 y1= 328 y2= 329 tnt1=  17 tnt2=  25 +=  42D
x1=  96 x2=  90 y1= 328 y2= 326 tnt1=  26 tnt2=  27 +=  53D
x1=  94 x2= 100 y1= 326 y2= 328 tnt1=  15 tnt2=  29 +=  44D
x1=  85 x2=  94 y1= 329 y2= 327 tnt1=  23 tnt2=  21 +=  44D
x1=  97 x2=  85 y1= 333 y2= 330 tnt1=  21 tnt2=  30 +=  51D
x1=  94 x2= 101 y1= 332 y2= 329 tnt1=  11 tnt2=  21 +=  32D
x1=  94 x2=  99 y1= 329 y2= 329 tnt1=  13 tnt2=  23 +=  36D
x1=  92 x2=  98 y1= 331 y2= 329 tnt1=  22 tnt2=  24 +=  46D
x1=  95 x2=  99 y1= 332 y2= 332 tnt1=  27 tnt2=  20 +=  47D
x1=  95 x2=  97 y1= 331 y2= 331 tnt1=  22 tnt2=  22 +=  44D
x1=  99 x2=  94 y1= 331 y2= 333 tnt1=  31 tnt2=  30 +=  61D
x1=  96 x2=  92 y1= 335 y2= 333 tnt1=  26 tnt2=  28 +=  54D
x1=  94 x2=  88 y1= 331 y2= 329 tnt1=  22 tnt2=  17 +=  39D
x1=  86 x2=  91 y1= 333 y2= 330 tnt1=  22 tnt2=  18 +=  40D
x1=  93 x2=  82 y1= 335 y2= 332 tnt1=  19 tnt2=  23 +=  42D
x1=  91 x2=  99 y1= 333 y2= 331 tnt1=   9 tnt2=  18 +=  27D
x1=  92 x2=  94 y1= 334 y2= 331 tnt1=  13 tnt2=  18 +=  31D
x1= 101 x2=  94 y1= 332 y2= 331 tnt1=  16 tnt2=  18 +=  34D
x1=  90 x2=  91 y1= 335 y2= 332 tnt1=  18 tnt2=  12 +=  30D
x1=  94 x2=  92 y1= 336 y2= 335 tnt1=  15 tnt2=  29 +=  44D
x1=  91 x2=  87 y1= 337 y2= 334 tnt1=  24 tnt2=  21 +=  45D
x1=  82 x2=  90 y1= 338 y2= 336 tnt1=  21 tnt2=  22 +=  43D
x1=  96 x2=  90 y1= 338 y2= 338 tnt1=  28 tnt2=  24 +=  52D
x1=  87 x2=  97 y1= 338 y2= 340 tnt1=  26 tnt2=  36 +=  62D
x1=  98 x2= 109 y1= 340 y2= 342 tnt1=  14 tnt2=  24 +=  38D
x1=  97 x2= 103 y1= 341 y2= 342 tnt1=  17 tnt2=  30 +=  47D
x1=  97 x2=  89 y1= 343 y2= 342 tnt1=  29 tnt2=  27 +=  56D
x1=  91 x2=  97 y1= 343 y2= 345 tnt1=  28 tnt2=  30 +=  58D
x1=  91 x2= 105 y1= 344 y2= 348 tnt1=  33 tnt2=  27 +=  60D
x1=  95 x2=  90 y1= 344 y2= 343 tnt1=  25 tnt2=  24 +=  49D
x1=  92 x2=  88 y1= 344 y2= 344 tnt1=  22 tnt2=  22 +=  44D
x1= 102 x2=  94 y1= 344 y2= 344 tnt1=  14 tnt2=  18 +=  32D
x1=  89 x2=  93 y1= 302 y2= 338 tnt1=  20 tnt2=  19 +=  39D
x1=  92 x2=  95 y1= 345 y2= 346 tnt1=  11 tnt2=  24 +=  35D
x1=  91 x2=  98 y1= 346 y2= 346 tnt1=   8 tnt2=  18 +=  26D
x1=  91 x2=  96 y1= 345 y2= 347 tnt1=  12 tnt2=  18 +=  30D
x1=  82 x2=  91 y1= 349 y2= 348 tnt1=  20 tnt2=  21 +=  41D
x1=  85 x2=  91 y1= 348 y2= 349 tnt1=  18 tnt2=  20 +=  38D
x1=  94 x2=  92 y1= 349 y2= 350 tnt1=  16 tnt2=  26 +=  42D
x1=  93 x2=  84 y1= 351 y2= 351 tnt1=  27 tnt2=  22 +=  49D
x1=  90 x2=  91 y1= 350 y2= 351 tnt1=  17 tnt2=  12 +=  29D
x1= 102 x2=  94 y1= 351 y2= 353 tnt1=  14 tnt2=  19 +=  33D
x1=  92 x2= 100 y1= 356 y2= 356 tnt1=  15 tnt2=  18 +=  33D
x1=  98 x2=  92 y1= 355 y2= 356 tnt1=  15 tnt2=  19 +=  34D
x1=  92 x2=  96 y1= 355 y2= 356 tnt1=   8 tnt2=  16 +=  24D
x1=  91 x2=  87 y1= 356 y2= 357 tnt1=  21 tnt2=  19 +=  40D
x1=  83 x2=  91 y1= 358 y2= 358 tnt1=  17 tnt2=  18 +=  35D
x1=  91 x2=  94 y1= 357 y2= 359 tnt1=  13 tnt2=  17 +=  30D
x1=  92 x2=  81 y1= 359 y2= 360 tnt1=  15 tnt2=  23 +=  38D
x1=  92 x2=  83 y1= 360 y2= 360 tnt1=  25 tnt2=  20 +=  45D
x1=  91 x2=  95 y1= 359 y2= 362 tnt1=  11 tnt2=  16 +=  27D
x1=  98 x2=  92 y1= 361 y2= 363 tnt1=  12 tnt2=  16 +=  28D
x1=  90 x2=  92 y1= 363 y2= 365 tnt1=  11 tnt2=  23 +=  34D
x1=  96 x2=  91 y1= 365 y2= 366 tnt1=  13 tnt2=  16 +=  29D
x1=  92 x2=  91 y1= 366 y2= 368 tnt1=  14 tnt2=  25 +=  39D
x1=  91 x2=  88 y1= 368 y2= 369 tnt1=  19 tnt2=  17 +=  36D
x1=  85 x2=  89 y1= 368 y2= 370 tnt1=  18 tnt2=  17 +=  35D
x1=  95 x2=  92 y1= 368 y2= 373 tnt1=  15 tnt2=  28 +=  43D
x1=  87 x2=  90 y1= 371 y2= 373 tnt1=  18 tnt2=  19 +=  37D
x1=  91 x2=  96 y1= 370 y2= 374 tnt1=   9 tnt2=  16 +=  25D
x1= 100 x2=  93 y1= 372 y2= 374 tnt1=  13 tnt2=  17 +=  30D
x1=  92 x2=  87 y1= 374 y2= 377 tnt1=  22 tnt2=  19 +=  41D
x1= 101 x2=  93 y1= 373 y2= 379 tnt1=  13 tnt2=  23 +=  36D
x1= 100 x2=  84 y1= 372 y2= 378 tnt1=  14 tnt2=  17 +=  31D
x1=  91 x2=  86 y1= 376 y2= 379 tnt1=  21 tnt2=  19 +=  40D
x1=  91 x2=  90 y1= 376 y2= 381 tnt1=  19 tnt2=  19 +=  38D
x1=  98 x2=  93 y1= 380 y2= 383 tnt1=  15 tnt2=  25 +=  40D
x1=  91 x2=  94 y1= 380 y2= 384 tnt1=  12 tnt2=  11 +=  23D
x1=  89 x2=  92 y1= 380 y2= 384 tnt1=  17 tnt2=  10 +=  27D
x1=  92 x2=  90 y1= 382 y2= 384 tnt1=  20 tnt2=  19 +=  39D
x1=  91 x2=  97 y1= 380 y2= 385 tnt1=  11 tnt2=  17 +=  28D
x1=  84 x2=  91 y1= 382 y2= 387 tnt1=  16 tnt2=  19 +=  35D
x1= 101 x2=  94 y1= 382 y2= 389 tnt1=  13 tnt2=  21 +=  34D
x1=  88 x2= 102 y1= 381 y2= 388 tnt1=  16 tnt2=  27 +=  43D
x1=  92 x2=  86 y1= 384 y2= 389 tnt1=  21 tnt2=  19 +=  40D
x1=  90 x2=  96 y1= 383 y2= 390 tnt1=   7 tnt2=  15 +=  22D
x1=  95 x2=  92 y1= 385 y2= 392 tnt1=  14 tnt2=  27 +=  41D
x1=  99 x2=  93 y1= 387 y2= 392 tnt1=  14 tnt2=  11 +=  25D
x1=  90 x2=  99 y1= 388 y2= 393 tnt1=   5 tnt2=  13 +=  18D
x1=  90 x2=  94 y1= 388 y2= 393 tnt1=  10 tnt2=  15 +=  25D
x1=  82 x2=  91 y1= 390 y2= 394 tnt1=  16 tnt2=  16 +=  32D
x1=  88 x2=  91 y1= 390 y2= 395 tnt1=  15 tnt2=   6 +=  21D
x1=  92 x2=  90 y1= 392 y2= 398 tnt1=  18 tnt2=   9 +=  27D
x1=  90 x2= 103 y1= 390 y2= 398 tnt1=  17 tnt2=  18 +=  35D
x1=  95 x2=  95 y1= 394 y2= 401 tnt1=  21 tnt2=  20 +=  41D
x1= 102 x2=  96 y1= 392 y2= 400 tnt1=  15 tnt2=  20 +=  35D
x1=  97 x2=  95 y1= 393 y2= 402 tnt1=  17 tnt2=  27 +=  44D
x1=  91 x2=  94 y1= 394 y2= 402 tnt1=  17 tnt2=  14 +=  31D
x1=  93 x2=  99 y1= 393 y2= 402 tnt1=   9 tnt2=  17 +=  26D
x1=  93 x2=  89 y1= 394 y2= 403 tnt1=  24 tnt2=  21 +=  45D
x1=  89 x2=  95 y1= 395 y2= 404 tnt1=  20 tnt2=  24 +=  44D
x1=  98 x2=  98 y1= 392 y2= 404 tnt1=  25 tnt2=  27 +=  52D
x1= 110 x2= 105 y1= 403 y2= 413 tnt1=  24 tnt2=  29 +=  53D
x1=  94 x2= 105 y1= 395 y2= 406 tnt1=  21 tnt2=  35 +=  56D
x1= 102 x2= 100 y1= 398 y2= 407 tnt1=  16 tnt2=  24 +=  40D
x1= 103 x2=  98 y1= 393 y2= 406 tnt1=  16 tnt2=  22 +=  38D
x1=  93 x2=  96 y1= 396 y2= 405 tnt1=  20 tnt2=  15 +=  35D
x1=  94 x2= 109 y1= 394 y2= 407 tnt1=  23 tnt2=  20 +=  43D
x1= 103 x2=  99 y1= 400 y2= 410 tnt1=  20 tnt2=  29 +=  49D
x1=  99 x2=  96 y1= 395 y2= 408 tnt1=  26 tnt2=  29 +=  55D
x1= 100 x2= 105 y1= 386 y2= 406 tnt1=  34 tnt2=  21 +=  55D
x1= 105 x2= 102 y1= 390 y2= 408 tnt1=  23 tnt2=  37 +=  60D
x1= 755 x2= 771 y1= 296 y2= 320 tnt1= 637 tnt2=1015 +=1652
x1= 118 x2= 115 y1= 386 y2= 407 tnt1=  32 tnt2=  70 += 102
x1= 117 x2= 114 y1= 389 y2= 408 tnt1=  27 tnt2=  59 +=  86
x1=  96 x2= 103 y1= 387 y2= 407 tnt1=  37 tnt2=  40 +=  77D
x1= 102 x2= 107 y1= 390 y2= 408 tnt1=  36 tnt2=  57 +=  93
x1= 107 x2= 120 y1= 383 y2= 405 tnt1=  26 tnt2=  42 +=  68D
x1= 100 x2=  93 y1= 398 y2= 411 tnt1=  30 tnt2=  30 +=  60D
