x1=1023 x2=1023 y1= 426 y2= 486 tnt1=1023 tnt2=1023
x1=1023 x2=1023 y1= 416 y2= 459 tnt1=1018 tnt2=1023
x1=1023 x2=1023 y1= 413 y2= 449 tnt1=1017 tnt2=1023
x1=1023 x2=1023 y1= 419 y2= 452 tnt1=1018 tnt2=1022
x1=1023 x2=1020 y1= 419 y2= 490 tnt1=1017 tnt2=1023
x1=1023 x2=1023 y1= 419 y2= 454 tnt1=1023 tnt2=1012
x1=1023 x2=1023 y1= 419 y2= 460 tnt1=1017 tnt2=1023
x1=1023 x2=1023 y1= 416 y2= 454 tnt1=1023 tnt2=1023
x1=1023 x2=1023 y1= 407 y2= 447 tnt1=1018 tnt2=1012
x1=1023 x2=1023 y1= 419 y2= 453 tnt1=1023 tnt2=1012
x1=1023 x2=1023 y1= 419 y2= 454 tnt1=1017 tnt2=1022
x1=1023 x2=1023 y1= 417 y2= 450 tnt1=1023 tnt2=1017
x1=1023 x2=1023 y1= 415 y2= 453 tnt1=1023 tnt2=1023
x1=1023 x2=1023 y1= 418 y2= 451 tnt1=1018 tnt2=1011
x1=1023 x2=1023 y1= 413 y2= 819 tnt1=1023 tnt2=1023
x1=1023 x2=1023 y1= 418 y2= 452 tnt1=1023 tnt2=1023
x1=1023 x2=1023 y1= 417 y2= 459 tnt1=1023 tnt2=1023
x1= 113 x2= 114 y1= 801 y2= 873 tnt1=1017 tnt2=  41
x1=  99 x2= 111 y1= 823 y2= 866 tnt1=  28 tnt2=  18
x1= 121 x2= 151 y1= 767 y2= 841 tnt1=  34 tnt2=  33
x1=1023 x2=1023 y1= 417 y2= 456 tnt1=1017 tnt2=1023
x1=1023 x2=1023 y1= 412 y2= 448 tnt1=1018 tnt2=1022
x1=1023 x2=1023 y1= 419 y2= 455 tnt1=1023 tnt2=1022
x1=1023 x2=1023 y1= 414 y2= 452 tnt1=1023 tnt2=1022
x1=1023 x2=1023 y1= 418 y2= 454 tnt1=1023 tnt2=1023
x1=1023 x2=1023 y1= 420 y2= 456 tnt1=1023 tnt2=1023
x1=1023 x2=1023 y1= 421 y2= 473 tnt1=1018 tnt2=1017
x1=1023 x2=1023 y1= 417 y2= 454 tnt1=1018 tnt2=1022
x1=1023 x2=1023 y1= 414 y2= 470 tnt1=1019 tnt2=1022
x1=1023 x2=1023 y1= 413 y2= 450 tnt1=1017 tnt2=1017
x1=  99 x2=  94 y1= 840 y2= 871 tnt1=  15 tnt2=  19
x1=  94 x2= 101 y1= 858 y2= 874 tnt1=  15 tnt2=   6
x1=  94 x2=  98 y1= 861 y2= 874 tnt1=  12 tnt2=   6
x1=  92 x2=  97 y1= 862 y2= 874 tnt1=  11 tnt2=   8
x1=  94 x2= 105 y1= 863 y2= 875 tnt1=  17 tnt2=  14
x1= 121 x2= 123 y1= 800 y2= 858 tnt1=  37 tnt2=  43
x1=1023 x2=1023 y1= 417 y2= 458 tnt1=1017 tnt2=1023
x1=1023 x2=1023 y1= 418 y2= 454 tnt1=1017 tnt2=1022
x1=1023 x2=1023 y1= 410 y2= 443 tnt1=1023 tnt2=1022
x1=1023 x2=1023 y1= 412 y2= 449 tnt1=1017 tnt2=1023
x1=1023 x2=1023 y1= 402 y2= 439 tnt1=1023 tnt2=1023
x1=1023 x2=1023 y1= 418 y2= 455 tnt1=1023 tnt2=1023
x1=1023 x2=1023 y1= 419 y2= 456 tnt1=1023 tnt2=1023
x1=1023 x2=1023 y1= 415 y2= 450 tnt1=1019 tnt2=1023
x1=1023 x2=1023 y1= 414 y2= 452 tnt1=1023 tnt2=1023
x1=1023 x2=1023 y1= 410 y2= 445 tnt1=1017 tnt2=1023
x1=1023 x2=1023 y1= 416 y2= 454 tnt1=1018 tnt2=1022
x1= 198 x2= 219 y1= 610 y2= 701 tnt1=  44 tnt2=  32
x1= 103 x2= 112 y1= 834 y2= 868 tnt1=  11 tnt2=  16
x1= 113 x2= 114 y1= 819 y2= 865 tnt1=  15 tnt2=  23
x1= 193 x2= 270 y1= 461 y2= 498 tnt1=  33 tnt2=  69
x1= 128 x2= 126 y1= 786 y2= 854 tnt1=  39 tnt2=  61
x1=1023 x2=1023 y1= 416 y2= 453 tnt1=1017 tnt2=1023
x1=1023 x2=1023 y1= 420 y2= 457 tnt1=1023 tnt2=1023
x1=1023 x2=1023 y1= 418 y2= 452 tnt1=1017 tnt2=1022
x1=1023 x2=1023 y1= 414 y2= 449 tnt1=1017 tnt2=1012
x1=1023 x2=1023 y1= 412 y2= 453 tnt1=1018 tnt2=1023
x1=1023 x2=1023 y1= 410 y2= 449 tnt1=1023 tnt2=1023
x1=1023 x2=1023 y1= 412 y2= 448 tnt1=1023 tnt2=1022
x1=1023 x2=1023 y1= 416 y2= 451 tnt1=1023 tnt2=1023
x1=1023 x2=1023 y1= 419 y2= 456 tnt1=1023 tnt2=1023
x1=1023 x2=1023 y1= 411 y2= 446 tnt1=1017 tnt2=1012
x1=1023 x2=1023 y1= 413 y2= 448 tnt1=1016 tnt2=1012
x1=1023 x2=1023 y1= 413 y2= 451 tnt1=1023 tnt2=1023
x1=1023 x2=1023 y1= 413 y2= 446 tnt1=1017 tnt2=1022
x1=1023 x2=1023 y1= 412 y2= 449 tnt1=1017 tnt2=1011
x1=1023 x2=1023 y1= 412 y2= 452 tnt1=1023 tnt2=1023
x1=1023 x2=1023 y1= 418 y2= 462 tnt1=1023 tnt2=1023
x1=1023 x2=1023 y1= 417 y2= 453 tnt1=1023 tnt2=1023
x1=1023 x2=1023 y1= 414 y2= 450 tnt1=1023 tnt2=1023
x1=1023 x2=1023 y1= 414 y2= 449 tnt1=1018 tnt2=1017
x1=1023 x2=1023 y1= 414 y2= 448 tnt1=1018 tnt2=1023
x1=1023 x2=1023 y1= 414 y2= 454 tnt1=1017 tnt2=1023
x1=1023 x2=1023 y1= 420 y2= 457 tnt1=1023 tnt2=1015
x1=1023 x2=1023 y1= 410 y2= 443 tnt1=1017 tnt2=1022
x1=1023 x2=1023 y1= 414 y2= 452 tnt1=1023 tnt2=1023
x1=1023 x2=1023 y1= 412 y2= 455 tnt1=1023 tnt2=1023
x1=1023 x2=1023 y1= 415 y2= 499 tnt1=1023 tnt2=1011
x1=1023 x2=1023 y1= 415 y2= 448 tnt1=1023 tnt2=1023
x1=1023 x2=1023 y1= 402 y2= 439 tnt1=1023 tnt2=1023
x1=1023 x2=1023 y1= 417 y2= 450 tnt1=1018 tnt2=1012
x1=1023 x2=1023 y1= 411 y2= 446 tnt1=1018 tnt2=1023
x1=1023 x2=1023 y1= 415 y2= 452 tnt1=1023 tnt2=1023
x1=1023 x2=1023 y1= 408 y2= 443 tnt1=1017 tnt2=1023
x1=1023 x2=1023 y1= 415 y2= 450 tnt1=1023 tnt2=1023
x1=1023 x2=1023 y1= 414 y2= 449 tnt1=1023 tnt2=1023
x1=1023 x2=1023 y1= 416 y2= 464 tnt1=1023 tnt2=1023
x1=1023 x2=1023 y1= 417 y2= 458 tnt1=1023 tnt2=1011
x1=1023 x2=1023 y1= 414 y2= 450 tnt1=1023 tnt2=1023
x1=1023 x2=1023 y1= 412 y2= 449 tnt1=1017 tnt2=1016
x1=1023 x2=1023 y1= 418 y2= 452 tnt1=1017 tnt2=1022
x1=1023 x2=1023 y1= 412 y2= 451 tnt1=1023 tnt2=1023
x1=1023 x2=1023 y1= 413 y2= 449 tnt1=1023 tnt2=1022
x1=1023 x2=1023 y1= 419 y2= 458 tnt1=1017 tnt2=1013
x1=1023 x2=1023 y1= 408 y2= 443 tnt1=1023 tnt2=1023
x1=1023 x2=1023 y1= 415 y2= 450 tnt1=1023 tnt2=1022
x1=1023 x2=1023 y1= 418 y2= 456 tnt1=1018 tnt2=1022
x1=1023 x2=1023 y1= 419 y2= 460 tnt1=1018 tnt2=1012
x1=1023 x2=1023 y1= 417 y2= 453 tnt1=1016 tnt2=1023
x1=1023 x2=1023 y1= 410 y2= 480 tnt1=1018 tnt2=1012
x1=1023 x2=1023 y1= 416 y2= 452 tnt1=1017 tnt2=1012
x1=1023 x2=1023 y1= 415 y2= 476 tnt1=1023 tnt2=1023
x1=1023 x2=1023 y1= 418 y2= 453 tnt1=1023 tnt2=1022
x1=1023 x2=1023 y1= 417 y2= 453 tnt1=1023 tnt2=1022
x1=1023 x2=1023 y1= 419 y2= 453 tnt1=1023 tnt2=1023
x1=1023 x2=1019 y1= 422 y2= 493 tnt1=1017 tnt2=1023
x1=1023 x2=1023 y1= 415 y2= 454 tnt1=1023 tnt2=1023
x1=1023 x2=1023 y1= 418 y2= 457 tnt1=1023 tnt2=1011
x1=1023 x2=1023 y1= 412 y2= 449 tnt1=1018 tnt2=1012
x1=1023 x2=1023 y1= 411 y2= 448 tnt1=1018 tnt2=1013
x1=1023 x2=1023 y1= 418 y2= 450 tnt1=1023 tnt2=1023
x1=1023 x2=1023 y1= 418 y2= 452 tnt1=1023 tnt2= 435
x1= 192 x2= 213 y1= 760 y2= 821 tnt1=  53 tnt2=  41
x1= 198 x2= 236 y1= 721 y2= 797 tnt1=  73 tnt2=  72
x1= 272 x2= 355 y1= 450 y2= 482 tnt1= 123 tnt2=1023
x1=1023 x2=1023 y1= 410 y2= 443 tnt1=1017 tnt2=1012
x1=1023 x2=1023 y1= 418 y2= 459 tnt1=1023 tnt2=1022
x1=1023 x2=1023 y1= 415 y2= 457 tnt1=1017 tnt2=1023
x1=1023 x2=1023 y1= 416 y2= 451 tnt1=1017 tnt2=1012
x1=1023 x2=1023 y1= 418 y2= 454 tnt1=1023 tnt2=1023
x1=1023 x2=1023 y1= 417 y2= 452 tnt1=1023 tnt2=1023
x1=1023 x2=1023 y1= 417 y2= 452 tnt1=1023 tnt2= 646
x1= 200 x2= 210 y1= 753 y2= 819 tnt1=  46 tnt2=  35
x1= 194 x2= 210 y1= 786 y2= 834 tnt1=  28 tnt2=  27
x1= 192 x2= 198 y1= 791 y2= 834 tnt1=  21 tnt2=  21
x1= 203 x2= 204 y1= 783 y2= 833 tnt1=  20 tnt2=  25
x1= 191 x2= 198 y1= 792 y2= 840 tnt1=  23 tnt2=  26
x1= 204 x2= 232 y1= 760 y2= 844 tnt1=  72 tnt2=  35
x1=1023 x2=1023 y1= 413 y2= 447 tnt1=1017 tnt2=1023
x1=1023 x2=1023 y1= 416 y2= 531 tnt1=1023 tnt2=1012
x1=1023 x2=1023 y1= 416 y2= 448 tnt1=1017 tnt2=1022
x1=1023 x2=1023 y1= 416 y2= 453 tnt1=1017 tnt2=1023
x1=1023 x2=1023 y1= 405 y2= 438 tnt1=1023 tnt2=1023
x1=1023 x2=1023 y1= 419 y2= 456 tnt1=1017 tnt2=1023
x1=1023 x2=1023 y1= 410 y2= 446 tnt1=1017 tnt2=1018
x1=1023 x2=1023 y1= 413 y2= 446 tnt1=1017 tnt2=1022
x1=1023 x2=1023 y1= 417 y2= 456 tnt1=1017 tnt2=1023
x1=1023 x2=1023 y1= 419 y2= 462 tnt1=1016 tnt2=1023
x1=1023 x2=1023 y1= 403 y2= 438 tnt1=1023 tnt2=1023
x1=1023 x2=1023 y1= 419 y2= 457 tnt1=1023 tnt2=1023
x1=1023 x2=1023 y1= 398 y2= 434 tnt1=1017 tnt2=1023
x1= 214 x2= 226 y1= 761 y2= 826 tnt1=  41 tnt2=  31
x1= 206 x2= 209 y1= 825 y2= 847 tnt1=  24 tnt2=  20
x1= 202 x2= 200 y1= 834 y2= 848 tnt1=  12 tnt2=  16
x1= 210 x2= 206 y1= 835 y2= 849 tnt1=  13 tnt2=  23
x1= 196 x2= 209 y1= 836 y2= 847 tnt1=  14 tnt2=   9
x1= 208 x2= 208 y1= 835 y2= 848 tnt1=  11 tnt2=  16
x1= 213 x2= 209 y1= 837 y2= 849 tnt1=  18 tnt2=  19
x1= 207 x2= 213 y1= 837 y2= 848 tnt1=  15 tnt2=  15
x1= 207 x2= 208 y1= 835 y2= 847 tnt1=  14 tnt2=  15
x1= 210 x2= 211 y1= 836 y2= 847 tnt1=  13 tnt2=  16
x1= 204 x2= 212 y1= 837 y2= 847 tnt1=  18 tnt2=  13
x1= 209 x2= 206 y1= 835 y2= 847 tnt1=  10 tnt2=  14
x1= 211 x2= 213 y1= 834 y2= 847 tnt1=  11 tnt2=  15
x1= 206 x2= 219 y1= 833 y2= 847 tnt1=  16 tnt2=  14
x1= 214 x2= 210 y1= 829 y2= 847 tnt1=  16 tnt2=  17
x1= 208 x2= 222 y1= 834 y2= 847 tnt1=  11 tnt2=  15
x1= 220 x2= 221 y1= 832 y2= 847 tnt1=  13 tnt2=  23
x1= 210 x2= 224 y1= 833 y2= 845 tnt1=  15 tnt2=  16
x1= 224 x2= 223 y1= 835 y2= 847 tnt1=  14 tnt2=  24
x1= 222 x2= 234 y1= 832 y2= 847 tnt1=  23 tnt2=  21
x1= 219 x2= 214 y1= 834 y2= 846 tnt1=   4 tnt2=  14
x1= 221 x2= 220 y1= 836 y2= 848 tnt1=  10 tnt2=  14
x1= 223 x2= 231 y1= 837 y2= 847 tnt1=  11 tnt2=  16
x1= 228 x2= 227 y1= 837 y2= 847 tnt1=  13 tnt2=  16
x1= 221 x2= 230 y1= 838 y2= 849 tnt1=  13 tnt2=  10
x1= 224 x2= 230 y1= 838 y2= 849 tnt1=  14 tnt2=  13
x1= 219 x2= 233 y1= 838 y2= 849 tnt1=  16 tnt2=  23
x1= 236 x2= 232 y1= 838 y2= 850 tnt1=  12 tnt2=  18
x1= 238 x2= 235 y1= 837 y2= 848 tnt1=  13 tnt2=  16
x1= 230 x2= 237 y1= 838 y2= 848 tnt1=  22 tnt2=  10
x1= 233 x2= 228 y1= 838 y2= 848 tnt1=   5 tnt2=  14
x1= 235 x2= 237 y1= 837 y2= 848 tnt1=  11 tnt2=  14
x1= 237 x2= 242 y1= 839 y2= 848 tnt1=  14 tnt2=   5
x1= 232 x2= 242 y1= 838 y2= 847 tnt1=  13 tnt2=   7
x1= 241 x2= 242 y1= 837 y2= 848 tnt1=  12 tnt2=  16
x1= 246 x2= 242 y1= 840 y2= 848 tnt1=  14 tnt2=  14
x1= 239 x2= 244 y1= 839 y2= 849 tnt1=  18 tnt2=  15
x1= 241 x2= 243 y1= 838 y2= 848 tnt1=  12 tnt2=  14
x1= 249 x2= 246 y1= 839 y2= 849 tnt1=  12 tnt2=  22
x1= 242 x2= 237 y1= 839 y2= 848 tnt1=   5 tnt2=  13
x1= 244 x2= 246 y1= 840 y2= 849 tnt1=   9 tnt2=  14
x1= 245 x2= 252 y1= 840 y2= 849 tnt1=  14 tnt2=   5
x1= 241 x2= 252 y1= 839 y2= 849 tnt1=  14 tnt2=  12
x1= 252 x2= 250 y1= 837 y2= 850 tnt1=  13 tnt2=  19
x1= 251 x2= 251 y1= 837 y2= 849 tnt1=  22 tnt2=  17
x1= 244 x2= 253 y1= 838 y2= 849 tnt1=  16 tnt2=  24
x1= 248 x2= 254 y1= 839 y2= 849 tnt1=  13 tnt2=  13
x1= 259 x2= 253 y1= 838 y2= 849 tnt1=  13 tnt2=  24
x1= 245 x2= 255 y1= 838 y2= 849 tnt1=  14 tnt2=  11
x1= 256 x2= 265 y1= 839 y2= 850 tnt1=   8 tnt2=  16
x1= 255 x2= 257 y1= 840 y2= 850 tnt1=  18 tnt2=  16
x1= 255 x2= 262 y1= 839 y2= 850 tnt1=  14 tnt2=  15
x1= 256 x2= 262 y1= 840 y2= 850 tnt1=  13 tnt2=  15
x1= 259 x2= 260 y1= 840 y2= 850 tnt1=  13 tnt2=  21
x1= 258 x2= 270 y1= 839 y2= 850 tnt1=  20 tnt2=  16
x1= 262 x2= 263 y1= 839 y2= 850 tnt1=  11 tnt2=  16
x1= 265 x2= 263 y1= 841 y2= 850 tnt1=  12 tnt2=   9
x1= 261 x2= 266 y1= 839 y2= 851 tnt1=  14 tnt2=  15
x1= 260 x2= 266 y1= 840 y2= 850 tnt1=  14 tnt2=   9
x1= 264 x2= 267 y1= 841 y2= 853 tnt1=   9 tnt2=  12
x1= 261 x2= 258 y1= 839 y2= 852 tnt1=  17 tnt2=  14
x1= 256 x2= 272 y1= 837 y2= 852 tnt1=  16 tnt2=  13
x1= 275 x2= 272 y1= 835 y2= 853 tnt1=  15 tnt2=  18
x1= 272 x2= 273 y1= 836 y2= 853 tnt1=  19 tnt2=  24
x1= 260 x2= 275 y1= 838 y2= 853 tnt1=   5 tnt2=   8
x1= 270 x2= 278 y1= 844 y2= 855 tnt1=  13 tnt2=  16
x1= 261 x2= 273 y1= 844 y2= 856 tnt1=  12 tnt2=  17
x1= 262 x2= 276 y1= 842 y2= 853 tnt1=  14 tnt2=  15
x1= 269 x2= 277 y1= 841 y2= 852 tnt1=   4 tnt2=  10
x1= 275 x2= 285 y1= 840 y2= 849 tnt1=  18 tnt2=  17
x1= 276 x2= 287 y1= 829 y2= 849 tnt1=  21 tnt2=  21
x1= 273 x2= 280 y1= 805 y2= 843 tnt1=  23 tnt2=  26
x1= 272 x2= 310 y1= 748 y2= 816 tnt1=  51 tnt2=  65
x1= 281 x2= 299 y1= 777 y2= 830 tnt1=  48 tnt2=  63
x1= 273 x2= 288 y1= 784 y2= 835 tnt1=  21 tnt2=  34
x1= 278 x2= 313 y1= 744 y2= 815 tnt1=  30 tnt2=  29
x1= 286 x2= 303 y1= 818 y2= 851 tnt1=  24 tnt2=  27
x1= 277 x2= 295 y1= 816 y2= 845 tnt1=  22 tnt2=  19
x1= 293 x2= 293 y1= 815 y2= 845 tnt1=  19 tnt2=  26
x1= 286 x2= 296 y1= 831 y2= 847 tnt1=  21 tnt2=  21
x1= 288 x2= 304 y1= 812 y2= 843 tnt1=  24 tnt2=  22
x1= 287 x2= 292 y1= 821 y2= 844 tnt1=  16 tnt2=  18
x1= 297 x2= 295 y1= 820 y2= 844 tnt1=  18 tnt2=  25
x1= 283 x2= 302 y1= 808 y2= 839 tnt1=  26 tnt2=  19
x1= 268 x2= 323 y1= 728 y2= 803 tnt1=  82 tnt2=  37
x1= 280 x2= 317 y1= 725 y2= 816 tnt1= 109 tnt2=  50
x1= 290 x2= 323 y1= 780 y2= 847 tnt1=  34 tnt2=  63
x1= 279 x2= 313 y1= 785 y2= 832 tnt1=  32 tnt2=  29
x1= 295 x2= 300 y1= 824 y2= 844 tnt1=  25 tnt2=  26
x1= 294 x2= 299 y1= 829 y2= 849 tnt1=  20 tnt2=  15
x1= 302 x2= 300 y1= 828 y2= 847 tnt1=  15 tnt2=  25
x1= 303 x2= 300 y1= 829 y2= 848 tnt1=  15 tnt2=  28
x1= 293 x2= 291 y1= 833 y2= 848 tnt1=  16 tnt2=  16
x1= 295 x2= 294 y1= 830 y2= 847 tnt1=  10 tnt2=  18
x1= 296 x2= 299 y1= 829 y2= 846 tnt1=  13 tnt2=  19
x1= 296 x2= 295 y1= 824 y2= 846 tnt1=  19 tnt2=  20
x1= 295 x2= 306 y1= 829 y2= 846 tnt1=  18 tnt2=  28
x1= 305 x2= 305 y1= 832 y2= 845 tnt1=  15 tnt2=  27
x1= 303 x2= 305 y1= 831 y2= 845 tnt1=  24 tnt2=  18
x1= 299 x2= 301 y1= 832 y2= 845 tnt1=  11 tnt2=  16
x1= 301 x2= 303 y1= 833 y2= 845 tnt1=  13 tnt2=  16
x1= 307 x2= 306 y1= 833 y2= 845 tnt1=  14 tnt2=  17
x1= 300 x2= 308 y1= 832 y2= 844 tnt1=  15 tnt2=  16
x1= 302 x2= 301 y1= 829 y2= 844 tnt1=  11 tnt2=  16
x1= 304 x2= 314 y1= 832 y2= 844 tnt1=  17 tnt2=  17
x1= 304 x2= 305 y1= 833 y2= 845 tnt1=  15 tnt2=  23
x1= 305 x2= 301 y1= 830 y2= 843 tnt1=   7 tnt2=  12
x1= 310 x2= 314 y1= 827 y2= 845 tnt1=  26 tnt2=  23
x1= 310 x2= 327 y1= 822 y2= 844 tnt1=  26 tnt2=  20
x1= 305 x2= 317 y1= 797 y2= 838 tnt1=  22 tnt2=  22
x1= 279 x2= 360 y1= 735 y2= 812 tnt1=  39 tnt2= 241
x1=1023 x2=1023 y1= 421 y2= 454 tnt1=1023 tnt2=1023
x1= 296 x2= 341 y1= 763 y2= 819 tnt1=  41 tnt2=  22
x1= 311 x2= 333 y1= 780 y2= 829 tnt1=  50 tnt2=  31
x1= 315 x2= 329 y1= 819 y2= 843 tnt1=  25 tnt2=  25
x1= 313 x2= 323 y1= 825 y2= 844 tnt1=  20 tnt2=  16
x1= 314 x2= 320 y1= 822 y2= 846 tnt1=  17 tnt2=  20
x1= 319 x2= 333 y1= 827 y2= 843 tnt1=  24 tnt2=  21
x1= 325 x2= 323 y1= 824 y2= 844 tnt1=  14 tnt2=  27
x1= 317 x2= 321 y1= 827 y2= 843 tnt1=  14 tnt2=  18
x1= 320 x2= 328 y1= 829 y2= 844 tnt1=  18 tnt2=  13
x1= 312 x2= 328 y1= 822 y2= 842 tnt1=  17 tnt2=  17
x1= 317 x2= 338 y1= 788 y2= 833 tnt1=  17 tnt2=  25
x1= 291 x2= 397 y1= 573 y2= 661 tnt1=  37 tnt2=  46
x1=1023 x2=1023 y1= 419 y2= 454 tnt1=1023 tnt2=1023
x1= 302 x2= 379 y1= 733 y2= 806 tnt1= 102 tnt2=  27
x1= 307 x2= 359 y1= 639 y2= 734 tnt1=  58 tnt2=  31
x1= 317 x2= 341 y1= 796 y2= 838 tnt1=  17 tnt2=  20
x1= 323 x2= 326 y1= 818 y2= 846 tnt1=  14 tnt2=  21
x1= 325 x2= 341 y1= 832 y2= 847 tnt1=  18 tnt2=  26
x1= 320 x2= 337 y1= 825 y2= 847 tnt1=  19 tnt2=  17
x1= 323 x2= 336 y1= 833 y2= 850 tnt1=  16 tnt2=  18
x1= 332 x2= 335 y1= 835 y2= 851 tnt1=  15 tnt2=  21
x1= 330 x2= 342 y1= 836 y2= 851 tnt1=  19 tnt2=  20
x1= 330 x2= 334 y1= 836 y2= 852 tnt1=  13 tnt2=  18
x1= 330 x2= 337 y1= 831 y2= 852 tnt1=  28 tnt2=  21
x1= 327 x2= 342 y1= 835 y2= 854 tnt1=  15 tnt2=  26
x1= 328 x2= 334 y1= 814 y2= 847 tnt1=  11 tnt2=  21
x1= 323 x2= 350 y1= 785 y2= 837 tnt1=  27 tnt2=  36
x1= 323 x2= 346 y1= 825 y2= 850 tnt1=  23 tnt2=  13
x1= 324 x2= 343 y1= 831 y2= 850 tnt1=  18 tnt2=  14
x1= 341 x2= 340 y1= 836 y2= 852 tnt1=  15 tnt2=  22
x1= 336 x2= 352 y1= 833 y2= 852 tnt1=  24 tnt2=  23
x1= 334 x2= 336 y1= 828 y2= 850 tnt1=  20 tnt2=  19
x1= 341 x2= 344 y1= 831 y2= 851 tnt1=  14 tnt2=  27
x1= 337 x2= 353 y1= 818 y2= 848 tnt1=  19 tnt2=  20
x1= 329 x2= 355 y1= 818 y2= 854 tnt1=  23 tnt2=  32
x1= 333 x2= 340 y1= 814 y2= 846 tnt1=  13 tnt2=  21
x1= 339 x2= 351 y1= 832 y2= 850 tnt1=  22 tnt2=  21
x1= 340 x2= 354 y1= 836 y2= 851 tnt1=  18 tnt2=  23
x1= 343 x2= 344 y1= 838 y2= 852 tnt1=  15 tnt2=  26
x1= 345 x2= 345 y1= 838 y2= 852 tnt1=  15 tnt2=  24
x1= 343 x2= 347 y1= 836 y2= 853 tnt1=  25 tnt2=  20
x1= 341 x2= 354 y1= 836 y2= 852 tnt1=  13 tnt2=  21
x1= 340 x2= 348 y1= 827 y2= 850 tnt1=  16 tnt2=  20
x1= 340 x2= 349 y1= 827 y2= 850 tnt1=   9 tnt2=  25
x1= 331 x2= 360 y1= 821 y2= 849 tnt1=  27 tnt2=  24
x1= 346 x2= 353 y1= 821 y2= 848 tnt1=  23 tnt2=  28
x1= 335 x2= 377 y1= 773 y2= 830 tnt1=  38 tnt2=  31
x1=1023 x2=1023 y1= 413 y2= 452 tnt1=1023 tnt2=1023
x1=1023 x2=1019 y1= 418 y2= 478 tnt1=1023 tnt2=1022
x1= 328 x2= 384 y1= 755 y2= 819 tnt1=  48 tnt2=  39
x1= 334 x2= 369 y1= 778 y2= 833 tnt1=  26 tnt2=  27
x1= 636 x2= 714 y1= 429 y2= 464 tnt1=  88 tnt2=1012
x1=1023 x2=1023 y1= 422 y2= 459 tnt1=1023 tnt2=1023
x1=1023 x2=1023 y1= 406 y2= 448 tnt1=1021 tnt2=1023
x1=1023 x2=1019 y1= 413 y2= 541 tnt1=1016 tnt2=1023
x1= 421 x2= 503 y1= 439 y2= 478 tnt1= 143 tnt2= 443
x1=1023 x2=1023 y1= 419 y2= 456 tnt1=1023 tnt2=1022
x1=1023 x2=1023 y1= 416 y2= 453 tnt1=1017 tnt2=1012
x1=1023 x2=1023 y1= 419 y2= 456 tnt1=1018 tnt2=1023
x1=1023 x2=1023 y1= 410 y2= 446 tnt1=1015 tnt2=1023
x1=1023 x2=1023 y1= 410 y2= 448 tnt1=1017 tnt2=1018
x1=1023 x2=1023 y1= 418 y2= 455 tnt1=1017 tnt2=1014
x1=1023 x2=1023 y1= 416 y2= 453 tnt1=1023 tnt2=1023
x1=1023 x2=1023 y1= 418 y2= 458 tnt1=1017 tnt2=1023
x1=1023 x2=1023 y1= 416 y2= 457 tnt1=1023 tnt2=1012
x1=1023 x2=1023 y1= 414 y2= 451 tnt1=1023 tnt2=1023
x1=1023 x2=1023 y1= 415 y2= 454 tnt1=1017 tnt2=1012
x1=1023 x2=1023 y1= 418 y2= 453 tnt1=1018 tnt2=1022
x1=1023 x2=1023 y1= 413 y2= 449 tnt1=1018 tnt2=1023
x1=1023 x2=1023 y1= 419 y2= 456 tnt1=1019 tnt2=1023
x1=1023 x2=1023 y1= 417 y2= 454 tnt1=1018 tnt2=1011
x1=1023 x2=1023 y1= 416 y2= 451 tnt1=1023 tnt2=1023
x1=1023 x2=1023 y1= 421 y2= 456 tnt1=1023 tnt2=1023
x1=1023 x2=1023 y1= 403 y2= 454 tnt1=1023 tnt2=1023
x1=1023 x2=1023 y1= 414 y2= 451 tnt1=1017 tnt2=1012
x1=1023 x2=1023 y1= 415 y2= 448 tnt1=1023 tnt2=1023
x1=1023 x2=1023 y1= 411 y2= 447 tnt1=1018 tnt2=1022
x1= 356 x2= 385 y1= 759 y2= 820 tnt1=  34 tnt2=  49
x1= 328 x2= 425 y1= 715 y2= 813 tnt1=  43 tnt2=  72
x1= 332 x2= 391 y1= 728 y2= 799 tnt1=  45 tnt2=  85
x1= 365 x2= 382 y1= 788 y2= 836 tnt1=  38 tnt2=  29
x1= 366 x2= 380 y1= 825 y2= 847 tnt1=  22 tnt2=  17
x1= 358 x2= 377 y1= 826 y2= 846 tnt1=  20 tnt2=  13
x1= 359 x2= 379 y1= 824 y2= 847 tnt1=  25 tnt2=  22
x1= 368 x2= 375 y1= 830 y2= 847 tnt1=  28 tnt2=  25
x1= 368 x2= 377 y1= 833 y2= 848 tnt1=  14 tnt2=  21
x1= 369 x2= 374 y1= 834 y2= 848 tnt1=  15 tnt2=  18
x1= 365 x2= 378 y1= 836 y2= 848 tnt1=  16 tnt2=  18
x1= 368 x2= 366 y1= 836 y2= 848 tnt1=   8 tnt2=  13
x1= 370 x2= 368 y1= 836 y2= 849 tnt1=  10 tnt2=  18
x1= 372 x2= 385 y1= 832 y2= 848 tnt1=  20 tnt2=  11
x1= 362 x2= 386 y1= 821 y2= 846 tnt1=  22 tnt2=  22
x1= 378 x2= 384 y1= 812 y2= 845 tnt1=  22 tnt2=  33
x1= 334 x2= 436 y1= 738 y2= 776 tnt1= 186 tnt2=1021
x1=1023 x2=1023 y1= 400 y2= 485 tnt1=1016 tnt2=1023
x1= 362 x2= 393 y1= 759 y2= 820 tnt1=  28 tnt2=  74
x1=1023 x2=1023 y1= 412 y2= 448 tnt1=1017 tnt2=1011
x1=1023 x2=1023 y1= 414 y2= 450 tnt1=1023 tnt2=1023
x1= 373 x2= 396 y1= 782 y2= 838 tnt1=  24 tnt2=  51
x1= 376 x2= 396 y1= 821 y2= 847 tnt1=  26 tnt2=  27
x1= 377 x2= 391 y1= 826 y2= 848 tnt1=  20 tnt2=  24
x1= 385 x2= 386 y1= 825 y2= 847 tnt1=  17 tnt2=  29
x1= 384 x2= 386 y1= 830 y2= 849 tnt1=  17 tnt2=  23
x1= 372 x2= 390 y1= 823 y2= 849 tnt1=  22 tnt2=  25
x1= 363 x2= 401 y1= 795 y2= 853 tnt1=  22 tnt2=  30
x1= 381 x2= 393 y1= 793 y2= 838 tnt1=  25 tnt2=  39
x1= 368 x2= 394 y1= 817 y2= 846 tnt1=  23 tnt2=  25
x1= 375 x2= 390 y1= 828 y2= 849 tnt1=  19 tnt2=  21
x1= 382 x2= 387 y1= 833 y2= 850 tnt1=  26 tnt2=  24
x1= 380 x2= 395 y1= 828 y2= 849 tnt1=  22 tnt2=  24
x1= 375 x2= 393 y1= 823 y2= 849 tnt1=  21 tnt2=  24
x1= 387 x2= 391 y1= 820 y2= 847 tnt1=  21 tnt2=  23
x1= 385 x2= 392 y1= 817 y2= 846 tnt1=  22 tnt2=  30
x1= 387 x2= 392 y1= 817 y2= 847 tnt1=  15 tnt2=  26
x1= 375 x2= 396 y1= 818 y2= 846 tnt1=  23 tnt2=  15
x1= 381 x2= 396 y1= 821 y2= 849 tnt1=  23 tnt2=  18
x1= 374 x2= 394 y1= 828 y2= 847 tnt1=  19 tnt2=  14
x1= 379 x2= 393 y1= 830 y2= 848 tnt1=   8 tnt2=  24
x1= 385 x2= 402 y1= 830 y2= 847 tnt1=  23 tnt2=  22
x1= 385 x2= 399 y1= 832 y2= 848 tnt1=  19 tnt2=  22
x1= 383 x2= 391 y1= 821 y2= 844 tnt1=  17 tnt2=  31
x1= 389 x2= 397 y1= 799 y2= 839 tnt1=  23 tnt2=  30
x1= 368 x2= 410 y1= 781 y2= 832 tnt1=  33 tnt2=  24
x1= 369 x2= 406 y1= 791 y2= 839 tnt1=  27 tnt2=  34
x1= 393 x2= 397 y1= 822 y2= 849 tnt1=  12 tnt2=  30
x1= 373 x2= 400 y1= 817 y2= 843 tnt1=  23 tnt2=  24
x1= 379 x2= 400 y1= 818 y2= 843 tnt1=  22 tnt2=  24
x1= 389 x2= 400 y1= 813 y2= 843 tnt1=  20 tnt2=  28
x1= 375 x2= 401 y1= 783 y2= 842 tnt1=  45 tnt2=  25
x1= 374 x2= 406 y1= 781 y2= 831 tnt1=  33 tnt2=  39
x1= 379 x2= 410 y1= 784 y2= 834 tnt1=  29 tnt2=  28
x1= 373 x2= 417 y1= 762 y2= 824 tnt1=  32 tnt2=  46
x1= 361 x2= 426 y1= 774 y2= 829 tnt1=  61 tnt2=  25
x1= 394 x2= 404 y1= 805 y2= 843 tnt1=  21 tnt2=  27
x1= 376 x2= 439 y1= 749 y2= 847 tnt1=  47 tnt2=  40
x1= 386 x2= 418 y1= 800 y2= 842 tnt1=  32 tnt2=  26
x1= 394 x2= 417 y1= 816 y2= 847 tnt1=  22 tnt2=  27
x1= 397 x2= 411 y1= 837 y2= 850 tnt1=  24 tnt2=  21
x1= 388 x2= 411 y1= 795 y2= 839 tnt1=  30 tnt2=  24
x1= 913 x2= 938 y1= 417 y2= 454 tnt1= 274 tnt2=1023
x1=1023 x2=1023 y1= 416 y2= 452 tnt1=1018 tnt2=1011
x1=1023 x2=1023 y1= 413 y2= 449 tnt1=1023 tnt2=1023
x1=1023 x2=1023 y1= 421 y2= 462 tnt1=1019 tnt2=  43
x1=1023 x2=1023 y1= 418 y2= 457 tnt1=1023 tnt2=1012
x1=1023 x2=1023 y1= 409 y2= 451 tnt1=1023 tnt2=1023
x1=1023 x2=1023 y1= 419 y2= 456 tnt1=1023 tnt2=1012
x1=1023 x2=1023 y1= 414 y2= 449 tnt1=1018 tnt2=1023
x1=1023 x2=1023 y1= 419 y2= 454 tnt1=1023 tnt2=1023
x1=1023 x2=1023 y1= 409 y2= 455 tnt1=1017 tnt2=1023
x1=1023 x2=1023 y1= 418 y2= 487 tnt1=1017 tnt2=1023
x1=1023 x2=1023 y1= 409 y2= 445 tnt1=1023 tnt2=1023
x1= 376 x2= 428 y1= 779 y2= 841 tnt1=  38 tnt2=  34
x1= 401 x2= 420 y1= 818 y2= 848 tnt1=  15 tnt2=  28
x1= 397 x2= 413 y1= 821 y2= 848 tnt1=  24 tnt2=  32
x1= 404 x2= 423 y1= 827 y2= 852 tnt1=  20 tnt2=  23
x1= 405 x2= 413 y1= 832 y2= 851 tnt1=  18 tnt2=  20
x1= 409 x2= 413 y1= 825 y2= 847 tnt1=  17 tnt2=  28
x1= 399 x2= 418 y1= 819 y2= 846 tnt1=  11 tnt2=  22
x1= 402 x2= 412 y1= 821 y2= 847 tnt1=  15 tnt2=  31
x1= 405 x2= 421 y1= 826 y2= 848 tnt1=  16 tnt2=  29
x1= 397 x2= 417 y1= 826 y2= 846 tnt1=  20 tnt2=  18
x1= 400 x2= 418 y1= 817 y2= 845 tnt1=  21 tnt2=  21
x1= 392 x2= 423 y1= 803 y2= 841 tnt1=  26 tnt2=  18
x1= 398 x2= 423 y1= 809 y2= 845 tnt1=  29 tnt2=  29
x1= 414 x2= 417 y1= 827 y2= 847 tnt1=  15 tnt2=  23
x1= 412 x2= 417 y1= 826 y2= 848 tnt1=  17 tnt2=  30
x1= 401 x2= 419 y1= 827 y2= 847 tnt1=  18 tnt2=  16
x1= 405 x2= 412 y1= 827 y2= 847 tnt1=  13 tnt2=  22
x1= 407 x2= 415 y1= 827 y2= 847 tnt1=  16 tnt2=  34
x1= 399 x2= 417 y1= 833 y2= 848 tnt1=  17 tnt2=  20
x1= 403 x2= 418 y1= 832 y2= 848 tnt1=  17 tnt2=  16
x1= 413 x2= 418 y1= 830 y2= 848 tnt1=  26 tnt2=  25
x1= 408 x2= 413 y1= 825 y2= 846 tnt1=  24 tnt2=  20
x1= 405 x2= 429 y1= 833 y2= 849 tnt1=  17 tnt2=  19
x1= 418 x2= 415 y1= 832 y2= 850 tnt1=  14 tnt2=  14
x1= 416 x2= 419 y1= 831 y2= 848 tnt1=  23 tnt2=  25
x1= 411 x2= 410 y1= 833 y2= 848 tnt1=   9 tnt2=  19
x1= 411 x2= 415 y1= 831 y2= 848 tnt1=  13 tnt2=  18
x1= 412 x2= 425 y1= 834 y2= 849 tnt1=  20 tnt2=  23
x1= 408 x2= 427 y1= 835 y2= 851 tnt1=  17 tnt2=  19
x1= 416 x2= 420 y1= 834 y2= 849 tnt1=  19 tnt2=  29
x1= 415 x2= 420 y1= 836 y2= 849 tnt1=  23 tnt2=  19
x1= 415 x2= 421 y1= 834 y2= 849 tnt1=  23 tnt2=  22
x1= 416 x2= 431 y1= 836 y2= 849 tnt1=  14 tnt2=  19
x1= 413 x2= 423 y1= 834 y2= 849 tnt1=  16 tnt2=  16
x1= 412 x2= 419 y1= 831 y2= 849 tnt1=   6 tnt2=  21
x1= 412 x2= 414 y1= 827 y2= 848 tnt1=  10 tnt2=  22
x1= 418 x2= 428 y1= 816 y2= 846 tnt1=  27 tnt2=  35
x1= 406 x2= 431 y1= 815 y2= 845 tnt1=  24 tnt2=  21
x1= 406 x2= 429 y1= 824 y2= 848 tnt1=  21 tnt2=  18
x1= 417 x2= 429 y1= 814 y2= 845 tnt1=  26 tnt2=  30
x1= 413 x2= 444 y1= 796 y2= 840 tnt1=  33 tnt2=  34
x1= 390 x2= 436 y1= 749 y2= 816 tnt1=  27 tnt2=  28
x1= 418 x2= 439 y1= 814 y2= 846 tnt1=  23 tnt2=  18
x1= 414 x2= 435 y1= 792 y2= 853 tnt1=  29 tnt2=  35
x1= 407 x2= 437 y1= 811 y2= 845 tnt1=  24 tnt2=  24
x1= 417 x2= 424 y1= 825 y2= 847 tnt1=  13 tnt2=  23
x1= 419 x2= 439 y1= 817 y2= 845 tnt1=  27 tnt2=  17
x1= 380 x2= 441 y1= 706 y2= 814 tnt1=  52 tnt2=  42
x1= 414 x2= 442 y1= 762 y2= 821 tnt1=  48 tnt2=  38
x1= 427 x2= 433 y1= 823 y2= 848 tnt1=  19 tnt2=  33
x1= 366 x2= 460 y1= 754 y2= 817 tnt1=  35 tnt2=  21
x1= 412 x2= 438 y1= 794 y2= 836 tnt1=  27 tnt2=  27
x1= 402 x2= 458 y1= 768 y2= 828 tnt1=  36 tnt2=  31
x1= 369 x2= 442 y1= 601 y2= 681 tnt1= 181 tnt2=  55
x1= 341 x2= 466 y1= 443 y2= 478 tnt1= 336 tnt2=1015
x1=1023 x2=1023 y1= 420 y2= 453 tnt1=1023 tnt2=1023
x1=1023 x2=1023 y1= 419 y2= 458 tnt1=1023 tnt2=1023
x1=1023 x2=1023 y1= 416 y2= 451 tnt1=1019 tnt2=1012
x1= 427 x2= 440 y1= 803 y2= 841 tnt1=  26 tnt2=  37
x1= 406 x2= 450 y1= 761 y2= 823 tnt1=  43 tnt2=  44
x1= 405 x2= 450 y1= 788 y2= 841 tnt1=  25 tnt2=  40
x1= 412 x2= 438 y1= 796 y2= 837 tnt1=  24 tnt2=  28
x1= 414 x2= 438 y1= 791 y2= 837 tnt1=  30 tnt2=  40
x1= 992 x2= 997 y1= 414 y2= 484 tnt1= 616 tnt2=1023
x1=1023 x2=1023 y1= 420 y2= 457 tnt1=1023 tnt2=1023
x1=1023 x2=1023 y1= 415 y2= 455 tnt1=1023 tnt2=1012
x1=1023 x2=1023 y1= 412 y2= 451 tnt1=1023 tnt2=1023
x1=1023 x2=1023 y1= 418 y2= 455 tnt1=1018 tnt2=1023
x1=1023 x2=1023 y1= 419 y2= 454 tnt1=1018 tnt2=1023
x1=1023 x2=1023 y1= 419 y2= 453 tnt1=1017 tnt2=1022
x1=1023 x2=1023 y1= 417 y2= 459 tnt1=1017 tnt2=1014
x1=1023 x2=1023 y1= 421 y2= 459 tnt1=1023 tnt2=1023
x1=1023 x2=1023 y1= 419 y2= 463 tnt1=1023 tnt2=1022
x1=1023 x2=1023 y1= 411 y2= 448 tnt1=1023 tnt2=1023
x1=1023 x2=1023 y1= 415 y2= 451 tnt1=1023 tnt2=1023
x1= 412 x2= 467 y1= 761 y2= 821 tnt1=  44 tnt2= 430
x1= 389 x2= 458 y1= 725 y2= 797 tnt1=  47 tnt2= 101
x1=1023 x2=1023 y1= 407 y2= 441 tnt1=1018 tnt2=1011
x1=1023 x2=1023 y1= 420 y2= 454 tnt1=1023 tnt2=1023
x1=1023 x2=1023 y1= 420 y2= 454 tnt1=1018 tnt2=1022
x1=1023 x2=1023 y1= 419 y2= 456 tnt1=1018 tnt2=1010
x1=1023 x2=1023 y1= 421 y2= 454 tnt1=1023 tnt2=1023
x1=1023 x2=1023 y1= 414 y2= 459 tnt1=1023 tnt2=  75
x1=1023 x2=1023 y1= 422 y2= 462 tnt1=1018 tnt2=1018
x1=1023 x2=1023 y1= 409 y2= 445 tnt1=1023 tnt2=1023
x1=1023 x2=1023 y1= 418 y2= 450 tnt1=1017 tnt2=1014
x1=1023 x2=1023 y1= 404 y2= 440 tnt1=1018 tnt2=1012
x1=1023 x2=1023 y1= 416 y2= 451 tnt1=1018 tnt2=1022
x1=1023 x2=1023 y1= 413 y2= 449 tnt1=1018 tnt2=1023
x1=1023 x2=1023 y1= 417 y2= 452 tnt1=1016 tnt2=1013
x1=1023 x2=1023 y1= 410 y2= 447 tnt1=1023 tnt2=1023
x1=1023 x2=1023 y1= 423 y2= 461 tnt1=1023 tnt2=1023
x1=1023 x2=1023 y1= 422 y2= 462 tnt1=1018 tnt2=1023
x1=1023 x2=1023 y1= 416 y2= 459 tnt1=1018 tnt2=1022
x1=1023 x2=1023 y1= 419 y2= 453 tnt1=1023 tnt2=1022
x1=1023 x2=1023 y1= 413 y2= 444 tnt1=1017 tnt2=1022
x1=1023 x2=1023 y1= 414 y2= 450 tnt1=1017 tnt2=  80
x1= 430 x2= 460 y1= 780 y2= 831 tnt1=  33 tnt2=  29
x1= 436 x2= 461 y1= 803 y2= 837 tnt1=  15 tnt2=  24
x1= 436 x2= 452 y1= 796 y2= 845 tnt1=  33 tnt2=  26
x1= 331 x2= 458 y1= 553 y2= 629 tnt1=  93 tnt2=  44
x1= 408 x2= 494 y1= 456 y2= 522 tnt1= 138 tnt2=  45
x1= 434 x2= 478 y1= 772 y2= 828 tnt1=  31 tnt2=  36
x1= 395 x2= 451 y1= 750 y2= 848 tnt1= 253 tnt2=  30
x1= 411 x2= 468 y1= 756 y2= 817 tnt1=  39 tnt2=  38
x1=1023 x2=1019 y1= 420 y2= 487 tnt1=1017 tnt2=1022
x1=1023 x2=1023 y1= 420 y2= 456 tnt1=1023 tnt2=1022
x1=1023 x2=1023 y1= 418 y2= 451 tnt1=1023 tnt2=1022
x1=1023 x2=1023 y1= 419 y2= 453 tnt1=1019 tnt2=1022
x1=1023 x2=1023 y1= 419 y2= 454 tnt1=1023 tnt2=1023
x1=1023 x2=1023 y1= 417 y2= 454 tnt1=1023 tnt2=1023
x1=1023 x2=1023 y1= 419 y2= 455 tnt1=1017 tnt2=1023
x1=1023 x2=1023 y1= 417 y2= 456 tnt1=1018 tnt2=1022
x1=1023 x2=1023 y1= 416 y2= 457 tnt1=1016 tnt2=1023
x1=1023 x2=1023 y1= 413 y2= 448 tnt1=1017 tnt2=1011
x1=1023 x2=1023 y1= 419 y2= 453 tnt1=1017 tnt2=1023
x1=1023 x2=1023 y1= 415 y2= 455 tnt1=1023 tnt2=1011
x1=1023 x2=1023 y1= 415 y2= 461 tnt1=1023 tnt2=1023
x1=1023 x2=1023 y1= 418 y2= 453 tnt1=1023 tnt2=1023
x1=1023 x2=1023 y1= 420 y2= 457 tnt1=1023 tnt2=1023
x1=1023 x2=1023 y1= 410 y2= 445 tnt1=1017 tnt2=1022
x1= 433 x2= 479 y1= 754 y2= 816 tnt1=  36 tnt2=  38
x1= 437 x2= 468 y1= 788 y2= 842 tnt1=  39 tnt2=  30
x1= 997 x2=1016 y1= 421 y2= 458 tnt1= 966 tnt2=1022
x1=1023 x2=1023 y1= 421 y2= 455 tnt1=1017 tnt2=1022
x1=1023 x2=1023 y1= 418 y2= 455 tnt1=1023 tnt2=1023
x1=1023 x2=1023 y1= 419 y2= 456 tnt1=1023 tnt2=1022
x1=1023 x2=1023 y1= 415 y2= 453 tnt1=1018 tnt2=1023
x1=1023 x2=1023 y1= 417 y2= 454 tnt1=1023 tnt2=1023
x1=1023 x2=1023 y1= 418 y2= 529 tnt1=1023 tnt2=1023
x1=1023 x2=1023 y1= 412 y2= 449 tnt1=1018 tnt2=1023
x1=1023 x2=1023 y1= 414 y2= 452 tnt1=1018 tnt2=1023
x1=1023 x2=1023 y1= 413 y2= 451 tnt1=1017 tnt2=1023
x1=1023 x2=1023 y1= 416 y2= 461 tnt1=1017 tnt2=1023
x1=1023 x2=1023 y1= 423 y2= 460 tnt1=1023 tnt2=1023
x1=1023 x2=1023 y1= 418 y2= 455 tnt1=1023 tnt2=1023
x1=1023 x2=1023 y1= 415 y2= 452 tnt1=1023 tnt2=1012
x1=1023 x2=1023 y1= 414 y2= 452 tnt1=1018 tnt2=1023
x1=1023 x2=1023 y1= 418 y2= 453 tnt1=1023 tnt2=1023
x1=1023 x2=1023 y1= 417 y2= 455 tnt1=1017 tnt2=1023
x1=1023 x2=1023 y1= 413 y2= 448 tnt1=1018 tnt2=1012
x1= 440 x2= 491 y1= 773 y2= 830 tnt1=  39 tnt2=  44
x1= 422 x2= 501 y1= 736 y2= 814 tnt1= 202 tnt2=  44
x1= 461 x2= 485 y1= 807 y2= 845 tnt1=  35 tnt2=  29
x1= 411 x2= 509 y1= 746 y2= 813 tnt1=  83 tnt2=  53
x1= 438 x2= 551 y1= 475 y2= 529 tnt1= 218 tnt2=  63
x1= 414 x2= 504 y1= 754 y2= 817 tnt1= 175 tnt2=  61
x1= 385 x2= 468 y1= 615 y2= 733 tnt1= 122 tnt2=  34
x1= 454 x2= 480 y1= 794 y2= 840 tnt1=  22 tnt2=  27
x1= 454 x2= 487 y1= 791 y2= 841 tnt1=  35 tnt2=  36
x1= 463 x2= 499 y1= 799 y2= 843 tnt1=  27 tnt2=  34
x1= 418 x2= 511 y1= 747 y2= 813 tnt1=  38 tnt2=  36
x1=1023 x2=1023 y1= 413 y2= 451 tnt1=1018 tnt2=1012
x1=1023 x2=1023 y1= 421 y2= 490 tnt1=1023 tnt2=1012
x1=1023 x2=1023 y1= 415 y2= 450 tnt1=1023 tnt2=1023
x1=1023 x2=1023 y1= 420 y2= 459 tnt1=1018 tnt2=1023
x1=1023 x2=1023 y1= 417 y2= 455 tnt1=1017 tnt2=1023
x1=1023 x2=1023 y1= 414 y2= 449 tnt1=1018 tnt2=1023
x1=1023 x2=1023 y1= 415 y2= 453 tnt1=1017 tnt2=1022
x1=1023 x2=1023 y1= 420 y2= 456 tnt1=1017 tnt2=1012
x1=1023 x2=1023 y1= 420 y2= 459 tnt1=1023 tnt2=1023
x1=1023 x2=1023 y1= 414 y2= 451 tnt1=1023 tnt2=1023
x1=1023 x2=1023 y1= 416 y2= 455 tnt1=1023 tnt2=1022
x1=1023 x2=1023 y1= 420 y2= 460 tnt1=1023 tnt2=1023
x1=1023 x2=1023 y1= 417 y2= 452 tnt1=1017 tnt2=1022
x1=1023 x2=1023 y1= 419 y2= 455 tnt1=1017 tnt2=1023
x1=1023 x2=1023 y1= 418 y2= 454 tnt1=1017 tnt2=1023
x1=1023 x2=1023 y1= 409 y2= 447 tnt1=1017 tnt2=1012
x1=1023 x2=1023 y1= 418 y2= 455 tnt1=1016 tnt2=1011
x1=1023 x2=1023 y1= 420 y2= 453 tnt1=1023 tnt2=1023
x1=1023 x2=1023 y1= 417 y2= 452 tnt1=1023 tnt2=1022
x1=1023 x2=1023 y1= 418 y2= 453 tnt1=1017 tnt2=1011
x1=1023 x2=1023 y1= 420 y2= 463 tnt1=1023 tnt2=1022
x1=1023 x2=1023 y1= 418 y2= 498 tnt1=1023 tnt2=1014
x1=1023 x2=1023 y1= 419 y2= 455 tnt1=1017 tnt2=1012
x1=1023 x2=1023 y1= 417 y2= 452 tnt1=1018 tnt2=1023
x1=1023 x2=1023 y1= 417 y2= 451 tnt1=1023 tnt2=1022
x1=1023 x2=1023 y1= 418 y2= 455 tnt1=1017 tnt2=1023
x1=1023 x2=1023 y1= 415 y2= 451 tnt1=1023 tnt2=1023
x1=1023 x2=1023 y1= 418 y2= 452 tnt1=1023 tnt2=1023
x1=1023 x2=1023 y1= 409 y2= 445 tnt1=1023 tnt2=1023
x1=1023 x2=1023 y1= 417 y2= 453 tnt1=1023 tnt2=1023
x1=1023 x2=1023 y1= 421 y2= 459 tnt1=1023 tnt2=1012
x1= 480 x2= 508 y1= 792 y2= 842 tnt1=  28 tnt2=  27
x1= 467 x2= 508 y1= 781 y2= 833 tnt1=  34 tnt2=  41
x1=1023 x2=1023 y1= 419 y2= 454 tnt1=1023 tnt2=1023
x1=1023 x2=1023 y1= 419 y2= 452 tnt1=1017 tnt2=1011
x1=1023 x2=1023 y1= 419 y2= 454 tnt1=1018 tnt2=1022
x1=1023 x2=1023 y1= 418 y2= 453 tnt1=1023 tnt2=1023
x1=1023 x2=1023 y1= 419 y2= 455 tnt1=1023 tnt2=1022
x1=1023 x2=1023 y1= 419 y2= 454 tnt1=1018 tnt2=1023
x1= 470 x2= 518 y1= 778 y2= 831 tnt1=  51 tnt2=  34
x1= 488 x2= 507 y1= 810 y2= 847 tnt1=  20 tnt2=  32
x1= 479 x2= 498 y1= 809 y2= 857 tnt1=  20 tnt2=  31
x1= 501 x2= 501 y1= 834 y2= 852 tnt1=  17 tnt2=  24
x1= 490 x2= 504 y1= 835 y2= 853 tnt1=   8 tnt2=  18
x1= 491 x2= 504 y1= 840 y2= 854 tnt1=   7 tnt2=  18
x1= 491 x2= 504 y1= 841 y2= 855 tnt1=  20 tnt2=  17
x1= 496 x2= 509 y1= 838 y2= 854 tnt1=  19 tnt2=  16
x1= 500 x2= 509 y1= 813 y2= 850 tnt1=  20 tnt2=  32
x1= 489 x2= 515 y1= 815 y2= 859 tnt1=  31 tnt2=  28
x1= 487 x2= 527 y1= 789 y2= 839 tnt1=  38 tnt2=  26
x1= 485 x2= 524 y1= 803 y2= 849 tnt1=  30 tnt2=  20
x1=1023 x2=1018 y1= 412 y2= 496 tnt1=1016 tnt2=1022
x1=1023 x2=1023 y1= 413 y2= 451 tnt1=1023 tnt2=1022
x1=1023 x2=1023 y1= 420 y2= 457 tnt1=1023 tnt2=1022
x1=1023 x2=1023 y1= 424 y2= 492 tnt1=1023 tnt2=1012
x1=1023 x2=1023 y1= 419 y2= 458 tnt1=1023 tnt2=1023
x1=1023 x2=1023 y1= 419 y2= 457 tnt1=1023 tnt2=1012
x1=1023 x2=1023 y1= 419 y2= 458 tnt1=1018 tnt2=1023
x1=1023 x2=1023 y1= 411 y2= 448 tnt1=1018 tnt2=1023
x1= 471 x2= 517 y1= 778 y2= 837 tnt1=  24 tnt2=  28
x1= 498 x2= 530 y1= 815 y2= 851 tnt1=  23 tnt2=  26
x1= 490 x2= 528 y1= 827 y2= 859 tnt1=  26 tnt2=  36
x1= 499 x2= 516 y1= 836 y2= 854 tnt1=  20 tnt2=  13
x1= 506 x2= 515 y1= 841 y2= 855 tnt1=  17 tnt2=  23
x1= 508 x2= 523 y1= 841 y2= 855 tnt1=  22 tnt2=  22
x1= 508 x2= 521 y1= 843 y2= 857 tnt1=  19 tnt2=  20
x1= 514 x2= 515 y1= 842 y2= 857 tnt1=  15 tnt2=  21
x1= 510 x2= 525 y1= 843 y2= 856 tnt1=  15 tnt2=  19
x1= 508 x2= 507 y1= 843 y2= 856 tnt1=   5 tnt2=  16
x1= 509 x2= 511 y1= 843 y2= 856 tnt1=  11 tnt2=  17
x1= 501 x2= 519 y1= 844 y2= 856 tnt1=  15 tnt2=  17
x1= 507 x2= 521 y1= 845 y2= 858 tnt1=  18 tnt2=  20
x1= 507 x2= 520 y1= 844 y2= 856 tnt1=  15 tnt2=  13
x1= 514 x2= 520 y1= 844 y2= 856 tnt1=  24 tnt2=  20
x1= 513 x2= 527 y1= 845 y2= 856 tnt1=  21 tnt2=  18
x1= 512 x2= 517 y1= 845 y2= 856 tnt1=  11 tnt2=  17
x1= 521 x2= 520 y1= 845 y2= 857 tnt1=  14 tnt2=  21
x1= 513 x2= 522 y1= 845 y2= 856 tnt1=  14 tnt2=  18
x1= 511 x2= 525 y1= 846 y2= 859 tnt1=   7 tnt2=  18
x1= 514 x2= 519 y1= 844 y2= 857 tnt1=  13 tnt2=  17
x1= 513 x2= 516 y1= 847 y2= 858 tnt1=  15 tnt2=  18
x1= 511 x2= 525 y1= 846 y2= 858 tnt1=  17 tnt2=  23
x1= 519 x2= 522 y1= 845 y2= 857 tnt1=  15 tnt2=  19
x1= 519 x2= 523 y1= 843 y2= 857 tnt1=  24 tnt2=  21
x1= 515 x2= 518 y1= 841 y2= 856 tnt1=  19 tnt2=  19
x1= 516 x2= 522 y1= 841 y2= 857 tnt1=  15 tnt2=  28
x1= 522 x2= 525 y1= 835 y2= 855 tnt1=  18 tnt2=  31
x1= 520 x2= 528 y1= 827 y2= 855 tnt1=  26 tnt2=  33
x1= 505 x2= 525 y1= 806 y2= 847 tnt1=  17 tnt2=  25
x1= 517 x2= 541 y1= 831 y2= 855 tnt1=  27 tnt2=  28
x1= 514 x2= 521 y1= 836 y2= 857 tnt1=  21 tnt2=  32
x1= 520 x2= 519 y1= 840 y2= 860 tnt1=  18 tnt2=  12
x1= 526 x2= 528 y1= 846 y2= 858 tnt1=  15 tnt2=  23
x1= 521 x2= 534 y1= 845 y2= 858 tnt1=  21 tnt2=  20
x1= 521 x2= 521 y1= 846 y2= 859 tnt1=  11 tnt2=  17
x1= 523 x2= 534 y1= 843 y2= 858 tnt1=  15 tnt2=  19
x1= 513 x2= 532 y1= 845 y2= 857 tnt1=  17 tnt2=  16
x1= 519 x2= 533 y1= 844 y2= 858 tnt1=  11 tnt2=  18
x1= 527 x2= 532 y1= 842 y2= 857 tnt1=  16 tnt2=  20
x1= 525 x2= 540 y1= 840 y2= 857 tnt1=  20 tnt2=  22
x1= 524 x2= 529 y1= 844 y2= 858 tnt1=  16 tnt2=  25
x1= 520 x2= 534 y1= 830 y2= 859 tnt1=  20 tnt2=  23
x1= 529 x2= 536 y1= 836 y2= 857 tnt1=  20 tnt2=  29
x1= 524 x2= 525 y1= 842 y2= 855 tnt1=   8 tnt2=  18
x1= 526 x2= 534 y1= 841 y2= 857 tnt1=  14 tnt2=  20
x1= 525 x2= 544 y1= 834 y2= 853 tnt1=  19 tnt2=  25
x1= 517 x2= 544 y1= 819 y2= 851 tnt1=  23 tnt2=  25
x1= 520 x2= 543 y1= 823 y2= 850 tnt1=  22 tnt2=  23
x1= 517 x2= 558 y1= 808 y2= 846 tnt1=  44 tnt2=  31
x1= 520 x2= 559 y1= 793 y2= 838 tnt1=  41 tnt2=  28
x1= 526 x2= 553 y1= 817 y2= 849 tnt1=  22 tnt2=  21
x1= 518 x2= 543 y1= 809 y2= 856 tnt1=  24 tnt2=  26
x1= 505 x2= 554 y1= 794 y2= 841 tnt1=  19 tnt2=  22
x1= 505 x2= 546 y1= 781 y2= 834 tnt1=  62 tnt2=  30
x1=1023 x2=1023 y1= 417 y2= 453 tnt1= 967 tnt2=1012
x1=1023 x2=1023 y1= 420 y2= 455 tnt1=1023 tnt2=1022
x1=1023 x2=1023 y1= 417 y2= 453 tnt1=1023 tnt2=1022
x1=1023 x2=1023 y1= 416 y2= 454 tnt1=1017 tnt2=1023
x1= 525 x2= 565 y1= 805 y2= 843 tnt1=  41 tnt2=  33
x1= 531 x2= 549 y1= 819 y2= 848 tnt1=  21 tnt2=  33
x1= 508 x2= 558 y1= 768 y2= 841 tnt1=  32 tnt2=  32
x1= 502 x2= 555 y1= 771 y2= 853 tnt1=  97 tnt2=  42
x1= 494 x2= 554 y1= 768 y2= 830 tnt1=  58 tnt2=  47
x1= 519 x2= 548 y1= 800 y2= 843 tnt1=  25 tnt2=  30
x1= 523 x2= 566 y1= 791 y2= 839 tnt1=  41 tnt2=  30
x1= 527 x2= 559 y1= 815 y2= 849 tnt1=  26 tnt2=  29
x1= 537 x2= 553 y1= 827 y2= 852 tnt1=  21 tnt2=  34
x1= 542 x2= 555 y1= 825 y2= 852 tnt1=  32 tnt2=  28
x1= 537 x2= 564 y1= 822 y2= 852 tnt1=  25 tnt2=  28
x1= 546 x2= 556 y1= 817 y2= 851 tnt1=  21 tnt2=  28
x1= 525 x2= 560 y1= 795 y2= 846 tnt1=  25 tnt2=  35
x1= 489 x2= 526 y1= 735 y2= 846 tnt1=  75 tnt2=  44
x1= 625 x2= 718 y1= 439 y2= 481 tnt1= 284 tnt2= 178
x1=1023 x2=1023 y1= 414 y2= 454 tnt1=1023 tnt2=1023
x1=1023 x2=1023 y1= 421 y2= 459 tnt1=1023 tnt2=1023
x1=1023 x2=1023 y1= 419 y2= 455 tnt1=1023 tnt2=1021
x1=1023 x2=1023 y1= 415 y2= 451 tnt1=1023 tnt2=1023
x1=1023 x2=1023 y1= 414 y2= 453 tnt1=1018 tnt2=1023
x1=1023 x2=1023 y1= 416 y2= 454 tnt1=1017 tnt2=1022
x1=1023 x2=1023 y1= 417 y2= 453 tnt1=1018 tnt2=1023
x1=1023 x2=1023 y1= 419 y2= 458 tnt1=1023 tnt2=1023
x1= 417 x2= 557 y1= 657 y2= 757 tnt1=  90 tnt2= 148
x1= 518 x2= 563 y1= 797 y2= 845 tnt1=  32 tnt2=  35
x1= 550 x2= 571 y1= 838 y2= 860 tnt1=  28 tnt2=  25
x1= 554 x2= 567 y1= 845 y2= 861 tnt1=  19 tnt2=  21
x1= 551 x2= 554 y1= 849 y2= 863 tnt1=  23 tnt2=  17
x1= 557 x2= 575 y1= 850 y2= 864 tnt1=  26 tnt2=  10
x1= 554 x2= 555 y1= 847 y2= 862 tnt1=  10 tnt2=  18
x1= 553 x2= 562 y1= 844 y2= 863 tnt1=  15 tnt2=  22
x1= 549 x2= 572 y1= 839 y2= 866 tnt1=  19 tnt2=  27
x1= 559 x2= 570 y1= 830 y2= 860 tnt1=  14 tnt2=  28
x1= 553 x2= 571 y1= 842 y2= 866 tnt1=  19 tnt2=  25
x1= 557 x2= 578 y1= 842 y2= 862 tnt1=  23 tnt2=  25
x1= 558 x2= 575 y1= 844 y2= 862 tnt1=  21 tnt2=  13
x1= 547 x2= 576 y1= 796 y2= 848 tnt1=  25 tnt2=  30
x1=1023 x2=1023 y1= 422 y2= 491 tnt1=1017 tnt2=1012
x1=1023 x2=1023 y1= 418 y2= 458 tnt1=1023 tnt2=1023
x1=1023 x2=1023 y1= 421 y2= 458 tnt1=1017 tnt2=1022
x1=1023 x2=1023 y1= 419 y2= 458 tnt1=1017 tnt2=1023
x1=1023 x2=1023 y1= 420 y2= 457 tnt1=1023 tnt2=1023
x1=1023 x2=1023 y1= 413 y2= 454 tnt1=1018 tnt2=1023
x1=1023 x2=1023 y1= 419 y2= 456 tnt1=1017 tnt2=1023
x1=1023 x2=1023 y1= 417 y2= 451 tnt1=1023 tnt2=1023
x1=1023 x2=1023 y1= 417 y2= 454 tnt1=1023 tnt2=1023
x1=1023 x2=1023 y1= 419 y2= 458 tnt1=1017 tnt2=1023
x1=1023 x2=1023 y1= 418 y2= 456 tnt1=1018 tnt2=1023
x1= 535 x2= 577 y1= 806 y2= 851 tnt1=  26 tnt2=  34
x1= 564 x2= 570 y1= 843 y2= 861 tnt1=  12 tnt2=  21
x1= 569 x2= 585 y1= 845 y2= 861 tnt1=  20 tnt2=  22
x1= 563 x2= 582 y1= 845 y2= 860 tnt1=  17 tnt2=  12
x1= 570 x2= 580 y1= 840 y2= 862 tnt1=   8 tnt2=  23
x1= 577 x2= 592 y1= 845 y2= 864 tnt1=  20 tnt2=  24
x1= 569 x2= 589 y1= 835 y2= 857 tnt1=  22 tnt2=  26
x1= 568 x2= 583 y1= 834 y2= 862 tnt1=  17 tnt2=  32
x1= 568 x2= 585 y1= 844 y2= 861 tnt1=  17 tnt2=  12
x1= 569 x2= 585 y1= 846 y2= 860 tnt1=  17 tnt2=  10
x1= 572 x2= 580 y1= 836 y2= 859 tnt1=  14 tnt2=  22
x1= 571 x2= 588 y1= 840 y2= 859 tnt1=  13 tnt2=  23
x1= 575 x2= 590 y1= 840 y2= 860 tnt1=  20 tnt2=  23
x1= 571 x2= 594 y1= 842 y2= 864 tnt1=  17 tnt2=  20
x1= 571 x2= 588 y1= 840 y2= 859 tnt1=  22 tnt2=  32
x1= 565 x2= 590 y1= 818 y2= 861 tnt1=  25 tnt2=  26
x1=1023 x2=1023 y1= 416 y2= 452 tnt1=1016 tnt2=1023
x1=1023 x2=1023 y1= 417 y2= 452 tnt1=1017 tnt2=1012
x1=1023 x2=1023 y1= 416 y2= 452 tnt1=1018 tnt2=1023
x1=1023 x2=1023 y1= 421 y2= 457 tnt1=1022 tnt2=1022
x1=1023 x2=1023 y1= 408 y2= 447 tnt1=1017 tnt2=1014
x1=1023 x2=1023 y1= 410 y2= 444 tnt1=1023 tnt2=1023
x1=1023 x2=1023 y1= 419 y2= 453 tnt1=1023 tnt2=1023
x1=1023 x2=1023 y1= 418 y2= 470 tnt1=1017 tnt2=1023
x1=1023 x2=1023 y1= 420 y2= 458 tnt1=1023 tnt2=1011
x1=1023 x2=1023 y1= 420 y2= 460 tnt1=1023 tnt2=1023
x1=1023 x2=1023 y1= 412 y2= 445 tnt1=1017 tnt2=1021
x1= 568 x2= 597 y1= 816 y2= 851 tnt1=  26 tnt2=  35
x1= 571 x2= 600 y1= 829 y2= 855 tnt1=  24 tnt2=  28
x1= 579 x2= 597 y1= 834 y2= 858 tnt1=  10 tnt2=  36
x1= 588 x2= 599 y1= 843 y2= 859 tnt1=  25 tnt2=  22
x1= 577 x2= 600 y1= 841 y2= 858 tnt1=  20 tnt2=  18
x1= 600 x2= 595 y1= 845 y2= 859 tnt1=  17 tnt2=  19
x1= 596 x2= 597 y1= 845 y2= 860 tnt1=  15 tnt2=  25
x1= 585 x2= 601 y1= 845 y2= 861 tnt1=  19 tnt2=  24
x1= 587 x2= 602 y1= 842 y2= 863 tnt1=   8 tnt2=  24
x1= 570 x2= 606 y1= 780 y2= 838 tnt1=  32 tnt2=  34
x1=1023 x2=1023 y1= 415 y2= 452 tnt1=1023 tnt2=1023
x1=1023 x2=1023 y1= 417 y2= 451 tnt1=1021 tnt2=1022
x1=1023 x2=1023 y1= 418 y2= 449 tnt1=1018 tnt2=1023
x1=1023 x2=1023 y1= 419 y2= 454 tnt1=1023 tnt2=1023
x1=1023 x2=1023 y1= 422 y2= 461 tnt1=1023 tnt2=1023
x1=1023 x2=1023 y1= 415 y2= 450 tnt1=1018 tnt2=1023
x1=1023 x2=1023 y1= 411 y2= 445 tnt1=1018 tnt2=1023
x1=1023 x2=1023 y1= 422 y2= 462 tnt1=1017 tnt2=1023
x1=1023 x2=1023 y1= 421 y2= 462 tnt1=1017 tnt2=1023
x1=1023 x2=1023 y1= 418 y2= 451 tnt1=1017 tnt2=1023
x1=1023 x2=1023 y1= 417 y2= 453 tnt1=1023 tnt2=1022
x1=1023 x2=1023 y1= 420 y2= 454 tnt1=1019 tnt2=1022
x1=1023 x2=1023 y1= 415 y2= 450 tnt1=1023 tnt2=1023
x1=1023 x2=1023 y1= 417 y2= 453 tnt1=1023 tnt2=1023
x1= 550 x2= 616 y1= 768 y2= 828 tnt1=1017 tnt2=  70
x1= 565 x2= 624 y1= 802 y2= 847 tnt1=  35 tnt2=  30
x1= 579 x2= 621 y1= 809 y2= 850 tnt1=  28 tnt2=  36
x1= 594 x2= 614 y1= 828 y2= 862 tnt1=  18 tnt2=  22
x1= 596 x2= 617 y1= 828 y2= 864 tnt1=  14 tnt2=  26
x1= 596 x2= 623 y1= 827 y2= 856 tnt1=  25 tnt2=  29
x1= 539 x2= 618 y1= 744 y2= 812 tnt1=  53 tnt2=  39
x1= 603 x2= 619 y1= 829 y2= 859 tnt1=  26 tnt2=  30
x1= 554 x2= 640 y1= 761 y2= 824 tnt1=  63 tnt2=  67
x1=1023 x2=1023 y1= 412 y2= 446 tnt1=1014 tnt2=1022
x1=1023 x2=1023 y1= 416 y2= 451 tnt1=1018 tnt2=1023
x1=1017 x2=1004 y1= 417 y2= 455 tnt1= 660 tnt2=1021
x1=1023 x2=1023 y1= 419 y2= 453 tnt1=1023 tnt2=1022
x1=1023 x2=1023 y1= 421 y2= 461 tnt1=1017 tnt2=1023
x1=1023 x2=1023 y1= 417 y2= 458 tnt1=1023 tnt2=1015
x1=1023 x2=1023 y1= 414 y2= 451 tnt1=1023 tnt2=1023
x1=1023 x2=1023 y1= 410 y2= 448 tnt1=1016 tnt2=1018
x1=1023 x2=1023 y1= 419 y2= 456 tnt1=1023 tnt2=1023
x1=1023 x2=1023 y1= 413 y2= 449 tnt1=1023 tnt2=1023
x1=1023 x2=1023 y1= 420 y2= 454 tnt1=1017 tnt2=1011
x1=1023 x2=1023 y1= 415 y2= 452 tnt1=1017 tnt2=1012
x1=1023 x2=1023 y1= 420 y2= 453 tnt1=1023 tnt2=1022
x1=1023 x2=1023 y1= 413 y2= 447 tnt1=1023 tnt2=1022
x1=1023 x2=1023 y1= 416 y2= 454 tnt1=1023 tnt2=1014
x1=1023 x2=1023 y1= 413 y2= 453 tnt1=1023 tnt2=1023
x1=1023 x2=1023 y1= 418 y2= 455 tnt1=1023 tnt2=1023
x1=1023 x2=1023 y1= 413 y2= 448 tnt1=1019 tnt2=1012
