new-calib: New touch screen calibration program v3.12
Serial Number='15091E00010B060201E0'
Using tnt_mode=1
Setting for delay_in_us:        1
Setting for y_delay_in_us:      1
Setting for tnt_delay_in_us:    1
Setting for max_delta_tnt:      5
Setting for tnt_mode:           1
Setting for averaging:         -1
Entering get_five_points
target_noise  x= 2.50 y= 2.50 t= 2.50
target state=0 point=240,136
 X= 971 X2=1023  Y= 973 Y2=1015 P1=1023 P2=  -1 T1=1023 T2= 973  P=  -1  D=   1 
 X= 974 X2=1004  Y= 946 Y2=1023 P1=1023 P2=  -1 T1=1017 T2= 852  P=  -1  D=   1 
 X= 954 X2=1023  Y= 983 Y2=1019 P1=1023 P2=  -1 T1=1018 T2= 947  P=  -1  D=   1 
 X= 899 X2=1023  Y= 988 Y2=1023 P1=1023 P2=  -1 T1=1023 T2= 911  P=  -1  D=   1 
 X= 961 X2=1020  Y= 979 Y2=1017 P1=1023 P2=  -1 T1=1018 T2= 911  P=  -1  D=   1 
 X= 878 X2=1012  Y= 974 Y2=1023 P1=1023 P2=  -1 T1=1023 T2= 933  P=  -1  D=   1 
 X= 886 X2=1020  Y= 977 Y2=1019 P1=1023 P2=  -1 T1=1023 T2= 911  P=  -1  D=   1 
 X= 949 X2=1023  Y= 988 Y2=1023 P1=1023 P2=  -1 T1=1023 T2= 910  P=  -1  D=   1 
 X=1007 X2= 998  Y= 980 Y2=1023 P1=1023 P2=  -1 T1=1018 T2= 887  P=  -1  D=   1 
 X= 860 X2=1023  Y= 984 Y2=1017 P1=1023 P2=  -1 T1=1019 T2= 920  P=  -1  D=   1 
 X=1023 X2= 994  Y= 988 Y2=1015 P1=1023 P2=  -1 T1=1018 T2= 885  P=  -1  D=   1 
 X= 959 X2=1023  Y= 992 Y2=1023 P1=1023 P2=  -1 T1=1023 T2= 908  P=  -1  D=   1 
 X= 918 X2=1021  Y= 976 Y2=1023 P1=1023 P2=  -1 T1=1023 T2= 895  P=  -1  D=   1 
 X= 851 X2=1022  Y= 983 Y2=1023 P1=1023 P2=  -1 T1=1019 T2= 898  P=  -1  D=   1 
 X=1017 X2= 973  Y= 985 Y2=1023 P1=1023 P2=  -1 T1=1023 T2= 901  P=  -1  D=   1 
 X= 844 X2=1023  Y= 979 Y2=1023 P1=1023 P2=  -1 T1=1023 T2= 917  P=  -1  D=   1 
 X= 954 X2=1021  Y= 983 Y2=1022 P1=1023 P2=  -1 T1=1019 T2= 920  P=  -1  D=   1 
 X= 929 X2=1019  Y= 969 Y2=1017 P1=1023 P2=  -1 T1=1023 T2= 902  P=  -1  D=   1 
 X=1023 X2=1013  Y= 981 Y2=1018 P1=1023 P2=  -1 T1=1019 T2= 905  P=  -1  D=   1 
 X= 950 X2=1018  Y= 988 Y2=1023 P1=1023 P2=  -1 T1=1022 T2= 965  P=  -1  D=   1 
 X= 922 X2=1022  Y= 989 Y2=1023 P1=1023 P2=  -1 T1=1023 T2= 919  P=  -1  D=   1 
 X= 851 X2=1018  Y= 975 Y2=1023 P1=1023 P2=  -1 T1=1019 T2= 919  P=  -1  D=   1 
 X= 874 X2=1023  Y= 986 Y2=1016 P1=1023 P2=  -1 T1=1023 T2= 918  P=  -1  D=   1 
 X=1023 X2=1004  Y= 974 Y2=1017 P1=1023 P2=  -1 T1=1023 T2= 909  P=  -1  D=   1 
 X=1023 X2=1012  Y= 962 Y2=1023 P1=1023 P2=  -1 T1=1023 T2= 901  P=  -1  D=   1 
 X= 806 X2=1023  Y= 981 Y2=1020 P1=1023 P2=  -1 T1=1023 T2= 908  P=  -1  D=   1 
 X=1023 X2=1006  Y= 973 Y2=1015 P1=1023 P2=  -1 T1=1018 T2= 887  P=  -1  D=   1 
 X=1023 X2=1004  Y= 984 Y2=1017 P1=1023 P2=  -1 T1=1023 T2= 939  P=  -1  D=   1 
 X= 815 X2=1023  Y= 955 Y2=1019 P1=1023 P2=  -1 T1=1019 T2= 902  P=  -1  D=   1 
 X= 955 X2=1022  Y= 984 Y2=1021 P1=1023 P2=  -1 T1=1018 T2= 905  P=  -1  D=   1 
 X= 974 X2=1006  Y= 977 Y2=1023 P1=1023 P2=  -1 T1=1018 T2= 922  P=  -1  D=   1 
 X= 848 X2=1016  Y= 969 Y2=1023 P1=1023 P2=  -1 T1=1019 T2= 894  P=  -1  D=   1 
 X= 876 X2=1023  Y= 977 Y2=1023 P1=1023 P2=  -1 T1=1019 T2= 920  P=  -1  D=   1 
 X=1022 X2=1006  Y= 975 Y2=1023 P1=1023 P2=  -1 T1=1018 T2= 897  P=  -1  D=   1 
 X=1018 X2=1012  Y= 980 Y2=1023 P1=1023 P2=  -1 T1=1023 T2= 905  P=  -1  D=   1 
 X= 954 X2=1021  Y= 978 Y2=1015 P1=1023 P2=  -1 T1=1022 T2= 902  P=  -1  D=   1 
 X=1023 X2=1003  Y= 979 Y2=1023 P1=1023 P2=  -1 T1=1023 T2= 902  P=  -1  D=   1 
 X= 793 X2=1023  Y= 981 Y2=1023 P1=1023 P2=  -1 T1=1019 T2= 906  P=  -1  D=   1 
 X= 788 X2=1023  Y= 975 Y2=1018 P1=1023 P2=  -1 T1=1023 T2= 931  P=  -1  D=   1 
 X= 913 X2=1023  Y= 977 Y2=1022 P1=1023 P2=  -1 T1=1018 T2= 912  P=  -1  D=   1 
 X= 976 X2=1013  Y= 974 Y2=1023 P1=1023 P2=  -1 T1=1018 T2= 913  P=  -1  D=   1 
 X= 882 X2=1020  Y= 982 Y2=1023 P1=1023 P2=  -1 T1=1019 T2= 897  P=  -1  D=   1 
 X= 945 X2= 987  Y= 973 Y2=1016 P1=1023 P2=  -1 T1=1022 T2= 908  P=  -1  D=   1 
 X= 995 X2=1003  Y= 973 Y2=1023 P1=1023 P2=  -1 T1=1018 T2= 903  P=  -1  D=   1 
 X= 954 X2=1015  Y=1000 Y2=1018 P1=1023 P2=  -1 T1=1023 T2= 917  P=  -1  D=   1 
 X= 957 X2= 975  Y= 978 Y2=1017 P1=1023 P2=  -1 T1=1023 T2= 888  P=  -1  D=   1 
 X= 968 X2=1021  Y= 973 Y2=1017 P1=1023 P2=  -1 T1=1023 T2= 914  P=  -1  D=   1 
 X= 833 X2=1023  Y= 983 Y2=1018 P1=1023 P2=  -1 T1=1023 T2= 927  P=  -1  D=   1 
 X= 887 X2=1023  Y= 991 Y2=1023 P1=1023 P2=  -1 T1=1023 T2= 904  P=  -1  D=   1 
 X= 993 X2=1014  Y= 971 Y2=1020 P1=1023 P2=  -1 T1=1023 T2= 893  P=  -1  D=   1 
 X= 930 X2=1023  Y= 972 Y2=1019 P1=1023 P2=  -1 T1=1019 T2= 907  P=  -1  D=   1 
 X= 949 X2=1023  Y= 982 Y2=1018 P1=1023 P2=  -1 T1=1023 T2= 895  P=  -1  D=   1 
 X=1023 X2= 999  Y= 985 Y2=1017 P1=1023 P2=  -1 T1=1017 T2= 917  P=  -1  D=   1 
 X= 949 X2=1021  Y= 969 Y2=1020 P1=1023 P2=  -1 T1=1023 T2= 920  P=  -1  D=   1 
 X= 891 X2=1023  Y= 969 Y2=1023 P1=1023 P2=  -1 T1=1023 T2= 919  P=  -1  D=   1 
 X= 952 X2=1020  Y= 988 Y2=1021 P1=1023 P2=  -1 T1=1023 T2= 895  P=  -1  D=   1 
 X= 947 X2=1019  Y= 978 Y2=1022 P1=1023 P2=  -1 T1=1019 T2= 928  P=  -1  D=   1 
 X= 910 X2=1023  Y= 973 Y2=1017 P1=1023 P2=  -1 T1=1018 T2= 893  P=  -1  D=   1 
 X=1023 X2=1013  Y= 977 Y2=1019 P1=1023 P2=  -1 T1=1018 T2= 918  P=  -1  D=   1 
 X= 983 X2=1011  Y= 973 Y2=1023 P1=1023 P2=  -1 T1=1021 T2= 908  P=  -1  D=   1 
 X= 951 X2=1022  Y= 984 Y2=1023 P1=1023 P2=  -1 T1=1022 T2= 919  P=  -1  D=   1 
 X= 969 X2= 998  Y= 990 Y2=1017 P1=1023 P2=  -1 T1=1023 T2= 903  P=  -1  D=   1 
 X=1023 X2=1012  Y= 983 Y2=1023 P1=1023 P2=  -1 T1=1023 T2= 921  P=  -1  D=   1 
 X= 785 X2=1023  Y= 972 Y2=1023 P1=1023 P2=  -1 T1=1017 T2= 921  P=  -1  D=   1 
 X= 927 X2=1021  Y= 976 Y2=1022 P1=1023 P2=  -1 T1=1023 T2= 910  P=  -1  D=   1 
 X=1023 X2=1003  Y=1018 Y2=1022 P1=1023 P2=  -1 T1=1017 T2=1017  P=  -1  D=   1 
 X=1023 X2=1014  Y= 980 Y2=1018 P1=1023 P2=  -1 T1=1018 T2= 915  P=  -1  D=   1 
 X= 855 X2=1017  Y= 966 Y2=1023 P1=1023 P2=  -1 T1=1020 T2= 904  P=  -1  D=   1 
 X= 965 X2=1006  Y= 973 Y2=1023 P1=1023 P2=  -1 T1=1023 T2= 903  P=  -1  D=   1 
 X= 933 X2=1023  Y= 978 Y2=1019 P1=1023 P2=  -1 T1=1018 T2= 891  P=  -1  D=   1 
 X= 958 X2=1018  Y= 986 Y2=1013 P1=1023 P2=  -1 T1=1023 T2= 891  P=  -1  D=   1 
 X=1020 X2= 989  Y= 982 Y2=1023 P1=1023 P2=  -1 T1=1018 T2= 908  P=  -1  D=   1 
 X= 880 X2=1023  Y= 986 Y2=1018 P1=1023 P2=  -1 T1=1016 T2= 904  P=  -1  D=   1 
 X= 907 X2=1023  Y= 967 Y2=1018 P1=1023 P2=  -1 T1=1022 T2= 910  P=  -1  D=   1 
 X= 873 X2=1019  Y= 976 Y2=1023 P1=1023 P2=  -1 T1=1023 T2= 895  P=  -1  D=   1 
 X= 921 X2=1018  Y= 965 Y2=1023 P1=1023 P2=  -1 T1=1022 T2= 904  P=  -1  D=   1 
 X= 911 X2=1019  Y= 975 Y2=1019 P1=1023 P2=  -1 T1=1023 T2= 902  P=  -1  D=   1 
 X=1023 X2=1011  Y= 970 Y2=1023 P1=1023 P2=  -1 T1=1018 T2= 909  P=  -1  D=   1 
 X= 890 X2=1015  Y= 969 Y2=1023 P1=1023 P2=  -1 T1=1023 T2= 903  P=  -1  D=   1 
 X= 881 X2=1023  Y= 978 Y2=1023 P1=1023 P2=  -1 T1=1020 T2= 910  P=  -1  D=   1 
 X= 958 X2=1023  Y= 976 Y2=1018 P1=1023 P2=  -1 T1=1019 T2= 897  P=  -1  D=   1 
 X= 955 X2=1023  Y= 967 Y2=1023 P1=1023 P2=  -1 T1=1019 T2= 902  P=  -1  D=   1 
 X= 888 X2=1023  Y= 966 Y2=1022 P1=1023 P2=  -1 T1=1023 T2= 916  P=  -1  D=   1 
 X= 889 X2=1023  Y= 982 Y2=1021 P1=1023 P2=  -1 T1=1022 T2= 920  P=  -1  D=   1 
 X= 989 X2=1012  Y= 960 Y2=1021 P1=1023 P2=  -1 T1=1019 T2= 914  P=  -1  D=   1 
 X= 792 X2=1023  Y= 966 Y2=1019 P1=1023 P2=  -1 T1=1023 T2= 903  P=  -1  D=   1 
 X= 957 X2=1011  Y= 963 Y2=1023 P1=1023 P2=  -1 T1=1019 T2= 900  P=  -1  D=   1 
 X=1021 X2=1012  Y= 981 Y2=1023 P1=1023 P2=  -1 T1=1017 T2= 907  P=  -1  D=   1 
 X= 920 X2=1023  Y= 974 Y2=1018 P1=1023 P2=  -1 T1=1023 T2= 895  P=  -1  D=   1 
 X= 957 X2=1023  Y= 985 Y2=1017 P1=1023 P2=  -1 T1=1023 T2= 906  P=  -1  D=   1 
 X= 958 X2= 993  Y= 976 Y2=1015 P1=1023 P2=  -1 T1=1020 T2= 921  P=  -1  D=   1 
 X= 795 X2=1023  Y= 972 Y2=1023 P1=1023 P2=  -1 T1=1023 T2= 914  P=  -1  D=   1 
 X= 893 X2=1023  Y= 981 Y2=1019 P1=1023 P2=  -1 T1=1021 T2= 920  P=  -1  D=   1 
 X= 995 X2=1003  Y= 974 Y2=1021 P1=1023 P2=  -1 T1=1021 T2= 910  P=  -1  D=   1 
 X= 778 X2=1023  Y= 982 Y2=1019 P1=1023 P2=  -1 T1=1023 T2= 926  P=  -1  D=   1 
 X= 947 X2= 994  Y= 978 Y2=1023 P1=1023 P2=  -1 T1=1023 T2= 910  P=  -1  D=   1 
 X= 983 X2=1005  Y= 974 Y2=1021 P1=1023 P2=  -1 T1=1018 T2= 911  P=  -1  D=   1 
 X= 850 X2=1023  Y= 983 Y2=1023 P1=1023 P2=  -1 T1=1023 T2= 916  P=  -1  D=   1 
 X= 945 X2=1023  Y= 993 Y2=1023 P1=1023 P2=  -1 T1=1018 T2= 920  P=  -1  D=   1 
 X= 970 X2= 992  Y= 981 Y2=1018 P1=1023 P2=  -1 T1=1018 T2= 907  P=  -1  D=   1 
 X= 953 X2=1023  Y= 972 Y2=1023 P1=1023 P2=  -1 T1=1018 T2= 940  P=  -1  D=   1 
 X= 822 X2=1022  Y= 983 Y2=1017 P1=1023 P2=  -1 T1=1018 T2= 926  P=  -1  D=   1 
 X=1016 X2=1018  Y= 974 Y2=1018 P1=1023 P2=  -1 T1=1019 T2= 923  P=  -1  D=   1 
 X= 914 X2=1022  Y= 992 Y2=1023 P1=1023 P2=  -1 T1=1023 T2= 920  P=  -1  D=   1 
 X= 894 X2=1023  Y= 978 Y2=1023 P1=1023 P2=  -1 T1=1021 T2= 920  P=  -1  D=   1 
 X=1023 X2=1011  Y= 990 Y2=1023 P1=1023 P2=  -1 T1=1020 T2= 930  P=  -1  D=   1 
 X= 887 X2=1016  Y= 980 Y2=1023 P1=1021 P2=  -1 T1=1023 T2= 908  P=  -1  D=   1 
 X= 897 X2=1023  Y= 988 Y2=1019 P1=1023 P2=  -1 T1=1018 T2= 917  P=  -1  D=   1 
 X= 940 X2=1021  Y= 995 Y2=1018 P1=1023 P2=  -1 T1=1019 T2= 913  P=  -1  D=   1 
 X= 843 X2=1017  Y= 967 Y2=1023 P1=1023 P2=  -1 T1=1023 T2= 926  P=  -1  D=   1 
 X=1023 X2=1003  Y= 979 Y2=1020 P1=1023 P2=  -1 T1=1023 T2= 920  P=  -1  D=   1 
 X= 929 X2=1023  Y= 974 Y2=1018 P1=1023 P2=  -1 T1=1023 T2= 907  P=  -1  D=   1 
 X= 992 X2=1000  Y= 962 Y2=1019 P1=1023 P2=  -1 T1=1021 T2= 899  P=  -1  D=   1 
 X= 962 X2=1023  Y= 967 Y2=1023 P1=1023 P2=  -1 T1=1018 T2= 907  P=  -1  D=   1 
 X= 955 X2=1023  Y= 990 Y2=1017 P1=1023 P2=  -1 T1=1023 T2= 908  P=  -1  D=   1 
 X=1023 X2=1004  Y= 976 Y2=1017 P1=1023 P2=  -1 T1=1023 T2= 896  P=  -1  D=   1 
 X= 801 X2=1023  Y= 980 Y2=1020 P1=1023 P2=  -1 T1=1018 T2= 923  P=  -1  D=   1 
 X= 901 X2=1023  Y= 985 Y2=1022 P1=1023 P2=  -1 T1=1023 T2= 904  P=  -1  D=   1 
 X= 936 X2=1022  Y= 988 Y2=1023 P1=1023 P2=  -1 T1=1019 T2= 909  P=  -1  D=   1 
 X= 890 X2=1023  Y= 991 Y2=1023 P1=1023 P2=  -1 T1=1019 T2= 925  P=  -1  D=   1 
 X= 939 X2=1021  Y= 993 Y2=1016 P1=1023 P2=  -1 T1=1023 T2= 900  P=  -1  D=   1 
 X=1023 X2=1012  Y= 978 Y2=1018 P1=1023 P2=  -1 T1=1018 T2= 911  P=  -1  D=   1 
 X= 853 X2=1018  Y= 987 Y2=1019 P1=1023 P2=  -1 T1=1023 T2= 921  P=  -1  D=   1 
 X= 941 X2=1022  Y=1000 Y2=1017 P1=1023 P2=  -1 T1=1023 T2= 894  P=  -1  D=   1 
 X= 956 X2=1019  Y= 979 Y2=1016 P1=1023 P2=  -1 T1=1021 T2= 906  P=  -1  D=   1 
 X= 956 X2= 997  Y= 987 Y2=1019 P1=1023 P2=  -1 T1=1023 T2= 917  P=  -1  D=   1 
 X= 951 X2=1020  Y= 988 Y2=1023 P1=1023 P2=  -1 T1=1023 T2= 904  P=  -1  D=   1 
 X= 974 X2= 990  Y= 984 Y2=1022 P1=1023 P2=  -1 T1=1021 T2= 884  P=  -1  D=   1 
 X= 947 X2=1019  Y= 979 Y2=1021 P1=1023 P2=  -1 T1=1019 T2= 903  P=  -1  D=   1 
 X= 955 X2=1023  Y= 978 Y2=1023 P1=1023 P2=  -1 T1=1019 T2= 914  P=  -1  D=   1 
 X= 850 X2=1023  Y= 981 Y2=1023 P1=1023 P2=  -1 T1=1017 T2= 906  P=  -1  D=   1 
 X= 992 X2=1011  Y= 973 Y2=1023 P1=1023 P2=  -1 T1=1023 T2= 921  P=  -1  D=   1 
 X= 865 X2=1016  Y= 981 Y2=1021 P1=1023 P2=  -1 T1=1023 T2= 913  P=  -1  D=   1 
 X= 955 X2=1021  Y= 978 Y2=1023 P1=1023 P2=  -1 T1=1023 T2= 909  P=  -1  D=   1 
 X=1019 X2= 994  Y= 983 Y2=1023 P1=1023 P2=  -1 T1=1019 T2= 894  P=  -1  D=   1 
 X= 837 X2=1022  Y= 971 Y2=1018 P1=1023 P2=  -1 T1=1023 T2= 918  P=  -1  D=   1 
 X= 895 X2=1023  Y= 972 Y2=1023 P1=1023 P2=  -1 T1=1022 T2= 917  P=  -1  D=   1 
 X= 998 X2=1003  Y= 974 Y2=1023 P1=1023 P2=  -1 T1=1019 T2= 893  P=  -1  D=   1 
 X= 847 X2=1018  Y= 973 Y2=1018 P1=1022 P2=  -1 T1=1023 T2= 896  P=  -1  D=   1 
 X= 947 X2=1023  Y= 981 Y2=1019 P1=1023 P2=  -1 T1=1023 T2= 907  P=  -1  D=   1 
 X= 954 X2= 990  Y= 980 Y2=1018 P1=1021 P2=  -1 T1=1023 T2= 893  P=  -1  D=   1 
 X= 990 X2=1012  Y= 969 Y2=1019 P1=1023 P2=  -1 T1=1023 T2= 915  P=  -1  D=   1 
 X= 891 X2=1023  Y= 984 Y2=1017 P1=1023 P2=  -1 T1=1023 T2= 916  P=  -1  D=   1 
 X= 943 X2=1023  Y= 994 Y2=1023 P1=1023 P2=  -1 T1=1023 T2= 903  P=  -1  D=   1 
 X= 904 X2=1020  Y= 979 Y2=1023 P1=1023 P2=  -1 T1=1023 T2= 879  P=  -1  D=   1 
 X= 844 X2=1022  Y= 988 Y2=1020 P1=1023 P2=  -1 T1=1023 T2= 907  P=  -1  D=   1 
 X= 878 X2=1023  Y= 988 Y2=1019 P1=1023 P2=  -1 T1=1023 T2= 908  P=  -1  D=   1 
 X= 882 X2=1023  Y= 984 Y2=1023 P1=1023 P2=  -1 T1=1023 T2= 918  P=  -1  D=   1 
 X= 870 X2=1023  Y= 979 Y2=1023 P1=1023 P2=  -1 T1=1019 T2= 914  P=  -1  D=   1 
 X= 957 X2= 994  Y= 986 Y2=1021 P1=1022 P2=  -1 T1=1023 T2= 885  P=  -1  D=   1 
 X=1023 X2=1003  Y= 975 Y2=1018 P1=1023 P2=  -1 T1=1018 T2= 902  P=  -1  D=   1 
 X= 952 X2= 983  Y= 979 Y2=1019 P1=1023 P2=  -1 T1=1023 T2= 936  P=  -1  D=   1 
 X= 957 X2=1021  Y= 990 Y2=1021 P1=1023 P2=  -1 T1=1018 T2= 916  P=  -1  D=   1 
 X= 963 X2=1021  Y= 980 Y2=1021 P1=1023 P2=  -1 T1=1023 T2= 905  P=  -1  D=   1 
 X= 940 X2=1018  Y= 969 Y2=1023 P1=1023 P2=  -1 T1=1019 T2= 893  P=  -1  D=   1 
 X= 848 X2=1023  Y= 971 Y2=1022 P1=1023 P2=  -1 T1=1023 T2= 899  P=  -1  D=   1 
 X=1010 X2= 993  Y= 983 Y2=1019 P1=1023 P2=  -1 T1=1023 T2= 920  P=  -1  D=   1 
 X= 981 X2=1013  Y= 959 Y2=1023 P1=1023 P2=  -1 T1=1023 T2= 889  P=  -1  D=   1 
 X= 966 X2=1023  Y= 987 Y2=1018 P1=1023 P2=  -1 T1=1023 T2= 905  P=  -1  D=   1 
 X=1023 X2= 999  Y= 986 Y2=1020 P1=1023 P2=  -1 T1=1019 T2= 927  P=  -1  D=   1 
 X=1006 X2=1002  Y= 970 Y2=1022 P1=1023 P2=  -1 T1=1023 T2= 907  P=  -1  D=   1 
 X= 858 X2=1023  Y= 985 Y2=1018 P1=1023 P2=  -1 T1=1019 T2= 909  P=  -1  D=   1 
 X= 976 X2= 987  Y= 977 Y2=1019 P1=1023 P2=  -1 T1=1022 T2= 890  P=  -1  D=   1 
 X= 899 X2=1019  Y= 979 Y2=1023 P1=1023 P2=  -1 T1=1018 T2= 903  P=  -1  D=   1 
 X= 944 X2=1019  Y= 980 Y2=1023 P1=1023 P2=  -1 T1=1023 T2= 914  P=  -1  D=   1 
 X=1023 X2=1000  Y= 973 Y2=1019 P1=1023 P2=  -1 T1=1018 T2= 917  P=  -1  D=   1 
 X= 928 X2=1023  Y=1011 Y2=1019 P1=1023 P2=  -1 T1=1023 T2=1013  P=  -1  D=   1 
 X= 975 X2=1021  Y= 981 Y2=1018 P1=1023 P2=  -1 T1=1022 T2= 909  P=  -1  D=   1 
 X=1023 X2= 999  Y= 983 Y2=1017 P1=1021 P2=  -1 T1=1023 T2= 893  P=  -1  D=   1 
 X= 793 X2=1023  Y= 972 Y2=1017 P1=1023 P2=  -1 T1=1022 T2= 942  P=  -1  D=   1 
 X= 907 X2=1023  Y= 978 Y2=1023 P1=1023 P2=  -1 T1=1021 T2= 902  P=  -1  D=   1 
 X= 903 X2=1023  Y= 983 Y2=1016 P1=1023 P2=  -1 T1=1020 T2= 906  P=  -1  D=   1 
 X= 851 X2=1017  Y= 973 Y2=1023 P1=1023 P2=  -1 T1=1017 T2= 932  P=  -1  D=   1 
 X= 916 X2=1016  Y= 969 Y2=1019 P1=1023 P2=  -1 T1=1019 T2= 904  P=  -1  D=   1 
 X= 948 X2=1003  Y= 985 Y2=1023 P1=1023 P2=  -1 T1=1022 T2= 882  P=  -1  D=   1 
 X=1022 X2= 987  Y= 977 Y2=1015 P1=1023 P2=  -1 T1=1023 T2= 906  P=  -1  D=   1 
 X= 895 X2=1019  Y= 979 Y2=1021 P1=1023 P2=  -1 T1=1019 T2= 912  P=  -1  D=   1 
 X= 920 X2=1022  Y= 968 Y2=1017 P1=1023 P2=  -1 T1=1023 T2= 902  P=  -1  D=   1 
 X= 950 X2= 977  Y= 985 Y2=1018 P1=1022 P2=  -1 T1=1021 T2= 907  P=  -1  D=   1 
 X= 829 X2=1023  Y= 977 Y2=1023 P1=1023 P2=  -1 T1=1023 T2= 906  P=  -1  D=   1 
 X= 853 X2=1021  Y= 973 Y2=1023 P1=1023 P2=  -1 T1=1023 T2= 911  P=  -1  D=   1 
 X=1011 X2=1005  Y= 968 Y2=1023 P1=1023 P2=  -1 T1=1021 T2= 908  P=  -1  D=   1 
 X= 859 X2=1017  Y= 974 Y2=1023 P1=1022 P2=  -1 T1=1017 T2= 908  P=  -1  D=   1 
 X= 907 X2=1023  Y= 975 Y2=1016 P1=1023 P2=  -1 T1=1023 T2= 893  P=  -1  D=   1 
 X=1023 X2=1012  Y= 979 Y2=1018 P1=1023 P2=  -1 T1=1023 T2= 907  P=  -1  D=   1 
 X=1013 X2=1003  Y= 979 Y2=1021 P1=1023 P2=  -1 T1=1023 T2= 895  P=  -1  D=   1 
 X= 910 X2=1023  Y= 982 Y2=1016 P1=1023 P2=  -1 T1=1022 T2= 882  P=  -1  D=   1 
 X= 953 X2=1021  Y= 992 Y2=1015 P1=1023 P2=  -1 T1=1023 T2= 896  P=  -1  D=   1 
 X= 788 X2=1023  Y= 973 Y2=1023 P1=1023 P2=  -1 T1=1019 T2= 887  P=  -1  D=   1 
 X= 814 X2=1023  Y= 971 Y2=1023 P1=1023 P2=  -1 T1=1023 T2= 932  P=  -1  D=   1 
 X= 921 X2=1023  Y= 992 Y2=1023 P1=1023 P2=  -1 T1=1019 T2= 902  P=  -1  D=   1 
 X= 993 X2=1003  Y= 985 Y2=1017 P1=1023 P2=  -1 T1=1023 T2= 905  P=  -1  D=   1 
 X= 903 X2=1016  Y= 965 Y2=1020 P1=1023 P2=  -1 T1=1023 T2= 880  P=  -1  D=   1 
 X= 963 X2=1019  Y= 973 Y2=1015 P1=1023 P2=  -1 T1=1023 T2= 911  P=  -1  D=   1 
 X= 854 X2=1023  Y= 984 Y2=1017 P1=1023 P2=  -1 T1=1018 T2= 887  P=  -1  D=   1 
 X= 893 X2=1023  Y= 975 Y2=1019 P1=1023 P2=  -1 T1=1023 T2= 925  P=  -1  D=   1 
 X= 875 X2=1022  Y= 983 Y2=1022 P1=1023 P2=  -1 T1=1018 T2= 906  P=  -1  D=   1 
 X= 857 X2=1017  Y= 972 Y2=1021 P1=1023 P2=  -1 T1=1019 T2= 919  P=  -1  D=   1 
 X= 941 X2=1023  Y= 990 Y2=1022 P1=1023 P2=  -1 T1=1021 T2= 911  P=  -1  D=   1 
 X= 877 X2=1023  Y= 986 Y2=1017 P1=1023 P2=  -1 T1=1022 T2= 926  P=  -1  D=   1 
 X=1009 X2= 990  Y= 971 Y2=1023 P1=1023 P2=  -1 T1=1021 T2= 890  P=  -1  D=   1 
 X= 986 X2=1010  Y= 983 Y2=1018 P1=1023 P2=  -1 T1=1023 T2= 900  P=  -1  D=   1 
 X= 950 X2= 973  Y= 987 Y2=1019 P1=1023 P2=  -1 T1=1021 T2= 907  P=  -1  D=   1 
 X=1023 X2=1006  Y= 984 Y2=1017 P1=1023 P2=  -1 T1=1021 T2= 921  P=  -1  D=   1 
 X= 966 X2= 992  Y= 990 Y2=1015 P1=1023 P2=  -1 T1=1023 T2= 909  P=  -1  D=   1 
 X=1023 X2= 991  Y= 992 Y2=1021 P1=1023 P2=  -1 T1=1023 T2= 899  P=  -1  D=   1 
 X= 956 X2=1020  Y= 986 Y2=1016 P1=1023 P2=  -1 T1=1018 T2= 921  P=  -1  D=   1 
 X= 958 X2=1023  Y= 949 Y2=1023 P1=1023 P2=  -1 T1=1018 T2= 907  P=  -1  D=   1 
 X= 804 X2=1023  Y= 981 Y2=1020 P1=1023 P2=  -1 T1=1018 T2= 915  P=  -1  D=   1 
 X=1020 X2=1009  Y= 978 Y2=1017 P1=1023 P2=  -1 T1=1020 T2= 908  P=  -1  D=   1 
 X= 984 X2=1004  Y= 965 Y2=1018 P1=1023 P2=  -1 T1=1021 T2= 913  P=  -1  D=   1 
 X= 824 X2=1023  Y= 981 Y2=1019 P1=1023 P2=  -1 T1=1023 T2= 906  P=  -1  D=   1 
 X= 950 X2=1023  Y= 985 Y2=1017 P1=1023 P2=  -1 T1=1023 T2= 911  P=  -1  D=   1 
 X= 943 X2= 989  Y= 977 Y2=1018 P1=1023 P2=  -1 T1=1021 T2= 905  P=  -1  D=   1 
 X= 526 X2= 525  Y= 517 Y2= 518 P1= 804 P2= 407 T1=  17 T2=  17  P= 511  D=   1 * 0
 X= 936 X2=1023  Y= 990 Y2=1023 P1=1023 P2=   0 T1=1018 T2= 918  P= 511  D=   1 
 X= 952 X2=1013  Y= 961 Y2=1018 P1=1023 P2=   0 T1=1018 T2= 918  P= 511  D=   1 
 X= 934 X2=1019  Y= 988 Y2=1023 P1=1023 P2=   0 T1=1019 T2= 917  P= 511  D=   1 
 X= 922 X2=1023  Y= 987 Y2=1018 P1=1023 P2=   0 T1=1023 T2= 909  P= 511  D=   1 
 X= 526 X2= 526  Y= 517 Y2= 518 P1= 805 P2= 402 T1=  18 T2=  18  P= 527  D=   1 * 0
 X= 855 X2=1020  Y= 973 Y2=1020 P1=1023 P2=   0 T1=1019 T2= 894  P= 527  D=   1 
 X= 527 X2= 526  Y= 517 Y2= 517 P1= 809 P2= 396 T1=  18 T2=  21  P= 548  D=   1 * 0
 X= 529 X2= 527  Y= 518 Y2= 518 P1= 809 P2= 395 T1=  17 T2=  19  P= 553  D=   1 * 0
 X= 527 X2= 527  Y= 518 Y2= 518 P1= 809 P2= 394 T1=  20 T2=  19  P= 554  D=   1 * 1
 X= 528 X2= 527  Y= 517 Y2= 518 P1= 810 P2= 395 T1=  19 T2=  19  P= 553  D=   1 * 2
 X= 528 X2= 527  Y= 518 Y2= 518 P1= 809 P2= 396 T1=  19 T2=  19  P= 549  D=   1 * 3
 X= 528 X2= 526  Y= 517 Y2= 517 P1= 808 P2= 397 T1=  19 T2=  19  P= 545  D=   1 * 4
 X= 527 X2= 526  Y= 517 Y2= 518 P1= 809 P2= 397 T1=  19 T2=  19  P= 545  D=   1 * 5
 X= 525 X2= 527  Y= 517 Y2= 514 P1= 808 P2= 397 T1=  19 T2=  19  P= 544  D=   1 * 6
 X= 527 X2= 527  Y= 517 Y2= 518 P1= 809 P2= 397 T1=  19 T2=  19  P= 546  D=   1 * 7
 X= 527 X2= 527  Y= 517 Y2= 517 P1= 809 P2= 397 T1=  20 T2=  18  P= 546  D=   1 * 8
 X= 527 X2= 526  Y= 518 Y2= 519 P1= 808 P2= 397 T1=  19 T2=  19  P= 544  D=   1 * 9
 X= 526 X2= 526  Y= 518 Y2= 517 P1= 808 P2= 397 T1=  19 T2=  19  P= 544  D=   1 * 10
 X= 527 X2= 527  Y= 517 Y2= 518 P1= 808 P2= 398 T1=  19 T2=  19  P= 542  D=   1 * 11
 X= 527 X2= 526  Y= 518 Y2= 517 P1= 809 P2= 398 T1=  20 T2=  20  P= 542  D=   1 * 12
 X= 527 X2= 527  Y= 518 Y2= 519 P1= 809 P2= 397 T1=  19 T2=  19  P= 546  D=   1 * 13
 X= 527 X2= 530  Y= 517 Y2= 517 P1= 808 P2= 397 T1=  19 T2=  18  P= 546  D=   1 * 14
 X= 527 X2= 526  Y= 518 Y2= 517 P1= 808 P2= 398 T1=  13 T2=  19  P= 546  D=   1 * 15
 X= 527 X2= 526  Y= 517 Y2= 517 P1= 808 P2= 398 T1=  18 T2=  19  P= 541  D=   1 * 16
 X= 526 X2= 527  Y= 517 Y2= 517 P1= 807 P2= 398 T1=  19 T2=  19  P= 540  D=   1 * 17
 X= 527 X2= 527  Y= 517 Y2= 517 P1= 811 P2= 398 T1=  19 T2=  21  P= 546  D=   1 * 18
 X= 527 X2= 526  Y= 517 Y2= 518 P1= 808 P2= 398 T1=  19 T2=  20  P= 541  D=   1 * 19
 X= 526 X2= 527  Y= 518 Y2= 517 P1= 808 P2= 398 T1=  18 T2=  17  P= 541  D=   1 * 20
 X= 526 X2= 528  Y= 517 Y2= 517 P1= 807 P2= 398 T1=  18 T2=  19  P= 541  D=   1 * 21
 X= 527 X2= 526  Y= 517 Y2= 517 P1= 808 P2= 398 T1=  19 T2=  19  P= 541  D=   1 * 22
 X= 526 X2= 528  Y= 517 Y2= 517 P1= 808 P2= 398 T1=  19 T2=  20  P= 542  D=   1 * 23
 X= 526 X2= 527  Y= 516 Y2= 517 P1= 807 P2= 398 T1=  19 T2=  19  P= 540  D=   1 * 24
Remove Pin
 X= 527 X2= 527  Y= 517 Y2= 517 P1= 807 P2= 398 T1=  18 T2=  20  P= 541  D=   1 * 24
 X= 526 X2= 527  Y= 517 Y2= 517 P1= 808 P2= 399 T1=  19 T2=  19  P= 539  D=   1 * 24
 X= 527 X2= 528  Y= 517 Y2= 518 P1= 808 P2= 399 T1=  19 T2=  18  P= 540  D=   1 * 24
 X= 527 X2= 527  Y= 517 Y2= 513 P1= 808 P2= 399 T1=  19 T2=  14  P= 540  D=   1 * 24
 X= 527 X2= 526  Y= 517 Y2= 517 P1= 807 P2= 398 T1=  19 T2=  19  P= 540  D=   1 * 24
 X= 526 X2= 527  Y= 517 Y2= 517 P1= 807 P2= 399 T1=  19 T2=  19  P= 537  D=   1 * 24
 X= 528 X2= 526  Y= 517 Y2= 517 P1= 808 P2= 399 T1=  19 T2=  19  P= 540  D=   1 * 24
 X= 527 X2= 526  Y= 517 Y2= 518 P1= 808 P2= 399 T1=  18 T2=  18  P= 539  D=   1 * 24
 X= 527 X2= 527  Y= 517 Y2= 517 P1= 807 P2= 399 T1=  19 T2=  19  P= 538  D=   1 * 24
 X= 527 X2= 526  Y= 518 Y2= 517 P1= 807 P2= 399 T1=  19 T2=  18  P= 537  D=   1 * 24
 X= 527 X2= 526  Y= 517 Y2= 518 P1= 807 P2= 399 T1=  19 T2=  19  P= 537  D=   1 * 24
 X= 527 X2= 526  Y= 518 Y2= 516 P1= 807 P2= 398 T1=  18 T2=  20  P= 540  D=   1 * 24
 X= 526 X2= 527  Y= 517 Y2= 517 P1= 807 P2= 399 T1=  19 T2=  18  P= 537  D=   1 * 24
 X= 527 X2= 527  Y= 518 Y2= 518 P1= 807 P2= 398 T1=  19 T2=  19  P= 541  D=   1 * 24
 X= 527 X2= 527  Y= 518 Y2= 517 P1= 807 P2= 400 T1=  19 T2=  18  P= 535  D=   1 * 24
 X= 526 X2= 526  Y= 517 Y2= 517 P1= 807 P2= 399 T1=  19 T2=  16  P= 537  D=   1 * 24
 X= 527 X2= 527  Y= 517 Y2= 517 P1= 807 P2= 399 T1=  19 T2=  18  P= 538  D=   1 * 24
 X= 526 X2= 526  Y= 517 Y2= 517 P1= 806 P2= 400 T1=  18 T2=  19  P= 533  D=   1 * 24
 X= 527 X2= 526  Y= 518 Y2= 517 P1= 808 P2= 399 T1=  19 T2=  18  P= 539  D=   1 * 24
 X= 527 X2= 526  Y= 517 Y2= 519 P1= 807 P2= 400 T1=  18 T2=  17  P= 534  D=   1 * 24
 X= 527 X2= 527  Y= 517 Y2= 518 P1= 807 P2= 399 T1=  19 T2=  19  P= 538  D=   1 * 24
 X= 528 X2= 529  Y= 517 Y2= 518 P1= 807 P2= 399 T1=  20 T2=  19  P= 539  D=   1 * 24
 X= 528 X2= 526  Y= 518 Y2= 516 P1= 807 P2= 399 T1=  18 T2=  18  P= 538  D=   1 * 24
 X= 526 X2= 527  Y= 517 Y2= 516 P1= 807 P2= 400 T1=  18 T2=  19  P= 534  D=   1 * 24
 X= 527 X2= 526  Y= 518 Y2= 518 P1= 807 P2= 399 T1=  20 T2=  18  P= 537  D=   1 * 24
 X= 527 X2= 525  Y= 517 Y2= 517 P1= 806 P2= 399 T1=  19 T2=  19  P= 536  D=   1 * 24
 X= 528 X2= 528  Y= 517 Y2= 517 P1= 807 P2= 399 T1=  19 T2=  19  P= 539  D=   1 * 24
 X= 525 X2= 527  Y= 517 Y2= 517 P1= 807 P2= 399 T1=  18 T2=  18  P= 537  D=   1 * 24
 X= 526 X2= 527  Y= 517 Y2= 517 P1= 807 P2= 400 T1=  20 T2=  17  P= 534  D=   1 * 24
 X= 527 X2= 527  Y= 517 Y2= 517 P1= 807 P2= 400 T1=  18 T2=  19  P= 535  D=   1 * 24
 X= 527 X2= 527  Y= 517 Y2= 517 P1= 807 P2= 400 T1=  18 T2=  18  P= 535  D=   1 * 24
 X= 527 X2= 526  Y= 517 Y2= 517 P1= 806 P2= 398 T1=  18 T2=  18  P= 539  D=   1 * 24
 X= 527 X2= 529  Y= 516 Y2= 517 P1= 807 P2= 399 T1=  19 T2=  18  P= 539  D=   1 * 24
 X= 523 X2= 532  Y= 516 Y2= 517 P1= 807 P2= 400 T1=  19 T2=  20  P= 535  D=   1 * 24
 X= 526 X2= 526  Y= 517 Y2= 517 P1= 806 P2= 399 T1=  19 T2=  18  P= 536  D=   1 * 24
 X= 527 X2= 526  Y= 517 Y2= 518 P1= 807 P2= 400 T1=  19 T2=  22  P= 534  D=   1 * 24
 X= 526 X2= 530  Y= 517 Y2= 517 P1= 805 P2= 400 T1=  19 T2=  19  P= 534  D=   1 * 24
 X= 526 X2= 527  Y= 517 Y2= 518 P1= 807 P2= 400 T1=  20 T2=  19  P= 534  D=   1 * 24
 X= 527 X2= 527  Y= 517 Y2= 518 P1= 806 P2= 399 T1=  19 T2=  19  P= 537  D=   1 * 24
 X= 527 X2= 527  Y= 517 Y2= 515 P1= 807 P2= 400 T1=  19 T2=  19  P= 535  D=   1 * 24
 X= 527 X2= 527  Y= 516 Y2= 517 P1= 807 P2= 400 T1=  18 T2=  20  P= 535  D=   1 * 24
 X= 527 X2= 527  Y= 517 Y2= 518 P1= 807 P2= 400 T1=  19 T2=  18  P= 535  D=   1 * 24
 X= 526 X2= 526  Y= 517 Y2= 518 P1= 807 P2= 400 T1=  17 T2=  20  P= 534  D=   1 * 24
 X= 527 X2= 526  Y= 517 Y2= 517 P1= 807 P2= 400 T1=  19 T2=  18  P= 534  D=   1 * 24
 X= 526 X2= 526  Y= 518 Y2= 517 P1= 806 P2= 399 T1=  19 T2=  18  P= 536  D=   1 * 24
 X= 527 X2= 526  Y= 518 Y2= 517 P1= 807 P2= 400 T1=  19 T2=  17  P= 534  D=   1 * 24
 X= 526 X2= 526  Y= 518 Y2= 517 P1= 807 P2= 399 T1=  20 T2=  18  P= 537  D=   1 * 24
 X= 527 X2= 526  Y= 518 Y2= 517 P1= 808 P2= 400 T1=  18 T2=  15  P= 536  D=   1 * 24
 X= 526 X2= 526  Y= 518 Y2= 517 P1= 807 P2= 400 T1=  19 T2=  19  P= 534  D=   1 * 24
 X= 527 X2= 526  Y= 517 Y2= 517 P1= 806 P2= 400 T1=  19 T2=  19  P= 533  D=   1 * 24
 X= 527 X2= 526  Y= 517 Y2= 517 P1= 807 P2= 400 T1=  16 T2=  19  P= 534  D=   1 * 24
 X= 526 X2= 527  Y= 517 Y2= 518 P1= 807 P2= 400 T1=  16 T2=  19  P= 534  D=   1 * 24
 X= 526 X2= 527  Y= 517 Y2= 518 P1= 807 P2= 400 T1=  18 T2=  19  P= 534  D=   1 * 24
 X= 526 X2= 528  Y= 517 Y2= 517 P1= 803 P2= 400 T1=  19 T2=  18  P= 530  D=   1 * 24
 X= 527 X2= 527  Y= 517 Y2= 517 P1= 807 P2= 400 T1=  19 T2=  18  P= 535  D=   1 * 24
 X= 526 X2= 526  Y= 518 Y2= 517 P1= 807 P2= 400 T1=  19 T2=  19  P= 534  D=   1 * 24
 X= 526 X2= 526  Y= 517 Y2= 518 P1= 807 P2= 400 T1=  20 T2=  19  P= 534  D=   1 * 24
 X= 527 X2= 526  Y= 517 Y2= 517 P1= 807 P2= 400 T1=  20 T2=  19  P= 534  D=   1 * 24
 X= 527 X2= 526  Y= 517 Y2= 517 P1= 807 P2= 400 T1=  17 T2=  18  P= 534  D=   1 * 24
 X= 527 X2= 526  Y= 518 Y2= 517 P1= 807 P2= 399 T1=  19 T2=  18  P= 537  D=   1 * 24
 X= 526 X2= 527  Y= 517 Y2= 517 P1= 807 P2= 400 T1=  17 T2=  18  P= 534  D=   1 * 24
 X= 526 X2= 528  Y= 517 Y2= 517 P1= 807 P2= 400 T1=  19 T2=  19  P= 535  D=   1 * 24
 X= 527 X2= 527  Y= 517 Y2= 517 P1= 807 P2= 400 T1=  18 T2=  19  P= 535  D=   1 * 24
 X= 527 X2= 527  Y= 517 Y2= 518 P1= 806 P2= 400 T1=  20 T2=  18  P= 534  D=   1 * 24
 X= 527 X2= 527  Y= 517 Y2= 517 P1= 807 P2= 400 T1=  19 T2=  19  P= 535  D=   1 * 24
 X= 526 X2= 527  Y= 517 Y2= 517 P1= 807 P2= 400 T1=  18 T2=  19  P= 534  D=   1 * 24
 X= 526 X2= 527  Y= 517 Y2= 517 P1= 809 P2= 396 T1=  21 T2=  19  P= 548  D=   1 * 24
 X= 866 X2=1014  Y= 971 Y2=1017 P1=1023 P2=   0 T1=1018 T2= 935  P= 548  D=   1 
 X= 799 X2=1012  Y= 974 Y2=1023 P1=1023 P2=   0 T1=1018 T2= 933  P= 548  D=   1 
 X= 993 X2=1004  Y= 979 Y2=1022 P1=1023 P2=   0 T1=1023 T2= 929  P= 548  D=   1 
target state=1 point=23,22
 X= 974 X2=1023  Y= 981 Y2=1023 P1=1023 P2=   0 T1=1018 T2= 921  P= 548  D=   1 
 X= 870 X2=1020  Y= 980 Y2=1021 P1=1023 P2=   0 T1=1017 T2= 908  P= 548  D=   1 
 X=1003 X2=1012  Y= 975 Y2=1019 P1=1023 P2=   0 T1=1018 T2= 899  P= 548  D=   1 
 X=1023 X2=1003  Y= 976 Y2=1021 P1=1023 P2=   0 T1=1021 T2= 907  P= 548  D=   1 
 X= 855 X2=1023  Y= 980 Y2=1019 P1=1023 P2=   0 T1=1023 T2= 916  P= 548  D=   1 
 X= 893 X2=1023  Y= 974 Y2=1018 P1=1023 P2=   0 T1=1019 T2= 901  P= 548  D=   1 
 X= 932 X2=1023  Y= 975 Y2=1023 P1=1023 P2=   0 T1=1022 T2= 916  P= 548  D=   1 
 X= 967 X2=1023  Y= 977 Y2=1023 P1=1023 P2=   0 T1=1019 T2= 915  P= 548  D=   1 
 X= 939 X2=1023  Y= 982 Y2=1018 P1=1023 P2=   0 T1=1019 T2= 930  P= 548  D=   1 
 X=1023 X2=1011  Y= 975 Y2=1023 P1=1023 P2=   0 T1=1023 T2= 886  P= 548  D=   1 
 X=1023 X2=1018  Y= 976 Y2=1023 P1=1023 P2=   0 T1=1023 T2= 928  P= 548  D=   1 
 X= 953 X2= 991  Y= 968 Y2=1018 P1=1023 P2=   0 T1=1019 T2= 907  P= 548  D=   1 
 X= 935 X2= 990  Y= 983 Y2=1015 P1=1022 P2=   0 T1=1023 T2= 902  P= 548  D=   1 
 X= 796 X2=1023  Y= 972 Y2=1017 P1=1023 P2=   0 T1=1022 T2= 921  P= 548  D=   1 
 X= 906 X2=1022  Y= 991 Y2=1023 P1=1023 P2=   0 T1=1023 T2= 905  P= 548  D=   1 
 X= 955 X2=1023  Y= 990 Y2=1016 P1=1023 P2=   0 T1=1023 T2= 895  P= 548  D=   1 
 X= 850 X2=1016  Y= 971 Y2=1023 P1=1022 P2=   0 T1=1018 T2= 890  P= 548  D=   1 
 X= 952 X2=1017  Y= 981 Y2=1019 P1=1023 P2=   0 T1=1018 T2= 913  P= 548  D=   1 
 X=1023 X2= 994  Y= 977 Y2=1023 P1=1023 P2=   0 T1=1018 T2= 904  P= 548  D=   1 
 X=1006 X2= 993  Y= 975 Y2=1023 P1=1023 P2=   0 T1=1023 T2= 906  P= 548  D=   1 
 X= 929 X2=1023  Y= 986 Y2=1023 P1=1023 P2=   0 T1=1023 T2= 911  P= 548  D=   1 
 X= 962 X2=1022  Y= 983 Y2=1017 P1=1023 P2=   0 T1=1023 T2= 922  P= 548  D=   1 
 X= 962 X2= 975  Y= 986 Y2=1018 P1=1023 P2=   0 T1=1018 T2= 916  P= 548  D=   1 
 X= 794 X2=1023  Y= 979 Y2=1023 P1=1023 P2=   0 T1=1023 T2= 919  P= 548  D=   1 
 X= 858 X2=1020  Y= 977 Y2=1019 P1=1023 P2=   0 T1=1023 T2= 920  P= 548  D=   1 
 X= 996 X2=1013  Y= 968 Y2=1023 P1=1023 P2=   0 T1=1020 T2= 927  P= 548  D=   1 
 X= 871 X2=1016  Y= 969 Y2=1023 P1=1023 P2=   0 T1=1020 T2= 908  P= 548  D=   1 
 X= 849 X2=1023  Y= 983 Y2=1019 P1=1023 P2=   0 T1=1023 T2= 896  P= 548  D=   1 
 X= 959 X2=1023  Y= 982 Y2=1023 P1=1023 P2=   0 T1=1019 T2= 908  P= 548  D=   1 
 X= 992 X2=1012  Y= 971 Y2=1023 P1=1023 P2=   0 T1=1021 T2= 905  P= 548  D=   1 
 X= 906 X2=1023  Y= 971 Y2=1017 P1=1023 P2=   0 T1=1023 T2= 902  P= 548  D=   1 
 X= 938 X2=1021  Y= 982 Y2=1022 P1=1023 P2=   0 T1=1018 T2= 917  P= 548  D=   1 
 X= 915 X2=1021  Y= 966 Y2=1023 P1=1023 P2=   0 T1=1019 T2= 892  P= 548  D=   1 
 X= 798 X2=1023  Y= 973 Y2=1023 P1=1023 P2=   0 T1=1019 T2= 922  P= 548  D=   1 
 X= 917 X2=1017  Y= 976 Y2=1023 P1=1023 P2=   0 T1=1020 T2= 928  P= 548  D=   1 
 X= 847 X2=1016  Y= 974 Y2=1023 P1=1022 P2=   0 T1=1018 T2= 909  P= 548  D=   1 
 X= 856 X2=1016  Y= 981 Y2=1023 P1=1023 P2=   0 T1=1022 T2= 916  P= 548  D=   1 
 X= 955 X2= 991  Y= 987 Y2=1018 P1=1023 P2=   0 T1=1023 T2= 885  P= 548  D=   1 
 X=1023 X2=1002  Y= 992 Y2=1023 P1=1023 P2=   0 T1=1023 T2= 891  P= 548  D=   1 
 X= 816 X2=1022  Y= 984 Y2=1018 P1=1023 P2=   0 T1=1023 T2= 904  P= 548  D=   1 
 X= 922 X2=1023  Y= 988 Y2=1015 P1=1023 P2=   0 T1=1019 T2= 914  P= 548  D=   1 
 X= 877 X2=1023  Y= 977 Y2=1023 P1=1023 P2=   0 T1=1023 T2= 928  P= 548  D=   1 
 X= 785 X2=1023  Y= 971 Y2=1023 P1=1023 P2=   0 T1=1023 T2= 934  P= 548  D=   1 
 X= 866 X2=1022  Y= 978 Y2=1018 P1=1023 P2=   0 T1=1023 T2= 908  P= 548  D=   1 
 X=1022 X2= 975  Y= 975 Y2=1022 P1=1023 P2=   0 T1=1021 T2= 918  P= 548  D=   1 
 X= 978 X2=1011  Y= 979 Y2=1023 P1=1022 P2=   0 T1=1023 T2= 887  P= 548  D=   1 
 X= 948 X2=1023  Y= 991 Y2=1021 P1=1023 P2=   0 T1=1023 T2= 906  P= 548  D=   1 
 X=1023 X2= 992  Y= 986 Y2=1021 P1=1023 P2=   0 T1=1023 T2= 906  P= 548  D=   1 
 X= 844 X2=1023  Y= 990 Y2=1021 P1=1023 P2=   0 T1=1021 T2= 905  P= 548  D=   1 
 X= 238 X2= 236  Y= 325 Y2= 318 P1= 670 P2= 204 T1=  22 T2=  21  P= 541  D=   1 * 0
 X= 945 X2=1021  Y= 986 Y2=1021 P1=1023 P2=   0 T1=1023 T2= 899  P= 541  D=   1 
 X= 983 X2=1022  Y= 385 Y2= 326 P1= 694 P2= 193 T1=1023 T2=  22  P= 541  D=   1 
 X= 853 X2=1023  Y= 376 Y2= 318 P1= 687 P2= 195 T1=1021 T2=  21  P= 541  D=   1 
 X= 240 X2= 237  Y= 325 Y2= 318 P1= 682 P2= 197 T1=  22 T2=  22  P= 585  D=   1 * 0
 X= 241 X2= 237  Y= 324 Y2= 319 P1= 683 P2= 196 T1=  22 T2=  22  P= 593  D=   1 * 0
 X= 240 X2= 237  Y= 325 Y2= 318 P1= 684 P2= 195 T1=  22 T2=  22  P= 596  D=   1 * 0
 X= 240 X2= 236  Y= 326 Y2= 318 P1= 683 P2= 197 T1=  22 T2=  22  P= 587  D=   1 * 1
 X= 240 X2= 237  Y= 325 Y2= 318 P1= 682 P2= 197 T1=  21 T2=  20  P= 585  D=   1 * 2
 X= 240 X2= 238  Y= 326 Y2= 318 P1= 683 P2= 196 T1=  23 T2=  22  P= 593  D=   1 * 3
 X= 240 X2= 236  Y= 325 Y2= 319 P1= 682 P2= 196 T1=  22 T2=  22  P= 590  D=   1 * 4
 X= 239 X2= 237  Y= 324 Y2= 318 P1= 683 P2= 197 T1=  22 T2=  22  P= 587  D=   1 * 5
 X= 240 X2= 236  Y= 325 Y2= 319 P1= 683 P2= 197 T1=  22 T2=  22  P= 587  D=   1 * 6
 X= 240 X2= 237  Y= 327 Y2= 320 P1= 683 P2= 196 T1=  22 T2=  23  P= 591  D=   1 * 7
 X= 240 X2= 237  Y= 325 Y2= 319 P1= 683 P2= 196 T1=  23 T2=  22  P= 591  D=   1 * 8
 X= 241 X2= 237  Y= 325 Y2= 318 P1= 682 P2= 197 T1=  22 T2=  22  P= 588  D=   1 * 9
 X= 240 X2= 236  Y= 326 Y2= 320 P1= 683 P2= 197 T1=  22 T2=  22  P= 587  D=   1 * 10
 X= 240 X2= 237  Y= 325 Y2= 318 P1= 682 P2= 197 T1=  22 T2=  20  P= 585  D=   1 * 11
 X= 240 X2= 238  Y= 326 Y2= 319 P1= 682 P2= 197 T1=  22 T2=  22  P= 588  D=   1 * 12
 X= 240 X2= 237  Y= 326 Y2= 318 P1= 683 P2= 197 T1=  23 T2=  22  P= 587  D=   1 * 13
 X= 237 X2= 237  Y= 326 Y2= 318 P1= 682 P2= 196 T1=  22 T2=  22  P= 587  D=   1 * 14
 X= 240 X2= 237  Y= 325 Y2= 318 P1= 682 P2= 197 T1=  22 T2=  22  P= 585  D=   1 * 15
 X= 240 X2= 237  Y= 325 Y2= 318 P1= 682 P2= 197 T1=  22 T2=  22  P= 585  D=   1 * 16
 X= 241 X2= 237  Y= 325 Y2= 318 P1= 682 P2= 197 T1=  23 T2=  21  P= 588  D=   1 * 17
 X= 240 X2= 237  Y= 326 Y2= 321 P1= 682 P2= 197 T1=  23 T2=  23  P= 585  D=   1 * 18
 X= 239 X2= 237  Y= 326 Y2= 318 P1= 682 P2= 197 T1=  22 T2=  22  P= 585  D=   1 * 19
 X= 240 X2= 237  Y= 327 Y2= 318 P1= 682 P2= 197 T1=  22 T2=  22  P= 585  D=   1 * 20
 X= 240 X2= 237  Y= 325 Y2= 318 P1= 682 P2= 196 T1=  22 T2=  22  P= 590  D=   1 * 21
 X= 239 X2= 238  Y= 325 Y2= 318 P1= 682 P2= 197 T1=  23 T2=  22  P= 585  D=   1 * 22
 X= 239 X2= 237  Y= 326 Y2= 319 P1= 682 P2= 197 T1=  22 T2=  22  P= 585  D=   1 * 23
 X= 240 X2= 239  Y= 326 Y2= 318 P1= 682 P2= 197 T1=  22 T2=  22  P= 588  D=   1 * 24
Remove Pin
 X= 239 X2= 237  Y= 325 Y2= 319 P1= 683 P2= 196 T1=  23 T2=  23  P= 591  D=   1 * 24
 X= 240 X2= 236  Y= 326 Y2= 319 P1= 683 P2= 197 T1=  22 T2=  22  P= 587  D=   1 * 24
 X= 240 X2= 237  Y= 325 Y2= 318 P1= 682 P2= 197 T1=  22 T2=  23  P= 585  D=   1 * 24
 X= 239 X2= 237  Y= 325 Y2= 318 P1= 682 P2= 197 T1=  23 T2=  21  P= 585  D=   1 * 24
 X= 240 X2= 237  Y= 325 Y2= 319 P1= 682 P2= 197 T1=  22 T2=  22  P= 585  D=   1 * 24
 X= 238 X2= 237  Y= 325 Y2= 318 P1= 682 P2= 196 T1=  22 T2=  24  P= 587  D=   1 * 24
 X= 241 X2= 238  Y= 325 Y2= 318 P1= 682 P2= 197 T1=  22 T2=  26  P= 588  D=   1 * 24
 X= 240 X2= 237  Y= 326 Y2= 319 P1= 681 P2= 197 T1=  22 T2=  23  P= 584  D=   1 * 24
 X= 240 X2= 237  Y= 326 Y2= 318 P1= 683 P2= 197 T1=  22 T2=  22  P= 587  D=   1 * 24
 X= 239 X2= 236  Y= 325 Y2= 318 P1= 682 P2= 197 T1=  22 T2=  22  P= 583  D=   1 * 24
 X= 240 X2= 237  Y= 325 Y2= 319 P1= 682 P2= 197 T1=  22 T2=  22  P= 585  D=   1 * 24
 X= 239 X2= 237  Y= 326 Y2= 320 P1= 682 P2= 197 T1=  22 T2=  22  P= 585  D=   1 * 24
 X= 240 X2= 237  Y= 325 Y2= 319 P1= 682 P2= 197 T1=  22 T2=  22  P= 585  D=   1 * 24
 X= 240 X2= 237  Y= 325 Y2= 319 P1= 682 P2= 197 T1=  22 T2=  22  P= 585  D=   1 * 24
 X= 241 X2= 237  Y= 325 Y2= 316 P1= 681 P2= 198 T1=  22 T2=  22  P= 582  D=   1 * 24
 X= 240 X2= 237  Y= 325 Y2= 317 P1= 682 P2= 197 T1=  23 T2=  22  P= 585  D=   1 * 24
 X= 240 X2= 237  Y= 323 Y2= 318 P1= 682 P2= 197 T1=  20 T2=  22  P= 585  D=   1 * 24
 X= 240 X2= 238  Y= 325 Y2= 318 P1= 681 P2= 197 T1=  22 T2=  22  P= 586  D=   1 * 24
 X= 241 X2= 237  Y= 325 Y2= 319 P1= 681 P2= 197 T1=  21 T2=  23  P= 586  D=   1 * 24
 X= 240 X2= 237  Y= 326 Y2= 317 P1= 681 P2= 197 T1=  22 T2=  20  P= 584  D=   1 * 24
 X= 239 X2= 237  Y= 325 Y2= 318 P1= 681 P2= 197 T1=  22 T2=  22  P= 584  D=   1 * 24
 X= 240 X2= 237  Y= 325 Y2= 318 P1= 681 P2= 197 T1=  22 T2=  22  P= 584  D=   1 * 24
 X= 241 X2= 237  Y= 324 Y2= 318 P1= 681 P2= 197 T1=  22 T2=  22  P= 586  D=   1 * 24
 X= 239 X2= 237  Y= 325 Y2= 317 P1= 681 P2= 198 T1=  23 T2=  22  P= 580  D=   1 * 24
 X= 241 X2= 238  Y= 327 Y2= 321 P1= 692 P2= 192 T1=  24 T2=  22  P= 622  D=   1 * 24
 X= 242 X2= 239  Y= 329 Y2= 320 P1= 695 P2= 190 T1=  23 T2=  23  P= 637  D=   1 * 24
 X=1000 X2=1018  Y= 971 Y2=1021 P1=1023 P2=   0 T1=1018 T2= 872  P= 637  D=   1 
 X=1009 X2= 990  Y= 966 Y2=1023 P1=1023 P2=   0 T1=1023 T2= 893  P= 637  D=   1 
 X= 850 X2=1017  Y= 971 Y2=1019 P1=1023 P2=   0 T1=1018 T2= 889  P= 637  D=   1 
target state=2 point=456,22
 X= 917 X2=1023  Y= 985 Y2=1018 P1=1023 P2=   0 T1=1023 T2= 905  P= 637  D=   1 
 X=1023 X2=1003  Y= 975 Y2=1022 P1=1023 P2=   0 T1=1023 T2= 909  P= 637  D=   1 
 X=1000 X2=1020  Y= 975 Y2=1017 P1=1023 P2=   0 T1=1022 T2= 899  P= 637  D=   1 
 X= 975 X2=1023  Y= 990 Y2=1017 P1=1023 P2=   0 T1=1023 T2= 895  P= 637  D=   1 
 X= 964 X2=1023  Y= 985 Y2=1023 P1=1023 P2=   0 T1=1023 T2=1012  P= 637  D=   1 
 X= 927 X2=1023  Y= 986 Y2=1022 P1=1022 P2=   0 T1=1023 T2= 895  P= 637  D=   1 
 X= 867 X2=1022  Y= 970 Y2=1023 P1=1023 P2=   0 T1=1023 T2= 892  P= 637  D=   1 
 X=1023 X2= 983  Y= 984 Y2=1017 P1=1023 P2=   0 T1=1023 T2= 893  P= 637  D=   1 
 X=1000 X2=1003  Y= 985 Y2=1023 P1=1023 P2=   0 T1=1023 T2= 912  P= 637  D=   1 
 X= 930 X2=1021  Y= 971 Y2=1022 P1=1023 P2=   0 T1=1023 T2= 914  P= 637  D=   1 
 X= 927 X2=1021  Y= 977 Y2=1018 P1=1023 P2=   0 T1=1023 T2= 916  P= 637  D=   1 
 X= 947 X2=1021  Y= 967 Y2=1019 P1=1023 P2=   0 T1=1019 T2= 899  P= 637  D=   1 
 X= 890 X2=1022  Y= 967 Y2=1023 P1=1023 P2=   0 T1=1023 T2= 906  P= 637  D=   1 
 X= 899 X2=1023  Y= 972 Y2=1022 P1=1023 P2=   0 T1=1021 T2= 908  P= 637  D=   1 
 X= 983 X2=1003  Y= 978 Y2=1015 P1=1023 P2=   0 T1=1023 T2= 910  P= 637  D=   1 
 X= 923 X2=1017  Y= 972 Y2=1018 P1=1023 P2=   0 T1=1018 T2= 914  P= 637  D=   1 
 X=1007 X2= 999  Y= 984 Y2=1023 P1=1023 P2=   0 T1=1019 T2= 901  P= 637  D=   1 
 X= 963 X2=1023  Y= 985 Y2=1023 P1=1023 P2=   0 T1=1019 T2= 906  P= 637  D=   1 
 X= 928 X2=1016  Y= 962 Y2=1017 P1=1023 P2=   0 T1=1021 T2= 960  P= 637  D=   1 
 X= 947 X2=1021  Y= 991 Y2=1017 P1=1023 P2=   0 T1=1019 T2= 910  P= 637  D=   1 
 X= 967 X2=1023  Y= 982 Y2=1023 P1=1023 P2=   0 T1=1019 T2= 904  P= 637  D=   1 
 X= 802 X2=1023  Y= 967 Y2=1019 P1=1023 P2=   0 T1=1023 T2= 894  P= 637  D=   1 
 X= 793 X2=1022  Y= 982 Y2=1020 P1=1023 P2=   0 T1=1016 T2= 901  P= 637  D=   1 
 X= 903 X2=1012  Y= 960 Y2=1023 P1=1023 P2=   0 T1=1023 T2= 919  P= 637  D=   1 
 X= 882 X2=1016  Y= 965 Y2=1023 P1=1023 P2=   0 T1=1023 T2= 885  P= 637  D=   1 
 X= 915 X2=1020  Y= 988 Y2=1017 P1=1023 P2=   0 T1=1019 T2= 894  P= 637  D=   1 
 X=1023 X2=1017  Y= 982 Y2=1020 P1=1023 P2=   0 T1=1018 T2= 918  P= 637  D=   1 
 X=1021 X2= 982  Y= 966 Y2=1023 P1=1023 P2=   0 T1=1023 T2= 903  P= 637  D=   1 
 X= 856 X2=1023  Y= 964 Y2=1015 P1=1023 P2=   0 T1=1022 T2= 906  P= 637  D=   1 
 X= 894 X2=1023  Y= 977 Y2=1018 P1=1023 P2=   0 T1=1023 T2= 917  P= 637  D=   1 
 X= 846 X2=1023  Y= 976 Y2=1018 P1=1023 P2=   0 T1=1023 T2= 913  P= 637  D=   1 
 X= 792 X2=1023  Y= 965 Y2=1023 P1=1023 P2=   0 T1=1020 T2= 909  P= 637  D=   1 
 X=1000 X2=1006  Y= 982 Y2=1018 P1=1023 P2=   0 T1=1018 T2= 916  P= 637  D=   1 
 X= 990 X2=1013  Y= 981 Y2=1023 P1=1023 P2=   0 T1=1023 T2= 909  P= 637  D=   1 
 X= 993 X2=1012  Y= 970 Y2=1023 P1=1023 P2=   0 T1=1023 T2= 895  P= 637  D=   1 
 X= 946 X2=1023  Y= 988 Y2=1017 P1=1023 P2=   0 T1=1023 T2= 906  P= 637  D=   1 
 X=1023 X2=1013  Y= 973 Y2=1023 P1=1023 P2=   0 T1=1019 T2= 906  P= 637  D=   1 
 X= 919 X2=1023  Y= 981 Y2=1018 P1=1023 P2=   0 T1=1021 T2= 914  P= 637  D=   1 
 X= 921 X2=1023  Y= 972 Y2=1018 P1=1023 P2=   0 T1=1023 T2= 900  P= 637  D=   1 
 X= 877 X2=1018  Y= 962 Y2=1023 P1=1023 P2=   0 T1=1019 T2= 901  P= 637  D=   1 
 X= 910 X2=1019  Y= 976 Y2=1020 P1=1023 P2=   0 T1=1018 T2= 909  P= 637  D=   1 
 X= 806 X2=1023  Y= 974 Y2=1023 P1=1023 P2=   0 T1=1018 T2= 899  P= 637  D=   1 
 X=1023 X2=1010  Y= 971 Y2=1023 P1=1023 P2=   0 T1=1023 T2= 917  P= 637  D=   1 
 X= 928 X2=1022  Y=1016 Y2=1022 P1=1023 P2=   0 T1=1023 T2= 979  P= 637  D=   1 
 X= 878 X2=1020  Y= 975 Y2=1023 P1=1023 P2=   0 T1=1023 T2= 893  P= 637  D=   1 
 X=1022 X2=1014  Y= 976 Y2=1017 P1=1023 P2=   0 T1=1018 T2= 893  P= 637  D=   1 
 X= 892 X2=1023  Y= 986 Y2=1021 P1=1023 P2=   0 T1=1023 T2= 883  P= 637  D=   1 
 X= 892 X2=1023  Y= 971 Y2=1023 P1=1023 P2=   0 T1=1020 T2= 887  P= 637  D=   1 
 X= 940 X2=1022  Y= 982 Y2=1017 P1=1023 P2=   0 T1=1019 T2= 912  P= 637  D=   1 
 X= 850 X2=1017  Y= 969 Y2=1023 P1=1023 P2=   0 T1=1019 T2= 923  P= 637  D=   1 
 X= 902 X2=1019  Y= 973 Y2=1021 P1=1023 P2=   0 T1=1018 T2= 916  P= 637  D=   1 
 X= 996 X2= 993  Y= 983 Y2=1019 P1=1023 P2=   0 T1=1017 T2= 903  P= 637  D=   1 
 X=1013 X2= 988  Y= 976 Y2=1021 P1=1023 P2=   0 T1=1022 T2= 898  P= 637  D=   1 
 X= 920 X2=1023  Y= 988 Y2=1019 P1=1023 P2=   0 T1=1021 T2= 933  P= 637  D=   1 
 X= 941 X2=1023  Y= 986 Y2=1017 P1=1023 P2=   0 T1=1023 T2= 921  P= 637  D=   1 
 X=1023 X2=1002  Y= 974 Y2=1016 P1=1023 P2=   0 T1=1023 T2= 895  P= 637  D=   1 
 X= 800 X2=1023  Y= 978 Y2=1018 P1=1023 P2=   0 T1=1023 T2= 898  P= 637  D=   1 
 X= 878 X2=1023  Y= 971 Y2=1017 P1=1023 P2=   0 T1=1023 T2= 900  P= 637  D=   1 
 X= 812 X2= 811  Y= 323 Y2= 330 P1= 795 P2= 483 T1=  15 T2=  15  P= 523  D=   1 * 0
 X= 812 X2= 812  Y= 324 Y2= 330 P1= 798 P2= 481 T1=  14 T2=  15  P= 535  D=   1 * 0
 X= 812 X2= 811  Y= 327 Y2= 333 P1= 802 P2= 472 T1=  16 T2=  14  P= 566  D=   1 * 0
 X= 812 X2= 811  Y= 324 Y2= 332 P1= 798 P2= 480 T1=  15 T2=  14  P= 536  D=   1 * 0
 X= 812 X2= 811  Y= 325 Y2= 332 P1= 798 P2= 480 T1=  16 T2=  15  P= 536  D=   1 * 1
 X= 812 X2= 810  Y= 325 Y2= 332 P1= 799 P2= 479 T1=  15 T2=  11  P= 541  D=   1 * 2
 X= 812 X2= 810  Y= 324 Y2= 331 P1= 799 P2= 480 T1=  15 T2=  15  P= 538  D=   1 * 3
 X= 812 X2= 811  Y= 325 Y2= 332 P1= 798 P2= 480 T1=  15 T2=  15  P= 536  D=   1 * 4
 X= 811 X2= 810  Y= 324 Y2= 331 P1= 797 P2= 481 T1=  15 T2=  15  P= 531  D=   1 * 5
 X= 812 X2= 812  Y= 327 Y2= 331 P1= 797 P2= 482 T1=  12 T2=  15  P= 530  D=   1 * 6
 X= 812 X2= 810  Y= 325 Y2= 331 P1= 798 P2= 484 T1=  16 T2=  16  P= 525  D=   1 * 7
 X= 813 X2= 810  Y= 325 Y2= 331 P1= 798 P2= 482 T1=  15 T2=  15  P= 531  D=   1 * 8
 X= 811 X2= 810  Y= 325 Y2= 332 P1= 797 P2= 482 T1=  14 T2=  15  P= 528  D=   1 * 9
 X= 812 X2= 811  Y= 325 Y2= 332 P1= 796 P2= 482 T1=  15 T2=  15  P= 527  D=   1 * 10
 X= 812 X2= 811  Y= 324 Y2= 332 P1= 797 P2= 482 T1=  14 T2=  14  P= 529  D=   1 * 11
 X= 810 X2= 811  Y= 325 Y2= 331 P1= 797 P2= 482 T1=  15 T2=  15  P= 528  D=   1 * 12
 X= 812 X2= 810  Y= 324 Y2= 332 P1= 797 P2= 482 T1=  13 T2=  14  P= 529  D=   1 * 13
 X= 813 X2= 811  Y= 324 Y2= 331 P1= 797 P2= 482 T1=  15 T2=  15  P= 530  D=   1 * 14
 X= 811 X2= 811  Y= 325 Y2= 332 P1= 797 P2= 483 T1=  15 T2=  15  P= 527  D=   1 * 15
 X= 811 X2= 811  Y= 325 Y2= 331 P1= 797 P2= 483 T1=  16 T2=  14  P= 527  D=   1 * 16
 X= 812 X2= 810  Y= 325 Y2= 331 P1= 797 P2= 483 T1=  15 T2=  14  P= 527  D=   1 * 17
 X= 812 X2= 810  Y= 324 Y2= 331 P1= 797 P2= 483 T1=  15 T2=  14  P= 527  D=   1 * 18
 X= 812 X2= 810  Y= 325 Y2= 332 P1= 796 P2= 483 T1=  14 T2=  14  P= 525  D=   1 * 19
 X= 813 X2= 810  Y= 324 Y2= 332 P1= 797 P2= 483 T1=  15 T2=  16  P= 527  D=   1 * 20
 X= 811 X2= 810  Y= 324 Y2= 331 P1= 797 P2= 483 T1=  14 T2=  14  P= 526  D=   1 * 21
 X= 812 X2= 810  Y= 324 Y2= 331 P1= 797 P2= 483 T1=  15 T2=  15  P= 527  D=   1 * 22
 X= 812 X2= 812  Y= 325 Y2= 329 P1= 797 P2= 483 T1=  13 T2=  16  P= 527  D=   1 * 23
 X= 811 X2= 811  Y= 324 Y2= 331 P1= 797 P2= 482 T1=  14 T2=  15  P= 529  D=   1 * 24
Remove Pin
 X= 811 X2= 811  Y= 325 Y2= 332 P1= 797 P2= 483 T1=  15 T2=  15  P= 527  D=   1 * 24
 X= 811 X2= 811  Y= 325 Y2= 331 P1= 796 P2= 482 T1=  14 T2=  16  P= 527  D=   1 * 24
 X= 812 X2= 811  Y= 325 Y2= 321 P1= 796 P2= 484 T1=  14 T2=  16  P= 522  D=   1 * 24
 X= 814 X2= 811  Y= 325 Y2= 331 P1= 797 P2= 483 T1=  15 T2=  14  P= 527  D=   1 * 24
 X= 811 X2= 811  Y= 325 Y2= 332 P1= 797 P2= 483 T1=  15 T2=  15  P= 527  D=   1 * 24
 X= 812 X2= 811  Y= 325 Y2= 331 P1= 797 P2= 482 T1=  14 T2=  15  P= 529  D=   1 * 24
 X= 812 X2= 810  Y= 325 Y2= 330 P1= 789 P2= 483 T1=  15 T2=  14  P= 513  D=   1 * 24
 X= 812 X2= 810  Y= 324 Y2= 332 P1= 797 P2= 483 T1=  14 T2=  15  P= 527  D=   1 * 24
 X= 812 X2= 811  Y= 324 Y2= 333 P1= 797 P2= 483 T1=  15 T2=  16  P= 527  D=   1 * 24
 X= 812 X2= 810  Y= 324 Y2= 332 P1= 795 P2= 483 T1=  17 T2=  15  P= 523  D=   1 * 24
 X= 810 X2= 810  Y= 325 Y2= 331 P1= 797 P2= 483 T1=  13 T2=  18  P= 526  D=   1 * 24
 X= 812 X2= 811  Y= 325 Y2= 330 P1= 797 P2= 483 T1=  15 T2=  15  P= 527  D=   1 * 24
 X= 813 X2= 810  Y= 325 Y2= 331 P1= 796 P2= 483 T1=  15 T2=  14  P= 525  D=   1 * 24
 X= 813 X2= 811  Y= 324 Y2= 331 P1= 797 P2= 482 T1=  13 T2=  15  P= 530  D=   1 * 24
 X= 812 X2= 811  Y= 325 Y2= 332 P1= 797 P2= 483 T1=  16 T2=  15  P= 527  D=   1 * 24
 X= 812 X2= 810  Y= 325 Y2= 331 P1= 797 P2= 483 T1=  15 T2=  15  P= 527  D=   1 * 24
 X= 811 X2= 809  Y= 324 Y2= 331 P1= 796 P2= 483 T1=  11 T2=  15  P= 524  D=   1 * 24
 X= 812 X2= 811  Y= 325 Y2= 330 P1= 797 P2= 484 T1=  14 T2=  13  P= 523  D=   1 * 24
 X= 812 X2= 810  Y= 323 Y2= 330 P1= 796 P2= 484 T1=  14 T2=  14  P= 522  D=   1 * 24
 X= 954 X2=1023  Y= 961 Y2=1023 P1=1023 P2=   0 T1=1019 T2= 911  P= 522  D=   1 
 X= 867 X2=1019  Y= 974 Y2=1021 P1=1023 P2=   0 T1=1018 T2= 898  P= 522  D=   1 
 X=1023 X2=1003  Y= 969 Y2=1023 P1=1023 P2=   0 T1=1021 T2= 904  P= 522  D=   1 
target state=3 point=456,249
 X= 992 X2=1013  Y= 970 Y2=1023 P1=1023 P2=   0 T1=1019 T2= 904  P= 522  D=   1 
 X= 879 X2=1023  Y= 982 Y2=1023 P1=1023 P2=   0 T1=1018 T2= 906  P= 522  D=   1 
 X= 922 X2=1023  Y= 966 Y2=1023 P1=1023 P2=   0 T1=1022 T2= 915  P= 522  D=   1 
 X= 980 X2=1005  Y= 967 Y2=1023 P1=1023 P2=   0 T1=1023 T2= 894  P= 522  D=   1 
 X= 846 X2=1014  Y= 969 Y2=1018 P1=1023 P2=   0 T1=1022 T2= 905  P= 522  D=   1 
 X= 959 X2=1023  Y= 970 Y2=1022 P1=1023 P2=   0 T1=1021 T2= 905  P= 522  D=   1 
 X=1007 X2=1001  Y= 986 Y2=1022 P1=1022 P2=   0 T1=1018 T2= 890  P= 522  D=   1 
 X= 936 X2=1023  Y= 983 Y2=1023 P1=1023 P2=   0 T1=1019 T2= 909  P= 522  D=   1 
 X= 968 X2=1021  Y= 980 Y2=1022 P1=1023 P2=   0 T1=1023 T2= 915  P= 522  D=   1 
 X= 955 X2=1023  Y= 987 Y2=1016 P1=1023 P2=   0 T1=1023 T2= 894  P= 522  D=   1 
 X= 881 X2=1020  Y= 980 Y2=1019 P1=1023 P2=   0 T1=1019 T2= 914  P= 522  D=   1 
 X= 823 X2=1023  Y= 977 Y2=1020 P1=1023 P2=   0 T1=1023 T2= 887  P= 522  D=   1 
 X= 867 X2=1023  Y= 971 Y2=1023 P1=1023 P2=   0 T1=1022 T2= 896  P= 522  D=   1 
 X= 852 X2=1015  Y= 980 Y2=1023 P1=1023 P2=   0 T1=1023 T2= 932  P= 522  D=   1 
 X= 871 X2=1018  Y= 973 Y2=1021 P1=1023 P2=   0 T1=1023 T2= 905  P= 522  D=   1 
 X= 948 X2=1023  Y= 988 Y2=1017 P1=1023 P2=   0 T1=1023 T2= 923  P= 522  D=   1 
 X=1023 X2=1011  Y= 971 Y2=1023 P1=1023 P2=   0 T1=1018 T2= 904  P= 522  D=   1 
 X= 814 X2=1023  Y= 982 Y2=1019 P1=1023 P2=   0 T1=1023 T2= 899  P= 522  D=   1 
 X= 894 X2=1023  Y= 988 Y2=1019 P1=1023 P2=   0 T1=1017 T2= 882  P= 522  D=   1 
 X= 955 X2=1023  Y= 985 Y2=1021 P1=1023 P2=   0 T1=1023 T2= 911  P= 522  D=   1 
 X= 846 X2=1023  Y= 972 Y2=1020 P1=1023 P2=   0 T1=1023 T2= 921  P= 522  D=   1 
 X= 789 X2=1023  Y= 971 Y2=1023 P1=1023 P2=   0 T1=1023 T2= 886  P= 522  D=   1 
 X=1023 X2=1005  Y= 988 Y2=1018 P1=1023 P2=   0 T1=1018 T2= 891  P= 522  D=   1 
 X= 990 X2=1004  Y= 977 Y2=1018 P1=1023 P2=   0 T1=1023 T2= 909  P= 522  D=   1 
 X= 917 X2=1023  Y= 962 Y2=1023 P1=1023 P2=   0 T1=1019 T2= 914  P= 522  D=   1 
 X= 948 X2= 987  Y= 981 Y2=1023 P1=1023 P2=   0 T1=1023 T2= 915  P= 522  D=   1 
 X=1023 X2=1012  Y= 977 Y2=1018 P1=1023 P2=   0 T1=1019 T2= 904  P= 522  D=   1 
 X= 969 X2=1023  Y= 975 Y2=1023 P1=1023 P2=   0 T1=1023 T2= 910  P= 522  D=   1 
 X= 953 X2=1021  Y= 983 Y2=1023 P1=1023 P2=   0 T1=1023 T2= 914  P= 522  D=   1 
 X= 964 X2=1017  Y= 978 Y2=1018 P1=1022 P2=   0 T1=1017 T2= 882  P= 522  D=   1 
 X= 942 X2=1019  Y= 971 Y2=1023 P1=1023 P2=   0 T1=1023 T2= 921  P= 522  D=   1 
 X=1023 X2=1009  Y= 974 Y2=1023 P1=1023 P2=   0 T1=1019 T2= 903  P= 522  D=   1 
 X= 998 X2= 990  Y= 970 Y2=1023 P1=1023 P2=   0 T1=1019 T2= 915  P= 522  D=   1 
 X=1001 X2=1007  Y= 983 Y2=1023 P1=1023 P2=   0 T1=1019 T2= 903  P= 522  D=   1 
 X= 967 X2= 990  Y= 984 Y2=1020 P1=1023 P2=   0 T1=1022 T2= 915  P= 522  D=   1 
 X= 862 X2=1020  Y= 963 Y2=1023 P1=1023 P2=   0 T1=1023 T2= 924  P= 522  D=   1 
 X= 858 X2=1023  Y=1017 Y2=1013 P1=1023 P2=   0 T1=1023 T2=1010  P= 522  D=   1 
 X= 992 X2=1010  Y= 970 Y2=1023 P1=1023 P2=   0 T1=1023 T2= 912  P= 522  D=   1 
 X= 956 X2=1023  Y= 972 Y2=1023 P1=1023 P2=   0 T1=1023 T2= 929  P= 522  D=   1 
 X= 964 X2=1023  Y= 967 Y2=1020 P1=1023 P2=   0 T1=1023 T2= 905  P= 522  D=   1 
 X= 865 X2=1023  Y= 980 Y2=1023 P1=1023 P2=   0 T1=1018 T2= 932  P= 522  D=   1 
 X= 986 X2=1010  Y= 969 Y2=1017 P1=1023 P2=   0 T1=1023 T2= 915  P= 522  D=   1 
 X=1001 X2= 986  Y= 972 Y2=1023 P1=1023 P2=   0 T1=1022 T2= 898  P= 522  D=   1 
 X= 924 X2=1023  Y= 977 Y2=1017 P1=1023 P2=   0 T1=1023 T2= 896  P= 522  D=   1 
 X= 960 X2=1021  Y= 973 Y2=1023 P1=1023 P2=   0 T1=1019 T2= 885  P= 522  D=   1 
 X= 957 X2=1023  Y= 972 Y2=1023 P1=1023 P2=   0 T1=1018 T2= 916  P= 522  D=   1 
 X= 906 X2=1023  Y= 966 Y2=1022 P1=1023 P2=   0 T1=1023 T2= 892  P= 522  D=   1 
 X= 912 X2=1023  Y= 978 Y2=1018 P1=1023 P2=   0 T1=1019 T2= 915  P= 522  D=   1 
 X= 946 X2=1023  Y= 981 Y2=1023 P1=1023 P2=   0 T1=1023 T2= 896  P= 522  D=   1 
 X= 947 X2=1023  Y= 972 Y2=1023 P1=1023 P2=   0 T1=1023 T2= 920  P= 522  D=   1 
 X=1023 X2= 998  Y= 974 Y2=1023 P1=1023 P2=   0 T1=1019 T2= 897  P= 522  D=   1 
 X=1018 X2= 991  Y= 972 Y2=1013 P1=1023 P2=   0 T1=1023 T2= 903  P= 522  D=   1 
 X= 855 X2=1023  Y= 979 Y2=1018 P1=1023 P2=   0 T1=1019 T2= 906  P= 522  D=   1 
 X= 950 X2=1023  Y= 991 Y2=1022 P1=1023 P2=   0 T1=1021 T2= 896  P= 522  D=   1 
 X= 940 X2=1023  Y= 971 Y2=1023 P1=1023 P2=   0 T1=1020 T2= 902  P= 522  D=   1 
 X= 929 X2=1023  Y= 977 Y2=1020 P1=1023 P2=   0 T1=1023 T2= 893  P= 522  D=   1 
 X= 886 X2=1023  Y= 975 Y2=1023 P1=1023 P2=   0 T1=1023 T2= 905  P= 522  D=   1 
 X=1003 X2=1013  Y= 981 Y2=1023 P1=1023 P2=   0 T1=1023 T2= 901  P= 522  D=   1 
 X= 938 X2=1022  Y= 971 Y2=1017 P1=1023 P2=   0 T1=1019 T2= 911  P= 522  D=   1 
 X= 948 X2= 985  Y= 983 Y2=1017 P1=1023 P2=   0 T1=1023 T2= 887  P= 522  D=   1 
 X= 846 X2=1023  Y= 981 Y2=1010 P1=1023 P2=   0 T1=1023 T2= 920  P= 522  D=   1 
 X= 989 X2=1013  Y= 966 Y2=1019 P1=1023 P2=   0 T1=1019 T2= 911  P= 522  D=   1 
 X= 963 X2= 988  Y= 971 Y2=1023 P1=1023 P2=   0 T1=1022 T2= 902  P= 522  D=   1 
 X= 949 X2=1023  Y= 972 Y2=1022 P1=1023 P2=   0 T1=1019 T2= 916  P= 522  D=   1 
 X= 941 X2=1023  Y= 972 Y2=1019 P1=1023 P2=   0 T1=1018 T2= 913  P= 522  D=   1 
 X= 782 X2=1023  Y= 981 Y2=1023 P1=1023 P2=   0 T1=1023 T2= 918  P= 522  D=   1 
 X= 966 X2=1021  Y= 961 Y2=1023 P1=1023 P2=   0 T1=1023 T2= 937  P= 522  D=   1 
 X= 809 X2=1023  Y= 979 Y2=1023 P1=1023 P2=   0 T1=1019 T2= 927  P= 522  D=   1 
 X= 939 X2=1019  Y= 975 Y2=1023 P1=1023 P2=   0 T1=1023 T2= 923  P= 522  D=   1 
 X=1023 X2=1012  Y= 971 Y2=1016 P1=1023 P2=   0 T1=1023 T2= 898  P= 522  D=   1 
 X=1011 X2= 984  Y= 979 Y2=1023 P1=1023 P2=   0 T1=1019 T2= 915  P= 522  D=   1 
 X= 896 X2=1023  Y= 970 Y2=1019 P1=1023 P2=   0 T1=1018 T2= 905  P= 522  D=   1 
 X= 952 X2=1022  Y= 992 Y2=1023 P1=1023 P2=   0 T1=1022 T2= 892  P= 522  D=   1 
 X= 878 X2=1019  Y= 975 Y2=1023 P1=1023 P2=   0 T1=1019 T2= 922  P= 522  D=   1 
 X= 945 X2=1003  Y= 989 Y2=1023 P1=1023 P2=   0 T1=1023 T2= 905  P= 522  D=   1 
 X= 944 X2=1023  Y= 995 Y2=1018 P1=1023 P2=   0 T1=1020 T2= 911  P= 522  D=   1 
 X= 911 X2=1019  Y= 979 Y2=1023 P1=1023 P2=   0 T1=1023 T2= 920  P= 522  D=   1 
 X= 912 X2=1020  Y= 968 Y2=1021 P1=1023 P2=   0 T1=1022 T2= 904  P= 522  D=   1 
 X= 952 X2= 992  Y= 974 Y2=1023 P1=1023 P2=   0 T1=1021 T2= 878  P= 522  D=   1 
 X= 961 X2=1004  Y= 967 Y2=1021 P1=1023 P2=   0 T1=1022 T2= 913  P= 522  D=   1 
 X= 806 X2=1022  Y= 976 Y2=1020 P1=1023 P2=   0 T1=1017 T2= 933  P= 522  D=   1 
 X= 819 X2=1023  Y= 989 Y2=1021 P1=1023 P2=   0 T1=1018 T2= 919  P= 522  D=   1 
 X= 959 X2=1023  Y= 983 Y2=1022 P1=1023 P2=   0 T1=1019 T2= 890  P= 522  D=   1 
 X= 835 X2=1022  Y= 987 Y2=1017 P1=1023 P2=   0 T1=1019 T2= 872  P= 522  D=   1 
 X= 942 X2=1023  Y= 971 Y2=1023 P1=1023 P2=   0 T1=1019 T2= 900  P= 522  D=   1 
 X= 951 X2=1023  Y= 984 Y2=1023 P1=1022 P2=   0 T1=1023 T2= 931  P= 522  D=   1 
 X= 990 X2=1005  Y= 972 Y2=1021 P1=1023 P2=   0 T1=1022 T2= 907  P= 522  D=   1 
 X= 942 X2=1021  Y= 982 Y2=1016 P1=1023 P2=   0 T1=1023 T2= 908  P= 522  D=   1 
 X= 964 X2=1022  Y= 986 Y2=1017 P1=1020 P2=   0 T1=1023 T2= 905  P= 522  D=   1 
 X=1023 X2=1003  Y= 974 Y2=1021 P1=1023 P2=   0 T1=1019 T2= 907  P= 522  D=   1 
 X= 937 X2=1023  Y= 995 Y2=1017 P1=1023 P2=   0 T1=1018 T2= 897  P= 522  D=   1 
 X= 879 X2=1023  Y= 986 Y2=1018 P1=1023 P2=   0 T1=1023 T2= 905  P= 522  D=   1 
 X= 863 X2=1015  Y= 970 Y2=1023 P1=1023 P2=   0 T1=1018 T2= 909  P= 522  D=   1 
 X= 938 X2=1019  Y= 981 Y2=1017 P1=1023 P2=   0 T1=1023 T2= 910  P= 522  D=   1 
 X=1023 X2= 990  Y= 973 Y2=1023 P1=1023 P2=   0 T1=1023 T2= 894  P= 522  D=   1 
 X=1020 X2=1013  Y= 976 Y2=1023 P1=1023 P2=   0 T1=1023 T2= 911  P= 522  D=   1 
 X= 977 X2=1021  Y= 982 Y2=1023 P1=1023 P2=   0 T1=1022 T2= 914  P= 522  D=   1 
 X= 885 X2=1016  Y= 969 Y2=1019 P1=1023 P2=   0 T1=1021 T2= 899  P= 522  D=   1 
 X=1014 X2= 988  Y= 977 Y2=1023 P1=1022 P2=   0 T1=1023 T2= 922  P= 522  D=   1 
 X= 881 X2=1023  Y= 982 Y2=1019 P1=1023 P2=   0 T1=1023 T2= 918  P= 522  D=   1 
 X= 897 X2=1023  Y= 977 Y2=1016 P1=1023 P2=   0 T1=1022 T2= 904  P= 522  D=   1 
 X= 992 X2=1011  Y= 974 Y2=1019 P1=1023 P2=   0 T1=1019 T2= 894  P= 522  D=   1 
 X= 884 X2=1020  Y= 978 Y2=1023 P1=1023 P2=   0 T1=1019 T2= 939  P= 522  D=   1 
 X= 821 X2=1023  Y= 965 Y2=1022 P1=1023 P2=   0 T1=1019 T2= 915  P= 522  D=   1 
 X= 978 X2=1011  Y= 971 Y2=1023 P1=1023 P2=   0 T1=1023 T2= 902  P= 522  D=   1 
 X=1012 X2= 982  Y= 982 Y2=1023 P1=1023 P2=   0 T1=1022 T2= 915  P= 522  D=   1 
 X= 919 X2=1021  Y= 994 Y2=1017 P1=1023 P2=   0 T1=1019 T2= 932  P= 522  D=   1 
 X= 949 X2=1023  Y= 982 Y2=1023 P1=1023 P2=   0 T1=1020 T2= 903  P= 522  D=   1 
 X= 957 X2=1023  Y= 990 Y2=1023 P1=1023 P2=   0 T1=1023 T2= 922  P= 522  D=   1 
 X= 890 X2=1023  Y= 986 Y2=1019 P1=1023 P2=   0 T1=1021 T2= 916  P= 522  D=   1 
 X= 938 X2=1021  Y=1002 Y2=1018 P1=1023 P2=   0 T1=1023 T2= 904  P= 522  D=   1 
 X= 820 X2=1023  Y= 984 Y2=1023 P1=1023 P2=   0 T1=1019 T2= 907  P= 522  D=   1 
 X= 955 X2=1019  Y= 971 Y2=1023 P1=1023 P2=   0 T1=1022 T2= 913  P= 522  D=   1 
 X= 950 X2= 983  Y= 981 Y2=1023 P1=1021 P2=   0 T1=1023 T2= 899  P= 522  D=   1 
 X=1021 X2= 991  Y= 973 Y2=1023 P1=1023 P2=   0 T1=1023 T2= 910  P= 522  D=   1 
 X= 885 X2=1023  Y= 979 Y2=1018 P1=1023 P2=   0 T1=1019 T2= 902  P= 522  D=   1 
 X= 909 X2=1021  Y= 996 Y2=1020 P1=1023 P2=   0 T1=1023 T2= 898  P= 522  D=   1 
 X= 934 X2=1021  Y= 979 Y2=1023 P1=1023 P2=   0 T1=1023 T2= 903  P= 522  D=   1 
 X= 915 X2=1023  Y= 975 Y2=1020 P1=1023 P2=   0 T1=1023 T2= 915  P= 522  D=   1 
 X= 913 X2=1023  Y= 977 Y2=1018 P1=1023 P2=   0 T1=1023 T2= 902  P= 522  D=   1 
 X=1004 X2= 988  Y= 981 Y2=1023 P1=1022 P2=   0 T1=1023 T2= 904  P= 522  D=   1 
 X= 858 X2=1017  Y= 971 Y2=1020 P1=1023 P2=   0 T1=1019 T2= 885  P= 522  D=   1 
 X= 954 X2=1023  Y= 982 Y2=1017 P1=1023 P2=   0 T1=1019 T2= 918  P= 522  D=   1 
 X=1023 X2= 994  Y= 983 Y2=1018 P1=1023 P2=   0 T1=1023 T2= 905  P= 522  D=   1 
 X= 803 X2=1023  Y= 980 Y2=1018 P1=1023 P2=   0 T1=1020 T2= 904  P= 522  D=   1 
 X= 950 X2=1023  Y= 988 Y2=1022 P1=1023 P2=   0 T1=1017 T2= 913  P= 522  D=   1 
 X= 896 X2=1022  Y= 975 Y2=1023 P1=1023 P2=   0 T1=1018 T2= 903  P= 522  D=   1 
 X= 871 X2=1020  Y= 975 Y2=1021 P1=1023 P2=   0 T1=1021 T2= 923  P= 522  D=   1 
 X= 809 X2=1023  Y= 971 Y2=1023 P1=1023 P2=   0 T1=1023 T2= 896  P= 522  D=   1 
 X=1023 X2=1005  Y= 985 Y2=1017 P1=1023 P2=   0 T1=1018 T2= 912  P= 522  D=   1 
 X=1000 X2= 999  Y= 980 Y2=1022 P1=1023 P2=   0 T1=1023 T2= 914  P= 522  D=   1 
 X= 950 X2=1023  Y= 973 Y2=1018 P1=1023 P2=   0 T1=1023 T2= 909  P= 522  D=   1 
 X= 955 X2= 989  Y= 983 Y2=1015 P1=1023 P2=   0 T1=1023 T2= 901  P= 522  D=   1 
 X=1023 X2=1002  Y= 980 Y2=1023 P1=1023 P2=   0 T1=1020 T2= 898  P= 522  D=   1 
 X= 804 X2=1023  Y= 982 Y2=1019 P1=1023 P2=   0 T1=1018 T2= 917  P= 522  D=   1 
 X= 950 X2=1018  Y= 989 Y2=1023 P1=1023 P2=   0 T1=1023 T2= 949  P= 522  D=   1 
 X= 882 X2=1015  Y= 978 Y2=1021 P1=1023 P2=   0 T1=1023 T2= 899  P= 522  D=   1 
 X= 857 X2=1011  Y=1016 Y2=1019 P1=1023 P2=   0 T1=1023 T2=1023  P= 522  D=   1 
 X= 775 X2=1023  Y= 974 Y2=1023 P1=1023 P2=   0 T1=1023 T2= 919  P= 522  D=   1 
 X= 912 X2=1017  Y= 967 Y2=1022 P1=1023 P2=   0 T1=1022 T2= 912  P= 522  D=   1 
 X= 937 X2=1017  Y= 965 Y2=1023 P1=1023 P2=   0 T1=1023 T2= 876  P= 522  D=   1 
 X= 951 X2=1023  Y= 990 Y2=1023 P1=1023 P2=   0 T1=1023 T2= 922  P= 522  D=   1 
 X= 934 X2=1000  Y= 982 Y2=1019 P1=1023 P2=   0 T1=1023 T2= 903  P= 522  D=   1 
 X= 773 X2=1023  Y= 972 Y2=1023 P1=1023 P2=   0 T1=1023 T2= 918  P= 522  D=   1 
 X= 875 X2=1023  Y= 979 Y2=1022 P1=1023 P2=   0 T1=1022 T2= 910  P= 522  D=   1 
 X= 980 X2=1012  Y= 973 Y2=1017 P1=1023 P2=   0 T1=1020 T2= 906  P= 522  D=   1 
 X= 776 X2=1023  Y= 975 Y2=1021 P1=1023 P2=   0 T1=1019 T2= 903  P= 522  D=   1 
 X= 936 X2=1023  Y= 969 Y2=1018 P1=1023 P2=   0 T1=1019 T2= 906  P= 522  D=   1 
 X=1023 X2= 987  Y= 977 Y2=1023 P1=1023 P2=   0 T1=1023 T2= 889  P= 522  D=   1 
 X=1002 X2= 988  Y= 983 Y2=1019 P1=1023 P2=   0 T1=1023 T2= 903  P= 522  D=   1 
 X= 917 X2=1022  Y= 986 Y2=1018 P1=1023 P2=   0 T1=1023 T2= 914  P= 522  D=   1 
 X= 955 X2=1021  Y= 982 Y2=1019 P1=1023 P2=   0 T1=1023 T2= 912  P= 522  D=   1 
 X= 945 X2=1021  Y= 977 Y2=1023 P1=1023 P2=   0 T1=1023 T2= 898  P= 522  D=   1 
 X= 919 X2=1023  Y= 974 Y2=1023 P1=1023 P2=   0 T1=1023 T2= 901  P= 522  D=   1 
 X= 903 X2=1023  Y= 981 Y2=1018 P1=1023 P2=   0 T1=1018 T2= 926  P= 522  D=   1 
 X= 852 X2=1018  Y= 968 Y2=1018 P1=1023 P2=   0 T1=1021 T2= 896  P= 522  D=   1 
 X= 892 X2=1020  Y= 977 Y2=1020 P1=1023 P2=   0 T1=1018 T2= 896  P= 522  D=   1 
 X= 953 X2= 984  Y= 985 Y2=1018 P1=1023 P2=   0 T1=1020 T2= 888  P= 522  D=   1 
 X=1022 X2= 987  Y= 976 Y2=1023 P1=1023 P2=   0 T1=1018 T2= 889  P= 522  D=   1 
 X=1023 X2= 994  Y= 969 Y2=1016 P1=1023 P2=   0 T1=1018 T2= 904  P= 522  D=   1 
 X= 947 X2=1012  Y= 975 Y2=1023 P1=1023 P2=   0 T1=1018 T2= 919  P= 522  D=   1 
 X=1023 X2= 991  Y= 987 Y2=1022 P1=1023 P2=   0 T1=1019 T2= 922  P= 522  D=   1 
 X= 941 X2=1020  Y= 972 Y2=1023 P1=1023 P2=   0 T1=1023 T2= 901  P= 522  D=   1 
 X= 899 X2=1023  Y= 988 Y2=1017 P1=1023 P2=   0 T1=1023 T2= 910  P= 522  D=   1 
 X=1008 X2= 999  Y= 982 Y2=1022 P1=1023 P2=   0 T1=1018 T2= 914  P= 522  D=   1 
 X= 852 X2=1016  Y= 967 Y2=1023 P1=1023 P2=   0 T1=1017 T2= 911  P= 522  D=   1 
 X= 951 X2=1020  Y= 989 Y2=1016 P1=1023 P2=   0 T1=1020 T2= 903  P= 522  D=   1 
 X=1010 X2=1012  Y= 969 Y2=1019 P1=1022 P2=   0 T1=1023 T2= 900  P= 522  D=   1 
 X= 904 X2=1020  Y= 983 Y2=1020 P1=1023 P2=   0 T1=1018 T2= 892  P= 522  D=   1 
 X= 929 X2=1022  Y= 977 Y2=1016 P1=1023 P2=   0 T1=1019 T2= 898  P= 522  D=   1 
 X= 964 X2=1021  Y= 993 Y2=1018 P1=1023 P2=   0 T1=1023 T2= 904  P= 522  D=   1 
 X= 900 X2=1019  Y= 963 Y2=1018 P1=1023 P2=   0 T1=1023 T2= 902  P= 522  D=   1 
 X= 804 X2=1023  Y= 970 Y2=1019 P1=1023 P2=   0 T1=1018 T2= 896  P= 522  D=   1 
 X=1023 X2=1010  Y= 970 Y2=1023 P1=1023 P2=   0 T1=1019 T2= 892  P= 522  D=   1 
 X= 925 X2=1017  Y= 982 Y2=1023 P1=1023 P2=   0 T1=1019 T2= 896  P= 522  D=   1 
 X= 936 X2= 991  Y= 986 Y2=1023 P1=1023 P2=   0 T1=1018 T2= 902  P= 522  D=   1 
 X= 998 X2=1003  Y= 981 Y2=1023 P1=1023 P2=   0 T1=1023 T2= 899  P= 522  D=   1 
 X= 997 X2= 998  Y= 978 Y2=1023 P1=1023 P2=   0 T1=1019 T2= 906  P= 522  D=   1 
 X= 941 X2=1023  Y= 989 Y2=1016 P1=1023 P2=   0 T1=1019 T2= 899  P= 522  D=   1 
 X= 904 X2=1021  Y= 979 Y2=1018 P1=1023 P2=   0 T1=1023 T2= 910  P= 522  D=   1 
 X= 958 X2=1009  Y= 968 Y2=1019 P1=1023 P2=   0 T1=1020 T2= 895  P= 522  D=   1 
 X= 845 X2=1023  Y= 977 Y2=1023 P1=1023 P2=   0 T1=1023 T2= 937  P= 522  D=   1 
 X= 897 X2=1023  Y= 977 Y2=1018 P1=1023 P2=   0 T1=1023 T2= 916  P= 522  D=   1 
 X=1004 X2= 993  Y= 975 Y2=1019 P1=1023 P2=   0 T1=1023 T2= 907  P= 522  D=   1 
 X= 862 X2=1018  Y= 974 Y2=1019 P1=1023 P2=   0 T1=1019 T2= 904  P= 522  D=   1 
 X=1023 X2=1005  Y= 972 Y2=1020 P1=1023 P2=   0 T1=1019 T2= 929  P= 522  D=   1 
 X= 959 X2=1020  Y= 993 Y2=1016 P1=1023 P2=   0 T1=1019 T2= 911  P= 522  D=   1 
 X= 847 X2=1023  Y= 970 Y2=1023 P1=1022 P2=   0 T1=1018 T2= 913  P= 522  D=   1 
 X= 965 X2=1023  Y= 972 Y2=1023 P1=1023 P2=   0 T1=1023 T2= 908  P= 522  D=   1 
 X= 908 X2=1023  Y= 977 Y2=1022 P1=1023 P2=   0 T1=1023 T2= 898  P= 522  D=   1 
 X= 857 X2=1015  Y= 983 Y2=1023 P1=1023 P2=   0 T1=1018 T2= 904  P= 522  D=   1 
 X= 944 X2=1019  Y= 975 Y2=1019 P1=1023 P2=   0 T1=1019 T2= 911  P= 522  D=   1 
 X=1023 X2= 999  Y= 970 Y2=1023 P1=1023 P2=   0 T1=1023 T2= 922  P= 522  D=   1 
 X= 998 X2= 993  Y= 960 Y2=1018 P1=1022 P2=   0 T1=1023 T2= 877  P= 522  D=   1 
 X= 919 X2=1023  Y= 986 Y2=1023 P1=1023 P2=   0 T1=1018 T2= 908  P= 522  D=   1 
 X=1023 X2=1005  Y= 991 Y2=1018 P1=1023 P2=   0 T1=1023 T2= 903  P= 522  D=   1 
 X= 956 X2=1022  Y= 999 Y2=1022 P1=1022 P2=   0 T1=1023 T2= 908  P= 522  D=   1 
 X= 934 X2=1023  Y= 987 Y2=1018 P1=1023 P2=   0 T1=1017 T2= 920  P= 522  D=   1 
 X=1023 X2=1010  Y= 992 Y2=1023 P1=1023 P2=   0 T1=1019 T2= 905  P= 522  D=   1 
 X= 962 X2=1023  Y= 968 Y2=1021 P1=1023 P2=   0 T1=1023 T2= 941  P= 522  D=   1 
 X= 798 X2=1023  Y= 983 Y2=1023 P1=1023 P2=   0 T1=1023 T2= 900  P= 522  D=   1 
 X= 951 X2= 991  Y= 985 Y2=1016 P1=1023 P2=   0 T1=1020 T2= 905  P= 522  D=   1 
 X= 991 X2=1011  Y= 964 Y2=1023 P1=1023 P2=   0 T1=1023 T2= 883  P= 522  D=   1 
 X= 991 X2=1004  Y= 972 Y2=1023 P1=1023 P2=   0 T1=1021 T2= 875  P= 522  D=   1 
 X= 912 X2=1023  Y= 974 Y2=1017 P1=1023 P2=   0 T1=1018 T2= 902  P= 522  D=   1 
 X= 967 X2=1023  Y= 979 Y2=1018 P1=1023 P2=   0 T1=1023 T2= 902  P= 522  D=   1 
 X= 944 X2=1020  Y= 968 Y2=1023 P1=1023 P2=   0 T1=1023 T2= 901  P= 522  D=   1 
 X= 875 X2=1023  Y= 973 Y2=1023 P1=1023 P2=   0 T1=1023 T2= 911  P= 522  D=   1 
 X=1013 X2= 994  Y= 978 Y2=1018 P1=1023 P2=   0 T1=1018 T2= 898  P= 522  D=   1 
 X= 967 X2=1023  Y= 971 Y2=1023 P1=1023 P2=   0 T1=1023 T2= 918  P= 522  D=   1 
 X=1023 X2=1013  Y= 961 Y2=1021 P1=1023 P2=   0 T1=1018 T2= 910  P= 522  D=   1 
 X=1018 X2= 992  Y= 973 Y2=1023 P1=1023 P2=   0 T1=1023 T2= 899  P= 522  D=   1 
 X= 991 X2=1003  Y= 978 Y2=1022 P1=1023 P2=   0 T1=1023 T2= 899  P= 522  D=   1 
 X= 926 X2=1023  Y= 991 Y2=1017 P1=1023 P2=   0 T1=1023 T2= 917  P= 522  D=   1 
 X= 941 X2=1022  Y= 990 Y2=1023 P1=1023 P2=   0 T1=1018 T2= 893  P= 522  D=   1 
 X= 859 X2=1015  Y= 982 Y2=1023 P1=1023 P2=   0 T1=1019 T2= 926  P= 522  D=   1 
 X= 913 X2=1023  Y= 977 Y2=1018 P1=1023 P2=   0 T1=1023 T2= 906  P= 522  D=   1 
 X= 875 X2=1023  Y= 985 Y2=1022 P1=1023 P2=   0 T1=1022 T2= 910  P= 522  D=   1 
 X= 987 X2=1003  Y= 974 Y2=1018 P1=1023 P2=   0 T1=1023 T2= 898  P= 522  D=   1 
 X= 848 X2=1015  Y= 982 Y2=1018 P1=1023 P2=   0 T1=1023 T2= 899  P= 522  D=   1 
 X= 951 X2=1020  Y= 989 Y2=1017 P1=1023 P2=   0 T1=1018 T2= 895  P= 522  D=   1 
 X=1023 X2=1005  Y= 976 Y2=1019 P1=1023 P2=   0 T1=1018 T2= 891  P= 522  D=   1 
 X= 825 X2=1023  Y= 990 Y2=1023 P1=1023 P2=   0 T1=1017 T2= 884  P= 522  D=   1 
 X= 967 X2=1023  Y= 984 Y2=1023 P1=1023 P2=   0 T1=1019 T2= 899  P= 522  D=   1 
 X= 955 X2=1022  Y= 977 Y2=1021 P1=1023 P2=   0 T1=1023 T2= 898  P= 522  D=   1 
 X= 941 X2=1020  Y= 979 Y2=1023 P1=1023 P2=   0 T1=1023 T2= 910  P= 522  D=   1 
 X= 799 X2=1023  Y= 972 Y2=1021 P1=1023 P2=   0 T1=1018 T2= 915  P= 522  D=   1 
 X=1006 X2=1002  Y= 969 Y2=1023 P1=1023 P2=   0 T1=1023 T2= 902  P= 522  D=   1 
 X= 989 X2=1012  Y= 981 Y2=1018 P1=1023 P2=   0 T1=1018 T2= 908  P= 522  D=   1 
 X= 949 X2=1023  Y= 979 Y2=1016 P1=1023 P2=   0 T1=1023 T2= 916  P= 522  D=   1 
 X=1019 X2= 993  Y= 982 Y2=1023 P1=1023 P2=   0 T1=1018 T2= 907  P= 522  D=   1 
 X= 947 X2=1021  Y= 973 Y2=1019 P1=1023 P2=   0 T1=1022 T2= 911  P= 522  D=   1 
 X= 897 X2=1023  Y= 987 Y2=1019 P1=1023 P2=   0 T1=1020 T2= 919  P= 522  D=   1 
 X= 895 X2=1022  Y= 969 Y2=1018 P1=1023 P2=   0 T1=1019 T2= 907  P= 522  D=   1 
 X= 893 X2=1020  Y= 956 Y2=1017 P1=1023 P2=   0 T1=1019 T2= 910  P= 522  D=   1 
 X= 881 X2=1022  Y= 974 Y2=1018 P1=1023 P2=   0 T1=1023 T2= 915  P= 522  D=   1 
 X=1023 X2=1011  Y= 985 Y2=1023 P1=1023 P2=   0 T1=1016 T2= 907  P= 522  D=   1 
 X= 949 X2=1019  Y= 966 Y2=1018 P1=1023 P2=   1 T1=1020 T2= 910  P= 522  D=   1 
 X=1011 X2=1003  Y=1021 Y2=1018 P1=1023 P2=   0 T1=1023 T2=1006  P= 522  D=   1 
 X= 947 X2=1023  Y= 973 Y2=1023 P1=1023 P2=   0 T1=1018 T2= 907  P= 522  D=   1 
 X=1023 X2=1011  Y= 976 Y2=1021 P1=1021 P2=   0 T1=1022 T2= 895  P= 522  D=   1 
 X= 871 X2=1023  Y= 975 Y2=1018 P1=1023 P2=   0 T1=1020 T2= 904  P= 522  D=   1 
 X= 914 X2=1022  Y= 965 Y2=1016 P1=1023 P2=   0 T1=1023 T2= 923  P= 522  D=   1 
 X= 906 X2=1013  Y= 975 Y2=1019 P1=1023 P2=   0 T1=1016 T2= 919  P= 522  D=   1 
 X= 893 X2=1021  Y= 990 Y2=1019 P1=1023 P2=   0 T1=1023 T2= 922  P= 522  D=   1 
 X=1022 X2=1010  Y= 980 Y2=1018 P1=1023 P2=   0 T1=1019 T2= 883  P= 522  D=   1 
 X=1011 X2= 986  Y= 974 Y2=1023 P1=1023 P2=   0 T1=1023 T2= 903  P= 522  D=   1 
 X= 996 X2=1005  Y= 971 Y2=1019 P1=1023 P2=   0 T1=1023 T2= 900  P= 522  D=   1 
 X= 909 X2=1021  Y= 994 Y2=1017 P1=1023 P2=   0 T1=1023 T2= 892  P= 522  D=   1 
 X= 959 X2= 981  Y= 981 Y2=1023 P1=1023 P2=   0 T1=1023 T2= 887  P= 522  D=   1 
 X= 795 X2=1023  Y= 973 Y2=1023 P1=1023 P2=   0 T1=1019 T2= 907  P= 522  D=   1 
 X= 933 X2=1021  Y= 976 Y2=1018 P1=1023 P2=   0 T1=1022 T2= 900  P= 522  D=   1 
 X= 842 X2=1011  Y= 967 Y2=1023 P1=1023 P2=   0 T1=1019 T2= 917  P= 522  D=   1 
 X= 847 X2=1019  Y= 970 Y2=1023 P1=1023 P2=   0 T1=1023 T2= 906  P= 522  D=   1 
 X= 866 X2=1023  Y= 966 Y2=1023 P1=1023 P2=   0 T1=1023 T2= 897  P= 522  D=   1 
 X=1023 X2=1002  Y= 975 Y2=1017 P1=1023 P2=   0 T1=1023 T2= 908  P= 522  D=   1 
 X= 998 X2= 990  Y= 970 Y2=1019 P1=1023 P2=   0 T1=1023 T2= 893  P= 522  D=   1 
 X= 905 X2=1023  Y= 973 Y2=1023 P1=1023 P2=   0 T1=1021 T2= 908  P= 522  D=   1 
 X=1014 X2=1006  Y= 983 Y2=1023 P1=1023 P2=   0 T1=1020 T2= 909  P= 522  D=   1 
 X= 928 X2=1017  Y= 966 Y2=1023 P1=1023 P2=   0 T1=1023 T2= 899  P= 522  D=   1 
 X=1015 X2=1014  Y=1004 Y2=1021 P1=1023 P2=   0 T1=1018 T2= 954  P= 522  D=   1 
 X= 957 X2=1021  Y= 984 Y2=1019 P1=1023 P2=   0 T1=1023 T2= 909  P= 522  D=   1 
 X= 876 X2=1016  Y= 968 Y2=1018 P1=1022 P2=   0 T1=1018 T2= 920  P= 522  D=   1 
 X= 851 X2=1016  Y= 967 Y2=1019 P1=1023 P2=   0 T1=1018 T2= 903  P= 522  D=   1 
 X= 959 X2=1020  Y= 978 Y2=1023 P1=1023 P2=   0 T1=1018 T2= 906  P= 522  D=   1 
 X=1018 X2= 990  Y= 972 Y2=1023 P1=1023 P2=   0 T1=1018 T2= 922  P= 522  D=   1 
 X= 875 X2=1020  Y= 971 Y2=1023 P1=1023 P2=   0 T1=1023 T2= 887  P= 522  D=   1 
 X= 905 X2=1023  Y= 979 Y2=1019 P1=1023 P2=   0 T1=1020 T2= 901  P= 522  D=   1 
 X= 928 X2=1021  Y= 991 Y2=1023 P1=1023 P2=   0 T1=1023 T2= 912  P= 522  D=   1 
 X= 823 X2=1023  Y= 980 Y2=1018 P1=1023 P2=   0 T1=1023 T2= 919  P= 522  D=   1 
 X= 858 X2=1023  Y= 983 Y2=1018 P1=1023 P2=   0 T1=1023 T2= 905  P= 522  D=   1 
 X=1006 X2= 997  Y= 978 Y2=1023 P1=1023 P2=   0 T1=1019 T2= 890  P= 522  D=   1 
 X= 950 X2=1017  Y= 972 Y2=1023 P1=1023 P2=   0 T1=1021 T2= 899  P= 522  D=   1 
 X= 962 X2=1020  Y= 979 Y2=1018 P1=1023 P2=   0 T1=1018 T2= 891  P= 522  D=   1 
 X= 952 X2= 990  Y= 978 Y2=1015 P1=1023 P2=   0 T1=1023 T2= 882  P= 522  D=   1 
 X=1023 X2=1010  Y= 978 Y2=1023 P1=1023 P2=   0 T1=1020 T2= 899  P= 522  D=   1 
 X=1023 X2=1005  Y= 985 Y2=1023 P1=1022 P2=   0 T1=1019 T2= 913  P= 522  D=   1 
 X=1023 X2=1001  Y= 976 Y2=1023 P1=1023 P2=   0 T1=1023 T2= 900  P= 522  D=   1 
 X= 834 X2=1023  Y= 979 Y2=1018 P1=1023 P2=   0 T1=1020 T2= 935  P= 522  D=   1 
 X= 945 X2=1021  Y= 978 Y2=1020 P1=1023 P2=   0 T1=1015 T2=  78  P= 522  D=   1 
 X= 809 X2= 810  Y= 707 Y2= 711 P1= 907 P2= 537 T1=  15 T2=  15  P= 557  D=   1 * 0
 X= 809 X2= 811  Y= 706 Y2= 711 P1= 907 P2= 538 T1=  15 T2=  15  P= 554  D=   1 * 0
 X= 809 X2= 810  Y= 706 Y2= 713 P1= 909 P2= 539 T1=  15 T2=  16  P= 554  D=   1 * 0
 X= 809 X2= 810  Y= 707 Y2= 714 P1= 907 P2= 540 T1=  15 T2=  15  P= 549  D=   1 * 0
 X= 809 X2= 806  Y= 707 Y2= 711 P1= 908 P2= 540 T1=  15 T2=  15  P= 549  D=   1 * 1
 X= 809 X2= 810  Y= 707 Y2= 711 P1= 907 P2= 541 T1=  14 T2=  14  P= 546  D=   1 * 2
 X= 809 X2= 809  Y= 707 Y2= 711 P1= 907 P2= 541 T1=  16 T2=  15  P= 546  D=   1 * 3
 X= 809 X2= 810  Y= 706 Y2= 710 P1= 907 P2= 541 T1=  15 T2=  15  P= 546  D=   1 * 4
 X= 808 X2= 810  Y= 707 Y2= 711 P1= 907 P2= 541 T1=  13 T2=  15  P= 546  D=   1 * 5
 X= 809 X2= 810  Y= 707 Y2= 710 P1= 907 P2= 541 T1=  15 T2=  16  P= 546  D=   1 * 6
 X= 808 X2= 810  Y= 707 Y2= 710 P1= 907 P2= 542 T1=  16 T2=  15  P= 544  D=   1 * 7
 X= 808 X2= 810  Y= 706 Y2= 711 P1= 908 P2= 542 T1=  15 T2=  14  P= 546  D=   1 * 8
 X= 809 X2= 810  Y= 707 Y2= 709 P1= 906 P2= 542 T1=  16 T2=  12  P= 542  D=   1 * 9
 X= 809 X2= 809  Y= 707 Y2= 711 P1= 907 P2= 542 T1=  15 T2=  15  P= 544  D=   1 * 10
 X= 809 X2= 811  Y= 707 Y2= 711 P1= 907 P2= 542 T1=  14 T2=  16  P= 545  D=   1 * 11
 X= 808 X2= 810  Y= 706 Y2= 711 P1= 907 P2= 542 T1=  15 T2=  15  P= 544  D=   1 * 12
 X= 808 X2= 809  Y= 707 Y2= 711 P1= 907 P2= 542 T1=  15 T2=  15  P= 543  D=   1 * 13
 X= 809 X2= 811  Y= 706 Y2= 711 P1= 907 P2= 542 T1=  15 T2=  15  P= 545  D=   1 * 14
 X= 809 X2= 810  Y= 707 Y2= 710 P1= 906 P2= 541 T1=  15 T2=  15  P= 545  D=   1 * 15
 X= 806 X2= 809  Y= 706 Y2= 712 P1= 907 P2= 542 T1=  15 T2=  15  P= 543  D=   1 * 16
 X= 809 X2= 812  Y= 707 Y2= 711 P1= 906 P2= 542 T1=  15 T2=  15  P= 543  D=   1 * 17
 X= 809 X2= 808  Y= 707 Y2= 711 P1= 906 P2= 542 T1=  15 T2=  15  P= 542  D=   1 * 18
 X= 809 X2= 811  Y= 707 Y2= 710 P1= 906 P2= 542 T1=  15 T2=  15  P= 543  D=   1 * 19
 X= 809 X2= 810  Y= 706 Y2= 710 P1= 907 P2= 542 T1=  15 T2=  15  P= 544  D=   1 * 20
 X= 810 X2= 810  Y= 707 Y2= 711 P1= 906 P2= 542 T1=  15 T2=  15  P= 543  D=   1 * 21
 X= 807 X2= 810  Y= 707 Y2= 712 P1= 907 P2= 542 T1=  15 T2=  16  P= 543  D=   1 * 22
 X= 809 X2= 811  Y= 706 Y2= 711 P1= 906 P2= 542 T1=  17 T2=  15  P= 543  D=   1 * 23
 X= 809 X2= 810  Y= 707 Y2= 711 P1= 907 P2= 542 T1=  15 T2=  16  P= 544  D=   1 * 24
Remove Pin
 X= 809 X2= 810  Y= 707 Y2= 711 P1= 907 P2= 542 T1=  15 T2=  16  P= 544  D=   1 * 24
 X= 806 X2= 810  Y= 707 Y2= 711 P1= 907 P2= 542 T1=  15 T2=  16  P= 543  D=   1 * 24
 X= 809 X2= 810  Y= 707 Y2= 711 P1= 907 P2= 542 T1=  15 T2=  16  P= 544  D=   1 * 24
 X= 809 X2= 810  Y= 706 Y2= 711 P1= 906 P2= 543 T1=  15 T2=  15  P= 540  D=   1 * 24
 X= 809 X2= 812  Y= 706 Y2= 711 P1= 907 P2= 542 T1=  15 T2=  17  P= 545  D=   1 * 24
 X= 809 X2= 809  Y= 706 Y2= 711 P1= 907 P2= 543 T1=  13 T2=  15  P= 542  D=   1 * 24
 X= 809 X2= 810  Y= 707 Y2= 711 P1= 907 P2= 542 T1=  14 T2=  17  P= 544  D=   1 * 24
 X= 809 X2= 809  Y= 707 Y2= 709 P1= 907 P2= 542 T1=  15 T2=  15  P= 544  D=   1 * 24
 X= 809 X2= 810  Y= 708 Y2= 711 P1= 906 P2= 543 T1=  14 T2=  16  P= 540  D=   1 * 24
 X= 807 X2= 810  Y= 706 Y2= 711 P1= 907 P2= 542 T1=  15 T2=  15  P= 543  D=   1 * 24
 X= 810 X2= 810  Y= 706 Y2= 711 P1= 907 P2= 543 T1=  15 T2=  15  P= 542  D=   1 * 24
 X= 808 X2= 812  Y= 707 Y2= 711 P1= 907 P2= 543 T1=  15 T2=  16  P= 542  D=   1 * 24
 X= 809 X2= 812  Y= 707 Y2= 711 P1= 907 P2= 543 T1=  15 T2=  14  P= 542  D=   1 * 24
 X= 808 X2= 810  Y= 707 Y2= 711 P1= 906 P2= 545 T1=  15 T2=  14  P= 535  D=   1 * 24
 X= 807 X2= 810  Y= 707 Y2= 711 P1= 907 P2= 544 T1=  15 T2=  16  P= 538  D=   1 * 24
 X= 809 X2= 810  Y= 708 Y2= 711 P1= 908 P2= 538 T1=  15 T2=  15  P= 555  D=   1 * 24
 X= 809 X2= 810  Y= 708 Y2= 711 P1= 909 P2= 533 T1=  16 T2=  15  P= 570  D=   1 * 24
 X= 992 X2=1012  Y= 969 Y2=1023 P1=1023 P2=   0 T1=1023 T2= 881  P= 570  D=   1 
 X= 927 X2=1012  Y= 969 Y2=1019 P1=1023 P2=   0 T1=1021 T2= 893  P= 570  D=   1 
 X= 961 X2=1022  Y= 971 Y2=1023 P1=1023 P2=   0 T1=1019 T2= 876  P= 570  D=   1 
target state=4 point=23,249
 X= 799 X2=1023  Y= 975 Y2=1021 P1=1023 P2=   0 T1=1019 T2= 917  P= 570  D=   1 
 X= 903 X2=1023  Y= 977 Y2=1023 P1=1023 P2=   0 T1=1019 T2= 937  P= 570  D=   1 
 X= 896 X2=1023  Y= 975 Y2=1018 P1=1023 P2=   0 T1=1021 T2= 896  P= 570  D=   1 
 X= 938 X2=1022  Y= 973 Y2=1023 P1=1023 P2=   0 T1=1023 T2= 891  P= 570  D=   1 
 X= 940 X2=1021  Y= 977 Y2=1023 P1=1023 P2=   0 T1=1018 T2= 910  P= 570  D=   1 
 X= 785 X2=1023  Y= 971 Y2=1023 P1=1023 P2=   0 T1=1023 T2= 914  P= 570  D=   1 
 X=1022 X2=1011  Y= 970 Y2=1023 P1=1021 P2=   0 T1=1018 T2= 898  P= 570  D=   1 
 X= 899 X2=1022  Y= 979 Y2=1023 P1=1023 P2=   0 T1=1023 T2= 899  P= 570  D=   1 
 X= 952 X2=1023  Y= 989 Y2=1019 P1=1023 P2=   0 T1=1023 T2= 889  P= 570  D=   1 
 X= 946 X2= 990  Y= 989 Y2=1023 P1=1023 P2=   0 T1=1023 T2= 896  P= 570  D=   1 
 X=1020 X2=1010  Y= 973 Y2=1022 P1=1023 P2=   0 T1=1023 T2= 890  P= 570  D=   1 
 X=1018 X2= 975  Y=1014 Y2=1020 P1=1023 P2=   0 T1=1020 T2=1017  P= 570  D=   1 
 X= 898 X2=1017  Y= 968 Y2=1018 P1=1023 P2=   0 T1=1021 T2= 932  P= 570  D=   1 
 X= 800 X2=1023  Y= 971 Y2=1023 P1=1023 P2=   0 T1=1023 T2= 924  P= 570  D=   1 
 X= 958 X2=1021  Y= 980 Y2=1023 P1=1023 P2=   0 T1=1023 T2= 895  P= 570  D=   1 
 X=1023 X2=1014  Y= 969 Y2=1023 P1=1023 P2=   0 T1=1023 T2= 910  P= 570  D=   1 
 X=1010 X2= 990  Y= 968 Y2=1023 P1=1023 P2=   0 T1=1023 T2= 899  P= 570  D=   1 
 X= 967 X2=1020  Y= 980 Y2=1017 P1=1023 P2=   0 T1=1019 T2= 904  P= 570  D=   1 
 X= 945 X2=1021  Y= 983 Y2=1018 P1=1023 P2=   0 T1=1019 T2= 907  P= 570  D=   1 
 X= 953 X2= 991  Y= 983 Y2=1015 P1=1023 P2=   0 T1=1021 T2= 907  P= 570  D=   1 
 X= 774 X2=1023  Y= 988 Y2=1019 P1=1023 P2=   0 T1=1023 T2= 904  P= 570  D=   1 
 X= 968 X2=1020  Y= 990 Y2=1017 P1=1023 P2=   0 T1=1023 T2= 895  P= 570  D=   1 
 X= 971 X2=1002  Y= 975 Y2=1023 P1=1023 P2=   0 T1=1020 T2= 891  P= 570  D=   1 
 X= 846 X2=1015  Y= 960 Y2=1023 P1=1023 P2=   0 T1=1023 T2= 895  P= 570  D=   1 
 X= 930 X2=1019  Y= 974 Y2=1023 P1=1023 P2=   0 T1=1023 T2= 892  P= 570  D=   1 
 X=1023 X2=1006  Y= 970 Y2=1023 P1=1023 P2=   0 T1=1019 T2= 886  P= 570  D=   1 
 X= 988 X2= 990  Y= 983 Y2=1023 P1=1023 P2=   0 T1=1023 T2= 900  P= 570  D=   1 
 X= 922 X2=1022  Y= 990 Y2=1020 P1=1023 P2=   0 T1=1018 T2= 902  P= 570  D=   1 
 X=1023 X2=1012  Y= 974 Y2=1018 P1=1023 P2=   0 T1=1020 T2= 910  P= 570  D=   1 
 X= 848 X2=1023  Y= 973 Y2=1023 P1=1023 P2=   0 T1=1023 T2= 900  P= 570  D=   1 
 X= 920 X2=1023  Y= 981 Y2=1019 P1=1022 P2=   0 T1=1023 T2= 875  P= 570  D=   1 
 X= 842 X2=1021  Y= 985 Y2=1022 P1=1023 P2=   0 T1=1018 T2= 915  P= 570  D=   1 
 X= 862 X2=1023  Y= 996 Y2=1023 P1=1022 P2=   0 T1=1019 T2= 915  P= 570  D=   1 
 X= 902 X2=1020  Y= 975 Y2=1023 P1=1023 P2=   0 T1=1023 T2= 905  P= 570  D=   1 
 X= 960 X2=1000  Y= 983 Y2=1021 P1=1023 P2=   0 T1=1023 T2= 889  P= 570  D=   1 
 X= 993 X2=1012  Y= 978 Y2=1023 P1=1023 P2=   0 T1=1023 T2= 912  P= 570  D=   1 
 X= 865 X2=1023  Y= 980 Y2=1023 P1=1023 P2=   0 T1=1022 T2= 919  P= 570  D=   1 
 X= 919 X2=1022  Y= 973 Y2=1018 P1=1023 P2=   0 T1=1019 T2= 903  P= 570  D=   1 
 X= 952 X2=1022  Y= 977 Y2=1023 P1=1023 P2=   0 T1=1023 T2= 884  P= 570  D=   1 
 X= 934 X2=1023  Y= 970 Y2=1023 P1=1023 P2=   0 T1=1023 T2= 931  P= 570  D=   1 
 X= 843 X2=1022  Y= 979 Y2=1019 P1=1023 P2=   0 T1=1023 T2= 903  P= 570  D=   1 
 X=1023 X2=1005  Y= 986 Y2=1021 P1=1023 P2=   0 T1=1018 T2= 931  P= 570  D=   1 
 X= 872 X2=1023  Y= 982 Y2=1018 P1=1023 P2=   0 T1=1023 T2= 904  P= 570  D=   1 
 X= 964 X2= 988  Y= 974 Y2=1020 P1=1023 P2=   0 T1=1023 T2= 903  P= 570  D=   1 
 X=1023 X2= 993  Y= 987 Y2=1015 P1=1023 P2=   0 T1=1023 T2= 894  P= 570  D=   1 
 X= 877 X2=1023  Y= 971 Y2=1019 P1=1023 P2=   0 T1=1020 T2= 890  P= 570  D=   1 
 X= 904 X2=1023  Y= 978 Y2=1021 P1=1023 P2=   0 T1=1023 T2= 926  P= 570  D=   1 
 X= 901 X2=1023  Y= 968 Y2=1023 P1=1023 P2=   0 T1=1018 T2= 900  P= 570  D=   1 
 X= 932 X2=1017  Y= 969 Y2=1023 P1=1023 P2=   0 T1=1019 T2= 908  P= 570  D=   1 
 X=1023 X2=1019  Y= 980 Y2=1023 P1=1023 P2=   0 T1=1019 T2= 919  P= 570  D=   1 
 X= 916 X2=1021  Y= 977 Y2=1023 P1=1023 P2=   0 T1=1023 T2= 895  P= 570  D=   1 
 X= 884 X2=1020  Y= 976 Y2=1019 P1=1023 P2=   0 T1=1018 T2= 916  P= 570  D=   1 
 X= 961 X2=1020  Y= 989 Y2=1016 P1=1023 P2=   0 T1=1023 T2= 910  P= 570  D=   1 
 X= 968 X2=1001  Y= 972 Y2=1019 P1=1023 P2=   0 T1=1022 T2= 907  P= 570  D=   1 
 X=1023 X2=1012  Y= 978 Y2=1023 P1=1023 P2=   0 T1=1019 T2= 902  P= 570  D=   1 
 X= 886 X2=1023  Y= 984 Y2=1019 P1=1023 P2=   0 T1=1019 T2= 913  P= 570  D=   1 
 X= 951 X2= 988  Y= 974 Y2=1019 P1=1023 P2=   0 T1=1022 T2= 896  P= 570  D=   1 
 X= 238 X2= 240  Y= 703 Y2= 698 P1= 832 P2= 238 T1=  22 T2=  23  P= 596  D=   1 * 0
 X= 237 X2= 240  Y= 704 Y2= 699 P1= 831 P2= 239 T1=  22 T2=  23  P= 589  D=   1 * 0
 X= 237 X2= 240  Y= 703 Y2= 699 P1= 830 P2= 241 T1=  21 T2=  22  P= 581  D=   1 * 0
 X= 236 X2= 239  Y= 703 Y2= 700 P1= 830 P2= 241 T1=  21 T2=  21  P= 578  D=   1 * 0
 X= 237 X2= 240  Y= 703 Y2= 699 P1= 831 P2= 239 T1=  22 T2=  22  P= 589  D=   1 * 1
 X= 237 X2= 240  Y= 703 Y2= 699 P1= 830 P2= 242 T1=  22 T2=  22  P= 578  D=   1 * 2
 X= 237 X2= 241  Y= 704 Y2= 700 P1= 829 P2= 242 T1=  21 T2=  21  P= 579  D=   1 * 3
 X= 237 X2= 239  Y= 704 Y2= 700 P1= 829 P2= 242 T1=  21 T2=  22  P= 577  D=   1 * 4
 X= 236 X2= 240  Y= 703 Y2= 700 P1= 828 P2= 244 T1=  21 T2=  22  P= 569  D=   1 * 5
 X= 237 X2= 240  Y= 704 Y2= 700 P1= 828 P2= 243 T1=  22 T2=  22  P= 572  D=   1 * 6
 X= 237 X2= 239  Y= 704 Y2= 699 P1= 828 P2= 243 T1=  22 T2=  23  P= 572  D=   1 * 7
 X= 236 X2= 241  Y= 704 Y2= 699 P1= 828 P2= 242 T1=  22 T2=  22  P= 576  D=   1 * 8
 X= 237 X2= 239  Y= 704 Y2= 699 P1= 828 P2= 244 T1=  22 T2=  22  P= 569  D=   1 * 9
 X= 237 X2= 239  Y= 704 Y2= 699 P1= 828 P2= 243 T1=  23 T2=  22  P= 572  D=   1 * 10
 X= 237 X2= 240  Y= 705 Y2= 699 P1= 828 P2= 243 T1=  22 T2=  22  P= 572  D=   1 * 11
 X= 236 X2= 239  Y= 704 Y2= 701 P1= 828 P2= 244 T1=  22 T2=  21  P= 567  D=   1 * 12
 X= 237 X2= 240  Y= 703 Y2= 700 P1= 828 P2= 244 T1=  19 T2=  21  P= 569  D=   1 * 13
 X= 236 X2= 238  Y= 703 Y2= 699 P1= 827 P2= 244 T1=  25 T2=  21  P= 566  D=   1 * 14
 X= 237 X2= 239  Y= 705 Y2= 699 P1= 827 P2= 244 T1=  22 T2=  23  P= 568  D=   1 * 15
 X= 237 X2= 239  Y= 704 Y2= 700 P1= 828 P2= 244 T1=  22 T2=  22  P= 569  D=   1 * 16
 X= 237 X2= 239  Y= 701 Y2= 699 P1= 828 P2= 244 T1=  22 T2=  22  P= 569  D=   1 * 17
 X= 237 X2= 237  Y= 703 Y2= 700 P1= 827 P2= 244 T1=  22 T2=  22  P= 566  D=   1 * 18
 X= 236 X2= 238  Y= 703 Y2= 700 P1= 828 P2= 244 T1=  22 T2=  22  P= 567  D=   1 * 19
 X= 237 X2= 240  Y= 704 Y2= 699 P1= 828 P2= 244 T1=  22 T2=  22  P= 569  D=   1 * 20
 X= 237 X2= 240  Y= 704 Y2= 699 P1= 827 P2= 244 T1=  22 T2=  21  P= 568  D=   1 * 21
 X= 235 X2= 240  Y= 704 Y2= 699 P1= 827 P2= 244 T1=  22 T2=  22  P= 566  D=   1 * 22
 X= 237 X2= 239  Y= 703 Y2= 699 P1= 827 P2= 244 T1=  22 T2=  22  P= 568  D=   1 * 23
 X= 237 X2= 239  Y= 704 Y2= 700 P1= 828 P2= 244 T1=  22 T2=  22  P= 569  D=   1 * 24
Remove Pin
 X= 237 X2= 238  Y= 704 Y2= 699 P1= 828 P2= 244 T1=  22 T2=  22  P= 567  D=   1 * 24
 X= 238 X2= 238  Y= 707 Y2= 700 P1= 827 P2= 244 T1=  22 T2=  21  P= 568  D=   1 * 24
 X= 236 X2= 237  Y= 702 Y2= 698 P1= 826 P2= 244 T1=  22 T2=  22  P= 562  D=   1 * 24
 X= 237 X2= 239  Y= 704 Y2= 699 P1= 827 P2= 244 T1=  22 T2=  21  P= 568  D=   1 * 24
 X= 237 X2= 239  Y= 704 Y2= 700 P1= 827 P2= 245 T1=  22 T2=  22  P= 565  D=   1 * 24
 X= 237 X2= 240  Y= 704 Y2= 700 P1= 827 P2= 244 T1=  22 T2=  22  P= 568  D=   1 * 24
 X= 236 X2= 239  Y= 704 Y2= 699 P1= 827 P2= 244 T1=  22 T2=  23  P= 566  D=   1 * 24
 X= 236 X2= 239  Y= 704 Y2= 699 P1= 828 P2= 244 T1=  22 T2=  23  P= 567  D=   1 * 24
 X= 238 X2= 238  Y= 703 Y2= 700 P1= 828 P2= 245 T1=  22 T2=  20  P= 566  D=   1 * 24
 X= 236 X2= 239  Y= 705 Y2= 699 P1= 829 P2= 244 T1=  22 T2=  21  P= 568  D=   1 * 24
 X= 236 X2= 239  Y= 704 Y2= 699 P1= 828 P2= 245 T1=  22 T2=  22  P= 563  D=   1 * 24
 X= 237 X2= 239  Y= 704 Y2= 699 P1= 828 P2= 244 T1=  21 T2=  23  P= 569  D=   1 * 24
 X= 236 X2= 239  Y= 704 Y2= 700 P1= 828 P2= 244 T1=  22 T2=  23  P= 567  D=   1 * 24
 X= 237 X2= 239  Y= 704 Y2= 700 P1= 828 P2= 244 T1=  24 T2=  22  P= 569  D=   1 * 24
 X= 237 X2= 241  Y= 705 Y2= 699 P1= 827 P2= 244 T1=  22 T2=  22  P= 570  D=   1 * 24
 X= 236 X2= 239  Y= 704 Y2= 700 P1= 828 P2= 244 T1=  21 T2=  21  P= 567  D=   1 * 24
 X= 237 X2= 238  Y= 703 Y2= 700 P1= 827 P2= 244 T1=  23 T2=  22  P= 566  D=   1 * 24
 X= 236 X2= 238  Y= 704 Y2= 699 P1= 828 P2= 245 T1=  22 T2=  22  P= 563  D=   1 * 24
 X= 237 X2= 239  Y= 704 Y2= 699 P1= 828 P2= 244 T1=  21 T2=  20  P= 569  D=   1 * 24
 X= 236 X2= 238  Y= 703 Y2= 699 P1= 827 P2= 244 T1=  22 T2=  21  P= 566  D=   1 * 24
 X= 236 X2= 239  Y= 704 Y2= 699 P1= 827 P2= 244 T1=  22 T2=  21  P= 566  D=   1 * 24
 X= 237 X2= 239  Y= 703 Y2= 696 P1= 827 P2= 244 T1=  22 T2=  22  P= 568  D=   1 * 24
 X= 237 X2= 237  Y= 704 Y2= 699 P1= 833 P2= 236 T1=  23 T2=  23  P= 599  D=   1 * 24
 X= 939 X2= 992  Y= 968 Y2=1013 P1=1023 P2=   0 T1=1023 T2= 895  P= 599  D=   1 
 X=1023 X2=1002  Y= 985 Y2=1023 P1=1022 P2=   0 T1=1017 T2= 885  P= 599  D=   1 
 X= 872 X2=1023  Y= 979 Y2=1022 P1=1022 P2=   0 T1=1023 T2= 902  P= 599  D=   1 
Target Noise  x= 2.50 y= 2.50
X[0]: Target=240   526/ 527/ 528 Stdev= 0.62 N= 24  Y[0]: Target=136   515/ 517/ 518 Stdev= 0.59 N= 24
X[1]: Target= 23   237/ 238/ 239 Stdev= 0.43 N= 24  Y[1]: Target= 22   321/ 322/ 323 Stdev= 0.66 N= 24
X[2]: Target=456   810/ 811/ 812 Stdev= 0.53 N= 24  Y[2]: Target= 22   327/ 328/ 329 Stdev= 0.51 N= 24
X[3]: Target=456   807/ 809/ 810 Stdev= 0.82 N= 24  Y[3]: Target=249   708/ 709/ 710 Stdev= 0.56 N= 24
X[4]: Target= 23   237/ 238/ 239 Stdev= 0.49 N= 24  Y[4]: Target=249   700/ 701/ 702 Stdev= 0.51 N= 24
N=24 Avg=18
min: 16 17 18 18 18 18 
max: 20 20 19 19 19 19 
N=24 Avg=21
min: 20 21 22 22 22 22 
max: 23 22 22 22 22 22 
N=24 Avg=14
min: 13 13 13 14 14 14 
max: 16 15 15 15 15 15 
N=24 Avg=14
min: 14 14 14 14 15 15 
max: 16 15 15 15 15 15 
N=24 Avg=21
min: 20 21 21 21 21 21 
max: 23 22 22 22 22 22 
Using TNT center offset = 19
TNT Plane Coef: a= -801 b=   -2 c= 395467
At  526, 517: Real=  19 Fit=  19 Offset=   0
At  238, 321: Real=  22 Fit=  22 Offset=   3
At  810, 327: Real=  15 Fit=  16 Offset=  -3
At  808, 708: Real=  15 Fit=  16 Offset=  -3
At  237, 701: Real=  22 Fit=  22 Offset=   3
Fit Points: 19, 25, 14, 14, 25,  center: 19
Setting for min_tnt_up:   521
Setting for max_tnt_down: 24 (V2:36)
Entering calib_pressure_mfg
Using default pressure curve
468 471 487 495 509 524 553 575 612 
Summary:
Setting for max_tnt_down:      24
3.7 setting for max_tnt_down:     -1
Setting for min_tnt_up:       521
Setting for max_delta_tnt:      5
3.8 setting for max_delta_tnt:     -1
Setting for delay_in_us:        1
Setting for y_delay_in_us:      1
Setting for tnt_delay_in_us:    1
Setting for pressure_curve:  468 471 487 495 509 524 553 575 612
Setting for tnt_mode:           1
Setting for averaging:         -1
Setting for pointercal:      49608 130 -10341502 -410 39148 -11027000 65536
Setting for tnt_plane:       -801 -2 395467
