new-calib: New touch screen calibration program v3.12
Serial Number='15091E00010B060201E0'
Using tnt_mode=1
Setting for delay_in_us:        1
Setting for y_delay_in_us:      1
Setting for tnt_delay_in_us:    1
Setting for max_delta_tnt:      5
Setting for tnt_mode:           1
Setting for averaging:         -1
Entering get_four_points
target_noise  x= 2.50 y= 2.50 t= 2.50
target state=0 point=23,22
 X= 992 X2=  -1  Y= 966 Y2=1018 P1=  -1 P2=  -1 T1=1023 T2= 935  P=  -1  D=  -1 
 X= 998 X2= 984  Y= 976 Y2=1021 P1=  -1 P2=  -1 T1=1023 T2= 903  P=  -1  D=  -1 
 X= 821 X2=1023  Y= 978 Y2=1018 P1=  -1 P2=  -1 T1=1023 T2= 930  P=  -1  D=  -1 
 X= 904 X2=1023  Y= 969 Y2=1018 P1=  -1 P2=  -1 T1=1019 T2= 892  P=  -1  D=  -1 
 X= 956 X2=1023  Y= 989 Y2=1017 P1=  -1 P2=  -1 T1=1023 T2= 896  P=  -1  D=  -1 
 X=1008 X2=1000  Y= 961 Y2=1017 P1=  -1 P2=  -1 T1=1023 T2= 910  P=  -1  D=  -1 
 X= 904 X2=1019  Y= 963 Y2=1023 P1=  -1 P2=  -1 T1=1023 T2= 926  P=  -1  D=  -1 
 X= 913 X2=1022  Y= 981 Y2=1018 P1=  -1 P2=  -1 T1=1023 T2= 907  P=  -1  D=  -1 
 X= 958 X2= 974  Y= 967 Y2=1016 P1=  -1 P2=  -1 T1=1023 T2= 903  P=  -1  D=  -1 
 X=1023 X2=1013  Y= 976 Y2=1018 P1=  -1 P2=  -1 T1=1023 T2= 888  P=  -1  D=  -1 
 X= 888 X2=1023  Y= 976 Y2=1017 P1=  -1 P2=  -1 T1=1021 T2= 904  P=  -1  D=  -1 
 X= 956 X2=1021  Y= 981 Y2=1017 P1=  -1 P2=  -1 T1=1018 T2= 896  P=  -1  D=  -1 
 X= 882 X2=1019  Y= 978 Y2=1023 P1=  -1 P2=  -1 T1=1023 T2= 902  P=  -1  D=  -1 
 X= 937 X2=1021  Y= 977 Y2=1023 P1=  -1 P2=  -1 T1=1018 T2= 888  P=  -1  D=  -1 
 X=1023 X2= 990  Y= 979 Y2=1017 P1=  -1 P2=  -1 T1=1023 T2= 912  P=  -1  D=  -1 
 X=1001 X2= 993  Y= 973 Y2=1018 P1=  -1 P2=  -1 T1=1020 T2= 877  P=  -1  D=  -1 
 X= 851 X2=1015  Y= 982 Y2=1023 P1=  -1 P2=  -1 T1=1018 T2= 915  P=  -1  D=  -1 
 X=1023 X2=1004  Y= 991 Y2=1017 P1=  -1 P2=  -1 T1=1023 T2= 904  P=  -1  D=  -1 
 X= 946 X2=1013  Y=1023 Y2=1023 P1=  -1 P2=  -1 T1=1017 T2=1012  P=  -1  D=  -1 
 X=1019 X2= 985  Y= 989 Y2=1016 P1=  -1 P2=  -1 T1=1023 T2= 911  P=  -1  D=  -1 
 X= 955 X2=1023  Y= 975 Y2=1017 P1=  -1 P2=  -1 T1=1023 T2= 896  P=  -1  D=  -1 
 X= 889 X2=1016  Y= 970 Y2=1019 P1=  -1 P2=  -1 T1=1023 T2= 922  P=  -1  D=  -1 
 X= 911 X2=1019  Y= 971 Y2=1023 P1=  -1 P2=  -1 T1=1018 T2= 913  P=  -1  D=  -1 
 X= 907 X2=1023  Y= 977 Y2=1023 P1=  -1 P2=  -1 T1=1018 T2= 955  P=  -1  D=  -1 
 X= 899 X2=1019  Y= 975 Y2=1021 P1=  -1 P2=  -1 T1=1020 T2= 917  P=  -1  D=  -1 
 X= 991 X2=1012  Y= 984 Y2=1023 P1=  -1 P2=  -1 T1=1018 T2= 912  P=  -1  D=  -1 
 X= 950 X2=1022  Y= 980 Y2=1022 P1=  -1 P2=  -1 T1=1019 T2= 903  P=  -1  D=  -1 
 X= 954 X2=1023  Y= 980 Y2=1023 P1=  -1 P2=  -1 T1=1021 T2= 911  P=  -1  D=  -1 
 X= 942 X2=1023  Y= 977 Y2=1020 P1=  -1 P2=  -1 T1=1019 T2= 903  P=  -1  D=  -1 
 X= 785 X2=1023  Y= 976 Y2=1019 P1=  -1 P2=  -1 T1=1022 T2= 921  P=  -1  D=  -1 
 X= 894 X2=1023  Y= 962 Y2=1018 P1=  -1 P2=  -1 T1=1023 T2= 909  P=  -1  D=  -1 
 X= 947 X2=1023  Y= 975 Y2=1023 P1=  -1 P2=  -1 T1=1018 T2= 924  P=  -1  D=  -1 
 X= 950 X2=1020  Y= 967 Y2=1023 P1=  -1 P2=  -1 T1=1017 T2= 920  P=  -1  D=  -1 
 X=1023 X2=1000  Y= 977 Y2=1021 P1=  -1 P2=  -1 T1=1023 T2= 900  P=  -1  D=  -1 
 X=1018 X2=1012  Y= 970 Y2=1018 P1=  -1 P2=  -1 T1=1018 T2= 904  P=  -1  D=  -1 
 X= 915 X2=1023  Y= 982 Y2=1022 P1=  -1 P2=  -1 T1=1018 T2= 912  P=  -1  D=  -1 
 X= 965 X2=1023  Y= 984 Y2=1018 P1=  -1 P2=  -1 T1=1018 T2= 937  P=  -1  D=  -1 
 X= 952 X2=1019  Y= 978 Y2=1022 P1=  -1 P2=  -1 T1=1019 T2= 920  P=  -1  D=  -1 
 X= 911 X2=1023  Y= 985 Y2=1023 P1=  -1 P2=  -1 T1=1023 T2= 902  P=  -1  D=  -1 
 X= 889 X2=1023  Y= 971 Y2=1015 P1=  -1 P2=  -1 T1=1023 T2= 888  P=  -1  D=  -1 
 X= 986 X2= 998  Y= 984 Y2=1021 P1=  -1 P2=  -1 T1=1023 T2= 902  P=  -1  D=  -1 
 X= 850 X2=1012  Y= 979 Y2=1023 P1=  -1 P2=  -1 T1=1017 T2= 912  P=  -1  D=  -1 
 X= 957 X2= 972  Y= 972 Y2=1017 P1=  -1 P2=  -1 T1=1023 T2= 904  P=  -1  D=  -1 
 X=1023 X2=1003  Y= 972 Y2=1018 P1=  -1 P2=  -1 T1=1019 T2= 894  P=  -1  D=  -1 
 X=1023 X2= 984  Y= 981 Y2=1023 P1=  -1 P2=  -1 T1=1020 T2= 895  P=  -1  D=  -1 
 X= 895 X2=1023  Y= 964 Y2=1019 P1=  -1 P2=  -1 T1=1023 T2= 903  P=  -1  D=  -1 
 X= 905 X2=1019  Y= 973 Y2=1023 P1=  -1 P2=  -1 T1=1018 T2= 915  P=  -1  D=  -1 
 X= 796 X2=1023  Y= 972 Y2=1023 P1=  -1 P2=  -1 T1=1019 T2= 904  P=  -1  D=  -1 
 X= 949 X2=1012  Y= 983 Y2=1017 P1=  -1 P2=  -1 T1=1023 T2= 899  P=  -1  D=  -1 
 X= 999 X2=1010  Y= 973 Y2=1023 P1=  -1 P2=  -1 T1=1023 T2= 898  P=  -1  D=  -1 
 X= 983 X2=1010  Y= 968 Y2=1021 P1=  -1 P2=  -1 T1=1023 T2= 910  P=  -1  D=  -1 
 X= 946 X2=1016  Y= 981 Y2=1023 P1=  -1 P2=  -1 T1=1018 T2= 881  P=  -1  D=  -1 
 X= 996 X2=1007  Y= 967 Y2=1023 P1=  -1 P2=  -1 T1=1019 T2= 900  P=  -1  D=  -1 
 X=1021 X2=1013  Y= 975 Y2=1023 P1=  -1 P2=  -1 T1=1023 T2= 907  P=  -1  D=  -1 
 X= 852 X2=1023  Y= 971 Y2=1018 P1=  -1 P2=  -1 T1=1019 T2= 891  P=  -1  D=  -1 
 X= 890 X2=1023  Y= 980 Y2=1023 P1=  -1 P2=  -1 T1=1023 T2= 891  P=  -1  D=  -1 
 X= 917 X2=1023  Y= 972 Y2=1017 P1=  -1 P2=  -1 T1=1023 T2= 914  P=  -1  D=  -1 
 X= 797 X2=1023  Y= 979 Y2=1023 P1=  -1 P2=  -1 T1=1023 T2= 922  P=  -1  D=  -1 
 X= 929 X2=1023  Y= 974 Y2=1016 P1=  -1 P2=  -1 T1=1022 T2= 903  P=  -1  D=  -1 
 X= 850 X2=1017  Y= 955 Y2=1023 P1=  -1 P2=  -1 T1=1018 T2= 896  P=  -1  D=  -1 
 X= 971 X2=1012  Y= 962 Y2=1021 P1=  -1 P2=  -1 T1=1015 T2= 896  P=  -1  D=  -1 
 X= 953 X2=1023  Y= 988 Y2=1018 P1=  -1 P2=  -1 T1=1019 T2= 900  P=  -1  D=  -1 
 X= 964 X2=1022  Y= 980 Y2=1016 P1=  -1 P2=  -1 T1=1019 T2= 905  P=  -1  D=  -1 
 X= 829 X2=1023  Y= 980 Y2=1021 P1=  -1 P2=  -1 T1=1023 T2= 904  P=  -1  D=  -1 
 X= 850 X2=1023  Y= 980 Y2=1023 P1=  -1 P2=  -1 T1=1022 T2= 901  P=  -1  D=  -1 
 X= 944 X2=1021  Y= 986 Y2=1023 P1=  -1 P2=  -1 T1=1023 T2= 912  P=  -1  D=  -1 
 X= 836 X2=1023  Y= 981 Y2=1021 P1=  -1 P2=  -1 T1=1020 T2= 898  P=  -1  D=  -1 
 X= 995 X2=1023  Y= 980 Y2=1018 P1=  -1 P2=  -1 T1=1020 T2= 904  P=  -1  D=  -1 
 X= 937 X2=1011  Y= 962 Y2=1017 P1=  -1 P2=  -1 T1=1018 T2= 903  P=  -1  D=  -1 
 X=1000 X2=1000  Y= 970 Y2=1018 P1=  -1 P2=  -1 T1=1019 T2= 927  P=  -1  D=  -1 
 X= 938 X2=1023  Y= 992 Y2=1017 P1=  -1 P2=  -1 T1=1017 T2= 888  P=  -1  D=  -1 
 X= 930 X2=1020  Y= 983 Y2=1022 P1=  -1 P2=  -1 T1=1023 T2= 911  P=  -1  D=  -1 
 X=1023 X2=1003  Y= 978 Y2=1022 P1=  -1 P2=  -1 T1=1017 T2= 920  P=  -1  D=  -1 
 X=1019 X2=1011  Y= 974 Y2=1023 P1=  -1 P2=  -1 T1=1018 T2= 910  P=  -1  D=  -1 
 X= 898 X2=1023  Y= 977 Y2=1023 P1=  -1 P2=  -1 T1=1019 T2= 911  P=  -1  D=  -1 
 X= 980 X2=1012  Y= 975 Y2=1023 P1=  -1 P2=  -1 T1=1020 T2= 921  P=  -1  D=  -1 
 X= 977 X2=1006  Y= 981 Y2=1021 P1=  -1 P2=  -1 T1=1023 T2= 923  P=  -1  D=  -1 
 X= 994 X2=1011  Y= 968 Y2=1023 P1=1020 P2=  -1 T1=1023 T2= 890  P=  -1  D=  -1 
 X= 986 X2=1004  Y= 975 Y2=1023 P1=1023 P2=  -1 T1=1023 T2= 904  P=  -1  D=  -1 
 X= 958 X2=1021  Y= 975 Y2=1023 P1=1023 P2=  -1 T1=1023 T2= 886  P=  -1  D=  -1 
 X=1022 X2=1012  Y= 974 Y2=1023 P1=1023 P2=  -1 T1=1019 T2= 898  P=  -1  D=  -1 
 X= 959 X2=1023  Y= 986 Y2=1017 P1=1023 P2=  -1 T1=1023 T2= 877  P=  -1  D=  -1 
 X= 789 X2=1023  Y= 977 Y2=1023 P1=1023 P2=  -1 T1=1018 T2= 907  P=  -1  D=  -1 
 X= 890 X2=1023  Y= 975 Y2=1018 P1=1023 P2=  -1 T1=1023 T2= 925  P=  -1  D=  -1 
 X=1016 X2=1011  Y= 971 Y2=1023 P1=1022 P2=  -1 T1=1023 T2= 903  P=  -1  D=  -1 
 X= 893 X2=1015  Y= 983 Y2=1023 P1=1023 P2=  -1 T1=1023 T2= 890  P=  -1  D=  -1 
 X= 941 X2= 974  Y= 970 Y2=1023 P1=1023 P2=  -1 T1=1022 T2= 907  P=  -1  D=  -1 
 X=1001 X2=1004  Y= 983 Y2=1017 P1=1023 P2=  -1 T1=1023 T2= 894  P=  -1  D=  -1 
 X= 994 X2=1000  Y= 981 Y2=1021 P1=1023 P2=  -1 T1=1019 T2= 913  P=  -1  D=  -1 
 X= 918 X2=1023  Y= 983 Y2=1021 P1=1023 P2=  -1 T1=1023 T2= 907  P=  -1  D=  -1 
 X= 959 X2=1020  Y= 985 Y2=1017 P1=1023 P2=  -1 T1=1021 T2= 915  P=  -1  D=  -1 
 X= 915 X2=1019  Y= 970 Y2=1021 P1=1023 P2=  -1 T1=1023 T2= 898  P=  -1  D=  -1 
 X= 784 X2=1023  Y= 982 Y2=1023 P1=1023 P2=  -1 T1=1017 T2= 906  P=  -1  D=  -1 
 X=1011 X2=1014  Y= 981 Y2=1023 P1=1023 P2=  -1 T1=1018 T2= 874  P=  -1  D=  -1 
 X= 910 X2=1016  Y= 971 Y2=1020 P1=1023 P2=  -1 T1=1018 T2= 916  P=  -1  D=  -1 
 X= 861 X2=1018  Y= 969 Y2=1023 P1=1023 P2=  -1 T1=1018 T2= 893  P=  -1  D=  -1 
 X= 962 X2= 986  Y= 955 Y2=1018 P1=1023 P2=  -1 T1=1023 T2= 905  P=  -1  D=  -1 
 X= 965 X2=1023  Y= 973 Y2=1023 P1=1023 P2=  -1 T1=1023 T2= 911  P=  -1  D=  -1 
 X= 966 X2=1017  Y= 982 Y2=1023 P1=1023 P2=  -1 T1=1020 T2= 927  P=  -1  D=  -1 
 X= 944 X2=1021  Y= 984 Y2=1018 P1=1023 P2=  -1 T1=1023 T2= 902  P=  -1  D=  -1 
 X= 962 X2=1023  Y= 967 Y2=1019 P1=1023 P2=  -1 T1=1023 T2= 897  P=  -1  D=  -1 
 X= 871 X2=1023  Y= 971 Y2=1021 P1=1023 P2=  -1 T1=1023 T2= 898  P=  -1  D=  -1 
 X= 836 X2=1023  Y= 978 Y2=1023 P1=1023 P2=  -1 T1=1023 T2= 896  P=  -1  D=  -1 
 X=1000 X2=1001  Y= 974 Y2=1023 P1=1023 P2=  -1 T1=1023 T2= 901  P=  -1  D=  -1 
 X= 975 X2=1005  Y= 970 Y2=1021 P1=1023 P2=  -1 T1=1020 T2= 893  P=  -1  D=  -1 
 X= 911 X2=1022  Y= 970 Y2=1023 P1=1023 P2=  -1 T1=1018 T2= 876  P=  -1  D=  -1 
 X= 964 X2= 994  Y= 977 Y2=1023 P1=1023 P2=  -1 T1=1023 T2= 879  P=  -1  D=  -1 
 X= 849 X2=1018  Y= 980 Y2=1019 P1=1023 P2=  -1 T1=1023 T2= 900  P=  -1  D=  -1 
 X= 951 X2=1022  Y= 964 Y2=1018 P1=1023 P2=  -1 T1=1019 T2= 898  P=  -1  D=  -1 
 X= 944 X2=1023  Y= 987 Y2=1017 P1=1023 P2=  -1 T1=1017 T2= 891  P=  -1  D=  -1 
 X= 873 X2=1016  Y= 965 Y2=1023 P1=1023 P2=  -1 T1=1022 T2= 888  P=  -1  D=  -1 
 X= 801 X2=1023  Y= 963 Y2=1023 P1=1023 P2=  -1 T1=1019 T2= 908  P=  -1  D=  -1 
 X=1023 X2= 989  Y= 970 Y2=1017 P1=1023 P2=  -1 T1=1023 T2= 876  P=  -1  D=  -1 
 X= 997 X2=1000  Y= 992 Y2=1021 P1=1023 P2=  -1 T1=1023 T2= 912  P=  -1  D=  -1 
 X= 938 X2=1022  Y= 982 Y2=1017 P1=1023 P2=  -1 T1=1023 T2= 915  P=  -1  D=  -1 
 X=1023 X2=1006  Y= 971 Y2=1021 P1=1022 P2=  -1 T1=1020 T2= 893  P=  -1  D=  -1 
 X=1023 X2=1004  Y= 972 Y2=1023 P1=1023 P2=  -1 T1=1023 T2= 895  P=  -1  D=  -1 
 X= 873 X2=1021  Y= 980 Y2=1018 P1=1023 P2=  -1 T1=1017 T2= 914  P=  -1  D=  -1 
 X= 924 X2=1023  Y= 974 Y2=1019 P1=1023 P2=  -1 T1=1020 T2= 920  P=  -1  D=  -1 
 X= 987 X2=1023  Y=1018 Y2=1018 P1=1023 P2=  -1 T1=1020 T2=1017  P=  -1  D=  -1 
 X=1023 X2=1006  Y= 986 Y2=1023 P1=1023 P2=  -1 T1=1023 T2= 905  P=  -1  D=  -1 
 X=1008 X2= 992  Y= 979 Y2=1018 P1=1023 P2=  -1 T1=1023 T2= 917  P=  -1  D=  -1 
 X= 960 X2=1023  Y= 976 Y2=1020 P1=1023 P2=  -1 T1=1018 T2= 916  P=  -1  D=  -1 
 X= 954 X2=1023  Y= 986 Y2=1016 P1=1023 P2=  -1 T1=1023 T2= 907  P=  -1  D=  -1 
 X= 973 X2=1020  Y= 977 Y2=1023 P1=1023 P2=  -1 T1=1023 T2= 902  P=  -1  D=  -1 
 X= 964 X2=1003  Y= 976 Y2=1021 P1=1023 P2=  -1 T1=1023 T2= 907  P=  -1  D=  -1 
 X= 794 X2=1023  Y= 958 Y2=1023 P1=1023 P2=  -1 T1=1019 T2= 906  P=  -1  D=  -1 
 X= 888 X2=1023  Y= 981 Y2=1017 P1=1023 P2=  -1 T1=1023 T2= 896  P=  -1  D=  -1 
 X= 983 X2= 994  Y= 967 Y2=1023 P1=1023 P2=  -1 T1=1023 T2= 885  P=  -1  D=  -1 
 X= 937 X2=1023  Y= 977 Y2=1023 P1=1023 P2=  -1 T1=1018 T2= 915  P=  -1  D=  -1 
 X= 951 X2=1018  Y= 985 Y2=1023 P1=1023 P2=  -1 T1=1017 T2= 912  P=  -1  D=  -1 
 X=1023 X2= 989  Y= 970 Y2=1017 P1=1023 P2=  -1 T1=1023 T2= 934  P=  -1  D=  -1 
 X= 999 X2= 997  Y= 982 Y2=1021 P1=1023 P2=  -1 T1=1019 T2= 907  P=  -1  D=  -1 
 X= 921 X2=1022  Y= 975 Y2=1019 P1=1023 P2=  -1 T1=1023 T2= 893  P=  -1  D=  -1 
 X= 859 X2=1022  Y= 991 Y2=1023 P1=1023 P2=  -1 T1=1023 T2= 914  P=  -1  D=  -1 
 X= 854 X2=1023  Y= 965 Y2=1023 P1=1023 P2=  -1 T1=1023 T2= 907  P=  -1  D=  -1 
 X= 926 X2=1022  Y= 980 Y2=1018 P1=1023 P2=  -1 T1=1017 T2= 930  P=  -1  D=  -1 
 X= 896 X2=1023  Y= 332 Y2= 320 P1= 689 P2= 195 T1=1018 T2=  22  P=  -1  D=  -1 
 X= 240 X2= 237  Y= 323 Y2= 319 P1= 677 P2= 201 T1=  21 T2=  21  P= 563  D=  -1 * 0
 X= 241 X2= 239  Y= 327 Y2= 320 P1= 689 P2= 194 T1=  23 T2=  22  P= 612  D=  -1 * 0
 X= 242 X2= 238  Y= 327 Y2= 321 P1= 693 P2= 191 T1=  21 T2=  23  P= 630  D=  -1 * 0
 X= 241 X2= 238  Y= 326 Y2= 319 P1= 683 P2= 197 T1=  20 T2=  20  P= 589  D=  -1 * 0
 X= 241 X2= 238  Y= 326 Y2= 320 P1= 683 P2= 198 T1=  22 T2=  22  P= 585  D=  -1 * 1
 X= 240 X2= 237  Y= 327 Y2= 320 P1= 681 P2= 198 T1=  22 T2=  23  P= 580  D=  -1 * 2
 X= 240 X2= 237  Y= 329 Y2= 320 P1= 679 P2= 200 T1=  22 T2=  22  P= 570  D=  -1 * 3
 X= 241 X2= 238  Y= 327 Y2= 321 P1= 681 P2= 198 T1=  23 T2=  22  P= 582  D=  -1 * 4
 X= 240 X2= 238  Y= 327 Y2= 320 P1= 681 P2= 199 T1=  22 T2=  22  P= 578  D=  -1 * 5
 X= 240 X2= 238  Y= 327 Y2= 321 P1= 681 P2= 199 T1=  22 T2=  22  P= 578  D=  -1 * 6
 X= 240 X2= 238  Y= 327 Y2= 321 P1= 681 P2= 200 T1=  22 T2=  21  P= 574  D=  -1 * 7
 X= 240 X2= 238  Y= 327 Y2= 320 P1= 680 P2= 200 T1=  20 T2=  22  P= 573  D=  -1 * 8
 X= 240 X2= 240  Y= 326 Y2= 320 P1= 679 P2= 200 T1=  22 T2=  21  P= 574  D=  -1 * 9
 X= 241 X2= 238  Y= 327 Y2= 320 P1= 679 P2= 201 T1=  22 T2=  24  P= 568  D=  -1 * 10
 X= 241 X2= 238  Y= 327 Y2= 320 P1= 678 P2= 200 T1=  21 T2=  23  P= 571  D=  -1 * 11
 X= 240 X2= 239  Y= 326 Y2= 320 P1= 678 P2= 200 T1=  21 T2=  22  P= 571  D=  -1 * 12
 X= 239 X2= 238  Y= 327 Y2= 320 P1= 680 P2= 200 T1=  21 T2=  22  P= 571  D=  -1 * 13
 X= 241 X2= 239  Y= 326 Y2= 320 P1= 678 P2= 200 T1=  21 T2=  21  P= 573  D=  -1 * 14
 X= 240 X2= 238  Y= 327 Y2= 320 P1= 678 P2= 201 T1=  22 T2=  21  P= 567  D=  -1 * 15
 X= 241 X2= 238  Y= 323 Y2= 320 P1= 678 P2= 201 T1=  22 T2=  21  P= 567  D=  -1 * 16
 X= 240 X2= 238  Y= 327 Y2= 320 P1= 678 P2= 201 T1=  22 T2=  21  P= 567  D=  -1 * 17
 X= 240 X2= 237  Y= 327 Y2= 320 P1= 678 P2= 201 T1=  20 T2=  20  P= 564  D=  -1 * 18
 X= 240 X2= 237  Y= 327 Y2= 320 P1= 678 P2= 201 T1=  22 T2=  21  P= 564  D=  -1 * 19
 X= 240 X2= 238  Y= 326 Y2= 320 P1= 678 P2= 201 T1=  23 T2=  22  P= 567  D=  -1 * 20
 X= 241 X2= 238  Y= 326 Y2= 320 P1= 678 P2= 201 T1=  21 T2=  23  P= 567  D=  -1 * 21
 X= 240 X2= 238  Y= 326 Y2= 322 P1= 678 P2= 200 T1=  22 T2=  22  P= 571  D=  -1 * 22
 X= 239 X2= 238  Y= 326 Y2= 319 P1= 678 P2= 201 T1=  22 T2=  25  P= 564  D=  -1 * 23
 X= 241 X2= 238  Y= 323 Y2= 320 P1= 678 P2= 200 T1=  22 T2=  21  P= 571  D=  -1 * 24
Remove Pin
 X= 241 X2= 238  Y= 327 Y2= 320 P1= 678 P2= 201 T1=  22 T2=  22  P= 567  D=  -1 * 24
 X= 240 X2= 238  Y= 326 Y2= 320 P1= 678 P2= 201 T1=  22 T2=  21  P= 567  D=  -1 * 24
 X= 240 X2= 237  Y= 326 Y2= 320 P1= 679 P2= 200 T1=  21 T2=  22  P= 570  D=  -1 * 24
 X= 240 X2= 238  Y= 327 Y2= 320 P1= 678 P2= 201 T1=  22 T2=  22  P= 567  D=  -1 * 24
 X= 241 X2= 238  Y= 327 Y2= 319 P1= 678 P2= 200 T1=  21 T2=  22  P= 571  D=  -1 * 24
 X= 241 X2= 237  Y= 326 Y2= 320 P1= 678 P2= 201 T1=  22 T2=  22  P= 567  D=  -1 * 24
 X= 240 X2= 238  Y= 327 Y2= 321 P1= 678 P2= 201 T1=  22 T2=  22  P= 567  D=  -1 * 24
 X= 240 X2= 238  Y= 327 Y2= 320 P1= 678 P2= 200 T1=  21 T2=  21  P= 571  D=  -1 * 24
 X= 240 X2= 238  Y= 327 Y2= 320 P1= 678 P2= 200 T1=  21 T2=  19  P= 571  D=  -1 * 24
 X= 241 X2= 238  Y= 327 Y2= 320 P1= 678 P2= 200 T1=  22 T2=  22  P= 571  D=  -1 * 24
 X= 241 X2= 238  Y= 327 Y2= 319 P1= 678 P2= 201 T1=  22 T2=  22  P= 567  D=  -1 * 24
 X= 242 X2= 238  Y= 327 Y2= 320 P1= 678 P2= 200 T1=  22 T2=  21  P= 573  D=  -1 * 24
 X= 240 X2= 238  Y= 326 Y2= 319 P1= 678 P2= 201 T1=  21 T2=  22  P= 567  D=  -1 * 24
 X= 241 X2= 237  Y= 326 Y2= 320 P1= 678 P2= 201 T1=  22 T2=  22  P= 567  D=  -1 * 24
 X= 240 X2= 238  Y= 327 Y2= 318 P1= 678 P2= 201 T1=  21 T2=  22  P= 567  D=  -1 * 24
 X= 240 X2= 238  Y= 327 Y2= 320 P1= 677 P2= 201 T1=  21 T2=  21  P= 565  D=  -1 * 24
 X= 240 X2= 238  Y= 326 Y2= 320 P1= 678 P2= 201 T1=  21 T2=  21  P= 567  D=  -1 * 24
 X= 241 X2= 237  Y= 327 Y2= 319 P1= 678 P2= 201 T1=  22 T2=  21  P= 567  D=  -1 * 24
 X= 241 X2= 237  Y= 326 Y2= 321 P1= 677 P2= 201 T1=  21 T2=  22  P= 565  D=  -1 * 24
 X= 241 X2= 237  Y= 329 Y2= 320 P1= 678 P2= 201 T1=  22 T2=  22  P= 567  D=  -1 * 24
 X= 241 X2= 238  Y= 326 Y2= 320 P1= 675 P2= 203 T1=  21 T2=  22  P= 555  D=  -1 * 24
 X= 241 X2= 237  Y= 329 Y2= 318 P1= 681 P2= 198 T1=  22 T2=  23  P= 582  D=  -1 * 24
 X= 239 X2= 236  Y= 326 Y2= 320 P1= 686 P2= 193 T1=  22 T2=  21  P= 605  D=  -1 * 24
 X= 241 X2= 239  Y= 328 Y2= 323 P1= 714 P2= 176 T1=  24 T2=  26  P= 733  D=  -1 * 24
 X= 900 X2=1023  Y= 965 Y2=1017 P1=1023 P2=   0 T1=1022 T2= 859  P= 733  D=  -1 
 X= 972 X2=1006  Y= 984 Y2=1023 P1=1022 P2=   0 T1=1019 T2= 904  P= 733  D=  -1 
 X= 826 X2=1023  Y= 966 Y2=1023 P1=1023 P2=   0 T1=1023 T2= 884  P= 733  D=  -1 
target state=1 point=456,22
 X= 924 X2=1023  Y= 972 Y2=1022 P1=1023 P2=   0 T1=1019 T2= 952  P= 733  D=  -1 
 X=1023 X2=1014  Y= 985 Y2=1017 P1=1023 P2=   0 T1=1023 T2= 902  P= 733  D=  -1 
 X= 806 X2=1023  Y= 975 Y2=1023 P1=1023 P2=   0 T1=1023 T2= 922  P= 733  D=  -1 
 X= 931 X2=1022  Y= 974 Y2=1017 P1=1023 P2=   0 T1=1019 T2= 915  P= 733  D=  -1 
 X= 965 X2=1023  Y= 977 Y2=1017 P1=1023 P2=   0 T1=1023 T2= 893  P= 733  D=  -1 
 X= 896 X2=1023  Y= 987 Y2=1022 P1=1023 P2=   0 T1=1022 T2= 911  P= 733  D=  -1 
 X= 906 X2=1023  Y= 978 Y2=1017 P1=1023 P2=   0 T1=1018 T2= 906  P= 733  D=  -1 
 X= 947 X2=1020  Y= 964 Y2=1023 P1=1023 P2=   0 T1=1023 T2= 897  P= 733  D=  -1 
 X= 988 X2=1001  Y= 968 Y2=1021 P1=1023 P2=   0 T1=1023 T2= 890  P= 733  D=  -1 
 X= 854 X2=1018  Y= 969 Y2=1023 P1=1023 P2=   0 T1=1018 T2= 905  P= 733  D=  -1 
 X= 954 X2=1020  Y= 974 Y2=1023 P1=1023 P2=   0 T1=1019 T2= 900  P= 733  D=  -1 
 X= 915 X2=1021  Y= 970 Y2=1017 P1=1023 P2=   0 T1=1020 T2= 917  P= 733  D=  -1 
 X= 812 X2=1023  Y= 968 Y2=1023 P1=1023 P2=   0 T1=1023 T2= 894  P= 733  D=  -1 
 X= 934 X2=1023  Y= 964 Y2=1016 P1=1023 P2=   0 T1=1018 T2= 904  P= 733  D=  -1 
 X= 852 X2=1016  Y= 974 Y2=1019 P1=1023 P2=   0 T1=1022 T2= 915  P= 733  D=  -1 
 X= 928 X2=1019  Y= 958 Y2=1021 P1=1023 P2=   0 T1=1017 T2= 915  P= 733  D=  -1 
 X= 822 X2=1022  Y= 976 Y2=1023 P1=1023 P2=   0 T1=1023 T2= 929  P= 733  D=  -1 
 X=1021 X2=1010  Y= 968 Y2=1023 P1=1023 P2=   0 T1=1021 T2= 902  P= 733  D=  -1 
 X= 986 X2=1002  Y= 972 Y2=1021 P1=1023 P2=   0 T1=1023 T2= 912  P= 733  D=  -1 
 X= 965 X2=1020  Y= 978 Y2=1017 P1=1023 P2=   0 T1=1023 T2= 902  P= 733  D=  -1 
 X= 927 X2= 989  Y= 986 Y2=1021 P1=1023 P2=   0 T1=1019 T2= 881  P= 733  D=  -1 
 X= 776 X2=1020  Y= 986 Y2=1023 P1=1023 P2=   0 T1=1018 T2= 891  P= 733  D=  -1 
 X= 887 X2=1023  Y= 979 Y2=1023 P1=1023 P2=   0 T1=1018 T2= 879  P= 733  D=  -1 
 X= 927 X2=1020  Y= 985 Y2=1018 P1=1023 P2=   0 T1=1023 T2= 908  P= 733  D=  -1 
 X= 859 X2=1017  Y= 960 Y2=1023 P1=1023 P2=   0 T1=1018 T2= 894  P= 733  D=  -1 
 X= 955 X2=1023  Y= 983 Y2=1023 P1=1023 P2=   0 T1=1018 T2= 928  P= 733  D=  -1 
 X=1023 X2=1003  Y= 986 Y2=1018 P1=1023 P2=   0 T1=1019 T2= 890  P= 733  D=  -1 
 X= 983 X2=1023  Y=1014 Y2=1018 P1=1022 P2=   0 T1=1023 T2=1019  P= 733  D=  -1 
 X= 882 X2=1023  Y= 972 Y2=1019 P1=1023 P2=   0 T1=1018 T2= 911  P= 733  D=  -1 
 X=1023 X2= 999  Y= 987 Y2=1016 P1=1023 P2=   0 T1=1019 T2= 922  P= 733  D=  -1 
 X= 843 X2=1023  Y= 979 Y2=1023 P1=1023 P2=   0 T1=1023 T2= 915  P= 733  D=  -1 
 X= 817 X2=1023  Y= 981 Y2=1019 P1=1023 P2=   0 T1=1023 T2= 913  P= 733  D=  -1 
 X= 917 X2=1023  Y= 974 Y2=1018 P1=1023 P2=   0 T1=1023 T2= 918  P= 733  D=  -1 
 X= 871 X2=1016  Y= 965 Y2=1023 P1=1023 P2=   0 T1=1020 T2= 924  P= 733  D=  -1 
 X= 881 X2=1023  Y= 976 Y2=1017 P1=1023 P2=   0 T1=1018 T2= 888  P= 733  D=  -1 
 X=1023 X2=1001  Y= 968 Y2=1023 P1=1023 P2=   0 T1=1020 T2= 884  P= 733  D=  -1 
 X=1018 X2=1012  Y= 964 Y2=1017 P1=1023 P2=   0 T1=1018 T2= 899  P= 733  D=  -1 
 X= 887 X2=1023  Y= 980 Y2=1018 P1=1023 P2=   0 T1=1023 T2= 897  P= 733  D=  -1 
 X= 946 X2=1023  Y= 980 Y2=1019 P1=1023 P2=   0 T1=1017 T2= 894  P= 733  D=  -1 
 X= 938 X2=1023  Y= 991 Y2=1018 P1=1023 P2=   0 T1=1023 T2= 918  P= 733  D=  -1 
 X= 799 X2=1015  Y= 973 Y2=1023 P1=1023 P2=   0 T1=1018 T2= 932  P= 733  D=  -1 
 X= 972 X2=1023  Y= 986 Y2=1022 P1=1023 P2=   0 T1=1023 T2= 902  P= 733  D=  -1 
 X= 985 X2= 988  Y= 958 Y2=1023 P1=1023 P2=   0 T1=1023 T2= 912  P= 733  D=  -1 
 X= 867 X2=1014  Y= 962 Y2=1023 P1=1023 P2=   0 T1=1022 T2= 882  P= 733  D=  -1 
 X= 900 X2=1019  Y= 968 Y2=1017 P1=1023 P2=   0 T1=1018 T2= 890  P= 733  D=  -1 
 X=1023 X2= 990  Y= 967 Y2=1017 P1=1022 P2=   0 T1=1023 T2= 907  P= 733  D=  -1 
 X=1023 X2=1013  Y= 969 Y2=1022 P1=1023 P2=   0 T1=1023 T2= 898  P= 733  D=  -1 
 X= 871 X2=1023  Y= 987 Y2=1018 P1=1023 P2=   0 T1=1023 T2= 924  P= 733  D=  -1 
 X= 953 X2= 983  Y= 995 Y2=1018 P1=1023 P2=   0 T1=1023 T2= 909  P= 733  D=  -1 
 X= 883 X2=1023  Y= 972 Y2=1023 P1=1023 P2=   0 T1=1023 T2= 880  P= 733  D=  -1 
 X= 789 X2=1023  Y= 973 Y2=1020 P1=1023 P2=   0 T1=1023 T2= 904  P= 733  D=  -1 
 X= 902 X2=1023  Y= 977 Y2=1019 P1=1023 P2=   0 T1=1023 T2= 872  P= 733  D=  -1 
 X= 988 X2=1002  Y= 982 Y2=1023 P1=1023 P2=   0 T1=1019 T2= 898  P= 733  D=  -1 
 X= 949 X2=1023  Y= 977 Y2=1015 P1=1023 P2=   0 T1=1022 T2= 911  P= 733  D=  -1 
 X=1023 X2= 994  Y= 975 Y2=1023 P1=1023 P2=   0 T1=1020 T2= 881  P= 733  D=  -1 
 X= 950 X2=1023  Y= 980 Y2=1023 P1=1023 P2=   0 T1=1019 T2= 887  P= 733  D=  -1 
 X= 826 X2=1023  Y= 976 Y2=1023 P1=1023 P2=   0 T1=1019 T2= 918  P= 733  D=  -1 
 X= 909 X2=1021  Y= 973 Y2=1017 P1=1023 P2=   0 T1=1023 T2= 892  P= 733  D=  -1 
 X= 939 X2=1023  Y= 992 Y2=1023 P1=1023 P2=   0 T1=1023 T2= 881  P= 733  D=  -1 
 X= 889 X2=1015  Y= 971 Y2=1023 P1=1023 P2=   0 T1=1021 T2= 910  P= 733  D=  -1 
 X= 865 X2=1022  Y= 986 Y2=1019 P1=1023 P2=   0 T1=1023 T2= 886  P= 733  D=  -1 
 X=1023 X2= 999  Y= 982 Y2=1023 P1=1023 P2=   0 T1=1023 T2= 901  P= 733  D=  -1 
 X= 921 X2=1016  Y= 972 Y2=1023 P1=1023 P2=   0 T1=1017 T2= 883  P= 733  D=  -1 
 X= 919 X2=1023  Y= 987 Y2=1017 P1=1023 P2=   0 T1=1019 T2= 901  P= 733  D=  -1 
 X= 944 X2=1005  Y= 980 Y2=1023 P1=1023 P2=   0 T1=1023 T2= 897  P= 733  D=  -1 
 X= 890 X2=1015  Y= 967 Y2=1018 P1=1023 P2=   0 T1=1017 T2= 882  P= 733  D=  -1 
 X= 810 X2= 811  Y= 326 Y2= 333 P1= 801 P2= 475 T1=  16 T2=  16  P= 555  D=  -1 * 0
 X= 813 X2= 812  Y= 325 Y2= 332 P1= 798 P2= 479 T1=  15 T2=  15  P= 539  D=  -1 * 0
 X= 812 X2= 811  Y= 324 Y2= 331 P1= 798 P2= 481 T1=  15 T2=  15  P= 534  D=  -1 * 0
 X= 812 X2= 811  Y= 324 Y2= 332 P1= 797 P2= 482 T1=  15 T2=  13  P= 529  D=  -1 * 0
 X= 812 X2= 811  Y= 325 Y2= 332 P1= 797 P2= 482 T1=  14 T2=  14  P= 529  D=  -1 * 1
 X= 812 X2= 811  Y= 321 Y2= 332 P1= 798 P2= 482 T1=  15 T2=  15  P= 531  D=  -1 * 2
 X= 812 X2= 811  Y= 325 Y2= 331 P1= 797 P2= 482 T1=  15 T2=  14  P= 529  D=  -1 * 3
 X= 812 X2= 811  Y= 324 Y2= 332 P1= 797 P2= 482 T1=  14 T2=  15  P= 529  D=  -1 * 4
 X= 812 X2= 810  Y= 325 Y2= 332 P1= 796 P2= 482 T1=  15 T2=  15  P= 527  D=  -1 * 5
 X= 812 X2= 810  Y= 324 Y2= 332 P1= 797 P2= 483 T1=  14 T2=  15  P= 527  D=  -1 * 6
 X= 812 X2= 811  Y= 325 Y2= 331 P1= 797 P2= 483 T1=  14 T2=  14  P= 527  D=  -1 * 7
 X= 812 X2= 810  Y= 324 Y2= 331 P1= 795 P2= 483 T1=  15 T2=  15  P= 523  D=  -1 * 8
 X= 812 X2= 811  Y= 324 Y2= 330 P1= 797 P2= 483 T1=  15 T2=  15  P= 527  D=  -1 * 9
 X= 812 X2= 811  Y= 326 Y2= 331 P1= 797 P2= 482 T1=  12 T2=  14  P= 529  D=  -1 * 10
 X= 812 X2= 811  Y= 325 Y2= 331 P1= 796 P2= 483 T1=  15 T2=  15  P= 525  D=  -1 * 11
 X= 812 X2= 811  Y= 324 Y2= 331 P1= 797 P2= 483 T1=  15 T2=  15  P= 527  D=  -1 * 12
 X= 812 X2= 811  Y= 325 Y2= 331 P1= 796 P2= 484 T1=  11 T2=  14  P= 522  D=  -1 * 13
 X= 812 X2= 811  Y= 325 Y2= 331 P1= 797 P2= 482 T1=  15 T2=  13  P= 529  D=  -1 * 14
 X= 812 X2= 810  Y= 324 Y2= 331 P1= 793 P2= 483 T1=  15 T2=  14  P= 519  D=  -1 * 15
 X= 813 X2= 811  Y= 324 Y2= 331 P1= 797 P2= 483 T1=  14 T2=  15  P= 527  D=  -1 * 16
 X= 813 X2= 811  Y= 324 Y2= 332 P1= 797 P2= 483 T1=  14 T2=  13  P= 527  D=  -1 * 17
 X= 810 X2= 812  Y= 325 Y2= 331 P1= 796 P2= 483 T1=  15 T2=  14  P= 525  D=  -1 * 18
 X= 812 X2= 813  Y= 325 Y2= 331 P1= 800 P2= 483 T1=  14 T2=  15  P= 532  D=  -1 * 19
 X= 812 X2= 810  Y= 324 Y2= 332 P1= 797 P2= 483 T1=  15 T2=  15  P= 527  D=  -1 * 20
 X= 812 X2= 811  Y= 324 Y2= 331 P1= 797 P2= 482 T1=  14 T2=  16  P= 529  D=  -1 * 21
 X= 813 X2= 809  Y= 324 Y2= 331 P1= 796 P2= 483 T1=  15 T2=  14  P= 525  D=  -1 * 22
 X= 812 X2= 811  Y= 325 Y2= 331 P1= 797 P2= 482 T1=  15 T2=  15  P= 529  D=  -1 * 23
 X= 812 X2= 811  Y= 325 Y2= 332 P1= 797 P2= 484 T1=  14 T2=  14  P= 523  D=  -1 * 24
Remove Pin
 X= 813 X2= 809  Y= 326 Y2= 331 P1= 796 P2= 483 T1=  13 T2=  14  P= 525  D=  -1 * 24
 X= 812 X2= 811  Y= 325 Y2= 328 P1= 797 P2= 483 T1=  13 T2=  15  P= 527  D=  -1 * 24
 X= 812 X2= 811  Y= 324 Y2= 331 P1= 797 P2= 483 T1=  14 T2=  15  P= 527  D=  -1 * 24
 X= 811 X2= 811  Y= 324 Y2= 331 P1= 797 P2= 483 T1=  16 T2=  14  P= 527  D=  -1 * 24
 X= 812 X2= 810  Y= 324 Y2= 331 P1= 797 P2= 483 T1=  14 T2=  14  P= 527  D=  -1 * 24
 X= 812 X2= 811  Y= 324 Y2= 332 P1= 796 P2= 483 T1=  14 T2=  14  P= 525  D=  -1 * 24
 X= 812 X2= 811  Y= 325 Y2= 332 P1= 796 P2= 483 T1=  15 T2=  14  P= 525  D=  -1 * 24
 X= 810 X2= 810  Y= 325 Y2= 332 P1= 794 P2= 483 T1=  14 T2=  15  P= 520  D=  -1 * 24
 X= 812 X2= 811  Y= 325 Y2= 331 P1= 795 P2= 483 T1=  15 T2=  14  P= 523  D=  -1 * 24
 X= 812 X2= 810  Y= 325 Y2= 332 P1= 796 P2= 483 T1=  15 T2=  12  P= 525  D=  -1 * 24
 X= 812 X2= 810  Y= 325 Y2= 330 P1= 797 P2= 483 T1=  13 T2=  14  P= 527  D=  -1 * 24
 X= 813 X2= 811  Y= 324 Y2= 331 P1= 797 P2= 483 T1=  15 T2=  14  P= 527  D=  -1 * 24
 X= 812 X2= 810  Y= 325 Y2= 332 P1= 797 P2= 483 T1=  14 T2=  15  P= 527  D=  -1 * 24
 X= 812 X2= 812  Y= 324 Y2= 331 P1= 797 P2= 483 T1=  15 T2=  15  P= 527  D=  -1 * 24
 X= 812 X2= 811  Y= 325 Y2= 331 P1= 797 P2= 483 T1=  14 T2=  14  P= 527  D=  -1 * 24
 X= 812 X2= 810  Y= 324 Y2= 332 P1= 796 P2= 483 T1=  14 T2=  14  P= 525  D=  -1 * 24
 X= 812 X2= 810  Y= 325 Y2= 332 P1= 797 P2= 482 T1=  14 T2=  16  P= 529  D=  -1 * 24
 X=1023 X2= 983  Y= 973 Y2=1017 P1=1023 P2=   0 T1=1019 T2= 891  P= 529  D=  -1 
 X= 891 X2=1019  Y= 950 Y2=1023 P1=1023 P2=   0 T1=1023 T2= 893  P= 529  D=  -1 
 X= 793 X2=1023  Y= 975 Y2=1020 P1=1023 P2=   0 T1=1023 T2= 902  P= 529  D=  -1 
target state=2 point=456,249
 X= 950 X2=1022  Y= 975 Y2=1022 P1=1023 P2=   0 T1=1018 T2= 908  P= 529  D=  -1 
 X= 983 X2=1013  Y= 968 Y2=1023 P1=1023 P2=   0 T1=1020 T2= 885  P= 529  D=  -1 
 X= 976 X2=1012  Y= 974 Y2=1021 P1=1023 P2=   0 T1=1017 T2= 871  P= 529  D=  -1 
 X= 942 X2=1022  Y= 981 Y2=1017 P1=1023 P2=   0 T1=1023 T2= 902  P= 529  D=  -1 
 X= 999 X2= 987  Y= 958 Y2=1023 P1=1023 P2=   0 T1=1023 T2= 900  P= 529  D=  -1 
 X= 847 X2=1023  Y= 975 Y2=1020 P1=1023 P2=   0 T1=1023 T2= 921  P= 529  D=  -1 
 X= 884 X2=1023  Y= 972 Y2=1018 P1=1023 P2=   0 T1=1018 T2= 896  P= 529  D=  -1 
 X= 935 X2=1023  Y= 979 Y2=1021 P1=1023 P2=   0 T1=1023 T2= 936  P= 529  D=  -1 
 X= 918 X2=1016  Y= 976 Y2=1023 P1=1023 P2=   0 T1=1018 T2= 900  P= 529  D=  -1 
 X= 799 X2=1023  Y= 976 Y2=1023 P1=1023 P2=   0 T1=1018 T2= 906  P= 529  D=  -1 
 X=1017 X2=1012  Y= 977 Y2=1016 P1=1023 P2=   0 T1=1018 T2= 889  P= 529  D=  -1 
 X= 852 X2=1014  Y= 966 Y2=1022 P1=1023 P2=   0 T1=1017 T2= 899  P= 529  D=  -1 
 X= 832 X2=1023  Y= 978 Y2=1018 P1=1023 P2=   0 T1=1018 T2= 888  P= 529  D=  -1 
 X= 943 X2=1023  Y= 978 Y2=1018 P1=1023 P2=   0 T1=1023 T2= 895  P= 529  D=  -1 
 X=1023 X2=1021  Y=1023 Y2=1020 P1=1023 P2=   0 T1=1020 T2=1006  P= 529  D=  -1 
 X=1019 X2= 993  Y= 977 Y2=1017 P1=1023 P2=   0 T1=1018 T2= 913  P= 529  D=  -1 
 X=1021 X2=1013  Y= 973 Y2=1023 P1=1023 P2=   0 T1=1019 T2= 908  P= 529  D=  -1 
 X= 951 X2=1023  Y= 976 Y2=1023 P1=1023 P2=   0 T1=1018 T2= 907  P= 529  D=  -1 
 X= 805 X2=1023  Y= 979 Y2=1023 P1=1023 P2=   0 T1=1023 T2= 914  P= 529  D=  -1 
 X=1023 X2=1005  Y= 972 Y2=1020 P1=1023 P2=   0 T1=1019 T2= 890  P= 529  D=  -1 
 X=1022 X2=1012  Y= 966 Y2=1018 P1=1023 P2=   0 T1=1023 T2= 908  P= 529  D=  -1 
 X= 919 X2=1023  Y= 996 Y2=1023 P1=1023 P2=   0 T1=1022 T2= 899  P= 529  D=  -1 
 X= 941 X2=1021  Y= 996 Y2=1018 P1=1023 P2=   0 T1=1023 T2= 890  P= 529  D=  -1 
 X= 958 X2=1020  Y= 981 Y2=1022 P1=1023 P2=   0 T1=1019 T2= 894  P= 529  D=  -1 
 X= 804 X2=1023  Y= 975 Y2=1019 P1=1023 P2=   0 T1=1019 T2= 912  P= 529  D=  -1 
 X= 953 X2=1023  Y= 981 Y2=1023 P1=1023 P2=   0 T1=1023 T2= 905  P= 529  D=  -1 
 X= 981 X2=1012  Y= 988 Y2=1020 P1=1023 P2=   0 T1=1023 T2= 905  P= 529  D=  -1 
 X= 979 X2=1023  Y= 969 Y2=1023 P1=1023 P2=   0 T1=1018 T2= 918  P= 529  D=  -1 
 X= 969 X2=1004  Y= 973 Y2=1023 P1=1023 P2=   0 T1=1023 T2= 900  P= 529  D=  -1 
 X=1023 X2=1011  Y= 989 Y2=1023 P1=1023 P2=   0 T1=1023 T2= 884  P= 529  D=  -1 
 X=1001 X2=1005  Y= 975 Y2=1018 P1=1023 P2=   0 T1=1023 T2= 877  P= 529  D=  -1 
 X= 932 X2=1023  Y= 990 Y2=1023 P1=1023 P2=   0 T1=1023 T2= 914  P= 529  D=  -1 
 X=1023 X2=1004  Y= 975 Y2=1021 P1=1023 P2=   0 T1=1019 T2= 884  P= 529  D=  -1 
 X= 934 X2=1017  Y= 972 Y2=1023 P1=1023 P2=   0 T1=1021 T2= 918  P= 529  D=  -1 
 X= 820 X2=1023  Y= 982 Y2=1021 P1=1023 P2=   0 T1=1023 T2= 892  P= 529  D=  -1 
 X=1001 X2=1002  Y= 978 Y2=1017 P1=1023 P2=   0 T1=1023 T2= 882  P= 529  D=  -1 
 X= 974 X2=1009  Y= 970 Y2=1023 P1=1023 P2=   0 T1=1018 T2= 896  P= 529  D=  -1 
 X= 937 X2=1022  Y= 965 Y2=1018 P1=1023 P2=   0 T1=1018 T2= 900  P= 529  D=  -1 
 X=1023 X2= 994  Y= 990 Y2=1021 P1=1023 P2=   0 T1=1019 T2= 907  P= 529  D=  -1 
 X= 847 X2=1014  Y= 966 Y2=1023 P1=1023 P2=   0 T1=1022 T2= 905  P= 529  D=  -1 
 X= 925 X2=1023  Y= 984 Y2=1017 P1=1023 P2=   0 T1=1023 T2= 913  P= 529  D=  -1 
 X=1023 X2=1002  Y= 966 Y2=1019 P1=1023 P2=   0 T1=1023 T2= 898  P= 529  D=  -1 
 X= 943 X2=1023  Y= 973 Y2=1023 P1=1023 P2=   0 T1=1019 T2= 892  P= 529  D=  -1 
 X= 834 X2=1023  Y= 984 Y2=1018 P1=1023 P2=   0 T1=1019 T2= 900  P= 529  D=  -1 
 X= 898 X2=1023  Y= 977 Y2=1023 P1=1023 P2=   0 T1=1021 T2= 907  P= 529  D=  -1 
 X= 986 X2=1005  Y= 977 Y2=1022 P1=1023 P2=   0 T1=1018 T2= 889  P= 529  D=  -1 
 X= 949 X2=1019  Y= 965 Y2=1018 P1=1023 P2=   0 T1=1023 T2= 899  P= 529  D=  -1 
 X= 956 X2=1020  Y= 990 Y2=1023 P1=1023 P2=   0 T1=1023 T2= 900  P= 529  D=  -1 
 X= 950 X2=1020  Y= 978 Y2=1018 P1=1023 P2=   0 T1=1023 T2= 895  P= 529  D=  -1 
 X= 898 X2=1023  Y= 978 Y2=1019 P1=1023 P2=   0 T1=1023 T2= 921  P= 529  D=  -1 
 X= 880 X2=1023  Y= 980 Y2=1018 P1=1023 P2=   0 T1=1023 T2= 908  P= 529  D=  -1 
 X= 919 X2=1021  Y= 990 Y2=1017 P1=1023 P2=   0 T1=1023 T2= 921  P= 529  D=  -1 
 X= 871 X2=1021  Y= 970 Y2=1023 P1=1022 P2=   0 T1=1022 T2= 891  P= 529  D=  -1 
 X= 952 X2=1021  Y= 976 Y2=1015 P1=1023 P2=   0 T1=1021 T2= 900  P= 529  D=  -1 
 X= 999 X2= 990  Y= 970 Y2=1023 P1=1023 P2=   0 T1=1018 T2= 896  P= 529  D=  -1 
 X= 995 X2=1007  Y= 974 Y2=1023 P1=1023 P2=   0 T1=1018 T2= 890  P= 529  D=  -1 
 X= 919 X2=1022  Y= 969 Y2=1017 P1=1023 P2=   0 T1=1023 T2= 862  P= 529  D=  -1 
 X= 958 X2=1021  Y= 969 Y2=1023 P1=1023 P2=   0 T1=1022 T2= 883  P= 529  D=  -1 
 X=1019 X2=1007  Y= 978 Y2=1018 P1=1023 P2=   0 T1=1020 T2= 910  P= 529  D=  -1 
 X= 877 X2=1023  Y= 970 Y2=1023 P1=1023 P2=   0 T1=1017 T2= 923  P= 529  D=  -1 
 X= 968 X2=1022  Y= 983 Y2=1023 P1=1023 P2=   0 T1=1019 T2= 899  P= 529  D=  -1 
 X= 808 X2= 809  Y= 708 Y2= 711 P1= 904 P2= 556 T1=  15 T2=  13  P= 505  D=  -1 * 0
 X= 837 X2=1023  Y= 980 Y2=1019 P1=1023 P2=   0 T1=1023 T2= 899  P= 505  D=  -1 
 X= 808 X2= 809  Y= 708 Y2= 713 P1= 906 P2= 542 T1=  15 T2=  15  P= 542  D=  -1 * 0
 X= 808 X2= 809  Y= 707 Y2= 711 P1= 905 P2= 544 T1=  15 T2=  15  P= 535  D=  -1 * 0
 X= 809 X2= 809  Y= 708 Y2= 712 P1= 906 P2= 545 T1=  13 T2=  15  P= 535  D=  -1 * 0
 X= 808 X2= 809  Y= 708 Y2= 711 P1= 907 P2= 544 T1=  16 T2=  14  P= 538  D=  -1 * 1
 X= 810 X2= 809  Y= 708 Y2= 712 P1= 906 P2= 544 T1=  16 T2=  15  P= 537  D=  -1 * 2
 X= 809 X2= 810  Y= 708 Y2= 710 P1= 906 P2= 545 T1=  15 T2=  15  P= 535  D=  -1 * 3
 X= 808 X2= 809  Y= 707 Y2= 711 P1= 906 P2= 545 T1=  15 T2=  14  P= 534  D=  -1 * 4
 X= 808 X2= 810  Y= 707 Y2= 710 P1= 906 P2= 545 T1=  15 T2=  15  P= 535  D=  -1 * 5
 X= 807 X2= 809  Y= 707 Y2= 711 P1= 906 P2= 545 T1=  15 T2=  16  P= 534  D=  -1 * 6
 X= 809 X2= 809  Y= 707 Y2= 711 P1= 905 P2= 546 T1=  14 T2=  15  P= 531  D=  -1 * 7
 X= 808 X2= 809  Y= 708 Y2= 711 P1= 907 P2= 546 T1=  14 T2=  18  P= 534  D=  -1 * 8
 X= 806 X2= 810  Y= 707 Y2= 712 P1= 905 P2= 546 T1=  15 T2=  15  P= 530  D=  -1 * 9
 X= 808 X2= 809  Y= 707 Y2= 711 P1= 906 P2= 546 T1=  15 T2=  14  P= 532  D=  -1 * 10
 X= 809 X2= 809  Y= 707 Y2= 711 P1= 906 P2= 546 T1=  15 T2=  14  P= 533  D=  -1 * 11
 X= 808 X2= 809  Y= 707 Y2= 712 P1= 906 P2= 547 T1=  15 T2=  17  P= 530  D=  -1 * 12
 X= 808 X2= 809  Y= 708 Y2= 710 P1= 906 P2= 547 T1=  15 T2=  14  P= 530  D=  -1 * 13
 X= 808 X2= 808  Y= 707 Y2= 711 P1= 906 P2= 547 T1=  15 T2=  16  P= 530  D=  -1 * 14
 X= 808 X2= 809  Y= 707 Y2= 712 P1= 906 P2= 546 T1=  14 T2=  14  P= 532  D=  -1 * 15
 X= 809 X2= 809  Y= 707 Y2= 711 P1= 906 P2= 546 T1=  16 T2=  14  P= 533  D=  -1 * 16
 X= 809 X2= 809  Y= 707 Y2= 712 P1= 907 P2= 547 T1=  16 T2=  15  P= 532  D=  -1 * 17
 X= 808 X2= 809  Y= 706 Y2= 711 P1= 906 P2= 547 T1=  15 T2=  14  P= 530  D=  -1 * 18
 X= 808 X2= 809  Y= 707 Y2= 711 P1= 905 P2= 546 T1=  16 T2=  12  P= 530  D=  -1 * 19
 X= 808 X2= 809  Y= 708 Y2= 712 P1= 906 P2= 547 T1=  17 T2=  14  P= 530  D=  -1 * 20
 X= 808 X2= 809  Y= 707 Y2= 710 P1= 906 P2= 546 T1=  15 T2=  16  P= 532  D=  -1 * 21
 X= 808 X2= 810  Y= 707 Y2= 711 P1= 907 P2= 547 T1=  15 T2=  15  P= 532  D=  -1 * 22
 X= 808 X2= 809  Y= 706 Y2= 711 P1= 906 P2= 547 T1=  15 T2=  15  P= 530  D=  -1 * 23
 X= 808 X2= 810  Y= 707 Y2= 711 P1= 908 P2= 546 T1=  17 T2=  15  P= 536  D=  -1 * 24
Remove Pin
 X= 808 X2= 809  Y= 707 Y2= 711 P1= 906 P2= 547 T1=  15 T2=  15  P= 530  D=  -1 * 24
 X= 808 X2= 809  Y= 704 Y2= 712 P1= 906 P2= 547 T1=  13 T2=  15  P= 530  D=  -1 * 24
 X= 808 X2= 810  Y= 707 Y2= 711 P1= 905 P2= 547 T1=  15 T2=  15  P= 529  D=  -1 * 24
 X= 809 X2= 809  Y= 707 Y2= 712 P1= 906 P2= 547 T1=  15 T2=  15  P= 530  D=  -1 * 24
 X= 808 X2= 809  Y= 707 Y2= 709 P1= 906 P2= 546 T1=  15 T2=  15  P= 532  D=  -1 * 24
 X= 808 X2= 810  Y= 707 Y2= 712 P1= 905 P2= 547 T1=  15 T2=  15  P= 529  D=  -1 * 24
 X= 809 X2= 810  Y= 708 Y2= 711 P1= 906 P2= 547 T1=  14 T2=  14  P= 530  D=  -1 * 24
 X= 808 X2= 810  Y= 707 Y2= 712 P1= 906 P2= 547 T1=  14 T2=  18  P= 530  D=  -1 * 24
 X= 808 X2= 810  Y= 707 Y2= 714 P1= 906 P2= 547 T1=  15 T2=  14  P= 530  D=  -1 * 24
 X= 808 X2= 809  Y= 707 Y2= 711 P1= 905 P2= 547 T1=  15 T2=  15  P= 528  D=  -1 * 24
 X= 808 X2= 809  Y= 707 Y2= 711 P1= 906 P2= 546 T1=  15 T2=  14  P= 532  D=  -1 * 24
 X= 808 X2= 809  Y= 707 Y2= 712 P1= 906 P2= 546 T1=  15 T2=  15  P= 532  D=  -1 * 24
 X= 808 X2= 808  Y= 706 Y2= 711 P1= 905 P2= 547 T1=  14 T2=  15  P= 528  D=  -1 * 24
 X= 808 X2= 810  Y= 705 Y2= 711 P1= 905 P2= 548 T1=  15 T2=  15  P= 526  D=  -1 * 24
 X= 808 X2= 808  Y= 707 Y2= 711 P1= 906 P2= 546 T1=  14 T2=  15  P= 532  D=  -1 * 24
 X= 909 X2=1016  Y= 962 Y2=1019 P1=1023 P2=   0 T1=1018 T2= 883  P= 532  D=  -1 
 X= 940 X2=1023  Y= 970 Y2=1023 P1=1023 P2=   0 T1=1019 T2= 884  P= 532  D=  -1 
 X= 942 X2=1019  Y= 969 Y2=1023 P1=1023 P2=   0 T1=1018 T2= 899  P= 532  D=  -1 
target state=3 point=23,249
 X= 929 X2=1016  Y= 970 Y2=1019 P1=1023 P2=   0 T1=1018 T2= 902  P= 532  D=  -1 
 X= 824 X2=1023  Y= 970 Y2=1023 P1=1023 P2=   0 T1=1023 T2= 895  P= 532  D=  -1 
 X= 954 X2=1023  Y= 988 Y2=1023 P1=1023 P2=   0 T1=1023 T2= 898  P= 532  D=  -1 
 X= 955 X2= 990  Y= 978 Y2=1016 P1=1023 P2=   0 T1=1023 T2= 907  P= 532  D=  -1 
 X= 861 X2=1023  Y= 971 Y2=1023 P1=1023 P2=   0 T1=1023 T2= 894  P= 532  D=  -1 
 X= 880 X2=1023  Y= 974 Y2=1018 P1=1023 P2=   0 T1=1021 T2= 897  P= 532  D=  -1 
 X= 925 X2=1023  Y= 981 Y2=1018 P1=1023 P2=   0 T1=1021 T2= 899  P= 532  D=  -1 
 X= 923 X2=1022  Y=1020 Y2=1019 P1=1023 P2=   0 T1=1023 T2=1012  P= 532  D=  -1 
 X= 975 X2=1020  Y= 981 Y2=1019 P1=1023 P2=   0 T1=1023 T2= 933  P= 532  D=  -1 
 X= 993 X2=1003  Y= 977 Y2=1020 P1=1023 P2=   0 T1=1023 T2= 911  P= 532  D=  -1 
 X= 976 X2=1017  Y= 973 Y2=1023 P1=1023 P2=   0 T1=1020 T2= 913  P= 532  D=  -1 
 X= 944 X2=1021  Y= 975 Y2=1017 P1=1023 P2=   0 T1=1019 T2= 920  P= 532  D=  -1 
 X= 943 X2=1023  Y= 988 Y2=1022 P1=1023 P2=   0 T1=1023 T2= 890  P= 532  D=  -1 
 X= 947 X2= 987  Y= 979 Y2=1023 P1=1023 P2=   0 T1=1019 T2= 890  P= 532  D=  -1 
 X= 822 X2=1023  Y= 970 Y2=1020 P1=1023 P2=   0 T1=1019 T2= 922  P= 532  D=  -1 
 X= 965 X2=1023  Y= 973 Y2=1017 P1=1023 P2=   0 T1=1023 T2= 888  P= 532  D=  -1 
 X= 990 X2=1005  Y= 975 Y2=1023 P1=1023 P2=   0 T1=1018 T2= 922  P= 532  D=  -1 
 X= 958 X2=1023  Y= 987 Y2=1023 P1=1022 P2=   0 T1=1018 T2= 900  P= 532  D=  -1 
 X=1023 X2=1000  Y= 971 Y2=1021 P1=1023 P2=   0 T1=1018 T2= 905  P= 532  D=  -1 
 X=1023 X2= 989  Y= 977 Y2=1017 P1=1023 P2=   0 T1=1023 T2= 921  P= 532  D=  -1 
 X= 994 X2=1021  Y= 975 Y2=1018 P1=1023 P2=   0 T1=1023 T2= 912  P= 532  D=  -1 
 X= 956 X2=1020  Y= 978 Y2=1017 P1=1023 P2=   0 T1=1019 T2= 895  P= 532  D=  -1 
 X=1023 X2=1011  Y= 980 Y2=1023 P1=1023 P2=   0 T1=1020 T2= 900  P= 532  D=  -1 
 X= 779 X2=1023  Y= 981 Y2=1023 P1=1023 P2=   0 T1=1023 T2= 915  P= 532  D=  -1 
 X= 921 X2=1023  Y= 963 Y2=1023 P1=1023 P2=   0 T1=1023 T2= 866  P= 532  D=  -1 
 X= 993 X2= 993  Y= 980 Y2=1023 P1=1023 P2=   0 T1=1019 T2= 884  P= 532  D=  -1 
 X= 847 X2=1017  Y= 955 Y2=1020 P1=1023 P2=   0 T1=1023 T2= 885  P= 532  D=  -1 
 X= 954 X2=1018  Y= 988 Y2=1021 P1=1023 P2=   0 T1=1023 T2= 890  P= 532  D=  -1 
 X= 940 X2=1018  Y= 974 Y2=1018 P1=1023 P2=   0 T1=1017 T2= 910  P= 532  D=  -1 
 X= 918 X2=1019  Y= 966 Y2=1023 P1=1023 P2=   0 T1=1020 T2= 907  P= 532  D=  -1 
 X= 873 X2=1023  Y= 987 Y2=1022 P1=1023 P2=   0 T1=1020 T2= 907  P= 532  D=  -1 
 X= 974 X2= 990  Y= 979 Y2=1017 P1=1022 P2=   0 T1=1022 T2= 907  P= 532  D=  -1 
 X= 930 X2=1017  Y= 971 Y2=1023 P1=1023 P2=   0 T1=1018 T2= 906  P= 532  D=  -1 
 X= 920 X2= 988  Y= 989 Y2=1023 P1=1023 P2=   0 T1=1018 T2= 899  P= 532  D=  -1 
 X=1009 X2=1017  Y= 983 Y2=1023 P1=1023 P2=   0 T1=1021 T2= 905  P= 532  D=  -1 
 X= 974 X2=1005  Y= 982 Y2=1023 P1=1023 P2=   0 T1=1020 T2= 920  P= 532  D=  -1 
 X= 926 X2=1023  Y= 977 Y2=1023 P1=1023 P2=   0 T1=1023 T2= 921  P= 532  D=  -1 
 X= 944 X2=1020  Y= 981 Y2=1022 P1=1023 P2=   0 T1=1021 T2= 907  P= 532  D=  -1 
 X=1023 X2=1001  Y= 981 Y2=1023 P1=1023 P2=   0 T1=1017 T2= 883  P= 532  D=  -1 
 X= 831 X2=1022  Y= 991 Y2=1017 P1=1023 P2=   0 T1=1018 T2= 918  P= 532  D=  -1 
 X= 911 X2=1023  Y= 968 Y2=1016 P1=1023 P2=   0 T1=1023 T2= 923  P= 532  D=  -1 
 X= 937 X2=1019  Y= 966 Y2=1022 P1=1023 P2=   0 T1=1019 T2= 899  P= 532  D=  -1 
 X= 793 X2=1023  Y= 972 Y2=1023 P1=1023 P2=   0 T1=1018 T2= 907  P= 532  D=  -1 
 X= 895 X2=1023  Y= 978 Y2=1019 P1=1023 P2=   0 T1=1023 T2= 912  P= 532  D=  -1 
 X=1021 X2=1006  Y= 981 Y2=1023 P1=1023 P2=   0 T1=1019 T2= 893  P= 532  D=  -1 
 X= 855 X2=1023  Y= 981 Y2=1019 P1=1023 P2=   0 T1=1019 T2= 888  P= 532  D=  -1 
 X= 961 X2= 990  Y= 977 Y2=1019 P1=1023 P2=   0 T1=1023 T2= 901  P= 532  D=  -1 
 X=1023 X2=1012  Y= 975 Y2=1023 P1=1023 P2=   0 T1=1019 T2= 887  P= 532  D=  -1 
 X= 918 X2=1023  Y= 961 Y2=1021 P1=1023 P2=   0 T1=1019 T2= 895  P= 532  D=  -1 
 X= 908 X2=1023  Y= 977 Y2=1021 P1=1023 P2=   0 T1=1019 T2= 916  P= 532  D=  -1 
 X= 957 X2=1022  Y= 976 Y2=1019 P1=1023 P2=   0 T1=1023 T2= 898  P= 532  D=  -1 
 X= 892 X2=1019  Y= 977 Y2=1018 P1=1023 P2=   0 T1=1023 T2= 893  P= 532  D=  -1 
 X= 950 X2=1023  Y= 987 Y2=1023 P1=1022 P2=   0 T1=1018 T2= 906  P= 532  D=  -1 
 X=1023 X2=1001  Y= 971 Y2=1018 P1=1023 P2=   0 T1=1023 T2= 879  P= 532  D=  -1 
 X= 999 X2= 993  Y= 970 Y2=1018 P1=1023 P2=   0 T1=1023 T2= 876  P= 532  D=  -1 
 X= 894 X2=1023  Y= 971 Y2=1023 P1=1023 P2=   0 T1=1019 T2= 901  P= 532  D=  -1 
 X= 891 X2=1023  Y= 985 Y2=1021 P1=1023 P2=   0 T1=1023 T2= 923  P= 532  D=  -1 
 X= 890 X2=1020  Y= 973 Y2=1020 P1=1023 P2=   0 T1=1018 T2= 910  P= 532  D=  -1 
 X= 949 X2=1020  Y= 974 Y2=1023 P1=1023 P2=   0 T1=1023 T2= 894  P= 532  D=  -1 
 X= 892 X2=1023  Y= 986 Y2=1023 P1=1023 P2=   0 T1=1023 T2= 895  P= 532  D=  -1 
 X= 848 X2=1018  Y= 965 Y2=1023 P1=1023 P2=   0 T1=1017 T2= 913  P= 532  D=  -1 
 X= 915 X2=1016  Y= 975 Y2=1023 P1=1023 P2=   0 T1=1018 T2= 899  P= 532  D=  -1 
 X= 912 X2=1018  Y= 975 Y2=1017 P1=1023 P2=   0 T1=1020 T2= 900  P= 532  D=  -1 
 X=1023 X2=1000  Y= 974 Y2=1023 P1=1023 P2=   0 T1=1019 T2= 903  P= 532  D=  -1 
 X= 869 X2=1014  Y= 973 Y2=1023 P1=1023 P2=   0 T1=1018 T2= 906  P= 532  D=  -1 
 X=1018 X2=1015  Y= 969 Y2=1023 P1=1023 P2=   0 T1=1018 T2= 906  P= 532  D=  -1 
 X= 997 X2=1004  Y= 972 Y2=1018 P1=1023 P2=   0 T1=1023 T2= 887  P= 532  D=  -1 
 X= 883 X2=1023  Y= 994 Y2=1022 P1=1023 P2=   0 T1=1023 T2= 876  P= 532  D=  -1 
 X= 237 X2= 239  Y= 703 Y2= 699 P1= 826 P2= 245 T1=  23 T2=  22  P= 564  D=  -1 * 0
 X= 238 X2= 239  Y= 703 Y2= 699 P1= 828 P2= 243 T1=  22 T2=  22  P= 572  D=  -1 * 0
 X= 237 X2= 239  Y= 704 Y2= 700 P1= 830 P2= 242 T1=  23 T2=  22  P= 578  D=  -1 * 0
 X= 236 X2= 240  Y= 704 Y2= 700 P1= 830 P2= 242 T1=  22 T2=  25  P= 578  D=  -1 * 0
 X= 238 X2= 240  Y= 705 Y2= 700 P1= 831 P2= 239 T1=  23 T2=  22  P= 591  D=  -1 * 1
 X= 238 X2= 239  Y= 704 Y2= 700 P1= 829 P2= 242 T1=  22 T2=  21  P= 577  D=  -1 * 2
 X= 237 X2= 239  Y= 704 Y2= 700 P1= 829 P2= 243 T1=  21 T2=  22  P= 573  D=  -1 * 3
 X= 237 X2= 239  Y= 704 Y2= 700 P1= 829 P2= 243 T1=  22 T2=  22  P= 573  D=  -1 * 4
 X= 236 X2= 239  Y= 704 Y2= 700 P1= 829 P2= 242 T1=  22 T2=  22  P= 574  D=  -1 * 5
 X= 236 X2= 239  Y= 708 Y2= 700 P1= 831 P2= 240 T1=  20 T2=  22  P= 583  D=  -1 * 6
 X= 236 X2= 238  Y= 703 Y2= 699 P1= 831 P2= 240 T1=  22 T2=  22  P= 583  D=  -1 * 7
 X= 235 X2= 239  Y= 703 Y2= 700 P1= 830 P2= 241 T1=  23 T2=  22  P= 578  D=  -1 * 8
 X= 236 X2= 241  Y= 704 Y2= 700 P1= 830 P2= 241 T1=  22 T2=  21  P= 581  D=  -1 * 9
 X= 236 X2= 238  Y= 704 Y2= 700 P1= 830 P2= 241 T1=  20 T2=  22  P= 578  D=  -1 * 10
 X= 236 X2= 238  Y= 703 Y2= 699 P1= 829 P2= 241 T1=  22 T2=  22  P= 578  D=  -1 * 11
 X= 236 X2= 238  Y= 704 Y2= 699 P1= 830 P2= 241 T1=  22 T2=  22  P= 578  D=  -1 * 12
 X= 236 X2= 238  Y= 704 Y2= 698 P1= 830 P2= 241 T1=  22 T2=  22  P= 578  D=  -1 * 13
 X= 237 X2= 239  Y= 704 Y2= 699 P1= 830 P2= 240 T1=  22 T2=  21  P= 585  D=  -1 * 14
 X= 237 X2= 238  Y= 704 Y2= 699 P1= 830 P2= 241 T1=  22 T2=  22  P= 578  D=  -1 * 15
 X= 236 X2= 238  Y= 704 Y2= 700 P1= 829 P2= 241 T1=  22 T2=  23  P= 578  D=  -1 * 16
 X= 238 X2= 238  Y= 704 Y2= 701 P1= 829 P2= 241 T1=  22 T2=  22  P= 580  D=  -1 * 17
 X= 236 X2= 238  Y= 703 Y2= 700 P1= 829 P2= 241 T1=  22 T2=  22  P= 578  D=  -1 * 18
 X= 236 X2= 235  Y= 704 Y2= 699 P1= 830 P2= 241 T1=  22 T2=  21  P= 574  D=  -1 * 19
 X= 236 X2= 238  Y= 703 Y2= 699 P1= 829 P2= 241 T1=  22 T2=  22  P= 578  D=  -1 * 20
 X= 235 X2= 238  Y= 704 Y2= 700 P1= 829 P2= 241 T1=  22 T2=  22  P= 575  D=  -1 * 21
 X= 236 X2= 238  Y= 704 Y2= 699 P1= 829 P2= 241 T1=  22 T2=  22  P= 578  D=  -1 * 22
 X= 236 X2= 239  Y= 704 Y2= 699 P1= 829 P2= 242 T1=  22 T2=  22  P= 574  D=  -1 * 23
 X= 236 X2= 239  Y= 704 Y2= 699 P1= 830 P2= 241 T1=  21 T2=  22  P= 578  D=  -1 * 24
Remove Pin
 X= 236 X2= 238  Y= 704 Y2= 699 P1= 829 P2= 240 T1=  22 T2=  23  P= 581  D=  -1 * 24
 X= 236 X2= 238  Y= 705 Y2= 700 P1= 829 P2= 241 T1=  22 T2=  22  P= 578  D=  -1 * 24
 X= 236 X2= 238  Y= 704 Y2= 700 P1= 829 P2= 241 T1=  19 T2=  21  P= 578  D=  -1 * 24
 X= 236 X2= 239  Y= 703 Y2= 700 P1= 829 P2= 241 T1=  23 T2=  20  P= 578  D=  -1 * 24
 X= 236 X2= 238  Y= 704 Y2= 699 P1= 829 P2= 241 T1=  22 T2=  22  P= 578  D=  -1 * 24
 X= 236 X2= 238  Y= 704 Y2= 699 P1= 828 P2= 241 T1=  22 T2=  22  P= 577  D=  -1 * 24
 X= 236 X2= 240  Y= 705 Y2= 699 P1= 829 P2= 241 T1=  22 T2=  22  P= 580  D=  -1 * 24
 X= 235 X2= 238  Y= 707 Y2= 700 P1= 829 P2= 241 T1=  22 T2=  22  P= 575  D=  -1 * 24
 X= 236 X2= 239  Y= 703 Y2= 699 P1= 829 P2= 241 T1=  22 T2=  22  P= 578  D=  -1 * 24
 X= 236 X2= 238  Y= 703 Y2= 699 P1= 829 P2= 241 T1=  22 T2=  22  P= 578  D=  -1 * 24
 X= 236 X2= 238  Y= 703 Y2= 700 P1= 829 P2= 241 T1=  22 T2=  23  P= 578  D=  -1 * 24
 X= 236 X2= 238  Y= 703 Y2= 699 P1= 829 P2= 241 T1=  21 T2=  22  P= 578  D=  -1 * 24
 X= 236 X2= 240  Y= 703 Y2= 699 P1= 829 P2= 240 T1=  22 T2=  22  P= 584  D=  -1 * 24
 X= 236 X2= 238  Y= 704 Y2= 700 P1= 829 P2= 241 T1=  22 T2=  24  P= 578  D=  -1 * 24
 X= 236 X2= 239  Y= 704 Y2= 699 P1= 828 P2= 241 T1=  22 T2=  22  P= 577  D=  -1 * 24
 X= 236 X2= 238  Y= 703 Y2= 698 P1= 829 P2= 241 T1=  22 T2=  22  P= 578  D=  -1 * 24
 X= 237 X2= 238  Y= 706 Y2= 699 P1= 830 P2= 241 T1=  20 T2=  22  P= 578  D=  -1 * 24
 X= 236 X2= 238  Y= 704 Y2= 698 P1= 824 P2= 241 T1=  22 T2=  21  P= 573  D=  -1 * 24
 X= 236 X2= 238  Y= 703 Y2= 699 P1= 829 P2= 242 T1=  22 T2=  22  P= 574  D=  -1 * 24
 X= 233 X2= 238  Y= 704 Y2= 699 P1= 829 P2= 242 T1=  22 T2=  22  P= 569  D=  -1 * 24
 X= 238 X2= 238  Y= 704 Y2= 701 P1= 832 P2= 238 T1=  23 T2=  22  P= 593  D=  -1 * 24
 X= 248 X2= 246  Y= 710 Y2= 708 P1= 893 P2= 161 T1=  25 T2=  44  P= 593  D=  -1 * 24
 X= 908 X2=1023  Y= 969 Y2=1018 P1=1023 P2=   0 T1=1023 T2= 887  P= 593  D=  -1 
 X= 881 X2=1022  Y= 977 Y2=1023 P1=1023 P2=   0 T1=1018 T2= 901  P= 593  D=  -1 
 X= 986 X2=1016  Y= 966 Y2=1023 P1=1023 P2=   0 T1=1023 T2= 896  P= 593  D=  -1 
Target Noise  x= 2.50 y= 2.50
X[0]: Target= 23   238/ 239/ 240 Stdev= 0.54 N= 24  Y[0]: Target= 22   321/ 323/ 324 Stdev= 0.66 N= 24
X[1]: Target=456   811/ 811/ 812 Stdev= 0.32 N= 24  Y[1]: Target= 22   326/ 328/ 328 Stdev= 0.55 N= 24
X[2]: Target=456   808/ 808/ 809 Stdev= 0.47 N= 24  Y[2]: Target=249   708/ 709/ 710 Stdev= 0.53 N= 24
X[3]: Target= 23   235/ 237/ 239 Stdev= 0.76 N= 24  Y[3]: Target=249   701/ 702/ 704 Stdev= 0.69 N= 24
N=24 Avg=21
min: 20 20 21 21 21 21 
max: 23 23 22 22 22 22 
N=24 Avg=14
min: 12 13 13 14 14 14 
max: 15 15 15 15 15 15 
N=24 Avg=14
min: 14 14 14 14 14 14 
max: 16 16 15 15 15 15 
N=24 Avg=21
min: 21 21 21 21 21 21 
max: 23 22 22 22 22 22 
Using TNT center offset = 19
TNT Plane Coef: a= -801 b=   -3 c= 389244
At  238, 323: Real=  22 Fit=  22 Offset=   3
At  811, 327: Real=  15 Fit=  16 Offset=  -3
At  808, 708: Real=  15 Fit=  16 Offset=  -3
At  237, 701: Real=  22 Fit=  22 Offset=   3
Fit Corners: 25, 13, 13, 25  Center: 19
Setting for min_tnt_up:   521
Setting for max_tnt_down: 24 (V2:36)
Entering calib_pressure_mfg
Using default pressure curve
468 471 487 495 509 524 553 575 612 
Summary:
Setting for max_tnt_down:      24
3.7 setting for max_tnt_down:     -1
Setting for min_tnt_up:       521
Setting for max_delta_tnt:      5
3.8 setting for max_delta_tnt:     -1
Setting for delay_in_us:        1
Setting for y_delay_in_us:      1
Setting for tnt_delay_in_us:    1
Setting for pressure_curve:  468 471 487 495 509 524 553 575 612
Setting for tnt_mode:           1
Setting for averaging:         -1
Setting for pointercal:      49522 131 -10321415 -274 39355 -11204663 65536
Setting for tnt_plane:       -801 -3 389244
