new-calib: New touch screen calibration program v3.13
Serial Number='150A1E00010B0602030E'
Using tnt_mode=1
Setting for delay_in_us:        1
Setting for y_delay_in_us:      1
Setting for tnt_delay_in_us:    1
Setting for max_delta_tnt:      5
Setting for tnt_mode:           1
Setting for averaging:         -1
Entering get_five_points
target_noise  x= 2.50 y= 2.50 t= 2.50
target state=0 point=240,136
 X= 954 X2= 985  Y= 893 Y2=1021 P1=  -1 P2=  -1 T1=1023 T2= 738  P=  -1  D=  -1 
 X= 962 X2=1001  Y= 877 Y2=1020 P1=  -1 P2=  -1 T1=1022 T2= 818  P=  -1  D=  -1 
 X=1021 X2=1010  Y= 887 Y2=1022 P1=  -1 P2=  -1 T1=1022 T2= 732  P=  -1  D=  -1 
 X= 793 X2=1023  Y= 852 Y2=1021 P1=  -1 P2=  -1 T1=1023 T2= 729  P=  -1  D=  -1 
 X=1023 X2=1011  Y= 879 Y2=1022 P1=  -1 P2=  -1 T1=1023 T2= 761  P=  -1  D=  -1 
 X= 761 X2=1023  Y= 906 Y2=1020 P1=  -1 P2=  -1 T1=1023 T2= 773  P=  -1  D=  -1 
 X=1006 X2=1023  Y= 910 Y2=1021 P1=  -1 P2=  -1 T1=1023 T2= 790  P=  -1  D=  -1 
 X= 913 X2= 993  Y= 898 Y2=1021 P1=  -1 P2=  -1 T1=1023 T2= 786  P=  -1  D=  -1 
 X= 987 X2=1016  Y= 935 Y2=1022 P1=  -1 P2=  -1 T1=1022 T2= 794  P=  -1  D=  -1 
 X= 884 X2=1023  Y= 920 Y2=1020 P1=  -1 P2=  -1 T1=1022 T2= 799  P=  -1  D=  -1 
 X=1023 X2=1023  Y= 928 Y2=1022 P1=  -1 P2=  -1 T1=1022 T2= 786  P=  -1  D=  -1 
 X= 756 X2=1023  Y= 916 Y2=1020 P1=  -1 P2=  -1 T1=1022 T2= 804  P=  -1  D=  -1 
 X= 985 X2=1006  Y= 916 Y2=1022 P1=  -1 P2=  -1 T1=1022 T2= 783  P=  -1  D=  -1 
 X= 830 X2=1023  Y= 916 Y2=1021 P1=  -1 P2=  -1 T1=1022 T2= 765  P=  -1  D=  -1 
 X= 785 X2=1023  Y= 919 Y2=1020 P1=  -1 P2=  -1 T1=1023 T2= 760  P=  -1  D=  -1 
 X= 863 X2=1022  Y= 909 Y2=1022 P1=  -1 P2=  -1 T1=1023 T2= 791  P=  -1  D=  -1 
 X= 886 X2=1023  Y= 922 Y2=1021 P1=  -1 P2=  -1 T1=1023 T2= 775  P=  -1  D=  -1 
 X= 803 X2=1023  Y= 914 Y2=1022 P1=  -1 P2=  -1 T1=1023 T2= 770  P=  -1  D=  -1 
 X= 896 X2=1014  Y= 924 Y2=1021 P1=  -1 P2=  -1 T1=1023 T2= 826  P=  -1  D=  -1 
 X= 923 X2=1017  Y= 910 Y2=1020 P1=  -1 P2=  -1 T1=1023 T2= 794  P=  -1  D=  -1 
 X= 799 X2=1023  Y= 926 Y2=1021 P1=  -1 P2=  -1 T1=1023 T2= 751  P=  -1  D=  -1 
 X= 935 X2=1013  Y= 901 Y2=1022 P1=  -1 P2=  -1 T1=1023 T2= 782  P=  -1  D=  -1 
 X= 930 X2=1014  Y= 916 Y2=1022 P1=  -1 P2=  -1 T1=1022 T2= 779  P=  -1  D=  -1 
 X= 732 X2=1023  Y= 896 Y2=1022 P1=  -1 P2=  -1 T1=1023 T2= 786  P=  -1  D=  -1 
 X= 987 X2=1007  Y= 921 Y2=1021 P1=  -1 P2=  -1 T1=1022 T2= 783  P=  -1  D=  -1 
 X= 851 X2= 992  Y= 908 Y2=1021 P1=  -1 P2=  -1 T1=1023 T2= 786  P=  -1  D=  -1 
 X= 981 X2=1005  Y= 930 Y2=1021 P1=  -1 P2=  -1 T1=1022 T2= 817  P=  -1  D=  -1 
 X= 734 X2=1023  Y= 905 Y2=1021 P1=  -1 P2=  -1 T1=1022 T2= 793  P=  -1  D=  -1 
 X= 909 X2=1023  Y= 921 Y2=1021 P1=  -1 P2=  -1 T1=1022 T2= 826  P=  -1  D=  -1 
 X= 702 X2=1023  Y= 916 Y2=1020 P1=  -1 P2=  -1 T1=1023 T2= 798  P=  -1  D=  -1 
 X= 985 X2=1013  Y= 933 Y2=1023 P1=  -1 P2=  -1 T1=1022 T2= 815  P=  -1  D=  -1 
 X= 785 X2=1023  Y= 900 Y2=1022 P1=  -1 P2=  -1 T1=1023 T2= 776  P=  -1  D=  -1 
 X= 845 X2= 990  Y= 926 Y2=1021 P1=  -1 P2=  -1 T1=1023 T2= 770  P=  -1  D=  -1 
 X= 987 X2=1000  Y= 914 Y2=1023 P1=  -1 P2=  -1 T1=1022 T2= 788  P=  -1  D=  -1 
 X= 958 X2=1013  Y= 924 Y2=1022 P1=  -1 P2=  -1 T1=1022 T2= 794  P=  -1  D=  -1 
 X= 757 X2=1023  Y= 913 Y2=1020 P1=  -1 P2=  -1 T1=1022 T2= 810  P=  -1  D=  -1 
 X= 804 X2=1006  Y= 901 Y2=1021 P1=  -1 P2=  -1 T1=1021 T2= 800  P=  -1  D=  -1 
 X= 826 X2=1022  Y= 905 Y2=1021 P1=  -1 P2=  -1 T1=1023 T2= 787  P=  -1  D=  -1 
 X=1016 X2=1023  Y= 946 Y2=1021 P1=  -1 P2=  -1 T1=1022 T2= 785  P=  -1  D=  -1 
 X= 858 X2=1023  Y= 902 Y2=1021 P1=  -1 P2=  -1 T1=1022 T2= 766  P=  -1  D=  -1 
 X= 980 X2=1015  Y= 895 Y2=1020 P1=  -1 P2=  -1 T1=1023 T2= 784  P=  -1  D=  -1 
 X= 931 X2= 986  Y= 890 Y2=1020 P1=  -1 P2=  -1 T1=1022 T2= 798  P=  -1  D=  -1 
 X= 982 X2=1015  Y= 920 Y2=1022 P1=  -1 P2=  -1 T1=1022 T2= 823  P=  -1  D=  -1 
 X= 865 X2=1023  Y= 894 Y2=1021 P1=  -1 P2=  -1 T1=1023 T2= 776  P=  -1  D=  -1 
 X= 943 X2=1023  Y= 908 Y2=1021 P1=  -1 P2=  -1 T1=1022 T2= 770  P=  -1  D=  -1 
 X= 911 X2=1017  Y= 903 Y2=1021 P1=  -1 P2=  -1 T1=1023 T2= 803  P=  -1  D=  -1 
 X= 962 X2=1012  Y= 916 Y2=1022 P1=  -1 P2=  -1 T1=1022 T2= 796  P=  -1  D=  -1 
 X= 733 X2=1023  Y= 914 Y2=1019 P1=  -1 P2=  -1 T1=1023 T2= 796  P=  -1  D=  -1 
 X=1023 X2=1012  Y= 890 Y2=1022 P1=  -1 P2=  -1 T1=1023 T2= 750  P=  -1  D=  -1 
 X= 896 X2=1023  Y= 908 Y2=1021 P1=  -1 P2=  -1 T1=1022 T2= 796  P=  -1  D=  -1 
 X= 870 X2=1023  Y= 930 Y2=1021 P1=  -1 P2=  -1 T1=1023 T2= 828  P=  -1  D=  -1 
 X= 987 X2=1023  Y=1020 Y2=1022 P1=  -1 P2=  -1 T1=1022 T2=1019  P=  -1  D=  -1 
 X= 967 X2=1010  Y= 916 Y2=1021 P1=1022 P2=  -1 T1=1022 T2= 793  P=  -1  D=  -1 
 X= 762 X2=1023  Y= 907 Y2=1021 P1=1023 P2=  -1 T1=1023 T2= 787  P=  -1  D=  -1 
 X= 979 X2=1007  Y= 918 Y2=1022 P1=1023 P2=  -1 T1=1022 T2= 801  P=  -1  D=  -1 
 X= 784 X2=1023  Y= 886 Y2=1021 P1=1023 P2=  -1 T1=1023 T2= 786  P=  -1  D=  -1 
 X= 987 X2=1017  Y= 925 Y2=1022 P1=1023 P2=  -1 T1=1023 T2= 781  P=  -1  D=  -1 
 X= 829 X2=1005  Y= 920 Y2=1022 P1=1023 P2=  -1 T1=1023 T2= 772  P=  -1  D=  -1 
 X= 937 X2=1023  Y= 947 Y2=1021 P1=1023 P2=  -1 T1=1023 T2= 774  P=  -1  D=  -1 
 X= 824 X2= 990  Y= 907 Y2=1021 P1=1023 P2=  -1 T1=1023 T2= 787  P=  -1  D=  -1 
 X= 953 X2=1023  Y= 928 Y2=1021 P1=1023 P2=  -1 T1=1022 T2= 791  P=  -1  D=  -1 
 X= 836 X2=1023  Y= 910 Y2=1021 P1=1023 P2=  -1 T1=1022 T2= 757  P=  -1  D=  -1 
 X= 908 X2=1023  Y= 924 Y2=1021 P1=1023 P2=  -1 T1=1023 T2= 774  P=  -1  D=  -1 
 X= 850 X2=1023  Y= 896 Y2=1020 P1=1023 P2=  -1 T1=1023 T2= 794  P=  -1  D=  -1 
 X=1023 X2=1005  Y= 906 Y2=1022 P1=1023 P2=  -1 T1=1023 T2= 778  P=  -1  D=  -1 
 X= 979 X2=1010  Y= 880 Y2=1022 P1=1023 P2=  -1 T1=1023 T2= 780  P=  -1  D=  -1 
 X= 938 X2=1017  Y= 897 Y2=1021 P1=1023 P2=  -1 T1=1023 T2= 806  P=  -1  D=  -1 
 X= 809 X2= 992  Y= 907 Y2=1021 P1=1023 P2=  -1 T1=1023 T2= 788  P=  -1  D=  -1 
 X= 833 X2=1023  Y= 923 Y2=1022 P1=1023 P2=  -1 T1=1023 T2= 786  P=  -1  D=  -1 
 X= 761 X2=1023  Y= 918 Y2=1021 P1=1023 P2=  -1 T1=1023 T2= 784  P=  -1  D=  -1 
 X= 897 X2=1011  Y= 938 Y2=1022 P1=1023 P2=  -1 T1=1023 T2= 766  P=  -1  D=  -1 
 X= 821 X2=1023  Y= 920 Y2=1021 P1=1023 P2=  -1 T1=1023 T2= 782  P=  -1  D=  -1 
 X=1005 X2=1019  Y= 897 Y2=1021 P1=1023 P2=  -1 T1=1022 T2= 789  P=  -1  D=  -1 
 X= 744 X2=1023  Y= 901 Y2=1022 P1=1023 P2=  -1 T1=1022 T2= 812  P=  -1  D=  -1 
 X= 904 X2=1023  Y= 907 Y2=1022 P1=1023 P2=  -1 T1=1022 T2= 794  P=  -1  D=  -1 
 X= 689 X2=1023  Y= 900 Y2=1022 P1=1023 P2=  -1 T1=1023 T2= 769  P=  -1  D=  -1 
 X= 880 X2=1023  Y= 928 Y2=1021 P1=1023 P2=  -1 T1=1023 T2= 751  P=  -1  D=  -1 
 X= 917 X2=1023  Y= 919 Y2=1021 P1=1023 P2=  -1 T1=1023 T2= 769  P=  -1  D=  -1 
 X= 983 X2=1008  Y= 924 Y2=1021 P1=1023 P2=  -1 T1=1023 T2= 780  P=  -1  D=  -1 
 X= 926 X2= 996  Y= 886 Y2=1020 P1=1023 P2=  -1 T1=1023 T2= 804  P=  -1  D=  -1 
 X= 864 X2=1011  Y= 909 Y2=1022 P1=1023 P2=  -1 T1=1023 T2= 797  P=  -1  D=  -1 
 X= 990 X2=1023  Y= 929 Y2=1021 P1=1023 P2=  -1 T1=1022 T2= 806  P=  -1  D=  -1 
 X= 959 X2=1010  Y= 905 Y2=1019 P1=1023 P2=  -1 T1=1023 T2= 807  P=  -1  D=  -1 
 X= 885 X2=1006  Y= 912 Y2=1023 P1=1023 P2=  -1 T1=1023 T2= 785  P=  -1  D=  -1 
 X= 839 X2=1012  Y= 906 Y2=1022 P1=1023 P2=  -1 T1=1023 T2= 812  P=  -1  D=  -1 
 X= 965 X2=1003  Y= 914 Y2=1021 P1=1023 P2=  -1 T1=1023 T2= 775  P=  -1  D=  -1 
 X=1015 X2=1007  Y= 923 Y2=1022 P1=1023 P2=  -1 T1=1022 T2= 794  P=  -1  D=  -1 
 X= 853 X2=1023  Y= 913 Y2=1020 P1=1023 P2=  -1 T1=1022 T2= 762  P=  -1  D=  -1 
 X=1023 X2=1013  Y= 923 Y2=1022 P1=1023 P2=  -1 T1=1022 T2= 801  P=  -1  D=  -1 
 X= 952 X2=1011  Y= 900 Y2=1022 P1=1023 P2=  -1 T1=1023 T2= 785  P=  -1  D=  -1 
 X=1023 X2=1015  Y= 879 Y2=1021 P1=1023 P2=  -1 T1=1023 T2= 807  P=  -1  D=  -1 
 X= 849 X2=1023  Y= 914 Y2=1021 P1=1023 P2=  -1 T1=1022 T2= 790  P=  -1  D=  -1 
 X= 916 X2=1023  Y= 928 Y2=1022 P1=1023 P2=  -1 T1=1023 T2= 767  P=  -1  D=  -1 
 X= 955 X2=1023  Y= 928 Y2=1019 P1=1023 P2=  -1 T1=1022 T2= 798  P=  -1  D=  -1 
 X= 923 X2=1023  Y= 916 Y2=1021 P1=1023 P2=  -1 T1=1022 T2= 794  P=  -1  D=  -1 
 X= 908 X2=1002  Y= 917 Y2=1023 P1=1023 P2=  -1 T1=1023 T2= 781  P=  -1  D=  -1 
 X= 820 X2=1002  Y= 909 Y2=1021 P1=1023 P2=  -1 T1=1023 T2= 803  P=  -1  D=  -1 
 X=1006 X2=1006  Y= 859 Y2=1020 P1=1023 P2=  -1 T1=1023 T2= 791  P=  -1  D=  -1 
 X= 895 X2=1023  Y= 921 Y2=1021 P1=1021 P2=  -1 T1=1023 T2= 814  P=  -1  D=  -1 
 X=1014 X2=1001  Y= 912 Y2=1022 P1=1023 P2=  -1 T1=1023 T2= 806  P=  -1  D=  -1 
 X=1023 X2=1022  Y= 945 Y2=1021 P1=1023 P2=  -1 T1=1022 T2= 779  P=  -1  D=  -1 
 X= 865 X2=1005  Y= 901 Y2=1021 P1=1023 P2=  -1 T1=1023 T2= 786  P=  -1  D=  -1 
 X= 528 X2= 528  Y= 522 Y2= 521 P1= 821 P2= 433 T1=1022 T2=  17  P=  -1  D=  -1 
 X= 867 X2=1023  Y= 903 Y2=1021 P1=1023 P2=   0 T1=1023 T2= 794  P=  -1  D=  -1 
 X= 555 X2= 559  Y= 550 Y2= 553 P1= 900 P2= 270 T1=  27 T2=  36  P=  -1  D=  -1 * 0
 X= 529 X2= 530  Y= 524 Y2= 524 P1= 838 P2= 396 T1=  20 T2=  21  P= 590  D=  -1 * 0
 X= 529 X2= 529  Y= 524 Y2= 525 P1= 838 P2= 396 T1=  26 T2=  21  P= 590  D=  -1 * 0
 X= 530 X2= 529  Y= 524 Y2= 524 P1= 841 P2= 389 T1=  20 T2=  21  P= 614  D=  -1 * 0
 X= 538 X2= 532  Y= 527 Y2= 527 P1= 856 P2= 358 T1=  25 T2=  24  P= 744  D=  -1 * 1
 X= 529 X2= 529  Y= 524 Y2= 524 P1= 840 P2= 392 T1=  20 T2=  20  P= 604  D=  -1 * 2
 X= 529 X2= 530  Y= 525 Y2= 525 P1= 843 P2= 386 T1=  21 T2=  21  P= 625  D=  -1 * 3
 X= 530 X2= 531  Y= 525 Y2= 525 P1= 845 P2= 380 T1=  21 T2=  22  P= 648  D=  -1 * 4
 X= 530 X2= 529  Y= 524 Y2= 524 P1= 843 P2= 386 T1=  21 T2=  21  P= 625  D=  -1 * 5
 X= 530 X2= 530  Y= 524 Y2= 524 P1= 842 P2= 388 T1=  21 T2=  21  P= 620  D=  -1 * 6
 X= 530 X2= 530  Y= 524 Y2= 524 P1= 841 P2= 390 T1=  21 T2=  20  P= 612  D=  -1 * 7
 X= 531 X2= 530  Y= 524 Y2= 522 P1= 841 P2= 389 T1=  21 T2=  20  P= 615  D=  -1 * 8
 X= 530 X2= 530  Y= 524 Y2= 524 P1= 841 P2= 389 T1=  21 T2=  21  P= 615  D=  -1 * 9
 X= 530 X2= 530  Y= 524 Y2= 524 P1= 841 P2= 389 T1=  21 T2=  21  P= 615  D=  -1 * 10
 X= 530 X2= 529  Y= 524 Y2= 524 P1= 841 P2= 389 T1=  21 T2=  21  P= 614  D=  -1 * 11
 X= 529 X2= 530  Y= 524 Y2= 524 P1= 841 P2= 390 T1=  21 T2=  21  P= 611  D=  -1 * 12
 X= 530 X2= 529  Y= 524 Y2= 524 P1= 840 P2= 391 T1=  21 T2=  21  P= 607  D=  -1 * 13
 X= 530 X2= 529  Y= 524 Y2= 524 P1= 840 P2= 391 T1=  20 T2=  20  P= 607  D=  -1 * 14
 X= 529 X2= 528  Y= 524 Y2= 524 P1= 839 P2= 392 T1=  21 T2=  21  P= 601  D=  -1 * 15
 X= 529 X2= 530  Y= 523 Y2= 524 P1= 839 P2= 393 T1=  20 T2=  20  P= 599  D=  -1 * 16
 X= 529 X2= 529  Y= 523 Y2= 523 P1= 839 P2= 394 T1=  21 T2=  20  P= 597  D=  -1 * 17
 X= 530 X2= 530  Y= 523 Y2= 523 P1= 839 P2= 394 T1=  20 T2=  20  P= 598  D=  -1 * 18
 X= 530 X2= 530  Y= 523 Y2= 524 P1= 839 P2= 394 T1=  20 T2=  20  P= 598  D=  -1 * 19
 X= 530 X2= 529  Y= 523 Y2= 524 P1= 839 P2= 395 T1=  20 T2=  20  P= 594  D=  -1 * 20
 X= 530 X2= 529  Y= 524 Y2= 523 P1= 839 P2= 394 T1=  21 T2=  20  P= 597  D=  -1 * 21
 X= 529 X2= 529  Y= 523 Y2= 524 P1= 838 P2= 395 T1=  20 T2=  20  P= 593  D=  -1 * 22
 X= 529 X2= 530  Y= 523 Y2= 523 P1= 838 P2= 396 T1=  21 T2=  20  P= 590  D=  -1 * 23
 X= 528 X2= 529  Y= 524 Y2= 523 P1= 838 P2= 395 T1=  20 T2=  20  P= 591  D=  -1 * 24
Remove Pin
 X= 530 X2= 529  Y= 524 Y2= 522 P1= 837 P2= 395 T1=  21 T2=  20  P= 591  D=  -1 * 24
 X= 529 X2= 528  Y= 523 Y2= 523 P1= 838 P2= 396 T1=  20 T2=  19  P= 589  D=  -1 * 24
 X= 529 X2= 529  Y= 523 Y2= 524 P1= 837 P2= 397 T1=  20 T2=  20  P= 586  D=  -1 * 24
 X= 529 X2= 529  Y= 523 Y2= 523 P1= 838 P2= 395 T1=  20 T2=  19  P= 593  D=  -1 * 24
 X= 530 X2= 530  Y= 523 Y2= 523 P1= 839 P2= 395 T1=  20 T2=  20  P= 595  D=  -1 * 24
 X= 529 X2= 530  Y= 523 Y2= 523 P1= 838 P2= 396 T1=  20 T2=  20  P= 590  D=  -1 * 24
 X= 529 X2= 528  Y= 523 Y2= 523 P1= 838 P2= 395 T1=  21 T2=  21  P= 591  D=  -1 * 24
 X= 529 X2= 529  Y= 523 Y2= 524 P1= 839 P2= 395 T1=  20 T2=  20  P= 594  D=  -1 * 24
 X= 529 X2= 529  Y= 524 Y2= 524 P1= 839 P2= 395 T1=  20 T2=  20  P= 594  D=  -1 * 24
 X= 529 X2= 530  Y= 523 Y2= 523 P1= 838 P2= 395 T1=  20 T2=  20  P= 593  D=  -1 * 24
 X= 530 X2= 529  Y= 524 Y2= 523 P1= 837 P2= 396 T1=  20 T2=  20  P= 588  D=  -1 * 24
 X= 529 X2= 530  Y= 523 Y2= 523 P1= 839 P2= 395 T1=  20 T2=  20  P= 594  D=  -1 * 24
 X= 529 X2= 529  Y= 523 Y2= 523 P1= 839 P2= 395 T1=  20 T2=  20  P= 594  D=  -1 * 24
 X= 529 X2= 530  Y= 524 Y2= 524 P1= 839 P2= 395 T1=  20 T2=  20  P= 594  D=  -1 * 24
 X= 530 X2= 529  Y= 523 Y2= 524 P1= 838 P2= 395 T1=  20 T2=  20  P= 593  D=  -1 * 24
 X= 533 X2= 530  Y= 523 Y2= 524 P1= 838 P2= 395 T1=  20 T2=  20  P= 595  D=  -1 * 24
 X= 530 X2= 529  Y= 523 Y2= 523 P1= 838 P2= 395 T1=  20 T2=  20  P= 593  D=  -1 * 24
 X= 530 X2= 528  Y= 523 Y2= 524 P1= 838 P2= 395 T1=  20 T2=  21  P= 593  D=  -1 * 24
 X= 529 X2= 529  Y= 524 Y2= 523 P1= 839 P2= 394 T1=  21 T2=  20  P= 597  D=  -1 * 24
 X= 529 X2= 529  Y= 524 Y2= 523 P1= 838 P2= 394 T1=  21 T2=  20  P= 595  D=  -1 * 24
 X= 530 X2= 530  Y= 524 Y2= 523 P1= 839 P2= 394 T1=  20 T2=  20  P= 598  D=  -1 * 24
 X= 530 X2= 530  Y= 523 Y2= 524 P1= 839 P2= 395 T1=  20 T2=  20  P= 595  D=  -1 * 24
 X= 529 X2= 529  Y= 524 Y2= 524 P1= 839 P2= 395 T1=  20 T2=  21  P= 594  D=  -1 * 24
 X= 538 X2= 549  Y= 554 Y2= 612 P1=1023 P2=   0 T1=  24 T2= 759  P= 594  D=  -1 * 24
 X=1005 X2=1015  Y= 905 Y2=1022 P1=1023 P2=   0 T1=1022 T2= 806  P= 594  D=  -1 
 X= 901 X2= 995  Y= 925 Y2=1021 P1=1023 P2=   0 T1=1022 T2= 820  P= 594  D=  -1 
 X= 946 X2=1023  Y= 926 Y2=1021 P1=1023 P2=   0 T1=1023 T2= 825  P= 594  D=  -1 
target state=1 point=23,22
 X= 900 X2=1015  Y= 915 Y2=1021 P1=1023 P2=   0 T1=1023 T2= 821  P= 594  D=  -1 
 X= 940 X2=1023  Y= 927 Y2=1019 P1=1023 P2=   0 T1=1023 T2= 838  P= 594  D=  -1 
 X=1010 X2=1010  Y= 935 Y2=1022 P1=1023 P2=   0 T1=1023 T2= 828  P= 594  D=  -1 
 X= 817 X2=1023  Y= 929 Y2=1021 P1=1023 P2=   0 T1=1022 T2= 789  P= 594  D=  -1 
 X=1003 X2=1014  Y= 949 Y2=1022 P1=1023 P2=   0 T1=1022 T2= 816  P= 594  D=  -1 
 X= 889 X2=1023  Y= 929 Y2=1021 P1=1023 P2=   0 T1=1022 T2= 824  P= 594  D=  -1 
 X= 904 X2=1014  Y= 927 Y2=1022 P1=1023 P2=   0 T1=1023 T2= 810  P= 594  D=  -1 
 X= 898 X2=1023  Y= 948 Y2=1021 P1=1023 P2=   0 T1=1023 T2= 822  P= 594  D=  -1 
 X= 970 X2=1010  Y= 922 Y2=1021 P1=1023 P2=   0 T1=1023 T2= 791  P= 594  D=  -1 
 X= 982 X2=1023  Y= 938 Y2=1022 P1=1023 P2=   0 T1=1023 T2= 818  P= 594  D=  -1 
 X= 726 X2=1023  Y= 924 Y2=1021 P1=1023 P2=   0 T1=1022 T2= 838  P= 594  D=  -1 
 X= 903 X2=1013  Y= 932 Y2=1023 P1=1023 P2=   0 T1=1021 T2= 851  P= 594  D=  -1 
 X= 870 X2=1023  Y= 934 Y2=1021 P1=1023 P2=   0 T1=1022 T2= 815  P= 594  D=  -1 
 X= 982 X2=1008  Y= 941 Y2=1022 P1=1023 P2=   0 T1=1021 T2= 833  P= 594  D=  -1 
 X= 779 X2=1023  Y= 923 Y2=1023 P1=1023 P2=   0 T1=1023 T2= 811  P= 594  D=  -1 
 X= 885 X2=1023  Y= 933 Y2=1021 P1=1023 P2=   0 T1=1023 T2= 817  P= 594  D=  -1 
 X= 831 X2=1013  Y= 919 Y2=1022 P1=1023 P2=   0 T1=1023 T2= 788  P= 594  D=  -1 
 X= 903 X2=1023  Y= 929 Y2=1021 P1=1023 P2=   0 T1=1022 T2= 793  P= 594  D=  -1 
 X=1016 X2=1000  Y= 946 Y2=1022 P1=1023 P2=   0 T1=1023 T2= 830  P= 594  D=  -1 
 X=1004 X2= 993  Y= 922 Y2=1022 P1=1023 P2=   0 T1=1022 T2= 835  P= 594  D=  -1 
 X= 941 X2=1023  Y= 937 Y2=1021 P1=1023 P2=   0 T1=1022 T2= 794  P= 594  D=  -1 
 X= 904 X2=1023  Y= 938 Y2=1021 P1=1023 P2=   0 T1=1023 T2= 811  P= 594  D=  -1 
 X= 701 X2=1023  Y= 912 Y2=1022 P1=1023 P2=   0 T1=1023 T2= 804  P= 594  D=  -1 
 X= 909 X2=1023  Y= 901 Y2=1022 P1=1023 P2=   0 T1=1023 T2= 802  P= 594  D=  -1 
 X= 920 X2= 990  Y= 907 Y2=1022 P1=1023 P2=   0 T1=1023 T2= 791  P= 594  D=  -1 
 X= 893 X2=1013  Y= 934 Y2=1021 P1=1023 P2=   0 T1=1022 T2= 798  P= 594  D=  -1 
 X= 858 X2=1023  Y= 915 Y2=1021 P1=1023 P2=   0 T1=1023 T2= 786  P= 594  D=  -1 
 X= 940 X2= 995  Y= 932 Y2=1022 P1=1023 P2=   0 T1=1023 T2= 804  P= 594  D=  -1 
 X= 806 X2=1023  Y= 919 Y2=1022 P1=1023 P2=   0 T1=1023 T2= 772  P= 594  D=  -1 
 X=1023 X2=1016  Y= 941 Y2=1022 P1=1023 P2=   0 T1=1022 T2= 816  P= 594  D=  -1 
 X= 772 X2=1023  Y= 915 Y2=1020 P1=1023 P2=   0 T1=1023 T2= 821  P= 594  D=  -1 
 X= 803 X2=1023  Y= 938 Y2=1021 P1=1023 P2=   0 T1=1023 T2= 798  P= 594  D=  -1 
 X= 822 X2=1023  Y= 909 Y2=1022 P1=1023 P2=   0 T1=1023 T2= 772  P= 594  D=  -1 
 X= 807 X2=1023  Y= 931 Y2=1021 P1=1023 P2=   0 T1=1022 T2= 808  P= 594  D=  -1 
 X= 877 X2=1023  Y= 920 Y2=1021 P1=1023 P2=   0 T1=1023 T2= 808  P= 594  D=  -1 
 X= 833 X2= 994  Y= 905 Y2=1021 P1=1023 P2=   0 T1=1022 T2= 801  P= 594  D=  -1 
 X= 801 X2=1023  Y= 904 Y2=1020 P1=1023 P2=   0 T1=1023 T2= 815  P= 594  D=  -1 
 X= 890 X2=1018  Y= 925 Y2=1022 P1=1023 P2=   0 T1=1022 T2= 790  P= 594  D=  -1 
 X= 770 X2=1023  Y= 910 Y2=1022 P1=1023 P2=   0 T1=1023 T2= 743  P= 594  D=  -1 
 X= 936 X2=1023  Y= 938 Y2=1021 P1=1023 P2=   0 T1=1022 T2= 772  P= 594  D=  -1 
 X= 911 X2=1005  Y= 892 Y2=1021 P1=1023 P2=   0 T1=1023 T2= 780  P= 594  D=  -1 
 X= 955 X2=1023  Y= 942 Y2=1021 P1=1023 P2=   0 T1=1022 T2= 828  P= 594  D=  -1 
 X= 777 X2=1023  Y= 929 Y2=1020 P1=1023 P2=   0 T1=1022 T2= 780  P= 594  D=  -1 
 X=1023 X2=1014  Y= 884 Y2=1022 P1=1023 P2=   0 T1=1023 T2= 815  P= 594  D=  -1 
 X= 916 X2=1008  Y= 910 Y2=1021 P1=1023 P2=   0 T1=1023 T2= 782  P= 594  D=  -1 
 X=1023 X2=1017  Y= 924 Y2=1021 P1=1023 P2=   0 T1=1022 T2= 824  P= 594  D=  -1 
 X= 877 X2=1012  Y= 875 Y2=1022 P1=1023 P2=   0 T1=1023 T2= 765  P= 594  D=  -1 
 X= 809 X2=1023  Y= 917 Y2=1021 P1=1023 P2=   0 T1=1022 T2= 803  P= 594  D=  -1 
 X= 787 X2=1023  Y= 910 Y2=1022 P1=1023 P2=   0 T1=1023 T2= 794  P= 594  D=  -1 
 X= 233 X2= 231  Y= 341 Y2= 334 P1= 714 P2= 200 T1=  22 T2=  23  P= 596  D=  -1 * 0
 X= 787 X2=1023  Y= 917 Y2=1021 P1=1023 P2=   0 T1=1023 T2= 811  P= 596  D=  -1 
 X= 238 X2= 235  Y= 348 Y2= 343 P1= 806 P2= 127 T1=  25 T2= 793  P= 596  D=  -1 * 0
 X= 786 X2=1023  Y= 913 Y2=1022 P1=1023 P2=   0 T1= 229 T2= 773  P= 596  D=  -1 
 X= 884 X2=1023  Y= 869 Y2=1020 P1=1023 P2=   0 T1= 192 T2= 786  P= 596  D=  -1 
 X= 363 X2= 352  Y= 445 Y2= 449 P1= 893 P2= 100 T1= 175 T2=  48  P= 596  D=  -1 
 X= 276 X2= 267  Y= 379 Y2= 374 P1= 874 P2=  99 T1=  62 T2=  50  P= 596  D=  -1 
 X= 835 X2=1006  Y= 868 Y2=1020 P1=1023 P2=   0 T1= 208 T2= 758  P= 596  D=  -1 
 X= 399 X2= 405  Y= 487 Y2= 516 P1= 854 P2= 114 T1= 144 T2=  43  P= 596  D=  -1 
 X= 376 X2= 370  Y= 464 Y2= 454 P1= 879 P2=  98 T1= 168 T2=  50  P= 596  D=  -1 
 X= 361 X2= 349  Y= 441 Y2= 443 P1= 891 P2= 120 T1= 118 T2=  42  P= 596  D=  -1 
 X= 367 X2= 411  Y= 488 Y2= 495 P1= 844 P2= 120 T1= 223 T2=  41  P= 596  D=  -1 
 X= 260 X2= 257  Y= 362 Y2= 354 P1= 820 P2= 137 T1=  43 T2=  36  P= 596  D=  -1 
 X= 283 X2= 283  Y= 386 Y2= 379 P1= 839 P2= 125 T1=  69 T2=  41  P= 596  D=  -1 
 X= 260 X2= 257  Y= 362 Y2= 355 P1= 831 P2= 129 T1=  44 T2=  39  P= 596  D=  -1 
 X= 257 X2= 255  Y= 360 Y2= 354 P1= 817 P2= 140 T1=  42 T2=  35  P= 596  D=  -1 
 X= 261 X2= 259  Y= 363 Y2= 356 P1= 847 P2= 127 T1=  44 T2=  39  P= 596  D=  -1 
 X= 255 X2= 252  Y= 357 Y2= 351 P1= 813 P2= 141 T1=  39 T2=  36  P= 596  D=  -1 
 X= 251 X2= 249  Y= 355 Y2= 348 P1= 812 P2= 142 T1=  37 T2=  35  P= 596  D=  -1 
 X= 255 X2= 254  Y= 359 Y2= 352 P1= 814 P2= 139 T1=  40 T2=  36  P= 596  D=  -1 
 X= 250 X2= 250  Y= 357 Y2= 349 P1= 816 P2= 139 T1=  36 T2=  36  P= 596  D=  -1 
 X= 251 X2= 248  Y= 355 Y2= 347 P1= 814 P2= 140 T1=  36 T2=  36  P= 596  D=  -1 
 X= 252 X2= 250  Y= 355 Y2= 349 P1= 814 P2= 140 T1=  37 T2=  36  P= 596  D=  -1 
 X= 253 X2= 250  Y= 355 Y2= 349 P1= 813 P2= 141 T1=  38 T2=  36  P= 596  D=  -1 
 X= 252 X2= 249  Y= 355 Y2= 348 P1= 810 P2= 142 T1=  35 T2=  35  P= 596  D=  -1 
 X= 251 X2= 249  Y= 354 Y2= 347 P1= 810 P2= 142 T1=  35 T2=  36  P= 596  D=  -1 
 X= 250 X2= 248  Y= 354 Y2= 347 P1= 811 P2= 141 T1=  35 T2=  37  P= 596  D=  -1 
 X= 250 X2= 249  Y= 355 Y2= 347 P1= 813 P2= 140 T1=  36 T2=  36  P= 596  D=  -1 
 X= 251 X2= 249  Y= 355 Y2= 348 P1= 812 P2= 140 T1=  37 T2=  37  P= 596  D=  -1 
 X= 251 X2= 249  Y= 355 Y2= 348 P1= 812 P2= 140 T1=  37 T2=  36  P= 596  D=  -1 
 X= 251 X2= 250  Y= 355 Y2= 348 P1= 810 P2= 141 T1=  37 T2=  36  P= 596  D=  -1 
 X= 252 X2= 249  Y= 355 Y2= 348 P1= 811 P2= 141 T1=  36 T2=  36  P= 596  D=  -1 
 X= 251 X2= 250  Y= 355 Y2= 348 P1= 811 P2= 140 T1=  36 T2=  36  P= 596  D=  -1 
 X= 251 X2= 249  Y= 355 Y2= 348 P1= 812 P2= 140 T1=  37 T2=  36  P= 596  D=  -1 
 X= 251 X2= 249  Y= 354 Y2= 348 P1= 811 P2= 140 T1=  36 T2=  37  P= 596  D=  -1 
 X= 251 X2= 250  Y= 355 Y2= 349 P1= 812 P2= 140 T1=  37 T2=  37  P= 596  D=  -1 
 X= 252 X2= 250  Y= 356 Y2= 349 P1= 812 P2= 141 T1=  37 T2=  36  P= 596  D=  -1 
 X= 252 X2= 249  Y= 355 Y2= 348 P1= 811 P2= 140 T1=  36 T2=  36  P= 596  D=  -1 
 X= 251 X2= 249  Y= 355 Y2= 348 P1= 811 P2= 141 T1=  36 T2=  36  P= 596  D=  -1 
 X= 251 X2= 250  Y= 355 Y2= 348 P1= 811 P2= 141 T1=  36 T2=  36  P= 596  D=  -1 
 X= 251 X2= 250  Y= 355 Y2= 348 P1= 811 P2= 141 T1=  36 T2=  36  P= 596  D=  -1 
 X= 251 X2= 249  Y= 355 Y2= 347 P1= 812 P2= 141 T1=  37 T2=  35  P= 596  D=  -1 
 X= 251 X2= 249  Y= 355 Y2= 348 P1= 811 P2= 141 T1=  36 T2=  36  P= 596  D=  -1 
 X= 252 X2= 250  Y= 356 Y2= 348 P1= 813 P2= 140 T1=  36 T2=  37  P= 596  D=  -1 
 X= 253 X2= 249  Y= 356 Y2= 348 P1= 813 P2= 140 T1=  38 T2=  36  P= 596  D=  -1 
 X= 253 X2= 250  Y= 356 Y2= 348 P1= 814 P2= 139 T1=  37 T2=  37  P= 596  D=  -1 
 X= 252 X2= 250  Y= 356 Y2= 348 P1= 813 P2= 139 T1=  38 T2=  37  P= 596  D=  -1 
 X= 253 X2= 250  Y= 355 Y2= 348 P1= 814 P2= 140 T1=  37 T2=  37  P= 596  D=  -1 
 X= 252 X2= 250  Y= 356 Y2= 348 P1= 811 P2= 140 T1=  37 T2=  37  P= 596  D=  -1 
 X= 252 X2= 250  Y= 355 Y2= 349 P1= 813 P2= 139 T1=  37 T2=  37  P= 596  D=  -1 
 X= 251 X2= 250  Y= 355 Y2= 348 P1= 813 P2= 139 T1=  37 T2=  37  P= 596  D=  -1 
 X= 252 X2= 249  Y= 356 Y2= 348 P1= 814 P2= 140 T1=  37 T2=  37  P= 596  D=  -1 
 X= 252 X2= 250  Y= 356 Y2= 349 P1= 814 P2= 139 T1=  36 T2=  37  P= 596  D=  -1 
 X= 249 X2= 250  Y= 356 Y2= 348 P1= 815 P2= 139 T1=  37 T2=  37  P= 596  D=  -1 
 X= 252 X2= 250  Y= 356 Y2= 348 P1= 814 P2= 140 T1=  36 T2=  37  P= 596  D=  -1 
 X= 253 X2= 250  Y= 356 Y2= 349 P1= 813 P2= 140 T1=  37 T2=  37  P= 596  D=  -1 
 X= 252 X2= 250  Y= 356 Y2= 348 P1= 813 P2= 140 T1=  37 T2=  38  P= 596  D=  -1 
 X= 253 X2= 250  Y= 356 Y2= 349 P1= 813 P2= 141 T1=  37 T2=  37  P= 596  D=  -1 
 X= 252 X2= 250  Y= 356 Y2= 349 P1= 813 P2= 140 T1=  37 T2=  37  P= 596  D=  -1 
 X= 250 X2= 249  Y= 355 Y2= 348 P1= 813 P2= 139 T1=  37 T2=  37  P= 596  D=  -1 
 X= 251 X2= 250  Y= 355 Y2= 349 P1= 812 P2= 141 T1=  36 T2=  37  P= 596  D=  -1 
 X= 251 X2= 249  Y= 356 Y2= 348 P1= 812 P2= 141 T1=  36 T2=  37  P= 596  D=  -1 
 X= 253 X2= 249  Y= 356 Y2= 349 P1= 812 P2= 141 T1=  37 T2=  37  P= 596  D=  -1 
 X= 252 X2= 250  Y= 356 Y2= 349 P1= 813 P2= 140 T1=  38 T2=  37  P= 596  D=  -1 
 X= 252 X2= 249  Y= 355 Y2= 348 P1= 813 P2= 140 T1=  37 T2=  37  P= 596  D=  -1 
 X= 251 X2= 250  Y= 355 Y2= 349 P1= 809 P2= 141 T1=  37 T2=  36  P= 596  D=  -1 
 X= 251 X2= 251  Y= 354 Y2= 348 P1= 811 P2= 142 T1=  36 T2=  36  P= 596  D=  -1 
 X= 251 X2= 249  Y= 354 Y2= 348 P1= 809 P2= 143 T1=  36 T2=  35  P= 596  D=  -1 
 X= 250 X2= 249  Y= 354 Y2= 347 P1= 809 P2= 144 T1=  35 T2=  34  P= 596  D=  -1 
 X= 250 X2= 248  Y= 354 Y2= 347 P1= 807 P2= 144 T1=  35 T2=  35  P= 596  D=  -1 
 X= 250 X2= 247  Y= 354 Y2= 347 P1= 806 P2= 145 T1=  35 T2=  35  P= 596  D=  -1 
 X= 251 X2= 248  Y= 354 Y2= 346 P1= 804 P2= 146 T1=  35 T2=  34  P= 596  D=  -1 
 X= 250 X2= 248  Y= 353 Y2= 347 P1= 805 P2= 145 T1=  34 T2=  35  P= 596  D=  -1 
 X= 250 X2= 247  Y= 353 Y2= 346 P1= 805 P2= 144 T1=  35 T2=  34  P= 596  D=  -1 
 X= 249 X2= 248  Y= 353 Y2= 347 P1= 805 P2= 146 T1=  35 T2=  35  P= 596  D=  -1 
 X= 250 X2= 248  Y= 353 Y2= 346 P1= 804 P2= 145 T1=  35 T2=  35  P= 596  D=  -1 
 X= 250 X2= 248  Y= 354 Y2= 346 P1= 806 P2= 144 T1=  35 T2=  35  P= 596  D=  -1 
 X= 250 X2= 248  Y= 354 Y2= 347 P1= 806 P2= 145 T1=  35 T2=  35  P= 596  D=  -1 
 X= 251 X2= 248  Y= 353 Y2= 347 P1= 805 P2= 145 T1=  35 T2=  36  P= 596  D=  -1 
 X= 250 X2= 248  Y= 354 Y2= 346 P1= 805 P2= 145 T1=  35 T2=  35  P= 596  D=  -1 
 X= 251 X2= 248  Y= 354 Y2= 347 P1= 805 P2= 145 T1=  35 T2=  35  P= 596  D=  -1 
 X= 250 X2= 248  Y= 354 Y2= 346 P1= 805 P2= 145 T1=  34 T2=  35  P= 596  D=  -1 
 X= 250 X2= 248  Y= 354 Y2= 347 P1= 805 P2= 145 T1=  36 T2=  35  P= 596  D=  -1 
 X= 250 X2= 247  Y= 354 Y2= 346 P1= 806 P2= 146 T1=  35 T2=  34  P= 596  D=  -1 
 X= 250 X2= 247  Y= 354 Y2= 346 P1= 805 P2= 146 T1=  35 T2=  34  P= 596  D=  -1 
 X= 250 X2= 247  Y= 353 Y2= 346 P1= 804 P2= 146 T1=  34 T2=  35  P= 596  D=  -1 
 X= 250 X2= 248  Y= 354 Y2= 347 P1= 803 P2= 147 T1=  34 T2=  34  P= 596  D=  -1 
 X= 250 X2= 246  Y= 353 Y2= 346 P1= 804 P2= 147 T1=  34 T2=  34  P= 596  D=  -1 
 X= 250 X2= 248  Y= 353 Y2= 346 P1= 803 P2= 146 T1=  35 T2=  35  P= 596  D=  -1 
 X= 250 X2= 247  Y= 353 Y2= 346 P1= 803 P2= 146 T1=  34 T2=  34  P= 596  D=  -1 
 X= 249 X2= 248  Y= 353 Y2= 347 P1= 803 P2= 146 T1=  34 T2=  35  P= 596  D=  -1 
 X= 251 X2= 247  Y= 353 Y2= 346 P1= 804 P2= 146 T1=  35 T2=  34  P= 596  D=  -1 
 X= 250 X2= 247  Y= 354 Y2= 346 P1= 804 P2= 145 T1=  35 T2=  36  P= 596  D=  -1 
 X= 249 X2= 247  Y= 354 Y2= 347 P1= 804 P2= 146 T1=  34 T2=  35  P= 596  D=  -1 
 X= 250 X2= 248  Y= 353 Y2= 346 P1= 803 P2= 146 T1=  35 T2=  35  P= 596  D=  -1 
 X= 250 X2= 247  Y= 354 Y2= 346 P1= 803 P2= 146 T1=  35 T2=  35  P= 596  D=  -1 
 X= 251 X2= 247  Y= 353 Y2= 346 P1= 805 P2= 145 T1=  35 T2=  35  P= 596  D=  -1 
 X= 249 X2= 247  Y= 353 Y2= 346 P1= 804 P2= 147 T1=  34 T2=  35  P= 596  D=  -1 
 X= 249 X2= 247  Y= 354 Y2= 346 P1= 803 P2= 146 T1=  35 T2=  35  P= 596  D=  -1 
 X= 250 X2= 248  Y= 354 Y2= 346 P1= 803 P2= 146 T1=  35 T2=  34  P= 596  D=  -1 
 X= 250 X2= 247  Y= 354 Y2= 346 P1= 803 P2= 147 T1=  34 T2=  34  P= 596  D=  -1 
 X= 249 X2= 247  Y= 353 Y2= 346 P1= 803 P2= 147 T1=  35 T2=  34  P= 596  D=  -1 
 X= 249 X2= 247  Y= 353 Y2= 346 P1= 803 P2= 146 T1=  34 T2=  35  P= 596  D=  -1 
 X= 249 X2= 247  Y= 352 Y2= 346 P1= 804 P2= 145 T1=  35 T2=  35  P= 596  D=  -1 
 X= 249 X2= 247  Y= 354 Y2= 347 P1= 804 P2= 146 T1=  35 T2=  35  P= 596  D=  -1 
 X= 249 X2= 248  Y= 354 Y2= 346 P1= 804 P2= 146 T1=  35 T2=  34  P= 596  D=  -1 
 X= 250 X2= 248  Y= 353 Y2= 347 P1= 803 P2= 147 T1=  35 T2=  34  P= 596  D=  -1 
 X= 249 X2= 246  Y= 353 Y2= 346 P1= 802 P2= 147 T1=  34 T2=  34  P= 596  D=  -1 
 X= 249 X2= 248  Y= 354 Y2= 346 P1= 803 P2= 147 T1=  35 T2=  35  P= 596  D=  -1 
 X= 248 X2= 247  Y= 353 Y2= 346 P1= 803 P2= 145 T1=  34 T2=  34  P= 596  D=  -1 
 X= 249 X2= 248  Y= 353 Y2= 346 P1= 803 P2= 145 T1=  33 T2=  35  P= 596  D=  -1 
 X= 253 X2= 247  Y= 354 Y2= 347 P1= 802 P2= 148 T1=  34 T2=  33  P= 596  D=  -1 
 X= 249 X2= 247  Y= 353 Y2= 345 P1= 802 P2= 147 T1=  34 T2=  34  P= 596  D=  -1 
 X= 249 X2= 247  Y= 353 Y2= 345 P1= 802 P2= 148 T1=  34 T2=  34  P= 596  D=  -1 
 X= 249 X2= 247  Y= 352 Y2= 346 P1= 800 P2= 147 T1=  34 T2=  34  P= 596  D=  -1 
 X= 249 X2= 247  Y= 353 Y2= 346 P1= 801 P2= 148 T1=  34 T2=  34  P= 596  D=  -1 
 X= 249 X2= 247  Y= 353 Y2= 346 P1= 803 P2= 147 T1=  34 T2=  35  P= 596  D=  -1 
 X= 250 X2= 247  Y= 353 Y2= 347 P1= 803 P2= 147 T1=  34 T2=  34  P= 596  D=  -1 
 X= 256 X2= 246  Y= 352 Y2= 346 P1= 802 P2= 147 T1=  34 T2=  34  P= 596  D=  -1 
 X= 250 X2= 247  Y= 353 Y2= 346 P1= 802 P2= 146 T1=  35 T2=  36  P= 596  D=  -1 
 X= 250 X2= 247  Y= 353 Y2= 346 P1= 803 P2= 147 T1=  35 T2=  34  P= 596  D=  -1 
 X= 249 X2= 248  Y= 353 Y2= 346 P1= 802 P2= 146 T1=  34 T2=  35  P= 596  D=  -1 
 X= 250 X2= 246  Y= 354 Y2= 346 P1= 802 P2= 147 T1=  35 T2=  34  P= 596  D=  -1 
 X= 250 X2= 247  Y= 353 Y2= 346 P1= 803 P2= 147 T1=  35 T2=  35  P= 596  D=  -1 
 X= 250 X2= 247  Y= 353 Y2= 346 P1= 802 P2= 147 T1=  34 T2=  34  P= 596  D=  -1 
 X= 250 X2= 248  Y= 354 Y2= 346 P1= 803 P2= 147 T1=  34 T2=  34  P= 596  D=  -1 
 X= 249 X2= 247  Y= 354 Y2= 346 P1= 802 P2= 147 T1=  35 T2=  35  P= 596  D=  -1 
 X= 250 X2= 247  Y= 353 Y2= 346 P1= 802 P2= 147 T1=  34 T2=  35  P= 596  D=  -1 
 X= 249 X2= 247  Y= 353 Y2= 346 P1= 802 P2= 147 T1=  34 T2=  34  P= 596  D=  -1 
 X= 249 X2= 247  Y= 352 Y2= 346 P1= 802 P2= 147 T1=  34 T2=  34  P= 596  D=  -1 
 X= 249 X2= 247  Y= 354 Y2= 346 P1= 804 P2= 146 T1=  34 T2=  34  P= 596  D=  -1 
 X= 250 X2= 247  Y= 353 Y2= 346 P1= 802 P2= 146 T1=  34 T2=  34  P= 596  D=  -1 
 X= 250 X2= 248  Y= 352 Y2= 346 P1= 803 P2= 146 T1=  34 T2=  35  P= 596  D=  -1 
 X= 249 X2= 248  Y= 353 Y2= 346 P1= 803 P2= 146 T1=  34 T2=  34  P= 596  D=  -1 
 X= 249 X2= 247  Y= 353 Y2= 346 P1= 802 P2= 147 T1=  34 T2=  34  P= 596  D=  -1 
 X= 249 X2= 246  Y= 353 Y2= 345 P1= 801 P2= 147 T1=  34 T2=  34  P= 596  D=  -1 
 X= 249 X2= 247  Y= 352 Y2= 346 P1= 802 P2= 147 T1=  35 T2=  33  P= 596  D=  -1 
 X= 250 X2= 247  Y= 353 Y2= 345 P1= 802 P2= 147 T1=  34 T2=  34  P= 596  D=  -1 
 X= 249 X2= 248  Y= 353 Y2= 346 P1= 803 P2= 146 T1=  34 T2=  34  P= 596  D=  -1 
 X= 250 X2= 248  Y= 353 Y2= 347 P1= 803 P2= 147 T1=  35 T2=  34  P= 596  D=  -1 
 X= 250 X2= 248  Y= 353 Y2= 345 P1= 802 P2= 146 T1=  34 T2=  34  P= 596  D=  -1 
 X= 250 X2= 247  Y= 353 Y2= 344 P1= 802 P2= 146 T1=  34 T2=  34  P= 596  D=  -1 
 X= 250 X2= 247  Y= 353 Y2= 346 P1= 803 P2= 147 T1=  34 T2=  34  P= 596  D=  -1 
 X= 249 X2= 247  Y= 353 Y2= 346 P1= 802 P2= 148 T1=  34 T2=  34  P= 596  D=  -1 
 X= 249 X2= 247  Y= 353 Y2= 346 P1= 801 P2= 147 T1=  34 T2=  34  P= 596  D=  -1 
 X= 248 X2= 247  Y= 353 Y2= 346 P1= 801 P2= 147 T1=  34 T2=  34  P= 596  D=  -1 
 X= 249 X2= 247  Y= 352 Y2= 345 P1= 801 P2= 148 T1=  34 T2=  34  P= 596  D=  -1 
 X= 249 X2= 247  Y= 353 Y2= 346 P1= 800 P2= 148 T1=  34 T2=  34  P= 596  D=  -1 
 X= 249 X2= 247  Y= 352 Y2= 345 P1= 801 P2= 147 T1=  34 T2=  35  P= 596  D=  -1 
 X= 259 X2= 259  Y= 365 Y2= 363 P1= 813 P2= 141 T1=  36 T2=  38  P= 596  D=  -1 
 X= 294 X2= 291  Y= 378 Y2= 369 P1= 828 P2= 130 T1= 100 T2=  35  P= 596  D=  -1 
 X= 832 X2=1023  Y= 919 Y2=1021 P1=1023 P2=   0 T1=1022 T2= 704  P= 596  D=  -1 
 X= 286 X2= 292  Y= 395 Y2= 384 P1= 847 P2= 114 T1= 106 T2=  43  P= 596  D=  -1 
 X= 255 X2= 256  Y= 368 Y2= 362 P1= 826 P2= 128 T1=  43 T2=  47  P= 596  D=  -1 
 X= 255 X2= 253  Y= 363 Y2= 356 P1= 824 P2= 132 T1=  44 T2=  40  P= 596  D=  -1 
 X= 246 X2= 242  Y= 355 Y2= 347 P1= 809 P2= 140 T1=  36 T2=  35  P= 596  D=  -1 
 X= 549 X2= 374  Y= 919 Y2=1005 P1=1023 P2=   0 T1= 135 T2= 814  P= 596  D=  -1 
 X= 891 X2=1023  Y= 921 Y2=1021 P1=1023 P2=   0 T1=1021 T2= 805  P= 596  D=  -1 
 X= 318 X2= 316  Y= 419 Y2= 411 P1= 924 P2=  69 T1= 107 T2=  69  P= 596  D=  -1 
 X= 252 X2= 249  Y= 355 Y2= 349 P1= 804 P2= 151 T1=  36 T2=  32  P= 596  D=  -1 
 X= 276 X2= 378  Y= 700 Y2=1020 P1=1022 P2=   0 T1=  29 T2= 813  P= 596  D=  -1 * 0
 X= 251 X2= 251  Y= 357 Y2= 350 P1= 803 P2= 148 T1=  31 T2=  34  P=1110  D=  -1 
 X= 250 X2= 250  Y= 358 Y2= 348 P1= 794 P2= 157 T1=  34 T2=  31  P=1014  D=  -1 
 X= 247 X2= 244  Y= 350 Y2= 342 P1= 763 P2= 177 T1=  33 T2=  26  P=1014  D=  -1 
 X= 249 X2= 247  Y= 350 Y2= 344 P1= 776 P2= 169 T1=  32 T2=  28  P= 890  D=  -1 
 X= 247 X2= 244  Y= 350 Y2= 343 P1= 774 P2= 167 T1=  29 T2=  30  P= 890  D=  -1 * 0
 X= 247 X2= 245  Y= 350 Y2= 342 P1= 776 P2= 168 T1=  31 T2=  29  P= 890  D=  -1 
 X= 245 X2= 242  Y= 348 Y2= 340 P1= 763 P2= 176 T1=  28 T2=  27  P= 810  D=  -1 * 1
 X= 244 X2= 241  Y= 346 Y2= 340 P1= 761 P2= 176 T1=  28 T2=  27  P= 804  D=  -1 * 2
 X= 243 X2= 240  Y= 346 Y2= 339 P1= 751 P2= 182 T1=  26 T2=  26  P= 753  D=  -1 * 3
 X= 243 X2= 240  Y= 346 Y2= 339 P1= 751 P2= 182 T1=  26 T2=  26  P= 753  D=  -1 * 4
 X= 242 X2= 240  Y= 345 Y2= 338 P1= 750 P2= 183 T1=  27 T2=  26  P= 746  D=  -1 * 5
 X= 242 X2= 239  Y= 346 Y2= 339 P1= 750 P2= 181 T1=  25 T2=  27  P= 754  D=  -1 * 6
 X= 243 X2= 240  Y= 346 Y2= 339 P1= 752 P2= 181 T1=  27 T2=  27  P= 760  D=  -1 * 7
 X= 242 X2= 241  Y= 346 Y2= 339 P1= 751 P2= 182 T1=  27 T2=  27  P= 753  D=  -1 * 8
 X= 242 X2= 239  Y= 346 Y2= 338 P1= 749 P2= 183 T1=  25 T2=  26  P= 742  D=  -1 * 9
 X= 241 X2= 241  Y= 345 Y2= 338 P1= 748 P2= 184 T1=  26 T2=  26  P= 738  D=  -1 * 10
 X= 241 X2= 239  Y= 345 Y2= 338 P1= 747 P2= 185 T1=  26 T2=  26  P= 728  D=  -1 * 11
 X= 242 X2= 239  Y= 345 Y2= 338 P1= 747 P2= 184 T1=  26 T2=  26  P= 734  D=  -1 * 12
 X= 241 X2= 235  Y= 345 Y2= 339 P1= 747 P2= 185 T1=  26 T2=  26  P= 722  D=  -1 * 13
 X= 242 X2= 240  Y= 346 Y2= 338 P1= 747 P2= 185 T1=  26 T2=  26  P= 731  D=  -1 * 14
 X= 241 X2= 240  Y= 346 Y2= 339 P1= 746 P2= 186 T1=  26 T2=  26  P= 722  D=  -1 * 15
 X= 242 X2= 240  Y= 346 Y2= 338 P1= 747 P2= 185 T1=  26 T2=  26  P= 731  D=  -1 * 16
 X= 242 X2= 239  Y= 345 Y2= 339 P1= 745 P2= 186 T1=  26 T2=  26  P= 721  D=  -1 * 17
 X= 242 X2= 239  Y= 345 Y2= 338 P1= 745 P2= 187 T1=  26 T2=  25  P= 715  D=  -1 * 18
 X= 242 X2= 240  Y= 345 Y2= 338 P1= 746 P2= 186 T1=  26 T2=  26  P= 725  D=  -1 * 19
 X= 242 X2= 240  Y= 346 Y2= 338 P1= 747 P2= 185 T1=  26 T2=  26  P= 731  D=  -1 * 20
 X= 241 X2= 240  Y= 346 Y2= 338 P1= 747 P2= 186 T1=  26 T2=  26  P= 723  D=  -1 * 21
 X= 243 X2= 240  Y= 346 Y2= 338 P1= 746 P2= 186 T1=  26 T2=  26  P= 725  D=  -1 * 22
 X= 242 X2= 240  Y= 346 Y2= 338 P1= 747 P2= 185 T1=  26 T2=  26  P= 731  D=  -1 * 23
 X= 242 X2= 239  Y= 346 Y2= 339 P1= 746 P2= 185 T1=  26 T2=  26  P= 727  D=  -1 * 24
Remove Pin
 X= 242 X2= 239  Y= 345 Y2= 338 P1= 746 P2= 186 T1=  26 T2=  26  P= 722  D=  -1 * 24
 X= 241 X2= 240  Y= 346 Y2= 338 P1= 744 P2= 186 T1=  26 T2=  25  P= 720  D=  -1 * 24
 X= 242 X2= 240  Y= 346 Y2= 338 P1= 745 P2= 186 T1=  26 T2=  26  P= 724  D=  -1 * 24
 X= 242 X2= 240  Y= 345 Y2= 338 P1= 745 P2= 186 T1=  26 T2=  25  P= 724  D=  -1 * 24
 X= 242 X2= 239  Y= 346 Y2= 338 P1= 746 P2= 186 T1=  26 T2=  26  P= 722  D=  -1 * 24
 X= 242 X2= 240  Y= 346 Y2= 338 P1= 745 P2= 186 T1=  26 T2=  25  P= 724  D=  -1 * 24
 X= 243 X2= 237  Y= 345 Y2= 338 P1= 746 P2= 186 T1=  25 T2=  27  P= 722  D=  -1 * 24
 X= 242 X2= 240  Y= 345 Y2= 339 P1= 745 P2= 186 T1=  26 T2=  26  P= 724  D=  -1 * 24
 X= 242 X2= 240  Y= 346 Y2= 338 P1= 746 P2= 186 T1=  26 T2=  26  P= 725  D=  -1 * 24
 X= 242 X2= 240  Y= 346 Y2= 339 P1= 746 P2= 186 T1=  25 T2=  26  P= 725  D=  -1 * 24
 X= 242 X2= 240  Y= 345 Y2= 338 P1= 746 P2= 185 T1=  26 T2=  26  P= 730  D=  -1 * 24
 X= 242 X2= 240  Y= 346 Y2= 338 P1= 746 P2= 185 T1=  25 T2=  26  P= 730  D=  -1 * 24
 X= 241 X2= 240  Y= 345 Y2= 338 P1= 746 P2= 186 T1=  27 T2=  26  P= 722  D=  -1 * 24
 X= 242 X2= 240  Y= 345 Y2= 339 P1= 746 P2= 185 T1=  26 T2=  26  P= 730  D=  -1 * 24
 X= 242 X2= 240  Y= 345 Y2= 339 P1= 746 P2= 186 T1=  26 T2=  26  P= 725  D=  -1 * 24
 X= 242 X2= 239  Y= 346 Y2= 339 P1= 746 P2= 186 T1=  26 T2=  26  P= 722  D=  -1 * 24
 X= 242 X2= 239  Y= 346 Y2= 339 P1= 746 P2= 186 T1=  26 T2=  25  P= 722  D=  -1 * 24
 X= 242 X2= 240  Y= 345 Y2= 338 P1= 746 P2= 186 T1=  26 T2=  26  P= 725  D=  -1 * 24
 X= 242 X2= 240  Y= 346 Y2= 338 P1= 746 P2= 186 T1=  26 T2=  26  P= 725  D=  -1 * 24
 X= 243 X2= 240  Y= 346 Y2= 339 P1= 745 P2= 186 T1=  26 T2=  26  P= 724  D=  -1 * 24
 X= 242 X2= 240  Y= 346 Y2= 338 P1= 747 P2= 185 T1=  25 T2=  26  P= 731  D=  -1 * 24
 X= 242 X2= 240  Y= 346 Y2= 339 P1= 746 P2= 185 T1=  27 T2=  26  P= 730  D=  -1 * 24
 X= 242 X2= 240  Y= 346 Y2= 338 P1= 747 P2= 186 T1=  26 T2=  26  P= 726  D=  -1 * 24
 X= 242 X2= 240  Y= 345 Y2= 339 P1= 746 P2= 186 T1=  26 T2=  26  P= 725  D=  -1 * 24
 X= 242 X2= 240  Y= 346 Y2= 339 P1= 746 P2= 185 T1=  26 T2=  26  P= 730  D=  -1 * 24
 X= 242 X2= 240  Y= 346 Y2= 338 P1= 747 P2= 186 T1=  25 T2=  26  P= 726  D=  -1 * 24
 X= 242 X2= 240  Y= 345 Y2= 339 P1= 746 P2= 185 T1=  26 T2=  26  P= 730  D=  -1 * 24
 X= 243 X2= 240  Y= 346 Y2= 338 P1= 746 P2= 186 T1=  26 T2=  26  P= 725  D=  -1 * 24
 X= 242 X2= 241  Y= 345 Y2= 339 P1= 746 P2= 186 T1=  26 T2=  26  P= 725  D=  -1 * 24
 X= 242 X2= 239  Y= 346 Y2= 338 P1= 746 P2= 186 T1=  26 T2=  25  P= 722  D=  -1 * 24
 X= 242 X2= 239  Y= 346 Y2= 338 P1= 746 P2= 186 T1=  26 T2=  26  P= 722  D=  -1 * 24
 X= 242 X2= 239  Y= 345 Y2= 338 P1= 746 P2= 186 T1=  26 T2=  25  P= 722  D=  -1 * 24
 X= 242 X2= 239  Y= 345 Y2= 339 P1= 745 P2= 186 T1=  26 T2=  26  P= 721  D=  -1 * 24
 X= 242 X2= 240  Y= 346 Y2= 338 P1= 746 P2= 186 T1=  27 T2=  26  P= 725  D=  -1 * 24
 X= 242 X2= 239  Y= 346 Y2= 338 P1= 746 P2= 186 T1=  25 T2=  26  P= 722  D=  -1 * 24
 X= 241 X2= 240  Y= 345 Y2= 338 P1= 746 P2= 186 T1=  26 T2=  26  P= 722  D=  -1 * 24
 X= 242 X2= 240  Y= 346 Y2= 338 P1= 746 P2= 186 T1=  26 T2=  26  P= 725  D=  -1 * 24
 X= 242 X2= 239  Y= 345 Y2= 338 P1= 745 P2= 186 T1=  25 T2=  26  P= 721  D=  -1 * 24
 X= 241 X2= 239  Y= 345 Y2= 338 P1= 745 P2= 186 T1=  26 T2=  25  P= 721  D=  -1 * 24
 X= 242 X2= 239  Y= 345 Y2= 338 P1= 745 P2= 186 T1=  26 T2=  26  P= 721  D=  -1 * 24
 X= 241 X2= 240  Y= 345 Y2= 338 P1= 746 P2= 186 T1=  26 T2=  26  P= 722  D=  -1 * 24
 X= 242 X2= 240  Y= 345 Y2= 338 P1= 746 P2= 186 T1=  26 T2=  26  P= 725  D=  -1 * 24
 X= 242 X2= 240  Y= 346 Y2= 339 P1= 746 P2= 186 T1=  25 T2=  26  P= 725  D=  -1 * 24
 X= 242 X2= 240  Y= 345 Y2= 338 P1= 746 P2= 186 T1=  26 T2=  25  P= 725  D=  -1 * 24
 X= 242 X2= 238  Y= 346 Y2= 338 P1= 746 P2= 186 T1=  26 T2=  26  P= 722  D=  -1 * 24
 X= 244 X2= 240  Y= 346 Y2= 338 P1= 747 P2= 185 T1=  26 T2=  27  P= 734  D=  -1 * 24
 X= 241 X2= 240  Y= 346 Y2= 339 P1= 747 P2= 185 T1=  26 T2=  26  P= 728  D=  -1 * 24
 X= 242 X2= 239  Y= 345 Y2= 339 P1= 746 P2= 186 T1=  26 T2=  26  P= 722  D=  -1 * 24
 X= 242 X2= 240  Y= 345 Y2= 339 P1= 746 P2= 186 T1=  26 T2=  26  P= 725  D=  -1 * 24
 X= 241 X2= 240  Y= 346 Y2= 338 P1= 746 P2= 186 T1=  26 T2=  26  P= 722  D=  -1 * 24
 X= 242 X2= 240  Y= 345 Y2= 339 P1= 746 P2= 186 T1=  27 T2=  25  P= 725  D=  -1 * 24
 X= 241 X2= 240  Y= 345 Y2= 339 P1= 745 P2= 186 T1=  26 T2=  26  P= 721  D=  -1 * 24
 X= 242 X2= 240  Y= 346 Y2= 339 P1= 746 P2= 186 T1=  26 T2=  26  P= 725  D=  -1 * 24
 X= 242 X2= 239  Y= 345 Y2= 338 P1= 746 P2= 186 T1=  26 T2=  26  P= 722  D=  -1 * 24
 X= 242 X2= 240  Y= 346 Y2= 338 P1= 746 P2= 185 T1=  25 T2=  26  P= 730  D=  -1 * 24
 X= 242 X2= 240  Y= 345 Y2= 338 P1= 746 P2= 186 T1=  26 T2=  26  P= 725  D=  -1 * 24
 X= 242 X2= 240  Y= 346 Y2= 339 P1= 746 P2= 186 T1=  26 T2=  26  P= 725  D=  -1 * 24
 X= 241 X2= 240  Y= 346 Y2= 338 P1= 746 P2= 186 T1=  26 T2=  26  P= 722  D=  -1 * 24
 X= 242 X2= 240  Y= 345 Y2= 339 P1= 746 P2= 186 T1=  26 T2=  26  P= 725  D=  -1 * 24
 X= 242 X2= 239  Y= 345 Y2= 339 P1= 746 P2= 185 T1=  26 T2=  26  P= 727  D=  -1 * 24
 X= 242 X2= 240  Y= 345 Y2= 338 P1= 746 P2= 185 T1=  26 T2=  26  P= 730  D=  -1 * 24
 X= 242 X2= 241  Y= 347 Y2= 338 P1= 746 P2= 186 T1=  26 T2=  26  P= 725  D=  -1 * 24
 X= 242 X2= 241  Y= 345 Y2= 339 P1= 747 P2= 185 T1=  26 T2=  26  P= 731  D=  -1 * 24
 X= 242 X2= 240  Y= 346 Y2= 338 P1= 746 P2= 185 T1=  26 T2=  27  P= 730  D=  -1 * 24
 X= 242 X2= 240  Y= 346 Y2= 338 P1= 748 P2= 185 T1=  26 T2=  26  P= 733  D=  -1 * 24
 X= 242 X2= 239  Y= 345 Y2= 338 P1= 746 P2= 185 T1=  25 T2=  26  P= 727  D=  -1 * 24
 X= 241 X2= 240  Y= 346 Y2= 338 P1= 747 P2= 186 T1=  27 T2=  26  P= 723  D=  -1 * 24
 X= 241 X2= 240  Y= 345 Y2= 339 P1= 746 P2= 186 T1=  26 T2=  26  P= 722  D=  -1 * 24
 X= 241 X2= 239  Y= 346 Y2= 339 P1= 747 P2= 185 T1=  26 T2=  26  P= 728  D=  -1 * 24
 X= 242 X2= 240  Y= 345 Y2= 339 P1= 747 P2= 185 T1=  26 T2=  25  P= 731  D=  -1 * 24
 X= 242 X2= 239  Y= 346 Y2= 339 P1= 746 P2= 186 T1=  26 T2=  26  P= 722  D=  -1 * 24
 X= 242 X2= 245  Y= 346 Y2= 339 P1= 746 P2= 185 T1=  25 T2=  26  P= 736  D=  -1 * 24
 X= 241 X2= 240  Y= 345 Y2= 339 P1= 746 P2= 185 T1=  26 T2=  26  P= 727  D=  -1 * 24
 X= 242 X2= 240  Y= 345 Y2= 339 P1= 747 P2= 185 T1=  27 T2=  27  P= 731  D=  -1 * 24
 X= 242 X2= 240  Y= 346 Y2= 338 P1= 747 P2= 185 T1=  26 T2=  26  P= 731  D=  -1 * 24
 X= 243 X2= 240  Y= 346 Y2= 338 P1= 748 P2= 185 T1=  27 T2=  27  P= 733  D=  -1 * 24
 X= 243 X2= 240  Y= 346 Y2= 339 P1= 745 P2= 185 T1=  26 T2=  26  P= 729  D=  -1 * 24
 X= 242 X2= 239  Y= 346 Y2= 339 P1= 747 P2= 186 T1=  26 T2=  26  P= 723  D=  -1 * 24
 X= 242 X2= 240  Y= 346 Y2= 339 P1= 746 P2= 185 T1=  27 T2=  26  P= 730  D=  -1 * 24
 X= 241 X2= 240  Y= 346 Y2= 338 P1= 746 P2= 185 T1=  26 T2=  26  P= 727  D=  -1 * 24
 X= 242 X2= 240  Y= 345 Y2= 338 P1= 746 P2= 186 T1=  26 T2=  26  P= 725  D=  -1 * 24
 X= 242 X2= 240  Y= 345 Y2= 339 P1= 746 P2= 186 T1=  26 T2=  26  P= 725  D=  -1 * 24
 X= 242 X2= 236  Y= 345 Y2= 339 P1= 746 P2= 186 T1=  26 T2=  26  P= 719  D=  -1 * 24
 X= 242 X2= 239  Y= 346 Y2= 339 P1= 746 P2= 185 T1=  26 T2=  25  P= 727  D=  -1 * 24
 X= 242 X2= 240  Y= 346 Y2= 338 P1= 746 P2= 186 T1=  26 T2=  26  P= 725  D=  -1 * 24
 X= 242 X2= 240  Y= 346 Y2= 339 P1= 746 P2= 186 T1=  26 T2=  26  P= 725  D=  -1 * 24
 X= 243 X2= 240  Y= 345 Y2= 339 P1= 746 P2= 186 T1=  26 T2=  26  P= 725  D=  -1 * 24
 X= 243 X2= 239  Y= 346 Y2= 338 P1= 746 P2= 185 T1=  27 T2=  26  P= 730  D=  -1 * 24
 X= 242 X2= 240  Y= 345 Y2= 338 P1= 747 P2= 185 T1=  26 T2=  26  P= 731  D=  -1 * 24
 X= 241 X2= 240  Y= 345 Y2= 338 P1= 746 P2= 186 T1=  26 T2=  26  P= 722  D=  -1 * 24
 X= 242 X2= 240  Y= 346 Y2= 338 P1= 746 P2= 185 T1=  26 T2=  26  P= 730  D=  -1 * 24
 X= 242 X2= 239  Y= 345 Y2= 338 P1= 747 P2= 185 T1=  27 T2=  26  P= 728  D=  -1 * 24
 X= 242 X2= 239  Y= 345 Y2= 338 P1= 746 P2= 185 T1=  26 T2=  26  P= 727  D=  -1 * 24
 X= 242 X2= 240  Y= 346 Y2= 339 P1= 747 P2= 185 T1=  26 T2=  27  P= 731  D=  -1 * 24
 X= 241 X2= 240  Y= 345 Y2= 338 P1= 746 P2= 185 T1=  27 T2=  26  P= 727  D=  -1 * 24
 X= 242 X2= 240  Y= 345 Y2= 339 P1= 747 P2= 185 T1=  26 T2=  26  P= 731  D=  -1 * 24
 X= 242 X2= 241  Y= 346 Y2= 339 P1= 746 P2= 185 T1=  27 T2=  27  P= 730  D=  -1 * 24
 X= 242 X2= 240  Y= 345 Y2= 339 P1= 747 P2= 185 T1=  26 T2=  26  P= 731  D=  -1 * 24
 X= 241 X2= 240  Y= 346 Y2= 339 P1= 747 P2= 185 T1=  26 T2=  26  P= 728  D=  -1 * 24
 X= 242 X2= 239  Y= 346 Y2= 338 P1= 746 P2= 186 T1=  26 T2=  26  P= 722  D=  -1 * 24
 X= 242 X2= 242  Y= 345 Y2= 338 P1= 746 P2= 185 T1=  26 T2=  26  P= 733  D=  -1 * 24
 X= 241 X2= 241  Y= 345 Y2= 338 P1= 746 P2= 185 T1=  26 T2=  26  P= 730  D=  -1 * 24
 X= 242 X2= 239  Y= 346 Y2= 338 P1= 746 P2= 186 T1=  26 T2=  26  P= 722  D=  -1 * 24
 X= 241 X2= 238  Y= 345 Y2= 337 P1= 741 P2= 188 T1=  26 T2=  25  P= 702  D=  -1 * 24
 X= 575 X2= 785  Y= 930 Y2=1018 P1=1023 P2=   0 T1= 282 T2= 787  P= 702  D=  -1 
 X= 899 X2=1023  Y= 939 Y2=1021 P1=1023 P2=   0 T1=1023 T2= 809  P= 702  D=  -1 
 X= 916 X2=1014  Y= 911 Y2=1017 P1=1023 P2=   0 T1=1023 T2= 985  P= 702  D=  -1 
 X=1017 X2=1023  Y= 961 Y2=1021 P1=1023 P2=   0 T1=1023 T2= 885  P= 702  D=  -1 
target state=2 point=456,22
 X= 720 X2=1023  Y= 884 Y2=1021 P1=1023 P2=   0 T1=1023 T2= 731  P= 702  D=  -1 
 X= 981 X2=1010  Y= 950 Y2=1023 P1=1023 P2=   0 T1=1023 T2= 812  P= 702  D=  -1 
 X= 912 X2=1022  Y= 928 Y2=1022 P1=1023 P2=   0 T1=1023 T2= 824  P= 702  D=  -1 
 X= 851 X2=1007  Y= 923 Y2=1022 P1=1023 P2=   0 T1=1023 T2= 793  P= 702  D=  -1 
 X= 919 X2=1006  Y= 911 Y2=1022 P1=1023 P2=   0 T1=1023 T2= 813  P= 702  D=  -1 
 X= 845 X2=1023  Y= 924 Y2=1021 P1=1023 P2=   0 T1=1023 T2= 811  P= 702  D=  -1 
 X= 902 X2=1015  Y= 953 Y2=1022 P1=1023 P2=   0 T1=1022 T2= 791  P= 702  D=  -1 
 X= 880 X2=1023  Y= 933 Y2=1021 P1=1023 P2=   0 T1=1022 T2= 830  P= 702  D=  -1 
 X= 985 X2=1011  Y= 920 Y2=1022 P1=1023 P2=   0 T1=1023 T2= 788  P= 702  D=  -1 
 X= 958 X2=1013  Y= 919 Y2=1022 P1=1023 P2=   0 T1=1023 T2= 811  P= 702  D=  -1 
 X= 859 X2=1023  Y= 917 Y2=1021 P1=1023 P2=   0 T1=1022 T2= 812  P= 702  D=  -1 
 X= 952 X2=1002  Y= 944 Y2=1022 P1=1023 P2=   0 T1=1023 T2= 820  P= 702  D=  -1 
 X= 772 X2=1023  Y= 931 Y2=1021 P1=1023 P2=   0 T1=1023 T2= 793  P= 702  D=  -1 
 X= 893 X2=1023  Y= 947 Y2=1022 P1=1023 P2=   0 T1=1022 T2= 826  P= 702  D=  -1 
 X= 813 X2=1012  Y= 911 Y2=1022 P1=1023 P2=   0 T1=1023 T2= 809  P= 702  D=  -1 
 X= 904 X2=1023  Y= 913 Y2=1021 P1=1023 P2=   0 T1=1023 T2= 770  P= 702  D=  -1 
 X= 884 X2=1014  Y= 918 Y2=1022 P1=1023 P2=   0 T1=1023 T2= 817  P= 702  D=  -1 
 X= 980 X2=1023  Y= 911 Y2=1020 P1=1023 P2=   0 T1=1022 T2= 814  P= 702  D=  -1 
 X= 905 X2=1023  Y= 920 Y2=1021 P1=1023 P2=   0 T1=1023 T2= 817  P= 702  D=  -1 
 X= 994 X2=1000  Y= 912 Y2=1022 P1=1023 P2=   0 T1=1022 T2= 801  P= 702  D=  -1 
 X= 787 X2=1023  Y= 921 Y2=1021 P1=1023 P2=   0 T1=1022 T2= 775  P= 702  D=  -1 
 X=1002 X2= 997  Y= 919 Y2=1023 P1=1023 P2=   0 T1=1023 T2= 798  P= 702  D=  -1 
 X= 939 X2=1018  Y= 926 Y2=1022 P1=1023 P2=   0 T1=1023 T2= 807  P= 702  D=  -1 
 X= 887 X2=1023  Y= 939 Y2=1021 P1=1023 P2=   0 T1=1022 T2= 804  P= 702  D=  -1 
 X= 902 X2=1015  Y= 924 Y2=1022 P1=1023 P2=   0 T1=1022 T2= 777  P= 702  D=  -1 
 X= 931 X2=1015  Y= 914 Y2=1021 P1=1023 P2=   0 T1=1022 T2= 787  P= 702  D=  -1 
 X= 911 X2= 977  Y= 907 Y2=1021 P1=1023 P2=   0 T1=1022 T2= 806  P= 702  D=  -1 
 X= 975 X2=1023  Y= 935 Y2=1021 P1=1023 P2=   0 T1=1023 T2= 809  P= 702  D=  -1 
 X= 771 X2=1023  Y= 899 Y2=1020 P1=1023 P2=   0 T1=1023 T2= 795  P= 702  D=  -1 
 X= 982 X2=1023  Y= 939 Y2=1022 P1=1023 P2=   0 T1=1023 T2= 736  P= 702  D=  -1 
 X=1009 X2=1004  Y= 900 Y2=1022 P1=1023 P2=   0 T1=1023 T2= 777  P= 702  D=  -1 
 X= 986 X2=1023  Y= 923 Y2=1021 P1=1023 P2=   0 T1=1023 T2= 860  P= 702  D=  -1 
 X= 932 X2= 993  Y= 884 Y2=1020 P1=1023 P2=   0 T1=1022 T2= 803  P= 702  D=  -1 
 X= 926 X2=1023  Y= 916 Y2=1022 P1=1023 P2=   0 T1=1023 T2= 803  P= 702  D=  -1 
 X= 913 X2=1011  Y= 913 Y2=1022 P1=1022 P2=   0 T1=1023 T2= 764  P= 702  D=  -1 
 X= 871 X2=1023  Y= 931 Y2=1021 P1=1023 P2=   0 T1=1023 T2= 811  P= 702  D=  -1 
 X= 715 X2=1023  Y= 894 Y2=1021 P1=1023 P2=   0 T1=1023 T2= 772  P= 702  D=  -1 
 X= 962 X2=1006  Y= 913 Y2=1021 P1=1023 P2=   0 T1=1022 T2= 809  P= 702  D=  -1 
 X= 998 X2=1000  Y= 918 Y2=1022 P1=1023 P2=   0 T1=1023 T2= 779  P= 702  D=  -1 
 X= 762 X2=1023  Y= 930 Y2=1021 P1=1023 P2=   0 T1=1023 T2= 798  P= 702  D=  -1 
 X= 894 X2= 995  Y= 917 Y2=1021 P1=1023 P2=   0 T1=1023 T2= 785  P= 702  D=  -1 
 X= 959 X2= 992  Y= 994 Y2=1023 P1=1023 P2=   0 T1=1023 T2= 770  P= 702  D=  -1 
 X= 842 X2= 983  Y= 905 Y2=1020 P1=1023 P2=   0 T1=1023 T2= 802  P= 702  D=  -1 
 X=1023 X2=1012  Y= 924 Y2=1021 P1=1023 P2=   0 T1=1022 T2= 779  P= 702  D=  -1 
 X= 846 X2=1022  Y= 899 Y2=1021 P1=1023 P2=   0 T1=1023 T2= 825  P= 702  D=  -1 
 X= 900 X2=1023  Y= 928 Y2=1021 P1=1023 P2=   0 T1=1023 T2= 791  P= 702  D=  -1 
 X= 699 X2=1023  Y= 904 Y2=1019 P1=1023 P2=   0 T1=1023 T2= 821  P= 702  D=  -1 
 X= 918 X2=1023  Y= 927 Y2=1022 P1=1023 P2=   0 T1=1022 T2= 797  P= 702  D=  -1 
 X= 882 X2=1023  Y= 911 Y2=1022 P1=1023 P2=   0 T1=1023 T2= 776  P= 702  D=  -1 
 X= 844 X2=1017  Y=1020 Y2=1022 P1=1023 P2=   0 T1=1023 T2=1019  P= 702  D=  -1 
 X= 927 X2= 990  Y= 899 Y2=1021 P1=1023 P2=   0 T1=1022 T2= 797  P= 702  D=  -1 
 X= 877 X2=1023  Y= 903 Y2=1021 P1=1023 P2=   0 T1=1023 T2= 786  P= 702  D=  -1 
 X= 885 X2=1009  Y= 913 Y2=1022 P1=1023 P2=   0 T1=1023 T2= 751  P= 702  D=  -1 
 X= 939 X2=1016  Y= 905 Y2=1021 P1=1023 P2=   0 T1=1022 T2= 771  P= 702  D=  -1 
 X= 918 X2=1023  Y= 921 Y2=1022 P1=1023 P2=   0 T1=1023 T2= 782  P= 702  D=  -1 
 X= 982 X2=1015  Y= 903 Y2=1021 P1=1023 P2=   0 T1=1023 T2= 776  P= 702  D=  -1 
 X= 980 X2=1005  Y= 895 Y2=1022 P1=1023 P2=   0 T1=1022 T2= 792  P= 702  D=  -1 
 X= 814 X2= 813  Y= 338 Y2= 345 P1= 821 P2= 505 T1=1021 T2=  14  P= 702  D=  -1 
 X= 818 X2= 813  Y= 337 Y2= 345 P1= 822 P2= 499 T1=  15 T2=  15  P= 527  D=  -1 * 0
 X= 815 X2= 815  Y= 346 Y2= 357 P1= 876 P2= 364 T1=  15 T2=  33  P= 527  D=  -1 * 0
 X= 816 X2= 814  Y= 345 Y2= 353 P1= 867 P2= 370 T1=  16 T2=  33  P= 527  D=  -1 * 0
 X= 815 X2= 814  Y= 339 Y2= 347 P1= 830 P2= 478 T1=  17 T2=  17  P= 599  D=  -1 * 0
 X= 815 X2= 813  Y= 340 Y2= 347 P1= 833 P2= 474 T1=  17 T2=  17  P= 616  D=  -1 * 1
 X= 814 X2= 814  Y= 338 Y2= 345 P1= 825 P2= 496 T1=  16 T2=  15  P= 539  D=  -1 * 2
 X= 815 X2= 813  Y= 338 Y2= 345 P1= 822 P2= 499 T1=  15 T2=  14  P= 526  D=  -1 * 3
 X= 814 X2= 814  Y= 338 Y2= 345 P1= 822 P2= 501 T1=  15 T2=  15  P= 520  D=  -1 * 4
 X= 814 X2= 814  Y= 338 Y2= 345 P1= 823 P2= 499 T1=  15 T2=  15  P= 528  D=  -1 * 5
 X= 814 X2= 814  Y= 338 Y2= 345 P1= 825 P2= 494 T1=  16 T2=  15  P= 545  D=  -1 * 6
 X= 815 X2= 814  Y= 339 Y2= 344 P1= 823 P2= 497 T1=  15 T2=  15  P= 533  D=  -1 * 7
 X= 815 X2= 814  Y= 338 Y2= 344 P1= 824 P2= 497 T1=  15 T2=  15  P= 534  D=  -1 * 8
 X= 815 X2= 814  Y= 337 Y2= 344 P1= 823 P2= 497 T1=  15 T2=  15  P= 533  D=  -1 * 9
 X= 814 X2= 814  Y= 338 Y2= 345 P1= 824 P2= 497 T1=  15 T2=  15  P= 534  D=  -1 * 10
 X= 814 X2= 813  Y= 338 Y2= 345 P1= 823 P2= 498 T1=  15 T2=  16  P= 530  D=  -1 * 11
 X= 815 X2= 813  Y= 337 Y2= 344 P1= 823 P2= 498 T1=  16 T2=  15  P= 530  D=  -1 * 12
 X= 813 X2= 814  Y= 337 Y2= 345 P1= 823 P2= 500 T1=  15 T2=  14  P= 525  D=  -1 * 13
 X= 814 X2= 813  Y= 337 Y2= 345 P1= 822 P2= 500 T1=  15 T2=  14  P= 523  D=  -1 * 14
 X= 814 X2= 815  Y= 337 Y2= 345 P1= 823 P2= 500 T1=  14 T2=  15  P= 525  D=  -1 * 15
 X= 814 X2= 813  Y= 337 Y2= 345 P1= 823 P2= 500 T1=  14 T2=  14  P= 525  D=  -1 * 16
 X= 814 X2= 814  Y= 337 Y2= 345 P1= 822 P2= 500 T1=  14 T2=  14  P= 524  D=  -1 * 17
 X= 815 X2= 813  Y= 337 Y2= 344 P1= 822 P2= 500 T1=  15 T2=  15  P= 524  D=  -1 * 18
 X= 814 X2= 813  Y= 337 Y2= 345 P1= 822 P2= 500 T1=  15 T2=  14  P= 523  D=  -1 * 19
 X= 814 X2= 814  Y= 338 Y2= 344 P1= 822 P2= 500 T1=  14 T2=  14  P= 524  D=  -1 * 20
 X= 814 X2= 813  Y= 338 Y2= 344 P1= 822 P2= 500 T1=  15 T2=  15  P= 523  D=  -1 * 21
 X= 814 X2= 813  Y= 338 Y2= 345 P1= 822 P2= 499 T1=  14 T2=  14  P= 526  D=  -1 * 22
 X= 814 X2= 814  Y= 337 Y2= 345 P1= 822 P2= 500 T1=  14 T2=  15  P= 524  D=  -1 * 23
 X= 814 X2= 814  Y= 337 Y2= 345 P1= 822 P2= 500 T1=  15 T2=  15  P= 524  D=  -1 * 24
Remove Pin
 X= 814 X2= 814  Y= 337 Y2= 345 P1= 823 P2= 500 T1=  14 T2=  14  P= 525  D=  -1 * 24
 X= 814 X2= 814  Y= 337 Y2= 344 P1= 822 P2= 500 T1=  15 T2=  14  P= 524  D=  -1 * 24
 X= 814 X2= 813  Y= 337 Y2= 345 P1= 822 P2= 499 T1=  15 T2=  15  P= 526  D=  -1 * 24
 X= 814 X2= 814  Y= 338 Y2= 344 P1= 822 P2= 500 T1=  15 T2=  14  P= 524  D=  -1 * 24
 X= 814 X2= 814  Y= 338 Y2= 344 P1= 823 P2= 499 T1=  14 T2=  15  P= 528  D=  -1 * 24
 X= 814 X2= 814  Y= 338 Y2= 345 P1= 822 P2= 500 T1=  15 T2=  14  P= 524  D=  -1 * 24
 X= 815 X2= 813  Y= 338 Y2= 345 P1= 822 P2= 500 T1=  15 T2=  15  P= 524  D=  -1 * 24
 X= 814 X2= 813  Y= 337 Y2= 345 P1= 823 P2= 500 T1=  15 T2=  15  P= 525  D=  -1 * 24
 X= 814 X2= 814  Y= 337 Y2= 345 P1= 823 P2= 500 T1=  15 T2=  14  P= 525  D=  -1 * 24
 X= 814 X2= 814  Y= 338 Y2= 345 P1= 822 P2= 501 T1=  14 T2=  15  P= 520  D=  -1 * 24
 X= 814 X2= 813  Y= 338 Y2= 345 P1= 822 P2= 500 T1=  15 T2=  15  P= 523  D=  -1 * 24
 X= 815 X2= 814  Y= 338 Y2= 343 P1= 822 P2= 500 T1=  15 T2=  15  P= 524  D=  -1 * 24
 X= 818 X2= 814  Y= 337 Y2= 345 P1= 823 P2= 500 T1=  15 T2=  15  P= 527  D=  -1 * 24
 X= 815 X2= 813  Y= 338 Y2= 344 P1= 823 P2= 500 T1=  16 T2=  15  P= 525  D=  -1 * 24
 X= 815 X2= 813  Y= 337 Y2= 345 P1= 822 P2= 500 T1=  14 T2=  15  P= 524  D=  -1 * 24
 X= 814 X2= 813  Y= 337 Y2= 345 P1= 822 P2= 500 T1=  15 T2=  14  P= 523  D=  -1 * 24
 X= 814 X2= 813  Y= 338 Y2= 344 P1= 822 P2= 500 T1=  14 T2=  15  P= 523  D=  -1 * 24
 X= 814 X2= 813  Y= 338 Y2= 345 P1= 822 P2= 499 T1=  15 T2=  14  P= 526  D=  -1 * 24
 X= 814 X2= 814  Y= 338 Y2= 345 P1= 822 P2= 499 T1=  15 T2=  15  P= 526  D=  -1 * 24
 X= 814 X2= 813  Y= 337 Y2= 345 P1= 822 P2= 499 T1=  15 T2=  15  P= 526  D=  -1 * 24
 X= 813 X2= 814  Y= 337 Y2= 345 P1= 823 P2= 500 T1=  15 T2=  15  P= 525  D=  -1 * 24
 X= 815 X2= 815  Y= 338 Y2= 343 P1= 822 P2= 500 T1=  15 T2=  14  P= 524  D=  -1 * 24
 X= 814 X2= 814  Y= 337 Y2= 345 P1= 822 P2= 500 T1=  14 T2=  15  P= 524  D=  -1 * 24
 X= 814 X2= 814  Y= 337 Y2= 345 P1= 822 P2= 500 T1=  15 T2=  15  P= 524  D=  -1 * 24
 X= 815 X2= 814  Y= 338 Y2= 345 P1= 822 P2= 500 T1=  15 T2=  14  P= 524  D=  -1 * 24
 X= 815 X2= 813  Y= 338 Y2= 345 P1= 822 P2= 499 T1=  15 T2=  15  P= 526  D=  -1 * 24
 X= 814 X2= 812  Y= 338 Y2= 344 P1= 822 P2= 500 T1=  15 T2=  15  P= 523  D=  -1 * 24
 X= 814 X2= 813  Y= 338 Y2= 345 P1= 823 P2= 500 T1=  15 T2=  15  P= 525  D=  -1 * 24
 X= 814 X2= 813  Y= 338 Y2= 345 P1= 825 P2= 490 T1=  15 T2=  16  P= 555  D=  -1 * 24
 X= 815 X2= 815  Y= 344 Y2= 353 P1= 860 P2= 396 T1=  16 T2=  27  P= 555  D=  -1 * 24
 X= 831 X2=1010  Y= 873 Y2=1021 P1=1023 P2=   0 T1=1023 T2= 732  P= 555  D=  -1 
 X= 891 X2=1023  Y= 890 Y2=1020 P1=1023 P2=   0 T1=1023 T2= 719  P= 555  D=  -1 
 X= 963 X2=1007  Y= 881 Y2=1021 P1=1023 P2=   0 T1=1023 T2= 759  P= 555  D=  -1 
target state=3 point=456,249
 X= 862 X2=1023  Y= 829 Y2=1018 P1=1023 P2=   0 T1=1023 T2= 660  P= 555  D=  -1 
 X= 802 X2=1004  Y= 900 Y2=1022 P1=1023 P2=   0 T1=1023 T2= 755  P= 555  D=  -1 
 X= 866 X2=1023  Y= 907 Y2=1020 P1=1023 P2=   0 T1=1023 T2= 758  P= 555  D=  -1 
 X= 833 X2=1018  Y= 870 Y2=1020 P1=1023 P2=   0 T1=1023 T2= 745  P= 555  D=  -1 
 X= 999 X2=1023  Y= 904 Y2=1020 P1=1023 P2=   0 T1=1023 T2= 765  P= 555  D=  -1 
 X= 905 X2= 992  Y= 872 Y2=1022 P1=1023 P2=   0 T1=1023 T2= 748  P= 555  D=  -1 
 X= 998 X2=1014  Y= 945 Y2=1021 P1=1023 P2=   0 T1=1023 T2= 761  P= 555  D=  -1 
 X= 900 X2=1023  Y= 915 Y2=1021 P1=1023 P2=   0 T1=1023 T2= 754  P= 555  D=  -1 
 X=1023 X2=1017  Y= 872 Y2=1021 P1=1023 P2=   0 T1=1023 T2= 781  P= 555  D=  -1 
 X= 738 X2=1023  Y= 889 Y2=1021 P1=1023 P2=   0 T1=1023 T2= 768  P= 555  D=  -1 
 X=1023 X2=1023  Y= 912 Y2=1022 P1=1023 P2=   0 T1=1022 T2= 787  P= 555  D=  -1 
 X= 730 X2=1023  Y= 912 Y2=1020 P1=1023 P2=   0 T1=1022 T2= 785  P= 555  D=  -1 
 X= 865 X2=1023  Y= 916 Y2=1022 P1=1023 P2=   0 T1=1023 T2= 759  P= 555  D=  -1 
 X= 975 X2= 999  Y= 892 Y2=1021 P1=1023 P2=   0 T1=1023 T2= 771  P= 555  D=  -1 
 X= 792 X2=1023  Y= 870 Y2=1019 P1=1023 P2=   0 T1=1023 T2= 770  P= 555  D=  -1 
 X= 822 X2=1003  Y= 912 Y2=1021 P1=1023 P2=   0 T1=1022 T2= 714  P= 555  D=  -1 
 X= 897 X2=1008  Y= 927 Y2=1022 P1=1023 P2=   0 T1=1022 T2= 788  P= 555  D=  -1 
 X= 841 X2= 999  Y= 898 Y2=1021 P1=1023 P2=   0 T1=1023 T2= 799  P= 555  D=  -1 
 X= 789 X2=1023  Y= 900 Y2=1021 P1=1023 P2=   0 T1=1023 T2= 774  P= 555  D=  -1 
 X= 957 X2=1016  Y= 911 Y2=1021 P1=1023 P2=   0 T1=1023 T2= 782  P= 555  D=  -1 
 X= 981 X2=1023  Y= 935 Y2=1021 P1=1023 P2=   0 T1=1022 T2= 786  P= 555  D=  -1 
 X= 879 X2= 988  Y= 893 Y2=1021 P1=1023 P2=   0 T1=1023 T2= 759  P= 555  D=  -1 
 X= 998 X2=1023  Y= 921 Y2=1022 P1=1023 P2=   0 T1=1023 T2= 753  P= 555  D=  -1 
 X= 836 X2=1023  Y= 894 Y2=1021 P1=1023 P2=   0 T1=1023 T2= 758  P= 555  D=  -1 
 X=1023 X2=1022  Y= 912 Y2=1022 P1=1023 P2=   0 T1=1022 T2= 786  P= 555  D=  -1 
 X= 782 X2=1023  Y= 889 Y2=1021 P1=1023 P2=   0 T1=1023 T2= 779  P= 555  D=  -1 
 X=1023 X2=1011  Y= 885 Y2=1021 P1=1023 P2=   0 T1=1022 T2= 789  P= 555  D=  -1 
 X= 819 X2=1023  Y= 919 Y2=1021 P1=1023 P2=   0 T1=1023 T2= 776  P= 555  D=  -1 
 X= 809 X2=1023  Y= 918 Y2=1021 P1=1023 P2=   0 T1=1023 T2= 816  P= 555  D=  -1 
 X= 969 X2=1011  Y= 897 Y2=1021 P1=1023 P2=   0 T1=1023 T2= 794  P= 555  D=  -1 
 X= 889 X2=1023  Y= 920 Y2=1022 P1=1023 P2=   0 T1=1023 T2= 778  P= 555  D=  -1 
 X=1022 X2=1014  Y=1021 Y2=1023 P1=1023 P2=   0 T1=1021 T2=1019  P= 555  D=  -1 
 X= 896 X2=1023  Y= 919 Y2=1020 P1=1023 P2=   0 T1=1023 T2= 764  P= 555  D=  -1 
 X= 778 X2=1023  Y= 901 Y2=1021 P1=1023 P2=   0 T1=1022 T2= 762  P= 555  D=  -1 
 X= 973 X2=1017  Y= 950 Y2=1022 P1=1023 P2=   0 T1=1022 T2= 776  P= 555  D=  -1 
 X= 788 X2=1023  Y= 891 Y2=1022 P1=1023 P2=   0 T1=1022 T2= 766  P= 555  D=  -1 
 X= 917 X2=1009  Y= 939 Y2=1021 P1=1023 P2=   0 T1=1023 T2= 779  P= 555  D=  -1 
 X= 831 X2=1011  Y= 904 Y2=1022 P1=1023 P2=   0 T1=1023 T2= 808  P= 555  D=  -1 
 X=1023 X2=1009  Y= 869 Y2=1021 P1=1023 P2=   0 T1=1023 T2= 798  P= 555  D=  -1 
 X=1000 X2=1003  Y= 896 Y2=1021 P1=1023 P2=   0 T1=1023 T2= 798  P= 555  D=  -1 
 X= 991 X2=1022  Y= 918 Y2=1022 P1=1023 P2=   0 T1=1023 T2= 787  P= 555  D=  -1 
 X= 856 X2=1021  Y= 906 Y2=1021 P1=1023 P2=   0 T1=1023 T2= 788  P= 555  D=  -1 
 X=1013 X2=1023  Y= 893 Y2=1022 P1=1023 P2=   0 T1=1023 T2= 774  P= 555  D=  -1 
 X= 941 X2=1016  Y= 907 Y2=1021 P1=1023 P2=   0 T1=1022 T2= 784  P= 555  D=  -1 
 X= 825 X2=1004  Y= 905 Y2=1021 P1=1023 P2=   0 T1=1023 T2= 770  P= 555  D=  -1 
 X= 897 X2= 988  Y= 886 Y2=1021 P1=1023 P2=   0 T1=1023 T2= 781  P= 555  D=  -1 
 X= 841 X2= 994  Y= 924 Y2=1020 P1=1023 P2=   0 T1=1023 T2= 771  P= 555  D=  -1 
 X= 967 X2= 991  Y= 873 Y2=1022 P1=1023 P2=   0 T1=1023 T2= 788  P= 555  D=  -1 
 X= 986 X2=1023  Y= 908 Y2=1020 P1=1023 P2=   0 T1=1023 T2= 784  P= 555  D=  -1 
 X= 786 X2=1023  Y= 918 Y2=1021 P1=1023 P2=   0 T1=1023 T2= 778  P= 555  D=  -1 
 X= 876 X2=1011  Y= 902 Y2=1021 P1=1023 P2=   0 T1=1022 T2= 797  P= 555  D=  -1 
 X= 813 X2= 814  Y= 698 Y2= 703 P1= 915 P2= 563 T1=  13 T2=  14  P= 508  D=  -1 * 0
 X= 951 X2=1014  Y= 928 Y2=1022 P1=1023 P2=   0 T1=1021 T2= 778  P= 508  D=  -1 
 X= 850 X2=1023  Y= 921 Y2=1021 P1=1023 P2=   0 T1=1023 T2= 801  P= 508  D=  -1 
 X= 994 X2=1022  Y= 910 Y2=1020 P1=1023 P2=   0 T1=  22 T2= 808  P= 508  D=  -1 * 0
 X= 931 X2= 817  Y= 701 Y2= 705 P1= 922 P2= 537 T1=1023 T2=  16  P= 508  D=  -1 
 X=1023 X2=1008  Y= 922 Y2=1021 P1=1023 P2=   0 T1=  74 T2= 800  P= 508  D=  -1 
 X= 815 X2= 816  Y= 700 Y2= 704 P1= 921 P2= 535 T1=  17 T2=  16  P= 587  D=  -1 * 0
 X= 815 X2= 815  Y= 700 Y2= 704 P1= 922 P2= 526 T1=  16 T2=  17  P= 612  D=  -1 * 0
 X= 814 X2= 814  Y= 699 Y2= 704 P1= 921 P2= 538 T1=  16 T2=  16  P= 578  D=  -1 * 1
 X= 814 X2= 815  Y= 699 Y2= 704 P1= 921 P2= 530 T1=  17 T2=  17  P= 599  D=  -1 * 2
 X= 814 X2= 814  Y= 700 Y2= 704 P1= 920 P2= 538 T1=  16 T2=  15  P= 577  D=  -1 * 3
 X= 814 X2= 815  Y= 699 Y2= 703 P1= 920 P2= 540 T1=  16 T2=  16  P= 572  D=  -1 * 4
 X= 814 X2= 815  Y= 699 Y2= 703 P1= 919 P2= 545 T1=  16 T2=  15  P= 558  D=  -1 * 5
 X= 813 X2= 815  Y= 698 Y2= 703 P1= 919 P2= 545 T1=  16 T2=  15  P= 558  D=  -1 * 6
 X= 814 X2= 815  Y= 699 Y2= 703 P1= 919 P2= 545 T1=  15 T2=  16  P= 558  D=  -1 * 7
 X= 814 X2= 814  Y= 699 Y2= 703 P1= 919 P2= 544 T1=  16 T2=  15  P= 560  D=  -1 * 8
 X= 814 X2= 814  Y= 699 Y2= 703 P1= 919 P2= 547 T1=  15 T2=  15  P= 553  D=  -1 * 9
 X= 814 X2= 814  Y= 699 Y2= 704 P1= 919 P2= 546 T1=  16 T2=  15  P= 555  D=  -1 * 10
 X= 814 X2= 815  Y= 699 Y2= 703 P1= 919 P2= 548 T1=  15 T2=  16  P= 551  D=  -1 * 11
 X= 813 X2= 815  Y= 698 Y2= 704 P1= 918 P2= 550 T1=  15 T2=  15  P= 544  D=  -1 * 12
 X= 813 X2= 815  Y= 699 Y2= 702 P1= 918 P2= 549 T1=  15 T2=  15  P= 547  D=  -1 * 13
 X= 814 X2= 814  Y= 699 Y2= 704 P1= 918 P2= 549 T1=  15 T2=  15  P= 547  D=  -1 * 14
 X= 814 X2= 814  Y= 699 Y2= 703 P1= 918 P2= 548 T1=  15 T2=  15  P= 549  D=  -1 * 15
 X= 813 X2= 815  Y= 698 Y2= 703 P1= 919 P2= 547 T1=  14 T2=  15  P= 553  D=  -1 * 16
 X= 814 X2= 815  Y= 699 Y2= 703 P1= 918 P2= 548 T1=  15 T2=  16  P= 549  D=  -1 * 17
 X= 814 X2= 814  Y= 699 Y2= 702 P1= 918 P2= 547 T1=  15 T2=  15  P= 551  D=  -1 * 18
 X= 814 X2= 814  Y= 699 Y2= 703 P1= 918 P2= 549 T1=  15 T2=  15  P= 547  D=  -1 * 19
 X= 817 X2= 815  Y= 698 Y2= 704 P1= 918 P2= 549 T1=  15 T2=  16  P= 548  D=  -1 * 20
 X= 814 X2= 815  Y= 698 Y2= 703 P1= 918 P2= 551 T1=  15 T2=  16  P= 542  D=  -1 * 21
 X= 814 X2= 814  Y= 699 Y2= 702 P1= 917 P2= 551 T1=  15 T2=  15  P= 540  D=  -1 * 22
 X= 813 X2= 814  Y= 698 Y2= 703 P1= 918 P2= 551 T1=  15 T2=  15  P= 541  D=  -1 * 23
 X= 814 X2= 814  Y= 699 Y2= 703 P1= 918 P2= 552 T1=  15 T2=  15  P= 539  D=  -1 * 24
Remove Pin
 X= 812 X2= 815  Y= 699 Y2= 703 P1= 918 P2= 551 T1=  15 T2=  14  P= 541  D=  -1 * 24
 X= 814 X2= 813  Y= 698 Y2= 703 P1= 918 P2= 551 T1=  14 T2=  16  P= 541  D=  -1 * 24
 X= 813 X2= 814  Y= 699 Y2= 703 P1= 918 P2= 552 T1=  15 T2=  15  P= 539  D=  -1 * 24
 X= 812 X2= 814  Y= 699 Y2= 702 P1= 918 P2= 551 T1=  15 T2=  15  P= 541  D=  -1 * 24
 X= 813 X2= 815  Y= 699 Y2= 703 P1= 918 P2= 551 T1=  15 T2=  15  P= 542  D=  -1 * 24
 X= 814 X2= 814  Y= 698 Y2= 702 P1= 918 P2= 552 T1=  15 T2=  15  P= 539  D=  -1 * 24
 X= 814 X2= 814  Y= 699 Y2= 702 P1= 918 P2= 551 T1=  15 T2=  15  P= 542  D=  -1 * 24
 X= 814 X2= 814  Y= 698 Y2= 703 P1= 918 P2= 552 T1=  15 T2=  16  P= 539  D=  -1 * 24
 X= 814 X2= 813  Y= 699 Y2= 703 P1= 918 P2= 552 T1=  15 T2=  15  P= 539  D=  -1 * 24
 X= 814 X2= 815  Y= 698 Y2= 702 P1= 918 P2= 552 T1=  15 T2=  16  P= 539  D=  -1 * 24
 X= 813 X2= 815  Y= 698 Y2= 703 P1= 917 P2= 552 T1=  15 T2=  15  P= 538  D=  -1 * 24
 X= 814 X2= 815  Y= 699 Y2= 703 P1= 918 P2= 552 T1=  15 T2=  15  P= 539  D=  -1 * 24
 X= 814 X2= 814  Y= 698 Y2= 703 P1= 917 P2= 551 T1=  15 T2=  15  P= 540  D=  -1 * 24
 X= 813 X2= 814  Y= 699 Y2= 702 P1= 918 P2= 552 T1=  15 T2=  15  P= 539  D=  -1 * 24
 X= 813 X2= 814  Y= 699 Y2= 703 P1= 916 P2= 553 T1=  14 T2=  15  P= 533  D=  -1 * 24
 X= 813 X2= 815  Y= 698 Y2= 702 P1= 917 P2= 552 T1=  15 T2=  14  P= 538  D=  -1 * 24
 X= 813 X2= 814  Y= 699 Y2= 703 P1= 918 P2= 552 T1=  15 T2=  15  P= 539  D=  -1 * 24
 X= 814 X2= 814  Y= 698 Y2= 703 P1= 917 P2= 553 T1=  16 T2=  15  P= 535  D=  -1 * 24
 X= 814 X2= 814  Y= 698 Y2= 703 P1= 918 P2= 552 T1=  16 T2=  16  P= 539  D=  -1 * 24
 X= 813 X2= 814  Y= 699 Y2= 702 P1= 916 P2= 552 T1=  15 T2=  15  P= 535  D=  -1 * 24
 X= 814 X2= 814  Y= 698 Y2= 703 P1= 918 P2= 553 T1=  15 T2=  15  P= 537  D=  -1 * 24
 X= 813 X2= 814  Y= 699 Y2= 703 P1= 917 P2= 553 T1=  15 T2=  15  P= 534  D=  -1 * 24
 X= 813 X2= 815  Y= 698 Y2= 702 P1= 918 P2= 547 T1=  15 T2=  15  P= 551  D=  -1 * 24
 X= 815 X2= 816  Y= 698 Y2= 703 P1= 919 P2= 549 T1=  15 T2=  15  P= 548  D=  -1 * 24
 X= 876 X2=1023  Y= 912 Y2=1021 P1=1023 P2=   0 T1=1023 T2= 780  P= 548  D=  -1 
 X= 946 X2=1023  Y= 931 Y2=1021 P1=1023 P2=   0 T1=1023 T2= 821  P= 548  D=  -1 
 X= 910 X2=1006  Y= 911 Y2=1021 P1=1023 P2=   0 T1=1022 T2= 803  P= 548  D=  -1 
target state=4 point=23,249
 X= 955 X2=1007  Y= 885 Y2=1021 P1=1023 P2=   0 T1=1023 T2= 737  P= 548  D=  -1 
 X= 895 X2=1023  Y= 938 Y2=1022 P1=1023 P2=   0 T1=1023 T2= 796  P= 548  D=  -1 
 X= 882 X2=1023  Y= 933 Y2=1022 P1=1023 P2=   0 T1=1021 T2= 796  P= 548  D=  -1 
 X= 940 X2=1023  Y= 923 Y2=1019 P1=1023 P2=   0 T1=1022 T2= 821  P= 548  D=  -1 
 X=1012 X2=1001  Y= 910 Y2=1023 P1=1023 P2=   0 T1=1023 T2= 814  P= 548  D=  -1 
 X=1010 X2= 997  Y= 919 Y2=1022 P1=1023 P2=   0 T1=1023 T2= 792  P= 548  D=  -1 
 X= 950 X2=1013  Y= 906 Y2=1022 P1=1023 P2=   0 T1=1022 T2= 777  P= 548  D=  -1 
 X= 724 X2=1023  Y= 900 Y2=1021 P1=1023 P2=   0 T1=1023 T2= 768  P= 548  D=  -1 
 X=1015 X2=1023  Y= 945 Y2=1021 P1=1023 P2=   0 T1=1023 T2= 784  P= 548  D=  -1 
 X= 900 X2=1007  Y= 893 Y2=1022 P1=1023 P2=   0 T1=1022 T2= 782  P= 548  D=  -1 
 X= 953 X2=1023  Y= 921 Y2=1021 P1=1023 P2=   0 T1=1022 T2= 789  P= 548  D=  -1 
 X= 999 X2=1002  Y= 895 Y2=1021 P1=1023 P2=   0 T1=1023 T2= 786  P= 548  D=  -1 
 X= 946 X2=1023  Y= 925 Y2=1022 P1=1023 P2=   0 T1=1023 T2= 768  P= 548  D=  -1 
 X= 884 X2= 995  Y= 914 Y2=1021 P1=1023 P2=   0 T1=1023 T2= 798  P= 548  D=  -1 
 X= 880 X2=1023  Y= 920 Y2=1021 P1=1023 P2=   0 T1=1023 T2= 799  P= 548  D=  -1 
 X= 702 X2=1023  Y= 908 Y2=1021 P1=1023 P2=   0 T1=1023 T2= 810  P= 548  D=  -1 
 X= 879 X2=1014  Y= 923 Y2=1022 P1=1023 P2=   0 T1=1022 T2= 766  P= 548  D=  -1 
 X= 974 X2=1013  Y= 914 Y2=1022 P1=1023 P2=   0 T1=1023 T2= 722  P= 548  D=  -1 
 X= 773 X2=1023  Y= 915 Y2=1021 P1=1023 P2=   0 T1=1023 T2= 791  P= 548  D=  -1 
 X= 896 X2=1023  Y= 886 Y2=1022 P1=1023 P2=   0 T1=1022 T2= 781  P= 548  D=  -1 
 X= 964 X2=1009  Y= 901 Y2=1022 P1=1023 P2=   0 T1=1023 T2= 789  P= 548  D=  -1 
 X= 766 X2=1013  Y= 889 Y2=1022 P1=1023 P2=   0 T1=1023 T2= 763  P= 548  D=  -1 
 X=1023 X2= 999  Y=1001 Y2=1022 P1=1023 P2=   0 T1=1022 T2=1015  P= 548  D=  -1 
 X= 865 X2= 994  Y= 916 Y2=1021 P1=1023 P2=   0 T1=1023 T2= 795  P= 548  D=  -1 
 X= 897 X2=1023  Y= 904 Y2=1021 P1=1023 P2=   0 T1=1023 T2= 778  P= 548  D=  -1 
 X= 952 X2=1008  Y= 885 Y2=1021 P1=1023 P2=   0 T1=1023 T2= 805  P= 548  D=  -1 
 X= 926 X2=1023  Y= 910 Y2=1022 P1=1023 P2=   0 T1=1023 T2= 784  P= 548  D=  -1 
 X= 952 X2=1007  Y= 904 Y2=1022 P1=1023 P2=   0 T1=1022 T2= 775  P= 548  D=  -1 
 X= 977 X2=1011  Y= 922 Y2=1021 P1=1023 P2=   0 T1=1023 T2= 744  P= 548  D=  -1 
 X= 968 X2=1007  Y= 910 Y2=1021 P1=1023 P2=   0 T1=1023 T2= 805  P= 548  D=  -1 
 X= 939 X2=1016  Y= 895 Y2=1022 P1=1023 P2=   0 T1=1022 T2= 809  P= 548  D=  -1 
 X= 727 X2=1023  Y= 907 Y2=1020 P1=1023 P2=   0 T1=1023 T2= 791  P= 548  D=  -1 
 X= 984 X2=1009  Y= 921 Y2=1022 P1=1023 P2=   0 T1=1023 T2= 787  P= 548  D=  -1 
 X=1023 X2=1014  Y= 936 Y2=1021 P1=1023 P2=   0 T1=1023 T2= 787  P= 548  D=  -1 
 X= 831 X2=1023  Y= 923 Y2=1022 P1=1023 P2=   0 T1=1022 T2= 796  P= 548  D=  -1 
 X= 887 X2=1023  Y= 910 Y2=1022 P1=1023 P2=   0 T1=1023 T2= 799  P= 548  D=  -1 
 X= 982 X2=1023  Y= 931 Y2=1021 P1=1023 P2=   0 T1=1023 T2= 817  P= 548  D=  -1 
 X= 853 X2=1016  Y= 893 Y2=1020 P1=1023 P2=   0 T1=1023 T2= 865  P= 548  D=  -1 
 X= 876 X2=1023  Y= 909 Y2=1021 P1=1023 P2=   0 T1=1022 T2= 779  P= 548  D=  -1 
 X= 778 X2=1023  Y= 910 Y2=1020 P1=1023 P2=   0 T1=1022 T2= 752  P= 548  D=  -1 
 X= 944 X2= 997  Y= 927 Y2=1021 P1=1023 P2=   0 T1=1023 T2= 779  P= 548  D=  -1 
 X= 938 X2=1017  Y= 904 Y2=1022 P1=1023 P2=   0 T1=1022 T2= 797  P= 548  D=  -1 
 X= 930 X2=1023  Y= 909 Y2=1021 P1=1023 P2=   0 T1=1023 T2= 784  P= 548  D=  -1 
 X= 879 X2=1023  Y= 888 Y2=1018 P1=1023 P2=   0 T1=1023 T2= 790  P= 548  D=  -1 
 X= 979 X2=1013  Y= 926 Y2=1022 P1=1023 P2=   0 T1=1023 T2= 804  P= 548  D=  -1 
 X= 884 X2=1012  Y= 896 Y2=1022 P1=1023 P2=   0 T1=1023 T2= 774  P= 548  D=  -1 
 X= 919 X2=1017  Y= 919 Y2=1022 P1=1023 P2=   0 T1=1023 T2= 785  P= 548  D=  -1 
 X= 694 X2=1023  Y= 894 Y2=1021 P1=1023 P2=   0 T1=1023 T2= 719  P= 548  D=  -1 
 X= 925 X2=1023  Y= 907 Y2=1021 P1=1023 P2=   0 T1=1023 T2= 802  P= 548  D=  -1 
 X= 929 X2=1023  Y= 902 Y2=1021 P1=1023 P2=   0 T1=1023 T2= 730  P= 548  D=  -1 
 X= 988 X2=1014  Y= 894 Y2=1022 P1=1023 P2=   0 T1=1023 T2= 810  P= 548  D=  -1 
 X= 966 X2=1013  Y= 920 Y2=1022 P1=1023 P2=   0 T1=1023 T2= 783  P= 548  D=  -1 
 X= 902 X2=1023  Y= 920 Y2=1022 P1=1023 P2=   0 T1=1023 T2= 778  P= 548  D=  -1 
 X= 986 X2=1009  Y= 915 Y2=1022 P1=1023 P2=   0 T1=1023 T2= 805  P= 548  D=  -1 
 X= 770 X2=1023  Y= 923 Y2=1020 P1=1023 P2=   0 T1=1023 T2= 786  P= 548  D=  -1 
 X= 997 X2=1001  Y= 921 Y2=1020 P1=1023 P2=   0 T1=1023 T2= 799  P= 548  D=  -1 
 X= 962 X2=1023  Y= 924 Y2=1022 P1=1023 P2=   0 T1=1023 T2= 824  P= 548  D=  -1 
 X= 803 X2=1023  Y= 906 Y2=1021 P1=1023 P2=   0 T1=1023 T2= 807  P= 548  D=  -1 
 X= 996 X2=1009  Y= 902 Y2=1022 P1=1023 P2=   0 T1=1022 T2= 776  P= 548  D=  -1 
 X= 901 X2=1008  Y= 916 Y2=1022 P1=1023 P2=   0 T1=1022 T2= 759  P= 548  D=  -1 
 X= 233 X2= 234  Y= 702 Y2= 697 P1= 864 P2= 216 T1=  26 T2=  25  P= 699  D=  -1 * 0
 X= 232 X2= 234  Y= 702 Y2= 697 P1= 857 P2= 228 T1=  24 T2=  24  P= 642  D=  -1 * 0
 X= 232 X2= 234  Y= 703 Y2= 698 P1= 854 P2= 231 T1=  24 T2=  24  P= 628  D=  -1 * 0
 X= 232 X2= 234  Y= 701 Y2= 696 P1= 855 P2= 230 T1=  23 T2=  23  P= 633  D=  -1 * 0
 X= 231 X2= 234  Y= 701 Y2= 696 P1= 853 P2= 233 T1=  23 T2=  23  P= 617  D=  -1 * 1
 X= 230 X2= 233  Y= 701 Y2= 696 P1= 851 P2= 234 T1=  24 T2=  23  P= 608  D=  -1 * 2
 X= 232 X2= 234  Y= 701 Y2= 697 P1= 851 P2= 235 T1=  23 T2=  23  P= 610  D=  -1 * 3
 X= 231 X2= 232  Y= 701 Y2= 696 P1= 850 P2= 236 T1=  23 T2=  23  P= 600  D=  -1 * 4
 X= 231 X2= 233  Y= 701 Y2= 696 P1= 851 P2= 236 T1=  23 T2=  23  P= 604  D=  -1 * 5
 X= 231 X2= 232  Y= 700 Y2= 697 P1= 849 P2= 238 T1=  23 T2=  24  P= 592  D=  -1 * 6
 X= 232 X2= 233  Y= 701 Y2= 696 P1= 849 P2= 237 T1=  23 T2=  23  P= 599  D=  -1 * 7
 X= 230 X2= 233  Y= 700 Y2= 696 P1= 847 P2= 237 T1=  23 T2=  23  P= 594  D=  -1 * 8
 X= 230 X2= 233  Y= 701 Y2= 696 P1= 848 P2= 240 T1=  22 T2=  23  P= 585  D=  -1 * 9
 X= 231 X2= 232  Y= 701 Y2= 696 P1= 849 P2= 239 T1=  23 T2=  23  P= 589  D=  -1 * 10
 X= 231 X2= 233  Y= 700 Y2= 696 P1= 847 P2= 240 T1=  23 T2=  23  P= 586  D=  -1 * 11
 X= 230 X2= 233  Y= 701 Y2= 696 P1= 847 P2= 239 T1=  23 T2=  23  P= 587  D=  -1 * 12
 X= 231 X2= 232  Y= 700 Y2= 696 P1= 848 P2= 240 T1=  23 T2=  23  P= 585  D=  -1 * 13
 X= 230 X2= 232  Y= 700 Y2= 696 P1= 848 P2= 239 T1=  22 T2=  23  P= 588  D=  -1 * 14
 X= 231 X2= 232  Y= 700 Y2= 697 P1= 847 P2= 240 T1=  22 T2=  23  P= 584  D=  -1 * 15
 X= 231 X2= 233  Y= 701 Y2= 696 P1= 847 P2= 241 T1=  23 T2=  22  P= 583  D=  -1 * 16
 X= 229 X2= 233  Y= 700 Y2= 696 P1= 847 P2= 241 T1=  22 T2=  23  P= 580  D=  -1 * 17
 X= 230 X2= 232  Y= 700 Y2= 695 P1= 846 P2= 241 T1=  23 T2=  24  P= 579  D=  -1 * 18
 X= 230 X2= 233  Y= 700 Y2= 696 P1= 847 P2= 240 T1=  23 T2=  23  P= 584  D=  -1 * 19
 X= 230 X2= 232  Y= 701 Y2= 695 P1= 847 P2= 240 T1=  23 T2=  22  P= 584  D=  -1 * 20
 X= 230 X2= 232  Y= 700 Y2= 696 P1= 846 P2= 240 T1=  22 T2=  22  P= 583  D=  -1 * 21
 X= 230 X2= 233  Y= 700 Y2= 696 P1= 847 P2= 240 T1=  23 T2=  23  P= 584  D=  -1 * 22
 X= 231 X2= 232  Y= 701 Y2= 696 P1= 848 P2= 238 T1=  23 T2=  23  P= 592  D=  -1 * 23
 X= 231 X2= 233  Y= 701 Y2= 697 P1= 851 P2= 236 T1=  23 T2=  23  P= 604  D=  -1 * 24
Remove Pin
 X= 231 X2= 233  Y= 701 Y2= 696 P1= 852 P2= 234 T1=  23 T2=  23  P= 612  D=  -1 * 24
 X= 232 X2= 233  Y= 701 Y2= 697 P1= 850 P2= 236 T1=  23 T2=  23  P= 603  D=  -1 * 24
 X= 231 X2= 233  Y= 701 Y2= 696 P1= 851 P2= 236 T1=  23 T2=  23  P= 604  D=  -1 * 24
 X= 231 X2= 233  Y= 701 Y2= 698 P1= 851 P2= 236 T1=  23 T2=  23  P= 604  D=  -1 * 24
 X= 231 X2= 233  Y= 701 Y2= 696 P1= 851 P2= 235 T1=  23 T2=  23  P= 608  D=  -1 * 24
 X= 231 X2= 233  Y= 701 Y2= 697 P1= 852 P2= 233 T1=  23 T2=  23  P= 616  D=  -1 * 24
 X= 231 X2= 234  Y= 701 Y2= 696 P1= 853 P2= 231 T1=  24 T2=  23  P= 624  D=  -1 * 24
 X= 232 X2= 234  Y= 701 Y2= 697 P1= 857 P2= 227 T1=  25 T2=  24  P= 646  D=  -1 * 24
 X= 232 X2= 234  Y= 701 Y2= 697 P1= 858 P2= 226 T1=  24 T2=  25  P= 651  D=  -1 * 24
 X= 234 X2= 236  Y= 702 Y2= 698 P1= 869 P2= 212 T1=  25 T2=  26  P= 728  D=  -1 * 24
 X= 249 X2= 250  Y= 711 Y2= 708 P1= 905 P2= 164 T1=  32 T2=  36  P= 728  D=  -1 
 X= 258 X2= 261  Y= 713 Y2= 710 P1= 915 P2= 151 T1=  48 T2=  36  P= 728  D=  -1 
 X= 264 X2= 265  Y= 717 Y2= 713 P1= 916 P2= 147 T1=  53 T2=  38  P= 728  D=  -1 
 X= 303 X2= 301  Y= 737 Y2= 734 P1= 929 P2= 130 T1=  87 T2=  36  P= 728  D=  -1 
 X= 841 X2=1022  Y= 932 Y2=1020 P1=1023 P2=   0 T1=1023 T2= 839  P= 728  D=  -1 
 X= 275 X2= 278  Y= 721 Y2= 717 P1= 924 P2= 141 T1=  69 T2=  39  P= 728  D=  -1 
 X= 993 X2=1015  Y= 956 Y2=1023 P1=1023 P2=   0 T1=1022 T2= 856  P= 728  D=  -1 
 X= 312 X2= 304  Y= 737 Y2= 734 P1= 915 P2= 148 T1= 108 T2=  37  P= 728  D=  -1 
 X= 281 X2= 287  Y= 725 Y2= 720 P1= 936 P2= 120 T1= 100 T2=  45  P= 728  D=  -1 
 X= 253 X2= 256  Y= 713 Y2= 708 P1= 916 P2= 150 T1=  45 T2=  36  P= 728  D=  -1 
 X= 295 X2= 315  Y= 743 Y2= 743 P1= 919 P2= 145 T1=  63 T2=  37  P= 728  D=  -1 
 X= 260 X2= 262  Y= 715 Y2= 711 P1= 931 P2= 127 T1=  52 T2=  43  P= 728  D=  -1 
 X= 261 X2= 264  Y= 716 Y2= 711 P1= 929 P2= 128 T1=  53 T2=  42  P= 728  D=  -1 
 X= 251 X2= 254  Y= 710 Y2= 706 P1= 927 P2= 131 T1=  42 T2=  41  P= 728  D=  -1 
 X= 250 X2= 253  Y= 709 Y2= 706 P1= 925 P2= 135 T1=  42 T2=  41  P= 728  D=  -1 
 X= 250 X2= 251  Y= 710 Y2= 705 P1= 923 P2= 137 T1=  41 T2=  40  P= 728  D=  -1 
 X= 249 X2= 252  Y= 709 Y2= 705 P1= 922 P2= 137 T1=  41 T2=  41  P= 728  D=  -1 
 X= 250 X2= 251  Y= 710 Y2= 704 P1= 922 P2= 138 T1=  41 T2=  40  P= 728  D=  -1 
 X= 250 X2= 252  Y= 709 Y2= 704 P1= 921 P2= 139 T1=  41 T2=  40  P= 728  D=  -1 
 X= 250 X2= 252  Y= 709 Y2= 704 P1= 922 P2= 139 T1=  41 T2=  40  P= 728  D=  -1 
 X= 250 X2= 251  Y= 709 Y2= 705 P1= 922 P2= 138 T1=  41 T2=  41  P= 728  D=  -1 
 X= 250 X2= 252  Y= 709 Y2= 705 P1= 921 P2= 139 T1=  41 T2=  40  P= 728  D=  -1 
 X= 249 X2= 252  Y= 709 Y2= 705 P1= 921 P2= 139 T1=  39 T2=  40  P= 728  D=  -1 
 X= 249 X2= 251  Y= 709 Y2= 704 P1= 920 P2= 140 T1=  40 T2=  40  P= 728  D=  -1 
 X= 249 X2= 251  Y= 709 Y2= 704 P1= 918 P2= 145 T1=  39 T2=  39  P= 728  D=  -1 
 X= 248 X2= 250  Y= 708 Y2= 704 P1= 912 P2= 146 T1=  39 T2=  39  P= 728  D=  -1 
 X= 247 X2= 249  Y= 709 Y2= 703 P1= 914 P2= 147 T1=  38 T2=  38  P= 728  D=  -1 
 X= 248 X2= 249  Y= 708 Y2= 703 P1= 915 P2= 147 T1=  38 T2=  38  P= 728  D=  -1 
 X= 247 X2= 249  Y= 708 Y2= 704 P1= 915 P2= 149 T1=  38 T2=  38  P= 728  D=  -1 
 X= 248 X2= 250  Y= 708 Y2= 703 P1= 915 P2= 148 T1=  39 T2=  39  P= 728  D=  -1 
 X= 247 X2= 247  Y= 708 Y2= 704 P1= 914 P2= 147 T1=  38 T2=  38  P= 728  D=  -1 
 X= 248 X2= 249  Y= 709 Y2= 704 P1= 915 P2= 148 T1=  38 T2=  38  P= 728  D=  -1 
 X= 248 X2= 250  Y= 708 Y2= 704 P1= 914 P2= 148 T1=  39 T2=  37  P= 728  D=  -1 
 X= 247 X2= 249  Y= 708 Y2= 704 P1= 913 P2= 149 T1=  38 T2=  39  P= 728  D=  -1 
 X= 247 X2= 249  Y= 707 Y2= 704 P1= 913 P2= 149 T1=  39 T2=  37  P= 728  D=  -1 
 X= 247 X2= 249  Y= 708 Y2= 703 P1= 913 P2= 150 T1=  39 T2=  38  P= 728  D=  -1 
 X= 247 X2= 249  Y= 708 Y2= 703 P1= 913 P2= 150 T1=  38 T2=  38  P= 728  D=  -1 
 X= 247 X2= 249  Y= 708 Y2= 703 P1= 914 P2= 148 T1=  38 T2=  38  P= 728  D=  -1 
 X= 247 X2= 249  Y= 708 Y2= 704 P1= 914 P2= 149 T1=  38 T2=  38  P= 728  D=  -1 
 X= 247 X2= 249  Y= 708 Y2= 704 P1= 914 P2= 150 T1=  39 T2=  39  P= 728  D=  -1 
 X= 246 X2= 249  Y= 707 Y2= 703 P1= 913 P2= 149 T1=  38 T2=  38  P= 728  D=  -1 
 X= 246 X2= 249  Y= 708 Y2= 704 P1= 913 P2= 149 T1=  38 T2=  38  P= 728  D=  -1 
 X= 247 X2= 249  Y= 708 Y2= 704 P1= 913 P2= 151 T1=  38 T2=  37  P= 728  D=  -1 
 X= 247 X2= 248  Y= 708 Y2= 704 P1= 913 P2= 155 T1=  38 T2=  35  P= 728  D=  -1 
 X= 244 X2= 246  Y= 706 Y2= 702 P1= 907 P2= 160 T1=  35 T2=  35  P= 728  D=  -1 
 X= 245 X2= 246  Y= 706 Y2= 701 P1= 905 P2= 160 T1=  35 T2=  35  P= 728  D=  -1 
 X= 244 X2= 246  Y= 706 Y2= 702 P1= 905 P2= 161 T1=  35 T2=  35  P= 728  D=  -1 
 X= 243 X2= 245  Y= 706 Y2= 702 P1= 904 P2= 161 T1=  34 T2=  35  P= 728  D=  -1 
 X= 244 X2= 246  Y= 706 Y2= 702 P1= 905 P2= 161 T1=  35 T2=  34  P= 728  D=  -1 
 X= 244 X2= 246  Y= 707 Y2= 702 P1= 905 P2= 161 T1=  34 T2=  34  P= 728  D=  -1 
 X= 244 X2= 245  Y= 705 Y2= 702 P1= 905 P2= 161 T1=  35 T2=  35  P= 728  D=  -1 
 X= 243 X2= 246  Y= 706 Y2= 701 P1= 905 P2= 162 T1=  35 T2=  35  P= 728  D=  -1 
 X= 244 X2= 246  Y= 706 Y2= 702 P1= 905 P2= 161 T1=  35 T2=  35  P= 728  D=  -1 
 X= 243 X2= 246  Y= 706 Y2= 702 P1= 905 P2= 161 T1=  35 T2=  35  P= 728  D=  -1 
 X= 244 X2= 246  Y= 706 Y2= 701 P1= 904 P2= 161 T1=  35 T2=  35  P= 728  D=  -1 
 X= 244 X2= 245  Y= 706 Y2= 701 P1= 904 P2= 162 T1=  35 T2=  34  P= 728  D=  -1 
 X= 244 X2= 246  Y= 705 Y2= 701 P1= 905 P2= 161 T1=  35 T2=  35  P= 728  D=  -1 
 X= 244 X2= 246  Y= 706 Y2= 701 P1= 905 P2= 161 T1=  35 T2=  35  P= 728  D=  -1 
 X= 243 X2= 246  Y= 706 Y2= 701 P1= 904 P2= 162 T1=  35 T2=  35  P= 728  D=  -1 
 X= 243 X2= 246  Y= 706 Y2= 701 P1= 904 P2= 162 T1=  35 T2=  34  P= 728  D=  -1 
 X= 243 X2= 247  Y= 706 Y2= 702 P1= 904 P2= 162 T1=  36 T2=  35  P= 728  D=  -1 
 X= 245 X2= 246  Y= 706 Y2= 701 P1= 906 P2= 162 T1=  34 T2=  35  P= 728  D=  -1 
 X= 244 X2= 246  Y= 706 Y2= 701 P1= 904 P2= 161 T1=  35 T2=  34  P= 728  D=  -1 
 X= 244 X2= 246  Y= 706 Y2= 701 P1= 905 P2= 161 T1=  35 T2=  35  P= 728  D=  -1 
 X= 244 X2= 246  Y= 706 Y2= 701 P1= 905 P2= 162 T1=  35 T2=  35  P= 728  D=  -1 
 X= 244 X2= 246  Y= 706 Y2= 702 P1= 904 P2= 162 T1=  35 T2=  34  P= 728  D=  -1 
 X= 244 X2= 246  Y= 706 Y2= 702 P1= 905 P2= 161 T1=  36 T2=  35  P= 728  D=  -1 
 X= 244 X2= 245  Y= 705 Y2= 702 P1= 904 P2= 162 T1=  35 T2=  34  P= 728  D=  -1 
 X= 244 X2= 245  Y= 706 Y2= 701 P1= 904 P2= 162 T1=  34 T2=  35  P= 728  D=  -1 
 X= 243 X2= 247  Y= 706 Y2= 701 P1= 905 P2= 161 T1=  35 T2=  35  P= 728  D=  -1 
 X= 243 X2= 246  Y= 706 Y2= 701 P1= 905 P2= 162 T1=  35 T2=  35  P= 728  D=  -1 
 X= 244 X2= 249  Y= 706 Y2= 701 P1= 905 P2= 162 T1=  35 T2=  35  P= 728  D=  -1 
 X= 244 X2= 246  Y= 705 Y2= 701 P1= 904 P2= 162 T1=  35 T2=  35  P= 728  D=  -1 
 X= 244 X2= 246  Y= 705 Y2= 701 P1= 903 P2= 162 T1=  35 T2=  35  P= 728  D=  -1 
 X= 243 X2= 245  Y= 706 Y2= 702 P1= 904 P2= 163 T1=  35 T2=  34  P= 728  D=  -1 
 X= 243 X2= 245  Y= 705 Y2= 702 P1= 904 P2= 163 T1=  34 T2=  34  P= 728  D=  -1 
 X= 243 X2= 245  Y= 706 Y2= 702 P1= 904 P2= 163 T1=  34 T2=  34  P= 728  D=  -1 
 X= 243 X2= 246  Y= 705 Y2= 701 P1= 904 P2= 162 T1=  35 T2=  35  P= 728  D=  -1 
 X= 244 X2= 249  Y= 705 Y2= 701 P1= 904 P2= 162 T1=  34 T2=  35  P= 728  D=  -1 
 X= 244 X2= 246  Y= 705 Y2= 701 P1= 904 P2= 163 T1=  34 T2=  34  P= 728  D=  -1 
 X= 244 X2= 246  Y= 706 Y2= 701 P1= 904 P2= 163 T1=  34 T2=  34  P= 728  D=  -1 
 X= 245 X2= 246  Y= 705 Y2= 701 P1= 903 P2= 163 T1=  34 T2=  35  P= 728  D=  -1 
 X= 243 X2= 245  Y= 705 Y2= 702 P1= 903 P2= 162 T1=  35 T2=  35  P= 728  D=  -1 
 X= 243 X2= 246  Y= 706 Y2= 702 P1= 903 P2= 163 T1=  35 T2=  35  P= 728  D=  -1 
 X= 244 X2= 245  Y= 706 Y2= 701 P1= 904 P2= 163 T1=  35 T2=  35  P= 728  D=  -1 
 X= 244 X2= 246  Y= 706 Y2= 701 P1= 903 P2= 163 T1=  35 T2=  34  P= 728  D=  -1 
 X= 244 X2= 246  Y= 705 Y2= 701 P1= 903 P2= 163 T1=  35 T2=  35  P= 728  D=  -1 
 X= 244 X2= 245  Y= 706 Y2= 701 P1= 903 P2= 163 T1=  34 T2=  34  P= 728  D=  -1 
 X= 241 X2= 245  Y= 706 Y2= 701 P1= 903 P2= 163 T1=  35 T2=  34  P= 728  D=  -1 
 X= 245 X2= 246  Y= 706 Y2= 701 P1= 904 P2= 162 T1=  35 T2=  34  P= 728  D=  -1 
 X= 244 X2= 245  Y= 706 Y2= 701 P1= 904 P2= 163 T1=  35 T2=  35  P= 728  D=  -1 
 X= 244 X2= 245  Y= 705 Y2= 702 P1= 904 P2= 162 T1=  35 T2=  35  P= 728  D=  -1 
 X= 243 X2= 245  Y= 706 Y2= 702 P1= 904 P2= 162 T1=  35 T2=  34  P= 728  D=  -1 
 X= 243 X2= 246  Y= 706 Y2= 701 P1= 904 P2= 161 T1=  35 T2=  35  P= 728  D=  -1 
 X= 244 X2= 246  Y= 706 Y2= 701 P1= 904 P2= 162 T1=  35 T2=  34  P= 728  D=  -1 
 X= 243 X2= 245  Y= 705 Y2= 701 P1= 904 P2= 162 T1=  34 T2=  35  P= 728  D=  -1 
 X= 244 X2= 245  Y= 705 Y2= 701 P1= 905 P2= 162 T1=  35 T2=  35  P= 728  D=  -1 
 X= 243 X2= 246  Y= 705 Y2= 702 P1= 904 P2= 162 T1=  34 T2=  34  P= 728  D=  -1 
 X= 243 X2= 247  Y= 706 Y2= 702 P1= 904 P2= 162 T1=  35 T2=  34  P= 728  D=  -1 
 X= 244 X2= 245  Y= 705 Y2= 702 P1= 903 P2= 162 T1=  34 T2=  34  P= 728  D=  -1 
 X= 243 X2= 245  Y= 705 Y2= 701 P1= 903 P2= 165 T1=  34 T2=  34  P= 728  D=  -1 
 X= 827 X2=1023  Y= 934 Y2=1022 P1=1023 P2=   0 T1=1023 T2= 821  P= 728  D=  -1 
Target Noise  x= 2.50 y= 2.50
X[0]: Target=240   528/ 530/ 535 Stdev= 1.23 N= 24  Y[0]: Target=136   523/ 524/ 527 Stdev= 0.88 N= 24
X[1]: Target= 23   238/ 241/ 245 Stdev= 1.22 N= 24  Y[1]: Target= 22   341/ 342/ 346 Stdev= 1.04 N= 24
X[2]: Target=456   813/ 814/ 814 Stdev= 0.45 N= 24  Y[2]: Target= 22   340/ 341/ 343 Stdev= 0.66 N= 24
X[3]: Target=456   813/ 814/ 816 Stdev= 0.48 N= 24  Y[3]: Target=249   700/ 701/ 702 Stdev= 0.56 N= 24
X[4]: Target= 23   231/ 231/ 233 Stdev= 0.62 N= 24  Y[4]: Target=249   697/ 698/ 699 Stdev= 0.28 N= 24
N=24 Avg=20
min: 20 20 20 20 20 20 
max: 24 21 21 21 21 21 
N=24 Avg=26
min: 25 25 26 26 26 26 
max: 29 27 27 27 27 26 
N=24 Avg=14
min: 14 14 14 14 14 14 
max: 17 17 15 15 15 15 
N=24 Avg=15
min: 14 15 15 15 15 15 
max: 17 16 16 16 15 15 
N=24 Avg=22
min: 22 22 22 22 22 22 
max: 23 23 23 23 23 23 
Using TNT center offset = 20
TNT Plane Coef: a=-1073 b= -283 c= 712535
At  529, 523: Real=  21 Fit=  20 Offset=   0
At  240, 342: Real=  26 Fit=  25 Offset=   5
At  813, 341: Real=  15 Fit=  17 Offset=  -3
At  814, 700: Real=  15 Fit=  16 Offset=  -4
At  231, 698: Real=  23 Fit=  24 Offset=   4
Fit Points: 20, 29, 14, 12, 28,  center: 20
Setting for min_tnt_up:   522
Setting for max_tnt_down: 25 (V2:37)
Entering calib_pressure_mfg
Using default pressure curve
468 471 487 495 509 524 553 575 612 
Summary:
Setting for max_tnt_down:      25
3.7 setting for max_tnt_down:     -1
Setting for min_tnt_up:       522
Setting for max_delta_tnt:      5
3.8 setting for max_delta_tnt:     -1
Setting for delay_in_us:        1
Setting for y_delay_in_us:      1
Setting for tnt_delay_in_us:    1
Setting for pressure_curve:  468 471 487 495 509 524 553 575 612
Setting for tnt_mode:           1
Setting for averaging:         -1
Setting for pointercal:      49525 1252 -10807091 72 41790 -12867976 65536
Setting for tnt_plane:       -1073 -283 712535
