
x1= 634 x2= 635 y1= 347 y2= 357 tnt1=  23 tnt2=  23 +=  46
x1= 633 x2= 625 y1= 351 y2= 359 tnt1=  25 tnt2=  12 +=  37D
x1= 631 x2= 639 y1= 346 y2= 358 tnt1=  13 tnt2=  25 +=  38D
x1= 631 x2= 641 y1= 346 y2= 355 tnt1=  14 tnt2=  19 +=  33D
x1= 633 x2= 624 y1= 347 y2= 357 tnt1=  26 tnt2=  22 +=  48
x1= 626 x2= 633 y1= 347 y2= 356 tnt1=  19 tnt2=  13 +=  32D
x1= 632 x2= 626 y1= 348 y2= 356 tnt1=  20 tnt2=  21 +=  41
x1= 636 x2= 635 y1= 347 y2= 356 tnt1=  18 tnt2=  25 +=  43
x1= 635 x2= 635 y1= 347 y2= 357 tnt1=  18 tnt2=  22 +=  40D
x1= 629 x2= 642 y1= 346 y2= 356 tnt1=  12 tnt2=  19 +=  31D
x1= 632 x2= 639 y1= 347 y2= 356 tnt1=  15 tnt2=  20 +=  35D
x1= 631 x2= 642 y1= 350 y2= 358 tnt1=  12 tnt2=  27 +=  39D
x1= 632 x2= 638 y1= 347 y2= 357 tnt1=   9 tnt2=  24 +=  33D
x1= 635 x2= 635 y1= 347 y2= 355 tnt1=  23 tnt2=  24 +=  47
x1= 633 x2= 626 y1= 348 y2= 357 tnt1=  24 tnt2=  20 +=  44
x1= 629 x2= 631 y1= 348 y2= 356 tnt1=  20 tnt2=  20 +=  40D
x1= 641 x2= 636 y1= 348 y2= 356 tnt1=  17 tnt2=  28 +=  45
x1= 635 x2= 635 y1= 347 y2= 355 tnt1=  18 tnt2=  24 +=  42
x1= 630 x2= 634 y1= 348 y2= 355 tnt1=   9 tnt2=  18 +=  27D
x1= 631 x2= 640 y1= 347 y2= 356 tnt1=  14 tnt2=  19 +=  33D
x1= 634 x2= 624 y1= 348 y2= 357 tnt1=  27 tnt2=  20 +=  47
x1= 631 x2= 641 y1= 350 y2= 358 tnt1=  13 tnt2=  25 +=  38D
x1= 640 x2= 637 y1= 347 y2= 357 tnt1=  15 tnt2=  22 +=  37D
x1= 631 x2= 643 y1= 347 y2= 354 tnt1=   9 tnt2=  17 +=  26D
x1= 633 x2= 629 y1= 348 y2= 356 tnt1=  23 tnt2=  20 +=  43
x1= 642 x2= 637 y1= 347 y2= 356 tnt1=  16 tnt2=  29 +=  45
x1= 638 x2= 636 y1= 347 y2= 356 tnt1=  17 tnt2=  26 +=  43
x1= 622 x2= 632 y1= 349 y2= 357 tnt1=  21 tnt2=  11 +=  32D
x1= 631 x2= 644 y1= 348 y2= 356 tnt1=  10 tnt2=  19 +=  29D
x1= 631 x2= 644 y1= 346 y2= 355 tnt1=  12 tnt2=  18 +=  30D
x1= 632 x2= 630 y1= 348 y2= 357 tnt1=  21 tnt2=  20 +=  41
x1= 622 x2= 631 y1= 350 y2= 358 tnt1=  19 tnt2=  16 +=  35D
x1= 624 x2= 633 y1= 348 y2= 357 tnt1=  21 tnt2=  16 +=  37D
x1= 633 x2= 626 y1= 348 y2= 356 tnt1=  24 tnt2=  21 +=  45
x1= 630 x2= 634 y1= 347 y2= 355 tnt1=  13 tnt2=  18 +=  31D
x1= 640 x2= 636 y1= 346 y2= 355 tnt1=  16 tnt2=  29 +=  45
x1= 642 x2= 637 y1= 348 y2= 356 tnt1=  17 tnt2=  29 +=  46
x1= 629 x2= 633 y1= 348 y2= 355 tnt1=  19 tnt2=  17 +=  36D
x1= 631 x2= 644 y1= 349 y2= 356 tnt1=  10 tnt2=  18 +=  28D
x1= 633 x2= 632 y1= 347 y2= 356 tnt1=  21 tnt2=  13 +=  34D
x1= 622 x2= 632 y1= 347 y2= 356 tnt1=  20 tnt2=  10 +=  30D
x1= 634 x2= 635 y1= 351 y2= 359 tnt1=  28 tnt2=  14 +=  42
x1= 633 x2= 629 y1= 347 y2= 356 tnt1=  22 tnt2=  12 +=  34D
x1= 632 x2= 628 y1= 348 y2= 356 tnt1=  21 tnt2=  20 +=  41
x1= 631 x2= 639 y1= 346 y2= 355 tnt1=  14 tnt2=  19 +=  33D
x1= 640 x2= 635 y1= 347 y2= 356 tnt1=  17 tnt2=  29 +=  46
x1= 627 x2= 633 y1= 348 y2= 356 tnt1=  19 tnt2=  15 +=  34D
x1= 630 x2= 634 y1= 347 y2= 355 tnt1=   8 tnt2=  18 +=  26D
x1= 635 x2= 634 y1= 347 y2= 356 tnt1=  18 tnt2=  23 +=  41
x1= 632 x2= 629 y1= 348 y2= 356 tnt1=  22 tnt2=  20 +=  42
x1= 632 x2= 628 y1= 348 y2= 356 tnt1=  23 tnt2=  20 +=  43
x1= 633 x2= 631 y1= 350 y2= 359 tnt1=  20 tnt2=  16 +=  36D
x1= 625 x2= 633 y1= 350 y2= 357 tnt1=  21 tnt2=  18 +=  39D
x1= 631 x2= 640 y1= 346 y2= 354 tnt1=  13 tnt2=  19 +=  32D
x1= 631 x2= 637 y1= 347 y2= 356 tnt1=  15 tnt2=  26 +=  41
x1= 633 x2= 629 y1= 348 y2= 356 tnt1=  22 tnt2=  20 +=  42
x1= 636 x2= 635 y1= 347 y2= 356 tnt1=  24 tnt2=  25 +=  49
x1= 630 x2= 645 y1= 348 y2= 356 tnt1=  11 tnt2=  20 +=  31D
x1= 633 x2= 628 y1= 347 y2= 356 tnt1=  25 tnt2=  20 +=  45
x1= 626 x2= 630 y1= 348 y2= 356 tnt1=  21 tnt2=  20 +=  41
x1= 642 x2= 637 y1= 347 y2= 356 tnt1=  16 tnt2=  29 +=  45
x1= 621 x2= 632 y1= 351 y2= 358 tnt1=  20 tnt2=  17 +=  37D
x1= 641 x2= 636 y1= 347 y2= 357 tnt1=  14 tnt2=  22 +=  36D
x1= 631 x2= 641 y1= 346 y2= 355 tnt1=  14 tnt2=  18 +=  32D
x1= 634 x2= 634 y1= 347 y2= 356 tnt1=  26 tnt2=  18 +=  44
x1= 626 x2= 633 y1= 347 y2= 356 tnt1=  21 tnt2=  13 +=  34D
x1= 629 x2= 634 y1= 348 y2= 356 tnt1=  19 tnt2=  16 +=  35D
x1= 634 x2= 624 y1= 348 y2= 357 tnt1=  26 tnt2=  21 +=  47
x1= 633 x2= 628 y1= 348 y2= 356 tnt1=  24 tnt2=  20 +=  44
x1= 631 x2= 639 y1= 346 y2= 355 tnt1=  14 tnt2=  19 +=  33D
x1= 637 x2= 635 y1= 347 y2= 356 tnt1=  17 tnt2=  24 +=  41
x1= 632 x2= 634 y1= 350 y2= 358 tnt1=  24 tnt2=  22 +=  46
x1= 632 x2= 637 y1= 347 y2= 356 tnt1=  15 tnt2=  20 +=  35D
x1= 632 x2= 640 y1= 346 y2= 356 tnt1=  14 tnt2=  19 +=  33D
x1= 632 x2= 631 y1= 349 y2= 356 tnt1=  22 tnt2=  10 +=  32D
x1= 627 x2= 633 y1= 348 y2= 357 tnt1=  19 tnt2=  14 +=  33D
x1= 632 x2= 638 y1= 346 y2= 356 tnt1=  15 tnt2=  19 +=  34D
x1= 634 x2= 625 y1= 346 y2= 356 tnt1=  26 tnt2=  20 +=  46
x1= 630 x2= 638 y1= 346 y2= 355 tnt1=  18 tnt2=  18 +=  36D
x1= 639 x2= 635 y1= 347 y2= 356 tnt1=  17 tnt2=  27 +=  44
x1= 636 x2= 635 y1= 348 y2= 356 tnt1=  17 tnt2=  24 +=  41
x1= 633 x2= 629 y1= 351 y2= 358 tnt1=  19 tnt2=  11 +=  30D
x1= 637 x2= 635 y1= 346 y2= 356 tnt1=  17 tnt2=  21 +=  38D
x1= 639 x2= 636 y1= 347 y2= 356 tnt1=  17 tnt2=  28 +=  45
x1= 623 x2= 632 y1= 348 y2= 356 tnt1=  20 tnt2=  14 +=  34D
x1= 639 x2= 635 y1= 346 y2= 356 tnt1=  17 tnt2=  25 +=  42
x1= 635 x2= 635 y1= 347 y2= 355 tnt1=  16 tnt2=  23 +=  39D
x1= 633 x2= 626 y1= 349 y2= 356 tnt1=  24 tnt2=  20 +=  44
x1= 632 x2= 639 y1= 347 y2= 356 tnt1=  13 tnt2=  19 +=  32D
x1= 641 x2= 636 y1= 347 y2= 355 tnt1=  17 tnt2=  26 +=  43
x1= 627 x2= 633 y1= 347 y2= 356 tnt1=  18 tnt2=  14 +=  32D
x1= 637 x2= 635 y1= 350 y2= 359 tnt1=  17 tnt2=  20 +=  37D
x1= 626 x2= 633 y1= 348 y2= 356 tnt1=  19 tnt2=  18 +=  37D
x1= 623 x2= 631 y1= 347 y2= 354 tnt1=  19 tnt2=   9 +=  28D
x1= 626 x2= 633 y1= 348 y2= 356 tnt1=  19 tnt2=  12 +=  31D
x1= 634 x2= 635 y1= 347 y2= 357 tnt1=  17 tnt2=  22 +=  39D
x1= 633 x2= 626 y1= 348 y2= 356 tnt1=  25 tnt2=  20 +=  45
x1= 631 x2= 640 y1= 347 y2= 356 tnt1=  12 tnt2=  18 +=  30D
x1= 631 x2= 637 y1= 347 y2= 356 tnt1=  15 tnt2=  19 +=  34D
x1= 629 x2= 633 y1= 349 y2= 356 tnt1=  19 tnt2=  10 +=  29D
x1= 626 x2= 633 y1= 347 y2= 356 tnt1=  19 tnt2=  12 +=  31D
x1= 637 x2= 636 y1= 350 y2= 359 tnt1=  17 tnt2=  20 +=  37D
x1= 628 x2= 633 y1= 347 y2= 356 tnt1=  19 tnt2=  17 +=  36D
x1= 624 x2= 632 y1= 348 y2= 356 tnt1=  19 tnt2=  12 +=  31D
x1= 630 x2= 634 y1= 348 y2= 355 tnt1=  11 tnt2=  18 +=  29D
x1= 634 x2= 635 y1= 348 y2= 357 tnt1=  16 tnt2=  22 +=  38D
x1= 634 x2= 633 y1= 347 y2= 355 tnt1=  21 tnt2=  25 +=  46
x1= 631 x2= 641 y1= 347 y2= 356 tnt1=  13 tnt2=  18 +=  31D
x1= 632 x2= 637 y1= 346 y2= 355 tnt1=  15 tnt2=  18 +=  33D
x1= 631 x2= 644 y1= 347 y2= 355 tnt1=  10 tnt2=  18 +=  28D
x1= 628 x2= 634 y1= 347 y2= 356 tnt1=  19 tnt2=  16 +=  35D
x1= 628 x2= 634 y1= 350 y2= 357 tnt1=  19 tnt2=  18 +=  37D
x1= 628 x2= 633 y1= 347 y2= 356 tnt1=  19 tnt2=  18 +=  37D
x1= 638 x2= 635 y1= 347 y2= 356 tnt1=  16 tnt2=  29 +=  45
x1= 641 x2= 636 y1= 347 y2= 356 tnt1=  17 tnt2=  28 +=  45
x1= 635 x2= 634 y1= 346 y2= 356 tnt1=  16 tnt2=  22 +=  38D
x1= 631 x2= 644 y1= 348 y2= 355 tnt1=  11 tnt2=  18 +=  29D
x1= 631 x2= 640 y1= 346 y2= 355 tnt1=  13 tnt2=  18 +=  31D
x1= 622 x2= 632 y1= 346 y2= 355 tnt1=  20 tnt2=  15 +=  35D
x1= 628 x2= 633 y1= 347 y2= 355 tnt1=  18 tnt2=  14 +=  32D
x1= 638 x2= 636 y1= 347 y2= 355 tnt1=  18 tnt2=  29 +=  47
x1= 628 x2= 633 y1= 350 y2= 357 tnt1=  18 tnt2=  18 +=  36D
x1= 629 x2= 634 y1= 347 y2= 357 tnt1=  19 tnt2=  18 +=  37D
x1= 639 x2= 636 y1= 347 y2= 356 tnt1=  16 tnt2=  28 +=  44
x1= 639 x2= 636 y1= 346 y2= 355 tnt1=  17 tnt2=  26 +=  43
x1= 631 x2= 634 y1= 347 y2= 355 tnt1=   7 tnt2=  18 +=  25D
x1= 631 x2= 642 y1= 346 y2= 355 tnt1=  10 tnt2=  18 +=  28D
x1= 633 x2= 635 y1= 347 y2= 356 tnt1=  27 tnt2=  21 +=  48
x1= 623 x2= 631 y1= 348 y2= 356 tnt1=  20 tnt2=   9 +=  29D
x1= 629 x2= 634 y1= 347 y2= 356 tnt1=  18 tnt2=  15 +=  33D
x1= 634 x2= 634 y1= 347 y2= 356 tnt1=  26 tnt2=  22 +=  48
x1= 638 x2= 636 y1= 350 y2= 358 tnt1=  28 tnt2=  21 +=  49
x1= 634 x2= 626 y1= 347 y2= 358 tnt1=  17 tnt2=  19 +=  36D
x1= 637 x2= 635 y1= 347 y2= 355 tnt1=  17 tnt2=  25 +=  42
x1= 632 x2= 630 y1= 348 y2= 356 tnt1=  21 tnt2=  20 +=  41
x1= 632 x2= 638 y1= 347 y2= 355 tnt1=  15 tnt2=  18 +=  33D
x1= 631 x2= 640 y1= 347 y2= 356 tnt1=  13 tnt2=  18 +=  31D
x1= 633 x2= 630 y1= 348 y2= 356 tnt1=  20 tnt2=  15 +=  35D
x1= 626 x2= 633 y1= 348 y2= 355 tnt1=  19 tnt2=  12 +=  31D
x1= 635 x2= 634 y1= 347 y2= 357 tnt1=  18 tnt2=  20 +=  38D
x1= 634 x2= 625 y1= 346 y2= 356 tnt1=  29 tnt2=  21 +=  50
x1= 640 x2= 636 y1= 350 y2= 358 tnt1=  17 tnt2=  21 +=  38D
x1= 633 x2= 634 y1= 346 y2= 359 tnt1=  17 tnt2=  19 +=  36D
x1= 637 x2= 635 y1= 347 y2= 356 tnt1=  17 tnt2=  27 +=  44
x1= 635 x2= 635 y1= 346 y2= 356 tnt1=  18 tnt2=  22 +=  40D
x1= 631 x2= 642 y1= 346 y2= 354 tnt1=   7 tnt2=  18 +=  25D
x1= 633 x2= 626 y1= 348 y2= 356 tnt1=  24 tnt2=  20 +=  44
x1= 622 x2= 632 y1= 347 y2= 355 tnt1=  19 tnt2=  19 +=  38D
x1= 631 x2= 638 y1= 347 y2= 355 tnt1=  14 tnt2=  18 +=  32D
x1= 635 x2= 635 y1= 347 y2= 356 tnt1=  17 tnt2=  23 +=  40D
x1= 635 x2= 634 y1= 347 y2= 356 tnt1=  27 tnt2=  21 +=  48
x1= 635 x2= 635 y1= 351 y2= 358 tnt1=  17 tnt2=  19 +=  36D
x1= 634 x2= 626 y1= 350 y2= 358 tnt1=  17 tnt2=  13 +=  30D
x1= 626 x2= 633 y1= 348 y2= 357 tnt1=  20 tnt2=  17 +=  37D
x1= 619 x2= 634 y1= 346 y2= 359 tnt1=  34 tnt2=  42 +=  76
x1= 717 x2= 734 y1= 306 y2= 326 tnt1= 553 tnt2=1023 +=1576
x1=1023 x2=1023 y1= 281 y2= 300 tnt1=1016 tnt2=1021 +=2037
x1=1023 x2=1023 y1= 295 y2= 315 tnt1=1023 tnt2=1023 +=2046
x1=1023 x2=1023 y1= 289 y2= 309 tnt1=1016 tnt2=1023 +=2039
x1=1023 x2=1023 y1= 286 y2= 307 tnt1=1017 tnt2=1023 +=2040
x1=1023 x2=1023 y1= 285 y2= 305 tnt1=1016 tnt2=1021 +=2037
x1=1023 x2=1023 y1= 302 y2= 330 tnt1=1023 tnt2=1019 +=2042
x1=1023 x2=1023 y1= 277 y2= 309 tnt1=1023 tnt2=1020 +=2043
x1=1023 x2=1023 y1= 291 y2= 311 tnt1=1023 tnt2=1020 +=2043
x1=1023 x2=1023 y1= 289 y2= 307 tnt1=1023 tnt2=1016 +=2039
x1=1023 x2=1023 y1= 288 y2= 308 tnt1=1023 tnt2=1023 +=2046
x1=1023 x2=1023 y1= 296 y2= 316 tnt1=1023 tnt2=1023 +=2046
x1=1023 x2=1023 y1= 296 y2= 316 tnt1=1016 tnt2=1023 +=2039
x1=1023 x2=1023 y1= 307 y2= 326 tnt1=1016 tnt2=1023 +=2039
x1=1023 x2=1023 y1= 294 y2= 312 tnt1=1023 tnt2=1015 +=2038
x1=1023 x2=1023 y1= 292 y2= 312 tnt1=1015 tnt2=1020 +=2035
x1=1023 x2=1023 y1= 303 y2= 332 tnt1=1017 tnt2=1023 +=2040
x1=1023 x2=1023 y1= 293 y2= 315 tnt1=1023 tnt2=1023 +=2046
x1=1023 x2=1023 y1= 301 y2= 318 tnt1=1023 tnt2=1019 +=2042
x1=1023 x2=1023 y1= 286 y2= 306 tnt1=1017 tnt2=1023 +=2040
x1=1023 x2=1023 y1= 290 y2= 310 tnt1=1023 tnt2=1023 +=2046
x1=1023 x2=1023 y1= 289 y2= 309 tnt1=1015 tnt2=1021 +=2036
x1=1023 x2=1023 y1= 289 y2= 307 tnt1=1015 tnt2=1020 +=2035
x1=1023 x2=1023 y1= 293 y2= 313 tnt1=1016 tnt2=1008 +=2024
x1= 614 x2= 638 y1= 347 y2= 360 tnt1=  28 tnt2=  39 +=  67
x1= 626 x2= 644 y1= 346 y2= 358 tnt1=  20 tnt2=  33 +=  53
x1= 632 x2= 637 y1= 353 y2= 364 tnt1=  32 tnt2=  32 +=  64
x1= 628 x2= 641 y1= 347 y2= 361 tnt1=  16 tnt2=  37 +=  53
x1= 639 x2= 638 y1= 348 y2= 359 tnt1=  22 tnt2=  38 +=  60
x1= 627 x2= 634 y1= 349 y2= 360 tnt1=  25 tnt2=  24 +=  49
x1= 630 x2= 635 y1= 348 y2= 358 tnt1=  25 tnt2=  29 +=  54
x1= 638 x2= 639 y1= 348 y2= 359 tnt1=  19 tnt2=  37 +=  56
x1= 634 x2= 636 y1= 346 y2= 358 tnt1=  31 tnt2=  30 +=  61
x1= 626 x2= 634 y1= 348 y2= 359 tnt1=  24 tnt2=  21 +=  45
x1= 629 x2= 645 y1= 346 y2= 357 tnt1=  14 tnt2=  24 +=  38D
x1= 633 x2= 625 y1= 349 y2= 359 tnt1=  31 tnt2=  28 +=  59
x1= 620 x2= 645 y1= 353 y2= 367 tnt1=  22 tnt2=  62 +=  84
x1=1023 x2=1023 y1= 290 y2= 325 tnt1=1023 tnt2=1023 +=2046
x1=1023 x2=1023 y1= 293 y2= 315 tnt1=1023 tnt2=1023 +=2046
x1=1023 x2=1023 y1= 292 y2= 314 tnt1=1023 tnt2=1023 +=2046
x1=1023 x2=1023 y1= 301 y2= 321 tnt1=1023 tnt2=1023 +=2046
x1=1023 x2=1023 y1= 300 y2= 320 tnt1=1017 tnt2=1023 +=2040
x1=1023 x2=1023 y1= 301 y2= 321 tnt1=1023 tnt2=1019 +=2042
x1=1023 x2=1023 y1= 300 y2= 320 tnt1=1023 tnt2=1020 +=2043
x1=1023 x2=1023 y1= 292 y2= 312 tnt1=1023 tnt2=1023 +=2046
x1=1023 x2=1023 y1= 297 y2= 317 tnt1=1023 tnt2=1023 +=2046
x1=1023 x2=1023 y1= 310 y2= 342 tnt1=1015 tnt2=1023 +=2038
x1=1023 x2=1023 y1= 292 y2= 323 tnt1=1016 tnt2=1020 +=2036
x1=1023 x2=1023 y1= 293 y2= 314 tnt1=1023 tnt2=1023 +=2046
x1=1023 x2=1023 y1= 297 y2= 317 tnt1=1016 tnt2=1021 +=2037
x1=1023 x2=1023 y1= 295 y2= 315 tnt1=1016 tnt2=1023 +=2039
x1= 621 x2= 641 y1= 346 y2= 359 tnt1=  31 tnt2=  34 +=  65
x1= 590 x2= 619 y1= 342 y2= 356 tnt1=  81 tnt2=  39 += 120
x1=1023 x2=1023 y1= 299 y2= 318 tnt1=1023 tnt2=1021 +=2044
x1=1023 x2=1023 y1= 295 y2= 312 tnt1=1023 tnt2=1023 +=2046
x1=1023 x2=1023 y1= 298 y2= 319 tnt1=1023 tnt2=1023 +=2046
x1= 615 x2= 620 y1= 355 y2= 367 tnt1=  51 tnt2=  56 += 107
x1= 624 x2= 624 y1= 347 y2= 365 tnt1=  45 tnt2=  29 +=  74
x1= 632 x2= 638 y1= 348 y2= 361 tnt1=  29 tnt2=  51 +=  80
x1= 559 x2= 600 y1= 317 y2= 337 tnt1=  92 tnt2=1015 +=1107
x1=1023 x2=1023 y1= 289 y2= 308 tnt1=1014 tnt2=1023 +=2037
x1=1023 x2=1023 y1= 299 y2= 319 tnt1=1023 tnt2=1017 +=2040
x1=1023 x2=1023 y1= 301 y2= 321 tnt1=1023 tnt2=1018 +=2041
x1=1023 x2=1023 y1= 297 y2= 318 tnt1=1023 tnt2=1023 +=2046
x1=1023 x2=1023 y1= 292 y2= 313 tnt1=1023 tnt2=1023 +=2046
x1=1023 x2=1023 y1= 295 y2= 315 tnt1=1019 tnt2=1020 +=2039
x1=1023 x2=1023 y1= 307 y2= 335 tnt1=1023 tnt2=1014 +=2037
x1=1023 x2=1023 y1= 307 y2= 339 tnt1=1023 tnt2=1010 +=2033
x1=1023 x2=1023 y1= 292 y2= 312 tnt1=1015 tnt2=1021 +=2036
x1=1023 x2=1023 y1= 297 y2= 317 tnt1=1016 tnt2=1021 +=2037
x1=1023 x2=1023 y1= 295 y2= 315 tnt1=1015 tnt2=1023 +=2038
x1=1023 x2=1023 y1= 302 y2= 322 tnt1=1023 tnt2=1019 +=2042
x1= 627 x2= 635 y1= 344 y2= 358 tnt1=  33 tnt2=  45 +=  78
x1= 628 x2= 629 y1= 346 y2= 360 tnt1=  41 tnt2=  39 +=  80
x1= 578 x2= 602 y1= 339 y2= 356 tnt1=  93 tnt2=  79 += 172
x1= 605 x2= 634 y1= 343 y2= 358 tnt1=  36 tnt2=  42 +=  78
x1= 602 x2= 636 y1= 348 y2= 365 tnt1=  38 tnt2=  80 += 118
x1= 582 x2= 615 y1= 339 y2= 365 tnt1=  62 tnt2=  74 += 136
x1= 604 x2= 637 y1= 343 y2= 358 tnt1=  34 tnt2=  64 +=  98
x1=1023 x2=1023 y1= 307 y2= 326 tnt1=1023 tnt2=1023 +=2046
x1=1023 x2=1023 y1= 289 y2= 307 tnt1=1023 tnt2=1010 +=2033
x1=1023 x2=1023 y1= 296 y2= 316 tnt1=1023 tnt2=1013 +=2036
x1=1023 x2=1023 y1= 293 y2= 313 tnt1=1016 tnt2=1023 +=2039
x1=1023 x2=1023 y1= 294 y2= 315 tnt1=1023 tnt2=1023 +=2046
x1=1023 x2=1023 y1= 300 y2= 317 tnt1=1017 tnt2=1023 +=2040
x1=1023 x2=1023 y1= 295 y2= 315 tnt1=1016 tnt2=1023 +=2039
x1=1023 x2=1023 y1= 306 y2= 335 tnt1=1015 tnt2=1023 +=2038
x1=1023 x2=1023 y1= 290 y2= 313 tnt1=1016 tnt2=1023 +=2039
x1=1023 x2=1023 y1= 288 y2= 308 tnt1=1016 tnt2=1021 +=2037
x1=1023 x2=1023 y1= 294 y2= 314 tnt1=1023 tnt2=1023 +=2046
x1=1023 x2=1023 y1= 293 y2= 313 tnt1=1023 tnt2=1016 +=2039
x1=1023 x2=1023 y1= 300 y2= 320 tnt1=1016 tnt2=1023 +=2039
x1=1023 x2=1023 y1= 289 y2= 308 tnt1=1012 tnt2=1023 +=2035
x1= 602 x2= 624 y1= 343 y2= 357 tnt1=  45 tnt2=  66 += 111
x1= 606 x2= 635 y1= 345 y2= 359 tnt1=  34 tnt2=  69 += 103
x1= 621 x2= 634 y1= 344 y2= 359 tnt1=  35 tnt2=  53 +=  88
x1= 616 x2= 634 y1= 353 y2= 368 tnt1=  35 tnt2=  46 +=  81
x1= 580 x2= 622 y1= 337 y2= 356 tnt1=  51 tnt2=  81 += 132
x1=1023 x2=1023 y1= 294 y2= 313 tnt1=1023 tnt2=1023 +=2046
x1=1023 x2=1023 y1= 293 y2= 314 tnt1=1023 tnt2=1023 +=2046
x1= 607 x2= 638 y1= 342 y2= 358 tnt1=  33 tnt2=  64 +=  97
x1= 604 x2= 622 y1= 344 y2= 358 tnt1=  29 tnt2=  55 +=  84
x1= 614 x2= 618 y1= 344 y2= 359 tnt1=  50 tnt2=  66 += 116
x1= 609 x2= 640 y1= 345 y2= 359 tnt1=  30 tnt2=  59 +=  89
x1= 614 x2= 639 y1= 343 y2= 358 tnt1=  32 tnt2=  42 +=  74
x1= 615 x2= 631 y1= 347 y2= 360 tnt1=  35 tnt2=  33 +=  68
x1= 633 x2= 637 y1= 354 y2= 366 tnt1=  28 tnt2=  44 +=  72
x1= 628 x2= 629 y1= 347 y2= 364 tnt1=  29 tnt2=  43 +=  72
x1= 625 x2= 628 y1= 346 y2= 358 tnt1=  37 tnt2=  44 +=  81
x1= 616 x2= 622 y1= 347 y2= 359 tnt1=  45 tnt2=  64 += 109
x1=1023 x2=1023 y1= 293 y2= 311 tnt1=1023 tnt2=1023 +=2046
x1=1023 x2=1023 y1= 287 y2= 305 tnt1=1023 tnt2=1020 +=2043
x1=1023 x2=1023 y1= 289 y2= 308 tnt1=1016 tnt2=1020 +=2036
x1=1023 x2=1023 y1= 289 y2= 309 tnt1=1016 tnt2=1021 +=2037
x1=1023 x2=1023 y1= 296 y2= 316 tnt1=1023 tnt2=1023 +=2046
x1= 602 x2= 625 y1= 346 y2= 360 tnt1=  41 tnt2=  35 +=  76
x1= 621 x2= 640 y1= 353 y2= 366 tnt1=  26 tnt2=  47 +=  73
x1= 625 x2= 633 y1= 344 y2= 358 tnt1=  36 tnt2=  40 +=  76
x1= 625 x2= 628 y1= 348 y2= 360 tnt1=  37 tnt2=  45 +=  82
x1= 631 x2= 638 y1= 347 y2= 360 tnt1=  27 tnt2=  50 +=  77
x1= 630 x2= 637 y1= 345 y2= 358 tnt1=  29 tnt2=  50 +=  79
x1= 611 x2= 631 y1= 347 y2= 359 tnt1=  34 tnt2=  32 +=  66
x1=1023 x2=1023 y1= 292 y2= 312 tnt1=1012 tnt2=1020 +=2032
x1=1023 x2=1023 y1= 295 y2= 316 tnt1=1023 tnt2=1019 +=2042
x1=1023 x2=1023 y1= 290 y2= 311 tnt1=1023 tnt2=1021 +=2044
x1=1023 x2=1023 y1= 297 y2= 317 tnt1=1023 tnt2=1014 +=2037
x1=1023 x2=1023 y1= 304 y2= 330 tnt1=1016 tnt2=1023 +=2039
x1=1023 x2=1023 y1= 299 y2= 328 tnt1=1023 tnt2=1021 +=2044
x1=1023 x2=1023 y1= 295 y2= 314 tnt1=1016 tnt2=1021 +=2037
x1=1023 x2=1023 y1= 292 y2= 312 tnt1=1016 tnt2=1023 +=2039
x1= 609 x2= 631 y1= 348 y2= 361 tnt1=  37 tnt2=  57 +=  94
x1= 610 x2= 629 y1= 346 y2= 359 tnt1=  40 tnt2=  38 +=  78
x1= 621 x2= 645 y1= 344 y2= 357 tnt1=  21 tnt2=  39 +=  60
x1= 625 x2= 624 y1= 348 y2= 360 tnt1=  38 tnt2=  44 +=  82
x1= 616 x2= 631 y1= 347 y2= 359 tnt1=  33 tnt2=  34 +=  67
x1= 622 x2= 640 y1= 346 y2= 358 tnt1=  26 tnt2=  39 +=  65
x1= 620 x2= 633 y1= 353 y2= 365 tnt1=  20 tnt2=  45 +=  65
x1= 628 x2= 626 y1= 349 y2= 362 tnt1=  38 tnt2=  35 +=  73
x1= 624 x2= 640 y1= 348 y2= 360 tnt1=  23 tnt2=  35 +=  58
x1= 636 x2= 638 y1= 347 y2= 359 tnt1=  26 tnt2=  47 +=  73
x1= 616 x2= 630 y1= 349 y2= 361 tnt1=  31 tnt2=  27 +=  58
x1= 624 x2= 645 y1= 348 y2= 359 tnt1=  17 tnt2=  31 +=  48
x1= 631 x2= 636 y1= 349 y2= 360 tnt1=  36 tnt2=  36 +=  72
x1= 629 x2= 629 y1= 350 y2= 361 tnt1=  32 tnt2=  34 +=  66
x1= 629 x2= 626 y1= 349 y2= 359 tnt1=  32 tnt2=  31 +=  63
x1= 634 x2= 637 y1= 349 y2= 359 tnt1=  24 tnt2=  38 +=  62
x1= 618 x2= 632 y1= 353 y2= 364 tnt1=  29 tnt2=  29 +=  58
x1= 637 x2= 639 y1= 346 y2= 360 tnt1=  23 tnt2=  37 +=  60
x1= 638 x2= 639 y1= 349 y2= 359 tnt1=  23 tnt2=  42 +=  65
x1= 628 x2= 630 y1= 349 y2= 360 tnt1=  30 tnt2=  33 +=  63
x1= 623 x2= 633 y1= 350 y2= 360 tnt1=  27 tnt2=  28 +=  55
x1= 630 x2= 623 y1= 348 y2= 359 tnt1=  29 tnt2=  34 +=  63
x1= 629 x2= 625 y1= 348 y2= 360 tnt1=  33 tnt2=  33 +=  66
x1= 629 x2= 629 y1= 349 y2= 360 tnt1=  30 tnt2=  32 +=  62
x1= 636 x2= 637 y1= 349 y2= 360 tnt1=  23 tnt2=  40 +=  63
x1= 632 x2= 635 y1= 348 y2= 359 tnt1=  24 tnt2=  35 +=  59
x1= 638 x2= 636 y1= 353 y2= 363 tnt1=  23 tnt2=  33 +=  56
x1= 638 x2= 637 y1= 346 y2= 358 tnt1=  23 tnt2=  35 +=  58
x1= 629 x2= 630 y1= 348 y2= 359 tnt1=  26 tnt2=  20 +=  46
x1= 620 x2= 631 y1= 347 y2= 359 tnt1=  28 tnt2=  22 +=  50
x1= 624 x2= 633 y1= 347 y2= 358 tnt1=  27 tnt2=  27 +=  54
x1= 631 x2= 624 y1= 349 y2= 361 tnt1=  35 tnt2=  33 +=  68
x1= 621 x2= 631 y1= 347 y2= 358 tnt1=  28 tnt2=  21 +=  49
x1= 631 x2= 639 y1= 349 y2= 360 tnt1=  20 tnt2=  30 +=  50
x1= 634 x2= 636 y1= 348 y2= 359 tnt1=  24 tnt2=  37 +=  61
x1= 621 x2= 631 y1= 350 y2= 359 tnt1=  26 tnt2=  23 +=  49
x1= 633 x2= 636 y1= 368 y2= 371 tnt1=  24 tnt2=  31 +=  55
x1= 638 x2= 638 y1= 352 y2= 364 tnt1=  22 tnt2=  31 +=  53
x1= 637 x2= 639 y1= 348 y2= 359 tnt1=  22 tnt2=  40 +=  62
x1= 623 x2= 633 y1= 349 y2= 360 tnt1=  27 tnt2=  24 +=  51
x1= 631 x2= 626 y1= 348 y2= 359 tnt1=  36 tnt2=  34 +=  70
x1= 629 x2= 624 y1= 350 y2= 361 tnt1=  35 tnt2=  34 +=  69
x1= 626 x2= 643 y1= 347 y2= 358 tnt1=  18 tnt2=  29 +=  47
x1= 626 x2= 639 y1= 347 y2= 358 tnt1=  24 tnt2=  31 +=  55
x1= 628 x2= 635 y1= 347 y2= 359 tnt1=  30 tnt2=  43 +=  73
x1= 621 x2= 633 y1= 347 y2= 359 tnt1=  31 tnt2=  33 +=  64
x1= 617 x2= 631 y1= 352 y2= 363 tnt1=  19 tnt2=  32 +=  51
x1= 620 x2= 645 y1= 352 y2= 363 tnt1=  31 tnt2=  44 +=  75
x1= 618 x2= 632 y1= 347 y2= 359 tnt1=  31 tnt2=  31 +=  62
x1= 631 x2= 637 y1= 348 y2= 361 tnt1=  27 tnt2=  43 +=  70
x1= 628 x2= 623 y1= 347 y2= 359 tnt1=  38 tnt2=  40 +=  78
x1= 628 x2= 625 y1= 348 y2= 360 tnt1=  36 tnt2=  40 +=  76
x1= 627 x2= 639 y1= 347 y2= 360 tnt1=  25 tnt2=  36 +=  61
x1= 635 x2= 638 y1= 348 y2= 360 tnt1=  26 tnt2=  47 +=  73
x1= 620 x2= 633 y1= 349 y2= 360 tnt1=  31 tnt2=  33 +=  64
x1= 622 x2= 632 y1= 348 y2= 359 tnt1=  19 tnt2=  34 +=  53
x1= 620 x2= 633 y1= 354 y2= 365 tnt1=  30 tnt2=  34 +=  64
x1= 617 x2= 632 y1= 348 y2= 360 tnt1=  31 tnt2=  46 +=  77
x1= 621 x2= 632 y1= 347 y2= 357 tnt1=  18 tnt2=  34 +=  52
x1= 630 x2= 636 y1= 348 y2= 360 tnt1=  26 tnt2=  42 +=  68
x1= 628 x2= 635 y1= 347 y2= 359 tnt1=  38 tnt2=  41 +=  79
x1= 604 x2= 639 y1= 342 y2= 357 tnt1=  31 tnt2=  60 +=  91
x1=1023 x2=1023 y1= 293 y2= 313 tnt1=1023 tnt2=1023 +=2046
x1=1023 x2=1023 y1= 288 y2= 308 tnt1=1023 tnt2=1018 +=2041
x1= 604 x2= 627 y1= 345 y2= 358 tnt1=  42 tnt2=  60 += 102
x1= 607 x2= 628 y1= 348 y2= 361 tnt1=  29 tnt2=  41 +=  70
x1= 616 x2= 631 y1= 355 y2= 367 tnt1=  34 tnt2=  40 +=  74
x1= 616 x2= 632 y1= 345 y2= 358 tnt1=  34 tnt2=  55 +=  89
x1= 629 x2= 637 y1= 349 y2= 361 tnt1=  29 tnt2=  51 +=  80
x1= 625 x2= 635 y1= 348 y2= 361 tnt1=  30 tnt2=  49 +=  79
x1= 880 x2= 889 y1= 297 y2= 316 tnt1= 791 tnt2=1020 +=1811
x1=1023 x2=1023 y1= 297 y2= 318 tnt1=1023 tnt2=1023 +=2046
x1=1023 x2=1023 y1= 294 y2= 313 tnt1=1016 tnt2=1023 +=2039
x1=1023 x2=1023 y1= 297 y2= 317 tnt1=1023 tnt2=1018 +=2041
x1=1023 x2=1023 y1= 288 y2= 307 tnt1=1023 tnt2=1021 +=2044
x1=1023 x2=1023 y1= 296 y2= 317 tnt1=1023 tnt2=1023 +=2046
x1=1023 x2=1023 y1= 307 y2= 334 tnt1=1015 tnt2=1023 +=2038
x1=1023 x2=1023 y1= 295 y2= 325 tnt1=1015 tnt2=1023 +=2038
x1= 617 x2= 634 y1= 347 y2= 361 tnt1=  36 tnt2=  68 += 104
x1=1023 x2=1023 y1= 290 y2= 310 tnt1=1001 tnt2=1023 +=2024
x1=1023 x2=1023 y1= 303 y2= 322 tnt1=1014 tnt2=1021 +=2035
x1=1023 x2=1023 y1= 296 y2= 316 tnt1=1016 tnt2=1021 +=2037
x1=1023 x2=1023 y1= 291 y2= 311 tnt1=1023 tnt2=1012 +=2035
x1=1023 x2=1023 y1= 297 y2= 318 tnt1=1023 tnt2=1019 +=2042
x1=1023 x2=1023 y1= 307 y2= 325 tnt1=1023 tnt2=1023 +=2046
x1=1023 x2=1023 y1= 297 y2= 317 tnt1=1023 tnt2=1023 +=2046
x1=1023 x2=1023 y1= 312 y2= 338 tnt1=1016 tnt2=1022 +=2038
x1=1023 x2=1023 y1= 297 y2= 328 tnt1=1003 tnt2=1015 +=2018
x1= 615 x2= 631 y1= 344 y2= 359 tnt1=  37 tnt2=  69 += 106
x1= 612 x2= 628 y1= 346 y2= 359 tnt1=  38 tnt2=  33 +=  71
x1= 623 x2= 643 y1= 345 y2= 358 tnt1=  20 tnt2=  34 +=  54
x1= 627 x2= 635 y1= 347 y2= 360 tnt1=  39 tnt2=  39 +=  78
x1= 618 x2= 631 y1= 347 y2= 359 tnt1=  30 tnt2=  27 +=  57
x1= 620 x2= 632 y1= 350 y2= 360 tnt1=  29 tnt2=  28 +=  57
x1= 637 x2= 637 y1= 347 y2= 359 tnt1=  24 tnt2=  43 +=  67
x1= 628 x2= 623 y1= 349 y2= 359 tnt1=  34 tnt2=  35 +=  69
x1= 622 x2= 630 y1= 353 y2= 364 tnt1=  20 tnt2=  29 +=  49
x1= 630 x2= 634 y1= 348 y2= 362 tnt1=  25 tnt2=  33 +=  58
x1= 617 x2= 630 y1= 348 y2= 359 tnt1=  29 tnt2=  23 +=  52
x1= 623 x2= 632 y1= 349 y2= 359 tnt1=  16 tnt2=  28 +=  44
x1= 625 x2= 642 y1= 347 y2= 359 tnt1=  19 tnt2=  30 +=  49
x1= 625 x2= 641 y1= 347 y2= 358 tnt1=  21 tnt2=  30 +=  51
x1= 620 x2= 632 y1= 347 y2= 359 tnt1=  28 tnt2=  24 +=  52
x1= 622 x2= 632 y1= 349 y2= 359 tnt1=  28 tnt2=  27 +=  55
x1= 629 x2= 625 y1= 347 y2= 358 tnt1=  34 tnt2=  32 +=  66
x1= 621 x2= 632 y1= 348 y2= 359 tnt1=  27 tnt2=  24 +=  51
x1= 629 x2= 623 y1= 354 y2= 364 tnt1=  34 tnt2=  19 +=  53
x1= 628 x2= 636 y1= 344 y2= 363 tnt1=  28 tnt2=  40 +=  68
x1= 881 x2= 889 y1= 299 y2= 319 tnt1= 805 tnt2=  68 += 873
x1= 615 x2= 642 y1= 346 y2= 358 tnt1=  29 tnt2=  38 +=  67
x1= 617 x2= 631 y1= 347 y2= 358 tnt1=  20 tnt2=  37 +=  57
x1= 620 x2= 640 y1= 345 y2= 358 tnt1=  20 tnt2=  50 +=  70
x1= 621 x2= 639 y1= 348 y2= 359 tnt1=  25 tnt2=  39 +=  64
x1= 627 x2= 634 y1= 345 y2= 360 tnt1=  28 tnt2=  44 +=  72
x1= 624 x2= 625 y1= 346 y2= 358 tnt1=  37 tnt2=  42 +=  79
x1= 621 x2= 641 y1= 348 y2= 358 tnt1=  23 tnt2=  38 +=  61
x1= 625 x2= 623 y1= 355 y2= 366 tnt1=  38 tnt2=  30 +=  68
x1= 620 x2= 643 y1= 345 y2= 359 tnt1=  22 tnt2=  46 +=  68
x1= 618 x2= 631 y1= 346 y2= 358 tnt1=  21 tnt2=  37 +=  58
x1= 627 x2= 634 y1= 347 y2= 360 tnt1=  28 tnt2=  46 +=  74
x1= 624 x2= 626 y1= 346 y2= 359 tnt1=  36 tnt2=  43 +=  79
x1= 620 x2= 641 y1= 346 y2= 358 tnt1=  27 tnt2=  41 +=  68
x1= 633 x2= 636 y1= 346 y2= 359 tnt1=  27 tnt2=  51 +=  78
x1= 627 x2= 635 y1= 346 y2= 358 tnt1=  39 tnt2=  45 +=  84
x1= 620 x2= 642 y1= 348 y2= 358 tnt1=  22 tnt2=  37 +=  59
x1= 621 x2= 640 y1= 347 y2= 360 tnt1=  25 tnt2=  39 +=  64
x1= 619 x2= 631 y1= 355 y2= 367 tnt1=  20 tnt2=  49 +=  69
x1= 981 x2= 997 y1= 278 y2= 301 tnt1= 940 tnt2=1023 +=1963
x1=1023 x2=1023 y1= 290 y2= 310 tnt1=1023 tnt2=1023 +=2046
x1=1023 x2=1023 y1= 299 y2= 320 tnt1=1023 tnt2=1023 +=2046
x1=1023 x2=1023 y1= 290 y2= 310 tnt1=1023 tnt2=1023 +=2046
x1=1023 x2=1023 y1= 299 y2= 319 tnt1=1016 tnt2=1023 +=2039
x1= 612 x2= 630 y1= 343 y2= 358 tnt1=  39 tnt2=  77 += 116
x1= 601 x2= 624 y1= 348 y2= 360 tnt1=  44 tnt2=  52 +=  96
x1= 593 x2= 632 y1= 306 y2= 326 tnt1=  36 tnt2=1020 +=1056
x1=1023 x2=1023 y1= 300 y2= 317 tnt1=1014 tnt2=1023 +=2037
x1=1023 x2=1023 y1= 298 y2= 327 tnt1=1017 tnt2=1023 +=2040
x1=1023 x2=1023 y1= 286 y2= 308 tnt1=1015 tnt2=1023 +=2038
x1=1023 x2=1023 y1= 291 y2= 312 tnt1=1023 tnt2=1023 +=2046
x1=1023 x2=1023 y1= 302 y2= 321 tnt1=1023 tnt2=1023 +=2046
x1=1023 x2=1023 y1= 300 y2= 319 tnt1=1015 tnt2=1021 +=2036
x1= 615 x2= 631 y1= 347 y2= 361 tnt1=  38 tnt2=  76 += 114
x1= 611 x2= 629 y1= 344 y2= 359 tnt1=  35 tnt2=  47 +=  82
x1= 618 x2= 620 y1= 344 y2= 358 tnt1=  47 tnt2=  61 += 108
x1=1023 x2=1023 y1= 294 y2= 314 tnt1=1014 tnt2=1021 +=2035
x1=1023 x2=1023 y1= 282 y2= 303 tnt1=1023 tnt2=1023 +=2046
x1=1023 x2=1023 y1= 312 y2= 338 tnt1=1023 tnt2=1010 +=2033
x1=1023 x2=1023 y1= 297 y2= 319 tnt1=1023 tnt2=1021 +=2044
x1=1023 x2=1023 y1= 302 y2= 322 tnt1=1023 tnt2=1023 +=2046
x1=1023 x2=1023 y1= 292 y2= 311 tnt1=1023 tnt2=1021 +=2044
x1= 617 x2= 634 y1= 342 y2= 358 tnt1=  35 tnt2=  78 += 113
x1= 620 x2= 633 y1= 344 y2= 357 tnt1=  35 tnt2=  66 += 101
x1= 609 x2= 628 y1= 348 y2= 360 tnt1=  39 tnt2=  52 +=  91
x1= 610 x2= 628 y1= 344 y2= 358 tnt1=  25 tnt2=  53 +=  78
x1= 616 x2= 622 y1= 347 y2= 359 tnt1=  44 tnt2=  60 += 104
x1= 605 x2= 624 y1= 346 y2= 360 tnt1=  41 tnt2=  53 +=  94
x1= 621 x2= 623 y1= 409 y2= 398 tnt1=  45 tnt2=  46 +=  91
x1= 616 x2= 624 y1= 343 y2= 359 tnt1=  44 tnt2=  51 +=  95
x1= 612 x2= 618 y1= 344 y2= 357 tnt1=  50 tnt2=  69 += 119
x1=1023 x2=1023 y1= 287 y2= 307 tnt1=1015 tnt2=1020 +=2035
x1= 616 x2= 633 y1= 344 y2= 359 tnt1=  36 tnt2=  76 += 112
x1= 599 x2= 621 y1= 342 y2= 357 tnt1=  44 tnt2=  58 += 102
x1= 606 x2= 635 y1= 344 y2= 358 tnt1=  34 tnt2=  64 +=  98
x1= 614 x2= 618 y1= 345 y2= 359 tnt1=  47 tnt2=  67 += 114
x1= 612 x2= 621 y1= 347 y2= 361 tnt1=  45 tnt2=  64 += 109
x1= 602 x2= 623 y1= 344 y2= 358 tnt1=  42 tnt2=  34 +=  76
x1= 622 x2= 625 y1= 356 y2= 368 tnt1=  37 tnt2=  37 +=  74
x1= 622 x2= 625 y1= 346 y2= 359 tnt1=  38 tnt2=  34 +=  72
x1= 615 x2= 640 y1= 348 y2= 361 tnt1=  26 tnt2=  42 +=  68
x1= 607 x2= 636 y1= 342 y2= 357 tnt1=  32 tnt2=  59 +=  91
x1= 606 x2= 626 y1= 346 y2= 359 tnt1=  41 tnt2=  51 +=  92
x1= 619 x2= 630 y1= 344 y2= 358 tnt1=  48 tnt2=  69 += 117
x1= 608 x2= 637 y1= 346 y2= 360 tnt1=  28 tnt2=  57 +=  85
x1= 615 x2= 621 y1= 343 y2= 358 tnt1=  46 tnt2=  62 += 108
x1=1023 x2=1016 y1= 293 y2= 314 tnt1=1010 tnt2=1013 +=2023
x1=1023 x2=1023 y1= 285 y2= 306 tnt1=1016 tnt2=1023 +=2039
x1=1023 x2=1023 y1= 308 y2= 337 tnt1=1023 tnt2=1020 +=2043
x1=1023 x2=1023 y1= 290 y2= 310 tnt1=1015 tnt2=1023 +=2038
x1=1023 x2=1023 y1= 298 y2= 319 tnt1=1015 tnt2=1021 +=2036
x1=1023 x2=1023 y1= 286 y2= 306 tnt1=1016 tnt2=1021 +=2037
x1=1023 x2=1023 y1= 304 y2= 324 tnt1=1023 tnt2=1019 +=2042
x1=1023 x2=1023 y1= 284 y2= 305 tnt1=1023 tnt2=1020 +=2043
x1=1023 x2=1023 y1= 290 y2= 310 tnt1=1023 tnt2=1023 +=2046
x1=1023 x2=1023 y1= 291 y2= 311 tnt1=1023 tnt2=1023 +=2046
x1=1023 x2=1023 y1= 290 y2= 311 tnt1=1023 tnt2=1013 +=2036
x1=1023 x2=1023 y1= 305 y2= 324 tnt1=1017 tnt2=1023 +=2040
x1=1023 x2=1023 y1= 314 y2= 344 tnt1=1023 tnt2=1021 +=2044
x1=1023 x2=1023 y1= 291 y2= 314 tnt1=1015 tnt2=1023 +=2038
x1=1023 x2=1023 y1= 287 y2= 305 tnt1=1016 tnt2=1023 +=2039
x1=1023 x2=1023 y1= 300 y2= 320 tnt1=1023 tnt2=1023 +=2046
x1=1023 x2=1023 y1= 296 y2= 314 tnt1=1023 tnt2=1019 +=2042
x1=1023 x2=1023 y1= 282 y2= 303 tnt1=1016 tnt2=1023 +=2039
x1=1023 x2=1023 y1= 289 y2= 310 tnt1=1023 tnt2=1023 +=2046
x1=1023 x2=1023 y1= 293 y2= 313 tnt1=1023 tnt2=1023 +=2046
x1=1023 x2=1023 y1= 282 y2= 302 tnt1=1016 tnt2=1023 +=2039
x1=1023 x2=1023 y1= 285 y2= 305 tnt1=1015 tnt2=1021 +=2036
x1=1023 x2=1023 y1= 306 y2= 333 tnt1=1023 tnt2=1017 +=2040
x1=1023 x2=1023 y1= 279 y2= 301 tnt1=1015 tnt2=1023 +=2038
x1=1023 x2=1023 y1= 295 y2= 316 tnt1=1023 tnt2=1023 +=2046
x1=1023 x2=1023 y1= 284 y2= 305 tnt1=1023 tnt2=1011 +=2034
x1= 602 x2= 626 y1= 345 y2= 359 tnt1=  44 tnt2=  62 += 106
x1= 615 x2= 632 y1= 345 y2= 360 tnt1=  37 tnt2=  63 += 100
x1= 610 x2= 638 y1= 344 y2= 358 tnt1=  26 tnt2=  54 +=  80
x1= 611 x2= 636 y1= 346 y2= 359 tnt1=  31 tnt2=  55 +=  86
x1= 624 x2= 634 y1= 343 y2= 358 tnt1=  33 tnt2=  68 += 101
x1= 615 x2= 621 y1= 344 y2= 359 tnt1=  43 tnt2=  61 += 104
x1= 623 x2= 634 y1= 356 y2= 369 tnt1=  33 tnt2=  57 +=  90
x1= 622 x2= 635 y1= 343 y2= 358 tnt1=  32 tnt2=  60 +=  92
x1= 608 x2= 625 y1= 345 y2= 358 tnt1=  43 tnt2=  47 +=  90
x1= 605 x2= 627 y1= 345 y2= 358 tnt1=  41 tnt2=  49 +=  90
x1= 610 x2= 638 y1= 347 y2= 360 tnt1=  29 tnt2=  55 +=  84
x1= 617 x2= 620 y1= 345 y2= 359 tnt1=  46 tnt2=  60 += 106
x1= 608 x2= 626 y1= 346 y2= 359 tnt1=  39 tnt2=  51 +=  90
x1= 611 x2= 637 y1= 347 y2= 360 tnt1=  31 tnt2=  55 +=  86
x1= 620 x2= 633 y1= 345 y2= 359 tnt1=  34 tnt2=  63 +=  97
x1= 609 x2= 626 y1= 346 y2= 361 tnt1=  39 tnt2=  51 +=  90
x1= 624 x2= 634 y1= 353 y2= 369 tnt1=  33 tnt2=  56 +=  89
x1= 607 x2= 626 y1= 346 y2= 360 tnt1=  40 tnt2=  39 +=  79
x1= 621 x2= 627 y1= 345 y2= 359 tnt1=  38 tnt2=  35 +=  73
x1= 612 x2= 638 y1= 345 y2= 359 tnt1=  29 tnt2=  52 +=  81
x1= 621 x2= 633 y1= 347 y2= 360 tnt1=  33 tnt2=  60 +=  93
x1= 609 x2= 625 y1= 348 y2= 361 tnt1=  28 tnt2=  48 +=  76
x1= 613 x2= 639 y1= 345 y2= 359 tnt1=  28 tnt2=  52 +=  80
x1= 613 x2= 640 y1= 346 y2= 359 tnt1=  27 tnt2=  52 +=  79
x1= 622 x2= 634 y1= 346 y2= 360 tnt1=  32 tnt2=  64 +=  96
x1= 610 x2= 628 y1= 347 y2= 360 tnt1=  38 tnt2=  49 +=  87
x1= 618 x2= 623 y1= 356 y2= 368 tnt1=  42 tnt2=  44 +=  86
x1= 605 x2= 626 y1= 344 y2= 358 tnt1=  40 tnt2=  49 +=  89
x1= 599 x2= 622 y1= 344 y2= 359 tnt1=  46 tnt2=  69 += 115
x1=1023 x2=1023 y1= 300 y2= 320 tnt1=1016 tnt2=1023 +=2039
x1=1023 x2=1023 y1= 286 y2= 306 tnt1=1016 tnt2=1023 +=2039
x1=1023 x2=1023 y1= 286 y2= 306 tnt1=1015 tnt2=1021 +=2036
x1=1023 x2=1023 y1= 294 y2= 314 tnt1=1015 tnt2=1021 +=2036
x1=1023 x2=1023 y1= 296 y2= 314 tnt1=1023 tnt2=1023 +=2046
x1=1023 x2=1023 y1= 297 y2= 318 tnt1=1023 tnt2=1019 +=2042
x1=1023 x2=1023 y1= 288 y2= 308 tnt1=1023 tnt2=1019 +=2042
x1=1023 x2=1023 y1= 312 y2= 339 tnt1=1023 tnt2=1021 +=2044
x1=1023 x2=1023 y1= 287 y2= 309 tnt1=1023 tnt2=1021 +=2044
x1=1023 x2=1023 y1= 289 y2= 309 tnt1=1016 tnt2=1023 +=2039
x1=1023 x2=1023 y1= 294 y2= 314 tnt1=1016 tnt2=1023 +=2039
x1=1023 x2=1023 y1= 288 y2= 308 tnt1=1015 tnt2=1021 +=2036
x1=1023 x2=1023 y1= 279 y2= 296 tnt1=1015 tnt2=1021 +=2036
x1=1023 x2=1023 y1= 296 y2= 317 tnt1=1016 tnt2=1023 +=2039
x1=1023 x2=1023 y1= 300 y2= 320 tnt1=1023 tnt2=1023 +=2046
x1=1023 x2=1023 y1= 294 y2= 314 tnt1=1023 tnt2=1020 +=2043
x1=1023 x2=1023 y1= 294 y2= 314 tnt1=1018 tnt2=1023 +=2041
x1=1023 x2=1023 y1= 312 y2= 338 tnt1=1023 tnt2=1023 +=2046
x1=1023 x2=1023 y1= 292 y2= 313 tnt1=1015 tnt2=1019 +=2034
x1=1023 x2=1023 y1= 292 y2= 314 tnt1=1017 tnt2=1023 +=2040
x1=1023 x2=1023 y1= 285 y2= 304 tnt1=1017 tnt2=1009 +=2026
x1=1023 x2=1023 y1= 290 y2= 310 tnt1=1023 tnt2=1020 +=2043
x1=1023 x2=1023 y1= 286 y2= 306 tnt1=1015 tnt2=1021 +=2036
x1=1023 x2=1023 y1= 286 y2= 307 tnt1=1023 tnt2=1019 +=2042
x1=1023 x2=1023 y1= 284 y2= 302 tnt1=1023 tnt2=1023 +=2046
x1=1023 x2=1023 y1= 293 y2= 314 tnt1=1016 tnt2=1023 +=2039
x1=1023 x2=1023 y1= 286 y2= 306 tnt1=1023 tnt2=1023 +=2046
x1=1023 x2=1023 y1= 306 y2= 334 tnt1=1023 tnt2=1023 +=2046
x1=1023 x2=1023 y1= 289 y2= 310 tnt1=1016 tnt2=1016 +=2032
x1=1023 x2=1023 y1= 293 y2= 313 tnt1=1016 tnt2=1023 +=2039
x1=1023 x2=1023 y1= 295 y2= 315 tnt1=1023 tnt2=1020 +=2043
x1=1023 x2=1023 y1= 301 y2= 321 tnt1=1015 tnt2=1020 +=2035
x1=1023 x2=1023 y1= 284 y2= 305 tnt1=1023 tnt2=1023 +=2046
x1=1023 x2=1023 y1= 301 y2= 319 tnt1=1023 tnt2=1023 +=2046
x1= 609 x2= 628 y1= 342 y2= 357 tnt1=  47 tnt2=  76 += 123
x1= 615 x2= 630 y1= 344 y2= 358 tnt1=  37 tnt2=  67 += 104
x1= 606 x2= 638 y1= 343 y2= 357 tnt1=  31 tnt2=  61 +=  92
x1=1023 x2=1023 y1= 311 y2= 341 tnt1=1023 tnt2=1017 +=2040
x1=1023 x2=1023 y1= 278 y2= 301 tnt1=1015 tnt2=1023 +=2038
x1=1023 x2=1023 y1= 300 y2= 321 tnt1=1023 tnt2=1018 +=2041
x1=1023 x2=1023 y1= 294 y2= 313 tnt1=1023 tnt2=1020 +=2043
x1=1023 x2=1023 y1= 301 y2= 321 tnt1=1023 tnt2=1023 +=2046
x1= 605 x2= 636 y1= 343 y2= 357 tnt1=  36 tnt2=  56 +=  92
x1= 607 x2= 623 y1= 346 y2= 360 tnt1=  43 tnt2=  62 += 105
x1= 623 x2= 634 y1= 344 y2= 358 tnt1=  34 tnt2=  66 += 100
x1= 619 x2= 632 y1= 345 y2= 360 tnt1=  34 tnt2=  62 +=  96
x1= 609 x2= 639 y1= 344 y2= 358 tnt1=  27 tnt2=  53 +=  80
x1= 619 x2= 621 y1= 354 y2= 368 tnt1=  46 tnt2=  43 +=  89
x1= 612 x2= 629 y1= 347 y2= 361 tnt1=  40 tnt2=  51 +=  91
x1= 610 x2= 629 y1= 347 y2= 360 tnt1=  39 tnt2=  48 +=  87
x1= 610 x2= 628 y1= 346 y2= 360 tnt1=  38 tnt2=  47 +=  85
x1= 622 x2= 621 y1= 347 y2= 361 tnt1=  45 tnt2=  56 += 101
x1= 619 x2= 623 y1= 346 y2= 359 tnt1=  40 tnt2=  55 +=  95
x1= 615 x2= 637 y1= 345 y2= 359 tnt1=  30 tnt2=  62 +=  92
x1= 623 x2= 634 y1= 345 y2= 359 tnt1=  33 tnt2=  60 +=  93
x1= 614 x2= 628 y1= 346 y2= 360 tnt1=  24 tnt2=  47 +=  71
x1= 614 x2= 639 y1= 347 y2= 360 tnt1=  25 tnt2=  49 +=  74
x1= 620 x2= 633 y1= 353 y2= 369 tnt1=  41 tnt2=  31 +=  72
x1= 615 x2= 629 y1= 348 y2= 360 tnt1=  34 tnt2=  53 +=  87
x1= 617 x2= 629 y1= 347 y2= 360 tnt1=  34 tnt2=  37 +=  71
x1= 626 x2= 633 y1= 346 y2= 358 tnt1=  30 tnt2=  48 +=  78
x1= 623 x2= 623 y1= 346 y2= 359 tnt1=  40 tnt2=  45 +=  85
x1= 617 x2= 637 y1= 349 y2= 361 tnt1=  31 tnt2=  40 +=  71
x1= 623 x2= 634 y1= 346 y2= 359 tnt1=  41 tnt2=  46 +=  87
x1= 614 x2= 631 y1= 343 y2= 359 tnt1=  38 tnt2=  71 += 109
x1=1023 x2=1023 y1= 301 y2= 318 tnt1=1018 tnt2=1020 +=2038
x1=1023 x2=1023 y1= 291 y2= 310 tnt1=1015 tnt2=1021 +=2036
x1= 607 x2= 633 y1= 353 y2= 367 tnt1=  37 tnt2=  67 += 104
x1= 607 x2= 637 y1= 346 y2= 361 tnt1=  32 tnt2=  70 += 102
x1= 615 x2= 631 y1= 344 y2= 358 tnt1=  38 tnt2=  70 += 108
x1= 615 x2= 630 y1= 341 y2= 357 tnt1=  49 tnt2=  68 += 117
x1= 613 x2= 619 y1= 347 y2= 361 tnt1=  47 tnt2=  68 += 115
x1=1023 x2=1023 y1= 288 y2= 308 tnt1=1015 tnt2=1021 +=2036
x1=1023 x2=1023 y1= 293 y2= 313 tnt1=1014 tnt2=1023 +=2037
x1=1023 x2=1023 y1= 298 y2= 318 tnt1=1016 tnt2=1023 +=2039
x1=1023 x2=1023 y1= 295 y2= 315 tnt1=1015 tnt2=1021 +=2036
x1=1023 x2=1023 y1= 306 y2= 326 tnt1=1015 tnt2=1021 +=2036
x1=1023 x2=1023 y1= 306 y2= 336 tnt1=1015 tnt2=1023 +=2038
x1=1023 x2=1023 y1= 296 y2= 317 tnt1=1023 tnt2=1023 +=2046
x1=1023 x2=1023 y1= 293 y2= 313 tnt1=1017 tnt2=1023 +=2040
x1=1023 x2=1023 y1= 285 y2= 306 tnt1=1023 tnt2=1023 +=2046
x1=1023 x2=1023 y1= 299 y2= 318 tnt1=1015 tnt2=1021 +=2036
x1=1023 x2=1023 y1= 289 y2= 309 tnt1=1016 tnt2=1023 +=2039
x1=1023 x2=1023 y1= 292 y2= 312 tnt1=1023 tnt2=1023 +=2046
x1=1023 x2=1023 y1= 305 y2= 323 tnt1=1023 tnt2=1020 +=2043
x1=1023 x2=1023 y1= 283 y2= 303 tnt1=1016 tnt2=1021 +=2037
x1=1023 x2=1023 y1= 296 y2= 315 tnt1=1023 tnt2=1023 +=2046
x1=1023 x2=1023 y1= 300 y2= 332 tnt1=1016 tnt2=1023 +=2039
x1= 607 x2= 626 y1= 343 y2= 359 tnt1=  52 tnt2=  64 += 116
x1= 610 x2= 619 y1= 344 y2= 358 tnt1=  49 tnt2=  72 += 121
x1= 597 x2= 622 y1= 346 y2= 361 tnt1=  44 tnt2=  61 += 105
x1= 606 x2= 634 y1= 345 y2= 359 tnt1=  35 tnt2=  67 += 102
x1= 598 x2= 616 y1= 344 y2= 358 tnt1=  43 tnt2=  72 += 115
x1= 601 x2= 624 y1= 346 y2= 360 tnt1=  44 tnt2=  62 += 106
x1= 603 x2= 625 y1= 345 y2= 358 tnt1=  43 tnt2=  62 += 105
x1= 614 x2= 631 y1= 342 y2= 358 tnt1=  38 tnt2=  73 += 111
x1= 611 x2= 618 y1= 347 y2= 360 tnt1=  49 tnt2=  71 += 120
x1= 615 x2= 630 y1= 354 y2= 371 tnt1=  38 tnt2=  65 += 103
x1= 612 x2= 629 y1= 341 y2= 358 tnt1=  52 tnt2=  65 += 117
x1= 625 x2= 644 y1= 310 y2= 330 tnt1= 459 tnt2=1023 +=1482
x1=1023 x2=1023 y1= 280 y2= 300 tnt1=1016 tnt2=1020 +=2036
x1=1023 x2=1023 y1= 292 y2= 312 tnt1=1016 tnt2=1020 +=2036
x1=1023 x2=1023 y1= 296 y2= 316 tnt1=1023 tnt2=1010 +=2033
x1=1023 x2=1023 y1= 300 y2= 322 tnt1=1023 tnt2=1021 +=2044
x1=1023 x2=1023 y1= 306 y2= 326 tnt1=1017 tnt2=1023 +=2040
x1= 609 x2= 618 y1= 341 y2= 357 tnt1=  50 tnt2=  75 += 125
x1= 609 x2= 619 y1= 346 y2= 359 tnt1=  48 tnt2=  73 += 121
x1= 610 x2= 617 y1= 354 y2= 368 tnt1=  50 tnt2=  54 += 104
x1= 613 x2= 617 y1= 341 y2= 358 tnt1=  48 tnt2=  54 += 102
x1= 608 x2= 627 y1= 344 y2= 357 tnt1=  27 tnt2=  56 +=  83
x1= 607 x2= 639 y1= 343 y2= 358 tnt1=  30 tnt2=  57 +=  87
x1= 611 x2= 629 y1= 344 y2= 359 tnt1=  52 tnt2=  73 += 125
x1= 599 x2= 622 y1= 345 y2= 359 tnt1=  44 tnt2=  59 += 103
x1= 601 x2= 622 y1= 346 y2= 360 tnt1=  44 tnt2=  58 += 102
x1= 615 x2= 631 y1= 347 y2= 361 tnt1=  47 tnt2=  70 += 117
x1= 600 x2= 623 y1= 347 y2= 361 tnt1=  43 tnt2=  52 +=  95
x1= 606 x2= 634 y1= 340 y2= 356 tnt1=  36 tnt2=  65 += 101
x1= 613 x2= 618 y1= 353 y2= 367 tnt1=  45 tnt2=  55 += 100
x1= 607 x2= 636 y1= 344 y2= 359 tnt1=  33 tnt2=  71 += 104
x1= 605 x2= 637 y1= 345 y2= 360 tnt1=  31 tnt2=  62 +=  93
x1= 606 x2= 624 y1= 343 y2= 357 tnt1=  30 tnt2=  62 +=  92
x1= 599 x2= 622 y1= 345 y2= 359 tnt1=  45 tnt2=  57 += 102
x1= 598 x2= 623 y1= 343 y2= 358 tnt1=  43 tnt2=  63 += 106
x1= 612 x2= 630 y1= 344 y2= 360 tnt1=  39 tnt2=  74 += 113
x1= 611 x2= 619 y1= 342 y2= 358 tnt1=  50 tnt2=  72 += 122
x1= 602 x2= 626 y1= 343 y2= 357 tnt1=  44 tnt2=  63 += 107
x1= 614 x2= 632 y1= 342 y2= 358 tnt1=  36 tnt2=  82 += 118
x1=1023 x2=1023 y1= 309 y2= 341 tnt1=1023 tnt2=1023 +=2046
x1=1023 x2=1023 y1= 298 y2= 320 tnt1=1010 tnt2=1019 +=2029
x1= 602 x2= 636 y1= 343 y2= 359 tnt1=  33 tnt2=  66 +=  99
x1= 609 x2= 621 y1= 341 y2= 357 tnt1=  48 tnt2=  71 += 119
x1=1023 x2=1023 y1= 294 y2= 314 tnt1=1023 tnt2=1013 +=2036
x1=1023 x2=1023 y1= 293 y2= 312 tnt1=1016 tnt2=1023 +=2039
x1=1023 x2=1023 y1= 291 y2= 311 tnt1=1023 tnt2=1023 +=2046
x1=1023 x2=1023 y1= 297 y2= 315 tnt1=1017 tnt2=1023 +=2040
x1=1023 x2=1023 y1= 292 y2= 312 tnt1=1016 tnt2=1021 +=2037
x1=1023 x2=1023 y1= 284 y2= 302 tnt1=1016 tnt2=1020 +=2036
x1=1023 x2=1023 y1= 311 y2= 343 tnt1=1016 tnt2=1023 +=2039
x1=1023 x2=1023 y1= 293 y2= 315 tnt1=1016 tnt2=1023 +=2039
x1=1023 x2=1023 y1= 293 y2= 311 tnt1=1023 tnt2=1023 +=2046
x1=1023 x2=1023 y1= 286 y2= 304 tnt1=1023 tnt2=1023 +=2046
x1=1023 x2=1023 y1= 284 y2= 304 tnt1=1023 tnt2=1023 +=2046
x1=1023 x2=1023 y1= 297 y2= 317 tnt1=1015 tnt2=1018 +=2033
x1=1023 x2=1023 y1= 293 y2= 314 tnt1=1023 tnt2=1023 +=2046
x1=1023 x2=1023 y1= 287 y2= 308 tnt1=1015 tnt2=1022 +=2037
x1=1023 x2=1023 y1= 289 y2= 319 tnt1=1015 tnt2=1023 +=2038
x1=1023 x2=1023 y1= 279 y2= 299 tnt1=1023 tnt2=1013 +=2036
x1=1023 x2=1023 y1= 308 y2= 337 tnt1=1016 tnt2=1023 +=2039
x1=1023 x2=1023 y1= 288 y2= 311 tnt1=1017 tnt2=1019 +=2036
x1=1023 x2=1023 y1= 300 y2= 320 tnt1=1023 tnt2=1023 +=2046
x1=1023 x2=1023 y1= 287 y2= 307 tnt1=1023 tnt2=1023 +=2046
x1=1023 x2=1023 y1= 305 y2= 325 tnt1=1016 tnt2=1023 +=2039
x1=1023 x2=1023 y1= 288 y2= 308 tnt1=1017 tnt2=1023 +=2040
x1=1023 x2=1023 y1= 287 y2= 307 tnt1=1023 tnt2=1020 +=2043
x1=1023 x2=1023 y1= 293 y2= 311 tnt1=1016 tnt2=1021 +=2037
x1=1023 x2=1023 y1= 297 y2= 318 tnt1=1023 tnt2=1023 +=2046
x1=1011 x2=1011 y1= 289 y2= 308 tnt1=1006 tnt2=1011 +=2017
x1= 599 x2= 623 y1= 354 y2= 368 tnt1=  44 tnt2=  61 += 105
x1= 599 x2= 623 y1= 345 y2= 360 tnt1=  44 tnt2=  69 += 113
x1= 601 x2= 621 y1= 345 y2= 358 tnt1=  48 tnt2=  79 += 127
x1= 602 x2= 632 y1= 342 y2= 356 tnt1=  37 tnt2=  74 += 111
x1= 613 x2= 630 y1= 343 y2= 358 tnt1=  39 tnt2=  81 += 120
x1= 597 x2= 624 y1= 344 y2= 359 tnt1=  42 tnt2=  53 +=  95
x1= 603 x2= 636 y1= 342 y2= 357 tnt1=  33 tnt2=  67 += 100
x1= 602 x2= 634 y1= 341 y2= 357 tnt1=  35 tnt2=  67 += 102
x1= 598 x2= 622 y1= 346 y2= 359 tnt1=  46 tnt2=  73 += 119
x1= 598 x2= 622 y1= 345 y2= 360 tnt1=  45 tnt2=  61 += 106
x1= 616 x2= 630 y1= 353 y2= 369 tnt1=  39 tnt2=  68 += 107
x1= 605 x2= 634 y1= 343 y2= 360 tnt1=  34 tnt2=  74 += 108
x1= 606 x2= 637 y1= 346 y2= 360 tnt1=  31 tnt2=  65 +=  96
x1= 613 x2= 633 y1= 344 y2= 359 tnt1=  35 tnt2=  66 += 101
x1= 615 x2= 630 y1= 346 y2= 360 tnt1=  37 tnt2=  74 += 111
x1= 602 x2= 626 y1= 345 y2= 358 tnt1=  43 tnt2=  62 += 105
x1= 604 x2= 638 y1= 345 y2= 359 tnt1=  30 tnt2=  64 +=  94
x1= 611 x2= 622 y1= 343 y2= 358 tnt1=  48 tnt2=  70 += 118
x1= 596 x2= 628 y1= 343 y2= 358 tnt1=  39 tnt2=  65 += 104
x1= 617 x2= 632 y1= 345 y2= 360 tnt1=  37 tnt2=  76 += 113
x1= 600 x2= 624 y1= 356 y2= 368 tnt1=  44 tnt2=  58 += 102
x1= 601 x2= 631 y1= 343 y2= 359 tnt1=  44 tnt2=  63 += 107
x1= 607 x2= 635 y1= 344 y2= 359 tnt1=  34 tnt2=  74 += 108
x1= 619 x2= 633 y1= 344 y2= 358 tnt1=  36 tnt2=  72 += 108
x1= 606 x2= 626 y1= 344 y2= 359 tnt1=  35 tnt2=  60 +=  95
x1= 609 x2= 641 y1= 343 y2= 359 tnt1=  29 tnt2=  70 +=  99
x1= 614 x2= 619 y1= 347 y2= 361 tnt1=  47 tnt2=  67 += 114
x1= 613 x2= 623 y1= 348 y2= 361 tnt1=  46 tnt2=  66 += 112
x1= 601 x2= 623 y1= 345 y2= 359 tnt1=  43 tnt2=  54 +=  97
x1= 618 x2= 633 y1= 346 y2= 359 tnt1=  36 tnt2=  72 += 108
x1= 601 x2= 623 y1= 355 y2= 369 tnt1=  43 tnt2=  56 +=  99
x1= 619 x2= 632 y1= 343 y2= 359 tnt1=  35 tnt2=  67 += 102
x1=1023 x2=1023 y1= 294 y2= 314 tnt1=1016 tnt2=1020 +=2036
x1=1023 x2=1023 y1= 298 y2= 316 tnt1=1023 tnt2=1014 +=2037
x1=1023 x2=1023 y1= 296 y2= 318 tnt1=1023 tnt2=1020 +=2043
x1=1023 x2=1023 y1= 295 y2= 313 tnt1=1023 tnt2=1023 +=2046
x1=1023 x2=1023 y1= 295 y2= 315 tnt1=1023 tnt2=1011 +=2034
x1=1023 x2=1023 y1= 297 y2= 315 tnt1=1023 tnt2=1023 +=2046
x1=1023 x2=1023 y1= 292 y2= 312 tnt1=1016 tnt2=1023 +=2039
x1=1023 x2=1023 y1= 294 y2= 315 tnt1=1016 tnt2=1023 +=2039
x1=1023 x2=1023 y1= 314 y2= 344 tnt1=1016 tnt2=1023 +=2039
x1=1023 x2=1023 y1= 291 y2= 313 tnt1=1023 tnt2=1021 +=2044
x1=1023 x2=1023 y1= 300 y2= 320 tnt1=1016 tnt2=1023 +=2039
x1=1023 x2=1023 y1= 299 y2= 319 tnt1=1023 tnt2=1013 +=2036
x1=1023 x2=1023 y1= 301 y2= 320 tnt1=1023 tnt2=1021 +=2044
x1=1023 x2=1023 y1= 301 y2= 319 tnt1=1017 tnt2=1023 +=2040
x1=1023 x2=1023 y1= 292 y2= 313 tnt1=1023 tnt2=1023 +=2046
x1=1023 x2=1023 y1= 299 y2= 320 tnt1=1015 tnt2=1021 +=2036
x1=1023 x2=1023 y1= 281 y2= 301 tnt1=1016 tnt2=1023 +=2039
x1=1023 x2=1023 y1= 298 y2= 319 tnt1=1017 tnt2=1023 +=2040
x1=1023 x2=1023 y1= 311 y2= 340 tnt1=1018 tnt2=1023 +=2041
x1=1023 x2=1023 y1= 296 y2= 316 tnt1=1016 tnt2=1023 +=2039
x1=1023 x2=1023 y1= 287 y2= 306 tnt1=1023 tnt2=1011 +=2034
x1=1023 x2=1023 y1= 299 y2= 319 tnt1=1023 tnt2=1018 +=2041
x1=1023 x2=1023 y1= 291 y2= 311 tnt1=1016 tnt2=1023 +=2039
x1=1023 x2=1023 y1= 281 y2= 302 tnt1=1023 tnt2=1023 +=2046
x1=1023 x2=1023 y1= 300 y2= 320 tnt1=1023 tnt2=1023 +=2046
x1=1023 x2=1023 y1= 299 y2= 319 tnt1=1016 tnt2=1021 +=2037
x1= 615 x2= 631 y1= 343 y2= 359 tnt1=  36 tnt2=  76 += 112
x1= 603 x2= 625 y1= 344 y2= 358 tnt1=  43 tnt2=  61 += 104
x1= 599 x2= 619 y1= 353 y2= 367 tnt1=  34 tnt2=  37 +=  71
x1= 614 x2= 630 y1= 348 y2= 359 tnt1=  34 tnt2=  40 +=  74
x1= 615 x2= 629 y1= 347 y2= 359 tnt1=  23 tnt2=  37 +=  60
x1= 600 x2= 623 y1= 346 y2= 359 tnt1=  43 tnt2=  57 += 100
x1=1023 x2=1023 y1= 287 y2= 308 tnt1=1023 tnt2=1023 +=2046
x1=1023 x2=1023 y1= 297 y2= 317 tnt1=1023 tnt2=1023 +=2046
x1=1023 x2=1023 y1= 298 y2= 318 tnt1=1016 tnt2=1021 +=2037
x1=1023 x2=1023 y1= 295 y2= 315 tnt1=1016 tnt2=1023 +=2039
x1=1023 x2=1021 y1= 290 y2= 311 tnt1=1022 tnt2=1020 +=2042
x1= 598 x2= 621 y1= 345 y2= 359 tnt1=  35 tnt2=  69 += 104
x1= 611 x2= 629 y1= 353 y2= 370 tnt1=  39 tnt2=  71 += 110
x1= 599 x2= 622 y1= 346 y2= 361 tnt1=  45 tnt2=  68 += 113
x1= 599 x2= 625 y1= 345 y2= 358 tnt1=  44 tnt2=  36 +=  80
x1= 627 x2= 634 y1= 346 y2= 359 tnt1=  29 tnt2=  48 +=  77
x1= 623 x2= 621 y1= 348 y2= 361 tnt1=  41 tnt2=  45 +=  86
x1= 617 x2= 630 y1= 347 y2= 359 tnt1=  31 tnt2=  37 +=  68
x1= 620 x2= 637 y1= 347 y2= 361 tnt1=  25 tnt2=  44 +=  69
x1= 620 x2= 638 y1= 346 y2= 359 tnt1=  27 tnt2=  50 +=  77
x1= 616 x2= 630 y1= 349 y2= 360 tnt1=  31 tnt2=  36 +=  67
x1= 617 x2= 629 y1= 346 y2= 358 tnt1=  27 tnt2=  35 +=  62
x1= 617 x2= 631 y1= 355 y2= 367 tnt1=  24 tnt2=  47 +=  71
x1= 616 x2= 630 y1= 346 y2= 358 tnt1=  33 tnt2=  47 +=  80
x1= 624 x2= 626 y1= 350 y2= 361 tnt1=  36 tnt2=  41 +=  77
x1= 628 x2= 634 y1= 346 y2= 359 tnt1=  28 tnt2=  46 +=  74
x1= 623 x2= 622 y1= 348 y2= 361 tnt1=  38 tnt2=  42 +=  80
x1= 624 x2= 632 y1= 349 y2= 361 tnt1=  34 tnt2=  43 +=  77
x1= 632 x2= 635 y1= 347 y2= 360 tnt1=  26 tnt2=  39 +=  65
x1= 615 x2= 630 y1= 347 y2= 359 tnt1=  33 tnt2=  33 +=  66
x1= 620 x2= 639 y1= 346 y2= 358 tnt1=  25 tnt2=  37 +=  62
x1= 629 x2= 635 y1= 346 y2= 358 tnt1=  28 tnt2=  45 +=  73
x1= 619 x2= 639 y1= 355 y2= 366 tnt1=  18 tnt2=  46 +=  64
x1= 611 x2= 627 y1= 348 y2= 360 tnt1=  33 tnt2=  40 +=  73
x1= 628 x2= 635 y1= 348 y2= 360 tnt1=  28 tnt2=  45 +=  73
x1= 626 x2= 634 y1= 345 y2= 359 tnt1=  29 tnt2=  43 +=  72
x1= 619 x2= 642 y1= 349 y2= 361 tnt1=  21 tnt2=  37 +=  58
x1= 618 x2= 640 y1= 346 y2= 358 tnt1=  24 tnt2=  37 +=  61
x1= 624 x2= 624 y1= 347 y2= 359 tnt1=  37 tnt2=  42 +=  79
x1= 614 x2= 630 y1= 348 y2= 360 tnt1=  33 tnt2=  33 +=  66
x1= 613 x2= 629 y1= 348 y2= 359 tnt1=  33 tnt2=  40 +=  73
x1= 625 x2= 621 y1= 346 y2= 359 tnt1=  39 tnt2=  43 +=  82
x1= 603 x2= 625 y1= 356 y2= 371 tnt1=  30 tnt2=  62 +=  92
x1= 616 x2= 631 y1= 345 y2= 361 tnt1=  45 tnt2=  35 +=  80
x1= 626 x2= 634 y1= 347 y2= 360 tnt1=  30 tnt2=  57 +=  87
x1= 495 x2= 525 y1= 315 y2= 335 tnt1= 315 tnt2=  65 += 380
x1= 602 x2= 637 y1= 341 y2= 357 tnt1=  33 tnt2=  68 += 101
x1= 601 x2= 624 y1= 344 y2= 358 tnt1=  31 tnt2=  75 += 106
x1= 598 x2= 622 y1= 347 y2= 361 tnt1=  45 tnt2=  36 +=  81
x1= 340 x2= 367 y1= 322 y2= 342 tnt1= 157 tnt2=1018 +=1175
x1=1023 x2=1023 y1= 289 y2= 310 tnt1=1023 tnt2=1023 +=2046
x1=1023 x2=1023 y1= 298 y2= 318 tnt1=1023 tnt2=1023 +=2046
x1=1023 x2=1023 y1= 318 y2= 346 tnt1=1015 tnt2=1021 +=2036
x1=1023 x2=1023 y1= 287 y2= 309 tnt1=1023 tnt2=1021 +=2044
x1=1023 x2=1023 y1= 291 y2= 311 tnt1=1023 tnt2=1023 +=2046
x1=1023 x2=1023 y1= 283 y2= 303 tnt1=1019 tnt2=1021 +=2040
x1=1023 x2=1023 y1= 306 y2= 324 tnt1=1009 tnt2=1023 +=2032
x1=1023 x2=1012 y1= 288 y2= 308 tnt1=1007 tnt2=1012 +=2019
x1= 598 x2= 624 y1= 345 y2= 358 tnt1=  45 tnt2=  34 +=  79
x1= 628 x2= 634 y1= 348 y2= 360 tnt1=  29 tnt2=  50 +=  79
x1= 623 x2= 623 y1= 347 y2= 360 tnt1=  42 tnt2=  47 +=  89
x1= 626 x2= 634 y1= 345 y2= 358 tnt1=  30 tnt2=  51 +=  81
x1= 623 x2= 623 y1= 399 y2= 389 tnt1=  39 tnt2=  32 +=  71
x1= 626 x2= 633 y1= 346 y2= 361 tnt1=  34 tnt2=  25 +=  59
x1= 628 x2= 634 y1= 348 y2= 361 tnt1=  26 tnt2=  39 +=  65
x1= 623 x2= 642 y1= 348 y2= 359 tnt1=  19 tnt2=  31 +=  50
x1= 631 x2= 634 y1= 350 y2= 360 tnt1=  25 tnt2=  41 +=  66
x1= 615 x2= 629 y1= 348 y2= 360 tnt1=  29 tnt2=  24 +=  53
x1= 638 x2= 638 y1= 349 y2= 361 tnt1=  24 tnt2=  43 +=  67
x1= 629 x2= 634 y1= 350 y2= 360 tnt1=  26 tnt2=  39 +=  65

