x1=1023 x2=1019 y1= 288 y2= 317 p1=1023 p2=   0 tnt1=1007 tnt2=1021 S=U X= 23 Y= 30 P=1306 LP= 10    0,   0
x1=1023 x2=1023 y1= 299 y2= 327 p1=1023 p2=   0 tnt1=1007 tnt2=1023 S=U X= 23 Y= 30 P=1306 LP= 10    0,   0
x1=1021 x2=1023 y1= 300 y2= 328 p1=1023 p2=   0 tnt1=1006 tnt2=1023 S=U X= 23 Y= 30 P=1306 LP= 10    0,   0
x1=1023 x2=1018 y1= 299 y2= 326 p1=1023 p2=   0 tnt1=1022 tnt2=1018 S=U X= 23 Y= 30 P=1306 LP= 10    0,   0
x1=1022 x2=1023 y1= 299 y2= 325 p1=1023 p2=   0 tnt1=1021 tnt2=1023 S=U X= 23 Y= 30 P=1306 LP= 10    0,   0
x1=1021 x2=1023 y1= 299 y2= 329 p1=1023 p2=   0 tnt1=1021 tnt2=1023 S=U X= 23 Y= 30 P=1306 LP= 10    0,   0
x1=1020 x2=1023 y1= 289 y2= 316 p1=1023 p2=   0 tnt1=1006 tnt2=1021 S=U X= 23 Y= 30 P=1306 LP= 10    0,   0
x1=1023 x2=1018 y1= 297 y2= 325 p1=1023 p2=   0 tnt1=1006 tnt2=1023 S=U X= 23 Y= 30 P=1306 LP= 10    0,   0
x1=1023 x2=1017 y1= 280 y2= 319 p1=1023 p2=   0 tnt1=1005 tnt2=1023 S=U X= 23 Y= 30 P=1306 LP= 10    0,   0
x1=1021 x2=1016 y1= 281 y2= 313 p1=1023 p2=   0 tnt1=1005 tnt2=1014 S=U X= 23 Y= 30 P=1306 LP= 10    0,   0
x1=1023 x2=1023 y1= 281 y2= 323 p1=1023 p2=   0 tnt1=1021 tnt2=1015 S=U X= 23 Y= 30 P=1306 LP= 10    0,   0
x1=1023 x2=1023 y1= 282 y2= 327 p1=1023 p2=   0 tnt1=1021 tnt2=1018 S=U X= 23 Y= 30 P=1306 LP= 10    0,   0
x1=1021 x2=1017 y1= 279 y2= 313 p1=1023 p2=   0 tnt1=1021 tnt2=1018 S=U X= 23 Y= 30 P=1306 LP= 10    0,   0
x1=1023 x2=1023 y1= 276 y2= 321 p1=1023 p2=   0 tnt1=1021 tnt2=1023 S=U X= 23 Y= 30 P=1306 LP= 10    0,   0
x1=1021 x2=1016 y1= 275 y2= 309 p1=1023 p2=   0 tnt1=1006 tnt2=1023 S=U X= 23 Y= 30 P=1306 LP= 10    0,   0
x1=1019 x2=1016 y1= 280 y2= 314 p1=1023 p2=   0 tnt1=1006 tnt2=1023 S=U X= 23 Y= 30 P=1306 LP= 10    0,   0
x1=1023 x2=1023 y1= 279 y2= 315 p1=1023 p2=   0 tnt1=1021 tnt2=1018 S=U X= 23 Y= 30 P=1306 LP= 10    0,   0
x1=1023 x2=1023 y1= 280 y2= 314 p1=1023 p2=   0 tnt1=1022 tnt2=1023 S=U X= 23 Y= 30 P=1306 LP= 10    0,   0
x1=1023 x2=1023 y1= 275 y2= 309 p1=1023 p2=   0 tnt1=1021 tnt2=1023 S=U X= 23 Y= 30 P=1306 LP= 10    0,   0
x1=1021 x2=1015 y1= 278 y2= 313 p1=1023 p2=   0 tnt1=1006 tnt2=1008 S=U X= 23 Y= 30 P=1306 LP= 10    0,   0
x1=1021 x2=1016 y1= 277 y2= 324 p1=1023 p2=   0 tnt1=1018 tnt2=1023 S=U X= 23 Y= 30 P=1306 LP= 10    0,   0
x1=1021 x2=1018 y1= 278 y2= 313 p1=1023 p2=   0 tnt1=1006 tnt2=1016 S=U X= 23 Y= 30 P=1306 LP= 10    0,   0
x1=1021 x2=1016 y1= 280 y2= 315 p1=1023 p2=   0 tnt1=1007 tnt2=1008 S=U X= 23 Y= 30 P=1306 LP= 10    0,   0
x1=1021 x2=1015 y1= 282 y2= 312 p1=1023 p2=   0 tnt1=1005 tnt2=1022 S=U X= 23 Y= 30 P=1306 LP= 10    0,   0
x1=1019 x2=1016 y1= 271 y2= 316 p1=1023 p2=   0 tnt1=1022 tnt2=1023 S=U X= 23 Y= 30 P=1306 LP= 10    0,   0
x1=1021 x2=1015 y1= 277 y2= 310 p1=1023 p2=   0 tnt1=1007 tnt2=1023 S=U X= 23 Y= 30 P=1306 LP= 10    0,   0
x1=1023 x2=1023 y1= 281 y2= 315 p1=1023 p2=   0 tnt1=1021 tnt2=1023 S=U X= 23 Y= 30 P=1306 LP= 10    0,   0
x1=1022 x2=1017 y1= 279 y2= 313 p1=1023 p2=   0 tnt1=1006 tnt2=1023 S=U X= 23 Y= 30 P=1306 LP= 10    0,   0
x1=1023 x2=1018 y1= 280 y2= 326 p1=1023 p2=   0 tnt1=1022 tnt2=1023 S=U X= 23 Y= 30 P=1306 LP= 10    0,   0
x1=1021 x2=1017 y1= 277 y2= 312 p1=1023 p2=   0 tnt1=1006 tnt2=1008 S=U X= 23 Y= 30 P=1306 LP= 10    0,   0
x1=1021 x2=1016 y1= 279 y2= 322 p1=1023 p2=   0 tnt1=1006 tnt2=1009 S=U X= 23 Y= 30 P=1306 LP= 10    0,   0
x1=1017 x2=1007 y1= 281 y2= 350 p1=1023 p2=   0 tnt1=1007 tnt2=1023 S=U X= 23 Y= 30 P=1306 LP= 10    0,   0
x1=1023 x2=1023 y1= 278 y2= 322 p1=1023 p2=   0 tnt1=1021 tnt2=1018 S=U X= 23 Y= 30 P=1306 LP= 10    0,   0
x1=1023 x2=1023 y1= 277 y2= 345 p1=1023 p2=   0 tnt1=1021 tnt2=1017 S=U X= 23 Y= 30 P=1306 LP= 10    0,   0
x1=1021 x2=1016 y1= 281 y2= 324 p1=1023 p2=   0 tnt1=1006 tnt2=1008 S=U X= 23 Y= 30 P=1306 LP= 10    0,   0
x1=1022 x2=1017 y1= 279 y2= 315 p1=1023 p2=   0 tnt1=1021 tnt2=1023 S=U X= 23 Y= 30 P=1306 LP= 10    0,   0
x1=1023 x2=1023 y1= 280 y2= 330 p1=1023 p2=   0 tnt1=1021 tnt2=1023 S=U X= 23 Y= 30 P=1306 LP= 10    0,   0
x1=1021 x2=1016 y1= 276 y2= 318 p1=1023 p2=   0 tnt1=1005 tnt2=1010 S=U X= 23 Y= 30 P=1306 LP= 10    0,   0
x1=1022 x2=1016 y1= 279 y2= 313 p1=1023 p2=   0 tnt1=1006 tnt2=1023 S=U X= 23 Y= 30 P=1306 LP= 10    0,   0
x1=1021 x2=1017 y1= 278 y2= 311 p1=1022 p2=   0 tnt1=1006 tnt2=1016 S=U X= 23 Y= 30 P=1306 LP= 10    0,   0
x1=1020 x2=1016 y1= 276 y2= 310 p1=1023 p2=   0 tnt1=1006 tnt2=1023 S=U X= 23 Y= 30 P=1306 LP= 10    0,   0
x1=1021 x2=1016 y1= 280 y2= 313 p1=1023 p2=   0 tnt1=1007 tnt2=1023 S=U X= 23 Y= 30 P=1306 LP= 10    0,   0
x1=1023 x2=1023 y1= 282 y2= 326 p1=1020 p2=   0 tnt1=1021 tnt2=1009 S=U X= 23 Y= 30 P=1306 LP= 10    0,   0
x1=1023 x2=1023 y1= 278 y2= 323 p1=1023 p2=   0 tnt1=1019 tnt2=1023 S=U X= 23 Y= 30 P=1306 LP= 10    0,   0
x1=1021 x2=1023 y1= 277 y2= 321 p1=1021 p2=   0 tnt1=1014 tnt2=1018 S=U X= 23 Y= 30 P=1306 LP= 10    0,   0
x1=1023 x2=1023 y1= 281 y2= 324 p1=1023 p2=   0 tnt1=1021 tnt2=1023 S=U X= 23 Y= 30 P=1306 LP= 10    0,   0
x1=1023 x2=1023 y1= 280 y2= 323 p1=1023 p2=   0 tnt1=1021 tnt2=1018 S=U X= 23 Y= 30 P=1306 LP= 10    0,   0
x1=1023 x2=1023 y1= 281 y2= 325 p1=1023 p2=   0 tnt1=1022 tnt2=1023 S=U X= 23 Y= 30 P=1306 LP= 10    0,   0
x1=1023 x2=1023 y1= 279 y2= 322 p1=1023 p2=   0 tnt1=1022 tnt2=1023 S=U X= 23 Y= 30 P=1306 LP= 10    0,   0
x1=1023 x2=1019 y1= 284 y2= 429 p1=1023 p2=   0 tnt1=1006 tnt2=1023 S=U X= 23 Y= 30 P=1306 LP= 10    0,   0
x1=1023 x2=1023 y1= 279 y2= 363 p1=1020 p2=   0 tnt1=1022 tnt2=1017 S=U X= 23 Y= 30 P=1306 LP= 10    0,   0
x1=1023 x2=1023 y1= 278 y2= 372 p1=1023 p2=   0 tnt1=1021 tnt2=1020 S=U X= 23 Y= 30 P=1306 LP= 10    0,   0
x1=1023 x2=1017 y1= 277 y2= 311 p1=1023 p2=   0 tnt1=1007 tnt2=1023 S=U X= 23 Y= 30 P=1306 LP= 10    0,   0
x1=1020 x2=1017 y1= 281 y2= 316 p1=1023 p2=   0 tnt1=1006 tnt2=1023 S=U X= 23 Y= 30 P=1306 LP= 10    0,   0
x1=1023 x2=1023 y1= 279 y2= 416 p1=1023 p2=   0 tnt1=1021 tnt2=1023 S=U X= 23 Y= 30 P=1306 LP= 10    0,   0
x1=1021 x2=1016 y1= 278 y2= 320 p1=1023 p2=   0 tnt1=1006 tnt2=1010 S=U X= 23 Y= 30 P=1306 LP= 10    0,   0
x1=1020 x2=1017 y1= 280 y2= 314 p1=1023 p2=   0 tnt1=1006 tnt2=1023 S=U X= 23 Y= 30 P=1306 LP= 10    0,   0
x1=1023 x2=1023 y1= 279 y2= 343 p1=1023 p2=   0 tnt1=1006 tnt2=1017 S=U X= 23 Y= 30 P=1306 LP= 10    0,   0
x1=1021 x2=1017 y1= 277 y2= 339 p1=1023 p2=   0 tnt1=1007 tnt2=1023 S=U X= 23 Y= 30 P=1306 LP= 10    0,   0
x1=1023 x2=1023 y1= 282 y2= 346 p1=1023 p2=   0 tnt1=1022 tnt2=1018 S=U X= 23 Y= 30 P=1306 LP= 10    0,   0
x1=1023 x2=1014 y1= 272 y2= 306 p1=1023 p2=   0 tnt1=1021 tnt2=1023 S=U X= 23 Y= 30 P=1306 LP= 10    0,   0
x1=1021 x2=1016 y1= 279 y2= 322 p1=1023 p2=   0 tnt1=1006 tnt2=1008 S=U X= 23 Y= 30 P=1306 LP= 10    0,   0
x1=1020 x2=1021 y1= 281 y2= 324 p1=1022 p2=   0 tnt1=1005 tnt2=1016 S=U X= 23 Y= 30 P=1306 LP= 10    0,   0
x1=1023 x2=1023 y1= 278 y2= 312 p1=1023 p2=   0 tnt1=1021 tnt2=1019 S=U X= 23 Y= 30 P=1306 LP= 10    0,   0
x1=1022 x2=1023 y1= 279 y2= 312 p1=1017 p2=   0 tnt1=1007 tnt2=1018 S=U X= 23 Y= 30 P=1306 LP= 10    0,   0
x1=1023 x2=1023 y1= 279 y2= 322 p1=1023 p2=   0 tnt1=1022 tnt2=1023 S=U X= 23 Y= 30 P=1306 LP= 10    0,   0
x1=1023 x2=1023 y1= 281 y2= 349 p1=1023 p2=   0 tnt1=1006 tnt2=1012 S=U X= 23 Y= 30 P=1306 LP= 10    0,   0
x1=1023 x2=1023 y1= 279 y2= 346 p1=1023 p2=   0 tnt1=1022 tnt2=1018 S=U X= 23 Y= 30 P=1306 LP= 10    0,   0
x1=1023 x2=1023 y1= 275 y2= 343 p1=1023 p2=   0 tnt1=1022 tnt2=1017 S=U X= 23 Y= 30 P=1306 LP= 10    0,   0
x1=1023 x2=1023 y1= 282 y2= 317 p1=1023 p2=   0 tnt1=1022 tnt2=1018 S=U X= 23 Y= 30 P=1306 LP= 10    0,   0
x1=1020 x2=1016 y1= 282 y2= 317 p1=1023 p2=   0 tnt1=1006 tnt2=1009 S=U X= 23 Y= 30 P=1306 LP= 10    0,   0
x1=1023 x2=1023 y1= 275 y2= 321 p1=1023 p2=   0 tnt1=1022 tnt2=1018 S=U X= 23 Y= 30 P=1306 LP= 10    0,   0
x1=1021 x2=1016 y1= 278 y2= 321 p1=1023 p2=   0 tnt1=1007 tnt2=1009 S=U X= 23 Y= 30 P=1306 LP= 10    0,   0
x1=1023 x2=1018 y1= 299 y2= 330 p1=1021 p2=   0 tnt1=1022 tnt2=1015 S=U X= 23 Y= 30 P=1306 LP= 10    0,   0
x1=1023 x2=1018 y1= 295 y2= 326 p1=1023 p2=   0 tnt1=1007 tnt2=1023 S=U X= 23 Y= 30 P=1306 LP= 10    0,   0
x1=1021 x2=1023 y1= 293 y2= 324 p1=1023 p2=   0 tnt1=1006 tnt2=1023 S=U X= 23 Y= 30 P=1306 LP= 10    0,   0
x1=1020 x2=1023 y1= 296 y2= 328 p1=1023 p2=   0 tnt1=1021 tnt2=1023 S=U X= 23 Y= 30 P=1306 LP= 10    0,   0
x1= 641 x2= 647 y1= 495 y2= 539 p1= 904 p2= 345 tnt1=  35 tnt2=  40 S=D X=472 Y=233 P=1043 LP= 10  449, 203
x1= 636 x2= 654 y1= 510 y2= 549 p1= 903 p2= 349 tnt1=  23 tnt2=  48 S=^ X=472 Y=233 P=1043 LP= 10    0,   0
x1= 633 x2= 660 y1= 514 y2= 552 p1= 901 p2= 357 tnt1=  25 tnt2=  50 S=^ X=472 Y=233 P=1043 LP= 10    0,   0
x1= 646 x2= 644 y1= 531 y2= 560 p1= 891 p2= 386 tnt1=  29 tnt2=  28 S=D X=473 Y=249 P= 843 LP= 10    1,  16
x1= 647 x2= 647 y1= 541 y2= 564 p1= 868 p2= 428 tnt1=  21 tnt2=  22 S=D X=475 Y=253 P= 665 LP= 10    2,   4
x1= 644 x2= 650 y1= 541 y2= 565 p1= 873 p2= 439 tnt1=  16 tnt2=  22 S=D X=475 Y=253 P= 639 LP= 20    0,   0
x1= 640 x2= 657 y1= 540 y2= 564 p1= 878 p2= 443 tnt1=  23 tnt2=  23 S=D X=476 Y=253 P= 635 LP= 20    1,   0
x1= 644 x2= 653 y1= 539 y2= 567 p1= 873 p2= 447 tnt1=  10 tnt2=  23 S=D X=476 Y=253 P= 617 LP= 20    0,   0
x1= 644 x2= 647 y1= 541 y2= 567 p1= 870 p2= 448 tnt1=  20 tnt2=  23 S=D X=473 Y=254 P= 606 LP= 20   -3,   1
x1= 647 x2= 654 y1= 541 y2= 569 p1= 870 p2= 448 tnt1=   9 tnt2=  22 S=D X=477 Y=254 P= 611 LP= 20    4,   0
x1= 648 x2= 657 y1= 543 y2= 571 p1= 869 p2= 450 tnt1=  21 tnt2=  22 S=D X=479 Y=255 P= 607 LP= 20    2,   1
x1= 644 x2= 647 y1= 542 y2= 567 p1= 869 p2= 454 tnt1=  11 tnt2=  30 S=D X=473 Y=254 P= 589 LP= 30   -6,  -1
x1= 647 x2= 654 y1= 543 y2= 571 p1= 868 p2= 453 tnt1=  10 tnt2=  21 S=D X=477 Y=255 P= 595 LP= 30    4,   1
x1= 641 x2= 641 y1= 543 y2= 566 p1= 868 p2= 452 tnt1=  10 tnt2=  19 S=D X=470 Y=254 P= 589 LP= 30   -7,  -1
x1= 647 x2= 651 y1= 545 y2= 574 p1= 869 p2= 451 tnt1=  16 tnt2=  28 S=D X=476 Y=257 P= 600 LP= 20    6,   3
x1= 654 x2= 653 y1= 544 y2= 570 p1= 869 p2= 451 tnt1=  16 tnt2=  16 S=D X=480 Y=255 P= 604 LP= 20    4,  -2
x1= 639 x2= 650 y1= 543 y2= 567 p1= 864 p2= 452 tnt1=  17 tnt2=  19 S=D X=472 Y=254 P= 586 LP= 30   -8,  -1
x1= 642 x2= 643 y1= 544 y2= 570 p1= 868 p2= 452 tnt1=  15 tnt2=  20 S=D X=471 Y=255 P= 590 LP= 30   -1,   1
x1= 648 x2= 655 y1= 543 y2= 571 p1= 868 p2= 453 tnt1=  16 tnt2=  22 S=D X=478 Y=255 P= 596 LP= 30    7,   0
x1= 650 x2= 659 y1= 543 y2= 571 p1= 868 p2= 453 tnt1=   8 tnt2=  21 S=D X=480 Y=255 P= 599 LP= 20    2,   0
x1= 644 x2= 647 y1= 543 y2= 568 p1= 869 p2= 452 tnt1=  15 tnt2=  20 S=D X=473 Y=254 P= 594 LP= 30   -7,  -1
x1= 644 x2= 649 y1= 543 y2= 570 p1= 868 p2= 454 tnt1=  20 tnt2=  25 S=D X=474 Y=255 P= 588 LP= 30    1,   1
x1= 648 x2= 652 y1= 543 y2= 568 p1= 867 p2= 453 tnt1=  12 tnt2=  14 S=D X=477 Y=254 P= 593 LP= 30    3,  -1
x1= 645 x2= 653 y1= 543 y2= 571 p1= 868 p2= 454 tnt1=  15 tnt2=  19 S=D X=476 Y=255 P= 591 LP= 30   -1,   1
x1= 645 x2= 657 y1= 544 y2= 570 p1= 868 p2= 454 tnt1=  16 tnt2=  14 S=D X=478 Y=255 P= 593 LP= 30    2,   0
x1= 646 x2= 642 y1= 542 y2= 567 p1= 866 p2= 455 tnt1=  15 tnt2=  19 S=D X=472 Y=254 P= 581 LP= 30   -6,  -1
x1= 650 x2= 657 y1= 543 y2= 570 p1= 869 p2= 455 tnt1=  16 tnt2=  20 S=D X=480 Y=255 P= 593 LP= 30    8,   1
x1= 647 x2= 652 y1= 544 y2= 570 p1= 867 p2= 452 tnt1=   6 tnt2=  11 S=D X=476 Y=255 P= 595 LP= 30   -4,   0
x1= 644 x2= 648 y1= 544 y2= 571 p1= 868 p2= 453 tnt1=  24 tnt2=  26 S=D X=474 Y=255 P= 591 LP= 30   -2,   0
x1= 644 x2= 648 y1= 538 y2= 566 p1= 885 p2= 422 tnt1=  18 tnt2=  29 S=D X=474 Y=253 P= 708 LP= 10    0,  -2
x1= 571 x2= 652 y1= 444 y2= 507 p1= 932 p2= 265 tnt1=  80 tnt2=  93 S=^ X=474 Y=253 P= 708 LP= 10    0,   0
x1=1023 x2=1015 y1= 280 y2= 321 p1=1022 p2=   0 tnt1=1005 tnt2=1023 S=U X=474 Y=253 P= 708 LP= 10    0,   0
x1=1023 x2=1023 y1= 281 y2= 321 p1=1023 p2=   0 tnt1=1005 tnt2=1018 S=U X=474 Y=253 P= 708 LP= 10    0,   0
x1=1019 x2=1023 y1= 280 y2= 315 p1=1023 p2=   0 tnt1=1005 tnt2=1023 S=U X=474 Y=253 P= 708 LP= 10    0,   0
x1=1019 x2=1017 y1= 276 y2= 308 p1=1020 p2=   0 tnt1=1004 tnt2=1015 S=U X=474 Y=253 P= 708 LP= 10    0,   0
x1=1023 x2=1023 y1= 280 y2= 314 p1=1023 p2=   0 tnt1=1005 tnt2=1018 S=U X=474 Y=253 P= 708 LP= 10    0,   0
x1=1023 x2=1016 y1= 277 y2= 318 p1=1023 p2=   0 tnt1=1004 tnt2=1023 S=U X=474 Y=253 P= 708 LP= 10    0,   0
x1=1023 x2=1023 y1= 279 y2= 324 p1=1023 p2=   0 tnt1=1020 tnt2=1023 S=U X=474 Y=253 P= 708 LP= 10    0,   0
x1=1020 x2=1017 y1= 275 y2= 306 p1=1023 p2=   0 tnt1=1004 tnt2=1023 S=U X=474 Y=253 P= 708 LP= 10    0,   0
x1=1023 x2=1023 y1= 281 y2= 325 p1=1023 p2=   0 tnt1=1021 tnt2=1023 S=U X=474 Y=253 P= 708 LP= 10    0,   0
x1=1019 x2=1014 y1= 276 y2= 340 p1=1023 p2=   0 tnt1=1005 tnt2=1023 S=U X=474 Y=253 P= 708 LP= 10    0,   0
x1=1023 x2=1016 y1= 280 y2= 344 p1=1023 p2=   0 tnt1=1020 tnt2=1020 S=U X=474 Y=253 P= 708 LP= 10    0,   0
x1=1023 x2=1023 y1= 275 y2= 312 p1=1023 p2=   0 tnt1=1022 tnt2=1019 S=U X=474 Y=253 P= 708 LP= 10    0,   0
x1=1023 x2=1017 y1= 277 y2= 311 p1=1023 p2=   0 tnt1=1005 tnt2=1023 S=U X=474 Y=253 P= 708 LP= 10    0,   0
x1=1020 x2=1016 y1= 281 y2= 317 p1=1023 p2=   0 tnt1=1006 tnt2=1008 S=U X=474 Y=253 P= 708 LP= 10    0,   0
x1=1020 x2=1016 y1= 275 y2= 306 p1=1023 p2=   0 tnt1=1006 tnt2=1023 S=U X=474 Y=253 P= 708 LP= 10    0,   0
x1=1020 x2=1017 y1= 281 y2= 313 p1=1021 p2=   0 tnt1=1005 tnt2=1016 S=U X=474 Y=253 P= 708 LP= 10    0,   0
x1=1020 x2=1016 y1= 281 y2= 315 p1=1023 p2=   0 tnt1=1006 tnt2=1010 S=U X=474 Y=253 P= 708 LP= 10    0,   0
x1=1020 x2=1023 y1= 283 y2= 353 p1=1023 p2=   0 tnt1=1021 tnt2=1022 S=U X=474 Y=253 P= 708 LP= 10    0,   0
x1=1023 x2=1023 y1= 280 y2= 314 p1=1023 p2=   0 tnt1=1021 tnt2=1018 S=U X=474 Y=253 P= 708 LP= 10    0,   0
x1=1023 x2=1023 y1= 282 y2= 326 p1=1022 p2=   0 tnt1=1020 tnt2=1017 S=U X=474 Y=253 P= 708 LP= 10    0,   0
x1=1020 x2=1016 y1= 279 y2= 326 p1=1023 p2=   0 tnt1=1006 tnt2=1010 S=U X=474 Y=253 P= 708 LP= 10    0,   0
x1= 565 x2= 656 y1= 294 y2= 337 p1=1023 p2=   0 tnt1=  44 tnt2= 306 S=V X=474 Y=253 P= 708 LP= 10    0,   0
x1= 623 x2= 656 y1= 485 y2= 541 p1= 916 p2= 312 tnt1=  28 tnt2=  56 S=V X=474 Y=253 P= 708 LP= 10    0,   0
x1= 638 x2= 649 y1= 511 y2= 554 p1= 915 p2= 329 tnt1=  37 tnt2=  59 S=V X=474 Y=253 P= 708 LP= 10    0,   0
x1= 642 x2= 655 y1= 534 y2= 566 p1= 892 p2= 387 tnt1=  22 tnt2=  35 S=D X=476 Y=252 P= 844 LP= 10    2,  -1
x1= 645 x2= 653 y1= 541 y2= 574 p1= 880 p2= 425 tnt1=  27 tnt2=  26 S=D X=476 Y=255 P= 694 LP= 10    0,   3
x1= 631 x2= 640 y1= 544 y2= 570 p1= 874 p2= 434 tnt1=   8 tnt2=  27 S=D X=465 Y=255 P= 643 LP= 20  -11,   0
x1= 635 x2= 641 y1= 543 y2= 570 p1= 872 p2= 441 tnt1=  15 tnt2=  25 S=D X=468 Y=255 P= 623 LP= 20    3,   0
x1= 641 x2= 644 y1= 546 y2= 578 p1= 871 p2= 446 tnt1=  17 tnt2=  11 S=D X=471 Y=258 P= 611 LP= 20    3,   3
x1= 645 x2= 644 y1= 546 y2= 571 p1= 873 p2= 453 tnt1=  17 tnt2=  20 S=D X=472 Y=256 P= 596 LP= 30    1,  -2
x1= 631 x2= 645 y1= 547 y2= 574 p1= 864 p2= 455 tnt1=  16 tnt2=  18 S=D X=468 Y=257 P= 572 LP= 30   -4,   1
x1= 645 x2= 644 y1= 547 y2= 571 p1= 871 p2= 457 tnt1=  14 tnt2=  20 S=D X=472 Y=257 P= 582 LP= 30    4,   0
x1= 640 x2= 646 y1= 548 y2= 574 p1= 867 p2= 458 tnt1=  15 tnt2=  15 S=D X=472 Y=258 P= 574 LP= 30    0,   1
x1= 642 x2= 650 y1= 548 y2= 571 p1= 868 p2= 458 tnt1=  17 tnt2=  21 S=D X=474 Y=257 P= 578 LP= 30    2,  -1
x1= 648 x2= 654 y1= 548 y2= 578 p1= 865 p2= 458 tnt1=   6 tnt2=  14 S=D X=478 Y=259 P= 578 LP= 30    4,   2
x1= 642 x2= 648 y1= 545 y2= 574 p1= 866 p2= 459 tnt1=  16 tnt2=  19 S=D X=473 Y=257 P= 571 LP= 30   -5,  -2
x1= 634 x2= 642 y1= 549 y2= 576 p1= 866 p2= 461 tnt1=  21 tnt2=  26 S=D X=468 Y=258 P= 560 LP= 30   -5,   1
x1= 640 x2= 644 y1= 548 y2= 575 p1= 866 p2= 460 tnt1=  14 tnt2=  20 S=D X=471 Y=258 P= 566 LP= 30    3,   0
x1= 649 x2= 644 y1= 549 y2= 576 p1= 867 p2= 459 tnt1=  23 tnt2=  19 S=D X=474 Y=258 P= 573 LP= 30    3,   0
x1= 639 x2= 645 y1= 545 y2= 570 p1= 866 p2= 456 tnt1=  15 tnt2=   9 S=D X=471 Y=255 P= 577 LP= 30   -3,  -3
x1= 644 x2= 651 y1= 547 y2= 571 p1= 866 p2= 460 tnt1=  22 tnt2=  20 S=D X=475 Y=257 P= 570 LP= 30    4,   2
x1= 638 x2= 645 y1= 549 y2= 573 p1= 866 p2= 461 tnt1=  25 tnt2=  19 S=D X=470 Y=258 P= 562 LP= 30   -5,   1
x1= 639 x2= 639 y1= 549 y2= 573 p1= 865 p2= 462 tnt1=  14 tnt2=  19 S=D X=468 Y=258 P= 557 LP= 30   -2,   0
x1= 641 x2= 645 y1= 548 y2= 571 p1= 864 p2= 464 tnt1=  13 tnt2=  21 S=D X=472 Y=257 P= 554 LP= 30    4,  -1
x1= 644 x2= 646 y1= 548 y2= 572 p1= 863 p2= 464 tnt1=  14 tnt2=  18 S=D X=473 Y=257 P= 554 LP= 30    1,   0
x1= 646 x2= 645 y1= 548 y2= 571 p1= 864 p2= 464 tnt1=  10 tnt2=  16 S=D X=473 Y=257 P= 555 LP= 30    0,   0
x1= 645 x2= 651 y1= 551 y2= 576 p1= 864 p2= 465 tnt1=  16 tnt2=  23 S=D X=476 Y=259 P= 555 LP= 30    3,   2
x1= 640 x2= 643 y1= 548 y2= 572 p1= 864 p2= 466 tnt1=  13 tnt2=  28 S=D X=470 Y=257 P= 547 LP= 40   -6,  -2
x1= 642 x2= 647 y1= 549 y2= 574 p1= 864 p2= 463 tnt1=   6 tnt2=  12 S=D X=472 Y=258 P= 557 LP= 30    2,   1
x1= 641 x2= 645 y1= 549 y2= 573 p1= 864 p2= 463 tnt1=  18 tnt2=  15 S=D X=472 Y=258 P= 556 LP= 30    0,   0
x1= 640 x2= 644 y1= 547 y2= 571 p1= 865 p2= 463 tnt1=  19 tnt2=  22 S=D X=471 Y=257 P= 557 LP= 30   -1,  -1
x1= 641 x2= 647 y1= 548 y2= 570 p1= 865 p2= 462 tnt1=  13 tnt2=  25 S=D X=472 Y=257 P= 561 LP= 30    1,   0
x1= 643 x2= 647 y1= 548 y2= 576 p1= 865 p2= 459 tnt1=  13 tnt2=  17 S=D X=473 Y=258 P= 570 LP= 30    1,   1
x1= 638 x2= 644 y1= 536 y2= 571 p1= 890 p2= 408 tnt1=  13 tnt2=  18 S=D X=470 Y=253 P= 757 LP= 10   -3,  -5
x1= 636 x2= 649 y1= 531 y2= 575 p1= 896 p2= 374 tnt1=  28 tnt2=  34 S=D X=471 Y=253 P= 895 LP= 10    1,   0
x1= 965 x2= 974 y1= 281 y2= 315 p1=1023 p2=   0 tnt1= 633 tnt2=1008 S=U X=471 Y=253 P= 895 LP= 10    0,   0
x1=1023 x2=1023 y1= 279 y2= 322 p1=1023 p2=   0 tnt1=1018 tnt2=1017 S=U X=471 Y=253 P= 895 LP= 10    0,   0
x1=1016 x2=1023 y1= 281 y2= 320 p1=1017 p2=   0 tnt1=1020 tnt2=1020 S=U X=471 Y=253 P= 895 LP= 10    0,   0
x1=1023 x2=1023 y1= 280 y2= 314 p1=1023 p2=   0 tnt1=1021 tnt2=1023 S=U X=471 Y=253 P= 895 LP= 10    0,   0
x1=1023 x2=1023 y1= 286 y2= 330 p1=1023 p2=   0 tnt1=1005 tnt2=1023 S=U X=471 Y=253 P= 895 LP= 10    0,   0
x1=1019 x2=1015 y1= 278 y2= 312 p1=1023 p2=   0 tnt1=1005 tnt2=1023 S=U X=471 Y=253 P= 895 LP= 10    0,   0
x1=1023 x2=1023 y1= 278 y2= 310 p1=1023 p2=   0 tnt1=1005 tnt2=1018 S=U X=471 Y=253 P= 895 LP= 10    0,   0
x1=1023 x2=1015 y1= 277 y2= 323 p1=1023 p2=   0 tnt1=1020 tnt2=1017 S=U X=471 Y=253 P= 895 LP= 10    0,   0
x1=1023 x2=1016 y1= 279 y2= 313 p1=1023 p2=   0 tnt1=1021 tnt2=1023 S=U X=471 Y=253 P= 895 LP= 10    0,   0
x1=1019 x2=1023 y1= 280 y2= 315 p1=1021 p2=   0 tnt1=1005 tnt2=1017 S=U X=471 Y=253 P= 895 LP= 10    0,   0
x1=1023 x2=1015 y1= 280 y2= 313 p1=1023 p2=   0 tnt1=1021 tnt2=1010 S=U X=471 Y=253 P= 895 LP= 10    0,   0
x1=1023 x2=1023 y1= 281 y2= 327 p1=1023 p2=   0 tnt1=1020 tnt2=1018 S=U X=471 Y=253 P= 895 LP= 10    0,   0
x1=1021 x2=1023 y1= 281 y2= 315 p1=1023 p2=   0 tnt1=1006 tnt2=1018 S=U X=471 Y=253 P= 895 LP= 10    0,   0
x1=1021 x2=1016 y1= 272 y2= 306 p1=1023 p2=   0 tnt1=1006 tnt2=1023 S=U X=471 Y=253 P= 895 LP= 10    0,   0
x1=1018 x2=1014 y1= 280 y2= 355 p1=1023 p2=   0 tnt1=1005 tnt2=1023 S=U X=471 Y=253 P= 895 LP= 10    0,   0
x1=1020 x2=1015 y1= 280 y2= 309 p1=1023 p2=   0 tnt1=1006 tnt2=1023 S=U X=471 Y=253 P= 895 LP= 10    0,   0
x1=1023 x2=1017 y1= 275 y2= 306 p1=1023 p2=   0 tnt1=1021 tnt2=1023 S=U X=471 Y=253 P= 895 LP= 10    0,   0
x1=1023 x2=1018 y1= 280 y2= 325 p1=1023 p2=   0 tnt1=1006 tnt2=1023 S=U X= 13 Y= 23 P=1127 LP= 10    0,   0
x1=1023 x2=1023 y1= 279 y2= 323 p1=1022 p2=   0 tnt1=1021 tnt2=1009 S=U X= 13 Y= 23 P=1127 LP= 10    0,   0
x1=1021 x2=1016 y1= 279 y2= 323 p1=1023 p2=   0 tnt1=1021 tnt2=1023 S=U X= 13 Y= 23 P=1127 LP= 10    0,   0
x1=1019 x2=1023 y1= 279 y2= 371 p1=1023 p2=   0 tnt1=1007 tnt2=1018 S=U X= 13 Y= 23 P=1127 LP= 10    0,   0
x1=1023 x2=1017 y1= 279 y2= 313 p1=1023 p2=   0 tnt1=1006 tnt2=1023 S=U X= 13 Y= 23 P=1127 LP= 10    0,   0
x1=1023 x2=1023 y1= 280 y2= 314 p1=1023 p2=   0 tnt1=1022 tnt2=1018 S=U X= 13 Y= 23 P=1127 LP= 10    0,   0
x1=1023 x2=1023 y1= 278 y2= 313 p1=1023 p2=   0 tnt1=1020 tnt2=1023 S=U X= 13 Y= 23 P=1127 LP= 10    0,   0
x1=1023 x2=1023 y1= 281 y2= 326 p1=1023 p2=   0 tnt1=1021 tnt2=1018 S=U X= 13 Y= 23 P=1127 LP= 10    0,   0
x1=1023 x2=1023 y1= 281 y2= 316 p1=1023 p2=   0 tnt1=1021 tnt2=1023 S=U X= 13 Y= 23 P=1127 LP= 10    0,   0
x1=1021 x2=1023 y1= 280 y2= 334 p1=1023 p2=   0 tnt1=1022 tnt2=1018 S=U X= 13 Y= 23 P=1127 LP= 10    0,   0
x1=1020 x2=1016 y1= 276 y2= 313 p1=1023 p2=   0 tnt1=1022 tnt2=1023 S=U X= 13 Y= 23 P=1127 LP= 10    0,   0
x1=1020 x2=1016 y1= 280 y2= 325 p1=1023 p2=   0 tnt1=1021 tnt2=1023 S=U X= 13 Y= 23 P=1127 LP= 10    0,   0
x1=1021 x2=1017 y1= 280 y2= 323 p1=1023 p2=   0 tnt1=1007 tnt2=1023 S=U X= 13 Y= 23 P=1127 LP= 10    0,   0
x1=1023 x2=1023 y1= 280 y2= 312 p1=1023 p2=   0 tnt1=1021 tnt2=1023 S=U X= 13 Y= 23 P=1127 LP= 10    0,   0
x1=1023 x2=1017 y1= 274 y2= 307 p1=1023 p2=   0 tnt1=1006 tnt2=1023 S=U X= 13 Y= 23 P=1127 LP= 10    0,   0
x1=1023 x2=1017 y1= 278 y2= 312 p1=1023 p2=   0 tnt1=1007 tnt2=1023 S=U X= 13 Y= 23 P=1127 LP= 10    0,   0
x1=1021 x2=1016 y1= 279 y2= 313 p1=1023 p2=   0 tnt1=1006 tnt2=1010 S=U X= 13 Y= 23 P=1127 LP= 10    0,   0
x1=1023 x2=1017 y1= 277 y2= 322 p1=1023 p2=   0 tnt1=1006 tnt2=1023 S=U X= 13 Y= 23 P=1127 LP= 10    0,   0
x1=1023 x2=1023 y1= 277 y2= 313 p1=1023 p2=   0 tnt1=1006 tnt2=1018 S=U X= 13 Y= 23 P=1127 LP= 10    0,   0
x1=1023 x2=1023 y1= 281 y2= 325 p1=1023 p2=   0 tnt1=1006 tnt2=1019 S=U X= 13 Y= 23 P=1127 LP= 10    0,   0
x1=1023 x2=1015 y1= 297 y2= 350 p1=1023 p2=   0 tnt1=1023 tnt2=1021 S=U X= 13 Y= 23 P=1127 LP= 10    0,   0
x1=1023 x2=1023 y1= 282 y2= 318 p1=1023 p2=   0 tnt1=1022 tnt2=1019 S=U X= 13 Y= 23 P=1127 LP= 10    0,   0
x1=1023 x2=1017 y1= 280 y2= 324 p1=1023 p2=   0 tnt1=1017 tnt2=1023 S=U X= 13 Y= 23 P=1127 LP= 10    0,   0
x1=1023 x2=1023 y1= 281 y2= 325 p1=1023 p2=   0 tnt1=1022 tnt2=1018 S=U X= 13 Y= 23 P=1127 LP= 10    0,   0
x1=1023 x2=1023 y1= 281 y2= 328 p1=1023 p2=   0 tnt1=1022 tnt2=1023 S=U X= 13 Y= 23 P=1127 LP= 10    0,   0
x1=1023 x2=1023 y1= 282 y2= 324 p1=1023 p2=   0 tnt1=1020 tnt2=1019 S=U X= 13 Y= 23 P=1127 LP= 10    0,   0
x1=1023 x2=1023 y1= 282 y2= 323 p1=1023 p2=   0 tnt1=1023 tnt2=1023 S=U X= 13 Y= 23 P=1127 LP= 10    0,   0
x1=1018 x2=1023 y1= 282 y2= 370 p1=1023 p2=   0 tnt1=1007 tnt2=1018 S=U X= 13 Y= 23 P=1127 LP= 10    0,   0
x1=1023 x2=1023 y1= 282 y2= 327 p1=1023 p2=   0 tnt1=1022 tnt2=1006 S=U X= 13 Y= 23 P=1127 LP= 10    0,   0
x1=1022 x2=1015 y1= 276 y2= 320 p1=1023 p2=   0 tnt1=1023 tnt2=1019 S=U X= 13 Y= 23 P=1127 LP= 10    0,   0
x1=1023 x2=1023 y1= 279 y2= 324 p1=1023 p2=   0 tnt1=1010 tnt2=1023 S=U X= 13 Y= 23 P=1127 LP= 10    0,   0
x1=1021 x2=1017 y1= 277 y2= 312 p1=1023 p2=   0 tnt1=1006 tnt2=1023 S=U X= 13 Y= 23 P=1127 LP= 10    0,   0
x1=1021 x2=1017 y1= 374 y2= 430 p1=1023 p2=   0 tnt1=1006 tnt2=1023 S=U X= 13 Y= 23 P=1127 LP= 10    0,   0
x1=1020 x2=1016 y1= 274 y2= 308 p1=1023 p2=   0 tnt1=1006 tnt2=1009 S=U X= 13 Y= 23 P=1127 LP= 10    0,   0
x1=1023 x2=1023 y1= 282 y2= 316 p1=1023 p2=   0 tnt1=1021 tnt2=1021 S=U X= 13 Y= 23 P=1127 LP= 10    0,   0
x1=1021 x2=1023 y1= 282 y2= 318 p1=1023 p2=   0 tnt1=1006 tnt2=1018 S=U X= 13 Y= 23 P=1127 LP= 10    0,   0
x1=1023 x2=1023 y1= 281 y2= 322 p1=1023 p2=   0 tnt1=1023 tnt2=1017 S=U X= 13 Y= 23 P=1127 LP= 10    0,   0
x1=1023 x2=1020 y1= 281 y2= 316 p1=1023 p2=   0 tnt1=1019 tnt2=1023 S=U X= 13 Y= 23 P=1127 LP= 10    0,   0
x1=1023 x2=1023 y1= 287 y2= 324 p1=1023 p2=   0 tnt1=1006 tnt2=1023 S=U X= 13 Y= 23 P=1127 LP= 10    0,   0
x1=1022 x2=1017 y1= 279 y2= 322 p1=1023 p2=   0 tnt1=1007 tnt2=1023 S=U X= 13 Y= 23 P=1127 LP= 10    0,   0
x1=1023 x2=1023 y1= 279 y2= 313 p1=1023 p2=   0 tnt1=1017 tnt2=1023 S=U X= 13 Y= 23 P=1127 LP= 10    0,   0
x1=1020 x2=1017 y1= 280 y2= 314 p1=1023 p2=   0 tnt1=1006 tnt2=1010 S=U X= 13 Y= 23 P=1127 LP= 10    0,   0
x1=1023 x2=1023 y1= 278 y2= 321 p1=1023 p2=   0 tnt1=1022 tnt2=1009 S=U X= 13 Y= 23 P=1127 LP= 10    0,   0
x1=1023 x2=1023 y1= 277 y2= 310 p1=1023 p2=   0 tnt1=1021 tnt2=1019 S=U X= 13 Y= 23 P=1127 LP= 10    0,   0
x1=1023 x2=1023 y1= 293 y2= 359 p1=1023 p2=   0 tnt1=1021 tnt2=1018 S=U X= 13 Y= 23 P=1127 LP= 10    0,   0
x1=1023 x2=1023 y1= 280 y2= 324 p1=1023 p2=   0 tnt1=1007 tnt2=1022 S=U X= 13 Y= 23 P=1127 LP= 10    0,   0
x1=1019 x2=1016 y1= 278 y2= 380 p1=1023 p2=   0 tnt1=1006 tnt2=1018 S=U X= 13 Y= 23 P=1127 LP= 10    0,   0
x1=1023 x2=1023 y1= 270 y2= 306 p1=1023 p2=   0 tnt1=1022 tnt2=1023 S=U X= 13 Y= 23 P=1127 LP= 10    0,   0
x1=1022 x2=1016 y1= 280 y2= 325 p1=1023 p2=   0 tnt1=1007 tnt2=1023 S=U X= 13 Y= 23 P=1127 LP= 10    0,   0
x1=1021 x2=1023 y1= 281 y2= 314 p1=1014 p2=   0 tnt1=1022 tnt2=1017 S=U X= 13 Y= 23 P=1127 LP= 10    0,   0
x1=1023 x2=1023 y1= 281 y2= 315 p1=1023 p2=   0 tnt1=1022 tnt2=1018 S=U X= 13 Y= 23 P=1127 LP= 10    0,   0
x1=1023 x2=1023 y1= 281 y2= 315 p1=1023 p2=   0 tnt1=1021 tnt2=1018 S=U X= 13 Y= 23 P=1127 LP= 10    0,   0
x1=1023 x2=1023 y1= 279 y2= 320 p1=1023 p2=   0 tnt1=1005 tnt2=1018 S=U X= 13 Y= 23 P=1127 LP= 10    0,   0
x1=1019 x2=1016 y1= 273 y2= 308 p1=1023 p2=   0 tnt1=1023 tnt2=1023 S=U X= 13 Y= 23 P=1127 LP= 10    0,   0
x1=1020 x2=1016 y1= 277 y2= 321 p1=1023 p2=   0 tnt1=1022 tnt2=1023 S=U X= 13 Y= 23 P=1127 LP= 10    0,   0
x1=1021 x2=1023 y1= 280 y2= 311 p1=1019 p2=   0 tnt1=1006 tnt2=1018 S=U X= 13 Y= 23 P=1127 LP= 10    0,   0
x1=1021 x2=1017 y1= 280 y2= 314 p1=1023 p2=   0 tnt1=1006 tnt2=1023 S=U X= 13 Y= 23 P=1127 LP= 10    0,   0
x1=1020 x2=1016 y1= 277 y2= 310 p1=1023 p2=   0 tnt1=1006 tnt2=1015 S=U X= 13 Y= 23 P=1127 LP= 10    0,   0
x1=1021 x2=1018 y1= 280 y2= 326 p1=1023 p2=   0 tnt1=1006 tnt2=1023 S=U X= 13 Y= 23 P=1127 LP= 10    0,   0
x1=1021 x2=1021 y1= 276 y2= 310 p1=1021 p2=   0 tnt1=1006 tnt2=1017 S=U X= 13 Y= 23 P=1127 LP= 10    0,   0
x1=1023 x2=1017 y1= 281 y2= 328 p1=1023 p2=   0 tnt1=1007 tnt2=1019 S=U X= 13 Y= 23 P=1127 LP= 10    0,   0
x1=1023 x2=1023 y1= 276 y2= 312 p1=1023 p2=   0 tnt1=1022 tnt2=1019 S=U X= 13 Y= 23 P=1127 LP= 10    0,   0
x1=1020 x2=1016 y1= 279 y2= 315 p1=1023 p2=   0 tnt1=1006 tnt2=1018 S=U X= 13 Y= 23 P=1127 LP= 10    0,   0
x1=1023 x2=1023 y1= 279 y2= 324 p1=1023 p2=   0 tnt1=1021 tnt2=1023 S=U X= 13 Y= 23 P=1127 LP= 10    0,   0
x1=1022 x2=1023 y1= 278 y2= 314 p1=1023 p2=   0 tnt1=1021 tnt2=1018 S=U X= 13 Y= 23 P=1127 LP= 10    0,   0
x1=1023 x2=1023 y1= 278 y2= 323 p1=1023 p2=   0 tnt1=1021 tnt2=1023 S=U X= 13 Y= 23 P=1127 LP= 10    0,   0
x1=1023 x2=1023 y1= 279 y2= 310 p1=1023 p2=   0 tnt1=1021 tnt2=1018 S=U X= 13 Y= 23 P=1127 LP= 10    0,   0
x1=1023 x2=1023 y1= 281 y2= 327 p1=1023 p2=   0 tnt1=1023 tnt2=1023 S=U X= 13 Y= 23 P=1127 LP= 10    0,   0
x1=1020 x2=1023 y1= 280 y2= 315 p1=1019 p2=   0 tnt1=1021 tnt2=1018 S=U X= 13 Y= 23 P=1127 LP= 10    0,   0
x1=1023 x2=1023 y1= 280 y2= 314 p1=1017 p2=   0 tnt1=1022 tnt2=1022 S=U X= 13 Y= 23 P=1127 LP= 10    0,   0
x1=1023 x2=1023 y1= 281 y2= 325 p1=1023 p2=   0 tnt1=1023 tnt2=1018 S=U X= 13 Y= 23 P=1127 LP= 10    0,   0
x1=1021 x2=1017 y1= 267 y2= 300 p1=1023 p2=   0 tnt1=1022 tnt2=1009 S=U X= 13 Y= 23 P=1127 LP= 10    0,   0
x1=1022 x2=1023 y1= 292 y2= 322 p1=1023 p2=   0 tnt1=1006 tnt2=1023 S=U X= 13 Y= 23 P=1127 LP= 10    0,   0
x1=1021 x2=1023 y1= 297 y2= 326 p1=1023 p2=   0 tnt1=1006 tnt2=1022 S=U X= 13 Y= 23 P=1127 LP= 10    0,   0
x1=1023 x2=1019 y1= 304 y2= 335 p1=1023 p2=   0 tnt1=1022 tnt2=1018 S=U X= 13 Y= 23 P=1127 LP= 10    0,   0
x1= 636 x2= 641 y1= 549 y2= 576 p1= 874 p2= 441 tnt1=  26 tnt2=  23 S=D X=468 Y=258 P= 625 LP= 20  455, 235
x1= 633 x2= 634 y1= 553 y2= 578 p1= 870 p2= 451 tnt1=  12 tnt2=  20 S=D X=464 Y=260 P= 588 LP= 30   -4,   2
x1= 627 x2= 650 y1= 551 y2= 574 p1= 870 p2= 453 tnt1=  16 tnt2=  20 S=D X=468 Y=258 P= 586 LP= 30    4,  -2
x1= 635 x2= 640 y1= 552 y2= 578 p1= 874 p2= 452 tnt1=  17 tnt2=  20 S=D X=467 Y=260 P= 594 LP= 30   -1,   2
x1= 635 x2= 634 y1= 553 y2= 577 p1= 869 p2= 453 tnt1=  23 tnt2=  25 S=D X=464 Y=260 P= 582 LP= 30   -3,   0
x1= 641 x2= 640 y1= 552 y2= 577 p1= 872 p2= 452 tnt1=  15 tnt2=  21 S=D X=469 Y=259 P= 594 LP= 30    5,  -1
x1= 639 x2= 646 y1= 553 y2= 581 p1= 869 p2= 451 tnt1=  21 tnt2=  21 S=D X=471 Y=261 P= 594 LP= 30    2,   2
x1= 635 x2= 638 y1= 553 y2= 578 p1= 870 p2= 456 tnt1=  12 tnt2=  20 S=D X=466 Y=260 P= 576 LP= 30   -5,  -1
x1= 638 x2= 645 y1= 553 y2= 581 p1= 869 p2= 454 tnt1=   5 tnt2=  20 S=D X=470 Y=261 P= 585 LP= 30    4,   1
x1= 632 x2= 631 y1= 553 y2= 576 p1= 866 p2= 454 tnt1=  16 tnt2=  18 S=D X=462 Y=259 P= 572 LP= 30   -8,  -2
x1= 631 x2= 634 y1= 554 y2= 577 p1= 867 p2= 455 tnt1=  16 tnt2=  18 S=D X=463 Y=260 P= 571 LP= 30    1,   1
x1= 637 x2= 631 y1= 554 y2= 580 p1= 868 p2= 456 tnt1=  24 tnt2=  25 S=D X=464 Y=261 P= 572 LP= 30    1,   1
x1= 640 x2= 642 y1= 555 y2= 580 p1= 869 p2= 455 tnt1=  14 tnt2=  19 S=D X=470 Y=261 P= 582 LP= 30    6,   0
x1= 627 x2= 633 y1= 553 y2= 576 p1= 869 p2= 457 tnt1=  22 tnt2=  26 S=D X=461 Y=259 P= 567 LP= 30   -9,  -2
x1= 643 x2= 640 y1= 552 y2= 577 p1= 871 p2= 456 tnt1=  15 tnt2=  21 S=D X=470 Y=259 P= 583 LP= 30    9,   0
x1= 632 x2= 631 y1= 553 y2= 580 p1= 866 p2= 457 tnt1=  16 tnt2=  19 S=D X=462 Y=260 P= 564 LP= 30   -8,   1
x1= 631 x2= 640 y1= 554 y2= 578 p1= 865 p2= 460 tnt1=  15 tnt2=  18 S=D X=465 Y=260 P= 558 LP= 30    3,   0
x1= 643 x2= 640 y1= 554 y2= 576 p1= 867 p2= 462 tnt1=  14 tnt2=  22 S=D X=470 Y=260 P= 561 LP= 30    5,   0
x1= 644 x2= 640 y1= 555 y2= 578 p1= 866 p2= 464 tnt1=  14 tnt2=  22 S=D X=471 Y=260 P= 555 LP= 30    1,   0
x1= 637 x2= 642 y1= 557 y2= 579 p1= 866 p2= 463 tnt1=  16 tnt2=  13 S=D X=468 Y=261 P= 555 LP= 30   -3,   1
x1= 636 x2= 631 y1= 556 y2= 578 p1= 865 p2= 465 tnt1=  16 tnt2=  26 S=D X=464 Y=261 P= 544 LP= 40   -4,   0
x1= 637 x2= 641 y1= 554 y2= 578 p1= 864 p2= 465 tnt1=  16 tnt2=  23 S=D X=468 Y=260 P= 548 LP= 30    4,  -1
x1= 637 x2= 640 y1= 554 y2= 581 p1= 869 p2= 466 tnt1=  14 tnt2=  20 S=D X=468 Y=261 P= 551 LP= 30    0,   1
x1= 635 x2= 635 y1= 555 y2= 578 p1= 864 p2= 467 tnt1=  15 tnt2=  18 S=D X=465 Y=260 P= 539 LP= 40   -3,  -1
x1= 635 x2= 636 y1= 555 y2= 581 p1= 865 p2= 469 tnt1=   9 tnt2=  26 S=D X=465 Y=261 P= 535 LP= 40    0,   1
x1= 638 x2= 644 y1= 554 y2= 577 p1= 866 p2= 464 tnt1=  19 tnt2=  19 S=D X=470 Y=260 P= 555 LP= 30    5,  -1
x1= 637 x2= 633 y1= 579 y2= 584 p1= 864 p2= 462 tnt1=  18 tnt2=  23 S=D X=465 Y=269 P= 552 LP= 30   -5,   9
x1= 475 x2= 575 y1= 299 y2= 343 p1=1023 p2=   0 tnt1=  90 tnt2=1017 S=U X=465 Y=269 P= 552 LP= 30    0,   0
x1=1023 x2=1023 y1= 279 y2= 324 p1=1023 p2=   0 tnt1=1019 tnt2=1020 S=U X=465 Y=269 P= 552 LP= 30    0,   0
x1=1023 x2=1023 y1= 279 y2= 313 p1=1023 p2=   0 tnt1=1020 tnt2=1016 S=U X=465 Y=269 P= 552 LP= 30    0,   0
x1=1020 x2=1016 y1= 276 y2= 310 p1=1023 p2=   0 tnt1=1021 tnt2=1023 S=U X=465 Y=269 P= 552 LP= 30    0,   0
x1=1023 x2=1013 y1= 274 y2= 309 p1=1023 p2=   0 tnt1=1021 tnt2=1023 S=U X=465 Y=269 P= 552 LP= 30    0,   0
x1=1019 x2=1023 y1= 282 y2= 317 p1=1020 p2=   0 tnt1=1007 tnt2=1018 S=U X=465 Y=269 P= 552 LP= 30    0,   0
x1=1021 x2=1016 y1= 279 y2= 310 p1=1023 p2=   0 tnt1=1006 tnt2=1023 S=U X=465 Y=269 P= 552 LP= 30    0,   0
x1=1020 x2=1016 y1= 281 y2= 323 p1=1023 p2=   0 tnt1=1005 tnt2=1009 S=U X=465 Y=269 P= 552 LP= 30    0,   0
x1=1020 x2=1023 y1= 280 y2= 312 p1=1017 p2=   0 tnt1=1004 tnt2=1017 S=U X=465 Y=269 P= 552 LP= 30    0,   0
x1=1023 x2=1023 y1= 280 y2= 325 p1=1023 p2=   0 tnt1=1022 tnt2=1018 S=U X=465 Y=269 P= 552 LP= 30    0,   0
x1=1020 x2=1015 y1= 394 y2= 470 p1=1023 p2=   0 tnt1=1006 tnt2=1023 S=U X=465 Y=269 P= 552 LP= 30    0,   0
x1=1023 x2=1023 y1= 274 y2= 310 p1=1023 p2=   0 tnt1=1006 tnt2=1007 S=U X=465 Y=269 P= 552 LP= 30    0,   0
x1=1021 x2=1017 y1= 277 y2= 322 p1=1023 p2=   0 tnt1=1022 tnt2=1023 S=U X=465 Y=269 P= 552 LP= 30    0,   0
x1=1020 x2=1023 y1= 278 y2= 313 p1=1023 p2=   0 tnt1=1021 tnt2=1013 S=U X=465 Y=269 P= 552 LP= 30    0,   0
x1=1021 x2=1016 y1= 280 y2= 325 p1=1023 p2=   0 tnt1=1006 tnt2=1023 S=U X=465 Y=269 P= 552 LP= 30    0,   0
x1=1021 x2=1016 y1= 274 y2= 317 p1=1023 p2=   0 tnt1=1005 tnt2=1009 S=U X=465 Y=269 P= 552 LP= 30    0,   0
x1=1023 x2=1014 y1= 276 y2= 309 p1=1023 p2=   0 tnt1=1005 tnt2=1009 S=U X=465 Y=269 P= 552 LP= 30    0,   0
x1=1023 x2=1023 y1= 275 y2= 321 p1=1023 p2=   0 tnt1=1021 tnt2=1021 S=U X=465 Y=269 P= 552 LP= 30    0,   0
x1=1020 x2=1016 y1= 275 y2= 333 p1=1023 p2=   0 tnt1=1004 tnt2=1018 S=U X=465 Y=269 P= 552 LP= 30    0,   0
x1=1021 x2=1023 y1= 277 y2= 343 p1=1023 p2=   0 tnt1=1022 tnt2=1018 S=U X=465 Y=269 P= 552 LP= 30    0,   0
x1=1020 x2=1016 y1= 278 y2= 321 p1=1023 p2=   0 tnt1=1006 tnt2=1022 S=U X=465 Y=269 P= 552 LP= 30    0,   0
x1=1020 x2=1016 y1= 279 y2= 311 p1=1022 p2=   0 tnt1=1021 tnt2=1015 S=U X=465 Y=269 P= 552 LP= 30    0,   0
x1= 638 x2= 648 y1= 542 y2= 577 p1= 883 p2= 412 tnt1=  16 tnt2=  28 S=D X=472 Y=257 P= 734 LP= 10    7, -12
x1= 634 x2= 639 y1= 545 y2= 574 p1= 877 p2= 431 tnt1=  26 tnt2=  33 S=D X=466 Y=256 P= 657 LP= 10   -6,  -1
x1= 635 x2= 640 y1= 547 y2= 574 p1= 875 p2= 436 tnt1=  22 tnt2=  31 S=D X=467 Y=257 P= 640 LP= 20    1,   1
x1= 636 x2= 642 y1= 548 y2= 578 p1= 875 p2= 435 tnt1=  12 tnt2=  18 S=D X=468 Y=259 P= 646 LP= 20    1,   2
x1= 633 x2= 635 y1= 547 y2= 574 p1= 875 p2= 436 tnt1=  15 tnt2=  22 S=D X=464 Y=257 P= 637 LP= 20   -4,  -2
x1= 645 x2= 644 y1= 547 y2= 576 p1= 874 p2= 437 tnt1=  11 tnt2=  21 S=D X=472 Y=258 P= 644 LP= 20    8,   1
x1= 637 x2= 633 y1= 547 y2= 574 p1= 874 p2= 439 tnt1=  26 tnt2=  28 S=D X=465 Y=257 P= 628 LP= 20   -7,  -1
x1= 638 x2= 642 y1= 549 y2= 578 p1= 874 p2= 439 tnt1=  15 tnt2=  18 S=D X=469 Y=259 P= 633 LP= 20    4,   2
x1= 637 x2= 641 y1= 549 y2= 578 p1= 868 p2= 442 tnt1=  15 tnt2=  20 S=D X=468 Y=259 P= 615 LP= 20   -1,   0
x1= 643 x2= 641 y1= 548 y2= 576 p1= 874 p2= 444 tnt1=  17 tnt2=  23 S=D X=471 Y=258 P= 621 LP= 20    3,  -1
x1= 635 x2= 640 y1= 548 y2= 575 p1= 871 p2= 446 tnt1=  15 tnt2=  25 S=D X=467 Y=258 P= 606 LP= 20   -4,   0
x1= 636 x2= 643 y1= 550 y2= 575 p1= 871 p2= 447 tnt1=  15 tnt2=  29 S=D X=468 Y=258 P= 605 LP= 20    1,   0
x1= 635 x2= 640 y1= 550 y2= 578 p1= 870 p2= 449 tnt1=  16 tnt2=  24 S=D X=467 Y=259 P= 596 LP= 30   -1,   1
x1= 637 x2= 642 y1= 549 y2= 580 p1= 869 p2= 450 tnt1=  16 tnt2=  20 S=D X=468 Y=259 P= 594 LP= 30    1,   0
x1= 631 x2= 638 y1= 549 y2= 577 p1= 876 p2= 452 tnt1=  23 tnt2=  21 S=D X=464 Y=259 P= 594 LP= 30   -4,   0
x1= 634 x2= 633 y1= 551 y2= 578 p1= 867 p2= 456 tnt1=  16 tnt2=  19 S=D X=464 Y=259 P= 570 LP= 30    0,   0
x1= 637 x2= 644 y1= 552 y2= 578 p1= 866 p2= 462 tnt1=   5 tnt2=  19 S=D X=469 Y=260 P= 559 LP= 30    5,   1
x1= 638 x2= 641 y1= 554 y2= 578 p1= 863 p2= 467 tnt1=  10 tnt2=  14 S=D X=468 Y=260 P= 541 LP= 40   -1,   0
x1= 640 x2= 649 y1= 553 y2= 577 p1= 862 p2= 471 tnt1=  16 tnt2=  18 S=D X=472 Y=260 P= 534 LP= 40    4,   0
x1= 638 x2= 643 y1= 555 y2= 575 p1= 861 p2= 470 tnt1=   6 tnt2=  10 S=D X=469 Y=260 P= 531 LP= 40   -3,   0
x1= 637 x2= 640 y1= 554 y2= 579 p1= 871 p2= 471 tnt1=  20 tnt2=  22 S=D X=468 Y=260 P= 541 LP= 40   -1,   0
x1= 636 x2= 650 y1= 553 y2= 576 p1= 864 p2= 468 tnt1=   8 tnt2=   9 S=D X=472 Y=259 P= 543 LP= 40    4,  -1
x1= 633 x2= 643 y1= 507 y2= 555 p1= 909 p2= 341 tnt1=  18 tnt2=  48 S=^ X=472 Y=259 P= 543 LP= 40    0,   0
x1=1023 x2=1017 y1= 312 y2= 357 p1=1023 p2=   0 tnt1=1019 tnt2=1023 S=U X=472 Y=259 P= 543 LP= 40    0,   0
x1=1020 x2=1023 y1= 286 y2= 321 p1=1020 p2=   0 tnt1=1005 tnt2=1008 S=U X=472 Y=259 P= 543 LP= 40    0,   0
x1=1023 x2=1016 y1= 296 y2= 335 p1=1017 p2=   0 tnt1=1005 tnt2=1023 S=U X=472 Y=259 P= 543 LP= 40    0,   0
x1=1023 x2=1019 y1= 305 y2= 334 p1=1023 p2=   0 tnt1=1006 tnt2=1008 S=U X=472 Y=259 P= 543 LP= 40    0,   0
x1=1023 x2=1023 y1= 278 y2= 315 p1=1023 p2=   0 tnt1=1006 tnt2=1017 S=U X=472 Y=259 P= 543 LP= 40    0,   0
x1=1023 x2=1023 y1= 280 y2= 326 p1=1023 p2=   0 tnt1=1021 tnt2=1023 S=U X=472 Y=259 P= 543 LP= 40    0,   0
x1=1023 x2=1023 y1= 279 y2= 321 p1=1023 p2=   0 tnt1=1021 tnt2=1018 S=U X=472 Y=259 P= 543 LP= 40    0,   0
x1=1023 x2=1023 y1= 278 y2= 312 p1=1023 p2=   0 tnt1=1020 tnt2=1018 S=U X=472 Y=259 P= 543 LP= 40    0,   0
x1=1020 x2=1015 y1= 277 y2= 311 p1=1023 p2=   0 tnt1=1006 tnt2=1023 S=U X=472 Y=259 P= 543 LP= 40    0,   0
x1=1020 x2=1016 y1= 277 y2= 345 p1=1023 p2=   0 tnt1=1006 tnt2=1023 S=U X=472 Y=259 P= 543 LP= 40    0,   0
x1=1023 x2=1023 y1= 280 y2= 322 p1=1023 p2=   0 tnt1=1006 tnt2=1023 S=U X=472 Y=259 P= 543 LP= 40    0,   0
x1=1021 x2=1023 y1= 279 y2= 311 p1=1018 p2=   0 tnt1=1007 tnt2=1018 S=U X=472 Y=259 P= 543 LP= 40    0,   0
x1=1023 x2=1023 y1= 280 y2= 315 p1=1016 p2=   0 tnt1=1006 tnt2=1019 S=U X=472 Y=259 P= 543 LP= 40    0,   0
x1=1021 x2=1016 y1= 280 y2= 325 p1=1023 p2=   0 tnt1=1021 tnt2=1023 S=U X=472 Y=259 P= 543 LP= 40    0,   0
x1=1021 x2=1016 y1= 273 y2= 319 p1=1023 p2=   0 tnt1=1022 tnt2=1023 S=U X=472 Y=259 P= 543 LP= 40    0,   0
x1=1023 x2=1023 y1= 279 y2= 312 p1=1023 p2=   0 tnt1=1006 tnt2=1018 S=U X=472 Y=259 P= 543 LP= 40    0,   0
x1=1021 x2=1017 y1= 280 y2= 322 p1=1023 p2=   0 tnt1=1006 tnt2=1019 S=U X=472 Y=259 P= 543 LP= 40    0,   0
x1=1023 x2=1018 y1= 277 y2= 310 p1=1023 p2=   0 tnt1=1021 tnt2=1023 S=U X=472 Y=259 P= 543 LP= 40    0,   0
x1=1020 x2=1023 y1= 279 y2= 315 p1=1018 p2=   0 tnt1=1022 tnt2=1018 S=U X=472 Y=259 P= 543 LP= 40    0,   0
x1=1021 x2=1017 y1= 279 y2= 313 p1=1023 p2=   0 tnt1=1022 tnt2=1023 S=U X=472 Y=259 P= 543 LP= 40    0,   0
x1=1021 x2=1016 y1= 281 y2= 325 p1=1023 p2=   0 tnt1=1022 tnt2=1023 S=U X=472 Y=259 P= 543 LP= 40    0,   0
x1=1023 x2=1023 y1= 279 y2= 323 p1=1023 p2=   0 tnt1=1006 tnt2=1023 S=U X=472 Y=259 P= 543 LP= 40    0,   0
x1=1023 x2=1017 y1= 279 y2= 322 p1=1023 p2=   0 tnt1=1021 tnt2=1023 S=U X=472 Y=259 P= 543 LP= 40    0,   0
x1=1021 x2=1016 y1= 269 y2= 303 p1=1023 p2=   0 tnt1=1005 tnt2=1008 S=U X=472 Y=259 P= 543 LP= 40    0,   0
x1=1023 x2=1023 y1= 278 y2= 314 p1=1023 p2=   0 tnt1=1023 tnt2=1018 S=U X=472 Y=259 P= 543 LP= 40    0,   0
x1=1022 x2=1016 y1= 273 y2= 316 p1=1023 p2=   0 tnt1=1023 tnt2=1023 S=U X=472 Y=259 P= 543 LP= 40    0,   0
x1=1023 x2=1023 y1= 273 y2= 339 p1=1023 p2=   0 tnt1=1021 tnt2=1011 S=U X=472 Y=259 P= 543 LP= 40    0,   0
x1=1023 x2=1023 y1= 278 y2= 310 p1=1023 p2=   0 tnt1=1020 tnt2=1018 S=U X=472 Y=259 P= 543 LP= 40    0,   0
x1=1021 x2=1016 y1= 281 y2= 314 p1=1023 p2=   0 tnt1=1007 tnt2=1011 S=U X=472 Y=259 P= 543 LP= 40    0,   0
x1=1023 x2=1023 y1= 282 y2= 325 p1=1023 p2=   0 tnt1=1021 tnt2=1018 S=U X=472 Y=259 P= 543 LP= 40    0,   0
x1=1021 x2=1015 y1= 281 y2= 314 p1=1023 p2=   0 tnt1=1006 tnt2=1014 S=U X=472 Y=259 P= 543 LP= 40    0,   0
x1=1022 x2=1023 y1= 282 y2= 325 p1=1019 p2=   0 tnt1=1021 tnt2=1018 S=U X=472 Y=259 P= 543 LP= 40    0,   0
x1=1022 x2=1017 y1= 273 y2= 316 p1=1023 p2=   0 tnt1=1006 tnt2=1022 S=U X=472 Y=259 P= 543 LP= 40    0,   0
x1=1020 x2=1016 y1= 274 y2= 309 p1=1023 p2=   0 tnt1=1006 tnt2=1023 S=U X=472 Y=259 P= 543 LP= 40    0,   0
x1=1023 x2=1021 y1= 280 y2= 312 p1=1023 p2=   0 tnt1=1022 tnt2=1019 S=U X=472 Y=259 P= 543 LP= 40    0,   0
x1=1023 x2=1023 y1= 280 y2= 350 p1=1023 p2=   0 tnt1=1021 tnt2=1018 S=U X=472 Y=259 P= 543 LP= 40    0,   0
x1=1020 x2=1017 y1= 276 y2= 310 p1=1023 p2=   0 tnt1=1006 tnt2=1012 S=U X=472 Y=259 P= 543 LP= 40    0,   0
x1=1023 x2=1023 y1= 280 y2= 314 p1=1023 p2=   0 tnt1=1021 tnt2=1018 S=U X=472 Y=259 P= 543 LP= 40    0,   0
x1=1021 x2=1016 y1= 274 y2= 306 p1=1023 p2=   0 tnt1=1006 tnt2=1013 S=U X=472 Y=259 P= 543 LP= 40    0,   0
x1=1023 x2=1023 y1= 280 y2= 315 p1=1023 p2=   0 tnt1=1021 tnt2=1018 S=U X=472 Y=259 P= 543 LP= 40    0,   0
x1=1023 x2=1023 y1= 280 y2= 318 p1=1023 p2=   0 tnt1=1006 tnt2=1023 S=U X=472 Y=259 P= 543 LP= 40    0,   0
x1=1023 x2=1017 y1= 282 y2= 323 p1=1018 p2=   0 tnt1=1007 tnt2=1011 S=U X=472 Y=259 P= 543 LP= 40    0,   0
x1=1023 x2=1020 y1= 298 y2= 333 p1=1023 p2=   0 tnt1=1006 tnt2=1008 S=U X=472 Y=259 P= 543 LP= 40    0,   0
x1=1021 x2=1023 y1= 309 y2= 356 p1=1023 p2=   0 tnt1=1012 tnt2=1023 S=U X=472 Y=259 P= 543 LP= 40    0,   0
x1=1021 x2=1023 y1= 295 y2= 328 p1=1023 p2=   0 tnt1=1005 tnt2=1018 S=U X=472 Y=259 P= 543 LP= 40    0,   0
x1=1022 x2=1023 y1= 289 y2= 319 p1=1023 p2=   0 tnt1=1023 tnt2=1016 S=U X=472 Y=259 P= 543 LP= 40    0,   0
x1=1021 x2=1023 y1= 294 y2= 326 p1=1023 p2=   0 tnt1=1006 tnt2=1023 S=U X=472 Y=259 P= 543 LP= 40    0,   0
x1=1021 x2=1019 y1= 300 y2= 331 p1=1023 p2=   0 tnt1=1007 tnt2=1023 S=U X=472 Y=259 P= 543 LP= 40    0,   0
x1=1023 x2=1020 y1= 299 y2= 330 p1=1023 p2=   0 tnt1=1021 tnt2=1019 S=U X=472 Y=259 P= 543 LP= 40    0,   0
x1=1022 x2=1023 y1= 306 y2= 339 p1=1023 p2=   0 tnt1=1018 tnt2=1023 S=U X=472 Y=259 P= 543 LP= 40    0,   0
x1=1021 x2=1023 y1= 276 y2= 319 p1=1023 p2=   0 tnt1=1006 tnt2=1018 S=U X=472 Y=259 P= 543 LP= 40    0,   0
x1=1023 x2=1019 y1= 281 y2= 314 p1=1023 p2=   0 tnt1=1022 tnt2=1023 S=U X=472 Y=259 P= 543 LP= 40    0,   0
x1=1023 x2=1020 y1= 304 y2= 346 p1=1023 p2=   0 tnt1=1021 tnt2=1023 S=U X=472 Y=259 P= 543 LP= 40    0,   0
x1=1023 x2=1023 y1= 280 y2= 325 p1=1023 p2=   0 tnt1=1006 tnt2=1018 S=U X=472 Y=259 P= 543 LP= 40    0,   0
x1=1020 x2=1015 y1= 270 y2= 314 p1=1023 p2=   0 tnt1=1006 tnt2=1023 S=U X=472 Y=259 P= 543 LP= 40    0,   0
x1=1023 x2=1023 y1= 277 y2= 312 p1=1015 p2=   0 tnt1=1022 tnt2=1018 S=U X=472 Y=259 P= 543 LP= 40    0,   0
x1=1021 x2=1017 y1= 276 y2= 312 p1=1023 p2=   0 tnt1=1005 tnt2=1023 S=U X=472 Y=259 P= 543 LP= 40    0,   0
x1=1021 x2=1023 y1= 282 y2= 322 p1=1019 p2=   0 tnt1=1010 tnt2=1019 S=U X=472 Y=259 P= 543 LP= 40    0,   0
x1=1022 x2=1017 y1= 273 y2= 307 p1=1023 p2=   0 tnt1=1007 tnt2=1023 S=U X=472 Y=259 P= 543 LP= 40    0,   0
x1=1021 x2=1016 y1= 281 y2= 338 p1=1023 p2=   0 tnt1=1006 tnt2=1023 S=U X=472 Y=259 P= 543 LP= 40    0,   0
x1=1023 x2=1023 y1= 281 y2= 324 p1=1016 p2=   0 tnt1=1021 tnt2=1013 S=U X=472 Y=259 P= 543 LP= 40    0,   0
x1=1023 x2=1023 y1= 281 y2= 325 p1=1018 p2=   0 tnt1=1021 tnt2=1009 S=U X=472 Y=259 P= 543 LP= 40    0,   0
x1=1021 x2=1017 y1= 278 y2= 321 p1=1023 p2=   0 tnt1=1022 tnt2=1009 S=U X=472 Y=259 P= 543 LP= 40    0,   0
x1=1021 x2=1016 y1= 281 y2= 314 p1=1023 p2=   0 tnt1=1022 tnt2=1018 S=U X=472 Y=259 P= 543 LP= 40    0,   0
x1=1021 x2=1017 y1= 276 y2= 312 p1=1023 p2=   0 tnt1=1007 tnt2=1020 S=U X=472 Y=259 P= 543 LP= 40    0,   0
x1=1023 x2=1023 y1= 278 y2= 312 p1=1023 p2=   0 tnt1=1021 tnt2=1018 S=U X=472 Y=259 P= 543 LP= 40    0,   0
x1=1021 x2=1017 y1= 280 y2= 312 p1=1023 p2=   0 tnt1=1005 tnt2=1013 S=U X=472 Y=259 P= 543 LP= 40    0,   0
x1=1023 x2=1023 y1= 279 y2= 313 p1=1023 p2=   0 tnt1=1022 tnt2=1019 S=U X=472 Y=259 P= 543 LP= 40    0,   0
x1=1021 x2=1017 y1= 279 y2= 325 p1=1023 p2=   0 tnt1=1007 tnt2=1023 S=U X=472 Y=259 P= 543 LP= 40    0,   0
x1=1021 x2=1016 y1= 276 y2= 323 p1=1023 p2=   0 tnt1=1007 tnt2=1023 S=U X=472 Y=259 P= 543 LP= 40    0,   0
x1=1023 x2=1023 y1= 280 y2= 315 p1=1023 p2=   0 tnt1=1021 tnt2=1018 S=U X=472 Y=259 P= 543 LP= 40    0,   0
x1=1023 x2=1023 y1= 277 y2= 312 p1=1023 p2=   0 tnt1=1018 tnt2=1023 S=U X=472 Y=259 P= 543 LP= 40    0,   0
x1=1021 x2=1017 y1= 279 y2= 312 p1=1023 p2=   0 tnt1=1022 tnt2=1010 S=U X=472 Y=259 P= 543 LP= 40    0,   0
x1=1023 x2=1023 y1= 279 y2= 313 p1=1023 p2=   0 tnt1=1022 tnt2=1018 S=U X=472 Y=259 P= 543 LP= 40    0,   0
x1=1023 x2=1023 y1= 281 y2= 317 p1=1023 p2=   0 tnt1=1006 tnt2=1018 S=U X=472 Y=259 P= 543 LP= 40    0,   0
x1=1023 x2=1023 y1= 281 y2= 339 p1=1022 p2=   0 tnt1=1012 tnt2=1009 S=U X=472 Y=259 P= 543 LP= 40    0,   0
x1=1022 x2=1016 y1= 277 y2= 322 p1=1023 p2=   0 tnt1=1022 tnt2=1023 S=U X=472 Y=259 P= 543 LP= 40    0,   0
x1=1020 x2=1017 y1= 278 y2= 311 p1=1023 p2=   0 tnt1=1007 tnt2=1023 S=U X=472 Y=259 P= 543 LP= 40    0,   0
x1=1021 x2=1016 y1= 279 y2= 322 p1=1023 p2=   0 tnt1=1006 tnt2=1015 S=U X=472 Y=259 P= 543 LP= 40    0,   0
x1=1023 x2=1023 y1= 278 y2= 314 p1=1023 p2=   0 tnt1=1022 tnt2=1019 S=U X=472 Y=259 P= 543 LP= 40    0,   0
x1=1021 x2=1023 y1= 277 y2= 313 p1=1023 p2=   0 tnt1=1006 tnt2=1018 S=U X=472 Y=259 P= 543 LP= 40    0,   0
x1=1023 x2=1017 y1= 281 y2= 328 p1=1023 p2=   0 tnt1=1008 tnt2=1023 S=U X=472 Y=259 P= 543 LP= 40    0,   0
