
x1= 633 x2= 628 y1= 345 y2= 352 tnt1=  18 tnt2=  15 +=  33D
x1= 633 x2= 625 y1= 345 y2= 351 tnt1=  21 tnt2=  17 +=  38D
x1= 632 x2= 637 y1= 342 y2= 350 tnt1=  13 tnt2=  17 +=  30D
x1= 631 x2= 633 y1= 342 y2= 349 tnt1=   7 tnt2=  17 +=  24D
x1= 632 x2= 640 y1= 342 y2= 350 tnt1=   9 tnt2=  12 +=  21D
x1= 639 x2= 635 y1= 343 y2= 350 tnt1=  25 tnt2=  16 +=  41
x1= 625 x2= 632 y1= 343 y2= 350 tnt1=  16 tnt2=  18 +=  34D
x1= 639 x2= 635 y1= 342 y2= 350 tnt1=  14 tnt2=  15 +=  29D
x1= 633 x2= 624 y1= 342 y2= 351 tnt1=  23 tnt2=  26 +=  49
x1= 634 x2= 634 y1= 343 y2= 351 tnt1=  13 tnt2=   7 +=  20D
x1= 633 x2= 624 y1= 346 y2= 352 tnt1=  23 tnt2=  17 +=  40D
x1= 633 x2= 629 y1= 344 y2= 350 tnt1=  18 tnt2=   7 +=  25D
x1= 631 x2= 633 y1= 343 y2= 349 tnt1=  14 tnt2=  17 +=  31D
x1= 632 x2= 634 y1= 343 y2= 349 tnt1=   4 tnt2=   7 +=  11D
x1= 634 x2= 624 y1= 342 y2= 351 tnt1=  24 tnt2=  26 +=  50
x1= 624 x2= 632 y1= 341 y2= 350 tnt1=  16 tnt2=  18 +=  34D
x1= 633 x2= 634 y1= 343 y2= 350 tnt1=  18 tnt2=  18 +=  36D
x1= 634 x2= 634 y1= 343 y2= 351 tnt1=  25 tnt2=  26 +=  51
x1= 631 x2= 633 y1= 343 y2= 350 tnt1=   4 tnt2=  17 +=  21D
x1= 633 x2= 637 y1= 342 y2= 350 tnt1=  12 tnt2=  14 +=  26D
x1= 633 x2= 624 y1= 346 y2= 352 tnt1=  23 tnt2=  17 +=  40D
x1= 633 x2= 638 y1= 342 y2= 350 tnt1=  12 tnt2=  26 +=  38D
x1= 633 x2= 639 y1= 341 y2= 349 tnt1=  11 tnt2=  13 +=  24D
x1= 633 x2= 634 y1= 343 y2= 351 tnt1=  15 tnt2=  26 +=  41
x1= 634 x2= 626 y1= 345 y2= 351 tnt1=  20 tnt2=  23 +=  43
x1= 623 x2= 632 y1= 343 y2= 350 tnt1=  16 tnt2=  18 +=  34D
x1= 639 x2= 635 y1= 343 y2= 350 tnt1=  14 tnt2=  16 +=  30D
x1= 634 x2= 634 y1= 343 y2= 351 tnt1=  25 tnt2=  27 +=  52
x1= 632 x2= 633 y1= 343 y2= 349 tnt1=   4 tnt2=   7 +=  11D
x1= 632 x2= 638 y1= 342 y2= 350 tnt1=  12 tnt2=  14 +=  26D
x1= 636 x2= 635 y1= 345 y2= 352 tnt1=  24 tnt2=  22 +=  46
x1= 632 x2= 643 y1= 342 y2= 350 tnt1=   8 tnt2=  17 +=  25D
x1= 632 x2= 634 y1= 342 y2= 349 tnt1=   4 tnt2=   8 +=  12D
x1= 634 x2= 624 y1= 343 y2= 351 tnt1=  21 tnt2=  23 +=  44
x1= 634 x2= 630 y1= 344 y2= 351 tnt1=  18 tnt2=  19 +=  37D
x1= 639 x2= 635 y1= 343 y2= 351 tnt1=  14 tnt2=  16 +=  30D
x1= 638 x2= 635 y1= 343 y2= 351 tnt1=  13 tnt2=  16 +=  29D
x1= 631 x2= 633 y1= 344 y2= 351 tnt1=  15 tnt2=  17 +=  32D
x1= 633 x2= 642 y1= 343 y2= 350 tnt1=   7 tnt2=  10 +=  17D
x1= 633 x2= 636 y1= 343 y2= 351 tnt1=  12 tnt2=  15 +=  27D
x1= 633 x2= 642 y1= 344 y2= 352 tnt1=  10 tnt2=  15 +=  25D
x1= 641 x2= 635 y1= 343 y2= 350 tnt1=  14 tnt2=  21 +=  35D
x1= 635 x2= 634 y1= 343 y2= 351 tnt1=  24 tnt2=  26 +=  50
x1= 634 x2= 627 y1= 344 y2= 351 tnt1=  21 tnt2=  21 +=  42
x1= 631 x2= 637 y1= 342 y2= 350 tnt1=  14 tnt2=  15 +=  29D
x1= 636 x2= 634 y1= 343 y2= 351 tnt1=  14 tnt2=  17 +=  31D
x1= 636 x2= 634 y1= 343 y2= 350 tnt1=  15 tnt2=  16 +=  31D
x1= 632 x2= 643 y1= 343 y2= 350 tnt1=   7 tnt2=  11 +=  18D
x1= 641 x2= 636 y1= 343 y2= 350 tnt1=  14 tnt2=  16 +=  30D
x1= 623 x2= 632 y1= 344 y2= 351 tnt1=  16 tnt2=  18 +=  34D
x1= 632 x2= 637 y1= 345 y2= 352 tnt1=  12 tnt2=  16 +=  28D
x1= 623 x2= 631 y1= 343 y2= 351 tnt1=  16 tnt2=   9 +=  25D
x1= 635 x2= 634 y1= 342 y2= 351 tnt1=  21 tnt2=  26 +=  47
x1= 632 x2= 630 y1= 344 y2= 351 tnt1=  17 tnt2=  20 +=  37D
x1= 633 x2= 636 y1= 343 y2= 351 tnt1=  12 tnt2=  15 +=  27D
x1= 630 x2= 633 y1= 343 y2= 350 tnt1=   9 tnt2=  18 +=  27D
x1= 630 x2= 633 y1= 344 y2= 350 tnt1=  15 tnt2=  17 +=  32D
x1= 632 x2= 643 y1= 342 y2= 350 tnt1=   7 tnt2=   9 +=  16D
x1= 633 x2= 631 y1= 344 y2= 351 tnt1=  17 tnt2=  21 +=  38D
x1= 642 x2= 636 y1= 343 y2= 351 tnt1=  13 tnt2=  15 +=  28D
x1= 636 x2= 636 y1= 346 y2= 353 tnt1=  13 tnt2=  25 +=  38D
x1= 626 x2= 633 y1= 344 y2= 350 tnt1=  16 tnt2=  14 +=  30D
x1= 635 x2= 634 y1= 343 y2= 350 tnt1=  14 tnt2=  16 +=  30D
x1= 633 x2= 637 y1= 342 y2= 350 tnt1=  11 tnt2=  14 +=  25D
x1= 640 x2= 636 y1= 343 y2= 350 tnt1=  13 tnt2=  15 +=  28D
x1= 626 x2= 633 y1= 341 y2= 350 tnt1=  15 tnt2=  18 +=  33D
x1= 631 x2= 633 y1= 343 y2= 350 tnt1=   5 tnt2=  16 +=  21D
x1= 632 x2= 642 y1= 342 y2= 351 tnt1=  10 tnt2=  12 +=  22D
x1= 634 x2= 628 y1= 344 y2= 350 tnt1=  18 tnt2=  21 +=  39D
x1= 633 x2= 637 y1= 343 y2= 350 tnt1=  12 tnt2=  13 +=  25D
x1= 633 x2= 628 y1= 346 y2= 352 tnt1=  17 tnt2=  17 +=  34D
x1= 628 x2= 633 y1= 343 y2= 350 tnt1=  16 tnt2=  14 +=  30D
x1= 631 x2= 634 y1= 343 y2= 350 tnt1=   4 tnt2=  17 +=  21D
x1= 643 x2= 637 y1= 343 y2= 351 tnt1=  12 tnt2=  14 +=  26D
x1= 635 x2= 634 y1= 343 y2= 352 tnt1=  24 tnt2=  16 +=  40D
x1= 630 x2= 633 y1= 344 y2= 351 tnt1=  15 tnt2=  17 +=  32D
x1= 631 x2= 634 y1= 343 y2= 350 tnt1=   5 tnt2=   6 +=  11D
x1= 633 x2= 628 y1= 345 y2= 351 tnt1=  18 tnt2=  21 +=  39D
x1= 624 x2= 632 y1= 344 y2= 351 tnt1=  15 tnt2=  19 +=  34D
x1= 633 x2= 641 y1= 342 y2= 350 tnt1=  11 tnt2=  12 +=  23D
x1= 634 x2= 643 y1= 345 y2= 353 tnt1=  14 tnt2=  16 +=  30D
x1= 631 x2= 635 y1= 343 y2= 351 tnt1=  17 tnt2=  15 +=  32D
x1= 635 x2= 643 y1= 343 y2= 351 tnt1=  11 tnt2=  14 +=  25D
x1= 645 x2= 639 y1= 343 y2= 351 tnt1=  14 tnt2=  17 +=  31D
x1= 627 x2= 635 y1= 344 y2= 351 tnt1=  17 tnt2=  18 +=  35D
x1= 631 x2= 635 y1= 344 y2= 351 tnt1=  16 tnt2=   9 +=  25D
x1= 642 x2= 638 y1= 343 y2= 351 tnt1=  14 tnt2=  17 +=  31D
x1= 635 x2= 631 y1= 343 y2= 352 tnt1=  18 tnt2=  22 +=  40D
x1= 624 x2= 634 y1= 343 y2= 351 tnt1=  17 tnt2=  21 +=  38D
x1= 637 x2= 636 y1= 343 y2= 351 tnt1=  15 tnt2=  18 +=  33D
x1= 632 x2= 636 y1= 343 y2= 352 tnt1=  18 tnt2=  14 +=  32D
x1= 638 x2= 636 y1= 346 y2= 354 tnt1=  15 tnt2=  20 +=  35D
x1= 635 x2= 641 y1= 343 y2= 351 tnt1=  11 tnt2=  15 +=  26D
x1= 636 x2= 628 y1= 345 y2= 351 tnt1=  21 tnt2=  23 +=  44
x1= 627 x2= 635 y1= 343 y2= 352 tnt1=  16 tnt2=  19 +=  35D
x1= 632 x2= 635 y1= 344 y2= 351 tnt1=  16 tnt2=  19 +=  35D
x1= 636 x2= 626 y1= 344 y2= 353 tnt1=  24 tnt2=  28 +=  52
x1= 635 x2= 632 y1= 344 y2= 351 tnt1=  20 tnt2=  21 +=  41
x1= 634 x2= 639 y1= 343 y2= 351 tnt1=  14 tnt2=  15 +=  29D
x1= 632 x2= 635 y1= 344 y2= 352 tnt1=  16 tnt2=  18 +=  34D
x1= 634 x2= 639 y1= 347 y2= 353 tnt1=  14 tnt2=  26 +=  40D
x1= 637 x2= 637 y1= 343 y2= 352 tnt1=  15 tnt2=  19 +=  34D
x1= 634 x2= 643 y1= 342 y2= 351 tnt1=  10 tnt2=  14 +=  24D
x1= 625 x2= 634 y1= 344 y2= 352 tnt1=  17 tnt2=  21 +=  38D
x1= 628 x2= 635 y1= 345 y2= 352 tnt1=  16 tnt2=  19 +=  35D
x1= 634 x2= 637 y1= 344 y2= 351 tnt1=  13 tnt2=  19 +=  32D
x1= 635 x2= 629 y1= 345 y2= 352 tnt1=  22 tnt2=  22 +=  44
x1= 634 x2= 637 y1= 343 y2= 350 tnt1=   5 tnt2=  12 +=  17D
x1= 635 x2= 641 y1= 342 y2= 351 tnt1=  14 tnt2=  15 +=  29D
x1= 644 x2= 639 y1= 343 y2= 351 tnt1=  15 tnt2=  18 +=  33D
x1= 642 x2= 637 y1= 346 y2= 354 tnt1=  15 tnt2=  26 +=  41
x1= 642 x2= 639 y1= 343 y2= 352 tnt1=  14 tnt2=  26 +=  40D
x1= 636 x2= 633 y1= 344 y2= 351 tnt1=  19 tnt2=  22 +=  41
x1= 635 x2= 634 y1= 344 y2= 352 tnt1=  18 tnt2=  20 +=  38D
x1= 645 x2= 639 y1= 343 y2= 351 tnt1=  14 tnt2=  17 +=  31D
x1= 636 x2= 637 y1= 343 y2= 352 tnt1=  25 tnt2=  26 +=  51
x1= 637 x2= 637 y1= 342 y2= 350 tnt1=  20 tnt2=  18 +=  38D
x1= 634 x2= 639 y1= 343 y2= 351 tnt1=  13 tnt2=  15 +=  28D
x1= 643 x2= 638 y1= 344 y2= 352 tnt1=  15 tnt2=  17 +=  32D
x1= 633 x2= 636 y1= 344 y2= 351 tnt1=  16 tnt2=  19 +=  35D
x1= 643 x2= 638 y1= 346 y2= 354 tnt1=  15 tnt2=  24 +=  39D
x1= 628 x2= 636 y1= 344 y2= 351 tnt1=  16 tnt2=  15 +=  31D
x1= 629 x2= 634 y1= 344 y2= 351 tnt1=  18 tnt2=  20 +=  38D
x1= 635 x2= 631 y1= 344 y2= 352 tnt1=  19 tnt2=  18 +=  37D
x1= 638 x2= 637 y1= 343 y2= 351 tnt1=  15 tnt2=  18 +=  33D
x1= 636 x2= 637 y1= 344 y2= 352 tnt1=  26 tnt2=  27 +=  53
x1= 633 x2= 639 y1= 343 y2= 351 tnt1=  13 tnt2=  16 +=  29D
x1= 644 x2= 639 y1= 343 y2= 351 tnt1=  14 tnt2=  17 +=  31D
x1= 626 x2= 634 y1= 343 y2= 351 tnt1=  17 tnt2=  21 +=  38D
x1= 633 x2= 636 y1= 344 y2= 351 tnt1=  16 tnt2=  19 +=  35D
x1= 635 x2= 637 y1= 346 y2= 353 tnt1=  18 tnt2=  16 +=  34D
x1= 633 x2= 636 y1= 343 y2= 350 tnt1=  16 tnt2=  17 +=  33D
x1= 625 x2= 635 y1= 344 y2= 352 tnt1=  17 tnt2=  19 +=  36D
x1= 641 x2= 637 y1= 343 y2= 352 tnt1=  15 tnt2=  17 +=  32D
x1= 637 x2= 637 y1= 344 y2= 352 tnt1=  15 tnt2=  26 +=  41
x1= 634 x2= 646 y1= 343 y2= 350 tnt1=   9 tnt2=  10 +=  19D
x1= 635 x2= 643 y1= 343 y2= 351 tnt1=  11 tnt2=  12 +=  23D
x1= 635 x2= 636 y1= 344 y2= 352 tnt1=  11 tnt2=  23 +=  34D
x1= 631 x2= 635 y1= 344 y2= 351 tnt1=  16 tnt2=  19 +=  35D
x1= 637 x2= 637 y1= 344 y2= 352 tnt1=  24 tnt2=  27 +=  51
x1= 628 x2= 635 y1= 346 y2= 352 tnt1=  16 tnt2=  12 +=  28D
x1= 633 x2= 635 y1= 341 y2= 350 tnt1=   5 tnt2=  17 +=  22D
x1= 635 x2= 638 y1= 343 y2= 351 tnt1=  13 tnt2=  17 +=  30D
x1= 638 x2= 637 y1= 343 y2= 351 tnt1=  15 tnt2=  17 +=  32D
x1= 634 x2= 636 y1= 344 y2= 350 tnt1=   6 tnt2=   8 +=  14D
x1= 635 x2= 641 y1= 343 y2= 351 tnt1=  12 tnt2=  15 +=  27D
x1= 635 x2= 642 y1= 343 y2= 351 tnt1=  10 tnt2=  14 +=  24D
x1= 626 x2= 635 y1= 344 y2= 352 tnt1=  17 tnt2=  20 +=  37D
x1= 631 x2= 636 y1= 344 y2= 351 tnt1=  17 tnt2=  19 +=  36D
x1= 637 x2= 636 y1= 344 y2= 352 tnt1=  15 tnt2=  28 +=  43
x1= 632 x2= 635 y1= 369 y2= 359 tnt1=  16 tnt2=  16 +=  32D
x1= 638 x2= 637 y1= 344 y2= 352 tnt1=  16 tnt2=  21 +=  37D
x1= 636 x2= 637 y1= 344 y2= 352 tnt1=  25 tnt2=  18 +=  43
x1= 637 x2= 637 y1= 343 y2= 351 tnt1=  15 tnt2=  18 +=  33D
x1= 633 x2= 645 y1= 344 y2= 350 tnt1=   4 tnt2=   8 +=  12D
x1= 635 x2= 628 y1= 345 y2= 352 tnt1=  16 tnt2=  24 +=  40D
x1= 635 x2= 632 y1= 344 y2= 351 tnt1=  19 tnt2=  21 +=  40D
x1= 628 x2= 636 y1= 344 y2= 351 tnt1=  16 tnt2=  19 +=  35D
x1= 641 x2= 637 y1= 343 y2= 351 tnt1=  15 tnt2=  17 +=  32D
x1= 636 x2= 628 y1= 344 y2= 352 tnt1=  25 tnt2=  28 +=  53
x1= 630 x2= 635 y1= 346 y2= 352 tnt1=  15 tnt2=  12 +=  27D
x1= 636 x2= 636 y1= 345 y2= 352 tnt1=  25 tnt2=  19 +=  44
x1= 642 x2= 637 y1= 344 y2= 351 tnt1=  15 tnt2=  17 +=  32D
x1= 635 x2= 632 y1= 344 y2= 352 tnt1=  18 tnt2=  20 +=  38D
x1= 633 x2= 636 y1= 344 y2= 349 tnt1=   5 tnt2=   8 +=  13D
x1= 635 x2= 631 y1= 344 y2= 352 tnt1=  18 tnt2=  23 +=  41
x1= 635 x2= 633 y1= 344 y2= 351 tnt1=  18 tnt2=  21 +=  39D
x1= 631 x2= 635 y1= 343 y2= 351 tnt1=  16 tnt2=  19 +=  35D
x1= 638 x2= 636 y1= 343 y2= 351 tnt1=  15 tnt2=  18 +=  33D
x1= 636 x2= 627 y1= 344 y2= 352 tnt1=  22 tnt2=  25 +=  47
x1= 630 x2= 635 y1= 346 y2= 352 tnt1=  17 tnt2=  11 +=  28D
x1= 636 x2= 636 y1= 348 y2= 353 tnt1=  25 tnt2=  19 +=  44
x1= 627 x2= 634 y1= 344 y2= 351 tnt1=  16 tnt2=  20 +=  36D
x1= 633 x2= 635 y1= 345 y2= 351 tnt1=  16 tnt2=  18 +=  34D
x1= 634 x2= 644 y1= 344 y2= 351 tnt1=   5 tnt2=   9 +=  14D
x1= 635 x2= 629 y1= 345 y2= 352 tnt1=  20 tnt2=  24 +=  44
x1= 635 x2= 632 y1= 344 y2= 351 tnt1=  18 tnt2=  20 +=  38D
x1= 641 x2= 637 y1= 343 y2= 351 tnt1=  14 tnt2=  17 +=  31D
x1= 636 x2= 629 y1= 344 y2= 352 tnt1=  20 tnt2=  26 +=  46
x1= 636 x2= 627 y1= 344 y2= 352 tnt1=  20 tnt2=  26 +=  46
x1= 632 x2= 636 y1= 346 y2= 352 tnt1=   7 tnt2=  13 +=  20D
x1= 635 x2= 632 y1= 344 y2= 352 tnt1=  20 tnt2=   9 +=  29D
x1= 630 x2= 636 y1= 344 y2= 352 tnt1=  17 tnt2=  20 +=  37D
x1= 635 x2= 637 y1= 344 y2= 351 tnt1=   5 tnt2=   9 +=  14D
x1= 637 x2= 637 y1= 344 y2= 352 tnt1=  25 tnt2=  28 +=  53
x1= 635 x2= 632 y1= 344 y2= 351 tnt1=  18 tnt2=  20 +=  38D
x1= 638 x2= 639 y1= 343 y2= 352 tnt1=  14 tnt2=  16 +=  30D
x1= 639 x2= 638 y1= 343 y2= 350 tnt1=  15 tnt2=  18 +=  33D
x1= 639 x2= 639 y1= 344 y2= 352 tnt1=  16 tnt2=  19 +=  35D
x1= 636 x2= 647 y1= 342 y2= 351 tnt1=  10 tnt2=  14 +=  24D
x1= 639 x2= 638 y1= 347 y2= 354 tnt1=  27 tnt2=  21 +=  48
x1= 635 x2= 647 y1= 344 y2= 354 tnt1=  13 tnt2=  18 +=  31D
x1= 632 x2= 636 y1= 344 y2= 352 tnt1=  17 tnt2=  20 +=  37D
x1= 644 x2= 639 y1= 344 y2= 352 tnt1=  15 tnt2=  17 +=  32D
x1= 636 x2= 628 y1= 346 y2= 353 tnt1=  22 tnt2=  24 +=  46
x1= 636 x2= 633 y1= 344 y2= 352 tnt1=  19 tnt2=  21 +=  40D
x1= 645 x2= 638 y1= 344 y2= 352 tnt1=  14 tnt2=  17 +=  31D
x1= 638 x2= 636 y1= 344 y2= 352 tnt1=  15 tnt2=  17 +=  32D
x1= 631 x2= 635 y1= 345 y2= 352 tnt1=  16 tnt2=  18 +=  34D
x1= 634 x2= 645 y1= 343 y2= 352 tnt1=   9 tnt2=  13 +=  22D
x1= 628 x2= 635 y1= 347 y2= 353 tnt1=  16 tnt2=  12 +=  28D
x1= 635 x2= 643 y1= 344 y2= 352 tnt1=  11 tnt2=  17 +=  28D
x1= 633 x2= 636 y1= 344 y2= 352 tnt1=  15 tnt2=  19 +=  34D
x1= 636 x2= 637 y1= 344 y2= 353 tnt1=  25 tnt2=  27 +=  52
x1= 627 x2= 633 y1= 344 y2= 352 tnt1=  17 tnt2=  20 +=  37D
x1= 628 x2= 634 y1= 345 y2= 352 tnt1=   5 tnt2=  20 +=  25D
x1= 645 x2= 638 y1= 344 y2= 352 tnt1=  14 tnt2=  16 +=  30D
x1= 625 x2= 634 y1= 345 y2= 352 tnt1=  17 tnt2=  19 +=  36D
x1= 633 x2= 636 y1= 344 y2= 351 tnt1=   5 tnt2=  19 +=  24D
x1= 635 x2= 643 y1= 343 y2= 352 tnt1=  12 tnt2=  16 +=  28D
x1= 635 x2= 647 y1= 346 y2= 354 tnt1=   7 tnt2=  17 +=  24D
x1= 636 x2= 641 y1= 344 y2= 353 tnt1=  12 tnt2=  27 +=  39D
x1= 639 x2= 638 y1= 344 y2= 353 tnt1=  15 tnt2=  17 +=  32D
x1= 637 x2= 627 y1= 344 y2= 353 tnt1=  24 tnt2=  25 +=  49
x1= 634 x2= 637 y1= 345 y2= 352 tnt1=  16 tnt2=  20 +=  36D
x1= 643 x2= 640 y1= 344 y2= 352 tnt1=  14 tnt2=  16 +=  30D
x1= 636 x2= 640 y1= 344 y2= 352 tnt1=  14 tnt2=  16 +=  30D
x1= 633 x2= 636 y1= 345 y2= 352 tnt1=  16 tnt2=  19 +=  35D
x1= 634 x2= 637 y1= 345 y2= 351 tnt1=   6 tnt2=   9 +=  15D
x1= 636 x2= 641 y1= 344 y2= 352 tnt1=  13 tnt2=  16 +=  29D
x1= 635 x2= 645 y1= 347 y2= 354 tnt1=  10 tnt2=  17 +=  27D
x1= 639 x2= 638 y1= 346 y2= 354 tnt1=  23 tnt2=  20 +=  43
x1= 640 x2= 639 y1= 344 y2= 353 tnt1=  16 tnt2=  19 +=  35D
x1= 639 x2= 630 y1= 345 y2= 354 tnt1=  25 tnt2=  30 +=  55
x1= 637 x2= 648 y1= 344 y2= 353 tnt1=  11 tnt2=  14 +=  25D
x1= 647 x2= 641 y1= 345 y2= 352 tnt1=  15 tnt2=  18 +=  33D
x1= 630 x2= 638 y1= 345 y2= 353 tnt1=  17 tnt2=  21 +=  38D
x1= 635 x2= 638 y1= 345 y2= 352 tnt1=  17 tnt2=  20 +=  37D
x1= 642 x2= 640 y1= 345 y2= 353 tnt1=  16 tnt2=  18 +=  34D
x1= 638 x2= 634 y1= 346 y2= 353 tnt1=  20 tnt2=  23 +=  43
x1= 637 x2= 639 y1= 347 y2= 355 tnt1=  20 tnt2=  21 +=  41
x1= 638 x2= 628 y1= 345 y2= 353 tnt1=  26 tnt2=  20 +=  46
x1= 637 x2= 639 y1= 344 y2= 353 tnt1=  23 tnt2=  25 +=  48
x1= 635 x2= 648 y1= 344 y2= 352 tnt1=   9 tnt2=  12 +=  21D
x1= 637 x2= 643 y1= 344 y2= 352 tnt1=  13 tnt2=  17 +=  30D
x1= 638 x2= 634 y1= 345 y2= 353 tnt1=  20 tnt2=  23 +=  43
x1= 632 x2= 638 y1= 344 y2= 353 tnt1=  17 tnt2=  21 +=  38D
x1= 634 x2= 638 y1= 345 y2= 353 tnt1=  17 tnt2=  20 +=  37D
x1= 638 x2= 630 y1= 345 y2= 353 tnt1=  23 tnt2=  26 +=  49
x1= 638 x2= 636 y1= 345 y2= 353 tnt1=  19 tnt2=  22 +=  41
x1= 638 x2= 629 y1= 348 y2= 355 tnt1=  23 tnt2=  20 +=  43
x1= 638 x2= 628 y1= 345 y2= 353 tnt1=  22 tnt2=  20 +=  42
x1= 631 x2= 638 y1= 345 y2= 353 tnt1=  17 tnt2=  21 +=  38D
x1= 637 x2= 647 y1= 343 y2= 352 tnt1=  12 tnt2=  14 +=  26D
x1= 631 x2= 638 y1= 344 y2= 352 tnt1=  17 tnt2=  21 +=  38D
x1= 635 x2= 638 y1= 345 y2= 353 tnt1=  17 tnt2=  20 +=  37D
x1= 634 x2= 638 y1= 344 y2= 352 tnt1=  17 tnt2=  20 +=  37D
x1= 640 x2= 639 y1= 345 y2= 354 tnt1=  26 tnt2=  24 +=  50
x1= 638 x2= 631 y1= 347 y2= 353 tnt1=  23 tnt2=  25 +=  48
x1= 636 x2= 646 y1= 343 y2= 352 tnt1=  12 tnt2=  13 +=  25D
x1= 637 x2= 633 y1= 348 y2= 355 tnt1=  20 tnt2=  20 +=  40D
x1= 637 x2= 638 y1= 344 y2= 352 tnt1=  22 tnt2=  29 +=  51
x1= 636 x2= 638 y1= 344 y2= 351 tnt1=   6 tnt2=   8 +=  14D
x1= 636 x2= 644 y1= 344 y2= 352 tnt1=  12 tnt2=  16 +=  28D
x1= 638 x2= 634 y1= 345 y2= 353 tnt1=  20 tnt2=  24 +=  44
x1= 640 x2= 640 y1= 345 y2= 352 tnt1=  24 tnt2=  19 +=  43
x1= 638 x2= 639 y1= 345 y2= 354 tnt1=  25 tnt2=  19 +=  44
x1= 638 x2= 629 y1= 344 y2= 353 tnt1=  23 tnt2=  28 +=  51
x1= 637 x2= 639 y1= 345 y2= 352 tnt1=  16 tnt2=  20 +=  36D
x1= 645 x2= 640 y1= 345 y2= 352 tnt1=  15 tnt2=  19 +=  34D
x1= 636 x2= 643 y1= 347 y2= 355 tnt1=  14 tnt2=  18 +=  32D
x1= 646 x2= 640 y1= 344 y2= 352 tnt1=  15 tnt2=  24 +=  39D
x1= 637 x2= 646 y1= 344 y2= 352 tnt1=  11 tnt2=  14 +=  25D
x1= 636 x2= 632 y1= 346 y2= 353 tnt1=  19 tnt2=  25 +=  44
x1= 639 x2= 629 y1= 345 y2= 353 tnt1=  26 tnt2=  30 +=  56
x1= 647 x2= 643 y1= 344 y2= 353 tnt1=  16 tnt2=  19 +=  35D
x1= 639 x2= 638 y1= 345 y2= 354 tnt1=  22 tnt2=  19 +=  41
x1= 639 x2= 629 y1= 344 y2= 353 tnt1=  25 tnt2=  29 +=  54
x1= 636 x2= 646 y1= 343 y2= 352 tnt1=  11 tnt2=  13 +=  24D
x1= 646 x2= 641 y1= 345 y2= 353 tnt1=  15 tnt2=  18 +=  33D
x1= 636 x2= 646 y1= 347 y2= 355 tnt1=  13 tnt2=  19 +=  32D
x1= 637 x2= 646 y1= 344 y2= 353 tnt1=  12 tnt2=  19 +=  31D
x1= 635 x2= 638 y1= 345 y2= 352 tnt1=  17 tnt2=  20 +=  37D
x1= 638 x2= 636 y1= 346 y2= 353 tnt1=  19 tnt2=  22 +=  41
x1= 627 x2= 636 y1= 345 y2= 352 tnt1=  18 tnt2=  23 +=  41
x1= 641 x2= 640 y1= 344 y2= 352 tnt1=  16 tnt2=  19 +=  35D
x1= 640 x2= 639 y1= 345 y2= 353 tnt1=  26 tnt2=  30 +=  56
x1= 636 x2= 639 y1= 345 y2= 352 tnt1=   6 tnt2=  11 +=  17D
x1= 637 x2= 643 y1= 344 y2= 352 tnt1=  14 tnt2=  17 +=  31D
x1= 628 x2= 637 y1= 345 y2= 353 tnt1=  17 tnt2=  21 +=  38D
x1= 638 x2= 633 y1= 347 y2= 354 tnt1=  17 tnt2=  20 +=  37D
x1= 641 x2= 639 y1= 343 y2= 353 tnt1=  16 tnt2=  23 +=  39D
x1= 629 x2= 638 y1= 345 y2= 352 tnt1=  18 tnt2=  20 +=  38D
x1= 627 x2= 637 y1= 345 y2= 352 tnt1=  18 tnt2=  23 +=  41
x1= 647 x2= 641 y1= 343 y2= 352 tnt1=  15 tnt2=  18 +=  33D
x1= 640 x2= 640 y1= 345 y2= 353 tnt1=  16 tnt2=  20 +=  36D
x1= 636 x2= 647 y1= 345 y2= 351 tnt1=   9 tnt2=  20 +=  29D
x1= 637 x2= 646 y1= 343 y2= 352 tnt1=  12 tnt2=  15 +=  27D
x1= 635 x2= 643 y1= 344 y2= 352 tnt1=  14 tnt2=  18 +=  32D
x1= 633 x2= 638 y1= 345 y2= 353 tnt1=  17 tnt2=  21 +=  38D
x1= 646 x2= 641 y1= 347 y2= 355 tnt1=  15 tnt2=  28 +=  43
x1= 638 x2= 635 y1= 344 y2= 353 tnt1=  20 tnt2=  10 +=  30D
x1= 638 x2= 628 y1= 345 y2= 353 tnt1=  26 tnt2=  28 +=  54
x1= 646 x2= 641 y1= 343 y2= 352 tnt1=  15 tnt2=  17 +=  32D
x1= 643 x2= 640 y1= 345 y2= 353 tnt1=  16 tnt2=  19 +=  35D
x1= 639 x2= 640 y1= 344 y2= 352 tnt1=  16 tnt2=  19 +=  35D
x1= 636 x2= 639 y1= 345 y2= 352 tnt1=   6 tnt2=  10 +=  16D
x1= 636 x2= 643 y1= 342 y2= 352 tnt1=  13 tnt2=  16 +=  29D
x1= 627 x2= 636 y1= 346 y2= 353 tnt1=  18 tnt2=  22 +=  40D
x1= 632 x2= 638 y1= 344 y2= 353 tnt1=  18 tnt2=  21 +=  39D
x1= 647 x2= 641 y1= 347 y2= 355 tnt1=  15 tnt2=  29 +=  44
x1= 629 x2= 637 y1= 344 y2= 353 tnt1=  19 tnt2=  16 +=  35D
x1= 638 x2= 632 y1= 346 y2= 353 tnt1=  21 tnt2=  25 +=  46
x1= 644 x2= 640 y1= 345 y2= 352 tnt1=  15 tnt2=  19 +=  34D
x1= 641 x2= 640 y1= 344 y2= 352 tnt1=  16 tnt2=  19 +=  35D
x1= 640 x2= 639 y1= 344 y2= 353 tnt1=  19 tnt2=  20 +=  39D
x1= 636 x2= 648 y1= 343 y2= 352 tnt1=   9 tnt2=  14 +=  23D
x1= 638 x2= 632 y1= 345 y2= 353 tnt1=  20 tnt2=  25 +=  45
x1= 635 x2= 638 y1= 344 y2= 353 tnt1=  17 tnt2=  20 +=  37D
x1= 635 x2= 638 y1= 344 y2= 352 tnt1=  17 tnt2=  20 +=  37D
x1= 628 x2= 637 y1= 347 y2= 354 tnt1=  18 tnt2=  11 +=  29D
x1= 635 x2= 639 y1= 345 y2= 352 tnt1=  17 tnt2=  18 +=  35D
x1= 636 x2= 644 y1= 344 y2= 352 tnt1=  13 tnt2=  17 +=  30D
x1= 644 x2= 640 y1= 344 y2= 352 tnt1=  16 tnt2=  19 +=  35D
x1= 638 x2= 636 y1= 345 y2= 353 tnt1=  18 tnt2=  23 +=  41
x1= 636 x2= 639 y1= 344 y2= 351 tnt1=   6 tnt2=  20 +=  26D
x1= 636 x2= 647 y1= 344 y2= 352 tnt1=   9 tnt2=  13 +=  22D
x1= 638 x2= 635 y1= 345 y2= 353 tnt1=  19 tnt2=  22 +=  41
x1= 628 x2= 637 y1= 345 y2= 353 tnt1=  18 tnt2=  21 +=  39D
x1= 639 x2= 640 y1= 344 y2= 352 tnt1=  16 tnt2=  19 +=  35D
x1= 631 x2= 638 y1= 356 y2= 356 tnt1=  18 tnt2=  15 +=  33D
x1= 647 x2= 639 y1= 344 y2= 352 tnt1=  15 tnt2=  25 +=  40D
x1= 637 x2= 642 y1= 342 y2= 352 tnt1=  14 tnt2=  17 +=  31D
x1= 642 x2= 640 y1= 345 y2= 353 tnt1=  16 tnt2=  19 +=  35D
x1= 633 x2= 638 y1= 345 y2= 353 tnt1=  17 tnt2=  21 +=  38D
x1= 635 x2= 639 y1= 345 y2= 352 tnt1=   6 tnt2=   9 +=  15D
x1= 639 x2= 631 y1= 345 y2= 353 tnt1=  22 tnt2=  24 +=  46
x1= 638 x2= 636 y1= 346 y2= 353 tnt1=  19 tnt2=  22 +=  41
x1= 637 x2= 647 y1= 343 y2= 352 tnt1=  10 tnt2=  15 +=  25D
x1= 639 x2= 639 y1= 344 y2= 354 tnt1=  16 tnt2=  29 +=  45
x1= 646 x2= 642 y1= 347 y2= 353 tnt1=  16 tnt2=  19 +=  35D
x1= 639 x2= 633 y1= 345 y2= 353 tnt1=  26 tnt2=  21 +=  47
x1= 637 x2= 643 y1= 344 y2= 353 tnt1=  14 tnt2=  16 +=  30D
x1= 631 x2= 638 y1= 345 y2= 353 tnt1=  17 tnt2=  21 +=  38D
x1= 637 x2= 648 y1= 342 y2= 351 tnt1=  11 tnt2=  11 +=  22D
x1= 643 x2= 640 y1= 343 y2= 352 tnt1=  16 tnt2=  18 +=  34D
x1= 636 x2= 633 y1= 345 y2= 353 tnt1=  21 tnt2=  23 +=  44
x1= 638 x2= 634 y1= 346 y2= 353 tnt1=  19 tnt2=  23 +=  42
x1= 644 x2= 640 y1= 344 y2= 353 tnt1=  14 tnt2=  18 +=  32D
x1= 640 x2= 639 y1= 345 y2= 352 tnt1=  16 tnt2=  19 +=  35D
x1= 631 x2= 638 y1= 348 y2= 354 tnt1=  17 tnt2=  13 +=  30D
x1= 638 x2= 628 y1= 345 y2= 353 tnt1=  22 tnt2=  21 +=  43
x1= 638 x2= 628 y1= 343 y2= 353 tnt1=  23 tnt2=  26 +=  49
x1= 633 x2= 638 y1= 345 y2= 353 tnt1=  17 tnt2=  20 +=  37D
x1= 637 x2= 642 y1= 344 y2= 352 tnt1=  14 tnt2=  16 +=  30D
x1= 638 x2= 632 y1= 345 y2= 352 tnt1=  21 tnt2=  24 +=  45
x1= 638 x2= 632 y1= 346 y2= 353 tnt1=  23 tnt2=  25 +=  48
x1= 647 x2= 641 y1= 344 y2= 352 tnt1=  15 tnt2=  18 +=  33D
x1= 642 x2= 640 y1= 345 y2= 352 tnt1=  14 tnt2=  19 +=  33D
x1= 633 x2= 638 y1= 345 y2= 352 tnt1=  17 tnt2=  21 +=  38D
x1= 641 x2= 639 y1= 348 y2= 356 tnt1=  16 tnt2=  23 +=  39D
x1= 642 x2= 640 y1= 344 y2= 354 tnt1=  16 tnt2=  22 +=  38D
x1= 626 x2= 637 y1= 344 y2= 353 tnt1=  18 tnt2=  21 +=  39D
x1= 633 x2= 638 y1= 345 y2= 352 tnt1=  16 tnt2=  20 +=  36D
x1= 640 x2= 640 y1= 345 y2= 354 tnt1=  16 tnt2=  19 +=  35D
x1= 637 x2= 647 y1= 343 y2= 352 tnt1=  16 tnt2=  13 +=  29D
x1= 637 x2= 648 y1= 344 y2= 352 tnt1=   9 tnt2=  12 +=  21D
x1= 646 x2= 641 y1= 344 y2= 352 tnt1=  15 tnt2=  18 +=  33D
x1= 638 x2= 641 y1= 345 y2= 353 tnt1=  15 tnt2=  20 +=  35D
x1= 634 x2= 639 y1= 345 y2= 352 tnt1=  16 tnt2=  14 +=  30D
x1= 639 x2= 631 y1= 348 y2= 355 tnt1=  25 tnt2=  20 +=  45
x1= 633 x2= 638 y1= 345 y2= 352 tnt1=  17 tnt2=  18 +=  35D
x1= 630 x2= 638 y1= 345 y2= 352 tnt1=  17 tnt2=  21 +=  38D
x1= 646 x2= 640 y1= 344 y2= 353 tnt1=  15 tnt2=  18 +=  33D
x1= 639 x2= 639 y1= 344 y2= 353 tnt1=  26 tnt2=  30 +=  56
x1= 635 x2= 642 y1= 345 y2= 353 tnt1=  15 tnt2=  23 +=  38D
x1= 636 x2= 645 y1= 344 y2= 352 tnt1=  13 tnt2=  16 +=  29D
x1= 646 x2= 641 y1= 345 y2= 352 tnt1=  15 tnt2=  18 +=  33D
x1= 631 x2= 638 y1= 345 y2= 353 tnt1=  17 tnt2=  21 +=  38D
x1= 636 x2= 649 y1= 345 y2= 352 tnt1=   7 tnt2=  10 +=  17D
x1= 630 x2= 638 y1= 346 y2= 354 tnt1=  19 tnt2=  13 +=  32D
x1= 636 x2= 649 y1= 343 y2= 352 tnt1=   6 tnt2=  19 +=  25D
x1= 638 x2= 629 y1= 344 y2= 353 tnt1=  22 tnt2=  28 +=  50
x1= 640 x2= 639 y1= 344 y2= 353 tnt1=  16 tnt2=  19 +=  35D
x1= 639 x2= 634 y1= 344 y2= 354 tnt1=  26 tnt2=  28 +=  54
x1= 637 x2= 644 y1= 343 y2= 352 tnt1=  12 tnt2=  16 +=  28D
x1= 637 x2= 642 y1= 344 y2= 353 tnt1=  14 tnt2=  17 +=  31D
x1= 626 x2= 637 y1= 345 y2= 353 tnt1=  16 tnt2=  21 +=  37D
x1= 635 x2= 638 y1= 345 y2= 352 tnt1=  15 tnt2=  21 +=  36D
x1= 638 x2= 639 y1= 344 y2= 353 tnt1=  17 tnt2=  30 +=  47
x1= 642 x2= 640 y1= 347 y2= 355 tnt1=  27 tnt2=  26 +=  53
x1= 641 x2= 640 y1= 345 y2= 354 tnt1=  16 tnt2=  22 +=  38D
x1= 642 x2= 640 y1= 345 y2= 353 tnt1=  16 tnt2=  19 +=  35D
x1= 638 x2= 639 y1= 345 y2= 354 tnt1=  16 tnt2=  19 +=  35D
x1= 635 x2= 647 y1= 344 y2= 352 tnt1=   6 tnt2=  13 +=  19D
x1= 647 x2= 641 y1= 344 y2= 353 tnt1=  15 tnt2=  18 +=  33D
x1= 632 x2= 638 y1= 345 y2= 353 tnt1=  16 tnt2=  20 +=  36D
x1= 633 x2= 638 y1= 344 y2= 352 tnt1=  19 tnt2=  20 +=  39D
x1= 634 x2= 638 y1= 344 y2= 353 tnt1=  17 tnt2=  20 +=  37D
x1= 638 x2= 633 y1= 344 y2= 352 tnt1=  21 tnt2=  25 +=  46
x1= 635 x2= 638 y1= 347 y2= 354 tnt1=   7 tnt2=  17 +=  24D
x1= 638 x2= 633 y1= 344 y2= 353 tnt1=  22 tnt2=  11 +=  33D
x1= 643 x2= 640 y1= 345 y2= 352 tnt1=  16 tnt2=  19 +=  35D
x1= 628 x2= 640 y1= 345 y2= 353 tnt1=  17 tnt2=  22 +=  39D
x1= 636 x2= 648 y1= 345 y2= 351 tnt1=   6 tnt2=  12 +=  18D
x1= 637 x2= 644 y1= 344 y2= 353 tnt1=  14 tnt2=  16 +=  30D
x1= 637 x2= 637 y1= 345 y2= 352 tnt1=  19 tnt2=  21 +=  40D
x1= 635 x2= 638 y1= 345 y2= 353 tnt1=  17 tnt2=  20 +=  37D
x1= 639 x2= 639 y1= 344 y2= 354 tnt1=  16 tnt2=  29 +=  45
x1= 637 x2= 631 y1= 346 y2= 354 tnt1=  22 tnt2=  27 +=  49
x1= 641 x2= 639 y1= 348 y2= 354 tnt1=  27 tnt2=  20 +=  47
x1= 640 x2= 640 y1= 345 y2= 354 tnt1=  16 tnt2=  21 +=  37D
x1= 642 x2= 640 y1= 344 y2= 352 tnt1=  16 tnt2=  19 +=  35D
x1= 635 x2= 648 y1= 344 y2= 352 tnt1=   7 tnt2=  12 +=  19D
x1= 637 x2= 647 y1= 343 y2= 352 tnt1=  11 tnt2=  13 +=  24D
x1= 648 x2= 642 y1= 343 y2= 352 tnt1=  16 tnt2=  17 +=  33D
x1= 630 x2= 637 y1= 344 y2= 353 tnt1=  17 tnt2=  21 +=  38D
x1= 641 x2= 640 y1= 344 y2= 353 tnt1=  16 tnt2=  19 +=  35D
x1= 639 x2= 639 y1= 344 y2= 353 tnt1=  26 tnt2=  30 +=  56
x1= 638 x2= 633 y1= 346 y2= 353 tnt1=  22 tnt2=  23 +=  45
x1= 639 x2= 640 y1= 347 y2= 355 tnt1=  18 tnt2=  21 +=  39D
x1= 638 x2= 634 y1= 344 y2= 352 tnt1=  20 tnt2=  20 +=  40D
x1= 637 x2= 648 y1= 342 y2= 351 tnt1=  12 tnt2=  14 +=  26D
x1= 637 x2= 648 y1= 345 y2= 351 tnt1=   7 tnt2=  13 +=  20D
x1= 637 x2= 633 y1= 345 y2= 353 tnt1=  19 tnt2=  26 +=  45
x1= 637 x2= 636 y1= 345 y2= 353 tnt1=  19 tnt2=  22 +=  41
x1= 632 x2= 638 y1= 345 y2= 353 tnt1=  17 tnt2=  21 +=  38D
x1= 639 x2= 639 y1= 344 y2= 353 tnt1=  26 tnt2=  28 +=  54
x1= 639 x2= 639 y1= 345 y2= 353 tnt1=  26 tnt2=  30 +=  56
x1= 637 x2= 645 y1= 343 y2= 353 tnt1=  11 tnt2=  13 +=  24D
x1= 639 x2= 639 y1= 349 y2= 355 tnt1=  26 tnt2=  20 +=  46
x1= 639 x2= 630 y1= 346 y2= 353 tnt1=  23 tnt2=  22 +=  45
x1= 636 x2= 638 y1= 344 y2= 352 tnt1=   7 tnt2=  11 +=  18D
x1= 638 x2= 648 y1= 344 y2= 352 tnt1=  10 tnt2=  12 +=  22D
x1= 638 x2= 631 y1= 346 y2= 354 tnt1=  22 tnt2=  25 +=  47
x1= 628 x2= 637 y1= 345 y2= 353 tnt1=  18 tnt2=  21 +=  39D
x1= 643 x2= 640 y1= 344 y2= 352 tnt1=  16 tnt2=  18 +=  34D
x1= 640 x2= 639 y1= 345 y2= 354 tnt1=  16 tnt2=  19 +=  35D
x1= 634 x2= 638 y1= 345 y2= 352 tnt1=  17 tnt2=  20 +=  37D
x1= 637 x2= 643 y1= 344 y2= 352 tnt1=  15 tnt2=  17 +=  32D
x1= 635 x2= 638 y1= 347 y2= 353 tnt1=  11 tnt2=  15 +=  26D
x1= 647 x2= 641 y1= 345 y2= 353 tnt1=  15 tnt2=  24 +=  39D
x1= 635 x2= 638 y1= 345 y2= 353 tnt1=  17 tnt2=  20 +=  37D
x1= 638 x2= 629 y1= 344 y2= 353 tnt1=  22 tnt2=  28 +=  50
x1= 638 x2= 634 y1= 345 y2= 353 tnt1=  20 tnt2=  23 +=  43
x1= 635 x2= 647 y1= 343 y2= 353 tnt1=  11 tnt2=  14 +=  25D
x1= 641 x2= 639 y1= 344 y2= 352 tnt1=  16 tnt2=  19 +=  35D
x1= 638 x2= 631 y1= 345 y2= 354 tnt1=  26 tnt2=  29 +=  55
x1= 637 x2= 642 y1= 344 y2= 352 tnt1=  15 tnt2=  16 +=  31D
x1= 637 x2= 643 y1= 344 y2= 352 tnt1=  14 tnt2=  16 +=  30D
x1= 637 x2= 645 y1= 346 y2= 354 tnt1=  11 tnt2=  18 +=  29D
x1= 647 x2= 641 y1= 344 y2= 353 tnt1=  14 tnt2=  27 +=  41
x1= 644 x2= 640 y1= 344 y2= 352 tnt1=  14 tnt2=  18 +=  32D
x1= 638 x2= 633 y1= 345 y2= 353 tnt1=  20 tnt2=  24 +=  44
x1= 630 x2= 636 y1= 345 y2= 353 tnt1=  18 tnt2=  22 +=  40D
x1= 643 x2= 640 y1= 344 y2= 352 tnt1=  16 tnt2=  18 +=  34D
x1= 641 x2= 639 y1= 344 y2= 352 tnt1=  15 tnt2=  19 +=  34D
x1= 636 x2= 648 y1= 345 y2= 351 tnt1=   7 tnt2=   9 +=  16D
x1= 637 x2= 646 y1= 344 y2= 352 tnt1=  10 tnt2=  13 +=  23D
x1= 639 x2= 639 y1= 345 y2= 353 tnt1=  25 tnt2=  30 +=  55
x1= 636 x2= 648 y1= 346 y2= 355 tnt1=  11 tnt2=  18 +=  29D
x1= 637 x2= 642 y1= 344 y2= 352 tnt1=  14 tnt2=  19 +=  33D
x1= 639 x2= 639 y1= 344 y2= 353 tnt1=  27 tnt2=  30 +=  57
x1= 638 x2= 630 y1= 344 y2= 353 tnt1=  24 tnt2=  28 +=  52
x1= 637 x2= 645 y1= 344 y2= 352 tnt1=  12 tnt2=  16 +=  28D
x1= 633 x2= 637 y1= 345 y2= 352 tnt1=   9 tnt2=  21 +=  30D
x1= 638 x2= 636 y1= 345 y2= 353 tnt1=  18 tnt2=  23 +=  41
x1= 637 x2= 648 y1= 345 y2= 352 tnt1=   9 tnt2=  13 +=  22D
x1= 635 x2= 648 y1= 345 y2= 352 tnt1=   8 tnt2=  11 +=  19D
x1= 627 x2= 636 y1= 345 y2= 353 tnt1=  18 tnt2=  21 +=  39D
x1= 637 x2= 645 y1= 347 y2= 355 tnt1=  11 tnt2=  18 +=  29D
x1= 643 x2= 640 y1= 345 y2= 352 tnt1=  16 tnt2=  23 +=  39D
x1= 638 x2= 634 y1= 346 y2= 353 tnt1=  21 tnt2=  24 +=  45
x1= 636 x2= 638 y1= 345 y2= 351 tnt1=   6 tnt2=   9 +=  15D
x1= 639 x2= 639 y1= 345 y2= 353 tnt1=  25 tnt2=  19 +=  44
x1= 647 x2= 641 y1= 344 y2= 352 tnt1=  15 tnt2=  18 +=  33D
x1= 638 x2= 636 y1= 345 y2= 351 tnt1=  19 tnt2=  22 +=  41
x1= 635 x2= 648 y1= 345 y2= 352 tnt1=   9 tnt2=  12 +=  21D
x1= 638 x2= 632 y1= 346 y2= 352 tnt1=  21 tnt2=  24 +=  45
x1= 627 x2= 637 y1= 344 y2= 352 tnt1=  18 tnt2=  21 +=  39D
x1= 639 x2= 639 y1= 348 y2= 355 tnt1=  26 tnt2=  20 +=  46
x1= 638 x2= 633 y1= 345 y2= 353 tnt1=  20 tnt2=   9 +=  29D
x1= 640 x2= 639 y1= 345 y2= 352 tnt1=  16 tnt2=  19 +=  35D
x1= 638 x2= 629 y1= 345 y2= 353 tnt1=  25 tnt2=  30 +=  55
x1= 647 x2= 640 y1= 345 y2= 353 tnt1=  15 tnt2=  19 +=  34D
x1= 634 x2= 638 y1= 345 y2= 353 tnt1=  17 tnt2=  20 +=  37D
x1= 635 x2= 638 y1= 344 y2= 352 tnt1=  17 tnt2=  20 +=  37D
x1= 640 x2= 639 y1= 345 y2= 354 tnt1=  17 tnt2=  19 +=  36D
x1= 638 x2= 635 y1= 346 y2= 353 tnt1=  19 tnt2=  22 +=  41
x1= 638 x2= 632 y1= 346 y2= 353 tnt1=  20 tnt2=  19 +=  39D
x1= 637 x2= 648 y1= 347 y2= 354 tnt1=  14 tnt2=  17 +=  31D
x1= 633 x2= 638 y1= 345 y2= 352 tnt1=  17 tnt2=  18 +=  35D
x1= 636 x2= 648 y1= 343 y2= 352 tnt1=  10 tnt2=  15 +=  25D
x1= 647 x2= 640 y1= 344 y2= 353 tnt1=  14 tnt2=  18 +=  32D
x1= 638 x2= 635 y1= 345 y2= 353 tnt1=  19 tnt2=  22 +=  41
x1= 635 x2= 638 y1= 345 y2= 352 tnt1=  16 tnt2=  20 +=  36D
x1= 630 x2= 637 y1= 345 y2= 353 tnt1=  17 tnt2=  19 +=  36D
x1= 638 x2= 634 y1= 345 y2= 353 tnt1=  22 tnt2=  24 +=  46
x1= 638 x2= 632 y1= 345 y2= 352 tnt1=  21 tnt2=  24 +=  45
x1= 647 x2= 640 y1= 344 y2= 352 tnt1=  15 tnt2=  19 +=  34D
x1= 633 x2= 638 y1= 348 y2= 354 tnt1=  17 tnt2=  16 +=  33D
x1= 643 x2= 640 y1= 345 y2= 354 tnt1=  16 tnt2=  22 +=  38D
x1= 646 x2= 641 y1= 344 y2= 352 tnt1=  14 tnt2=  18 +=  32D
x1= 637 x2= 639 y1= 344 y2= 353 tnt1=   9 tnt2=  25 +=  34D
x1= 638 x2= 636 y1= 345 y2= 353 tnt1=  19 tnt2=  22 +=  41
x1= 634 x2= 638 y1= 345 y2= 353 tnt1=  17 tnt2=  20 +=  37D
x1= 639 x2= 639 y1= 345 y2= 354 tnt1=  26 tnt2=  31 +=  57
x1= 638 x2= 632 y1= 346 y2= 353 tnt1=  21 tnt2=  25 +=  46
x1= 636 x2= 645 y1= 343 y2= 352 tnt1=  13 tnt2=  16 +=  29D
x1= 642 x2= 640 y1= 344 y2= 352 tnt1=  16 tnt2=  19 +=  35D
x1= 636 x2= 646 y1= 347 y2= 355 tnt1=  16 tnt2=  18 +=  34D
x1= 635 x2= 638 y1= 345 y2= 352 tnt1=  17 tnt2=  19 +=  36D
x1= 635 x2= 644 y1= 344 y2= 353 tnt1=  13 tnt2=  15 +=  28D
x1= 638 x2= 635 y1= 345 y2= 353 tnt1=  19 tnt2=  22 +=  41
x1= 631 x2= 638 y1= 344 y2= 352 tnt1=  17 tnt2=  20 +=  37D
x1= 634 x2= 638 y1= 345 y2= 353 tnt1=  13 tnt2=  21 +=  34D
x1= 639 x2= 628 y1= 344 y2= 353 tnt1=  25 tnt2=  27 +=  52
x1= 637 x2= 646 y1= 343 y2= 353 tnt1=   7 tnt2=  14 +=  21D
x1= 647 x2= 640 y1= 344 y2= 352 tnt1=  15 tnt2=  18 +=  33D
x1= 641 x2= 640 y1= 345 y2= 353 tnt1=  14 tnt2=  19 +=  33D
x1= 646 x2= 641 y1= 347 y2= 354 tnt1=  15 tnt2=  27 +=  42
x1= 649 x2= 641 y1= 344 y2= 353 tnt1=  15 tnt2=  19 +=  34D
x1= 638 x2= 632 y1= 346 y2= 353 tnt1=  21 tnt2=  25 +=  46
x1= 628 x2= 637 y1= 345 y2= 353 tnt1=  18 tnt2=  21 +=  39D
x1= 636 x2= 643 y1= 344 y2= 353 tnt1=  15 tnt2=  21 +=  36D
x1= 639 x2= 639 y1= 344 y2= 353 tnt1=  25 tnt2=  29 +=  54
x1= 625 x2= 636 y1= 345 y2= 352 tnt1=  18 tnt2=  23 +=  41
x1= 637 x2= 642 y1= 344 y2= 352 tnt1=  15 tnt2=  17 +=  32D
x1= 645 x2= 640 y1= 344 y2= 352 tnt1=  15 tnt2=  19 +=  34D
x1= 633 x2= 638 y1= 345 y2= 352 tnt1=  17 tnt2=  21 +=  38D
x1= 647 x2= 641 y1= 348 y2= 355 tnt1=  15 tnt2=  29 +=  44
x1= 628 x2= 639 y1= 345 y2= 353 tnt1=  17 tnt2=  13 +=  30D
x1= 638 x2= 634 y1= 345 y2= 352 tnt1=  19 tnt2=  23 +=  42
x1= 627 x2= 637 y1= 344 y2= 352 tnt1=  18 tnt2=  21 +=  39D
x1= 642 x2= 640 y1= 344 y2= 353 tnt1=  16 tnt2=  19 +=  35D
x1= 639 x2= 629 y1= 345 y2= 353 tnt1=  27 tnt2=  29 +=  56
x1= 636 x2= 648 y1= 343 y2= 352 tnt1=  10 tnt2=  13 +=  23D
x1= 647 x2= 641 y1= 345 y2= 353 tnt1=  15 tnt2=  18 +=  33D
x1= 629 x2= 637 y1= 345 y2= 353 tnt1=  17 tnt2=  22 +=  39D
x1= 635 x2= 638 y1= 345 y2= 353 tnt1=  17 tnt2=  20 +=  37D
x1= 628 x2= 637 y1= 348 y2= 355 tnt1=  17 tnt2=   9 +=  26D
x1= 636 x2= 638 y1= 343 y2= 352 tnt1=   6 tnt2=  19 +=  25D
x1= 627 x2= 636 y1= 345 y2= 353 tnt1=  18 tnt2=  22 +=  40D
x1= 646 x2= 640 y1= 345 y2= 353 tnt1=  15 tnt2=  18 +=  33D
x1= 640 x2= 639 y1= 344 y2= 352 tnt1=  16 tnt2=  19 +=  35D
x1= 635 x2= 646 y1= 344 y2= 352 tnt1=  12 tnt2=  12 +=  24D
x1= 636 x2= 648 y1= 344 y2= 352 tnt1=   9 tnt2=  14 +=  23D
x1= 647 x2= 641 y1= 343 y2= 352 tnt1=  14 tnt2=  17 +=  31D
x1= 630 x2= 637 y1= 345 y2= 353 tnt1=  18 tnt2=  21 +=  39D
x1= 634 x2= 638 y1= 345 y2= 353 tnt1=  17 tnt2=  21 +=  38D
x1= 632 x2= 638 y1= 347 y2= 354 tnt1=  17 tnt2=  13 +=  30D
x1= 635 x2= 638 y1= 345 y2= 353 tnt1=  17 tnt2=  18 +=  35D
x1= 631 x2= 638 y1= 344 y2= 352 tnt1=  16 tnt2=  20 +=  36D
x1= 643 x2= 640 y1= 345 y2= 353 tnt1=  15 tnt2=  19 +=  34D
x1= 637 x2= 648 y1= 344 y2= 352 tnt1=   9 tnt2=  13 +=  22D
x1= 638 x2= 638 y1= 344 y2= 352 tnt1=  26 tnt2=  21 +=  47
x1= 637 x2= 644 y1= 344 y2= 352 tnt1=  11 tnt2=  16 +=  27D
x1= 629 x2= 637 y1= 345 y2= 353 tnt1=  17 tnt2=  21 +=  38D
x1= 631 x2= 638 y1= 345 y2= 353 tnt1=  17 tnt2=  21 +=  38D
x1= 644 x2= 640 y1= 344 y2= 352 tnt1=  16 tnt2=  19 +=  35D
x1= 633 x2= 639 y1= 357 y2= 357 tnt1=  17 tnt2=  14 +=  31D
x1= 634 x2= 644 y1= 343 y2= 352 tnt1=   5 tnt2=  20 +=  25D
x1= 647 x2= 641 y1= 344 y2= 352 tnt1=  15 tnt2=  18 +=  33D
x1= 641 x2= 640 y1= 344 y2= 352 tnt1=  16 tnt2=  19 +=  35D
x1= 634 x2= 639 y1= 345 y2= 352 tnt1=  17 tnt2=  20 +=  37D
x1= 638 x2= 633 y1= 345 y2= 354 tnt1=  18 tnt2=  30 +=  48
x1= 639 x2= 639 y1= 345 y2= 353 tnt1=  16 tnt2=  19 +=  35D
x1= 626 x2= 636 y1= 345 y2= 353 tnt1=  18 tnt2=  22 +=  40D
x1= 634 x2= 638 y1= 345 y2= 353 tnt1=  17 tnt2=  20 +=  37D
x1= 638 x2= 639 y1= 345 y2= 353 tnt1=  25 tnt2=  29 +=  54
x1= 635 x2= 638 y1= 348 y2= 354 tnt1=  17 tnt2=  15 +=  32D
x1= 639 x2= 629 y1= 346 y2= 353 tnt1=  27 tnt2=  20 +=  47
x1= 644 x2= 640 y1= 345 y2= 353 tnt1=  15 tnt2=  18 +=  33D
x1= 632 x2= 636 y1= 345 y2= 353 tnt1=  19 tnt2=  22 +=  41
x1= 635 x2= 638 y1= 345 y2= 351 tnt1=   4 tnt2=  20 +=  24D
x1= 637 x2= 647 y1= 343 y2= 353 tnt1=  11 tnt2=  14 +=  25D
x1= 638 x2= 633 y1= 345 y2= 353 tnt1=  19 tnt2=  23 +=  42
x1= 638 x2= 631 y1= 346 y2= 353 tnt1=  22 tnt2=  25 +=  47
x1= 639 x2= 630 y1= 344 y2= 353 tnt1=  25 tnt2=  29 +=  54
x1= 639 x2= 638 y1= 345 y2= 353 tnt1=  26 tnt2=  29 +=  55
x1= 637 x2= 643 y1= 347 y2= 354 tnt1=  14 tnt2=  18 +=  32D
x1= 640 x2= 639 y1= 344 y2= 353 tnt1=  16 tnt2=  21 +=  37D
x1= 647 x2= 641 y1= 344 y2= 353 tnt1=  15 tnt2=  18 +=  33D
x1= 635 x2= 638 y1= 345 y2= 353 tnt1=  17 tnt2=  21 +=  38D
x1= 640 x2= 639 y1= 345 y2= 353 tnt1=  16 tnt2=  19 +=  35D
x1= 638 x2= 632 y1= 346 y2= 353 tnt1=  21 tnt2=  23 +=  44
x1= 638 x2= 636 y1= 344 y2= 353 tnt1=  19 tnt2=  24 +=  43
x1= 637 x2= 643 y1= 344 y2= 352 tnt1=  13 tnt2=  16 +=  29D
x1= 639 x2= 639 y1= 345 y2= 353 tnt1=  16 tnt2=  20 +=  36D
x1= 638 x2= 639 y1= 344 y2= 353 tnt1=  16 tnt2=  19 +=  35D
x1= 634 x2= 638 y1= 347 y2= 354 tnt1=  10 tnt2=  14 +=  24D
x1= 638 x2= 628 y1= 345 y2= 353 tnt1=  23 tnt2=  20 +=  43
x1= 640 x2= 640 y1= 344 y2= 352 tnt1=  16 tnt2=  19 +=  35D
x1= 635 x2= 638 y1= 344 y2= 352 tnt1=   6 tnt2=  20 +=  26D
x1= 643 x2= 640 y1= 344 y2= 352 tnt1=  15 tnt2=  18 +=  33D
x1= 638 x2= 634 y1= 346 y2= 353 tnt1=  20 tnt2=  23 +=  43
x1= 638 x2= 629 y1= 344 y2= 353 tnt1=  22 tnt2=  29 +=  51
x1= 642 x2= 639 y1= 345 y2= 353 tnt1=  14 tnt2=  19 +=  33D
x1= 640 x2= 640 y1= 344 y2= 352 tnt1=  16 tnt2=  19 +=  35D
x1= 637 x2= 649 y1= 344 y2= 352 tnt1=   8 tnt2=  13 +=  21D
x1= 639 x2= 640 y1= 348 y2= 354 tnt1=  26 tnt2=  21 +=  47
x1= 629 x2= 637 y1= 345 y2= 353 tnt1=  18 tnt2=  15 +=  33D
x1= 633 x2= 639 y1= 344 y2= 352 tnt1=  17 tnt2=  20 +=  37D
x1= 633 x2= 638 y1= 345 y2= 353 tnt1=  17 tnt2=  20 +=  37D
x1= 638 x2= 635 y1= 345 y2= 352 tnt1=  18 tnt2=  22 +=  40D
x1= 638 x2= 630 y1= 346 y2= 353 tnt1=  23 tnt2=  25 +=  48
x1= 647 x2= 641 y1= 345 y2= 353 tnt1=  15 tnt2=  18 +=  33D
x1= 641 x2= 640 y1= 343 y2= 353 tnt1=  16 tnt2=  19 +=  35D
x1= 632 x2= 638 y1= 344 y2= 353 tnt1=  17 tnt2=  20 +=  37D
x1= 636 x2= 648 y1= 344 y2= 351 tnt1=  10 tnt2=  12 +=  22D
x1= 644 x2= 640 y1= 347 y2= 356 tnt1=  15 tnt2=  14 +=  29D
x1= 637 x2= 641 y1= 344 y2= 353 tnt1=  14 tnt2=  26 +=  40D
x1= 634 x2= 638 y1= 345 y2= 353 tnt1=  16 tnt2=  20 +=  36D
x1= 639 x2= 628 y1= 344 y2= 353 tnt1=  26 tnt2=  28 +=  54
x1= 639 x2= 629 y1= 344 y2= 353 tnt1=  25 tnt2=  28 +=  53
x1= 638 x2= 631 y1= 346 y2= 353 tnt1=  17 tnt2=  26 +=  43
x1= 648 x2= 641 y1= 344 y2= 352 tnt1=  15 tnt2=  17 +=  32D
x1= 647 x2= 641 y1= 345 y2= 352 tnt1=  15 tnt2=  22 +=  37D
x1= 636 x2= 638 y1= 345 y2= 352 tnt1=   6 tnt2=   9 +=  15D
x1= 637 x2= 644 y1= 344 y2= 352 tnt1=  12 tnt2=  17 +=  29D
x1= 636 x2= 646 y1= 345 y2= 354 tnt1=   7 tnt2=  18 +=  25D
x1= 637 x2= 641 y1= 344 y2= 353 tnt1=  12 tnt2=  25 +=  37D
x1= 642 x2= 640 y1= 345 y2= 353 tnt1=  16 tnt2=  18 +=  34D
x1= 639 x2= 630 y1= 345 y2= 353 tnt1=  25 tnt2=  28 +=  53
x1= 637 x2= 639 y1= 345 y2= 351 tnt1=  16 tnt2=   8 +=  24D
x1= 645 x2= 642 y1= 344 y2= 352 tnt1=  14 tnt2=  17 +=  31D
x1= 642 x2= 640 y1= 344 y2= 352 tnt1=  15 tnt2=  18 +=  33D
x1= 635 x2= 638 y1= 345 y2= 353 tnt1=  16 tnt2=  20 +=  36D
x1= 635 x2= 648 y1= 345 y2= 352 tnt1=   7 tnt2=   9 +=  16D
x1= 638 x2= 633 y1= 345 y2= 353 tnt1=  21 tnt2=  23 +=  44
x1= 637 x2= 643 y1= 347 y2= 354 tnt1=  13 tnt2=  18 +=  31D
x1= 638 x2= 639 y1= 344 y2= 351 tnt1=  16 tnt2=  18 +=  34D
x1= 635 x2= 638 y1= 345 y2= 352 tnt1=  17 tnt2=  20 +=  37D
x1= 638 x2= 629 y1= 344 y2= 353 tnt1=  23 tnt2=  28 +=  51
x1= 637 x2= 646 y1= 343 y2= 352 tnt1=  11 tnt2=  15 +=  26D
x1= 647 x2= 640 y1= 344 y2= 353 tnt1=  15 tnt2=  18 +=  33D
x1= 631 x2= 638 y1= 344 y2= 353 tnt1=  17 tnt2=  21 +=  38D
x1= 636 x2= 639 y1= 345 y2= 351 tnt1=   7 tnt2=  11 +=  18D
x1= 643 x2= 639 y1= 344 y2= 353 tnt1=  16 tnt2=  29 +=  45
x1= 638 x2= 634 y1= 345 y2= 353 tnt1=  20 tnt2=  23 +=  43
x1= 640 x2= 639 y1= 347 y2= 355 tnt1=  22 tnt2=  22 +=  44
x1= 638 x2= 629 y1= 345 y2= 353 tnt1=  24 tnt2=  20 +=  44
x1= 640 x2= 640 y1= 344 y2= 353 tnt1=  16 tnt2=  27 +=  43
x1= 636 x2= 648 y1= 345 y2= 352 tnt1=   9 tnt2=  13 +=  22D
x1= 637 x2= 643 y1= 344 y2= 352 tnt1=  13 tnt2=  16 +=  29D
x1= 627 x2= 636 y1= 345 y2= 353 tnt1=  18 tnt2=  21 +=  39D
x1= 633 x2= 638 y1= 344 y2= 352 tnt1=  17 tnt2=  20 +=  37D
x1= 636 x2= 639 y1= 345 y2= 351 tnt1=   6 tnt2=  20 +=  26D
x1= 639 x2= 631 y1= 344 y2= 353 tnt1=  26 tnt2=  28 +=  54
x1= 638 x2= 634 y1= 345 y2= 353 tnt1=  21 tnt2=  23 +=  44
x1= 638 x2= 630 y1= 347 y2= 355 tnt1=  23 tnt2=  20 +=  43
x1= 639 x2= 628 y1= 346 y2= 354 tnt1=  27 tnt2=  20 +=  47
x1= 636 x2= 647 y1= 345 y2= 352 tnt1=   9 tnt2=  10 +=  19D
x1= 636 x2= 645 y1= 344 y2= 352 tnt1=  12 tnt2=  15 +=  27D
x1= 636 x2= 639 y1= 345 y2= 351 tnt1=  18 tnt2=  12 +=  30D
x1= 632 x2= 638 y1= 345 y2= 352 tnt1=  17 tnt2=  20 +=  37D
x1= 637 x2= 649 y1= 344 y2= 352 tnt1=  11 tnt2=  10 +=  21D
x1= 638 x2= 633 y1= 345 y2= 354 tnt1=  27 tnt2=  29 +=  56
x1= 637 x2= 631 y1= 345 y2= 353 tnt1=  22 tnt2=  28 +=  50
x1= 646 x2= 644 y1= 344 y2= 353 tnt1=  15 tnt2=  17 +=  32D
x1= 638 x2= 630 y1= 348 y2= 355 tnt1=  23 tnt2=  20 +=  43
x1= 638 x2= 632 y1= 345 y2= 353 tnt1=  22 tnt2=  20 +=  42
x1= 635 x2= 639 y1= 345 y2= 352 tnt1=  12 tnt2=  20 +=  32D
x1= 637 x2= 644 y1= 344 y2= 352 tnt1=  12 tnt2=  17 +=  29D
x1= 632 x2= 636 y1= 345 y2= 353 tnt1=  18 tnt2=  22 +=  40D
x1= 644 x2= 640 y1= 345 y2= 352 tnt1=  27 tnt2=  17 +=  44
x1= 640 x2= 639 y1= 344 y2= 352 tnt1=  16 tnt2=  19 +=  35D
x1= 639 x2= 639 y1= 345 y2= 353 tnt1=  27 tnt2=  29 +=  56
x1= 639 x2= 630 y1= 345 y2= 353 tnt1=  22 tnt2=  26 +=  48
x1= 636 x2= 642 y1= 344 y2= 352 tnt1=  14 tnt2=  17 +=  31D
x1= 638 x2= 632 y1= 348 y2= 355 tnt1=  21 tnt2=  18 +=  39D
x1= 644 x2= 640 y1= 344 y2= 353 tnt1=  15 tnt2=  24 +=  39D
x1= 628 x2= 636 y1= 345 y2= 353 tnt1=  18 tnt2=  23 +=  41
x1= 638 x2= 628 y1= 345 y2= 354 tnt1=  21 tnt2=  30 +=  51
x1= 626 x2= 636 y1= 346 y2= 353 tnt1=  19 tnt2=  22 +=  41
x1= 631 x2= 638 y1= 344 y2= 352 tnt1=  17 tnt2=  21 +=  38D
x1= 641 x2= 639 y1= 344 y2= 352 tnt1=  15 tnt2=  19 +=  34D
x1= 638 x2= 640 y1= 343 y2= 353 tnt1=  26 tnt2=  29 +=  55
x1= 633 x2= 638 y1= 345 y2= 353 tnt1=  17 tnt2=  20 +=  37D
x1= 646 x2= 641 y1= 344 y2= 352 tnt1=  15 tnt2=  18 +=  33D
x1= 636 x2= 638 y1= 348 y2= 354 tnt1=   6 tnt2=  17 +=  23D
x1= 636 x2= 643 y1= 344 y2= 353 tnt1=  13 tnt2=  29 +=  42
x1= 646 x2= 641 y1= 344 y2= 353 tnt1=  15 tnt2=  18 +=  33D
x1= 638 x2= 634 y1= 345 y2= 353 tnt1=  20 tnt2=  22 +=  42
x1= 628 x2= 636 y1= 344 y2= 353 tnt1=  18 tnt2=  22 +=  40D
x1= 627 x2= 637 y1= 345 y2= 352 tnt1=  18 tnt2=  21 +=  39D
x1= 639 x2= 639 y1= 344 y2= 353 tnt1=  16 tnt2=  19 +=  35D
x1= 632 x2= 638 y1= 344 y2= 352 tnt1=  17 tnt2=  20 +=  37D
x1= 637 x2= 645 y1= 344 y2= 352 tnt1=  12 tnt2=  16 +=  28D
x1= 642 x2= 640 y1= 344 y2= 353 tnt1=  16 tnt2=  19 +=  35D
x1= 639 x2= 639 y1= 346 y2= 355 tnt1=  19 tnt2=  21 +=  40D
x1= 641 x2= 639 y1= 344 y2= 354 tnt1=  16 tnt2=  21 +=  37D
x1= 638 x2= 632 y1= 345 y2= 353 tnt1=  21 tnt2=  23 +=  44
x1= 637 x2= 635 y1= 345 y2= 352 tnt1=  19 tnt2=  22 +=  41
x1= 637 x2= 648 y1= 344 y2= 351 tnt1=   8 tnt2=  11 +=  19D
x1= 641 x2= 640 y1= 345 y2= 352 tnt1=  17 tnt2=  19 +=  36D
x1= 638 x2= 639 y1= 344 y2= 353 tnt1=  27 tnt2=  19 +=  46
x1= 637 x2= 648 y1= 344 y2= 353 tnt1=  10 tnt2=  14 +=  24D
x1= 637 x2= 642 y1= 344 y2= 352 tnt1=  14 tnt2=  17 +=  31D
x1= 629 x2= 637 y1= 345 y2= 353 tnt1=  18 tnt2=  20 +=  38D
x1= 637 x2= 642 y1= 347 y2= 355 tnt1=  14 tnt2=  18 +=  32D
x1= 638 x2= 634 y1= 344 y2= 353 tnt1=  19 tnt2=  21 +=  40D
x1= 638 x2= 632 y1= 346 y2= 353 tnt1=  22 tnt2=  25 +=  47
x1= 639 x2= 634 y1= 345 y2= 353 tnt1=  20 tnt2=  24 +=  44
x1= 648 x2= 641 y1= 345 y2= 353 tnt1=  14 tnt2=  17 +=  31D
x1= 639 x2= 640 y1= 345 y2= 354 tnt1=  16 tnt2=  19 +=  35D
x1= 632 x2= 638 y1= 345 y2= 352 tnt1=  17 tnt2=  21 +=  38D
x1= 637 x2= 644 y1= 343 y2= 352 tnt1=  12 tnt2=  16 +=  28D
x1= 638 x2= 633 y1= 346 y2= 353 tnt1=  19 tnt2=  24 +=  43
x1= 630 x2= 636 y1= 345 y2= 352 tnt1=  17 tnt2=  21 +=  38D
x1= 637 x2= 646 y1= 347 y2= 354 tnt1=  13 tnt2=  18 +=  31D
x1= 633 x2= 638 y1= 344 y2= 352 tnt1=  17 tnt2=  17 +=  34D
x1= 637 x2= 632 y1= 346 y2= 353 tnt1=  20 tnt2=  25 +=  45
x1= 627 x2= 636 y1= 345 y2= 353 tnt1=  18 tnt2=  24 +=  42
x1= 643 x2= 640 y1= 345 y2= 352 tnt1=  14 tnt2=  18 +=  32D
x1= 645 x2= 641 y1= 344 y2= 352 tnt1=  25 tnt2=  16 +=  41
x1= 637 x2= 648 y1= 345 y2= 352 tnt1=   7 tnt2=  11 +=  18D
x1= 636 x2= 648 y1= 345 y2= 352 tnt1=   9 tnt2=  11 +=  20D
x1= 627 x2= 637 y1= 345 y2= 353 tnt1=  17 tnt2=  21 +=  38D
x1= 634 x2= 638 y1= 345 y2= 353 tnt1=  16 tnt2=  20 +=  36D
x1= 630 x2= 637 y1= 347 y2= 354 tnt1=  18 tnt2=  12 +=  30D
x1= 635 x2= 638 y1= 345 y2= 352 tnt1=  16 tnt2=  18 +=  34D
x1= 636 x2= 638 y1= 345 y2= 352 tnt1=   6 tnt2=  11 +=  17D
x1= 645 x2= 640 y1= 342 y2= 352 tnt1=  15 tnt2=  18 +=  33D
x1= 637 x2= 642 y1= 344 y2= 352 tnt1=  14 tnt2=  19 +=  33D
x1= 634 x2= 638 y1= 344 y2= 351 tnt1=  10 tnt2=  14 +=  24D
x1= 636 x2= 649 y1= 344 y2= 352 tnt1=   8 tnt2=  13 +=  21D
x1= 638 x2= 634 y1= 346 y2= 352 tnt1=  20 tnt2=  23 +=  43
x1= 628 x2= 637 y1= 345 y2= 353 tnt1=  18 tnt2=  21 +=  39D
x1= 646 x2= 641 y1= 343 y2= 352 tnt1=  15 tnt2=  18 +=  33D
x1= 631 x2= 637 y1= 348 y2= 353 tnt1=  17 tnt2=  12 +=  29D
x1= 627 x2= 636 y1= 345 y2= 353 tnt1=  18 tnt2=  23 +=  41
x1= 637 x2= 643 y1= 344 y2= 352 tnt1=  12 tnt2=  16 +=  28D
x1= 645 x2= 640 y1= 344 y2= 352 tnt1=  15 tnt2=  18 +=  33D
x1= 636 x2= 648 y1= 345 y2= 351 tnt1=  11 tnt2=  12 +=  23D
x1= 635 x2= 638 y1= 344 y2= 351 tnt1=   6 tnt2=  10 +=  16D
x1= 639 x2= 639 y1= 345 y2= 353 tnt1=  26 tnt2=  23 +=  49
x1= 638 x2= 634 y1= 345 y2= 353 tnt1=  20 tnt2=  22 +=  42
x1= 638 x2= 639 y1= 345 y2= 353 tnt1=  22 tnt2=  15 +=  37D
x1= 641 x2= 639 y1= 345 y2= 353 tnt1=  15 tnt2=  18 +=  33D
x1= 646 x2= 642 y1= 347 y2= 354 tnt1=  16 tnt2=  18 +=  34D
x1= 640 x2= 640 y1= 344 y2= 353 tnt1=  16 tnt2=  21 +=  37D
x1= 647 x2= 641 y1= 344 y2= 353 tnt1=  14 tnt2=  18 +=  32D
x1= 629 x2= 637 y1= 345 y2= 352 tnt1=  17 tnt2=  21 +=  38D
x1= 631 x2= 638 y1= 345 y2= 353 tnt1=  17 tnt2=  20 +=  37D
x1= 635 x2= 638 y1= 344 y2= 352 tnt1=  17 tnt2=  19 +=  36D
x1= 638 x2= 632 y1= 346 y2= 353 tnt1=  22 tnt2=  24 +=  46
x1= 638 x2= 634 y1= 345 y2= 353 tnt1=  19 tnt2=  24 +=  43
x1= 645 x2= 640 y1= 344 y2= 352 tnt1=  15 tnt2=  18 +=  33D
x1= 640 x2= 639 y1= 344 y2= 352 tnt1=  15 tnt2=  19 +=  34D
x1= 646 x2= 640 y1= 347 y2= 355 tnt1=  15 tnt2=  28 +=  43
x1= 646 x2= 640 y1= 345 y2= 353 tnt1=  15 tnt2=  23 +=  38D
x1= 638 x2= 632 y1= 347 y2= 354 tnt1=  16 tnt2=  22 +=  38D
x1= 641 x2= 639 y1= 345 y2= 353 tnt1=  16 tnt2=  19 +=  35D
x1= 639 x2= 638 y1= 345 y2= 352 tnt1=  26 tnt2=  11 +=  37D
x1= 636 x2= 639 y1= 344 y2= 351 tnt1=   6 tnt2=  10 +=  16D
x1= 638 x2= 633 y1= 345 y2= 353 tnt1=  21 tnt2=  23 +=  44
x1= 647 x2= 640 y1= 345 y2= 352 tnt1=  15 tnt2=  18 +=  33D
x1= 643 x2= 640 y1= 343 y2= 352 tnt1=  16 tnt2=  19 +=  35D
x1= 634 x2= 638 y1= 345 y2= 353 tnt1=  17 tnt2=  20 +=  37D
x1= 639 x2= 639 y1= 349 y2= 355 tnt1=  27 tnt2=  20 +=  47
x1= 643 x2= 640 y1= 344 y2= 353 tnt1=  16 tnt2=  24 +=  40D
x1= 626 x2= 636 y1= 345 y2= 353 tnt1=  19 tnt2=  21 +=  40D
x1= 633 x2= 638 y1= 345 y2= 352 tnt1=  17 tnt2=  20 +=  37D
x1= 639 x2= 640 y1= 344 y2= 353 tnt1=  16 tnt2=  19 +=  35D
x1= 636 x2= 638 y1= 345 y2= 351 tnt1=  15 tnt2=  10 +=  25D
x1= 637 x2= 643 y1= 344 y2= 352 tnt1=  15 tnt2=  16 +=  31D
x1= 646 x2= 641 y1= 344 y2= 352 tnt1=  15 tnt2=  18 +=  33D
x1= 641 x2= 640 y1= 344 y2= 352 tnt1=  16 tnt2=  19 +=  35D
x1= 635 x2= 638 y1= 345 y2= 352 tnt1=   8 tnt2=   9 +=  17D
x1= 640 x2= 640 y1= 348 y2= 355 tnt1=  16 tnt2=  22 +=  38D
x1= 636 x2= 643 y1= 342 y2= 352 tnt1=   7 tnt2=  19 +=  26D
x1= 627 x2= 637 y1= 345 y2= 352 tnt1=  18 tnt2=  22 +=  40D
x1= 640 x2= 639 y1= 345 y2= 353 tnt1=  19 tnt2=  19 +=  38D
x1= 638 x2= 639 y1= 345 y2= 353 tnt1=  26 tnt2=  19 +=  45
x1= 638 x2= 631 y1= 346 y2= 353 tnt1=  21 tnt2=  26 +=  47
x1= 635 x2= 643 y1= 344 y2= 352 tnt1=  13 tnt2=  16 +=  29D
x1= 647 x2= 640 y1= 345 y2= 353 tnt1=  15 tnt2=  19 +=  34D
x1= 633 x2= 638 y1= 345 y2= 352 tnt1=  17 tnt2=  21 +=  38D
x1= 631 x2= 638 y1= 345 y2= 353 tnt1=  17 tnt2=  21 +=  38D
x1= 634 x2= 638 y1= 348 y2= 354 tnt1=  17 tnt2=  15 +=  32D
x1= 636 x2= 647 y1= 344 y2= 353 tnt1=   8 tnt2=  19 +=  27D
x1= 627 x2= 636 y1= 344 y2= 352 tnt1=  17 tnt2=  22 +=  39D
x1= 640 x2= 640 y1= 345 y2= 353 tnt1=  16 tnt2=  19 +=  35D
x1= 639 x2= 639 y1= 345 y2= 353 tnt1=  25 tnt2=  29 +=  54
x1= 636 x2= 647 y1= 343 y2= 352 tnt1=  10 tnt2=  12 +=  22D
x1= 627 x2= 636 y1= 345 y2= 353 tnt1=  18 tnt2=  21 +=  39D
x1= 630 x2= 637 y1= 345 y2= 352 tnt1=  17 tnt2=  21 +=  38D
x1= 634 x2= 638 y1= 345 y2= 352 tnt1=  17 tnt2=  20 +=  37D
x1= 636 x2= 648 y1= 345 y2= 353 tnt1=   7 tnt2=  11 +=  18D
x1= 644 x2= 640 y1= 347 y2= 354 tnt1=  26 tnt2=  28 +=  54
x1= 636 x2= 638 y1= 344 y2= 352 tnt1=  17 tnt2=  18 +=  35D
x1= 644 x2= 640 y1= 344 y2= 353 tnt1=  15 tnt2=  18 +=  33D
x1= 636 x2= 638 y1= 345 y2= 352 tnt1=   7 tnt2=  10 +=  17D
x1= 635 x2= 638 y1= 344 y2= 352 tnt1=  16 tnt2=  20 +=  36D
x1= 637 x2= 644 y1= 344 y2= 351 tnt1=  13 tnt2=  15 +=  28D
x1= 647 x2= 641 y1= 344 y2= 352 tnt1=  14 tnt2=  18 +=  32D
x1= 631 x2= 638 y1= 344 y2= 352 tnt1=  17 tnt2=  20 +=  37D
x1= 635 x2= 638 y1= 345 y2= 353 tnt1=  16 tnt2=  20 +=  36D
x1= 639 x2= 628 y1= 344 y2= 353 tnt1=  24 tnt2=  26 +=  50
x1= 636 x2= 639 y1= 347 y2= 354 tnt1=   6 tnt2=  15 +=  21D
x1= 640 x2= 640 y1= 344 y2= 354 tnt1=  16 tnt2=  21 +=  37D
x1= 641 x2= 639 y1= 344 y2= 352 tnt1=  15 tnt2=  19 +=  34D
x1= 639 x2= 639 y1= 344 y2= 353 tnt1=  16 tnt2=  29 +=  45
x1= 633 x2= 637 y1= 345 y2= 351 tnt1=   6 tnt2=   9 +=  15D
x1= 637 x2= 643 y1= 343 y2= 352 tnt1=  13 tnt2=  16 +=  29D
x1= 627 x2= 636 y1= 344 y2= 352 tnt1=  18 tnt2=  21 +=  39D
x1= 630 x2= 638 y1= 344 y2= 352 tnt1=  17 tnt2=  21 +=  38D
x1= 646 x2= 640 y1= 342 y2= 352 tnt1=  15 tnt2=  18 +=  33D
