new-calib.log: fgrep -v X2= to remove cruft
Entering calib_delay
 X= 352 X2= 449  Y= 491 Y2= 506 P1= 730 P2= 159 T1=  31 T2= 268  P=  -1  D=  10 tn=0 wfr=0 sd=0
 X= 473 X2= 517  Y= 519 Y2= 520 P1= 663 P2= 195 T1=  18 T2=  86  P=  -1  D=  15 tn=0 wfr=0 sd=0
 X= 503 X2= 525  Y= 521 Y2= 527 P1= 663 P2= 195 T1=  17 T2=  67  P=  -1  D=  20 tn=0 wfr=0 sd=0
 X= 529 X2= 533  Y= 532 Y2= 531 P1= 648 P2= 201 T1=  17 T2=  28  P=  -1  D=  30 tn=0 wfr=0 sd=0
 X= 533 X2= 536  Y= 532 Y2= 531 P1= 641 P2= 208 T1=  16 T2=  20  P=  -1  D=  40 tn=0 wfr=0 sd=0
 X= 534 X2= 535  Y= 531 Y2= 526 P1= 642 P2= 201 T1=  15 T2=  17  P=1111  D=  60 tn=0 wfr=0 sd=0
 X= 537 X2= 537  Y= 522 Y2= 528 P1= 641 P2= 210 T1=  17 T2=  17  P=1171  D=  80 tn=0 wfr=0 sd=0
 X= 321 X2= 482  Y= 479 Y2= 513 P1= 629 P2= 207 T1=  16 T2= 305  P=1101  D=   5 tn=0 wfr=0 sd=0
 X= 435 X2= 505  Y= 511 Y2= 523 P1= 640 P2= 208 T1=  17 T2= 158  P=1101  D=  10 tn=0 wfr=0 sd=0
 X= 488 X2= 535  Y= 519 Y2= 526 P1= 640 P2= 204 T1=  17 T2=  90  P=1101  D=  15 tn=0 wfr=0 sd=0
 X= 513 X2= 532  Y= 526 Y2= 524 P1= 641 P2= 203 T1=  16 T2=  53  P=1101  D=  20 tn=0 wfr=0 sd=0
 X= 529 X2= 536  Y= 535 Y2= 532 P1= 640 P2= 210 T1=  15 T2=  26  P=1101  D=  30 tn=0 wfr=0 sd=0
 X= 535 X2= 537  Y= 529 Y2= 537 P1= 640 P2= 210 T1=  15 T2=  18  P=1101  D=  40 tn=0 wfr=0 sd=0
 X= 536 X2= 536  Y= 531 Y2= 526 P1= 640 P2= 202 T1=  14 T2=  16  P=1097  D=  60 tn=0 wfr=0 sd=0
 X= 538 X2= 537  Y= 524 Y2= 527 P1= 639 P2= 212 T1=  15 T2=  17  P=1162  D=  80 tn=0 wfr=0 sd=0
 X= 395 X2= 502  Y= 486 Y2= 515 P1= 625 P2= 211 T1=  16 T2= 287  P=1081  D=   5 tn=0 wfr=0 sd=0
 X= 438 X2= 509  Y= 506 Y2= 520 P1= 633 P2= 212 T1=  16 T2= 152  P=1081  D=  10 tn=0 wfr=0 sd=0
 X= 490 X2= 523  Y= 528 Y2= 530 P1= 635 P2= 212 T1=  16 T2=  83  P=1081  D=  15 tn=0 wfr=0 sd=0
 X= 511 X2= 530  Y= 524 Y2= 528 P1= 638 P2= 210 T1=  15 T2=  50  P=1081  D=  20 tn=0 wfr=0 sd=0
 X= 531 X2= 535  Y= 530 Y2= 525 P1= 639 P2= 209 T1=  17 T2=  26  P=1081  D=  30 tn=0 wfr=0 sd=0
 X= 535 X2= 537  Y= 530 Y2= 533 P1= 640 P2= 209 T1=  16 T2=  19  P=1081  D=  40 tn=0 wfr=0 sd=0
 X= 537 X2= 539  Y= 528 Y2= 530 P1= 638 P2= 211 T1=  15 T2=  15  P=1105  D=  60 tn=0 wfr=0 sd=0
 X= 538 X2= 539  Y= 532 Y2= 523 P1= 638 P2= 211 T1=  15 T2=  17  P=1088  D=  80 tn=0 wfr=0 sd=0
 X= 334 X2= 472  Y= 478 Y2= 511 P1= 629 P2= 211 T1=  14 T2= 289  P=1088  D=   5 tn=0 wfr=0 sd=0
 X= 438 X2= 511  Y= 516 Y2= 527 P1= 635 P2= 211 T1=  15 T2= 153  P=1088  D=  10 tn=0 wfr=0 sd=0
 X= 485 X2= 522  Y= 518 Y2= 526 P1= 637 P2= 210 T1=  17 T2=  83  P=1088  D=  15 tn=0 wfr=0 sd=0
 X= 513 X2= 530  Y= 532 Y2= 531 P1= 640 P2= 211 T1=  16 T2=  52  P=1088  D=  20 tn=0 wfr=0 sd=0
 X= 530 X2= 535  Y= 533 Y2= 531 P1= 638 P2= 205 T1=  16 T2=  25  P=1088  D=  30 tn=0 wfr=0 sd=0
 X= 536 X2= 536  Y= 529 Y2= 537 P1= 638 P2= 212 T1=  15 T2=  18  P=1088  D=  40 tn=0 wfr=0 sd=0
 X= 538 X2= 536  Y= 532 Y2= 532 P1= 638 P2= 211 T1=  14 T2=  17  P=1076  D=  60 tn=0 wfr=0 sd=0
 X= 539 X2= 538  Y= 523 Y2= 528 P1= 638 P2= 213 T1=  15 T2=  17  P=1086  D=  80 tn=0 wfr=0 sd=0
 X= 328 X2= 481  Y= 486 Y2= 521 P1= 629 P2= 211 T1=  15 T2= 281  P=1073  D=   5 tn=0 wfr=0 sd=0
 X= 439 X2= 511  Y= 509 Y2= 523 P1= 635 P2= 210 T1=  16 T2= 157  P=1073  D=  10 tn=0 wfr=0 sd=0
 X= 485 X2= 523  Y= 528 Y2= 530 P1= 636 P2= 218 T1=  16 T2=  83  P=1073  D=  15 tn=0 wfr=0 sd=0
 X= 513 X2= 532  Y= 526 Y2= 533 P1= 638 P2= 213 T1=  17 T2=  50  P=1073  D=  20 tn=0 wfr=0 sd=0
 X= 531 X2= 534  Y= 523 Y2= 530 P1= 639 P2= 211 T1=  17 T2=  25  P=1073  D=  30 tn=0 wfr=0 sd=0
 X= 535 X2= 537  Y= 531 Y2= 527 P1= 638 P2= 211 T1=  15 T2=  19  P=1073  D=  40 tn=0 wfr=0 sd=0
 X= 537 X2= 538  Y= 534 Y2= 531 P1= 634 P2= 213 T1=  15 T2=  18  P=1084  D=  60 tn=0 wfr=0 sd=0
 X= 535 X2= 535  Y= 529 Y2= 535 P1= 634 P2= 206 T1=  17 T2=  16  P=1061  D=  80 tn=0 wfr=0 sd=0
 X= 333 X2= 487  Y= 485 Y2= 516 P1= 620 P2= 213 T1=  14 T2= 279  P=1111  D=   5 tn=0 wfr=0 sd=0
 X= 440 X2= 506  Y= 516 Y2= 524 P1= 627 P2= 215 T1=  15 T2= 148  P=1111  D=  10 tn=0 wfr=0 sd=0
 X= 487 X2= 523  Y= 526 Y2= 529 P1= 627 P2= 216 T1=  15 T2=  77  P=1111  D=  15 tn=0 wfr=0 sd=0
 X= 512 X2= 527  Y= 526 Y2= 522 P1= 628 P2= 215 T1=  15 T2=  46  P=1111  D=  20 tn=0 wfr=0 sd=0
 X= 528 X2= 531  Y= 529 Y2= 520 P1= 628 P2= 213 T1=  15 T2=  22  P=1111  D=  30 tn=0 wfr=0 sd=0
 X= 531 X2= 531  Y= 528 Y2= 534 P1= 633 P2= 204 T1=  17 T2=  18  P=1111  D=  40 tn=0 wfr=0 sd=0
 X= 533 X2= 532  Y= 537 Y2= 532 P1= 637 P2= 210 T1=  16 T2=  16  P=1116  D=  60 tn=0 wfr=0 sd=0
 X= 532 X2= 531  Y= 525 Y2= 527 P1= 639 P2= 208 T1=  15 T2=  16  P=1081  D=  80 tn=0 wfr=0 sd=0
 X= 333 X2= 473  Y= 496 Y2= 517 P1= 625 P2= 208 T1=  15 T2= 292  P=1100  D=   5 tn=0 wfr=0 sd=0
 X= 431 X2= 501  Y= 511 Y2= 530 P1= 633 P2= 207 T1=  16 T2= 157  P=1100  D=  10 tn=0 wfr=0 sd=0
 X= 479 X2= 516  Y= 521 Y2= 526 P1= 637 P2= 208 T1=  14 T2=  84  P=1100  D=  15 tn=0 wfr=0 sd=0
 X= 506 X2= 523  Y= 531 Y2= 529 P1= 636 P2= 209 T1=  16 T2=  50  P=1100  D=  20 tn=0 wfr=0 sd=0
 X= 522 X2= 527  Y= 525 Y2= 527 P1= 635 P2= 213 T1=  16 T2=  27  P=1100  D=  30 tn=0 wfr=0 sd=0
 X= 527 X2= 530  Y= 530 Y2= 520 P1= 635 P2= 211 T1=  16 T2=  19  P=1100  D=  40 tn=0 wfr=0 sd=0
 X= 529 X2= 530  Y= 529 Y2= 534 P1= 635 P2= 208 T1=  16 T2=  16  P=1060  D=  60 tn=0 wfr=0 sd=0
 X= 529 X2= 530  Y= 528 Y2= 533 P1= 635 P2= 205 T1=  16 T2=  16  P=1085  D=  80 tn=0 wfr=0 sd=0
 X= 329 X2= 479  Y= 487 Y2= 522 P1= 625 P2= 207 T1=  15 T2= 279  P=1109  D=   5 tn=0 wfr=0 sd=0
 X= 426 X2= 501  Y= 513 Y2= 523 P1= 633 P2= 212 T1=  15 T2= 150  P=1109  D=  10 tn=0 wfr=0 sd=0
 X= 482 X2= 517  Y= 527 Y2= 528 P1= 634 P2= 209 T1=  16 T2=  80  P=1109  D=  15 tn=0 wfr=0 sd=0
 X= 506 X2= 522  Y= 524 Y2= 522 P1= 634 P2= 203 T1=  14 T2=  51  P=1109  D=  20 tn=0 wfr=0 sd=0
 X= 522 X2= 529  Y= 535 Y2= 531 P1= 635 P2= 208 T1=  14 T2=  25  P=1109  D=  30 tn=0 wfr=0 sd=0
 X= 525 X2= 529  Y= 532 Y2= 531 P1= 635 P2= 208 T1=  16 T2=  18  P=1109  D=  40 tn=0 wfr=0 sd=0
 X= 531 X2= 531  Y= 533 Y2= 530 P1= 637 P2= 208 T1=  16 T2=  16  P=1081  D=  60 tn=0 wfr=0 sd=0
 X= 530 X2= 531  Y= 529 Y2= 532 P1= 637 P2= 207 T1=  16 T2=  16  P=1094  D=  80 tn=0 wfr=0 sd=0
 X= 323 X2= 471  Y= 490 Y2= 515 P1= 626 P2= 208 T1=  17 T2= 299  P=1100  D=   5 tn=0 wfr=0 sd=0
 X= 428 X2= 505  Y= 514 Y2= 524 P1= 635 P2= 207 T1=  15 T2= 158  P=1100  D=  10 tn=0 wfr=0 sd=0
 X= 482 X2= 519  Y= 510 Y2= 522 P1= 637 P2= 208 T1=  14 T2=  87  P=1100  D=  15 tn=0 wfr=0 sd=0
 X= 507 X2= 526  Y= 522 Y2= 526 P1= 636 P2= 209 T1=  14 T2=  50  P=1100  D=  20 tn=0 wfr=0 sd=0
 X= 526 X2= 531  Y= 527 Y2= 533 P1= 638 P2= 210 T1=  16 T2=  26  P=1100  D=  30 tn=0 wfr=0 sd=0
 X= 532 X2= 532  Y= 529 Y2= 524 P1= 636 P2= 216 T1=  14 T2=  19  P=1100  D=  40 tn=0 wfr=0 sd=0
 X= 534 X2= 534  Y= 528 Y2= 533 P1= 635 P2= 213 T1=  16 T2=  15  P=1034  D=  60 tn=0 wfr=0 sd=0
 X= 532 X2= 533  Y= 533 Y2= 530 P1= 634 P2= 210 T1=  16 T2=  15  P=1057  D=  80 tn=0 wfr=0 sd=0
 X= 324 X2= 472  Y= 485 Y2= 518 P1= 622 P2= 209 T1=  15 T2= 292  P=1074  D=   5 tn=0 wfr=0 sd=0
 X= 430 X2= 505  Y= 512 Y2= 514 P1= 633 P2= 211 T1=  14 T2= 151  P=1074  D=  10 tn=0 wfr=0 sd=0
 X= 482 X2= 521  Y= 515 Y2= 523 P1= 634 P2= 208 T1=  17 T2=  86  P=1074  D=  15 tn=0 wfr=0 sd=0
 X= 508 X2= 526  Y= 517 Y2= 524 P1= 634 P2= 210 T1=  15 T2=  51  P=1074  D=  20 tn=0 wfr=0 sd=0
 X= 526 X2= 530  Y= 532 Y2= 530 P1= 634 P2= 203 T1=  15 T2=  25  P=1074  D=  30 tn=0 wfr=0 sd=0
 X= 531 X2= 532  Y= 532 Y2= 529 P1= 633 P2= 211 T1=  16 T2=  20  P=1074  D=  40 tn=0 wfr=0 sd=0
 X= 533 X2= 532  Y= 530 Y2= 520 P1= 634 P2= 211 T1=  15 T2=  17  P=1062  D=  60 tn=0 wfr=0 sd=0
 X= 534 X2= 532  Y= 528 Y2= 535 P1= 634 P2= 211 T1=  17 T2=  15  P=1066  D=  80 tn=0 wfr=0 sd=0
 X= 339 X2= 482  Y= 488 Y2= 506 P1= 620 P2= 217 T1=  16 T2= 294  P=1068  D=   5 tn=0 wfr=0 sd=0
 X= 431 X2= 504  Y= 506 Y2= 521 P1= 631 P2= 211 T1=  15 T2= 151  P=1068  D=  10 tn=0 wfr=0 sd=0
 X= 482 X2= 518  Y= 519 Y2= 520 P1= 633 P2= 211 T1=  15 T2=  81  P=1068  D=  15 tn=0 wfr=0 sd=0
 X= 508 X2= 526  Y= 523 Y2= 534 P1= 634 P2= 210 T1=  15 T2=  49  P=1068  D=  20 tn=0 wfr=0 sd=0
 X= 526 X2= 531  Y= 526 Y2= 534 P1= 636 P2= 210 T1=  14 T2=  26  P=1068  D=  30 tn=0 wfr=0 sd=0
 X= 532 X2= 533  Y= 521 Y2= 526 P1= 634 P2= 212 T1=  15 T2=  19  P=1068  D=  40 tn=0 wfr=0 sd=0
 X= 533 X2= 533  Y= 532 Y2= 529 P1= 635 P2= 211 T1=  16 T2=  16  P=1058  D=  60 tn=0 wfr=0 sd=0
 X= 533 X2= 533  Y= 531 Y2= 529 P1= 632 P2= 211 T1=  15 T2=  18  P=1070  D=  80 tn=0 wfr=0 sd=0
 X= 346 X2= 529  Y= 486 Y2= 518 P1= 622 P2= 211 T1=  14 T2= 278  P=1063  D=   5 tn=0 wfr=0 sd=0
 X= 436 X2= 508  Y= 507 Y2= 520 P1= 630 P2= 212 T1=  16 T2= 152  P=1063  D=  10 tn=0 wfr=0 sd=0
 X= 487 X2= 520  Y= 520 Y2= 531 P1= 631 P2= 211 T1=  16 T2=  85  P=1063  D=  15 tn=0 wfr=0 sd=0
 X= 510 X2= 529  Y= 522 Y2= 526 P1= 630 P2= 212 T1=  14 T2=  46  P=1063  D=  20 tn=0 wfr=0 sd=0
 X= 529 X2= 534  Y= 529 Y2= 520 P1= 631 P2= 212 T1=  15 T2=  23  P=1063  D=  30 tn=0 wfr=0 sd=0
 X= 533 X2= 536  Y= 530 Y2= 521 P1= 630 P2= 213 T1=  16 T2=  19  P=1063  D=  40 tn=0 wfr=0 sd=0
 X= 534 X2= 535  Y= 524 Y2= 527 P1= 630 P2= 210 T1=  14 T2=  16  P=1045  D=  60 tn=0 wfr=0 sd=0
 X= 537 X2= 536  Y= 529 Y2= 529 P1= 631 P2= 212 T1=  15 T2=  16  P=1068  D=  80 tn=0 wfr=0 sd=0
 X= 344 X2= 513  Y= 484 Y2= 530 P1= 624 P2= 209 T1=  15 T2= 242  P=1059  D=   5 tn=0 wfr=0 sd=0
 X= 440 X2= 510  Y= 518 Y2= 527 P1= 629 P2= 213 T1=  13 T2= 148  P=1059  D=  10 tn=0 wfr=0 sd=0
 X= 490 X2= 526  Y= 518 Y2= 525 P1= 630 P2= 212 T1=  16 T2=  83  P=1059  D=  15 tn=0 wfr=0 sd=0
 X= 512 X2= 530  Y= 531 Y2= 529 P1= 631 P2= 214 T1=  16 T2=  49  P=1059  D=  20 tn=0 wfr=0 sd=0
 X= 530 X2= 535  Y= 535 Y2= 530 P1= 632 P2= 213 T1=  14 T2=  23  P=1059  D=  30 tn=0 wfr=0 sd=0
 X= 535 X2= 534  Y= 526 Y2= 527 P1= 632 P2= 213 T1=  12 T2=  17  P=1059  D=  40 tn=0 wfr=0 sd=0
 X= 536 X2= 538  Y= 529 Y2= 529 P1= 631 P2= 213 T1=  15 T2=  17  P=1050  D=  60 tn=0 wfr=0 sd=0
 X= 537 X2= 537  Y= 529 Y2= 522 P1= 631 P2= 214 T1=  14 T2=  16  P=1053  D=  80 tn=0 wfr=0 sd=0
 X= 328 X2= 478  Y= 483 Y2= 513 P1= 620 P2= 213 T1=  13 T2= 279  P=1046  D=   5 tn=0 wfr=0 sd=0
 X= 442 X2= 510  Y= 501 Y2= 517 P1= 629 P2= 213 T1=  16 T2= 141  P=1046  D=  10 tn=0 wfr=0 sd=0
 X= 490 X2= 524  Y= 526 Y2= 528 P1= 630 P2= 214 T1=  15 T2=  82  P=1046  D=  15 tn=0 wfr=0 sd=0
 X= 513 X2= 530  Y= 522 Y2= 526 P1= 630 P2= 214 T1=  16 T2=  45  P=1046  D=  20 tn=0 wfr=0 sd=0
 X= 531 X2= 534  Y= 528 Y2= 522 P1= 629 P2= 213 T1=  16 T2=  23  P=1046  D=  30 tn=0 wfr=0 sd=0
 X= 533 X2= 535  Y= 529 Y2= 529 P1= 631 P2= 216 T1=  16 T2=  18  P=1046  D=  40 tn=0 wfr=0 sd=0
 X= 535 X2= 536  Y= 524 Y2= 527 P1= 630 P2= 214 T1=  16 T2=  16  P=1025  D=  60 tn=0 wfr=0 sd=0
 X= 536 X2= 537  Y= 520 Y2= 526 P1= 634 P2= 213 T1=  16 T2=  16  P=1039  D=  80 tn=0 wfr=0 sd=0
 X= 331 X2= 503  Y= 482 Y2= 515 P1= 622 P2= 211 T1=  14 T2= 277  P=1059  D=   5 tn=0 wfr=0 sd=0
 X= 442 X2= 535  Y= 513 Y2= 525 P1= 631 P2= 217 T1=  15 T2= 150  P=1059  D=  10 tn=0 wfr=0 sd=0
 X= 489 X2= 524  Y= 520 Y2= 531 P1= 632 P2= 213 T1=  14 T2=  84  P=1059  D=  15 tn=0 wfr=0 sd=0
 X= 512 X2= 529  Y= 528 Y2= 528 P1= 633 P2= 212 T1=  16 T2=  48  P=1059  D=  20 tn=0 wfr=0 sd=0
 X= 530 X2= 534  Y= 528 Y2= 521 P1= 630 P2= 213 T1=  15 T2=  23  P=1059  D=  30 tn=0 wfr=0 sd=0
 X= 535 X2= 535  Y= 527 Y2= 536 P1= 631 P2= 213 T1=  15 T2=  18  P=1059  D=  40 tn=0 wfr=0 sd=0
 X= 537 X2= 536  Y= 528 Y2= 533 P1= 631 P2= 217 T1=  17 T2=  15  P=1049  D=  60 tn=0 wfr=0 sd=0
 X= 537 X2= 536  Y= 521 Y2= 525 P1= 630 P2= 219 T1=  14 T2=  16  P=1022  D=  80 tn=0 wfr=0 sd=0
 X= 330 X2= 490  Y= 495 Y2= 517 P1= 620 P2= 213 T1=  15 T2= 279  P=1005  D=   5 tn=0 wfr=0 sd=0
 X= 440 X2= 513  Y= 508 Y2= 527 P1= 632 P2= 210 T1=  17 T2= 148  P=1005  D=  10 tn=0 wfr=0 sd=0
 X= 490 X2= 535  Y= 512 Y2= 525 P1= 632 P2= 213 T1=  14 T2=  84  P=1005  D=  15 tn=0 wfr=0 sd=0
 X= 512 X2= 529  Y= 530 Y2= 530 P1= 634 P2= 213 T1=  15 T2=  49  P=1005  D=  20 tn=0 wfr=0 sd=0
 X= 530 X2= 534  Y= 522 Y2= 527 P1= 633 P2= 212 T1=  15 T2=  25  P=1005  D=  30 tn=0 wfr=0 sd=0
 X= 534 X2= 537  Y= 530 Y2= 529 P1= 633 P2= 212 T1=  15 T2=  19  P=1005  D=  40 tn=0 wfr=0 sd=0
 X= 536 X2= 537  Y= 525 Y2= 528 P1= 633 P2= 213 T1=  15 T2=  16  P=1061  D=  60 tn=0 wfr=0 sd=0
 X= 537 X2= 536  Y= 527 Y2= 537 P1= 634 P2= 212 T1=  16 T2=  15  P=1056  D=  80 tn=0 wfr=0 sd=0
 X= 329 X2= 487  Y= 486 Y2= 512 P1= 622 P2= 212 T1=  14 T2= 283  P=1066  D=   5 tn=0 wfr=0 sd=0
 X= 441 X2= 509  Y= 512 Y2= 522 P1= 630 P2= 220 T1=  15 T2= 154  P=1066  D=  10 tn=0 wfr=0 sd=0
 X= 489 X2= 521  Y= 526 Y2= 530 P1= 632 P2= 213 T1=  15 T2=  82  P=1066  D=  15 tn=0 wfr=0 sd=0
 X= 513 X2= 528  Y= 527 Y2= 528 P1= 633 P2= 213 T1=  15 T2=  49  P=1066  D=  20 tn=0 wfr=0 sd=0
 X= 530 X2= 534  Y= 526 Y2= 536 P1= 633 P2= 213 T1=  14 T2=  25  P=1066  D=  30 tn=0 wfr=0 sd=0
 X= 534 X2= 534  Y= 528 Y2= 534 P1= 632 P2= 206 T1=  16 T2=  18  P=1066  D=  40 tn=0 wfr=0 sd=0
 X= 537 X2= 537  Y= 533 Y2= 530 P1= 634 P2= 213 T1=  17 T2=  15  P=1103  D=  60 tn=0 wfr=0 sd=0
 X= 537 X2= 537  Y= 525 Y2= 527 P1= 634 P2= 213 T1=  15 T2=  14  P=1061  D=  80 tn=0 wfr=0 sd=0
 X= 337 X2= 484  Y= 497 Y2= 517 P1= 620 P2= 213 T1=  15 T2= 285  P=1061  D=   5 tn=0 wfr=0 sd=0
 X= 438 X2= 520  Y= 510 Y2= 529 P1= 629 P2= 212 T1=  14 T2= 143  P=1061  D=  10 tn=0 wfr=0 sd=0
 X= 490 X2= 535  Y= 516 Y2= 531 P1= 633 P2= 212 T1=  12 T2=  80  P=1061  D=  15 tn=0 wfr=0 sd=0
 X= 511 X2= 531  Y= 522 Y2= 526 P1= 633 P2= 212 T1=  15 T2=  50  P=1061  D=  20 tn=0 wfr=0 sd=0
 X= 529 X2= 534  Y= 524 Y2= 528 P1= 634 P2= 215 T1=  16 T2=  26  P=1061  D=  30 tn=0 wfr=0 sd=0
 X= 535 X2= 537  Y= 529 Y2= 522 P1= 633 P2= 212 T1=  14 T2=  19  P=1061  D=  40 tn=0 wfr=0 sd=0
 X= 537 X2= 537  Y= 527 Y2= 536 P1= 633 P2= 213 T1=  15 T2=  15  P=1063  D=  60 tn=0 wfr=0 sd=0
 X= 536 X2= 536  Y= 536 Y2= 532 P1= 633 P2= 211 T1=  16 T2=  20  P=1058  D=  80 tn=0 wfr=0 sd=0
 X= 336 X2= 483  Y= 489 Y2= 522 P1= 623 P2= 210 T1=  15 T2= 285  P=1072  D=   5 tn=0 wfr=0 sd=0
 X= 436 X2= 509  Y= 514 Y2= 523 P1= 630 P2= 217 T1=  15 T2= 146  P=1072  D=  10 tn=0 wfr=0 sd=0
 X= 488 X2= 526  Y= 517 Y2= 524 P1= 630 P2= 213 T1=  15 T2=  85  P=1072  D=  15 tn=0 wfr=0 sd=0
 X= 513 X2= 529  Y= 525 Y2= 522 P1= 632 P2= 213 T1=  14 T2=  51  P=1072  D=  20 tn=0 wfr=0 sd=0
 X= 530 X2= 535  Y= 536 Y2= 531 P1= 632 P2= 214 T1=  15 T2=  23  P=1072  D=  30 tn=0 wfr=0 sd=0
 X= 534 X2= 536  Y= 534 Y2= 531 P1= 633 P2= 211 T1=  16 T2=  18  P=1072  D=  40 tn=0 wfr=0 sd=0
 X= 538 X2= 536  Y= 531 Y2= 530 P1= 635 P2= 212 T1=  17 T2=  16  P=1070  D=  60 tn=0 wfr=0 sd=0
 X= 538 X2= 536  Y= 525 Y2= 528 P1= 636 P2= 212 T1=  15 T2=  16  P=1071  D=  80 tn=0 wfr=0 sd=0
 X= 340 X2= 489  Y= 490 Y2= 515 P1= 623 P2= 212 T1=  17 T2= 290  P=1074  D=   5 tn=0 wfr=0 sd=0
 X= 439 X2= 513  Y= 502 Y2= 518 P1= 633 P2= 213 T1=  16 T2= 147  P=1074  D=  10 tn=0 wfr=0 sd=0
 X= 487 X2= 524  Y= 520 Y2= 519 P1= 633 P2= 212 T1=  15 T2=  82  P=1074  D=  15 tn=0 wfr=0 sd=0
 X= 512 X2= 531  Y= 521 Y2= 526 P1= 634 P2= 212 T1=  15 T2=  48  P=1074  D=  20 tn=0 wfr=0 sd=0
 X= 530 X2= 535  Y= 526 Y2= 536 P1= 634 P2= 212 T1=  15 T2=  26  P=1074  D=  30 tn=0 wfr=0 sd=0
 X= 536 X2= 537  Y= 529 Y2= 524 P1= 635 P2= 219 T1=  14 T2=  19  P=1074  D=  40 tn=0 wfr=0 sd=0
 X= 538 X2= 538  Y= 527 Y2= 535 P1= 634 P2= 213 T1=  17 T2=  16  P=1017  D=  60 tn=0 wfr=0 sd=0
 X= 537 X2= 538  Y= 533 Y2= 530 P1= 633 P2= 212 T1=  16 T2=  16  P=1063  D=  80 tn=0 wfr=0 sd=0
 X= 326 X2= 482  Y= 477 Y2= 508 P1= 624 P2= 212 T1=  16 T2= 281  P=1065  D=   5 tn=0 wfr=0 sd=0
 X= 439 X2= 513  Y= 508 Y2= 513 P1= 634 P2= 213 T1=  15 T2= 149  P=1065  D=  10 tn=0 wfr=0 sd=0
 X= 489 X2= 531  Y= 517 Y2= 525 P1= 632 P2= 212 T1=  17 T2=  82  P=1065  D=  15 tn=0 wfr=0 sd=0
 X= 514 X2= 536  Y= 522 Y2= 535 P1= 634 P2= 219 T1=  15 T2=  49  P=1065  D=  20 tn=0 wfr=0 sd=0
 X= 532 X2= 536  Y= 529 Y2= 520 P1= 633 P2= 212 T1=  16 T2=  23  P=1065  D=  30 tn=0 wfr=0 sd=0
 X= 534 X2= 538  Y= 530 Y2= 529 P1= 633 P2= 213 T1=  15 T2=  18  P=1065  D=  40 tn=0 wfr=0 sd=0
 X= 536 X2= 536  Y= 529 Y2= 524 P1= 634 P2= 205 T1=  14 T2=  17  P=1056  D=  60 tn=0 wfr=0 sd=0
 X= 539 X2= 538  Y= 521 Y2= 525 P1= 633 P2= 216 T1=  15 T2=  16  P=1121  D=  80 tn=0 wfr=0 sd=0
 X= 330 X2= 480  Y= 483 Y2= 506 P1= 622 P2= 219 T1=  15 T2= 284  P=1038  D=   5 tn=0 wfr=0 sd=0
 X= 439 X2= 509  Y= 507 Y2= 521 P1= 632 P2= 206 T1=  15 T2= 153  P=1038  D=  10 tn=0 wfr=0 sd=0
 X= 490 X2= 524  Y= 513 Y2= 522 P1= 634 P2= 206 T1=  15 T2=  86  P=1038  D=  15 tn=0 wfr=0 sd=0
 X= 513 X2= 532  Y= 523 Y2= 533 P1= 634 P2= 212 T1=  15 T2=  48  P=1038  D=  20 tn=0 wfr=0 sd=0
 X= 531 X2= 536  Y= 530 Y2= 529 P1= 634 P2= 208 T1=  14 T2=  24  P=1038  D=  30 tn=0 wfr=0 sd=0
 X= 536 X2= 537  Y= 523 Y2= 526 P1= 635 P2= 213 T1=  15 T2=  18  P=1038  D=  40 tn=0 wfr=0 sd=0
 X= 537 X2= 539  Y= 526 Y2= 528 P1= 632 P2= 213 T1=  15 T2=  16  P=1061  D=  60 tn=0 wfr=0 sd=0
 X= 537 X2= 539  Y= 531 Y2= 529 P1= 634 P2= 212 T1=  16 T2=  15  P=1058  D=  80 tn=0 wfr=0 sd=0
 X= 335 X2= 484  Y= 489 Y2= 514 P1= 625 P2= 212 T1=  14 T2= 287  P=1070  D=   5 tn=0 wfr=0 sd=0
 X= 434 X2= 511  Y= 511 Y2= 517 P1= 633 P2= 212 T1=  16 T2= 150  P=1070  D=  10 tn=0 wfr=0 sd=0
 X= 490 X2= 524  Y= 518 Y2= 532 P1= 634 P2= 212 T1=  15 T2=  82  P=1070  D=  15 tn=0 wfr=0 sd=0
 X= 513 X2= 530  Y= 520 Y2= 525 P1= 633 P2= 212 T1=  15 T2=  51  P=1070  D=  20 tn=0 wfr=0 sd=0
 X= 533 X2= 536  Y= 530 Y2= 529 P1= 637 P2= 211 T1=  15 T2=  25  P=1070  D=  30 tn=0 wfr=0 sd=0
 X= 536 X2= 536  Y= 527 Y2= 536 P1= 635 P2= 212 T1=  15 T2=  17  P=1070  D=  40 tn=0 wfr=0 sd=0
 X= 537 X2= 537  Y= 530 Y2= 526 P1= 635 P2= 210 T1=  14 T2=  17  P=1069  D=  60 tn=0 wfr=0 sd=0
 X= 539 X2= 538  Y= 522 Y2= 526 P1= 634 P2= 212 T1=  15 T2=  16  P=1086  D=  80 tn=0 wfr=0 sd=0
 X= 341 X2= 483  Y= 487 Y2= 509 P1= 623 P2= 213 T1=  15 T2= 280  P=1070  D=   5 tn=0 wfr=0 sd=0
 X= 440 X2= 512  Y= 510 Y2= 525 P1= 633 P2= 212 T1=  16 T2= 153  P=1070  D=  10 tn=0 wfr=0 sd=0
 X= 490 X2= 526  Y= 516 Y2= 524 P1= 634 P2= 211 T1=  17 T2=  82  P=1070  D=  15 tn=0 wfr=0 sd=0
 X= 513 X2= 534  Y= 524 Y2= 532 P1= 634 P2= 217 T1=  16 T2=  48  P=1070  D=  20 tn=0 wfr=0 sd=0
 X= 531 X2= 537  Y= 529 Y2= 521 P1= 634 P2= 212 T1=  16 T2=  24  P=1070  D=  30 tn=0 wfr=0 sd=0
 X= 536 X2= 537  Y= 527 Y2= 537 P1= 635 P2= 211 T1=  16 T2=  17  P=1070  D=  40 tn=0 wfr=0 sd=0
 X= 537 X2= 538  Y= 527 Y2= 534 P1= 636 P2= 216 T1=  17 T2=  15  P=1076  D=  60 tn=0 wfr=0 sd=0
 X= 537 X2= 538  Y= 529 Y2= 524 P1= 636 P2= 218 T1=  14 T2=  17  P=1043  D=  80 tn=0 wfr=0 sd=0
 X= 332 X2= 483  Y= 486 Y2= 514 P1= 625 P2= 212 T1=  15 T2= 290  P=1029  D=   5 tn=0 wfr=0 sd=0
 X= 435 X2= 512  Y= 506 Y2= 520 P1= 633 P2= 212 T1=  15 T2= 152  P=1029  D=  10 tn=0 wfr=0 sd=0
 X= 490 X2= 526  Y= 527 Y2= 528 P1= 634 P2= 212 T1=  16 T2=  83  P=1029  D=  15 tn=0 wfr=0 sd=0
 X= 514 X2= 530  Y= 525 Y2= 519 P1= 634 P2= 212 T1=  16 T2=  52  P=1029  D=  20 tn=0 wfr=0 sd=0
 X= 532 X2= 535  Y= 530 Y2= 521 P1= 634 P2= 211 T1=  17 T2=  24  P=1029  D=  30 tn=0 wfr=0 sd=0
 X= 536 X2= 538  Y= 534 Y2= 528 P1= 636 P2= 210 T1=  16 T2=  19  P=1029  D=  40 tn=0 wfr=0 sd=0
 X= 537 X2= 538  Y= 528 Y2= 533 P1= 636 P2= 219 T1=  15 T2=  16  P=1089  D=  60 tn=0 wfr=0 sd=0
 X= 539 X2= 537  Y= 526 Y2= 528 P1= 637 P2= 211 T1=  15 T2=  15  P=1022  D=  80 tn=0 wfr=0 sd=0
 X= 327 X2= 478  Y= 479 Y2= 511 P1= 625 P2= 211 T1=  15 T2= 281  P=1085  D=   5 tn=0 wfr=0 sd=0
 X= 437 X2= 511  Y= 518 Y2= 526 P1= 634 P2= 212 T1=  14 T2= 148  P=1085  D=  10 tn=0 wfr=0 sd=0
 X= 486 X2= 523  Y= 519 Y2= 516 P1= 636 P2= 211 T1=  15 T2=  84  P=1085  D=  15 tn=0 wfr=0 sd=0
 X= 513 X2= 531  Y= 527 Y2= 528 P1= 637 P2= 211 T1=  16 T2=  49  P=1085  D=  20 tn=0 wfr=0 sd=0
 X= 530 X2= 536  Y= 525 Y2= 528 P1= 635 P2= 213 T1=  16 T2=  26  P=1085  D=  30 tn=0 wfr=0 sd=0
 X= 536 X2= 536  Y= 527 Y2= 536 P1= 635 P2= 212 T1=  15 T2=  17  P=1085  D=  40 tn=0 wfr=0 sd=0
 X= 539 X2= 539  Y= 535 Y2= 532 P1= 635 P2= 215 T1=  17 T2=  16  P=1069  D=  60 tn=0 wfr=0 sd=0
 X= 538 X2= 538  Y= 523 Y2= 527 P1= 636 P2= 212 T1=  16 T2=  16  P=1052  D=  80 tn=0 wfr=0 sd=0
 X= 337 X2= 488  Y= 495 Y2= 518 P1= 622 P2= 212 T1=  15 T2= 300  P=1076  D=   5 tn=0 wfr=0 sd=0
 X= 435 X2= 511  Y= 510 Y2= 522 P1= 634 P2= 212 T1=  16 T2= 156  P=1076  D=  10 tn=0 wfr=0 sd=0
 X= 487 X2= 522  Y= 523 Y2= 528 P1= 635 P2= 213 T1=  15 T2=  86  P=1076  D=  15 tn=0 wfr=0 sd=0
 X= 515 X2= 533  Y= 526 Y2= 528 P1= 636 P2= 212 T1=  15 T2=  52  P=1076  D=  20 tn=0 wfr=0 sd=0
 X= 532 X2= 536  Y= 531 Y2= 523 P1= 635 P2= 212 T1=  15 T2=  24  P=1076  D=  30 tn=0 wfr=0 sd=0
 X= 537 X2= 538  Y= 529 Y2= 525 P1= 635 P2= 212 T1=  15 T2=  19  P=1076  D=  40 tn=0 wfr=0 sd=0
 X= 539 X2= 538  Y= 528 Y2= 533 P1= 634 P2= 219 T1=  17 T2=  15  P=1071  D=  60 tn=0 wfr=0 sd=0
 X= 537 X2= 537  Y= 528 Y2= 534 P1= 635 P2= 206 T1=  17 T2=  15  P=1018  D=  80 tn=0 wfr=0 sd=0
 X= 324 X2= 477  Y= 488 Y2= 514 P1= 623 P2= 217 T1=  15 T2= 285  P=1118  D=   5 tn=0 wfr=0 sd=0
 X= 436 X2= 510  Y= 520 Y2= 525 P1= 632 P2= 213 T1=  15 T2= 154  P=1118  D=  10 tn=0 wfr=0 sd=0
 X= 489 X2= 523  Y= 519 Y2= 520 P1= 634 P2= 212 T1=  15 T2=  82  P=1118  D=  15 tn=0 wfr=0 sd=0
 X= 514 X2= 529  Y= 527 Y2= 528 P1= 635 P2= 212 T1=  16 T2=  51  P=1118  D=  20 tn=0 wfr=0 sd=0
 X= 531 X2= 536  Y= 526 Y2= 533 P1= 636 P2= 212 T1=  13 T2=  26  P=1118  D=  30 tn=0 wfr=0 sd=0
 X= 534 X2= 537  Y= 534 Y2= 531 P1= 633 P2= 212 T1=  16 T2=  18  P=1118  D=  40 tn=0 wfr=0 sd=0
 X= 539 X2= 538  Y= 535 Y2= 531 P1= 635 P2= 213 T1=  16 T2=  16  P=1061  D=  60 tn=0 wfr=0 sd=0
 X= 538 X2= 536  Y= 535 Y2= 530 P1= 633 P2= 212 T1=  15 T2=  15  P=1065  D=  80 tn=0 wfr=0 sd=0
 X= 339 X2= 495  Y= 493 Y2= 510 P1= 621 P2= 215 T1=  16 T2= 287  P=1065  D=   5 tn=0 wfr=0 sd=0
 X= 439 X2= 511  Y= 503 Y2= 518 P1= 633 P2= 212 T1=  16 T2= 153  P=1065  D=  10 tn=0 wfr=0 sd=0
 X= 487 X2= 524  Y= 522 Y2= 519 P1= 634 P2= 213 T1=  15 T2=  82  P=1065  D=  15 tn=0 wfr=0 sd=0
 X= 512 X2= 530  Y= 521 Y2= 526 P1= 632 P2= 212 T1=  15 T2=  51  P=1065  D=  20 tn=0 wfr=0 sd=0
 X= 530 X2= 535  Y= 525 Y2= 527 P1= 634 P2= 216 T1=  16 T2=  26  P=1065  D=  30 tn=0 wfr=0 sd=0
 X= 536 X2= 538  Y= 530 Y2= 525 P1= 634 P2= 213 T1=  15 T2=  19  P=1065  D=  40 tn=0 wfr=0 sd=0
 X= 537 X2= 538  Y= 533 Y2= 533 P1= 634 P2= 214 T1=  14 T2=  16  P=1061  D=  60 tn=0 wfr=0 sd=0
 X= 537 X2= 538  Y= 536 Y2= 531 P1= 635 P2= 211 T1=  16 T2=  15  P=1053  D=  80 tn=0 wfr=0 sd=0
 X= 332 X2= 486  Y= 487 Y2= 508 P1= 620 P2= 214 T1=  15 T2= 278  P=1078  D=   5 tn=0 wfr=0 sd=0
 X= 440 X2= 511  Y= 512 Y2= 522 P1= 632 P2= 219 T1=  15 T2= 157  P=1078  D=  10 tn=0 wfr=0 sd=0
 X= 487 X2= 526  Y= 518 Y2= 526 P1= 632 P2= 212 T1=  17 T2=  87  P=1078  D=  15 tn=0 wfr=0 sd=0
 X= 513 X2= 530  Y= 525 Y2= 521 P1= 634 P2= 212 T1=  15 T2=  50  P=1078  D=  20 tn=0 wfr=0 sd=0
 X= 531 X2= 537  Y= 535 Y2= 531 P1= 635 P2= 212 T1=  14 T2=  26  P=1078  D=  30 tn=0 wfr=0 sd=0
 X= 535 X2= 537  Y= 534 Y2= 530 P1= 633 P2= 212 T1=  14 T2=  18  P=1078  D=  40 tn=0 wfr=0 sd=0
 X= 538 X2= 538  Y= 535 Y2= 530 P1= 637 P2= 212 T1=  15 T2=  16  P=1063  D=  60 tn=0 wfr=0 sd=0
 X= 539 X2= 539  Y= 529 Y2= 524 P1= 635 P2= 219 T1=  15 T2=  16  P=1078  D=  80 tn=0 wfr=0 sd=0
 X= 339 X2= 481  Y= 485 Y2= 515 P1= 624 P2= 212 T1=  17 T2= 301  P=1023  D=   5 tn=0 wfr=0 sd=0
 X= 441 X2= 514  Y= 504 Y2= 520 P1= 633 P2= 212 T1=  17 T2= 148  P=1023  D=  10 tn=0 wfr=0 sd=0
 X= 487 X2= 526  Y= 516 Y2= 524 P1= 635 P2= 207 T1=  14 T2=  84  P=1023  D=  15 tn=0 wfr=0 sd=0
 X= 513 X2= 532  Y= 522 Y2= 535 P1= 634 P2= 212 T1=  16 T2=  50  P=1023  D=  20 tn=0 wfr=0 sd=0
 X= 530 X2= 536  Y= 527 Y2= 534 P1= 636 P2= 212 T1=  16 T2=  26  P=1023  D=  30 tn=0 wfr=0 sd=0
 X= 536 X2= 538  Y= 530 Y2= 523 P1= 636 P2= 212 T1=  14 T2=  19  P=1023  D=  40 tn=0 wfr=0 sd=0
 X= 537 X2= 538  Y= 523 Y2= 526 P1= 636 P2= 211 T1=  15 T2=  16  P=1074  D=  60 tn=0 wfr=0 sd=0
 X= 537 X2= 538  Y= 532 Y2= 529 P1= 633 P2= 211 T1=  16 T2=  16  P=1081  D=  80 tn=0 wfr=0 sd=0
 X= 328 X2= 475  Y= 484 Y2= 508 P1= 626 P2= 212 T1=  16 T2= 297  P=1074  D=   5 tn=0 wfr=0 sd=0
 X= 437 X2= 513  Y= 510 Y2= 514 P1= 635 P2= 212 T1=  16 T2= 145  P=1074  D=  10 tn=0 wfr=0 sd=0
 X= 489 X2= 525  Y= 518 Y2= 531 P1= 635 P2= 212 T1=  16 T2=  86  P=1074  D=  15 tn=0 wfr=0 sd=0
 X= 513 X2= 533  Y= 520 Y2= 526 P1= 633 P2= 212 T1=  15 T2=  50  P=1074  D=  20 tn=0 wfr=0 sd=0
 X= 532 X2= 537  Y= 531 Y2= 529 P1= 635 P2= 212 T1=  15 T2=  25  P=1074  D=  30 tn=0 wfr=0 sd=0
 X= 536 X2= 536  Y= 526 Y2= 528 P1= 636 P2= 212 T1=  16 T2=  17  P=1074  D=  40 tn=0 wfr=0 sd=0
 X= 538 X2= 537  Y= 529 Y2= 522 P1= 637 P2= 212 T1=  16 T2=  17  P=1072  D=  60 tn=0 wfr=0 sd=0
 X= 540 X2= 538  Y= 529 Y2= 524 P1= 637 P2= 214 T1=  15 T2=  16  P=1076  D=  80 tn=0 wfr=0 sd=0
 X= 339 X2= 485  Y= 490 Y2= 507 P1= 627 P2= 212 T1=  16 T2= 282  P=1065  D=   5 tn=0 wfr=0 sd=0
 X= 437 X2= 510  Y= 506 Y2= 529 P1= 634 P2= 211 T1=  16 T2= 158  P=1065  D=  10 tn=0 wfr=0 sd=0
 X= 488 X2= 525  Y= 514 Y2= 523 P1= 637 P2= 207 T1=  14 T2=  87  P=1065  D=  15 tn=0 wfr=0 sd=0
 X= 512 X2= 532  Y= 522 Y2= 531 P1= 637 P2= 218 T1=  16 T2=  48  P=1065  D=  20 tn=0 wfr=0 sd=0
 X= 533 X2= 535  Y= 524 Y2= 524 P1= 636 P2= 211 T1=  16 T2=  24  P=1065  D=  30 tn=0 wfr=0 sd=0
 X= 538 X2= 538  Y= 520 Y2= 525 P1= 638 P2= 211 T1=  15 T2=  19  P=1065  D=  40 tn=0 wfr=0 sd=0
 X= 537 X2= 538  Y= 523 Y2= 526 P1= 635 P2= 210 T1=  15 T2=  16  P=1088  D=  60 tn=0 wfr=0 sd=0
 X= 540 X2= 540  Y= 528 Y2= 525 P1= 638 P2= 212 T1=  16 T2=  16  P=1086  D=  80 tn=0 wfr=0 sd=0
 X= 333 X2= 487  Y= 480 Y2= 519 P1= 626 P2= 209 T1=  15 T2= 284  P=1084  D=   5 tn=0 wfr=0 sd=0
 X= 438 X2= 511  Y= 498 Y2= 519 P1= 635 P2= 211 T1=  17 T2= 154  P=1084  D=  10 tn=0 wfr=0 sd=0
 X= 489 X2= 526  Y= 519 Y2= 529 P1= 636 P2= 211 T1=  16 T2=  83  P=1084  D=  15 tn=0 wfr=0 sd=0
 X= 514 X2= 531  Y= 526 Y2= 527 P1= 638 P2= 211 T1=  16 T2=  52  P=1084  D=  20 tn=0 wfr=0 sd=0
 X= 533 X2= 537  Y= 529 Y2= 528 P1= 637 P2= 210 T1=  15 T2=  24  P=1084  D=  30 tn=0 wfr=0 sd=0
 X= 537 X2= 537  Y= 527 Y2= 534 P1= 638 P2= 211 T1=  17 T2=  18  P=1084  D=  40 tn=0 wfr=0 sd=0
 X= 538 X2= 538  Y= 520 Y2= 525 P1= 637 P2= 209 T1=  14 T2=  17  P=1086  D=  60 tn=0 wfr=0 sd=0
 X= 538 X2= 539  Y= 522 Y2= 526 P1= 637 P2= 211 T1=  16 T2=  16  P=1101  D=  80 tn=0 wfr=0 sd=0
 X= 322 X2= 478  Y= 491 Y2= 508 P1= 624 P2= 212 T1=  16 T2= 292  P=1085  D=   5 tn=0 wfr=0 sd=0
 X= 435 X2= 508  Y= 507 Y2= 528 P1= 634 P2= 210 T1=  16 T2= 157  P=1085  D=  10 tn=0 wfr=0 sd=0
 X= 489 X2= 525  Y= 521 Y2= 525 P1= 636 P2= 212 T1=  16 T2=  86  P=1085  D=  15 tn=0 wfr=0 sd=0
 X= 515 X2= 532  Y= 531 Y2= 530 P1= 637 P2= 212 T1=  16 T2=  51  P=1085  D=  20 tn=0 wfr=0 sd=0
 X= 530 X2= 537  Y= 526 Y2= 532 P1= 636 P2= 212 T1=  16 T2=  27  P=1085  D=  30 tn=0 wfr=0 sd=0
 X= 537 X2= 537  Y= 524 Y2= 527 P1= 638 P2= 211 T1=  15 T2=  17  P=1085  D=  40 tn=0 wfr=0 sd=0
 X= 538 X2= 539  Y= 527 Y2= 535 P1= 637 P2= 210 T1=  16 T2=  15  P=1086  D=  60 tn=0 wfr=0 sd=0
 X= 538 X2= 539  Y= 529 Y2= 519 P1= 637 P2= 210 T1=  14 T2=  17  P=1093  D=  80 tn=0 wfr=0 sd=0
 X= 336 X2= 484  Y= 486 Y2= 521 P1= 625 P2= 206 T1=  17 T2= 293  P=1093  D=   5 tn=0 wfr=0 sd=0
 X= 435 X2= 508  Y= 516 Y2= 523 P1= 635 P2= 217 T1=  15 T2= 156  P=1093  D=  10 tn=0 wfr=0 sd=0
 X= 488 X2= 525  Y= 525 Y2= 527 P1= 634 P2= 211 T1=  16 T2=  84  P=1093  D=  15 tn=0 wfr=0 sd=0
 X= 513 X2= 530  Y= 524 Y2= 517 P1= 636 P2= 211 T1=  16 T2=  53  P=1093  D=  20 tn=0 wfr=0 sd=0
 X= 532 X2= 537  Y= 527 Y2= 520 P1= 634 P2= 211 T1=  17 T2=  24  P=1093  D=  30 tn=0 wfr=0 sd=0
 X= 535 X2= 538  Y= 534 Y2= 529 P1= 635 P2= 211 T1=  16 T2=  19  P=1093  D=  40 tn=0 wfr=0 sd=0
 X= 537 X2= 538  Y= 522 Y2= 526 P1= 634 P2= 211 T1=  16 T2=  17  P=1076  D=  60 tn=0 wfr=0 sd=0
 X= 540 X2= 539  Y= 524 Y2= 526 P1= 637 P2= 211 T1=  16 T2=  15  P=1076  D=  80 tn=0 wfr=0 sd=0
 X= 348 X2= 535  Y= 482 Y2= 511 P1= 628 P2= 212 T1=  17 T2= 285  P=1087  D=   5 tn=0 wfr=0 sd=0
 X= 439 X2= 511  Y= 512 Y2= 522 P1= 633 P2= 211 T1=  15 T2= 154  P=1087  D=  10 tn=0 wfr=0 sd=0
 X= 489 X2= 525  Y= 517 Y2= 519 P1= 634 P2= 211 T1=  15 T2=  84  P=1087  D=  15 tn=0 wfr=0 sd=0
 X= 514 X2= 529  Y= 525 Y2= 526 P1= 635 P2= 212 T1=  16 T2=  52  P=1087  D=  20 tn=0 wfr=0 sd=0
 X= 531 X2= 536  Y= 524 Y2= 534 P1= 635 P2= 213 T1=  16 T2=  26  P=1087  D=  30 tn=0 wfr=0 sd=0
 X= 537 X2= 537  Y= 525 Y2= 535 P1= 634 P2= 212 T1=  15 T2=  17  P=1087  D=  40 tn=0 wfr=0 sd=0
 X= 539 X2= 539  Y= 535 Y2= 530 P1= 634 P2= 214 T1=  16 T2=  16  P=1068  D=  60 tn=0 wfr=0 sd=0
 X= 538 X2= 538  Y= 533 Y2= 529 P1= 635 P2= 211 T1=  16 T2=  15  P=1057  D=  80 tn=0 wfr=0 sd=0
 X= 326 X2= 486  Y= 484 Y2= 516 P1= 623 P2= 211 T1=  14 T2= 287  P=1080  D=   5 tn=0 wfr=0 sd=0
Release
 X= 435 X2= 513  Y= 507 Y2= 513 P1= 634 P2= 211 T1=  16 T2= 151  P=1080  D=  10 tn=0 wfr=1 sd=0
 X= 490 X2= 533  Y= 525 Y2= 526 P1= 635 P2= 211 T1=  16 T2=  82  P=1080  D=  15 tn=0 wfr=1 sd=0
 X= 514 X2= 533  Y= 522 Y2= 531 P1= 634 P2= 214 T1=  15 T2=  50  P=1080  D=  20 tn=0 wfr=1 sd=0
 X= 533 X2= 535  Y= 523 Y2= 526 P1= 635 P2= 212 T1=  16 T2=  25  P=1080  D=  30 tn=0 wfr=1 sd=0
 X= 536 X2= 538  Y= 533 Y2= 528 P1= 634 P2= 212 T1=  16 T2=  19  P=1080  D=  40 tn=0 wfr=1 sd=0
 X= 537 X2= 537  Y= 529 Y2= 520 P1= 635 P2= 210 T1=  16 T2=  16  P=1068  D=  60 tn=0 wfr=1 sd=0
 X= 540 X2= 538  Y= 523 Y2= 526 P1= 635 P2= 211 T1=  16 T2=  15  P=1086  D=  80 tn=0 wfr=1 sd=0
 X= 337 X2= 481  Y= 494 Y2= 518 P1= 624 P2= 218 T1=  15 T2= 282  P=1082  D=   5 tn=0 wfr=1 sd=0
 X= 437 X2= 511  Y= 509 Y2= 527 P1= 633 P2= 211 T1=  14 T2= 156  P=1082  D=  10 tn=0 wfr=1 sd=0
 X= 486 X2= 524  Y= 520 Y2= 517 P1= 635 P2= 212 T1=  15 T2=  84  P=1082  D=  15 tn=0 wfr=1 sd=0
 X= 515 X2= 532  Y= 531 Y2= 528 P1= 637 P2= 212 T1=  16 T2=  49  P=1082  D=  20 tn=0 wfr=1 sd=0
 X= 532 X2= 535  Y= 523 Y2= 526 P1= 636 P2= 212 T1=  16 T2=  25  P=1082  D=  30 tn=0 wfr=1 sd=0
 X= 537 X2= 538  Y= 527 Y2= 521 P1= 635 P2= 213 T1=  15 T2=  19  P=1082  D=  40 tn=0 wfr=1 sd=0
 X= 538 X2= 539  Y= 526 Y2= 532 P1= 635 P2= 212 T1=  17 T2=  16  P=1063  D=  60 tn=0 wfr=1 sd=0
 X= 538 X2= 538  Y= 534 Y2= 529 P1= 634 P2= 211 T1=  17 T2=  17  P=1073  D=  80 tn=0 wfr=1 sd=0
 X= 339 X2= 502  Y= 484 Y2= 514 P1= 627 P2= 207 T1=  15 T2= 302  P=1078  D=   5 tn=0 wfr=1 sd=0
 X= 440 X2= 540  Y= 508 Y2= 524 P1= 637 P2= 205 T1=  16 T2= 155  P=1078  D=  10 tn=0 wfr=1 sd=0
 X= 486 X2= 525  Y= 520 Y2= 523 P1= 644 P2= 205 T1=  15 T2=  91  P=1078  D=  15 tn=0 wfr=1 sd=0
 X= 507 X2= 531  Y= 519 Y2= 529 P1= 663 P2= 197 T1=  17 T2=  66  P=1078  D=  20 tn=0 wfr=1 sd=0
 X= 507 X2= 531  Y= 519 Y2= 529 P1= 663 P2= 197 T1=1023 T2=1024  P=1078  D=  30 tn=0 wfr=1 sd=0
                        5      10      15      20      30      40      60      80
X Posn:            334.43  434.54  487.00  511.78  529.81  534.41  536.30  536.76
X2 Posn:           486.59  508.65  524.19  529.70  534.49  535.78  536.54  536.59
X Noise:            11.91   14.06    3.58    2.65    2.50    2.58    2.22    2.55
X2 Noise:           13.60   11.18    4.33    2.81    2.34    2.30    2.29    2.43
X Abs Mean Delta:  152.16   74.11   37.19   17.92    4.68    1.38    0.24    0.16
X Mean Abs Delta:  152.16   74.11   37.19   17.92    4.68    1.43    0.78    0.86

Y Posn:            486.43  509.41  519.65  524.59  528.62  528.81  529.14  527.73
Y2 Posn:           514.32  521.81  525.46  527.24  528.05  529.35  529.51  528.08
Y Noise:             4.79    5.68    4.43    3.40    3.63    3.34    4.01    4.27
Y2 Noise:            5.09    4.87    4.07    4.11    4.78    4.70    3.69    3.75
Y Abs Mean Delta:   27.89   12.41    5.81    2.65    0.57    0.54    0.38    0.35
Y Mean Abs Delta:   27.89   12.41    6.19    4.49    5.27    5.08    4.22    4.41

T1 Posn:            15.24   15.86   15.43   15.43   15.41   15.27   15.49   15.51
T2 Posn:           285.65  154.84   83.70   50.30   24.92   18.32   16.08   16.00
T1 Noise:            0.98    2.64    1.16    0.74    0.99    0.94    0.99    0.82
T2 Noise:           10.03   19.08    2.37    3.30    1.35    0.83    0.74    1.03
T Abs Mean Delta:  270.41  138.97   68.27   34.86    9.51    3.05    0.59    0.49
T Mean Abs Delta:  270.41  138.97   68.27   34.86    9.51    3.05    1.30    1.14

target_noise  x= 3.68 y= 6.07 t= 1.37
   MAD<noise AMD<MAD AMD<Cnv MAD Cnv  Cnv#1   Cnv#2
X:      40      40      40      40      40      30
Y:      20      15      30      15      30      15
T:      80      60      60      40       5      40
Setting for delay_in_us:       40
Setting for y_delay_in_us:     30
Setting for tnt_delay_in_us:   40
Setting for max_delta_tnt:     20
Entering get_four_points
target_noise  x= 3.68 y= 6.07 t= 2.50
target state=0 point=20,20
 X= 507 X2= 531  Y= 519 Y2= 529 P1= 663 P2= 197 T1=1023 T2=1024  P=1078  D=  40 
 X= 507 X2= 531  Y= 519 Y2= 529 P1= 663 P2= 197 T1=1023 T2=1024  P=1078  D=  40 
 X= 507 X2= 531  Y= 519 Y2= 529 P1= 663 P2= 197 T1=1023 T2=1024  P=1078  D=  40 
 X= 507 X2= 531  Y= 519 Y2= 529 P1= 663 P2= 197 T1=1023 T2=1024  P=1078  D=  40 
 X= 507 X2= 531  Y= 519 Y2= 529 P1= 663 P2= 197 T1=1023 T2=1024  P=1078  D=  40 
 X= 507 X2= 531  Y= 519 Y2= 529 P1= 663 P2= 197 T1=1023 T2=1024  P=1078  D=  40 
 X= 507 X2= 531  Y= 519 Y2= 529 P1= 663 P2= 197 T1=1023 T2=1024  P=1078  D=  40 
 X= 507 X2= 531  Y= 519 Y2= 529 P1= 663 P2= 197 T1=1023 T2=1024  P=1078  D=  40 
 X= 507 X2= 531  Y= 519 Y2= 529 P1= 663 P2= 197 T1=1023 T2=1024  P=1078  D=  40 
 X= 507 X2= 531  Y= 519 Y2= 529 P1= 663 P2= 197 T1=1023 T2=1024  P=1078  D=  40 
 X= 507 X2= 531  Y= 519 Y2= 529 P1= 663 P2= 197 T1=1023 T2=1024  P=1078  D=  40 
 X= 507 X2= 531  Y= 519 Y2= 529 P1= 663 P2= 197 T1=1023 T2=1024  P=1078  D=  40 
 X= 507 X2= 531  Y= 519 Y2= 529 P1= 663 P2= 197 T1=1023 T2=1024  P=1078  D=  40 
 X= 507 X2= 531  Y= 519 Y2= 529 P1= 663 P2= 197 T1=1023 T2=1024  P=1078  D=  40 
 X= 507 X2= 531  Y= 519 Y2= 529 P1= 663 P2= 197 T1=1023 T2=1024  P=1078  D=  40 
 X= 507 X2= 531  Y= 519 Y2= 529 P1= 663 P2= 197 T1=1023 T2=1024  P=1078  D=  40 
 X= 507 X2= 531  Y= 519 Y2= 529 P1= 663 P2= 197 T1=1023 T2=1024  P=1078  D=  40 
 X= 507 X2= 531  Y= 519 Y2= 529 P1= 663 P2= 197 T1=1023 T2=1024  P=1078  D=  40 
 X= 507 X2= 531  Y= 519 Y2= 529 P1= 663 P2= 197 T1=1023 T2=1024  P=1078  D=  40 
 X= 507 X2= 531  Y= 519 Y2= 529 P1= 663 P2= 197 T1=1023 T2=1024  P=1078  D=  40 
 X= 507 X2= 531  Y= 519 Y2= 529 P1= 663 P2= 197 T1=1023 T2=1024  P=1078  D=  40 
 X= 507 X2= 531  Y= 519 Y2= 529 P1= 663 P2= 197 T1=1023 T2=1024  P=1078  D=  40 
 X= 507 X2= 531  Y= 519 Y2= 529 P1= 663 P2= 197 T1=1023 T2=1024  P=1078  D=  40 
 X= 507 X2= 531  Y= 519 Y2= 529 P1= 663 P2= 197 T1=1023 T2=1024  P=1078  D=  40 
 X= 507 X2= 531  Y= 519 Y2= 529 P1= 663 P2= 197 T1=1023 T2=1024  P=1078  D=  40 
 X= 507 X2= 531  Y= 519 Y2= 529 P1= 663 P2= 197 T1=1023 T2=1024  P=1078  D=  40 
 X= 507 X2= 531  Y= 519 Y2= 529 P1= 663 P2= 197 T1=1023 T2=1024  P=1078  D=  40 
 X= 507 X2= 531  Y= 519 Y2= 529 P1= 663 P2= 197 T1=1023 T2=1024  P=1078  D=  40 
 X= 507 X2= 531  Y= 519 Y2= 529 P1= 663 P2= 197 T1=1023 T2=1024  P=1078  D=  40 
 X= 507 X2= 531  Y= 519 Y2= 529 P1= 663 P2= 197 T1=1023 T2=1024  P=1078  D=  40 
 X= 507 X2= 531  Y= 519 Y2= 529 P1= 663 P2= 197 T1=1023 T2=1024  P=1078  D=  40 
 X= 507 X2= 531  Y= 519 Y2= 529 P1= 663 P2= 197 T1=1023 T2=1024  P=1078  D=  40 
 X= 507 X2= 531  Y= 519 Y2= 529 P1= 663 P2= 197 T1=1023 T2=1024  P=1078  D=  40 
 X= 507 X2= 531  Y= 519 Y2= 529 P1= 663 P2= 197 T1=1023 T2=1024  P=1078  D=  40 
 X= 507 X2= 531  Y= 519 Y2= 529 P1= 663 P2= 197 T1=1023 T2=1024  P=1078  D=  40 
 X= 507 X2= 531  Y= 519 Y2= 529 P1= 663 P2= 197 T1=1023 T2=1024  P=1078  D=  40 
 X= 507 X2= 531  Y= 519 Y2= 529 P1= 663 P2= 197 T1=1023 T2=1024  P=1078  D=  40 
 X= 507 X2= 531  Y= 519 Y2= 529 P1= 663 P2= 197 T1=1023 T2=1024  P=1078  D=  40 
 X= 507 X2= 531  Y= 519 Y2= 529 P1= 663 P2= 197 T1=1023 T2=1024  P=1078  D=  40 
 X= 507 X2= 531  Y= 519 Y2= 529 P1= 663 P2= 197 T1=1023 T2=1024  P=1078  D=  40 
 X= 507 X2= 531  Y= 519 Y2= 529 P1= 663 P2= 197 T1=1023 T2=1024  P=1078  D=  40 
 X= 507 X2= 531  Y= 519 Y2= 529 P1= 663 P2= 197 T1=1023 T2=1024  P=1078  D=  40 
 X= 507 X2= 531  Y= 519 Y2= 529 P1= 663 P2= 197 T1=1023 T2=1024  P=1078  D=  40 
 X= 507 X2= 531  Y= 519 Y2= 529 P1= 663 P2= 197 T1=1023 T2=1024  P=1078  D=  40 
 X= 507 X2= 531  Y= 519 Y2= 529 P1= 663 P2= 197 T1=1023 T2=1024  P=1078  D=  40 
 X= 507 X2= 531  Y= 519 Y2= 529 P1= 663 P2= 197 T1=1023 T2=1024  P=1078  D=  40 
 X= 507 X2= 531  Y= 519 Y2= 529 P1= 663 P2= 197 T1=1023 T2=1024  P=1078  D=  40 
 X= 507 X2= 531  Y= 519 Y2= 529 P1= 663 P2= 197 T1=1023 T2=1024  P=1078  D=  40 
 X= 507 X2= 531  Y= 519 Y2= 529 P1= 663 P2= 197 T1=1023 T2=1024  P=1078  D=  40 
 X= 507 X2= 531  Y= 519 Y2= 529 P1= 663 P2= 197 T1=1023 T2=1024  P=1078  D=  40 
 X= 507 X2= 531  Y= 519 Y2= 529 P1= 663 P2= 197 T1=1023 T2=1024  P=1078  D=  40 
 X= 507 X2= 531  Y= 519 Y2= 529 P1= 663 P2= 197 T1=1023 T2=1024  P=1078  D=  40 
 X= 507 X2= 531  Y= 519 Y2= 529 P1= 663 P2= 197 T1=1023 T2=1024  P=1078  D=  40 
 X= 507 X2= 531  Y= 519 Y2= 529 P1= 663 P2= 197 T1=1023 T2=1024  P=1078  D=  40 
 X= 507 X2= 531  Y= 519 Y2= 529 P1= 663 P2= 197 T1=1023 T2=1024  P=1078  D=  40 
 X= 507 X2= 531  Y= 519 Y2= 529 P1= 663 P2= 197 T1=1023 T2=1024  P=1078  D=  40 
 X= 507 X2= 531  Y= 519 Y2= 529 P1= 663 P2= 197 T1=1023 T2=1024  P=1078  D=  40 
 X= 507 X2= 531  Y= 519 Y2= 529 P1= 663 P2= 197 T1=1023 T2=1024  P=1078  D=  40 
 X= 507 X2= 531  Y= 519 Y2= 529 P1= 663 P2= 197 T1=1023 T2=1024  P=1078  D=  40 
 X= 507 X2= 531  Y= 519 Y2= 529 P1= 663 P2= 197 T1=1023 T2=1024  P=1078  D=  40 
 X= 507 X2= 531  Y= 519 Y2= 529 P1= 663 P2= 197 T1=1023 T2=1024  P=1078  D=  40 
 X= 507 X2= 531  Y= 519 Y2= 529 P1= 663 P2= 197 T1=1023 T2=1024  P=1078  D=  40 
 X= 507 X2= 531  Y= 519 Y2= 529 P1= 663 P2= 197 T1=1023 T2=1024  P=1078  D=  40 
 X= 507 X2= 531  Y= 519 Y2= 529 P1= 663 P2= 197 T1=1023 T2=1024  P=1078  D=  40 
 X= 507 X2= 531  Y= 519 Y2= 529 P1= 663 P2= 197 T1=1023 T2=1024  P=1078  D=  40 
 X= 507 X2= 531  Y= 519 Y2= 529 P1= 663 P2= 197 T1=1023 T2=1024  P=1078  D=  40 
 X= 507 X2= 531  Y= 519 Y2= 529 P1= 663 P2= 197 T1=1023 T2=1024  P=1078  D=  40 
 X= 507 X2= 531  Y= 519 Y2= 529 P1= 663 P2= 197 T1=1023 T2=1024  P=1078  D=  40 
 X= 507 X2= 531  Y= 519 Y2= 529 P1= 663 P2= 197 T1=1023 T2=1024  P=1078  D=  40 
 X= 507 X2= 531  Y= 519 Y2= 529 P1= 663 P2= 197 T1=1023 T2=1024  P=1078  D=  40 
 X= 507 X2= 531  Y= 519 Y2= 529 P1= 663 P2= 197 T1=1023 T2=1024  P=1078  D=  40 
 X= 507 X2= 531  Y= 519 Y2= 529 P1= 663 P2= 197 T1=1023 T2=1024  P=1078  D=  40 
 X= 507 X2= 531  Y= 519 Y2= 529 P1= 663 P2= 197 T1=1023 T2=1024  P=1078  D=  40 
 X= 507 X2= 531  Y= 519 Y2= 529 P1= 663 P2= 197 T1=1023 T2=1024  P=1078  D=  40 
 X= 507 X2= 531  Y= 519 Y2= 529 P1= 663 P2= 197 T1=1023 T2=1024  P=1078  D=  40 
 X= 507 X2= 531  Y= 519 Y2= 529 P1= 663 P2= 197 T1=1023 T2=1024  P=1078  D=  40 
 X= 507 X2= 531  Y= 519 Y2= 529 P1= 663 P2= 197 T1=1023 T2=1024  P=1078  D=  40 
 X= 507 X2= 531  Y= 519 Y2= 529 P1= 663 P2= 197 T1=1023 T2=1024  P=1078  D=  40 
 X= 507 X2= 531  Y= 519 Y2= 529 P1= 663 P2= 197 T1=1023 T2=1024  P=1078  D=  40 
 X= 507 X2= 531  Y= 519 Y2= 529 P1= 663 P2= 197 T1=1023 T2=1024  P=1078  D=  40 
 X= 507 X2= 531  Y= 519 Y2= 529 P1= 663 P2= 197 T1=1023 T2=1024  P=1078  D=  40 
 X= 507 X2= 531  Y= 519 Y2= 529 P1= 663 P2= 197 T1=1023 T2=1024  P=1078  D=  40 
 X= 507 X2= 531  Y= 519 Y2= 529 P1= 663 P2= 197 T1=1023 T2=1024  P=1078  D=  40 
 X= 507 X2= 531  Y= 519 Y2= 529 P1= 663 P2= 197 T1=1023 T2=1024  P=1078  D=  40 
 X= 507 X2= 531  Y= 519 Y2= 529 P1= 663 P2= 197 T1=1023 T2=1024  P=1078  D=  40 
 X= 507 X2= 531  Y= 519 Y2= 529 P1= 663 P2= 197 T1=1023 T2=1024  P=1078  D=  40 
 X= 507 X2= 531  Y= 519 Y2= 529 P1= 663 P2= 197 T1=1023 T2=1024  P=1078  D=  40 
 X= 507 X2= 531  Y= 519 Y2= 529 P1= 663 P2= 197 T1=1023 T2=1024  P=1078  D=  40 
 X= 507 X2= 531  Y= 519 Y2= 529 P1= 663 P2= 197 T1=1023 T2=1024  P=1078  D=  40 
 X= 507 X2= 531  Y= 519 Y2= 529 P1= 663 P2= 197 T1=1023 T2=1024  P=1078  D=  40 
 X= 507 X2= 531  Y= 519 Y2= 529 P1= 663 P2= 197 T1=1023 T2=1024  P=1078  D=  40 
 X= 507 X2= 531  Y= 519 Y2= 529 P1= 663 P2= 197 T1=1023 T2=1024  P=1078  D=  40 
 X= 507 X2= 531  Y= 519 Y2= 529 P1= 663 P2= 197 T1=1023 T2=1024  P=1078  D=  40 
 X= 507 X2= 531  Y= 519 Y2= 529 P1= 663 P2= 197 T1=1023 T2=1024  P=1078  D=  40 
 X= 507 X2= 531  Y= 519 Y2= 529 P1= 663 P2= 197 T1=1023 T2=1024  P=1078  D=  40 
 X= 507 X2= 531  Y= 519 Y2= 529 P1= 663 P2= 197 T1=1023 T2=1024  P=1078  D=  40 
 X= 507 X2= 531  Y= 519 Y2= 529 P1= 663 P2= 197 T1=1023 T2=1024  P=1078  D=  40 
 X= 507 X2= 531  Y= 519 Y2= 529 P1= 663 P2= 197 T1=1023 T2=1024  P=1078  D=  40 
 X= 507 X2= 531  Y= 519 Y2= 529 P1= 663 P2= 197 T1=1023 T2=1024  P=1078  D=  40 
 X= 507 X2= 531  Y= 519 Y2= 529 P1= 663 P2= 197 T1=1023 T2=1024  P=1078  D=  40 
 X= 507 X2= 531  Y= 519 Y2= 529 P1= 663 P2= 197 T1=1023 T2=1024  P=1078  D=  40 
 X= 507 X2= 531  Y= 519 Y2= 529 P1= 663 P2= 197 T1=1023 T2=1024  P=1078  D=  40 
 X= 507 X2= 531  Y= 519 Y2= 529 P1= 663 P2= 197 T1=1023 T2=1024  P=1078  D=  40 
 X= 507 X2= 531  Y= 519 Y2= 529 P1= 663 P2= 197 T1=1023 T2=1024  P=1078  D=  40 
 X= 507 X2= 531  Y= 519 Y2= 529 P1= 663 P2= 197 T1=1023 T2=1024  P=1078  D=  40 
 X= 507 X2= 531  Y= 519 Y2= 529 P1= 663 P2= 197 T1=1023 T2=1024  P=1078  D=  40 
 X= 507 X2= 531  Y= 519 Y2= 529 P1= 663 P2= 197 T1=1023 T2=1024  P=1078  D=  40 
 X= 507 X2= 531  Y= 519 Y2= 529 P1= 663 P2= 197 T1=1023 T2=1024  P=1078  D=  40 
 X= 507 X2= 531  Y= 519 Y2= 529 P1= 663 P2= 197 T1=1023 T2=1024  P=1078  D=  40 
 X= 507 X2= 531  Y= 519 Y2= 529 P1= 663 P2= 197 T1=1023 T2=1024  P=1078  D=  40 
 X= 370 X2= 379  Y= 847 Y2= 855 P1= 843 P2= 192 T1=  13 T2=  17  P=1078  D=  40 
 X= 371 X2= 378  Y= 849 Y2= 849 P1= 836 P2= 201 T1=  10 T2=  16  P=1267  D=  40 
 X= 372 X2= 379  Y= 840 Y2= 849 P1= 833 P2= 203 T1=  12 T2=  15  P=1267  D=  40 
 X= 372 X2= 379  Y= 844 Y2= 850 P1= 833 P2= 205 T1=  12 T2=  14  P=1163  D=  40 
 X= 372 X2= 381  Y= 853 Y2= 852 P1= 832 P2= 206 T1=  13 T2=  15  P=1148  D=  40 
 X= 374 X2= 382  Y= 850 Y2= 848 P1= 832 P2= 206 T1=  12 T2=  16  P=1142  D=  40 
 X= 373 X2= 382  Y= 848 Y2= 858 P1= 833 P2= 199 T1=  12 T2=  14  P=1148  D=  40 
 X= 374 X2= 382  Y= 857 Y2= 852 P1= 831 P2= 207 T1=  12 T2=  16  P=1200  D=  40 
 X= 375 X2= 381  Y= 841 Y2= 850 P1= 832 P2= 210 T1=  11 T2=  13  P=1139  D=  40 
 X= 375 X2= 382  Y= 847 Y2= 851 P1= 830 P2= 210 T1=  13 T2=  15  P=1119  D=  40 
 X= 375 X2= 382  Y= 842 Y2= 850 P1= 830 P2= 210 T1=  11 T2=  15  P=1115  D=  40 
 X= 376 X2= 383  Y= 850 Y2= 843 P1= 830 P2= 209 T1=  12 T2=  14  P=1115  D=  40 
 X= 374 X2= 383  Y= 848 Y2= 856 P1= 831 P2= 208 T1=  13 T2=  14  P=1126  D=  40 
 X= 375 X2= 384  Y= 852 Y2= 851 P1= 830 P2= 209 T1=  12 T2=  15  P=1132  D=  40 
 X= 377 X2= 384  Y= 850 Y2= 845 P1= 830 P2= 212 T1=  11 T2=  16  P=1126  D=  40 
Release
 X= 375 X2= 383  Y= 848 Y2= 853 P1= 832 P2= 207 T1=  12 T2=  15  P=1107  D=  40 
 X= 375 X2= 383  Y= 857 Y2= 852 P1= 830 P2= 208 T1=  12 T2=  15  P=1144  D=  40 
 X= 375 X2= 383  Y= 857 Y2= 851 P1= 830 P2= 207 T1=  12 T2=  16  P=1133  D=  40 
 X= 375 X2= 382  Y= 842 Y2= 848 P1= 832 P2= 206 T1=  12 T2=  14  P=1140  D=  40 
 X= 375 X2= 382  Y= 845 Y2= 849 P1= 832 P2= 206 T1=  14 T2=  14  P=1148  D=  40 
 X= 375 X2= 383  Y= 849 Y2= 842 P1= 830 P2= 211 T1=  11 T2=  14  P=1148  D=  40 
 X= 376 X2= 383  Y= 848 Y2= 847 P1= 830 P2= 207 T1=  11 T2=  15  P=1111  D=  40 
 X= 375 X2= 383  Y= 854 Y2= 851 P1= 829 P2= 208 T1=  12 T2=  14  P=1140  D=  40 
 X= 375 X2= 384  Y= 852 Y2= 850 P1= 829 P2= 208 T1=  12 T2=  16  P=1131  D=  40 
 X= 375 X2= 384  Y= 849 Y2= 850 P1= 830 P2= 207 T1=  10 T2=  15  P=1131  D=  40 
 X= 374 X2= 384  Y= 847 Y2= 854 P1= 830 P2= 206 T1=  12 T2=  15  P=1140  D=  40 
 X= 375 X2= 384  Y= 853 Y2= 850 P1= 830 P2= 207 T1=  12 T2=  15  P=1147  D=  40 
 X= 376 X2= 384  Y= 840 Y2= 847 P1= 831 P2= 208 T1=  12 T2=  15  P=1140  D=  40 
 X= 376 X2= 383  Y= 844 Y2= 849 P1= 830 P2= 207 T1=  12 T2=  14  P=1138  D=  40 
 X= 376 X2= 385  Y= 849 Y2= 849 P1= 830 P2= 207 T1=  10 T2=  15  P=1140  D=  40 
 X= 377 X2= 384  Y= 847 Y2= 845 P1= 831 P2= 207 T1=  11 T2=  15  P=1143  D=  40 
 X= 376 X2= 383  Y= 844 Y2= 849 P1= 831 P2= 206 T1=  12 T2=  16  P=1145  D=  40 
 X= 376 X2= 385  Y= 850 Y2= 850 P1= 831 P2= 206 T1=  12 T2=  15  P=1149  D=  40 
 X= 375 X2= 385  Y= 850 Y2= 850 P1= 831 P2= 205 T1=  13 T2=  16  P=1152  D=  40 
 X= 377 X2= 385  Y= 845 Y2= 856 P1= 836 P2= 196 T1=  13 T2=  15  P=1160  D=  40 
 X= 379 X2= 386  Y= 844 Y2= 856 P1= 840 P2= 198 T1=  13 T2=  21  P=1243  D=  40 
 X= 379 X2= 386  Y= 844 Y2= 856 P1= 840 P2= 198 T1=1023 T2=1024  P=1243  D=  40 
 X= 379 X2= 386  Y= 844 Y2= 856 P1= 840 P2= 198 T1=1023 T2=1024  P=1243  D=  40 
 X= 379 X2= 386  Y= 844 Y2= 856 P1= 840 P2= 198 T1=1023 T2=1024  P=1243  D=  40 
target state=1 point=460,20
 X= 379 X2= 386  Y= 844 Y2= 856 P1= 840 P2= 198 T1=1023 T2=1024  P=1243  D=  40 
 X= 379 X2= 386  Y= 844 Y2= 856 P1= 840 P2= 198 T1=1023 T2=1024  P=1243  D=  40 
 X= 379 X2= 386  Y= 844 Y2= 856 P1= 840 P2= 198 T1=1023 T2=1024  P=1243  D=  40 
 X= 379 X2= 386  Y= 844 Y2= 856 P1= 840 P2= 198 T1=1023 T2=1024  P=1243  D=  40 
 X= 379 X2= 386  Y= 844 Y2= 856 P1= 840 P2= 198 T1=1023 T2=1024  P=1243  D=  40 
 X= 379 X2= 386  Y= 844 Y2= 856 P1= 840 P2= 198 T1=1023 T2=1024  P=1243  D=  40 
 X= 379 X2= 386  Y= 844 Y2= 856 P1= 840 P2= 198 T1=1023 T2=1024  P=1243  D=  40 
 X= 379 X2= 386  Y= 844 Y2= 856 P1= 840 P2= 198 T1=1023 T2=1024  P=1243  D=  40 
 X= 379 X2= 386  Y= 844 Y2= 856 P1= 840 P2= 198 T1=1023 T2=1024  P=1243  D=  40 
 X= 379 X2= 386  Y= 844 Y2= 856 P1= 840 P2= 198 T1=1023 T2=1024  P=1243  D=  40 
 X= 379 X2= 386  Y= 844 Y2= 856 P1= 840 P2= 198 T1=1023 T2=1024  P=1243  D=  40 
 X= 379 X2= 386  Y= 844 Y2= 856 P1= 840 P2= 198 T1=1023 T2=1024  P=1243  D=  40 
 X= 379 X2= 386  Y= 844 Y2= 856 P1= 840 P2= 198 T1=1023 T2=1024  P=1243  D=  40 
 X= 379 X2= 386  Y= 844 Y2= 856 P1= 840 P2= 198 T1=1023 T2=1024  P=1243  D=  40 
 X= 379 X2= 386  Y= 844 Y2= 856 P1= 840 P2= 198 T1=1023 T2=1024  P=1243  D=  40 
 X= 379 X2= 386  Y= 844 Y2= 856 P1= 840 P2= 198 T1=1023 T2=1024  P=1243  D=  40 
 X= 379 X2= 386  Y= 844 Y2= 856 P1= 840 P2= 198 T1=1023 T2=1024  P=1243  D=  40 
 X= 379 X2= 386  Y= 844 Y2= 856 P1= 840 P2= 198 T1=1023 T2=1024  P=1243  D=  40 
 X= 379 X2= 386  Y= 844 Y2= 856 P1= 840 P2= 198 T1=1023 T2=1024  P=1243  D=  40 
 X= 379 X2= 386  Y= 844 Y2= 856 P1= 840 P2= 198 T1=1023 T2=1024  P=1243  D=  40 
 X= 379 X2= 386  Y= 844 Y2= 856 P1= 840 P2= 198 T1=1023 T2=1024  P=1243  D=  40 
 X= 379 X2= 386  Y= 844 Y2= 856 P1= 840 P2= 198 T1=1023 T2=1024  P=1243  D=  40 
 X= 379 X2= 386  Y= 844 Y2= 856 P1= 840 P2= 198 T1=1023 T2=1024  P=1243  D=  40 
 X= 379 X2= 386  Y= 844 Y2= 856 P1= 840 P2= 198 T1=1023 T2=1024  P=1243  D=  40 
 X= 379 X2= 386  Y= 844 Y2= 856 P1= 840 P2= 198 T1=1023 T2=1024  P=1243  D=  40 
 X= 379 X2= 386  Y= 844 Y2= 856 P1= 840 P2= 198 T1=1023 T2=1024  P=1243  D=  40 
 X= 379 X2= 386  Y= 844 Y2= 856 P1= 840 P2= 198 T1=1023 T2=1024  P=1243  D=  40 
 X= 379 X2= 386  Y= 844 Y2= 856 P1= 840 P2= 198 T1=1023 T2=1024  P=1243  D=  40 
 X= 379 X2= 386  Y= 844 Y2= 856 P1= 840 P2= 198 T1=1023 T2=1024  P=1243  D=  40 
 X= 379 X2= 386  Y= 844 Y2= 856 P1= 840 P2= 198 T1=1023 T2=1024  P=1243  D=  40 
 X= 379 X2= 386  Y= 844 Y2= 856 P1= 840 P2= 198 T1=1023 T2=1024  P=1243  D=  40 
 X= 379 X2= 386  Y= 844 Y2= 856 P1= 840 P2= 198 T1=1023 T2=1024  P=1243  D=  40 
 X= 379 X2= 386  Y= 844 Y2= 856 P1= 840 P2= 198 T1=1023 T2=1024  P=1243  D=  40 
 X= 379 X2= 386  Y= 844 Y2= 856 P1= 840 P2= 198 T1=1023 T2=1024  P=1243  D=  40 
 X= 379 X2= 386  Y= 844 Y2= 856 P1= 840 P2= 198 T1=1023 T2=1024  P=1243  D=  40 
 X= 379 X2= 386  Y= 844 Y2= 856 P1= 840 P2= 198 T1=1023 T2=1024  P=1243  D=  40 
 X= 379 X2= 386  Y= 844 Y2= 856 P1= 840 P2= 198 T1=1023 T2=1024  P=1243  D=  40 
 X= 379 X2= 386  Y= 844 Y2= 856 P1= 840 P2= 198 T1=1023 T2=1024  P=1243  D=  40 
 X= 379 X2= 386  Y= 844 Y2= 856 P1= 840 P2= 198 T1=1023 T2=1024  P=1243  D=  40 
 X= 379 X2= 386  Y= 844 Y2= 856 P1= 840 P2= 198 T1=1023 T2=1024  P=1243  D=  40 
 X= 379 X2= 386  Y= 844 Y2= 856 P1= 840 P2= 198 T1=1023 T2=1024  P=1243  D=  40 
 X= 379 X2= 386  Y= 844 Y2= 856 P1= 840 P2= 198 T1=1023 T2=1024  P=1243  D=  40 
 X= 379 X2= 386  Y= 844 Y2= 856 P1= 840 P2= 198 T1=1023 T2=1024  P=1243  D=  40 
 X= 379 X2= 386  Y= 844 Y2= 856 P1= 840 P2= 198 T1=1023 T2=1024  P=1243  D=  40 
 X= 379 X2= 386  Y= 844 Y2= 856 P1= 840 P2= 198 T1=1023 T2=1024  P=1243  D=  40 
 X= 379 X2= 386  Y= 844 Y2= 856 P1= 840 P2= 198 T1=1023 T2=1024  P=1243  D=  40 
 X= 379 X2= 386  Y= 844 Y2= 856 P1= 840 P2= 198 T1=1023 T2=1024  P=1243  D=  40 
 X= 379 X2= 386  Y= 844 Y2= 856 P1= 840 P2= 198 T1=1023 T2=1024  P=1243  D=  40 
 X= 379 X2= 386  Y= 844 Y2= 856 P1= 840 P2= 198 T1=1023 T2=1024  P=1243  D=  40 
 X= 379 X2= 386  Y= 844 Y2= 856 P1= 840 P2= 198 T1=1023 T2=1024  P=1243  D=  40 
 X= 379 X2= 386  Y= 844 Y2= 856 P1= 840 P2= 198 T1=1023 T2=1024  P=1243  D=  40 
 X= 379 X2= 386  Y= 844 Y2= 856 P1= 840 P2= 198 T1=1023 T2=1024  P=1243  D=  40 
 X= 379 X2= 386  Y= 844 Y2= 856 P1= 840 P2= 198 T1=1023 T2=1024  P=1243  D=  40 
 X= 379 X2= 386  Y= 844 Y2= 856 P1= 840 P2= 198 T1=1023 T2=1024  P=1243  D=  40 
 X= 379 X2= 386  Y= 844 Y2= 856 P1= 840 P2= 198 T1=1023 T2=1024  P=1243  D=  40 
 X= 379 X2= 386  Y= 844 Y2= 856 P1= 840 P2= 198 T1=1023 T2=1024  P=1243  D=  40 
 X= 379 X2= 386  Y= 844 Y2= 856 P1= 840 P2= 198 T1=1023 T2=1024  P=1243  D=  40 
 X= 379 X2= 386  Y= 844 Y2= 856 P1= 840 P2= 198 T1=1023 T2=1024  P=1243  D=  40 
 X= 379 X2= 386  Y= 844 Y2= 856 P1= 840 P2= 198 T1=1023 T2=1024  P=1243  D=  40 
 X= 379 X2= 386  Y= 844 Y2= 856 P1= 840 P2= 198 T1=1023 T2=1024  P=1243  D=  40 
 X= 379 X2= 386  Y= 844 Y2= 856 P1= 840 P2= 198 T1=1023 T2=1024  P=1243  D=  40 
 X= 379 X2= 386  Y= 844 Y2= 856 P1= 840 P2= 198 T1=1023 T2=1024  P=1243  D=  40 
 X= 379 X2= 386  Y= 844 Y2= 856 P1= 840 P2= 198 T1=1023 T2=1024  P=1243  D=  40 
 X= 379 X2= 386  Y= 844 Y2= 856 P1= 840 P2= 198 T1=1023 T2=1024  P=1243  D=  40 
 X= 379 X2= 386  Y= 844 Y2= 856 P1= 840 P2= 198 T1=1023 T2=1024  P=1243  D=  40 
 X= 379 X2= 386  Y= 844 Y2= 856 P1= 840 P2= 198 T1=1023 T2=1024  P=1243  D=  40 
 X= 379 X2= 386  Y= 844 Y2= 856 P1= 840 P2= 198 T1=1023 T2=1024  P=1243  D=  40 
 X= 379 X2= 386  Y= 844 Y2= 856 P1= 840 P2= 198 T1=1023 T2=1024  P=1243  D=  40 
 X= 379 X2= 386  Y= 844 Y2= 856 P1= 840 P2= 198 T1=1023 T2=1024  P=1243  D=  40 
 X= 379 X2= 386  Y= 844 Y2= 856 P1= 840 P2= 198 T1=1023 T2=1024  P=1243  D=  40 
 X= 379 X2= 386  Y= 844 Y2= 856 P1= 840 P2= 198 T1=1023 T2=1024  P=1243  D=  40 
 X= 379 X2= 386  Y= 844 Y2= 856 P1= 840 P2= 198 T1=1023 T2=1024  P=1243  D=  40 
 X= 379 X2= 386  Y= 844 Y2= 856 P1= 840 P2= 198 T1=1023 T2=1024  P=1243  D=  40 
 X= 379 X2= 386  Y= 844 Y2= 856 P1= 840 P2= 198 T1=1023 T2=1024  P=1243  D=  40 
 X= 379 X2= 386  Y= 844 Y2= 856 P1= 840 P2= 198 T1=1023 T2=1024  P=1243  D=  40 
 X= 379 X2= 386  Y= 844 Y2= 856 P1= 840 P2= 198 T1=1023 T2=1024  P=1243  D=  40 
 X= 379 X2= 386  Y= 844 Y2= 856 P1= 840 P2= 198 T1=1023 T2=1024  P=1243  D=  40 
 X= 379 X2= 386  Y= 844 Y2= 856 P1= 840 P2= 198 T1=1023 T2=1024  P=1243  D=  40 
 X= 379 X2= 386  Y= 844 Y2= 856 P1= 840 P2= 198 T1=1023 T2=1024  P=1243  D=  40 
 X= 379 X2= 386  Y= 844 Y2= 856 P1= 840 P2= 198 T1=1023 T2=1024  P=1243  D=  40 
 X= 379 X2= 386  Y= 844 Y2= 856 P1= 840 P2= 198 T1=1023 T2=1024  P=1243  D=  40 
 X= 379 X2= 386  Y= 844 Y2= 856 P1= 840 P2= 198 T1=1023 T2=1024  P=1243  D=  40 
 X= 379 X2= 386  Y= 844 Y2= 856 P1= 840 P2= 198 T1=1023 T2=1024  P=1243  D=  40 
 X= 379 X2= 386  Y= 844 Y2= 856 P1= 840 P2= 198 T1=1023 T2=1024  P=1243  D=  40 
 X= 379 X2= 386  Y= 844 Y2= 856 P1= 840 P2= 198 T1=1023 T2=1024  P=1243  D=  40 
 X= 379 X2= 386  Y= 844 Y2= 856 P1= 840 P2= 198 T1=1023 T2=1024  P=1243  D=  40 
 X= 379 X2= 386  Y= 844 Y2= 856 P1= 840 P2= 198 T1=1023 T2=1024  P=1243  D=  40 
 X= 379 X2= 386  Y= 844 Y2= 856 P1= 840 P2= 198 T1=1023 T2=1024  P=1243  D=  40 
 X= 379 X2= 386  Y= 844 Y2= 856 P1= 840 P2= 198 T1=1023 T2=1024  P=1243  D=  40 
 X= 379 X2= 386  Y= 844 Y2= 856 P1= 840 P2= 198 T1=1023 T2=1024  P=1243  D=  40 
 X= 379 X2= 386  Y= 844 Y2= 856 P1= 840 P2= 198 T1=1023 T2=1024  P=1243  D=  40 
 X= 379 X2= 386  Y= 844 Y2= 856 P1= 840 P2= 198 T1=1023 T2=1024  P=1243  D=  40 
 X= 379 X2= 386  Y= 844 Y2= 856 P1= 840 P2= 198 T1=1023 T2=1024  P=1243  D=  40 
 X= 379 X2= 386  Y= 844 Y2= 856 P1= 840 P2= 198 T1=1023 T2=1024  P=1243  D=  40 
 X= 379 X2= 386  Y= 844 Y2= 856 P1= 840 P2= 198 T1=1023 T2=1024  P=1243  D=  40 
 X= 379 X2= 386  Y= 844 Y2= 856 P1= 840 P2= 198 T1=1023 T2=1024  P=1243  D=  40 
 X= 379 X2= 386  Y= 844 Y2= 856 P1= 840 P2= 198 T1=1023 T2=1024  P=1243  D=  40 
 X= 379 X2= 386  Y= 844 Y2= 856 P1= 840 P2= 198 T1=1023 T2=1024  P=1243  D=  40 
 X= 379 X2= 386  Y= 844 Y2= 856 P1= 840 P2= 198 T1=1023 T2=1024  P=1243  D=  40 
 X= 379 X2= 386  Y= 844 Y2= 856 P1= 840 P2= 198 T1=1023 T2=1024  P=1243  D=  40 
 X= 379 X2= 386  Y= 844 Y2= 856 P1= 840 P2= 198 T1=1023 T2=1024  P=1243  D=  40 
 X= 379 X2= 386  Y= 844 Y2= 856 P1= 840 P2= 198 T1=1023 T2=1024  P=1243  D=  40 
 X= 379 X2= 386  Y= 844 Y2= 856 P1= 840 P2= 198 T1=1023 T2=1024  P=1243  D=  40 
 X= 379 X2= 386  Y= 844 Y2= 856 P1= 840 P2= 198 T1=1023 T2=1024  P=1243  D=  40 
 X= 379 X2= 386  Y= 844 Y2= 856 P1= 840 P2= 198 T1=1023 T2=1024  P=1243  D=  40 
 X= 379 X2= 386  Y= 844 Y2= 856 P1= 840 P2= 198 T1=1023 T2=1024  P=1243  D=  40 
 X= 379 X2= 386  Y= 844 Y2= 856 P1= 840 P2= 198 T1=1023 T2=1024  P=1243  D=  40 
 X= 379 X2= 386  Y= 844 Y2= 856 P1= 840 P2= 198 T1=1023 T2=1024  P=1243  D=  40 
 X= 379 X2= 386  Y= 844 Y2= 856 P1= 840 P2= 198 T1=1023 T2=1024  P=1243  D=  40 
 X= 379 X2= 386  Y= 844 Y2= 856 P1= 840 P2= 198 T1=1023 T2=1024  P=1243  D=  40 
 X= 379 X2= 386  Y= 844 Y2= 856 P1= 840 P2= 198 T1=1023 T2=1024  P=1243  D=  40 
 X= 379 X2= 386  Y= 844 Y2= 856 P1= 840 P2= 198 T1=1023 T2=1024  P=1243  D=  40 
 X= 379 X2= 386  Y= 844 Y2= 856 P1= 840 P2= 198 T1=1023 T2=1024  P=1243  D=  40 
 X= 379 X2= 386  Y= 844 Y2= 856 P1= 840 P2= 198 T1=1023 T2=1024  P=1243  D=  40 
 X= 379 X2= 386  Y= 844 Y2= 856 P1= 840 P2= 198 T1=1023 T2=1024  P=1243  D=  40 
 X= 379 X2= 386  Y= 844 Y2= 856 P1= 840 P2= 198 T1=1023 T2=1024  P=1243  D=  40 
 X= 374 X2= 371  Y= 201 Y2= 192 P1= 509 P2= 112 T1=  21 T2=  29  P=1243  D=  40 
 X= 374 X2= 369  Y= 196 Y2= 190 P1= 501 P2= 114 T1=  20 T2=  27  P=1243  D=  40 
 X= 374 X2= 368  Y= 192 Y2= 195 P1= 497 P2= 114 T1=  21 T2=  26  P=1243  D=  40 
 X= 373 X2= 368  Y= 192 Y2= 195 P1= 497 P2= 113 T1=  22 T2=  25  P=1246  D=  40 
 X= 374 X2= 370  Y= 193 Y2= 190 P1= 499 P2= 114 T1=  21 T2=  24  P=1257  D=  40 
 X= 374 X2= 367  Y= 188 Y2= 189 P1= 498 P2= 115 T1=  22 T2=  25  P=1256  D=  40 
 X= 375 X2= 368  Y= 197 Y2= 190 P1= 495 P2= 123 T1=  20 T2=  24  P=1232  D=  40 
 X= 374 X2= 368  Y= 186 Y2= 188 P1= 494 P2= 116 T1=  20 T2=  25  P=1121  D=  40 
 X= 374 X2= 367  Y= 187 Y2= 188 P1= 492 P2= 116 T1=  20 T2=  24  P=1208  D=  40 
 X= 374 X2= 370  Y= 199 Y2= 190 P1= 490 P2= 116 T1=  20 T2=  26  P=1199  D=  40 
 X= 374 X2= 370  Y= 193 Y2= 186 P1= 491 P2= 116 T1=  19 T2=  24  P=1199  D=  40 
 X= 373 X2= 369  Y= 200 Y2= 191 P1= 490 P2= 116 T1=  20 T2=  25  P=1202  D=  40 
 X= 373 X2= 369  Y= 193 Y2= 193 P1= 494 P2= 115 T1=  20 T2=  26  P=1196  D=  40 
 X= 374 X2= 370  Y= 201 Y2= 191 P1= 493 P2= 115 T1=  22 T2=  26  P=1196  D=  40 
 X= 375 X2= 368  Y= 188 Y2= 189 P1= 496 P2= 116 T1=  20 T2=  25  P=1222  D=  40 
Release
 X= 374 X2= 369  Y= 193 Y2= 194 P1= 493 P2= 115 T1=  21 T2=  25  P=1215  D=  40 
 X= 375 X2= 369  Y= 194 Y2= 186 P1= 493 P2= 117 T1=  19 T2=  25  P=1219  D=  40 
 X= 375 X2= 369  Y= 194 Y2= 187 P1= 490 P2= 117 T1=  19 T2=  25  P=1219  D=  40 
 X= 374 X2= 369  Y= 200 Y2= 194 P1= 490 P2= 119 T1=  20 T2=  25  P=1219  D=  40 
 X= 374 X2= 370  Y= 198 Y2= 190 P1= 491 P2= 116 T1=  20 T2=  26  P=1156  D=  40 
 X= 375 X2= 370  Y= 197 Y2= 190 P1= 492 P2= 116 T1=  19 T2=  25  P=1156  D=  40 
 X= 376 X2= 370  Y= 192 Y2= 196 P1= 490 P2= 114 T1=  20 T2=  25  P=1156  D=  40 
 X= 375 X2= 370  Y= 193 Y2= 194 P1= 490 P2= 116 T1=  20 T2=  25  P=1230  D=  40 
 X= 377 X2= 371  Y= 194 Y2= 187 P1= 489 P2= 118 T1=  20 T2=  25  P=1199  D=  40 
 X= 376 X2= 369  Y= 187 Y2= 187 P1= 490 P2= 118 T1=  20 T2=  23  P=1175  D=  40 
 X= 376 X2= 371  Y= 196 Y2= 190 P1= 488 P2= 118 T1=  19 T2=  25  P=1172  D=  40 
 X= 376 X2= 370  Y= 195 Y2= 183 P1= 488 P2= 124 T1=  19 T2=  25  P=1172  D=  40 
 X= 377 X2= 370  Y= 194 Y2= 187 P1= 487 P2= 118 T1=  19 T2=  24  P=1172  D=  40 
 X= 376 X2= 370  Y= 201 Y2= 191 P1= 486 P2= 118 T1=  20 T2=  24  P=1166  D=  40 
 X= 377 X2= 371  Y= 185 Y2= 188 P1= 489 P2= 118 T1=  19 T2=  23  P=1163  D=  40 
 X= 376 X2= 370  Y= 190 Y2= 196 P1= 487 P2= 113 T1=  21 T2=  24  P=1175  D=  40 
 X= 377 X2= 371  Y= 200 Y2= 191 P1= 491 P2= 123 T1=  21 T2=  25  P=1234  D=  40 
 X= 931 X2= 936  Y= 449 Y2= 485 P1=1023 P2=   0 T1= 873 T2=1023  P=1118  D=  40 
 X= 931 X2= 936  Y= 449 Y2= 485 P1=1023 P2=   0 T1=1023 T2=1024  P=1118  D=  40 
 X= 931 X2= 936  Y= 449 Y2= 485 P1=1023 P2=   0 T1=1023 T2=1024  P=1118  D=  40 
target state=2 point=460,252
 X= 931 X2= 936  Y= 449 Y2= 485 P1=1023 P2=   0 T1=1023 T2=1024  P=1118  D=  40 
 X= 931 X2= 936  Y= 449 Y2= 485 P1=1023 P2=   0 T1=1023 T2=1024  P=1118  D=  40 
 X= 931 X2= 936  Y= 449 Y2= 485 P1=1023 P2=   0 T1=1023 T2=1024  P=1118  D=  40 
 X= 931 X2= 936  Y= 449 Y2= 485 P1=1023 P2=   0 T1=1023 T2=1024  P=1118  D=  40 
 X= 931 X2= 936  Y= 449 Y2= 485 P1=1023 P2=   0 T1=1023 T2=1024  P=1118  D=  40 
 X= 931 X2= 936  Y= 449 Y2= 485 P1=1023 P2=   0 T1=1023 T2=1024  P=1118  D=  40 
 X= 931 X2= 936  Y= 449 Y2= 485 P1=1023 P2=   0 T1=1023 T2=1024  P=1118  D=  40 
 X= 931 X2= 936  Y= 449 Y2= 485 P1=1023 P2=   0 T1=1023 T2=1024  P=1118  D=  40 
 X= 931 X2= 936  Y= 449 Y2= 485 P1=1023 P2=   0 T1=1023 T2=1024  P=1118  D=  40 
 X= 931 X2= 936  Y= 449 Y2= 485 P1=1023 P2=   0 T1=1023 T2=1024  P=1118  D=  40 
 X= 931 X2= 936  Y= 449 Y2= 485 P1=1023 P2=   0 T1=1023 T2=1024  P=1118  D=  40 
 X= 931 X2= 936  Y= 449 Y2= 485 P1=1023 P2=   0 T1=1023 T2=1024  P=1118  D=  40 
 X= 931 X2= 936  Y= 449 Y2= 485 P1=1023 P2=   0 T1=1023 T2=1024  P=1118  D=  40 
 X= 931 X2= 936  Y= 449 Y2= 485 P1=1023 P2=   0 T1=1023 T2=1024  P=1118  D=  40 
 X= 931 X2= 936  Y= 449 Y2= 485 P1=1023 P2=   0 T1=1023 T2=1024  P=1118  D=  40 
 X= 931 X2= 936  Y= 449 Y2= 485 P1=1023 P2=   0 T1=1023 T2=1024  P=1118  D=  40 
 X= 931 X2= 936  Y= 449 Y2= 485 P1=1023 P2=   0 T1=1023 T2=1024  P=1118  D=  40 
 X= 931 X2= 936  Y= 449 Y2= 485 P1=1023 P2=   0 T1=1023 T2=1024  P=1118  D=  40 
 X= 931 X2= 936  Y= 449 Y2= 485 P1=1023 P2=   0 T1=1023 T2=1024  P=1118  D=  40 
 X= 931 X2= 936  Y= 449 Y2= 485 P1=1023 P2=   0 T1=1023 T2=1024  P=1118  D=  40 
 X= 931 X2= 936  Y= 449 Y2= 485 P1=1023 P2=   0 T1=1023 T2=1024  P=1118  D=  40 
 X= 931 X2= 936  Y= 449 Y2= 485 P1=1023 P2=   0 T1=1023 T2=1024  P=1118  D=  40 
 X= 931 X2= 936  Y= 449 Y2= 485 P1=1023 P2=   0 T1=1023 T2=1024  P=1118  D=  40 
 X= 931 X2= 936  Y= 449 Y2= 485 P1=1023 P2=   0 T1=1023 T2=1024  P=1118  D=  40 
 X= 931 X2= 936  Y= 449 Y2= 485 P1=1023 P2=   0 T1=1023 T2=1024  P=1118  D=  40 
 X= 931 X2= 936  Y= 449 Y2= 485 P1=1023 P2=   0 T1=1023 T2=1024  P=1118  D=  40 
 X= 931 X2= 936  Y= 449 Y2= 485 P1=1023 P2=   0 T1=1023 T2=1024  P=1118  D=  40 
 X= 931 X2= 936  Y= 449 Y2= 485 P1=1023 P2=   0 T1=1023 T2=1024  P=1118  D=  40 
 X= 931 X2= 936  Y= 449 Y2= 485 P1=1023 P2=   0 T1=1023 T2=1024  P=1118  D=  40 
 X= 931 X2= 936  Y= 449 Y2= 485 P1=1023 P2=   0 T1=1023 T2=1024  P=1118  D=  40 
 X= 931 X2= 936  Y= 449 Y2= 485 P1=1023 P2=   0 T1=1023 T2=1024  P=1118  D=  40 
 X= 931 X2= 936  Y= 449 Y2= 485 P1=1023 P2=   0 T1=1023 T2=1024  P=1118  D=  40 
 X= 931 X2= 936  Y= 449 Y2= 485 P1=1023 P2=   0 T1=1023 T2=1024  P=1118  D=  40 
 X= 931 X2= 936  Y= 449 Y2= 485 P1=1023 P2=   0 T1=1023 T2=1024  P=1118  D=  40 
 X= 931 X2= 936  Y= 449 Y2= 485 P1=1023 P2=   0 T1=1023 T2=1024  P=1118  D=  40 
 X= 931 X2= 936  Y= 449 Y2= 485 P1=1023 P2=   0 T1=1023 T2=1024  P=1118  D=  40 
 X= 931 X2= 936  Y= 449 Y2= 485 P1=1023 P2=   0 T1=1023 T2=1024  P=1118  D=  40 
 X= 931 X2= 936  Y= 449 Y2= 485 P1=1023 P2=   0 T1=1023 T2=1024  P=1118  D=  40 
 X= 931 X2= 936  Y= 449 Y2= 485 P1=1023 P2=   0 T1=1023 T2=1024  P=1118  D=  40 
 X= 931 X2= 936  Y= 449 Y2= 485 P1=1023 P2=   0 T1=1023 T2=1024  P=1118  D=  40 
 X= 931 X2= 936  Y= 449 Y2= 485 P1=1023 P2=   0 T1=1023 T2=1024  P=1118  D=  40 
 X= 931 X2= 936  Y= 449 Y2= 485 P1=1023 P2=   0 T1=1023 T2=1024  P=1118  D=  40 
 X= 931 X2= 936  Y= 449 Y2= 485 P1=1023 P2=   0 T1=1023 T2=1024  P=1118  D=  40 
 X= 931 X2= 936  Y= 449 Y2= 485 P1=1023 P2=   0 T1=1023 T2=1024  P=1118  D=  40 
 X= 931 X2= 936  Y= 449 Y2= 485 P1=1023 P2=   0 T1=1023 T2=1024  P=1118  D=  40 
 X= 931 X2= 936  Y= 449 Y2= 485 P1=1023 P2=   0 T1=1023 T2=1024  P=1118  D=  40 
 X= 931 X2= 936  Y= 449 Y2= 485 P1=1023 P2=   0 T1=1023 T2=1024  P=1118  D=  40 
 X= 931 X2= 936  Y= 449 Y2= 485 P1=1023 P2=   0 T1=1023 T2=1024  P=1118  D=  40 
 X= 931 X2= 936  Y= 449 Y2= 485 P1=1023 P2=   0 T1=1023 T2=1024  P=1118  D=  40 
 X= 931 X2= 936  Y= 449 Y2= 485 P1=1023 P2=   0 T1=1023 T2=1024  P=1118  D=  40 
 X= 931 X2= 936  Y= 449 Y2= 485 P1=1023 P2=   0 T1=1023 T2=1024  P=1118  D=  40 
 X= 931 X2= 936  Y= 449 Y2= 485 P1=1023 P2=   0 T1=1023 T2=1024  P=1118  D=  40 
 X= 931 X2= 936  Y= 449 Y2= 485 P1=1023 P2=   0 T1=1023 T2=1024  P=1118  D=  40 
 X= 931 X2= 936  Y= 449 Y2= 485 P1=1023 P2=   0 T1=1023 T2=1024  P=1118  D=  40 
 X= 931 X2= 936  Y= 449 Y2= 485 P1=1023 P2=   0 T1=1023 T2=1024  P=1118  D=  40 
 X= 931 X2= 936  Y= 449 Y2= 485 P1=1023 P2=   0 T1=1023 T2=1024  P=1118  D=  40 
 X= 931 X2= 936  Y= 449 Y2= 485 P1=1023 P2=   0 T1=1023 T2=1024  P=1118  D=  40 
 X= 931 X2= 936  Y= 449 Y2= 485 P1=1023 P2=   0 T1=1023 T2=1024  P=1118  D=  40 
 X= 931 X2= 936  Y= 449 Y2= 485 P1=1023 P2=   0 T1=1023 T2=1024  P=1118  D=  40 
 X= 931 X2= 936  Y= 449 Y2= 485 P1=1023 P2=   0 T1=1023 T2=1024  P=1118  D=  40 
 X= 931 X2= 936  Y= 449 Y2= 485 P1=1023 P2=   0 T1=1023 T2=1024  P=1118  D=  40 
 X= 931 X2= 936  Y= 449 Y2= 485 P1=1023 P2=   0 T1=1023 T2=1024  P=1118  D=  40 
 X= 931 X2= 936  Y= 449 Y2= 485 P1=1023 P2=   0 T1=1023 T2=1024  P=1118  D=  40 
 X= 931 X2= 936  Y= 449 Y2= 485 P1=1023 P2=   0 T1=1023 T2=1024  P=1118  D=  40 
 X= 931 X2= 936  Y= 449 Y2= 485 P1=1023 P2=   0 T1=1023 T2=1024  P=1118  D=  40 
 X= 931 X2= 936  Y= 449 Y2= 485 P1=1023 P2=   0 T1=1023 T2=1024  P=1118  D=  40 
 X= 931 X2= 936  Y= 449 Y2= 485 P1=1023 P2=   0 T1=1023 T2=1024  P=1118  D=  40 
 X= 931 X2= 936  Y= 449 Y2= 485 P1=1023 P2=   0 T1=1023 T2=1024  P=1118  D=  40 
 X= 931 X2= 936  Y= 449 Y2= 485 P1=1023 P2=   0 T1=1023 T2=1024  P=1118  D=  40 
 X= 931 X2= 936  Y= 449 Y2= 485 P1=1023 P2=   0 T1=1023 T2=1024  P=1118  D=  40 
 X= 931 X2= 936  Y= 449 Y2= 485 P1=1023 P2=   0 T1=1023 T2=1024  P=1118  D=  40 
 X= 931 X2= 936  Y= 449 Y2= 485 P1=1023 P2=   0 T1=1023 T2=1024  P=1118  D=  40 
 X= 931 X2= 936  Y= 449 Y2= 485 P1=1023 P2=   0 T1=1023 T2=1024  P=1118  D=  40 
 X= 931 X2= 936  Y= 449 Y2= 485 P1=1023 P2=   0 T1=1023 T2=1024  P=1118  D=  40 
 X= 690 X2= 689  Y= 197 Y2= 206 P1= 558 P2= 194 T1=  22 T2=  27  P=1118  D=  40 
 X= 690 X2= 690  Y= 201 Y2= 199 P1= 553 P2= 202 T1=  21 T2=  27  P=1292  D=  40 
 X= 689 X2= 690  Y= 203 Y2= 200 P1= 559 P2= 199 T1=  21 T2=  27  P=1292  D=  40 
 X= 793 X2= 809  Y= 450 Y2= 474 P1=1023 P2=   0 T1= 693 T2=1023  P=1292  D=  40 
 X= 793 X2= 809  Y= 450 Y2= 474 P1=1023 P2=   0 T1=1023 T2=1024  P=1292  D=  40 
 X= 793 X2= 809  Y= 450 Y2= 474 P1=1023 P2=   0 T1=1023 T2=1024  P=1292  D=  40 
 X= 793 X2= 809  Y= 450 Y2= 474 P1=1023 P2=   0 T1=1023 T2=1024  P=1292  D=  40 
 X= 793 X2= 809  Y= 450 Y2= 474 P1=1023 P2=   0 T1=1023 T2=1024  P=1292  D=  40 
 X= 793 X2= 809  Y= 450 Y2= 474 P1=1023 P2=   0 T1=1023 T2=1024  P=1292  D=  40 
 X= 793 X2= 809  Y= 450 Y2= 474 P1=1023 P2=   0 T1=1023 T2=1024  P=1292  D=  40 
 X= 793 X2= 809  Y= 450 Y2= 474 P1=1023 P2=   0 T1=1023 T2=1024  P=1292  D=  40 
 X= 793 X2= 809  Y= 450 Y2= 474 P1=1023 P2=   0 T1=1023 T2=1024  P=1292  D=  40 
 X= 687 X2= 687  Y= 196 Y2= 191 P1= 564 P2= 196 T1=  22 T2=  29  P=1292  D=  40 
 X= 687 X2= 685  Y= 190 Y2= 193 P1= 559 P2= 197 T1=  21 T2=  27  P=1292  D=  40 
 X= 687 X2= 686  Y= 195 Y2= 187 P1= 554 P2= 198 T1=  20 T2=  27  P=1292  D=  40 
 X= 688 X2= 686  Y= 194 Y2= 190 P1= 554 P2= 199 T1=  20 T2=  27  P=1292  D=  40 
 X= 688 X2= 686  Y= 193 Y2= 194 P1= 553 P2= 199 T1=  20 T2=  27  P=1292  D=  40 
 X= 687 X2= 688  Y= 199 Y2= 195 P1= 547 P2= 201 T1=  21 T2=  27  P=1292  D=  40 
 X= 687 X2= 686  Y= 198 Y2= 195 P1= 546 P2= 202 T1=  21 T2=  27  P=1292  D=  40 
 X= 687 X2= 685  Y= 191 Y2= 192 P1= 547 P2= 202 T1=  21 T2=  26  P=1292  D=  40 
 X= 687 X2= 686  Y= 191 Y2= 196 P1= 547 P2= 202 T1=  21 T2=  26  P=1171  D=  40 
 X= 687 X2= 686  Y= 194 Y2= 193 P1= 546 P2= 204 T1=  21 T2=  26  P=1171  D=  40 
 X= 687 X2= 687  Y= 189 Y2= 191 P1= 544 P2= 202 T1=  20 T2=  25  P=1149  D=  40 
 X= 688 X2= 686  Y= 192 Y2= 189 P1= 545 P2= 207 T1=  20 T2=  24  P=1163  D=  40 
Release
 X= 690 X2= 685  Y= 185 Y2= 190 P1= 544 P2= 205 T1=  20 T2=  25  P=1121  D=  40 
 X= 687 X2= 686  Y= 196 Y2= 183 P1= 541 P2= 210 T1=  20 T2=  24  P=1135  D=  40 
 X= 688 X2= 686  Y= 198 Y2= 194 P1= 540 P2= 206 T1=  20 T2=  25  P=1081  D=  40 
 X= 689 X2= 685  Y= 191 Y2= 189 P1= 540 P2= 206 T1=  19 T2=  25  P=1113  D=  40 
 X= 687 X2= 685  Y= 190 Y2= 200 P1= 539 P2= 200 T1=  21 T2=  24  P=1113  D=  40 
 X= 687 X2= 686  Y= 190 Y2= 199 P1= 539 P2= 202 T1=  20 T2=  24  P=1162  D=  40 
 X= 689 X2= 687  Y= 186 Y2= 189 P1= 539 P2= 206 T1=  20 T2=  25  P=1144  D=  40 
 X= 689 X2= 685  Y= 185 Y2= 190 P1= 543 P2= 206 T1=  20 T2=  24  P=1111  D=  40 
 X= 691 X2= 684  Y= 185 Y2= 190 P1= 541 P2= 206 T1=  20 T2=  24  P=1123  D=  40 
 X= 688 X2= 687  Y= 192 Y2= 192 P1= 538 P2= 206 T1=  20 T2=  25  P=1117  D=  40 
 X= 688 X2= 684  Y= 185 Y2= 189 P1= 540 P2= 206 T1=  19 T2=  23  P=1106  D=  40 
 X= 688 X2= 686  Y= 190 Y2= 196 P1= 538 P2= 205 T1=  21 T2=  23  P=1112  D=  40 
 X= 687 X2= 688  Y= 197 Y2= 193 P1= 536 P2= 207 T1=  20 T2=  24  P=1115  D=  40 
 X= 685 X2= 685  Y= 190 Y2= 195 P1= 536 P2= 206 T1=  20 T2=  25  P=1091  D=  40 
 X= 687 X2= 686  Y= 190 Y2= 195 P1= 539 P2= 205 T1=  20 T2=  25  P=1096  D=  40 
 X= 688 X2= 686  Y= 190 Y2= 195 P1= 540 P2= 206 T1=  20 T2=  24  P=1117  D=  40 
 X= 689 X2= 686  Y= 186 Y2= 190 P1= 544 P2= 204 T1=  20 T2=  27  P=1113  D=  40 
 X= 689 X2= 686  Y= 186 Y2= 190 P1= 544 P2= 204 T1=1023 T2=1024  P=1113  D=  40 
 X= 689 X2= 686  Y= 186 Y2= 190 P1= 544 P2= 204 T1=1023 T2=1024  P=1113  D=  40 
 X= 689 X2= 686  Y= 186 Y2= 190 P1= 544 P2= 204 T1=1023 T2=1024  P=1113  D=  40 
target state=3 point=20,252
 X= 689 X2= 686  Y= 186 Y2= 190 P1= 544 P2= 204 T1=1023 T2=1024  P=1113  D=  40 
 X= 689 X2= 686  Y= 186 Y2= 190 P1= 544 P2= 204 T1=1023 T2=1024  P=1113  D=  40 
 X= 689 X2= 686  Y= 186 Y2= 190 P1= 544 P2= 204 T1=1023 T2=1024  P=1113  D=  40 
 X= 689 X2= 686  Y= 186 Y2= 190 P1= 544 P2= 204 T1=1023 T2=1024  P=1113  D=  40 
 X= 689 X2= 686  Y= 186 Y2= 190 P1= 544 P2= 204 T1=1023 T2=1024  P=1113  D=  40 
 X= 689 X2= 686  Y= 186 Y2= 190 P1= 544 P2= 204 T1=1023 T2=1024  P=1113  D=  40 
 X= 689 X2= 686  Y= 186 Y2= 190 P1= 544 P2= 204 T1=1023 T2=1024  P=1113  D=  40 
 X= 689 X2= 686  Y= 186 Y2= 190 P1= 544 P2= 204 T1=1023 T2=1024  P=1113  D=  40 
 X= 689 X2= 686  Y= 186 Y2= 190 P1= 544 P2= 204 T1=1023 T2=1024  P=1113  D=  40 
 X= 689 X2= 686  Y= 186 Y2= 190 P1= 544 P2= 204 T1=1023 T2=1024  P=1113  D=  40 
 X= 689 X2= 686  Y= 186 Y2= 190 P1= 544 P2= 204 T1=1023 T2=1024  P=1113  D=  40 
 X= 689 X2= 686  Y= 186 Y2= 190 P1= 544 P2= 204 T1=1023 T2=1024  P=1113  D=  40 
 X= 689 X2= 686  Y= 186 Y2= 190 P1= 544 P2= 204 T1=1023 T2=1024  P=1113  D=  40 
 X= 689 X2= 686  Y= 186 Y2= 190 P1= 544 P2= 204 T1=1023 T2=1024  P=1113  D=  40 
 X= 689 X2= 686  Y= 186 Y2= 190 P1= 544 P2= 204 T1=1023 T2=1024  P=1113  D=  40 
 X= 689 X2= 686  Y= 186 Y2= 190 P1= 544 P2= 204 T1=1023 T2=1024  P=1113  D=  40 
 X= 689 X2= 686  Y= 186 Y2= 190 P1= 544 P2= 204 T1=1023 T2=1024  P=1113  D=  40 
 X= 689 X2= 686  Y= 186 Y2= 190 P1= 544 P2= 204 T1=1023 T2=1024  P=1113  D=  40 
 X= 689 X2= 686  Y= 186 Y2= 190 P1= 544 P2= 204 T1=1023 T2=1024  P=1113  D=  40 
 X= 689 X2= 686  Y= 186 Y2= 190 P1= 544 P2= 204 T1=1023 T2=1024  P=1113  D=  40 
 X= 689 X2= 686  Y= 186 Y2= 190 P1= 544 P2= 204 T1=1023 T2=1024  P=1113  D=  40 
 X= 689 X2= 686  Y= 186 Y2= 190 P1= 544 P2= 204 T1=1023 T2=1024  P=1113  D=  40 
 X= 689 X2= 686  Y= 186 Y2= 190 P1= 544 P2= 204 T1=1023 T2=1024  P=1113  D=  40 
 X= 689 X2= 686  Y= 186 Y2= 190 P1= 544 P2= 204 T1=1023 T2=1024  P=1113  D=  40 
 X= 689 X2= 686  Y= 186 Y2= 190 P1= 544 P2= 204 T1=1023 T2=1024  P=1113  D=  40 
 X= 689 X2= 686  Y= 186 Y2= 190 P1= 544 P2= 204 T1=1023 T2=1024  P=1113  D=  40 
 X= 689 X2= 686  Y= 186 Y2= 190 P1= 544 P2= 204 T1=1023 T2=1024  P=1113  D=  40 
 X= 689 X2= 686  Y= 186 Y2= 190 P1= 544 P2= 204 T1=1023 T2=1024  P=1113  D=  40 
 X= 689 X2= 686  Y= 186 Y2= 190 P1= 544 P2= 204 T1=1023 T2=1024  P=1113  D=  40 
 X= 689 X2= 686  Y= 186 Y2= 190 P1= 544 P2= 204 T1=1023 T2=1024  P=1113  D=  40 
 X= 689 X2= 686  Y= 186 Y2= 190 P1= 544 P2= 204 T1=1023 T2=1024  P=1113  D=  40 
 X= 689 X2= 686  Y= 186 Y2= 190 P1= 544 P2= 204 T1=1023 T2=1024  P=1113  D=  40 
 X= 689 X2= 686  Y= 186 Y2= 190 P1= 544 P2= 204 T1=1023 T2=1024  P=1113  D=  40 
 X= 689 X2= 686  Y= 186 Y2= 190 P1= 544 P2= 204 T1=1023 T2=1024  P=1113  D=  40 
 X= 689 X2= 686  Y= 186 Y2= 190 P1= 544 P2= 204 T1=1023 T2=1024  P=1113  D=  40 
 X= 689 X2= 686  Y= 186 Y2= 190 P1= 544 P2= 204 T1=1023 T2=1024  P=1113  D=  40 
 X= 689 X2= 686  Y= 186 Y2= 190 P1= 544 P2= 204 T1=1023 T2=1024  P=1113  D=  40 
 X= 689 X2= 686  Y= 186 Y2= 190 P1= 544 P2= 204 T1=1023 T2=1024  P=1113  D=  40 
 X= 689 X2= 686  Y= 186 Y2= 190 P1= 544 P2= 204 T1=1023 T2=1024  P=1113  D=  40 
 X= 689 X2= 686  Y= 186 Y2= 190 P1= 544 P2= 204 T1=1023 T2=1024  P=1113  D=  40 
 X= 689 X2= 686  Y= 186 Y2= 190 P1= 544 P2= 204 T1=1023 T2=1024  P=1113  D=  40 
 X= 689 X2= 686  Y= 186 Y2= 190 P1= 544 P2= 204 T1=1023 T2=1024  P=1113  D=  40 
 X= 689 X2= 686  Y= 186 Y2= 190 P1= 544 P2= 204 T1=1023 T2=1024  P=1113  D=  40 
 X= 689 X2= 686  Y= 186 Y2= 190 P1= 544 P2= 204 T1=1023 T2=1024  P=1113  D=  40 
 X= 689 X2= 686  Y= 186 Y2= 190 P1= 544 P2= 204 T1=1023 T2=1024  P=1113  D=  40 
 X= 689 X2= 686  Y= 186 Y2= 190 P1= 544 P2= 204 T1=1023 T2=1024  P=1113  D=  40 
 X= 689 X2= 686  Y= 186 Y2= 190 P1= 544 P2= 204 T1=1023 T2=1024  P=1113  D=  40 
 X= 689 X2= 686  Y= 186 Y2= 190 P1= 544 P2= 204 T1=1023 T2=1024  P=1113  D=  40 
 X= 689 X2= 686  Y= 186 Y2= 190 P1= 544 P2= 204 T1=1023 T2=1024  P=1113  D=  40 
 X= 689 X2= 686  Y= 186 Y2= 190 P1= 544 P2= 204 T1=1023 T2=1024  P=1113  D=  40 
 X= 689 X2= 686  Y= 186 Y2= 190 P1= 544 P2= 204 T1=1023 T2=1024  P=1113  D=  40 
 X= 689 X2= 686  Y= 186 Y2= 190 P1= 544 P2= 204 T1=1023 T2=1024  P=1113  D=  40 
 X= 689 X2= 686  Y= 186 Y2= 190 P1= 544 P2= 204 T1=1023 T2=1024  P=1113  D=  40 
 X= 689 X2= 686  Y= 186 Y2= 190 P1= 544 P2= 204 T1=1023 T2=1024  P=1113  D=  40 
 X= 689 X2= 686  Y= 186 Y2= 190 P1= 544 P2= 204 T1=1023 T2=1024  P=1113  D=  40 
 X= 689 X2= 686  Y= 186 Y2= 190 P1= 544 P2= 204 T1=1023 T2=1024  P=1113  D=  40 
 X= 689 X2= 686  Y= 186 Y2= 190 P1= 544 P2= 204 T1=1023 T2=1024  P=1113  D=  40 
 X= 689 X2= 686  Y= 186 Y2= 190 P1= 544 P2= 204 T1=1023 T2=1024  P=1113  D=  40 
 X= 689 X2= 686  Y= 186 Y2= 190 P1= 544 P2= 204 T1=1023 T2=1024  P=1113  D=  40 
 X= 689 X2= 686  Y= 186 Y2= 190 P1= 544 P2= 204 T1=1023 T2=1024  P=1113  D=  40 
 X= 689 X2= 686  Y= 186 Y2= 190 P1= 544 P2= 204 T1=1023 T2=1024  P=1113  D=  40 
 X= 689 X2= 686  Y= 186 Y2= 190 P1= 544 P2= 204 T1=1023 T2=1024  P=1113  D=  40 
 X= 689 X2= 686  Y= 186 Y2= 190 P1= 544 P2= 204 T1=1023 T2=1024  P=1113  D=  40 
 X= 689 X2= 686  Y= 186 Y2= 190 P1= 544 P2= 204 T1=1023 T2=1024  P=1113  D=  40 
 X= 689 X2= 686  Y= 186 Y2= 190 P1= 544 P2= 204 T1=1023 T2=1024  P=1113  D=  40 
 X= 689 X2= 686  Y= 186 Y2= 190 P1= 544 P2= 204 T1=1023 T2=1024  P=1113  D=  40 
 X= 689 X2= 686  Y= 186 Y2= 190 P1= 544 P2= 204 T1=1023 T2=1024  P=1113  D=  40 
 X= 689 X2= 686  Y= 186 Y2= 190 P1= 544 P2= 204 T1=1023 T2=1024  P=1113  D=  40 
 X= 689 X2= 686  Y= 186 Y2= 190 P1= 544 P2= 204 T1=1023 T2=1024  P=1113  D=  40 
 X= 689 X2= 686  Y= 186 Y2= 190 P1= 544 P2= 204 T1=1023 T2=1024  P=1113  D=  40 
 X= 689 X2= 686  Y= 186 Y2= 190 P1= 544 P2= 204 T1=1023 T2=1024  P=1113  D=  40 
 X= 689 X2= 686  Y= 186 Y2= 190 P1= 544 P2= 204 T1=1023 T2=1024  P=1113  D=  40 
 X= 689 X2= 686  Y= 186 Y2= 190 P1= 544 P2= 204 T1=1023 T2=1024  P=1113  D=  40 
 X= 689 X2= 686  Y= 186 Y2= 190 P1= 544 P2= 204 T1=1023 T2=1024  P=1113  D=  40 
 X= 689 X2= 686  Y= 186 Y2= 190 P1= 544 P2= 204 T1=1023 T2=1024  P=1113  D=  40 
 X= 689 X2= 686  Y= 186 Y2= 190 P1= 544 P2= 204 T1=1023 T2=1024  P=1113  D=  40 
 X= 689 X2= 686  Y= 186 Y2= 190 P1= 544 P2= 204 T1=1023 T2=1024  P=1113  D=  40 
 X= 689 X2= 686  Y= 186 Y2= 190 P1= 544 P2= 204 T1=1023 T2=1024  P=1113  D=  40 
 X= 689 X2= 686  Y= 186 Y2= 190 P1= 544 P2= 204 T1=1023 T2=1024  P=1113  D=  40 
 X= 689 X2= 686  Y= 186 Y2= 190 P1= 544 P2= 204 T1=1023 T2=1024  P=1113  D=  40 
 X= 689 X2= 686  Y= 186 Y2= 190 P1= 544 P2= 204 T1=1023 T2=1024  P=1113  D=  40 
 X= 689 X2= 686  Y= 186 Y2= 190 P1= 544 P2= 204 T1=1023 T2=1024  P=1113  D=  40 
 X= 689 X2= 686  Y= 186 Y2= 190 P1= 544 P2= 204 T1=1023 T2=1024  P=1113  D=  40 
 X= 689 X2= 686  Y= 186 Y2= 190 P1= 544 P2= 204 T1=1023 T2=1024  P=1113  D=  40 
 X= 689 X2= 686  Y= 186 Y2= 190 P1= 544 P2= 204 T1=1023 T2=1024  P=1113  D=  40 
 X= 689 X2= 686  Y= 186 Y2= 190 P1= 544 P2= 204 T1=1023 T2=1024  P=1113  D=  40 
 X= 689 X2= 686  Y= 186 Y2= 190 P1= 544 P2= 204 T1=1023 T2=1024  P=1113  D=  40 
 X= 689 X2= 686  Y= 186 Y2= 190 P1= 544 P2= 204 T1=1023 T2=1024  P=1113  D=  40 
 X= 689 X2= 686  Y= 186 Y2= 190 P1= 544 P2= 204 T1=1023 T2=1024  P=1113  D=  40 
 X= 689 X2= 686  Y= 186 Y2= 190 P1= 544 P2= 204 T1=1023 T2=1024  P=1113  D=  40 
 X= 689 X2= 686  Y= 186 Y2= 190 P1= 544 P2= 204 T1=1023 T2=1024  P=1113  D=  40 
 X= 689 X2= 686  Y= 186 Y2= 190 P1= 544 P2= 204 T1=1023 T2=1024  P=1113  D=  40 
 X= 689 X2= 686  Y= 186 Y2= 190 P1= 544 P2= 204 T1=1023 T2=1024  P=1113  D=  40 
 X= 689 X2= 686  Y= 186 Y2= 190 P1= 544 P2= 204 T1=1023 T2=1024  P=1113  D=  40 
 X= 689 X2= 686  Y= 186 Y2= 190 P1= 544 P2= 204 T1=1023 T2=1024  P=1113  D=  40 
 X= 689 X2= 686  Y= 186 Y2= 190 P1= 544 P2= 204 T1=1023 T2=1024  P=1113  D=  40 
 X= 689 X2= 686  Y= 186 Y2= 190 P1= 544 P2= 204 T1=1023 T2=1024  P=1113  D=  40 
 X= 689 X2= 686  Y= 186 Y2= 190 P1= 544 P2= 204 T1=1023 T2=1024  P=1113  D=  40 
 X= 689 X2= 686  Y= 186 Y2= 190 P1= 544 P2= 204 T1=1023 T2=1024  P=1113  D=  40 
 X= 689 X2= 686  Y= 186 Y2= 190 P1= 544 P2= 204 T1=1023 T2=1024  P=1113  D=  40 
 X= 689 X2= 686  Y= 186 Y2= 190 P1= 544 P2= 204 T1=1023 T2=1024  P=1113  D=  40 
 X= 689 X2= 686  Y= 186 Y2= 190 P1= 544 P2= 204 T1=1023 T2=1024  P=1113  D=  40 
 X= 689 X2= 686  Y= 186 Y2= 190 P1= 544 P2= 204 T1=1023 T2=1024  P=1113  D=  40 
 X= 689 X2= 686  Y= 186 Y2= 190 P1= 544 P2= 204 T1=1023 T2=1024  P=1113  D=  40 
 X= 689 X2= 686  Y= 186 Y2= 190 P1= 544 P2= 204 T1=1023 T2=1024  P=1113  D=  40 
 X= 689 X2= 686  Y= 186 Y2= 190 P1= 544 P2= 204 T1=1023 T2=1024  P=1113  D=  40 
 X= 680 X2= 691  Y= 839 Y2= 847 P1= 902 P2= 250 T1=  23 T2=  33  P=1113  D=  40 
 X= 684 X2= 693  Y= 843 Y2= 853 P1= 880 P2= 289 T1=  16 T2=  22  P=1113  D=  40 
 X= 684 X2= 692  Y= 843 Y2= 852 P1= 877 P2= 296 T1=  15 T2=  21  P=1113  D=  40 
 X= 684 X2= 692  Y= 851 Y2= 851 P1= 872 P2= 303 T1=  14 T2=  20  P=1113  D=  40 
 X= 684 X2= 690  Y= 839 Y2= 848 P1= 873 P2= 305 T1=  14 T2=  18  P=1113  D=  40 
 X= 684 X2= 689  Y= 843 Y2= 849 P1= 870 P2= 309 T1=  15 T2=  18  P=1279  D=  40 
 X= 683 X2= 690  Y= 848 Y2= 850 P1= 868 P2= 313 T1=  13 T2=  18  P=1245  D=  40 
 X= 684 X2= 689  Y= 842 Y2= 850 P1= 868 P2= 317 T1=  13 T2=  16  P=1216  D=  40 
 X= 684 X2= 691  Y= 850 Y2= 852 P1= 865 P2= 318 T1=  14 T2=  18  P=1192  D=  40 
 X= 684 X2= 691  Y= 851 Y2= 851 P1= 866 P2= 319 T1=  13 T2=  17  P=1181  D=  40 
 X= 684 X2= 691  Y= 848 Y2= 851 P1= 865 P2= 319 T1=  11 T2=  17  P=1177  D=  40 
 X= 684 X2= 689  Y= 845 Y2= 855 P1= 866 P2= 320 T1=  13 T2=  16  P=1177  D=  40 
 X= 684 X2= 690  Y= 846 Y2= 853 P1= 865 P2= 320 T1=  13 T2=  16  P=1170  D=  40 
 X= 684 X2= 690  Y= 847 Y2= 847 P1= 865 P2= 322 T1=  13 T2=  16  P=1169  D=  40 
 X= 684 X2= 689  Y= 840 Y2= 848 P1= 865 P2= 321 T1=  12 T2=  15  P=1158  D=  40 
Release
 X= 685 X2= 690  Y= 848 Y2= 843 P1= 865 P2= 324 T1=  12 T2=  17  P=1162  D=  40 
 X= 685 X2= 691  Y= 847 Y2= 846 P1= 864 P2= 323 T1=  12 T2=  17  P=1146  D=  40 
 X= 685 X2= 690  Y= 848 Y2= 847 P1= 864 P2= 323 T1=  12 T2=  17  P=1151  D=  40 
 X= 683 X2= 690  Y= 846 Y2= 853 P1= 864 P2= 323 T1=  13 T2=  16  P=1150  D=  40 
 X= 683 X2= 690  Y= 850 Y2= 850 P1= 863 P2= 326 T1=  12 T2=  15  P=1148  D=  40 
 X= 683 X2= 689  Y= 846 Y2= 857 P1= 863 P2= 327 T1=  12 T2=  16  P=1129  D=  40 
 X= 683 X2= 689  Y= 845 Y2= 858 P1= 862 P2= 327 T1=  12 T2=  15  P=1124  D=  40 
 X= 682 X2= 691  Y= 849 Y2= 848 P1= 863 P2= 327 T1=  12 T2=  15  P=1122  D=  40 
 X= 681 X2= 688  Y= 846 Y2= 857 P1= 862 P2= 324 T1=  12 T2=  15  P=1124  D=  40 
 X= 683 X2= 689  Y= 846 Y2= 858 P1= 862 P2= 322 T1=  12 T2=  16  P=1135  D=  40 
 X= 684 X2= 689  Y= 848 Y2= 847 P1= 862 P2= 329 T1=  12 T2=  15  P=1150  D=  40 
 X= 684 X2= 689  Y= 848 Y2= 845 P1= 862 P2= 330 T1=  13 T2=  16  P=1111  D=  40 
 X= 682 X2= 688  Y= 847 Y2= 853 P1= 862 P2= 329 T1=  12 T2=  15  P=1105  D=  40 
 X= 680 X2= 690  Y= 854 Y2= 851 P1= 860 P2= 329 T1=  12 T2=  17  P=1109  D=  40 
 X= 684 X2= 688  Y= 842 Y2= 849 P1= 861 P2= 330 T1=  12 T2=  14  P=1104  D=  40 
 X= 683 X2= 688  Y= 846 Y2= 858 P1= 862 P2= 324 T1=  13 T2=  15  P=1103  D=  40 
 X= 682 X2= 689  Y= 847 Y2= 854 P1= 861 P2= 330 T1=  11 T2=  15  P=1137  D=  40 
 X= 684 X2= 689  Y= 848 Y2= 847 P1= 860 P2= 330 T1=  11 T2=  15  P=1102  D=  40 
 X= 682 X2= 688  Y= 846 Y2= 859 P1= 862 P2= 325 T1=  12 T2=  15  P=1101  D=  40 
 X= 682 X2= 689  Y= 849 Y2= 851 P1= 863 P2= 325 T1=  11 T2=  16  P=1131  D=  40 
 X= 682 X2= 689  Y= 848 Y2= 845 P1= 880 P2= 284 T1=  14 T2=  48  P=1133  D=  40 
 X= 682 X2= 689  Y= 848 Y2= 845 P1= 880 P2= 284 T1=1023 T2=1024  P=1133  D=  40 
 X= 682 X2= 689  Y= 848 Y2= 845 P1= 880 P2= 284 T1=1023 T2=1024  P=1133  D=  40 
 X= 682 X2= 689  Y= 848 Y2= 845 P1= 880 P2= 284 T1=1023 T2=1024  P=1133  D=  40 
t1:N=136 Avg=16
min: 10 10 10 11 11 11 11 11 11 11 11 11 11 12 12 12 
max: 23 22 22 22 22 22 21 21 21 21 21 21 21 21 21 21 
t2:N=136 Avg=20
min: 13 14 14 14 14 14 14 14 14 14 14 15 15 15 15 15 
max: 48 33 29 29 27 27 27 27 27 27 27 27 27 27 27 26 
I'm using maxt=26 mint=12
Setting for min_tnt_up:   525
Setting for max_tnt_down: 52
X[0]: Target= 20   374/ 378/ 382 Stdev= 1.73 N= 36  Y[0]: Target= 20   843/ 849/ 854 Stdev= 2.89 N= 36
X[1]: Target=460   370/ 372/ 374 Stdev= 1.08 N= 32  Y[1]: Target= 20   186/ 192/ 197 Stdev= 2.97 N= 32
X[2]: Target=460   685/ 687/ 690 Stdev= 0.99 N= 32  Y[2]: Target=252   187/ 192/ 201 Stdev= 3.78 N= 32
X[3]: Target= 20   684/ 686/ 688 Stdev= 0.97 N= 36  Y[3]: Target=252   843/ 848/ 852 Stdev= 2.58 N= 36
Entering calib_pressure
calib_pressure: P=1188
calib_pressure: P=1199
calib_pressure: P=1258
calib_pressure: P=1206
calib_pressure: P=1202
calib_pressure: P=1295
calib_pressure: P=1380
calib_pressure: P=1294
calib_pressure: P=1206
calib_pressure: P=1248
calib_pressure: P=1235
calib_pressure: P=1132
calib_pressure: P=1374
calib_pressure: P=1211
calib_pressure: P=1233
calib_pressure: P=1200
calib_pressure: P=1163
calib_pressure: P=1089
calib_pressure: P=1171
calib_pressure: P=1054
calib_pressure: P=1058
calib_pressure: P=1156
calib_pressure: P=1117
calib_pressure: P=1184
calib_pressure: P=1146
calib_pressure: P=1142
calib_pressure: P=1164
calib_pressure: P=1234
calib_pressure: P=1190
calib_pressure: P=1191
calib_pressure: P=1193
calib_pressure: P=1102
calib_pressure: P=1067
calib_pressure: P=1141
calib_pressure: P=1093
calib_pressure: P=1105
calib_pressure: P=1006
calib_pressure: P=1076
calib_pressure: P=1058
calib_pressure: P=1146
calib_pressure: P=1235
calib_pressure: P=1188
calib_pressure: P=1212
calib_pressure: P=1313
calib_pressure: P=1421
calib_pressure: P=1266
calib_pressure: P=1221
calib_pressure: P=1231
calib_pressure: P=1166
calib_pressure: P=1121
calib_pressure: P=1164
calib_pressure: P=1110
calib_pressure: P=1119
calib_pressure: P=1092
calib_pressure: P=1079
calib_pressure: P=1104
calib_pressure: P=1114
calib_pressure: P=1053
calib_pressure: P=1065
calib_pressure: P=1071
calib_pressure: P=1116
calib_pressure: P=1067
calib_pressure: P=1084
calib_pressure: P=1069
calib_pressure: P=1026
calib_pressure: P=1044
calib_pressure: P=1035
calib_pressure: P=1021
calib_pressure: P=1058
calib_pressure: P=1112
calib_pressure: P= 968
calib_pressure: P=1087
calib_pressure: P=1117
calib_pressure: P=1066
calib_pressure: P=1084
calib_pressure: P=1106
calib_pressure: P=1102
calib_pressure: P=1100
calib_pressure: P=1032
calib_pressure: P=1103
calib_pressure: P=1030
calib_pressure: P=1062
calib_pressure: P=1057
calib_pressure: P=1061
calib_pressure: P=1035
calib_pressure: P=1068
calib_pressure: P= 788
calib_pressure: P= 797
calib_pressure: P= 779
calib_pressure: P= 813
calib_pressure: P= 776
calib_pressure: P= 783
calib_pressure: P= 795
calib_pressure: P= 776
calib_pressure: P= 791
calib_pressure: P= 766
calib_pressure: P= 793
calib_pressure: P= 758
calib_pressure: P= 769
calib_pressure: P= 780
calib_pressure: P= 808
calib_pressure: P= 825
calib_pressure: P= 872
calib_pressure: P=1093
calib_pressure: P=1056
calib_pressure: P=1010
calib_pressure: P=1035
calib_pressure: P= 905
calib_pressure: P=1059
calib_pressure: P=1034
calib_pressure: P=1017
calib_pressure: P=1046
calib_pressure: P=1105
calib_pressure: P=1008
calib_pressure: P= 817
calib_pressure: P= 790
calib_pressure: P= 799
calib_pressure: P= 786
calib_pressure: P= 798
calib_pressure: P= 790
calib_pressure: P= 784
calib_pressure: P= 806
calib_pressure: P= 772
calib_pressure: P= 788
calib_pressure: P= 752
calib_pressure: P= 765
calib_pressure: P= 750
calib_pressure: P= 811
calib_pressure: P= 773
calib_pressure: P= 803
calib_pressure: P= 813
calib_pressure: P=1151
calib_pressure: P=1105
calib_pressure: P= 977
calib_pressure: P=1012
calib_pressure: P=1072
calib_pressure: P=1045
calib_pressure: P=1029
calib_pressure: P=1066
calib_pressure: P=1038
calib_pressure: P=1060
calib_pressure: P=1081
calib_pressure: P=1075
calib_pressure: P=1063
calib_pressure: P=1065
calib_pressure: P= 999
calib_pressure: P=1069
calib_pressure: P=1030
calib_pressure: P=1048
calib_pressure: P=1039
calib_pressure: P=1066
calib_pressure: P=1078
calib_pressure: P=1111
calib_pressure: P=1064
calib_pressure: P=1151
calib_pressure: P=1098
calib_pressure: P=1076
calib_pressure: P=1104
calib_pressure: P=1086
calib_pressure: P=1133
calib_pressure: P=1114
calib_pressure: P=1189
calib_pressure: P=1119
calib_pressure: P=1174
calib_pressure: P=1144
calib_pressure: P=1122
calib_pressure: P=1063
calib_pressure: P=1147
calib_pressure: P=1114
calib_pressure: P=1041
calib_pressure: P=1156
calib_pressure: P=1147
calib_pressure: P=1094
calib_pressure: P=1093
calib_pressure: P=1127
calib_pressure: P=1111
calib_pressure: P=1113
calib_pressure: P=1086
calib_pressure: P=1041
calib_pressure: P=1037
calib_pressure: P=1033
calib_pressure: P= 757
calib_pressure: P= 727
calib_pressure: P= 774
calib_pressure: P= 764
calib_pressure: P= 763
calib_pressure: P= 758
calib_pressure: P= 788
calib_pressure: P= 762
calib_pressure: P= 754
calib_pressure: P= 768
calib_pressure: P= 729
calib_pressure: P= 763
calib_pressure: P= 757
calib_pressure: P= 742
calib_pressure: P= 752
calib_pressure: P= 741
calib_pressure: P= 772
calib_pressure: P= 743
calib_pressure: P= 739
calib_pressure: P= 764
calib_pressure: P= 783
calib_pressure: P= 780
calib_pressure: P= 781
calib_pressure: P= 762
calib_pressure: P= 737
calib_pressure: P= 736
calib_pressure: P= 706
calib_pressure: P= 738
calib_pressure: P= 723
calib_pressure: P= 725
calib_pressure: P= 740
calib_pressure: P= 752
calib_pressure: P= 758
calib_pressure: P= 765
calib_pressure: P= 771
calib_pressure: P= 796
calib_pressure: P= 761
calib_pressure: P= 772
calib_pressure: P= 746
calib_pressure: P= 729
calib_pressure: P= 728
calib_pressure: P= 733
calib_pressure: P= 737
calib_pressure: P= 735
calib_pressure: P= 752
calib_pressure: P=1022
calib_pressure: P=1019
calib_pressure: P=1088
calib_pressure: P=1175
calib_pressure: P=1183
calib_pressure: P=1064
calib_pressure: P=1081
calib_pressure: P=1045
calib_pressure: P=1047
calib_pressure: P=1065
calib_pressure: P=1270
calib_pressure: P=1023
calib_pressure: P= 888
calib_pressure: P= 675
calib_pressure: P= 775
calib_pressure: P= 675
calib_pressure: P= 645
calib_pressure: P= 614
calib_pressure: P= 638
calib_pressure: P= 626
calib_pressure: P= 584
calib_pressure: P= 551
calib_pressure: P= 550
calib_pressure: P= 487
calib_pressure: P= 505
calib_pressure: P= 497
calib_pressure: P= 452
calib_pressure: P= 462
calib_pressure: P= 402
calib_pressure: P= 401
calib_pressure: P= 369
calib_pressure: P= 382
calib_pressure: P= 366
calib_pressure: P= 351
calib_pressure: P= 339
calib_pressure: P= 329
calib_pressure: P= 344
calib_pressure: P= 338
calib_pressure: P= 339
calib_pressure: P= 341
calib_pressure: P= 365
calib_pressure: P= 378
calib_pressure: P= 393
calib_pressure: P= 420
calib_pressure: P= 445
calib_pressure: P= 424
calib_pressure: P= 472
calib_pressure: P= 461
calib_pressure: P= 494
calib_pressure: P= 533
calib_pressure: P= 467
calib_pressure: P= 435
calib_pressure: P= 410
calib_pressure: P= 418
calib_pressure: P= 412
calib_pressure: P= 427
calib_pressure: P= 430
calib_pressure: P= 412
calib_pressure: P= 410
calib_pressure: P= 422
calib_pressure: P= 414
calib_pressure: P= 404
calib_pressure: P= 377
calib_pressure: P= 356
calib_pressure: P= 359
calib_pressure: P= 348
calib_pressure: P= 308
calib_pressure: P= 322
calib_pressure: P= 315
calib_pressure: P= 322
calib_pressure: P= 356
calib_pressure: P= 397
calib_pressure: P= 410
calib_pressure: P= 385
calib_pressure: P= 389
calib_pressure: P= 377
calib_pressure: P= 376
calib_pressure: P= 370
calib_pressure: P= 412
calib_pressure: P= 393
calib_pressure: P= 429
calib_pressure: P= 521
calib_pressure: P= 694
calib_pressure: P= 361
calib_pressure: P= 281
calib_pressure: P= 274
calib_pressure: P= 267
calib_pressure: P= 262
calib_pressure: P= 264
calib_pressure: P= 266
calib_pressure: P= 287
calib_pressure: P= 279
calib_pressure: P= 311
calib_pressure: P= 377
Setting for max_tnt_down:      52
Setting for min_tnt_up:       525
Setting for delay_in_us:       40
Setting for y_delay_in_us:     30
Setting for tnt_delay_in_us:   40
Setting for pressure_curve:  377 487 742 775 888 1046 1076 1112 1175
Setting for pointercal:      0 -43890 38529581 49364 -525 -16903155 65536
Entering test_drive
 X= 682 X2= 689  Y= 848 Y2= 845 P1= 880 P2= 284 T1=1023 T2=1024  P=1133  D=  40 
 X= 682 X2= 689  Y= 848 Y2= 845 P1= 880 P2= 284 T1=1023 T2=1024  P=1133  D=  40 
 X= 682 X2= 689  Y= 848 Y2= 845 P1= 880 P2= 284 T1=1023 T2=1024  P=1133  D=  40 
