new-calib: New touch screen calibration program v3.13
Serial Number='150A1E00010B06020308'
Using tnt_mode=1
Setting for delay_in_us:        1
Setting for y_delay_in_us:      1
Setting for tnt_delay_in_us:    1
Setting for max_delta_tnt:      5
Setting for tnt_mode:           1
Setting for averaging:         -1
Entering get_four_points
target_noise  x= 2.50 y= 2.50 t= 2.50
target state=0 point=23,22
 X= 846 X2=  -1  Y=1000 Y2=1022 P1=  -1 P2=  -1 T1=1022 T2= 882  P=  -1  D=  -1 
 X=1023 X2=1019  Y= 964 Y2=1022 P1=  -1 P2=  -1 T1=1023 T2= 925  P=  -1  D=  -1 
 X= 882 X2=1023  Y= 985 Y2=1022 P1=  -1 P2=  -1 T1=1022 T2= 879  P=  -1  D=  -1 
 X= 954 X2=1013  Y= 984 Y2=1023 P1=  -1 P2=  -1 T1=1023 T2= 925  P=  -1  D=  -1 
 X= 928 X2=1023  Y= 974 Y2=1021 P1=  -1 P2=  -1 T1=1023 T2= 893  P=  -1  D=  -1 
 X= 912 X2=1000  Y= 969 Y2=1023 P1=  -1 P2=  -1 T1=1023 T2= 936  P=  -1  D=  -1 
 X= 893 X2=1017  Y= 954 Y2=1022 P1=  -1 P2=  -1 T1=1023 T2= 880  P=  -1  D=  -1 
 X= 963 X2=1018  Y= 985 Y2=1022 P1=  -1 P2=  -1 T1=1022 T2= 929  P=  -1  D=  -1 
 X= 938 X2=1005  Y= 981 Y2=1022 P1=  -1 P2=  -1 T1=1022 T2= 917  P=  -1  D=  -1 
 X= 870 X2=1019  Y= 983 Y2=1023 P1=  -1 P2=  -1 T1=1023 T2= 927  P=  -1  D=  -1 
 X= 911 X2=1023  Y= 976 Y2=1021 P1=  -1 P2=  -1 T1=1022 T2= 920  P=  -1  D=  -1 
 X=1023 X2= 986  Y= 979 Y2=1022 P1=  -1 P2=  -1 T1=1022 T2= 912  P=  -1  D=  -1 
 X=1013 X2= 996  Y= 954 Y2=1022 P1=  -1 P2=  -1 T1=1023 T2= 910  P=  -1  D=  -1 
 X= 799 X2=1023  Y= 978 Y2=1022 P1=  -1 P2=  -1 T1=1023 T2= 914  P=  -1  D=  -1 
 X= 827 X2=1023  Y= 985 Y2=1022 P1=  -1 P2=  -1 T1=1023 T2= 912  P=  -1  D=  -1 
 X= 936 X2=1023  Y= 985 Y2=1022 P1=  -1 P2=  -1 T1=1023 T2= 855  P=  -1  D=  -1 
 X= 870 X2=1017  Y= 979 Y2=1023 P1=  -1 P2=  -1 T1=1023 T2= 913  P=  -1  D=  -1 
 X= 739 X2=1023  Y= 977 Y2=1023 P1=  -1 P2=  -1 T1=1023 T2= 923  P=  -1  D=  -1 
 X= 959 X2=1014  Y= 977 Y2=1022 P1=  -1 P2=  -1 T1=1023 T2= 919  P=  -1  D=  -1 
 X= 944 X2=1007  Y= 980 Y2=1022 P1=  -1 P2=  -1 T1=1023 T2= 903  P=  -1  D=  -1 
 X= 865 X2=1023  Y= 981 Y2=1022 P1=  -1 P2=  -1 T1=1023 T2= 933  P=  -1  D=  -1 
 X= 887 X2=1023  Y= 985 Y2=1022 P1=  -1 P2=  -1 T1=1023 T2= 917  P=  -1  D=  -1 
 X=1021 X2= 987  Y= 979 Y2=1023 P1=  -1 P2=  -1 T1=1023 T2= 907  P=  -1  D=  -1 
 X= 756 X2=1023  Y= 961 Y2=1022 P1=  -1 P2=  -1 T1=1023 T2= 913  P=  -1  D=  -1 
 X=1021 X2=1020  Y= 978 Y2=1023 P1=  -1 P2=  -1 T1=1023 T2= 897  P=  -1  D=  -1 
 X= 775 X2=1023  Y= 986 Y2=1023 P1=  -1 P2=  -1 T1=1023 T2= 923  P=  -1  D=  -1 
 X= 894 X2=1023  Y= 984 Y2=1022 P1=  -1 P2=  -1 T1=1023 T2= 899  P=  -1  D=  -1 
 X=1020 X2= 989  Y= 955 Y2=1023 P1=  -1 P2=  -1 T1=1023 T2= 892  P=  -1  D=  -1 
 X= 979 X2=1005  Y= 982 Y2=1023 P1=  -1 P2=  -1 T1=1023 T2= 919  P=  -1  D=  -1 
 X= 855 X2=1018  Y= 954 Y2=1021 P1=  -1 P2=  -1 T1=1022 T2= 913  P=  -1  D=  -1 
 X= 911 X2=1023  Y= 980 Y2=1022 P1=  -1 P2=  -1 T1=1023 T2= 878  P=  -1  D=  -1 
 X= 932 X2=1003  Y= 986 Y2=1022 P1=  -1 P2=  -1 T1=1023 T2= 906  P=  -1  D=  -1 
 X= 899 X2=1023  Y= 986 Y2=1023 P1=  -1 P2=  -1 T1=1022 T2= 879  P=  -1  D=  -1 
 X= 845 X2=1023  Y= 976 Y2=1022 P1=  -1 P2=  -1 T1=1023 T2= 906  P=  -1  D=  -1 
 X= 846 X2=1017  Y= 983 Y2=1023 P1=  -1 P2=  -1 T1=1023 T2= 925  P=  -1  D=  -1 
 X= 915 X2=1019  Y= 968 Y2=1023 P1=  -1 P2=  -1 T1=1023 T2= 915  P=  -1  D=  -1 
 X= 917 X2=1023  Y= 985 Y2=1022 P1=  -1 P2=  -1 T1=1023 T2= 910  P=  -1  D=  -1 
 X=1002 X2= 990  Y= 977 Y2=1023 P1=  -1 P2=  -1 T1=1023 T2= 853  P=  -1  D=  -1 
 X= 981 X2=1013  Y= 980 Y2=1022 P1=  -1 P2=  -1 T1=1023 T2= 937  P=  -1  D=  -1 
 X= 893 X2=1023  Y= 987 Y2=1022 P1=  -1 P2=  -1 T1=1023 T2= 928  P=  -1  D=  -1 
 X= 914 X2=1023  Y= 958 Y2=1022 P1=  -1 P2=  -1 T1=1023 T2= 925  P=  -1  D=  -1 
 X= 881 X2=1023  Y= 975 Y2=1021 P1=  -1 P2=  -1 T1=1022 T2= 926  P=  -1  D=  -1 
 X= 817 X2=1023  Y= 961 Y2=1022 P1=  -1 P2=  -1 T1=1022 T2= 922  P=  -1  D=  -1 
 X= 925 X2= 985  Y= 985 Y2=1023 P1=  -1 P2=  -1 T1=1023 T2= 855  P=  -1  D=  -1 
 X= 872 X2=1018  Y= 954 Y2=1023 P1=  -1 P2=  -1 T1=1023 T2= 910  P=  -1  D=  -1 
 X= 935 X2=1016  Y= 983 Y2=1022 P1=  -1 P2=  -1 T1=1022 T2= 862  P=  -1  D=  -1 
 X= 966 X2=1023  Y= 963 Y2=1021 P1=  -1 P2=  -1 T1=1023 T2= 918  P=  -1  D=  -1 
 X= 960 X2=1006  Y= 955 Y2=1022 P1=  -1 P2=  -1 T1=1023 T2= 920  P=  -1  D=  -1 
 X= 848 X2=1023  Y= 986 Y2=1022 P1=  -1 P2=  -1 T1=1023 T2= 912  P=  -1  D=  -1 
 X=1023 X2=1020  Y= 971 Y2=1022 P1=  -1 P2=  -1 T1=1023 T2= 909  P=  -1  D=  -1 
 X=1023 X2=1022  Y= 976 Y2=1022 P1=  -1 P2=  -1 T1=1023 T2= 905  P=  -1  D=  -1 
 X= 771 X2=1023  Y= 984 Y2=1022 P1=  -1 P2=  -1 T1=1022 T2= 876  P=  -1  D=  -1 
 X= 817 X2=1023  Y= 958 Y2=1022 P1=  -1 P2=  -1 T1=1022 T2= 918  P=  -1  D=  -1 
 X= 888 X2=1020  Y= 955 Y2=1023 P1=  -1 P2=  -1 T1=1023 T2= 912  P=  -1  D=  -1 
 X= 874 X2=1019  Y= 984 Y2=1022 P1=  -1 P2=  -1 T1=1023 T2= 920  P=  -1  D=  -1 
 X= 893 X2=1023  Y= 974 Y2=1022 P1=  -1 P2=  -1 T1=1023 T2= 915  P=  -1  D=  -1 
 X= 914 X2= 986  Y= 983 Y2=1023 P1=  -1 P2=  -1 T1=1023 T2= 929  P=  -1  D=  -1 
 X= 924 X2=1020  Y= 981 Y2=1022 P1=  -1 P2=  -1 T1=1023 T2= 919  P=  -1  D=  -1 
 X=1008 X2=1003  Y=1022 Y2=1022 P1=  -1 P2=  -1 T1=1022 T2=1019  P=  -1  D=  -1 
 X= 926 X2=1023  Y= 980 Y2=1022 P1=  -1 P2=  -1 T1=1022 T2= 890  P=  -1  D=  -1 
 X= 831 X2=1023  Y= 992 Y2=1021 P1=  -1 P2=  -1 T1=1023 T2= 918  P=  -1  D=  -1 
 X= 813 X2=1023  Y= 983 Y2=1022 P1=  -1 P2=  -1 T1=1022 T2= 926  P=  -1  D=  -1 
 X= 975 X2=1001  Y= 967 Y2=1022 P1=  -1 P2=  -1 T1=1022 T2= 915  P=  -1  D=  -1 
 X= 961 X2=1017  Y= 973 Y2=1022 P1=  -1 P2=  -1 T1=1023 T2= 927  P=  -1  D=  -1 
 X= 901 X2=1022  Y= 964 Y2=1022 P1=  -1 P2=  -1 T1=1023 T2= 874  P=  -1  D=  -1 
 X=1023 X2=1013  Y= 976 Y2=1022 P1=  -1 P2=  -1 T1=1023 T2= 908  P=  -1  D=  -1 
 X=1022 X2=1016  Y= 979 Y2=1022 P1=  -1 P2=  -1 T1=1023 T2= 906  P=  -1  D=  -1 
 X= 856 X2=1023  Y= 977 Y2=1023 P1=  -1 P2=  -1 T1=1023 T2= 876  P=  -1  D=  -1 
 X= 935 X2=1023  Y= 983 Y2=1022 P1=  -1 P2=  -1 T1=1023 T2= 881  P=  -1  D=  -1 
 X= 886 X2=1018  Y= 977 Y2=1022 P1=  -1 P2=  -1 T1=1023 T2= 925  P=  -1  D=  -1 
 X= 925 X2=1023  Y= 969 Y2=1022 P1=  -1 P2=  -1 T1=1023 T2= 913  P=  -1  D=  -1 
 X= 945 X2=1012  Y= 977 Y2=1023 P1=  -1 P2=  -1 T1=1023 T2= 916  P=  -1  D=  -1 
 X= 982 X2=1007  Y= 957 Y2=1023 P1=  -1 P2=  -1 T1=1023 T2= 929  P=  -1  D=  -1 
 X= 845 X2=1017  Y= 976 Y2=1023 P1=  -1 P2=  -1 T1=1022 T2= 902  P=  -1  D=  -1 
 X= 879 X2=1023  Y= 978 Y2=1023 P1=  -1 P2=  -1 T1=1022 T2= 910  P=  -1  D=  -1 
 X=1023 X2=1015  Y= 942 Y2=1022 P1=  -1 P2=  -1 T1=1023 T2= 920  P=  -1  D=  -1 
 X= 812 X2=1023  Y= 955 Y2=1022 P1=  -1 P2=  -1 T1=1023 T2= 909  P=  -1  D=  -1 
 X= 859 X2=1023  Y= 958 Y2=1021 P1=  -1 P2=  -1 T1=1023 T2= 928  P=  -1  D=  -1 
 X= 991 X2=1011  Y= 970 Y2=1022 P1=  -1 P2=  -1 T1=1023 T2= 927  P=  -1  D=  -1 
 X= 871 X2=1020  Y= 968 Y2=1022 P1=  -1 P2=  -1 T1=1022 T2= 925  P=  -1  D=  -1 
 X= 741 X2=1023  Y= 988 Y2=1022 P1=  -1 P2=  -1 T1=1023 T2= 930  P=  -1  D=  -1 
 X= 969 X2=1010  Y= 983 Y2=1021 P1=  -1 P2=  -1 T1=1022 T2= 924  P=  -1  D=  -1 
 X= 979 X2=1012  Y= 958 Y2=1023 P1=  -1 P2=  -1 T1=1023 T2= 846  P=  -1  D=  -1 
 X= 822 X2=1023  Y= 960 Y2=1022 P1=  -1 P2=  -1 T1=1023 T2= 913  P=  -1  D=  -1 
 X= 888 X2=1023  Y= 978 Y2=1021 P1=  -1 P2=  -1 T1=1023 T2= 928  P=  -1  D=  -1 
 X= 919 X2=1004  Y= 986 Y2=1023 P1=  -1 P2=  -1 T1=1023 T2= 928  P=  -1  D=  -1 
 X= 809 X2=1023  Y= 960 Y2=1022 P1=  -1 P2=  -1 T1=1023 T2= 908  P=  -1  D=  -1 
 X= 802 X2=1023  Y= 961 Y2=1022 P1=  -1 P2=  -1 T1=1023 T2= 935  P=  -1  D=  -1 
 X= 790 X2=1023  Y= 980 Y2=1022 P1=  -1 P2=  -1 T1=1023 T2= 920  P=  -1  D=  -1 
 X= 924 X2=1023  Y= 981 Y2=1022 P1=  -1 P2=  -1 T1=1023 T2= 887  P=  -1  D=  -1 
 X= 895 X2=1006  Y= 971 Y2=1022 P1=  -1 P2=  -1 T1=1023 T2= 907  P=  -1  D=  -1 
 X= 987 X2=1009  Y= 978 Y2=1022 P1=  -1 P2=  -1 T1=1023 T2= 940  P=  -1  D=  -1 
 X= 786 X2=1023  Y= 981 Y2=1022 P1=  -1 P2=  -1 T1=1023 T2= 920  P=  -1  D=  -1 
 X= 890 X2=1023  Y= 979 Y2=1023 P1=  -1 P2=  -1 T1=1023 T2= 878  P=  -1  D=  -1 
 X= 896 X2=1005  Y= 981 Y2=1023 P1=  -1 P2=  -1 T1=1023 T2= 885  P=  -1  D=  -1 
 X= 799 X2=1023  Y= 986 Y2=1022 P1=  -1 P2=  -1 T1=1023 T2= 881  P=  -1  D=  -1 
 X= 832 X2=1023  Y= 975 Y2=1021 P1=  -1 P2=  -1 T1=1023 T2= 868  P=  -1  D=  -1 
 X= 770 X2=1023  Y= 984 Y2=1022 P1=  -1 P2=  -1 T1=1023 T2= 935  P=  -1  D=  -1 
 X= 891 X2=1018  Y= 982 Y2=1023 P1=  -1 P2=  -1 T1=1022 T2= 931  P=  -1  D=  -1 
 X= 998 X2=1016  Y=1013 Y2=1022 P1=  -1 P2=  -1 T1=1023 T2= 960  P=  -1  D=  -1 
 X= 858 X2=1018  Y= 980 Y2=1023 P1=  -1 P2=  -1 T1=1023 T2= 881  P=  -1  D=  -1 
 X=1001 X2= 985  Y= 973 Y2=1023 P1=  -1 P2=  -1 T1=1023 T2= 917  P=  -1  D=  -1 
 X= 894 X2= 998  Y= 975 Y2=1022 P1=  -1 P2=  -1 T1=1023 T2= 910  P=  -1  D=  -1 
 X= 881 X2=1022  Y= 980 Y2=1022 P1=  -1 P2=  -1 T1=1023 T2= 911  P=  -1  D=  -1 
 X= 939 X2=1023  Y= 976 Y2=1022 P1=  -1 P2=  -1 T1=1023 T2= 917  P=  -1  D=  -1 
 X= 828 X2=1023  Y= 976 Y2=1023 P1=  -1 P2=  -1 T1=1022 T2= 920  P=  -1  D=  -1 
 X= 987 X2=1008  Y= 977 Y2=1023 P1=  -1 P2=  -1 T1=1022 T2= 917  P=  -1  D=  -1 
 X= 853 X2=1018  Y= 978 Y2=1022 P1=  -1 P2=  -1 T1=1023 T2= 879  P=  -1  D=  -1 
 X= 885 X2=1001  Y= 948 Y2=1023 P1=  -1 P2=  -1 T1=1023 T2= 930  P=  -1  D=  -1 
 X= 904 X2=1019  Y= 989 Y2=1022 P1=  -1 P2=  -1 T1=1023 T2= 879  P=  -1  D=  -1 
 X= 980 X2=1005  Y= 981 Y2=1022 P1=  -1 P2=  -1 T1=1023 T2= 910  P=  -1  D=  -1 
 X= 833 X2=1023  Y= 986 Y2=1022 P1=  -1 P2=  -1 T1=1023 T2= 920  P=  -1  D=  -1 
 X= 830 X2=1023  Y= 958 Y2=1022 P1=  -1 P2=  -1 T1=1023 T2= 905  P=  -1  D=  -1 
 X= 861 X2=1019  Y= 979 Y2=1022 P1=  -1 P2=  -1 T1=1022 T2= 853  P=  -1  D=  -1 
 X= 928 X2=1023  Y= 975 Y2=1022 P1=  -1 P2=  -1 T1=1023 T2= 925  P=  -1  D=  -1 
 X= 831 X2=1023  Y= 984 Y2=1021 P1=  -1 P2=  -1 T1=1022 T2= 923  P=  -1  D=  -1 
 X= 858 X2=1018  Y= 982 Y2=1023 P1=  -1 P2=  -1 T1=1023 T2= 918  P=  -1  D=  -1 
 X= 941 X2=1016  Y= 974 Y2=1022 P1=  -1 P2=  -1 T1=1023 T2= 921  P=  -1  D=  -1 
 X= 930 X2=1022  Y= 973 Y2=1022 P1=  -1 P2=  -1 T1=1023 T2= 928  P=  -1  D=  -1 
 X= 935 X2=1005  Y= 982 Y2=1022 P1=  -1 P2=  -1 T1=1023 T2= 917  P=  -1  D=  -1 
 X= 731 X2=1023  Y= 974 Y2=1022 P1=  -1 P2=  -1 T1=1023 T2= 909  P=  -1  D=  -1 
 X= 908 X2=1023  Y= 982 Y2=1022 P1=  -1 P2=  -1 T1=1023 T2= 904  P=  -1  D=  -1 
 X= 885 X2=1023  Y= 980 Y2=1022 P1=  -1 P2=  -1 T1=1023 T2= 912  P=  -1  D=  -1 
 X= 799 X2=1023  Y= 981 Y2=1022 P1=  -1 P2=  -1 T1=1023 T2= 930  P=  -1  D=  -1 
 X= 828 X2= 999  Y= 964 Y2=1022 P1=  -1 P2=  -1 T1=1023 T2= 909  P=  -1  D=  -1 
 X=1003 X2=1016  Y= 958 Y2=1022 P1=  -1 P2=  -1 T1=1023 T2= 921  P=  -1  D=  -1 
 X= 955 X2=1015  Y= 982 Y2=1022 P1=  -1 P2=  -1 T1=1023 T2= 921  P=  -1  D=  -1 
 X= 841 X2=1023  Y= 982 Y2=1022 P1=  -1 P2=  -1 T1=1023 T2= 921  P=  -1  D=  -1 
 X= 904 X2=1022  Y= 983 Y2=1022 P1=  -1 P2=  -1 T1=1023 T2= 916  P=  -1  D=  -1 
 X=1023 X2=1013  Y= 955 Y2=1022 P1=  -1 P2=  -1 T1=1023 T2= 906  P=  -1  D=  -1 
 X= 800 X2=1023  Y= 975 Y2=1022 P1=  -1 P2=  -1 T1=1023 T2= 911  P=  -1  D=  -1 
 X= 905 X2=1023  Y= 983 Y2=1022 P1=  -1 P2=  -1 T1=1022 T2= 916  P=  -1  D=  -1 
 X= 870 X2=1019  Y= 956 Y2=1021 P1=  -1 P2=  -1 T1=1023 T2= 919  P=  -1  D=  -1 
 X= 913 X2=1023  Y= 975 Y2=1022 P1=  -1 P2=  -1 T1=1023 T2= 927  P=  -1  D=  -1 
 X=1023 X2=1011  Y= 970 Y2=1023 P1=  -1 P2=  -1 T1=1023 T2= 917  P=  -1  D=  -1 
 X= 987 X2= 996  Y= 978 Y2=1023 P1=  -1 P2=  -1 T1=1022 T2= 936  P=  -1  D=  -1 
 X= 957 X2=1015  Y= 965 Y2=1022 P1=  -1 P2=  -1 T1=1022 T2= 919  P=  -1  D=  -1 
 X= 887 X2=1006  Y= 982 Y2=1022 P1=  -1 P2=  -1 T1=1023 T2= 918  P=  -1  D=  -1 
 X= 905 X2= 992  Y= 980 Y2=1022 P1=  -1 P2=  -1 T1=1023 T2= 877  P=  -1  D=  -1 
 X= 762 X2=1023  Y= 984 Y2=1022 P1=  -1 P2=  -1 T1=1022 T2= 893  P=  -1  D=  -1 
 X= 864 X2=1023  Y= 960 Y2=1022 P1=  -1 P2=  -1 T1=1023 T2= 909  P=  -1  D=  -1 
 X= 953 X2=1018  Y= 986 Y2=1022 P1=  -1 P2=  -1 T1=1023 T2= 891  P=  -1  D=  -1 
 X= 830 X2=1023  Y= 985 Y2=1022 P1=  -1 P2=  -1 T1=1023 T2= 932  P=  -1  D=  -1 
 X= 798 X2=1023  Y= 957 Y2=1021 P1=  -1 P2=  -1 T1=1022 T2= 907  P=  -1  D=  -1 
 X= 946 X2=1015  Y= 979 Y2=1023 P1=  -1 P2=  -1 T1=1023 T2= 906  P=  -1  D=  -1 
 X=1001 X2=1007  Y= 985 Y2=1022 P1=  -1 P2=  -1 T1=1023 T2= 918  P=  -1  D=  -1 
 X= 891 X2=1023  Y= 974 Y2=1021 P1=  -1 P2=  -1 T1=1023 T2= 914  P=  -1  D=  -1 
 X= 964 X2=1016  Y= 976 Y2=1023 P1=  -1 P2=  -1 T1=1023 T2= 901  P=  -1  D=  -1 
 X= 907 X2=1023  Y= 976 Y2=1021 P1=  -1 P2=  -1 T1=1023 T2= 921  P=  -1  D=  -1 
 X= 933 X2=1021  Y= 973 Y2=1023 P1=  -1 P2=  -1 T1=1022 T2= 896  P=  -1  D=  -1 
 X= 837 X2=1023  Y= 978 Y2=1022 P1=  -1 P2=  -1 T1=1023 T2= 894  P=  -1  D=  -1 
 X= 902 X2=1023  Y= 978 Y2=1021 P1=  -1 P2=  -1 T1=1022 T2= 918  P=  -1  D=  -1 
 X= 898 X2=1023  Y= 958 Y2=1023 P1=  -1 P2=  -1 T1=1023 T2= 931  P=  -1  D=  -1 
 X= 906 X2= 991  Y= 977 Y2=1021 P1=  -1 P2=  -1 T1=1023 T2= 923  P=  -1  D=  -1 
 X=1011 X2= 995  Y= 981 Y2=1022 P1=  -1 P2=  -1 T1=1022 T2= 923  P=  -1  D=  -1 
 X= 887 X2=1023  Y= 976 Y2=1022 P1=  -1 P2=  -1 T1=1022 T2= 925  P=  -1  D=  -1 
 X= 816 X2=1023  Y= 981 Y2=1022 P1=  -1 P2=  -1 T1=1023 T2= 930  P=  -1  D=  -1 
 X= 951 X2=1005  Y= 979 Y2=1022 P1=  -1 P2=  -1 T1=1023 T2= 916  P=  -1  D=  -1 
 X= 806 X2=1023  Y= 983 Y2=1023 P1=  -1 P2=  -1 T1=1023 T2= 903  P=  -1  D=  -1 
 X=1013 X2=1023  Y=1022 Y2=1023 P1=  -1 P2=  -1 T1=1023 T2=1022  P=  -1  D=  -1 
 X= 902 X2=1023  Y= 987 Y2=1022 P1=  -1 P2=  -1 T1=1022 T2= 923  P=  -1  D=  -1 
 X= 920 X2=1023  Y= 973 Y2=1021 P1=  -1 P2=  -1 T1=1023 T2= 875  P=  -1  D=  -1 
 X= 894 X2=1008  Y= 972 Y2=1022 P1=  -1 P2=  -1 T1=1023 T2= 899  P=  -1  D=  -1 
 X=1023 X2=1013  Y= 956 Y2=1021 P1=  -1 P2=  -1 T1=1023 T2= 914  P=  -1  D=  -1 
 X= 999 X2=1009  Y= 975 Y2=1022 P1=  -1 P2=  -1 T1=1023 T2= 908  P=  -1  D=  -1 
 X= 911 X2=1023  Y= 984 Y2=1023 P1=  -1 P2=  -1 T1=1023 T2= 874  P=  -1  D=  -1 
 X= 930 X2=1023  Y= 957 Y2=1022 P1=  -1 P2=  -1 T1=1023 T2= 851  P=  -1  D=  -1 
 X= 758 X2=1023  Y= 979 Y2=1022 P1=  -1 P2=  -1 T1=1023 T2= 908  P=  -1  D=  -1 
 X= 809 X2=1023  Y= 982 Y2=1022 P1=  -1 P2=  -1 T1=1023 T2= 918  P=  -1  D=  -1 
 X= 986 X2= 993  Y= 983 Y2=1022 P1=  -1 P2=  -1 T1=1022 T2= 918  P=  -1  D=  -1 
 X= 954 X2=1007  Y= 979 Y2=1022 P1=  -1 P2=  -1 T1=1023 T2= 877  P=  -1  D=  -1 
 X= 912 X2=1022  Y= 978 Y2=1023 P1=  -1 P2=  -1 T1=1023 T2= 912  P=  -1  D=  -1 
 X=1015 X2=1017  Y= 981 Y2=1021 P1=  -1 P2=  -1 T1=1023 T2= 923  P=  -1  D=  -1 
 X=1023 X2=1015  Y= 982 Y2=1023 P1=  -1 P2=  -1 T1=1022 T2= 908  P=  -1  D=  -1 
 X= 866 X2=1022  Y= 979 Y2=1022 P1=  -1 P2=  -1 T1=1022 T2= 926  P=  -1  D=  -1 
 X= 895 X2=1023  Y= 979 Y2=1021 P1=  -1 P2=  -1 T1=1023 T2= 877  P=  -1  D=  -1 
 X= 942 X2=1016  Y= 980 Y2=1023 P1=  -1 P2=  -1 T1=1022 T2= 905  P=  -1  D=  -1 
 X= 886 X2=1023  Y= 979 Y2=1022 P1=  -1 P2=  -1 T1=1023 T2= 921  P=  -1  D=  -1 
 X= 924 X2=1008  Y= 982 Y2=1023 P1=  -1 P2=  -1 T1=1023 T2= 896  P=  -1  D=  -1 
 X= 963 X2=1017  Y= 983 Y2=1022 P1=  -1 P2=  -1 T1=1022 T2= 879  P=  -1  D=  -1 
 X= 895 X2=1018  Y= 977 Y2=1022 P1=  -1 P2=  -1 T1=1023 T2= 932  P=  -1  D=  -1 
 X= 812 X2=1023  Y= 983 Y2=1022 P1=  -1 P2=  -1 T1=1023 T2= 909  P=  -1  D=  -1 
 X= 936 X2= 989  Y= 986 Y2=1023 P1=  -1 P2=  -1 T1=1023 T2= 910  P=  -1  D=  -1 
 X= 775 X2=1023  Y= 985 Y2=1022 P1=  -1 P2=  -1 T1=1022 T2= 875  P=  -1  D=  -1 
 X= 813 X2=1023  Y= 975 Y2=1022 P1=  -1 P2=  -1 T1=1022 T2= 923  P=  -1  D=  -1 
 X= 994 X2=1016  Y= 953 Y2=1022 P1=  -1 P2=  -1 T1=1023 T2= 903  P=  -1  D=  -1 
 X= 801 X2=1023  Y= 959 Y2=1021 P1=  -1 P2=  -1 T1=1023 T2= 854  P=  -1  D=  -1 
 X= 720 X2=1023  Y= 980 Y2=1022 P1=  -1 P2=  -1 T1=1023 T2= 909  P=  -1  D=  -1 
 X=1023 X2=1014  Y= 973 Y2=1023 P1=  -1 P2=  -1 T1=1022 T2= 877  P=  -1  D=  -1 
 X= 999 X2=1003  Y= 976 Y2=1023 P1=  -1 P2=  -1 T1=1022 T2= 860  P=  -1  D=  -1 
 X= 837 X2=1023  Y= 984 Y2=1022 P1=  -1 P2=  -1 T1=1023 T2= 910  P=  -1  D=  -1 
 X= 927 X2=1004  Y= 956 Y2=1022 P1=  -1 P2=  -1 T1=1023 T2= 922  P=  -1  D=  -1 
 X= 770 X2=1023  Y= 967 Y2=1022 P1=  -1 P2=  -1 T1=1023 T2= 906  P=  -1  D=  -1 
 X= 839 X2=1023  Y= 981 Y2=1023 P1=  -1 P2=  -1 T1=1022 T2= 929  P=  -1  D=  -1 
 X= 809 X2=1023  Y= 984 Y2=1022 P1=  -1 P2=  -1 T1=1022 T2= 863  P=  -1  D=  -1 
 X= 959 X2=1013  Y= 977 Y2=1022 P1=  -1 P2=  -1 T1=1023 T2= 881  P=  -1  D=  -1 
 X= 940 X2=1023  Y= 954 Y2=1021 P1=  -1 P2=  -1 T1=1022 T2= 912  P=  -1  D=  -1 
 X= 942 X2=1011  Y= 975 Y2=1022 P1=  -1 P2=  -1 T1=1023 T2= 905  P=  -1  D=  -1 
 X= 911 X2=1023  Y= 965 Y2=1022 P1=  -1 P2=  -1 T1=1023 T2= 916  P=  -1  D=  -1 
 X= 902 X2=1011  Y= 976 Y2=1022 P1=  -1 P2=  -1 T1=1023 T2= 904  P=  -1  D=  -1 
 X= 997 X2=1014  Y= 986 Y2=1023 P1=  -1 P2=  -1 T1=1023 T2= 936  P=  -1  D=  -1 
 X=1017 X2= 987  Y= 984 Y2=1022 P1=  -1 P2=  -1 T1=1023 T2= 924  P=  -1  D=  -1 
 X= 916 X2=1023  Y= 956 Y2=1022 P1=  -1 P2=  -1 T1=1023 T2= 910  P=  -1  D=  -1 
 X= 791 X2=1023  Y= 980 Y2=1022 P1=  -1 P2=  -1 T1=1023 T2= 911  P=  -1  D=  -1 
 X= 958 X2=1007  Y= 985 Y2=1023 P1=  -1 P2=  -1 T1=1023 T2= 906  P=  -1  D=  -1 
 X= 929 X2=1014  Y= 983 Y2=1023 P1=  -1 P2=  -1 T1=1023 T2= 923  P=  -1  D=  -1 
 X= 877 X2=1022  Y= 963 Y2=1022 P1=  -1 P2=  -1 T1=1023 T2= 928  P=  -1  D=  -1 
 X= 969 X2=1017  Y= 977 Y2=1022 P1=  -1 P2=  -1 T1=1023 T2= 862  P=  -1  D=  -1 
 X=1018 X2=1003  Y= 945 Y2=1022 P1=  -1 P2=  -1 T1=1023 T2= 922  P=  -1  D=  -1 
 X=1023 X2=1009  Y= 969 Y2=1022 P1=  -1 P2=  -1 T1=1023 T2= 928  P=  -1  D=  -1 
 X=1019 X2=1017  Y= 956 Y2=1023 P1=  -1 P2=  -1 T1=1023 T2= 908  P=  -1  D=  -1 
 X= 902 X2=1023  Y= 979 Y2=1022 P1=  -1 P2=  -1 T1=1023 T2= 920  P=  -1  D=  -1 
 X= 906 X2=1023  Y= 961 Y2=1022 P1=  -1 P2=  -1 T1=1023 T2= 873  P=  -1  D=  -1 
 X= 978 X2=1009  Y= 957 Y2=1022 P1=  -1 P2=  -1 T1=1023 T2= 927  P=  -1  D=  -1 
 X= 914 X2=1018  Y= 982 Y2=1023 P1=  -1 P2=  -1 T1=1023 T2= 913  P=  -1  D=  -1 
 X= 917 X2=1023  Y= 980 Y2=1022 P1=  -1 P2=  -1 T1=1023 T2= 920  P=  -1  D=  -1 
 X= 906 X2= 992  Y= 982 Y2=1022 P1=  -1 P2=  -1 T1=1023 T2= 850  P=  -1  D=  -1 
 X=1023 X2=1009  Y= 978 Y2=1022 P1=  -1 P2=  -1 T1=1022 T2= 904  P=  -1  D=  -1 
 X= 832 X2=1023  Y= 981 Y2=1022 P1=  -1 P2=  -1 T1=1023 T2= 920  P=  -1  D=  -1 
 X= 869 X2=1023  Y= 981 Y2=1022 P1=  -1 P2=  -1 T1=1022 T2= 873  P=  -1  D=  -1 
 X= 951 X2=1014  Y= 959 Y2=1022 P1=  -1 P2=  -1 T1=1023 T2= 918  P=  -1  D=  -1 
 X= 805 X2=1023  Y= 977 Y2=1022 P1=  -1 P2=  -1 T1=1023 T2= 917  P=  -1  D=  -1 
 X= 803 X2=1023  Y= 985 Y2=1022 P1=  -1 P2=  -1 T1=1023 T2= 878  P=  -1  D=  -1 
 X=1010 X2= 995  Y= 982 Y2=1022 P1=  -1 P2=  -1 T1=1022 T2= 915  P=  -1  D=  -1 
 X= 890 X2=1023  Y= 979 Y2=1023 P1=  -1 P2=  -1 T1=1023 T2= 913  P=  -1  D=  -1 
 X= 934 X2= 990  Y= 985 Y2=1022 P1=  -1 P2=  -1 T1=1023 T2= 929  P=  -1  D=  -1 
 X= 890 X2=1022  Y= 984 Y2=1022 P1=  -1 P2=  -1 T1=1023 T2= 921  P=  -1  D=  -1 
 X= 805 X2=1023  Y= 960 Y2=1021 P1=  -1 P2=  -1 T1=1023 T2= 907  P=  -1  D=  -1 
 X= 900 X2=1022  Y= 982 Y2=1022 P1=  -1 P2=  -1 T1=1023 T2= 907  P=  -1  D=  -1 
 X= 831 X2=1023  Y= 974 Y2=1022 P1=  -1 P2=  -1 T1=1023 T2= 915  P=  -1  D=  -1 
 X= 935 X2=1018  Y= 980 Y2=1022 P1=  -1 P2=  -1 T1=1023 T2= 919  P=  -1  D=  -1 
 X= 933 X2=1023  Y= 982 Y2=1022 P1=  -1 P2=  -1 T1=1023 T2= 915  P=  -1  D=  -1 
 X= 947 X2=1008  Y= 982 Y2=1022 P1=  -1 P2=  -1 T1=1022 T2= 876  P=  -1  D=  -1 
 X= 944 X2=1011  Y= 973 Y2=1023 P1=  -1 P2=  -1 T1=1023 T2= 910  P=  -1  D=  -1 
 X= 885 X2=1023  Y= 987 Y2=1021 P1=  -1 P2=  -1 T1=1023 T2= 874  P=  -1  D=  -1 
 X=1022 X2= 992  Y= 976 Y2=1022 P1=  -1 P2=  -1 T1=1023 T2= 918  P=  -1  D=  -1 
 X=1023 X2=1015  Y= 975 Y2=1022 P1=  -1 P2=  -1 T1=1023 T2= 878  P=  -1  D=  -1 
 X= 821 X2=1023  Y= 978 Y2=1022 P1=  -1 P2=  -1 T1=1023 T2= 879  P=  -1  D=  -1 
 X= 887 X2=1023  Y= 989 Y2=1021 P1=  -1 P2=  -1 T1=1022 T2= 924  P=  -1  D=  -1 
 X= 962 X2=1012  Y= 976 Y2=1022 P1=  -1 P2=  -1 T1=1023 T2= 925  P=  -1  D=  -1 
 X= 798 X2=1023  Y= 969 Y2=1022 P1=  -1 P2=  -1 T1=1023 T2= 925  P=  -1  D=  -1 
 X= 941 X2= 993  Y= 957 Y2=1022 P1=  -1 P2=  -1 T1=1023 T2= 858  P=  -1  D=  -1 
 X=1007 X2=1011  Y= 991 Y2=1023 P1=  -1 P2=  -1 T1=1023 T2= 921  P=  -1  D=  -1 
 X= 891 X2=1023  Y= 986 Y2=1022 P1=  -1 P2=  -1 T1=1023 T2= 907  P=  -1  D=  -1 
 X= 902 X2=1023  Y= 981 Y2=1023 P1=  -1 P2=  -1 T1=1023 T2= 917  P=  -1  D=  -1 
 X=1023 X2=1013  Y= 986 Y2=1022 P1=  -1 P2=  -1 T1=1023 T2= 925  P=  -1  D=  -1 
 X= 797 X2=1023  Y= 985 Y2=1022 P1=  -1 P2=  -1 T1=1023 T2= 915  P=  -1  D=  -1 
 X= 802 X2=1023  Y= 961 Y2=1022 P1=  -1 P2=  -1 T1=1023 T2= 928  P=  -1  D=  -1 
 X= 919 X2=1023  Y= 982 Y2=1023 P1=  -1 P2=  -1 T1=1023 T2= 888  P=  -1  D=  -1 
 X= 915 X2= 998  Y= 969 Y2=1022 P1=  -1 P2=  -1 T1=1023 T2= 903  P=  -1  D=  -1 
 X= 948 X2=1023  Y= 974 Y2=1023 P1=  -1 P2=  -1 T1=1023 T2= 924  P=  -1  D=  -1 
 X= 885 X2=1006  Y= 976 Y2=1023 P1=  -1 P2=  -1 T1=1023 T2= 872  P=  -1  D=  -1 
 X=1009 X2=1014  Y= 981 Y2=1022 P1=  -1 P2=  -1 T1=1022 T2= 904  P=  -1  D=  -1 
 X= 886 X2=1023  Y= 980 Y2=1022 P1=  -1 P2=  -1 T1=1023 T2= 930  P=  -1  D=  -1 
 X= 923 X2=1023  Y= 982 Y2=1022 P1=  -1 P2=  -1 T1=1022 T2= 915  P=  -1  D=  -1 
 X= 939 X2=1023  Y= 978 Y2=1022 P1=  -1 P2=  -1 T1=1022 T2= 909  P=  -1  D=  -1 
 X= 801 X2=1023  Y= 982 Y2=1022 P1=  -1 P2=  -1 T1=1022 T2= 930  P=  -1  D=  -1 
 X= 885 X2=1023  Y= 954 Y2=1022 P1=  -1 P2=  -1 T1=1023 T2= 927  P=  -1  D=  -1 
 X= 979 X2=1016  Y= 976 Y2=1022 P1=  -1 P2=  -1 T1=1023 T2= 883  P=  -1  D=  -1 
 X= 900 X2=1019  Y= 983 Y2=1023 P1=  -1 P2=  -1 T1=1023 T2= 918  P=  -1  D=  -1 
 X= 866 X2=1019  Y=1022 Y2=1022 P1=  -1 P2=  -1 T1=1023 T2=1022  P=  -1  D=  -1 
 X= 794 X2=1023  Y= 980 Y2=1022 P1=  -1 P2=  -1 T1=1022 T2= 913  P=  -1  D=  -1 
 X= 807 X2=1023  Y= 981 Y2=1022 P1=  -1 P2=  -1 T1=1023 T2= 913  P=  -1  D=  -1 
 X= 889 X2=1010  Y= 976 Y2=1021 P1=  -1 P2=  -1 T1=1022 T2= 856  P=  -1  D=  -1 
 X= 943 X2= 989  Y= 982 Y2=1022 P1=  -1 P2=  -1 T1=1023 T2= 903  P=  -1  D=  -1 
 X= 936 X2=1023  Y= 984 Y2=1023 P1=  -1 P2=  -1 T1=1022 T2= 920  P=  -1  D=  -1 
 X= 821 X2=1023  Y= 978 Y2=1022 P1=  -1 P2=  -1 T1=1023 T2= 907  P=  -1  D=  -1 
 X= 982 X2=1006  Y= 984 Y2=1023 P1=  -1 P2=  -1 T1=1023 T2= 939  P=  -1  D=  -1 
 X= 950 X2=1017  Y= 958 Y2=1023 P1=  -1 P2=  -1 T1=1023 T2= 929  P=  -1  D=  -1 
 X= 888 X2= 987  Y= 982 Y2=1022 P1=  -1 P2=  -1 T1=1023 T2= 888  P=  -1  D=  -1 
 X=1005 X2=1009  Y= 957 Y2=1022 P1=  -1 P2=  -1 T1=1023 T2= 849  P=  -1  D=  -1 
 X=1017 X2= 997  Y= 977 Y2=1023 P1=  -1 P2=  -1 T1=1022 T2= 916  P=  -1  D=  -1 
 X= 856 X2=1023  Y= 971 Y2=1021 P1=  -1 P2=  -1 T1=1022 T2= 923  P=  -1  D=  -1 
 X= 885 X2=1023  Y= 974 Y2=1023 P1=  -1 P2=  -1 T1=1022 T2= 903  P=  -1  D=  -1 
 X= 793 X2=1023  Y= 978 Y2=1023 P1=  -1 P2=  -1 T1=1023 T2= 960  P=  -1  D=  -1 
 X= 750 X2=1023  Y= 979 Y2=1022 P1=  -1 P2=  -1 T1=1022 T2= 904  P=  -1  D=  -1 
 X=1022 X2=1015  Y= 954 Y2=1022 P1=  -1 P2=  -1 T1=1022 T2= 904  P=  -1  D=  -1 
 X= 894 X2=1023  Y= 984 Y2=1021 P1=  -1 P2=  -1 T1=1023 T2= 924  P=  -1  D=  -1 
 X= 901 X2=1015  Y= 969 Y2=1022 P1=  -1 P2=  -1 T1=1023 T2= 927  P=  -1  D=  -1 
 X= 900 X2= 989  Y= 978 Y2=1021 P1=  -1 P2=  -1 T1=1023 T2= 905  P=  -1  D=  -1 
 X= 894 X2= 995  Y= 982 Y2=1023 P1=  -1 P2=  -1 T1=1023 T2= 868  P=  -1  D=  -1 
 X= 735 X2=1023  Y= 984 Y2=1022 P1=  -1 P2=  -1 T1=1023 T2= 934  P=  -1  D=  -1 
 X= 821 X2=1023  Y= 986 Y2=1022 P1=  -1 P2=  -1 T1=1023 T2= 940  P=  -1  D=  -1 
 X= 949 X2=1015  Y= 966 Y2=1023 P1=  -1 P2=  -1 T1=1023 T2= 919  P=  -1  D=  -1 
 X= 738 X2=1023  Y= 960 Y2=1022 P1=  -1 P2=  -1 T1=1023 T2= 929  P=  -1  D=  -1 
 X= 987 X2=1016  Y= 974 Y2=1023 P1=  -1 P2=  -1 T1=1023 T2= 877  P=  -1  D=  -1 
 X= 976 X2=1018  Y= 982 Y2=1022 P1=  -1 P2=  -1 T1=1023 T2= 916  P=  -1  D=  -1 
 X= 856 X2=1017  Y= 974 Y2=1022 P1=  -1 P2=  -1 T1=1023 T2= 886  P=  -1  D=  -1 
 X= 831 X2=1023  Y= 970 Y2=1022 P1=  -1 P2=  -1 T1=1023 T2= 926  P=  -1  D=  -1 
 X= 904 X2=1023  Y= 978 Y2=1021 P1=  -1 P2=  -1 T1=1023 T2= 924  P=  -1  D=  -1 
 X= 819 X2=1023  Y= 974 Y2=1023 P1=  -1 P2=  -1 T1=1023 T2= 924  P=  -1  D=  -1 
 X= 851 X2=1023  Y= 977 Y2=1023 P1=  -1 P2=  -1 T1=1023 T2= 890  P=  -1  D=  -1 
 X= 886 X2=1022  Y= 965 Y2=1023 P1=  -1 P2=  -1 T1=1023 T2= 883  P=  -1  D=  -1 
 X= 895 X2=1020  Y= 976 Y2=1022 P1=  -1 P2=  -1 T1=1023 T2= 902  P=  -1  D=  -1 
 X= 895 X2=1023  Y= 982 Y2=1022 P1=  -1 P2=  -1 T1=1023 T2= 901  P=  -1  D=  -1 
 X=1023 X2=1011  Y= 982 Y2=1023 P1=  -1 P2=  -1 T1=1023 T2= 927  P=  -1  D=  -1 
 X=1004 X2=1008  Y= 977 Y2=1023 P1=  -1 P2=  -1 T1=1023 T2= 913  P=  -1  D=  -1 
 X= 902 X2=1023  Y= 986 Y2=1022 P1=  -1 P2=  -1 T1=1023 T2= 914  P=  -1  D=  -1 
 X= 905 X2=1008  Y= 955 Y2=1023 P1=  -1 P2=  -1 T1=1023 T2= 886  P=  -1  D=  -1 
 X=1022 X2= 997  Y= 976 Y2=1022 P1=  -1 P2=  -1 T1=1023 T2= 880  P=  -1  D=  -1 
 X= 878 X2=1023  Y= 982 Y2=1022 P1=  -1 P2=  -1 T1=1023 T2= 920  P=  -1  D=  -1 
 X= 936 X2=1023  Y= 991 Y2=1022 P1=  -1 P2=  -1 T1=1022 T2= 916  P=  -1  D=  -1 
 X= 895 X2=1023  Y= 984 Y2=1023 P1=  -1 P2=  -1 T1=1023 T2= 883  P=  -1  D=  -1 
 X= 883 X2=1020  Y= 977 Y2=1022 P1=  -1 P2=  -1 T1=1023 T2= 924  P=  -1  D=  -1 
 X= 933 X2= 997  Y= 975 Y2=1022 P1=  -1 P2=  -1 T1=1023 T2= 916  P=  -1  D=  -1 
 X= 961 X2=1007  Y= 955 Y2=1022 P1=  -1 P2=  -1 T1=1022 T2= 915  P=  -1  D=  -1 
 X= 791 X2=1023  Y= 981 Y2=1021 P1=  -1 P2=  -1 T1=1022 T2= 922  P=  -1  D=  -1 
 X= 808 X2=1023  Y= 978 Y2=1023 P1=  -1 P2=  -1 T1=1023 T2= 917  P=  -1  D=  -1 
 X= 885 X2=1023  Y= 980 Y2=1021 P1=  -1 P2=  -1 T1=1022 T2= 899  P=  -1  D=  -1 
 X= 936 X2=1023  Y= 977 Y2=1022 P1=  -1 P2=  -1 T1=1022 T2= 875  P=  -1  D=  -1 
 X= 963 X2=1008  Y= 966 Y2=1023 P1=  -1 P2=  -1 T1=1022 T2= 906  P=  -1  D=  -1 
 X= 910 X2=1023  Y= 984 Y2=1022 P1=  -1 P2=  -1 T1=1023 T2= 905  P=  -1  D=  -1 
 X= 777 X2=1023  Y= 978 Y2=1021 P1=  -1 P2=  -1 T1=1023 T2= 909  P=  -1  D=  -1 
 X=1023 X2=1014  Y= 942 Y2=1022 P1=  -1 P2=  -1 T1=1023 T2= 904  P=  -1  D=  -1 
 X=1023 X2=1013  Y= 983 Y2=1022 P1=  -1 P2=  -1 T1=1023 T2= 913  P=  -1  D=  -1 
 X=1021 X2=1016  Y= 982 Y2=1022 P1=  -1 P2=  -1 T1=1022 T2= 912  P=  -1  D=  -1 
 X= 877 X2=1023  Y= 983 Y2=1022 P1=  -1 P2=  -1 T1=1022 T2= 917  P=  -1  D=  -1 
 X= 929 X2=1023  Y= 978 Y2=1022 P1=  -1 P2=  -1 T1=1023 T2= 864  P=  -1  D=  -1 
 X= 882 X2=1019  Y= 969 Y2=1023 P1=  -1 P2=  -1 T1=1022 T2= 914  P=  -1  D=  -1 
 X= 863 X2=1023  Y= 989 Y2=1022 P1=  -1 P2=  -1 T1=1023 T2= 902  P=  -1  D=  -1 
 X= 982 X2=1003  Y= 975 Y2=1022 P1=  -1 P2=  -1 T1=1023 T2= 915  P=  -1  D=  -1 
 X= 969 X2=1013  Y= 980 Y2=1021 P1=  -1 P2=  -1 T1=1022 T2= 932  P=  -1  D=  -1 
 X= 927 X2=1016  Y= 963 Y2=1022 P1=  -1 P2=  -1 T1=1023 T2= 905  P=  -1  D=  -1 
 X= 939 X2= 996  Y= 949 Y2=1022 P1=  -1 P2=  -1 T1=1023 T2= 876  P=  -1  D=  -1 
 X= 971 X2=1020  Y= 959 Y2=1022 P1=  -1 P2=  -1 T1=1023 T2= 959  P=  -1  D=  -1 
 X= 809 X2=1023  Y= 984 Y2=1023 P1=  -1 P2=  -1 T1=1023 T2= 905  P=  -1  D=  -1 
 X= 907 X2= 990  Y= 971 Y2=1022 P1=  -1 P2=  -1 T1=1023 T2= 918  P=  -1  D=  -1 
 X= 857 X2=1017  Y= 977 Y2=1022 P1=  -1 P2=  -1 T1=1023 T2= 929  P=  -1  D=  -1 
 X= 951 X2=1023  Y= 955 Y2=1021 P1=  -1 P2=  -1 T1=1022 T2= 880  P=  -1  D=  -1 
 X= 795 X2=1023  Y= 956 Y2=1022 P1=  -1 P2=  -1 T1=1023 T2= 923  P=  -1  D=  -1 
 X=1023 X2=1014  Y= 981 Y2=1023 P1=  -1 P2=  -1 T1=1023 T2= 909  P=  -1  D=  -1 
 X= 978 X2=1002  Y= 975 Y2=1023 P1=  -1 P2=  -1 T1=1023 T2= 930  P=  -1  D=  -1 
 X= 822 X2=1023  Y= 982 Y2=1022 P1=  -1 P2=  -1 T1=1023 T2= 903  P=  -1  D=  -1 
 X=1021 X2= 995  Y= 977 Y2=1022 P1=  -1 P2=  -1 T1=1023 T2= 927  P=  -1  D=  -1 
 X= 780 X2=1023  Y= 975 Y2=1022 P1=  -1 P2=  -1 T1=1023 T2= 876  P=  -1  D=  -1 
 X= 880 X2=1023  Y= 977 Y2=1022 P1=  -1 P2=  -1 T1=1022 T2= 911  P=  -1  D=  -1 
 X= 826 X2=1023  Y= 965 Y2=1021 P1=  -1 P2=  -1 T1=1023 T2= 904  P=  -1  D=  -1 
 X= 888 X2=1019  Y= 972 Y2=1023 P1=  -1 P2=  -1 T1=1023 T2= 918  P=  -1  D=  -1 
 X= 889 X2=1023  Y= 977 Y2=1022 P1=  -1 P2=  -1 T1=1023 T2= 915  P=  -1  D=  -1 
 X=1023 X2=1014  Y= 979 Y2=1022 P1=  -1 P2=  -1 T1=1023 T2= 916  P=  -1  D=  -1 
 X= 965 X2=1014  Y= 982 Y2=1022 P1=  -1 P2=  -1 T1=1023 T2= 896  P=  -1  D=  -1 
 X= 808 X2=1023  Y= 979 Y2=1022 P1=  -1 P2=  -1 T1=1023 T2= 879  P=  -1  D=  -1 
 X= 883 X2=1023  Y= 977 Y2=1022 P1=  -1 P2=  -1 T1=1022 T2= 921  P=  -1  D=  -1 
 X= 941 X2=1001  Y= 990 Y2=1022 P1=  -1 P2=  -1 T1=1023 T2= 925  P=  -1  D=  -1 
 X= 927 X2=1017  Y= 981 Y2=1022 P1=  -1 P2=  -1 T1=1023 T2= 913  P=  -1  D=  -1 
 X= 890 X2=1023  Y= 976 Y2=1022 P1=  -1 P2=  -1 T1=1023 T2= 878  P=  -1  D=  -1 
 X= 887 X2=1020  Y= 946 Y2=1022 P1=  -1 P2=  -1 T1=1022 T2= 925  P=  -1  D=  -1 
 X= 798 X2=1023  Y= 979 Y2=1023 P1=  -1 P2=  -1 T1=1023 T2= 852  P=  -1  D=  -1 
 X=1023 X2=1015  Y= 978 Y2=1022 P1=  -1 P2=  -1 T1=1023 T2= 926  P=  -1  D=  -1 
 X= 954 X2=1019  Y=1000 Y2=1022 P1=  -1 P2=  -1 T1=1023 T2= 893  P=  -1  D=  -1 
 X= 867 X2=1023  Y= 978 Y2=1022 P1=  -1 P2=  -1 T1=1023 T2= 914  P=  -1  D=  -1 
 X= 878 X2=1023  Y= 980 Y2=1023 P1=  -1 P2=  -1 T1=1023 T2= 885  P=  -1  D=  -1 
 X= 919 X2= 991  Y= 976 Y2=1021 P1=  -1 P2=  -1 T1=1023 T2= 933  P=  -1  D=  -1 
 X= 918 X2=1023  Y= 954 Y2=1020 P1=  -1 P2=  -1 T1=1023 T2= 875  P=  -1  D=  -1 
 X= 915 X2=1023  Y= 982 Y2=1022 P1=  -1 P2=  -1 T1=1023 T2= 923  P=  -1  D=  -1 
 X= 975 X2=1009  Y= 977 Y2=1022 P1=  -1 P2=  -1 T1=1023 T2= 925  P=  -1  D=  -1 
 X= 860 X2=1018  Y= 982 Y2=1023 P1=  -1 P2=  -1 T1=1023 T2= 913  P=  -1  D=  -1 
 X= 872 X2=1023  Y= 952 Y2=1023 P1=  -1 P2=  -1 T1=1022 T2= 893  P=  -1  D=  -1 
 X= 930 X2=1006  Y= 977 Y2=1022 P1=  -1 P2=  -1 T1=1023 T2= 933  P=  -1  D=  -1 
 X=1021 X2= 994  Y= 974 Y2=1022 P1=  -1 P2=  -1 T1=1023 T2= 915  P=  -1  D=  -1 
 X= 857 X2=1023  Y= 984 Y2=1022 P1=  -1 P2=  -1 T1=1023 T2= 871  P=  -1  D=  -1 
 X=1023 X2=1004  Y=1022 Y2=1022 P1=  -1 P2=  -1 T1=1023 T2=1021  P=  -1  D=  -1 
 X= 907 X2=1023  Y= 984 Y2=1022 P1=  -1 P2=  -1 T1=1023 T2= 917  P=  -1  D=  -1 
 X= 839 X2=1023  Y= 985 Y2=1022 P1=  -1 P2=  -1 T1=1023 T2= 905  P=  -1  D=  -1 
 X= 826 X2=1023  Y= 962 Y2=1021 P1=  -1 P2=  -1 T1=1022 T2= 915  P=  -1  D=  -1 
 X=1001 X2= 998  Y= 973 Y2=1022 P1=  -1 P2=  -1 T1=1023 T2= 930  P=  -1  D=  -1 
 X= 872 X2=1019  Y= 981 Y2=1023 P1=  -1 P2=  -1 T1=1023 T2= 925  P=  -1  D=  -1 
 X= 896 X2= 995  Y= 978 Y2=1022 P1=  -1 P2=  -1 T1=1023 T2= 908  P=  -1  D=  -1 
 X= 986 X2=1014  Y= 979 Y2=1022 P1=  -1 P2=  -1 T1=1023 T2= 858  P=  -1  D=  -1 
 X= 742 X2=1023  Y= 981 Y2=1022 P1=  -1 P2=  -1 T1=1023 T2= 878  P=  -1  D=  -1 
 X= 892 X2=1023  Y= 976 Y2=1021 P1=  -1 P2=  -1 T1=1023 T2= 919  P=  -1  D=  -1 
 X= 840 X2=1023  Y= 946 Y2=1021 P1=  -1 P2=  -1 T1=1023 T2= 914  P=  -1  D=  -1 
 X= 929 X2=1023  Y= 956 Y2=1023 P1=  -1 P2=  -1 T1=1023 T2= 879  P=  -1  D=  -1 
 X= 887 X2=1023  Y= 971 Y2=1021 P1=  -1 P2=  -1 T1=1022 T2= 918  P=  -1  D=  -1 
 X= 931 X2=1023  Y= 966 Y2=1022 P1=  -1 P2=  -1 T1=1023 T2= 879  P=  -1  D=  -1 
 X= 918 X2=1023  Y= 987 Y2=1023 P1=  -1 P2=  -1 T1=1023 T2= 925  P=  -1  D=  -1 
 X= 896 X2=1023  Y= 954 Y2=1022 P1=  -1 P2=  -1 T1=1023 T2= 903  P=  -1  D=  -1 
 X= 901 X2=1010  Y= 982 Y2=1022 P1=  -1 P2=  -1 T1=1023 T2= 916  P=  -1  D=  -1 
 X=1023 X2=1012  Y= 978 Y2=1021 P1=  -1 P2=  -1 T1=1023 T2= 920  P=  -1  D=  -1 
 X= 878 X2=1023  Y= 981 Y2=1021 P1=  -1 P2=  -1 T1=1022 T2= 915  P=  -1  D=  -1 
 X= 883 X2=1023  Y= 980 Y2=1023 P1=  -1 P2=  -1 T1=1023 T2= 881  P=  -1  D=  -1 
 X= 944 X2= 985  Y= 979 Y2=1022 P1=  -1 P2=  -1 T1=1023 T2= 928  P=  -1  D=  -1 
 X= 904 X2=1023  Y= 971 Y2=1023 P1=  -1 P2=  -1 T1=1023 T2= 925  P=  -1  D=  -1 
 X=1008 X2=1012  Y= 984 Y2=1022 P1=  -1 P2=  -1 T1=1023 T2= 907  P=  -1  D=  -1 
 X= 991 X2=1005  Y= 962 Y2=1023 P1=  -1 P2=  -1 T1=1023 T2= 910  P=  -1  D=  -1 
 X= 954 X2=1018  Y= 981 Y2=1023 P1=  -1 P2=  -1 T1=1022 T2= 915  P=  -1  D=  -1 
 X= 902 X2=1023  Y= 961 Y2=1022 P1=  -1 P2=  -1 T1=1023 T2= 923  P=  -1  D=  -1 
 X=1023 X2=1015  Y= 985 Y2=1022 P1=  -1 P2=  -1 T1=1023 T2= 917  P=  -1  D=  -1 
 X= 232 X2= 231  Y= 341 Y2= 336 P1= 718 P2= 196 T1=  21 T2=  23  P= 615  D=  -1 * 0
 X= 894 X2=1022  Y= 946 Y2=1022 P1=1023 P2=   0 T1=1023 T2= 904  P= 615  D=  -1 
 X= 236 X2= 234  Y= 345 Y2= 338 P1= 741 P2= 183 T1=  26 T2=  26  P= 716  D=  -1 * 0
 X= 311 X2= 309  Y= 435 Y2= 469 P1= 869 P2= 111 T1= 120 T2=  44  P= 716  D=  -1 
 X= 244 X2= 243  Y= 352 Y2= 344 P1= 790 P2= 152 T1=  31 T2=  33  P= 716  D=  -1 
 X= 249 X2= 245  Y= 354 Y2= 348 P1= 793 P2= 150 T1=  36 T2=  33  P= 716  D=  -1 
 X= 240 X2= 238  Y= 348 Y2= 341 P1= 769 P2= 165 T1=  28 T2=  29  P= 874  D=  -1 * 0
 X= 244 X2= 241  Y= 351 Y2= 344 P1= 780 P2= 158 T1=  31 T2=  30  P= 874  D=  -1 
 X= 240 X2= 237  Y= 347 Y2= 340 P1= 762 P2= 170 T1=  27 T2=  26  P= 828  D=  -1 * 0
 X= 240 X2= 237  Y= 347 Y2= 340 P1= 761 P2= 170 T1=  28 T2=  27  P= 827  D=  -1 * 1
 X= 239 X2= 236  Y= 348 Y2= 341 P1= 762 P2= 170 T1=  27 T2=  27  P= 825  D=  -1 * 2
 X= 239 X2= 237  Y= 347 Y2= 340 P1= 756 P2= 174 T1=  26 T2=  26  P= 795  D=  -1 * 3
 X= 238 X2= 237  Y= 347 Y2= 340 P1= 753 P2= 174 T1=  26 T2=  27  P= 788  D=  -1 * 4
 X= 239 X2= 237  Y= 346 Y2= 339 P1= 754 P2= 175 T1=  26 T2=  26  P= 787  D=  -1 * 5
 X= 238 X2= 236  Y= 347 Y2= 339 P1= 753 P2= 175 T1=  27 T2=  27  P= 782  D=  -1 * 6
 X= 239 X2= 236  Y= 347 Y2= 339 P1= 752 P2= 177 T1=  26 T2=  26  P= 769  D=  -1 * 7
 X= 239 X2= 236  Y= 346 Y2= 339 P1= 752 P2= 177 T1=  26 T2=  26  P= 769  D=  -1 * 8
 X= 238 X2= 235  Y= 346 Y2= 339 P1= 752 P2= 177 T1=  26 T2=  26  P= 766  D=  -1 * 9
 X= 238 X2= 236  Y= 347 Y2= 339 P1= 751 P2= 177 T1=  25 T2=  26  P= 768  D=  -1 * 10
 X= 237 X2= 235  Y= 346 Y2= 339 P1= 751 P2= 177 T1=  26 T2=  25  P= 765  D=  -1 * 11
 X= 237 X2= 235  Y= 347 Y2= 339 P1= 751 P2= 178 T1=  26 T2=  25  P= 759  D=  -1 * 12
 X= 238 X2= 235  Y= 346 Y2= 339 P1= 749 P2= 179 T1=  26 T2=  25  P= 751  D=  -1 * 13
 X= 237 X2= 236  Y= 346 Y2= 339 P1= 747 P2= 179 T1=  25 T2=  25  P= 748  D=  -1 * 14
 X= 238 X2= 235  Y= 346 Y2= 339 P1= 747 P2= 180 T1=  25 T2=  25  P= 743  D=  -1 * 15
 X= 237 X2= 235  Y= 345 Y2= 339 P1= 746 P2= 180 T1=  25 T2=  25  P= 741  D=  -1 * 16
 X= 238 X2= 235  Y= 346 Y2= 338 P1= 746 P2= 180 T1=  25 T2=  25  P= 741  D=  -1 * 17
 X= 237 X2= 233  Y= 346 Y2= 339 P1= 746 P2= 180 T1=  25 T2=  25  P= 738  D=  -1 * 18
 X= 238 X2= 235  Y= 345 Y2= 339 P1= 745 P2= 181 T1=  25 T2=  25  P= 735  D=  -1 * 19
 X= 237 X2= 235  Y= 346 Y2= 339 P1= 745 P2= 181 T1=  25 T2=  24  P= 735  D=  -1 * 20
 X= 237 X2= 235  Y= 346 Y2= 339 P1= 743 P2= 180 T1=  25 T2=  25  P= 737  D=  -1 * 21
 X= 237 X2= 235  Y= 346 Y2= 339 P1= 745 P2= 180 T1=  25 T2=  25  P= 740  D=  -1 * 22
 X= 237 X2= 235  Y= 345 Y2= 339 P1= 746 P2= 180 T1=  24 T2=  25  P= 741  D=  -1 * 23
 X= 243 X2= 235  Y= 346 Y2= 339 P1= 746 P2= 180 T1=  26 T2=  25  P= 751  D=  -1 * 24
Remove Pin
 X= 238 X2= 236  Y= 346 Y2= 339 P1= 746 P2= 180 T1=  24 T2=  26  P= 745  D=  -1 * 24
 X= 237 X2= 235  Y= 346 Y2= 338 P1= 746 P2= 180 T1=  25 T2=  26  P= 741  D=  -1 * 24
 X= 237 X2= 235  Y= 346 Y2= 338 P1= 745 P2= 180 T1=  26 T2=  25  P= 740  D=  -1 * 24
 X= 237 X2= 235  Y= 346 Y2= 338 P1= 746 P2= 180 T1=  25 T2=  25  P= 741  D=  -1 * 24
 X= 237 X2= 235  Y= 346 Y2= 339 P1= 746 P2= 180 T1=  25 T2=  25  P= 741  D=  -1 * 24
 X= 237 X2= 236  Y= 345 Y2= 339 P1= 747 P2= 180 T1=  26 T2=  25  P= 743  D=  -1 * 24
 X= 237 X2= 234  Y= 346 Y2= 339 P1= 747 P2= 179 T1=  26 T2=  26  P= 745  D=  -1 * 24
 X= 238 X2= 236  Y= 345 Y2= 339 P1= 746 P2= 179 T1=  25 T2=  25  P= 750  D=  -1 * 24
 X= 238 X2= 236  Y= 346 Y2= 339 P1= 747 P2= 180 T1=  26 T2=  26  P= 746  D=  -1 * 24
 X= 237 X2= 235  Y= 347 Y2= 339 P1= 747 P2= 180 T1=  26 T2=  25  P= 743  D=  -1 * 24
 X= 237 X2= 235  Y= 346 Y2= 339 P1= 753 P2= 177 T1=  26 T2=  26  P= 767  D=  -1 * 24
 X= 268 X2= 271  Y= 376 Y2= 367 P1= 840 P2= 135 T1=  58 T2=  34  P= 767  D=  -1 
 X= 250 X2= 248  Y= 359 Y2= 353 P1= 814 P2= 141 T1=  36 T2=  33  P= 767  D=  -1 
 X= 246 X2= 245  Y= 354 Y2= 346 P1= 797 P2= 149 T1=  34 T2=  31  P= 767  D=  -1 
 X= 901 X2=1023  Y= 970 Y2=1021 P1=1023 P2=   0 T1=1023 T2= 902  P= 767  D=  -1 
 X= 889 X2=1023  Y= 969 Y2=1022 P1=1023 P2=   0 T1=1023 T2= 936  P= 767  D=  -1 
 X=1023 X2=1015  Y= 980 Y2=1022 P1=1023 P2=   0 T1=1023 T2= 918  P= 767  D=  -1 
target state=1 point=456,22
 X= 796 X2=1023  Y= 986 Y2=1021 P1=1023 P2=   0 T1=1022 T2= 921  P= 767  D=  -1 
 X= 899 X2=1023  Y= 981 Y2=1022 P1=1023 P2=   0 T1=1023 T2= 920  P= 767  D=  -1 
 X= 890 X2=1023  Y= 984 Y2=1021 P1=1023 P2=   0 T1=1023 T2= 908  P= 767  D=  -1 
 X= 897 X2=1023  Y= 977 Y2=1022 P1=1023 P2=   0 T1=1023 T2= 921  P= 767  D=  -1 
 X= 871 X2=1023  Y= 978 Y2=1022 P1=1023 P2=   0 T1=1022 T2= 906  P= 767  D=  -1 
 X= 787 X2=1023  Y= 980 Y2=1022 P1=1023 P2=   0 T1=1023 T2= 879  P= 767  D=  -1 
 X=1023 X2=1004  Y= 990 Y2=1022 P1=1023 P2=   0 T1=1023 T2= 932  P= 767  D=  -1 
 X= 847 X2=1023  Y= 986 Y2=1022 P1=1023 P2=   0 T1=1023 T2= 936  P= 767  D=  -1 
 X=1021 X2= 989  Y= 983 Y2=1023 P1=1023 P2=   0 T1=1023 T2= 926  P= 767  D=  -1 
 X= 951 X2=1017  Y= 988 Y2=1023 P1=1023 P2=   0 T1=1023 T2= 888  P= 767  D=  -1 
 X= 834 X2=1023  Y= 993 Y2=1021 P1=1023 P2=   0 T1=1023 T2= 911  P= 767  D=  -1 
 X= 887 X2=1023  Y= 970 Y2=1022 P1=1023 P2=   0 T1=1023 T2= 897  P= 767  D=  -1 
 X= 893 X2= 998  Y= 977 Y2=1022 P1=1023 P2=   0 T1=1023 T2= 925  P= 767  D=  -1 
 X= 901 X2=1023  Y= 958 Y2=1022 P1=1023 P2=   0 T1=1023 T2= 906  P= 767  D=  -1 
 X= 906 X2=1023  Y= 990 Y2=1022 P1=1023 P2=   0 T1=1023 T2= 925  P= 767  D=  -1 
 X= 969 X2=1013  Y= 970 Y2=1023 P1=1023 P2=   0 T1=1023 T2= 924  P= 767  D=  -1 
 X= 855 X2=1017  Y= 971 Y2=1022 P1=1023 P2=   0 T1=1022 T2= 873  P= 767  D=  -1 
 X= 893 X2=1018  Y= 981 Y2=1022 P1=1023 P2=   0 T1=1023 T2= 847  P= 767  D=  -1 
 X=1023 X2=1014  Y= 982 Y2=1022 P1=1023 P2=   0 T1=1023 T2= 926  P= 767  D=  -1 
 X= 978 X2=1009  Y= 974 Y2=1022 P1=1023 P2=   0 T1=1023 T2= 931  P= 767  D=  -1 
 X= 833 X2=1023  Y= 958 Y2=1022 P1=1023 P2=   0 T1=1022 T2= 925  P= 767  D=  -1 
 X= 909 X2= 989  Y= 982 Y2=1022 P1=1023 P2=   0 T1=1023 T2= 923  P= 767  D=  -1 
 X= 935 X2=1023  Y= 972 Y2=1022 P1=1023 P2=   0 T1=1023 T2= 880  P= 767  D=  -1 
 X= 785 X2=1023  Y= 978 Y2=1023 P1=1023 P2=   0 T1=1023 T2= 929  P= 767  D=  -1 
 X= 980 X2=1019  Y=1023 Y2=1022 P1=1023 P2=   0 T1=1022 T2=1021  P= 767  D=  -1 
 X= 877 X2=1023  Y= 969 Y2=1022 P1=1023 P2=   0 T1=1023 T2= 903  P= 767  D=  -1 
 X= 766 X2=1023  Y= 976 Y2=1022 P1=1023 P2=   0 T1=1022 T2= 855  P= 767  D=  -1 
 X=1015 X2=1006  Y= 980 Y2=1023 P1=1023 P2=   0 T1=1023 T2= 927  P= 767  D=  -1 
 X= 948 X2=1013  Y= 973 Y2=1022 P1=1023 P2=   0 T1=1022 T2= 915  P= 767  D=  -1 
 X= 758 X2=1023  Y= 981 Y2=1022 P1=1023 P2=   0 T1=1022 T2= 925  P= 767  D=  -1 
 X= 812 X2=1023  Y= 976 Y2=1022 P1=1023 P2=   0 T1=1023 T2= 918  P= 767  D=  -1 
 X= 838 X2=1023  Y= 981 Y2=1022 P1=1023 P2=   0 T1=1023 T2= 924  P= 767  D=  -1 
 X= 907 X2=1023  Y= 981 Y2=1022 P1=1023 P2=   0 T1=1023 T2= 924  P= 767  D=  -1 
 X= 818 X2=1023  Y= 984 Y2=1022 P1=1023 P2=   0 T1=1023 T2= 919  P= 767  D=  -1 
 X= 982 X2=1007  Y= 976 Y2=1023 P1=1023 P2=   0 T1=1023 T2= 911  P= 767  D=  -1 
 X= 820 X2=1023  Y= 977 Y2=1022 P1=1023 P2=   0 T1=1023 T2= 912  P= 767  D=  -1 
 X=1001 X2=1015  Y= 965 Y2=1022 P1=1023 P2=   0 T1=1023 T2= 890  P= 767  D=  -1 
 X=1023 X2=1015  Y= 980 Y2=1020 P1=1023 P2=   0 T1=1023 T2= 908  P= 767  D=  -1 
 X= 839 X2=1023  Y= 977 Y2=1022 P1=1023 P2=   0 T1=1022 T2= 927  P= 767  D=  -1 
 X= 881 X2=1023  Y= 971 Y2=1021 P1=1023 P2=   0 T1=1023 T2= 931  P= 767  D=  -1 
 X= 944 X2=1022  Y= 977 Y2=1022 P1=1023 P2=   0 T1=1023 T2= 915  P= 767  D=  -1 
 X= 913 X2=1016  Y= 988 Y2=1022 P1=1023 P2=   0 T1=1023 T2= 910  P= 767  D=  -1 
 X= 804 X2=1023  Y= 977 Y2=1022 P1=1023 P2=   0 T1=1023 T2= 854  P= 767  D=  -1 
 X=1015 X2=1014  Y= 978 Y2=1022 P1=1023 P2=   0 T1=1023 T2= 881  P= 767  D=  -1 
 X= 939 X2=1012  Y= 981 Y2=1023 P1=1023 P2=   0 T1=1023 T2= 921  P= 767  D=  -1 
 X= 883 X2=1023  Y= 979 Y2=1022 P1=1023 P2=   0 T1=1023 T2= 919  P= 767  D=  -1 
 X= 911 X2=1004  Y= 975 Y2=1022 P1=1023 P2=   0 T1=1023 T2= 922  P= 767  D=  -1 
 X= 896 X2=1019  Y= 991 Y2=1022 P1=1023 P2=   0 T1=1023 T2= 928  P= 767  D=  -1 
 X= 834 X2=1023  Y= 960 Y2=1022 P1=1023 P2=   0 T1=1023 T2= 914  P= 767  D=  -1 
 X=1023 X2=1011  Y= 978 Y2=1022 P1=1023 P2=   0 T1=1022 T2= 921  P= 767  D=  -1 
 X= 963 X2=1014  Y= 981 Y2=1023 P1=1023 P2=   0 T1=1023 T2= 925  P= 767  D=  -1 
 X= 925 X2=1023  Y= 977 Y2=1022 P1=1023 P2=   0 T1=1023 T2= 869  P= 767  D=  -1 
 X=1023 X2=1007  Y= 979 Y2=1023 P1=1023 P2=   0 T1=1023 T2= 921  P= 767  D=  -1 
 X= 996 X2=1008  Y= 974 Y2=1022 P1=1023 P2=   0 T1=1023 T2= 923  P= 767  D=  -1 
 X= 965 X2=1009  Y= 978 Y2=1023 P1=1023 P2=   0 T1=1023 T2= 913  P= 767  D=  -1 
 X= 821 X2=1023  Y= 980 Y2=1022 P1=1023 P2=   0 T1=1023 T2= 904  P= 767  D=  -1 
 X=1023 X2=1013  Y= 959 Y2=1022 P1=1023 P2=   0 T1=1023 T2= 924  P= 767  D=  -1 
 X= 879 X2=1023  Y= 979 Y2=1023 P1=1023 P2=   0 T1=1023 T2= 902  P= 767  D=  -1 
 X= 797 X2=1023  Y= 982 Y2=1022 P1=1023 P2=   0 T1=1023 T2= 926  P= 767  D=  -1 
 X= 950 X2=1011  Y= 955 Y2=1022 P1=1023 P2=   0 T1=1023 T2= 926  P= 767  D=  -1 
 X= 932 X2=1017  Y= 980 Y2=1022 P1=1023 P2=   0 T1=1022 T2= 931  P= 767  D=  -1 
 X=1023 X2=1008  Y= 970 Y2=1022 P1=1023 P2=   0 T1=1023 T2= 879  P= 767  D=  -1 
 X= 975 X2= 999  Y= 981 Y2=1023 P1=1023 P2=   0 T1=1023 T2= 883  P= 767  D=  -1 
 X= 951 X2=1023  Y= 978 Y2=1022 P1=1023 P2=   0 T1= 886 T2= 907  P= 767  D=  -1 
 X= 824 X2=1023  Y= 971 Y2=1023 P1=1023 P2=   0 T1=1023 T2= 913  P= 767  D=  -1 
 X= 818 X2= 817  Y= 345 Y2= 351 P1= 852 P2= 429 T1=  20 T2=  20  P= 805  D=  -1 * 0
 X= 829 X2=1023  Y= 951 Y2=1022 P1=1023 P2=   0 T1=1023 T2= 918  P= 805  D=  -1 
 X= 815 X2= 815  Y= 337 Y2= 344 P1= 827 P2= 484 T1=  15 T2=  15  P= 577  D=  -1 * 0
 X= 817 X2= 815  Y= 339 Y2= 347 P1= 834 P2= 466 T1=  18 T2=  17  P= 643  D=  -1 * 0
 X= 816 X2= 816  Y= 337 Y2= 345 P1= 827 P2= 481 T1=  16 T2=  15  P= 586  D=  -1 * 0
 X= 816 X2= 816  Y= 337 Y2= 345 P1= 827 P2= 482 T1=  15 T2=  16  P= 583  D=  -1 * 1
 X= 816 X2= 815  Y= 337 Y2= 344 P1= 827 P2= 485 T1=  15 T2=  15  P= 574  D=  -1 * 2
 X= 816 X2= 815  Y= 337 Y2= 344 P1= 826 P2= 484 T1=  15 T2=  16  P= 575  D=  -1 * 3
 X= 816 X2= 815  Y= 337 Y2= 344 P1= 825 P2= 487 T1=  14 T2=  15  P= 565  D=  -1 * 4
 X= 816 X2= 816  Y= 337 Y2= 345 P1= 827 P2= 483 T1=  15 T2=  15  P= 580  D=  -1 * 5
 X= 816 X2= 815  Y= 337 Y2= 345 P1= 826 P2= 485 T1=  15 T2=  15  P= 572  D=  -1 * 6
 X= 816 X2= 815  Y= 337 Y2= 344 P1= 826 P2= 485 T1=  15 T2=  15  P= 572  D=  -1 * 7
 X= 817 X2= 815  Y= 336 Y2= 343 P1= 826 P2= 485 T1=  15 T2=  15  P= 573  D=  -1 * 8
 X= 817 X2= 816  Y= 337 Y2= 344 P1= 827 P2= 486 T1=  15 T2=  15  P= 572  D=  -1 * 9
 X= 816 X2= 815  Y= 337 Y2= 344 P1= 826 P2= 485 T1=  15 T2=  15  P= 572  D=  -1 * 10
 X= 816 X2= 815  Y= 337 Y2= 344 P1= 826 P2= 486 T1=  15 T2=  15  P= 569  D=  -1 * 11
 X= 817 X2= 815  Y= 337 Y2= 344 P1= 825 P2= 487 T1=  15 T2=  15  P= 566  D=  -1 * 12
 X= 816 X2= 815  Y= 336 Y2= 344 P1= 825 P2= 488 T1=  15 T2=  15  P= 562  D=  -1 * 13
 X= 816 X2= 815  Y= 337 Y2= 344 P1= 825 P2= 488 T1=  15 T2=  15  P= 562  D=  -1 * 14
 X= 824 X2= 815  Y= 337 Y2= 344 P1= 825 P2= 488 T1=  15 T2=  15  P= 565  D=  -1 * 15
 X= 816 X2= 815  Y= 336 Y2= 344 P1= 825 P2= 488 T1=  15 T2=  15  P= 562  D=  -1 * 16
 X= 816 X2= 815  Y= 337 Y2= 344 P1= 825 P2= 489 T1=  15 T2=  15  P= 559  D=  -1 * 17
 X= 816 X2= 816  Y= 337 Y2= 344 P1= 825 P2= 490 T1=  15 T2=  15  P= 557  D=  -1 * 18
 X= 817 X2= 816  Y= 337 Y2= 344 P1= 825 P2= 489 T1=  15 T2=  15  P= 560  D=  -1 * 19
 X= 816 X2= 815  Y= 337 Y2= 344 P1= 825 P2= 489 T1=  15 T2=  15  P= 559  D=  -1 * 20
 X= 816 X2= 815  Y= 337 Y2= 345 P1= 825 P2= 489 T1=  15 T2=  15  P= 559  D=  -1 * 21
 X= 816 X2= 815  Y= 337 Y2= 344 P1= 825 P2= 488 T1=  15 T2=  15  P= 562  D=  -1 * 22
 X= 816 X2= 815  Y= 337 Y2= 344 P1= 825 P2= 489 T1=  14 T2=  14  P= 559  D=  -1 * 23
 X= 816 X2= 815  Y= 336 Y2= 344 P1= 825 P2= 489 T1=  15 T2=  15  P= 559  D=  -1 * 24
Remove Pin
 X= 816 X2= 815  Y= 337 Y2= 344 P1= 825 P2= 489 T1=  14 T2=  15  P= 559  D=  -1 * 24
 X= 816 X2= 816  Y= 337 Y2= 344 P1= 825 P2= 488 T1=  16 T2=  14  P= 563  D=  -1 * 24
 X= 816 X2= 815  Y= 337 Y2= 344 P1= 825 P2= 489 T1=  15 T2=  14  P= 559  D=  -1 * 24
 X= 816 X2= 815  Y= 336 Y2= 345 P1= 825 P2= 488 T1=  14 T2=  15  P= 562  D=  -1 * 24
 X= 813 X2= 815  Y= 337 Y2= 344 P1= 825 P2= 489 T1=  15 T2=  15  P= 559  D=  -1 * 24
 X= 816 X2= 814  Y= 337 Y2= 345 P1= 825 P2= 489 T1=  15 T2=  15  P= 559  D=  -1 * 24
 X= 816 X2= 815  Y= 337 Y2= 344 P1= 825 P2= 489 T1=  15 T2=  14  P= 559  D=  -1 * 24
 X= 816 X2= 815  Y= 337 Y2= 344 P1= 825 P2= 489 T1=  15 T2=  15  P= 559  D=  -1 * 24
 X= 816 X2= 817  Y= 337 Y2= 344 P1= 825 P2= 489 T1=  15 T2=  15  P= 560  D=  -1 * 24
 X= 816 X2= 815  Y= 337 Y2= 343 P1= 825 P2= 489 T1=  14 T2=  15  P= 559  D=  -1 * 24
 X= 815 X2= 815  Y= 337 Y2= 344 P1= 825 P2= 489 T1=  14 T2=  14  P= 559  D=  -1 * 24
 X= 816 X2= 816  Y= 337 Y2= 344 P1= 825 P2= 490 T1=  15 T2=  14  P= 557  D=  -1 * 24
 X= 816 X2= 816  Y= 337 Y2= 344 P1= 824 P2= 490 T1=  15 T2=  14  P= 555  D=  -1 * 24
 X= 816 X2= 814  Y= 337 Y2= 344 P1= 823 P2= 492 T1=  14 T2=  14  P= 547  D=  -1 * 24
 X= 816 X2= 815  Y= 338 Y2= 345 P1= 825 P2= 489 T1=  15 T2=  14  P= 559  D=  -1 * 24
 X=1023 X2=1011  Y= 970 Y2=1022 P1=1023 P2=   0 T1=1023 T2= 907  P= 559  D=  -1 
 X= 914 X2= 987  Y= 977 Y2=1021 P1=1023 P2=   0 T1=1023 T2= 889  P= 559  D=  -1 
 X= 903 X2=1013  Y= 977 Y2=1022 P1=1023 P2=   0 T1=1022 T2= 890  P= 559  D=  -1 
target state=2 point=456,249
 X=1022 X2=1008  Y= 945 Y2=1023 P1=1023 P2=   0 T1=1023 T2= 902  P= 559  D=  -1 
 X= 898 X2=1018  Y= 977 Y2=1023 P1=1023 P2=   0 T1=1023 T2= 910  P= 559  D=  -1 
 X= 925 X2=1018  Y= 973 Y2=1023 P1=1023 P2=   0 T1=1023 T2= 895  P= 559  D=  -1 
 X= 928 X2= 997  Y= 966 Y2=1022 P1=1023 P2=   0 T1=1023 T2= 901  P= 559  D=  -1 
 X=1023 X2=1015  Y= 974 Y2=1022 P1=1023 P2=   0 T1=1023 T2= 908  P= 559  D=  -1 
 X= 767 X2=1023  Y= 984 Y2=1023 P1=1023 P2=   0 T1=1023 T2= 922  P= 559  D=  -1 
 X= 809 X2=1023  Y= 984 Y2=1023 P1=1023 P2=   0 T1=1022 T2= 885  P= 559  D=  -1 
 X=1023 X2=1015  Y= 983 Y2=1022 P1=1023 P2=   0 T1=1023 T2= 922  P= 559  D=  -1 
 X= 904 X2=1023  Y= 979 Y2=1022 P1=1023 P2=   0 T1=1022 T2= 921  P= 559  D=  -1 
 X= 813 X2=1023  Y= 977 Y2=1022 P1=1023 P2=   0 T1=1023 T2= 924  P= 559  D=  -1 
 X= 991 X2=1009  Y= 975 Y2=1023 P1=1023 P2=   0 T1=1023 T2= 879  P= 559  D=  -1 
 X= 864 X2=1016  Y= 975 Y2=1023 P1=1023 P2=   0 T1=1023 T2= 936  P= 559  D=  -1 
 X= 891 X2=1021  Y= 980 Y2=1022 P1=1023 P2=   0 T1=1023 T2= 879  P= 559  D=  -1 
 X=1012 X2=1023  Y=1016 Y2=1023 P1=1023 P2=   0 T1=1023 T2=1021  P= 559  D=  -1 
 X= 946 X2=1023  Y= 967 Y2=1021 P1=1023 P2=   0 T1=1023 T2= 900  P= 559  D=  -1 
 X= 908 X2=1023  Y= 965 Y2=1022 P1=1023 P2=   0 T1=1023 T2= 879  P= 559  D=  -1 
 X= 933 X2=1022  Y= 955 Y2=1023 P1=1023 P2=   0 T1=1023 T2= 905  P= 559  D=  -1 
 X= 938 X2=1023  Y= 978 Y2=1022 P1=1023 P2=   0 T1=1022 T2= 931  P= 559  D=  -1 
 X= 800 X2=1023  Y= 986 Y2=1022 P1=1023 P2=   0 T1=1023 T2= 923  P= 559  D=  -1 
 X=1023 X2=1014  Y= 972 Y2=1022 P1=1023 P2=   0 T1=1023 T2= 909  P= 559  D=  -1 
 X= 971 X2=1013  Y= 959 Y2=1022 P1=1023 P2=   0 T1=1023 T2= 920  P= 559  D=  -1 
 X= 914 X2=1023  Y= 982 Y2=1022 P1=1023 P2=   0 T1=1022 T2= 913  P= 559  D=  -1 
 X= 908 X2=1023  Y= 980 Y2=1021 P1=1023 P2=   0 T1=1023 T2= 856  P= 559  D=  -1 
 X=1021 X2= 985  Y= 978 Y2=1022 P1=1023 P2=   0 T1=1023 T2= 887  P= 559  D=  -1 
 X= 928 X2= 998  Y= 971 Y2=1023 P1=1023 P2=   0 T1=1023 T2= 874  P= 559  D=  -1 
 X= 846 X2=1023  Y= 979 Y2=1022 P1=1023 P2=   0 T1=1022 T2= 904  P= 559  D=  -1 
 X= 938 X2=1023  Y= 975 Y2=1021 P1=1023 P2=   0 T1=1023 T2= 903  P= 559  D=  -1 
 X= 751 X2=1023  Y= 946 Y2=1022 P1=1023 P2=   0 T1=1023 T2= 913  P= 559  D=  -1 
 X= 915 X2=1023  Y= 983 Y2=1023 P1=1023 P2=   0 T1=1023 T2= 924  P= 559  D=  -1 
 X=1023 X2=1016  Y= 982 Y2=1023 P1=1023 P2=   0 T1=1023 T2= 923  P= 559  D=  -1 
 X= 861 X2=1018  Y= 978 Y2=1023 P1=1023 P2=   0 T1=1023 T2= 928  P= 559  D=  -1 
 X= 931 X2=1023  Y= 985 Y2=1022 P1=1023 P2=   0 T1=1023 T2= 908  P= 559  D=  -1 
 X= 894 X2=1000  Y= 983 Y2=1022 P1=1023 P2=   0 T1=1023 T2= 925  P= 559  D=  -1 
 X= 747 X2=1023  Y= 976 Y2=1022 P1=1023 P2=   0 T1=1023 T2= 880  P= 559  D=  -1 
 X= 894 X2=1023  Y= 980 Y2=1023 P1=1023 P2=   0 T1=1022 T2= 906  P= 559  D=  -1 
 X= 913 X2= 986  Y= 982 Y2=1022 P1=1023 P2=   0 T1=1023 T2= 897  P= 559  D=  -1 
 X= 847 X2=1017  Y= 953 Y2=1023 P1=1023 P2=   0 T1=1022 T2= 923  P= 559  D=  -1 
 X= 912 X2=1023  Y= 964 Y2=1022 P1=1023 P2=   0 T1=1023 T2= 887  P= 559  D=  -1 
 X=1023 X2=1014  Y= 982 Y2=1021 P1=1023 P2=   0 T1=1023 T2= 916  P= 559  D=  -1 
 X= 989 X2=1005  Y= 980 Y2=1023 P1=1023 P2=   0 T1=1023 T2= 919  P= 559  D=  -1 
 X= 850 X2=1023  Y= 985 Y2=1022 P1=1023 P2=   0 T1=1023 T2= 919  P= 559  D=  -1 
 X= 912 X2=1023  Y= 976 Y2=1022 P1=1023 P2=   0 T1=1023 T2= 928  P= 559  D=  -1 
 X= 887 X2=1010  Y= 983 Y2=1022 P1=1023 P2=   0 T1=1023 T2= 925  P= 559  D=  -1 
 X= 727 X2=1023  Y= 984 Y2=1022 P1=1023 P2=   0 T1=1023 T2= 893  P= 559  D=  -1 
 X= 880 X2=1023  Y= 979 Y2=1022 P1=1023 P2=   0 T1=1023 T2= 919  P= 559  D=  -1 
 X= 946 X2=1011  Y= 975 Y2=1023 P1=1023 P2=   0 T1=1023 T2= 885  P= 559  D=  -1 
 X= 882 X2=1018  Y= 975 Y2=1023 P1=1023 P2=   0 T1=1022 T2= 907  P= 559  D=  -1 
 X=1021 X2=1016  Y= 971 Y2=1022 P1=1023 P2=   0 T1=1023 T2= 921  P= 559  D=  -1 
 X= 914 X2=1023  Y= 980 Y2=1022 P1=1023 P2=   0 T1=1022 T2= 919  P= 559  D=  -1 
 X= 830 X2=1023  Y= 974 Y2=1022 P1=1023 P2=   0 T1=1022 T2= 902  P= 559  D=  -1 
 X= 938 X2=1023  Y= 981 Y2=1021 P1=1023 P2=   0 T1=1023 T2= 911  P= 559  D=  -1 
 X= 916 X2=1023  Y= 959 Y2=1021 P1=1023 P2=   0 T1=1023 T2= 921  P= 559  D=  -1 
 X= 890 X2=1023  Y= 970 Y2=1022 P1=1023 P2=   0 T1=1022 T2= 929  P= 559  D=  -1 
 X= 757 X2=1023  Y= 982 Y2=1023 P1=1023 P2=   0 T1=1022 T2= 923  P= 559  D=  -1 
 X= 955 X2=1020  Y= 967 Y2=1022 P1=1023 P2=   0 T1=1023 T2= 923  P= 559  D=  -1 
 X= 941 X2=1023  Y= 953 Y2=1021 P1=1023 P2=   0 T1=1023 T2= 916  P= 559  D=  -1 
 X= 906 X2=1023  Y= 980 Y2=1022 P1=1023 P2=   0 T1=1023 T2= 902  P= 559  D=  -1 
 X=1023 X2=1016  Y= 981 Y2=1023 P1=1023 P2=   0 T1=1023 T2= 922  P= 559  D=  -1 
 X=1019 X2=1016  Y= 983 Y2=1023 P1=1023 P2=   0 T1=1023 T2= 882  P= 559  D=  -1 
 X= 886 X2=1023  Y= 972 Y2=1022 P1=1023 P2=   0 T1=1023 T2= 921  P= 559  D=  -1 
 X= 906 X2=1023  Y= 981 Y2=1022 P1=1023 P2=   0 T1=1023 T2= 887  P= 559  D=  -1 
 X= 926 X2=1023  Y= 970 Y2=1022 P1=1023 P2=   0 T1=1023 T2= 923  P= 559  D=  -1 
 X= 887 X2=1023  Y= 978 Y2=1023 P1=1023 P2=   0 T1=1023 T2= 905  P= 559  D=  -1 
 X=1010 X2=1022  Y= 979 Y2=1023 P1=1023 P2=   0 T1=1023 T2= 920  P= 559  D=  -1 
 X= 814 X2= 815  Y= 701 Y2= 706 P1= 918 P2= 550 T1=  14 T2=  14  P= 544  D=  -1 * 0
 X= 784 X2=1023  Y= 974 Y2=1023 P1=1023 P2=   0 T1=1022 T2= 882  P= 544  D=  -1 
 X= 816 X2= 820  Y= 712 Y2= 739 P1= 960 P2= 297 T1=  17 T2= 514  P= 544  D=  -1 * 0
 X= 830 X2= 830  Y= 719 Y2= 723 P1= 951 P2= 380 T1=  60 T2=  35  P= 544  D=  -1 
 X= 818 X2= 819  Y= 705 Y2= 709 P1= 934 P2= 468 T1=  23 T2=  21  P= 813  D=  -1 * 0
 X= 817 X2= 818  Y= 704 Y2= 709 P1= 934 P2= 467 T1=  21 T2=  21  P= 817  D=  -1 * 0
 X= 817 X2= 817  Y= 703 Y2= 708 P1= 928 P2= 495 T1=  18 T2=  19  P= 714  D=  -1 * 1
 X= 817 X2= 818  Y= 704 Y2= 708 P1= 931 P2= 478 T1=  19 T2=  20  P= 773  D=  -1 * 2
 X= 817 X2= 818  Y= 703 Y2= 707 P1= 930 P2= 483 T1=  20 T2=  21  P= 755  D=  -1 * 3
 X= 817 X2= 815  Y= 702 Y2= 706 P1= 926 P2= 502 T1=  19 T2=  17  P= 688  D=  -1 * 4
 X= 816 X2= 817  Y= 702 Y2= 706 P1= 925 P2= 510 T1=  18 T2=  17  P= 663  D=  -1 * 5
 X= 816 X2= 815  Y= 702 Y2= 706 P1= 926 P2= 508 T1=  18 T2=  18  P= 669  D=  -1 * 6
 X= 814 X2= 817  Y= 702 Y2= 706 P1= 925 P2= 512 T1=  16 T2=  17  P= 656  D=  -1 * 7
 X= 816 X2= 817  Y= 702 Y2= 706 P1= 925 P2= 514 T1=  17 T2=  17  P= 651  D=  -1 * 8
 X= 816 X2= 817  Y= 701 Y2= 706 P1= 925 P2= 513 T1=  17 T2=  17  P= 655  D=  -1 * 9
 X= 815 X2= 816  Y= 702 Y2= 706 P1= 923 P2= 514 T1=  17 T2=  17  P= 647  D=  -1 * 10
 X= 816 X2= 817  Y= 701 Y2= 706 P1= 924 P2= 519 T1=  17 T2=  17  P= 636  D=  -1 * 11
 X= 815 X2= 817  Y= 701 Y2= 705 P1= 923 P2= 519 T1=  17 T2=  17  P= 634  D=  -1 * 12
 X= 816 X2= 817  Y= 701 Y2= 705 P1= 924 P2= 518 T1=  17 T2=  17  P= 638  D=  -1 * 13
 X= 815 X2= 817  Y= 702 Y2= 706 P1= 924 P2= 519 T1=  17 T2=  16  P= 636  D=  -1 * 14
 X= 815 X2= 817  Y= 701 Y2= 706 P1= 923 P2= 520 T1=  16 T2=  17  P= 632  D=  -1 * 15
 X= 815 X2= 817  Y= 701 Y2= 705 P1= 923 P2= 520 T1=  16 T2=  16  P= 632  D=  -1 * 16
 X= 816 X2= 816  Y= 701 Y2= 705 P1= 923 P2= 521 T1=  16 T2=  17  P= 629  D=  -1 * 17
 X= 815 X2= 817  Y= 701 Y2= 706 P1= 925 P2= 520 T1=  16 T2=  16  P= 634  D=  -1 * 18
 X= 816 X2= 817  Y= 701 Y2= 704 P1= 922 P2= 521 T1=  17 T2=  17  P= 627  D=  -1 * 19
 X= 815 X2= 817  Y= 701 Y2= 706 P1= 924 P2= 521 T1=  16 T2=  17  P= 630  D=  -1 * 20
 X= 816 X2= 817  Y= 702 Y2= 706 P1= 924 P2= 520 T1=  17 T2=  16  P= 633  D=  -1 * 21
 X= 815 X2= 816  Y= 701 Y2= 706 P1= 923 P2= 520 T1=  16 T2=  17  P= 631  D=  -1 * 22
 X= 816 X2= 816  Y= 701 Y2= 706 P1= 923 P2= 520 T1=  16 T2=  17  P= 632  D=  -1 * 23
 X= 816 X2= 817  Y= 701 Y2= 706 P1= 923 P2= 520 T1=  17 T2=  17  P= 632  D=  -1 * 24
Remove Pin
 X= 815 X2= 817  Y= 701 Y2= 705 P1= 922 P2= 519 T1=  17 T2=  16  P= 633  D=  -1 * 24
 X= 815 X2= 816  Y= 701 Y2= 706 P1= 924 P2= 520 T1=  17 T2=  16  P= 632  D=  -1 * 24
 X= 814 X2= 817  Y= 701 Y2= 705 P1= 923 P2= 519 T1=  16 T2=  17  P= 634  D=  -1 * 24
 X= 816 X2= 817  Y= 702 Y2= 706 P1= 923 P2= 520 T1=  16 T2=  17  P= 632  D=  -1 * 24
 X= 815 X2= 817  Y= 701 Y2= 706 P1= 923 P2= 520 T1=  16 T2=  17  P= 632  D=  -1 * 24
 X= 815 X2= 816  Y= 701 Y2= 705 P1= 922 P2= 521 T1=  17 T2=  17  P= 626  D=  -1 * 24
 X= 816 X2= 817  Y= 701 Y2= 706 P1= 924 P2= 521 T1=  17 T2=  16  P= 630  D=  -1 * 24
 X= 815 X2= 816  Y= 702 Y2= 706 P1= 923 P2= 521 T1=  16 T2=  17  P= 628  D=  -1 * 24
 X= 816 X2= 817  Y= 701 Y2= 706 P1= 924 P2= 520 T1=  16 T2=  17  P= 633  D=  -1 * 24
 X= 815 X2= 816  Y= 701 Y2= 706 P1= 923 P2= 520 T1=  17 T2=  17  P= 631  D=  -1 * 24
 X= 816 X2= 816  Y= 701 Y2= 705 P1= 923 P2= 520 T1=  17 T2=  17  P= 632  D=  -1 * 24
 X= 816 X2= 817  Y= 701 Y2= 706 P1= 923 P2= 520 T1=  16 T2=  17  P= 632  D=  -1 * 24
 X= 815 X2= 817  Y= 701 Y2= 706 P1= 923 P2= 521 T1=  16 T2=  16  P= 629  D=  -1 * 24
 X= 815 X2= 816  Y= 701 Y2= 705 P1= 923 P2= 520 T1=  17 T2=  16  P= 631  D=  -1 * 24
 X= 821 X2= 825  Y= 725 Y2= 730 P1= 962 P2= 343 T1=  29 T2=  47  P= 631  D=  -1 * 24
 X= 940 X2=1023  Y= 974 Y2=1022 P1=1023 P2=   0 T1=1022 T2= 928  P= 631  D=  -1 
 X= 898 X2=1023  Y= 974 Y2=1022 P1=1023 P2=   0 T1=1023 T2= 919  P= 631  D=  -1 
 X=1023 X2=1016  Y= 982 Y2=1022 P1=1023 P2=   0 T1=1022 T2= 909  P= 631  D=  -1 
target state=3 point=23,249
 X=1021 X2= 993  Y= 983 Y2=1023 P1=1023 P2=   0 T1=1022 T2= 907  P= 631  D=  -1 
 X= 884 X2=1023  Y= 984 Y2=1022 P1=1023 P2=   0 T1=1023 T2= 909  P= 631  D=  -1 
 X= 845 X2=1018  Y=1023 Y2=1023 P1=1023 P2=   0 T1=1023 T2=1022  P= 631  D=  -1 
 X=1023 X2=1009  Y= 982 Y2=1022 P1=1023 P2=   0 T1=1023 T2= 926  P= 631  D=  -1 
 X= 875 X2=1023  Y= 982 Y2=1022 P1=1023 P2=   0 T1=1022 T2= 919  P= 631  D=  -1 
 X= 933 X2=1016  Y= 980 Y2=1023 P1=1023 P2=   0 T1=1022 T2= 915  P= 631  D=  -1 
 X= 858 X2=1018  Y= 976 Y2=1023 P1=1023 P2=   0 T1=1023 T2= 931  P= 631  D=  -1 
 X=1019 X2=1015  Y= 984 Y2=1023 P1=1023 P2=   0 T1=1022 T2= 912  P= 631  D=  -1 
 X= 902 X2=1007  Y= 978 Y2=1022 P1=1023 P2=   0 T1=1023 T2= 913  P= 631  D=  -1 
 X=1023 X2=1011  Y= 974 Y2=1023 P1=1023 P2=   0 T1=1023 T2= 876  P= 631  D=  -1 
 X= 844 X2=1023  Y= 981 Y2=1022 P1=1023 P2=   0 T1=1023 T2= 918  P= 631  D=  -1 
 X= 903 X2=1023  Y= 986 Y2=1022 P1=1023 P2=   0 T1=1023 T2= 920  P= 631  D=  -1 
 X= 755 X2=1023  Y= 964 Y2=1022 P1=1023 P2=   0 T1=1023 T2= 896  P= 631  D=  -1 
 X= 778 X2=1023  Y= 958 Y2=1022 P1=1023 P2=   0 T1=1023 T2= 845  P= 631  D=  -1 
 X= 986 X2=1014  Y= 981 Y2=1022 P1=1023 P2=   0 T1=1023 T2= 919  P= 631  D=  -1 
 X= 935 X2=1015  Y= 956 Y2=1023 P1=1023 P2=   0 T1=1023 T2= 916  P= 631  D=  -1 
 X= 879 X2=1017  Y= 960 Y2=1022 P1=1023 P2=   0 T1=1023 T2= 889  P= 631  D=  -1 
 X= 948 X2=1023  Y= 958 Y2=1022 P1=1023 P2=   0 T1=1023 T2= 927  P= 631  D=  -1 
 X= 926 X2=1006  Y= 980 Y2=1022 P1=1023 P2=   0 T1=1023 T2= 915  P= 631  D=  -1 
 X= 807 X2=1023  Y= 977 Y2=1023 P1=1023 P2=   0 T1=1023 T2= 901  P= 631  D=  -1 
 X= 799 X2=1023  Y= 984 Y2=1022 P1=1023 P2=   0 T1=1023 T2= 909  P= 631  D=  -1 
 X= 938 X2=1019  Y= 965 Y2=1023 P1=1023 P2=   0 T1=1023 T2= 907  P= 631  D=  -1 
 X= 937 X2=1023  Y= 979 Y2=1020 P1=1023 P2=   0 T1=1023 T2= 921  P= 631  D=  -1 
 X= 869 X2=1023  Y= 985 Y2=1022 P1=1023 P2=   0 T1=1023 T2= 930  P= 631  D=  -1 
 X= 941 X2=1015  Y= 953 Y2=1022 P1=1023 P2=   0 T1=1023 T2= 922  P= 631  D=  -1 
 X= 863 X2=1017  Y= 979 Y2=1023 P1=1023 P2=   0 T1=1023 T2= 858  P= 631  D=  -1 
 X= 865 X2=1023  Y= 989 Y2=1022 P1=1023 P2=   0 T1=1023 T2= 906  P= 631  D=  -1 
 X= 934 X2=1022  Y= 980 Y2=1021 P1=1023 P2=   0 T1=1023 T2= 915  P= 631  D=  -1 
 X= 884 X2=1023  Y= 979 Y2=1022 P1=1023 P2=   0 T1=1023 T2= 925  P= 631  D=  -1 
 X= 784 X2=1023  Y= 978 Y2=1022 P1=1023 P2=   0 T1=1023 T2= 925  P= 631  D=  -1 
 X= 909 X2=1023  Y= 982 Y2=1023 P1=1023 P2=   0 T1=1023 T2= 857  P= 631  D=  -1 
 X= 943 X2=1016  Y= 976 Y2=1022 P1=1023 P2=   0 T1=1022 T2= 852  P= 631  D=  -1 
 X= 944 X2=1023  Y= 982 Y2=1022 P1=1023 P2=   0 T1=1022 T2= 917  P= 631  D=  -1 
 X= 939 X2= 999  Y= 983 Y2=1022 P1=1023 P2=   0 T1=1023 T2= 921  P= 631  D=  -1 
 X=1023 X2=1014  Y= 976 Y2=1023 P1=1023 P2=   0 T1=1023 T2= 920  P= 631  D=  -1 
 X= 962 X2=1017  Y= 978 Y2=1023 P1=1023 P2=   0 T1=1022 T2= 935  P= 631  D=  -1 
 X= 945 X2=1007  Y= 984 Y2=1023 P1=1023 P2=   0 T1=1023 T2= 878  P= 631  D=  -1 
 X= 975 X2=1018  Y= 966 Y2=1022 P1=1023 P2=   0 T1=1022 T2= 925  P= 631  D=  -1 
 X= 764 X2=1023  Y= 981 Y2=1021 P1=1023 P2=   0 T1=1023 T2= 855  P= 631  D=  -1 
 X= 746 X2=1023  Y= 961 Y2=1022 P1=1023 P2=   0 T1=1023 T2= 915  P= 631  D=  -1 
 X= 955 X2=1010  Y= 958 Y2=1022 P1=1023 P2=   0 T1=1023 T2= 915  P= 631  D=  -1 
 X= 883 X2=1017  Y= 977 Y2=1023 P1=1023 P2=   0 T1=1023 T2= 908  P= 631  D=  -1 
 X= 997 X2=1002  Y= 975 Y2=1023 P1=1023 P2=   0 T1=1022 T2= 902  P= 631  D=  -1 
 X= 904 X2=1010  Y= 979 Y2=1022 P1=1023 P2=   0 T1=1023 T2= 859  P= 631  D=  -1 
 X= 951 X2=1023  Y= 960 Y2=1021 P1=1023 P2=   0 T1=1023 T2= 883  P= 631  D=  -1 
 X= 922 X2=1021  Y= 986 Y2=1022 P1=1023 P2=   0 T1=1023 T2= 893  P= 631  D=  -1 
 X= 902 X2= 994  Y= 981 Y2=1022 P1=1023 P2=   0 T1=1023 T2= 928  P= 631  D=  -1 
 X= 910 X2=1023  Y= 982 Y2=1022 P1=1023 P2=   0 T1=1023 T2= 921  P= 631  D=  -1 
 X= 903 X2=1023  Y= 977 Y2=1022 P1=1023 P2=   0 T1=1022 T2= 919  P= 631  D=  -1 
 X= 857 X2=1019  Y= 983 Y2=1023 P1=1022 P2=   0 T1=1023 T2= 890  P= 631  D=  -1 
 X= 859 X2=1018  Y= 981 Y2=1023 P1=1023 P2=   0 T1=1022 T2= 916  P= 631  D=  -1 
 X= 881 X2=1019  Y= 984 Y2=1023 P1=1023 P2=   0 T1=1022 T2= 921  P= 631  D=  -1 
 X= 875 X2=1023  Y= 973 Y2=1022 P1=1023 P2=   0 T1=1023 T2= 909  P= 631  D=  -1 
 X= 906 X2=1023  Y= 980 Y2=1022 P1=1023 P2=   0 T1=1023 T2= 923  P= 631  D=  -1 
 X= 840 X2=1023  Y= 982 Y2=1022 P1=1023 P2=   0 T1=1023 T2= 837  P= 631  D=  -1 
 X= 901 X2= 996  Y= 983 Y2=1022 P1=1023 P2=   0 T1=1023 T2= 860  P= 631  D=  -1 
 X= 731 X2=1023  Y= 980 Y2=1022 P1=1023 P2=   0 T1=1023 T2= 911  P= 631  D=  -1 
 X= 806 X2=1023  Y= 967 Y2=1021 P1=1023 P2=   0 T1=1022 T2= 911  P= 631  D=  -1 
 X= 751 X2=1023  Y= 969 Y2=1021 P1=1023 P2=   0 T1=1023 T2= 874  P= 631  D=  -1 
 X= 968 X2=1004  Y= 980 Y2=1022 P1=1023 P2=   0 T1=1023 T2= 877  P= 631  D=  -1 
 X= 964 X2=1016  Y= 982 Y2=1023 P1=1023 P2=   0 T1=1022 T2= 912  P= 631  D=  -1 
 X= 913 X2=1023  Y= 984 Y2=1022 P1=1023 P2=   0 T1=1023 T2= 925  P= 631  D=  -1 
 X= 950 X2=1018  Y= 984 Y2=1022 P1=1023 P2=   0 T1=1023 T2= 882  P= 631  D=  -1 
 X= 825 X2=1023  Y= 981 Y2=1016 P1=1008 P2= 117 T1=1022 T2=  35  P= 631  D=  -1 
 X= 289 X2= 370  Y= 786 Y2= 786 P1= 961 P2=  98 T1=  73 T2=  49  P= 631  D=  -1 
 X= 273 X2= 274  Y= 726 Y2= 722 P1= 951 P2= 101 T1=  63 T2=  52  P= 631  D=  -1 
 X= 245 X2= 247  Y= 713 Y2= 709 P1= 903 P2= 170 T1=  37 T2=  31  P= 631  D=  -1 
 X= 243 X2= 246  Y= 711 Y2= 708 P1= 900 P2= 168 T1=  33 T2=  34  P= 631  D=  -1 
 X= 250 X2= 252  Y= 715 Y2= 711 P1= 908 P2= 157 T1=  39 T2=  36  P= 631  D=  -1 
 X= 242 X2= 244  Y= 712 Y2= 707 P1= 896 P2= 175 T1=  33 T2=  31  P= 631  D=  -1 
 X= 241 X2= 242  Y= 710 Y2= 706 P1= 895 P2= 174 T1=  31 T2=  31  P= 998  D=  -1 
 X= 248 X2= 244  Y= 711 Y2= 707 P1= 896 P2= 174 T1=  31 T2=  32  P= 998  D=  -1 
 X= 243 X2= 244  Y= 711 Y2= 706 P1= 898 P2= 172 T1=  32 T2=  33  P= 998  D=  -1 
 X= 241 X2= 244  Y= 711 Y2= 707 P1= 895 P2= 176 T1=  33 T2=  32  P= 998  D=  -1 
 X= 241 X2= 242  Y= 710 Y2= 706 P1= 893 P2= 178 T1=  30 T2=  31  P= 967  D=  -1 * 0
 X= 240 X2= 242  Y= 711 Y2= 706 P1= 893 P2= 180 T1=  31 T2=  31  P= 954  D=  -1 
 X= 239 X2= 242  Y= 710 Y2= 706 P1= 891 P2= 181 T1=  29 T2=  31  P= 941  D=  -1 * 0
 X= 239 X2= 242  Y= 710 Y2= 706 P1= 891 P2= 182 T1=  30 T2=  30  P= 934  D=  -1 * 0
 X= 239 X2= 242  Y= 709 Y2= 706 P1= 891 P2= 182 T1=  30 T2=  30  P= 934  D=  -1 * 0
 X= 239 X2= 242  Y= 709 Y2= 705 P1= 891 P2= 182 T1=  30 T2=  30  P= 934  D=  -1 * 1
 X= 239 X2= 241  Y= 709 Y2= 705 P1= 890 P2= 184 T1=  30 T2=  29  P= 920  D=  -1 * 2
 X= 239 X2= 241  Y= 709 Y2= 705 P1= 889 P2= 184 T1=  30 T2=  30  P= 919  D=  -1 * 3
 X= 239 X2= 241  Y= 709 Y2= 705 P1= 888 P2= 186 T1=  29 T2=  29  P= 905  D=  -1 * 4
 X= 237 X2= 239  Y= 710 Y2= 705 P1= 887 P2= 188 T1=  29 T2=  29  P= 884  D=  -1 * 5
 X= 239 X2= 241  Y= 710 Y2= 705 P1= 891 P2= 181 T1=  30 T2=  30  P= 941  D=  -1 * 6
 X= 238 X2= 242  Y= 709 Y2= 705 P1= 889 P2= 184 T1=  29 T2=  30  P= 919  D=  -1 * 7
 X= 238 X2= 240  Y= 709 Y2= 705 P1= 887 P2= 188 T1=  30 T2=  29  P= 888  D=  -1 * 8
 X= 239 X2= 240  Y= 709 Y2= 705 P1= 887 P2= 189 T1=  29 T2=  29  P= 882  D=  -1 * 9
 X= 238 X2= 241  Y= 709 Y2= 705 P1= 887 P2= 188 T1=  29 T2=  29  P= 888  D=  -1 * 10
 X= 239 X2= 240  Y= 709 Y2= 705 P1= 886 P2= 189 T1=  29 T2=  29  P= 881  D=  -1 * 11
 X= 238 X2= 241  Y= 709 Y2= 705 P1= 886 P2= 189 T1=  29 T2=  30  P= 881  D=  -1 * 12
 X= 239 X2= 240  Y= 709 Y2= 705 P1= 886 P2= 188 T1=  29 T2=  29  P= 887  D=  -1 * 13
 X= 239 X2= 241  Y= 709 Y2= 705 P1= 886 P2= 188 T1=  29 T2=  29  P= 890  D=  -1 * 14
 X= 238 X2= 241  Y= 709 Y2= 706 P1= 885 P2= 188 T1=  29 T2=  29  P= 885  D=  -1 * 15
 X= 238 X2= 241  Y= 710 Y2= 705 P1= 887 P2= 187 T1=  29 T2=  29  P= 894  D=  -1 * 16
 X= 239 X2= 240  Y= 709 Y2= 703 P1= 886 P2= 189 T1=  29 T2=  29  P= 881  D=  -1 * 17
 X= 239 X2= 237  Y= 709 Y2= 705 P1= 886 P2= 189 T1=  28 T2=  29  P= 877  D=  -1 * 18
 X= 239 X2= 240  Y= 709 Y2= 705 P1= 886 P2= 189 T1=  29 T2=  29  P= 881  D=  -1 * 19
 X= 239 X2= 241  Y= 709 Y2= 705 P1= 886 P2= 188 T1=  29 T2=  29  P= 890  D=  -1 * 20
 X= 238 X2= 241  Y= 709 Y2= 705 P1= 886 P2= 189 T1=  29 T2=  29  P= 881  D=  -1 * 21
 X= 238 X2= 241  Y= 709 Y2= 705 P1= 887 P2= 189 T1=  29 T2=  29  P= 882  D=  -1 * 22
 X= 238 X2= 240  Y= 709 Y2= 705 P1= 886 P2= 189 T1=  29 T2=  29  P= 881  D=  -1 * 23
 X= 238 X2= 239  Y= 709 Y2= 705 P1= 886 P2= 189 T1=  30 T2=  29  P= 877  D=  -1 * 24
Remove Pin
 X= 237 X2= 240  Y= 709 Y2= 705 P1= 886 P2= 189 T1=  29 T2=  30  P= 877  D=  -1 * 24
 X= 238 X2= 240  Y= 709 Y2= 705 P1= 886 P2= 189 T1=  29 T2=  29  P= 881  D=  -1 * 24
 X= 238 X2= 241  Y= 709 Y2= 704 P1= 886 P2= 189 T1=  28 T2=  29  P= 881  D=  -1 * 24
 X= 238 X2= 241  Y= 709 Y2= 704 P1= 886 P2= 189 T1=  29 T2=  29  P= 881  D=  -1 * 24
 X= 240 X2= 243  Y= 710 Y2= 707 P1= 903 P2= 173 T1=  30 T2=  31  P=1016  D=  -1 * 24
 X= 894 X2=1023  Y= 979 Y2=1022 P1=1023 P2=   0 T1=1023 T2= 911  P=1016  D=  -1 
 X= 936 X2= 988  Y= 967 Y2=1022 P1=1023 P2=   0 T1=1023 T2= 909  P=1016  D=  -1 
 X= 905 X2=1018  Y= 984 Y2=1022 P1=1023 P2=   0 T1=1023 T2= 920  P=1016  D=  -1 
Target Noise  x= 2.50 y= 2.50
X[0]: Target= 23   235/ 237/ 238 Stdev= 0.80 N= 24  Y[0]: Target= 22   342/ 342/ 344 Stdev= 0.56 N= 24
X[1]: Target=456   815/ 816/ 819 Stdev= 0.85 N= 24  Y[1]: Target= 22   339/ 340/ 341 Stdev= 0.46 N= 24
X[2]: Target=456   815/ 816/ 817 Stdev= 0.57 N= 24  Y[2]: Target=249   702/ 704/ 706 Stdev= 0.96 N= 24
X[3]: Target= 23   238/ 239/ 240 Stdev= 0.60 N= 24  Y[3]: Target=249   706/ 707/ 707 Stdev= 0.20 N= 24
N=24 Avg=25
min: 24 24 25 25 25 25 
max: 27 27 27 26 26 26 
N=24 Avg=14
min: 14 14 15 15 15 15 
max: 15 15 15 15 15 15 
N=24 Avg=17
min: 16 16 16 16 16 16 
max: 21 20 19 18 18 18 
N=24 Avg=29
min: 28 29 29 29 29 29 
max: 30 30 30 30 29 29 
Using TNT center offset = 22
TNT Plane Coef: a=-1244 b=  548 c= 369090
At  236, 342: Real=  26 Fit=  26 Offset=   4
At  815, 340: Real=  15 Fit=  16 Offset=  -6
At  816, 703: Real=  18 Fit=  19 Offset=  -3
At  239, 706: Real=  29 Fit=  29 Offset=   7
Fit Corners: 30, 12, 15, 34  Center: 22
Setting for min_tnt_up:   523
Setting for max_tnt_down: 27 (V2:40)
Entering calib_pressure_mfg
Using default pressure curve
468 471 487 495 509 524 553 575 612 
Summary:
Setting for max_tnt_down:      27
3.7 setting for max_tnt_down:     -1
Setting for min_tnt_up:       523
Setting for max_delta_tnt:      5
3.8 setting for max_delta_tnt:     -1
Setting for delay_in_us:        1
Setting for y_delay_in_us:      1
Setting for tnt_delay_in_us:    1
Setting for pressure_curve:  468 471 487 495 509 524 553 575 612
Setting for tnt_mode:           1
Setting for averaging:         -1
Setting for pointercal:      49009 -403 -9920683 141 40868 -12568658 65536
Setting for tnt_plane:       -1244 548 369090
