This file contains any messages produced by compilers while
running configure, to aid debugging if configure makes a mistake.

It was created by configure, which was
generated by GNU Autoconf 2.63.  Invocation command line was

  $ ./configure --disable-option-checking --prefix=/vol/hdd0/Shared/Git/leapbunny/target/rootfs/usr --host=arm-linux --target=arm-linux --enable-shared host_alias=arm-linux target_alias=arm-linux CFLAGS=-I/vol/hdd0/Shared/Git/leapbunny/packages/libiconv/libiconv-1.13.1/ -O3 -fPIC -mcpu=arm926ej-s LDFLAGS=-L/vol/hdd0/Shared/Git/leapbunny/packages/libiconv/libiconv-1.13.1/ --cache-file=/dev/null --srcdir=.

## --------- ##
## Platform. ##
## --------- ##

hostname = starlight
uname -m = x86_64
uname -r = 4.19.0-14-amd64
uname -s = Linux
uname -v = #1 SMP Debian 4.19.171-2 (2021-01-30)

/usr/bin/uname -p = unknown
/bin/uname -X     = unknown

/bin/arch              = x86_64
/usr/bin/arch -k       = unknown
/usr/convex/getsysinfo = unknown
/usr/bin/hostinfo      = unknown
/bin/machine           = unknown
/usr/bin/oslevel       = unknown
/bin/universe          = unknown

PATH: /opt/RidgeRun/arm-eabi-uclibc/bin/
PATH: /usr/local/bin
PATH: /usr/bin
PATH: /bin
PATH: /usr/local/games
PATH: /usr/games


## ----------- ##
## Core tests. ##
## ----------- ##

configure:2003: checking whether make sets $(MAKE)
configure:2025: result: yes
configure:2046: checking for arm-linux-gcc
configure:2062: found /opt/RidgeRun/arm-eabi-uclibc/bin//arm-linux-gcc
configure:2073: result: arm-linux-gcc
configure:2345: checking for C compiler version
configure:2353: arm-linux-gcc --version >&5
arm-linux-gcc (GCC) 4.1.1
Copyright (C) 2006 Free Software Foundation, Inc.
This is free software; see the source for copying conditions.  There is NO
warranty; not even for MERCHANTABILITY or FITNESS FOR A PARTICULAR PURPOSE.

configure:2357: $? = 0
configure:2364: arm-linux-gcc -v >&5
Using built-in specs.
Target: arm-linux-uclibcgnueabi
Configured with: /tmp/toolchain_src/arm-eabi-uclibc-buildroot/buildroot/toolchain_build_arm_nofpu/gcc-4.1.1/configure --prefix=/opt/RidgeRun/arm-eabi-uclibc --build=i386-pc-linux-gnu --host=i386-pc-linux-gnu --target=arm-linux-uclibcgnueabi --enable-languages=c,c++ --enable-shared --disable-long-long --disable-checking --disable-libstdcxx-pch --enable-cxx-flags=-D_ISOC99_SOURCE -D_BSD_SOURCE --enable-__cxa_atexit --enable-target-optspace --with-gnu-ld --disable-nls --enable-threads --enable-multilib --with-float=soft
Thread model: posix
gcc version 4.1.1
configure:2368: $? = 0
configure:2375: arm-linux-gcc -V >&5
arm-linux-gcc: '-V' option must have argument
configure:2379: $? = 1
configure:2402: checking for C compiler default output file name
configure:2424: arm-linux-gcc -I/vol/hdd0/Shared/Git/leapbunny/packages/libiconv/libiconv-1.13.1/ -O3 -fPIC -mcpu=arm926ej-s  -L/vol/hdd0/Shared/Git/leapbunny/packages/libiconv/libiconv-1.13.1/ conftest.c  >&5
configure:2428: $? = 0
configure:2466: result: a.out
configure:2485: checking whether the C compiler works
configure:2495: ./a.out
./configure: line 2497: ./a.out: cannot execute binary file: Exec format error
configure:2499: $? = 126
configure:2518: result: yes
configure:2525: checking whether we are cross compiling
configure:2527: result: yes
configure:2530: checking for suffix of executables
configure:2537: arm-linux-gcc -o conftest -I/vol/hdd0/Shared/Git/leapbunny/packages/libiconv/libiconv-1.13.1/ -O3 -fPIC -mcpu=arm926ej-s  -L/vol/hdd0/Shared/Git/leapbunny/packages/libiconv/libiconv-1.13.1/ conftest.c  >&5
configure:2541: $? = 0
configure:2567: result: 
configure:2573: checking for suffix of object files
configure:2599: arm-linux-gcc -c -I/vol/hdd0/Shared/Git/leapbunny/packages/libiconv/libiconv-1.13.1/ -O3 -fPIC -mcpu=arm926ej-s  conftest.c >&5
configure:2603: $? = 0
configure:2628: result: o
configure:2632: checking whether we are using the GNU C compiler
configure:2661: arm-linux-gcc -c -I/vol/hdd0/Shared/Git/leapbunny/packages/libiconv/libiconv-1.13.1/ -O3 -fPIC -mcpu=arm926ej-s  conftest.c >&5
configure:2668: $? = 0
configure:2685: result: yes
configure:2694: checking whether arm-linux-gcc accepts -g
configure:2724: arm-linux-gcc -c -g  conftest.c >&5
configure:2731: $? = 0
configure:2832: result: yes
configure:2849: checking for arm-linux-gcc option to accept ISO C89
configure:2923: arm-linux-gcc  -c -I/vol/hdd0/Shared/Git/leapbunny/packages/libiconv/libiconv-1.13.1/ -O3 -fPIC -mcpu=arm926ej-s  conftest.c >&5
configure:2930: $? = 0
configure:2953: result: none needed
configure:2976: checking how to run the C preprocessor
configure:3016: arm-linux-gcc -E  conftest.c
configure:3023: $? = 0
configure:3054: arm-linux-gcc -E  conftest.c
conftest.c:8:28: error: ac_nonexistent.h: No such file or directory
configure:3061: $? = 1
configure: failed program was:
| /* confdefs.h.  */
| #define PACKAGE_NAME ""
| #define PACKAGE_TARNAME ""
| #define PACKAGE_VERSION ""
| #define PACKAGE_STRING ""
| #define PACKAGE_BUGREPORT ""
| /* end confdefs.h.  */
| #include <ac_nonexistent.h>
configure:3094: result: arm-linux-gcc -E
configure:3123: arm-linux-gcc -E  conftest.c
configure:3130: $? = 0
configure:3161: arm-linux-gcc -E  conftest.c
conftest.c:8:28: error: ac_nonexistent.h: No such file or directory
configure:3168: $? = 1
configure: failed program was:
| /* confdefs.h.  */
| #define PACKAGE_NAME ""
| #define PACKAGE_TARNAME ""
| #define PACKAGE_VERSION ""
| #define PACKAGE_STRING ""
| #define PACKAGE_BUGREPORT ""
| /* end confdefs.h.  */
| #include <ac_nonexistent.h>
configure:3221: checking for a BSD-compatible install
configure:3289: result: /usr/bin/install -c
configure:3308: checking build system type
configure:3326: result: x86_64-unknown-linux-gnu
configure:3348: checking host system type
configure:3363: result: arm-unknown-linux-gnu
configure:3388: checking whether to activate relocatable installation
configure:3403: result: no
configure:3442: checking for grep that handles long lines and -e
configure:3502: result: /usr/bin/grep
configure:3507: checking for egrep
configure:3571: result: /usr/bin/grep -E
configure:3576: checking for ANSI C header files
configure:3606: arm-linux-gcc -c -I/vol/hdd0/Shared/Git/leapbunny/packages/libiconv/libiconv-1.13.1/ -O3 -fPIC -mcpu=arm926ej-s  conftest.c >&5
configure:3613: $? = 0
configure:3744: result: yes
configure:3768: checking for sys/types.h
configure:3789: arm-linux-gcc -c -I/vol/hdd0/Shared/Git/leapbunny/packages/libiconv/libiconv-1.13.1/ -O3 -fPIC -mcpu=arm926ej-s  conftest.c >&5
configure:3796: $? = 0
configure:3813: result: yes
configure:3768: checking for sys/stat.h
configure:3789: arm-linux-gcc -c -I/vol/hdd0/Shared/Git/leapbunny/packages/libiconv/libiconv-1.13.1/ -O3 -fPIC -mcpu=arm926ej-s  conftest.c >&5
configure:3796: $? = 0
configure:3813: result: yes
configure:3768: checking for stdlib.h
configure:3789: arm-linux-gcc -c -I/vol/hdd0/Shared/Git/leapbunny/packages/libiconv/libiconv-1.13.1/ -O3 -fPIC -mcpu=arm926ej-s  conftest.c >&5
configure:3796: $? = 0
configure:3813: result: yes
configure:3768: checking for string.h
configure:3789: arm-linux-gcc -c -I/vol/hdd0/Shared/Git/leapbunny/packages/libiconv/libiconv-1.13.1/ -O3 -fPIC -mcpu=arm926ej-s  conftest.c >&5
configure:3796: $? = 0
configure:3813: result: yes
configure:3768: checking for memory.h
configure:3789: arm-linux-gcc -c -I/vol/hdd0/Shared/Git/leapbunny/packages/libiconv/libiconv-1.13.1/ -O3 -fPIC -mcpu=arm926ej-s  conftest.c >&5
configure:3796: $? = 0
configure:3813: result: yes
configure:3768: checking for strings.h
configure:3789: arm-linux-gcc -c -I/vol/hdd0/Shared/Git/leapbunny/packages/libiconv/libiconv-1.13.1/ -O3 -fPIC -mcpu=arm926ej-s  conftest.c >&5
configure:3796: $? = 0
configure:3813: result: yes
configure:3768: checking for inttypes.h
configure:3789: arm-linux-gcc -c -I/vol/hdd0/Shared/Git/leapbunny/packages/libiconv/libiconv-1.13.1/ -O3 -fPIC -mcpu=arm926ej-s  conftest.c >&5
configure:3796: $? = 0
configure:3813: result: yes
configure:3768: checking for stdint.h
configure:3789: arm-linux-gcc -c -I/vol/hdd0/Shared/Git/leapbunny/packages/libiconv/libiconv-1.13.1/ -O3 -fPIC -mcpu=arm926ej-s  conftest.c >&5
configure:3796: $? = 0
configure:3813: result: yes
configure:3768: checking for unistd.h
configure:3789: arm-linux-gcc -c -I/vol/hdd0/Shared/Git/leapbunny/packages/libiconv/libiconv-1.13.1/ -O3 -fPIC -mcpu=arm926ej-s  conftest.c >&5
configure:3796: $? = 0
configure:3813: result: yes
configure:3838: checking minix/config.h usability
configure:3855: arm-linux-gcc -c -I/vol/hdd0/Shared/Git/leapbunny/packages/libiconv/libiconv-1.13.1/ -O3 -fPIC -mcpu=arm926ej-s  conftest.c >&5
conftest.c:52:26: error: minix/config.h: No such file or directory
configure:3862: $? = 1
configure: failed program was:
| /* confdefs.h.  */
| #define PACKAGE_NAME ""
| #define PACKAGE_TARNAME ""
| #define PACKAGE_VERSION ""
| #define PACKAGE_STRING ""
| #define PACKAGE_BUGREPORT ""
| #define INSTALLPREFIX "/vol/hdd0/Shared/Git/leapbunny/target/rootfs/usr"
| #define STDC_HEADERS 1
| #define HAVE_SYS_TYPES_H 1
| #define HAVE_SYS_STAT_H 1
| #define HAVE_STDLIB_H 1
| #define HAVE_STRING_H 1
| #define HAVE_MEMORY_H 1
| #define HAVE_STRINGS_H 1
| #define HAVE_INTTYPES_H 1
| #define HAVE_STDINT_H 1
| #define HAVE_UNISTD_H 1
| /* end confdefs.h.  */
| #include <stdio.h>
| #ifdef HAVE_SYS_TYPES_H
| # include <sys/types.h>
| #endif
| #ifdef HAVE_SYS_STAT_H
| # include <sys/stat.h>
| #endif
| #ifdef STDC_HEADERS
| # include <stdlib.h>
| # include <stddef.h>
| #else
| # ifdef HAVE_STDLIB_H
| #  include <stdlib.h>
| # endif
| #endif
| #ifdef HAVE_STRING_H
| # if !defined STDC_HEADERS && defined HAVE_MEMORY_H
| #  include <memory.h>
| # endif
| # include <string.h>
| #endif
| #ifdef HAVE_STRINGS_H
| # include <strings.h>
| #endif
| #ifdef HAVE_INTTYPES_H
| # include <inttypes.h>
| #endif
| #ifdef HAVE_STDINT_H
| # include <stdint.h>
| #endif
| #ifdef HAVE_UNISTD_H
| # include <unistd.h>
| #endif
| #include <minix/config.h>
configure:3876: result: no
configure:3880: checking minix/config.h presence
configure:3895: arm-linux-gcc -E  conftest.c
conftest.c:19:26: error: minix/config.h: No such file or directory
configure:3902: $? = 1
configure: failed program was:
| /* confdefs.h.  */
| #define PACKAGE_NAME ""
| #define PACKAGE_TARNAME ""
| #define PACKAGE_VERSION ""
| #define PACKAGE_STRING ""
| #define PACKAGE_BUGREPORT ""
| #define INSTALLPREFIX "/vol/hdd0/Shared/Git/leapbunny/target/rootfs/usr"
| #define STDC_HEADERS 1
| #define HAVE_SYS_TYPES_H 1
| #define HAVE_SYS_STAT_H 1
| #define HAVE_STDLIB_H 1
| #define HAVE_STRING_H 1
| #define HAVE_MEMORY_H 1
| #define HAVE_STRINGS_H 1
| #define HAVE_INTTYPES_H 1
| #define HAVE_STDINT_H 1
| #define HAVE_UNISTD_H 1
| /* end confdefs.h.  */
| #include <minix/config.h>
configure:3916: result: no
configure:3944: checking for minix/config.h
configure:3951: result: no
configure:3982: checking whether it is safe to define __EXTENSIONS__
configure:4010: arm-linux-gcc -c -I/vol/hdd0/Shared/Git/leapbunny/packages/libiconv/libiconv-1.13.1/ -O3 -fPIC -mcpu=arm926ej-s  conftest.c >&5
configure:4017: $? = 0
configure:4032: result: yes
configure:4087: checking for a sed that does not truncate output
configure:4153: result: /usr/bin/sed
configure:4171: checking for fgrep
configure:4235: result: /usr/bin/grep -F
configure:4270: checking for ld used by arm-linux-gcc
configure:4337: result: /opt/RidgeRun/arm-eabi-uclibc/arm-linux-uclibcgnueabi/bin/ld
configure:4346: checking if the linker (/opt/RidgeRun/arm-eabi-uclibc/arm-linux-uclibcgnueabi/bin/ld) is GNU ld
configure:4361: result: yes
configure:4373: checking for BSD- or MS-compatible name lister (nm)
configure:4422: result: /opt/RidgeRun/arm-eabi-uclibc/bin//arm-linux-nm -B
configure:4540: checking the name lister (/opt/RidgeRun/arm-eabi-uclibc/bin//arm-linux-nm -B) interface
configure:4557: arm-linux-gcc -c -I/vol/hdd0/Shared/Git/leapbunny/packages/libiconv/libiconv-1.13.1/ -O3 -fPIC -mcpu=arm926ej-s  conftest.c >&5
configure:4560: /opt/RidgeRun/arm-eabi-uclibc/bin//arm-linux-nm -B "conftest.o"
configure:4563: output
00000000 B some_variable
configure:4554: result: BSD nm
configure:4557: checking whether ln -s works
configure:4561: result: yes
configure:4569: checking the maximum length of command line arguments
configure:4689: result: 1572864
configure:4706: checking whether the shell understands some XSI constructs
configure:4715: result: yes
configure:4719: checking whether the shell understands "+="
configure:4723: result: yes
configure:4758: checking for /opt/RidgeRun/arm-eabi-uclibc/arm-linux-uclibcgnueabi/bin/ld option to reload object files
configure:4765: result: -r
configure:4794: checking for arm-linux-objdump
configure:4810: found /opt/RidgeRun/arm-eabi-uclibc/bin//arm-linux-objdump
configure:4821: result: arm-linux-objdump
configure:4890: checking how to recognize dependent libraries
configure:5086: result: pass_all
configure:5106: checking for arm-linux-ar
configure:5122: found /opt/RidgeRun/arm-eabi-uclibc/bin//arm-linux-ar
configure:5133: result: arm-linux-ar
configure:5211: checking for arm-linux-strip
configure:5227: found /opt/RidgeRun/arm-eabi-uclibc/bin//arm-linux-strip
configure:5238: result: arm-linux-strip
configure:5310: checking for arm-linux-ranlib
configure:5326: found /opt/RidgeRun/arm-eabi-uclibc/bin//arm-linux-ranlib
configure:5337: result: arm-linux-ranlib
configure:5467: checking command to parse /opt/RidgeRun/arm-eabi-uclibc/bin//arm-linux-nm -B output from arm-linux-gcc object
configure:5585: arm-linux-gcc -c -I/vol/hdd0/Shared/Git/leapbunny/packages/libiconv/libiconv-1.13.1/ -O3 -fPIC -mcpu=arm926ej-s  conftest.c >&5
configure:5588: $? = 0
configure:5592: /opt/RidgeRun/arm-eabi-uclibc/bin//arm-linux-nm -B conftest.o \| sed -n -e 's/^.*[	 ]\([ABCDGIRSTW][ABCDGIRSTW]*\)[	 ][	 ]*\([_A-Za-z][_A-Za-z0-9]*\)$/\1 \2 \2/p' \> conftest.nm
configure:5595: $? = 0
configure:5649: arm-linux-gcc -o conftest -I/vol/hdd0/Shared/Git/leapbunny/packages/libiconv/libiconv-1.13.1/ -O3 -fPIC -mcpu=arm926ej-s  -L/vol/hdd0/Shared/Git/leapbunny/packages/libiconv/libiconv-1.13.1/ conftest.c conftstm.o >&5
configure:5652: $? = 0
configure:5690: result: ok
configure:6555: checking for dlfcn.h
configure:6576: arm-linux-gcc -c -I/vol/hdd0/Shared/Git/leapbunny/packages/libiconv/libiconv-1.13.1/ -O3 -fPIC -mcpu=arm926ej-s  conftest.c >&5
configure:6583: $? = 0
configure:6600: result: yes
configure:7084: checking for objdir
configure:7099: result: .libs
configure:7395: checking if arm-linux-gcc supports -fno-rtti -fno-exceptions
configure:7432: arm-linux-gcc -c -I/vol/hdd0/Shared/Git/leapbunny/packages/libiconv/libiconv-1.13.1/ -O3 -fPIC -mcpu=arm926ej-s  -fno-rtti -fno-exceptions conftest.c >&5
cc1: warning: command line option "-fno-rtti" is valid for C++/ObjC++ but not for C
configure:7436: $? = 0
configure:7430: result: no
configure:7450: checking for arm-linux-gcc option to produce PIC
configure:7722: result: -fPIC -DPIC
configure:7734: checking if arm-linux-gcc PIC flag -fPIC -DPIC works
configure:7771: arm-linux-gcc -c -I/vol/hdd0/Shared/Git/leapbunny/packages/libiconv/libiconv-1.13.1/ -O3 -fPIC -mcpu=arm926ej-s  -fPIC -DPIC -DPIC conftest.c >&5
configure:7775: $? = 0
configure:7769: result: yes
configure:7793: checking if arm-linux-gcc static flag -static works
configure:7821: result: yes
configure:7836: checking if arm-linux-gcc supports -c -o file.o
configure:7876: arm-linux-gcc -c -I/vol/hdd0/Shared/Git/leapbunny/packages/libiconv/libiconv-1.13.1/ -O3 -fPIC -mcpu=arm926ej-s  -o out/conftest2.o conftest.c >&5
configure:7880: $? = 0
configure:7883: result: yes
configure:7891: checking if arm-linux-gcc supports -c -o file.o
configure:7938: result: yes
configure:7971: checking whether the arm-linux-gcc linker (/opt/RidgeRun/arm-eabi-uclibc/arm-linux-uclibcgnueabi/bin/ld) supports shared libraries
configure:9045: result: yes
configure:9082: checking whether -lc should be explicitly linked in
configure:9087: arm-linux-gcc -c -I/vol/hdd0/Shared/Git/leapbunny/packages/libiconv/libiconv-1.13.1/ -O3 -fPIC -mcpu=arm926ej-s  conftest.c >&5
configure:9090: $? = 0
configure:9105: arm-linux-gcc -shared conftest.o  -v -Wl,-soname -Wl,conftest -o conftest 2\>\&1 \| /usr/bin/grep  -lc  \>/dev/null 2\>\&1
configure:9108: $? = 0
configure:9120: result: no
configure:9284: checking dynamic linker characteristics
configure:9727: arm-linux-gcc -o conftest -I/vol/hdd0/Shared/Git/leapbunny/packages/libiconv/libiconv-1.13.1/ -O3 -fPIC -mcpu=arm926ej-s  -L/vol/hdd0/Shared/Git/leapbunny/packages/libiconv/libiconv-1.13.1/ -Wl,-rpath -Wl,/foo conftest.c  >&5
configure:9734: $? = 0
configure:9967: result: GNU/Linux ld.so
configure:10069: checking how to hardcode library paths into programs
configure:10094: result: immediate
configure:10927: checking whether stripping libraries is possible
configure:10932: result: yes
configure:10967: checking if libtool supports shared libraries
configure:10969: result: yes
configure:10972: checking whether to build shared libraries
configure:10993: result: yes
configure:10996: checking whether to build static libraries
configure:11000: result: yes
configure:7892: checking for simple visibility declarations
configure:7924: arm-linux-gcc -c -I/vol/hdd0/Shared/Git/leapbunny/packages/libiconv/libiconv-1.13.1/ -O3 -fPIC -mcpu=arm926ej-s -fvisibility=hidden  conftest.c >&5
configure:7931: $? = 0
configure:7948: result: yes
configure:7966: checking for nl_langinfo and CODESET
configure:7992: arm-linux-gcc -o conftest -I/vol/hdd0/Shared/Git/leapbunny/packages/libiconv/libiconv-1.13.1/ -O3 -fPIC -mcpu=arm926ej-s  -L/vol/hdd0/Shared/Git/leapbunny/packages/libiconv/libiconv-1.13.1/ conftest.c  >&5
configure:7999: $? = 0
configure:8020: result: yes
configure:8031: checking whether we are using the GNU C Library 2.1 or newer
configure:8062: result: yes
configure:8072: checking for setlocale
configure:8128: arm-linux-gcc -o conftest -I/vol/hdd0/Shared/Git/leapbunny/packages/libiconv/libiconv-1.13.1/ -O3 -fPIC -mcpu=arm926ej-s  -L/vol/hdd0/Shared/Git/leapbunny/packages/libiconv/libiconv-1.13.1/ conftest.c  >&5
configure:8135: $? = 0
configure:8157: result: yes
configure:8272: creating ./config.status

## ---------------------- ##
## Running config.status. ##
## ---------------------- ##

This file was extended by config.status, which was
generated by GNU Autoconf 2.63.  Invocation command line was

  CONFIG_FILES    = 
  CONFIG_HEADERS  = 
  CONFIG_LINKS    = 
  CONFIG_COMMANDS = 
  $ ./config.status 

on starlight

config.status:966: creating Makefile
config.status:966: creating lib/Makefile
config.status:966: creating include/localcharset.h
config.status:966: creating include/localcharset.h.inst
config.status:966: creating config.h
config.status:1182: config.h is unchanged
config.status:1200: executing libtool commands

## ---------------- ##
## Cache variables. ##
## ---------------- ##

ac_cv_build=x86_64-unknown-linux-gnu
ac_cv_c_compiler_gnu=yes
ac_cv_env_CC_set=
ac_cv_env_CC_value=
ac_cv_env_CFLAGS_set=set
ac_cv_env_CFLAGS_value='-I/vol/hdd0/Shared/Git/leapbunny/packages/libiconv/libiconv-1.13.1/ -O3 -fPIC -mcpu=arm926ej-s'
ac_cv_env_CPPFLAGS_set=
ac_cv_env_CPPFLAGS_value=
ac_cv_env_CPP_set=
ac_cv_env_CPP_value=
ac_cv_env_LDFLAGS_set=set
ac_cv_env_LDFLAGS_value=-L/vol/hdd0/Shared/Git/leapbunny/packages/libiconv/libiconv-1.13.1/
ac_cv_env_LIBS_set=
ac_cv_env_LIBS_value=
ac_cv_env_build_alias_set=
ac_cv_env_build_alias_value=
ac_cv_env_host_alias_set=set
ac_cv_env_host_alias_value=arm-linux
ac_cv_env_target_alias_set=set
ac_cv_env_target_alias_value=arm-linux
ac_cv_func_setlocale=yes
ac_cv_gnu_library_2_1=yes
ac_cv_header_dlfcn_h=yes
ac_cv_header_inttypes_h=yes
ac_cv_header_memory_h=yes
ac_cv_header_minix_config_h=no
ac_cv_header_stdc=yes
ac_cv_header_stdint_h=yes
ac_cv_header_stdlib_h=yes
ac_cv_header_string_h=yes
ac_cv_header_strings_h=yes
ac_cv_header_sys_stat_h=yes
ac_cv_header_sys_types_h=yes
ac_cv_header_unistd_h=yes
ac_cv_host=arm-unknown-linux-gnu
ac_cv_objext=o
ac_cv_path_EGREP='/usr/bin/grep -E'
ac_cv_path_FGREP='/usr/bin/grep -F'
ac_cv_path_GREP=/usr/bin/grep
ac_cv_path_SED=/usr/bin/sed
ac_cv_path_install='/usr/bin/install -c'
ac_cv_prog_AR=arm-linux-ar
ac_cv_prog_CC=arm-linux-gcc
ac_cv_prog_CPP='arm-linux-gcc -E'
ac_cv_prog_OBJDUMP=arm-linux-objdump
ac_cv_prog_RANLIB=arm-linux-ranlib
ac_cv_prog_STRIP=arm-linux-strip
ac_cv_prog_cc_c89=
ac_cv_prog_cc_g=yes
ac_cv_prog_make_make_set=yes
ac_cv_safe_to_define___extensions__=yes
am_cv_langinfo_codeset=yes
gl_cv_cc_visibility=yes
lt_cv_deplibs_check_method=pass_all
lt_cv_file_magic_cmd='$MAGIC_CMD'
lt_cv_file_magic_test_file=
lt_cv_ld_reload_flag=-r
lt_cv_nm_interface='BSD nm'
lt_cv_objdir=.libs
lt_cv_path_LD=/opt/RidgeRun/arm-eabi-uclibc/arm-linux-uclibcgnueabi/bin/ld
lt_cv_path_NM='/opt/RidgeRun/arm-eabi-uclibc/bin//arm-linux-nm -B'
lt_cv_prog_compiler_c_o=yes
lt_cv_prog_compiler_pic_works=yes
lt_cv_prog_compiler_rtti_exceptions=no
lt_cv_prog_compiler_static_works=yes
lt_cv_prog_gnu_ld=yes
lt_cv_sys_global_symbol_pipe='sed -n -e '\''s/^.*[	 ]\([ABCDGIRSTW][ABCDGIRSTW]*\)[	 ][	 ]*\([_A-Za-z][_A-Za-z0-9]*\)$/\1 \2 \2/p'\'''
lt_cv_sys_global_symbol_to_c_name_address='sed -n -e '\''s/^: \([^ ]*\) $/  {\"\1\", (void *) 0},/p'\'' -e '\''s/^[ABCDGIRSTW]* \([^ ]*\) \([^ ]*\)$/  {"\2", (void *) \&\2},/p'\'''
lt_cv_sys_global_symbol_to_c_name_address_lib_prefix='sed -n -e '\''s/^: \([^ ]*\) $/  {\"\1\", (void *) 0},/p'\'' -e '\''s/^[ABCDGIRSTW]* \([^ ]*\) \(lib[^ ]*\)$/  {"\2", (void *) \&\2},/p'\'' -e '\''s/^[ABCDGIRSTW]* \([^ ]*\) \([^ ]*\)$/  {"lib\2", (void *) \&\2},/p'\'''
lt_cv_sys_global_symbol_to_cdecl='sed -n -e '\''s/^T .* \(.*\)$/extern int \1();/p'\'' -e '\''s/^[ABCDGIRSTW]* .* \(.*\)$/extern char \1;/p'\'''
lt_cv_sys_max_cmd_len=1572864

## ----------------- ##
## Output variables. ##
## ----------------- ##

AR='arm-linux-ar'
AS='as'
CC='arm-linux-gcc'
CFLAGS='-I/vol/hdd0/Shared/Git/leapbunny/packages/libiconv/libiconv-1.13.1/ -O3 -fPIC -mcpu=arm926ej-s'
CFLAG_VISIBILITY='-fvisibility=hidden'
CPP='arm-linux-gcc -E'
CPPFLAGS=''
DEFS='-DHAVE_CONFIG_H'
DLLTOOL='dlltool'
DSYMUTIL=''
DUMPBIN=''
ECHO_C=''
ECHO_N='-n'
ECHO_T=''
EGREP='/usr/bin/grep -E'
EXEEXT=''
FGREP='/usr/bin/grep -F'
GLIBC21='yes'
GREP='/usr/bin/grep'
HAVE_VISIBILITY='1'
INSTALL_DATA='${INSTALL} -m 644'
INSTALL_PROGRAM='${INSTALL}'
INSTALL_SCRIPT='${INSTALL}'
LD='/opt/RidgeRun/arm-eabi-uclibc/arm-linux-uclibcgnueabi/bin/ld'
LDFLAGS='-L/vol/hdd0/Shared/Git/leapbunny/packages/libiconv/libiconv-1.13.1/'
LIBOBJS=''
LIBS=''
LIBTOOL='/bin/bash $(top_builddir)/libtool'
LIPO=''
LN_S='ln -s'
LTLIBOBJS=''
NM='/opt/RidgeRun/arm-eabi-uclibc/bin//arm-linux-nm -B'
NMEDIT=''
OBJDUMP='arm-linux-objdump'
OBJEXT='o'
OTOOL64=''
OTOOL=''
PACKAGE=''
PACKAGE_BUGREPORT=''
PACKAGE_NAME=''
PACKAGE_STRING=''
PACKAGE_TARNAME=''
PACKAGE_VERSION=''
PATH_SEPARATOR=':'
RANLIB='arm-linux-ranlib'
RELOCATABLE='no'
SED='/usr/bin/sed'
SET_MAKE=''
SHELL='/bin/bash'
STRIP='arm-linux-strip'
VERSION=''
ac_ct_CC=''
ac_ct_DUMPBIN=''
bindir='${exec_prefix}/bin'
build='x86_64-unknown-linux-gnu'
build_alias=''
build_cpu='x86_64'
build_os='linux-gnu'
build_vendor='unknown'
datadir='${datarootdir}'
datarootdir='${prefix}/share'
docdir='${datarootdir}/doc/${PACKAGE}'
dvidir='${docdir}'
exec_prefix='${prefix}'
host='arm-unknown-linux-gnu'
host_alias='arm-linux'
host_cpu='arm'
host_os='linux-gnu'
host_vendor='unknown'
htmldir='${docdir}'
includedir='${prefix}/include'
infodir='${datarootdir}/info'
libdir='${exec_prefix}/lib'
libexecdir='${exec_prefix}/libexec'
localedir='${datarootdir}/locale'
localstatedir='${prefix}/var'
lt_ECHO='echo'
mandir='${datarootdir}/man'
oldincludedir='/usr/include'
pdfdir='${docdir}'
prefix='/vol/hdd0/Shared/Git/leapbunny/target/rootfs/usr'
program_transform_name='s,x,x,'
psdir='${docdir}'
sbindir='${exec_prefix}/sbin'
sharedstatedir='${prefix}/com'
sysconfdir='${prefix}/etc'
target_alias='arm-linux'

## ----------- ##
## confdefs.h. ##
## ----------- ##

#define PACKAGE_NAME ""
#define PACKAGE_TARNAME ""
#define PACKAGE_VERSION ""
#define PACKAGE_STRING ""
#define PACKAGE_BUGREPORT ""
#define INSTALLPREFIX "/vol/hdd0/Shared/Git/leapbunny/target/rootfs/usr"
#define STDC_HEADERS 1
#define HAVE_SYS_TYPES_H 1
#define HAVE_SYS_STAT_H 1
#define HAVE_STDLIB_H 1
#define HAVE_STRING_H 1
#define HAVE_MEMORY_H 1
#define HAVE_STRINGS_H 1
#define HAVE_INTTYPES_H 1
#define HAVE_STDINT_H 1
#define HAVE_UNISTD_H 1
#define __EXTENSIONS__ 1
#define _ALL_SOURCE 1
#define _GNU_SOURCE 1
#define _POSIX_PTHREAD_SEMANTICS 1
#define _TANDEM_SOURCE 1
#define HAVE_DLFCN_H 1
#define LT_OBJDIR ".libs/"
#define HAVE_VISIBILITY 1
#define HAVE_LANGINFO_CODESET 1
#define HAVE_SETLOCALE 1

configure: exit 0
