new-calib: New touch screen calibration program v3.13
Serial Number='15051E00010B06020047'
Using tnt_mode=1
Setting for delay_in_us:        1
Setting for y_delay_in_us:      1
Setting for tnt_delay_in_us:    1
Setting for max_delta_tnt:      5
Setting for tnt_mode:           1
Setting for averaging:         -1
Entering get_four_points
target_noise  x= 2.50 y= 2.50 t= 2.50
target state=0 point=23,22
 X= 941 X2=1019  Y= 981 Y2=1020 P1=  -1 P2=  -1 T1=  -1 T2= 892  P=  -1  D=  -1 * 0
 X= 895 X2=1023  Y= 976 Y2=1019 P1=  -1 P2=  -1 T1=  -1 T2=1016  P=  -1  D=  -1 
 X= 863 X2=1011  Y= 970 Y2=1023 P1=  -1 P2=  -1 T1=  -1 T2= 902  P=  -1  D=  -1 * 0
 X= 950 X2=1023  Y= 981 Y2=1020 P1=  -1 P2=  -1 T1=1021 T2= 906  P=  -1  D=  -1 
 X= 826 X2=1023  Y= 989 Y2=1023 P1=  -1 P2=  -1 T1=1023 T2= 913  P=  -1  D=  -1 
 X= 939 X2=1023  Y= 966 Y2=1023 P1=  -1 P2=  -1 T1=1023 T2= 934  P=  -1  D=  -1 
 X= 956 X2=1023  Y= 983 Y2=1020 P1=  -1 P2=  -1 T1=1022 T2= 933  P=  -1  D=  -1 
 X= 881 X2=1023  Y= 997 Y2=1019 P1=  -1 P2=  -1 T1=1023 T2= 938  P=  -1  D=  -1 
 X= 937 X2=1023  Y= 985 Y2=1019 P1=  -1 P2=  -1 T1=1021 T2= 944  P=  -1  D=  -1 
 X= 932 X2=1022  Y= 986 Y2=1023 P1=  -1 P2=  -1 T1=1023 T2= 891  P=  -1  D=  -1 
 X= 935 X2=1023  Y= 987 Y2=1019 P1=  -1 P2=  -1 T1=1020 T2= 943  P=  -1  D=  -1 
 X= 868 X2=1023  Y= 990 Y2=1020 P1=  -1 P2=  -1 T1=1023 T2= 953  P=  -1  D=  -1 
 X=1020 X2=1002  Y= 991 Y2=1023 P1=1022 P2=  -1 T1=1023 T2= 933  P=  -1  D=  -1 
 X= 984 X2=1016  Y= 963 Y2=1019 P1=1023 P2=  -1 T1=1023 T2= 885  P=  -1  D=  -1 
 X= 943 X2=1021  Y= 994 Y2=1020 P1=1023 P2=  -1 T1=1023 T2= 953  P=  -1  D=  -1 
 X= 927 X2=1021  Y= 984 Y2=1019 P1=1023 P2=  -1 T1=1023 T2= 938  P=  -1  D=  -1 
 X= 939 X2=1023  Y= 987 Y2=1023 P1=1023 P2=  -1 T1=1023 T2= 948  P=  -1  D=  -1 
 X= 864 X2=1023  Y= 987 Y2=1023 P1=1023 P2=  -1 T1=1020 T2= 889  P=  -1  D=  -1 
 X= 963 X2=1023  Y= 987 Y2=1023 P1=1023 P2=  -1 T1=1020 T2= 946  P=  -1  D=  -1 
 X= 987 X2=1023  Y=1023 Y2=1019 P1=1023 P2=  -1 T1=1020 T2=1016  P=  -1  D=  -1 
 X=1023 X2=1015  Y= 982 Y2=1019 P1=1023 P2=  -1 T1=1020 T2= 946  P=  -1  D=  -1 
 X=1015 X2=1008  Y= 968 Y2=1020 P1=1022 P2=  -1 T1=1023 T2= 945  P=  -1  D=  -1 
 X= 865 X2=1017  Y= 973 Y2=1019 P1=1023 P2=  -1 T1=1023 T2= 910  P=  -1  D=  -1 
 X= 855 X2=1023  Y= 961 Y2=1023 P1=1023 P2=  -1 T1=1021 T2= 922  P=  -1  D=  -1 
 X= 979 X2=1003  Y= 985 Y2=1020 P1=1022 P2=  -1 T1=1023 T2= 902  P=  -1  D=  -1 
 X=1023 X2= 996  Y= 990 Y2=1019 P1=1023 P2=  -1 T1=1020 T2= 934  P=  -1  D=  -1 
 X= 776 X2=1023  Y= 988 Y2=1023 P1=1023 P2=  -1 T1=1020 T2= 891  P=  -1  D=  -1 
 X= 922 X2=1023  Y= 969 Y2=1018 P1=1023 P2=  -1 T1=1023 T2= 941  P=  -1  D=  -1 
 X= 974 X2=1013  Y= 961 Y2=1020 P1=1023 P2=  -1 T1=1023 T2= 918  P=  -1  D=  -1 
 X= 914 X2=1021  Y= 976 Y2=1019 P1=1023 P2=  -1 T1=1023 T2= 911  P=  -1  D=  -1 
 X= 948 X2=1008  Y= 987 Y2=1023 P1=1023 P2=  -1 T1=1023 T2= 933  P=  -1  D=  -1 
 X= 876 X2=1023  Y= 973 Y2=1023 P1=1020 P2=  -1 T1=1020 T2= 915  P=  -1  D=  -1 
 X= 965 X2=1023  Y= 966 Y2=1018 P1=1023 P2=  -1 T1=1023 T2= 950  P=  -1  D=  -1 
 X= 946 X2=1023  Y= 985 Y2=1023 P1=1023 P2=  -1 T1=1023 T2= 892  P=  -1  D=  -1 
 X= 950 X2=1020  Y= 982 Y2=1020 P1=1023 P2=  -1 T1=1021 T2= 940  P=  -1  D=  -1 
 X= 845 X2=1023  Y= 985 Y2=1023 P1=1023 P2=  -1 T1=1020 T2= 949  P=  -1  D=  -1 
 X= 863 X2=1023  Y= 967 Y2=1023 P1=1023 P2=  -1 T1=1023 T2= 938  P=  -1  D=  -1 
 X=1007 X2=1010  Y= 967 Y2=1023 P1=1023 P2=  -1 T1=1020 T2= 950  P=  -1  D=  -1 
 X= 998 X2=1015  Y= 993 Y2=1020 P1=1023 P2=  -1 T1=1020 T2= 937  P=  -1  D=  -1 
 X= 914 X2=1023  Y= 991 Y2=1020 P1=1023 P2=  -1 T1=1019 T2= 912  P=  -1  D=  -1 
 X= 922 X2=1017  Y= 972 Y2=1020 P1=1023 P2=  -1 T1=1021 T2= 933  P=  -1  D=  -1 
 X=1023 X2= 995  Y= 986 Y2=1019 P1=1023 P2=  -1 T1=1023 T2= 931  P=  -1  D=  -1 
 X=1023 X2=1019  Y= 998 Y2=1020 P1=1023 P2=  -1 T1=1023 T2= 943  P=  -1  D=  -1 
 X=1023 X2=1013  Y= 981 Y2=1017 P1=1023 P2=  -1 T1=1023 T2= 915  P=  -1  D=  -1 
 X= 972 X2=1023  Y= 987 Y2=1019 P1=1023 P2=  -1 T1=1021 T2= 944  P=  -1  D=  -1 
 X= 980 X2=1021  Y= 971 Y2=1019 P1=1023 P2=  -1 T1=1023 T2= 909  P=  -1  D=  -1 
 X= 990 X2=1014  Y= 993 Y2=1023 P1=1023 P2=  -1 T1=1022 T2= 940  P=  -1  D=  -1 
 X= 879 X2=1015  Y=1000 Y2=1023 P1=1023 P2=  -1 T1=1023 T2= 923  P=  -1  D=  -1 
 X= 894 X2=1021  Y= 972 Y2=1020 P1=1023 P2=  -1 T1=1023 T2= 928  P=  -1  D=  -1 
 X= 940 X2=1021  Y= 990 Y2=1023 P1=1023 P2=  -1 T1=1023 T2= 888  P=  -1  D=  -1 
 X= 939 X2= 998  Y= 993 Y2=1021 P1=1023 P2=  -1 T1=1020 T2= 954  P=  -1  D=  -1 
 X= 815 X2=1023  Y= 994 Y2=1023 P1=1023 P2=  -1 T1=1020 T2= 932  P=  -1  D=  -1 
 X= 932 X2=1023  Y= 972 Y2=1019 P1=1023 P2=  -1 T1=1019 T2= 886  P=  -1  D=  -1 
 X= 955 X2= 996  Y= 972 Y2=1023 P1=1023 P2=  -1 T1=1020 T2= 940  P=  -1  D=  -1 
 X= 893 X2=1021  Y= 992 Y2=1017 P1=1023 P2=  -1 T1=1023 T2= 932  P=  -1  D=  -1 
 X= 864 X2=1023  Y= 983 Y2=1023 P1=1023 P2=  -1 T1=1021 T2= 950  P=  -1  D=  -1 
 X= 956 X2=1023  Y=1000 Y2=1023 P1=1023 P2=  -1 T1=1023 T2= 910  P=  -1  D=  -1 
 X= 974 X2=1019  Y= 988 Y2=1023 P1=1023 P2=  -1 T1=1019 T2= 937  P=  -1  D=  -1 
 X= 939 X2=1022  Y= 977 Y2=1023 P1=1023 P2=  -1 T1=1023 T2= 894  P=  -1  D=  -1 
 X=1023 X2=1014  Y= 996 Y2=1018 P1=1023 P2=  -1 T1=1023 T2= 933  P=  -1  D=  -1 
 X=1010 X2=1010  Y= 979 Y2=1021 P1=1023 P2=  -1 T1=1023 T2= 918  P=  -1  D=  -1 
 X= 873 X2=1023  Y= 971 Y2=1020 P1=1023 P2=  -1 T1=1023 T2= 933  P=  -1  D=  -1 
 X= 963 X2=1021  Y= 974 Y2=1023 P1=1023 P2=  -1 T1=1023 T2= 935  P=  -1  D=  -1 
 X= 899 X2=1023  Y=1002 Y2=1020 P1=1023 P2=  -1 T1=1023 T2= 941  P=  -1  D=  -1 
 X= 852 X2=1023  Y= 969 Y2=1023 P1=1023 P2=  -1 T1=1020 T2= 945  P=  -1  D=  -1 
 X=1023 X2=1009  Y= 984 Y2=1021 P1=1023 P2=  -1 T1=1020 T2= 931  P=  -1  D=  -1 
 X=1020 X2= 997  Y= 988 Y2=1019 P1=1023 P2=  -1 T1=1020 T2= 917  P=  -1  D=  -1 
 X= 979 X2=1019  Y= 984 Y2=1020 P1=1023 P2=  -1 T1=1020 T2= 948  P=  -1  D=  -1 
 X= 960 X2=1022  Y= 972 Y2=1019 P1=1023 P2=  -1 T1=1021 T2= 954  P=  -1  D=  -1 
 X=1023 X2= 991  Y= 954 Y2=1023 P1=1023 P2=  -1 T1=1021 T2= 938  P=  -1  D=  -1 
 X= 952 X2=1022  Y= 992 Y2=1020 P1=1023 P2=  -1 T1=1021 T2= 934  P=  -1  D=  -1 
 X= 859 X2=1023  Y= 987 Y2=1020 P1=1023 P2=  -1 T1=1020 T2= 937  P=  -1  D=  -1 
 X= 994 X2=1014  Y= 975 Y2=1020 P1=1023 P2=  -1 T1=1021 T2= 948  P=  -1  D=  -1 
 X= 917 X2=1020  Y= 985 Y2=1023 P1=1023 P2=  -1 T1=1019 T2= 943  P=  -1  D=  -1 
 X= 912 X2=1018  Y= 969 Y2=1020 P1=1023 P2=  -1 T1=1023 T2= 888  P=  -1  D=  -1 
 X=1023 X2=1019  Y= 991 Y2=1023 P1=1023 P2=  -1 T1=1020 T2= 911  P=  -1  D=  -1 
 X=1018 X2= 996  Y= 984 Y2=1023 P1=1023 P2=  -1 T1=1023 T2= 901  P=  -1  D=  -1 
 X= 984 X2=1008  Y= 977 Y2=1023 P1=1023 P2=  -1 T1=1023 T2= 943  P=  -1  D=  -1 
 X= 976 X2=1022  Y= 989 Y2=1021 P1=1023 P2=  -1 T1=1020 T2= 946  P=  -1  D=  -1 
 X= 788 X2=1023  Y= 965 Y2=1020 P1=1023 P2=  -1 T1=1023 T2= 881  P=  -1  D=  -1 
 X= 908 X2=1023  Y= 987 Y2=1023 P1=1023 P2=  -1 T1=1020 T2= 926  P=  -1  D=  -1 
 X= 933 X2=1007  Y= 986 Y2=1022 P1=1023 P2=  -1 T1=1023 T2= 951  P=  -1  D=  -1 
 X= 892 X2=1018  Y= 975 Y2=1019 P1=1023 P2=  -1 T1=1023 T2= 945  P=  -1  D=  -1 
 X= 946 X2=1023  Y= 995 Y2=1023 P1=1023 P2=  -1 T1=1023 T2= 938  P=  -1  D=  -1 
 X=1022 X2= 997  Y= 991 Y2=1020 P1=1023 P2=  -1 T1=1019 T2= 896  P=  -1  D=  -1 
 X=1021 X2=1006  Y= 982 Y2=1020 P1=1023 P2=  -1 T1=1023 T2= 945  P=  -1  D=  -1 
 X= 934 X2=1022  Y= 984 Y2=1019 P1=1023 P2=  -1 T1=1023 T2= 940  P=  -1  D=  -1 
 X= 904 X2=1022  Y= 971 Y2=1023 P1=1023 P2=  -1 T1=1021 T2= 949  P=  -1  D=  -1 
 X= 938 X2=1023  Y= 989 Y2=1022 P1=1023 P2=  -1 T1=1023 T2= 917  P=  -1  D=  -1 
 X= 783 X2=1022  Y= 994 Y2=1023 P1=1023 P2=  -1 T1=1021 T2= 953  P=  -1  D=  -1 
 X= 814 X2=1022  Y= 974 Y2=1019 P1=1023 P2=  -1 T1=1023 T2= 943  P=  -1  D=  -1 
 X= 981 X2=1016  Y= 989 Y2=1020 P1=1023 P2=  -1 T1=1023 T2= 949  P=  -1  D=  -1 
 X= 920 X2=1019  Y= 998 Y2=1019 P1=1023 P2=  -1 T1=1023 T2= 907  P=  -1  D=  -1 
 X= 946 X2=1023  Y= 988 Y2=1023 P1=1023 P2=  -1 T1=1019 T2= 937  P=  -1  D=  -1 
 X= 947 X2=1008  Y= 994 Y2=1023 P1=1023 P2=  -1 T1=1023 T2= 955  P=  -1  D=  -1 
 X= 971 X2=1021  Y= 967 Y2=1019 P1=1023 P2=  -1 T1=1023 T2= 925  P=  -1  D=  -1 
 X= 877 X2=1023  Y= 982 Y2=1023 P1=1023 P2=  -1 T1=1023 T2= 948  P=  -1  D=  -1 
 X= 983 X2=1016  Y= 959 Y2=1023 P1=1023 P2=  -1 T1=1020 T2= 920  P=  -1  D=  -1 
 X= 836 X2=1023  Y= 979 Y2=1023 P1=1023 P2=  -1 T1=1020 T2= 951  P=  -1  D=  -1 
 X= 843 X2=1023  Y= 975 Y2=1020 P1=1023 P2=  -1 T1=1021 T2= 933  P=  -1  D=  -1 
 X=1023 X2= 995  Y= 991 Y2=1020 P1=1023 P2=  -1 T1=1021 T2= 908  P=  -1  D=  -1 
 X= 989 X2=1014  Y= 990 Y2=1023 P1=1023 P2=  -1 T1=1021 T2= 935  P=  -1  D=  -1 
 X= 934 X2=1023  Y= 990 Y2=1021 P1=1023 P2=  -1 T1=1023 T2= 930  P=  -1  D=  -1 
 X= 937 X2=1010  Y= 995 Y2=1023 P1=1023 P2=  -1 T1=1021 T2= 913  P=  -1  D=  -1 
 X=1023 X2=1016  Y= 971 Y2=1019 P1=1023 P2=  -1 T1=1021 T2= 886  P=  -1  D=  -1 
 X= 953 X2=1023  Y= 970 Y2=1021 P1=1023 P2=  -1 T1=1023 T2= 933  P=  -1  D=  -1 
 X=1023 X2= 997  Y= 977 Y2=1023 P1=1023 P2=  -1 T1=1023 T2= 915  P=  -1  D=  -1 
 X= 890 X2=1018  Y= 969 Y2=1023 P1=1023 P2=  -1 T1=1023 T2= 934  P=  -1  D=  -1 
 X= 892 X2=1023  Y= 994 Y2=1020 P1=1023 P2=  -1 T1=1021 T2= 928  P=  -1  D=  -1 
 X=1020 X2= 993  Y= 968 Y2=1023 P1=1023 P2=  -1 T1=1023 T2= 943  P=  -1  D=  -1 
 X=1021 X2= 996  Y= 966 Y2=1023 P1=1023 P2=  -1 T1=1020 T2= 929  P=  -1  D=  -1 
 X= 982 X2=1015  Y= 974 Y2=1020 P1=1023 P2=  -1 T1=1020 T2= 913  P=  -1  D=  -1 
 X= 959 X2=1006  Y= 991 Y2=1023 P1=1023 P2=  -1 T1=1023 T2= 939  P=  -1  D=  -1 
 X= 956 X2=1008  Y= 986 Y2=1023 P1=1022 P2=  -1 T1=1020 T2= 876  P=  -1  D=  -1 
 X= 798 X2=1023  Y= 989 Y2=1021 P1=1023 P2=  -1 T1=1020 T2= 897  P=  -1  D=  -1 
 X= 879 X2=1023  Y= 985 Y2=1018 P1=1023 P2=  -1 T1=1020 T2= 888  P=  -1  D=  -1 
 X= 968 X2=1012  Y= 988 Y2=1023 P1=1023 P2=  -1 T1=1019 T2= 945  P=  -1  D=  -1 
 X= 238 X2= 235  Y= 326 Y2= 319 P1= 675 P2= 197 T1=  23 T2=  23  P=  -1  D=  -1 * 0
 X= 237 X2= 236  Y= 327 Y2= 320 P1= 690 P2= 187 T1=  24 T2=  22  P=  -1  D=  -1 * 0
 X= 236 X2= 235  Y= 326 Y2= 319 P1= 681 P2= 192 T1=  22 T2=  23  P=  -1  D=  -1 * 1
 X= 239 X2= 235  Y= 327 Y2= 319 P1= 685 P2= 191 T1=  23 T2=  23  P=  -1  D=  -1 * 2
 X= 238 X2= 235  Y= 326 Y2= 320 P1= 681 P2= 192 T1=  23 T2=  23  P=  -1  D=  -1 * 3
 X= 238 X2= 234  Y= 326 Y2= 319 P1= 680 P2= 193 T1=  23 T2=  22  P=  -1  D=  -1 * 4
 X= 238 X2= 235  Y= 326 Y2= 319 P1= 680 P2= 193 T1=  22 T2=  23  P=  -1  D=  -1 * 5
 X= 238 X2= 235  Y= 326 Y2= 319 P1= 679 P2= 193 T1=  23 T2=  22  P=  -1  D=  -1 * 6
 X= 238 X2= 234  Y= 326 Y2= 318 P1= 679 P2= 194 T1=  24 T2=  23  P=  -1  D=  -1 * 7
 X= 237 X2= 235  Y= 326 Y2= 319 P1= 679 P2= 194 T1=  23 T2=  23  P=  -1  D=  -1 * 8
 X= 237 X2= 234  Y= 326 Y2= 319 P1= 678 P2= 194 T1=  21 T2=  23  P=  -1  D=  -1 * 9
 X= 238 X2= 235  Y= 326 Y2= 319 P1= 679 P2= 194 T1=  23 T2=  23  P=  -1  D=  -1 * 10
 X= 238 X2= 236  Y= 328 Y2= 319 P1= 679 P2= 193 T1=  22 T2=  22  P=  -1  D=  -1 * 11
 X= 237 X2= 235  Y= 327 Y2= 319 P1= 680 P2= 193 T1=  23 T2=  22  P=  -1  D=  -1 * 12
 X= 238 X2= 236  Y= 326 Y2= 319 P1= 681 P2= 193 T1=  22 T2=  23  P=  -1  D=  -1 * 13
 X= 237 X2= 235  Y= 326 Y2= 319 P1= 681 P2= 193 T1=  23 T2=  24  P=  -1  D=  -1 * 14
 X= 235 X2= 235  Y= 326 Y2= 319 P1= 680 P2= 193 T1=  24 T2=  23  P=  -1  D=  -1 * 15
 X= 237 X2= 233  Y= 326 Y2= 319 P1= 680 P2= 193 T1=  23 T2=  23  P=  -1  D=  -1 * 16
 X= 238 X2= 235  Y= 326 Y2= 319 P1= 681 P2= 193 T1=  22 T2=  24  P=  -1  D=  -1 * 17
 X= 237 X2= 236  Y= 327 Y2= 319 P1= 680 P2= 193 T1=  23 T2=  23  P=  -1  D=  -1 * 18
 X= 238 X2= 235  Y= 326 Y2= 320 P1= 680 P2= 193 T1=  23 T2=  23  P=  -1  D=  -1 * 19
 X= 238 X2= 234  Y= 326 Y2= 319 P1= 681 P2= 193 T1=  23 T2=  23  P=  -1  D=  -1 * 20
 X= 237 X2= 235  Y= 326 Y2= 320 P1= 680 P2= 193 T1=  23 T2=  23  P=  -1  D=  -1 * 21
 X= 238 X2= 235  Y= 327 Y2= 319 P1= 680 P2= 193 T1=  23 T2=  23  P=  -1  D=  -1 * 22
 X= 238 X2= 235  Y= 326 Y2= 319 P1= 680 P2= 193 T1=  23 T2=  24  P=  -1  D=  -1 * 23
 X= 238 X2= 235  Y= 326 Y2= 319 P1= 680 P2= 193 T1=  23 T2=  23  P=  -1  D=  -1 * 24
Remove Pin
 X= 238 X2= 234  Y= 326 Y2= 320 P1= 680 P2= 194 T1=  23 T2=  24  P=  -1  D=  -1 * 24
 X= 238 X2= 235  Y= 326 Y2= 320 P1= 680 P2= 193 T1=  23 T2=  22  P=  -1  D=  -1 * 24
 X= 238 X2= 236  Y= 326 Y2= 320 P1= 681 P2= 194 T1=  23 T2=  23  P=  -1  D=  -1 * 24
 X= 237 X2= 233  Y= 326 Y2= 319 P1= 679 P2= 193 T1=  23 T2=  23  P=  -1  D=  -1 * 24
 X= 238 X2= 235  Y= 326 Y2= 319 P1= 680 P2= 194 T1=  22 T2=  23  P=  -1  D=  -1 * 24
 X= 238 X2= 233  Y= 327 Y2= 319 P1= 679 P2= 194 T1=  23 T2=  22  P=  -1  D=  -1 * 24
 X= 237 X2= 235  Y= 325 Y2= 319 P1= 680 P2= 194 T1=  22 T2=  23  P=  -1  D=  -1 * 24
 X= 238 X2= 235  Y= 326 Y2= 319 P1= 679 P2= 194 T1=  24 T2=  23  P=  -1  D=  -1 * 24
 X= 238 X2= 235  Y= 326 Y2= 319 P1= 680 P2= 193 T1=  23 T2=  23  P=  -1  D=  -1 * 24
 X= 237 X2= 235  Y= 326 Y2= 319 P1= 679 P2= 194 T1=  23 T2=  23  P=  -1  D=  -1 * 24
 X= 238 X2= 235  Y= 326 Y2= 319 P1= 680 P2= 194 T1=  23 T2=  23  P=  -1  D=  -1 * 24
 X= 243 X2= 235  Y= 326 Y2= 319 P1= 680 P2= 194 T1=  24 T2=  24  P=  -1  D=  -1 * 24
 X= 237 X2= 235  Y= 326 Y2= 319 P1= 680 P2= 194 T1=  23 T2=  23  P=  -1  D=  -1 * 24
 X= 238 X2= 235  Y= 325 Y2= 319 P1= 679 P2= 194 T1=  23 T2=  23  P=  -1  D=  -1 * 24
 X= 238 X2= 233  Y= 325 Y2= 319 P1= 678 P2= 194 T1=  23 T2=  23  P=  -1  D=  -1 * 24
 X= 237 X2= 235  Y= 326 Y2= 319 P1= 679 P2= 193 T1=  23 T2=  23  P=  -1  D=  -1 * 24
 X= 238 X2= 235  Y= 326 Y2= 319 P1= 679 P2= 194 T1=  23 T2=  23  P=  -1  D=  -1 * 24
 X= 238 X2= 235  Y= 326 Y2= 319 P1= 679 P2= 193 T1=  24 T2=  23  P=  -1  D=  -1 * 24
 X= 237 X2= 235  Y= 326 Y2= 319 P1= 679 P2= 193 T1=  23 T2=  22  P=  -1  D=  -1 * 24
 X= 238 X2= 235  Y= 326 Y2= 319 P1= 679 P2= 194 T1=  21 T2=  23  P=  -1  D=  -1 * 24
 X= 238 X2= 234  Y= 326 Y2= 320 P1= 680 P2= 194 T1=  23 T2=  23  P=  -1  D=  -1 * 24
 X= 238 X2= 236  Y= 326 Y2= 319 P1= 679 P2= 194 T1=  22 T2=  23  P=  -1  D=  -1 * 24
 X= 237 X2= 235  Y= 326 Y2= 318 P1= 679 P2= 193 T1=  22 T2=  22  P=  -1  D=  -1 * 24
 X= 237 X2= 235  Y= 327 Y2= 319 P1= 680 P2= 194 T1=  24 T2=  22  P=  -1  D=  -1 * 24
 X= 238 X2= 235  Y= 326 Y2= 319 P1= 679 P2= 193 T1=  22 T2=  23  P=  -1  D=  -1 * 24
 X= 238 X2= 235  Y= 326 Y2= 320 P1= 679 P2= 194 T1=  23 T2=  22  P=  -1  D=  -1 * 24
 X= 237 X2= 235  Y= 326 Y2= 319 P1= 679 P2= 194 T1=  23 T2=  22  P=  -1  D=  -1 * 24
 X= 238 X2= 235  Y= 326 Y2= 319 P1= 679 P2= 194 T1=  22 T2=  23  P=  -1  D=  -1 * 24
 X= 236 X2= 234  Y= 326 Y2= 319 P1= 679 P2= 194 T1=  22 T2=  23  P=  -1  D=  -1 * 24
 X= 239 X2= 235  Y= 326 Y2= 319 P1= 679 P2= 194 T1=  23 T2=  23  P=  -1  D=  -1 * 24
 X= 237 X2= 235  Y= 326 Y2= 319 P1= 679 P2= 194 T1=  23 T2=  23  P=  -1  D=  -1 * 24
 X= 238 X2= 235  Y= 325 Y2= 319 P1= 678 P2= 193 T1=  23 T2=  22  P=  -1  D=  -1 * 24
 X= 238 X2= 235  Y= 325 Y2= 319 P1= 679 P2= 194 T1=  23 T2=  24  P=  -1  D=  -1 * 24
 X= 238 X2= 235  Y= 325 Y2= 320 P1= 678 P2= 194 T1=  23 T2=  22  P=  -1  D=  -1 * 24
 X= 237 X2= 235  Y= 327 Y2= 319 P1= 679 P2= 194 T1=  22 T2=  23  P=  -1  D=  -1 * 24
 X= 237 X2= 235  Y= 326 Y2= 319 P1= 679 P2= 195 T1=  23 T2=  23  P=  -1  D=  -1 * 24
 X= 237 X2= 234  Y= 326 Y2= 320 P1= 679 P2= 194 T1=  22 T2=  22  P=  -1  D=  -1 * 24
 X= 237 X2= 234  Y= 326 Y2= 319 P1= 679 P2= 194 T1=  23 T2=  23  P=  -1  D=  -1 * 24
 X= 238 X2= 235  Y= 326 Y2= 319 P1= 679 P2= 194 T1=  23 T2=  23  P=  -1  D=  -1 * 24
 X= 237 X2= 234  Y= 326 Y2= 319 P1= 679 P2= 194 T1=  23 T2=  23  P=  -1  D=  -1 * 24
 X= 239 X2= 235  Y= 326 Y2= 319 P1= 679 P2= 194 T1=  23 T2=  23  P=  -1  D=  -1 * 24
 X= 234 X2= 235  Y= 326 Y2= 319 P1= 679 P2= 194 T1=  23 T2=  23  P=  -1  D=  -1 * 24
 X= 238 X2= 233  Y= 326 Y2= 319 P1= 679 P2= 194 T1=  23 T2=  22  P=  -1  D=  -1 * 24
 X= 239 X2= 236  Y= 326 Y2= 319 P1= 678 P2= 194 T1=  23 T2=  23  P=  -1  D=  -1 * 24
 X= 239 X2= 236  Y= 327 Y2= 320 P1= 686 P2= 190 T1=  24 T2=  23  P=  -1  D=  -1 * 24
 X= 241 X2= 239  Y= 352 Y2= 404 P1=1023 P2=   0 T1=  26 T2= 897  P=  -1  D=  -1 * 24
 X= 945 X2=1023  Y= 988 Y2=1020 P1=1023 P2=   0 T1=1020 T2= 901  P=  -1  D=  -1 
 X= 874 X2=1018  Y= 995 Y2=1023 P1=1023 P2=   0 T1=1018 T2= 888  P=  -1  D=  -1 
 X= 932 X2=1003  Y= 962 Y2=1019 P1=1023 P2=   0 T1=1023 T2= 908  P=  -1  D=  -1 
target state=1 point=456,22
 X= 865 X2=1021  Y= 989 Y2=1018 P1=1023 P2=   0 T1=1023 T2= 931  P=  -1  D=  -1 
 X= 944 X2=1023  Y=1002 Y2=1020 P1=1023 P2=   0 T1=1023 T2= 894  P=  -1  D=  -1 
 X=1021 X2=1006  Y= 964 Y2=1023 P1=1023 P2=   0 T1=1020 T2= 941  P=  -1  D=  -1 
 X= 967 X2=1005  Y= 990 Y2=1023 P1=1023 P2=   0 T1=1023 T2= 913  P=  -1  D=  -1 
 X= 875 X2=1023  Y= 994 Y2=1023 P1=1023 P2=   0 T1=1020 T2= 942  P=  -1  D=  -1 
 X= 881 X2=1023  Y= 990 Y2=1023 P1=1023 P2=   0 T1=1020 T2= 943  P=  -1  D=  -1 
 X=1019 X2=1007  Y= 984 Y2=1020 P1=1023 P2=   0 T1=1020 T2= 915  P=  -1  D=  -1 
 X= 863 X2=1017  Y= 988 Y2=1023 P1=1023 P2=   0 T1=1020 T2= 947  P=  -1  D=  -1 
 X= 943 X2= 993  Y= 999 Y2=1023 P1=1023 P2=   0 T1=1023 T2= 920  P=  -1  D=  -1 
 X= 932 X2=1007  Y= 995 Y2=1023 P1=1023 P2=   0 T1=1023 T2= 945  P=  -1  D=  -1 
 X=1023 X2=1014  Y= 991 Y2=1023 P1=1023 P2=   0 T1=1023 T2= 936  P=  -1  D=  -1 
 X= 951 X2=1009  Y= 973 Y2=1023 P1=1023 P2=   0 T1=1021 T2= 886  P=  -1  D=  -1 
 X= 972 X2=1021  Y= 992 Y2=1020 P1=1023 P2=   0 T1=1023 T2= 951  P=  -1  D=  -1 
 X= 917 X2=1022  Y= 988 Y2=1020 P1=1023 P2=   0 T1=1020 T2= 953  P=  -1  D=  -1 
 X= 896 X2=1023  Y= 975 Y2=1020 P1=1023 P2=   0 T1=1020 T2= 932  P=  -1  D=  -1 
 X=1023 X2=1015  Y= 986 Y2=1023 P1=1023 P2=   0 T1=1023 T2= 946  P=  -1  D=  -1 
 X= 987 X2=1015  Y= 968 Y2=1023 P1=1023 P2=   0 T1=1023 T2= 951  P=  -1  D=  -1 
 X= 942 X2=1022  Y= 973 Y2=1020 P1=1023 P2=   0 T1=1023 T2= 949  P=  -1  D=  -1 
 X=1023 X2=1019  Y= 986 Y2=1023 P1=1023 P2=   0 T1=1023 T2= 916  P=  -1  D=  -1 
 X=1023 X2=1014  Y= 988 Y2=1020 P1=1023 P2=   0 T1=1021 T2= 915  P=  -1  D=  -1 
 X= 841 X2=1023  Y= 978 Y2=1019 P1=1023 P2=   0 T1=1019 T2= 923  P=  -1  D=  -1 
 X= 937 X2=1023  Y= 988 Y2=1023 P1=1023 P2=   0 T1=1021 T2= 915  P=  -1  D=  -1 
 X= 919 X2=1019  Y= 996 Y2=1019 P1=1023 P2=   0 T1=1023 T2= 911  P=  -1  D=  -1 
 X= 937 X2=1023  Y= 978 Y2=1023 P1=1023 P2=   0 T1=1021 T2= 907  P=  -1  D=  -1 
 X= 977 X2= 990  Y= 984 Y2=1023 P1=1023 P2=   0 T1=1023 T2= 924  P=  -1  D=  -1 
 X= 871 X2=1018  Y= 988 Y2=1023 P1=1023 P2=   0 T1=1023 T2= 940  P=  -1  D=  -1 
 X= 981 X2=1020  Y= 992 Y2=1021 P1=1023 P2=   0 T1=1020 T2= 908  P=  -1  D=  -1 
 X= 915 X2=1023  Y= 987 Y2=1023 P1=1023 P2=   0 T1=1023 T2= 923  P=  -1  D=  -1 
 X=1023 X2=1009  Y= 990 Y2=1020 P1=1023 P2=   0 T1=1020 T2= 958  P=  -1  D=  -1 
 X=1009 X2=1022  Y=1020 Y2=1023 P1=1023 P2=   0 T1=1023 T2=1020  P=  -1  D=  -1 
 X=1007 X2=1015  Y= 989 Y2=1020 P1=1023 P2=   0 T1=1023 T2= 944  P=  -1  D=  -1 
 X= 881 X2=1017  Y= 986 Y2=1020 P1=1023 P2=   0 T1=1023 T2= 910  P=  -1  D=  -1 
 X= 901 X2=1023  Y= 997 Y2=1023 P1=1023 P2=   0 T1=1020 T2= 953  P=  -1  D=  -1 
 X= 963 X2=1023  Y= 972 Y2=1023 P1=1023 P2=   0 T1=1023 T2= 946  P=  -1  D=  -1 
 X= 935 X2=1007  Y= 963 Y2=1019 P1=1023 P2=   0 T1=1022 T2= 928  P=  -1  D=  -1 
 X=1008 X2=1013  Y= 990 Y2=1023 P1=1023 P2=   0 T1=1020 T2= 920  P=  -1  D=  -1 
 X= 941 X2=1023  Y= 973 Y2=1023 P1=1023 P2=   0 T1=1020 T2= 942  P=  -1  D=  -1 
 X= 966 X2= 995  Y= 966 Y2=1019 P1=1023 P2=   0 T1=1020 T2= 903  P=  -1  D=  -1 
 X= 841 X2=1023  Y= 992 Y2=1023 P1=1023 P2=   0 T1=1020 T2= 923  P=  -1  D=  -1 
 X= 939 X2=1019  Y= 975 Y2=1019 P1=1023 P2=   0 T1=1019 T2= 929  P=  -1  D=  -1 
 X= 909 X2=1021  Y= 973 Y2=1023 P1=1023 P2=   0 T1=1020 T2= 896  P=  -1  D=  -1 
 X= 980 X2=1015  Y= 986 Y2=1020 P1=1023 P2=   0 T1=1021 T2= 948  P=  -1  D=  -1 
 X= 961 X2=1023  Y= 963 Y2=1023 P1=1023 P2=   0 T1=1023 T2= 914  P=  -1  D=  -1 
 X= 970 X2=1007  Y= 992 Y2=1023 P1=1022 P2=   0 T1=1023 T2= 958  P=  -1  D=  -1 
 X= 983 X2=1020  Y= 971 Y2=1023 P1=1023 P2=   0 T1=1023 T2= 916  P=  -1  D=  -1 
 X= 959 X2=1023  Y= 988 Y2=1018 P1=1023 P2=   0 T1=1023 T2= 946  P=  -1  D=  -1 
 X= 986 X2=1015  Y= 986 Y2=1023 P1=1023 P2=   0 T1=1020 T2= 887  P=  -1  D=  -1 
 X= 947 X2=1006  Y= 997 Y2=1020 P1=1023 P2=   0 T1=1023 T2= 946  P=  -1  D=  -1 
 X= 815 X2=1023  Y= 994 Y2=1020 P1=1023 P2=   0 T1=1020 T2= 915  P=  -1  D=  -1 
 X= 866 X2=1023  Y= 999 Y2=1020 P1=1023 P2=   0 T1=1021 T2= 917  P=  -1  D=  -1 
 X=1023 X2=1004  Y= 990 Y2=1020 P1=1023 P2=   0 T1=1022 T2= 947  P=  -1  D=  -1 
 X= 911 X2=1019  Y= 992 Y2=1019 P1=1023 P2=   0 T1=1019 T2= 955  P=  -1  D=  -1 
 X= 950 X2=1022  Y= 986 Y2=1023 P1=1023 P2=   0 T1=1021 T2= 890  P=  -1  D=  -1 
 X= 914 X2=1023  Y= 997 Y2=1023 P1=1022 P2=   0 T1=1023 T2= 937  P=  -1  D=  -1 
 X=1023 X2=1014  Y= 989 Y2=1021 P1=1023 P2=   0 T1=1021 T2= 952  P=  -1  D=  -1 
 X= 946 X2=1010  Y= 991 Y2=1023 P1=1023 P2=   0 T1=1023 T2= 930  P=  -1  D=  -1 
 X= 949 X2=1021  Y= 973 Y2=1020 P1=1023 P2=   0 T1=1021 T2= 934  P=  -1  D=  -1 
 X= 944 X2=1023  Y= 987 Y2=1023 P1=1023 P2=   0 T1=1023 T2= 918  P=  -1  D=  -1 
 X= 948 X2=1023  Y= 988 Y2=1020 P1=1023 P2=   0 T1=1023 T2= 950  P=  -1  D=  -1 
 X=1023 X2=1013  Y= 990 Y2=1020 P1=1023 P2=   0 T1=1020 T2= 954  P=  -1  D=  -1 
 X= 886 X2=1021  Y= 966 Y2=1021 P1=1023 P2=   0 T1=1020 T2= 937  P=  -1  D=  -1 
 X= 874 X2=1019  Y= 977 Y2=1023 P1=1023 P2=   0 T1=1023 T2= 936  P=  -1  D=  -1 
 X= 974 X2=1006  Y= 980 Y2=1023 P1=1022 P2=   0 T1=1023 T2= 950  P=  -1  D=  -1 
 X=1023 X2=1015  Y= 968 Y2=1023 P1=1023 P2=   0 T1=1020 T2= 935  P=  -1  D=  -1 
 X= 949 X2= 998  Y= 991 Y2=1023 P1=1023 P2=   0 T1=1019 T2= 930  P=  -1  D=  -1 
 X= 951 X2=1023  Y= 995 Y2=1023 P1=1023 P2=   0 T1=1023 T2= 949  P=  -1  D=  -1 
 X= 872 X2=1022  Y= 989 Y2=1019 P1=1023 P2=   0 T1=1020 T2= 906  P=  -1  D=  -1 
 X= 852 X2=1023  Y= 984 Y2=1023 P1=1023 P2=   0 T1=1020 T2= 956  P=  -1  D=  -1 
 X= 944 X2=1023  Y= 972 Y2=1020 P1=1023 P2=   0 T1=1019 T2= 943  P=  -1  D=  -1 
 X=1023 X2=1020  Y= 971 Y2=1020 P1=1023 P2=   0 T1=1021 T2= 934  P=  -1  D=  -1 
 X= 984 X2=1015  Y= 977 Y2=1023 P1=1023 P2=   0 T1=1021 T2= 930  P=  -1  D=  -1 
 X= 914 X2=1021  Y= 996 Y2=1023 P1=1023 P2=   0 T1=1019 T2= 934  P=  -1  D=  -1 
 X= 971 X2=1010  Y= 971 Y2=1019 P1=1023 P2=   0 T1=1023 T2= 910  P=  -1  D=  -1 
 X= 934 X2=1023  Y= 988 Y2=1020 P1=1023 P2=   0 T1=1023 T2= 929  P=  -1  D=  -1 
 X= 970 X2=1022  Y= 984 Y2=1021 P1=1023 P2=   0 T1=1023 T2= 913  P=  -1  D=  -1 
 X= 811 X2= 811  Y= 327 Y2= 330 P1= 803 P2= 466 T1=  31 T2=  17  P=  -1  D=  -1 
 X= 810 X2= 809  Y= 323 Y2= 329 P1= 797 P2= 474 T1=  15 T2=  16  P= 550  D=  -1 * 0
 X= 810 X2= 809  Y= 322 Y2= 328 P1= 795 P2= 479 T1=  15 T2=  16  P= 533  D=  -1 * 0
 X= 810 X2= 809  Y= 322 Y2= 327 P1= 795 P2= 474 T1=  16 T2=  17  P= 547  D=  -1 * 0
 X= 810 X2= 810  Y= 322 Y2= 329 P1= 796 P2= 475 T1=  16 T2=  15  P= 546  D=  -1 * 0
 X= 809 X2= 808  Y= 321 Y2= 328 P1= 795 P2= 476 T1=  16 T2=  16  P= 541  D=  -1 * 1
 X= 810 X2= 808  Y= 321 Y2= 328 P1= 795 P2= 476 T1=  15 T2=  16  P= 542  D=  -1 * 2
 X= 810 X2= 809  Y= 321 Y2= 328 P1= 795 P2= 476 T1=  15 T2=  15  P= 542  D=  -1 * 3
 X= 809 X2= 811  Y= 321 Y2= 329 P1= 795 P2= 477 T1=  15 T2=  16  P= 539  D=  -1 * 4
 X= 808 X2= 808  Y= 322 Y2= 329 P1= 793 P2= 477 T1=  16 T2=  16  P= 534  D=  -1 * 5
 X= 809 X2= 808  Y= 322 Y2= 328 P1= 794 P2= 477 T1=  16 T2=  15  P= 536  D=  -1 * 6
 X= 809 X2= 809  Y= 321 Y2= 329 P1= 794 P2= 478 T1=  15 T2=  19  P= 534  D=  -1 * 7
 X= 809 X2= 808  Y= 322 Y2= 329 P1= 794 P2= 478 T1=  16 T2=  15  P= 534  D=  -1 * 8
 X= 809 X2= 810  Y= 321 Y2= 328 P1= 795 P2= 477 T1=  15 T2=  15  P= 538  D=  -1 * 9
 X= 809 X2= 808  Y= 321 Y2= 328 P1= 794 P2= 478 T1=  15 T2=  17  P= 534  D=  -1 * 10
 X= 810 X2= 808  Y= 322 Y2= 329 P1= 794 P2= 478 T1=  15 T2=  15  P= 534  D=  -1 * 11
 X= 809 X2= 808  Y= 322 Y2= 328 P1= 794 P2= 478 T1=  15 T2=  15  P= 534  D=  -1 * 12
 X= 808 X2= 808  Y= 321 Y2= 329 P1= 794 P2= 478 T1=  14 T2=  16  P= 534  D=  -1 * 13
 X= 809 X2= 808  Y= 321 Y2= 329 P1= 794 P2= 478 T1=  15 T2=  16  P= 534  D=  -1 * 14
 X= 809 X2= 808  Y= 321 Y2= 328 P1= 794 P2= 478 T1=  15 T2=  16  P= 534  D=  -1 * 15
 X= 809 X2= 810  Y= 322 Y2= 328 P1= 794 P2= 478 T1=  16 T2=  15  P= 534  D=  -1 * 16
 X= 809 X2= 808  Y= 322 Y2= 330 P1= 793 P2= 478 T1=  16 T2=  15  P= 531  D=  -1 * 17
 X= 810 X2= 806  Y= 321 Y2= 328 P1= 794 P2= 478 T1=  15 T2=  16  P= 534  D=  -1 * 18
 X= 809 X2= 807  Y= 321 Y2= 329 P1= 794 P2= 478 T1=  16 T2=  15  P= 534  D=  -1 * 19
 X= 808 X2= 808  Y= 321 Y2= 329 P1= 794 P2= 478 T1=  15 T2=  16  P= 534  D=  -1 * 20
 X= 809 X2= 808  Y= 321 Y2= 328 P1= 794 P2= 478 T1=  14 T2=  16  P= 534  D=  -1 * 21
 X= 810 X2= 809  Y= 321 Y2= 328 P1= 794 P2= 478 T1=  15 T2=  15  P= 534  D=  -1 * 22
 X= 810 X2= 808  Y= 321 Y2= 329 P1= 794 P2= 478 T1=  16 T2=  14  P= 534  D=  -1 * 23
 X= 808 X2= 808  Y= 321 Y2= 328 P1= 794 P2= 477 T1=  16 T2=  16  P= 536  D=  -1 * 24
Remove Pin
 X= 810 X2= 809  Y= 321 Y2= 328 P1= 795 P2= 478 T1=  15 T2=  17  P= 536  D=  -1 * 24
 X= 809 X2= 809  Y= 322 Y2= 328 P1= 793 P2= 477 T1=  16 T2=  15  P= 535  D=  -1 * 24
 X= 809 X2= 809  Y= 321 Y2= 328 P1= 794 P2= 477 T1=  15 T2=  14  P= 537  D=  -1 * 24
 X= 809 X2= 808  Y= 321 Y2= 330 P1= 793 P2= 478 T1=  16 T2=  15  P= 531  D=  -1 * 24
 X= 809 X2= 809  Y= 321 Y2= 325 P1= 795 P2= 477 T1=  15 T2=  15  P= 538  D=  -1 * 24
 X= 809 X2= 808  Y= 319 Y2= 329 P1= 794 P2= 478 T1=  15 T2=  15  P= 534  D=  -1 * 24
 X= 809 X2= 808  Y= 322 Y2= 329 P1= 794 P2= 478 T1=  14 T2=  16  P= 534  D=  -1 * 24
 X= 809 X2= 807  Y= 322 Y2= 328 P1= 794 P2= 478 T1=  16 T2=  16  P= 534  D=  -1 * 24
 X= 809 X2= 808  Y= 322 Y2= 327 P1= 794 P2= 478 T1=  16 T2=  15  P= 534  D=  -1 * 24
 X= 810 X2= 807  Y= 321 Y2= 329 P1= 794 P2= 478 T1=  16 T2=  15  P= 534  D=  -1 * 24
 X= 810 X2= 808  Y= 322 Y2= 329 P1= 794 P2= 478 T1=  15 T2=  15  P= 534  D=  -1 * 24
 X= 810 X2= 808  Y= 321 Y2= 329 P1= 794 P2= 478 T1=  15 T2=  16  P= 534  D=  -1 * 24
 X= 809 X2= 807  Y= 321 Y2= 328 P1= 794 P2= 478 T1=  16 T2=  16  P= 534  D=  -1 * 24
 X= 809 X2= 808  Y= 321 Y2= 329 P1= 794 P2= 478 T1=  15 T2=  15  P= 534  D=  -1 * 24
 X= 810 X2= 808  Y= 323 Y2= 329 P1= 794 P2= 478 T1=  14 T2=  15  P= 534  D=  -1 * 24
 X= 810 X2= 809  Y= 322 Y2= 327 P1= 794 P2= 478 T1=  15 T2=  15  P= 534  D=  -1 * 24
 X= 809 X2= 808  Y= 322 Y2= 330 P1= 797 P2= 478 T1=  15 T2=  13  P= 538  D=  -1 * 24
 X= 809 X2= 808  Y= 321 Y2= 328 P1= 794 P2= 478 T1=  16 T2=  16  P= 534  D=  -1 * 24
 X= 809 X2= 809  Y= 321 Y2= 329 P1= 794 P2= 479 T1=  16 T2=  15  P= 531  D=  -1 * 24
 X= 809 X2= 809  Y= 321 Y2= 328 P1= 792 P2= 481 T1=  15 T2=  16  P= 522  D=  -1 * 24
 X= 810 X2= 809  Y= 321 Y2= 328 P1= 793 P2= 480 T1=  15 T2=  16  P= 527  D=  -1 * 24
 X= 809 X2= 808  Y= 322 Y2= 328 P1= 794 P2= 478 T1=  16 T2=  15  P= 534  D=  -1 * 24
 X=1023 X2=1012  Y= 976 Y2=1020 P1=1023 P2=   0 T1=1023 T2= 884  P= 534  D=  -1 
 X= 853 X2=1022  Y= 985 Y2=1019 P1=1023 P2=   0 T1=1023 T2= 873  P= 534  D=  -1 
 X= 881 X2=1023  Y= 986 Y2=1021 P1=1023 P2=   0 T1=1023 T2= 930  P= 534  D=  -1 
target state=2 point=456,249
 X= 811 X2=1023  Y= 972 Y2=1019 P1=1023 P2=   0 T1=1023 T2= 910  P= 534  D=  -1 
 X=1020 X2=1009  Y=1019 Y2=1023 P1=1023 P2=   0 T1=1020 T2=1019  P= 534  D=  -1 
 X=1023 X2=1022  Y= 987 Y2=1023 P1=1023 P2=   0 T1=1021 T2= 937  P= 534  D=  -1 
 X=1019 X2=1006  Y= 986 Y2=1022 P1=1023 P2=   0 T1=1020 T2= 958  P= 534  D=  -1 
 X= 882 X2=1021  Y= 977 Y2=1020 P1=1023 P2=   0 T1=1023 T2= 958  P= 534  D=  -1 
 X= 892 X2=1023  Y= 983 Y2=1023 P1=1023 P2=   0 T1=1020 T2= 938  P= 534  D=  -1 
 X= 972 X2=1021  Y= 993 Y2=1023 P1=1023 P2=   0 T1=1023 T2= 937  P= 534  D=  -1 
 X= 974 X2=1023  Y= 956 Y2=1023 P1=1023 P2=   0 T1=1020 T2= 924  P= 534  D=  -1 
 X= 962 X2=1023  Y= 971 Y2=1019 P1=1021 P2=   0 T1=1023 T2= 912  P= 534  D=  -1 
 X= 969 X2=1021  Y= 984 Y2=1023 P1=1023 P2=   0 T1=1023 T2= 937  P= 534  D=  -1 
 X= 821 X2=1023  Y= 987 Y2=1020 P1=1023 P2=   0 T1=1023 T2= 920  P= 534  D=  -1 
 X= 826 X2=1023  Y= 991 Y2=1020 P1=1023 P2=   0 T1=1023 T2= 946  P= 534  D=  -1 
 X=1023 X2=1013  Y= 987 Y2=1023 P1=1023 P2=   0 T1=1023 T2= 910  P= 534  D=  -1 
 X=1023 X2= 993  Y= 990 Y2=1023 P1=1023 P2=   0 T1=1021 T2= 946  P= 534  D=  -1 
 X= 906 X2=1023  Y= 993 Y2=1018 P1=1023 P2=   0 T1=1023 T2= 931  P= 534  D=  -1 
 X= 943 X2=1002  Y= 991 Y2=1019 P1=1023 P2=   0 T1=1020 T2= 940  P= 534  D=  -1 
 X= 922 X2=1023  Y= 973 Y2=1019 P1=1023 P2=   0 T1=1022 T2= 950  P= 534  D=  -1 
 X= 883 X2=1023  Y= 992 Y2=1020 P1=1023 P2=   0 T1=1023 T2= 910  P= 534  D=  -1 
 X= 922 X2=1023  Y= 992 Y2=1023 P1=1023 P2=   0 T1=1023 T2= 910  P= 534  D=  -1 
 X= 998 X2=1014  Y= 982 Y2=1020 P1=1023 P2=   0 T1=1020 T2= 952  P= 534  D=  -1 
 X= 937 X2=1021  Y= 970 Y2=1023 P1=1023 P2=   0 T1=1019 T2= 950  P= 534  D=  -1 
 X= 933 X2=1020  Y= 972 Y2=1019 P1=1023 P2=   0 T1=1021 T2= 940  P= 534  D=  -1 
 X= 803 X2=1023  Y= 997 Y2=1023 P1=1023 P2=   0 T1=1020 T2= 933  P= 534  D=  -1 
 X= 881 X2=1021  Y= 986 Y2=1019 P1=1023 P2=   0 T1=1023 T2= 931  P= 534  D=  -1 
 X= 880 X2=1017  Y= 974 Y2=1019 P1=1023 P2=   0 T1=1019 T2= 911  P= 534  D=  -1 
 X=1023 X2=1019  Y= 981 Y2=1021 P1=1023 P2=   0 T1=1021 T2= 929  P= 534  D=  -1 
 X=1007 X2=1023  Y= 995 Y2=1020 P1=1023 P2=   0 T1=1018 T2= 913  P= 534  D=  -1 
 X= 946 X2=1021  Y= 998 Y2=1023 P1=1023 P2=   0 T1=1021 T2= 911  P= 534  D=  -1 
 X= 871 X2=1022  Y= 985 Y2=1023 P1=1023 P2=   0 T1=1023 T2= 895  P= 534  D=  -1 
 X= 937 X2=1023  Y= 988 Y2=1023 P1=1023 P2=   0 T1=1023 T2= 907  P= 534  D=  -1 
 X= 949 X2=1023  Y= 969 Y2=1020 P1=1023 P2=   0 T1=1020 T2= 951  P= 534  D=  -1 
 X= 969 X2=1008  Y= 992 Y2=1020 P1=1023 P2=   0 T1=1023 T2= 934  P= 534  D=  -1 
 X=1023 X2=1015  Y= 985 Y2=1020 P1=1023 P2=   0 T1=1019 T2= 956  P= 534  D=  -1 
 X= 919 X2=1023  Y= 971 Y2=1023 P1=1023 P2=   0 T1=1020 T2= 903  P= 534  D=  -1 
 X= 890 X2=1023  Y= 982 Y2=1020 P1=1023 P2=   0 T1=1020 T2= 897  P= 534  D=  -1 
 X= 834 X2=1020  Y= 977 Y2=1023 P1=1023 P2=   0 T1=1020 T2= 947  P= 534  D=  -1 
 X= 876 X2=1023  Y= 987 Y2=1023 P1=1023 P2=   0 T1=1020 T2= 941  P= 534  D=  -1 
 X=1012 X2= 995  Y= 990 Y2=1019 P1=1023 P2=   0 T1=1021 T2= 904  P= 534  D=  -1 
 X= 992 X2=1019  Y= 972 Y2=1019 P1=1023 P2=   0 T1=1020 T2= 909  P= 534  D=  -1 
 X= 948 X2=1017  Y= 976 Y2=1019 P1=1023 P2=   0 T1=1020 T2= 947  P= 534  D=  -1 
 X= 927 X2=1021  Y= 971 Y2=1019 P1=1023 P2=   0 T1=1021 T2= 907  P= 534  D=  -1 
 X= 939 X2=1004  Y= 984 Y2=1020 P1=1023 P2=   0 T1=1023 T2= 907  P= 534  D=  -1 
 X= 841 X2=1023  Y= 993 Y2=1019 P1=1023 P2=   0 T1=1023 T2= 893  P= 534  D=  -1 
 X= 981 X2= 995  Y= 976 Y2=1023 P1=1023 P2=   0 T1=1019 T2= 942  P= 534  D=  -1 
 X= 977 X2=1013  Y= 954 Y2=1020 P1=1023 P2=   0 T1=1020 T2= 917  P= 534  D=  -1 
 X= 963 X2=1023  Y= 986 Y2=1019 P1=1023 P2=   0 T1=1020 T2= 906  P= 534  D=  -1 
 X= 911 X2=1023  Y= 985 Y2=1023 P1=1023 P2=   0 T1=1020 T2= 951  P= 534  D=  -1 
 X=1021 X2=1003  Y= 984 Y2=1021 P1=1023 P2=   0 T1=1023 T2= 931  P= 534  D=  -1 
 X=1005 X2=1013  Y= 987 Y2=1023 P1=1023 P2=   0 T1=1023 T2= 929  P= 534  D=  -1 
 X= 941 X2=1023  Y= 971 Y2=1020 P1=1023 P2=   0 T1=1023 T2= 893  P= 534  D=  -1 
 X=1020 X2= 995  Y= 970 Y2=1020 P1=1023 P2=   0 T1=1018 T2= 930  P= 534  D=  -1 
 X= 934 X2=1023  Y= 971 Y2=1019 P1=1023 P2=   0 T1=1020 T2= 948  P= 534  D=  -1 
 X= 858 X2=1023  Y= 993 Y2=1020 P1=1023 P2=   0 T1=1021 T2= 949  P= 534  D=  -1 
 X= 916 X2=1023  Y= 992 Y2=1023 P1=1023 P2=   0 T1=1023 T2= 923  P= 534  D=  -1 
 X= 901 X2=1017  Y= 966 Y2=1018 P1=1023 P2=   0 T1=1023 T2= 891  P= 534  D=  -1 
 X= 944 X2=1023  Y= 959 Y2=1018 P1=1023 P2=   0 T1=1020 T2= 943  P= 534  D=  -1 
 X= 973 X2=1007  Y= 966 Y2=1023 P1=1023 P2=   0 T1=1023 T2= 935  P= 534  D=  -1 
 X= 998 X2=1018  Y= 979 Y2=1020 P1=1023 P2=   0 T1=1020 T2= 948  P= 534  D=  -1 
 X= 951 X2=1023  Y= 963 Y2=1023 P1=1023 P2=   0 T1=1020 T2= 945  P= 534  D=  -1 
 X= 940 X2=1022  Y= 960 Y2=1023 P1=1023 P2=   0 T1=1023 T2= 949  P= 534  D=  -1 
 X= 817 X2=1010  Y= 971 Y2=1023 P1=1023 P2=   0 T1=  17 T2= 930  P= 534  D=  -1 * 0
 X= 810 X2= 810  Y= 712 Y2= 718 P1= 908 P2= 541 T1=  15 T2=  15  P= 549  D=  -1 * 0
 X= 816 X2= 814  Y= 717 Y2= 718 P1= 915 P2= 512 T1=  46 T2=  18  P= 549  D=  -1 
 X= 808 X2= 810  Y= 713 Y2= 717 P1= 910 P2= 534 T1=  16 T2=  17  P= 569  D=  -1 * 0
 X= 807 X2= 810  Y= 713 Y2= 717 P1= 909 P2= 537 T1=  14 T2=  16  P= 559  D=  -1 * 0
 X= 809 X2= 810  Y= 712 Y2= 717 P1= 908 P2= 538 T1=  16 T2=  16  P= 555  D=  -1 * 1
 X= 809 X2= 810  Y= 712 Y2= 717 P1= 908 P2= 539 T1=  16 T2=  16  P= 553  D=  -1 * 2
 X= 808 X2= 810  Y= 712 Y2= 717 P1= 909 P2= 538 T1=  17 T2=  16  P= 557  D=  -1 * 3
 X= 809 X2= 810  Y= 713 Y2= 717 P1= 908 P2= 539 T1=  15 T2=  16  P= 553  D=  -1 * 4
 X= 809 X2= 810  Y= 713 Y2= 718 P1= 908 P2= 540 T1=  16 T2=  15  P= 550  D=  -1 * 5
 X= 809 X2= 809  Y= 713 Y2= 717 P1= 908 P2= 540 T1=  16 T2=  16  P= 550  D=  -1 * 6
 X= 809 X2= 810  Y= 713 Y2= 717 P1= 908 P2= 541 T1=  16 T2=  15  P= 548  D=  -1 * 7
 X= 809 X2= 811  Y= 714 Y2= 724 P1= 909 P2= 538 T1=  16 T2=  17  P= 558  D=  -1 * 8
 X= 809 X2= 810  Y= 713 Y2= 717 P1= 907 P2= 540 T1=  15 T2=  15  P= 549  D=  -1 * 9
 X= 809 X2= 810  Y= 713 Y2= 716 P1= 908 P2= 540 T1=  15 T2=  16  P= 550  D=  -1 * 10
 X= 809 X2= 810  Y= 713 Y2= 718 P1= 908 P2= 540 T1=  15 T2=  16  P= 550  D=  -1 * 11
 X= 807 X2= 810  Y= 713 Y2= 721 P1= 908 P2= 540 T1=  15 T2=  16  P= 550  D=  -1 * 12
 X= 809 X2= 810  Y= 712 Y2= 722 P1= 910 P2= 540 T1=  17 T2=  16  P= 554  D=  -1 * 13
 X= 809 X2= 810  Y= 712 Y2= 717 P1= 908 P2= 539 T1=  15 T2=  16  P= 553  D=  -1 * 14
 X= 809 X2= 812  Y= 712 Y2= 716 P1= 909 P2= 540 T1=  15 T2=  16  P= 553  D=  -1 * 15
 X= 808 X2= 809  Y= 712 Y2= 717 P1= 908 P2= 539 T1=  15 T2=  16  P= 552  D=  -1 * 16
 X= 810 X2= 810  Y= 712 Y2= 718 P1= 908 P2= 539 T1=  15 T2=  17  P= 554  D=  -1 * 17
 X= 809 X2= 810  Y= 712 Y2= 717 P1= 908 P2= 539 T1=  16 T2=  16  P= 553  D=  -1 * 18
 X= 809 X2= 809  Y= 712 Y2= 718 P1= 908 P2= 540 T1=  15 T2=  16  P= 550  D=  -1 * 19
 X= 810 X2= 811  Y= 713 Y2= 717 P1= 908 P2= 540 T1=  16 T2=  15  P= 551  D=  -1 * 20
 X= 809 X2= 810  Y= 712 Y2= 716 P1= 908 P2= 539 T1=  17 T2=  16  P= 553  D=  -1 * 21
 X= 809 X2= 810  Y= 712 Y2= 717 P1= 908 P2= 540 T1=  15 T2=  16  P= 550  D=  -1 * 22
 X= 809 X2= 811  Y= 712 Y2= 714 P1= 908 P2= 540 T1=  15 T2=  16  P= 551  D=  -1 * 23
 X= 809 X2= 810  Y= 712 Y2= 717 P1= 908 P2= 540 T1=  18 T2=  16  P= 550  D=  -1 * 24
Remove Pin
 X= 810 X2= 812  Y= 713 Y2= 716 P1= 908 P2= 539 T1=  16 T2=  15  P= 554  D=  -1 * 24
 X= 809 X2= 810  Y= 712 Y2= 716 P1= 908 P2= 540 T1=  15 T2=  13  P= 550  D=  -1 * 24
 X= 810 X2= 808  Y= 713 Y2= 717 P1= 907 P2= 540 T1=  16 T2=  16  P= 549  D=  -1 * 24
 X= 809 X2= 812  Y= 713 Y2= 717 P1= 908 P2= 540 T1=  16 T2=  15  P= 551  D=  -1 * 24
 X= 809 X2= 810  Y= 713 Y2= 718 P1= 908 P2= 540 T1=  16 T2=  16  P= 550  D=  -1 * 24
 X= 808 X2= 810  Y= 713 Y2= 717 P1= 908 P2= 540 T1=  15 T2=  16  P= 550  D=  -1 * 24
 X= 809 X2= 810  Y= 712 Y2= 716 P1= 908 P2= 540 T1=  16 T2=  16  P= 550  D=  -1 * 24
 X= 810 X2= 811  Y= 712 Y2= 717 P1= 908 P2= 540 T1=  16 T2=  15  P= 551  D=  -1 * 24
 X= 809 X2= 810  Y= 712 Y2= 720 P1= 908 P2= 540 T1=  17 T2=  16  P= 550  D=  -1 * 24
 X= 809 X2= 811  Y= 713 Y2= 717 P1= 907 P2= 540 T1=  16 T2=  16  P= 549  D=  -1 * 24
 X= 809 X2= 813  Y= 713 Y2= 716 P1= 911 P2= 539 T1=  16 T2=  16  P= 559  D=  -1 * 24
 X= 815 X2= 811  Y= 712 Y2= 717 P1= 907 P2= 543 T1=  15 T2=  16  P= 544  D=  -1 * 24
 X= 809 X2= 810  Y= 713 Y2= 719 P1= 906 P2= 547 T1=  16 T2=  15  P= 530  D=  -1 * 24
 X= 809 X2= 810  Y= 713 Y2= 717 P1= 906 P2= 548 T1=  15 T2=  15  P= 528  D=  -1 * 24
 X= 809 X2= 810  Y= 712 Y2= 717 P1= 906 P2= 547 T1=  17 T2=  15  P= 530  D=  -1 * 24
 X= 809 X2= 812  Y= 713 Y2= 718 P1= 907 P2= 542 T1=  15 T2=  16  P= 545  D=  -1 * 24
 X= 900 X2=1023  Y= 989 Y2=1023 P1=1023 P2=   0 T1=1023 T2= 896  P= 545  D=  -1 
 X= 966 X2= 992  Y= 977 Y2=1020 P1=1023 P2=   0 T1=1020 T2= 943  P= 545  D=  -1 
 X= 973 X2=1018  Y= 988 Y2=1019 P1=1023 P2=   0 T1=1023 T2= 930  P= 545  D=  -1 
target state=3 point=23,249
 X= 946 X2=1023  Y= 996 Y2=1023 P1=1023 P2=   0 T1=1023 T2= 920  P= 545  D=  -1 
 X= 833 X2=1023  Y= 998 Y2=1015 P1=1023 P2=   0 T1=1023 T2= 906  P= 545  D=  -1 
 X= 874 X2=1023  Y= 986 Y2=1021 P1=1023 P2=   0 T1=1023 T2= 903  P= 545  D=  -1 
 X= 983 X2=1014  Y= 986 Y2=1023 P1=1023 P2=   0 T1=1021 T2= 947  P= 545  D=  -1 
 X= 911 X2=1022  Y= 969 Y2=1023 P1=1023 P2=   0 T1=1023 T2= 949  P= 545  D=  -1 
 X=1023 X2=1016  Y= 979 Y2=1020 P1=1020 P2=   0 T1=1020 T2= 951  P= 545  D=  -1 
 X= 954 X2=1023  Y= 983 Y2=1023 P1=1023 P2=   0 T1=1019 T2= 928  P= 545  D=  -1 
 X= 864 X2=1023  Y= 988 Y2=1021 P1=1023 P2=   0 T1=1021 T2= 942  P= 545  D=  -1 
 X= 923 X2=1023  Y= 991 Y2=1023 P1=1023 P2=   0 T1=1023 T2= 934  P= 545  D=  -1 
 X=1023 X2=1016  Y= 973 Y2=1019 P1=1023 P2=   0 T1=1023 T2= 905  P= 545  D=  -1 
 X= 851 X2=1023  Y= 992 Y2=1019 P1=1023 P2=   0 T1=1020 T2= 917  P= 545  D=  -1 
 X=1023 X2=1009  Y= 993 Y2=1023 P1=1023 P2=   0 T1=1023 T2= 931  P= 545  D=  -1 
 X= 887 X2=1023  Y= 994 Y2=1020 P1=1023 P2=   0 T1=1023 T2= 914  P= 545  D=  -1 
 X= 947 X2=1022  Y= 990 Y2=1019 P1=1023 P2=   0 T1=1020 T2= 944  P= 545  D=  -1 
 X= 925 X2=1023  Y= 988 Y2=1023 P1=1023 P2=   0 T1=1023 T2= 904  P= 545  D=  -1 
 X= 963 X2=1023  Y= 969 Y2=1022 P1=1023 P2=   0 T1=1020 T2= 944  P= 545  D=  -1 
 X= 925 X2=1021  Y= 957 Y2=1023 P1=1023 P2=   0 T1=1021 T2= 941  P= 545  D=  -1 
 X=1023 X2=1020  Y= 984 Y2=1021 P1=1023 P2=   0 T1=1020 T2= 941  P= 545  D=  -1 
 X= 970 X2=1023  Y= 992 Y2=1019 P1=1023 P2=   0 T1=1019 T2= 920  P= 545  D=  -1 
 X=1022 X2=1023  Y= 984 Y2=1023 P1=1023 P2=   1 T1=1020 T2= 908  P= 545  D=  -1 
 X=1003 X2=1013  Y= 988 Y2=1023 P1=1023 P2=   0 T1=1020 T2= 932  P= 545  D=  -1 
 X=1023 X2=1014  Y= 990 Y2=1023 P1=1023 P2=   0 T1=1020 T2= 916  P= 545  D=  -1 
 X= 948 X2=1021  Y= 987 Y2=1020 P1=1023 P2=   0 T1=1023 T2= 931  P= 545  D=  -1 
 X= 965 X2=1022  Y= 985 Y2=1023 P1=1023 P2=   0 T1=1021 T2= 956  P= 545  D=  -1 
 X= 934 X2=1023  Y= 974 Y2=1023 P1=1023 P2=   0 T1=1020 T2= 927  P= 545  D=  -1 
 X= 867 X2=1018  Y= 985 Y2=1023 P1=1023 P2=   0 T1=1023 T2= 944  P= 545  D=  -1 
 X= 904 X2=1023  Y= 992 Y2=1020 P1=1023 P2=   0 T1=1023 T2= 943  P= 545  D=  -1 
 X= 956 X2=1019  Y= 987 Y2=1023 P1=1023 P2=   0 T1=1023 T2= 923  P= 545  D=  -1 
 X= 997 X2=1014  Y= 986 Y2=1023 P1=1023 P2=   0 T1=1020 T2= 915  P= 545  D=  -1 
 X= 943 X2=1020  Y= 991 Y2=1020 P1=1023 P2=   0 T1=1022 T2= 889  P= 545  D=  -1 
 X=1023 X2=1015  Y= 969 Y2=1019 P1=1023 P2=   0 T1=1021 T2= 890  P= 545  D=  -1 
 X=1023 X2=1016  Y= 970 Y2=1023 P1=1023 P2=   0 T1=1021 T2= 930  P= 545  D=  -1 
 X= 895 X2=1023  Y= 990 Y2=1020 P1=1023 P2=   0 T1=1021 T2= 957  P= 545  D=  -1 
 X= 944 X2=1023  Y= 990 Y2=1020 P1=1023 P2=   0 T1=1018 T2= 942  P= 545  D=  -1 
 X= 956 X2=1023  Y= 994 Y2=1020 P1=1023 P2=   0 T1=1020 T2= 926  P= 545  D=  -1 
 X= 871 X2=1016  Y= 989 Y2=1023 P1=1023 P2=   0 T1=1020 T2= 906  P= 545  D=  -1 
 X=1018 X2=1003  Y= 990 Y2=1023 P1=1023 P2=   0 T1=1023 T2= 950  P= 545  D=  -1 
 X=1021 X2=1019  Y= 966 Y2=1020 P1=1023 P2=   0 T1=1019 T2= 930  P= 545  D=  -1 
 X= 993 X2=1019  Y= 991 Y2=1023 P1=1023 P2=   0 T1=1023 T2= 909  P= 545  D=  -1 
 X= 941 X2=1023  Y= 997 Y2=1019 P1=1023 P2=   0 T1=1021 T2= 944  P= 545  D=  -1 
 X=1018 X2=1015  Y= 988 Y2=1023 P1=1023 P2=   0 T1=1023 T2= 916  P= 545  D=  -1 
 X= 833 X2=1022  Y= 982 Y2=1023 P1=1023 P2=   0 T1=1022 T2= 909  P= 545  D=  -1 
 X= 916 X2=1023  Y= 970 Y2=1018 P1=1023 P2=   0 T1=1020 T2= 908  P= 545  D=  -1 
 X= 950 X2=1016  Y= 983 Y2=1023 P1=1023 P2=   0 T1=1023 T2= 946  P= 545  D=  -1 
 X= 900 X2=1021  Y= 987 Y2=1023 P1=1023 P2=   0 T1=1019 T2= 939  P= 545  D=  -1 
 X= 941 X2=1023  Y= 981 Y2=1020 P1=1023 P2=   0 T1=1023 T2= 947  P= 545  D=  -1 
 X=1023 X2=1014  Y= 983 Y2=1023 P1=1023 P2=   0 T1=1020 T2= 935  P= 545  D=  -1 
 X= 877 X2=1021  Y= 961 Y2=1020 P1=1023 P2=   0 T1=1020 T2= 936  P= 545  D=  -1 
 X= 945 X2=1021  Y= 990 Y2=1023 P1=1023 P2=   0 T1=1020 T2= 951  P= 545  D=  -1 
 X= 941 X2= 997  Y= 993 Y2=1021 P1=1023 P2=   0 T1=1020 T2= 935  P= 545  D=  -1 
 X= 943 X2=1023  Y= 989 Y2=1023 P1=1023 P2=   0 T1=1021 T2= 942  P= 545  D=  -1 
 X= 784 X2=1023  Y= 987 Y2=1020 P1=1023 P2=   0 T1=1020 T2= 931  P= 545  D=  -1 
 X= 942 X2=1013  Y= 975 Y2=1023 P1=1023 P2=   0 T1=1023 T2= 939  P= 545  D=  -1 
 X= 886 X2=1017  Y= 984 Y2=1023 P1=1023 P2=   1 T1=1020 T2= 939  P= 545  D=  -1 
 X= 921 X2=1023  Y= 997 Y2=1018 P1=1023 P2=   0 T1=1023 T2= 903  P= 545  D=  -1 
 X=1023 X2=1012  Y= 990 Y2=1023 P1=1023 P2=   0 T1=1020 T2= 945  P= 545  D=  -1 
 X=1023 X2=1017  Y= 979 Y2=1023 P1=1023 P2=   0 T1=1020 T2= 935  P= 545  D=  -1 
 X= 916 X2=1023  Y= 964 Y2=1020 P1=1023 P2=   0 T1=1020 T2= 949  P= 545  D=  -1 
 X= 947 X2=1021  Y= 994 Y2=1020 P1=1023 P2=   0 T1=1023 T2= 944  P= 545  D=  -1 
 X= 957 X2=1023  Y= 996 Y2=1020 P1=1023 P2=   0 T1=1020 T2= 929  P= 545  D=  -1 
 X= 830 X2=1023  Y= 989 Y2=1019 P1=1023 P2=   0 T1=1020 T2= 949  P= 545  D=  -1 
 X= 895 X2=1023  Y= 987 Y2=1019 P1=1023 P2=   0 T1=1019 T2= 918  P= 545  D=  -1 
 X= 981 X2=1013  Y= 989 Y2=1023 P1=1023 P2=   0 T1=1019 T2= 941  P= 545  D=  -1 
 X= 943 X2=1023  Y= 985 Y2=1019 P1=1023 P2=   0 T1=1020 T2= 950  P= 545  D=  -1 
 X= 929 X2=1001  Y= 984 Y2=1021 P1=1023 P2=   0 T1=1021 T2= 947  P= 545  D=  -1 
 X=1023 X2=1018  Y= 986 Y2=1023 P1=1023 P2=   0 T1=1020 T2= 903  P= 545  D=  -1 
 X=1023 X2=1020  Y= 995 Y2=1019 P1=1023 P2=   0 T1=1023 T2= 952  P= 545  D=  -1 
 X= 895 X2=1023  Y= 985 Y2=1023 P1=1023 P2=   0 T1=1023 T2= 938  P= 545  D=  -1 
 X= 975 X2=1007  Y= 992 Y2=1023 P1=1023 P2=   0 T1=1020 T2= 938  P= 545  D=  -1 
 X= 904 X2=1018  Y= 984 Y2=1020 P1=1023 P2=   0 T1=1021 T2= 914  P= 545  D=  -1 
 X= 833 X2=1023  Y= 978 Y2=1019 P1=1023 P2=   0 T1=1023 T2= 923  P= 545  D=  -1 
 X=1023 X2=1015  Y= 987 Y2=1020 P1=1023 P2=   0 T1=1018 T2= 908  P= 545  D=  -1 
 X=1002 X2=1014  Y= 980 Y2=1019 P1=1023 P2=   0 T1=1021 T2= 919  P= 545  D=  -1 
 X= 884 X2=1021  Y= 987 Y2=1023 P1=1023 P2=   0 T1=1023 T2= 946  P= 545  D=  -1 
 X= 973 X2= 988  Y= 971 Y2=1017 P1=1023 P2=   0 T1=1023 T2= 945  P= 545  D=  -1 
 X= 995 X2=1007  Y= 994 Y2=1020 P1=1022 P2=   0 T1=1023 T2= 914  P= 545  D=  -1 
 X= 881 X2=1023  Y= 997 Y2=1018 P1=1023 P2=   0 T1=1023 T2= 904  P= 545  D=  -1 
 X= 959 X2=1020  Y= 990 Y2=1023 P1=1023 P2=   0 T1=1020 T2= 929  P= 545  D=  -1 
 X= 866 X2=1021  Y= 980 Y2=1023 P1=1023 P2=   0 T1=1023 T2= 911  P= 545  D=  -1 
 X= 967 X2=1023  Y= 993 Y2=1023 P1=1023 P2=   0 T1=1023 T2= 949  P= 545  D=  -1 
 X= 790 X2=1023  Y= 986 Y2=1023 P1=1023 P2=   0 T1=1022 T2= 930  P= 545  D=  -1 
 X=1022 X2= 996  Y= 980 Y2=1023 P1=1023 P2=   0 T1=1023 T2= 908  P= 545  D=  -1 
 X= 865 X2=1017  Y= 990 Y2=1023 P1=1023 P2=   0 T1=1020 T2= 952  P= 545  D=  -1 
 X= 968 X2=1023  Y= 970 Y2=1020 P1=1023 P2=   0 T1=1019 T2= 949  P= 545  D=  -1 
 X= 966 X2=1004  Y= 985 Y2=1023 P1=1023 P2=   0 T1=1020 T2= 920  P= 545  D=  -1 
 X= 932 X2=1023  Y= 973 Y2=1020 P1=1023 P2=   0 T1=1023 T2= 910  P= 545  D=  -1 
 X= 914 X2=1023  Y= 990 Y2=1023 P1=1023 P2=   0 T1=1020 T2= 948  P= 545  D=  -1 
 X= 906 X2=1023  Y= 976 Y2=1019 P1=1020 P2=   0 T1=1020 T2= 912  P= 545  D=  -1 
 X= 979 X2=1019  Y= 960 Y2=1023 P1=1023 P2=   0 T1=1020 T2= 941  P= 545  D=  -1 
 X= 790 X2=1023  Y= 988 Y2=1023 P1=1023 P2=   0 T1=1020 T2= 915  P= 545  D=  -1 
 X=1023 X2= 996  Y= 988 Y2=1023 P1=1023 P2=   0 T1=1020 T2= 944  P= 545  D=  -1 
 X=1015 X2= 993  Y= 988 Y2=1021 P1=1023 P2=   0 T1=1021 T2= 938  P= 545  D=  -1 
 X= 934 X2=1023  Y= 986 Y2=1019 P1=1023 P2=   0 T1=1022 T2= 910  P= 545  D=  -1 
 X= 947 X2=1023  Y= 990 Y2=1020 P1=1023 P2=   0 T1=1018 T2= 921  P= 545  D=  -1 
 X= 935 X2=1007  Y= 967 Y2=1020 P1=1023 P2=   0 T1=1023 T2= 931  P= 545  D=  -1 
 X= 991 X2=1023  Y=1020 Y2=1020 P1=1023 P2=   0 T1=1021 T2=1012  P= 545  D=  -1 
 X= 960 X2=1023  Y= 957 Y2=1023 P1=1023 P2=   0 T1=1020 T2= 926  P= 545  D=  -1 
 X= 931 X2=1023  Y= 965 Y2=1019 P1=1023 P2=   0 T1=1020 T2= 936  P= 545  D=  -1 
 X= 928 X2=1023  Y= 975 Y2=1023 P1=1023 P2=   0 T1=1020 T2= 949  P= 545  D=  -1 
 X= 944 X2=1003  Y= 979 Y2=1023 P1=1023 P2=   0 T1=1023 T2= 921  P= 545  D=  -1 
 X=1012 X2=1007  Y= 985 Y2=1023 P1=1023 P2=   0 T1=1023 T2= 932  P= 545  D=  -1 
 X= 996 X2=1005  Y= 987 Y2=1023 P1=1023 P2=   0 T1=1020 T2= 940  P= 545  D=  -1 
 X= 954 X2=1020  Y= 976 Y2=1020 P1=1023 P2=   0 T1=1020 T2= 914  P= 545  D=  -1 
 X=1023 X2= 994  Y= 972 Y2=1021 P1=1023 P2=   0 T1=1018 T2= 935  P= 545  D=  -1 
 X= 970 X2=1023  Y= 991 Y2=1019 P1=1023 P2=   0 T1=1023 T2= 938  P= 545  D=  -1 
 X= 874 X2=1023  Y= 984 Y2=1020 P1=1023 P2=   0 T1=1021 T2= 911  P= 545  D=  -1 
 X=1006 X2= 993  Y= 990 Y2=1020 P1=1023 P2=   0 T1=1023 T2= 912  P= 545  D=  -1 
 X= 870 X2=1022  Y= 985 Y2=1019 P1=1023 P2=   0 T1=1023 T2= 949  P= 545  D=  -1 
 X= 936 X2=1023  Y= 979 Y2=1023 P1=1023 P2=   0 T1=1020 T2= 937  P= 545  D=  -1 
 X= 970 X2=1014  Y= 988 Y2=1019 P1=1023 P2=   0 T1=1021 T2= 932  P= 545  D=  -1 
 X=1023 X2=1021  Y= 974 Y2=1019 P1=1023 P2=   0 T1=1020 T2= 914  P= 545  D=  -1 
 X= 978 X2= 996  Y= 984 Y2=1023 P1=1023 P2=   0 T1=1018 T2= 948  P= 545  D=  -1 
 X= 980 X2= 992  Y= 986 Y2=1019 P1=1023 P2=   0 T1=1023 T2= 909  P= 545  D=  -1 
 X= 924 X2=1021  Y= 990 Y2=1019 P1=1023 P2=   0 T1=1023 T2= 907  P= 545  D=  -1 
 X= 978 X2= 992  Y= 978 Y2=1020 P1=1023 P2=   0 T1=1023 T2= 940  P= 545  D=  -1 
 X= 961 X2=1023  Y= 991 Y2=1022 P1=1023 P2=   0 T1=1021 T2= 937  P= 545  D=  -1 
 X= 233 X2= 235  Y= 713 Y2=1022 P1=1023 P2=   0 T1=  22 T2= 885  P= 545  D=  -1 * 0
 X= 954 X2=1023  Y= 980 Y2=1020 P1=1023 P2=   0 T1=1023 T2= 953  P= 545  D=  -1 
 X= 935 X2=1023  Y= 992 Y2=1023 P1=1023 P2=   0 T1=1023 T2= 887  P= 545  D=  -1 
 X= 236 X2= 239  Y= 715 Y2= 710 P1= 837 P2= 235 T1=  23 T2=  24  P= 545  D=  -1 * 0
 X= 239 X2= 237  Y= 715 Y2= 710 P1= 848 P2= 221 T1=1016 T2=  24  P= 545  D=  -1 
 X= 234 X2= 237  Y= 714 Y2= 709 P1= 838 P2= 230 T1=  24 T2=  23  P= 545  D=  -1 * 0
 X= 236 X2= 236  Y= 714 Y2= 710 P1= 838 P2= 231 T1=  23 T2=  23  P= 545  D=  -1 * 0
 X= 234 X2= 236  Y= 713 Y2= 709 P1= 837 P2= 231 T1=  24 T2=  23  P= 545  D=  -1 * 1
 X= 234 X2= 236  Y= 714 Y2= 709 P1= 838 P2= 232 T1=  23 T2=  25  P= 545  D=  -1 * 2
 X= 234 X2= 237  Y= 714 Y2= 709 P1= 835 P2= 231 T1=  24 T2=  24  P= 545  D=  -1 * 3
 X= 236 X2= 236  Y= 714 Y2= 709 P1= 837 P2= 232 T1=  23 T2=  24  P= 545  D=  -1 * 4
 X= 234 X2= 237  Y= 713 Y2= 709 P1= 837 P2= 231 T1=  23 T2=  22  P= 545  D=  -1 * 5
 X= 235 X2= 237  Y= 713 Y2= 709 P1= 837 P2= 232 T1=  23 T2=  23  P= 545  D=  -1 * 6
 X= 234 X2= 237  Y= 713 Y2= 709 P1= 836 P2= 233 T1=  22 T2=  23  P= 545  D=  -1 * 7
 X= 234 X2= 236  Y= 713 Y2= 709 P1= 836 P2= 233 T1=  22 T2=  23  P= 545  D=  -1 * 8
 X= 235 X2= 237  Y= 713 Y2= 710 P1= 836 P2= 233 T1=  23 T2=  23  P= 545  D=  -1 * 9
 X= 234 X2= 236  Y= 713 Y2= 710 P1= 835 P2= 234 T1=  22 T2=  23  P= 545  D=  -1 * 10
 X= 234 X2= 237  Y= 713 Y2= 709 P1= 836 P2= 234 T1=  23 T2=  23  P= 545  D=  -1 * 11
 X= 234 X2= 236  Y= 713 Y2= 710 P1= 835 P2= 235 T1=  23 T2=  23  P= 545  D=  -1 * 12
 X= 235 X2= 236  Y= 713 Y2= 709 P1= 836 P2= 233 T1=  23 T2=  23  P= 545  D=  -1 * 13
 X= 234 X2= 236  Y= 713 Y2= 709 P1= 834 P2= 234 T1=  24 T2=  22  P= 545  D=  -1 * 14
 X= 234 X2= 236  Y= 713 Y2= 709 P1= 835 P2= 234 T1=  23 T2=  23  P= 545  D=  -1 * 15
 X= 234 X2= 236  Y= 713 Y2= 707 P1= 835 P2= 234 T1=  23 T2=  23  P= 545  D=  -1 * 16
 X= 234 X2= 236  Y= 714 Y2= 710 P1= 835 P2= 234 T1=  23 T2=  23  P= 545  D=  -1 * 17
 X= 234 X2= 236  Y= 714 Y2= 709 P1= 835 P2= 234 T1=  23 T2=  24  P= 545  D=  -1 * 18
 X= 233 X2= 236  Y= 713 Y2= 709 P1= 835 P2= 234 T1=  24 T2=  22  P= 545  D=  -1 * 19
 X= 234 X2= 237  Y= 714 Y2= 709 P1= 835 P2= 234 T1=  24 T2=  24  P= 545  D=  -1 * 20
 X= 234 X2= 235  Y= 714 Y2= 708 P1= 835 P2= 234 T1=  24 T2=  23  P= 545  D=  -1 * 21
 X= 236 X2= 236  Y= 713 Y2= 709 P1= 835 P2= 234 T1=  23 T2=  23  P= 545  D=  -1 * 22
 X= 235 X2= 237  Y= 715 Y2= 709 P1= 835 P2= 234 T1=  23 T2=  23  P= 545  D=  -1 * 23
 X= 234 X2= 237  Y= 714 Y2= 708 P1= 836 P2= 233 T1=  23 T2=  24  P= 545  D=  -1 * 24
Remove Pin
 X= 234 X2= 236  Y= 713 Y2= 709 P1= 835 P2= 233 T1=  24 T2=  23  P= 545  D=  -1 * 24
 X= 235 X2= 237  Y= 713 Y2= 709 P1= 836 P2= 234 T1=  22 T2=  24  P= 545  D=  -1 * 24
 X= 234 X2= 235  Y= 713 Y2= 709 P1= 835 P2= 234 T1=  23 T2=  20  P= 545  D=  -1 * 24
 X= 234 X2= 237  Y= 713 Y2= 710 P1= 835 P2= 234 T1=  23 T2=  23  P= 545  D=  -1 * 24
 X= 233 X2= 237  Y= 714 Y2= 709 P1= 836 P2= 234 T1=  22 T2=  22  P= 545  D=  -1 * 24
 X= 234 X2= 236  Y= 713 Y2= 709 P1= 835 P2= 234 T1=  23 T2=  26  P= 545  D=  -1 * 24
 X= 234 X2= 235  Y= 713 Y2= 707 P1= 835 P2= 234 T1=  22 T2=  23  P= 545  D=  -1 * 24
 X= 233 X2= 237  Y= 713 Y2= 709 P1= 836 P2= 234 T1=  23 T2=  23  P= 545  D=  -1 * 24
 X= 233 X2= 236  Y= 713 Y2= 708 P1= 835 P2= 234 T1=  23 T2=  23  P= 545  D=  -1 * 24
 X= 234 X2= 235  Y= 714 Y2= 708 P1= 835 P2= 235 T1=  23 T2=  23  P= 545  D=  -1 * 24
 X= 233 X2= 235  Y= 713 Y2= 710 P1= 835 P2= 234 T1=  22 T2=  24  P= 545  D=  -1 * 24
 X= 234 X2= 236  Y= 713 Y2= 709 P1= 835 P2= 235 T1=  24 T2=  21  P= 545  D=  -1 * 24
 X= 234 X2= 237  Y= 713 Y2= 709 P1= 835 P2= 234 T1=  22 T2=  24  P= 545  D=  -1 * 24
 X= 234 X2= 236  Y= 713 Y2= 709 P1= 835 P2= 235 T1=  23 T2=  24  P= 545  D=  -1 * 24
 X= 234 X2= 237  Y= 713 Y2= 710 P1= 835 P2= 234 T1=  21 T2=  23  P= 545  D=  -1 * 24
 X= 234 X2= 237  Y= 714 Y2= 710 P1= 835 P2= 234 T1=  23 T2=  23  P= 545  D=  -1 * 24
 X= 234 X2= 233  Y= 713 Y2= 709 P1= 834 P2= 233 T1=  23 T2=  23  P= 545  D=  -1 * 24
 X= 233 X2= 236  Y= 714 Y2= 709 P1= 835 P2= 234 T1=  23 T2=  23  P= 545  D=  -1 * 24
 X= 233 X2= 236  Y= 714 Y2= 709 P1= 835 P2= 234 T1=  24 T2=  23  P= 545  D=  -1 * 24
 X= 234 X2= 235  Y= 712 Y2= 709 P1= 835 P2= 235 T1=  23 T2=  24  P= 545  D=  -1 * 24
 X= 234 X2= 236  Y= 713 Y2= 708 P1= 835 P2= 234 T1=  24 T2=  23  P= 545  D=  -1 * 24
 X= 233 X2= 236  Y= 713 Y2= 709 P1= 835 P2= 234 T1=  24 T2=  23  P= 545  D=  -1 * 24
 X= 234 X2= 235  Y= 713 Y2= 709 P1= 834 P2= 235 T1=  23 T2=  27  P= 545  D=  -1 * 24
 X= 234 X2= 237  Y= 713 Y2= 709 P1= 835 P2= 235 T1=  23 T2=  23  P= 545  D=  -1 * 24
 X= 235 X2= 235  Y= 713 Y2= 708 P1= 835 P2= 234 T1=  23 T2=  24  P= 545  D=  -1 * 24
 X= 234 X2= 237  Y= 710 Y2= 709 P1= 836 P2= 233 T1=  23 T2=  23  P= 545  D=  -1 * 24
 X= 233 X2= 236  Y= 713 Y2= 709 P1= 836 P2= 233 T1=  24 T2=  23  P= 545  D=  -1 * 24
 X= 235 X2= 237  Y= 713 Y2= 708 P1= 835 P2= 235 T1=  23 T2=  23  P= 545  D=  -1 * 24
 X= 234 X2= 237  Y= 713 Y2= 708 P1= 834 P2= 235 T1=  24 T2=  22  P= 545  D=  -1 * 24
 X= 235 X2= 239  Y= 713 Y2= 708 P1= 839 P2= 228 T1=  24 T2=  24  P= 545  D=  -1 * 24
 X= 901 X2=1021  Y= 971 Y2=1020 P1=1023 P2=   0 T1=1023 T2= 941  P= 545  D=  -1 
 X=1009 X2=1004  Y= 982 Y2=1023 P1=1023 P2=   0 T1=1023 T2= 915  P= 545  D=  -1 
 X=1000 X2=1015  Y= 994 Y2=1023 P1=1023 P2=   0 T1=1021 T2= 921  P= 545  D=  -1 
Target Noise  x= 2.50 y= 2.50
X[0]: Target= 23   235/ 236/ 237 Stdev= 0.53 N= 24  Y[0]: Target= 22   322/ 322/ 323 Stdev= 0.47 N= 24
X[1]: Target=456   808/ 809/ 810 Stdev= 0.63 N= 24  Y[1]: Target= 22   324/ 325/ 326 Stdev= 0.54 N= 24
X[2]: Target=456   808/ 809/ 810 Stdev= 0.56 N= 24  Y[2]: Target=249   713/ 715/ 719 Stdev= 1.22 N= 24
X[3]: Target= 23   234/ 235/ 236 Stdev= 0.54 N= 24  Y[3]: Target=249   710/ 711/ 712 Stdev= 0.39 N= 24
N=24 Avg=22
min: 22 22 22 22 22 22 
max: 23 23 23 23 23 23 
N=24 Avg=15
min: 15 15 15 15 15 15 
max: 17 16 16 16 15 15 
N=24 Avg=15
min: 15 15 15 15 15 15 
max: 16 16 16 16 16 16 
N=24 Avg=22
min: 22 22 22 22 23 23 
max: 24 24 24 23 23 23 
Using TNT center offset = 19
TNT Plane Coef: a= -856 b=   85 c= 419536
At  235, 322: Real=  23 Fit=  23 Offset=   4
At  808, 324: Real=  15 Fit=  16 Offset=  -3
At  809, 714: Real=  16 Fit=  17 Offset=  -2
At  235, 711: Real=  23 Fit=  23 Offset=   4
Fit Corners: 26, 13, 14, 26  Center: 19
Setting for min_tnt_up:   521
Setting for max_tnt_down: 24 (V2:36)
Entering calib_pressure_mfg
Using default pressure curve
468 471 487 495 509 524 553 575 612 
Summary:
Setting for max_tnt_down:      24
3.7 setting for max_tnt_down:     -1
Setting for min_tnt_up:       521
Setting for max_delta_tnt:      5
3.8 setting for max_delta_tnt:     -1
Setting for delay_in_us:        1
Setting for y_delay_in_us:      1
Setting for tnt_delay_in_us:    1
Setting for pressure_curve:  468 471 487 495 509 524 553 575 612
Setting for tnt_mode:           1
Setting for averaging:         -1
Setting for pointercal:      49523 0 -10130744 -133 38243 -10841205 65536
Setting for tnt_plane:       -856 85 419536
