new-calib: New touch screen calibration program v3.13
Serial Number='15051E00010B06020047'
Using tnt_mode=1
Setting for delay_in_us:        1
Setting for y_delay_in_us:      1
Setting for tnt_delay_in_us:    1
Setting for max_delta_tnt:      5
Setting for tnt_mode:           1
Setting for averaging:         -1
Entering get_four_points
target_noise  x= 2.50 y= 2.50 t= 2.50
target state=0 point=23,22
 X= 896 X2=  -1  Y= 980 Y2=  -1 P1=  -1 P2=  -1 T1=1022 T2= 926  P=  -1  D=  -1 
 X=1023 X2=1014  Y= 989 Y2=1023 P1=  -1 P2=  -1 T1=1020 T2= 963  P=  -1  D=  -1 
 X= 994 X2=1012  Y= 979 Y2=1019 P1=  -1 P2=  -1 T1=1023 T2= 938  P=  -1  D=  -1 
 X= 981 X2= 997  Y= 982 Y2=1019 P1=  -1 P2=  -1 T1=1020 T2= 909  P=  -1  D=  -1 
 X= 935 X2=1023  Y= 993 Y2=1020 P1=  -1 P2=  -1 T1=1022 T2= 941  P=  -1  D=  -1 
 X=1023 X2=1011  Y= 976 Y2=1023 P1=  -1 P2=  -1 T1=1020 T2= 946  P=  -1  D=  -1 
 X=1023 X2=1011  Y= 986 Y2=1020 P1=  -1 P2=  -1 T1=1020 T2= 942  P=  -1  D=  -1 
 X= 804 X2=1023  Y= 987 Y2=1023 P1=  -1 P2=  -1 T1=1020 T2= 932  P=  -1  D=  -1 
 X= 868 X2=1023  Y= 981 Y2=1019 P1=  -1 P2=  -1 T1=1023 T2= 920  P=  -1  D=  -1 
 X=1022 X2=1019  Y= 978 Y2=1023 P1=  -1 P2=  -1 T1=1020 T2= 915  P=  -1  D=  -1 
 X= 909 X2=1023  Y= 989 Y2=1019 P1=  -1 P2=  -1 T1=1023 T2= 916  P=  -1  D=  -1 
 X= 950 X2=1009  Y= 982 Y2=1020 P1=  -1 P2=  -1 T1=1020 T2= 934  P=  -1  D=  -1 
 X= 989 X2=1019  Y= 991 Y2=1023 P1=  -1 P2=  -1 T1=1020 T2= 929  P=  -1  D=  -1 
 X=1001 X2=1015  Y= 983 Y2=1023 P1=  -1 P2=  -1 T1=1020 T2= 944  P=  -1  D=  -1 
 X= 955 X2=1022  Y= 981 Y2=1023 P1=  -1 P2=   1 T1=1023 T2= 916  P=  -1  D=  -1 
 X= 972 X2= 992  Y= 988 Y2=1019 P1=  -1 P2=   0 T1=1020 T2= 924  P=  -1  D=  -1 
 X= 948 X2=1023  Y= 984 Y2=1019 P1=  -1 P2=   0 T1=1023 T2= 913  P=  -1  D=  -1 
 X=1023 X2=1013  Y= 996 Y2=1023 P1=  -1 P2=   0 T1=1023 T2= 936  P=  -1  D=  -1 
 X= 882 X2=1021  Y= 984 Y2=1020 P1=  -1 P2=   0 T1=1023 T2= 931  P=  -1  D=  -1 
 X= 990 X2=1023  Y= 997 Y2=1020 P1=  -1 P2=   0 T1=1021 T2= 943  P=  -1  D=  -1 
 X= 932 X2=1023  Y= 988 Y2=1020 P1=  -1 P2=   0 T1=1021 T2= 918  P=  -1  D=  -1 
 X= 950 X2=1015  Y= 983 Y2=1023 P1=  -1 P2=   0 T1=1023 T2= 911  P=  -1  D=  -1 
 X= 988 X2=1012  Y= 977 Y2=1023 P1=  -1 P2=   0 T1=1020 T2= 940  P=  -1  D=  -1 
 X= 880 X2=1023  Y= 982 Y2=1020 P1=  -1 P2=   0 T1=1021 T2= 928  P=  -1  D=  -1 
 X=1023 X2=1016  Y= 977 Y2=1023 P1=  -1 P2=   0 T1=1020 T2= 934  P=  -1  D=  -1 
 X= 977 X2=1023  Y= 971 Y2=1023 P1=  -1 P2=   0 T1=1023 T2= 943  P=  -1  D=  -1 
 X= 839 X2=1023  Y= 978 Y2=1020 P1=  -1 P2=   0 T1=1020 T2= 902  P=  -1  D=  -1 
 X=1022 X2=1022  Y= 990 Y2=1020 P1=  -1 P2=   0 T1=1023 T2= 929  P=  -1  D=  -1 
 X= 954 X2=1023  Y= 989 Y2=1020 P1=  -1 P2=   0 T1=1020 T2= 911  P=  -1  D=  -1 
 X= 896 X2=1020  Y= 965 Y2=1023 P1=  -1 P2=   0 T1=1020 T2= 926  P=  -1  D=  -1 
 X= 921 X2= 992  Y= 989 Y2=1020 P1=  -1 P2=   0 T1=1020 T2= 949  P=  -1  D=  -1 
 X=1012 X2=1013  Y= 989 Y2=1023 P1=  -1 P2=   0 T1=1019 T2= 947  P=  -1  D=  -1 
 X= 871 X2=1023  Y= 985 Y2=1019 P1=  -1 P2=   0 T1=1023 T2= 912  P=  -1  D=  -1 
 X= 888 X2=1023  Y= 983 Y2=1019 P1=  -1 P2=   0 T1=1023 T2= 904  P=  -1  D=  -1 
 X=1023 X2=1015  Y= 977 Y2=1023 P1=  -1 P2=   0 T1=1023 T2= 938  P=  -1  D=  -1 
 X= 900 X2=1021  Y= 980 Y2=1023 P1=  -1 P2=   0 T1=1023 T2= 945  P=  -1  D=  -1 
 X= 942 X2=1023  Y= 989 Y2=1019 P1=  -1 P2=   0 T1=1023 T2= 932  P=  -1  D=  -1 
 X=1019 X2= 991  Y= 984 Y2=1019 P1=  -1 P2=   0 T1=1023 T2= 912  P=  -1  D=  -1 
 X= 980 X2=1013  Y= 992 Y2=1020 P1=  -1 P2=   0 T1=1023 T2= 950  P=  -1  D=  -1 
 X= 966 X2=1018  Y= 988 Y2=1019 P1=  -1 P2=   0 T1=1023 T2= 931  P=  -1  D=  -1 
 X= 960 X2= 993  Y= 979 Y2=1020 P1=  -1 P2=   0 T1=1023 T2= 930  P=  -1  D=  -1 
 X=1002 X2=1014  Y= 983 Y2=1019 P1=  -1 P2=   0 T1=1023 T2= 924  P=  -1  D=  -1 
 X= 891 X2=1023  Y= 992 Y2=1020 P1=  -1 P2=   0 T1=1023 T2= 884  P=  -1  D=  -1 
 X= 939 X2=1023  Y= 989 Y2=1023 P1=  -1 P2=   0 T1=1023 T2= 937  P=  -1  D=  -1 
 X= 933 X2=1018  Y= 993 Y2=1020 P1=  -1 P2=   0 T1=1023 T2= 912  P=  -1  D=  -1 
 X= 845 X2=1023  Y= 989 Y2=1023 P1=  -1 P2=   0 T1=1021 T2= 913  P=  -1  D=  -1 
 X= 892 X2=1022  Y= 971 Y2=1020 P1=  -1 P2=   0 T1=1023 T2= 929  P=  -1  D=  -1 
 X= 877 X2=1017  Y= 990 Y2=1020 P1=  -1 P2=   0 T1=1023 T2= 923  P=  -1  D=  -1 
 X= 818 X2=1023  Y= 982 Y2=1023 P1=  -1 P2=   0 T1=1020 T2= 889  P=  -1  D=  -1 
 X= 964 X2=1023  Y= 982 Y2=1023 P1=  -1 P2=   0 T1=1023 T2= 927  P=  -1  D=  -1 
 X= 919 X2=1022  Y= 986 Y2=1019 P1=  -1 P2=   0 T1=1020 T2= 938  P=  -1  D=  -1 
 X= 940 X2=1023  Y= 978 Y2=1023 P1=  -1 P2=   0 T1=1023 T2= 930  P=  -1  D=  -1 
 X= 926 X2=1023  Y= 994 Y2=1018 P1=  -1 P2=   0 T1=1023 T2= 924  P=  -1  D=  -1 
 X= 991 X2=1018  Y= 993 Y2=1020 P1=  -1 P2=   0 T1=1023 T2= 930  P=  -1  D=  -1 
 X= 881 X2=1023  Y= 984 Y2=1020 P1=  -1 P2=   0 T1=1023 T2= 933  P=  -1  D=  -1 
 X= 817 X2=1023  Y= 959 Y2=1022 P1=  -1 P2=   0 T1=1023 T2= 913  P=  -1  D=  -1 
 X=1023 X2= 992  Y= 983 Y2=1020 P1=  -1 P2=   0 T1=1020 T2= 933  P=  -1  D=  -1 
 X= 992 X2=1009  Y= 984 Y2=1019 P1=  -1 P2=   0 T1=1023 T2= 934  P=  -1  D=  -1 
 X= 973 X2=1023  Y= 985 Y2=1019 P1=  -1 P2=   0 T1=1020 T2= 913  P=  -1  D=  -1 
 X= 965 X2= 995  Y= 975 Y2=1023 P1=  -1 P2=   0 T1=1022 T2= 946  P=  -1  D=  -1 
 X= 821 X2=1023  Y= 984 Y2=1023 P1=  -1 P2=   0 T1=1022 T2= 946  P=  -1  D=  -1 
 X= 913 X2=1023  Y= 987 Y2=1020 P1=  -1 P2=   0 T1=1023 T2= 916  P=  -1  D=  -1 
 X= 973 X2=1022  Y= 981 Y2=1022 P1=  -1 P2=   0 T1=1021 T2= 943  P=  -1  D=  -1 
 X= 935 X2=1017  Y= 984 Y2=1023 P1=  -1 P2=   0 T1=1020 T2= 951  P=  -1  D=  -1 
 X= 812 X2=1017  Y= 981 Y2=1020 P1=  -1 P2=   0 T1=1023 T2= 944  P=  -1  D=  -1 
 X=1023 X2=1006  Y= 977 Y2=1023 P1=  -1 P2=   0 T1=1022 T2= 927  P=  -1  D=  -1 
 X=1020 X2= 997  Y= 977 Y2=1020 P1=  -1 P2=   0 T1=1021 T2= 945  P=  -1  D=  -1 
 X= 908 X2=1023  Y= 988 Y2=1023 P1=  -1 P2=   0 T1=1023 T2= 940  P=  -1  D=  -1 
 X= 983 X2=1022  Y= 989 Y2=1019 P1=1020 P2=   0 T1=1019 T2= 945  P=  -1  D=  -1 
 X= 886 X2=1023  Y= 995 Y2=1022 P1=1023 P2=   0 T1=1023 T2= 924  P=  -1  D=  -1 
 X= 833 X2=1023  Y= 971 Y2=1019 P1=1023 P2=   1 T1=1023 T2= 925  P=  -1  D=  -1 
 X= 238 X2= 233  Y= 327 Y2= 320 P1= 687 P2= 189 T1=  22 T2=  23  P= 618  D=  -1 * 0
 X= 237 X2= 235  Y= 327 Y2= 320 P1= 684 P2= 191 T1=  23 T2=  23  P= 609  D=  -1 * 0
 X= 237 X2= 235  Y= 327 Y2= 320 P1= 684 P2= 190 T1=  23 T2=  23  P= 613  D=  -1 * 0
 X= 238 X2= 234  Y= 326 Y2= 322 P1= 689 P2= 188 T1=  24 T2=  23  P= 628  D=  -1 * 0
 X= 235 X2= 235  Y= 327 Y2= 321 P1= 686 P2= 189 T1=  23 T2=  23  P= 617  D=  -1 * 1
 X= 238 X2= 233  Y= 328 Y2= 321 P1= 686 P2= 189 T1=  23 T2=  21  P= 617  D=  -1 * 2
 X= 237 X2= 234  Y= 329 Y2= 321 P1= 686 P2= 189 T1=  23 T2=  23  P= 617  D=  -1 * 3
 X= 237 X2= 235  Y= 328 Y2= 321 P1= 686 P2= 190 T1=  24 T2=  23  P= 615  D=  -1 * 4
 X= 238 X2= 235  Y= 328 Y2= 321 P1= 686 P2= 189 T1=  22 T2=  23  P= 620  D=  -1 * 5
 X= 239 X2= 235  Y= 328 Y2= 321 P1= 686 P2= 190 T1=  23 T2=  23  P= 618  D=  -1 * 6
 X= 236 X2= 235  Y= 328 Y2= 321 P1= 686 P2= 190 T1=  23 T2=  23  P= 613  D=  -1 * 7
 X= 239 X2= 235  Y= 328 Y2= 320 P1= 685 P2= 190 T1=  23 T2=  22  P= 617  D=  -1 * 8
 X= 237 X2= 235  Y= 328 Y2= 321 P1= 685 P2= 190 T1=  24 T2=  23  P= 614  D=  -1 * 9
 X= 238 X2= 234  Y= 328 Y2= 321 P1= 685 P2= 190 T1=  23 T2=  21  P= 614  D=  -1 * 10
 X= 238 X2= 236  Y= 328 Y2= 321 P1= 685 P2= 191 T1=  23 T2=  23  P= 612  D=  -1 * 11
 X= 238 X2= 234  Y= 328 Y2= 321 P1= 684 P2= 191 T1=  23 T2=  22  P= 609  D=  -1 * 12
 X= 237 X2= 235  Y= 328 Y2= 321 P1= 683 P2= 191 T1=  23 T2=  23  P= 607  D=  -1 * 13
 X= 237 X2= 235  Y= 328 Y2= 320 P1= 684 P2= 191 T1=  21 T2=  24  P= 609  D=  -1 * 14
 X= 237 X2= 235  Y= 328 Y2= 321 P1= 683 P2= 191 T1=  23 T2=  23  P= 607  D=  -1 * 15
 X= 237 X2= 235  Y= 327 Y2= 321 P1= 684 P2= 191 T1=  23 T2=  24  P= 609  D=  -1 * 16
 X= 237 X2= 235  Y= 328 Y2= 321 P1= 685 P2= 191 T1=  22 T2=  24  P= 610  D=  -1 * 17
 X= 238 X2= 235  Y= 328 Y2= 322 P1= 684 P2= 192 T1=  23 T2=  23  P= 604  D=  -1 * 18
 X= 238 X2= 235  Y= 328 Y2= 320 P1= 683 P2= 192 T1=  23 T2=  23  P= 603  D=  -1 * 19
 X= 237 X2= 236  Y= 328 Y2= 321 P1= 683 P2= 191 T1=  23 T2=  23  P= 607  D=  -1 * 20
 X= 243 X2= 235  Y= 328 Y2= 321 P1= 683 P2= 191 T1=  23 T2=  23  P= 615  D=  -1 * 21
 X= 237 X2= 236  Y= 327 Y2= 321 P1= 683 P2= 192 T1=  23 T2=  23  P= 603  D=  -1 * 22
 X= 238 X2= 233  Y= 328 Y2= 320 P1= 683 P2= 191 T1=  23 T2=  23  P= 605  D=  -1 * 23
 X= 238 X2= 236  Y= 327 Y2= 321 P1= 683 P2= 191 T1=  25 T2=  22  P= 610  D=  -1 * 24
Remove Pin
 X= 238 X2= 235  Y= 327 Y2= 321 P1= 683 P2= 191 T1=  23 T2=  23  P= 607  D=  -1 * 24
 X= 238 X2= 234  Y= 328 Y2= 321 P1= 682 P2= 193 T1=  22 T2=  23  P= 597  D=  -1 * 24
 X= 238 X2= 235  Y= 328 Y2= 321 P1= 682 P2= 191 T1=  23 T2=  23  P= 606  D=  -1 * 24
 X= 238 X2= 235  Y= 328 Y2= 320 P1= 682 P2= 192 T1=  23 T2=  22  P= 602  D=  -1 * 24
 X= 237 X2= 234  Y= 328 Y2= 321 P1= 682 P2= 192 T1=  22 T2=  23  P= 599  D=  -1 * 24
 X= 238 X2= 236  Y= 328 Y2= 321 P1= 682 P2= 192 T1=  23 T2=  23  P= 604  D=  -1 * 24
 X= 237 X2= 235  Y= 328 Y2= 320 P1= 682 P2= 193 T1=  23 T2=  23  P= 597  D=  -1 * 24
 X= 236 X2= 234  Y= 327 Y2= 321 P1= 682 P2= 192 T1=  23 T2=  23  P= 599  D=  -1 * 24
 X= 238 X2= 236  Y= 328 Y2= 320 P1= 682 P2= 192 T1=  23 T2=  23  P= 604  D=  -1 * 24
 X= 237 X2= 235  Y= 328 Y2= 321 P1= 683 P2= 192 T1=  23 T2=  23  P= 603  D=  -1 * 24
 X= 237 X2= 233  Y= 328 Y2= 321 P1= 682 P2= 192 T1=  23 T2=  22  P= 599  D=  -1 * 24
 X= 237 X2= 236  Y= 325 Y2= 320 P1= 682 P2= 192 T1=  23 T2=  23  P= 602  D=  -1 * 24
 X= 238 X2= 234  Y= 328 Y2= 321 P1= 682 P2= 192 T1=  23 T2=  23  P= 602  D=  -1 * 24
 X= 237 X2= 235  Y= 327 Y2= 320 P1= 681 P2= 194 T1=  26 T2=  23  P= 592  D=  -1 * 24
 X= 238 X2= 235  Y= 325 Y2= 319 P1= 678 P2= 195 T1=  23 T2=  22  P= 584  D=  -1 * 24
 X= 236 X2= 234  Y= 326 Y2= 319 P1= 677 P2= 196 T1=  22 T2=  23  P= 576  D=  -1 * 24
 X= 238 X2= 236  Y= 325 Y2= 320 P1= 676 P2= 196 T1=  22 T2=  22  P= 580  D=  -1 * 24
 X= 238 X2= 235  Y= 326 Y2= 320 P1= 678 P2= 194 T1=  21 T2=  23  P= 588  D=  -1 * 24
 X= 238 X2= 236  Y= 327 Y2= 320 P1= 690 P2= 188 T1=  23 T2=  24  P= 632  D=  -1 * 24
 X= 907 X2=1023  Y= 986 Y2=1020 P1=1023 P2=   0 T1=1023 T2= 954  P= 632  D=  -1 
 X= 914 X2=1018  Y= 985 Y2=1019 P1=1023 P2=   0 T1=1023 T2= 940  P= 632  D=  -1 
 X=1023 X2=1019  Y= 980 Y2=1023 P1=1023 P2=   0 T1=1023 T2= 947  P= 632  D=  -1 
target state=1 point=456,22
 X= 959 X2=1021  Y= 991 Y2=1020 P1=1023 P2=   0 T1=1023 T2= 912  P= 632  D=  -1 
 X=1023 X2=1007  Y= 990 Y2=1023 P1=1023 P2=   0 T1=1023 T2= 933  P= 632  D=  -1 
 X= 834 X2=1023  Y= 961 Y2=1019 P1=1023 P2=   0 T1=1023 T2= 942  P= 632  D=  -1 
 X= 928 X2=1023  Y= 986 Y2=1020 P1=1023 P2=   0 T1=1023 T2= 926  P= 632  D=  -1 
 X= 985 X2=1016  Y= 987 Y2=1020 P1=1023 P2=   0 T1=1021 T2= 908  P= 632  D=  -1 
 X= 971 X2=1014  Y= 977 Y2=1019 P1=1023 P2=   0 T1=1020 T2= 933  P= 632  D=  -1 
 X= 897 X2=1021  Y= 983 Y2=1020 P1=1023 P2=   0 T1=1023 T2= 896  P= 632  D=  -1 
 X= 949 X2=1002  Y= 988 Y2=1019 P1=1023 P2=   0 T1=1020 T2= 924  P= 632  D=  -1 
 X=1023 X2= 994  Y= 984 Y2=1020 P1=1023 P2=   0 T1=1023 T2= 925  P= 632  D=  -1 
 X= 913 X2=1023  Y= 991 Y2=1018 P1=1023 P2=   0 T1=1023 T2= 918  P= 632  D=  -1 
 X= 869 X2=1023  Y= 976 Y2=1023 P1=1023 P2=   0 T1=1023 T2= 942  P= 632  D=  -1 
 X= 951 X2=1023  Y= 990 Y2=1023 P1=1023 P2=   0 T1=1020 T2= 934  P= 632  D=  -1 
 X= 858 X2=1023  Y= 969 Y2=1023 P1=1023 P2=   0 T1=1020 T2= 889  P= 632  D=  -1 
 X= 831 X2=1023  Y= 983 Y2=1020 P1=1023 P2=   0 T1=1023 T2= 935  P= 632  D=  -1 
 X=1023 X2=1008  Y= 988 Y2=1019 P1=1023 P2=   0 T1=1023 T2= 938  P= 632  D=  -1 
 X= 874 X2=1021  Y= 990 Y2=1023 P1=1023 P2=   0 T1=1023 T2= 913  P= 632  D=  -1 
 X= 944 X2=1023  Y= 989 Y2=1023 P1=1023 P2=   0 T1=1023 T2= 940  P= 632  D=  -1 
 X=1023 X2=1015  Y= 975 Y2=1023 P1=1023 P2=   0 T1=1017 T2= 937  P= 632  D=  -1 
 X= 885 X2=1023  Y= 972 Y2=1021 P1=1023 P2=   0 T1=1023 T2= 946  P= 632  D=  -1 
 X= 895 X2=1023  Y= 969 Y2=1020 P1=1023 P2=   0 T1=1023 T2= 942  P= 632  D=  -1 
 X= 919 X2=1021  Y= 970 Y2=1023 P1=1023 P2=   0 T1=1019 T2= 927  P= 632  D=  -1 
 X= 962 X2=1023  Y= 981 Y2=1023 P1=1023 P2=   0 T1=1022 T2= 927  P= 632  D=  -1 
 X= 773 X2=1023  Y= 973 Y2=1023 P1=1023 P2=   0 T1=1023 T2= 928  P= 632  D=  -1 
 X=1020 X2=1004  Y= 973 Y2=1023 P1=1023 P2=   0 T1=1023 T2= 952  P= 632  D=  -1 
 X= 863 X2=1023  Y= 987 Y2=1023 P1=1023 P2=   0 T1=1023 T2= 955  P= 632  D=  -1 
 X= 999 X2=1019  Y= 985 Y2=1023 P1=1023 P2=   0 T1=1023 T2= 913  P= 632  D=  -1 
 X=1023 X2=1007  Y= 989 Y2=1023 P1=1023 P2=   0 T1=1021 T2= 928  P= 632  D=  -1 
 X=1023 X2= 994  Y= 982 Y2=1020 P1=1023 P2=   0 T1=1023 T2= 936  P= 632  D=  -1 
 X= 895 X2=1023  Y= 971 Y2=1019 P1=1023 P2=   0 T1=1021 T2= 919  P= 632  D=  -1 
 X= 913 X2=1022  Y= 967 Y2=1023 P1=1023 P2=   0 T1=1020 T2= 904  P= 632  D=  -1 
 X= 874 X2=1020  Y= 987 Y2=1020 P1=1023 P2=   0 T1=1023 T2= 917  P= 632  D=  -1 
 X= 960 X2=1023  Y= 986 Y2=1021 P1=1023 P2=   0 T1=1023 T2= 905  P= 632  D=  -1 
 X=1009 X2=1011  Y= 982 Y2=1023 P1=1023 P2=   0 T1=1021 T2= 928  P= 632  D=  -1 
 X= 987 X2=1014  Y= 990 Y2=1023 P1=1022 P2=   0 T1=1020 T2= 936  P= 632  D=  -1 
 X= 990 X2=1014  Y= 982 Y2=1023 P1=1023 P2=   0 T1=1023 T2= 931  P= 632  D=  -1 
 X= 932 X2=1022  Y= 984 Y2=1023 P1=1023 P2=   0 T1=1019 T2= 948  P= 632  D=  -1 
 X= 965 X2=1023  Y= 984 Y2=1023 P1=1023 P2=   0 T1=1021 T2= 938  P= 632  D=  -1 
 X= 854 X2=1023  Y= 986 Y2=1019 P1=1023 P2=   0 T1=1021 T2= 930  P= 632  D=  -1 
 X= 923 X2=1023  Y= 988 Y2=1019 P1=1023 P2=   0 T1=1020 T2= 948  P= 632  D=  -1 
 X= 900 X2=1020  Y= 988 Y2=1019 P1=1023 P2=   0 T1=1020 T2= 919  P= 632  D=  -1 
 X= 954 X2=1023  Y= 974 Y2=1020 P1=1023 P2=   0 T1=1019 T2= 949  P= 632  D=  -1 
 X= 964 X2=1023  Y= 971 Y2=1019 P1=1023 P2=   0 T1=1023 T2= 932  P= 632  D=  -1 
 X=1023 X2= 994  Y= 995 Y2=1019 P1=1023 P2=   0 T1=1023 T2= 930  P= 632  D=  -1 
 X= 997 X2=1014  Y= 976 Y2=1019 P1=1023 P2=   0 T1=1021 T2= 937  P= 632  D=  -1 
 X= 941 X2=1023  Y= 986 Y2=1023 P1=1023 P2=   0 T1=1021 T2= 925  P= 632  D=  -1 
 X= 969 X2=1023  Y= 985 Y2=1020 P1=1023 P2=   0 T1=1023 T2= 944  P= 632  D=  -1 
 X= 928 X2=1023  Y= 988 Y2=1020 P1=1023 P2=   0 T1=1023 T2= 947  P= 632  D=  -1 
 X= 908 X2=1023  Y= 987 Y2=1019 P1=1023 P2=   0 T1=1020 T2= 931  P= 632  D=  -1 
 X= 932 X2=1023  Y= 987 Y2=1022 P1=1023 P2=   0 T1=1023 T2= 920  P= 632  D=  -1 
 X= 866 X2=1017  Y= 988 Y2=1023 P1=1023 P2=   0 T1=1023 T2= 947  P= 632  D=  -1 
 X= 834 X2=1023  Y= 978 Y2=1023 P1=1023 P2=   0 T1=1023 T2= 928  P= 632  D=  -1 
 X=1023 X2=1015  Y= 984 Y2=1023 P1=1023 P2=   0 T1=1023 T2= 927  P= 632  D=  -1 
 X=1023 X2= 991  Y= 984 Y2=1017 P1=1023 P2=   0 T1=1020 T2= 925  P= 632  D=  -1 
 X= 951 X2=1023  Y= 987 Y2=1018 P1=1023 P2=   0 T1=1023 T2= 939  P= 632  D=  -1 
 X= 935 X2=1023  Y= 987 Y2=1023 P1=1023 P2=   0 T1=1023 T2= 939  P= 632  D=  -1 
 X= 937 X2=1023  Y= 987 Y2=1022 P1=1023 P2=   0 T1=1020 T2= 928  P= 632  D=  -1 
 X= 963 X2=1023  Y= 983 Y2=1023 P1=1023 P2=   0 T1=1020 T2= 921  P= 632  D=  -1 
 X= 915 X2=1023  Y= 991 Y2=1020 P1=1023 P2=   0 T1=1023 T2= 909  P= 632  D=  -1 
 X=1004 X2=1002  Y= 970 Y2=1020 P1=1023 P2=   0 T1=1021 T2= 933  P= 632  D=  -1 
 X= 865 X2=1016  Y= 978 Y2=1023 P1=1023 P2=   0 T1=1023 T2= 924  P= 632  D=  -1 
 X= 952 X2=1007  Y= 994 Y2=1021 P1=1023 P2=   0 T1=1021 T2= 958  P= 632  D=  -1 
 X= 947 X2=1003  Y= 984 Y2=1023 P1=1023 P2=   0 T1=1023 T2= 942  P= 632  D=  -1 
 X= 962 X2=1021  Y= 987 Y2=1023 P1=1023 P2=   0 T1=1023 T2= 919  P= 632  D=  -1 
 X= 925 X2=1023  Y= 988 Y2=1020 P1=1023 P2=   0 T1=1023 T2= 939  P= 632  D=  -1 
 X= 980 X2= 992  Y= 983 Y2=1020 P1=1023 P2=   0 T1=1023 T2= 951  P= 632  D=  -1 
 X= 969 X2=1023  Y= 980 Y2=1023 P1=1023 P2=   0 T1=1019 T2= 938  P= 632  D=  -1 
 X= 865 X2=1022  Y= 988 Y2=1023 P1=1023 P2=   0 T1=1021 T2= 935  P= 632  D=  -1 
 X= 983 X2=1016  Y= 990 Y2=1021 P1=1023 P2=   0 T1=1023 T2= 945  P= 632  D=  -1 
 X= 978 X2=1017  Y= 987 Y2=1023 P1=1023 P2=   0 T1=1023 T2= 928  P= 632  D=  -1 
 X= 953 X2=1019  Y= 994 Y2=1020 P1=1023 P2=   0 T1=1023 T2= 923  P= 632  D=  -1 
 X= 950 X2=1021  Y= 975 Y2=1019 P1=1023 P2=   0 T1=1023 T2= 949  P= 632  D=  -1 
 X=1023 X2=1016  Y= 977 Y2=1019 P1=1022 P2=   0 T1=1023 T2= 938  P= 632  D=  -1 
 X= 894 X2=1023  Y= 992 Y2=1020 P1=1023 P2=   0 T1=1023 T2= 933  P= 632  D=  -1 
 X= 958 X2=1022  Y= 995 Y2=1019 P1=1023 P2=   0 T1=1020 T2= 923  P= 632  D=  -1 
 X= 913 X2=1023  Y= 984 Y2=1023 P1=1023 P2=   0 T1=1023 T2= 918  P= 632  D=  -1 
 X= 811 X2= 809  Y= 339 Y2=1023 P1=1023 P2=   0 T1=  15 T2=1011  P= 632  D=  -1 
 X= 810 X2= 808  Y= 325 Y2= 333 P1= 826 P2= 410 T1=  16 T2=  23  P= 632  D=  -1 * 0
 X= 810 X2= 809  Y= 327 Y2= 339 P1= 846 P2= 294 T1=  17 T2= 568  P= 632  D=  -1 * 0
 X= 809 X2= 808  Y= 322 Y2= 329 P1= 795 P2= 475 T1=  16 T2=  16  P= 543  D=  -1 * 0
 X= 810 X2= 808  Y= 323 Y2= 329 P1= 796 P2= 475 T1=  15 T2=  15  P= 546  D=  -1 * 0
 X= 809 X2= 806  Y= 322 Y2= 328 P1= 795 P2= 476 T1=  15 T2=  15  P= 540  D=  -1 * 1
 X= 807 X2= 807  Y= 322 Y2= 328 P1= 795 P2= 476 T1=  15 T2=  15  P= 540  D=  -1 * 2
 X= 808 X2= 808  Y= 320 Y2= 329 P1= 795 P2= 477 T1=  16 T2=  17  P= 538  D=  -1 * 3
 X= 804 X2= 807  Y= 320 Y2= 328 P1= 794 P2= 476 T1=  15 T2=  15  P= 537  D=  -1 * 4
 X= 808 X2= 808  Y= 322 Y2= 328 P1= 794 P2= 478 T1=  16 T2=  15  P= 534  D=  -1 * 5
 X= 808 X2= 807  Y= 321 Y2= 328 P1= 794 P2= 477 T1=  15 T2=  14  P= 535  D=  -1 * 6
 X= 809 X2= 807  Y= 321 Y2= 328 P1= 793 P2= 478 T1=  16 T2=  16  P= 531  D=  -1 * 7
 X= 807 X2= 807  Y= 322 Y2= 329 P1= 794 P2= 478 T1=  16 T2=  15  P= 533  D=  -1 * 8
 X= 809 X2= 807  Y= 322 Y2= 328 P1= 793 P2= 479 T1=  15 T2=  16  P= 529  D=  -1 * 9
 X= 809 X2= 807  Y= 321 Y2= 330 P1= 793 P2= 478 T1=  16 T2=  14  P= 531  D=  -1 * 10
 X= 808 X2= 807  Y= 321 Y2= 327 P1= 793 P2= 478 T1=  14 T2=  16  P= 531  D=  -1 * 11
 X= 809 X2= 805  Y= 322 Y2= 329 P1= 794 P2= 478 T1=  16 T2=  15  P= 533  D=  -1 * 12
 X= 809 X2= 806  Y= 322 Y2= 327 P1= 793 P2= 479 T1=  15 T2=  15  P= 528  D=  -1 * 13
 X= 809 X2= 808  Y= 321 Y2= 326 P1= 793 P2= 478 T1=  16 T2=  15  P= 531  D=  -1 * 14
 X= 808 X2= 808  Y= 321 Y2= 328 P1= 793 P2= 478 T1=  13 T2=  15  P= 531  D=  -1 * 15
 X= 810 X2= 808  Y= 321 Y2= 332 P1= 793 P2= 479 T1=  15 T2=  15  P= 529  D=  -1 * 16
 X= 809 X2= 807  Y= 322 Y2= 329 P1= 793 P2= 479 T1=  16 T2=  15  P= 529  D=  -1 * 17
 X= 808 X2= 807  Y= 321 Y2= 329 P1= 794 P2= 479 T1=  15 T2=  15  P= 530  D=  -1 * 18
 X= 808 X2= 807  Y= 322 Y2= 328 P1= 792 P2= 479 T1=  15 T2=  15  P= 526  D=  -1 * 19
 X= 816 X2= 807  Y= 322 Y2= 329 P1= 794 P2= 479 T1=  16 T2=  14  P= 532  D=  -1 * 20
 X= 807 X2= 808  Y= 322 Y2= 328 P1= 793 P2= 479 T1=  15 T2=  15  P= 528  D=  -1 * 21
 X= 808 X2= 806  Y= 321 Y2= 328 P1= 793 P2= 479 T1=  15 T2=  15  P= 528  D=  -1 * 22
 X= 808 X2= 808  Y= 322 Y2= 328 P1= 793 P2= 479 T1=  15 T2=  16  P= 529  D=  -1 * 23
 X= 809 X2= 807  Y= 322 Y2= 329 P1= 794 P2= 479 T1=  16 T2=  15  P= 530  D=  -1 * 24
Remove Pin
 X= 808 X2= 808  Y= 322 Y2= 328 P1= 794 P2= 479 T1=  15 T2=  16  P= 530  D=  -1 * 24
 X= 809 X2= 807  Y= 322 Y2= 329 P1= 793 P2= 479 T1=  16 T2=  15  P= 529  D=  -1 * 24
 X= 809 X2= 808  Y= 321 Y2= 328 P1= 794 P2= 479 T1=  15 T2=  15  P= 530  D=  -1 * 24
 X= 809 X2= 807  Y= 321 Y2= 328 P1= 793 P2= 479 T1=  16 T2=  16  P= 529  D=  -1 * 24
 X= 808 X2= 802  Y= 322 Y2= 328 P1= 793 P2= 479 T1=  16 T2=  14  P= 527  D=  -1 * 24
 X= 808 X2= 807  Y= 321 Y2= 328 P1= 794 P2= 479 T1=  15 T2=  15  P= 530  D=  -1 * 24
 X= 808 X2= 808  Y= 322 Y2= 329 P1= 793 P2= 479 T1=  15 T2=  13  P= 529  D=  -1 * 24
 X= 809 X2= 806  Y= 321 Y2= 329 P1= 793 P2= 480 T1=  15 T2=  15  P= 526  D=  -1 * 24
 X= 809 X2= 808  Y= 321 Y2= 328 P1= 793 P2= 479 T1=  15 T2=  15  P= 529  D=  -1 * 24
 X= 807 X2= 807  Y= 322 Y2= 328 P1= 793 P2= 480 T1=  15 T2=  15  P= 526  D=  -1 * 24
 X= 808 X2= 807  Y= 321 Y2= 329 P1= 792 P2= 480 T1=  15 T2=  14  P= 524  D=  -1 * 24
 X= 809 X2= 807  Y= 321 Y2= 326 P1= 792 P2= 481 T1=  16 T2=  15  P= 521  D=  -1 * 24
 X= 809 X2= 807  Y= 322 Y2= 328 P1= 793 P2= 480 T1=  16 T2=  15  P= 526  D=  -1 * 24
 X= 808 X2= 808  Y= 323 Y2= 330 P1= 796 P2= 473 T1=  16 T2=  15  P= 551  D=  -1 * 24
 X= 947 X2=1018  Y= 968 Y2=1023 P1=1023 P2=   0 T1=1020 T2= 914  P= 551  D=  -1 
 X= 815 X2=1023  Y= 986 Y2=1020 P1=1023 P2=   0 T1=1023 T2= 939  P= 551  D=  -1 
 X= 875 X2=1023  Y= 979 Y2=1023 P1=1023 P2=   0 T1=1019 T2= 913  P= 551  D=  -1 
target state=2 point=456,249
 X= 960 X2=1023  Y= 984 Y2=1023 P1=1023 P2=   0 T1=1023 T2= 935  P= 551  D=  -1 
 X= 930 X2=1023  Y= 976 Y2=1019 P1=1023 P2=   1 T1=1023 T2= 938  P= 551  D=  -1 
 X= 996 X2=1007  Y= 978 Y2=1019 P1=1023 P2=   0 T1=1022 T2= 919  P= 551  D=  -1 
 X=1023 X2=1014  Y= 979 Y2=1020 P1=1021 P2=   0 T1=1020 T2= 934  P= 551  D=  -1 
 X= 927 X2=1001  Y= 969 Y2=1020 P1=1023 P2=   0 T1=1023 T2= 925  P= 551  D=  -1 
 X= 942 X2=1023  Y= 979 Y2=1023 P1=1023 P2=   0 T1=1023 T2= 947  P= 551  D=  -1 
 X= 935 X2=1023  Y= 989 Y2=1020 P1=1023 P2=   0 T1=1023 T2= 918  P= 551  D=  -1 
 X= 952 X2=1021  Y= 985 Y2=1020 P1=1023 P2=   0 T1=1021 T2= 925  P= 551  D=  -1 
 X= 945 X2=1023  Y= 976 Y2=1020 P1=1023 P2=   0 T1=1023 T2= 926  P= 551  D=  -1 
 X= 997 X2=1006  Y= 991 Y2=1023 P1=1023 P2=   0 T1=1023 T2= 932  P= 551  D=  -1 
 X=1001 X2=1005  Y= 981 Y2=1020 P1=1023 P2=   0 T1=1020 T2= 946  P= 551  D=  -1 
 X= 914 X2=1023  Y= 991 Y2=1019 P1=1023 P2=   0 T1=1023 T2= 944  P= 551  D=  -1 
 X= 972 X2= 994  Y= 984 Y2=1020 P1=1023 P2=   0 T1=1023 T2= 944  P= 551  D=  -1 
 X=1023 X2=1014  Y= 984 Y2=1023 P1=1023 P2=   0 T1=1021 T2= 924  P= 551  D=  -1 
 X= 878 X2=1023  Y= 987 Y2=1023 P1=1023 P2=   0 T1=1021 T2= 944  P= 551  D=  -1 
 X= 912 X2=1022  Y= 985 Y2=1023 P1=1023 P2=   0 T1=1018 T2= 946  P= 551  D=  -1 
 X= 882 X2=1017  Y= 984 Y2=1023 P1=1023 P2=   0 T1=1021 T2= 941  P= 551  D=  -1 
 X= 960 X2=1023  Y= 988 Y2=1020 P1=1023 P2=   0 T1=1023 T2= 923  P= 551  D=  -1 
 X=1023 X2=1014  Y= 989 Y2=1023 P1=1023 P2=   0 T1=1023 T2= 947  P= 551  D=  -1 
 X=1023 X2=1022  Y= 985 Y2=1019 P1=1023 P2=   0 T1=1023 T2= 915  P= 551  D=  -1 
 X= 980 X2=1013  Y= 970 Y2=1020 P1=1023 P2=   0 T1=1020 T2= 930  P= 551  D=  -1 
 X= 959 X2=1022  Y= 990 Y2=1017 P1=1023 P2=   0 T1=1022 T2= 921  P= 551  D=  -1 
 X= 969 X2= 989  Y= 981 Y2=1020 P1=1023 P2=   0 T1=1023 T2= 943  P= 551  D=  -1 
 X= 904 X2=1023  Y= 992 Y2=1023 P1=1023 P2=   0 T1=1023 T2= 947  P= 551  D=  -1 
 X= 928 X2=1023  Y= 992 Y2=1023 P1=1023 P2=   0 T1=1023 T2= 928  P= 551  D=  -1 
 X= 996 X2=1016  Y= 980 Y2=1023 P1=1023 P2=   0 T1=1023 T2= 916  P= 551  D=  -1 
 X= 974 X2=1013  Y= 983 Y2=1020 P1=1023 P2=   0 T1=1021 T2= 921  P= 551  D=  -1 
 X= 959 X2=1023  Y= 985 Y2=1023 P1=1023 P2=   0 T1=1023 T2= 926  P= 551  D=  -1 
 X=1023 X2=1008  Y= 963 Y2=1019 P1=1023 P2=   0 T1=1021 T2= 921  P= 551  D=  -1 
 X= 905 X2=1023  Y= 987 Y2=1023 P1=1023 P2=   0 T1=1023 T2= 948  P= 551  D=  -1 
 X= 976 X2=1004  Y= 994 Y2=1021 P1=1023 P2=   0 T1=1023 T2= 935  P= 551  D=  -1 
 X= 952 X2=1023  Y= 983 Y2=1018 P1=1023 P2=   0 T1=1020 T2= 940  P= 551  D=  -1 
 X= 958 X2=1023  Y= 983 Y2=1023 P1=1023 P2=   1 T1=1020 T2= 937  P= 551  D=  -1 
 X= 838 X2=1023  Y= 983 Y2=1019 P1=1023 P2=   0 T1=1021 T2= 938  P= 551  D=  -1 
 X= 873 X2=1023  Y= 976 Y2=1020 P1=1023 P2=   0 T1=1023 T2= 931  P= 551  D=  -1 
 X= 986 X2=1014  Y= 993 Y2=1023 P1=1022 P2=   0 T1=1021 T2= 937  P= 551  D=  -1 
 X= 919 X2=1018  Y= 970 Y2=1023 P1=1023 P2=   0 T1=1021 T2= 947  P= 551  D=  -1 
 X=1023 X2= 994  Y= 981 Y2=1020 P1=1023 P2=   0 T1=1021 T2= 930  P= 551  D=  -1 
 X=1023 X2=1013  Y= 981 Y2=1023 P1=1023 P2=   0 T1=1023 T2= 933  P= 551  D=  -1 
 X= 887 X2=1023  Y= 980 Y2=1023 P1=1023 P2=   0 T1=1023 T2= 939  P= 551  D=  -1 
 X= 943 X2=1009  Y= 984 Y2=1020 P1=1023 P2=   0 T1=1020 T2= 925  P= 551  D=  -1 
 X= 966 X2= 994  Y= 987 Y2=1020 P1=1023 P2=   0 T1=1023 T2= 888  P= 551  D=  -1 
 X= 810 X2=1022  Y= 986 Y2=1020 P1=1023 P2=   0 T1=1023 T2= 901  P= 551  D=  -1 
 X= 876 X2=1023  Y= 985 Y2=1020 P1=1023 P2=   0 T1=1021 T2= 933  P= 551  D=  -1 
 X= 887 X2=1019  Y= 983 Y2=1020 P1=1023 P2=   0 T1=1023 T2= 936  P= 551  D=  -1 
 X= 867 X2=1021  Y= 985 Y2=1020 P1=1023 P2=   0 T1=1019 T2= 938  P= 551  D=  -1 
 X= 972 X2=1003  Y= 981 Y2=1023 P1=1023 P2=   0 T1=1023 T2= 936  P= 551  D=  -1 
 X=1023 X2=1014  Y= 988 Y2=1023 P1=1023 P2=   0 T1=1023 T2= 933  P= 551  D=  -1 
 X=1023 X2=1014  Y= 982 Y2=1023 P1=1023 P2=   0 T1=1021 T2= 940  P= 551  D=  -1 
 X= 912 X2=1023  Y= 982 Y2=1023 P1=1023 P2=   0 T1=1021 T2= 934  P= 551  D=  -1 
 X= 941 X2=1023  Y= 983 Y2=1023 P1=1023 P2=   0 T1=1023 T2= 933  P= 551  D=  -1 
 X= 820 X2=1023  Y= 981 Y2=1020 P1=1023 P2=   0 T1=1021 T2= 881  P= 551  D=  -1 
 X= 973 X2=1008  Y= 992 Y2=1023 P1=1023 P2=   0 T1=1019 T2= 943  P= 551  D=  -1 
 X=1020 X2=1002  Y= 990 Y2=1021 P1=1023 P2=   0 T1=1020 T2= 922  P= 551  D=  -1 
 X= 874 X2=1023  Y= 996 Y2=1023 P1=1023 P2=   0 T1=1023 T2= 934  P= 551  D=  -1 
 X= 867 X2=1021  Y=1023 Y2=1020 P1=1023 P2=   0 T1=1019 T2=1021  P= 551  D=  -1 
 X= 964 X2=1023  Y= 987 Y2=1020 P1=1023 P2=   0 T1=1019 T2= 939  P= 551  D=  -1 
 X= 999 X2=1014  Y= 968 Y2=1019 P1=1023 P2=   0 T1=1020 T2= 922  P= 551  D=  -1 
 X= 932 X2=1023  Y= 988 Y2=1023 P1=1023 P2=   0 T1=1023 T2= 933  P= 551  D=  -1 
 X= 925 X2=1022  Y= 970 Y2=1019 P1=1023 P2=   0 T1=1020 T2= 922  P= 551  D=  -1 
 X= 976 X2=1020  Y= 983 Y2=1019 P1=1023 P2=   0 T1=1021 T2= 913  P= 551  D=  -1 
 X= 883 X2=1016  Y= 970 Y2=1023 P1=1023 P2=   0 T1=1023 T2= 936  P= 551  D=  -1 
 X= 954 X2=1015  Y= 982 Y2=1023 P1=1023 P2=   0 T1=1022 T2= 907  P= 551  D=  -1 
 X= 808 X2= 818  Y= 976 Y2=1020 P1=1023 P2=   0 T1=  15 T2= 870  P= 551  D=  -1 * 0
 X= 808 X2= 809  Y= 713 Y2= 717 P1= 908 P2= 541 T1=  15 T2=  16  P= 547  D=  -1 * 0
 X= 808 X2= 809  Y= 714 Y2= 718 P1= 909 P2= 530 T1=  16 T2=  14  P= 577  D=  -1 * 0
 X= 808 X2= 805  Y= 713 Y2= 717 P1= 908 P2= 539 T1=  15 T2=  16  P= 551  D=  -1 * 0
 X= 807 X2= 809  Y= 713 Y2= 717 P1= 908 P2= 538 T1=  16 T2=  16  P= 555  D=  -1 * 1
 X= 808 X2= 807  Y= 712 Y2= 716 P1= 908 P2= 538 T1=  15 T2=  16  P= 554  D=  -1 * 2
 X= 808 X2= 808  Y= 713 Y2= 718 P1= 908 P2= 538 T1=  16 T2=  17  P= 555  D=  -1 * 3
 X= 810 X2= 809  Y= 714 Y2= 717 P1= 908 P2= 539 T1=  16 T2=  13  P= 553  D=  -1 * 4
 X= 807 X2= 807  Y= 713 Y2= 717 P1= 908 P2= 539 T1=  16 T2=  15  P= 551  D=  -1 * 5
 X= 807 X2= 808  Y= 713 Y2= 717 P1= 908 P2= 539 T1=  15 T2=  16  P= 551  D=  -1 * 6
 X= 807 X2= 808  Y= 712 Y2= 717 P1= 909 P2= 540 T1=  16 T2=  16  P= 551  D=  -1 * 7
 X= 808 X2= 809  Y= 713 Y2= 717 P1= 908 P2= 540 T1=  16 T2=  16  P= 550  D=  -1 * 8
 X= 808 X2= 809  Y= 713 Y2= 717 P1= 907 P2= 540 T1=  16 T2=  16  P= 548  D=  -1 * 9
 X= 808 X2= 809  Y= 713 Y2= 717 P1= 907 P2= 540 T1=  18 T2=  16  P= 548  D=  -1 * 10
 X= 808 X2= 808  Y= 713 Y2= 717 P1= 907 P2= 540 T1=  16 T2=  15  P= 548  D=  -1 * 11
 X= 807 X2= 808  Y= 712 Y2= 717 P1= 907 P2= 540 T1=  15 T2=  16  P= 547  D=  -1 * 12
 X= 809 X2= 808  Y= 713 Y2= 717 P1= 908 P2= 540 T1=  15 T2=  15  P= 550  D=  -1 * 13
 X= 808 X2= 809  Y= 713 Y2= 718 P1= 907 P2= 540 T1=  16 T2=  16  P= 548  D=  -1 * 14
 X= 808 X2= 809  Y= 713 Y2= 717 P1= 908 P2= 540 T1=  15 T2=  16  P= 550  D=  -1 * 15
 X= 808 X2= 808  Y= 712 Y2= 717 P1= 908 P2= 540 T1=  15 T2=  16  P= 550  D=  -1 * 16
 X= 807 X2= 809  Y= 713 Y2= 717 P1= 907 P2= 541 T1=  18 T2=  16  P= 546  D=  -1 * 17
 X= 807 X2= 806  Y= 712 Y2= 717 P1= 907 P2= 542 T1=  16 T2=  16  P= 542  D=  -1 * 18
 X= 807 X2= 809  Y= 713 Y2= 717 P1= 906 P2= 544 T1=  15 T2=  15  P= 537  D=  -1 * 19
 X= 807 X2= 809  Y= 713 Y2= 717 P1= 907 P2= 545 T1=  15 T2=  16  P= 536  D=  -1 * 20
 X= 808 X2= 808  Y= 715 Y2= 717 P1= 906 P2= 546 T1=  16 T2=  15  P= 532  D=  -1 * 21
 X= 809 X2= 808  Y= 712 Y2= 717 P1= 906 P2= 546 T1=  15 T2=  16  P= 532  D=  -1 * 22
 X= 807 X2= 809  Y= 711 Y2= 714 P1= 907 P2= 546 T1=  16 T2=  15  P= 534  D=  -1 * 23
 X= 807 X2= 813  Y= 713 Y2= 717 P1= 906 P2= 545 T1=  16 T2=  14  P= 536  D=  -1 * 24
Remove Pin
 X= 807 X2= 809  Y= 712 Y2= 717 P1= 907 P2= 545 T1=  16 T2=  15  P= 536  D=  -1 * 24
 X= 808 X2= 808  Y= 713 Y2= 716 P1= 906 P2= 545 T1=  16 T2=  16  P= 534  D=  -1 * 24
 X= 807 X2= 808  Y= 713 Y2= 717 P1= 907 P2= 545 T1=  15 T2=  12  P= 535  D=  -1 * 24
 X= 809 X2= 809  Y= 713 Y2= 716 P1= 906 P2= 545 T1=  16 T2=  15  P= 535  D=  -1 * 24
 X= 807 X2= 807  Y= 713 Y2= 716 P1= 907 P2= 544 T1=  15 T2=  15  P= 538  D=  -1 * 24
 X= 804 X2= 808  Y= 713 Y2= 717 P1= 907 P2= 544 T1=  16 T2=  15  P= 537  D=  -1 * 24
 X= 807 X2= 810  Y= 713 Y2= 717 P1= 906 P2= 544 T1=  15 T2=  16  P= 537  D=  -1 * 24
 X= 808 X2= 808  Y= 712 Y2= 717 P1= 905 P2= 545 T1=  16 T2=  16  P= 533  D=  -1 * 24
 X= 808 X2= 809  Y= 712 Y2= 716 P1= 906 P2= 547 T1=  15 T2=  15  P= 530  D=  -1 * 24
 X= 807 X2= 808  Y= 713 Y2= 716 P1= 908 P2= 537 T1=  16 T2=  16  P= 556  D=  -1 * 24
 X= 955 X2=1017  Y= 984 Y2=1023 P1=1023 P2=   0 T1=1022 T2= 934  P= 556  D=  -1 
 X= 930 X2=1023  Y= 989 Y2=1020 P1=1023 P2=   0 T1=1023 T2= 933  P= 556  D=  -1 
 X= 926 X2=1023  Y= 989 Y2=1021 P1=1023 P2=   0 T1=1022 T2= 922  P= 556  D=  -1 
target state=3 point=23,249
 X= 918 X2=1023  Y= 975 Y2=1020 P1=1023 P2=   0 T1=1020 T2= 918  P= 556  D=  -1 
 X= 871 X2=1023  Y= 975 Y2=1021 P1=1023 P2=   0 T1=1023 T2= 878  P= 556  D=  -1 
 X= 819 X2=1023  Y= 981 Y2=1019 P1=1023 P2=   0 T1=1023 T2= 920  P= 556  D=  -1 
 X= 949 X2=1016  Y= 986 Y2=1021 P1=1023 P2=   0 T1=1023 T2= 929  P= 556  D=  -1 
 X= 988 X2=1014  Y= 990 Y2=1023 P1=1023 P2=   0 T1=1021 T2= 923  P= 556  D=  -1 
 X= 937 X2=1023  Y= 994 Y2=1023 P1=1023 P2=   0 T1=1022 T2= 926  P= 556  D=  -1 
 X= 960 X2= 998  Y= 991 Y2=1021 P1=1023 P2=   0 T1=1021 T2= 916  P= 556  D=  -1 
 X= 881 X2=1023  Y= 976 Y2=1023 P1=1023 P2=   0 T1=1020 T2= 905  P= 556  D=  -1 
 X= 936 X2=1023  Y= 989 Y2=1019 P1=1023 P2=   0 T1=1020 T2= 946  P= 556  D=  -1 
 X= 886 X2=1023  Y= 983 Y2=1019 P1=1023 P2=   0 T1=1023 T2= 927  P= 556  D=  -1 
 X= 966 X2=1019  Y= 992 Y2=1020 P1=1023 P2=   0 T1=1023 T2= 943  P= 556  D=  -1 
 X= 826 X2=1023  Y= 975 Y2=1023 P1=1023 P2=   1 T1=1021 T2= 936  P= 556  D=  -1 
 X=1023 X2=1010  Y= 990 Y2=1023 P1=1023 P2=   0 T1=1020 T2= 934  P= 556  D=  -1 
 X=1009 X2=1006  Y= 989 Y2=1019 P1=1023 P2=   0 T1=1023 T2= 906  P= 556  D=  -1 
 X= 892 X2=1023  Y= 979 Y2=1019 P1=1023 P2=   0 T1=1021 T2= 908  P= 556  D=  -1 
 X= 940 X2=1023  Y= 982 Y2=1023 P1=1023 P2=   0 T1=1023 T2= 941  P= 556  D=  -1 
 X= 944 X2= 999  Y= 964 Y2=1022 P1=1023 P2=   0 T1=1020 T2= 912  P= 556  D=  -1 
 X= 863 X2=1023  Y= 996 Y2=1023 P1=1023 P2=   0 T1=1023 T2= 928  P= 556  D=  -1 
 X= 861 X2=1023  Y= 973 Y2=1023 P1=1023 P2=   0 T1=1023 T2= 931  P= 556  D=  -1 
 X= 867 X2=1016  Y= 978 Y2=1023 P1=1023 P2=   0 T1=1020 T2= 930  P= 556  D=  -1 
 X= 946 X2=1023  Y= 984 Y2=1020 P1=1023 P2=   0 T1=1023 T2= 923  P= 556  D=  -1 
 X= 942 X2=1009  Y= 974 Y2=1023 P1=1023 P2=   0 T1=1020 T2= 938  P= 556  D=  -1 
 X=1013 X2= 990  Y= 979 Y2=1023 P1=1023 P2=   0 T1=1023 T2= 941  P= 556  D=  -1 
 X= 994 X2=1009  Y= 987 Y2=1023 P1=1023 P2=   0 T1=1020 T2= 937  P= 556  D=  -1 
 X= 945 X2= 995  Y= 970 Y2=1019 P1=1023 P2=   0 T1=1019 T2= 925  P= 556  D=  -1 
 X=1020 X2=1019  Y= 988 Y2=1023 P1=1023 P2=   0 T1=1019 T2= 919  P= 556  D=  -1 
 X= 786 X2=1023  Y= 988 Y2=1019 P1=1023 P2=   0 T1=1018 T2= 905  P= 556  D=  -1 
 X= 802 X2=1023  Y= 979 Y2=1019 P1=1023 P2=   0 T1=1023 T2= 931  P= 556  D=  -1 
 X= 960 X2=1015  Y= 977 Y2=1023 P1=1023 P2=   0 T1=1020 T2= 932  P= 556  D=  -1 
 X= 949 X2=1017  Y= 978 Y2=1023 P1=1023 P2=   0 T1=1020 T2= 905  P= 556  D=  -1 
 X= 914 X2=1018  Y= 991 Y2=1019 P1=1023 P2=   0 T1=1020 T2= 922  P= 556  D=  -1 
 X= 789 X2=1023  Y= 985 Y2=1020 P1=1023 P2=   0 T1=1023 T2= 925  P= 556  D=  -1 
 X= 985 X2=1013  Y= 985 Y2=1019 P1=1023 P2=   0 T1=1021 T2= 926  P= 556  D=  -1 
 X= 934 X2=1023  Y= 977 Y2=1020 P1=1023 P2=   0 T1=1023 T2= 935  P= 556  D=  -1 
 X= 946 X2=1022  Y= 992 Y2=1023 P1=1023 P2=   0 T1=1023 T2= 917  P= 556  D=  -1 
 X= 921 X2=1018  Y= 980 Y2=1023 P1=1023 P2=   0 T1=1023 T2= 926  P= 556  D=  -1 
 X= 822 X2=1017  Y= 982 Y2=1020 P1=1023 P2=   0 T1=1019 T2= 889  P= 556  D=  -1 
 X= 878 X2=1023  Y= 990 Y2=1023 P1=1023 P2=   0 T1=1023 T2= 941  P= 556  D=  -1 
 X= 904 X2=1018  Y= 995 Y2=1023 P1=1023 P2=   0 T1=1023 T2= 890  P= 556  D=  -1 
 X= 941 X2=1016  Y= 999 Y2=1020 P1=1023 P2=   0 T1=1022 T2= 918  P= 556  D=  -1 
 X= 937 X2=1021  Y= 983 Y2=1019 P1=1023 P2=   0 T1=1019 T2= 911  P= 556  D=  -1 
 X=1023 X2=1006  Y= 964 Y2=1021 P1=1023 P2=   0 T1=1021 T2= 931  P= 556  D=  -1 
 X= 828 X2=1023  Y= 979 Y2=1020 P1=1023 P2=   0 T1=1023 T2= 932  P= 556  D=  -1 
 X= 923 X2=1023  Y= 983 Y2=1021 P1=1023 P2=   0 T1=1020 T2= 927  P= 556  D=  -1 
 X= 929 X2=1022  Y= 985 Y2=1023 P1=1023 P2=   0 T1=1023 T2= 891  P= 556  D=  -1 
 X= 796 X2=1023  Y= 980 Y2=1020 P1=1023 P2=   0 T1=1021 T2= 916  P= 556  D=  -1 
 X= 820 X2=1023  Y= 989 Y2=1023 P1=1023 P2=   0 T1=1023 T2= 923  P= 556  D=  -1 
 X= 834 X2=1023  Y= 978 Y2=1008 P1=1023 P2=   0 T1=1021 T2= 919  P= 556  D=  -1 
 X= 908 X2=1021  Y= 982 Y2=1023 P1=1023 P2=   0 T1=1023 T2= 942  P= 556  D=  -1 
 X= 968 X2=1020  Y= 974 Y2=1023 P1=1023 P2=   0 T1=1023 T2= 943  P= 556  D=  -1 
 X=1005 X2=1019  Y= 978 Y2=1019 P1=1023 P2=   0 T1=1023 T2= 938  P= 556  D=  -1 
 X=1001 X2=1007  Y= 979 Y2=1019 P1=1023 P2=   0 T1=1023 T2= 947  P= 556  D=  -1 
 X=1020 X2=1019  Y=1003 Y2=1023 P1=1023 P2=   1 T1=1020 T2=1023  P= 556  D=  -1 
 X= 949 X2=1021  Y= 992 Y2=1023 P1=1023 P2=   0 T1=1020 T2= 935  P= 556  D=  -1 
 X= 931 X2=1021  Y= 983 Y2=1022 P1=1023 P2=   0 T1=1023 T2= 927  P= 556  D=  -1 
 X= 816 X2=1023  Y= 974 Y2=1020 P1=1023 P2=   0 T1=1023 T2= 918  P= 556  D=  -1 
 X=1023 X2=1016  Y= 968 Y2=1019 P1=1023 P2=   0 T1=1022 T2= 924  P= 556  D=  -1 
 X= 975 X2=1012  Y= 983 Y2=1023 P1=1023 P2=   0 T1=1020 T2= 943  P= 556  D=  -1 
 X= 861 X2=1016  Y= 978 Y2=1023 P1=1023 P2=   0 T1=1019 T2= 923  P= 556  D=  -1 
 X=1022 X2=1015  Y= 986 Y2=1020 P1=1023 P2=   0 T1=1020 T2= 927  P= 556  D=  -1 
 X= 934 X2=1004  Y= 978 Y2=1023 P1=1023 P2=   0 T1=1023 T2= 930  P= 556  D=  -1 
 X= 783 X2=1023  Y= 989 Y2=1023 P1=1023 P2=   0 T1=1023 T2= 932  P= 556  D=  -1 
 X= 911 X2=1023  Y= 983 Y2=1020 P1=1023 P2=   0 T1=1023 T2= 931  P= 556  D=  -1 
 X= 999 X2=1010  Y= 986 Y2=1023 P1=1023 P2=   0 T1=1023 T2= 932  P= 556  D=  -1 
 X= 940 X2=1021  Y= 984 Y2=1020 P1=1023 P2=   0 T1=1023 T2= 915  P= 556  D=  -1 
 X= 834 X2=1023  Y= 986 Y2=1022 P1=1023 P2=   0 T1=1020 T2= 915  P= 556  D=  -1 
 X=1011 X2= 996  Y= 993 Y2=1019 P1=1023 P2=   0 T1=1023 T2= 910  P= 556  D=  -1 
 X=1023 X2=1015  Y= 988 Y2=1023 P1=1023 P2=   0 T1=1021 T2= 926  P= 556  D=  -1 
 X=1023 X2=1008  Y= 993 Y2=1019 P1=1022 P2=   0 T1=1020 T2= 906  P= 556  D=  -1 
 X= 948 X2= 998  Y= 966 Y2=1019 P1=1023 P2=   0 T1=1023 T2= 924  P= 556  D=  -1 
 X= 944 X2=1023  Y= 979 Y2=1020 P1=1023 P2=   0 T1=1020 T2= 929  P= 556  D=  -1 
 X= 902 X2=1023  Y= 981 Y2=1023 P1=1023 P2=   0 T1=1023 T2= 942  P= 556  D=  -1 
 X= 969 X2=1022  Y= 986 Y2=1019 P1=1023 P2=   0 T1=1023 T2= 889  P= 556  D=  -1 
 X= 940 X2=1023  Y= 985 Y2=1023 P1=1023 P2=   0 T1=1023 T2= 933  P= 556  D=  -1 
 X= 953 X2=1018  Y= 966 Y2=1023 P1=1023 P2=   0 T1=1021 T2= 931  P= 556  D=  -1 
 X=1008 X2=1003  Y= 996 Y2=1023 P1=1023 P2=   0 T1=1020 T2= 933  P= 556  D=  -1 
 X= 911 X2=1021  Y= 982 Y2=1020 P1=1023 P2=   0 T1=1023 T2= 929  P= 556  D=  -1 
 X= 926 X2=1023  Y= 995 Y2=1019 P1=1023 P2=   0 T1=1023 T2= 936  P= 556  D=  -1 
 X= 996 X2=1012  Y= 990 Y2=1023 P1=1023 P2=   0 T1=1020 T2= 948  P= 556  D=  -1 
 X= 770 X2=1023  Y= 984 Y2=1023 P1=1023 P2=   0 T1=1022 T2= 925  P= 556  D=  -1 
 X= 961 X2=1022  Y= 993 Y2=1023 P1=1023 P2=   0 T1=1023 T2= 934  P= 556  D=  -1 
 X= 877 X2=1023  Y= 989 Y2=1021 P1=1023 P2=   0 T1=1020 T2= 939  P= 556  D=  -1 
 X= 986 X2=1004  Y= 987 Y2=1023 P1=1023 P2=   0 T1=1020 T2= 884  P= 556  D=  -1 
 X= 235 X2= 238  Y= 713 Y2= 709 P1= 831 P2= 241 T1=  22 T2=  24  P= 577  D=  -1 * 0
 X= 238 X2= 240  Y= 714 Y2= 711 P1= 845 P2= 224 T1=  24 T2=  25  P= 662  D=  -1 * 0
 X= 238 X2= 241  Y= 715 Y2= 710 P1= 840 P2= 232 T1=  23 T2=  23  P= 626  D=  -1 * 0
 X= 235 X2= 238  Y= 714 Y2= 710 P1= 834 P2= 239 T1=  23 T2=  22  P= 587  D=  -1 * 0
 X= 235 X2= 238  Y= 714 Y2= 710 P1= 835 P2= 235 T1=  23 T2=  23  P= 602  D=  -1 * 1
 X= 235 X2= 238  Y= 714 Y2= 709 P1= 835 P2= 236 T1=  23 T2=  23  P= 598  D=  -1 * 2
 X= 234 X2= 238  Y= 714 Y2= 709 P1= 835 P2= 236 T1=  23 T2=  24  P= 598  D=  -1 * 3
 X= 236 X2= 238  Y= 713 Y2= 709 P1= 835 P2= 237 T1=  23 T2=  23  P= 597  D=  -1 * 4
 X= 235 X2= 238  Y= 713 Y2= 709 P1= 834 P2= 237 T1=  22 T2=  22  P= 594  D=  -1 * 5
 X= 236 X2= 238  Y= 712 Y2= 708 P1= 834 P2= 237 T1=  23 T2=  23  P= 596  D=  -1 * 6
 X= 236 X2= 236  Y= 713 Y2= 709 P1= 834 P2= 237 T1=  22 T2=  23  P= 594  D=  -1 * 7
 X= 235 X2= 237  Y= 713 Y2= 710 P1= 834 P2= 237 T1=  24 T2=  23  P= 594  D=  -1 * 8
 X= 234 X2= 239  Y= 713 Y2= 709 P1= 834 P2= 238 T1=  22 T2=  23  P= 590  D=  -1 * 9
 X= 235 X2= 238  Y= 713 Y2= 709 P1= 834 P2= 237 T1=  22 T2=  24  P= 594  D=  -1 * 10
 X= 236 X2= 236  Y= 713 Y2= 708 P1= 834 P2= 238 T1=  23 T2=  23  P= 590  D=  -1 * 11
 X= 235 X2= 238  Y= 713 Y2= 709 P1= 834 P2= 237 T1=  23 T2=  25  P= 594  D=  -1 * 12
 X= 235 X2= 238  Y= 713 Y2= 708 P1= 833 P2= 237 T1=  23 T2=  22  P= 593  D=  -1 * 13
 X= 236 X2= 238  Y= 713 Y2= 709 P1= 834 P2= 237 T1=  24 T2=  22  P= 596  D=  -1 * 14
 X= 234 X2= 237  Y= 713 Y2= 709 P1= 834 P2= 237 T1=  23 T2=  23  P= 591  D=  -1 * 15
 X= 236 X2= 238  Y= 713 Y2= 709 P1= 834 P2= 238 T1=  23 T2=  24  P= 593  D=  -1 * 16
 X= 236 X2= 236  Y= 714 Y2= 709 P1= 833 P2= 237 T1=  22 T2=  23  P= 593  D=  -1 * 17
 X= 236 X2= 238  Y= 713 Y2= 709 P1= 834 P2= 237 T1=  22 T2=  23  P= 596  D=  -1 * 18
 X= 235 X2= 237  Y= 714 Y2= 709 P1= 834 P2= 237 T1=  23 T2=  23  P= 594  D=  -1 * 19
 X= 235 X2= 239  Y= 713 Y2= 710 P1= 834 P2= 238 T1=  24 T2=  23  P= 593  D=  -1 * 20
 X= 235 X2= 238  Y= 713 Y2= 709 P1= 834 P2= 237 T1=  22 T2=  22  P= 594  D=  -1 * 21
 X= 234 X2= 238  Y= 713 Y2= 709 P1= 834 P2= 238 T1=  23 T2=  23  P= 590  D=  -1 * 22
 X= 236 X2= 238  Y= 713 Y2= 709 P1= 834 P2= 238 T1=  23 T2=  22  P= 593  D=  -1 * 23
 X= 236 X2= 238  Y= 713 Y2= 709 P1= 834 P2= 238 T1=  23 T2=  23  P= 593  D=  -1 * 24
Remove Pin
 X= 235 X2= 238  Y= 713 Y2= 709 P1= 834 P2= 238 T1=  23 T2=  23  P= 590  D=  -1 * 24
 X= 235 X2= 238  Y= 713 Y2= 709 P1= 833 P2= 238 T1=  23 T2=  22  P= 590  D=  -1 * 24
 X= 234 X2= 237  Y= 716 Y2= 711 P1= 833 P2= 238 T1=  23 T2=  23  P= 587  D=  -1 * 24
 X= 234 X2= 238  Y= 713 Y2= 709 P1= 834 P2= 238 T1=  23 T2=  23  P= 590  D=  -1 * 24
 X= 236 X2= 239  Y= 712 Y2= 710 P1= 834 P2= 238 T1=  23 T2=  22  P= 593  D=  -1 * 24
 X= 236 X2= 239  Y= 713 Y2= 710 P1= 834 P2= 238 T1=  22 T2=  23  P= 593  D=  -1 * 24
 X= 236 X2= 239  Y= 714 Y2= 710 P1= 833 P2= 238 T1=  23 T2=  23  P= 592  D=  -1 * 24
 X= 235 X2= 238  Y= 713 Y2= 709 P1= 833 P2= 238 T1=  23 T2=  23  P= 590  D=  -1 * 24
 X= 242 X2= 239  Y= 713 Y2= 709 P1= 833 P2= 238 T1=  23 T2=  23  P= 600  D=  -1 * 24
 X= 236 X2= 236  Y= 713 Y2= 709 P1= 834 P2= 238 T1=  22 T2=  23  P= 590  D=  -1 * 24
 X= 236 X2= 237  Y= 713 Y2= 709 P1= 834 P2= 238 T1=  23 T2=  23  P= 590  D=  -1 * 24
 X= 235 X2= 238  Y= 712 Y2= 710 P1= 833 P2= 238 T1=  22 T2=  21  P= 590  D=  -1 * 24
 X= 237 X2= 237  Y= 713 Y2= 709 P1= 834 P2= 238 T1=  22 T2=  23  P= 593  D=  -1 * 24
 X= 236 X2= 237  Y= 713 Y2= 709 P1= 834 P2= 238 T1=  22 T2=  26  P= 590  D=  -1 * 24
 X= 236 X2= 234  Y= 712 Y2= 709 P1= 832 P2= 240 T1=  22 T2=  22  P= 579  D=  -1 * 24
 X= 236 X2= 237  Y= 713 Y2= 709 P1= 832 P2= 240 T1=  22 T2=  23  P= 581  D=  -1 * 24
 X= 234 X2= 238  Y= 713 Y2= 709 P1= 831 P2= 241 T1=  23 T2=  23  P= 577  D=  -1 * 24
 X= 235 X2= 237  Y= 714 Y2= 710 P1= 830 P2= 242 T1=  23 T2=  22  P= 573  D=  -1 * 24
 X= 235 X2= 239  Y= 714 Y2= 709 P1= 837 P2= 234 T1=  24 T2=  24  P= 610  D=  -1 * 24
 X= 984 X2=1013  Y= 984 Y2=1023 P1=1023 P2=   0 T1=1023 T2= 931  P= 610  D=  -1 
 X= 927 X2=1023  Y= 985 Y2=1019 P1=1023 P2=   0 T1=1021 T2= 944  P= 610  D=  -1 
 X= 967 X2=1023  Y= 989 Y2=1023 P1=1023 P2=   0 T1=1023 T2= 930  P= 610  D=  -1 
Target Noise  x= 2.50 y= 2.50
X[0]: Target= 23   235/ 236/ 239 Stdev= 0.82 N= 24  Y[0]: Target= 22   324/ 324/ 325 Stdev= 0.27 N= 24
X[1]: Target=456   805/ 808/ 811 Stdev= 1.05 N= 24  Y[1]: Target= 22   323/ 325/ 326 Stdev= 0.67 N= 24
X[2]: Target=456   806/ 808/ 809 Stdev= 0.67 N= 24  Y[2]: Target=249   712/ 715/ 716 Stdev= 0.73 N= 24
X[3]: Target= 23   235/ 236/ 237 Stdev= 0.51 N= 24  Y[3]: Target=249   710/ 711/ 712 Stdev= 0.45 N= 24
N=24 Avg=22
min: 22 22 22 22 22 22 
max: 23 23 23 23 23 23 
N=24 Avg=15
min: 14 14 15 15 15 15 
max: 16 16 15 15 15 15 
N=24 Avg=15
min: 14 15 15 15 15 15 
max: 17 17 16 16 16 16 
N=24 Avg=22
min: 22 22 22 22 22 22 
max: 24 23 23 23 23 23 
Using TNT center offset = 19
TNT Plane Coef: a= -860 b=   85 c= 421478
At  236, 324: Real=  23 Fit=  23 Offset=   4
At  807, 324: Real=  15 Fit=  16 Offset=  -3
At  807, 714: Real=  16 Fit=  17 Offset=  -2
At  236, 710: Real=  23 Fit=  23 Offset=   4
Fit Corners: 26, 13, 14, 26  Center: 19
Setting for min_tnt_up:   521
Setting for max_tnt_down: 24 (V2:36)
Entering calib_pressure_mfg
Using default pressure curve
468 471 487 495 509 524 553 575 612 
Summary:
Setting for max_tnt_down:      24
3.7 setting for max_tnt_down:     -1
Setting for min_tnt_up:       521
Setting for max_delta_tnt:      5
3.8 setting for max_delta_tnt:     -1
Setting for delay_in_us:        1
Setting for y_delay_in_us:      1
Setting for tnt_delay_in_us:    1
Setting for pressure_curve:  468 471 487 495 509 524 553 575 612
Setting for tnt_mode:           1
Setting for averaging:         -1
Setting for pointercal:      49697 0 -10221205 0 38540 -11045362 65536
Setting for tnt_plane:       -860 85 421478
