new-calib: New touch screen calibration program v3.13
Serial Number='15091E00010B060201C4'
Using tnt_mode=1
Setting for delay_in_us:        1
Setting for y_delay_in_us:      1
Setting for tnt_delay_in_us:    1
Setting for max_delta_tnt:      5
Setting for tnt_mode:           1
Setting for averaging:         -1
Entering get_five_points
target_noise  x= 2.50 y= 2.50 t= 2.50
target state=0 point=240,136
 X= 937 X2=1021  Y= 956 Y2=1023 P1=  -1 P2=  -1 T1=  -1 T2= 888  P=  -1  D=  -1 * 0
 X= 933 X2=1011  Y= 974 Y2=1021 P1=  -1 P2=  -1 T1=1022 T2= 872  P=  -1  D=  -1 
 X= 857 X2=1017  Y= 946 Y2=1021 P1=  -1 P2=  -1 T1=1022 T2= 904  P=  -1  D=  -1 
 X=1023 X2=1003  Y= 969 Y2=1022 P1=  -1 P2=  -1 T1=1023 T2=1015  P=  -1  D=  -1 
 X= 927 X2=1019  Y= 986 Y2=1019 P1=  -1 P2=  -1 T1=1019 T2= 913  P=  -1  D=  -1 
 X=1023 X2=1001  Y= 978 Y2=1019 P1=  -1 P2=  -1 T1=1022 T2= 906  P=  -1  D=  -1 
 X=1021 X2=1013  Y= 968 Y2=1021 P1=  -1 P2=  -1 T1=1023 T2= 898  P=  -1  D=  -1 
 X= 924 X2=1023  Y= 974 Y2=1020 P1=  -1 P2=  -1 T1=1020 T2= 894  P=  -1  D=  -1 
 X= 958 X2=1023  Y= 986 Y2=1019 P1=  -1 P2=  -1 T1=1023 T2= 901  P=  -1  D=  -1 
 X=1023 X2=1012  Y= 973 Y2=1023 P1=  -1 P2=  -1 T1=1023 T2= 888  P=  -1  D=  -1 
 X=1023 X2=1005  Y= 967 Y2=1019 P1=  -1 P2=  -1 T1=1023 T2= 896  P=  -1  D=  -1 
 X= 933 X2=1023  Y= 986 Y2=1023 P1=  -1 P2=  -1 T1=1020 T2= 902  P=  -1  D=  -1 
 X= 910 X2=1023  Y= 965 Y2=1023 P1=  -1 P2=  -1 T1=1022 T2= 879  P=  -1  D=  -1 
 X= 970 X2=1019  Y= 967 Y2=1023 P1=1022 P2=  -1 T1=1023 T2= 908  P=  -1  D=  -1 
 X= 863 X2=1018  Y= 968 Y2=1023 P1=1023 P2=  -1 T1=1023 T2= 897  P=  -1  D=  -1 
 X= 940 X2=1023  Y= 979 Y2=1018 P1=1023 P2=  -1 T1=1021 T2= 927  P=  -1  D=  -1 
 X=1023 X2=1007  Y= 975 Y2=1019 P1=1023 P2=  -1 T1=1023 T2= 895  P=  -1  D=  -1 
 X=1010 X2= 991  Y= 971 Y2=1023 P1=1023 P2=  -1 T1=1023 T2= 917  P=  -1  D=  -1 
 X= 963 X2=1023  Y= 987 Y2=1018 P1=1023 P2=  -1 T1=1019 T2= 916  P=  -1  D=  -1 
 X= 949 X2=1023  Y= 970 Y2=1019 P1=1023 P2=  -1 T1=1023 T2= 896  P=  -1  D=  -1 
 X= 873 X2=1021  Y= 970 Y2=1019 P1=1023 P2=  -1 T1=1022 T2= 909  P=  -1  D=  -1 
 X= 889 X2=1023  Y= 959 Y2=1020 P1=1023 P2=  -1 T1=1023 T2= 897  P=  -1  D=  -1 
 X=1003 X2=1004  Y= 969 Y2=1023 P1=1023 P2=  -1 T1=1023 T2= 872  P=  -1  D=  -1 
 X= 983 X2=1011  Y= 973 Y2=1021 P1=1023 P2=  -1 T1=1023 T2= 901  P=  -1  D=  -1 
 X= 921 X2=1017  Y= 976 Y2=1022 P1=1023 P2=  -1 T1=1020 T2= 909  P=  -1  D=  -1 
 X=1008 X2=1001  Y= 968 Y2=1020 P1=1023 P2=  -1 T1=1020 T2= 934  P=  -1  D=  -1 
 X=1023 X2= 988  Y= 972 Y2=1023 P1=1023 P2=  -1 T1=1020 T2= 904  P=  -1  D=  -1 
 X= 882 X2=1023  Y= 972 Y2=1021 P1=1023 P2=  -1 T1=1023 T2= 901  P=  -1  D=  -1 
 X= 924 X2=1023  Y= 979 Y2=1018 P1=1023 P2=  -1 T1=1023 T2= 902  P=  -1  D=  -1 
 X= 931 X2=1018  Y= 971 Y2=1023 P1=1023 P2=  -1 T1=1023 T2= 887  P=  -1  D=  -1 
 X= 939 X2=1020  Y= 971 Y2=1023 P1=1023 P2=  -1 T1=1021 T2= 886  P=  -1  D=  -1 
 X= 892 X2=1023  Y= 974 Y2=1023 P1=1023 P2=  -1 T1=1021 T2= 909  P=  -1  D=  -1 
 X= 873 X2=1015  Y= 961 Y2=1023 P1=1023 P2=  -1 T1=1020 T2= 907  P=  -1  D=  -1 
 X= 970 X2=1017  Y= 961 Y2=1023 P1=1023 P2=  -1 T1=1022 T2= 899  P=  -1  D=  -1 
 X= 942 X2=1023  Y= 976 Y2=1021 P1=1023 P2=  -1 T1=1023 T2= 917  P=  -1  D=  -1 
 X= 947 X2= 983  Y= 978 Y2=1020 P1=1022 P2=  -1 T1=1023 T2= 871  P=  -1  D=  -1 
 X= 846 X2=1023  Y= 973 Y2=1023 P1=1023 P2=  -1 T1=1020 T2= 883  P=  -1  D=  -1 
 X= 904 X2=1023  Y= 970 Y2=1023 P1=1023 P2=  -1 T1=1023 T2= 897  P=  -1  D=  -1 
 X= 946 X2=1023  Y= 964 Y2=1021 P1=1023 P2=  -1 T1=1021 T2= 877  P=  -1  D=  -1 
 X= 928 X2=1023  Y= 969 Y2=1023 P1=1023 P2=  -1 T1=1023 T2= 909  P=  -1  D=  -1 
 X= 857 X2=1023  Y= 978 Y2=1020 P1=1023 P2=  -1 T1=1023 T2= 852  P=  -1  D=  -1 
 X=1022 X2=1011  Y= 967 Y2=1023 P1=1023 P2=  -1 T1=1020 T2= 877  P=  -1  D=  -1 
 X= 981 X2=1010  Y= 977 Y2=1023 P1=1023 P2=  -1 T1=1020 T2= 900  P=  -1  D=  -1 
 X= 896 X2=1023  Y= 975 Y2=1023 P1=1023 P2=  -1 T1=1023 T2= 916  P=  -1  D=  -1 
 X= 959 X2= 991  Y= 971 Y2=1019 P1=1023 P2=  -1 T1=1023 T2= 893  P=  -1  D=  -1 
 X= 936 X2=1004  Y= 969 Y2=1019 P1=1023 P2=  -1 T1=1023 T2= 896  P=  -1  D=  -1 
 X=1011 X2= 990  Y= 975 Y2=1023 P1=1023 P2=  -1 T1=1020 T2= 880  P=  -1  D=  -1 
 X= 920 X2=1023  Y= 959 Y2=1020 P1=1023 P2=  -1 T1=1021 T2= 921  P=  -1  D=  -1 
 X= 929 X2=1021  Y= 969 Y2=1021 P1=1023 P2=  -1 T1=1022 T2= 921  P=  -1  D=  -1 
 X= 917 X2=1016  Y= 979 Y2=1022 P1=1023 P2=  -1 T1=1020 T2= 913  P=  -1  D=  -1 
 X=1023 X2=1003  Y= 984 Y2=1019 P1=1023 P2=  -1 T1=1022 T2= 919  P=  -1  D=  -1 
 X=1013 X2= 985  Y= 982 Y2=1023 P1=1023 P2=  -1 T1=1023 T2= 874  P=  -1  D=  -1 
 X= 864 X2=1019  Y= 978 Y2=1023 P1=1023 P2=  -1 T1=1023 T2= 894  P=  -1  D=  -1 
 X=1021 X2= 990  Y= 984 Y2=1023 P1=1023 P2=  -1 T1=1019 T2= 905  P=  -1  D=  -1 
 X= 948 X2= 983  Y= 985 Y2=1021 P1=1023 P2=  -1 T1=1022 T2= 883  P=  -1  D=  -1 
 X= 801 X2=1023  Y= 970 Y2=1023 P1=1023 P2=  -1 T1=1021 T2= 915  P=  -1  D=  -1 
 X= 893 X2=1023  Y= 987 Y2=1020 P1=1023 P2=  -1 T1=1023 T2= 918  P=  -1  D=  -1 
 X= 980 X2=1004  Y= 973 Y2=1023 P1=1023 P2=  -1 T1=1023 T2= 891  P=  -1  D=  -1 
 X= 903 X2=1018  Y= 980 Y2=1022 P1=1023 P2=  -1 T1=1022 T2= 892  P=  -1  D=  -1 
 X= 969 X2= 990  Y= 984 Y2=1020 P1=1023 P2=  -1 T1=1021 T2= 879  P=  -1  D=  -1 
 X= 968 X2=1013  Y= 970 Y2=1023 P1=1023 P2=  -1 T1=1023 T2= 916  P=  -1  D=  -1 
 X= 997 X2=1005  Y= 962 Y2=1019 P1=1023 P2=  -1 T1=1023 T2= 898  P=  -1  D=  -1 
 X= 912 X2=1023  Y= 987 Y2=1019 P1=1023 P2=  -1 T1=1021 T2= 926  P=  -1  D=  -1 
 X= 982 X2=1006  Y= 972 Y2=1023 P1=1023 P2=  -1 T1=1023 T2= 888  P=  -1  D=  -1 
 X= 907 X2=1023  Y= 978 Y2=1023 P1=1023 P2=  -1 T1=1023 T2= 911  P=  -1  D=  -1 
 X= 771 X2=1023  Y= 980 Y2=1021 P1=1023 P2=  -1 T1=1020 T2= 916  P=  -1  D=  -1 
 X= 980 X2=1009  Y= 960 Y2=1021 P1=1023 P2=  -1 T1=1023 T2= 915  P=  -1  D=  -1 
 X= 928 X2=1017  Y= 967 Y2=1022 P1=1023 P2=  -1 T1=1022 T2= 907  P=  -1  D=  -1 
 X= 937 X2=1023  Y= 974 Y2=1023 P1=1023 P2=  -1 T1=1023 T2= 897  P=  -1  D=  -1 
 X=1023 X2=1006  Y= 975 Y2=1019 P1=1023 P2=  -1 T1=1020 T2= 884  P=  -1  D=  -1 
 X= 940 X2=1023  Y= 982 Y2=1022 P1=1023 P2=  -1 T1=1023 T2= 904  P=  -1  D=  -1 
 X= 897 X2=1023  Y= 973 Y2=1021 P1=1023 P2=  -1 T1=1023 T2= 915  P=  -1  D=  -1 
 X= 891 X2=1023  Y= 958 Y2=1019 P1=1023 P2=  -1 T1=1023 T2= 897  P=  -1  D=  -1 
 X= 902 X2=1017  Y= 968 Y2=1022 P1=1023 P2=  -1 T1=1023 T2= 920  P=  -1  D=  -1 
 X= 871 X2=1022  Y= 987 Y2=1023 P1=1023 P2=  -1 T1=1023 T2= 899  P=  -1  D=  -1 
 X= 860 X2=1022  Y= 966 Y2=1023 P1=1023 P2=  -1 T1=1017 T2= 895  P=  -1  D=  -1 
 X=1002 X2=1005  Y= 970 Y2=1020 P1=1023 P2=  -1 T1=1023 T2= 894  P=  -1  D=  -1 
 X= 956 X2=1012  Y= 981 Y2=1023 P1=1023 P2=  -1 T1=1023 T2= 902  P=  -1  D=  -1 
 X= 954 X2=1012  Y= 983 Y2=1020 P1=1023 P2=  -1 T1=1020 T2= 872  P=  -1  D=  -1 
 X=1023 X2=1007  Y= 982 Y2=1023 P1=1023 P2=  -1 T1=1023 T2= 884  P=  -1  D=  -1 
 X= 833 X2=1023  Y= 966 Y2=1023 P1=1023 P2=  -1 T1=1023 T2= 903  P=  -1  D=  -1 
 X= 919 X2=1023  Y= 981 Y2=1019 P1=1023 P2=  -1 T1=1023 T2= 919  P=  -1  D=  -1 
 X= 918 X2=1023  Y= 976 Y2=1020 P1=1023 P2=  -1 T1=1023 T2= 905  P=  -1  D=  -1 
 X= 892 X2=1016  Y= 970 Y2=1022 P1=1023 P2=  -1 T1=1019 T2= 880  P=  -1  D=  -1 
 X= 929 X2=1023  Y= 964 Y2=1023 P1=1023 P2=  -1 T1=1023 T2= 893  P=  -1  D=  -1 
 X= 966 X2=1013  Y= 979 Y2=1022 P1=1022 P2=  -1 T1=1023 T2= 919  P=  -1  D=  -1 
 X= 818 X2=1023  Y= 976 Y2=1023 P1=1023 P2=  -1 T1=1020 T2= 914  P=  -1  D=  -1 
 X= 949 X2=1019  Y= 984 Y2=1023 P1=1023 P2=  -1 T1=1023 T2= 879  P=  -1  D=  -1 
 X=1014 X2= 994  Y= 976 Y2=1022 P1=1023 P2=  -1 T1=1019 T2= 924  P=  -1  D=  -1 
 X=1023 X2=1004  Y= 977 Y2=1023 P1=1023 P2=  -1 T1=1021 T2= 880  P=  -1  D=  -1 
 X= 875 X2=1023  Y= 975 Y2=1020 P1=1023 P2=  -1 T1=1023 T2= 898  P=  -1  D=  -1 
 X= 902 X2=1023  Y= 982 Y2=1020 P1=1023 P2=  -1 T1=1020 T2= 905  P=  -1  D=  -1 
 X= 883 X2=1018  Y= 967 Y2=1021 P1=1023 P2=  -1 T1=1017 T2= 889  P=  -1  D=  -1 
 X= 941 X2=1023  Y= 973 Y2=1022 P1=1023 P2=  -1 T1=1023 T2= 907  P=  -1  D=  -1 
 X= 922 X2=1022  Y= 982 Y2=1023 P1=1023 P2=  -1 T1=1021 T2= 901  P=  -1  D=  -1 
 X= 831 X2=1023  Y= 972 Y2=1020 P1=1023 P2=  -1 T1=1023 T2= 911  P=  -1  D=  -1 
 X= 908 X2=1023  Y= 992 Y2=1019 P1=1019 P2=  -1 T1=1023 T2= 895  P=  -1  D=  -1 
 X= 999 X2=1000  Y= 978 Y2=1022 P1=1023 P2=  -1 T1=1023 T2= 865  P=  -1  D=  -1 
 X= 990 X2=1002  Y= 971 Y2=1023 P1=1023 P2=  -1 T1=1023 T2= 899  P=  -1  D=  -1 
 X= 919 X2=1023  Y= 992 Y2=1020 P1=1023 P2=  -1 T1=1021 T2= 924  P=  -1  D=  -1 
 X= 880 X2=1023  Y= 987 Y2=1023 P1=1023 P2=  -1 T1=1023 T2= 916  P=  -1  D=  -1 
 X= 993 X2=1005  Y= 985 Y2=1021 P1=1023 P2=  -1 T1=1023 T2= 905  P=  -1  D=  -1 
 X= 772 X2=1023  Y= 978 Y2=1020 P1=1023 P2=  -1 T1=1021 T2= 917  P=  -1  D=  -1 
 X= 836 X2=1023  Y= 972 Y2=1023 P1=1023 P2=  -1 T1=1023 T2= 905  P=  -1  D=  -1 
 X= 970 X2=1023  Y=1019 Y2=1020 P1=1023 P2=  -1 T1=1021 T2=1018  P=  -1  D=  -1 
 X= 875 X2=1023  Y= 976 Y2=1023 P1=1023 P2=  -1 T1=1023 T2= 891  P=  -1  D=  -1 
 X= 952 X2=1020  Y= 977 Y2=1021 P1=1023 P2=  -1 T1=1023 T2= 928  P=  -1  D=  -1 
 X=1023 X2=1005  Y= 977 Y2=1019 P1=1023 P2=  -1 T1=1022 T2= 891  P=  -1  D=  -1 
 X= 820 X2=1021  Y= 972 Y2=1021 P1=1023 P2=  -1 T1=1020 T2= 918  P=  -1  D=  -1 
 X= 992 X2=1023  Y= 988 Y2=1018 P1=1023 P2=  -1 T1=1019 T2= 880  P=  -1  D=  -1 
 X=1023 X2= 995  Y= 970 Y2=1018 P1=1023 P2=  -1 T1=1023 T2= 895  P=  -1  D=  -1 
 X= 901 X2=1019  Y= 961 Y2=1023 P1=1023 P2=  -1 T1=1020 T2= 898  P=  -1  D=  -1 
 X= 805 X2=1023  Y= 958 Y2=1021 P1=1023 P2=  -1 T1=1021 T2= 897  P=  -1  D=  -1 
 X=1023 X2=1012  Y= 975 Y2=1019 P1=1023 P2=  -1 T1=1023 T2= 899  P=  -1  D=  -1 
 X=1017 X2=1012  Y= 965 Y2=1023 P1=1023 P2=  -1 T1=1023 T2= 908  P=  -1  D=  -1 
 X= 812 X2=1023  Y= 983 Y2=1023 P1=1023 P2=  -1 T1=1023 T2= 927  P=  -1  D=  -1 
 X=1023 X2=1005  Y= 965 Y2=1023 P1=1023 P2=  -1 T1=1023 T2= 894  P=  -1  D=  -1 
 X= 958 X2= 989  Y= 967 Y2=1023 P1=1023 P2=  -1 T1=1023 T2= 893  P=  -1  D=  -1 
 X= 831 X2=1023  Y= 987 Y2=1020 P1=1023 P2=  -1 T1=1021 T2= 894  P=  -1  D=  -1 
 X= 806 X2=1023  Y= 981 Y2=1023 P1=1023 P2=  -1 T1=1020 T2= 880  P=  -1  D=  -1 
 X= 898 X2=1023  Y= 979 Y2=1019 P1=1020 P2=  -1 T1=1023 T2= 864  P=  -1  D=  -1 
 X= 889 X2=1021  Y= 964 Y2=1020 P1=1023 P2=  -1 T1=1019 T2= 891  P=  -1  D=  -1 
 X= 925 X2=1023  Y= 994 Y2=1020 P1=1023 P2=  -1 T1=1022 T2= 911  P=  -1  D=  -1 
 X= 977 X2=1012  Y= 970 Y2=1023 P1=1023 P2=  -1 T1=1020 T2= 878  P=  -1  D=  -1 
 X=1022 X2=1011  Y= 984 Y2=1023 P1=1023 P2=  -1 T1=1020 T2= 910  P=  -1  D=  -1 
 X= 917 X2=1023  Y= 969 Y2=1023 P1=1023 P2=  -1 T1=1023 T2= 906  P=  -1  D=  -1 
 X= 944 X2=1023  Y= 981 Y2=1020 P1=1023 P2=  -1 T1=1023 T2= 903  P=  -1  D=  -1 
 X= 927 X2=1017  Y= 966 Y2=1021 P1=1023 P2=  -1 T1=1019 T2= 907  P=  -1  D=  -1 
 X= 856 X2=1023  Y= 973 Y2=1019 P1=1023 P2=  -1 T1=1023 T2= 916  P=  -1  D=  -1 
 X=1023 X2=1014  Y= 969 Y2=1023 P1=1023 P2=  -1 T1=1018 T2= 901  P=  -1  D=  -1 
 X= 958 X2=1023  Y= 966 Y2=1023 P1=1023 P2=  -1 T1=1022 T2= 916  P=  -1  D=  -1 
 X= 854 X2=1015  Y= 963 Y2=1020 P1=1023 P2=  -1 T1=1020 T2= 912  P=  -1  D=  -1 
 X= 954 X2=1023  Y= 976 Y2=1019 P1=1023 P2=  -1 T1=1023 T2= 909  P=  -1  D=  -1 
 X=1023 X2=1018  Y= 972 Y2=1020 P1=1023 P2=  -1 T1=1021 T2= 881  P=  -1  D=  -1 
 X= 834 X2=1023  Y= 986 Y2=1022 P1=1023 P2=  -1 T1=1023 T2= 907  P=  -1  D=  -1 
 X= 845 X2=1023  Y= 993 Y2=1022 P1=1023 P2=  -1 T1=1022 T2= 897  P=  -1  D=  -1 
 X= 886 X2=1016  Y= 976 Y2=1023 P1=1023 P2=  -1 T1=1023 T2= 882  P=  -1  D=  -1 
 X= 765 X2=1023  Y= 972 Y2=1023 P1=1023 P2=  -1 T1=1020 T2= 897  P=  -1  D=  -1 
 X= 839 X2=1023  Y= 972 Y2=1020 P1=1023 P2=  -1 T1=1023 T2= 897  P=  -1  D=  -1 
 X=1001 X2=1005  Y= 977 Y2=1022 P1=1023 P2=  -1 T1=1020 T2= 917  P=  -1  D=  -1 
 X= 970 X2=1012  Y= 973 Y2=1021 P1=1023 P2=  -1 T1=1022 T2= 897  P=  -1  D=  -1 
 X= 939 X2=1021  Y= 984 Y2=1023 P1=1023 P2=  -1 T1=1023 T2= 917  P=  -1  D=  -1 
 X=1023 X2=1002  Y= 973 Y2=1021 P1=1023 P2=  -1 T1=1021 T2= 893  P=  -1  D=  -1 
 X= 811 X2=1023  Y= 973 Y2=1023 P1=1023 P2=  -1 T1=1023 T2= 901  P=  -1  D=  -1 
 X= 862 X2=1023  Y= 951 Y2=1023 P1=1022 P2=  -1 T1=1023 T2= 913  P=  -1  D=  -1 
 X=1023 X2=1013  Y= 970 Y2=1023 P1=1023 P2=  -1 T1=1020 T2= 914  P=  -1  D=  -1 
 X= 954 X2=1023  Y= 974 Y2=1023 P1=1023 P2=  -1 T1=1022 T2= 918  P=  -1  D=  -1 
 X= 980 X2=1023  Y= 979 Y2=1021 P1=1023 P2=  -1 T1=1023 T2= 907  P=  -1  D=  -1 
 X= 987 X2=1012  Y= 979 Y2=1019 P1=1023 P2=  -1 T1=1022 T2= 897  P=  -1  D=  -1 
 X=1000 X2=1008  Y= 969 Y2=1023 P1=1023 P2=  -1 T1=1023 T2= 896  P=  -1  D=  -1 
 X= 943 X2=1023  Y= 985 Y2=1022 P1=1023 P2=  -1 T1=1023 T2= 894  P=  -1  D=  -1 
 X=1023 X2= 994  Y= 987 Y2=1023 P1=1023 P2=  -1 T1=1023 T2= 910  P=  -1  D=  -1 
 X= 977 X2=1022  Y= 977 Y2=1023 P1=1023 P2=  -1 T1=1020 T2= 901  P=  -1  D=  -1 
 X= 909 X2=1023  Y= 975 Y2=1023 P1=1023 P2=  -1 T1=1021 T2= 892  P=  -1  D=  -1 
 X= 876 X2=1023  Y= 991 Y2=1023 P1=1023 P2=  -1 T1=1023 T2= 917  P=  -1  D=  -1 
 X= 973 X2=1013  Y= 980 Y2=1023 P1=1023 P2=  -1 T1=1023 T2= 916  P=  -1  D=  -1 
 X= 940 X2=1023  Y= 976 Y2=1021 P1=1023 P2=  -1 T1=1023 T2= 883  P=  -1  D=  -1 
 X= 923 X2=1000  Y= 986 Y2=1019 P1=1023 P2=  -1 T1=1022 T2= 895  P=  -1  D=  -1 
 X= 854 X2=1018  Y= 972 Y2=1020 P1=1023 P2=  -1 T1=1023 T2= 887  P=  -1  D=  -1 
 X= 995 X2=1022  Y= 976 Y2=1019 P1=1023 P2=  -1 T1=1021 T2= 913  P=  -1  D=  -1 
 X= 957 X2=1022  Y= 984 Y2=1018 P1=1023 P2=  -1 T1=1023 T2= 906  P=  -1  D=  -1 
 X= 954 X2=1022  Y= 979 Y2=1019 P1=1023 P2=  -1 T1=1023 T2= 878  P=  -1  D=  -1 
 X= 952 X2=1023  Y= 965 Y2=1023 P1=1023 P2=  -1 T1=1019 T2= 926  P=  -1  D=  -1 
 X= 894 X2=1023  Y= 974 Y2=1020 P1=1023 P2=  -1 T1=1019 T2= 905  P=  -1  D=  -1 
 X= 997 X2= 999  Y= 970 Y2=1020 P1=1023 P2=  -1 T1=1020 T2= 910  P=  -1  D=  -1 
 X= 802 X2=1023  Y= 976 Y2=1021 P1=1023 P2=  -1 T1=1019 T2= 899  P=  -1  D=  -1 
 X= 952 X2= 983  Y= 978 Y2=1020 P1=1023 P2=  -1 T1=1023 T2= 884  P=  -1  D=  -1 
 X=1023 X2=1006  Y= 985 Y2=1023 P1=1023 P2=  -1 T1=1022 T2= 900  P=  -1  D=  -1 
 X=1017 X2=1010  Y= 961 Y2=1020 P1=1023 P2=  -1 T1=1023 T2= 890  P=  -1  D=  -1 
 X= 860 X2=1023  Y= 982 Y2=1023 P1=1023 P2=  -1 T1=1023 T2= 897  P=  -1  D=  -1 
 X=1001 X2=1020  Y= 968 Y2=1023 P1=1023 P2=  -1 T1=1022 T2= 864  P=  -1  D=  -1 
 X= 951 X2=1021  Y= 972 Y2=1023 P1=1023 P2=  -1 T1=1022 T2= 902  P=  -1  D=  -1 
 X= 934 X2=1023  Y= 982 Y2=1021 P1=1023 P2=  -1 T1=1023 T2= 878  P=  -1  D=  -1 
 X=1018 X2= 982  Y= 984 Y2=1023 P1=1023 P2=  -1 T1=1023 T2= 865  P=  -1  D=  -1 
 X= 983 X2=1017  Y= 968 Y2=1007 P1=1023 P2=  -1 T1=1023 T2= 914  P=  -1  D=  -1 
 X= 907 X2=1018  Y= 960 Y2=1023 P1=1023 P2=  -1 T1=1020 T2= 941  P=  -1  D=  -1 
 X= 924 X2=1023  Y= 974 Y2=1019 P1=1023 P2=  -1 T1=1023 T2= 904  P=  -1  D=  -1 
 X=1023 X2=1010  Y= 972 Y2=1023 P1=1023 P2=  -1 T1=1021 T2= 916  P=  -1  D=  -1 
 X= 898 X2=1023  Y= 978 Y2=1023 P1=1023 P2=  -1 T1=1023 T2= 897  P=  -1  D=  -1 
 X= 938 X2=1023  Y= 976 Y2=1020 P1=1023 P2=  -1 T1=1023 T2= 885  P=  -1  D=  -1 
 X= 959 X2=1023  Y= 975 Y2=1021 P1=1023 P2=  -1 T1=1021 T2= 891  P=  -1  D=  -1 
 X= 797 X2=1023  Y= 968 Y2=1023 P1=1023 P2=  -1 T1=1023 T2= 890  P=  -1  D=  -1 
 X= 858 X2=1023  Y= 971 Y2=1020 P1=1023 P2=  -1 T1=1023 T2= 890  P=  -1  D=  -1 
 X=1003 X2= 988  Y= 973 Y2=1023 P1=1023 P2=  -1 T1=1023 T2= 900  P=  -1  D=  -1 
 X= 985 X2=1004  Y= 966 Y2=1023 P1=1023 P2=  -1 T1=1020 T2= 898  P=  -1  D=  -1 
 X= 953 X2=1023  Y= 988 Y2=1023 P1=1023 P2=  -1 T1=1023 T2= 909  P=  -1  D=  -1 
 X=1006 X2=1019  Y= 981 Y2=1023 P1=1023 P2=  -1 T1=1021 T2= 922  P=  -1  D=  -1 
 X= 922 X2=1021  Y= 976 Y2=1023 P1=1023 P2=  -1 T1=1023 T2= 910  P=  -1  D=  -1 
 X= 960 X2=1020  Y= 980 Y2=1020 P1=1023 P2=  -1 T1=1020 T2= 924  P=  -1  D=  -1 
 X= 909 X2=1023  Y= 963 Y2=1023 P1=1023 P2=  -1 T1=1023 T2= 907  P=  -1  D=  -1 
 X= 901 X2=1020  Y= 973 Y2=1023 P1=1023 P2=  -1 T1=1019 T2= 889  P=  -1  D=  -1 
 X= 914 X2=1019  Y= 974 Y2=1023 P1=1023 P2=  -1 T1=1023 T2= 902  P=  -1  D=  -1 
 X=1023 X2=1008  Y= 976 Y2=1018 P1=1023 P2=  -1 T1=1022 T2= 870  P=  -1  D=  -1 
 X= 910 X2=1020  Y= 975 Y2=1023 P1=1023 P2=  -1 T1=1023 T2= 907  P=  -1  D=  -1 
 X= 916 X2=1019  Y= 965 Y2=1020 P1=1023 P2=  -1 T1=1023 T2= 890  P=  -1  D=  -1 
 X= 998 X2=1018  Y= 982 Y2=1023 P1=1023 P2=  -1 T1=1023 T2= 921  P=  -1  D=  -1 
 X=1023 X2=1004  Y= 979 Y2=1018 P1=1023 P2=  -1 T1=1023 T2= 908  P=  -1  D=  -1 
 X= 525 X2= 525  Y= 524 Y2= 524 P1= 809 P2= 415 T1=  18 T2=  16  P= 498  D=  -1 * 0
 X= 990 X2=1012  Y= 965 Y2=1023 P1=1023 P2=   0 T1=1020 T2= 903  P= 498  D=  -1 
 X= 951 X2=1020  Y= 975 Y2=1023 P1=1023 P2=   0 T1=1022 T2= 912  P= 498  D=  -1 
 X= 526 X2= 526  Y= 527 Y2= 527 P1= 819 P2= 398 T1=  17 T2=  17  P= 555  D=  -1 * 0
 X= 530 X2= 529  Y= 528 Y2= 527 P1= 832 P2= 371 T1=  16 T2=  18  P= 657  D=  -1 * 0
 X= 526 X2= 526  Y= 525 Y2= 526 P1= 814 P2= 405 T1=  17 T2=  16  P= 530  D=  -1 * 1
 X= 526 X2= 525  Y= 525 Y2= 525 P1= 816 P2= 403 T1=  17 T2=  17  P= 537  D=  -1 * 2
 X= 526 X2= 525  Y= 527 Y2= 525 P1= 816 P2= 405 T1=  16 T2=  17  P= 532  D=  -1 * 3
 X= 526 X2= 527  Y= 525 Y2= 525 P1= 816 P2= 403 T1=  16 T2=  16  P= 538  D=  -1 * 4
 X= 526 X2= 525  Y= 525 Y2= 525 P1= 815 P2= 404 T1=  16 T2=  17  P= 533  D=  -1 * 5
 X= 527 X2= 525  Y= 527 Y2= 527 P1= 815 P2= 404 T1=  16 T2=  17  P= 534  D=  -1 * 6
 X= 526 X2= 526  Y= 525 Y2= 526 P1= 815 P2= 405 T1=  16 T2=  17  P= 532  D=  -1 * 7
 X= 525 X2= 526  Y= 525 Y2= 525 P1= 814 P2= 405 T1=  15 T2=  17  P= 529  D=  -1 * 8
 X= 525 X2= 526  Y= 525 Y2= 525 P1= 815 P2= 405 T1=  17 T2=  19  P= 531  D=  -1 * 9
 X= 527 X2= 525  Y= 525 Y2= 525 P1= 815 P2= 405 T1=  18 T2=  16  P= 532  D=  -1 * 10
 X= 526 X2= 526  Y= 525 Y2= 526 P1= 815 P2= 405 T1=  16 T2=  15  P= 532  D=  -1 * 11
 X= 525 X2= 526  Y= 525 Y2= 525 P1= 815 P2= 405 T1=  16 T2=  16  P= 531  D=  -1 * 12
 X= 525 X2= 525  Y= 525 Y2= 525 P1= 815 P2= 405 T1=  16 T2=  17  P= 531  D=  -1 * 13
 X= 525 X2= 527  Y= 526 Y2= 525 P1= 815 P2= 405 T1=  17 T2=  16  P= 532  D=  -1 * 14
 X= 526 X2= 527  Y= 527 Y2= 525 P1= 819 P2= 405 T1=  16 T2=  15  P= 537  D=  -1 * 15
 X= 525 X2= 526  Y= 525 Y2= 526 P1= 815 P2= 405 T1=  16 T2=  16  P= 531  D=  -1 * 16
 X= 525 X2= 525  Y= 525 Y2= 526 P1= 815 P2= 405 T1=  17 T2=  16  P= 531  D=  -1 * 17
 X= 524 X2= 526  Y= 526 Y2= 525 P1= 814 P2= 405 T1=  16 T2=  16  P= 529  D=  -1 * 18
 X= 526 X2= 534  Y= 526 Y2= 525 P1= 815 P2= 405 T1=  16 T2=  17  P= 536  D=  -1 * 19
 X= 525 X2= 525  Y= 524 Y2= 525 P1= 815 P2= 406 T1=  16 T2=  17  P= 528  D=  -1 * 20
 X= 526 X2= 526  Y= 525 Y2= 525 P1= 815 P2= 406 T1=  17 T2=  17  P= 529  D=  -1 * 21
 X= 526 X2= 525  Y= 525 Y2= 525 P1= 814 P2= 405 T1=  16 T2=  16  P= 529  D=  -1 * 22
 X= 526 X2= 525  Y= 525 Y2= 525 P1= 814 P2= 405 T1=  16 T2=  16  P= 529  D=  -1 * 23
 X= 528 X2= 527  Y= 525 Y2= 525 P1= 815 P2= 405 T1=  17 T2=  16  P= 533  D=  -1 * 24
Remove Pin
 X= 526 X2= 526  Y= 525 Y2= 526 P1= 815 P2= 405 T1=  18 T2=  16  P= 532  D=  -1 * 24
 X= 527 X2= 526  Y= 525 Y2= 525 P1= 815 P2= 405 T1=  17 T2=  16  P= 532  D=  -1 * 24
 X= 524 X2= 526  Y= 526 Y2= 525 P1= 815 P2= 405 T1=  16 T2=  17  P= 531  D=  -1 * 24
 X= 526 X2= 526  Y= 526 Y2= 525 P1= 814 P2= 406 T1=  16 T2=  16  P= 528  D=  -1 * 24
 X= 526 X2= 526  Y= 525 Y2= 525 P1= 814 P2= 405 T1=  17 T2=  17  P= 530  D=  -1 * 24
 X= 526 X2= 525  Y= 525 Y2= 526 P1= 814 P2= 405 T1=  16 T2=  16  P= 529  D=  -1 * 24
 X= 526 X2= 528  Y= 526 Y2= 525 P1= 815 P2= 405 T1=  16 T2=  16  P= 533  D=  -1 * 24
 X= 527 X2= 527  Y= 525 Y2= 526 P1= 814 P2= 405 T1=  17 T2=  17  P= 531  D=  -1 * 24
 X= 526 X2= 527  Y= 525 Y2= 525 P1= 814 P2= 405 T1=  17 T2=  18  P= 530  D=  -1 * 24
 X= 525 X2= 526  Y= 525 Y2= 525 P1= 815 P2= 406 T1=  16 T2=  16  P= 528  D=  -1 * 24
 X= 526 X2= 525  Y= 525 Y2= 526 P1= 814 P2= 405 T1=  16 T2=  16  P= 529  D=  -1 * 24
 X= 526 X2= 526  Y= 525 Y2= 525 P1= 815 P2= 405 T1=  15 T2=  16  P= 532  D=  -1 * 24
 X= 525 X2= 526  Y= 525 Y2= 525 P1= 815 P2= 405 T1=  16 T2=  17  P= 531  D=  -1 * 24
 X= 526 X2= 525  Y= 526 Y2= 525 P1= 814 P2= 406 T1=  16 T2=  15  P= 527  D=  -1 * 24
 X= 525 X2= 526  Y= 525 Y2= 526 P1= 815 P2= 406 T1=  17 T2=  16  P= 528  D=  -1 * 24
 X= 525 X2= 526  Y= 526 Y2= 525 P1= 814 P2= 405 T1=  17 T2=  17  P= 529  D=  -1 * 24
 X= 526 X2= 525  Y= 525 Y2= 525 P1= 815 P2= 405 T1=  16 T2=  15  P= 531  D=  -1 * 24
 X= 526 X2= 527  Y= 525 Y2= 522 P1= 814 P2= 405 T1=  16 T2=  16  P= 530  D=  -1 * 24
 X= 526 X2= 526  Y= 526 Y2= 525 P1= 814 P2= 406 T1=  16 T2=  17  P= 528  D=  -1 * 24
 X= 525 X2= 525  Y= 525 Y2= 525 P1= 815 P2= 405 T1=  16 T2=  16  P= 531  D=  -1 * 24
 X= 524 X2= 525  Y= 525 Y2= 524 P1= 815 P2= 405 T1=  17 T2=  16  P= 530  D=  -1 * 24
 X= 525 X2= 526  Y= 525 Y2= 525 P1= 814 P2= 406 T1=  16 T2=  17  P= 527  D=  -1 * 24
 X= 525 X2= 526  Y= 525 Y2= 526 P1= 815 P2= 406 T1=  16 T2=  16  P= 528  D=  -1 * 24
 X= 524 X2= 526  Y= 526 Y2= 526 P1= 814 P2= 405 T1=  16 T2=  16  P= 529  D=  -1 * 24
 X= 525 X2= 525  Y= 526 Y2= 525 P1= 814 P2= 405 T1=  16 T2=  17  P= 529  D=  -1 * 24
 X= 525 X2= 526  Y= 526 Y2= 526 P1= 815 P2= 406 T1=  16 T2=  17  P= 528  D=  -1 * 24
 X= 526 X2= 526  Y= 526 Y2= 526 P1= 817 P2= 405 T1=  17 T2=  17  P= 534  D=  -1 * 24
 X= 527 X2= 526  Y= 525 Y2= 524 P1= 814 P2= 408 T1=  16 T2=  18  P= 523  D=  -1 * 24
 X= 525 X2= 526  Y= 524 Y2= 525 P1= 815 P2= 405 T1=  16 T2=  16  P= 531  D=  -1 * 24
 X=1023 X2=1003  Y= 964 Y2=1023 P1=1023 P2=   0 T1=1019 T2= 835  P= 531  D=  -1 
 X= 917 X2=1018  Y= 963 Y2=1022 P1=1023 P2=   0 T1=1021 T2= 889  P= 531  D=  -1 
 X= 848 X2=1023  Y= 963 Y2=1018 P1=1023 P2=   0 T1=1020 T2= 889  P= 531  D=  -1 
target state=1 point=23,22
 X=1019 X2=1014  Y= 971 Y2=1023 P1=1023 P2=   0 T1=1019 T2= 903  P= 531  D=  -1 
 X=1023 X2=1013  Y= 976 Y2=1023 P1=1023 P2=   0 T1=1020 T2= 894  P= 531  D=  -1 
 X= 789 X2=1023  Y= 975 Y2=1022 P1=1023 P2=   0 T1=1021 T2= 908  P= 531  D=  -1 
 X= 838 X2=1023  Y= 973 Y2=1019 P1=1023 P2=   0 T1=1023 T2= 912  P= 531  D=  -1 
 X= 987 X2= 992  Y= 967 Y2=1023 P1=1023 P2=   0 T1=1023 T2= 900  P= 531  D=  -1 
 X= 824 X2=1023  Y= 979 Y2=1020 P1=1023 P2=   0 T1=1023 T2= 914  P= 531  D=  -1 
 X= 951 X2=1023  Y= 978 Y2=1019 P1=1023 P2=   0 T1=1023 T2= 912  P= 531  D=  -1 
 X=1023 X2=1011  Y= 982 Y2=1023 P1=1023 P2=   0 T1=1023 T2= 906  P= 531  D=  -1 
 X= 994 X2=1012  Y= 970 Y2=1020 P1=1023 P2=   0 T1=1023 T2= 878  P= 531  D=  -1 
 X= 908 X2=1023  Y= 959 Y2=1021 P1=1023 P2=   0 T1=1021 T2= 912  P= 531  D=  -1 
 X= 965 X2= 987  Y= 975 Y2=1020 P1=1014 P2=   0 T1=1023 T2= 883  P= 531  D=  -1 
 X= 956 X2=1023  Y= 966 Y2=1023 P1=1023 P2=   0 T1=1020 T2= 899  P= 531  D=  -1 
 X= 950 X2=1016  Y= 979 Y2=1019 P1=1023 P2=   0 T1=1023 T2= 889  P= 531  D=  -1 
 X=1004 X2= 991  Y= 983 Y2=1023 P1=1023 P2=   0 T1=1023 T2= 901  P= 531  D=  -1 
 X= 870 X2=1016  Y= 959 Y2=1023 P1=1023 P2=   0 T1=1021 T2= 889  P= 531  D=  -1 
 X= 900 X2=1019  Y= 976 Y2=1023 P1=1023 P2=   0 T1=1023 T2= 887  P= 531  D=  -1 
 X=1023 X2=1012  Y= 973 Y2=1020 P1=1023 P2=   0 T1=1020 T2= 896  P= 531  D=  -1 
 X=1008 X2= 998  Y= 977 Y2=1020 P1=1023 P2=   0 T1=1019 T2= 915  P= 531  D=  -1 
 X= 898 X2=1023  Y= 981 Y2=1023 P1=1023 P2=   0 T1=1023 T2= 903  P= 531  D=  -1 
 X= 960 X2= 993  Y= 974 Y2=1021 P1=1023 P2=   0 T1=1023 T2= 891  P= 531  D=  -1 
 X= 954 X2=1023  Y= 972 Y2=1023 P1=1023 P2=   0 T1=1020 T2= 916  P= 531  D=  -1 
 X= 879 X2=1023  Y= 977 Y2=1020 P1=1023 P2=   0 T1=1023 T2= 906  P= 531  D=  -1 
 X= 957 X2=1022  Y= 972 Y2=1020 P1=1023 P2=   0 T1=1022 T2= 902  P= 531  D=  -1 
 X= 991 X2=1012  Y= 972 Y2=1023 P1=1023 P2=   0 T1=1023 T2= 914  P= 531  D=  -1 
 X= 884 X2=1015  Y= 959 Y2=1023 P1=1023 P2=   0 T1=1021 T2= 896  P= 531  D=  -1 
 X= 954 X2=1021  Y= 988 Y2=1023 P1=1023 P2=   0 T1=1021 T2= 832  P= 531  D=  -1 
 X=1010 X2=1002  Y= 978 Y2=1021 P1=1023 P2=   0 T1=1020 T2= 898  P= 531  D=  -1 
 X= 864 X2=1023  Y= 974 Y2=1019 P1=1023 P2=   0 T1=1021 T2= 897  P= 531  D=  -1 
 X= 912 X2=1023  Y= 971 Y2=1020 P1=1023 P2=   0 T1=1020 T2= 890  P= 531  D=  -1 
 X=1023 X2=1011  Y= 973 Y2=1023 P1=1023 P2=   0 T1=1022 T2= 872  P= 531  D=  -1 
 X= 920 X2=1023  Y= 984 Y2=1020 P1=1023 P2=   0 T1=1023 T2= 899  P= 531  D=  -1 
 X= 815 X2=1023  Y= 975 Y2=1020 P1=1023 P2=   0 T1=1023 T2= 915  P= 531  D=  -1 
 X=1008 X2= 997  Y= 981 Y2=1020 P1=1023 P2=   0 T1=1021 T2= 895  P= 531  D=  -1 
 X= 895 X2=1020  Y= 970 Y2=1023 P1=1023 P2=   0 T1=1020 T2= 896  P= 531  D=  -1 
 X= 931 X2=1023  Y= 980 Y2=1018 P1=1023 P2=   0 T1=1020 T2= 897  P= 531  D=  -1 
 X= 936 X2=1023  Y= 979 Y2=1020 P1=1023 P2=   0 T1=1020 T2= 886  P= 531  D=  -1 
 X= 774 X2=1023  Y= 977 Y2=1021 P1=1023 P2=   0 T1=1023 T2= 925  P= 531  D=  -1 
 X= 950 X2=1013  Y= 970 Y2=1023 P1=1023 P2=   0 T1=1023 T2= 902  P= 531  D=  -1 
 X= 983 X2=1005  Y= 973 Y2=1022 P1=1023 P2=   0 T1=1023 T2= 910  P= 531  D=  -1 
 X= 855 X2=1014  Y= 961 Y2=1020 P1=1023 P2=   0 T1=1019 T2= 886  P= 531  D=  -1 
 X=1023 X2=1019  Y= 961 Y2=1023 P1=1023 P2=   0 T1=1020 T2= 896  P= 531  D=  -1 
 X= 861 X2=1019  Y= 971 Y2=1023 P1=1023 P2=   0 T1=1023 T2= 919  P= 531  D=  -1 
 X= 930 X2=1012  Y= 977 Y2=1022 P1=1023 P2=   0 T1=1020 T2= 896  P= 531  D=  -1 
 X= 947 X2=1019  Y= 980 Y2=1019 P1=1023 P2=   0 T1=1023 T2= 893  P= 531  D=  -1 
 X= 964 X2= 972  Y= 970 Y2=1023 P1=1023 P2=   0 T1=1023 T2= 894  P= 531  D=  -1 
 X= 933 X2=1023  Y= 980 Y2=1019 P1=1023 P2=   0 T1=1023 T2= 899  P= 531  D=  -1 
 X= 847 X2=1023  Y= 977 Y2=1021 P1=1023 P2=   0 T1=1023 T2= 923  P= 531  D=  -1 
 X= 898 X2=1023  Y= 989 Y2=1022 P1=1023 P2=   0 T1=1023 T2= 898  P= 531  D=  -1 
 X= 875 X2=1023  Y=1016 Y2=1023 P1=1023 P2=   0 T1=1023 T2=1019  P= 531  D=  -1 
 X= 966 X2=1023  Y= 986 Y2=1023 P1=1023 P2=   0 T1=1023 T2= 904  P= 531  D=  -1 
 X=1019 X2= 982  Y= 979 Y2=1023 P1=1023 P2=   0 T1=1023 T2= 910  P= 531  D=  -1 
 X= 994 X2=1011  Y= 969 Y2=1023 P1=1023 P2=   0 T1=1023 T2= 896  P= 531  D=  -1 
 X=1003 X2=1003  Y= 978 Y2=1023 P1=1023 P2=   0 T1=1021 T2= 890  P= 531  D=  -1 
 X= 966 X2=1023  Y= 970 Y2=1018 P1=1023 P2=   0 T1=1020 T2= 914  P= 531  D=  -1 
 X= 969 X2=1011  Y= 959 Y2=1021 P1=1023 P2=   0 T1=1023 T2= 931  P= 531  D=  -1 
 X= 794 X2=1023  Y= 976 Y2=1021 P1=1023 P2=   0 T1=1023 T2= 913  P= 531  D=  -1 
 X= 879 X2=1023  Y= 975 Y2=1023 P1=1023 P2=   0 T1=1020 T2= 907  P= 531  D=  -1 
 X=1003 X2= 982  Y= 977 Y2=1020 P1=1023 P2=   0 T1=1023 T2= 871  P= 531  D=  -1 
 X= 953 X2=1013  Y= 969 Y2=1023 P1=1023 P2=   0 T1=1023 T2= 895  P= 531  D=  -1 
 X= 951 X2=1023  Y= 969 Y2=1021 P1=1023 P2=   0 T1=1022 T2= 891  P= 531  D=  -1 
 X=1023 X2=1006  Y= 972 Y2=1023 P1=1023 P2=   0 T1=1023 T2= 896  P= 531  D=  -1 
 X= 975 X2=1012  Y= 969 Y2=1023 P1=1018 P2=   0 T1=1023 T2= 896  P= 531  D=  -1 
 X= 934 X2=1018  Y= 970 Y2=1023 P1=1023 P2=   0 T1=1023 T2= 887  P= 531  D=  -1 
 X= 238 X2= 235  Y= 334 Y2= 327 P1= 699 P2= 194 T1=  21 T2=  21  P= 614  D=  -1 * 0
 X= 236 X2= 235  Y= 333 Y2= 326 P1= 689 P2= 199 T1=  20 T2=  20  P= 578  D=  -1 * 0
 X= 236 X2= 229  Y= 333 Y2= 326 P1= 691 P2= 198 T1=  20 T2=  20  P= 577  D=  -1 * 0
 X= 235 X2= 233  Y= 333 Y2= 327 P1= 690 P2= 199 T1=  21 T2=  19  P= 577  D=  -1 * 0
 X= 236 X2= 235  Y= 332 Y2= 327 P1= 689 P2= 200 T1=  21 T2=  19  P= 574  D=  -1 * 1
 X= 235 X2= 234  Y= 333 Y2= 326 P1= 689 P2= 199 T1=  19 T2=  19  P= 576  D=  -1 * 2
 X= 236 X2= 232  Y= 334 Y2= 326 P1= 689 P2= 199 T1=  20 T2=  20  P= 576  D=  -1 * 3
 X= 236 X2= 234  Y= 334 Y2= 326 P1= 689 P2= 199 T1=  20 T2=  20  P= 578  D=  -1 * 4
 X= 236 X2= 234  Y= 333 Y2= 326 P1= 689 P2= 199 T1=  20 T2=  19  P= 578  D=  -1 * 5
 X= 236 X2= 233  Y= 333 Y2= 326 P1= 689 P2= 200 T1=  21 T2=  19  P= 572  D=  -1 * 6
 X= 237 X2= 234  Y= 333 Y2= 327 P1= 688 P2= 199 T1=  20 T2=  20  P= 577  D=  -1 * 7
 X= 236 X2= 234  Y= 334 Y2= 326 P1= 689 P2= 199 T1=  20 T2=  20  P= 578  D=  -1 * 8
 X= 237 X2= 234  Y= 333 Y2= 327 P1= 689 P2= 199 T1=  19 T2=  20  P= 578  D=  -1 * 9
 X= 237 X2= 234  Y= 333 Y2= 326 P1= 688 P2= 199 T1=  20 T2=  20  P= 577  D=  -1 * 10
 X= 236 X2= 233  Y= 333 Y2= 326 P1= 688 P2= 200 T1=  21 T2=  20  P= 570  D=  -1 * 11
 X= 237 X2= 233  Y= 333 Y2= 327 P1= 688 P2= 200 T1=  21 T2=  21  P= 573  D=  -1 * 12
 X= 236 X2= 233  Y= 334 Y2= 326 P1= 688 P2= 200 T1=  20 T2=  19  P= 570  D=  -1 * 13
 X= 237 X2= 234  Y= 333 Y2= 327 P1= 689 P2= 200 T1=  20 T2=  20  P= 574  D=  -1 * 14
 X= 236 X2= 233  Y= 335 Y2= 326 P1= 688 P2= 199 T1=  19 T2=  20  P= 574  D=  -1 * 15
 X= 236 X2= 233  Y= 335 Y2= 327 P1= 688 P2= 200 T1=  20 T2=  19  P= 570  D=  -1 * 16
 X= 236 X2= 233  Y= 333 Y2= 326 P1= 688 P2= 199 T1=  20 T2=  19  P= 574  D=  -1 * 17
 X= 236 X2= 233  Y= 333 Y2= 327 P1= 688 P2= 200 T1=  20 T2=  21  P= 570  D=  -1 * 18
 X= 236 X2= 232  Y= 333 Y2= 327 P1= 688 P2= 200 T1=  20 T2=  20  P= 570  D=  -1 * 19
 X= 238 X2= 234  Y= 335 Y2= 326 P1= 688 P2= 200 T1=  20 T2=  19  P= 575  D=  -1 * 20
 X= 236 X2= 233  Y= 335 Y2= 326 P1= 688 P2= 200 T1=  20 T2=  21  P= 570  D=  -1 * 21
 X= 236 X2= 233  Y= 333 Y2= 326 P1= 688 P2= 200 T1=  20 T2=  19  P= 570  D=  -1 * 22
 X= 236 X2= 234  Y= 332 Y2= 326 P1= 688 P2= 200 T1=  21 T2=  21  P= 573  D=  -1 * 23
 X= 236 X2= 233  Y= 333 Y2= 327 P1= 688 P2= 200 T1=  20 T2=  19  P= 570  D=  -1 * 24
Remove Pin
 X= 236 X2= 233  Y= 333 Y2= 325 P1= 688 P2= 200 T1=  20 T2=  20  P= 570  D=  -1 * 24
 X= 233 X2= 234  Y= 333 Y2= 327 P1= 689 P2= 200 T1=  20 T2=  20  P= 569  D=  -1 * 24
 X= 236 X2= 236  Y= 334 Y2= 326 P1= 688 P2= 200 T1=  20 T2=  20  P= 575  D=  -1 * 24
 X= 236 X2= 233  Y= 334 Y2= 326 P1= 688 P2= 200 T1=  20 T2=  19  P= 570  D=  -1 * 24
 X= 234 X2= 234  Y= 333 Y2= 327 P1= 687 P2= 200 T1=  20 T2=  20  P= 569  D=  -1 * 24
 X= 236 X2= 233  Y= 332 Y2= 326 P1= 688 P2= 200 T1=  19 T2=  20  P= 570  D=  -1 * 24
 X= 236 X2= 233  Y= 334 Y2= 326 P1= 687 P2= 200 T1=  21 T2=  20  P= 569  D=  -1 * 24
 X= 236 X2= 233  Y= 333 Y2= 326 P1= 687 P2= 200 T1=  20 T2=  20  P= 569  D=  -1 * 24
 X= 235 X2= 233  Y= 333 Y2= 325 P1= 688 P2= 200 T1=  19 T2=  20  P= 570  D=  -1 * 24
 X= 235 X2= 234  Y= 333 Y2= 326 P1= 687 P2= 200 T1=  20 T2=  20  P= 569  D=  -1 * 24
 X= 236 X2= 233  Y= 333 Y2= 327 P1= 688 P2= 200 T1=  20 T2=  20  P= 570  D=  -1 * 24
 X= 236 X2= 233  Y= 333 Y2= 326 P1= 688 P2= 200 T1=  20 T2=  20  P= 570  D=  -1 * 24
 X= 235 X2= 234  Y= 333 Y2= 327 P1= 688 P2= 200 T1=  20 T2=  20  P= 570  D=  -1 * 24
 X= 236 X2= 234  Y= 333 Y2= 328 P1= 688 P2= 200 T1=  20 T2=  19  P= 573  D=  -1 * 24
 X= 237 X2= 232  Y= 333 Y2= 326 P1= 687 P2= 200 T1=  20 T2=  19  P= 569  D=  -1 * 24
 X= 236 X2= 233  Y= 333 Y2= 326 P1= 688 P2= 201 T1=  20 T2=  19  P= 566  D=  -1 * 24
 X= 236 X2= 233  Y= 333 Y2= 326 P1= 688 P2= 200 T1=  20 T2=  20  P= 570  D=  -1 * 24
 X= 235 X2= 233  Y= 333 Y2= 326 P1= 687 P2= 200 T1=  20 T2=  19  P= 569  D=  -1 * 24
 X= 235 X2= 234  Y= 333 Y2= 327 P1= 688 P2= 200 T1=  20 T2=  20  P= 570  D=  -1 * 24
 X= 238 X2= 232  Y= 334 Y2= 327 P1= 689 P2= 200 T1=  19 T2=  20  P= 574  D=  -1 * 24
 X= 238 X2= 234  Y= 333 Y2= 327 P1= 687 P2= 200 T1=  20 T2=  20  P= 574  D=  -1 * 24
 X= 236 X2= 234  Y= 334 Y2= 326 P1= 687 P2= 200 T1=  20 T2=  20  P= 572  D=  -1 * 24
 X= 235 X2= 232  Y= 334 Y2= 326 P1= 688 P2= 200 T1=  22 T2=  19  P= 568  D=  -1 * 24
 X= 237 X2= 233  Y= 333 Y2= 326 P1= 687 P2= 200 T1=  20 T2=  19  P= 572  D=  -1 * 24
 X= 237 X2= 233  Y= 333 Y2= 327 P1= 687 P2= 200 T1=  22 T2=  20  P= 572  D=  -1 * 24
 X= 235 X2= 233  Y= 333 Y2= 326 P1= 687 P2= 200 T1=  21 T2=  21  P= 569  D=  -1 * 24
 X=1016 X2=1017  Y= 970 Y2=1023 P1=1023 P2=   0 T1=1020 T2= 892  P= 569  D=  -1 
 X= 945 X2=1023  Y= 967 Y2=1023 P1=1023 P2=   0 T1=1019 T2= 899  P= 569  D=  -1 
 X= 774 X2=1023  Y= 981 Y2=1023 P1=1023 P2=   0 T1=1020 T2= 882  P= 569  D=  -1 
target state=2 point=456,22
 X= 888 X2=1020  Y= 956 Y2=1022 P1=1023 P2=   0 T1=1022 T2= 908  P= 569  D=  -1 
 X= 873 X2=1015  Y= 975 Y2=1023 P1=1023 P2=   0 T1=1019 T2= 903  P= 569  D=  -1 
 X= 902 X2=1017  Y= 977 Y2=1021 P1=1023 P2=   0 T1=1021 T2= 901  P= 569  D=  -1 
 X= 940 X2=1001  Y= 980 Y2=1019 P1=1023 P2=   0 T1=1023 T2= 899  P= 569  D=  -1 
 X= 971 X2=1006  Y= 986 Y2=1023 P1=1023 P2=   0 T1=1023 T2= 901  P= 569  D=  -1 
 X= 885 X2=1023  Y= 981 Y2=1023 P1=1023 P2=   0 T1=1021 T2= 909  P= 569  D=  -1 
 X= 926 X2=1023  Y= 992 Y2=1019 P1=1023 P2=   0 T1=1021 T2= 876  P= 569  D=  -1 
 X= 855 X2=1016  Y= 977 Y2=1023 P1=1023 P2=   0 T1=1023 T2= 896  P= 569  D=  -1 
 X= 779 X2=1023  Y= 973 Y2=1023 P1=1023 P2=   0 T1=1020 T2= 916  P= 569  D=  -1 
 X= 863 X2=1023  Y= 973 Y2=1023 P1=1023 P2=   0 T1=1021 T2= 895  P= 569  D=  -1 
 X=1023 X2=1008  Y= 969 Y2=1021 P1=1023 P2=   0 T1=1020 T2= 919  P= 569  D=  -1 
 X= 887 X2=1023  Y= 977 Y2=1020 P1=1023 P2=   0 T1=1021 T2= 894  P= 569  D=  -1 
 X= 952 X2=1023  Y= 973 Y2=1022 P1=1023 P2=   0 T1=1023 T2= 912  P= 569  D=  -1 
 X= 942 X2=1021  Y= 989 Y2=1020 P1=1023 P2=   0 T1=1022 T2= 915  P= 569  D=  -1 
 X= 889 X2=1023  Y= 975 Y2=1017 P1=1023 P2=   0 T1=1023 T2= 902  P= 569  D=  -1 
 X= 902 X2=1023  Y= 986 Y2=1020 P1=1023 P2=   0 T1=1023 T2= 896  P= 569  D=  -1 
 X= 990 X2=1022  Y= 981 Y2=1019 P1=1023 P2=   0 T1=1022 T2= 907  P= 569  D=  -1 
 X= 876 X2=1023  Y= 965 Y2=1023 P1=1023 P2=   0 T1=1021 T2= 937  P= 569  D=  -1 
 X= 829 X2=1023  Y= 976 Y2=1018 P1=1023 P2=   0 T1=1023 T2= 901  P= 569  D=  -1 
 X=1023 X2=1011  Y= 974 Y2=1020 P1=1023 P2=   0 T1=1020 T2= 901  P= 569  D=  -1 
 X= 863 X2=1018  Y= 973 Y2=1019 P1=1023 P2=   0 T1=1022 T2= 898  P= 569  D=  -1 
 X= 866 X2=1023  Y= 965 Y2=1023 P1=1023 P2=   0 T1=1019 T2= 926  P= 569  D=  -1 
 X=1008 X2=1002  Y= 969 Y2=1023 P1=1023 P2=   0 T1=1022 T2= 903  P= 569  D=  -1 
 X= 953 X2=1022  Y= 975 Y2=1021 P1=1023 P2=   0 T1=1023 T2= 900  P= 569  D=  -1 
 X= 822 X2=1023  Y= 967 Y2=1023 P1=1023 P2=   0 T1=1023 T2= 902  P= 569  D=  -1 
 X= 963 X2= 982  Y= 977 Y2=1023 P1=1023 P2=   0 T1=1023 T2= 892  P= 569  D=  -1 
 X= 860 X2=1018  Y= 963 Y2=1021 P1=1023 P2=   0 T1=1022 T2= 915  P= 569  D=  -1 
 X= 929 X2=1023  Y= 977 Y2=1021 P1=1023 P2=   0 T1=1019 T2= 900  P= 569  D=  -1 
 X=1023 X2= 999  Y= 984 Y2=1019 P1=1023 P2=   0 T1=1023 T2= 893  P= 569  D=  -1 
 X=1018 X2=1022  Y=1019 Y2=1021 P1=1023 P2=   0 T1=1023 T2=1012  P= 569  D=  -1 
 X= 864 X2=1020  Y= 970 Y2=1021 P1=1023 P2=   0 T1=1022 T2= 895  P= 569  D=  -1 
 X= 927 X2= 985  Y= 979 Y2=1023 P1=1023 P2=   0 T1=1023 T2= 890  P= 569  D=  -1 
 X= 995 X2=1013  Y= 979 Y2=1020 P1=1023 P2=   0 T1=1020 T2= 891  P= 569  D=  -1 
 X= 819 X2=1023  Y= 971 Y2=1023 P1=1023 P2=   0 T1=1021 T2= 919  P= 569  D=  -1 
 X= 940 X2=1023  Y= 985 Y2=1020 P1=1023 P2=   0 T1=1023 T2= 915  P= 569  D=  -1 
 X= 954 X2=1023  Y= 970 Y2=1023 P1=1023 P2=   0 T1=1023 T2= 892  P= 569  D=  -1 
 X= 957 X2=1023  Y= 960 Y2=1022 P1=1023 P2=   0 T1=1021 T2= 909  P= 569  D=  -1 
 X=1023 X2=1010  Y= 979 Y2=1023 P1=1023 P2=   0 T1=1023 T2= 892  P= 569  D=  -1 
 X=1023 X2=1013  Y= 982 Y2=1020 P1=1023 P2=   0 T1=1021 T2= 903  P= 569  D=  -1 
 X= 864 X2=1013  Y= 966 Y2=1023 P1=1023 P2=   0 T1=1023 T2= 909  P= 569  D=  -1 
 X= 853 X2=1023  Y= 983 Y2=1023 P1=1023 P2=   0 T1=1021 T2= 898  P= 569  D=  -1 
 X= 961 X2=1011  Y= 978 Y2=1023 P1=1023 P2=   0 T1=1023 T2= 904  P= 569  D=  -1 
 X= 849 X2=1023  Y= 975 Y2=1019 P1=1023 P2=   0 T1=1023 T2= 880  P= 569  D=  -1 
 X= 780 X2=1023  Y= 973 Y2=1022 P1=1023 P2=   0 T1=1018 T2= 924  P= 569  D=  -1 
 X= 973 X2=1009  Y= 973 Y2=1023 P1=1023 P2=   0 T1=1022 T2= 910  P= 569  D=  -1 
 X= 980 X2=1012  Y= 975 Y2=1023 P1=1023 P2=   0 T1=1023 T2= 910  P= 569  D=  -1 
 X= 914 X2=1023  Y= 975 Y2=1023 P1=1023 P2=   0 T1=1023 T2= 916  P= 569  D=  -1 
 X= 946 X2=1023  Y= 985 Y2=1018 P1=1023 P2=   0 T1=1023 T2= 914  P= 569  D=  -1 
 X=1023 X2=1013  Y= 978 Y2=1023 P1=1023 P2=   0 T1=1020 T2= 891  P= 569  D=  -1 
 X= 877 X2=1023  Y= 982 Y2=1023 P1=1023 P2=   0 T1=1020 T2= 920  P= 569  D=  -1 
 X= 945 X2=1023  Y= 982 Y2=1019 P1=1023 P2=   0 T1=1021 T2= 913  P= 569  D=  -1 
 X= 908 X2=1021  Y= 975 Y2=1023 P1=1023 P2=   0 T1=1021 T2= 841  P= 569  D=  -1 
 X= 957 X2=1023  Y= 965 Y2=1023 P1=1023 P2=   0 T1=1023 T2= 876  P= 569  D=  -1 
 X= 908 X2=1023  Y= 981 Y2=1020 P1=1023 P2=   0 T1=1023 T2= 917  P= 569  D=  -1 
 X= 988 X2=1005  Y= 966 Y2=1021 P1=1023 P2=   0 T1=1021 T2= 918  P= 569  D=  -1 
 X= 985 X2=1017  Y= 975 Y2=1023 P1=1023 P2=   0 T1=1023 T2= 916  P= 569  D=  -1 
 X= 904 X2=1011  Y= 983 Y2=1018 P1=1023 P2=   0 T1=1021 T2= 894  P= 569  D=  -1 
 X= 943 X2= 989  Y= 980 Y2=1020 P1=1023 P2=   0 T1=1021 T2= 893  P= 569  D=  -1 
 X= 813 X2=1023  Y= 973 Y2=1020 P1=1023 P2=   0 T1=1020 T2= 895  P= 569  D=  -1 
 X= 882 X2=1023  Y= 980 Y2=1020 P1=1023 P2=   0 T1=1023 T2= 902  P= 569  D=  -1 
 X=1023 X2=1011  Y= 988 Y2=1020 P1=1023 P2=   0 T1=1022 T2= 905  P= 569  D=  -1 
 X= 867 X2=1016  Y= 968 Y2=1022 P1=1023 P2=   0 T1=1019 T2= 895  P= 569  D=  -1 
 X= 953 X2=1023  Y= 966 Y2=1023 P1=1023 P2=   0 T1=1022 T2= 892  P= 569  D=  -1 
 X=1023 X2=1006  Y= 973 Y2=1020 P1=1023 P2=   0 T1=1021 T2= 878  P= 569  D=  -1 
 X= 812 X2= 811  Y= 329 Y2= 335 P1= 805 P2= 487 T1=  13 T2=  12  P= 528  D=  -1 * 0
 X= 813 X2= 810  Y= 330 Y2= 337 P1= 809 P2= 478 T1=  27 T2=  13  P= 528  D=  -1 * 0
 X= 813 X2= 811  Y= 333 Y2= 339 P1= 819 P2= 456 T1=  16 T2=  15  P= 646  D=  -1 * 0
 X= 811 X2= 811  Y= 330 Y2= 338 P1= 809 P2= 477 T1=  13 T2=  13  P= 564  D=  -1 * 0
 X= 811 X2= 811  Y= 329 Y2= 333 P1= 805 P2= 483 T1=  13 T2=  13  P= 540  D=  -1 * 1
 X= 811 X2= 811  Y= 329 Y2= 335 P1= 806 P2= 483 T1=  13 T2=  12  P= 541  D=  -1 * 2
 X= 812 X2= 812  Y= 329 Y2= 336 P1= 806 P2= 482 T1=  13 T2=  15  P= 545  D=  -1 * 3
 X= 811 X2= 810  Y= 328 Y2= 335 P1= 806 P2= 482 T1=  13 T2=  14  P= 544  D=  -1 * 4
 X= 813 X2= 810  Y= 329 Y2= 335 P1= 806 P2= 483 T1=  11 T2=  13  P= 541  D=  -1 * 5
 X= 812 X2= 811  Y= 329 Y2= 339 P1= 805 P2= 483 T1=  13 T2=  12  P= 540  D=  -1 * 6
 X= 811 X2= 809  Y= 329 Y2= 335 P1= 806 P2= 483 T1=  12 T2=  13  P= 541  D=  -1 * 7
 X= 812 X2= 809  Y= 328 Y2= 336 P1= 805 P2= 483 T1=  13 T2=  13  P= 539  D=  -1 * 8
 X= 812 X2= 810  Y= 330 Y2= 336 P1= 805 P2= 483 T1=  13 T2=  13  P= 540  D=  -1 * 9
 X= 812 X2= 811  Y= 329 Y2= 335 P1= 806 P2= 483 T1=  12 T2=  13  P= 541  D=  -1 * 10
 X= 812 X2= 811  Y= 329 Y2= 335 P1= 806 P2= 483 T1=  13 T2=  13  P= 541  D=  -1 * 11
 X= 811 X2= 810  Y= 329 Y2= 337 P1= 805 P2= 483 T1=  12 T2=  13  P= 539  D=  -1 * 12
 X= 813 X2= 811  Y= 329 Y2= 335 P1= 806 P2= 484 T1=  13 T2=  14  P= 539  D=  -1 * 13
 X= 808 X2= 811  Y= 328 Y2= 335 P1= 805 P2= 484 T1=  12 T2=  12  P= 536  D=  -1 * 14
 X= 813 X2= 810  Y= 329 Y2= 336 P1= 805 P2= 483 T1=  13 T2=  12  P= 540  D=  -1 * 15
 X= 812 X2= 811  Y= 329 Y2= 335 P1= 800 P2= 484 T1=  12 T2=  13  P= 528  D=  -1 * 16
 X= 812 X2= 810  Y= 328 Y2= 335 P1= 806 P2= 484 T1=  13 T2=  13  P= 539  D=  -1 * 17
 X= 812 X2= 810  Y= 329 Y2= 334 P1= 805 P2= 484 T1=  13 T2=  13  P= 537  D=  -1 * 18
 X= 812 X2= 811  Y= 329 Y2= 335 P1= 805 P2= 483 T1=  13 T2=  13  P= 540  D=  -1 * 19
 X= 812 X2= 811  Y= 329 Y2= 335 P1= 805 P2= 483 T1=  13 T2=  13  P= 540  D=  -1 * 20
 X= 812 X2= 810  Y= 328 Y2= 335 P1= 805 P2= 484 T1=  13 T2=  14  P= 537  D=  -1 * 21
 X= 811 X2= 809  Y= 328 Y2= 338 P1= 805 P2= 484 T1=  13 T2=  14  P= 537  D=  -1 * 22
 X= 811 X2= 811  Y= 330 Y2= 335 P1= 806 P2= 483 T1=  14 T2=  13  P= 541  D=  -1 * 23
 X= 811 X2= 810  Y= 328 Y2= 336 P1= 805 P2= 484 T1=  13 T2=  13  P= 537  D=  -1 * 24
Remove Pin
 X= 812 X2= 810  Y= 329 Y2= 335 P1= 805 P2= 485 T1=  12 T2=  13  P= 534  D=  -1 * 24
 X= 810 X2= 810  Y= 328 Y2= 336 P1= 805 P2= 484 T1=  13 T2=  13  P= 537  D=  -1 * 24
 X= 811 X2= 811  Y= 329 Y2= 336 P1= 804 P2= 483 T1=  13 T2=  13  P= 538  D=  -1 * 24
 X= 812 X2= 809  Y= 329 Y2= 337 P1= 805 P2= 484 T1=  13 T2=  14  P= 537  D=  -1 * 24
 X= 810 X2= 811  Y= 328 Y2= 336 P1= 805 P2= 484 T1=  12 T2=  13  P= 537  D=  -1 * 24
 X= 812 X2= 811  Y= 328 Y2= 335 P1= 805 P2= 484 T1=  13 T2=  13  P= 537  D=  -1 * 24
 X= 811 X2= 811  Y= 329 Y2= 336 P1= 805 P2= 484 T1=  12 T2=  13  P= 537  D=  -1 * 24
 X= 811 X2= 811  Y= 329 Y2= 335 P1= 805 P2= 483 T1=  12 T2=  13  P= 540  D=  -1 * 24
 X= 812 X2= 810  Y= 329 Y2= 335 P1= 805 P2= 484 T1=  13 T2=  13  P= 537  D=  -1 * 24
 X= 812 X2= 811  Y= 329 Y2= 336 P1= 805 P2= 484 T1=  12 T2=  13  P= 537  D=  -1 * 24
 X= 811 X2= 811  Y= 329 Y2= 336 P1= 805 P2= 484 T1=  14 T2=  13  P= 537  D=  -1 * 24
 X= 814 X2= 810  Y= 328 Y2= 335 P1= 805 P2= 484 T1=  13 T2=  13  P= 538  D=  -1 * 24
 X= 812 X2= 808  Y= 329 Y2= 336 P1= 805 P2= 484 T1=  13 T2=  12  P= 537  D=  -1 * 24
 X= 811 X2= 810  Y= 328 Y2= 335 P1= 805 P2= 484 T1=  13 T2=  13  P= 537  D=  -1 * 24
 X= 811 X2= 810  Y= 329 Y2= 336 P1= 805 P2= 484 T1=  12 T2=  13  P= 537  D=  -1 * 24
 X= 811 X2= 811  Y= 329 Y2= 335 P1= 805 P2= 484 T1=  13 T2=  13  P= 537  D=  -1 * 24
 X= 809 X2= 812  Y= 328 Y2= 335 P1= 805 P2= 483 T1=  13 T2=  12  P= 539  D=  -1 * 24
 X= 811 X2= 810  Y= 328 Y2= 335 P1= 805 P2= 483 T1=  13 T2=  12  P= 539  D=  -1 * 24
 X= 813 X2= 810  Y= 329 Y2= 336 P1= 804 P2= 484 T1=  12 T2=  13  P= 536  D=  -1 * 24
 X= 812 X2= 810  Y= 329 Y2= 341 P1= 805 P2= 483 T1=  14 T2=  13  P= 540  D=  -1 * 24
 X= 811 X2= 811  Y= 329 Y2= 336 P1= 805 P2= 485 T1=  13 T2=  13  P= 534  D=  -1 * 24
 X= 812 X2= 810  Y= 329 Y2= 336 P1= 805 P2= 484 T1=  15 T2=  13  P= 537  D=  -1 * 24
 X= 813 X2= 811  Y= 330 Y2= 336 P1= 809 P2= 476 T1=  12 T2=  14  P= 567  D=  -1 * 24
 X= 964 X2= 988  Y= 983 Y2=1022 P1=1023 P2=   0 T1=1023 T2= 894  P= 567  D=  -1 
 X= 949 X2=1021  Y= 986 Y2=1023 P1=1023 P2=   0 T1=1023 T2= 897  P= 567  D=  -1 
 X= 875 X2=1023  Y= 966 Y2=1023 P1=1023 P2=   0 T1=1019 T2= 882  P= 567  D=  -1 
target state=3 point=456,249
 X= 858 X2=1023  Y= 986 Y2=1021 P1=1023 P2=   0 T1=1023 T2= 907  P= 567  D=  -1 
 X= 967 X2= 998  Y= 976 Y2=1021 P1=1023 P2=   0 T1=1023 T2= 917  P= 567  D=  -1 
 X= 925 X2=1000  Y= 979 Y2=1019 P1=1023 P2=   0 T1=1023 T2= 910  P= 567  D=  -1 
 X= 818 X2=1023  Y= 977 Y2=1020 P1=1023 P2=   0 T1=1023 T2= 920  P= 567  D=  -1 
 X= 966 X2=1011  Y= 982 Y2=1019 P1=1023 P2=   0 T1=1023 T2= 925  P= 567  D=  -1 
 X=1012 X2=1004  Y= 973 Y2=1023 P1=1023 P2=   0 T1=1021 T2= 915  P= 567  D=  -1 
 X= 946 X2=1017  Y= 970 Y2=1022 P1=1023 P2=   0 T1=1023 T2= 935  P= 567  D=  -1 
 X= 789 X2=1023  Y= 971 Y2=1023 P1=1023 P2=   0 T1=1023 T2= 896  P= 567  D=  -1 
 X=1023 X2=1012  Y= 968 Y2=1023 P1=1023 P2=   0 T1=1020 T2= 891  P= 567  D=  -1 
 X= 991 X2= 999  Y= 977 Y2=1019 P1=1023 P2=   0 T1=1021 T2= 905  P= 567  D=  -1 
 X= 899 X2=1023  Y= 969 Y2=1020 P1=1023 P2=   0 T1=1021 T2= 880  P= 567  D=  -1 
 X= 964 X2=1021  Y= 979 Y2=1019 P1=1023 P2=   0 T1=1023 T2= 859  P= 567  D=  -1 
 X=1021 X2=1023  Y=1016 Y2=1023 P1=1023 P2=   0 T1=1023 T2=1014  P= 567  D=  -1 
 X=1023 X2= 992  Y= 971 Y2=1023 P1=1023 P2=   0 T1=1019 T2= 882  P= 567  D=  -1 
 X= 945 X2=1023  Y= 956 Y2=1022 P1=1023 P2=   0 T1=1021 T2= 900  P= 567  D=  -1 
 X= 869 X2=1015  Y= 977 Y2=1023 P1=1023 P2=   0 T1=1019 T2= 900  P= 567  D=  -1 
 X= 857 X2=1015  Y= 961 Y2=1023 P1=1023 P2=   0 T1=1020 T2= 893  P= 567  D=  -1 
 X= 933 X2=1000  Y= 979 Y2=1019 P1=1023 P2=   0 T1=1023 T2= 911  P= 567  D=  -1 
 X= 854 X2=1017  Y= 963 Y2=1023 P1=1023 P2=   0 T1=1021 T2= 906  P= 567  D=  -1 
 X= 951 X2=1022  Y= 965 Y2=1023 P1=1023 P2=   0 T1=1020 T2= 922  P= 567  D=  -1 
 X= 961 X2=1023  Y= 982 Y2=1017 P1=1023 P2=   0 T1=1019 T2= 907  P= 567  D=  -1 
 X= 947 X2=1021  Y= 979 Y2=1023 P1=1023 P2=   0 T1=1023 T2= 904  P= 567  D=  -1 
 X= 820 X2=1023  Y= 982 Y2=1019 P1=1023 P2=   0 T1=1020 T2= 895  P= 567  D=  -1 
 X= 876 X2=1023  Y= 979 Y2=1023 P1=1023 P2=   0 T1=1020 T2= 897  P= 567  D=  -1 
 X= 943 X2=1023  Y= 962 Y2=1023 P1=1023 P2=   0 T1=1023 T2= 895  P= 567  D=  -1 
 X= 885 X2=1020  Y= 973 Y2=1023 P1=1023 P2=   0 T1=1020 T2= 915  P= 567  D=  -1 
 X= 945 X2=1011  Y= 980 Y2=1021 P1=1023 P2=   0 T1=1023 T2= 876  P= 567  D=  -1 
 X=1023 X2=1015  Y= 960 Y2=1023 P1=1023 P2=   0 T1=1019 T2= 893  P= 567  D=  -1 
 X=1012 X2= 989  Y= 972 Y2=1023 P1=1023 P2=   0 T1=1021 T2= 906  P= 567  D=  -1 
 X= 882 X2=1023  Y= 976 Y2=1017 P1=1023 P2=   0 T1=1023 T2= 891  P= 567  D=  -1 
 X= 963 X2=1023  Y= 979 Y2=1023 P1=1023 P2=   0 T1=1023 T2= 890  P= 567  D=  -1 
 X= 930 X2=1020  Y= 977 Y2=1023 P1=1023 P2=   0 T1=1023 T2= 904  P= 567  D=  -1 
 X= 852 X2=1023  Y= 979 Y2=1021 P1=1023 P2=   0 T1=1023 T2= 894  P= 567  D=  -1 
 X= 980 X2=1018  Y= 966 Y2=1023 P1=1023 P2=   0 T1=1021 T2= 926  P= 567  D=  -1 
 X= 959 X2=1005  Y= 974 Y2=1023 P1=1023 P2=   0 T1=1022 T2= 882  P= 567  D=  -1 
 X= 920 X2=1019  Y= 971 Y2=1023 P1=1023 P2=   0 T1=1020 T2= 898  P= 567  D=  -1 
 X= 954 X2=1023  Y= 975 Y2=1022 P1=1023 P2=   0 T1=1023 T2= 901  P= 567  D=  -1 
 X=1023 X2=1006  Y= 975 Y2=1021 P1=1023 P2=   0 T1=1023 T2= 909  P= 567  D=  -1 
 X= 894 X2=1023  Y= 980 Y2=1021 P1=1023 P2=   0 T1=1020 T2= 885  P= 567  D=  -1 
 X= 894 X2=1023  Y= 961 Y2=1020 P1=1023 P2=   0 T1=1023 T2= 890  P= 567  D=  -1 
 X= 918 X2=1023  Y= 970 Y2=1022 P1=1023 P2=   0 T1=1021 T2= 907  P= 567  D=  -1 
 X= 789 X2=1023  Y= 979 Y2=1023 P1=1023 P2=   0 T1=1023 T2= 899  P= 567  D=  -1 
 X= 826 X2=1023  Y= 982 Y2=1021 P1=1023 P2=   0 T1=1021 T2= 918  P= 567  D=  -1 
 X=1020 X2= 989  Y= 975 Y2=1023 P1=1023 P2=   0 T1=1023 T2= 902  P= 567  D=  -1 
 X=1006 X2= 990  Y= 981 Y2=1020 P1=1023 P2=   0 T1=1020 T2= 893  P= 567  D=  -1 
 X= 923 X2=1023  Y= 974 Y2=1020 P1=1023 P2=   0 T1=1023 T2= 904  P= 567  D=  -1 
 X= 924 X2=1003  Y= 973 Y2=1022 P1=1023 P2=   0 T1=1021 T2= 883  P= 567  D=  -1 
 X=1023 X2= 990  Y= 975 Y2=1023 P1=1023 P2=   0 T1=1023 T2= 922  P= 567  D=  -1 
 X= 903 X2=1023  Y= 969 Y2=1023 P1=1023 P2=   0 T1=1021 T2= 919  P= 567  D=  -1 
 X=1023 X2=1005  Y= 973 Y2=1023 P1=1023 P2=   0 T1=1023 T2= 913  P= 567  D=  -1 
 X= 927 X2=1020  Y= 976 Y2=1023 P1=1023 P2=   0 T1=1023 T2= 934  P= 567  D=  -1 
 X= 952 X2=1023  Y= 980 Y2=1023 P1=1023 P2=   0 T1=1023 T2= 905  P= 567  D=  -1 
 X=1022 X2=1010  Y= 968 Y2=1018 P1=1023 P2=   0 T1=1023 T2= 902  P= 567  D=  -1 
 X= 994 X2=1000  Y= 977 Y2=1023 P1=1023 P2=   0 T1=1021 T2= 900  P= 567  D=  -1 
 X= 953 X2=1023  Y= 984 Y2=1023 P1=1023 P2=   0 T1=1023 T2= 893  P= 567  D=  -1 
 X= 943 X2=1021  Y= 973 Y2=1019 P1=1023 P2=   0 T1=1023 T2= 871  P= 567  D=  -1 
 X= 869 X2=1019  Y= 982 Y2=1023 P1=1023 P2=   0 T1=1022 T2= 925  P= 567  D=  -1 
 X= 835 X2=1023  Y= 975 Y2=1022 P1=1023 P2=   0 T1=1020 T2= 891  P= 567  D=  -1 
 X= 891 X2=1023  Y= 976 Y2=1021 P1=1023 P2=   0 T1=1022 T2= 903  P= 567  D=  -1 
 X= 961 X2=1007  Y= 969 Y2=1023 P1=1023 P2=   0 T1=1022 T2= 897  P= 567  D=  -1 
 X= 949 X2=1023  Y= 982 Y2=1023 P1=1023 P2=   0 T1=1021 T2= 900  P= 567  D=  -1 
 X=1002 X2=1017  Y= 974 Y2=1023 P1=1022 P2=   0 T1=1021 T2= 904  P= 567  D=  -1 
 X=1015 X2= 998  Y= 974 Y2=1021 P1=1023 P2=   0 T1= 937 T2= 895  P= 567  D=  -1 
 X= 812 X2= 811  Y= 713 Y2= 717 P1= 916 P2= 533 T1=  14 T2=  14  P= 582  D=  -1 * 0
 X= 810 X2= 811  Y= 713 Y2= 717 P1= 913 P2= 546 T1=  13 T2=  12  P= 544  D=  -1 * 0
 X= 811 X2= 812  Y= 714 Y2= 716 P1= 913 P2= 547 T1=  13 T2=  13  P= 542  D=  -1 * 0
 X= 811 X2= 813  Y= 712 Y2= 715 P1= 913 P2= 547 T1=  12 T2=  13  P= 543  D=  -1 * 0
 X= 811 X2= 812  Y= 712 Y2= 718 P1= 912 P2= 548 T1=  13 T2=  13  P= 538  D=  -1 * 1
 X= 810 X2= 811  Y= 712 Y2= 717 P1= 913 P2= 548 T1=  13 T2=  13  P= 539  D=  -1 * 2
 X= 810 X2= 811  Y= 713 Y2= 717 P1= 913 P2= 548 T1=  13 T2=  13  P= 539  D=  -1 * 3
 X= 811 X2= 812  Y= 712 Y2= 717 P1= 913 P2= 548 T1=  13 T2=  14  P= 540  D=  -1 * 4
 X= 810 X2= 812  Y= 712 Y2= 716 P1= 912 P2= 548 T1=  13 T2=  13  P= 538  D=  -1 * 5
 X= 811 X2= 812  Y= 713 Y2= 718 P1= 911 P2= 548 T1=  13 T2=  13  P= 536  D=  -1 * 6
 X= 810 X2= 812  Y= 713 Y2= 717 P1= 912 P2= 548 T1=  13 T2=  13  P= 538  D=  -1 * 7
 X= 810 X2= 812  Y= 713 Y2= 717 P1= 912 P2= 550 T1=  13 T2=  13  P= 533  D=  -1 * 8
 X= 811 X2= 811  Y= 714 Y2= 717 P1= 913 P2= 549 T1=  13 T2=  12  P= 537  D=  -1 * 9
 X= 810 X2= 810  Y= 713 Y2= 717 P1= 913 P2= 549 T1=  14 T2=  13  P= 537  D=  -1 * 10
 X= 811 X2= 810  Y= 714 Y2= 717 P1= 912 P2= 549 T1=  12 T2=  13  P= 535  D=  -1 * 11
 X= 811 X2= 812  Y= 713 Y2= 717 P1= 912 P2= 549 T1=  13 T2=  13  P= 536  D=  -1 * 12
 X= 810 X2= 812  Y= 713 Y2= 716 P1= 913 P2= 549 T1=  13 T2=  13  P= 537  D=  -1 * 13
 X= 813 X2= 812  Y= 713 Y2= 717 P1= 913 P2= 549 T1=  13 T2=  13  P= 538  D=  -1 * 14
 X= 811 X2= 811  Y= 713 Y2= 717 P1= 911 P2= 549 T1=  13 T2=  13  P= 534  D=  -1 * 15
 X= 811 X2= 812  Y= 713 Y2= 717 P1= 913 P2= 549 T1=  13 T2=  12  P= 537  D=  -1 * 16
 X= 811 X2= 812  Y= 713 Y2= 717 P1= 913 P2= 549 T1=  13 T2=  13  P= 537  D=  -1 * 17
 X= 811 X2= 811  Y= 713 Y2= 714 P1= 912 P2= 550 T1=  12 T2=  12  P= 533  D=  -1 * 18
 X= 810 X2= 812  Y= 713 Y2= 717 P1= 912 P2= 549 T1=  13 T2=  12  P= 536  D=  -1 * 19
 X= 811 X2= 811  Y= 712 Y2= 717 P1= 912 P2= 549 T1=  13 T2=  13  P= 536  D=  -1 * 20
 X= 810 X2= 811  Y= 713 Y2= 717 P1= 913 P2= 549 T1=  13 T2=  13  P= 537  D=  -1 * 21
 X= 809 X2= 812  Y= 714 Y2= 717 P1= 911 P2= 549 T1=  13 T2=  13  P= 533  D=  -1 * 22
 X= 811 X2= 812  Y= 713 Y2= 717 P1= 913 P2= 549 T1=  13 T2=  12  P= 537  D=  -1 * 23
 X= 811 X2= 811  Y= 714 Y2= 717 P1= 912 P2= 549 T1=  14 T2=  13  P= 536  D=  -1 * 24
Remove Pin
 X= 811 X2= 812  Y= 712 Y2= 716 P1= 912 P2= 549 T1=  13 T2=  13  P= 536  D=  -1 * 24
 X= 812 X2= 811  Y= 715 Y2= 718 P1= 912 P2= 549 T1=  14 T2=  13  P= 536  D=  -1 * 24
 X= 811 X2= 811  Y= 711 Y2= 718 P1= 912 P2= 550 T1=  12 T2=  13  P= 533  D=  -1 * 24
 X= 812 X2= 813  Y= 713 Y2= 717 P1= 913 P2= 549 T1=  12 T2=  12  P= 538  D=  -1 * 24
 X= 812 X2= 812  Y= 713 Y2= 717 P1= 913 P2= 550 T1=  13 T2=  12  P= 535  D=  -1 * 24
 X= 810 X2= 811  Y= 713 Y2= 717 P1= 912 P2= 549 T1=  13 T2=  13  P= 535  D=  -1 * 24
 X= 811 X2= 811  Y= 712 Y2= 718 P1= 911 P2= 550 T1=  13 T2=  13  P= 532  D=  -1 * 24
 X= 810 X2= 811  Y= 712 Y2= 716 P1= 913 P2= 550 T1=  13 T2=  12  P= 534  D=  -1 * 24
 X= 810 X2= 812  Y= 713 Y2= 717 P1= 912 P2= 550 T1=  14 T2=  13  P= 533  D=  -1 * 24
 X= 810 X2= 811  Y= 713 Y2= 717 P1= 912 P2= 550 T1=  13 T2=  13  P= 532  D=  -1 * 24
 X= 811 X2= 814  Y= 712 Y2= 717 P1= 913 P2= 550 T1=  13 T2=  13  P= 535  D=  -1 * 24
 X= 811 X2= 812  Y= 713 Y2= 717 P1= 912 P2= 550 T1=  13 T2=  13  P= 533  D=  -1 * 24
 X= 810 X2= 811  Y= 714 Y2= 718 P1= 913 P2= 549 T1=  13 T2=  12  P= 537  D=  -1 * 24
 X= 811 X2= 812  Y= 713 Y2= 717 P1= 912 P2= 550 T1=  12 T2=  13  P= 533  D=  -1 * 24
 X= 811 X2= 811  Y= 713 Y2= 716 P1= 912 P2= 550 T1=  13 T2=  13  P= 533  D=  -1 * 24
 X= 811 X2= 812  Y= 713 Y2= 718 P1= 912 P2= 550 T1=  12 T2=  13  P= 533  D=  -1 * 24
 X= 810 X2= 816  Y= 713 Y2= 718 P1= 912 P2= 549 T1=  13 T2=  13  P= 537  D=  -1 * 24
 X= 810 X2= 812  Y= 714 Y2= 717 P1= 912 P2= 549 T1=  13 T2=  12  P= 536  D=  -1 * 24
 X= 810 X2= 811  Y= 714 Y2= 717 P1= 913 P2= 546 T1=  13 T2=  13  P= 544  D=  -1 * 24
 X= 875 X2=1023  Y= 972 Y2=1020 P1=1023 P2=   0 T1=1023 T2= 892  P= 544  D=  -1 
 X= 852 X2=1023  Y= 981 Y2=1020 P1=1023 P2=   0 T1=1023 T2= 910  P= 544  D=  -1 
 X= 885 X2=1023  Y= 947 Y2=1020 P1=1023 P2=   0 T1=1023 T2= 892  P= 544  D=  -1 
target state=4 point=23,249
 X= 990 X2=1022  Y=1019 Y2=1023 P1=1023 P2=   0 T1=1023 T2=1015  P= 544  D=  -1 
 X=1023 X2=1011  Y= 978 Y2=1020 P1=1023 P2=   0 T1=1023 T2= 898  P= 544  D=  -1 
 X=1019 X2=1011  Y= 966 Y2=1023 P1=1023 P2=   0 T1=1023 T2= 922  P= 544  D=  -1 
 X= 982 X2=1014  Y= 972 Y2=1023 P1=1023 P2=   0 T1=1020 T2= 890  P= 544  D=  -1 
 X= 959 X2= 992  Y= 978 Y2=1021 P1=1023 P2=   0 T1=1023 T2= 893  P= 544  D=  -1 
 X= 930 X2=1022  Y= 980 Y2=1018 P1=1023 P2=   0 T1=1023 T2= 922  P= 544  D=  -1 
 X= 988 X2=1007  Y= 969 Y2=1020 P1=1023 P2=   0 T1=1020 T2= 915  P= 544  D=  -1 
 X= 878 X2=1023  Y= 990 Y2=1023 P1=1023 P2=   0 T1=1020 T2= 902  P= 544  D=  -1 
 X= 902 X2=1023  Y= 969 Y2=1018 P1=1023 P2=   0 T1=1023 T2= 899  P= 544  D=  -1 
 X= 895 X2=1021  Y= 969 Y2=1022 P1=1023 P2=   0 T1=1019 T2= 910  P= 544  D=  -1 
 X= 883 X2=1015  Y= 985 Y2=1023 P1=1023 P2=   0 T1=1021 T2= 891  P= 544  D=  -1 
 X= 909 X2=1023  Y= 959 Y2=1021 P1=1023 P2=   0 T1=1023 T2= 953  P= 544  D=  -1 
 X=1023 X2= 985  Y= 967 Y2=1018 P1=1023 P2=   0 T1=1020 T2= 887  P= 544  D=  -1 
 X=1008 X2=1005  Y= 976 Y2=1023 P1=1023 P2=   0 T1=1022 T2= 881  P= 544  D=  -1 
 X= 925 X2=1023  Y= 970 Y2=1023 P1=1023 P2=   0 T1=1023 T2= 907  P= 544  D=  -1 
 X= 953 X2=1022  Y= 969 Y2=1018 P1=1023 P2=   0 T1=1020 T2= 900  P= 544  D=  -1 
 X= 891 X2=1020  Y= 970 Y2=1021 P1=1023 P2=   0 T1=1023 T2= 915  P= 544  D=  -1 
 X= 781 X2=1023  Y= 977 Y2=1023 P1=1023 P2=   0 T1=1023 T2= 900  P= 544  D=  -1 
 X= 940 X2=1017  Y= 982 Y2=1023 P1=1023 P2=   0 T1=1023 T2= 886  P= 544  D=  -1 
 X= 975 X2=1013  Y= 971 Y2=1023 P1=1023 P2=   0 T1=1022 T2= 887  P= 544  D=  -1 
 X= 937 X2=1019  Y= 970 Y2=1022 P1=1023 P2=   0 T1=1023 T2= 874  P= 544  D=  -1 
 X=1023 X2=1005  Y= 971 Y2=1023 P1=1023 P2=   0 T1=1023 T2= 882  P= 544  D=  -1 
 X=1023 X2=1004  Y= 973 Y2=1023 P1=1023 P2=   0 T1=1023 T2= 878  P= 544  D=  -1 
 X= 914 X2=1023  Y= 984 Y2=1019 P1=1023 P2=   0 T1=1023 T2= 905  P= 544  D=  -1 
 X= 885 X2=1023  Y= 973 Y2=1022 P1=1023 P2=   0 T1=1023 T2= 889  P= 544  D=  -1 
 X= 957 X2=1023  Y= 973 Y2=1023 P1=1023 P2=   0 T1=1020 T2= 920  P= 544  D=  -1 
 X= 919 X2=1023  Y= 965 Y2=1023 P1=1023 P2=   0 T1=1021 T2= 889  P= 544  D=  -1 
 X= 949 X2=1022  Y= 982 Y2=1021 P1=1023 P2=   0 T1=1023 T2= 898  P= 544  D=  -1 
 X=1008 X2= 993  Y= 965 Y2=1020 P1=1023 P2=   0 T1=1023 T2= 881  P= 544  D=  -1 
 X= 861 X2=1019  Y= 979 Y2=1023 P1=1023 P2=   0 T1=1021 T2= 896  P= 544  D=  -1 
 X= 923 X2=1021  Y= 979 Y2=1019 P1=1023 P2=   0 T1=1023 T2= 893  P= 544  D=  -1 
 X=1023 X2=1000  Y= 979 Y2=1021 P1=1023 P2=   0 T1=1021 T2= 903  P= 544  D=  -1 
 X= 924 X2=1023  Y= 981 Y2=1023 P1=1023 P2=   0 T1=1021 T2= 909  P= 544  D=  -1 
 X=1020 X2= 989  Y= 974 Y2=1022 P1=1023 P2=   0 T1=1020 T2= 904  P= 544  D=  -1 
 X= 778 X2=1023  Y= 982 Y2=1020 P1=1023 P2=   0 T1=1023 T2= 883  P= 544  D=  -1 
 X= 925 X2=1023  Y= 977 Y2=1023 P1=1023 P2=   0 T1=1023 T2= 872  P= 544  D=  -1 
 X= 925 X2=1001  Y= 969 Y2=1020 P1=1023 P2=   0 T1=1021 T2= 928  P= 544  D=  -1 
 X=1012 X2=1000  Y= 972 Y2=1020 P1=1023 P2=   0 T1=1020 T2= 885  P= 544  D=  -1 
 X= 954 X2=1005  Y= 969 Y2=1022 P1=1023 P2=   0 T1=1021 T2= 897  P= 544  D=  -1 
 X=1023 X2=1000  Y= 973 Y2=1019 P1=1023 P2=   0 T1=1023 T2= 905  P= 544  D=  -1 
 X= 950 X2=1023  Y= 971 Y2=1023 P1=1023 P2=   0 T1=1023 T2= 889  P= 544  D=  -1 
 X= 794 X2=1023  Y= 976 Y2=1021 P1=1023 P2=   0 T1=1023 T2= 902  P= 544  D=  -1 
 X= 863 X2=1023  Y= 970 Y2=1023 P1=1023 P2=   0 T1=1023 T2= 902  P= 544  D=  -1 
 X= 999 X2= 989  Y= 970 Y2=1023 P1=1023 P2=   0 T1=1023 T2= 926  P= 544  D=  -1 
 X= 882 X2=1020  Y= 976 Y2=1023 P1=1023 P2=   0 T1=1020 T2= 924  P= 544  D=  -1 
 X= 796 X2=1023  Y= 986 Y2=1020 P1=1023 P2=   0 T1=1021 T2= 912  P= 544  D=  -1 
 X=1004 X2= 994  Y= 971 Y2=1023 P1=1023 P2=   0 T1=1021 T2= 897  P= 544  D=  -1 
 X=1023 X2=1006  Y= 979 Y2=1019 P1=1023 P2=   0 T1=1019 T2= 898  P= 544  D=  -1 
 X= 945 X2=1021  Y= 979 Y2=1023 P1=1023 P2=   0 T1=1023 T2= 895  P= 544  D=  -1 
 X= 949 X2=1023  Y= 975 Y2=1019 P1=1023 P2=   0 T1=1023 T2= 920  P= 544  D=  -1 
 X=1023 X2=1003  Y= 975 Y2=1023 P1=1023 P2=   0 T1=1023 T2= 897  P= 544  D=  -1 
 X= 791 X2=1023  Y= 978 Y2=1023 P1=1023 P2=   0 T1=1023 T2= 926  P= 544  D=  -1 
 X= 848 X2=1023  Y= 979 Y2=1020 P1=1023 P2=   0 T1=1023 T2= 927  P= 544  D=  -1 
 X= 931 X2=1018  Y= 968 Y2=1023 P1=1023 P2=   0 T1=1023 T2= 911  P= 544  D=  -1 
 X= 854 X2=1015  Y= 969 Y2=1023 P1=1023 P2=   0 T1=1019 T2= 940  P= 544  D=  -1 
 X= 949 X2=1023  Y= 977 Y2=1020 P1=1023 P2=   0 T1=1023 T2= 922  P= 544  D=  -1 
 X=1023 X2=1003  Y= 981 Y2=1018 P1=1023 P2=   0 T1=1021 T2= 889  P= 544  D=  -1 
 X= 997 X2= 999  Y= 985 Y2=1023 P1=1023 P2=   0 T1=1023 T2= 907  P= 544  D=  -1 
 X= 858 X2=1023  Y= 980 Y2=1023 P1=1023 P2=   0 T1=1022 T2= 898  P= 544  D=  -1 
 X= 942 X2=1023  Y= 986 Y2=1023 P1=1023 P2=   0 T1=1023 T2= 906  P= 544  D=  -1 
 X= 232 X2= 233  Y= 715 Y2= 711 P1= 830 P2= 255 T1=  19 T2=  19  P= 522  D=  -1 * 0
 X= 938 X2=1004  Y= 989 Y2=1019 P1=1023 P2=   0 T1=1023 T2= 935  P= 522  D=  -1 
 X= 964 X2=1005  Y= 971 Y2=1020 P1=1023 P2=   0 T1=1023 T2= 901  P= 522  D=  -1 
 X= 963 X2=1004  Y= 971 Y2=1023 P1=1023 P2=   0 T1=1020 T2= 875  P= 522  D=  -1 
 X= 232 X2= 235  Y= 715 Y2= 712 P1= 841 P2= 241 T1=  20 T2=  20  P= 579  D=  -1 * 0
 X= 234 X2= 235  Y= 716 Y2= 710 P1= 842 P2= 239 T1=  20 T2=  21  P= 590  D=  -1 * 0
 X= 233 X2= 235  Y= 714 Y2= 710 P1= 839 P2= 242 T1=  20 T2=  20  P= 577  D=  -1 * 0
 X= 234 X2= 235  Y= 715 Y2= 710 P1= 840 P2= 242 T1=  20 T2=  22  P= 578  D=  -1 * 1
 X= 232 X2= 234  Y= 714 Y2= 710 P1= 837 P2= 244 T1=  20 T2=  20  P= 566  D=  -1 * 2
 X= 232 X2= 234  Y= 715 Y2= 710 P1= 838 P2= 244 T1=  19 T2=  20  P= 567  D=  -1 * 3
 X= 233 X2= 234  Y= 714 Y2= 709 P1= 837 P2= 244 T1=  20 T2=  21  P= 566  D=  -1 * 4
 X= 233 X2= 234  Y= 714 Y2= 710 P1= 838 P2= 244 T1=  20 T2=  19  P= 567  D=  -1 * 5
 X= 232 X2= 237  Y= 714 Y2= 710 P1= 838 P2= 244 T1=  20 T2=  17  P= 569  D=  -1 * 6
 X= 233 X2= 236  Y= 714 Y2= 710 P1= 837 P2= 244 T1=  19 T2=  19  P= 568  D=  -1 * 7
 X= 233 X2= 235  Y= 714 Y2= 709 P1= 837 P2= 244 T1=  20 T2=  17  P= 568  D=  -1 * 8
 X= 232 X2= 235  Y= 714 Y2= 710 P1= 837 P2= 244 T1=  20 T2=  19  P= 566  D=  -1 * 9
 X= 233 X2= 234  Y= 714 Y2= 709 P1= 839 P2= 244 T1=  20 T2=  20  P= 568  D=  -1 * 10
 X= 232 X2= 235  Y= 715 Y2= 710 P1= 838 P2= 245 T1=  18 T2=  19  P= 563  D=  -1 * 11
 X= 233 X2= 234  Y= 714 Y2= 710 P1= 838 P2= 244 T1=  20 T2=  20  P= 567  D=  -1 * 12
 X= 230 X2= 233  Y= 713 Y2= 709 P1= 837 P2= 244 T1=  19 T2=  19  P= 561  D=  -1 * 13
 X= 232 X2= 235  Y= 714 Y2= 709 P1= 838 P2= 244 T1=  19 T2=  19  P= 567  D=  -1 * 14
 X= 232 X2= 234  Y= 713 Y2= 710 P1= 837 P2= 245 T1=  20 T2=  18  P= 562  D=  -1 * 15
 X= 232 X2= 235  Y= 714 Y2= 710 P1= 837 P2= 244 T1=  18 T2=  19  P= 566  D=  -1 * 16
 X= 234 X2= 234  Y= 715 Y2= 710 P1= 837 P2= 245 T1=  20 T2=  19  P= 565  D=  -1 * 17
 X= 233 X2= 235  Y= 714 Y2= 710 P1= 838 P2= 244 T1=  20 T2=  20  P= 569  D=  -1 * 18
 X= 232 X2= 234  Y= 714 Y2= 709 P1= 837 P2= 244 T1=  20 T2=  20  P= 566  D=  -1 * 19
 X= 233 X2= 235  Y= 715 Y2= 710 P1= 837 P2= 244 T1=  20 T2=  18  P= 568  D=  -1 * 20
 X= 233 X2= 235  Y= 714 Y2= 709 P1= 837 P2= 245 T1=  20 T2=  19  P= 565  D=  -1 * 21
 X= 233 X2= 235  Y= 713 Y2= 708 P1= 837 P2= 245 T1=  20 T2=  20  P= 565  D=  -1 * 22
 X= 232 X2= 235  Y= 714 Y2= 710 P1= 837 P2= 245 T1=  20 T2=  20  P= 562  D=  -1 * 23
 X= 232 X2= 234  Y= 715 Y2= 710 P1= 837 P2= 245 T1=  19 T2=  21  P= 562  D=  -1 * 24
Remove Pin
 X= 232 X2= 235  Y= 714 Y2= 710 P1= 837 P2= 244 T1=  20 T2=  20  P= 566  D=  -1 * 24
 X= 233 X2= 234  Y= 714 Y2= 710 P1= 837 P2= 244 T1=  18 T2=  20  P= 566  D=  -1 * 24
 X= 232 X2= 235  Y= 714 Y2= 710 P1= 837 P2= 245 T1=  19 T2=  19  P= 562  D=  -1 * 24
 X= 233 X2= 235  Y= 714 Y2= 710 P1= 837 P2= 244 T1=  19 T2=  19  P= 568  D=  -1 * 24
 X= 232 X2= 235  Y= 714 Y2= 710 P1= 837 P2= 244 T1=  19 T2=  20  P= 566  D=  -1 * 24
 X= 232 X2= 234  Y= 714 Y2= 710 P1= 837 P2= 245 T1=  19 T2=  20  P= 562  D=  -1 * 24
 X= 230 X2= 234  Y= 714 Y2= 710 P1= 836 P2= 245 T1=  20 T2=  19  P= 559  D=  -1 * 24
 X= 232 X2= 235  Y= 714 Y2= 710 P1= 837 P2= 245 T1=  19 T2=  19  P= 562  D=  -1 * 24
 X= 232 X2= 235  Y= 714 Y2= 709 P1= 837 P2= 245 T1=  20 T2=  21  P= 562  D=  -1 * 24
 X= 233 X2= 234  Y= 714 Y2= 711 P1= 838 P2= 245 T1=  19 T2=  19  P= 563  D=  -1 * 24
 X= 231 X2= 235  Y= 714 Y2= 710 P1= 837 P2= 245 T1=  19 T2=  20  P= 562  D=  -1 * 24
 X= 232 X2= 235  Y= 714 Y2= 710 P1= 836 P2= 245 T1=  19 T2=  19  P= 561  D=  -1 * 24
 X= 232 X2= 235  Y= 714 Y2= 710 P1= 837 P2= 244 T1=  20 T2=  19  P= 566  D=  -1 * 24
 X= 233 X2= 236  Y= 714 Y2= 710 P1= 837 P2= 245 T1=  20 T2=  22  P= 565  D=  -1 * 24
 X= 233 X2= 236  Y= 714 Y2= 710 P1= 837 P2= 245 T1=  20 T2=  19  P= 565  D=  -1 * 24
 X= 232 X2= 235  Y= 714 Y2= 710 P1= 837 P2= 245 T1=  20 T2=  20  P= 562  D=  -1 * 24
 X= 232 X2= 235  Y= 714 Y2= 712 P1= 837 P2= 244 T1=  19 T2=  20  P= 566  D=  -1 * 24
 X= 232 X2= 234  Y= 714 Y2= 710 P1= 837 P2= 245 T1=  20 T2=  19  P= 562  D=  -1 * 24
 X= 232 X2= 235  Y= 714 Y2= 710 P1= 836 P2= 245 T1=  20 T2=  19  P= 561  D=  -1 * 24
 X= 233 X2= 235  Y= 715 Y2= 710 P1= 837 P2= 246 T1=  20 T2=  20  P= 562  D=  -1 * 24
 X= 232 X2= 235  Y= 714 Y2= 711 P1= 836 P2= 247 T1=  20 T2=  19  P= 555  D=  -1 * 24
 X= 960 X2=1023  Y= 969 Y2=1023 P1=1023 P2=   0 T1=1021 T2= 894  P= 555  D=  -1 
 X= 946 X2=1023  Y= 974 Y2=1019 P1=1023 P2=   0 T1=1023 T2= 925  P= 555  D=  -1 
 X= 948 X2=1023  Y= 974 Y2=1023 P1=1023 P2=   0 T1=1021 T2= 929  P= 555  D=  -1 
Target Noise  x= 2.50 y= 2.50
X[0]: Target=240   525/ 526/ 530 Stdev= 1.21 N= 24  Y[0]: Target=136   524/ 525/ 527 Stdev= 0.63 N= 24
X[1]: Target= 23   234/ 235/ 236 Stdev= 0.57 N= 24  Y[1]: Target= 22   329/ 330/ 331 Stdev= 0.54 N= 24
X[2]: Target=456   809/ 811/ 812 Stdev= 0.63 N= 24  Y[2]: Target= 22   331/ 332/ 334 Stdev= 0.82 N= 24
X[3]: Target=456   810/ 811/ 812 Stdev= 0.54 N= 24  Y[3]: Target=249   713/ 715/ 715 Stdev= 0.62 N= 24
X[4]: Target= 23   231/ 233/ 234 Stdev= 0.67 N= 24  Y[4]: Target=249   710/ 712/ 712 Stdev= 0.56 N= 24
N=24 Avg=16
min: 15 15 16 16 16 16 
max: 18 17 17 17 17 16 
N=24 Avg=19
min: 19 19 19 19 19 19 
max: 21 21 20 20 20 20 
N=24 Avg=12
min: 12 12 12 12 12 12 
max: 14 13 13 13 13 13 
N=24 Avg=12
min: 12 12 12 12 12 12 
max: 13 13 13 13 13 13 
N=24 Avg=19
min: 18 18 18 18 19 19 
max: 21 20 20 20 20 20 
Using TNT center offset = 16
TNT Plane Coef: a= -795 b=   -1 c= 442880
At  525, 525: Real=  16 Fit=  16 Offset=   0
At  234, 329: Real=  20 Fit=  20 Offset=   4
At  810, 332: Real=  13 Fit=  14 Offset=  -2
At  810, 714: Real=  13 Fit=  14 Offset=  -2
At  233, 711: Real=  20 Fit=  20 Offset=   4
Fit Points: 17, 23, 11, 11, 23,  center: 16
Setting for min_tnt_up:   520
Setting for max_tnt_down: 21 (V2:31)
Entering calib_pressure_mfg
Using default pressure curve
468 471 487 495 509 524 553 575 612 
Summary:
Setting for max_tnt_down:      21
3.7 setting for max_tnt_down:     -1
Setting for min_tnt_up:       520
Setting for max_delta_tnt:      5
3.8 setting for max_delta_tnt:     -1
Setting for delay_in_us:        1
Setting for y_delay_in_us:      1
Setting for tnt_delay_in_us:    1
Setting for pressure_curve:  468 471 487 495 509 524 553 575 612
Setting for tnt_mode:           1
Setting for averaging:         -1
Setting for pointercal:      49265 128 -10063136 -202 38943 -11323201 65536
Setting for tnt_plane:       -795 -1 442880
