new-calib: New touch screen calibration program v3.12
Serial Number='15051E00010B06020058'
Using tnt_mode=1
Setting for delay_in_us:        1
Setting for y_delay_in_us:      1
Setting for tnt_delay_in_us:    1
Setting for max_delta_tnt:      5
Setting for tnt_mode:           1
Setting for averaging:         -1
Entering get_four_points
target_noise  x= 2.50 y= 2.50 t= 2.50
target state=0 point=23,22
 X= 944 X2=1023  Y= 962 Y2=1023 P1=1023 P2=  -1 T1=1023 T2= 879  P= 714  D=   1 
 X=1007 X2=1005  Y= 983 Y2=1018 P1=1023 P2=  -1 T1=1023 T2= 908  P= 714  D=   1 
 X=1023 X2=1013  Y= 979 Y2=1023 P1=1022 P2=  -1 T1=1022 T2= 916  P= 714  D=   1 
 X= 899 X2=1023  Y= 977 Y2=1020 P1=1023 P2=  -1 T1=1023 T2= 912  P= 714  D=   1 
 X= 947 X2=1021  Y= 985 Y2=1019 P1=1022 P2=  -1 T1=1023 T2= 907  P= 714  D=   1 
 X=1021 X2=1011  Y= 976 Y2=1019 P1=1023 P2=  -1 T1=1020 T2= 917  P= 714  D=   1 
 X= 938 X2=1023  Y= 984 Y2=1023 P1=1023 P2=  -1 T1=1019 T2= 902  P= 714  D=   1 
 X= 895 X2=1015  Y= 974 Y2=1023 P1=1023 P2=  -1 T1=1023 T2= 910  P= 714  D=   1 
 X= 847 X2=1023  Y= 982 Y2=1023 P1=1023 P2=  -1 T1=1018 T2= 925  P= 714  D=   1 
 X=1018 X2= 989  Y= 983 Y2=1019 P1=1023 P2=  -1 T1=1018 T2= 919  P= 714  D=   1 
 X= 987 X2=1008  Y= 977 Y2=1019 P1=1023 P2=  -1 T1=1019 T2= 915  P= 714  D=   1 
 X= 961 X2= 993  Y= 969 Y2=1023 P1=1023 P2=  -1 T1=1023 T2= 928  P= 714  D=   1 
 X=1023 X2=1002  Y= 982 Y2=1018 P1=1022 P2=  -1 T1=1020 T2= 897  P= 714  D=   1 
 X=1023 X2=1005  Y= 975 Y2=1018 P1=1023 P2=  -1 T1=1023 T2= 902  P= 714  D=   1 
 X= 925 X2=1023  Y= 971 Y2=1017 P1=1023 P2=  -1 T1=1023 T2= 898  P= 714  D=   1 
 X= 967 X2=1020  Y= 979 Y2=1020 P1=1023 P2=  -1 T1=1020 T2= 897  P= 714  D=   1 
 X= 873 X2=1019  Y= 973 Y2=1023 P1=1023 P2=  -1 T1=1023 T2= 910  P= 714  D=   1 
 X= 960 X2=1023  Y= 987 Y2=1019 P1=1018 P2=  -1 T1=1019 T2= 903  P= 714  D=   1 
 X= 987 X2=1002  Y= 981 Y2=1023 P1=1023 P2=  -1 T1=1020 T2= 922  P= 714  D=   1 
 X=1001 X2= 997  Y= 975 Y2=1018 P1=1022 P2=  -1 T1=1023 T2= 914  P= 714  D=   1 
 X= 982 X2=1008  Y= 978 Y2=1021 P1=1023 P2=  -1 T1=1019 T2= 915  P= 714  D=   1 
 X= 958 X2=1023  Y= 984 Y2=1018 P1=1023 P2=  -1 T1=1020 T2= 872  P= 714  D=   1 
 X= 956 X2=1002  Y= 973 Y2=1018 P1=1023 P2=  -1 T1=1020 T2= 904  P= 714  D=   1 
 X= 926 X2=1023  Y= 975 Y2=1018 P1=1023 P2=  -1 T1=1023 T2= 915  P= 714  D=   1 
 X= 924 X2=1023  Y= 976 Y2=1022 P1=1023 P2=  -1 T1=1023 T2= 885  P= 714  D=   1 
 X= 962 X2=1023  Y= 973 Y2=1023 P1=1023 P2=   1 T1=1023 T2= 914  P= 714  D=   1 
 X= 821 X2=1023  Y= 980 Y2=1018 P1=1023 P2=   0 T1=1023 T2= 907  P= 714  D=   1 
 X= 954 X2=1021  Y= 966 Y2=1019 P1=1023 P2=   0 T1=1019 T2= 898  P= 714  D=   1 
 X=1002 X2= 980  Y= 970 Y2=1023 P1=1023 P2=   0 T1=1019 T2= 905  P= 714  D=   1 
 X= 972 X2=1006  Y= 981 Y2=1023 P1=1023 P2=   0 T1=1018 T2= 900  P= 714  D=   1 
 X= 945 X2=1020  Y= 969 Y2=1019 P1=1023 P2=   0 T1=1018 T2= 910  P= 714  D=   1 
 X= 961 X2=1020  Y= 969 Y2=1018 P1=1023 P2=   0 T1=1023 T2= 919  P= 714  D=   1 
 X= 877 X2=1022  Y= 973 Y2=1023 P1=1023 P2=   0 T1=1021 T2= 882  P= 714  D=   1 
 X= 916 X2=1023  Y= 978 Y2=1017 P1=1023 P2=   0 T1=1018 T2= 908  P= 714  D=   1 
 X= 960 X2=1011  Y= 985 Y2=1019 P1=1023 P2=   0 T1=1022 T2= 895  P= 714  D=   1 
 X= 980 X2=1014  Y= 978 Y2=1023 P1=1023 P2=   0 T1=1018 T2= 912  P= 714  D=   1 
 X= 922 X2=1020  Y= 982 Y2=1023 P1=1023 P2=   1 T1=1023 T2= 927  P= 714  D=   1 
 X= 951 X2=1021  Y= 989 Y2=1020 P1=1023 P2=   0 T1=1019 T2= 904  P= 714  D=   1 
 X= 990 X2=1014  Y= 977 Y2=1017 P1=1022 P2=   0 T1=1023 T2= 914  P= 714  D=   1 
 X= 948 X2=1021  Y= 964 Y2=1018 P1=1023 P2=   0 T1=1023 T2= 903  P= 714  D=   1 
 X= 958 X2=1019  Y= 990 Y2=1018 P1=1023 P2=   0 T1=1023 T2= 920  P= 714  D=   1 
 X= 954 X2=1023  Y= 965 Y2=1023 P1=1023 P2=   0 T1=1019 T2= 906  P= 714  D=   1 
 X= 859 X2=1023  Y= 968 Y2=1023 P1=1023 P2=   1 T1=1019 T2= 917  P= 714  D=   1 
 X= 885 X2=1023  Y= 989 Y2=1017 P1=1023 P2=   0 T1=1019 T2= 900  P= 714  D=   1 
 X= 984 X2=1011  Y= 980 Y2=1023 P1=1023 P2=   0 T1=1023 T2= 901  P= 714  D=   1 
 X= 941 X2=1012  Y= 974 Y2=1018 P1=1022 P2=   0 T1=1020 T2= 917  P= 714  D=   1 
 X= 901 X2=1020  Y= 985 Y2=1018 P1=1023 P2=   0 T1=1018 T2= 916  P= 714  D=   1 
 X=1022 X2=1018  Y= 982 Y2=1019 P1=1023 P2=   0 T1=1023 T2= 906  P= 714  D=   1 
 X= 918 X2=1019  Y= 970 Y2=1019 P1=1023 P2=   0 T1=1020 T2= 905  P= 714  D=   1 
 X= 919 X2=1023  Y= 988 Y2=1023 P1=1023 P2=   0 T1=1023 T2= 911  P= 714  D=   1 
 X= 950 X2=1023  Y= 978 Y2=1023 P1=1022 P2=   0 T1=1023 T2= 930  P= 714  D=   1 
 X= 955 X2=1020  Y= 984 Y2=1018 P1=1023 P2=   0 T1=1023 T2= 913  P= 714  D=   1 
 X= 829 X2=1023  Y= 981 Y2=1023 P1=1023 P2=   0 T1=1023 T2= 905  P= 714  D=   1 
 X= 994 X2=1013  Y= 981 Y2=1018 P1=1023 P2=   0 T1=1023 T2= 923  P= 714  D=   1 
 X= 980 X2=1013  Y= 966 Y2=1023 P1=1023 P2=   0 T1=1023 T2= 896  P= 714  D=   1 
 X= 826 X2=1023  Y=1016 Y2=1019 P1=1023 P2=   0 T1=1018 T2=1022  P= 714  D=   1 
 X= 984 X2=1017  Y= 990 Y2=1023 P1=1023 P2=   0 T1=1018 T2= 937  P= 714  D=   1 
 X= 867 X2=1017  Y= 972 Y2=1023 P1=1022 P2=   0 T1=1019 T2= 896  P= 714  D=   1 
 X= 948 X2=1023  Y= 974 Y2=1018 P1=1023 P2=   0 T1=1019 T2= 908  P= 714  D=   1 
 X= 949 X2=1023  Y= 982 Y2=1023 P1=1023 P2=   0 T1=1021 T2= 889  P= 714  D=   1 
 X= 816 X2=1023  Y= 981 Y2=1023 P1=1023 P2=   0 T1=1023 T2= 913  P= 714  D=   1 
 X= 808 X2=1023  Y= 985 Y2=1017 P1=1023 P2=   0 T1=1023 T2= 912  P= 714  D=   1 
 X=1023 X2=1011  Y= 973 Y2=1018 P1=1023 P2=   0 T1=1019 T2= 906  P= 714  D=   1 
 X= 992 X2= 997  Y= 970 Y2=1019 P1=1023 P2=   0 T1=1018 T2= 897  P= 714  D=   1 
 X= 965 X2=1002  Y= 984 Y2=1023 P1=1023 P2=   0 T1=1023 T2= 914  P= 714  D=   1 
 X= 998 X2=1000  Y= 975 Y2=1019 P1=1022 P2=   0 T1=1023 T2= 920  P= 714  D=   1 
 X=1022 X2=1008  Y= 977 Y2=1019 P1=1023 P2=   0 T1=1023 T2= 913  P= 714  D=   1 
 X= 923 X2=1023  Y= 993 Y2=1023 P1=1023 P2=   0 T1=1020 T2= 914  P= 714  D=   1 
 X= 953 X2=1020  Y= 972 Y2=1018 P1=1023 P2=   0 T1=1019 T2= 906  P= 714  D=   1 
 X= 864 X2=1018  Y= 981 Y2=1023 P1=1023 P2=   0 T1=1023 T2= 931  P= 714  D=   1 
 X= 925 X2=1017  Y= 986 Y2=1019 P1=1023 P2=   0 T1=1023 T2= 914  P= 714  D=   1 
 X= 956 X2=1023  Y= 985 Y2=1019 P1=1023 P2=   0 T1=1023 T2= 929  P= 714  D=   1 
 X=1023 X2=1015  Y= 988 Y2=1017 P1=1023 P2=   0 T1=1018 T2= 901  P= 714  D=   1 
 X= 996 X2=1002  Y= 970 Y2=1023 P1=1023 P2=   0 T1=1019 T2= 906  P= 714  D=   1 
 X= 957 X2= 994  Y= 974 Y2=1023 P1=1023 P2=   0 T1=1023 T2= 904  P= 714  D=   1 
 X= 963 X2=1023  Y= 971 Y2=1023 P1=1022 P2=   0 T1=1019 T2= 908  P= 714  D=   1 
 X= 799 X2=1023  Y= 979 Y2=1023 P1=1023 P2=   0 T1=1021 T2= 920  P= 714  D=   1 
 X= 901 X2=1023  Y= 982 Y2=1023 P1=1023 P2=   0 T1=1019 T2= 898  P= 714  D=   1 
 X= 920 X2=1023  Y= 980 Y2=1023 P1=1023 P2=   0 T1=1020 T2= 914  P= 714  D=   1 
 X= 984 X2=1014  Y= 962 Y2=1023 P1=1022 P2=   0 T1=1022 T2= 909  P= 714  D=   1 
 X= 903 X2=1023  Y= 999 Y2=1019 P1=1023 P2=   0 T1=1019 T2= 930  P= 714  D=   1 
 X= 984 X2=1013  Y= 980 Y2=1023 P1=1023 P2=   0 T1=1022 T2= 913  P= 714  D=   1 
 X= 984 X2=1008  Y= 983 Y2=1018 P1=1022 P2=   0 T1=1023 T2= 901  P= 714  D=   1 
 X= 912 X2=1023  Y= 984 Y2=1023 P1=1023 P2=   0 T1=1023 T2= 924  P= 714  D=   1 
 X= 905 X2=1023  Y= 974 Y2=1020 P1=1023 P2=   0 T1=1018 T2= 909  P= 714  D=   1 
 X= 960 X2= 990  Y= 977 Y2=1018 P1=1023 P2=   0 T1=1018 T2= 920  P= 714  D=   1 
 X= 837 X2=1023  Y= 974 Y2=1023 P1=1023 P2=   0 T1=1019 T2= 903  P= 714  D=   1 
 X= 857 X2=1022  Y= 980 Y2=1018 P1=1023 P2=   0 T1=1020 T2= 912  P= 714  D=   1 
 X= 953 X2=1020  Y= 984 Y2=1023 P1=1023 P2=   0 T1=1019 T2= 915  P= 714  D=   1 
 X= 955 X2=1023  Y= 973 Y2=1023 P1=1023 P2=   0 T1=1023 T2= 922  P= 714  D=   1 
 X= 959 X2=1023  Y= 982 Y2=1018 P1=1022 P2=   0 T1=1023 T2= 929  P= 714  D=   1 
 X= 980 X2=1016  Y= 971 Y2=1018 P1=1022 P2=   0 T1=1023 T2= 914  P= 714  D=   1 
 X= 864 X2=1019  Y= 980 Y2=1023 P1=1022 P2=   0 T1=1023 T2= 919  P= 714  D=   1 
 X= 911 X2=1023  Y= 983 Y2=1023 P1=1023 P2=   0 T1=1023 T2= 910  P= 714  D=   1 
 X= 947 X2= 996  Y= 976 Y2=1019 P1=1023 P2=   0 T1=1023 T2= 922  P= 714  D=   1 
 X= 862 X2=1023  Y= 990 Y2=1023 P1=1023 P2=   0 T1=1019 T2= 911  P= 714  D=   1 
 X= 839 X2=1023  Y= 976 Y2=1018 P1=1022 P2=   0 T1=1023 T2= 913  P= 714  D=   1 
 X= 882 X2=1023  Y= 983 Y2=1019 P1=1023 P2=   0 T1=1022 T2= 903  P= 714  D=   1 
 X= 894 X2=1016  Y= 973 Y2=1018 P1=1023 P2=   0 T1=1019 T2= 901  P= 714  D=   1 
 X= 870 X2=1018  Y= 979 Y2=1018 P1=1023 P2=   0 T1=1023 T2= 878  P= 714  D=   1 
 X=1023 X2= 997  Y= 976 Y2=1018 P1=1022 P2=   0 T1=1019 T2= 919  P= 714  D=   1 
 X=1022 X2=1013  Y= 980 Y2=1023 P1=1023 P2=   1 T1=1018 T2= 912  P= 714  D=   1 
 X= 912 X2=1023  Y= 968 Y2=1023 P1=1023 P2=   0 T1=1018 T2= 920  P= 714  D=   1 
 X= 878 X2=1023  Y= 979 Y2=1023 P1=1023 P2=   0 T1=1019 T2= 920  P= 714  D=   1 
 X= 931 X2=1020  Y= 981 Y2=1023 P1=1023 P2=   0 T1=1019 T2= 900  P= 714  D=   1 
 X= 902 X2=1023  Y= 978 Y2=1019 P1=1023 P2=   0 T1=1019 T2= 982  P= 714  D=   1 
 X= 896 X2=1023  Y= 982 Y2=1023 P1=1023 P2=   0 T1=1023 T2= 904  P= 714  D=   1 
 X= 989 X2= 997  Y= 974 Y2=1018 P1=1023 P2=   0 T1=1023 T2= 926  P= 714  D=   1 
 X= 864 X2=1018  Y= 981 Y2=1019 P1=1023 P2=   0 T1=1017 T2= 902  P= 714  D=   1 
 X=1023 X2=1008  Y= 985 Y2=1019 P1=1023 P2=   0 T1=1023 T2= 910  P= 714  D=   1 
 X=1023 X2=1007  Y= 977 Y2=1018 P1=1023 P2=   0 T1=1017 T2= 898  P= 714  D=   1 
 X= 785 X2=1023  Y= 969 Y2=1023 P1=1023 P2=   0 T1=1023 T2= 925  P= 714  D=   1 
 X= 932 X2=1023  Y= 985 Y2=1023 P1=1023 P2=   0 T1=1023 T2= 927  P= 714  D=   1 
 X= 949 X2=1023  Y= 988 Y2=1018 P1=1023 P2=   0 T1=1023 T2= 906  P= 714  D=   1 
 X= 901 X2=1016  Y= 975 Y2=1018 P1=1017 P2=   0 T1=1023 T2= 907  P= 714  D=   1 
 X=1022 X2=1013  Y= 977 Y2=1023 P1=1023 P2=   0 T1=1019 T2= 907  P= 714  D=   1 
 X= 913 X2=1021  Y= 956 Y2=1018 P1=1023 P2=   0 T1=1023 T2= 908  P= 714  D=   1 
 X= 987 X2=1012  Y= 974 Y2=1019 P1=1023 P2=   0 T1=1023 T2= 901  P= 714  D=   1 
 X= 958 X2=1021  Y= 972 Y2=1018 P1=1023 P2=   0 T1=1023 T2= 905  P= 714  D=   1 
 X= 955 X2=1020  Y= 982 Y2=1023 P1=1023 P2=   0 T1=1019 T2= 921  P= 714  D=   1 
 X= 957 X2= 987  Y= 978 Y2=1011 P1=1023 P2=   0 T1=1019 T2= 906  P= 714  D=   1 
 X= 861 X2=1023  Y= 977 Y2=1019 P1=1022 P2=   0 T1=1021 T2= 892  P= 714  D=   1 
 X= 926 X2=1023  Y= 972 Y2=1023 P1=1023 P2=   0 T1=1023 T2= 908  P= 714  D=   1 
 X= 973 X2=1023  Y= 971 Y2=1018 P1=1023 P2=   0 T1=1023 T2= 927  P= 714  D=   1 
 X= 939 X2=1023  Y= 969 Y2=1018 P1=1023 P2=   0 T1=1019 T2= 911  P= 714  D=   1 
 X=1023 X2=1002  Y= 978 Y2=1018 P1=1023 P2=   0 T1=1023 T2= 932  P= 714  D=   1 
 X=1003 X2= 993  Y= 971 Y2=1020 P1=1021 P2=   0 T1=1019 T2= 894  P= 714  D=   1 
 X= 974 X2=1012  Y= 978 Y2=1018 P1=1023 P2=   0 T1=1021 T2= 908  P= 714  D=   1 
 X= 965 X2=1021  Y= 978 Y2=1023 P1=1023 P2=   0 T1=1019 T2= 897  P= 714  D=   1 
 X= 958 X2= 994  Y= 985 Y2=1018 P1=1023 P2=   0 T1=1023 T2= 898  P= 714  D=   1 
 X= 966 X2=1021  Y= 983 Y2=1023 P1=1023 P2=   0 T1=1023 T2= 921  P= 714  D=   1 
 X= 894 X2=1023  Y= 987 Y2=1019 P1=1023 P2=   0 T1=1023 T2= 910  P= 714  D=   1 
 X= 895 X2=1013  Y= 964 Y2=1021 P1=1023 P2=   0 T1=1019 T2= 894  P= 714  D=   1 
 X= 903 X2=1021  Y= 975 Y2=1023 P1=1023 P2=   0 T1=1019 T2= 900  P= 714  D=   1 
 X= 938 X2=1023  Y= 967 Y2=1023 P1=1023 P2=   0 T1=1023 T2= 898  P= 714  D=   1 
 X=1023 X2=1013  Y= 974 Y2=1021 P1=1023 P2=   0 T1=1023 T2= 893  P= 714  D=   1 
 X=1017 X2= 994  Y= 983 Y2=1018 P1=1022 P2=   0 T1=1023 T2= 924  P= 714  D=   1 
 X= 970 X2=1020  Y= 981 Y2=1018 P1=1023 P2=   0 T1=1023 T2= 906  P= 714  D=   1 
 X= 964 X2= 989  Y= 983 Y2=1023 P1=1023 P2=   0 T1=1023 T2= 901  P= 714  D=   1 
 X= 953 X2=1017  Y= 974 Y2=1023 P1=1023 P2=   0 T1=1023 T2= 906  P= 714  D=   1 
 X= 838 X2=1022  Y= 988 Y2=1019 P1=1023 P2=   0 T1=1023 T2= 901  P= 714  D=   1 
 X= 875 X2=1023  Y= 978 Y2=1021 P1=1023 P2=   0 T1=1019 T2= 907  P= 714  D=   1 
 X= 889 X2=1017  Y= 978 Y2=1019 P1=1023 P2=   0 T1=1019 T2= 911  P= 714  D=   1 
 X= 878 X2=1016  Y= 977 Y2=1018 P1=1023 P2=   0 T1=1023 T2= 902  P= 714  D=   1 
 X=1018 X2= 994  Y= 976 Y2=1019 P1=1022 P2=   0 T1=1017 T2= 900  P= 714  D=   1 
 X=1004 X2= 993  Y= 983 Y2=1023 P1=1023 P2=   0 T1=1023 T2= 912  P= 714  D=   1 
 X= 898 X2=1023  Y= 982 Y2=1023 P1=1023 P2=   0 T1=1023 T2= 910  P= 714  D=   1 
 X=1008 X2=1006  Y= 975 Y2=1023 P1=1022 P2=   0 T1=1019 T2= 913  P= 714  D=   1 
 X= 952 X2=1021  Y= 983 Y2=1023 P1=1023 P2=   0 T1=1019 T2= 920  P= 714  D=   1 
 X= 826 X2=1023  Y= 966 Y2=1023 P1=1023 P2=   0 T1=1023 T2= 917  P= 714  D=   1 
 X= 918 X2=1023  Y= 974 Y2=1023 P1=1023 P2=   0 T1=1019 T2= 908  P= 714  D=   1 
 X= 932 X2=1017  Y= 982 Y2=1023 P1=1023 P2=   0 T1=1023 T2= 897  P= 714  D=   1 
 X= 871 X2=1015  Y= 974 Y2=1018 P1=1022 P2=   0 T1=1019 T2= 900  P= 714  D=   1 
 X= 948 X2=1023  Y= 975 Y2=1023 P1=1023 P2=   0 T1=1023 T2= 897  P= 714  D=   1 
 X=1023 X2=1011  Y= 972 Y2=1023 P1=1023 P2=   0 T1=1018 T2= 907  P= 714  D=   1 
 X= 931 X2=1017  Y= 992 Y2=1023 P1=1023 P2=   0 T1=1022 T2= 888  P= 714  D=   1 
 X= 893 X2=1006  Y=1017 Y2=1023 P1=1022 P2=   0 T1=1019 T2=1017  P= 714  D=   1 
 X=1023 X2=1015  Y= 978 Y2=1019 P1=1023 P2=   0 T1=1019 T2= 898  P= 714  D=   1 
 X= 959 X2=1022  Y= 981 Y2=1018 P1=1022 P2=   0 T1=1019 T2= 925  P= 714  D=   1 
 X= 902 X2=1023  Y= 979 Y2=1023 P1=1023 P2=   0 T1=1023 T2= 908  P= 714  D=   1 
 X= 999 X2=1002  Y= 985 Y2=1023 P1=1023 P2=   0 T1=1023 T2= 923  P= 714  D=   1 
 X= 985 X2=1013  Y= 970 Y2=1023 P1=1023 P2=   0 T1=1019 T2= 900  P= 714  D=   1 
 X= 982 X2= 987  Y= 983 Y2=1023 P1=1022 P2=   0 T1=1023 T2= 908  P= 714  D=   1 
 X= 954 X2=1020  Y= 975 Y2=1023 P1=1023 P2=   0 T1=1019 T2= 904  P= 714  D=   1 
 X=1023 X2=1005  Y= 980 Y2=1023 P1=1023 P2=   0 T1=1019 T2= 891  P= 714  D=   1 
 X=1020 X2=1023  Y= 978 Y2=1018 P1=1023 P2=   0 T1=1019 T2= 900  P= 714  D=   1 
 X=1023 X2=1006  Y= 969 Y2=1023 P1=1022 P2=   0 T1=1019 T2= 888  P= 714  D=   1 
 X= 959 X2=1023  Y= 984 Y2=1023 P1=1023 P2=   0 T1=1019 T2= 919  P= 714  D=   1 
 X= 872 X2=1023  Y= 979 Y2=1019 P1=1023 P2=   0 T1=1019 T2= 917  P= 714  D=   1 
 X=1008 X2= 991  Y= 981 Y2=1018 P1=1023 P2=   0 T1=1023 T2= 892  P= 714  D=   1 
 X=1000 X2= 996  Y= 972 Y2=1021 P1=1022 P2=   0 T1=1019 T2= 908  P= 714  D=   1 
 X= 960 X2=1008  Y= 974 Y2=1018 P1=1022 P2=   0 T1=1023 T2= 909  P= 714  D=   1 
 X=1023 X2=1004  Y= 973 Y2=1018 P1=1021 P2=   0 T1=1023 T2= 891  P= 714  D=   1 
 X=1023 X2=1013  Y= 978 Y2=1023 P1=1022 P2=   0 T1=1018 T2= 906  P= 714  D=   1 
 X= 815 X2=1023  Y= 979 Y2=1019 P1=1023 P2=   0 T1=1019 T2= 920  P= 714  D=   1 
 X= 921 X2=1023  Y= 982 Y2=1023 P1=1023 P2=   0 T1=1023 T2= 896  P= 714  D=   1 
 X=1015 X2=1011  Y= 971 Y2=1022 P1=1023 P2=   0 T1=1023 T2= 919  P= 714  D=   1 
 X= 907 X2=1014  Y= 972 Y2=1018 P1=1023 P2=   0 T1=1019 T2= 909  P= 714  D=   1 
 X= 841 X2=1023  Y= 980 Y2=1023 P1=1023 P2=   0 T1=1019 T2= 918  P= 714  D=   1 
 X=1015 X2=1001  Y= 974 Y2=1023 P1=1023 P2=   0 T1=1023 T2= 906  P= 714  D=   1 
 X= 946 X2=1023  Y= 976 Y2=1017 P1=1023 P2=   0 T1=1023 T2= 922  P= 714  D=   1 
 X= 942 X2=1023  Y= 977 Y2=1023 P1=1023 P2=   0 T1=1023 T2= 906  P= 714  D=   1 
 X= 947 X2=1023  Y= 975 Y2=1023 P1=1023 P2=   0 T1=1019 T2= 916  P= 714  D=   1 
 X= 913 X2=1020  Y= 979 Y2=1023 P1=1023 P2=   0 T1=1023 T2= 914  P= 714  D=   1 
 X= 838 X2=1023  Y= 983 Y2=1018 P1=1023 P2=   0 T1=1023 T2= 920  P= 714  D=   1 
 X= 898 X2=1023  Y= 977 Y2=1023 P1=1023 P2=   0 T1=1019 T2= 914  P= 714  D=   1 
 X= 958 X2=1020  Y= 982 Y2=1018 P1=1023 P2=   0 T1=1019 T2= 900  P= 714  D=   1 
 X= 959 X2=1023  Y= 972 Y2=1023 P1=1023 P2=   1 T1=1018 T2= 928  P= 714  D=   1 
 X=1023 X2=1014  Y= 976 Y2=1019 P1=1023 P2=   1 T1=1019 T2= 905  P= 714  D=   1 
 X=1010 X2= 994  Y= 983 Y2=1023 P1=1023 P2=   0 T1=1020 T2= 908  P= 714  D=   1 
 X= 865 X2=1019  Y= 968 Y2=1018 P1=1023 P2=   0 T1=1023 T2= 916  P= 714  D=   1 
 X= 927 X2=1022  Y= 980 Y2=1018 P1=1022 P2=   0 T1=1023 T2= 904  P= 714  D=   1 
 X= 961 X2=1009  Y= 976 Y2=1023 P1=1023 P2=   0 T1=1019 T2= 885  P= 714  D=   1 
 X= 950 X2= 997  Y= 983 Y2=1023 P1=1023 P2=   0 T1=1019 T2= 908  P= 714  D=   1 
 X= 924 X2=1023  Y= 952 Y2=1023 P1=1023 P2=   0 T1=1023 T2= 909  P= 714  D=   1 
 X= 980 X2=1013  Y= 970 Y2=1023 P1=1023 P2=   0 T1=1020 T2= 923  P= 714  D=   1 
 X= 891 X2=1020  Y= 970 Y2=1017 P1=1023 P2=   0 T1=1018 T2= 914  P= 714  D=   1 
 X= 957 X2=1023  Y= 977 Y2=1019 P1=1023 P2=   0 T1=1023 T2= 914  P= 714  D=   1 
 X= 972 X2=1023  Y= 973 Y2=1023 P1=1023 P2=   0 T1=1019 T2= 919  P= 714  D=   1 
 X=1008 X2=1003  Y= 979 Y2=1019 P1=1022 P2=   0 T1=1023 T2= 918  P= 714  D=   1 
 X= 957 X2=1021  Y= 977 Y2=1019 P1=1023 P2=   0 T1=1023 T2= 905  P= 714  D=   1 
 X= 947 X2=1023  Y= 984 Y2=1023 P1=1023 P2=   0 T1=1023 T2= 915  P= 714  D=   1 
 X= 891 X2=1020  Y= 985 Y2=1023 P1=1023 P2=   0 T1=1023 T2= 916  P= 714  D=   1 
 X= 804 X2=1023  Y= 971 Y2=1018 P1=1022 P2=   0 T1=1021 T2= 899  P= 714  D=   1 
 X=1006 X2=1002  Y= 967 Y2=1023 P1=1022 P2=   0 T1=1023 T2= 894  P= 714  D=   1 
 X= 919 X2=1023  Y= 986 Y2=1023 P1=1023 P2=   0 T1=1019 T2= 924  P= 714  D=   1 
 X= 911 X2=1018  Y= 977 Y2=1023 P1=1023 P2=   0 T1=1018 T2= 910  P= 714  D=   1 
 X=1023 X2=1014  Y= 984 Y2=1023 P1=1022 P2=   0 T1=1019 T2= 928  P= 714  D=   1 
 X=1021 X2=1013  Y= 983 Y2=1023 P1=1023 P2=   0 T1=1023 T2= 921  P= 714  D=   1 
 X= 877 X2=1023  Y= 981 Y2=1023 P1=1023 P2=   0 T1=1023 T2= 913  P= 714  D=   1 
 X= 942 X2=1022  Y= 983 Y2=1023 P1=1023 P2=   0 T1=1019 T2= 903  P= 714  D=   1 
 X= 864 X2=1019  Y= 972 Y2=1018 P1=1023 P2=   0 T1=1018 T2= 926  P= 714  D=   1 
 X= 967 X2=1023  Y= 965 Y2=1019 P1=1023 P2=   0 T1=1023 T2= 923  P= 714  D=   1 
 X= 850 X2=1023  Y= 981 Y2=1018 P1=1022 P2=   0 T1=1023 T2= 920  P= 714  D=   1 
 X= 983 X2=1013  Y= 972 Y2=1023 P1=1023 P2=   0 T1=1023 T2= 921  P= 714  D=   1 
 X= 972 X2=1018  Y= 980 Y2=1023 P1=1023 P2=   0 T1=1018 T2= 901  P= 714  D=   1 
 X= 967 X2=1021  Y= 981 Y2=1019 P1=1022 P2=   0 T1=1019 T2= 912  P= 714  D=   1 
 X= 951 X2= 988  Y= 985 Y2=1023 P1=1023 P2=   0 T1=1023 T2= 881  P= 714  D=   1 
 X= 930 X2=1023  Y= 979 Y2=1019 P1=1023 P2=   0 T1=1023 T2= 903  P= 714  D=   1 
 X= 916 X2=1023  Y= 985 Y2=1023 P1=1023 P2=   0 T1=1020 T2= 912  P= 714  D=   1 
 X= 957 X2=1023  Y= 977 Y2=1018 P1=1023 P2=   0 T1=1018 T2= 911  P= 714  D=   1 
 X= 944 X2=1023  Y= 980 Y2=1023 P1=1023 P2=   0 T1=1019 T2= 918  P= 714  D=   1 
 X= 951 X2=1023  Y= 969 Y2=1023 P1=1023 P2=   0 T1=1019 T2= 930  P= 714  D=   1 
 X=1023 X2=1014  Y= 975 Y2=1023 P1=1023 P2=   0 T1=1019 T2= 918  P= 714  D=   1 
 X=1018 X2= 987  Y= 957 Y2=1018 P1=1023 P2=   0 T1=1023 T2= 909  P= 714  D=   1 
 X= 881 X2=1023  Y= 976 Y2=1023 P1=1023 P2=   0 T1=1019 T2= 897  P= 714  D=   1 
 X= 945 X2=1001  Y= 976 Y2=1017 P1=1023 P2=   0 T1=1023 T2= 898  P= 714  D=   1 
 X=1023 X2=1005  Y= 972 Y2=1023 P1=1023 P2=   0 T1=1023 T2= 883  P= 714  D=   1 
 X= 924 X2=1023  Y= 975 Y2=1020 P1=1023 P2=   0 T1=1020 T2= 909  P= 714  D=   1 
 X= 890 X2=1023  Y= 978 Y2=1018 P1=1023 P2=   0 T1=1023 T2= 919  P= 714  D=   1 
 X= 815 X2=1020  Y= 972 Y2=1019 P1=1023 P2=   0 T1=1018 T2= 912  P= 714  D=   1 
 X= 957 X2=1023  Y= 982 Y2=1023 P1=1023 P2=   0 T1=1023 T2= 896  P= 714  D=   1 
 X=1023 X2=1006  Y= 977 Y2=1023 P1=1023 P2=   0 T1=1023 T2= 904  P= 714  D=   1 
 X=1022 X2=1015  Y= 973 Y2=1023 P1=1023 P2=   0 T1=1018 T2= 902  P= 714  D=   1 
 X= 988 X2= 992  Y= 972 Y2=1023 P1=1023 P2=   0 T1=1019 T2= 914  P= 714  D=   1 
 X= 945 X2=1023  Y= 984 Y2=1023 P1=1021 P2=   0 T1=1019 T2= 912  P= 714  D=   1 
 X= 960 X2=1022  Y= 975 Y2=1019 P1=1023 P2=   0 T1=1023 T2= 932  P= 714  D=   1 
 X= 874 X2=1023  Y= 978 Y2=1019 P1=1023 P2=   0 T1=1020 T2= 904  P= 714  D=   1 
 X= 901 X2=1023  Y= 979 Y2=1020 P1=1023 P2=   0 T1=1019 T2= 905  P= 714  D=   1 
 X=1004 X2=1007  Y= 983 Y2=1023 P1=1023 P2=   0 T1=1019 T2= 921  P= 714  D=   1 
 X= 882 X2=1016  Y= 984 Y2=1018 P1=1023 P2=   0 T1=1023 T2= 890  P= 714  D=   1 
 X= 870 X2=1017  Y= 970 Y2=1018 P1=1023 P2=   0 T1=1023 T2= 906  P= 714  D=   1 
 X=1008 X2=1004  Y= 974 Y2=1019 P1=1023 P2=   0 T1=1019 T2= 892  P= 714  D=   1 
 X=1002 X2=1007  Y= 968 Y2=1019 P1=1023 P2=   0 T1=1020 T2= 910  P= 714  D=   1 
 X= 907 X2=1023  Y= 979 Y2=1023 P1=1023 P2=   0 T1=1019 T2= 906  P= 714  D=   1 
 X= 964 X2=1023  Y= 978 Y2=1023 P1=1023 P2=   0 T1=1023 T2= 913  P= 714  D=   1 
 X= 906 X2=1020  Y= 978 Y2=1023 P1=1023 P2=   0 T1=1019 T2= 920  P= 714  D=   1 
 X= 919 X2=1023  Y= 975 Y2=1023 P1=1023 P2=   0 T1=1019 T2= 892  P= 714  D=   1 
 X=1023 X2=1013  Y= 986 Y2=1023 P1=1023 P2=   0 T1=1018 T2= 916  P= 714  D=   1 
 X= 817 X2=1023  Y= 982 Y2=1017 P1=1023 P2=   0 T1=1023 T2= 928  P= 714  D=   1 
 X= 906 X2=1020  Y= 981 Y2=1023 P1=1023 P2=   0 T1=1020 T2= 916  P= 714  D=   1 
 X= 945 X2=1023  Y= 981 Y2=1019 P1=1023 P2=   0 T1=1023 T2= 912  P= 714  D=   1 
 X=1023 X2=1007  Y= 977 Y2=1023 P1=1023 P2=   0 T1=1020 T2= 892  P= 714  D=   1 
 X= 893 X2=1023  Y= 982 Y2=1023 P1=1023 P2=   0 T1=1019 T2= 887  P= 714  D=   1 
 X= 891 X2=1022  Y= 984 Y2=1018 P1=1022 P2=   0 T1=1019 T2= 913  P= 714  D=   1 
 X= 989 X2=1018  Y= 969 Y2=1021 P1=1022 P2=   0 T1=1023 T2= 982  P= 714  D=   1 
 X= 903 X2=1023  Y= 977 Y2=1019 P1=1023 P2=   0 T1=1019 T2= 927  P= 714  D=   1 
 X=1015 X2=1007  Y=1023 Y2=1018 P1=1023 P2=   0 T1=1019 T2=1023  P= 714  D=   1 
 X= 989 X2=1023  Y= 986 Y2=1019 P1=1023 P2=   0 T1=1019 T2= 923  P= 714  D=   1 
 X= 806 X2=1023  Y= 979 Y2=1023 P1=1023 P2=   0 T1=1023 T2= 926  P= 714  D=   1 
 X=1023 X2= 996  Y= 989 Y2=1023 P1=1023 P2=   0 T1=1019 T2= 907  P= 714  D=   1 
 X= 970 X2= 993  Y= 981 Y2=1018 P1=1022 P2=   0 T1=1018 T2= 922  P= 714  D=   1 
 X=1023 X2=1021  Y= 976 Y2=1017 P1=1023 P2=   0 T1=1019 T2= 912  P= 714  D=   1 
 X= 954 X2=1021  Y= 981 Y2=1023 P1=1023 P2=   0 T1=1019 T2= 904  P= 714  D=   1 
 X= 938 X2=1020  Y= 977 Y2=1017 P1=1023 P2=   0 T1=1018 T2= 894  P= 714  D=   1 
 X= 860 X2=1015  Y= 979 Y2=1022 P1=1023 P2=   0 T1=1018 T2= 885  P= 714  D=   1 
 X=1023 X2=1012  Y= 967 Y2=1022 P1=1023 P2=   0 T1=1018 T2= 906  P= 714  D=   1 
 X= 877 X2=1017  Y= 985 Y2=1023 P1=1023 P2=   0 T1=1023 T2= 912  P= 714  D=   1 
 X= 927 X2=1016  Y= 970 Y2=1023 P1=1022 P2=   0 T1=1023 T2= 899  P= 714  D=   1 
 X= 953 X2=1022  Y= 980 Y2=1023 P1=1022 P2=   0 T1=1021 T2= 905  P= 714  D=   1 
 X=1021 X2=1012  Y= 963 Y2=1018 P1=1023 P2=   0 T1=1023 T2= 918  P= 714  D=   1 
 X=1008 X2=1013  Y= 980 Y2=1023 P1=1022 P2=   0 T1=1019 T2= 890  P= 714  D=   1 
 X= 801 X2=1023  Y= 963 Y2=1023 P1=1023 P2=   0 T1=1023 T2= 920  P= 714  D=   1 
 X= 905 X2=1023  Y= 975 Y2=1023 P1=1023 P2=   0 T1=1023 T2= 923  P= 714  D=   1 
 X= 981 X2=1012  Y= 964 Y2=1023 P1=1022 P2=   0 T1=1023 T2= 923  P= 714  D=   1 
 X= 885 X2=1016  Y= 977 Y2=1018 P1=1022 P2=   0 T1=1019 T2= 910  P= 714  D=   1 
 X= 933 X2= 994  Y= 982 Y2=1019 P1=1021 P2=   0 T1=1022 T2= 907  P= 714  D=   1 
 X= 988 X2=1001  Y= 973 Y2=1023 P1=1023 P2=   0 T1=1023 T2= 912  P= 714  D=   1 
 X= 975 X2=1018  Y= 961 Y2=1019 P1=1023 P2=   0 T1=1022 T2= 917  P= 714  D=   1 
 X= 906 X2=1023  Y= 979 Y2=1020 P1=1023 P2=   0 T1=1023 T2= 935  P= 714  D=   1 
 X=1005 X2=1021  Y= 982 Y2=1018 P1=1022 P2=   0 T1=1018 T2= 909  P= 714  D=   1 
 X= 841 X2=1023  Y= 964 Y2=1023 P1=1023 P2=   0 T1=1019 T2= 906  P= 714  D=   1 
 X= 842 X2=1022  Y= 982 Y2=1019 P1=1023 P2=   0 T1=1019 T2= 894  P= 714  D=   1 
 X= 979 X2=1007  Y= 983 Y2=1019 P1=1023 P2=   0 T1=1019 T2= 933  P= 714  D=   1 
 X= 815 X2=1023  Y= 981 Y2=1018 P1=1023 P2=   0 T1=1023 T2= 926  P= 714  D=   1 
 X= 958 X2=1023  Y= 976 Y2=1023 P1=1023 P2=   1 T1=1019 T2= 911  P= 714  D=   1 
 X=1023 X2=1003  Y= 980 Y2=1023 P1=1023 P2=   0 T1=1019 T2= 917  P= 714  D=   1 
 X= 996 X2= 992  Y= 980 Y2=1023 P1=1023 P2=   0 T1=1019 T2= 921  P= 714  D=   1 
 X= 913 X2=1017  Y= 977 Y2=1018 P1=1023 P2=   0 T1=1019 T2= 904  P= 714  D=   1 
 X= 955 X2=1023  Y= 973 Y2=1023 P1=1023 P2=   0 T1=1023 T2= 899  P= 714  D=   1 
 X= 876 X2=1023  Y= 975 Y2=1018 P1=1023 P2=   0 T1=1019 T2= 893  P= 714  D=   1 
 X= 927 X2=1023  Y= 980 Y2=1019 P1=1023 P2=   0 T1=1018 T2= 922  P= 714  D=   1 
 X= 899 X2=1023  Y= 977 Y2=1018 P1=1022 P2=   0 T1=1023 T2= 905  P= 714  D=   1 
 X=1021 X2=1014  Y= 985 Y2=1023 P1=1022 P2=   0 T1=1023 T2= 908  P= 714  D=   1 
 X= 893 X2=1023  Y= 976 Y2=1018 P1=1023 P2=   0 T1=1023 T2= 909  P= 714  D=   1 
 X=1023 X2=1012  Y= 982 Y2=1018 P1=1022 P2=   0 T1=1023 T2= 893  P= 714  D=   1 
 X=1001 X2=1003  Y= 974 Y2=1019 P1=1022 P2=   0 T1=1023 T2= 905  P= 714  D=   1 
 X= 905 X2=1023  Y= 984 Y2=1018 P1=1023 P2=   0 T1=1023 T2= 906  P= 714  D=   1 
 X= 950 X2=1023  Y= 987 Y2=1023 P1=1023 P2=   0 T1=1019 T2= 917  P= 714  D=   1 
 X= 974 X2=1012  Y= 992 Y2=1018 P1=1022 P2=   0 T1=1023 T2= 898  P= 714  D=   1 
 X= 958 X2=1023  Y= 981 Y2=1023 P1=1021 P2=   0 T1=1019 T2= 930  P= 714  D=   1 
 X= 804 X2=1023  Y= 969 Y2=1023 P1=1023 P2=   0 T1=1022 T2= 913  P= 714  D=   1 
 X=1003 X2= 991  Y= 974 Y2=1023 P1=1023 P2=   0 T1=1022 T2= 909  P= 714  D=   1 
 X= 886 X2=1020  Y= 975 Y2=1017 P1=1022 P2=   0 T1=1018 T2= 909  P= 714  D=   1 
 X= 940 X2=1023  Y= 977 Y2=1023 P1=1023 P2=   0 T1=1023 T2= 888  P= 714  D=   1 
 X= 960 X2=1023  Y= 972 Y2=1018 P1=1023 P2=   0 T1=1019 T2= 946  P= 714  D=   1 
 X=1008 X2=1002  Y= 986 Y2=1019 P1=1022 P2=   0 T1=1023 T2= 925  P= 714  D=   1 
 X= 871 X2=1023  Y= 967 Y2=1019 P1=1022 P2=   0 T1=1021 T2= 910  P= 714  D=   1 
 X= 924 X2=1022  Y= 973 Y2=1023 P1=1019 P2=   0 T1=1020 T2= 923  P= 714  D=   1 
 X= 885 X2=1020  Y= 976 Y2=1018 P1=1022 P2=   0 T1=1023 T2= 905  P= 714  D=   1 
 X= 832 X2=1023  Y= 983 Y2=1023 P1=1023 P2=   0 T1=1023 T2= 893  P= 714  D=   1 
 X= 930 X2=1018  Y= 975 Y2=1023 P1=1022 P2=   1 T1=1019 T2= 900  P= 714  D=   1 
 X= 915 X2=1016  Y= 978 Y2=1019 P1=1023 P2=   1 T1=1023 T2= 915  P= 714  D=   1 
 X= 890 X2=1021  Y= 988 Y2=1018 P1=1023 P2=   0 T1=1023 T2= 911  P= 714  D=   1 
 X= 966 X2=1020  Y= 969 Y2=1023 P1=1023 P2=   0 T1=1019 T2= 920  P= 714  D=   1 
 X=1015 X2=1018  Y= 980 Y2=1023 P1=1022 P2=   1 T1=1023 T2= 924  P= 714  D=   1 
 X= 934 X2=1023  Y= 975 Y2=1019 P1=1023 P2=   0 T1=1023 T2= 876  P= 714  D=   1 
 X= 920 X2=1023  Y= 966 Y2=1023 P1=1023 P2=   0 T1=1020 T2= 919  P= 714  D=   1 
 X= 876 X2=1013  Y= 980 Y2=1019 P1=1023 P2=   0 T1=1023 T2= 900  P= 714  D=   1 
 X= 885 X2=1021  Y= 977 Y2=1018 P1=1023 P2=   0 T1=1023 T2= 907  P= 714  D=   1 
 X= 816 X2=1023  Y= 980 Y2=1018 P1=1023 P2=   0 T1=1018 T2= 917  P= 714  D=   1 
 X=1023 X2=1019  Y= 984 Y2=1023 P1=1023 P2=   1 T1=1023 T2= 912  P= 714  D=   1 
 X= 974 X2=1007  Y= 974 Y2=1019 P1=1023 P2=   0 T1=1020 T2= 915  P= 714  D=   1 
 X= 899 X2=1023  Y= 984 Y2=1019 P1=1023 P2=   0 T1=1023 T2= 905  P= 714  D=   1 
 X= 956 X2= 994  Y= 975 Y2=1023 P1=1022 P2=   0 T1=1023 T2= 924  P= 714  D=   1 
 X= 963 X2=1023  Y= 965 Y2=1017 P1=1023 P2=   0 T1=1023 T2= 925  P= 714  D=   1 
 X= 955 X2=1020  Y= 971 Y2=1023 P1=1023 P2=   0 T1=1019 T2= 901  P= 714  D=   1 
 X= 932 X2=1023  Y= 972 Y2=1018 P1=1022 P2=   0 T1=1023 T2= 924  P= 714  D=   1 
 X= 925 X2=1018  Y= 974 Y2=1023 P1=1023 P2=   0 T1=1023 T2= 899  P= 714  D=   1 
 X= 953 X2=1020  Y= 978 Y2=1023 P1=1023 P2=   0 T1=1019 T2= 916  P= 714  D=   1 
 X= 940 X2=1023  Y= 999 Y2=1018 P1=1023 P2=   0 T1=1019 T2= 922  P= 714  D=   1 
 X=1003 X2= 997  Y= 974 Y2=1018 P1=1022 P2=   0 T1=1018 T2= 896  P= 714  D=   1 
 X= 919 X2=1023  Y= 986 Y2=1018 P1=1022 P2=   0 T1=1023 T2= 920  P= 714  D=   1 
 X=1023 X2=1003  Y= 976 Y2=1023 P1=1023 P2=   0 T1=1023 T2= 903  P= 714  D=   1 
 X= 958 X2= 987  Y= 984 Y2=1023 P1=1023 P2=   0 T1=1023 T2= 909  P= 714  D=   1 
 X= 810 X2=1023  Y= 978 Y2=1017 P1=1023 P2=   0 T1=1019 T2= 911  P= 714  D=   1 
 X= 240 X2= 238  Y= 325 Y2= 318 P1= 671 P2= 205 T1=  22 T2=  23  P= 543  D=   1 * 0
 X= 987 X2=1007  Y= 976 Y2=1019 P1=1023 P2=   0 T1=1019 T2= 897  P= 543  D=   1 
 X= 239 X2= 237  Y= 325 Y2= 319 P1= 678 P2= 199 T1=  23 T2=  23  P= 572  D=   1 * 0
 X= 240 X2= 237  Y= 327 Y2= 318 P1= 689 P2= 192 T1=  23 T2=  24  P= 615  D=   1 * 0
 X= 240 X2= 238  Y= 327 Y2= 320 P1= 692 P2= 192 T1=  23 T2=  23  P= 622  D=   1 * 0
 X= 240 X2= 239  Y= 327 Y2= 320 P1= 691 P2= 193 T1=  23 T2=  23  P= 616  D=   1 * 1
 X= 239 X2= 238  Y= 326 Y2= 318 P1= 686 P2= 195 T1=  23 T2=  23  P= 599  D=   1 * 2
 X= 240 X2= 239  Y= 326 Y2= 319 P1= 684 P2= 196 T1=  23 T2=  23  P= 594  D=   1 * 3
 X= 238 X2= 238  Y= 326 Y2= 319 P1= 684 P2= 196 T1=  22 T2=  25  P= 592  D=   1 * 4
 X= 240 X2= 238  Y= 326 Y2= 319 P1= 684 P2= 196 T1=  23 T2=  23  P= 594  D=   1 * 5
 X= 241 X2= 238  Y= 325 Y2= 320 P1= 685 P2= 195 T1=  23 T2=  24  P= 600  D=   1 * 6
 X= 240 X2= 238  Y= 326 Y2= 319 P1= 684 P2= 196 T1=  23 T2=  23  P= 594  D=   1 * 7
 X= 240 X2= 238  Y= 326 Y2= 320 P1= 683 P2= 197 T1=  23 T2=  22  P= 589  D=   1 * 8
 X= 241 X2= 237  Y= 325 Y2= 319 P1= 683 P2= 197 T1=  23 T2=  23  P= 589  D=   1 * 9
 X= 240 X2= 237  Y= 325 Y2= 319 P1= 683 P2= 196 T1=  23 T2=  23  P= 591  D=   1 * 10
 X= 239 X2= 237  Y= 326 Y2= 319 P1= 683 P2= 197 T1=  22 T2=  23  P= 587  D=   1 * 11
 X= 240 X2= 237  Y= 325 Y2= 319 P1= 683 P2= 197 T1=  22 T2=  20  P= 587  D=   1 * 12
 X= 240 X2= 238  Y= 327 Y2= 319 P1= 682 P2= 197 T1=  23 T2=  22  P= 588  D=   1 * 13
 X= 240 X2= 235  Y= 326 Y2= 319 P1= 682 P2= 196 T1=  22 T2=  23  P= 587  D=   1 * 14
 X= 239 X2= 239  Y= 326 Y2= 319 P1= 683 P2= 197 T1=  23 T2=  22  P= 589  D=   1 * 15
 X= 240 X2= 237  Y= 326 Y2= 319 P1= 681 P2= 198 T1=  22 T2=  23  P= 580  D=   1 * 16
 X= 239 X2= 239  Y= 326 Y2= 319 P1= 682 P2= 197 T1=  22 T2=  23  P= 588  D=   1 * 17
 X= 240 X2= 238  Y= 325 Y2= 319 P1= 682 P2= 198 T1=  23 T2=  22  P= 584  D=   1 * 18
 X= 241 X2= 237  Y= 326 Y2= 318 P1= 682 P2= 197 T1=  23 T2=  22  P= 588  D=   1 * 19
 X= 240 X2= 238  Y= 326 Y2= 319 P1= 682 P2= 198 T1=  22 T2=  23  P= 584  D=   1 * 20
 X= 240 X2= 237  Y= 325 Y2= 319 P1= 682 P2= 198 T1=  23 T2=  23  P= 581  D=   1 * 21
 X= 240 X2= 238  Y= 326 Y2= 319 P1= 682 P2= 197 T1=  22 T2=  22  P= 588  D=   1 * 22
 X= 240 X2= 235  Y= 326 Y2= 319 P1= 682 P2= 197 T1=  23 T2=  23  P= 583  D=   1 * 23
 X= 240 X2= 237  Y= 326 Y2= 319 P1= 682 P2= 195 T1=  23 T2=  23  P= 594  D=   1 * 24
Remove Pin
 X= 240 X2= 237  Y= 324 Y2= 319 P1= 682 P2= 197 T1=  24 T2=  23  P= 585  D=   1 * 24
 X= 239 X2= 237  Y= 326 Y2= 319 P1= 682 P2= 197 T1=  22 T2=  23  P= 585  D=   1 * 24
 X= 240 X2= 238  Y= 326 Y2= 319 P1= 682 P2= 198 T1=  23 T2=  23  P= 584  D=   1 * 24
 X= 239 X2= 238  Y= 325 Y2= 318 P1= 681 P2= 197 T1=  22 T2=  22  P= 584  D=   1 * 24
 X= 241 X2= 237  Y= 325 Y2= 319 P1= 682 P2= 198 T1=  23 T2=  22  P= 584  D=   1 * 24
 X= 240 X2= 237  Y= 326 Y2= 319 P1= 682 P2= 198 T1=  21 T2=  22  P= 581  D=   1 * 24
 X= 241 X2= 238  Y= 326 Y2= 319 P1= 682 P2= 197 T1=  22 T2=  24  P= 588  D=   1 * 24
 X= 239 X2= 237  Y= 325 Y2= 318 P1= 682 P2= 198 T1=  23 T2=  22  P= 581  D=   1 * 24
 X= 240 X2= 237  Y= 325 Y2= 319 P1= 682 P2= 198 T1=  20 T2=  23  P= 581  D=   1 * 24
 X= 240 X2= 237  Y= 326 Y2= 319 P1= 681 P2= 198 T1=  23 T2=  23  P= 580  D=   1 * 24
 X= 241 X2= 239  Y= 325 Y2= 318 P1= 683 P2= 198 T1=  21 T2=  23  P= 587  D=   1 * 24
 X= 240 X2= 236  Y= 326 Y2= 318 P1= 681 P2= 198 T1=  23 T2=  21  P= 580  D=   1 * 24
 X= 240 X2= 237  Y= 326 Y2= 319 P1= 682 P2= 198 T1=  22 T2=  22  P= 581  D=   1 * 24
 X= 239 X2= 237  Y= 326 Y2= 318 P1= 682 P2= 198 T1=  22 T2=  22  P= 581  D=   1 * 24
 X= 240 X2= 237  Y= 325 Y2= 320 P1= 681 P2= 198 T1=  23 T2=  23  P= 580  D=   1 * 24
 X= 240 X2= 239  Y= 325 Y2= 319 P1= 681 P2= 198 T1=  22 T2=  22  P= 582  D=   1 * 24
 X= 240 X2= 238  Y= 325 Y2= 319 P1= 682 P2= 197 T1=  22 T2=  22  P= 588  D=   1 * 24
 X= 240 X2= 238  Y= 327 Y2= 318 P1= 681 P2= 197 T1=  23 T2=  23  P= 586  D=   1 * 24
 X= 240 X2= 237  Y= 326 Y2= 318 P1= 682 P2= 197 T1=  23 T2=  22  P= 585  D=   1 * 24
 X= 240 X2= 237  Y= 325 Y2= 319 P1= 681 P2= 198 T1=  22 T2=  23  P= 580  D=   1 * 24
 X= 240 X2= 237  Y= 326 Y2= 319 P1= 681 P2= 197 T1=  23 T2=  23  P= 584  D=   1 * 24
 X= 240 X2= 237  Y= 326 Y2= 319 P1= 681 P2= 197 T1=  23 T2=  23  P= 584  D=   1 * 24
 X= 240 X2= 238  Y= 327 Y2= 319 P1= 681 P2= 198 T1=  22 T2=  22  P= 582  D=   1 * 24
 X= 241 X2= 237  Y= 326 Y2= 318 P1= 681 P2= 198 T1=  22 T2=  23  P= 582  D=   1 * 24
 X= 241 X2= 238  Y= 326 Y2= 318 P1= 681 P2= 198 T1=  22 T2=  22  P= 582  D=   1 * 24
 X= 240 X2= 237  Y= 325 Y2= 318 P1= 681 P2= 198 T1=  23 T2=  22  P= 580  D=   1 * 24
 X= 239 X2= 237  Y= 325 Y2= 319 P1= 681 P2= 198 T1=  23 T2=  23  P= 580  D=   1 * 24
 X= 242 X2= 239  Y= 328 Y2= 321 P1= 696 P2= 189 T1=  23 T2=  23  P= 643  D=   1 * 24
 X= 241 X2= 235  Y= 328 Y2= 323 P1= 697 P2= 190 T1=  25 T2=  24  P= 634  D=   1 * 24
 X= 242 X2= 238  Y= 326 Y2= 321 P1= 693 P2= 191 T1=  24 T2=  23  P= 630  D=   1 * 24
 X= 910 X2= 985  Y= 976 Y2=1023 P1=1023 P2=   0 T1=1019 T2= 874  P= 630  D=   1 
 X=1019 X2= 993  Y= 969 Y2=1019 P1=1022 P2=   0 T1=1023 T2= 917  P= 630  D=   1 
 X= 973 X2=1018  Y= 967 Y2=1023 P1=1022 P2=   0 T1=1020 T2= 918  P= 630  D=   1 
target state=1 point=456,22
 X= 958 X2=1021  Y= 985 Y2=1019 P1=1022 P2=   0 T1=1023 T2= 922  P= 630  D=   1 
 X= 897 X2=1023  Y= 975 Y2=1018 P1=1022 P2=   0 T1=1019 T2= 932  P= 630  D=   1 
 X= 999 X2= 985  Y= 977 Y2=1023 P1=1023 P2=   0 T1=1020 T2= 907  P= 630  D=   1 
 X= 919 X2=1017  Y= 980 Y2=1018 P1=1023 P2=   0 T1=1022 T2= 906  P= 630  D=   1 
 X= 955 X2=1023  Y= 967 Y2=1023 P1=1023 P2=   0 T1=1023 T2= 913  P= 630  D=   1 
 X=1000 X2= 998  Y= 973 Y2=1023 P1=1022 P2=   0 T1=1019 T2= 903  P= 630  D=   1 
 X= 887 X2=1023  Y= 976 Y2=1020 P1=1023 P2=   0 T1=1020 T2= 907  P= 630  D=   1 
 X=1023 X2=1019  Y= 974 Y2=1023 P1=1023 P2=   0 T1=1023 T2= 928  P= 630  D=   1 
 X= 959 X2=1023  Y= 974 Y2=1023 P1=1022 P2=   0 T1=1023 T2= 917  P= 630  D=   1 
 X= 947 X2=1017  Y= 973 Y2=1023 P1=1023 P2=   0 T1=1023 T2= 915  P= 630  D=   1 
 X= 908 X2=1023  Y= 982 Y2=1023 P1=1023 P2=   0 T1=1023 T2= 904  P= 630  D=   1 
 X=1022 X2=1015  Y= 982 Y2=1018 P1=1023 P2=   0 T1=1019 T2= 916  P= 630  D=   1 
 X= 927 X2=1015  Y= 982 Y2=1017 P1=1022 P2=   0 T1=1019 T2= 914  P= 630  D=   1 
 X= 863 X2=1016  Y= 973 Y2=1023 P1=1020 P2=   0 T1=1019 T2= 911  P= 630  D=   1 
 X=1023 X2=1002  Y= 970 Y2=1023 P1=1022 P2=   0 T1=1021 T2= 918  P= 630  D=   1 
 X=1022 X2=1008  Y= 972 Y2=1018 P1=1023 P2=   0 T1=1023 T2= 920  P= 630  D=   1 
 X= 916 X2=1023  Y= 975 Y2=1023 P1=1023 P2=   0 T1=1018 T2= 908  P= 630  D=   1 
 X= 912 X2=1023  Y= 984 Y2=1019 P1=1022 P2=   0 T1=1019 T2= 902  P= 630  D=   1 
 X= 984 X2=1014  Y= 965 Y2=1023 P1=1023 P2=   0 T1=1023 T2= 904  P= 630  D=   1 
 X= 922 X2=1023  Y= 977 Y2=1023 P1=1023 P2=   0 T1=1023 T2= 887  P= 630  D=   1 
 X=1019 X2=1016  Y= 962 Y2=1023 P1=1023 P2=   0 T1=1019 T2= 924  P= 630  D=   1 
 X= 995 X2= 996  Y= 971 Y2=1023 P1=1023 P2=   0 T1=1018 T2= 920  P= 630  D=   1 
 X= 976 X2=1014  Y= 977 Y2=1023 P1=1023 P2=   0 T1=1023 T2= 902  P= 630  D=   1 
 X= 969 X2=1023  Y= 972 Y2=1018 P1=1023 P2=   0 T1=1019 T2= 931  P= 630  D=   1 
 X= 952 X2= 993  Y= 976 Y2=1019 P1=1023 P2=   0 T1=1019 T2= 899  P= 630  D=   1 
 X= 857 X2=1023  Y= 980 Y2=1016 P1=1023 P2=   0 T1=1023 T2= 910  P= 630  D=   1 
 X= 953 X2=1021  Y= 982 Y2=1018 P1=1023 P2=   1 T1=1017 T2= 907  P= 630  D=   1 
 X= 908 X2=1015  Y= 966 Y2=1023 P1=1023 P2=   0 T1=1023 T2= 917  P= 630  D=   1 
 X= 958 X2=1023  Y= 990 Y2=1019 P1=1023 P2=   0 T1=1023 T2= 903  P= 630  D=   1 
 X= 932 X2=1023  Y= 972 Y2=1017 P1=1023 P2=   0 T1=1023 T2= 912  P= 630  D=   1 
 X=1017 X2= 993  Y= 977 Y2=1023 P1=1023 P2=   0 T1=1021 T2= 934  P= 630  D=   1 
 X=1000 X2= 997  Y= 971 Y2=1016 P1=1023 P2=   0 T1=1019 T2= 897  P= 630  D=   1 
 X=1020 X2=1015  Y= 990 Y2=1019 P1=1023 P2=   0 T1=1023 T2= 942  P= 630  D=   1 
 X=1000 X2=1010  Y= 981 Y2=1023 P1=1023 P2=   0 T1=1018 T2= 930  P= 630  D=   1 
 X= 954 X2=1023  Y= 973 Y2=1019 P1=1023 P2=   0 T1=1023 T2= 901  P= 630  D=   1 
 X= 872 X2=1023  Y= 993 Y2=1019 P1=1023 P2=   0 T1=1023 T2= 912  P= 630  D=   1 
 X= 882 X2=1023  Y= 976 Y2=1019 P1=1023 P2=   0 T1=1019 T2= 912  P= 630  D=   1 
 X= 868 X2=1018  Y= 985 Y2=1023 P1=1023 P2=   0 T1=1018 T2= 918  P= 630  D=   1 
 X= 897 X2=1017  Y= 973 Y2=1019 P1=1022 P2=   0 T1=1023 T2= 911  P= 630  D=   1 
 X= 951 X2= 978  Y= 975 Y2=1023 P1=1023 P2=   0 T1=1023 T2= 910  P= 630  D=   1 
 X= 956 X2=1011  Y= 976 Y2=1023 P1=1023 P2=   0 T1=1019 T2= 928  P= 630  D=   1 
 X= 914 X2=1023  Y= 984 Y2=1023 P1=1023 P2=   0 T1=1023 T2= 906  P= 630  D=   1 
 X= 943 X2=1020  Y= 968 Y2=1018 P1=1022 P2=   0 T1=1019 T2= 915  P= 630  D=   1 
 X= 945 X2=1020  Y= 978 Y2=1019 P1=1023 P2=   0 T1=1023 T2= 907  P= 630  D=   1 
 X= 818 X2=1023  Y= 975 Y2=1019 P1=1023 P2=   0 T1=1020 T2= 912  P= 630  D=   1 
 X= 883 X2=1023  Y= 986 Y2=1023 P1=1023 P2=   0 T1=1019 T2= 915  P= 630  D=   1 
 X= 998 X2=1011  Y= 975 Y2=1023 P1=1023 P2=   0 T1=1023 T2= 909  P= 630  D=   1 
 X= 969 X2=1023  Y= 972 Y2=1018 P1=1023 P2=   0 T1=1023 T2= 941  P= 630  D=   1 
 X= 951 X2=1023  Y= 973 Y2=1023 P1=1023 P2=   0 T1=1020 T2= 908  P= 630  D=   1 
 X=1023 X2=1004  Y= 967 Y2=1023 P1=1023 P2=   0 T1=1018 T2= 904  P= 630  D=   1 
 X= 927 X2=1023  Y= 977 Y2=1023 P1=1023 P2=   0 T1=1023 T2= 904  P= 630  D=   1 
 X= 956 X2=1023  Y= 981 Y2=1023 P1=1023 P2=   0 T1=1019 T2= 930  P= 630  D=   1 
 X= 931 X2=1023  Y= 978 Y2=1019 P1=1023 P2=   0 T1=1019 T2= 897  P= 630  D=   1 
 X= 935 X2=1020  Y= 970 Y2=1019 P1=1023 P2=   0 T1=1023 T2= 908  P= 630  D=   1 
 X= 951 X2=1023  Y= 981 Y2=1023 P1=1023 P2=   0 T1=1018 T2= 899  P= 630  D=   1 
 X=1003 X2= 994  Y= 976 Y2=1023 P1=1022 P2=   0 T1=1019 T2= 905  P= 630  D=   1 
 X= 867 X2=1017  Y= 968 Y2=1023 P1=1022 P2=   0 T1=1019 T2= 913  P= 630  D=   1 
 X= 863 X2=1023  Y= 973 Y2=1017 P1=1023 P2=   0 T1=1023 T2= 927  P= 630  D=   1 
 X= 942 X2= 996  Y= 980 Y2=1023 P1=1022 P2=   0 T1=1023 T2= 904  P= 630  D=   1 
 X=1021 X2=1013  Y= 979 Y2=1023 P1=1023 P2=   0 T1=1019 T2= 902  P= 630  D=   1 
 X= 918 X2=1023  Y= 964 Y2=1018 P1=1023 P2=   0 T1=1023 T2= 905  P= 630  D=   1 
 X= 917 X2=1018  Y=1017 Y2=1023 P1=1023 P2=   0 T1=1019 T2=1008  P= 630  D=   1 
 X= 982 X2=1022  Y= 987 Y2=1019 P1=1023 P2=   0 T1=1023 T2= 926  P= 630  D=   1 
 X= 914 X2=1023  Y= 985 Y2=1023 P1=1023 P2=   0 T1=1023 T2= 918  P= 630  D=   1 
 X= 913 X2=1023  Y= 971 Y2=1023 P1=1023 P2=   0 T1=1018 T2= 925  P= 630  D=   1 
 X=1002 X2= 991  Y= 955 Y2=1023 P1=1022 P2=   0 T1=1019 T2= 908  P= 630  D=   1 
 X= 810 X2= 811  Y= 325 Y2= 329 P1= 798 P2= 478 T1=  15 T2=  15  P= 541  D=   1 * 0
 X= 810 X2= 808  Y= 324 Y2= 331 P1= 798 P2= 476 T1=  16 T2=  15  P= 546  D=   1 * 0
 X= 810 X2= 808  Y= 323 Y2= 331 P1= 798 P2= 477 T1=  15 T2=  15  P= 543  D=   1 * 0
 X= 810 X2= 812  Y= 323 Y2= 330 P1= 798 P2= 478 T1=  15 T2=  14  P= 542  D=   1 * 0
 X= 810 X2= 809  Y= 322 Y2= 330 P1= 799 P2= 477 T1=  15 T2=  16  P= 546  D=   1 * 1
 X= 809 X2= 808  Y= 323 Y2= 330 P1= 797 P2= 478 T1=  16 T2=  16  P= 538  D=   1 * 2
 X= 809 X2= 808  Y= 323 Y2= 329 P1= 797 P2= 478 T1=  15 T2=  16  P= 538  D=   1 * 3
 X= 808 X2= 808  Y= 323 Y2= 329 P1= 797 P2= 479 T1=  15 T2=  15  P= 535  D=   1 * 4
 X= 809 X2= 808  Y= 323 Y2= 329 P1= 797 P2= 479 T1=  15 T2=  15  P= 535  D=   1 * 5
 X= 809 X2= 808  Y= 322 Y2= 329 P1= 796 P2= 479 T1=  15 T2=  16  P= 534  D=   1 * 6
 X= 808 X2= 808  Y= 323 Y2= 329 P1= 796 P2= 479 T1=  15 T2=  16  P= 534  D=   1 * 7
 X= 809 X2= 806  Y= 322 Y2= 329 P1= 796 P2= 479 T1=  15 T2=  12  P= 533  D=   1 * 8
 X= 809 X2= 808  Y= 322 Y2= 329 P1= 796 P2= 480 T1=  17 T2=  15  P= 531  D=   1 * 9
 X= 810 X2= 808  Y= 322 Y2= 328 P1= 796 P2= 480 T1=  15 T2=  17  P= 532  D=   1 * 10
 X= 809 X2= 807  Y= 323 Y2= 330 P1= 796 P2= 480 T1=  15 T2=  15  P= 531  D=   1 * 11
 X= 809 X2= 808  Y= 323 Y2= 331 P1= 797 P2= 479 T1=  14 T2=  16  P= 535  D=   1 * 12
 X= 809 X2= 807  Y= 323 Y2= 329 P1= 796 P2= 480 T1=  15 T2=  15  P= 531  D=   1 * 13
 X= 809 X2= 804  Y= 322 Y2= 329 P1= 796 P2= 480 T1=  13 T2=  16  P= 530  D=   1 * 14
 X= 808 X2= 807  Y= 323 Y2= 329 P1= 797 P2= 481 T1=  14 T2=  15  P= 529  D=   1 * 15
 X= 809 X2= 808  Y= 323 Y2= 329 P1= 796 P2= 479 T1=  13 T2=  15  P= 534  D=   1 * 16
 X= 809 X2= 807  Y= 323 Y2= 330 P1= 797 P2= 480 T1=  16 T2=  16  P= 533  D=   1 * 17
 X= 810 X2= 808  Y= 322 Y2= 329 P1= 796 P2= 479 T1=  16 T2=  15  P= 534  D=   1 * 18
 X= 808 X2= 812  Y= 323 Y2= 330 P1= 796 P2= 479 T1=  15 T2=  15  P= 535  D=   1 * 19
 X= 809 X2= 807  Y= 323 Y2= 329 P1= 796 P2= 480 T1=  15 T2=  15  P= 531  D=   1 * 20
 X= 808 X2= 808  Y= 322 Y2= 329 P1= 796 P2= 481 T1=  16 T2=  15  P= 528  D=   1 * 21
 X= 810 X2= 807  Y= 322 Y2= 329 P1= 796 P2= 480 T1=  15 T2=  15  P= 531  D=   1 * 22
 X= 808 X2= 807  Y= 322 Y2= 329 P1= 797 P2= 480 T1=  15 T2=  15  P= 532  D=   1 * 23
 X= 809 X2= 808  Y= 322 Y2= 329 P1= 796 P2= 480 T1=  16 T2=  15  P= 531  D=   1 * 24
Remove Pin
 X= 809 X2= 809  Y= 323 Y2= 329 P1= 796 P2= 480 T1=  15 T2=  15  P= 532  D=   1 * 24
 X= 809 X2= 807  Y= 322 Y2= 329 P1= 796 P2= 480 T1=  15 T2=  15  P= 531  D=   1 * 24
 X= 809 X2= 808  Y= 322 Y2= 329 P1= 796 P2= 480 T1=  15 T2=  15  P= 531  D=   1 * 24
 X= 809 X2= 809  Y= 322 Y2= 330 P1= 797 P2= 480 T1=  17 T2=  15  P= 533  D=   1 * 24
 X= 810 X2= 807  Y= 322 Y2= 329 P1= 796 P2= 480 T1=  16 T2=  15  P= 531  D=   1 * 24
 X= 809 X2= 808  Y= 323 Y2= 329 P1= 796 P2= 480 T1=  15 T2=  15  P= 531  D=   1 * 24
 X= 809 X2= 808  Y= 322 Y2= 328 P1= 797 P2= 481 T1=  15 T2=  13  P= 530  D=   1 * 24
 X= 809 X2= 808  Y= 322 Y2= 329 P1= 796 P2= 480 T1=  15 T2=  15  P= 531  D=   1 * 24
 X= 810 X2= 808  Y= 322 Y2= 329 P1= 796 P2= 481 T1=  15 T2=  15  P= 529  D=   1 * 24
 X= 807 X2= 810  Y= 322 Y2= 333 P1= 796 P2= 480 T1=  15 T2=  15  P= 531  D=   1 * 24
 X= 808 X2= 808  Y= 324 Y2= 329 P1= 796 P2= 480 T1=  14 T2=  15  P= 531  D=   1 * 24
 X= 808 X2= 808  Y= 322 Y2= 329 P1= 798 P2= 480 T1=  15 T2=  15  P= 534  D=   1 * 24
 X= 809 X2= 808  Y= 323 Y2= 329 P1= 796 P2= 480 T1=  15 T2=  16  P= 531  D=   1 * 24
 X= 809 X2= 808  Y= 322 Y2= 330 P1= 796 P2= 480 T1=  15 T2=  16  P= 531  D=   1 * 24
 X= 809 X2= 808  Y= 322 Y2= 330 P1= 796 P2= 480 T1=  15 T2=  16  P= 531  D=   1 * 24
 X= 809 X2= 807  Y= 321 Y2= 329 P1= 796 P2= 480 T1=  14 T2=  15  P= 531  D=   1 * 24
 X= 808 X2= 808  Y= 322 Y2= 329 P1= 796 P2= 480 T1=  15 T2=  14  P= 531  D=   1 * 24
 X= 808 X2= 805  Y= 322 Y2= 328 P1= 796 P2= 481 T1=  14 T2=  15  P= 527  D=   1 * 24
 X= 809 X2= 807  Y= 323 Y2= 329 P1= 797 P2= 481 T1=  15 T2=  15  P= 530  D=   1 * 24
 X= 809 X2= 808  Y= 322 Y2= 328 P1= 795 P2= 480 T1=  15 T2=  16  P= 530  D=   1 * 24
 X= 809 X2= 808  Y= 322 Y2= 329 P1= 797 P2= 480 T1=  15 T2=  17  P= 533  D=   1 * 24
 X= 810 X2= 806  Y= 323 Y2= 330 P1= 799 P2= 472 T1=  16 T2=  16  P= 559  D=   1 * 24
 X= 852 X2=1021  Y= 982 Y2=1023 P1=1023 P2=   0 T1=1020 T2= 918  P= 559  D=   1 
 X= 933 X2=1023  Y= 977 Y2=1023 P1=1023 P2=   0 T1=1023 T2= 913  P= 559  D=   1 
 X= 836 X2=1023  Y= 967 Y2=1019 P1=1022 P2=   0 T1=1023 T2= 924  P= 559  D=   1 
target state=2 point=456,249
 X= 898 X2=1023  Y= 981 Y2=1023 P1=1023 P2=   0 T1=1019 T2= 920  P= 559  D=   1 
 X=1023 X2=1011  Y= 978 Y2=1023 P1=1022 P2=   0 T1=1020 T2= 907  P= 559  D=   1 
 X=1023 X2=1003  Y= 979 Y2=1023 P1=1023 P2=   0 T1=1023 T2= 910  P= 559  D=   1 
 X=1023 X2=1013  Y= 980 Y2=1023 P1=1021 P2=   0 T1=1020 T2= 905  P= 559  D=   1 
 X= 918 X2=1023  Y= 989 Y2=1023 P1=1023 P2=   0 T1=1023 T2= 874  P= 559  D=   1 
 X= 920 X2=1023  Y= 983 Y2=1023 P1=1023 P2=   0 T1=1023 T2= 903  P= 559  D=   1 
 X= 960 X2=1018  Y= 985 Y2=1018 P1=1023 P2=   0 T1=1015 T2= 918  P= 559  D=   1 
 X= 892 X2=1023  Y= 985 Y2=1023 P1=1023 P2=   0 T1=1018 T2= 905  P= 559  D=   1 
 X=1011 X2=1010  Y= 986 Y2=1022 P1=1022 P2=   0 T1=1023 T2= 905  P= 559  D=   1 
 X=1005 X2= 993  Y= 975 Y2=1023 P1=1023 P2=   0 T1=1023 T2= 907  P= 559  D=   1 
 X= 985 X2=1007  Y= 969 Y2=1023 P1=1023 P2=   0 T1=1018 T2= 914  P= 559  D=   1 
 X= 965 X2=1021  Y= 976 Y2=1023 P1=1023 P2=   0 T1=1019 T2= 904  P= 559  D=   1 
 X= 934 X2=1023  Y= 974 Y2=1019 P1=1022 P2=   0 T1=1020 T2= 886  P= 559  D=   1 
 X= 962 X2=1002  Y= 988 Y2=1021 P1=1023 P2=   0 T1=1020 T2= 920  P= 559  D=   1 
 X= 961 X2=1023  Y= 976 Y2=1017 P1=1023 P2=   0 T1=1023 T2= 887  P= 559  D=   1 
 X= 994 X2=1011  Y= 977 Y2=1023 P1=1023 P2=   0 T1=1023 T2= 899  P= 559  D=   1 
 X= 914 X2=1016  Y= 969 Y2=1019 P1=1023 P2=   0 T1=1023 T2= 897  P= 559  D=   1 
 X= 956 X2=1023  Y= 965 Y2=1023 P1=1023 P2=   0 T1=1023 T2= 896  P= 559  D=   1 
 X=1023 X2=1008  Y= 967 Y2=1023 P1=1023 P2=   0 T1=1019 T2= 926  P= 559  D=   1 
 X= 997 X2=1008  Y= 970 Y2=1018 P1=1023 P2=   0 T1=1023 T2= 902  P= 559  D=   1 
 X= 976 X2=1023  Y= 977 Y2=1023 P1=1023 P2=   0 T1=1023 T2= 915  P= 559  D=   1 
 X= 955 X2= 994  Y= 991 Y2=1023 P1=1023 P2=   0 T1=1019 T2= 917  P= 559  D=   1 
 X= 923 X2=1019  Y= 975 Y2=1023 P1=1023 P2=   0 T1=1023 T2= 912  P= 559  D=   1 
 X= 908 X2=1023  Y= 976 Y2=1019 P1=1023 P2=   0 T1=1019 T2= 904  P= 559  D=   1 
 X= 916 X2=1023  Y= 965 Y2=1018 P1=1023 P2=   0 T1=1023 T2= 916  P= 559  D=   1 
 X= 989 X2=1013  Y= 985 Y2=1020 P1=1023 P2=   0 T1=1023 T2= 913  P= 559  D=   1 
 X= 877 X2=1016  Y= 977 Y2=1018 P1=1023 P2=   0 T1=1020 T2= 903  P= 559  D=   1 
 X=1023 X2=1008  Y= 976 Y2=1023 P1=1023 P2=   0 T1=1019 T2= 913  P= 559  D=   1 
 X=1021 X2=1018  Y= 978 Y2=1023 P1=1023 P2=   0 T1=1023 T2= 903  P= 559  D=   1 
 X=1021 X2= 807  Y= 978 Y2=1023 P1=1023 P2=   0 T1=1023 T2= 903  P= 515  D=   1 
 X= 807 X2= 808  Y= 709 Y2=1023 P1=1023 P2=   0 T1=1023 T2= 903  P= 515  D=   1 
 X= 808 X2= 808  Y= 712 Y2= 712 P1=1023 P2=   0 T1=1023 T2= 903  P= 516  D=   1 
 X= 807 X2= 808  Y= 709 Y2= 713 P1=1023 P2=   0 T1=1023 T2= 903  P= 515  D=   1 
 X= 807 X2= 809  Y= 709 Y2= 716 P1=1023 P2=   0 T1=1023 T2= 903  P= 516  D=   1 
 X= 808 X2= 809  Y= 709 Y2= 713 P1=1023 P2=   0 T1=1023 T2= 903  P= 516  D=   1 
 X= 811 X2= 811  Y= 709 Y2= 713 P1=1023 P2=   0 T1=1023 T2= 903  P= 518  D=   1 
 X= 808 X2= 806  Y= 708 Y2= 713 P1=1023 P2=   0 T1=1023 T2= 903  P= 515  D=   1 
 X= 808 X2= 809  Y= 708 Y2= 713 P1=1023 P2=   0 T1=1023 T2= 903  P= 516  D=   1 
 X= 811 X2= 808  Y= 709 Y2= 712 P1=1023 P2=   0 T1=1023 T2= 903  P= 516  D=   1 
 X= 807 X2= 807  Y= 708 Y2= 713 P1=1023 P2=   0 T1=1023 T2= 903  P= 515  D=   1 
 X= 807 X2= 808  Y= 709 Y2= 713 P1=1023 P2=   0 T1=1023 T2=  16  P= 515  D=   1 
 X= 807 X2= 809  Y= 709 Y2= 713 P1= 906 P2= 551 T1=  13 T2=  15  P= 520  D=   1 * 0
 X= 806 X2= 808  Y= 709 Y2= 713 P1= 905 P2= 553 T1=  15 T2=  15  P= 513  D=   1 * 0
 X= 808 X2= 809  Y= 707 Y2= 713 P1= 905 P2= 552 T1=  15 T2=  15  P= 516  D=   1 * 0
 X= 808 X2= 808  Y= 709 Y2= 712 P1= 904 P2= 552 T1=  15 T2=  14  P= 514  D=   1 * 0
 X= 805 X2= 809  Y= 707 Y2= 713 P1= 905 P2= 552 T1=  14 T2=  13  P= 515  D=   1 * 1
 X= 808 X2= 808  Y= 709 Y2= 713 P1= 905 P2= 553 T1=  15 T2=  15  P= 513  D=   1 * 2
 X= 808 X2= 809  Y= 707 Y2= 713 P1= 905 P2= 552 T1=  15 T2=  15  P= 516  D=   1 * 3
 X= 810 X2= 809  Y= 708 Y2= 713 P1= 905 P2= 552 T1=  15 T2=  14  P= 516  D=   1 * 4
 X= 807 X2= 809  Y= 709 Y2= 713 P1= 905 P2= 552 T1=  14 T2=  15  P= 516  D=   1 * 5
 X= 807 X2= 808  Y= 709 Y2= 713 P1= 905 P2= 551 T1=  15 T2=  17  P= 518  D=   1 * 6
 X= 807 X2= 809  Y= 708 Y2= 713 P1= 905 P2= 552 T1=  15 T2=  15  P= 516  D=   1 * 7
 X= 807 X2= 808  Y= 709 Y2= 713 P1= 905 P2= 552 T1=  14 T2=  15  P= 515  D=   1 * 8
 X= 806 X2= 809  Y= 709 Y2= 713 P1= 904 P2= 551 T1=  15 T2=  15  P= 516  D=   1 * 9
 X= 808 X2= 808  Y= 709 Y2= 714 P1= 905 P2= 552 T1=  15 T2=  14  P= 516  D=   1 * 10
 X= 807 X2= 809  Y= 710 Y2= 715 P1= 905 P2= 552 T1=  15 T2=  15  P= 516  D=   1 * 11
 X= 808 X2= 808  Y= 709 Y2= 713 P1= 905 P2= 552 T1=  14 T2=  15  P= 516  D=   1 * 12
 X= 808 X2= 808  Y= 708 Y2= 713 P1= 906 P2= 552 T1=  14 T2=  16  P= 517  D=   1 * 13
 X= 808 X2= 809  Y= 708 Y2= 712 P1= 905 P2= 553 T1=  14 T2=  15  P= 513  D=   1 * 14
 X= 808 X2= 809  Y= 707 Y2= 712 P1= 904 P2= 554 T1=  15 T2=  14  P= 509  D=   1 * 15
 X= 808 X2= 808  Y= 709 Y2= 713 P1= 904 P2= 554 T1=  15 T2=  15  P= 509  D=   1 * 16
 X= 808 X2= 809  Y= 708 Y2= 713 P1= 905 P2= 555 T1=  15 T2=  15  P= 509  D=   1 * 17
 X= 807 X2= 808  Y= 708 Y2= 713 P1= 904 P2= 554 T1=  15 T2=  15  P= 509  D=   1 * 18
 X= 807 X2= 808  Y= 709 Y2= 713 P1= 904 P2= 554 T1=  15 T2=  16  P= 509  D=   1 * 19
 X= 807 X2= 807  Y= 709 Y2= 713 P1= 904 P2= 555 T1=  12 T2=  15  P= 506  D=   1 * 20
 X= 937 X2=1023  Y= 974 Y2=1023 P1=1023 P2=   0 T1=1020 T2= 857  P= 506  D=   1 
 X= 973 X2=1019  Y= 983 Y2=1023 P1=1023 P2=   0 T1=1019 T2= 909  P= 506  D=   1 
 X= 913 X2=1008  Y=1019 Y2=1018 P1=1023 P2=   0 T1=1019 T2=1018  P= 506  D=   1 
 X= 912 X2=1021  Y= 992 Y2=1019 P1=1023 P2=   0 T1=1023 T2= 917  P= 506  D=   1 
 X= 927 X2=1023  Y= 958 Y2=1018 P1=1023 P2=   0 T1=1023 T2= 896  P= 506  D=   1 
 X= 989 X2=1006  Y= 967 Y2=1023 P1=1023 P2=   0 T1=1023 T2= 909  P= 506  D=   1 
 X= 996 X2=1001  Y= 968 Y2=1019 P1=1022 P2=   0 T1=1023 T2= 902  P= 506  D=   1 
 X= 953 X2=1020  Y= 975 Y2=1023 P1=1022 P2=   0 T1=1023 T2= 881  P= 506  D=   1 
 X=1002 X2=1009  Y= 980 Y2=1019 P1=1023 P2=   0 T1=1023 T2= 924  P= 506  D=   1 
 X=1023 X2=1014  Y= 981 Y2=1019 P1=1023 P2=   0 T1=1020 T2= 899  P= 506  D=   1 
 X= 815 X2=1023  Y= 984 Y2=1019 P1=1023 P2=   0 T1=1023 T2= 904  P= 506  D=   1 
 X= 877 X2=1023  Y= 979 Y2=1019 P1=1023 P2=   0 T1=1023 T2= 902  P= 506  D=   1 
 X= 831 X2=1023  Y= 981 Y2=1019 P1=1023 P2=   0 T1=1020 T2= 897  P= 506  D=   1 
 X= 863 X2=1023  Y= 983 Y2=1023 P1=1023 P2=   0 T1=1019 T2= 925  P= 506  D=   1 
 X= 863 X2=1023  Y= 983 Y2=1023 P1=1023 P2=   0 T1=1019 T2= 925  P= 506  D=   1 
 X= 807 X2= 805  Y= 709 Y2=1023 P1=1023 P2=   0 T1=1019 T2=  15  P= 523  D=   1 
 X= 806 X2= 807  Y= 709 Y2= 714 P1=1023 P2= 546 T1=1019 T2=  15  P= 531  D=   1 
 X= 806 X2= 806  Y= 710 Y2= 713 P1=1023 P2= 541 T1=  16 T2=  15  P= 543  D=   1 * 21
 X= 806 X2= 807  Y= 710 Y2= 713 P1= 907 P2= 544 T1=  14 T2=  15  P= 537  D=   1 * 22
 X= 807 X2= 812  Y= 707 Y2= 713 P1= 907 P2= 544 T1=  16 T2=  17  P= 539  D=   1 * 23
 X= 808 X2= 810  Y= 708 Y2= 712 P1= 907 P2= 546 T1=  16 T2=  15  P= 534  D=   1 * 24
Remove Pin
 X= 807 X2= 810  Y= 707 Y2= 711 P1= 906 P2= 544 T1=  15 T2=  15  P= 537  D=   1 * 24
 X= 808 X2= 810  Y= 707 Y2= 712 P1= 906 P2= 546 T1=  15 T2=  17  P= 533  D=   1 * 24
 X= 807 X2= 809  Y= 707 Y2= 712 P1= 906 P2= 546 T1=  16 T2=  16  P= 532  D=   1 * 24
 X= 809 X2= 810  Y= 708 Y2= 712 P1= 906 P2= 545 T1=  14 T2=  16  P= 535  D=   1 * 24
 X= 808 X2= 809  Y= 707 Y2= 712 P1= 905 P2= 547 T1=  16 T2=  15  P= 528  D=   1 * 24
 X= 809 X2= 809  Y= 708 Y2= 713 P1= 906 P2= 547 T1=  15 T2=  15  P= 530  D=   1 * 24
 X= 809 X2= 809  Y= 707 Y2= 712 P1= 906 P2= 547 T1=  15 T2=  15  P= 530  D=   1 * 24
 X= 808 X2= 809  Y= 708 Y2= 711 P1= 907 P2= 543 T1=  16 T2=  15  P= 541  D=   1 * 24
 X= 807 X2= 805  Y= 708 Y2= 709 P1= 907 P2= 542 T1=  15 T2=  16  P= 542  D=   1 * 24
 X= 807 X2= 808  Y= 709 Y2= 713 P1= 906 P2= 542 T1=  16 T2=  16  P= 541  D=   1 * 24
 X= 807 X2= 807  Y= 709 Y2= 713 P1= 907 P2= 544 T1=  16 T2=  15  P= 538  D=   1 * 24
 X= 807 X2= 807  Y= 708 Y2= 713 P1= 906 P2= 543 T1=  15 T2=  15  P= 539  D=   1 * 24
 X= 807 X2= 807  Y= 709 Y2= 714 P1= 906 P2= 543 T1=  15 T2=  15  P= 539  D=   1 * 24
 X= 806 X2= 808  Y= 709 Y2= 713 P1= 906 P2= 544 T1=  16 T2=  15  P= 536  D=   1 * 24
 X= 807 X2= 808  Y= 709 Y2= 713 P1= 906 P2= 545 T1=  12 T2=  15  P= 534  D=   1 * 24
 X= 805 X2= 808  Y= 709 Y2= 713 P1= 906 P2= 547 T1=  15 T2=  16  P= 528  D=   1 * 24
 X= 806 X2= 810  Y= 709 Y2= 713 P1= 907 P2= 543 T1=  16 T2=  17  P= 541  D=   1 * 24
 X= 806 X2= 807  Y= 707 Y2= 713 P1= 906 P2= 545 T1=  16 T2=  17  P= 533  D=   1 * 24
 X= 805 X2= 807  Y= 709 Y2= 713 P1= 905 P2= 548 T1=  15 T2=  15  P= 524  D=   1 * 24
 X= 809 X2= 808  Y= 709 Y2= 714 P1= 906 P2= 544 T1=  16 T2=  15  P= 537  D=   1 * 24
 X= 808 X2= 809  Y= 709 Y2= 713 P1= 907 P2= 540 T1=  15 T2=  15  P= 548  D=   1 * 24
 X= 810 X2= 809  Y= 708 Y2= 712 P1= 906 P2= 545 T1=  15 T2=  15  P= 535  D=   1 * 24
 X= 810 X2= 809  Y= 708 Y2= 712 P1= 906 P2= 545 T1=  15 T2=  15  P= 535  D=   1 * 24
 X= 808 X2= 809  Y= 708 Y2= 712 P1= 906 P2= 545 T1=  15 T2=  15  P= 535  D=   1 * 24
 X= 808 X2= 810  Y= 708 Y2= 712 P1= 906 P2= 545 T1=  15 T2=  15  P= 525  D=   1 * 24
 X= 808 X2= 809  Y= 706 Y2= 712 P1= 905 P2= 545 T1=  14 T2=  18  P= 523  D=   1 * 24
 X= 808 X2= 808  Y= 708 Y2= 711 P1= 905 P2= 545 T1=  15 T2=  15  P= 523  D=   1 * 24
 X= 808 X2= 810  Y= 708 Y2= 712 P1= 905 P2= 545 T1=  15 T2=  15  P= 524  D=   1 * 24
 X= 808 X2= 809  Y= 708 Y2= 712 P1= 904 P2= 545 T1=  15 T2=  15  P= 521  D=   1 * 24
 X= 808 X2= 808  Y= 704 Y2= 712 P1= 904 P2= 545 T1=  15 T2=  15  P= 521  D=   1 * 24
 X= 809 X2= 808  Y= 707 Y2= 711 P1= 905 P2= 545 T1=  14 T2=  14  P= 523  D=   1 * 24
 X= 809 X2= 809  Y= 708 Y2= 712 P1= 905 P2= 545 T1=  15 T2=  15  P= 524  D=   1 * 24
 X= 807 X2= 809  Y= 707 Y2= 712 P1= 905 P2= 545 T1=  17 T2=  15  P= 523  D=   1 * 24
 X= 808 X2= 809  Y= 708 Y2= 712 P1= 905 P2= 545 T1=  15 T2=  15  P= 523  D=   1 * 24
 X= 808 X2= 808  Y= 707 Y2= 713 P1= 905 P2= 545 T1=  15 T2=  15  P= 523  D=   1 * 24
 X= 808 X2= 805  Y= 707 Y2= 711 P1= 905 P2= 550 T1=  15 T2=  15  P= 519  D=   1 * 24
 X= 808 X2= 808  Y= 707 Y2= 712 P1= 905 P2= 550 T1=  14 T2=  15  P= 521  D=   1 * 24
 X= 808 X2= 809  Y= 708 Y2= 712 P1= 905 P2= 549 T1=  16 T2=  15  P= 523  D=   1 * 24
 X= 808 X2= 808  Y= 708 Y2= 711 P1= 905 P2= 549 T1=  15 T2=  15  P= 523  D=   1 * 24
 X= 808 X2= 809  Y= 709 Y2= 711 P1= 905 P2= 549 T1=  16 T2=  15  P= 523  D=   1 * 24
 X= 808 X2= 808  Y= 708 Y2= 710 P1= 905 P2= 549 T1=  15 T2=  16  P= 523  D=   1 * 24
 X= 810 X2= 809  Y= 707 Y2= 712 P1= 905 P2= 550 T1=  15 T2=  15  P= 521  D=   1 * 24
 X= 808 X2= 809  Y= 708 Y2= 712 P1= 905 P2= 550 T1=  14 T2=  16  P= 521  D=   1 * 24
 X= 809 X2= 810  Y= 708 Y2= 713 P1= 905 P2= 549 T1=  15 T2=  15  P= 524  D=   1 * 24
 X= 809 X2= 809  Y= 707 Y2= 712 P1= 905 P2= 549 T1=  16 T2=  17  P= 524  D=   1 * 24
 X= 807 X2= 809  Y= 707 Y2= 711 P1= 906 P2= 550 T1=  15 T2=  14  P= 522  D=   1 * 24
 X= 809 X2= 809  Y= 707 Y2= 711 P1= 905 P2= 550 T1=  15 T2=  16  P= 521  D=   1 * 24
 X= 807 X2= 809  Y= 707 Y2= 711 P1= 904 P2= 552 T1=  15 T2=  15  P= 514  D=   1 * 24
 X= 808 X2= 809  Y= 708 Y2= 713 P1= 905 P2= 550 T1=  15 T2=  15  P= 521  D=   1 * 24
 X= 810 X2= 810  Y= 708 Y2= 712 P1= 905 P2= 552 T1=  15 T2=  15  P= 517  D=   1 * 24
 X=1009 X2=1022  Y= 973 Y2=1019 P1=1022 P2=   0 T1=1021 T2= 949  P= 517  D=   1 
 X= 878 X2=1023  Y= 977 Y2=1018 P1=1023 P2=   0 T1=1023 T2= 912  P= 517  D=   1 
 X= 907 X2=1022  Y= 967 Y2=1023 P1=1023 P2=   0 T1=1018 T2= 904  P= 517  D=   1 
target state=3 point=23,249
 X= 999 X2=1012  Y= 983 Y2=1018 P1=1023 P2=   0 T1=1019 T2= 918  P= 517  D=   1 
 X=1019 X2= 994  Y= 979 Y2=1023 P1=1022 P2=   0 T1=1019 T2= 903  P= 517  D=   1 
 X= 998 X2=1001  Y= 969 Y2=1023 P1=1023 P2=   0 T1=1019 T2= 876  P= 517  D=   1 
 X= 925 X2=1023  Y= 971 Y2=1023 P1=1022 P2=   0 T1=1020 T2= 907  P= 517  D=   1 
 X= 951 X2= 996  Y= 971 Y2=1023 P1=1023 P2=   0 T1=1020 T2= 891  P= 517  D=   1 
 X= 958 X2=1023  Y= 974 Y2=1021 P1=1023 P2=   0 T1=1023 T2= 895  P= 517  D=   1 
 X= 909 X2=1023  Y= 982 Y2=1018 P1=1023 P2=   0 T1=1023 T2= 918  P= 517  D=   1 
 X=1001 X2= 990  Y= 975 Y2=1023 P1=1023 P2=   0 T1=1019 T2= 903  P= 517  D=   1 
 X= 959 X2=1012  Y= 974 Y2=1018 P1=1023 P2=   0 T1=1017 T2= 915  P= 517  D=   1 
 X= 865 X2=1018  Y= 973 Y2=1018 P1=1022 P2=   0 T1=1023 T2= 906  P= 517  D=   1 
 X= 957 X2=1020  Y= 969 Y2=1023 P1=1023 P2=   0 T1=1020 T2= 904  P= 517  D=   1 
 X= 953 X2=1023  Y= 987 Y2=1017 P1=1023 P2=   0 T1=1023 T2= 915  P= 517  D=   1 
 X= 892 X2=1023  Y= 971 Y2=1023 P1=1023 P2=   0 T1=1019 T2= 922  P= 517  D=   1 
 X= 952 X2=1006  Y= 987 Y2=1021 P1=1023 P2=   0 T1=1023 T2= 896  P= 517  D=   1 
 X= 953 X2=1023  Y= 982 Y2=1018 P1=1023 P2=   0 T1=1023 T2= 916  P= 517  D=   1 
 X= 798 X2=1023  Y= 969 Y2=1019 P1=1023 P2=   0 T1=1020 T2= 911  P= 517  D=   1 
 X= 873 X2=1022  Y= 981 Y2=1018 P1=1023 P2=   0 T1=1018 T2= 910  P= 517  D=   1 
 X=1013 X2=1014  Y= 985 Y2=1023 P1=1022 P2=   0 T1=1023 T2= 884  P= 517  D=   1 
 X= 882 X2=1014  Y= 977 Y2=1022 P1=1023 P2=   0 T1=1021 T2= 906  P= 517  D=   1 
 X= 946 X2=1022  Y= 974 Y2=1018 P1=1023 P2=   0 T1=1023 T2= 905  P= 517  D=   1 
 X= 917 X2=1022  Y=1019 Y2=1019 P1=1023 P2=   0 T1=1018 T2=1021  P= 517  D=   1 
 X= 954 X2= 993  Y= 986 Y2=1019 P1=1023 P2=   0 T1=1020 T2= 918  P= 517  D=   1 
 X= 953 X2=1022  Y= 970 Y2=1023 P1=1023 P2=   1 T1=1023 T2= 900  P= 517  D=   1 
 X= 952 X2= 986  Y= 968 Y2=1021 P1=1023 P2=   0 T1=1019 T2= 909  P= 517  D=   1 
 X= 880 X2=1023  Y= 980 Y2=1023 P1=1023 P2=   0 T1=1023 T2= 924  P= 517  D=   1 
 X= 839 X2=1023  Y= 980 Y2=1023 P1=1023 P2=   0 T1=1023 T2= 905  P= 517  D=   1 
 X=1007 X2= 994  Y= 970 Y2=1023 P1=1022 P2=   0 T1=1023 T2= 912  P= 517  D=   1 
 X= 966 X2=1023  Y= 987 Y2=1023 P1=1023 P2=   0 T1=1022 T2= 894  P= 517  D=   1 
 X= 925 X2=1023  Y= 982 Y2=1023 P1=1023 P2=   0 T1=1018 T2= 922  P= 517  D=   1 
 X= 949 X2=1023  Y= 980 Y2=1023 P1=1023 P2=   0 T1=1023 T2= 913  P= 517  D=   1 
 X= 978 X2=1021  Y= 974 Y2=1019 P1=1023 P2=   0 T1=1022 T2= 885  P= 517  D=   1 
 X= 920 X2=1023  Y= 977 Y2=1023 P1=1023 P2=   0 T1=1019 T2= 902  P= 517  D=   1 
 X= 941 X2=1022  Y= 993 Y2=1019 P1=1023 P2=   0 T1=1023 T2= 898  P= 517  D=   1 
 X= 922 X2=1016  Y= 977 Y2=1023 P1=1023 P2=   0 T1=1017 T2= 902  P= 517  D=   1 
 X= 927 X2=1023  Y= 981 Y2=1023 P1=1023 P2=   0 T1=1020 T2= 893  P= 517  D=   1 
 X=1023 X2= 996  Y= 977 Y2=1018 P1=1023 P2=   0 T1=1021 T2= 913  P= 517  D=   1 
 X= 951 X2=1023  Y= 982 Y2=1018 P1=1023 P2=   0 T1=1023 T2= 942  P= 517  D=   1 
 X= 959 X2=1020  Y= 984 Y2=1018 P1=1023 P2=   0 T1=1022 T2= 908  P= 517  D=   1 
 X= 999 X2=1007  Y= 972 Y2=1019 P1=1023 P2=   0 T1=1019 T2= 913  P= 517  D=   1 
 X=1023 X2=1002  Y= 977 Y2=1023 P1=1023 P2=   0 T1=1023 T2= 931  P= 517  D=   1 
 X= 845 X2=1023  Y= 973 Y2=1023 P1=1023 P2=   0 T1=1023 T2= 919  P= 517  D=   1 
 X= 966 X2=1023  Y= 975 Y2=1018 P1=1022 P2=   0 T1=1023 T2= 917  P= 517  D=   1 
 X= 988 X2=1013  Y= 975 Y2=1018 P1=1023 P2=   0 T1=1023 T2= 912  P= 517  D=   1 
 X= 863 X2=1017  Y= 988 Y2=1017 P1=1023 P2=   0 T1=1020 T2= 887  P= 517  D=   1 
 X= 952 X2= 996  Y= 975 Y2=1023 P1=1022 P2=   0 T1=1022 T2= 893  P= 517  D=   1 
 X=1023 X2=1013  Y= 970 Y2=1023 P1=1023 P2=   0 T1=1023 T2= 903  P= 517  D=   1 
 X=1003 X2= 997  Y= 971 Y2=1018 P1=1022 P2=   0 T1=1019 T2= 902  P= 517  D=   1 
 X= 928 X2=1023  Y= 987 Y2=1023 P1=1023 P2=   1 T1=1020 T2= 907  P= 517  D=   1 
 X=1023 X2=1007  Y= 964 Y2=1023 P1=1023 P2=   0 T1=1023 T2= 907  P= 517  D=   1 
 X= 846 X2=1023  Y= 978 Y2=1018 P1=1023 P2=   0 T1=1019 T2= 904  P= 517  D=   1 
 X= 860 X2=1023  Y= 979 Y2=1023 P1=1023 P2=   0 T1=1022 T2= 899  P= 517  D=   1 
 X= 984 X2=1002  Y= 964 Y2=1018 P1=1023 P2=   0 T1=1023 T2= 902  P= 517  D=   1 
 X= 985 X2=1012  Y= 976 Y2=1023 P1=1023 P2=   0 T1=1023 T2= 884  P= 517  D=   1 
 X= 913 X2=1021  Y= 969 Y2=1023 P1=1023 P2=   0 T1=1022 T2= 891  P= 517  D=   1 
 X=1023 X2=1002  Y= 986 Y2=1023 P1=1023 P2=   0 T1=1023 T2= 914  P= 517  D=   1 
 X= 980 X2=1010  Y= 975 Y2=1023 P1=1022 P2=   0 T1=1019 T2= 889  P= 517  D=   1 
 X= 973 X2=1021  Y= 986 Y2=1018 P1=1023 P2=   0 T1=1019 T2= 938  P= 517  D=   1 
 X=1023 X2= 987  Y= 971 Y2=1023 P1=1023 P2=   0 T1=1023 T2= 904  P= 517  D=   1 
 X= 858 X2=1023  Y= 978 Y2=1023 P1=1023 P2=   1 T1=1018 T2= 909  P= 517  D=   1 
 X= 897 X2=1023  Y= 969 Y2=1018 P1=1023 P2=   0 T1=1023 T2= 909  P= 517  D=   1 
 X= 829 X2=1023  Y= 961 Y2=1023 P1=1023 P2=   0 T1=1018 T2= 917  P= 517  D=   1 
 X= 956 X2=1021  Y= 979 Y2=1018 P1= 851 P2= 243 T1=1018 T2=  23  P= 517  D=   1 
 X= 817 X2=1023  Y= 971 Y2=1023 P1=1023 P2=   0 T1=1023 T2= 911  P= 517  D=   1 
 X= 961 X2=1023  Y= 967 Y2=1023 P1=1023 P2=   0 T1=  26 T2= 891  P= 517  D=   1 * 0
 X=1017 X2=1012  Y= 975 Y2=1018 P1=1023 P2=   0 T1=1023 T2= 884  P= 517  D=   1 
 X= 310 X2= 300  Y= 739 Y2= 734 P1= 956 P2= 109 T1=  29 T2=  45  P= 517  D=   1 * 0
 X= 236 X2= 239  Y= 705 Y2= 700 P1= 838 P2= 229 T1=  26 T2=  24  P= 630  D=   1 * 0
 X= 236 X2= 238  Y= 704 Y2= 700 P1= 837 P2= 230 T1=  23 T2=  22  P= 625  D=   1 * 0
 X= 236 X2= 239  Y= 704 Y2= 700 P1= 836 P2= 232 T1=  24 T2=  23  P= 616  D=   1 * 1
 X= 236 X2= 239  Y= 704 Y2= 699 P1= 832 P2= 232 T1=  23 T2=  23  P= 612  D=   1 * 2
 X= 236 X2= 238  Y= 704 Y2= 700 P1= 835 P2= 232 T1=  24 T2=  23  P= 615  D=   1 * 3
 X= 236 X2= 238  Y= 704 Y2= 701 P1= 835 P2= 233 T1=  23 T2=  23  P= 612  D=   1 * 4
 X= 236 X2= 239  Y= 705 Y2= 700 P1= 835 P2= 233 T1=  23 T2=  23  P= 612  D=   1 * 5
 X= 236 X2= 239  Y= 705 Y2= 701 P1= 835 P2= 234 T1=  22 T2=  23  P= 608  D=   1 * 6
 X= 236 X2= 238  Y= 704 Y2= 700 P1= 834 P2= 234 T1=  23 T2=  24  P= 607  D=   1 * 7
 X= 235 X2= 239  Y= 705 Y2= 700 P1= 835 P2= 235 T1=  22 T2=  23  P= 605  D=   1 * 8
 X= 237 X2= 238  Y= 704 Y2= 700 P1= 834 P2= 235 T1=  21 T2=  24  P= 603  D=   1 * 9
 X= 236 X2= 239  Y= 705 Y2= 700 P1= 834 P2= 235 T1=  22 T2=  22  P= 603  D=   1 * 10
 X= 233 X2= 239  Y= 705 Y2= 700 P1= 835 P2= 235 T1=  23 T2=  26  P= 602  D=   1 * 11
 X= 236 X2= 238  Y= 704 Y2= 700 P1= 834 P2= 235 T1=  23 T2=  23  P= 603  D=   1 * 12
 X= 236 X2= 239  Y= 705 Y2= 701 P1= 834 P2= 235 T1=  23 T2=  23  P= 603  D=   1 * 13
 X= 235 X2= 238  Y= 704 Y2= 701 P1= 833 P2= 235 T1=  23 T2=  23  P= 600  D=   1 * 14
 X= 235 X2= 238  Y= 705 Y2= 700 P1= 834 P2= 235 T1=  23 T2=  25  P= 601  D=   1 * 15
 X= 236 X2= 238  Y= 703 Y2= 701 P1= 833 P2= 234 T1=  23 T2=  27  P= 606  D=   1 * 16
 X= 236 X2= 237  Y= 705 Y2= 700 P1= 834 P2= 235 T1=  23 T2=  22  P= 601  D=   1 * 17
 X= 236 X2= 238  Y= 704 Y2= 699 P1= 834 P2= 235 T1=  23 T2=  23  P= 603  D=   1 * 18
 X= 235 X2= 238  Y= 705 Y2= 701 P1= 834 P2= 235 T1=  23 T2=  23  P= 601  D=   1 * 19
 X= 236 X2= 238  Y= 704 Y2= 701 P1= 833 P2= 235 T1=  22 T2=  23  P= 602  D=   1 * 20
 X= 236 X2= 239  Y= 704 Y2= 700 P1= 833 P2= 235 T1=  23 T2=  23  P= 602  D=   1 * 21
 X= 236 X2= 240  Y= 704 Y2= 699 P1= 834 P2= 235 T1=  23 T2=  23  P= 606  D=   1 * 22
 X= 236 X2= 240  Y= 704 Y2= 700 P1= 833 P2= 235 T1=  21 T2=  23  P= 605  D=   1 * 23
 X= 236 X2= 239  Y= 705 Y2= 700 P1= 833 P2= 235 T1=  23 T2=  22  P= 602  D=   1 * 24
Remove Pin
 X= 237 X2= 238  Y= 704 Y2= 701 P1= 834 P2= 235 T1=  23 T2=  22  P= 603  D=   1 * 24
 X= 236 X2= 238  Y= 704 Y2= 700 P1= 834 P2= 235 T1=  25 T2=  23  P= 603  D=   1 * 24
 X= 236 X2= 238  Y= 707 Y2= 700 P1= 834 P2= 235 T1=  23 T2=  22  P= 603  D=   1 * 24
 X= 235 X2= 238  Y= 705 Y2= 701 P1= 834 P2= 235 T1=  24 T2=  21  P= 601  D=   1 * 24
 X= 236 X2= 239  Y= 704 Y2= 700 P1= 834 P2= 235 T1=  23 T2=  23  P= 603  D=   1 * 24
 X= 236 X2= 238  Y= 705 Y2= 701 P1= 834 P2= 235 T1=  22 T2=  23  P= 603  D=   1 * 24
 X= 236 X2= 238  Y= 704 Y2= 700 P1= 833 P2= 236 T1=  23 T2=  23  P= 599  D=   1 * 24
 X= 237 X2= 238  Y= 704 Y2= 700 P1= 833 P2= 235 T1=  23 T2=  23  P= 602  D=   1 * 24
 X= 236 X2= 239  Y= 704 Y2= 700 P1= 833 P2= 235 T1=  24 T2=  23  P= 602  D=   1 * 24
 X= 237 X2= 238  Y= 705 Y2= 700 P1= 833 P2= 236 T1=  21 T2=  23  P= 599  D=   1 * 24
 X= 236 X2= 238  Y= 704 Y2= 700 P1= 833 P2= 235 T1=  23 T2=  22  P= 602  D=   1 * 24
 X= 236 X2= 239  Y= 704 Y2= 700 P1= 835 P2= 236 T1=  23 T2=  21  P= 601  D=   1 * 24
 X= 237 X2= 238  Y= 705 Y2= 701 P1= 833 P2= 235 T1=  24 T2=  23  P= 602  D=   1 * 24
 X= 236 X2= 238  Y= 702 Y2= 700 P1= 833 P2= 236 T1=  22 T2=  22  P= 599  D=   1 * 24
 X= 236 X2= 238  Y= 705 Y2= 698 P1= 833 P2= 235 T1=  23 T2=  23  P= 602  D=   1 * 24
 X= 237 X2= 238  Y= 705 Y2= 700 P1= 833 P2= 235 T1=  24 T2=  23  P= 602  D=   1 * 24
 X= 236 X2= 238  Y= 704 Y2= 700 P1= 833 P2= 236 T1=  23 T2=  23  P= 599  D=   1 * 24
 X= 236 X2= 238  Y= 704 Y2= 701 P1= 833 P2= 235 T1=  23 T2=  23  P= 602  D=   1 * 24
 X= 234 X2= 237  Y= 705 Y2= 701 P1= 833 P2= 236 T1=  23 T2=  22  P= 594  D=   1 * 24
 X= 236 X2= 238  Y= 704 Y2= 700 P1= 833 P2= 235 T1=  26 T2=  23  P= 602  D=   1 * 24
 X= 235 X2= 238  Y= 704 Y2= 700 P1= 833 P2= 235 T1=  22 T2=  23  P= 600  D=   1 * 24
 X= 236 X2= 238  Y= 705 Y2= 700 P1= 833 P2= 236 T1=  23 T2=  23  P= 599  D=   1 * 24
 X= 236 X2= 241  Y= 704 Y2= 701 P1= 833 P2= 236 T1=  23 T2=  22  P= 601  D=   1 * 24
 X= 235 X2= 241  Y= 704 Y2= 701 P1= 833 P2= 235 T1=  23 T2=  23  P= 605  D=   1 * 24
 X= 236 X2= 239  Y= 705 Y2= 700 P1= 833 P2= 235 T1=  23 T2=  23  P= 602  D=   1 * 24
 X= 236 X2= 237  Y= 704 Y2= 700 P1= 833 P2= 236 T1=  23 T2=  21  P= 596  D=   1 * 24
 X= 236 X2= 238  Y= 704 Y2= 700 P1= 833 P2= 236 T1=  23 T2=  23  P= 599  D=   1 * 24
 X= 236 X2= 238  Y= 704 Y2= 701 P1= 833 P2= 235 T1=  23 T2=  23  P= 602  D=   1 * 24
 X= 235 X2= 238  Y= 705 Y2= 700 P1= 832 P2= 235 T1=  25 T2=  23  P= 599  D=   1 * 24
 X= 236 X2= 239  Y= 704 Y2= 700 P1= 832 P2= 236 T1=  23 T2=  23  P= 598  D=   1 * 24
 X= 236 X2= 238  Y= 704 Y2= 700 P1= 834 P2= 236 T1=  23 T2=  23  P= 600  D=   1 * 24
 X= 236 X2= 237  Y= 704 Y2= 700 P1= 833 P2= 236 T1=  23 T2=  19  P= 596  D=   1 * 24
 X= 236 X2= 238  Y= 704 Y2= 700 P1= 833 P2= 236 T1=  23 T2=  25  P= 599  D=   1 * 24
 X= 236 X2= 239  Y= 704 Y2= 701 P1= 835 P2= 235 T1=  23 T2=  23  P= 605  D=   1 * 24
 X= 236 X2= 239  Y= 705 Y2= 699 P1= 835 P2= 234 T1=  23 T2=  24  P= 608  D=   1 * 24
 X= 236 X2= 238  Y= 705 Y2= 700 P1= 834 P2= 234 T1=  23 T2=  23  P= 607  D=   1 * 24
 X= 237 X2= 239  Y= 705 Y2= 700 P1= 836 P2= 234 T1=  23 T2=  23  P= 612  D=   1 * 24
 X= 237 X2= 241  Y= 705 Y2= 700 P1= 835 P2= 233 T1=  23 T2=  24  P= 617  D=   1 * 24
 X= 237 X2= 239  Y= 707 Y2= 700 P1= 834 P2= 235 T1=  23 T2=  23  P= 606  D=   1 * 24
 X= 237 X2= 239  Y= 704 Y2= 700 P1= 834 P2= 235 T1=  23 T2=  23  P= 606  D=   1 * 24
 X= 239 X2= 239  Y= 704 Y2= 699 P1= 833 P2= 237 T1=  24 T2=  22  P= 600  D=   1 * 24
 X= 237 X2= 239  Y= 704 Y2= 699 P1= 833 P2= 236 T1=  23 T2=  23  P= 601  D=   1 * 24
 X= 237 X2= 241  Y= 704 Y2= 699 P1= 834 P2= 234 T1=  23 T2=  23  P= 612  D=   1 * 24
 X= 246 X2= 250  Y= 711 Y2= 707 P1= 907 P2= 144 T1=  31 T2=  37  P= 612  D=   1 
 X= 873 X2=1016  Y= 978 Y2=1019 P1=1023 P2=   0 T1=1019 T2= 917  P= 612  D=   1 
 X= 919 X2= 997  Y= 972 Y2=1023 P1=1023 P2=   0 T1=1019 T2= 907  P= 612  D=   1 
 X= 887 X2=1023  Y= 971 Y2=1023 P1=1023 P2=   0 T1=1023 T2= 922  P= 612  D=   1 
Target Noise  x= 2.50 y= 2.50
X[0]: Target= 23   237/ 239/ 239 Stdev= 0.63 N= 24  Y[0]: Target= 22   322/ 322/ 323 Stdev= 0.37 N= 24
X[1]: Target=456   806/ 808/ 811 Stdev= 0.95 N= 24  Y[1]: Target= 22   325/ 326/ 327 Stdev= 0.54 N= 24
X[2]: Target=456   806/ 808/ 809 Stdev= 0.74 N= 24  Y[2]: Target=249   709/ 711/ 712 Stdev= 0.63 N= 24
X[3]: Target= 23   236/ 237/ 238 Stdev= 0.51 N= 24  Y[3]: Target=249   701/ 702/ 703 Stdev= 0.49 N= 24
N=24 Avg=22
min: 21 22 22 22 22 22 
max: 23 23 23 23 23 23 
N=24 Avg=14
min: 13 14 14 14 14 15 
max: 16 16 16 16 15 15 
N=24 Avg=14
min: 13 13 14 14 14 14 
max: 16 16 15 15 15 15 
N=24 Avg=22
min: 22 22 22 22 22 22 
max: 25 24 24 23 23 23 
Using TNT center offset = 19
TNT Plane Coef: a= -918 b=   -3 c= 481779
At  238, 322: Real=  23 Fit=  23 Offset=   4
At  808, 325: Real=  15 Fit=  16 Offset=  -3
At  807, 710: Real=  15 Fit=  16 Offset=  -3
At  236, 702: Real=  23 Fit=  23 Offset=   4
Fit Corners: 26, 13, 13, 26  Center: 19
Setting for min_tnt_up:   521
Setting for max_tnt_down: 24 (V2:36)
Entering calib_pressure_mfg
Using default pressure curve
468 471 487 495 509 524 553 575 612 
Summary:
Setting for max_tnt_down:      24
3.7 setting for max_tnt_down:     -1
Setting for min_tnt_up:       521
Setting for max_delta_tnt:      5
3.8 setting for max_delta_tnt:     -1
Setting for delay_in_us:        1
Setting for y_delay_in_us:      1
Setting for tnt_delay_in_us:    1
Setting for pressure_curve:  468 471 487 495 509 524 553 575 612
Setting for tnt_mode:           1
Setting for averaging:         -1
Setting for pointercal:      49782 262 -10425391 -206 39148 -11114842 65536
Setting for tnt_plane:       -918 -3 481779
