new-calib: New touch screen calibration program v3.13
Serial Number='15091E00010B060201C4'
Using tnt_mode=1
Setting for delay_in_us:        1
Setting for y_delay_in_us:      1
Setting for tnt_delay_in_us:    1
Setting for max_delta_tnt:      5
Setting for tnt_mode:           1
Setting for averaging:         -1
Entering get_four_points
target_noise  x= 2.50 y= 2.50 t= 2.50
target state=0 point=23,22
 X= 870 X2=1020  Y= 953 Y2=1023 P1=  -1 P2=  -1 T1=1023 T2= 877  P=  -1  D=  -1 
 X= 961 X2=1023  Y= 984 Y2=1019 P1=  -1 P2=  -1 T1=1019 T2= 913  P=  -1  D=  -1 
 X=1023 X2= 988  Y= 984 Y2=1021 P1=  -1 P2=  -1 T1=1023 T2= 934  P=  -1  D=  -1 
 X= 963 X2=1023  Y= 965 Y2=1020 P1=  -1 P2=  -1 T1=1023 T2= 909  P=  -1  D=  -1 
 X= 936 X2=1022  Y= 964 Y2=1019 P1=  -1 P2=  -1 T1=1023 T2= 899  P=  -1  D=  -1 
 X= 964 X2= 986  Y= 993 Y2=1023 P1=  -1 P2=  -1 T1=1023 T2= 885  P=  -1  D=  -1 
 X= 962 X2= 994  Y= 977 Y2=1022 P1=  -1 P2=  -1 T1=1023 T2= 920  P=  -1  D=  -1 
 X=1023 X2=1011  Y= 969 Y2=1023 P1=  -1 P2=  -1 T1=1023 T2= 903  P=  -1  D=  -1 
 X= 807 X2=1023  Y= 975 Y2=1020 P1=  -1 P2=  -1 T1=1020 T2= 918  P=  -1  D=  -1 
 X= 902 X2=1023  Y= 976 Y2=1019 P1=  -1 P2=  -1 T1=1023 T2= 905  P=  -1  D=  -1 
 X= 832 X2=1023  Y= 983 Y2=1021 P1=  -1 P2=  -1 T1=1021 T2= 912  P=  -1  D=  -1 
 X= 961 X2=1023  Y= 976 Y2=1023 P1=  -1 P2=  -1 T1=1020 T2= 910  P=  -1  D=  -1 
 X=1023 X2=1001  Y= 977 Y2=1017 P1=  -1 P2=  -1 T1=1021 T2= 929  P=  -1  D=  -1 
 X= 998 X2=1000  Y= 959 Y2=1020 P1=  -1 P2=  -1 T1=1021 T2= 914  P=  -1  D=  -1 
 X= 957 X2=1012  Y= 981 Y2=1023 P1=  -1 P2=  -1 T1=1019 T2= 893  P=  -1  D=  -1 
 X= 957 X2=1020  Y= 986 Y2=1020 P1=  -1 P2=  -1 T1=1021 T2= 892  P=  -1  D=  -1 
 X=1023 X2=1005  Y= 974 Y2=1023 P1=  -1 P2=  -1 T1=1023 T2= 886  P=  -1  D=  -1 
 X=1018 X2=1005  Y=1018 Y2=1023 P1=  -1 P2=  -1 T1=1017 T2=1011  P=  -1  D=  -1 
 X= 998 X2=1018  Y= 964 Y2=1023 P1=  -1 P2=  -1 T1=1019 T2= 915  P=  -1  D=  -1 
 X= 904 X2=1017  Y= 974 Y2=1021 P1=  -1 P2=  -1 T1=1020 T2= 908  P=  -1  D=  -1 
 X= 821 X2=1023  Y= 979 Y2=1023 P1=  -1 P2=  -1 T1=1023 T2= 913  P=  -1  D=  -1 
 X= 807 X2=1023  Y= 979 Y2=1020 P1=  -1 P2=  -1 T1=1023 T2= 863  P=  -1  D=  -1 
 X= 855 X2=1023  Y= 981 Y2=1019 P1=  -1 P2=  -1 T1=1023 T2= 882  P=  -1  D=  -1 
 X= 966 X2=1013  Y= 968 Y2=1022 P1=  -1 P2=  -1 T1=1022 T2= 907  P=  -1  D=  -1 
 X= 964 X2=1005  Y= 972 Y2=1023 P1=  -1 P2=  -1 T1=1023 T2= 888  P=  -1  D=  -1 
 X= 936 X2=1000  Y= 979 Y2=1019 P1=  -1 P2=  -1 T1=1023 T2= 854  P=  -1  D=  -1 
 X= 907 X2=1023  Y= 980 Y2=1021 P1=  -1 P2=  -1 T1=1023 T2= 904  P=  -1  D=  -1 
 X= 901 X2=1023  Y= 979 Y2=1023 P1=  -1 P2=  -1 T1=1023 T2= 902  P=  -1  D=  -1 
 X= 915 X2=1023  Y= 978 Y2=1023 P1=  -1 P2=  -1 T1=1022 T2= 914  P=  -1  D=  -1 
 X= 866 X2=1015  Y= 971 Y2=1023 P1=  -1 P2=  -1 T1=1021 T2= 896  P=  -1  D=  -1 
 X= 953 X2=1023  Y= 982 Y2=1019 P1=  -1 P2=  -1 T1=1020 T2= 895  P=  -1  D=  -1 
 X=1017 X2= 990  Y= 962 Y2=1023 P1=  -1 P2=  -1 T1=1023 T2= 926  P=  -1  D=  -1 
 X=1014 X2= 999  Y= 979 Y2=1023 P1=  -1 P2=  -1 T1=1021 T2= 906  P=  -1  D=  -1 
 X= 853 X2=1023  Y= 973 Y2=1020 P1=  -1 P2=  -1 T1=1023 T2= 911  P=  -1  D=  -1 
 X= 956 X2= 989  Y= 976 Y2=1019 P1=  -1 P2=  -1 T1=1023 T2= 911  P=  -1  D=  -1 
 X=1023 X2=1023  Y= 974 Y2=1021 P1=  -1 P2=  -1 T1=1023 T2= 922  P=  -1  D=  -1 
 X= 815 X2=1023  Y= 958 Y2=1023 P1=  -1 P2=  -1 T1=1021 T2= 888  P=  -1  D=  -1 
 X= 890 X2=1023  Y= 981 Y2=1023 P1=  -1 P2=  -1 T1=1023 T2= 916  P=  -1  D=  -1 
 X= 864 X2=1016  Y= 978 Y2=1023 P1=  -1 P2=  -1 T1=1023 T2= 871  P=  -1  D=  -1 
 X= 891 X2=1019  Y= 969 Y2=1022 P1=  -1 P2=  -1 T1=1020 T2= 915  P=  -1  D=  -1 
 X= 956 X2= 984  Y= 980 Y2=1018 P1=  -1 P2=  -1 T1=1023 T2= 913  P=  -1  D=  -1 
 X=1023 X2=1015  Y= 980 Y2=1023 P1=  -1 P2=  -1 T1=1021 T2= 891  P=  -1  D=  -1 
 X= 961 X2=1021  Y= 964 Y2=1021 P1=  -1 P2=  -1 T1=1023 T2= 914  P=  -1  D=  -1 
 X= 917 X2=1023  Y= 984 Y2=1018 P1=  -1 P2=  -1 T1=1023 T2= 925  P=  -1  D=  -1 
 X= 905 X2=1022  Y= 992 Y2=1017 P1=  -1 P2=  -1 T1=1023 T2= 911  P=  -1  D=  -1 
 X= 965 X2= 990  Y= 992 Y2=1020 P1=  -1 P2=  -1 T1=1023 T2= 917  P=  -1  D=  -1 
 X=1023 X2=1002  Y= 987 Y2=1023 P1=  -1 P2=  -1 T1=1023 T2= 919  P=  -1  D=  -1 
 X= 956 X2=1023  Y= 988 Y2=1019 P1=  -1 P2=  -1 T1=1023 T2= 883  P=  -1  D=  -1 
 X= 899 X2=1021  Y= 978 Y2=1023 P1=  -1 P2=  -1 T1=1019 T2= 901  P=  -1  D=  -1 
 X= 939 X2= 989  Y= 981 Y2=1022 P1=  -1 P2=  -1 T1=1023 T2= 911  P=  -1  D=  -1 
 X= 925 X2=1004  Y= 977 Y2=1023 P1=  -1 P2=  -1 T1=1021 T2= 906  P=  -1  D=  -1 
 X=1023 X2=1005  Y= 982 Y2=1023 P1=  -1 P2=  -1 T1=1023 T2= 921  P=  -1  D=  -1 
 X= 859 X2=1023  Y= 987 Y2=1023 P1=  -1 P2=  -1 T1=1022 T2= 900  P=  -1  D=  -1 
 X= 874 X2=1023  Y= 981 Y2=1020 P1=  -1 P2=  -1 T1=1021 T2= 914  P=  -1  D=  -1 
 X= 859 X2=1016  Y= 981 Y2=1021 P1=  -1 P2=  -1 T1=1019 T2= 924  P=  -1  D=  -1 
 X= 981 X2=1002  Y= 970 Y2=1023 P1=  -1 P2=  -1 T1=1023 T2= 900  P=  -1  D=  -1 
 X= 882 X2=1023  Y= 979 Y2=1023 P1=  -1 P2=  -1 T1=1021 T2= 905  P=  -1  D=  -1 
 X= 971 X2=1017  Y= 974 Y2=1023 P1=  -1 P2=  -1 T1=1021 T2= 896  P=  -1  D=  -1 
 X= 949 X2=1023  Y= 973 Y2=1020 P1=  -1 P2=  -1 T1=1023 T2= 928  P=  -1  D=  -1 
 X=1023 X2=1006  Y= 986 Y2=1023 P1=  -1 P2=  -1 T1=1023 T2= 910  P=  -1  D=  -1 
 X=1023 X2=1004  Y= 974 Y2=1019 P1=  -1 P2=  -1 T1=1021 T2= 909  P=  -1  D=  -1 
 X= 857 X2=1023  Y= 980 Y2=1020 P1=  -1 P2=  -1 T1=1021 T2= 902  P=  -1  D=  -1 
 X= 896 X2=1023  Y= 973 Y2=1020 P1=1022 P2=  -1 T1=1021 T2= 908  P=  -1  D=  -1 
 X= 896 X2=1021  Y= 969 Y2=1023 P1=1023 P2=  -1 T1=1022 T2= 909  P=  -1  D=  -1 
 X= 892 X2=1020  Y= 980 Y2=1021 P1=1023 P2=  -1 T1=1021 T2= 914  P=  -1  D=  -1 
 X= 870 X2=1023  Y= 979 Y2=1018 P1=1023 P2=  -1 T1=1023 T2= 911  P=  -1  D=  -1 
 X=1002 X2=1013  Y= 971 Y2=1023 P1=1023 P2=  -1 T1=1023 T2= 910  P=  -1  D=  -1 
 X= 966 X2=1004  Y= 969 Y2=1023 P1=1023 P2=  -1 T1=1023 T2= 904  P=  -1  D=  -1 
 X= 883 X2=1023  Y= 984 Y2=1023 P1=1023 P2=  -1 T1=1021 T2= 908  P=  -1  D=  -1 
 X=1009 X2=1013  Y= 974 Y2=1023 P1=1023 P2=  -1 T1=1023 T2= 894  P=  -1  D=  -1 
 X= 800 X2=1023  Y= 983 Y2=1020 P1=1023 P2=  -1 T1=1020 T2= 932  P=  -1  D=  -1 
 X= 878 X2=1023  Y= 974 Y2=1019 P1=1023 P2=  -1 T1=1022 T2= 895  P=  -1  D=  -1 
 X= 942 X2=1021  Y= 969 Y2=1023 P1=1023 P2=  -1 T1=1023 T2= 945  P=  -1  D=  -1 
 X= 884 X2=1023  Y= 972 Y2=1018 P1=1023 P2=  -1 T1=1020 T2= 911  P=  -1  D=  -1 
 X= 919 X2=1023  Y= 978 Y2=1022 P1=1023 P2=  -1 T1=1021 T2= 898  P=  -1  D=  -1 
 X=1023 X2=1005  Y= 972 Y2=1019 P1=1023 P2=  -1 T1=1022 T2= 905  P=  -1  D=  -1 
 X=1012 X2=1003  Y= 985 Y2=1023 P1=1023 P2=  -1 T1=1023 T2= 907  P=  -1  D=  -1 
 X= 894 X2=1023  Y= 991 Y2=1023 P1=1023 P2=  -1 T1=1020 T2= 928  P=  -1  D=  -1 
 X= 952 X2= 989  Y= 979 Y2=1018 P1=1023 P2=  -1 T1=1020 T2= 910  P=  -1  D=  -1 
 X= 961 X2=1023  Y= 982 Y2=1023 P1=1023 P2=  -1 T1=1021 T2= 885  P=  -1  D=  -1 
 X= 816 X2=1023  Y= 984 Y2=1023 P1=1023 P2=  -1 T1=1023 T2= 901  P=  -1  D=  -1 
 X= 889 X2=1023  Y= 981 Y2=1020 P1=1023 P2=  -1 T1=1022 T2= 915  P=  -1  D=  -1 
 X= 988 X2=1012  Y= 968 Y2=1023 P1=1023 P2=  -1 T1=1023 T2= 942  P=  -1  D=  -1 
 X= 924 X2=1012  Y= 962 Y2=1023 P1=1023 P2=  -1 T1=1020 T2= 908  P=  -1  D=  -1 
 X= 943 X2=1018  Y= 980 Y2=1023 P1=1023 P2=  -1 T1=1021 T2= 919  P=  -1  D=  -1 
 X= 926 X2= 999  Y= 977 Y2=1022 P1=1023 P2=  -1 T1=1021 T2= 892  P=  -1  D=  -1 
 X= 972 X2=1004  Y= 969 Y2=1020 P1=1023 P2=  -1 T1=1023 T2= 860  P=  -1  D=  -1 
 X= 925 X2=1021  Y= 981 Y2=1020 P1=1023 P2=  -1 T1=1023 T2= 855  P=  -1  D=  -1 
 X= 957 X2=1021  Y= 978 Y2=1023 P1=1023 P2=  -1 T1=1023 T2= 904  P=  -1  D=  -1 
 X= 945 X2=1023  Y= 981 Y2=1023 P1=1023 P2=  -1 T1=1020 T2= 912  P=  -1  D=  -1 
 X= 782 X2=1023  Y= 980 Y2=1020 P1=1023 P2=  -1 T1=1023 T2= 931  P=  -1  D=  -1 
 X=1014 X2=1013  Y= 977 Y2=1023 P1=1023 P2=  -1 T1=1023 T2= 914  P=  -1  D=  -1 
 X= 984 X2=1013  Y= 977 Y2=1023 P1=1023 P2=  -1 T1=1023 T2= 904  P=  -1  D=  -1 
 X= 934 X2=1023  Y= 973 Y2=1022 P1=1023 P2=  -1 T1=1020 T2= 916  P=  -1  D=  -1 
 X=1021 X2= 993  Y= 972 Y2=1020 P1=1023 P2=  -1 T1=1022 T2= 923  P=  -1  D=  -1 
 X=1023 X2=1013  Y= 986 Y2=1021 P1=1023 P2=  -1 T1=1022 T2= 920  P=  -1  D=  -1 
 X= 777 X2=1023  Y= 980 Y2=1023 P1=1023 P2=  -1 T1=1023 T2= 898  P=  -1  D=  -1 
 X= 890 X2=1009  Y= 969 Y2=1023 P1=1023 P2=  -1 T1=1023 T2= 914  P=  -1  D=  -1 
 X= 922 X2=1023  Y= 976 Y2=1023 P1=1023 P2=  -1 T1=1023 T2= 930  P=  -1  D=  -1 
 X= 920 X2=1020  Y= 981 Y2=1023 P1=1023 P2=  -1 T1=1023 T2= 924  P=  -1  D=  -1 
 X= 781 X2=1023  Y= 982 Y2=1023 P1=1023 P2=  -1 T1=1023 T2= 907  P=  -1  D=  -1 
 X= 953 X2=1013  Y= 980 Y2=1023 P1=1023 P2=  -1 T1=1022 T2= 889  P=  -1  D=  -1 
 X= 882 X2=1016  Y= 957 Y2=1022 P1=1023 P2=  -1 T1=1023 T2= 835  P=  -1  D=  -1 
 X= 909 X2=1022  Y= 965 Y2=1023 P1=1023 P2=  -1 T1=1023 T2= 886  P=  -1  D=  -1 
 X= 908 X2=1005  Y= 977 Y2=1023 P1=1023 P2=  -1 T1=1021 T2= 894  P=  -1  D=  -1 
 X= 850 X2=1023  Y= 983 Y2=1021 P1=1023 P2=  -1 T1=1023 T2= 914  P=  -1  D=  -1 
 X= 921 X2=1023  Y= 977 Y2=1018 P1=1023 P2=  -1 T1=1023 T2= 910  P=  -1  D=  -1 
 X= 927 X2=1023  Y= 972 Y2=1020 P1=1023 P2=  -1 T1=1023 T2= 908  P=  -1  D=  -1 
 X= 942 X2=1023  Y= 988 Y2=1023 P1=1023 P2=  -1 T1=1023 T2= 861  P=  -1  D=  -1 
 X= 831 X2=1023  Y= 980 Y2=1023 P1=1023 P2=  -1 T1=1023 T2= 914  P=  -1  D=  -1 
 X=1023 X2= 990  Y= 975 Y2=1023 P1=1023 P2=  -1 T1=1021 T2= 914  P=  -1  D=  -1 
 X= 985 X2= 999  Y= 983 Y2=1020 P1=1023 P2=  -1 T1=1023 T2= 902  P=  -1  D=  -1 
 X= 872 X2=1023  Y= 990 Y2=1023 P1=1023 P2=  -1 T1=1023 T2= 913  P=  -1  D=  -1 
 X= 929 X2=1021  Y= 990 Y2=1021 P1=1023 P2=  -1 T1=1023 T2= 899  P=  -1  D=  -1 
 X=1007 X2=1014  Y= 973 Y2=1023 P1=1023 P2=  -1 T1=1020 T2= 931  P=  -1  D=  -1 
 X= 956 X2=1023  Y= 978 Y2=1023 P1=1023 P2=  -1 T1=1023 T2= 901  P=  -1  D=  -1 
 X= 923 X2=1021  Y= 978 Y2=1018 P1=1023 P2=  -1 T1=1023 T2= 904  P=  -1  D=  -1 
 X= 927 X2=1012  Y= 978 Y2=1023 P1=1023 P2=  -1 T1=1021 T2= 896  P=  -1  D=  -1 
 X=1012 X2=1023  Y=1019 Y2=1023 P1=1023 P2=  -1 T1=1021 T2=1013  P=  -1  D=  -1 
 X= 931 X2=1023  Y= 977 Y2=1023 P1=1023 P2=  -1 T1=1018 T2= 923  P=  -1  D=  -1 
 X= 860 X2=1018  Y= 970 Y2=1019 P1=1023 P2=  -1 T1=1023 T2= 864  P=  -1  D=  -1 
 X= 906 X2=1018  Y= 986 Y2=1023 P1=1023 P2=  -1 T1=1019 T2= 919  P=  -1  D=  -1 
 X= 886 X2=1023  Y= 980 Y2=1023 P1=1023 P2=  -1 T1=1023 T2= 870  P=  -1  D=  -1 
 X= 923 X2= 990  Y= 975 Y2=1018 P1=1023 P2=  -1 T1=1023 T2= 909  P=  -1  D=  -1 
 X= 832 X2=1023  Y= 983 Y2=1023 P1=1023 P2=  -1 T1=1023 T2= 894  P=  -1  D=  -1 
 X= 840 X2=1023  Y= 981 Y2=1021 P1=1023 P2=  -1 T1=1023 T2= 924  P=  -1  D=  -1 
 X= 986 X2=1005  Y= 980 Y2=1020 P1=1023 P2=  -1 T1=1020 T2= 918  P=  -1  D=  -1 
 X= 864 X2=1016  Y= 963 Y2=1020 P1=1023 P2=  -1 T1=1023 T2= 935  P=  -1  D=  -1 
 X= 932 X2=1023  Y= 973 Y2=1023 P1=1023 P2=  -1 T1=1023 T2= 862  P=  -1  D=  -1 
 X= 821 X2=1023  Y= 980 Y2=1017 P1=1023 P2=  -1 T1=1023 T2= 919  P=  -1  D=  -1 
 X= 981 X2=1010  Y= 976 Y2=1019 P1=1023 P2=  -1 T1=1020 T2= 911  P=  -1  D=  -1 
 X= 855 X2=1023  Y= 992 Y2=1018 P1=1023 P2=  -1 T1=1021 T2= 892  P=  -1  D=  -1 
 X= 912 X2=1022  Y= 987 Y2=1019 P1=1023 P2=  -1 T1=1023 T2= 869  P=  -1  D=  -1 
 X= 939 X2=1018  Y= 971 Y2=1023 P1=1023 P2=  -1 T1=1020 T2= 916  P=  -1  D=  -1 
 X= 797 X2=1023  Y= 956 Y2=1021 P1=1023 P2=  -1 T1=1023 T2= 914  P=  -1  D=  -1 
 X= 844 X2=1023  Y= 973 Y2=1020 P1=1023 P2=  -1 T1=1023 T2= 895  P=  -1  D=  -1 
 X= 811 X2=1023  Y= 974 Y2=1023 P1=1023 P2=  -1 T1=1021 T2= 921  P=  -1  D=  -1 
 X= 870 X2=1022  Y= 978 Y2=1023 P1=1023 P2=  -1 T1=1019 T2= 864  P=  -1  D=  -1 
 X= 921 X2=1002  Y= 978 Y2=1023 P1=1023 P2=  -1 T1=1023 T2= 926  P=  -1  D=  -1 
 X=1021 X2=1013  Y= 974 Y2=1020 P1=1023 P2=  -1 T1=1021 T2= 905  P=  -1  D=  -1 
 X= 883 X2=1023  Y= 981 Y2=1019 P1=1023 P2=  -1 T1=1023 T2= 900  P=  -1  D=  -1 
 X= 903 X2=1023  Y= 993 Y2=1022 P1=1023 P2=  -1 T1=1023 T2= 915  P=  -1  D=  -1 
 X= 947 X2=1023  Y= 980 Y2=1019 P1=1023 P2=  -1 T1=1023 T2= 923  P=  -1  D=  -1 
 X= 895 X2=1023  Y= 974 Y2=1021 P1=1023 P2=  -1 T1=1023 T2= 909  P=  -1  D=  -1 
 X= 897 X2=1023  Y= 977 Y2=1023 P1=1023 P2=  -1 T1=1023 T2= 911  P=  -1  D=  -1 
 X=1023 X2=1011  Y= 980 Y2=1023 P1=1023 P2=  -1 T1=1023 T2= 921  P=  -1  D=  -1 
 X= 834 X2=1023  Y= 972 Y2=1017 P1=1023 P2=  -1 T1=1020 T2= 928  P=  -1  D=  -1 
 X= 936 X2=1023  Y= 981 Y2=1023 P1=1023 P2=  -1 T1=1023 T2= 915  P=  -1  D=  -1 
 X=1022 X2=1013  Y= 987 Y2=1023 P1=1023 P2=  -1 T1=1023 T2= 901  P=  -1  D=  -1 
 X= 993 X2= 999  Y= 980 Y2=1023 P1=1023 P2=  -1 T1=1022 T2= 902  P=  -1  D=  -1 
 X= 955 X2=1023  Y= 983 Y2=1023 P1=1023 P2=  -1 T1=1023 T2= 891  P=  -1  D=  -1 
 X= 956 X2=1023  Y= 978 Y2=1014 P1=1023 P2=  -1 T1=1023 T2= 903  P=  -1  D=  -1 
 X= 860 X2=1016  Y= 975 Y2=1022 P1=1023 P2=  -1 T1=1021 T2= 928  P=  -1  D=  -1 
 X= 808 X2=1023  Y= 980 Y2=1020 P1=1023 P2=  -1 T1=1020 T2= 897  P=  -1  D=  -1 
 X=1023 X2=1012  Y= 982 Y2=1023 P1=1023 P2=  -1 T1=1022 T2= 916  P=  -1  D=  -1 
 X= 978 X2=1013  Y= 973 Y2=1023 P1=1023 P2=  -1 T1=1023 T2= 916  P=  -1  D=  -1 
 X=1023 X2=1021  Y= 983 Y2=1023 P1=1023 P2=  -1 T1=1020 T2= 940  P=  -1  D=  -1 
 X= 861 X2=1017  Y= 982 Y2=1023 P1=1023 P2=  -1 T1=1020 T2= 917  P=  -1  D=  -1 
 X= 964 X2=1001  Y= 981 Y2=1023 P1=1023 P2=  -1 T1=1023 T2= 920  P=  -1  D=  -1 
 X= 917 X2=1023  Y= 959 Y2=1020 P1=1023 P2=  -1 T1=1022 T2= 926  P=  -1  D=  -1 
 X= 913 X2=1022  Y= 986 Y2=1022 P1=1023 P2=  -1 T1=1023 T2= 902  P=  -1  D=  -1 
 X= 947 X2=1017  Y= 972 Y2=1023 P1=1023 P2=  -1 T1=1023 T2= 871  P=  -1  D=  -1 
 X= 873 X2=1020  Y= 979 Y2=1023 P1=1023 P2=  -1 T1=1023 T2= 900  P=  -1  D=  -1 
 X= 951 X2=1009  Y= 963 Y2=1023 P1=1023 P2=  -1 T1=1023 T2= 911  P=  -1  D=  -1 
 X= 966 X2=1018  Y= 967 Y2=1023 P1=1023 P2=  -1 T1=1023 T2= 928  P=  -1  D=  -1 
 X= 970 X2=1013  Y= 976 Y2=1023 P1=1023 P2=  -1 T1=1019 T2= 929  P=  -1  D=  -1 
 X= 955 X2=1022  Y= 953 Y2=1023 P1=1023 P2=  -1 T1=1023 T2= 917  P=  -1  D=  -1 
 X=1023 X2=1000  Y= 978 Y2=1021 P1=1023 P2=  -1 T1=1020 T2= 874  P=  -1  D=  -1 
 X= 931 X2=1023  Y= 971 Y2=1023 P1=1023 P2=  -1 T1=1020 T2= 864  P=  -1  D=  -1 
 X= 972 X2=1023  Y= 991 Y2=1018 P1=1023 P2=  -1 T1=1023 T2= 905  P=  -1  D=  -1 
 X= 798 X2=1023  Y= 966 Y2=1021 P1=1023 P2=  -1 T1=1022 T2= 895  P=  -1  D=  -1 
 X= 823 X2=1023  Y= 981 Y2=1023 P1=1023 P2=  -1 T1=1023 T2= 906  P=  -1  D=  -1 
 X= 943 X2= 991  Y=1004 Y2=1021 P1=1023 P2=  -1 T1=1023 T2= 886  P=  -1  D=  -1 
 X=1023 X2=1015  Y= 972 Y2=1019 P1=1023 P2=  -1 T1=1023 T2= 916  P=  -1  D=  -1 
 X=1004 X2=1002  Y= 978 Y2=1023 P1=1023 P2=  -1 T1=1022 T2= 885  P=  -1  D=  -1 
 X= 861 X2=1023  Y= 984 Y2=1022 P1=1023 P2=  -1 T1=1021 T2= 911  P=  -1  D=  -1 
 X= 956 X2= 989  Y= 978 Y2=1017 P1=1023 P2=  -1 T1=1022 T2= 907  P=  -1  D=  -1 
 X= 820 X2=1023  Y= 981 Y2=1021 P1=1023 P2=  -1 T1=1023 T2= 899  P=  -1  D=  -1 
 X= 841 X2=1023  Y= 973 Y2=1020 P1=1023 P2=  -1 T1=1022 T2= 907  P=  -1  D=  -1 
 X= 917 X2=1022  Y= 983 Y2=1017 P1=1023 P2=  -1 T1=1023 T2= 937  P=  -1  D=  -1 
 X= 899 X2=1017  Y= 980 Y2=1022 P1=1023 P2=  -1 T1=1023 T2= 917  P=  -1  D=  -1 
 X= 875 X2=1016  Y= 972 Y2=1023 P1=1023 P2=  -1 T1=1019 T2= 918  P=  -1  D=  -1 
 X= 926 X2= 984  Y= 952 Y2=1020 P1=1023 P2=  -1 T1=1023 T2= 902  P=  -1  D=  -1 
 X=1022 X2=1012  Y= 966 Y2=1021 P1=1023 P2=  -1 T1=1021 T2= 890  P=  -1  D=  -1 
 X= 913 X2=1023  Y= 983 Y2=1021 P1=1023 P2=  -1 T1=1022 T2= 900  P=  -1  D=  -1 
 X=1023 X2=1006  Y= 978 Y2=1020 P1=1023 P2=  -1 T1=1023 T2= 919  P=  -1  D=  -1 
 X= 918 X2=1023  Y= 985 Y2=1018 P1=1017 P2=  -1 T1=1023 T2= 918  P=  -1  D=  -1 
 X= 913 X2=1017  Y= 968 Y2=1023 P1=1023 P2=  -1 T1=1023 T2= 924  P=  -1  D=  -1 
 X= 750 X2=1023  Y= 979 Y2=1020 P1=1023 P2=  -1 T1=1019 T2= 935  P=  -1  D=  -1 
 X= 995 X2=1007  Y= 983 Y2=1023 P1=1023 P2=  -1 T1=1023 T2= 891  P=  -1  D=  -1 
 X= 869 X2=1014  Y= 969 Y2=1023 P1=1023 P2=  -1 T1=1020 T2= 909  P=  -1  D=  -1 
 X= 942 X2=1023  Y= 986 Y2=1023 P1=1023 P2=  -1 T1=1023 T2= 903  P=  -1  D=  -1 
 X=1023 X2=1013  Y= 982 Y2=1019 P1=1023 P2=  -1 T1=1023 T2= 909  P=  -1  D=  -1 
 X=1023 X2= 990  Y= 973 Y2=1020 P1=1023 P2=  -1 T1=1020 T2= 918  P=  -1  D=  -1 
 X= 911 X2=1023  Y= 977 Y2=1019 P1=1023 P2=  -1 T1=1023 T2= 864  P=  -1  D=  -1 
 X= 962 X2= 994  Y= 980 Y2=1021 P1=1023 P2=  -1 T1=1023 T2= 886  P=  -1  D=  -1 
 X= 873 X2=1021  Y= 973 Y2=1023 P1=1023 P2=  -1 T1=1023 T2= 939  P=  -1  D=  -1 
 X= 914 X2=1004  Y= 976 Y2=1023 P1=1023 P2=  -1 T1=1023 T2= 928  P=  -1  D=  -1 
 X= 930 X2=1023  Y= 970 Y2=1023 P1=1023 P2=  -1 T1=1022 T2= 916  P=  -1  D=  -1 
 X= 970 X2=1023  Y= 971 Y2=1023 P1=1023 P2=  -1 T1=1020 T2= 870  P=  -1  D=  -1 
 X= 912 X2=1022  Y= 976 Y2=1022 P1=1023 P2=  -1 T1=1023 T2= 905  P=  -1  D=  -1 
 X=1023 X2=1000  Y= 978 Y2=1022 P1=1023 P2=  -1 T1=1023 T2= 916  P=  -1  D=  -1 
 X=1023 X2=1012  Y= 973 Y2=1023 P1=1023 P2=  -1 T1=1022 T2= 890  P=  -1  D=  -1 
 X= 882 X2=1023  Y= 978 Y2=1023 P1=1023 P2=  -1 T1=1020 T2= 900  P=  -1  D=  -1 
 X= 865 X2=1023  Y= 979 Y2=1020 P1=1023 P2=  -1 T1=1023 T2= 892  P=  -1  D=  -1 
 X= 858 X2=1021  Y= 969 Y2=1023 P1=1023 P2=  -1 T1=1021 T2= 909  P=  -1  D=  -1 
 X= 896 X2=1023  Y= 975 Y2=1020 P1=1023 P2=  -1 T1=1023 T2= 918  P=  -1  D=  -1 
 X= 847 X2=1023  Y= 974 Y2=1021 P1=1023 P2=  -1 T1=1020 T2= 892  P=  -1  D=  -1 
 X=1002 X2=1007  Y= 971 Y2=1020 P1=1023 P2=  -1 T1=1023 T2= 923  P=  -1  D=  -1 
 X= 944 X2=1017  Y= 980 Y2=1021 P1=1023 P2=  -1 T1=1023 T2= 919  P=  -1  D=  -1 
 X= 858 X2=1023  Y= 991 Y2=1023 P1=1023 P2=  -1 T1=1023 T2= 899  P=  -1  D=  -1 
 X= 934 X2= 991  Y= 976 Y2=1020 P1=1023 P2=  -1 T1=1023 T2= 923  P=  -1  D=  -1 
 X= 779 X2=1023  Y= 974 Y2=1019 P1=1023 P2=  -1 T1=1023 T2= 899  P=  -1  D=  -1 
 X= 934 X2=1023  Y= 985 Y2=1023 P1=1023 P2=  -1 T1=1023 T2= 904  P=  -1  D=  -1 
 X= 904 X2=1023  Y= 973 Y2=1020 P1=1023 P2=  -1 T1=1023 T2= 907  P=  -1  D=  -1 
 X= 941 X2=1023  Y= 978 Y2=1023 P1=1023 P2=  -1 T1=1023 T2= 900  P=  -1  D=  -1 
 X= 954 X2=1023  Y= 955 Y2=1020 P1=1023 P2=  -1 T1=1023 T2= 924  P=  -1  D=  -1 
 X=1023 X2=1007  Y= 977 Y2=1019 P1=1023 P2=  -1 T1=1021 T2= 894  P=  -1  D=  -1 
 X= 998 X2=1018  Y= 968 Y2=1023 P1=1020 P2=  -1 T1=1023 T2= 928  P=  -1  D=  -1 
 X=1014 X2=1012  Y=1018 Y2=1023 P1=1023 P2=  -1 T1=1020 T2=1019  P=  -1  D=  -1 
 X= 782 X2=1023  Y= 978 Y2=1023 P1=1023 P2=  -1 T1=1020 T2= 930  P=  -1  D=  -1 
 X=1021 X2= 989  Y= 989 Y2=1019 P1=1023 P2=  -1 T1=1020 T2= 916  P=  -1  D=  -1 
 X= 940 X2=1013  Y= 971 Y2=1023 P1=1023 P2=  -1 T1=1023 T2= 940  P=  -1  D=  -1 
 X= 919 X2=1022  Y= 987 Y2=1019 P1=1023 P2=  -1 T1=1023 T2= 917  P=  -1  D=  -1 
 X= 958 X2=1010  Y= 974 Y2=1023 P1=1023 P2=  -1 T1=1021 T2= 907  P=  -1  D=  -1 
 X= 956 X2=1023  Y= 973 Y2=1023 P1=1023 P2=  -1 T1=1021 T2= 910  P=  -1  D=  -1 
 X= 922 X2=1001  Y= 980 Y2=1020 P1=1023 P2=  -1 T1=1023 T2= 921  P=  -1  D=  -1 
 X= 980 X2=1007  Y= 951 Y2=1023 P1=1023 P2=  -1 T1=1020 T2= 918  P=  -1  D=  -1 
 X=1015 X2= 991  Y= 980 Y2=1022 P1=1023 P2=  -1 T1=1023 T2= 915  P=  -1  D=  -1 
 X= 927 X2=1020  Y= 951 Y2=1023 P1=1023 P2=  -1 T1=1023 T2= 910  P=  -1  D=  -1 
 X=1023 X2=1004  Y= 971 Y2=1019 P1=1023 P2=  -1 T1=1023 T2= 915  P=  -1  D=  -1 
 X= 950 X2=1023  Y= 968 Y2=1023 P1=1023 P2=  -1 T1=1023 T2= 933  P=  -1  D=  -1 
 X= 874 X2=1023  Y= 985 Y2=1023 P1=1023 P2=  -1 T1=1023 T2= 924  P=  -1  D=  -1 
 X=1013 X2= 991  Y= 972 Y2=1019 P1=1023 P2=  -1 T1=1020 T2= 860  P=  -1  D=  -1 
 X= 957 X2=1023  Y= 976 Y2=1019 P1=1023 P2=  -1 T1=1020 T2= 929  P=  -1  D=  -1 
 X= 936 X2=1020  Y= 978 Y2=1023 P1=1023 P2=  -1 T1=1023 T2= 915  P=  -1  D=  -1 
 X= 906 X2=1021  Y= 971 Y2=1018 P1=1023 P2=  -1 T1=1021 T2= 905  P=  -1  D=  -1 
 X=1018 X2= 990  Y= 976 Y2=1019 P1=1023 P2=  -1 T1=1020 T2= 922  P=  -1  D=  -1 
 X= 901 X2=1023  Y= 982 Y2=1020 P1=1023 P2=  -1 T1=1019 T2= 910  P=  -1  D=  -1 
 X= 924 X2=1021  Y= 981 Y2=1020 P1=1023 P2=  -1 T1=1023 T2= 911  P=  -1  D=  -1 
 X= 943 X2=1020  Y= 971 Y2=1023 P1=1023 P2=  -1 T1=1021 T2= 925  P=  -1  D=  -1 
 X= 873 X2=1023  Y= 980 Y2=1023 P1=1023 P2=  -1 T1=1023 T2= 898  P=  -1  D=  -1 
 X= 858 X2=1023  Y= 986 Y2=1022 P1=1023 P2=  -1 T1=1023 T2= 917  P=  -1  D=  -1 
 X=1001 X2=1014  Y= 978 Y2=1023 P1=1023 P2=  -1 T1=1023 T2= 918  P=  -1  D=  -1 
 X= 873 X2=1021  Y= 975 Y2=1021 P1=1023 P2=  -1 T1=1019 T2= 923  P=  -1  D=  -1 
 X= 950 X2= 991  Y= 975 Y2=1020 P1=1023 P2=  -1 T1=1021 T2= 897  P=  -1  D=  -1 
 X= 961 X2=1010  Y= 979 Y2=1023 P1=1023 P2=  -1 T1=1023 T2= 934  P=  -1  D=  -1 
 X=1023 X2=1000  Y= 986 Y2=1021 P1=1023 P2=  -1 T1=1018 T2= 896  P=  -1  D=  -1 
 X= 893 X2=1018  Y= 983 Y2=1023 P1=1023 P2=  -1 T1=1020 T2= 919  P=  -1  D=  -1 
 X= 961 X2=1023  Y= 975 Y2=1023 P1=1023 P2=  -1 T1=1023 T2= 898  P=  -1  D=  -1 
 X= 936 X2=1023  Y= 981 Y2=1023 P1=1023 P2=  -1 T1=1020 T2= 920  P=  -1  D=  -1 
 X= 771 X2=1023  Y= 967 Y2=1020 P1=1023 P2=  -1 T1=1021 T2= 933  P=  -1  D=  -1 
 X=1009 X2= 992  Y= 984 Y2=1023 P1=1023 P2=  -1 T1=1023 T2= 911  P=  -1  D=  -1 
 X= 984 X2=1004  Y= 984 Y2=1023 P1=1023 P2=  -1 T1=1023 T2= 912  P=  -1  D=  -1 
 X= 903 X2=1021  Y= 978 Y2=1020 P1=1023 P2=  -1 T1=1020 T2= 893  P=  -1  D=  -1 
 X=1016 X2=1008  Y= 974 Y2=1023 P1=1023 P2=  -1 T1=1020 T2= 904  P=  -1  D=  -1 
 X=1023 X2=1011  Y= 964 Y2=1020 P1=1022 P2=  -1 T1=1018 T2= 898  P=  -1  D=  -1 
 X=1023 X2=1000  Y= 976 Y2=1020 P1=1023 P2=  -1 T1=1023 T2= 896  P=  -1  D=  -1 
 X=1023 X2=1014  Y= 970 Y2=1023 P1=1023 P2=  -1 T1=1023 T2= 918  P=  -1  D=  -1 
 X= 958 X2=1018  Y= 971 Y2=1022 P1=1023 P2=  -1 T1=1020 T2= 856  P=  -1  D=  -1 
 X= 936 X2=1023  Y= 967 Y2=1023 P1=1023 P2=  -1 T1=1020 T2= 910  P=  -1  D=  -1 
 X=1023 X2=1013  Y= 970 Y2=1022 P1=1023 P2=  -1 T1=1021 T2= 896  P=  -1  D=  -1 
 X= 884 X2=1016  Y= 976 Y2=1023 P1=1023 P2=  -1 T1=1022 T2= 914  P=  -1  D=  -1 
 X= 965 X2=1013  Y= 969 Y2=1021 P1=1023 P2=  -1 T1=1018 T2= 900  P=  -1  D=  -1 
 X= 907 X2=1021  Y= 991 Y2=1023 P1=1023 P2=  -1 T1=1023 T2= 893  P=  -1  D=  -1 
 X= 923 X2=1005  Y= 981 Y2=1019 P1=1023 P2=  -1 T1=1023 T2= 853  P=  -1  D=  -1 
 X= 847 X2=1023  Y= 977 Y2=1022 P1=1023 P2=  -1 T1=1023 T2= 912  P=  -1  D=  -1 
 X= 868 X2=1023  Y= 972 Y2=1020 P1=1023 P2=  -1 T1=1021 T2= 922  P=  -1  D=  -1 
 X= 972 X2=1007  Y= 987 Y2=1023 P1=1023 P2=  -1 T1=1023 T2= 923  P=  -1  D=  -1 
 X= 771 X2=1023  Y= 965 Y2=1019 P1=1023 P2=  -1 T1=1022 T2= 899  P=  -1  D=  -1 
 X= 944 X2= 993  Y= 988 Y2=1019 P1=1023 P2=  -1 T1=1023 T2= 915  P=  -1  D=  -1 
 X= 911 X2=1023  Y= 980 Y2=1023 P1=1023 P2=  -1 T1=1019 T2= 917  P=  -1  D=  -1 
 X= 800 X2=1023  Y=1007 Y2=1019 P1=1023 P2=  -1 T1=1023 T2= 893  P=  -1  D=  -1 
 X= 934 X2=1005  Y= 982 Y2=1023 P1=1023 P2=  -1 T1=1023 T2= 889  P=  -1  D=  -1 
 X= 946 X2= 987  Y= 979 Y2=1019 P1=1023 P2=  -1 T1=1023 T2= 927  P=  -1  D=  -1 
 X= 823 X2=1023  Y= 966 Y2=1020 P1=1023 P2=  -1 T1=1021 T2= 908  P=  -1  D=  -1 
 X= 927 X2=1022  Y= 990 Y2=1023 P1=1023 P2=  -1 T1=1018 T2= 902  P=  -1  D=  -1 
 X= 902 X2=1021  Y= 961 Y2=1023 P1=1023 P2=  -1 T1=1023 T2= 899  P=  -1  D=  -1 
 X= 900 X2=1016  Y= 982 Y2=1021 P1=1023 P2=  -1 T1=1023 T2= 903  P=  -1  D=  -1 
 X= 913 X2=1022  Y= 981 Y2=1023 P1=1023 P2=  -1 T1=1019 T2= 931  P=  -1  D=  -1 
 X=1023 X2=1005  Y= 979 Y2=1023 P1=1023 P2=  -1 T1=1023 T2= 910  P=  -1  D=  -1 
 X=1023 X2=1012  Y= 974 Y2=1019 P1=1023 P2=  -1 T1=1018 T2= 918  P=  -1  D=  -1 
 X= 873 X2=1023  Y= 971 Y2=1023 P1=1023 P2=  -1 T1=1023 T2= 891  P=  -1  D=  -1 
 X= 965 X2= 994  Y= 981 Y2=1018 P1=1023 P2=  -1 T1=1023 T2= 931  P=  -1  D=  -1 
 X= 964 X2=1023  Y= 972 Y2=1022 P1=1023 P2=  -1 T1=1023 T2= 913  P=  -1  D=  -1 
 X= 842 X2=1023  Y= 975 Y2=1020 P1=1023 P2=  -1 T1=1018 T2= 928  P=  -1  D=  -1 
 X= 829 X2=1023  Y= 976 Y2=1022 P1=1023 P2=  -1 T1=1023 T2= 906  P=  -1  D=  -1 
 X= 993 X2=1011  Y= 977 Y2=1023 P1=1023 P2=  -1 T1=1023 T2= 908  P=  -1  D=  -1 
 X= 855 X2=1016  Y= 976 Y2=1022 P1=1023 P2=  -1 T1=1019 T2= 923  P=  -1  D=  -1 
 X= 961 X2= 992  Y= 970 Y2=1023 P1=1023 P2=  -1 T1=1023 T2= 905  P=  -1  D=  -1 
 X= 981 X2=1005  Y= 967 Y2=1023 P1=1023 P2=  -1 T1=1023 T2= 932  P=  -1  D=  -1 
 X= 875 X2=1023  Y= 979 Y2=1020 P1=1023 P2=  -1 T1=1023 T2= 909  P=  -1  D=  -1 
 X= 892 X2=1023  Y= 982 Y2=1018 P1=1023 P2=  -1 T1=1022 T2= 924  P=  -1  D=  -1 
 X= 938 X2=1022  Y= 978 Y2=1020 P1=1023 P2=  -1 T1=1023 T2= 910  P=  -1  D=  -1 
 X= 936 X2=1023  Y= 971 Y2=1023 P1=1023 P2=  -1 T1=1020 T2= 923  P=  -1  D=  -1 
 X= 811 X2=1023  Y= 979 Y2=1021 P1=1023 P2=  -1 T1=1023 T2= 922  P=  -1  D=  -1 
 X=1021 X2= 992  Y= 975 Y2=1023 P1=1023 P2=  -1 T1=1021 T2= 879  P=  -1  D=  -1 
 X= 858 X2=1022  Y= 982 Y2=1023 P1=1023 P2=  -1 T1=1023 T2= 899  P=  -1  D=  -1 
 X=1023 X2=1010  Y= 960 Y2=1021 P1=1023 P2=  -1 T1=1021 T2= 896  P=  -1  D=  -1 
 X= 989 X2=1012  Y= 974 Y2=1019 P1=1023 P2=  -1 T1=1023 T2= 925  P=  -1  D=  -1 
 X=1005 X2=1003  Y= 977 Y2=1019 P1=1023 P2=  -1 T1=1023 T2= 910  P=  -1  D=  -1 
 X= 869 X2=1023  Y= 980 Y2=1023 P1=1023 P2=  -1 T1=1023 T2= 907  P=  -1  D=  -1 
 X= 933 X2=1023  Y= 981 Y2=1023 P1=1023 P2=  -1 T1=1021 T2= 884  P=  -1  D=  -1 
 X= 881 X2=1021  Y= 975 Y2=1023 P1=1023 P2=  -1 T1=1020 T2= 922  P=  -1  D=  -1 
 X= 863 X2=1023  Y= 978 Y2=1019 P1=1023 P2=  -1 T1=1023 T2= 904  P=  -1  D=  -1 
 X=1008 X2= 994  Y= 967 Y2=1020 P1=1023 P2=  -1 T1=1021 T2= 927  P=  -1  D=  -1 
 X=1020 X2= 993  Y= 967 Y2=1023 P1=1023 P2=  -1 T1=1021 T2= 905  P=  -1  D=  -1 
 X= 973 X2=1013  Y= 970 Y2=1023 P1=1023 P2=  -1 T1=1018 T2= 896  P=  -1  D=  -1 
 X= 954 X2=1023  Y= 980 Y2=1023 P1=1023 P2=  -1 T1=1020 T2= 833  P=  -1  D=  -1 
 X= 985 X2=1002  Y= 977 Y2=1018 P1=1023 P2=  -1 T1=1022 T2= 896  P=  -1  D=  -1 
 X= 868 X2=1023  Y= 974 Y2=1020 P1=1023 P2=  -1 T1=1020 T2= 905  P=  -1  D=  -1 
 X= 957 X2=1023  Y= 975 Y2=1023 P1=1023 P2=  -1 T1=1021 T2= 901  P=  -1  D=  -1 
 X= 985 X2=1008  Y= 973 Y2=1023 P1=1023 P2=  -1 T1=1023 T2= 919  P=  -1  D=  -1 
 X= 923 X2=1020  Y= 966 Y2=1023 P1=1023 P2=  -1 T1=1021 T2= 902  P=  -1  D=  -1 
 X= 813 X2=1023  Y= 979 Y2=1021 P1=1023 P2=  -1 T1=1023 T2= 924  P=  -1  D=  -1 
 X=1009 X2=1005  Y= 956 Y2=1019 P1=1023 P2=  -1 T1=1023 T2= 909  P=  -1  D=  -1 
 X= 991 X2=1012  Y= 969 Y2=1021 P1=1023 P2=  -1 T1=1023 T2= 885  P=  -1  D=  -1 
 X= 910 X2=1023  Y= 992 Y2=1019 P1=1023 P2=  -1 T1=1023 T2= 866  P=  -1  D=  -1 
 X=1023 X2=1010  Y= 968 Y2=1023 P1=1023 P2=  -1 T1=1023 T2= 899  P=  -1  D=  -1 
 X= 767 X2=1021  Y= 977 Y2=1021 P1=1023 P2=  -1 T1=1023 T2= 913  P=  -1  D=  -1 
 X=1016 X2=1004  Y=1023 Y2=1020 P1=1023 P2=  -1 T1=1023 T2=1010  P=  -1  D=  -1 
 X= 967 X2=1017  Y= 973 Y2=1023 P1=1023 P2=  -1 T1=1023 T2= 916  P=  -1  D=  -1 
 X= 843 X2=1023  Y= 973 Y2=1022 P1=1023 P2=  -1 T1=1021 T2= 886  P=  -1  D=  -1 
 X= 814 X2=1023  Y= 988 Y2=1020 P1=1023 P2=  -1 T1=1021 T2= 887  P=  -1  D=  -1 
 X=1023 X2=1018  Y= 976 Y2=1023 P1=1023 P2=  -1 T1=1021 T2= 860  P=  -1  D=  -1 
 X= 926 X2=1018  Y= 973 Y2=1023 P1=1023 P2=  -1 T1=1023 T2= 829  P=  -1  D=  -1 
 X= 917 X2=1023  Y= 985 Y2=1018 P1=1023 P2=  -1 T1=1023 T2= 900  P=  -1  D=  -1 
 X= 928 X2=1021  Y= 983 Y2=1020 P1=1023 P2=  -1 T1=1021 T2= 855  P=  -1  D=  -1 
 X= 927 X2= 990  Y= 989 Y2=1020 P1=1023 P2=  -1 T1=1023 T2= 926  P=  -1  D=  -1 
 X= 792 X2=1023  Y= 991 Y2=1020 P1=1023 P2=  -1 T1=1023 T2= 858  P=  -1  D=  -1 
 X= 928 X2=1022  Y= 989 Y2=1019 P1=1023 P2=  -1 T1=1023 T2= 913  P=  -1  D=  -1 
 X= 860 X2=1017  Y= 966 Y2=1023 P1=1023 P2=  -1 T1=1023 T2= 897  P=  -1  D=  -1 
 X= 766 X2=1023  Y= 988 Y2=1020 P1=1023 P2=  -1 T1=1023 T2= 911  P=  -1  D=  -1 
 X= 968 X2= 993  Y= 976 Y2=1023 P1=1023 P2=  -1 T1=1023 T2= 903  P=  -1  D=  -1 
 X=1023 X2=1014  Y= 975 Y2=1021 P1=1023 P2=  -1 T1=1021 T2= 906  P=  -1  D=  -1 
 X= 988 X2=1007  Y= 980 Y2=1023 P1=1020 P2=  -1 T1=1023 T2= 924  P=  -1  D=  -1 
 X= 875 X2=1022  Y= 991 Y2=1023 P1=1023 P2=  -1 T1=1023 T2= 901  P=  -1  D=  -1 
 X= 926 X2=1022  Y= 983 Y2=1023 P1=1023 P2=  -1 T1=1023 T2= 840  P=  -1  D=  -1 
 X= 950 X2=1023  Y= 979 Y2=1023 P1=1023 P2=  -1 T1=1022 T2= 927  P=  -1  D=  -1 
 X= 858 X2=1023  Y= 980 Y2=1018 P1=1023 P2=  -1 T1=1020 T2= 914  P=  -1  D=  -1 
 X= 985 X2=1013  Y= 977 Y2=1023 P1=1023 P2=  -1 T1=1023 T2= 910  P=  -1  D=  -1 
 X= 870 X2=1018  Y= 965 Y2=1021 P1=1023 P2=  -1 T1=1022 T2= 916  P=  -1  D=  -1 
 X= 940 X2=1023  Y= 974 Y2=1020 P1=1023 P2=  -1 T1=1020 T2= 920  P=  -1  D=  -1 
 X= 955 X2= 985  Y= 977 Y2=1023 P1=1023 P2=  -1 T1=1023 T2= 902  P=  -1  D=  -1 
 X=1023 X2=1010  Y= 972 Y2=1023 P1=1023 P2=  -1 T1=1021 T2= 908  P=  -1  D=  -1 
 X= 236 X2= 233  Y= 334 Y2= 327 P1= 694 P2= 195 T1=  21 T2=  20  P= 598  D=  -1 * 0
 X= 237 X2= 232  Y= 336 Y2= 328 P1= 703 P2= 190 T1=  22 T2=  21  P= 631  D=  -1 * 0
 X= 859 X2=1023  Y= 971 Y2= 354 P1= 769 P2= 167 T1=1021 T2=  23  P= 631  D=  -1 
 X= 235 X2= 234  Y= 334 Y2= 328 P1= 693 P2= 196 T1=  20 T2=  20  P= 593  D=  -1 * 0
 X= 236 X2= 233  Y= 336 Y2= 328 P1= 695 P2= 195 T1=  20 T2=  20  P= 599  D=  -1 * 0
 X= 237 X2= 232  Y= 335 Y2= 328 P1= 694 P2= 196 T1=  21 T2=  20  P= 594  D=  -1 * 1
 X= 238 X2= 234  Y= 335 Y2= 328 P1= 695 P2= 196 T1=  19 T2=  21  P= 600  D=  -1 * 2
 X= 237 X2= 233  Y= 335 Y2= 328 P1= 695 P2= 196 T1=  20 T2=  21  P= 598  D=  -1 * 3
 X= 236 X2= 234  Y= 333 Y2= 329 P1= 693 P2= 197 T1=  20 T2=  20  P= 591  D=  -1 * 4
 X= 236 X2= 234  Y= 334 Y2= 328 P1= 692 P2= 196 T1=  20 T2=  22  P= 594  D=  -1 * 5
 X= 237 X2= 234  Y= 335 Y2= 328 P1= 692 P2= 197 T1=  21 T2=  20  P= 590  D=  -1 * 6
 X= 236 X2= 234  Y= 334 Y2= 328 P1= 693 P2= 197 T1=  19 T2=  20  P= 591  D=  -1 * 7
 X= 236 X2= 233  Y= 335 Y2= 328 P1= 692 P2= 198 T1=  20 T2=  21  P= 583  D=  -1 * 8
 X= 237 X2= 234  Y= 335 Y2= 328 P1= 692 P2= 198 T1=  20 T2=  20  P= 586  D=  -1 * 9
 X= 235 X2= 234  Y= 334 Y2= 328 P1= 692 P2= 198 T1=  19 T2=  21  P= 583  D=  -1 * 10
 X= 234 X2= 234  Y= 336 Y2= 328 P1= 692 P2= 198 T1=  21 T2=  20  P= 583  D=  -1 * 11
 X= 237 X2= 235  Y= 334 Y2= 328 P1= 692 P2= 198 T1=  20 T2=  20  P= 588  D=  -1 * 12
 X= 236 X2= 233  Y= 335 Y2= 329 P1= 692 P2= 198 T1=  20 T2=  20  P= 583  D=  -1 * 13
 X= 236 X2= 234  Y= 336 Y2= 328 P1= 692 P2= 199 T1=  23 T2=  20  P= 582  D=  -1 * 14
 X= 237 X2= 234  Y= 335 Y2= 327 P1= 691 P2= 198 T1=  21 T2=  20  P= 584  D=  -1 * 15
 X= 236 X2= 234  Y= 335 Y2= 328 P1= 691 P2= 198 T1=  20 T2=  20  P= 584  D=  -1 * 16
 X= 237 X2= 235  Y= 335 Y2= 327 P1= 691 P2= 198 T1=  20 T2=  20  P= 587  D=  -1 * 17
 X= 237 X2= 234  Y= 334 Y2= 327 P1= 691 P2= 198 T1=  21 T2=  20  P= 584  D=  -1 * 18
 X= 236 X2= 234  Y= 335 Y2= 328 P1= 691 P2= 199 T1=  20 T2=  22  P= 580  D=  -1 * 19
 X= 236 X2= 235  Y= 335 Y2= 328 P1= 691 P2= 199 T1=  20 T2=  20  P= 580  D=  -1 * 20
 X= 236 X2= 234  Y= 335 Y2= 329 P1= 691 P2= 198 T1=  20 T2=  20  P= 584  D=  -1 * 21
 X= 237 X2= 234  Y= 338 Y2= 327 P1= 692 P2= 199 T1=  21 T2=  19  P= 582  D=  -1 * 22
 X= 236 X2= 234  Y= 335 Y2= 328 P1= 690 P2= 198 T1=  20 T2=  20  P= 583  D=  -1 * 23
 X= 236 X2= 234  Y= 335 Y2= 330 P1= 691 P2= 198 T1=  20 T2=  19  P= 584  D=  -1 * 24
Remove Pin
 X= 237 X2= 234  Y= 334 Y2= 328 P1= 691 P2= 198 T1=  20 T2=  19  P= 583  D=  -1 * 24
 X= 236 X2= 234  Y= 335 Y2= 328 P1= 691 P2= 199 T1=  20 T2=  19  P= 579  D=  -1 * 24
 X= 236 X2= 233  Y= 334 Y2= 328 P1= 691 P2= 199 T1=  20 T2=  19  P= 577  D=  -1 * 24
 X= 237 X2= 234  Y= 335 Y2= 329 P1= 691 P2= 199 T1=  20 T2=  19  P= 580  D=  -1 * 24
 X= 236 X2= 232  Y= 334 Y2= 328 P1= 690 P2= 198 T1=  19 T2=  19  P= 581  D=  -1 * 24
 X= 237 X2= 233  Y= 335 Y2= 328 P1= 690 P2= 199 T1=  19 T2=  19  P= 579  D=  -1 * 24
 X= 234 X2= 233  Y= 337 Y2= 328 P1= 691 P2= 199 T1=  19 T2=  19  P= 575  D=  -1 * 24
 X= 235 X2= 233  Y= 334 Y2= 327 P1= 691 P2= 199 T1=  20 T2=  20  P= 578  D=  -1 * 24
 X= 236 X2= 234  Y= 334 Y2= 328 P1= 690 P2= 199 T1=  20 T2=  19  P= 579  D=  -1 * 24
 X= 236 X2= 234  Y= 334 Y2= 328 P1= 691 P2= 199 T1=  20 T2=  23  P= 580  D=  -1 * 24
 X= 236 X2= 235  Y= 334 Y2= 328 P1= 691 P2= 199 T1=  21 T2=  20  P= 580  D=  -1 * 24
 X= 237 X2= 234  Y= 334 Y2= 328 P1= 690 P2= 198 T1=  20 T2=  20  P= 583  D=  -1 * 24
 X= 235 X2= 234  Y= 335 Y2= 327 P1= 690 P2= 199 T1=  20 T2=  20  P= 577  D=  -1 * 24
 X= 237 X2= 233  Y= 335 Y2= 327 P1= 690 P2= 199 T1=  20 T2=  20  P= 579  D=  -1 * 24
 X= 235 X2= 237  Y= 335 Y2= 328 P1= 690 P2= 198 T1=  20 T2=  20  P= 586  D=  -1 * 24
 X= 236 X2= 233  Y= 334 Y2= 327 P1= 693 P2= 199 T1=  20 T2=  20  P= 580  D=  -1 * 24
 X= 236 X2= 234  Y= 334 Y2= 328 P1= 691 P2= 198 T1=  21 T2=  20  P= 584  D=  -1 * 24
 X= 914 X2=1021  Y= 978 Y2=1023 P1=1023 P2=   0 T1=1023 T2= 899  P= 584  D=  -1 
 X= 908 X2=1020  Y= 981 Y2=1023 P1=1023 P2=   0 T1=1023 T2= 895  P= 584  D=  -1 
 X= 920 X2=1023  Y= 983 Y2=1020 P1=1023 P2=   0 T1=1023 T2= 901  P= 584  D=  -1 
target state=1 point=456,22
 X= 953 X2=1023  Y= 972 Y2=1021 P1=1023 P2=   0 T1=1021 T2= 914  P= 584  D=  -1 
 X= 865 X2=1015  Y= 976 Y2=1019 P1=1023 P2=   0 T1=1021 T2= 909  P= 584  D=  -1 
 X= 959 X2= 983  Y= 986 Y2=1019 P1=1023 P2=   0 T1=1023 T2= 855  P= 584  D=  -1 
 X= 937 X2=1023  Y= 985 Y2=1019 P1=1023 P2=   0 T1=1021 T2= 921  P= 584  D=  -1 
 X= 945 X2=1023  Y= 970 Y2=1023 P1=1023 P2=   0 T1=1020 T2= 919  P= 584  D=  -1 
 X= 888 X2=1023  Y= 975 Y2=1019 P1=1023 P2=   0 T1=1023 T2= 906  P= 584  D=  -1 
 X=1023 X2=1001  Y= 969 Y2=1022 P1=1023 P2=   0 T1=1020 T2= 896  P= 584  D=  -1 
 X= 896 X2=1018  Y= 985 Y2=1023 P1=1023 P2=   0 T1=1023 T2= 917  P= 584  D=  -1 
 X= 840 X2=1023  Y= 971 Y2=1020 P1=1023 P2=   0 T1=1020 T2= 916  P= 584  D=  -1 
 X= 989 X2=1016  Y= 976 Y2=1023 P1=1023 P2=   0 T1=1023 T2= 900  P= 584  D=  -1 
 X= 991 X2=1012  Y= 979 Y2=1023 P1=1023 P2=   0 T1=1020 T2= 914  P= 584  D=  -1 
 X= 929 X2=1017  Y= 973 Y2=1020 P1=1023 P2=   0 T1=1023 T2= 938  P= 584  D=  -1 
 X= 925 X2=1022  Y= 983 Y2=1019 P1=1023 P2=   0 T1=1023 T2= 899  P= 584  D=  -1 
 X=1023 X2=1011  Y= 970 Y2=1023 P1=1022 P2=   0 T1=1022 T2= 930  P= 584  D=  -1 
 X= 879 X2=1023  Y= 978 Y2=1022 P1=1023 P2=   0 T1=1023 T2= 896  P= 584  D=  -1 
 X= 896 X2=1023  Y= 973 Y2=1021 P1=1023 P2=   0 T1=1020 T2= 914  P= 584  D=  -1 
 X= 911 X2=1020  Y= 970 Y2=1023 P1=1023 P2=   0 T1=1021 T2= 911  P= 584  D=  -1 
 X= 818 X2=1023  Y= 985 Y2=1023 P1=1023 P2=   0 T1=1023 T2= 927  P= 584  D=  -1 
 X=1005 X2=1023  Y=1020 Y2=1023 P1=1023 P2=   0 T1=1023 T2=1021  P= 584  D=  -1 
 X= 942 X2=1012  Y=1001 Y2=1021 P1=1023 P2=   0 T1=1020 T2= 889  P= 584  D=  -1 
 X= 865 X2=1023  Y= 979 Y2=1023 P1=1023 P2=   0 T1=1023 T2= 912  P= 584  D=  -1 
 X= 966 X2=1023  Y= 981 Y2=1023 P1=1023 P2=   0 T1=1020 T2= 910  P= 584  D=  -1 
 X=1023 X2= 989  Y= 977 Y2=1018 P1=1023 P2=   0 T1=1023 T2= 923  P= 584  D=  -1 
 X= 927 X2=1023  Y= 975 Y2=1023 P1=1023 P2=   0 T1=1020 T2= 902  P= 584  D=  -1 
 X= 875 X2=1023  Y= 977 Y2=1021 P1=1023 P2=   0 T1=1023 T2= 900  P= 584  D=  -1 
 X= 901 X2=1023  Y= 977 Y2=1019 P1=1023 P2=   0 T1=1023 T2= 913  P= 584  D=  -1 
 X= 926 X2=1015  Y= 968 Y2=1023 P1=1023 P2=   0 T1=1021 T2= 901  P= 584  D=  -1 
 X= 844 X2=1023  Y= 982 Y2=1023 P1=1023 P2=   0 T1=1023 T2= 904  P= 584  D=  -1 
 X= 937 X2=1005  Y= 973 Y2=1023 P1=1023 P2=   0 T1=1023 T2= 918  P= 584  D=  -1 
 X=1011 X2= 992  Y= 985 Y2=1023 P1=1023 P2=   0 T1=1023 T2= 909  P= 584  D=  -1 
 X= 877 X2=1023  Y= 983 Y2=1023 P1=1023 P2=   0 T1=1023 T2= 919  P= 584  D=  -1 
 X= 938 X2=1021  Y= 981 Y2=1019 P1=1023 P2=   0 T1=1023 T2= 888  P= 584  D=  -1 
 X= 922 X2= 993  Y= 985 Y2=1021 P1=1023 P2=   0 T1=1021 T2= 898  P= 584  D=  -1 
 X= 952 X2=1023  Y= 981 Y2=1021 P1=1023 P2=   0 T1=1021 T2= 903  P= 584  D=  -1 
 X= 931 X2=1022  Y= 977 Y2=1023 P1=1023 P2=   0 T1=1023 T2= 910  P= 584  D=  -1 
 X= 988 X2= 997  Y= 948 Y2=1019 P1=1023 P2=   0 T1=1020 T2= 927  P= 584  D=  -1 
 X= 969 X2=1010  Y= 978 Y2=1020 P1=1023 P2=   0 T1=1021 T2= 907  P= 584  D=  -1 
 X= 921 X2=1017  Y= 982 Y2=1021 P1=1023 P2=   0 T1=1023 T2= 918  P= 584  D=  -1 
 X=1023 X2=1002  Y= 979 Y2=1023 P1=1023 P2=   0 T1=1023 T2= 893  P= 584  D=  -1 
 X=1009 X2= 996  Y= 983 Y2=1023 P1=1023 P2=   0 T1=1023 T2= 858  P= 584  D=  -1 
 X= 886 X2=1023  Y= 970 Y2=1023 P1=1023 P2=   0 T1=1023 T2= 889  P= 584  D=  -1 
 X= 921 X2=1021  Y= 977 Y2=1019 P1=1023 P2=   0 T1=1023 T2= 902  P= 584  D=  -1 
 X= 902 X2=1018  Y= 975 Y2=1023 P1=1023 P2=   0 T1=1023 T2= 902  P= 584  D=  -1 
 X= 800 X2=1023  Y= 966 Y2=1023 P1=1023 P2=   0 T1=1020 T2= 921  P= 584  D=  -1 
 X= 904 X2=1023  Y= 995 Y2=1019 P1=1023 P2=   0 T1=1023 T2= 913  P= 584  D=  -1 
 X=1021 X2=1018  Y= 985 Y2=1023 P1=1023 P2=   0 T1=1023 T2= 878  P= 584  D=  -1 
 X= 789 X2=1023  Y= 976 Y2=1023 P1=1023 P2=   0 T1=1023 T2= 911  P= 584  D=  -1 
 X= 972 X2=1005  Y= 982 Y2=1023 P1=1023 P2=   0 T1=1023 T2= 899  P= 584  D=  -1 
 X= 996 X2=1002  Y= 974 Y2=1023 P1=1023 P2=   0 T1=1023 T2= 914  P= 584  D=  -1 
 X= 908 X2=1023  Y= 985 Y2=1020 P1=1023 P2=   0 T1=1023 T2= 903  P= 584  D=  -1 
 X= 834 X2=1022  Y= 970 Y2=1020 P1=1023 P2=   0 T1=1021 T2= 856  P= 584  D=  -1 
 X= 853 X2=1017  Y= 966 Y2=1021 P1=1023 P2=   0 T1=1023 T2= 892  P= 584  D=  -1 
 X= 930 X2=1023  Y= 978 Y2=1023 P1=1023 P2=   0 T1=1021 T2= 907  P= 584  D=  -1 
 X= 905 X2=1023  Y= 979 Y2=1023 P1=1023 P2=   0 T1=1022 T2= 925  P= 584  D=  -1 
 X= 955 X2=1023  Y= 964 Y2=1022 P1=1021 P2=   0 T1=1023 T2= 909  P= 584  D=  -1 
 X= 967 X2=1023  Y= 980 Y2=1020 P1=1023 P2=   0 T1=1020 T2= 913  P= 584  D=  -1 
 X= 994 X2=1023  Y= 974 Y2=1020 P1=1023 P2=   0 T1=1022 T2= 930  P= 584  D=  -1 
 X= 998 X2=1012  Y= 969 Y2=1019 P1=1023 P2=   0 T1=1023 T2= 907  P= 584  D=  -1 
 X= 813 X2=1023  Y= 975 Y2=1020 P1=1023 P2=   0 T1=1023 T2= 927  P= 584  D=  -1 
 X= 907 X2=1023  Y= 989 Y2=1023 P1=1023 P2=   0 T1=1023 T2= 906  P= 584  D=  -1 
 X= 961 X2=1023  Y= 949 Y2=1023 P1=1023 P2=   0 T1=1020 T2= 899  P= 584  D=  -1 
 X= 907 X2=1018  Y= 981 Y2=1023 P1=1023 P2=   0 T1=1023 T2= 907  P= 584  D=  -1 
 X= 859 X2=1023  Y= 978 Y2= 352 P1= 815 P2= 472 T1=1023 T2=  13  P= 584  D=  -1 
 X=1021 X2= 993  Y= 979 Y2=1020 P1=1023 P2=   0 T1=1021 T2= 904  P= 584  D=  -1 
 X= 812 X2= 811  Y= 329 Y2= 336 P1= 803 P2= 488 T1=  13 T2=  13  P= 523  D=  -1 * 0
 X= 814 X2= 812  Y= 333 Y2= 340 P1= 815 P2= 467 T1=  29 T2=  14  P= 523  D=  -1 * 0
 X= 812 X2= 811  Y= 329 Y2= 337 P1= 807 P2= 481 T1=  13 T2=  13  P= 549  D=  -1 * 0
 X= 812 X2= 811  Y= 330 Y2= 336 P1= 806 P2= 482 T1=  12 T2=  13  P= 544  D=  -1 * 0
 X= 812 X2= 811  Y= 329 Y2= 337 P1= 806 P2= 483 T1=  14 T2=  11  P= 541  D=  -1 * 1
 X= 812 X2= 812  Y= 330 Y2= 337 P1= 806 P2= 483 T1=  13 T2=  12  P= 542  D=  -1 * 2
 X= 812 X2= 813  Y= 329 Y2= 336 P1= 806 P2= 483 T1=  13 T2=  13  P= 542  D=  -1 * 3
 X= 811 X2= 811  Y= 330 Y2= 335 P1= 806 P2= 483 T1=  13 T2=  14  P= 541  D=  -1 * 4
 X= 816 X2= 811  Y= 329 Y2= 336 P1= 806 P2= 484 T1=  13 T2=  13  P= 540  D=  -1 * 5
 X= 811 X2= 811  Y= 330 Y2= 336 P1= 806 P2= 484 T1=  12 T2=  14  P= 539  D=  -1 * 6
 X= 811 X2= 811  Y= 330 Y2= 335 P1= 805 P2= 485 T1=  13 T2=  13  P= 534  D=  -1 * 7
 X= 812 X2= 811  Y= 329 Y2= 336 P1= 805 P2= 485 T1=  13 T2=  13  P= 534  D=  -1 * 8
 X= 811 X2= 811  Y= 330 Y2= 336 P1= 805 P2= 485 T1=  13 T2=  12  P= 534  D=  -1 * 9
 X= 811 X2= 811  Y= 329 Y2= 336 P1= 805 P2= 485 T1=  13 T2=  14  P= 534  D=  -1 * 10
 X= 812 X2= 810  Y= 329 Y2= 337 P1= 805 P2= 485 T1=  13 T2=  13  P= 534  D=  -1 * 11
 X= 812 X2= 811  Y= 330 Y2= 336 P1= 805 P2= 485 T1=  12 T2=  13  P= 534  D=  -1 * 12
 X= 810 X2= 811  Y= 329 Y2= 336 P1= 805 P2= 485 T1=  13 T2=  13  P= 533  D=  -1 * 13
 X= 811 X2= 811  Y= 330 Y2= 342 P1= 805 P2= 485 T1=  13 T2=  13  P= 534  D=  -1 * 14
 X= 812 X2= 810  Y= 329 Y2= 336 P1= 805 P2= 485 T1=  12 T2=  13  P= 534  D=  -1 * 15
 X= 811 X2= 810  Y= 330 Y2= 337 P1= 805 P2= 485 T1=  13 T2=  12  P= 533  D=  -1 * 16
 X= 811 X2= 811  Y= 330 Y2= 336 P1= 805 P2= 485 T1=  13 T2=  13  P= 534  D=  -1 * 17
 X= 811 X2= 810  Y= 330 Y2= 336 P1= 806 P2= 485 T1=  12 T2=  13  P= 535  D=  -1 * 18
 X= 808 X2= 813  Y= 329 Y2= 336 P1= 805 P2= 485 T1=  13 T2=  13  P= 533  D=  -1 * 19
 X= 812 X2= 811  Y= 329 Y2= 336 P1= 805 P2= 485 T1=  13 T2=  14  P= 534  D=  -1 * 20
 X= 812 X2= 810  Y= 329 Y2= 337 P1= 805 P2= 485 T1=  13 T2=  13  P= 534  D=  -1 * 21
 X= 811 X2= 811  Y= 329 Y2= 336 P1= 805 P2= 485 T1=  12 T2=  13  P= 534  D=  -1 * 22
 X= 812 X2= 811  Y= 329 Y2= 336 P1= 805 P2= 485 T1=  13 T2=  12  P= 534  D=  -1 * 23
 X= 811 X2= 811  Y= 329 Y2= 336 P1= 805 P2= 485 T1=  13 T2=  12  P= 534  D=  -1 * 24
Remove Pin
 X= 812 X2= 810  Y= 329 Y2= 336 P1= 805 P2= 485 T1=  13 T2=  13  P= 534  D=  -1 * 24
 X= 812 X2= 810  Y= 329 Y2= 335 P1= 805 P2= 485 T1=  13 T2=  13  P= 534  D=  -1 * 24
 X= 812 X2= 811  Y= 329 Y2= 336 P1= 806 P2= 484 T1=  12 T2=  14  P= 539  D=  -1 * 24
 X= 812 X2= 811  Y= 330 Y2= 336 P1= 805 P2= 485 T1=  13 T2=  13  P= 534  D=  -1 * 24
 X= 812 X2= 811  Y= 330 Y2= 337 P1= 805 P2= 485 T1=  13 T2=  13  P= 534  D=  -1 * 24
 X= 812 X2= 810  Y= 329 Y2= 337 P1= 805 P2= 485 T1=  12 T2=  13  P= 534  D=  -1 * 24
 X= 811 X2= 812  Y= 329 Y2= 337 P1= 804 P2= 485 T1=  12 T2=  13  P= 532  D=  -1 * 24
 X= 812 X2= 811  Y= 330 Y2= 337 P1= 806 P2= 485 T1=  10 T2=  13  P= 536  D=  -1 * 24
 X= 812 X2= 811  Y= 330 Y2= 337 P1= 805 P2= 485 T1=  14 T2=  13  P= 534  D=  -1 * 24
 X= 814 X2= 811  Y= 330 Y2= 336 P1= 804 P2= 486 T1=  13 T2=  13  P= 531  D=  -1 * 24
 X= 812 X2= 812  Y= 329 Y2= 336 P1= 805 P2= 485 T1=  13 T2=  13  P= 535  D=  -1 * 24
 X= 812 X2= 811  Y= 329 Y2= 336 P1= 805 P2= 486 T1=  13 T2=  11  P= 532  D=  -1 * 24
 X= 811 X2= 810  Y= 329 Y2= 337 P1= 805 P2= 485 T1=  14 T2=  13  P= 533  D=  -1 * 24
 X= 812 X2= 810  Y= 328 Y2= 336 P1= 805 P2= 485 T1=  13 T2=  13  P= 534  D=  -1 * 24
 X= 811 X2= 810  Y= 329 Y2= 336 P1= 805 P2= 485 T1=  11 T2=  12  P= 533  D=  -1 * 24
 X= 812 X2= 811  Y= 327 Y2= 336 P1= 805 P2= 486 T1=  13 T2=  12  P= 532  D=  -1 * 24
 X= 812 X2= 810  Y= 329 Y2= 336 P1= 805 P2= 484 T1=  13 T2=  13  P= 537  D=  -1 * 24
 X= 924 X2=1022  Y= 951 Y2=1023 P1=1023 P2=   0 T1=1018 T2= 916  P= 537  D=  -1 
 X= 960 X2= 989  Y= 988 Y2=1018 P1=1023 P2=   0 T1=1023 T2= 903  P= 537  D=  -1 
 X=1018 X2=1001  Y= 978 Y2=1021 P1=1023 P2=   0 T1=1023 T2= 911  P= 537  D=  -1 
target state=2 point=456,249
 X=1023 X2=1012  Y= 979 Y2=1019 P1=1023 P2=   0 T1=1022 T2= 902  P= 537  D=  -1 
 X= 955 X2=1021  Y= 977 Y2=1021 P1=1023 P2=   0 T1=1020 T2= 902  P= 537  D=  -1 
 X= 965 X2=1013  Y= 969 Y2=1023 P1=1023 P2=   0 T1=1023 T2= 914  P= 537  D=  -1 
 X= 952 X2=1023  Y= 972 Y2=1023 P1=1023 P2=   0 T1=1023 T2= 912  P= 537  D=  -1 
 X= 964 X2=1020  Y= 970 Y2=1023 P1=1023 P2=   0 T1=1023 T2= 890  P= 537  D=  -1 
 X=1023 X2= 993  Y= 974 Y2=1019 P1=1023 P2=   0 T1=1023 T2= 903  P= 537  D=  -1 
 X= 879 X2=1017  Y= 953 Y2=1021 P1=1023 P2=   0 T1=1019 T2= 927  P= 537  D=  -1 
 X=1010 X2=1022  Y=1023 Y2=1023 P1=1023 P2=   0 T1=1021 T2=1019  P= 537  D=  -1 
 X= 858 X2=1016  Y= 972 Y2=1022 P1=1023 P2=   0 T1=1023 T2= 890  P= 537  D=  -1 
 X= 863 X2=1023  Y= 971 Y2=1022 P1=1023 P2=   0 T1=1020 T2= 896  P= 537  D=  -1 
 X= 926 X2=1023  Y= 987 Y2=1022 P1=1023 P2=   0 T1=1023 T2= 907  P= 537  D=  -1 
 X= 980 X2=1015  Y= 974 Y2=1023 P1=1023 P2=   0 T1=1023 T2= 902  P= 537  D=  -1 
 X= 859 X2=1016  Y= 985 Y2=1023 P1=1023 P2=   0 T1=1021 T2= 922  P= 537  D=  -1 
 X= 782 X2=1023  Y= 988 Y2=1022 P1=1023 P2=   0 T1=1021 T2= 917  P= 537  D=  -1 
 X=1023 X2= 994  Y= 980 Y2=1023 P1=1023 P2=   0 T1=1023 T2= 918  P= 537  D=  -1 
 X= 967 X2=1018  Y= 979 Y2=1022 P1=1023 P2=   0 T1=1020 T2= 930  P= 537  D=  -1 
 X= 877 X2=1023  Y= 991 Y2=1015 P1=1023 P2=   0 T1=1023 T2= 923  P= 537  D=  -1 
 X= 909 X2=1022  Y= 977 Y2=1018 P1=1023 P2=   0 T1=1023 T2= 916  P= 537  D=  -1 
 X= 924 X2=1023  Y= 964 Y2=1021 P1=1023 P2=   0 T1=1021 T2= 902  P= 537  D=  -1 
 X= 806 X2=1023  Y= 975 Y2=1023 P1=1023 P2=   0 T1=1021 T2= 903  P= 537  D=  -1 
 X= 975 X2=1023  Y= 976 Y2=1019 P1=1022 P2=   0 T1=1023 T2= 901  P= 537  D=  -1 
 X= 997 X2=1011  Y= 963 Y2=1023 P1=1023 P2=   0 T1=1022 T2= 924  P= 537  D=  -1 
 X= 911 X2=1022  Y= 973 Y2=1020 P1=1023 P2=   0 T1=1023 T2= 919  P= 537  D=  -1 
 X= 921 X2=1023  Y= 977 Y2=1020 P1=1023 P2=   0 T1=1023 T2= 917  P= 537  D=  -1 
 X=1023 X2=1003  Y= 979 Y2=1019 P1=1023 P2=   0 T1=1020 T2= 912  P= 537  D=  -1 
 X= 885 X2=1023  Y= 974 Y2=1020 P1=1023 P2=   0 T1=1021 T2= 905  P= 537  D=  -1 
 X= 860 X2=1023  Y= 972 Y2=1023 P1=1023 P2=   0 T1=1021 T2= 899  P= 537  D=  -1 
 X= 951 X2=1006  Y= 974 Y2=1019 P1=1023 P2=   0 T1=1023 T2= 906  P= 537  D=  -1 
 X= 804 X2=1023  Y= 978 Y2=1023 P1=1023 P2=   0 T1=1023 T2= 921  P= 537  D=  -1 
 X= 826 X2=1023  Y= 956 Y2=1022 P1=1023 P2=   0 T1=1021 T2= 904  P= 537  D=  -1 
 X= 979 X2=1004  Y= 974 Y2=1020 P1=1023 P2=   0 T1=1020 T2= 916  P= 537  D=  -1 
 X= 863 X2=1014  Y= 967 Y2=1023 P1=1023 P2=   0 T1=1023 T2= 921  P= 537  D=  -1 
 X=1019 X2=1018  Y= 973 Y2=1023 P1=1023 P2=   0 T1=1020 T2= 889  P= 537  D=  -1 
 X=1023 X2=1019  Y= 973 Y2=1023 P1=1023 P2=   0 T1=1021 T2= 907  P= 537  D=  -1 
 X=1023 X2=1018  Y= 986 Y2=1023 P1=1023 P2=   0 T1=1023 T2= 905  P= 537  D=  -1 
 X= 946 X2=1021  Y= 977 Y2=1019 P1=1023 P2=   0 T1=1023 T2= 896  P= 537  D=  -1 
 X= 925 X2=1022  Y= 983 Y2=1023 P1=1023 P2=   0 T1=1023 T2= 898  P= 537  D=  -1 
 X= 880 X2=1020  Y= 973 Y2=1023 P1=1023 P2=   0 T1=1019 T2= 899  P= 537  D=  -1 
 X= 789 X2=1023  Y= 983 Y2=1023 P1=1023 P2=   0 T1=1023 T2= 912  P= 537  D=  -1 
 X=1018 X2= 992  Y= 975 Y2=1023 P1=1023 P2=   0 T1=1023 T2= 903  P= 537  D=  -1 
 X= 957 X2=1012  Y= 982 Y2=1023 P1=1023 P2=   0 T1=1023 T2= 911  P= 537  D=  -1 
 X= 979 X2= 973  Y= 984 Y2=1023 P1=1023 P2=   0 T1=1021 T2= 898  P= 537  D=  -1 
 X= 950 X2= 995  Y= 966 Y2=1019 P1=1023 P2=   0 T1=1023 T2= 909  P= 537  D=  -1 
 X=1023 X2=1011  Y= 950 Y2=1023 P1=1023 P2=   0 T1=1023 T2= 906  P= 537  D=  -1 
 X= 868 X2=1023  Y= 967 Y2=1021 P1=1023 P2=   0 T1=1020 T2= 898  P= 537  D=  -1 
 X=1020 X2=1021  Y= 983 Y2=1023 P1=1023 P2=   0 T1=1023 T2= 906  P= 537  D=  -1 
 X= 794 X2=1023  Y= 974 Y2=1022 P1=1023 P2=   0 T1=1021 T2= 865  P= 537  D=  -1 
 X= 780 X2=1023  Y= 990 Y2=1021 P1=1023 P2=   0 T1=1020 T2= 914  P= 537  D=  -1 
 X= 852 X2=1023  Y= 991 Y2=1023 P1=1023 P2=   0 T1=1021 T2= 907  P= 537  D=  -1 
 X=1022 X2=1018  Y= 970 Y2=1023 P1=1023 P2=   0 T1=1023 T2= 921  P= 537  D=  -1 
 X= 959 X2=1013  Y= 979 Y2=1023 P1=1023 P2=   0 T1=1023 T2= 900  P= 537  D=  -1 
 X= 957 X2=1021  Y= 988 Y2=1020 P1=1023 P2=   0 T1=1023 T2= 907  P= 537  D=  -1 
 X= 923 X2=1023  Y= 984 Y2=1019 P1=1023 P2=   0 T1=1020 T2= 914  P= 537  D=  -1 
 X= 833 X2=1023  Y= 973 Y2=1022 P1=1023 P2=   0 T1=1021 T2= 902  P= 537  D=  -1 
 X= 837 X2=1023  Y= 955 Y2=1022 P1=1023 P2=   0 T1=1023 T2= 892  P= 537  D=  -1 
 X= 922 X2=1021  Y= 985 Y2=1018 P1=1023 P2=   0 T1=1022 T2= 911  P= 537  D=  -1 
 X= 901 X2=1018  Y= 986 Y2=1023 P1=1023 P2=   0 T1=1018 T2= 929  P= 537  D=  -1 
 X= 857 X2=1023  Y= 975 Y2=1019 P1=1023 P2=   0 T1=1023 T2= 961  P= 537  D=  -1 
 X= 973 X2=1018  Y= 966 Y2=1020 P1=1023 P2=   0 T1=1023 T2= 917  P= 537  D=  -1 
 X= 947 X2=1023  Y= 981 Y2=1020 P1=1023 P2=   0 T1=1023 T2= 918  P= 537  D=  -1 
 X= 922 X2=1023  Y= 984 Y2=1020 P1=1023 P2=   0 T1=1023 T2= 877  P= 537  D=  -1 
 X=1023 X2=1005  Y= 981 Y2=1023 P1=1023 P2=   0 T1=1023 T2= 895  P= 537  D=  -1 
 X= 807 X2= 807  Y= 713 Y2= 716 P1= 909 P2= 567 T1=  12 T2=  13  P= 486  D=  -1 * 0
 X= 799 X2=1023  Y= 989 Y2=1023 P1=1023 P2=   0 T1=1023 T2= 942  P= 486  D=  -1 
 X= 903 X2=1023  Y= 976 Y2=1023 P1=1023 P2=   0 T1=1023 T2= 922  P= 486  D=  -1 
 X= 806 X2= 810  Y= 713 Y2= 718 P1= 910 P2= 563 T1=  12 T2=  11  P= 497  D=  -1 * 0
 X= 934 X2=1023  Y= 970 Y2=1023 P1=1023 P2=   0 T1=1020 T2= 917  P= 497  D=  -1 
 X= 810 X2= 808  Y= 716 Y2= 718 P1= 914 P2= 542 T1=  13 T2=  12  P= 554  D=  -1 * 0
 X= 809 X2= 810  Y= 713 Y2= 717 P1= 913 P2= 542 T1=  13 T2=  14  P= 553  D=  -1 * 0
 X= 809 X2= 810  Y= 713 Y2= 718 P1= 913 P2= 545 T1=  13 T2=  14  P= 546  D=  -1 * 1
 X= 809 X2= 807  Y= 713 Y2= 718 P1= 913 P2= 546 T1=  13 T2=  13  P= 542  D=  -1 * 2
 X= 811 X2= 810  Y= 713 Y2= 718 P1= 913 P2= 546 T1=  13 T2=  12  P= 544  D=  -1 * 3
 X= 809 X2= 811  Y= 713 Y2= 717 P1= 913 P2= 548 T1=  13 T2=  13  P= 539  D=  -1 * 4
 X= 809 X2= 812  Y= 714 Y2= 718 P1= 913 P2= 546 T1=  13 T2=  12  P= 544  D=  -1 * 5
 X= 809 X2= 809  Y= 714 Y2= 717 P1= 913 P2= 547 T1=  14 T2=  13  P= 541  D=  -1 * 6
 X= 808 X2= 811  Y= 713 Y2= 717 P1= 912 P2= 547 T1=  13 T2=  12  P= 539  D=  -1 * 7
 X= 808 X2= 813  Y= 713 Y2= 717 P1= 912 P2= 547 T1=  13 T2=  13  P= 540  D=  -1 * 8
 X= 809 X2= 810  Y= 714 Y2= 716 P1= 912 P2= 548 T1=  13 T2=  13  P= 537  D=  -1 * 9
 X= 810 X2= 810  Y= 713 Y2= 718 P1= 912 P2= 548 T1=  13 T2=  13  P= 537  D=  -1 * 10
 X= 809 X2= 811  Y= 713 Y2= 717 P1= 913 P2= 548 T1=  13 T2=  13  P= 539  D=  -1 * 11
 X= 809 X2= 811  Y= 713 Y2= 717 P1= 913 P2= 548 T1=  13 T2=  12  P= 539  D=  -1 * 12
 X= 809 X2= 811  Y= 714 Y2= 718 P1= 913 P2= 548 T1=  12 T2=  12  P= 539  D=  -1 * 13
 X= 809 X2= 810  Y= 713 Y2= 716 P1= 911 P2= 548 T1=  16 T2=  14  P= 535  D=  -1 * 14
 X= 809 X2= 810  Y= 713 Y2= 718 P1= 913 P2= 548 T1=  14 T2=  13  P= 538  D=  -1 * 15
 X= 809 X2= 810  Y= 713 Y2= 717 P1= 912 P2= 547 T1=  13 T2=  14  P= 539  D=  -1 * 16
 X= 809 X2= 812  Y= 713 Y2= 717 P1= 912 P2= 547 T1=  14 T2=  13  P= 540  D=  -1 * 17
 X= 809 X2= 809  Y= 712 Y2= 718 P1= 913 P2= 548 T1=  11 T2=  14  P= 538  D=  -1 * 18
 X= 808 X2= 810  Y= 714 Y2= 717 P1= 912 P2= 548 T1=  13 T2=  13  P= 537  D=  -1 * 19
 X= 809 X2= 810  Y= 713 Y2= 717 P1= 912 P2= 547 T1=  12 T2=  13  P= 539  D=  -1 * 20
 X= 810 X2= 809  Y= 713 Y2= 713 P1= 912 P2= 548 T1=  13 T2=  13  P= 537  D=  -1 * 21
 X= 809 X2= 810  Y= 710 Y2= 717 P1= 913 P2= 547 T1=  12 T2=  13  P= 541  D=  -1 * 22
 X= 808 X2= 810  Y= 713 Y2= 717 P1= 912 P2= 548 T1=  14 T2=  13  P= 537  D=  -1 * 23
 X= 809 X2= 810  Y= 713 Y2= 717 P1= 912 P2= 547 T1=  13 T2=  13  P= 539  D=  -1 * 24
Remove Pin
 X= 809 X2= 810  Y= 713 Y2= 717 P1= 913 P2= 548 T1=  13 T2=  13  P= 538  D=  -1 * 24
 X= 809 X2= 810  Y= 714 Y2= 718 P1= 913 P2= 547 T1=  15 T2=  12  P= 541  D=  -1 * 24
 X= 809 X2= 810  Y= 713 Y2= 717 P1= 912 P2= 548 T1=  13 T2=  13  P= 537  D=  -1 * 24
 X= 809 X2= 807  Y= 713 Y2= 718 P1= 912 P2= 548 T1=  13 T2=  13  P= 536  D=  -1 * 24
 X= 810 X2= 809  Y= 714 Y2= 717 P1= 913 P2= 548 T1=  13 T2=  13  P= 538  D=  -1 * 24
 X= 809 X2= 810  Y= 714 Y2= 718 P1= 912 P2= 547 T1=  13 T2=  13  P= 539  D=  -1 * 24
 X= 810 X2= 809  Y= 714 Y2= 717 P1= 913 P2= 548 T1=  13 T2=  13  P= 538  D=  -1 * 24
 X= 809 X2= 809  Y= 712 Y2= 719 P1= 912 P2= 547 T1=  13 T2=  13  P= 539  D=  -1 * 24
 X= 809 X2= 810  Y= 713 Y2= 717 P1= 912 P2= 548 T1=  14 T2=  16  P= 537  D=  -1 * 24
 X= 810 X2= 810  Y= 713 Y2= 717 P1= 913 P2= 549 T1=  13 T2=  12  P= 537  D=  -1 * 24
 X= 809 X2= 810  Y= 714 Y2= 717 P1= 913 P2= 549 T1=  13 T2=  13  P= 536  D=  -1 * 24
 X= 810 X2= 811  Y= 714 Y2= 717 P1= 913 P2= 548 T1=  12 T2=  13  P= 539  D=  -1 * 24
 X= 809 X2= 809  Y= 713 Y2= 717 P1= 912 P2= 548 T1=  13 T2=  13  P= 537  D=  -1 * 24
 X= 809 X2= 810  Y= 714 Y2= 717 P1= 913 P2= 549 T1=  13 T2=  14  P= 536  D=  -1 * 24
 X= 809 X2= 809  Y= 713 Y2= 718 P1= 912 P2= 548 T1=  13 T2=  13  P= 537  D=  -1 * 24
 X= 809 X2= 810  Y= 713 Y2= 718 P1= 912 P2= 548 T1=  13 T2=  13  P= 537  D=  -1 * 24
 X= 809 X2= 810  Y= 713 Y2= 718 P1= 912 P2= 548 T1=  13 T2=  13  P= 537  D=  -1 * 24
 X= 809 X2= 811  Y= 713 Y2= 717 P1= 912 P2= 548 T1=  14 T2=  13  P= 537  D=  -1 * 24
 X= 808 X2= 810  Y= 713 Y2= 717 P1= 912 P2= 539 T1=  13 T2=  13  P= 559  D=  -1 * 24
 X= 967 X2=1013  Y= 971 Y2=1019 P1=1023 P2=   0 T1=1023 T2= 910  P= 559  D=  -1 
 X= 989 X2=1006  Y= 984 Y2=1019 P1=1023 P2=   0 T1=1022 T2= 893  P= 559  D=  -1 
 X= 945 X2=1022  Y= 986 Y2=1023 P1=1023 P2=   0 T1=1020 T2= 873  P= 559  D=  -1 
target state=3 point=23,249
 X=1004 X2=1004  Y= 980 Y2=1023 P1=1023 P2=   0 T1=1023 T2= 907  P= 559  D=  -1 
 X= 779 X2=1022  Y= 974 Y2=1020 P1=1023 P2=   0 T1=1023 T2= 895  P= 559  D=  -1 
 X= 902 X2=1023  Y= 973 Y2=1019 P1=1023 P2=   0 T1=1023 T2= 909  P= 559  D=  -1 
 X= 965 X2=1022  Y= 980 Y2=1021 P1=1023 P2=   0 T1=1023 T2= 903  P= 559  D=  -1 
 X= 865 X2=1015  Y= 984 Y2=1023 P1=1023 P2=   0 T1=1020 T2= 889  P= 559  D=  -1 
 X= 852 X2=1023  Y= 983 Y2=1020 P1=1023 P2=   0 T1=1022 T2= 923  P= 559  D=  -1 
 X= 926 X2=1000  Y= 979 Y2=1020 P1=1023 P2=   0 T1=1023 T2= 910  P= 559  D=  -1 
 X=1018 X2= 991  Y= 972 Y2=1021 P1=1023 P2=   0 T1=1023 T2= 899  P= 559  D=  -1 
 X= 923 X2=1023  Y= 975 Y2=1020 P1=1023 P2=   0 T1=1023 T2= 921  P= 559  D=  -1 
 X= 957 X2=1009  Y= 977 Y2=1020 P1=1023 P2=   0 T1=1023 T2= 931  P= 559  D=  -1 
 X= 784 X2=1023  Y=1003 Y2=1020 P1=1023 P2=   0 T1=1023 T2= 885  P= 559  D=  -1 
 X= 774 X2=1023  Y= 979 Y2=1021 P1=1023 P2=   0 T1=1021 T2= 914  P= 559  D=  -1 
 X= 871 X2=1023  Y= 985 Y2=1020 P1=1023 P2=   0 T1=1021 T2= 917  P= 559  D=  -1 
 X= 978 X2=1006  Y= 966 Y2=1019 P1=1023 P2=   0 T1=1023 T2= 914  P= 559  D=  -1 
 X= 883 X2=1017  Y= 970 Y2=1020 P1=1023 P2=   0 T1=1023 T2= 915  P= 559  D=  -1 
 X= 940 X2= 986  Y= 980 Y2=1019 P1=1023 P2=   0 T1=1021 T2= 909  P= 559  D=  -1 
 X= 938 X2= 990  Y= 960 Y2=1018 P1=1023 P2=   0 T1=1023 T2= 927  P= 559  D=  -1 
 X=1023 X2=1015  Y= 986 Y2=1022 P1=1023 P2=   0 T1=1021 T2= 935  P= 559  D=  -1 
 X= 910 X2=1023  Y= 991 Y2=1019 P1=1023 P2=   0 T1=1021 T2= 911  P= 559  D=  -1 
 X= 959 X2=1023  Y= 985 Y2=1019 P1=1023 P2=   0 T1=1023 T2= 908  P= 559  D=  -1 
 X= 996 X2=1023  Y= 979 Y2=1023 P1=1023 P2=   0 T1=1020 T2= 938  P= 559  D=  -1 
 X= 921 X2=1023  Y= 974 Y2=1017 P1=1023 P2=   0 T1=1022 T2= 910  P= 559  D=  -1 
 X=1015 X2=1000  Y= 980 Y2=1020 P1=1023 P2=   0 T1=1023 T2= 922  P= 559  D=  -1 
 X= 974 X2=1004  Y= 975 Y2=1023 P1=1023 P2=   0 T1=1021 T2= 884  P= 559  D=  -1 
 X= 954 X2=1023  Y= 977 Y2=1021 P1=1023 P2=   0 T1=1023 T2= 879  P= 559  D=  -1 
 X=1023 X2=1011  Y= 970 Y2=1020 P1=1023 P2=   0 T1=1023 T2= 899  P= 559  D=  -1 
 X=1023 X2= 991  Y= 975 Y2=1020 P1=1023 P2=   0 T1=1023 T2= 904  P= 559  D=  -1 
 X= 831 X2=1023  Y= 982 Y2=1023 P1=1023 P2=   0 T1=1020 T2= 914  P= 559  D=  -1 
 X= 911 X2=1023  Y= 985 Y2=1018 P1=1023 P2=   0 T1=1023 T2= 908  P= 559  D=  -1 
 X= 858 X2=1014  Y= 978 Y2=1023 P1=1023 P2=   0 T1=1021 T2= 929  P= 559  D=  -1 
 X= 801 X2=1023  Y= 985 Y2=1020 P1=1023 P2=   0 T1=1021 T2= 910  P= 559  D=  -1 
 X= 908 X2=1023  Y= 988 Y2=1022 P1=1023 P2=   0 T1=1023 T2= 937  P= 559  D=  -1 
 X= 922 X2=1023  Y= 971 Y2=1023 P1=1023 P2=   0 T1=1023 T2= 927  P= 559  D=  -1 
 X= 930 X2=1017  Y= 971 Y2=1020 P1=1023 P2=   0 T1=1018 T2= 916  P= 559  D=  -1 
 X= 967 X2=1002  Y= 980 Y2=1019 P1=1023 P2=   0 T1=1021 T2= 916  P= 559  D=  -1 
 X=1010 X2=1005  Y= 988 Y2=1020 P1=1023 P2=   0 T1=1022 T2= 912  P= 559  D=  -1 
 X= 795 X2=1023  Y= 979 Y2=1019 P1=1023 P2=   0 T1=1021 T2= 918  P= 559  D=  -1 
 X= 893 X2=1023  Y= 980 Y2=1019 P1=1023 P2=   0 T1=1023 T2= 909  P= 559  D=  -1 
 X= 956 X2=1023  Y= 983 Y2=1022 P1=1023 P2=   0 T1=1020 T2= 917  P= 559  D=  -1 
 X= 910 X2=1020  Y= 979 Y2=1023 P1=1023 P2=   0 T1=1022 T2= 895  P= 559  D=  -1 
 X= 843 X2=1023  Y= 979 Y2=1023 P1=1023 P2=   0 T1=1021 T2= 911  P= 559  D=  -1 
 X=1023 X2= 991  Y= 982 Y2=1019 P1=1023 P2=   0 T1=1023 T2= 916  P= 559  D=  -1 
 X= 921 X2=1021  Y= 967 Y2=1020 P1=1023 P2=   0 T1=1020 T2= 902  P= 559  D=  -1 
 X= 925 X2=1023  Y= 977 Y2=1020 P1=1023 P2=   0 T1=1023 T2= 853  P= 559  D=  -1 
 X= 875 X2=1022  Y= 988 Y2=1019 P1=1023 P2=   0 T1=1023 T2= 919  P= 559  D=  -1 
 X= 928 X2= 980  Y= 975 Y2=1017 P1=1023 P2=   0 T1=1021 T2= 915  P= 559  D=  -1 
 X= 933 X2=1023  Y= 982 Y2=1019 P1=1023 P2=   0 T1=1022 T2= 906  P= 559  D=  -1 
 X= 838 X2=1023  Y= 984 Y2=1022 P1=1023 P2=   0 T1=1023 T2= 911  P= 559  D=  -1 
 X= 922 X2=1012  Y= 974 Y2=1023 P1=1023 P2=   0 T1=1023 T2= 921  P= 559  D=  -1 
 X= 939 X2=1020  Y= 980 Y2=1023 P1=1023 P2=   0 T1=1021 T2= 924  P= 559  D=  -1 
 X=1023 X2=1000  Y= 981 Y2=1019 P1=1023 P2=   0 T1=1023 T2= 854  P= 559  D=  -1 
 X=1004 X2=1009  Y= 980 Y2=1023 P1=1023 P2=   0 T1=1022 T2= 911  P= 559  D=  -1 
 X= 935 X2=1021  Y= 988 Y2=1023 P1=1023 P2=   0 T1=1022 T2= 911  P= 559  D=  -1 
 X= 862 X2=1023  Y= 976 Y2=1020 P1=1023 P2=   0 T1=1020 T2= 903  P= 559  D=  -1 
 X= 962 X2=1002  Y= 973 Y2=1020 P1=1023 P2=   0 T1=1023 T2= 894  P= 559  D=  -1 
 X= 850 X2=1023  Y= 976 Y2=1020 P1=1023 P2=   0 T1=1023 T2= 893  P= 559  D=  -1 
 X= 927 X2=1023  Y= 979 Y2=1021 P1=1023 P2=   0 T1=1019 T2= 916  P= 559  D=  -1 
 X= 999 X2= 994  Y= 984 Y2=1021 P1=1023 P2=   0 T1=1022 T2= 914  P= 559  D=  -1 
 X= 896 X2=1021  Y= 975 Y2=1022 P1=1023 P2=   0 T1=1020 T2= 915  P= 559  D=  -1 
 X=1023 X2=1011  Y= 984 Y2=1023 P1=1023 P2=   0 T1=1023 T2= 905  P= 559  D=  -1 
 X=1022 X2=1011  Y= 987 Y2=1021 P1=1023 P2=   0 T1=1020 T2= 911  P= 559  D=  -1 
 X=1019 X2=1000  Y= 985 Y2=1023 P1=1023 P2=   0 T1=1023 T2= 909  P= 559  D=  -1 
 X= 887 X2=1023  Y= 990 Y2=1022 P1=1023 P2=   0 T1=1021 T2= 870  P= 559  D=  -1 
 X= 960 X2=1023  Y= 978 Y2=1023 P1=1023 P2=   0 T1=1023 T2= 905  P= 559  D=  -1 
 X= 949 X2=1019  Y= 973 Y2=1023 P1=1023 P2=   0 T1=1023 T2= 868  P= 559  D=  -1 
 X= 778 X2=1023  Y= 958 Y2=1020 P1=1023 P2=   0 T1=1021 T2= 891  P= 559  D=  -1 
 X= 965 X2=1013  Y= 966 Y2=1023 P1=1023 P2=   0 T1=1023 T2= 914  P= 559  D=  -1 
 X= 794 X2=1023  Y= 968 Y2=1020 P1=1023 P2=   0 T1=1023 T2= 914  P= 559  D=  -1 
 X= 876 X2=1020  Y= 974 Y2=1023 P1=1023 P2=   0 T1=1023 T2= 938  P= 559  D=  -1 
 X= 962 X2= 990  Y= 979 Y2=1023 P1=1023 P2=   0 T1=1022 T2= 883  P= 559  D=  -1 
 X=1023 X2=1012  Y= 983 Y2=1019 P1=1023 P2=   0 T1=1021 T2= 902  P= 559  D=  -1 
 X= 828 X2=1023  Y= 984 Y2=1023 P1=1023 P2=   0 T1=1023 T2= 929  P= 559  D=  -1 
 X= 840 X2=1023  Y= 975 Y2=1020 P1=1023 P2=   0 T1=1023 T2= 908  P= 559  D=  -1 
 X= 230 X2= 232  Y= 714 Y2= 710 P1= 833 P2= 247 T1=  19 T2=  19  P= 547  D=  -1 * 0
 X= 228 X2= 232  Y= 715 Y2= 711 P1= 839 P2= 241 T1=  22 T2=  21  P= 570  D=  -1 * 0
 X= 232 X2= 233  Y= 715 Y2= 711 P1= 839 P2= 241 T1=  20 T2=  20  P= 575  D=  -1 * 0
 X= 230 X2= 235  Y= 716 Y2= 711 P1= 838 P2= 242 T1=  20 T2=  19  P= 571  D=  -1 * 0
 X= 231 X2= 234  Y= 714 Y2= 711 P1= 838 P2= 243 T1=  20 T2=  20  P= 567  D=  -1 * 1
 X= 230 X2= 232  Y= 715 Y2= 711 P1= 837 P2= 243 T1=  20 T2=  19  P= 564  D=  -1 * 2
 X= 231 X2= 232  Y= 717 Y2= 710 P1= 837 P2= 245 T1=  19 T2=  19  P= 558  D=  -1 * 3
 X= 232 X2= 232  Y= 716 Y2= 711 P1= 837 P2= 244 T1=  19 T2=  20  P= 563  D=  -1 * 4
 X= 231 X2= 233  Y= 715 Y2= 710 P1= 836 P2= 245 T1=  19 T2=  19  P= 559  D=  -1 * 5
 X= 230 X2= 232  Y= 715 Y2= 711 P1= 836 P2= 245 T1=  19 T2=  20  P= 557  D=  -1 * 6
 X= 231 X2= 233  Y= 715 Y2= 711 P1= 836 P2= 245 T1=  20 T2=  20  P= 559  D=  -1 * 7
 X= 229 X2= 234  Y= 715 Y2= 710 P1= 837 P2= 246 T1=  20 T2=  18  P= 554  D=  -1 * 8
 X= 237 X2= 233  Y= 716 Y2= 711 P1= 835 P2= 245 T1=  20 T2=  20  P= 565  D=  -1 * 9
 X= 230 X2= 233  Y= 715 Y2= 711 P1= 835 P2= 249 T1=  19 T2=  21  P= 543  D=  -1 * 10
 X= 233 X2= 232  Y= 716 Y2= 711 P1= 835 P2= 247 T1=  20 T2=  19  P= 552  D=  -1 * 11
 X= 230 X2= 232  Y= 715 Y2= 711 P1= 835 P2= 246 T1=  19 T2=  19  P= 553  D=  -1 * 12
 X= 231 X2= 233  Y= 715 Y2= 711 P1= 835 P2= 245 T1=  19 T2=  20  P= 558  D=  -1 * 13
 X= 231 X2= 233  Y= 715 Y2= 711 P1= 835 P2= 246 T1=  20 T2=  19  P= 555  D=  -1 * 14
 X= 230 X2= 232  Y= 715 Y2= 710 P1= 836 P2= 246 T1=  20 T2=  19  P= 553  D=  -1 * 15
 X= 231 X2= 232  Y= 715 Y2= 711 P1= 835 P2= 246 T1=  20 T2=  20  P= 553  D=  -1 * 16
 X= 230 X2= 233  Y= 715 Y2= 711 P1= 835 P2= 246 T1=  22 T2=  20  P= 553  D=  -1 * 17
 X= 231 X2= 233  Y= 715 Y2= 711 P1= 835 P2= 246 T1=  20 T2=  19  P= 555  D=  -1 * 18
 X= 230 X2= 233  Y= 718 Y2= 710 P1= 836 P2= 246 T1=  19 T2=  19  P= 553  D=  -1 * 19
 X= 231 X2= 233  Y= 715 Y2= 711 P1= 835 P2= 247 T1=  20 T2=  19  P= 552  D=  -1 * 20
 X= 231 X2= 233  Y= 714 Y2= 711 P1= 836 P2= 246 T1=  20 T2=  19  P= 556  D=  -1 * 21
 X= 231 X2= 233  Y= 715 Y2= 710 P1= 836 P2= 246 T1=  19 T2=  19  P= 556  D=  -1 * 22
 X= 229 X2= 233  Y= 715 Y2= 709 P1= 835 P2= 246 T1=  20 T2=  20  P= 553  D=  -1 * 23
 X= 231 X2= 233  Y= 715 Y2= 711 P1= 835 P2= 246 T1=  20 T2=  19  P= 555  D=  -1 * 24
Remove Pin
 X= 231 X2= 233  Y= 715 Y2= 711 P1= 836 P2= 246 T1=  20 T2=  20  P= 556  D=  -1 * 24
 X= 229 X2= 233  Y= 714 Y2= 710 P1= 836 P2= 246 T1=  20 T2=  19  P= 553  D=  -1 * 24
 X= 230 X2= 233  Y= 716 Y2= 711 P1= 836 P2= 245 T1=  20 T2=  19  P= 557  D=  -1 * 24
 X= 231 X2= 235  Y= 715 Y2= 710 P1= 835 P2= 245 T1=  22 T2=  19  P= 561  D=  -1 * 24
 X= 231 X2= 233  Y= 715 Y2= 711 P1= 840 P2= 245 T1=  20 T2=  20  P= 563  D=  -1 * 24
 X= 231 X2= 234  Y= 716 Y2= 711 P1= 835 P2= 246 T1=  19 T2=  20  P= 555  D=  -1 * 24
 X= 230 X2= 233  Y= 715 Y2= 710 P1= 835 P2= 246 T1=  20 T2=  20  P= 553  D=  -1 * 24
 X= 231 X2= 233  Y= 715 Y2= 711 P1= 835 P2= 246 T1=  20 T2=  20  P= 555  D=  -1 * 24
 X= 231 X2= 233  Y= 715 Y2= 711 P1= 836 P2= 246 T1=  19 T2=  20  P= 556  D=  -1 * 24
 X= 231 X2= 233  Y= 715 Y2= 711 P1= 836 P2= 245 T1=  20 T2=  21  P= 559  D=  -1 * 24
 X= 231 X2= 233  Y= 715 Y2= 711 P1= 835 P2= 245 T1=  19 T2=  19  P= 558  D=  -1 * 24
 X= 231 X2= 233  Y= 714 Y2= 710 P1= 835 P2= 245 T1=  20 T2=  20  P= 558  D=  -1 * 24
 X= 230 X2= 232  Y= 715 Y2= 710 P1= 835 P2= 246 T1=  19 T2=  20  P= 553  D=  -1 * 24
 X= 230 X2= 232  Y= 715 Y2= 711 P1= 836 P2= 246 T1=  18 T2=  22  P= 553  D=  -1 * 24
 X= 231 X2= 233  Y= 715 Y2= 711 P1= 835 P2= 246 T1=  19 T2=  19  P= 555  D=  -1 * 24
 X= 231 X2= 234  Y= 715 Y2= 711 P1= 835 P2= 245 T1=  20 T2=  17  P= 558  D=  -1 * 24
 X= 230 X2= 233  Y= 715 Y2= 711 P1= 835 P2= 246 T1=  19 T2=  19  P= 553  D=  -1 * 24
 X= 230 X2= 233  Y= 718 Y2= 711 P1= 835 P2= 246 T1=  19 T2=  20  P= 553  D=  -1 * 24
 X= 231 X2= 235  Y= 715 Y2= 710 P1= 834 P2= 247 T1=  20 T2=  20  P= 553  D=  -1 * 24
 X= 959 X2=1012  Y= 978 Y2=1023 P1=1023 P2=   0 T1=1023 T2= 908  P= 553  D=  -1 
 X=1019 X2=1016  Y= 986 Y2=1023 P1=1023 P2=   0 T1=1020 T2= 916  P= 553  D=  -1 
 X= 975 X2=1019  Y= 988 Y2=1023 P1=1023 P2=   0 T1=1020 T2= 907  P= 553  D=  -1 
Target Noise  x= 2.50 y= 2.50
X[0]: Target= 23   234/ 235/ 236 Stdev= 0.59 N= 24  Y[0]: Target= 22   330/ 331/ 332 Stdev= 0.49 N= 24
X[1]: Target=456   810/ 811/ 813 Stdev= 0.63 N= 24  Y[1]: Target= 22   332/ 333/ 336 Stdev= 0.84 N= 24
X[2]: Target=456   808/ 809/ 810 Stdev= 0.54 N= 24  Y[2]: Target=249   713/ 715/ 716 Stdev= 0.65 N= 24
X[3]: Target= 23   231/ 232/ 235 Stdev= 0.83 N= 24  Y[3]: Target=249   712/ 713/ 714 Stdev= 0.51 N= 24
N=24 Avg=20
min: 19 20 20 20 20 20 
max: 21 21 21 20 20 20 
N=24 Avg=12
min: 12 12 12 12 12 12 
max: 13 13 13 13 13 13 
N=24 Avg=12
min: 12 12 12 12 12 12 
max: 15 13 13 13 13 13 
N=24 Avg=19
min: 19 19 19 19 19 19 
max: 21 20 20 20 20 20 
Using TNT center offset = 17
TNT Plane Coef: a= -793 b=   -4 c= 384011
At  234, 331: Real=  20 Fit=  20 Offset=   3
At  811, 332: Real=  13 Fit=  14 Offset=  -3
At  809, 714: Real=  13 Fit=  14 Offset=  -3
At  231, 712: Real=  20 Fit=  20 Offset=   3
Fit Corners: 23, 11, 11, 23  Center: 17
Setting for min_tnt_up:   520
Setting for max_tnt_down: 22 (V2:33)
Entering calib_pressure_mfg
Using default pressure curve
468 471 487 495 509 524 553 575 612 
Summary:
Setting for max_tnt_down:      22
3.7 setting for max_tnt_down:     -1
Setting for min_tnt_up:       520
Setting for max_delta_tnt:      5
3.8 setting for max_delta_tnt:     -1
Setting for delay_in_us:        1
Setting for y_delay_in_us:      1
Setting for tnt_delay_in_us:    1
Setting for pressure_curve:  468 471 487 495 509 524 553 575 612
Setting for tnt_mode:           1
Setting for averaging:         -1
Setting for pointercal:      49179 387 -10128904 -67 39045 -11466549 65536
Setting for tnt_plane:       -793 -4 384011
