new-calib: New touch screen calibration program v3.12
Serial Number='15061E00010B06020116'
Using tnt_mode=1
Setting for delay_in_us:        1
Setting for y_delay_in_us:      1
Setting for tnt_delay_in_us:    1
Setting for max_delta_tnt:      5
Setting for tnt_mode:           1
Setting for averaging:         -1
Entering get_four_points
target_noise  x= 2.50 y= 2.50 t= 2.50
target state=0 point=23,22
 X= 870 X2=1019  Y=1014 Y2=1021 P1=1023 P2=  -1 T1=1023 T2= 996  P= 611  D=   1 
 X= 953 X2=1015  Y= 969 Y2=1021 P1=1023 P2=  -1 T1=1021 T2= 883  P= 611  D=   1 
 X= 967 X2=1023  Y= 981 Y2=1023 P1=1023 P2=  -1 T1=1021 T2= 937  P= 611  D=   1 
 X= 871 X2=1023  Y= 988 Y2=1023 P1=1023 P2=  -1 T1=1022 T2= 926  P= 611  D=   1 
 X= 819 X2=1023  Y= 984 Y2=1023 P1=1023 P2=  -1 T1=1023 T2= 919  P= 611  D=   1 
 X= 999 X2=1008  Y= 983 Y2=1021 P1=1023 P2=  -1 T1=1023 T2= 907  P= 611  D=   1 
 X= 868 X2=1022  Y= 985 Y2=1023 P1=1023 P2=  -1 T1=1022 T2= 912  P= 611  D=   1 
 X=1023 X2=1015  Y= 984 Y2=1021 P1=1023 P2=  -1 T1=1021 T2= 921  P= 611  D=   1 
 X=1023 X2=1008  Y= 981 Y2=1023 P1=1023 P2=  -1 T1=1022 T2= 923  P= 611  D=   1 
 X= 828 X2=1023  Y= 978 Y2=1021 P1=1023 P2=  -1 T1=1023 T2= 912  P= 611  D=   1 
 X= 871 X2=1023  Y= 983 Y2=1023 P1=1023 P2=  -1 T1=1022 T2= 933  P= 611  D=   1 
 X= 999 X2= 999  Y= 987 Y2=1021 P1=1023 P2=  -1 T1=1023 T2= 943  P= 611  D=   1 
 X= 992 X2=1014  Y= 980 Y2=1023 P1=1023 P2=  -1 T1=1021 T2= 911  P= 611  D=   1 
 X= 963 X2=1022  Y= 984 Y2=1023 P1=1023 P2=  -1 T1=1023 T2= 924  P= 611  D=   1 
 X= 999 X2=1008  Y= 983 Y2=1023 P1=1023 P2=  -1 T1=1021 T2= 920  P= 611  D=   1 
 X=1018 X2= 992  Y= 986 Y2=1023 P1=1023 P2=  -1 T1=1023 T2= 925  P= 611  D=   1 
 X= 938 X2=1023  Y= 979 Y2=1019 P1=1023 P2=  -1 T1=1021 T2= 924  P= 611  D=   1 
 X= 964 X2=1023  Y= 980 Y2=1021 P1=1023 P2=  -1 T1=1022 T2= 923  P= 611  D=   1 
 X= 942 X2=1018  Y= 986 Y2=1022 P1=1023 P2=  -1 T1=1023 T2= 914  P= 611  D=   1 
 X= 796 X2=1023  Y= 988 Y2=1022 P1=1023 P2=  -1 T1=1021 T2= 914  P= 611  D=   1 
 X= 965 X2=1022  Y= 977 Y2=1021 P1=1023 P2=  -1 T1=1023 T2= 936  P= 611  D=   1 
 X= 951 X2=1022  Y= 984 Y2=1022 P1=1023 P2=  -1 T1=1022 T2= 919  P= 611  D=   1 
 X= 873 X2=1020  Y= 979 Y2=1021 P1=1023 P2=  -1 T1=1021 T2= 931  P= 611  D=   1 
 X=1020 X2=1015  Y= 992 Y2=1019 P1=1023 P2=  -1 T1=1023 T2= 918  P= 611  D=   1 
 X=1023 X2=1013  Y= 976 Y2=1023 P1=1023 P2=  -1 T1=1023 T2= 922  P= 611  D=   1 
 X= 903 X2=1023  Y= 985 Y2=1022 P1=1023 P2=  -1 T1=1023 T2= 912  P= 611  D=   1 
 X= 962 X2=1022  Y= 982 Y2=1022 P1=1023 P2=  -1 T1=1022 T2= 943  P= 611  D=   1 
 X= 884 X2=1018  Y= 968 Y2=1023 P1=1023 P2=  -1 T1=1023 T2= 909  P= 611  D=   1 
 X= 901 X2=1023  Y= 976 Y2=1023 P1=1023 P2=  -1 T1=1021 T2= 938  P= 611  D=   1 
 X=1003 X2=1017  Y= 995 Y2=1023 P1=1023 P2=  -1 T1=1021 T2= 919  P= 611  D=   1 
 X= 865 X2=1020  Y= 972 Y2=1023 P1=1023 P2=  -1 T1=1021 T2= 934  P= 611  D=   1 
 X= 906 X2=1013  Y= 990 Y2=1020 P1=1023 P2=  -1 T1=1023 T2= 925  P= 611  D=   1 
 X= 962 X2=1021  Y= 976 Y2=1023 P1=1023 P2=  -1 T1=1022 T2= 918  P= 611  D=   1 
 X= 943 X2=1023  Y= 987 Y2=1023 P1=1023 P2=  -1 T1=1022 T2= 912  P= 611  D=   1 
 X= 874 X2=1023  Y= 978 Y2=1021 P1=1023 P2=  -1 T1=1023 T2= 936  P= 611  D=   1 
 X= 959 X2=1023  Y= 978 Y2=1020 P1=1023 P2=  -1 T1=1022 T2= 921  P= 611  D=   1 
 X= 955 X2=1021  Y= 993 Y2=1020 P1=1023 P2=  -1 T1=1023 T2= 926  P= 611  D=   1 
 X= 917 X2=1017  Y=1020 Y2=1021 P1=1023 P2=  -1 T1=1023 T2=1023  P= 611  D=   1 
 X=1022 X2=1014  Y= 982 Y2=1021 P1=1023 P2=  -1 T1=1023 T2= 914  P= 611  D=   1 
 X= 992 X2=1009  Y= 983 Y2=1023 P1=1023 P2=  -1 T1=1023 T2= 914  P= 611  D=   1 
 X= 978 X2=1014  Y= 988 Y2=1021 P1=1023 P2=  -1 T1=1022 T2= 946  P= 611  D=   1 
 X= 927 X2=1023  Y= 968 Y2=1022 P1=1023 P2=  -1 T1=1022 T2= 916  P= 611  D=   1 
 X=1009 X2=1006  Y= 978 Y2=1020 P1=1023 P2=  -1 T1=1023 T2= 904  P= 611  D=   1 
 X=1023 X2=1015  Y= 990 Y2=1023 P1=1023 P2=  -1 T1=1023 T2= 899  P= 611  D=   1 
 X= 790 X2=1023  Y= 988 Y2=1021 P1=1023 P2=  -1 T1=1022 T2= 921  P= 611  D=   1 
 X= 913 X2=1023  Y= 974 Y2=1023 P1=1023 P2=  -1 T1=1023 T2= 935  P= 611  D=   1 
 X= 915 X2=1023  Y= 992 Y2=1023 P1=1023 P2=  -1 T1=1021 T2= 908  P= 611  D=   1 
 X= 840 X2=1023  Y= 978 Y2=1021 P1=1023 P2=  -1 T1=1023 T2= 933  P= 611  D=   1 
 X= 867 X2=1019  Y= 981 Y2=1021 P1=1023 P2=  -1 T1=1022 T2= 939  P= 611  D=   1 
 X= 911 X2=1022  Y= 983 Y2=1021 P1=1023 P2=  -1 T1=1023 T2= 912  P= 611  D=   1 
 X= 986 X2=1016  Y= 984 Y2=1023 P1=1023 P2=  -1 T1=1020 T2= 923  P= 611  D=   1 
 X= 914 X2=1023  Y= 985 Y2=1022 P1=1023 P2=  -1 T1=1020 T2= 902  P= 611  D=   1 
 X= 963 X2=1015  Y= 993 Y2=1023 P1=1023 P2=  -1 T1=1021 T2= 945  P= 611  D=   1 
 X= 910 X2=1023  Y= 985 Y2=1022 P1=1023 P2=  -1 T1=1022 T2= 920  P= 611  D=   1 
 X= 915 X2=1023  Y= 990 Y2=1023 P1=1023 P2=  -1 T1=1021 T2= 931  P= 611  D=   1 
 X= 898 X2=1016  Y= 981 Y2=1023 P1=1023 P2=  -1 T1=1022 T2= 933  P= 611  D=   1 
 X= 867 X2=1022  Y= 984 Y2=1023 P1=1023 P2=  -1 T1=1023 T2= 932  P= 611  D=   1 
 X= 874 X2=1023  Y= 971 Y2=1021 P1=1023 P2=  -1 T1=1022 T2= 928  P= 611  D=   1 
 X=1023 X2=1010  Y= 983 Y2=1023 P1=1023 P2=  -1 T1=1019 T2= 939  P= 611  D=   1 
 X= 995 X2=1006  Y= 980 Y2=1020 P1=1023 P2=  -1 T1=1023 T2= 921  P= 611  D=   1 
 X= 937 X2=1023  Y= 980 Y2=1022 P1=1023 P2=  -1 T1=1023 T2= 919  P= 611  D=   1 
 X= 958 X2=1014  Y= 981 Y2=1023 P1=1023 P2=  -1 T1=1023 T2= 905  P= 611  D=   1 
 X= 946 X2=1019  Y= 981 Y2=1023 P1=1023 P2=  -1 T1=1023 T2= 912  P= 611  D=   1 
 X= 940 X2=1023  Y= 980 Y2=1021 P1=1023 P2=  -1 T1=1022 T2= 927  P= 611  D=   1 
 X= 910 X2=1023  Y= 985 Y2=1023 P1=1023 P2=  -1 T1=1023 T2= 916  P= 611  D=   1 
 X= 990 X2=1003  Y= 982 Y2=1022 P1=1023 P2=  -1 T1=1021 T2= 903  P= 611  D=   1 
 X= 920 X2=1021  Y= 986 Y2=1020 P1=1023 P2=  -1 T1=1023 T2= 933  P= 611  D=   1 
 X= 935 X2=1023  Y= 986 Y2=1021 P1=1023 P2=  -1 T1=1023 T2= 926  P= 611  D=   1 
 X=1023 X2=1017  Y= 980 Y2=1021 P1=1023 P2=  -1 T1=1022 T2= 928  P= 611  D=   1 
 X= 876 X2=1023  Y= 984 Y2=1023 P1=1023 P2=  -1 T1=1022 T2= 913  P= 611  D=   1 
 X= 979 X2=1021  Y= 983 Y2=1021 P1=1023 P2=  -1 T1=1020 T2= 916  P= 611  D=   1 
 X= 968 X2=1023  Y= 981 Y2=1023 P1=1023 P2=  -1 T1=1023 T2= 931  P= 611  D=   1 
 X= 971 X2=1023  Y= 985 Y2=1021 P1=1023 P2=  -1 T1=1023 T2= 913  P= 611  D=   1 
 X= 940 X2=1008  Y= 983 Y2=1021 P1=1023 P2=  -1 T1=1023 T2= 926  P= 611  D=   1 
 X= 999 X2=1007  Y= 976 Y2=1020 P1=1023 P2=  -1 T1=1021 T2= 926  P= 611  D=   1 
 X= 878 X2=1017  Y= 976 Y2=1023 P1=1023 P2=  -1 T1=1023 T2= 931  P= 611  D=   1 
 X= 957 X2=1022  Y= 987 Y2=1023 P1=1023 P2=  -1 T1=1023 T2= 928  P= 611  D=   1 
 X= 991 X2= 994  Y= 984 Y2=1020 P1=1023 P2=  -1 T1=1023 T2= 932  P= 611  D=   1 
 X=1023 X2=1015  Y= 982 Y2=1021 P1=1023 P2=  -1 T1=1023 T2= 935  P= 611  D=   1 
 X= 913 X2=1023  Y= 985 Y2=1021 P1=1023 P2=  -1 T1=1023 T2= 924  P= 611  D=   1 
 X= 955 X2=1023  Y= 985 Y2=1019 P1=1023 P2=  -1 T1=1023 T2= 902  P= 611  D=   1 
 X= 879 X2=1016  Y= 987 Y2=1022 P1=1023 P2=  -1 T1=1023 T2= 922  P= 611  D=   1 
 X= 825 X2=1023  Y= 990 Y2=1021 P1=1023 P2=  -1 T1=1021 T2= 914  P= 611  D=   1 
 X=1023 X2=1015  Y= 985 Y2=1021 P1=1023 P2=  -1 T1=1019 T2= 926  P= 611  D=   1 
 X= 915 X2=1022  Y= 977 Y2=1022 P1=1023 P2=  -1 T1=1023 T2= 921  P= 611  D=   1 
 X= 980 X2=1016  Y= 987 Y2=1023 P1=1023 P2=  -1 T1=1020 T2= 918  P= 611  D=   1 
 X= 957 X2=1022  Y= 984 Y2=1023 P1=1023 P2=  -1 T1=1021 T2= 941  P= 611  D=   1 
 X=1023 X2=1006  Y= 986 Y2=1023 P1=1023 P2=  -1 T1=1023 T2= 936  P= 611  D=   1 
 X= 874 X2=1023  Y= 989 Y2=1023 P1=1023 P2=  -1 T1=1022 T2= 937  P= 611  D=   1 
 X= 922 X2=1023  Y= 983 Y2=1023 P1=1023 P2=  -1 T1=1023 T2= 936  P= 611  D=   1 
 X= 949 X2=1014  Y= 987 Y2=1023 P1=1023 P2=  -1 T1=1023 T2= 926  P= 611  D=   1 
 X= 878 X2=1023  Y= 976 Y2=1021 P1=1023 P2=  -1 T1=1022 T2= 932  P= 611  D=   1 
 X= 830 X2=1023  Y= 987 Y2=1023 P1=1023 P2=  -1 T1=1023 T2= 914  P= 611  D=   1 
 X=1023 X2=1017  Y= 980 Y2=1023 P1=1023 P2=  -1 T1=1021 T2= 925  P= 611  D=   1 
 X= 994 X2=1009  Y= 978 Y2=1021 P1=1023 P2=  -1 T1=1021 T2= 911  P= 611  D=   1 
 X= 955 X2=1023  Y= 985 Y2=1023 P1=1023 P2=  -1 T1=1023 T2= 910  P= 611  D=   1 
 X= 955 X2=1023  Y= 992 Y2=1023 P1=1023 P2=  -1 T1=1023 T2= 923  P= 611  D=   1 
 X= 946 X2=1023  Y= 996 Y2=1022 P1=1023 P2=  -1 T1=1022 T2= 925  P= 611  D=   1 
 X=1015 X2=1020  Y= 974 Y2=1022 P1=1023 P2=  -1 T1=1021 T2= 945  P= 611  D=   1 
 X= 964 X2=1023  Y= 981 Y2=1023 P1=1023 P2=  -1 T1=1023 T2= 914  P= 611  D=   1 
 X= 865 X2=1019  Y= 985 Y2=1021 P1=1023 P2=  -1 T1=1023 T2= 924  P= 611  D=   1 
 X= 949 X2=1023  Y= 989 Y2=1023 P1=1023 P2=  -1 T1=1022 T2= 917  P= 611  D=   1 
 X=1023 X2=1015  Y= 984 Y2=1021 P1=1023 P2=  -1 T1=1023 T2= 919  P= 611  D=   1 
 X=1005 X2=1003  Y= 986 Y2=1023 P1=1023 P2=  -1 T1=1023 T2= 924  P= 611  D=   1 
 X= 933 X2=1023  Y= 990 Y2=1023 P1=1023 P2=  -1 T1=1021 T2= 904  P= 611  D=   1 
 X=1023 X2=1008  Y= 985 Y2=1021 P1=1023 P2=  -1 T1=1023 T2= 908  P= 611  D=   1 
 X=1023 X2=1016  Y= 982 Y2=1021 P1=1023 P2=  -1 T1=1022 T2= 912  P= 611  D=   1 
 X= 859 X2=1023  Y= 981 Y2=1023 P1=1023 P2=  -1 T1=1023 T2= 925  P= 611  D=   1 
 X= 893 X2=1023  Y= 984 Y2=1023 P1=1023 P2=  -1 T1=1021 T2= 922  P= 611  D=   1 
 X= 895 X2=1013  Y= 981 Y2=1023 P1=1023 P2=  -1 T1=1023 T2= 918  P= 611  D=   1 
 X= 900 X2=1022  Y= 983 Y2=1021 P1=1023 P2=  -1 T1=1023 T2= 914  P= 611  D=   1 
 X= 965 X2= 998  Y= 993 Y2=1021 P1=1023 P2=  -1 T1=1023 T2= 909  P= 611  D=   1 
 X=1000 X2=1009  Y= 974 Y2=1022 P1=1023 P2=  -1 T1=1022 T2= 933  P= 611  D=   1 
 X= 990 X2=1006  Y= 973 Y2=1023 P1=1023 P2=  -1 T1=1021 T2= 914  P= 611  D=   1 
 X= 908 X2=1023  Y= 975 Y2=1023 P1=1023 P2=  -1 T1=1021 T2= 907  P= 611  D=   1 
 X= 947 X2=1021  Y= 975 Y2=1023 P1=1023 P2=  -1 T1=1022 T2= 909  P= 611  D=   1 
 X= 962 X2=1023  Y= 982 Y2=1023 P1=1023 P2=  -1 T1=1021 T2= 917  P= 611  D=   1 
 X= 889 X2=1023  Y= 989 Y2=1023 P1=1023 P2=  -1 T1=1021 T2= 930  P= 611  D=   1 
 X= 997 X2=1009  Y= 990 Y2=1023 P1=1023 P2=  -1 T1=1023 T2= 888  P= 611  D=   1 
 X= 942 X2=1023  Y= 990 Y2=1023 P1=1023 P2=  -1 T1=1023 T2= 908  P= 611  D=   1 
 X= 928 X2=1018  Y= 979 Y2=1023 P1=1023 P2=  -1 T1=1023 T2= 904  P= 611  D=   1 
 X=1023 X2=1000  Y= 974 Y2=1021 P1=1023 P2=  -1 T1=1023 T2= 908  P= 611  D=   1 
 X=1023 X2=1013  Y= 984 Y2=1021 P1=1023 P2=  -1 T1=1023 T2= 925  P= 611  D=   1 
 X= 952 X2=1015  Y= 980 Y2=1021 P1=1023 P2=  -1 T1=1020 T2= 930  P= 611  D=   1 
 X= 950 X2=1022  Y= 980 Y2=1023 P1=1023 P2=  -1 T1=1021 T2= 933  P= 611  D=   1 
 X= 921 X2=1022  Y= 976 Y2=1023 P1=1023 P2=  -1 T1=1022 T2= 931  P= 611  D=   1 
 X= 926 X2=1023  Y= 980 Y2=1021 P1=1023 P2=  -1 T1=1022 T2= 933  P= 611  D=   1 
 X= 885 X2=1023  Y= 978 Y2=1023 P1=1023 P2=  -1 T1=1022 T2= 924  P= 611  D=   1 
 X=1003 X2= 995  Y= 976 Y2=1023 P1=1023 P2=  -1 T1=1023 T2= 918  P= 611  D=   1 
 X= 975 X2= 994  Y= 980 Y2=1023 P1=1023 P2=  -1 T1=1021 T2= 912  P= 611  D=   1 
 X= 967 X2=1005  Y= 999 Y2=1023 P1=1023 P2=  -1 T1=1022 T2= 898  P= 611  D=   1 
 X= 971 X2=1017  Y= 973 Y2=1023 P1=1023 P2=  -1 T1=1021 T2= 936  P= 611  D=   1 
 X= 945 X2=1023  Y= 975 Y2=1023 P1=1023 P2=  -1 T1=1023 T2= 940  P= 611  D=   1 
 X= 983 X2=1020  Y= 974 Y2=1023 P1=1023 P2=  -1 T1=1021 T2= 921  P= 611  D=   1 
 X= 946 X2=1023  Y= 976 Y2=1023 P1=1023 P2=  -1 T1=1023 T2= 962  P= 611  D=   1 
 X= 961 X2=1021  Y= 985 Y2=1023 P1=1023 P2=  -1 T1=1022 T2= 917  P= 611  D=   1 
 X= 869 X2=1023  Y= 987 Y2=1023 P1=1023 P2=  -1 T1=1022 T2= 899  P= 611  D=   1 
 X=1010 X2= 988  Y= 969 Y2=1020 P1=1023 P2=  -1 T1=1023 T2= 919  P= 611  D=   1 
 X=1023 X2=1016  Y=1021 Y2=1023 P1=1023 P2=  -1 T1=1023 T2=1020  P= 611  D=   1 
 X= 923 X2=1022  Y= 985 Y2=1020 P1=1023 P2=  -1 T1=1021 T2= 916  P= 611  D=   1 
 X= 866 X2=1019  Y= 987 Y2=1021 P1=1023 P2=  -1 T1=1021 T2= 925  P= 611  D=   1 
 X= 950 X2=1022  Y= 992 Y2=1020 P1=1023 P2=  -1 T1=1023 T2= 936  P= 611  D=   1 
 X= 912 X2=1023  Y= 987 Y2=1021 P1=1023 P2=  -1 T1=1021 T2= 929  P= 611  D=   1 
 X= 892 X2=1023  Y= 986 Y2=1023 P1=1023 P2=  -1 T1=1019 T2= 937  P= 611  D=   1 
 X= 939 X2=1019  Y= 979 Y2=1023 P1=1023 P2=  -1 T1=1020 T2= 917  P= 611  D=   1 
 X= 876 X2=1016  Y= 986 Y2=1021 P1=1023 P2=  -1 T1=1023 T2= 919  P= 611  D=   1 
 X=1022 X2=1016  Y= 985 Y2=1021 P1=1023 P2=  -1 T1=1023 T2= 928  P= 611  D=   1 
 X= 944 X2=1023  Y= 990 Y2=1021 P1=1023 P2=  -1 T1=1023 T2= 930  P= 611  D=   1 
 X=1018 X2=1021  Y= 984 Y2=1022 P1=1023 P2=  -1 T1=1022 T2= 920  P= 611  D=   1 
 X= 961 X2= 989  Y= 985 Y2=1022 P1=1023 P2=  -1 T1=1023 T2= 925  P= 611  D=   1 
 X= 957 X2= 997  Y= 989 Y2=1021 P1=1023 P2=  -1 T1=1022 T2= 897  P= 611  D=   1 
 X= 812 X2=1023  Y= 990 Y2=1021 P1=1023 P2=  -1 T1=1023 T2= 920  P= 611  D=   1 
 X= 907 X2=1023  Y= 996 Y2=1021 P1=1023 P2=  -1 T1=1023 T2= 922  P= 611  D=   1 
 X=1023 X2=1016  Y= 987 Y2=1022 P1=1023 P2=  -1 T1=1023 T2= 947  P= 611  D=   1 
 X= 958 X2=1023  Y= 998 Y2=1023 P1=1023 P2=  -1 T1=1022 T2= 930  P= 611  D=   1 
 X= 996 X2=1005  Y= 989 Y2=1022 P1=1023 P2=  -1 T1=1021 T2= 914  P= 611  D=   1 
 X= 996 X2=1008  Y= 982 Y2=1023 P1=1023 P2=  -1 T1=1023 T2= 914  P= 611  D=   1 
 X=1001 X2=1006  Y= 985 Y2=1021 P1=1023 P2=  -1 T1=1022 T2= 911  P= 611  D=   1 
 X= 937 X2=1023  Y= 994 Y2=1021 P1=1023 P2=  -1 T1=1021 T2= 921  P= 611  D=   1 
 X= 962 X2=1022  Y= 979 Y2=1023 P1=1023 P2=  -1 T1=1023 T2= 906  P= 611  D=   1 
 X= 966 X2=1023  Y= 981 Y2=1020 P1=1023 P2=  -1 T1=1023 T2= 928  P= 611  D=   1 
 X= 958 X2=1023  Y= 977 Y2=1023 P1=1023 P2=  -1 T1=1023 T2= 905  P= 611  D=   1 
 X= 976 X2=1011  Y= 980 Y2=1021 P1=1023 P2=  -1 T1=1023 T2= 916  P= 611  D=   1 
 X= 980 X2=1010  Y= 992 Y2=1021 P1=1023 P2=  -1 T1=1019 T2= 917  P= 611  D=   1 
 X= 928 X2=1018  Y= 987 Y2=1021 P1=1023 P2=  -1 T1=1022 T2= 908  P= 611  D=   1 
 X=1023 X2= 997  Y= 981 Y2=1022 P1=1023 P2=  -1 T1=1022 T2= 904  P= 611  D=   1 
 X=1000 X2= 999  Y= 976 Y2=1023 P1=1023 P2=  -1 T1=1023 T2= 912  P= 611  D=   1 
 X= 935 X2=1023  Y= 980 Y2=1021 P1=1023 P2=  -1 T1=1022 T2= 910  P= 611  D=   1 
 X= 972 X2= 994  Y= 982 Y2=1023 P1=1023 P2=  -1 T1=1021 T2= 945  P= 611  D=   1 
 X= 900 X2=1023  Y= 983 Y2=1021 P1=1023 P2=  -1 T1=1022 T2= 930  P= 611  D=   1 
 X= 814 X2=1023  Y= 968 Y2=1021 P1=1023 P2=  -1 T1=1021 T2= 923  P= 611  D=   1 
 X= 863 X2=1023  Y= 972 Y2=1021 P1=1023 P2=  -1 T1=1022 T2= 919  P= 611  D=   1 
 X= 972 X2=1005  Y= 984 Y2=1023 P1=1023 P2=  -1 T1=1023 T2= 906  P= 611  D=   1 
 X= 841 X2=1023  Y=1004 Y2=1023 P1=1023 P2=  -1 T1=1023 T2= 959  P= 611  D=   1 
 X= 970 X2= 999  Y= 981 Y2=1021 P1=1023 P2=  -1 T1=1022 T2= 925  P= 611  D=   1 
 X= 999 X2=1009  Y= 988 Y2=1021 P1=1023 P2=  -1 T1=1023 T2= 937  P= 611  D=   1 
 X= 897 X2=1023  Y= 988 Y2=1021 P1=1023 P2=  -1 T1=1021 T2= 917  P= 611  D=   1 
 X= 929 X2=1023  Y= 981 Y2=1023 P1=1023 P2=  -1 T1=1023 T2= 924  P= 611  D=   1 
 X= 959 X2=1022  Y= 983 Y2=1023 P1=1023 P2=  -1 T1=1022 T2= 911  P= 611  D=   1 
 X= 953 X2=1019  Y= 987 Y2=1021 P1=1023 P2=  -1 T1=1023 T2= 930  P= 611  D=   1 
 X= 830 X2=1023  Y= 980 Y2=1023 P1=1023 P2=  -1 T1=1023 T2= 928  P= 611  D=   1 
 X=1023 X2=1016  Y= 982 Y2=1023 P1=1023 P2=  -1 T1=1023 T2= 908  P= 611  D=   1 
 X= 958 X2=1023  Y= 982 Y2=1022 P1=1023 P2=  -1 T1=1023 T2= 929  P= 611  D=   1 
 X= 952 X2=1020  Y= 980 Y2=1021 P1=1023 P2=  -1 T1=1022 T2= 924  P= 611  D=   1 
 X= 965 X2= 993  Y= 971 Y2=1021 P1=1023 P2=  -1 T1=1022 T2= 928  P= 611  D=   1 
 X=1023 X2=1009  Y= 982 Y2=1021 P1=1023 P2=  -1 T1=1023 T2= 919  P= 611  D=   1 
 X= 936 X2=1023  Y= 986 Y2=1023 P1=1023 P2=  -1 T1=1022 T2= 916  P= 611  D=   1 
 X= 923 X2=1023  Y= 985 Y2=1023 P1=1023 P2=  -1 T1=1021 T2= 924  P= 611  D=   1 
 X= 864 X2=1017  Y= 978 Y2=1023 P1=1023 P2=  -1 T1=1020 T2= 925  P= 611  D=   1 
 X= 887 X2=1023  Y= 981 Y2=1023 P1=1023 P2=  -1 T1=1023 T2= 917  P= 611  D=   1 
 X=1023 X2=1010  Y= 983 Y2=1023 P1=1023 P2=  -1 T1=1023 T2= 905  P= 611  D=   1 
 X= 999 X2= 996  Y= 984 Y2=1022 P1=1023 P2=  -1 T1=1022 T2= 921  P= 611  D=   1 
 X= 985 X2=1008  Y= 983 Y2=1021 P1=1023 P2=  -1 T1=1023 T2= 927  P= 611  D=   1 
 X= 960 X2=1022  Y= 986 Y2=1023 P1=1023 P2=  -1 T1=1021 T2= 925  P= 611  D=   1 
 X=1023 X2=1011  Y= 978 Y2=1021 P1=1023 P2=  -1 T1=1022 T2= 923  P= 611  D=   1 
 X= 852 X2=1023  Y= 975 Y2=1023 P1=1023 P2=  -1 T1=1023 T2= 914  P= 611  D=   1 
 X= 959 X2= 994  Y= 983 Y2=1023 P1=1023 P2=  -1 T1=1021 T2= 916  P= 611  D=   1 
 X= 876 X2=1017  Y= 979 Y2=1023 P1=1023 P2=  -1 T1=1020 T2= 917  P= 611  D=   1 
 X= 952 X2=1021  Y=1002 Y2=1022 P1=1023 P2=  -1 T1=1021 T2= 915  P= 611  D=   1 
 X= 878 X2=1023  Y= 987 Y2=1021 P1=1023 P2=  -1 T1=1021 T2= 918  P= 611  D=   1 
 X=1022 X2=1015  Y= 982 Y2=1023 P1=1023 P2=  -1 T1=1021 T2= 934  P= 611  D=   1 
 X= 986 X2=1014  Y= 981 Y2=1021 P1=1023 P2=  -1 T1=1023 T2= 915  P= 611  D=   1 
 X= 946 X2=1023  Y= 988 Y2=1023 P1=1023 P2=  -1 T1=1021 T2= 923  P= 611  D=   1 
 X=1023 X2=1014  Y= 980 Y2=1021 P1=1023 P2=  -1 T1=1023 T2= 919  P= 611  D=   1 
 X= 958 X2=1022  Y= 977 Y2=1022 P1=1023 P2=  -1 T1=1023 T2= 909  P= 611  D=   1 
 X= 844 X2=1023  Y= 974 Y2=1021 P1=1023 P2=  -1 T1=1023 T2= 916  P= 611  D=   1 
 X= 925 X2=1023  Y= 970 Y2=1023 P1=1023 P2=  -1 T1=1023 T2= 934  P= 611  D=   1 
 X= 988 X2=1013  Y= 995 Y2=1021 P1=1023 P2=  -1 T1=1021 T2= 928  P= 611  D=   1 
 X= 920 X2=1019  Y= 986 Y2=1021 P1=1023 P2=  -1 T1=1021 T2= 932  P= 611  D=   1 
 X=1023 X2= 997  Y= 986 Y2=1022 P1=1023 P2=  -1 T1=1022 T2= 914  P= 611  D=   1 
 X= 883 X2=1017  Y= 989 Y2=1021 P1=1023 P2=  -1 T1=1023 T2= 934  P= 611  D=   1 
 X= 922 X2=1023  Y= 987 Y2=1022 P1=1023 P2=  -1 T1=1023 T2= 932  P= 611  D=   1 
 X= 949 X2=1023  Y= 983 Y2=1020 P1=1023 P2=  -1 T1=1023 T2= 920  P= 611  D=   1 
 X= 955 X2= 994  Y= 985 Y2=1023 P1=1023 P2=  -1 T1=1021 T2= 937  P= 611  D=   1 
 X= 808 X2=1023  Y= 990 Y2=1021 P1=1023 P2=  -1 T1=1023 T2= 918  P= 611  D=   1 
 X= 889 X2=1023  Y= 984 Y2=1020 P1=1023 P2=  -1 T1=1021 T2= 919  P= 611  D=   1 
 X= 978 X2=1009  Y= 987 Y2=1023 P1=1023 P2=  -1 T1=1023 T2= 895  P= 611  D=   1 
 X= 827 X2=1023  Y= 985 Y2=1023 P1=1023 P2=  -1 T1=1020 T2= 930  P= 611  D=   1 
 X= 968 X2= 996  Y= 985 Y2=1023 P1=1023 P2=  -1 T1=1023 T2= 936  P= 611  D=   1 
 X=1023 X2=1020  Y= 981 Y2=1023 P1=1023 P2=  -1 T1=1023 T2= 920  P= 611  D=   1 
 X=1017 X2= 994  Y= 989 Y2=1021 P1=1023 P2=  -1 T1=1023 T2= 911  P= 611  D=   1 
 X= 930 X2=1023  Y= 984 Y2=1021 P1=1023 P2=  -1 T1=1021 T2= 926  P= 611  D=   1 
 X= 938 X2=1022  Y= 975 Y2=1023 P1=1023 P2=  -1 T1=1019 T2= 921  P= 611  D=   1 
 X= 864 X2=1023  Y= 977 Y2=1023 P1=1023 P2=  -1 T1=1023 T2= 955  P= 611  D=   1 
 X= 946 X2=1023  Y= 986 Y2=1023 P1=1023 P2=  -1 T1=1022 T2= 914  P= 611  D=   1 
 X=1007 X2=1004  Y= 987 Y2=1023 P1=1023 P2=  -1 T1=1022 T2= 907  P= 611  D=   1 
 X= 868 X2=1017  Y= 978 Y2=1020 P1=1022 P2=  -1 T1=1023 T2= 910  P= 611  D=   1 
 X= 897 X2=1018  Y= 973 Y2=1023 P1=1023 P2=  -1 T1=1021 T2= 912  P= 611  D=   1 
 X= 970 X2=1021  Y= 984 Y2=1020 P1=1023 P2=  -1 T1=1023 T2= 926  P= 611  D=   1 
 X=1003 X2=1008  Y= 977 Y2=1023 P1=1023 P2=  -1 T1=1023 T2= 916  P= 611  D=   1 
 X= 961 X2=1023  Y= 981 Y2=1023 P1=1023 P2=  -1 T1=1023 T2= 905  P= 611  D=   1 
 X=1013 X2=1011  Y= 985 Y2=1023 P1=1023 P2=  -1 T1=1022 T2= 902  P= 611  D=   1 
 X= 890 X2=1023  Y= 979 Y2=1022 P1=1023 P2=  -1 T1=1021 T2= 907  P= 611  D=   1 
 X= 867 X2=1023  Y= 981 Y2=1023 P1=1023 P2=  -1 T1=1021 T2= 931  P= 611  D=   1 
 X= 862 X2=1023  Y= 981 Y2=1021 P1=1023 P2=  -1 T1=1023 T2= 904  P= 611  D=   1 
 X=1000 X2=1003  Y= 975 Y2=1022 P1=1023 P2=  -1 T1=1023 T2= 935  P= 611  D=   1 
 X= 864 X2=1021  Y= 984 Y2=1023 P1=1023 P2=  -1 T1=1023 T2= 923  P= 611  D=   1 
 X= 959 X2=1013  Y= 980 Y2=1023 P1=1023 P2=  -1 T1=1023 T2= 940  P= 611  D=   1 
 X=1009 X2=1004  Y= 979 Y2=1021 P1=1023 P2=  -1 T1=1023 T2= 921  P= 611  D=   1 
 X= 968 X2=1022  Y=1023 Y2=1021 P1=1023 P2=  -1 T1=1021 T2=1019  P= 611  D=   1 
 X= 891 X2=1017  Y= 982 Y2=1021 P1=1023 P2=  -1 T1=1021 T2= 918  P= 611  D=   1 
 X= 965 X2= 996  Y= 979 Y2=1021 P1=1023 P2=  -1 T1=1023 T2= 898  P= 611  D=   1 
 X= 956 X2=1023  Y= 988 Y2=1022 P1=1023 P2=  -1 T1=1022 T2= 893  P= 611  D=   1 
 X= 949 X2=1023  Y= 983 Y2=1023 P1=1023 P2=  -1 T1=1023 T2= 909  P= 611  D=   1 
 X=1022 X2=1016  Y= 977 Y2=1023 P1=1023 P2=  -1 T1=1021 T2= 914  P= 611  D=   1 
 X= 977 X2=1023  Y= 987 Y2=1020 P1=1023 P2=  -1 T1=1023 T2= 904  P= 611  D=   1 
 X= 966 X2=1023  Y= 987 Y2=1023 P1=1023 P2=  -1 T1=1020 T2= 923  P= 611  D=   1 
 X= 953 X2=1023  Y= 984 Y2=1023 P1=1023 P2=  -1 T1=1021 T2= 913  P= 611  D=   1 
 X= 896 X2=1023  Y=1000 Y2=1022 P1=1023 P2=  -1 T1=1023 T2= 959  P= 611  D=   1 
 X= 915 X2=1023  Y= 986 Y2=1023 P1=1023 P2=  -1 T1=1023 T2= 917  P= 611  D=   1 
 X= 945 X2=1023  Y= 985 Y2=1021 P1=1023 P2=  -1 T1=1021 T2= 938  P= 611  D=   1 
 X= 968 X2=1015  Y= 981 Y2=1023 P1=1023 P2=  -1 T1=1023 T2= 935  P= 611  D=   1 
 X= 842 X2=1023  Y= 990 Y2=1021 P1=1023 P2=  -1 T1=1023 T2= 925  P= 611  D=   1 
 X= 963 X2= 998  Y= 987 Y2=1021 P1=1023 P2=  -1 T1=1022 T2= 935  P= 611  D=   1 
 X=1023 X2=1008  Y= 985 Y2=1023 P1=1023 P2=  -1 T1=1022 T2= 924  P= 611  D=   1 
 X= 958 X2=1022  Y= 984 Y2=1023 P1=1023 P2=  -1 T1=1022 T2= 908  P= 611  D=   1 
 X= 956 X2=1023  Y= 981 Y2=1021 P1=1023 P2=  -1 T1=1023 T2= 903  P= 611  D=   1 
 X=1023 X2=1008  Y= 974 Y2=1021 P1=1023 P2=  -1 T1=1023 T2= 934  P= 611  D=   1 
 X= 868 X2=1023  Y= 983 Y2=1021 P1=1023 P2=  -1 T1=1022 T2= 931  P= 611  D=   1 
 X= 965 X2=1023  Y= 983 Y2=1023 P1=1023 P2=  -1 T1=1023 T2= 911  P= 611  D=   1 
 X= 981 X2=1015  Y= 978 Y2=1021 P1=1023 P2=  -1 T1=1023 T2= 907  P= 611  D=   1 
 X= 882 X2=1017  Y= 982 Y2=1016 P1=1023 P2=  -1 T1=1021 T2= 926  P= 611  D=   1 
 X= 953 X2= 993  Y= 982 Y2=1021 P1=1023 P2=  -1 T1=1023 T2= 917  P= 611  D=   1 
 X=1023 X2=1005  Y= 984 Y2=1021 P1=1023 P2=  -1 T1=1019 T2= 915  P= 611  D=   1 
 X=1008 X2= 995  Y= 985 Y2=1021 P1=1023 P2=  -1 T1=1023 T2= 916  P= 611  D=   1 
 X= 924 X2=1023  Y= 981 Y2=1023 P1=1023 P2=  -1 T1=1023 T2= 921  P= 611  D=   1 
 X=1023 X2=1005  Y= 983 Y2=1020 P1=1023 P2=  -1 T1=1022 T2= 903  P= 611  D=   1 
 X= 959 X2=1023  Y= 982 Y2=1023 P1=1023 P2=  -1 T1=1022 T2= 915  P= 611  D=   1 
 X= 793 X2=1023  Y= 990 Y2=1021 P1=1023 P2=  -1 T1=1023 T2= 910  P= 611  D=   1 
 X= 994 X2= 996  Y= 984 Y2=1023 P1=1023 P2=  -1 T1=1023 T2= 908  P= 611  D=   1 
 X= 986 X2=1015  Y= 981 Y2=1021 P1=1023 P2=  -1 T1=1019 T2= 921  P= 611  D=   1 
 X= 859 X2=1020  Y= 984 Y2=1023 P1=1023 P2=  -1 T1=1023 T2= 916  P= 611  D=   1 
 X= 976 X2=1023  Y= 982 Y2=1022 P1=1023 P2=  -1 T1=1023 T2= 912  P= 611  D=   1 
 X= 959 X2=1022  Y=1001 Y2=1020 P1=1023 P2=  -1 T1=1023 T2= 939  P= 611  D=   1 
 X= 940 X2=1023  Y= 991 Y2=1023 P1=1023 P2=  -1 T1=1022 T2= 896  P= 611  D=   1 
 X= 953 X2=1023  Y= 981 Y2=1021 P1=1023 P2=  -1 T1=1023 T2= 923  P= 611  D=   1 
 X= 940 X2=1023  Y= 978 Y2=1021 P1=1023 P2=  -1 T1=1023 T2= 913  P= 611  D=   1 
 X= 958 X2=1023  Y= 982 Y2=1021 P1=1023 P2=  -1 T1=1023 T2= 918  P= 611  D=   1 
 X= 905 X2=1023  Y= 989 Y2=1023 P1=1023 P2=  -1 T1=1022 T2= 932  P= 611  D=   1 
 X= 997 X2=1004  Y= 973 Y2=1020 P1=1023 P2=  -1 T1=1022 T2= 914  P= 611  D=   1 
 X= 976 X2=1023  Y= 995 Y2=1021 P1=1023 P2=  -1 T1=1020 T2= 930  P= 611  D=   1 
 X= 930 X2=1023  Y= 970 Y2=1023 P1=1023 P2=  -1 T1=1023 T2= 924  P= 611  D=   1 
 X=1023 X2=1005  Y= 975 Y2=1023 P1=1023 P2=  -1 T1=1023 T2= 914  P= 611  D=   1 
 X= 874 X2=1022  Y= 970 Y2=1023 P1=1023 P2=  -1 T1=1022 T2= 910  P= 611  D=   1 
 X= 909 X2=1023  Y= 982 Y2=1021 P1=1023 P2=  -1 T1=1023 T2= 910  P= 611  D=   1 
 X= 945 X2=1023  Y= 980 Y2=1023 P1=1023 P2=  -1 T1=1023 T2= 916  P= 611  D=   1 
 X= 934 X2=1021  Y= 981 Y2=1023 P1=1023 P2=  -1 T1=1023 T2= 920  P= 611  D=   1 
 X= 906 X2=1023  Y= 981 Y2=1023 P1=1023 P2=  -1 T1=1023 T2= 919  P= 611  D=   1 
 X=1023 X2=1010  Y= 986 Y2=1021 P1=1023 P2=  -1 T1=1021 T2= 932  P= 611  D=   1 
 X= 978 X2=1006  Y= 973 Y2=1023 P1=1023 P2=  -1 T1=1021 T2= 933  P= 611  D=   1 
 X= 933 X2=1023  Y= 987 Y2=1023 P1=1023 P2=  -1 T1=1022 T2= 912  P= 611  D=   1 
 X= 941 X2=1021  Y= 972 Y2=1023 P1=1023 P2=  -1 T1=1022 T2= 896  P= 611  D=   1 
 X=1023 X2= 997  Y= 984 Y2=1021 P1=1023 P2=  -1 T1=1021 T2= 897  P= 611  D=   1 
 X= 863 X2=1023  Y= 984 Y2=1020 P1=1023 P2=  -1 T1=1022 T2= 934  P= 611  D=   1 
 X= 953 X2=1023  Y= 983 Y2=1022 P1=1023 P2=  -1 T1=1023 T2= 921  P= 611  D=   1 
 X= 963 X2=1014  Y= 975 Y2=1021 P1=1017 P2=  -1 T1=1019 T2= 935  P= 611  D=   1 
 X= 840 X2=1023  Y= 983 Y2=1021 P1=1023 P2=  -1 T1=1023 T2= 918  P= 611  D=   1 
 X=1023 X2=1021  Y= 986 Y2=1021 P1=1023 P2=  -1 T1=1022 T2= 916  P= 611  D=   1 
 X= 860 X2=1022  Y= 990 Y2=1021 P1=1023 P2=  -1 T1=1021 T2= 910  P= 611  D=   1 
 X= 941 X2=1023  Y= 984 Y2=1020 P1=1023 P2=  -1 T1=1021 T2= 928  P= 611  D=   1 
 X= 964 X2=1003  Y= 983 Y2=1023 P1=1023 P2=  -1 T1=1023 T2= 918  P= 611  D=   1 
 X=1015 X2=1017  Y= 980 Y2=1023 P1=1023 P2=  -1 T1=1022 T2= 920  P= 611  D=   1 
 X= 833 X2=1023  Y= 983 Y2=1021 P1=1023 P2=  -1 T1=1023 T2= 922  P= 611  D=   1 
 X= 913 X2=1023  Y= 978 Y2=1019 P1=1023 P2=  -1 T1=1023 T2= 924  P= 611  D=   1 
 X=1014 X2= 998  Y= 987 Y2=1023 P1=1023 P2=  -1 T1=1023 T2= 923  P= 611  D=   1 
 X= 897 X2=1022  Y= 977 Y2=1023 P1=1023 P2=  -1 T1=1023 T2= 898  P= 611  D=   1 
 X= 810 X2=1023  Y= 983 Y2=1023 P1=1023 P2=  -1 T1=1023 T2= 904  P= 611  D=   1 
 X=1023 X2=1005  Y= 983 Y2=1020 P1=1023 P2=  -1 T1=1023 T2= 916  P= 611  D=   1 
 X= 908 X2=1022  Y= 977 Y2=1021 P1=1023 P2=  -1 T1=1020 T2= 927  P= 611  D=   1 
 X= 958 X2=1023  Y= 985 Y2=1021 P1=1023 P2=  -1 T1=1021 T2= 908  P= 611  D=   1 
 X= 929 X2=1023  Y= 980 Y2=1021 P1=1023 P2=  -1 T1=1023 T2= 928  P= 611  D=   1 
 X= 960 X2=1023  Y= 983 Y2=1022 P1=1023 P2=  -1 T1=1023 T2= 938  P= 611  D=   1 
 X= 875 X2=1023  Y= 976 Y2=1020 P1=1023 P2=  -1 T1=1023 T2= 930  P= 611  D=   1 
 X= 912 X2=1023  Y= 986 Y2=1023 P1=1023 P2=  -1 T1=1023 T2= 903  P= 611  D=   1 
 X= 974 X2=1014  Y= 992 Y2=1023 P1=1023 P2=  -1 T1=1022 T2= 931  P= 611  D=   1 
 X= 879 X2=1023  Y= 985 Y2=1020 P1=1023 P2=  -1 T1=1023 T2= 937  P= 611  D=   1 
 X=1023 X2= 999  Y= 993 Y2=1023 P1=1023 P2=  -1 T1=1023 T2= 911  P= 611  D=   1 
 X=1023 X2=1015  Y= 982 Y2=1023 P1=1023 P2=  -1 T1=1022 T2= 923  P= 611  D=   1 
 X= 903 X2=1023  Y= 983 Y2=1023 P1=1023 P2=  -1 T1=1021 T2= 927  P= 611  D=   1 
 X= 932 X2=1023  Y= 987 Y2=1021 P1=1023 P2=  -1 T1=1022 T2= 896  P= 611  D=   1 
 X= 961 X2=1023  Y= 980 Y2=1020 P1=1023 P2=  -1 T1=1021 T2= 930  P= 611  D=   1 
 X= 961 X2=1023  Y= 974 Y2=1022 P1=1023 P2=  -1 T1=1023 T2= 922  P= 611  D=   1 
 X= 894 X2=1023  Y= 983 Y2=1019 P1=1023 P2=  -1 T1=1023 T2= 911  P= 611  D=   1 
 X= 955 X2=1023  Y= 968 Y2=1023 P1=1023 P2=  -1 T1=1023 T2= 947  P= 611  D=   1 
 X= 865 X2=1020  Y= 976 Y2=1023 P1=1023 P2=  -1 T1=1022 T2= 920  P= 611  D=   1 
 X= 945 X2=1023  Y= 981 Y2=1022 P1=1023 P2=  -1 T1=1023 T2= 925  P= 611  D=   1 
 X=1023 X2=1006  Y= 987 Y2=1023 P1=1023 P2=  -1 T1=1023 T2= 917  P= 611  D=   1 
 X=1023 X2=1014  Y= 970 Y2=1021 P1=1023 P2=  -1 T1=1021 T2= 921  P= 611  D=   1 
 X= 939 X2=1023  Y= 987 Y2=1023 P1=1023 P2=  -1 T1=1023 T2= 894  P= 611  D=   1 
 X= 973 X2= 995  Y= 980 Y2=1021 P1=1023 P2=  -1 T1=1021 T2= 926  P= 611  D=   1 
 X= 959 X2=1023  Y= 984 Y2=1023 P1=1023 P2=  -1 T1=1022 T2= 930  P= 611  D=   1 
 X= 826 X2=1023  Y= 984 Y2=1020 P1=1023 P2=  -1 T1=1023 T2= 917  P= 611  D=   1 
 X=1023 X2= 995  Y= 995 Y2=1020 P1=1023 P2=  -1 T1=1023 T2= 923  P= 611  D=   1 
 X= 804 X2=1023  Y= 984 Y2=1021 P1=1023 P2=  -1 T1=1023 T2= 904  P= 611  D=   1 
 X= 912 X2=1021  Y= 988 Y2=1023 P1=1023 P2=  -1 T1=1023 T2= 926  P= 611  D=   1 
 X= 939 X2=1022  Y= 985 Y2=1023 P1=1023 P2=  -1 T1=1022 T2= 937  P= 611  D=   1 
 X= 943 X2=1015  Y= 982 Y2=1023 P1=1023 P2=  -1 T1=1021 T2= 910  P= 611  D=   1 
 X= 897 X2=1023  Y= 989 Y2=1023 P1=1023 P2=  -1 T1=1021 T2= 918  P= 611  D=   1 
 X= 936 X2=1023  Y= 972 Y2=1021 P1=1023 P2=  -1 T1=1021 T2= 912  P= 611  D=   1 
 X= 873 X2=1019  Y= 985 Y2=1021 P1=1023 P2=  -1 T1=1021 T2= 931  P= 611  D=   1 
 X= 917 X2=1019  Y=1020 Y2=1022 P1=1023 P2=  -1 T1=1022 T2=1020  P= 611  D=   1 
 X=1008 X2= 999  Y= 990 Y2=1023 P1=1023 P2=  -1 T1=1023 T2= 922  P= 611  D=   1 
 X= 992 X2=1016  Y= 983 Y2=1021 P1=1023 P2=  -1 T1=1021 T2= 916  P= 611  D=   1 
 X= 918 X2=1023  Y= 987 Y2=1023 P1=1023 P2=  -1 T1=1020 T2= 921  P= 611  D=   1 
 X= 963 X2=1022  Y= 988 Y2=1023 P1=1023 P2=  -1 T1=1021 T2= 921  P= 611  D=   1 
 X= 967 X2=1023  Y= 983 Y2=1023 P1=1023 P2=  -1 T1=1023 T2= 903  P= 611  D=   1 
 X= 857 X2=1023  Y= 983 Y2=1019 P1=1023 P2=  -1 T1=1023 T2= 921  P= 611  D=   1 
 X= 894 X2=1023  Y= 977 Y2=1021 P1=1023 P2=  -1 T1=1023 T2= 921  P= 611  D=   1 
 X= 954 X2=1017  Y= 990 Y2=1023 P1=1023 P2=  -1 T1=1020 T2= 940  P= 611  D=   1 
 X= 941 X2=1018  Y= 978 Y2=1023 P1=1023 P2=  -1 T1=1023 T2= 925  P= 611  D=   1 
 X=1023 X2=1015  Y= 967 Y2=1021 P1=1023 P2=  -1 T1=1021 T2= 919  P= 611  D=   1 
 X=1004 X2= 988  Y= 972 Y2=1020 P1=1023 P2=  -1 T1=1022 T2= 907  P= 611  D=   1 
 X= 987 X2=1006  Y= 990 Y2=1021 P1=1023 P2=  -1 T1=1023 T2= 933  P= 611  D=   1 
 X= 905 X2=1023  Y= 989 Y2=1020 P1=1023 P2=  -1 T1=1019 T2= 911  P= 611  D=   1 
 X= 961 X2=1021  Y= 970 Y2=1023 P1=1023 P2=  -1 T1=1023 T2= 924  P= 611  D=   1 
 X= 961 X2=1023  Y= 987 Y2=1023 P1=1023 P2=  -1 T1=1022 T2= 915  P= 611  D=   1 
 X= 967 X2= 989  Y= 983 Y2=1022 P1=1023 P2=  -1 T1=1023 T2= 909  P= 611  D=   1 
 X= 964 X2= 997  Y= 975 Y2=1023 P1=1023 P2=  -1 T1=1022 T2= 932  P= 611  D=   1 
 X= 863 X2=1020  Y= 988 Y2=1023 P1=1023 P2=  -1 T1=1022 T2= 919  P= 611  D=   1 
 X= 944 X2=1019  Y= 974 Y2=1021 P1=1023 P2=  -1 T1=1021 T2= 922  P= 611  D=   1 
 X= 966 X2= 996  Y= 980 Y2=1021 P1=1023 P2=  -1 T1=1021 T2= 918  P= 611  D=   1 
 X=1023 X2= 995  Y= 981 Y2=1021 P1=1023 P2=  -1 T1=1022 T2= 917  P= 611  D=   1 
 X=1001 X2=1007  Y= 982 Y2=1023 P1=1023 P2=  -1 T1=1022 T2= 890  P= 611  D=   1 
 X= 237 X2= 234  Y= 329 Y2= 322 P1= 674 P2= 204 T1=  22 T2=  21  P= 541  D=   1 * 0
 X=1020 X2= 992  Y= 977 Y2=1022 P1=1023 P2=   0 T1=1023 T2= 922  P= 541  D=   1 
 X= 795 X2=1023  Y= 974 Y2=1020 P1=1023 P2=   0 T1= 937 T2= 909  P= 541  D=   1 
 X= 238 X2= 235  Y= 329 Y2= 321 P1= 682 P2= 199 T1=  22 T2=  22  P= 572  D=   1 * 0
 X= 239 X2= 236  Y= 330 Y2= 323 P1= 694 P2= 192 T1=  23 T2=  23  P= 619  D=   1 * 0
 X= 239 X2= 236  Y= 329 Y2= 322 P1= 688 P2= 195 T1=  23 T2=  22  P= 599  D=   1 * 0
 X= 237 X2= 235  Y= 330 Y2= 323 P1= 688 P2= 196 T1=  22 T2=  22  P= 592  D=   1 * 1
 X= 237 X2= 235  Y= 330 Y2= 323 P1= 687 P2= 196 T1=  23 T2=  22  P= 591  D=   1 * 2
 X= 237 X2= 235  Y= 330 Y2= 323 P1= 686 P2= 196 T1=  22 T2=  22  P= 590  D=   1 * 3
 X= 238 X2= 236  Y= 330 Y2= 323 P1= 686 P2= 196 T1=  22 T2=  21  P= 592  D=   1 * 4
 X= 238 X2= 235  Y= 330 Y2= 323 P1= 686 P2= 197 T1=  22 T2=  21  P= 585  D=   1 * 5
 X= 237 X2= 235  Y= 330 Y2= 323 P1= 686 P2= 197 T1=  22 T2=  22  P= 585  D=   1 * 6
 X= 239 X2= 235  Y= 330 Y2= 323 P1= 686 P2= 197 T1=  22 T2=  22  P= 588  D=   1 * 7
 X= 238 X2= 235  Y= 330 Y2= 323 P1= 685 P2= 197 T1=  22 T2=  22  P= 584  D=   1 * 8
 X= 237 X2= 235  Y= 329 Y2= 322 P1= 685 P2= 197 T1=  22 T2=  22  P= 584  D=   1 * 9
 X= 237 X2= 235  Y= 330 Y2= 322 P1= 685 P2= 197 T1=  22 T2=  22  P= 584  D=   1 * 10
 X= 239 X2= 236  Y= 329 Y2= 323 P1= 685 P2= 198 T1=  21 T2=  22  P= 582  D=   1 * 11
 X= 238 X2= 235  Y= 329 Y2= 323 P1= 685 P2= 198 T1=  22 T2=  22  P= 580  D=   1 * 12
 X= 238 X2= 235  Y= 329 Y2= 323 P1= 686 P2= 197 T1=  22 T2=  22  P= 585  D=   1 * 13
 X= 237 X2= 234  Y= 330 Y2= 323 P1= 685 P2= 197 T1=  22 T2=  22  P= 582  D=   1 * 14
 X= 238 X2= 235  Y= 329 Y2= 323 P1= 685 P2= 197 T1=  22 T2=  22  P= 584  D=   1 * 15
 X= 237 X2= 234  Y= 329 Y2= 322 P1= 685 P2= 197 T1=  22 T2=  22  P= 582  D=   1 * 16
 X= 236 X2= 235  Y= 330 Y2= 322 P1= 685 P2= 197 T1=  22 T2=  22  P= 582  D=   1 * 17
 X= 238 X2= 235  Y= 330 Y2= 322 P1= 685 P2= 197 T1=  22 T2=  22  P= 584  D=   1 * 18
 X= 238 X2= 234  Y= 330 Y2= 322 P1= 684 P2= 197 T1=  22 T2=  22  P= 583  D=   1 * 19
 X= 238 X2= 235  Y= 330 Y2= 323 P1= 684 P2= 197 T1=  22 T2=  22  P= 583  D=   1 * 20
 X= 238 X2= 235  Y= 330 Y2= 323 P1= 684 P2= 197 T1=  22 T2=  21  P= 583  D=   1 * 21
 X= 238 X2= 235  Y= 332 Y2= 323 P1= 685 P2= 198 T1=  22 T2=  22  P= 580  D=   1 * 22
 X= 238 X2= 235  Y= 329 Y2= 323 P1= 685 P2= 197 T1=  22 T2=  22  P= 584  D=   1 * 23
 X= 237 X2= 235  Y= 329 Y2= 322 P1= 684 P2= 197 T1=  24 T2=  22  P= 583  D=   1 * 24
Remove Pin
 X= 238 X2= 235  Y= 330 Y2= 323 P1= 685 P2= 197 T1=  22 T2=  22  P= 584  D=   1 * 24
 X= 238 X2= 235  Y= 329 Y2= 323 P1= 685 P2= 198 T1=  22 T2=  22  P= 580  D=   1 * 24
 X= 238 X2= 234  Y= 330 Y2= 324 P1= 684 P2= 197 T1=  22 T2=  23  P= 583  D=   1 * 24
 X= 239 X2= 235  Y= 330 Y2= 322 P1= 685 P2= 197 T1=  23 T2=  21  P= 587  D=   1 * 24
 X= 238 X2= 234  Y= 330 Y2= 323 P1= 685 P2= 197 T1=  22 T2=  22  P= 584  D=   1 * 24
 X= 238 X2= 235  Y= 330 Y2= 322 P1= 685 P2= 197 T1=  22 T2=  22  P= 584  D=   1 * 24
 X= 238 X2= 235  Y= 330 Y2= 322 P1= 685 P2= 198 T1=  21 T2=  23  P= 580  D=   1 * 24
 X= 236 X2= 235  Y= 330 Y2= 322 P1= 685 P2= 197 T1=  22 T2=  22  P= 582  D=   1 * 24
 X= 238 X2= 235  Y= 330 Y2= 323 P1= 684 P2= 198 T1=  22 T2=  22  P= 579  D=   1 * 24
 X= 238 X2= 235  Y= 329 Y2= 323 P1= 683 P2= 197 T1=  21 T2=  22  P= 582  D=   1 * 24
 X= 238 X2= 235  Y= 330 Y2= 322 P1= 684 P2= 198 T1=  22 T2=  23  P= 579  D=   1 * 24
 X= 238 X2= 235  Y= 330 Y2= 323 P1= 684 P2= 198 T1=  22 T2=  21  P= 579  D=   1 * 24
 X= 238 X2= 230  Y= 330 Y2= 323 P1= 685 P2= 197 T1=  22 T2=  22  P= 579  D=   1 * 24
 X= 239 X2= 235  Y= 329 Y2= 323 P1= 684 P2= 198 T1=  22 T2=  21  P= 581  D=   1 * 24
 X= 238 X2= 235  Y= 330 Y2= 322 P1= 684 P2= 198 T1=  21 T2=  22  P= 579  D=   1 * 24
 X= 239 X2= 235  Y= 330 Y2= 323 P1= 684 P2= 197 T1=  22 T2=  21  P= 585  D=   1 * 24
 X= 238 X2= 235  Y= 329 Y2= 323 P1= 684 P2= 198 T1=  22 T2=  23  P= 579  D=   1 * 24
 X= 238 X2= 235  Y= 330 Y2= 323 P1= 685 P2= 198 T1=  22 T2=  22  P= 580  D=   1 * 24
 X= 237 X2= 236  Y= 329 Y2= 322 P1= 684 P2= 198 T1=  22 T2=  22  P= 579  D=   1 * 24
 X= 238 X2= 234  Y= 329 Y2= 323 P1= 684 P2= 198 T1=  22 T2=  22  P= 579  D=   1 * 24
 X= 237 X2= 234  Y= 330 Y2= 322 P1= 684 P2= 197 T1=  21 T2=  23  P= 580  D=   1 * 24
 X= 237 X2= 235  Y= 329 Y2= 323 P1= 684 P2= 198 T1=  23 T2=  22  P= 579  D=   1 * 24
 X= 238 X2= 235  Y= 330 Y2= 323 P1= 684 P2= 197 T1=  22 T2=  22  P= 583  D=   1 * 24
 X= 237 X2= 235  Y= 330 Y2= 323 P1= 684 P2= 198 T1=  22 T2=  22  P= 579  D=   1 * 24
 X= 238 X2= 235  Y= 330 Y2= 322 P1= 684 P2= 198 T1=  22 T2=  22  P= 579  D=   1 * 24
 X= 238 X2= 234  Y= 330 Y2= 323 P1= 684 P2= 198 T1=  22 T2=  21  P= 579  D=   1 * 24
 X= 238 X2= 236  Y= 330 Y2= 323 P1= 687 P2= 196 T1=  23 T2=  23  P= 593  D=   1 * 24
 X= 238 X2= 234  Y= 329 Y2= 322 P1= 685 P2= 197 T1=  23 T2=  22  P= 584  D=   1 * 24
 X= 987 X2=1015  Y= 978 Y2=1023 P1=1023 P2=   0 T1=1021 T2= 900  P= 584  D=   1 
 X= 930 X2=1018  Y= 962 Y2=1023 P1=1023 P2=   0 T1=1022 T2= 892  P= 584  D=   1 
 X= 983 X2=1016  Y= 971 Y2=1023 P1=1023 P2=   0 T1=1022 T2= 915  P= 584  D=   1 
target state=1 point=456,22
 X= 919 X2=1018  Y= 971 Y2=1023 P1=1023 P2=   0 T1=1023 T2= 918  P= 584  D=   1 
 X= 871 X2=1023  Y= 989 Y2=1020 P1=1023 P2=   0 T1=1022 T2= 910  P= 584  D=   1 
 X= 957 X2=1023  Y= 980 Y2=1021 P1=1023 P2=   0 T1=1020 T2= 914  P= 584  D=   1 
 X=1023 X2=1005  Y= 977 Y2=1022 P1=1023 P2=   0 T1=1021 T2= 920  P= 584  D=   1 
 X= 948 X2=1018  Y= 980 Y2=1023 P1=1023 P2=   0 T1=1021 T2= 917  P= 584  D=   1 
 X= 872 X2=1023  Y= 991 Y2=1023 P1=1023 P2=   0 T1=1021 T2= 919  P= 584  D=   1 
 X= 962 X2=1020  Y= 980 Y2=1023 P1=1023 P2=   0 T1=1021 T2= 936  P= 584  D=   1 
 X= 892 X2=1017  Y= 979 Y2=1023 P1=1023 P2=   0 T1=1023 T2= 908  P= 584  D=   1 
 X= 955 X2=1021  Y= 978 Y2=1021 P1=1023 P2=   0 T1=1023 T2= 919  P= 584  D=   1 
 X= 933 X2= 997  Y= 982 Y2=1022 P1=1023 P2=   0 T1=1023 T2= 915  P= 584  D=   1 
 X= 983 X2=1023  Y= 973 Y2=1021 P1=1023 P2=   0 T1=1021 T2= 922  P= 584  D=   1 
 X= 927 X2=1023  Y= 981 Y2=1023 P1=1023 P2=   0 T1=1023 T2= 929  P= 584  D=   1 
 X= 953 X2=1022  Y= 974 Y2=1023 P1=1023 P2=   0 T1=1023 T2= 922  P= 584  D=   1 
 X= 879 X2=1016  Y= 984 Y2=1023 P1=1023 P2=   0 T1=1023 T2= 926  P= 584  D=   1 
 X= 951 X2=1022  Y= 985 Y2=1023 P1=1023 P2=   0 T1=1023 T2= 922  P= 584  D=   1 
 X=1023 X2=1016  Y= 979 Y2=1023 P1=1023 P2=   0 T1=1023 T2= 912  P= 584  D=   1 
 X=1011 X2=1010  Y= 983 Y2=1023 P1=1023 P2=   0 T1=1023 T2= 924  P= 584  D=   1 
 X=1023 X2=1017  Y=1021 Y2=1020 P1=1023 P2=   0 T1=1022 T2=1019  P= 584  D=   1 
 X= 905 X2=1023  Y= 991 Y2=1021 P1=1023 P2=   0 T1=1023 T2= 927  P= 584  D=   1 
 X=1001 X2=1016  Y= 983 Y2=1021 P1=1023 P2=   0 T1=1022 T2= 931  P= 584  D=   1 
 X= 911 X2=1023  Y= 991 Y2=1020 P1=1023 P2=   0 T1=1022 T2= 937  P= 584  D=   1 
 X= 932 X2=1023  Y= 977 Y2=1020 P1=1023 P2=   0 T1=1023 T2= 924  P= 584  D=   1 
 X= 861 X2=1019  Y= 990 Y2=1023 P1=1023 P2=   0 T1=1022 T2= 930  P= 584  D=   1 
 X= 897 X2=1022  Y= 982 Y2=1023 P1=1023 P2=   0 T1=1021 T2= 904  P= 584  D=   1 
 X= 867 X2=1023  Y= 988 Y2=1023 P1=1023 P2=   0 T1=1023 T2= 940  P= 584  D=   1 
 X= 999 X2= 999  Y= 989 Y2=1023 P1=1023 P2=   0 T1=1023 T2= 911  P= 584  D=   1 
 X= 988 X2=1010  Y= 970 Y2=1021 P1=1023 P2=   0 T1=1023 T2= 924  P= 584  D=   1 
 X= 967 X2=1021  Y= 981 Y2=1023 P1=1023 P2=   0 T1=1022 T2= 920  P= 584  D=   1 
 X= 964 X2=1021  Y= 984 Y2=1021 P1=1023 P2=   0 T1=1021 T2= 922  P= 584  D=   1 
 X= 829 X2=1023  Y= 981 Y2=1022 P1=1023 P2=   0 T1=1023 T2= 914  P= 584  D=   1 
 X= 853 X2=1023  Y= 989 Y2=1021 P1=1021 P2=   0 T1=1022 T2= 919  P= 584  D=   1 
 X= 944 X2=1008  Y= 986 Y2=1020 P1=1023 P2=   0 T1=1023 T2= 934  P= 584  D=   1 
 X=1012 X2=1019  Y= 992 Y2=1023 P1=1023 P2=   0 T1=1023 T2= 930  P= 584  D=   1 
 X= 879 X2=1023  Y= 979 Y2=1023 P1=1023 P2=   0 T1=1022 T2= 928  P= 584  D=   1 
 X=1022 X2=1015  Y= 991 Y2=1021 P1=1023 P2=   0 T1=1023 T2= 908  P= 584  D=   1 
 X= 996 X2= 993  Y= 981 Y2=1021 P1=1023 P2=   0 T1=1023 T2= 908  P= 584  D=   1 
 X= 921 X2=1023  Y= 987 Y2=1021 P1=1023 P2=   0 T1=1021 T2= 913  P= 584  D=   1 
 X= 955 X2=1022  Y= 982 Y2=1021 P1=1023 P2=   0 T1=1023 T2= 915  P= 584  D=   1 
 X=1003 X2= 996  Y= 984 Y2=1022 P1=1023 P2=   0 T1=1023 T2= 905  P= 584  D=   1 
 X= 813 X2=1023  Y= 979 Y2=1021 P1=1023 P2=   0 T1=1023 T2= 938  P= 584  D=   1 
 X= 909 X2=1023  Y= 988 Y2=1023 P1=1023 P2=   0 T1=1023 T2= 907  P= 584  D=   1 
 X= 994 X2=1016  Y= 982 Y2=1021 P1=1023 P2=   0 T1=1021 T2= 915  P= 584  D=   1 
 X= 935 X2=1018  Y= 984 Y2=1023 P1=1023 P2=   0 T1=1023 T2= 902  P= 584  D=   1 
 X= 948 X2=1023  Y= 982 Y2=1023 P1=1023 P2=   0 T1=1022 T2= 912  P= 584  D=   1 
 X=1018 X2=1006  Y= 978 Y2=1023 P1=1023 P2=   0 T1=1023 T2= 922  P= 584  D=   1 
 X= 895 X2=1017  Y= 981 Y2=1023 P1=1023 P2=   0 T1=1022 T2= 930  P= 584  D=   1 
 X= 930 X2=1023  Y= 993 Y2=1021 P1=1023 P2=   0 T1=1019 T2= 901  P= 584  D=   1 
 X= 961 X2=1021  Y= 985 Y2=1023 P1=1023 P2=   0 T1=1023 T2= 914  P= 584  D=   1 
 X= 956 X2=1023  Y= 980 Y2=1023 P1=1023 P2=   0 T1=1023 T2= 918  P= 584  D=   1 
 X= 938 X2=1013  Y= 985 Y2=1023 P1=1023 P2=   0 T1=1023 T2= 933  P= 584  D=   1 
 X= 995 X2=1011  Y= 992 Y2=1023 P1=1023 P2=   0 T1=1021 T2= 909  P= 584  D=   1 
 X= 963 X2=1013  Y= 974 Y2=1021 P1=1023 P2=   0 T1=1019 T2= 933  P= 584  D=   1 
 X= 877 X2=1023  Y= 983 Y2=1023 P1=1023 P2=   0 T1=1023 T2= 930  P= 584  D=   1 
 X=1023 X2=1005  Y= 973 Y2=1023 P1=1023 P2=   0 T1=1022 T2= 903  P= 584  D=   1 
 X=1023 X2= 980  Y= 977 Y2=1023 P1=1023 P2=   0 T1=1023 T2= 913  P= 584  D=   1 
 X= 902 X2=1023  Y= 984 Y2=1021 P1=1023 P2=   0 T1=1023 T2= 929  P= 584  D=   1 
 X= 955 X2=1023  Y= 980 Y2=1020 P1=1023 P2=   0 T1=1023 T2= 919  P= 584  D=   1 
 X= 865 X2=1017  Y= 974 Y2=1023 P1=1023 P2=   0 T1=1021 T2= 927  P= 584  D=   1 
 X= 834 X2=1023  Y= 983 Y2=1023 P1=1023 P2=   0 T1=1021 T2= 918  P= 584  D=   1 
 X= 939 X2=1023  Y= 975 Y2=1022 P1= 856 P2= 450 T1=1023 T2=  16  P= 584  D=   1 
 X= 812 X2= 810  Y= 328 Y2= 335 P1= 803 P2= 481 T1=  15 T2=  14  P= 542  D=   1 * 0
 X= 811 X2= 810  Y= 326 Y2= 333 P1= 800 P2= 485 T1=  15 T2=  14  P= 525  D=   1 * 0
 X= 811 X2= 810  Y= 327 Y2= 334 P1= 802 P2= 480 T1=  16 T2=  15  P= 542  D=   1 * 0
 X= 811 X2= 809  Y= 328 Y2= 333 P1= 802 P2= 480 T1=  15 T2=  15  P= 542  D=   1 * 0
 X= 811 X2= 810  Y= 328 Y2= 333 P1= 802 P2= 481 T1=  15 T2=  15  P= 540  D=   1 * 1
 X= 811 X2= 810  Y= 327 Y2= 334 P1= 802 P2= 481 T1=  15 T2=  14  P= 540  D=   1 * 2
 X= 811 X2= 810  Y= 327 Y2= 334 P1= 802 P2= 481 T1=  15 T2=  15  P= 540  D=   1 * 3
 X= 812 X2= 811  Y= 326 Y2= 333 P1= 801 P2= 480 T1=  14 T2=  15  P= 541  D=   1 * 4
 X= 812 X2= 811  Y= 327 Y2= 333 P1= 801 P2= 481 T1=  15 T2=  15  P= 539  D=   1 * 5
 X= 812 X2= 810  Y= 326 Y2= 334 P1= 802 P2= 481 T1=  15 T2=  15  P= 540  D=   1 * 6
 X= 811 X2= 811  Y= 326 Y2= 334 P1= 802 P2= 481 T1=  14 T2=  15  P= 540  D=   1 * 7
 X= 812 X2= 810  Y= 327 Y2= 334 P1= 802 P2= 481 T1=  15 T2=  13  P= 540  D=   1 * 8
 X= 812 X2= 811  Y= 327 Y2= 334 P1= 802 P2= 482 T1=  14 T2=  15  P= 537  D=   1 * 9
 X= 811 X2= 811  Y= 327 Y2= 334 P1= 802 P2= 481 T1=  15 T2=  15  P= 540  D=   1 * 10
 X= 812 X2= 811  Y= 326 Y2= 334 P1= 801 P2= 481 T1=  15 T2=  15  P= 539  D=   1 * 11
 X= 812 X2= 811  Y= 327 Y2= 332 P1= 801 P2= 482 T1=  14 T2=  15  P= 536  D=   1 * 12
 X= 812 X2= 810  Y= 327 Y2= 334 P1= 802 P2= 481 T1=  14 T2=  14  P= 540  D=   1 * 13
 X= 812 X2= 811  Y= 327 Y2= 333 P1= 801 P2= 482 T1=  15 T2=  15  P= 536  D=   1 * 14
 X= 812 X2= 810  Y= 327 Y2= 333 P1= 801 P2= 482 T1=  14 T2=  15  P= 536  D=   1 * 15
 X= 811 X2= 811  Y= 327 Y2= 334 P1= 801 P2= 482 T1=  15 T2=  15  P= 536  D=   1 * 16
 X= 811 X2= 811  Y= 327 Y2= 333 P1= 801 P2= 482 T1=  14 T2=  15  P= 536  D=   1 * 17
 X= 811 X2= 810  Y= 327 Y2= 334 P1= 801 P2= 482 T1=  15 T2=  14  P= 535  D=   1 * 18
 X= 811 X2= 810  Y= 327 Y2= 334 P1= 801 P2= 482 T1=  14 T2=  15  P= 535  D=   1 * 19
 X= 812 X2= 812  Y= 327 Y2= 333 P1= 801 P2= 482 T1=  14 T2=  15  P= 536  D=   1 * 20
 X= 811 X2= 811  Y= 327 Y2= 333 P1= 801 P2= 482 T1=  15 T2=  15  P= 536  D=   1 * 21
 X= 810 X2= 810  Y= 327 Y2= 333 P1= 801 P2= 482 T1=  14 T2=  15  P= 535  D=   1 * 22
 X= 809 X2= 810  Y= 326 Y2= 333 P1= 802 P2= 482 T1=  15 T2=  15  P= 536  D=   1 * 23
 X= 811 X2= 811  Y= 327 Y2= 334 P1= 801 P2= 482 T1=  15 T2=  15  P= 536  D=   1 * 24
Remove Pin
 X= 812 X2= 810  Y= 329 Y2= 334 P1= 801 P2= 482 T1=  14 T2=  14  P= 536  D=   1 * 24
 X= 812 X2= 811  Y= 327 Y2= 334 P1= 801 P2= 482 T1=  15 T2=  16  P= 536  D=   1 * 24
 X= 812 X2= 810  Y= 327 Y2= 334 P1= 801 P2= 482 T1=  15 T2=  15  P= 536  D=   1 * 24
 X= 812 X2= 810  Y= 326 Y2= 334 P1= 800 P2= 482 T1=  16 T2=  14  P= 534  D=   1 * 24
 X= 811 X2= 812  Y= 327 Y2= 334 P1= 802 P2= 482 T1=  14 T2=  15  P= 537  D=   1 * 24
 X= 811 X2= 811  Y= 328 Y2= 334 P1= 801 P2= 482 T1=  15 T2=  14  P= 536  D=   1 * 24
 X= 811 X2= 811  Y= 327 Y2= 334 P1= 801 P2= 481 T1=  14 T2=  15  P= 539  D=   1 * 24
 X= 812 X2= 810  Y= 328 Y2= 334 P1= 802 P2= 482 T1=  15 T2=  15  P= 537  D=   1 * 24
 X= 812 X2= 810  Y= 327 Y2= 334 P1= 802 P2= 482 T1=  14 T2=  16  P= 537  D=   1 * 24
 X= 812 X2= 811  Y= 329 Y2= 334 P1= 801 P2= 483 T1=  15 T2=  15  P= 533  D=   1 * 24
 X= 812 X2= 810  Y= 326 Y2= 334 P1= 801 P2= 483 T1=  15 T2=  15  P= 533  D=   1 * 24
 X= 812 X2= 807  Y= 327 Y2= 334 P1= 802 P2= 482 T1=  15 T2=  15  P= 536  D=   1 * 24
 X= 812 X2= 810  Y= 325 Y2= 334 P1= 801 P2= 482 T1=  12 T2=  14  P= 536  D=   1 * 24
 X= 812 X2= 811  Y= 328 Y2= 333 P1= 801 P2= 482 T1=  16 T2=  14  P= 536  D=   1 * 24
 X= 812 X2= 810  Y= 327 Y2= 334 P1= 802 P2= 483 T1=  15 T2=  13  P= 535  D=   1 * 24
 X= 812 X2= 810  Y= 327 Y2= 334 P1= 801 P2= 482 T1=  15 T2=  16  P= 536  D=   1 * 24
 X= 812 X2= 810  Y= 328 Y2= 335 P1= 801 P2= 482 T1=  16 T2=  14  P= 536  D=   1 * 24
 X= 812 X2= 810  Y= 326 Y2= 333 P1= 801 P2= 482 T1=  15 T2=  14  P= 536  D=   1 * 24
 X= 812 X2= 811  Y= 326 Y2= 333 P1= 801 P2= 483 T1=  15 T2=  13  P= 533  D=   1 * 24
 X= 812 X2= 809  Y= 327 Y2= 334 P1= 801 P2= 482 T1=  14 T2=  14  P= 535  D=   1 * 24
 X= 811 X2= 810  Y= 326 Y2= 333 P1= 801 P2= 483 T1=  14 T2=  15  P= 532  D=   1 * 24
 X= 812 X2= 810  Y= 325 Y2= 332 P1= 800 P2= 485 T1=  15 T2=  15  P= 526  D=   1 * 24
 X= 811 X2= 809  Y= 327 Y2= 333 P1= 802 P2= 480 T1=  14 T2=  16  P= 542  D=   1 * 24
 X= 901 X2=1023  Y= 983 Y2=1021 P1=1023 P2=   0 T1=1022 T2= 907  P= 542  D=   1 
 X= 888 X2=1023  Y= 992 Y2=1021 P1=1023 P2=   0 T1=1023 T2= 914  P= 542  D=   1 
 X=1007 X2= 995  Y= 978 Y2=1021 P1=1023 P2=   0 T1=1021 T2= 903  P= 542  D=   1 
target state=2 point=456,249
 X= 816 X2=1023  Y= 979 Y2=1021 P1=1023 P2=   0 T1=1023 T2= 948  P= 542  D=   1 
 X=1023 X2=1003  Y= 990 Y2=1021 P1=1022 P2=   0 T1=1022 T2= 934  P= 542  D=   1 
 X= 946 X2=1021  Y= 989 Y2=1023 P1=1023 P2=   0 T1=1021 T2= 902  P= 542  D=   1 
 X=1023 X2= 998  Y= 986 Y2=1021 P1=1023 P2=   0 T1=1022 T2= 910  P= 542  D=   1 
 X= 982 X2=1023  Y=1021 Y2=1021 P1=1023 P2=   0 T1=1020 T2=1020  P= 542  D=   1 
 X= 927 X2=1016  Y= 968 Y2=1022 P1=1023 P2=   0 T1=1022 T2= 930  P= 542  D=   1 
 X= 950 X2=1021  Y= 988 Y2=1021 P1=1023 P2=   0 T1=1023 T2= 921  P= 542  D=   1 
 X= 894 X2=1023  Y= 986 Y2=1021 P1=1023 P2=   0 T1=1020 T2= 932  P= 542  D=   1 
 X= 922 X2=1023  Y= 987 Y2=1021 P1=1023 P2=   0 T1=1023 T2= 904  P= 542  D=   1 
 X= 995 X2=1009  Y= 979 Y2=1021 P1=1023 P2=   0 T1=1023 T2= 920  P= 542  D=   1 
 X= 822 X2=1023  Y= 984 Y2=1023 P1=1023 P2=   0 T1=1021 T2= 933  P= 542  D=   1 
 X= 970 X2=1022  Y= 978 Y2=1020 P1=1023 P2=   0 T1=1022 T2= 922  P= 542  D=   1 
 X= 948 X2=1021  Y= 984 Y2=1022 P1=1023 P2=   0 T1=1022 T2= 911  P= 542  D=   1 
 X= 812 X2=1023  Y= 974 Y2=1023 P1=1023 P2=   0 T1=1023 T2= 924  P= 542  D=   1 
 X= 904 X2=1023  Y= 973 Y2=1023 P1=1023 P2=   0 T1=1021 T2= 925  P= 542  D=   1 
 X= 863 X2=1019  Y= 985 Y2=1022 P1=1023 P2=   0 T1=1021 T2= 945  P= 542  D=   1 
 X= 916 X2=1022  Y= 991 Y2=1021 P1=1023 P2=   0 T1=1023 T2= 899  P= 542  D=   1 
 X= 959 X2=1023  Y= 987 Y2=1023 P1=1023 P2=   0 T1=1023 T2= 904  P= 542  D=   1 
 X=1023 X2=1005  Y= 975 Y2=1023 P1=1023 P2=   0 T1=1023 T2= 904  P= 542  D=   1 
 X=1023 X2=1008  Y= 986 Y2=1021 P1=1023 P2=   0 T1=1021 T2= 933  P= 542  D=   1 
 X=1023 X2=1010  Y= 985 Y2=1021 P1=1023 P2=   0 T1=1023 T2= 902  P= 542  D=   1 
 X= 961 X2=1022  Y= 987 Y2=1021 P1=1023 P2=   0 T1=1023 T2= 909  P= 542  D=   1 
 X= 933 X2=1023  Y= 984 Y2=1023 P1=1023 P2=   0 T1=1021 T2= 936  P= 542  D=   1 
 X= 895 X2=1023  Y= 989 Y2=1021 P1=1023 P2=   0 T1=1022 T2= 922  P= 542  D=   1 
 X= 928 X2=1023  Y= 978 Y2=1023 P1=1023 P2=   0 T1=1023 T2= 921  P= 542  D=   1 
 X= 980 X2=1015  Y= 979 Y2=1021 P1=1023 P2=   0 T1=1021 T2= 928  P= 542  D=   1 
 X= 932 X2=1019  Y= 979 Y2=1022 P1=1023 P2=   0 T1=1023 T2= 911  P= 542  D=   1 
 X= 961 X2=1023  Y= 988 Y2=1021 P1=1023 P2=   0 T1=1021 T2= 919  P= 542  D=   1 
 X=1012 X2= 996  Y= 984 Y2=1023 P1=1023 P2=   0 T1=1023 T2= 905  P= 542  D=   1 
 X= 965 X2=1023  Y= 981 Y2=1020 P1=1023 P2=   0 T1=1023 T2= 925  P= 542  D=   1 
 X= 945 X2=1022  Y= 978 Y2=1020 P1=1023 P2=   0 T1=1023 T2= 901  P= 542  D=   1 
 X= 958 X2=1020  Y= 986 Y2=1023 P1=1023 P2=   0 T1=1022 T2= 931  P= 542  D=   1 
 X= 969 X2=1023  Y= 979 Y2=1022 P1=1023 P2=   0 T1=1022 T2= 914  P= 542  D=   1 
 X= 890 X2=1023  Y= 976 Y2=1021 P1=1023 P2=   0 T1=1023 T2= 914  P= 542  D=   1 
 X= 994 X2=1005  Y= 971 Y2=1021 P1=1023 P2=   0 T1=1023 T2= 920  P= 542  D=   1 
 X= 966 X2=1023  Y= 988 Y2=1022 P1=1023 P2=   0 T1=1021 T2= 962  P= 542  D=   1 
 X=1022 X2=1017  Y= 978 Y2=1023 P1=1023 P2=   0 T1=1021 T2= 922  P= 542  D=   1 
 X=1023 X2=1005  Y= 983 Y2=1023 P1=1023 P2=   0 T1=1023 T2= 918  P= 542  D=   1 
 X=1002 X2= 987  Y= 983 Y2=1023 P1=1023 P2=   0 T1=1023 T2= 913  P= 542  D=   1 
 X= 927 X2=1023  Y= 981 Y2=1023 P1=1023 P2=   0 T1=1023 T2= 908  P= 542  D=   1 
 X= 954 X2=1023  Y= 988 Y2=1023 P1=1023 P2=   0 T1=1021 T2= 919  P= 542  D=   1 
 X= 910 X2=1022  Y= 981 Y2=1023 P1=1023 P2=   0 T1=1021 T2= 901  P= 542  D=   1 
 X= 799 X2=1023  Y= 981 Y2=1023 P1=1023 P2=   0 T1=1022 T2= 917  P= 542  D=   1 
 X= 867 X2=1021  Y= 985 Y2=1021 P1=1023 P2=   0 T1=1022 T2= 906  P= 542  D=   1 
 X= 983 X2=1014  Y= 984 Y2=1023 P1=1023 P2=   0 T1=1023 T2= 909  P= 542  D=   1 
 X= 877 X2=1019  Y= 978 Y2=1023 P1=1023 P2=   0 T1=1022 T2= 943  P= 542  D=   1 
 X= 970 X2=1023  Y= 970 Y2=1023 P1=1023 P2=   0 T1=1023 T2= 921  P= 542  D=   1 
 X=1023 X2=1009  Y= 991 Y2=1021 P1=1023 P2=   0 T1=1023 T2= 912  P= 542  D=   1 
 X= 904 X2=1023  Y= 988 Y2=1021 P1=1023 P2=   0 T1=1023 T2= 912  P= 542  D=   1 
 X= 919 X2=1023  Y= 992 Y2=1023 P1=1023 P2=   0 T1=1022 T2= 905  P= 542  D=   1 
 X= 940 X2=1018  Y= 983 Y2=1023 P1=1023 P2=   0 T1=1023 T2= 906  P= 542  D=   1 
 X= 971 X2=1023  Y= 993 Y2=1023 P1=1023 P2=   0 T1=1022 T2= 908  P= 542  D=   1 
 X= 845 X2=1023  Y= 985 Y2=1020 P1=1023 P2=   0 T1=1023 T2= 919  P= 542  D=   1 
 X=1009 X2=1017  Y= 973 Y2=1023 P1=1023 P2=   0 T1=1023 T2= 915  P= 542  D=   1 
 X= 988 X2=1009  Y= 977 Y2=1023 P1=1023 P2=   0 T1=1021 T2= 901  P= 542  D=   1 
 X= 927 X2=1023  Y= 985 Y2=1023 P1=1023 P2=   0 T1=1019 T2= 925  P= 542  D=   1 
 X= 948 X2=1023  Y= 990 Y2=1023 P1=1023 P2=   0 T1=1023 T2= 935  P= 542  D=   1 
 X= 910 X2=1023  Y= 972 Y2=1021 P1=1023 P2=   0 T1=1023 T2= 912  P= 542  D=   1 
 X= 903 X2=1023  Y= 988 Y2=1023 P1=1023 P2=   0 T1=1022 T2= 910  P= 542  D=   1 
 X=1007 X2= 999  Y= 985 Y2=1021 P1=1023 P2=   0 T1=1022 T2= 925  P= 542  D=   1 
 X= 916 X2=1022  Y= 987 Y2=1022 P1=1023 P2=   0 T1=1023 T2= 930  P= 542  D=   1 
 X= 831 X2=1023  Y= 979 Y2=1020 P1=1023 P2=   0 T1=1023 T2= 924  P= 542  D=   1 
 X=1023 X2=1011  Y= 975 Y2=1021 P1=1023 P2=   0 T1=1023 T2= 910  P= 542  D=   1 
 X= 808 X2= 809  Y= 708 Y2= 713 P1= 907 P2= 505 T1=  14 T2= 913  P= 542  D=   1 * 0
 X=1023 X2= 822  Y= 710 Y2= 713 P1= 911 P2= 536 T1=1022 T2=  15  P= 542  D=   1 
 X= 809 X2= 810  Y= 708 Y2= 713 P1= 909 P2= 543 T1=  15 T2=  13  P= 545  D=   1 * 0
 X= 809 X2= 809  Y= 708 Y2= 712 P1= 909 P2= 544 T1=  15 T2=  15  P= 542  D=   1 * 0
 X= 807 X2= 810  Y= 708 Y2= 710 P1= 909 P2= 545 T1=  15 T2=  15  P= 538  D=   1 * 0
 X= 808 X2= 810  Y= 708 Y2= 712 P1= 910 P2= 545 T1=  15 T2=  15  P= 541  D=   1 * 1
 X= 809 X2= 810  Y= 708 Y2= 712 P1= 909 P2= 544 T1=  15 T2=  16  P= 542  D=   1 * 2
 X= 809 X2= 810  Y= 708 Y2= 712 P1= 909 P2= 546 T1=  15 T2=  15  P= 537  D=   1 * 3
 X= 809 X2= 810  Y= 707 Y2= 712 P1= 909 P2= 547 T1=  14 T2=  15  P= 534  D=   1 * 4
 X= 809 X2= 810  Y= 708 Y2= 711 P1= 908 P2= 548 T1=  14 T2=  14  P= 530  D=   1 * 5
 X= 809 X2= 810  Y= 707 Y2= 712 P1= 908 P2= 547 T1=  14 T2=  14  P= 533  D=   1 * 6
 X= 809 X2= 810  Y= 707 Y2= 712 P1= 909 P2= 547 T1=  15 T2=  14  P= 534  D=   1 * 7
 X= 809 X2= 810  Y= 707 Y2= 712 P1= 908 P2= 548 T1=  15 T2=  15  P= 530  D=   1 * 8
 X= 808 X2= 810  Y= 706 Y2= 711 P1= 908 P2= 549 T1=  14 T2=  14  P= 528  D=   1 * 9
 X= 810 X2= 810  Y= 708 Y2= 712 P1= 901 P2= 549 T1=  14 T2=  15  P= 519  D=   1 * 10
 X= 809 X2= 810  Y= 707 Y2= 710 P1= 908 P2= 549 T1=  14 T2=  14  P= 528  D=   1 * 11
 X= 809 X2= 811  Y= 707 Y2= 712 P1= 909 P2= 549 T1=  14 T2=  15  P= 530  D=   1 * 12
 X= 809 X2= 810  Y= 707 Y2= 712 P1= 908 P2= 549 T1=  14 T2=  14  P= 528  D=   1 * 13
 X= 809 X2= 810  Y= 708 Y2= 711 P1= 907 P2= 549 T1=  13 T2=  14  P= 527  D=   1 * 14
 X= 809 X2= 812  Y= 707 Y2= 712 P1= 908 P2= 549 T1=  15 T2=  14  P= 528  D=   1 * 15
 X= 809 X2= 810  Y= 707 Y2= 711 P1= 908 P2= 549 T1=  15 T2=  15  P= 528  D=   1 * 16
 X= 809 X2= 809  Y= 708 Y2= 712 P1= 908 P2= 550 T1=  13 T2=  15  P= 525  D=   1 * 17
 X= 809 X2= 810  Y= 709 Y2= 711 P1= 908 P2= 549 T1=  15 T2=  14  P= 528  D=   1 * 18
 X= 806 X2= 810  Y= 707 Y2= 712 P1= 908 P2= 550 T1=  14 T2=  16  P= 525  D=   1 * 19
 X= 813 X2= 810  Y= 708 Y2= 711 P1= 907 P2= 550 T1=  15 T2=  14  P= 526  D=   1 * 20
 X= 809 X2= 810  Y= 707 Y2= 712 P1= 907 P2= 549 T1=  15 T2=  13  P= 527  D=   1 * 21
 X= 809 X2= 810  Y= 707 Y2= 711 P1= 908 P2= 549 T1=  15 T2=  15  P= 528  D=   1 * 22
 X= 810 X2= 811  Y= 708 Y2= 711 P1= 908 P2= 549 T1=  15 T2=  14  P= 528  D=   1 * 23
 X= 809 X2= 810  Y= 707 Y2= 711 P1= 908 P2= 550 T1=  15 T2=  15  P= 525  D=   1 * 24
Remove Pin
 X= 809 X2= 809  Y= 707 Y2= 712 P1= 908 P2= 549 T1=  15 T2=  14  P= 528  D=   1 * 24
 X= 808 X2= 810  Y= 707 Y2= 712 P1= 904 P2= 550 T1=  15 T2=  15  P= 520  D=   1 * 24
 X= 809 X2= 810  Y= 707 Y2= 711 P1= 908 P2= 550 T1=  15 T2=  14  P= 525  D=   1 * 24
 X= 809 X2= 811  Y= 707 Y2= 712 P1= 908 P2= 549 T1=  15 T2=  15  P= 528  D=   1 * 24
 X= 809 X2= 811  Y= 708 Y2= 711 P1= 908 P2= 550 T1=  15 T2=  15  P= 526  D=   1 * 24
 X= 809 X2= 810  Y= 707 Y2= 711 P1= 908 P2= 550 T1=  16 T2=  15  P= 525  D=   1 * 24
 X= 809 X2= 810  Y= 708 Y2= 711 P1= 908 P2= 549 T1=  14 T2=  15  P= 528  D=   1 * 24
 X= 809 X2= 810  Y= 707 Y2= 712 P1= 907 P2= 550 T1=  14 T2=  14  P= 525  D=   1 * 24
 X= 810 X2= 810  Y= 707 Y2= 712 P1= 908 P2= 549 T1=  14 T2=  15  P= 528  D=   1 * 24
 X= 810 X2= 812  Y= 707 Y2= 712 P1= 908 P2= 549 T1=  14 T2=  14  P= 529  D=   1 * 24
 X= 808 X2= 810  Y= 707 Y2= 711 P1= 908 P2= 549 T1=  15 T2=  14  P= 528  D=   1 * 24
 X= 809 X2= 810  Y= 707 Y2= 710 P1= 908 P2= 550 T1=  14 T2=  14  P= 525  D=   1 * 24
 X= 809 X2= 811  Y= 708 Y2= 711 P1= 908 P2= 549 T1=  15 T2=  15  P= 528  D=   1 * 24
 X= 809 X2= 812  Y= 707 Y2= 712 P1= 907 P2= 549 T1=  15 T2=  15  P= 528  D=   1 * 24
 X= 809 X2= 810  Y= 707 Y2= 712 P1= 908 P2= 549 T1=  14 T2=  13  P= 528  D=   1 * 24
 X= 809 X2= 810  Y= 707 Y2= 711 P1= 908 P2= 550 T1=  16 T2=  15  P= 525  D=   1 * 24
 X= 809 X2= 809  Y= 707 Y2= 711 P1= 908 P2= 550 T1=  14 T2=  14  P= 525  D=   1 * 24
 X= 809 X2= 810  Y= 706 Y2= 712 P1= 908 P2= 548 T1=  14 T2=  15  P= 530  D=   1 * 24
 X= 949 X2=1023  Y= 985 Y2=1023 P1=1023 P2=   0 T1=1022 T2= 907  P= 530  D=   1 
 X= 817 X2=1023  Y= 984 Y2=1021 P1=1023 P2=   0 T1=1022 T2= 919  P= 530  D=   1 
 X= 911 X2=1023  Y= 981 Y2=1023 P1=1023 P2=   0 T1=1023 T2= 936  P= 530  D=   1 
target state=3 point=23,249
 X= 939 X2=1023  Y= 989 Y2=1021 P1=1023 P2=   0 T1=1023 T2= 902  P= 530  D=   1 
 X= 962 X2=1023  Y= 974 Y2=1021 P1=1023 P2=   0 T1=1022 T2= 926  P= 530  D=   1 
 X=1023 X2=1021  Y= 987 Y2=1021 P1=1023 P2=   0 T1=1023 T2= 910  P= 530  D=   1 
 X=1020 X2= 994  Y= 986 Y2=1023 P1=1023 P2=   0 T1=1023 T2= 928  P= 530  D=   1 
 X=1016 X2= 996  Y= 983 Y2=1023 P1=1023 P2=   0 T1=1022 T2= 923  P= 530  D=   1 
 X= 947 X2=1023  Y= 985 Y2=1023 P1=1023 P2=   0 T1=1021 T2= 940  P= 530  D=   1 
 X= 955 X2=1023  Y= 976 Y2=1021 P1=1023 P2=   0 T1=1023 T2= 923  P= 530  D=   1 
 X= 868 X2=1023  Y= 990 Y2=1021 P1=1023 P2=   0 T1=1022 T2= 909  P= 530  D=   1 
 X= 971 X2=1023  Y= 982 Y2=1021 P1=1023 P2=   0 T1=1023 T2= 940  P= 530  D=   1 
 X= 865 X2=1020  Y= 984 Y2=1021 P1=1023 P2=   0 T1=1023 T2= 934  P= 530  D=   1 
 X= 867 X2=1017  Y= 984 Y2=1020 P1=1023 P2=   0 T1=1022 T2= 927  P= 530  D=   1 
 X= 954 X2=1018  Y= 981 Y2=1023 P1=1023 P2=   0 T1=1023 T2= 910  P= 530  D=   1 
 X= 954 X2= 997  Y= 974 Y2=1023 P1=1023 P2=   0 T1=1023 T2= 933  P= 530  D=   1 
 X=1022 X2=1014  Y= 980 Y2=1020 P1=1023 P2=   0 T1=1023 T2= 927  P= 530  D=   1 
 X= 950 X2=1023  Y= 987 Y2=1020 P1=1023 P2=   0 T1=1021 T2= 930  P= 530  D=   1 
 X= 958 X2= 994  Y= 984 Y2=1020 P1=1023 P2=   0 T1=1023 T2= 921  P= 530  D=   1 
 X= 914 X2=1022  Y= 984 Y2=1023 P1=1023 P2=   0 T1=1023 T2= 930  P= 530  D=   1 
 X= 831 X2=1023  Y= 969 Y2=1020 P1=1023 P2=   0 T1=1023 T2= 912  P= 530  D=   1 
 X= 914 X2=1023  Y= 980 Y2=1022 P1=1023 P2=   0 T1=1023 T2= 921  P= 530  D=   1 
 X= 995 X2=1012  Y= 980 Y2=1022 P1=1023 P2=   0 T1=1023 T2= 931  P= 530  D=   1 
 X= 942 X2=1018  Y= 978 Y2=1020 P1=1023 P2=   0 T1=1023 T2= 911  P= 530  D=   1 
 X=1021 X2=1017  Y= 978 Y2=1021 P1=1023 P2=   0 T1=1023 T2= 928  P= 530  D=   1 
 X= 971 X2=1022  Y= 993 Y2=1021 P1=1023 P2=   0 T1=1021 T2= 909  P= 530  D=   1 
 X= 915 X2=1023  Y= 983 Y2=1021 P1=1023 P2=   0 T1=1022 T2= 914  P= 530  D=   1 
 X= 965 X2=1021  Y= 972 Y2=1022 P1=1023 P2=   0 T1=1023 T2= 899  P= 530  D=   1 
 X= 961 X2= 982  Y= 977 Y2=1021 P1=1023 P2=   0 T1=1023 T2= 912  P= 530  D=   1 
 X= 960 X2=1023  Y= 979 Y2=1021 P1=1023 P2=   0 T1=1023 T2= 908  P= 530  D=   1 
 X= 871 X2=1023  Y= 979 Y2=1020 P1=1023 P2=   0 T1=1022 T2= 931  P= 530  D=   1 
 X= 871 X2=1023  Y= 989 Y2=1021 P1=1023 P2=   0 T1=1023 T2= 921  P= 530  D=   1 
 X= 952 X2=1014  Y= 978 Y2=1021 P1=1023 P2=   0 T1=1023 T2= 937  P= 530  D=   1 
 X= 968 X2=1023  Y= 981 Y2=1021 P1=1023 P2=   0 T1=1023 T2= 906  P= 530  D=   1 
 X=1023 X2= 997  Y= 980 Y2=1019 P1=1023 P2=   0 T1=1023 T2= 910  P= 530  D=   1 
 X=1023 X2=1011  Y= 976 Y2=1020 P1=1023 P2=   0 T1=1021 T2= 919  P= 530  D=   1 
 X= 908 X2=1023  Y= 982 Y2=1023 P1=1023 P2=   0 T1=1023 T2= 927  P= 530  D=   1 
 X= 954 X2=1023  Y= 986 Y2=1021 P1=1023 P2=   0 T1=1023 T2= 910  P= 530  D=   1 
 X= 849 X2=1023  Y= 968 Y2=1023 P1=1023 P2=   0 T1=1021 T2= 932  P= 530  D=   1 
 X= 814 X2=1023  Y= 981 Y2=1023 P1=1023 P2=   0 T1=1023 T2= 932  P= 530  D=   1 
 X=1023 X2=1017  Y= 980 Y2=1021 P1=1023 P2=   0 T1=1023 T2= 911  P= 530  D=   1 
 X= 994 X2= 991  Y= 970 Y2=1021 P1=1023 P2=   0 T1=1022 T2= 916  P= 530  D=   1 
 X= 966 X2=1014  Y= 988 Y2=1022 P1=1023 P2=   0 T1=1020 T2= 911  P= 530  D=   1 
 X= 964 X2= 995  Y= 972 Y2=1023 P1=1023 P2=   0 T1=1022 T2= 911  P= 530  D=   1 
 X=1023 X2=1009  Y= 978 Y2=1023 P1=1023 P2=   0 T1=1021 T2= 912  P= 530  D=   1 
 X= 925 X2=1023  Y= 987 Y2=1021 P1=1023 P2=   0 T1=1023 T2= 904  P= 530  D=   1 
 X= 910 X2=1023  Y= 978 Y2=1023 P1=1023 P2=   0 T1=1023 T2= 895  P= 530  D=   1 
 X= 920 X2=1023  Y= 992 Y2=1022 P1=1023 P2=   0 T1=1022 T2= 921  P= 530  D=   1 
 X= 845 X2=1023  Y= 987 Y2=1021 P1=1023 P2=   0 T1=1023 T2= 912  P= 530  D=   1 
 X= 873 X2=1023  Y= 970 Y2=1023 P1=1023 P2=   0 T1=1022 T2= 910  P= 530  D=   1 
 X= 963 X2=1020  Y= 976 Y2=1020 P1=1023 P2=   0 T1=1021 T2= 941  P= 530  D=   1 
 X= 864 X2=1019  Y= 980 Y2=1023 P1=1023 P2=   0 T1=1020 T2= 927  P= 530  D=   1 
 X= 965 X2= 994  Y= 984 Y2=1023 P1=1023 P2=   0 T1=1023 T2= 913  P= 530  D=   1 
 X= 957 X2= 996  Y= 982 Y2=1023 P1=1023 P2=   0 T1=1023 T2= 938  P= 530  D=   1 
 X= 829 X2=1023  Y= 978 Y2=1023 P1=1023 P2=   1 T1=1023 T2= 909  P= 530  D=   1 
 X= 874 X2=1023  Y= 985 Y2=1021 P1=1023 P2=   0 T1=1022 T2= 924  P= 530  D=   1 
 X= 923 X2=1023  Y= 983 Y2=1021 P1=1023 P2=   0 T1=1023 T2= 915  P= 530  D=   1 
 X= 982 X2=1012  Y= 981 Y2=1021 P1=1023 P2=   0 T1=1021 T2= 913  P= 530  D=   1 
 X= 960 X2=1023  Y= 984 Y2=1022 P1=1023 P2=   0 T1=1023 T2= 903  P= 530  D=   1 
 X=1016 X2= 998  Y= 994 Y2=1022 P1=1023 P2=   0 T1=1022 T2= 904  P= 530  D=   1 
 X= 235 X2= 235  Y= 706 Y2= 701 P1= 835 P2= 235 T1=  25 T2=  23  P= 599  D=   1 * 0
 X= 238 X2= 239  Y= 706 Y2= 702 P1= 852 P2= 214 T1=  31 T2=  24  P= 599  D=   1 
 X= 233 X2= 236  Y= 706 Y2= 701 P1= 838 P2= 230 T1=  22 T2=  23  P= 618  D=   1 * 0
 X= 232 X2= 235  Y= 706 Y2= 701 P1= 834 P2= 235 T1=  22 T2=  22  P= 593  D=   1 * 0
 X= 232 X2= 234  Y= 705 Y2= 701 P1= 834 P2= 235 T1=  22 T2=  22  P= 593  D=   1 * 0
 X= 232 X2= 235  Y= 706 Y2= 701 P1= 834 P2= 235 T1=  22 T2=  22  P= 593  D=   1 * 1
 X= 232 X2= 235  Y= 706 Y2= 701 P1= 834 P2= 236 T1=  22 T2=  22  P= 590  D=   1 * 2
 X= 232 X2= 235  Y= 705 Y2= 701 P1= 835 P2= 236 T1=  23 T2=  22  P= 591  D=   1 * 3
 X= 232 X2= 234  Y= 706 Y2= 701 P1= 833 P2= 236 T1=  23 T2=  22  P= 589  D=   1 * 4
 X= 232 X2= 234  Y= 705 Y2= 701 P1= 832 P2= 236 T1=  22 T2=  22  P= 588  D=   1 * 5
 X= 234 X2= 235  Y= 705 Y2= 701 P1= 833 P2= 236 T1=  23 T2=  22  P= 591  D=   1 * 6
 X= 233 X2= 235  Y= 706 Y2= 701 P1= 833 P2= 236 T1=  22 T2=  22  P= 591  D=   1 * 7
 X= 233 X2= 234  Y= 707 Y2= 701 P1= 833 P2= 236 T1=  22 T2=  22  P= 589  D=   1 * 8
 X= 232 X2= 235  Y= 705 Y2= 701 P1= 833 P2= 236 T1=  22 T2=  21  P= 589  D=   1 * 9
 X= 230 X2= 231  Y= 709 Y2= 701 P1= 833 P2= 237 T1=  22 T2=  22  P= 578  D=   1 * 10
 X= 232 X2= 235  Y= 705 Y2= 701 P1= 833 P2= 237 T1=  24 T2=  24  P= 585  D=   1 * 11
 X= 233 X2= 235  Y= 705 Y2= 701 P1= 833 P2= 237 T1=  22 T2=  22  P= 588  D=   1 * 12
 X= 231 X2= 235  Y= 705 Y2= 701 P1= 833 P2= 236 T1=  22 T2=  21  P= 589  D=   1 * 13
 X= 233 X2= 235  Y= 704 Y2= 701 P1= 833 P2= 236 T1=  22 T2=  23  P= 591  D=   1 * 14
 X= 234 X2= 234  Y= 705 Y2= 701 P1= 833 P2= 237 T1=  22 T2=  23  P= 588  D=   1 * 15
 X= 234 X2= 235  Y= 705 Y2= 701 P1= 832 P2= 237 T1=  23 T2=  23  P= 587  D=   1 * 16
 X= 231 X2= 235  Y= 705 Y2= 701 P1= 833 P2= 237 T1=  23 T2=  22  P= 585  D=   1 * 17
 X= 232 X2= 237  Y= 705 Y2= 701 P1= 833 P2= 237 T1=  23 T2=  23  P= 588  D=   1 * 18
 X= 232 X2= 234  Y= 706 Y2= 701 P1= 833 P2= 237 T1=  22 T2=  24  P= 585  D=   1 * 19
 X= 232 X2= 234  Y= 706 Y2= 701 P1= 832 P2= 237 T1=  22 T2=  22  P= 584  D=   1 * 20
 X= 233 X2= 235  Y= 706 Y2= 701 P1= 833 P2= 237 T1=  22 T2=  23  P= 588  D=   1 * 21
 X= 233 X2= 234  Y= 705 Y2= 701 P1= 832 P2= 237 T1=  22 T2=  22  P= 584  D=   1 * 22
 X= 232 X2= 232  Y= 705 Y2= 700 P1= 832 P2= 237 T1=  21 T2=  22  P= 582  D=   1 * 23
 X= 233 X2= 236  Y= 705 Y2= 701 P1= 832 P2= 237 T1=  23 T2=  22  P= 587  D=   1 * 24
Remove Pin
 X= 233 X2= 235  Y= 706 Y2= 700 P1= 833 P2= 237 T1=  22 T2=  22  P= 588  D=   1 * 24
 X= 232 X2= 239  Y= 706 Y2= 701 P1= 833 P2= 236 T1=  22 T2=  23  P= 594  D=   1 * 24
 X= 233 X2= 236  Y= 705 Y2= 701 P1= 832 P2= 237 T1=  22 T2=  22  P= 587  D=   1 * 24
 X= 232 X2= 235  Y= 705 Y2= 701 P1= 833 P2= 237 T1=  23 T2=  24  P= 585  D=   1 * 24
 X= 232 X2= 235  Y= 705 Y2= 701 P1= 833 P2= 237 T1=  24 T2=  22  P= 585  D=   1 * 24
 X= 234 X2= 235  Y= 706 Y2= 701 P1= 832 P2= 237 T1=  22 T2=  22  P= 587  D=   1 * 24
 X= 233 X2= 236  Y= 705 Y2= 701 P1= 832 P2= 237 T1=  23 T2=  22  P= 587  D=   1 * 24
 X= 232 X2= 233  Y= 707 Y2= 701 P1= 833 P2= 237 T1=  23 T2=  22  P= 583  D=   1 * 24
 X= 232 X2= 235  Y= 705 Y2= 700 P1= 832 P2= 237 T1=  23 T2=  22  P= 584  D=   1 * 24
 X= 232 X2= 235  Y= 705 Y2= 701 P1= 833 P2= 237 T1=  21 T2=  22  P= 585  D=   1 * 24
 X= 233 X2= 235  Y= 706 Y2= 701 P1= 833 P2= 237 T1=  23 T2=  22  P= 588  D=   1 * 24
 X= 233 X2= 234  Y= 705 Y2= 700 P1= 833 P2= 237 T1=  23 T2=  22  P= 585  D=   1 * 24
 X= 233 X2= 233  Y= 705 Y2= 701 P1= 832 P2= 237 T1=  22 T2=  22  P= 584  D=   1 * 24
 X= 232 X2= 234  Y= 705 Y2= 701 P1= 832 P2= 237 T1=  23 T2=  21  P= 584  D=   1 * 24
 X= 232 X2= 235  Y= 705 Y2= 700 P1= 832 P2= 238 T1=  22 T2=  22  P= 581  D=   1 * 24
 X= 234 X2= 235  Y= 705 Y2= 702 P1= 833 P2= 237 T1=  23 T2=  25  P= 588  D=   1 * 24
 X= 233 X2= 234  Y= 705 Y2= 701 P1= 834 P2= 237 T1=  22 T2=  22  P= 586  D=   1 * 24
 X= 233 X2= 235  Y= 706 Y2= 701 P1= 832 P2= 237 T1=  22 T2=  22  P= 587  D=   1 * 24
 X= 233 X2= 232  Y= 705 Y2= 701 P1= 833 P2= 238 T1=  22 T2=  22  P= 580  D=   1 * 24
 X= 232 X2= 234  Y= 706 Y2= 701 P1= 832 P2= 237 T1=  22 T2=  21  P= 584  D=   1 * 24
 X= 232 X2= 231  Y= 705 Y2= 701 P1= 831 P2= 238 T1=  22 T2=  20  P= 575  D=   1 * 24
 X= 233 X2= 235  Y= 705 Y2= 701 P1= 832 P2= 239 T1=  21 T2=  22  P= 580  D=   1 * 24
 X= 956 X2=1023  Y= 984 Y2=1022 P1=1023 P2=   0 T1=1023 T2= 920  P= 580  D=   1 
 X= 988 X2=1020  Y= 973 Y2=1021 P1=1023 P2=   0 T1=1023 T2= 904  P= 580  D=   1 
 X= 998 X2= 981  Y= 988 Y2=1021 P1=1023 P2=   0 T1=1021 T2= 918  P= 580  D=   1 
Target Noise  x= 2.50 y= 2.50
X[0]: Target= 23   235/ 236/ 237 Stdev= 0.53 N= 24  Y[0]: Target= 22   325/ 326/ 327 Stdev= 0.39 N= 24
X[1]: Target=456   809/ 811/ 812 Stdev= 0.61 N= 24  Y[1]: Target= 22   329/ 330/ 330 Stdev= 0.32 N= 24
X[2]: Target=456   808/ 809/ 811 Stdev= 0.61 N= 24  Y[2]: Target=249   708/ 709/ 710 Stdev= 0.54 N= 24
X[3]: Target= 23   230/ 233/ 234 Stdev= 0.83 N= 24  Y[3]: Target=249   702/ 703/ 705 Stdev= 0.53 N= 24
N=24 Avg=21
min: 21 21 21 21 22 22 
max: 22 22 22 22 22 22 
N=24 Avg=14
min: 14 14 14 14 14 14 
max: 15 15 15 15 15 15 
N=24 Avg=14
min: 13 14 14 14 14 14 
max: 15 15 15 15 15 15 
N=24 Avg=22
min: 21 21 21 22 22 22 
max: 24 23 23 23 22 22 
Using TNT center offset = 19
TNT Plane Coef: a= -797 b=   -3 c= 385850
At  236, 325: Real=  22 Fit=  22 Offset=   3
At  810, 329: Real=  15 Fit=  16 Offset=  -3
At  809, 709: Real=  15 Fit=  16 Offset=  -3
At  233, 703: Real=  22 Fit=  22 Offset=   3
Fit Corners: 25, 13, 13, 25  Center: 19
Setting for min_tnt_up:   521
Setting for max_tnt_down: 24 (V2:36)
Entering calib_pressure_mfg
Using default pressure curve
468 471 487 495 509 524 553 575 612 
Summary:
Setting for max_tnt_down:      24
3.7 setting for max_tnt_down:     -1
Setting for min_tnt_up:       521
Setting for max_delta_tnt:      5
3.8 setting for max_delta_tnt:     -1
Setting for delay_in_us:        1
Setting for y_delay_in_us:      1
Setting for tnt_delay_in_us:    1
Setting for pressure_curve:  468 471 487 495 509 524 553 575 612
Setting for tnt_mode:           1
Setting for averaging:         -1
Setting for pointercal:      49434 392 -10286771 -274 39354 -11283568 65536
Setting for tnt_plane:       -797 -3 385850
