new-calib: New touch screen calibration program v3.12
Serial Number='15061E00010B06020116'
Using tnt_mode=1
Setting for delay_in_us:        1
Setting for y_delay_in_us:      1
Setting for tnt_delay_in_us:    1
Setting for max_delta_tnt:      5
Setting for tnt_mode:           1
Setting for averaging:         -1
Entering get_four_points
target_noise  x= 2.50 y= 2.50 t= 2.50
target state=0 point=23,22
 X= 950 X2=  -1  Y= 967 Y2=  -1 P1=  -1 P2=  -1 T1=1021 T2= 926  P=  -1  D=  -1 
 X= 960 X2=1023  Y= 974 Y2=  -1 P1=  -1 P2=  -1 T1=1023 T2= 938  P=  -1  D=  -1 
 X= 942 X2=1019  Y=1011 Y2=1021 P1=  -1 P2=  -1 T1=1022 T2= 928  P=  -1  D=  -1 
 X= 918 X2=1023  Y= 987 Y2=1023 P1=  -1 P2=  -1 T1=1022 T2= 909  P=  -1  D=  -1 
 X=1018 X2= 993  Y= 984 Y2=1021 P1=  -1 P2=  -1 T1=1023 T2= 937  P=  -1  D=  -1 
 X= 917 X2=1023  Y= 978 Y2=1023 P1=  -1 P2=  -1 T1=1023 T2= 912  P=  -1  D=  -1 
 X= 976 X2=1010  Y= 983 Y2=1023 P1=  -1 P2=  -1 T1=1022 T2= 932  P=  -1  D=  -1 
 X= 970 X2=1023  Y= 993 Y2=1020 P1=  -1 P2=  -1 T1=1022 T2= 926  P=  -1  D=  -1 
 X= 980 X2= 999  Y= 987 Y2=1021 P1=  -1 P2=  -1 T1=1021 T2= 923  P=  -1  D=  -1 
 X=1019 X2= 988  Y= 979 Y2=1022 P1=  -1 P2=  -1 T1=1023 T2= 925  P=  -1  D=  -1 
 X= 923 X2=1023  Y= 976 Y2=1021 P1=  -1 P2=  -1 T1=1022 T2= 924  P=  -1  D=  -1 
 X= 901 X2=1023  Y= 976 Y2=1021 P1=  -1 P2=  -1 T1=1021 T2= 936  P=  -1  D=  -1 
 X= 965 X2=1022  Y= 981 Y2=1021 P1=  -1 P2=  -1 T1=1021 T2= 922  P=  -1  D=  -1 
 X= 963 X2=1023  Y= 994 Y2=1023 P1=  -1 P2=  -1 T1=1022 T2= 929  P=  -1  D=  -1 
 X= 933 X2=1023  Y= 988 Y2=1022 P1=  -1 P2=  -1 T1=1023 T2= 922  P=  -1  D=  -1 
 X= 989 X2=1009  Y= 978 Y2=1023 P1=  -1 P2=  -1 T1=1023 T2= 922  P=  -1  D=  -1 
 X= 981 X2=1016  Y= 975 Y2=1023 P1=  -1 P2=  -1 T1=1022 T2= 911  P=  -1  D=  -1 
 X= 961 X2=1023  Y= 985 Y2=1023 P1=  -1 P2=  -1 T1=1023 T2= 936  P=  -1  D=  -1 
 X=1023 X2=1006  Y= 985 Y2=1023 P1=  -1 P2=  -1 T1=1023 T2= 921  P=  -1  D=  -1 
 X=1023 X2=1007  Y= 985 Y2=1020 P1=  -1 P2=  -1 T1=1023 T2= 929  P=  -1  D=  -1 
 X= 903 X2=1023  Y= 986 Y2=1022 P1=  -1 P2=  -1 T1=1022 T2= 925  P=  -1  D=  -1 
 X= 950 X2= 998  Y= 992 Y2=1023 P1=  -1 P2=  -1 T1=1023 T2= 920  P=  -1  D=  -1 
 X= 866 X2=1018  Y= 992 Y2=1021 P1=  -1 P2=  -1 T1=1022 T2= 932  P=  -1  D=  -1 
 X= 822 X2=1023  Y= 986 Y2=1023 P1=  -1 P2=  -1 T1=1023 T2= 938  P=  -1  D=  -1 
 X=1015 X2=1016  Y= 980 Y2=1021 P1=  -1 P2=  -1 T1=1023 T2= 909  P=  -1  D=  -1 
 X= 980 X2=1006  Y= 980 Y2=1021 P1=  -1 P2=  -1 T1=1021 T2= 943  P=  -1  D=  -1 
 X= 789 X2=1023  Y= 978 Y2=1023 P1=  -1 P2=  -1 T1=1021 T2= 946  P=  -1  D=  -1 
 X= 972 X2=1023  Y= 991 Y2=1020 P1=  -1 P2=  -1 T1=1022 T2= 947  P=  -1  D=  -1 
 X= 978 X2=1006  Y= 965 Y2=1020 P1=  -1 P2=  -1 T1=1022 T2= 900  P=  -1  D=  -1 
 X= 898 X2=1023  Y= 988 Y2=1021 P1=  -1 P2=  -1 T1=1021 T2= 916  P=  -1  D=  -1 
 X= 910 X2=1023  Y= 983 Y2=1023 P1=  -1 P2=  -1 T1=1022 T2= 926  P=  -1  D=  -1 
 X= 985 X2=1015  Y= 988 Y2=1020 P1=  -1 P2=  -1 T1=1022 T2= 928  P=  -1  D=  -1 
 X= 926 X2=1017  Y= 983 Y2=1021 P1=  -1 P2=  -1 T1=1021 T2= 928  P=  -1  D=  -1 
 X= 888 X2=1023  Y= 987 Y2=1023 P1=  -1 P2=  -1 T1=1023 T2= 922  P=  -1  D=  -1 
 X=1004 X2= 988  Y= 982 Y2=1023 P1=  -1 P2=  -1 T1=1021 T2= 918  P=  -1  D=  -1 
 X= 923 X2=1023  Y= 976 Y2=1023 P1=  -1 P2=  -1 T1=1022 T2= 915  P=  -1  D=  -1 
 X= 951 X2=1023  Y= 983 Y2=1023 P1=  -1 P2=  -1 T1=1021 T2= 916  P=  -1  D=  -1 
 X= 956 X2=1023  Y= 988 Y2=1021 P1=  -1 P2=  -1 T1=1022 T2= 941  P=  -1  D=  -1 
 X= 829 X2=1023  Y= 985 Y2=1023 P1=  -1 P2=  -1 T1=1023 T2= 926  P=  -1  D=  -1 
 X= 903 X2=1023  Y= 983 Y2=1023 P1=  -1 P2=  -1 T1=1022 T2= 944  P=  -1  D=  -1 
 X= 919 X2=1023  Y= 984 Y2=1021 P1=  -1 P2=  -1 T1=1023 T2= 918  P=  -1  D=  -1 
 X= 993 X2=1015  Y= 975 Y2=1021 P1=  -1 P2=  -1 T1=1022 T2= 917  P=  -1  D=  -1 
 X= 915 X2=1023  Y= 980 Y2=1023 P1=  -1 P2=  -1 T1=1023 T2= 916  P=  -1  D=  -1 
 X=1023 X2=1009  Y= 986 Y2=1020 P1=  -1 P2=  -1 T1=1023 T2= 936  P=  -1  D=  -1 
 X=1001 X2=1004  Y= 981 Y2=1023 P1=  -1 P2=  -1 T1=1022 T2= 914  P=  -1  D=  -1 
 X= 917 X2=1023  Y= 984 Y2=1023 P1=  -1 P2=  -1 T1=1023 T2= 931  P=  -1  D=  -1 
 X= 986 X2=1020  Y= 980 Y2=1023 P1=  -1 P2=  -1 T1=1021 T2= 941  P=  -1  D=  -1 
 X=1023 X2=1010  Y= 986 Y2=1021 P1=  -1 P2=  -1 T1=1020 T2= 891  P=  -1  D=  -1 
 X= 853 X2=1023  Y= 976 Y2=1022 P1=  -1 P2=  -1 T1=1023 T2= 932  P=  -1  D=  -1 
 X= 968 X2=1023  Y= 976 Y2=1023 P1=  -1 P2=  -1 T1=1022 T2= 911  P=  -1  D=  -1 
 X= 980 X2=1010  Y= 988 Y2=1020 P1=  -1 P2=  -1 T1=1022 T2= 914  P=  -1  D=  -1 
 X= 871 X2=1023  Y= 987 Y2=1021 P1=  -1 P2=  -1 T1=1022 T2= 935  P=  -1  D=  -1 
 X=1023 X2=1006  Y= 982 Y2=1022 P1=  -1 P2=  -1 T1=1019 T2= 919  P=  -1  D=  -1 
 X=1023 X2=1017  Y= 968 Y2=1021 P1=  -1 P2=  -1 T1=1023 T2= 919  P=  -1  D=  -1 
 X= 994 X2= 997  Y= 985 Y2=1021 P1=  -1 P2=  -1 T1=1021 T2= 912  P=  -1  D=  -1 
 X= 931 X2=1023  Y= 991 Y2=1019 P1=  -1 P2=  -1 T1=1023 T2= 914  P=  -1  D=  -1 
 X=1023 X2=1015  Y= 976 Y2=1023 P1=  -1 P2=  -1 T1=1021 T2= 913  P=  -1  D=  -1 
 X=1023 X2=1010  Y= 983 Y2=1023 P1=  -1 P2=  -1 T1=1023 T2= 927  P=  -1  D=  -1 
 X= 913 X2=1023  Y= 982 Y2=1021 P1=  -1 P2=  -1 T1=1022 T2= 923  P=  -1  D=  -1 
 X= 994 X2=1016  Y= 979 Y2=1023 P1=  -1 P2=  -1 T1=1023 T2= 913  P=  -1  D=  -1 
 X= 932 X2=1012  Y= 979 Y2=1021 P1=  -1 P2=  -1 T1=1020 T2= 924  P=  -1  D=  -1 
 X= 817 X2=1023  Y= 979 Y2=1021 P1=  -1 P2=  -1 T1=1023 T2= 927  P=  -1  D=  -1 
 X=1023 X2=1003  Y= 987 Y2=1021 P1=  -1 P2=  -1 T1=1023 T2= 930  P=  -1  D=  -1 
 X= 988 X2=1009  Y= 988 Y2=1022 P1=1022 P2=  -1 T1=1023 T2= 937  P=  -1  D=  -1 
 X= 924 X2=1023  Y= 977 Y2=1021 P1=1023 P2=  -1 T1=1021 T2= 914  P=  -1  D=  -1 
 X= 947 X2=1022  Y= 989 Y2=1021 P1=1023 P2=  -1 T1=1023 T2= 926  P=  -1  D=  -1 
 X= 869 X2=1018  Y= 994 Y2=1023 P1=1023 P2=  -1 T1=1023 T2= 920  P=  -1  D=  -1 
 X= 956 X2=1023  Y= 975 Y2=1023 P1=1023 P2=  -1 T1=1023 T2= 920  P=  -1  D=  -1 
 X= 906 X2=1023  Y= 983 Y2=1021 P1=1023 P2=  -1 T1=1021 T2= 915  P=  -1  D=  -1 
 X= 996 X2=1009  Y= 981 Y2=1021 P1=1023 P2=  -1 T1=1022 T2= 927  P=  -1  D=  -1 
 X= 974 X2=1023  Y= 984 Y2=1023 P1=1023 P2=  -1 T1=1023 T2= 911  P=  -1  D=  -1 
 X= 968 X2=1019  Y= 983 Y2=1022 P1=1023 P2=  -1 T1=1023 T2= 904  P=  -1  D=  -1 
 X= 958 X2= 995  Y= 986 Y2=1023 P1=1023 P2=  -1 T1=1023 T2= 930  P=  -1  D=  -1 
 X= 828 X2=1023  Y= 975 Y2=1023 P1=1023 P2=  -1 T1=1023 T2= 928  P=  -1  D=  -1 
 X= 912 X2=1023  Y= 983 Y2=1023 P1=1023 P2=  -1 T1=1023 T2= 926  P=  -1  D=  -1 
 X= 956 X2=1021  Y= 978 Y2=1023 P1=1023 P2=  -1 T1=1021 T2= 897  P=  -1  D=  -1 
 X= 912 X2=1022  Y=1006 Y2=1023 P1=1023 P2=  -1 T1=1021 T2= 938  P=  -1  D=  -1 
 X= 929 X2=1023  Y= 988 Y2=1023 P1=1023 P2=  -1 T1=1021 T2= 909  P=  -1  D=  -1 
 X=1021 X2=1016  Y= 994 Y2=1022 P1=1023 P2=  -1 T1=1023 T2= 922  P=  -1  D=  -1 
 X= 980 X2=1008  Y= 974 Y2=1023 P1=1023 P2=  -1 T1=1022 T2= 924  P=  -1  D=  -1 
 X= 900 X2=1023  Y= 973 Y2=1023 P1=1023 P2=  -1 T1=1023 T2= 917  P=  -1  D=  -1 
 X= 958 X2= 998  Y= 986 Y2=1021 P1=1023 P2=  -1 T1=1021 T2= 913  P=  -1  D=  -1 
 X= 938 X2= 992  Y= 975 Y2=1020 P1=1023 P2=  -1 T1=1023 T2= 926  P=  -1  D=  -1 
 X= 903 X2=1023  Y= 987 Y2=1023 P1=1023 P2=  -1 T1=1021 T2= 915  P=  -1  D=  -1 
 X= 955 X2=1023  Y= 984 Y2=1021 P1=1023 P2=  -1 T1=1023 T2= 921  P=  -1  D=  -1 
 X= 889 X2=1023  Y= 990 Y2=1021 P1=1023 P2=  -1 T1=1021 T2= 939  P=  -1  D=  -1 
 X= 907 X2=1023  Y= 981 Y2=1023 P1=1023 P2=  -1 T1=1023 T2= 911  P=  -1  D=  -1 
 X=1022 X2=1014  Y= 983 Y2=1023 P1=1023 P2=  -1 T1=1023 T2= 925  P=  -1  D=  -1 
 X= 238 X2= 234  Y= 328 Y2= 321 P1= 673 P2= 205 T1=1023 T2=  21  P=  -1  D=  -1 
 X= 882 X2=1014  Y= 977 Y2=1023 P1=1023 P2=   0 T1=1021 T2= 906  P=  -1  D=  -1 
 X= 438 X2= 244  Y= 331 Y2= 323 P1= 698 P2= 191 T1=1021 T2=  23  P=  -1  D=  -1 
 X= 303 X2= 970  Y= 979 Y2=1021 P1=1023 P2=   0 T1=  25 T2= 905  P=  -1  D=  -1 * 0
 X= 238 X2= 234  Y= 330 Y2= 323 P1= 697 P2= 188 T1=  24 T2=  23  P= 638  D=  -1 * 0
 X= 236 X2= 233  Y= 329 Y2= 323 P1= 691 P2= 192 T1=  23 T2=  24  P= 607  D=  -1 * 0
 X= 236 X2= 233  Y= 330 Y2= 323 P1= 689 P2= 192 T1=  23 T2=  23  P= 605  D=  -1 * 0
 X= 237 X2= 233  Y= 330 Y2= 323 P1= 690 P2= 192 T1=  22 T2=  23  P= 609  D=  -1 * 1
 X= 235 X2= 233  Y= 330 Y2= 323 P1= 689 P2= 193 T1=  23 T2=  24  P= 601  D=  -1 * 2
 X= 236 X2= 233  Y= 330 Y2= 322 P1= 688 P2= 193 T1=  22 T2=  22  P= 599  D=  -1 * 3
 X= 234 X2= 234  Y= 329 Y2= 323 P1= 688 P2= 193 T1=  23 T2=  23  P= 599  D=  -1 * 4
 X= 235 X2= 233  Y= 330 Y2= 323 P1= 688 P2= 193 T1=  22 T2=  22  P= 599  D=  -1 * 5
 X= 238 X2= 233  Y= 330 Y2= 323 P1= 687 P2= 194 T1=  21 T2=  22  P= 597  D=  -1 * 6
 X= 235 X2= 233  Y= 330 Y2= 323 P1= 687 P2= 193 T1=  22 T2=  22  P= 598  D=  -1 * 7
 X= 236 X2= 233  Y= 330 Y2= 323 P1= 687 P2= 193 T1=  22 T2=  23  P= 598  D=  -1 * 8
 X= 236 X2= 233  Y= 329 Y2= 322 P1= 687 P2= 192 T1=  22 T2=  24  P= 603  D=  -1 * 9
 X= 234 X2= 233  Y= 329 Y2= 322 P1= 687 P2= 194 T1=  21 T2=  22  P= 592  D=  -1 * 10
 X= 236 X2= 233  Y= 330 Y2= 323 P1= 687 P2= 193 T1=  20 T2=  22  P= 598  D=  -1 * 11
 X= 236 X2= 232  Y= 330 Y2= 323 P1= 686 P2= 194 T1=  22 T2=  22  P= 593  D=  -1 * 12
 X= 236 X2= 233  Y= 331 Y2= 322 P1= 687 P2= 195 T1=  22 T2=  22  P= 590  D=  -1 * 13
 X= 236 X2= 233  Y= 329 Y2= 322 P1= 686 P2= 194 T1=  23 T2=  22  P= 593  D=  -1 * 14
 X= 235 X2= 232  Y= 330 Y2= 322 P1= 687 P2= 194 T1=  23 T2=  22  P= 592  D=  -1 * 15
 X= 235 X2= 234  Y= 330 Y2= 322 P1= 686 P2= 194 T1=  22 T2=  23  P= 593  D=  -1 * 16
 X= 235 X2= 233  Y= 329 Y2= 322 P1= 688 P2= 194 T1=  22 T2=  22  P= 595  D=  -1 * 17
 X= 236 X2= 234  Y= 330 Y2= 322 P1= 687 P2= 194 T1=  22 T2=  22  P= 597  D=  -1 * 18
 X= 235 X2= 233  Y= 329 Y2= 322 P1= 687 P2= 194 T1=  22 T2=  22  P= 594  D=  -1 * 19
 X= 235 X2= 233  Y= 330 Y2= 322 P1= 687 P2= 194 T1=  23 T2=  22  P= 594  D=  -1 * 20
 X= 236 X2= 233  Y= 329 Y2= 323 P1= 686 P2= 194 T1=  22 T2=  22  P= 593  D=  -1 * 21
 X= 236 X2= 233  Y= 330 Y2= 322 P1= 687 P2= 193 T1=  22 T2=  22  P= 598  D=  -1 * 22
 X= 236 X2= 233  Y= 330 Y2= 322 P1= 686 P2= 194 T1=  22 T2=  22  P= 593  D=  -1 * 23
 X= 236 X2= 233  Y= 330 Y2= 323 P1= 686 P2= 194 T1=  22 T2=  22  P= 593  D=  -1 * 24
Remove Pin
 X= 237 X2= 235  Y= 329 Y2= 323 P1= 687 P2= 194 T1=  22 T2=  24  P= 599  D=  -1 * 24
 X= 235 X2= 233  Y= 329 Y2= 323 P1= 686 P2= 194 T1=  23 T2=  22  P= 593  D=  -1 * 24
 X= 235 X2= 233  Y= 329 Y2= 323 P1= 687 P2= 194 T1=  22 T2=  22  P= 594  D=  -1 * 24
 X= 236 X2= 232  Y= 329 Y2= 323 P1= 686 P2= 194 T1=  22 T2=  22  P= 593  D=  -1 * 24
 X= 235 X2= 233  Y= 330 Y2= 322 P1= 686 P2= 194 T1=  23 T2=  22  P= 593  D=  -1 * 24
 X= 235 X2= 232  Y= 330 Y2= 322 P1= 686 P2= 194 T1=  23 T2=  22  P= 590  D=  -1 * 24
 X= 236 X2= 232  Y= 330 Y2= 323 P1= 686 P2= 195 T1=  22 T2=  23  P= 588  D=  -1 * 24
 X= 235 X2= 232  Y= 329 Y2= 323 P1= 687 P2= 194 T1=  22 T2=  22  P= 592  D=  -1 * 24
 X= 235 X2= 233  Y= 329 Y2= 322 P1= 686 P2= 195 T1=  22 T2=  22  P= 588  D=  -1 * 24
 X= 237 X2= 232  Y= 330 Y2= 322 P1= 686 P2= 194 T1=  21 T2=  23  P= 593  D=  -1 * 24
 X= 235 X2= 232  Y= 329 Y2= 324 P1= 686 P2= 194 T1=  22 T2=  22  P= 590  D=  -1 * 24
 X= 235 X2= 233  Y= 330 Y2= 322 P1= 686 P2= 194 T1=  23 T2=  22  P= 593  D=  -1 * 24
 X= 235 X2= 232  Y= 330 Y2= 323 P1= 686 P2= 195 T1=  22 T2=  21  P= 586  D=  -1 * 24
 X= 235 X2= 233  Y= 329 Y2= 322 P1= 686 P2= 194 T1=  22 T2=  23  P= 593  D=  -1 * 24
 X= 236 X2= 233  Y= 330 Y2= 322 P1= 686 P2= 194 T1=  22 T2=  23  P= 593  D=  -1 * 24
 X= 236 X2= 232  Y= 330 Y2= 322 P1= 685 P2= 195 T1=  23 T2=  22  P= 587  D=  -1 * 24
 X= 236 X2= 233  Y= 330 Y2= 322 P1= 685 P2= 194 T1=  22 T2=  22  P= 592  D=  -1 * 24
 X= 235 X2= 233  Y= 330 Y2= 322 P1= 686 P2= 194 T1=  23 T2=  22  P= 593  D=  -1 * 24
 X= 235 X2= 233  Y= 329 Y2= 322 P1= 686 P2= 194 T1=  23 T2=  22  P= 593  D=  -1 * 24
 X= 235 X2= 232  Y= 329 Y2= 322 P1= 685 P2= 195 T1=  23 T2=  22  P= 585  D=  -1 * 24
 X= 238 X2= 233  Y= 330 Y2= 322 P1= 686 P2= 194 T1=  22 T2=  23  P= 595  D=  -1 * 24
 X= 236 X2= 233  Y= 330 Y2= 323 P1= 686 P2= 194 T1=  22 T2=  22  P= 593  D=  -1 * 24
 X= 991 X2= 996  Y= 979 Y2=1022 P1=1023 P2=   0 T1= 819 T2= 908  P= 593  D=  -1 
 X= 976 X2= 993  Y= 977 Y2=1021 P1=1023 P2=   0 T1=1023 T2= 918  P= 593  D=  -1 
 X= 926 X2=1022  Y= 983 Y2=1023 P1=1023 P2=   0 T1=1022 T2= 911  P= 593  D=  -1 
 X= 945 X2=1022  Y= 980 Y2=1023 P1=1023 P2=   0 T1=1023 T2= 899  P= 593  D=  -1 
target state=1 point=456,22
 X= 942 X2=1022  Y= 991 Y2=1021 P1=1023 P2=   0 T1=1022 T2= 915  P= 593  D=  -1 
 X= 926 X2=1023  Y= 984 Y2=1022 P1=1023 P2=   0 T1=1023 T2= 913  P= 593  D=  -1 
 X= 977 X2=1023  Y= 985 Y2=1021 P1=1023 P2=   0 T1=1021 T2= 911  P= 593  D=  -1 
 X= 884 X2=1020  Y= 970 Y2=1023 P1=1023 P2=   0 T1=1023 T2= 918  P= 593  D=  -1 
 X= 962 X2=1023  Y= 985 Y2=1022 P1=1023 P2=   0 T1=1023 T2= 920  P= 593  D=  -1 
 X=1023 X2= 995  Y= 978 Y2=1021 P1=1023 P2=   0 T1=1022 T2= 926  P= 593  D=  -1 
 X= 950 X2=1022  Y= 984 Y2=1021 P1=1023 P2=   0 T1=1020 T2= 909  P= 593  D=  -1 
 X= 934 X2=1023  Y= 980 Y2=1021 P1=1023 P2=   0 T1=1023 T2= 912  P= 593  D=  -1 
 X= 947 X2=1019  Y= 973 Y2=1020 P1=1023 P2=   0 T1=1023 T2= 906  P= 593  D=  -1 
 X= 994 X2=1005  Y= 979 Y2=1022 P1=1023 P2=   0 T1=1022 T2= 921  P= 593  D=  -1 
 X= 806 X2=1023  Y= 972 Y2=1023 P1=1023 P2=   0 T1=1023 T2= 919  P= 593  D=  -1 
 X= 894 X2=1023  Y= 983 Y2=1023 P1=1023 P2=   0 T1=1021 T2= 914  P= 593  D=  -1 
 X= 985 X2=1010  Y= 984 Y2=1023 P1=1023 P2=   0 T1=1021 T2= 919  P= 593  D=  -1 
 X= 962 X2=1014  Y= 981 Y2=1023 P1=1023 P2=   0 T1=1019 T2= 922  P= 593  D=  -1 
 X= 956 X2=1023  Y= 990 Y2=1021 P1=1023 P2=   0 T1=1021 T2= 910  P= 593  D=  -1 
 X=1023 X2=1006  Y= 991 Y2=1023 P1=1023 P2=   0 T1=1023 T2= 916  P= 593  D=  -1 
 X= 868 X2=1014  Y= 985 Y2=1021 P1=1023 P2=   0 T1=1021 T2= 913  P= 593  D=  -1 
 X= 934 X2=1023  Y= 974 Y2=1023 P1=1023 P2=   0 T1=1023 T2= 921  P= 593  D=  -1 
 X= 954 X2=1021  Y= 979 Y2=1021 P1=1023 P2=   0 T1=1023 T2= 921  P= 593  D=  -1 
 X= 830 X2=1023  Y= 992 Y2=1023 P1=1023 P2=   0 T1=1023 T2= 921  P= 593  D=  -1 
 X= 819 X2=1023  Y= 981 Y2=1023 P1=1023 P2=   0 T1=1023 T2= 914  P= 593  D=  -1 
 X=1022 X2=1015  Y= 984 Y2=1023 P1=1023 P2=   0 T1=1023 T2= 921  P= 593  D=  -1 
 X= 986 X2=1004  Y= 987 Y2=1023 P1=1023 P2=   0 T1=1022 T2= 919  P= 593  D=  -1 
 X= 817 X2=1023  Y= 963 Y2=1023 P1=1023 P2=   0 T1=1022 T2= 927  P= 593  D=  -1 
 X= 976 X2=1023  Y= 978 Y2=1023 P1=1023 P2=   0 T1=1023 T2= 920  P= 593  D=  -1 
 X= 927 X2= 998  Y= 981 Y2=1023 P1=1023 P2=   0 T1=1022 T2= 935  P= 593  D=  -1 
 X= 901 X2=1023  Y= 977 Y2=1021 P1=1023 P2=   0 T1=1021 T2= 924  P= 593  D=  -1 
 X= 951 X2=1023  Y= 975 Y2=1021 P1=1023 P2=   0 T1=1020 T2= 914  P= 593  D=  -1 
 X= 907 X2=1018  Y= 977 Y2=1023 P1=1023 P2=   0 T1=1022 T2= 929  P= 593  D=  -1 
 X= 809 X2=1023  Y= 985 Y2=1023 P1=1023 P2=   0 T1=1023 T2= 922  P= 593  D=  -1 
 X= 934 X2=1023  Y= 985 Y2=1023 P1=1023 P2=   0 T1=1023 T2= 905  P= 593  D=  -1 
 X= 860 X2=1023  Y= 989 Y2=1023 P1=1023 P2=   0 T1=1022 T2= 913  P= 593  D=  -1 
 X= 887 X2=1017  Y= 985 Y2=1021 P1=1023 P2=   0 T1=1021 T2= 926  P= 593  D=  -1 
 X= 945 X2=1023  Y= 984 Y2=1023 P1=1023 P2=   0 T1=1023 T2= 910  P= 593  D=  -1 
 X= 962 X2=1021  Y= 986 Y2=1021 P1=1023 P2=   0 T1=1021 T2= 923  P= 593  D=  -1 
 X= 860 X2=1023  Y= 986 Y2=1022 P1=1023 P2=   0 T1=1023 T2= 913  P= 593  D=  -1 
 X= 912 X2=1023  Y= 985 Y2=1023 P1=1023 P2=   0 T1=1023 T2= 928  P= 593  D=  -1 
 X= 954 X2=1022  Y= 985 Y2=1023 P1=1023 P2=   0 T1=1023 T2= 925  P= 593  D=  -1 
 X= 966 X2=1023  Y= 990 Y2=1022 P1=1023 P2=   0 T1=1021 T2= 907  P= 593  D=  -1 
 X= 815 X2=1023  Y= 980 Y2=1023 P1=1023 P2=   0 T1=1023 T2= 931  P= 593  D=  -1 
 X=1020 X2= 997  Y= 982 Y2=1022 P1=1023 P2=   0 T1=1023 T2= 920  P= 593  D=  -1 
 X=1023 X2=1008  Y= 989 Y2=1023 P1=1023 P2=   0 T1=1021 T2= 918  P= 593  D=  -1 
 X= 955 X2=1023  Y= 973 Y2=1023 P1=1023 P2=   0 T1=1022 T2= 942  P= 593  D=  -1 
 X= 952 X2= 990  Y= 984 Y2=1020 P1=1023 P2=   0 T1=1021 T2= 924  P= 593  D=  -1 
 X=1003 X2=1010  Y= 974 Y2=1023 P1=1023 P2=   0 T1=1022 T2= 915  P= 593  D=  -1 
 X= 903 X2=1023  Y= 992 Y2=1021 P1=1023 P2=   0 T1=1022 T2= 924  P= 593  D=  -1 
 X= 923 X2=1022  Y= 979 Y2=1023 P1=1023 P2=   0 T1=1022 T2= 900  P= 593  D=  -1 
 X= 971 X2=1015  Y= 970 Y2=1021 P1=1023 P2=   0 T1=1021 T2= 931  P= 593  D=  -1 
 X= 954 X2=1023  Y= 994 Y2=1023 P1=1023 P2=   0 T1=1021 T2= 922  P= 593  D=  -1 
 X=1023 X2=1010  Y=1022 Y2=1023 P1=1023 P2=   0 T1=1023 T2=1019  P= 593  D=  -1 
 X= 954 X2=1023  Y= 984 Y2=1022 P1=1023 P2=   0 T1=1023 T2= 934  P= 593  D=  -1 
 X= 812 X2= 810  Y= 327 Y2= 334 P1= 798 P2= 489 T1=1023 T2=  14  P= 593  D=  -1 
 X= 965 X2= 980  Y= 969 Y2=1021 P1=1023 P2=   0 T1=1022 T2= 918  P= 593  D=  -1 
 X= 811 X2= 810  Y= 328 Y2= 334 P1= 800 P2= 485 T1=  15 T2=  15  P= 525  D=  -1 * 0
 X= 811 X2= 811  Y= 327 Y2= 334 P1= 804 P2= 476 T1=  16 T2=  15  P= 558  D=  -1 * 0
 X= 809 X2= 810  Y= 327 Y2= 333 P1= 803 P2= 478 T1=  15 T2=  17  P= 549  D=  -1 * 0
 X= 810 X2= 810  Y= 326 Y2= 333 P1= 802 P2= 480 T1=  15 T2=  15  P= 542  D=  -1 * 0
 X= 811 X2= 810  Y= 326 Y2= 334 P1= 801 P2= 481 T1=  15 T2=  14  P= 538  D=  -1 * 1
 X= 810 X2= 809  Y= 326 Y2= 333 P1= 801 P2= 481 T1=  14 T2=  14  P= 537  D=  -1 * 2
 X= 811 X2= 809  Y= 326 Y2= 334 P1= 801 P2= 482 T1=  14 T2=  14  P= 535  D=  -1 * 3
 X= 811 X2= 811  Y= 325 Y2= 333 P1= 801 P2= 482 T1=  15 T2=  14  P= 536  D=  -1 * 4
 X= 812 X2= 810  Y= 326 Y2= 333 P1= 801 P2= 482 T1=  15 T2=  15  P= 536  D=  -1 * 5
 X= 813 X2= 809  Y= 326 Y2= 333 P1= 800 P2= 482 T1=  15 T2=  14  P= 534  D=  -1 * 6
 X= 810 X2= 809  Y= 326 Y2= 333 P1= 801 P2= 482 T1=  15 T2=  14  P= 534  D=  -1 * 7
 X= 811 X2= 810  Y= 327 Y2= 333 P1= 801 P2= 482 T1=  16 T2=  14  P= 535  D=  -1 * 8
 X= 811 X2= 810  Y= 326 Y2= 333 P1= 796 P2= 482 T1=  15 T2=  15  P= 527  D=  -1 * 9
 X= 811 X2= 810  Y= 327 Y2= 333 P1= 800 P2= 483 T1=  15 T2=  14  P= 531  D=  -1 * 10
 X= 810 X2= 809  Y= 326 Y2= 333 P1= 801 P2= 483 T1=  15 T2=  14  P= 532  D=  -1 * 11
 X= 813 X2= 810  Y= 326 Y2= 332 P1= 802 P2= 483 T1=  15 T2=  14  P= 535  D=  -1 * 12
 X= 811 X2= 810  Y= 326 Y2= 335 P1= 800 P2= 483 T1=  14 T2=  15  P= 531  D=  -1 * 13
 X= 811 X2= 810  Y= 326 Y2= 333 P1= 801 P2= 483 T1=  15 T2=  14  P= 532  D=  -1 * 14
 X= 811 X2= 810  Y= 326 Y2= 333 P1= 800 P2= 483 T1=  15 T2=  15  P= 531  D=  -1 * 15
 X= 811 X2= 810  Y= 325 Y2= 333 P1= 800 P2= 483 T1=  14 T2=  15  P= 531  D=  -1 * 16
 X= 811 X2= 815  Y= 326 Y2= 333 P1= 801 P2= 483 T1=  15 T2=  14  P= 534  D=  -1 * 17
 X= 811 X2= 812  Y= 326 Y2= 333 P1= 800 P2= 483 T1=  14 T2=  15  P= 532  D=  -1 * 18
 X= 811 X2= 810  Y= 326 Y2= 334 P1= 800 P2= 484 T1=  15 T2=  14  P= 528  D=  -1 * 19
 X= 811 X2= 810  Y= 326 Y2= 333 P1= 801 P2= 483 T1=  15 T2=  15  P= 532  D=  -1 * 20
 X= 810 X2= 810  Y= 326 Y2= 333 P1= 800 P2= 483 T1=  14 T2=  15  P= 531  D=  -1 * 21
 X= 811 X2= 810  Y= 326 Y2= 333 P1= 800 P2= 483 T1=  15 T2=  15  P= 531  D=  -1 * 22
 X= 811 X2= 808  Y= 326 Y2= 333 P1= 800 P2= 483 T1=  14 T2=  14  P= 530  D=  -1 * 23
 X= 811 X2= 810  Y= 327 Y2= 333 P1= 800 P2= 483 T1=  15 T2=  15  P= 531  D=  -1 * 24
Remove Pin
 X= 811 X2= 810  Y= 326 Y2= 333 P1= 801 P2= 484 T1=  14 T2=  15  P= 529  D=  -1 * 24
 X= 808 X2= 810  Y= 326 Y2= 328 P1= 801 P2= 483 T1=  15 T2=  14  P= 532  D=  -1 * 24
 X= 811 X2= 809  Y= 326 Y2= 333 P1= 801 P2= 483 T1=  15 T2=  15  P= 532  D=  -1 * 24
 X= 811 X2= 809  Y= 326 Y2= 333 P1= 800 P2= 484 T1=  15 T2=  15  P= 528  D=  -1 * 24
 X= 811 X2= 810  Y= 326 Y2= 333 P1= 801 P2= 484 T1=  15 T2=  15  P= 529  D=  -1 * 24
 X= 811 X2= 809  Y= 326 Y2= 335 P1= 800 P2= 484 T1=  14 T2=  15  P= 528  D=  -1 * 24
 X= 813 X2= 809  Y= 327 Y2= 332 P1= 800 P2= 484 T1=  15 T2=  14  P= 528  D=  -1 * 24
 X= 811 X2= 811  Y= 326 Y2= 333 P1= 800 P2= 483 T1=  14 T2=  14  P= 532  D=  -1 * 24
 X= 812 X2= 810  Y= 326 Y2= 333 P1= 801 P2= 484 T1=  14 T2=  15  P= 530  D=  -1 * 24
 X= 810 X2= 809  Y= 326 Y2= 332 P1= 801 P2= 483 T1=  15 T2=  14  P= 532  D=  -1 * 24
 X= 811 X2= 812  Y= 327 Y2= 333 P1= 800 P2= 483 T1=  15 T2=  15  P= 532  D=  -1 * 24
 X= 811 X2= 809  Y= 326 Y2= 333 P1= 801 P2= 483 T1=  15 T2=  14  P= 532  D=  -1 * 24
 X= 813 X2= 810  Y= 326 Y2= 333 P1= 800 P2= 483 T1=  13 T2=  13  P= 532  D=  -1 * 24
 X= 810 X2= 810  Y= 326 Y2= 333 P1= 800 P2= 484 T1=  17 T2=  15  P= 528  D=  -1 * 24
 X= 810 X2= 810  Y= 326 Y2= 332 P1= 800 P2= 483 T1=  14 T2=  15  P= 531  D=  -1 * 24
 X= 810 X2= 809  Y= 326 Y2= 334 P1= 800 P2= 484 T1=  15 T2=  15  P= 527  D=  -1 * 24
 X= 813 X2= 810  Y= 326 Y2= 333 P1= 800 P2= 483 T1=  15 T2=  15  P= 532  D=  -1 * 24
 X= 811 X2= 810  Y= 325 Y2= 333 P1= 801 P2= 484 T1=  15 T2=  15  P= 529  D=  -1 * 24
 X= 811 X2= 809  Y= 328 Y2= 335 P1= 808 P2= 465 T1=  14 T2=  17  P= 596  D=  -1 * 24
 X= 939 X2=1023  Y= 977 Y2=1022 P1=1023 P2=   0 T1=1023 T2= 921  P= 596  D=  -1 
 X= 912 X2=1022  Y= 979 Y2=1023 P1=1023 P2=   0 T1=1023 T2= 921  P= 596  D=  -1 
 X= 947 X2=1021  Y= 979 Y2=1023 P1=1023 P2=   0 T1=1022 T2= 932  P= 596  D=  -1 
target state=2 point=456,249
 X= 977 X2=1014  Y= 984 Y2=1020 P1=1023 P2=   0 T1=1022 T2= 937  P= 596  D=  -1 
 X= 989 X2=1016  Y= 979 Y2=1023 P1=1023 P2=   0 T1=1023 T2= 914  P= 596  D=  -1 
 X= 965 X2=1023  Y= 986 Y2=1020 P1=1023 P2=   0 T1=1023 T2= 915  P= 596  D=  -1 
 X=1020 X2=1020  Y= 992 Y2=1021 P1=1023 P2=   0 T1=1022 T2= 910  P= 596  D=  -1 
 X= 853 X2=1023  Y= 978 Y2=1021 P1=1023 P2=   0 T1=1021 T2= 934  P= 596  D=  -1 
 X= 838 X2=1023  Y= 988 Y2=1022 P1=1023 P2=   0 T1=1023 T2= 923  P= 596  D=  -1 
 X= 887 X2=1023  Y= 985 Y2=1020 P1=1023 P2=   0 T1=1022 T2= 919  P= 596  D=  -1 
 X= 990 X2=1009  Y= 984 Y2=1020 P1=1023 P2=   0 T1=1023 T2= 927  P= 596  D=  -1 
 X= 877 X2=1015  Y= 978 Y2=1023 P1=1023 P2=   0 T1=1023 T2= 911  P= 596  D=  -1 
 X=1023 X2=1011  Y= 971 Y2=1023 P1=1023 P2=   0 T1=1021 T2= 928  P= 596  D=  -1 
 X= 978 X2=1013  Y= 981 Y2=1021 P1=1023 P2=   0 T1=1023 T2= 922  P= 596  D=  -1 
 X= 972 X2=1023  Y= 978 Y2=1023 P1=1023 P2=   0 T1=1023 T2= 926  P= 596  D=  -1 
 X= 949 X2=1022  Y= 987 Y2=1022 P1=1023 P2=   0 T1=1023 T2= 920  P= 596  D=  -1 
 X= 951 X2=1023  Y= 984 Y2=1023 P1=1023 P2=   0 T1=1023 T2= 896  P= 596  D=  -1 
 X= 946 X2=1023  Y= 985 Y2=1023 P1=1023 P2=   0 T1=1023 T2= 911  P= 596  D=  -1 
 X= 855 X2=1023  Y= 982 Y2=1023 P1=1023 P2=   0 T1=1023 T2= 907  P= 596  D=  -1 
 X= 995 X2=1006  Y= 989 Y2=1021 P1=1023 P2=   0 T1=1023 T2= 930  P= 596  D=  -1 
 X= 977 X2=1013  Y= 979 Y2=1023 P1=1023 P2=   0 T1=1019 T2= 933  P= 596  D=  -1 
 X=1023 X2=1005  Y= 976 Y2=1023 P1=1023 P2=   0 T1=1023 T2= 922  P= 596  D=  -1 
 X= 962 X2= 998  Y= 978 Y2=1022 P1=1023 P2=   0 T1=1023 T2= 929  P= 596  D=  -1 
 X=1021 X2=1016  Y= 997 Y2=1021 P1=1023 P2=   0 T1=1023 T2= 924  P= 596  D=  -1 
 X= 917 X2=1023  Y= 985 Y2=1020 P1=1023 P2=   0 T1=1022 T2= 910  P= 596  D=  -1 
 X= 958 X2=1023  Y= 977 Y2=1021 P1=1023 P2=   0 T1=1021 T2= 919  P= 596  D=  -1 
 X= 933 X2=1019  Y= 982 Y2=1023 P1=1023 P2=   0 T1=1023 T2= 921  P= 596  D=  -1 
 X= 811 X2=1023  Y= 973 Y2=1023 P1=1023 P2=   0 T1=1021 T2= 909  P= 596  D=  -1 
 X= 886 X2=1019  Y= 990 Y2=1023 P1=1023 P2=   0 T1=1022 T2= 922  P= 596  D=  -1 
 X= 982 X2=1016  Y= 986 Y2=1023 P1=1023 P2=   0 T1=1022 T2= 937  P= 596  D=  -1 
 X= 866 X2=1020  Y= 986 Y2=1021 P1=1023 P2=   0 T1=1023 T2= 929  P= 596  D=  -1 
 X= 995 X2=1014  Y= 986 Y2=1021 P1=1023 P2=   0 T1=1022 T2= 924  P= 596  D=  -1 
 X=1020 X2=1017  Y= 986 Y2=1021 P1=1023 P2=   0 T1=1022 T2= 910  P= 596  D=  -1 
 X= 901 X2=1023  Y= 994 Y2=1022 P1=1023 P2=   0 T1=1023 T2= 929  P= 596  D=  -1 
 X= 922 X2=1023  Y= 986 Y2=1023 P1=1023 P2=   0 T1=1023 T2= 934  P= 596  D=  -1 
 X= 961 X2=1023  Y= 992 Y2=1021 P1=1023 P2=   0 T1=1023 T2= 935  P= 596  D=  -1 
 X= 831 X2=1023  Y= 985 Y2=1021 P1=1023 P2=   0 T1=1021 T2= 932  P= 596  D=  -1 
 X= 834 X2=1023  Y= 982 Y2=1020 P1=1023 P2=   0 T1=1022 T2= 932  P= 596  D=  -1 
 X=1019 X2=1020  Y= 981 Y2=1021 P1=1023 P2=   0 T1=1021 T2= 914  P= 596  D=  -1 
 X= 986 X2=1020  Y= 976 Y2=1022 P1=1023 P2=   0 T1=1021 T2= 919  P= 596  D=  -1 
 X= 956 X2=1022  Y= 976 Y2=1023 P1=1023 P2=   0 T1=1023 T2= 919  P= 596  D=  -1 
 X= 963 X2=1021  Y= 981 Y2=1023 P1=1023 P2=   0 T1=1023 T2= 915  P= 596  D=  -1 
 X= 885 X2=1023  Y= 995 Y2=1020 P1=1023 P2=   0 T1=1023 T2= 912  P= 596  D=  -1 
 X= 961 X2=1021  Y= 977 Y2=1021 P1=1023 P2=   0 T1=1023 T2= 912  P= 596  D=  -1 
 X= 949 X2=1023  Y= 977 Y2=1021 P1=1023 P2=   0 T1=1022 T2= 921  P= 596  D=  -1 
 X= 863 X2=1017  Y= 975 Y2=1023 P1=1023 P2=   0 T1=1021 T2= 938  P= 596  D=  -1 
 X= 937 X2=1022  Y= 990 Y2=1021 P1=1023 P2=   0 T1=1023 T2= 921  P= 596  D=  -1 
 X=1023 X2=1003  Y= 984 Y2=1023 P1=1023 P2=   0 T1=1023 T2= 917  P= 596  D=  -1 
 X=1010 X2= 997  Y= 991 Y2=1023 P1=1023 P2=   0 T1=1023 T2= 928  P= 596  D=  -1 
 X= 974 X2=1015  Y= 977 Y2=1023 P1=1023 P2=   0 T1=1023 T2= 925  P= 596  D=  -1 
 X=1023 X2=1016  Y=1021 Y2=1023 P1=1023 P2=   0 T1=1020 T2=1022  P= 596  D=  -1 
 X= 894 X2=1022  Y= 981 Y2=1023 P1=1023 P2=   0 T1=1023 T2= 921  P= 596  D=  -1 
 X= 917 X2=1023  Y= 987 Y2=1022 P1=1023 P2=   0 T1=1023 T2= 916  P= 596  D=  -1 
 X= 957 X2=1023  Y= 983 Y2=1023 P1=1023 P2=   0 T1=1021 T2= 924  P= 596  D=  -1 
 X= 981 X2=1014  Y= 975 Y2=1023 P1=1023 P2=   0 T1=1023 T2= 928  P= 596  D=  -1 
 X= 809 X2= 811  Y= 708 Y2= 712 P1= 913 P2= 529 T1=  17 T2=  16  P= 587  D=  -1 * 0
 X= 810 X2= 811  Y= 708 Y2= 711 P1= 908 P2= 547 T1=  15 T2=  15  P= 533  D=  -1 * 0
 X= 810 X2= 811  Y= 707 Y2= 712 P1= 909 P2= 545 T1=  15 T2=  15  P= 540  D=  -1 * 0
 X= 810 X2= 810  Y= 707 Y2= 711 P1= 909 P2= 545 T1=  15 T2=  14  P= 540  D=  -1 * 0
 X= 810 X2= 810  Y= 707 Y2= 711 P1= 909 P2= 545 T1=  16 T2=  15  P= 540  D=  -1 * 1
 X= 809 X2= 810  Y= 707 Y2= 711 P1= 909 P2= 546 T1=  14 T2=  15  P= 537  D=  -1 * 2
 X= 809 X2= 811  Y= 707 Y2= 707 P1= 909 P2= 546 T1=  14 T2=  15  P= 537  D=  -1 * 3
 X= 810 X2= 807  Y= 707 Y2= 711 P1= 909 P2= 546 T1=  15 T2=  15  P= 536  D=  -1 * 4
 X= 809 X2= 811  Y= 707 Y2= 712 P1= 909 P2= 546 T1=  14 T2=  14  P= 537  D=  -1 * 5
 X= 809 X2= 811  Y= 707 Y2= 711 P1= 908 P2= 547 T1=  15 T2=  15  P= 533  D=  -1 * 6
 X= 809 X2= 810  Y= 706 Y2= 711 P1= 908 P2= 548 T1=  15 T2=  15  P= 530  D=  -1 * 7
 X= 809 X2= 813  Y= 707 Y2= 712 P1= 908 P2= 548 T1=  14 T2=  15  P= 532  D=  -1 * 8
 X= 810 X2= 811  Y= 706 Y2= 711 P1= 907 P2= 548 T1=  15 T2=  15  P= 530  D=  -1 * 9
 X= 809 X2= 814  Y= 707 Y2= 711 P1= 908 P2= 548 T1=  15 T2=  15  P= 532  D=  -1 * 10
 X= 810 X2= 810  Y= 706 Y2= 711 P1= 908 P2= 547 T1=  14 T2=  15  P= 533  D=  -1 * 11
 X= 810 X2= 810  Y= 707 Y2= 711 P1= 908 P2= 548 T1=  15 T2=  14  P= 531  D=  -1 * 12
 X= 810 X2= 812  Y= 707 Y2= 711 P1= 908 P2= 548 T1=  14 T2=  15  P= 532  D=  -1 * 13
 X= 811 X2= 810  Y= 707 Y2= 711 P1= 908 P2= 548 T1=  14 T2=  15  P= 531  D=  -1 * 14
 X= 808 X2= 809  Y= 706 Y2= 712 P1= 907 P2= 547 T1=  14 T2=  15  P= 531  D=  -1 * 15
 X= 806 X2= 811  Y= 707 Y2= 711 P1= 908 P2= 548 T1=  15 T2=  15  P= 530  D=  -1 * 16
 X= 811 X2= 811  Y= 707 Y2= 711 P1= 907 P2= 548 T1=  14 T2=  15  P= 531  D=  -1 * 17
 X= 810 X2= 811  Y= 707 Y2= 711 P1= 908 P2= 548 T1=  14 T2=  14  P= 531  D=  -1 * 18
 X= 809 X2= 810  Y= 707 Y2= 711 P1= 908 P2= 547 T1=  15 T2=  15  P= 533  D=  -1 * 19
 X= 811 X2= 811  Y= 707 Y2= 711 P1= 909 P2= 547 T1=  15 T2=  15  P= 536  D=  -1 * 20
 X= 810 X2= 810  Y= 706 Y2= 711 P1= 908 P2= 547 T1=  14 T2=  14  P= 533  D=  -1 * 21
 X= 809 X2= 810  Y= 707 Y2= 711 P1= 908 P2= 547 T1=  16 T2=  16  P= 533  D=  -1 * 22
 X= 810 X2= 811  Y= 707 Y2= 712 P1= 908 P2= 547 T1=  14 T2=  15  P= 533  D=  -1 * 23
 X= 810 X2= 811  Y= 707 Y2= 712 P1= 908 P2= 547 T1=  14 T2=  15  P= 533  D=  -1 * 24
Remove Pin
 X= 809 X2= 811  Y= 708 Y2= 712 P1= 907 P2= 547 T1=  14 T2=  15  P= 532  D=  -1 * 24
 X= 809 X2= 809  Y= 707 Y2= 712 P1= 908 P2= 547 T1=  14 T2=  15  P= 533  D=  -1 * 24
 X= 810 X2= 811  Y= 707 Y2= 711 P1= 908 P2= 547 T1=  15 T2=  15  P= 533  D=  -1 * 24
 X= 810 X2= 810  Y= 707 Y2= 711 P1= 907 P2= 548 T1=  15 T2=  14  P= 530  D=  -1 * 24
 X= 809 X2= 810  Y= 707 Y2= 711 P1= 908 P2= 548 T1=  15 T2=  14  P= 530  D=  -1 * 24
 X= 809 X2= 810  Y= 707 Y2= 710 P1= 908 P2= 547 T1=  15 T2=  14  P= 533  D=  -1 * 24
 X= 812 X2= 811  Y= 707 Y2= 711 P1= 908 P2= 548 T1=  15 T2=  14  P= 532  D=  -1 * 24
 X= 810 X2= 810  Y= 707 Y2= 711 P1= 908 P2= 547 T1=  15 T2=  14  P= 533  D=  -1 * 24
 X= 807 X2= 810  Y= 707 Y2= 711 P1= 909 P2= 547 T1=  14 T2=  15  P= 534  D=  -1 * 24
 X= 811 X2= 811  Y= 707 Y2= 711 P1= 908 P2= 548 T1=  15 T2=  15  P= 532  D=  -1 * 24
 X= 809 X2= 810  Y= 707 Y2= 711 P1= 908 P2= 548 T1=  15 T2=  15  P= 530  D=  -1 * 24
 X= 809 X2= 811  Y= 706 Y2= 711 P1= 908 P2= 547 T1=  14 T2=  14  P= 533  D=  -1 * 24
 X= 811 X2= 812  Y= 708 Y2= 712 P1= 909 P2= 542 T1=  15 T2=  15  P= 549  D=  -1 * 24
 X= 809 X2= 810  Y= 708 Y2= 712 P1= 911 P2= 531 T1=  15 T2=  17  P= 578  D=  -1 * 24
 X=1006 X2=1009  Y= 989 Y2=1023 P1=1023 P2=   0 T1=1021 T2= 918  P= 578  D=  -1 
 X= 834 X2=1023  Y= 987 Y2=1021 P1=1023 P2=   0 T1=1023 T2= 919  P= 578  D=  -1 
 X= 965 X2=1023  Y= 988 Y2=1023 P1=1023 P2=   0 T1=1023 T2= 918  P= 578  D=  -1 
target state=3 point=23,249
 X=1007 X2=1013  Y= 980 Y2=1023 P1=1023 P2=   0 T1=1023 T2= 920  P= 578  D=  -1 
 X=1020 X2=1010  Y= 981 Y2=1021 P1=1023 P2=   0 T1=1023 T2= 916  P= 578  D=  -1 
 X= 987 X2=1017  Y= 981 Y2=1021 P1=1023 P2=   0 T1=1023 T2= 938  P= 578  D=  -1 
 X= 924 X2=1023  Y= 983 Y2=1021 P1=1023 P2=   0 T1=1021 T2= 926  P= 578  D=  -1 
 X= 966 X2=1023  Y= 981 Y2=1020 P1=1023 P2=   0 T1=1021 T2= 918  P= 578  D=  -1 
 X= 937 X2=1023  Y= 974 Y2=1023 P1=1023 P2=   0 T1=1023 T2= 933  P= 578  D=  -1 
 X= 964 X2=1016  Y= 985 Y2=1020 P1=1023 P2=   0 T1=1022 T2= 976  P= 578  D=  -1 
 X= 863 X2=1016  Y= 974 Y2=1022 P1=1021 P2=   0 T1=1021 T2= 920  P= 578  D=  -1 
 X= 909 X2=1022  Y= 992 Y2=1023 P1=1023 P2=   0 T1=1023 T2= 912  P= 578  D=  -1 
 X= 960 X2=1023  Y= 988 Y2=1023 P1=1023 P2=   0 T1=1023 T2= 915  P= 578  D=  -1 
 X= 946 X2= 992  Y= 984 Y2=1021 P1=1018 P2=   0 T1=1023 T2= 915  P= 578  D=  -1 
 X=1019 X2= 994  Y= 971 Y2=1023 P1=1023 P2=   0 T1=1021 T2= 906  P= 578  D=  -1 
 X=1022 X2=1009  Y= 983 Y2=1020 P1=1023 P2=   0 T1=1022 T2= 922  P= 578  D=  -1 
 X= 895 X2=1018  Y= 977 Y2=1019 P1=1023 P2=   0 T1=1021 T2= 916  P= 578  D=  -1 
 X= 886 X2=1023  Y= 978 Y2=1021 P1=1023 P2=   0 T1=1023 T2= 920  P= 578  D=  -1 
 X= 901 X2=1023  Y= 991 Y2=1021 P1=1023 P2=   0 T1=1023 T2= 918  P= 578  D=  -1 
 X= 912 X2=1023  Y= 991 Y2=1022 P1=1023 P2=   0 T1=1023 T2= 911  P= 578  D=  -1 
 X= 989 X2=1015  Y= 986 Y2=1023 P1=1023 P2=   0 T1=1023 T2= 921  P= 578  D=  -1 
 X= 933 X2=1015  Y= 980 Y2=1020 P1=1023 P2=   0 T1=1023 T2= 928  P= 578  D=  -1 
 X=1003 X2=1004  Y= 979 Y2=1023 P1=1023 P2=   0 T1=1023 T2= 920  P= 578  D=  -1 
 X=1023 X2=1016  Y= 986 Y2=1020 P1=1023 P2=   0 T1=1023 T2= 930  P= 578  D=  -1 
 X= 880 X2=1021  Y= 976 Y2=1023 P1=1023 P2=   0 T1=1021 T2= 934  P= 578  D=  -1 
 X= 914 X2=1023  Y= 979 Y2=1021 P1=1023 P2=   0 T1=1023 T2= 917  P= 578  D=  -1 
 X= 966 X2=1022  Y= 984 Y2=1022 P1=1023 P2=   0 T1=1021 T2= 903  P= 578  D=  -1 
 X= 910 X2=1022  Y= 982 Y2=1021 P1=1023 P2=   0 T1=1023 T2= 917  P= 578  D=  -1 
 X= 816 X2=1023  Y= 982 Y2=1021 P1=1023 P2=   0 T1=1023 T2= 909  P= 578  D=  -1 
 X= 981 X2=1015  Y= 983 Y2=1023 P1=1023 P2=   0 T1=1021 T2= 926  P= 578  D=  -1 
 X= 982 X2=1015  Y= 977 Y2=1023 P1=1023 P2=   0 T1=1023 T2= 920  P= 578  D=  -1 
 X= 951 X2=1021  Y= 986 Y2=1020 P1=1023 P2=   0 T1=1022 T2= 917  P= 578  D=  -1 
 X= 964 X2=1020  Y= 979 Y2=1022 P1=1023 P2=   0 T1=1021 T2= 900  P= 578  D=  -1 
 X=1022 X2=1016  Y= 984 Y2=1023 P1=1023 P2=   0 T1=1023 T2= 929  P= 578  D=  -1 
 X= 959 X2=1006  Y=1008 Y2=1023 P1=1023 P2=   0 T1=1021 T2= 911  P= 578  D=  -1 
 X= 959 X2=1022  Y=1021 Y2=1023 P1=1023 P2=   0 T1=1022 T2= 990  P= 578  D=  -1 
 X= 884 X2=1023  Y=1021 Y2=1023 P1=1023 P2=   0 T1=1021 T2=1014  P= 578  D=  -1 
 X=1023 X2=1023  Y=1011 Y2=1021 P1=1023 P2=   0 T1=1022 T2=1017  P= 578  D=  -1 
 X=1020 X2=1014  Y=1020 Y2=1021 P1=1023 P2=   0 T1=1023 T2=1015  P= 578  D=  -1 
 X= 977 X2=1022  Y=1014 Y2=1023 P1=1023 P2=   0 T1=1021 T2=1014  P= 578  D=  -1 
 X= 822 X2=1022  Y=1016 Y2=1021 P1=1023 P2=   0 T1=1023 T2= 985  P= 578  D=  -1 
 X=1005 X2=1022  Y= 989 Y2=1022 P1=1023 P2=   0 T1=1023 T2=1014  P= 578  D=  -1 
 X=1009 X2=1023  Y=1021 Y2=1020 P1=1023 P2=   0 T1=1021 T2=1012  P= 578  D=  -1 
 X= 979 X2=1014  Y=1009 Y2=1020 P1=1023 P2=   0 T1=1021 T2= 989  P= 578  D=  -1 
 X=1023 X2=1006  Y= 981 Y2=1021 P1=1023 P2=   0 T1=1023 T2= 935  P= 578  D=  -1 
 X=1023 X2=1013  Y=1022 Y2=1023 P1=1023 P2=   0 T1=1022 T2=1023  P= 578  D=  -1 
 X= 974 X2= 990  Y= 985 Y2=1021 P1=1023 P2=   0 T1=1023 T2= 921  P= 578  D=  -1 
 X= 894 X2=1023  Y= 987 Y2=1023 P1=1023 P2=   0 T1=1023 T2= 945  P= 578  D=  -1 
 X= 862 X2=1019  Y= 983 Y2=1021 P1=1023 P2=   0 T1=1023 T2= 916  P= 578  D=  -1 
 X= 996 X2= 999  Y= 989 Y2=1023 P1=1023 P2=   0 T1=1021 T2= 934  P= 578  D=  -1 
 X= 861 X2=1023  Y= 987 Y2=1023 P1=1023 P2=   0 T1=1023 T2= 919  P= 578  D=  -1 
 X= 968 X2= 995  Y= 985 Y2=1021 P1=1023 P2=   0 T1=1023 T2= 905  P= 578  D=  -1 
 X=1023 X2= 997  Y= 987 Y2=1020 P1=1023 P2=   0 T1=1021 T2= 935  P= 578  D=  -1 
 X= 900 X2=1023  Y= 989 Y2=1023 P1=1023 P2=   0 T1=1023 T2= 921  P= 578  D=  -1 
 X= 876 X2=1023  Y= 977 Y2=1021 P1=1023 P2=   0 T1=1023 T2= 919  P= 578  D=  -1 
 X= 947 X2=1023  Y= 987 Y2=1021 P1=1023 P2=   0 T1=1022 T2= 918  P= 578  D=  -1 
 X= 913 X2=1022  Y= 984 Y2=1021 P1=1023 P2=   0 T1=1023 T2= 935  P= 578  D=  -1 
 X= 961 X2=1021  Y= 976 Y2=1023 P1=1023 P2=   0 T1=1023 T2= 921  P= 578  D=  -1 
 X=1023 X2=1009  Y= 973 Y2=1023 P1=1023 P2=   0 T1=1023 T2= 919  P= 578  D=  -1 
 X=1023 X2= 992  Y= 970 Y2=1023 P1=1023 P2=   0 T1=1021 T2= 924  P= 578  D=  -1 
 X= 923 X2=1023  Y= 985 Y2=1021 P1=1023 P2=   0 T1=1021 T2= 927  P= 578  D=  -1 
 X=1015 X2=1018  Y= 987 Y2=1021 P1=1023 P2=   0 T1=1023 T2= 928  P= 578  D=  -1 
 X= 963 X2=1023  Y= 987 Y2=1021 P1=1023 P2=   0 T1=1021 T2= 921  P= 578  D=  -1 
 X= 918 X2=1023  Y= 995 Y2=1022 P1=1023 P2=   0 T1=1023 T2= 931  P= 578  D=  -1 
 X=1023 X2= 982  Y= 987 Y2=1021 P1=1023 P2=   0 T1=1023 T2= 908  P= 578  D=  -1 
 X= 982 X2=1016  Y= 978 Y2=1023 P1=1023 P2=   0 T1=1019 T2= 913  P= 578  D=  -1 
 X= 920 X2=1022  Y= 978 Y2=1023 P1=1023 P2=   0 T1=1023 T2= 912  P= 578  D=  -1 
 X=1023 X2= 999  Y= 988 Y2=1021 P1=1023 P2=   0 T1=1023 T2= 917  P= 578  D=  -1 
 X=1023 X2=1008  Y= 971 Y2=1023 P1=1023 P2=   0 T1=1023 T2= 907  P= 578  D=  -1 
 X= 962 X2=1023  Y= 981 Y2=1023 P1=1023 P2=   0 T1=1021 T2= 918  P= 578  D=  -1 
 X= 913 X2=1023  Y= 979 Y2=1022 P1=1023 P2=   0 T1=1023 T2= 914  P= 578  D=  -1 
 X= 970 X2=1023  Y= 982 Y2=1023 P1=1023 P2=   0 T1=1023 T2= 908  P= 578  D=  -1 
 X= 804 X2=1023  Y= 985 Y2=1023 P1=1023 P2=   0 T1=1023 T2= 908  P= 578  D=  -1 
 X= 445 X2= 261  Y= 707 Y2= 702 P1= 849 P2= 221 T1=1023 T2=  23  P= 578  D=  -1 
 X= 236 X2= 237  Y= 705 Y2= 700 P1= 838 P2= 232 T1=  23 T2=  23  P= 616  D=  -1 * 0
 X= 235 X2= 237  Y= 705 Y2= 701 P1= 835 P2= 236 T1=  22 T2=  22  P= 598  D=  -1 * 0
 X= 235 X2= 237  Y= 705 Y2= 701 P1= 836 P2= 236 T1=  23 T2=  23  P= 599  D=  -1 * 0
 X= 235 X2= 238  Y= 705 Y2= 701 P1= 836 P2= 235 T1=  23 T2=  22  P= 603  D=  -1 * 0
 X= 236 X2= 237  Y= 706 Y2= 701 P1= 836 P2= 235 T1=  24 T2=  22  P= 603  D=  -1 * 1
 X= 235 X2= 237  Y= 705 Y2= 701 P1= 835 P2= 236 T1=  23 T2=  22  P= 598  D=  -1 * 2
 X= 235 X2= 235  Y= 705 Y2= 701 P1= 835 P2= 236 T1=  23 T2=  22  P= 596  D=  -1 * 3
 X= 235 X2= 237  Y= 705 Y2= 702 P1= 835 P2= 237 T1=  22 T2=  23  P= 595  D=  -1 * 4
 X= 235 X2= 238  Y= 705 Y2= 701 P1= 835 P2= 237 T1=  23 T2=  22  P= 595  D=  -1 * 5
 X= 235 X2= 237  Y= 705 Y2= 701 P1= 835 P2= 236 T1=  23 T2=  22  P= 598  D=  -1 * 6
 X= 235 X2= 237  Y= 707 Y2= 701 P1= 835 P2= 237 T1=  21 T2=  22  P= 595  D=  -1 * 7
 X= 235 X2= 237  Y= 706 Y2= 701 P1= 833 P2= 238 T1=  22 T2=  22  P= 590  D=  -1 * 8
 X= 235 X2= 237  Y= 705 Y2= 701 P1= 834 P2= 237 T1=  22 T2=  23  P= 594  D=  -1 * 9
 X= 234 X2= 237  Y= 706 Y2= 701 P1= 834 P2= 237 T1=  22 T2=  22  P= 591  D=  -1 * 10
 X= 236 X2= 237  Y= 705 Y2= 701 P1= 834 P2= 238 T1=  22 T2=  23  P= 590  D=  -1 * 11
 X= 235 X2= 237  Y= 706 Y2= 701 P1= 834 P2= 237 T1=  23 T2=  22  P= 594  D=  -1 * 12
 X= 235 X2= 238  Y= 706 Y2= 701 P1= 835 P2= 237 T1=  22 T2=  22  P= 595  D=  -1 * 13
 X= 235 X2= 238  Y= 706 Y2= 701 P1= 835 P2= 239 T1=  21 T2=  22  P= 584  D=  -1 * 14
 X= 235 X2= 238  Y= 706 Y2= 701 P1= 833 P2= 238 T1=  22 T2=  22  P= 590  D=  -1 * 15
 X= 235 X2= 238  Y= 705 Y2= 701 P1= 835 P2= 238 T1=  23 T2=  22  P= 591  D=  -1 * 16
 X= 235 X2= 237  Y= 706 Y2= 702 P1= 834 P2= 238 T1=  22 T2=  22  P= 590  D=  -1 * 17
 X= 235 X2= 237  Y= 705 Y2= 701 P1= 833 P2= 238 T1=  22 T2=  23  P= 590  D=  -1 * 18
 X= 234 X2= 239  Y= 705 Y2= 701 P1= 834 P2= 238 T1=  22 T2=  22  P= 590  D=  -1 * 19
 X= 235 X2= 237  Y= 705 Y2= 701 P1= 833 P2= 238 T1=  22 T2=  22  P= 590  D=  -1 * 20
 X= 235 X2= 236  Y= 705 Y2= 701 P1= 834 P2= 238 T1=  22 T2=  22  P= 588  D=  -1 * 21
 X= 235 X2= 238  Y= 705 Y2= 700 P1= 834 P2= 238 T1=  22 T2=  21  P= 590  D=  -1 * 22
 X= 235 X2= 237  Y= 706 Y2= 701 P1= 826 P2= 238 T1=  23 T2=  20  P= 582  D=  -1 * 23
 X= 235 X2= 237  Y= 705 Y2= 701 P1= 834 P2= 238 T1=  22 T2=  22  P= 590  D=  -1 * 24
Remove Pin
 X= 234 X2= 237  Y= 705 Y2= 701 P1= 834 P2= 238 T1=  23 T2=  22  P= 588  D=  -1 * 24
 X= 235 X2= 237  Y= 705 Y2= 701 P1= 833 P2= 238 T1=  22 T2=  22  P= 590  D=  -1 * 24
 X= 235 X2= 238  Y= 704 Y2= 701 P1= 834 P2= 238 T1=  23 T2=  23  P= 590  D=  -1 * 24
 X= 235 X2= 237  Y= 705 Y2= 700 P1= 841 P2= 227 T1=  23 T2=  23  P= 638  D=  -1 * 24
 X= 237 X2= 278  Y= 774 Y2=1004 P1=1023 P2=   0 T1=  23 T2= 889  P= 638  D=  -1 * 24
 X= 264 X2= 265  Y= 719 Y2= 714 P1= 914 P2= 154 T1=1021 T2=  33  P= 638  D=  -1 
 X= 951 X2=1018  Y= 989 Y2=1020 P1=1023 P2=   0 T1=1021 T2= 909  P= 638  D=  -1 
 X= 877 X2=1020  Y= 983 Y2=1022 P1=1023 P2=   0 T1=1023 T2= 921  P= 638  D=  -1 
Target Noise  x= 2.50 y= 2.50
X[0]: Target= 23   233/ 234/ 235 Stdev= 0.45 N= 24  Y[0]: Target= 22   325/ 326/ 326 Stdev= 0.40 N= 24
X[1]: Target=456   809/ 810/ 813 Stdev= 0.83 N= 24  Y[1]: Target= 22   329/ 329/ 330 Stdev= 0.42 N= 24
X[2]: Target=456   808/ 810/ 811 Stdev= 0.89 N= 24  Y[2]: Target=249   707/ 709/ 709 Stdev= 0.51 N= 24
X[3]: Target= 23   235/ 236/ 236 Stdev= 0.32 N= 24  Y[3]: Target=249   702/ 703/ 704 Stdev= 0.34 N= 24
N=24 Avg=22
min: 21 21 21 22 22 22 
max: 23 23 23 23 22 22 
N=24 Avg=14
min: 14 14 14 14 14 14 
max: 15 15 15 15 15 15 
N=24 Avg=14
min: 14 14 14 14 14 14 
max: 16 15 15 15 15 15 
N=24 Avg=21
min: 21 21 21 21 22 22 
max: 23 22 22 22 22 22 
Using TNT center offset = 19
TNT Plane Coef: a= -797 b=    0 c= 383699
At  234, 325: Real=  22 Fit=  22 Offset=   3
At  810, 329: Real=  15 Fit=  16 Offset=  -3
At  809, 708: Real=  15 Fit=  16 Offset=  -3
At  235, 703: Real=  22 Fit=  22 Offset=   3
Fit Corners: 25, 13, 13, 25  Center: 19
Setting for min_tnt_up:   521
Setting for max_tnt_down: 24 (V2:36)
Entering calib_pressure_mfg
Using default pressure curve
468 471 487 495 509 524 553 575 612 
Summary:
Setting for max_tnt_down:      24
3.7 setting for max_tnt_down:     -1
Setting for min_tnt_up:       521
Setting for max_delta_tnt:      5
3.8 setting for max_delta_tnt:     -1
Setting for delay_in_us:        1
Setting for y_delay_in_us:      1
Setting for tnt_delay_in_us:    1
Setting for pressure_curve:  468 471 487 495 509 524 553 575 612
Setting for tnt_mode:           1
Setting for averaging:         -1
Setting for pointercal:      49266 -130 -9978716 -273 39356 -11285277 65536
Setting for tnt_plane:       -797 0 383699
