new-calib: New touch screen calibration program v3.13
Serial Number='15061E00010B06020114'
Using tnt_mode=1
Setting for delay_in_us:        1
Setting for y_delay_in_us:      1
Setting for tnt_delay_in_us:    1
Setting for max_delta_tnt:      5
Setting for tnt_mode:           1
Setting for averaging:         -1
Entering get_five_points
target_noise  x= 2.50 y= 2.50 t= 2.50
target state=0 point=240,136
 X= 929 X2=1023  Y=1019 Y2=1023 P1=  -1 P2=  -1 T1=  -1 T2= 857  P=  -1  D=  -1 * 0
 X=1009 X2=1023  Y= 970 Y2=1023 P1=  -1 P2=  -1 T1=1021 T2= 872  P=  -1  D=  -1 
 X=1023 X2=1005  Y= 961 Y2=1023 P1=  -1 P2=  -1 T1=1023 T2= 939  P=  -1  D=  -1 
 X= 992 X2=1017  Y= 986 Y2=1023 P1=  -1 P2=  -1 T1=1023 T2= 932  P=  -1  D=  -1 
 X= 948 X2=1023  Y= 979 Y2=1023 P1=  -1 P2=  -1 T1=1020 T2= 919  P=  -1  D=  -1 
 X= 989 X2= 999  Y= 982 Y2=1021 P1=  -1 P2=  -1 T1=1021 T2= 938  P=  -1  D=  -1 
 X= 940 X2= 996  Y= 984 Y2=1020 P1=  -1 P2=  -1 T1=1023 T2= 933  P=  -1  D=  -1 
 X= 915 X2=1023  Y= 985 Y2=1020 P1=  -1 P2=  -1 T1=1019 T2= 941  P=  -1  D=  -1 
 X= 942 X2=1023  Y= 977 Y2=1023 P1=  -1 P2=  -1 T1=1023 T2= 931  P=  -1  D=  -1 
 X= 986 X2=1015  Y= 984 Y2=1023 P1=  -1 P2=  -1 T1=1019 T2= 957  P=  -1  D=  -1 
 X=1002 X2=1020  Y= 959 Y2=1023 P1=  -1 P2=  -1 T1=1023 T2= 932  P=  -1  D=  -1 
 X= 968 X2=1023  Y= 983 Y2=1023 P1=  -1 P2=  -1 T1=1021 T2= 931  P=  -1  D=  -1 
 X= 923 X2=1018  Y= 992 Y2=1020 P1=  -1 P2=  -1 T1=1019 T2= 920  P=  -1  D=  -1 
 X= 872 X2=1020  Y= 988 Y2=1020 P1=  -1 P2=  -1 T1=1018 T2= 933  P=  -1  D=  -1 
 X= 906 X2=1023  Y= 972 Y2=1023 P1=  -1 P2=  -1 T1=1020 T2= 938  P=  -1  D=  -1 
 X=1023 X2=1003  Y= 974 Y2=1023 P1=  -1 P2=  -1 T1=1020 T2= 950  P=  -1  D=  -1 
 X= 903 X2=1023  Y= 988 Y2=1021 P1=  -1 P2=  -1 T1=1023 T2= 934  P=  -1  D=  -1 
 X= 804 X2=1023  Y= 981 Y2=1018 P1=  -1 P2=  -1 T1=1023 T2= 914  P=  -1  D=  -1 
 X= 971 X2=1007  Y= 985 Y2=1023 P1=  -1 P2=  -1 T1=1023 T2= 927  P=  -1  D=  -1 
 X= 930 X2=1018  Y= 975 Y2=1023 P1=  -1 P2=  -1 T1=1023 T2= 930  P=  -1  D=  -1 
 X= 973 X2=1023  Y= 993 Y2=1020 P1=  -1 P2=  -1 T1=1023 T2= 940  P=  -1  D=  -1 
 X=1023 X2=1007  Y= 960 Y2=1021 P1=  -1 P2=  -1 T1=1020 T2= 934  P=  -1  D=  -1 
 X= 931 X2=1023  Y= 967 Y2=1021 P1=  -1 P2=  -1 T1=1020 T2= 926  P=  -1  D=  -1 
 X= 881 X2=1023  Y= 975 Y2=1023 P1=  -1 P2=  -1 T1=1023 T2= 939  P=  -1  D=  -1 
 X= 966 X2=1023  Y= 983 Y2=1023 P1=  -1 P2=  -1 T1=1023 T2= 922  P=  -1  D=  -1 
 X= 971 X2=1023  Y= 984 Y2=1021 P1=  -1 P2=  -1 T1=1021 T2= 967  P=  -1  D=  -1 
 X= 927 X2=1023  Y= 979 Y2=1020 P1=  -1 P2=  -1 T1=1021 T2= 948  P=  -1  D=  -1 
 X= 901 X2=1023  Y= 977 Y2=1023 P1=  -1 P2=  -1 T1=1023 T2= 926  P=  -1  D=  -1 
 X= 979 X2=1014  Y= 982 Y2=1023 P1=  -1 P2=  -1 T1=1020 T2= 926  P=  -1  D=  -1 
 X= 938 X2=1013  Y= 984 Y2=1023 P1=  -1 P2=  -1 T1=1023 T2= 943  P=  -1  D=  -1 
 X= 932 X2=1022  Y= 989 Y2=1020 P1=  -1 P2=  -1 T1=1020 T2= 920  P=  -1  D=  -1 
 X=1006 X2=1015  Y= 996 Y2=1020 P1=  -1 P2=  -1 T1=1023 T2= 879  P=  -1  D=  -1 
 X= 923 X2=1023  Y= 990 Y2=1020 P1=  -1 P2=  -1 T1=1021 T2= 955  P=  -1  D=  -1 
 X= 907 X2=1023  Y= 956 Y2=1023 P1=  -1 P2=  -1 T1=1021 T2= 921  P=  -1  D=  -1 
 X= 923 X2=1023  Y= 998 Y2=1023 P1=  -1 P2=  -1 T1=1023 T2= 933  P=  -1  D=  -1 
 X= 907 X2=1023  Y= 984 Y2=1023 P1=  -1 P2=  -1 T1=1020 T2= 949  P=  -1  D=  -1 
 X= 851 X2=1023  Y= 982 Y2=1020 P1=  -1 P2=  -1 T1=1023 T2= 939  P=  -1  D=  -1 
 X=1014 X2=1006  Y= 955 Y2=1023 P1=  -1 P2=  -1 T1=1023 T2= 934  P=  -1  D=  -1 
 X= 993 X2=1010  Y= 979 Y2=1022 P1=  -1 P2=  -1 T1=1019 T2= 941  P=  -1  D=  -1 
 X=1018 X2=1023  Y=1021 Y2=1023 P1=  -1 P2=  -1 T1=1021 T2=1023  P=  -1  D=  -1 
 X= 900 X2=1023  Y= 984 Y2=1019 P1=  -1 P2=  -1 T1=1020 T2= 940  P=  -1  D=  -1 
 X= 914 X2=1022  Y= 990 Y2=1023 P1=  -1 P2=  -1 T1=1023 T2= 930  P=  -1  D=  -1 
 X= 936 X2=1023  Y= 988 Y2=1019 P1=  -1 P2=  -1 T1=1021 T2= 934  P=  -1  D=  -1 
 X= 928 X2=1023  Y= 994 Y2=1023 P1=  -1 P2=  -1 T1=1017 T2= 864  P=  -1  D=  -1 
 X= 872 X2=1017  Y= 974 Y2=1021 P1=  -1 P2=  -1 T1=1023 T2= 932  P=  -1  D=  -1 
 X= 952 X2=1023  Y= 975 Y2=1023 P1=  -1 P2=  -1 T1=1023 T2= 935  P=  -1  D=  -1 
 X= 977 X2=1016  Y= 998 Y2=1019 P1=  -1 P2=  -1 T1=1023 T2= 895  P=  -1  D=  -1 
 X= 871 X2=1021  Y= 995 Y2=1019 P1=  -1 P2=  -1 T1=1020 T2= 907  P=  -1  D=  -1 
 X= 864 X2=1023  Y= 976 Y2=1023 P1=  -1 P2=  -1 T1=1023 T2= 932  P=  -1  D=  -1 
 X= 957 X2=1023  Y= 976 Y2=1023 P1=  -1 P2=  -1 T1=1023 T2= 929  P=  -1  D=  -1 
 X=1023 X2=1016  Y= 984 Y2=1023 P1=  -1 P2=  -1 T1=1023 T2= 926  P=  -1  D=  -1 
 X= 849 X2=1023  Y= 978 Y2=1023 P1=  -1 P2=  -1 T1=1021 T2= 925  P=  -1  D=  -1 
 X= 908 X2=1023  Y= 979 Y2=1019 P1=  -1 P2=  -1 T1=1023 T2= 931  P=  -1  D=  -1 
 X=1013 X2=1018  Y= 976 Y2=1020 P1=  -1 P2=  -1 T1=1021 T2= 934  P=  -1  D=  -1 
 X= 916 X2=1021  Y= 985 Y2=1019 P1=  -1 P2=  -1 T1=1020 T2= 932  P=  -1  D=  -1 
 X= 939 X2=1023  Y= 990 Y2=1023 P1=  -1 P2=  -1 T1=1020 T2= 939  P=  -1  D=  -1 
 X=1023 X2=1010  Y= 973 Y2=1019 P1=  -1 P2=  -1 T1=1019 T2= 920  P=  -1  D=  -1 
 X= 930 X2=1023  Y= 988 Y2=1023 P1=  -1 P2=  -1 T1=1021 T2= 927  P=  -1  D=  -1 
 X= 962 X2=1021  Y= 985 Y2=1021 P1=  -1 P2=  -1 T1=1020 T2= 938  P=  -1  D=  -1 
 X=1023 X2=1004  Y= 978 Y2=1020 P1=  -1 P2=  -1 T1=1020 T2= 937  P=  -1  D=  -1 
 X= 888 X2=1023  Y= 987 Y2=1020 P1=  -1 P2=  -1 T1=1023 T2= 928  P=  -1  D=  -1 
 X= 906 X2=1023  Y= 987 Y2=1023 P1=  -1 P2=  -1 T1=1023 T2= 925  P=  -1  D=  -1 
 X= 987 X2=1023  Y= 987 Y2=1023 P1=  -1 P2=  -1 T1=1021 T2= 936  P=  -1  D=  -1 
 X= 968 X2=1014  Y= 980 Y2=1020 P1=  -1 P2=  -1 T1=1021 T2= 930  P=  -1  D=  -1 
 X= 878 X2=1018  Y= 976 Y2=1020 P1=  -1 P2=  -1 T1=1023 T2= 931  P=  -1  D=  -1 
 X= 933 X2=1022  Y= 980 Y2=1023 P1=  -1 P2=  -1 T1=1023 T2= 940  P=  -1  D=  -1 
 X= 989 X2= 999  Y= 983 Y2=1020 P1=  -1 P2=  -1 T1=1021 T2= 940  P=  -1  D=  -1 
 X= 909 X2=1023  Y= 977 Y2=1023 P1=  -1 P2=  -1 T1=1023 T2= 942  P=  -1  D=  -1 
 X= 931 X2=1023  Y= 978 Y2=1020 P1=  -1 P2=  -1 T1=1023 T2= 906  P=  -1  D=  -1 
 X=1023 X2=1010  Y= 977 Y2=1023 P1=  -1 P2=  -1 T1=1020 T2= 914  P=  -1  D=  -1 
 X= 826 X2=1023  Y= 966 Y2=1021 P1=  -1 P2=  -1 T1=1023 T2= 939  P=  -1  D=  -1 
 X= 900 X2=1023  Y= 986 Y2=1021 P1=  -1 P2=  -1 T1=1019 T2= 912  P=  -1  D=  -1 
 X= 959 X2=1022  Y= 979 Y2=1023 P1=  -1 P2=  -1 T1=1020 T2= 966  P=  -1  D=  -1 
 X= 884 X2=1017  Y= 990 Y2=1021 P1=  -1 P2=  -1 T1=1020 T2= 922  P=  -1  D=  -1 
 X= 968 X2= 982  Y= 979 Y2=1023 P1=  -1 P2=  -1 T1=1020 T2= 923  P=  -1  D=  -1 
 X=1023 X2=1009  Y= 980 Y2=1023 P1=  -1 P2=  -1 T1=1018 T2= 930  P=  -1  D=  -1 
 X= 898 X2=1019  Y= 984 Y2=1023 P1=  -1 P2=  -1 T1=1020 T2= 946  P=  -1  D=  -1 
 X= 928 X2=1023  Y= 981 Y2=1023 P1=  -1 P2=  -1 T1=1020 T2= 924  P=  -1  D=  -1 
 X= 948 X2=1023  Y= 983 Y2=1023 P1=  -1 P2=  -1 T1=1020 T2= 920  P=  -1  D=  -1 
 X= 866 X2=1023  Y= 989 Y2=1023 P1=  -1 P2=  -1 T1=1023 T2= 916  P=  -1  D=  -1 
 X= 848 X2=1023  Y= 979 Y2=1023 P1=  -1 P2=  -1 T1=1023 T2= 925  P=  -1  D=  -1 
 X=1022 X2= 994  Y= 980 Y2=1023 P1=  -1 P2=  -1 T1=1023 T2= 930  P=  -1  D=  -1 
 X= 944 X2=1023  Y= 980 Y2=1023 P1=  -1 P2=  -1 T1=1023 T2= 923  P=  -1  D=  -1 
 X= 902 X2=1023  Y= 984 Y2=1022 P1=  -1 P2=  -1 T1=1021 T2= 939  P=  -1  D=  -1 
 X=1023 X2=1009  Y= 976 Y2=1020 P1=  -1 P2=  -1 T1=1023 T2= 933  P=  -1  D=  -1 
 X= 998 X2=1004  Y= 976 Y2=1023 P1=  -1 P2=  -1 T1=1021 T2= 953  P=  -1  D=  -1 
 X= 914 X2=1023  Y= 980 Y2=1020 P1=  -1 P2=  -1 T1=1020 T2= 936  P=  -1  D=  -1 
 X= 958 X2=1022  Y= 989 Y2=1023 P1=  -1 P2=  -1 T1=1023 T2= 934  P=  -1  D=  -1 
 X= 940 X2=1019  Y= 983 Y2=1021 P1=  -1 P2=  -1 T1=1023 T2= 890  P=  -1  D=  -1 
 X= 966 X2=1021  Y= 987 Y2=1021 P1=  -1 P2=  -1 T1=1023 T2= 945  P=  -1  D=  -1 
 X= 955 X2=1023  Y= 985 Y2=1021 P1=  -1 P2=  -1 T1=1020 T2= 943  P=  -1  D=  -1 
 X=1011 X2=1005  Y= 975 Y2=1020 P1=  -1 P2=  -1 T1=1021 T2= 873  P=  -1  D=  -1 
 X= 950 X2=1014  Y= 982 Y2=1023 P1=  -1 P2=  -1 T1=1021 T2= 928  P=  -1  D=  -1 
 X= 965 X2=1022  Y= 986 Y2=1023 P1=  -1 P2=  -1 T1=1023 T2= 924  P=  -1  D=  -1 
 X= 937 X2=1023  Y= 984 Y2=1020 P1=  -1 P2=  -1 T1=1023 T2= 937  P=  -1  D=  -1 
 X= 894 X2=1023  Y= 979 Y2=1023 P1=  -1 P2=  -1 T1=1023 T2= 911  P=  -1  D=  -1 
 X= 924 X2=1023  Y= 981 Y2=1023 P1=  -1 P2=  -1 T1=1021 T2= 912  P=  -1  D=  -1 
 X= 890 X2=1018  Y= 980 Y2=1019 P1=  -1 P2=  -1 T1=1021 T2= 934  P=  -1  D=  -1 
 X= 815 X2=1023  Y= 978 Y2=1023 P1=  -1 P2=  -1 T1=1023 T2= 934  P=  -1  D=  -1 
 X= 850 X2=1023  Y= 988 Y2=1021 P1=  -1 P2=  -1 T1=1023 T2= 933  P=  -1  D=  -1 
 X=1023 X2=1009  Y= 977 Y2=1020 P1=  -1 P2=  -1 T1=1021 T2= 916  P=  -1  D=  -1 
 X= 995 X2=1016  Y= 972 Y2=1023 P1=  -1 P2=  -1 T1=1021 T2= 890  P=  -1  D=  -1 
 X= 863 X2=1023  Y= 979 Y2=1023 P1=  -1 P2=  -1 T1=1022 T2= 931  P=  -1  D=  -1 
 X= 960 X2=1020  Y= 991 Y2=1021 P1=  -1 P2=  -1 T1=1023 T2= 921  P=  -1  D=  -1 
 X=1013 X2= 999  Y= 975 Y2=1022 P1=  -1 P2=  -1 T1=1023 T2= 919  P=  -1  D=  -1 
 X= 893 X2=1023  Y= 988 Y2=1023 P1=  -1 P2=  -1 T1=1023 T2= 944  P=  -1  D=  -1 
 X= 850 X2=1023  Y= 985 Y2=1021 P1=  -1 P2=  -1 T1=1023 T2= 927  P=  -1  D=  -1 
 X= 870 X2=1016  Y= 985 Y2=1018 P1=  -1 P2=  -1 T1=1023 T2= 926  P=  -1  D=  -1 
 X= 964 X2=1023  Y= 981 Y2=1023 P1=  -1 P2=  -1 T1=1023 T2= 928  P=  -1  D=  -1 
 X=1023 X2=1005  Y= 975 Y2=1020 P1=  -1 P2=  -1 T1=1023 T2= 949  P=  -1  D=  -1 
 X=1022 X2= 991  Y= 993 Y2=1019 P1=  -1 P2=  -1 T1=1023 T2= 950  P=  -1  D=  -1 
 X= 950 X2=1023  Y=1009 Y2=1020 P1=  -1 P2=  -1 T1=1023 T2= 934  P=  -1  D=  -1 
 X=1020 X2= 995  Y= 987 Y2=1021 P1=  -1 P2=  -1 T1=1020 T2= 944  P=  -1  D=  -1 
 X= 933 X2= 993  Y= 991 Y2=1021 P1=  -1 P2=  -1 T1=1021 T2= 930  P=  -1  D=  -1 
 X= 870 X2=1023  Y= 975 Y2=1023 P1=  -1 P2=  -1 T1=1020 T2= 927  P=  -1  D=  -1 
 X= 935 X2=1023  Y= 986 Y2=1021 P1=  -1 P2=  -1 T1=1023 T2= 920  P=  -1  D=  -1 
 X= 995 X2=1015  Y= 974 Y2=1023 P1=  -1 P2=  -1 T1=1023 T2= 940  P=  -1  D=  -1 
 X= 872 X2=1019  Y= 967 Y2=1023 P1=  -1 P2=  -1 T1=1023 T2= 929  P=  -1  D=  -1 
 X= 882 X2=1023  Y= 979 Y2=1023 P1=  -1 P2=  -1 T1=1023 T2= 943  P=  -1  D=  -1 
 X= 998 X2= 993  Y= 973 Y2=1023 P1=  -1 P2=  -1 T1=1023 T2= 925  P=  -1  D=  -1 
 X=1022 X2=1015  Y= 972 Y2=1023 P1=  -1 P2=  -1 T1=1023 T2= 945  P=  -1  D=  -1 
 X= 880 X2=1023  Y= 986 Y2=1019 P1=  -1 P2=  -1 T1=1023 T2= 928  P=  -1  D=  -1 
 X=1023 X2=1016  Y= 966 Y2=1019 P1=  -1 P2=  -1 T1=1020 T2= 923  P=  -1  D=  -1 
 X= 965 X2=1023  Y= 978 Y2=1020 P1=  -1 P2=  -1 T1=1021 T2= 940  P=  -1  D=  -1 
 X= 818 X2=1023  Y= 970 Y2=1023 P1=  -1 P2=  -1 T1=1023 T2= 912  P=  -1  D=  -1 
 X= 977 X2=1023  Y= 977 Y2=1023 P1=  -1 P2=  -1 T1=1023 T2= 963  P=  -1  D=  -1 
 X= 992 X2=1015  Y= 984 Y2=1023 P1=  -1 P2=  -1 T1=1021 T2= 918  P=  -1  D=  -1 
 X= 935 X2=1019  Y= 975 Y2=1020 P1=  -1 P2=  -1 T1=1021 T2= 922  P=  -1  D=  -1 
 X= 942 X2=1021  Y= 982 Y2=1019 P1=  -1 P2=  -1 T1=1020 T2= 944  P=  -1  D=  -1 
 X=1023 X2=1015  Y= 970 Y2=1023 P1=  -1 P2=  -1 T1=1019 T2= 930  P=  -1  D=  -1 
 X= 934 X2=1023  Y= 983 Y2=1019 P1=  -1 P2=  -1 T1=1023 T2= 922  P=  -1  D=  -1 
 X= 935 X2=1023  Y= 974 Y2=1023 P1=  -1 P2=  -1 T1=1021 T2= 920  P=  -1  D=  -1 
 X= 936 X2=1022  Y= 989 Y2=1020 P1=  -1 P2=  -1 T1=1023 T2= 933  P=  -1  D=  -1 
 X= 829 X2=1023  Y= 980 Y2=1019 P1=  -1 P2=  -1 T1=1023 T2= 918  P=  -1  D=  -1 
 X= 865 X2=1023  Y= 988 Y2=1019 P1=  -1 P2=  -1 T1=1023 T2= 939  P=  -1  D=  -1 
 X= 991 X2=1008  Y= 988 Y2=1023 P1=  -1 P2=  -1 T1=1021 T2= 935  P=  -1  D=  -1 
 X= 896 X2=1022  Y= 990 Y2=1023 P1=  -1 P2=  -1 T1=1018 T2= 934  P=  -1  D=  -1 
 X= 976 X2=1022  Y= 979 Y2=1023 P1=  -1 P2=  -1 T1=1021 T2= 907  P=  -1  D=  -1 
 X=1023 X2=1015  Y= 982 Y2=1020 P1=  -1 P2=  -1 T1=1023 T2= 939  P=  -1  D=  -1 
 X= 937 X2=1023  Y= 966 Y2=1023 P1=  -1 P2=  -1 T1=1023 T2= 914  P=  -1  D=  -1 
 X=1020 X2=1010  Y=1017 Y2=1023 P1=  -1 P2=  -1 T1=1018 T2=1017  P=  -1  D=  -1 
 X= 922 X2=1018  Y= 988 Y2=1020 P1=  -1 P2=  -1 T1=1020 T2= 936  P=  -1  D=  -1 
 X= 945 X2=1021  Y= 981 Y2=1023 P1=  -1 P2=  -1 T1=1023 T2= 929  P=  -1  D=  -1 
 X= 869 X2=1023  Y= 969 Y2=1019 P1=  -1 P2=  -1 T1=1023 T2= 935  P=  -1  D=  -1 
 X=1023 X2=1009  Y= 978 Y2=1020 P1=  -1 P2=  -1 T1=1023 T2= 938  P=  -1  D=  -1 
 X= 888 X2=1020  Y= 958 Y2=1023 P1=  -1 P2=  -1 T1=1022 T2= 951  P=  -1  D=  -1 
 X=1020 X2= 999  Y= 981 Y2=1023 P1=  -1 P2=  -1 T1=1020 T2= 946  P=  -1  D=  -1 
 X= 970 X2=1023  Y= 999 Y2=1023 P1=  -1 P2=  -1 T1=1020 T2= 913  P=  -1  D=  -1 
 X= 999 X2=1016  Y= 977 Y2=1020 P1=  -1 P2=  -1 T1=1021 T2= 930  P=  -1  D=  -1 
 X= 929 X2=1023  Y= 981 Y2=1020 P1=  -1 P2=  -1 T1=1023 T2= 919  P=  -1  D=  -1 
 X= 932 X2=1022  Y= 985 Y2=1023 P1=  -1 P2=  -1 T1=1020 T2= 963  P=  -1  D=  -1 
 X= 966 X2=1023  Y= 989 Y2=1019 P1=  -1 P2=  -1 T1=1023 T2= 958  P=  -1  D=  -1 
 X= 950 X2=1023  Y= 987 Y2=1021 P1=  -1 P2=  -1 T1=1023 T2= 888  P=  -1  D=  -1 
 X= 943 X2=1023  Y=1001 Y2=1021 P1=  -1 P2=  -1 T1=1021 T2= 928  P=  -1  D=  -1 
 X= 808 X2=1023  Y= 989 Y2=1023 P1=  -1 P2=  -1 T1=1019 T2= 948  P=  -1  D=  -1 
 X= 957 X2=1023  Y= 973 Y2=1023 P1=  -1 P2=  -1 T1=1023 T2= 962  P=  -1  D=  -1 
 X= 949 X2= 992  Y= 989 Y2=1018 P1=  -1 P2=  -1 T1=1020 T2= 958  P=  -1  D=  -1 
 X= 874 X2=1023  Y= 991 Y2=1023 P1=1022 P2=  -1 T1=1020 T2= 920  P=  -1  D=  -1 
 X=1021 X2=1018  Y= 984 Y2=1023 P1=1023 P2=  -1 T1=1018 T2= 917  P=  -1  D=  -1 
 X= 932 X2=1023  Y= 977 Y2=1023 P1=1023 P2=  -1 T1=1023 T2= 946  P=  -1  D=  -1 
 X= 888 X2=1023  Y= 981 Y2=1023 P1=1023 P2=  -1 T1=1023 T2= 926  P=  -1  D=  -1 
 X= 936 X2=1023  Y= 981 Y2=1020 P1=1023 P2=  -1 T1=1023 T2= 925  P=  -1  D=  -1 
 X= 932 X2=1023  Y= 977 Y2=1020 P1=1023 P2=  -1 T1=1021 T2= 922  P=  -1  D=  -1 
 X=1023 X2=1007  Y= 984 Y2=1021 P1=1023 P2=  -1 T1=1023 T2= 925  P=  -1  D=  -1 
 X=1013 X2=1017  Y= 983 Y2=1023 P1=1023 P2=  -1 T1=1023 T2= 917  P=  -1  D=  -1 
 X= 950 X2=1023  Y= 977 Y2=1021 P1=1023 P2=  -1 T1=1023 T2= 939  P=  -1  D=  -1 
 X= 946 X2=1022  Y= 984 Y2=1020 P1=1023 P2=  -1 T1=1021 T2= 922  P=  -1  D=  -1 
 X= 940 X2=1023  Y= 980 Y2=1022 P1=1023 P2=  -1 T1=1020 T2= 963  P=  -1  D=  -1 
 X= 890 X2=1023  Y= 993 Y2=1018 P1=1023 P2=  -1 T1=1023 T2= 936  P=  -1  D=  -1 
 X= 927 X2=1023  Y= 949 Y2=1023 P1=1023 P2=  -1 T1=1020 T2= 940  P=  -1  D=  -1 
 X= 970 X2=1014  Y= 990 Y2=1023 P1=1023 P2=  -1 T1=1020 T2= 929  P=  -1  D=  -1 
 X= 923 X2=1021  Y= 977 Y2=1018 P1=1022 P2=  -1 T1=1020 T2= 921  P=  -1  D=  -1 
 X= 922 X2=1018  Y= 978 Y2=1021 P1=1023 P2=  -1 T1=1023 T2= 928  P=  -1  D=  -1 
 X=1023 X2=1015  Y= 993 Y2=1020 P1=1023 P2=  -1 T1=1023 T2= 952  P=  -1  D=  -1 
 X= 967 X2=1021  Y= 982 Y2=1021 P1=1023 P2=  -1 T1=1020 T2= 937  P=  -1  D=  -1 
 X= 962 X2=1023  Y= 981 Y2=1023 P1=1023 P2=  -1 T1=1020 T2= 931  P=  -1  D=  -1 
 X= 959 X2=1022  Y= 981 Y2=1020 P1=1023 P2=  -1 T1=1020 T2= 926  P=  -1  D=  -1 
 X= 965 X2=1023  Y= 983 Y2=1021 P1=1023 P2=  -1 T1=1023 T2= 931  P=  -1  D=  -1 
 X= 929 X2=1023  Y= 985 Y2=1019 P1=1023 P2=  -1 T1=1023 T2= 940  P=  -1  D=  -1 
 X= 995 X2= 999  Y= 976 Y2=1023 P1=1023 P2=  -1 T1=1023 T2= 943  P=  -1  D=  -1 
 X= 924 X2=1014  Y= 974 Y2=1019 P1=1023 P2=  -1 T1=1020 T2= 928  P=  -1  D=  -1 
 X= 941 X2=1023  Y= 978 Y2=1023 P1=1023 P2=  -1 T1=1022 T2= 935  P=  -1  D=  -1 
 X=1021 X2=1011  Y= 981 Y2=1020 P1=1023 P2=  -1 T1=1020 T2= 926  P=  -1  D=  -1 
 X=1023 X2=1015  Y= 977 Y2=1019 P1=1023 P2=  -1 T1=1023 T2= 924  P=  -1  D=  -1 
 X= 855 X2=1023  Y= 975 Y2=1023 P1=1023 P2=  -1 T1=1020 T2= 928  P=  -1  D=  -1 
 X= 971 X2=1022  Y= 986 Y2=1019 P1=1023 P2=  -1 T1=1021 T2= 928  P=  -1  D=  -1 
 X= 914 X2=1018  Y= 975 Y2=1021 P1=1023 P2=  -1 T1=1023 T2= 951  P=  -1  D=  -1 
 X= 860 X2=1023  Y= 988 Y2=1020 P1=1023 P2=  -1 T1=1020 T2= 938  P=  -1  D=  -1 
 X= 996 X2=1016  Y= 982 Y2=1023 P1=1023 P2=  -1 T1=1023 T2= 933  P=  -1  D=  -1 
 X= 970 X2=1009  Y= 980 Y2=1020 P1=1023 P2=  -1 T1=1023 T2= 925  P=  -1  D=  -1 
 X= 982 X2=1015  Y= 971 Y2=1021 P1=1023 P2=  -1 T1=1023 T2= 934  P=  -1  D=  -1 
 X= 933 X2=1021  Y= 971 Y2=1019 P1=1023 P2=  -1 T1=1020 T2= 942  P=  -1  D=  -1 
 X= 942 X2= 997  Y= 988 Y2=1018 P1=1023 P2=  -1 T1=1020 T2= 925  P=  -1  D=  -1 
 X= 825 X2=1023  Y= 985 Y2=1020 P1=1023 P2=  -1 T1=1023 T2= 926  P=  -1  D=  -1 
 X= 921 X2=1023  Y= 978 Y2=1020 P1=1023 P2=  -1 T1=1021 T2= 929  P=  -1  D=  -1 
 X= 966 X2=1023  Y= 981 Y2=1023 P1=1023 P2=  -1 T1=1020 T2= 915  P=  -1  D=  -1 
 X= 914 X2=1021  Y= 979 Y2=1023 P1=1023 P2=  -1 T1=1023 T2= 926  P=  -1  D=  -1 
 X= 973 X2=1008  Y= 998 Y2=1020 P1=1023 P2=  -1 T1=1020 T2= 934  P=  -1  D=  -1 
 X= 844 X2=1023  Y= 986 Y2=1023 P1=1023 P2=  -1 T1=1021 T2= 932  P=  -1  D=  -1 
 X= 884 X2=1020  Y= 967 Y2=1019 P1=1023 P2=  -1 T1=1023 T2= 948  P=  -1  D=  -1 
 X= 954 X2=1023  Y= 979 Y2=1023 P1=1023 P2=  -1 T1=1021 T2= 937  P=  -1  D=  -1 
 X= 933 X2= 996  Y= 975 Y2=1023 P1=1023 P2=  -1 T1=1023 T2= 925  P=  -1  D=  -1 
 X= 946 X2=1023  Y= 984 Y2=1019 P1=1023 P2=  -1 T1=1023 T2= 925  P=  -1  D=  -1 
 X= 908 X2=1023  Y= 982 Y2=1021 P1=1023 P2=  -1 T1=1023 T2= 930  P=  -1  D=  -1 
 X= 964 X2=1023  Y= 977 Y2=1023 P1=1023 P2=  -1 T1=1021 T2= 924  P=  -1  D=  -1 
 X= 912 X2=1021  Y= 985 Y2=1023 P1=1023 P2=  -1 T1=1023 T2= 945  P=  -1  D=  -1 
 X= 841 X2=1023  Y= 987 Y2=1021 P1=1023 P2=  -1 T1=1021 T2= 926  P=  -1  D=  -1 
 X=1023 X2=1001  Y= 983 Y2=1023 P1=1023 P2=  -1 T1=1021 T2= 937  P=  -1  D=  -1 
 X=1020 X2= 994  Y= 988 Y2=1023 P1=1023 P2=  -1 T1=1023 T2= 934  P=  -1  D=  -1 
 X= 975 X2=1021  Y= 982 Y2=1021 P1=1023 P2=  -1 T1=1023 T2= 864  P=  -1  D=  -1 
 X= 932 X2=1023  Y= 988 Y2=1020 P1=1023 P2=  -1 T1=1023 T2= 949  P=  -1  D=  -1 
 X=1023 X2=1007  Y= 984 Y2=1020 P1=1023 P2=  -1 T1=1021 T2= 923  P=  -1  D=  -1 
 X= 924 X2=1023  Y= 969 Y2=1019 P1=1023 P2=  -1 T1=1020 T2= 944  P=  -1  D=  -1 
 X= 946 X2=1023  Y= 991 Y2=1021 P1=1023 P2=  -1 T1=1023 T2= 927  P=  -1  D=  -1 
 X= 916 X2=1021  Y= 976 Y2=1020 P1=1023 P2=  -1 T1=1023 T2= 915  P=  -1  D=  -1 
 X= 893 X2=1023  Y= 977 Y2=1023 P1=1023 P2=  -1 T1=1023 T2= 901  P=  -1  D=  -1 
 X=1002 X2= 996  Y= 978 Y2=1023 P1=1023 P2=  -1 T1=1020 T2= 932  P=  -1  D=  -1 
 X=1020 X2=1014  Y= 982 Y2=1020 P1=1023 P2=  -1 T1=1019 T2= 888  P=  -1  D=  -1 
 X= 991 X2=1004  Y= 981 Y2=1023 P1=1023 P2=  -1 T1=1021 T2= 924  P=  -1  D=  -1 
 X= 905 X2=1023  Y= 984 Y2=1020 P1=1023 P2=  -1 T1=1023 T2= 929  P=  -1  D=  -1 
 X= 966 X2= 995  Y= 986 Y2=1021 P1=1023 P2=  -1 T1=1023 T2= 937  P=  -1  D=  -1 
 X= 825 X2=1023  Y= 972 Y2=1020 P1=1023 P2=  -1 T1=1023 T2= 929  P=  -1  D=  -1 
 X= 973 X2=1015  Y= 991 Y2=1019 P1=1023 P2=  -1 T1=1020 T2= 893  P=  -1  D=  -1 
 X= 913 X2=1021  Y= 991 Y2=1023 P1=1023 P2=  -1 T1=1023 T2= 925  P=  -1  D=  -1 
 X= 868 X2=1015  Y= 973 Y2=1023 P1=1023 P2=  -1 T1=1020 T2= 941  P=  -1  D=  -1 
 X= 785 X2=1023  Y= 980 Y2=1023 P1=1023 P2=  -1 T1=1023 T2= 933  P=  -1  D=  -1 
 X=1023 X2=1004  Y= 973 Y2=1020 P1=1023 P2=  -1 T1=1019 T2= 934  P=  -1  D=  -1 
 X=1021 X2=1015  Y= 993 Y2=1023 P1=1023 P2=  -1 T1=1023 T2= 942  P=  -1  D=  -1 
 X= 886 X2=1023  Y= 984 Y2=1020 P1=1023 P2=  -1 T1=1023 T2= 919  P=  -1  D=  -1 
 X= 959 X2=1023  Y= 978 Y2=1020 P1=1023 P2=  -1 T1=1023 T2= 893  P=  -1  D=  -1 
 X= 821 X2=1023  Y= 977 Y2=1023 P1=1023 P2=  -1 T1=1020 T2= 928  P=  -1  D=  -1 
 X= 793 X2=1022  Y= 985 Y2=1020 P1=1023 P2=  -1 T1=1019 T2= 925  P=  -1  D=  -1 
 X= 898 X2=1023  Y= 974 Y2=1023 P1=1023 P2=  -1 T1=1021 T2= 929  P=  -1  D=  -1 
 X= 993 X2=1014  Y= 987 Y2=1023 P1=1023 P2=  -1 T1=1021 T2= 933  P=  -1  D=  -1 
 X= 890 X2=1017  Y= 970 Y2=1023 P1=1023 P2=  -1 T1=1019 T2= 935  P=  -1  D=  -1 
 X= 914 X2= 995  Y= 979 Y2=1023 P1=1023 P2=  -1 T1=1021 T2= 937  P=  -1  D=  -1 
 X=1023 X2=1009  Y= 991 Y2=1023 P1=1023 P2=  -1 T1=1020 T2= 947  P=  -1  D=  -1 
 X= 911 X2=1023  Y= 986 Y2=1020 P1=1023 P2=  -1 T1=1023 T2= 934  P=  -1  D=  -1 
 X= 877 X2=1023  Y= 983 Y2=1023 P1=1023 P2=  -1 T1=1020 T2= 931  P=  -1  D=  -1 
 X= 970 X2=1023  Y= 989 Y2=1023 P1=1023 P2=  -1 T1=1023 T2= 923  P=  -1  D=  -1 
 X= 937 X2=1021  Y= 981 Y2=1023 P1=1023 P2=  -1 T1=1021 T2= 934  P=  -1  D=  -1 
 X=1018 X2=1023  Y=1020 Y2=1020 P1=1023 P2=  -1 T1=1021 T2=1021  P=  -1  D=  -1 
 X= 889 X2=1023  Y= 953 Y2=1023 P1=1023 P2=  -1 T1=1023 T2= 946  P=  -1  D=  -1 
 X= 895 X2=1018  Y= 986 Y2=1020 P1=1023 P2=  -1 T1=1019 T2= 946  P=  -1  D=  -1 
 X=1020 X2=1017  Y= 973 Y2=1020 P1=1023 P2=  -1 T1=1020 T2= 931  P=  -1  D=  -1 
 X=1023 X2=1015  Y= 987 Y2=1020 P1=1023 P2=  -1 T1=1023 T2= 926  P=  -1  D=  -1 
 X=1023 X2=1022  Y= 984 Y2=1023 P1=1023 P2=  -1 T1=1023 T2= 946  P=  -1  D=  -1 
 X= 964 X2=1007  Y= 991 Y2=1021 P1=1023 P2=  -1 T1=1023 T2= 936  P=  -1  D=  -1 
 X= 980 X2=1011  Y= 993 Y2=1023 P1=1023 P2=  -1 T1=1021 T2= 939  P=  -1  D=  -1 
 X= 877 X2=1023  Y= 974 Y2=1020 P1=1023 P2=  -1 T1=1020 T2= 936  P=  -1  D=  -1 
 X= 833 X2=1020  Y= 975 Y2=1020 P1=1023 P2=  -1 T1=1019 T2= 916  P=  -1  D=  -1 
 X=1006 X2=1015  Y= 982 Y2=1022 P1=1023 P2=  -1 T1=1023 T2= 922  P=  -1  D=  -1 
 X= 982 X2=1007  Y= 985 Y2=1021 P1=1023 P2=  -1 T1=1022 T2= 920  P=  -1  D=  -1 
 X= 967 X2=1022  Y= 986 Y2=1023 P1=1023 P2=  -1 T1=1023 T2= 930  P=  -1  D=  -1 
 X= 919 X2=1023  Y= 974 Y2=1019 P1=1023 P2=  -1 T1=1019 T2= 929  P=  -1  D=  -1 
 X= 960 X2=1005  Y= 974 Y2=1021 P1=1023 P2=  -1 T1=1020 T2= 931  P=  -1  D=  -1 
 X= 873 X2=1023  Y= 994 Y2=1020 P1=1023 P2=  -1 T1=1023 T2= 953  P=  -1  D=  -1 
 X= 914 X2=1023  Y= 984 Y2=1023 P1=1023 P2=  -1 T1=1021 T2= 928  P=  -1  D=  -1 
 X= 974 X2=1023  Y= 977 Y2=1020 P1=1023 P2=  -1 T1=1021 T2= 931  P=  -1  D=  -1 
 X= 976 X2=1017  Y= 995 Y2=1021 P1=1023 P2=  -1 T1=1023 T2= 915  P=  -1  D=  -1 
 X=1003 X2= 992  Y= 981 Y2=1022 P1=1023 P2=  -1 T1=1023 T2= 927  P=  -1  D=  -1 
 X=1000 X2=1003  Y= 977 Y2=1022 P1=1023 P2=  -1 T1=1021 T2= 938  P=  -1  D=  -1 
 X= 952 X2=1016  Y= 970 Y2=1023 P1=1023 P2=  -1 T1=1022 T2= 945  P=  -1  D=  -1 
 X= 953 X2=1023  Y= 988 Y2=1019 P1=1023 P2=  -1 T1=1023 T2= 920  P=  -1  D=  -1 
 X= 978 X2=1022  Y= 966 Y2=1019 P1=1023 P2=  -1 T1=1020 T2= 909  P=  -1  D=  -1 
 X= 888 X2=1023  Y= 986 Y2=1020 P1=1023 P2=  -1 T1=1020 T2= 920  P=  -1  D=  -1 
 X= 934 X2=1023  Y= 978 Y2=1020 P1=1023 P2=  -1 T1=1020 T2= 925  P=  -1  D=  -1 
 X= 991 X2=1009  Y= 984 Y2=1023 P1=1023 P2=  -1 T1=1021 T2= 913  P=  -1  D=  -1 
 X= 902 X2=1019  Y= 968 Y2=1020 P1=1023 P2=  -1 T1=1020 T2= 929  P=  -1  D=  -1 
 X= 953 X2=1022  Y= 985 Y2=1023 P1=1023 P2=  -1 T1=1023 T2= 942  P=  -1  D=  -1 
 X=1023 X2=1006  Y= 976 Y2=1023 P1=1023 P2=  -1 T1=1019 T2= 921  P=  -1  D=  -1 
 X=1023 X2= 983  Y= 974 Y2=1023 P1=1023 P2=  -1 T1=1020 T2= 934  P=  -1  D=  -1 
 X=1023 X2=1015  Y= 985 Y2=1019 P1=1023 P2=  -1 T1=1023 T2= 977  P=  -1  D=  -1 
 X= 946 X2=1023  Y= 978 Y2=1023 P1=1023 P2=  -1 T1=1020 T2= 924  P=  -1  D=  -1 
 X= 882 X2=1023  Y= 983 Y2=1021 P1=1023 P2=  -1 T1=1023 T2= 913  P=  -1  D=  -1 
 X= 826 X2=1023  Y= 978 Y2=1020 P1=1023 P2=  -1 T1=1023 T2= 924  P=  -1  D=  -1 
 X= 911 X2=1023  Y= 985 Y2=1023 P1=1023 P2=  -1 T1=1023 T2= 925  P=  -1  D=  -1 
 X= 998 X2=1015  Y= 964 Y2=1019 P1=1023 P2=  -1 T1=1021 T2= 924  P=  -1  D=  -1 
 X= 946 X2=1019  Y= 985 Y2=1020 P1=1023 P2=  -1 T1=1023 T2= 934  P=  -1  D=  -1 
 X=1020 X2= 996  Y= 952 Y2=1020 P1=1023 P2=  -1 T1=1023 T2= 921  P=  -1  D=  -1 
 X=1023 X2=1016  Y= 979 Y2=1019 P1=1023 P2=  -1 T1=1020 T2= 936  P=  -1  D=  -1 
 X= 874 X2=1023  Y= 975 Y2=1022 P1=1023 P2=  -1 T1=1020 T2= 930  P=  -1  D=  -1 
 X= 953 X2=1022  Y= 992 Y2=1023 P1=1023 P2=  -1 T1=1020 T2= 947  P=  -1  D=  -1 
 X=1023 X2=1009  Y= 980 Y2=1020 P1=1023 P2=  -1 T1=1023 T2= 924  P=  -1  D=  -1 
 X= 969 X2=1023  Y= 976 Y2=1020 P1=1023 P2=  -1 T1=1023 T2= 935  P=  -1  D=  -1 
 X= 937 X2=1023  Y= 980 Y2=1021 P1=1023 P2=  -1 T1=1020 T2= 930  P=  -1  D=  -1 
 X= 910 X2=1022  Y= 974 Y2=1020 P1=1023 P2=  -1 T1=1021 T2= 865  P=  -1  D=  -1 
 X= 904 X2=1019  Y= 986 Y2=1020 P1=1023 P2=  -1 T1=1019 T2= 940  P=  -1  D=  -1 
 X= 953 X2=1023  Y= 991 Y2=1021 P1=1023 P2=  -1 T1=1023 T2= 924  P=  -1  D=  -1 
 X= 952 X2=1005  Y= 976 Y2=1019 P1=1023 P2=  -1 T1=1023 T2= 931  P=  -1  D=  -1 
 X=1017 X2= 991  Y= 975 Y2=1020 P1=1023 P2=  -1 T1=1023 T2= 927  P=  -1  D=  -1 
 X= 889 X2=1023  Y= 987 Y2=1019 P1=1023 P2=  -1 T1=1023 T2= 934  P=  -1  D=  -1 
 X= 935 X2=1023  Y= 986 Y2=1023 P1=1023 P2=  -1 T1=1023 T2= 915  P=  -1  D=  -1 
 X= 797 X2=1023  Y= 984 Y2=1023 P1=1023 P2=  -1 T1=1023 T2= 896  P=  -1  D=  -1 
 X= 969 X2=1023  Y= 985 Y2=1021 P1=1023 P2=  -1 T1=1021 T2= 887  P=  -1  D=  -1 
 X=1006 X2=1013  Y= 986 Y2=1020 P1=1023 P2=  -1 T1=1023 T2= 933  P=  -1  D=  -1 
 X= 998 X2=1006  Y= 959 Y2=1019 P1=1023 P2=  -1 T1=1023 T2= 915  P=  -1  D=  -1 
 X= 902 X2=1023  Y= 977 Y2=1020 P1=1023 P2=  -1 T1=1019 T2= 941  P=  -1  D=  -1 
 X= 969 X2=1023  Y= 986 Y2=1020 P1=1023 P2=  -1 T1=1023 T2= 926  P=  -1  D=  -1 
 X= 947 X2=1021  Y= 986 Y2=1019 P1=1023 P2=  -1 T1=1020 T2= 918  P=  -1  D=  -1 
 X= 920 X2=1022  Y= 978 Y2=1019 P1=1023 P2=  -1 T1=1023 T2= 944  P=  -1  D=  -1 
 X= 930 X2=1023  Y= 977 Y2=1019 P1=1023 P2=  -1 T1=1020 T2= 961  P=  -1  D=  -1 
 X= 879 X2=1019  Y= 988 Y2=1021 P1=1023 P2=  -1 T1=1020 T2= 945  P=  -1  D=  -1 
 X= 901 X2=1019  Y= 972 Y2=1023 P1=1023 P2=  -1 T1=1020 T2= 896  P=  -1  D=  -1 
 X= 879 X2=1023  Y= 986 Y2=1021 P1=1023 P2=  -1 T1=1021 T2= 940  P=  -1  D=  -1 
 X=1012 X2=1006  Y= 980 Y2=1023 P1=1023 P2=  -1 T1=1023 T2= 924  P=  -1  D=  -1 
 X=1014 X2=1003  Y= 975 Y2=1020 P1=1023 P2=  -1 T1=1023 T2= 926  P=  -1  D=  -1 
 X=1023 X2=1009  Y= 984 Y2=1020 P1=1023 P2=  -1 T1=1020 T2= 931  P=  -1  D=  -1 
 X=1023 X2= 985  Y= 978 Y2=1021 P1=1023 P2=  -1 T1=1023 T2= 924  P=  -1  D=  -1 
 X= 948 X2=1019  Y= 982 Y2=1023 P1=1023 P2=  -1 T1=1023 T2= 922  P=  -1  D=  -1 
 X= 914 X2=1023  Y= 991 Y2=1023 P1=1023 P2=  -1 T1=1019 T2= 937  P=  -1  D=  -1 
 X= 859 X2=1023  Y= 990 Y2=1021 P1=1023 P2=  -1 T1=1023 T2= 909  P=  -1  D=  -1 
 X=1002 X2=1014  Y= 986 Y2=1021 P1=1023 P2=  -1 T1=1023 T2= 920  P=  -1  D=  -1 
 X= 890 X2=1023  Y= 991 Y2=1023 P1=1023 P2=  -1 T1=1023 T2= 921  P=  -1  D=  -1 
 X= 916 X2=1022  Y= 957 Y2=1019 P1=1023 P2=  -1 T1=1023 T2= 931  P=  -1  D=  -1 
 X= 898 X2=1019  Y= 984 Y2=1020 P1=1023 P2=  -1 T1=1023 T2= 929  P=  -1  D=  -1 
 X= 939 X2=1023  Y= 987 Y2=1020 P1=1023 P2=  -1 T1=1023 T2= 942  P=  -1  D=  -1 
 X= 967 X2=1021  Y= 982 Y2=1023 P1=1023 P2=  -1 T1=1020 T2= 929  P=  -1  D=  -1 
 X= 965 X2=1023  Y= 979 Y2=1020 P1=1023 P2=  -1 T1=1021 T2= 918  P=  -1  D=  -1 
 X= 856 X2=1023  Y= 969 Y2=1018 P1=1023 P2=  -1 T1=1019 T2= 939  P=  -1  D=  -1 
 X= 837 X2=1023  Y= 975 Y2=1023 P1=1023 P2=  -1 T1=1020 T2= 942  P=  -1  D=  -1 
 X= 947 X2=1023  Y= 981 Y2=1021 P1=1023 P2=  -1 T1=1020 T2= 929  P=  -1  D=  -1 
 X= 824 X2=1023  Y= 988 Y2=1019 P1=1023 P2=  -1 T1=1019 T2= 936  P=  -1  D=  -1 
 X= 959 X2=1021  Y= 982 Y2=1023 P1=1023 P2=  -1 T1=1023 T2= 922  P=  -1  D=  -1 
 X=1022 X2=1017  Y= 981 Y2=1023 P1=1023 P2=  -1 T1=1023 T2= 941  P=  -1  D=  -1 
 X= 985 X2=1014  Y= 984 Y2=1019 P1=1023 P2=  -1 T1=1020 T2= 938  P=  -1  D=  -1 
 X= 923 X2=1023  Y= 986 Y2=1023 P1=1023 P2=  -1 T1=1023 T2= 928  P=  -1  D=  -1 
 X= 976 X2=1022  Y= 979 Y2=1020 P1=1023 P2=  -1 T1=1020 T2= 914  P=  -1  D=  -1 
 X= 924 X2=1023  Y= 986 Y2=1020 P1=1023 P2=  -1 T1=1023 T2= 925  P=  -1  D=  -1 
 X= 901 X2=1023  Y= 985 Y2=1019 P1=1023 P2=  -1 T1=1021 T2= 933  P=  -1  D=  -1 
 X=1009 X2= 997  Y= 989 Y2=1020 P1=1023 P2=  -1 T1=1023 T2= 920  P=  -1  D=  -1 
 X= 976 X2=1015  Y= 976 Y2=1019 P1=1023 P2=  -1 T1=1018 T2= 922  P=  -1  D=  -1 
 X= 872 X2=1017  Y= 901 Y2=1023 P1=1023 P2=  -1 T1=1023 T2= 935  P=  -1  D=  -1 
 X= 932 X2= 995  Y= 984 Y2=1019 P1=1023 P2=  -1 T1=1020 T2= 919  P=  -1  D=  -1 
 X=1022 X2=1015  Y= 974 Y2=1019 P1=1023 P2=  -1 T1=1021 T2= 938  P=  -1  D=  -1 
 X= 980 X2=1022  Y= 980 Y2=1023 P1=1023 P2=  -1 T1=1023 T2= 939  P=  -1  D=  -1 
 X= 973 X2=1023  Y= 979 Y2=1020 P1=1023 P2=  -1 T1=1021 T2= 919  P=  -1  D=  -1 
 X= 912 X2=1018  Y= 985 Y2=1023 P1=1023 P2=  -1 T1=1023 T2= 933  P=  -1  D=  -1 
 X= 832 X2=1023  Y= 979 Y2=1019 P1=1023 P2=  -1 T1=1021 T2= 930  P=  -1  D=  -1 
 X= 822 X2=1023  Y=1008 Y2=1023 P1=1023 P2=  -1 T1=1023 T2= 923  P=  -1  D=  -1 
 X= 996 X2=1011  Y= 980 Y2=1023 P1=1023 P2=  -1 T1=1023 T2= 925  P=  -1  D=  -1 
 X= 975 X2=1009  Y= 978 Y2=1021 P1=1023 P2=  -1 T1=1020 T2= 920  P=  -1  D=  -1 
 X= 904 X2=1017  Y=1020 Y2=1022 P1=1023 P2=  -1 T1=1021 T2=1023  P=  -1  D=  -1 
 X= 910 X2=1023  Y= 987 Y2=1023 P1=1023 P2=  -1 T1=1019 T2= 937  P=  -1  D=  -1 
 X= 954 X2=1023  Y= 981 Y2=1023 P1=1023 P2=  -1 T1=1023 T2= 920  P=  -1  D=  -1 
 X= 944 X2= 997  Y= 985 Y2=1023 P1=1023 P2=  -1 T1=1020 T2= 943  P=  -1  D=  -1 
 X= 972 X2=1023  Y= 990 Y2=1023 P1=1023 P2=  -1 T1=1023 T2= 929  P=  -1  D=  -1 
 X= 875 X2=1023  Y= 990 Y2=1019 P1=1023 P2=  -1 T1=1021 T2= 924  P=  -1  D=  -1 
 X= 918 X2=1023  Y= 983 Y2=1020 P1=1023 P2=  -1 T1=1023 T2= 935  P=  -1  D=  -1 
 X=1023 X2=1009  Y= 967 Y2=1023 P1=1023 P2=  -1 T1=1023 T2= 930  P=  -1  D=  -1 
 X= 888 X2=1023  Y= 979 Y2=1020 P1=1023 P2=  -1 T1=1020 T2= 916  P=  -1  D=  -1 
 X= 954 X2=1023  Y= 982 Y2=1023 P1=1023 P2=  -1 T1=1020 T2= 924  P=  -1  D=  -1 
 X= 961 X2= 989  Y= 988 Y2=1021 P1=1023 P2=  -1 T1=1023 T2= 947  P=  -1  D=  -1 
 X= 989 X2= 997  Y= 991 Y2=1023 P1=1023 P2=  -1 T1=1023 T2= 911  P=  -1  D=  -1 
 X= 811 X2=1023  Y= 994 Y2=1020 P1=1023 P2=  -1 T1=1023 T2= 943  P=  -1  D=  -1 
 X= 957 X2=1023  Y= 981 Y2=1023 P1=1023 P2=  -1 T1=1020 T2= 933  P=  -1  D=  -1 
 X= 949 X2=1023  Y= 964 Y2=1023 P1=1023 P2=  -1 T1=1023 T2= 933  P=  -1  D=  -1 
 X= 826 X2=1023  Y= 978 Y2=1023 P1=1023 P2=  -1 T1=1020 T2= 932  P=  -1  D=  -1 
 X= 938 X2= 983  Y= 973 Y2=1023 P1=1023 P2=  -1 T1=1021 T2= 904  P=  -1  D=  -1 
 X=1014 X2=1005  Y= 974 Y2=1020 P1=1023 P2=  -1 T1=1023 T2= 932  P=  -1  D=  -1 
 X=1012 X2=1019  Y= 981 Y2=1023 P1=1023 P2=  -1 T1=1021 T2= 922  P=  -1  D=  -1 
 X=1021 X2=1016  Y= 981 Y2=1019 P1=1023 P2=  -1 T1=1020 T2= 931  P=  -1  D=  -1 
 X=1023 X2=1009  Y= 987 Y2=1020 P1=1023 P2=  -1 T1=1020 T2= 918  P=  -1  D=  -1 
 X= 943 X2=1023  Y= 992 Y2=1023 P1=1023 P2=  -1 T1=1023 T2= 939  P=  -1  D=  -1 
 X= 944 X2=1023  Y= 984 Y2=1021 P1=1023 P2=  -1 T1=1021 T2= 943  P=  -1  D=  -1 
 X= 996 X2=1015  Y= 980 Y2=1023 P1=1023 P2=  -1 T1=1021 T2= 934  P=  -1  D=  -1 
 X= 915 X2=1018  Y= 979 Y2=1021 P1=1016 P2=  -1 T1=1023 T2= 942  P=  -1  D=  -1 
 X= 964 X2=1023  Y= 976 Y2=1021 P1=1023 P2=  -1 T1=1023 T2= 927  P=  -1  D=  -1 
 X=1023 X2=1013  Y= 972 Y2=1020 P1=1023 P2=  -1 T1=1018 T2= 929  P=  -1  D=  -1 
 X= 998 X2=1012  Y= 978 Y2=1021 P1=1022 P2=  -1 T1=1023 T2= 924  P=  -1  D=  -1 
 X= 969 X2= 991  Y= 978 Y2=1023 P1=1023 P2=  -1 T1=1023 T2= 921  P=  -1  D=  -1 
 X= 969 X2=1021  Y= 985 Y2=1019 P1=1023 P2=  -1 T1=1023 T2= 904  P=  -1  D=  -1 
 X= 928 X2=1023  Y= 972 Y2=1023 P1=1023 P2=  -1 T1=1023 T2= 923  P=  -1  D=  -1 
 X= 828 X2=1023  Y= 986 Y2=1023 P1=1023 P2=  -1 T1=1023 T2= 921  P=  -1  D=  -1 
 X= 966 X2=1007  Y= 980 Y2=1020 P1=1023 P2=  -1 T1=1023 T2= 892  P=  -1  D=  -1 
 X= 880 X2=1018  Y= 980 Y2=1021 P1=1023 P2=  -1 T1=1020 T2= 941  P=  -1  D=  -1 
 X= 930 X2=1022  Y= 976 Y2=1023 P1=1023 P2=  -1 T1=1020 T2= 919  P=  -1  D=  -1 
 X=1021 X2= 996  Y= 971 Y2=1023 P1=1023 P2=  -1 T1=1023 T2= 928  P=  -1  D=  -1 
 X=1021 X2= 998  Y= 981 Y2=1023 P1=1023 P2=  -1 T1=1020 T2= 932  P=  -1  D=  -1 
 X= 947 X2=1023  Y= 987 Y2=1020 P1=1023 P2=  -1 T1=1021 T2= 930  P=  -1  D=  -1 
 X= 975 X2=1023  Y= 979 Y2=1020 P1=1023 P2=  -1 T1=1020 T2= 920  P=  -1  D=  -1 
 X= 898 X2=1023  Y= 980 Y2=1023 P1=1023 P2=  -1 T1=1020 T2= 929  P=  -1  D=  -1 
 X= 929 X2=1023  Y= 982 Y2=1019 P1=1023 P2=  -1 T1=1020 T2= 897  P=  -1  D=  -1 
 X= 914 X2=1023  Y= 983 Y2=1023 P1=1023 P2=  -1 T1=1020 T2= 929  P=  -1  D=  -1 
 X= 942 X2=1018  Y= 982 Y2=1021 P1=1023 P2=  -1 T1=1020 T2= 941  P=  -1  D=  -1 
 X= 896 X2=1021  Y= 987 Y2=1023 P1=1023 P2=  -1 T1=1023 T2= 935  P=  -1  D=  -1 
 X= 971 X2=1023  Y= 984 Y2=1021 P1=1023 P2=  -1 T1=1021 T2= 909  P=  -1  D=  -1 
 X= 974 X2= 997  Y= 979 Y2=1019 P1=1023 P2=  -1 T1=1020 T2= 914  P=  -1  D=  -1 
 X= 900 X2=1023  Y= 980 Y2=1023 P1=1023 P2=  -1 T1=1021 T2= 937  P=  -1  D=  -1 
 X= 947 X2=1023  Y= 981 Y2=1019 P1=1023 P2=  -1 T1=1019 T2= 949  P=  -1  D=  -1 
 X= 969 X2=1021  Y= 977 Y2=1023 P1=1023 P2=  -1 T1=1020 T2= 924  P=  -1  D=  -1 
 X= 983 X2=1023  Y= 979 Y2=1019 P1=1023 P2=  -1 T1=1020 T2= 934  P=  -1  D=  -1 
 X= 919 X2=1023  Y= 988 Y2=1023 P1=1023 P2=  -1 T1=1023 T2= 934  P=  -1  D=  -1 
 X=1006 X2=1008  Y= 983 Y2=1020 P1=1023 P2=  -1 T1=1023 T2= 928  P=  -1  D=  -1 
 X= 984 X2=1016  Y= 977 Y2=1021 P1=1023 P2=  -1 T1=1020 T2= 941  P=  -1  D=  -1 
 X= 961 X2=1023  Y= 968 Y2=1019 P1=1023 P2=  -1 T1=1023 T2= 940  P=  -1  D=  -1 
 X= 967 X2= 974  Y= 980 Y2=1020 P1=1023 P2=  -1 T1=1023 T2= 927  P=  -1  D=  -1 
 X= 956 X2=1023  Y= 975 Y2=1023 P1=1023 P2=  -1 T1=1021 T2= 942  P=  -1  D=  -1 
 X= 971 X2=1022  Y= 975 Y2=1023 P1=1023 P2=  -1 T1=1021 T2= 926  P=  -1  D=  -1 
 X= 938 X2=1023  Y= 981 Y2=1019 P1=1023 P2=  -1 T1=1021 T2= 931  P=  -1  D=  -1 
 X= 524 X2= 524  Y= 520 Y2= 521 P1= 816 P2= 385 T1=  20 T2=  19  P= 586  D=  -1 * 0
 X= 524 X2= 524  Y= 521 Y2= 518 P1= 809 P2= 397 T1=  18 T2=  18  P= 543  D=  -1 * 0
 X= 522 X2= 523  Y= 519 Y2= 519 P1= 810 P2= 397 T1=  18 T2=  17  P= 542  D=  -1 * 0
 X= 523 X2= 524  Y= 518 Y2= 519 P1= 809 P2= 398 T1=  17 T2=  18  P= 539  D=  -1 * 1
 X= 522 X2= 523  Y= 518 Y2= 518 P1= 809 P2= 398 T1=  18 T2=  18  P= 538  D=  -1 * 2
 X= 523 X2= 524  Y= 519 Y2= 518 P1= 809 P2= 398 T1=  18 T2=  18  P= 539  D=  -1 * 3
 X= 524 X2= 523  Y= 518 Y2= 518 P1= 809 P2= 398 T1=  18 T2=  18  P= 539  D=  -1 * 4
 X= 523 X2= 523  Y= 518 Y2= 519 P1= 809 P2= 398 T1=  17 T2=  18  P= 539  D=  -1 * 5
 X= 524 X2= 523  Y= 520 Y2= 518 P1= 809 P2= 398 T1=  18 T2=  18  P= 539  D=  -1 * 6
 X= 522 X2= 524  Y= 518 Y2= 520 P1= 808 P2= 399 T1=  18 T2=  17  P= 536  D=  -1 * 7
 X= 523 X2= 523  Y= 519 Y2= 519 P1= 809 P2= 398 T1=  18 T2=  19  P= 539  D=  -1 * 8
 X= 521 X2= 523  Y= 518 Y2= 518 P1= 808 P2= 398 T1=  18 T2=  17  P= 537  D=  -1 * 9
 X= 523 X2= 523  Y= 519 Y2= 518 P1= 808 P2= 399 T1=  19 T2=  16  P= 536  D=  -1 * 10
 X= 522 X2= 523  Y= 518 Y2= 519 P1= 808 P2= 399 T1=  17 T2=  18  P= 535  D=  -1 * 11
 X= 523 X2= 524  Y= 519 Y2= 518 P1= 809 P2= 398 T1=  17 T2=  19  P= 539  D=  -1 * 12
 X= 524 X2= 523  Y= 518 Y2= 519 P1= 809 P2= 398 T1=  17 T2=  19  P= 539  D=  -1 * 13
 X= 523 X2= 523  Y= 519 Y2= 519 P1= 809 P2= 399 T1=  18 T2=  18  P= 537  D=  -1 * 14
 X= 523 X2= 523  Y= 519 Y2= 519 P1= 809 P2= 399 T1=  18 T2=  18  P= 537  D=  -1 * 15
 X= 523 X2= 523  Y= 518 Y2= 519 P1= 808 P2= 398 T1=  18 T2=  17  P= 538  D=  -1 * 16
 X= 523 X2= 523  Y= 517 Y2= 519 P1= 808 P2= 399 T1=  18 T2=  18  P= 536  D=  -1 * 17
 X= 523 X2= 523  Y= 519 Y2= 519 P1= 809 P2= 399 T1=  18 T2=  18  P= 537  D=  -1 * 18
 X= 523 X2= 523  Y= 515 Y2= 519 P1= 809 P2= 399 T1=  18 T2=  18  P= 537  D=  -1 * 19
 X= 521 X2= 523  Y= 518 Y2= 518 P1= 809 P2= 399 T1=  17 T2=  18  P= 536  D=  -1 * 20
 X= 523 X2= 523  Y= 519 Y2= 520 P1= 808 P2= 399 T1=  18 T2=  18  P= 536  D=  -1 * 21
 X= 523 X2= 523  Y= 518 Y2= 518 P1= 809 P2= 399 T1=  18 T2=  18  P= 537  D=  -1 * 22
 X= 523 X2= 523  Y= 518 Y2= 519 P1= 807 P2= 399 T1=  18 T2=  18  P= 534  D=  -1 * 23
 X= 523 X2= 523  Y= 519 Y2= 518 P1= 809 P2= 399 T1=  18 T2=  18  P= 537  D=  -1 * 24
Remove Pin
 X= 524 X2= 522  Y= 518 Y2= 519 P1= 809 P2= 399 T1=  18 T2=  16  P= 537  D=  -1 * 24
 X= 523 X2= 524  Y= 518 Y2= 518 P1= 808 P2= 399 T1=  18 T2=  18  P= 536  D=  -1 * 24
 X= 522 X2= 523  Y= 519 Y2= 518 P1= 808 P2= 399 T1=  17 T2=  18  P= 535  D=  -1 * 24
 X= 523 X2= 522  Y= 519 Y2= 519 P1= 809 P2= 399 T1=  18 T2=  18  P= 536  D=  -1 * 24
 X= 524 X2= 522  Y= 518 Y2= 518 P1= 808 P2= 399 T1=  17 T2=  17  P= 536  D=  -1 * 24
 X= 523 X2= 522  Y= 520 Y2= 519 P1= 809 P2= 399 T1=  17 T2=  18  P= 536  D=  -1 * 24
 X= 523 X2= 521  Y= 520 Y2= 519 P1= 808 P2= 399 T1=  18 T2=  17  P= 535  D=  -1 * 24
 X= 523 X2= 523  Y= 519 Y2= 518 P1= 808 P2= 400 T1=  17 T2=  18  P= 533  D=  -1 * 24
 X= 522 X2= 523  Y= 518 Y2= 519 P1= 808 P2= 399 T1=  18 T2=  18  P= 535  D=  -1 * 24
 X= 523 X2= 523  Y= 519 Y2= 518 P1= 808 P2= 399 T1=  18 T2=  17  P= 536  D=  -1 * 24
 X= 523 X2= 522  Y= 518 Y2= 519 P1= 808 P2= 400 T1=  18 T2=  18  P= 532  D=  -1 * 24
 X= 523 X2= 523  Y= 519 Y2= 519 P1= 808 P2= 400 T1=  18 T2=  18  P= 533  D=  -1 * 24
 X= 523 X2= 524  Y= 518 Y2= 519 P1= 807 P2= 400 T1=  17 T2=  18  P= 531  D=  -1 * 24
 X= 523 X2= 521  Y= 519 Y2= 518 P1= 808 P2= 400 T1=  18 T2=  17  P= 532  D=  -1 * 24
 X= 524 X2= 523  Y= 519 Y2= 517 P1= 808 P2= 399 T1=  18 T2=  18  P= 536  D=  -1 * 24
 X= 524 X2= 523  Y= 519 Y2= 518 P1= 808 P2= 399 T1=  18 T2=  19  P= 536  D=  -1 * 24
 X= 523 X2= 523  Y= 518 Y2= 519 P1= 808 P2= 399 T1=  17 T2=  17  P= 536  D=  -1 * 24
 X= 523 X2= 522  Y= 518 Y2= 519 P1= 809 P2= 400 T1=  18 T2=  17  P= 533  D=  -1 * 24
 X= 523 X2= 523  Y= 518 Y2= 519 P1= 808 P2= 399 T1=  17 T2=  17  P= 536  D=  -1 * 24
 X= 523 X2= 523  Y= 518 Y2= 519 P1= 808 P2= 400 T1=  18 T2=  16  P= 533  D=  -1 * 24
 X= 523 X2= 523  Y= 519 Y2= 518 P1= 807 P2= 400 T1=  17 T2=  18  P= 531  D=  -1 * 24
 X= 523 X2= 523  Y= 518 Y2= 519 P1= 808 P2= 400 T1=  15 T2=  17  P= 533  D=  -1 * 24
 X= 522 X2= 522  Y= 518 Y2= 518 P1= 809 P2= 400 T1=  18 T2=  21  P= 533  D=  -1 * 24
 X= 523 X2= 522  Y= 518 Y2= 519 P1= 807 P2= 401 T1=  17 T2=  18  P= 528  D=  -1 * 24
 X= 523 X2= 523  Y= 518 Y2= 518 P1= 806 P2= 403 T1=  17 T2=  17  P= 523  D=  -1 * 24
 X= 929 X2=1023  Y= 964 Y2=1019 P1=1023 P2=   0 T1=1022 T2= 899  P= 523  D=  -1 
 X= 943 X2=1023  Y= 990 Y2=1021 P1=1023 P2=   0 T1=1023 T2= 923  P= 523  D=  -1 
 X= 818 X2=1023  Y= 979 Y2=1019 P1=1023 P2=   0 T1=1020 T2= 946  P= 523  D=  -1 
target state=1 point=23,22
 X= 955 X2=1023  Y= 986 Y2=1023 P1=1023 P2=   0 T1=1023 T2= 927  P= 523  D=  -1 
 X=1015 X2= 997  Y= 987 Y2=1023 P1=1023 P2=   0 T1=1023 T2= 957  P= 523  D=  -1 
 X= 995 X2=1005  Y= 980 Y2=1021 P1=1023 P2=   0 T1=1023 T2= 943  P= 523  D=  -1 
 X= 952 X2=1022  Y= 990 Y2=1020 P1=1023 P2=   0 T1=1020 T2= 918  P= 523  D=  -1 
 X= 929 X2=1021  Y= 981 Y2=1019 P1=1023 P2=   0 T1=1023 T2= 925  P= 523  D=  -1 
 X= 976 X2= 994  Y= 989 Y2=1023 P1=1023 P2=   0 T1=1023 T2= 931  P= 523  D=  -1 
 X=1022 X2=1023  Y= 995 Y2=1023 P1=1023 P2=   0 T1=1020 T2= 931  P= 523  D=  -1 
 X= 932 X2=1023  Y= 973 Y2=1023 P1=1023 P2=   0 T1=1023 T2= 930  P= 523  D=  -1 
 X= 948 X2=1015  Y= 987 Y2=1023 P1=1023 P2=   0 T1=1023 T2= 930  P= 523  D=  -1 
 X= 953 X2=1023  Y= 986 Y2=1023 P1=1023 P2=   0 T1=1023 T2= 944  P= 523  D=  -1 
 X=1022 X2=1017  Y= 982 Y2=1023 P1=1023 P2=   0 T1=1023 T2= 938  P= 523  D=  -1 
 X=1023 X2= 992  Y= 976 Y2=1023 P1=1023 P2=   0 T1=1023 T2= 913  P= 523  D=  -1 
 X= 995 X2=1016  Y= 977 Y2=1020 P1=1023 P2=   0 T1=1023 T2= 925  P= 523  D=  -1 
 X= 939 X2=1021  Y= 980 Y2=1023 P1=1023 P2=   0 T1=1020 T2= 926  P= 523  D=  -1 
 X= 947 X2=1023  Y= 981 Y2=1020 P1=1023 P2=   0 T1=1023 T2= 926  P= 523  D=  -1 
 X= 857 X2=1023  Y= 973 Y2=1023 P1=1023 P2=   0 T1=1023 T2= 932  P= 523  D=  -1 
 X= 914 X2=1023  Y= 990 Y2=1023 P1=1023 P2=   0 T1=1023 T2= 930  P= 523  D=  -1 
 X= 977 X2=1023  Y=1000 Y2=1023 P1=1023 P2=   0 T1=1023 T2= 909  P= 523  D=  -1 
 X= 929 X2=1019  Y= 980 Y2=1020 P1=1023 P2=   0 T1=1023 T2= 940  P= 523  D=  -1 
 X= 958 X2=1019  Y= 974 Y2=1023 P1=1023 P2=   0 T1=1023 T2= 936  P= 523  D=  -1 
 X= 974 X2=1014  Y= 984 Y2=1020 P1=1023 P2=   0 T1=1023 T2= 930  P= 523  D=  -1 
 X= 989 X2=1007  Y= 973 Y2=1019 P1=1023 P2=   0 T1=1023 T2= 942  P= 523  D=  -1 
 X= 945 X2=1023  Y= 985 Y2=1021 P1=1023 P2=   0 T1=1021 T2= 931  P= 523  D=  -1 
 X= 948 X2=1023  Y= 989 Y2=1020 P1=1023 P2=   0 T1=1023 T2= 925  P= 523  D=  -1 
 X= 919 X2=1022  Y= 990 Y2=1020 P1=1023 P2=   0 T1=1021 T2= 923  P= 523  D=  -1 
 X= 945 X2=1023  Y= 980 Y2=1020 P1=1023 P2=   0 T1=1020 T2= 939  P= 523  D=  -1 
 X= 842 X2=1023  Y= 982 Y2=1023 P1=1023 P2=   0 T1=1021 T2= 925  P= 523  D=  -1 
 X= 986 X2=1022  Y= 981 Y2=1022 P1=1023 P2=   0 T1=1023 T2= 886  P= 523  D=  -1 
 X= 971 X2=1023  Y= 978 Y2=1023 P1=1023 P2=   0 T1=1023 T2= 918  P= 523  D=  -1 
 X= 933 X2=1022  Y= 971 Y2=1019 P1=1023 P2=   0 T1=1023 T2= 929  P= 523  D=  -1 
 X=1022 X2=1017  Y= 983 Y2=1023 P1=1023 P2=   0 T1=1023 T2= 912  P= 523  D=  -1 
 X= 901 X2=1023  Y= 990 Y2=1020 P1=1023 P2=   0 T1=1023 T2= 916  P= 523  D=  -1 
 X= 949 X2=1023  Y= 985 Y2=1023 P1=1023 P2=   0 T1=1023 T2= 921  P= 523  D=  -1 
 X= 958 X2=1022  Y= 971 Y2=1023 P1=1023 P2=   0 T1=1023 T2= 926  P= 523  D=  -1 
 X= 940 X2=1023  Y= 987 Y2=1023 P1=1023 P2=   0 T1=1020 T2= 917  P= 523  D=  -1 
 X= 850 X2=1023  Y= 989 Y2=1019 P1=1023 P2=   0 T1=1020 T2= 917  P= 523  D=  -1 
 X=1021 X2=1004  Y= 978 Y2=1023 P1=1023 P2=   0 T1=1021 T2= 916  P= 523  D=  -1 
 X= 964 X2=1015  Y= 981 Y2=1020 P1=1023 P2=   0 T1=1021 T2= 937  P= 523  D=  -1 
 X= 969 X2=1023  Y= 989 Y2=1021 P1=1023 P2=   0 T1=1020 T2= 930  P= 523  D=  -1 
 X= 950 X2=1022  Y= 983 Y2=1020 P1=1023 P2=   0 T1=1020 T2= 922  P= 523  D=  -1 
 X= 940 X2=1023  Y= 995 Y2=1022 P1=1023 P2=   0 T1=1023 T2= 942  P= 523  D=  -1 
 X= 979 X2=1023  Y= 972 Y2=1020 P1=1023 P2=   0 T1=1022 T2= 929  P= 523  D=  -1 
 X= 960 X2=1009  Y= 973 Y2=1023 P1=1023 P2=   0 T1=1023 T2= 938  P= 523  D=  -1 
 X= 913 X2=1023  Y= 990 Y2=1023 P1=1023 P2=   0 T1=1021 T2= 931  P= 523  D=  -1 
 X= 878 X2=1023  Y= 983 Y2=1020 P1=1023 P2=   0 T1=1020 T2= 926  P= 523  D=  -1 
 X=1021 X2= 999  Y= 978 Y2=1023 P1=1023 P2=   0 T1=1021 T2= 920  P= 523  D=  -1 
 X=1011 X2=1012  Y= 986 Y2=1020 P1=1023 P2=   0 T1=1020 T2= 896  P= 523  D=  -1 
 X= 992 X2= 981  Y= 978 Y2=1021 P1=1023 P2=   0 T1=1022 T2= 929  P= 523  D=  -1 
 X=1023 X2=1016  Y= 982 Y2=1021 P1=1023 P2=   0 T1=1023 T2= 943  P= 523  D=  -1 
 X= 979 X2= 997  Y= 986 Y2=1020 P1=1023 P2=   0 T1=1021 T2= 923  P= 523  D=  -1 
 X= 918 X2=1023  Y= 980 Y2=1019 P1=1023 P2=   0 T1=1021 T2= 933  P= 523  D=  -1 
 X= 959 X2=1023  Y= 958 Y2=1020 P1=1023 P2=   0 T1=1021 T2= 918  P= 523  D=  -1 
 X= 872 X2=1018  Y= 980 Y2=1023 P1=1023 P2=   0 T1=1023 T2= 933  P= 523  D=  -1 
 X= 951 X2=1020  Y= 982 Y2=1020 P1=1023 P2=   0 T1=1021 T2= 939  P= 523  D=  -1 
 X=1023 X2=1008  Y= 982 Y2=1021 P1=1023 P2=   0 T1=1020 T2= 939  P= 523  D=  -1 
 X= 974 X2=1012  Y= 981 Y2=1020 P1=1023 P2=   0 T1=1023 T2= 945  P= 523  D=  -1 
 X= 996 X2=1008  Y= 992 Y2=1023 P1=1023 P2=   0 T1=1020 T2= 930  P= 523  D=  -1 
 X= 980 X2=1023  Y= 983 Y2=1019 P1=1023 P2=   0 T1=1020 T2= 945  P= 523  D=  -1 
 X= 968 X2=1023  Y= 978 Y2=1021 P1=1023 P2=   0 T1=1022 T2= 922  P= 523  D=  -1 
 X= 831 X2=1023  Y= 991 Y2=1020 P1=1023 P2=   0 T1=1022 T2= 928  P= 523  D=  -1 
 X= 884 X2=1023  Y= 990 Y2=1021 P1=1023 P2=   0 T1=1021 T2= 934  P= 523  D=  -1 
 X= 972 X2=1023  Y= 980 Y2=1021 P1=1023 P2=   0 T1=1023 T2= 930  P= 523  D=  -1 
 X= 859 X2=1023  Y= 982 Y2=1023 P1=1023 P2=   0 T1=1023 T2= 917  P= 523  D=  -1 
 X= 915 X2=1023  Y= 988 Y2=1023 P1=1023 P2=   0 T1=1021 T2= 929  P= 523  D=  -1 
 X=1023 X2=1011  Y= 981 Y2=1023 P1=1023 P2=   0 T1=1020 T2= 944  P= 523  D=  -1 
 X=1011 X2=1008  Y= 959 Y2=1023 P1=1023 P2=   0 T1=1023 T2= 932  P= 523  D=  -1 
 X= 920 X2=1023  Y= 982 Y2=1023 P1=1023 P2=   0 T1=1023 T2= 942  P= 523  D=  -1 
 X=1023 X2=1017  Y= 977 Y2=1023 P1=1023 P2=   0 T1=1020 T2= 932  P= 523  D=  -1 
 X= 969 X2=1023  Y= 975 Y2=1020 P1=1023 P2=   0 T1=1023 T2= 930  P= 523  D=  -1 
 X= 955 X2=1023  Y= 982 Y2=1023 P1=1023 P2=   0 T1=1023 T2= 916  P= 523  D=  -1 
 X= 888 X2=1023  Y= 972 Y2=1020 P1=1023 P2=   0 T1=1023 T2= 934  P= 523  D=  -1 
 X= 962 X2=1016  Y= 991 Y2=1023 P1=1023 P2=   0 T1=1022 T2= 925  P= 523  D=  -1 
 X= 870 X2=1018  Y= 980 Y2=1019 P1=1023 P2=   0 T1=1020 T2= 937  P= 523  D=  -1 
 X= 973 X2=1023  Y= 975 Y2=1020 P1=1023 P2=   0 T1=1023 T2= 953  P= 523  D=  -1 
 X=1023 X2=1016  Y= 972 Y2=1023 P1=1023 P2=   0 T1=1023 T2= 930  P= 523  D=  -1 
 X= 853 X2=1019  Y= 981 Y2=1020 P1=1023 P2=   0 T1=1021 T2= 937  P= 523  D=  -1 
 X= 966 X2= 997  Y= 980 Y2=1021 P1=1023 P2=   0 T1=1021 T2= 906  P= 523  D=  -1 
 X= 969 X2=1022  Y= 991 Y2=1023 P1=1023 P2=   0 T1=1023 T2= 936  P= 523  D=  -1 
 X= 843 X2=1023  Y= 987 Y2=1020 P1=1023 P2=   0 T1=1023 T2= 923  P= 523  D=  -1 
 X= 889 X2=1023  Y= 974 Y2=1020 P1=1023 P2=   0 T1=1021 T2= 928  P= 523  D=  -1 
 X= 231 X2= 228  Y= 327 Y2= 320 P1= 681 P2= 191 T1=  22 T2=  21  P= 587  D=  -1 * 0
 X= 896 X2=1017  Y= 971 Y2=1020 P1=1023 P2=   0 T1=1019 T2= 906  P= 587  D=  -1 
 X= 236 X2= 232  Y= 330 Y2= 322 P1= 707 P2= 177 T1=  25 T2=  24  P= 700  D=  -1 * 0
 X= 234 X2= 230  Y= 327 Y2= 321 P1= 692 P2= 187 T1=  22 T2=  23  P= 626  D=  -1 * 0
 X= 231 X2= 229  Y= 328 Y2= 321 P1= 691 P2= 185 T1=  22 T2=  24  P= 629  D=  -1 * 0
 X= 233 X2= 230  Y= 328 Y2= 321 P1= 691 P2= 187 T1=  23 T2=  22  P= 622  D=  -1 * 1
 X= 232 X2= 229  Y= 328 Y2= 321 P1= 691 P2= 186 T1=  23 T2=  22  P= 624  D=  -1 * 2
 X= 232 X2= 230  Y= 328 Y2= 322 P1= 690 P2= 187 T1=  22 T2=  20  P= 621  D=  -1 * 3
 X= 233 X2= 230  Y= 328 Y2= 321 P1= 691 P2= 187 T1=  23 T2=  23  P= 622  D=  -1 * 4
 X= 232 X2= 229  Y= 329 Y2= 321 P1= 689 P2= 187 T1=  22 T2=  22  P= 617  D=  -1 * 5
 X= 232 X2= 230  Y= 328 Y2= 321 P1= 689 P2= 188 T1=  22 T2=  22  P= 615  D=  -1 * 6
 X= 231 X2= 230  Y= 328 Y2= 321 P1= 689 P2= 188 T1=  22 T2=  23  P= 612  D=  -1 * 7
 X= 233 X2= 230  Y= 328 Y2= 321 P1= 688 P2= 188 T1=  23 T2=  23  P= 614  D=  -1 * 8
 X= 232 X2= 229  Y= 327 Y2= 321 P1= 688 P2= 188 T1=  21 T2=  19  P= 611  D=  -1 * 9
 X= 232 X2= 229  Y= 328 Y2= 321 P1= 687 P2= 188 T1=  22 T2=  22  P= 610  D=  -1 * 10
 X= 232 X2= 229  Y= 325 Y2= 321 P1= 687 P2= 188 T1=  22 T2=  21  P= 610  D=  -1 * 11
 X= 232 X2= 230  Y= 328 Y2= 321 P1= 688 P2= 188 T1=  21 T2=  23  P= 614  D=  -1 * 12
 X= 231 X2= 229  Y= 327 Y2= 320 P1= 688 P2= 188 T1=  24 T2=  24  P= 611  D=  -1 * 13
 X= 232 X2= 228  Y= 328 Y2= 321 P1= 688 P2= 189 T1=  22 T2=  21  P= 607  D=  -1 * 14
 X= 232 X2= 229  Y= 328 Y2= 321 P1= 687 P2= 189 T1=  23 T2=  21  P= 605  D=  -1 * 15
 X= 231 X2= 230  Y= 326 Y2= 321 P1= 687 P2= 188 T1=  22 T2=  22  P= 610  D=  -1 * 16
 X= 234 X2= 228  Y= 328 Y2= 320 P1= 687 P2= 189 T1=  22 T2=  23  P= 608  D=  -1 * 17
 X= 232 X2= 229  Y= 328 Y2= 320 P1= 687 P2= 188 T1=  21 T2=  22  P= 610  D=  -1 * 18
 X= 233 X2= 228  Y= 328 Y2= 321 P1= 687 P2= 189 T1=  22 T2=  21  P= 605  D=  -1 * 19
 X= 232 X2= 229  Y= 328 Y2= 321 P1= 686 P2= 189 T1=  21 T2=  22  P= 604  D=  -1 * 20
 X= 232 X2= 230  Y= 328 Y2= 320 P1= 687 P2= 189 T1=  22 T2=  22  P= 608  D=  -1 * 21
 X= 232 X2= 228  Y= 328 Y2= 321 P1= 687 P2= 189 T1=  22 T2=  21  P= 605  D=  -1 * 22
 X= 233 X2= 229  Y= 328 Y2= 321 P1= 687 P2= 189 T1=  21 T2=  21  P= 608  D=  -1 * 23
 X= 232 X2= 229  Y= 328 Y2= 321 P1= 687 P2= 189 T1=  21 T2=  24  P= 605  D=  -1 * 24
Remove Pin
 X= 233 X2= 229  Y= 328 Y2= 321 P1= 687 P2= 189 T1=  22 T2=  21  P= 608  D=  -1 * 24
 X= 233 X2= 230  Y= 328 Y2= 321 P1= 686 P2= 189 T1=  21 T2=  22  P= 607  D=  -1 * 24
 X= 232 X2= 229  Y= 328 Y2= 321 P1= 687 P2= 189 T1=  22 T2=  22  P= 605  D=  -1 * 24
 X= 232 X2= 229  Y= 328 Y2= 321 P1= 687 P2= 189 T1=  21 T2=  22  P= 605  D=  -1 * 24
 X= 231 X2= 229  Y= 328 Y2= 320 P1= 687 P2= 189 T1=  22 T2=  20  P= 605  D=  -1 * 24
 X= 232 X2= 230  Y= 328 Y2= 321 P1= 686 P2= 189 T1=  22 T2=  22  P= 607  D=  -1 * 24
 X= 232 X2= 229  Y= 327 Y2= 322 P1= 687 P2= 189 T1=  21 T2=  22  P= 605  D=  -1 * 24
 X= 230 X2= 229  Y= 328 Y2= 321 P1= 687 P2= 189 T1=  22 T2=  26  P= 603  D=  -1 * 24
 X= 232 X2= 229  Y= 328 Y2= 320 P1= 686 P2= 189 T1=  22 T2=  21  P= 604  D=  -1 * 24
 X= 232 X2= 229  Y= 327 Y2= 321 P1= 685 P2= 189 T1=  21 T2=  22  P= 603  D=  -1 * 24
 X= 232 X2= 230  Y= 328 Y2= 321 P1= 686 P2= 189 T1=  21 T2=  22  P= 607  D=  -1 * 24
 X= 232 X2= 229  Y= 328 Y2= 320 P1= 686 P2= 189 T1=  22 T2=  22  P= 604  D=  -1 * 24
 X= 232 X2= 230  Y= 328 Y2= 321 P1= 686 P2= 189 T1=  22 T2=  20  P= 607  D=  -1 * 24
 X= 232 X2= 230  Y= 328 Y2= 321 P1= 687 P2= 189 T1=  21 T2=  21  P= 608  D=  -1 * 24
 X= 231 X2= 229  Y= 329 Y2= 321 P1= 686 P2= 189 T1=  22 T2=  22  P= 604  D=  -1 * 24
 X= 242 X2= 229  Y= 328 Y2= 321 P1= 686 P2= 189 T1=  21 T2=  23  P= 617  D=  -1 * 24
 X= 231 X2= 229  Y= 327 Y2= 321 P1= 686 P2= 189 T1=  22 T2=  22  P= 604  D=  -1 * 24
 X= 230 X2= 229  Y= 328 Y2= 321 P1= 686 P2= 190 T1=  22 T2=  23  P= 597  D=  -1 * 24
 X= 232 X2= 230  Y= 329 Y2= 321 P1= 687 P2= 189 T1=  21 T2=  21  P= 608  D=  -1 * 24
 X= 232 X2= 229  Y= 328 Y2= 320 P1= 686 P2= 189 T1=  22 T2=  22  P= 604  D=  -1 * 24
 X= 232 X2= 229  Y= 328 Y2= 321 P1= 686 P2= 190 T1=  22 T2=  22  P= 600  D=  -1 * 24
 X= 232 X2= 230  Y= 328 Y2= 321 P1= 686 P2= 189 T1=  22 T2=  21  P= 607  D=  -1 * 24
 X= 930 X2=1023  Y= 973 Y2=1023 P1=1023 P2=   0 T1=1023 T2= 931  P= 607  D=  -1 
 X= 895 X2=1023  Y= 978 Y2=1019 P1=1023 P2=   0 T1=1020 T2= 930  P= 607  D=  -1 
 X= 867 X2=1023  Y= 977 Y2=1023 P1=1023 P2=   0 T1=1021 T2= 943  P= 607  D=  -1 
target state=2 point=456,22
 X= 981 X2=1023  Y= 958 Y2=1023 P1=1023 P2=   0 T1=1021 T2= 914  P= 607  D=  -1 
 X= 867 X2=1019  Y= 976 Y2=1023 P1=1023 P2=   0 T1=1020 T2= 921  P= 607  D=  -1 
 X= 961 X2=1022  Y= 993 Y2=1021 P1=1023 P2=   0 T1=1021 T2= 939  P= 607  D=  -1 
 X=1023 X2=1008  Y= 979 Y2=1018 P1=1023 P2=   0 T1=1023 T2= 949  P= 607  D=  -1 
 X= 901 X2=1023  Y= 980 Y2=1023 P1=1023 P2=   0 T1=1022 T2= 930  P= 607  D=  -1 
 X= 950 X2= 984  Y= 991 Y2=1023 P1=1023 P2=   0 T1=1021 T2= 930  P= 607  D=  -1 
 X= 942 X2=1023  Y= 986 Y2=1023 P1=1023 P2=   0 T1=1020 T2= 930  P= 607  D=  -1 
 X= 906 X2=1018  Y= 960 Y2=1020 P1=1023 P2=   0 T1=1023 T2= 866  P= 607  D=  -1 
 X=1023 X2=1010  Y= 991 Y2=1022 P1=1023 P2=   0 T1=1019 T2= 925  P= 607  D=  -1 
 X= 943 X2=1017  Y= 981 Y2=1023 P1=1023 P2=   0 T1=1020 T2= 926  P= 607  D=  -1 
 X= 875 X2=1020  Y= 996 Y2=1023 P1=1023 P2=   0 T1=1020 T2= 936  P= 607  D=  -1 
 X= 965 X2=1023  Y= 984 Y2=1023 P1=1023 P2=   0 T1=1021 T2= 919  P= 607  D=  -1 
 X=1019 X2= 997  Y= 987 Y2=1023 P1=1023 P2=   0 T1=1023 T2= 932  P= 607  D=  -1 
 X=1023 X2=1023  Y= 973 Y2=1023 P1=1023 P2=   0 T1=1023 T2= 974  P= 607  D=  -1 
 X= 904 X2=1023  Y= 985 Y2=1019 P1=1023 P2=   0 T1=1023 T2= 863  P= 607  D=  -1 
 X= 932 X2=1023  Y= 981 Y2=1023 P1=1023 P2=   0 T1=1023 T2= 928  P= 607  D=  -1 
 X= 884 X2=1016  Y= 979 Y2=1020 P1=1023 P2=   0 T1=1023 T2= 946  P= 607  D=  -1 
 X= 947 X2=1019  Y= 986 Y2=1023 P1=1023 P2=   0 T1=1023 T2= 941  P= 607  D=  -1 
 X=1023 X2= 998  Y= 981 Y2=1021 P1=1023 P2=   0 T1=1021 T2= 927  P= 607  D=  -1 
 X= 895 X2=1018  Y= 987 Y2=1019 P1=1023 P2=   0 T1=1023 T2= 931  P= 607  D=  -1 
 X= 966 X2=1022  Y= 981 Y2=1020 P1=1023 P2=   0 T1=1023 T2= 922  P= 607  D=  -1 
 X= 977 X2=1023  Y= 987 Y2=1023 P1=1023 P2=   0 T1=1023 T2= 923  P= 607  D=  -1 
 X=1023 X2=1007  Y= 982 Y2=1023 P1=1023 P2=   0 T1=1021 T2= 932  P= 607  D=  -1 
 X= 837 X2=1023  Y= 968 Y2=1020 P1=1023 P2=   0 T1=1021 T2= 926  P= 607  D=  -1 
 X= 943 X2=1023  Y= 987 Y2=1023 P1=1023 P2=   0 T1=1023 T2= 927  P= 607  D=  -1 
 X= 900 X2=1014  Y= 981 Y2=1023 P1=1023 P2=   0 T1=1021 T2= 941  P= 607  D=  -1 
 X= 941 X2=1023  Y= 986 Y2=1020 P1=1023 P2=   0 T1=1020 T2= 929  P= 607  D=  -1 
 X= 951 X2=1023  Y= 990 Y2=1023 P1=1023 P2=   0 T1=1023 T2= 915  P= 607  D=  -1 
 X= 891 X2=1017  Y= 982 Y2=1023 P1=1023 P2=   0 T1=1023 T2= 931  P= 607  D=  -1 
 X= 942 X2=1019  Y= 991 Y2=1020 P1=1023 P2=   0 T1=1023 T2= 932  P= 607  D=  -1 
 X= 970 X2=1023  Y= 985 Y2=1020 P1=1023 P2=   0 T1=1023 T2= 922  P= 607  D=  -1 
 X= 939 X2=1022  Y= 986 Y2=1023 P1=1023 P2=   0 T1=1023 T2= 924  P= 607  D=  -1 
 X= 942 X2=1019  Y= 959 Y2=1023 P1=1023 P2=   0 T1=1023 T2= 937  P= 607  D=  -1 
 X=1023 X2=1022  Y= 980 Y2=1023 P1=1023 P2=   0 T1=1023 T2= 923  P= 607  D=  -1 
 X= 987 X2=1009  Y= 979 Y2=1023 P1=1023 P2=   0 T1=1020 T2= 920  P= 607  D=  -1 
 X= 941 X2=1019  Y= 971 Y2=1023 P1=1023 P2=   0 T1=1023 T2= 936  P= 607  D=  -1 
 X= 954 X2=1023  Y= 980 Y2=1023 P1=1023 P2=   0 T1=1023 T2= 927  P= 607  D=  -1 
 X= 978 X2= 992  Y= 985 Y2=1023 P1=1023 P2=   0 T1=1021 T2= 946  P= 607  D=  -1 
 X=1007 X2=1006  Y= 981 Y2=1020 P1=1023 P2=   0 T1=1023 T2= 937  P= 607  D=  -1 
 X= 933 X2=1023  Y= 981 Y2=1023 P1=1023 P2=   0 T1=1023 T2= 932  P= 607  D=  -1 
 X=1023 X2=1011  Y= 981 Y2=1020 P1=1023 P2=   0 T1=1020 T2= 949  P= 607  D=  -1 
 X= 849 X2=1023  Y= 987 Y2=1023 P1=1023 P2=   0 T1=1020 T2= 935  P= 607  D=  -1 
 X= 869 X2=1023  Y= 992 Y2=1023 P1=1023 P2=   0 T1=1023 T2= 920  P= 607  D=  -1 
 X= 817 X2=1023  Y= 971 Y2=1020 P1=1023 P2=   0 T1=1023 T2= 930  P= 607  D=  -1 
 X=1000 X2=1007  Y= 986 Y2=1021 P1=1023 P2=   0 T1=1023 T2= 919  P= 607  D=  -1 
 X= 872 X2=1020  Y= 972 Y2=1021 P1=1023 P2=   0 T1=1020 T2= 921  P= 607  D=  -1 
 X= 968 X2= 994  Y= 987 Y2=1023 P1=1023 P2=   0 T1=1023 T2= 918  P= 607  D=  -1 
 X=1023 X2=1015  Y= 985 Y2=1020 P1=1023 P2=   0 T1=1023 T2= 905  P= 607  D=  -1 
 X= 841 X2=1021  Y= 982 Y2=1021 P1=1023 P2=   0 T1=1021 T2= 935  P= 607  D=  -1 
 X= 899 X2=1023  Y= 980 Y2=1023 P1=1023 P2=   0 T1=1023 T2= 933  P= 607  D=  -1 
 X= 967 X2=1022  Y= 977 Y2=1023 P1=1023 P2=   0 T1=1023 T2= 940  P= 607  D=  -1 
 X= 957 X2=1019  Y= 982 Y2=1020 P1=1023 P2=   0 T1=1020 T2= 944  P= 607  D=  -1 
 X= 874 X2=1023  Y= 982 Y2=1021 P1=1023 P2=   0 T1=1021 T2= 930  P= 607  D=  -1 
 X=1018 X2= 990  Y= 973 Y2=1021 P1=1023 P2=   0 T1=1021 T2= 934  P= 607  D=  -1 
 X= 973 X2=1023  Y= 986 Y2=1020 P1=1023 P2=   0 T1=1023 T2= 952  P= 607  D=  -1 
 X= 963 X2=1023  Y= 980 Y2=1023 P1=1023 P2=   0 T1=1023 T2= 936  P= 607  D=  -1 
 X= 877 X2=1017  Y=1018 Y2=1019 P1=1023 P2=   0 T1=1023 T2=1019  P= 607  D=  -1 
 X= 891 X2=1023  Y= 990 Y2=1020 P1=1023 P2=   0 T1=1021 T2= 918  P= 607  D=  -1 
 X= 904 X2=1022  Y= 978 Y2=1023 P1=1023 P2=   0 T1=1020 T2= 963  P= 607  D=  -1 
 X= 976 X2=1022  Y= 977 Y2=1020 P1=1023 P2=   0 T1=1023 T2= 922  P= 607  D=  -1 
 X= 940 X2=1019  Y= 990 Y2=1020 P1=1023 P2=   0 T1=1023 T2= 926  P= 607  D=  -1 
 X= 824 X2=1023  Y= 988 Y2=1020 P1=1023 P2=   0 T1=1023 T2= 934  P= 607  D=  -1 
 X=1023 X2=1006  Y= 977 Y2=1023 P1=1023 P2=   0 T1=1023 T2= 926  P= 607  D=  -1 
 X= 981 X2=1020  Y= 987 Y2=1023 P1=1023 P2=   0 T1=1023 T2= 928  P= 607  D=  -1 
 X= 943 X2=1019  Y= 987 Y2=1023 P1=1023 P2=   0 T1=1023 T2= 941  P= 607  D=  -1 
 X= 959 X2=1023  Y= 990 Y2=1023 P1=1023 P2=   0 T1=1021 T2= 920  P= 607  D=  -1 
 X=1023 X2=1003  Y= 985 Y2=1023 P1=1023 P2=   0 T1=1021 T2= 915  P= 607  D=  -1 
 X= 824 X2=1023  Y= 979 Y2=1023 P1=1023 P2=   0 T1=1022 T2= 935  P= 607  D=  -1 
 X= 948 X2=1022  Y= 978 Y2=1023 P1=1023 P2=   0 T1=1023 T2= 949  P= 607  D=  -1 
 X= 977 X2=1015  Y= 973 Y2=1021 P1=1023 P2=   0 T1=1023 T2= 949  P= 607  D=  -1 
 X= 880 X2=1020  Y= 979 Y2=1023 P1=1023 P2=   0 T1=1023 T2= 938  P= 607  D=  -1 
 X= 809 X2= 808  Y= 322 Y2= 329 P1= 796 P2= 487 T1=  13 T2=  13  P= 512  D=  -1 * 0
 X=1023 X2=1010  Y= 966 Y2=1023 P1=1023 P2=   0 T1=1023 T2= 926  P= 512  D=  -1 
 X= 810 X2= 808  Y= 325 Y2= 333 P1= 826 P2= 295 T1=  14 T2= 912  P= 512  D=  -1 * 0
 X= 810 X2= 810  Y= 324 Y2= 332 P1= 805 P2= 467 T1=  15 T2=  15  P= 585  D=  -1 * 0
 X= 811 X2= 808  Y= 325 Y2= 332 P1= 803 P2= 473 T1=  16 T2=  16  P= 563  D=  -1 * 0
 X= 811 X2= 810  Y= 324 Y2= 331 P1= 802 P2= 475 T1=  14 T2=  13  P= 557  D=  -1 * 1
 X= 810 X2= 809  Y= 324 Y2= 329 P1= 801 P2= 476 T1=  14 T2=  14  P= 551  D=  -1 * 2
 X= 810 X2= 809  Y= 324 Y2= 331 P1= 802 P2= 476 T1=  14 T2=  14  P= 553  D=  -1 * 3
 X= 809 X2= 811  Y= 324 Y2= 330 P1= 801 P2= 477 T1=  14 T2=  14  P= 549  D=  -1 * 4
 X= 810 X2= 808  Y= 324 Y2= 330 P1= 801 P2= 478 T1=  14 T2=  14  P= 546  D=  -1 * 5
 X= 811 X2= 809  Y= 324 Y2= 332 P1= 801 P2= 478 T1=  14 T2=  13  P= 546  D=  -1 * 6
 X= 811 X2= 809  Y= 324 Y2= 331 P1= 800 P2= 478 T1=  13 T2=  17  P= 545  D=  -1 * 7
 X= 811 X2= 810  Y= 323 Y2= 331 P1= 800 P2= 478 T1=  14 T2=  14  P= 545  D=  -1 * 8
 X= 811 X2= 809  Y= 324 Y2= 330 P1= 800 P2= 478 T1=  14 T2=  15  P= 545  D=  -1 * 9
 X= 811 X2= 808  Y= 324 Y2= 331 P1= 800 P2= 479 T1=  14 T2=  14  P= 542  D=  -1 * 10
 X= 810 X2= 810  Y= 323 Y2= 331 P1= 800 P2= 479 T1=  14 T2=  14  P= 542  D=  -1 * 11
 X= 809 X2= 809  Y= 324 Y2= 330 P1= 799 P2= 479 T1=  14 T2=  15  P= 540  D=  -1 * 12
 X= 810 X2= 809  Y= 324 Y2= 331 P1= 800 P2= 479 T1=  14 T2=  13  P= 542  D=  -1 * 13
 X= 810 X2= 809  Y= 324 Y2= 331 P1= 800 P2= 479 T1=  12 T2=  14  P= 542  D=  -1 * 14
 X= 810 X2= 808  Y= 324 Y2= 330 P1= 800 P2= 479 T1=  12 T2=  13  P= 542  D=  -1 * 15
 X= 810 X2= 808  Y= 324 Y2= 331 P1= 799 P2= 480 T1=  13 T2=  14  P= 537  D=  -1 * 16
 X= 810 X2= 809  Y= 324 Y2= 331 P1= 800 P2= 479 T1=  13 T2=  14  P= 542  D=  -1 * 17
 X= 810 X2= 808  Y= 324 Y2= 331 P1= 800 P2= 479 T1=  14 T2=  14  P= 542  D=  -1 * 18
 X= 810 X2= 809  Y= 324 Y2= 331 P1= 799 P2= 479 T1=  14 T2=  14  P= 540  D=  -1 * 19
 X= 810 X2= 809  Y= 323 Y2= 332 P1= 800 P2= 479 T1=  16 T2=  14  P= 542  D=  -1 * 20
 X= 810 X2= 809  Y= 324 Y2= 330 P1= 800 P2= 479 T1=  13 T2=  14  P= 542  D=  -1 * 21
 X= 810 X2= 809  Y= 325 Y2= 331 P1= 800 P2= 479 T1=  14 T2=  14  P= 542  D=  -1 * 22
 X= 811 X2= 808  Y= 324 Y2= 330 P1= 800 P2= 479 T1=  14 T2=  14  P= 542  D=  -1 * 23
 X= 810 X2= 810  Y= 324 Y2= 331 P1= 799 P2= 479 T1=  14 T2=  14  P= 541  D=  -1 * 24
Remove Pin
 X= 810 X2= 809  Y= 323 Y2= 330 P1= 800 P2= 479 T1=  14 T2=  13  P= 542  D=  -1 * 24
 X= 810 X2= 809  Y= 324 Y2= 331 P1= 800 P2= 479 T1=  14 T2=  14  P= 542  D=  -1 * 24
 X= 811 X2= 809  Y= 324 Y2= 330 P1= 800 P2= 479 T1=  13 T2=  13  P= 542  D=  -1 * 24
 X= 811 X2= 809  Y= 324 Y2= 331 P1= 800 P2= 479 T1=  14 T2=  14  P= 542  D=  -1 * 24
 X= 809 X2= 809  Y= 324 Y2= 331 P1= 800 P2= 479 T1=  14 T2=  15  P= 542  D=  -1 * 24
 X= 810 X2= 809  Y= 323 Y2= 331 P1= 800 P2= 478 T1=  14 T2=  14  P= 544  D=  -1 * 24
 X= 810 X2= 809  Y= 324 Y2= 331 P1= 800 P2= 479 T1=  13 T2=  13  P= 542  D=  -1 * 24
 X= 810 X2= 809  Y= 324 Y2= 331 P1= 798 P2= 479 T1=  15 T2=  13  P= 537  D=  -1 * 24
 X= 809 X2= 808  Y= 324 Y2= 331 P1= 800 P2= 479 T1=  13 T2=  14  P= 541  D=  -1 * 24
 X= 810 X2= 809  Y= 324 Y2= 331 P1= 800 P2= 479 T1=  14 T2=  13  P= 542  D=  -1 * 24
 X= 811 X2= 809  Y= 324 Y2= 331 P1= 800 P2= 479 T1=  15 T2=  14  P= 542  D=  -1 * 24
 X= 810 X2= 810  Y= 323 Y2= 331 P1= 800 P2= 479 T1=  13 T2=  15  P= 542  D=  -1 * 24
 X= 810 X2= 809  Y= 324 Y2= 331 P1= 800 P2= 479 T1=  14 T2=  11  P= 542  D=  -1 * 24
 X= 810 X2= 809  Y= 323 Y2= 330 P1= 800 P2= 478 T1=  14 T2=  14  P= 544  D=  -1 * 24
 X= 810 X2= 809  Y= 324 Y2= 330 P1= 800 P2= 479 T1=  14 T2=  14  P= 542  D=  -1 * 24
 X= 810 X2= 809  Y= 325 Y2= 331 P1= 800 P2= 479 T1=  15 T2=  14  P= 542  D=  -1 * 24
 X= 811 X2= 808  Y= 324 Y2= 331 P1= 799 P2= 480 T1=  14 T2=  14  P= 537  D=  -1 * 24
 X= 810 X2= 809  Y= 323 Y2= 331 P1= 800 P2= 479 T1=  14 T2=  14  P= 542  D=  -1 * 24
 X= 810 X2= 809  Y= 324 Y2= 331 P1= 800 P2= 479 T1=  13 T2=  13  P= 542  D=  -1 * 24
 X= 810 X2= 809  Y= 323 Y2= 332 P1= 800 P2= 479 T1=  12 T2=  13  P= 542  D=  -1 * 24
 X= 810 X2= 808  Y= 322 Y2= 331 P1= 800 P2= 479 T1=  14 T2=  14  P= 542  D=  -1 * 24
 X= 812 X2= 813  Y= 335 Y2= 341 P1= 840 P2= 394 T1=  20 T2=  24  P= 542  D=  -1 * 24
 X= 958 X2=1022  Y= 983 Y2=1020 P1=1023 P2=   0 T1=1021 T2= 923  P= 542  D=  -1 
 X= 897 X2=1022  Y= 983 Y2=1023 P1=1023 P2=   0 T1=1023 T2= 927  P= 542  D=  -1 
 X= 803 X2=1023  Y= 980 Y2=1023 P1=1023 P2=   0 T1=1022 T2= 877  P= 542  D=  -1 
target state=3 point=456,249
 X= 935 X2=1015  Y= 975 Y2=1023 P1=1023 P2=   0 T1=1019 T2= 937  P= 542  D=  -1 
 X= 981 X2=1015  Y= 971 Y2=1020 P1=1023 P2=   0 T1=1023 T2= 922  P= 542  D=  -1 
 X= 973 X2=1015  Y= 977 Y2=1023 P1=1023 P2=   0 T1=1019 T2= 921  P= 542  D=  -1 
 X= 939 X2=1023  Y= 987 Y2=1023 P1=1023 P2=   0 T1=1023 T2= 934  P= 542  D=  -1 
 X=1004 X2=1015  Y= 990 Y2=1020 P1=1023 P2=   0 T1=1021 T2= 930  P= 542  D=  -1 
 X= 847 X2=1023  Y= 987 Y2=1023 P1=1023 P2=   0 T1=1020 T2= 884  P= 542  D=  -1 
 X= 944 X2=1022  Y= 983 Y2=1023 P1=1023 P2=   0 T1=1023 T2= 863  P= 542  D=  -1 
 X= 987 X2=1003  Y= 973 Y2=1023 P1=1023 P2=   0 T1=1021 T2= 913  P= 542  D=  -1 
 X= 818 X2=1023  Y= 964 Y2=1023 P1=1023 P2=   0 T1=1019 T2= 966  P= 542  D=  -1 
 X= 967 X2=1022  Y= 976 Y2=1022 P1=1023 P2=   0 T1=1021 T2= 934  P= 542  D=  -1 
 X=1023 X2=1008  Y= 967 Y2=1023 P1=1023 P2=   0 T1=1020 T2= 940  P= 542  D=  -1 
 X=1002 X2=1011  Y= 983 Y2=1021 P1=1023 P2=   0 T1=1020 T2= 925  P= 542  D=  -1 
 X= 927 X2=1023  Y= 977 Y2=1020 P1=1023 P2=   0 T1=1023 T2= 937  P= 542  D=  -1 
 X=1023 X2=1011  Y= 981 Y2=1021 P1=1023 P2=   0 T1=1021 T2= 935  P= 542  D=  -1 
 X= 940 X2=1023  Y= 981 Y2=1023 P1=1023 P2=   0 T1=1020 T2= 931  P= 542  D=  -1 
 X= 910 X2=1023  Y= 978 Y2=1023 P1=1023 P2=   0 T1=1023 T2= 933  P= 542  D=  -1 
 X= 967 X2=1008  Y= 981 Y2=1020 P1=1023 P2=   0 T1=1023 T2= 930  P= 542  D=  -1 
 X= 873 X2=1019  Y= 980 Y2=1023 P1=1023 P2=   0 T1=1020 T2= 929  P= 542  D=  -1 
 X= 904 X2=1019  Y= 975 Y2=1023 P1=1023 P2=   0 T1=1020 T2= 945  P= 542  D=  -1 
 X= 961 X2= 982  Y= 977 Y2=1021 P1=1023 P2=   0 T1=1021 T2= 913  P= 542  D=  -1 
 X=1007 X2=1017  Y= 970 Y2=1021 P1=1023 P2=   0 T1=1023 T2= 944  P= 542  D=  -1 
 X= 898 X2=1023  Y= 988 Y2=1023 P1=1023 P2=   0 T1=1020 T2= 926  P= 542  D=  -1 
 X= 937 X2=1023  Y= 982 Y2=1019 P1=1023 P2=   0 T1=1020 T2= 911  P= 542  D=  -1 
 X= 923 X2=1018  Y= 979 Y2=1023 P1=1023 P2=   0 T1=1023 T2= 932  P= 542  D=  -1 
 X= 836 X2=1023  Y= 983 Y2=1018 P1=1023 P2=   0 T1=1020 T2= 939  P= 542  D=  -1 
 X= 895 X2=1023  Y= 990 Y2=1023 P1=1023 P2=   0 T1=1023 T2= 911  P= 542  D=  -1 
 X=1021 X2=1016  Y= 982 Y2=1020 P1=1023 P2=   0 T1=1023 T2= 926  P= 542  D=  -1 
 X= 844 X2=1023  Y= 973 Y2=1023 P1=1023 P2=   0 T1=1023 T2= 924  P= 542  D=  -1 
 X= 934 X2=1022  Y= 974 Y2=1021 P1=1023 P2=   0 T1=1023 T2= 935  P= 542  D=  -1 
 X=1023 X2=1005  Y= 985 Y2=1022 P1=1023 P2=   0 T1=1023 T2= 925  P= 542  D=  -1 
 X= 925 X2=1023  Y= 986 Y2=1023 P1=1023 P2=   0 T1=1022 T2= 915  P= 542  D=  -1 
 X= 944 X2=1023  Y= 980 Y2=1023 P1=1023 P2=   0 T1=1021 T2= 928  P= 542  D=  -1 
 X=1004 X2=1023  Y=1020 Y2=1020 P1=1023 P2=   0 T1=1023 T2=1022  P= 542  D=  -1 
 X= 995 X2=1017  Y= 974 Y2=1020 P1=1023 P2=   0 T1=1019 T2= 915  P= 542  D=  -1 
 X= 911 X2=1023  Y= 988 Y2=1023 P1=1023 P2=   0 T1=1023 T2= 863  P= 542  D=  -1 
 X= 998 X2= 999  Y= 977 Y2=1020 P1=1023 P2=   0 T1=1023 T2= 921  P= 542  D=  -1 
 X= 975 X2=1009  Y= 987 Y2=1023 P1=1023 P2=   0 T1=1023 T2= 922  P= 542  D=  -1 
 X= 932 X2=1022  Y= 986 Y2=1023 P1=1023 P2=   0 T1=1020 T2= 933  P= 542  D=  -1 
 X= 967 X2=1022  Y= 986 Y2=1020 P1=1023 P2=   0 T1=1023 T2= 935  P= 542  D=  -1 
 X= 958 X2=1004  Y= 989 Y2=1023 P1=1023 P2=   0 T1=1023 T2= 928  P= 542  D=  -1 
 X= 962 X2=1023  Y= 975 Y2=1023 P1=1023 P2=   0 T1=1022 T2= 865  P= 542  D=  -1 
 X= 973 X2=1005  Y= 980 Y2=1023 P1=1023 P2=   0 T1=1023 T2= 927  P= 542  D=  -1 
 X= 938 X2=1016  Y= 977 Y2=1023 P1=1023 P2=   0 T1=1023 T2= 918  P= 542  D=  -1 
 X= 918 X2=1021  Y= 975 Y2=1020 P1=1023 P2=   0 T1=1020 T2= 916  P= 542  D=  -1 
 X=1023 X2= 997  Y= 950 Y2=1020 P1=1023 P2=   0 T1=1023 T2= 929  P= 542  D=  -1 
 X=1023 X2=1008  Y= 980 Y2=1021 P1=1023 P2=   0 T1=1020 T2= 943  P= 542  D=  -1 
 X= 998 X2= 996  Y= 982 Y2=1020 P1=1023 P2=   0 T1=1023 T2= 937  P= 542  D=  -1 
 X= 952 X2=1023  Y= 979 Y2=1019 P1=1023 P2=   0 T1=1019 T2= 935  P= 542  D=  -1 
 X=1023 X2=1017  Y= 981 Y2=1023 P1=1023 P2=   0 T1=1023 T2= 918  P= 542  D=  -1 
 X= 773 X2=1023  Y= 977 Y2=1023 P1=1023 P2=   0 T1=1023 T2= 939  P= 542  D=  -1 
 X=1023 X2=1020  Y= 994 Y2=1023 P1=1023 P2=   0 T1=1019 T2= 946  P= 542  D=  -1 
 X= 932 X2=1023  Y= 998 Y2=1023 P1=1023 P2=   0 T1=1021 T2= 949  P= 542  D=  -1 
 X= 808 X2= 967  Y= 970 Y2=1023 P1=1023 P2=   0 T1=  12 T2= 918  P= 542  D=  -1 * 0
 X= 838 X2=1023  Y= 971 Y2=1023 P1=1023 P2=   0 T1=1021 T2= 924  P= 542  D=  -1 
 X=1023 X2=1014  Y= 987 Y2=1020 P1=1023 P2=   0 T1=1023 T2= 936  P= 542  D=  -1 
 X= 807 X2= 809  Y= 778 Y2=1020 P1=1023 P2=   0 T1=  13 T2= 914  P= 542  D=  -1 * 0
 X= 909 X2=1021  Y= 982 Y2=1019 P1=1023 P2=   0 T1=1021 T2= 937  P= 542  D=  -1 
 X= 930 X2=1023  Y= 982 Y2=1019 P1=1023 P2=   0 T1=1020 T2= 927  P= 542  D=  -1 
 X= 808 X2= 808  Y= 708 Y2= 713 P1= 910 P2= 534 T1=  14 T2=  14  P= 568  D=  -1 * 0
 X= 809 X2= 809  Y= 708 Y2= 713 P1= 909 P2= 539 T1=  14 T2=  15  P= 554  D=  -1 * 0
 X= 805 X2= 809  Y= 708 Y2= 712 P1= 910 P2= 542 T1=  14 T2=  14  P= 547  D=  -1 * 1
 X= 808 X2= 808  Y= 708 Y2= 713 P1= 908 P2= 542 T1=  12 T2=  14  P= 545  D=  -1 * 2
 X= 807 X2= 809  Y= 709 Y2= 713 P1= 909 P2= 542 T1=  14 T2=  15  P= 547  D=  -1 * 3
 X= 809 X2= 809  Y= 709 Y2= 712 P1= 908 P2= 544 T1=  14 T2=  12  P= 541  D=  -1 * 4
 X= 807 X2= 808  Y= 708 Y2= 713 P1= 907 P2= 544 T1=  14 T2=  14  P= 538  D=  -1 * 5
 X= 807 X2= 808  Y= 707 Y2= 712 P1= 908 P2= 543 T1=  14 T2=  14  P= 542  D=  -1 * 6
 X= 806 X2= 807  Y= 708 Y2= 713 P1= 908 P2= 544 T1=  14 T2=  14  P= 539  D=  -1 * 7
 X= 807 X2= 810  Y= 708 Y2= 712 P1= 908 P2= 544 T1=  14 T2=  15  P= 540  D=  -1 * 8
 X= 806 X2= 808  Y= 708 Y2= 712 P1= 909 P2= 544 T1=  14 T2=  14  P= 540  D=  -1 * 9
 X= 808 X2= 808  Y= 709 Y2= 713 P1= 909 P2= 544 T1=  14 T2=  14  P= 541  D=  -1 * 10
 X= 807 X2= 808  Y= 709 Y2= 713 P1= 908 P2= 544 T1=  14 T2=  14  P= 539  D=  -1 * 11
 X= 807 X2= 809  Y= 708 Y2= 711 P1= 908 P2= 543 T1=  14 T2=  14  P= 542  D=  -1 * 12
 X= 807 X2= 808  Y= 708 Y2= 712 P1= 908 P2= 543 T1=  14 T2=  15  P= 542  D=  -1 * 13
 X= 807 X2= 808  Y= 708 Y2= 712 P1= 907 P2= 545 T1=  14 T2=  14  P= 535  D=  -1 * 14
 X= 807 X2= 808  Y= 709 Y2= 713 P1= 908 P2= 544 T1=  14 T2=  14  P= 539  D=  -1 * 15
 X= 808 X2= 808  Y= 708 Y2= 712 P1= 907 P2= 544 T1=  14 T2=  14  P= 538  D=  -1 * 16
 X= 812 X2= 808  Y= 708 Y2= 711 P1= 908 P2= 544 T1=  14 T2=  13  P= 541  D=  -1 * 17
 X= 807 X2= 809  Y= 708 Y2= 712 P1= 908 P2= 544 T1=  14 T2=  15  P= 540  D=  -1 * 18
 X= 807 X2= 808  Y= 710 Y2= 712 P1= 908 P2= 544 T1=  14 T2=  14  P= 539  D=  -1 * 19
 X= 807 X2= 808  Y= 707 Y2= 712 P1= 908 P2= 545 T1=  14 T2=  13  P= 537  D=  -1 * 20
 X= 807 X2= 808  Y= 708 Y2= 713 P1= 908 P2= 544 T1=  14 T2=  15  P= 539  D=  -1 * 21
 X= 807 X2= 808  Y= 708 Y2= 712 P1= 908 P2= 544 T1=  14 T2=  13  P= 539  D=  -1 * 22
 X= 806 X2= 808  Y= 708 Y2= 712 P1= 908 P2= 544 T1=  14 T2=  13  P= 539  D=  -1 * 23
 X= 808 X2= 812  Y= 708 Y2= 713 P1= 908 P2= 545 T1=  14 T2=  13  P= 539  D=  -1 * 24
Remove Pin
 X= 808 X2= 808  Y= 708 Y2= 713 P1= 908 P2= 544 T1=  14 T2=  14  P= 540  D=  -1 * 24
 X= 808 X2= 807  Y= 708 Y2= 713 P1= 908 P2= 545 T1=  12 T2=  14  P= 537  D=  -1 * 24
 X= 807 X2= 809  Y= 708 Y2= 713 P1= 908 P2= 545 T1=  13 T2=  15  P= 538  D=  -1 * 24
 X= 807 X2= 809  Y= 708 Y2= 712 P1= 908 P2= 544 T1=  14 T2=  14  P= 540  D=  -1 * 24
 X= 804 X2= 808  Y= 708 Y2= 713 P1= 908 P2= 545 T1=  14 T2=  14  P= 536  D=  -1 * 24
 X= 807 X2= 809  Y= 708 Y2= 712 P1= 908 P2= 545 T1=  14 T2=  14  P= 538  D=  -1 * 24
 X= 807 X2= 808  Y= 708 Y2= 712 P1= 907 P2= 545 T1=  14 T2=  14  P= 535  D=  -1 * 24
 X= 807 X2= 808  Y= 708 Y2= 712 P1= 908 P2= 545 T1=  14 T2=  13  P= 537  D=  -1 * 24
 X= 807 X2= 808  Y= 708 Y2= 713 P1= 906 P2= 545 T1=  15 T2=  15  P= 534  D=  -1 * 24
 X= 807 X2= 811  Y= 708 Y2= 712 P1= 909 P2= 545 T1=  14 T2=  14  P= 539  D=  -1 * 24
 X= 806 X2= 808  Y= 707 Y2= 712 P1= 908 P2= 545 T1=  14 T2=  14  P= 537  D=  -1 * 24
 X= 808 X2= 812  Y= 708 Y2= 712 P1= 908 P2= 546 T1=  14 T2=  14  P= 537  D=  -1 * 24
 X= 807 X2= 808  Y= 708 Y2= 712 P1= 908 P2= 545 T1=  14 T2=  14  P= 537  D=  -1 * 24
 X= 807 X2= 808  Y= 708 Y2= 712 P1= 908 P2= 545 T1=  15 T2=  14  P= 537  D=  -1 * 24
 X= 808 X2= 808  Y= 707 Y2= 712 P1= 908 P2= 545 T1=  14 T2=  13  P= 538  D=  -1 * 24
 X= 807 X2= 808  Y= 708 Y2= 712 P1= 908 P2= 545 T1=  14 T2=  14  P= 537  D=  -1 * 24
 X= 807 X2= 807  Y= 708 Y2= 712 P1= 908 P2= 545 T1=  14 T2=  14  P= 537  D=  -1 * 24
 X= 808 X2= 808  Y= 708 Y2= 712 P1= 907 P2= 547 T1=  14 T2=  14  P= 531  D=  -1 * 24
 X= 817 X2= 813  Y= 712 Y2= 714 P1= 937 P2= 402 T1=  21 T2=  30  P= 531  D=  -1 * 24
 X= 859 X2=1023  Y= 978 Y2=1023 P1=1023 P2=   0 T1=1022 T2= 936  P= 531  D=  -1 
 X= 962 X2=1022  Y= 969 Y2=1023 P1=1023 P2=   0 T1=1023 T2= 920  P= 531  D=  -1 
 X= 968 X2=1023  Y= 976 Y2=1020 P1=1023 P2=   0 T1=1020 T2= 921  P= 531  D=  -1 
target state=4 point=23,249
 X= 943 X2=1023  Y= 957 Y2=1020 P1=1023 P2=   0 T1=1023 T2= 934  P= 531  D=  -1 
 X=1021 X2= 998  Y= 980 Y2=1023 P1=1023 P2=   0 T1=1023 T2= 915  P= 531  D=  -1 
 X= 913 X2=1023  Y= 981 Y2=1023 P1=1023 P2=   0 T1=1021 T2= 920  P= 531  D=  -1 
 X= 976 X2=1007  Y= 967 Y2=1021 P1=1023 P2=   0 T1=1023 T2= 921  P= 531  D=  -1 
 X= 920 X2=1023  Y= 995 Y2=1023 P1=1023 P2=   0 T1=1021 T2= 926  P= 531  D=  -1 
 X=1021 X2=1014  Y= 976 Y2=1023 P1=1023 P2=   0 T1=1023 T2= 919  P= 531  D=  -1 
 X= 820 X2=1023  Y= 987 Y2=1021 P1=1023 P2=   0 T1=1021 T2= 917  P= 531  D=  -1 
 X= 869 X2=1023  Y= 983 Y2=1020 P1=1023 P2=   0 T1=1023 T2= 930  P= 531  D=  -1 
 X=1023 X2=1017  Y= 988 Y2=1023 P1=1023 P2=   0 T1=1020 T2= 927  P= 531  D=  -1 
 X= 878 X2=1020  Y= 971 Y2=1023 P1=1023 P2=   0 T1=1023 T2= 915  P= 531  D=  -1 
 X= 921 X2=1019  Y= 985 Y2=1023 P1=1023 P2=   0 T1=1023 T2= 920  P= 531  D=  -1 
 X= 962 X2= 994  Y= 986 Y2=1019 P1=1023 P2=   0 T1=1021 T2= 920  P= 531  D=  -1 
 X=1008 X2=1008  Y= 988 Y2=1020 P1=1023 P2=   0 T1=1022 T2= 858  P= 531  D=  -1 
 X= 879 X2=1023  Y= 978 Y2=1020 P1=1023 P2=   0 T1=1021 T2= 932  P= 531  D=  -1 
 X= 971 X2=1023  Y= 984 Y2=1023 P1=1023 P2=   0 T1=1020 T2= 941  P= 531  D=  -1 
 X= 931 X2=1021  Y= 990 Y2=1020 P1=1023 P2=   0 T1=1020 T2= 938  P= 531  D=  -1 
 X= 949 X2=1023  Y= 983 Y2=1023 P1=1023 P2=   0 T1=1021 T2= 919  P= 531  D=  -1 
 X= 879 X2=1023  Y= 975 Y2=1023 P1=1023 P2=   0 T1=1023 T2= 929  P= 531  D=  -1 
 X= 983 X2=1015  Y= 989 Y2=1023 P1=1023 P2=   0 T1=1023 T2= 922  P= 531  D=  -1 
 X= 823 X2=1023  Y= 986 Y2=1023 P1=1023 P2=   0 T1=1021 T2= 930  P= 531  D=  -1 
 X= 944 X2=1021  Y= 984 Y2=1023 P1=1023 P2=   0 T1=1020 T2= 860  P= 531  D=  -1 
 X=1023 X2=1004  Y= 976 Y2=1023 P1=1023 P2=   0 T1=1021 T2= 922  P= 531  D=  -1 
 X= 828 X2=1023  Y= 985 Y2=1023 P1=1023 P2=   0 T1=1023 T2= 946  P= 531  D=  -1 
 X= 953 X2=1023  Y= 983 Y2=1023 P1=1023 P2=   0 T1=1023 T2= 949  P= 531  D=  -1 
 X= 984 X2=1021  Y= 970 Y2=1020 P1=1023 P2=   0 T1=1023 T2= 941  P= 531  D=  -1 
 X= 845 X2=1023  Y= 986 Y2=1023 P1=1023 P2=   0 T1=1023 T2= 921  P= 531  D=  -1 
 X= 952 X2=1023  Y= 996 Y2=1023 P1=1023 P2=   0 T1=1023 T2= 942  P= 531  D=  -1 
 X= 975 X2=1016  Y=1020 Y2=1023 P1=1023 P2=   0 T1=1020 T2=1018  P= 531  D=  -1 
 X= 895 X2=1023  Y= 977 Y2=1023 P1=1023 P2=   0 T1=1021 T2= 953  P= 531  D=  -1 
 X= 967 X2=1022  Y= 980 Y2=1023 P1=1023 P2=   0 T1=1020 T2= 907  P= 531  D=  -1 
 X=1023 X2=1006  Y= 985 Y2=1020 P1=1023 P2=   0 T1=1023 T2= 935  P= 531  D=  -1 
 X= 872 X2=1023  Y= 987 Y2=1023 P1=1023 P2=   0 T1=1023 T2= 922  P= 531  D=  -1 
 X= 824 X2=1023  Y= 979 Y2=1023 P1=1023 P2=   0 T1=1023 T2= 930  P= 531  D=  -1 
 X=1023 X2=1007  Y= 979 Y2=1020 P1=1023 P2=   0 T1=1020 T2= 925  P= 531  D=  -1 
 X=1023 X2=1017  Y= 992 Y2=1023 P1=1023 P2=   0 T1=1023 T2= 905  P= 531  D=  -1 
 X= 936 X2=1023  Y= 982 Y2=1020 P1=1023 P2=   0 T1=1021 T2= 925  P= 531  D=  -1 
 X=1023 X2=1004  Y= 975 Y2=1023 P1=1023 P2=   0 T1=1020 T2= 941  P= 531  D=  -1 
 X= 999 X2=1008  Y= 974 Y2=1021 P1=1023 P2=   0 T1=1023 T2= 940  P= 531  D=  -1 
 X= 985 X2=1022  Y= 975 Y2=1023 P1=1023 P2=   0 T1=1021 T2= 918  P= 531  D=  -1 
 X= 930 X2=1023  Y= 986 Y2=1023 P1=1023 P2=   0 T1=1023 T2= 921  P= 531  D=  -1 
 X=1015 X2=1015  Y= 973 Y2=1020 P1=1023 P2=   0 T1=1023 T2= 888  P= 531  D=  -1 
 X= 836 X2=1023  Y= 975 Y2=1023 P1=1023 P2=   0 T1=1022 T2= 920  P= 531  D=  -1 
 X= 893 X2=1023  Y= 987 Y2=1020 P1=1023 P2=   0 T1=1023 T2= 934  P= 531  D=  -1 
 X= 943 X2=1016  Y= 981 Y2=1023 P1=1023 P2=   0 T1=1021 T2= 942  P= 531  D=  -1 
 X= 936 X2=1019  Y= 984 Y2=1019 P1=1023 P2=   0 T1=1023 T2= 930  P= 531  D=  -1 
 X= 868 X2=1023  Y= 995 Y2=1023 P1=1023 P2=   0 T1=1020 T2= 929  P= 531  D=  -1 
 X= 924 X2=1022  Y= 976 Y2=1021 P1=1023 P2=   0 T1=1021 T2= 924  P= 531  D=  -1 
 X= 947 X2=1023  Y= 978 Y2=1023 P1=1023 P2=   0 T1=1023 T2= 924  P= 531  D=  -1 
 X= 920 X2=1022  Y= 986 Y2=1023 P1=1023 P2=   0 T1=1020 T2= 935  P= 531  D=  -1 
 X= 943 X2=1023  Y= 981 Y2=1021 P1=1023 P2=   0 T1=1023 T2= 926  P= 531  D=  -1 
 X= 825 X2=1023  Y= 982 Y2=1023 P1=1023 P2=   0 T1=1020 T2= 946  P= 531  D=  -1 
 X= 822 X2=1023  Y= 981 Y2=1023 P1=1023 P2=   0 T1=1021 T2= 928  P= 531  D=  -1 
 X= 827 X2=1022  Y= 999 Y2=1023 P1=1023 P2=   0 T1=1020 T2= 902  P= 531  D=  -1 
 X= 931 X2=1019  Y= 978 Y2=1019 P1=1023 P2=   0 T1=1023 T2= 924  P= 531  D=  -1 
 X= 847 X2=1023  Y= 991 Y2=1023 P1=1023 P2=   0 T1=1023 T2= 947  P= 531  D=  -1 
 X=1023 X2=1009  Y= 979 Y2=1020 P1=1023 P2=   0 T1=1023 T2= 946  P= 531  D=  -1 
 X=1013 X2=1017  Y= 983 Y2=1019 P1=1023 P2=   0 T1=1023 T2= 925  P= 531  D=  -1 
 X= 876 X2=1023  Y= 994 Y2=1023 P1=1023 P2=   0 T1=1023 T2= 929  P= 531  D=  -1 
 X= 937 X2=1023  Y= 978 Y2=1020 P1=1023 P2=   0 T1=1023 T2= 934  P= 531  D=  -1 
 X= 880 X2=1017  Y= 981 Y2=1023 P1=1023 P2=   0 T1=1021 T2= 935  P= 531  D=  -1 
 X= 777 X2=1023  Y= 962 Y2=1023 P1=1023 P2=   0 T1=1021 T2= 932  P= 531  D=  -1 
 X= 232 X2= 234  Y= 708 Y2= 703 P1= 848 P2= 216 T1=  26 T2=  23  P= 681  D=  -1 * 0
 X= 230 X2= 233  Y= 707 Y2= 702 P1= 840 P2= 224 T1=  22 T2=  22  P= 635  D=  -1 * 0
 X= 230 X2= 233  Y= 706 Y2= 702 P1= 844 P2= 219 T1=  23 T2=  21  P= 659  D=  -1 * 0
 X= 231 X2= 233  Y= 706 Y2= 702 P1= 841 P2= 223 T1=  22 T2=  22  P= 642  D=  -1 * 0
 X= 231 X2= 232  Y= 707 Y2= 702 P1= 840 P2= 223 T1=  23 T2=  22  P= 638  D=  -1 * 1
 X= 230 X2= 233  Y= 706 Y2= 702 P1= 839 P2= 224 T1=  22 T2=  23  P= 634  D=  -1 * 2
 X= 232 X2= 231  Y= 706 Y2= 701 P1= 839 P2= 225 T1=  22 T2=  21  P= 630  D=  -1 * 3
 X= 230 X2= 233  Y= 706 Y2= 702 P1= 838 P2= 226 T1=  22 T2=  21  P= 625  D=  -1 * 4
 X= 231 X2= 233  Y= 706 Y2= 702 P1= 838 P2= 226 T1=  22 T2=  24  P= 628  D=  -1 * 5
 X= 230 X2= 234  Y= 706 Y2= 702 P1= 838 P2= 226 T1=  22 T2=  22  P= 628  D=  -1 * 6
 X= 232 X2= 233  Y= 706 Y2= 702 P1= 838 P2= 226 T1=  22 T2=  21  P= 628  D=  -1 * 7
 X= 229 X2= 233  Y= 706 Y2= 702 P1= 837 P2= 227 T1=  24 T2=  22  P= 620  D=  -1 * 8
 X= 231 X2= 232  Y= 706 Y2= 702 P1= 837 P2= 227 T1=  22 T2=  22  P= 620  D=  -1 * 9
 X= 229 X2= 233  Y= 706 Y2= 702 P1= 837 P2= 227 T1=  21 T2=  22  P= 620  D=  -1 * 10
 X= 229 X2= 233  Y= 706 Y2= 703 P1= 837 P2= 227 T1=  22 T2=  24  P= 620  D=  -1 * 11
 X= 231 X2= 232  Y= 706 Y2= 702 P1= 837 P2= 229 T1=  23 T2=  22  P= 613  D=  -1 * 12
 X= 230 X2= 235  Y= 706 Y2= 702 P1= 837 P2= 228 T1=  22 T2=  22  P= 619  D=  -1 * 13
 X= 229 X2= 233  Y= 707 Y2= 701 P1= 837 P2= 228 T1=  24 T2=  22  P= 617  D=  -1 * 14
 X= 230 X2= 233  Y= 706 Y2= 701 P1= 837 P2= 228 T1=  24 T2=  22  P= 617  D=  -1 * 15
 X= 231 X2= 233  Y= 706 Y2= 702 P1= 837 P2= 228 T1=  20 T2=  23  P= 619  D=  -1 * 16
 X= 229 X2= 232  Y= 707 Y2= 702 P1= 836 P2= 228 T1=  22 T2=  22  P= 613  D=  -1 * 17
 X= 230 X2= 233  Y= 706 Y2= 702 P1= 837 P2= 228 T1=  22 T2=  22  P= 617  D=  -1 * 18
 X= 230 X2= 233  Y= 706 Y2= 701 P1= 837 P2= 228 T1=  22 T2=  22  P= 617  D=  -1 * 19
 X= 230 X2= 232  Y= 708 Y2= 702 P1= 837 P2= 228 T1=  21 T2=  22  P= 617  D=  -1 * 20
 X= 228 X2= 233  Y= 706 Y2= 702 P1= 836 P2= 228 T1=  20 T2=  21  P= 613  D=  -1 * 21
 X= 230 X2= 233  Y= 707 Y2= 702 P1= 837 P2= 228 T1=  22 T2=  22  P= 617  D=  -1 * 22
 X= 229 X2= 233  Y= 706 Y2= 702 P1= 836 P2= 228 T1=  22 T2=  22  P= 615  D=  -1 * 23
 X= 231 X2= 233  Y= 707 Y2= 701 P1= 836 P2= 229 T1=  22 T2=  23  P= 614  D=  -1 * 24
Remove Pin
 X= 231 X2= 232  Y= 707 Y2= 702 P1= 836 P2= 228 T1=  22 T2=  22  P= 615  D=  -1 * 24
 X= 229 X2= 232  Y= 706 Y2= 702 P1= 837 P2= 228 T1=  22 T2=  22  P= 614  D=  -1 * 24
 X= 230 X2= 233  Y= 707 Y2= 702 P1= 836 P2= 228 T1=  22 T2=  22  P= 615  D=  -1 * 24
 X= 230 X2= 232  Y= 706 Y2= 702 P1= 836 P2= 228 T1=  22 T2=  25  P= 615  D=  -1 * 24
 X= 230 X2= 232  Y= 706 Y2= 702 P1= 836 P2= 228 T1=  22 T2=  22  P= 615  D=  -1 * 24
 X= 230 X2= 232  Y= 706 Y2= 701 P1= 837 P2= 228 T1=  23 T2=  23  P= 617  D=  -1 * 24
 X= 230 X2= 233  Y= 707 Y2= 701 P1= 837 P2= 228 T1=  22 T2=  22  P= 617  D=  -1 * 24
 X= 230 X2= 232  Y= 707 Y2= 701 P1= 836 P2= 229 T1=  22 T2=  22  P= 612  D=  -1 * 24
 X= 230 X2= 232  Y= 706 Y2= 701 P1= 836 P2= 228 T1=  22 T2=  22  P= 615  D=  -1 * 24
 X= 225 X2= 232  Y= 706 Y2= 702 P1= 836 P2= 228 T1=  22 T2=  22  P= 607  D=  -1 * 24
 X= 230 X2= 232  Y= 706 Y2= 702 P1= 836 P2= 229 T1=  22 T2=  22  P= 612  D=  -1 * 24
 X= 231 X2= 234  Y= 707 Y2= 701 P1= 836 P2= 228 T1=  22 T2=  23  P= 618  D=  -1 * 24
 X= 230 X2= 233  Y= 706 Y2= 702 P1= 837 P2= 228 T1=  22 T2=  22  P= 617  D=  -1 * 24
 X= 230 X2= 233  Y= 706 Y2= 701 P1= 836 P2= 227 T1=  22 T2=  22  P= 619  D=  -1 * 24
 X= 230 X2= 233  Y= 706 Y2= 702 P1= 836 P2= 229 T1=  22 T2=  22  P= 612  D=  -1 * 24
 X= 230 X2= 234  Y= 706 Y2= 701 P1= 836 P2= 229 T1=  22 T2=  23  P= 614  D=  -1 * 24
 X= 231 X2= 232  Y= 706 Y2= 702 P1= 835 P2= 229 T1=  22 T2=  21  P= 611  D=  -1 * 24
 X= 230 X2= 232  Y= 705 Y2= 702 P1= 836 P2= 228 T1=  22 T2=  21  P= 615  D=  -1 * 24
 X= 230 X2= 232  Y= 706 Y2= 702 P1= 836 P2= 229 T1=  22 T2=  21  P= 612  D=  -1 * 24
 X= 231 X2= 233  Y= 706 Y2= 701 P1= 835 P2= 229 T1=  22 T2=  23  P= 613  D=  -1 * 24
 X=1014 X2= 999  Y= 970 Y2=1020 P1=1023 P2=   0 T1=1023 T2= 932  P= 613  D=  -1 
 X= 895 X2=1021  Y= 976 Y2=1021 P1=1023 P2=   0 T1=1023 T2= 924  P= 613  D=  -1 
 X= 934 X2=1023  Y= 974 Y2=1020 P1=1023 P2=   0 T1=1023 T2= 948  P= 613  D=  -1 
Target Noise  x= 2.50 y= 2.50
X[0]: Target=240   522/ 523/ 523 Stdev= 0.40 N= 24  Y[0]: Target=136   517/ 518/ 519 Stdev= 0.53 N= 24
X[1]: Target= 23   230/ 230/ 231 Stdev= 0.47 N= 24  Y[1]: Target= 22   323/ 324/ 325 Stdev= 0.45 N= 24
X[2]: Target=456   809/ 809/ 810 Stdev= 0.45 N= 24  Y[2]: Target= 22   326/ 327/ 328 Stdev= 0.39 N= 24
X[3]: Target=456   806/ 808/ 810 Stdev= 0.85 N= 24  Y[3]: Target=249   709/ 710/ 711 Stdev= 0.60 N= 24
X[4]: Target= 23   230/ 231/ 232 Stdev= 0.54 N= 24  Y[4]: Target=249   703/ 704/ 705 Stdev= 0.39 N= 24
N=24 Avg=17
min: 17 17 17 17 17 17 
max: 18 18 18 18 18 18 
N=24 Avg=21
min: 20 21 21 21 21 21 
max: 24 23 23 23 22 22 
N=24 Avg=13
min: 12 13 13 13 13 13 
max: 16 15 15 14 14 14 
N=24 Avg=13
min: 13 13 13 13 13 13 
max: 14 14 14 14 14 14 
N=24 Avg=21
min: 20 21 21 21 21 21 
max: 23 23 23 23 23 22 
Using TNT center offset = 18
TNT Plane Coef: a= -907 b=    0 c= 472493
At  522, 518: Real=  18 Fit=  18 Offset=   0
At  230, 323: Real=  22 Fit=  22 Offset=   4
At  809, 327: Real=  14 Fit=  15 Offset=  -3
At  807, 710: Real=  14 Fit=  15 Offset=  -3
At  231, 703: Real=  22 Fit=  22 Offset=   4
Fit Points: 18, 25, 12, 12, 25,  center: 18
Setting for min_tnt_up:   521
Setting for max_tnt_down: 23 (V2:34)
Entering calib_pressure_mfg
Using default pressure curve
468 471 487 495 509 524 553 575 612 
Summary:
Setting for max_tnt_down:      23
3.7 setting for max_tnt_down:     -1
Setting for min_tnt_up:       521
Setting for max_delta_tnt:      5
3.8 setting for max_delta_tnt:     -1
Setting for delay_in_us:        1
Setting for y_delay_in_us:      1
Setting for tnt_delay_in_us:    1
Setting for pressure_curve:  468 471 487 495 509 524 553 575 612
Setting for tnt_mode:           1
Setting for averaging:         -1
Setting for pointercal:      49011 -128 -9723635 -270 39149 -11141402 65536
Setting for tnt_plane:       -907 0 472493
