new-calib: New touch screen calibration program v3.12
Serial Number='15091E00010B060201AF'
Using tnt_mode=1
Setting for delay_in_us:        1
Setting for y_delay_in_us:      1
Setting for tnt_delay_in_us:    1
Setting for max_delta_tnt:      5
Setting for tnt_mode:           1
Setting for averaging:         -1
Entering get_four_points
target_noise  x= 2.50 y= 2.50 t= 2.50
target state=0 point=23,22
 X=1016 X2=1000  Y= 973 Y2=1023 P1=  -1 P2=  -1 T1=1023 T2= 883  P=  -1  D=  -1 
 X= 998 X2=1023  Y= 988 Y2=1019 P1=  -1 P2=  -1 T1=1022 T2= 904  P=  -1  D=  -1 
 X= 845 X2=1023  Y= 978 Y2=1022 P1=  -1 P2=  -1 T1=1023 T2= 895  P=  -1  D=  -1 
 X= 921 X2=1023  Y= 980 Y2=1018 P1=1018 P2=  -1 T1=1023 T2= 894  P=  -1  D=  -1 
 X= 953 X2=1021  Y= 977 Y2=1019 P1=1023 P2=  -1 T1=1023 T2= 906  P=  -1  D=  -1 
 X= 982 X2=1003  Y= 968 Y2=1023 P1=1023 P2=  -1 T1=1020 T2= 878  P=  -1  D=  -1 
 X= 843 X2=1018  Y= 964 Y2=1023 P1=1023 P2=  -1 T1=1023 T2= 895  P=  -1  D=  -1 
 X= 956 X2=1023  Y= 985 Y2=1018 P1=1023 P2=  -1 T1=1020 T2= 907  P=  -1  D=  -1 
 X= 946 X2= 992  Y= 985 Y2=1017 P1=1023 P2=  -1 T1=1023 T2= 900  P=  -1  D=  -1 
 X= 856 X2=1018  Y= 972 Y2=1018 P1=1023 P2=  -1 T1=1019 T2= 924  P=  -1  D=  -1 
 X= 977 X2=1023  Y= 978 Y2=1019 P1=1023 P2=  -1 T1=1021 T2= 904  P=  -1  D=  -1 
 X= 948 X2=1023  Y= 980 Y2=1019 P1=1023 P2=  -1 T1=1023 T2= 894  P=  -1  D=  -1 
 X= 878 X2=1021  Y= 966 Y2=1019 P1=1023 P2=  -1 T1=1019 T2= 902  P=  -1  D=  -1 
 X= 789 X2=1016  Y= 981 Y2=1023 P1=1023 P2=  -1 T1=1023 T2= 901  P=  -1  D=  -1 
 X=1006 X2= 990  Y= 978 Y2=1023 P1=1023 P2=  -1 T1=1021 T2= 886  P=  -1  D=  -1 
 X= 986 X2=1002  Y= 978 Y2=1023 P1=1023 P2=  -1 T1=1023 T2= 892  P=  -1  D=  -1 
 X= 931 X2=1022  Y= 984 Y2=1022 P1=1023 P2=  -1 T1=1021 T2= 890  P=  -1  D=  -1 
 X= 887 X2=1015  Y= 979 Y2=1019 P1=1023 P2=  -1 T1=1023 T2= 910  P=  -1  D=  -1 
 X=1003 X2= 986  Y= 971 Y2=1023 P1=1023 P2=  -1 T1=1022 T2= 887  P=  -1  D=  -1 
 X= 891 X2=1023  Y= 978 Y2=1023 P1=1023 P2=  -1 T1=1021 T2= 881  P=  -1  D=  -1 
 X= 903 X2=1023  Y= 985 Y2=1019 P1=1023 P2=  -1 T1=1021 T2= 887  P=  -1  D=  -1 
 X= 838 X2=1023  Y=1006 Y2=1019 P1=1023 P2=  -1 T1=1020 T2= 899  P=  -1  D=  -1 
 X= 936 X2=1016  Y= 956 Y2=1023 P1=1023 P2=  -1 T1=1019 T2= 903  P=  -1  D=  -1 
 X= 850 X2=1023  Y= 974 Y2=1020 P1=1023 P2=  -1 T1=1023 T2= 897  P=  -1  D=  -1 
 X= 850 X2=1015  Y= 980 Y2=1019 P1=1023 P2=  -1 T1=1022 T2= 892  P=  -1  D=  -1 
 X= 983 X2=1000  Y= 974 Y2=1023 P1=1023 P2=  -1 T1=1021 T2= 893  P=  -1  D=  -1 
 X= 876 X2=1023  Y= 980 Y2=1023 P1=1023 P2=  -1 T1=1018 T2= 886  P=  -1  D=  -1 
 X= 956 X2= 989  Y= 970 Y2=1023 P1=1023 P2=  -1 T1=1023 T2= 888  P=  -1  D=  -1 
 X= 771 X2=1023  Y= 972 Y2=1023 P1=1023 P2=  -1 T1=1020 T2= 916  P=  -1  D=  -1 
 X= 862 X2=1023  Y= 985 Y2=1021 P1=1023 P2=  -1 T1=1020 T2= 910  P=  -1  D=  -1 
 X=1022 X2=1023  Y=1023 Y2=1023 P1=1023 P2=  -1 T1=1020 T2=1017  P=  -1  D=  -1 
 X=1023 X2=1010  Y= 980 Y2=1023 P1=1022 P2=  -1 T1=1023 T2= 896  P=  -1  D=  -1 
 X=1017 X2=1013  Y= 983 Y2=1023 P1=1023 P2=  -1 T1=1022 T2= 901  P=  -1  D=  -1 
 X= 976 X2=1013  Y= 981 Y2=1019 P1=1023 P2=  -1 T1=1023 T2= 902  P=  -1  D=  -1 
 X= 993 X2=1012  Y= 980 Y2=1023 P1=1023 P2=  -1 T1=1020 T2= 896  P=  -1  D=  -1 
 X= 901 X2=1023  Y= 980 Y2=1020 P1=1023 P2=  -1 T1=1020 T2= 899  P=  -1  D=  -1 
 X= 946 X2=1023  Y= 979 Y2=1022 P1=1023 P2=  -1 T1=1023 T2= 916  P=  -1  D=  -1 
 X= 947 X2=1023  Y= 974 Y2=1019 P1=1023 P2=  -1 T1=1023 T2= 915  P=  -1  D=  -1 
 X= 899 X2=1023  Y= 981 Y2=1023 P1=1023 P2=  -1 T1=1023 T2= 909  P=  -1  D=  -1 
 X= 868 X2=1022  Y= 980 Y2=1020 P1=1023 P2=  -1 T1=1023 T2= 884  P=  -1  D=  -1 
 X= 984 X2=1013  Y= 969 Y2=1023 P1=1023 P2=  -1 T1=1023 T2= 886  P=  -1  D=  -1 
 X= 897 X2=1020  Y= 966 Y2=1023 P1=1023 P2=  -1 T1=1019 T2= 889  P=  -1  D=  -1 
 X= 951 X2=1020  Y= 975 Y2=1023 P1=1023 P2=  -1 T1=1022 T2= 904  P=  -1  D=  -1 
 X=1023 X2=1007  Y= 970 Y2=1020 P1=1023 P2=  -1 T1=1019 T2= 890  P=  -1  D=  -1 
 X= 973 X2=1001  Y= 961 Y2=1023 P1=1023 P2=  -1 T1=1020 T2= 893  P=  -1  D=  -1 
 X= 961 X2=1023  Y= 970 Y2=1018 P1=1023 P2=  -1 T1=1023 T2= 908  P=  -1  D=  -1 
 X= 811 X2=1021  Y= 975 Y2=1023 P1=1023 P2=  -1 T1=1023 T2= 905  P=  -1  D=  -1 
 X= 881 X2=1023  Y= 979 Y2=1023 P1=1023 P2=  -1 T1=1023 T2= 884  P=  -1  D=  -1 
 X= 878 X2=1023  Y= 966 Y2=1020 P1=1023 P2=  -1 T1=1018 T2= 900  P=  -1  D=  -1 
 X= 991 X2=1010  Y= 962 Y2=1021 P1=1023 P2=  -1 T1=1021 T2= 877  P=  -1  D=  -1 
 X= 847 X2=1017  Y= 969 Y2=1023 P1=1023 P2=  -1 T1=1018 T2= 877  P=  -1  D=  -1 
 X= 930 X2=1017  Y= 971 Y2=1023 P1=1023 P2=  -1 T1=1020 T2= 882  P=  -1  D=  -1 
 X=1018 X2= 975  Y= 982 Y2=1019 P1=1023 P2=  -1 T1=1020 T2= 907  P=  -1  D=  -1 
 X=1022 X2= 983  Y= 973 Y2=1020 P1=1023 P2=  -1 T1=1023 T2= 889  P=  -1  D=  -1 
 X= 888 X2=1023  Y= 974 Y2=1020 P1=1023 P2=  -1 T1=1020 T2= 906  P=  -1  D=  -1 
 X= 933 X2=1023  Y= 960 Y2=1019 P1=1023 P2=  -1 T1=1023 T2= 883  P=  -1  D=  -1 
 X= 898 X2=1020  Y= 962 Y2=1023 P1=1023 P2=  -1 T1=1021 T2= 889  P=  -1  D=  -1 
 X= 782 X2=1023  Y= 969 Y2=1023 P1=1023 P2=  -1 T1=1023 T2= 922  P=  -1  D=  -1 
 X= 865 X2=1023  Y= 977 Y2=1018 P1=1023 P2=  -1 T1=1020 T2= 883  P=  -1  D=  -1 
 X= 905 X2=1018  Y= 961 Y2=1022 P1=1023 P2=  -1 T1=1018 T2= 887  P=  -1  D=  -1 
 X= 986 X2=1013  Y= 969 Y2=1021 P1=1023 P2=  -1 T1=1020 T2= 906  P=  -1  D=  -1 
 X= 953 X2= 993  Y= 966 Y2=1023 P1=1023 P2=  -1 T1=1022 T2= 911  P=  -1  D=  -1 
 X=1023 X2= 992  Y= 969 Y2=1018 P1=1023 P2=  -1 T1=1022 T2= 894  P=  -1  D=  -1 
 X= 916 X2=1023  Y= 964 Y2=1022 P1=1023 P2=  -1 T1=1022 T2= 899  P=  -1  D=  -1 
 X= 938 X2=1023  Y= 981 Y2=1022 P1=1023 P2=  -1 T1=1023 T2= 902  P=  -1  D=  -1 
 X= 950 X2=1022  Y= 973 Y2=1023 P1=1023 P2=  -1 T1=1020 T2= 894  P=  -1  D=  -1 
 X= 873 X2=1022  Y= 979 Y2=1023 P1=1023 P2=  -1 T1=1023 T2= 913  P=  -1  D=  -1 
 X= 862 X2=1023  Y= 977 Y2=1023 P1=1023 P2=  -1 T1=1021 T2= 893  P=  -1  D=  -1 
 X=1019 X2= 987  Y= 969 Y2=1023 P1=1023 P2=  -1 T1=1023 T2= 891  P=  -1  D=  -1 
 X= 984 X2=1012  Y= 980 Y2=1023 P1=1023 P2=  -1 T1=1022 T2= 894  P=  -1  D=  -1 
 X= 902 X2=1023  Y= 982 Y2=1019 P1=1023 P2=  -1 T1=1023 T2= 897  P=  -1  D=  -1 
 X= 979 X2=1014  Y= 975 Y2=1021 P1=1023 P2=  -1 T1=1023 T2= 905  P=  -1  D=  -1 
 X=1021 X2=1021  Y= 970 Y2=1022 P1=1023 P2=  -1 T1=1022 T2= 922  P=  -1  D=  -1 
 X= 956 X2=1021  Y= 968 Y2=1020 P1=1023 P2=  -1 T1=1023 T2= 902  P=  -1  D=  -1 
 X= 954 X2=1023  Y= 982 Y2=1017 P1=1023 P2=  -1 T1=1023 T2= 912  P=  -1  D=  -1 
 X= 925 X2=1011  Y= 969 Y2=1023 P1=1023 P2=  -1 T1=1023 T2= 913  P=  -1  D=  -1 
 X= 892 X2=1020  Y= 963 Y2=1020 P1=1023 P2=  -1 T1=1023 T2= 893  P=  -1  D=  -1 
 X=1023 X2=1006  Y= 979 Y2=1019 P1=1023 P2=  -1 T1=1023 T2= 882  P=  -1  D=  -1 
 X= 994 X2=1000  Y= 972 Y2=1023 P1=1023 P2=  -1 T1=1023 T2= 906  P=  -1  D=  -1 
 X= 941 X2=1020  Y= 960 Y2=1019 P1=1023 P2=  -1 T1=1023 T2= 909  P=  -1  D=  -1 
 X=1023 X2=1001  Y= 973 Y2=1021 P1=1023 P2=  -1 T1=1023 T2= 888  P=  -1  D=  -1 
 X=1023 X2=1003  Y= 966 Y2=1020 P1=1023 P2=  -1 T1=1023 T2= 851  P=  -1  D=  -1 
 X= 792 X2=1023  Y= 978 Y2=1023 P1=1023 P2=  -1 T1=1019 T2= 911  P=  -1  D=  -1 
 X= 895 X2=1023  Y= 984 Y2=1023 P1=1023 P2=  -1 T1=1023 T2= 882  P=  -1  D=  -1 
 X= 978 X2=1013  Y= 970 Y2=1023 P1=1023 P2=  -1 T1=1018 T2= 918  P=  -1  D=  -1 
 X= 917 X2=1021  Y= 973 Y2=1020 P1=1023 P2=  -1 T1=1023 T2= 893  P=  -1  D=  -1 
 X=1023 X2=1001  Y= 981 Y2=1023 P1=1023 P2=  -1 T1=1023 T2= 879  P=  -1  D=  -1 
 X= 982 X2=1013  Y= 980 Y2=1018 P1=1023 P2=  -1 T1=1023 T2= 896  P=  -1  D=  -1 
 X= 979 X2=1003  Y= 969 Y2=1023 P1=1023 P2=  -1 T1=1023 T2= 881  P=  -1  D=  -1 
 X= 874 X2=1023  Y= 964 Y2=1023 P1=1023 P2=  -1 T1=1022 T2= 888  P=  -1  D=  -1 
 X= 949 X2=1023  Y= 976 Y2=1023 P1=1023 P2=  -1 T1=1023 T2= 884  P=  -1  D=  -1 
 X= 948 X2=1023  Y= 950 Y2=1021 P1=1023 P2=  -1 T1=1020 T2= 919  P=  -1  D=  -1 
 X= 844 X2=1023  Y= 970 Y2=1021 P1=1023 P2=  -1 T1=1023 T2= 900  P=  -1  D=  -1 
 X= 990 X2=1001  Y= 968 Y2=1023 P1=1023 P2=  -1 T1=1023 T2= 883  P=  -1  D=  -1 
 X= 830 X2=1023  Y= 978 Y2=1022 P1=1023 P2=  -1 T1=1020 T2= 915  P=  -1  D=  -1 
 X= 950 X2=1023  Y= 967 Y2=1023 P1=1023 P2=  -1 T1=1023 T2= 894  P=  -1  D=  -1 
 X= 980 X2=1016  Y= 988 Y2=1022 P1=1023 P2=  -1 T1=1020 T2= 919  P=  -1  D=  -1 
 X= 810 X2=1023  Y= 980 Y2=1023 P1=1023 P2=  -1 T1=1023 T2= 907  P=  -1  D=  -1 
 X= 933 X2=1022  Y= 966 Y2=1019 P1=1023 P2=  -1 T1=1020 T2= 907  P=  -1  D=  -1 
 X= 946 X2=1023  Y= 985 Y2=1023 P1=1023 P2=  -1 T1=1023 T2= 901  P=  -1  D=  -1 
 X= 947 X2=1023  Y= 975 Y2=1023 P1=1023 P2=  -1 T1=1020 T2= 885  P=  -1  D=  -1 
 X= 907 X2=1023  Y= 977 Y2=1018 P1=1023 P2=  -1 T1=1023 T2= 904  P=  -1  D=  -1 
 X= 886 X2=1023  Y= 975 Y2=1021 P1=1023 P2=  -1 T1=1023 T2= 899  P=  -1  D=  -1 
 X= 979 X2=1002  Y= 967 Y2=1023 P1=1023 P2=  -1 T1=1021 T2= 893  P=  -1  D=  -1 
 X= 843 X2=1017  Y= 958 Y2=1023 P1=1023 P2=  -1 T1=1021 T2= 917  P=  -1  D=  -1 
 X= 949 X2=1020  Y= 979 Y2=1019 P1=1023 P2=  -1 T1=1023 T2= 894  P=  -1  D=  -1 
 X=1023 X2=1012  Y= 977 Y2=1019 P1=1023 P2=  -1 T1=1023 T2= 902  P=  -1  D=  -1 
 X= 851 X2=1020  Y= 979 Y2=1020 P1=1023 P2=  -1 T1=1023 T2= 925  P=  -1  D=  -1 
 X= 954 X2=1020  Y= 976 Y2=1019 P1=1023 P2=  -1 T1=1023 T2= 907  P=  -1  D=  -1 
 X= 871 X2=1022  Y= 986 Y2=1017 P1=1023 P2=  -1 T1=1023 T2= 912  P=  -1  D=  -1 
 X= 900 X2=1023  Y= 984 Y2=1023 P1=1023 P2=  -1 T1=1021 T2= 884  P=  -1  D=  -1 
 X= 818 X2=1023  Y= 979 Y2=1021 P1=1023 P2=  -1 T1=1023 T2= 896  P=  -1  D=  -1 
 X= 998 X2= 989  Y= 958 Y2=1023 P1=1023 P2=  -1 T1=1020 T2= 906  P=  -1  D=  -1 
 X= 979 X2=1007  Y= 975 Y2=1023 P1=1023 P2=  -1 T1=1022 T2= 895  P=  -1  D=  -1 
 X= 943 X2=1019  Y= 981 Y2=1020 P1=1023 P2=  -1 T1=1023 T2= 887  P=  -1  D=  -1 
 X=1014 X2= 998  Y= 971 Y2=1020 P1=1023 P2=  -1 T1=1021 T2= 905  P=  -1  D=  -1 
 X=1023 X2=1014  Y= 967 Y2=1023 P1=1023 P2=  -1 T1=1023 T2= 907  P=  -1  D=  -1 
 X=1023 X2=1021  Y= 991 Y2=1023 P1=1023 P2=  -1 T1=1020 T2= 878  P=  -1  D=  -1 
 X=1023 X2=1012  Y= 972 Y2=1019 P1=1023 P2=  -1 T1=1021 T2= 894  P=  -1  D=  -1 
 X= 958 X2=1023  Y= 979 Y2=1019 P1=1023 P2=  -1 T1=1020 T2= 901  P=  -1  D=  -1 
 X= 871 X2=1023  Y= 982 Y2=1020 P1=1023 P2=  -1 T1=1023 T2= 891  P=  -1  D=  -1 
 X= 906 X2=1023  Y= 977 Y2=1023 P1=1023 P2=  -1 T1=1023 T2= 904  P=  -1  D=  -1 
 X= 944 X2=1020  Y= 979 Y2=1021 P1=1023 P2=  -1 T1=1019 T2= 903  P=  -1  D=  -1 
 X= 957 X2=1010  Y= 979 Y2=1023 P1=1023 P2=  -1 T1=1023 T2= 886  P=  -1  D=  -1 
 X= 941 X2=1023  Y= 974 Y2=1018 P1=1023 P2=  -1 T1=1023 T2= 913  P=  -1  D=  -1 
 X= 949 X2=1021  Y= 965 Y2=1023 P1=1023 P2=  -1 T1=1020 T2= 891  P=  -1  D=  -1 
 X= 768 X2=1023  Y= 967 Y2=1020 P1=1023 P2=  -1 T1=1023 T2= 899  P=  -1  D=  -1 
 X= 908 X2=1023  Y= 976 Y2=1022 P1=1023 P2=  -1 T1=1023 T2= 906  P=  -1  D=  -1 
 X= 938 X2=1023  Y= 984 Y2=1018 P1=1023 P2=  -1 T1=1023 T2= 908  P=  -1  D=  -1 
 X= 936 X2=1023  Y= 963 Y2=1023 P1=1023 P2=  -1 T1=1021 T2= 886  P=  -1  D=  -1 
 X= 778 X2=1023  Y= 978 Y2=1023 P1=1023 P2=  -1 T1=1020 T2= 915  P=  -1  D=  -1 
 X= 991 X2=1023  Y=1018 Y2=1023 P1=1023 P2=  -1 T1=1021 T2=1012  P=  -1  D=  -1 
 X= 946 X2=1022  Y= 979 Y2=1021 P1=1023 P2=  -1 T1=1022 T2= 898  P=  -1  D=  -1 
 X= 948 X2=1023  Y= 987 Y2=1023 P1=1023 P2=  -1 T1=1023 T2= 905  P=  -1  D=  -1 
 X=1023 X2=1004  Y= 976 Y2=1020 P1=1023 P2=  -1 T1=1023 T2= 893  P=  -1  D=  -1 
 X= 915 X2=1023  Y= 978 Y2=1021 P1=1023 P2=  -1 T1=1021 T2= 920  P=  -1  D=  -1 
 X= 970 X2=1021  Y= 968 Y2=1022 P1=1023 P2=  -1 T1=1019 T2= 903  P=  -1  D=  -1 
 X= 902 X2=1023  Y= 959 Y2=1021 P1=1023 P2=  -1 T1=1023 T2= 895  P=  -1  D=  -1 
 X= 933 X2=1010  Y= 969 Y2=1023 P1=1023 P2=  -1 T1=1019 T2= 910  P=  -1  D=  -1 
 X= 945 X2=1023  Y= 966 Y2=1023 P1=1023 P2=  -1 T1=1021 T2= 901  P=  -1  D=  -1 
 X=1023 X2= 992  Y= 982 Y2=1015 P1=1023 P2=  -1 T1=1023 T2= 882  P=  -1  D=  -1 
 X=1011 X2= 990  Y= 963 Y2=1023 P1=1023 P2=  -1 T1=1023 T2= 878  P=  -1  D=  -1 
 X= 880 X2=1023  Y= 966 Y2=1023 P1=1023 P2=  -1 T1=1022 T2= 899  P=  -1  D=  -1 
 X=1023 X2=1000  Y= 973 Y2=1021 P1=1023 P2=  -1 T1=1023 T2= 901  P=  -1  D=  -1 
 X= 958 X2= 999  Y= 977 Y2=1016 P1=1023 P2=  -1 T1=1023 T2= 892  P=  -1  D=  -1 
 X= 854 X2=1023  Y= 967 Y2=1023 P1=1023 P2=  -1 T1=1019 T2= 918  P=  -1  D=  -1 
 X= 943 X2=1006  Y= 967 Y2=1021 P1=1023 P2=  -1 T1=1023 T2= 949  P=  -1  D=  -1 
 X= 838 X2=1023  Y= 973 Y2=1020 P1=1023 P2=  -1 T1=1023 T2= 897  P=  -1  D=  -1 
 X= 899 X2=1019  Y= 979 Y2=1023 P1=1023 P2=  -1 T1=1019 T2= 893  P=  -1  D=  -1 
 X= 954 X2= 993  Y= 962 Y2=1020 P1=1023 P2=  -1 T1=1023 T2= 889  P=  -1  D=  -1 
 X= 994 X2=1014  Y= 977 Y2=1020 P1=1023 P2=  -1 T1=1023 T2= 889  P=  -1  D=  -1 
 X=1000 X2=1008  Y= 955 Y2=1023 P1=1023 P2=  -1 T1=1023 T2= 889  P=  -1  D=  -1 
 X= 895 X2=1023  Y= 973 Y2=1020 P1=1023 P2=  -1 T1=1023 T2= 894  P=  -1  D=  -1 
 X= 961 X2=1023  Y= 982 Y2=1019 P1=1023 P2=  -1 T1=1023 T2= 885  P=  -1  D=  -1 
 X= 798 X2=1023  Y= 975 Y2=1023 P1=1023 P2=  -1 T1=1022 T2= 891  P=  -1  D=  -1 
 X= 806 X2=1012  Y= 971 Y2=1023 P1=1023 P2=  -1 T1=1022 T2= 907  P=  -1  D=  -1 
 X=1022 X2= 985  Y= 972 Y2=1023 P1=1023 P2=  -1 T1=1023 T2= 887  P=  -1  D=  -1 
 X= 950 X2=1019  Y= 979 Y2=1021 P1=1023 P2=  -1 T1=1020 T2= 895  P=  -1  D=  -1 
 X= 895 X2=1020  Y= 963 Y2=1023 P1=1023 P2=  -1 T1=1019 T2= 882  P=  -1  D=  -1 
 X= 948 X2=1021  Y= 962 Y2=1023 P1=1023 P2=  -1 T1=1023 T2= 897  P=  -1  D=  -1 
 X=1023 X2=1012  Y= 976 Y2=1019 P1=1023 P2=  -1 T1=1019 T2= 899  P=  -1  D=  -1 
 X= 875 X2=1023  Y= 979 Y2=1019 P1=1023 P2=  -1 T1=1023 T2= 904  P=  -1  D=  -1 
 X= 940 X2=1023  Y= 964 Y2=1018 P1=1023 P2=  -1 T1=1020 T2= 898  P=  -1  D=  -1 
 X= 847 X2=1017  Y= 950 Y2=1021 P1=1022 P2=  -1 T1=1020 T2= 916  P=  -1  D=  -1 
 X= 914 X2=1023  Y= 972 Y2=1023 P1=1023 P2=  -1 T1=1023 T2= 895  P=  -1  D=  -1 
 X= 797 X2=1023  Y= 957 Y2=1023 P1=1023 P2=  -1 T1=1019 T2= 925  P=  -1  D=  -1 
 X=1012 X2=1018  Y= 974 Y2=1023 P1=1023 P2=  -1 T1=1020 T2= 890  P=  -1  D=  -1 
 X= 850 X2=1015  Y= 975 Y2=1019 P1=1023 P2=  -1 T1=1019 T2= 895  P=  -1  D=  -1 
 X= 951 X2=1021  Y= 975 Y2=1022 P1=1023 P2=  -1 T1=1023 T2= 902  P=  -1  D=  -1 
 X= 939 X2=1019  Y= 978 Y2=1023 P1=1023 P2=  -1 T1=1021 T2= 893  P=  -1  D=  -1 
 X= 838 X2=1023  Y= 969 Y2=1022 P1=1023 P2=  -1 T1=1023 T2= 889  P=  -1  D=  -1 
 X=1019 X2=1010  Y= 959 Y2=1023 P1=1023 P2=  -1 T1=1019 T2= 917  P=  -1  D=  -1 
 X= 958 X2=1023  Y= 974 Y2=1020 P1=1023 P2=  -1 T1=1020 T2= 884  P=  -1  D=  -1 
 X= 910 X2=1015  Y= 958 Y2=1023 P1=1023 P2=  -1 T1=1020 T2= 908  P=  -1  D=  -1 
 X= 776 X2=1023  Y= 973 Y2=1021 P1=1023 P2=  -1 T1=1023 T2= 894  P=  -1  D=  -1 
 X=1023 X2=1006  Y= 980 Y2=1021 P1=1023 P2=  -1 T1=1019 T2= 878  P=  -1  D=  -1 
 X= 985 X2=1001  Y= 974 Y2=1023 P1=1023 P2=  -1 T1=1023 T2= 905  P=  -1  D=  -1 
 X= 944 X2=1023  Y= 977 Y2=1023 P1=1023 P2=  -1 T1=1019 T2= 892  P=  -1  D=  -1 
 X=1018 X2= 991  Y= 962 Y2=1023 P1=1023 P2=  -1 T1=1021 T2= 898  P=  -1  D=  -1 
 X=1023 X2= 992  Y= 980 Y2=1016 P1=1023 P2=  -1 T1=1020 T2= 905  P=  -1  D=  -1 
 X= 236 X2= 233  Y= 330 Y2= 324 P1= 686 P2= 195 T1=  22 T2=  21  P= 588  D=  -1 * 0
 X= 963 X2=1023  Y= 978 Y2=1019 P1=1023 P2=   0 T1=1020 T2= 899  P= 588  D=  -1 
 X= 236 X2= 233  Y= 330 Y2= 323 P1= 680 P2= 198 T1=  21 T2=  21  P= 569  D=  -1 * 0
 X= 237 X2= 234  Y= 330 Y2= 324 P1= 695 P2= 190 T1=  22 T2=  22  P= 624  D=  -1 * 0
 X= 238 X2= 235  Y= 332 Y2= 325 P1= 699 P2= 188 T1=  22 T2=  21  P= 641  D=  -1 * 0
 X= 238 X2= 234  Y= 331 Y2= 325 P1= 694 P2= 190 T1=  22 T2=  23  P= 625  D=  -1 * 1
 X= 236 X2= 234  Y= 331 Y2= 324 P1= 692 P2= 192 T1=  22 T2=  22  P= 611  D=  -1 * 2
 X= 237 X2= 234  Y= 331 Y2= 324 P1= 691 P2= 192 T1=  21 T2=  22  P= 610  D=  -1 * 3
 X= 237 X2= 234  Y= 331 Y2= 324 P1= 690 P2= 193 T1=  22 T2=  21  P= 605  D=  -1 * 4
 X= 237 X2= 234  Y= 332 Y2= 324 P1= 690 P2= 193 T1=  21 T2=  23  P= 605  D=  -1 * 5
 X= 236 X2= 234  Y= 332 Y2= 324 P1= 690 P2= 193 T1=  21 T2=  20  P= 605  D=  -1 * 6
 X= 236 X2= 234  Y= 331 Y2= 324 P1= 690 P2= 193 T1=  21 T2=  22  P= 605  D=  -1 * 7
 X= 237 X2= 234  Y= 331 Y2= 324 P1= 690 P2= 193 T1=  22 T2=  22  P= 605  D=  -1 * 8
 X= 237 X2= 234  Y= 331 Y2= 325 P1= 689 P2= 193 T1=  22 T2=  21  P= 603  D=  -1 * 9
 X= 237 X2= 234  Y= 332 Y2= 325 P1= 689 P2= 194 T1=  21 T2=  22  P= 599  D=  -1 * 10
 X= 237 X2= 234  Y= 332 Y2= 325 P1= 689 P2= 194 T1=  21 T2=  21  P= 599  D=  -1 * 11
 X= 237 X2= 234  Y= 332 Y2= 324 P1= 689 P2= 193 T1=  21 T2=  21  P= 603  D=  -1 * 12
 X= 236 X2= 234  Y= 331 Y2= 325 P1= 688 P2= 194 T1=  21 T2=  22  P= 598  D=  -1 * 13
 X= 236 X2= 234  Y= 331 Y2= 324 P1= 688 P2= 193 T1=  21 T2=  22  P= 602  D=  -1 * 14
 X= 236 X2= 234  Y= 331 Y2= 324 P1= 689 P2= 194 T1=  22 T2=  22  P= 599  D=  -1 * 15
 X= 236 X2= 234  Y= 331 Y2= 324 P1= 689 P2= 193 T1=  21 T2=  22  P= 603  D=  -1 * 16
 X= 237 X2= 234  Y= 331 Y2= 324 P1= 689 P2= 194 T1=  21 T2=  20  P= 599  D=  -1 * 17
 X= 236 X2= 234  Y= 332 Y2= 324 P1= 688 P2= 193 T1=  21 T2=  21  P= 602  D=  -1 * 18
 X= 238 X2= 235  Y= 331 Y2= 325 P1= 688 P2= 193 T1=  21 T2=  21  P= 605  D=  -1 * 19
 X= 238 X2= 237  Y= 329 Y2= 324 P1= 688 P2= 193 T1=  22 T2=  22  P= 607  D=  -1 * 20
 X= 234 X2= 234  Y= 331 Y2= 324 P1= 689 P2= 194 T1=  21 T2=  22  P= 596  D=  -1 * 21
 X= 237 X2= 234  Y= 330 Y2= 324 P1= 689 P2= 194 T1=  21 T2=  22  P= 599  D=  -1 * 22
 X= 236 X2= 233  Y= 331 Y2= 324 P1= 689 P2= 193 T1=  22 T2=  21  P= 601  D=  -1 * 23
 X= 237 X2= 234  Y= 331 Y2= 325 P1= 689 P2= 193 T1=  21 T2=  22  P= 603  D=  -1 * 24
Remove Pin
 X= 237 X2= 233  Y= 330 Y2= 324 P1= 689 P2= 194 T1=  21 T2=  22  P= 599  D=  -1 * 24
 X= 236 X2= 234  Y= 332 Y2= 323 P1= 689 P2= 194 T1=  21 T2=  21  P= 599  D=  -1 * 24
 X= 236 X2= 234  Y= 331 Y2= 324 P1= 689 P2= 194 T1=  22 T2=  21  P= 599  D=  -1 * 24
 X= 238 X2= 234  Y= 331 Y2= 324 P1= 688 P2= 194 T1=  21 T2=  21  P= 600  D=  -1 * 24
 X= 237 X2= 235  Y= 331 Y2= 324 P1= 689 P2= 194 T1=  21 T2=  21  P= 602  D=  -1 * 24
 X= 238 X2= 234  Y= 331 Y2= 325 P1= 688 P2= 194 T1=  20 T2=  22  P= 600  D=  -1 * 24
 X= 236 X2= 234  Y= 331 Y2= 324 P1= 688 P2= 194 T1=  22 T2=  21  P= 598  D=  -1 * 24
 X= 237 X2= 233  Y= 331 Y2= 324 P1= 689 P2= 194 T1=  22 T2=  22  P= 599  D=  -1 * 24
 X= 236 X2= 234  Y= 332 Y2= 325 P1= 689 P2= 194 T1=  22 T2=  22  P= 599  D=  -1 * 24
 X= 237 X2= 233  Y= 330 Y2= 324 P1= 688 P2= 194 T1=  21 T2=  18  P= 598  D=  -1 * 24
 X= 237 X2= 234  Y= 331 Y2= 325 P1= 688 P2= 193 T1=  21 T2=  21  P= 602  D=  -1 * 24
 X= 236 X2= 234  Y= 331 Y2= 324 P1= 688 P2= 193 T1=  21 T2=  21  P= 602  D=  -1 * 24
 X= 250 X2= 233  Y= 331 Y2= 324 P1= 688 P2= 193 T1=  21 T2=  21  P= 617  D=  -1 * 24
 X= 237 X2= 233  Y= 332 Y2= 324 P1= 688 P2= 194 T1=  22 T2=  21  P= 598  D=  -1 * 24
 X= 237 X2= 233  Y= 331 Y2= 325 P1= 689 P2= 194 T1=  21 T2=  22  P= 599  D=  -1 * 24
 X= 237 X2= 235  Y= 330 Y2= 323 P1= 689 P2= 194 T1=  21 T2=  22  P= 602  D=  -1 * 24
 X= 237 X2= 234  Y= 332 Y2= 324 P1= 688 P2= 194 T1=  23 T2=  21  P= 598  D=  -1 * 24
 X= 235 X2= 235  Y= 331 Y2= 324 P1= 688 P2= 194 T1=  21 T2=  21  P= 598  D=  -1 * 24
 X= 237 X2= 234  Y= 331 Y2= 324 P1= 688 P2= 193 T1=  22 T2=  21  P= 602  D=  -1 * 24
 X= 237 X2= 234  Y= 331 Y2= 325 P1= 688 P2= 194 T1=  22 T2=  21  P= 598  D=  -1 * 24
 X= 242 X2= 234  Y= 332 Y2= 324 P1= 688 P2= 194 T1=  21 T2=  21  P= 605  D=  -1 * 24
 X= 237 X2= 234  Y= 331 Y2= 324 P1= 688 P2= 194 T1=  21 T2=  21  P= 598  D=  -1 * 24
 X= 237 X2= 234  Y= 331 Y2= 324 P1= 688 P2= 194 T1=  21 T2=  21  P= 598  D=  -1 * 24
 X= 236 X2= 235  Y= 332 Y2= 323 P1= 688 P2= 194 T1=  21 T2=  22  P= 598  D=  -1 * 24
 X= 241 X2= 234  Y= 331 Y2= 326 P1= 688 P2= 193 T1=  21 T2=  21  P= 607  D=  -1 * 24
 X= 236 X2= 233  Y= 331 Y2= 324 P1= 688 P2= 194 T1=  22 T2=  21  P= 595  D=  -1 * 24
 X= 236 X2= 234  Y= 330 Y2= 325 P1= 687 P2= 195 T1=  21 T2=  21  P= 592  D=  -1 * 24
 X= 236 X2= 234  Y= 332 Y2= 325 P1= 687 P2= 195 T1=  21 T2=  23  P= 592  D=  -1 * 24
 X= 234 X2= 233  Y= 332 Y2= 325 P1= 688 P2= 194 T1=  21 T2=  21  P= 593  D=  -1 * 24
 X= 237 X2= 233  Y= 332 Y2= 325 P1= 688 P2= 194 T1=  21 T2=  21  P= 598  D=  -1 * 24
 X= 236 X2= 233  Y= 332 Y2= 325 P1= 688 P2= 193 T1=  21 T2=  22  P= 599  D=  -1 * 24
 X= 236 X2= 233  Y= 332 Y2= 324 P1= 688 P2= 194 T1=  21 T2=  21  P= 595  D=  -1 * 24
 X= 236 X2= 233  Y= 331 Y2= 324 P1= 686 P2= 194 T1=  21 T2=  21  P= 593  D=  -1 * 24
 X= 236 X2= 233  Y= 331 Y2= 325 P1= 687 P2= 195 T1=  19 T2=  21  P= 590  D=  -1 * 24
 X= 235 X2= 234  Y= 333 Y2= 325 P1= 686 P2= 195 T1=  21 T2=  24  P= 588  D=  -1 * 24
 X= 236 X2= 233  Y= 332 Y2= 325 P1= 685 P2= 194 T1=  22 T2=  21  P= 592  D=  -1 * 24
 X= 256 X2= 254  Y= 368 Y2= 375 P1= 906 P2=  71 T1=  38 T2= 902  P= 592  D=  -1 
 X= 948 X2=1002  Y= 976 Y2=1020 P1=1023 P2=   0 T1=1021 T2= 921  P= 592  D=  -1 
 X=1023 X2= 990  Y= 967 Y2=1023 P1=1023 P2=   0 T1=1023 T2= 885  P= 592  D=  -1 
 X= 970 X2=1004  Y= 973 Y2=1018 P1=1023 P2=   0 T1=1023 T2= 902  P= 592  D=  -1 
target state=1 point=456,22
 X= 955 X2= 989  Y= 973 Y2=1019 P1=1023 P2=   0 T1=1023 T2= 893  P= 592  D=  -1 
 X= 956 X2=1023  Y= 968 Y2=1022 P1=1023 P2=   0 T1=1023 T2= 896  P= 592  D=  -1 
 X= 950 X2=1023  Y= 983 Y2=1020 P1=1023 P2=   0 T1=1019 T2= 922  P= 592  D=  -1 
 X= 807 X2=1023  Y= 977 Y2=1023 P1=1023 P2=   0 T1=1023 T2= 882  P= 592  D=  -1 
 X= 818 X2=1023  Y= 983 Y2=1021 P1=1023 P2=   0 T1=1020 T2= 922  P= 592  D=  -1 
 X= 994 X2= 988  Y= 966 Y2=1023 P1=1023 P2=   0 T1=1023 T2= 909  P= 592  D=  -1 
 X= 958 X2=1019  Y= 975 Y2=1021 P1=1023 P2=   0 T1=1023 T2= 901  P= 592  D=  -1 
 X= 949 X2=1023  Y= 985 Y2=1019 P1=1023 P2=   0 T1=1022 T2= 899  P= 592  D=  -1 
 X=1023 X2=1004  Y= 977 Y2=1017 P1=1023 P2=   0 T1=1023 T2= 884  P= 592  D=  -1 
 X=1023 X2=1008  Y= 968 Y2=1019 P1=1023 P2=   0 T1=1021 T2= 897  P= 592  D=  -1 
 X= 889 X2=1023  Y= 973 Y2=1020 P1=1023 P2=   0 T1=1020 T2= 870  P= 592  D=  -1 
 X= 954 X2=1021  Y= 967 Y2=1019 P1=1023 P2=   0 T1=1020 T2= 907  P= 592  D=  -1 
 X= 872 X2=1014  Y= 972 Y2=1023 P1=1023 P2=   0 T1=1020 T2= 897  P= 592  D=  -1 
 X= 915 X2=1023  Y= 978 Y2=1018 P1=1023 P2=   0 T1=1019 T2= 899  P= 592  D=  -1 
 X=1023 X2=1013  Y= 974 Y2=1023 P1=1023 P2=   0 T1=1023 T2= 892  P= 592  D=  -1 
 X= 978 X2=1013  Y= 966 Y2=1023 P1=1023 P2=   0 T1=1023 T2= 902  P= 592  D=  -1 
 X= 875 X2=1017  Y= 963 Y2=1023 P1=1023 P2=   0 T1=1023 T2= 893  P= 592  D=  -1 
 X= 948 X2=1023  Y= 984 Y2=1018 P1=1023 P2=   0 T1=1020 T2= 899  P= 592  D=  -1 
 X= 926 X2= 983  Y= 979 Y2=1020 P1=1023 P2=   0 T1=1023 T2= 902  P= 592  D=  -1 
 X= 808 X2=1023  Y= 980 Y2=1022 P1=1023 P2=   0 T1=1023 T2= 905  P= 592  D=  -1 
 X= 960 X2=1023  Y= 980 Y2=1019 P1=1023 P2=   0 T1=1023 T2= 893  P= 592  D=  -1 
 X= 894 X2=1021  Y= 966 Y2=1023 P1=1023 P2=   0 T1=1022 T2= 910  P= 592  D=  -1 
 X= 865 X2=1021  Y= 992 Y2=1022 P1=1023 P2=   0 T1=1020 T2= 919  P= 592  D=  -1 
 X= 841 X2=1023  Y= 959 Y2=1022 P1=1023 P2=   0 T1=1023 T2= 907  P= 592  D=  -1 
 X=1007 X2= 989  Y= 977 Y2=1020 P1=1023 P2=   0 T1=1023 T2= 896  P= 592  D=  -1 
 X= 976 X2=1003  Y= 965 Y2=1023 P1=1023 P2=   0 T1=1022 T2= 895  P= 592  D=  -1 
 X= 849 X2=1023  Y= 970 Y2=1023 P1=1023 P2=   0 T1=1023 T2= 903  P= 592  D=  -1 
 X=1020 X2=1013  Y= 979 Y2=1023 P1=1023 P2=   0 T1=1023 T2= 921  P= 592  D=  -1 
 X= 870 X2=1023  Y= 962 Y2=1021 P1=1023 P2=   0 T1=1019 T2= 899  P= 592  D=  -1 
 X= 871 X2=1023  Y= 982 Y2=1022 P1=1023 P2=   0 T1=1019 T2= 894  P= 592  D=  -1 
 X= 901 X2=1023  Y= 974 Y2=1019 P1=1023 P2=   0 T1=1019 T2= 914  P= 592  D=  -1 
 X= 856 X2=1014  Y= 967 Y2=1023 P1=1023 P2=   0 T1=1018 T2= 901  P= 592  D=  -1 
 X= 948 X2=1023  Y= 973 Y2=1021 P1=1023 P2=   0 T1=1023 T2= 887  P= 592  D=  -1 
 X=1023 X2=1006  Y= 968 Y2=1021 P1=1023 P2=   0 T1=1021 T2= 909  P= 592  D=  -1 
 X= 854 X2=1014  Y= 966 Y2=1023 P1=1022 P2=   0 T1=1023 T2= 899  P= 592  D=  -1 
 X= 963 X2=1022  Y= 984 Y2=1019 P1=1023 P2=   0 T1=1023 T2= 904  P= 592  D=  -1 
 X= 951 X2=1023  Y= 971 Y2=1023 P1=1023 P2=   0 T1=1023 T2= 916  P= 592  D=  -1 
 X= 935 X2=1019  Y= 975 Y2=1023 P1=1023 P2=   0 T1=1023 T2= 903  P= 592  D=  -1 
 X= 792 X2=1023  Y= 971 Y2=1023 P1=1023 P2=   0 T1=1020 T2= 892  P= 592  D=  -1 
 X= 881 X2=1023  Y= 979 Y2=1019 P1=1023 P2=   0 T1=1021 T2= 872  P= 592  D=  -1 
 X= 972 X2=1003  Y= 971 Y2=1021 P1=1023 P2=   0 T1=1023 T2= 894  P= 592  D=  -1 
 X= 840 X2=1023  Y= 976 Y2=1023 P1=1023 P2=   0 T1=1020 T2= 921  P= 592  D=  -1 
 X= 948 X2= 991  Y= 963 Y2=1023 P1=1023 P2=   0 T1=1023 T2= 908  P= 592  D=  -1 
 X=1023 X2=1013  Y= 964 Y2=1020 P1=1023 P2=   0 T1=1023 T2= 911  P= 592  D=  -1 
 X= 980 X2=1004  Y= 973 Y2=1023 P1=1023 P2=   0 T1=1020 T2= 888  P= 592  D=  -1 
 X= 944 X2=1022  Y= 976 Y2=1023 P1=1023 P2=   0 T1=1020 T2= 905  P= 592  D=  -1 
 X= 953 X2=1020  Y= 966 Y2=1023 P1=1023 P2=   0 T1=1023 T2= 871  P= 592  D=  -1 
 X=1023 X2= 990  Y= 964 Y2=1023 P1=1023 P2=   0 T1=1021 T2= 899  P= 592  D=  -1 
 X= 952 X2=1020  Y= 979 Y2=1019 P1=1023 P2=   0 T1=1021 T2= 894  P= 592  D=  -1 
 X= 989 X2=1013  Y= 970 Y2=1023 P1=1023 P2=   0 T1=1023 T2= 866  P= 592  D=  -1 
 X= 847 X2=1015  Y= 967 Y2=1023 P1=1023 P2=   0 T1=1023 T2= 900  P= 592  D=  -1 
 X= 907 X2=1016  Y= 971 Y2=1023 P1=1023 P2=   0 T1=1023 T2= 899  P= 592  D=  -1 
 X= 937 X2=1020  Y= 978 Y2=1018 P1=1023 P2=   0 T1=1020 T2= 885  P= 592  D=  -1 
 X= 996 X2= 990  Y= 970 Y2=1020 P1=1023 P2=   0 T1=1023 T2= 872  P= 592  D=  -1 
 X= 918 X2=1023  Y= 970 Y2=1023 P1=1023 P2=   0 T1=1023 T2= 901  P= 592  D=  -1 
 X=1023 X2=1004  Y= 975 Y2=1022 P1=1023 P2=   0 T1=1023 T2= 910  P= 592  D=  -1 
 X= 940 X2=1020  Y= 980 Y2=1020 P1=1023 P2=   0 T1=1020 T2= 903  P= 592  D=  -1 
 X= 787 X2=1023  Y= 976 Y2=1023 P1=1023 P2=   0 T1=1023 T2= 921  P= 592  D=  -1 
 X= 862 X2=1023  Y= 972 Y2=1023 P1=1023 P2=   0 T1=1019 T2= 894  P= 592  D=  -1 
 X= 985 X2=1012  Y= 964 Y2=1020 P1=1023 P2=   0 T1=1020 T2= 894  P= 592  D=  -1 
 X= 895 X2=1015  Y= 957 Y2=1023 P1=1023 P2=   0 T1=1020 T2= 907  P= 592  D=  -1 
 X= 945 X2=1023  Y= 970 Y2=1019 P1=1023 P2=   0 T1=1023 T2= 902  P= 592  D=  -1 
 X=1023 X2=1018  Y= 965 Y2=1023 P1=1023 P2=   0 T1=1023 T2= 897  P= 592  D=  -1 
 X= 962 X2=1023  Y= 974 Y2=1016 P1=1023 P2=   0 T1=1023 T2= 888  P= 592  D=  -1 
 X= 949 X2=1023  Y= 981 Y2=1017 P1=1023 P2=   0 T1=1020 T2= 874  P= 592  D=  -1 
 X= 945 X2=1020  Y= 970 Y2=1023 P1=1023 P2=   0 T1=1020 T2= 887  P= 592  D=  -1 
 X= 793 X2=1023  Y= 971 Y2=1021 P1=1023 P2=   0 T1=1023 T2= 879  P= 592  D=  -1 
 X= 866 X2=1021  Y= 974 Y2=1023 P1=1023 P2=   0 T1=1023 T2= 892  P= 592  D=  -1 
 X=1003 X2= 989  Y= 971 Y2=1019 P1=1023 P2=   0 T1=1023 T2= 886  P= 592  D=  -1 
 X= 950 X2=1020  Y= 973 Y2=1023 P1=1023 P2=   0 T1=1022 T2= 893  P= 592  D=  -1 
 X= 808 X2= 808  Y= 323 Y2= 331 P1= 805 P2= 353 T1=  12 T2= 913  P= 592  D=  -1 * 0
 X= 986 X2=1009  Y= 961 Y2=1019 P1=1023 P2=   0 T1=1023 T2= 874  P= 592  D=  -1 
 X= 809 X2= 807  Y= 325 Y2= 332 P1= 803 P2= 473 T1=  15 T2=  14  P= 563  D=  -1 * 0
 X= 808 X2= 807  Y= 325 Y2= 331 P1= 801 P2= 476 T1=  15 T2=  14  P= 550  D=  -1 * 0
 X= 809 X2= 806  Y= 324 Y2= 330 P1= 801 P2= 477 T1=  14 T2=  14  P= 547  D=  -1 * 0
 X= 806 X2= 806  Y= 324 Y2= 330 P1= 800 P2= 478 T1=  14 T2=  14  P= 542  D=  -1 * 1
 X= 808 X2= 806  Y= 324 Y2= 331 P1= 799 P2= 478 T1=  14 T2=  13  P= 541  D=  -1 * 2
 X= 808 X2= 806  Y= 323 Y2= 330 P1= 800 P2= 479 T1=  14 T2=  14  P= 540  D=  -1 * 3
 X= 807 X2= 806  Y= 323 Y2= 331 P1= 799 P2= 478 T1=  12 T2=  16  P= 540  D=  -1 * 4
 X= 808 X2= 807  Y= 323 Y2= 329 P1= 798 P2= 479 T1=  13 T2=  14  P= 536  D=  -1 * 5
 X= 808 X2= 806  Y= 323 Y2= 330 P1= 799 P2= 479 T1=  11 T2=  14  P= 539  D=  -1 * 6
 X= 808 X2= 806  Y= 323 Y2= 329 P1= 799 P2= 479 T1=  14 T2=  14  P= 539  D=  -1 * 7
 X= 808 X2= 807  Y= 324 Y2= 330 P1= 799 P2= 479 T1=  14 T2=  14  P= 539  D=  -1 * 8
 X= 807 X2= 804  Y= 323 Y2= 330 P1= 798 P2= 479 T1=  14 T2=  11  P= 535  D=  -1 * 9
 X= 808 X2= 805  Y= 323 Y2= 332 P1= 799 P2= 478 T1=  14 T2=  13  P= 540  D=  -1 * 10
 X= 808 X2= 806  Y= 323 Y2= 329 P1= 799 P2= 480 T1=  14 T2=  13  P= 535  D=  -1 * 11
 X= 808 X2= 806  Y= 324 Y2= 330 P1= 798 P2= 480 T1=  14 T2=  14  P= 534  D=  -1 * 12
 X= 808 X2= 807  Y= 324 Y2= 332 P1= 799 P2= 479 T1=  13 T2=  14  P= 539  D=  -1 * 13
 X= 805 X2= 806  Y= 325 Y2= 333 P1= 798 P2= 480 T1=  13 T2=  14  P= 532  D=  -1 * 14
 X= 807 X2= 806  Y= 323 Y2= 330 P1= 799 P2= 480 T1=  17 T2=  14  P= 535  D=  -1 * 15
 X= 813 X2= 806  Y= 324 Y2= 331 P1= 799 P2= 480 T1=  14 T2=  14  P= 537  D=  -1 * 16
 X= 807 X2= 807  Y= 324 Y2= 330 P1= 799 P2= 480 T1=  13 T2=  15  P= 535  D=  -1 * 17
 X= 808 X2= 806  Y= 323 Y2= 330 P1= 799 P2= 480 T1=  13 T2=  14  P= 535  D=  -1 * 18
 X= 806 X2= 806  Y= 323 Y2= 330 P1= 799 P2= 480 T1=  14 T2=  14  P= 535  D=  -1 * 19
 X= 807 X2= 806  Y= 324 Y2= 330 P1= 799 P2= 480 T1=  14 T2=  13  P= 535  D=  -1 * 20
 X= 807 X2= 807  Y= 324 Y2= 329 P1= 799 P2= 480 T1=  14 T2=  14  P= 535  D=  -1 * 21
 X= 807 X2= 807  Y= 323 Y2= 331 P1= 799 P2= 480 T1=  13 T2=  14  P= 535  D=  -1 * 22
 X= 807 X2= 805  Y= 323 Y2= 330 P1= 799 P2= 480 T1=  13 T2=  15  P= 535  D=  -1 * 23
 X= 809 X2= 806  Y= 323 Y2= 330 P1= 799 P2= 480 T1=  14 T2=  14  P= 535  D=  -1 * 24
Remove Pin
 X= 809 X2= 806  Y= 323 Y2= 331 P1= 798 P2= 481 T1=  14 T2=  12  P= 531  D=  -1 * 24
 X= 808 X2= 807  Y= 323 Y2= 330 P1= 798 P2= 479 T1=  14 T2=  13  P= 536  D=  -1 * 24
 X= 808 X2= 807  Y= 324 Y2= 329 P1= 799 P2= 479 T1=  14 T2=  14  P= 539  D=  -1 * 24
 X= 807 X2= 806  Y= 320 Y2= 330 P1= 799 P2= 480 T1=  14 T2=  14  P= 535  D=  -1 * 24
 X= 808 X2= 806  Y= 323 Y2= 330 P1= 798 P2= 480 T1=  13 T2=  14  P= 534  D=  -1 * 24
 X= 808 X2= 806  Y= 323 Y2= 330 P1= 799 P2= 480 T1=  14 T2=  14  P= 535  D=  -1 * 24
 X= 808 X2= 807  Y= 324 Y2= 330 P1= 799 P2= 479 T1=  14 T2=  13  P= 539  D=  -1 * 24
 X= 807 X2= 807  Y= 323 Y2= 330 P1= 798 P2= 480 T1=  15 T2=  15  P= 534  D=  -1 * 24
 X= 808 X2= 806  Y= 324 Y2= 330 P1= 799 P2= 480 T1=  14 T2=  14  P= 535  D=  -1 * 24
 X= 807 X2= 806  Y= 323 Y2= 330 P1= 799 P2= 479 T1=  14 T2=  15  P= 538  D=  -1 * 24
 X= 807 X2= 806  Y= 323 Y2= 330 P1= 799 P2= 480 T1=  14 T2=  12  P= 535  D=  -1 * 24
 X= 808 X2= 807  Y= 323 Y2= 330 P1= 799 P2= 479 T1=  13 T2=  13  P= 539  D=  -1 * 24
 X= 810 X2= 806  Y= 324 Y2= 329 P1= 798 P2= 479 T1=  14 T2=  14  P= 537  D=  -1 * 24
 X= 807 X2= 806  Y= 323 Y2= 330 P1= 799 P2= 480 T1=  14 T2=  13  P= 535  D=  -1 * 24
 X= 807 X2= 806  Y= 323 Y2= 330 P1= 798 P2= 480 T1=  13 T2=  13  P= 533  D=  -1 * 24
 X= 809 X2= 806  Y= 323 Y2= 330 P1= 799 P2= 479 T1=  14 T2=  14  P= 539  D=  -1 * 24
 X= 808 X2= 806  Y= 323 Y2= 330 P1= 798 P2= 480 T1=  14 T2=  14  P= 534  D=  -1 * 24
 X= 808 X2= 806  Y= 324 Y2= 330 P1= 799 P2= 480 T1=  14 T2=  13  P= 535  D=  -1 * 24
 X= 807 X2= 807  Y= 323 Y2= 330 P1= 799 P2= 480 T1=  13 T2=  16  P= 535  D=  -1 * 24
 X= 807 X2= 806  Y= 323 Y2= 330 P1= 799 P2= 479 T1=  14 T2=  13  P= 538  D=  -1 * 24
 X= 808 X2= 807  Y= 323 Y2= 330 P1= 799 P2= 480 T1=  14 T2=  15  P= 535  D=  -1 * 24
 X= 808 X2= 808  Y= 323 Y2= 330 P1= 799 P2= 479 T1=  14 T2=  13  P= 539  D=  -1 * 24
 X= 807 X2= 807  Y= 324 Y2= 332 P1= 801 P2= 474 T1=  14 T2=  15  P= 556  D=  -1 * 24
 X= 808 X2= 806  Y= 325 Y2= 330 P1= 802 P2= 474 T1=  14 T2=  15  P= 557  D=  -1 * 24
 X= 816 X2= 813  Y= 341 Y2= 350 P1= 858 P2= 350 T1=  31 T2=  30  P= 557  D=  -1 
 X= 940 X2=1019  Y= 959 Y2=1023 P1=1023 P2=   0 T1=1023 T2= 874  P= 557  D=  -1 
 X= 963 X2=1004  Y= 970 Y2=1023 P1=1023 P2=   0 T1=1023 T2= 900  P= 557  D=  -1 
 X= 830 X2=1023  Y= 969 Y2=1020 P1=1023 P2=   0 T1=1023 T2= 894  P= 557  D=  -1 
target state=2 point=456,249
 X=1023 X2=1007  Y= 976 Y2=1018 P1=1023 P2=   0 T1=1023 T2= 897  P= 557  D=  -1 
 X= 844 X2=1016  Y= 958 Y2=1020 P1=1023 P2=   0 T1=1020 T2= 871  P= 557  D=  -1 
 X= 867 X2=1023  Y= 980 Y2=1023 P1=1023 P2=   0 T1=1020 T2= 896  P= 557  D=  -1 
 X= 801 X2=1023  Y= 964 Y2=1023 P1=1023 P2=   0 T1=1023 T2= 881  P= 557  D=  -1 
 X=1023 X2=1012  Y= 984 Y2=1019 P1=1023 P2=   0 T1=1019 T2= 892  P= 557  D=  -1 
 X= 943 X2=1023  Y= 974 Y2=1021 P1=1023 P2=   0 T1=1020 T2= 883  P= 557  D=  -1 
 X= 925 X2=1022  Y= 990 Y2=1019 P1=1023 P2=   0 T1=1021 T2= 916  P= 557  D=  -1 
 X= 960 X2=1020  Y= 966 Y2=1018 P1=1023 P2=   0 T1=1023 T2= 886  P= 557  D=  -1 
 X= 795 X2=1023  Y= 958 Y2=1023 P1=1023 P2=   0 T1=1020 T2= 908  P= 557  D=  -1 
 X= 874 X2=1023  Y= 986 Y2=1019 P1=1023 P2=   0 T1=1020 T2= 883  P= 557  D=  -1 
 X= 909 X2=1023  Y= 956 Y2=1023 P1=1023 P2=   0 T1=1023 T2= 896  P= 557  D=  -1 
 X= 974 X2=1012  Y= 980 Y2=1023 P1=1023 P2=   0 T1=1018 T2= 898  P= 557  D=  -1 
 X= 830 X2=1023  Y= 973 Y2=1021 P1=1023 P2=   0 T1=1023 T2= 890  P= 557  D=  -1 
 X=1019 X2= 990  Y= 971 Y2=1018 P1=1023 P2=   0 T1=1023 T2= 890  P= 557  D=  -1 
 X=1023 X2=1012  Y= 960 Y2=1019 P1=1023 P2=   0 T1=1023 T2= 900  P= 557  D=  -1 
 X= 908 X2=1023  Y= 985 Y2=1019 P1=1023 P2=   0 T1=1021 T2= 895  P= 557  D=  -1 
 X= 957 X2=1021  Y= 968 Y2=1017 P1=1023 P2=   0 T1=1020 T2= 900  P= 557  D=  -1 
 X= 946 X2= 984  Y= 974 Y2=1019 P1=1021 P2=   0 T1=1023 T2= 910  P= 557  D=  -1 
 X= 962 X2= 986  Y= 975 Y2=1020 P1=1023 P2=   0 T1=1023 T2= 905  P= 557  D=  -1 
 X= 968 X2=1023  Y= 971 Y2=1023 P1=1023 P2=   0 T1=1023 T2= 911  P= 557  D=  -1 
 X= 779 X2=1023  Y= 987 Y2=1019 P1=1023 P2=   0 T1=1023 T2= 887  P= 557  D=  -1 
 X= 910 X2=1019  Y= 957 Y2=1023 P1=1023 P2=   0 T1=1021 T2= 894  P= 557  D=  -1 
 X= 933 X2= 998  Y= 957 Y2=1019 P1=1023 P2=   0 T1=1021 T2= 895  P= 557  D=  -1 
 X=1023 X2=1006  Y= 968 Y2=1020 P1=1023 P2=   0 T1=1021 T2= 867  P= 557  D=  -1 
 X= 986 X2= 988  Y= 963 Y2=1023 P1=1023 P2=   0 T1=1023 T2= 895  P= 557  D=  -1 
 X= 888 X2=1023  Y= 971 Y2=1023 P1=1023 P2=   0 T1=1023 T2= 902  P= 557  D=  -1 
 X=1023 X2=1001  Y= 984 Y2=1019 P1=1023 P2=   0 T1=1020 T2= 913  P= 557  D=  -1 
 X= 947 X2=1023  Y= 955 Y2=1023 P1=1023 P2=   0 T1=1023 T2= 891  P= 557  D=  -1 
 X= 901 X2=1023  Y= 959 Y2=1022 P1=1023 P2=   0 T1=1022 T2= 904  P= 557  D=  -1 
 X=1005 X2= 987  Y= 970 Y2=1023 P1=1023 P2=   0 T1=1021 T2= 907  P= 557  D=  -1 
 X= 978 X2=1010  Y= 964 Y2=1023 P1=1023 P2=   0 T1=1019 T2= 878  P= 557  D=  -1 
 X= 852 X2=1014  Y= 971 Y2=1023 P1=1023 P2=   0 T1=1022 T2= 898  P= 557  D=  -1 
 X= 951 X2=1018  Y= 965 Y2=1023 P1=1023 P2=   0 T1=1021 T2= 896  P= 557  D=  -1 
 X= 987 X2= 999  Y= 961 Y2=1023 P1=1023 P2=   0 T1=1020 T2= 884  P= 557  D=  -1 
 X= 877 X2=1023  Y= 968 Y2=1018 P1=1023 P2=   0 T1=1023 T2= 894  P= 557  D=  -1 
 X= 956 X2=1023  Y= 977 Y2=1019 P1=1023 P2=   0 T1=1019 T2= 910  P= 557  D=  -1 
 X=1019 X2=1018  Y= 976 Y2=1022 P1=1023 P2=   0 T1=1020 T2= 904  P= 557  D=  -1 
 X= 904 X2=1023  Y= 969 Y2=1020 P1=1023 P2=   0 T1=1023 T2= 887  P= 557  D=  -1 
 X= 895 X2=1023  Y= 978 Y2=1023 P1=1023 P2=   0 T1=1022 T2= 888  P= 557  D=  -1 
 X= 985 X2=1013  Y= 963 Y2=1022 P1=1023 P2=   0 T1=1023 T2= 881  P= 557  D=  -1 
 X= 878 X2=1023  Y= 970 Y2=1021 P1=1023 P2=   0 T1=1022 T2= 907  P= 557  D=  -1 
 X= 950 X2=1020  Y= 983 Y2=1023 P1=1023 P2=   0 T1=1020 T2= 911  P= 557  D=  -1 
 X=1023 X2= 991  Y= 980 Y2=1018 P1=1023 P2=   0 T1=1023 T2= 907  P= 557  D=  -1 
 X= 818 X2=1023  Y= 950 Y2=1019 P1=1023 P2=   0 T1=1019 T2= 912  P= 557  D=  -1 
 X=1023 X2=1018  Y= 986 Y2=1020 P1=1023 P2=   0 T1=1020 T2= 900  P= 557  D=  -1 
 X= 925 X2=1017  Y= 981 Y2=1023 P1=1023 P2=   0 T1=1019 T2= 981  P= 557  D=  -1 
 X= 808 X2=1023  Y= 983 Y2=1023 P1=1023 P2=   0 T1=1023 T2= 907  P= 557  D=  -1 
 X= 950 X2=1023  Y= 989 Y2=1023 P1=1023 P2=   0 T1=1019 T2= 895  P= 557  D=  -1 
 X=1004 X2= 992  Y= 972 Y2=1023 P1=1022 P2=   0 T1=1021 T2= 882  P= 557  D=  -1 
 X= 994 X2=1004  Y= 979 Y2=1023 P1=1023 P2=   0 T1=1021 T2= 900  P= 557  D=  -1 
 X= 878 X2=1023  Y= 977 Y2=1017 P1=1023 P2=   0 T1=1023 T2= 885  P= 557  D=  -1 
 X= 936 X2=1023  Y= 981 Y2=1020 P1=1023 P2=   0 T1=1023 T2= 897  P= 557  D=  -1 
 X=1023 X2=1022  Y= 973 Y2=1021 P1=1023 P2=   0 T1=1021 T2= 919  P= 557  D=  -1 
 X= 889 X2=1023  Y= 984 Y2=1019 P1=1023 P2=   0 T1=1023 T2= 877  P= 557  D=  -1 
 X= 960 X2=1023  Y= 979 Y2=1023 P1=1023 P2=   0 T1=1023 T2= 903  P= 557  D=  -1 
 X= 884 X2=1020  Y= 970 Y2=1019 P1=1023 P2=   0 T1=1019 T2= 882  P= 557  D=  -1 
 X= 856 X2=1019  Y= 965 Y2=1023 P1=1023 P2=   0 T1=1021 T2= 891  P= 557  D=  -1 
 X= 990 X2=1005  Y= 976 Y2=1021 P1=1023 P2=   0 T1=1023 T2= 870  P= 557  D=  -1 
 X= 983 X2=1022  Y=1019 Y2=1023 P1=1023 P2=   0 T1=1022 T2=1020  P= 557  D=  -1 
 X= 875 X2=1016  Y= 972 Y2=1020 P1=1023 P2=   0 T1=1023 T2= 893  P= 557  D=  -1 
 X= 938 X2= 988  Y= 971 Y2=1018 P1=1023 P2=   0 T1=1021 T2= 890  P= 557  D=  -1 
 X= 847 X2=1017  Y= 969 Y2=1021 P1=1023 P2=   0 T1=1023 T2= 900  P= 557  D=  -1 
 X= 829 X2=1023  Y= 973 Y2=1020 P1=1023 P2=   0 T1=1023 T2= 888  P= 557  D=  -1 
 X= 879 X2=1023  Y= 977 Y2=1021 P1=1023 P2=   0 T1=1022 T2= 912  P= 557  D=  -1 
 X= 989 X2=1003  Y= 973 Y2=1019 P1=1023 P2=   0 T1=1023 T2= 902  P= 557  D=  -1 
 X= 807 X2=1010  Y= 972 Y2=1023 P1=1023 P2=   0 T1=  13 T2= 885  P= 557  D=  -1 * 0
 X=1023 X2=1003  Y= 973 Y2=1020 P1=1023 P2=   0 T1=1019 T2=  25  P= 557  D=  -1 
 X= 809 X2= 809  Y= 707 Y2= 711 P1= 911 P2= 528 T1=  19 T2=  15  P= 586  D=  -1 * 0
 X= 808 X2= 809  Y= 706 Y2= 711 P1= 910 P2= 533 T1=  15 T2=  14  P= 571  D=  -1 * 0
 X= 808 X2= 809  Y= 707 Y2= 710 P1= 910 P2= 532 T1=  14 T2=  12  P= 573  D=  -1 * 0
 X= 807 X2= 809  Y= 706 Y2= 711 P1= 910 P2= 533 T1=  15 T2=  14  P= 571  D=  -1 * 1
 X= 808 X2= 809  Y= 707 Y2= 710 P1= 909 P2= 534 T1=  15 T2=  14  P= 567  D=  -1 * 2
 X= 807 X2= 808  Y= 706 Y2= 711 P1= 905 P2= 535 T1=  14 T2=  15  P= 557  D=  -1 * 3
 X= 807 X2= 808  Y= 706 Y2= 711 P1= 909 P2= 536 T1=  15 T2=  15  P= 560  D=  -1 * 4
 X= 807 X2= 809  Y= 706 Y2= 711 P1= 909 P2= 537 T1=  14 T2=  13  P= 559  D=  -1 * 5
 X= 807 X2= 811  Y= 707 Y2= 710 P1= 910 P2= 537 T1=  15 T2=  14  P= 561  D=  -1 * 6
 X= 808 X2= 809  Y= 709 Y2= 715 P1= 909 P2= 537 T1=  14 T2=  14  P= 559  D=  -1 * 7
 X= 808 X2= 809  Y= 707 Y2= 711 P1= 909 P2= 538 T1=  14 T2=  14  P= 556  D=  -1 * 8
 X= 808 X2= 808  Y= 707 Y2= 710 P1= 909 P2= 537 T1=  14 T2=  14  P= 559  D=  -1 * 9
 X= 807 X2= 809  Y= 707 Y2= 711 P1= 909 P2= 537 T1=  14 T2=  14  P= 559  D=  -1 * 10
 X= 809 X2= 808  Y= 706 Y2= 711 P1= 909 P2= 538 T1=  15 T2=  14  P= 556  D=  -1 * 11
 X= 808 X2= 811  Y= 709 Y2= 711 P1= 909 P2= 538 T1=  14 T2=  14  P= 557  D=  -1 * 12
 X= 807 X2= 808  Y= 707 Y2= 711 P1= 909 P2= 538 T1=  15 T2=  14  P= 556  D=  -1 * 13
 X= 807 X2= 810  Y= 706 Y2= 711 P1= 909 P2= 538 T1=  14 T2=  14  P= 556  D=  -1 * 14
 X= 809 X2= 809  Y= 707 Y2= 710 P1= 910 P2= 538 T1=  14 T2=  14  P= 559  D=  -1 * 15
 X= 805 X2= 808  Y= 707 Y2= 710 P1= 909 P2= 538 T1=  15 T2=  14  P= 555  D=  -1 * 16
 X= 808 X2= 808  Y= 706 Y2= 710 P1= 909 P2= 538 T1=  15 T2=  15  P= 556  D=  -1 * 17
 X= 809 X2= 809  Y= 706 Y2= 711 P1= 909 P2= 538 T1=  14 T2=  14  P= 557  D=  -1 * 18
 X= 808 X2= 809  Y= 707 Y2= 711 P1= 909 P2= 538 T1=  14 T2=  15  P= 556  D=  -1 * 19
 X= 807 X2= 808  Y= 706 Y2= 711 P1= 909 P2= 539 T1=  14 T2=  15  P= 553  D=  -1 * 20
 X= 807 X2= 809  Y= 706 Y2= 711 P1= 909 P2= 537 T1=  14 T2=  15  P= 559  D=  -1 * 21
 X= 808 X2= 808  Y= 706 Y2= 710 P1= 909 P2= 538 T1=  14 T2=  14  P= 556  D=  -1 * 22
 X= 808 X2= 808  Y= 706 Y2= 712 P1= 908 P2= 539 T1=  15 T2=  13  P= 552  D=  -1 * 23
 X= 807 X2= 809  Y= 705 Y2= 710 P1= 908 P2= 539 T1=  14 T2=  15  P= 552  D=  -1 * 24
Remove Pin
 X= 808 X2= 809  Y= 707 Y2= 710 P1= 909 P2= 540 T1=  14 T2=  15  P= 551  D=  -1 * 24
 X= 808 X2= 810  Y= 707 Y2= 711 P1= 909 P2= 539 T1=  15 T2=  14  P= 554  D=  -1 * 24
 X= 809 X2= 809  Y= 705 Y2= 711 P1= 909 P2= 539 T1=  14 T2=  14  P= 554  D=  -1 * 24
 X= 804 X2= 809  Y= 708 Y2= 711 P1= 908 P2= 538 T1=  13 T2=  14  P= 553  D=  -1 * 24
 X= 809 X2= 809  Y= 707 Y2= 710 P1= 908 P2= 538 T1=  15 T2=  14  P= 555  D=  -1 * 24
 X= 808 X2= 809  Y= 707 Y2= 711 P1= 908 P2= 539 T1=  15 T2=  14  P= 552  D=  -1 * 24
 X= 803 X2= 809  Y= 706 Y2= 711 P1= 908 P2= 539 T1=  14 T2=  15  P= 551  D=  -1 * 24
 X= 808 X2= 809  Y= 707 Y2= 710 P1= 909 P2= 540 T1=  16 T2=  12  P= 551  D=  -1 * 24
 X= 810 X2= 808  Y= 707 Y2= 710 P1= 909 P2= 539 T1=  14 T2=  14  P= 554  D=  -1 * 24
 X= 806 X2= 810  Y= 706 Y2= 711 P1= 909 P2= 539 T1=  14 T2=  15  P= 554  D=  -1 * 24
 X= 810 X2= 808  Y= 705 Y2= 711 P1= 909 P2= 539 T1=  14 T2=  15  P= 554  D=  -1 * 24
 X= 808 X2= 807  Y= 706 Y2= 711 P1= 908 P2= 540 T1=  14 T2=  14  P= 549  D=  -1 * 24
 X= 808 X2= 810  Y= 706 Y2= 711 P1= 909 P2= 539 T1=  13 T2=  14  P= 554  D=  -1 * 24
 X= 807 X2= 808  Y= 707 Y2= 711 P1= 909 P2= 539 T1=  14 T2=  15  P= 553  D=  -1 * 24
 X= 808 X2= 809  Y= 706 Y2= 711 P1= 909 P2= 539 T1=  13 T2=  14  P= 554  D=  -1 * 24
 X= 808 X2= 810  Y= 706 Y2= 711 P1= 908 P2= 539 T1=  14 T2=  15  P= 553  D=  -1 * 24
 X= 807 X2= 809  Y= 707 Y2= 710 P1= 908 P2= 539 T1=  14 T2=  13  P= 552  D=  -1 * 24
 X= 809 X2= 807  Y= 706 Y2= 711 P1= 909 P2= 534 T1=  15 T2=  15  P= 567  D=  -1 * 24
 X= 805 X2= 809  Y= 706 Y2= 710 P1= 910 P2= 531 T1=  15 T2=  16  P= 575  D=  -1 * 24
 X= 829 X2= 827  Y= 758 Y2= 782 P1= 983 P2= 192 T1=  47 T2= 313  P= 575  D=  -1 
 X= 959 X2=1021  Y= 975 Y2=1019 P1=1023 P2=   0 T1=1023 T2= 910  P= 575  D=  -1 
 X= 945 X2=1020  Y= 981 Y2=1023 P1=1023 P2=   0 T1=1020 T2= 895  P= 575  D=  -1 
 X= 849 X2=1023  Y= 980 Y2=1020 P1=1023 P2=   0 T1=1023 T2= 909  P= 575  D=  -1 
target state=3 point=23,249
 X=1023 X2=1003  Y= 954 Y2=1019 P1=1023 P2=   0 T1=1020 T2= 851  P= 575  D=  -1 
 X= 935 X2=1023  Y= 988 Y2=1019 P1=1023 P2=   0 T1=1023 T2= 899  P= 575  D=  -1 
 X= 820 X2=1023  Y= 964 Y2=1023 P1=1023 P2=   0 T1=1023 T2= 854  P= 575  D=  -1 
 X= 999 X2=1017  Y= 971 Y2=1021 P1=1023 P2=   0 T1=1020 T2= 952  P= 575  D=  -1 
 X=1000 X2= 999  Y= 966 Y2=1023 P1=1023 P2=   0 T1=1020 T2= 885  P= 575  D=  -1 
 X= 920 X2=1023  Y= 974 Y2=1018 P1=1023 P2=   0 T1=1022 T2= 898  P= 575  D=  -1 
 X= 964 X2=1021  Y= 978 Y2=1018 P1=1023 P2=   0 T1=1023 T2= 884  P= 575  D=  -1 
 X=1004 X2= 992  Y= 956 Y2=1020 P1=1023 P2=   0 T1=1022 T2= 906  P= 575  D=  -1 
 X= 942 X2=1021  Y= 958 Y2=1023 P1=1023 P2=   0 T1=1023 T2= 880  P= 575  D=  -1 
 X= 789 X2=1023  Y= 959 Y2=1023 P1=1023 P2=   0 T1=1019 T2= 905  P= 575  D=  -1 
 X=1003 X2= 997  Y= 973 Y2=1020 P1=1023 P2=   0 T1=1022 T2= 899  P= 575  D=  -1 
 X= 843 X2=1017  Y= 959 Y2=1019 P1=1023 P2=   0 T1=1023 T2= 900  P= 575  D=  -1 
 X= 937 X2=1021  Y= 978 Y2=1018 P1=1023 P2=   0 T1=1022 T2= 894  P= 575  D=  -1 
 X=1023 X2=1002  Y= 972 Y2=1021 P1=1022 P2=   0 T1=1023 T2= 902  P= 575  D=  -1 
 X= 979 X2=1011  Y= 970 Y2=1018 P1=1023 P2=   0 T1=1023 T2= 887  P= 575  D=  -1 
 X= 921 X2=1023  Y= 969 Y2=1018 P1=1023 P2=   0 T1=1020 T2= 866  P= 575  D=  -1 
 X= 942 X2=1023  Y= 982 Y2=1020 P1=1023 P2=   0 T1=1023 T2= 906  P= 575  D=  -1 
 X= 918 X2=1018  Y= 973 Y2=1023 P1=1023 P2=   0 T1=1020 T2= 896  P= 575  D=  -1 
 X= 821 X2=1023  Y= 965 Y2=1023 P1=1023 P2=   0 T1=1023 T2= 913  P= 575  D=  -1 
 X=1018 X2= 984  Y= 985 Y2=1023 P1=1023 P2=   0 T1=1019 T2= 890  P= 575  D=  -1 
 X=1023 X2=1012  Y= 973 Y2=1023 P1=1023 P2=   0 T1=1023 T2= 890  P= 575  D=  -1 
 X= 936 X2=1023  Y= 959 Y2=1020 P1=1023 P2=   0 T1=1021 T2= 876  P= 575  D=  -1 
 X= 950 X2= 987  Y= 972 Y2=1023 P1=1023 P2=   0 T1=1023 T2= 894  P= 575  D=  -1 
 X=1023 X2= 992  Y= 980 Y2=1020 P1=1023 P2=   0 T1=1020 T2= 895  P= 575  D=  -1 
 X= 808 X2=1023  Y= 966 Y2=1021 P1=1023 P2=   0 T1=1018 T2= 910  P= 575  D=  -1 
 X= 881 X2=1023  Y= 975 Y2=1019 P1=1023 P2=   0 T1=1023 T2= 882  P= 575  D=  -1 
 X= 844 X2=1017  Y= 961 Y2=1023 P1=1023 P2=   0 T1=1019 T2= 890  P= 575  D=  -1 
 X= 942 X2=1023  Y= 962 Y2=1023 P1=1023 P2=   0 T1=1023 T2= 900  P= 575  D=  -1 
 X= 989 X2=1022  Y= 979 Y2=1023 P1=1023 P2=   0 T1=1023 T2= 960  P= 575  D=  -1 
 X= 912 X2=1020  Y= 969 Y2=1020 P1=1023 P2=   0 T1=1022 T2= 896  P= 575  D=  -1 
 X= 863 X2=1015  Y= 963 Y2=1023 P1=1023 P2=   0 T1=1019 T2= 901  P= 575  D=  -1 
 X=1023 X2=1013  Y= 976 Y2=1020 P1=1023 P2=   0 T1=1022 T2= 894  P= 575  D=  -1 
 X=1023 X2= 993  Y= 967 Y2=1019 P1=1023 P2=   0 T1=1023 T2= 910  P= 575  D=  -1 
 X= 798 X2=1023  Y= 974 Y2=1023 P1=1023 P2=   0 T1=1023 T2= 893  P= 575  D=  -1 
 X= 844 X2=1023  Y= 976 Y2=1023 P1=1023 P2=   0 T1=1019 T2= 912  P= 575  D=  -1 
 X= 962 X2=1020  Y= 972 Y2=1018 P1=1023 P2=   0 T1=1019 T2= 898  P= 575  D=  -1 
 X= 849 X2=1014  Y= 957 Y2=1023 P1=1023 P2=   0 T1=1019 T2= 903  P= 575  D=  -1 
 X= 947 X2=1023  Y= 985 Y2=1023 P1=1023 P2=   0 T1=1023 T2= 903  P= 575  D=  -1 
 X=1023 X2=1001  Y= 968 Y2=1019 P1=1023 P2=   0 T1=1020 T2= 888  P= 575  D=  -1 
 X=1017 X2= 988  Y= 966 Y2=1019 P1=1023 P2=   0 T1=1022 T2= 920  P= 575  D=  -1 
 X= 893 X2=1022  Y= 987 Y2=1019 P1=1023 P2=   0 T1=1021 T2= 904  P= 575  D=  -1 
 X= 962 X2=1023  Y= 983 Y2=1023 P1=1023 P2=   0 T1=1023 T2= 886  P= 575  D=  -1 
 X= 974 X2=1019  Y=1023 Y2=1023 P1=1023 P2=   0 T1=1023 T2=1008  P= 575  D=  -1 
 X= 988 X2=1000  Y= 979 Y2=1023 P1=1023 P2=   0 T1=1023 T2= 903  P= 575  D=  -1 
 X= 950 X2=1021  Y= 988 Y2=1019 P1=1023 P2=   0 T1=1023 T2= 873  P= 575  D=  -1 
 X= 946 X2=1023  Y= 966 Y2=1023 P1=1023 P2=   0 T1=1021 T2= 888  P= 575  D=  -1 
 X= 924 X2=1016  Y= 976 Y2=1023 P1=1023 P2=   0 T1=1022 T2= 901  P= 575  D=  -1 
 X=1023 X2= 992  Y= 983 Y2=1023 P1=1023 P2=   0 T1=1021 T2= 889  P= 575  D=  -1 
 X=1023 X2=1009  Y= 974 Y2=1019 P1=1023 P2=   0 T1=1023 T2= 904  P= 575  D=  -1 
 X= 933 X2=1017  Y= 976 Y2=1023 P1=1023 P2=   0 T1=1022 T2= 880  P= 575  D=  -1 
 X= 988 X2=1000  Y= 962 Y2=1023 P1=1023 P2=   0 T1=1023 T2= 871  P= 575  D=  -1 
 X=1023 X2=1005  Y= 971 Y2=1021 P1=1021 P2=   0 T1=1023 T2= 900  P= 575  D=  -1 
 X= 801 X2=1023  Y= 961 Y2=1023 P1=1023 P2=   0 T1=1023 T2= 897  P= 575  D=  -1 
 X= 945 X2=1016  Y= 964 Y2=1020 P1=1023 P2=   0 T1=1022 T2= 900  P= 575  D=  -1 
 X= 971 X2=1015  Y= 971 Y2=1023 P1=1023 P2=   0 T1= 978 T2= 207  P= 575  D=  -1 
 X= 234 X2= 237  Y= 709 Y2= 704 P1= 838 P2= 234 T1=  21 T2=  22  P= 606  D=  -1 * 0
 X= 236 X2= 238  Y= 710 Y2= 705 P1= 849 P2= 220 T1=  22 T2=  23  P= 677  D=  -1 * 0
 X= 234 X2= 236  Y= 709 Y2= 706 P1= 839 P2= 233 T1=  21 T2=  21  P= 611  D=  -1 * 0
 X= 234 X2= 236  Y= 710 Y2= 705 P1= 838 P2= 234 T1=  22 T2=  22  P= 606  D=  -1 * 0
 X= 234 X2= 235  Y= 710 Y2= 705 P1= 837 P2= 236 T1=  21 T2=  22  P= 595  D=  -1 * 1
 X= 234 X2= 237  Y= 710 Y2= 706 P1= 837 P2= 236 T1=  20 T2=  21  P= 598  D=  -1 * 2
 X= 234 X2= 237  Y= 710 Y2= 706 P1= 837 P2= 237 T1=  21 T2=  21  P= 594  D=  -1 * 3
 X= 234 X2= 235  Y= 710 Y2= 705 P1= 837 P2= 237 T1=  22 T2=  22  P= 592  D=  -1 * 4
 X= 234 X2= 236  Y= 710 Y2= 706 P1= 835 P2= 236 T1=  22 T2=  21  P= 596  D=  -1 * 5
 X= 234 X2= 236  Y= 710 Y2= 706 P1= 836 P2= 237 T1=  21 T2=  23  P= 593  D=  -1 * 6
 X= 233 X2= 236  Y= 710 Y2= 706 P1= 836 P2= 237 T1=  21 T2=  21  P= 591  D=  -1 * 7
 X= 234 X2= 235  Y= 709 Y2= 706 P1= 836 P2= 237 T1=  21 T2=  22  P= 591  D=  -1 * 8
 X= 234 X2= 236  Y= 709 Y2= 706 P1= 836 P2= 237 T1=  22 T2=  21  P= 593  D=  -1 * 9
 X= 234 X2= 237  Y= 709 Y2= 705 P1= 836 P2= 238 T1=  21 T2=  21  P= 590  D=  -1 * 10
 X= 234 X2= 235  Y= 712 Y2= 706 P1= 836 P2= 237 T1=  21 T2=  21  P= 591  D=  -1 * 11
 X= 233 X2= 237  Y= 711 Y2= 706 P1= 836 P2= 238 T1=  22 T2=  21  P= 590  D=  -1 * 12
 X= 235 X2= 236  Y= 710 Y2= 705 P1= 836 P2= 237 T1=  21 T2=  21  P= 593  D=  -1 * 13
 X= 234 X2= 237  Y= 710 Y2= 706 P1= 836 P2= 237 T1=  21 T2=  22  P= 593  D=  -1 * 14
 X= 234 X2= 238  Y= 710 Y2= 706 P1= 835 P2= 237 T1=  20 T2=  21  P= 595  D=  -1 * 15
 X= 234 X2= 236  Y= 710 Y2= 706 P1= 835 P2= 237 T1=  21 T2=  21  P= 592  D=  -1 * 16
 X= 234 X2= 236  Y= 710 Y2= 706 P1= 836 P2= 238 T1=  21 T2=  21  P= 590  D=  -1 * 17
 X= 234 X2= 236  Y= 709 Y2= 706 P1= 836 P2= 238 T1=  22 T2=  22  P= 590  D=  -1 * 18
 X= 237 X2= 236  Y= 710 Y2= 705 P1= 836 P2= 237 T1=  21 T2=  21  P= 596  D=  -1 * 19
 X= 235 X2= 233  Y= 710 Y2= 705 P1= 836 P2= 238 T1=  21 T2=  21  P= 587  D=  -1 * 20
 X= 234 X2= 237  Y= 713 Y2= 705 P1= 836 P2= 238 T1=  22 T2=  22  P= 590  D=  -1 * 21
 X= 234 X2= 236  Y= 710 Y2= 706 P1= 836 P2= 237 T1=  21 T2=  21  P= 593  D=  -1 * 22
 X= 234 X2= 236  Y= 710 Y2= 705 P1= 835 P2= 238 T1=  21 T2=  21  P= 589  D=  -1 * 23
 X= 233 X2= 236  Y= 710 Y2= 705 P1= 836 P2= 237 T1=  21 T2=  21  P= 591  D=  -1 * 24
Remove Pin
 X= 234 X2= 236  Y= 709 Y2= 706 P1= 836 P2= 238 T1=  21 T2=  20  P= 590  D=  -1 * 24
 X= 234 X2= 237  Y= 710 Y2= 706 P1= 836 P2= 238 T1=  20 T2=  21  P= 590  D=  -1 * 24
 X= 234 X2= 236  Y= 710 Y2= 706 P1= 836 P2= 238 T1=  21 T2=  21  P= 590  D=  -1 * 24
 X= 234 X2= 236  Y= 709 Y2= 706 P1= 836 P2= 237 T1=  21 T2=  21  P= 593  D=  -1 * 24
 X= 234 X2= 237  Y= 709 Y2= 705 P1= 836 P2= 238 T1=  21 T2=  24  P= 590  D=  -1 * 24
 X= 233 X2= 236  Y= 709 Y2= 705 P1= 835 P2= 238 T1=  21 T2=  21  P= 586  D=  -1 * 24
 X= 236 X2= 236  Y= 710 Y2= 705 P1= 836 P2= 238 T1=  21 T2=  21  P= 592  D=  -1 * 24
 X= 234 X2= 239  Y= 710 Y2= 705 P1= 835 P2= 238 T1=  21 T2=  21  P= 591  D=  -1 * 24
 X= 234 X2= 235  Y= 709 Y2= 705 P1= 835 P2= 238 T1=  21 T2=  21  P= 586  D=  -1 * 24
 X= 234 X2= 235  Y= 710 Y2= 706 P1= 835 P2= 238 T1=  20 T2=  21  P= 586  D=  -1 * 24
 X= 233 X2= 236  Y= 710 Y2= 705 P1= 827 P2= 238 T1=  22 T2=  21  P= 578  D=  -1 * 24
 X= 234 X2= 236  Y= 709 Y2= 705 P1= 835 P2= 239 T1=  22 T2=  19  P= 585  D=  -1 * 24
 X= 234 X2= 236  Y= 711 Y2= 706 P1= 835 P2= 238 T1=  21 T2=  20  P= 589  D=  -1 * 24
 X= 234 X2= 236  Y= 711 Y2= 705 P1= 835 P2= 239 T1=  22 T2=  21  P= 585  D=  -1 * 24
 X= 233 X2= 236  Y= 710 Y2= 706 P1= 839 P2= 231 T1=  22 T2=  22  P= 615  D=  -1 * 24
 X= 888 X2=1022  Y= 973 Y2=1022 P1=1023 P2=   0 T1=1023 T2= 878  P= 615  D=  -1 
 X= 937 X2=1020  Y= 961 Y2=1020 P1=1023 P2=   0 T1=1023 T2= 916  P= 615  D=  -1 
 X= 959 X2=1023  Y= 968 Y2=1023 P1=1023 P2=   0 T1=1019 T2= 879  P= 615  D=  -1 
Target Noise  x= 2.50 y= 2.50
X[0]: Target= 23   234/ 235/ 237 Stdev= 0.59 N= 24  Y[0]: Target= 22   326/ 327/ 328 Stdev= 0.56 N= 24
X[1]: Target=456   805/ 807/ 809 Stdev= 0.79 N= 24  Y[1]: Target= 22   326/ 327/ 329 Stdev= 0.73 N= 24
X[2]: Target=456   806/ 808/ 809 Stdev= 0.69 N= 24  Y[2]: Target=249   708/ 708/ 712 Stdev= 0.89 N= 24
X[3]: Target= 23   234/ 235/ 236 Stdev= 0.54 N= 24  Y[3]: Target=249   707/ 708/ 709 Stdev= 0.62 N= 24
N=24 Avg=21
min: 20 20 21 21 21 21 
max: 22 22 22 22 22 22 
N=24 Avg=13
min: 12 12 13 13 13 13 
max: 15 14 14 14 14 14 
N=24 Avg=14
min: 13 13 14 14 14 14 
max: 15 15 14 14 14 14 
N=24 Avg=21
min: 20 20 21 21 21 21 
max: 22 22 22 22 22 21 
Using TNT center offset = 18
TNT Plane Coef: a= -858 b=  -85 c= 475173
At  235, 327: Real=  22 Fit=  22 Offset=   4
At  806, 326: Real=  14 Fit=  15 Offset=  -3
At  807, 708: Real=  14 Fit=  15 Offset=  -3
At  234, 707: Real=  21 Fit=  21 Offset=   3
Fit Corners: 25, 12, 12, 24  Center: 18
Setting for min_tnt_up:   521
Setting for max_tnt_down: 23 (V2:34)
Entering calib_pressure_mfg
Using default pressure curve
468 471 487 495 509 524 553 575 612 
Summary:
Setting for max_tnt_down:      23
3.7 setting for max_tnt_down:     -1
Setting for min_tnt_up:       521
Setting for max_delta_tnt:      5
3.8 setting for max_delta_tnt:     -1
Setting for delay_in_us:        1
Setting for y_delay_in_us:      1
Setting for tnt_delay_in_us:    1
Setting for pressure_curve:  468 471 487 495 509 524 553 575 612
Setting for tnt_mode:           1
Setting for averaging:         -1
Setting for pointercal:      49697 130 -10214328 68 39149 -11376146 65536
Setting for tnt_plane:       -858 -85 475173
