new-calib: New touch screen calibration program v3.12
Serial Number='13101E00010B0601003C'
Using tnt_mode=1
Setting for delay_in_us:        1
Setting for y_delay_in_us:      1
Setting for tnt_delay_in_us:    1
Setting for max_delta_tnt:      5
Setting for tnt_mode:           1
Setting for averaging:         -1
Entering get_four_points
target_noise  x= 2.50 y= 2.50 t= 2.50
target state=0 point=23,22
 X= 921 X2=1023  Y= 987 Y2=1021 P1=  -1 P2=  -1 T1=  -1 T2= 879  P=  -1  D=  -1 * 0
 X= 912 X2=1013  Y=1019 Y2=1023 P1=  -1 P2=  -1 T1=  -1 T2= 995  P=  -1  D=  -1 * 0
 X= 709 X2=1023  Y= 993 Y2=1021 P1=  -1 P2=  -1 T1=  -1 T2= 896  P=  -1  D=  -1 * 0
 X= 900 X2=1023  Y= 986 Y2=1021 P1=  -1 P2=  -1 T1=  -1 T2= 929  P=  -1  D=  -1 * 0
 X= 797 X2=1023  Y= 980 Y2=1023 P1=  -1 P2=  -1 T1=  -1 T2= 940  P=  -1  D=  -1 * 1
Too Noisy!  20.820663 > 2.500000 or 0.816497 > 2.500000.  Try again.
 X= 982 X2=1009  Y= 983 Y2=1023 P1=  -1 P2=  -1 T1=  -1 T2= 926  P=  -1  D=  -1 * 2
 X= 868 X2= 995  Y= 987 Y2=1023 P1=  -1 P2=  -1 T1=  -1 T2= 953  P=  -1  D=  -1 * 2
 X= 825 X2=1021  Y= 984 Y2=1022 P1=  -1 P2=  -1 T1=  -1 T2= 939  P=  -1  D=  -1 * 2
 X= 932 X2= 996  Y= 985 Y2=1023 P1=  -1 P2=  -1 T1=  -1 T2= 954  P=  -1  D=  -1 * 2
 X= 862 X2=1023  Y= 978 Y2=1023 P1=  -1 P2=  -1 T1=1022 T2= 907  P=  -1  D=  -1 
target state=0 point=23,22
 X= 764 X2=1023  Y= 982 Y2=1023 P1=  -1 P2=  -1 T1=1023 T2= 941  P=  -1  D=  -1 
 X=1023 X2=1003  Y= 986 Y2=1023 P1=  -1 P2=  -1 T1=1023 T2= 957  P=  -1  D=  -1 
 X=1008 X2= 990  Y= 981 Y2=1023 P1=  -1 P2=  -1 T1=1022 T2= 949  P=  -1  D=  -1 
 X= 733 X2=1022  Y=1001 Y2=1022 P1=  -1 P2=  -1 T1=1023 T2= 914  P=  -1  D=  -1 
 X= 914 X2=1021  Y= 981 Y2=1023 P1=  -1 P2=  -1 T1=1023 T2= 941  P=  -1  D=  -1 
 X=1022 X2= 989  Y= 959 Y2=1023 P1=  -1 P2=  -1 T1=1023 T2= 950  P=  -1  D=  -1 
 X= 846 X2=1023  Y= 972 Y2=1021 P1=  -1 P2=  -1 T1=1018 T2= 877  P=  -1  D=  -1 
 X= 730 X2=1023  Y= 995 Y2=1023 P1=  -1 P2=  -1 T1=1023 T2= 925  P=  -1  D=  -1 
 X=1010 X2= 997  Y= 972 Y2=1023 P1=  -1 P2=  -1 T1=1023 T2= 932  P=  -1  D=  -1 
 X= 830 X2=1023  Y= 981 Y2=1023 P1=  -1 P2=  -1 T1=1023 T2= 923  P=  -1  D=  -1 
 X= 862 X2=1023  Y= 985 Y2=1022 P1=  -1 P2=  -1 T1=1023 T2= 939  P=  -1  D=  -1 
 X=1023 X2= 980  Y= 960 Y2=1023 P1=  -1 P2=  -1 T1=1023 T2= 932  P=  -1  D=  -1 
 X= 750 X2=1013  Y= 984 Y2=1023 P1=  -1 P2=  -1 T1=1023 T2= 912  P=  -1  D=  -1 
 X= 733 X2=1023  Y= 994 Y2=1022 P1=  -1 P2=  -1 T1=1023 T2= 941  P=  -1  D=  -1 
 X= 907 X2= 970  Y= 984 Y2=1022 P1=  -1 P2=  -1 T1=1023 T2= 891  P=  -1  D=  -1 
 X= 877 X2=1023  Y= 979 Y2=1022 P1=  -1 P2=  -1 T1=1023 T2= 930  P=  -1  D=  -1 
 X= 717 X2=1023  Y= 996 Y2=1021 P1=  -1 P2=  -1 T1=1023 T2= 935  P=  -1  D=  -1 
 X=1021 X2= 982  Y= 962 Y2=1023 P1=  -1 P2=  -1 T1=1023 T2= 896  P=  -1  D=  -1 
 X= 996 X2= 992  Y= 965 Y2=1023 P1=  -1 P2=  -1 T1=1023 T2= 939  P=  -1  D=  -1 
 X= 698 X2=1023  Y= 987 Y2=1022 P1=  -1 P2=  -1 T1=1023 T2= 928  P=  -1  D=  -1 
 X= 864 X2= 995  Y= 985 Y2=1022 P1=  -1 P2=  -1 T1=1023 T2= 885  P=  -1  D=  -1 
 X= 968 X2=1014  Y= 987 Y2=1021 P1=  -1 P2=  -1 T1=1023 T2= 918  P=  -1  D=  -1 
 X= 788 X2=1023  Y= 993 Y2=1022 P1=  -1 P2=  -1 T1=1023 T2= 932  P=  -1  D=  -1 
 X= 771 X2=1023  Y= 976 Y2=1022 P1=  -1 P2=  -1 T1=1023 T2= 947  P=  -1  D=  -1 
 X= 771 X2=1013  Y= 962 Y2=1023 P1=  -1 P2=  -1 T1=1023 T2= 893  P=  -1  D=  -1 
 X= 908 X2=1023  Y= 990 Y2=1021 P1=  -1 P2=  -1 T1=1022 T2= 875  P=  -1  D=  -1 
 X= 788 X2=1002  Y= 983 Y2=1022 P1=  -1 P2=  -1 T1=1023 T2= 905  P=  -1  D=  -1 
 X= 965 X2=1011  Y= 961 Y2=1023 P1=  -1 P2=  -1 T1=1022 T2= 940  P=  -1  D=  -1 
 X= 748 X2=1014  Y= 983 Y2=1023 P1=  -1 P2=  -1 T1=1023 T2= 942  P=  -1  D=  -1 
 X= 851 X2= 974  Y= 970 Y2=1022 P1=  -1 P2=  -1 T1=1023 T2= 955  P=  -1  D=  -1 
 X=1023 X2=1007  Y= 985 Y2=1023 P1=  -1 P2=  -1 T1=1023 T2= 948  P=  -1  D=  -1 
 X= 662 X2=1023  Y= 985 Y2=1021 P1=  -1 P2=  -1 T1=1023 T2= 937  P=  -1  D=  -1 
 X= 770 X2=1023  Y= 986 Y2=1022 P1=  -1 P2=  -1 T1=1023 T2= 933  P=  -1  D=  -1 
 X= 901 X2= 964  Y= 978 Y2=1022 P1=  -1 P2=  -1 T1=1023 T2= 944  P=  -1  D=  -1 
 X= 750 X2=1013  Y= 972 Y2=1023 P1=  -1 P2=  -1 T1=1022 T2= 927  P=  -1  D=  -1 
 X=1023 X2= 986  Y= 958 Y2=1022 P1=  -1 P2=  -1 T1=1023 T2= 895  P=  -1  D=  -1 
 X=1007 X2= 986  Y= 970 Y2=1023 P1=  -1 P2=  -1 T1=1023 T2= 941  P=  -1  D=  -1 
 X= 810 X2=1014  Y= 982 Y2=1023 P1=  -1 P2=  -1 T1=1023 T2= 945  P=  -1  D=  -1 
 X= 816 X2=1023  Y= 963 Y2=1023 P1=  -1 P2=  -1 T1=1020 T2= 908  P=  -1  D=  -1 
 X=1023 X2=1008  Y= 992 Y2=1023 P1=  -1 P2=  -1 T1=1023 T2= 956  P=  -1  D=  -1 
 X= 984 X2= 999  Y= 964 Y2=1023 P1=  -1 P2=  -1 T1=1022 T2= 947  P=  -1  D=  -1 
 X= 664 X2=1023  Y= 993 Y2=1022 P1=  -1 P2=  -1 T1=1023 T2= 879  P=  -1  D=  -1 
 X= 735 X2=1023  Y= 992 Y2=1022 P1=  -1 P2=  -1 T1=1023 T2= 899  P=  -1  D=  -1 
 X= 825 X2=1023  Y= 979 Y2=1023 P1=  -1 P2=  -1 T1=1023 T2= 902  P=  -1  D=  -1 
 X= 905 X2=1023  Y= 982 Y2=1022 P1=  -1 P2=  -1 T1=1023 T2= 932  P=  -1  D=  -1 
 X=1023 X2=1003  Y= 967 Y2=1023 P1=  -1 P2=  -1 T1=1023 T2= 911  P=  -1  D=  -1 
 X= 873 X2=1023  Y= 982 Y2=1022 P1=  -1 P2=  -1 T1=1023 T2= 945  P=  -1  D=  -1 
 X= 921 X2=1023  Y= 992 Y2=1021 P1=  -1 P2=  -1 T1=1022 T2= 939  P=  -1  D=  -1 
 X= 830 X2=1022  Y= 986 Y2=1022 P1=  -1 P2=  -1 T1=1023 T2= 936  P=  -1  D=  -1 
 X=1023 X2=1006  Y= 987 Y2=1023 P1=  -1 P2=  -1 T1=1023 T2= 950  P=  -1  D=  -1 
 X= 581 X2=1023  Y= 968 Y2=1021 P1=  -1 P2=  -1 T1=1023 T2= 899  P=  -1  D=  -1 
 X= 767 X2=1023  Y= 991 Y2=1021 P1=  -1 P2=  -1 T1=1023 T2= 932  P=  -1  D=  -1 
 X=1021 X2= 988  Y= 959 Y2=1023 P1=  -1 P2=  -1 T1=1023 T2= 914  P=  -1  D=  -1 
 X= 854 X2=1023  Y= 992 Y2=1021 P1=  -1 P2=  -1 T1=1023 T2= 938  P=  -1  D=  -1 
 X= 664 X2=1023  Y=1001 Y2=1022 P1=  -1 P2=  -1 T1=1023 T2= 917  P=  -1  D=  -1 
 X=1023 X2=1005  Y= 983 Y2=1023 P1=  -1 P2=  -1 T1=1023 T2= 942  P=  -1  D=  -1 
 X= 982 X2= 992  Y= 972 Y2=1023 P1=  -1 P2=  -1 T1=1023 T2= 947  P=  -1  D=  -1 
 X= 683 X2=1023  Y= 986 Y2=1021 P1=  -1 P2=  -1 T1=1017 T2= 927  P=  -1  D=  -1 
 X=1023 X2= 972  Y= 964 Y2=1023 P1=  -1 P2=  -1 T1=1023 T2= 945  P=  -1  D=  -1 
 X= 670 X2=1023  Y= 991 Y2=1023 P1=  -1 P2=  -1 T1=1023 T2= 922  P=  -1  D=  -1 
 X= 732 X2=1023  Y= 986 Y2=1022 P1=  -1 P2=  -1 T1=1023 T2= 949  P=  -1  D=  -1 
 X= 844 X2=1023  Y= 986 Y2=1022 P1=  -1 P2=  -1 T1=1023 T2= 934  P=  -1  D=  -1 
 X= 769 X2=1023  Y= 987 Y2=1023 P1=  -1 P2=  -1 T1=1023 T2= 883  P=  -1  D=  -1 
 X= 953 X2=1005  Y= 956 Y2=1023 P1=  -1 P2=  -1 T1=1023 T2= 952  P=  -1  D=  -1 
 X= 876 X2= 980  Y= 982 Y2=1023 P1=  -1 P2=  -1 T1=1023 T2= 953  P=  -1  D=  -1 
 X=1023 X2= 970  Y= 985 Y2=1023 P1=  -1 P2=  -1 T1=1023 T2= 942  P=  -1  D=  -1 
 X= 712 X2=1023  Y= 996 Y2=1020 P1=  -1 P2=  -1 T1=1023 T2= 928  P=  -1  D=  -1 
 X= 866 X2= 957  Y= 986 Y2=1023 P1=  -1 P2=  -1 T1=1023 T2= 932  P=  -1  D=  -1 
 X=1023 X2=1011  Y= 991 Y2=1023 P1=  -1 P2=  -1 T1=1023 T2= 908  P=  -1  D=  -1 
 X= 782 X2= 970  Y= 975 Y2=1023 P1=  -1 P2=  -1 T1=1023 T2= 944  P=  -1  D=  -1 
 X= 868 X2= 984  Y= 974 Y2=1023 P1=  -1 P2=  -1 T1=1023 T2= 956  P=  -1  D=  -1 
 X= 633 X2=1023  Y= 982 Y2=1023 P1=  -1 P2=  -1 T1=1023 T2= 944  P=  -1  D=  -1 
 X= 916 X2= 965  Y= 987 Y2=1023 P1=  -1 P2=  -1 T1=1023 T2= 948  P=  -1  D=  -1 
 X= 855 X2= 978  Y= 984 Y2=1023 P1=  -1 P2=  -1 T1=1023 T2= 950  P=  -1  D=  -1 
 X=1023 X2= 975  Y= 984 Y2=1023 P1=  -1 P2=  -1 T1=1023 T2= 947  P=  -1  D=  -1 
 X= 977 X2=1022  Y= 986 Y2=1022 P1=  -1 P2=  -1 T1=1023 T2= 903  P=  -1  D=  -1 
 X= 660 X2=1023  Y= 996 Y2=1019 P1=  -1 P2=  -1 T1=1023 T2= 941  P=  -1  D=  -1 
 X= 871 X2=1011  Y= 982 Y2=1022 P1=  -1 P2=  -1 T1=1023 T2= 934  P=  -1  D=  -1 
 X= 918 X2=1023  Y= 986 Y2=1020 P1=  -1 P2=  -1 T1=1023 T2= 877  P=  -1  D=  -1 
 X= 768 X2=1023  Y= 982 Y2=1023 P1=  -1 P2=  -1 T1=1023 T2= 943  P=  -1  D=  -1 
 X= 786 X2=1012  Y= 961 Y2=1023 P1=  -1 P2=  -1 T1=1023 T2= 882  P=  -1  D=  -1 
 X= 959 X2=1007  Y= 960 Y2=1023 P1=  -1 P2=  -1 T1=1023 T2= 904  P=  -1  D=  -1 
 X= 896 X2=1023  Y= 974 Y2=1022 P1=  -1 P2=  -1 T1=1023 T2= 927  P=  -1  D=  -1 
 X=1023 X2=1002  Y= 985 Y2=1023 P1=  -1 P2=  -1 T1=1023 T2= 946  P=  -1  D=  -1 
 X=1023 X2=1008  Y= 978 Y2=1023 P1=  -1 P2=  -1 T1=1023 T2= 941  P=  -1  D=  -1 
 X=1023 X2= 965  Y= 976 Y2=1023 P1=  -1 P2=  -1 T1=1023 T2= 916  P=  -1  D=  -1 
 X= 879 X2=1023  Y= 988 Y2=1022 P1=  -1 P2=  -1 T1=1023 T2= 885  P=  -1  D=  -1 
 X= 867 X2=1023  Y= 979 Y2=1023 P1=  -1 P2=  -1 T1=1023 T2= 918  P=  -1  D=  -1 
 X= 898 X2=1023  Y= 975 Y2=1023 P1=  -1 P2=  -1 T1=1023 T2= 925  P=  -1  D=  -1 
 X= 805 X2=1015  Y= 979 Y2=1023 P1=  -1 P2=  -1 T1=1023 T2= 908  P=  -1  D=  -1 
 X=1023 X2= 965  Y= 988 Y2=1023 P1=  -1 P2=  -1 T1=1022 T2= 957  P=  -1  D=  -1 
 X= 995 X2=1006  Y= 982 Y2=1023 P1=  -1 P2=  -1 T1=1023 T2= 907  P=  -1  D=  -1 
 X= 958 X2=1023  Y=1018 Y2=1023 P1=  -1 P2=  -1 T1=1021 T2=1022  P=  -1  D=  -1 
 X= 893 X2=1023  Y= 988 Y2=1020 P1=  -1 P2=  -1 T1=1023 T2= 897  P=  -1  D=  -1 
 X= 808 X2=1023  Y= 987 Y2=1022 P1=  -1 P2=  -1 T1=1023 T2= 944  P=  -1  D=  -1 
 X=1023 X2= 990  Y= 964 Y2=1023 P1=  -1 P2=  -1 T1=1023 T2= 941  P=  -1  D=  -1 
 X= 859 X2= 956  Y= 989 Y2=1023 P1=  -1 P2=  -1 T1=1023 T2= 941  P=  -1  D=  -1 
 X= 633 X2=1023  Y= 988 Y2=1021 P1=  -1 P2=  -1 T1=1023 T2= 934  P=  -1  D=  -1 
 X= 756 X2=1023  Y=1015 Y2=1022 P1=  -1 P2=  -1 T1=1023 T2= 932  P=  -1  D=  -1 
 X=1017 X2= 974  Y= 987 Y2=1023 P1=  -1 P2=  -1 T1=1023 T2= 944  P=  -1  D=  -1 
 X=1021 X2= 985  Y= 968 Y2=1023 P1=  -1 P2=  -1 T1=1023 T2= 947  P=  -1  D=  -1 
 X= 811 X2=1023  Y= 987 Y2=1022 P1=  -1 P2=  -1 T1=1023 T2= 891  P=  -1  D=  -1 
 X= 904 X2= 978  Y= 985 Y2=1023 P1=  -1 P2=  -1 T1=1023 T2= 945  P=  -1  D=  -1 
 X= 804 X2=1018  Y= 995 Y2=1023 P1=  -1 P2=  -1 T1=1023 T2= 951  P=  -1  D=  -1 
 X= 599 X2=1023  Y= 992 Y2=1022 P1=  -1 P2=  -1 T1=1023 T2= 930  P=  -1  D=  -1 
 X= 716 X2=1023  Y= 996 Y2=1022 P1=  -1 P2=  -1 T1=1023 T2= 925  P=  -1  D=  -1 
 X= 753 X2=1012  Y= 987 Y2=1023 P1=  -1 P2=  -1 T1=1023 T2= 908  P=  -1  D=  -1 
 X= 824 X2=1023  Y= 974 Y2=1023 P1=  -1 P2=  -1 T1=1023 T2= 942  P=  -1  D=  -1 
 X= 853 X2= 973  Y= 983 Y2=1023 P1=  -1 P2=  -1 T1=1023 T2= 889  P=  -1  D=  -1 
 X=1023 X2= 995  Y= 975 Y2=1023 P1=  -1 P2=  -1 T1=1023 T2= 911  P=  -1  D=  -1 
 X= 816 X2=1019  Y= 982 Y2=1022 P1=  -1 P2=  -1 T1=1023 T2= 939  P=  -1  D=  -1 
 X= 870 X2=1023  Y= 976 Y2=1023 P1=  -1 P2=  -1 T1=1023 T2= 900  P=  -1  D=  -1 
 X= 917 X2=1002  Y= 985 Y2=1023 P1=  -1 P2=  -1 T1=1020 T2= 945  P=  -1  D=  -1 
 X= 907 X2=1023  Y= 986 Y2=1022 P1=  -1 P2=  -1 T1=1023 T2= 940  P=  -1  D=  -1 
 X= 789 X2=1023  Y= 984 Y2=1021 P1=  -1 P2=  -1 T1=1023 T2= 941  P=  -1  D=  -1 
 X= 977 X2=1009  Y= 976 Y2=1023 P1=  -1 P2=  -1 T1=1023 T2= 942  P=  -1  D=  -1 
 X= 755 X2=1009  Y= 963 Y2=1023 P1=  -1 P2=  -1 T1=1023 T2= 932  P=  -1  D=  -1 
 X=1023 X2= 995  Y= 989 Y2=1023 P1=  -1 P2=  -1 T1=1023 T2= 928  P=  -1  D=  -1 
 X=1023 X2= 970  Y= 993 Y2=1023 P1=  -1 P2=  -1 T1=1023 T2= 939  P=  -1  D=  -1 
 X=1023 X2= 980  Y= 980 Y2=1023 P1=  -1 P2=  -1 T1=1023 T2= 935  P=  -1  D=  -1 
 X= 793 X2=1023  Y= 997 Y2=1022 P1=  -1 P2=  -1 T1=1023 T2= 883  P=  -1  D=  -1 
 X=1023 X2= 989  Y= 981 Y2=1023 P1=  -1 P2=  -1 T1=1023 T2= 939  P=  -1  D=  -1 
 X= 875 X2=1023  Y= 979 Y2=1022 P1=  -1 P2=  -1 T1=1023 T2= 933  P=  -1  D=  -1 
 X= 590 X2=1023  Y= 979 Y2=1021 P1=  -1 P2=  -1 T1=1023 T2= 950  P=  -1  D=  -1 
 X= 982 X2=1002  Y= 963 Y2=1023 P1=  -1 P2=  -1 T1=1023 T2= 926  P=  -1  D=  -1 
 X= 970 X2=1004  Y= 972 Y2=1023 P1=  -1 P2=  -1 T1=1023 T2= 937  P=  -1  D=  -1 
 X= 750 X2=1013  Y= 985 Y2=1023 P1=  -1 P2=  -1 T1=1023 T2= 938  P=  -1  D=  -1 
 X= 866 X2= 947  Y= 985 Y2=1022 P1=  -1 P2=  -1 T1=1023 T2= 939  P=  -1  D=  -1 
 X=1023 X2=1000  Y= 967 Y2=1023 P1=  -1 P2=  -1 T1=1023 T2= 940  P=  -1  D=  -1 
 X= 760 X2=1023  Y= 990 Y2=1021 P1=  -1 P2=  -1 T1=1023 T2= 937  P=  -1  D=  -1 
 X= 765 X2=1023  Y= 994 Y2=1020 P1=  -1 P2=  -1 T1=1023 T2= 910  P=  -1  D=  -1 
 X= 861 X2=1023  Y= 974 Y2=1022 P1=  -1 P2=  -1 T1=1022 T2= 950  P=  -1  D=  -1 
 X= 918 X2=1023  Y= 993 Y2=1022 P1=  -1 P2=  -1 T1=1023 T2= 924  P=  -1  D=  -1 
 X= 674 X2=1023  Y= 978 Y2=1022 P1=  -1 P2=  -1 T1=1023 T2= 928  P=  -1  D=  -1 
 X= 990 X2=1016  Y= 979 Y2=1023 P1=  -1 P2=  -1 T1=1023 T2= 939  P=  -1  D=  -1 
 X= 869 X2=1023  Y= 987 Y2=1021 P1=  -1 P2=  -1 T1=1023 T2= 931  P=  -1  D=  -1 
 X= 979 X2=1006  Y= 951 Y2=1023 P1=  -1 P2=  -1 T1=1023 T2= 886  P=  -1  D=  -1 
 X=1023 X2= 973  Y= 959 Y2=1023 P1=  -1 P2=  -1 T1=1023 T2= 940  P=  -1  D=  -1 
 X= 792 X2=1023  Y= 998 Y2=1019 P1=  -1 P2=  -1 T1=1023 T2= 941  P=  -1  D=  -1 
 X= 721 X2=1023  Y= 975 Y2=1020 P1=  -1 P2=  -1 T1=1023 T2= 948  P=  -1  D=  -1 
 X= 872 X2=1021  Y= 978 Y2=1023 P1=  -1 P2=  -1 T1=1023 T2= 912  P=  -1  D=  -1 
 X=1023 X2= 964  Y= 982 Y2=1023 P1=  -1 P2=  -1 T1=1023 T2= 951  P=  -1  D=  -1 
 X= 695 X2=1023  Y=1007 Y2=1022 P1=  -1 P2=  -1 T1=1023 T2= 933  P=  -1  D=  -1 
 X=1023 X2= 963  Y= 977 Y2=1023 P1=  -1 P2=  -1 T1=1023 T2= 939  P=  -1  D=  -1 
 X= 989 X2= 996  Y= 971 Y2=1023 P1=  -1 P2=  -1 T1=1023 T2= 909  P=  -1  D=  -1 
 X= 759 X2=1023  Y= 995 Y2=1022 P1=  -1 P2=  -1 T1=1023 T2= 936  P=  -1  D=  -1 
 X=1021 X2= 990  Y= 990 Y2=1023 P1=  -1 P2=  -1 T1=1022 T2= 946  P=  -1  D=  -1 
 X=1023 X2=1013  Y= 982 Y2=1023 P1=  -1 P2=  -1 T1=1023 T2= 914  P=  -1  D=  -1 
 X= 767 X2=1023  Y= 983 Y2=1022 P1=  -1 P2=  -1 T1=1023 T2= 923  P=  -1  D=  -1 
 X= 790 X2=1023  Y= 989 Y2=1023 P1=  -1 P2=  -1 T1=1023 T2= 938  P=  -1  D=  -1 
 X= 965 X2=1000  Y= 967 Y2=1023 P1=  -1 P2=  -1 T1=1023 T2= 892  P=  -1  D=  -1 
 X= 833 X2=1023  Y= 981 Y2=1023 P1=  -1 P2=  -1 T1=1023 T2= 908  P=  -1  D=  -1 
 X= 870 X2= 997  Y= 981 Y2=1023 P1=  -1 P2=  -1 T1=1023 T2= 954  P=  -1  D=  -1 
 X=1023 X2= 954  Y= 986 Y2=1023 P1=  -1 P2=  -1 T1=1023 T2= 908  P=  -1  D=  -1 
 X= 985 X2=1003  Y= 965 Y2=1023 P1=  -1 P2=  -1 T1=1023 T2= 933  P=  -1  D=  -1 
 X= 928 X2= 991  Y= 979 Y2=1022 P1=  -1 P2=  -1 T1=1023 T2= 953  P=  -1  D=  -1 
 X= 877 X2= 957  Y= 980 Y2=1022 P1=  -1 P2=  -1 T1=1022 T2= 946  P=  -1  D=  -1 
 X= 638 X2=1023  Y= 989 Y2=1021 P1=  -1 P2=  -1 T1=1023 T2= 940  P=  -1  D=  -1 
 X= 903 X2=1023  Y= 999 Y2=1021 P1=  -1 P2=  -1 T1=1023 T2= 937  P=  -1  D=  -1 
 X= 887 X2=1023  Y= 988 Y2=1023 P1=  -1 P2=  -1 T1=1023 T2= 936  P=  -1  D=  -1 
 X= 809 X2=1023  Y= 974 Y2=1023 P1=  -1 P2=  -1 T1=1023 T2= 945  P=  -1  D=  -1 
 X= 885 X2=1023  Y= 991 Y2=1023 P1=  -1 P2=  -1 T1=1023 T2= 925  P=  -1  D=  -1 
 X=1023 X2= 971  Y= 962 Y2=1023 P1=  -1 P2=  -1 T1=1023 T2= 957  P=  -1  D=  -1 
 X= 978 X2= 999  Y= 975 Y2=1023 P1=  -1 P2=  -1 T1=1023 T2= 944  P=  -1  D=  -1 
 X= 702 X2=1023  Y= 994 Y2=1021 P1=  -1 P2=  -1 T1=1023 T2= 939  P=  -1  D=  -1 
 X= 862 X2= 955  Y= 969 Y2=1022 P1=  -1 P2=  -1 T1=1023 T2= 938  P=  -1  D=  -1 
 X= 784 X2=1023  Y= 976 Y2=1023 P1=  -1 P2=  -1 T1=1023 T2= 940  P=  -1  D=  -1 
 X= 658 X2=1023  Y= 986 Y2=1022 P1=  -1 P2=  -1 T1=1023 T2= 932  P=  -1  D=  -1 
 X= 826 X2=1023  Y= 989 Y2=1021 P1=  -1 P2=  -1 T1=1023 T2= 941  P=  -1  D=  -1 
 X= 850 X2=1023  Y= 972 Y2=1022 P1=  -1 P2=  -1 T1=1023 T2= 927  P=  -1  D=  -1 
 X= 871 X2=1023  Y=1004 Y2=1023 P1=  -1 P2=  -1 T1=1023 T2= 946  P=  -1  D=  -1 
 X= 917 X2=1023  Y=1003 Y2=1022 P1=  -1 P2=  -1 T1=1023 T2= 901  P=  -1  D=  -1 
 X= 992 X2=1001  Y= 984 Y2=1023 P1=  -1 P2=  -1 T1=1023 T2= 889  P=  -1  D=  -1 
 X= 988 X2=1003  Y= 973 Y2=1023 P1=  -1 P2=  -1 T1=1023 T2= 905  P=  -1  D=  -1 
 X= 889 X2= 943  Y= 979 Y2=1022 P1=  -1 P2=  -1 T1=1023 T2= 940  P=  -1  D=  -1 
 X= 884 X2=1003  Y= 980 Y2=1023 P1=  -1 P2=  -1 T1=1023 T2= 925  P=  -1  D=  -1 
 X= 718 X2=1023  Y= 995 Y2=1022 P1=  -1 P2=  -1 T1=1023 T2= 900  P=  -1  D=  -1 
 X= 636 X2=1023  Y= 973 Y2=1022 P1=  -1 P2=  -1 T1=1023 T2= 901  P=  -1  D=  -1 
 X=1022 X2= 989  Y= 963 Y2=1023 P1=  -1 P2=  -1 T1=1023 T2= 951  P=  -1  D=  -1 
 X= 868 X2=1023  Y= 977 Y2=1023 P1=  -1 P2=  -1 T1=1023 T2= 952  P=  -1  D=  -1 
 X= 908 X2=1023  Y= 999 Y2=1023 P1=  -1 P2=  -1 T1=1020 T2= 883  P=  -1  D=  -1 
 X= 979 X2=1009  Y= 961 Y2=1023 P1=  -1 P2=  -1 T1=1023 T2= 928  P=  -1  D=  -1 
 X= 983 X2= 989  Y= 964 Y2=1023 P1=  -1 P2=  -1 T1=1023 T2= 929  P=  -1  D=  -1 
 X=1008 X2= 987  Y= 971 Y2=1023 P1=  -1 P2=  -1 T1=1022 T2= 914  P=  -1  D=  -1 
 X= 903 X2= 946  Y= 981 Y2=1022 P1=  -1 P2=  -1 T1=1023 T2= 902  P=  -1  D=  -1 
 X= 834 X2=1023  Y= 977 Y2=1023 P1=  -1 P2=  -1 T1=1023 T2= 929  P=  -1  D=  -1 
 X= 890 X2= 998  Y= 973 Y2=1023 P1=  -1 P2=  -1 T1=1023 T2= 918  P=  -1  D=  -1 
 X= 983 X2= 994  Y= 983 Y2=1023 P1=  -1 P2=  -1 T1=1023 T2= 938  P=  -1  D=  -1 
 X= 837 X2=1023  Y= 983 Y2=1023 P1=  -1 P2=  -1 T1=1023 T2= 948  P=  -1  D=  -1 
 X= 822 X2=1023  Y= 985 Y2=1023 P1=  -1 P2=  -1 T1=1023 T2= 949  P=  -1  D=  -1 
 X=1023 X2=1008  Y= 987 Y2=1023 P1=  -1 P2=  -1 T1=1023 T2= 911  P=  -1  D=  -1 
 X=1023 X2=1006  Y= 987 Y2=1023 P1=  -1 P2=  -1 T1=1023 T2= 945  P=  -1  D=  -1 
 X= 653 X2=1023  Y= 997 Y2=1023 P1=  -1 P2=  -1 T1=1023 T2= 939  P=  -1  D=  -1 
 X=1010 X2=1003  Y=1022 Y2=1022 P1=  -1 P2=  -1 T1=1022 T2=1012  P=  -1  D=  -1 
 X= 836 X2=1022  Y= 988 Y2=1022 P1=  -1 P2=  -1 T1=1023 T2= 903  P=  -1  D=  -1 
 X= 701 X2=1023  Y= 980 Y2=1023 P1=  -1 P2=  -1 T1=1023 T2= 933  P=  -1  D=  -1 
 X= 872 X2=1017  Y= 994 Y2=1023 P1=  -1 P2=  -1 T1=1023 T2= 913  P=  -1  D=  -1 
 X= 828 X2=1011  Y= 989 Y2=1022 P1=  -1 P2=  -1 T1=1022 T2= 890  P=  -1  D=  -1 
 X= 795 X2=1023  Y= 981 Y2=1023 P1=  -1 P2=  -1 T1=1023 T2= 940  P=  -1  D=  -1 
 X= 865 X2= 981  Y= 992 Y2=1022 P1=  -1 P2=  -1 T1=1023 T2= 954  P=  -1  D=  -1 
 X= 866 X2= 963  Y= 987 Y2=1023 P1=  -1 P2=  -1 T1=1023 T2= 966  P=  -1  D=  -1 
 X= 654 X2=1023  Y= 978 Y2=1020 P1=  -1 P2=  -1 T1=1019 T2= 946  P=  -1  D=  -1 
 X= 761 X2=1023  Y= 973 Y2=1022 P1=  -1 P2=  -1 T1=1023 T2= 946  P=  -1  D=  -1 
 X= 896 X2=1004  Y= 979 Y2=1023 P1=  -1 P2=  -1 T1=1023 T2= 924  P=  -1  D=  -1 
 X= 920 X2=1023  Y= 981 Y2=1022 P1=  -1 P2=  -1 T1=1023 T2= 889  P=  -1  D=  -1 
 X= 892 X2=1023  Y= 996 Y2=1023 P1=  -1 P2=  -1 T1=1023 T2= 937  P=  -1  D=  -1 
 X=1023 X2=1007  Y= 976 Y2=1023 P1=  -1 P2=  -1 T1=1023 T2= 960  P=  -1  D=  -1 
 X=1012 X2= 990  Y= 971 Y2=1023 P1=  -1 P2=  -1 T1=1023 T2= 946  P=  -1  D=  -1 
 X= 789 X2=1023  Y= 998 Y2=1020 P1=  -1 P2=  -1 T1=1023 T2= 941  P=  -1  D=  -1 
 X= 887 X2= 957  Y= 985 Y2=1022 P1=  -1 P2=  -1 T1=1023 T2= 948  P=  -1  D=  -1 
 X= 851 X2=1017  Y= 990 Y2=1023 P1=  -1 P2=  -1 T1=1023 T2= 934  P=  -1  D=  -1 
 X= 687 X2=1023  Y= 996 Y2=1021 P1=  -1 P2=  -1 T1=1023 T2= 925  P=  -1  D=  -1 
 X= 813 X2=1023  Y= 972 Y2=1022 P1=  -1 P2=  -1 T1=1023 T2= 932  P=  -1  D=  -1 
 X= 967 X2=1003  Y= 976 Y2=1023 P1=  -1 P2=  -1 T1=1023 T2= 942  P=  -1  D=  -1 
 X= 751 X2=1011  Y= 976 Y2=1023 P1=  -1 P2=  -1 T1=1023 T2= 941  P=  -1  D=  -1 
 X= 893 X2= 978  Y= 977 Y2=1023 P1=  -1 P2=  -1 T1=1023 T2= 955  P=  -1  D=  -1 
 X=1023 X2= 976  Y= 970 Y2=1023 P1=  -1 P2=  -1 T1=1023 T2= 946  P=  -1  D=  -1 
 X= 743 X2=1022  Y= 997 Y2=1022 P1=  -1 P2=  -1 T1=1023 T2= 934  P=  -1  D=  -1 
 X= 893 X2= 968  Y= 988 Y2=1023 P1=  -1 P2=  -1 T1=1023 T2= 905  P=  -1  D=  -1 
 X= 910 X2= 964  Y= 981 Y2=1022 P1=  -1 P2=  -1 T1=1022 T2= 951  P=  -1  D=  -1 
 X= 829 X2=1023  Y= 967 Y2=1023 P1=  -1 P2=  -1 T1=1022 T2= 953  P=  -1  D=  -1 
 X= 781 X2=1023  Y= 999 Y2=1021 P1=  -1 P2=  -1 T1=1023 T2= 938  P=  -1  D=  -1 
 X=1005 X2= 994  Y= 973 Y2=1023 P1=  -1 P2=  -1 T1=1023 T2= 949  P=  -1  D=  -1 
 X= 782 X2=1014  Y= 980 Y2=1023 P1=  -1 P2=  -1 T1=1023 T2= 936  P=  -1  D=  -1 
 X= 867 X2= 956  Y= 993 Y2=1023 P1=  -1 P2=  -1 T1=1023 T2= 940  P=  -1  D=  -1 
 X=1021 X2= 979  Y= 952 Y2=1023 P1=  -1 P2=  -1 T1=1021 T2= 939  P=  -1  D=  -1 
 X=1023 X2= 962  Y= 969 Y2=1023 P1=  -1 P2=  -1 T1=1023 T2= 951  P=  -1  D=  -1 
 X= 813 X2=1023  Y= 984 Y2=1023 P1=  -1 P2=  -1 T1=1023 T2= 933  P=  -1  D=  -1 
 X= 768 X2=1023  Y= 965 Y2=1020 P1=  -1 P2=  -1 T1=1023 T2= 917  P=  -1  D=  -1 
 X= 912 X2=1023  Y= 972 Y2=1022 P1=  -1 P2=  -1 T1=1023 T2= 892  P=  -1  D=  -1 
 X= 751 X2=1023  Y= 982 Y2=1021 P1=  -1 P2=  -1 T1=1022 T2= 900  P=  -1  D=  -1 
 X=1023 X2= 996  Y= 945 Y2=1023 P1=  -1 P2=  -1 T1=1023 T2= 931  P=  -1  D=  -1 
 X= 816 X2=1013  Y= 978 Y2=1023 P1=  -1 P2=  -1 T1=1023 T2= 924  P=  -1  D=  -1 
 X= 765 X2=1023  Y= 983 Y2=1023 P1=  -1 P2=  -1 T1=1023 T2= 934  P=  -1  D=  -1 
 X= 897 X2= 958  Y= 971 Y2=1023 P1=  -1 P2=  -1 T1=1023 T2= 935  P=  -1  D=  -1 
 X=1023 X2=1006  Y= 955 Y2=1023 P1=  -1 P2=  -1 T1=1023 T2= 952  P=  -1  D=  -1 
 X= 703 X2=1023  Y= 983 Y2=1022 P1=  -1 P2=  -1 T1=1023 T2= 932  P=  -1  D=  -1 
 X=1023 X2= 979  Y= 970 Y2=1022 P1=  -1 P2=  -1 T1=1023 T2= 960  P=  -1  D=  -1 
 X= 884 X2=1023  Y= 976 Y2=1023 P1=  -1 P2=  -1 T1=1022 T2= 947  P=  -1  D=  -1 
 X= 691 X2=1023  Y= 980 Y2=1021 P1=  -1 P2=  -1 T1=1023 T2= 953  P=  -1  D=  -1 
 X= 633 X2=1023  Y= 968 Y2=1021 P1=  -1 P2=  -1 T1=1023 T2= 936  P=  -1  D=  -1 
 X=1023 X2= 969  Y= 982 Y2=1023 P1=  -1 P2=  -1 T1=1023 T2= 914  P=  -1  D=  -1 
 X= 985 X2=1008  Y= 982 Y2=1023 P1=  -1 P2=  -1 T1=1023 T2= 939  P=  -1  D=  -1 
 X= 776 X2=1023  Y= 991 Y2=1022 P1=  -1 P2=  -1 T1=1023 T2= 928  P=  -1  D=  -1 
 X= 842 X2=1023  Y= 985 Y2=1023 P1=  -1 P2=  -1 T1=1022 T2= 923  P=  -1  D=  -1 
 X= 903 X2=1023  Y= 979 Y2=1023 P1=  -1 P2=  -1 T1=1023 T2= 931  P=  -1  D=  -1 
 X= 907 X2=1005  Y= 975 Y2=1023 P1=  -1 P2=  -1 T1=1023 T2= 931  P=  -1  D=  -1 
 X= 786 X2=1023  Y= 988 Y2=1022 P1=  -1 P2=  -1 T1=1023 T2= 920  P=  -1  D=  -1 
 X= 742 X2=1023  Y= 989 Y2=1022 P1=  -1 P2=  -1 T1=1023 T2= 932  P=  -1  D=  -1 
 X= 696 X2=1023  Y= 994 Y2=1022 P1=  -1 P2=  -1 T1=1023 T2= 912  P=  -1  D=  -1 
 X=1023 X2= 968  Y= 985 Y2=1023 P1=  -1 P2=  -1 T1=1023 T2= 953  P=  -1  D=  -1 
 X= 761 X2=1013  Y= 973 Y2=1023 P1=  -1 P2=  -1 T1=1023 T2= 942  P=  -1  D=  -1 
 X= 750 X2=1023  Y= 990 Y2=1022 P1=  -1 P2=  -1 T1=1023 T2= 951  P=  -1  D=  -1 
 X=1023 X2=1008  Y= 980 Y2=1023 P1=  -1 P2=  -1 T1=1023 T2= 935  P=  -1  D=  -1 
 X= 900 X2= 986  Y= 973 Y2=1022 P1=  -1 P2=  -1 T1=1023 T2= 928  P=  -1  D=  -1 
 X= 655 X2=1023  Y= 983 Y2=1021 P1=  -1 P2=  -1 T1=1023 T2= 928  P=  -1  D=  -1 
 X= 774 X2=1023  Y= 993 Y2=1021 P1=  -1 P2=  -1 T1=1023 T2= 892  P=  -1  D=  -1 
 X= 956 X2= 998  Y= 982 Y2=1023 P1=  -1 P2=  -1 T1=1023 T2= 920  P=  -1  D=  -1 
 X= 827 X2=1023  Y= 968 Y2=1023 P1=  -1 P2=  -1 T1=1023 T2= 928  P=  -1  D=  -1 
 X= 819 X2= 956  Y= 974 Y2=1023 P1=  -1 P2=  -1 T1=1023 T2= 911  P=  -1  D=  -1 
 X= 909 X2=1023  Y= 973 Y2=1022 P1=  -1 P2=  -1 T1=1023 T2= 953  P=  -1  D=  -1 
 X= 979 X2= 243  Y= 348 Y2= 343 P1= 684 P2= 223 T1=1023 T2=  17  P=  -1  D=  -1 
 X= 690 X2=1023  Y= 962 Y2=1021 P1=1023 P2=   0 T1=1023 T2= 931  P=  -1  D=  -1 
 X= 856 X2=1023  Y= 980 Y2=1022 P1=1023 P2=   0 T1=1023 T2= 942  P=  -1  D=  -1 
 X= 647 X2=1023  Y= 977 Y2=1022 P1=1023 P2=   0 T1=1023 T2= 924  P=  -1  D=  -1 
 X= 644 X2=1023  Y= 950 Y2=1019 P1=1023 P2=   0 T1=1023 T2= 904  P=  -1  D=  -1 
 X= 242 X2= 240  Y= 351 Y2= 345 P1= 712 P2= 202 T1=  19 T2=  19  P= 608  D=  -1 * 0
 X= 242 X2= 240  Y= 352 Y2= 345 P1= 719 P2= 199 T1=  20 T2=  20  P= 629  D=  -1 * 0
 X= 242 X2= 241  Y= 351 Y2= 346 P1= 722 P2= 197 T1=  20 T2=  20  P= 642  D=  -1 * 0
 X= 243 X2= 240  Y= 352 Y2= 346 P1= 721 P2= 197 T1=  20 T2=  20  P= 640  D=  -1 * 0
 X= 243 X2= 239  Y= 352 Y2= 346 P1= 726 P2= 193 T1=  20 T2=  21  P= 665  D=  -1 * 1
 X= 243 X2= 241  Y= 352 Y2= 345 P1= 716 P2= 200 T1=  19 T2=  19  P= 624  D=  -1 * 2
 X= 243 X2= 241  Y= 353 Y2= 346 P1= 726 P2= 194 T1=  21 T2=  20  P= 663  D=  -1 * 3
 X= 242 X2= 240  Y= 351 Y2= 345 P1= 714 P2= 202 T1=  20 T2=  19  P= 610  D=  -1 * 4
 X= 242 X2= 241  Y= 352 Y2= 346 P1= 717 P2= 200 T1=  20 T2=  20  P= 622  D=  -1 * 5
 X= 242 X2= 240  Y= 352 Y2= 345 P1= 714 P2= 202 T1=  19 T2=  19  P= 610  D=  -1 * 6
 X= 242 X2= 239  Y= 351 Y2= 345 P1= 716 P2= 203 T1=  18 T2=  19  P= 606  D=  -1 * 7
 X= 242 X2= 240  Y= 352 Y2= 345 P1= 713 P2= 202 T1=  19 T2=  20  P= 609  D=  -1 * 8
 X= 242 X2= 239  Y= 352 Y2= 345 P1= 712 P2= 202 T1=  20 T2=  19  P= 605  D=  -1 * 9
 X= 242 X2= 240  Y= 351 Y2= 345 P1= 713 P2= 202 T1=  19 T2=  19  P= 609  D=  -1 * 10
 X= 242 X2= 240  Y= 351 Y2= 344 P1= 712 P2= 203 T1=  19 T2=  19  P= 604  D=  -1 * 11
 X= 242 X2= 240  Y= 351 Y2= 345 P1= 713 P2= 203 T1=  19 T2=  19  P= 605  D=  -1 * 12
 X= 242 X2= 240  Y= 351 Y2= 346 P1= 712 P2= 203 T1=  19 T2=  19  P= 604  D=  -1 * 13
 X= 242 X2= 240  Y= 351 Y2= 345 P1= 712 P2= 204 T1=  20 T2=  20  P= 600  D=  -1 * 14
 X= 242 X2= 240  Y= 351 Y2= 345 P1= 712 P2= 203 T1=  20 T2=  19  P= 604  D=  -1 * 15
 X= 241 X2= 240  Y= 351 Y2= 345 P1= 711 P2= 203 T1=  19 T2=  18  P= 600  D=  -1 * 16
 X= 242 X2= 240  Y= 351 Y2= 345 P1= 712 P2= 203 T1=  19 T2=  19  P= 604  D=  -1 * 17
 X= 241 X2= 240  Y= 351 Y2= 345 P1= 712 P2= 203 T1=  19 T2=  19  P= 601  D=  -1 * 18
 X= 242 X2= 240  Y= 351 Y2= 345 P1= 712 P2= 203 T1=  20 T2=  19  P= 604  D=  -1 * 19
 X= 242 X2= 240  Y= 351 Y2= 345 P1= 712 P2= 203 T1=  20 T2=  19  P= 604  D=  -1 * 20
 X= 242 X2= 240  Y= 352 Y2= 345 P1= 711 P2= 203 T1=  20 T2=  19  P= 602  D=  -1 * 21
 X= 242 X2= 240  Y= 351 Y2= 345 P1= 712 P2= 203 T1=  19 T2=  19  P= 604  D=  -1 * 22
 X= 242 X2= 240  Y= 351 Y2= 344 P1= 712 P2= 203 T1=  19 T2=  19  P= 604  D=  -1 * 23
 X= 241 X2= 240  Y= 351 Y2= 345 P1= 712 P2= 203 T1=  19 T2=  19  P= 601  D=  -1 * 24
Remove Pin
 X= 242 X2= 241  Y= 351 Y2= 345 P1= 712 P2= 203 T1=  19 T2=  20  P= 604  D=  -1 * 24
 X= 243 X2= 240  Y= 351 Y2= 345 P1= 712 P2= 203 T1=  19 T2=  19  P= 604  D=  -1 * 24
 X= 242 X2= 240  Y= 353 Y2= 345 P1= 712 P2= 203 T1=  20 T2=  20  P= 604  D=  -1 * 24
 X= 242 X2= 239  Y= 351 Y2= 344 P1= 712 P2= 204 T1=  19 T2=  19  P= 597  D=  -1 * 24
 X= 242 X2= 240  Y= 351 Y2= 345 P1= 711 P2= 204 T1=  19 T2=  19  P= 598  D=  -1 * 24
 X= 242 X2= 240  Y= 351 Y2= 345 P1= 712 P2= 203 T1=  19 T2=  20  P= 604  D=  -1 * 24
 X= 242 X2= 240  Y= 351 Y2= 345 P1= 712 P2= 203 T1=  19 T2=  19  P= 604  D=  -1 * 24
 X= 241 X2= 240  Y= 351 Y2= 345 P1= 712 P2= 204 T1=  20 T2=  18  P= 597  D=  -1 * 24
 X= 242 X2= 240  Y= 351 Y2= 347 P1= 711 P2= 204 T1=  20 T2=  19  P= 598  D=  -1 * 24
 X= 242 X2= 239  Y= 352 Y2= 345 P1= 712 P2= 204 T1=  19 T2=  20  P= 597  D=  -1 * 24
 X= 242 X2= 240  Y= 351 Y2= 345 P1= 711 P2= 204 T1=  19 T2=  19  P= 598  D=  -1 * 24
 X= 242 X2= 240  Y= 350 Y2= 346 P1= 711 P2= 203 T1=  20 T2=  19  P= 602  D=  -1 * 24
 X= 242 X2= 240  Y= 351 Y2= 346 P1= 711 P2= 203 T1=  19 T2=  19  P= 602  D=  -1 * 24
 X= 242 X2= 236  Y= 352 Y2= 345 P1= 712 P2= 203 T1=  20 T2=  19  P= 599  D=  -1 * 24
 X= 241 X2= 240  Y= 351 Y2= 345 P1= 711 P2= 203 T1=  20 T2=  19  P= 600  D=  -1 * 24
 X= 243 X2= 241  Y= 352 Y2= 347 P1= 726 P2= 194 T1=  20 T2=  20  P= 663  D=  -1 * 24
 X= 739 X2=1023  Y= 972 Y2=1021 P1=1023 P2=   0 T1=1023 T2= 907  P= 663  D=  -1 
 X= 749 X2=1012  Y= 978 Y2=1023 P1=1023 P2=   0 T1=1022 T2= 934  P= 663  D=  -1 
 X= 678 X2=1023  Y= 979 Y2=1021 P1=1023 P2=   0 T1=1023 T2= 935  P= 663  D=  -1 
target state=1 point=456,22
 X= 971 X2=1009  Y= 962 Y2=1023 P1=1023 P2=   0 T1=1023 T2= 939  P= 663  D=  -1 
 X= 993 X2= 994  Y= 941 Y2=1023 P1=1023 P2=   0 T1=1023 T2= 938  P= 663  D=  -1 
 X= 803 X2=1023  Y= 976 Y2=1021 P1=1023 P2=   0 T1=1023 T2= 945  P= 663  D=  -1 
 X=1023 X2=1008  Y= 983 Y2=1023 P1=1023 P2=   0 T1=1023 T2= 893  P= 663  D=  -1 
 X= 865 X2=1022  Y= 979 Y2=1023 P1=1023 P2=   0 T1=1023 T2= 928  P= 663  D=  -1 
 X= 644 X2=1023  Y= 985 Y2=1021 P1=1023 P2=   0 T1=1023 T2= 911  P= 663  D=  -1 
 X= 701 X2=1023  Y=1002 Y2=1022 P1=1023 P2=   0 T1=1023 T2= 947  P= 663  D=  -1 
 X= 968 X2=1006  Y= 976 Y2=1023 P1=1023 P2=   0 T1=1023 T2= 904  P= 663  D=  -1 
 X= 751 X2=1023  Y= 978 Y2=1023 P1=1023 P2=   0 T1=1023 T2= 924  P= 663  D=  -1 
 X=1023 X2=1008  Y= 990 Y2=1023 P1=1023 P2=   0 T1=1023 T2= 938  P= 663  D=  -1 
 X=1023 X2= 982  Y= 970 Y2=1023 P1=1023 P2=   0 T1=1023 T2= 941  P= 663  D=  -1 
 X= 610 X2=1018  Y= 995 Y2=1022 P1=1023 P2=   0 T1=1023 T2= 936  P= 663  D=  -1 
 X= 799 X2=1023  Y= 986 Y2=1022 P1=1023 P2=   0 T1=1022 T2= 933  P= 663  D=  -1 
 X= 883 X2=1023  Y= 988 Y2=1023 P1=1023 P2=   0 T1=1023 T2= 951  P= 663  D=  -1 
 X= 852 X2=1023  Y= 981 Y2=1022 P1=1023 P2=   0 T1=1023 T2= 941  P= 663  D=  -1 
 X= 866 X2=1023  Y= 983 Y2=1023 P1=1023 P2=   0 T1=1022 T2= 917  P= 663  D=  -1 
 X=1021 X2= 979  Y= 956 Y2=1023 P1=1023 P2=   0 T1=1023 T2= 942  P= 663  D=  -1 
 X= 816 X2=1023  Y= 976 Y2=1023 P1=1023 P2=   0 T1=1022 T2= 940  P= 663  D=  -1 
 X= 939 X2= 972  Y= 980 Y2=1022 P1=1023 P2=   0 T1=1023 T2= 929  P= 663  D=  -1 
 X= 904 X2= 957  Y= 980 Y2=1023 P1=1023 P2=   0 T1=1023 T2= 947  P= 663  D=  -1 
 X= 875 X2=1007  Y= 981 Y2=1023 P1=1023 P2=   0 T1=1023 T2= 946  P= 663  D=  -1 
 X= 665 X2=1023  Y= 981 Y2=1022 P1=1023 P2=   0 T1=1023 T2= 949  P= 663  D=  -1 
 X= 800 X2=1023  Y= 989 Y2=1022 P1=1023 P2=   0 T1=1023 T2= 923  P= 663  D=  -1 
 X= 813 X2=1023  Y= 982 Y2=1020 P1=1023 P2=   0 T1=1023 T2= 953  P= 663  D=  -1 
 X= 769 X2=1023  Y= 980 Y2=1023 P1=1023 P2=   0 T1=1023 T2= 937  P= 663  D=  -1 
 X=1000 X2=1002  Y= 981 Y2=1023 P1=1023 P2=   0 T1=1023 T2= 952  P= 663  D=  -1 
 X=1000 X2= 999  Y= 975 Y2=1022 P1=1023 P2=   0 T1=1023 T2= 945  P= 663  D=  -1 
 X= 975 X2=1011  Y= 971 Y2=1023 P1=1023 P2=   0 T1=1023 T2= 933  P= 663  D=  -1 
 X= 896 X2= 965  Y= 981 Y2=1023 P1=1023 P2=   0 T1=1022 T2= 936  P= 663  D=  -1 
 X= 988 X2=1004  Y= 983 Y2=1023 P1=1023 P2=   0 T1=1023 T2= 930  P= 663  D=  -1 
 X= 608 X2=1023  Y= 984 Y2=1022 P1=1023 P2=   0 T1=1023 T2= 934  P= 663  D=  -1 
 X= 807 X2=1023  Y= 970 Y2=1022 P1=1023 P2=   0 T1=1023 T2= 961  P= 663  D=  -1 
 X= 998 X2=1002  Y= 974 Y2=1023 P1=1023 P2=   0 T1=1023 T2= 947  P= 663  D=  -1 
 X= 774 X2=1023  Y= 989 Y2=1023 P1=1023 P2=   0 T1=1023 T2= 951  P= 663  D=  -1 
 X= 682 X2=1023  Y= 982 Y2=1022 P1=1023 P2=   0 T1=1023 T2= 944  P= 663  D=  -1 
 X=1023 X2=1011  Y= 985 Y2=1023 P1=1023 P2=   0 T1=1023 T2= 949  P= 663  D=  -1 
 X= 994 X2=1012  Y= 982 Y2=1022 P1=1023 P2=   0 T1=1023 T2= 934  P= 663  D=  -1 
 X= 728 X2=1023  Y= 978 Y2=1020 P1=1023 P2=   0 T1=1023 T2= 859  P= 663  D=  -1 
 X=1023 X2=1000  Y= 980 Y2=1023 P1=1023 P2=   0 T1=1023 T2= 917  P= 663  D=  -1 
 X= 657 X2=1018  Y= 982 Y2=1022 P1=1023 P2=   0 T1=1023 T2= 929  P= 663  D=  -1 
 X= 634 X2=1023  Y= 983 Y2=1022 P1=1023 P2=   0 T1=1023 T2= 945  P= 663  D=  -1 
 X= 801 X2=1023  Y= 991 Y2=1021 P1=1023 P2=   0 T1=1023 T2= 890  P= 663  D=  -1 
 X= 770 X2=1010  Y= 983 Y2=1023 P1=1023 P2=   0 T1=1023 T2= 952  P= 663  D=  -1 
 X= 871 X2=1023  Y= 988 Y2=1022 P1=1023 P2=   0 T1=1022 T2= 915  P= 663  D=  -1 
 X= 913 X2= 988  Y= 976 Y2=1022 P1=1023 P2=   0 T1=1023 T2= 941  P= 663  D=  -1 
 X= 990 X2=1009  Y= 979 Y2=1023 P1=1023 P2=   0 T1=1022 T2= 934  P= 663  D=  -1 
 X= 788 X2=1020  Y= 989 Y2=1022 P1=1023 P2=   0 T1=1023 T2= 902  P= 663  D=  -1 
 X= 783 X2=1023  Y= 973 Y2=1022 P1=1023 P2=   0 T1=1021 T2= 929  P= 663  D=  -1 
 X=1020 X2= 986  Y= 968 Y2=1023 P1=1023 P2=   0 T1=1023 T2= 956  P= 663  D=  -1 
 X= 592 X2=1023  Y= 987 Y2=1023 P1=1023 P2=   0 T1=1023 T2= 951  P= 663  D=  -1 
 X= 668 X2=1023  Y= 976 Y2=1022 P1=1023 P2=   0 T1=1023 T2= 930  P= 663  D=  -1 
 X= 967 X2=1002  Y= 978 Y2=1023 P1=1023 P2=   0 T1=1023 T2= 942  P= 663  D=  -1 
 X= 622 X2=1023  Y= 981 Y2=1020 P1=1023 P2=   0 T1=1023 T2= 926  P= 663  D=  -1 
 X= 813 X2=1023  Y= 970 Y2=1022 P1=1023 P2=   0 T1=1023 T2= 943  P= 663  D=  -1 
 X=1023 X2=1007  Y= 982 Y2=1023 P1=1022 P2=   0 T1=1023 T2= 940  P= 663  D=  -1 
 X=1010 X2= 993  Y= 964 Y2=1023 P1=1023 P2=   0 T1=1023 T2= 910  P= 663  D=  -1 
 X= 788 X2=1023  Y= 981 Y2=1022 P1=1023 P2=   0 T1=1023 T2= 938  P= 663  D=  -1 
 X= 797 X2= 797  Y= 347 Y2= 354 P1= 816 P2= 473 T1=  12 T2=  13  P= 577  D=  -1 * 0
 X= 714 X2=1023  Y= 982 Y2=1022 P1=1023 P2= 268 T1=1023 T2=  14  P= 577  D=  -1 
 X= 798 X2= 797  Y= 348 Y2= 354 P1= 814 P2= 484 T1=  12 T2=  12  P= 542  D=  -1 * 0
 X= 798 X2= 797  Y= 350 Y2= 356 P1= 819 P2= 475 T1=  13 T2=  14  P= 577  D=  -1 * 0
 X= 798 X2= 797  Y= 350 Y2= 355 P1= 818 P2= 479 T1=  13 T2=  13  P= 563  D=  -1 * 0
 X= 799 X2= 797  Y= 349 Y2= 354 P1= 816 P2= 483 T1=  13 T2=  13  P= 549  D=  -1 * 1
 X= 798 X2= 797  Y= 348 Y2= 355 P1= 815 P2= 485 T1=  13 T2=  13  P= 541  D=  -1 * 2
 X= 798 X2= 797  Y= 349 Y2= 355 P1= 814 P2= 487 T1=  12 T2=  13  P= 534  D=  -1 * 3
 X= 797 X2= 797  Y= 348 Y2= 355 P1= 812 P2= 488 T1=  12 T2=  12  P= 528  D=  -1 * 4
 X= 797 X2= 797  Y= 349 Y2= 355 P1= 814 P2= 488 T1=  12 T2=  12  P= 532  D=  -1 * 5
 X= 798 X2= 797  Y= 349 Y2= 354 P1= 813 P2= 489 T1=  12 T2=  12  P= 527  D=  -1 * 6
 X= 797 X2= 801  Y= 349 Y2= 354 P1= 813 P2= 490 T1=  12 T2=  12  P= 526  D=  -1 * 7
 X= 797 X2= 806  Y= 349 Y2= 355 P1= 813 P2= 490 T1=  12 T2=  12  P= 527  D=  -1 * 8
 X= 798 X2= 797  Y= 348 Y2= 355 P1= 813 P2= 490 T1=  12 T2=  11  P= 525  D=  -1 * 9
 X= 797 X2= 797  Y= 349 Y2= 355 P1= 813 P2= 490 T1=  12 T2=  12  P= 525  D=  -1 * 10
 X= 798 X2= 797  Y= 349 Y2= 355 P1= 813 P2= 490 T1=  12 T2=  12  P= 525  D=  -1 * 11
 X= 798 X2= 796  Y= 348 Y2= 354 P1= 813 P2= 490 T1=  12 T2=  12  P= 525  D=  -1 * 12
 X= 798 X2= 797  Y= 349 Y2= 355 P1= 813 P2= 490 T1=  12 T2=  12  P= 525  D=  -1 * 13
 X= 798 X2= 797  Y= 347 Y2= 354 P1= 813 P2= 490 T1=  12 T2=  12  P= 525  D=  -1 * 14
 X= 797 X2= 797  Y= 348 Y2= 355 P1= 813 P2= 490 T1=  12 T2=  12  P= 525  D=  -1 * 15
 X= 797 X2= 797  Y= 348 Y2= 354 P1= 814 P2= 490 T1=  12 T2=  12  P= 526  D=  -1 * 16
 X= 798 X2= 797  Y= 348 Y2= 354 P1= 813 P2= 490 T1=  12 T2=  12  P= 525  D=  -1 * 17
 X= 797 X2= 798  Y= 349 Y2= 355 P1= 812 P2= 490 T1=  12 T2=  12  P= 523  D=  -1 * 18
 X= 798 X2= 797  Y= 349 Y2= 354 P1= 813 P2= 490 T1=  12 T2=  13  P= 525  D=  -1 * 19
 X= 798 X2= 797  Y= 348 Y2= 354 P1= 813 P2= 491 T1=  11 T2=  13  P= 522  D=  -1 * 20
 X= 797 X2= 796  Y= 348 Y2= 354 P1= 813 P2= 490 T1=  12 T2=  12  P= 524  D=  -1 * 21
 X= 798 X2= 797  Y= 347 Y2= 355 P1= 813 P2= 490 T1=  12 T2=  12  P= 525  D=  -1 * 22
 X= 797 X2= 796  Y= 348 Y2= 355 P1= 813 P2= 490 T1=  12 T2=  12  P= 524  D=  -1 * 23
 X= 798 X2= 797  Y= 348 Y2= 355 P1= 813 P2= 490 T1=  12 T2=  12  P= 525  D=  -1 * 24
Remove Pin
 X= 798 X2= 797  Y= 348 Y2= 354 P1= 813 P2= 490 T1=  12 T2=  12  P= 525  D=  -1 * 24
 X= 798 X2= 796  Y= 349 Y2= 354 P1= 813 P2= 490 T1=  13 T2=  12  P= 525  D=  -1 * 24
 X= 798 X2= 796  Y= 348 Y2= 354 P1= 813 P2= 490 T1=  12 T2=  12  P= 525  D=  -1 * 24
 X= 798 X2= 798  Y= 348 Y2= 355 P1= 813 P2= 489 T1=  12 T2=  12  P= 528  D=  -1 * 24
 X= 797 X2= 797  Y= 348 Y2= 354 P1= 813 P2= 490 T1=  12 T2=  12  P= 525  D=  -1 * 24
 X= 798 X2= 797  Y= 348 Y2= 355 P1= 813 P2= 491 T1=  12 T2=  12  P= 522  D=  -1 * 24
 X= 798 X2= 796  Y= 349 Y2= 355 P1= 809 P2= 490 T1=  12 T2=  12  P= 518  D=  -1 * 24
 X= 798 X2= 797  Y= 348 Y2= 354 P1= 813 P2= 490 T1=  12 T2=  12  P= 525  D=  -1 * 24
 X= 797 X2= 797  Y= 349 Y2= 355 P1= 813 P2= 491 T1=  12 T2=  12  P= 522  D=  -1 * 24
 X= 798 X2= 797  Y= 349 Y2= 355 P1= 813 P2= 491 T1=  12 T2=  12  P= 522  D=  -1 * 24
 X= 798 X2= 796  Y= 348 Y2= 354 P1= 815 P2= 491 T1=  12 T2=  12  P= 525  D=  -1 * 24
 X= 797 X2= 797  Y= 349 Y2= 354 P1= 812 P2= 491 T1=  12 T2=  12  P= 520  D=  -1 * 24
 X= 801 X2= 797  Y= 348 Y2= 354 P1= 812 P2= 490 T1=  12 T2=  12  P= 524  D=  -1 * 24
 X= 798 X2= 795  Y= 348 Y2= 354 P1= 813 P2= 491 T1=  12 T2=  12  P= 521  D=  -1 * 24
 X= 797 X2= 796  Y= 348 Y2= 354 P1= 812 P2= 492 T1=  12 T2=  12  P= 517  D=  -1 * 24
 X= 797 X2= 796  Y= 349 Y2= 354 P1= 811 P2= 492 T1=  12 T2=  12  P= 515  D=  -1 * 24
 X= 798 X2= 797  Y= 349 Y2= 354 P1= 812 P2= 491 T1=  11 T2=  11  P= 520  D=  -1 * 24
 X= 798 X2= 797  Y= 349 Y2= 354 P1= 812 P2= 492 T1=  12 T2=  12  P= 518  D=  -1 * 24
 X= 797 X2= 796  Y= 349 Y2= 355 P1= 812 P2= 492 T1=  12 T2=  11  P= 517  D=  -1 * 24
 X= 797 X2= 796  Y= 349 Y2= 355 P1= 812 P2= 492 T1=  12 T2=  12  P= 517  D=  -1 * 24
 X= 798 X2= 796  Y= 348 Y2= 354 P1= 812 P2= 492 T1=  12 T2=  12  P= 518  D=  -1 * 24
 X= 798 X2= 797  Y= 348 Y2= 355 P1= 813 P2= 488 T1=  13 T2=  12  P= 530  D=  -1 * 24
 X= 797 X2= 796  Y= 348 Y2= 354 P1= 816 P2= 480 T1=  12 T2=  13  P= 557  D=  -1 * 24
 X= 844 X2=1023  Y= 985 Y2=1022 P1=1021 P2=   0 T1=1023 T2= 918  P= 557  D=  -1 
 X= 763 X2=1023  Y= 976 Y2=1021 P1=1023 P2=   0 T1=1022 T2= 930  P= 557  D=  -1 
 X= 929 X2= 995  Y= 984 Y2=1022 P1=1023 P2=   0 T1=1023 T2= 873  P= 557  D=  -1 
target state=2 point=456,249
 X= 808 X2=1023  Y= 980 Y2=1022 P1=1023 P2=   0 T1=1023 T2= 935  P= 557  D=  -1 
 X= 714 X2=1023  Y= 998 Y2=1022 P1=1023 P2=   0 T1=1023 T2= 933  P= 557  D=  -1 
 X=1022 X2= 988  Y= 963 Y2=1023 P1=1023 P2=   0 T1=1023 T2= 936  P= 557  D=  -1 
 X= 859 X2=1023  Y= 964 Y2=1023 P1=1023 P2=   0 T1=1022 T2= 942  P= 557  D=  -1 
 X= 890 X2= 958  Y= 986 Y2=1023 P1=1023 P2=   0 T1=1023 T2= 939  P= 557  D=  -1 
 X= 912 X2=1000  Y= 984 Y2=1023 P1=1023 P2=   0 T1=1023 T2= 917  P= 557  D=  -1 
 X=1023 X2=1023  Y= 980 Y2=1022 P1=1023 P2=   0 T1=1023 T2= 935  P= 557  D=  -1 
 X= 711 X2=1023  Y= 989 Y2=1021 P1=1023 P2=   0 T1=1023 T2= 913  P= 557  D=  -1 
 X= 803 X2=1023  Y= 989 Y2=1022 P1=1023 P2=   0 T1=1023 T2= 955  P= 557  D=  -1 
 X= 798 X2=1023  Y= 981 Y2=1019 P1=1023 P2=   0 T1=1023 T2= 934  P= 557  D=  -1 
 X= 728 X2=1023  Y= 990 Y2=1022 P1=1023 P2=   0 T1=1023 T2= 885  P= 557  D=  -1 
 X=1011 X2= 990  Y= 972 Y2=1023 P1=1023 P2=   0 T1=1023 T2= 924  P= 557  D=  -1 
 X=1017 X2= 985  Y= 955 Y2=1023 P1=1023 P2=   0 T1=1023 T2= 938  P= 557  D=  -1 
 X= 880 X2=1018  Y= 989 Y2=1021 P1=1023 P2=   0 T1=1023 T2= 931  P= 557  D=  -1 
 X= 884 X2= 953  Y= 972 Y2=1022 P1=1023 P2=   0 T1=1023 T2= 942  P= 557  D=  -1 
 X=1023 X2=1008  Y= 985 Y2=1023 P1=1023 P2=   0 T1=1023 T2= 936  P= 557  D=  -1 
 X= 699 X2=1023  Y= 968 Y2=1021 P1=1023 P2=   0 T1=1023 T2= 901  P= 557  D=  -1 
 X= 864 X2= 955  Y= 985 Y2=1023 P1=1023 P2=   0 T1=1023 T2= 934  P= 557  D=  -1 
 X= 749 X2=1013  Y= 985 Y2=1023 P1=1023 P2=   0 T1=1023 T2= 916  P= 557  D=  -1 
 X= 759 X2=1012  Y= 979 Y2=1023 P1=1023 P2=   0 T1=1023 T2= 934  P= 557  D=  -1 
 X= 867 X2= 986  Y= 985 Y2=1023 P1=1023 P2=   0 T1=1023 T2= 945  P= 557  D=  -1 
 X= 915 X2=1023  Y= 982 Y2=1022 P1=1023 P2=   0 T1=1023 T2= 939  P= 557  D=  -1 
 X= 968 X2=1001  Y= 980 Y2=1023 P1=1023 P2=   0 T1=1023 T2= 918  P= 557  D=  -1 
 X= 787 X2= 999  Y= 973 Y2=1021 P1=1023 P2=   0 T1=1022 T2= 939  P= 557  D=  -1 
 X=1020 X2= 995  Y= 969 Y2=1023 P1=1023 P2=   0 T1=1023 T2= 910  P= 557  D=  -1 
 X= 655 X2=1023  Y= 985 Y2=1019 P1=1023 P2=   0 T1=1023 T2= 947  P= 557  D=  -1 
 X= 740 X2=1023  Y= 999 Y2=1022 P1=1023 P2=   0 T1=1023 T2= 948  P= 557  D=  -1 
 X= 955 X2=1006  Y= 958 Y2=1023 P1=1023 P2=   0 T1=1023 T2= 944  P= 557  D=  -1 
 X= 873 X2=1023  Y= 976 Y2=1023 P1=1023 P2=   0 T1=1023 T2= 938  P= 557  D=  -1 
 X= 782 X2=1014  Y= 964 Y2=1023 P1=1023 P2=   0 T1=1022 T2= 907  P= 557  D=  -1 
 X=1023 X2=1006  Y= 982 Y2=1023 P1=1023 P2=   0 T1=1023 T2= 942  P= 557  D=  -1 
 X= 979 X2=1008  Y= 971 Y2=1022 P1=1023 P2=   0 T1=1023 T2= 894  P= 557  D=  -1 
 X= 731 X2=1023  Y= 993 Y2=1022 P1=1023 P2=   0 T1=1023 T2= 942  P= 557  D=  -1 
 X= 906 X2= 991  Y= 966 Y2=1023 P1=1023 P2=   0 T1=1023 T2= 923  P= 557  D=  -1 
 X= 660 X2=1023  Y= 975 Y2=1022 P1=1023 P2=   0 T1=1023 T2= 920  P= 557  D=  -1 
 X= 754 X2=1023  Y=1000 Y2=1022 P1=1023 P2=   0 T1=1023 T2= 948  P= 557  D=  -1 
 X= 929 X2=1023  Y= 991 Y2=1022 P1=1023 P2=   0 T1=1010 T2= 954  P= 557  D=  -1 
 X= 865 X2=1023  Y= 981 Y2=1023 P1=1023 P2=   0 T1=1022 T2= 939  P= 557  D=  -1 
 X= 707 X2=1023  Y= 987 Y2=1022 P1=1023 P2=   0 T1=1023 T2= 936  P= 557  D=  -1 
 X=1023 X2= 999  Y= 986 Y2=1023 P1=1023 P2=   0 T1=1023 T2= 949  P= 557  D=  -1 
 X=1023 X2=1005  Y= 964 Y2=1023 P1=1020 P2=   0 T1=1023 T2= 935  P= 557  D=  -1 
 X= 739 X2=1023  Y= 968 Y2=1022 P1=1023 P2=   0 T1=1023 T2= 928  P= 557  D=  -1 
 X= 777 X2=1023  Y= 990 Y2=1022 P1=1023 P2=   0 T1=1023 T2= 950  P= 557  D=  -1 
 X= 884 X2= 954  Y= 960 Y2=1021 P1=1023 P2=   0 T1=1023 T2= 915  P= 557  D=  -1 
 X= 644 X2=1023  Y= 976 Y2=1022 P1=1023 P2=   0 T1=1022 T2= 930  P= 557  D=  -1 
 X= 751 X2=1023  Y= 991 Y2=1022 P1=1023 P2=   0 T1=1023 T2= 937  P= 557  D=  -1 
 X= 901 X2=1023  Y= 982 Y2=1022 P1=1023 P2=   0 T1=1023 T2= 925  P= 557  D=  -1 
 X= 794 X2=1023  Y= 984 Y2=1021 P1=1023 P2=   0 T1=1023 T2= 917  P= 557  D=  -1 
 X= 857 X2= 992  Y= 988 Y2=1023 P1=1023 P2=   0 T1=1023 T2= 953  P= 557  D=  -1 
 X= 968 X2=1009  Y= 978 Y2=1023 P1=1023 P2=   0 T1=1023 T2= 907  P= 557  D=  -1 
 X=1004 X2=1005  Y= 974 Y2=1023 P1=1023 P2=   0 T1=1023 T2= 944  P= 557  D=  -1 
 X= 988 X2= 998  Y= 963 Y2=1023 P1=1023 P2=   0 T1=1023 T2= 908  P= 557  D=  -1 
 X=1023 X2=1006  Y= 977 Y2=1023 P1=1023 P2=   0 T1=1023 T2= 956  P= 557  D=  -1 
 X= 789 X2=1023  Y= 984 Y2=1022 P1=1023 P2=   0 T1=1023 T2= 929  P= 557  D=  -1 
 X= 601 X2=1023  Y= 987 Y2=1022 P1=1023 P2=   0 T1=1023 T2= 899  P= 557  D=  -1 
 X=1020 X2= 970  Y= 982 Y2=1023 P1=1023 P2=   0 T1=1022 T2= 948  P= 557  D=  -1 
 X= 985 X2=1006  Y= 974 Y2=1023 P1=1023 P2=   0 T1=1023 T2= 940  P= 557  D=  -1 
 X= 771 X2=1012  Y= 985 Y2=1023 P1=1023 P2=   0 T1=1023 T2= 943  P= 557  D=  -1 
 X= 917 X2=1023  Y= 975 Y2=1022 P1=1023 P2=   0 T1=1021 T2= 943  P= 557  D=  -1 
 X= 908 X2=1023  Y= 972 Y2=1023 P1=1023 P2=   0 T1=1022 T2= 929  P= 557  D=  -1 
 X=1023 X2=1001  Y= 987 Y2=1023 P1=1021 P2=   0 T1=1023 T2= 934  P= 557  D=  -1 
 X=1023 X2= 987  Y= 967 Y2=1023 P1=1023 P2=   0 T1=1023 T2= 906  P= 557  D=  -1 
 X= 745 X2=1013  Y= 984 Y2=1022 P1=1023 P2=   0 T1=1023 T2= 884  P= 557  D=  -1 
 X= 583 X2=1023  Y= 984 Y2=1022 P1=1023 P2=   0 T1=1023 T2= 928  P= 557  D=  -1 
 X= 779 X2=1023  Y= 992 Y2=1021 P1=1023 P2=   0 T1=1023 T2= 946  P= 557  D=  -1 
 X= 990 X2=1008  Y= 979 Y2=1023 P1=1023 P2=   0 T1=1023 T2= 925  P= 557  D=  -1 
 X= 874 X2=1023  Y= 977 Y2=1023 P1=1023 P2=   0 T1=1023 T2= 933  P= 557  D=  -1 
 X= 856 X2= 977  Y= 985 Y2=1023 P1=1023 P2=   0 T1=1022 T2= 940  P= 557  D=  -1 
 X= 894 X2= 969  Y= 982 Y2=1022 P1=1023 P2=   0 T1=1023 T2= 917  P= 557  D=  -1 
 X= 888 X2=1023  Y= 989 Y2=1022 P1=1023 P2=   0 T1=1022 T2= 948  P= 557  D=  -1 
 X= 813 X2=1023  Y= 993 Y2=1021 P1=1023 P2=   0 T1=1023 T2= 917  P= 557  D=  -1 
 X= 946 X2=1023  Y= 995 Y2=1022 P1=1023 P2=   0 T1=1019 T2=1021  P= 557  D=  -1 
 X= 752 X2=1023  Y= 995 Y2=1020 P1=1023 P2=   0 T1=1023 T2= 949  P= 557  D=  -1 
 X= 741 X2=1023  Y= 975 Y2=1022 P1=1023 P2=   0 T1=1023 T2= 949  P= 557  D=  -1 
 X= 918 X2=1023  Y= 982 Y2=1023 P1=1023 P2=   0 T1=1023 T2= 934  P= 557  D=  -1 
 X= 958 X2=1007  Y= 981 Y2=1023 P1=1023 P2=   0 T1=1023 T2= 939  P= 557  D=  -1 
 X= 713 X2=1023  Y= 987 Y2=1021 P1=1023 P2=   0 T1=1023 T2= 953  P= 557  D=  -1 
 X= 859 X2= 985  Y= 984 Y2=1022 P1=1023 P2=   0 T1=1023 T2= 949  P= 557  D=  -1 
 X= 853 X2= 964  Y= 982 Y2=1022 P1=1023 P2=   0 T1=1023 T2= 900  P= 557  D=  -1 
 X= 890 X2=1023  Y= 987 Y2=1020 P1=1023 P2=   0 T1=1023 T2= 946  P= 557  D=  -1 
 X= 780 X2=1023  Y= 981 Y2=1022 P1=1023 P2=   0 T1=1023 T2= 931  P= 557  D=  -1 
 X= 959 X2=1011  Y= 984 Y2=1023 P1=1023 P2=   0 T1=1023 T2= 903  P= 557  D=  -1 
 X= 830 X2=1023  Y= 691 Y2= 694 P1= 905 P2= 555 T1=1022 T2=  11  P= 557  D=  -1 
 X= 872 X2= 969  Y= 991 Y2=1022 P1=1023 P2=   0 T1=1023 T2= 964  P= 557  D=  -1 
 X=1022 X2= 978  Y= 948 Y2=1023 P1=1023 P2=   0 T1=1023 T2= 942  P= 557  D=  -1 
 X= 983 X2=1002  Y= 956 Y2=1023 P1=1023 P2=   0 T1=1023 T2= 926  P= 557  D=  -1 
 X= 790 X2=1023  Y= 977 Y2=1021 P1=1023 P2=   0 T1=1023 T2= 931  P= 557  D=  -1 
 X= 796 X2= 798  Y= 695 Y2= 744 P1=1023 P2=   0 T1=  13 T2= 928  P= 557  D=  -1 * 0
 X= 796 X2= 797  Y= 690 Y2= 694 P1= 909 P2= 538 T1=  12 T2=  12  P= 548  D=  -1 * 0
 X= 797 X2= 797  Y= 691 Y2= 695 P1= 913 P2= 516 T1=  14 T2=  14  P= 612  D=  -1 * 0
 X= 796 X2= 797  Y= 691 Y2= 695 P1= 914 P2= 511 T1=  14 T2=  14  P= 627  D=  -1 * 0
 X= 797 X2= 799  Y= 692 Y2= 696 P1= 919 P2= 489 T1=  16 T2=  16  P= 701  D=  -1 * 1
 X= 796 X2= 798  Y= 692 Y2= 695 P1= 913 P2= 513 T1=  14 T2=  15  P= 620  D=  -1 * 2
 X= 797 X2= 797  Y= 691 Y2= 695 P1= 912 P2= 519 T1=  14 T2=  14  P= 603  D=  -1 * 3
 X= 796 X2= 798  Y= 690 Y2= 695 P1= 913 P2= 518 T1=  15 T2=  14  P= 607  D=  -1 * 4
 X= 797 X2= 797  Y= 691 Y2= 694 P1= 912 P2= 523 T1=  14 T2=  13  P= 592  D=  -1 * 5
 X= 796 X2= 797  Y= 691 Y2= 695 P1= 912 P2= 521 T1=  14 T2=  14  P= 597  D=  -1 * 6
 X= 796 X2= 801  Y= 691 Y2= 694 P1= 912 P2= 522 T1=  13 T2=  13  P= 596  D=  -1 * 7
 X= 796 X2= 806  Y= 691 Y2= 694 P1= 911 P2= 526 T1=  13 T2=  13  P= 585  D=  -1 * 8
 X= 796 X2= 796  Y= 691 Y2= 694 P1= 911 P2= 526 T1=  13 T2=  14  P= 581  D=  -1 * 9
 X= 797 X2= 797  Y= 691 Y2= 694 P1= 911 P2= 526 T1=  13 T2=  14  P= 582  D=  -1 * 10
 X= 796 X2= 798  Y= 690 Y2= 695 P1= 911 P2= 528 T1=  13 T2=  14  P= 577  D=  -1 * 11
 X= 801 X2= 797  Y= 690 Y2= 694 P1= 910 P2= 528 T1=  13 T2=  13  P= 577  D=  -1 * 12
 X= 796 X2= 798  Y= 690 Y2= 694 P1= 911 P2= 529 T1=  14 T2=  13  P= 575  D=  -1 * 13
 X= 796 X2= 796  Y= 690 Y2= 695 P1= 910 P2= 529 T1=  13 T2=  14  P= 573  D=  -1 * 14
 X= 796 X2= 797  Y= 690 Y2= 695 P1= 910 P2= 529 T1=  13 T2=  13  P= 573  D=  -1 * 15
 X= 796 X2= 797  Y= 690 Y2= 695 P1= 910 P2= 529 T1=  14 T2=  14  P= 573  D=  -1 * 16
 X= 794 X2= 797  Y= 690 Y2= 694 P1= 910 P2= 528 T1=  13 T2=  13  P= 574  D=  -1 * 17
 X= 796 X2= 798  Y= 690 Y2= 694 P1= 911 P2= 528 T1=  13 T2=  14  P= 577  D=  -1 * 18
 X= 796 X2= 797  Y= 690 Y2= 694 P1= 911 P2= 528 T1=  14 T2=  13  P= 577  D=  -1 * 19
 X= 796 X2= 797  Y= 691 Y2= 694 P1= 911 P2= 529 T1=  13 T2=  13  P= 574  D=  -1 * 20
 X= 796 X2= 797  Y= 691 Y2= 694 P1= 910 P2= 528 T1=  13 T2=  13  P= 575  D=  -1 * 21
 X= 796 X2= 797  Y= 691 Y2= 694 P1= 910 P2= 529 T1=  13 T2=  13  P= 573  D=  -1 * 22
 X= 797 X2= 797  Y= 691 Y2= 694 P1= 911 P2= 529 T1=  13 T2=  13  P= 575  D=  -1 * 23
 X= 796 X2= 796  Y= 690 Y2= 694 P1= 910 P2= 528 T1=  13 T2=  13  P= 575  D=  -1 * 24
Remove Pin
 X= 796 X2= 797  Y= 691 Y2= 695 P1= 911 P2= 528 T1=  13 T2=  13  P= 577  D=  -1 * 24
 X= 795 X2= 797  Y= 690 Y2= 695 P1= 910 P2= 529 T1=  14 T2=  14  P= 573  D=  -1 * 24
 X= 796 X2= 796  Y= 691 Y2= 694 P1= 910 P2= 530 T1=  13 T2=  14  P= 569  D=  -1 * 24
 X= 796 X2= 796  Y= 690 Y2= 694 P1= 910 P2= 529 T1=  13 T2=  14  P= 573  D=  -1 * 24
 X= 795 X2= 796  Y= 690 Y2= 694 P1= 910 P2= 529 T1=  13 T2=  13  P= 572  D=  -1 * 24
 X= 796 X2= 797  Y= 690 Y2= 695 P1= 911 P2= 529 T1=  13 T2=  13  P= 574  D=  -1 * 24
 X= 796 X2= 796  Y= 690 Y2= 695 P1= 910 P2= 528 T1=  13 T2=  12  P= 575  D=  -1 * 24
 X= 796 X2= 797  Y= 690 Y2= 694 P1= 910 P2= 529 T1=  14 T2=  13  P= 573  D=  -1 * 24
 X= 796 X2= 797  Y= 691 Y2= 694 P1= 911 P2= 529 T1=  13 T2=  12  P= 574  D=  -1 * 24
 X= 796 X2= 797  Y= 691 Y2= 694 P1= 910 P2= 529 T1=  13 T2=  14  P= 573  D=  -1 * 24
 X= 796 X2= 797  Y= 690 Y2= 694 P1= 910 P2= 529 T1=  13 T2=  14  P= 573  D=  -1 * 24
 X= 795 X2= 797  Y= 690 Y2= 694 P1= 914 P2= 529 T1=  13 T2=  13  P= 578  D=  -1 * 24
 X= 796 X2= 797  Y= 690 Y2= 694 P1= 911 P2= 529 T1=  13 T2=  14  P= 574  D=  -1 * 24
 X= 797 X2= 797  Y= 690 Y2= 695 P1= 911 P2= 525 T1=  13 T2=  13  P= 585  D=  -1 * 24
 X= 771 X2=1013  Y= 954 Y2=1023 P1=1023 P2=   0 T1=1023 T2= 923  P= 585  D=  -1 
 X= 907 X2= 984  Y= 971 Y2=1022 P1=1023 P2=   0 T1=1022 T2= 910  P= 585  D=  -1 
 X= 865 X2= 981  Y= 981 Y2=1023 P1=1023 P2=   0 T1=1023 T2= 959  P= 585  D=  -1 
target state=3 point=23,249
 X= 820 X2=1023  Y= 982 Y2=1021 P1=1023 P2=   0 T1=1023 T2= 938  P= 585  D=  -1 
 X= 743 X2=1023  Y= 993 Y2=1022 P1=1023 P2=   0 T1=1023 T2= 881  P= 585  D=  -1 
 X= 882 X2= 996  Y= 965 Y2=1022 P1=1023 P2=   0 T1=1023 T2= 890  P= 585  D=  -1 
 X= 764 X2=1014  Y= 985 Y2=1023 P1=1023 P2=   0 T1=1023 T2= 944  P= 585  D=  -1 
 X= 657 X2=1023  Y= 970 Y2=1020 P1=1023 P2=   0 T1=1023 T2= 892  P= 585  D=  -1 
 X= 794 X2= 987  Y= 973 Y2=1023 P1=1023 P2=   0 T1=1023 T2= 971  P= 585  D=  -1 
 X= 821 X2=1023  Y= 971 Y2=1023 P1=1023 P2=   0 T1=1023 T2= 935  P= 585  D=  -1 
 X= 784 X2=1023  Y= 980 Y2=1021 P1=1023 P2=   0 T1=1023 T2= 948  P= 585  D=  -1 
 X= 827 X2=1023  Y= 982 Y2=1022 P1=1023 P2=   0 T1=1022 T2= 933  P= 585  D=  -1 
 X= 908 X2=1023  Y= 973 Y2=1023 P1=1023 P2=   0 T1=1022 T2= 920  P= 585  D=  -1 
 X= 642 X2=1023  Y= 981 Y2=1020 P1=1023 P2=   0 T1=1023 T2= 933  P= 585  D=  -1 
 X= 762 X2=1023  Y= 987 Y2=1022 P1=1023 P2=   0 T1=1023 T2= 888  P= 585  D=  -1 
 X= 748 X2=1009  Y= 973 Y2=1023 P1=1023 P2=   0 T1=1023 T2= 938  P= 585  D=  -1 
 X= 788 X2=1023  Y= 964 Y2=1023 P1=1023 P2=   0 T1=1023 T2= 905  P= 585  D=  -1 
 X=1023 X2=1020  Y= 965 Y2=1023 P1=1023 P2=   0 T1=1023 T2= 938  P= 585  D=  -1 
 X= 798 X2= 794  Y= 708 Y2= 712 P1= 916 P2= 528 T1=  12 T2=  13  P= 584  D=  -1 * 0
 X= 730 X2=1023  Y=1001 Y2=1022 P1=1023 P2=   0 T1=1023 T2= 910  P= 584  D=  -1 
 X= 908 X2=1011  Y= 955 Y2=1023 P1=1023 P2=   0 T1=1023 T2= 933  P= 584  D=  -1 
 X= 802 X2= 804  Y= 702 Y2= 706 P1= 929 P2= 449 T1=  19 T2=  18  P= 584  D=  -1 * 0
 X= 805 X2= 805  Y= 705 Y2= 710 P1= 937 P2= 421 T1=  25 T2=  22  P= 584  D=  -1 * 0
 X=1021 X2= 997  Y= 939 Y2=1023 P1=1023 P2=   0 T1=1022 T2= 918  P= 584  D=  -1 
 X= 799 X2= 800  Y= 699 Y2= 703 P1= 934 P2= 436 T1=  26 T2=  20  P= 584  D=  -1 * 0
 X= 795 X2= 795  Y= 692 Y2= 696 P1= 920 P2= 484 T1=  14 T2=  16  P= 715  D=  -1 * 1
 X= 837 X2= 965  Y= 696 Y2= 694 P1= 913 P2= 517 T1=1023 T2=  13  P= 715  D=  -1 
target state=3 point=23,249
 X= 795 X2= 797  Y= 688 Y2= 691 P1= 913 P2= 517 T1=  16 T2=  13  P= 608  D=  -1 * 0
 X= 833 X2= 842  Y= 690 Y2= 693 P1= 915 P2= 508 T1=1023 T2=  14  P= 608  D=  -1 
 X= 797 X2= 798  Y= 690 Y2= 693 P1= 918 P2= 495 T1=  17 T2=  15  P= 680  D=  -1 * 0
 X= 796 X2= 797  Y= 689 Y2= 693 P1= 912 P2= 518 T1=  14 T2=  13  P= 604  D=  -1 * 0
 X= 797 X2= 798  Y= 689 Y2= 693 P1= 916 P2= 502 T1=  16 T2=  14  P= 656  D=  -1 * 0
 X= 797 X2= 799  Y= 689 Y2= 693 P1= 915 P2= 503 T1=  14 T2=  15  P= 653  D=  -1 * 1
 X= 797 X2= 798  Y= 690 Y2= 694 P1= 917 P2= 493 T1=  15 T2=  15  P= 685  D=  -1 * 1
 X= 797 X2= 798  Y= 690 Y2= 694 P1= 917 P2= 497 T1=  15 T2=  15  P= 673  D=  -1 * 1
 X= 797 X2= 797  Y= 690 Y2= 694 P1= 918 P2= 493 T1=  15 T2=  15  P= 687  D=  -1 * 1
 X= 797 X2= 797  Y= 689 Y2= 693 P1= 914 P2= 508 T1=  14 T2=  14  P= 636  D=  -1 * 1
 X= 797 X2= 797  Y= 689 Y2= 693 P1= 913 P2= 515 T1=  15 T2=  14  P= 615  D=  -1 * 1
 X= 796 X2= 798  Y= 689 Y2= 693 P1= 913 P2= 513 T1=  14 T2=  14  P= 620  D=  -1 * 1
 X= 795 X2= 797  Y= 689 Y2= 693 P1= 913 P2= 512 T1=  14 T2=  14  P= 623  D=  -1 * 1
 X= 796 X2= 797  Y= 689 Y2= 693 P1= 915 P2= 514 T1=  15 T2=  14  P= 620  D=  -1 * 1
 X= 796 X2= 797  Y= 689 Y2= 693 P1= 912 P2= 515 T1=  13 T2=  14  P= 612  D=  -1 * 1
 X= 797 X2= 797  Y= 689 Y2= 693 P1= 913 P2= 515 T1=  15 T2=  14  P= 615  D=  -1 * 1
 X= 796 X2= 797  Y= 689 Y2= 693 P1= 912 P2= 516 T1=  14 T2=  14  P= 610  D=  -1 * 1
 X= 797 X2= 797  Y= 689 Y2= 693 P1= 912 P2= 516 T1=  14 T2=  14  P= 611  D=  -1 * 1
 X= 797 X2= 798  Y= 689 Y2= 693 P1= 912 P2= 516 T1=  14 T2=  15  P= 611  D=  -1 * 1
 X= 795 X2= 798  Y= 688 Y2= 693 P1= 913 P2= 516 T1=  14 T2=  14  P= 612  D=  -1 * 1
 X= 796 X2= 798  Y= 689 Y2= 693 P1= 912 P2= 516 T1=  14 T2=  14  P= 611  D=  -1 * 1
 X= 797 X2= 797  Y= 689 Y2= 693 P1= 913 P2= 516 T1=  14 T2=  14  P= 612  D=  -1 * 1
 X= 797 X2= 797  Y= 688 Y2= 693 P1= 913 P2= 516 T1=  14 T2=  14  P= 612  D=  -1 * 1
 X= 797 X2= 798  Y= 689 Y2= 693 P1= 912 P2= 516 T1=  14 T2=  14  P= 611  D=  -1 * 1
 X= 796 X2= 798  Y= 689 Y2= 693 P1= 912 P2= 517 T1=  14 T2=  14  P= 608  D=  -1 * 1
 X= 797 X2= 798  Y= 689 Y2= 693 P1= 912 P2= 516 T1=  14 T2=  15  P= 611  D=  -1 * 1
 X= 796 X2= 798  Y= 689 Y2= 693 P1= 912 P2= 518 T1=  14 T2=  14  P= 605  D=  -1 * 1
 X= 797 X2= 797  Y= 689 Y2= 693 P1= 913 P2= 515 T1=  14 T2=  14  P= 615  D=  -1 * 1
 X= 796 X2= 796  Y= 688 Y2= 693 P1= 910 P2= 525 T1=  13 T2=  13  P= 583  D=  -1 * 1
 X= 796 X2= 797  Y= 687 Y2= 692 P1= 911 P2= 538 T1=  12 T2=  12  P= 551  D=  -1 * 1
 X= 700 X2=1023  Y= 968 Y2=1022 P1=1023 P2=   0 T1=1023 T2= 929  P= 551  D=  -1 
target state=3 point=23,249
 X= 871 X2=1022  Y= 990 Y2=1022 P1=1023 P2=   0 T1=1023 T2= 948  P= 551  D=  -1 
 X= 989 X2=1007  Y= 966 Y2=1023 P1=1023 P2=   0 T1=1023 T2= 936  P= 551  D=  -1 
 X= 747 X2=1013  Y= 962 Y2=1023 P1=1023 P2=   0 T1=1023 T2= 939  P= 551  D=  -1 
 X= 908 X2= 998  Y= 967 Y2=1022 P1=1023 P2=   0 T1=1023 T2= 937  P= 551  D=  -1 
 X= 848 X2= 981  Y= 980 Y2=1022 P1=1023 P2=   0 T1=1023 T2= 907  P= 551  D=  -1 
 X= 854 X2=1023  Y= 982 Y2=1023 P1=1023 P2=   0 T1=1023 T2= 919  P= 551  D=  -1 
 X= 799 X2=1023  Y= 986 Y2=1023 P1=1023 P2=   0 T1=1023 T2= 933  P= 551  D=  -1 
 X= 848 X2=1023  Y= 985 Y2=1022 P1=1023 P2=   0 T1=1023 T2= 939  P= 551  D=  -1 
 X= 804 X2=1013  Y= 983 Y2=1022 P1=1023 P2=   0 T1=1022 T2= 944  P= 551  D=  -1 
 X= 835 X2=1023  Y= 997 Y2=1023 P1=1023 P2=   0 T1=1023 T2= 933  P= 551  D=  -1 
 X= 970 X2=1006  Y= 976 Y2=1023 P1=1023 P2=   0 T1=1023 T2= 942  P= 551  D=  -1 
 X= 970 X2=1006  Y= 978 Y2=1023 P1=1023 P2=   0 T1=1023 T2= 951  P= 551  D=  -1 
 X= 711 X2=1023  Y= 996 Y2=1021 P1=1023 P2=   0 T1=1023 T2= 932  P= 551  D=  -1 
 X= 908 X2= 975  Y= 982 Y2=1022 P1=1023 P2=   0 T1=1023 T2= 917  P= 551  D=  -1 
 X=1023 X2= 971  Y= 979 Y2=1023 P1=1023 P2=   0 T1=1023 T2= 947  P= 551  D=  -1 
 X= 801 X2=1023  Y= 982 Y2=1022 P1=1023 P2=   0 T1=1023 T2= 932  P= 551  D=  -1 
 X= 810 X2=1023  Y= 989 Y2=1022 P1=1023 P2=   0 T1=1022 T2= 935  P= 551  D=  -1 
 X= 882 X2=1023  Y= 981 Y2=1022 P1=1023 P2=   0 T1=1023 T2= 894  P= 551  D=  -1 
 X= 911 X2=1023  Y= 979 Y2=1023 P1=1023 P2=   0 T1=1023 T2= 924  P= 551  D=  -1 
 X= 779 X2=1023  Y= 985 Y2=1021 P1=1023 P2=   0 T1=1023 T2= 908  P= 551  D=  -1 
 X= 734 X2=1023  Y= 997 Y2=1022 P1=1023 P2=   0 T1=1023 T2= 935  P= 551  D=  -1 
 X= 913 X2=1023  Y= 981 Y2=1021 P1=1023 P2=   0 T1=1023 T2= 932  P= 551  D=  -1 
 X= 883 X2=1004  Y= 984 Y2=1023 P1=1023 P2=   0 T1=1023 T2= 962  P= 551  D=  -1 
 X=1023 X2=1005  Y= 989 Y2=1023 P1=1023 P2=   0 T1=1023 T2= 903  P= 551  D=  -1 
 X= 728 X2=1023  Y= 981 Y2=1023 P1=1023 P2=   0 T1=1023 T2= 944  P= 551  D=  -1 
 X= 747 X2=1023  Y= 994 Y2=1022 P1=1023 P2=   0 T1=1023 T2= 945  P= 551  D=  -1 
 X= 890 X2= 984  Y= 982 Y2=1022 P1=1023 P2=   0 T1=1023 T2= 903  P= 551  D=  -1 
 X= 900 X2=1023  Y= 991 Y2=1023 P1=1023 P2=   0 T1=1023 T2= 936  P= 551  D=  -1 
 X= 646 X2=1023  Y= 985 Y2=1021 P1=1023 P2=   0 T1=1023 T2= 948  P= 551  D=  -1 
 X= 996 X2= 987  Y= 971 Y2=1023 P1=1023 P2=   0 T1=1023 T2= 936  P= 551  D=  -1 
 X= 969 X2=1004  Y= 977 Y2=1023 P1=1023 P2=   0 T1=1023 T2= 938  P= 551  D=  -1 
 X= 827 X2=1022  Y= 988 Y2=1023 P1=1023 P2=   0 T1=1023 T2= 959  P= 551  D=  -1 
 X= 847 X2= 947  Y= 992 Y2=1023 P1=1023 P2=   0 T1=1023 T2= 933  P= 551  D=  -1 
 X=1002 X2=1005  Y= 979 Y2=1023 P1=1023 P2=   0 T1=1011 T2= 946  P= 551  D=  -1 
 X= 839 X2=1023  Y= 977 Y2=1023 P1=1023 P2=   0 T1=1023 T2= 930  P= 551  D=  -1 
 X= 848 X2=1022  Y= 984 Y2=1023 P1=1023 P2=   0 T1=1023 T2= 929  P= 551  D=  -1 
 X= 795 X2=1012  Y= 980 Y2=1023 P1=1023 P2=   0 T1=1023 T2= 909  P= 551  D=  -1 
 X= 911 X2=1023  Y= 985 Y2=1021 P1=1023 P2=   0 T1=1023 T2= 933  P= 551  D=  -1 
 X=1023 X2=1009  Y= 991 Y2=1023 P1=1023 P2=   0 T1=1023 T2= 948  P= 551  D=  -1 
 X= 993 X2= 985  Y= 954 Y2=1023 P1=1023 P2=   0 T1=1023 T2= 946  P= 551  D=  -1 
 X= 885 X2=1023  Y= 983 Y2=1023 P1=1023 P2=   0 T1=1023 T2= 924  P= 551  D=  -1 
 X= 814 X2=1023  Y= 982 Y2=1022 P1=1023 P2=   0 T1=1023 T2= 908  P= 551  D=  -1 
 X= 863 X2= 973  Y= 970 Y2=1023 P1=1023 P2=   0 T1=1023 T2= 958  P= 551  D=  -1 
 X= 603 X2=1023  Y= 961 Y2=1022 P1=1023 P2=   0 T1=1023 T2= 943  P= 551  D=  -1 
 X= 767 X2=1023  Y= 983 Y2=1021 P1=1023 P2=   0 T1=1023 T2= 940  P= 551  D=  -1 
 X= 969 X2=1012  Y= 951 Y2=1023 P1=1023 P2=   0 T1=1023 T2= 911  P= 551  D=  -1 
 X= 809 X2=1012  Y= 979 Y2=1023 P1=1023 P2=   0 T1=1022 T2= 882  P= 551  D=  -1 
 X= 808 X2=1023  Y= 990 Y2=1023 P1=1023 P2=   0 T1=1023 T2= 911  P= 551  D=  -1 
 X= 890 X2=1005  Y= 984 Y2=1023 P1=1023 P2=   0 T1=1023 T2= 891  P= 551  D=  -1 
 X=1005 X2= 989  Y= 978 Y2=1023 P1=1023 P2=   0 T1=1023 T2= 909  P= 551  D=  -1 
 X= 864 X2= 964  Y= 977 Y2=1023 P1=1023 P2=   0 T1=1023 T2= 957  P= 551  D=  -1 
 X=1023 X2= 954  Y= 975 Y2=1023 P1=1023 P2=   0 T1=1023 T2= 921  P= 551  D=  -1 
 X= 880 X2=1023  Y= 979 Y2=1022 P1=1023 P2=   0 T1=1023 T2= 892  P= 551  D=  -1 
 X= 740 X2=1008  Y=1011 Y2=1023 P1=1023 P2=   0 T1=1023 T2=1001  P= 551  D=  -1 
 X=1023 X2= 884  Y=1006 Y2=1023 P1=1023 P2=   0 T1=1023 T2=1005  P= 551  D=  -1 
 X= 837 X2=1014  Y= 984 Y2=1023 P1=1023 P2=   0 T1=1023 T2= 906  P= 551  D=  -1 
 X=1023 X2=1023  Y=1011 Y2=1023 P1=1023 P2=   0 T1=1023 T2= 944  P= 551  D=  -1 
 X= 882 X2=1023  Y= 994 Y2=1022 P1=1023 P2=   0 T1=1023 T2= 946  P= 551  D=  -1 
 X= 891 X2=1023  Y= 992 Y2=1021 P1=1023 P2=   0 T1=1023 T2= 932  P= 551  D=  -1 
 X=1023 X2=1023  Y= 985 Y2=1023 P1=1023 P2=   0 T1=1023 T2= 956  P= 551  D=  -1 
 X= 883 X2=1023  Y= 988 Y2=1022 P1=1023 P2=   0 T1=1023 T2= 945  P= 551  D=  -1 
 X=1015 X2=1023  Y= 993 Y2=1023 P1=1023 P2=   0 T1=1023 T2= 935  P= 551  D=  -1 
 X= 951 X2=1013  Y=1005 Y2=1023 P1=1023 P2=   0 T1=1023 T2= 985  P= 551  D=  -1 
 X= 959 X2=1023  Y=1017 Y2=1023 P1=1023 P2=   0 T1=1018 T2=1000  P= 551  D=  -1 
 X= 966 X2= 956  Y= 975 Y2=1023 P1=1023 P2=   0 T1=1023 T2= 942  P= 551  D=  -1 
 X= 618 X2=1023  Y= 984 Y2=1022 P1=1023 P2=   0 T1=1023 T2= 938  P= 551  D=  -1 
 X= 968 X2=1007  Y= 949 Y2=1023 P1=1023 P2=   0 T1=1023 T2= 936  P= 551  D=  -1 
 X= 991 X2= 997  Y= 973 Y2=1023 P1=1023 P2=   0 T1=1023 T2= 861  P= 551  D=  -1 
 X= 835 X2=1023  Y= 976 Y2=1023 P1=1023 P2=   0 T1=1023 T2= 934  P= 551  D=  -1 
 X= 912 X2= 970  Y= 983 Y2=1022 P1=1023 P2=   0 T1=1023 T2= 948  P= 551  D=  -1 
 X= 916 X2= 985  Y= 977 Y2=1023 P1=1023 P2=   0 T1=1023 T2= 954  P= 551  D=  -1 
 X= 780 X2=1023  Y= 987 Y2=1022 P1=1023 P2=   0 T1=1023 T2= 938  P= 551  D=  -1 
 X= 733 X2=1023  Y= 994 Y2=1022 P1=1023 P2=   0 T1=1023 T2= 915  P= 551  D=  -1 
 X= 806 X2=1023  Y= 972 Y2=1022 P1=1023 P2=   0 T1=1023 T2= 905  P= 551  D=  -1 
 X= 877 X2=1023  Y= 988 Y2=1023 P1=1023 P2=   0 T1=1023 T2= 900  P= 551  D=  -1 
 X= 237 X2= 238  Y= 690 Y2= 686 P1= 826 P2= 255 T1=  18 T2=  19  P= 530  D=  -1 * 0
 X= 899 X2=1003  Y= 964 Y2=1023 P1=1023 P2=   0 T1=1023 T2= 899  P= 530  D=  -1 
 X=1023 X2= 961  Y= 976 Y2=1023 P1=1023 P2=   0 T1=1023 T2= 907  P= 530  D=  -1 
 X= 239 X2= 241  Y= 690 Y2= 687 P1= 829 P2= 253 T1=  18 T2=  19  P= 546  D=  -1 * 0
 X= 239 X2= 241  Y= 690 Y2= 686 P1= 835 P2= 246 T1=  19 T2=  19  P= 574  D=  -1 * 0
 X= 242 X2= 245  Y= 691 Y2= 688 P1= 872 P2= 200 T1=  20 T2=  23  P= 816  D=  -1 * 0
 X= 239 X2= 241  Y= 689 Y2= 685 P1= 829 P2= 255 T1=  18 T2=  18  P= 540  D=  -1 * 1
 X= 242 X2= 243  Y= 688 Y2= 686 P1= 844 P2= 234 T1=  19 T2=  20  P= 630  D=  -1 * 2
 X= 239 X2= 242  Y= 689 Y2= 685 P1= 830 P2= 254 T1=  18 T2=  18  P= 544  D=  -1 * 3
 X= 240 X2= 241  Y= 690 Y2= 685 P1= 832 P2= 251 T1=  19 T2=  18  P= 555  D=  -1 * 4
 X= 240 X2= 241  Y= 689 Y2= 685 P1= 830 P2= 253 T1=  18 T2=  18  P= 547  D=  -1 * 5
 X= 240 X2= 242  Y= 689 Y2= 685 P1= 830 P2= 254 T1=  19 T2=  19  P= 546  D=  -1 * 6
 X= 239 X2= 241  Y= 689 Y2= 685 P1= 829 P2= 255 T1=  19 T2=  18  P= 540  D=  -1 * 7
 X= 239 X2= 241  Y= 689 Y2= 685 P1= 830 P2= 254 T1=  18 T2=  18  P= 544  D=  -1 * 8
 X= 240 X2= 241  Y= 689 Y2= 685 P1= 829 P2= 255 T1=  18 T2=  18  P= 540  D=  -1 * 9
 X= 239 X2= 240  Y= 689 Y2= 686 P1= 830 P2= 254 T1=  17 T2=  18  P= 541  D=  -1 * 10
 X= 239 X2= 241  Y= 690 Y2= 685 P1= 830 P2= 253 T1=  18 T2=  18  P= 547  D=  -1 * 11
 X= 240 X2= 241  Y= 689 Y2= 685 P1= 830 P2= 254 T1=  17 T2=  18  P= 544  D=  -1 * 12
 X= 239 X2= 242  Y= 689 Y2= 685 P1= 830 P2= 253 T1=  18 T2=  18  P= 547  D=  -1 * 13
 X= 239 X2= 241  Y= 689 Y2= 685 P1= 830 P2= 254 T1=  18 T2=  18  P= 544  D=  -1 * 14
 X= 240 X2= 241  Y= 689 Y2= 685 P1= 830 P2= 253 T1=  18 T2=  18  P= 547  D=  -1 * 15
 X= 240 X2= 241  Y= 690 Y2= 685 P1= 830 P2= 253 T1=  18 T2=  18  P= 547  D=  -1 * 16
 X= 239 X2= 241  Y= 689 Y2= 685 P1= 829 P2= 254 T1=  18 T2=  18  P= 543  D=  -1 * 17
 X= 240 X2= 241  Y= 689 Y2= 685 P1= 829 P2= 254 T1=  18 T2=  18  P= 543  D=  -1 * 18
 X= 239 X2= 242  Y= 689 Y2= 685 P1= 830 P2= 254 T1=  18 T2=  18  P= 544  D=  -1 * 19
 X= 239 X2= 242  Y= 690 Y2= 684 P1= 830 P2= 254 T1=  18 T2=  18  P= 544  D=  -1 * 20
 X= 239 X2= 241  Y= 689 Y2= 685 P1= 830 P2= 254 T1=  18 T2=  19  P= 544  D=  -1 * 21
 X= 239 X2= 241  Y= 687 Y2= 685 P1= 829 P2= 254 T1=  18 T2=  18  P= 543  D=  -1 * 22
 X= 239 X2= 241  Y= 689 Y2= 685 P1= 829 P2= 255 T1=  18 T2=  18  P= 540  D=  -1 * 23
 X= 239 X2= 241  Y= 689 Y2= 685 P1= 829 P2= 255 T1=  18 T2=  18  P= 540  D=  -1 * 24
Remove Pin
 X= 240 X2= 240  Y= 689 Y2= 685 P1= 830 P2= 254 T1=  18 T2=  18  P= 544  D=  -1 * 24
 X= 240 X2= 241  Y= 689 Y2= 684 P1= 829 P2= 254 T1=  18 T2=  19  P= 543  D=  -1 * 24
 X= 239 X2= 242  Y= 690 Y2= 685 P1= 829 P2= 255 T1=  18 T2=  18  P= 540  D=  -1 * 24
 X= 239 X2= 241  Y= 689 Y2= 685 P1= 829 P2= 255 T1=  18 T2=  18  P= 540  D=  -1 * 24
 X= 239 X2= 241  Y= 689 Y2= 685 P1= 829 P2= 255 T1=  18 T2=  18  P= 540  D=  -1 * 24
 X= 240 X2= 241  Y= 688 Y2= 685 P1= 829 P2= 255 T1=  19 T2=  19  P= 540  D=  -1 * 24
 X= 240 X2= 241  Y= 689 Y2= 686 P1= 828 P2= 255 T1=  18 T2=  18  P= 539  D=  -1 * 24
 X= 240 X2= 241  Y= 689 Y2= 685 P1= 828 P2= 255 T1=  18 T2=  18  P= 539  D=  -1 * 24
 X= 240 X2= 241  Y= 690 Y2= 684 P1= 828 P2= 256 T1=  18 T2=  18  P= 536  D=  -1 * 24
 X= 240 X2= 241  Y= 689 Y2= 684 P1= 828 P2= 256 T1=  18 T2=  18  P= 536  D=  -1 * 24
 X= 238 X2= 242  Y= 689 Y2= 685 P1= 828 P2= 256 T1=  18 T2=  17  P= 536  D=  -1 * 24
 X= 240 X2= 241  Y= 689 Y2= 685 P1= 828 P2= 256 T1=  18 T2=  18  P= 536  D=  -1 * 24
 X= 239 X2= 241  Y= 689 Y2= 685 P1= 828 P2= 256 T1=  18 T2=  18  P= 536  D=  -1 * 24
 X= 238 X2= 241  Y= 689 Y2= 685 P1= 828 P2= 256 T1=  18 T2=  18  P= 533  D=  -1 * 24
 X= 239 X2= 241  Y= 689 Y2= 685 P1= 827 P2= 256 T1=  18 T2=  18  P= 535  D=  -1 * 24
 X= 239 X2= 240  Y= 689 Y2= 685 P1= 828 P2= 256 T1=  18 T2=  17  P= 533  D=  -1 * 24
 X= 239 X2= 241  Y= 689 Y2= 685 P1= 828 P2= 257 T1=  18 T2=  18  P= 533  D=  -1 * 24
 X= 240 X2= 241  Y= 690 Y2= 685 P1= 828 P2= 257 T1=  19 T2=  18  P= 533  D=  -1 * 24
 X= 239 X2= 241  Y= 689 Y2= 685 P1= 827 P2= 256 T1=  17 T2=  18  P= 535  D=  -1 * 24
 X= 239 X2= 241  Y= 689 Y2= 684 P1= 838 P2= 256 T1=  18 T2=  17  P= 545  D=  -1 * 24
 X= 240 X2= 241  Y= 689 Y2= 685 P1= 829 P2= 257 T1=  18 T2=  18  P= 534  D=  -1 * 24
 X= 237 X2= 241  Y= 689 Y2= 685 P1= 827 P2= 257 T1=  18 T2=  18  P= 529  D=  -1 * 24
 X= 239 X2= 240  Y= 689 Y2= 685 P1= 827 P2= 257 T1=  18 T2=  18  P= 529  D=  -1 * 24
 X= 239 X2= 241  Y= 689 Y2= 685 P1= 827 P2= 257 T1=  18 T2=  17  P= 532  D=  -1 * 24
 X= 239 X2= 242  Y= 689 Y2= 685 P1= 827 P2= 257 T1=  18 T2=  18  P= 532  D=  -1 * 24
 X= 239 X2= 241  Y= 689 Y2= 685 P1= 827 P2= 257 T1=  18 T2=  18  P= 532  D=  -1 * 24
 X= 239 X2= 240  Y= 690 Y2= 685 P1= 827 P2= 257 T1=  18 T2=  18  P= 529  D=  -1 * 24
 X= 239 X2= 241  Y= 690 Y2= 685 P1= 827 P2= 258 T1=  18 T2=  18  P= 529  D=  -1 * 24
 X= 239 X2= 241  Y= 689 Y2= 685 P1= 827 P2= 257 T1=  18 T2=  18  P= 532  D=  -1 * 24
 X= 240 X2= 241  Y= 689 Y2= 685 P1= 827 P2= 256 T1=  17 T2=  19  P= 535  D=  -1 * 24
 X= 239 X2= 241  Y= 690 Y2= 685 P1= 827 P2= 258 T1=  18 T2=  18  P= 529  D=  -1 * 24
 X= 240 X2= 241  Y= 689 Y2= 685 P1= 827 P2= 258 T1=  18 T2=  18  P= 529  D=  -1 * 24
 X= 240 X2= 242  Y= 688 Y2= 684 P1= 827 P2= 257 T1=  18 T2=  18  P= 534  D=  -1 * 24
 X= 239 X2= 241  Y= 689 Y2= 686 P1= 827 P2= 258 T1=  18 T2=  18  P= 529  D=  -1 * 24
 X= 239 X2= 241  Y= 689 Y2= 685 P1= 827 P2= 257 T1=  18 T2=  18  P= 532  D=  -1 * 24
 X= 239 X2= 240  Y= 689 Y2= 685 P1= 827 P2= 258 T1=  18 T2=  17  P= 526  D=  -1 * 24
 X= 239 X2= 241  Y= 689 Y2= 685 P1= 826 P2= 258 T1=  18 T2=  18  P= 528  D=  -1 * 24
 X= 239 X2= 241  Y= 689 Y2= 685 P1= 826 P2= 258 T1=  18 T2=  18  P= 528  D=  -1 * 24
 X= 239 X2= 242  Y= 689 Y2= 685 P1= 827 P2= 257 T1=  18 T2=  18  P= 532  D=  -1 * 24
 X= 239 X2= 241  Y= 689 Y2= 685 P1= 827 P2= 257 T1=  18 T2=  18  P= 532  D=  -1 * 24
 X= 240 X2= 241  Y= 688 Y2= 685 P1= 827 P2= 257 T1=  18 T2=  18  P= 532  D=  -1 * 24
 X= 240 X2= 241  Y= 688 Y2= 685 P1= 828 P2= 257 T1=  18 T2=  18  P= 533  D=  -1 * 24
 X= 239 X2= 242  Y= 689 Y2= 685 P1= 827 P2= 257 T1=  18 T2=  18  P= 532  D=  -1 * 24
 X= 240 X2= 242  Y= 689 Y2= 685 P1= 827 P2= 257 T1=  17 T2=  18  P= 534  D=  -1 * 24
 X= 240 X2= 241  Y= 689 Y2= 685 P1= 825 P2= 257 T1=  18 T2=  18  P= 530  D=  -1 * 24
 X= 239 X2= 240  Y= 688 Y2= 685 P1= 829 P2= 257 T1=  18 T2=  18  P= 531  D=  -1 * 24
 X= 240 X2= 241  Y= 689 Y2= 685 P1= 828 P2= 258 T1=  18 T2=  18  P= 530  D=  -1 * 24
 X= 239 X2= 242  Y= 689 Y2= 685 P1= 828 P2= 257 T1=  18 T2=  18  P= 533  D=  -1 * 24
 X= 240 X2= 241  Y= 689 Y2= 685 P1= 827 P2= 256 T1=  18 T2=  19  P= 535  D=  -1 * 24
 X= 240 X2= 242  Y= 689 Y2= 685 P1= 827 P2= 257 T1=  17 T2=  18  P= 534  D=  -1 * 24
 X= 239 X2= 241  Y= 690 Y2= 685 P1= 828 P2= 257 T1=  17 T2=  18  P= 533  D=  -1 * 24
 X= 238 X2= 242  Y= 689 Y2= 685 P1= 828 P2= 256 T1=  18 T2=  18  P= 536  D=  -1 * 24
 X= 239 X2= 242  Y= 689 Y2= 685 P1= 827 P2= 257 T1=  18 T2=  17  P= 532  D=  -1 * 24
 X= 239 X2= 238  Y= 688 Y2= 685 P1= 827 P2= 257 T1=  19 T2=  19  P= 527  D=  -1 * 24
 X= 239 X2= 241  Y= 689 Y2= 685 P1= 828 P2= 256 T1=  18 T2=  18  P= 536  D=  -1 * 24
 X= 239 X2= 242  Y= 689 Y2= 685 P1= 827 P2= 257 T1=  18 T2=  18  P= 532  D=  -1 * 24
 X= 239 X2= 241  Y= 689 Y2= 685 P1= 828 P2= 257 T1=  18 T2=  18  P= 533  D=  -1 * 24
 X= 239 X2= 242  Y= 689 Y2= 684 P1= 827 P2= 257 T1=  18 T2=  18  P= 532  D=  -1 * 24
 X= 239 X2= 242  Y= 689 Y2= 685 P1= 828 P2= 257 T1=  18 T2=  18  P= 533  D=  -1 * 24
 X= 240 X2= 241  Y= 689 Y2= 685 P1= 830 P2= 257 T1=  18 T2=  18  P= 534  D=  -1 * 24
 X= 239 X2= 241  Y= 689 Y2= 685 P1= 827 P2= 257 T1=  18 T2=  17  P= 532  D=  -1 * 24
 X= 239 X2= 241  Y= 688 Y2= 685 P1= 825 P2= 260 T1=  18 T2=  17  P= 521  D=  -1 * 24
 X= 767 X2=1023  Y= 977 Y2=1022 P1=1023 P2=   0 T1=1023 T2= 921  P= 521  D=  -1 
 X= 870 X2=1002  Y= 977 Y2=1023 P1=1023 P2=   0 T1=1023 T2= 924  P= 521  D=  -1 
 X= 743 X2=1023  Y= 999 Y2=1023 P1=1023 P2=   0 T1=1023 T2= 934  P= 521  D=  -1 
Target Noise  x= 2.50 y= 2.50
X[0]: Target= 23   240/ 241/ 242 Stdev= 0.48 N= 24  Y[0]: Target= 22   347/ 348/ 349 Stdev= 0.48 N= 24
X[1]: Target=456   796/ 797/ 801 Stdev= 0.94 N= 24  Y[1]: Target= 22   350/ 351/ 352 Stdev= 0.53 N= 24
X[2]: Target=456   795/ 797/ 801 Stdev= 1.19 N= 24  Y[2]: Target=249   692/ 692/ 694 Stdev= 0.51 N= 24
X[3]: Target= 23   239/ 240/ 243 Stdev= 0.75 N= 24  Y[3]: Target=249   686/ 687/ 689 Stdev= 0.45 N= 24
N=24 Avg=19
min: 18 18 19 19 19 19 
max: 20 20 20 20 20 19 
N=24 Avg=12
min: 11 12 12 12 12 12 
max: 13 13 13 12 12 12 
N=24 Avg=13
min: 13 13 13 13 13 13 
max: 16 14 14 14 14 14 
N=24 Avg=18
min: 17 17 18 18 18 18 
max: 21 19 19 18 18 18 
Using TNT center offset = 16
TNT Plane Coef: a= -648 b=   96 c= 269716
At  240, 348: Real=  19 Fit=  18 Offset=   2
At  797, 351: Real=  12 Fit=  14 Offset=  -2
At  796, 692: Real=  14 Fit=  14 Offset=  -2
At  240, 687: Real=  18 Fit=  19 Offset=   3
Fit Corners: 21, 12, 12, 21  Center: 16
Setting for min_tnt_up:   520
Setting for max_tnt_down: 21 (V2:31)
Entering calib_pressure_mfg
Using default pressure curve
468 471 487 495 509 524 553 575 612 
Summary:
Setting for max_tnt_down:      21
3.7 setting for max_tnt_down:     -1
Setting for min_tnt_up:       520
Setting for max_delta_tnt:      5
3.8 setting for max_delta_tnt:     -1
Setting for delay_in_us:        1
Setting for y_delay_in_us:      1
Setting for tnt_delay_in_us:    1
Setting for pressure_curve:  468 471 487 495 509 524 553 575 612
Setting for tnt_mode:           1
Setting for averaging:         -1
Setting for pointercal:      50946 0 -10719783 -236 43883 -13773109 65536
Setting for tnt_plane:       -648 96 269716
