x1=1023 x2=1023 y1= 304 y2= 322 p1=1023 p2=   0 tnt1=1022 tnt2=1009 S=U X=  0 Y=  0 P=   0 LP=  0    0,   0
x1=1021 x2=1023 y1= 289 y2= 309 p1=1023 p2=   0 tnt1=1004 tnt2=1018 S=U X=  0 Y=  0 P=   0 LP=  0    0,   0
x1=1021 x2=1023 y1= 293 y2= 316 p1=1023 p2=   0 tnt1=1023 tnt2=1017 S=U X=  0 Y=  0 P=   0 LP=  0    0,   0
x1=1023 x2=1018 y1= 291 y2= 313 p1=1023 p2=   0 tnt1=1005 tnt2=1023 S=U X=  0 Y=  0 P=   0 LP=  0    0,   0
x1=1023 x2=1018 y1= 298 y2= 321 p1=1023 p2=   0 tnt1=1006 tnt2=1023 S=U X=  0 Y=  0 P=   0 LP=  0    0,   0
x1=1021 x2=1023 y1= 293 y2= 314 p1=1023 p2=   0 tnt1=1020 tnt2=1012 S=U X=  0 Y=  0 P=   0 LP=  0    0,   0
x1=1021 x2=1023 y1= 293 y2= 315 p1=1023 p2=   0 tnt1=1021 tnt2=1013 S=U X=  0 Y=  0 P=   0 LP=  0    0,   0
x1=1019 x2=1023 y1= 286 y2= 306 p1=1023 p2=   0 tnt1=1022 tnt2=1009 S=U X=  0 Y=  0 P=   0 LP=  0    0,   0
x1=1023 x2=1019 y1= 289 y2= 320 p1=1016 p2=   0 tnt1=1021 tnt2=1018 S=U X=  0 Y=  0 P=   0 LP=  0    0,   0
x1=1023 x2=1023 y1= 296 y2= 318 p1=1023 p2=   0 tnt1=1022 tnt2=1017 S=U X=  0 Y=  0 P=   0 LP=  0    0,   0
x1=1021 x2=1019 y1= 286 y2= 326 p1=1023 p2=   0 tnt1=1006 tnt2=1013 S=U X=  0 Y=  0 P=   0 LP=  0    0,   0
x1=1023 x2=1023 y1= 312 y2= 341 p1=1023 p2=   0 tnt1=1021 tnt2=1023 S=U X=  0 Y=  0 P=   0 LP=  0    0,   0
x1=1022 x2=1023 y1=  55 y2=  86 p1=1023 p2=   0 tnt1=1019 tnt2=1023 S=U X=  0 Y=  0 P=   0 LP=  0    0,   0
x1=1021 x2=1023 y1= 294 y2= 324 p1=1023 p2=   0 tnt1=1019 tnt2=1023 S=U X=  0 Y=  0 P=   0 LP=  0    0,   0
x1=1021 x2=1023 y1= 403 y2= 872 p1=1023 p2=   0 tnt1=1019 tnt2=1007 S=U X=  0 Y=  0 P=   0 LP=  0    0,   0
x1=1022 x2=1023 y1= 295 y2= 325 p1=1023 p2=   0 tnt1=1022 tnt2=1023 S=U X=  0 Y=  0 P=   0 LP=  0    0,   0
x1=1021 x2=1023 y1= 299 y2= 327 p1=1023 p2=   0 tnt1=1020 tnt2=1023 S=U X=  0 Y=  0 P=   0 LP=  0    0,   0
x1=1021 x2=1023 y1= 293 y2= 323 p1=1023 p2=   0 tnt1=1006 tnt2=1023 S=U X=  0 Y=  0 P=   0 LP=  0    0,   0
x1=1023 x2=1019 y1= 293 y2= 324 p1=1023 p2=   0 tnt1=1022 tnt2=1008 S=U X=  0 Y=  0 P=   0 LP=  0    0,   0
x1=1023 x2=1019 y1= 305 y2= 342 p1=1021 p2=   0 tnt1=1021 tnt2=1019 S=U X=  0 Y=  0 P=   0 LP=  0    0,   0
x1=1021 x2=1023 y1= 305 y2= 341 p1=1023 p2=   0 tnt1=1007 tnt2=1023 S=U X=  0 Y=  0 P=   0 LP=  0    0,   0
x1=1021 x2=1023 y1= 302 y2= 332 p1=1023 p2=   0 tnt1=1006 tnt2=1023 S=U X=  0 Y=  0 P=   0 LP=  0    0,   0
x1=1023 x2=1023 y1= 307 y2= 337 p1=1023 p2=   0 tnt1=1021 tnt2=1023 S=U X=  0 Y=  0 P=   0 LP=  0    0,   0
x1=1021 x2=1023 y1= 294 y2= 323 p1=1023 p2=   0 tnt1=1006 tnt2=1008 S=U X=  0 Y=  0 P=   0 LP=  0    0,   0
x1=1021 x2=1023 y1= 299 y2= 326 p1=1023 p2=   0 tnt1=1007 tnt2=1023 S=U X=  0 Y=  0 P=   0 LP=  0    0,   0
x1=1023 x2=1019 y1= 298 y2= 327 p1=1023 p2=   0 tnt1=1017 tnt2=1019 S=U X=  0 Y=  0 P=   0 LP=  0    0,   0
x1=1023 x2=1015 y1= 277 y2= 309 p1=1023 p2=   0 tnt1=1007 tnt2=1023 S=U X=  0 Y=  0 P=   0 LP=  0    0,   0
x1=1021 x2=1023 y1= 293 y2= 319 p1=1023 p2=   0 tnt1=1022 tnt2=1018 S=U X=  0 Y=  0 P=   0 LP=  0    0,   0
x1=1021 x2=1023 y1= 289 y2= 317 p1=1023 p2=   0 tnt1=1008 tnt2=1023 S=U X=  0 Y=  0 P=   0 LP=  0    0,   0
x1=1023 x2=1019 y1= 296 y2= 324 p1=1019 p2=   0 tnt1=1007 tnt2=1019 S=U X=  0 Y=  0 P=   0 LP=  0    0,   0
x1=1023 x2=1019 y1= 295 y2= 320 p1=1022 p2=   0 tnt1=1006 tnt2=1018 S=U X=  0 Y=  0 P=   0 LP=  0    0,   0
x1=1021 x2=1023 y1= 305 y2= 335 p1=1023 p2=   0 tnt1=1021 tnt2=1023 S=U X=  0 Y=  0 P=   0 LP=  0    0,   0
x1=1023 x2=1023 y1= 280 y2= 315 p1=1023 p2=   0 tnt1=1022 tnt2=1022 S=U X=  0 Y=  0 P=   0 LP=  0    0,   0
x1=1023 x2=1018 y1= 279 y2= 312 p1=1023 p2=   0 tnt1=1007 tnt2=1023 S=U X=  0 Y=  0 P=   0 LP=  0    0,   0
x1=1021 x2=1016 y1= 276 y2= 356 p1=1023 p2=   0 tnt1=1021 tnt2=1018 S=U X=  0 Y=  0 P=   0 LP=  0    0,   0
x1=1020 x2=1016 y1= 280 y2= 371 p1=1023 p2=   0 tnt1=1022 tnt2=1019 S=U X=  0 Y=  0 P=   0 LP=  0    0,   0
x1=1023 x2=1023 y1= 282 y2= 316 p1=1019 p2=   0 tnt1=1005 tnt2=1023 S=U X=  0 Y=  0 P=   0 LP=  0    0,   0
x1=1021 x2=1016 y1= 281 y2= 324 p1=1023 p2=   0 tnt1=1005 tnt2=1009 S=U X=  0 Y=  0 P=   0 LP=  0    0,   0
x1=1023 x2=1018 y1= 268 y2= 303 p1=1023 p2=   0 tnt1=1008 tnt2=1023 S=U X=  0 Y=  0 P=   0 LP=  0    0,   0
x1=1023 x2=1023 y1= 277 y2= 311 p1=1023 p2=   0 tnt1=1021 tnt2=1018 S=U X=  0 Y=  0 P=   0 LP=  0    0,   0
x1=1021 x2=1016 y1= 280 y2= 310 p1=1023 p2=   0 tnt1=1006 tnt2=1008 S=U X=  0 Y=  0 P=   0 LP=  0    0,   0
x1=1023 x2=1023 y1= 279 y2= 311 p1=1023 p2=   0 tnt1=1021 tnt2=1018 S=U X=  0 Y=  0 P=   0 LP=  0    0,   0
x1=1021 x2=1016 y1= 277 y2= 309 p1=1022 p2=   0 tnt1=1007 tnt2=1018 S=U X=  0 Y=  0 P=   0 LP=  0    0,   0
x1=1021 x2=1015 y1= 280 y2= 322 p1=1023 p2=   0 tnt1=1021 tnt2=1023 S=U X=  0 Y=  0 P=   0 LP=  0    0,   0
x1=1021 x2=1016 y1= 280 y2= 312 p1=1023 p2=   0 tnt1=1022 tnt2=1019 S=U X=  0 Y=  0 P=   0 LP=  0    0,   0
x1=1023 x2=1023 y1= 283 y2= 324 p1=1023 p2=   0 tnt1=1023 tnt2=1018 S=U X=  0 Y=  0 P=   0 LP=  0    0,   0
x1=1023 x2=1023 y1= 279 y2= 314 p1=1023 p2=   0 tnt1=1020 tnt2=1023 S=U X=  0 Y=  0 P=   0 LP=  0    0,   0
x1=1021 x2=1017 y1= 279 y2= 316 p1=1023 p2=   0 tnt1=1007 tnt2=1021 S=U X=  0 Y=  0 P=   0 LP=  0    0,   0
x1=1023 x2=1023 y1= 280 y2= 314 p1=1023 p2=   0 tnt1=1007 tnt2=1023 S=U X=  0 Y=  0 P=   0 LP=  0    0,   0
x1=1021 x2=1017 y1= 280 y2= 316 p1=1023 p2=   0 tnt1=1007 tnt2=1022 S=U X=  0 Y=  0 P=   0 LP=  0    0,   0
x1=1021 x2=1017 y1= 279 y2= 312 p1=1023 p2=   0 tnt1=1006 tnt2=1007 S=U X=  0 Y=  0 P=   0 LP=  0    0,   0
x1=1016 x2=1008 y1= 306 y2= 367 p1=1023 p2=   0 tnt1=1007 tnt2=1007 S=U X=  0 Y=  0 P=   0 LP=  0    0,   0
x1=1015 x2=1010 y1= 280 y2= 320 p1=1023 p2=   0 tnt1=1021 tnt2=1017 S=U X=  0 Y=  0 P=   0 LP=  0    0,   0
x1=  97 x2=  96 y1= 199 y2= 158 p1= 761 p2=  37 tnt1=  31 tnt2=  41 S=D X= 33 Y= 43 P=1878 LP= 10   33,  43
x1=  90 x2=  87 y1= 191 y2= 146 p1= 757 p2=  38 tnt1=  33 tnt2=  54 S=^ X= 33 Y= 43 P=1878 LP= 10    0,   0
x1=  97 x2=  94 y1= 196 y2= 151 p1= 779 p2=  35 tnt1=  34 tnt2=  57 S=^ X= 33 Y= 43 P=1878 LP= 10    0,   0
x1= 303 x2= 266 y1= 266 y2= 250 p1= 823 p2=  28 tnt1= 349 tnt2=  88 S=^ X= 33 Y= 43 P=1878 LP= 10    0,   0
x1=  98 x2=  90 y1= 186 y2= 143 p1= 747 p2=  39 tnt1=  34 tnt2=  39 S=D X= 32 Y= 36 P=1706 LP= 10   -1,  -7
x1=  76 x2=  87 y1= 179 y2= 140 p1= 733 p2=  40 tnt1=  27 tnt2=  36 S=D X= 21 Y= 33 P=1403 LP= 10  -11,  -3
x1=  87 x2=  87 y1= 169 y2= 132 p1= 711 p2=  45 tnt1=  25 tnt2=  38 S=D X= 26 Y= 28 P=1287 LP= 10    5,  -5
x1=  88 x2=  82 y1= 163 y2= 129 p1= 684 p2=  48 tnt1=  15 tnt2=  22 S=D X= 24 Y= 26 P=1126 LP= 10   -2,  -2
x1=  72 x2=  79 y1= 158 y2= 125 p1= 666 p2=  50 tnt1=  14 tnt2=  24 S=D X= 16 Y= 23 P= 924 LP= 10   -8,  -3
x1=  69 x2=  69 y1= 154 y2= 122 p1= 651 p2=  53 tnt1=  16 tnt2=  20 S=D X= 11 Y= 21 P= 778 LP= 10   -5,  -2
x1=  74 x2=  76 y1= 152 y2= 122 p1= 635 p2=  54 tnt1=  16 tnt2=  16 S=D X= 16 Y= 21 P= 806 LP= 10    5,   0
x1=  78 x2=  76 y1= 149 y2= 121 p1= 630 p2=  55 tnt1=  17 tnt2=  10 S=D X= 18 Y= 19 P= 804 LP= 10    2,  -2
x1=  75 x2=  71 y1= 149 y2= 121 p1= 626 p2=  56 tnt1=  18 tnt2=  16 S=D X= 15 Y= 19 P= 742 LP= 10   -3,   0
x1=  71 x2=  75 y1= 147 y2= 121 p1= 621 p2=  56 tnt1=  15 tnt2=  16 S=D X= 15 Y= 19 P= 736 LP= 10    0,   0
x1=  76 x2=  74 y1= 147 y2= 121 p1= 620 p2=  57 tnt1=  15 tnt2=  19 S=D X= 16 Y= 19 P= 740 LP= 10    1,   0
x1=  75 x2=  72 y1= 125 y2= 120 p1= 617 p2=  57 tnt1=  12 tnt2=  16 S=D X= 15 Y= 12 P= 717 LP= 10   -1,  -7
x1=  77 x2=  75 y1= 149 y2= 122 p1= 616 p2=  57 tnt1=  18 tnt2=  25 S=D X= 17 Y= 19 P= 745 LP= 10    2,   7
x1=  78 x2=  76 y1= 148 y2= 121 p1= 607 p2=  57 tnt1=  14 tnt2=  15 S=D X= 18 Y= 19 P= 742 LP= 10    1,   0
x1=  80 x2=  74 y1= 147 y2= 121 p1= 614 p2=  57 tnt1=   8 tnt2=   6 S=D X= 18 Y= 19 P= 752 LP= 10    0,   0
x1=  79 x2=  81 y1= 146 y2= 120 p1= 613 p2=  58 tnt1=  23 tnt2=  16 S=D X= 20 Y= 18 P= 765 LP= 10    2,  -1
x1=  71 x2=  65 y1= 146 y2= 120 p1= 605 p2=  58 tnt1=  14 tnt2=  14 S=D X= 11 Y= 18 P= 641 LP= 20   -9,   0
x1=  80 x2=  80 y1= 146 y2= 121 p1= 608 p2=  58 tnt1=  15 tnt2=  16 S=D X= 20 Y= 18 P= 758 LP= 10    9,   0
x1=  74 x2=  67 y1= 146 y2= 119 p1= 606 p2=  59 tnt1=  22 tnt2=  15 S=D X= 12 Y= 18 P= 648 LP= 20   -8,   0
x1=  68 x2=  74 y1= 146 y2= 119 p1= 605 p2=  58 tnt1=  14 tnt2=  14 S=D X= 13 Y= 18 P= 669 LP= 10    1,   0
x1=  75 x2=  74 y1= 145 y2= 120 p1= 604 p2=  59 tnt1=  12 tnt2=  15 S=D X= 15 Y= 18 P= 683 LP= 10    2,   0
x1=  76 x2=  79 y1= 145 y2= 119 p1= 604 p2=  59 tnt1=   4 tnt2=  13 S=D X= 18 Y= 18 P= 711 LP= 10    3,   0
x1=  76 x2=  74 y1= 146 y2= 120 p1= 604 p2=  59 tnt1=  14 tnt2=  15 S=D X= 16 Y= 18 P= 692 LP= 10   -2,   0
x1=  78 x2=  79 y1= 144 y2= 119 p1= 603 p2=  59 tnt1=   4 tnt2=  15 S=D X= 19 Y= 17 P= 719 LP= 10    3,  -1
x1=  65 x2=  73 y1= 145 y2= 119 p1= 594 p2=  59 tnt1=   7 tnt2=  13 S=D X= 11 Y= 18 P= 625 LP= 20   -8,   1
x1=  76 x2=  74 y1= 146 y2= 120 p1= 600 p2=  59 tnt1=  14 tnt2=   8 S=D X= 16 Y= 18 P= 687 LP= 10    5,   0
x1=  74 x2=  65 y1= 145 y2= 119 p1= 600 p2=  60 tnt1=  12 tnt2=  14 S=D X= 11 Y= 18 P= 621 LP= 20   -5,   0
x1=  72 x2=  73 y1= 145 y2= 119 p1= 599 p2=  59 tnt1=  14 tnt2=  14 S=D X= 14 Y= 18 P= 658 LP= 10    3,   0
x1=  75 x2=  73 y1= 144 y2= 119 p1= 602 p2=  59 tnt1=  14 tnt2=  19 S=D X= 15 Y= 17 P= 681 LP= 10    1,  -1
x1=  77 x2=  71 y1= 142 y2= 119 p1= 604 p2=  59 tnt1=  13 tnt2=  19 S=D X= 15 Y= 17 P= 683 LP= 10    0,   0
x1=  72 x2=  72 y1= 145 y2= 120 p1= 607 p2=  58 tnt1=  13 tnt2=  16 S=D X= 14 Y= 18 P= 681 LP= 10   -1,   1
x1=  76 x2=  75 y1= 146 y2= 119 p1= 603 p2=  58 tnt1=  17 tnt2=   8 S=D X= 16 Y= 18 P= 704 LP= 10    2,   0
x1=  78 x2=  77 y1= 144 y2= 120 p1= 605 p2=  59 tnt1=  11 tnt2=  16 S=D X= 18 Y= 18 P= 712 LP= 10    2,   0
x1=  75 x2=  73 y1= 144 y2= 120 p1= 606 p2=  59 tnt1=  21 tnt2=  25 S=D X= 15 Y= 18 P= 686 LP= 10   -3,   0
x1=  74 x2=  70 y1= 145 y2= 120 p1= 609 p2=  58 tnt1=  17 tnt2=  15 S=D X= 14 Y= 18 P= 684 LP= 10   -1,   0
x1=  76 x2=  73 y1= 150 y2= 123 p1= 635 p2=  55 tnt1=   6 tnt2=  17 S=D X= 15 Y= 20 P= 780 LP= 10    1,   2
x1=  88 x2=  78 y1= 157 y2= 127 p1= 672 p2=  51 tnt1=  23 tnt2=  22 S=D X= 23 Y= 23 P=1010 LP= 10    8,   3
x1=  81 x2=  80 y1= 160 y2= 128 p1= 690 p2=  48 tnt1=  18 tnt2=  21 S=D X= 20 Y= 24 P=1070 LP= 10   -3,   1
x1=  83 x2=  84 y1= 172 y2= 136 p1= 716 p2=  44 tnt1=  22 tnt2=  29 S=D X= 23 Y= 30 P=1267 LP= 10    3,   6
x1=  91 x2=  87 y1= 192 y2= 149 p1= 736 p2=  40 tnt1=  38 tnt2=  37 S=D X= 28 Y= 39 P=1548 LP= 10    5,   9
x1= 107 x2=  96 y1= 203 y2= 163 p1= 752 p2=  39 tnt1=  43 tnt2=  58 S=^ X= 28 Y= 39 P=1548 LP= 10    0,   0
x1=1017 x2=1023 y1= 279 y2= 312 p1=1022 p2=   0 tnt1=1018 tnt2=1018 S=U X= 28 Y= 39 P=1548 LP= 10    0,   0
x1=1019 x2=1014 y1= 280 y2= 322 p1=1023 p2=   0 tnt1=1005 tnt2=1022 S=U X= 28 Y= 39 P=1548 LP= 10    0,   0
x1=1018 x2=1023 y1= 278 y2= 313 p1=1021 p2=   0 tnt1=1019 tnt2=1018 S=U X= 28 Y= 39 P=1548 LP= 10    0,   0
x1=1023 x2=1023 y1= 281 y2= 317 p1=1023 p2=   0 tnt1=1004 tnt2=1018 S=U X= 28 Y= 39 P=1548 LP= 10    0,   0
x1=1023 x2=1023 y1= 282 y2= 325 p1=1023 p2=   0 tnt1=1020 tnt2=1023 S=U X= 28 Y= 39 P=1548 LP= 10    0,   0
x1=1020 x2=1023 y1= 282 y2= 325 p1=1023 p2=   0 tnt1=1020 tnt2=1018 S=U X= 28 Y= 39 P=1548 LP= 10    0,   0
x1=1019 x2=1015 y1= 279 y2= 328 p1=1023 p2=   0 tnt1=1020 tnt2=1023 S=U X= 28 Y= 39 P=1548 LP= 10    0,   0
x1=1020 x2=1016 y1= 278 y2= 321 p1=1023 p2=   0 tnt1=1005 tnt2=1023 S=U X= 28 Y= 39 P=1548 LP= 10    0,   0
x1=1023 x2=1023 y1= 281 y2= 325 p1=1023 p2=   0 tnt1=1020 tnt2=1023 S=U X= 28 Y= 39 P=1548 LP= 10    0,   0
x1=1019 x2=1014 y1= 279 y2= 311 p1=1023 p2=   0 tnt1=1019 tnt2=1007 S=U X= 28 Y= 39 P=1548 LP= 10    0,   0
x1=1023 x2=1023 y1= 276 y2= 312 p1=1023 p2=   0 tnt1=1021 tnt2=1023 S=U X= 28 Y= 39 P=1548 LP= 10    0,   0
x1=1023 x2=1023 y1= 277 y2= 311 p1=1023 p2=   0 tnt1=1020 tnt2=1023 S=U X= 28 Y= 39 P=1548 LP= 10    0,   0
x1=  86 x2=  98 y1= 201 y2= 158 p1= 757 p2=  36 tnt1=  34 tnt2=  43 S=D X= 30 Y= 44 P=1842 LP= 10    2,   5
x1=  97 x2=  95 y1= 176 y2= 135 p1= 720 p2=  44 tnt1=  34 tnt2=  27 S=D X= 33 Y= 31 P=1474 LP= 10    3, -13
x1=  81 x2=  69 y1= 159 y2= 126 p1= 673 p2=  49 tnt1=  19 tnt2=  30 S=D X= 16 Y= 23 P= 955 LP= 10  -17,  -8
x1=  78 x2=  76 y1= 151 y2= 123 p1= 648 p2=  52 tnt1=  18 tnt2=  24 S=D X= 18 Y= 21 P= 882 LP= 10    2,  -2
x1=  84 x2=  75 y1= 150 y2= 122 p1= 647 p2=  53 tnt1=  15 tnt2=  21 S=D X= 19 Y= 20 P= 885 LP= 10    1,  -1
x1=  69 x2=  75 y1= 149 y2= 121 p1= 636 p2=  53 tnt1=  16 tnt2=  16 S=D X= 14 Y= 19 P= 792 LP= 10   -5,  -1
x1=  76 x2=  75 y1= 149 y2= 121 p1= 635 p2=  53 tnt1=  16 tnt2=  14 S=D X= 16 Y= 19 P= 823 LP= 10    2,   0
x1=  80 x2=  71 y1= 150 y2= 121 p1= 634 p2=  54 tnt1=  14 tnt2=  28 S=D X= 16 Y= 19 P= 805 LP= 10    0,   0
x1=  69 x2=  74 y1= 149 y2= 120 p1= 626 p2=  54 tnt1=  16 tnt2=  15 S=D X= 13 Y= 19 P= 752 LP= 10   -3,   0
x1=  74 x2=  73 y1= 145 y2= 119 p1= 626 p2=  55 tnt1=  14 tnt2=  14 S=D X= 15 Y= 18 P= 757 LP= 10    2,  -1
x1=  75 x2=  73 y1= 147 y2= 119 p1= 621 p2=  55 tnt1=  15 tnt2=  15 S=D X= 15 Y= 18 P= 761 LP= 10    0,   0
x1=  77 x2=  78 y1= 146 y2= 120 p1= 616 p2=  56 tnt1=   9 tnt2=  16 S=D X= 18 Y= 18 P= 770 LP= 10    3,   0
x1=  85 x2=  73 y1= 145 y2= 119 p1= 618 p2=  57 tnt1=  23 tnt2=  16 S=D X= 19 Y= 18 P= 777 LP= 10    1,   0
x1=  74 x2=  70 y1= 145 y2= 118 p1= 610 p2=  57 tnt1=  15 tnt2=  15 S=D X= 14 Y= 17 P= 698 LP= 10   -5,  -1
x1=  79 x2=  81 y1= 145 y2= 119 p1= 609 p2=  57 tnt1=   3 tnt2=  15 S=D X= 20 Y= 18 P= 774 LP= 10    6,   1
x1=  77 x2=  75 y1= 146 y2= 120 p1= 608 p2=  56 tnt1=   3 tnt2=  15 S=D X= 17 Y= 18 P= 749 LP= 10   -3,   0
x1=  73 x2=  68 y1= 144 y2= 119 p1= 611 p2=  57 tnt1=  23 tnt2=  15 S=D X= 12 Y= 17 P= 680 LP= 10   -5,  -1
x1=  74 x2=  70 y1= 145 y2= 118 p1= 610 p2=  58 tnt1=  24 tnt2=  25 S=D X= 14 Y= 17 P= 685 LP= 10    2,   0
x1=  75 x2=  76 y1= 147 y2= 121 p1= 613 p2=  56 tnt1=  12 tnt2=  16 S=D X= 16 Y= 19 P= 745 LP= 10    2,   2
x1=  77 x2=  74 y1= 149 y2= 122 p1= 625 p2=  55 tnt1=  15 tnt2=  16 S=D X= 16 Y= 19 P= 777 LP= 10    0,   0
x1=  77 x2=  75 y1= 155 y2= 122 p1= 653 p2=  51 tnt1=  13 tnt2=   9 S=D X= 17 Y= 21 P= 897 LP= 10    1,   2
x1=  84 x2=  82 y1= 173 y2= 135 p1= 720 p2=  43 tnt1=  29 tnt2=  40 S=D X= 23 Y= 30 P=1306 LP= 10    6,   9
x1=1023 x2=1023 y1= 279 y2= 313 p1=1023 p2=   0 tnt1=1003 tnt2=1016 S=U X= 23 Y= 30 P=1306 LP= 10    0,   0
x1=1023 x2=1023 y1= 279 y2= 315 p1=1023 p2=   0 tnt1=1005 tnt2=1017 S=U X= 23 Y= 30 P=1306 LP= 10    0,   0
x1=1019 x2=1015 y1= 280 y2= 325 p1=1023 p2=   0 tnt1=1017 tnt2=1023 S=U X= 23 Y= 30 P=1306 LP= 10    0,   0
x1=1023 x2=1012 y1= 278 y2= 313 p1=1023 p2=   0 tnt1=1005 tnt2=1022 S=U X= 23 Y= 30 P=1306 LP= 10    0,   0
x1=1023 x2=1023 y1= 278 y2= 308 p1=1023 p2=   0 tnt1=1005 tnt2=1023 S=U X= 23 Y= 30 P=1306 LP= 10    0,   0
x1=1023 x2=1023 y1= 278 y2= 316 p1=1020 p2=   0 tnt1=1005 tnt2=1007 S=U X= 23 Y= 30 P=1306 LP= 10    0,   0
x1=1023 x2=1023 y1= 276 y2= 322 p1=1023 p2=   0 tnt1=1020 tnt2=1023 S=U X= 23 Y= 30 P=1306 LP= 10    0,   0
x1=1023 x2=1023 y1= 280 y2= 313 p1=1023 p2=   0 tnt1=1005 tnt2=1017 S=U X= 23 Y= 30 P=1306 LP= 10    0,   0
x1=1020 x2=1016 y1= 283 y2= 326 p1=1023 p2=   0 tnt1=1020 tnt2=1023 S=U X= 23 Y= 30 P=1306 LP= 10    0,   0
x1=1020 x2=1023 y1= 280 y2= 319 p1=1023 p2=   0 tnt1=1005 tnt2=1018 S=U X= 23 Y= 30 P=1306 LP= 10    0,   0
x1=1019 x2=1023 y1= 280 y2= 312 p1=1023 p2=   0 tnt1=1006 tnt2=1021 S=U X= 23 Y= 30 P=1306 LP= 10    0,   0
x1=1023 x2=1023 y1= 280 y2= 325 p1=1016 p2=   0 tnt1=1005 tnt2=1018 S=U X= 23 Y= 30 P=1306 LP= 10    0,   0
x1=1020 x2=1016 y1= 282 y2= 324 p1=1023 p2=   0 tnt1=1021 tnt2=1022 S=U X= 23 Y= 30 P=1306 LP= 10    0,   0
x1=1023 x2=1015 y1= 276 y2= 307 p1=1023 p2=   0 tnt1=1021 tnt2=1023 S=U X= 23 Y= 30 P=1306 LP= 10    0,   0
x1=1020 x2=1023 y1= 280 y2= 313 p1=1023 p2=   0 tnt1=1005 tnt2=1023 S=U X= 23 Y= 30 P=1306 LP= 10    0,   0
x1=1016 x2=1013 y1= 273 y2= 307 p1=1023 p2=   0 tnt1=1010 tnt2=1023 S=U X= 23 Y= 30 P=1306 LP= 10    0,   0
x1=1023 x2=1023 y1= 279 y2= 315 p1=1023 p2=   0 tnt1=1020 tnt2=1010 S=U X= 23 Y= 30 P=1306 LP= 10    0,   0
x1=1020 x2=1016 y1= 278 y2= 313 p1=1023 p2=   0 tnt1=1020 tnt2=1023 S=U X= 23 Y= 30 P=1306 LP= 10    0,   0
x1=1021 x2=1023 y1= 277 y2= 310 p1=1023 p2=   0 tnt1=1006 tnt2=1023 S=U X= 23 Y= 30 P=1306 LP= 10    0,   0
x1=1023 x2=1023 y1= 282 y2= 315 p1=1019 p2=   0 tnt1=1006 tnt2=1018 S=U X= 23 Y= 30 P=1306 LP= 10    0,   0
x1=1020 x2=1016 y1= 276 y2= 321 p1=1023 p2=   0 tnt1=1022 tnt2=1020 S=U X= 23 Y= 30 P=1306 LP= 10    0,   0
x1=1021 x2=1016 y1= 275 y2= 310 p1=1023 p2=   0 tnt1=1006 tnt2=1008 S=U X= 23 Y= 30 P=1306 LP= 10    0,   0
x1=1021 x2=1017 y1= 278 y2= 387 p1=1023 p2=   0 tnt1=1021 tnt2=1008 S=U X= 23 Y= 30 P=1306 LP= 10    0,   0
x1=1021 x2=1023 y1= 279 y2= 311 p1=1023 p2=   0 tnt1=1021 tnt2=1021 S=U X= 23 Y= 30 P=1306 LP= 10    0,   0
x1=1023 x2=1023 y1= 281 y2= 325 p1=1023 p2=   0 tnt1=1018 tnt2=1010 S=U X= 23 Y= 30 P=1306 LP= 10    0,   0
x1=1023 x2=1017 y1= 279 y2= 323 p1=1023 p2=   0 tnt1=1021 tnt2=1023 S=U X= 23 Y= 30 P=1306 LP= 10    0,   0
x1=1023 x2=1023 y1= 282 y2= 329 p1=1023 p2=   0 tnt1=1005 tnt2=1023 S=U X= 23 Y= 30 P=1306 LP= 10    0,   0
x1=1023 x2=1023 y1= 281 y2= 319 p1=1023 p2=   0 tnt1=1006 tnt2=1023 S=U X= 23 Y= 30 P=1306 LP= 10    0,   0
x1=1023 x2=1008 y1= 281 y2= 325 p1=1023 p2=   0 tnt1=1022 tnt2=1021 S=U X= 23 Y= 30 P=1306 LP= 10    0,   0
x1=1023 x2=1018 y1= 300 y2= 328 p1=1016 p2=   0 tnt1=1020 tnt2=1018 S=U X= 23 Y= 30 P=1306 LP= 10    0,   0
x1=1019 x2=1023 y1= 294 y2= 328 p1=1023 p2=   0 tnt1=1021 tnt2=1020 S=U X= 23 Y= 30 P=1306 LP= 10    0,   0
x1=1019 x2=1023 y1= 286 y2= 322 p1=1023 p2=   0 tnt1=1005 tnt2=1023 S=U X= 23 Y= 30 P=1306 LP= 10    0,   0
x1=1023 x2=1017 y1= 289 y2= 317 p1=1023 p2=   0 tnt1=1016 tnt2=1023 S=U X= 23 Y= 30 P=1306 LP= 10    0,   0
x1=1020 x2=1023 y1= 301 y2= 339 p1=1023 p2=   0 tnt1=1006 tnt2=1023 S=U X= 23 Y= 30 P=1306 LP= 10    0,   0
x1=1020 x2=1016 y1= 282 y2= 324 p1=1023 p2=   0 tnt1=1006 tnt2=1006 S=U X= 23 Y= 30 P=1306 LP= 10    0,   0
x1=1021 x2=1016 y1= 279 y2= 322 p1=1023 p2=   0 tnt1=1005 tnt2=1009 S=U X= 23 Y= 30 P=1306 LP= 10    0,   0
x1=1021 x2=1016 y1= 279 y2= 322 p1=1023 p2=   0 tnt1=1020 tnt2=1023 S=U X= 23 Y= 30 P=1306 LP= 10    0,   0
x1=1022 x2=1017 y1= 275 y2= 311 p1=1023 p2=   0 tnt1=1022 tnt2=1023 S=U X= 23 Y= 30 P=1306 LP= 10    0,   0
x1=1023 x2=1023 y1= 280 y2= 314 p1=1023 p2=   0 tnt1=1006 tnt2=1023 S=U X= 23 Y= 30 P=1306 LP= 10    0,   0
x1=1021 x2=1023 y1= 271 y2= 303 p1=1023 p2=   0 tnt1=1005 tnt2=1019 S=U X= 23 Y= 30 P=1306 LP= 10    0,   0
x1=1023 x2=1023 y1= 280 y2= 323 p1=1023 p2=   0 tnt1=1021 tnt2=1006 S=U X= 23 Y= 30 P=1306 LP= 10    0,   0
x1=1023 x2=1023 y1= 277 y2= 320 p1=1023 p2=   0 tnt1=1022 tnt2=1020 S=U X= 23 Y= 30 P=1306 LP= 10    0,   0
x1=1021 x2=1023 y1= 280 y2= 316 p1=1023 p2=   0 tnt1=1007 tnt2=1022 S=U X= 23 Y= 30 P=1306 LP= 10    0,   0
x1=1023 x2=1023 y1= 277 y2= 321 p1=1017 p2=   0 tnt1=1006 tnt2=1018 S=U X= 23 Y= 30 P=1306 LP= 10    0,   0
x1=1021 x2=1016 y1= 279 y2= 322 p1=1023 p2=   0 tnt1=1023 tnt2=1009 S=U X= 23 Y= 30 P=1306 LP= 10    0,   0
x1=1020 x2=1016 y1= 282 y2= 314 p1=1023 p2=   0 tnt1=1007 tnt2=1008 S=U X= 23 Y= 30 P=1306 LP= 10    0,   0
x1=1023 x2=1016 y1= 278 y2= 317 p1=1023 p2=   0 tnt1=1021 tnt2=1023 S=U X= 23 Y= 30 P=1306 LP= 10    0,   0
x1=1021 x2=1023 y1= 292 y2= 318 p1=1023 p2=   0 tnt1=1019 tnt2=1012 S=U X= 23 Y= 30 P=1306 LP= 10    0,   0
x1=1021 x2=1018 y1= 283 y2= 315 p1=1023 p2=   0 tnt1=1021 tnt2=1021 S=U X= 23 Y= 30 P=1306 LP= 10    0,   0
x1=1022 x2=1016 y1= 280 y2= 321 p1=1023 p2=   0 tnt1=1023 tnt2=1023 S=U X=471 Y=253 P= 895 LP= 10    0,   0
x1=1021 x2=1016 y1= 278 y2= 319 p1=1023 p2=   0 tnt1=1021 tnt2=1023 S=U X=471 Y=253 P= 895 LP= 10    0,   0
x1=1023 x2=1016 y1= 277 y2= 310 p1=1023 p2=   0 tnt1=1007 tnt2=1023 S=U X=471 Y=253 P= 895 LP= 10    0,   0
x1=1019 x2=1023 y1= 280 y2= 315 p1=1019 p2=   0 tnt1=1022 tnt2=1018 S=U X=471 Y=253 P= 895 LP= 10    0,   0
x1=1021 x2=1017 y1= 280 y2= 322 p1=1023 p2=   0 tnt1=1020 tnt2=1023 S=U X=471 Y=253 P= 895 LP= 10    0,   0
x1=1021 x2=1023 y1= 300 y2= 330 p1=1023 p2=   0 tnt1=1021 tnt2=1023 S=U X=471 Y=253 P= 895 LP= 10    0,   0
x1=1020 x2=1017 y1= 277 y2= 320 p1=1023 p2=   0 tnt1=1007 tnt2=1012 S=U X=471 Y=253 P= 895 LP= 10    0,   0
x1=1021 x2=1020 y1= 277 y2= 320 p1=1022 p2=   0 tnt1=1007 tnt2=1019 S=U X=471 Y=253 P= 895 LP= 10    0,   0
x1=1022 x2=1017 y1= 279 y2= 313 p1=1023 p2=   0 tnt1=1022 tnt2=1023 S=U X=471 Y=253 P= 895 LP= 10    0,   0
x1=1023 x2=1023 y1= 281 y2= 324 p1=1020 p2=   0 tnt1=1022 tnt2=1018 S=U X=471 Y=253 P= 895 LP= 10    0,   0
x1=1020 x2=1015 y1= 279 y2= 309 p1=1023 p2=   0 tnt1=1022 tnt2=1023 S=U X=471 Y=253 P= 895 LP= 10    0,   0
x1=1023 x2=1023 y1= 277 y2= 312 p1=1023 p2=   0 tnt1=1021 tnt2=1012 S=U X=471 Y=253 P= 895 LP= 10    0,   0
x1=1023 x2=1023 y1= 276 y2= 308 p1=1023 p2=   0 tnt1=1009 tnt2=1023 S=U X=471 Y=253 P= 895 LP= 10    0,   0
x1=1023 x2=1023 y1= 275 y2= 321 p1=1023 p2=   0 tnt1=1020 tnt2=1018 S=U X=471 Y=253 P= 895 LP= 10    0,   0
x1=1023 x2=1023 y1= 275 y2= 317 p1=1023 p2=   0 tnt1=1021 tnt2=1023 S=U X=471 Y=253 P= 895 LP= 10    0,   0
x1=1021 x2=1017 y1= 280 y2= 321 p1=1022 p2=   0 tnt1=1012 tnt2=1020 S=U X=471 Y=253 P= 895 LP= 10    0,   0
x1=1023 x2=1023 y1= 278 y2= 313 p1=1023 p2=   0 tnt1=1021 tnt2=1023 S=U X=471 Y=253 P= 895 LP= 10    0,   0
x1=1022 x2=1006 y1= 282 y2= 342 p1=1023 p2=   0 tnt1=1006 tnt2=1018 S=U X=471 Y=253 P= 895 LP= 10    0,   0
x1=1023 x2=1023 y1= 281 y2= 336 p1=1023 p2=   0 tnt1=1022 tnt2=1010 S=U X=471 Y=253 P= 895 LP= 10    0,   0
x1=1022 x2=1023 y1= 275 y2= 345 p1=1023 p2=   0 tnt1=1022 tnt2=1018 S=U X=471 Y=253 P= 895 LP= 10    0,   0
x1=1023 x2=1023 y1= 282 y2= 327 p1=1023 p2=   0 tnt1=1021 tnt2=1018 S=U X=471 Y=253 P= 895 LP= 10    0,   0
x1=1023 x2=1023 y1= 280 y2= 325 p1=1023 p2=   0 tnt1=1006 tnt2=1018 S=U X=471 Y=253 P= 895 LP= 10    0,   0
x1=1022 x2=1017 y1= 279 y2= 315 p1=1023 p2=   0 tnt1=1007 tnt2=1023 S=U X=471 Y=253 P= 895 LP= 10    0,   0
x1=1023 x2=1023 y1= 281 y2= 326 p1=1023 p2=   0 tnt1=1023 tnt2=1019 S=U X=471 Y=253 P= 895 LP= 10    0,   0
x1=1023 x2=1023 y1= 279 y2= 322 p1=1023 p2=   0 tnt1=1018 tnt2=1023 S=U X=471 Y=253 P= 895 LP= 10    0,   0
x1=1023 x2=1023 y1= 281 y2= 322 p1=1023 p2=   0 tnt1=1020 tnt2=1018 S=U X=471 Y=253 P= 895 LP= 10    0,   0
x1=1023 x2=1013 y1= 282 y2= 325 p1=1023 p2=   0 tnt1=1022 tnt2=1023 S=U X=471 Y=253 P= 895 LP= 10    0,   0
x1=1021 x2=1016 y1= 278 y2= 340 p1=1023 p2=   0 tnt1=1023 tnt2=1019 S=U X=471 Y=253 P= 895 LP= 10    0,   0
x1=1019 x2=1016 y1= 278 y2= 324 p1=1023 p2=   0 tnt1=1022 tnt2=1023 S=U X=471 Y=253 P= 895 LP= 10    0,   0
x1=1023 x2=1023 y1= 280 y2= 314 p1=1023 p2=   0 tnt1=1023 tnt2=1019 S=U X=471 Y=253 P= 895 LP= 10    0,   0
x1=1023 x2=1017 y1= 278 y2= 319 p1=1023 p2=   0 tnt1=1007 tnt2=1023 S=U X=471 Y=253 P= 895 LP= 10    0,   0
x1=1023 x2=1023 y1= 277 y2= 324 p1=1023 p2=   0 tnt1=1022 tnt2=1023 S=U X=471 Y=253 P= 895 LP= 10    0,   0
x1=  70 x2=  66 y1= 151 y2= 116 p1= 665 p2=  43 tnt1=  17 tnt2=  20 S=D X= 11 Y= 18 P= 983 LP= 10 -460,-235
x1=  84 x2=  89 y1= 188 y2= 140 p1= 745 p2=  33 tnt1=  32 tnt2=  41 S=D X= 25 Y= 36 P=1855 LP= 10   14,  18
x1= 108 x2= 113 y1= 220 y2= 171 p1= 796 p2=  27 tnt1=  67 tnt2=  70 S=^ X= 25 Y= 36 P=1855 LP= 10    0,   0
x1=  86 x2=  84 y1= 182 y2= 135 p1= 734 p2=  34 tnt1=  33 tnt2=  38 S=D X= 24 Y= 32 P=1749 LP= 10   -1,  -4
x1=  79 x2=  75 y1= 166 y2= 125 p1= 725 p2=  36 tnt1=  22 tnt2=  33 S=D X= 18 Y= 25 P=1473 LP= 10   -6,  -7
x1=  73 x2=  70 y1= 160 y2= 122 p1= 702 p2=  38 tnt1=  25 tnt2=  28 S=D X= 13 Y= 23 P=1240 LP= 10   -5,  -2
x1=  75 x2=  76 y1= 159 y2= 120 p1= 696 p2=  39 tnt1=  21 tnt2=  33 S=D X= 16 Y= 22 P=1263 LP= 10    3,  -1
x1=  72 x2=  68 y1= 155 y2= 120 p1= 688 p2=  41 tnt1=  15 tnt2=  35 S=D X= 12 Y= 21 P=1104 LP= 10   -4,  -1
x1=  64 x2=  71 y1= 153 y2= 118 p1= 680 p2=  41 tnt1=  11 tnt2=  28 S=D X= 10 Y= 19 P=1044 LP= 10   -2,  -2
x1=  78 x2=  69 y1= 150 y2= 117 p1= 671 p2=  42 tnt1=  17 tnt2=  27 S=D X= 15 Y= 18 P=1093 LP= 10    5,  -1
x1=  69 x2=  63 y1= 151 y2= 117 p1= 658 p2=  43 tnt1=  14 tnt2=  21 S=D X=  9 Y= 19 P= 943 LP= 10   -6,   1
x1=  75 x2=  77 y1= 147 y2= 116 p1= 652 p2=  45 tnt1=  16 tnt2=  20 S=D X= 17 Y= 17 P=1025 LP= 10    8,  -2
x1=  68 x2=  68 y1= 147 y2= 113 p1= 643 p2=  46 tnt1=  26 tnt2=  24 S=D X= 11 Y= 17 P= 882 LP= 10   -6,   0
x1=  72 x2=  69 y1= 147 y2= 115 p1= 635 p2=  46 tnt1=  15 tnt2=  18 S=D X= 12 Y= 17 P= 896 LP= 10    1,   0
x1=  70 x2=  59 y1= 143 y2= 113 p1= 638 p2=  46 tnt1=   5 tnt2=  17 S=D X=  7 Y= 16 P= 823 LP= 10   -5,  -1
x1=  70 x2=  68 y1= 143 y2= 113 p1= 629 p2=  46 tnt1=  16 tnt2=  16 S=D X= 11 Y= 16 P= 874 LP= 10    4,   0
x1=  69 x2=  66 y1= 143 y2= 113 p1= 633 p2=  47 tnt1=  16 tnt2=  23 S=D X= 10 Y= 16 P= 835 LP= 10   -1,   0
x1=  68 x2=  64 y1= 144 y2= 114 p1= 632 p2=  47 tnt1=   9 tnt2=  17 S=D X=  9 Y= 16 P= 821 LP= 10   -1,   0
x1=  67 x2=  60 y1= 144 y2= 114 p1= 631 p2=  47 tnt1=  18 tnt2=  16 S=D X=  7 Y= 16 P= 782 LP= 10   -2,   0
x1=  70 x2=  67 y1= 143 y2= 112 p1= 621 p2=  47 tnt1=  16 tnt2=  15 S=D X= 11 Y= 15 P= 830 LP= 10    4,  -1
x1=  65 x2=  68 y1= 140 y2= 113 p1= 624 p2=  48 tnt1=  16 tnt2=  18 S=D X=  9 Y= 14 P= 792 LP= 10   -2,  -1
x1=  78 x2=  73 y1= 142 y2= 113 p1= 616 p2=  49 tnt1=  24 tnt2=  13 S=D X= 16 Y= 15 P= 867 LP= 10    7,   1
x1=  59 x2=  66 y1= 141 y2= 113 p1= 608 p2=  49 tnt1=  15 tnt2=  10 S=D X=  6 Y= 15 P= 707 LP= 10  -10,   0
x1=  69 x2=  68 y1= 138 y2= 110 p1= 603 p2=  51 tnt1=  15 tnt2=  15 S=D X= 11 Y= 13 P= 735 LP= 10    5,  -2
x1=  66 x2=  60 y1= 137 y2= 110 p1= 602 p2=  51 tnt1=  23 tnt2=  16 S=D X=  7 Y= 13 P= 680 LP= 10   -4,   0
x1=  62 x2=  67 y1= 142 y2= 113 p1= 613 p2=  50 tnt1=  15 tnt2=  15 S=D X=  7 Y= 15 P= 720 LP= 10    0,   2
x1=  78 x2=  67 y1= 144 y2= 115 p1= 632 p2=  48 tnt1=  16 tnt2=  21 S=D X= 14 Y= 16 P= 875 LP= 10    7,   1
x1=  72 x2=  69 y1= 151 y2= 120 p1= 674 p2=  42 tnt1=  16 tnt2=  29 S=D X= 12 Y= 19 P=1053 LP= 10   -2,   3
x1=  75 x2=  75 y1= 155 y2= 121 p1= 689 p2=  41 tnt1=  17 tnt2=  25 S=D X= 16 Y= 21 P=1185 LP= 10    4,   2
x1=1023 x2=1023 y1= 279 y2= 335 p1=1023 p2=   0 tnt1=1018 tnt2=1019 S=U X= 16 Y= 21 P=1185 LP= 10    0,   0
x1=1018 x2=1013 y1= 279 y2= 312 p1=1022 p2=   0 tnt1=1018 tnt2=1023 S=U X= 16 Y= 21 P=1185 LP= 10    0,   0
x1=1023 x2=1023 y1= 279 y2= 326 p1=1023 p2=   0 tnt1=1006 tnt2=1008 S=U X= 16 Y= 21 P=1185 LP= 10    0,   0
x1=1023 x2=1023 y1= 276 y2= 310 p1=1023 p2=   0 tnt1=1004 tnt2=1021 S=U X= 16 Y= 21 P=1185 LP= 10    0,   0
x1=1023 x2=1016 y1= 279 y2= 315 p1=1023 p2=   0 tnt1=1006 tnt2=1023 S=U X= 16 Y= 21 P=1185 LP= 10    0,   0
x1=1020 x2=1016 y1= 281 y2= 313 p1=1021 p2=   0 tnt1=1019 tnt2=1019 S=U X= 16 Y= 21 P=1185 LP= 10    0,   0
x1=1023 x2=1023 y1= 277 y2= 312 p1=1023 p2=   0 tnt1=1021 tnt2=1023 S=U X= 16 Y= 21 P=1185 LP= 10    0,   0
x1=1023 x2=1023 y1= 276 y2= 309 p1=1023 p2=   0 tnt1=1019 tnt2=1023 S=U X= 16 Y= 21 P=1185 LP= 10    0,   0
x1=1020 x2=1016 y1= 275 y2= 310 p1=1023 p2=   0 tnt1=1006 tnt2=1018 S=U X= 16 Y= 21 P=1185 LP= 10    0,   0
x1=1023 x2=1023 y1= 280 y2= 324 p1=1023 p2=   0 tnt1=1006 tnt2=1017 S=U X= 16 Y= 21 P=1185 LP= 10    0,   0
x1=1020 x2=1016 y1= 280 y2= 314 p1=1023 p2=   0 tnt1=1021 tnt2=1014 S=U X= 16 Y= 21 P=1185 LP= 10    0,   0
x1=1020 x2=1016 y1= 279 y2= 314 p1=1023 p2=   0 tnt1=1006 tnt2=1006 S=U X= 16 Y= 21 P=1185 LP= 10    0,   0
x1=1021 x2=1023 y1= 280 y2= 398 p1=1023 p2=   0 tnt1=1021 tnt2=1023 S=U X= 16 Y= 21 P=1185 LP= 10    0,   0
x1=1023 x2=1023 y1= 270 y2= 314 p1=1023 p2=   0 tnt1=1020 tnt2=1023 S=U X= 16 Y= 21 P=1185 LP= 10    0,   0
x1=1023 x2=1017 y1= 275 y2= 320 p1=1023 p2=   0 tnt1=1006 tnt2=1023 S=U X= 16 Y= 21 P=1185 LP= 10    0,   0
x1=1023 x2=1017 y1= 278 y2= 314 p1=1023 p2=   0 tnt1=1021 tnt2=1023 S=U X= 16 Y= 21 P=1185 LP= 10    0,   0
x1=1020 x2=1016 y1= 273 y2= 308 p1=1023 p2=   0 tnt1=1006 tnt2=1022 S=U X= 16 Y= 21 P=1185 LP= 10    0,   0
x1=1021 x2=1016 y1= 280 y2= 325 p1=1023 p2=   0 tnt1=1020 tnt2=1022 S=U X= 16 Y= 21 P=1185 LP= 10    0,   0
x1=1023 x2=1023 y1= 281 y2= 327 p1=1022 p2=   0 tnt1=1021 tnt2=1008 S=U X= 16 Y= 21 P=1185 LP= 10    0,   0
x1=1021 x2=1015 y1= 280 y2= 375 p1=1023 p2=   0 tnt1=1022 tnt2=1023 S=U X= 16 Y= 21 P=1185 LP= 10    0,   0
x1=1023 x2=1017 y1= 279 y2= 311 p1=1023 p2=   0 tnt1=1007 tnt2=1023 S=U X= 16 Y= 21 P=1185 LP= 10    0,   0
x1=1023 x2=1023 y1= 277 y2= 310 p1=1023 p2=   0 tnt1=1021 tnt2=1023 S=U X= 16 Y= 21 P=1185 LP= 10    0,   0
x1=1022 x2=1017 y1= 275 y2= 320 p1=1023 p2=   0 tnt1=1007 tnt2=1023 S=U X= 16 Y= 21 P=1185 LP= 10    0,   0
x1=1023 x2=1023 y1= 278 y2= 310 p1=1023 p2=   0 tnt1=1021 tnt2=1023 S=U X= 16 Y= 21 P=1185 LP= 10    0,   0
x1=1021 x2=1016 y1= 273 y2= 307 p1=1023 p2=   0 tnt1=1006 tnt2=1008 S=U X= 16 Y= 21 P=1185 LP= 10    0,   0
x1=1020 x2=1017 y1= 278 y2= 323 p1=1023 p2=   0 tnt1=1010 tnt2=1023 S=U X= 16 Y= 21 P=1185 LP= 10    0,   0
x1=1020 x2=1016 y1= 280 y2= 314 p1=1023 p2=   0 tnt1=1007 tnt2=1023 S=U X= 16 Y= 21 P=1185 LP= 10    0,   0
x1=  73 x2=  71 y1= 151 y2= 121 p1= 650 p2=  46 tnt1=  13 tnt2=  20 S=D X= 14 Y= 20 P= 945 LP= 10   -2,  -1
x1=  72 x2=  71 y1= 147 y2= 117 p1= 641 p2=  46 tnt1=  20 tnt2=  10 S=D X= 13 Y= 18 P= 918 LP= 10   -1,  -2
x1=  67 x2=  62 y1= 147 y2= 118 p1= 638 p2=  47 tnt1=  11 tnt2=  17 S=D X=  7 Y= 18 P= 804 LP= 10   -6,   0
x1=  80 x2=  68 y1= 145 y2= 118 p1= 633 p2=  48 tnt1=  16 tnt2=  20 S=D X= 15 Y= 17 P= 901 LP= 10    8,  -1
x1=  70 x2=  69 y1= 148 y2= 117 p1= 629 p2=  48 tnt1=  14 tnt2=   8 S=D X= 11 Y= 18 P= 835 LP= 10   -4,   1
x1=  71 x2=  70 y1= 144 y2= 116 p1= 626 p2=  48 tnt1=  20 tnt2=  17 S=D X= 12 Y= 17 P= 842 LP= 10    1,  -1
x1=  68 x2=  64 y1= 146 y2= 117 p1= 623 p2=  49 tnt1=  12 tnt2=  16 S=D X=  9 Y= 17 P= 773 LP= 10   -3,   0
x1=  62 x2=  64 y1= 143 y2= 116 p1= 622 p2=  49 tnt1=   7 tnt2=  17 S=D X=  7 Y= 16 P= 736 LP= 10   -2,  -1
x1=  70 x2=  59 y1= 144 y2= 116 p1= 620 p2=  50 tnt1=  12 tnt2=  23 S=D X=  7 Y= 17 P= 729 LP= 10    0,   1
x1=  60 x2=  67 y1= 143 y2= 115 p1= 615 p2=  50 tnt1=  14 tnt2=  15 S=D X=  7 Y= 16 P= 711 LP= 10    0,  -1
x1=  79 x2=  66 y1= 143 y2= 117 p1= 617 p2=  50 tnt1=  14 tnt2=  19 S=D X= 14 Y= 17 P= 816 LP= 10    7,   1
x1=  69 x2=  66 y1= 143 y2= 117 p1= 615 p2=  50 tnt1=  13 tnt2=  19 S=D X= 10 Y= 17 P= 757 LP= 10   -4,   0
x1=  69 x2=  67 y1= 143 y2= 116 p1= 613 p2=  50 tnt1=  14 tnt2=  13 S=D X= 11 Y= 16 P= 765 LP= 10    1,  -1
x1=  70 x2=  69 y1= 144 y2= 116 p1= 612 p2=  50 tnt1=  15 tnt2=  16 S=D X= 11 Y= 17 P= 775 LP= 10    0,   1
x1=  62 x2=  67 y1= 142 y2= 115 p1= 607 p2=  50 tnt1=   9 tnt2=  14 S=D X=  7 Y= 16 P= 712 LP= 10   -4,  -1
x1=  68 x2=  75 y1= 142 y2= 115 p1= 611 p2=  50 tnt1=  14 tnt2=   6 S=D X= 13 Y= 16 P= 796 LP= 10    6,   0
x1=  69 x2=  67 y1= 144 y2= 115 p1= 606 p2=  51 tnt1=  13 tnt2=  15 S=D X= 11 Y= 16 P= 739 LP= 10   -2,   0
x1=  63 x2=  73 y1= 135 y2= 115 p1= 609 p2=  51 tnt1=  13 tnt2=  16 S=D X= 11 Y= 14 P= 743 LP= 10    0,  -2
x1=  77 x2=  66 y1= 143 y2= 115 p1= 605 p2=  51 tnt1=  12 tnt2=  13 S=D X= 13 Y= 16 P= 771 LP= 10    2,   2
x1=  69 x2=  65 y1= 142 y2= 116 p1= 602 p2=  51 tnt1=  14 tnt2=  15 S=D X= 10 Y= 16 P= 723 LP= 10   -3,   0
x1=  69 x2=  62 y1= 143 y2= 113 p1= 600 p2=  52 tnt1=  23 tnt2=   5 S=D X=  8 Y= 16 P= 684 LP= 10   -2,   0
x1=  74 x2=  60 y1= 143 y2= 116 p1= 599 p2=  52 tnt1=  17 tnt2=   6 S=D X= 10 Y= 16 P= 704 LP= 10    2,   0
x1=  61 x2=  66 y1= 143 y2= 114 p1= 602 p2=  52 tnt1=  12 tnt2=  14 S=D X=  7 Y= 16 P= 666 LP= 10   -3,   0
x1=  67 x2=  69 y1= 143 y2= 116 p1= 600 p2=  52 tnt1=  14 tnt2=  17 S=D X= 11 Y= 16 P= 716 LP= 10    4,   0
x1=  71 x2=  69 y1= 141 y2= 114 p1= 599 p2=  53 tnt1=  14 tnt2=  12 S=D X= 12 Y= 15 P= 721 LP= 10    1,  -1
x1=  69 x2=  66 y1= 141 y2= 115 p1= 604 p2=  52 tnt1=  14 tnt2=  16 S=D X= 10 Y= 16 P= 711 LP= 10   -2,   1
x1=  72 x2=  71 y1= 158 y2= 125 p1= 692 p2=  41 tnt1=  10 tnt2=  22 S=D X= 13 Y= 23 P=1127 LP= 10    3,   7
x1= 656 x2= 740 y1= 288 y2= 332 p1=1018 p2=   0 tnt1= 182 tnt2=1016 S=U X= 13 Y= 23 P=1127 LP= 10    0,   0
x1=1019 x2=1015 y1= 280 y2= 316 p1=1023 p2=   0 tnt1=1003 tnt2=1023 S=U X= 13 Y= 23 P=1127 LP= 10    0,   0
x1=1019 x2=1014 y1= 278 y2= 313 p1=1023 p2=   0 tnt1=1005 tnt2=1013 S=U X= 13 Y= 23 P=1127 LP= 10    0,   0
x1=1023 x2=1023 y1= 279 y2= 312 p1=1023 p2=   0 tnt1=1005 tnt2=1019 S=U X= 13 Y= 23 P=1127 LP= 10    0,   0
x1=1023 x2=1015 y1= 277 y2= 322 p1=1023 p2=   0 tnt1=1005 tnt2=1023 S=U X= 13 Y= 23 P=1127 LP= 10    0,   0
x1=1019 x2=1015 y1= 276 y2= 312 p1=1023 p2=   0 tnt1=1020 tnt2=1023 S=U X= 13 Y= 23 P=1127 LP= 10    0,   0
x1=1023 x2=1023 y1= 281 y2= 359 p1=1023 p2=   0 tnt1=1006 tnt2=1023 S=U X= 13 Y= 23 P=1127 LP= 10    0,   0
x1=1019 x2=1015 y1= 270 y2= 318 p1=1023 p2=   0 tnt1=1020 tnt2=1023 S=U X= 13 Y= 23 P=1127 LP= 10    0,   0
x1=1020 x2=1015 y1= 274 y2= 317 p1=1023 p2=   0 tnt1=1006 tnt2=1023 S=U X= 13 Y= 23 P=1127 LP= 10    0,   0
x1=1023 x2=1023 y1= 280 y2= 316 p1=1023 p2=   0 tnt1=1017 tnt2=1023 S=U X= 13 Y= 23 P=1127 LP= 10    0,   0
x1=1021 x2=1016 y1= 276 y2= 310 p1=1023 p2=   0 tnt1=1006 tnt2=1023 S=U X= 13 Y= 23 P=1127 LP= 10    0,   0
x1=1023 x2=1023 y1= 281 y2= 313 p1=1023 p2=   0 tnt1=1021 tnt2=1023 S=U X= 13 Y= 23 P=1127 LP= 10    0,   0
x1=1021 x2=1015 y1= 278 y2= 314 p1=1023 p2=   0 tnt1=1005 tnt2=1023 S=U X= 13 Y= 23 P=1127 LP= 10    0,   0
x1=1023 x2=1023 y1= 276 y2= 312 p1=1023 p2=   0 tnt1=1022 tnt2=1023 S=U X= 13 Y= 23 P=1127 LP= 10    0,   0
x1=1023 x2=1023 y1= 282 y2= 314 p1=1023 p2=   0 tnt1=1006 tnt2=1018 S=U X= 13 Y= 23 P=1127 LP= 10    0,   0
x1=1023 x2=1023 y1= 279 y2= 324 p1=1016 p2=   0 tnt1=1006 tnt2=1016 S=U X= 13 Y= 23 P=1127 LP= 10    0,   0
x1=1023 x2=1023 y1= 280 y2= 314 p1=1022 p2=   0 tnt1=1020 tnt2=1009 S=U X= 13 Y= 23 P=1127 LP= 10    0,   0
x1=1023 x2=1023 y1= 281 y2= 315 p1=1023 p2=   0 tnt1=1007 tnt2=1023 S=U X= 13 Y= 23 P=1127 LP= 10    0,   0
x1=1021 x2=1016 y1= 280 y2= 324 p1=1023 p2=   0 tnt1=1006 tnt2=1023 S=U X= 13 Y= 23 P=1127 LP= 10    0,   0
x1=1023 x2=1023 y1= 277 y2= 320 p1=1023 p2=   0 tnt1=1022 tnt2=1023 S=U X= 13 Y= 23 P=1127 LP= 10    0,   0
x1=1021 x2=1014 y1= 277 y2= 312 p1=1023 p2=   0 tnt1=1006 tnt2=1008 S=U X= 13 Y= 23 P=1127 LP= 10    0,   0
x1=1021 x2=1023 y1= 297 y2= 327 p1=1023 p2=   0 tnt1=1006 tnt2=1023 S=U X= 13 Y= 23 P=1127 LP= 10    0,   0
x1=1023 x2=1023 y1= 281 y2= 313 p1=1023 p2=   0 tnt1=1006 tnt2=1018 S=U X= 13 Y= 23 P=1127 LP= 10    0,   0
