x1=1023 x2=1023 y1= 415 y2= 458 p1=1023 p2=   0 tnt1=1018 tnt2=1023 S=U X= 15 Y= 14 P=1041 LP= 10    0,   0
x1=1023 x2=1023 y1= 422 y2= 456 p1=1023 p2=   0 tnt1=1018 tnt2=1023 S=U X= 15 Y= 14 P=1041 LP= 10    0,   0
x1=1023 x2=1023 y1= 421 y2= 456 p1=1023 p2=   0 tnt1=1018 tnt2=1023 S=U X= 15 Y= 14 P=1041 LP= 10    0,   0
x1=1023 x2=1023 y1= 416 y2= 452 p1=1023 p2=   0 tnt1=1023 tnt2=1023 S=U X= 15 Y= 14 P=1041 LP= 10    0,   0
x1=1023 x2=1023 y1= 414 y2= 460 p1=1023 p2=   0 tnt1=1023 tnt2=1023 S=U X= 15 Y= 14 P=1041 LP= 10    0,   0
x1=1023 x2=1023 y1= 420 y2= 460 p1=1023 p2=   0 tnt1=1023 tnt2=1012 S=U X= 15 Y= 14 P=1041 LP= 10    0,   0
x1=1023 x2=1023 y1= 419 y2= 492 p1=1023 p2=   0 tnt1=1023 tnt2=1023 S=U X= 15 Y= 14 P=1041 LP= 10    0,   0
x1=1023 x2=1023 y1= 417 y2= 452 p1=1023 p2=   0 tnt1=1023 tnt2=1023 S=U X= 15 Y= 14 P=1041 LP= 10    0,   0
x1=1023 x2=1023 y1= 422 y2= 466 p1=1020 p2=   0 tnt1=1023 tnt2=1023 S=U X= 15 Y= 14 P=1041 LP= 10    0,   0
x1=1023 x2=1023 y1= 413 y2= 448 p1=1023 p2=   0 tnt1=1023 tnt2=1023 S=U X= 15 Y= 14 P=1041 LP= 10    0,   0
x1=1023 x2=1023 y1= 415 y2= 447 p1=1023 p2=   0 tnt1=1017 tnt2=1023 S=U X= 15 Y= 14 P=1041 LP= 10    0,   0
x1=1023 x2=1023 y1= 419 y2= 453 p1=1023 p2=   0 tnt1=1018 tnt2=1023 S=U X= 15 Y= 14 P=1041 LP= 10    0,   0
x1=1023 x2=1023 y1= 419 y2= 466 p1=1023 p2=   0 tnt1=1023 tnt2=1022 S=U X= 15 Y= 14 P=1041 LP= 10    0,   0
x1=1023 x2=1023 y1= 413 y2= 458 p1=1023 p2=   0 tnt1=1023 tnt2=1022 S=U X= 15 Y= 14 P=1041 LP= 10    0,   0
x1=1023 x2=1023 y1= 415 y2= 462 p1=1023 p2=   0 tnt1=1018 tnt2=1022 S=U X= 15 Y= 14 P=1041 LP= 10    0,   0
x1=1023 x2=1023 y1= 416 y2= 463 p1=1023 p2=   0 tnt1=1023 tnt2=1023 S=U X= 15 Y= 14 P=1041 LP= 10    0,   0
x1=1023 x2=1023 y1= 416 y2= 480 p1=1023 p2=   0 tnt1=1023 tnt2=1023 S=U X= 15 Y= 14 P=1041 LP= 10    0,   0
x1=1023 x2=1023 y1= 420 y2= 452 p1=1023 p2=   0 tnt1=1017 tnt2=1023 S=U X= 15 Y= 14 P=1041 LP= 10    0,   0
x1=1023 x2=1023 y1= 409 y2= 454 p1=1023 p2=   0 tnt1=1023 tnt2=1022 S=U X= 15 Y= 14 P=1041 LP= 10    0,   0
x1=1023 x2=1023 y1= 410 y2= 442 p1=1023 p2=   0 tnt1=1023 tnt2=1023 S=U X= 15 Y= 14 P=1041 LP= 10    0,   0
x1=1023 x2=1023 y1= 421 y2= 470 p1=1023 p2=   0 tnt1=1018 tnt2=1023 S=U X= 15 Y= 14 P=1041 LP= 10    0,   0
x1=1023 x2=1023 y1= 422 y2= 469 p1=1023 p2=   0 tnt1=1019 tnt2=1023 S=U X= 15 Y= 14 P=1041 LP= 10    0,   0
x1=1023 x2=1023 y1= 418 y2= 463 p1=1023 p2=   0 tnt1=1023 tnt2=1023 S=U X= 15 Y= 14 P=1041 LP= 10    0,   0
x1=1023 x2=1023 y1= 418 y2= 454 p1=1023 p2=   0 tnt1=1017 tnt2=1023 S=U X= 15 Y= 14 P=1041 LP= 10    0,   0
x1=1023 x2=1023 y1= 420 y2= 454 p1=1023 p2=   0 tnt1=1017 tnt2=1023 S=U X= 15 Y= 14 P=1041 LP= 10    0,   0
x1=1023 x2=1023 y1= 419 y2= 464 p1=1023 p2=   0 tnt1=1018 tnt2=1022 S=U X= 15 Y= 14 P=1041 LP= 10    0,   0
x1=1023 x2=1023 y1= 419 y2= 455 p1=1023 p2=   0 tnt1=1018 tnt2=1023 S=U X= 15 Y= 14 P=1041 LP= 10    0,   0
x1=1023 x2=1023 y1= 421 y2= 458 p1=1023 p2=   0 tnt1=1017 tnt2=1023 S=U X= 15 Y= 14 P=1041 LP= 10    0,   0
x1=1023 x2=1023 y1= 421 y2= 457 p1=1023 p2=   0 tnt1=1023 tnt2=1022 S=U X= 15 Y= 14 P=1041 LP= 10    0,   0
x1=1023 x2=1023 y1= 447 y2= 477 p1=1023 p2=   0 tnt1=1023 tnt2=1023 S=U X= 15 Y= 14 P=1041 LP= 10    0,   0
x1=1023 x2=1023 y1= 441 y2= 471 p1=1023 p2=   0 tnt1=1023 tnt2=1023 S=U X= 15 Y= 14 P=1041 LP= 10    0,   0
x1=1023 x2=1023 y1= 419 y2= 454 p1=1023 p2=   0 tnt1=1018 tnt2=1023 S=U X= 15 Y= 14 P=1041 LP= 10    0,   0
x1=1023 x2=1023 y1= 452 y2= 511 p1=1023 p2=   0 tnt1=1023 tnt2=1014 S=U X= 15 Y= 14 P=1041 LP= 10    0,   0
x1=1023 x2=1023 y1= 451 y2= 499 p1=1023 p2=   0 tnt1=1023 tnt2=1021 S=U X= 15 Y= 14 P=1041 LP= 10    0,   0
x1=1023 x2=1023 y1= 455 y2= 497 p1=1023 p2=   0 tnt1=1018 tnt2=1023 S=U X= 15 Y= 14 P=1041 LP= 10    0,   0
x1=1023 x2=1023 y1= 426 y2= 471 p1=1023 p2=   0 tnt1=1018 tnt2=1023 S=U X= 15 Y= 14 P=1041 LP= 10    0,   0
x1=1023 x2=1023 y1= 450 y2= 479 p1=1023 p2=   0 tnt1=1023 tnt2=1023 S=U X= 15 Y= 14 P=1041 LP= 10    0,   0
x1=1023 x2=1023 y1= 463 y2= 491 p1=1023 p2=   0 tnt1=1017 tnt2=1022 S=U X= 15 Y= 14 P=1041 LP= 10    0,   0
x1=1023 x2=1023 y1= 450 y2= 476 p1=1023 p2=   0 tnt1=1018 tnt2=1023 S=U X= 15 Y= 14 P=1041 LP= 10    0,   0
x1=1023 x2=1023 y1= 445 y2= 476 p1=1023 p2=   0 tnt1=1023 tnt2=1023 S=U X= 15 Y= 14 P=1041 LP= 10    0,   0
x1=1023 x2=1023 y1= 421 y2= 466 p1=1023 p2=   0 tnt1=1023 tnt2=1014 S=U X= 15 Y= 14 P=1041 LP= 10    0,   0
x1=1023 x2=1023 y1= 437 y2= 497 p1=1023 p2=   0 tnt1=1023 tnt2=1023 S=U X= 15 Y= 14 P=1041 LP= 10    0,   0
x1=1023 x2=1023 y1= 451 y2= 494 p1=1023 p2=   0 tnt1=1023 tnt2=1022 S=U X= 15 Y= 14 P=1041 LP= 10    0,   0
x1=1023 x2=1023 y1= 454 y2= 498 p1=1023 p2=   0 tnt1=1023 tnt2=1023 S=U X= 15 Y= 14 P=1041 LP= 10    0,   0
x1=1023 x2=1023 y1= 445 y2= 492 p1=1023 p2=   0 tnt1=1023 tnt2=1022 S=U X= 15 Y= 14 P=1041 LP= 10    0,   0
x1=1023 x2=1023 y1= 436 y2= 465 p1=1023 p2=   0 tnt1=1019 tnt2=1023 S=U X= 15 Y= 14 P=1041 LP= 10    0,   0
x1=1023 x2=1023 y1= 420 y2= 463 p1=1023 p2=   0 tnt1=1018 tnt2=1023 S=U X= 15 Y= 14 P=1041 LP= 10    0,   0
x1=1023 x2=1023 y1= 416 y2= 452 p1=1023 p2=   0 tnt1=1017 tnt2=1012 S=U X= 15 Y= 14 P=1041 LP= 10    0,   0
x1=1023 x2=1023 y1= 422 y2= 456 p1=1023 p2=   0 tnt1=1023 tnt2=1012 S=U X= 15 Y= 14 P=1041 LP= 10    0,   0
x1=1023 x2=1023 y1= 422 y2= 467 p1=1023 p2=   0 tnt1=1018 tnt2=1023 S=U X= 15 Y= 14 P=1041 LP= 10    0,   0
x1=1023 x2=1023 y1= 419 y2= 451 p1=1022 p2=   0 tnt1=1017 tnt2=1013 S=U X= 15 Y= 14 P=1041 LP= 10    0,   0
x1=1023 x2=1023 y1= 413 y2= 500 p1=1023 p2=   0 tnt1=1023 tnt2=1023 S=U X= 15 Y= 14 P=1041 LP= 10    0,   0
x1=1023 x2=1023 y1= 420 y2= 462 p1=1023 p2=   0 tnt1=1018 tnt2=1023 S=U X= 15 Y= 14 P=1041 LP= 10    0,   0
x1=1023 x2=1023 y1= 416 y2= 449 p1=1023 p2=   0 tnt1=1018 tnt2=1022 S=U X= 15 Y= 14 P=1041 LP= 10    0,   0
x1=1023 x2=1023 y1= 416 y2= 459 p1=1023 p2=   0 tnt1=1019 tnt2=1023 S=U X= 15 Y= 14 P=1041 LP= 10    0,   0
x1=1023 x2=1023 y1= 421 y2= 454 p1=1019 p2=   0 tnt1=1018 tnt2=1022 S=U X= 15 Y= 14 P=1041 LP= 10    0,   0
x1=1023 x2=1023 y1= 416 y2= 452 p1=1023 p2=   0 tnt1=1017 tnt2=1023 S=U X= 15 Y= 14 P=1041 LP= 10    0,   0
x1=1023 x2=1023 y1= 420 y2= 458 p1=1023 p2=   0 tnt1=1023 tnt2=1023 S=U X= 15 Y= 14 P=1041 LP= 10    0,   0
x1=1023 x2=1023 y1= 415 y2= 451 p1=1023 p2=   0 tnt1=1023 tnt2=1023 S=U X= 15 Y= 14 P=1041 LP= 10    0,   0
x1=1023 x2=1023 y1= 439 y2= 488 p1=1023 p2=   0 tnt1=1018 tnt2=1018 S=U X= 15 Y= 14 P=1041 LP= 10    0,   0
x1=1023 x2=1023 y1= 417 y2= 453 p1=1023 p2=   0 tnt1=1019 tnt2=1023 S=U X= 15 Y= 14 P=1041 LP= 10    0,   0
x1=1023 x2=1023 y1= 419 y2= 451 p1=1023 p2=   0 tnt1=1018 tnt2=1022 S=U X= 15 Y= 14 P=1041 LP= 10    0,   0
x1= 942 x2= 953 y1= 856 y2= 875 p1= 992 p2= 444 tnt1=  13 tnt2=   9 S=D X=475 Y=257 P=1168 LP= 10  460, 243
x1= 941 x2= 950 y1= 839 y2= 870 p1= 994 p2= 404 tnt1=  23 tnt2=  26 S=D X=474 Y=253 P=1379 LP= 10   -1,  -4
x1= 927 x2= 949 y1= 834 y2= 863 p1= 998 p2= 349 tnt1=  46 tnt2=  42 S=^ X=474 Y=253 P=1379 LP= 10    0,   0 *
x1= 920 x2= 952 y1= 833 y2= 861 p1= 997 p2= 361 tnt1=  30 tnt2=  25 S=D X=469 Y=251 P=1648 LP= 10   -5,  -2 *
x1= 933 x2= 953 y1= 852 y2= 873 p1= 992 p2= 435 tnt1=  16 tnt2=  16 S=D X=472 Y=256 P=1207 LP= 10    3,   5
x1= 939 x2= 949 y1= 850 y2= 875 p1= 989 p2= 447 tnt1=  18 tnt2=  15 S=D X=473 Y=256 P=1144 LP= 10    1,   0
x1= 945 x2= 949 y1= 863 y2= 874 p1= 983 p2= 491 tnt1=  13 tnt2=  13 S=D X=475 Y=258 P= 948 LP= 10    2,   2
x1= 937 x2= 949 y1= 859 y2= 876 p1= 986 p2= 512 tnt1=   8 tnt2=  14 S=D X=473 Y=258 P= 872 LP= 20   -2,   0
x1= 947 x2= 948 y1= 864 y2= 877 p1= 986 p2= 516 tnt1=  10 tnt2=  15 S=D X=475 Y=259 P= 861 LP= 30    2,   1
x1= 946 x2= 949 y1= 866 y2= 874 p1= 985 p2= 520 tnt1=   9 tnt2=   9 S=D X=475 Y=259 P= 846 LP= 40    0,   0
x1= 946 x2= 949 y1= 866 y2= 874 p1= 986 p2= 522 tnt1=  10 tnt2=  11 S=D X=475 Y=259 P= 840 LP= 40    0,   0
x1= 947 x2= 950 y1= 866 y2= 875 p1= 985 p2= 524 tnt1=   1 tnt2=  11 S=D X=475 Y=259 P= 833 LP= 40    0,   0
x1= 939 x2= 944 y1= 865 y2= 874 p1= 986 p2= 512 tnt1=   9 tnt2=  17 S=D X=471 Y=258 P= 870 LP= 20   -4,  -1
x1= 937 x2= 941 y1= 854 y2= 872 p1= 992 p2= 426 tnt1=  13 tnt2=  26 S=D X=470 Y=256 P=1246 LP= 10   -1,  -2
x1=1023 x2=1023 y1= 412 y2= 457 p1=1023 p2=   0 tnt1=1023 tnt2=1022 S=U X=470 Y=256 P=1246 LP= 10    0,   0
x1=1023 x2=1023 y1= 420 y2= 453 p1=1023 p2=   0 tnt1=1023 tnt2=1023 S=U X=470 Y=256 P=1246 LP= 10    0,   0
x1=1023 x2=1023 y1= 420 y2= 453 p1=1023 p2=   0 tnt1=1023 tnt2=1021 S=U X=470 Y=256 P=1246 LP= 10    0,   0
x1=1023 x2=1023 y1= 410 y2= 447 p1=1023 p2=   0 tnt1=1023 tnt2=1023 S=U X=470 Y=256 P=1246 LP= 10    0,   0
x1=1023 x2=1023 y1= 424 y2= 460 p1=1023 p2=   0 tnt1=1023 tnt2=1023 S=U X=470 Y=256 P=1246 LP= 10    0,   0
x1=1023 x2=1023 y1= 416 y2= 447 p1=1023 p2=   0 tnt1=1018 tnt2=1022 S=U X=470 Y=256 P=1246 LP= 10    0,   0
x1=1023 x2=1023 y1= 418 y2= 452 p1=1023 p2=   0 tnt1=1017 tnt2=1023 S=U X=470 Y=256 P=1246 LP= 10    0,   0
x1=1023 x2=1023 y1= 420 y2= 461 p1=1023 p2=   0 tnt1=1018 tnt2=1023 S=U X=470 Y=256 P=1246 LP= 10    0,   0
x1=1023 x2=1023 y1= 529 y2= 583 p1=1023 p2=   0 tnt1=1023 tnt2=1023 S=U X=470 Y=256 P=1246 LP= 10    0,   0
x1=1023 x2=1023 y1= 407 y2= 443 p1=1023 p2=   0 tnt1=1018 tnt2=1023 S=U X=470 Y=256 P=1246 LP= 10    0,   0
x1=1023 x2=1023 y1= 424 y2= 458 p1=1023 p2=   0 tnt1=1023 tnt2=1023 S=U X=470 Y=256 P=1246 LP= 10    0,   0
x1=1023 x2=1023 y1= 419 y2= 460 p1=1023 p2=   0 tnt1=1018 tnt2=1023 S=U X=470 Y=256 P=1246 LP= 10    0,   0
x1=1023 x2=1023 y1= 416 y2= 461 p1=1023 p2=   0 tnt1=1018 tnt2=1023 S=U X=470 Y=256 P=1246 LP= 10    0,   0
x1=1023 x2=1023 y1= 422 y2= 454 p1=1023 p2=   0 tnt1=1019 tnt2=1023 S=U X=470 Y=256 P=1246 LP= 10    0,   0
x1=1023 x2=1023 y1= 417 y2= 451 p1=1023 p2=   0 tnt1=1023 tnt2=1023 S=U X=470 Y=256 P=1246 LP= 10    0,   0
x1=1023 x2=1023 y1= 414 y2= 452 p1=1023 p2=   0 tnt1=1017 tnt2=1023 S=U X=470 Y=256 P=1246 LP= 10    0,   0
x1=1023 x2=1023 y1= 424 y2= 460 p1=1023 p2=   0 tnt1=1023 tnt2=1023 S=U X=470 Y=256 P=1246 LP= 10    0,   0
x1=1023 x2=1023 y1= 421 y2= 457 p1=1023 p2=   0 tnt1=1017 tnt2=1023 S=U X=470 Y=256 P=1246 LP= 10    0,   0
x1=1023 x2=1023 y1= 422 y2= 465 p1=1021 p2=   0 tnt1=1023 tnt2=1023 S=U X=470 Y=256 P=1246 LP= 10    0,   0
x1=1023 x2=1023 y1= 421 y2= 455 p1=1023 p2=   0 tnt1=1023 tnt2=1019 S=U X=470 Y=256 P=1246 LP= 10    0,   0
x1= 936 x2= 953 y1= 852 y2= 872 p1= 993 p2= 431 tnt1=  19 tnt2=  19 S=D X=473 Y=256 P=1230 LP= 10    3,   0 *
x1= 945 x2= 950 y1= 866 y2= 877 p1= 988 p2= 498 tnt1=  11 tnt2=  13 S=D X=475 Y=259 P= 930 LP= 10    2,   3
x1= 946 x2= 950 y1= 869 y2= 878 p1= 988 p2= 512 tnt1=   7 tnt2=   4 S=D X=475 Y=260 P= 880 LP= 20    0,   1
x1= 947 x2= 950 y1= 870 y2= 880 p1= 986 p2= 520 tnt1=  13 tnt2=  19 S=D X=475 Y=261 P= 849 LP= 40    0,   1
x1= 947 x2= 959 y1= 870 y2= 880 p1= 986 p2= 522 tnt1=  11 tnt2=   3 S=D X=478 Y=261 P= 846 LP= 40    3,   0
x1= 946 x2= 960 y1= 869 y2= 879 p1= 986 p2= 525 tnt1=  10 tnt2=   7 S=D X=478 Y=260 P= 836 LP= 40    0,  -1
x1= 947 x2= 940 y1= 870 y2= 879 p1= 986 p2= 528 tnt1=   9 tnt2=   9 S=D X=473 Y=260 P= 817 LP= 60   -5,   0
x1= 944 x2= 943 y1= 870 y2= 878 p1= 982 p2= 529 tnt1=  10 tnt2=   9 S=D X=473 Y=260 P= 807 LP= 60    0,   0
x1= 943 x2= 943 y1= 870 y2= 878 p1= 984 p2= 528 tnt1=   9 tnt2=  10 S=D X=473 Y=260 P= 813 LP= 60    0,   0
x1= 951 x2= 959 y1= 869 y2= 878 p1= 992 p2= 530 tnt1=  10 tnt2=  11 S=D X=479 Y=260 P= 831 LP= 50    6,   0 *
x1= 948 x2= 955 y1= 870 y2= 878 p1= 987 p2= 531 tnt1=  10 tnt2=  11 S=D X=477 Y=260 P= 815 LP= 60   -2,   0
x1= 945 x2= 945 y1= 869 y2= 877 p1= 983 p2= 527 tnt1=   9 tnt2=   9 S=D X=474 Y=260 P= 817 LP= 60   -3,   0
x1= 948 x2= 954 y1= 868 y2= 879 p1= 987 p2= 509 tnt1=  10 tnt2=  13 S=D X=477 Y=260 P= 892 LP= 20    3,   0
x1=1023 x2=1023 y1= 423 y2= 475 p1=1023 p2=   0 tnt1=1023 tnt2=1022 S=U X=477 Y=260 P= 892 LP= 20    0,   0
x1=1023 x2=1023 y1= 421 y2= 456 p1=1023 p2=   0 tnt1=1018 tnt2=1012 S=U X=477 Y=260 P= 892 LP= 20    0,   0
x1=1023 x2=1023 y1= 422 y2= 454 p1=1023 p2=   0 tnt1=1017 tnt2=1022 S=U X=477 Y=260 P= 892 LP= 20    0,   0
x1=1023 x2=1023 y1= 405 y2= 437 p1=1023 p2=   0 tnt1=1017 tnt2=1022 S=U X=477 Y=260 P= 892 LP= 20    0,   0
x1=1023 x2=1023 y1= 417 y2= 464 p1=1023 p2=   0 tnt1=1023 tnt2=1012 S=U X=477 Y=260 P= 892 LP= 20    0,   0
x1=1023 x2=1023 y1= 420 y2= 465 p1=1023 p2=   0 tnt1=1018 tnt2=1013 S=U X=477 Y=260 P= 892 LP= 20    0,   0
x1=1023 x2=1023 y1= 413 y2= 460 p1=1023 p2=   0 tnt1=1023 tnt2=1022 S=U X=477 Y=260 P= 892 LP= 20    0,   0
x1=1023 x2=1023 y1= 421 y2= 467 p1=1023 p2=   0 tnt1=1018 tnt2=1023 S=U X=477 Y=260 P= 892 LP= 20    0,   0
x1=1023 x2=1023 y1= 419 y2= 456 p1=1023 p2=   0 tnt1=1018 tnt2=1023 S=U X=477 Y=260 P= 892 LP= 20    0,   0
x1=1023 x2=1023 y1= 422 y2= 465 p1=1023 p2=   0 tnt1=1018 tnt2=1022 S=U X=477 Y=260 P= 892 LP= 20    0,   0
x1=1023 x2=1023 y1= 420 y2= 453 p1=1023 p2=   0 tnt1=1023 tnt2=1023 S=U X=477 Y=260 P= 892 LP= 20    0,   0
x1=1023 x2=1023 y1= 417 y2= 452 p1=1023 p2=   0 tnt1=1023 tnt2=1023 S=U X=477 Y=260 P= 892 LP= 20    0,   0
x1=1023 x2=1023 y1= 421 y2= 464 p1=1023 p2=   0 tnt1=1023 tnt2=1023 S=U X=477 Y=260 P= 892 LP= 20    0,   0
x1=1023 x2=1023 y1= 418 y2= 453 p1=1023 p2=   0 tnt1=1023 tnt2=1022 S=U X=477 Y=260 P= 892 LP= 20    0,   0
x1=1023 x2=1023 y1= 422 y2= 455 p1=1023 p2=   0 tnt1=1023 tnt2=1022 S=U X=477 Y=260 P= 892 LP= 20    0,   0
x1=1023 x2=1023 y1= 417 y2= 451 p1=1023 p2=   0 tnt1=1018 tnt2=1023 S=U X=477 Y=260 P= 892 LP= 20    0,   0
x1=1023 x2=1023 y1= 419 y2= 451 p1=1023 p2=   0 tnt1=1018 tnt2=1023 S=U X=477 Y=260 P= 892 LP= 20    0,   0
x1=1023 x2=1023 y1= 422 y2= 457 p1=1020 p2=   0 tnt1=1023 tnt2=1023 S=U X=477 Y=260 P= 892 LP= 20    0,   0
x1=1023 x2=1023 y1= 423 y2= 488 p1=1023 p2=   0 tnt1=1018 tnt2=1023 S=U X=477 Y=260 P= 892 LP= 20    0,   0
x1= 902 x2= 957 y1= 818 y2= 865 p1=1001 p2= 317 tnt1=  37 tnt2=  47 S=V X=477 Y=260 P= 892 LP= 20    0,   0
x1= 944 x2= 954 y1= 857 y2= 877 p1= 993 p2= 433 tnt1=  20 tnt2=  19 S=D X=476 Y=258 P=1227 LP= 10   -1,  -2
x1= 951 x2= 963 y1= 866 y2= 878 p1= 989 p2= 494 tnt1=   9 tnt2=  14 S=D X=480 Y=260 P= 958 LP= 10    4,   2
x1= 952 x2= 959 y1= 868 y2= 879 p1= 991 p2= 508 tnt1=  11 tnt2=  12 S=D X=479 Y=260 P= 907 LP= 10   -1,   0
x1= 950 x2= 953 y1= 870 y2= 879 p1= 988 p2= 517 tnt1=  10 tnt2=  16 S=D X=477 Y=260 P= 866 LP= 30   -2,   0
x1= 952 x2= 957 y1= 871 y2= 879 p1= 987 p2= 522 tnt1=   9 tnt2=  11 S=D X=479 Y=261 P= 849 LP= 40    2,   1
x1= 948 x2= 943 y1= 869 y2= 879 p1= 987 p2= 524 tnt1=   3 tnt2=  11 S=D X=474 Y=260 P= 834 LP= 40   -5,  -1
x1= 952 x2= 955 y1= 870 y2= 880 p1= 986 p2= 526 tnt1=   9 tnt2=   9 S=D X=478 Y=261 P= 832 LP= 40    4,   1
x1= 953 x2= 953 y1= 870 y2= 879 p1= 987 p2= 527 tnt1=  18 tnt2=  14 S=D X=478 Y=260 P= 831 LP= 50    0,  -1
x1= 952 x2= 959 y1= 872 y2= 880 p1= 987 p2= 525 tnt1=   8 tnt2=  11 S=D X=479 Y=261 P= 840 LP= 40    1,   1
x1= 951 x2= 955 y1= 870 y2= 879 p1= 986 p2= 523 tnt1=   1 tnt2=  11 S=D X=478 Y=260 P= 843 LP= 40   -1,  -1
x1= 949 x2= 952 y1= 866 y2= 878 p1= 988 p2= 499 tnt1=  19 tnt2=  12 S=D X=476 Y=260 P= 930 LP= 10   -2,   0
x1= 931 x2= 950 y1= 845 y2= 869 p1= 995 p2= 395 tnt1=  30 tnt2=  21 S=D X=471 Y=254 P=1426 LP= 10   -5,  -6
x1=1023 x2=1023 y1= 422 y2= 456 p1=1023 p2=   0 tnt1=1017 tnt2=1023 S=U X=471 Y=254 P=1426 LP= 10    0,   0
x1=1023 x2=1023 y1= 421 y2= 462 p1=1023 p2=   0 tnt1=1016 tnt2=1022 S=U X=471 Y=254 P=1426 LP= 10    0,   0
x1=1023 x2=1023 y1= 426 y2= 475 p1=1023 p2=   0 tnt1=1017 tnt2=1022 S=U X=471 Y=254 P=1426 LP= 10    0,   0
x1=1023 x2=1023 y1= 441 y2= 490 p1=1023 p2=   0 tnt1=1018 tnt2=1023 S=U X=471 Y=254 P=1426 LP= 10    0,   0
x1=1023 x2=1023 y1= 464 y2= 525 p1=1023 p2=   0 tnt1=1023 tnt2=1022 S=U X=471 Y=254 P=1426 LP= 10    0,   0
x1=1023 x2=1023 y1= 444 y2= 490 p1=1023 p2=   0 tnt1=1017 tnt2=1023 S=U X=471 Y=254 P=1426 LP= 10    0,   0
x1=1023 x2=1023 y1= 459 y2= 489 p1=1023 p2=   0 tnt1=1018 tnt2=1023 S=U X=471 Y=254 P=1426 LP= 10    0,   0
x1=1023 x2=1023 y1= 439 y2= 468 p1=1023 p2=   0 tnt1=1023 tnt2=1022 S=U X=471 Y=254 P=1426 LP= 10    0,   0
x1=1023 x2=1023 y1= 451 y2= 481 p1=1023 p2=   0 tnt1=1018 tnt2=1023 S=U X=471 Y=254 P=1426 LP= 10    0,   0
x1=1023 x2=1023 y1= 433 y2= 463 p1=1023 p2=   0 tnt1=1023 tnt2=1011 S=U X=471 Y=254 P=1426 LP= 10    0,   0
x1=1023 x2=1023 y1= 417 y2= 452 p1=1023 p2=   0 tnt1=1023 tnt2=1023 S=U X=471 Y=254 P=1426 LP= 10    0,   0
x1=1023 x2=1023 y1= 452 y2= 509 p1=1021 p2=   0 tnt1=1023 tnt2=1022 S=U X=471 Y=254 P=1426 LP= 10    0,   0
x1=1023 x2=1023 y1= 469 y2= 514 p1=1023 p2=   0 tnt1=1023 tnt2=1015 S=U X=471 Y=254 P=1426 LP= 10    0,   0
x1=1023 x2=1023 y1= 463 y2= 504 p1=1023 p2=   0 tnt1=1023 tnt2=1022 S=U X=471 Y=254 P=1426 LP= 10    0,   0
x1=1023 x2=1023 y1= 419 y2= 455 p1=1023 p2=   0 tnt1=1023 tnt2=1023 S=U X=471 Y=254 P=1426 LP= 10    0,   0
x1=1023 x2=1023 y1= 434 y2= 465 p1=1023 p2=   0 tnt1=1023 tnt2=1016 S=U X=471 Y=254 P=1426 LP= 10    0,   0
x1=1023 x2=1023 y1= 440 y2= 918 p1=1023 p2=   0 tnt1=1019 tnt2=1023 S=U X=471 Y=254 P=1426 LP= 10    0,   0
x1=1023 x2=1023 y1= 450 y2= 476 p1=1023 p2=   0 tnt1=1023 tnt2=1023 S=U X=471 Y=254 P=1426 LP= 10    0,   0
x1=1023 x2=1023 y1= 455 y2= 485 p1=1023 p2=   0 tnt1=1018 tnt2=1016 S=U X=471 Y=254 P=1426 LP= 10    0,   0
x1=1023 x2=1023 y1= 419 y2= 456 p1=1023 p2=   0 tnt1=1019 tnt2=1023 S=U X=471 Y=254 P=1426 LP= 10    0,   0
x1=1023 x2=1023 y1= 420 y2= 458 p1=1023 p2=   0 tnt1=1023 tnt2=1023 S=U X=471 Y=254 P=1426 LP= 10    0,   0
x1=1023 x2=1023 y1= 145 y2= 195 p1=1022 p2=   0 tnt1=1023 tnt2=1022 S=U X=471 Y=254 P=1426 LP= 10    0,   0
x1=1023 x2=1023 y1= 412 y2= 450 p1=1023 p2=   0 tnt1=1023 tnt2=1023 S=U X=471 Y=254 P=1426 LP= 10    0,   0
x1= 930 x2= 947 y1= 848 y2= 872 p1= 994 p2= 409 tnt1=  30 tnt2=  19 S=D X=470 Y=255 P=1341 LP= 10   -1,   1
x1= 948 x2= 957 y1= 864 y2= 876 p1= 990 p2= 471 tnt1=  13 tnt2=  15 S=D X=477 Y=259 P=1048 LP= 10    7,   4
x1= 951 x2= 957 y1= 867 y2= 878 p1= 989 p2= 501 tnt1=   3 tnt2=  12 S=D X=478 Y=260 P= 929 LP= 10    1,   1
x1= 951 x2= 955 y1= 867 y2= 879 p1= 987 p2= 510 tnt1=  17 tnt2=  11 S=D X=478 Y=260 P= 891 LP= 20    0,   0
x1= 952 x2= 954 y1= 868 y2= 878 p1= 987 p2= 517 tnt1=  16 tnt2=  11 S=D X=478 Y=260 P= 866 LP= 30    0,   0
x1= 952 x2= 957 y1= 869 y2= 879 p1= 987 p2= 523 tnt1=   8 tnt2=  10 S=D X=478 Y=260 P= 846 LP= 40    0,   0
x1= 943 x2= 965 y1= 869 y2= 878 p1= 987 p2= 520 tnt1=  11 tnt2=  14 S=D X=478 Y=260 P= 856 LP= 30    0,   0
x1= 954 x2= 957 y1= 869 y2= 878 p1= 992 p2= 526 tnt1=   9 tnt2=  10 S=D X=479 Y=260 P= 845 LP= 40    1,   0
x1= 952 x2= 955 y1= 868 y2= 877 p1= 983 p2= 522 tnt1=   6 tnt2=   9 S=D X=478 Y=260 P= 841 LP= 40   -1,   0
x1= 957 x2= 947 y1= 868 y2= 877 p1= 987 p2= 517 tnt1=   9 tnt2=  11 S=D X=477 Y=260 P= 865 LP= 30   -1,   0
x1= 949 x2= 953 y1= 861 y2= 875 p1= 987 p2= 477 tnt1=   7 tnt2=  12 S=D X=477 Y=258 P=1016 LP= 10    0,  -2
x1= 933 x2= 947 y1= 841 y2= 865 p1= 996 p2= 387 tnt1=  24 tnt2=  15 S=D X=471 Y=253 P=1478 LP= 10   -6,  -5
x1=1023 x2=1023 y1= 526 y2= 944 p1=1023 p2=   0 tnt1=1017 tnt2=1022 S=U X=471 Y=253 P=1478 LP= 10    0,   0
x1=1023 x2=1023 y1= 438 y2= 469 p1=1023 p2=   0 tnt1=1023 tnt2=1023 S=U X=471 Y=253 P=1478 LP= 10    0,   0
x1=1023 x2=1023 y1= 427 y2= 459 p1=1023 p2=   0 tnt1=1023 tnt2=1022 S=U X=471 Y=253 P=1478 LP= 10    0,   0
x1=1023 x2=1023 y1= 424 y2= 458 p1=1020 p2=   0 tnt1=1023 tnt2=1013 S=U X=471 Y=253 P=1478 LP= 10    0,   0
x1=1023 x2=1023 y1= 449 y2= 480 p1=1023 p2=   0 tnt1=1018 tnt2=1022 S=U X=471 Y=253 P=1478 LP= 10    0,   0
x1=1023 x2=1023 y1= 447 y2= 476 p1=1023 p2=   0 tnt1=1023 tnt2=1023 S=U X=471 Y=253 P=1478 LP= 10    0,   0
x1=1023 x2=1023 y1= 448 y2= 474 p1=1023 p2=   0 tnt1=1023 tnt2=1023 S=U X=471 Y=253 P=1478 LP= 10    0,   0
x1=1023 x2=1023 y1= 450 y2= 479 p1=1023 p2=   0 tnt1=1017 tnt2=1023 S=U X=471 Y=253 P=1478 LP= 10    0,   0
x1=1023 x2=1023 y1= 432 y2= 461 p1=1022 p2=   0 tnt1=1018 tnt2=1023 S=U X=471 Y=253 P=1478 LP= 10    0,   0
x1=1023 x2=1023 y1= 451 y2= 485 p1=1023 p2=   0 tnt1=1023 tnt2=1023 S=U X=471 Y=253 P=1478 LP= 10    0,   0
x1=1023 x2=1023 y1= 438 y2= 464 p1=1023 p2=   0 tnt1=1023 tnt2=1023 S=U X=471 Y=253 P=1478 LP= 10    0,   0
x1=1023 x2=1023 y1= 444 y2= 479 p1=1023 p2=   0 tnt1=1017 tnt2=1023 S=U X=471 Y=253 P=1478 LP= 10    0,   0
x1=1023 x2=1023 y1= 430 y2= 465 p1=1023 p2=   0 tnt1=1023 tnt2=1022 S=U X=471 Y=253 P=1478 LP= 10    0,   0
x1=1023 x2=1023 y1= 437 y2= 466 p1=1023 p2=   0 tnt1=1023 tnt2=1023 S=U X=471 Y=253 P=1478 LP= 10    0,   0
x1=1023 x2=1023 y1= 450 y2= 478 p1=1023 p2=   0 tnt1=1018 tnt2=1023 S=U X=471 Y=253 P=1478 LP= 10    0,   0
x1=1023 x2=1023 y1= 457 y2= 493 p1=1023 p2=   0 tnt1=1018 tnt2=1013 S=U X=471 Y=253 P=1478 LP= 10    0,   0
x1=1023 x2=1023 y1= 437 y2= 465 p1=1023 p2=   0 tnt1=1018 tnt2=1012 S=U X=471 Y=253 P=1478 LP= 10    0,   0
x1=1023 x2=1023 y1= 450 y2= 477 p1=1023 p2=   0 tnt1=1023 tnt2=1021 S=U X=471 Y=253 P=1478 LP= 10    0,   0
x1=1023 x2=1023 y1= 439 y2= 468 p1=1020 p2=   0 tnt1=1018 tnt2=1022 S=U X=471 Y=253 P=1478 LP= 10    0,   0
x1=1023 x2=1023 y1= 432 y2= 460 p1=1023 p2=   0 tnt1=1023 tnt2=1023 S=U X=471 Y=253 P=1478 LP= 10    0,   0
x1=1023 x2=1023 y1= 431 y2= 467 p1=1023 p2=   0 tnt1=1018 tnt2=1023 S=U X=471 Y=253 P=1478 LP= 10    0,   0
x1=1023 x2=1023 y1= 447 y2= 492 p1=1021 p2=   0 tnt1=1017 tnt2=1022 S=U X=471 Y=253 P=1478 LP= 10    0,   0
x1= 944 x2= 947 y1= 852 y2= 869 p1= 994 p2= 416 tnt1=  20 tnt2=  10 S=D X=474 Y=255 P=1312 LP= 10    3,   2
x1= 941 x2= 953 y1= 854 y2= 872 p1= 993 p2= 429 tnt1=  21 tnt2=  19 S=D X=475 Y=256 P=1244 LP= 10    1,   1
x1= 945 x2= 950 y1= 856 y2= 873 p1= 992 p2= 440 tnt1=  15 tnt2=  12 S=D X=475 Y=257 P=1187 LP= 10    0,   1
x1= 946 x2= 954 y1= 861 y2= 874 p1= 990 p2= 461 tnt1=  16 tnt2=  23 S=D X=476 Y=258 P=1089 LP= 10    1,   1
x1= 956 x2= 946 y1= 863 y2= 876 p1= 989 p2= 491 tnt1=   7 tnt2=  12 S=D X=477 Y=258 P= 964 LP= 10    1,   0
x1= 954 x2= 956 y1= 865 y2= 876 p1= 990 p2= 507 tnt1=  10 tnt2=  12 S=D X=479 Y=259 P= 909 LP= 10    2,   1
x1= 954 x2= 956 y1= 868 y2= 876 p1= 987 p2= 516 tnt1=   2 tnt2=  20 S=D X=479 Y=260 P= 870 LP= 20    0,   1
x1= 947 x2= 966 y1= 866 y2= 877 p1= 986 p2= 519 tnt1=   7 tnt2=  14 S=D X=480 Y=259 P= 859 LP= 30    1,  -1
x1= 964 x2= 956 y1= 866 y2= 876 p1= 981 p2= 521 tnt1=   9 tnt2=  10 S=D X=482 Y=259 P= 846 LP= 40    2,   0
x1= 958 x2= 951 y1= 865 y2= 874 p1= 986 p2= 516 tnt1=  11 tnt2=  11 S=D X=478 Y=258 P= 868 LP= 20   -4,  -1
x1= 953 x2= 958 y1= 865 y2= 874 p1= 987 p2= 514 tnt1=   3 tnt2=   8 S=D X=479 Y=258 P= 878 LP= 20    1,   0
x1= 952 x2= 956 y1= 863 y2= 875 p1= 987 p2= 507 tnt1=  12 tnt2=  20 S=D X=478 Y=258 P= 902 LP= 10   -1,   0
x1= 831 x2= 884 y1= 422 y2= 453 p1=1023 p2=   0 tnt1= 222 tnt2=1023 S=U X=478 Y=258 P= 902 LP= 10    0,   0
x1=1023 x2=1023 y1= 422 y2= 458 p1=1023 p2=   0 tnt1=1017 tnt2=1023 S=U X=478 Y=258 P= 902 LP= 10    0,   0
x1=1023 x2=1023 y1= 421 y2= 486 p1=1023 p2=   0 tnt1=1023 tnt2=1023 S=U X=478 Y=258 P= 902 LP= 10    0,   0
x1=1023 x2=1023 y1= 421 y2= 487 p1=1023 p2=   0 tnt1=1017 tnt2=1022 S=U X=478 Y=258 P= 902 LP= 10    0,   0
x1=1023 x2=1023 y1= 420 y2= 454 p1=1023 p2=   0 tnt1=1023 tnt2=1023 S=U X=478 Y=258 P= 902 LP= 10    0,   0
x1=1023 x2=1023 y1= 423 y2= 455 p1=1023 p2=   0 tnt1=1018 tnt2=1023 S=U X=478 Y=258 P= 902 LP= 10    0,   0
x1=1023 x2=1023 y1= 415 y2= 449 p1=1023 p2=   0 tnt1=1018 tnt2=1022 S=U X=478 Y=258 P= 902 LP= 10    0,   0
x1=1023 x2=1023 y1= 416 y2= 457 p1=1023 p2=   0 tnt1=1023 tnt2=1013 S=U X=478 Y=258 P= 902 LP= 10    0,   0
x1=1023 x2=1023 y1= 413 y2= 473 p1=1021 p2=   0 tnt1=1018 tnt2=1023 S=U X=478 Y=258 P= 902 LP= 10    0,   0
x1=1023 x2=1023 y1= 418 y2= 452 p1=1023 p2=   0 tnt1=1018 tnt2=1012 S=U X=478 Y=258 P= 902 LP= 10    0,   0
x1=1023 x2=1023 y1= 417 y2= 486 p1=1023 p2=   0 tnt1=1019 tnt2=1023 S=U X=478 Y=258 P= 902 LP= 10    0,   0
x1=1023 x2=1023 y1= 419 y2= 476 p1=1023 p2=   0 tnt1=1018 tnt2=1023 S=U X=478 Y=258 P= 902 LP= 10    0,   0
x1=1023 x2=1023 y1= 420 y2= 477 p1=1023 p2=   0 tnt1=1023 tnt2=1023 S=U X=478 Y=258 P= 902 LP= 10    0,   0
x1=1023 x2=1023 y1= 418 y2= 462 p1=1023 p2=   0 tnt1=1023 tnt2=1023 S=U X=478 Y=258 P= 902 LP= 10    0,   0
x1=1023 x2=1023 y1= 422 y2= 578 p1=1023 p2=   0 tnt1=1023 tnt2=1023 S=U X=478 Y=258 P= 902 LP= 10    0,   0
x1=1023 x2=1023 y1= 422 y2= 466 p1=1021 p2=   0 tnt1=1017 tnt2=1022 S=U X=478 Y=258 P= 902 LP= 10    0,   0
x1=1023 x2=1023 y1= 421 y2= 457 p1=1023 p2=   0 tnt1=1017 tnt2=1022 S=U X=478 Y=258 P= 902 LP= 10    0,   0
x1=1023 x2=1023 y1= 418 y2= 453 p1=1023 p2=   0 tnt1=1023 tnt2=1012 S=U X=478 Y=258 P= 902 LP= 10    0,   0
x1=1023 x2=1023 y1= 421 y2= 456 p1=1023 p2=   0 tnt1=1018 tnt2=1023 S=U X=478 Y=258 P= 902 LP= 10    0,   0
x1=1023 x2=1023 y1= 421 y2= 478 p1=1023 p2=   0 tnt1=1023 tnt2=1022 S=U X=478 Y=258 P= 902 LP= 10    0,   0
x1=1023 x2=1023 y1= 420 y2= 486 p1=1023 p2=   0 tnt1=1019 tnt2=1012 S=U X=478 Y=258 P= 902 LP= 10    0,   0
x1= 905 x2= 956 y1= 823 y2= 857 p1=1000 p2= 337 tnt1=  33 tnt2=  47 S=V X=478 Y=258 P= 902 LP= 10    0,   0
x1= 922 x2= 957 y1= 834 y2= 866 p1= 998 p2= 365 tnt1=  32 tnt2=  24 S=D X=470 Y=252 P=1628 LP= 10   -8,  -6
x1= 840 x2= 948 y1= 779 y2= 836 p1=1007 p2= 241 tnt1=  41 tnt2=  91 S=^ X=470 Y=252 P=1628 LP= 10    0,   0
x1= 854 x2= 957 y1= 776 y2= 834 p1=1006 p2= 243 tnt1=  34 tnt2=  85 S=^ X=470 Y=252 P=1628 LP= 10    0,   0
x1= 940 x2= 957 y1= 845 y2= 868 p1= 994 p2= 411 tnt1=  23 tnt2=  12 S=D X=475 Y=254 P=1344 LP= 10    5,   2
x1= 951 x2= 961 y1= 858 y2= 873 p1= 991 p2= 464 tnt1=  11 tnt2=  16 S=D X=480 Y=257 P=1085 LP= 10    5,   3
x1= 942 x2= 946 y1= 861 y2= 875 p1= 988 p2= 486 tnt1=  11 tnt2=  17 S=D X=473 Y=258 P= 974 LP= 10   -7,   1
x1= 950 x2= 967 y1= 863 y2= 872 p1= 988 p2= 491 tnt1=  11 tnt2=  14 S=D X=481 Y=258 P= 969 LP= 10    8,   0
x1= 956 x2= 967 y1= 863 y2= 874 p1= 987 p2= 500 tnt1=  10 tnt2=   6 S=D X=482 Y=258 P= 936 LP= 10    1,   0
x1= 947 x2= 946 y1= 861 y2= 873 p1= 981 p2= 495 tnt1=  10 tnt2=  10 S=D X=474 Y=258 P= 928 LP= 10   -8,   0
x1= 940 x2= 954 y1= 847 y2= 872 p1= 994 p2= 407 tnt1=  17 tnt2=  20 S=D X=475 Y=255 P=1365 LP= 10    1,  -3
x1= 863 x2= 901 y1= 425 y2= 458 p1=1023 p2=   0 tnt1= 127 tnt2=1022 S=U X=475 Y=255 P=1365 LP= 10    0,   0
x1=1023 x2=1023 y1= 415 y2= 460 p1=1023 p2=   0 tnt1=1023 tnt2=1014 S=U X=475 Y=255 P=1365 LP= 10    0,   0
x1=1023 x2=1023 y1= 421 y2= 457 p1=1023 p2=   0 tnt1=1018 tnt2=1023 S=U X=475 Y=255 P=1365 LP= 10    0,   0
x1=1023 x2=1023 y1= 421 y2= 466 p1=1023 p2=   0 tnt1=1017 tnt2=1023 S=U X=475 Y=255 P=1365 LP= 10    0,   0
x1=1023 x2=1023 y1= 420 y2= 453 p1=1023 p2=   0 tnt1=1023 tnt2=1023 S=U X=475 Y=255 P=1365 LP= 10    0,   0
x1=1023 x2=1023 y1= 415 y2= 449 p1=1023 p2=   0 tnt1=1018 tnt2=1023 S=U X=475 Y=255 P=1365 LP= 10    0,   0
x1=1023 x2=1023 y1= 422 y2= 461 p1=1023 p2=   0 tnt1=1017 tnt2=1013 S=U X=475 Y=255 P=1365 LP= 10    0,   0
x1=1023 x2=1023 y1= 416 y2= 462 p1=1023 p2=   0 tnt1=1023 tnt2=1016 S=U X=475 Y=255 P=1365 LP= 10    0,   0
x1=1023 x2=1023 y1= 421 y2= 457 p1=1023 p2=   0 tnt1=1018 tnt2=1023 S=U X=475 Y=255 P=1365 LP= 10    0,   0
x1=1023 x2=1023 y1= 420 y2= 464 p1=1023 p2=   0 tnt1=1018 tnt2=1013 S=U X=475 Y=255 P=1365 LP= 10    0,   0
x1=1023 x2=1023 y1= 419 y2= 465 p1=1023 p2=   0 tnt1=1018 tnt2=1023 S=U X=475 Y=255 P=1365 LP= 10    0,   0
x1=1023 x2=1023 y1= 422 y2= 458 p1=1023 p2=   0 tnt1=1018 tnt2=1023 S=U X=475 Y=255 P=1365 LP= 10    0,   0
x1=1023 x2=1023 y1= 418 y2= 464 p1=1023 p2=   0 tnt1=1023 tnt2=1023 S=U X=475 Y=255 P=1365 LP= 10    0,   0
x1=1023 x2=1023 y1= 420 y2= 454 p1=1023 p2=   0 tnt1=1018 tnt2=1023 S=U X=475 Y=255 P=1365 LP= 10    0,   0
x1=1023 x2=1023 y1= 422 y2= 468 p1=1023 p2=   0 tnt1=1023 tnt2=1013 S=U X=475 Y=255 P=1365 LP= 10    0,   0
x1=1023 x2=1023 y1= 417 y2= 464 p1=1023 p2=   0 tnt1=1023 tnt2=1022 S=U X=475 Y=255 P=1365 LP= 10    0,   0
x1=1023 x2=1023 y1= 422 y2= 457 p1=1023 p2=   0 tnt1=1017 tnt2=1023 S=U X=475 Y=255 P=1365 LP= 10    0,   0
x1=1023 x2=1023 y1= 416 y2= 457 p1=1023 p2=   0 tnt1=1018 tnt2=1022 S=U X=475 Y=255 P=1365 LP= 10    0,   0
x1=1023 x2=1023 y1= 423 y2= 457 p1=1023 p2=   0 tnt1=1018 tnt2=1022 S=U X=475 Y=255 P=1365 LP= 10    0,   0
x1=1023 x2=1023 y1= 418 y2= 462 p1=1023 p2=   0 tnt1=1023 tnt2=1023 S=U X=475 Y=255 P=1365 LP= 10    0,   0
x1=1023 x2=1023 y1= 420 y2= 464 p1=1023 p2=   0 tnt1=1023 tnt2=1022 S=U X=475 Y=255 P=1365 LP= 10    0,   0
x1=1023 x2=1023 y1= 420 y2= 490 p1=1023 p2=   0 tnt1=1023 tnt2=1022 S=U X=475 Y=255 P=1365 LP= 10    0,   0
x1=1023 x2=1023 y1= 420 y2= 489 p1=1023 p2=   0 tnt1=1023 tnt2=1023 S=U X=475 Y=255 P=1365 LP= 10    0,   0
x1=1023 x2=1023 y1= 419 y2= 478 p1=1023 p2=   0 tnt1=1023 tnt2=1023 S=U X=475 Y=255 P=1365 LP= 10    0,   0
x1= 857 x2= 965 y1= 774 y2= 831 p1=1011 p2= 240 tnt1=1023 tnt2=  98 S=U X=475 Y=255 P=1365 LP= 10    0,   0
x1= 935 x2= 957 y1= 841 y2= 865 p1= 995 p2= 388 tnt1=  28 tnt2=  15 S=D X=474 Y=253 P=1479 LP= 10   -1,  -2
x1= 943 x2= 956 y1= 849 y2= 870 p1= 993 p2= 419 tnt1=  14 tnt2=  12 S=D X=476 Y=255 P=1299 LP= 10    2,   2
x1= 949 x2= 956 y1= 857 y2= 870 p1= 989 p2= 474 tnt1=  19 tnt2=  22 S=D X=477 Y=256 P=1033 LP= 10    1,   1
x1= 960 x2= 956 y1= 860 y2= 872 p1= 992 p2= 497 tnt1=  12 tnt2=  14 S=D X=481 Y=257 P= 953 LP= 10    4,   1
x1= 948 x2= 948 y1= 861 y2= 871 p1= 984 p2= 502 tnt1=  10 tnt2=  11 S=D X=475 Y=257 P= 910 LP= 10   -6,   0
x1= 956 x2= 958 y1= 861 y2= 873 p1= 982 p2= 508 tnt1=  15 tnt2=  10 S=D X=480 Y=258 P= 892 LP= 20    5,   1
x1= 955 x2= 958 y1= 862 y2= 873 p1= 986 p2= 511 tnt1=   8 tnt2=  10 S=D X=480 Y=258 P= 888 LP= 20    0,   0
x1= 955 x2= 954 y1= 862 y2= 871 p1= 991 p2= 511 tnt1=  11 tnt2=   9 S=D X=478 Y=257 P= 895 LP= 20   -2,  -1
x1= 952 x2= 956 y1= 861 y2= 871 p1= 986 p2= 513 tnt1=  14 tnt2=  11 S=D X=478 Y=257 P= 879 LP= 20    0,   0
x1= 953 x2= 956 y1= 862 y2= 873 p1= 986 p2= 515 tnt1=  12 tnt2=  16 S=D X=478 Y=258 P= 871 LP= 20    0,   1
x1= 953 x2= 958 y1= 861 y2= 871 p1= 985 p2= 516 tnt1=   9 tnt2=  12 S=D X=479 Y=257 P= 867 LP= 20    1,  -1
x1= 953 x2= 957 y1= 861 y2= 871 p1= 985 p2= 514 tnt1=   2 tnt2=  12 S=D X=479 Y=257 P= 874 LP= 20    0,   0
x1= 952 x2= 957 y1= 861 y2= 872 p1= 986 p2= 507 tnt1=  10 tnt2=  12 S=D X=478 Y=257 P= 900 LP= 20   -1,   0
x1= 947 x2= 957 y1= 853 y2= 869 p1= 991 p2= 437 tnt1=   6 tnt2=  17 S=D X=477 Y=256 P=1206 LP= 10   -1,  -1
x1=1023 x2=1020 y1= 415 y2= 451 p1=1023 p2=   0 tnt1=1017 tnt2=1023 S=U X=477 Y=256 P=1206 LP= 10    0,   0
x1=1023 x2=1023 y1= 422 y2= 457 p1=1023 p2=   0 tnt1=1023 tnt2=1022 S=U X=477 Y=256 P=1206 LP= 10    0,   0
x1=1023 x2=1023 y1= 455 y2= 498 p1=1023 p2=   0 tnt1=1023 tnt2=1023 S=U X=477 Y=256 P=1206 LP= 10    0,   0
x1=1023 x2=1023 y1= 129 y2= 182 p1=1023 p2=   0 tnt1=1018 tnt2=1023 S=U X=477 Y=256 P=1206 LP= 10    0,   0
x1=1023 x2=1023 y1= 440 y2= 512 p1=1018 p2=   0 tnt1=1018 tnt2=1022 S=U X=477 Y=256 P=1206 LP= 10    0,   0
x1=1023 x2=1023 y1= 431 y2= 460 p1=1023 p2=   0 tnt1=1018 tnt2=1023 S=U X=477 Y=256 P=1206 LP= 10    0,   0
x1=1023 x2=1023 y1= 423 y2= 486 p1=1023 p2=   0 tnt1=1023 tnt2=1023 S=U X=477 Y=256 P=1206 LP= 10    0,   0
x1=1023 x2=1023 y1= 450 y2= 479 p1=1023 p2=   0 tnt1=1023 tnt2=1023 S=U X=477 Y=256 P=1206 LP= 10    0,   0
x1=1023 x2=1023 y1= 422 y2= 466 p1=1023 p2=   0 tnt1=1023 tnt2=1022 S=U X=477 Y=256 P=1206 LP= 10    0,   0
x1=1023 x2=1023 y1= 453 y2= 514 p1=1023 p2=   0 tnt1=1018 tnt2=1023 S=U X=477 Y=256 P=1206 LP= 10    0,   0
x1=1023 x2=1023 y1= 453 y2= 497 p1=1023 p2=   0 tnt1=1018 tnt2=1023 S=U X=477 Y=256 P=1206 LP= 10    0,   0
x1=1023 x2=1023 y1= 416 y2= 454 p1=1023 p2=   0 tnt1=1018 tnt2=1023 S=U X=477 Y=256 P=1206 LP= 10    0,   0
x1=1023 x2=1023 y1= 424 y2= 455 p1=1023 p2=   0 tnt1=1018 tnt2=1023 S=U X=477 Y=256 P=1206 LP= 10    0,   0
x1=1023 x2=1023 y1= 444 y2= 473 p1=1023 p2=   0 tnt1=1023 tnt2=1023 S=U X=477 Y=256 P=1206 LP= 10    0,   0
x1=1023 x2=1023 y1= 443 y2= 468 p1=1023 p2=   0 tnt1=1017 tnt2=1012 S=U X=477 Y=256 P=1206 LP= 10    0,   0
x1= 863 x2= 955 y1= 793 y2= 836 p1=1004 p2= 272 tnt1=1018 tnt2=  66 S=U X=477 Y=256 P=1206 LP= 10    0,   0
x1= 948 x2= 954 y1= 847 y2= 866 p1= 992 p2= 416 tnt1=  17 tnt2=  20 S=D X=477 Y=254 P=1316 LP= 10    0,  -2
x1= 945 x2= 954 y1= 853 y2= 870 p1= 989 p2= 460 tnt1=  11 tnt2=  16 S=D X=476 Y=256 P=1091 LP= 10   -1,   2
x1= 948 x2= 956 y1= 862 y2= 871 p1= 987 p2= 476 tnt1=  12 tnt2=  10 S=D X=477 Y=257 P=1021 LP= 10    1,   1
x1= 945 x2= 963 y1= 864 y2= 872 p1= 992 p2= 496 tnt1=  11 tnt2=  13 S=D X=478 Y=258 P= 954 LP= 10    1,   1
x1= 951 x2= 956 y1= 866 y2= 872 p1= 985 p2= 510 tnt1=  19 tnt2=   3 S=D X=478 Y=258 P= 887 LP= 20    0,   0
x1= 949 x2= 958 y1= 860 y2= 870 p1= 986 p2= 512 tnt1=  10 tnt2=  10 S=D X=478 Y=257 P= 881 LP= 20    0,  -1
x1= 951 x2= 955 y1= 861 y2= 870 p1= 985 p2= 513 tnt1=  11 tnt2=  12 S=D X=478 Y=257 P= 876 LP= 20    0,   0
x1= 958 x2= 955 y1= 852 y2= 871 p1= 985 p2= 513 tnt1=  10 tnt2=  11 S=D X=479 Y=256 P= 879 LP= 20    1,  -1
x1= 945 x2= 964 y1= 860 y2= 870 p1= 986 p2= 512 tnt1=  10 tnt2=  19 S=D X=478 Y=257 P= 882 LP= 20   -1,   1
x1= 952 x2= 958 y1= 860 y2= 870 p1= 990 p2= 511 tnt1=  12 tnt2=  11 S=D X=479 Y=257 P= 894 LP= 20    1,   0
x1= 950 x2= 955 y1= 858 y2= 870 p1= 980 p2= 496 tnt1=  14 tnt2=  11 S=D X=477 Y=257 P= 928 LP= 10   -2,   0
x1= 374 x2= 447 y1= 478 y2= 521 p1=1023 p2=   0 tnt1= 134 tnt2=1021 S=U X=477 Y=257 P= 928 LP= 10    0,   0
x1=1023 x2=1023 y1= 453 y2= 500 p1=1023 p2=   0 tnt1=1023 tnt2=1013 S=U X=477 Y=257 P= 928 LP= 10    0,   0
x1=1023 x2=1023 y1= 442 y2= 485 p1=1023 p2=   0 tnt1=1023 tnt2=1022 S=U X=477 Y=257 P= 928 LP= 10    0,   0
x1=1023 x2=1023 y1= 421 y2= 465 p1=1023 p2=   0 tnt1=1023 tnt2=1023 S=U X=477 Y=257 P= 928 LP= 10    0,   0
x1=1023 x2=1023 y1= 420 y2= 465 p1=1023 p2=   0 tnt1=1023 tnt2=1023 S=U X=477 Y=257 P= 928 LP= 10    0,   0
x1=1023 x2=1023 y1= 421 y2= 454 p1=1023 p2=   0 tnt1=1018 tnt2=1022 S=U X=477 Y=257 P= 928 LP= 10    0,   0
x1=1023 x2=1023 y1= 418 y2= 454 p1=1023 p2=   0 tnt1=1018 tnt2=1023 S=U X=477 Y=257 P= 928 LP= 10    0,   0
x1=1023 x2=1023 y1= 421 y2= 464 p1=1023 p2=   0 tnt1=1023 tnt2=1023 S=U X=477 Y=257 P= 928 LP= 10    0,   0
x1=1023 x2=1023 y1= 409 y2= 456 p1=1023 p2=   0 tnt1=1017 tnt2=1022 S=U X=477 Y=257 P= 928 LP= 10    0,   0
x1=1023 x2=1023 y1= 418 y2= 475 p1=1023 p2=   0 tnt1=1023 tnt2=1023 S=U X=477 Y=257 P= 928 LP= 10    0,   0
x1=1023 x2=1023 y1= 414 y2= 448 p1=1023 p2=   0 tnt1=1017 tnt2=1022 S=U X=477 Y=257 P= 928 LP= 10    0,   0
x1=1023 x2=1023 y1= 416 y2= 452 p1=1023 p2=   0 tnt1=1023 tnt2=1012 S=U X=477 Y=257 P= 928 LP= 10    0,   0
x1=1023 x2=1023 y1= 420 y2= 466 p1=1023 p2=   0 tnt1=1018 tnt2=1012 S=U X=477 Y=257 P= 928 LP= 10    0,   0
x1=1023 x2=1023 y1= 418 y2= 464 p1=1023 p2=   0 tnt1=1023 tnt2=1023 S=U X=477 Y=257 P= 928 LP= 10    0,   0
x1=1023 x2=1023 y1= 419 y2= 456 p1=1023 p2=   0 tnt1=1023 tnt2=1023 S=U X=477 Y=257 P= 928 LP= 10    0,   0
x1=1023 x2=1023 y1= 421 y2= 454 p1=1023 p2=   0 tnt1=1017 tnt2=1023 S=U X=477 Y=257 P= 928 LP= 10    0,   0
x1=1023 x2=1023 y1= 423 y2= 465 p1=1023 p2=   0 tnt1=1023 tnt2=1023 S=U X=477 Y=257 P= 928 LP= 10    0,   0
x1=1023 x2=1023 y1= 420 y2= 453 p1=1006 p2= 242 tnt1=1018 tnt2=  83 S=U X=477 Y=257 P= 928 LP= 10    0,   0
x1= 934 x2= 951 y1= 847 y2= 868 p1= 994 p2= 412 tnt1=  26 tnt2=  22 S=D X=472 Y=254 P=1330 LP= 10   -5,  -3
x1= 941 x2= 957 y1= 858 y2= 870 p1= 988 p2= 478 tnt1=  21 tnt2=   7 S=D X=476 Y=257 P=1011 LP= 10    4,   3
x1= 943 x2= 958 y1= 860 y2= 873 p1= 987 p2= 492 tnt1=  10 tnt2=  10 S=D X=476 Y=257 P= 955 LP= 10    0,   0
x1= 957 x2= 967 y1= 861 y2= 873 p1= 987 p2= 501 tnt1=  12 tnt2=  14 S=D X=483 Y=258 P= 933 LP= 10    7,   1
x1= 961 x2= 957 y1= 861 y2= 873 p1= 987 p2= 506 tnt1=  12 tnt2=  14 S=D X=481 Y=258 P= 911 LP= 10   -2,   0
x1= 948 x2= 958 y1= 861 y2= 871 p1= 987 p2= 509 tnt1=  10 tnt2=  10 S=D X=478 Y=257 P= 894 LP= 20   -3,  -1
x1= 953 x2= 957 y1= 860 y2= 871 p1= 987 p2= 507 tnt1=  10 tnt2=  11 S=D X=479 Y=257 P= 903 LP= 10    1,   0
x1= 948 x2= 958 y1= 861 y2= 873 p1= 986 p2= 508 tnt1=  11 tnt2=  11 S=D X=478 Y=258 P= 895 LP= 20   -1,   1
x1= 953 x2= 966 y1= 861 y2= 871 p1= 986 p2= 509 tnt1=  11 tnt2=  12 S=D X=481 Y=257 P= 898 LP= 20    3,  -1
x1= 956 x2= 964 y1= 872 y2= 874 p1= 992 p2= 506 tnt1=  11 tnt2=  13 S=D X=482 Y=260 P= 921 LP= 10    1,   3
x1= 960 x2= 957 y1= 860 y2= 872 p1= 987 p2= 493 tnt1=  12 tnt2=  15 S=D X=481 Y=257 P= 959 LP= 10   -1,  -3
x1= 936 x2= 947 y1= 842 y2= 866 p1= 989 p2= 408 tnt1=  14 tnt2=  19 S=D X=471 Y=253 P=1339 LP= 10  -10,  -4
x1=1023 x2=1023 y1= 420 y2= 463 p1=1023 p2=   0 tnt1=1018 tnt2=1016 S=U X=471 Y=253 P=1339 LP= 10    0,   0
x1=1023 x2=1023 y1= 417 y2= 461 p1=1023 p2=   0 tnt1=1023 tnt2=1023 S=U X=471 Y=253 P=1339 LP= 10    0,   0
x1=1023 x2=1023 y1= 420 y2= 461 p1=1023 p2=   0 tnt1=1023 tnt2=1023 S=U X=471 Y=253 P=1339 LP= 10    0,   0
x1=1023 x2=1023 y1= 417 y2= 459 p1=1023 p2=   0 tnt1=1018 tnt2=1014 S=U X=471 Y=253 P=1339 LP= 10    0,   0
x1=1023 x2=1023 y1= 414 y2= 451 p1=1023 p2=   0 tnt1=1023 tnt2=1023 S=U X=471 Y=253 P=1339 LP= 10    0,   0
x1=1023 x2=1023 y1= 421 y2= 454 p1=1023 p2=   0 tnt1=1023 tnt2=1023 S=U X=471 Y=253 P=1339 LP= 10    0,   0
x1=1023 x2=1023 y1= 415 y2= 460 p1=1023 p2=   0 tnt1=1023 tnt2=1023 S=U X=471 Y=253 P=1339 LP= 10    0,   0
x1=1023 x2=1023 y1= 419 y2= 463 p1=1023 p2=   0 tnt1=1023 tnt2=1023 S=U X=471 Y=253 P=1339 LP= 10    0,   0
x1=1023 x2=1023 y1= 419 y2= 462 p1=1023 p2=   0 tnt1=1023 tnt2=1022 S=U X=471 Y=253 P=1339 LP= 10    0,   0
x1=1023 x2=1023 y1= 423 y2= 464 p1=1023 p2=   0 tnt1=1023 tnt2=1022 S=U X=471 Y=253 P=1339 LP= 10    0,   0
x1=1023 x2=1023 y1= 421 y2= 455 p1=1023 p2=   0 tnt1=1017 tnt2=1023 S=U X=471 Y=253 P=1339 LP= 10    0,   0
x1=1023 x2=1023 y1= 418 y2= 462 p1=1023 p2=   0 tnt1=1017 tnt2=1023 S=U X=471 Y=253 P=1339 LP= 10    0,   0
x1=1023 x2=1023 y1= 415 y2= 453 p1=1023 p2=   0 tnt1=1023 tnt2=1023 S=U X=471 Y=253 P=1339 LP= 10    0,   0
x1=1023 x2=1023 y1= 416 y2= 458 p1=1023 p2=   0 tnt1=1018 tnt2=1012 S=U X=471 Y=253 P=1339 LP= 10    0,   0
x1=1023 x2=1023 y1= 421 y2= 454 p1=1023 p2=   0 tnt1=1018 tnt2=1023 S=U X=471 Y=253 P=1339 LP= 10    0,   0
x1=1023 x2=1023 y1= 413 y2= 449 p1=1023 p2=   0 tnt1=1019 tnt2=1022 S=U X=471 Y=253 P=1339 LP= 10    0,   0
x1=1023 x2=1023 y1= 416 y2= 457 p1=1023 p2=   0 tnt1=1017 tnt2=1023 S=U X=471 Y=253 P=1339 LP= 10    0,   0
x1=1023 x2=1023 y1= 420 y2= 461 p1=1023 p2=   0 tnt1=1023 tnt2=1012 S=U X=471 Y=253 P=1339 LP= 10    0,   0
x1=1023 x2=1023 y1= 420 y2= 452 p1=1023 p2=   0 tnt1=1018 tnt2=1022 S=U X=471 Y=253 P=1339 LP= 10    0,   0
x1=1023 x2=1023 y1= 420 y2= 463 p1=1023 p2=   0 tnt1=1022 tnt2=1022 S=U X=471 Y=253 P=1339 LP= 10    0,   0
x1= 931 x2= 955 y1= 838 y2= 866 p1= 995 p2= 384 tnt1=  22 tnt2=  26 S=D X=472 Y=253 P=1500 LP= 10    1,   0
x1= 948 x2= 957 y1= 853 y2= 869 p1= 991 p2= 448 tnt1=  17 tnt2=  22 S=D X=477 Y=256 P=1153 LP= 10    5,   3
x1= 949 x2= 947 y1= 860 y2= 875 p1= 988 p2= 478 tnt1=  13 tnt2=  10 S=D X=475 Y=258 P=1010 LP= 10   -2,   2
x1= 956 x2= 963 y1= 860 y2= 872 p1= 989 p2= 493 tnt1=  15 tnt2=  14 S=D X=481 Y=257 P= 964 LP= 10    6,  -1
x1= 953 x2= 957 y1= 862 y2= 872 p1= 987 p2= 502 tnt1=  11 tnt2=  12 S=D X=479 Y=258 P= 922 LP= 10   -2,   1
x1= 962 x2= 958 y1= 863 y2= 873 p1= 986 p2= 512 tnt1=   2 tnt2=  14 S=D X=482 Y=258 P= 888 LP= 20    3,   0
x1= 953 x2= 955 y1= 862 y2= 873 p1= 985 p2= 516 tnt1=  10 tnt2=  10 S=D X=478 Y=258 P= 866 LP= 30   -4,   0
x1= 964 x2= 959 y1= 862 y2= 873 p1= 986 p2= 513 tnt1=   2 tnt2=  16 S=D X=482 Y=258 P= 886 LP= 20    4,   0
x1= 954 x2= 956 y1= 861 y2= 873 p1= 986 p2= 513 tnt1=  11 tnt2=  11 S=D X=479 Y=258 P= 880 LP= 20   -3,   0
x1= 956 x2= 959 y1= 863 y2= 872 p1= 986 p2= 513 tnt1=   2 tnt2=  11 S=D X=480 Y=258 P= 882 LP= 20    1,   0
x1= 954 x2= 958 y1= 861 y2= 874 p1= 985 p2= 511 tnt1=  13 tnt2=  12 S=D X=480 Y=258 P= 886 LP= 20    0,   0
x1= 951 x2= 950 y1= 861 y2= 872 p1= 986 p2= 496 tnt1=  13 tnt2=  13 S=D X=476 Y=257 P= 937 LP= 10   -4,  -1
x1= 951 x2= 961 y1= 854 y2= 870 p1= 991 p2= 448 tnt1=  13 tnt2=  16 S=D X=480 Y=256 P=1158 LP= 10    4,  -1
x1= 937 x2= 957 y1= 423 y2= 456 p1=1023 p2=   0 tnt1= 334 tnt2=1012 S=U X=480 Y=256 P=1158 LP= 10    0,   0
x1=1023 x2=1023 y1= 421 y2= 464 p1=1023 p2=   0 tnt1=1018 tnt2=1018 S=U X=480 Y=256 P=1158 LP= 10    0,   0
x1=1023 x2=1023 y1= 419 y2= 455 p1=1023 p2=   0 tnt1=1023 tnt2=1023 S=U X=480 Y=256 P=1158 LP= 10    0,   0
x1=1023 x2=1023 y1= 415 y2= 461 p1=1023 p2=   0 tnt1=1023 tnt2=1012 S=U X=480 Y=256 P=1158 LP= 10    0,   0
x1=1023 x2=1023 y1= 421 y2= 455 p1=1019 p2=   0 tnt1=1023 tnt2=1022 S=U X=480 Y=256 P=1158 LP= 10    0,   0
x1=1023 x2=1023 y1= 412 y2= 446 p1=1023 p2=   0 tnt1=1023 tnt2=1023 S=U X=480 Y=256 P=1158 LP= 10    0,   0
x1=1023 x2=1023 y1= 422 y2= 453 p1=1023 p2=   0 tnt1=1017 tnt2=1023 S=U X=480 Y=256 P=1158 LP= 10    0,   0
x1=1023 x2=1023 y1= 422 y2= 565 p1=1023 p2=   0 tnt1=1023 tnt2=1023 S=U X=480 Y=256 P=1158 LP= 10    0,   0
x1=1023 x2=1023 y1= 421 y2= 457 p1=1023 p2=   0 tnt1=1020 tnt2=1023 S=U X=480 Y=256 P=1158 LP= 10    0,   0
x1=1023 x2=1023 y1= 416 y2= 450 p1=1023 p2=   0 tnt1=1023 tnt2=1023 S=U X=480 Y=256 P=1158 LP= 10    0,   0
x1=1023 x2=1023 y1= 418 y2= 465 p1=1023 p2=   0 tnt1=1018 tnt2=1023 S=U X=480 Y=256 P=1158 LP= 10    0,   0
x1=1023 x2=1023 y1= 416 y2= 458 p1=1023 p2=   0 tnt1=1020 tnt2=1023 S=U X=480 Y=256 P=1158 LP= 10    0,   0
x1=1023 x2=1023 y1= 421 y2= 465 p1=1023 p2=   0 tnt1=1017 tnt2=1018 S=U X=480 Y=256 P=1158 LP= 10    0,   0
x1=1023 x2=1023 y1= 416 y2= 450 p1=1023 p2=   0 tnt1=1018 tnt2=1023 S=U X=480 Y=256 P=1158 LP= 10    0,   0
x1=1023 x2=1023 y1= 415 y2= 448 p1=1023 p2=   0 tnt1=1023 tnt2=1023 S=U X=480 Y=256 P=1158 LP= 10    0,   0
x1=1023 x2=1023 y1= 421 y2= 457 p1=1023 p2=   0 tnt1=1023 tnt2=1023 S=U X=480 Y=256 P=1158 LP= 10    0,   0
x1=1023 x2=1023 y1= 420 y2= 463 p1=1023 p2=   0 tnt1=1018 tnt2=1012 S=U X=480 Y=256 P=1158 LP= 10    0,   0
x1=1023 x2=1023 y1= 422 y2= 458 p1=1023 p2=   0 tnt1=1018 tnt2=1023 S=U X=480 Y=256 P=1158 LP= 10    0,   0
x1=1023 x2=1023 y1= 422 y2= 485 p1=1023 p2=   0 tnt1=1018 tnt2=1023 S=U X=480 Y=256 P=1158 LP= 10    0,   0
x1=1023 x2=1023 y1= 420 y2= 454 p1=1023 p2=   0 tnt1=1023 tnt2=1012 S=U X=480 Y=256 P=1158 LP= 10    0,   0
x1=1023 x2=1023 y1= 418 y2= 462 p1=1023 p2=   0 tnt1=1023 tnt2=1023 S=U X=480 Y=256 P=1158 LP= 10    0,   0
x1=1023 x2=1023 y1= 421 y2= 469 p1=1023 p2=   0 tnt1=1023 tnt2=1023 S=U X=480 Y=256 P=1158 LP= 10    0,   0
x1=1023 x2=1023 y1= 415 y2= 452 p1=1023 p2=   0 tnt1=1023 tnt2=1023 S=U X=480 Y=256 P=1158 LP= 10    0,   0
x1=1023 x2=1023 y1= 419 y2= 454 p1=1023 p2=   0 tnt1=1016 tnt2=1022 S=U X=480 Y=256 P=1158 LP= 10    0,   0
x1=1023 x2=1023 y1= 421 y2= 455 p1=1023 p2=   0 tnt1=1023 tnt2=1023 S=U X=480 Y=256 P=1158 LP= 10    0,   0
x1= 942 x2= 957 y1= 838 y2= 865 p1= 996 p2= 383 tnt1=  17 tnt2=  32 S=D X=476 Y=252 P=1518 LP= 10   -4,  -4
x1= 947 x2= 961 y1= 851 y2= 871 p1= 993 p2= 420 tnt1=  14 tnt2=  20 S=D X=478 Y=256 P=1301 LP= 10    2,   4
x1= 958 x2= 958 y1= 856 y2= 871 p1= 990 p2= 450 tnt1=   4 tnt2=  20 S=D X=481 Y=256 P=1149 LP= 10    3,   0
x1= 955 x2= 963 y1= 860 y2= 871 p1= 988 p2= 487 tnt1=  10 tnt2=  14 S=D X=481 Y=257 P= 985 LP= 10    0,   1
x1= 954 x2= 960 y1= 861 y2= 873 p1= 987 p2= 501 tnt1=  11 tnt2=  21 S=D X=480 Y=258 P= 928 LP= 10   -1,   1
x1= 955 x2= 959 y1= 862 y2= 872 p1= 987 p2= 504 tnt1=   9 tnt2=  12 S=D X=480 Y=258 P= 916 LP= 10    0,   0
x1= 953 x2= 967 y1= 861 y2= 872 p1= 988 p2= 504 tnt1=  11 tnt2=  11 S=D X=482 Y=257 P= 921 LP= 10    2,  -1
x1= 961 x2= 960 y1= 862 y2= 872 p1= 986 p2= 506 tnt1=  13 tnt2=   2 S=D X=482 Y=258 P= 910 LP= 10    0,   1
x1= 961 x2= 960 y1= 861 y2= 871 p1= 987 p2= 505 tnt1=   7 tnt2=  14 S=D X=482 Y=257 P= 915 LP= 10    0,  -1
x1= 957 x2= 964 y1= 862 y2= 873 p1= 986 p2= 506 tnt1=   9 tnt2=  12 S=D X=482 Y=258 P= 910 LP= 10    0,   1
x1= 955 x2= 960 y1= 861 y2= 872 p1= 987 p2= 508 tnt1=  11 tnt2=  17 S=D X=480 Y=257 P= 901 LP= 10   -2,  -1
x1= 957 x2= 963 y1= 862 y2= 873 p1= 987 p2= 506 tnt1=   8 tnt2=  12 S=D X=482 Y=258 P= 912 LP= 10    2,   1
x1= 955 x2= 959 y1= 861 y2= 872 p1= 986 p2= 505 tnt1=  11 tnt2=  11 S=D X=480 Y=257 P= 911 LP= 10   -2,  -1
x1= 954 x2= 959 y1= 861 y2= 872 p1= 986 p2= 502 tnt1=   6 tnt2=  12 S=D X=480 Y=257 P= 921 LP= 10    0,   0
