x1=1023 x2=1023 y1= 306 y2= 334 p1=1023 p2=   0 tnt1=1014 tnt2=1016 S=U X=246 Y=199 P=1854 LP= 10    0,   0
x1=1023 x2=1023 y1= 309 y2= 336 p1=1023 p2=   0 tnt1=1015 tnt2=1023 S=U X=246 Y=199 P=1854 LP= 10    0,   0
x1=1023 x2=1023 y1= 313 y2= 341 p1=1023 p2=   0 tnt1=1015 tnt2=1023 S=U X=246 Y=199 P=1854 LP= 10    0,   0
x1=1023 x2=1023 y1= 310 y2= 337 p1=1023 p2=   0 tnt1=1014 tnt2=1014 S=U X=246 Y=199 P=1854 LP= 10    0,   0
x1=1023 x2=1023 y1= 303 y2= 334 p1=1015 p2=   0 tnt1=1016 tnt2=1021 S=U X=246 Y=199 P=1854 LP= 10    0,   0
x1=1023 x2=1023 y1= 316 y2= 342 p1=1023 p2=   0 tnt1=1023 tnt2=1023 S=U X=246 Y=199 P=1854 LP= 10    0,   0
x1=1023 x2=1023 y1= 309 y2= 333 p1=1023 p2=   0 tnt1=1016 tnt2=1023 S=U X=246 Y=199 P=1854 LP= 10    0,   0
x1=1023 x2=1023 y1= 327 y2= 395 p1=1023 p2=   0 tnt1=1015 tnt2=1020 S=U X=246 Y=199 P=1854 LP= 10    0,   0
x1=1023 x2=1023 y1= 320 y2= 347 p1=1023 p2=   0 tnt1=1023 tnt2=1023 S=U X=246 Y=199 P=1854 LP= 10    0,   0
x1=1023 x2=1023 y1= 310 y2= 345 p1=1023 p2=   0 tnt1=1023 tnt2=1020 S=U X=246 Y=199 P=1854 LP= 10    0,   0
x1=1023 x2=1023 y1= 406 y2= 920 p1=1023 p2=   0 tnt1=1023 tnt2=1023 S=U X=246 Y=199 P=1854 LP= 10    0,   0
x1=1023 x2=1023 y1= 313 y2= 349 p1=1023 p2=   0 tnt1=1023 tnt2=1020 S=U X=246 Y=199 P=1854 LP= 10    0,   0
x1=1023 x2=1023 y1= 322 y2= 359 p1=1023 p2=   0 tnt1=1023 tnt2=1022 S=U X=246 Y=199 P=1854 LP= 10    0,   0
x1=1023 x2=1023 y1= 301 y2= 342 p1=1023 p2=   0 tnt1=1016 tnt2=1021 S=U X=246 Y=199 P=1854 LP= 10    0,   0
x1=1023 x2=1023 y1= 303 y2= 342 p1=1023 p2=   0 tnt1=1023 tnt2=1023 S=U X=246 Y=199 P=1854 LP= 10    0,   0
x1=1023 x2=1023 y1= 323 y2= 368 p1=1023 p2=   0 tnt1=1023 tnt2=1023 S=U X=246 Y=199 P=1854 LP= 10    0,   0
x1=1023 x2=1023 y1= 296 y2= 348 p1=1023 p2=   0 tnt1=1016 tnt2=1023 S=U X=246 Y=199 P=1854 LP= 10    0,   0
x1=1023 x2=1023 y1= 306 y2= 348 p1=1023 p2=   0 tnt1=1023 tnt2=1023 S=U X=246 Y=199 P=1854 LP= 10    0,   0
x1=1023 x2=1023 y1= 316 y2= 355 p1=1023 p2=   0 tnt1=1015 tnt2=1023 S=U X=246 Y=199 P=1854 LP= 10    0,   0
x1=1023 x2=1023 y1= 311 y2= 353 p1=1023 p2=   0 tnt1=1023 tnt2=1018 S=U X=246 Y=199 P=1854 LP= 10    0,   0
x1=1023 x2=1023 y1= 310 y2= 343 p1=1023 p2=   0 tnt1=1016 tnt2= 100 S=U X=246 Y=199 P=1854 LP= 10    0,   0
x1= 367 x2= 365 y1= 358 y2= 369 p1= 888 p2= 141 tnt1=  53 tnt2=  48 S=V X=246 Y=199 P=1854 LP= 10    0,   0
x1= 365 x2= 359 y1= 354 y2= 366 p1= 873 p2= 153 tnt1=  43 tnt2=  49 S=D X=243 Y=200 P=1703 LP= 10   -3,   1
x1= 366 x2= 357 y1= 356 y2= 364 p1= 871 p2= 157 tnt1=  25 tnt2=  49 S=^ X=243 Y=200 P=1703 LP= 10    0,   0
x1= 364 x2= 362 y1= 356 y2= 363 p1= 847 p2= 182 tnt1=  29 tnt2=  37 S=D X=243 Y=200 P=1326 LP= 10    0,   0
x1= 369 x2= 355 y1= 356 y2= 361 p1= 841 p2= 187 tnt1=  19 tnt2=  37 S=D X=243 Y=201 P=1265 LP= 10    0,   1
x1= 356 x2= 357 y1= 353 y2= 358 p1= 820 p2= 209 tnt1=  22 tnt2=  31 S=D X=247 Y=202 P=1040 LP= 50    4,   1
x1= 364 x2= 352 y1= 353 y2= 356 p1= 810 p2= 216 tnt1=  25 tnt2=  22 S=D X=246 Y=203 P= 984 LP= 50   -1,   1
x1= 352 x2= 361 y1= 352 y2= 356 p1= 808 p2= 222 tnt1=  23 tnt2=  12 S=D X=247 Y=203 P= 939 LP= 50    1,   0
x1= 355 x2= 354 y1= 352 y2= 355 p1= 802 p2= 226 tnt1=  14 tnt2=  29 S=D X=248 Y=203 P= 901 LP= 50    1,   0
x1= 357 x2= 344 y1= 351 y2= 354 p1= 799 p2= 229 tnt1=  18 tnt2=  27 S=D X=250 Y=204 P= 871 LP= 50    2,   1
x1= 363 x2= 356 y1= 352 y2= 355 p1= 790 p2= 232 tnt1=  21 tnt2=  33 S=D X=245 Y=203 P= 863 LP= 50   -5,  -1
x1= 358 x2= 354 y1= 351 y2= 355 p1= 796 p2= 233 tnt1=  17 tnt2=  23 S=D X=247 Y=203 P= 860 LP= 50    2,   0
x1= 361 x2= 355 y1= 351 y2= 354 p1= 793 p2= 236 tnt1=  21 tnt2=  24 S=D X=246 Y=204 P= 844 LP= 60   -1,   1
x1= 347 x2= 365 y1= 351 y2= 353 p1= 788 p2= 240 tnt1=  18 tnt2=  21 S=D X=247 Y=204 P= 812 LP= 70    1,   0
x1= 354 x2= 351 y1= 352 y2= 353 p1= 783 p2= 245 tnt1=   7 tnt2=  19 S=D X=249 Y=204 P= 772 LP= 90    2,   0
x1= 349 x2= 364 y1= 354 y2= 355 p1= 781 p2= 248 tnt1=  19 tnt2=  28 S=D X=247 Y=203 P= 765 LP= 90   -2,  -1
x1= 352 x2= 354 y1= 353 y2= 353 p1= 781 p2= 247 tnt1=  24 tnt2=  16 S=D X=248 Y=203 P= 762 LP= 90    1,   0
x1= 358 x2= 344 y1= 352 y2= 352 p1= 773 p2= 250 tnt1=  20 tnt2=  19 S=D X=249 Y=204 P= 734 LP= 90    1,   1
x1= 349 x2= 355 y1= 352 y2= 353 p1= 780 p2= 249 tnt1=  23 tnt2=  17 S=D X=249 Y=204 P= 750 LP= 90    0,   0
x1= 359 x2= 343 y1= 351 y2= 352 p1= 775 p2= 250 tnt1=  19 tnt2=  30 S=D X=249 Y=204 P= 737 LP= 90    0,   0
x1= 350 x2= 355 y1= 352 y2= 352 p1= 779 p2= 250 tnt1=  22 tnt2=  18 S=D X=249 Y=204 P= 744 LP= 90    0,   0
x1= 348 x2= 361 y1= 350 y2= 353 p1= 778 p2= 252 tnt1=  18 tnt2=  20 S=D X=248 Y=204 P= 738 LP= 90   -1,   0
x1= 353 x2= 351 y1= 351 y2= 352 p1= 776 p2= 253 tnt1=  18 tnt2=  29 S=D X=249 Y=204 P= 727 LP= 90    1,   0
x1= 353 x2= 351 y1= 351 y2= 352 p1= 773 p2= 257 tnt1=  12 tnt2=  28 S=D X=249 Y=204 P= 706 LP= 90    0,   0
x1= 351 x2= 353 y1= 351 y2= 352 p1= 771 p2= 257 tnt1=  21 tnt2=  16 S=D X=249 Y=204 P= 704 LP= 90    0,   0
x1= 359 x2= 341 y1= 350 y2= 352 p1= 770 p2= 259 tnt1=  19 tnt2=  17 S=D X=250 Y=204 P= 690 LP= 90    1,   0
x1= 349 x2= 358 y1= 351 y2= 353 p1= 774 p2= 261 tnt1=  16 tnt2=   9 S=D X=248 Y=204 P= 693 LP= 90   -2,   0
x1= 349 x2= 361 y1= 350 y2= 352 p1= 768 p2= 262 tnt1=  19 tnt2=  14 S=D X=247 Y=204 P= 685 LP= 90   -1,   0
x1= 353 x2= 345 y1= 351 y2= 351 p1= 768 p2= 262 tnt1=  15 tnt2=  21 S=D X=250 Y=204 P= 673 LP= 90    3,   0
x1= 348 x2= 358 y1= 350 y2= 353 p1= 773 p2= 263 tnt1=  17 tnt2=  18 S=D X=248 Y=204 P= 684 LP= 90   -2,   0
x1= 355 x2= 347 y1= 351 y2= 352 p1= 765 p2= 261 tnt1=  17 tnt2=  17 S=D X=249 Y=204 P= 677 LP= 90    1,   0
x1= 354 x2= 349 y1= 349 y2= 351 p1= 767 p2= 262 tnt1=  17 tnt2=  27 S=D X=249 Y=205 P= 676 LP= 90    0,   1
x1= 349 x2= 358 y1= 351 y2= 352 p1= 773 p2= 262 tnt1=  23 tnt2=  18 S=D X=248 Y=204 P= 688 LP= 90   -1,  -1
x1= 349 x2= 357 y1= 351 y2= 353 p1= 771 p2= 262 tnt1=  17 tnt2=  18 S=D X=248 Y=204 P= 685 LP= 90    0,   0
x1= 351 x2= 353 y1= 352 y2= 352 p1= 768 p2= 262 tnt1=  10 tnt2=  15 S=D X=249 Y=204 P= 679 LP= 90    1,   0
x1= 352 x2= 352 y1= 349 y2= 352 p1= 767 p2= 262 tnt1=  18 tnt2=  18 S=D X=249 Y=205 P= 678 LP= 90    0,   1
x1= 359 x2= 347 y1= 351 y2= 351 p1= 767 p2= 262 tnt1=   8 tnt2=  21 S=D X=248 Y=204 P= 680 LP= 90   -1,  -1
x1= 352 x2= 352 y1= 349 y2= 352 p1= 766 p2= 263 tnt1=  14 tnt2=  19 S=D X=249 Y=205 P= 673 LP= 90    1,   1
x1= 354 x2= 349 y1= 350 y2= 353 p1= 778 p2= 251 tnt1=   6 tnt2=  26 S=D X=249 Y=204 P= 736 LP= 90    0,  -1
x1= 353 x2= 351 y1= 350 y2= 352 p1= 775 p2= 254 tnt1=   9 tnt2=  23 S=D X=249 Y=204 P= 721 LP= 90    0,   0
x1= 351 x2= 356 y1= 352 y2= 354 p1= 785 p2= 245 tnt1=  20 tnt2=   8 S=D X=248 Y=203 P= 778 LP= 80   -1,  -1
x1= 351 x2= 355 y1= 353 y2= 354 p1= 783 p2= 246 tnt1=  26 tnt2=  15 S=D X=248 Y=203 P= 770 LP= 90    0,   0
x1= 343 x2= 360 y1= 350 y2= 353 p1= 784 p2= 245 tnt1=  17 tnt2=  21 S=D X=249 Y=204 P= 772 LP= 90    1,   1
x1= 350 x2= 356 y1= 352 y2= 355 p1= 785 p2= 244 tnt1=  18 tnt2=  11 S=D X=248 Y=203 P= 782 LP= 80   -1,  -1
x1= 351 x2= 355 y1= 353 y2= 354 p1= 784 p2= 244 tnt1=  17 tnt2=  19 S=D X=248 Y=203 P= 781 LP= 80    0,   0
x1= 353 x2= 352 y1= 351 y2= 353 p1= 785 p2= 245 tnt1=  17 tnt2=  21 S=D X=249 Y=204 P= 775 LP= 90    1,   1
x1= 352 x2= 354 y1= 351 y2= 353 p1= 782 p2= 248 tnt1=   8 tnt2=  18 S=D X=248 Y=204 P= 760 LP= 90   -1,   0
x1= 352 x2= 352 y1= 351 y2= 353 p1= 782 p2= 249 tnt1=  15 tnt2=  23 S=D X=249 Y=204 P= 753 LP= 90    1,   0
x1= 363 x2= 353 y1= 351 y2= 353 p1= 783 p2= 246 tnt1=  21 tnt2=  18 S=D X=246 Y=204 P= 781 LP= 80   -3,   0
x1= 357 x2= 363 y1= 350 y2= 353 p1= 784 p2= 244 tnt1=  20 tnt2=  18 S=D X=244 Y=204 P= 796 LP= 80   -2,   0
x1= 353 x2= 354 y1= 351 y2= 353 p1= 783 p2= 244 tnt1=  19 tnt2=  31 S=D X=248 Y=204 P= 779 LP= 80    4,   0
x1= 350 x2= 357 y1= 351 y2= 354 p1= 785 p2= 244 tnt1=  15 tnt2=  16 S=D X=248 Y=204 P= 782 LP= 80    0,   0
x1= 355 x2= 349 y1= 351 y2= 354 p1= 797 p2= 233 tnt1=  19 tnt2=  23 S=D X=249 Y=204 P= 851 LP= 50    1,   0
x1= 355 x2= 354 y1= 352 y2= 356 p1= 800 p2= 229 tnt1=  26 tnt2=  18 S=D X=248 Y=203 P= 882 LP= 50   -1,  -1
x1= 365 x2= 346 y1= 353 y2= 355 p1= 803 p2= 226 tnt1=  20 tnt2=  23 S=D X=247 Y=203 P= 906 LP= 50   -1,   0
x1= 361 x2= 351 y1= 351 y2= 357 p1= 816 p2= 213 tnt1=  35 tnt2=  26 S=D X=247 Y=203 P=1007 LP= 50    0,   0
x1= 353 x2= 348 y1= 353 y2= 357 p1= 821 p2= 204 tnt1=  18 tnt2=  38 S=D X=250 Y=202 P=1058 LP= 50    3,  -1
x1= 348 x2= 367 y1= 357 y2= 365 p1= 855 p2= 173 tnt1=  22 tnt2=  42 S=D X=246 Y=199 P=1407 LP= 10   -4,  -3
x1= 345 x2= 386 y1= 355 y2= 370 p1= 882 p2= 170 tnt1=  38 tnt2=  47 S=D X=242 Y=199 P=1528 LP= 10   -4,   0
x1=1023 x2=1023 y1= 307 y2= 340 p1=1023 p2=   0 tnt1=1023 tnt2=1020 S=U X=242 Y=199 P=1528 LP= 10    0,   0
x1=1023 x2=1023 y1= 316 y2= 351 p1=1023 p2=   0 tnt1=1016 tnt2=1020 S=U X=242 Y=199 P=1528 LP= 10    0,   0
x1=1023 x2=1023 y1= 295 y2= 342 p1=1023 p2=   0 tnt1=1023 tnt2=1021 S=U X=242 Y=199 P=1528 LP= 10    0,   0
x1=1023 x2=1023 y1= 295 y2= 337 p1=1023 p2=   0 tnt1=1014 tnt2=1023 S=U X=242 Y=199 P=1528 LP= 10    0,   0
x1=1023 x2=1023 y1= 307 y2= 349 p1=1023 p2=   0 tnt1=1023 tnt2=1020 S=U X=242 Y=199 P=1528 LP= 10    0,   0
x1=1023 x2=1023 y1= 334 y2= 386 p1=1023 p2=   0 tnt1=1016 tnt2=1023 S=U X=242 Y=199 P=1528 LP= 10    0,   0
x1=1023 x2=1023 y1= 304 y2= 336 p1=1023 p2=   0 tnt1=1015 tnt2=1023 S=U X=242 Y=199 P=1528 LP= 10    0,   0
x1=1023 x2=1023 y1= 314 y2= 353 p1=1023 p2=   0 tnt1=1023 tnt2=1023 S=U X=242 Y=199 P=1528 LP= 10    0,   0
x1=1023 x2=1023 y1= 310 y2= 343 p1=1023 p2=   0 tnt1=1016 tnt2=1023 S=U X=242 Y=199 P=1528 LP= 10    0,   0
x1=1023 x2=1023 y1= 317 y2= 357 p1=1023 p2=   0 tnt1=1023 tnt2=1023 S=U X=242 Y=199 P=1528 LP= 10    0,   0
x1=1023 x2=1023 y1= 296 y2= 434 p1=1023 p2=   0 tnt1=1015 tnt2=1020 S=U X=242 Y=199 P=1528 LP= 10    0,   0
x1=1023 x2=1023 y1= 307 y2= 341 p1=1023 p2=   0 tnt1=1016 tnt2=1011 S=U X=242 Y=199 P=1528 LP= 10    0,   0
x1=1023 x2=1023 y1= 302 y2= 350 p1=1023 p2=   0 tnt1=1015 tnt2=1023 S=U X=242 Y=199 P=1528 LP= 10    0,   0
x1=1023 x2=1023 y1= 300 y2= 344 p1=1023 p2=   0 tnt1=1023 tnt2=1023 S=U X=242 Y=199 P=1528 LP= 10    0,   0
x1=1023 x2=1023 y1= 305 y2= 355 p1=1014 p2=   0 tnt1=1015 tnt2=1023 S=U X=242 Y=199 P=1528 LP= 10    0,   0
x1=1023 x2=1023 y1= 308 y2= 340 p1=1023 p2=   0 tnt1=1023 tnt2=1023 S=U X=242 Y=199 P=1528 LP= 10    0,   0
x1=1023 x2=1023 y1= 309 y2= 346 p1=1023 p2=   0 tnt1=1015 tnt2=1023 S=U X=242 Y=199 P=1528 LP= 10    0,   0
x1=1023 x2=1023 y1= 288 y2= 326 p1=1023 p2=   0 tnt1=1023 tnt2=1023 S=U X=242 Y=199 P=1528 LP= 10    0,   0
x1=1023 x2=1023 y1= 289 y2= 328 p1=1023 p2=   0 tnt1=1014 tnt2=1023 S=U X=242 Y=199 P=1528 LP= 10    0,   0
x1=1023 x2=1023 y1= 289 y2= 370 p1=1015 p2=   0 tnt1=1023 tnt2=1023 S=U X=242 Y=199 P=1528 LP= 10    0,   0
x1=1023 x2=1023 y1= 294 y2= 393 p1=1023 p2=   0 tnt1=1015 tnt2=1023 S=U X=242 Y=199 P=1528 LP= 10    0,   0
x1=1023 x2=1023 y1= 292 y2= 342 p1=1023 p2=   0 tnt1=1016 tnt2=1009 S=U X=242 Y=199 P=1528 LP= 10    0,   0
x1=1023 x2=1023 y1= 318 y2= 351 p1=1023 p2=   0 tnt1=1015 tnt2=1017 S=U X=242 Y=199 P=1528 LP= 10    0,   0
x1=1023 x2=1023 y1= 310 y2= 348 p1=1023 p2=   0 tnt1=1014 tnt2=1023 S=U X=242 Y=199 P=1528 LP= 10    0,   0
x1=1023 x2=1023 y1= 318 y2= 351 p1=1023 p2=   0 tnt1=1015 tnt2=1019 S=U X=242 Y=199 P=1528 LP= 10    0,   0
x1=1023 x2=1023 y1= 293 y2= 344 p1=1023 p2=   0 tnt1=1015 tnt2=1023 S=U X=242 Y=199 P=1528 LP= 10    0,   0
x1=1023 x2=1023 y1= 316 y2= 354 p1=1023 p2=   0 tnt1=1015 tnt2=1010 S=U X=242 Y=199 P=1528 LP= 10    0,   0
x1=1023 x2=1023 y1= 311 y2= 350 p1=1023 p2=   0 tnt1=1015 tnt2=1023 S=U X=242 Y=199 P=1528 LP= 10    0,   0
x1=1023 x2=1023 y1= 291 y2= 333 p1=1023 p2=   0 tnt1=1016 tnt2=1020 S=U X=242 Y=199 P=1528 LP= 10    0,   0
x1=1023 x2=1023 y1= 289 y2= 366 p1=1023 p2=   0 tnt1=1023 tnt2=1019 S=U X=242 Y=199 P=1528 LP= 10    0,   0
x1=1023 x2=1023 y1= 287 y2= 356 p1=1023 p2=   0 tnt1=1018 tnt2=1023 S=U X=242 Y=199 P=1528 LP= 10    0,   0
x1=1023 x2=1023 y1= 288 y2= 328 p1=1023 p2=   0 tnt1=1023 tnt2=1021 S=U X=242 Y=199 P=1528 LP= 10    0,   0
x1=1023 x2=1023 y1= 294 y2= 332 p1=1023 p2=   0 tnt1=1023 tnt2=1023 S=U X=242 Y=199 P=1528 LP= 10    0,   0
x1=1023 x2=1023 y1= 289 y2= 329 p1=1023 p2=   0 tnt1=1015 tnt2=1023 S=U X=242 Y=199 P=1528 LP= 10    0,   0
x1=1023 x2=1023 y1= 302 y2= 337 p1=1023 p2=   0 tnt1=1023 tnt2=1023 S=U X=242 Y=199 P=1528 LP= 10    0,   0
x1=1023 x2=1023 y1= 306 y2= 342 p1=1023 p2=   0 tnt1=1015 tnt2=1014 S=U X=242 Y=199 P=1528 LP= 10    0,   0
x1=1023 x2=1023 y1= 300 y2= 338 p1=1023 p2=   0 tnt1=1023 tnt2=1023 S=U X=242 Y=199 P=1528 LP= 10    0,   0
x1=1023 x2=1023 y1= 301 y2= 340 p1=1023 p2=   0 tnt1=1023 tnt2=1023 S=U X=242 Y=199 P=1528 LP= 10    0,   0
x1=1023 x2=1023 y1= 298 y2= 338 p1=1023 p2=   0 tnt1=1015 tnt2=1008 S=U X=242 Y=199 P=1528 LP= 10    0,   0
x1=1023 x2=1023 y1= 315 y2= 354 p1=1023 p2=   0 tnt1=1023 tnt2=1023 S=U X=242 Y=199 P=1528 LP= 10    0,   0
x1=1023 x2=1016 y1= 287 y2= 325 p1=1023 p2=   0 tnt1=1016 tnt2=1023 S=U X=242 Y=199 P=1528 LP= 10    0,   0
x1=1023 x2=1023 y1= 314 y2= 354 p1=1023 p2=   0 tnt1=1015 tnt2=1010 S=U X=242 Y=199 P=1528 LP= 10    0,   0
x1=1023 x2=1023 y1= 300 y2= 337 p1=1023 p2=   0 tnt1=1015 tnt2=1020 S=U X=242 Y=199 P=1528 LP= 10    0,   0
x1=1023 x2=1023 y1= 313 y2= 353 p1=1023 p2=   0 tnt1=1016 tnt2=1020 S=U X=242 Y=199 P=1528 LP= 10    0,   0
x1=1023 x2=1023 y1= 298 y2= 328 p1=1023 p2=   0 tnt1=1023 tnt2=1023 S=U X=242 Y=199 P=1528 LP= 10    0,   0
x1=1023 x2=1023 y1= 310 y2= 345 p1=1023 p2=   0 tnt1=1023 tnt2=1021 S=U X=242 Y=199 P=1528 LP= 10    0,   0
x1=1023 x2=1023 y1= 289 y2= 328 p1=1023 p2=   0 tnt1=1015 tnt2=1023 S=U X=242 Y=199 P=1528 LP= 10    0,   0
x1=1023 x2=1023 y1= 294 y2= 335 p1=1016 p2=   0 tnt1=1023 tnt2=1023 S=U X=242 Y=199 P=1528 LP= 10    0,   0
x1=1023 x2=1023 y1= 289 y2= 345 p1=1023 p2=   0 tnt1=1023 tnt2=1021 S=U X=242 Y=199 P=1528 LP= 10    0,   0
x1=1023 x2=1023 y1= 288 y2= 342 p1=1020 p2=   0 tnt1=1023 tnt2=1023 S=U X=242 Y=199 P=1528 LP= 10    0,   0
x1=1023 x2=1023 y1= 311 y2= 909 p1=1023 p2=   0 tnt1=1023 tnt2=1020 S=U X=242 Y=199 P=1528 LP= 10    0,   0
x1=1023 x2=1023 y1= 319 y2= 355 p1=1019 p2=   0 tnt1=1023 tnt2=1023 S=U X=242 Y=199 P=1528 LP= 10    0,   0
x1=1023 x2=1023 y1= 319 y2= 354 p1=1023 p2=   0 tnt1=1016 tnt2=1019 S=U X=242 Y=199 P=1528 LP= 10    0,   0
x1=1023 x2=1023 y1= 288 y2= 331 p1=1023 p2=   0 tnt1=1023 tnt2=1019 S=U X=242 Y=199 P=1528 LP= 10    0,   0
x1= 355 x2= 373 y1= 357 y2= 366 p1= 854 p2= 175 tnt1=  36 tnt2=  38 S=D X=242 Y=199 P=1412 LP= 10    0,   0
x1= 361 x2= 361 y1= 353 y2= 362 p1= 850 p2= 178 tnt1=  43 tnt2=  30 S=D X=244 Y=201 P=1362 LP= 10    2,   2
x1= 354 x2= 374 y1= 354 y2= 363 p1= 845 p2= 182 tnt1=  37 tnt2=  30 S=D X=242 Y=201 P=1325 LP= 10   -2,   0
x1= 359 x2= 365 y1= 353 y2= 360 p1= 835 p2= 183 tnt1=  24 tnt2=  31 S=D X=243 Y=202 P=1289 LP= 10    1,   1
x1= 361 x2= 369 y1= 354 y2= 360 p1= 825 p2= 202 tnt1=  34 tnt2=  25 S=D X=242 Y=201 P=1125 LP= 30   -1,  -1
x1= 356 x2= 359 y1= 352 y2= 356 p1= 821 p2= 207 tnt1=  25 tnt2=  35 S=D X=246 Y=203 P=1058 LP= 50    4,   2
x1= 359 x2= 363 y1= 353 y2= 357 p1= 816 p2= 212 tnt1=  27 tnt2=  24 S=D X=244 Y=202 P=1028 LP= 50   -2,  -1
x1= 346 x2= 358 y1= 352 y2= 356 p1= 814 p2= 214 tnt1=  17 tnt2=  28 S=D X=249 Y=203 P= 986 LP= 50    5,   1
x1= 354 x2= 367 y1= 341 y2= 354 p1= 805 p2= 222 tnt1=  23 tnt2=  25 S=D X=244 Y=206 P= 945 LP= 50   -5,   3
x1= 344 x2= 365 y1= 352 y2= 355 p1= 800 p2= 228 tnt1=  29 tnt2=  21 S=D X=248 Y=203 P= 887 LP= 50    4,  -3
x1= 357 x2= 354 y1= 350 y2= 354 p1= 798 p2= 230 tnt1=  25 tnt2=  22 S=D X=247 Y=204 P= 876 LP= 50   -1,   1
x1= 355 x2= 354 y1= 352 y2= 354 p1= 796 p2= 234 tnt1=  22 tnt2=  23 S=D X=248 Y=203 P= 849 LP= 50    1,  -1
x1= 344 x2= 364 y1= 351 y2= 355 p1= 796 p2= 234 tnt1=   7 tnt2=   9 S=D X=248 Y=203 P= 849 LP= 50    0,   0
x1= 358 x2= 349 y1= 352 y2= 354 p1= 792 p2= 236 tnt1=  28 tnt2=  14 S=D X=248 Y=203 P= 831 LP= 60    0,   0
x1= 352 x2= 355 y1= 352 y2= 354 p1= 790 p2= 239 tnt1=  18 tnt2=  19 S=D X=248 Y=203 P= 813 LP= 70    0,   0
x1= 348 x2= 359 y1= 352 y2= 355 p1= 787 p2= 242 tnt1=   7 tnt2=  11 S=D X=248 Y=203 P= 794 LP= 80    0,   0
x1= 354 x2= 353 y1= 351 y2= 354 p1= 786 p2= 243 tnt1=  18 tnt2=  11 S=D X=248 Y=204 P= 788 LP= 80    0,   1
x1= 354 x2= 357 y1= 351 y2= 353 p1= 788 p2= 246 tnt1=  19 tnt2=  13 S=D X=247 Y=204 P= 782 LP= 80   -1,   0
x1= 364 x2= 343 y1= 351 y2= 352 p1= 778 p2= 251 tnt1=  28 tnt2=  21 S=D X=248 Y=204 P= 740 LP= 90    1,   0
x1= 352 x2= 353 y1= 351 y2= 353 p1= 776 p2= 253 tnt1=  18 tnt2=  18 S=D X=249 Y=204 P= 727 LP= 90    1,   0
x1= 363 x2= 341 y1= 350 y2= 352 p1= 769 p2= 255 tnt1=  29 tnt2=  18 S=D X=249 Y=204 P= 709 LP= 90    0,   0
x1= 344 x2= 362 y1= 351 y2= 353 p1= 777 p2= 255 tnt1=   9 tnt2=   7 S=D X=248 Y=204 P= 722 LP= 90   -1,   0
x1= 351 x2= 354 y1= 352 y2= 353 p1= 773 p2= 256 tnt1=  15 tnt2=  16 S=D X=249 Y=204 P= 710 LP= 90    1,   0
x1= 352 x2= 351 y1= 350 y2= 352 p1= 772 p2= 256 tnt1=  19 tnt2=  23 S=D X=249 Y=204 P= 707 LP= 90    0,   0
x1= 352 x2= 352 y1= 349 y2= 352 p1= 772 p2= 259 tnt1=  18 tnt2=  19 S=D X=249 Y=205 P= 696 LP= 90    0,   1
x1= 348 x2= 352 y1= 350 y2= 353 p1= 771 p2= 257 tnt1=  23 tnt2=  27 S=D X=250 Y=204 P= 700 LP= 90    1,  -1
x1= 354 x2= 351 y1= 350 y2= 353 p1= 772 p2= 258 tnt1=  20 tnt2=  19 S=D X=249 Y=204 P= 701 LP= 90   -1,   0
x1= 353 x2= 352 y1= 350 y2= 352 p1= 772 p2= 258 tnt1=  19 tnt2=   7 S=D X=249 Y=204 P= 701 LP= 90    0,   0
x1= 362 x2= 342 y1= 351 y2= 353 p1= 772 p2= 258 tnt1=  16 tnt2=  18 S=D X=249 Y=204 P= 701 LP= 90    0,   0
x1= 340 x2= 362 y1= 351 y2= 353 p1= 772 p2= 258 tnt1=  13 tnt2=  18 S=D X=249 Y=204 P= 699 LP= 90    0,   0
x1= 348 x2= 357 y1= 351 y2= 353 p1= 772 p2= 258 tnt1=  11 tnt2=   9 S=D X=249 Y=204 P= 701 LP= 90    0,   0
x1= 347 x2= 358 y1= 351 y2= 353 p1= 772 p2= 258 tnt1=  20 tnt2=   9 S=D X=249 Y=204 P= 701 LP= 90    0,   0
x1= 347 x2= 357 y1= 351 y2= 353 p1= 772 p2= 259 tnt1=  14 tnt2=   8 S=D X=249 Y=204 P= 696 LP= 90    0,   0
x1= 351 x2= 346 y1= 350 y2= 351 p1= 771 p2= 259 tnt1=  21 tnt2=  13 S=D X=251 Y=205 P= 687 LP= 90    2,   1
x1= 351 x2= 348 y1= 351 y2= 351 p1= 770 p2= 259 tnt1=  16 tnt2=  20 S=D X=250 Y=204 P= 688 LP= 90   -1,  -1
x1= 345 x2= 360 y1= 351 y2= 354 p1= 772 p2= 259 tnt1=  17 tnt2=   8 S=D X=249 Y=204 P= 696 LP= 90   -1,   0
x1= 348 x2= 356 y1= 351 y2= 353 p1= 771 p2= 258 tnt1=  14 tnt2=   8 S=D X=249 Y=204 P= 699 LP= 90    0,   0
x1= 355 x2= 348 y1= 351 y2= 352 p1= 771 p2= 259 tnt1=  28 tnt2=  25 S=D X=249 Y=204 P= 693 LP= 90    0,   0
x1= 353 x2= 350 y1= 349 y2= 352 p1= 772 p2= 259 tnt1=  19 tnt2=  20 S=D X=249 Y=205 P= 694 LP= 90    0,   1
x1= 351 x2= 353 y1= 351 y2= 352 p1= 771 p2= 257 tnt1=  17 tnt2=  16 S=D X=249 Y=204 P= 704 LP= 90    0,  -1
x1= 351 x2= 353 y1= 351 y2= 352 p1= 772 p2= 257 tnt1=  17 tnt2=  16 S=D X=249 Y=204 P= 705 LP= 90    0,   0
x1= 352 x2= 352 y1= 350 y2= 352 p1= 772 p2= 258 tnt1=  19 tnt2=  19 S=D X=249 Y=204 P= 701 LP= 90    0,   0
x1= 352 x2= 363 y1= 351 y2= 352 p1= 774 p2= 256 tnt1=   8 tnt2=  15 S=D X=246 Y=204 P= 722 LP= 90   -3,   0
x1= 351 x2= 357 y1= 352 y2= 352 p1= 772 p2= 258 tnt1=  17 tnt2=  20 S=D X=248 Y=204 P= 705 LP= 90    2,   0
x1= 346 x2= 360 y1= 351 y2= 353 p1= 776 p2= 257 tnt1=   9 tnt2=   7 S=D X=248 Y=204 P= 712 LP= 90    0,   0
x1= 358 x2= 347 y1= 351 y2= 352 p1= 772 p2= 257 tnt1=  25 tnt2=  28 S=D X=249 Y=204 P= 705 LP= 90    1,   0
x1= 354 x2= 350 y1= 351 y2= 352 p1= 773 p2= 257 tnt1=  19 tnt2=  21 S=D X=249 Y=204 P= 706 LP= 90    0,   0
x1= 350 x2= 354 y1= 352 y2= 353 p1= 773 p2= 257 tnt1=  16 tnt2=  14 S=D X=249 Y=204 P= 706 LP= 90    0,   0
x1= 350 x2= 354 y1= 352 y2= 352 p1= 773 p2= 256 tnt1=  16 tnt2=  14 S=D X=249 Y=204 P= 710 LP= 90    0,   0
x1= 352 x2= 350 y1= 353 y2= 353 p1= 774 p2= 255 tnt1=  23 tnt2=  28 S=D X=249 Y=203 P= 714 LP= 90    0,  -1
x1= 363 x2= 351 y1= 349 y2= 353 p1= 775 p2= 254 tnt1=  18 tnt2=  13 S=D X=246 Y=204 P= 732 LP= 90   -3,   1
x1= 353 x2= 363 y1= 350 y2= 353 p1= 777 p2= 255 tnt1=  18 tnt2=  14 S=D X=246 Y=204 P= 732 LP= 90    0,   0
x1= 340 x2= 363 y1= 351 y2= 354 p1= 783 p2= 252 tnt1=  17 tnt2=   8 S=D X=249 Y=204 P= 739 LP= 90    3,   0
x1= 356 x2= 350 y1= 351 y2= 352 p1= 781 p2= 248 tnt1=  24 tnt2=  25 S=D X=248 Y=204 P= 758 LP= 90   -1,   0
x1= 354 x2= 352 y1= 350 y2= 354 p1= 785 p2= 244 tnt1=  21 tnt2=  22 S=D X=248 Y=204 P= 782 LP= 80    0,   0
x1= 350 x2= 357 y1= 351 y2= 354 p1= 787 p2= 242 tnt1=  16 tnt2=  15 S=D X=248 Y=204 P= 794 LP= 80    0,   0
x1= 352 x2= 356 y1= 352 y2= 354 p1= 790 p2= 238 tnt1=  18 tnt2=  17 S=D X=248 Y=203 P= 820 LP= 70    0,  -1
x1= 356 x2= 352 y1= 351 y2= 355 p1= 793 p2= 235 tnt1=  22 tnt2=  22 S=D X=248 Y=203 P= 840 LP= 60    0,   0
x1= 363 x2= 349 y1= 352 y2= 354 p1= 793 p2= 227 tnt1=  22 tnt2=  21 S=D X=247 Y=203 P= 887 LP= 50   -1,   0
x1= 344 x2= 362 y1= 354 y2= 359 p1= 828 p2= 202 tnt1=  17 tnt2=  38 S=^ X=247 Y=203 P= 887 LP= 50    0,   0
x1= 368 x2= 362 y1= 365 y2= 364 p1= 833 p2= 194 tnt1=  36 tnt2=  20 S=D X=242 Y=198 P=1201 LP= 10   -5,  -5
x1= 972 x2= 996 y1= 316 y2= 353 p1=1023 p2=   0 tnt1= 212 tnt2=1019 S=U X=242 Y=198 P=1201 LP= 10    0,   0
x1=1023 x2=1023 y1= 307 y2= 345 p1=1023 p2=   0 tnt1=1014 tnt2= 103 S=U X=242 Y=198 P=1201 LP= 10    0,   0
x1=1023 x2=1023 y1= 319 y2= 357 p1=1023 p2=   0 tnt1=1023 tnt2=1023 S=U X=242 Y=198 P=1201 LP= 10    0,   0
x1=1023 x2=1023 y1= 309 y2= 352 p1=1023 p2=   0 tnt1=1023 tnt2=1023 S=U X=242 Y=198 P=1201 LP= 10    0,   0
