new-calib: New touch screen calibration program v3.12
Serial Number='15051E00010B06020058'
Using tnt_mode=1
Setting for delay_in_us:        1
Setting for y_delay_in_us:      1
Setting for tnt_delay_in_us:    1
Setting for max_delta_tnt:      5
Setting for tnt_mode:           1
Setting for averaging:         -1
Entering get_four_points
target_noise  x= 2.50 y= 2.50 t= 2.50
target state=0 point=23,22
 X= 990 X2=1014  Y= 957 Y2=1019 P1=  -1 P2=  -1 T1=1021 T2= 886  P=  -1  D=  -1 
 X= 923 X2=1018  Y= 991 Y2=1017 P1=  -1 P2=  -1 T1=1023 T2= 901  P=  -1  D=  -1 
 X= 931 X2=1023  Y= 973 Y2=1023 P1=  -1 P2=  -1 T1=1020 T2= 900  P=  -1  D=  -1 
 X= 951 X2=1022  Y= 991 Y2=1018 P1=  -1 P2=  -1 T1=1019 T2= 913  P=  -1  D=  -1 
 X= 981 X2=1013  Y= 972 Y2=1023 P1=  -1 P2=  -1 T1=1023 T2= 922  P=  -1  D=  -1 
 X= 913 X2=1023  Y= 985 Y2=1023 P1=  -1 P2=  -1 T1=1023 T2= 914  P=  -1  D=  -1 
 X= 813 X2=1023  Y= 974 Y2=1018 P1=  -1 P2=  -1 T1=1019 T2= 926  P=  -1  D=  -1 
 X=1016 X2= 986  Y= 971 Y2=1023 P1=  -1 P2=  -1 T1=1019 T2= 896  P=  -1  D=  -1 
 X= 973 X2=1014  Y= 965 Y2=1022 P1=  -1 P2=  -1 T1=1023 T2= 908  P=  -1  D=  -1 
 X= 802 X2=1022  Y= 991 Y2=1019 P1=  -1 P2=  -1 T1=1019 T2= 910  P=  -1  D=  -1 
 X= 956 X2=1018  Y= 969 Y2=1023 P1=  -1 P2=  -1 T1=1019 T2= 923  P=  -1  D=  -1 
 X=1023 X2=1008  Y= 981 Y2=1023 P1=  -1 P2=  -1 T1=1023 T2= 916  P=  -1  D=  -1 
 X= 905 X2=1023  Y= 987 Y2=1020 P1=  -1 P2=  -1 T1=1019 T2= 899  P=  -1  D=  -1 
 X= 926 X2=1023  Y= 973 Y2=1018 P1=  -1 P2=  -1 T1=1018 T2= 912  P=  -1  D=  -1 
 X= 986 X2=1013  Y= 967 Y2=1019 P1=  -1 P2=  -1 T1=1018 T2= 925  P=  -1  D=  -1 
 X= 943 X2=1017  Y= 983 Y2=1023 P1=  -1 P2=  -1 T1=1019 T2= 907  P=  -1  D=  -1 
 X= 857 X2=1023  Y= 972 Y2=1018 P1=1022 P2=   1 T1=1019 T2= 907  P=  -1  D=  -1 
 X= 987 X2=1005  Y= 978 Y2=1019 P1=1023 P2=   0 T1=1022 T2= 916  P=  -1  D=  -1 
 X= 990 X2=1006  Y= 983 Y2=1019 P1=1023 P2=   0 T1=1023 T2= 899  P=  -1  D=  -1 
 X= 952 X2=1022  Y= 967 Y2=1023 P1=1023 P2=   0 T1=1023 T2= 899  P=  -1  D=  -1 
 X= 935 X2=1021  Y= 976 Y2=1017 P1=1023 P2=   0 T1=1018 T2= 925  P=  -1  D=  -1 
 X= 800 X2=1023  Y= 981 Y2=1023 P1=1022 P2=   0 T1=1023 T2= 928  P=  -1  D=  -1 
 X=1021 X2= 993  Y=1019 Y2=1023 P1=1023 P2=   1 T1=1023 T2=1017  P=  -1  D=  -1 
 X= 978 X2=1015  Y= 994 Y2=1023 P1=1023 P2=   1 T1=1023 T2= 917  P=  -1  D=  -1 
 X= 807 X2=1022  Y= 974 Y2=1023 P1=1023 P2=   0 T1=1019 T2= 897  P=  -1  D=  -1 
 X= 888 X2=1023  Y= 984 Y2=1023 P1=1023 P2=   0 T1=1019 T2= 897  P=  -1  D=  -1 
 X= 985 X2=1001  Y= 976 Y2=1023 P1=1023 P2=   0 T1=1023 T2= 937  P=  -1  D=  -1 
 X= 981 X2=1012  Y= 975 Y2=1023 P1=1023 P2=   0 T1=1023 T2= 905  P=  -1  D=  -1 
 X= 918 X2=1023  Y= 984 Y2=1019 P1=1023 P2=   0 T1=1019 T2= 901  P=  -1  D=  -1 
 X= 910 X2=1022  Y= 979 Y2=1017 P1=1023 P2=   0 T1=1018 T2= 909  P=  -1  D=  -1 
 X= 963 X2= 996  Y= 970 Y2=1019 P1=1023 P2=   0 T1=1018 T2= 923  P=  -1  D=  -1 
 X=1021 X2=1014  Y= 975 Y2=1023 P1=1023 P2=   0 T1=1023 T2= 901  P=  -1  D=  -1 
 X= 954 X2= 987  Y= 979 Y2=1023 P1=1023 P2=   0 T1=1023 T2= 884  P=  -1  D=  -1 
 X= 821 X2=1023  Y= 970 Y2=1018 P1=1023 P2=   0 T1=1023 T2= 883  P=  -1  D=  -1 
 X= 988 X2=1009  Y= 992 Y2=1023 P1=1022 P2=   1 T1=1019 T2= 919  P=  -1  D=  -1 
 X=1023 X2=1007  Y= 977 Y2=1023 P1=1023 P2=   0 T1=1023 T2= 920  P=  -1  D=  -1 
 X=1022 X2=1014  Y= 977 Y2=1023 P1=1023 P2=   0 T1=1023 T2= 914  P=  -1  D=  -1 
 X=1002 X2=1013  Y= 980 Y2=1017 P1=1023 P2=   0 T1=1023 T2= 911  P=  -1  D=  -1 
 X= 929 X2=1003  Y= 991 Y2=1019 P1=1023 P2=   0 T1=1018 T2= 937  P=  -1  D=  -1 
 X= 930 X2=1006  Y= 978 Y2=1018 P1=1022 P2=   0 T1=1019 T2= 941  P=  -1  D=  -1 
 X= 920 X2=1023  Y= 962 Y2=1023 P1=1023 P2=   0 T1=1019 T2= 935  P=  -1  D=  -1 
 X=1017 X2=1023  Y=1001 Y2=1019 P1=1023 P2=   0 T1=1021 T2= 907  P=  -1  D=  -1 
 X= 848 X2=1023  Y= 981 Y2=1023 P1=1023 P2=   0 T1=1023 T2=1005  P=  -1  D=  -1 
 X= 814 X2=1023  Y= 975 Y2=1023 P1=1023 P2=   0 T1=1023 T2= 923  P=  -1  D=  -1 
 X=1023 X2=1007  Y= 985 Y2=1023 P1=1022 P2=   0 T1=1019 T2= 913  P=  -1  D=  -1 
 X=1006 X2= 987  Y= 978 Y2=1023 P1=1023 P2=   0 T1=1023 T2= 905  P=  -1  D=  -1 
 X= 831 X2=1023  Y= 980 Y2=1018 P1=1023 P2=   0 T1=1023 T2= 911  P=  -1  D=  -1 
 X= 906 X2=1022  Y= 981 Y2=1018 P1=1023 P2=   0 T1=1023 T2= 911  P=  -1  D=  -1 
 X= 961 X2= 993  Y= 980 Y2=1023 P1=1023 P2=   0 T1=1019 T2= 922  P=  -1  D=  -1 
 X= 904 X2=1015  Y= 970 Y2=1017 P1=1023 P2=   0 T1=1023 T2= 893  P=  -1  D=  -1 
 X= 942 X2=1023  Y= 974 Y2=1019 P1=1022 P2=   0 T1=1019 T2= 904  P=  -1  D=  -1 
 X= 887 X2=1023  Y= 980 Y2=1023 P1=1023 P2=   0 T1=1023 T2= 910  P=  -1  D=  -1 
 X= 992 X2=1014  Y= 978 Y2=1023 P1=1022 P2=   0 T1=1021 T2= 914  P=  -1  D=  -1 
 X= 982 X2=1014  Y= 973 Y2=1023 P1=1022 P2=   0 T1=1023 T2= 917  P=  -1  D=  -1 
 X= 949 X2=1014  Y= 977 Y2=1018 P1=1022 P2=   0 T1=1019 T2= 925  P=  -1  D=  -1 
 X=1001 X2=1007  Y= 971 Y2=1018 P1=1023 P2=   0 T1=1019 T2= 896  P=  -1  D=  -1 
 X= 863 X2=1023  Y= 978 Y2=1023 P1=1023 P2=   0 T1=1023 T2= 910  P=  -1  D=  -1 
 X= 901 X2=1023  Y= 985 Y2=1023 P1=1023 P2=   0 T1=1023 T2= 922  P=  -1  D=  -1 
 X=1019 X2=1020  Y= 986 Y2=1019 P1=1023 P2=   0 T1=1022 T2= 892  P=  -1  D=  -1 
 X= 957 X2=1019  Y= 983 Y2=1019 P1=1023 P2=   0 T1=1019 T2= 962  P=  -1  D=  -1 
 X= 882 X2=1023  Y= 987 Y2=1023 P1=1023 P2=   0 T1=1023 T2= 882  P=  -1  D=  -1 
 X= 986 X2=1014  Y= 971 Y2=1023 P1=1023 P2=   0 T1=1019 T2= 907  P=  -1  D=  -1 
 X= 949 X2=1023  Y= 977 Y2=1018 P1=1022 P2=   0 T1=1019 T2= 881  P=  -1  D=  -1 
 X= 936 X2=1021  Y= 971 Y2=1018 P1=1023 P2=   0 T1=1019 T2= 927  P=  -1  D=  -1 
 X= 955 X2= 992  Y= 977 Y2=1018 P1=1022 P2=   0 T1=1020 T2= 911  P=  -1  D=  -1 
 X=1007 X2=1005  Y= 977 Y2=1021 P1=1023 P2=   0 T1=1019 T2= 902  P=  -1  D=  -1 
 X= 898 X2=1022  Y= 975 Y2=1023 P1=1023 P2=   0 T1=1019 T2= 892  P=  -1  D=  -1 
 X= 929 X2=1023  Y= 980 Y2=1023 P1=1023 P2=   0 T1=1023 T2= 894  P=  -1  D=  -1 
 X= 957 X2=1012  Y= 971 Y2=1018 P1=1023 P2=   0 T1=1018 T2= 933  P=  -1  D=  -1 
 X= 802 X2=1023  Y= 980 Y2=1023 P1=1022 P2=   0 T1=1019 T2= 914  P=  -1  D=  -1 
 X=1023 X2=1013  Y= 977 Y2=1023 P1=1023 P2=   0 T1=1019 T2= 907  P=  -1  D=  -1 
 X= 891 X2=1021  Y= 982 Y2=1019 P1=1023 P2=   0 T1=1019 T2= 932  P=  -1  D=  -1 
 X= 970 X2=1021  Y= 976 Y2=1019 P1=1022 P2=   0 T1=1019 T2= 920  P=  -1  D=  -1 
 X= 948 X2=1008  Y= 987 Y2=1023 P1=1023 P2=   0 T1=1019 T2= 925  P=  -1  D=  -1 
 X=1018 X2=1016  Y= 987 Y2=1023 P1=1023 P2=   0 T1=1023 T2= 912  P=  -1  D=  -1 
 X= 914 X2=1023  Y= 982 Y2=1023 P1=1023 P2=   0 T1=1019 T2= 914  P=  -1  D=  -1 
 X= 962 X2= 997  Y= 973 Y2=1023 P1=1022 P2=   0 T1=1023 T2= 923  P=  -1  D=  -1 
 X= 869 X2=1014  Y= 974 Y2=1017 P1=1022 P2=   0 T1=1023 T2= 913  P=  -1  D=  -1 
 X= 868 X2=1016  Y= 986 Y2=1019 P1=1023 P2=   0 T1=1018 T2= 899  P=  -1  D=  -1 
 X= 954 X2= 995  Y= 973 Y2=1020 P1=1023 P2=   0 T1=1022 T2= 904  P=  -1  D=  -1 
 X=1023 X2=1004  Y= 974 Y2=1023 P1=1023 P2=   0 T1=1020 T2= 909  P=  -1  D=  -1 
 X= 998 X2=1000  Y= 979 Y2=1023 P1=1023 P2=   0 T1=1019 T2= 898  P=  -1  D=  -1 
 X= 914 X2=1023  Y= 968 Y2=1023 P1=1023 P2=   0 T1=1023 T2= 885  P=  -1  D=  -1 
 X= 921 X2=1006  Y= 967 Y2=1023 P1=1023 P2=   0 T1=1019 T2= 914  P=  -1  D=  -1 
 X= 929 X2=1023  Y= 984 Y2=1019 P1=1023 P2=   0 T1=1019 T2= 898  P=  -1  D=  -1 
 X= 875 X2=1023  Y= 982 Y2=1023 P1=1023 P2=   0 T1=1021 T2= 924  P=  -1  D=  -1 
 X= 985 X2=1012  Y= 972 Y2=1023 P1=1023 P2=   0 T1=1023 T2= 899  P=  -1  D=  -1 
 X= 907 X2=1017  Y= 980 Y2=1023 P1=1022 P2=   0 T1=1023 T2= 898  P=  -1  D=  -1 
 X= 869 X2=1020  Y= 980 Y2=1019 P1=1023 P2=   0 T1=1019 T2= 913  P=  -1  D=  -1 
 X= 963 X2=1004  Y= 973 Y2=1023 P1=1023 P2=   0 T1=1019 T2= 910  P=  -1  D=  -1 
 X= 931 X2=1013  Y= 985 Y2=1023 P1=1023 P2=   0 T1=1019 T2= 894  P=  -1  D=  -1 
 X= 919 X2=1023  Y= 973 Y2=1023 P1=1022 P2=   0 T1=1020 T2= 910  P=  -1  D=  -1 
 X= 952 X2=1023  Y= 969 Y2=1016 P1=1023 P2=   0 T1=1023 T2= 903  P=  -1  D=  -1 
 X= 945 X2=1023  Y= 975 Y2=1020 P1=1023 P2=   0 T1=1023 T2= 899  P=  -1  D=  -1 
 X=1023 X2=1014  Y= 978 Y2=1021 P1=1022 P2=   1 T1=1023 T2= 908  P=  -1  D=  -1 
 X= 914 X2=1023  Y= 975 Y2=1020 P1=1023 P2=   0 T1=1023 T2= 881  P=  -1  D=  -1 
 X= 983 X2=1003  Y= 986 Y2=1018 P1=1023 P2=   0 T1=1018 T2= 925  P=  -1  D=  -1 
 X=1020 X2=1019  Y= 995 Y2=1018 P1=1023 P2=   0 T1=1018 T2= 920  P=  -1  D=  -1 
 X= 964 X2=1023  Y= 981 Y2=1018 P1=1023 P2=   0 T1=1019 T2= 926  P=  -1  D=  -1 
 X=1020 X2= 997  Y= 984 Y2=1018 P1=1023 P2=   0 T1=1019 T2= 912  P=  -1  D=  -1 
 X= 907 X2=1022  Y= 985 Y2=1020 P1=1023 P2=   0 T1=1019 T2= 924  P=  -1  D=  -1 
 X=1023 X2=1008  Y= 993 Y2=1019 P1=1023 P2=   0 T1=1023 T2= 936  P=  -1  D=  -1 
 X= 972 X2=1023  Y= 998 Y2=1019 P1=1023 P2=   0 T1=1023 T2= 990  P=  -1  D=  -1 
 X= 837 X2=1023  Y= 944 Y2=1023 P1=1023 P2=   0 T1=1022 T2= 929  P=  -1  D=  -1 
 X= 797 X2=1023  Y= 981 Y2=1023 P1=1022 P2=   0 T1=1021 T2= 915  P=  -1  D=  -1 
 X=1014 X2=1023  Y= 988 Y2=1018 P1=1023 P2=   0 T1=1022 T2= 952  P=  -1  D=  -1 
 X=1021 X2=1022  Y=1021 Y2=1023 P1=1023 P2=   1 T1=1019 T2=1023  P=  -1  D=  -1 
 X= 999 X2=1020  Y= 977 Y2=1019 P1=1023 P2=   0 T1=1019 T2= 904  P=  -1  D=  -1 
 X= 827 X2=1022  Y= 969 Y2=1020 P1=1023 P2=   0 T1=1023 T2= 907  P=  -1  D=  -1 
 X= 954 X2=1014  Y= 982 Y2=1023 P1=1023 P2=   0 T1=1019 T2= 876  P=  -1  D=  -1 
 X= 968 X2=1022  Y= 973 Y2=1023 P1=1023 P2=   0 T1=1017 T2= 893  P=  -1  D=  -1 
 X= 847 X2=1023  Y= 979 Y2=1018 P1=1022 P2=   0 T1=1023 T2= 912  P=  -1  D=  -1 
 X= 821 X2=1023  Y= 982 Y2=1019 P1=1023 P2=   0 T1=1019 T2= 908  P=  -1  D=  -1 
 X= 902 X2=1023  Y= 973 Y2=1023 P1=1023 P2=   0 T1=1019 T2= 917  P=  -1  D=  -1 
 X= 991 X2=1005  Y= 987 Y2=1018 P1=1023 P2=   0 T1=1019 T2= 902  P=  -1  D=  -1 
 X=1023 X2=1014  Y= 986 Y2=1018 P1=1022 P2=   0 T1=1023 T2= 923  P=  -1  D=  -1 
 X= 990 X2= 987  Y= 977 Y2=1023 P1=1022 P2=   0 T1=1023 T2= 902  P=  -1  D=  -1 
 X= 794 X2=1023  Y= 989 Y2=1023 P1=1023 P2=   0 T1=1023 T2= 896  P=  -1  D=  -1 
 X= 956 X2=1021  Y= 980 Y2=1023 P1=1023 P2=   0 T1=1021 T2= 913  P=  -1  D=  -1 
 X= 966 X2=1021  Y= 976 Y2=1018 P1=1023 P2=   0 T1=1023 T2= 937  P=  -1  D=  -1 
 X=1023 X2= 995  Y= 974 Y2=1023 P1=1023 P2=   0 T1=1023 T2= 899  P=  -1  D=  -1 
 X= 813 X2=1023  Y= 970 Y2=1023 P1=1023 P2=   0 T1=1023 T2= 912  P=  -1  D=  -1 
 X= 928 X2=1020  Y= 987 Y2=1023 P1=1023 P2=   0 T1=1019 T2= 902  P=  -1  D=  -1 
 X= 983 X2=1005  Y= 985 Y2=1018 P1=1023 P2=   0 T1=1023 T2= 906  P=  -1  D=  -1 
 X= 886 X2=1016  Y= 982 Y2=1023 P1=1022 P2=   0 T1=1019 T2= 906  P=  -1  D=  -1 
 X= 953 X2=1023  Y= 985 Y2=1018 P1=1023 P2=   0 T1=1019 T2= 914  P=  -1  D=  -1 
 X=1023 X2=1006  Y= 967 Y2=1013 P1=1023 P2=   0 T1=1023 T2= 913  P=  -1  D=  -1 
 X=1003 X2= 993  Y= 975 Y2=1020 P1=1022 P2=   0 T1=1019 T2= 893  P=  -1  D=  -1 
 X= 916 X2=1023  Y= 985 Y2=1019 P1=1023 P2=   0 T1=1023 T2= 903  P=  -1  D=  -1 
 X=1023 X2= 996  Y= 978 Y2=1023 P1=1019 P2=   0 T1=1019 T2= 937  P=  -1  D=  -1 
 X= 239 X2= 240  Y= 325 Y2= 319 P1= 683 P2= 198 T1=  22 T2=  25  P= 585  D=  -1 * 0
 X= 241 X2= 241  Y= 326 Y2= 319 P1= 683 P2= 198 T1=  22 T2=  21  P= 590  D=  -1 * 0
 X= 241 X2= 238  Y= 326 Y2= 318 P1= 679 P2= 199 T1=  23 T2=  22  P= 576  D=  -1 * 0
 X= 242 X2= 239  Y= 326 Y2= 319 P1= 680 P2= 199 T1=  21 T2=  24  P= 580  D=  -1 * 0
 X= 241 X2= 239  Y= 326 Y2= 318 P1= 680 P2= 199 T1=  22 T2=  23  P= 580  D=  -1 * 1
 X= 241 X2= 238  Y= 326 Y2= 319 P1= 679 P2= 200 T1=  22 T2=  22  P= 572  D=  -1 * 2
 X= 241 X2= 239  Y= 325 Y2= 319 P1= 679 P2= 200 T1=  22 T2=  22  P= 574  D=  -1 * 3
 X= 241 X2= 239  Y= 325 Y2= 319 P1= 679 P2= 201 T1=  22 T2=  23  P= 570  D=  -1 * 4
 X= 242 X2= 239  Y= 326 Y2= 319 P1= 679 P2= 201 T1=  22 T2=  22  P= 570  D=  -1 * 5
 X= 241 X2= 239  Y= 325 Y2= 318 P1= 679 P2= 200 T1=  23 T2=  22  P= 574  D=  -1 * 6
 X= 240 X2= 239  Y= 325 Y2= 319 P1= 679 P2= 201 T1=  22 T2=  22  P= 568  D=  -1 * 7
 X= 241 X2= 238  Y= 325 Y2= 319 P1= 678 P2= 201 T1=  23 T2=  22  P= 567  D=  -1 * 8
 X= 241 X2= 239  Y= 325 Y2= 318 P1= 678 P2= 201 T1=  23 T2=  23  P= 569  D=  -1 * 9
 X= 242 X2= 238  Y= 325 Y2= 316 P1= 678 P2= 201 T1=  22 T2=  21  P= 569  D=  -1 * 10
 X= 241 X2= 238  Y= 324 Y2= 319 P1= 678 P2= 201 T1=  23 T2=  22  P= 567  D=  -1 * 11
 X= 241 X2= 239  Y= 325 Y2= 319 P1= 678 P2= 200 T1=  22 T2=  22  P= 573  D=  -1 * 12
 X= 241 X2= 239  Y= 326 Y2= 318 P1= 678 P2= 201 T1=  22 T2=  25  P= 569  D=  -1 * 13
 X= 242 X2= 239  Y= 325 Y2= 320 P1= 678 P2= 201 T1=  22 T2=  22  P= 569  D=  -1 * 14
 X= 241 X2= 238  Y= 325 Y2= 318 P1= 678 P2= 201 T1=  22 T2=  22  P= 567  D=  -1 * 15
 X= 241 X2= 238  Y= 326 Y2= 319 P1= 677 P2= 201 T1=  22 T2=  19  P= 565  D=  -1 * 16
 X= 241 X2= 237  Y= 326 Y2= 318 P1= 678 P2= 201 T1=  22 T2=  21  P= 567  D=  -1 * 17
 X= 242 X2= 239  Y= 326 Y2= 319 P1= 678 P2= 201 T1=  22 T2=  22  P= 569  D=  -1 * 18
 X= 241 X2= 239  Y= 325 Y2= 311 P1= 678 P2= 201 T1=  22 T2=  22  P= 569  D=  -1 * 19
 X= 239 X2= 240  Y= 325 Y2= 318 P1= 678 P2= 201 T1=  22 T2=  22  P= 567  D=  -1 * 20
 X= 242 X2= 238  Y= 325 Y2= 318 P1= 678 P2= 201 T1=  23 T2=  22  P= 569  D=  -1 * 21
 X= 241 X2= 239  Y= 325 Y2= 319 P1= 678 P2= 201 T1=  22 T2=  22  P= 569  D=  -1 * 22
 X= 242 X2= 238  Y= 326 Y2= 317 P1= 678 P2= 201 T1=  22 T2=  22  P= 569  D=  -1 * 23
 X= 241 X2= 238  Y= 325 Y2= 319 P1= 679 P2= 200 T1=  23 T2=  22  P= 572  D=  -1 * 24
Remove Pin
 X= 241 X2= 239  Y= 325 Y2= 319 P1= 679 P2= 201 T1=  22 T2=  22  P= 570  D=  -1 * 24
 X= 240 X2= 238  Y= 325 Y2= 319 P1= 678 P2= 201 T1=  22 T2=  24  P= 567  D=  -1 * 24
 X= 241 X2= 239  Y= 325 Y2= 319 P1= 678 P2= 201 T1=  22 T2=  22  P= 569  D=  -1 * 24
 X= 240 X2= 238  Y= 325 Y2= 319 P1= 678 P2= 201 T1=  22 T2=  24  P= 567  D=  -1 * 24
 X= 241 X2= 241  Y= 322 Y2= 318 P1= 678 P2= 201 T1=  22 T2=  22  P= 571  D=  -1 * 24
 X= 241 X2= 239  Y= 325 Y2= 319 P1= 678 P2= 201 T1=  22 T2=  22  P= 569  D=  -1 * 24
 X= 241 X2= 239  Y= 326 Y2= 320 P1= 678 P2= 201 T1=  22 T2=  22  P= 569  D=  -1 * 24
 X= 241 X2= 238  Y= 325 Y2= 320 P1= 678 P2= 201 T1=  22 T2=  22  P= 567  D=  -1 * 24
 X= 241 X2= 238  Y= 325 Y2= 318 P1= 678 P2= 201 T1=  22 T2=  22  P= 567  D=  -1 * 24
 X= 242 X2= 238  Y= 326 Y2= 318 P1= 677 P2= 201 T1=  22 T2=  22  P= 568  D=  -1 * 24
 X= 241 X2= 238  Y= 325 Y2= 319 P1= 677 P2= 201 T1=  22 T2=  22  P= 565  D=  -1 * 24
 X= 240 X2= 238  Y= 326 Y2= 319 P1= 679 P2= 200 T1=  22 T2=  24  P= 572  D=  -1 * 24
 X= 984 X2=1005  Y= 968 Y2=1023 P1=1023 P2=   0 T1=1020 T2= 897  P= 572  D=  -1 
 X= 929 X2=1017  Y= 981 Y2=1020 P1=1023 P2=   0 T1=1023 T2= 903  P= 572  D=  -1 
 X= 942 X2=1021  Y= 975 Y2=1020 P1=1022 P2=   0 T1=1019 T2= 906  P= 572  D=  -1 
target state=1 point=456,22
 X=1023 X2=1018  Y= 980 Y2=1018 P1=1022 P2=   0 T1=1018 T2= 913  P= 572  D=  -1 
 X= 840 X2=1023  Y= 965 Y2=1023 P1=1023 P2=   0 T1=1018 T2= 925  P= 572  D=  -1 
 X= 858 X2=1022  Y= 983 Y2=1023 P1=1023 P2=   0 T1=1019 T2= 900  P= 572  D=  -1 
 X= 962 X2=1021  Y= 971 Y2=1020 P1=1023 P2=   0 T1=1020 T2= 890  P= 572  D=  -1 
 X= 865 X2=1018  Y= 982 Y2=1023 P1=1022 P2=   0 T1=1022 T2= 916  P= 572  D=  -1 
 X= 811 X2=1023  Y= 965 Y2=1023 P1=1023 P2=   0 T1=1019 T2= 897  P= 572  D=  -1 
 X= 950 X2=1004  Y= 982 Y2=1023 P1=1023 P2=   0 T1=1019 T2= 915  P= 572  D=  -1 
 X=1023 X2=1013  Y= 977 Y2=1023 P1=1023 P2=   0 T1=1019 T2= 933  P= 572  D=  -1 
 X= 920 X2=1023  Y= 979 Y2=1018 P1=1023 P2=   0 T1=1023 T2= 921  P= 572  D=  -1 
 X= 919 X2=1023  Y= 973 Y2=1023 P1=1022 P2=   0 T1=1019 T2= 908  P= 572  D=  -1 
 X= 890 X2=1015  Y= 967 Y2=1023 P1=1023 P2=   0 T1=1022 T2= 911  P= 572  D=  -1 
 X= 944 X2=1020  Y= 970 Y2=1018 P1=1023 P2=   0 T1=1023 T2= 895  P= 572  D=  -1 
 X= 934 X2=1023  Y= 984 Y2=1023 P1=1023 P2=   0 T1=1019 T2= 913  P= 572  D=  -1 
 X= 991 X2=1003  Y= 980 Y2=1023 P1=1023 P2=   0 T1=1023 T2= 911  P= 572  D=  -1 
 X= 985 X2=1013  Y= 986 Y2=1019 P1=1022 P2=   0 T1=1019 T2= 911  P= 572  D=  -1 
 X= 965 X2=1020  Y= 980 Y2=1017 P1=1022 P2=   0 T1=1019 T2= 910  P= 572  D=  -1 
 X=1023 X2= 996  Y= 979 Y2=1019 P1=1023 P2=   0 T1=1018 T2= 917  P= 572  D=  -1 
 X= 885 X2=1023  Y= 982 Y2=1023 P1=1023 P2=   0 T1=1020 T2= 900  P= 572  D=  -1 
 X= 909 X2=1023  Y= 980 Y2=1019 P1=1023 P2=   0 T1=1023 T2= 888  P= 572  D=  -1 
 X=1012 X2=1013  Y= 978 Y2=1023 P1=1023 P2=   0 T1=1023 T2= 933  P= 572  D=  -1 
 X= 963 X2=1023  Y= 974 Y2=1023 P1=1023 P2=   0 T1=1023 T2= 918  P= 572  D=  -1 
 X= 828 X2=1023  Y= 972 Y2=1017 P1=1023 P2=   0 T1=1023 T2= 920  P= 572  D=  -1 
 X=1023 X2=1014  Y= 957 Y2=1023 P1=1023 P2=   0 T1=1019 T2= 901  P= 572  D=  -1 
 X= 876 X2=1022  Y= 987 Y2=1018 P1=1023 P2=   0 T1=1023 T2= 924  P= 572  D=  -1 
 X= 945 X2=1019  Y= 974 Y2=1023 P1=1023 P2=   0 T1=1019 T2= 905  P= 572  D=  -1 
 X= 954 X2=1023  Y= 981 Y2=1018 P1=1023 P2=   0 T1=1023 T2= 913  P= 572  D=  -1 
 X= 995 X2=1012  Y= 970 Y2=1023 P1=1023 P2=   0 T1=1018 T2= 910  P= 572  D=  -1 
 X= 908 X2=1023  Y= 980 Y2=1018 P1=1023 P2=   0 T1=1020 T2= 906  P= 572  D=  -1 
 X= 896 X2=1023  Y= 966 Y2=1019 P1=1023 P2=   0 T1=1023 T2= 929  P= 572  D=  -1 
 X= 986 X2=1012  Y= 978 Y2=1018 P1=1023 P2=   0 T1=1018 T2= 901  P= 572  D=  -1 
 X= 960 X2=1023  Y= 986 Y2=1018 P1=1023 P2=   0 T1=1023 T2= 912  P= 572  D=  -1 
 X= 966 X2= 996  Y= 967 Y2=1023 P1=1023 P2=   0 T1=1020 T2= 920  P= 572  D=  -1 
 X=1020 X2=1013  Y= 976 Y2=1023 P1=1023 P2=   0 T1=1019 T2= 944  P= 572  D=  -1 
 X= 916 X2=1020  Y= 985 Y2=1018 P1=1023 P2=   0 T1=1023 T2= 926  P= 572  D=  -1 
 X= 996 X2=1023  Y=1015 Y2=1018 P1=1023 P2=   0 T1=1019 T2=1016  P= 572  D=  -1 
 X=1015 X2=1018  Y= 992 Y2=1019 P1=1023 P2=   0 T1=1023 T2= 914  P= 572  D=  -1 
 X= 939 X2=1023  Y= 981 Y2=1019 P1=1023 P2=   0 T1=1018 T2= 914  P= 572  D=  -1 
 X= 888 X2=1023  Y= 984 Y2=1023 P1=1023 P2=   0 T1=1023 T2= 884  P= 572  D=  -1 
 X= 871 X2=1017  Y= 963 Y2=1020 P1=1022 P2=   0 T1=1017 T2= 895  P= 572  D=  -1 
 X= 863 X2=1015  Y= 972 Y2=1018 P1=1022 P2=   0 T1=1023 T2= 912  P= 572  D=  -1 
 X= 888 X2=1023  Y= 977 Y2=1018 P1=1023 P2=   0 T1=1018 T2= 902  P= 572  D=  -1 
 X=1023 X2=1015  Y= 978 Y2=1019 P1=1023 P2=   0 T1=1023 T2= 912  P= 572  D=  -1 
 X=1011 X2= 986  Y= 970 Y2=1023 P1=1023 P2=   0 T1=1023 T2= 913  P= 572  D=  -1 
 X=1019 X2=1021  Y= 991 Y2=1023 P1=1023 P2=   0 T1=1019 T2= 913  P= 572  D=  -1 
 X= 952 X2=1022  Y= 989 Y2=1023 P1=1023 P2=   0 T1=1023 T2= 943  P= 572  D=  -1 
 X= 886 X2=1023  Y= 986 Y2=1018 P1=1023 P2=   0 T1=1023 T2= 906  P= 572  D=  -1 
 X= 907 X2=1023  Y= 982 Y2=1023 P1=1023 P2=   0 T1=1023 T2= 896  P= 572  D=  -1 
 X= 962 X2=1023  Y= 971 Y2=1023 P1=1023 P2=   0 T1=1023 T2= 905  P= 572  D=  -1 
 X= 967 X2=1013  Y= 981 Y2=1019 P1=1023 P2=   0 T1=1017 T2= 910  P= 572  D=  -1 
 X= 894 X2=1019  Y= 981 Y2=1018 P1=1023 P2=   0 T1=1019 T2= 899  P= 572  D=  -1 
 X= 957 X2=1020  Y= 979 Y2=1020 P1=1023 P2=   1 T1=1019 T2= 891  P= 572  D=  -1 
 X=1021 X2=1007  Y= 978 Y2=1018 P1=1023 P2=   0 T1=1023 T2= 887  P= 572  D=  -1 
 X= 911 X2=1023  Y= 974 Y2=1023 P1=1023 P2=   0 T1=1019 T2= 887  P= 572  D=  -1 
 X= 910 X2=1023  Y= 968 Y2=1019 P1=1022 P2=   0 T1=1018 T2= 895  P= 572  D=  -1 
 X=1019 X2=1009  Y= 983 Y2=1023 P1=1023 P2=   0 T1=1019 T2= 913  P= 572  D=  -1 
 X= 882 X2=1023  Y= 969 Y2=1023 P1=1022 P2=   0 T1=1023 T2= 922  P= 572  D=  -1 
 X= 840 X2=1023  Y= 975 Y2=1020 P1=1023 P2=   0 T1=1018 T2= 895  P= 572  D=  -1 
 X= 990 X2=1006  Y= 974 Y2=1023 P1=1023 P2=   0 T1=1023 T2= 913  P= 572  D=  -1 
 X= 873 X2=1017  Y= 971 Y2=1023 P1=1023 P2=   0 T1=1023 T2= 894  P= 572  D=  -1 
 X= 957 X2=1023  Y= 973 Y2=1017 P1=1021 P2=   0 T1=1022 T2= 900  P= 572  D=  -1 
 X=1023 X2= 997  Y= 967 Y2=1023 P1=1023 P2=   0 T1=1023 T2= 898  P= 572  D=  -1 
 X= 975 X2=1012  Y= 972 Y2=1018 P1=1023 P2=   0 T1=1023 T2= 890  P= 572  D=  -1 
 X= 871 X2=1023  Y= 986 Y2=1019 P1=1023 P2=   0 T1=1023 T2= 930  P= 572  D=  -1 
 X= 813 X2= 812  Y= 325 Y2= 331 P1= 798 P2= 480 T1=1023 T2=  16  P= 572  D=  -1 
 X= 858 X2=1018  Y= 972 Y2=1019 P1=1021 P2=   0 T1=1023 T2= 906  P= 572  D=  -1 
 X= 812 X2= 812  Y= 327 Y2= 334 P1= 806 P2= 462 T1=  16 T2=  14  P= 604  D=  -1 * 0
 X= 812 X2= 811  Y= 323 Y2= 325 P1= 800 P2= 474 T1=  16 T2=  16  P= 557  D=  -1 * 0
 X= 812 X2= 811  Y= 326 Y2= 332 P1= 799 P2= 475 T1=  15 T2=  16  P= 553  D=  -1 * 0
 X= 811 X2= 810  Y= 326 Y2= 331 P1= 799 P2= 476 T1=  15 T2=  15  P= 549  D=  -1 * 0
 X= 812 X2= 811  Y= 325 Y2= 331 P1= 799 P2= 477 T1=  16 T2=  16  P= 547  D=  -1 * 1
 X= 812 X2= 811  Y= 325 Y2= 331 P1= 799 P2= 477 T1=  16 T2=  15  P= 547  D=  -1 * 2
 X= 812 X2= 811  Y= 325 Y2= 332 P1= 799 P2= 477 T1=  15 T2=  16  P= 547  D=  -1 * 3
 X= 812 X2= 811  Y= 322 Y2= 331 P1= 799 P2= 477 T1=  15 T2=  16  P= 547  D=  -1 * 4
 X= 811 X2= 810  Y= 324 Y2= 330 P1= 800 P2= 477 T1=  14 T2=  15  P= 548  D=  -1 * 5
 X= 811 X2= 811  Y= 325 Y2= 331 P1= 799 P2= 477 T1=  15 T2=  18  P= 547  D=  -1 * 6
 X= 812 X2= 809  Y= 325 Y2= 332 P1= 799 P2= 477 T1=  15 T2=  13  P= 546  D=  -1 * 7
 X= 820 X2= 811  Y= 326 Y2= 331 P1= 798 P2= 477 T1=  15 T2=  15  P= 547  D=  -1 * 8
 X= 812 X2= 811  Y= 325 Y2= 333 P1= 798 P2= 478 T1=  16 T2=  15  P= 542  D=  -1 * 9
 X= 812 X2= 811  Y= 325 Y2= 332 P1= 799 P2= 477 T1=  15 T2=  14  P= 547  D=  -1 * 10
 X= 812 X2= 809  Y= 325 Y2= 331 P1= 799 P2= 478 T1=  16 T2=  13  P= 543  D=  -1 * 11
 X= 811 X2= 810  Y= 328 Y2= 332 P1= 799 P2= 477 T1=  16 T2=  16  P= 546  D=  -1 * 12
 X= 811 X2= 811  Y= 325 Y2= 332 P1= 799 P2= 478 T1=  16 T2=  15  P= 544  D=  -1 * 13
 X= 812 X2= 810  Y= 325 Y2= 332 P1= 799 P2= 478 T1=  15 T2=  15  P= 544  D=  -1 * 14
 X= 812 X2= 811  Y= 323 Y2= 331 P1= 799 P2= 478 T1=  15 T2=  16  P= 544  D=  -1 * 15
 X= 812 X2= 810  Y= 325 Y2= 332 P1= 799 P2= 478 T1=  14 T2=  16  P= 544  D=  -1 * 16
 X= 812 X2= 811  Y= 325 Y2= 332 P1= 799 P2= 478 T1=  15 T2=  14  P= 544  D=  -1 * 17
 X= 812 X2= 811  Y= 325 Y2= 332 P1= 799 P2= 478 T1=  15 T2=  16  P= 544  D=  -1 * 18
 X= 811 X2= 810  Y= 326 Y2= 332 P1= 799 P2= 478 T1=  16 T2=  16  P= 543  D=  -1 * 19
 X= 811 X2= 810  Y= 325 Y2= 332 P1= 799 P2= 478 T1=  15 T2=  14  P= 543  D=  -1 * 20
 X= 812 X2= 811  Y= 326 Y2= 332 P1= 799 P2= 478 T1=  15 T2=  14  P= 544  D=  -1 * 21
 X= 812 X2= 811  Y= 325 Y2= 331 P1= 799 P2= 478 T1=  15 T2=  15  P= 544  D=  -1 * 22
 X= 811 X2= 811  Y= 324 Y2= 332 P1= 799 P2= 478 T1=  16 T2=  15  P= 544  D=  -1 * 23
 X= 811 X2= 811  Y= 325 Y2= 332 P1= 799 P2= 478 T1=  15 T2=  16  P= 544  D=  -1 * 24
Remove Pin
 X= 812 X2= 812  Y= 324 Y2= 330 P1= 799 P2= 478 T1=  15 T2=  15  P= 544  D=  -1 * 24
 X= 811 X2= 812  Y= 325 Y2= 330 P1= 804 P2= 479 T1=  15 T2=  15  P= 549  D=  -1 * 24
 X= 812 X2= 811  Y= 325 Y2= 331 P1= 798 P2= 478 T1=  17 T2=  17  P= 542  D=  -1 * 24
 X= 811 X2= 809  Y= 325 Y2= 332 P1= 799 P2= 478 T1=  15 T2=  16  P= 543  D=  -1 * 24
 X= 811 X2= 810  Y= 325 Y2= 331 P1= 798 P2= 478 T1=  15 T2=  15  P= 541  D=  -1 * 24
 X= 812 X2= 811  Y= 325 Y2= 332 P1= 798 P2= 478 T1=  15 T2=  16  P= 542  D=  -1 * 24
 X= 811 X2= 811  Y= 326 Y2= 332 P1= 798 P2= 478 T1=  15 T2=  15  P= 542  D=  -1 * 24
 X= 811 X2= 811  Y= 325 Y2= 331 P1= 798 P2= 478 T1=  15 T2=  14  P= 542  D=  -1 * 24
 X= 811 X2= 811  Y= 325 Y2= 332 P1= 798 P2= 479 T1=  15 T2=  16  P= 539  D=  -1 * 24
 X= 811 X2= 810  Y= 325 Y2= 332 P1= 799 P2= 479 T1=  15 T2=  16  P= 541  D=  -1 * 24
 X= 812 X2= 811  Y= 325 Y2= 332 P1= 798 P2= 479 T1=  15 T2=  15  P= 539  D=  -1 * 24
 X= 812 X2= 810  Y= 324 Y2= 331 P1= 798 P2= 479 T1=  15 T2=  15  P= 539  D=  -1 * 24
 X= 992 X2= 991  Y= 967 Y2=1018 P1=1023 P2=   0 T1=1023 T2= 870  P= 539  D=  -1 
 X= 859 X2=1023  Y= 981 Y2=1019 P1=1023 P2=   0 T1=1023 T2= 894  P= 539  D=  -1 
 X= 951 X2=1021  Y= 976 Y2=1018 P1=1023 P2=   0 T1=1023 T2= 911  P= 539  D=  -1 
target state=2 point=456,249
 X= 893 X2=1023  Y= 974 Y2=1023 P1=1022 P2=   0 T1=1023 T2= 892  P= 539  D=  -1 
 X= 890 X2=1022  Y= 980 Y2=1019 P1=1023 P2=   0 T1=1023 T2= 925  P= 539  D=  -1 
 X= 955 X2=1023  Y= 984 Y2=1022 P1=1023 P2=   0 T1=1019 T2= 907  P= 539  D=  -1 
 X= 981 X2=1014  Y= 989 Y2=1023 P1=1023 P2=   0 T1=1023 T2= 899  P= 539  D=  -1 
 X= 873 X2=1013  Y= 962 Y2=1017 P1=1022 P2=   0 T1=1018 T2= 916  P= 539  D=  -1 
 X= 973 X2=1020  Y= 971 Y2=1019 P1=1022 P2=   0 T1=1023 T2= 911  P= 539  D=  -1 
 X=1023 X2=1006  Y= 969 Y2=1023 P1=1023 P2=   0 T1=1023 T2= 906  P= 539  D=  -1 
 X= 868 X2=1023  Y= 979 Y2=1023 P1=1023 P2=   0 T1=1023 T2= 898  P= 539  D=  -1 
 X= 902 X2=1023  Y= 971 Y2=1023 P1=1023 P2=   0 T1=1023 T2= 891  P= 539  D=  -1 
 X=1023 X2=1021  Y= 968 Y2=1021 P1=1023 P2=   0 T1=1017 T2= 923  P= 539  D=  -1 
 X= 944 X2=1023  Y= 974 Y2=1023 P1=1023 P2=   0 T1=1019 T2= 891  P= 539  D=  -1 
 X= 965 X2=1014  Y= 984 Y2=1023 P1=1023 P2=   0 T1=1019 T2= 901  P= 539  D=  -1 
 X=1001 X2= 996  Y= 987 Y2=1017 P1=1022 P2=   0 T1=1023 T2= 902  P= 539  D=  -1 
 X= 903 X2=1023  Y= 976 Y2=1019 P1=1023 P2=   0 T1=1023 T2= 915  P= 539  D=  -1 
 X= 964 X2=1020  Y= 972 Y2=1023 P1=1023 P2=   0 T1=1023 T2= 934  P= 539  D=  -1 
 X= 954 X2=1022  Y= 974 Y2=1018 P1=1023 P2=   0 T1=1023 T2= 905  P= 539  D=  -1 
 X= 947 X2=1019  Y= 976 Y2=1023 P1=1023 P2=   0 T1=1022 T2= 919  P= 539  D=  -1 
 X= 905 X2=1023  Y= 971 Y2=1023 P1=1023 P2=   1 T1=1023 T2= 879  P= 539  D=  -1 
 X= 909 X2=1023  Y= 980 Y2=1019 P1=1023 P2=   0 T1=1023 T2= 916  P= 539  D=  -1 
 X= 910 X2=1020  Y= 979 Y2=1019 P1=1023 P2=   0 T1=1018 T2= 914  P= 539  D=  -1 
 X= 948 X2=1023  Y= 971 Y2=1019 P1=1023 P2=   0 T1=1023 T2= 924  P= 539  D=  -1 
 X=1023 X2= 995  Y= 969 Y2=1019 P1=1023 P2=   0 T1=1018 T2= 893  P= 539  D=  -1 
 X=1009 X2= 989  Y= 978 Y2=1019 P1=1023 P2=   0 T1=1018 T2= 912  P= 539  D=  -1 
 X= 967 X2=1023  Y= 976 Y2=1018 P1=1023 P2=   0 T1=1022 T2= 904  P= 539  D=  -1 
 X= 962 X2=1023  Y= 976 Y2=1023 P1=1022 P2=   0 T1=1023 T2= 909  P= 539  D=  -1 
 X= 957 X2= 994  Y= 971 Y2=1018 P1=1022 P2=   0 T1=1019 T2= 898  P= 539  D=  -1 
 X= 788 X2=1023  Y= 969 Y2=1017 P1=1023 P2=   0 T1=1023 T2= 911  P= 539  D=  -1 
 X=1014 X2=1014  Y=1018 Y2=1023 P1=1023 P2=   0 T1=1019 T2=1019  P= 539  D=  -1 
 X= 952 X2=1022  Y= 985 Y2=1023 P1=1023 P2=   0 T1=1023 T2= 930  P= 539  D=  -1 
 X= 912 X2=1023  Y= 986 Y2=1018 P1=1023 P2=   0 T1=1023 T2= 915  P= 539  D=  -1 
 X= 943 X2=1016  Y= 982 Y2=1023 P1=1023 P2=   1 T1=1019 T2= 910  P= 539  D=  -1 
 X=1018 X2= 996  Y= 963 Y2=1020 P1=1021 P2=   0 T1=1023 T2= 907  P= 539  D=  -1 
 X= 977 X2=1005  Y= 981 Y2=1018 P1=1022 P2=   0 T1=1019 T2= 921  P= 539  D=  -1 
 X= 928 X2=1023  Y= 978 Y2=1018 P1=1023 P2=   1 T1=1023 T2= 896  P= 539  D=  -1 
 X= 952 X2=1021  Y= 961 Y2=1018 P1=1023 P2=   0 T1=1023 T2= 893  P= 539  D=  -1 
 X= 933 X2=1016  Y= 976 Y2=1023 P1=1023 P2=   0 T1=1023 T2= 909  P= 539  D=  -1 
 X= 869 X2=1023  Y= 965 Y2=1018 P1=1023 P2=   0 T1=1023 T2= 897  P= 539  D=  -1 
 X= 973 X2=1023  Y= 986 Y2=1023 P1=1022 P2=   0 T1=1019 T2= 922  P= 539  D=  -1 
 X= 948 X2=1017  Y= 977 Y2=1018 P1=1021 P2=   0 T1=1023 T2= 911  P= 539  D=  -1 
 X= 806 X2=1023  Y= 968 Y2=1019 P1=1023 P2=   0 T1=1023 T2= 893  P= 539  D=  -1 
 X=1023 X2= 997  Y= 986 Y2=1023 P1=1023 P2=   0 T1=1019 T2= 898  P= 539  D=  -1 
 X=1023 X2= 993  Y= 976 Y2=1023 P1=1023 P2=   0 T1=1023 T2= 897  P= 539  D=  -1 
 X= 915 X2=1023  Y= 978 Y2=1020 P1=1022 P2=   0 T1=1023 T2= 902  P= 539  D=  -1 
 X= 951 X2=1023  Y= 972 Y2=1019 P1=1023 P2=   0 T1=1018 T2= 921  P= 539  D=  -1 
 X= 841 X2=1023  Y= 974 Y2=1018 P1=1023 P2=   0 T1=1019 T2= 920  P= 539  D=  -1 
 X= 804 X2=1023  Y= 975 Y2=1020 P1=1023 P2=   0 T1=1023 T2= 911  P= 539  D=  -1 
 X= 857 X2=1023  Y= 976 Y2=1023 P1=1022 P2=   0 T1=1023 T2= 914  P= 539  D=  -1 
 X= 990 X2=1001  Y= 980 Y2=1018 P1=1023 P2=   0 T1=1023 T2= 916  P= 539  D=  -1 
 X= 868 X2=1018  Y= 976 Y2=1023 P1=1023 P2=   0 T1=1023 T2= 900  P= 539  D=  -1 
 X= 968 X2= 997  Y= 973 Y2=1021 P1=1023 P2=   0 T1=1023 T2= 923  P= 539  D=  -1 
 X= 957 X2= 981  Y= 969 Y2=1023 P1=1023 P2=   0 T1=1023 T2= 897  P= 539  D=  -1 
 X= 915 X2=1023  Y= 970 Y2=1023 P1=1023 P2=   0 T1=1023 T2= 909  P= 539  D=  -1 
 X= 928 X2=1022  Y= 980 Y2=1023 P1=1023 P2=   0 T1=1019 T2= 910  P= 539  D=  -1 
 X= 948 X2=1023  Y= 963 Y2=1018 P1=1023 P2=   0 T1=1018 T2= 894  P= 539  D=  -1 
 X= 931 X2=1023  Y= 966 Y2=1019 P1=1023 P2=   0 T1=1023 T2= 916  P= 539  D=  -1 
 X= 798 X2=1023  Y= 961 Y2=1023 P1=1023 P2=   0 T1=1019 T2= 905  P= 539  D=  -1 
 X=1017 X2= 989  Y= 971 Y2=1023 P1=1023 P2=   0 T1=1020 T2= 903  P= 539  D=  -1 
 X= 978 X2=1011  Y= 982 Y2=1018 P1=1023 P2=   0 T1=1019 T2= 915  P= 539  D=  -1 
 X=1023 X2= 996  Y= 973 Y2=1023 P1=1023 P2=   0 T1=1023 T2= 916  P= 539  D=  -1 
 X= 955 X2= 997  Y= 980 Y2=1023 P1=1023 P2=   0 T1=1019 T2= 916  P= 539  D=  -1 
 X= 811 X2= 810  Y= 710 Y2= 714 P1= 907 P2= 543 T1=  17 T2=  14  P= 542  D=  -1 * 0
 X= 807 X2= 810  Y= 708 Y2= 714 P1= 908 P2= 535 T1=  17 T2=  16  P= 563  D=  -1 * 0
 X= 809 X2= 812  Y= 709 Y2= 714 P1= 907 P2= 545 T1=  17 T2=  15  P= 537  D=  -1 * 0
 X= 810 X2= 812  Y= 709 Y2= 713 P1= 906 P2= 546 T1=  16 T2=  15  P= 534  D=  -1 * 0
 X= 810 X2= 810  Y= 709 Y2= 713 P1= 907 P2= 545 T1=  15 T2=  15  P= 537  D=  -1 * 1
 X= 809 X2= 810  Y= 709 Y2= 714 P1= 907 P2= 546 T1=  15 T2=  16  P= 534  D=  -1 * 2
 X= 808 X2= 810  Y= 709 Y2= 714 P1= 906 P2= 546 T1=  16 T2=  13  P= 533  D=  -1 * 3
 X= 809 X2= 810  Y= 709 Y2= 714 P1= 905 P2= 547 T1=  15 T2=  14  P= 529  D=  -1 * 4
 X= 809 X2= 809  Y= 709 Y2= 713 P1= 906 P2= 547 T1=  15 T2=  15  P= 530  D=  -1 * 5
 X= 808 X2= 810  Y= 709 Y2= 713 P1= 906 P2= 547 T1=  15 T2=  15  P= 530  D=  -1 * 6
 X= 809 X2= 810  Y= 709 Y2= 713 P1= 905 P2= 547 T1=  15 T2=  17  P= 529  D=  -1 * 7
 X= 809 X2= 809  Y= 709 Y2= 713 P1= 906 P2= 547 T1=  14 T2=  15  P= 530  D=  -1 * 8
 X= 809 X2= 810  Y= 711 Y2= 713 P1= 906 P2= 546 T1=  16 T2=  15  P= 533  D=  -1 * 9
 X= 808 X2= 810  Y= 709 Y2= 713 P1= 906 P2= 547 T1=  15 T2=  12  P= 530  D=  -1 * 10
 X= 809 X2= 810  Y= 709 Y2= 714 P1= 906 P2= 547 T1=  15 T2=  17  P= 530  D=  -1 * 11
 X= 808 X2= 810  Y= 709 Y2= 713 P1= 906 P2= 548 T1=  15 T2=  14  P= 528  D=  -1 * 12
 X= 809 X2= 810  Y= 708 Y2= 713 P1= 905 P2= 547 T1=  15 T2=  15  P= 529  D=  -1 * 13
 X= 809 X2= 809  Y= 710 Y2= 713 P1= 906 P2= 547 T1=  16 T2=  15  P= 530  D=  -1 * 14
 X= 809 X2= 809  Y= 709 Y2= 713 P1= 906 P2= 547 T1=  15 T2=  15  P= 530  D=  -1 * 15
 X= 808 X2= 810  Y= 709 Y2= 713 P1= 906 P2= 547 T1=  14 T2=  15  P= 530  D=  -1 * 16
 X= 806 X2= 810  Y= 709 Y2= 713 P1= 905 P2= 547 T1=  15 T2=  15  P= 528  D=  -1 * 17
 X= 808 X2= 810  Y= 709 Y2= 713 P1= 906 P2= 548 T1=  15 T2=  14  P= 528  D=  -1 * 18
 X= 809 X2= 810  Y= 709 Y2= 713 P1= 906 P2= 547 T1=  15 T2=  16  P= 530  D=  -1 * 19
 X= 809 X2= 810  Y= 709 Y2= 713 P1= 906 P2= 547 T1=  15 T2=  15  P= 530  D=  -1 * 20
 X= 808 X2= 809  Y= 709 Y2= 713 P1= 907 P2= 548 T1=  15 T2=  14  P= 529  D=  -1 * 21
 X= 809 X2= 810  Y= 708 Y2= 713 P1= 906 P2= 548 T1=  15 T2=  15  P= 528  D=  -1 * 22
 X= 809 X2= 810  Y= 709 Y2= 713 P1= 907 P2= 548 T1=  15 T2=  15  P= 529  D=  -1 * 23
 X= 809 X2= 809  Y= 706 Y2= 713 P1= 906 P2= 548 T1=  15 T2=  15  P= 528  D=  -1 * 24
Remove Pin
 X= 809 X2= 810  Y= 709 Y2= 713 P1= 906 P2= 548 T1=  15 T2=  15  P= 528  D=  -1 * 24
 X= 808 X2= 809  Y= 709 Y2= 713 P1= 906 P2= 548 T1=  15 T2=  15  P= 527  D=  -1 * 24
 X= 808 X2= 810  Y= 709 Y2= 713 P1= 906 P2= 548 T1=  15 T2=  15  P= 528  D=  -1 * 24
 X= 809 X2= 810  Y= 709 Y2= 713 P1= 906 P2= 548 T1=  16 T2=  15  P= 528  D=  -1 * 24
 X= 809 X2= 809  Y= 709 Y2= 713 P1= 906 P2= 547 T1=  15 T2=  15  P= 530  D=  -1 * 24
 X= 808 X2= 809  Y= 709 Y2= 713 P1= 904 P2= 548 T1=  15 T2=  15  P= 524  D=  -1 * 24
 X= 809 X2= 810  Y= 709 Y2= 718 P1= 907 P2= 548 T1=  15 T2=  16  P= 529  D=  -1 * 24
 X= 809 X2= 810  Y= 709 Y2= 713 P1= 906 P2= 548 T1=  15 T2=  15  P= 528  D=  -1 * 24
 X= 809 X2= 809  Y= 709 Y2= 713 P1= 906 P2= 548 T1=  15 T2=  15  P= 528  D=  -1 * 24
 X= 809 X2= 809  Y= 708 Y2= 713 P1= 906 P2= 548 T1=  14 T2=  15  P= 528  D=  -1 * 24
 X= 808 X2= 809  Y= 709 Y2= 713 P1= 906 P2= 548 T1=  16 T2=  15  P= 527  D=  -1 * 24
 X= 808 X2= 812  Y= 708 Y2= 713 P1= 906 P2= 547 T1=  15 T2=  15  P= 531  D=  -1 * 24
 X= 809 X2= 810  Y= 709 Y2= 712 P1= 906 P2= 548 T1=  15 T2=  15  P= 528  D=  -1 * 24
 X= 809 X2= 811  Y= 709 Y2= 713 P1= 906 P2= 552 T1=  15 T2=  15  P= 519  D=  -1 * 24
 X= 932 X2=1020  Y= 967 Y2=1023 P1=1023 P2=   0 T1=1021 T2= 882  P= 519  D=  -1 
 X= 949 X2= 995  Y= 990 Y2=1018 P1=1023 P2=   0 T1=1020 T2= 896  P= 519  D=  -1 
 X=1023 X2=1012  Y= 977 Y2=1018 P1=1023 P2=   0 T1=1021 T2= 898  P= 519  D=  -1 
target state=3 point=23,249
 X= 968 X2= 986  Y= 983 Y2=1023 P1=1023 P2=   0 T1=1023 T2= 906  P= 519  D=  -1 
 X= 956 X2=1023  Y= 974 Y2=1019 P1=1023 P2=   0 T1=1017 T2= 917  P= 519  D=  -1 
 X= 839 X2=1023  Y= 984 Y2=1023 P1=1023 P2=   0 T1=1019 T2= 916  P= 519  D=  -1 
 X= 939 X2=1023  Y= 978 Y2=1019 P1=1023 P2=   0 T1=1019 T2= 914  P= 519  D=  -1 
 X= 896 X2=1023  Y= 979 Y2=1023 P1=1023 P2=   0 T1=1019 T2= 912  P= 519  D=  -1 
 X=1005 X2=1005  Y= 965 Y2=1023 P1=1023 P2=   0 T1=1023 T2= 910  P= 519  D=  -1 
 X= 965 X2=1022  Y= 981 Y2=1023 P1=1023 P2=   0 T1=1019 T2= 899  P= 519  D=  -1 
 X=1003 X2=1002  Y= 976 Y2=1014 P1=1023 P2=   0 T1=1019 T2= 919  P= 519  D=  -1 
 X=1023 X2=1013  Y= 977 Y2=1023 P1=1022 P2=   0 T1=1023 T2= 902  P= 519  D=  -1 
 X= 958 X2=1023  Y= 973 Y2=1019 P1=1023 P2=   0 T1=1017 T2= 900  P= 519  D=  -1 
 X= 951 X2=1023  Y= 974 Y2=1023 P1=1023 P2=   0 T1=1019 T2= 913  P= 519  D=  -1 
 X= 957 X2=1021  Y= 973 Y2=1023 P1=1023 P2=   0 T1=1023 T2= 909  P= 519  D=  -1 
 X= 954 X2=1020  Y= 981 Y2=1019 P1=1023 P2=   0 T1=1023 T2= 901  P= 519  D=  -1 
 X= 839 X2=1023  Y= 978 Y2=1023 P1=1023 P2=   0 T1=1020 T2= 907  P= 519  D=  -1 
 X=1006 X2= 990  Y= 977 Y2=1018 P1=1023 P2=   0 T1=1023 T2= 894  P= 519  D=  -1 
 X= 990 X2=1011  Y= 975 Y2=1023 P1=1023 P2=   0 T1=1019 T2= 909  P= 519  D=  -1 
 X= 970 X2=1021  Y= 971 Y2=1023 P1=1023 P2=   0 T1=1023 T2= 920  P= 519  D=  -1 
 X= 950 X2=1021  Y= 974 Y2=1018 P1=1023 P2=   0 T1=1019 T2= 902  P= 519  D=  -1 
 X=1021 X2=1012  Y= 985 Y2=1021 P1=1023 P2=   0 T1=1019 T2= 914  P= 519  D=  -1 
 X= 895 X2=1023  Y= 980 Y2=1018 P1=1023 P2=   0 T1=1023 T2= 927  P= 519  D=  -1 
 X= 899 X2=1023  Y= 976 Y2=1018 P1=1023 P2=   0 T1=1020 T2= 917  P= 519  D=  -1 
 X= 981 X2=1013  Y= 980 Y2=1023 P1=1023 P2=   0 T1=1023 T2= 918  P= 519  D=  -1 
 X= 946 X2=1023  Y= 974 Y2=1023 P1=1023 P2=   0 T1=1023 T2= 881  P= 519  D=  -1 
 X= 972 X2=1021  Y=1016 Y2=1018 P1=1023 P2=   0 T1=1019 T2=1020  P= 519  D=  -1 
 X= 950 X2=1023  Y= 977 Y2=1017 P1=1023 P2=   0 T1=1023 T2= 914  P= 519  D=  -1 
 X= 955 X2=1022  Y= 962 Y2=1017 P1=1022 P2=   0 T1=1023 T2= 918  P= 519  D=  -1 
 X= 938 X2= 994  Y= 974 Y2=1023 P1=1023 P2=   0 T1=1019 T2= 925  P= 519  D=  -1 
 X= 961 X2= 992  Y= 968 Y2=1023 P1=1023 P2=   0 T1=1023 T2= 910  P= 519  D=  -1 
 X= 813 X2=1023  Y= 970 Y2=1023 P1=1023 P2=   0 T1=1019 T2= 904  P= 519  D=  -1 
 X= 893 X2=1023  Y= 985 Y2=1023 P1=1023 P2=   0 T1=1019 T2= 914  P= 519  D=  -1 
 X= 948 X2=1020  Y= 971 Y2=1018 P1=1023 P2=   0 T1=1023 T2= 913  P= 519  D=  -1 
 X= 870 X2=1022  Y= 985 Y2=1023 P1=1023 P2=   0 T1=1022 T2= 929  P= 519  D=  -1 
 X= 934 X2=1023  Y= 977 Y2=1023 P1=1023 P2=   0 T1=1020 T2= 907  P= 519  D=  -1 
 X= 884 X2=1016  Y= 969 Y2=1023 P1=1022 P2=   0 T1=1018 T2= 922  P= 519  D=  -1 
 X= 929 X2=1014  Y= 972 Y2=1020 P1=1023 P2=   0 T1=1019 T2= 895  P= 519  D=  -1 
 X= 964 X2=1021  Y= 973 Y2=1020 P1=1022 P2=   0 T1=1021 T2= 916  P= 519  D=  -1 
 X= 955 X2=1021  Y= 964 Y2=1019 P1=1023 P2=   0 T1=1023 T2= 901  P= 519  D=  -1 
 X= 890 X2=1022  Y= 972 Y2=1018 P1=1023 P2=   0 T1=1023 T2= 905  P= 519  D=  -1 
 X= 828 X2=1023  Y= 966 Y2=1023 P1=1023 P2=   0 T1=1023 T2= 905  P= 519  D=  -1 
 X= 993 X2=1013  Y= 971 Y2=1023 P1=1022 P2=   0 T1=1023 T2= 910  P= 519  D=  -1 
 X= 865 X2=1015  Y= 972 Y2=1023 P1=1023 P2=   0 T1=1023 T2= 906  P= 519  D=  -1 
 X= 894 X2=1021  Y= 971 Y2=1023 P1=1023 P2=   0 T1=1018 T2= 922  P= 519  D=  -1 
 X=1023 X2=1013  Y= 969 Y2=1018 P1=1023 P2=   1 T1=1023 T2= 884  P= 519  D=  -1 
 X=1016 X2=1018  Y= 979 Y2=1019 P1=1023 P2=   0 T1=1018 T2= 903  P= 519  D=  -1 
 X= 955 X2=1020  Y= 975 Y2=1018 P1=1022 P2=   0 T1=1023 T2= 919  P= 519  D=  -1 
 X= 951 X2=1020  Y= 975 Y2=1019 P1=1023 P2=   0 T1=1016 T2= 909  P= 519  D=  -1 
 X= 917 X2=1017  Y= 971 Y2=1019 P1=1023 P2=   0 T1=1019 T2= 888  P= 519  D=  -1 
 X= 944 X2=1020  Y= 969 Y2=1023 P1=1023 P2=   0 T1=1023 T2= 915  P= 519  D=  -1 
 X= 897 X2=1023  Y= 971 Y2=1018 P1=1023 P2=   0 T1=1023 T2= 909  P= 519  D=  -1 
 X=1023 X2=1014  Y= 982 Y2=1017 P1=1023 P2=   0 T1=1019 T2= 899  P= 519  D=  -1 
 X= 882 X2=1014  Y= 976 Y2=1023 P1=1023 P2=   0 T1=1018 T2= 910  P= 519  D=  -1 
 X=1023 X2=1013  Y= 977 Y2=1023 P1=1023 P2=   0 T1=1018 T2= 905  P= 519  D=  -1 
 X=1023 X2=1015  Y= 978 Y2=1023 P1=1022 P2=   0 T1=1019 T2= 924  P= 519  D=  -1 
 X= 829 X2=1023  Y= 981 Y2=1020 P1=1023 P2=   0 T1=1020 T2= 911  P= 519  D=  -1 
 X= 919 X2=1023  Y= 970 Y2=1023 P1=1023 P2=   0 T1=1020 T2= 896  P= 519  D=  -1 
 X= 952 X2=1023  Y= 972 Y2=1019 P1=1023 P2=   0 T1=1023 T2= 907  P= 519  D=  -1 
 X= 238 X2= 240  Y= 705 Y2= 701 P1= 830 P2= 241 T1=  21 T2=  23  P= 583  D=  -1 * 0
 X= 239 X2= 242  Y= 706 Y2= 701 P1= 849 P2= 214 T1=  23 T2=  26  P= 712  D=  -1 * 0
 X= 239 X2= 241  Y= 705 Y2= 700 P1= 839 P2= 231 T1=  24 T2=  23  P= 631  D=  -1 * 0
 X= 239 X2= 241  Y= 704 Y2= 700 P1= 836 P2= 234 T1=  24 T2=  23  P= 617  D=  -1 * 0
 X= 238 X2= 238  Y= 703 Y2= 701 P1= 835 P2= 235 T1=  23 T2=  23  P= 607  D=  -1 * 1
 X= 238 X2= 238  Y= 704 Y2= 699 P1= 834 P2= 236 T1=  23 T2=  22  P= 602  D=  -1 * 2
 X= 239 X2= 243  Y= 704 Y2= 700 P1= 834 P2= 237 T1=  23 T2=  22  P= 606  D=  -1 * 3
 X= 238 X2= 240  Y= 704 Y2= 699 P1= 833 P2= 237 T1=  23 T2=  22  P= 600  D=  -1 * 4
 X= 238 X2= 239  Y= 704 Y2= 700 P1= 833 P2= 238 T1=  26 T2=  23  P= 595  D=  -1 * 5
 X= 238 X2= 240  Y= 703 Y2= 700 P1= 833 P2= 238 T1=  24 T2=  26  P= 597  D=  -1 * 6
 X= 238 X2= 240  Y= 704 Y2= 700 P1= 832 P2= 238 T1=  24 T2=  22  P= 596  D=  -1 * 7
 X= 237 X2= 241  Y= 704 Y2= 700 P1= 832 P2= 238 T1=  23 T2=  23  P= 596  D=  -1 * 8
 X= 238 X2= 241  Y= 704 Y2= 700 P1= 832 P2= 239 T1=  23 T2=  23  P= 592  D=  -1 * 9
 X= 238 X2= 241  Y= 704 Y2= 700 P1= 832 P2= 239 T1=  23 T2=  21  P= 592  D=  -1 * 10
 X= 238 X2= 239  Y= 704 Y2= 699 P1= 832 P2= 239 T1=  23 T2=  22  P= 590  D=  -1 * 11
 X= 237 X2= 240  Y= 703 Y2= 689 P1= 831 P2= 239 T1=  22 T2=  22  P= 589  D=  -1 * 12
 X= 239 X2= 240  Y= 704 Y2= 699 P1= 832 P2= 239 T1=  23 T2=  22  P= 592  D=  -1 * 13
 X= 240 X2= 240  Y= 704 Y2= 699 P1= 832 P2= 239 T1=  23 T2=  23  P= 595  D=  -1 * 14
 X= 238 X2= 241  Y= 704 Y2= 700 P1= 832 P2= 239 T1=  23 T2=  22  P= 592  D=  -1 * 15
 X= 239 X2= 240  Y= 704 Y2= 700 P1= 832 P2= 239 T1=  22 T2=  21  P= 592  D=  -1 * 16
 X= 238 X2= 241  Y= 703 Y2= 700 P1= 832 P2= 240 T1=  22 T2=  23  P= 589  D=  -1 * 17
 X= 237 X2= 240  Y= 703 Y2= 700 P1= 832 P2= 240 T1=  24 T2=  23  P= 586  D=  -1 * 18
 X= 236 X2= 243  Y= 704 Y2= 699 P1= 832 P2= 240 T1=  23 T2=  23  P= 589  D=  -1 * 19
 X= 237 X2= 240  Y= 704 Y2= 700 P1= 831 P2= 239 T1=  23 T2=  22  P= 589  D=  -1 * 20
 X= 239 X2= 240  Y= 703 Y2= 700 P1= 832 P2= 239 T1=  23 T2=  23  P= 592  D=  -1 * 21
 X= 239 X2= 240  Y= 704 Y2= 700 P1= 832 P2= 239 T1=  25 T2=  22  P= 592  D=  -1 * 22
 X= 237 X2= 239  Y= 703 Y2= 700 P1= 832 P2= 239 T1=  22 T2=  23  P= 590  D=  -1 * 23
 X= 238 X2= 239  Y= 704 Y2= 699 P1= 831 P2= 240 T1=  23 T2=  23  P= 585  D=  -1 * 24
Remove Pin
 X= 238 X2= 241  Y= 704 Y2= 699 P1= 831 P2= 240 T1=  24 T2=  23  P= 588  D=  -1 * 24
 X= 237 X2= 240  Y= 704 Y2= 700 P1= 832 P2= 240 T1=  23 T2=  22  P= 586  D=  -1 * 24
 X= 238 X2= 240  Y= 703 Y2= 700 P1= 832 P2= 240 T1=  22 T2=  24  P= 589  D=  -1 * 24
 X= 241 X2= 241  Y= 703 Y2= 700 P1= 832 P2= 240 T1=  23 T2=  23  P= 594  D=  -1 * 24
 X= 239 X2= 240  Y= 703 Y2= 699 P1= 831 P2= 240 T1=  23 T2=  23  P= 588  D=  -1 * 24
 X= 238 X2= 241  Y= 704 Y2= 700 P1= 832 P2= 240 T1=  23 T2=  21  P= 589  D=  -1 * 24
 X= 239 X2= 239  Y= 704 Y2= 700 P1= 832 P2= 239 T1=  22 T2=  23  P= 592  D=  -1 * 24
 X= 238 X2= 240  Y= 704 Y2= 699 P1= 832 P2= 239 T1=  23 T2=  22  P= 592  D=  -1 * 24
 X= 238 X2= 240  Y= 704 Y2= 700 P1= 832 P2= 240 T1=  23 T2=  23  P= 589  D=  -1 * 24
 X= 238 X2= 240  Y= 704 Y2= 700 P1= 831 P2= 240 T1=  22 T2=  23  P= 588  D=  -1 * 24
 X= 237 X2= 240  Y= 703 Y2= 700 P1= 831 P2= 240 T1=  23 T2=  23  P= 585  D=  -1 * 24
 X= 238 X2= 240  Y= 704 Y2= 699 P1= 831 P2= 240 T1=  22 T2=  22  P= 588  D=  -1 * 24
 X= 238 X2= 240  Y= 703 Y2= 700 P1= 831 P2= 240 T1=  20 T2=  23  P= 588  D=  -1 * 24
 X= 239 X2= 240  Y= 704 Y2= 700 P1= 832 P2= 240 T1=  23 T2=  24  P= 589  D=  -1 * 24
 X= 238 X2= 240  Y= 706 Y2= 700 P1= 832 P2= 240 T1=  22 T2=  23  P= 589  D=  -1 * 24
 X= 238 X2= 241  Y= 703 Y2= 700 P1= 831 P2= 240 T1=  22 T2=  23  P= 588  D=  -1 * 24
 X= 858 X2=1023  Y= 976 Y2=1020 P1=1023 P2=   0 T1=1018 T2= 894  P= 588  D=  -1 
 X= 862 X2=1023  Y= 972 Y2=1018 P1=1023 P2=   0 T1=1023 T2= 907  P= 588  D=  -1 
 X=1023 X2=1008  Y= 970 Y2=1018 P1=1023 P2=   0 T1=1018 T2= 906  P= 588  D=  -1 
Target Noise  x= 2.50 y= 2.50
X[0]: Target= 23   239/ 240/ 240 Stdev= 0.46 N= 24  Y[0]: Target= 22   318/ 321/ 322 Stdev= 0.89 N= 24
X[1]: Target=456   810/ 811/ 815 Stdev= 0.95 N= 24  Y[1]: Target= 22   326/ 328/ 330 Stdev= 0.72 N= 24
X[2]: Target=456   808/ 809/ 811 Stdev= 0.53 N= 24  Y[2]: Target=249   710/ 711/ 712 Stdev= 0.34 N= 24
X[3]: Target= 23   238/ 239/ 241 Stdev= 0.73 N= 24  Y[3]: Target=249   696/ 701/ 702 Stdev= 1.18 N= 24
N=24 Avg=21
min: 20 21 21 22 22 22 
max: 23 23 22 22 22 22 
N=24 Avg=14
min: 14 14 14 14 14 14 
max: 16 16 16 16 15 15 
N=24 Avg=14
min: 13 14 14 14 14 14 
max: 16 16 15 15 15 15 
N=24 Avg=22
min: 21 22 22 22 22 22 
max: 25 24 23 23 23 23 
Using TNT center offset = 19
TNT Plane Coef: a= -861 b=   84 c= 392280
At  239, 321: Real=  22 Fit=  22 Offset=   3
At  810, 328: Real=  15 Fit=  16 Offset=  -3
At  809, 710: Real=  15 Fit=  16 Offset=  -3
At  238, 701: Real=  23 Fit=  23 Offset=   4
Fit Corners: 25, 13, 13, 26  Center: 19
Setting for min_tnt_up:   521
Setting for max_tnt_down: 24 (V2:36)
Entering calib_pressure_mfg
Using default pressure curve
468 471 487 495 509 524 553 575 612 
Summary:
Setting for max_tnt_down:      24
3.7 setting for max_tnt_down:     -1
Setting for min_tnt_up:       521
Setting for max_delta_tnt:      5
3.8 setting for max_delta_tnt:     -1
Setting for delay_in_us:        1
Setting for y_delay_in_us:      1
Setting for tnt_delay_in_us:    1
Setting for pressure_curve:  468 471 487 495 509 524 553 575 612
Setting for tnt_mode:           1
Setting for averaging:         -1
Setting for pointercal:      49695 130 -10411893 -479 39147 -11009974 65536
Setting for tnt_plane:       -861 84 392280
