new-calib: New touch screen calibration program v3.13
Serial Number='150A1E00010B06020308'
Using tnt_mode=1
Setting for delay_in_us:        1
Setting for y_delay_in_us:      1
Setting for tnt_delay_in_us:    1
Setting for max_delta_tnt:      5
Setting for tnt_mode:           1
Setting for averaging:         -1
Entering get_five_points
target_noise  x= 2.50 y= 2.50 t= 2.50
target state=0 point=240,136
 X=1023 X2=1017  Y= 956 Y2=  -1 P1=  -1 P2=  -1 T1=1022 T2= 981  P=  -1  D=  -1 
 X= 786 X2=1023  Y= 941 Y2=  -1 P1=  -1 P2=  -1 T1=1023 T2= 840  P=  -1  D=  -1 
 X=1023 X2=1012  Y= 969 Y2=1023 P1=  -1 P2=  -1 T1=1023 T2= 882  P=  -1  D=  -1 
 X=1023 X2=1008  Y= 965 Y2=1023 P1=  -1 P2=  -1 T1=1023 T2= 894  P=  -1  D=  -1 
 X= 892 X2=1018  Y= 963 Y2=1022 P1=  -1 P2=  -1 T1=1022 T2= 873  P=  -1  D=  -1 
 X=1022 X2=1015  Y= 968 Y2=1022 P1=  -1 P2=  -1 T1=1022 T2= 894  P=  -1  D=  -1 
 X= 893 X2=1023  Y= 975 Y2=1022 P1=  -1 P2=  -1 T1=1023 T2= 889  P=  -1  D=  -1 
 X= 964 X2=1005  Y= 966 Y2=1022 P1=  -1 P2=  -1 T1=1023 T2= 889  P=  -1  D=  -1 
 X= 969 X2=1005  Y= 969 Y2=1023 P1=  -1 P2=  -1 T1=1023 T2= 892  P=  -1  D=  -1 
 X= 932 X2=1009  Y= 976 Y2=1022 P1=  -1 P2=  -1 T1=1023 T2= 881  P=  -1  D=  -1 
 X=1022 X2=1011  Y= 969 Y2=1021 P1=  -1 P2=  -1 T1=1023 T2= 890  P=  -1  D=  -1 
 X=1023 X2=1005  Y= 972 Y2=1023 P1=  -1 P2=  -1 T1=1021 T2= 885  P=  -1  D=  -1 
 X= 861 X2=1023  Y= 969 Y2=1021 P1=  -1 P2=  -1 T1=1022 T2= 898  P=  -1  D=  -1 
 X= 909 X2=1023  Y= 972 Y2=1021 P1=  -1 P2=  -1 T1=1023 T2= 874  P=  -1  D=  -1 
 X= 873 X2=1023  Y= 973 Y2=1022 P1=  -1 P2=  -1 T1=1023 T2= 893  P=  -1  D=  -1 
 X= 835 X2=1023  Y= 960 Y2=1022 P1=  -1 P2=  -1 T1=1023 T2= 885  P=  -1  D=  -1 
 X= 930 X2=1022  Y= 967 Y2=1022 P1=  -1 P2=  -1 T1=1023 T2= 887  P=  -1  D=  -1 
 X= 898 X2=1018  Y= 967 Y2=1023 P1=  -1 P2=  -1 T1=1021 T2= 902  P=  -1  D=  -1 
 X= 864 X2=1014  Y= 961 Y2=1021 P1=  -1 P2=  -1 T1=1022 T2= 894  P=  -1  D=  -1 
 X= 909 X2=1023  Y= 977 Y2=1021 P1=  -1 P2=  -1 T1=1022 T2= 879  P=  -1  D=  -1 
 X= 890 X2=1019  Y=1023 Y2=1021 P1=  -1 P2=  -1 T1=1022 T2=1008  P=  -1  D=  -1 
 X=1023 X2=1000  Y= 966 Y2=1021 P1=  -1 P2=  -1 T1=1023 T2= 911  P=  -1  D=  -1 
 X= 845 X2=1023  Y= 961 Y2=1021 P1=  -1 P2=  -1 T1=1023 T2= 875  P=  -1  D=  -1 
 X= 890 X2=1017  Y= 964 Y2=1022 P1=  -1 P2=  -1 T1=1022 T2= 889  P=  -1  D=  -1 
 X= 831 X2=1023  Y= 967 Y2=1021 P1=  -1 P2=  -1 T1=1023 T2= 895  P=  -1  D=  -1 
 X= 939 X2=1023  Y= 978 Y2=1023 P1=  -1 P2=  -1 T1=1023 T2= 861  P=  -1  D=  -1 
 X= 984 X2=1011  Y= 974 Y2=1023 P1=  -1 P2=  -1 T1=1023 T2= 902  P=  -1  D=  -1 
 X= 963 X2= 985  Y= 969 Y2=1022 P1=  -1 P2=  -1 T1=1023 T2= 889  P=  -1  D=  -1 
 X= 873 X2=1023  Y= 966 Y2=1021 P1=  -1 P2=  -1 T1=1023 T2= 874  P=  -1  D=  -1 
 X= 926 X2=1023  Y= 972 Y2=1022 P1=  -1 P2=  -1 T1=1023 T2= 890  P=  -1  D=  -1 
 X= 917 X2=1023  Y= 967 Y2=1021 P1=  -1 P2=  -1 T1=1023 T2= 893  P=  -1  D=  -1 
 X= 903 X2=1023  Y= 967 Y2=1021 P1=  -1 P2=  -1 T1=1023 T2= 873  P=  -1  D=  -1 
 X= 816 X2=1023  Y= 974 Y2=1022 P1=  -1 P2=  -1 T1=1023 T2= 875  P=  -1  D=  -1 
 X= 971 X2=1012  Y= 958 Y2=1022 P1=  -1 P2=  -1 T1=1023 T2= 874  P=  -1  D=  -1 
 X= 883 X2=1017  Y= 964 Y2=1022 P1=  -1 P2=  -1 T1=1023 T2= 898  P=  -1  D=  -1 
 X= 918 X2= 991  Y= 967 Y2=1022 P1=  -1 P2=  -1 T1=1023 T2= 895  P=  -1  D=  -1 
 X=1018 X2=1013  Y= 953 Y2=1022 P1=  -1 P2=  -1 T1=1022 T2= 896  P=  -1  D=  -1 
 X= 862 X2=1022  Y= 979 Y2=1022 P1=  -1 P2=  -1 T1=1023 T2= 875  P=  -1  D=  -1 
 X= 889 X2=1021  Y= 974 Y2=1022 P1=  -1 P2=  -1 T1=1023 T2= 887  P=  -1  D=  -1 
 X= 921 X2= 977  Y= 969 Y2=1022 P1=  -1 P2=  -1 T1=1023 T2= 890  P=  -1  D=  -1 
 X= 764 X2=1023  Y= 955 Y2=1022 P1=  -1 P2=  -1 T1=1022 T2= 912  P=  -1  D=  -1 
 X= 767 X2=1023  Y= 957 Y2=1022 P1=  -1 P2=  -1 T1=1023 T2= 897  P=  -1  D=  -1 
 X= 987 X2= 998  Y= 969 Y2=1021 P1=  -1 P2=  -1 T1=1023 T2= 885  P=  -1  D=  -1 
 X= 925 X2=1011  Y= 968 Y2=1023 P1=  -1 P2=  -1 T1=1023 T2= 883  P=  -1  D=  -1 
 X= 924 X2=1021  Y= 961 Y2=1022 P1=  -1 P2=  -1 T1=1023 T2= 864  P=  -1  D=  -1 
 X= 972 X2= 994  Y= 965 Y2=1022 P1=  -1 P2=  -1 T1=1022 T2= 872  P=  -1  D=  -1 
 X= 791 X2=1023  Y= 967 Y2=1022 P1=  -1 P2=  -1 T1=1023 T2= 913  P=  -1  D=  -1 
 X= 828 X2=1023  Y= 979 Y2=1022 P1=  -1 P2=  -1 T1=1022 T2= 884  P=  -1  D=  -1 
 X=1023 X2=1010  Y= 971 Y2=1022 P1=  -1 P2=  -1 T1=1023 T2= 900  P=  -1  D=  -1 
 X= 758 X2=1023  Y= 968 Y2=1022 P1=  -1 P2=  -1 T1=1022 T2= 923  P=  -1  D=  -1 
 X= 915 X2=1012  Y= 965 Y2=1022 P1=  -1 P2=  -1 T1=1023 T2= 943  P=  -1  D=  -1 
 X= 999 X2=1011  Y= 966 Y2=1022 P1=  -1 P2=  -1 T1=1023 T2= 872  P=  -1  D=  -1 
 X= 908 X2=1019  Y= 964 Y2=1022 P1=  -1 P2=  -1 T1=1023 T2= 889  P=  -1  D=  -1 
 X= 934 X2=1019  Y= 970 Y2=1023 P1=  -1 P2=  -1 T1=1022 T2= 877  P=  -1  D=  -1 
 X= 927 X2=1023  Y= 965 Y2=1021 P1=  -1 P2=  -1 T1=1023 T2= 900  P=  -1  D=  -1 
 X=1023 X2=1004  Y= 967 Y2=1022 P1=  -1 P2=  -1 T1=1023 T2= 891  P=  -1  D=  -1 
 X= 750 X2=1023  Y= 967 Y2=1022 P1=  -1 P2=  -1 T1=1023 T2= 885  P=  -1  D=  -1 
 X= 872 X2=1023  Y= 972 Y2=1022 P1=  -1 P2=  -1 T1=1023 T2= 875  P=  -1  D=  -1 
 X= 882 X2=1010  Y= 965 Y2=1021 P1=  -1 P2=  -1 T1=1023 T2= 896  P=  -1  D=  -1 
 X= 728 X2=1023  Y= 963 Y2=1022 P1=  -1 P2=  -1 T1=1023 T2= 886  P=  -1  D=  -1 
 X= 833 X2=1023  Y= 969 Y2=1023 P1=  -1 P2=  -1 T1=1023 T2= 888  P=  -1  D=  -1 
 X= 965 X2= 994  Y= 967 Y2=1021 P1=  -1 P2=  -1 T1=1023 T2= 887  P=  -1  D=  -1 
 X= 945 X2=1012  Y= 966 Y2=1023 P1=  -1 P2=  -1 T1=1022 T2= 892  P=  -1  D=  -1 
 X= 926 X2=1022  Y= 978 Y2=1023 P1=  -1 P2=  -1 T1=1023 T2= 887  P=  -1  D=  -1 
 X= 934 X2=1022  Y= 968 Y2=1022 P1=  -1 P2=  -1 T1=1023 T2= 861  P=  -1  D=  -1 
 X= 904 X2=1019  Y= 970 Y2=1022 P1=  -1 P2=  -1 T1=1023 T2= 893  P=  -1  D=  -1 
 X= 931 X2=1023  Y= 963 Y2=1022 P1=  -1 P2=  -1 T1=1022 T2= 881  P=  -1  D=  -1 
 X= 902 X2=1023  Y= 973 Y2=1021 P1=  -1 P2=  -1 T1=1023 T2= 896  P=  -1  D=  -1 
 X= 929 X2=1012  Y= 965 Y2=1023 P1=  -1 P2=  -1 T1=1023 T2= 886  P=  -1  D=  -1 
 X= 904 X2=1023  Y= 961 Y2=1023 P1=  -1 P2=  -1 T1=1023 T2= 893  P=  -1  D=  -1 
 X=1023 X2=1002  Y= 964 Y2=1022 P1=  -1 P2=  -1 T1=1022 T2= 889  P=  -1  D=  -1 
 X= 972 X2= 998  Y= 964 Y2=1022 P1=  -1 P2=  -1 T1=1023 T2= 900  P=  -1  D=  -1 
 X= 858 X2=1023  Y= 967 Y2=1022 P1=  -1 P2=  -1 T1=1023 T2= 881  P=  -1  D=  -1 
 X=1023 X2=1011  Y= 967 Y2=1022 P1=  -1 P2=  -1 T1=1023 T2= 904  P=  -1  D=  -1 
 X=1023 X2= 985  Y= 965 Y2=1022 P1=  -1 P2=  -1 T1=1023 T2= 897  P=  -1  D=  -1 
 X= 833 X2=1021  Y= 960 Y2=1023 P1=  -1 P2=  -1 T1=1021 T2= 940  P=  -1  D=  -1 
 X= 845 X2=1023  Y= 976 Y2=1022 P1=  -1 P2=  -1 T1=1023 T2= 893  P=  -1  D=  -1 
 X= 959 X2=1010  Y= 963 Y2=1022 P1=  -1 P2=  -1 T1=1023 T2= 897  P=  -1  D=  -1 
 X= 921 X2=1018  Y= 968 Y2=1021 P1=  -1 P2=  -1 T1=1023 T2= 881  P=  -1  D=  -1 
 X= 918 X2=1021  Y= 962 Y2=1021 P1=  -1 P2=  -1 T1=1023 T2= 890  P=  -1  D=  -1 
 X= 920 X2=1015  Y= 966 Y2=1022 P1=  -1 P2=  -1 T1=1023 T2= 887  P=  -1  D=  -1 
 X= 960 X2= 994  Y= 970 Y2=1022 P1=  -1 P2=  -1 T1=1023 T2= 890  P=  -1  D=  -1 
 X= 912 X2=1023  Y= 973 Y2=1022 P1=  -1 P2=  -1 T1=1023 T2= 868  P=  -1  D=  -1 
 X= 911 X2=1021  Y= 968 Y2=1021 P1=  -1 P2=  -1 T1=1023 T2= 877  P=  -1  D=  -1 
 X= 766 X2=1023  Y= 961 Y2=1022 P1=  -1 P2=  -1 T1=1023 T2= 898  P=  -1  D=  -1 
 X= 831 X2=1023  Y= 972 Y2=1023 P1=  -1 P2=  -1 T1=1022 T2= 888  P=  -1  D=  -1 
 X= 962 X2=1004  Y= 965 Y2=1022 P1=  -1 P2=  -1 T1=1023 T2= 880  P=  -1  D=  -1 
 X= 948 X2=1023  Y= 969 Y2=1022 P1=  -1 P2=  -1 T1=1022 T2= 912  P=  -1  D=  -1 
 X= 903 X2=1019  Y= 964 Y2=1022 P1=  -1 P2=  -1 T1=1023 T2= 916  P=  -1  D=  -1 
 X=1010 X2= 991  Y= 959 Y2=1022 P1=  -1 P2=  -1 T1=1023 T2= 908  P=  -1  D=  -1 
 X=1007 X2=1013  Y= 961 Y2=1023 P1=  -1 P2=  -1 T1=1022 T2= 881  P=  -1  D=  -1 
 X= 842 X2=1023  Y= 977 Y2=1022 P1=  -1 P2=  -1 T1=1023 T2= 906  P=  -1  D=  -1 
 X= 907 X2=1023  Y= 968 Y2=1021 P1=  -1 P2=  -1 T1=1023 T2= 875  P=  -1  D=  -1 
 X= 929 X2=1023  Y= 964 Y2=1023 P1=  -1 P2=  -1 T1=1023 T2= 880  P=  -1  D=  -1 
 X= 863 X2=1023  Y= 978 Y2=1022 P1=  -1 P2=  -1 T1=1022 T2= 896  P=  -1  D=  -1 
 X= 831 X2=1023  Y= 965 Y2=1021 P1=  -1 P2=  -1 T1=1022 T2= 893  P=  -1  D=  -1 
 X= 930 X2=1009  Y= 969 Y2=1023 P1=  -1 P2=  -1 T1=1023 T2= 884  P=  -1  D=  -1 
 X= 877 X2=1023  Y= 966 Y2=1022 P1=  -1 P2=  -1 T1=1022 T2= 887  P=  -1  D=  -1 
 X=1023 X2= 999  Y= 961 Y2=1022 P1=  -1 P2=  -1 T1=1023 T2= 888  P=  -1  D=  -1 
 X=1023 X2=1010  Y= 964 Y2=1021 P1=  -1 P2=  -1 T1=1023 T2= 845  P=  -1  D=  -1 
 X= 970 X2=1012  Y= 995 Y2=1023 P1=  -1 P2=  -1 T1=1022 T2= 899  P=  -1  D=  -1 
 X= 930 X2=1022  Y= 965 Y2=1021 P1=  -1 P2=  -1 T1=1023 T2= 890  P=  -1  D=  -1 
 X= 930 X2= 983  Y= 970 Y2=1022 P1=  -1 P2=  -1 T1=1023 T2= 876  P=  -1  D=  -1 
 X= 931 X2=1018  Y= 963 Y2=1022 P1=  -1 P2=  -1 T1=1023 T2= 891  P=  -1  D=  -1 
 X= 821 X2=1023  Y= 957 Y2=1021 P1=  -1 P2=  -1 T1=1023 T2= 889  P=  -1  D=  -1 
 X= 994 X2= 986  Y= 959 Y2=1022 P1=  -1 P2=  -1 T1=1023 T2= 884  P=  -1  D=  -1 
 X=1023 X2=1011  Y= 969 Y2=1023 P1=  -1 P2=  -1 T1=1023 T2= 905  P=  -1  D=  -1 
 X=1023 X2= 997  Y= 973 Y2=1021 P1=  -1 P2=  -1 T1=1023 T2= 907  P=  -1  D=  -1 
 X= 983 X2=1004  Y= 964 Y2=1022 P1=  -1 P2=  -1 T1=1023 T2= 885  P=  -1  D=  -1 
 X=1010 X2= 987  Y= 974 Y2=1021 P1=  -1 P2=  -1 T1=1022 T2= 874  P=  -1  D=  -1 
 X= 873 X2=1023  Y= 970 Y2=1022 P1=  -1 P2=  -1 T1=1022 T2= 897  P=  -1  D=  -1 
 X= 855 X2=1023  Y= 981 Y2=1022 P1=  -1 P2=  -1 T1=1023 T2= 889  P=  -1  D=  -1 
 X= 850 X2=1014  Y= 973 Y2=1023 P1=  -1 P2=  -1 T1=1022 T2= 893  P=  -1  D=  -1 
 X= 760 X2=1023  Y= 966 Y2=1022 P1=  -1 P2=  -1 T1=1023 T2= 878  P=  -1  D=  -1 
 X=1023 X2=1005  Y= 966 Y2=1022 P1=  -1 P2=  -1 T1=1023 T2= 883  P=  -1  D=  -1 
 X= 969 X2= 995  Y= 984 Y2=1022 P1=  -1 P2=  -1 T1=1023 T2= 886  P=  -1  D=  -1 
 X= 781 X2=1023  Y= 962 Y2=1021 P1=  -1 P2=  -1 T1=1023 T2= 893  P=  -1  D=  -1 
 X= 912 X2= 982  Y= 973 Y2=1022 P1=  -1 P2=  -1 T1=1023 T2= 895  P=  -1  D=  -1 
 X= 999 X2= 978  Y= 957 Y2=1022 P1=  -1 P2=  -1 T1=1022 T2= 902  P=  -1  D=  -1 
 X= 769 X2=1023  Y= 963 Y2=1022 P1=  -1 P2=  -1 T1=1023 T2= 886  P=  -1  D=  -1 
 X= 851 X2=1023  Y= 967 Y2=1022 P1=  -1 P2=  -1 T1=1023 T2= 883  P=  -1  D=  -1 
 X=1023 X2=1018  Y=1016 Y2=1023 P1=  -1 P2=  -1 T1=1023 T2=1022  P=  -1  D=  -1 
 X=1022 X2= 989  Y= 970 Y2=1021 P1=  -1 P2=  -1 T1=1022 T2= 900  P=  -1  D=  -1 
 X= 878 X2=1023  Y= 972 Y2=1023 P1=  -1 P2=  -1 T1=1023 T2= 900  P=  -1  D=  -1 
 X= 975 X2=1008  Y= 970 Y2=1021 P1=  -1 P2=  -1 T1=1023 T2= 892  P=  -1  D=  -1 
 X= 900 X2=1023  Y= 978 Y2=1022 P1=  -1 P2=  -1 T1=1023 T2= 879  P=  -1  D=  -1 
 X= 917 X2=1023  Y= 970 Y2=1021 P1=  -1 P2=  -1 T1=1022 T2= 896  P=  -1  D=  -1 
 X= 922 X2=1021  Y= 957 Y2=1021 P1=  -1 P2=  -1 T1=1023 T2= 899  P=  -1  D=  -1 
 X= 923 X2=1023  Y= 967 Y2=1023 P1=  -1 P2=  -1 T1=1022 T2= 863  P=  -1  D=  -1 
 X= 863 X2=1023  Y= 973 Y2=1022 P1=  -1 P2=  -1 T1=1022 T2= 920  P=  -1  D=  -1 
 X= 904 X2=1023  Y= 964 Y2=1022 P1=  -1 P2=  -1 T1=1023 T2= 953  P=  -1  D=  -1 
 X= 858 X2=1015  Y= 963 Y2=1023 P1=  -1 P2=  -1 T1=1023 T2= 875  P=  -1  D=  -1 
 X= 886 X2=1023  Y= 974 Y2=1022 P1=  -1 P2=  -1 T1=1023 T2= 884  P=  -1  D=  -1 
 X=1023 X2= 997  Y= 959 Y2=1022 P1=  -1 P2=  -1 T1=1023 T2= 877  P=  -1  D=  -1 
 X= 963 X2= 983  Y= 966 Y2=1022 P1=  -1 P2=  -1 T1=1023 T2= 893  P=  -1  D=  -1 
 X= 878 X2=1023  Y= 964 Y2=1021 P1=  -1 P2=  -1 T1=1023 T2= 890  P=  -1  D=  -1 
 X=1023 X2=1005  Y= 962 Y2=1022 P1=  -1 P2=  -1 T1=1023 T2= 898  P=  -1  D=  -1 
 X= 925 X2=1021  Y= 969 Y2=1023 P1=  -1 P2=  -1 T1=1023 T2= 886  P=  -1  D=  -1 
 X= 884 X2=1023  Y= 970 Y2=1022 P1=  -1 P2=  -1 T1=1022 T2= 885  P=  -1  D=  -1 
 X= 864 X2=1023  Y= 974 Y2=1022 P1=  -1 P2=  -1 T1=1023 T2= 882  P=  -1  D=  -1 
 X= 965 X2=1012  Y= 967 Y2=1022 P1=  -1 P2=  -1 T1=1023 T2= 874  P=  -1  D=  -1 
 X= 845 X2=1016  Y= 968 Y2=1023 P1=  -1 P2=  -1 T1=1022 T2= 889  P=  -1  D=  -1 
 X= 918 X2=1022  Y= 974 Y2=1022 P1=  -1 P2=  -1 T1=1023 T2= 907  P=  -1  D=  -1 
 X= 987 X2=1015  Y= 968 Y2=1023 P1=  -1 P2=  -1 T1=1023 T2= 871  P=  -1  D=  -1 
 X= 825 X2=1023  Y= 991 Y2=1022 P1=  -1 P2=  -1 T1=1023 T2= 881  P=  -1  D=  -1 
 X= 843 X2=1023  Y= 965 Y2=1022 P1=  -1 P2=  -1 T1=1023 T2= 885  P=  -1  D=  -1 
 X= 930 X2=1017  Y= 968 Y2=1022 P1=  -1 P2=  -1 T1=1023 T2= 882  P=  -1  D=  -1 
 X= 871 X2=1023  Y= 964 Y2=1022 P1=  -1 P2=  -1 T1=1022 T2= 894  P=  -1  D=  -1 
 X= 939 X2=1023  Y= 984 Y2=1023 P1=  -1 P2=  -1 T1=1022 T2= 884  P=  -1  D=  -1 
 X= 918 X2=1018  Y= 973 Y2=1022 P1=  -1 P2=  -1 T1=1022 T2= 889  P=  -1  D=  -1 
 X= 859 X2=1023  Y= 970 Y2=1022 P1=  -1 P2=  -1 T1=1022 T2= 857  P=  -1  D=  -1 
 X=1019 X2= 995  Y= 968 Y2=1022 P1=  -1 P2=  -1 T1=1023 T2= 881  P=  -1  D=  -1 
 X=1023 X2= 994  Y= 972 Y2=1022 P1=  -1 P2=  -1 T1=1023 T2= 887  P=  -1  D=  -1 
 X=1005 X2=1013  Y= 970 Y2=1021 P1=  -1 P2=  -1 T1=1021 T2= 885  P=  -1  D=  -1 
 X= 852 X2=1023  Y= 967 Y2=1021 P1=  -1 P2=  -1 T1=1023 T2= 913  P=  -1  D=  -1 
 X= 847 X2=1023  Y= 973 Y2=1022 P1=  -1 P2=  -1 T1=1023 T2= 906  P=  -1  D=  -1 
 X= 890 X2=1017  Y= 973 Y2=1023 P1=  -1 P2=  -1 T1=1023 T2= 886  P=  -1  D=  -1 
 X= 885 X2=1023  Y= 973 Y2=1022 P1=  -1 P2=  -1 T1=1023 T2= 883  P=  -1  D=  -1 
 X= 974 X2= 998  Y= 959 Y2=1023 P1=  -1 P2=  -1 T1=1023 T2= 872  P=  -1  D=  -1 
 X= 959 X2= 987  Y= 970 Y2=1022 P1=  -1 P2=  -1 T1=1023 T2= 887  P=  -1  D=  -1 
 X= 878 X2=1019  Y= 961 Y2=1022 P1=  -1 P2=  -1 T1=1023 T2= 888  P=  -1  D=  -1 
 X= 878 X2=1019  Y= 972 Y2=1023 P1=  -1 P2=  -1 T1=1022 T2= 894  P=  -1  D=  -1 
 X= 987 X2= 986  Y= 965 Y2=1022 P1=  -1 P2=  -1 T1=1023 T2= 891  P=  -1  D=  -1 
 X= 865 X2=1023  Y= 969 Y2=1022 P1=  -1 P2=  -1 T1=1022 T2= 888  P=  -1  D=  -1 
 X= 899 X2=1022  Y= 969 Y2=1022 P1=  -1 P2=  -1 T1=1023 T2= 857  P=  -1  D=  -1 
 X= 844 X2=1014  Y= 970 Y2=1023 P1=  -1 P2=  -1 T1=1022 T2= 896  P=  -1  D=  -1 
 X= 900 X2=1018  Y= 956 Y2=1022 P1=  -1 P2=  -1 T1=1023 T2= 889  P=  -1  D=  -1 
 X= 759 X2=1023  Y= 963 Y2=1023 P1=  -1 P2=  -1 T1=1023 T2= 896  P=  -1  D=  -1 
 X=1018 X2=1006  Y= 962 Y2=1022 P1=  -1 P2=  -1 T1=1023 T2= 899  P=  -1  D=  -1 
 X= 969 X2= 997  Y= 970 Y2=1022 P1=  -1 P2=  -1 T1=1022 T2= 883  P=  -1  D=  -1 
 X= 834 X2=1023  Y= 974 Y2=1021 P1=  -1 P2=  -1 T1=1023 T2= 891  P=  -1  D=  -1 
 X=1023 X2=1007  Y= 970 Y2=1022 P1=  -1 P2=  -1 T1=1023 T2= 886  P=  -1  D=  -1 
 X= 795 X2=1023  Y= 965 Y2=1022 P1=  -1 P2=  -1 T1=1023 T2= 910  P=  -1  D=  -1 
 X= 837 X2=1023  Y= 954 Y2=1022 P1=  -1 P2=  -1 T1=1023 T2= 906  P=  -1  D=  -1 
 X= 883 X2=1023  Y= 968 Y2=1022 P1=  -1 P2=  -1 T1=1023 T2= 870  P=  -1  D=  -1 
 X= 846 X2=1023  Y= 967 Y2=1022 P1=  -1 P2=  -1 T1=1023 T2= 901  P=  -1  D=  -1 
 X= 925 X2=1018  Y= 961 Y2=1021 P1=  -1 P2=  -1 T1=1023 T2= 910  P=  -1  D=  -1 
 X=1023 X2=1001  Y= 963 Y2=1020 P1=  -1 P2=  -1 T1=1023 T2= 817  P=  -1  D=  -1 
 X= 973 X2=1014  Y= 971 Y2=1022 P1=  -1 P2=  -1 T1=1023 T2= 901  P=  -1  D=  -1 
 X= 888 X2=1023  Y= 968 Y2=1022 P1=  -1 P2=  -1 T1=1023 T2= 890  P=  -1  D=  -1 
 X= 926 X2=1023  Y= 964 Y2=1021 P1=  -1 P2=  -1 T1=1023 T2= 868  P=  -1  D=  -1 
 X= 927 X2= 982  Y= 968 Y2=1022 P1=  -1 P2=  -1 T1=1023 T2= 902  P=  -1  D=  -1 
 X= 893 X2=1018  Y= 960 Y2=1023 P1=  -1 P2=  -1 T1=1023 T2= 887  P=  -1  D=  -1 
 X= 877 X2=1023  Y= 972 Y2=1021 P1=  -1 P2=  -1 T1=1023 T2= 875  P=  -1  D=  -1 
 X= 946 X2=1005  Y= 963 Y2=1022 P1=  -1 P2=  -1 T1=1023 T2= 900  P=  -1  D=  -1 
 X= 916 X2=1023  Y= 972 Y2=1022 P1=  -1 P2=  -1 T1=1023 T2= 904  P=  -1  D=  -1 
 X= 926 X2= 980  Y= 961 Y2=1021 P1=  -1 P2=  -1 T1=1022 T2= 858  P=  -1  D=  -1 
 X=1015 X2=1002  Y= 971 Y2=1022 P1=  -1 P2=  -1 T1=1023 T2= 878  P=  -1  D=  -1 
 X= 978 X2= 990  Y= 976 Y2=1023 P1=  -1 P2=  -1 T1=1023 T2= 901  P=  -1  D=  -1 
 X= 849 X2=1023  Y= 968 Y2=1022 P1=  -1 P2=  -1 T1=1023 T2= 902  P=  -1  D=  -1 
 X= 903 X2=1023  Y= 962 Y2=1021 P1=  -1 P2=  -1 T1=1023 T2= 873  P=  -1  D=  -1 
 X= 909 X2=1018  Y= 966 Y2=1023 P1=  -1 P2=  -1 T1=1023 T2= 889  P=  -1  D=  -1 
 X= 830 X2=1023  Y= 966 Y2=1023 P1=  -1 P2=  -1 T1=1023 T2= 895  P=  -1  D=  -1 
 X= 949 X2= 996  Y= 967 Y2=1023 P1=  -1 P2=  -1 T1=1023 T2= 892  P=  -1  D=  -1 
 X= 882 X2=1015  Y= 961 Y2=1022 P1=  -1 P2=  -1 T1=1021 T2= 889  P=  -1  D=  -1 
 X= 897 X2=1019  Y= 964 Y2=1022 P1=  -1 P2=  -1 T1=1022 T2= 877  P=  -1  D=  -1 
 X= 913 X2= 981  Y= 969 Y2=1022 P1=  -1 P2=  -1 T1=1023 T2= 890  P=  -1  D=  -1 
 X=1023 X2=1008  Y= 969 Y2=1022 P1=  -1 P2=  -1 T1=1023 T2= 887  P=  -1  D=  -1 
 X= 910 X2=1022  Y= 978 Y2=1022 P1=  -1 P2=  -1 T1=1023 T2= 900  P=  -1  D=  -1 
 X= 908 X2=1022  Y= 971 Y2=1022 P1=  -1 P2=  -1 T1=1023 T2= 885  P=  -1  D=  -1 
 X= 751 X2=1023  Y= 977 Y2=1022 P1=  -1 P2=  -1 T1=1023 T2= 906  P=  -1  D=  -1 
 X= 785 X2=1023  Y= 963 Y2=1022 P1=  -1 P2=  -1 T1=1023 T2= 909  P=  -1  D=  -1 
 X= 863 X2=1023  Y= 965 Y2=1021 P1=  -1 P2=  -1 T1=1023 T2= 894  P=  -1  D=  -1 
 X= 974 X2= 998  Y= 965 Y2=1022 P1=  -1 P2=  -1 T1=1023 T2= 903  P=  -1  D=  -1 
 X= 847 X2=1016  Y= 965 Y2=1021 P1=  -1 P2=  -1 T1=1023 T2= 886  P=  -1  D=  -1 
 X= 929 X2=1023  Y= 976 Y2=1022 P1=  -1 P2=  -1 T1=1022 T2= 896  P=  -1  D=  -1 
 X=1013 X2= 998  Y= 966 Y2=1021 P1=  -1 P2=  -1 T1=1023 T2= 888  P=  -1  D=  -1 
 X= 911 X2=1023  Y= 982 Y2=1022 P1=  -1 P2=  -1 T1=1022 T2= 906  P=  -1  D=  -1 
 X= 931 X2=1023  Y= 972 Y2=1022 P1=  -1 P2=  -1 T1=1023 T2= 887  P=  -1  D=  -1 
 X= 913 X2=1023  Y= 978 Y2=1021 P1=  -1 P2=  -1 T1=1023 T2= 895  P=  -1  D=  -1 
 X= 869 X2=1018  Y= 961 Y2=1021 P1=  -1 P2=  -1 T1=1023 T2= 904  P=  -1  D=  -1 
 X= 769 X2=1023  Y= 962 Y2=1022 P1=  -1 P2=  -1 T1=1023 T2= 886  P=  -1  D=  -1 
 X=1019 X2=1013  Y= 968 Y2=1021 P1=  -1 P2=  -1 T1=1022 T2= 887  P=  -1  D=  -1 
 X= 920 X2=1023  Y= 964 Y2=1023 P1=  -1 P2=  -1 T1=1023 T2= 891  P=  -1  D=  -1 
 X= 853 X2=1023  Y= 968 Y2=1022 P1=  -1 P2=  -1 T1=1023 T2= 822  P=  -1  D=  -1 
 X= 907 X2=1023  Y= 980 Y2=1022 P1=  -1 P2=  -1 T1=1023 T2= 883  P=  -1  D=  -1 
 X= 941 X2=1022  Y= 977 Y2=1023 P1=  -1 P2=  -1 T1=1023 T2= 890  P=  -1  D=  -1 
 X= 923 X2=1021  Y= 977 Y2=1022 P1=  -1 P2=  -1 T1=1023 T2= 877  P=  -1  D=  -1 
 X= 924 X2=1023  Y= 975 Y2=1022 P1=  -1 P2=  -1 T1=1023 T2= 883  P=  -1  D=  -1 
 X= 939 X2=1017  Y= 971 Y2=1023 P1=  -1 P2=  -1 T1=1022 T2= 892  P=  -1  D=  -1 
 X= 806 X2=1023  Y= 971 Y2=1021 P1=  -1 P2=  -1 T1=1023 T2= 887  P=  -1  D=  -1 
 X=1006 X2=1013  Y= 965 Y2=1022 P1=  -1 P2=  -1 T1=1022 T2= 827  P=  -1  D=  -1 
 X= 946 X2=1020  Y=1022 Y2=1022 P1=  -1 P2=  -1 T1=1023 T2=1021  P=  -1  D=  -1 
 X= 919 X2=1023  Y= 968 Y2=1022 P1=  -1 P2=  -1 T1=1022 T2= 887  P=  -1  D=  -1 
 X= 902 X2= 973  Y= 976 Y2=1022 P1=  -1 P2=  -1 T1=1023 T2= 889  P=  -1  D=  -1 
 X= 939 X2=1019  Y= 976 Y2=1022 P1=  -1 P2=  -1 T1=1023 T2= 907  P=  -1  D=  -1 
 X= 810 X2=1023  Y= 963 Y2=1023 P1=  -1 P2=  -1 T1=1023 T2= 878  P=  -1  D=  -1 
 X= 887 X2=1023  Y= 965 Y2=1022 P1=  -1 P2=  -1 T1=1023 T2= 847  P=  -1  D=  -1 
 X= 970 X2=1015  Y= 970 Y2=1022 P1=  -1 P2=  -1 T1=1023 T2= 898  P=  -1  D=  -1 
 X= 852 X2=1017  Y= 963 Y2=1022 P1=  -1 P2=  -1 T1=1023 T2= 827  P=  -1  D=  -1 
 X= 918 X2=1023  Y= 962 Y2=1023 P1=  -1 P2=  -1 T1=1022 T2= 892  P=  -1  D=  -1 
 X=1022 X2=1009  Y= 970 Y2=1022 P1=  -1 P2=  -1 T1=1020 T2= 883  P=  -1  D=  -1 
 X= 910 X2=1008  Y= 962 Y2=1022 P1=  -1 P2=  -1 T1=1023 T2= 873  P=  -1  D=  -1 
 X= 846 X2=1023  Y= 977 Y2=1021 P1=  -1 P2=  -1 T1=1023 T2= 870  P=  -1  D=  -1 
 X=1023 X2=1012  Y= 975 Y2=1023 P1=  -1 P2=  -1 T1=1023 T2= 896  P=  -1  D=  -1 
 X= 759 X2=1023  Y= 967 Y2=1022 P1=  -1 P2=  -1 T1=1023 T2= 893  P=  -1  D=  -1 
 X= 806 X2=1023  Y= 966 Y2=1023 P1=  -1 P2=  -1 T1=1023 T2= 906  P=  -1  D=  -1 
 X= 838 X2=1023  Y= 967 Y2=1021 P1=  -1 P2=  -1 T1=1023 T2= 866  P=  -1  D=  -1 
 X= 940 X2=1013  Y= 958 Y2=1023 P1=  -1 P2=  -1 T1=1023 T2= 880  P=  -1  D=  -1 
 X= 939 X2=1018  Y= 967 Y2=1023 P1=  -1 P2=  -1 T1=1023 T2= 877  P=  -1  D=  -1 
 X= 870 X2=1020  Y= 970 Y2=1022 P1=  -1 P2=  -1 T1=1023 T2= 893  P=  -1  D=  -1 
 X= 959 X2=1008  Y= 966 Y2=1023 P1=  -1 P2=  -1 T1=1023 T2= 900  P=  -1  D=  -1 
 X= 843 X2=1023  Y= 975 Y2=1022 P1=  -1 P2=  -1 T1=1023 T2= 896  P=  -1  D=  -1 
 X= 889 X2=1023  Y= 965 Y2=1022 P1=  -1 P2=  -1 T1=1023 T2= 889  P=  -1  D=  -1 
 X= 922 X2=1023  Y= 964 Y2=1022 P1=  -1 P2=  -1 T1=1023 T2= 891  P=  -1  D=  -1 
 X= 768 X2=1023  Y= 971 Y2=1022 P1=  -1 P2=  -1 T1=1023 T2= 895  P=  -1  D=  -1 
 X= 823 X2=1023  Y= 973 Y2=1022 P1=  -1 P2=  -1 T1=1023 T2= 898  P=  -1  D=  -1 
 X= 941 X2=1004  Y= 978 Y2=1023 P1=  -1 P2=  -1 T1=1023 T2= 883  P=  -1  D=  -1 
 X=1023 X2=1001  Y= 968 Y2=1022 P1=  -1 P2=  -1 T1=1022 T2= 921  P=  -1  D=  -1 
 X= 941 X2=1013  Y= 989 Y2=1022 P1=  -1 P2=  -1 T1=1023 T2= 888  P=  -1  D=  -1 
 X= 725 X2=1023  Y= 956 Y2=1022 P1=  -1 P2=  -1 T1=1022 T2= 892  P=  -1  D=  -1 
 X= 949 X2=1022  Y= 953 Y2=1021 P1=  -1 P2=  -1 T1=1023 T2= 916  P=  -1  D=  -1 
 X= 935 X2=1023  Y= 970 Y2=1022 P1=  -1 P2=  -1 T1=1023 T2= 890  P=  -1  D=  -1 
 X= 889 X2=1023  Y= 969 Y2=1021 P1=  -1 P2=  -1 T1=1023 T2= 888  P=  -1  D=  -1 
 X= 866 X2=1016  Y= 958 Y2=1021 P1=  -1 P2=  -1 T1=1023 T2= 893  P=  -1  D=  -1 
 X= 906 X2=1023  Y= 971 Y2=1022 P1=  -1 P2=  -1 T1=1023 T2= 885  P=  -1  D=  -1 
 X= 980 X2=1013  Y= 955 Y2=1022 P1=  -1 P2=  -1 T1=1022 T2= 900  P=  -1  D=  -1 
 X= 901 X2=1023  Y= 973 Y2=1022 P1=  -1 P2=  -1 T1=1022 T2= 895  P=  -1  D=  -1 
 X= 881 X2=1018  Y= 972 Y2=1023 P1=  -1 P2=  -1 T1=1023 T2= 939  P=  -1  D=  -1 
 X= 981 X2=1007  Y= 963 Y2=1022 P1=  -1 P2=  -1 T1=1023 T2= 879  P=  -1  D=  -1 
 X=1013 X2=1013  Y= 975 Y2=1022 P1=  -1 P2=  -1 T1=1023 T2= 884  P=  -1  D=  -1 
 X= 842 X2=1023  Y= 979 Y2=1022 P1=  -1 P2=  -1 T1=1022 T2= 886  P=  -1  D=  -1 
 X= 934 X2=1023  Y= 967 Y2=1022 P1=  -1 P2=  -1 T1=1022 T2= 876  P=  -1  D=  -1 
 X= 866 X2=1016  Y= 970 Y2=1022 P1=  -1 P2=  -1 T1=1023 T2= 893  P=  -1  D=  -1 
 X= 875 X2=1015  Y= 957 Y2=1023 P1=  -1 P2=  -1 T1=1023 T2= 902  P=  -1  D=  -1 
 X=1023 X2=1001  Y= 981 Y2=1023 P1=  -1 P2=  -1 T1=1023 T2= 905  P=  -1  D=  -1 
 X= 998 X2=1013  Y= 965 Y2=1021 P1=  -1 P2=  -1 T1=1022 T2= 888  P=  -1  D=  -1 
 X= 952 X2=1012  Y= 967 Y2=1023 P1=  -1 P2=  -1 T1=1023 T2= 889  P=  -1  D=  -1 
 X= 890 X2=1023  Y= 971 Y2=1022 P1=  -1 P2=  -1 T1=1023 T2= 877  P=  -1  D=  -1 
 X= 990 X2= 987  Y= 966 Y2=1023 P1=  -1 P2=  -1 T1=1023 T2= 891  P=  -1  D=  -1 
 X= 813 X2=1023  Y= 968 Y2=1022 P1=  -1 P2=  -1 T1=1023 T2= 874  P=  -1  D=  -1 
 X= 887 X2=1023  Y= 974 Y2=1022 P1=  -1 P2=  -1 T1=1023 T2= 891  P=  -1  D=  -1 
 X= 894 X2=1011  Y= 962 Y2=1022 P1=  -1 P2=  -1 T1=1023 T2= 894  P=  -1  D=  -1 
 X= 924 X2=1018  Y= 960 Y2=1022 P1=  -1 P2=  -1 T1=1022 T2= 887  P=  -1  D=  -1 
 X= 764 X2=1023  Y= 969 Y2=1023 P1=  -1 P2=  -1 T1=1023 T2= 894  P=  -1  D=  -1 
 X= 865 X2=1019  Y= 980 Y2=1022 P1=  -1 P2=  -1 T1=1023 T2= 940  P=  -1  D=  -1 
 X= 955 X2=1023  Y= 958 Y2=1022 P1=  -1 P2=  -1 T1=1023 T2= 896  P=  -1  D=  -1 
 X= 882 X2=1023  Y= 976 Y2=1021 P1=  -1 P2=  -1 T1=1023 T2= 890  P=  -1  D=  -1 
 X= 949 X2=1023  Y= 962 Y2=1022 P1=  -1 P2=  -1 T1=1023 T2= 867  P=  -1  D=  -1 
 X= 785 X2=1023  Y= 956 Y2=1023 P1=  -1 P2=  -1 T1=1023 T2= 872  P=  -1  D=  -1 
 X= 762 X2=1023  Y= 970 Y2=1022 P1=  -1 P2=  -1 T1=1023 T2= 897  P=  -1  D=  -1 
 X= 815 X2=1023  Y= 975 Y2=1022 P1=  -1 P2=  -1 T1=1022 T2= 879  P=  -1  D=  -1 
 X= 971 X2=1010  Y= 964 Y2=1021 P1=  -1 P2=  -1 T1=1023 T2= 890  P=  -1  D=  -1 
 X= 757 X2=1023  Y= 966 Y2=1022 P1=  -1 P2=  -1 T1=1023 T2= 905  P=  -1  D=  -1 
 X= 929 X2= 989  Y= 963 Y2=1022 P1=  -1 P2=  -1 T1=1023 T2= 883  P=  -1  D=  -1 
 X=1010 X2=1012  Y= 956 Y2=1023 P1=  -1 P2=  -1 T1=1023 T2= 874  P=  -1  D=  -1 
 X= 765 X2=1022  Y= 967 Y2=1022 P1=  -1 P2=  -1 T1=1022 T2= 895  P=  -1  D=  -1 
 X= 917 X2=1023  Y= 970 Y2=1021 P1=  -1 P2=  -1 T1=1022 T2= 905  P=  -1  D=  -1 
 X= 932 X2= 985  Y= 970 Y2=1021 P1=  -1 P2=  -1 T1=1023 T2= 899  P=  -1  D=  -1 
 X= 940 X2=1023  Y= 963 Y2=1023 P1=  -1 P2=  -1 T1=1023 T2= 891  P=  -1  D=  -1 
 X= 837 X2=1023  Y= 973 Y2=1021 P1=  -1 P2=  -1 T1=1023 T2= 904  P=  -1  D=  -1 
 X= 963 X2= 998  Y= 958 Y2=1022 P1=  -1 P2=  -1 T1=1023 T2= 866  P=  -1  D=  -1 
 X= 885 X2=1018  Y= 969 Y2=1021 P1=  -1 P2=  -1 T1=1022 T2= 902  P=  -1  D=  -1 
 X= 906 X2= 987  Y= 965 Y2=1022 P1=  -1 P2=  -1 T1=1023 T2= 883  P=  -1  D=  -1 
 X= 921 X2= 990  Y= 963 Y2=1021 P1=  -1 P2=  -1 T1=1023 T2= 870  P=  -1  D=  -1 
 X= 999 X2=1013  Y= 970 Y2=1021 P1=  -1 P2=  -1 T1=1023 T2= 877  P=  -1  D=  -1 
 X= 863 X2=1023  Y= 967 Y2=1022 P1=  -1 P2=  -1 T1=1023 T2= 900  P=  -1  D=  -1 
 X=1023 X2= 998  Y= 967 Y2=1022 P1=  -1 P2=  -1 T1=1023 T2= 880  P=  -1  D=  -1 
 X= 925 X2=1018  Y= 963 Y2=1023 P1=  -1 P2=  -1 T1=1023 T2= 893  P=  -1  D=  -1 
 X= 910 X2= 986  Y= 974 Y2=1021 P1=  -1 P2=  -1 T1=1023 T2= 897  P=  -1  D=  -1 
 X= 912 X2=1023  Y= 960 Y2=1023 P1=  -1 P2=  -1 T1=1023 T2= 893  P=  -1  D=  -1 
 X= 527 X2= 527  Y= 524 Y2= 524 P1= 836 P2= 395 T1=  20 T2=  19  P= 588  D=  -1 * 0
 X= 529 X2= 529  Y= 528 Y2= 529 P1= 864 P2= 327 T1=  22 T2=  30  P= 588  D=  -1 * 0
 X= 529 X2= 530  Y= 528 Y2= 529 P1= 855 P2= 355 T1=  24 T2=  23  P= 744  D=  -1 * 0
 X= 527 X2= 527  Y= 526 Y2= 527 P1= 845 P2= 376 T1=  20 T2=  21  P= 657  D=  -1 * 0
 X= 526 X2= 526  Y= 526 Y2= 526 P1= 839 P2= 388 T1=  20 T2=  19  P= 611  D=  -1 * 1
 X= 526 X2= 525  Y= 525 Y2= 525 P1= 837 P2= 393 T1=  19 T2=  20  P= 592  D=  -1 * 2
 X= 526 X2= 526  Y= 525 Y2= 526 P1= 837 P2= 391 T1=  20 T2=  20  P= 599  D=  -1 * 3
 X= 527 X2= 526  Y= 525 Y2= 526 P1= 838 P2= 391 T1=  19 T2=  19  P= 601  D=  -1 * 4
 X= 526 X2= 525  Y= 526 Y2= 525 P1= 836 P2= 395 T1=  18 T2=  18  P= 585  D=  -1 * 5
 X= 526 X2= 525  Y= 525 Y2= 525 P1= 835 P2= 397 T1=  18 T2=  19  P= 579  D=  -1 * 6
 X= 525 X2= 526  Y= 525 Y2= 525 P1= 834 P2= 398 T1=  19 T2=  19  P= 574  D=  -1 * 7
 X= 526 X2= 525  Y= 525 Y2= 525 P1= 834 P2= 399 T1=  19 T2=  19  P= 572  D=  -1 * 8
 X= 525 X2= 524  Y= 525 Y2= 524 P1= 834 P2= 399 T1=  18 T2=  19  P= 571  D=  -1 * 9
 X= 525 X2= 525  Y= 525 Y2= 525 P1= 834 P2= 399 T1=  19 T2=  19  P= 572  D=  -1 * 10
 X= 525 X2= 525  Y= 525 Y2= 525 P1= 834 P2= 401 T1=  18 T2=  19  P= 566  D=  -1 * 11
 X= 525 X2= 525  Y= 525 Y2= 524 P1= 832 P2= 403 T1=  18 T2=  18  P= 558  D=  -1 * 12
 X= 525 X2= 525  Y= 525 Y2= 525 P1= 833 P2= 402 T1=  19 T2=  19  P= 562  D=  -1 * 13
 X= 525 X2= 524  Y= 525 Y2= 525 P1= 833 P2= 402 T1=  19 T2=  18  P= 561  D=  -1 * 14
 X= 528 X2= 526  Y= 525 Y2= 525 P1= 832 P2= 402 T1=  19 T2=  19  P= 563  D=  -1 * 15
 X= 525 X2= 525  Y= 525 Y2= 525 P1= 833 P2= 403 T1=  19 T2=  19  P= 559  D=  -1 * 16
 X= 525 X2= 525  Y= 524 Y2= 525 P1= 832 P2= 403 T1=  19 T2=  19  P= 558  D=  -1 * 17
 X= 525 X2= 525  Y= 525 Y2= 525 P1= 831 P2= 404 T1=  19 T2=  18  P= 554  D=  -1 * 18
 X= 525 X2= 525  Y= 525 Y2= 524 P1= 831 P2= 403 T1=  19 T2=  18  P= 557  D=  -1 * 19
 X= 526 X2= 525  Y= 525 Y2= 524 P1= 831 P2= 404 T1=  20 T2=  18  P= 554  D=  -1 * 20
 X= 525 X2= 525  Y= 525 Y2= 524 P1= 832 P2= 405 T1=  19 T2=  18  P= 553  D=  -1 * 21
 X= 525 X2= 525  Y= 524 Y2= 525 P1= 831 P2= 404 T1=  18 T2=  19  P= 554  D=  -1 * 22
 X= 524 X2= 525  Y= 524 Y2= 524 P1= 831 P2= 404 T1=  19 T2=  18  P= 553  D=  -1 * 23
 X= 525 X2= 525  Y= 524 Y2= 524 P1= 831 P2= 404 T1=  18 T2=  18  P= 554  D=  -1 * 24
Remove Pin
 X= 525 X2= 525  Y= 525 Y2= 525 P1= 831 P2= 404 T1=  18 T2=  18  P= 554  D=  -1 * 24
 X= 525 X2= 526  Y= 524 Y2= 524 P1= 831 P2= 405 T1=  19 T2=  18  P= 551  D=  -1 * 24
 X= 525 X2= 525  Y= 524 Y2= 524 P1= 831 P2= 405 T1=  18 T2=  18  P= 551  D=  -1 * 24
 X= 525 X2= 524  Y= 525 Y2= 525 P1= 831 P2= 405 T1=  18 T2=  19  P= 550  D=  -1 * 24
 X= 524 X2= 525  Y= 525 Y2= 524 P1= 832 P2= 405 T1=  18 T2=  19  P= 552  D=  -1 * 24
 X= 525 X2= 525  Y= 524 Y2= 525 P1= 832 P2= 405 T1=  18 T2=  19  P= 553  D=  -1 * 24
 X= 525 X2= 525  Y= 525 Y2= 525 P1= 831 P2= 406 T1=  19 T2=  19  P= 549  D=  -1 * 24
 X= 525 X2= 525  Y= 525 Y2= 524 P1= 831 P2= 405 T1=  18 T2=  19  P= 551  D=  -1 * 24
 X= 525 X2= 526  Y= 525 Y2= 525 P1= 831 P2= 405 T1=  18 T2=  18  P= 551  D=  -1 * 24
 X= 525 X2= 525  Y= 524 Y2= 525 P1= 831 P2= 406 T1=  20 T2=  18  P= 549  D=  -1 * 24
 X= 525 X2= 525  Y= 524 Y2= 525 P1= 830 P2= 405 T1=  19 T2=  19  P= 550  D=  -1 * 24
 X= 525 X2= 525  Y= 525 Y2= 524 P1= 831 P2= 405 T1=  19 T2=  18  P= 551  D=  -1 * 24
 X= 525 X2= 525  Y= 525 Y2= 525 P1= 831 P2= 405 T1=  19 T2=  18  P= 551  D=  -1 * 24
 X= 525 X2= 525  Y= 525 Y2= 525 P1= 831 P2= 405 T1=  19 T2=  18  P= 551  D=  -1 * 24
 X= 525 X2= 525  Y= 525 Y2= 524 P1= 831 P2= 405 T1=  18 T2=  18  P= 551  D=  -1 * 24
 X= 525 X2= 525  Y= 524 Y2= 524 P1= 831 P2= 404 T1=  19 T2=  18  P= 554  D=  -1 * 24
 X= 524 X2= 525  Y= 525 Y2= 525 P1= 831 P2= 405 T1=  18 T2=  19  P= 550  D=  -1 * 24
 X= 524 X2= 525  Y= 525 Y2= 524 P1= 831 P2= 405 T1=  19 T2=  18  P= 550  D=  -1 * 24
 X= 525 X2= 525  Y= 524 Y2= 525 P1= 831 P2= 405 T1=  18 T2=  18  P= 551  D=  -1 * 24
 X= 525 X2= 524  Y= 525 Y2= 525 P1= 830 P2= 407 T1=  18 T2=  18  P= 544  D=  -1 * 24
 X= 759 X2=1023  Y= 962 Y2=1022 P1=1023 P2=   0 T1=1023 T2= 797  P= 544  D=  -1 
 X= 990 X2= 992  Y= 981 Y2=1023 P1=1023 P2=   0 T1=1023 T2= 904  P= 544  D=  -1 
 X= 980 X2=1007  Y= 973 Y2=1022 P1=1023 P2=   0 T1=1022 T2= 878  P= 544  D=  -1 
target state=1 point=23,22
 X= 913 X2=1023  Y= 976 Y2=1022 P1=1023 P2=   0 T1=1023 T2= 888  P= 544  D=  -1 
 X= 907 X2=1023  Y= 971 Y2=1022 P1=1023 P2=   0 T1=1023 T2= 876  P= 544  D=  -1 
 X= 953 X2=1005  Y= 961 Y2=1022 P1=1023 P2=   0 T1=1023 T2= 885  P= 544  D=  -1 
 X= 945 X2=1015  Y= 949 Y2=1023 P1=1023 P2=   0 T1=1022 T2= 902  P= 544  D=  -1 
 X= 922 X2=1023  Y= 976 Y2=1022 P1=1023 P2=   0 T1=1023 T2= 882  P= 544  D=  -1 
 X= 912 X2= 991  Y= 972 Y2=1021 P1=1023 P2=   0 T1=1022 T2= 919  P= 544  D=  -1 
 X=1023 X2= 999  Y= 978 Y2=1022 P1=1023 P2=   0 T1=1023 T2= 890  P= 544  D=  -1 
 X= 786 X2=1023  Y= 962 Y2=1021 P1=1023 P2=   0 T1=1023 T2= 877  P= 544  D=  -1 
 X= 935 X2= 989  Y= 964 Y2=1021 P1=1023 P2=   0 T1=1023 T2= 913  P= 544  D=  -1 
 X= 924 X2=1019  Y= 973 Y2=1023 P1=1023 P2=   0 T1=1023 T2= 891  P= 544  D=  -1 
 X= 870 X2=1023  Y= 966 Y2=1022 P1=1023 P2=   0 T1=1023 T2= 879  P= 544  D=  -1 
 X= 986 X2= 995  Y= 966 Y2=1021 P1=1023 P2=   0 T1=1023 T2= 896  P= 544  D=  -1 
 X= 942 X2=1007  Y= 971 Y2=1023 P1=1023 P2=   0 T1=1023 T2= 907  P= 544  D=  -1 
 X= 843 X2=1014  Y= 970 Y2=1022 P1=1023 P2=   0 T1=1022 T2= 859  P= 544  D=  -1 
 X= 889 X2=1023  Y= 977 Y2=1021 P1=1023 P2=   0 T1=1023 T2= 899  P= 544  D=  -1 
 X= 974 X2= 998  Y= 973 Y2=1022 P1=1023 P2=   0 T1=1022 T2= 889  P= 544  D=  -1 
 X= 837 X2=1023  Y= 966 Y2=1022 P1=1023 P2=   0 T1=1023 T2= 903  P= 544  D=  -1 
 X= 815 X2=1023  Y= 970 Y2=1022 P1=1023 P2=   0 T1=1023 T2= 900  P= 544  D=  -1 
 X= 950 X2=1013  Y= 971 Y2=1023 P1=1023 P2=   0 T1=1023 T2= 870  P= 544  D=  -1 
 X= 910 X2=1018  Y= 960 Y2=1022 P1=1023 P2=   0 T1=1023 T2= 866  P= 544  D=  -1 
 X= 903 X2=1021  Y= 962 Y2=1022 P1=1023 P2=   0 T1=1023 T2= 894  P= 544  D=  -1 
 X= 980 X2= 999  Y= 968 Y2=1023 P1=1023 P2=   0 T1=1023 T2= 885  P= 544  D=  -1 
 X= 917 X2=1018  Y= 969 Y2=1023 P1=1023 P2=   0 T1=1023 T2= 890  P= 544  D=  -1 
 X=1022 X2=1012  Y= 968 Y2=1023 P1=1023 P2=   0 T1=1022 T2= 879  P= 544  D=  -1 
 X= 930 X2=1003  Y= 974 Y2=1022 P1=1023 P2=   0 T1=1023 T2= 896  P= 544  D=  -1 
 X= 905 X2=1023  Y= 976 Y2=1023 P1=1023 P2=   0 T1=1023 T2= 887  P= 544  D=  -1 
 X= 823 X2=1023  Y= 960 Y2=1021 P1=1023 P2=   0 T1=1023 T2= 888  P= 544  D=  -1 
 X= 908 X2=1009  Y= 964 Y2=1023 P1=1023 P2=   0 T1=1023 T2= 905  P= 544  D=  -1 
 X= 852 X2=1016  Y= 955 Y2=1023 P1=1023 P2=   0 T1=1023 T2= 919  P= 544  D=  -1 
 X= 844 X2=1023  Y= 973 Y2=1022 P1=1023 P2=   0 T1=1023 T2= 888  P= 544  D=  -1 
 X=1023 X2=1001  Y= 972 Y2=1022 P1=1023 P2=   0 T1=1023 T2= 898  P= 544  D=  -1 
 X=1012 X2=1014  Y= 966 Y2=1022 P1=1023 P2=   0 T1=1023 T2= 891  P= 544  D=  -1 
 X= 864 X2=1023  Y= 958 Y2=1021 P1=1023 P2=   0 T1=1023 T2= 887  P= 544  D=  -1 
 X= 909 X2=1023  Y= 956 Y2=1022 P1=1023 P2=   0 T1=1023 T2= 879  P= 544  D=  -1 
 X= 915 X2=1023  Y= 963 Y2=1022 P1=1023 P2=   0 T1=1023 T2= 867  P= 544  D=  -1 
 X= 748 X2=1023  Y= 964 Y2=1023 P1=1023 P2=   0 T1=1023 T2= 879  P= 544  D=  -1 
 X= 869 X2=1023  Y= 967 Y2=1022 P1=1023 P2=   0 T1=1023 T2= 891  P= 544  D=  -1 
 X= 961 X2=1014  Y= 966 Y2=1023 P1=1023 P2=   0 T1=1023 T2= 879  P= 544  D=  -1 
 X= 891 X2=1017  Y= 973 Y2=1023 P1=1023 P2=   0 T1=1023 T2= 900  P= 544  D=  -1 
 X= 909 X2=1020  Y= 970 Y2=1021 P1=1023 P2=   0 T1=1023 T2= 892  P= 544  D=  -1 
 X=1023 X2=1001  Y= 968 Y2=1021 P1=1023 P2=   0 T1=1023 T2= 875  P= 544  D=  -1 
 X= 862 X2=1023  Y= 961 Y2=1022 P1=1023 P2=   0 T1=1023 T2= 890  P= 544  D=  -1 
 X= 921 X2=1023  Y= 963 Y2=1021 P1=1023 P2=   0 T1=1023 T2= 880  P= 544  D=  -1 
 X= 888 X2=1023  Y= 972 Y2=1022 P1=1023 P2=   0 T1=1023 T2= 903  P= 544  D=  -1 
 X= 927 X2=1023  Y= 962 Y2=1023 P1=1023 P2=   0 T1=1023 T2= 897  P= 544  D=  -1 
 X= 729 X2=1023  Y= 967 Y2=1022 P1=1023 P2=   0 T1=1023 T2= 890  P= 544  D=  -1 
 X= 784 X2=1023  Y= 970 Y2=1022 P1=1023 P2=   0 T1=1023 T2= 898  P= 544  D=  -1 
 X= 908 X2=1018  Y= 976 Y2=1023 P1=1023 P2=   0 T1=1022 T2= 889  P= 544  D=  -1 
 X= 983 X2=1008  Y= 965 Y2=1023 P1=1023 P2=   0 T1=1023 T2= 891  P= 544  D=  -1 
 X= 919 X2= 981  Y= 967 Y2=1021 P1=1023 P2=   0 T1=1023 T2= 887  P= 544  D=  -1 
 X= 958 X2=1011  Y= 969 Y2=1023 P1=1023 P2=   0 T1=1023 T2= 896  P= 544  D=  -1 
 X= 859 X2=1023  Y= 970 Y2=1023 P1=1023 P2=   0 T1=1023 T2= 876  P= 544  D=  -1 
 X= 848 X2=1023  Y= 969 Y2=1021 P1=1023 P2=   0 T1=1023 T2= 898  P= 544  D=  -1 
 X= 850 X2=1016  Y= 964 Y2=1021 P1=1023 P2=   0 T1=1022 T2= 885  P= 544  D=  -1 
 X= 890 X2=1023  Y= 963 Y2=1023 P1=1023 P2=   0 T1=1023 T2= 903  P= 544  D=  -1 
 X=1023 X2= 997  Y= 970 Y2=1022 P1=1023 P2=   0 T1=1023 T2= 877  P= 544  D=  -1 
 X= 968 X2= 995  Y= 967 Y2=1022 P1=1023 P2=   0 T1=1022 T2= 895  P= 544  D=  -1 
 X=1022 X2=1019  Y= 984 Y2=1022 P1=1023 P2=   0 T1=1023 T2= 907  P= 544  D=  -1 
 X= 998 X2= 974  Y= 965 Y2=1023 P1=1023 P2=   0 T1=1023 T2= 870  P= 544  D=  -1 
 X=1017 X2= 998  Y= 971 Y2=1022 P1=1023 P2=   0 T1=1023 T2= 888  P= 544  D=  -1 
 X= 736 X2=1023  Y= 958 Y2=1021 P1=1023 P2=   0 T1=1022 T2= 899  P= 544  D=  -1 
 X= 837 X2=1023  Y= 968 Y2=1021 P1=1023 P2=   0 T1=1023 T2= 887  P= 544  D=  -1 
 X= 851 X2=1013  Y= 970 Y2=1023 P1=1023 P2=   0 T1=1023 T2= 909  P= 544  D=  -1 
 X= 910 X2=1019  Y= 959 Y2=1023 P1=1023 P2=   0 T1=1023 T2= 885  P= 544  D=  -1 
 X= 877 X2=1023  Y= 978 Y2=1021 P1=1023 P2=   0 T1=1023 T2= 897  P= 544  D=  -1 
 X=1009 X2=1013  Y= 965 Y2=1021 P1=1023 P2=   0 T1=1023 T2= 900  P= 544  D=  -1 
 X= 824 X2=1023  Y= 963 Y2=1022 P1=1023 P2=   0 T1=1022 T2=  63  P= 544  D=  -1 
 X= 243 X2= 240  Y= 349 Y2= 343 P1= 773 P2= 164 T1=  29 T2=  29  P= 894  D=  -1 * 0
 X= 247 X2= 245  Y= 355 Y2= 348 P1= 802 P2= 144 T1=  34 T2=  35  P= 894  D=  -1 
 X= 248 X2= 246  Y= 355 Y2= 348 P1= 795 P2= 150 T1=  34 T2=  31  P= 894  D=  -1 
 X= 241 X2= 239  Y= 349 Y2= 342 P1= 772 P2= 164 T1=  28 T2=  29  P= 889  D=  -1 * 0
 X= 244 X2= 242  Y= 352 Y2= 344 P1= 784 P2= 157 T1=  32 T2=  30  P= 970  D=  -1 
 X= 238 X2= 240  Y= 349 Y2= 342 P1= 778 P2= 161 T1=  29 T2=  29  P= 915  D=  -1 * 0
 X= 242 X2= 240  Y= 350 Y2= 342 P1= 776 P2= 162 T1=  30 T2=  30  P= 913  D=  -1 * 0
 X= 241 X2= 239  Y= 348 Y2= 341 P1= 767 P2= 168 T1=  27 T2=  27  P= 855  D=  -1 * 1
 X= 245 X2= 243  Y= 352 Y2= 345 P1= 789 P2= 153 T1=  32 T2=  32  P=1014  D=  -1 
 X= 246 X2= 243  Y= 352 Y2= 346 P1= 789 P2= 152 T1=  32 T2=  32  P=1022  D=  -1 
 X= 245 X2= 243  Y= 353 Y2= 345 P1= 787 P2= 153 T1=  32 T2=  32  P=1010  D=  -1 
 X= 246 X2= 243  Y= 352 Y2= 345 P1= 788 P2= 153 T1=  32 T2=  32  P=1012  D=  -1 
 X= 244 X2= 242  Y= 351 Y2= 344 P1= 783 P2= 155 T1=  32 T2=  31  P= 984  D=  -1 
 X= 244 X2= 240  Y= 350 Y2= 343 P1= 779 P2= 159 T1=  31 T2=  30  P= 943  D=  -1 
 X= 242 X2= 240  Y= 349 Y2= 342 P1= 775 P2= 162 T1=  29 T2=  30  P= 911  D=  -1 * 2
 X= 240 X2= 240  Y= 348 Y2= 342 P1= 771 P2= 165 T1=  28 T2=  28  P= 881  D=  -1 * 3
 X= 241 X2= 239  Y= 349 Y2= 342 P1= 768 P2= 166 T1=  28 T2=  28  P= 870  D=  -1 * 4
 X= 242 X2= 239  Y= 348 Y2= 341 P1= 769 P2= 166 T1=  29 T2=  28  P= 871  D=  -1 * 5
 X= 241 X2= 239  Y= 348 Y2= 341 P1= 770 P2= 165 T1=  29 T2=  29  P= 879  D=  -1 * 6
 X= 242 X2= 239  Y= 349 Y2= 342 P1= 770 P2= 165 T1=  28 T2=  28  P= 879  D=  -1 * 7
 X= 241 X2= 238  Y= 349 Y2= 342 P1= 770 P2= 165 T1=  29 T2=  28  P= 876  D=  -1 * 8
 X= 241 X2= 239  Y= 349 Y2= 342 P1= 771 P2= 164 T1=  29 T2=  29  P= 888  D=  -1 * 9
 X= 242 X2= 240  Y= 349 Y2= 342 P1= 772 P2= 165 T1=  29 T2=  29  P= 886  D=  -1 * 10
 X= 242 X2= 239  Y= 349 Y2= 342 P1= 772 P2= 164 T1=  29 T2=  29  P= 889  D=  -1 * 11
 X= 242 X2= 240  Y= 349 Y2= 342 P1= 772 P2= 163 T1=  29 T2=  29  P= 900  D=  -1 * 12
 X= 242 X2= 239  Y= 350 Y2= 342 P1= 773 P2= 163 T1=  29 T2=  29  P= 898  D=  -1 * 13
 X= 243 X2= 240  Y= 350 Y2= 342 P1= 773 P2= 164 T1=  29 T2=  29  P= 894  D=  -1 * 14
 X= 242 X2= 239  Y= 349 Y2= 342 P1= 772 P2= 164 T1=  29 T2=  29  P= 889  D=  -1 * 15
 X= 242 X2= 240  Y= 349 Y2= 342 P1= 772 P2= 163 T1=  29 T2=  29  P= 900  D=  -1 * 16
 X= 242 X2= 239  Y= 349 Y2= 342 P1= 772 P2= 164 T1=  29 T2=  28  P= 889  D=  -1 * 17
 X= 241 X2= 239  Y= 349 Y2= 342 P1= 773 P2= 163 T1=  29 T2=  29  P= 898  D=  -1 * 18
 X= 242 X2= 240  Y= 350 Y2= 342 P1= 769 P2= 163 T1=  30 T2=  29  P= 895  D=  -1 * 19
 X= 242 X2= 239  Y= 349 Y2= 342 P1= 773 P2= 164 T1=  30 T2=  30  P= 891  D=  -1 * 20
 X= 241 X2= 239  Y= 349 Y2= 342 P1= 772 P2= 164 T1=  29 T2=  29  P= 889  D=  -1 * 21
 X= 241 X2= 239  Y= 349 Y2= 342 P1= 772 P2= 164 T1=  29 T2=  30  P= 889  D=  -1 * 22
 X= 242 X2= 239  Y= 349 Y2= 342 P1= 772 P2= 164 T1=  29 T2=  29  P= 889  D=  -1 * 23
 X= 242 X2= 239  Y= 349 Y2= 342 P1= 773 P2= 164 T1=  29 T2=  29  P= 891  D=  -1 * 24
Remove Pin
 X= 241 X2= 240  Y= 349 Y2= 342 P1= 771 P2= 165 T1=  27 T2=  29  P= 881  D=  -1 * 24
 X= 241 X2= 239  Y= 349 Y2= 341 P1= 771 P2= 164 T1=  29 T2=  28  P= 888  D=  -1 * 24
 X= 242 X2= 239  Y= 349 Y2= 342 P1= 771 P2= 164 T1=  28 T2=  29  P= 888  D=  -1 * 24
 X= 242 X2= 239  Y= 349 Y2= 342 P1= 771 P2= 165 T1=  28 T2=  28  P= 881  D=  -1 * 24
 X= 242 X2= 240  Y= 349 Y2= 342 P1= 771 P2= 164 T1=  29 T2=  29  P= 891  D=  -1 * 24
 X= 242 X2= 239  Y= 348 Y2= 342 P1= 771 P2= 164 T1=  28 T2=  28  P= 888  D=  -1 * 24
 X= 236 X2= 234  Y= 345 Y2= 338 P1= 761 P2= 157 T1=  24 T2=  47  P= 888  D=  -1 * 24
 X= 873 X2=1021  Y= 967 Y2=1022 P1=1023 P2=   0 T1=1023 T2= 892  P= 888  D=  -1 
 X= 929 X2= 984  Y= 966 Y2=1023 P1=1023 P2=   0 T1=1023 T2= 911  P= 888  D=  -1 
 X= 976 X2=1006  Y= 969 Y2=1022 P1=1023 P2=   0 T1=1022 T2= 890  P= 888  D=  -1 
target state=2 point=456,22
 X= 924 X2=1022  Y= 973 Y2=1022 P1=1023 P2=   0 T1=1023 T2= 864  P= 888  D=  -1 
 X= 873 X2=1023  Y= 969 Y2=1021 P1=1023 P2=   0 T1=1023 T2= 890  P= 888  D=  -1 
 X= 867 X2=1017  Y= 961 Y2=1022 P1=1023 P2=   0 T1=1022 T2= 906  P= 888  D=  -1 
 X= 889 X2=1018  Y= 970 Y2=1023 P1=1023 P2=   0 T1=1023 T2= 901  P= 888  D=  -1 
 X=1023 X2= 998  Y= 969 Y2=1023 P1=1023 P2=   0 T1=1023 T2= 896  P= 888  D=  -1 
 X= 964 X2= 986  Y= 976 Y2=1023 P1=1023 P2=   0 T1=1023 T2= 891  P= 888  D=  -1 
 X= 863 X2=1018  Y= 967 Y2=1023 P1=1023 P2=   0 T1=1022 T2= 872  P= 888  D=  -1 
 X= 926 X2=1023  Y= 968 Y2=1022 P1=1023 P2=   0 T1=1022 T2= 913  P= 888  D=  -1 
 X= 914 X2= 997  Y= 956 Y2=1021 P1=1023 P2=   0 T1=1023 T2= 869  P= 888  D=  -1 
 X= 904 X2= 998  Y= 969 Y2=1022 P1=1023 P2=   0 T1=1022 T2= 917  P= 888  D=  -1 
 X= 863 X2=1023  Y= 964 Y2=1021 P1=1023 P2=   0 T1=1022 T2= 878  P= 888  D=  -1 
 X= 961 X2=1009  Y= 964 Y2=1022 P1=1023 P2=   0 T1=1023 T2= 882  P= 888  D=  -1 
 X= 871 X2=1016  Y= 969 Y2=1023 P1=1023 P2=   0 T1=1022 T2= 877  P= 888  D=  -1 
 X= 752 X2=1023  Y= 968 Y2=1022 P1=1023 P2=   0 T1=1023 T2= 874  P= 888  D=  -1 
 X= 987 X2= 975  Y= 968 Y2=1023 P1=1023 P2=   0 T1=1023 T2= 900  P= 888  D=  -1 
 X= 956 X2=1003  Y= 963 Y2=1022 P1=1023 P2=   0 T1=1023 T2= 897  P= 888  D=  -1 
 X= 866 X2=1023  Y= 974 Y2=1021 P1=1023 P2=   0 T1=1022 T2= 888  P= 888  D=  -1 
 X= 913 X2=1022  Y= 967 Y2=1022 P1=1023 P2=   0 T1=1023 T2= 894  P= 888  D=  -1 
 X= 888 X2=1023  Y= 970 Y2=1023 P1=1023 P2=   0 T1=1023 T2= 886  P= 888  D=  -1 
 X= 764 X2=1023  Y= 966 Y2=1022 P1=1023 P2=   0 T1=1023 T2= 893  P= 888  D=  -1 
 X= 915 X2=1023  Y= 960 Y2=1022 P1=1023 P2=   0 T1=1023 T2= 937  P= 888  D=  -1 
 X= 844 X2=1015  Y= 959 Y2=1022 P1=1023 P2=   0 T1=1023 T2= 897  P= 888  D=  -1 
 X= 905 X2=1019  Y= 962 Y2=1022 P1=1023 P2=   0 T1=1022 T2= 888  P= 888  D=  -1 
 X= 919 X2= 994  Y= 957 Y2=1022 P1=1023 P2=   0 T1=1023 T2= 887  P= 888  D=  -1 
 X=1023 X2=1007  Y= 969 Y2=1022 P1=1023 P2=   0 T1=1022 T2= 899  P= 888  D=  -1 
 X= 798 X2=1023  Y= 969 Y2=1021 P1=1023 P2=   0 T1=1022 T2= 871  P= 888  D=  -1 
 X= 835 X2=1023  Y= 969 Y2=1022 P1=1023 P2=   0 T1=1022 T2= 868  P= 888  D=  -1 
 X= 896 X2=1022  Y= 974 Y2=1021 P1=1023 P2=   0 T1=1023 T2= 902  P= 888  D=  -1 
 X= 780 X2=1023  Y= 956 Y2=1023 P1=1023 P2=   0 T1=1023 T2= 885  P= 888  D=  -1 
 X= 835 X2=1023  Y= 972 Y2=1022 P1=1023 P2=   0 T1=1022 T2= 895  P= 888  D=  -1 
 X= 997 X2= 989  Y= 953 Y2=1022 P1=1023 P2=   0 T1=1022 T2= 891  P= 888  D=  -1 
 X= 843 X2=1023  Y= 961 Y2=1021 P1=1023 P2=   0 T1=1023 T2= 897  P= 888  D=  -1 
 X= 881 X2= 996  Y= 956 Y2=1022 P1=1023 P2=   0 T1=1023 T2= 903  P= 888  D=  -1 
 X=1023 X2=1007  Y= 962 Y2=1022 P1=1023 P2=   0 T1=1023 T2= 883  P= 888  D=  -1 
 X=1023 X2=1004  Y= 967 Y2=1023 P1=1023 P2=   0 T1=1023 T2= 907  P= 888  D=  -1 
 X= 888 X2=1023  Y= 976 Y2=1021 P1=1023 P2=   0 T1=1022 T2= 887  P= 888  D=  -1 
 X= 865 X2=1023  Y= 974 Y2=1021 P1=1023 P2=   0 T1=1023 T2= 890  P= 888  D=  -1 
 X= 920 X2=1023  Y= 956 Y2=1022 P1=1023 P2=   0 T1=1023 T2= 892  P= 888  D=  -1 
 X= 770 X2=1023  Y= 963 Y2=1023 P1=1023 P2=   0 T1=1023 T2= 876  P= 888  D=  -1 
 X=1023 X2=1004  Y= 964 Y2=1022 P1=1023 P2=   0 T1=1023 T2= 893  P= 888  D=  -1 
 X= 956 X2= 996  Y= 971 Y2=1023 P1=1023 P2=   0 T1=1023 T2= 898  P= 888  D=  -1 
 X= 963 X2= 988  Y= 969 Y2=1022 P1=1023 P2=   0 T1=1023 T2= 894  P= 888  D=  -1 
 X= 928 X2= 997  Y= 978 Y2=1023 P1=1023 P2=   0 T1=1023 T2= 905  P= 888  D=  -1 
 X=1023 X2=1011  Y= 965 Y2=1023 P1=1023 P2=   0 T1=1023 T2= 883  P= 888  D=  -1 
 X= 963 X2=1023  Y= 975 Y2=1022 P1=1023 P2=   0 T1=1023 T2= 886  P= 888  D=  -1 
 X= 925 X2=1003  Y= 964 Y2=1022 P1=1023 P2=   0 T1=1023 T2= 887  P= 888  D=  -1 
 X= 888 X2=1018  Y= 964 Y2=1021 P1=1023 P2=   0 T1=1023 T2= 899  P= 888  D=  -1 
 X= 910 X2=1023  Y= 971 Y2=1023 P1=1023 P2=   0 T1=1022 T2= 880  P= 888  D=  -1 
 X= 967 X2=1012  Y= 965 Y2=1022 P1=1023 P2=   0 T1=1022 T2= 888  P= 888  D=  -1 
 X= 955 X2= 996  Y= 962 Y2=1023 P1=1023 P2=   0 T1=1023 T2= 901  P= 888  D=  -1 
 X= 967 X2=1013  Y= 969 Y2=1023 P1=1023 P2=   0 T1=1023 T2= 871  P= 888  D=  -1 
 X= 908 X2=1023  Y= 961 Y2=1021 P1=1023 P2=   0 T1=1023 T2= 893  P= 888  D=  -1 
 X=1023 X2=1005  Y= 969 Y2=1022 P1=1023 P2=   0 T1=1022 T2= 873  P= 888  D=  -1 
 X= 955 X2= 994  Y= 978 Y2=1022 P1=1023 P2=   0 T1=1023 T2= 907  P= 888  D=  -1 
 X= 914 X2= 980  Y= 969 Y2=1020 P1=1023 P2=   0 T1=1023 T2= 885  P= 888  D=  -1 
 X= 713 X2=1023  Y= 961 Y2=1022 P1=1023 P2=   0 T1=1023 T2= 896  P= 888  D=  -1 
 X= 859 X2=1023  Y= 979 Y2=1021 P1=1023 P2=   0 T1=1023 T2= 914  P= 888  D=  -1 
 X= 728 X2=1023  Y= 976 Y2=1021 P1=1023 P2=   0 T1=1023 T2= 871  P= 888  D=  -1 
 X= 994 X2= 999  Y= 957 Y2=1022 P1=1023 P2=   0 T1=1023 T2= 912  P= 888  D=  -1 
 X= 955 X2=1023  Y=1017 Y2=1023 P1=1023 P2=   0 T1=1022 T2=1021  P= 888  D=  -1 
 X=1022 X2=1010  Y= 965 Y2=1020 P1=1023 P2=   0 T1=1023 T2= 865  P= 888  D=  -1 
 X=1023 X2=1008  Y= 969 Y2=1021 P1=1023 P2=   0 T1=1023 T2= 888  P= 888  D=  -1 
 X= 798 X2=1023  Y= 968 Y2=1022 P1=1023 P2=   0 T1=1022 T2= 877  P= 888  D=  -1 
 X= 881 X2=1023  Y= 968 Y2=1021 P1=1023 P2=   0 T1=1023 T2= 889  P= 888  D=  -1 
 X= 837 X2=1023  Y= 972 Y2=1022 P1=1023 P2=   0 T1=1022 T2= 895  P= 888  D=  -1 
 X= 965 X2=1009  Y= 962 Y2=1022 P1=1023 P2=   0 T1=1023 T2= 822  P= 888  D=  -1 
 X= 892 X2=1018  Y= 968 Y2=1022 P1=1023 P2=   0 T1=1023 T2= 897  P= 888  D=  -1 
 X=1022 X2=1008  Y= 968 Y2=1023 P1=1023 P2=   0 T1=1023 T2= 885  P= 888  D=  -1 
 X= 818 X2= 816  Y= 345 Y2= 362 P1= 881 P2= 343 T1=  15 T2=  61  P= 888  D=  -1 * 0
 X= 906 X2=1023  Y= 951 Y2=1021 P1=1023 P2=   0 T1=1023 T2= 857  P= 888  D=  -1 
 X= 884 X2=1023  Y= 950 Y2=1021 P1=1023 P2=   0 T1=1023 T2= 857  P= 888  D=  -1 
 X= 817 X2= 816  Y= 338 Y2= 346 P1= 831 P2= 475 T1=  16 T2=  16  P= 611  D=  -1 * 0
 X= 819 X2= 819  Y= 345 Y2= 352 P1= 852 P2= 421 T1=  23 T2=  22  P= 837  D=  -1 * 0
 X= 817 X2= 816  Y= 338 Y2= 344 P1= 829 P2= 479 T1=  15 T2=  15  P= 595  D=  -1 * 0
 X= 817 X2= 816  Y= 340 Y2= 347 P1= 837 P2= 459 T1=  18 T2=  18  P= 671  D=  -1 * 1
 X= 817 X2= 817  Y= 339 Y2= 346 P1= 833 P2= 470 T1=  16 T2=  17  P= 630  D=  -1 * 2
 X= 817 X2= 816  Y= 338 Y2= 346 P1= 832 P2= 472 T1=  16 T2=  16  P= 621  D=  -1 * 3
 X= 817 X2= 816  Y= 339 Y2= 346 P1= 833 P2= 469 T1=  17 T2=  17  P= 633  D=  -1 * 4
 X= 817 X2= 817  Y= 339 Y2= 346 P1= 832 P2= 472 T1=  17 T2=  17  P= 622  D=  -1 * 5
 X= 817 X2= 816  Y= 338 Y2= 345 P1= 831 P2= 474 T1=  17 T2=  17  P= 614  D=  -1 * 6
 X= 817 X2= 816  Y= 338 Y2= 346 P1= 830 P2= 476 T1=  15 T2=  16  P= 606  D=  -1 * 7
 X= 817 X2= 815  Y= 338 Y2= 346 P1= 830 P2= 478 T1=  16 T2=  16  P= 600  D=  -1 * 8
 X= 817 X2= 816  Y= 338 Y2= 345 P1= 830 P2= 477 T1=  16 T2=  16  P= 603  D=  -1 * 9
 X= 817 X2= 816  Y= 338 Y2= 345 P1= 829 P2= 477 T1=  16 T2=  16  P= 601  D=  -1 * 10
 X= 817 X2= 816  Y= 338 Y2= 345 P1= 830 P2= 477 T1=  16 T2=  16  P= 603  D=  -1 * 11
 X= 817 X2= 816  Y= 338 Y2= 345 P1= 830 P2= 477 T1=  16 T2=  15  P= 603  D=  -1 * 12
 X= 818 X2= 816  Y= 338 Y2= 345 P1= 829 P2= 478 T1=  16 T2=  16  P= 599  D=  -1 * 13
 X= 817 X2= 816  Y= 338 Y2= 345 P1= 830 P2= 477 T1=  16 T2=  16  P= 603  D=  -1 * 14
 X= 816 X2= 816  Y= 338 Y2= 345 P1= 829 P2= 477 T1=  16 T2=  16  P= 601  D=  -1 * 15
 X= 818 X2= 816  Y= 339 Y2= 345 P1= 830 P2= 477 T1=  16 T2=  16  P= 604  D=  -1 * 16
 X= 817 X2= 816  Y= 338 Y2= 344 P1= 830 P2= 477 T1=  16 T2=  16  P= 603  D=  -1 * 17
 X= 817 X2= 816  Y= 338 Y2= 346 P1= 830 P2= 477 T1=  17 T2=  16  P= 603  D=  -1 * 18
 X= 817 X2= 816  Y= 338 Y2= 345 P1= 829 P2= 477 T1=  15 T2=  16  P= 601  D=  -1 * 19
 X= 817 X2= 816  Y= 338 Y2= 346 P1= 830 P2= 477 T1=  15 T2=  16  P= 603  D=  -1 * 20
 X= 817 X2= 816  Y= 338 Y2= 346 P1= 830 P2= 476 T1=  16 T2=  16  P= 606  D=  -1 * 21
 X= 817 X2= 816  Y= 338 Y2= 345 P1= 829 P2= 477 T1=  16 T2=  16  P= 601  D=  -1 * 22
 X= 816 X2= 816  Y= 339 Y2= 346 P1= 830 P2= 477 T1=  16 T2=  16  P= 603  D=  -1 * 23
 X= 817 X2= 816  Y= 338 Y2= 345 P1= 828 P2= 477 T1=  17 T2=  16  P= 599  D=  -1 * 24
Remove Pin
 X= 817 X2= 815  Y= 338 Y2= 345 P1= 830 P2= 477 T1=  15 T2=  15  P= 603  D=  -1 * 24
 X= 817 X2= 816  Y= 338 Y2= 345 P1= 830 P2= 477 T1=  16 T2=  16  P= 603  D=  -1 * 24
 X= 815 X2= 816  Y= 338 Y2= 346 P1= 830 P2= 477 T1=  16 T2=  16  P= 603  D=  -1 * 24
 X= 817 X2= 816  Y= 338 Y2= 345 P1= 830 P2= 477 T1=  15 T2=  16  P= 603  D=  -1 * 24
 X= 817 X2= 816  Y= 338 Y2= 346 P1= 830 P2= 476 T1=  16 T2=  16  P= 606  D=  -1 * 24
 X= 817 X2= 816  Y= 338 Y2= 345 P1= 829 P2= 477 T1=  16 T2=  16  P= 601  D=  -1 * 24
 X= 817 X2= 816  Y= 338 Y2= 345 P1= 830 P2= 478 T1=  16 T2=  16  P= 600  D=  -1 * 24
 X= 816 X2= 815  Y= 339 Y2= 344 P1= 828 P2= 480 T1=  16 T2=  15  P= 590  D=  -1 * 24
 X= 817 X2= 817  Y= 339 Y2= 347 P1= 835 P2= 464 T1=  17 T2=  17  P= 652  D=  -1 * 24
 X= 817 X2= 816  Y= 338 Y2= 346 P1= 829 P2= 479 T1=  15 T2=  16  P= 595  D=  -1 * 24
 X= 817 X2= 815  Y= 339 Y2= 346 P1= 835 P2= 463 T1=  16 T2=  17  P= 655  D=  -1 * 24
 X= 822 X2=1023  Y= 954 Y2=1023 P1=1023 P2=   0 T1=1023 T2= 877  P= 655  D=  -1 
 X= 915 X2=1020  Y= 973 Y2=1022 P1=1023 P2=   0 T1=1022 T2= 903  P= 655  D=  -1 
 X= 976 X2= 991  Y= 965 Y2=1021 P1=1023 P2=   0 T1=1021 T2= 900  P= 655  D=  -1 
target state=3 point=456,249
 X= 887 X2=1017  Y= 960 Y2=1022 P1=1023 P2=   0 T1=1023 T2= 876  P= 655  D=  -1 
 X= 870 X2=1017  Y= 954 Y2=1022 P1=1023 P2=   0 T1=1023 T2= 855  P= 655  D=  -1 
 X= 851 X2=1023  Y= 968 Y2=1023 P1=1023 P2=   0 T1=1023 T2= 907  P= 655  D=  -1 
 X= 932 X2= 977  Y= 968 Y2=1022 P1=1023 P2=   0 T1=1023 T2= 879  P= 655  D=  -1 
 X= 919 X2=1023  Y= 971 Y2=1023 P1=1023 P2=   0 T1=1023 T2= 879  P= 655  D=  -1 
 X= 879 X2=1023  Y= 975 Y2=1021 P1=1023 P2=   0 T1=1023 T2= 850  P= 655  D=  -1 
 X= 905 X2=1013  Y= 963 Y2=1022 P1=1023 P2=   0 T1=1022 T2= 876  P= 655  D=  -1 
 X= 911 X2=1018  Y= 961 Y2=1023 P1=1023 P2=   0 T1=1022 T2= 891  P= 655  D=  -1 
 X= 921 X2=1023  Y= 969 Y2=1022 P1=1023 P2=   0 T1=1022 T2= 884  P= 655  D=  -1 
 X=1023 X2=1000  Y= 964 Y2=1022 P1=1023 P2=   0 T1=1023 T2= 899  P= 655  D=  -1 
 X= 967 X2=1004  Y= 969 Y2=1023 P1=1023 P2=   0 T1=1023 T2= 875  P= 655  D=  -1 
 X= 855 X2=1023  Y= 963 Y2=1022 P1=1023 P2=   0 T1=1023 T2= 880  P= 655  D=  -1 
 X= 926 X2=1023  Y= 963 Y2=1021 P1=1023 P2=   0 T1=1023 T2= 886  P= 655  D=  -1 
 X= 762 X2=1023  Y= 972 Y2=1022 P1=1023 P2=   0 T1=1023 T2= 886  P= 655  D=  -1 
 X= 733 X2=1023  Y= 964 Y2=1022 P1=1023 P2=   0 T1=1023 T2= 891  P= 655  D=  -1 
 X= 800 X2=1023  Y= 953 Y2=1023 P1=1023 P2=   0 T1=1023 T2= 879  P= 655  D=  -1 
 X= 960 X2=1008  Y= 954 Y2=1022 P1=1023 P2=   0 T1=1023 T2= 889  P= 655  D=  -1 
 X= 873 X2=1017  Y= 973 Y2=1022 P1=1023 P2=   0 T1=1023 T2= 901  P= 655  D=  -1 
 X= 942 X2=1011  Y= 964 Y2=1021 P1=1023 P2=   0 T1=1023 T2= 897  P= 655  D=  -1 
 X=1007 X2= 974  Y= 968 Y2=1023 P1=1023 P2=   0 T1=1023 T2= 899  P= 655  D=  -1 
 X= 872 X2=1023  Y= 970 Y2=1021 P1=1023 P2=   0 T1=1023 T2= 870  P= 655  D=  -1 
 X= 871 X2=1023  Y= 956 Y2=1022 P1=1023 P2=   0 T1=1022 T2= 870  P= 655  D=  -1 
 X=1003 X2=1014  Y= 975 Y2=1022 P1=1023 P2=   0 T1=1022 T2= 960  P= 655  D=  -1 
 X= 760 X2=1023  Y= 962 Y2=1023 P1=1023 P2=   0 T1=1023 T2= 875  P= 655  D=  -1 
 X= 782 X2=1023  Y= 966 Y2=1022 P1=1023 P2=   0 T1=1021 T2= 904  P= 655  D=  -1 
 X= 975 X2= 995  Y= 965 Y2=1022 P1=1023 P2=   0 T1=1022 T2= 873  P= 655  D=  -1 
 X= 939 X2=1014  Y= 958 Y2=1022 P1=1023 P2=   0 T1=1023 T2= 884  P= 655  D=  -1 
 X=1023 X2= 993  Y= 964 Y2=1022 P1=1023 P2=   0 T1=1023 T2= 902  P= 655  D=  -1 
 X= 924 X2= 978  Y= 972 Y2=1022 P1=1023 P2=   0 T1=1023 T2= 857  P= 655  D=  -1 
 X=1023 X2=1022  Y= 966 Y2=1021 P1=1023 P2=   0 T1=1023 T2= 892  P= 655  D=  -1 
 X= 846 X2=1023  Y= 970 Y2=1021 P1=1023 P2=   0 T1=1022 T2= 905  P= 655  D=  -1 
 X= 819 X2=1023  Y= 971 Y2=1022 P1=1023 P2=   0 T1=1022 T2= 896  P= 655  D=  -1 
 X= 844 X2=1015  Y= 960 Y2=1022 P1=1023 P2=   0 T1=1023 T2= 903  P= 655  D=  -1 
 X= 984 X2=1023  Y= 966 Y2=1022 P1=1023 P2=   0 T1=1022 T2= 907  P= 655  D=  -1 
 X= 921 X2=1017  Y= 973 Y2=1023 P1=1023 P2=   0 T1=1023 T2= 901  P= 655  D=  -1 
 X= 953 X2=1011  Y= 964 Y2=1022 P1=1023 P2=   0 T1=1023 T2= 909  P= 655  D=  -1 
 X= 912 X2=1019  Y= 964 Y2=1022 P1=1023 P2=   0 T1=1023 T2= 898  P= 655  D=  -1 
 X= 914 X2= 991  Y= 961 Y2=1022 P1=1023 P2=   0 T1=1023 T2= 880  P= 655  D=  -1 
 X=1023 X2=1010  Y= 969 Y2=1022 P1=1023 P2=   0 T1=1023 T2= 863  P= 655  D=  -1 
 X= 779 X2=1023  Y= 973 Y2=1021 P1=1023 P2=   0 T1=1022 T2= 882  P= 655  D=  -1 
 X= 871 X2=1023  Y= 976 Y2=1022 P1=1023 P2=   0 T1=1023 T2= 896  P= 655  D=  -1 
 X= 927 X2=1019  Y= 982 Y2=1023 P1=1023 P2=   0 T1=1023 T2= 877  P= 655  D=  -1 
 X= 897 X2=1021  Y= 979 Y2=1021 P1=1023 P2=   0 T1=1023 T2= 916  P= 655  D=  -1 
 X= 847 X2=1018  Y= 967 Y2=1023 P1=1023 P2=   0 T1=1023 T2= 891  P= 655  D=  -1 
 X= 973 X2=1009  Y= 963 Y2=1022 P1=1023 P2=   0 T1=1023 T2= 888  P= 655  D=  -1 
 X= 862 X2=1016  Y= 965 Y2=1022 P1=1023 P2=   0 T1=1022 T2= 901  P= 655  D=  -1 
 X= 915 X2=1023  Y= 982 Y2=1021 P1=1023 P2=   0 T1=1023 T2= 884  P= 655  D=  -1 
 X= 960 X2=1012  Y= 995 Y2=1022 P1=1023 P2=   0 T1=1022 T2= 865  P= 655  D=  -1 
 X=1023 X2=1005  Y=1021 Y2=1023 P1=1023 P2=   0 T1=1023 T2=1020  P= 655  D=  -1 
 X= 857 X2=1018  Y= 976 Y2=1022 P1=1023 P2=   0 T1=1023 T2= 909  P= 655  D=  -1 
 X= 913 X2=1023  Y= 969 Y2=1023 P1=1023 P2=   0 T1=1023 T2= 876  P= 655  D=  -1 
 X= 780 X2=1023  Y= 974 Y2=1022 P1=1023 P2=   0 T1=1023 T2= 827  P= 655  D=  -1 
 X= 758 X2=1023  Y= 962 Y2=1022 P1=1023 P2=   0 T1=1022 T2= 881  P= 655  D=  -1 
 X=1023 X2= 996  Y= 977 Y2=1022 P1=1023 P2=   0 T1=1023 T2= 871  P= 655  D=  -1 
 X= 963 X2= 998  Y= 963 Y2=1022 P1=1023 P2=   0 T1=1022 T2= 875  P= 655  D=  -1 
 X= 947 X2=1022  Y= 973 Y2=1022 P1=1023 P2=   0 T1=1023 T2= 881  P= 655  D=  -1 
 X= 946 X2=1021  Y= 968 Y2=1021 P1=1023 P2=   0 T1=1023 T2= 875  P= 655  D=  -1 
 X= 801 X2=1023  Y= 966 Y2=1023 P1=1023 P2=   0 T1=1023 T2= 879  P= 655  D=  -1 
 X= 807 X2=1023  Y= 970 Y2=1021 P1=1023 P2=   0 T1=1023 T2= 896  P= 655  D=  -1 
 X= 823 X2=1023  Y= 971 Y2=1022 P1=1023 P2=   0 T1=1023 T2= 873  P= 655  D=  -1 
 X= 968 X2=1013  Y= 964 Y2=1023 P1=1023 P2=   0 T1=1022 T2= 884  P= 655  D=  -1 
 X= 886 X2=1016  Y= 964 Y2=1022 P1=1023 P2=   0 T1=1022 T2= 901  P= 655  D=  -1 
 X= 963 X2= 984  Y= 972 Y2=1022 P1=1023 P2=   0 T1=1023 T2= 892  P= 655  D=  -1 
 X= 995 X2= 981  Y= 963 Y2=1023 P1=1023 P2=   0 T1=1022 T2= 892  P= 655  D=  -1 
 X= 843 X2=1023  Y= 961 Y2=1021 P1=1023 P2=   0 T1=1023 T2= 889  P= 655  D=  -1 
 X= 914 X2=1023  Y= 959 Y2=1021 P1=1023 P2=   0 T1=1023 T2= 895  P= 655  D=  -1 
 X= 924 X2=1023  Y= 967 Y2=1022 P1=1023 P2=   0 T1=1022 T2= 896  P= 655  D=  -1 
 X= 755 X2=1023  Y= 968 Y2=1022 P1=1023 P2=   0 T1=1023 T2= 896  P= 655  D=  -1 
 X=1023 X2=1010  Y= 963 Y2=1022 P1=1023 P2=   0 T1=1023 T2= 898  P= 655  D=  -1 
 X= 857 X2=1015  Y= 967 Y2=1023 P1=1023 P2=   0 T1=1023 T2= 911  P= 655  D=  -1 
 X= 882 X2=1018  Y= 961 Y2=1022 P1=1023 P2=   0 T1=1023 T2= 850  P= 655  D=  -1 
 X= 903 X2=1022  Y= 967 Y2=1022 P1=1023 P2=   0 T1=1023 T2= 873  P= 655  D=  -1 
 X= 861 X2=1018  Y= 990 Y2=1022 P1=1023 P2=   0 T1=1022 T2= 947  P= 655  D=  -1 
 X= 991 X2=1012  Y= 960 Y2=1023 P1=1023 P2=   0 T1=1023 T2= 906  P= 655  D=  -1 
 X= 783 X2=1023  Y= 961 Y2=1022 P1=1023 P2=   0 T1=1023 T2= 872  P= 655  D=  -1 
 X= 876 X2=1023  Y= 977 Y2=1022 P1=1023 P2=   0 T1=1023 T2= 877  P= 655  D=  -1 
 X= 871 X2=1023  Y= 974 Y2=1022 P1=1023 P2=   0 T1=1022 T2= 908  P= 655  D=  -1 
 X= 816 X2= 817  Y= 703 Y2= 707 P1= 922 P2= 532 T1=  15 T2=  15  P= 598  D=  -1 * 0
 X= 967 X2=1009  Y= 972 Y2=1023 P1=1023 P2=   0 T1=1023 T2= 902  P= 598  D=  -1 
 X= 823 X2= 824  Y= 712 Y2= 717 P1= 947 P2= 402 T1=  34 T2=  33  P= 598  D=  -1 
 X= 817 X2= 820  Y= 705 Y2= 710 P1= 934 P2= 456 T1=  20 T2=  24  P= 857  D=  -1 * 0
 X= 823 X2= 825  Y= 720 Y2= 728 P1= 952 P2= 378 T1=  37 T2=  35  P= 857  D=  -1 
 X= 820 X2= 822  Y= 711 Y2= 714 P1= 943 P2= 419 T1=  30 T2=  30  P= 857  D=  -1 * 0
 X= 820 X2= 820  Y= 707 Y2= 711 P1= 940 P2= 434 T1=  26 T2=  27  P= 857  D=  -1 * 0
 X= 817 X2= 819  Y= 706 Y2= 711 P1= 936 P2= 456 T1=  24 T2=  23  P= 860  D=  -1 * 1
 X= 818 X2= 819  Y= 706 Y2= 710 P1= 935 P2= 457 T1=  23 T2=  23  P= 854  D=  -1 * 2
 X= 818 X2= 818  Y= 706 Y2= 710 P1= 934 P2= 467 T1=  23 T2=  22  P= 818  D=  -1 * 3
 X= 817 X2= 819  Y= 706 Y2= 710 P1= 934 P2= 467 T1=  21 T2=  22  P= 818  D=  -1 * 4
 X= 817 X2= 817  Y= 706 Y2= 710 P1= 933 P2= 469 T1=  21 T2=  21  P= 808  D=  -1 * 5
 X= 817 X2= 818  Y= 705 Y2= 709 P1= 933 P2= 470 T1=  21 T2=  22  P= 804  D=  -1 * 6
 X= 818 X2= 819  Y= 705 Y2= 709 P1= 933 P2= 471 T1=  21 T2=  21  P= 801  D=  -1 * 7
 X= 817 X2= 818  Y= 706 Y2= 710 P1= 933 P2= 470 T1=  21 T2=  22  P= 804  D=  -1 * 8
 X= 817 X2= 818  Y= 705 Y2= 710 P1= 933 P2= 470 T1=  22 T2=  22  P= 804  D=  -1 * 9
 X= 818 X2= 818  Y= 705 Y2= 709 P1= 933 P2= 472 T1=  21 T2=  22  P= 798  D=  -1 * 10
 X= 817 X2= 818  Y= 705 Y2= 710 P1= 933 P2= 472 T1=  21 T2=  21  P= 797  D=  -1 * 11
 X= 818 X2= 818  Y= 705 Y2= 710 P1= 933 P2= 472 T1=  22 T2=  21  P= 798  D=  -1 * 12
 X= 817 X2= 819  Y= 705 Y2= 709 P1= 933 P2= 472 T1=  20 T2=  21  P= 798  D=  -1 * 13
 X= 818 X2= 818  Y= 705 Y2= 709 P1= 933 P2= 473 T1=  21 T2=  21  P= 795  D=  -1 * 14
 X= 817 X2= 819  Y= 705 Y2= 710 P1= 932 P2= 472 T1=  21 T2=  21  P= 796  D=  -1 * 15
 X= 817 X2= 818  Y= 705 Y2= 709 P1= 933 P2= 470 T1=  24 T2=  21  P= 804  D=  -1 * 16
 X= 817 X2= 818  Y= 705 Y2= 709 P1= 932 P2= 471 T1=  22 T2=  22  P= 799  D=  -1 * 17
 X= 818 X2= 818  Y= 705 Y2= 710 P1= 933 P2= 470 T1=  21 T2=  21  P= 805  D=  -1 * 18
 X= 817 X2= 819  Y= 705 Y2= 709 P1= 934 P2= 471 T1=  21 T2=  21  P= 804  D=  -1 * 19
 X= 817 X2= 819  Y= 706 Y2= 709 P1= 933 P2= 470 T1=  22 T2=  22  P= 805  D=  -1 * 20
 X= 817 X2= 819  Y= 704 Y2= 710 P1= 933 P2= 472 T1=  21 T2=  21  P= 798  D=  -1 * 21
 X= 817 X2= 819  Y= 706 Y2= 709 P1= 933 P2= 471 T1=  21 T2=  21  P= 801  D=  -1 * 22
 X= 817 X2= 819  Y= 706 Y2= 709 P1= 933 P2= 472 T1=  22 T2=  21  P= 798  D=  -1 * 23
 X= 818 X2= 818  Y= 705 Y2= 710 P1= 933 P2= 471 T1=  22 T2=  21  P= 801  D=  -1 * 24
Remove Pin
 X= 817 X2= 818  Y= 705 Y2= 710 P1= 932 P2= 477 T1=  20 T2=  21  P= 778  D=  -1 * 24
 X= 817 X2= 818  Y= 704 Y2= 709 P1= 931 P2= 483 T1=  19 T2=  20  P= 757  D=  -1 * 24
 X=1023 X2=1003  Y= 960 Y2=1021 P1=1023 P2=   0 T1=1023 T2= 877  P= 757  D=  -1 
 X= 820 X2=1023  Y= 963 Y2=1022 P1=1023 P2=   0 T1=1023 T2= 896  P= 757  D=  -1 
 X= 837 X2=1023  Y= 961 Y2=1022 P1=1023 P2=   0 T1=1023 T2= 887  P= 757  D=  -1 
target state=4 point=23,249
 X= 935 X2=1019  Y= 969 Y2=1022 P1=1023 P2=   0 T1=1023 T2= 888  P= 757  D=  -1 
 X= 853 X2=1017  Y= 970 Y2=1022 P1=1023 P2=   0 T1=1022 T2= 887  P= 757  D=  -1 
 X= 763 X2=1023  Y= 972 Y2=1022 P1=1023 P2=   0 T1=1023 T2= 894  P= 757  D=  -1 
 X=1023 X2= 995  Y= 958 Y2=1022 P1=1023 P2=   0 T1=1023 T2= 878  P= 757  D=  -1 
 X= 776 X2=1023  Y= 969 Y2=1023 P1=1023 P2=   0 T1=1022 T2= 895  P= 757  D=  -1 
 X= 942 X2= 990  Y= 968 Y2=1021 P1=1023 P2=   0 T1=1023 T2= 904  P= 757  D=  -1 
 X= 919 X2=1022  Y= 975 Y2=1022 P1=1023 P2=   0 T1=1023 T2= 899  P= 757  D=  -1 
 X= 901 X2=1017  Y= 958 Y2=1022 P1=1023 P2=   0 T1=1023 T2= 896  P= 757  D=  -1 
 X= 754 X2=1023  Y= 972 Y2=1023 P1=1023 P2=   0 T1=1023 T2= 900  P= 757  D=  -1 
 X= 911 X2=1006  Y= 991 Y2=1022 P1=1023 P2=   0 T1=1023 T2= 895  P= 757  D=  -1 
 X= 969 X2=1013  Y= 968 Y2=1023 P1=1023 P2=   0 T1=1023 T2= 887  P= 757  D=  -1 
 X= 865 X2=1015  Y= 963 Y2=1023 P1=1023 P2=   0 T1=1023 T2= 912  P= 757  D=  -1 
 X= 991 X2= 996  Y= 972 Y2=1022 P1=1023 P2=   0 T1=1023 T2= 899  P= 757  D=  -1 
 X=1023 X2=1009  Y= 965 Y2=1022 P1=1023 P2=   0 T1=1023 T2= 876  P= 757  D=  -1 
 X= 779 X2=1023  Y= 960 Y2=1022 P1=1023 P2=   0 T1=1023 T2= 900  P= 757  D=  -1 
 X= 864 X2=1023  Y=1004 Y2=1021 P1=1023 P2=   0 T1=1023 T2= 873  P= 757  D=  -1 
 X= 923 X2=1023  Y= 963 Y2=1022 P1=1023 P2=   0 T1=1022 T2= 862  P= 757  D=  -1 
 X= 859 X2=1015  Y= 967 Y2=1021 P1=1023 P2=   0 T1=1023 T2= 886  P= 757  D=  -1 
 X= 843 X2=1023  Y= 974 Y2=1021 P1=1023 P2=   0 T1=1023 T2= 891  P= 757  D=  -1 
 X= 965 X2=1012  Y= 956 Y2=1023 P1=1023 P2=   0 T1=1023 T2= 880  P= 757  D=  -1 
 X= 954 X2=1008  Y= 978 Y2=1023 P1=1023 P2=   0 T1=1023 T2= 876  P= 757  D=  -1 
 X= 892 X2=1023  Y= 985 Y2=1022 P1=1023 P2=   0 T1=1023 T2= 897  P= 757  D=  -1 
 X= 969 X2=1010  Y= 974 Y2=1022 P1=1023 P2=   0 T1=1023 T2= 909  P= 757  D=  -1 
 X= 972 X2= 999  Y= 965 Y2=1022 P1=1023 P2=   0 T1=1023 T2= 897  P= 757  D=  -1 
 X= 856 X2=1023  Y= 965 Y2=1022 P1=1023 P2=   0 T1=1023 T2= 901  P= 757  D=  -1 
 X= 807 X2=1023  Y= 978 Y2=1022 P1=1023 P2=   0 T1=1023 T2= 885  P= 757  D=  -1 
 X= 781 X2=1023  Y= 971 Y2=1022 P1=1023 P2=   0 T1=1023 T2= 903  P= 757  D=  -1 
 X= 865 X2=1017  Y= 962 Y2=1022 P1=1023 P2=   0 T1=1023 T2= 883  P= 757  D=  -1 
 X= 915 X2= 988  Y= 982 Y2=1022 P1=1023 P2=   0 T1=1023 T2= 892  P= 757  D=  -1 
 X= 979 X2=1004  Y= 966 Y2=1022 P1=1023 P2=   0 T1=1023 T2= 880  P= 757  D=  -1 
 X=1022 X2=1008  Y= 970 Y2=1022 P1=1023 P2=   0 T1=1023 T2= 886  P= 757  D=  -1 
 X= 969 X2= 999  Y= 972 Y2=1022 P1=1023 P2=   0 T1=1022 T2= 901  P= 757  D=  -1 
 X=1011 X2=1011  Y= 970 Y2=1023 P1=1023 P2=   0 T1=1023 T2= 877  P= 757  D=  -1 
 X= 947 X2=1013  Y= 974 Y2=1022 P1=1023 P2=   0 T1=1022 T2= 895  P= 757  D=  -1 
 X=1019 X2= 998  Y= 975 Y2=1022 P1=1023 P2=   0 T1=1023 T2= 877  P= 757  D=  -1 
 X= 870 X2=1012  Y= 974 Y2=1023 P1=1023 P2=   0 T1=1023 T2= 896  P= 757  D=  -1 
 X= 966 X2=1023  Y=1021 Y2=1022 P1=1023 P2=   0 T1=1022 T2=1021  P= 757  D=  -1 
 X= 934 X2=1021  Y= 961 Y2=1022 P1=1023 P2=   0 T1=1023 T2= 897  P= 757  D=  -1 
 X= 939 X2=1011  Y= 968 Y2=1021 P1=1023 P2=   0 T1=1022 T2= 890  P= 757  D=  -1 
 X= 903 X2=1019  Y= 960 Y2=1022 P1=1023 P2=   0 T1=1022 T2= 890  P= 757  D=  -1 
 X=1023 X2= 999  Y= 974 Y2=1022 P1=1023 P2=   0 T1=1023 T2= 884  P= 757  D=  -1 
 X= 930 X2= 986  Y= 971 Y2=1021 P1=1023 P2=   0 T1=1023 T2= 901  P= 757  D=  -1 
 X= 794 X2=1023  Y= 977 Y2=1022 P1=1023 P2=   0 T1=1023 T2= 904  P= 757  D=  -1 
 X= 774 X2=1023  Y= 972 Y2=1022 P1=1023 P2=   0 T1=1022 T2= 886  P= 757  D=  -1 
 X= 894 X2= 976  Y= 962 Y2=1023 P1=1023 P2=   0 T1=1023 T2= 883  P= 757  D=  -1 
 X= 965 X2=1010  Y= 962 Y2=1023 P1=1023 P2=   0 T1=1023 T2= 899  P= 757  D=  -1 
 X= 898 X2=1019  Y= 966 Y2=1022 P1=1023 P2=   0 T1=1023 T2= 891  P= 757  D=  -1 
 X= 990 X2= 991  Y= 953 Y2=1022 P1=1023 P2=   0 T1=1022 T2= 883  P= 757  D=  -1 
 X=1000 X2= 990  Y= 965 Y2=1021 P1=1023 P2=   0 T1=1023 T2= 895  P= 757  D=  -1 
 X= 856 X2=1023  Y= 970 Y2=1022 P1=1023 P2=   0 T1=1023 T2= 888  P= 757  D=  -1 
 X= 901 X2=1023  Y= 965 Y2=1022 P1=1023 P2=   0 T1=1023 T2= 897  P= 757  D=  -1 
 X= 921 X2=1023  Y= 969 Y2=1022 P1=1023 P2=   0 T1=1022 T2= 894  P= 757  D=  -1 
 X= 701 X2=1013  Y= 961 Y2=1022 P1=1023 P2=   0 T1=1022 T2= 891  P= 757  D=  -1 
 X= 815 X2=1023  Y= 957 Y2=1021 P1=1023 P2=   0 T1=1023 T2= 887  P= 757  D=  -1 
 X= 818 X2=1023  Y= 968 Y2=1022 P1=1023 P2=   0 T1=1023 T2= 909  P= 757  D=  -1 
 X= 914 X2=1017  Y= 959 Y2=1023 P1=1023 P2=   0 T1=1022 T2= 871  P= 757  D=  -1 
 X=1023 X2=1007  Y= 966 Y2=1022 P1=1023 P2=   0 T1=1023 T2= 887  P= 757  D=  -1 
 X=1023 X2=1002  Y= 977 Y2=1022 P1=1023 P2=   0 T1=1023 T2= 887  P= 757  D=  -1 
 X= 838 X2=1023  Y= 968 Y2=1021 P1=1023 P2=   0 T1=1023 T2= 870  P= 757  D=  -1 
 X= 904 X2=1019  Y= 959 Y2=1022 P1=1023 P2=   0 T1=1022 T2= 902  P= 757  D=  -1 
 X= 904 X2=1023  Y= 960 Y2=1022 P1=1023 P2=   0 T1=1023 T2= 894  P= 757  D=  -1 
 X= 808 X2=1023  Y= 970 Y2=1022 P1=1023 P2=   0 T1=1023 T2= 902  P= 757  D=  -1 
 X= 804 X2=1023  Y= 971 Y2=1022 P1=1023 P2=   0 T1=1023 T2= 897  P= 757  D=  -1 
 X= 948 X2=1018  Y= 970 Y2=1022 P1=1023 P2=   0 T1=1023 T2= 889  P= 757  D=  -1 
 X= 830 X2=1023  Y= 974 Y2=1021 P1=1023 P2=   0 T1=1023 T2= 893  P= 757  D=  -1 
 X= 929 X2=1022  Y= 971 Y2=1021 P1=1023 P2=   0 T1=1023 T2= 889  P= 757  D=  -1 
 X= 849 X2=1023  Y= 976 Y2=1022 P1=1023 P2=   0 T1=1023 T2= 901  P= 757  D=  -1 
 X= 986 X2= 979  Y= 966 Y2=1022 P1=1023 P2=   0 T1=1023 T2= 908  P= 757  D=  -1 
 X= 908 X2=1023  Y= 976 Y2=1022 P1=1023 P2=   0 T1=1022 T2= 898  P= 757  D=  -1 
 X= 884 X2=1023  Y= 975 Y2=1022 P1=1023 P2=   0 T1=1022 T2= 893  P= 757  D=  -1 
 X= 820 X2=1023  Y= 704 Y2= 700 P1= 837 P2= 256 T1=1023 T2=  20  P= 757  D=  -1 
 X= 871 X2=1023  Y= 963 Y2=1021 P1=1023 P2=   0 T1=1023 T2= 888  P= 757  D=  -1 
 X= 955 X2= 995  Y= 965 Y2=1022 P1=1023 P2=   0 T1=1023 T2= 894  P= 757  D=  -1 
 X= 972 X2=1006  Y= 962 Y2=1021 P1= 990 P2= 145 T1=1023 T2=  25  P= 757  D=  -1 
 X= 234 X2= 235  Y= 706 Y2= 702 P1= 861 P2= 222 T1=  27 T2=  24  P= 673  D=  -1 * 0
 X= 997 X2=1011  Y= 960 Y2=1022 P1=1023 P2=   0 T1=1023 T2=  57  P= 673  D=  -1 
 X= 251 X2= 252  Y= 714 Y2= 710 P1= 904 P2= 169 T1=  43 T2=  30  P= 673  D=  -1 
 X= 260 X2= 261  Y= 719 Y2= 714 P1= 911 P2= 155 T1=  51 T2=  36  P= 673  D=  -1 
 X= 240 X2= 242  Y= 710 Y2= 705 P1= 896 P2= 174 T1=  30 T2=  31  P= 999  D=  -1 * 0
 X= 242 X2= 247  Y= 711 Y2= 708 P1= 904 P2= 164 T1=  34 T2=  33  P=1100  D=  -1 
 X= 241 X2= 243  Y= 710 Y2= 705 P1= 898 P2= 170 T1=  32 T2=  33  P=1036  D=  -1 
 X= 237 X2= 244  Y= 709 Y2= 705 P1= 888 P2= 182 T1=  29 T2=  29  P= 930  D=  -1 * 0
 X= 238 X2= 240  Y= 709 Y2= 705 P1= 889 P2= 183 T1=  28 T2=  29  P= 921  D=  -1 * 0
 X= 238 X2= 241  Y= 709 Y2= 704 P1= 888 P2= 185 T1=  29 T2=  29  P= 908  D=  -1 * 1
 X= 239 X2= 242  Y= 709 Y2= 705 P1= 892 P2= 179 T1=  30 T2=  31  P= 955  D=  -1 * 2
 X= 239 X2= 241  Y= 709 Y2= 705 P1= 891 P2= 182 T1=  30 T2=  30  P= 934  D=  -1 * 3
 X= 239 X2= 241  Y= 709 Y2= 705 P1= 890 P2= 180 T1=  30 T2=  30  P= 946  D=  -1 * 4
 X= 239 X2= 241  Y= 710 Y2= 706 P1= 891 P2= 181 T1=  31 T2=  30  P= 941  D=  -1 
 X= 239 X2= 242  Y= 710 Y2= 705 P1= 891 P2= 181 T1=  31 T2=  30  P= 941  D=  -1 
 X= 239 X2= 241  Y= 709 Y2= 706 P1= 891 P2= 180 T1=  30 T2=  30  P= 948  D=  -1 * 5
 X= 238 X2= 242  Y= 709 Y2= 705 P1= 891 P2= 181 T1=  30 T2=  30  P= 941  D=  -1 * 6
 X= 240 X2= 241  Y= 709 Y2= 705 P1= 891 P2= 181 T1=  30 T2=  30  P= 941  D=  -1 * 7
 X= 239 X2= 240  Y= 710 Y2= 705 P1= 891 P2= 181 T1=  30 T2=  30  P= 937  D=  -1 * 8
 X= 240 X2= 241  Y= 709 Y2= 704 P1= 890 P2= 180 T1=  30 T2=  30  P= 946  D=  -1 * 9
 X= 239 X2= 242  Y= 709 Y2= 705 P1= 891 P2= 182 T1=  31 T2=  31  P= 934  D=  -1 
 X= 239 X2= 241  Y= 709 Y2= 705 P1= 891 P2= 181 T1=  31 T2=  30  P= 941  D=  -1 
 X= 238 X2= 243  Y= 709 Y2= 705 P1= 890 P2= 182 T1=  30 T2=  30  P= 933  D=  -1 * 10
 X= 238 X2= 241  Y= 709 Y2= 705 P1= 890 P2= 181 T1=  31 T2=  30  P= 936  D=  -1 
 X= 242 X2= 241  Y= 709 Y2= 705 P1= 891 P2= 182 T1=  30 T2=  29  P= 938  D=  -1 * 11
 X= 239 X2= 241  Y= 709 Y2= 705 P1= 890 P2= 181 T1=  30 T2=  30  P= 940  D=  -1 * 12
 X= 239 X2= 242  Y= 709 Y2= 705 P1= 891 P2= 182 T1=  30 T2=  31  P= 934  D=  -1 * 13
 X= 239 X2= 240  Y= 709 Y2= 704 P1= 889 P2= 182 T1=  31 T2=  30  P= 928  D=  -1 
 X= 241 X2= 241  Y= 709 Y2= 705 P1= 890 P2= 181 T1=  31 T2=  29  P= 943  D=  -1 
 X= 239 X2= 241  Y= 709 Y2= 704 P1= 891 P2= 182 T1=  30 T2=  30  P= 934  D=  -1 * 14
 X= 240 X2= 242  Y= 710 Y2= 705 P1= 890 P2= 182 T1=  30 T2=  30  P= 937  D=  -1 * 15
 X= 239 X2= 241  Y= 709 Y2= 705 P1= 890 P2= 182 T1=  30 T2=  30  P= 933  D=  -1 * 16
 X= 239 X2= 241  Y= 709 Y2= 704 P1= 891 P2= 182 T1=  29 T2=  30  P= 934  D=  -1 * 17
 X= 239 X2= 242  Y= 709 Y2= 704 P1= 890 P2= 182 T1=  30 T2=  30  P= 933  D=  -1 * 18
 X= 237 X2= 240  Y= 709 Y2= 705 P1= 889 P2= 182 T1=  30 T2=  30  P= 924  D=  -1 * 19
 X= 239 X2= 241  Y= 709 Y2= 705 P1= 890 P2= 182 T1=  30 T2=  31  P= 933  D=  -1 * 20
 X= 239 X2= 241  Y= 709 Y2= 705 P1= 890 P2= 182 T1=  30 T2=  31  P= 933  D=  -1 * 21
 X= 233 X2= 234  Y= 706 Y2= 701 P1= 863 P2= 218 T1=  24 T2=  24  P= 689  D=  -1 * 22
 X= 876 X2=1023  Y= 958 Y2=1022 P1=1023 P2=   0 T1=1023 T2= 883  P= 689  D=  -1 
 X= 930 X2=1023  Y= 975 Y2=1022 P1=1023 P2=   0 T1=1023 T2= 877  P= 689  D=  -1 
 X= 853 X2=1017  Y= 975 Y2=1023 P1=1023 P2=   0 T1=1023 T2= 833  P= 689  D=  -1 
 X= 918 X2=1023  Y= 968 Y2=1023 P1=1023 P2=   0 T1=1023 T2= 887  P= 689  D=  -1 
 X= 817 X2=1023  Y= 970 Y2=1021 P1=1023 P2=   0 T1=1023 T2= 909  P= 689  D=  -1 
 X= 857 X2=1016  Y= 968 Y2=1021 P1=1023 P2=   0 T1=1022 T2= 870  P= 689  D=  -1 
 X= 952 X2=1011  Y= 973 Y2=1023 P1=1023 P2=   0 T1=1023 T2= 892  P= 689  D=  -1 
 X= 922 X2=1023  Y= 971 Y2=1022 P1=1023 P2=   0 T1=1023 T2= 894  P= 689  D=  -1 
 X=1023 X2= 994  Y= 974 Y2=1022 P1=1023 P2=   0 T1=1023 T2= 903  P= 689  D=  -1 
 X= 811 X2=1023  Y= 972 Y2=1022 P1=1023 P2=   0 T1=1023 T2= 890  P= 689  D=  -1 
 X= 795 X2=1023  Y= 982 Y2=1022 P1=1023 P2=   0 T1=1023 T2= 901  P= 689  D=  -1 
 X=1023 X2=1002  Y= 971 Y2=1022 P1=1023 P2=   0 T1=1023 T2= 885  P= 689  D=  -1 
 X= 877 X2=1023  Y= 972 Y2=1021 P1=1023 P2=   0 T1=1023 T2= 898  P= 689  D=  -1 
 X= 751 X2=1023  Y= 977 Y2=1022 P1=1023 P2=   0 T1=1023 T2= 894  P= 689  D=  -1 
 X=1023 X2=1008  Y= 966 Y2=1021 P1=1023 P2=   0 T1=1022 T2= 890  P= 689  D=  -1 
 X= 967 X2= 999  Y= 969 Y2=1022 P1=1023 P2=   0 T1=1022 T2= 857  P= 689  D=  -1 
 X= 933 X2=1023  Y= 964 Y2=1022 P1=1023 P2=   0 T1=1023 T2= 894  P= 689  D=  -1 
 X= 909 X2=1022  Y= 981 Y2=1022 P1=1023 P2=   0 T1=1023 T2= 875  P= 689  D=  -1 
 X=1023 X2=1009  Y= 970 Y2=1022 P1=1023 P2=   0 T1=1022 T2= 889  P= 689  D=  -1 
 X=1023 X2=1019  Y= 979 Y2=1022 P1=1023 P2=   0 T1=1023 T2= 916  P= 689  D=  -1 
 X=1023 X2=1001  Y= 960 Y2=1022 P1=1023 P2=   0 T1=1023 T2= 877  P= 689  D=  -1 
 X= 841 X2=1023  Y= 967 Y2=1022 P1=1023 P2=   0 T1=1023 T2= 909  P= 689  D=  -1 
 X= 867 X2=1000  Y= 976 Y2=1023 P1=1023 P2=   0 T1=1022 T2= 912  P= 689  D=  -1 
 X=1022 X2=1012  Y= 963 Y2=1022 P1=1023 P2=   0 T1=1023 T2= 886  P= 689  D=  -1 
 X= 967 X2= 999  Y= 969 Y2=1022 P1=1023 P2=   0 T1=1023 T2= 880  P= 689  D=  -1 
 X=1021 X2=1023  Y=1022 Y2=1023 P1=1023 P2=   0 T1=1023 T2=1021  P= 689  D=  -1 
 X= 857 X2=1023  Y= 968 Y2=1021 P1=1023 P2=   0 T1=1023 T2= 899  P= 689  D=  -1 
 X= 978 X2= 979  Y= 965 Y2=1022 P1=1023 P2=   0 T1=1023 T2= 869  P= 689  D=  -1 
 X= 887 X2=1023  Y= 976 Y2=1022 P1=1023 P2=   0 T1=1023 T2= 882  P= 689  D=  -1 
 X= 875 X2=1023  Y= 959 Y2=1022 P1=1023 P2=   0 T1=1023 T2= 902  P= 689  D=  -1 
 X= 957 X2=1014  Y= 961 Y2=1023 P1=1023 P2=   0 T1=1023 T2= 889  P= 689  D=  -1 
 X= 883 X2=1018  Y= 970 Y2=1022 P1=1023 P2=   0 T1=1022 T2= 894  P= 689  D=  -1 
 X= 905 X2=1018  Y= 966 Y2=1023 P1=1023 P2=   0 T1=1023 T2= 893  P= 689  D=  -1 
 X= 967 X2=1013  Y= 959 Y2=1022 P1=1023 P2=   0 T1=1022 T2= 890  P= 689  D=  -1 
 X= 966 X2= 977  Y= 962 Y2=1023 P1=1023 P2=   0 T1=1023 T2= 870  P= 689  D=  -1 
 X= 783 X2=1023  Y= 970 Y2=1021 P1=1023 P2=   0 T1=1023 T2= 881  P= 689  D=  -1 
 X= 922 X2=1022  Y= 970 Y2=1022 P1=1023 P2=   0 T1=1023 T2= 891  P= 689  D=  -1 
 X= 878 X2=1016  Y= 968 Y2=1023 P1=1023 P2=   0 T1=1023 T2= 891  P= 689  D=  -1 
 X= 773 X2=1023  Y= 954 Y2=1022 P1=1023 P2=   0 T1=1023 T2= 893  P= 689  D=  -1 
 X= 831 X2=1023  Y= 966 Y2=1022 P1=1023 P2=   0 T1=1023 T2= 889  P= 689  D=  -1 
 X= 920 X2=1019  Y= 971 Y2=1023 P1=1023 P2=   0 T1=1023 T2= 908  P= 689  D=  -1 
 X= 860 X2=1016  Y= 963 Y2=1023 P1=1023 P2=   0 T1=1022 T2= 895  P= 689  D=  -1 
 X= 910 X2= 986  Y= 971 Y2=1021 P1=1023 P2=   0 T1=1023 T2= 891  P= 689  D=  -1 
 X= 916 X2=1023  Y= 975 Y2=1022 P1=1023 P2=   0 T1=1023 T2= 916  P= 689  D=  -1 
 X= 859 X2=1023  Y= 963 Y2=1022 P1=1023 P2=   0 T1=1023 T2= 889  P= 689  D=  -1 
 X= 937 X2=1023  Y= 964 Y2=1022 P1=1023 P2=   0 T1=1022 T2= 877  P= 689  D=  -1 
 X= 904 X2=1021  Y= 971 Y2=1022 P1=1023 P2=   0 T1=1023 T2= 896  P= 689  D=  -1 
 X= 909 X2=1008  Y= 976 Y2=1023 P1=1023 P2=   0 T1=1023 T2= 886  P= 689  D=  -1 
 X= 900 X2=1023  Y= 963 Y2=1022 P1=1023 P2=   0 T1=1023 T2= 883  P= 689  D=  -1 
 X= 968 X2=1002  Y= 970 Y2=1022 P1=1023 P2=   0 T1=1023 T2= 877  P= 689  D=  -1 
 X= 926 X2=1013  Y= 974 Y2=1023 P1=1023 P2=   0 T1=1021 T2= 900  P= 689  D=  -1 
 X= 843 X2=1023  Y= 966 Y2=1022 P1=1023 P2=   0 T1=1023 T2= 882  P= 689  D=  -1 
 X= 918 X2=1013  Y= 972 Y2=1021 P1=1023 P2=   0 T1=1023 T2= 882  P= 689  D=  -1 
 X= 902 X2=1023  Y= 957 Y2=1022 P1=1023 P2=   0 T1=1023 T2= 885  P= 689  D=  -1 
 X= 925 X2= 990  Y= 956 Y2=1022 P1=1023 P2=   0 T1=1023 T2= 897  P= 689  D=  -1 
 X= 935 X2=1022  Y= 971 Y2=1021 P1=1023 P2=   0 T1=1023 T2= 901  P= 689  D=  -1 
 X= 848 X2=1017  Y= 972 Y2=1022 P1=1023 P2=   0 T1=1023 T2= 846  P= 689  D=  -1 
 X= 809 X2=1023  Y= 968 Y2=1022 P1=1023 P2=   0 T1=1023 T2= 893  P= 689  D=  -1 
 X= 994 X2= 996  Y= 963 Y2=1022 P1=1023 P2=   0 T1=1023 T2= 898  P= 689  D=  -1 
 X= 965 X2=1005  Y= 967 Y2=1022 P1=1023 P2=   0 T1=1023 T2= 886  P= 689  D=  -1 
 X= 952 X2= 986  Y= 973 Y2=1022 P1=1023 P2=   0 T1=1023 T2= 873  P= 689  D=  -1 
 X=1010 X2=1006  Y= 964 Y2=1021 P1=1023 P2=   0 T1=1023 T2= 894  P= 689  D=  -1 
 X=1023 X2=1009  Y= 962 Y2=1022 P1=1023 P2=   0 T1=1023 T2= 879  P= 689  D=  -1 
 X= 846 X2=1023  Y= 969 Y2=1022 P1=1023 P2=   0 T1=1023 T2= 899  P= 689  D=  -1 
 X= 854 X2=1023  Y= 964 Y2=1022 P1=1023 P2=   0 T1=1023 T2= 882  P= 689  D=  -1 
 X= 912 X2=1007  Y= 958 Y2=1023 P1=1023 P2=   0 T1=1022 T2= 900  P= 689  D=  -1 
 X= 912 X2=1017  Y= 976 Y2=1023 P1=1023 P2=   0 T1=1023 T2= 900  P= 689  D=  -1 
 X=1013 X2=1012  Y= 965 Y2=1022 P1=1023 P2=   0 T1=1023 T2= 869  P= 689  D=  -1 
 X= 967 X2=1013  Y= 967 Y2=1022 P1=1023 P2=   0 T1=1023 T2= 876  P= 689  D=  -1 
 X= 964 X2=1008  Y= 956 Y2=1023 P1=1023 P2=   0 T1=1023 T2= 906  P= 689  D=  -1 
 X= 918 X2=1023  Y= 966 Y2=1022 P1=1023 P2=   0 T1=1023 T2= 881  P= 689  D=  -1 
 X= 922 X2=1022  Y= 966 Y2=1021 P1=1023 P2=   0 T1=1023 T2= 901  P= 689  D=  -1 
 X= 873 X2=1023  Y= 963 Y2=1022 P1=1023 P2=   0 T1=1022 T2= 941  P= 689  D=  -1 
 X= 889 X2=1023  Y= 965 Y2=1021 P1=1023 P2=   0 T1=1023 T2= 871  P= 689  D=  -1 
 X= 933 X2=1012  Y= 966 Y2=1022 P1=1023 P2=   0 T1=1023 T2= 908  P= 689  D=  -1 
 X= 832 X2=1023  Y= 962 Y2=1022 P1=1023 P2=   0 T1=1023 T2= 895  P= 689  D=  -1 
 X= 885 X2=1023  Y= 969 Y2=1022 P1=1023 P2=   0 T1=1023 T2= 885  P= 689  D=  -1 
 X=1023 X2=1011  Y= 972 Y2=1023 P1=1023 P2=   0 T1=1022 T2= 873  P= 689  D=  -1 
 X= 951 X2= 998  Y= 973 Y2=1022 P1=1023 P2=   0 T1=1023 T2= 891  P= 689  D=  -1 
 X= 881 X2=1023  Y= 978 Y2=1022 P1=1023 P2=   0 T1=1023 T2= 913  P= 689  D=  -1 
 X= 902 X2=1022  Y= 973 Y2=1021 P1=1023 P2=   0 T1=1023 T2= 874  P= 689  D=  -1 
 X= 918 X2=1023  Y= 966 Y2=1022 P1=1023 P2=   0 T1=1023 T2= 854  P= 689  D=  -1 
 X= 844 X2=1023  Y= 963 Y2=1021 P1=1023 P2=   0 T1=1023 T2= 881  P= 689  D=  -1 
 X= 837 X2=1023  Y= 963 Y2=1021 P1=1023 P2=   0 T1=1023 T2= 887  P= 689  D=  -1 
 X= 916 X2=1013  Y= 966 Y2=1022 P1=1023 P2=   0 T1=1023 T2= 887  P= 689  D=  -1 
 X= 880 X2=1017  Y= 959 Y2=1022 P1=1023 P2=   0 T1=1023 T2= 872  P= 689  D=  -1 
 X= 916 X2=1020  Y= 965 Y2=1022 P1=1023 P2=   0 T1=1023 T2= 895  P= 689  D=  -1 
 X=1020 X2=1008  Y= 966 Y2=1022 P1=1023 P2=   0 T1=1022 T2= 897  P= 689  D=  -1 
 X= 847 X2=1023  Y= 964 Y2=1022 P1=1023 P2=   0 T1=1022 T2= 886  P= 689  D=  -1 
 X= 893 X2= 983  Y= 972 Y2=1021 P1=1023 P2=   0 T1=1023 T2= 899  P= 689  D=  -1 
 X= 907 X2=1023  Y= 971 Y2=1021 P1=1023 P2=   0 T1=1023 T2= 883  P= 689  D=  -1 
 X= 925 X2=1023  Y= 960 Y2=1021 P1=1023 P2=   0 T1=1023 T2= 893  P= 689  D=  -1 
 X= 789 X2=1023  Y= 965 Y2=1021 P1=1023 P2=   0 T1=1022 T2= 890  P= 689  D=  -1 
 X= 711 X2=1023  Y= 972 Y2=1021 P1=1023 P2=   0 T1=1023 T2= 903  P= 689  D=  -1 
 X= 853 X2=1014  Y= 963 Y2=1023 P1=1023 P2=   0 T1=1022 T2= 892  P= 689  D=  -1 
 X= 925 X2=1023  Y= 962 Y2=1022 P1=1023 P2=   0 T1=1023 T2= 869  P= 689  D=  -1 
 X= 986 X2= 999  Y= 965 Y2=1022 P1=1023 P2=   0 T1=1022 T2= 888  P= 689  D=  -1 
 X= 918 X2=1023  Y= 996 Y2=1022 P1=1023 P2=   0 T1=1022 T2= 882  P= 689  D=  -1 
 X= 879 X2=1023  Y= 974 Y2=1022 P1=1023 P2=   0 T1=1023 T2= 887  P= 689  D=  -1 
 X= 939 X2=1021  Y= 962 Y2=1023 P1=1023 P2=   0 T1=1023 T2= 906  P= 689  D=  -1 
 X= 919 X2=1023  Y= 969 Y2=1023 P1=1023 P2=   0 T1=1022 T2= 875  P= 689  D=  -1 
 X= 723 X2=1010  Y= 969 Y2=1023 P1=1023 P2=   0 T1=1023 T2= 891  P= 689  D=  -1 
 X=1003 X2= 984  Y= 967 Y2=1023 P1=1023 P2=   0 T1=1023 T2= 898  P= 689  D=  -1 
 X= 857 X2=1017  Y= 970 Y2=1023 P1=1023 P2=   0 T1=1023 T2= 893  P= 689  D=  -1 
 X= 878 X2=1016  Y= 949 Y2=1023 P1=1023 P2=   0 T1=1023 T2= 886  P= 689  D=  -1 
 X= 913 X2=1023  Y= 955 Y2=1021 P1=1023 P2=   0 T1=1023 T2= 887  P= 689  D=  -1 
 X=1023 X2= 995  Y= 969 Y2=1022 P1=1023 P2=   0 T1=1023 T2= 894  P= 689  D=  -1 
 X= 859 X2=1023  Y= 971 Y2=1022 P1=1023 P2=   0 T1=1023 T2= 884  P= 689  D=  -1 
 X= 811 X2=1023  Y= 974 Y2=1022 P1=1023 P2=   0 T1=1023 T2= 889  P= 689  D=  -1 
 X= 926 X2=1010  Y= 962 Y2=1023 P1=1023 P2=   0 T1=1022 T2= 909  P= 689  D=  -1 
 X= 818 X2=1023  Y= 977 Y2=1022 P1=1023 P2=   0 T1=1023 T2= 873  P= 689  D=  -1 
 X= 863 X2=1023  Y= 981 Y2=1022 P1=1023 P2=   0 T1=1022 T2= 902  P= 689  D=  -1 
 X= 921 X2=1017  Y= 962 Y2=1023 P1=1023 P2=   0 T1=1023 T2= 891  P= 689  D=  -1 
 X= 857 X2=1017  Y= 965 Y2=1022 P1=1023 P2=   0 T1=1022 T2= 899  P= 689  D=  -1 
 X= 888 X2=1023  Y= 962 Y2=1022 P1=1023 P2=   0 T1=1023 T2= 900  P= 689  D=  -1 
 X= 928 X2= 988  Y= 960 Y2=1023 P1=1023 P2=   0 T1=1023 T2= 891  P= 689  D=  -1 
 X= 754 X2=1023  Y= 970 Y2=1022 P1=1023 P2=   0 T1=1023 T2= 889  P= 689  D=  -1 
 X= 933 X2=1023  Y= 966 Y2=1022 P1=1023 P2=   0 T1=1023 T2= 892  P= 689  D=  -1 
 X= 853 X2=1023  Y= 969 Y2=1021 P1=1023 P2=   0 T1=1023 T2= 875  P= 689  D=  -1 
 X= 895 X2=1018  Y= 971 Y2=1023 P1=1023 P2=   0 T1=1023 T2= 907  P= 689  D=  -1 
 X= 935 X2=1017  Y= 979 Y2=1022 P1=1023 P2=   0 T1=1023 T2= 882  P= 689  D=  -1 
 X= 877 X2=1017  Y= 970 Y2=1023 P1=1023 P2=   0 T1=1023 T2= 902  P= 689  D=  -1 
 X= 913 X2=1023  Y= 974 Y2=1022 P1=1023 P2=   0 T1=1023 T2= 912  P= 689  D=  -1 
 X= 886 X2=1022  Y= 975 Y2=1022 P1=1023 P2=   0 T1=1023 T2= 885  P= 689  D=  -1 
 X=1006 X2=1013  Y= 962 Y2=1022 P1=1023 P2=   0 T1=1023 T2= 889  P= 689  D=  -1 
 X= 918 X2= 993  Y= 965 Y2=1023 P1=1023 P2=   0 T1=1023 T2= 877  P= 689  D=  -1 
 X=1017 X2=1023  Y=1021 Y2=1023 P1=1023 P2=   0 T1=1023 T2=1007  P= 689  D=  -1 
 X= 879 X2=1015  Y= 962 Y2=1021 P1=1023 P2=   0 T1=1023 T2= 896  P= 689  D=  -1 
 X= 902 X2=1018  Y= 976 Y2=1023 P1=1023 P2=   0 T1=1023 T2= 884  P= 689  D=  -1 
 X= 750 X2=1023  Y= 969 Y2=1022 P1=1023 P2=   0 T1=1023 T2= 877  P= 689  D=  -1 
 X=1023 X2= 998  Y= 975 Y2=1022 P1=1023 P2=   0 T1=1023 T2= 908  P= 689  D=  -1 
 X= 918 X2=1013  Y= 968 Y2=1023 P1=1023 P2=   0 T1=1023 T2= 895  P= 689  D=  -1 
 X= 963 X2=1011  Y= 966 Y2=1022 P1=1023 P2=   0 T1=1022 T2= 890  P= 689  D=  -1 
 X= 934 X2=1023  Y= 968 Y2=1022 P1=1023 P2=   0 T1=1022 T2= 874  P= 689  D=  -1 
 X= 914 X2=1021  Y= 968 Y2=1022 P1=1023 P2=   0 T1=1023 T2= 907  P= 689  D=  -1 
 X= 906 X2=1012  Y= 960 Y2=1023 P1=1023 P2=   0 T1=1023 T2= 867  P= 689  D=  -1 
 X= 886 X2=1023  Y= 971 Y2=1022 P1=1023 P2=   0 T1=1022 T2= 889  P= 689  D=  -1 
 X= 981 X2=1013  Y= 969 Y2=1023 P1=1023 P2=   0 T1=1023 T2= 897  P= 689  D=  -1 
 X= 922 X2=1023  Y= 969 Y2=1022 P1=1023 P2=   0 T1=1022 T2= 904  P= 689  D=  -1 
 X= 916 X2=1017  Y= 967 Y2=1022 P1=1023 P2=   0 T1=1022 T2= 886  P= 689  D=  -1 
 X= 922 X2= 978  Y= 966 Y2=1022 P1=1023 P2=   0 T1=1023 T2= 890  P= 689  D=  -1 
 X= 981 X2= 990  Y= 966 Y2=1022 P1=1023 P2=   0 T1=1023 T2= 881  P= 689  D=  -1 
 X= 887 X2=1023  Y= 970 Y2=1022 P1=1023 P2=   0 T1=1023 T2= 876  P= 689  D=  -1 
 X= 910 X2=1023  Y= 962 Y2=1021 P1=1023 P2=   0 T1=1023 T2= 887  P= 689  D=  -1 
 X= 918 X2=1023  Y= 966 Y2=1021 P1=1023 P2=   0 T1=1023 T2= 906  P= 689  D=  -1 
 X= 855 X2=1023  Y= 961 Y2=1021 P1=1023 P2=   0 T1=1023 T2= 885  P= 689  D=  -1 
 X= 870 X2=1023  Y= 969 Y2=1022 P1=1023 P2=   0 T1=1022 T2= 874  P= 689  D=  -1 
 X= 782 X2=1023  Y= 954 Y2=1022 P1=1023 P2=   0 T1=1022 T2= 940  P= 689  D=  -1 
 X= 861 X2=1016  Y= 961 Y2=1022 P1=1023 P2=   0 T1=1023 T2= 885  P= 689  D=  -1 
 X= 928 X2= 995  Y= 972 Y2=1022 P1=1023 P2=   0 T1=1022 T2= 888  P= 689  D=  -1 
 X= 976 X2=1013  Y= 973 Y2=1022 P1=1023 P2=   0 T1=1021 T2= 884  P= 689  D=  -1 
 X= 842 X2=1023  Y= 974 Y2=1022 P1=1023 P2=   0 T1=1023 T2= 876  P= 689  D=  -1 
 X= 936 X2=1022  Y= 975 Y2=1022 P1=1023 P2=   0 T1=1023 T2= 881  P= 689  D=  -1 
 X=1023 X2=1007  Y= 979 Y2=1022 P1=1023 P2=   0 T1=1022 T2= 903  P= 689  D=  -1 
 X= 924 X2=1023  Y= 976 Y2=1022 P1=1023 P2=   0 T1=1022 T2= 882  P= 689  D=  -1 
 X= 847 X2=1023  Y= 965 Y2=1022 P1=1023 P2=   0 T1=1023 T2= 889  P= 689  D=  -1 
 X= 961 X2=1006  Y= 967 Y2=1022 P1=1023 P2=   0 T1=1023 T2= 886  P= 689  D=  -1 
 X= 964 X2=1009  Y= 970 Y2=1023 P1=1023 P2=   0 T1=1023 T2= 887  P= 689  D=  -1 
 X= 925 X2=1023  Y= 972 Y2=1022 P1=1023 P2=   0 T1=1023 T2= 900  P= 689  D=  -1 
 X= 854 X2=1016  Y= 970 Y2=1023 P1=1023 P2=   0 T1=1023 T2= 891  P= 689  D=  -1 
 X= 951 X2=1021  Y= 961 Y2=1021 P1=1023 P2=   0 T1=1023 T2= 910  P= 689  D=  -1 
 X= 806 X2=1023  Y= 973 Y2=1022 P1=1023 P2=   0 T1=1023 T2= 903  P= 689  D=  -1 
 X= 867 X2=1023  Y= 973 Y2=1022 P1=1023 P2=   0 T1=1023 T2= 885  P= 689  D=  -1 
 X= 862 X2=1016  Y= 963 Y2=1021 P1=1023 P2=   0 T1=1023 T2= 904  P= 689  D=  -1 
 X= 927 X2=1023  Y= 976 Y2=1023 P1=1023 P2=   0 T1=1023 T2= 899  P= 689  D=  -1 
 X=1023 X2=1008  Y= 959 Y2=1021 P1=1023 P2=   0 T1=1023 T2= 891  P= 689  D=  -1 
 X= 851 X2=1015  Y= 964 Y2=1023 P1=1023 P2=   0 T1=1021 T2= 900  P= 689  D=  -1 
 X= 926 X2=1018  Y= 969 Y2=1021 P1=1023 P2=   0 T1=1023 T2= 862  P= 689  D=  -1 
 X= 897 X2=1023  Y= 972 Y2=1021 P1=1023 P2=   0 T1=1023 T2= 887  P= 689  D=  -1 
 X= 925 X2= 985  Y= 959 Y2=1022 P1=1023 P2=   0 T1=1023 T2= 886  P= 689  D=  -1 
 X= 814 X2=1023  Y= 974 Y2=1022 P1=1023 P2=   0 T1=1022 T2= 874  P= 689  D=  -1 
 X= 819 X2=1023  Y= 972 Y2=1021 P1=1023 P2=   0 T1=1022 T2= 893  P= 689  D=  -1 
 X= 901 X2=1023  Y= 979 Y2=1022 P1=1023 P2=   0 T1=1023 T2= 909  P= 689  D=  -1 
 X= 744 X2=1023  Y= 977 Y2=1021 P1=1023 P2=   0 T1=1023 T2= 891  P= 689  D=  -1 
 X=1023 X2=1014  Y= 980 Y2=1022 P1=1023 P2=   0 T1=1023 T2= 888  P= 689  D=  -1 
 X= 998 X2= 981  Y= 963 Y2=1022 P1=1023 P2=   0 T1=1022 T2= 896  P= 689  D=  -1 
 X= 968 X2=1008  Y= 974 Y2=1022 P1=1023 P2=   0 T1=1023 T2= 904  P= 689  D=  -1 
 X= 232 X2= 234  Y= 707 Y2= 702 P1= 867 P2= 213 T1=  28 T2=  25  P= 715  D=  -1 * 23
 X=1023 X2=1005  Y= 974 Y2=1022 P1=1023 P2=   0 T1=1023 T2= 873  P= 715  D=  -1 
 X= 249 X2= 255  Y= 715 Y2= 711 P1= 914 P2= 163 T1=  42 T2=  31  P= 715  D=  -1 
 X= 240 X2= 241  Y= 711 Y2= 706 P1= 898 P2= 171 T1=  32 T2=  31  P=1020  D=  -1 
 X= 237 X2= 240  Y= 709 Y2= 705 P1= 892 P2= 179 T1=  28 T2=  30  P= 947  D=  -1 * 24
Remove Pin
 X= 239 X2= 241  Y= 710 Y2= 706 P1= 895 P2= 175 T1=  31 T2=  31  P= 987  D=  -1 
 X= 237 X2= 239  Y= 709 Y2= 705 P1= 890 P2= 182 T1=  29 T2=  29  P= 925  D=  -1 * 24
 X= 237 X2= 239  Y= 709 Y2= 704 P1= 887 P2= 187 T1=  28 T2=  28  P= 890  D=  -1 * 24
 X= 237 X2= 238  Y= 708 Y2= 704 P1= 885 P2= 190 T1=  27 T2=  28  P= 866  D=  -1 * 24
 X= 235 X2= 238  Y= 708 Y2= 703 P1= 882 P2= 193 T1=  28 T2=  28  P= 842  D=  -1 * 24
 X= 236 X2= 237  Y= 708 Y2= 704 P1= 883 P2= 191 T1=  27 T2=  27  P= 855  D=  -1 * 24
 X= 235 X2= 237  Y= 709 Y2= 704 P1= 882 P2= 193 T1=  27 T2=  28  P= 842  D=  -1 * 24
 X= 235 X2= 239  Y= 708 Y2= 704 P1= 883 P2= 193 T1=  27 T2=  27  P= 847  D=  -1 * 24
 X= 236 X2= 237  Y= 708 Y2= 704 P1= 883 P2= 192 T1=  27 T2=  27  P= 849  D=  -1 * 24
 X= 236 X2= 238  Y= 708 Y2= 704 P1= 882 P2= 192 T1=  28 T2=  27  P= 851  D=  -1 * 24
 X= 235 X2= 238  Y= 708 Y2= 704 P1= 882 P2= 193 T1=  27 T2=  28  P= 842  D=  -1 * 24
 X= 235 X2= 238  Y= 708 Y2= 703 P1= 882 P2= 193 T1=  28 T2=  28  P= 842  D=  -1 * 24
 X= 236 X2= 237  Y= 707 Y2= 704 P1= 882 P2= 194 T1=  27 T2=  27  P= 836  D=  -1 * 24
 X= 233 X2= 237  Y= 708 Y2= 703 P1= 881 P2= 194 T1=  28 T2=  28  P= 832  D=  -1 * 24
 X= 236 X2= 237  Y= 708 Y2= 703 P1= 881 P2= 194 T1=  27 T2=  27  P= 835  D=  -1 * 24
 X= 235 X2= 237  Y= 708 Y2= 704 P1= 881 P2= 195 T1=  27 T2=  27  P= 830  D=  -1 * 24
 X= 234 X2= 238  Y= 708 Y2= 704 P1= 880 P2= 195 T1=  27 T2=  27  P= 828  D=  -1 * 24
 X= 235 X2= 237  Y= 708 Y2= 704 P1= 881 P2= 195 T1=  28 T2=  26  P= 830  D=  -1 * 24
 X= 236 X2= 237  Y= 708 Y2= 703 P1= 881 P2= 194 T1=  28 T2=  27  P= 835  D=  -1 * 24
 X= 235 X2= 237  Y= 708 Y2= 704 P1= 881 P2= 194 T1=  28 T2=  27  P= 835  D=  -1 * 24
 X= 235 X2= 237  Y= 708 Y2= 704 P1= 881 P2= 194 T1=  27 T2=  27  P= 835  D=  -1 * 24
 X= 236 X2= 238  Y= 708 Y2= 704 P1= 881 P2= 194 T1=  25 T2=  28  P= 839  D=  -1 * 24
 X= 235 X2= 236  Y= 708 Y2= 704 P1= 881 P2= 194 T1=  27 T2=  27  P= 832  D=  -1 * 24
 X= 235 X2= 238  Y= 708 Y2= 704 P1= 881 P2= 195 T1=  27 T2=  27  P= 830  D=  -1 * 24
 X= 236 X2= 238  Y= 707 Y2= 704 P1= 881 P2= 195 T1=  28 T2=  27  P= 833  D=  -1 * 24
 X= 235 X2= 237  Y= 708 Y2= 703 P1= 881 P2= 194 T1=  27 T2=  28  P= 835  D=  -1 * 24
 X= 235 X2= 237  Y= 708 Y2= 703 P1= 881 P2= 195 T1=  27 T2=  27  P= 830  D=  -1 * 24
 X= 235 X2= 238  Y= 708 Y2= 704 P1= 881 P2= 195 T1=  27 T2=  28  P= 830  D=  -1 * 24
 X= 236 X2= 236  Y= 708 Y2= 704 P1= 881 P2= 194 T1=  27 T2=  27  P= 835  D=  -1 * 24
 X= 235 X2= 238  Y= 708 Y2= 704 P1= 881 P2= 195 T1=  27 T2=  27  P= 830  D=  -1 * 24
 X= 235 X2= 237  Y= 708 Y2= 704 P1= 880 P2= 195 T1=  27 T2=  27  P= 828  D=  -1 * 24
 X= 236 X2= 237  Y= 708 Y2= 704 P1= 881 P2= 195 T1=  27 T2=  27  P= 830  D=  -1 * 24
 X= 235 X2= 237  Y= 708 Y2= 704 P1= 880 P2= 195 T1=  27 T2=  28  P= 828  D=  -1 * 24
 X= 235 X2= 237  Y= 708 Y2= 703 P1= 880 P2= 195 T1=  27 T2=  27  P= 828  D=  -1 * 24
 X= 234 X2= 237  Y= 708 Y2= 703 P1= 879 P2= 195 T1=  27 T2=  27  P= 824  D=  -1 * 24
 X= 234 X2= 239  Y= 708 Y2= 704 P1= 880 P2= 195 T1=  27 T2=  27  P= 828  D=  -1 * 24
 X= 235 X2= 237  Y= 708 Y2= 704 P1= 881 P2= 195 T1=  27 T2=  28  P= 830  D=  -1 * 24
 X= 234 X2= 237  Y= 708 Y2= 705 P1= 880 P2= 195 T1=  26 T2=  27  P= 825  D=  -1 * 24
 X= 235 X2= 237  Y= 708 Y2= 704 P1= 878 P2= 195 T1=  27 T2=  27  P= 826  D=  -1 * 24
 X= 235 X2= 237  Y= 708 Y2= 704 P1= 880 P2= 194 T1=  27 T2=  27  P= 834  D=  -1 * 24
 X= 235 X2= 238  Y= 708 Y2= 703 P1= 880 P2= 195 T1=  27 T2=  27  P= 828  D=  -1 * 24
 X= 235 X2= 237  Y= 708 Y2= 704 P1= 880 P2= 195 T1=  27 T2=  27  P= 828  D=  -1 * 24
 X= 235 X2= 237  Y= 708 Y2= 704 P1= 880 P2= 195 T1=  28 T2=  27  P= 828  D=  -1 * 24
 X= 235 X2= 238  Y= 708 Y2= 703 P1= 881 P2= 196 T1=  27 T2=  27  P= 824  D=  -1 * 24
 X= 235 X2= 237  Y= 707 Y2= 704 P1= 880 P2= 195 T1=  27 T2=  26  P= 828  D=  -1 * 24
 X= 235 X2= 238  Y= 709 Y2= 704 P1= 880 P2= 195 T1=  27 T2=  26  P= 828  D=  -1 * 24
 X= 235 X2= 237  Y= 708 Y2= 704 P1= 880 P2= 195 T1=  27 T2=  27  P= 828  D=  -1 * 24
 X= 235 X2= 238  Y= 708 Y2= 704 P1= 881 P2= 196 T1=  27 T2=  27  P= 824  D=  -1 * 24
 X= 234 X2= 235  Y= 707 Y2= 703 P1= 874 P2= 204 T1=  26 T2=  26  P= 768  D=  -1 * 24
 X= 255 X2= 255  Y= 720 Y2= 715 P1= 906 P2= 172 T1=  43 T2=  37  P= 768  D=  -1 
 X=1023 X2= 991  Y= 976 Y2=1022 P1=1023 P2=   0 T1=1023 T2= 874  P= 768  D=  -1 
 X= 798 X2=1023  Y= 971 Y2=1023 P1=1023 P2=   0 T1=1023 T2= 896  P= 768  D=  -1 
 X= 819 X2=1023  Y= 959 Y2=1021 P1=1023 P2=   0 T1=1023 T2= 909  P= 768  D=  -1 
Target Noise  x= 2.50 y= 2.50
X[0]: Target=240   524/ 525/ 527 Stdev= 0.73 N= 24  Y[0]: Target=136   524/ 525/ 526 Stdev= 0.58 N= 24
X[1]: Target= 23   239/ 240/ 241 Stdev= 0.51 N= 24  Y[1]: Target= 22   344/ 345/ 346 Stdev= 0.53 N= 24
X[2]: Target=456   816/ 816/ 817 Stdev= 0.37 N= 24  Y[2]: Target= 22   341/ 342/ 343 Stdev= 0.56 N= 24
X[3]: Target=456   817/ 818/ 820 Stdev= 0.63 N= 24  Y[3]: Target=249   707/ 707/ 709 Stdev= 0.54 N= 24
X[4]: Target= 23   233/ 239/ 241 Stdev= 1.95 N= 24  Y[4]: Target=249   703/ 707/ 707 Stdev= 0.98 N= 24
N=24 Avg=18
min: 18 18 18 18 18 18 
max: 20 20 19 19 19 19 
N=24 Avg=28
min: 27 28 28 28 28 28 
max: 30 30 29 29 29 29 
N=24 Avg=16
min: 15 15 15 15 15 16 
max: 18 17 17 17 16 16 
N=24 Avg=21
min: 20 21 21 21 21 21 
max: 26 23 23 22 22 22 
N=24 Avg=29
min: 24 26 28 29 29 29 
max: 30 30 30 30 30 30 
Using TNT center offset = 23
TNT Plane Coef: a=-1187 b=  636 c= 306139
At  525, 524: Real=  19 Fit=  23 Offset=   0
At  240, 345: Real=  29 Fit=  27 Offset=   4
At  816, 341: Real=  16 Fit=  17 Offset=  -6
At  817, 707: Real=  22 Fit=  21 Offset=  -2
At  239, 706: Real=  30 Fit=  30 Offset=   7
Fit Points: 23, 31, 13, 17, 35,  center: 23
Setting for min_tnt_up:   523
Setting for max_tnt_down: 28 (V2:42)
Entering calib_pressure_mfg
Using default pressure curve
468 471 487 495 509 524 553 575 612 
Summary:
Setting for max_tnt_down:      28
3.7 setting for max_tnt_down:     -1
Setting for min_tnt_up:       523
Setting for max_delta_tnt:      5
3.8 setting for max_delta_tnt:     -1
Setting for delay_in_us:        1
Setting for y_delay_in_us:      1
Setting for tnt_delay_in_us:    1
Setting for pressure_curve:  468 471 487 495 509 524 553 575 612
Setting for tnt_mode:           1
Setting for averaging:         -1
Setting for pointercal:      49266 136 -10363769 286 41210 -12844483 65536
Setting for tnt_plane:       -1187 636 306139
